<?xml version="1.0" encoding="UTF-8"?>
<testsuite xmlns:xsi="http://www.w3.org/2001/XMLSchema-instance" xsi:noNamespaceSchemaLocation="https://maven.apache.org/surefire/maven-surefire-plugin/xsd/surefire-test-report-3.0.xsd" version="3.0" name="bloodbank.entity.TestCRUDDonationRecordOriginal" time="2.697" tests="2" errors="1" skipped="0" failures="0">
  <properties>
    <property name="sun.desktop" value="windows"/>
    <property name="awt.toolkit" value="sun.awt.windows.WToolkit"/>
    <property name="java.specification.version" value="11"/>
    <property name="sun.cpu.isalist" value="amd64"/>
    <property name="sun.jnu.encoding" value="Cp1252"/>
    <property name="java.class.path" value="C:\Users\Herman\Desktop\School\Level 4\Jave Enterprise Application\Assignment_3\BloodBank-JPA-Mapping-JUnit-Skeleton\target\test-classes;C:\Users\Herman\.m2\repository\org\junit\jupiter\junit-jupiter\5.7.0\junit-jupiter-5.7.0.jar;C:\Users\Herman\.m2\repository\org\junit\jupiter\junit-jupiter-api\5.7.0\junit-jupiter-api-5.7.0.jar;C:\Users\Herman\.m2\repository\org\apiguardian\apiguardian-api\1.1.0\apiguardian-api-1.1.0.jar;C:\Users\Herman\.m2\repository\org\opentest4j\opentest4j\1.2.0\opentest4j-1.2.0.jar;C:\Users\Herman\.m2\repository\org\junit\platform\junit-platform-commons\1.7.0\junit-platform-commons-1.7.0.jar;C:\Users\Herman\.m2\repository\org\junit\jupiter\junit-jupiter-params\5.7.0\junit-jupiter-params-5.7.0.jar;C:\Users\Herman\.m2\repository\org\junit\jupiter\junit-jupiter-engine\5.7.0\junit-jupiter-engine-5.7.0.jar;C:\Users\Herman\.m2\repository\org\junit\platform\junit-platform-engine\1.7.0\junit-platform-engine-1.7.0.jar;C:\Users\Herman\.m2\repository\org\hamcrest\hamcrest\2.2\hamcrest-2.2.jar;C:\Users\Herman\.m2\repository\org\hamcrest\hamcrest-library\2.2\hamcrest-library-2.2.jar;C:\Users\Herman\.m2\repository\org\hamcrest\hamcrest-core\2.2\hamcrest-core-2.2.jar;C:\Users\Herman\.m2\repository\org\apache\logging\log4j\log4j-core\2.14.0\log4j-core-2.14.0.jar;C:\Users\Herman\.m2\repository\org\jboss\logging\jboss-logging\3.4.1.Final\jboss-logging-3.4.1.Final.jar;C:\Users\Herman\.m2\repository\org\javassist\javassist\3.27.0-GA\javassist-3.27.0-GA.jar;C:\Users\Herman\.m2\repository\net\bytebuddy\byte-buddy\1.10.17\byte-buddy-1.10.17.jar;C:\Users\Herman\.m2\repository\antlr\antlr\2.7.7\antlr-2.7.7.jar;C:\Users\Herman\.m2\repository\org\jboss\spec\javax\transaction\jboss-transaction-api_1.2_spec\1.1.1.Final\jboss-transaction-api_1.2_spec-1.1.1.Final.jar;C:\Users\Herman\.m2\repository\org\jboss\jandex\2.1.3.Final\jandex-2.1.3.Final.jar;C:\Users\Herman\.m2\repository\com\fasterxml\classmate\1.5.1\classmate-1.5.1.jar;C:\Users\Herman\.m2\repository\javax\activation\javax.activation-api\1.2.0\javax.activation-api-1.2.0.jar;C:\Users\Herman\.m2\repository\org\dom4j\dom4j\2.1.3\dom4j-2.1.3.jar;C:\Users\Herman\.m2\repository\org\hibernate\common\hibernate-commons-annotations\5.1.2.Final\hibernate-commons-annotations-5.1.2.Final.jar;C:\Users\Herman\.m2\repository\javax\xml\bind\jaxb-api\2.3.1\jaxb-api-2.3.1.jar;C:\Users\Herman\.m2\repository\org\glassfish\jaxb\jaxb-runtime\2.3.1\jaxb-runtime-2.3.1.jar;C:\Users\Herman\.m2\repository\org\glassfish\jaxb\txw2\2.3.1\txw2-2.3.1.jar;C:\Users\Herman\.m2\repository\com\sun\istack\istack-commons-runtime\3.0.7\istack-commons-runtime-3.0.7.jar;C:\Users\Herman\.m2\repository\org\jvnet\staxex\stax-ex\1.8\stax-ex-1.8.jar;C:\Users\Herman\.m2\repository\com\sun\xml\fastinfoset\FastInfoset\1.2.15\FastInfoset-1.2.15.jar;C:\Users\Herman\.m2\repository\mysql\mysql-connector-java\8.0.23\mysql-connector-java-8.0.23.jar;C:\Users\Herman\.m2\repository\com\google\protobuf\protobuf-java\3.11.4\protobuf-java-3.11.4.jar;"/>
    <property name="java.vm.vendor" value="AdoptOpenJDK"/>
    <property name="sun.arch.data.model" value="64"/>
    <property name="user.variant" value=""/>
    <property name="java.vendor.url" value="https://adoptopenjdk.net/"/>
    <property name="user.timezone" value="America/New_York"/>
    <property name="java.vm.specification.version" value="11"/>
    <property name="os.name" value="Windows 10"/>
    <property name="sun.java.launcher" value="SUN_STANDARD"/>
    <property name="user.country" value="CA"/>
    <property name="sun.boot.library.path" value="C:\Program Files\AdoptOpenJDK\jdk-11.0.11.9-hotspot\bin"/>
    <property name="sun.java.command" value="org.apache.maven.surefire.booter.ForkedBooter C:\Users\Herman\AppData\Local\Temp\surefire18371099998671694897 2021-11-21T23-53-14_928-jvmRun1 surefire350140961489495685tmp surefire_01548292716285537178tmp"/>
    <property name="jdk.debug" value="release"/>
    <property name="surefire.test.class.path" value="C:\Users\Herman\Desktop\School\Level 4\Jave Enterprise Application\Assignment_3\BloodBank-JPA-Mapping-JUnit-Skeleton\target\test-classes;C:\Users\Herman\.m2\repository\org\junit\jupiter\junit-jupiter\5.7.0\junit-jupiter-5.7.0.jar;C:\Users\Herman\.m2\repository\org\junit\jupiter\junit-jupiter-api\5.7.0\junit-jupiter-api-5.7.0.jar;C:\Users\Herman\.m2\repository\org\apiguardian\apiguardian-api\1.1.0\apiguardian-api-1.1.0.jar;C:\Users\Herman\.m2\repository\org\opentest4j\opentest4j\1.2.0\opentest4j-1.2.0.jar;C:\Users\Herman\.m2\repository\org\junit\platform\junit-platform-commons\1.7.0\junit-platform-commons-1.7.0.jar;C:\Users\Herman\.m2\repository\org\junit\jupiter\junit-jupiter-params\5.7.0\junit-jupiter-params-5.7.0.jar;C:\Users\Herman\.m2\repository\org\junit\jupiter\junit-jupiter-engine\5.7.0\junit-jupiter-engine-5.7.0.jar;C:\Users\Herman\.m2\repository\org\junit\platform\junit-platform-engine\1.7.0\junit-platform-engine-1.7.0.jar;C:\Users\Herman\.m2\repository\org\hamcrest\hamcrest\2.2\hamcrest-2.2.jar;C:\Users\Herman\.m2\repository\org\hamcrest\hamcrest-library\2.2\hamcrest-library-2.2.jar;C:\Users\Herman\.m2\repository\org\hamcrest\hamcrest-core\2.2\hamcrest-core-2.2.jar;C:\Users\Herman\.m2\repository\org\apache\logging\log4j\log4j-core\2.14.0\log4j-core-2.14.0.jar;C:\Users\Herman\.m2\repository\org\jboss\logging\jboss-logging\3.4.1.Final\jboss-logging-3.4.1.Final.jar;C:\Users\Herman\.m2\repository\org\javassist\javassist\3.27.0-GA\javassist-3.27.0-GA.jar;C:\Users\Herman\.m2\repository\net\bytebuddy\byte-buddy\1.10.17\byte-buddy-1.10.17.jar;C:\Users\Herman\.m2\repository\antlr\antlr\2.7.7\antlr-2.7.7.jar;C:\Users\Herman\.m2\repository\org\jboss\spec\javax\transaction\jboss-transaction-api_1.2_spec\1.1.1.Final\jboss-transaction-api_1.2_spec-1.1.1.Final.jar;C:\Users\Herman\.m2\repository\org\jboss\jandex\2.1.3.Final\jandex-2.1.3.Final.jar;C:\Users\Herman\.m2\repository\com\fasterxml\classmate\1.5.1\classmate-1.5.1.jar;C:\Users\Herman\.m2\repository\javax\activation\javax.activation-api\1.2.0\javax.activation-api-1.2.0.jar;C:\Users\Herman\.m2\repository\org\dom4j\dom4j\2.1.3\dom4j-2.1.3.jar;C:\Users\Herman\.m2\repository\org\hibernate\common\hibernate-commons-annotations\5.1.2.Final\hibernate-commons-annotations-5.1.2.Final.jar;C:\Users\Herman\.m2\repository\javax\xml\bind\jaxb-api\2.3.1\jaxb-api-2.3.1.jar;C:\Users\Herman\.m2\repository\org\glassfish\jaxb\jaxb-runtime\2.3.1\jaxb-runtime-2.3.1.jar;C:\Users\Herman\.m2\repository\org\glassfish\jaxb\txw2\2.3.1\txw2-2.3.1.jar;C:\Users\Herman\.m2\repository\com\sun\istack\istack-commons-runtime\3.0.7\istack-commons-runtime-3.0.7.jar;C:\Users\Herman\.m2\repository\org\jvnet\staxex\stax-ex\1.8\stax-ex-1.8.jar;C:\Users\Herman\.m2\repository\com\sun\xml\fastinfoset\FastInfoset\1.2.15\FastInfoset-1.2.15.jar;C:\Users\Herman\.m2\repository\mysql\mysql-connector-java\8.0.23\mysql-connector-java-8.0.23.jar;C:\Users\Herman\.m2\repository\com\google\protobuf\protobuf-java\3.11.4\protobuf-java-3.11.4.jar;"/>
    <property name="sun.cpu.endian" value="little"/>
    <property name="user.home" value="C:\Users\Herman"/>
    <property name="user.language" value="en"/>
    <property name="java.specification.vendor" value="Oracle Corporation"/>
    <property name="jdk.module.path" value="C:\Users\Herman\Desktop\School\Level 4\Jave Enterprise Application\Assignment_3\BloodBank-JPA-Mapping-JUnit-Skeleton\target\classes;C:\Users\Herman\.m2\repository\org\apache\logging\log4j\log4j-api\2.14.0\log4j-api-2.14.0.jar;C:\Users\Herman\.m2\repository\org\hibernate\hibernate-core\5.4.27.Final\hibernate-core-5.4.27.Final.jar;C:\Users\Herman\.m2\repository\jakarta\platform\jakarta.jakartaee-api\8.0.0\jakarta.jakartaee-api-8.0.0.jar"/>
    <property name="java.version.date" value="2021-04-20"/>
    <property name="generateReports" value="false"/>
    <property name="java.home" value="C:\Program Files\AdoptOpenJDK\jdk-11.0.11.9-hotspot"/>
    <property name="file.separator" value="\"/>
    <property name="basedir" value="C:\Users\Herman\Desktop\School\Level 4\Jave Enterprise Application\Assignment_3\BloodBank-JPA-Mapping-JUnit-Skeleton"/>
    <property name="java.vm.compressedOopsMode" value="32-bit"/>
    <property name="line.separator" value="&#10;"/>
    <property name="java.specification.name" value="Java Platform API Specification"/>
    <property name="java.vm.specification.vendor" value="Oracle Corporation"/>
    <property name="java.awt.graphicsenv" value="sun.awt.Win32GraphicsEnvironment"/>
    <property name="surefire.real.class.path" value="C:\Users\Herman\.m2\repository\org\apache\maven\surefire\surefire-booter\3.0.0-M5\surefire-booter-3.0.0-M5.jar;C:\Users\Herman\.m2\repository\org\apache\maven\surefire\surefire-api\3.0.0-M5\surefire-api-3.0.0-M5.jar;C:\Users\Herman\.m2\repository\org\apache\maven\surefire\surefire-logger-api\3.0.0-M5\surefire-logger-api-3.0.0-M5.jar;C:\Users\Herman\.m2\repository\org\apache\maven\surefire\surefire-shared-utils\3.0.0-M4\surefire-shared-utils-3.0.0-M4.jar;C:\Users\Herman\.m2\repository\org\apache\maven\surefire\surefire-extensions-spi\3.0.0-M5\surefire-extensions-spi-3.0.0-M5.jar;C:\Users\Herman\Desktop\School\Level 4\Jave Enterprise Application\Assignment_3\BloodBank-JPA-Mapping-JUnit-Skeleton\target\test-classes;C:\Users\Herman\.m2\repository\org\junit\jupiter\junit-jupiter\5.7.0\junit-jupiter-5.7.0.jar;C:\Users\Herman\.m2\repository\org\junit\jupiter\junit-jupiter-api\5.7.0\junit-jupiter-api-5.7.0.jar;C:\Users\Herman\.m2\repository\org\apiguardian\apiguardian-api\1.1.0\apiguardian-api-1.1.0.jar;C:\Users\Herman\.m2\repository\org\opentest4j\opentest4j\1.2.0\opentest4j-1.2.0.jar;C:\Users\Herman\.m2\repository\org\junit\platform\junit-platform-commons\1.7.0\junit-platform-commons-1.7.0.jar;C:\Users\Herman\.m2\repository\org\junit\jupiter\junit-jupiter-params\5.7.0\junit-jupiter-params-5.7.0.jar;C:\Users\Herman\.m2\repository\org\junit\jupiter\junit-jupiter-engine\5.7.0\junit-jupiter-engine-5.7.0.jar;C:\Users\Herman\.m2\repository\org\junit\platform\junit-platform-engine\1.7.0\junit-platform-engine-1.7.0.jar;C:\Users\Herman\.m2\repository\org\hamcrest\hamcrest\2.2\hamcrest-2.2.jar;C:\Users\Herman\.m2\repository\org\hamcrest\hamcrest-library\2.2\hamcrest-library-2.2.jar;C:\Users\Herman\.m2\repository\org\hamcrest\hamcrest-core\2.2\hamcrest-core-2.2.jar;C:\Users\Herman\.m2\repository\org\apache\logging\log4j\log4j-core\2.14.0\log4j-core-2.14.0.jar;C:\Users\Herman\.m2\repository\org\jboss\logging\jboss-logging\3.4.1.Final\jboss-logging-3.4.1.Final.jar;C:\Users\Herman\.m2\repository\org\javassist\javassist\3.27.0-GA\javassist-3.27.0-GA.jar;C:\Users\Herman\.m2\repository\net\bytebuddy\byte-buddy\1.10.17\byte-buddy-1.10.17.jar;C:\Users\Herman\.m2\repository\antlr\antlr\2.7.7\antlr-2.7.7.jar;C:\Users\Herman\.m2\repository\org\jboss\spec\javax\transaction\jboss-transaction-api_1.2_spec\1.1.1.Final\jboss-transaction-api_1.2_spec-1.1.1.Final.jar;C:\Users\Herman\.m2\repository\org\jboss\jandex\2.1.3.Final\jandex-2.1.3.Final.jar;C:\Users\Herman\.m2\repository\com\fasterxml\classmate\1.5.1\classmate-1.5.1.jar;C:\Users\Herman\.m2\repository\javax\activation\javax.activation-api\1.2.0\javax.activation-api-1.2.0.jar;C:\Users\Herman\.m2\repository\org\dom4j\dom4j\2.1.3\dom4j-2.1.3.jar;C:\Users\Herman\.m2\repository\org\hibernate\common\hibernate-commons-annotations\5.1.2.Final\hibernate-commons-annotations-5.1.2.Final.jar;C:\Users\Herman\.m2\repository\javax\xml\bind\jaxb-api\2.3.1\jaxb-api-2.3.1.jar;C:\Users\Herman\.m2\repository\org\glassfish\jaxb\jaxb-runtime\2.3.1\jaxb-runtime-2.3.1.jar;C:\Users\Herman\.m2\repository\org\glassfish\jaxb\txw2\2.3.1\txw2-2.3.1.jar;C:\Users\Herman\.m2\repository\com\sun\istack\istack-commons-runtime\3.0.7\istack-commons-runtime-3.0.7.jar;C:\Users\Herman\.m2\repository\org\jvnet\staxex\stax-ex\1.8\stax-ex-1.8.jar;C:\Users\Herman\.m2\repository\com\sun\xml\fastinfoset\FastInfoset\1.2.15\FastInfoset-1.2.15.jar;C:\Users\Herman\.m2\repository\mysql\mysql-connector-java\8.0.23\mysql-connector-java-8.0.23.jar;C:\Users\Herman\.m2\repository\com\google\protobuf\protobuf-java\3.11.4\protobuf-java-3.11.4.jar;C:\Users\Herman\.m2\repository\org\apache\maven\surefire\surefire-junit-platform\3.0.0-M5\surefire-junit-platform-3.0.0-M5.jar;C:\Users\Herman\.m2\repository\org\apache\maven\surefire\common-java5\3.0.0-M5\common-java5-3.0.0-M5.jar;C:\Users\Herman\.m2\repository\org\junit\platform\junit-platform-launcher\1.7.0\junit-platform-launcher-1.7.0.jar"/>
    <property name="user.script" value=""/>
    <property name="sun.management.compiler" value="HotSpot 64-Bit Tiered Compilers"/>
    <property name="java.runtime.version" value="11.0.11+9"/>
    <property name="user.name" value="Herman"/>
    <property name="path.separator" value=";"/>
    <property name="os.version" value="10.0"/>
    <property name="java.runtime.name" value="OpenJDK Runtime Environment"/>
    <property name="file.encoding" value="Cp1252"/>
    <property name="java.vm.name" value="OpenJDK 64-Bit Server VM"/>
    <property name="java.vendor.version" value="AdoptOpenJDK-11.0.11+9"/>
    <property name="localRepository" value="C:\Users\Herman\.m2\repository"/>
    <property name="java.vendor.url.bug" value="https://github.com/AdoptOpenJDK/openjdk-support/issues"/>
    <property name="java.io.tmpdir" value="C:\Users\Herman\AppData\Local\Temp\"/>
    <property name="java.version" value="11.0.11"/>
    <property name="user.dir" value="C:\Users\Herman\Desktop\School\Level 4\Jave Enterprise Application\Assignment_3\BloodBank-JPA-Mapping-JUnit-Skeleton"/>
    <property name="os.arch" value="amd64"/>
    <property name="java.vm.specification.name" value="Java Virtual Machine Specification"/>
    <property name="java.awt.printerjob" value="sun.awt.windows.WPrinterJob"/>
    <property name="sun.os.patch.level" value=""/>
    <property name="java.library.path" value="C:\Program Files\AdoptOpenJDK\jdk-11.0.11.9-hotspot\bin;C:\WINDOWS\Sun\Java\bin;C:\WINDOWS\system32;C:\WINDOWS;C:/Program Files/AdoptOpenJDK/jdk-11.0.11.9-hotspot/bin/client;C:/Program Files/AdoptOpenJDK/jdk-11.0.11.9-hotspot/bin;C:\Program Files\AdoptOpenJDK\jdk-11.0.11.9-hotspot\bin;&quot;C:\Program Files\AdoptOpenJDK\jdk-11.0.11.9-hotspot\\bin;&quot;;C:\Program Files\Oculus\Support\oculus-runtime;C:\Windows\system32;C:\Windows;C:\Windows\System32\Wbem;C:\Windows\System32\WindowsPowerShell\v1.0\;C:\Windows\System32\OpenSSH\;C:\Program Files (x86)\NVIDIA Corporation\PhysX\Common;C:\Program Files\NVIDIA Corporation\NVIDIA NvDLISR;C:\WINDOWS\system32;C:\WINDOWS;C:\WINDOWS\System32\Wbem;C:\WINDOWS\System32\WindowsPowerShell\v1.0\;C:\WINDOWS\System32\OpenSSH\;C:\Program Files\Git\cmd;D:\javafx-sdk-11.0.2\bin;C:\Program Files\nodejs\;C:\Users\Herman\AppData\Local\Programs\Python\Python38;C:\Users\Herman\AppData\Local\Programs\Python\Python38\Scripts;C:\Program Files\MySQL\MySQL Shell 8.0\bin\;C:\Users\Herman\AppData\Local\Microsoft\WindowsApps;C:\Users\Herman\AppData\Local\Programs\Microsoft VS Code\bin;;C:\Program Files\JetBrains\PyCharm Community Edition 2021.2.1\bin;;C:\Users\Herman\AppData\Roaming\npm;C:\Users\Herman\Desktop;;."/>
    <property name="java.vm.info" value="mixed mode"/>
    <property name="java.vendor" value="AdoptOpenJDK"/>
    <property name="java.vm.version" value="11.0.11+9"/>
    <property name="sun.io.unicode.encoding" value="UnicodeLittle"/>
    <property name="java.class.version" value="55.0"/>
  </properties>
  <testcase name="testEmpty" classname="bloodbank.entity.TestCRUDDonationRecordOriginal" time="0.003">
    <system-out><![CDATA[2021-11-21T23:53:21,921|[TRACE] HibernatePersistenceProvider - Starting createEntityManagerFactory for persistenceUnitName bloodbank-PU
2021-11-21T23:53:21,921|[TRACE] HibernatePersistenceProvider - Attempting to obtain correct EntityManagerFactoryBuilder for persistenceUnitName : bloodbank-PU
2021-11-21T23:53:21,921|[TRACE] PersistenceXmlParser - Attempting to parse persistence.xml file : file:/C:/Users/Herman/Desktop/School/Level%204/Jave%20Enterprise%20Application/Assignment_3/BloodBank-JPA-Mapping-JUnit-Skeleton/target/classes/META-INF/persistence.xml
2021-11-21T23:53:21,925|[TRACE] ArchiveHelper - JAR URL from URL Entry: file:/C:/Users/Herman/Desktop/School/Level%204/Jave%20Enterprise%20Application/Assignment_3/BloodBank-JPA-Mapping-JUnit-Skeleton/target/classes/META-INF/persistence.xml >> file:/C:/Users/Herman/Desktop/School/Level%204/Jave%20Enterprise%20Application/Assignment_3/BloodBank-JPA-Mapping-JUnit-Skeleton/target/classes
2021-11-21T23:53:21,925|[TRACE] PersistenceXmlParser - Persistence unit name from persistence.xml : bloodbank-PU
2021-11-21T23:53:21,926|[DEBUG] HibernatePersistenceProvider - Located and parsed 1 persistence units; checking each
2021-11-21T23:53:21,926|[DEBUG] HibernatePersistenceProvider - Checking persistence-unit [name=bloodbank-PU, explicit-provider=org.hibernate.jpa.HibernatePersistenceProvider] against incoming persistence unit name [bloodbank-PU]
2021-11-21T23:53:21,926|[DEBUG] ProviderChecker - Persistence-unit [bloodbank-PU] requested PersistenceProvider [org.hibernate.jpa.HibernatePersistenceProvider]
2021-11-21T23:53:21,926|[TRACE] ProviderChecker - Checking requested PersistenceProvider name [org.hibernate.jpa.HibernatePersistenceProvider] against Hibernate provider names
2021-11-21T23:53:21,926|[DEBUG] LogHelper - PersistenceUnitInfo [
	name: bloodbank-PU
	persistence provider classname: org.hibernate.jpa.HibernatePersistenceProvider
	classloader: null
	excludeUnlistedClasses: false
	JTA datasource: null
	Non JTA datasource: null
	Transaction type: RESOURCE_LOCAL
	PU root URL: file:/C:/Users/Herman/Desktop/School/Level%204/Jave%20Enterprise%20Application/Assignment_3/BloodBank-JPA-Mapping-JUnit-Skeleton/target/classes
	Shared Cache Mode: null
	Validation Mode: null
	Jar files URLs []
	Managed classes names []
	Mapping files names []
	Properties [
		javax.persistence.schema-generation.drop-source: script
		hibernate.use_sql_comments: true
		javax.persistence.schema-generation.drop-script-source: META-INF/sql/bloodbank-drop.sql
		hibernate.hbm2ddl.import_files_sql_extractor: org.hibernate.tool.hbm2ddl.MultipleLinesSqlCommandExtractor
		javax.persistence.jdbc.user: cst8277
		javax.persistence.schema-generation.create-source: script
		hibernate.dialect: org.hibernate.dialect.MySQL8Dialect
		javax.persistence.jdbc.url: jdbc:mysql://localhost:3306/bloodbank?createDatabaseIfNotExist=true&zeroDateTimeBehavior=convertToNull
		javax.persistence.schema-generation.create-script-source: META-INF/sql/bloodbank-create.sql
		javax.persistence.jdbc.driver: com.mysql.cj.jdbc.Driver
		hibernate.format_sql: true
		javax.persistence.jdbc.password: 8277
		javax.persistence.schema-generation.database.action: drop-and-create]
2021-11-21T23:53:21,926|[DEBUG] IntegratorServiceImpl - Adding Integrator [org.hibernate.cfg.beanvalidation.BeanValidationIntegrator].
2021-11-21T23:53:21,926|[DEBUG] IntegratorServiceImpl - Adding Integrator [org.hibernate.secure.spi.JaccIntegrator].
2021-11-21T23:53:21,926|[DEBUG] IntegratorServiceImpl - Adding Integrator [org.hibernate.cache.internal.CollectionCacheInvalidator].
2021-11-21T23:53:21,926|[TRACE] StrategySelectorImpl - Registering named strategy selector [org.hibernate.resource.transaction.spi.TransactionCoordinatorBuilder] : [jdbc] -> [org.hibernate.resource.transaction.backend.jdbc.internal.JdbcResourceLocalTransactionCoordinatorBuilderImpl]
2021-11-21T23:53:21,926|[TRACE] StrategySelectorImpl - Registering named strategy selector [org.hibernate.resource.transaction.spi.TransactionCoordinatorBuilder] : [jta] -> [org.hibernate.resource.transaction.backend.jta.internal.JtaTransactionCoordinatorBuilderImpl]
2021-11-21T23:53:21,926|[TRACE] StrategySelectorImpl - Registering named strategy selector [org.hibernate.resource.transaction.spi.TransactionCoordinatorBuilder] : [org.hibernate.transaction.JDBCTransactionFactory] -> [org.hibernate.resource.transaction.backend.jdbc.internal.JdbcResourceLocalTransactionCoordinatorBuilderImpl]
2021-11-21T23:53:21,926|[TRACE] StrategySelectorImpl - Registering named strategy selector [org.hibernate.resource.transaction.spi.TransactionCoordinatorBuilder] : [org.hibernate.transaction.JTATransactionFactory] -> [org.hibernate.resource.transaction.backend.jta.internal.JtaTransactionCoordinatorBuilderImpl]
2021-11-21T23:53:21,926|[TRACE] StrategySelectorImpl - Registering named strategy selector [org.hibernate.resource.transaction.spi.TransactionCoordinatorBuilder] : [org.hibernate.transaction.CMTTransactionFactory] -> [org.hibernate.resource.transaction.backend.jta.internal.JtaTransactionCoordinatorBuilderImpl]
2021-11-21T23:53:21,926|[TRACE] StrategySelectorImpl - Registering named strategy selector [org.hibernate.hql.spi.id.MultiTableBulkIdStrategy] : [persistent] -> [org.hibernate.hql.spi.id.persistent.PersistentTableBulkIdStrategy]
2021-11-21T23:53:21,926|[TRACE] StrategySelectorImpl - Registering named strategy selector [org.hibernate.hql.spi.id.MultiTableBulkIdStrategy] : [global_temporary] -> [org.hibernate.hql.spi.id.global.GlobalTemporaryTableBulkIdStrategy]
2021-11-21T23:53:21,926|[TRACE] StrategySelectorImpl - Registering named strategy selector [org.hibernate.hql.spi.id.MultiTableBulkIdStrategy] : [local_temporary] -> [org.hibernate.hql.spi.id.local.LocalTemporaryTableBulkIdStrategy]
2021-11-21T23:53:21,926|[TRACE] StrategySelectorImpl - Registering named strategy selector [org.hibernate.boot.model.naming.ImplicitNamingStrategy] : [default] -> [org.hibernate.boot.model.naming.ImplicitNamingStrategyJpaCompliantImpl]
2021-11-21T23:53:21,926|[TRACE] StrategySelectorImpl - Registering named strategy selector [org.hibernate.boot.model.naming.ImplicitNamingStrategy] : [jpa] -> [org.hibernate.boot.model.naming.ImplicitNamingStrategyJpaCompliantImpl]
2021-11-21T23:53:21,926|[TRACE] StrategySelectorImpl - Registering named strategy selector [org.hibernate.boot.model.naming.ImplicitNamingStrategy] : [legacy-jpa] -> [org.hibernate.boot.model.naming.ImplicitNamingStrategyLegacyJpaImpl]
2021-11-21T23:53:21,926|[TRACE] StrategySelectorImpl - Registering named strategy selector [org.hibernate.boot.model.naming.ImplicitNamingStrategy] : [legacy-hbm] -> [org.hibernate.boot.model.naming.ImplicitNamingStrategyLegacyHbmImpl]
2021-11-21T23:53:21,926|[TRACE] StrategySelectorImpl - Registering named strategy selector [org.hibernate.boot.model.naming.ImplicitNamingStrategy] : [component-path] -> [org.hibernate.boot.model.naming.ImplicitNamingStrategyComponentPathImpl]
2021-11-21T23:53:21,926|[TRACE] StrategySelectorImpl - Registering named strategy selector [org.hibernate.cache.spi.CacheKeysFactory] : [default] -> [org.hibernate.cache.internal.DefaultCacheKeysFactory]
2021-11-21T23:53:21,926|[TRACE] StrategySelectorImpl - Registering named strategy selector [org.hibernate.cache.spi.CacheKeysFactory] : [simple] -> [org.hibernate.cache.internal.SimpleCacheKeysFactory]
2021-11-21T23:53:21,928|[DEBUG] ServiceBinding - Overriding existing service binding [org.hibernate.secure.spi.JaccService]
2021-11-21T23:53:21,928|[TRACE] AbstractServiceRegistryImpl - Initializing service [role=org.hibernate.engine.config.spi.ConfigurationService]
2021-11-21T23:53:21,928|[TRACE] AbstractServiceRegistryImpl - Initializing service [role=org.hibernate.cache.spi.RegionFactory]
2021-11-21T23:53:21,928|[DEBUG] RegionFactoryInitiator - Cannot default RegionFactory based on registered strategies as `[]` RegionFactory strategies were registered
2021-11-21T23:53:21,928|[DEBUG] RegionFactoryInitiator - Cache region factory : org.hibernate.cache.internal.NoCachingRegionFactory
2021-11-21T23:53:21,928|[DEBUG] BasicTypeRegistry - Adding type registration boolean -> org.hibernate.type.BooleanType@2b8bd14b
2021-11-21T23:53:21,928|[DEBUG] BasicTypeRegistry - Adding type registration boolean -> org.hibernate.type.BooleanType@2b8bd14b
2021-11-21T23:53:21,928|[DEBUG] BasicTypeRegistry - Adding type registration java.lang.Boolean -> org.hibernate.type.BooleanType@2b8bd14b
2021-11-21T23:53:21,928|[DEBUG] BasicTypeRegistry - Adding type registration numeric_boolean -> org.hibernate.type.NumericBooleanType@25a73de1
2021-11-21T23:53:21,928|[DEBUG] BasicTypeRegistry - Adding type registration true_false -> org.hibernate.type.TrueFalseType@26ae880a
2021-11-21T23:53:21,928|[DEBUG] BasicTypeRegistry - Adding type registration yes_no -> org.hibernate.type.YesNoType@3be4f71
2021-11-21T23:53:21,928|[DEBUG] BasicTypeRegistry - Adding type registration byte -> org.hibernate.type.ByteType@17814b1c
2021-11-21T23:53:21,928|[DEBUG] BasicTypeRegistry - Adding type registration byte -> org.hibernate.type.ByteType@17814b1c
2021-11-21T23:53:21,928|[DEBUG] BasicTypeRegistry - Adding type registration java.lang.Byte -> org.hibernate.type.ByteType@17814b1c
2021-11-21T23:53:21,928|[DEBUG] BasicTypeRegistry - Adding type registration character -> org.hibernate.type.CharacterType@15cea7b0
2021-11-21T23:53:21,928|[DEBUG] BasicTypeRegistry - Adding type registration char -> org.hibernate.type.CharacterType@15cea7b0
2021-11-21T23:53:21,928|[DEBUG] BasicTypeRegistry - Adding type registration java.lang.Character -> org.hibernate.type.CharacterType@15cea7b0
2021-11-21T23:53:21,928|[DEBUG] BasicTypeRegistry - Adding type registration short -> org.hibernate.type.ShortType@656d10a4
2021-11-21T23:53:21,928|[DEBUG] BasicTypeRegistry - Adding type registration short -> org.hibernate.type.ShortType@656d10a4
2021-11-21T23:53:21,928|[DEBUG] BasicTypeRegistry - Adding type registration java.lang.Short -> org.hibernate.type.ShortType@656d10a4
2021-11-21T23:53:21,928|[DEBUG] BasicTypeRegistry - Adding type registration integer -> org.hibernate.type.IntegerType@108531c2
2021-11-21T23:53:21,928|[DEBUG] BasicTypeRegistry - Adding type registration int -> org.hibernate.type.IntegerType@108531c2
2021-11-21T23:53:21,928|[DEBUG] BasicTypeRegistry - Adding type registration java.lang.Integer -> org.hibernate.type.IntegerType@108531c2
2021-11-21T23:53:21,928|[DEBUG] BasicTypeRegistry - Adding type registration long -> org.hibernate.type.LongType@2788d0fe
2021-11-21T23:53:21,928|[DEBUG] BasicTypeRegistry - Adding type registration long -> org.hibernate.type.LongType@2788d0fe
2021-11-21T23:53:21,928|[DEBUG] BasicTypeRegistry - Adding type registration java.lang.Long -> org.hibernate.type.LongType@2788d0fe
2021-11-21T23:53:21,928|[DEBUG] BasicTypeRegistry - Adding type registration float -> org.hibernate.type.FloatType@5cd61783
2021-11-21T23:53:21,928|[DEBUG] BasicTypeRegistry - Adding type registration float -> org.hibernate.type.FloatType@5cd61783
2021-11-21T23:53:21,928|[DEBUG] BasicTypeRegistry - Adding type registration java.lang.Float -> org.hibernate.type.FloatType@5cd61783
2021-11-21T23:53:21,928|[DEBUG] BasicTypeRegistry - Adding type registration double -> org.hibernate.type.DoubleType@769d513
2021-11-21T23:53:21,928|[DEBUG] BasicTypeRegistry - Adding type registration double -> org.hibernate.type.DoubleType@769d513
2021-11-21T23:53:21,928|[DEBUG] BasicTypeRegistry - Adding type registration java.lang.Double -> org.hibernate.type.DoubleType@769d513
2021-11-21T23:53:21,928|[DEBUG] BasicTypeRegistry - Adding type registration big_decimal -> org.hibernate.type.BigDecimalType@42435b98
2021-11-21T23:53:21,928|[DEBUG] BasicTypeRegistry - Adding type registration java.math.BigDecimal -> org.hibernate.type.BigDecimalType@42435b98
2021-11-21T23:53:21,928|[DEBUG] BasicTypeRegistry - Adding type registration big_integer -> org.hibernate.type.BigIntegerType@cb0f763
2021-11-21T23:53:21,928|[DEBUG] BasicTypeRegistry - Adding type registration java.math.BigInteger -> org.hibernate.type.BigIntegerType@cb0f763
2021-11-21T23:53:21,928|[DEBUG] BasicTypeRegistry - Adding type registration string -> org.hibernate.type.StringType@795fd838
2021-11-21T23:53:21,928|[DEBUG] BasicTypeRegistry - Adding type registration java.lang.String -> org.hibernate.type.StringType@795fd838
2021-11-21T23:53:21,928|[DEBUG] BasicTypeRegistry - Adding type registration nstring -> org.hibernate.type.StringNVarcharType@1704f67f
2021-11-21T23:53:21,928|[DEBUG] BasicTypeRegistry - Adding type registration ncharacter -> org.hibernate.type.CharacterNCharType@257cc1fc
2021-11-21T23:53:21,928|[DEBUG] BasicTypeRegistry - Adding type registration url -> org.hibernate.type.UrlType@61c76850
2021-11-21T23:53:21,928|[DEBUG] BasicTypeRegistry - Adding type registration java.net.URL -> org.hibernate.type.UrlType@61c76850
2021-11-21T23:53:21,928|[DEBUG] BasicTypeRegistry - Adding type registration Duration -> org.hibernate.type.DurationType@2d746ce4
2021-11-21T23:53:21,928|[DEBUG] BasicTypeRegistry - Adding type registration java.time.Duration -> org.hibernate.type.DurationType@2d746ce4
2021-11-21T23:53:21,928|[DEBUG] BasicTypeRegistry - Adding type registration Instant -> org.hibernate.type.InstantType@3ac04654
2021-11-21T23:53:21,928|[DEBUG] BasicTypeRegistry - Adding type registration java.time.Instant -> org.hibernate.type.InstantType@3ac04654
2021-11-21T23:53:21,928|[DEBUG] BasicTypeRegistry - Adding type registration LocalDateTime -> org.hibernate.type.LocalDateTimeType@562457e1
2021-11-21T23:53:21,928|[DEBUG] BasicTypeRegistry - Adding type registration java.time.LocalDateTime -> org.hibernate.type.LocalDateTimeType@562457e1
2021-11-21T23:53:21,928|[DEBUG] BasicTypeRegistry - Adding type registration LocalDate -> org.hibernate.type.LocalDateType@3721177d
2021-11-21T23:53:21,928|[DEBUG] BasicTypeRegistry - Adding type registration java.time.LocalDate -> org.hibernate.type.LocalDateType@3721177d
2021-11-21T23:53:21,928|[DEBUG] BasicTypeRegistry - Adding type registration LocalTime -> org.hibernate.type.LocalTimeType@630d1b2f
2021-11-21T23:53:21,928|[DEBUG] BasicTypeRegistry - Adding type registration java.time.LocalTime -> org.hibernate.type.LocalTimeType@630d1b2f
2021-11-21T23:53:21,928|[DEBUG] BasicTypeRegistry - Adding type registration OffsetDateTime -> org.hibernate.type.OffsetDateTimeType@4c2869a9
2021-11-21T23:53:21,928|[DEBUG] BasicTypeRegistry - Adding type registration java.time.OffsetDateTime -> org.hibernate.type.OffsetDateTimeType@4c2869a9
2021-11-21T23:53:21,928|[DEBUG] BasicTypeRegistry - Adding type registration OffsetTime -> org.hibernate.type.OffsetTimeType@35835fa
2021-11-21T23:53:21,928|[DEBUG] BasicTypeRegistry - Adding type registration java.time.OffsetTime -> org.hibernate.type.OffsetTimeType@35835fa
2021-11-21T23:53:21,928|[DEBUG] BasicTypeRegistry - Adding type registration ZonedDateTime -> org.hibernate.type.ZonedDateTimeType@621f89b8
2021-11-21T23:53:21,928|[DEBUG] BasicTypeRegistry - Adding type registration java.time.ZonedDateTime -> org.hibernate.type.ZonedDateTimeType@621f89b8
2021-11-21T23:53:21,928|[DEBUG] BasicTypeRegistry - Adding type registration date -> org.hibernate.type.DateType@35ff8fc9
2021-11-21T23:53:21,928|[DEBUG] BasicTypeRegistry - Adding type registration java.sql.Date -> org.hibernate.type.DateType@35ff8fc9
2021-11-21T23:53:21,928|[DEBUG] BasicTypeRegistry - Adding type registration time -> org.hibernate.type.TimeType@6e106680
2021-11-21T23:53:21,928|[DEBUG] BasicTypeRegistry - Adding type registration java.sql.Time -> org.hibernate.type.TimeType@6e106680
2021-11-21T23:53:21,928|[DEBUG] BasicTypeRegistry - Adding type registration timestamp -> org.hibernate.type.TimestampType@159a48a6
2021-11-21T23:53:21,928|[DEBUG] BasicTypeRegistry - Adding type registration java.sql.Timestamp -> org.hibernate.type.TimestampType@159a48a6
2021-11-21T23:53:21,928|[DEBUG] BasicTypeRegistry - Adding type registration java.util.Date -> org.hibernate.type.TimestampType@159a48a6
2021-11-21T23:53:21,928|[DEBUG] BasicTypeRegistry - Adding type registration dbtimestamp -> org.hibernate.type.DbTimestampType@7fc645e4
2021-11-21T23:53:21,928|[DEBUG] BasicTypeRegistry - Adding type registration calendar -> org.hibernate.type.CalendarType@3104f7bd
2021-11-21T23:53:21,928|[DEBUG] BasicTypeRegistry - Adding type registration java.util.Calendar -> org.hibernate.type.CalendarType@3104f7bd
2021-11-21T23:53:21,928|[DEBUG] BasicTypeRegistry - Adding type registration java.util.GregorianCalendar -> org.hibernate.type.CalendarType@3104f7bd
2021-11-21T23:53:21,928|[DEBUG] BasicTypeRegistry - Adding type registration calendar_date -> org.hibernate.type.CalendarDateType@258ee7de
2021-11-21T23:53:21,928|[DEBUG] BasicTypeRegistry - Adding type registration calendar_time -> org.hibernate.type.CalendarTimeType@256a1825
2021-11-21T23:53:21,928|[DEBUG] BasicTypeRegistry - Adding type registration locale -> org.hibernate.type.LocaleType@2b556bb2
2021-11-21T23:53:21,928|[DEBUG] BasicTypeRegistry - Adding type registration java.util.Locale -> org.hibernate.type.LocaleType@2b556bb2
2021-11-21T23:53:21,928|[DEBUG] BasicTypeRegistry - Adding type registration currency -> org.hibernate.type.CurrencyType@57d0fc89
2021-11-21T23:53:21,928|[DEBUG] BasicTypeRegistry - Adding type registration java.util.Currency -> org.hibernate.type.CurrencyType@57d0fc89
2021-11-21T23:53:21,928|[DEBUG] BasicTypeRegistry - Adding type registration timezone -> org.hibernate.type.TimeZoneType@29ea78b1
2021-11-21T23:53:21,928|[DEBUG] BasicTypeRegistry - Adding type registration java.util.TimeZone -> org.hibernate.type.TimeZoneType@29ea78b1
2021-11-21T23:53:21,928|[DEBUG] BasicTypeRegistry - Adding type registration class -> org.hibernate.type.ClassType@377008df
2021-11-21T23:53:21,928|[DEBUG] BasicTypeRegistry - Adding type registration java.lang.Class -> org.hibernate.type.ClassType@377008df
2021-11-21T23:53:21,928|[DEBUG] BasicTypeRegistry - Adding type registration uuid-binary -> org.hibernate.type.UUIDBinaryType@5a67e962
2021-11-21T23:53:21,928|[DEBUG] BasicTypeRegistry - Adding type registration java.util.UUID -> org.hibernate.type.UUIDBinaryType@5a67e962
2021-11-21T23:53:21,928|[DEBUG] BasicTypeRegistry - Adding type registration uuid-char -> org.hibernate.type.UUIDCharType@42f9c19a
2021-11-21T23:53:21,928|[DEBUG] BasicTypeRegistry - Adding type registration binary -> org.hibernate.type.BinaryType@2ba33e2c
2021-11-21T23:53:21,928|[DEBUG] BasicTypeRegistry - Adding type registration byte[] -> org.hibernate.type.BinaryType@2ba33e2c
2021-11-21T23:53:21,928|[DEBUG] BasicTypeRegistry - Adding type registration [B -> org.hibernate.type.BinaryType@2ba33e2c
2021-11-21T23:53:21,928|[DEBUG] BasicTypeRegistry - Adding type registration wrapper-binary -> org.hibernate.type.WrapperBinaryType@629ae7e
2021-11-21T23:53:21,928|[DEBUG] BasicTypeRegistry - Adding type registration Byte[] -> org.hibernate.type.WrapperBinaryType@629ae7e
2021-11-21T23:53:21,928|[DEBUG] BasicTypeRegistry - Adding type registration [Ljava.lang.Byte; -> org.hibernate.type.WrapperBinaryType@629ae7e
2021-11-21T23:53:21,928|[DEBUG] BasicTypeRegistry - Adding type registration row_version -> org.hibernate.type.RowVersionType@42fcc7e6
2021-11-21T23:53:21,928|[DEBUG] BasicTypeRegistry - Adding type registration image -> org.hibernate.type.ImageType@5ce4369b
2021-11-21T23:53:21,928|[DEBUG] BasicTypeRegistry - Adding type registration characters -> org.hibernate.type.CharArrayType@73017a80
2021-11-21T23:53:21,928|[DEBUG] BasicTypeRegistry - Adding type registration char[] -> org.hibernate.type.CharArrayType@73017a80
2021-11-21T23:53:21,928|[DEBUG] BasicTypeRegistry - Adding type registration [C -> org.hibernate.type.CharArrayType@73017a80
2021-11-21T23:53:21,929|[DEBUG] BasicTypeRegistry - Adding type registration wrapper-characters -> org.hibernate.type.CharacterArrayType@5c0f79f0
2021-11-21T23:53:21,929|[DEBUG] BasicTypeRegistry - Adding type registration [Ljava.lang.Character; -> org.hibernate.type.CharacterArrayType@5c0f79f0
2021-11-21T23:53:21,929|[DEBUG] BasicTypeRegistry - Adding type registration Character[] -> org.hibernate.type.CharacterArrayType@5c0f79f0
2021-11-21T23:53:21,929|[DEBUG] BasicTypeRegistry - Adding type registration text -> org.hibernate.type.TextType@29a69a35
2021-11-21T23:53:21,929|[DEBUG] BasicTypeRegistry - Adding type registration ntext -> org.hibernate.type.NTextType@108bdbd8
2021-11-21T23:53:21,929|[DEBUG] BasicTypeRegistry - Adding type registration blob -> org.hibernate.type.BlobType@58a120b0
2021-11-21T23:53:21,929|[DEBUG] BasicTypeRegistry - Adding type registration java.sql.Blob -> org.hibernate.type.BlobType@58a120b0
2021-11-21T23:53:21,929|[DEBUG] BasicTypeRegistry - Adding type registration materialized_blob -> org.hibernate.type.MaterializedBlobType@58a4a74d
2021-11-21T23:53:21,929|[DEBUG] BasicTypeRegistry - Adding type registration clob -> org.hibernate.type.ClobType@421a4ee1
2021-11-21T23:53:21,929|[DEBUG] BasicTypeRegistry - Adding type registration java.sql.Clob -> org.hibernate.type.ClobType@421a4ee1
2021-11-21T23:53:21,929|[DEBUG] BasicTypeRegistry - Adding type registration nclob -> org.hibernate.type.NClobType@234a8f27
2021-11-21T23:53:21,929|[DEBUG] BasicTypeRegistry - Adding type registration java.sql.NClob -> org.hibernate.type.NClobType@234a8f27
2021-11-21T23:53:21,929|[DEBUG] BasicTypeRegistry - Adding type registration materialized_clob -> org.hibernate.type.MaterializedClobType@6a0659ac
2021-11-21T23:53:21,929|[DEBUG] BasicTypeRegistry - Adding type registration materialized_nclob -> org.hibernate.type.MaterializedNClobType@2f61f937
2021-11-21T23:53:21,929|[DEBUG] BasicTypeRegistry - Adding type registration serializable -> org.hibernate.type.SerializableType@37b72ea
2021-11-21T23:53:21,929|[DEBUG] BasicTypeRegistry - Adding type registration object -> org.hibernate.type.ObjectType@21a66d45
2021-11-21T23:53:21,929|[DEBUG] BasicTypeRegistry - Adding type registration java.lang.Object -> org.hibernate.type.ObjectType@21a66d45
2021-11-21T23:53:21,929|[DEBUG] BasicTypeRegistry - Adding type registration imm_date -> org.hibernate.type.AdaptedImmutableType@4e3ee457
2021-11-21T23:53:21,929|[DEBUG] BasicTypeRegistry - Adding type registration imm_time -> org.hibernate.type.AdaptedImmutableType@41b66d1
2021-11-21T23:53:21,929|[DEBUG] BasicTypeRegistry - Adding type registration imm_timestamp -> org.hibernate.type.AdaptedImmutableType@fb2c2f3
2021-11-21T23:53:21,929|[DEBUG] BasicTypeRegistry - Adding type registration imm_dbtimestamp -> org.hibernate.type.AdaptedImmutableType@148fca83
2021-11-21T23:53:21,929|[DEBUG] BasicTypeRegistry - Adding type registration imm_calendar -> org.hibernate.type.AdaptedImmutableType@2d2a8819
2021-11-21T23:53:21,929|[DEBUG] BasicTypeRegistry - Adding type registration imm_calendar_date -> org.hibernate.type.AdaptedImmutableType@72585e83
2021-11-21T23:53:21,929|[DEBUG] BasicTypeRegistry - Adding type registration imm_binary -> org.hibernate.type.AdaptedImmutableType@6b64bf61
2021-11-21T23:53:21,929|[DEBUG] BasicTypeRegistry - Adding type registration imm_serializable -> org.hibernate.type.AdaptedImmutableType@1d5bb5c
2021-11-21T23:53:21,929|[TRACE] AbstractServiceRegistryImpl - Initializing service [role=org.hibernate.boot.cfgxml.spi.CfgXmlAccessService]
2021-11-21T23:53:21,930|[DEBUG] BootstrapContextImpl - Injecting ScanEnvironment [org.hibernate.jpa.boot.internal.StandardJpaScanEnvironmentImpl@7846913f] into BootstrapContext; was [null]
2021-11-21T23:53:21,930|[DEBUG] BootstrapContextImpl - Injecting ScanOptions [org.hibernate.boot.archive.scan.internal.StandardScanOptions@48da64f2] into BootstrapContext; was [org.hibernate.boot.archive.scan.internal.StandardScanOptions@60b553f]
2021-11-21T23:53:21,947|[DEBUG] BootstrapContextImpl - Injecting JPA temp ClassLoader [null] into BootstrapContext; was [null]
2021-11-21T23:53:21,947|[DEBUG] ClassLoaderAccessImpl - ClassLoaderAccessImpl#injectTempClassLoader(null) [was null]
2021-11-21T23:53:21,947|[TRACE] AbstractServiceRegistryImpl - Initializing service [role=org.hibernate.id.factory.spi.MutableIdentifierGeneratorFactory]
2021-11-21T23:53:21,947|[DEBUG] DefaultIdentifierGeneratorFactory - Registering IdentifierGenerator strategy [uuid2] -> [org.hibernate.id.UUIDGenerator]
2021-11-21T23:53:21,947|[DEBUG] DefaultIdentifierGeneratorFactory - Registering IdentifierGenerator strategy [guid] -> [org.hibernate.id.GUIDGenerator]
2021-11-21T23:53:21,947|[DEBUG] DefaultIdentifierGeneratorFactory - Registering IdentifierGenerator strategy [uuid] -> [org.hibernate.id.UUIDHexGenerator]
2021-11-21T23:53:21,947|[DEBUG] DefaultIdentifierGeneratorFactory - Registering IdentifierGenerator strategy [uuid.hex] -> [org.hibernate.id.UUIDHexGenerator]
2021-11-21T23:53:21,947|[DEBUG] DefaultIdentifierGeneratorFactory - Registering IdentifierGenerator strategy [assigned] -> [org.hibernate.id.Assigned]
2021-11-21T23:53:21,947|[DEBUG] DefaultIdentifierGeneratorFactory - Registering IdentifierGenerator strategy [identity] -> [org.hibernate.id.IdentityGenerator]
2021-11-21T23:53:21,947|[DEBUG] DefaultIdentifierGeneratorFactory - Registering IdentifierGenerator strategy [select] -> [org.hibernate.id.SelectGenerator]
2021-11-21T23:53:21,947|[DEBUG] DefaultIdentifierGeneratorFactory - Registering IdentifierGenerator strategy [sequence] -> [org.hibernate.id.enhanced.SequenceStyleGenerator]
2021-11-21T23:53:21,947|[DEBUG] DefaultIdentifierGeneratorFactory - Registering IdentifierGenerator strategy [seqhilo] -> [org.hibernate.id.SequenceHiLoGenerator]
2021-11-21T23:53:21,947|[DEBUG] DefaultIdentifierGeneratorFactory - Registering IdentifierGenerator strategy [increment] -> [org.hibernate.id.IncrementGenerator]
2021-11-21T23:53:21,947|[DEBUG] DefaultIdentifierGeneratorFactory - Registering IdentifierGenerator strategy [foreign] -> [org.hibernate.id.ForeignGenerator]
2021-11-21T23:53:21,947|[DEBUG] DefaultIdentifierGeneratorFactory - Registering IdentifierGenerator strategy [sequence-identity] -> [org.hibernate.id.SequenceIdentityGenerator]
2021-11-21T23:53:21,947|[DEBUG] DefaultIdentifierGeneratorFactory - Registering IdentifierGenerator strategy [enhanced-sequence] -> [org.hibernate.id.enhanced.SequenceStyleGenerator]
2021-11-21T23:53:21,947|[DEBUG] DefaultIdentifierGeneratorFactory - Registering IdentifierGenerator strategy [enhanced-table] -> [org.hibernate.id.enhanced.TableGenerator]
2021-11-21T23:53:21,947|[TRACE] AbstractServiceRegistryImpl - Initializing service [role=org.hibernate.engine.jdbc.env.spi.JdbcEnvironment]
2021-11-21T23:53:21,947|[TRACE] AbstractServiceRegistryImpl - Initializing service [role=org.hibernate.engine.jdbc.dialect.spi.DialectFactory]
2021-11-21T23:53:21,947|[TRACE] AbstractServiceRegistryImpl - Initializing service [role=org.hibernate.engine.jdbc.dialect.spi.DialectResolver]
2021-11-21T23:53:21,947|[TRACE] AbstractServiceRegistryImpl - Initializing service [role=org.hibernate.engine.jdbc.connections.spi.ConnectionProvider]
2021-11-21T23:53:21,948|[WARN ] pooling - HHH10001002: Using Hibernate built-in connection pool (not for production use!)
2021-11-21T23:53:21,948|[INFO ] pooling - HHH10001005: using driver [com.mysql.cj.jdbc.Driver] at URL [jdbc:mysql://localhost:3306/bloodbank?createDatabaseIfNotExist=true&zeroDateTimeBehavior=convertToNull]
2021-11-21T23:53:21,948|[INFO ] pooling - HHH10001001: Connection properties: {password=8277, user=cst8277}
2021-11-21T23:53:21,948|[INFO ] pooling - HHH10001003: Autocommit mode: false
2021-11-21T23:53:21,948|[DEBUG] DriverManagerConnectionProviderImpl - Initializing Connection pool with 1 Connections
2021-11-21T23:53:21,948|[INFO ] DriverManagerConnectionProviderImpl - HHH000115: Hibernate connection pool size: 20 (min=1)
2021-11-21T23:53:21,965|[DEBUG] JdbcEnvironmentInitiator - Database ->
       name : MySQL
    version : 8.0.26
      major : 8
      minor : 0
2021-11-21T23:53:21,965|[DEBUG] JdbcEnvironmentInitiator - Driver ->
       name : MySQL Connector/J
    version : mysql-connector-java-8.0.23 (Revision: 18bbd5e68195d0da083cbd5bd0d05d76320df7cd)
      major : 8
      minor : 0
2021-11-21T23:53:21,965|[DEBUG] JdbcEnvironmentInitiator - JDBC version : 4.2
2021-11-21T23:53:21,965|[INFO ] Dialect - HHH000400: Using dialect: org.hibernate.dialect.MySQL8Dialect
2021-11-21T23:53:21,965|[DEBUG] IdentifierHelperBuilder - JDBC driver metadata reported database stores quoted identifiers in more than one case
2021-11-21T23:53:21,965|[DEBUG] IdentifierHelperBuilder - IdentifierCaseStrategy for both quoted and unquoted identifiers was set to the same strategy [LOWER]; that will likely lead to problems in schema update and validation if using quoted identifiers
2021-11-21T23:53:21,967|[TRACE] NormalizingIdentifierHelperImpl - Normalizing identifier quoting [bloodbank]
2021-11-21T23:53:21,967|[TRACE] NormalizingIdentifierHelperImpl - Normalizing identifier quoting [null]
2021-11-21T23:53:21,968|[TRACE] AbstractServiceRegistryImpl - Initializing service [role=org.hibernate.engine.jdbc.spi.JdbcServices]
2021-11-21T23:53:21,968|[DEBUG] Namespace - Created database namespace [logicalName=Name{catalog=null, schema=null}, physicalName=Name{catalog=null, schema=null}]
2021-11-21T23:53:21,969|[DEBUG] TypeConfiguration$Scope - Scoping TypeConfiguration [org.hibernate.type.spi.TypeConfiguration@1f85904a] to MetadataBuildingContext [org.hibernate.boot.internal.MetadataBuildingContextRootImpl@514dc5f4]
2021-11-21T23:53:21,969|[DEBUG] AnnotationBinder - Binding entity from annotated class: bloodbank.entity.Contact
2021-11-21T23:53:21,969|[DEBUG] QueryBinder - Binding named query: Contact.findAll => SELECT c FROM Contact c
2021-11-21T23:53:21,969|[TRACE] NormalizingIdentifierHelperImpl - Normalizing identifier quoting [DTYPE]
2021-11-21T23:53:21,969|[DEBUG] Ejb3Column - Binding column: Ejb3DiscriminatorColumn{logicalColumnName'DTYPE', discriminatorTypeName='string'}
2021-11-21T23:53:21,970|[DEBUG] EntityBinder - Import with entity name Contact
2021-11-21T23:53:21,970|[TRACE] InFlightMetadataCollectorImpl - Import: Contact -> bloodbank.entity.Contact
2021-11-21T23:53:21,970|[TRACE] InFlightMetadataCollectorImpl - Import: bloodbank.entity.Contact -> bloodbank.entity.Contact
2021-11-21T23:53:21,970|[TRACE] NormalizingIdentifierHelperImpl - Normalizing identifier quoting [contact]
2021-11-21T23:53:21,970|[TRACE] NormalizingIdentifierHelperImpl - Normalizing identifier quoting [contact]
2021-11-21T23:53:21,970|[DEBUG] EntityBinder - Bind entity bloodbank.entity.Contact on table contact
2021-11-21T23:53:21,970|[TRACE] AnnotationBinder - Processing annotations of bloodbank.entity.Contact.id
2021-11-21T23:53:21,970|[TRACE] NormalizingIdentifierHelperImpl - Normalizing identifier quoting [id]
2021-11-21T23:53:21,970|[TRACE] NormalizingIdentifierHelperImpl - Normalizing identifier quoting [id]
2021-11-21T23:53:21,970|[DEBUG] Ejb3Column - Binding column: Ejb3Column{table=org.hibernate.mapping.Table(contact), mappingColumn=id, insertable=true, updatable=true, unique=false}
2021-11-21T23:53:21,970|[DEBUG] ClassLoaderAccessImpl - Not known whether passed class name [bloodbank.entity.Contact] is safe
2021-11-21T23:53:21,970|[DEBUG] ClassLoaderAccessImpl - No temp ClassLoader provided; using live ClassLoader for loading potentially unsafe class : bloodbank.entity.Contact
2021-11-21T23:53:21,970|[TRACE] AnnotationBinder - Binding component with path: bloodbank.entity.Contact.id
2021-11-21T23:53:21,970|[TRACE] AnnotationBinder - Processing annotations of bloodbank.entity.ContactPK.personId
2021-11-21T23:53:21,970|[TRACE] NormalizingIdentifierHelperImpl - Normalizing identifier quoting [person_id]
2021-11-21T23:53:21,970|[TRACE] NormalizingIdentifierHelperImpl - Normalizing identifier quoting [person_id]
2021-11-21T23:53:21,970|[DEBUG] Ejb3Column - Binding column: Ejb3Column{table=org.hibernate.mapping.Table(contact), mappingColumn=person_id, insertable=true, updatable=true, unique=false}
2021-11-21T23:53:21,971|[TRACE] NormalizingIdentifierHelperImpl - Normalizing identifier quoting [person_id]
2021-11-21T23:53:21,971|[DEBUG] Ejb3Column - Binding column: Ejb3JoinColumn{logicalColumnName='person_id', referencedColumn='id', mappedBy=''}
2021-11-21T23:53:21,971|[DEBUG] PropertyBinder - MetadataSourceProcessor property personId with lazy=false
2021-11-21T23:53:21,971|[DEBUG] AbstractPropertyHolder - Attempting to locate auto-apply AttributeConverter for property [bloodbank.entity.Contact.id:personId]
2021-11-21T23:53:21,971|[DEBUG] SimpleValueBinder - building SimpleValue for personId
2021-11-21T23:53:21,971|[TRACE] NormalizingIdentifierHelperImpl - Normalizing identifier quoting [person_id]
2021-11-21T23:53:21,971|[TRACE] NormalizingIdentifierHelperImpl - Normalizing identifier quoting [id]
2021-11-21T23:53:21,971|[TRACE] NormalizingIdentifierHelperImpl - Normalizing identifier quoting [person_id]
2021-11-21T23:53:21,971|[TRACE] NormalizingIdentifierHelperImpl - Normalizing identifier quoting [person_id]
2021-11-21T23:53:21,971|[DEBUG] PropertyBinder - Building property personId
2021-11-21T23:53:21,971|[TRACE] PropertyBinder - Cascading personId with null
2021-11-21T23:53:21,971|[DEBUG] BinderHelper - #makeIdGenerator(org.hibernate.mapping.SimpleValue([org.hibernate.mapping.Column(person_id)]), personId, foreign, Hibernate-local--foreign generator, ...)
2021-11-21T23:53:21,971|[TRACE] AnnotationBinder - Processing annotations of bloodbank.entity.ContactPK.phoneId
2021-11-21T23:53:21,971|[TRACE] NormalizingIdentifierHelperImpl - Normalizing identifier quoting [phone_id]
2021-11-21T23:53:21,971|[TRACE] NormalizingIdentifierHelperImpl - Normalizing identifier quoting [phone_id]
2021-11-21T23:53:21,971|[DEBUG] Ejb3Column - Binding column: Ejb3Column{table=org.hibernate.mapping.Table(contact), mappingColumn=phone_id, insertable=true, updatable=true, unique=false}
2021-11-21T23:53:21,971|[TRACE] NormalizingIdentifierHelperImpl - Normalizing identifier quoting [phone_id]
2021-11-21T23:53:21,971|[DEBUG] Ejb3Column - Binding column: Ejb3JoinColumn{logicalColumnName='phone_id', referencedColumn='phone_id', mappedBy=''}
2021-11-21T23:53:21,971|[DEBUG] PropertyBinder - MetadataSourceProcessor property phoneId with lazy=false
2021-11-21T23:53:21,971|[DEBUG] AbstractPropertyHolder - Attempting to locate auto-apply AttributeConverter for property [bloodbank.entity.Contact.id:phoneId]
2021-11-21T23:53:21,971|[DEBUG] SimpleValueBinder - building SimpleValue for phoneId
2021-11-21T23:53:21,971|[TRACE] NormalizingIdentifierHelperImpl - Normalizing identifier quoting [phone_id]
2021-11-21T23:53:21,971|[TRACE] NormalizingIdentifierHelperImpl - Normalizing identifier quoting [phone_id]
2021-11-21T23:53:21,971|[TRACE] NormalizingIdentifierHelperImpl - Normalizing identifier quoting [phone_id]
2021-11-21T23:53:21,971|[TRACE] NormalizingIdentifierHelperImpl - Normalizing identifier quoting [phone_id]
2021-11-21T23:53:21,971|[DEBUG] PropertyBinder - Building property phoneId
2021-11-21T23:53:21,971|[TRACE] PropertyBinder - Cascading phoneId with null
2021-11-21T23:53:21,971|[DEBUG] BinderHelper - #makeIdGenerator(org.hibernate.mapping.SimpleValue([org.hibernate.mapping.Column(phone_id)]), phoneId, foreign, Hibernate-local--foreign generator, ...)
2021-11-21T23:53:21,971|[DEBUG] PropertyBinder - Building property id
2021-11-21T23:53:21,971|[TRACE] PropertyBinder - Cascading id with null
2021-11-21T23:53:21,971|[DEBUG] BinderHelper - #makeIdGenerator(org.hibernate.mapping.Component([org.hibernate.mapping.Property(personId), org.hibernate.mapping.Property(phoneId)]), id, assigned, , ...)
2021-11-21T23:53:21,971|[TRACE] AnnotationBinder - Bind @EmbeddedId on id
2021-11-21T23:53:21,971|[TRACE] AnnotationBinder - Processing annotations of bloodbank.entity.Contact.epochCreated
2021-11-21T23:53:21,971|[TRACE] NormalizingIdentifierHelperImpl - Normalizing identifier quoting [created]
2021-11-21T23:53:21,971|[TRACE] NormalizingIdentifierHelperImpl - Normalizing identifier quoting [created]
2021-11-21T23:53:21,971|[DEBUG] Ejb3Column - Binding column: Ejb3Column{table=org.hibernate.mapping.Table(contact), mappingColumn=created, insertable=true, updatable=true, unique=false}
2021-11-21T23:53:21,971|[DEBUG] PropertyBinder - MetadataSourceProcessor property epochCreated with lazy=false
2021-11-21T23:53:21,971|[DEBUG] AbstractPropertyHolder - Attempting to locate auto-apply AttributeConverter for property [bloodbank.entity.Contact:epochCreated]
2021-11-21T23:53:21,971|[DEBUG] SimpleValueBinder - building SimpleValue for epochCreated
2021-11-21T23:53:21,971|[TRACE] NormalizingIdentifierHelperImpl - Normalizing identifier quoting [created]
2021-11-21T23:53:21,971|[DEBUG] PropertyBinder - Building property epochCreated
2021-11-21T23:53:21,971|[TRACE] PropertyBinder - Cascading epochCreated with null
2021-11-21T23:53:21,971|[TRACE] AnnotationBinder - Processing annotations of bloodbank.entity.Contact.epochUpdated
2021-11-21T23:53:21,971|[TRACE] NormalizingIdentifierHelperImpl - Normalizing identifier quoting [updated]
2021-11-21T23:53:21,972|[TRACE] NormalizingIdentifierHelperImpl - Normalizing identifier quoting [updated]
2021-11-21T23:53:21,972|[DEBUG] Ejb3Column - Binding column: Ejb3Column{table=org.hibernate.mapping.Table(contact), mappingColumn=updated, insertable=true, updatable=true, unique=false}
2021-11-21T23:53:21,972|[DEBUG] PropertyBinder - MetadataSourceProcessor property epochUpdated with lazy=false
2021-11-21T23:53:21,972|[DEBUG] AbstractPropertyHolder - Attempting to locate auto-apply AttributeConverter for property [bloodbank.entity.Contact:epochUpdated]
2021-11-21T23:53:21,972|[DEBUG] SimpleValueBinder - building SimpleValue for epochUpdated
2021-11-21T23:53:21,972|[TRACE] NormalizingIdentifierHelperImpl - Normalizing identifier quoting [updated]
2021-11-21T23:53:21,972|[DEBUG] PropertyBinder - Building property epochUpdated
2021-11-21T23:53:21,972|[TRACE] PropertyBinder - Cascading epochUpdated with null
2021-11-21T23:53:21,972|[TRACE] AnnotationBinder - Processing annotations of bloodbank.entity.Contact.version
2021-11-21T23:53:21,972|[TRACE] NormalizingIdentifierHelperImpl - Normalizing identifier quoting [version]
2021-11-21T23:53:21,972|[TRACE] NormalizingIdentifierHelperImpl - Normalizing identifier quoting [version]
2021-11-21T23:53:21,972|[DEBUG] Ejb3Column - Binding column: Ejb3Column{table=org.hibernate.mapping.Table(contact), mappingColumn=version, insertable=true, updatable=true, unique=false}
2021-11-21T23:53:21,972|[TRACE] AnnotationBinder - version is a version property
2021-11-21T23:53:21,972|[DEBUG] PropertyBinder - MetadataSourceProcessor property version with lazy=false
2021-11-21T23:53:21,972|[DEBUG] AbstractPropertyHolder - Attempting to locate auto-apply AttributeConverter for property [bloodbank.entity.Contact:version]
2021-11-21T23:53:21,972|[DEBUG] SimpleValueBinder - building SimpleValue for version
2021-11-21T23:53:21,972|[TRACE] NormalizingIdentifierHelperImpl - Normalizing identifier quoting [version]
2021-11-21T23:53:21,972|[TRACE] NormalizingIdentifierHelperImpl - Normalizing identifier quoting [version]
2021-11-21T23:53:21,972|[TRACE] NormalizingIdentifierHelperImpl - Normalizing identifier quoting [version]
2021-11-21T23:53:21,972|[DEBUG] PropertyBinder - Building property version
2021-11-21T23:53:21,972|[TRACE] PropertyBinder - Cascading version with null
2021-11-21T23:53:21,972|[TRACE] AnnotationBinder - Version name: version, unsavedValue: undefined
2021-11-21T23:53:21,972|[TRACE] AnnotationBinder - Processing annotations of bloodbank.entity.Contact.address
2021-11-21T23:53:21,972|[TRACE] NormalizingIdentifierHelperImpl - Normalizing identifier quoting [address_id]
2021-11-21T23:53:21,972|[DEBUG] Ejb3Column - Binding column: Ejb3JoinColumn{logicalColumnName='address_id', referencedColumn='address_id', mappedBy=''}
2021-11-21T23:53:21,972|[TRACE] NormalizingIdentifierHelperImpl - Normalizing identifier quoting [address]
2021-11-21T23:53:21,972|[TRACE] NormalizingIdentifierHelperImpl - Normalizing identifier quoting [address]
2021-11-21T23:53:21,972|[DEBUG] Ejb3Column - Binding column: Ejb3Column{table=org.hibernate.mapping.Table(contact), mappingColumn=address, insertable=true, updatable=true, unique=false}
2021-11-21T23:53:21,972|[DEBUG] PropertyBinder - Building property address
2021-11-21T23:53:21,972|[TRACE] PropertyBinder - Cascading address with all
2021-11-21T23:53:21,972|[TRACE] AnnotationBinder - Processing annotations of bloodbank.entity.Contact.contactType
2021-11-21T23:53:21,972|[TRACE] NormalizingIdentifierHelperImpl - Normalizing identifier quoting [contact_type]
2021-11-21T23:53:21,972|[TRACE] NormalizingIdentifierHelperImpl - Normalizing identifier quoting [contact_type]
2021-11-21T23:53:21,972|[DEBUG] Ejb3Column - Binding column: Ejb3Column{table=org.hibernate.mapping.Table(contact), mappingColumn=contact_type, insertable=true, updatable=true, unique=false}
2021-11-21T23:53:21,972|[DEBUG] PropertyBinder - MetadataSourceProcessor property contactType with lazy=false
2021-11-21T23:53:21,972|[DEBUG] AbstractPropertyHolder - Attempting to locate auto-apply AttributeConverter for property [bloodbank.entity.Contact:contactType]
2021-11-21T23:53:21,972|[DEBUG] SimpleValueBinder - building SimpleValue for contactType
2021-11-21T23:53:21,972|[TRACE] NormalizingIdentifierHelperImpl - Normalizing identifier quoting [contact_type]
2021-11-21T23:53:21,972|[DEBUG] PropertyBinder - Building property contactType
2021-11-21T23:53:21,972|[TRACE] PropertyBinder - Cascading contactType with null
2021-11-21T23:53:21,972|[TRACE] AnnotationBinder - Processing annotations of bloodbank.entity.Contact.email
2021-11-21T23:53:21,972|[TRACE] NormalizingIdentifierHelperImpl - Normalizing identifier quoting [email]
2021-11-21T23:53:21,972|[TRACE] NormalizingIdentifierHelperImpl - Normalizing identifier quoting [email]
2021-11-21T23:53:21,972|[DEBUG] Ejb3Column - Binding column: Ejb3Column{table=org.hibernate.mapping.Table(contact), mappingColumn=email, insertable=true, updatable=true, unique=false}
2021-11-21T23:53:21,972|[DEBUG] PropertyBinder - MetadataSourceProcessor property email with lazy=false
2021-11-21T23:53:21,972|[DEBUG] AbstractPropertyHolder - Attempting to locate auto-apply AttributeConverter for property [bloodbank.entity.Contact:email]
2021-11-21T23:53:21,972|[DEBUG] SimpleValueBinder - building SimpleValue for email
2021-11-21T23:53:21,972|[TRACE] NormalizingIdentifierHelperImpl - Normalizing identifier quoting [email]
2021-11-21T23:53:21,972|[DEBUG] PropertyBinder - Building property email
2021-11-21T23:53:21,972|[TRACE] PropertyBinder - Cascading email with null
2021-11-21T23:53:21,972|[TRACE] AnnotationBinder - Processing annotations of bloodbank.entity.Contact.owner
2021-11-21T23:53:21,972|[TRACE] NormalizingIdentifierHelperImpl - Normalizing identifier quoting [person_id]
2021-11-21T23:53:21,972|[DEBUG] Ejb3Column - Binding column: Ejb3JoinColumn{logicalColumnName='person_id', referencedColumn='id', mappedBy=''}
2021-11-21T23:53:21,972|[TRACE] NormalizingIdentifierHelperImpl - Normalizing identifier quoting [owner]
2021-11-21T23:53:21,972|[TRACE] NormalizingIdentifierHelperImpl - Normalizing identifier quoting [owner]
2021-11-21T23:53:21,972|[DEBUG] Ejb3Column - Binding column: Ejb3Column{table=org.hibernate.mapping.Table(contact), mappingColumn=owner, insertable=true, updatable=true, unique=false}
2021-11-21T23:53:21,972|[DEBUG] PropertyBinder - Building property owner
2021-11-21T23:53:21,972|[TRACE] PropertyBinder - Cascading owner with all,persist
2021-11-21T23:53:21,972|[TRACE] AnnotationBinder - Processing annotations of bloodbank.entity.Contact.phone
2021-11-21T23:53:21,972|[TRACE] NormalizingIdentifierHelperImpl - Normalizing identifier quoting [phone_id]
2021-11-21T23:53:21,972|[DEBUG] Ejb3Column - Binding column: Ejb3JoinColumn{logicalColumnName='phone_id', referencedColumn='phone_id', mappedBy=''}
2021-11-21T23:53:21,972|[TRACE] NormalizingIdentifierHelperImpl - Normalizing identifier quoting [phone]
2021-11-21T23:53:21,972|[TRACE] NormalizingIdentifierHelperImpl - Normalizing identifier quoting [phone]
2021-11-21T23:53:21,972|[DEBUG] Ejb3Column - Binding column: Ejb3Column{table=org.hibernate.mapping.Table(contact), mappingColumn=phone, insertable=true, updatable=true, unique=false}
2021-11-21T23:53:21,972|[DEBUG] PropertyBinder - Building property phone
2021-11-21T23:53:21,972|[TRACE] PropertyBinder - Cascading phone with all,persist
2021-11-21T23:53:21,972|[DEBUG] AnnotationBinder - Binding entity from annotated class: bloodbank.entity.Phone
2021-11-21T23:53:21,973|[DEBUG] QueryBinder - Binding named query: Phone.findAll => SELECT p FROM Phone p
2021-11-21T23:53:21,973|[TRACE] NormalizingIdentifierHelperImpl - Normalizing identifier quoting [DTYPE]
2021-11-21T23:53:21,973|[DEBUG] Ejb3Column - Binding column: Ejb3DiscriminatorColumn{logicalColumnName'DTYPE', discriminatorTypeName='string'}
2021-11-21T23:53:21,973|[DEBUG] EntityBinder - Import with entity name Phone
2021-11-21T23:53:21,973|[TRACE] InFlightMetadataCollectorImpl - Import: Phone -> bloodbank.entity.Phone
2021-11-21T23:53:21,973|[TRACE] InFlightMetadataCollectorImpl - Import: bloodbank.entity.Phone -> bloodbank.entity.Phone
2021-11-21T23:53:21,973|[TRACE] NormalizingIdentifierHelperImpl - Normalizing identifier quoting [phone]
2021-11-21T23:53:21,973|[TRACE] NormalizingIdentifierHelperImpl - Normalizing identifier quoting [phone]
2021-11-21T23:53:21,973|[DEBUG] EntityBinder - Bind entity bloodbank.entity.Phone on table phone
2021-11-21T23:53:21,973|[TRACE] AnnotationBinder - Processing annotations of bloodbank.entity.Phone.id
2021-11-21T23:53:21,973|[DEBUG] Ejb3Column - Column(s) overridden for property id
2021-11-21T23:53:21,973|[TRACE] NormalizingIdentifierHelperImpl - Normalizing identifier quoting [phone_id]
2021-11-21T23:53:21,973|[TRACE] NormalizingIdentifierHelperImpl - Normalizing identifier quoting [phone_id]
2021-11-21T23:53:21,973|[DEBUG] Ejb3Column - Binding column: Ejb3Column{table=org.hibernate.mapping.Table(phone), mappingColumn=phone_id, insertable=true, updatable=true, unique=false}
2021-11-21T23:53:21,973|[DEBUG] ClassLoaderAccessImpl - Not known whether passed class name [bloodbank.entity.Phone] is safe
2021-11-21T23:53:21,973|[DEBUG] ClassLoaderAccessImpl - No temp ClassLoader provided; using live ClassLoader for loading potentially unsafe class : bloodbank.entity.Phone
2021-11-21T23:53:21,973|[DEBUG] PropertyBinder - MetadataSourceProcessor property id with lazy=false
2021-11-21T23:53:21,973|[DEBUG] AbstractPropertyHolder - Attempting to locate auto-apply AttributeConverter for property [bloodbank.entity.Phone:id]
2021-11-21T23:53:21,973|[DEBUG] SimpleValueBinder - building SimpleValue for id
2021-11-21T23:53:21,973|[TRACE] NormalizingIdentifierHelperImpl - Normalizing identifier quoting [phone_id]
2021-11-21T23:53:21,973|[DEBUG] PropertyBinder - Building property id
2021-11-21T23:53:21,973|[TRACE] PropertyBinder - Cascading id with null
2021-11-21T23:53:21,973|[DEBUG] BinderHelper - #makeIdGenerator(org.hibernate.mapping.SimpleValue([org.hibernate.mapping.Column(phone_id)]), id, identity, , ...)
2021-11-21T23:53:21,973|[TRACE] AnnotationBinder - Bind @Id on id
2021-11-21T23:53:21,973|[TRACE] AnnotationBinder - Processing annotations of bloodbank.entity.Phone.epochCreated
2021-11-21T23:53:21,973|[TRACE] NormalizingIdentifierHelperImpl - Normalizing identifier quoting [created]
2021-11-21T23:53:21,973|[TRACE] NormalizingIdentifierHelperImpl - Normalizing identifier quoting [created]
2021-11-21T23:53:21,973|[DEBUG] Ejb3Column - Binding column: Ejb3Column{table=org.hibernate.mapping.Table(phone), mappingColumn=created, insertable=true, updatable=true, unique=false}
2021-11-21T23:53:21,973|[DEBUG] PropertyBinder - MetadataSourceProcessor property epochCreated with lazy=false
2021-11-21T23:53:21,973|[DEBUG] AbstractPropertyHolder - Attempting to locate auto-apply AttributeConverter for property [bloodbank.entity.Phone:epochCreated]
2021-11-21T23:53:21,973|[DEBUG] SimpleValueBinder - building SimpleValue for epochCreated
2021-11-21T23:53:21,973|[TRACE] NormalizingIdentifierHelperImpl - Normalizing identifier quoting [created]
2021-11-21T23:53:21,973|[DEBUG] PropertyBinder - Building property epochCreated
2021-11-21T23:53:21,973|[TRACE] PropertyBinder - Cascading epochCreated with null
2021-11-21T23:53:21,973|[TRACE] AnnotationBinder - Processing annotations of bloodbank.entity.Phone.epochUpdated
2021-11-21T23:53:21,973|[TRACE] NormalizingIdentifierHelperImpl - Normalizing identifier quoting [updated]
2021-11-21T23:53:21,973|[TRACE] NormalizingIdentifierHelperImpl - Normalizing identifier quoting [updated]
2021-11-21T23:53:21,973|[DEBUG] Ejb3Column - Binding column: Ejb3Column{table=org.hibernate.mapping.Table(phone), mappingColumn=updated, insertable=true, updatable=true, unique=false}
2021-11-21T23:53:21,973|[DEBUG] PropertyBinder - MetadataSourceProcessor property epochUpdated with lazy=false
2021-11-21T23:53:21,973|[DEBUG] AbstractPropertyHolder - Attempting to locate auto-apply AttributeConverter for property [bloodbank.entity.Phone:epochUpdated]
2021-11-21T23:53:21,973|[DEBUG] SimpleValueBinder - building SimpleValue for epochUpdated
2021-11-21T23:53:21,973|[TRACE] NormalizingIdentifierHelperImpl - Normalizing identifier quoting [updated]
2021-11-21T23:53:21,973|[DEBUG] PropertyBinder - Building property epochUpdated
2021-11-21T23:53:21,973|[TRACE] PropertyBinder - Cascading epochUpdated with null
2021-11-21T23:53:21,973|[TRACE] AnnotationBinder - Processing annotations of bloodbank.entity.Phone.version
2021-11-21T23:53:21,973|[TRACE] NormalizingIdentifierHelperImpl - Normalizing identifier quoting [version]
2021-11-21T23:53:21,973|[TRACE] NormalizingIdentifierHelperImpl - Normalizing identifier quoting [version]
2021-11-21T23:53:21,973|[DEBUG] Ejb3Column - Binding column: Ejb3Column{table=org.hibernate.mapping.Table(phone), mappingColumn=version, insertable=true, updatable=true, unique=false}
2021-11-21T23:53:21,973|[TRACE] AnnotationBinder - version is a version property
2021-11-21T23:53:21,973|[DEBUG] PropertyBinder - MetadataSourceProcessor property version with lazy=false
2021-11-21T23:53:21,973|[DEBUG] AbstractPropertyHolder - Attempting to locate auto-apply AttributeConverter for property [bloodbank.entity.Phone:version]
2021-11-21T23:53:21,973|[DEBUG] SimpleValueBinder - building SimpleValue for version
2021-11-21T23:53:21,973|[TRACE] NormalizingIdentifierHelperImpl - Normalizing identifier quoting [version]
2021-11-21T23:53:21,973|[TRACE] NormalizingIdentifierHelperImpl - Normalizing identifier quoting [version]
2021-11-21T23:53:21,973|[TRACE] NormalizingIdentifierHelperImpl - Normalizing identifier quoting [version]
2021-11-21T23:53:21,973|[DEBUG] PropertyBinder - Building property version
2021-11-21T23:53:21,973|[TRACE] PropertyBinder - Cascading version with null
2021-11-21T23:53:21,973|[TRACE] AnnotationBinder - Version name: version, unsavedValue: undefined
2021-11-21T23:53:21,973|[TRACE] AnnotationBinder - Processing annotations of bloodbank.entity.Phone.areaCode
2021-11-21T23:53:21,973|[TRACE] NormalizingIdentifierHelperImpl - Normalizing identifier quoting [area_code]
2021-11-21T23:53:21,973|[TRACE] NormalizingIdentifierHelperImpl - Normalizing identifier quoting [area_code]
2021-11-21T23:53:21,973|[DEBUG] Ejb3Column - Binding column: Ejb3Column{table=org.hibernate.mapping.Table(phone), mappingColumn=area_code, insertable=true, updatable=true, unique=false}
2021-11-21T23:53:21,973|[DEBUG] PropertyBinder - MetadataSourceProcessor property areaCode with lazy=false
2021-11-21T23:53:21,973|[DEBUG] AbstractPropertyHolder - Attempting to locate auto-apply AttributeConverter for property [bloodbank.entity.Phone:areaCode]
2021-11-21T23:53:21,973|[DEBUG] SimpleValueBinder - building SimpleValue for areaCode
2021-11-21T23:53:21,973|[TRACE] NormalizingIdentifierHelperImpl - Normalizing identifier quoting [area_code]
2021-11-21T23:53:21,973|[DEBUG] PropertyBinder - Building property areaCode
2021-11-21T23:53:21,973|[TRACE] PropertyBinder - Cascading areaCode with null
2021-11-21T23:53:21,973|[TRACE] AnnotationBinder - Processing annotations of bloodbank.entity.Phone.contacts
2021-11-21T23:53:21,974|[TRACE] NormalizingIdentifierHelperImpl - Normalizing identifier quoting [contacts]
2021-11-21T23:53:21,974|[TRACE] NormalizingIdentifierHelperImpl - Normalizing identifier quoting [contacts]
2021-11-21T23:53:21,974|[DEBUG] Ejb3Column - Binding column: Ejb3Column{table=org.hibernate.mapping.Table(phone), mappingColumn=contacts, insertable=false, updatable=false, unique=false}
2021-11-21T23:53:21,974|[DEBUG] Ejb3Column - Binding column: Ejb3JoinColumn{logicalColumnName='null', referencedColumn='null', mappedBy='phone'}
2021-11-21T23:53:21,974|[DEBUG] Ejb3Column - Binding column: Ejb3Column{table=org.hibernate.mapping.Table(phone), mappingColumn=null, insertable=true, updatable=true, unique=false}
2021-11-21T23:53:21,974|[TRACE] NormalizingIdentifierHelperImpl - Normalizing identifier quoting [element]
2021-11-21T23:53:21,974|[TRACE] NormalizingIdentifierHelperImpl - Normalizing identifier quoting [element]
2021-11-21T23:53:21,974|[DEBUG] Ejb3Column - Binding column: Ejb3Column{table=org.hibernate.mapping.Table(phone), mappingColumn=element, insertable=false, updatable=false, unique=false}
2021-11-21T23:53:21,974|[TRACE] NormalizingIdentifierHelperImpl - Normalizing identifier quoting [contacts_KEY]
2021-11-21T23:53:21,974|[DEBUG] Ejb3Column - Binding column: Ejb3Column{table=org.hibernate.mapping.Table(phone), mappingColumn=contacts_KEY, insertable=true, updatable=true, unique=false}
2021-11-21T23:53:21,974|[TRACE] NormalizingIdentifierHelperImpl - Normalizing identifier quoting [contacts_KEY]
2021-11-21T23:53:21,974|[DEBUG] Ejb3Column - Binding column: Ejb3JoinColumn{logicalColumnName='contacts_KEY', referencedColumn='null', mappedBy='null'}
2021-11-21T23:53:21,974|[DEBUG] Ejb3Column - Binding column: Ejb3JoinColumn{logicalColumnName='null', referencedColumn='null', mappedBy='phone'}
2021-11-21T23:53:21,974|[DEBUG] Ejb3Column - Binding column: Ejb3JoinColumn{logicalColumnName='null', referencedColumn='null', mappedBy='phone'}
2021-11-21T23:53:21,974|[DEBUG] CollectionBinder - Collection role: bloodbank.entity.Phone.contacts
2021-11-21T23:53:21,974|[DEBUG] PropertyBinder - Building property contacts
2021-11-21T23:53:21,974|[TRACE] PropertyBinder - Cascading contacts with persist,merge,refresh
2021-11-21T23:53:21,974|[TRACE] AnnotationBinder - Processing annotations of bloodbank.entity.Phone.countryCode
2021-11-21T23:53:21,974|[TRACE] NormalizingIdentifierHelperImpl - Normalizing identifier quoting [country_code]
2021-11-21T23:53:21,974|[TRACE] NormalizingIdentifierHelperImpl - Normalizing identifier quoting [country_code]
2021-11-21T23:53:21,974|[DEBUG] Ejb3Column - Binding column: Ejb3Column{table=org.hibernate.mapping.Table(phone), mappingColumn=country_code, insertable=true, updatable=true, unique=false}
2021-11-21T23:53:21,974|[DEBUG] PropertyBinder - MetadataSourceProcessor property countryCode with lazy=false
2021-11-21T23:53:21,974|[DEBUG] AbstractPropertyHolder - Attempting to locate auto-apply AttributeConverter for property [bloodbank.entity.Phone:countryCode]
2021-11-21T23:53:21,974|[DEBUG] SimpleValueBinder - building SimpleValue for countryCode
2021-11-21T23:53:21,974|[TRACE] NormalizingIdentifierHelperImpl - Normalizing identifier quoting [country_code]
2021-11-21T23:53:21,974|[DEBUG] PropertyBinder - Building property countryCode
2021-11-21T23:53:21,974|[TRACE] PropertyBinder - Cascading countryCode with null
2021-11-21T23:53:21,974|[TRACE] AnnotationBinder - Processing annotations of bloodbank.entity.Phone.number
2021-11-21T23:53:21,974|[TRACE] NormalizingIdentifierHelperImpl - Normalizing identifier quoting [number]
2021-11-21T23:53:21,974|[TRACE] NormalizingIdentifierHelperImpl - Normalizing identifier quoting [number]
2021-11-21T23:53:21,974|[DEBUG] Ejb3Column - Binding column: Ejb3Column{table=org.hibernate.mapping.Table(phone), mappingColumn=number, insertable=true, updatable=true, unique=false}
2021-11-21T23:53:21,974|[DEBUG] PropertyBinder - MetadataSourceProcessor property number with lazy=false
2021-11-21T23:53:21,974|[DEBUG] AbstractPropertyHolder - Attempting to locate auto-apply AttributeConverter for property [bloodbank.entity.Phone:number]
2021-11-21T23:53:21,974|[DEBUG] SimpleValueBinder - building SimpleValue for number
2021-11-21T23:53:21,974|[TRACE] NormalizingIdentifierHelperImpl - Normalizing identifier quoting [number]
2021-11-21T23:53:21,974|[DEBUG] PropertyBinder - Building property number
2021-11-21T23:53:21,974|[TRACE] PropertyBinder - Cascading number with null
2021-11-21T23:53:21,974|[DEBUG] AnnotationBinder - Binding entity from annotated class: bloodbank.entity.BloodDonation
2021-11-21T23:53:21,974|[DEBUG] QueryBinder - Binding named query: BloodDonation.findAll => SELECT b FROM BloodDonation b
2021-11-21T23:53:21,974|[TRACE] NormalizingIdentifierHelperImpl - Normalizing identifier quoting [DTYPE]
2021-11-21T23:53:21,974|[DEBUG] Ejb3Column - Binding column: Ejb3DiscriminatorColumn{logicalColumnName'DTYPE', discriminatorTypeName='string'}
2021-11-21T23:53:21,974|[DEBUG] EntityBinder - Import with entity name BloodDonation
2021-11-21T23:53:21,974|[TRACE] InFlightMetadataCollectorImpl - Import: BloodDonation -> bloodbank.entity.BloodDonation
2021-11-21T23:53:21,974|[TRACE] InFlightMetadataCollectorImpl - Import: bloodbank.entity.BloodDonation -> bloodbank.entity.BloodDonation
2021-11-21T23:53:21,974|[TRACE] NormalizingIdentifierHelperImpl - Normalizing identifier quoting [blood_donation]
2021-11-21T23:53:21,974|[TRACE] NormalizingIdentifierHelperImpl - Normalizing identifier quoting [blood_donation]
2021-11-21T23:53:21,974|[DEBUG] EntityBinder - Bind entity bloodbank.entity.BloodDonation on table blood_donation
2021-11-21T23:53:21,974|[TRACE] AnnotationBinder - Processing annotations of bloodbank.entity.BloodDonation.id
2021-11-21T23:53:21,974|[DEBUG] Ejb3Column - Column(s) overridden for property id
2021-11-21T23:53:21,974|[TRACE] NormalizingIdentifierHelperImpl - Normalizing identifier quoting [donation_id]
2021-11-21T23:53:21,974|[TRACE] NormalizingIdentifierHelperImpl - Normalizing identifier quoting [donation_id]
2021-11-21T23:53:21,974|[DEBUG] Ejb3Column - Binding column: Ejb3Column{table=org.hibernate.mapping.Table(blood_donation), mappingColumn=donation_id, insertable=true, updatable=true, unique=false}
2021-11-21T23:53:21,974|[DEBUG] ClassLoaderAccessImpl - Not known whether passed class name [bloodbank.entity.BloodDonation] is safe
2021-11-21T23:53:21,974|[DEBUG] ClassLoaderAccessImpl - No temp ClassLoader provided; using live ClassLoader for loading potentially unsafe class : bloodbank.entity.BloodDonation
2021-11-21T23:53:21,974|[DEBUG] PropertyBinder - MetadataSourceProcessor property id with lazy=false
2021-11-21T23:53:21,974|[DEBUG] AbstractPropertyHolder - Attempting to locate auto-apply AttributeConverter for property [bloodbank.entity.BloodDonation:id]
2021-11-21T23:53:21,974|[DEBUG] SimpleValueBinder - building SimpleValue for id
2021-11-21T23:53:21,974|[TRACE] NormalizingIdentifierHelperImpl - Normalizing identifier quoting [donation_id]
2021-11-21T23:53:21,974|[DEBUG] PropertyBinder - Building property id
2021-11-21T23:53:21,974|[TRACE] PropertyBinder - Cascading id with null
2021-11-21T23:53:21,974|[DEBUG] BinderHelper - #makeIdGenerator(org.hibernate.mapping.SimpleValue([org.hibernate.mapping.Column(donation_id)]), id, identity, , ...)
2021-11-21T23:53:21,974|[TRACE] AnnotationBinder - Bind @Id on id
2021-11-21T23:53:21,974|[TRACE] AnnotationBinder - Processing annotations of bloodbank.entity.BloodDonation.epochCreated
2021-11-21T23:53:21,975|[TRACE] NormalizingIdentifierHelperImpl - Normalizing identifier quoting [created]
2021-11-21T23:53:21,975|[TRACE] NormalizingIdentifierHelperImpl - Normalizing identifier quoting [created]
2021-11-21T23:53:21,975|[DEBUG] Ejb3Column - Binding column: Ejb3Column{table=org.hibernate.mapping.Table(blood_donation), mappingColumn=created, insertable=true, updatable=true, unique=false}
2021-11-21T23:53:21,975|[DEBUG] PropertyBinder - MetadataSourceProcessor property epochCreated with lazy=false
2021-11-21T23:53:21,975|[DEBUG] AbstractPropertyHolder - Attempting to locate auto-apply AttributeConverter for property [bloodbank.entity.BloodDonation:epochCreated]
2021-11-21T23:53:21,975|[DEBUG] SimpleValueBinder - building SimpleValue for epochCreated
2021-11-21T23:53:21,975|[TRACE] NormalizingIdentifierHelperImpl - Normalizing identifier quoting [created]
2021-11-21T23:53:21,975|[DEBUG] PropertyBinder - Building property epochCreated
2021-11-21T23:53:21,975|[TRACE] PropertyBinder - Cascading epochCreated with null
2021-11-21T23:53:21,975|[TRACE] AnnotationBinder - Processing annotations of bloodbank.entity.BloodDonation.epochUpdated
2021-11-21T23:53:21,975|[TRACE] NormalizingIdentifierHelperImpl - Normalizing identifier quoting [updated]
2021-11-21T23:53:21,975|[TRACE] NormalizingIdentifierHelperImpl - Normalizing identifier quoting [updated]
2021-11-21T23:53:21,975|[DEBUG] Ejb3Column - Binding column: Ejb3Column{table=org.hibernate.mapping.Table(blood_donation), mappingColumn=updated, insertable=true, updatable=true, unique=false}
2021-11-21T23:53:21,975|[DEBUG] PropertyBinder - MetadataSourceProcessor property epochUpdated with lazy=false
2021-11-21T23:53:21,975|[DEBUG] AbstractPropertyHolder - Attempting to locate auto-apply AttributeConverter for property [bloodbank.entity.BloodDonation:epochUpdated]
2021-11-21T23:53:21,975|[DEBUG] SimpleValueBinder - building SimpleValue for epochUpdated
2021-11-21T23:53:21,975|[TRACE] NormalizingIdentifierHelperImpl - Normalizing identifier quoting [updated]
2021-11-21T23:53:21,975|[DEBUG] PropertyBinder - Building property epochUpdated
2021-11-21T23:53:21,975|[TRACE] PropertyBinder - Cascading epochUpdated with null
2021-11-21T23:53:21,975|[TRACE] AnnotationBinder - Processing annotations of bloodbank.entity.BloodDonation.version
2021-11-21T23:53:21,975|[TRACE] NormalizingIdentifierHelperImpl - Normalizing identifier quoting [version]
2021-11-21T23:53:21,975|[TRACE] NormalizingIdentifierHelperImpl - Normalizing identifier quoting [version]
2021-11-21T23:53:21,975|[DEBUG] Ejb3Column - Binding column: Ejb3Column{table=org.hibernate.mapping.Table(blood_donation), mappingColumn=version, insertable=true, updatable=true, unique=false}
2021-11-21T23:53:21,975|[TRACE] AnnotationBinder - version is a version property
2021-11-21T23:53:21,975|[DEBUG] PropertyBinder - MetadataSourceProcessor property version with lazy=false
2021-11-21T23:53:21,975|[DEBUG] AbstractPropertyHolder - Attempting to locate auto-apply AttributeConverter for property [bloodbank.entity.BloodDonation:version]
2021-11-21T23:53:21,975|[DEBUG] SimpleValueBinder - building SimpleValue for version
2021-11-21T23:53:21,975|[TRACE] NormalizingIdentifierHelperImpl - Normalizing identifier quoting [version]
2021-11-21T23:53:21,975|[TRACE] NormalizingIdentifierHelperImpl - Normalizing identifier quoting [version]
2021-11-21T23:53:21,975|[TRACE] NormalizingIdentifierHelperImpl - Normalizing identifier quoting [version]
2021-11-21T23:53:21,975|[DEBUG] PropertyBinder - Building property version
2021-11-21T23:53:21,975|[TRACE] PropertyBinder - Cascading version with null
2021-11-21T23:53:21,975|[TRACE] AnnotationBinder - Version name: version, unsavedValue: undefined
2021-11-21T23:53:21,975|[TRACE] AnnotationBinder - Processing annotations of bloodbank.entity.BloodDonation.bank
2021-11-21T23:53:21,975|[TRACE] NormalizingIdentifierHelperImpl - Normalizing identifier quoting [bank_id]
2021-11-21T23:53:21,975|[DEBUG] Ejb3Column - Binding column: Ejb3JoinColumn{logicalColumnName='bank_id', referencedColumn='bank_id', mappedBy=''}
2021-11-21T23:53:21,975|[TRACE] NormalizingIdentifierHelperImpl - Normalizing identifier quoting [bank]
2021-11-21T23:53:21,975|[TRACE] NormalizingIdentifierHelperImpl - Normalizing identifier quoting [bank]
2021-11-21T23:53:21,975|[DEBUG] Ejb3Column - Binding column: Ejb3Column{table=org.hibernate.mapping.Table(blood_donation), mappingColumn=bank, insertable=true, updatable=true, unique=false}
2021-11-21T23:53:21,975|[DEBUG] PropertyBinder - Building property bank
2021-11-21T23:53:21,975|[TRACE] PropertyBinder - Cascading bank with all
2021-11-21T23:53:21,975|[TRACE] AnnotationBinder - Processing annotations of bloodbank.entity.BloodDonation.bloodType
2021-11-21T23:53:21,975|[TRACE] NormalizingIdentifierHelperImpl - Normalizing identifier quoting [bloodType]
2021-11-21T23:53:21,975|[TRACE] NormalizingIdentifierHelperImpl - Normalizing identifier quoting [bloodType]
2021-11-21T23:53:21,975|[DEBUG] Ejb3Column - Binding column: Ejb3Column{table=org.hibernate.mapping.Table(blood_donation), mappingColumn=bloodType, insertable=true, updatable=true, unique=false}
2021-11-21T23:53:21,975|[TRACE] AnnotationBinder - Binding component with path: bloodbank.entity.BloodDonation.bloodType
2021-11-21T23:53:21,975|[TRACE] AnnotationBinder - Processing annotations of bloodbank.entity.BloodType.bloodGroup
2021-11-21T23:53:21,975|[TRACE] NormalizingIdentifierHelperImpl - Normalizing identifier quoting [blood_group]
2021-11-21T23:53:21,975|[TRACE] NormalizingIdentifierHelperImpl - Normalizing identifier quoting [blood_group]
2021-11-21T23:53:21,975|[DEBUG] Ejb3Column - Binding column: Ejb3Column{table=org.hibernate.mapping.Table(blood_donation), mappingColumn=blood_group, insertable=true, updatable=true, unique=false}
2021-11-21T23:53:21,975|[DEBUG] PropertyBinder - MetadataSourceProcessor property bloodGroup with lazy=false
2021-11-21T23:53:21,975|[DEBUG] AbstractPropertyHolder - Attempting to locate auto-apply AttributeConverter for property [bloodbank.entity.BloodDonation.bloodType:bloodGroup]
2021-11-21T23:53:21,975|[DEBUG] SimpleValueBinder - building SimpleValue for bloodGroup
2021-11-21T23:53:21,975|[TRACE] NormalizingIdentifierHelperImpl - Normalizing identifier quoting [blood_group]
2021-11-21T23:53:21,975|[DEBUG] PropertyBinder - Building property bloodGroup
2021-11-21T23:53:21,975|[TRACE] PropertyBinder - Cascading bloodGroup with null
2021-11-21T23:53:21,975|[TRACE] AnnotationBinder - Processing annotations of bloodbank.entity.BloodType.rhd
2021-11-21T23:53:21,975|[TRACE] NormalizingIdentifierHelperImpl - Normalizing identifier quoting [rhd]
2021-11-21T23:53:21,975|[TRACE] NormalizingIdentifierHelperImpl - Normalizing identifier quoting [rhd]
2021-11-21T23:53:21,975|[DEBUG] Ejb3Column - Binding column: Ejb3Column{table=org.hibernate.mapping.Table(blood_donation), mappingColumn=rhd, insertable=true, updatable=true, unique=false}
2021-11-21T23:53:21,975|[DEBUG] PropertyBinder - MetadataSourceProcessor property rhd with lazy=false
2021-11-21T23:53:21,975|[DEBUG] AbstractPropertyHolder - Attempting to locate auto-apply AttributeConverter for property [bloodbank.entity.BloodDonation.bloodType:rhd]
2021-11-21T23:53:21,975|[DEBUG] SimpleValueBinder - building SimpleValue for rhd
2021-11-21T23:53:21,976|[TRACE] NormalizingIdentifierHelperImpl - Normalizing identifier quoting [rhd]
2021-11-21T23:53:21,976|[DEBUG] PropertyBinder - Building property rhd
2021-11-21T23:53:21,976|[TRACE] PropertyBinder - Cascading rhd with null
2021-11-21T23:53:21,976|[DEBUG] PropertyBinder - Building property bloodType
2021-11-21T23:53:21,976|[TRACE] PropertyBinder - Cascading bloodType with null
2021-11-21T23:53:21,976|[TRACE] AnnotationBinder - Processing annotations of bloodbank.entity.BloodDonation.milliliters
2021-11-21T23:53:21,976|[TRACE] NormalizingIdentifierHelperImpl - Normalizing identifier quoting [milliliters]
2021-11-21T23:53:21,976|[TRACE] NormalizingIdentifierHelperImpl - Normalizing identifier quoting [milliliters]
2021-11-21T23:53:21,976|[DEBUG] Ejb3Column - Binding column: Ejb3Column{table=org.hibernate.mapping.Table(blood_donation), mappingColumn=milliliters, insertable=true, updatable=true, unique=false}
2021-11-21T23:53:21,976|[DEBUG] PropertyBinder - MetadataSourceProcessor property milliliters with lazy=false
2021-11-21T23:53:21,976|[DEBUG] AbstractPropertyHolder - Attempting to locate auto-apply AttributeConverter for property [bloodbank.entity.BloodDonation:milliliters]
2021-11-21T23:53:21,976|[DEBUG] SimpleValueBinder - building SimpleValue for milliliters
2021-11-21T23:53:21,976|[TRACE] NormalizingIdentifierHelperImpl - Normalizing identifier quoting [milliliters]
2021-11-21T23:53:21,976|[DEBUG] PropertyBinder - Building property milliliters
2021-11-21T23:53:21,976|[TRACE] PropertyBinder - Cascading milliliters with null
2021-11-21T23:53:21,976|[TRACE] AnnotationBinder - Processing annotations of bloodbank.entity.BloodDonation.record
2021-11-21T23:53:21,976|[TRACE] NormalizingIdentifierHelperImpl - Normalizing identifier quoting [donation_id]
2021-11-21T23:53:21,976|[DEBUG] Ejb3Column - Binding column: Ejb3JoinColumn{logicalColumnName='donation_id', referencedColumn='donation_id', mappedBy=''}
2021-11-21T23:53:21,976|[TRACE] NormalizingIdentifierHelperImpl - Normalizing identifier quoting [record]
2021-11-21T23:53:21,976|[TRACE] NormalizingIdentifierHelperImpl - Normalizing identifier quoting [record]
2021-11-21T23:53:21,976|[DEBUG] Ejb3Column - Binding column: Ejb3Column{table=org.hibernate.mapping.Table(blood_donation), mappingColumn=record, insertable=true, updatable=true, unique=false}
2021-11-21T23:53:21,976|[TRACE] AnnotationBinder - Fetching record with SELECT
2021-11-21T23:53:21,976|[DEBUG] AnnotationBinder - Binding entity from annotated class: bloodbank.entity.BloodBank
2021-11-21T23:53:21,976|[DEBUG] QueryBinder - Binding named query: BloodBank.findAll => SELECT b FROM BloodBank b
2021-11-21T23:53:21,976|[TRACE] NormalizingIdentifierHelperImpl - Normalizing identifier quoting [privately_owned]
2021-11-21T23:53:21,976|[DEBUG] Ejb3Column - Binding column: Ejb3DiscriminatorColumn{logicalColumnName'privately_owned', discriminatorTypeName='integer'}
2021-11-21T23:53:21,976|[DEBUG] EntityBinder - Import with entity name BloodBank
2021-11-21T23:53:21,976|[TRACE] InFlightMetadataCollectorImpl - Import: BloodBank -> bloodbank.entity.BloodBank
2021-11-21T23:53:21,976|[TRACE] InFlightMetadataCollectorImpl - Import: bloodbank.entity.BloodBank -> bloodbank.entity.BloodBank
2021-11-21T23:53:21,976|[TRACE] NormalizingIdentifierHelperImpl - Normalizing identifier quoting [blood_bank]
2021-11-21T23:53:21,976|[TRACE] NormalizingIdentifierHelperImpl - Normalizing identifier quoting [blood_bank]
2021-11-21T23:53:21,976|[DEBUG] EntityBinder - Bind entity bloodbank.entity.BloodBank on table blood_bank
2021-11-21T23:53:21,976|[TRACE] NormalizingIdentifierHelperImpl - Normalizing identifier quoting [privately_owned]
2021-11-21T23:53:21,976|[TRACE] AnnotationBinder - Setting discriminator for entity bloodbank.entity.BloodBank
2021-11-21T23:53:21,976|[TRACE] AnnotationBinder - Processing annotations of bloodbank.entity.BloodBank.id
2021-11-21T23:53:21,976|[DEBUG] Ejb3Column - Column(s) overridden for property id
2021-11-21T23:53:21,976|[TRACE] NormalizingIdentifierHelperImpl - Normalizing identifier quoting [bank_id]
2021-11-21T23:53:21,976|[TRACE] NormalizingIdentifierHelperImpl - Normalizing identifier quoting [bank_id]
2021-11-21T23:53:21,976|[DEBUG] Ejb3Column - Binding column: Ejb3Column{table=org.hibernate.mapping.Table(blood_bank), mappingColumn=bank_id, insertable=true, updatable=true, unique=false}
2021-11-21T23:53:21,976|[DEBUG] ClassLoaderAccessImpl - Not known whether passed class name [bloodbank.entity.BloodBank] is safe
2021-11-21T23:53:21,976|[DEBUG] ClassLoaderAccessImpl - No temp ClassLoader provided; using live ClassLoader for loading potentially unsafe class : bloodbank.entity.BloodBank
2021-11-21T23:53:21,976|[DEBUG] PropertyBinder - MetadataSourceProcessor property id with lazy=false
2021-11-21T23:53:21,976|[DEBUG] AbstractPropertyHolder - Attempting to locate auto-apply AttributeConverter for property [bloodbank.entity.BloodBank:id]
2021-11-21T23:53:21,976|[DEBUG] SimpleValueBinder - building SimpleValue for id
2021-11-21T23:53:21,976|[TRACE] NormalizingIdentifierHelperImpl - Normalizing identifier quoting [bank_id]
2021-11-21T23:53:21,976|[DEBUG] PropertyBinder - Building property id
2021-11-21T23:53:21,976|[TRACE] PropertyBinder - Cascading id with null
2021-11-21T23:53:21,976|[DEBUG] BinderHelper - #makeIdGenerator(org.hibernate.mapping.SimpleValue([org.hibernate.mapping.Column(bank_id)]), id, identity, , ...)
2021-11-21T23:53:21,976|[TRACE] AnnotationBinder - Bind @Id on id
2021-11-21T23:53:21,976|[TRACE] AnnotationBinder - Processing annotations of bloodbank.entity.BloodBank.epochCreated
2021-11-21T23:53:21,976|[TRACE] NormalizingIdentifierHelperImpl - Normalizing identifier quoting [created]
2021-11-21T23:53:21,976|[TRACE] NormalizingIdentifierHelperImpl - Normalizing identifier quoting [created]
2021-11-21T23:53:21,976|[DEBUG] Ejb3Column - Binding column: Ejb3Column{table=org.hibernate.mapping.Table(blood_bank), mappingColumn=created, insertable=true, updatable=true, unique=false}
2021-11-21T23:53:21,976|[DEBUG] PropertyBinder - MetadataSourceProcessor property epochCreated with lazy=false
2021-11-21T23:53:21,977|[DEBUG] AbstractPropertyHolder - Attempting to locate auto-apply AttributeConverter for property [bloodbank.entity.BloodBank:epochCreated]
2021-11-21T23:53:21,977|[DEBUG] SimpleValueBinder - building SimpleValue for epochCreated
2021-11-21T23:53:21,977|[TRACE] NormalizingIdentifierHelperImpl - Normalizing identifier quoting [created]
2021-11-21T23:53:21,977|[DEBUG] PropertyBinder - Building property epochCreated
2021-11-21T23:53:21,977|[TRACE] PropertyBinder - Cascading epochCreated with null
2021-11-21T23:53:21,977|[TRACE] AnnotationBinder - Processing annotations of bloodbank.entity.BloodBank.epochUpdated
2021-11-21T23:53:21,977|[TRACE] NormalizingIdentifierHelperImpl - Normalizing identifier quoting [updated]
2021-11-21T23:53:21,977|[TRACE] NormalizingIdentifierHelperImpl - Normalizing identifier quoting [updated]
2021-11-21T23:53:21,977|[DEBUG] Ejb3Column - Binding column: Ejb3Column{table=org.hibernate.mapping.Table(blood_bank), mappingColumn=updated, insertable=true, updatable=true, unique=false}
2021-11-21T23:53:21,977|[DEBUG] PropertyBinder - MetadataSourceProcessor property epochUpdated with lazy=false
2021-11-21T23:53:21,977|[DEBUG] AbstractPropertyHolder - Attempting to locate auto-apply AttributeConverter for property [bloodbank.entity.BloodBank:epochUpdated]
2021-11-21T23:53:21,977|[DEBUG] SimpleValueBinder - building SimpleValue for epochUpdated
2021-11-21T23:53:21,977|[TRACE] NormalizingIdentifierHelperImpl - Normalizing identifier quoting [updated]
2021-11-21T23:53:21,977|[DEBUG] PropertyBinder - Building property epochUpdated
2021-11-21T23:53:21,977|[TRACE] PropertyBinder - Cascading epochUpdated with null
2021-11-21T23:53:21,977|[TRACE] AnnotationBinder - Processing annotations of bloodbank.entity.BloodBank.version
2021-11-21T23:53:21,977|[TRACE] NormalizingIdentifierHelperImpl - Normalizing identifier quoting [version]
2021-11-21T23:53:21,977|[TRACE] NormalizingIdentifierHelperImpl - Normalizing identifier quoting [version]
2021-11-21T23:53:21,977|[DEBUG] Ejb3Column - Binding column: Ejb3Column{table=org.hibernate.mapping.Table(blood_bank), mappingColumn=version, insertable=true, updatable=true, unique=false}
2021-11-21T23:53:21,977|[TRACE] AnnotationBinder - version is a version property
2021-11-21T23:53:21,977|[DEBUG] PropertyBinder - MetadataSourceProcessor property version with lazy=false
2021-11-21T23:53:21,977|[DEBUG] AbstractPropertyHolder - Attempting to locate auto-apply AttributeConverter for property [bloodbank.entity.BloodBank:version]
2021-11-21T23:53:21,977|[DEBUG] SimpleValueBinder - building SimpleValue for version
2021-11-21T23:53:21,977|[TRACE] NormalizingIdentifierHelperImpl - Normalizing identifier quoting [version]
2021-11-21T23:53:21,977|[TRACE] NormalizingIdentifierHelperImpl - Normalizing identifier quoting [version]
2021-11-21T23:53:21,977|[TRACE] NormalizingIdentifierHelperImpl - Normalizing identifier quoting [version]
2021-11-21T23:53:21,977|[DEBUG] PropertyBinder - Building property version
2021-11-21T23:53:21,977|[TRACE] PropertyBinder - Cascading version with null
2021-11-21T23:53:21,977|[TRACE] AnnotationBinder - Version name: version, unsavedValue: undefined
2021-11-21T23:53:21,977|[TRACE] AnnotationBinder - Processing annotations of bloodbank.entity.BloodBank.donations
2021-11-21T23:53:21,977|[DEBUG] Ejb3Column - Binding column: Ejb3JoinColumn{logicalColumnName='null', referencedColumn='null', mappedBy='bank'}
2021-11-21T23:53:21,977|[TRACE] NormalizingIdentifierHelperImpl - Normalizing identifier quoting [donations]
2021-11-21T23:53:21,977|[TRACE] NormalizingIdentifierHelperImpl - Normalizing identifier quoting [donations]
2021-11-21T23:53:21,977|[DEBUG] Ejb3Column - Binding column: Ejb3Column{table=org.hibernate.mapping.Table(blood_bank), mappingColumn=donations, insertable=true, updatable=true, unique=false}
2021-11-21T23:53:21,977|[DEBUG] Ejb3Column - Binding column: Ejb3Column{table=org.hibernate.mapping.Table(blood_bank), mappingColumn=null, insertable=true, updatable=true, unique=false}
2021-11-21T23:53:21,977|[TRACE] NormalizingIdentifierHelperImpl - Normalizing identifier quoting [element]
2021-11-21T23:53:21,977|[TRACE] NormalizingIdentifierHelperImpl - Normalizing identifier quoting [element]
2021-11-21T23:53:21,977|[DEBUG] Ejb3Column - Binding column: Ejb3Column{table=org.hibernate.mapping.Table(blood_bank), mappingColumn=element, insertable=true, updatable=true, unique=false}
2021-11-21T23:53:21,977|[TRACE] NormalizingIdentifierHelperImpl - Normalizing identifier quoting [donations_KEY]
2021-11-21T23:53:21,977|[DEBUG] Ejb3Column - Binding column: Ejb3Column{table=org.hibernate.mapping.Table(blood_bank), mappingColumn=donations_KEY, insertable=true, updatable=true, unique=false}
2021-11-21T23:53:21,977|[TRACE] NormalizingIdentifierHelperImpl - Normalizing identifier quoting [donations_KEY]
2021-11-21T23:53:21,977|[DEBUG] Ejb3Column - Binding column: Ejb3JoinColumn{logicalColumnName='donations_KEY', referencedColumn='null', mappedBy='null'}
2021-11-21T23:53:21,977|[DEBUG] Ejb3Column - Binding column: Ejb3JoinColumn{logicalColumnName='null', referencedColumn='null', mappedBy='bank'}
2021-11-21T23:53:21,977|[DEBUG] Ejb3Column - Binding column: Ejb3JoinColumn{logicalColumnName='null', referencedColumn='null', mappedBy='bank'}
2021-11-21T23:53:21,977|[DEBUG] CollectionBinder - Collection role: bloodbank.entity.BloodBank.donations
2021-11-21T23:53:21,977|[DEBUG] PropertyBinder - Building property donations
2021-11-21T23:53:21,977|[TRACE] PropertyBinder - Cascading donations with all
2021-11-21T23:53:21,977|[TRACE] AnnotationBinder - Processing annotations of bloodbank.entity.BloodBank.name
2021-11-21T23:53:21,977|[TRACE] NormalizingIdentifierHelperImpl - Normalizing identifier quoting [name]
2021-11-21T23:53:21,977|[TRACE] NormalizingIdentifierHelperImpl - Normalizing identifier quoting [name]
2021-11-21T23:53:21,977|[DEBUG] Ejb3Column - Binding column: Ejb3Column{table=org.hibernate.mapping.Table(blood_bank), mappingColumn=name, insertable=true, updatable=true, unique=false}
2021-11-21T23:53:21,977|[DEBUG] PropertyBinder - MetadataSourceProcessor property name with lazy=false
2021-11-21T23:53:21,977|[DEBUG] AbstractPropertyHolder - Attempting to locate auto-apply AttributeConverter for property [bloodbank.entity.BloodBank:name]
2021-11-21T23:53:21,977|[DEBUG] SimpleValueBinder - building SimpleValue for name
2021-11-21T23:53:21,977|[TRACE] NormalizingIdentifierHelperImpl - Normalizing identifier quoting [name]
2021-11-21T23:53:21,977|[DEBUG] PropertyBinder - Building property name
2021-11-21T23:53:21,977|[TRACE] PropertyBinder - Cascading name with null
2021-11-21T23:53:21,977|[DEBUG] AnnotationBinder - Binding entity from annotated class: bloodbank.entity.PrivateBloodBank
2021-11-21T23:53:21,977|[DEBUG] EntityBinder - Import with entity name PrivateBloodBank
2021-11-21T23:53:21,977|[TRACE] InFlightMetadataCollectorImpl - Import: PrivateBloodBank -> bloodbank.entity.PrivateBloodBank
2021-11-21T23:53:21,977|[TRACE] InFlightMetadataCollectorImpl - Import: bloodbank.entity.PrivateBloodBank -> bloodbank.entity.PrivateBloodBank
2021-11-21T23:53:21,977|[TRACE] NormalizingIdentifierHelperImpl - Normalizing identifier quoting [blood_bank]
2021-11-21T23:53:21,978|[DEBUG] AnnotationBinder - Binding entity from annotated class: bloodbank.entity.Address
2021-11-21T23:53:21,978|[DEBUG] QueryBinder - Binding named query: Address.findAll => SELECT a FROM Address a
2021-11-21T23:53:21,978|[TRACE] NormalizingIdentifierHelperImpl - Normalizing identifier quoting [DTYPE]
2021-11-21T23:53:21,978|[DEBUG] Ejb3Column - Binding column: Ejb3DiscriminatorColumn{logicalColumnName'DTYPE', discriminatorTypeName='string'}
2021-11-21T23:53:21,978|[DEBUG] EntityBinder - Import with entity name Address
2021-11-21T23:53:21,978|[TRACE] InFlightMetadataCollectorImpl - Import: Address -> bloodbank.entity.Address
2021-11-21T23:53:21,978|[TRACE] InFlightMetadataCollectorImpl - Import: bloodbank.entity.Address -> bloodbank.entity.Address
2021-11-21T23:53:21,978|[TRACE] NormalizingIdentifierHelperImpl - Normalizing identifier quoting [address]
2021-11-21T23:53:21,978|[TRACE] NormalizingIdentifierHelperImpl - Normalizing identifier quoting [address]
2021-11-21T23:53:21,978|[DEBUG] EntityBinder - Bind entity bloodbank.entity.Address on table address
2021-11-21T23:53:21,978|[TRACE] AnnotationBinder - Processing annotations of bloodbank.entity.Address.id
2021-11-21T23:53:21,978|[DEBUG] Ejb3Column - Column(s) overridden for property id
2021-11-21T23:53:21,978|[TRACE] NormalizingIdentifierHelperImpl - Normalizing identifier quoting [address_id]
2021-11-21T23:53:21,978|[TRACE] NormalizingIdentifierHelperImpl - Normalizing identifier quoting [address_id]
2021-11-21T23:53:21,978|[DEBUG] Ejb3Column - Binding column: Ejb3Column{table=org.hibernate.mapping.Table(address), mappingColumn=address_id, insertable=true, updatable=true, unique=false}
2021-11-21T23:53:21,978|[DEBUG] ClassLoaderAccessImpl - Not known whether passed class name [bloodbank.entity.Address] is safe
2021-11-21T23:53:21,978|[DEBUG] ClassLoaderAccessImpl - No temp ClassLoader provided; using live ClassLoader for loading potentially unsafe class : bloodbank.entity.Address
2021-11-21T23:53:21,978|[DEBUG] PropertyBinder - MetadataSourceProcessor property id with lazy=false
2021-11-21T23:53:21,978|[DEBUG] AbstractPropertyHolder - Attempting to locate auto-apply AttributeConverter for property [bloodbank.entity.Address:id]
2021-11-21T23:53:21,978|[DEBUG] SimpleValueBinder - building SimpleValue for id
2021-11-21T23:53:21,978|[TRACE] NormalizingIdentifierHelperImpl - Normalizing identifier quoting [address_id]
2021-11-21T23:53:21,978|[DEBUG] PropertyBinder - Building property id
2021-11-21T23:53:21,978|[TRACE] PropertyBinder - Cascading id with null
2021-11-21T23:53:21,978|[DEBUG] BinderHelper - #makeIdGenerator(org.hibernate.mapping.SimpleValue([org.hibernate.mapping.Column(address_id)]), id, identity, , ...)
2021-11-21T23:53:21,978|[TRACE] AnnotationBinder - Bind @Id on id
2021-11-21T23:53:21,978|[TRACE] AnnotationBinder - Processing annotations of bloodbank.entity.Address.epochCreated
2021-11-21T23:53:21,978|[TRACE] NormalizingIdentifierHelperImpl - Normalizing identifier quoting [created]
2021-11-21T23:53:21,978|[TRACE] NormalizingIdentifierHelperImpl - Normalizing identifier quoting [created]
2021-11-21T23:53:21,978|[DEBUG] Ejb3Column - Binding column: Ejb3Column{table=org.hibernate.mapping.Table(address), mappingColumn=created, insertable=true, updatable=true, unique=false}
2021-11-21T23:53:21,978|[DEBUG] PropertyBinder - MetadataSourceProcessor property epochCreated with lazy=false
2021-11-21T23:53:21,978|[DEBUG] AbstractPropertyHolder - Attempting to locate auto-apply AttributeConverter for property [bloodbank.entity.Address:epochCreated]
2021-11-21T23:53:21,978|[DEBUG] SimpleValueBinder - building SimpleValue for epochCreated
2021-11-21T23:53:21,978|[TRACE] NormalizingIdentifierHelperImpl - Normalizing identifier quoting [created]
2021-11-21T23:53:21,978|[DEBUG] PropertyBinder - Building property epochCreated
2021-11-21T23:53:21,978|[TRACE] PropertyBinder - Cascading epochCreated with null
2021-11-21T23:53:21,978|[TRACE] AnnotationBinder - Processing annotations of bloodbank.entity.Address.epochUpdated
2021-11-21T23:53:21,978|[TRACE] NormalizingIdentifierHelperImpl - Normalizing identifier quoting [updated]
2021-11-21T23:53:21,978|[TRACE] NormalizingIdentifierHelperImpl - Normalizing identifier quoting [updated]
2021-11-21T23:53:21,978|[DEBUG] Ejb3Column - Binding column: Ejb3Column{table=org.hibernate.mapping.Table(address), mappingColumn=updated, insertable=true, updatable=true, unique=false}
2021-11-21T23:53:21,978|[DEBUG] PropertyBinder - MetadataSourceProcessor property epochUpdated with lazy=false
2021-11-21T23:53:21,978|[DEBUG] AbstractPropertyHolder - Attempting to locate auto-apply AttributeConverter for property [bloodbank.entity.Address:epochUpdated]
2021-11-21T23:53:21,978|[DEBUG] SimpleValueBinder - building SimpleValue for epochUpdated
2021-11-21T23:53:21,978|[TRACE] NormalizingIdentifierHelperImpl - Normalizing identifier quoting [updated]
2021-11-21T23:53:21,978|[DEBUG] PropertyBinder - Building property epochUpdated
2021-11-21T23:53:21,978|[TRACE] PropertyBinder - Cascading epochUpdated with null
2021-11-21T23:53:21,978|[TRACE] AnnotationBinder - Processing annotations of bloodbank.entity.Address.version
2021-11-21T23:53:21,978|[TRACE] NormalizingIdentifierHelperImpl - Normalizing identifier quoting [version]
2021-11-21T23:53:21,978|[TRACE] NormalizingIdentifierHelperImpl - Normalizing identifier quoting [version]
2021-11-21T23:53:21,978|[DEBUG] Ejb3Column - Binding column: Ejb3Column{table=org.hibernate.mapping.Table(address), mappingColumn=version, insertable=true, updatable=true, unique=false}
2021-11-21T23:53:21,978|[TRACE] AnnotationBinder - version is a version property
2021-11-21T23:53:21,978|[DEBUG] PropertyBinder - MetadataSourceProcessor property version with lazy=false
2021-11-21T23:53:21,978|[DEBUG] AbstractPropertyHolder - Attempting to locate auto-apply AttributeConverter for property [bloodbank.entity.Address:version]
2021-11-21T23:53:21,978|[DEBUG] SimpleValueBinder - building SimpleValue for version
2021-11-21T23:53:21,978|[TRACE] NormalizingIdentifierHelperImpl - Normalizing identifier quoting [version]
2021-11-21T23:53:21,978|[TRACE] NormalizingIdentifierHelperImpl - Normalizing identifier quoting [version]
2021-11-21T23:53:21,978|[TRACE] NormalizingIdentifierHelperImpl - Normalizing identifier quoting [version]
2021-11-21T23:53:21,978|[DEBUG] PropertyBinder - Building property version
2021-11-21T23:53:21,978|[TRACE] PropertyBinder - Cascading version with null
2021-11-21T23:53:21,979|[TRACE] AnnotationBinder - Version name: version, unsavedValue: undefined
2021-11-21T23:53:21,979|[TRACE] AnnotationBinder - Processing annotations of bloodbank.entity.Address.city
2021-11-21T23:53:21,979|[TRACE] NormalizingIdentifierHelperImpl - Normalizing identifier quoting [city]
2021-11-21T23:53:21,979|[TRACE] NormalizingIdentifierHelperImpl - Normalizing identifier quoting [city]
2021-11-21T23:53:21,979|[DEBUG] Ejb3Column - Binding column: Ejb3Column{table=org.hibernate.mapping.Table(address), mappingColumn=city, insertable=true, updatable=true, unique=false}
2021-11-21T23:53:21,979|[DEBUG] PropertyBinder - MetadataSourceProcessor property city with lazy=false
2021-11-21T23:53:21,979|[DEBUG] AbstractPropertyHolder - Attempting to locate auto-apply AttributeConverter for property [bloodbank.entity.Address:city]
2021-11-21T23:53:21,979|[DEBUG] SimpleValueBinder - building SimpleValue for city
2021-11-21T23:53:21,979|[TRACE] NormalizingIdentifierHelperImpl - Normalizing identifier quoting [city]
2021-11-21T23:53:21,979|[TRACE] NormalizingIdentifierHelperImpl - Normalizing identifier quoting [city]
2021-11-21T23:53:21,979|[TRACE] NormalizingIdentifierHelperImpl - Normalizing identifier quoting [city]
2021-11-21T23:53:21,979|[DEBUG] PropertyBinder - Building property city
2021-11-21T23:53:21,979|[TRACE] PropertyBinder - Cascading city with null
2021-11-21T23:53:21,979|[TRACE] AnnotationBinder - Processing annotations of bloodbank.entity.Address.contacts
2021-11-21T23:53:21,979|[DEBUG] Ejb3Column - Binding column: Ejb3JoinColumn{logicalColumnName='null', referencedColumn='null', mappedBy='address'}
2021-11-21T23:53:21,979|[TRACE] NormalizingIdentifierHelperImpl - Normalizing identifier quoting [contacts]
2021-11-21T23:53:21,979|[TRACE] NormalizingIdentifierHelperImpl - Normalizing identifier quoting [contacts]
2021-11-21T23:53:21,979|[DEBUG] Ejb3Column - Binding column: Ejb3Column{table=org.hibernate.mapping.Table(address), mappingColumn=contacts, insertable=true, updatable=true, unique=false}
2021-11-21T23:53:21,979|[DEBUG] Ejb3Column - Binding column: Ejb3Column{table=org.hibernate.mapping.Table(address), mappingColumn=null, insertable=true, updatable=true, unique=false}
2021-11-21T23:53:21,979|[TRACE] NormalizingIdentifierHelperImpl - Normalizing identifier quoting [element]
2021-11-21T23:53:21,979|[TRACE] NormalizingIdentifierHelperImpl - Normalizing identifier quoting [element]
2021-11-21T23:53:21,979|[DEBUG] Ejb3Column - Binding column: Ejb3Column{table=org.hibernate.mapping.Table(address), mappingColumn=element, insertable=true, updatable=true, unique=false}
2021-11-21T23:53:21,979|[TRACE] NormalizingIdentifierHelperImpl - Normalizing identifier quoting [contacts_KEY]
2021-11-21T23:53:21,979|[DEBUG] Ejb3Column - Binding column: Ejb3Column{table=org.hibernate.mapping.Table(address), mappingColumn=contacts_KEY, insertable=true, updatable=true, unique=false}
2021-11-21T23:53:21,979|[TRACE] NormalizingIdentifierHelperImpl - Normalizing identifier quoting [contacts_KEY]
2021-11-21T23:53:21,979|[DEBUG] Ejb3Column - Binding column: Ejb3JoinColumn{logicalColumnName='contacts_KEY', referencedColumn='null', mappedBy='null'}
2021-11-21T23:53:21,979|[DEBUG] Ejb3Column - Binding column: Ejb3JoinColumn{logicalColumnName='null', referencedColumn='null', mappedBy='address'}
2021-11-21T23:53:21,979|[DEBUG] Ejb3Column - Binding column: Ejb3JoinColumn{logicalColumnName='null', referencedColumn='null', mappedBy='address'}
2021-11-21T23:53:21,979|[DEBUG] CollectionBinder - Collection role: bloodbank.entity.Address.contacts
2021-11-21T23:53:21,979|[DEBUG] PropertyBinder - Building property contacts
2021-11-21T23:53:21,979|[TRACE] PropertyBinder - Cascading contacts with none
2021-11-21T23:53:21,979|[TRACE] AnnotationBinder - Processing annotations of bloodbank.entity.Address.country
2021-11-21T23:53:21,979|[TRACE] NormalizingIdentifierHelperImpl - Normalizing identifier quoting [country]
2021-11-21T23:53:21,979|[TRACE] NormalizingIdentifierHelperImpl - Normalizing identifier quoting [country]
2021-11-21T23:53:21,979|[DEBUG] Ejb3Column - Binding column: Ejb3Column{table=org.hibernate.mapping.Table(address), mappingColumn=country, insertable=true, updatable=true, unique=false}
2021-11-21T23:53:21,979|[DEBUG] PropertyBinder - MetadataSourceProcessor property country with lazy=false
2021-11-21T23:53:21,979|[DEBUG] AbstractPropertyHolder - Attempting to locate auto-apply AttributeConverter for property [bloodbank.entity.Address:country]
2021-11-21T23:53:21,979|[DEBUG] SimpleValueBinder - building SimpleValue for country
2021-11-21T23:53:21,979|[TRACE] NormalizingIdentifierHelperImpl - Normalizing identifier quoting [country]
2021-11-21T23:53:21,979|[TRACE] NormalizingIdentifierHelperImpl - Normalizing identifier quoting [country]
2021-11-21T23:53:21,979|[TRACE] NormalizingIdentifierHelperImpl - Normalizing identifier quoting [country]
2021-11-21T23:53:21,979|[DEBUG] PropertyBinder - Building property country
2021-11-21T23:53:21,979|[TRACE] PropertyBinder - Cascading country with null
2021-11-21T23:53:21,979|[TRACE] AnnotationBinder - Processing annotations of bloodbank.entity.Address.province
2021-11-21T23:53:21,979|[TRACE] NormalizingIdentifierHelperImpl - Normalizing identifier quoting [province]
2021-11-21T23:53:21,979|[TRACE] NormalizingIdentifierHelperImpl - Normalizing identifier quoting [province]
2021-11-21T23:53:21,979|[DEBUG] Ejb3Column - Binding column: Ejb3Column{table=org.hibernate.mapping.Table(address), mappingColumn=province, insertable=true, updatable=true, unique=false}
2021-11-21T23:53:21,979|[DEBUG] PropertyBinder - MetadataSourceProcessor property province with lazy=false
2021-11-21T23:53:21,979|[DEBUG] AbstractPropertyHolder - Attempting to locate auto-apply AttributeConverter for property [bloodbank.entity.Address:province]
2021-11-21T23:53:21,979|[DEBUG] SimpleValueBinder - building SimpleValue for province
2021-11-21T23:53:21,979|[TRACE] NormalizingIdentifierHelperImpl - Normalizing identifier quoting [province]
2021-11-21T23:53:21,979|[TRACE] NormalizingIdentifierHelperImpl - Normalizing identifier quoting [province]
2021-11-21T23:53:21,979|[TRACE] NormalizingIdentifierHelperImpl - Normalizing identifier quoting [province]
2021-11-21T23:53:21,979|[DEBUG] PropertyBinder - Building property province
2021-11-21T23:53:21,979|[TRACE] PropertyBinder - Cascading province with null
2021-11-21T23:53:21,979|[TRACE] AnnotationBinder - Processing annotations of bloodbank.entity.Address.street
2021-11-21T23:53:21,979|[TRACE] NormalizingIdentifierHelperImpl - Normalizing identifier quoting [street]
2021-11-21T23:53:21,979|[TRACE] NormalizingIdentifierHelperImpl - Normalizing identifier quoting [street]
2021-11-21T23:53:21,979|[DEBUG] Ejb3Column - Binding column: Ejb3Column{table=org.hibernate.mapping.Table(address), mappingColumn=street, insertable=true, updatable=true, unique=false}
2021-11-21T23:53:21,979|[DEBUG] PropertyBinder - MetadataSourceProcessor property street with lazy=false
2021-11-21T23:53:21,979|[DEBUG] AbstractPropertyHolder - Attempting to locate auto-apply AttributeConverter for property [bloodbank.entity.Address:street]
2021-11-21T23:53:21,979|[DEBUG] SimpleValueBinder - building SimpleValue for street
2021-11-21T23:53:21,979|[TRACE] NormalizingIdentifierHelperImpl - Normalizing identifier quoting [street]
2021-11-21T23:53:21,979|[TRACE] NormalizingIdentifierHelperImpl - Normalizing identifier quoting [street]
2021-11-21T23:53:21,979|[TRACE] NormalizingIdentifierHelperImpl - Normalizing identifier quoting [street]
2021-11-21T23:53:21,979|[DEBUG] PropertyBinder - Building property street
2021-11-21T23:53:21,979|[TRACE] PropertyBinder - Cascading street with null
2021-11-21T23:53:21,979|[TRACE] AnnotationBinder - Processing annotations of bloodbank.entity.Address.streetNumber
2021-11-21T23:53:21,979|[TRACE] NormalizingIdentifierHelperImpl - Normalizing identifier quoting [street_number]
2021-11-21T23:53:21,979|[TRACE] NormalizingIdentifierHelperImpl - Normalizing identifier quoting [street_number]
2021-11-21T23:53:21,979|[DEBUG] Ejb3Column - Binding column: Ejb3Column{table=org.hibernate.mapping.Table(address), mappingColumn=street_number, insertable=true, updatable=true, unique=false}
2021-11-21T23:53:21,979|[DEBUG] PropertyBinder - MetadataSourceProcessor property streetNumber with lazy=false
2021-11-21T23:53:21,979|[DEBUG] AbstractPropertyHolder - Attempting to locate auto-apply AttributeConverter for property [bloodbank.entity.Address:streetNumber]
2021-11-21T23:53:21,979|[DEBUG] SimpleValueBinder - building SimpleValue for streetNumber
2021-11-21T23:53:21,979|[TRACE] NormalizingIdentifierHelperImpl - Normalizing identifier quoting [street_number]
2021-11-21T23:53:21,979|[DEBUG] PropertyBinder - Building property streetNumber
2021-11-21T23:53:21,979|[TRACE] PropertyBinder - Cascading streetNumber with null
2021-11-21T23:53:21,979|[TRACE] AnnotationBinder - Processing annotations of bloodbank.entity.Address.zipcode
2021-11-21T23:53:21,980|[TRACE] NormalizingIdentifierHelperImpl - Normalizing identifier quoting [zipcode]
2021-11-21T23:53:21,980|[TRACE] NormalizingIdentifierHelperImpl - Normalizing identifier quoting [zipcode]
2021-11-21T23:53:21,980|[DEBUG] Ejb3Column - Binding column: Ejb3Column{table=org.hibernate.mapping.Table(address), mappingColumn=zipcode, insertable=true, updatable=true, unique=false}
2021-11-21T23:53:21,980|[DEBUG] PropertyBinder - MetadataSourceProcessor property zipcode with lazy=false
2021-11-21T23:53:21,980|[DEBUG] AbstractPropertyHolder - Attempting to locate auto-apply AttributeConverter for property [bloodbank.entity.Address:zipcode]
2021-11-21T23:53:21,980|[DEBUG] SimpleValueBinder - building SimpleValue for zipcode
2021-11-21T23:53:21,980|[TRACE] NormalizingIdentifierHelperImpl - Normalizing identifier quoting [zipcode]
2021-11-21T23:53:21,980|[TRACE] NormalizingIdentifierHelperImpl - Normalizing identifier quoting [zipcode]
2021-11-21T23:53:21,980|[TRACE] NormalizingIdentifierHelperImpl - Normalizing identifier quoting [zipcode]
2021-11-21T23:53:21,980|[DEBUG] PropertyBinder - Building property zipcode
2021-11-21T23:53:21,980|[TRACE] PropertyBinder - Cascading zipcode with null
2021-11-21T23:53:21,980|[DEBUG] AnnotationBinder - Binding entity from annotated class: bloodbank.entity.Person
2021-11-21T23:53:21,980|[DEBUG] QueryBinder - Binding named query: Person.findAll => SELECT p FROM Person p
2021-11-21T23:53:21,980|[TRACE] NormalizingIdentifierHelperImpl - Normalizing identifier quoting [DTYPE]
2021-11-21T23:53:21,980|[DEBUG] Ejb3Column - Binding column: Ejb3DiscriminatorColumn{logicalColumnName'DTYPE', discriminatorTypeName='string'}
2021-11-21T23:53:21,980|[DEBUG] EntityBinder - Import with entity name Person
2021-11-21T23:53:21,980|[TRACE] InFlightMetadataCollectorImpl - Import: Person -> bloodbank.entity.Person
2021-11-21T23:53:21,980|[TRACE] InFlightMetadataCollectorImpl - Import: bloodbank.entity.Person -> bloodbank.entity.Person
2021-11-21T23:53:21,980|[TRACE] NormalizingIdentifierHelperImpl - Normalizing identifier quoting [person]
2021-11-21T23:53:21,980|[TRACE] NormalizingIdentifierHelperImpl - Normalizing identifier quoting [person]
2021-11-21T23:53:21,980|[DEBUG] EntityBinder - Bind entity bloodbank.entity.Person on table person
2021-11-21T23:53:21,980|[TRACE] AnnotationBinder - Processing annotations of bloodbank.entity.Person.id
2021-11-21T23:53:21,980|[DEBUG] Ejb3Column - Column(s) overridden for property id
2021-11-21T23:53:21,980|[TRACE] NormalizingIdentifierHelperImpl - Normalizing identifier quoting [id]
2021-11-21T23:53:21,980|[TRACE] NormalizingIdentifierHelperImpl - Normalizing identifier quoting [id]
2021-11-21T23:53:21,980|[DEBUG] Ejb3Column - Binding column: Ejb3Column{table=org.hibernate.mapping.Table(person), mappingColumn=id, insertable=true, updatable=true, unique=false}
2021-11-21T23:53:21,980|[DEBUG] ClassLoaderAccessImpl - Not known whether passed class name [bloodbank.entity.Person] is safe
2021-11-21T23:53:21,980|[DEBUG] ClassLoaderAccessImpl - No temp ClassLoader provided; using live ClassLoader for loading potentially unsafe class : bloodbank.entity.Person
2021-11-21T23:53:21,980|[DEBUG] PropertyBinder - MetadataSourceProcessor property id with lazy=false
2021-11-21T23:53:21,980|[DEBUG] AbstractPropertyHolder - Attempting to locate auto-apply AttributeConverter for property [bloodbank.entity.Person:id]
2021-11-21T23:53:21,980|[DEBUG] SimpleValueBinder - building SimpleValue for id
2021-11-21T23:53:21,980|[TRACE] NormalizingIdentifierHelperImpl - Normalizing identifier quoting [id]
2021-11-21T23:53:21,980|[DEBUG] PropertyBinder - Building property id
2021-11-21T23:53:21,980|[TRACE] PropertyBinder - Cascading id with null
2021-11-21T23:53:21,980|[DEBUG] BinderHelper - #makeIdGenerator(org.hibernate.mapping.SimpleValue([org.hibernate.mapping.Column(id)]), id, identity, , ...)
2021-11-21T23:53:21,980|[TRACE] AnnotationBinder - Bind @Id on id
2021-11-21T23:53:21,980|[TRACE] AnnotationBinder - Processing annotations of bloodbank.entity.Person.epochCreated
2021-11-21T23:53:21,980|[TRACE] NormalizingIdentifierHelperImpl - Normalizing identifier quoting [created]
2021-11-21T23:53:21,980|[TRACE] NormalizingIdentifierHelperImpl - Normalizing identifier quoting [created]
2021-11-21T23:53:21,980|[DEBUG] Ejb3Column - Binding column: Ejb3Column{table=org.hibernate.mapping.Table(person), mappingColumn=created, insertable=true, updatable=true, unique=false}
2021-11-21T23:53:21,980|[DEBUG] PropertyBinder - MetadataSourceProcessor property epochCreated with lazy=false
2021-11-21T23:53:21,980|[DEBUG] AbstractPropertyHolder - Attempting to locate auto-apply AttributeConverter for property [bloodbank.entity.Person:epochCreated]
2021-11-21T23:53:21,980|[DEBUG] SimpleValueBinder - building SimpleValue for epochCreated
2021-11-21T23:53:21,980|[TRACE] NormalizingIdentifierHelperImpl - Normalizing identifier quoting [created]
2021-11-21T23:53:21,980|[DEBUG] PropertyBinder - Building property epochCreated
2021-11-21T23:53:21,980|[TRACE] PropertyBinder - Cascading epochCreated with null
2021-11-21T23:53:21,980|[TRACE] AnnotationBinder - Processing annotations of bloodbank.entity.Person.epochUpdated
2021-11-21T23:53:21,980|[TRACE] NormalizingIdentifierHelperImpl - Normalizing identifier quoting [updated]
2021-11-21T23:53:21,980|[TRACE] NormalizingIdentifierHelperImpl - Normalizing identifier quoting [updated]
2021-11-21T23:53:21,980|[DEBUG] Ejb3Column - Binding column: Ejb3Column{table=org.hibernate.mapping.Table(person), mappingColumn=updated, insertable=true, updatable=true, unique=false}
2021-11-21T23:53:21,981|[DEBUG] PropertyBinder - MetadataSourceProcessor property epochUpdated with lazy=false
2021-11-21T23:53:21,981|[DEBUG] AbstractPropertyHolder - Attempting to locate auto-apply AttributeConverter for property [bloodbank.entity.Person:epochUpdated]
2021-11-21T23:53:21,981|[DEBUG] SimpleValueBinder - building SimpleValue for epochUpdated
2021-11-21T23:53:21,981|[TRACE] NormalizingIdentifierHelperImpl - Normalizing identifier quoting [updated]
2021-11-21T23:53:21,981|[DEBUG] PropertyBinder - Building property epochUpdated
2021-11-21T23:53:21,981|[TRACE] PropertyBinder - Cascading epochUpdated with null
2021-11-21T23:53:21,981|[TRACE] AnnotationBinder - Processing annotations of bloodbank.entity.Person.version
2021-11-21T23:53:21,981|[TRACE] NormalizingIdentifierHelperImpl - Normalizing identifier quoting [version]
2021-11-21T23:53:21,981|[TRACE] NormalizingIdentifierHelperImpl - Normalizing identifier quoting [version]
2021-11-21T23:53:21,981|[DEBUG] Ejb3Column - Binding column: Ejb3Column{table=org.hibernate.mapping.Table(person), mappingColumn=version, insertable=true, updatable=true, unique=false}
2021-11-21T23:53:21,981|[TRACE] AnnotationBinder - version is a version property
2021-11-21T23:53:21,981|[DEBUG] PropertyBinder - MetadataSourceProcessor property version with lazy=false
2021-11-21T23:53:21,981|[DEBUG] AbstractPropertyHolder - Attempting to locate auto-apply AttributeConverter for property [bloodbank.entity.Person:version]
2021-11-21T23:53:21,981|[DEBUG] SimpleValueBinder - building SimpleValue for version
2021-11-21T23:53:21,981|[TRACE] NormalizingIdentifierHelperImpl - Normalizing identifier quoting [version]
2021-11-21T23:53:21,981|[TRACE] NormalizingIdentifierHelperImpl - Normalizing identifier quoting [version]
2021-11-21T23:53:21,981|[TRACE] NormalizingIdentifierHelperImpl - Normalizing identifier quoting [version]
2021-11-21T23:53:21,981|[DEBUG] PropertyBinder - Building property version
2021-11-21T23:53:21,981|[TRACE] PropertyBinder - Cascading version with null
2021-11-21T23:53:21,981|[TRACE] AnnotationBinder - Version name: version, unsavedValue: undefined
2021-11-21T23:53:21,981|[TRACE] AnnotationBinder - Processing annotations of bloodbank.entity.Person.contacts
2021-11-21T23:53:21,981|[TRACE] NormalizingIdentifierHelperImpl - Normalizing identifier quoting [contacts]
2021-11-21T23:53:21,981|[TRACE] NormalizingIdentifierHelperImpl - Normalizing identifier quoting [contacts]
2021-11-21T23:53:21,981|[DEBUG] Ejb3Column - Binding column: Ejb3Column{table=org.hibernate.mapping.Table(person), mappingColumn=contacts, insertable=false, updatable=false, unique=false}
2021-11-21T23:53:21,981|[DEBUG] Ejb3Column - Binding column: Ejb3JoinColumn{logicalColumnName='null', referencedColumn='null', mappedBy='owner'}
2021-11-21T23:53:21,981|[DEBUG] Ejb3Column - Binding column: Ejb3Column{table=org.hibernate.mapping.Table(person), mappingColumn=null, insertable=true, updatable=true, unique=false}
2021-11-21T23:53:21,981|[TRACE] NormalizingIdentifierHelperImpl - Normalizing identifier quoting [element]
2021-11-21T23:53:21,981|[TRACE] NormalizingIdentifierHelperImpl - Normalizing identifier quoting [element]
2021-11-21T23:53:21,981|[DEBUG] Ejb3Column - Binding column: Ejb3Column{table=org.hibernate.mapping.Table(person), mappingColumn=element, insertable=false, updatable=false, unique=false}
2021-11-21T23:53:21,981|[TRACE] NormalizingIdentifierHelperImpl - Normalizing identifier quoting [contacts_KEY]
2021-11-21T23:53:21,981|[DEBUG] Ejb3Column - Binding column: Ejb3Column{table=org.hibernate.mapping.Table(person), mappingColumn=contacts_KEY, insertable=true, updatable=true, unique=false}
2021-11-21T23:53:21,981|[TRACE] NormalizingIdentifierHelperImpl - Normalizing identifier quoting [contacts_KEY]
2021-11-21T23:53:21,981|[DEBUG] Ejb3Column - Binding column: Ejb3JoinColumn{logicalColumnName='contacts_KEY', referencedColumn='null', mappedBy='null'}
2021-11-21T23:53:21,981|[DEBUG] Ejb3Column - Binding column: Ejb3JoinColumn{logicalColumnName='null', referencedColumn='null', mappedBy='owner'}
2021-11-21T23:53:21,981|[DEBUG] Ejb3Column - Binding column: Ejb3JoinColumn{logicalColumnName='null', referencedColumn='null', mappedBy='owner'}
2021-11-21T23:53:21,981|[DEBUG] CollectionBinder - Collection role: bloodbank.entity.Person.contacts
2021-11-21T23:53:21,981|[DEBUG] PropertyBinder - Building property contacts
2021-11-21T23:53:21,981|[TRACE] PropertyBinder - Cascading contacts with persist,merge,refresh
2021-11-21T23:53:21,981|[TRACE] AnnotationBinder - Processing annotations of bloodbank.entity.Person.donations
2021-11-21T23:53:21,981|[TRACE] NormalizingIdentifierHelperImpl - Normalizing identifier quoting [donations]
2021-11-21T23:53:21,981|[TRACE] NormalizingIdentifierHelperImpl - Normalizing identifier quoting [donations]
2021-11-21T23:53:21,981|[DEBUG] Ejb3Column - Binding column: Ejb3Column{table=org.hibernate.mapping.Table(person), mappingColumn=donations, insertable=false, updatable=false, unique=false}
2021-11-21T23:53:21,981|[DEBUG] Ejb3Column - Binding column: Ejb3JoinColumn{logicalColumnName='null', referencedColumn='null', mappedBy='owner'}
2021-11-21T23:53:21,981|[DEBUG] Ejb3Column - Binding column: Ejb3Column{table=org.hibernate.mapping.Table(person), mappingColumn=null, insertable=true, updatable=true, unique=false}
2021-11-21T23:53:21,981|[TRACE] NormalizingIdentifierHelperImpl - Normalizing identifier quoting [element]
2021-11-21T23:53:21,981|[TRACE] NormalizingIdentifierHelperImpl - Normalizing identifier quoting [element]
2021-11-21T23:53:21,981|[DEBUG] Ejb3Column - Binding column: Ejb3Column{table=org.hibernate.mapping.Table(person), mappingColumn=element, insertable=false, updatable=false, unique=false}
2021-11-21T23:53:21,981|[TRACE] NormalizingIdentifierHelperImpl - Normalizing identifier quoting [donations_KEY]
2021-11-21T23:53:21,981|[DEBUG] Ejb3Column - Binding column: Ejb3Column{table=org.hibernate.mapping.Table(person), mappingColumn=donations_KEY, insertable=true, updatable=true, unique=false}
2021-11-21T23:53:21,981|[TRACE] NormalizingIdentifierHelperImpl - Normalizing identifier quoting [donations_KEY]
2021-11-21T23:53:21,981|[DEBUG] Ejb3Column - Binding column: Ejb3JoinColumn{logicalColumnName='donations_KEY', referencedColumn='null', mappedBy='null'}
2021-11-21T23:53:21,981|[DEBUG] Ejb3Column - Binding column: Ejb3JoinColumn{logicalColumnName='null', referencedColumn='null', mappedBy='owner'}
2021-11-21T23:53:21,981|[DEBUG] Ejb3Column - Binding column: Ejb3JoinColumn{logicalColumnName='null', referencedColumn='null', mappedBy='owner'}
2021-11-21T23:53:21,981|[DEBUG] CollectionBinder - Collection role: bloodbank.entity.Person.donations
2021-11-21T23:53:21,981|[DEBUG] PropertyBinder - Building property donations
2021-11-21T23:53:21,981|[TRACE] PropertyBinder - Cascading donations with persist,merge,refresh
2021-11-21T23:53:21,981|[TRACE] AnnotationBinder - Processing annotations of bloodbank.entity.Person.firstName
2021-11-21T23:53:21,981|[TRACE] NormalizingIdentifierHelperImpl - Normalizing identifier quoting [first_name]
2021-11-21T23:53:21,981|[TRACE] NormalizingIdentifierHelperImpl - Normalizing identifier quoting [first_name]
2021-11-21T23:53:21,982|[DEBUG] Ejb3Column - Binding column: Ejb3Column{table=org.hibernate.mapping.Table(person), mappingColumn=first_name, insertable=true, updatable=true, unique=false}
2021-11-21T23:53:21,982|[DEBUG] PropertyBinder - MetadataSourceProcessor property firstName with lazy=false
2021-11-21T23:53:21,982|[DEBUG] AbstractPropertyHolder - Attempting to locate auto-apply AttributeConverter for property [bloodbank.entity.Person:firstName]
2021-11-21T23:53:21,982|[DEBUG] SimpleValueBinder - building SimpleValue for firstName
2021-11-21T23:53:21,982|[TRACE] NormalizingIdentifierHelperImpl - Normalizing identifier quoting [first_name]
2021-11-21T23:53:21,982|[DEBUG] PropertyBinder - Building property firstName
2021-11-21T23:53:21,982|[TRACE] PropertyBinder - Cascading firstName with null
2021-11-21T23:53:21,982|[TRACE] AnnotationBinder - Processing annotations of bloodbank.entity.Person.lastName
2021-11-21T23:53:21,982|[TRACE] NormalizingIdentifierHelperImpl - Normalizing identifier quoting [last_name]
2021-11-21T23:53:21,982|[TRACE] NormalizingIdentifierHelperImpl - Normalizing identifier quoting [last_name]
2021-11-21T23:53:21,982|[DEBUG] Ejb3Column - Binding column: Ejb3Column{table=org.hibernate.mapping.Table(person), mappingColumn=last_name, insertable=true, updatable=true, unique=false}
2021-11-21T23:53:21,982|[DEBUG] PropertyBinder - MetadataSourceProcessor property lastName with lazy=false
2021-11-21T23:53:21,982|[DEBUG] AbstractPropertyHolder - Attempting to locate auto-apply AttributeConverter for property [bloodbank.entity.Person:lastName]
2021-11-21T23:53:21,982|[DEBUG] SimpleValueBinder - building SimpleValue for lastName
2021-11-21T23:53:21,982|[TRACE] NormalizingIdentifierHelperImpl - Normalizing identifier quoting [last_name]
2021-11-21T23:53:21,982|[DEBUG] PropertyBinder - Building property lastName
2021-11-21T23:53:21,982|[TRACE] PropertyBinder - Cascading lastName with null
2021-11-21T23:53:21,982|[DEBUG] AnnotationBinder - Binding entity from annotated class: bloodbank.entity.PublicBloodBank
2021-11-21T23:53:21,982|[DEBUG] EntityBinder - Import with entity name PublicBloodBank
2021-11-21T23:53:21,982|[TRACE] InFlightMetadataCollectorImpl - Import: PublicBloodBank -> bloodbank.entity.PublicBloodBank
2021-11-21T23:53:21,982|[TRACE] InFlightMetadataCollectorImpl - Import: bloodbank.entity.PublicBloodBank -> bloodbank.entity.PublicBloodBank
2021-11-21T23:53:21,982|[TRACE] NormalizingIdentifierHelperImpl - Normalizing identifier quoting [blood_bank]
2021-11-21T23:53:21,982|[DEBUG] AnnotationBinder - Binding entity from annotated class: bloodbank.entity.DonationRecord
2021-11-21T23:53:21,982|[DEBUG] QueryBinder - Binding named query: DonationRecord.findAll => SELECT d FROM DonationRecord d
2021-11-21T23:53:21,982|[TRACE] NormalizingIdentifierHelperImpl - Normalizing identifier quoting [DTYPE]
2021-11-21T23:53:21,982|[DEBUG] Ejb3Column - Binding column: Ejb3DiscriminatorColumn{logicalColumnName'DTYPE', discriminatorTypeName='string'}
2021-11-21T23:53:21,982|[DEBUG] EntityBinder - Import with entity name DonationRecord
2021-11-21T23:53:21,982|[TRACE] InFlightMetadataCollectorImpl - Import: DonationRecord -> bloodbank.entity.DonationRecord
2021-11-21T23:53:21,982|[TRACE] InFlightMetadataCollectorImpl - Import: bloodbank.entity.DonationRecord -> bloodbank.entity.DonationRecord
2021-11-21T23:53:21,982|[TRACE] NormalizingIdentifierHelperImpl - Normalizing identifier quoting [donation_record]
2021-11-21T23:53:21,982|[TRACE] NormalizingIdentifierHelperImpl - Normalizing identifier quoting [donation_record]
2021-11-21T23:53:21,982|[DEBUG] EntityBinder - Bind entity bloodbank.entity.DonationRecord on table donation_record
2021-11-21T23:53:21,982|[TRACE] AnnotationBinder - Processing annotations of bloodbank.entity.DonationRecord.id
2021-11-21T23:53:21,982|[DEBUG] Ejb3Column - Column(s) overridden for property id
2021-11-21T23:53:21,982|[TRACE] NormalizingIdentifierHelperImpl - Normalizing identifier quoting [record_id]
2021-11-21T23:53:21,982|[TRACE] NormalizingIdentifierHelperImpl - Normalizing identifier quoting [record_id]
2021-11-21T23:53:21,982|[DEBUG] Ejb3Column - Binding column: Ejb3Column{table=org.hibernate.mapping.Table(donation_record), mappingColumn=record_id, insertable=true, updatable=true, unique=false}
2021-11-21T23:53:21,982|[DEBUG] ClassLoaderAccessImpl - Not known whether passed class name [bloodbank.entity.DonationRecord] is safe
2021-11-21T23:53:21,982|[DEBUG] ClassLoaderAccessImpl - No temp ClassLoader provided; using live ClassLoader for loading potentially unsafe class : bloodbank.entity.DonationRecord
2021-11-21T23:53:21,982|[DEBUG] PropertyBinder - MetadataSourceProcessor property id with lazy=false
2021-11-21T23:53:21,982|[DEBUG] AbstractPropertyHolder - Attempting to locate auto-apply AttributeConverter for property [bloodbank.entity.DonationRecord:id]
2021-11-21T23:53:21,983|[DEBUG] SimpleValueBinder - building SimpleValue for id
2021-11-21T23:53:21,983|[TRACE] NormalizingIdentifierHelperImpl - Normalizing identifier quoting [record_id]
2021-11-21T23:53:21,983|[DEBUG] PropertyBinder - Building property id
2021-11-21T23:53:21,983|[TRACE] PropertyBinder - Cascading id with null
2021-11-21T23:53:21,983|[DEBUG] BinderHelper - #makeIdGenerator(org.hibernate.mapping.SimpleValue([org.hibernate.mapping.Column(record_id)]), id, identity, , ...)
2021-11-21T23:53:21,983|[TRACE] AnnotationBinder - Bind @Id on id
2021-11-21T23:53:21,983|[TRACE] AnnotationBinder - Processing annotations of bloodbank.entity.DonationRecord.epochCreated
2021-11-21T23:53:21,983|[TRACE] NormalizingIdentifierHelperImpl - Normalizing identifier quoting [created]
2021-11-21T23:53:21,983|[TRACE] NormalizingIdentifierHelperImpl - Normalizing identifier quoting [created]
2021-11-21T23:53:21,983|[DEBUG] Ejb3Column - Binding column: Ejb3Column{table=org.hibernate.mapping.Table(donation_record), mappingColumn=created, insertable=true, updatable=true, unique=false}
2021-11-21T23:53:21,983|[DEBUG] PropertyBinder - MetadataSourceProcessor property epochCreated with lazy=false
2021-11-21T23:53:21,983|[DEBUG] AbstractPropertyHolder - Attempting to locate auto-apply AttributeConverter for property [bloodbank.entity.DonationRecord:epochCreated]
2021-11-21T23:53:21,983|[DEBUG] SimpleValueBinder - building SimpleValue for epochCreated
2021-11-21T23:53:21,983|[TRACE] NormalizingIdentifierHelperImpl - Normalizing identifier quoting [created]
2021-11-21T23:53:21,983|[DEBUG] PropertyBinder - Building property epochCreated
2021-11-21T23:53:21,983|[TRACE] PropertyBinder - Cascading epochCreated with null
2021-11-21T23:53:21,983|[TRACE] AnnotationBinder - Processing annotations of bloodbank.entity.DonationRecord.epochUpdated
2021-11-21T23:53:21,983|[TRACE] NormalizingIdentifierHelperImpl - Normalizing identifier quoting [updated]
2021-11-21T23:53:21,983|[TRACE] NormalizingIdentifierHelperImpl - Normalizing identifier quoting [updated]
2021-11-21T23:53:21,983|[DEBUG] Ejb3Column - Binding column: Ejb3Column{table=org.hibernate.mapping.Table(donation_record), mappingColumn=updated, insertable=true, updatable=true, unique=false}
2021-11-21T23:53:21,983|[DEBUG] PropertyBinder - MetadataSourceProcessor property epochUpdated with lazy=false
2021-11-21T23:53:21,983|[DEBUG] AbstractPropertyHolder - Attempting to locate auto-apply AttributeConverter for property [bloodbank.entity.DonationRecord:epochUpdated]
2021-11-21T23:53:21,983|[DEBUG] SimpleValueBinder - building SimpleValue for epochUpdated
2021-11-21T23:53:21,983|[TRACE] NormalizingIdentifierHelperImpl - Normalizing identifier quoting [updated]
2021-11-21T23:53:21,983|[DEBUG] PropertyBinder - Building property epochUpdated
2021-11-21T23:53:21,983|[TRACE] PropertyBinder - Cascading epochUpdated with null
2021-11-21T23:53:21,983|[TRACE] AnnotationBinder - Processing annotations of bloodbank.entity.DonationRecord.version
2021-11-21T23:53:21,983|[TRACE] NormalizingIdentifierHelperImpl - Normalizing identifier quoting [version]
2021-11-21T23:53:21,983|[TRACE] NormalizingIdentifierHelperImpl - Normalizing identifier quoting [version]
2021-11-21T23:53:21,983|[DEBUG] Ejb3Column - Binding column: Ejb3Column{table=org.hibernate.mapping.Table(donation_record), mappingColumn=version, insertable=true, updatable=true, unique=false}
2021-11-21T23:53:21,983|[TRACE] AnnotationBinder - version is a version property
2021-11-21T23:53:21,983|[DEBUG] PropertyBinder - MetadataSourceProcessor property version with lazy=false
2021-11-21T23:53:21,983|[DEBUG] AbstractPropertyHolder - Attempting to locate auto-apply AttributeConverter for property [bloodbank.entity.DonationRecord:version]
2021-11-21T23:53:21,983|[DEBUG] SimpleValueBinder - building SimpleValue for version
2021-11-21T23:53:21,983|[TRACE] NormalizingIdentifierHelperImpl - Normalizing identifier quoting [version]
2021-11-21T23:53:21,983|[TRACE] NormalizingIdentifierHelperImpl - Normalizing identifier quoting [version]
2021-11-21T23:53:21,983|[TRACE] NormalizingIdentifierHelperImpl - Normalizing identifier quoting [version]
2021-11-21T23:53:21,983|[DEBUG] PropertyBinder - Building property version
2021-11-21T23:53:21,983|[TRACE] PropertyBinder - Cascading version with null
2021-11-21T23:53:21,983|[TRACE] AnnotationBinder - Version name: version, unsavedValue: undefined
2021-11-21T23:53:21,983|[TRACE] AnnotationBinder - Processing annotations of bloodbank.entity.DonationRecord.donation
2021-11-21T23:53:21,983|[TRACE] NormalizingIdentifierHelperImpl - Normalizing identifier quoting [donation_id]
2021-11-21T23:53:21,983|[DEBUG] Ejb3Column - Binding column: Ejb3JoinColumn{logicalColumnName='donation_id', referencedColumn='donation_id', mappedBy=''}
2021-11-21T23:53:21,983|[TRACE] NormalizingIdentifierHelperImpl - Normalizing identifier quoting [donation]
2021-11-21T23:53:21,983|[TRACE] NormalizingIdentifierHelperImpl - Normalizing identifier quoting [donation]
2021-11-21T23:53:21,983|[DEBUG] Ejb3Column - Binding column: Ejb3Column{table=org.hibernate.mapping.Table(donation_record), mappingColumn=donation, insertable=true, updatable=true, unique=false}
2021-11-21T23:53:21,983|[TRACE] AnnotationBinder - Fetching donation with JOIN
2021-11-21T23:53:21,983|[DEBUG] PropertyBinder - Building property donation
2021-11-21T23:53:21,983|[TRACE] PropertyBinder - Cascading donation with all
2021-11-21T23:53:21,983|[TRACE] AnnotationBinder - Processing annotations of bloodbank.entity.DonationRecord.owner
2021-11-21T23:53:21,983|[TRACE] NormalizingIdentifierHelperImpl - Normalizing identifier quoting [person_id]
2021-11-21T23:53:21,983|[DEBUG] Ejb3Column - Binding column: Ejb3JoinColumn{logicalColumnName='person_id', referencedColumn='id', mappedBy=''}
2021-11-21T23:53:21,983|[TRACE] NormalizingIdentifierHelperImpl - Normalizing identifier quoting [owner]
2021-11-21T23:53:21,983|[TRACE] NormalizingIdentifierHelperImpl - Normalizing identifier quoting [owner]
2021-11-21T23:53:21,983|[DEBUG] Ejb3Column - Binding column: Ejb3Column{table=org.hibernate.mapping.Table(donation_record), mappingColumn=owner, insertable=true, updatable=true, unique=false}
2021-11-21T23:53:21,983|[DEBUG] PropertyBinder - Building property owner
2021-11-21T23:53:21,983|[TRACE] PropertyBinder - Cascading owner with none
2021-11-21T23:53:21,983|[TRACE] AnnotationBinder - Processing annotations of bloodbank.entity.DonationRecord.tested
2021-11-21T23:53:21,983|[TRACE] NormalizingIdentifierHelperImpl - Normalizing identifier quoting [tested]
2021-11-21T23:53:21,983|[TRACE] NormalizingIdentifierHelperImpl - Normalizing identifier quoting [tested]
2021-11-21T23:53:21,983|[DEBUG] Ejb3Column - Binding column: Ejb3Column{table=org.hibernate.mapping.Table(donation_record), mappingColumn=tested, insertable=true, updatable=true, unique=false}
2021-11-21T23:53:21,984|[DEBUG] PropertyBinder - MetadataSourceProcessor property tested with lazy=false
2021-11-21T23:53:21,984|[DEBUG] AbstractPropertyHolder - Attempting to locate auto-apply AttributeConverter for property [bloodbank.entity.DonationRecord:tested]
2021-11-21T23:53:21,984|[DEBUG] SimpleValueBinder - building SimpleValue for tested
2021-11-21T23:53:21,984|[TRACE] NormalizingIdentifierHelperImpl - Normalizing identifier quoting [tested]
2021-11-21T23:53:21,984|[TRACE] NormalizingIdentifierHelperImpl - Normalizing identifier quoting [tested]
2021-11-21T23:53:21,984|[TRACE] NormalizingIdentifierHelperImpl - Normalizing identifier quoting [tested]
2021-11-21T23:53:21,984|[DEBUG] PropertyBinder - Building property tested
2021-11-21T23:53:21,984|[TRACE] PropertyBinder - Cascading tested with null
2021-11-21T23:53:21,984|[DEBUG] SimpleValueBinder - Starting fillSimpleValue for personId
2021-11-21T23:53:21,984|[DEBUG] SimpleValueBinder - Starting fillSimpleValue for phoneId
2021-11-21T23:53:21,984|[DEBUG] SimpleValueBinder - Starting fillSimpleValue for epochCreated
2021-11-21T23:53:21,984|[DEBUG] SimpleValueBinder - Starting fillSimpleValue for epochUpdated
2021-11-21T23:53:21,984|[DEBUG] SimpleValueBinder - Starting fillSimpleValue for version
2021-11-21T23:53:21,984|[DEBUG] SimpleValueBinder - Starting fillSimpleValue for contactType
2021-11-21T23:53:21,984|[DEBUG] SimpleValueBinder - Starting fillSimpleValue for email
2021-11-21T23:53:21,984|[DEBUG] SimpleValueBinder - Starting fillSimpleValue for id
2021-11-21T23:53:21,984|[DEBUG] SimpleValueBinder - Starting fillSimpleValue for epochCreated
2021-11-21T23:53:21,984|[DEBUG] SimpleValueBinder - Starting fillSimpleValue for epochUpdated
2021-11-21T23:53:21,984|[DEBUG] SimpleValueBinder - Starting fillSimpleValue for version
2021-11-21T23:53:21,984|[DEBUG] SimpleValueBinder - Starting fillSimpleValue for areaCode
2021-11-21T23:53:21,984|[DEBUG] SimpleValueBinder - Starting fillSimpleValue for countryCode
2021-11-21T23:53:21,984|[DEBUG] SimpleValueBinder - Starting fillSimpleValue for number
2021-11-21T23:53:21,984|[DEBUG] SimpleValueBinder - Starting fillSimpleValue for id
2021-11-21T23:53:21,984|[DEBUG] SimpleValueBinder - Starting fillSimpleValue for epochCreated
2021-11-21T23:53:21,984|[DEBUG] SimpleValueBinder - Starting fillSimpleValue for epochUpdated
2021-11-21T23:53:21,984|[DEBUG] SimpleValueBinder - Starting fillSimpleValue for version
2021-11-21T23:53:21,984|[DEBUG] SimpleValueBinder - Starting fillSimpleValue for bloodGroup
2021-11-21T23:53:21,984|[DEBUG] SimpleValueBinder - Starting fillSimpleValue for rhd
2021-11-21T23:53:21,984|[DEBUG] SimpleValueBinder - Starting fillSimpleValue for milliliters
2021-11-21T23:53:21,984|[DEBUG] SimpleValueBinder - Starting fillSimpleValue for id
2021-11-21T23:53:21,984|[DEBUG] SimpleValueBinder - Starting fillSimpleValue for epochCreated
2021-11-21T23:53:21,984|[DEBUG] SimpleValueBinder - Starting fillSimpleValue for epochUpdated
2021-11-21T23:53:21,984|[DEBUG] SimpleValueBinder - Starting fillSimpleValue for version
2021-11-21T23:53:21,984|[DEBUG] SimpleValueBinder - Starting fillSimpleValue for name
2021-11-21T23:53:21,984|[DEBUG] SimpleValueBinder - Starting fillSimpleValue for id
2021-11-21T23:53:21,984|[DEBUG] SimpleValueBinder - Starting fillSimpleValue for epochCreated
2021-11-21T23:53:21,984|[DEBUG] SimpleValueBinder - Starting fillSimpleValue for epochUpdated
2021-11-21T23:53:21,985|[DEBUG] SimpleValueBinder - Starting fillSimpleValue for version
2021-11-21T23:53:21,985|[DEBUG] SimpleValueBinder - Starting fillSimpleValue for city
2021-11-21T23:53:21,985|[DEBUG] SimpleValueBinder - Starting fillSimpleValue for country
2021-11-21T23:53:21,985|[DEBUG] SimpleValueBinder - Starting fillSimpleValue for province
2021-11-21T23:53:21,985|[DEBUG] SimpleValueBinder - Starting fillSimpleValue for street
2021-11-21T23:53:21,985|[DEBUG] SimpleValueBinder - Starting fillSimpleValue for streetNumber
2021-11-21T23:53:21,985|[DEBUG] SimpleValueBinder - Starting fillSimpleValue for zipcode
2021-11-21T23:53:21,985|[DEBUG] SimpleValueBinder - Starting fillSimpleValue for id
2021-11-21T23:53:21,985|[DEBUG] SimpleValueBinder - Starting fillSimpleValue for epochCreated
2021-11-21T23:53:21,985|[DEBUG] SimpleValueBinder - Starting fillSimpleValue for epochUpdated
2021-11-21T23:53:21,985|[DEBUG] SimpleValueBinder - Starting fillSimpleValue for version
2021-11-21T23:53:21,985|[DEBUG] SimpleValueBinder - Starting fillSimpleValue for firstName
2021-11-21T23:53:21,985|[DEBUG] SimpleValueBinder - Starting fillSimpleValue for lastName
2021-11-21T23:53:21,985|[DEBUG] SimpleValueBinder - Starting fillSimpleValue for id
2021-11-21T23:53:21,985|[DEBUG] SimpleValueBinder - Starting fillSimpleValue for epochCreated
2021-11-21T23:53:21,985|[DEBUG] SimpleValueBinder - Starting fillSimpleValue for epochUpdated
2021-11-21T23:53:21,985|[DEBUG] SimpleValueBinder - Starting fillSimpleValue for version
2021-11-21T23:53:21,985|[DEBUG] SimpleValueBinder - Starting fillSimpleValue for tested
2021-11-21T23:53:21,985|[TRACE] NormalizingIdentifierHelperImpl - Normalizing identifier quoting [address_id]
2021-11-21T23:53:21,985|[TRACE] NormalizingIdentifierHelperImpl - Normalizing identifier quoting [address_id]
2021-11-21T23:53:21,985|[TRACE] NormalizingIdentifierHelperImpl - Normalizing identifier quoting [address_id]
2021-11-21T23:53:21,985|[TRACE] NormalizingIdentifierHelperImpl - Normalizing identifier quoting [address_id]
2021-11-21T23:53:21,985|[TRACE] NormalizingIdentifierHelperImpl - Normalizing identifier quoting [address_id]
2021-11-21T23:53:21,985|[TRACE] NormalizingIdentifierHelperImpl - Normalizing identifier quoting [address_id]
2021-11-21T23:53:21,985|[TRACE] NormalizingIdentifierHelperImpl - Normalizing identifier quoting [address_id]
2021-11-21T23:53:21,985|[TRACE] NormalizingIdentifierHelperImpl - Normalizing identifier quoting [address_id]
2021-11-21T23:53:21,985|[TRACE] NormalizingIdentifierHelperImpl - Normalizing identifier quoting [address_id]
2021-11-21T23:53:21,985|[TRACE] NormalizingIdentifierHelperImpl - Normalizing identifier quoting [id]
2021-11-21T23:53:21,985|[TRACE] NormalizingIdentifierHelperImpl - Normalizing identifier quoting [id]
2021-11-21T23:53:21,985|[TRACE] NormalizingIdentifierHelperImpl - Normalizing identifier quoting [id]
2021-11-21T23:53:21,985|[TRACE] NormalizingIdentifierHelperImpl - Normalizing identifier quoting [id]
2021-11-21T23:53:21,985|[TRACE] NormalizingIdentifierHelperImpl - Normalizing identifier quoting [id]
2021-11-21T23:53:21,985|[TRACE] NormalizingIdentifierHelperImpl - Normalizing identifier quoting [person_id]
2021-11-21T23:53:21,985|[TRACE] NormalizingIdentifierHelperImpl - Normalizing identifier quoting [id]
2021-11-21T23:53:21,985|[TRACE] NormalizingIdentifierHelperImpl - Normalizing identifier quoting [person_id]
2021-11-21T23:53:21,985|[TRACE] NormalizingIdentifierHelperImpl - Normalizing identifier quoting [person_id]
2021-11-21T23:53:21,985|[TRACE] NormalizingIdentifierHelperImpl - Normalizing identifier quoting [phone_id]
2021-11-21T23:53:21,985|[TRACE] NormalizingIdentifierHelperImpl - Normalizing identifier quoting [phone_id]
2021-11-21T23:53:21,985|[TRACE] NormalizingIdentifierHelperImpl - Normalizing identifier quoting [phone_id]
2021-11-21T23:53:21,985|[TRACE] NormalizingIdentifierHelperImpl - Normalizing identifier quoting [phone_id]
2021-11-21T23:53:21,985|[TRACE] NormalizingIdentifierHelperImpl - Normalizing identifier quoting [phone_id]
2021-11-21T23:53:21,985|[TRACE] NormalizingIdentifierHelperImpl - Normalizing identifier quoting [phone_id]
2021-11-21T23:53:21,985|[TRACE] NormalizingIdentifierHelperImpl - Normalizing identifier quoting [phone_id]
2021-11-21T23:53:21,985|[TRACE] NormalizingIdentifierHelperImpl - Normalizing identifier quoting [phone_id]
2021-11-21T23:53:21,985|[TRACE] NormalizingIdentifierHelperImpl - Normalizing identifier quoting [phone_id]
2021-11-21T23:53:21,985|[TRACE] NormalizingIdentifierHelperImpl - Normalizing identifier quoting [bank_id]
2021-11-21T23:53:21,985|[TRACE] NormalizingIdentifierHelperImpl - Normalizing identifier quoting [bank_id]
2021-11-21T23:53:21,985|[TRACE] NormalizingIdentifierHelperImpl - Normalizing identifier quoting [bank_id]
2021-11-21T23:53:21,985|[TRACE] NormalizingIdentifierHelperImpl - Normalizing identifier quoting [bank_id]
2021-11-21T23:53:21,985|[TRACE] NormalizingIdentifierHelperImpl - Normalizing identifier quoting [bank_id]
2021-11-21T23:53:21,985|[TRACE] NormalizingIdentifierHelperImpl - Normalizing identifier quoting [bank_id]
2021-11-21T23:53:21,985|[TRACE] NormalizingIdentifierHelperImpl - Normalizing identifier quoting [bank_id]
2021-11-21T23:53:21,985|[TRACE] NormalizingIdentifierHelperImpl - Normalizing identifier quoting [bank_id]
2021-11-21T23:53:21,985|[TRACE] NormalizingIdentifierHelperImpl - Normalizing identifier quoting [bank_id]
2021-11-21T23:53:21,985|[TRACE] NormalizingIdentifierHelperImpl - Normalizing identifier quoting [donation_id]
2021-11-21T23:53:21,985|[TRACE] NormalizingIdentifierHelperImpl - Normalizing identifier quoting [donation_id]
2021-11-21T23:53:21,985|[TRACE] NormalizingIdentifierHelperImpl - Normalizing identifier quoting [donation_id]
2021-11-21T23:53:21,985|[TRACE] NormalizingIdentifierHelperImpl - Normalizing identifier quoting [donation_id]
2021-11-21T23:53:21,985|[TRACE] NormalizingIdentifierHelperImpl - Normalizing identifier quoting [donation_id]
2021-11-21T23:53:21,985|[TRACE] NormalizingIdentifierHelperImpl - Normalizing identifier quoting [donation_id]
2021-11-21T23:53:21,985|[TRACE] NormalizingIdentifierHelperImpl - Normalizing identifier quoting [donation_id]
2021-11-21T23:53:21,985|[TRACE] NormalizingIdentifierHelperImpl - Normalizing identifier quoting [donation_id]
2021-11-21T23:53:21,985|[TRACE] NormalizingIdentifierHelperImpl - Normalizing identifier quoting [donation_id]
2021-11-21T23:53:21,985|[TRACE] NormalizingIdentifierHelperImpl - Normalizing identifier quoting [id]
2021-11-21T23:53:21,985|[TRACE] NormalizingIdentifierHelperImpl - Normalizing identifier quoting [id]
2021-11-21T23:53:21,985|[TRACE] NormalizingIdentifierHelperImpl - Normalizing identifier quoting [id]
2021-11-21T23:53:21,985|[TRACE] NormalizingIdentifierHelperImpl - Normalizing identifier quoting [id]
2021-11-21T23:53:21,985|[TRACE] NormalizingIdentifierHelperImpl - Normalizing identifier quoting [id]
2021-11-21T23:53:21,985|[TRACE] NormalizingIdentifierHelperImpl - Normalizing identifier quoting [person_id]
2021-11-21T23:53:21,985|[TRACE] NormalizingIdentifierHelperImpl - Normalizing identifier quoting [id]
2021-11-21T23:53:21,985|[TRACE] NormalizingIdentifierHelperImpl - Normalizing identifier quoting [person_id]
2021-11-21T23:53:21,985|[TRACE] NormalizingIdentifierHelperImpl - Normalizing identifier quoting [person_id]
2021-11-21T23:53:21,985|[DEBUG] PrimaryKey - Forcing column [person_id] to be non-null as it is part of the primary key for table [contact]
2021-11-21T23:53:21,985|[DEBUG] PrimaryKey - Forcing column [phone_id] to be non-null as it is part of the primary key for table [contact]
2021-11-21T23:53:21,985|[DEBUG] PrimaryKey - Forcing column [phone_id] to be non-null as it is part of the primary key for table [phone]
2021-11-21T23:53:21,985|[DEBUG] PrimaryKey - Forcing column [donation_id] to be non-null as it is part of the primary key for table [blood_donation]
2021-11-21T23:53:21,985|[DEBUG] PrimaryKey - Forcing column [bank_id] to be non-null as it is part of the primary key for table [blood_bank]
2021-11-21T23:53:21,985|[DEBUG] PrimaryKey - Forcing column [address_id] to be non-null as it is part of the primary key for table [address]
2021-11-21T23:53:21,985|[DEBUG] PrimaryKey - Forcing column [id] to be non-null as it is part of the primary key for table [person]
2021-11-21T23:53:21,985|[DEBUG] PrimaryKey - Forcing column [record_id] to be non-null as it is part of the primary key for table [donation_record]
2021-11-21T23:53:21,985|[DEBUG] PropertyBinder - Building property record
2021-11-21T23:53:21,985|[TRACE] PropertyBinder - Cascading record with none
2021-11-21T23:53:21,985|[DEBUG] CollectionSecondPass - Second pass for collection: bloodbank.entity.Phone.contacts
2021-11-21T23:53:21,986|[DEBUG] CollectionBinder - Binding a OneToMany: bloodbank.entity.Phone.contacts through a foreign key
2021-11-21T23:53:21,986|[DEBUG] CollectionBinder - Mapping collection: bloodbank.entity.Phone.contacts -> contact
2021-11-21T23:53:21,986|[DEBUG] TableBinder - Retrieving property bloodbank.entity.Contact.phone
2021-11-21T23:53:21,986|[DEBUG] CollectionSecondPass - Mapped collection key: phone_id, one-to-many: bloodbank.entity.Contact
2021-11-21T23:53:21,986|[DEBUG] CollectionSecondPass - Second pass for collection: bloodbank.entity.BloodBank.donations
2021-11-21T23:53:21,986|[DEBUG] CollectionBinder - Binding a OneToMany: bloodbank.entity.BloodBank.donations through a foreign key
2021-11-21T23:53:21,986|[DEBUG] CollectionBinder - Mapping collection: bloodbank.entity.BloodBank.donations -> blood_donation
2021-11-21T23:53:21,986|[DEBUG] TableBinder - Retrieving property bloodbank.entity.BloodDonation.bank
2021-11-21T23:53:21,986|[DEBUG] CollectionSecondPass - Mapped collection key: bank_id, one-to-many: bloodbank.entity.BloodDonation
2021-11-21T23:53:21,986|[DEBUG] CollectionSecondPass - Second pass for collection: bloodbank.entity.Address.contacts
2021-11-21T23:53:21,986|[DEBUG] CollectionBinder - Binding a OneToMany: bloodbank.entity.Address.contacts through a foreign key
2021-11-21T23:53:21,986|[DEBUG] CollectionBinder - Mapping collection: bloodbank.entity.Address.contacts -> contact
2021-11-21T23:53:21,986|[DEBUG] TableBinder - Retrieving property bloodbank.entity.Contact.address
2021-11-21T23:53:21,986|[DEBUG] CollectionSecondPass - Mapped collection key: address_id, one-to-many: bloodbank.entity.Contact
2021-11-21T23:53:21,986|[DEBUG] CollectionSecondPass - Second pass for collection: bloodbank.entity.Person.contacts
2021-11-21T23:53:21,986|[DEBUG] CollectionBinder - Binding a OneToMany: bloodbank.entity.Person.contacts through a foreign key
2021-11-21T23:53:21,986|[DEBUG] CollectionBinder - Mapping collection: bloodbank.entity.Person.contacts -> contact
2021-11-21T23:53:21,986|[DEBUG] TableBinder - Retrieving property bloodbank.entity.Contact.owner
2021-11-21T23:53:21,986|[DEBUG] CollectionSecondPass - Mapped collection key: person_id, one-to-many: bloodbank.entity.Contact
2021-11-21T23:53:21,986|[DEBUG] CollectionSecondPass - Second pass for collection: bloodbank.entity.Person.donations
2021-11-21T23:53:21,986|[DEBUG] CollectionBinder - Binding a OneToMany: bloodbank.entity.Person.donations through a foreign key
2021-11-21T23:53:21,986|[DEBUG] CollectionBinder - Mapping collection: bloodbank.entity.Person.donations -> donation_record
2021-11-21T23:53:21,986|[DEBUG] TableBinder - Retrieving property bloodbank.entity.DonationRecord.owner
2021-11-21T23:53:21,986|[DEBUG] CollectionSecondPass - Mapped collection key: person_id, one-to-many: bloodbank.entity.DonationRecord
2021-11-21T23:53:21,986|[DEBUG] InFlightMetadataCollectorImpl - Resolving reference to class: bloodbank.entity.BloodBank
2021-11-21T23:53:21,986|[TRACE] NormalizingIdentifierHelperImpl - Normalizing identifier quoting [bank_id]
2021-11-21T23:53:21,986|[TRACE] NormalizingIdentifierHelperImpl - Normalizing identifier quoting [FK35l5lwcy7xl2a6tvg04g7o78o]
2021-11-21T23:53:21,986|[DEBUG] InFlightMetadataCollectorImpl - Resolving reference to class: bloodbank.entity.Address
2021-11-21T23:53:21,986|[TRACE] NormalizingIdentifierHelperImpl - Normalizing identifier quoting [address_id]
2021-11-21T23:53:21,987|[TRACE] NormalizingIdentifierHelperImpl - Normalizing identifier quoting [FKl0sju2uai8cgdtic18wy5hlfr]
2021-11-21T23:53:21,987|[DEBUG] InFlightMetadataCollectorImpl - Resolving reference to class: bloodbank.entity.Person
2021-11-21T23:53:21,987|[TRACE] NormalizingIdentifierHelperImpl - Normalizing identifier quoting [person_id]
2021-11-21T23:53:21,987|[TRACE] NormalizingIdentifierHelperImpl - Normalizing identifier quoting [FKjbcdaayhsa4dhcuc5q0kkw8et]
2021-11-21T23:53:21,987|[DEBUG] InFlightMetadataCollectorImpl - Resolving reference to class: bloodbank.entity.Phone
2021-11-21T23:53:21,987|[TRACE] NormalizingIdentifierHelperImpl - Normalizing identifier quoting [phone_id]
2021-11-21T23:53:21,987|[TRACE] NormalizingIdentifierHelperImpl - Normalizing identifier quoting [FKj0erqcin09fsecb869qdkgnli]
2021-11-21T23:53:21,987|[DEBUG] InFlightMetadataCollectorImpl - Resolving reference to class: bloodbank.entity.BloodDonation
2021-11-21T23:53:21,987|[TRACE] NormalizingIdentifierHelperImpl - Normalizing identifier quoting [donation_id]
2021-11-21T23:53:21,987|[TRACE] NormalizingIdentifierHelperImpl - Normalizing identifier quoting [FK5os0h3pehrbipqs82hpi2roqi]
2021-11-21T23:53:21,987|[DEBUG] InFlightMetadataCollectorImpl - Resolving reference to class: bloodbank.entity.Person
2021-11-21T23:53:21,987|[TRACE] NormalizingIdentifierHelperImpl - Normalizing identifier quoting [person_id]
2021-11-21T23:53:21,987|[TRACE] NormalizingIdentifierHelperImpl - Normalizing identifier quoting [FKg7oj3wip5i4to211cj8e1d4nx]
2021-11-21T23:53:21,988|[DEBUG] InFlightMetadataCollectorImpl - Resolving reference to class: bloodbank.entity.BloodBank
2021-11-21T23:53:21,988|[TRACE] NormalizingIdentifierHelperImpl - Normalizing identifier quoting [bank_id]
2021-11-21T23:53:21,988|[DEBUG] InFlightMetadataCollectorImpl - Resolving reference to class: bloodbank.entity.Address
2021-11-21T23:53:21,988|[TRACE] NormalizingIdentifierHelperImpl - Normalizing identifier quoting [address_id]
2021-11-21T23:53:21,988|[DEBUG] InFlightMetadataCollectorImpl - Resolving reference to class: bloodbank.entity.Person
2021-11-21T23:53:21,988|[TRACE] NormalizingIdentifierHelperImpl - Normalizing identifier quoting [person_id]
2021-11-21T23:53:21,988|[DEBUG] InFlightMetadataCollectorImpl - Resolving reference to class: bloodbank.entity.Phone
2021-11-21T23:53:21,988|[TRACE] NormalizingIdentifierHelperImpl - Normalizing identifier quoting [phone_id]
2021-11-21T23:53:21,988|[DEBUG] InFlightMetadataCollectorImpl - Resolving reference to class: bloodbank.entity.BloodDonation
2021-11-21T23:53:21,988|[TRACE] NormalizingIdentifierHelperImpl - Normalizing identifier quoting [donation_id]
2021-11-21T23:53:21,988|[DEBUG] InFlightMetadataCollectorImpl - Resolving reference to class: bloodbank.entity.Person
2021-11-21T23:53:21,988|[TRACE] NormalizingIdentifierHelperImpl - Normalizing identifier quoting [person_id]
2021-11-21T23:53:21,988|[TRACE] AbstractServiceRegistryImpl - Initializing service [role=org.hibernate.property.access.spi.PropertyAccessStrategyResolver]
2021-11-21T23:53:21,988|[TRACE] AbstractServiceRegistryImpl - Initializing service [role=org.hibernate.boot.spi.SessionFactoryBuilderService]
2021-11-21T23:53:21,989|[TRACE] BatchFetchStyle - Interpreting BatchFetchStyle from setting : null
2021-11-21T23:53:21,989|[TRACE] AbstractServiceRegistryImpl - Initializing service [role=org.hibernate.resource.transaction.spi.TransactionCoordinatorBuilder]
2021-11-21T23:53:21,989|[TRACE] AbstractServiceRegistryImpl - Initializing service [role=org.hibernate.bytecode.spi.BytecodeProvider]
2021-11-21T23:53:21,989|[DEBUG] SessionFactoryImpl - Building session factory
2021-11-21T23:53:21,989|[DEBUG] Settings - SessionFactory name : null
2021-11-21T23:53:21,989|[DEBUG] Settings - Automatic flush during beforeCompletion(): enabled
2021-11-21T23:53:21,989|[DEBUG] Settings - Automatic session close at end of transaction: disabled
2021-11-21T23:53:21,989|[DEBUG] Settings - Statistics: disabled
2021-11-21T23:53:21,989|[DEBUG] Settings - Deleted entity synthetic identifier rollback: disabled
2021-11-21T23:53:21,989|[DEBUG] Settings - Default entity-mode: pojo
2021-11-21T23:53:21,989|[DEBUG] Settings - Check Nullability in Core (should be disabled when Bean Validation is on): enabled
2021-11-21T23:53:21,989|[DEBUG] Settings - Allow initialization of lazy state outside session : disabled
2021-11-21T23:53:21,990|[DEBUG] Settings - Using BatchFetchStyle : LEGACY
2021-11-21T23:53:21,990|[DEBUG] Settings - Default batch fetch size: -1
2021-11-21T23:53:21,990|[DEBUG] Settings - Maximum outer join fetch depth: 2
2021-11-21T23:53:21,990|[DEBUG] Settings - Default null ordering: NONE
2021-11-21T23:53:21,990|[DEBUG] Settings - Order SQL updates by primary key: disabled
2021-11-21T23:53:21,990|[DEBUG] Settings - Order SQL inserts for batching: disabled
2021-11-21T23:53:21,990|[DEBUG] Settings - multi-tenancy strategy : NONE
2021-11-21T23:53:21,990|[DEBUG] Settings - JTA Track by Thread: enabled
2021-11-21T23:53:21,990|[DEBUG] Settings - Query language substitutions: {}
2021-11-21T23:53:21,990|[DEBUG] Settings - Named query checking : enabled
2021-11-21T23:53:21,990|[DEBUG] Settings - Second-level cache: disabled
2021-11-21T23:53:21,990|[DEBUG] Settings - Second-level query cache: disabled
2021-11-21T23:53:21,990|[DEBUG] Settings - Second-level query cache factory: null
2021-11-21T23:53:21,990|[DEBUG] Settings - Second-level cache region prefix: null
2021-11-21T23:53:21,990|[DEBUG] Settings - Optimize second-level cache for minimal puts: disabled
2021-11-21T23:53:21,990|[DEBUG] Settings - Structured second-level cache entries: disabled
2021-11-21T23:53:21,990|[DEBUG] Settings - Second-level cache direct-reference entries: disabled
2021-11-21T23:53:21,990|[DEBUG] Settings - Automatic eviction of collection cache: disabled
2021-11-21T23:53:21,990|[DEBUG] Settings - JDBC batch size: 15
2021-11-21T23:53:21,990|[DEBUG] Settings - JDBC batch updates for versioned data: enabled
2021-11-21T23:53:21,990|[DEBUG] Settings - Scrollable result sets: enabled
2021-11-21T23:53:21,990|[DEBUG] Settings - Wrap result sets: disabled
2021-11-21T23:53:21,990|[DEBUG] Settings - JDBC3 getGeneratedKeys(): enabled
2021-11-21T23:53:21,990|[DEBUG] Settings - JDBC result set fetch size: null
2021-11-21T23:53:21,990|[DEBUG] Settings - Connection release mode: AFTER_TRANSACTION
2021-11-21T23:53:21,990|[DEBUG] Settings - Generate SQL with comments: enabled
2021-11-21T23:53:21,990|[DEBUG] Settings - JPA compliance - query : disabled
2021-11-21T23:53:21,990|[DEBUG] Settings - JPA compliance - closed-handling : disabled
2021-11-21T23:53:21,990|[DEBUG] Settings - JPA compliance - lists : disabled
2021-11-21T23:53:21,990|[DEBUG] Settings - JPA compliance - transactions : disabled
2021-11-21T23:53:21,990|[TRACE] AbstractServiceRegistryImpl - Initializing service [role=org.hibernate.service.spi.SessionFactoryServiceRegistryFactory]
2021-11-21T23:53:21,990|[TRACE] AbstractServiceRegistryImpl - Initializing service [role=org.hibernate.event.service.spi.EventListenerRegistry]
2021-11-21T23:53:21,990|[TRACE] AbstractServiceRegistryImpl - Initializing service [role=org.hibernate.resource.beans.spi.ManagedBeanRegistry]
2021-11-21T23:53:21,990|[INFO ] beans - HHH10005002: No explicit CDI BeanManager reference was passed to Hibernate, but CDI is available on the Hibernate ClassLoader.
2021-11-21T23:53:22,006|[TRACE] FallbackBeanInstanceProducer - Creating ManagedBean(bloodbank.entity.PojoCompositeListener) using direct instantiation
2021-11-21T23:53:22,006|[DEBUG] CallbackBuilderLegacyImpl - Adding setUpdatedDate as PreUpdate callback for entity bloodbank.entity.Contact
2021-11-21T23:53:22,007|[DEBUG] CallbackBuilderLegacyImpl - Adding setCreatedOnDate as PrePersist callback for entity bloodbank.entity.Contact
2021-11-21T23:53:22,007|[TRACE] FallbackBeanInstanceProducer - Creating ManagedBean(bloodbank.entity.PojoListener) using direct instantiation
2021-11-21T23:53:22,007|[DEBUG] CallbackBuilderLegacyImpl - Adding setUpdatedDate as PreUpdate callback for entity bloodbank.entity.Phone
2021-11-21T23:53:22,007|[DEBUG] CallbackBuilderLegacyImpl - Adding setCreatedOnDate as PrePersist callback for entity bloodbank.entity.Phone
2021-11-21T23:53:22,007|[DEBUG] CallbackBuilderLegacyImpl - Adding setUpdatedDate as PreUpdate callback for entity bloodbank.entity.BloodDonation
2021-11-21T23:53:22,007|[DEBUG] CallbackBuilderLegacyImpl - Adding setCreatedOnDate as PrePersist callback for entity bloodbank.entity.BloodDonation
2021-11-21T23:53:22,007|[DEBUG] CallbackBuilderLegacyImpl - Adding setUpdatedDate as PreUpdate callback for entity bloodbank.entity.BloodBank
2021-11-21T23:53:22,007|[DEBUG] CallbackBuilderLegacyImpl - Adding setCreatedOnDate as PrePersist callback for entity bloodbank.entity.BloodBank
2021-11-21T23:53:22,008|[DEBUG] ClassLoaderAccessImpl - Not known whether passed class name [bloodbank.entity.PrivateBloodBank] is safe
2021-11-21T23:53:22,008|[DEBUG] ClassLoaderAccessImpl - No temp ClassLoader provided; using live ClassLoader for loading potentially unsafe class : bloodbank.entity.PrivateBloodBank
2021-11-21T23:53:22,008|[DEBUG] CallbackBuilderLegacyImpl - Adding setUpdatedDate as PreUpdate callback for entity bloodbank.entity.PrivateBloodBank
2021-11-21T23:53:22,008|[DEBUG] CallbackBuilderLegacyImpl - Adding setCreatedOnDate as PrePersist callback for entity bloodbank.entity.PrivateBloodBank
2021-11-21T23:53:22,008|[DEBUG] CallbackBuilderLegacyImpl - Adding setUpdatedDate as PreUpdate callback for entity bloodbank.entity.DonationRecord
2021-11-21T23:53:22,008|[DEBUG] CallbackBuilderLegacyImpl - Adding setCreatedOnDate as PrePersist callback for entity bloodbank.entity.DonationRecord
2021-11-21T23:53:22,008|[DEBUG] CallbackBuilderLegacyImpl - Adding setUpdatedDate as PreUpdate callback for entity bloodbank.entity.Address
2021-11-21T23:53:22,008|[DEBUG] CallbackBuilderLegacyImpl - Adding setCreatedOnDate as PrePersist callback for entity bloodbank.entity.Address
2021-11-21T23:53:22,008|[DEBUG] CallbackBuilderLegacyImpl - Adding setUpdatedDate as PreUpdate callback for entity bloodbank.entity.Person
2021-11-21T23:53:22,008|[DEBUG] CallbackBuilderLegacyImpl - Adding setCreatedOnDate as PrePersist callback for entity bloodbank.entity.Person
2021-11-21T23:53:22,008|[DEBUG] ClassLoaderAccessImpl - Not known whether passed class name [bloodbank.entity.PublicBloodBank] is safe
2021-11-21T23:53:22,008|[DEBUG] ClassLoaderAccessImpl - No temp ClassLoader provided; using live ClassLoader for loading potentially unsafe class : bloodbank.entity.PublicBloodBank
2021-11-21T23:53:22,009|[DEBUG] CallbackBuilderLegacyImpl - Adding setUpdatedDate as PreUpdate callback for entity bloodbank.entity.PublicBloodBank
2021-11-21T23:53:22,009|[DEBUG] CallbackBuilderLegacyImpl - Adding setCreatedOnDate as PrePersist callback for entity bloodbank.entity.PublicBloodBank
2021-11-21T23:53:22,009|[TRACE] AbstractServiceRegistryImpl - Initializing service [role=org.hibernate.cache.spi.CacheImplementor]
2021-11-21T23:53:22,009|[DEBUG] SessionFactoryImpl - Session factory constructed with filter configurations : {}
2021-11-21T23:53:22,009|[DEBUG] SessionFactoryImpl - Instantiating session factory with properties: {sun.desktop=windows, awt.toolkit=sun.awt.windows.WToolkit, hibernate.format_sql=true, java.specification.version=11, sun.cpu.isalist=amd64, sun.jnu.encoding=Cp1252, hibernate.dialect=org.hibernate.dialect.MySQL8Dialect, java.class.path=C:\Users\Herman\Desktop\School\Level 4\Jave Enterprise Application\Assignment_3\BloodBank-JPA-Mapping-JUnit-Skeleton\target\test-classes;C:\Users\Herman\.m2\repository\org\junit\jupiter\junit-jupiter\5.7.0\junit-jupiter-5.7.0.jar;C:\Users\Herman\.m2\repository\org\junit\jupiter\junit-jupiter-api\5.7.0\junit-jupiter-api-5.7.0.jar;C:\Users\Herman\.m2\repository\org\apiguardian\apiguardian-api\1.1.0\apiguardian-api-1.1.0.jar;C:\Users\Herman\.m2\repository\org\opentest4j\opentest4j\1.2.0\opentest4j-1.2.0.jar;C:\Users\Herman\.m2\repository\org\junit\platform\junit-platform-commons\1.7.0\junit-platform-commons-1.7.0.jar;C:\Users\Herman\.m2\repository\org\junit\jupiter\junit-jupiter-params\5.7.0\junit-jupiter-params-5.7.0.jar;C:\Users\Herman\.m2\repository\org\junit\jupiter\junit-jupiter-engine\5.7.0\junit-jupiter-engine-5.7.0.jar;C:\Users\Herman\.m2\repository\org\junit\platform\junit-platform-engine\1.7.0\junit-platform-engine-1.7.0.jar;C:\Users\Herman\.m2\repository\org\hamcrest\hamcrest\2.2\hamcrest-2.2.jar;C:\Users\Herman\.m2\repository\org\hamcrest\hamcrest-library\2.2\hamcrest-library-2.2.jar;C:\Users\Herman\.m2\repository\org\hamcrest\hamcrest-core\2.2\hamcrest-core-2.2.jar;C:\Users\Herman\.m2\repository\org\apache\logging\log4j\log4j-core\2.14.0\log4j-core-2.14.0.jar;C:\Users\Herman\.m2\repository\org\jboss\logging\jboss-logging\3.4.1.Final\jboss-logging-3.4.1.Final.jar;C:\Users\Herman\.m2\repository\org\javassist\javassist\3.27.0-GA\javassist-3.27.0-GA.jar;C:\Users\Herman\.m2\repository\net\bytebuddy\byte-buddy\1.10.17\byte-buddy-1.10.17.jar;C:\Users\Herman\.m2\repository\antlr\antlr\2.7.7\antlr-2.7.7.jar;C:\Users\Herman\.m2\repository\org\jboss\spec\javax\transaction\jboss-transaction-api_1.2_spec\1.1.1.Final\jboss-transaction-api_1.2_spec-1.1.1.Final.jar;C:\Users\Herman\.m2\repository\org\jboss\jandex\2.1.3.Final\jandex-2.1.3.Final.jar;C:\Users\Herman\.m2\repository\com\fasterxml\classmate\1.5.1\classmate-1.5.1.jar;C:\Users\Herman\.m2\repository\javax\activation\javax.activation-api\1.2.0\javax.activation-api-1.2.0.jar;C:\Users\Herman\.m2\repository\org\dom4j\dom4j\2.1.3\dom4j-2.1.3.jar;C:\Users\Herman\.m2\repository\org\hibernate\common\hibernate-commons-annotations\5.1.2.Final\hibernate-commons-annotations-5.1.2.Final.jar;C:\Users\Herman\.m2\repository\javax\xml\bind\jaxb-api\2.3.1\jaxb-api-2.3.1.jar;C:\Users\Herman\.m2\repository\org\glassfish\jaxb\jaxb-runtime\2.3.1\jaxb-runtime-2.3.1.jar;C:\Users\Herman\.m2\repository\org\glassfish\jaxb\txw2\2.3.1\txw2-2.3.1.jar;C:\Users\Herman\.m2\repository\com\sun\istack\istack-commons-runtime\3.0.7\istack-commons-runtime-3.0.7.jar;C:\Users\Herman\.m2\repository\org\jvnet\staxex\stax-ex\1.8\stax-ex-1.8.jar;C:\Users\Herman\.m2\repository\com\sun\xml\fastinfoset\FastInfoset\1.2.15\FastInfoset-1.2.15.jar;C:\Users\Herman\.m2\repository\mysql\mysql-connector-java\8.0.23\mysql-connector-java-8.0.23.jar;C:\Users\Herman\.m2\repository\com\google\protobuf\protobuf-java\3.11.4\protobuf-java-3.11.4.jar;, java.vm.vendor=AdoptOpenJDK, sun.arch.data.model=64, user.variant=, java.vendor.url=https://adoptopenjdk.net/, user.timezone=America/New_York, javax.persistence.jdbc.url=jdbc:mysql://localhost:3306/bloodbank?createDatabaseIfNotExist=true&zeroDateTimeBehavior=convertToNull, javax.persistence.jdbc.user=****, os.name=Windows 10, java.vm.specification.version=11, javax.persistence.schema-generation.create-script-source=META-INF/sql/bloodbank-create.sql, sun.java.launcher=SUN_STANDARD, user.country=CA, local.setting.IS_JTA_TXN_COORD=false, sun.boot.library.path=C:\Program Files\AdoptOpenJDK\jdk-11.0.11.9-hotspot\bin, sun.java.command=org.apache.maven.surefire.booter.ForkedBooter C:\Users\Herman\AppData\Local\Temp\surefire18371099998671694897 2021-11-21T23-53-14_928-jvmRun1 surefire350140961489495685tmp surefire_01548292716285537178tmp, hibernate.use_sql_comments=true, jdk.debug=release, surefire.test.class.path=C:\Users\Herman\Desktop\School\Level 4\Jave Enterprise Application\Assignment_3\BloodBank-JPA-Mapping-JUnit-Skeleton\target\test-classes;C:\Users\Herman\.m2\repository\org\junit\jupiter\junit-jupiter\5.7.0\junit-jupiter-5.7.0.jar;C:\Users\Herman\.m2\repository\org\junit\jupiter\junit-jupiter-api\5.7.0\junit-jupiter-api-5.7.0.jar;C:\Users\Herman\.m2\repository\org\apiguardian\apiguardian-api\1.1.0\apiguardian-api-1.1.0.jar;C:\Users\Herman\.m2\repository\org\opentest4j\opentest4j\1.2.0\opentest4j-1.2.0.jar;C:\Users\Herman\.m2\repository\org\junit\platform\junit-platform-commons\1.7.0\junit-platform-commons-1.7.0.jar;C:\Users\Herman\.m2\repository\org\junit\jupiter\junit-jupiter-params\5.7.0\junit-jupiter-params-5.7.0.jar;C:\Users\Herman\.m2\repository\org\junit\jupiter\junit-jupiter-engine\5.7.0\junit-jupiter-engine-5.7.0.jar;C:\Users\Herman\.m2\repository\org\junit\platform\junit-platform-engine\1.7.0\junit-platform-engine-1.7.0.jar;C:\Users\Herman\.m2\repository\org\hamcrest\hamcrest\2.2\hamcrest-2.2.jar;C:\Users\Herman\.m2\repository\org\hamcrest\hamcrest-library\2.2\hamcrest-library-2.2.jar;C:\Users\Herman\.m2\repository\org\hamcrest\hamcrest-core\2.2\hamcrest-core-2.2.jar;C:\Users\Herman\.m2\repository\org\apache\logging\log4j\log4j-core\2.14.0\log4j-core-2.14.0.jar;C:\Users\Herman\.m2\repository\org\jboss\logging\jboss-logging\3.4.1.Final\jboss-logging-3.4.1.Final.jar;C:\Users\Herman\.m2\repository\org\javassist\javassist\3.27.0-GA\javassist-3.27.0-GA.jar;C:\Users\Herman\.m2\repository\net\bytebuddy\byte-buddy\1.10.17\byte-buddy-1.10.17.jar;C:\Users\Herman\.m2\repository\antlr\antlr\2.7.7\antlr-2.7.7.jar;C:\Users\Herman\.m2\repository\org\jboss\spec\javax\transaction\jboss-transaction-api_1.2_spec\1.1.1.Final\jboss-transaction-api_1.2_spec-1.1.1.Final.jar;C:\Users\Herman\.m2\repository\org\jboss\jandex\2.1.3.Final\jandex-2.1.3.Final.jar;C:\Users\Herman\.m2\repository\com\fasterxml\classmate\1.5.1\classmate-1.5.1.jar;C:\Users\Herman\.m2\repository\javax\activation\javax.activation-api\1.2.0\javax.activation-api-1.2.0.jar;C:\Users\Herman\.m2\repository\org\dom4j\dom4j\2.1.3\dom4j-2.1.3.jar;C:\Users\Herman\.m2\repository\org\hibernate\common\hibernate-commons-annotations\5.1.2.Final\hibernate-commons-annotations-5.1.2.Final.jar;C:\Users\Herman\.m2\repository\javax\xml\bind\jaxb-api\2.3.1\jaxb-api-2.3.1.jar;C:\Users\Herman\.m2\repository\org\glassfish\jaxb\jaxb-runtime\2.3.1\jaxb-runtime-2.3.1.jar;C:\Users\Herman\.m2\repository\org\glassfish\jaxb\txw2\2.3.1\txw2-2.3.1.jar;C:\Users\Herman\.m2\repository\com\sun\istack\istack-commons-runtime\3.0.7\istack-commons-runtime-3.0.7.jar;C:\Users\Herman\.m2\repository\org\jvnet\staxex\stax-ex\1.8\stax-ex-1.8.jar;C:\Users\Herman\.m2\repository\com\sun\xml\fastinfoset\FastInfoset\1.2.15\FastInfoset-1.2.15.jar;C:\Users\Herman\.m2\repository\mysql\mysql-connector-java\8.0.23\mysql-connector-java-8.0.23.jar;C:\Users\Herman\.m2\repository\com\google\protobuf\protobuf-java\3.11.4\protobuf-java-3.11.4.jar;, sun.cpu.endian=little, user.home=C:\Users\Herman, user.language=en, java.specification.vendor=Oracle Corporation, jdk.module.path=C:\Users\Herman\Desktop\School\Level 4\Jave Enterprise Application\Assignment_3\BloodBank-JPA-Mapping-JUnit-Skeleton\target\classes;C:\Users\Herman\.m2\repository\org\apache\logging\log4j\log4j-api\2.14.0\log4j-api-2.14.0.jar;C:\Users\Herman\.m2\repository\org\hibernate\hibernate-core\5.4.27.Final\hibernate-core-5.4.27.Final.jar;C:\Users\Herman\.m2\repository\jakarta\platform\jakarta.jakartaee-api\8.0.0\jakarta.jakartaee-api-8.0.0.jar, java.version.date=2021-04-20, generateReports=false, java.home=C:\Program Files\AdoptOpenJDK\jdk-11.0.11.9-hotspot, file.separator=\, basedir=C:\Users\Herman\Desktop\School\Level 4\Jave Enterprise Application\Assignment_3\BloodBank-JPA-Mapping-JUnit-Skeleton, java.vm.compressedOopsMode=32-bit, line.separator=
, java.specification.name=Java Platform API Specification, java.vm.specification.vendor=Oracle Corporation, hibernate.transaction.coordinator_class=class org.hibernate.resource.transaction.backend.jdbc.internal.JdbcResourceLocalTransactionCoordinatorBuilderImpl, java.awt.graphicsenv=sun.awt.Win32GraphicsEnvironment, javax.persistence.jdbc.driver=com.mysql.cj.jdbc.Driver, surefire.real.class.path=C:\Users\Herman\.m2\repository\org\apache\maven\surefire\surefire-booter\3.0.0-M5\surefire-booter-3.0.0-M5.jar;C:\Users\Herman\.m2\repository\org\apache\maven\surefire\surefire-api\3.0.0-M5\surefire-api-3.0.0-M5.jar;C:\Users\Herman\.m2\repository\org\apache\maven\surefire\surefire-logger-api\3.0.0-M5\surefire-logger-api-3.0.0-M5.jar;C:\Users\Herman\.m2\repository\org\apache\maven\surefire\surefire-shared-utils\3.0.0-M4\surefire-shared-utils-3.0.0-M4.jar;C:\Users\Herman\.m2\repository\org\apache\maven\surefire\surefire-extensions-spi\3.0.0-M5\surefire-extensions-spi-3.0.0-M5.jar;C:\Users\Herman\Desktop\School\Level 4\Jave Enterprise Application\Assignment_3\BloodBank-JPA-Mapping-JUnit-Skeleton\target\test-classes;C:\Users\Herman\.m2\repository\org\junit\jupiter\junit-jupiter\5.7.0\junit-jupiter-5.7.0.jar;C:\Users\Herman\.m2\repository\org\junit\jupiter\junit-jupiter-api\5.7.0\junit-jupiter-api-5.7.0.jar;C:\Users\Herman\.m2\repository\org\apiguardian\apiguardian-api\1.1.0\apiguardian-api-1.1.0.jar;C:\Users\Herman\.m2\repository\org\opentest4j\opentest4j\1.2.0\opentest4j-1.2.0.jar;C:\Users\Herman\.m2\repository\org\junit\platform\junit-platform-commons\1.7.0\junit-platform-commons-1.7.0.jar;C:\Users\Herman\.m2\repository\org\junit\jupiter\junit-jupiter-params\5.7.0\junit-jupiter-params-5.7.0.jar;C:\Users\Herman\.m2\repository\org\junit\jupiter\junit-jupiter-engine\5.7.0\junit-jupiter-engine-5.7.0.jar;C:\Users\Herman\.m2\repository\org\junit\platform\junit-platform-engine\1.7.0\junit-platform-engine-1.7.0.jar;C:\Users\Herman\.m2\repository\org\hamcrest\hamcrest\2.2\hamcrest-2.2.jar;C:\Users\Herman\.m2\repository\org\hamcrest\hamcrest-library\2.2\hamcrest-library-2.2.jar;C:\Users\Herman\.m2\repository\org\hamcrest\hamcrest-core\2.2\hamcrest-core-2.2.jar;C:\Users\Herman\.m2\repository\org\apache\logging\log4j\log4j-core\2.14.0\log4j-core-2.14.0.jar;C:\Users\Herman\.m2\repository\org\jboss\logging\jboss-logging\3.4.1.Final\jboss-logging-3.4.1.Final.jar;C:\Users\Herman\.m2\repository\org\javassist\javassist\3.27.0-GA\javassist-3.27.0-GA.jar;C:\Users\Herman\.m2\repository\net\bytebuddy\byte-buddy\1.10.17\byte-buddy-1.10.17.jar;C:\Users\Herman\.m2\repository\antlr\antlr\2.7.7\antlr-2.7.7.jar;C:\Users\Herman\.m2\repository\org\jboss\spec\javax\transaction\jboss-transaction-api_1.2_spec\1.1.1.Final\jboss-transaction-api_1.2_spec-1.1.1.Final.jar;C:\Users\Herman\.m2\repository\org\jboss\jandex\2.1.3.Final\jandex-2.1.3.Final.jar;C:\Users\Herman\.m2\repository\com\fasterxml\classmate\1.5.1\classmate-1.5.1.jar;C:\Users\Herman\.m2\repository\javax\activation\javax.activation-api\1.2.0\javax.activation-api-1.2.0.jar;C:\Users\Herman\.m2\repository\org\dom4j\dom4j\2.1.3\dom4j-2.1.3.jar;C:\Users\Herman\.m2\repository\org\hibernate\common\hibernate-commons-annotations\5.1.2.Final\hibernate-commons-annotations-5.1.2.Final.jar;C:\Users\Herman\.m2\repository\javax\xml\bind\jaxb-api\2.3.1\jaxb-api-2.3.1.jar;C:\Users\Herman\.m2\repository\org\glassfish\jaxb\jaxb-runtime\2.3.1\jaxb-runtime-2.3.1.jar;C:\Users\Herman\.m2\repository\org\glassfish\jaxb\txw2\2.3.1\txw2-2.3.1.jar;C:\Users\Herman\.m2\repository\com\sun\istack\istack-commons-runtime\3.0.7\istack-commons-runtime-3.0.7.jar;C:\Users\Herman\.m2\repository\org\jvnet\staxex\stax-ex\1.8\stax-ex-1.8.jar;C:\Users\Herman\.m2\repository\com\sun\xml\fastinfoset\FastInfoset\1.2.15\FastInfoset-1.2.15.jar;C:\Users\Herman\.m2\repository\mysql\mysql-connector-java\8.0.23\mysql-connector-java-8.0.23.jar;C:\Users\Herman\.m2\repository\com\google\protobuf\protobuf-java\3.11.4\protobuf-java-3.11.4.jar;C:\Users\Herman\.m2\repository\org\apache\maven\surefire\surefire-junit-platform\3.0.0-M5\surefire-junit-platform-3.0.0-M5.jar;C:\Users\Herman\.m2\repository\org\apache\maven\surefire\common-java5\3.0.0-M5\common-java5-3.0.0-M5.jar;C:\Users\Herman\.m2\repository\org\junit\platform\junit-platform-launcher\1.7.0\junit-platform-launcher-1.7.0.jar, user.script=, sun.management.compiler=HotSpot 64-Bit Tiered Compilers, java.runtime.version=11.0.11+9, user.name=Herman, path.separator=;, hibernate.connection.username=****, os.version=10.0, hibernate.hbm2ddl.import_files_sql_extractor=org.hibernate.tool.hbm2ddl.MultipleLinesSqlCommandExtractor, java.runtime.name=OpenJDK Runtime Environment, hibernate.connection.url=jdbc:mysql://localhost:3306/bloodbank?createDatabaseIfNotExist=true&zeroDateTimeBehavior=convertToNull, file.encoding=Cp1252, hibernate.ejb.persistenceUnitName=bloodbank-PU, java.vm.name=OpenJDK 64-Bit Server VM, java.vendor.version=AdoptOpenJDK-11.0.11+9, javax.persistence.schema-generation.drop-script-source=META-INF/sql/bloodbank-drop.sql, localRepository=C:\Users\Herman\.m2\repository, hibernate.connection.driver_class=com.mysql.cj.jdbc.Driver, java.vendor.url.bug=https://github.com/AdoptOpenJDK/openjdk-support/issues, java.io.tmpdir=C:\Users\Herman\AppData\Local\Temp\, javax.persistence.schema-generation.drop-source=script, javax.persistence.schema-generation.create-source=script, java.version=11.0.11, user.dir=C:\Users\Herman\Desktop\School\Level 4\Jave Enterprise Application\Assignment_3\BloodBank-JPA-Mapping-JUnit-Skeleton, os.arch=amd64, java.vm.specification.name=Java Virtual Machine Specification, java.awt.printerjob=sun.awt.windows.WPrinterJob, javax.persistence.schema-generation.database.action=drop-and-create, hibernate.connection.password=****, sun.os.patch.level=, hibernate.boot.CfgXmlAccessService.key=org.hibernate.boot.registry.StandardServiceRegistryBuilder$1@3fd9e01c, java.library.path=C:\Program Files\AdoptOpenJDK\jdk-11.0.11.9-hotspot\bin;C:\WINDOWS\Sun\Java\bin;C:\WINDOWS\system32;C:\WINDOWS;C:/Program Files/AdoptOpenJDK/jdk-11.0.11.9-hotspot/bin/client;C:/Program Files/AdoptOpenJDK/jdk-11.0.11.9-hotspot/bin;C:\Program Files\AdoptOpenJDK\jdk-11.0.11.9-hotspot\bin;"C:\Program Files\AdoptOpenJDK\jdk-11.0.11.9-hotspot\\bin;";C:\Program Files\Oculus\Support\oculus-runtime;C:\Windows\system32;C:\Windows;C:\Windows\System32\Wbem;C:\Windows\System32\WindowsPowerShell\v1.0\;C:\Windows\System32\OpenSSH\;C:\Program Files (x86)\NVIDIA Corporation\PhysX\Common;C:\Program Files\NVIDIA Corporation\NVIDIA NvDLISR;C:\WINDOWS\system32;C:\WINDOWS;C:\WINDOWS\System32\Wbem;C:\WINDOWS\System32\WindowsPowerShell\v1.0\;C:\WINDOWS\System32\OpenSSH\;C:\Program Files\Git\cmd;D:\javafx-sdk-11.0.2\bin;C:\Program Files\nodejs\;C:\Users\Herman\AppData\Local\Programs\Python\Python38;C:\Users\Herman\AppData\Local\Programs\Python\Python38\Scripts;C:\Program Files\MySQL\MySQL Shell 8.0\bin\;C:\Users\Herman\AppData\Local\Microsoft\WindowsApps;C:\Users\Herman\AppData\Local\Programs\Microsoft VS Code\bin;;C:\Program Files\JetBrains\PyCharm Community Edition 2021.2.1\bin;;C:\Users\Herman\AppData\Roaming\npm;C:\Users\Herman\Desktop;;., java.vendor=AdoptOpenJDK, java.vm.info=mixed mode, java.vm.version=11.0.11+9, hibernate.bytecode.use_reflection_optimizer=false, sun.io.unicode.encoding=UnicodeLittle, javax.persistence.jdbc.password=****, java.class.version=55.0}
2021-11-21T23:53:22,009|[TRACE] AbstractServiceRegistryImpl - Initializing service [role=org.hibernate.engine.query.spi.NativeQueryInterpreter]
2021-11-21T23:53:22,010|[DEBUG] TypeSafeActivator - Unable to acquire Bean Validation ValidatorFactory, skipping activation
2021-11-21T23:53:22,010|[DEBUG] JaccIntegrator - Skipping JACC integration as it was not enabled
2021-11-21T23:53:22,010|[DEBUG] SessionFactoryImpl - Instantiated session factory
2021-11-21T23:53:22,010|[DEBUG] TypeConfiguration$Scope - Scoping TypeConfiguration [org.hibernate.type.spi.TypeConfiguration@1f85904a] to SessionFactoryImpl [org.hibernate.internal.SessionFactoryImpl@36330be8]
2021-11-21T23:53:22,010|[TRACE] AbstractServiceRegistryImpl - Initializing service [role=org.hibernate.persister.spi.PersisterFactory]
2021-11-21T23:53:22,010|[TRACE] AbstractServiceRegistryImpl - Initializing service [role=org.hibernate.persister.spi.PersisterClassResolver]
2021-11-21T23:53:22,010|[DEBUG] ClassLoaderAccessImpl - Not known whether passed class name [bloodbank.entity.Contact] is safe
2021-11-21T23:53:22,010|[DEBUG] ClassLoaderAccessImpl - No temp ClassLoader provided; using live ClassLoader for loading potentially unsafe class : bloodbank.entity.Contact
2021-11-21T23:53:22,010|[TRACE] AbstractServiceRegistryImpl - Initializing service [role=org.hibernate.bytecode.spi.ProxyFactoryFactory]
2021-11-21T23:53:22,019|[TRACE] AbstractPropertyMapping - Skipping duplicate registration of path [address.id], existing type = [org.hibernate.type.IntegerType@108531c2], incoming type = [org.hibernate.type.IntegerType@108531c2]
2021-11-21T23:53:22,019|[TRACE] AbstractPropertyMapping - Skipping duplicate registration of path [owner.id], existing type = [org.hibernate.type.IntegerType@108531c2], incoming type = [org.hibernate.type.IntegerType@108531c2]
2021-11-21T23:53:22,019|[TRACE] AbstractPropertyMapping - Skipping duplicate registration of path [phone.id], existing type = [org.hibernate.type.IntegerType@108531c2], incoming type = [org.hibernate.type.IntegerType@108531c2]
2021-11-21T23:53:22,019|[TRACE] AbstractPropertyMapping - Skipping duplicate registration of path [epochCreated], existing type = [org.hibernate.type.LongType@2788d0fe], incoming type = [org.hibernate.type.LongType@2788d0fe]
2021-11-21T23:53:22,019|[TRACE] AbstractPropertyMapping - Skipping duplicate registration of path [epochUpdated], existing type = [org.hibernate.type.LongType@2788d0fe], incoming type = [org.hibernate.type.LongType@2788d0fe]
2021-11-21T23:53:22,019|[TRACE] AbstractPropertyMapping - Skipping duplicate registration of path [version], existing type = [org.hibernate.type.IntegerType@108531c2], incoming type = [org.hibernate.type.IntegerType@108531c2]
2021-11-21T23:53:22,019|[TRACE] AbstractPropertyMapping - Skipping duplicate registration of path [address], existing type = [org.hibernate.type.ManyToOneType(bloodbank.entity.Address)], incoming type = [org.hibernate.type.ManyToOneType(bloodbank.entity.Address)]
2021-11-21T23:53:22,019|[TRACE] AbstractPropertyMapping - Skipping duplicate registration of path [address.id], existing type = [org.hibernate.type.IntegerType@108531c2], incoming type = [org.hibernate.type.IntegerType@108531c2]
2021-11-21T23:53:22,019|[TRACE] AbstractPropertyMapping - Skipping duplicate registration of path [address.id], existing type = [org.hibernate.type.IntegerType@108531c2], incoming type = [org.hibernate.type.IntegerType@108531c2]
2021-11-21T23:53:22,019|[TRACE] AbstractPropertyMapping - Skipping duplicate registration of path [contactType], existing type = [org.hibernate.type.StringType@795fd838], incoming type = [org.hibernate.type.StringType@795fd838]
2021-11-21T23:53:22,019|[TRACE] AbstractPropertyMapping - Skipping duplicate registration of path [email], existing type = [org.hibernate.type.StringType@795fd838], incoming type = [org.hibernate.type.StringType@795fd838]
2021-11-21T23:53:22,019|[TRACE] AbstractPropertyMapping - Skipping duplicate registration of path [owner], existing type = [org.hibernate.type.ManyToOneType(bloodbank.entity.Person)], incoming type = [org.hibernate.type.ManyToOneType(bloodbank.entity.Person)]
2021-11-21T23:53:22,019|[TRACE] AbstractPropertyMapping - Skipping duplicate registration of path [owner.id], existing type = [org.hibernate.type.IntegerType@108531c2], incoming type = [org.hibernate.type.IntegerType@108531c2]
2021-11-21T23:53:22,019|[TRACE] AbstractPropertyMapping - Skipping duplicate registration of path [owner.id], existing type = [org.hibernate.type.IntegerType@108531c2], incoming type = [org.hibernate.type.IntegerType@108531c2]
2021-11-21T23:53:22,019|[TRACE] AbstractPropertyMapping - Skipping duplicate registration of path [phone], existing type = [org.hibernate.type.ManyToOneType(bloodbank.entity.Phone)], incoming type = [org.hibernate.type.ManyToOneType(bloodbank.entity.Phone)]
2021-11-21T23:53:22,019|[TRACE] AbstractPropertyMapping - Skipping duplicate registration of path [phone.id], existing type = [org.hibernate.type.IntegerType@108531c2], incoming type = [org.hibernate.type.IntegerType@108531c2]
2021-11-21T23:53:22,019|[TRACE] AbstractPropertyMapping - Skipping duplicate registration of path [phone.id], existing type = [org.hibernate.type.IntegerType@108531c2], incoming type = [org.hibernate.type.IntegerType@108531c2]
2021-11-21T23:53:22,019|[TRACE] AbstractPropertyMapping - Skipping duplicate registration of path [id], existing type = [org.hibernate.type.ComponentType@7c0ff7a0], incoming type = [org.hibernate.type.ComponentType@7c0ff7a0]
2021-11-21T23:53:22,019|[TRACE] AbstractPropertyMapping - Skipping duplicate registration of path [id.personId], existing type = [org.hibernate.type.IntegerType@108531c2], incoming type = [org.hibernate.type.IntegerType@108531c2]
2021-11-21T23:53:22,019|[TRACE] AbstractPropertyMapping - Skipping duplicate registration of path [id.phoneId], existing type = [org.hibernate.type.IntegerType@108531c2], incoming type = [org.hibernate.type.IntegerType@108531c2]
2021-11-21T23:53:22,019|[DEBUG] ClassLoaderAccessImpl - Not known whether passed class name [bloodbank.entity.Phone] is safe
2021-11-21T23:53:22,019|[DEBUG] ClassLoaderAccessImpl - No temp ClassLoader provided; using live ClassLoader for loading potentially unsafe class : bloodbank.entity.Phone
2021-11-21T23:53:22,025|[TRACE] AbstractPropertyMapping - Skipping duplicate registration of path [epochCreated], existing type = [org.hibernate.type.LongType@2788d0fe], incoming type = [org.hibernate.type.LongType@2788d0fe]
2021-11-21T23:53:22,025|[TRACE] AbstractPropertyMapping - Skipping duplicate registration of path [epochUpdated], existing type = [org.hibernate.type.LongType@2788d0fe], incoming type = [org.hibernate.type.LongType@2788d0fe]
2021-11-21T23:53:22,025|[TRACE] AbstractPropertyMapping - Skipping duplicate registration of path [version], existing type = [org.hibernate.type.IntegerType@108531c2], incoming type = [org.hibernate.type.IntegerType@108531c2]
2021-11-21T23:53:22,025|[TRACE] AbstractPropertyMapping - Skipping duplicate registration of path [areaCode], existing type = [org.hibernate.type.StringType@795fd838], incoming type = [org.hibernate.type.StringType@795fd838]
2021-11-21T23:53:22,025|[TRACE] AbstractPropertyMapping - Skipping duplicate registration of path [contacts], existing type = [org.hibernate.type.SetType(bloodbank.entity.Phone.contacts)], incoming type = [org.hibernate.type.SetType(bloodbank.entity.Phone.contacts)]
2021-11-21T23:53:22,025|[TRACE] AbstractPropertyMapping - Skipping duplicate registration of path [countryCode], existing type = [org.hibernate.type.StringType@795fd838], incoming type = [org.hibernate.type.StringType@795fd838]
2021-11-21T23:53:22,025|[TRACE] AbstractPropertyMapping - Skipping duplicate registration of path [number], existing type = [org.hibernate.type.StringType@795fd838], incoming type = [org.hibernate.type.StringType@795fd838]
2021-11-21T23:53:22,025|[TRACE] AbstractPropertyMapping - Skipping duplicate registration of path [id], existing type = [org.hibernate.type.IntegerType@108531c2], incoming type = [org.hibernate.type.IntegerType@108531c2]
2021-11-21T23:53:22,025|[DEBUG] ClassLoaderAccessImpl - Not known whether passed class name [bloodbank.entity.BloodDonation] is safe
2021-11-21T23:53:22,025|[DEBUG] ClassLoaderAccessImpl - No temp ClassLoader provided; using live ClassLoader for loading potentially unsafe class : bloodbank.entity.BloodDonation
2021-11-21T23:53:22,030|[TRACE] AbstractPropertyMapping - Skipping duplicate registration of path [bank.id], existing type = [org.hibernate.type.IntegerType@108531c2], incoming type = [org.hibernate.type.IntegerType@108531c2]
2021-11-21T23:53:22,030|[TRACE] AbstractPropertyMapping - Skipping duplicate registration of path [epochCreated], existing type = [org.hibernate.type.LongType@2788d0fe], incoming type = [org.hibernate.type.LongType@2788d0fe]
2021-11-21T23:53:22,030|[TRACE] AbstractPropertyMapping - Skipping duplicate registration of path [epochUpdated], existing type = [org.hibernate.type.LongType@2788d0fe], incoming type = [org.hibernate.type.LongType@2788d0fe]
2021-11-21T23:53:22,030|[TRACE] AbstractPropertyMapping - Skipping duplicate registration of path [version], existing type = [org.hibernate.type.IntegerType@108531c2], incoming type = [org.hibernate.type.IntegerType@108531c2]
2021-11-21T23:53:22,031|[TRACE] AbstractPropertyMapping - Skipping duplicate registration of path [bank], existing type = [org.hibernate.type.ManyToOneType(bloodbank.entity.BloodBank)], incoming type = [org.hibernate.type.ManyToOneType(bloodbank.entity.BloodBank)]
2021-11-21T23:53:22,031|[TRACE] AbstractPropertyMapping - Skipping duplicate registration of path [bank.id], existing type = [org.hibernate.type.IntegerType@108531c2], incoming type = [org.hibernate.type.IntegerType@108531c2]
2021-11-21T23:53:22,031|[TRACE] AbstractPropertyMapping - Skipping duplicate registration of path [bank.id], existing type = [org.hibernate.type.IntegerType@108531c2], incoming type = [org.hibernate.type.IntegerType@108531c2]
2021-11-21T23:53:22,031|[TRACE] AbstractPropertyMapping - Skipping duplicate registration of path [bloodType], existing type = [org.hibernate.type.ComponentType@50c2ef56], incoming type = [org.hibernate.type.ComponentType@50c2ef56]
2021-11-21T23:53:22,031|[TRACE] AbstractPropertyMapping - Skipping duplicate registration of path [bloodType.bloodGroup], existing type = [org.hibernate.type.StringType@795fd838], incoming type = [org.hibernate.type.StringType@795fd838]
2021-11-21T23:53:22,031|[TRACE] AbstractPropertyMapping - Skipping duplicate registration of path [bloodType.rhd], existing type = [org.hibernate.type.ByteType@17814b1c], incoming type = [org.hibernate.type.ByteType@17814b1c]
2021-11-21T23:53:22,031|[TRACE] AbstractPropertyMapping - Skipping duplicate registration of path [milliliters], existing type = [org.hibernate.type.IntegerType@108531c2], incoming type = [org.hibernate.type.IntegerType@108531c2]
2021-11-21T23:53:22,031|[TRACE] AbstractPropertyMapping - Skipping duplicate registration of path [record], existing type = [org.hibernate.type.OneToOneType(bloodbank.entity.DonationRecord)], incoming type = [org.hibernate.type.OneToOneType(bloodbank.entity.DonationRecord)]
2021-11-21T23:53:22,031|[TRACE] AbstractPropertyMapping - Skipping duplicate registration of path [id], existing type = [org.hibernate.type.IntegerType@108531c2], incoming type = [org.hibernate.type.IntegerType@108531c2]
2021-11-21T23:53:22,031|[DEBUG] ClassLoaderAccessImpl - Not known whether passed class name [bloodbank.entity.BloodBank] is safe
2021-11-21T23:53:22,031|[DEBUG] ClassLoaderAccessImpl - No temp ClassLoader provided; using live ClassLoader for loading potentially unsafe class : bloodbank.entity.BloodBank
2021-11-21T23:53:22,031|[DEBUG] ClassLoaderAccessImpl - Not known whether passed class name [bloodbank.entity.PrivateBloodBank] is safe
2021-11-21T23:53:22,031|[DEBUG] ClassLoaderAccessImpl - No temp ClassLoader provided; using live ClassLoader for loading potentially unsafe class : bloodbank.entity.PrivateBloodBank
2021-11-21T23:53:22,031|[DEBUG] ClassLoaderAccessImpl - Not known whether passed class name [bloodbank.entity.PublicBloodBank] is safe
2021-11-21T23:53:22,031|[DEBUG] ClassLoaderAccessImpl - No temp ClassLoader provided; using live ClassLoader for loading potentially unsafe class : bloodbank.entity.PublicBloodBank
2021-11-21T23:53:22,034|[TRACE] AbstractPropertyMapping - Skipping duplicate registration of path [epochCreated], existing type = [org.hibernate.type.LongType@2788d0fe], incoming type = [org.hibernate.type.LongType@2788d0fe]
2021-11-21T23:53:22,034|[TRACE] AbstractPropertyMapping - Skipping duplicate registration of path [epochUpdated], existing type = [org.hibernate.type.LongType@2788d0fe], incoming type = [org.hibernate.type.LongType@2788d0fe]
2021-11-21T23:53:22,034|[TRACE] AbstractPropertyMapping - Skipping duplicate registration of path [version], existing type = [org.hibernate.type.IntegerType@108531c2], incoming type = [org.hibernate.type.IntegerType@108531c2]
2021-11-21T23:53:22,034|[TRACE] AbstractPropertyMapping - Skipping duplicate registration of path [donations], existing type = [org.hibernate.type.SetType(bloodbank.entity.BloodBank.donations)], incoming type = [org.hibernate.type.SetType(bloodbank.entity.BloodBank.donations)]
2021-11-21T23:53:22,034|[TRACE] AbstractPropertyMapping - Skipping duplicate registration of path [name], existing type = [org.hibernate.type.StringType@795fd838], incoming type = [org.hibernate.type.StringType@795fd838]
2021-11-21T23:53:22,034|[TRACE] AbstractPropertyMapping - Skipping duplicate registration of path [id], existing type = [org.hibernate.type.IntegerType@108531c2], incoming type = [org.hibernate.type.IntegerType@108531c2]
2021-11-21T23:53:22,039|[TRACE] AbstractPropertyMapping - Skipping duplicate registration of path [epochCreated], existing type = [org.hibernate.type.LongType@2788d0fe], incoming type = [org.hibernate.type.LongType@2788d0fe]
2021-11-21T23:53:22,039|[TRACE] AbstractPropertyMapping - Skipping duplicate registration of path [epochUpdated], existing type = [org.hibernate.type.LongType@2788d0fe], incoming type = [org.hibernate.type.LongType@2788d0fe]
2021-11-21T23:53:22,039|[TRACE] AbstractPropertyMapping - Skipping duplicate registration of path [version], existing type = [org.hibernate.type.IntegerType@108531c2], incoming type = [org.hibernate.type.IntegerType@108531c2]
2021-11-21T23:53:22,039|[TRACE] AbstractPropertyMapping - Skipping duplicate registration of path [donations], existing type = [org.hibernate.type.SetType(bloodbank.entity.BloodBank.donations)], incoming type = [org.hibernate.type.SetType(bloodbank.entity.BloodBank.donations)]
2021-11-21T23:53:22,039|[TRACE] AbstractPropertyMapping - Skipping duplicate registration of path [name], existing type = [org.hibernate.type.StringType@795fd838], incoming type = [org.hibernate.type.StringType@795fd838]
2021-11-21T23:53:22,039|[TRACE] AbstractPropertyMapping - Skipping duplicate registration of path [id], existing type = [org.hibernate.type.IntegerType@108531c2], incoming type = [org.hibernate.type.IntegerType@108531c2]
2021-11-21T23:53:22,039|[DEBUG] ClassLoaderAccessImpl - Not known whether passed class name [bloodbank.entity.DonationRecord] is safe
2021-11-21T23:53:22,039|[DEBUG] ClassLoaderAccessImpl - No temp ClassLoader provided; using live ClassLoader for loading potentially unsafe class : bloodbank.entity.DonationRecord
2021-11-21T23:53:22,044|[TRACE] AbstractPropertyMapping - Skipping duplicate registration of path [donation.id], existing type = [org.hibernate.type.IntegerType@108531c2], incoming type = [org.hibernate.type.IntegerType@108531c2]
2021-11-21T23:53:22,044|[TRACE] AbstractPropertyMapping - Skipping duplicate registration of path [owner.id], existing type = [org.hibernate.type.IntegerType@108531c2], incoming type = [org.hibernate.type.IntegerType@108531c2]
2021-11-21T23:53:22,044|[TRACE] AbstractPropertyMapping - Skipping duplicate registration of path [epochCreated], existing type = [org.hibernate.type.LongType@2788d0fe], incoming type = [org.hibernate.type.LongType@2788d0fe]
2021-11-21T23:53:22,044|[TRACE] AbstractPropertyMapping - Skipping duplicate registration of path [epochUpdated], existing type = [org.hibernate.type.LongType@2788d0fe], incoming type = [org.hibernate.type.LongType@2788d0fe]
2021-11-21T23:53:22,044|[TRACE] AbstractPropertyMapping - Skipping duplicate registration of path [version], existing type = [org.hibernate.type.IntegerType@108531c2], incoming type = [org.hibernate.type.IntegerType@108531c2]
2021-11-21T23:53:22,044|[TRACE] AbstractPropertyMapping - Skipping duplicate registration of path [donation], existing type = [org.hibernate.type.ManyToOneType(bloodbank.entity.BloodDonation)], incoming type = [org.hibernate.type.ManyToOneType(bloodbank.entity.BloodDonation)]
2021-11-21T23:53:22,044|[TRACE] AbstractPropertyMapping - Skipping duplicate registration of path [donation.id], existing type = [org.hibernate.type.IntegerType@108531c2], incoming type = [org.hibernate.type.IntegerType@108531c2]
2021-11-21T23:53:22,044|[TRACE] AbstractPropertyMapping - Skipping duplicate registration of path [donation.id], existing type = [org.hibernate.type.IntegerType@108531c2], incoming type = [org.hibernate.type.IntegerType@108531c2]
2021-11-21T23:53:22,044|[TRACE] AbstractPropertyMapping - Skipping duplicate registration of path [owner], existing type = [org.hibernate.type.ManyToOneType(bloodbank.entity.Person)], incoming type = [org.hibernate.type.ManyToOneType(bloodbank.entity.Person)]
2021-11-21T23:53:22,044|[TRACE] AbstractPropertyMapping - Skipping duplicate registration of path [owner.id], existing type = [org.hibernate.type.IntegerType@108531c2], incoming type = [org.hibernate.type.IntegerType@108531c2]
2021-11-21T23:53:22,044|[TRACE] AbstractPropertyMapping - Skipping duplicate registration of path [owner.id], existing type = [org.hibernate.type.IntegerType@108531c2], incoming type = [org.hibernate.type.IntegerType@108531c2]
2021-11-21T23:53:22,044|[TRACE] AbstractPropertyMapping - Skipping duplicate registration of path [tested], existing type = [org.hibernate.type.ByteType@17814b1c], incoming type = [org.hibernate.type.ByteType@17814b1c]
2021-11-21T23:53:22,044|[TRACE] AbstractPropertyMapping - Skipping duplicate registration of path [id], existing type = [org.hibernate.type.IntegerType@108531c2], incoming type = [org.hibernate.type.IntegerType@108531c2]
2021-11-21T23:53:22,044|[DEBUG] ClassLoaderAccessImpl - Not known whether passed class name [bloodbank.entity.Address] is safe
2021-11-21T23:53:22,044|[DEBUG] ClassLoaderAccessImpl - No temp ClassLoader provided; using live ClassLoader for loading potentially unsafe class : bloodbank.entity.Address
2021-11-21T23:53:22,052|[TRACE] AbstractPropertyMapping - Skipping duplicate registration of path [epochCreated], existing type = [org.hibernate.type.LongType@2788d0fe], incoming type = [org.hibernate.type.LongType@2788d0fe]
2021-11-21T23:53:22,052|[TRACE] AbstractPropertyMapping - Skipping duplicate registration of path [epochUpdated], existing type = [org.hibernate.type.LongType@2788d0fe], incoming type = [org.hibernate.type.LongType@2788d0fe]
2021-11-21T23:53:22,052|[TRACE] AbstractPropertyMapping - Skipping duplicate registration of path [version], existing type = [org.hibernate.type.IntegerType@108531c2], incoming type = [org.hibernate.type.IntegerType@108531c2]
2021-11-21T23:53:22,052|[TRACE] AbstractPropertyMapping - Skipping duplicate registration of path [city], existing type = [org.hibernate.type.StringType@795fd838], incoming type = [org.hibernate.type.StringType@795fd838]
2021-11-21T23:53:22,052|[TRACE] AbstractPropertyMapping - Skipping duplicate registration of path [contacts], existing type = [org.hibernate.type.SetType(bloodbank.entity.Address.contacts)], incoming type = [org.hibernate.type.SetType(bloodbank.entity.Address.contacts)]
2021-11-21T23:53:22,052|[TRACE] AbstractPropertyMapping - Skipping duplicate registration of path [country], existing type = [org.hibernate.type.StringType@795fd838], incoming type = [org.hibernate.type.StringType@795fd838]
2021-11-21T23:53:22,052|[TRACE] AbstractPropertyMapping - Skipping duplicate registration of path [province], existing type = [org.hibernate.type.StringType@795fd838], incoming type = [org.hibernate.type.StringType@795fd838]
2021-11-21T23:53:22,052|[TRACE] AbstractPropertyMapping - Skipping duplicate registration of path [street], existing type = [org.hibernate.type.StringType@795fd838], incoming type = [org.hibernate.type.StringType@795fd838]
2021-11-21T23:53:22,052|[TRACE] AbstractPropertyMapping - Skipping duplicate registration of path [streetNumber], existing type = [org.hibernate.type.StringType@795fd838], incoming type = [org.hibernate.type.StringType@795fd838]
2021-11-21T23:53:22,052|[TRACE] AbstractPropertyMapping - Skipping duplicate registration of path [zipcode], existing type = [org.hibernate.type.StringType@795fd838], incoming type = [org.hibernate.type.StringType@795fd838]
2021-11-21T23:53:22,052|[TRACE] AbstractPropertyMapping - Skipping duplicate registration of path [id], existing type = [org.hibernate.type.IntegerType@108531c2], incoming type = [org.hibernate.type.IntegerType@108531c2]
2021-11-21T23:53:22,052|[DEBUG] ClassLoaderAccessImpl - Not known whether passed class name [bloodbank.entity.Person] is safe
2021-11-21T23:53:22,052|[DEBUG] ClassLoaderAccessImpl - No temp ClassLoader provided; using live ClassLoader for loading potentially unsafe class : bloodbank.entity.Person
2021-11-21T23:53:22,059|[TRACE] AbstractPropertyMapping - Skipping duplicate registration of path [epochCreated], existing type = [org.hibernate.type.LongType@2788d0fe], incoming type = [org.hibernate.type.LongType@2788d0fe]
2021-11-21T23:53:22,059|[TRACE] AbstractPropertyMapping - Skipping duplicate registration of path [epochUpdated], existing type = [org.hibernate.type.LongType@2788d0fe], incoming type = [org.hibernate.type.LongType@2788d0fe]
2021-11-21T23:53:22,059|[TRACE] AbstractPropertyMapping - Skipping duplicate registration of path [version], existing type = [org.hibernate.type.IntegerType@108531c2], incoming type = [org.hibernate.type.IntegerType@108531c2]
2021-11-21T23:53:22,059|[TRACE] AbstractPropertyMapping - Skipping duplicate registration of path [contacts], existing type = [org.hibernate.type.SetType(bloodbank.entity.Person.contacts)], incoming type = [org.hibernate.type.SetType(bloodbank.entity.Person.contacts)]
2021-11-21T23:53:22,059|[TRACE] AbstractPropertyMapping - Skipping duplicate registration of path [donations], existing type = [org.hibernate.type.SetType(bloodbank.entity.Person.donations)], incoming type = [org.hibernate.type.SetType(bloodbank.entity.Person.donations)]
2021-11-21T23:53:22,059|[TRACE] AbstractPropertyMapping - Skipping duplicate registration of path [firstName], existing type = [org.hibernate.type.StringType@795fd838], incoming type = [org.hibernate.type.StringType@795fd838]
2021-11-21T23:53:22,059|[TRACE] AbstractPropertyMapping - Skipping duplicate registration of path [lastName], existing type = [org.hibernate.type.StringType@795fd838], incoming type = [org.hibernate.type.StringType@795fd838]
2021-11-21T23:53:22,059|[TRACE] AbstractPropertyMapping - Skipping duplicate registration of path [id], existing type = [org.hibernate.type.IntegerType@108531c2], incoming type = [org.hibernate.type.IntegerType@108531c2]
2021-11-21T23:53:22,064|[TRACE] AbstractPropertyMapping - Skipping duplicate registration of path [epochCreated], existing type = [org.hibernate.type.LongType@2788d0fe], incoming type = [org.hibernate.type.LongType@2788d0fe]
2021-11-21T23:53:22,064|[TRACE] AbstractPropertyMapping - Skipping duplicate registration of path [epochUpdated], existing type = [org.hibernate.type.LongType@2788d0fe], incoming type = [org.hibernate.type.LongType@2788d0fe]
2021-11-21T23:53:22,064|[TRACE] AbstractPropertyMapping - Skipping duplicate registration of path [version], existing type = [org.hibernate.type.IntegerType@108531c2], incoming type = [org.hibernate.type.IntegerType@108531c2]
2021-11-21T23:53:22,064|[TRACE] AbstractPropertyMapping - Skipping duplicate registration of path [donations], existing type = [org.hibernate.type.SetType(bloodbank.entity.BloodBank.donations)], incoming type = [org.hibernate.type.SetType(bloodbank.entity.BloodBank.donations)]
2021-11-21T23:53:22,064|[TRACE] AbstractPropertyMapping - Skipping duplicate registration of path [name], existing type = [org.hibernate.type.StringType@795fd838], incoming type = [org.hibernate.type.StringType@795fd838]
2021-11-21T23:53:22,064|[TRACE] AbstractPropertyMapping - Skipping duplicate registration of path [id], existing type = [org.hibernate.type.IntegerType@108531c2], incoming type = [org.hibernate.type.IntegerType@108531c2]
2021-11-21T23:53:22,064|[DEBUG] AbstractCollectionPersister - Static SQL for collection: bloodbank.entity.Address.contacts
2021-11-21T23:53:22,064|[DEBUG] AbstractCollectionPersister -  Row insert: /* create one-to-many row bloodbank.entity.Address.contacts */ update contact set address_id=? where person_id=? and phone_id=?
2021-11-21T23:53:22,064|[DEBUG] AbstractCollectionPersister -  Row update: update contact set  where person_id=? and phone_id=?
2021-11-21T23:53:22,064|[DEBUG] AbstractCollectionPersister -  Row delete: /* delete one-to-many row bloodbank.entity.Address.contacts */ update contact set address_id=null where address_id=? and person_id=? and phone_id=?
2021-11-21T23:53:22,064|[DEBUG] AbstractCollectionPersister -  One-shot delete: /* delete one-to-many bloodbank.entity.Address.contacts */ update contact set address_id=null where address_id=?
2021-11-21T23:53:22,064|[DEBUG] AbstractCollectionPersister - Static SQL for collection: bloodbank.entity.Person.donations
2021-11-21T23:53:22,064|[DEBUG] AbstractCollectionPersister -  Row insert: /* create one-to-many row bloodbank.entity.Person.donations */ update donation_record set person_id=? where record_id=?
2021-11-21T23:53:22,064|[DEBUG] AbstractCollectionPersister -  Row update: update donation_record set  where record_id=?
2021-11-21T23:53:22,064|[DEBUG] AbstractCollectionPersister -  Row delete: /* delete one-to-many row bloodbank.entity.Person.donations */ update donation_record set person_id=null where person_id=? and record_id=?
2021-11-21T23:53:22,064|[DEBUG] AbstractCollectionPersister -  One-shot delete: /* delete one-to-many bloodbank.entity.Person.donations */ update donation_record set person_id=null where person_id=?
2021-11-21T23:53:22,064|[DEBUG] AbstractCollectionPersister - Static SQL for collection: bloodbank.entity.Person.contacts
2021-11-21T23:53:22,064|[DEBUG] AbstractCollectionPersister -  Row insert: /* create one-to-many row bloodbank.entity.Person.contacts */ update contact set person_id=? where person_id=? and phone_id=?
2021-11-21T23:53:22,064|[DEBUG] AbstractCollectionPersister -  Row update: update contact set  where person_id=? and phone_id=?
2021-11-21T23:53:22,064|[DEBUG] AbstractCollectionPersister -  Row delete: /* delete one-to-many row bloodbank.entity.Person.contacts */ update contact set person_id=null where person_id=? and phone_id=?
2021-11-21T23:53:22,064|[DEBUG] AbstractCollectionPersister -  One-shot delete: /* delete one-to-many bloodbank.entity.Person.contacts */ update contact set person_id=null where person_id=?
2021-11-21T23:53:22,064|[DEBUG] AbstractCollectionPersister - Static SQL for collection: bloodbank.entity.Phone.contacts
2021-11-21T23:53:22,064|[DEBUG] AbstractCollectionPersister -  Row insert: /* create one-to-many row bloodbank.entity.Phone.contacts */ update contact set phone_id=? where person_id=? and phone_id=?
2021-11-21T23:53:22,064|[DEBUG] AbstractCollectionPersister -  Row update: update contact set  where person_id=? and phone_id=?
2021-11-21T23:53:22,064|[DEBUG] AbstractCollectionPersister -  Row delete: /* delete one-to-many row bloodbank.entity.Phone.contacts */ update contact set phone_id=null where phone_id=? and person_id=?
2021-11-21T23:53:22,064|[DEBUG] AbstractCollectionPersister -  One-shot delete: /* delete one-to-many bloodbank.entity.Phone.contacts */ update contact set phone_id=null where phone_id=?
2021-11-21T23:53:22,064|[DEBUG] AbstractCollectionPersister - Static SQL for collection: bloodbank.entity.BloodBank.donations
2021-11-21T23:53:22,064|[DEBUG] AbstractCollectionPersister -  Row insert: /* create one-to-many row bloodbank.entity.BloodBank.donations */ update blood_donation set bank_id=? where donation_id=?
2021-11-21T23:53:22,064|[DEBUG] AbstractCollectionPersister -  Row update: update blood_donation set  where donation_id=?
2021-11-21T23:53:22,064|[DEBUG] AbstractCollectionPersister -  Row delete: /* delete one-to-many row bloodbank.entity.BloodBank.donations */ update blood_donation set bank_id=null where bank_id=? and donation_id=?
2021-11-21T23:53:22,064|[DEBUG] AbstractCollectionPersister -  One-shot delete: /* delete one-to-many bloodbank.entity.BloodBank.donations */ update blood_donation set bank_id=null where bank_id=?
2021-11-21T23:53:22,064|[TRACE] AbstractEntityPersister - Ignoring subclass attribute definition [bloodbank.entity.BloodBank.epochCreated] because it is defined in a superclass 
2021-11-21T23:53:22,064|[TRACE] AbstractEntityPersister - Ignoring subclass attribute definition [bloodbank.entity.BloodBank.epochUpdated] because it is defined in a superclass 
2021-11-21T23:53:22,064|[TRACE] AbstractEntityPersister - Ignoring subclass attribute definition [bloodbank.entity.BloodBank.version] because it is defined in a superclass 
2021-11-21T23:53:22,064|[TRACE] AbstractEntityPersister - Ignoring subclass attribute definition [bloodbank.entity.BloodBank.donations] because it is defined in a superclass 
2021-11-21T23:53:22,064|[TRACE] AbstractEntityPersister - Ignoring subclass attribute definition [bloodbank.entity.BloodBank.name] because it is defined in a superclass 
2021-11-21T23:53:22,064|[TRACE] AbstractEntityPersister - Ignoring subclass attribute definition [bloodbank.entity.BloodBank.epochCreated] because it is defined in a superclass 
2021-11-21T23:53:22,065|[TRACE] AbstractEntityPersister - Ignoring subclass attribute definition [bloodbank.entity.BloodBank.epochUpdated] because it is defined in a superclass 
2021-11-21T23:53:22,065|[TRACE] AbstractEntityPersister - Ignoring subclass attribute definition [bloodbank.entity.BloodBank.version] because it is defined in a superclass 
2021-11-21T23:53:22,065|[TRACE] AbstractEntityPersister - Ignoring subclass attribute definition [bloodbank.entity.BloodBank.donations] because it is defined in a superclass 
2021-11-21T23:53:22,065|[TRACE] AbstractEntityPersister - Ignoring subclass attribute definition [bloodbank.entity.BloodBank.name] because it is defined in a superclass 
2021-11-21T23:53:22,065|[DEBUG] AbstractEntityPersister - Static SQL for entity: bloodbank.entity.Contact
2021-11-21T23:53:22,065|[DEBUG] AbstractEntityPersister -  Version select: /* get version bloodbank.entity.Contact */ select version from contact where person_id =? and phone_id =?
2021-11-21T23:53:22,065|[DEBUG] AbstractEntityPersister -  Snapshot select: /* get current state bloodbank.entity.Contact */ select contact_.person_id, contact_.phone_id, contact_.created as created3_3_, contact_.updated as updated4_3_, contact_.version as version5_3_, contact_.address_id as address_8_3_, contact_.contact_type as contact_6_3_, contact_.email as email7_3_ from contact contact_ where contact_.person_id=? and contact_.phone_id=?
2021-11-21T23:53:22,065|[DEBUG] AbstractEntityPersister -  Insert 0: /* insert bloodbank.entity.Contact */ insert into contact (created, updated, version, address_id, contact_type, email, person_id, phone_id) values (?, ?, ?, ?, ?, ?, ?, ?)
2021-11-21T23:53:22,065|[DEBUG] AbstractEntityPersister -  Update 0: /* update bloodbank.entity.Contact */ update contact set created=?, updated=?, version=?, address_id=?, contact_type=?, email=? where person_id=? and phone_id=? and version=?
2021-11-21T23:53:22,065|[DEBUG] AbstractEntityPersister -  Delete 0: /* delete bloodbank.entity.Contact */ delete from contact where person_id=? and phone_id=? and version=?
2021-11-21T23:53:22,065|[TRACE] AbstractLoadPlanBuildingAssociationVisitationStrategy -  Starting root entity : bloodbank.entity.Contact
2021-11-21T23:53:22,065|[DEBUG] QuerySpacesImpl - Adding QuerySpace : uid = <gen:0> -> org.hibernate.loader.plan.build.internal.spaces.EntityQuerySpaceImpl@706d2bae]
2021-11-21T23:53:22,065|[DEBUG] QuerySpacesImpl - Adding QuerySpace : uid = <gen:0>-id -> org.hibernate.loader.plan.build.internal.spaces.CompositeQuerySpaceImpl@3205610d]
2021-11-21T23:53:22,065|[TRACE] AbstractLoadPlanBuildingAssociationVisitationStrategy - Pushing fetch source to stack : org.hibernate.loader.plan.build.internal.returns.EntityReturnImpl@54e06788
2021-11-21T23:53:22,065|[TRACE] AbstractLoadPlanBuildingAssociationVisitationStrategy - .. Registering AssociationKey : AssociationKey(table=contact, columns={person_id,phone_id}) -> org.hibernate.loader.plan.build.internal.returns.EntityReturnImpl@54e06788
2021-11-21T23:53:22,065|[TRACE] AbstractLoadPlanBuildingAssociationVisitationStrategy - >> Starting entity identifier : bloodbank.entity.Contact
2021-11-21T23:53:22,065|[TRACE] AbstractLoadPlanBuildingAssociationVisitationStrategy - Pushing fetch source to stack : org.hibernate.loader.plan.build.internal.returns.EncapsulatedEntityIdentifierDescription@4e789704
2021-11-21T23:53:22,065|[TRACE] AbstractLoadPlanBuildingAssociationVisitationStrategy - >>>> Starting composite : id
2021-11-21T23:53:22,065|[DEBUG] MetamodelGraphWalker - Visiting attribute path : personId
2021-11-21T23:53:22,065|[TRACE] AbstractLoadPlanBuildingAssociationVisitationStrategy - >>>> Starting attribute org.hibernate.persister.walking.internal.CompositionSingularSubAttributesHelper$1$1$3@5751e53e
2021-11-21T23:53:22,065|[TRACE] AbstractLoadPlanBuildingAssociationVisitationStrategy - <<<< Finishing up attribute : org.hibernate.persister.walking.internal.CompositionSingularSubAttributesHelper$1$1$3@5751e53e
2021-11-21T23:53:22,065|[DEBUG] MetamodelGraphWalker - Visiting attribute path : phoneId
2021-11-21T23:53:22,065|[TRACE] AbstractLoadPlanBuildingAssociationVisitationStrategy - >>>> Starting attribute org.hibernate.persister.walking.internal.CompositionSingularSubAttributesHelper$1$1$3@4e45fbd0
2021-11-21T23:53:22,065|[TRACE] AbstractLoadPlanBuildingAssociationVisitationStrategy - <<<< Finishing up attribute : org.hibernate.persister.walking.internal.CompositionSingularSubAttributesHelper$1$1$3@4e45fbd0
2021-11-21T23:53:22,065|[TRACE] AbstractLoadPlanBuildingAssociationVisitationStrategy - <<<< Finishing composite : id
2021-11-21T23:53:22,065|[TRACE] AbstractLoadPlanBuildingAssociationVisitationStrategy - Popped fetch owner from stack : org.hibernate.loader.plan.build.internal.returns.EncapsulatedEntityIdentifierDescription@4e789704
2021-11-21T23:53:22,065|[TRACE] AbstractLoadPlanBuildingAssociationVisitationStrategy - << Finished entity identifier : bloodbank.entity.Contact
2021-11-21T23:53:22,065|[DEBUG] MetamodelGraphWalker - Visiting attribute path : epochCreated
2021-11-21T23:53:22,065|[TRACE] AbstractLoadPlanBuildingAssociationVisitationStrategy - >> Starting attribute Attribute(name=epochCreated, type=long [non-identifier])
2021-11-21T23:53:22,065|[TRACE] AbstractLoadPlanBuildingAssociationVisitationStrategy - << Finishing up attribute : Attribute(name=epochCreated, type=long [non-identifier])
2021-11-21T23:53:22,065|[DEBUG] MetamodelGraphWalker - Visiting attribute path : epochUpdated
2021-11-21T23:53:22,065|[TRACE] AbstractLoadPlanBuildingAssociationVisitationStrategy - >> Starting attribute Attribute(name=epochUpdated, type=long [non-identifier])
2021-11-21T23:53:22,065|[TRACE] AbstractLoadPlanBuildingAssociationVisitationStrategy - << Finishing up attribute : Attribute(name=epochUpdated, type=long [non-identifier])
2021-11-21T23:53:22,065|[DEBUG] MetamodelGraphWalker - Visiting attribute path : version
2021-11-21T23:53:22,065|[TRACE] AbstractLoadPlanBuildingAssociationVisitationStrategy - >> Starting attribute Attribute(name=version, type=integer [non-identifier])
2021-11-21T23:53:22,065|[TRACE] AbstractLoadPlanBuildingAssociationVisitationStrategy - << Finishing up attribute : Attribute(name=version, type=integer [non-identifier])
2021-11-21T23:53:22,065|[DEBUG] MetamodelGraphWalker - Visiting attribute path : address
2021-11-21T23:53:22,065|[TRACE] AbstractLoadPlanBuildingAssociationVisitationStrategy - >> Starting attribute Attribute(name=address, type=bloodbank.entity.Address [non-identifier,association])
2021-11-21T23:53:22,065|[DEBUG] QuerySpacesImpl - Adding QuerySpace : uid = <gen:1> -> org.hibernate.loader.plan.build.internal.spaces.EntityQuerySpaceImpl@19ce19b7]
2021-11-21T23:53:22,065|[TRACE] AbstractLoadPlanBuildingAssociationVisitationStrategy - << Finishing up attribute : Attribute(name=address, type=bloodbank.entity.Address [non-identifier,association])
2021-11-21T23:53:22,065|[DEBUG] MetamodelGraphWalker - Visiting attribute path : contactType
2021-11-21T23:53:22,065|[TRACE] AbstractLoadPlanBuildingAssociationVisitationStrategy - >> Starting attribute Attribute(name=contactType, type=string [non-identifier])
2021-11-21T23:53:22,065|[TRACE] AbstractLoadPlanBuildingAssociationVisitationStrategy - << Finishing up attribute : Attribute(name=contactType, type=string [non-identifier])
2021-11-21T23:53:22,065|[DEBUG] MetamodelGraphWalker - Visiting attribute path : email
2021-11-21T23:53:22,065|[TRACE] AbstractLoadPlanBuildingAssociationVisitationStrategy - >> Starting attribute Attribute(name=email, type=string [non-identifier])
2021-11-21T23:53:22,065|[TRACE] AbstractLoadPlanBuildingAssociationVisitationStrategy - << Finishing up attribute : Attribute(name=email, type=string [non-identifier])
2021-11-21T23:53:22,065|[DEBUG] MetamodelGraphWalker - Visiting attribute path : owner
2021-11-21T23:53:22,065|[TRACE] AbstractLoadPlanBuildingAssociationVisitationStrategy - >> Starting attribute Attribute(name=owner, type=bloodbank.entity.Person [non-identifier,association])
2021-11-21T23:53:22,065|[DEBUG] QuerySpacesImpl - Adding QuerySpace : uid = <gen:2> -> org.hibernate.loader.plan.build.internal.spaces.EntityQuerySpaceImpl@13047d3d]
2021-11-21T23:53:22,065|[TRACE] AbstractLoadPlanBuildingAssociationVisitationStrategy - << Finishing up attribute : Attribute(name=owner, type=bloodbank.entity.Person [non-identifier,association])
2021-11-21T23:53:22,065|[DEBUG] MetamodelGraphWalker - Visiting attribute path : phone
2021-11-21T23:53:22,065|[TRACE] AbstractLoadPlanBuildingAssociationVisitationStrategy - >> Starting attribute Attribute(name=phone, type=bloodbank.entity.Phone [non-identifier,association])
2021-11-21T23:53:22,065|[DEBUG] QuerySpacesImpl - Adding QuerySpace : uid = <gen:3> -> org.hibernate.loader.plan.build.internal.spaces.EntityQuerySpaceImpl@4b240276]
2021-11-21T23:53:22,065|[TRACE] AbstractLoadPlanBuildingAssociationVisitationStrategy - << Finishing up attribute : Attribute(name=phone, type=bloodbank.entity.Phone [non-identifier,association])
2021-11-21T23:53:22,066|[TRACE] AbstractLoadPlanBuildingAssociationVisitationStrategy - Popped fetch owner from stack : org.hibernate.loader.plan.build.internal.returns.EntityReturnImpl@54e06788
2021-11-21T23:53:22,066|[TRACE] AbstractLoadPlanBuildingAssociationVisitationStrategy -  Finished root entity : bloodbank.entity.Contact
2021-11-21T23:53:22,066|[DEBUG] FetchStyleLoadPlanBuildingAssociationVisitationStrategy - Building LoadPlan...
2021-11-21T23:53:22,066|[DEBUG] LoadQueryJoinAndFetchProcessor - processing queryspace <gen:0>
2021-11-21T23:53:22,066|[DEBUG] LoadPlanTreePrinter - LoadPlan(entity=bloodbank.entity.Contact)
    - Returns
       - EntityReturnImpl(entity=bloodbank.entity.Contact, querySpaceUid=<gen:0>, path=bloodbank.entity.Contact)
          - EntityAttributeFetchImpl(entity=bloodbank.entity.Address, querySpaceUid=<gen:1>, path=bloodbank.entity.Contact.address)
          - EntityAttributeFetchImpl(entity=bloodbank.entity.Person, querySpaceUid=<gen:2>, path=bloodbank.entity.Contact.owner)
          - EntityAttributeFetchImpl(entity=bloodbank.entity.Phone, querySpaceUid=<gen:3>, path=bloodbank.entity.Contact.phone)
    - QuerySpaces
       - EntityQuerySpaceImpl(uid=<gen:0>, entity=bloodbank.entity.Contact)
          - SQL table alias mapping - contact0_
          - alias suffix - 0_
          - suffixed key columns - {person_i1_3_0_, phone_id2_3_0_}
          - JOIN (JoinDefinedByMetadata(id)) : <gen:0> -> <gen:0>-id
             - CompositeQuerySpaceImpl(uid=<gen:0>-id)
                - SQL table alias mapping - contact0_

2021-11-21T23:53:22,066|[DEBUG] EntityLoader - Static select for entity bloodbank.entity.Contact [NONE]: select contact0_.person_id as person_i1_3_0_, contact0_.phone_id as phone_id2_3_0_, contact0_.created as created3_3_0_, contact0_.updated as updated4_3_0_, contact0_.version as version5_3_0_, contact0_.address_id as address_8_3_0_, contact0_.contact_type as contact_6_3_0_, contact0_.email as email7_3_0_ from contact contact0_ where contact0_.person_id=? and contact0_.phone_id=?
2021-11-21T23:53:22,066|[DEBUG] AbstractEntityPersister - Static SQL for entity: bloodbank.entity.Phone
2021-11-21T23:53:22,066|[DEBUG] AbstractEntityPersister -  Version select: /* get version bloodbank.entity.Phone */ select version from phone where phone_id =?
2021-11-21T23:53:22,066|[DEBUG] AbstractEntityPersister -  Snapshot select: /* get current state bloodbank.entity.Phone */ select phone_.phone_id, phone_.created as created2_6_, phone_.updated as updated3_6_, phone_.version as version4_6_, phone_.area_code as area_cod5_6_, phone_.country_code as country_6_6_, phone_.number as number7_6_ from phone phone_ where phone_.phone_id=?
2021-11-21T23:53:22,066|[DEBUG] AbstractEntityPersister -  Insert 0: /* insert bloodbank.entity.Phone */ insert into phone (created, updated, version, area_code, country_code, number, phone_id) values (?, ?, ?, ?, ?, ?, ?)
2021-11-21T23:53:22,066|[DEBUG] AbstractEntityPersister -  Update 0: /* update bloodbank.entity.Phone */ update phone set created=?, updated=?, version=?, area_code=?, country_code=?, number=? where phone_id=? and version=?
2021-11-21T23:53:22,066|[DEBUG] AbstractEntityPersister -  Delete 0: /* delete bloodbank.entity.Phone */ delete from phone where phone_id=? and version=?
2021-11-21T23:53:22,066|[DEBUG] AbstractEntityPersister -  Identity insert: /* insert bloodbank.entity.Phone */ insert into phone (created, updated, version, area_code, country_code, number) values (?, ?, ?, ?, ?, ?)
2021-11-21T23:53:22,066|[TRACE] AbstractLoadPlanBuildingAssociationVisitationStrategy -  Starting root entity : bloodbank.entity.Phone
2021-11-21T23:53:22,066|[DEBUG] QuerySpacesImpl - Adding QuerySpace : uid = <gen:0> -> org.hibernate.loader.plan.build.internal.spaces.EntityQuerySpaceImpl@2a5efbb9]
2021-11-21T23:53:22,066|[TRACE] AbstractLoadPlanBuildingAssociationVisitationStrategy - Pushing fetch source to stack : org.hibernate.loader.plan.build.internal.returns.EntityReturnImpl@43b45ce4
2021-11-21T23:53:22,066|[TRACE] AbstractLoadPlanBuildingAssociationVisitationStrategy - .. Registering AssociationKey : AssociationKey(table=phone, columns={phone_id}) -> org.hibernate.loader.plan.build.internal.returns.EntityReturnImpl@43b45ce4
2021-11-21T23:53:22,066|[TRACE] AbstractLoadPlanBuildingAssociationVisitationStrategy - >> Starting entity identifier : bloodbank.entity.Phone
2021-11-21T23:53:22,066|[DEBUG] MetamodelGraphWalker - Visiting attribute path : epochCreated
2021-11-21T23:53:22,066|[TRACE] AbstractLoadPlanBuildingAssociationVisitationStrategy - >> Starting attribute Attribute(name=epochCreated, type=long [non-identifier])
2021-11-21T23:53:22,066|[TRACE] AbstractLoadPlanBuildingAssociationVisitationStrategy - << Finishing up attribute : Attribute(name=epochCreated, type=long [non-identifier])
2021-11-21T23:53:22,066|[DEBUG] MetamodelGraphWalker - Visiting attribute path : epochUpdated
2021-11-21T23:53:22,066|[TRACE] AbstractLoadPlanBuildingAssociationVisitationStrategy - >> Starting attribute Attribute(name=epochUpdated, type=long [non-identifier])
2021-11-21T23:53:22,066|[TRACE] AbstractLoadPlanBuildingAssociationVisitationStrategy - << Finishing up attribute : Attribute(name=epochUpdated, type=long [non-identifier])
2021-11-21T23:53:22,066|[DEBUG] MetamodelGraphWalker - Visiting attribute path : version
2021-11-21T23:53:22,066|[TRACE] AbstractLoadPlanBuildingAssociationVisitationStrategy - >> Starting attribute Attribute(name=version, type=integer [non-identifier])
2021-11-21T23:53:22,066|[TRACE] AbstractLoadPlanBuildingAssociationVisitationStrategy - << Finishing up attribute : Attribute(name=version, type=integer [non-identifier])
2021-11-21T23:53:22,066|[DEBUG] MetamodelGraphWalker - Visiting attribute path : areaCode
2021-11-21T23:53:22,066|[TRACE] AbstractLoadPlanBuildingAssociationVisitationStrategy - >> Starting attribute Attribute(name=areaCode, type=string [non-identifier])
2021-11-21T23:53:22,066|[TRACE] AbstractLoadPlanBuildingAssociationVisitationStrategy - << Finishing up attribute : Attribute(name=areaCode, type=string [non-identifier])
2021-11-21T23:53:22,066|[DEBUG] MetamodelGraphWalker - Visiting attribute path : contacts
2021-11-21T23:53:22,066|[TRACE] AbstractLoadPlanBuildingAssociationVisitationStrategy - >> Starting attribute Attribute(name=contacts, type=java.util.Set(bloodbank.entity.Phone.contacts) [non-identifier,association])
2021-11-21T23:53:22,066|[DEBUG] QuerySpacesImpl - Adding QuerySpace : uid = <gen:1> -> org.hibernate.loader.plan.build.internal.spaces.CollectionQuerySpaceImpl@73e93c3a]
2021-11-21T23:53:22,066|[DEBUG] QuerySpacesImpl - Adding QuerySpace : uid = <gen:2> -> org.hibernate.loader.plan.build.internal.spaces.EntityQuerySpaceImpl@1835b783]
2021-11-21T23:53:22,066|[DEBUG] QuerySpacesImpl - Adding QuerySpace : uid = <gen:2>-id -> org.hibernate.loader.plan.build.internal.spaces.CompositeQuerySpaceImpl@456b140f]
2021-11-21T23:53:22,066|[TRACE] AbstractLoadPlanBuildingAssociationVisitationStrategy - << Finishing up attribute : Attribute(name=contacts, type=java.util.Set(bloodbank.entity.Phone.contacts) [non-identifier,association])
2021-11-21T23:53:22,066|[DEBUG] MetamodelGraphWalker - Visiting attribute path : countryCode
2021-11-21T23:53:22,066|[TRACE] AbstractLoadPlanBuildingAssociationVisitationStrategy - >> Starting attribute Attribute(name=countryCode, type=string [non-identifier])
2021-11-21T23:53:22,066|[TRACE] AbstractLoadPlanBuildingAssociationVisitationStrategy - << Finishing up attribute : Attribute(name=countryCode, type=string [non-identifier])
2021-11-21T23:53:22,066|[DEBUG] MetamodelGraphWalker - Visiting attribute path : number
2021-11-21T23:53:22,066|[TRACE] AbstractLoadPlanBuildingAssociationVisitationStrategy - >> Starting attribute Attribute(name=number, type=string [non-identifier])
2021-11-21T23:53:22,066|[TRACE] AbstractLoadPlanBuildingAssociationVisitationStrategy - << Finishing up attribute : Attribute(name=number, type=string [non-identifier])
2021-11-21T23:53:22,066|[TRACE] AbstractLoadPlanBuildingAssociationVisitationStrategy - Popped fetch owner from stack : org.hibernate.loader.plan.build.internal.returns.EntityReturnImpl@43b45ce4
2021-11-21T23:53:22,066|[TRACE] AbstractLoadPlanBuildingAssociationVisitationStrategy -  Finished root entity : bloodbank.entity.Phone
2021-11-21T23:53:22,066|[DEBUG] FetchStyleLoadPlanBuildingAssociationVisitationStrategy - Building LoadPlan...
2021-11-21T23:53:22,067|[DEBUG] LoadQueryJoinAndFetchProcessor - processing queryspace <gen:0>
2021-11-21T23:53:22,067|[DEBUG] LoadPlanTreePrinter - LoadPlan(entity=bloodbank.entity.Phone)
    - Returns
       - EntityReturnImpl(entity=bloodbank.entity.Phone, querySpaceUid=<gen:0>, path=bloodbank.entity.Phone)
          - CollectionAttributeFetchImpl(collection=bloodbank.entity.Phone.contacts, querySpaceUid=<gen:1>, path=bloodbank.entity.Phone.contacts)
             - (collection element) CollectionFetchableElementEntityGraph(entity=bloodbank.entity.Contact, querySpaceUid=<gen:2>, path=bloodbank.entity.Phone.contacts.<elements>)
    - QuerySpaces
       - EntityQuerySpaceImpl(uid=<gen:0>, entity=bloodbank.entity.Phone)
          - SQL table alias mapping - phone0_
          - alias suffix - 0_
          - suffixed key columns - {phone_id1_6_0_}

2021-11-21T23:53:22,067|[DEBUG] EntityLoader - Static select for entity bloodbank.entity.Phone [NONE]: select phone0_.phone_id as phone_id1_6_0_, phone0_.created as created2_6_0_, phone0_.updated as updated3_6_0_, phone0_.version as version4_6_0_, phone0_.area_code as area_cod5_6_0_, phone0_.country_code as country_6_6_0_, phone0_.number as number7_6_0_ from phone phone0_ where phone0_.phone_id=?
2021-11-21T23:53:22,067|[DEBUG] AbstractEntityPersister - Static SQL for entity: bloodbank.entity.BloodDonation
2021-11-21T23:53:22,067|[DEBUG] AbstractEntityPersister -  Version select: /* get version bloodbank.entity.BloodDonation */ select version from blood_donation where donation_id =?
2021-11-21T23:53:22,067|[DEBUG] AbstractEntityPersister -  Snapshot select: /* get current state bloodbank.entity.BloodDonation */ select blooddonat_.donation_id, blooddonat_.created as created2_2_, blooddonat_.updated as updated3_2_, blooddonat_.version as version4_2_, blooddonat_.bank_id as bank_id8_2_, blooddonat_.blood_group as blood_gr5_2_, blooddonat_.rhd as rhd6_2_, blooddonat_.milliliters as millilit7_2_ from blood_donation blooddonat_ where blooddonat_.donation_id=?
2021-11-21T23:53:22,067|[DEBUG] AbstractEntityPersister -  Insert 0: /* insert bloodbank.entity.BloodDonation */ insert into blood_donation (created, updated, version, bank_id, blood_group, rhd, milliliters, donation_id) values (?, ?, ?, ?, ?, ?, ?, ?)
2021-11-21T23:53:22,067|[DEBUG] AbstractEntityPersister -  Update 0: /* update bloodbank.entity.BloodDonation */ update blood_donation set created=?, updated=?, version=?, bank_id=?, blood_group=?, rhd=?, milliliters=? where donation_id=? and version=?
2021-11-21T23:53:22,067|[DEBUG] AbstractEntityPersister -  Delete 0: /* delete bloodbank.entity.BloodDonation */ delete from blood_donation where donation_id=? and version=?
2021-11-21T23:53:22,067|[DEBUG] AbstractEntityPersister -  Identity insert: /* insert bloodbank.entity.BloodDonation */ insert into blood_donation (created, updated, version, bank_id, blood_group, rhd, milliliters) values (?, ?, ?, ?, ?, ?, ?)
2021-11-21T23:53:22,067|[TRACE] AbstractLoadPlanBuildingAssociationVisitationStrategy -  Starting root entity : bloodbank.entity.BloodDonation
2021-11-21T23:53:22,067|[DEBUG] QuerySpacesImpl - Adding QuerySpace : uid = <gen:0> -> org.hibernate.loader.plan.build.internal.spaces.EntityQuerySpaceImpl@2459333a]
2021-11-21T23:53:22,067|[TRACE] AbstractLoadPlanBuildingAssociationVisitationStrategy - Pushing fetch source to stack : org.hibernate.loader.plan.build.internal.returns.EntityReturnImpl@1e6bd367
2021-11-21T23:53:22,067|[TRACE] AbstractLoadPlanBuildingAssociationVisitationStrategy - .. Registering AssociationKey : AssociationKey(table=blood_donation, columns={donation_id}) -> org.hibernate.loader.plan.build.internal.returns.EntityReturnImpl@1e6bd367
2021-11-21T23:53:22,067|[TRACE] AbstractLoadPlanBuildingAssociationVisitationStrategy - >> Starting entity identifier : bloodbank.entity.BloodDonation
2021-11-21T23:53:22,067|[DEBUG] MetamodelGraphWalker - Visiting attribute path : epochCreated
2021-11-21T23:53:22,067|[TRACE] AbstractLoadPlanBuildingAssociationVisitationStrategy - >> Starting attribute Attribute(name=epochCreated, type=long [non-identifier])
2021-11-21T23:53:22,067|[TRACE] AbstractLoadPlanBuildingAssociationVisitationStrategy - << Finishing up attribute : Attribute(name=epochCreated, type=long [non-identifier])
2021-11-21T23:53:22,067|[DEBUG] MetamodelGraphWalker - Visiting attribute path : epochUpdated
2021-11-21T23:53:22,067|[TRACE] AbstractLoadPlanBuildingAssociationVisitationStrategy - >> Starting attribute Attribute(name=epochUpdated, type=long [non-identifier])
2021-11-21T23:53:22,067|[TRACE] AbstractLoadPlanBuildingAssociationVisitationStrategy - << Finishing up attribute : Attribute(name=epochUpdated, type=long [non-identifier])
2021-11-21T23:53:22,067|[DEBUG] MetamodelGraphWalker - Visiting attribute path : version
2021-11-21T23:53:22,067|[TRACE] AbstractLoadPlanBuildingAssociationVisitationStrategy - >> Starting attribute Attribute(name=version, type=integer [non-identifier])
2021-11-21T23:53:22,067|[TRACE] AbstractLoadPlanBuildingAssociationVisitationStrategy - << Finishing up attribute : Attribute(name=version, type=integer [non-identifier])
2021-11-21T23:53:22,067|[DEBUG] MetamodelGraphWalker - Visiting attribute path : bank
2021-11-21T23:53:22,067|[TRACE] AbstractLoadPlanBuildingAssociationVisitationStrategy - >> Starting attribute Attribute(name=bank, type=bloodbank.entity.BloodBank [non-identifier,association])
2021-11-21T23:53:22,067|[DEBUG] QuerySpacesImpl - Adding QuerySpace : uid = <gen:1> -> org.hibernate.loader.plan.build.internal.spaces.EntityQuerySpaceImpl@2bd7f686]
2021-11-21T23:53:22,067|[TRACE] AbstractLoadPlanBuildingAssociationVisitationStrategy - Pushing fetch source to stack : org.hibernate.loader.plan.build.internal.returns.EntityAttributeFetchImpl@3601549f
2021-11-21T23:53:22,067|[TRACE] AbstractLoadPlanBuildingAssociationVisitationStrategy - .... Registering AssociationKey : AssociationKey(table=blood_donation, columns={bank_id}) -> org.hibernate.loader.plan.build.internal.returns.EntityAttributeFetchImpl@3601549f
2021-11-21T23:53:22,067|[TRACE] AbstractLoadPlanBuildingAssociationVisitationStrategy - >>>> Starting entity identifier : bloodbank.entity.BloodBank
2021-11-21T23:53:22,067|[DEBUG] MetamodelGraphWalker - Visiting attribute path : bank.epochCreated
2021-11-21T23:53:22,067|[TRACE] AbstractLoadPlanBuildingAssociationVisitationStrategy - >>>> Starting attribute Attribute(name=epochCreated, type=long [non-identifier])
2021-11-21T23:53:22,067|[TRACE] AbstractLoadPlanBuildingAssociationVisitationStrategy - <<<< Finishing up attribute : Attribute(name=epochCreated, type=long [non-identifier])
2021-11-21T23:53:22,067|[DEBUG] MetamodelGraphWalker - Visiting attribute path : bank.epochUpdated
2021-11-21T23:53:22,067|[TRACE] AbstractLoadPlanBuildingAssociationVisitationStrategy - >>>> Starting attribute Attribute(name=epochUpdated, type=long [non-identifier])
2021-11-21T23:53:22,067|[TRACE] AbstractLoadPlanBuildingAssociationVisitationStrategy - <<<< Finishing up attribute : Attribute(name=epochUpdated, type=long [non-identifier])
2021-11-21T23:53:22,067|[DEBUG] MetamodelGraphWalker - Visiting attribute path : bank.version
2021-11-21T23:53:22,067|[TRACE] AbstractLoadPlanBuildingAssociationVisitationStrategy - >>>> Starting attribute Attribute(name=version, type=integer [non-identifier])
2021-11-21T23:53:22,067|[TRACE] AbstractLoadPlanBuildingAssociationVisitationStrategy - <<<< Finishing up attribute : Attribute(name=version, type=integer [non-identifier])
2021-11-21T23:53:22,067|[DEBUG] MetamodelGraphWalker - Visiting attribute path : bank.donations
2021-11-21T23:53:22,067|[DEBUG] MetamodelGraphWalker - Property path deemed to be circular : bank.donations
2021-11-21T23:53:22,067|[DEBUG] MetamodelGraphWalker - Visiting attribute path : bank.name
2021-11-21T23:53:22,067|[TRACE] AbstractLoadPlanBuildingAssociationVisitationStrategy - >>>> Starting attribute Attribute(name=name, type=string [non-identifier])
2021-11-21T23:53:22,067|[TRACE] AbstractLoadPlanBuildingAssociationVisitationStrategy - <<<< Finishing up attribute : Attribute(name=name, type=string [non-identifier])
2021-11-21T23:53:22,067|[TRACE] AbstractLoadPlanBuildingAssociationVisitationStrategy - Popped fetch owner from stack : org.hibernate.loader.plan.build.internal.returns.EntityAttributeFetchImpl@3601549f
2021-11-21T23:53:22,067|[TRACE] AbstractLoadPlanBuildingAssociationVisitationStrategy - << Finishing up attribute : Attribute(name=bank, type=bloodbank.entity.BloodBank [non-identifier,association])
2021-11-21T23:53:22,067|[DEBUG] MetamodelGraphWalker - Visiting attribute path : bloodType
2021-11-21T23:53:22,067|[TRACE] AbstractLoadPlanBuildingAssociationVisitationStrategy - >> Starting attribute Attribute(name=bloodType, type=component[bloodGroup,rhd] [non-identifier,composition])
2021-11-21T23:53:22,067|[DEBUG] QuerySpacesImpl - Adding QuerySpace : uid = <gen:2> -> org.hibernate.loader.plan.build.internal.spaces.CompositeQuerySpaceImpl@5b2c7186]
2021-11-21T23:53:22,067|[TRACE] AbstractLoadPlanBuildingAssociationVisitationStrategy - Pushing fetch source to stack : org.hibernate.loader.plan.build.internal.returns.CompositeAttributeFetchImpl@1b9c716f
2021-11-21T23:53:22,067|[TRACE] AbstractLoadPlanBuildingAssociationVisitationStrategy - >>>> Starting composite : bloodType
2021-11-21T23:53:22,067|[DEBUG] MetamodelGraphWalker - Visiting attribute path : bloodType.bloodGroup
2021-11-21T23:53:22,067|[TRACE] AbstractLoadPlanBuildingAssociationVisitationStrategy - >>>> Starting attribute Attribute(name=bloodGroup, type=string [non-identifier])
2021-11-21T23:53:22,067|[TRACE] AbstractLoadPlanBuildingAssociationVisitationStrategy - <<<< Finishing up attribute : Attribute(name=bloodGroup, type=string [non-identifier])
2021-11-21T23:53:22,067|[DEBUG] MetamodelGraphWalker - Visiting attribute path : bloodType.rhd
2021-11-21T23:53:22,067|[TRACE] AbstractLoadPlanBuildingAssociationVisitationStrategy - >>>> Starting attribute Attribute(name=rhd, type=byte [non-identifier])
2021-11-21T23:53:22,067|[TRACE] AbstractLoadPlanBuildingAssociationVisitationStrategy - <<<< Finishing up attribute : Attribute(name=rhd, type=byte [non-identifier])
2021-11-21T23:53:22,067|[TRACE] AbstractLoadPlanBuildingAssociationVisitationStrategy - <<<< Finishing composite : bloodType
2021-11-21T23:53:22,067|[TRACE] AbstractLoadPlanBuildingAssociationVisitationStrategy - Popped fetch owner from stack : org.hibernate.loader.plan.build.internal.returns.CompositeAttributeFetchImpl@1b9c716f
2021-11-21T23:53:22,068|[TRACE] AbstractLoadPlanBuildingAssociationVisitationStrategy - << Finishing up attribute : Attribute(name=bloodType, type=component[bloodGroup,rhd] [non-identifier,composition])
2021-11-21T23:53:22,068|[DEBUG] MetamodelGraphWalker - Visiting attribute path : milliliters
2021-11-21T23:53:22,068|[TRACE] AbstractLoadPlanBuildingAssociationVisitationStrategy - >> Starting attribute Attribute(name=milliliters, type=integer [non-identifier])
2021-11-21T23:53:22,068|[TRACE] AbstractLoadPlanBuildingAssociationVisitationStrategy - << Finishing up attribute : Attribute(name=milliliters, type=integer [non-identifier])
2021-11-21T23:53:22,068|[DEBUG] MetamodelGraphWalker - Visiting attribute path : record
2021-11-21T23:53:22,068|[DEBUG] MetamodelGraphWalker - Property path deemed to be circular : record
2021-11-21T23:53:22,068|[TRACE] AbstractLoadPlanBuildingAssociationVisitationStrategy - Popped fetch owner from stack : org.hibernate.loader.plan.build.internal.returns.EntityReturnImpl@1e6bd367
2021-11-21T23:53:22,068|[TRACE] AbstractLoadPlanBuildingAssociationVisitationStrategy -  Finished root entity : bloodbank.entity.BloodDonation
2021-11-21T23:53:22,068|[DEBUG] FetchStyleLoadPlanBuildingAssociationVisitationStrategy - Building LoadPlan...
2021-11-21T23:53:22,068|[DEBUG] LoadQueryJoinAndFetchProcessor - processing queryspace <gen:0>
2021-11-21T23:53:22,068|[DEBUG] LoadPlanTreePrinter - LoadPlan(entity=bloodbank.entity.BloodDonation)
    - Returns
       - EntityReturnImpl(entity=bloodbank.entity.BloodDonation, querySpaceUid=<gen:0>, path=bloodbank.entity.BloodDonation)
          - EntityAttributeFetchImpl(entity=bloodbank.entity.BloodBank, querySpaceUid=<gen:1>, path=bloodbank.entity.BloodDonation.bank)
          - CompositeAttributeFetchImpl(composite=bloodbank.entity.BloodType, querySpaceUid=<gen:2>, path=bloodbank.entity.BloodDonation.bloodType)
    - QuerySpaces
       - EntityQuerySpaceImpl(uid=<gen:0>, entity=bloodbank.entity.BloodDonation)
          - SQL table alias mapping - blooddonat0_
          - alias suffix - 0_
          - suffixed key columns - {donation1_2_0_}
          - JOIN (JoinDefinedByMetadata(bank)) : <gen:0> -> <gen:1>
             - EntityQuerySpaceImpl(uid=<gen:1>, entity=bloodbank.entity.BloodBank)
                - SQL table alias mapping - bloodbank1_
                - alias suffix - 1_
                - suffixed key columns - {bank_id2_1_1_}
          - JOIN (JoinDefinedByMetadata(bloodType)) : <gen:0> -> <gen:2>
             - CompositeQuerySpaceImpl(uid=<gen:2>)
                - SQL table alias mapping - blooddonat0_

2021-11-21T23:53:22,068|[DEBUG] EntityLoader - Static select for entity bloodbank.entity.BloodDonation [NONE]: select blooddonat0_.donation_id as donation1_2_0_, blooddonat0_.created as created2_2_0_, blooddonat0_.updated as updated3_2_0_, blooddonat0_.version as version4_2_0_, blooddonat0_.bank_id as bank_id8_2_0_, blooddonat0_.blood_group as blood_gr5_2_0_, blooddonat0_.rhd as rhd6_2_0_, blooddonat0_.milliliters as millilit7_2_0_, bloodbank1_.bank_id as bank_id2_1_1_, bloodbank1_.created as created3_1_1_, bloodbank1_.updated as updated4_1_1_, bloodbank1_.version as version5_1_1_, bloodbank1_.name as name6_1_1_, bloodbank1_.privately_owned as privatel1_1_1_ from blood_donation blooddonat0_ inner join blood_bank bloodbank1_ on blooddonat0_.bank_id=bloodbank1_.bank_id where blooddonat0_.donation_id=?
2021-11-21T23:53:22,068|[DEBUG] AbstractEntityPersister - Static SQL for entity: bloodbank.entity.BloodBank
2021-11-21T23:53:22,068|[DEBUG] AbstractEntityPersister -  Version select: /* get version bloodbank.entity.BloodBank */ select version from blood_bank where bank_id =?
2021-11-21T23:53:22,068|[DEBUG] AbstractEntityPersister -  Snapshot select: /* get current state bloodbank.entity.BloodBank */ select bloodbank_.bank_id, bloodbank_.created as created3_1_, bloodbank_.updated as updated4_1_, bloodbank_.version as version5_1_, bloodbank_.name as name6_1_ from blood_bank bloodbank_ where bloodbank_.bank_id=?
2021-11-21T23:53:22,068|[DEBUG] AbstractEntityPersister -  Insert 0: /* insert bloodbank.entity.BloodBank */ insert into blood_bank (created, updated, version, name, privately_owned, bank_id) values (?, ?, ?, ?, -1082010826, ?)
2021-11-21T23:53:22,068|[DEBUG] AbstractEntityPersister -  Update 0: /* update bloodbank.entity.BloodBank */ update blood_bank set created=?, updated=?, version=?, name=? where bank_id=? and version=?
2021-11-21T23:53:22,068|[DEBUG] AbstractEntityPersister -  Delete 0: /* delete bloodbank.entity.BloodBank */ delete from blood_bank where bank_id=? and version=?
2021-11-21T23:53:22,068|[DEBUG] AbstractEntityPersister -  Identity insert: /* insert bloodbank.entity.BloodBank */ insert into blood_bank (created, updated, version, name, privately_owned) values (?, ?, ?, ?, -1082010826)
2021-11-21T23:53:22,068|[TRACE] AbstractLoadPlanBuildingAssociationVisitationStrategy -  Starting root entity : bloodbank.entity.BloodBank
2021-11-21T23:53:22,068|[DEBUG] QuerySpacesImpl - Adding QuerySpace : uid = <gen:0> -> org.hibernate.loader.plan.build.internal.spaces.EntityQuerySpaceImpl@f6bc75c]
2021-11-21T23:53:22,068|[TRACE] AbstractLoadPlanBuildingAssociationVisitationStrategy - Pushing fetch source to stack : org.hibernate.loader.plan.build.internal.returns.EntityReturnImpl@33f2cf82
2021-11-21T23:53:22,068|[TRACE] AbstractLoadPlanBuildingAssociationVisitationStrategy - .. Registering AssociationKey : AssociationKey(table=blood_bank, columns={bank_id}) -> org.hibernate.loader.plan.build.internal.returns.EntityReturnImpl@33f2cf82
2021-11-21T23:53:22,068|[TRACE] AbstractLoadPlanBuildingAssociationVisitationStrategy - >> Starting entity identifier : bloodbank.entity.BloodBank
2021-11-21T23:53:22,068|[DEBUG] MetamodelGraphWalker - Visiting attribute path : epochCreated
2021-11-21T23:53:22,068|[TRACE] AbstractLoadPlanBuildingAssociationVisitationStrategy - >> Starting attribute Attribute(name=epochCreated, type=long [non-identifier])
2021-11-21T23:53:22,068|[TRACE] AbstractLoadPlanBuildingAssociationVisitationStrategy - << Finishing up attribute : Attribute(name=epochCreated, type=long [non-identifier])
2021-11-21T23:53:22,068|[DEBUG] MetamodelGraphWalker - Visiting attribute path : epochUpdated
2021-11-21T23:53:22,068|[TRACE] AbstractLoadPlanBuildingAssociationVisitationStrategy - >> Starting attribute Attribute(name=epochUpdated, type=long [non-identifier])
2021-11-21T23:53:22,068|[TRACE] AbstractLoadPlanBuildingAssociationVisitationStrategy - << Finishing up attribute : Attribute(name=epochUpdated, type=long [non-identifier])
2021-11-21T23:53:22,068|[DEBUG] MetamodelGraphWalker - Visiting attribute path : version
2021-11-21T23:53:22,068|[TRACE] AbstractLoadPlanBuildingAssociationVisitationStrategy - >> Starting attribute Attribute(name=version, type=integer [non-identifier])
2021-11-21T23:53:22,068|[TRACE] AbstractLoadPlanBuildingAssociationVisitationStrategy - << Finishing up attribute : Attribute(name=version, type=integer [non-identifier])
2021-11-21T23:53:22,068|[DEBUG] MetamodelGraphWalker - Visiting attribute path : donations
2021-11-21T23:53:22,068|[TRACE] AbstractLoadPlanBuildingAssociationVisitationStrategy - >> Starting attribute Attribute(name=donations, type=java.util.Set(bloodbank.entity.BloodBank.donations) [non-identifier,association])
2021-11-21T23:53:22,068|[DEBUG] QuerySpacesImpl - Adding QuerySpace : uid = <gen:1> -> org.hibernate.loader.plan.build.internal.spaces.CollectionQuerySpaceImpl@bea283b]
2021-11-21T23:53:22,068|[DEBUG] QuerySpacesImpl - Adding QuerySpace : uid = <gen:2> -> org.hibernate.loader.plan.build.internal.spaces.EntityQuerySpaceImpl@73852720]
2021-11-21T23:53:22,068|[TRACE] AbstractLoadPlanBuildingAssociationVisitationStrategy - << Finishing up attribute : Attribute(name=donations, type=java.util.Set(bloodbank.entity.BloodBank.donations) [non-identifier,association])
2021-11-21T23:53:22,068|[DEBUG] MetamodelGraphWalker - Visiting attribute path : name
2021-11-21T23:53:22,068|[TRACE] AbstractLoadPlanBuildingAssociationVisitationStrategy - >> Starting attribute Attribute(name=name, type=string [non-identifier])
2021-11-21T23:53:22,068|[TRACE] AbstractLoadPlanBuildingAssociationVisitationStrategy - << Finishing up attribute : Attribute(name=name, type=string [non-identifier])
2021-11-21T23:53:22,068|[TRACE] AbstractLoadPlanBuildingAssociationVisitationStrategy - Popped fetch owner from stack : org.hibernate.loader.plan.build.internal.returns.EntityReturnImpl@33f2cf82
2021-11-21T23:53:22,068|[TRACE] AbstractLoadPlanBuildingAssociationVisitationStrategy -  Finished root entity : bloodbank.entity.BloodBank
2021-11-21T23:53:22,068|[DEBUG] FetchStyleLoadPlanBuildingAssociationVisitationStrategy - Building LoadPlan...
2021-11-21T23:53:22,068|[DEBUG] LoadQueryJoinAndFetchProcessor - processing queryspace <gen:0>
2021-11-21T23:53:22,068|[DEBUG] LoadPlanTreePrinter - LoadPlan(entity=bloodbank.entity.BloodBank)
    - Returns
       - EntityReturnImpl(entity=bloodbank.entity.BloodBank, querySpaceUid=<gen:0>, path=bloodbank.entity.BloodBank)
          - CollectionAttributeFetchImpl(collection=bloodbank.entity.BloodBank.donations, querySpaceUid=<gen:1>, path=bloodbank.entity.BloodBank.donations)
             - (collection element) CollectionFetchableElementEntityGraph(entity=bloodbank.entity.BloodDonation, querySpaceUid=<gen:2>, path=bloodbank.entity.BloodBank.donations.<elements>)
    - QuerySpaces
       - EntityQuerySpaceImpl(uid=<gen:0>, entity=bloodbank.entity.BloodBank)
          - SQL table alias mapping - bloodbank0_
          - alias suffix - 0_
          - suffixed key columns - {bank_id2_1_0_}

2021-11-21T23:53:22,068|[DEBUG] EntityLoader - Static select for entity bloodbank.entity.BloodBank [NONE]: select bloodbank0_.bank_id as bank_id2_1_0_, bloodbank0_.created as created3_1_0_, bloodbank0_.updated as updated4_1_0_, bloodbank0_.version as version5_1_0_, bloodbank0_.name as name6_1_0_, bloodbank0_.privately_owned as privatel1_1_0_ from blood_bank bloodbank0_ where bloodbank0_.bank_id=?
2021-11-21T23:53:22,069|[DEBUG] AbstractEntityPersister - Static SQL for entity: bloodbank.entity.PrivateBloodBank
2021-11-21T23:53:22,069|[DEBUG] AbstractEntityPersister -  Version select: /* get version bloodbank.entity.PrivateBloodBank */ select version from blood_bank where bank_id =?
2021-11-21T23:53:22,069|[DEBUG] AbstractEntityPersister -  Snapshot select: /* get current state bloodbank.entity.PrivateBloodBank */ select privateblo_.bank_id, privateblo_.created as created3_1_, privateblo_.updated as updated4_1_, privateblo_.version as version5_1_, privateblo_.name as name6_1_ from blood_bank privateblo_ where privateblo_.bank_id=?
2021-11-21T23:53:22,069|[DEBUG] AbstractEntityPersister -  Insert 0: /* insert bloodbank.entity.PrivateBloodBank */ insert into blood_bank (created, updated, version, name, privately_owned, bank_id) values (?, ?, ?, ?, 1, ?)
2021-11-21T23:53:22,069|[DEBUG] AbstractEntityPersister -  Update 0: /* update bloodbank.entity.PrivateBloodBank */ update blood_bank set created=?, updated=?, version=?, name=? where bank_id=? and version=?
2021-11-21T23:53:22,069|[DEBUG] AbstractEntityPersister -  Delete 0: /* delete bloodbank.entity.PrivateBloodBank */ delete from blood_bank where bank_id=? and version=?
2021-11-21T23:53:22,069|[DEBUG] AbstractEntityPersister -  Identity insert: /* insert bloodbank.entity.PrivateBloodBank */ insert into blood_bank (created, updated, version, name, privately_owned) values (?, ?, ?, ?, 1)
2021-11-21T23:53:22,069|[TRACE] AbstractLoadPlanBuildingAssociationVisitationStrategy -  Starting root entity : bloodbank.entity.PrivateBloodBank
2021-11-21T23:53:22,069|[DEBUG] QuerySpacesImpl - Adding QuerySpace : uid = <gen:0> -> org.hibernate.loader.plan.build.internal.spaces.EntityQuerySpaceImpl@22854f2b]
2021-11-21T23:53:22,069|[TRACE] AbstractLoadPlanBuildingAssociationVisitationStrategy - Pushing fetch source to stack : org.hibernate.loader.plan.build.internal.returns.EntityReturnImpl@7ae0a26
2021-11-21T23:53:22,069|[TRACE] AbstractLoadPlanBuildingAssociationVisitationStrategy - .. Registering AssociationKey : AssociationKey(table=blood_bank, columns={bank_id}) -> org.hibernate.loader.plan.build.internal.returns.EntityReturnImpl@7ae0a26
2021-11-21T23:53:22,069|[TRACE] AbstractLoadPlanBuildingAssociationVisitationStrategy - >> Starting entity identifier : bloodbank.entity.PrivateBloodBank
2021-11-21T23:53:22,069|[DEBUG] MetamodelGraphWalker - Visiting attribute path : epochCreated
2021-11-21T23:53:22,069|[TRACE] AbstractLoadPlanBuildingAssociationVisitationStrategy - >> Starting attribute Attribute(name=epochCreated, type=long [non-identifier])
2021-11-21T23:53:22,069|[TRACE] AbstractLoadPlanBuildingAssociationVisitationStrategy - << Finishing up attribute : Attribute(name=epochCreated, type=long [non-identifier])
2021-11-21T23:53:22,069|[DEBUG] MetamodelGraphWalker - Visiting attribute path : epochUpdated
2021-11-21T23:53:22,069|[TRACE] AbstractLoadPlanBuildingAssociationVisitationStrategy - >> Starting attribute Attribute(name=epochUpdated, type=long [non-identifier])
2021-11-21T23:53:22,069|[TRACE] AbstractLoadPlanBuildingAssociationVisitationStrategy - << Finishing up attribute : Attribute(name=epochUpdated, type=long [non-identifier])
2021-11-21T23:53:22,069|[DEBUG] MetamodelGraphWalker - Visiting attribute path : version
2021-11-21T23:53:22,069|[TRACE] AbstractLoadPlanBuildingAssociationVisitationStrategy - >> Starting attribute Attribute(name=version, type=integer [non-identifier])
2021-11-21T23:53:22,069|[TRACE] AbstractLoadPlanBuildingAssociationVisitationStrategy - << Finishing up attribute : Attribute(name=version, type=integer [non-identifier])
2021-11-21T23:53:22,069|[DEBUG] MetamodelGraphWalker - Visiting attribute path : donations
2021-11-21T23:53:22,069|[TRACE] AbstractLoadPlanBuildingAssociationVisitationStrategy - >> Starting attribute Attribute(name=donations, type=java.util.Set(bloodbank.entity.BloodBank.donations) [non-identifier,association])
2021-11-21T23:53:22,069|[DEBUG] QuerySpacesImpl - Adding QuerySpace : uid = <gen:1> -> org.hibernate.loader.plan.build.internal.spaces.CollectionQuerySpaceImpl@5ddf5118]
2021-11-21T23:53:22,069|[DEBUG] QuerySpacesImpl - Adding QuerySpace : uid = <gen:2> -> org.hibernate.loader.plan.build.internal.spaces.EntityQuerySpaceImpl@7b9d1a4]
2021-11-21T23:53:22,069|[TRACE] AbstractLoadPlanBuildingAssociationVisitationStrategy - << Finishing up attribute : Attribute(name=donations, type=java.util.Set(bloodbank.entity.BloodBank.donations) [non-identifier,association])
2021-11-21T23:53:22,069|[DEBUG] MetamodelGraphWalker - Visiting attribute path : name
2021-11-21T23:53:22,069|[TRACE] AbstractLoadPlanBuildingAssociationVisitationStrategy - >> Starting attribute Attribute(name=name, type=string [non-identifier])
2021-11-21T23:53:22,069|[TRACE] AbstractLoadPlanBuildingAssociationVisitationStrategy - << Finishing up attribute : Attribute(name=name, type=string [non-identifier])
2021-11-21T23:53:22,069|[TRACE] AbstractLoadPlanBuildingAssociationVisitationStrategy - Popped fetch owner from stack : org.hibernate.loader.plan.build.internal.returns.EntityReturnImpl@7ae0a26
2021-11-21T23:53:22,069|[TRACE] AbstractLoadPlanBuildingAssociationVisitationStrategy -  Finished root entity : bloodbank.entity.PrivateBloodBank
2021-11-21T23:53:22,069|[DEBUG] FetchStyleLoadPlanBuildingAssociationVisitationStrategy - Building LoadPlan...
2021-11-21T23:53:22,069|[DEBUG] LoadQueryJoinAndFetchProcessor - processing queryspace <gen:0>
2021-11-21T23:53:22,069|[DEBUG] LoadPlanTreePrinter - LoadPlan(entity=bloodbank.entity.PrivateBloodBank)
    - Returns
       - EntityReturnImpl(entity=bloodbank.entity.PrivateBloodBank, querySpaceUid=<gen:0>, path=bloodbank.entity.PrivateBloodBank)
          - CollectionAttributeFetchImpl(collection=bloodbank.entity.BloodBank.donations, querySpaceUid=<gen:1>, path=bloodbank.entity.PrivateBloodBank.donations)
             - (collection element) CollectionFetchableElementEntityGraph(entity=bloodbank.entity.BloodDonation, querySpaceUid=<gen:2>, path=bloodbank.entity.PrivateBloodBank.donations.<elements>)
    - QuerySpaces
       - EntityQuerySpaceImpl(uid=<gen:0>, entity=bloodbank.entity.PrivateBloodBank)
          - SQL table alias mapping - privateblo0_
          - alias suffix - 0_
          - suffixed key columns - {bank_id2_1_0_}

2021-11-21T23:53:22,069|[DEBUG] EntityLoader - Static select for entity bloodbank.entity.PrivateBloodBank [NONE]: select privateblo0_.bank_id as bank_id2_1_0_, privateblo0_.created as created3_1_0_, privateblo0_.updated as updated4_1_0_, privateblo0_.version as version5_1_0_, privateblo0_.name as name6_1_0_ from blood_bank privateblo0_ where privateblo0_.bank_id=? and privateblo0_.privately_owned=1
2021-11-21T23:53:22,069|[DEBUG] AbstractEntityPersister - Static SQL for entity: bloodbank.entity.DonationRecord
2021-11-21T23:53:22,069|[DEBUG] AbstractEntityPersister -  Version select: /* get version bloodbank.entity.DonationRecord */ select version from donation_record where record_id =?
2021-11-21T23:53:22,069|[DEBUG] AbstractEntityPersister -  Snapshot select: /* get current state bloodbank.entity.DonationRecord */ select donationre_.record_id, donationre_.created as created2_4_, donationre_.updated as updated3_4_, donationre_.version as version4_4_, donationre_.donation_id as donation6_4_, donationre_.person_id as person_i7_4_, donationre_.tested as tested5_4_ from donation_record donationre_ where donationre_.record_id=?
2021-11-21T23:53:22,069|[DEBUG] AbstractEntityPersister -  Insert 0: /* insert bloodbank.entity.DonationRecord */ insert into donation_record (created, updated, version, donation_id, person_id, tested, record_id) values (?, ?, ?, ?, ?, ?, ?)
2021-11-21T23:53:22,069|[DEBUG] AbstractEntityPersister -  Update 0: /* update bloodbank.entity.DonationRecord */ update donation_record set created=?, updated=?, version=?, donation_id=?, person_id=?, tested=? where record_id=? and version=?
2021-11-21T23:53:22,069|[DEBUG] AbstractEntityPersister -  Delete 0: /* delete bloodbank.entity.DonationRecord */ delete from donation_record where record_id=? and version=?
2021-11-21T23:53:22,069|[DEBUG] AbstractEntityPersister -  Identity insert: /* insert bloodbank.entity.DonationRecord */ insert into donation_record (created, updated, version, donation_id, person_id, tested) values (?, ?, ?, ?, ?, ?)
2021-11-21T23:53:22,069|[TRACE] AbstractLoadPlanBuildingAssociationVisitationStrategy -  Starting root entity : bloodbank.entity.DonationRecord
2021-11-21T23:53:22,069|[DEBUG] QuerySpacesImpl - Adding QuerySpace : uid = <gen:0> -> org.hibernate.loader.plan.build.internal.spaces.EntityQuerySpaceImpl@fcd3a6f]
2021-11-21T23:53:22,069|[TRACE] AbstractLoadPlanBuildingAssociationVisitationStrategy - Pushing fetch source to stack : org.hibernate.loader.plan.build.internal.returns.EntityReturnImpl@7845ee8a
2021-11-21T23:53:22,069|[TRACE] AbstractLoadPlanBuildingAssociationVisitationStrategy - .. Registering AssociationKey : AssociationKey(table=donation_record, columns={record_id}) -> org.hibernate.loader.plan.build.internal.returns.EntityReturnImpl@7845ee8a
2021-11-21T23:53:22,069|[TRACE] AbstractLoadPlanBuildingAssociationVisitationStrategy - >> Starting entity identifier : bloodbank.entity.DonationRecord
2021-11-21T23:53:22,069|[DEBUG] MetamodelGraphWalker - Visiting attribute path : epochCreated
2021-11-21T23:53:22,069|[TRACE] AbstractLoadPlanBuildingAssociationVisitationStrategy - >> Starting attribute Attribute(name=epochCreated, type=long [non-identifier])
2021-11-21T23:53:22,069|[TRACE] AbstractLoadPlanBuildingAssociationVisitationStrategy - << Finishing up attribute : Attribute(name=epochCreated, type=long [non-identifier])
2021-11-21T23:53:22,069|[DEBUG] MetamodelGraphWalker - Visiting attribute path : epochUpdated
2021-11-21T23:53:22,069|[TRACE] AbstractLoadPlanBuildingAssociationVisitationStrategy - >> Starting attribute Attribute(name=epochUpdated, type=long [non-identifier])
2021-11-21T23:53:22,069|[TRACE] AbstractLoadPlanBuildingAssociationVisitationStrategy - << Finishing up attribute : Attribute(name=epochUpdated, type=long [non-identifier])
2021-11-21T23:53:22,069|[DEBUG] MetamodelGraphWalker - Visiting attribute path : version
2021-11-21T23:53:22,069|[TRACE] AbstractLoadPlanBuildingAssociationVisitationStrategy - >> Starting attribute Attribute(name=version, type=integer [non-identifier])
2021-11-21T23:53:22,069|[TRACE] AbstractLoadPlanBuildingAssociationVisitationStrategy - << Finishing up attribute : Attribute(name=version, type=integer [non-identifier])
2021-11-21T23:53:22,069|[DEBUG] MetamodelGraphWalker - Visiting attribute path : donation
2021-11-21T23:53:22,069|[TRACE] AbstractLoadPlanBuildingAssociationVisitationStrategy - >> Starting attribute Attribute(name=donation, type=bloodbank.entity.BloodDonation [non-identifier,association])
2021-11-21T23:53:22,069|[DEBUG] QuerySpacesImpl - Adding QuerySpace : uid = <gen:1> -> org.hibernate.loader.plan.build.internal.spaces.EntityQuerySpaceImpl@5f35370b]
2021-11-21T23:53:22,069|[TRACE] AbstractLoadPlanBuildingAssociationVisitationStrategy - Pushing fetch source to stack : org.hibernate.loader.plan.build.internal.returns.EntityAttributeFetchImpl@16c8e9b8
2021-11-21T23:53:22,069|[TRACE] AbstractLoadPlanBuildingAssociationVisitationStrategy - .... Registering AssociationKey : AssociationKey(table=donation_record, columns={donation_id}) -> org.hibernate.loader.plan.build.internal.returns.EntityAttributeFetchImpl@16c8e9b8
2021-11-21T23:53:22,069|[TRACE] AbstractLoadPlanBuildingAssociationVisitationStrategy - >>>> Starting entity identifier : bloodbank.entity.BloodDonation
2021-11-21T23:53:22,069|[DEBUG] MetamodelGraphWalker - Visiting attribute path : donation.epochCreated
2021-11-21T23:53:22,069|[TRACE] AbstractLoadPlanBuildingAssociationVisitationStrategy - >>>> Starting attribute Attribute(name=epochCreated, type=long [non-identifier])
2021-11-21T23:53:22,069|[TRACE] AbstractLoadPlanBuildingAssociationVisitationStrategy - <<<< Finishing up attribute : Attribute(name=epochCreated, type=long [non-identifier])
2021-11-21T23:53:22,069|[DEBUG] MetamodelGraphWalker - Visiting attribute path : donation.epochUpdated
2021-11-21T23:53:22,069|[TRACE] AbstractLoadPlanBuildingAssociationVisitationStrategy - >>>> Starting attribute Attribute(name=epochUpdated, type=long [non-identifier])
2021-11-21T23:53:22,069|[TRACE] AbstractLoadPlanBuildingAssociationVisitationStrategy - <<<< Finishing up attribute : Attribute(name=epochUpdated, type=long [non-identifier])
2021-11-21T23:53:22,069|[DEBUG] MetamodelGraphWalker - Visiting attribute path : donation.version
2021-11-21T23:53:22,069|[TRACE] AbstractLoadPlanBuildingAssociationVisitationStrategy - >>>> Starting attribute Attribute(name=version, type=integer [non-identifier])
2021-11-21T23:53:22,069|[TRACE] AbstractLoadPlanBuildingAssociationVisitationStrategy - <<<< Finishing up attribute : Attribute(name=version, type=integer [non-identifier])
2021-11-21T23:53:22,069|[DEBUG] MetamodelGraphWalker - Visiting attribute path : donation.bank
2021-11-21T23:53:22,069|[TRACE] AbstractLoadPlanBuildingAssociationVisitationStrategy - >>>> Starting attribute Attribute(name=bank, type=bloodbank.entity.BloodBank [non-identifier,association])
2021-11-21T23:53:22,070|[DEBUG] QuerySpacesImpl - Adding QuerySpace : uid = <gen:2> -> org.hibernate.loader.plan.build.internal.spaces.EntityQuerySpaceImpl@7030b74c]
2021-11-21T23:53:22,070|[TRACE] AbstractLoadPlanBuildingAssociationVisitationStrategy - Pushing fetch source to stack : org.hibernate.loader.plan.build.internal.returns.EntityAttributeFetchImpl@27d6267e
2021-11-21T23:53:22,070|[TRACE] AbstractLoadPlanBuildingAssociationVisitationStrategy - ...... Registering AssociationKey : AssociationKey(table=blood_donation, columns={bank_id}) -> org.hibernate.loader.plan.build.internal.returns.EntityAttributeFetchImpl@27d6267e
2021-11-21T23:53:22,070|[TRACE] AbstractLoadPlanBuildingAssociationVisitationStrategy - >>>>>> Starting entity identifier : bloodbank.entity.BloodBank
2021-11-21T23:53:22,070|[DEBUG] MetamodelGraphWalker - Visiting attribute path : donation.bank.epochCreated
2021-11-21T23:53:22,070|[TRACE] AbstractLoadPlanBuildingAssociationVisitationStrategy - >>>>>> Starting attribute Attribute(name=epochCreated, type=long [non-identifier])
2021-11-21T23:53:22,070|[TRACE] AbstractLoadPlanBuildingAssociationVisitationStrategy - <<<<<< Finishing up attribute : Attribute(name=epochCreated, type=long [non-identifier])
2021-11-21T23:53:22,070|[DEBUG] MetamodelGraphWalker - Visiting attribute path : donation.bank.epochUpdated
2021-11-21T23:53:22,070|[TRACE] AbstractLoadPlanBuildingAssociationVisitationStrategy - >>>>>> Starting attribute Attribute(name=epochUpdated, type=long [non-identifier])
2021-11-21T23:53:22,070|[TRACE] AbstractLoadPlanBuildingAssociationVisitationStrategy - <<<<<< Finishing up attribute : Attribute(name=epochUpdated, type=long [non-identifier])
2021-11-21T23:53:22,070|[DEBUG] MetamodelGraphWalker - Visiting attribute path : donation.bank.version
2021-11-21T23:53:22,070|[TRACE] AbstractLoadPlanBuildingAssociationVisitationStrategy - >>>>>> Starting attribute Attribute(name=version, type=integer [non-identifier])
2021-11-21T23:53:22,070|[TRACE] AbstractLoadPlanBuildingAssociationVisitationStrategy - <<<<<< Finishing up attribute : Attribute(name=version, type=integer [non-identifier])
2021-11-21T23:53:22,070|[DEBUG] MetamodelGraphWalker - Visiting attribute path : donation.bank.donations
2021-11-21T23:53:22,070|[DEBUG] MetamodelGraphWalker - Property path deemed to be circular : donation.bank.donations
2021-11-21T23:53:22,070|[DEBUG] MetamodelGraphWalker - Visiting attribute path : donation.bank.name
2021-11-21T23:53:22,070|[TRACE] AbstractLoadPlanBuildingAssociationVisitationStrategy - >>>>>> Starting attribute Attribute(name=name, type=string [non-identifier])
2021-11-21T23:53:22,070|[TRACE] AbstractLoadPlanBuildingAssociationVisitationStrategy - <<<<<< Finishing up attribute : Attribute(name=name, type=string [non-identifier])
2021-11-21T23:53:22,070|[TRACE] AbstractLoadPlanBuildingAssociationVisitationStrategy - Popped fetch owner from stack : org.hibernate.loader.plan.build.internal.returns.EntityAttributeFetchImpl@27d6267e
2021-11-21T23:53:22,070|[TRACE] AbstractLoadPlanBuildingAssociationVisitationStrategy - <<<< Finishing up attribute : Attribute(name=bank, type=bloodbank.entity.BloodBank [non-identifier,association])
2021-11-21T23:53:22,070|[DEBUG] MetamodelGraphWalker - Visiting attribute path : donation.bloodType
2021-11-21T23:53:22,070|[TRACE] AbstractLoadPlanBuildingAssociationVisitationStrategy - >>>> Starting attribute Attribute(name=bloodType, type=component[bloodGroup,rhd] [non-identifier,composition])
2021-11-21T23:53:22,070|[DEBUG] QuerySpacesImpl - Adding QuerySpace : uid = <gen:3> -> org.hibernate.loader.plan.build.internal.spaces.CompositeQuerySpaceImpl@512dc0e0]
2021-11-21T23:53:22,070|[TRACE] AbstractLoadPlanBuildingAssociationVisitationStrategy - Pushing fetch source to stack : org.hibernate.loader.plan.build.internal.returns.CompositeAttributeFetchImpl@f96654
2021-11-21T23:53:22,070|[TRACE] AbstractLoadPlanBuildingAssociationVisitationStrategy - >>>>>> Starting composite : bloodType
2021-11-21T23:53:22,070|[DEBUG] MetamodelGraphWalker - Visiting attribute path : donation.bloodType.bloodGroup
2021-11-21T23:53:22,070|[TRACE] AbstractLoadPlanBuildingAssociationVisitationStrategy - >>>>>> Starting attribute Attribute(name=bloodGroup, type=string [non-identifier])
2021-11-21T23:53:22,070|[TRACE] AbstractLoadPlanBuildingAssociationVisitationStrategy - <<<<<< Finishing up attribute : Attribute(name=bloodGroup, type=string [non-identifier])
2021-11-21T23:53:22,070|[DEBUG] MetamodelGraphWalker - Visiting attribute path : donation.bloodType.rhd
2021-11-21T23:53:22,070|[TRACE] AbstractLoadPlanBuildingAssociationVisitationStrategy - >>>>>> Starting attribute Attribute(name=rhd, type=byte [non-identifier])
2021-11-21T23:53:22,070|[TRACE] AbstractLoadPlanBuildingAssociationVisitationStrategy - <<<<<< Finishing up attribute : Attribute(name=rhd, type=byte [non-identifier])
2021-11-21T23:53:22,070|[TRACE] AbstractLoadPlanBuildingAssociationVisitationStrategy - <<<<<< Finishing composite : bloodType
2021-11-21T23:53:22,070|[TRACE] AbstractLoadPlanBuildingAssociationVisitationStrategy - Popped fetch owner from stack : org.hibernate.loader.plan.build.internal.returns.CompositeAttributeFetchImpl@f96654
2021-11-21T23:53:22,070|[TRACE] AbstractLoadPlanBuildingAssociationVisitationStrategy - <<<< Finishing up attribute : Attribute(name=bloodType, type=component[bloodGroup,rhd] [non-identifier,composition])
2021-11-21T23:53:22,070|[DEBUG] MetamodelGraphWalker - Visiting attribute path : donation.milliliters
2021-11-21T23:53:22,070|[TRACE] AbstractLoadPlanBuildingAssociationVisitationStrategy - >>>> Starting attribute Attribute(name=milliliters, type=integer [non-identifier])
2021-11-21T23:53:22,070|[TRACE] AbstractLoadPlanBuildingAssociationVisitationStrategy - <<<< Finishing up attribute : Attribute(name=milliliters, type=integer [non-identifier])
2021-11-21T23:53:22,070|[DEBUG] MetamodelGraphWalker - Visiting attribute path : donation.record
2021-11-21T23:53:22,070|[TRACE] AbstractLoadPlanBuildingAssociationVisitationStrategy - >>>> Starting attribute Attribute(name=record, type=bloodbank.entity.DonationRecord [non-identifier,association])
2021-11-21T23:53:22,070|[DEBUG] QuerySpacesImpl - Adding QuerySpace : uid = <gen:4> -> org.hibernate.loader.plan.build.internal.spaces.EntityQuerySpaceImpl@75063bd0]
2021-11-21T23:53:22,070|[TRACE] AbstractLoadPlanBuildingAssociationVisitationStrategy - <<<< Finishing up attribute : Attribute(name=record, type=bloodbank.entity.DonationRecord [non-identifier,association])
2021-11-21T23:53:22,070|[TRACE] AbstractLoadPlanBuildingAssociationVisitationStrategy - Popped fetch owner from stack : org.hibernate.loader.plan.build.internal.returns.EntityAttributeFetchImpl@16c8e9b8
2021-11-21T23:53:22,070|[TRACE] AbstractLoadPlanBuildingAssociationVisitationStrategy - << Finishing up attribute : Attribute(name=donation, type=bloodbank.entity.BloodDonation [non-identifier,association])
2021-11-21T23:53:22,070|[DEBUG] MetamodelGraphWalker - Visiting attribute path : owner
2021-11-21T23:53:22,070|[TRACE] AbstractLoadPlanBuildingAssociationVisitationStrategy - >> Starting attribute Attribute(name=owner, type=bloodbank.entity.Person [non-identifier,association])
2021-11-21T23:53:22,070|[DEBUG] QuerySpacesImpl - Adding QuerySpace : uid = <gen:5> -> org.hibernate.loader.plan.build.internal.spaces.EntityQuerySpaceImpl@637506d8]
2021-11-21T23:53:22,070|[TRACE] AbstractLoadPlanBuildingAssociationVisitationStrategy - << Finishing up attribute : Attribute(name=owner, type=bloodbank.entity.Person [non-identifier,association])
2021-11-21T23:53:22,070|[DEBUG] MetamodelGraphWalker - Visiting attribute path : tested
2021-11-21T23:53:22,070|[TRACE] AbstractLoadPlanBuildingAssociationVisitationStrategy - >> Starting attribute Attribute(name=tested, type=byte [non-identifier])
2021-11-21T23:53:22,070|[TRACE] AbstractLoadPlanBuildingAssociationVisitationStrategy - << Finishing up attribute : Attribute(name=tested, type=byte [non-identifier])
2021-11-21T23:53:22,070|[TRACE] AbstractLoadPlanBuildingAssociationVisitationStrategy - Popped fetch owner from stack : org.hibernate.loader.plan.build.internal.returns.EntityReturnImpl@7845ee8a
2021-11-21T23:53:22,070|[TRACE] AbstractLoadPlanBuildingAssociationVisitationStrategy -  Finished root entity : bloodbank.entity.DonationRecord
2021-11-21T23:53:22,070|[DEBUG] FetchStyleLoadPlanBuildingAssociationVisitationStrategy - Building LoadPlan...
2021-11-21T23:53:22,070|[DEBUG] LoadQueryJoinAndFetchProcessor - processing queryspace <gen:0>
2021-11-21T23:53:22,070|[DEBUG] LoadPlanTreePrinter - LoadPlan(entity=bloodbank.entity.DonationRecord)
    - Returns
       - EntityReturnImpl(entity=bloodbank.entity.DonationRecord, querySpaceUid=<gen:0>, path=bloodbank.entity.DonationRecord)
          - EntityAttributeFetchImpl(entity=bloodbank.entity.BloodDonation, querySpaceUid=<gen:1>, path=bloodbank.entity.DonationRecord.donation)
             - EntityAttributeFetchImpl(entity=bloodbank.entity.BloodBank, querySpaceUid=<gen:2>, path=bloodbank.entity.DonationRecord.donation.bank)
             - CompositeAttributeFetchImpl(composite=bloodbank.entity.BloodType, querySpaceUid=<gen:3>, path=bloodbank.entity.DonationRecord.donation.bloodType)
             - EntityAttributeFetchImpl(entity=bloodbank.entity.DonationRecord, querySpaceUid=<gen:4>, path=bloodbank.entity.DonationRecord.donation.record)
          - EntityAttributeFetchImpl(entity=bloodbank.entity.Person, querySpaceUid=<gen:5>, path=bloodbank.entity.DonationRecord.owner)
    - QuerySpaces
       - EntityQuerySpaceImpl(uid=<gen:0>, entity=bloodbank.entity.DonationRecord)
          - SQL table alias mapping - donationre0_
          - alias suffix - 0_
          - suffixed key columns - {record_i1_4_0_}
          - JOIN (JoinDefinedByMetadata(donation)) : <gen:0> -> <gen:1>
             - EntityQuerySpaceImpl(uid=<gen:1>, entity=bloodbank.entity.BloodDonation)
                - SQL table alias mapping - blooddonat1_
                - alias suffix - 1_
                - suffixed key columns - {donation1_2_1_}
                - JOIN (JoinDefinedByMetadata(bank)) : <gen:1> -> <gen:2>
                   - EntityQuerySpaceImpl(uid=<gen:2>, entity=bloodbank.entity.BloodBank)
                      - SQL table alias mapping - bloodbank2_
                      - alias suffix - 2_
                      - suffixed key columns - {bank_id2_1_2_}
                - JOIN (JoinDefinedByMetadata(bloodType)) : <gen:1> -> <gen:3>
                   - CompositeQuerySpaceImpl(uid=<gen:3>)
                      - SQL table alias mapping - blooddonat1_

2021-11-21T23:53:22,070|[DEBUG] EntityLoader - Static select for entity bloodbank.entity.DonationRecord [NONE]: select donationre0_.record_id as record_i1_4_0_, donationre0_.created as created2_4_0_, donationre0_.updated as updated3_4_0_, donationre0_.version as version4_4_0_, donationre0_.donation_id as donation6_4_0_, donationre0_.person_id as person_i7_4_0_, donationre0_.tested as tested5_4_0_, blooddonat1_.donation_id as donation1_2_1_, blooddonat1_.created as created2_2_1_, blooddonat1_.updated as updated3_2_1_, blooddonat1_.version as version4_2_1_, blooddonat1_.bank_id as bank_id8_2_1_, blooddonat1_.blood_group as blood_gr5_2_1_, blooddonat1_.rhd as rhd6_2_1_, blooddonat1_.milliliters as millilit7_2_1_, bloodbank2_.bank_id as bank_id2_1_2_, bloodbank2_.created as created3_1_2_, bloodbank2_.updated as updated4_1_2_, bloodbank2_.version as version5_1_2_, bloodbank2_.name as name6_1_2_, bloodbank2_.privately_owned as privatel1_1_2_ from donation_record donationre0_ left outer join blood_donation blooddonat1_ on donationre0_.donation_id=blooddonat1_.donation_id left outer join blood_bank bloodbank2_ on blooddonat1_.bank_id=bloodbank2_.bank_id where donationre0_.record_id=?
2021-11-21T23:53:22,071|[DEBUG] AbstractEntityPersister - Static SQL for entity: bloodbank.entity.Address
2021-11-21T23:53:22,071|[DEBUG] AbstractEntityPersister -  Version select: /* get version bloodbank.entity.Address */ select version from address where address_id =?
2021-11-21T23:53:22,071|[DEBUG] AbstractEntityPersister -  Snapshot select: /* get current state bloodbank.entity.Address */ select address_.address_id, address_.created as created2_0_, address_.updated as updated3_0_, address_.version as version4_0_, address_.city as city5_0_, address_.country as country6_0_, address_.province as province7_0_, address_.street as street8_0_, address_.street_number as street_n9_0_, address_.zipcode as zipcode10_0_ from address address_ where address_.address_id=?
2021-11-21T23:53:22,071|[DEBUG] AbstractEntityPersister -  Insert 0: /* insert bloodbank.entity.Address */ insert into address (created, updated, version, city, country, province, street, street_number, zipcode, address_id) values (?, ?, ?, ?, ?, ?, ?, ?, ?, ?)
2021-11-21T23:53:22,071|[DEBUG] AbstractEntityPersister -  Update 0: /* update bloodbank.entity.Address */ update address set created=?, updated=?, version=?, city=?, country=?, province=?, street=?, street_number=?, zipcode=? where address_id=? and version=?
2021-11-21T23:53:22,071|[DEBUG] AbstractEntityPersister -  Delete 0: /* delete bloodbank.entity.Address */ delete from address where address_id=? and version=?
2021-11-21T23:53:22,071|[DEBUG] AbstractEntityPersister -  Identity insert: /* insert bloodbank.entity.Address */ insert into address (created, updated, version, city, country, province, street, street_number, zipcode) values (?, ?, ?, ?, ?, ?, ?, ?, ?)
2021-11-21T23:53:22,071|[TRACE] AbstractLoadPlanBuildingAssociationVisitationStrategy -  Starting root entity : bloodbank.entity.Address
2021-11-21T23:53:22,071|[DEBUG] QuerySpacesImpl - Adding QuerySpace : uid = <gen:0> -> org.hibernate.loader.plan.build.internal.spaces.EntityQuerySpaceImpl@5c60f096]
2021-11-21T23:53:22,071|[TRACE] AbstractLoadPlanBuildingAssociationVisitationStrategy - Pushing fetch source to stack : org.hibernate.loader.plan.build.internal.returns.EntityReturnImpl@1760e688
2021-11-21T23:53:22,071|[TRACE] AbstractLoadPlanBuildingAssociationVisitationStrategy - .. Registering AssociationKey : AssociationKey(table=address, columns={address_id}) -> org.hibernate.loader.plan.build.internal.returns.EntityReturnImpl@1760e688
2021-11-21T23:53:22,071|[TRACE] AbstractLoadPlanBuildingAssociationVisitationStrategy - >> Starting entity identifier : bloodbank.entity.Address
2021-11-21T23:53:22,071|[DEBUG] MetamodelGraphWalker - Visiting attribute path : epochCreated
2021-11-21T23:53:22,071|[TRACE] AbstractLoadPlanBuildingAssociationVisitationStrategy - >> Starting attribute Attribute(name=epochCreated, type=long [non-identifier])
2021-11-21T23:53:22,071|[TRACE] AbstractLoadPlanBuildingAssociationVisitationStrategy - << Finishing up attribute : Attribute(name=epochCreated, type=long [non-identifier])
2021-11-21T23:53:22,071|[DEBUG] MetamodelGraphWalker - Visiting attribute path : epochUpdated
2021-11-21T23:53:22,071|[TRACE] AbstractLoadPlanBuildingAssociationVisitationStrategy - >> Starting attribute Attribute(name=epochUpdated, type=long [non-identifier])
2021-11-21T23:53:22,071|[TRACE] AbstractLoadPlanBuildingAssociationVisitationStrategy - << Finishing up attribute : Attribute(name=epochUpdated, type=long [non-identifier])
2021-11-21T23:53:22,071|[DEBUG] MetamodelGraphWalker - Visiting attribute path : version
2021-11-21T23:53:22,071|[TRACE] AbstractLoadPlanBuildingAssociationVisitationStrategy - >> Starting attribute Attribute(name=version, type=integer [non-identifier])
2021-11-21T23:53:22,071|[TRACE] AbstractLoadPlanBuildingAssociationVisitationStrategy - << Finishing up attribute : Attribute(name=version, type=integer [non-identifier])
2021-11-21T23:53:22,071|[DEBUG] MetamodelGraphWalker - Visiting attribute path : city
2021-11-21T23:53:22,071|[TRACE] AbstractLoadPlanBuildingAssociationVisitationStrategy - >> Starting attribute Attribute(name=city, type=string [non-identifier])
2021-11-21T23:53:22,071|[TRACE] AbstractLoadPlanBuildingAssociationVisitationStrategy - << Finishing up attribute : Attribute(name=city, type=string [non-identifier])
2021-11-21T23:53:22,071|[DEBUG] MetamodelGraphWalker - Visiting attribute path : contacts
2021-11-21T23:53:22,071|[TRACE] AbstractLoadPlanBuildingAssociationVisitationStrategy - >> Starting attribute Attribute(name=contacts, type=java.util.Set(bloodbank.entity.Address.contacts) [non-identifier,association])
2021-11-21T23:53:22,071|[DEBUG] QuerySpacesImpl - Adding QuerySpace : uid = <gen:1> -> org.hibernate.loader.plan.build.internal.spaces.CollectionQuerySpaceImpl@53fc870f]
2021-11-21T23:53:22,071|[DEBUG] QuerySpacesImpl - Adding QuerySpace : uid = <gen:2> -> org.hibernate.loader.plan.build.internal.spaces.EntityQuerySpaceImpl@18f4086e]
2021-11-21T23:53:22,071|[DEBUG] QuerySpacesImpl - Adding QuerySpace : uid = <gen:2>-id -> org.hibernate.loader.plan.build.internal.spaces.CompositeQuerySpaceImpl@43cbafa6]
2021-11-21T23:53:22,071|[TRACE] AbstractLoadPlanBuildingAssociationVisitationStrategy - << Finishing up attribute : Attribute(name=contacts, type=java.util.Set(bloodbank.entity.Address.contacts) [non-identifier,association])
2021-11-21T23:53:22,071|[DEBUG] MetamodelGraphWalker - Visiting attribute path : country
2021-11-21T23:53:22,071|[TRACE] AbstractLoadPlanBuildingAssociationVisitationStrategy - >> Starting attribute Attribute(name=country, type=string [non-identifier])
2021-11-21T23:53:22,071|[TRACE] AbstractLoadPlanBuildingAssociationVisitationStrategy - << Finishing up attribute : Attribute(name=country, type=string [non-identifier])
2021-11-21T23:53:22,071|[DEBUG] MetamodelGraphWalker - Visiting attribute path : province
2021-11-21T23:53:22,071|[TRACE] AbstractLoadPlanBuildingAssociationVisitationStrategy - >> Starting attribute Attribute(name=province, type=string [non-identifier])
2021-11-21T23:53:22,071|[TRACE] AbstractLoadPlanBuildingAssociationVisitationStrategy - << Finishing up attribute : Attribute(name=province, type=string [non-identifier])
2021-11-21T23:53:22,071|[DEBUG] MetamodelGraphWalker - Visiting attribute path : street
2021-11-21T23:53:22,071|[TRACE] AbstractLoadPlanBuildingAssociationVisitationStrategy - >> Starting attribute Attribute(name=street, type=string [non-identifier])
2021-11-21T23:53:22,071|[TRACE] AbstractLoadPlanBuildingAssociationVisitationStrategy - << Finishing up attribute : Attribute(name=street, type=string [non-identifier])
2021-11-21T23:53:22,071|[DEBUG] MetamodelGraphWalker - Visiting attribute path : streetNumber
2021-11-21T23:53:22,071|[TRACE] AbstractLoadPlanBuildingAssociationVisitationStrategy - >> Starting attribute Attribute(name=streetNumber, type=string [non-identifier])
2021-11-21T23:53:22,071|[TRACE] AbstractLoadPlanBuildingAssociationVisitationStrategy - << Finishing up attribute : Attribute(name=streetNumber, type=string [non-identifier])
2021-11-21T23:53:22,071|[DEBUG] MetamodelGraphWalker - Visiting attribute path : zipcode
2021-11-21T23:53:22,071|[TRACE] AbstractLoadPlanBuildingAssociationVisitationStrategy - >> Starting attribute Attribute(name=zipcode, type=string [non-identifier])
2021-11-21T23:53:22,071|[TRACE] AbstractLoadPlanBuildingAssociationVisitationStrategy - << Finishing up attribute : Attribute(name=zipcode, type=string [non-identifier])
2021-11-21T23:53:22,071|[TRACE] AbstractLoadPlanBuildingAssociationVisitationStrategy - Popped fetch owner from stack : org.hibernate.loader.plan.build.internal.returns.EntityReturnImpl@1760e688
2021-11-21T23:53:22,071|[TRACE] AbstractLoadPlanBuildingAssociationVisitationStrategy -  Finished root entity : bloodbank.entity.Address
2021-11-21T23:53:22,071|[DEBUG] FetchStyleLoadPlanBuildingAssociationVisitationStrategy - Building LoadPlan...
2021-11-21T23:53:22,071|[DEBUG] LoadQueryJoinAndFetchProcessor - processing queryspace <gen:0>
2021-11-21T23:53:22,071|[DEBUG] LoadPlanTreePrinter - LoadPlan(entity=bloodbank.entity.Address)
    - Returns
       - EntityReturnImpl(entity=bloodbank.entity.Address, querySpaceUid=<gen:0>, path=bloodbank.entity.Address)
          - CollectionAttributeFetchImpl(collection=bloodbank.entity.Address.contacts, querySpaceUid=<gen:1>, path=bloodbank.entity.Address.contacts)
             - (collection element) CollectionFetchableElementEntityGraph(entity=bloodbank.entity.Contact, querySpaceUid=<gen:2>, path=bloodbank.entity.Address.contacts.<elements>)
    - QuerySpaces
       - EntityQuerySpaceImpl(uid=<gen:0>, entity=bloodbank.entity.Address)
          - SQL table alias mapping - address0_
          - alias suffix - 0_
          - suffixed key columns - {address_1_0_0_}

2021-11-21T23:53:22,071|[DEBUG] EntityLoader - Static select for entity bloodbank.entity.Address [NONE]: select address0_.address_id as address_1_0_0_, address0_.created as created2_0_0_, address0_.updated as updated3_0_0_, address0_.version as version4_0_0_, address0_.city as city5_0_0_, address0_.country as country6_0_0_, address0_.province as province7_0_0_, address0_.street as street8_0_0_, address0_.street_number as street_n9_0_0_, address0_.zipcode as zipcode10_0_0_ from address address0_ where address0_.address_id=?
2021-11-21T23:53:22,076|[DEBUG] AbstractEntityPersister - Static SQL for entity: bloodbank.entity.Person
2021-11-21T23:53:22,077|[DEBUG] AbstractEntityPersister -  Version select: /* get version bloodbank.entity.Person */ select version from person where id =?
2021-11-21T23:53:22,077|[DEBUG] AbstractEntityPersister -  Snapshot select: /* get current state bloodbank.entity.Person */ select person_.id, person_.created as created2_5_, person_.updated as updated3_5_, person_.version as version4_5_, person_.first_name as first_na5_5_, person_.last_name as last_nam6_5_ from person person_ where person_.id=?
2021-11-21T23:53:22,077|[DEBUG] AbstractEntityPersister -  Insert 0: /* insert bloodbank.entity.Person */ insert into person (created, updated, version, first_name, last_name, id) values (?, ?, ?, ?, ?, ?)
2021-11-21T23:53:22,077|[DEBUG] AbstractEntityPersister -  Update 0: /* update bloodbank.entity.Person */ update person set created=?, updated=?, version=?, first_name=?, last_name=? where id=? and version=?
2021-11-21T23:53:22,077|[DEBUG] AbstractEntityPersister -  Delete 0: /* delete bloodbank.entity.Person */ delete from person where id=? and version=?
2021-11-21T23:53:22,077|[DEBUG] AbstractEntityPersister -  Identity insert: /* insert bloodbank.entity.Person */ insert into person (created, updated, version, first_name, last_name) values (?, ?, ?, ?, ?)
2021-11-21T23:53:22,077|[TRACE] AbstractLoadPlanBuildingAssociationVisitationStrategy -  Starting root entity : bloodbank.entity.Person
2021-11-21T23:53:22,077|[DEBUG] QuerySpacesImpl - Adding QuerySpace : uid = <gen:0> -> org.hibernate.loader.plan.build.internal.spaces.EntityQuerySpaceImpl@538f45f1]
2021-11-21T23:53:22,077|[TRACE] AbstractLoadPlanBuildingAssociationVisitationStrategy - Pushing fetch source to stack : org.hibernate.loader.plan.build.internal.returns.EntityReturnImpl@64fc6470
2021-11-21T23:53:22,077|[TRACE] AbstractLoadPlanBuildingAssociationVisitationStrategy - .. Registering AssociationKey : AssociationKey(table=person, columns={id}) -> org.hibernate.loader.plan.build.internal.returns.EntityReturnImpl@64fc6470
2021-11-21T23:53:22,077|[TRACE] AbstractLoadPlanBuildingAssociationVisitationStrategy - >> Starting entity identifier : bloodbank.entity.Person
2021-11-21T23:53:22,077|[DEBUG] MetamodelGraphWalker - Visiting attribute path : epochCreated
2021-11-21T23:53:22,077|[TRACE] AbstractLoadPlanBuildingAssociationVisitationStrategy - >> Starting attribute Attribute(name=epochCreated, type=long [non-identifier])
2021-11-21T23:53:22,077|[TRACE] AbstractLoadPlanBuildingAssociationVisitationStrategy - << Finishing up attribute : Attribute(name=epochCreated, type=long [non-identifier])
2021-11-21T23:53:22,077|[DEBUG] MetamodelGraphWalker - Visiting attribute path : epochUpdated
2021-11-21T23:53:22,077|[TRACE] AbstractLoadPlanBuildingAssociationVisitationStrategy - >> Starting attribute Attribute(name=epochUpdated, type=long [non-identifier])
2021-11-21T23:53:22,077|[TRACE] AbstractLoadPlanBuildingAssociationVisitationStrategy - << Finishing up attribute : Attribute(name=epochUpdated, type=long [non-identifier])
2021-11-21T23:53:22,077|[DEBUG] MetamodelGraphWalker - Visiting attribute path : version
2021-11-21T23:53:22,077|[TRACE] AbstractLoadPlanBuildingAssociationVisitationStrategy - >> Starting attribute Attribute(name=version, type=integer [non-identifier])
2021-11-21T23:53:22,077|[TRACE] AbstractLoadPlanBuildingAssociationVisitationStrategy - << Finishing up attribute : Attribute(name=version, type=integer [non-identifier])
2021-11-21T23:53:22,077|[DEBUG] MetamodelGraphWalker - Visiting attribute path : contacts
2021-11-21T23:53:22,077|[TRACE] AbstractLoadPlanBuildingAssociationVisitationStrategy - >> Starting attribute Attribute(name=contacts, type=java.util.Set(bloodbank.entity.Person.contacts) [non-identifier,association])
2021-11-21T23:53:22,077|[DEBUG] QuerySpacesImpl - Adding QuerySpace : uid = <gen:1> -> org.hibernate.loader.plan.build.internal.spaces.CollectionQuerySpaceImpl@5cf3a7f9]
2021-11-21T23:53:22,077|[DEBUG] QuerySpacesImpl - Adding QuerySpace : uid = <gen:2> -> org.hibernate.loader.plan.build.internal.spaces.EntityQuerySpaceImpl@42db955e]
2021-11-21T23:53:22,077|[DEBUG] QuerySpacesImpl - Adding QuerySpace : uid = <gen:2>-id -> org.hibernate.loader.plan.build.internal.spaces.CompositeQuerySpaceImpl@6bd2f039]
2021-11-21T23:53:22,077|[TRACE] AbstractLoadPlanBuildingAssociationVisitationStrategy - << Finishing up attribute : Attribute(name=contacts, type=java.util.Set(bloodbank.entity.Person.contacts) [non-identifier,association])
2021-11-21T23:53:22,077|[DEBUG] MetamodelGraphWalker - Visiting attribute path : donations
2021-11-21T23:53:22,077|[TRACE] AbstractLoadPlanBuildingAssociationVisitationStrategy - >> Starting attribute Attribute(name=donations, type=java.util.Set(bloodbank.entity.Person.donations) [non-identifier,association])
2021-11-21T23:53:22,077|[DEBUG] QuerySpacesImpl - Adding QuerySpace : uid = <gen:3> -> org.hibernate.loader.plan.build.internal.spaces.CollectionQuerySpaceImpl@6c8ad6d7]
2021-11-21T23:53:22,077|[DEBUG] QuerySpacesImpl - Adding QuerySpace : uid = <gen:4> -> org.hibernate.loader.plan.build.internal.spaces.EntityQuerySpaceImpl@2d0778d0]
2021-11-21T23:53:22,077|[TRACE] AbstractLoadPlanBuildingAssociationVisitationStrategy - << Finishing up attribute : Attribute(name=donations, type=java.util.Set(bloodbank.entity.Person.donations) [non-identifier,association])
2021-11-21T23:53:22,077|[DEBUG] MetamodelGraphWalker - Visiting attribute path : firstName
2021-11-21T23:53:22,077|[TRACE] AbstractLoadPlanBuildingAssociationVisitationStrategy - >> Starting attribute Attribute(name=firstName, type=string [non-identifier])
2021-11-21T23:53:22,077|[TRACE] AbstractLoadPlanBuildingAssociationVisitationStrategy - << Finishing up attribute : Attribute(name=firstName, type=string [non-identifier])
2021-11-21T23:53:22,077|[DEBUG] MetamodelGraphWalker - Visiting attribute path : lastName
2021-11-21T23:53:22,077|[TRACE] AbstractLoadPlanBuildingAssociationVisitationStrategy - >> Starting attribute Attribute(name=lastName, type=string [non-identifier])
2021-11-21T23:53:22,077|[TRACE] AbstractLoadPlanBuildingAssociationVisitationStrategy - << Finishing up attribute : Attribute(name=lastName, type=string [non-identifier])
2021-11-21T23:53:22,077|[TRACE] AbstractLoadPlanBuildingAssociationVisitationStrategy - Popped fetch owner from stack : org.hibernate.loader.plan.build.internal.returns.EntityReturnImpl@64fc6470
2021-11-21T23:53:22,077|[TRACE] AbstractLoadPlanBuildingAssociationVisitationStrategy -  Finished root entity : bloodbank.entity.Person
2021-11-21T23:53:22,077|[DEBUG] FetchStyleLoadPlanBuildingAssociationVisitationStrategy - Building LoadPlan...
2021-11-21T23:53:22,077|[DEBUG] LoadQueryJoinAndFetchProcessor - processing queryspace <gen:0>
2021-11-21T23:53:22,077|[DEBUG] LoadPlanTreePrinter - LoadPlan(entity=bloodbank.entity.Person)
    - Returns
       - EntityReturnImpl(entity=bloodbank.entity.Person, querySpaceUid=<gen:0>, path=bloodbank.entity.Person)
          - CollectionAttributeFetchImpl(collection=bloodbank.entity.Person.contacts, querySpaceUid=<gen:1>, path=bloodbank.entity.Person.contacts)
             - (collection element) CollectionFetchableElementEntityGraph(entity=bloodbank.entity.Contact, querySpaceUid=<gen:2>, path=bloodbank.entity.Person.contacts.<elements>)
          - CollectionAttributeFetchImpl(collection=bloodbank.entity.Person.donations, querySpaceUid=<gen:3>, path=bloodbank.entity.Person.donations)
             - (collection element) CollectionFetchableElementEntityGraph(entity=bloodbank.entity.DonationRecord, querySpaceUid=<gen:4>, path=bloodbank.entity.Person.donations.<elements>)
    - QuerySpaces
       - EntityQuerySpaceImpl(uid=<gen:0>, entity=bloodbank.entity.Person)
          - SQL table alias mapping - person0_
          - alias suffix - 0_
          - suffixed key columns - {id1_5_0_}

2021-11-21T23:53:22,077|[DEBUG] EntityLoader - Static select for entity bloodbank.entity.Person [NONE]: select person0_.id as id1_5_0_, person0_.created as created2_5_0_, person0_.updated as updated3_5_0_, person0_.version as version4_5_0_, person0_.first_name as first_na5_5_0_, person0_.last_name as last_nam6_5_0_ from person person0_ where person0_.id=?
2021-11-21T23:53:22,077|[DEBUG] AbstractEntityPersister - Static SQL for entity: bloodbank.entity.PublicBloodBank
2021-11-21T23:53:22,077|[DEBUG] AbstractEntityPersister -  Version select: /* get version bloodbank.entity.PublicBloodBank */ select version from blood_bank where bank_id =?
2021-11-21T23:53:22,077|[DEBUG] AbstractEntityPersister -  Snapshot select: /* get current state bloodbank.entity.PublicBloodBank */ select publicbloo_.bank_id, publicbloo_.created as created3_1_, publicbloo_.updated as updated4_1_, publicbloo_.version as version5_1_, publicbloo_.name as name6_1_ from blood_bank publicbloo_ where publicbloo_.bank_id=?
2021-11-21T23:53:22,077|[DEBUG] AbstractEntityPersister -  Insert 0: /* insert bloodbank.entity.PublicBloodBank */ insert into blood_bank (created, updated, version, name, privately_owned, bank_id) values (?, ?, ?, ?, 0, ?)
2021-11-21T23:53:22,077|[DEBUG] AbstractEntityPersister -  Update 0: /* update bloodbank.entity.PublicBloodBank */ update blood_bank set created=?, updated=?, version=?, name=? where bank_id=? and version=?
2021-11-21T23:53:22,077|[DEBUG] AbstractEntityPersister -  Delete 0: /* delete bloodbank.entity.PublicBloodBank */ delete from blood_bank where bank_id=? and version=?
2021-11-21T23:53:22,077|[DEBUG] AbstractEntityPersister -  Identity insert: /* insert bloodbank.entity.PublicBloodBank */ insert into blood_bank (created, updated, version, name, privately_owned) values (?, ?, ?, ?, 0)
2021-11-21T23:53:22,077|[TRACE] AbstractLoadPlanBuildingAssociationVisitationStrategy -  Starting root entity : bloodbank.entity.PublicBloodBank
2021-11-21T23:53:22,077|[DEBUG] QuerySpacesImpl - Adding QuerySpace : uid = <gen:0> -> org.hibernate.loader.plan.build.internal.spaces.EntityQuerySpaceImpl@33e8694b]
2021-11-21T23:53:22,077|[TRACE] AbstractLoadPlanBuildingAssociationVisitationStrategy - Pushing fetch source to stack : org.hibernate.loader.plan.build.internal.returns.EntityReturnImpl@4fc71437
2021-11-21T23:53:22,077|[TRACE] AbstractLoadPlanBuildingAssociationVisitationStrategy - .. Registering AssociationKey : AssociationKey(table=blood_bank, columns={bank_id}) -> org.hibernate.loader.plan.build.internal.returns.EntityReturnImpl@4fc71437
2021-11-21T23:53:22,077|[TRACE] AbstractLoadPlanBuildingAssociationVisitationStrategy - >> Starting entity identifier : bloodbank.entity.PublicBloodBank
2021-11-21T23:53:22,077|[DEBUG] MetamodelGraphWalker - Visiting attribute path : epochCreated
2021-11-21T23:53:22,077|[TRACE] AbstractLoadPlanBuildingAssociationVisitationStrategy - >> Starting attribute Attribute(name=epochCreated, type=long [non-identifier])
2021-11-21T23:53:22,077|[TRACE] AbstractLoadPlanBuildingAssociationVisitationStrategy - << Finishing up attribute : Attribute(name=epochCreated, type=long [non-identifier])
2021-11-21T23:53:22,077|[DEBUG] MetamodelGraphWalker - Visiting attribute path : epochUpdated
2021-11-21T23:53:22,077|[TRACE] AbstractLoadPlanBuildingAssociationVisitationStrategy - >> Starting attribute Attribute(name=epochUpdated, type=long [non-identifier])
2021-11-21T23:53:22,077|[TRACE] AbstractLoadPlanBuildingAssociationVisitationStrategy - << Finishing up attribute : Attribute(name=epochUpdated, type=long [non-identifier])
2021-11-21T23:53:22,077|[DEBUG] MetamodelGraphWalker - Visiting attribute path : version
2021-11-21T23:53:22,077|[TRACE] AbstractLoadPlanBuildingAssociationVisitationStrategy - >> Starting attribute Attribute(name=version, type=integer [non-identifier])
2021-11-21T23:53:22,077|[TRACE] AbstractLoadPlanBuildingAssociationVisitationStrategy - << Finishing up attribute : Attribute(name=version, type=integer [non-identifier])
2021-11-21T23:53:22,077|[DEBUG] MetamodelGraphWalker - Visiting attribute path : donations
2021-11-21T23:53:22,077|[TRACE] AbstractLoadPlanBuildingAssociationVisitationStrategy - >> Starting attribute Attribute(name=donations, type=java.util.Set(bloodbank.entity.BloodBank.donations) [non-identifier,association])
2021-11-21T23:53:22,077|[DEBUG] QuerySpacesImpl - Adding QuerySpace : uid = <gen:1> -> org.hibernate.loader.plan.build.internal.spaces.CollectionQuerySpaceImpl@75c15f76]
2021-11-21T23:53:22,077|[DEBUG] QuerySpacesImpl - Adding QuerySpace : uid = <gen:2> -> org.hibernate.loader.plan.build.internal.spaces.EntityQuerySpaceImpl@631678e6]
2021-11-21T23:53:22,077|[TRACE] AbstractLoadPlanBuildingAssociationVisitationStrategy - << Finishing up attribute : Attribute(name=donations, type=java.util.Set(bloodbank.entity.BloodBank.donations) [non-identifier,association])
2021-11-21T23:53:22,077|[DEBUG] MetamodelGraphWalker - Visiting attribute path : name
2021-11-21T23:53:22,077|[TRACE] AbstractLoadPlanBuildingAssociationVisitationStrategy - >> Starting attribute Attribute(name=name, type=string [non-identifier])
2021-11-21T23:53:22,077|[TRACE] AbstractLoadPlanBuildingAssociationVisitationStrategy - << Finishing up attribute : Attribute(name=name, type=string [non-identifier])
2021-11-21T23:53:22,077|[TRACE] AbstractLoadPlanBuildingAssociationVisitationStrategy - Popped fetch owner from stack : org.hibernate.loader.plan.build.internal.returns.EntityReturnImpl@4fc71437
2021-11-21T23:53:22,077|[TRACE] AbstractLoadPlanBuildingAssociationVisitationStrategy -  Finished root entity : bloodbank.entity.PublicBloodBank
2021-11-21T23:53:22,078|[DEBUG] FetchStyleLoadPlanBuildingAssociationVisitationStrategy - Building LoadPlan...
2021-11-21T23:53:22,078|[DEBUG] LoadQueryJoinAndFetchProcessor - processing queryspace <gen:0>
2021-11-21T23:53:22,078|[DEBUG] LoadPlanTreePrinter - LoadPlan(entity=bloodbank.entity.PublicBloodBank)
    - Returns
       - EntityReturnImpl(entity=bloodbank.entity.PublicBloodBank, querySpaceUid=<gen:0>, path=bloodbank.entity.PublicBloodBank)
          - CollectionAttributeFetchImpl(collection=bloodbank.entity.BloodBank.donations, querySpaceUid=<gen:1>, path=bloodbank.entity.PublicBloodBank.donations)
             - (collection element) CollectionFetchableElementEntityGraph(entity=bloodbank.entity.BloodDonation, querySpaceUid=<gen:2>, path=bloodbank.entity.PublicBloodBank.donations.<elements>)
    - QuerySpaces
       - EntityQuerySpaceImpl(uid=<gen:0>, entity=bloodbank.entity.PublicBloodBank)
          - SQL table alias mapping - publicbloo0_
          - alias suffix - 0_
          - suffixed key columns - {bank_id2_1_0_}

2021-11-21T23:53:22,078|[DEBUG] EntityLoader - Static select for entity bloodbank.entity.PublicBloodBank [NONE]: select publicbloo0_.bank_id as bank_id2_1_0_, publicbloo0_.created as created3_1_0_, publicbloo0_.updated as updated4_1_0_, publicbloo0_.version as version5_1_0_, publicbloo0_.name as name6_1_0_ from blood_bank publicbloo0_ where publicbloo0_.bank_id=? and publicbloo0_.privately_owned=0
2021-11-21T23:53:22,078|[TRACE] AbstractLoadPlanBuildingAssociationVisitationStrategy -  Starting root collection : bloodbank.entity.Address.contacts
2021-11-21T23:53:22,078|[DEBUG] QuerySpacesImpl - Adding QuerySpace : uid = <gen:0> -> org.hibernate.loader.plan.build.internal.spaces.CollectionQuerySpaceImpl@1344f7fe]
2021-11-21T23:53:22,078|[DEBUG] QuerySpacesImpl - Adding QuerySpace : uid = <gen:1> -> org.hibernate.loader.plan.build.internal.spaces.EntityQuerySpaceImpl@64d53f0d]
2021-11-21T23:53:22,078|[DEBUG] QuerySpacesImpl - Adding QuerySpace : uid = <gen:1>-id -> org.hibernate.loader.plan.build.internal.spaces.CompositeQuerySpaceImpl@1b10f60e]
2021-11-21T23:53:22,078|[TRACE] AbstractLoadPlanBuildingAssociationVisitationStrategy - Pushing collection reference to stack : org.hibernate.loader.plan.build.internal.returns.CollectionReturnImpl@4b916cc2
2021-11-21T23:53:22,078|[TRACE] AbstractLoadPlanBuildingAssociationVisitationStrategy -  Registering AssociationKey : AssociationKey(table=contact, columns={address_id}) -> null
2021-11-21T23:53:22,078|[TRACE] AbstractLoadPlanBuildingAssociationVisitationStrategy -  Starting collection element graph : bloodbank.entity.Address.contacts
2021-11-21T23:53:22,078|[TRACE] AbstractLoadPlanBuildingAssociationVisitationStrategy - Pushing fetch source to stack : org.hibernate.loader.plan.build.internal.returns.CollectionFetchableElementEntityGraph@7f5e9949
2021-11-21T23:53:22,078|[TRACE] AbstractLoadPlanBuildingAssociationVisitationStrategy - >> Starting entity identifier : bloodbank.entity.Contact
2021-11-21T23:53:22,078|[TRACE] AbstractLoadPlanBuildingAssociationVisitationStrategy - Pushing fetch source to stack : org.hibernate.loader.plan.build.internal.returns.EncapsulatedEntityIdentifierDescription@323eecf8
2021-11-21T23:53:22,078|[TRACE] AbstractLoadPlanBuildingAssociationVisitationStrategy - >>>> Starting composite : id
2021-11-21T23:53:22,078|[DEBUG] MetamodelGraphWalker - Visiting attribute path : personId
2021-11-21T23:53:22,078|[TRACE] AbstractLoadPlanBuildingAssociationVisitationStrategy - >>>> Starting attribute org.hibernate.persister.walking.internal.CompositionSingularSubAttributesHelper$1$1$3@2e02cc37
2021-11-21T23:53:22,078|[TRACE] AbstractLoadPlanBuildingAssociationVisitationStrategy - <<<< Finishing up attribute : org.hibernate.persister.walking.internal.CompositionSingularSubAttributesHelper$1$1$3@2e02cc37
2021-11-21T23:53:22,078|[DEBUG] MetamodelGraphWalker - Visiting attribute path : phoneId
2021-11-21T23:53:22,078|[TRACE] AbstractLoadPlanBuildingAssociationVisitationStrategy - >>>> Starting attribute org.hibernate.persister.walking.internal.CompositionSingularSubAttributesHelper$1$1$3@6e355249
2021-11-21T23:53:22,078|[TRACE] AbstractLoadPlanBuildingAssociationVisitationStrategy - <<<< Finishing up attribute : org.hibernate.persister.walking.internal.CompositionSingularSubAttributesHelper$1$1$3@6e355249
2021-11-21T23:53:22,078|[TRACE] AbstractLoadPlanBuildingAssociationVisitationStrategy - <<<< Finishing composite : id
2021-11-21T23:53:22,078|[TRACE] AbstractLoadPlanBuildingAssociationVisitationStrategy - Popped fetch owner from stack : org.hibernate.loader.plan.build.internal.returns.EncapsulatedEntityIdentifierDescription@323eecf8
2021-11-21T23:53:22,078|[TRACE] AbstractLoadPlanBuildingAssociationVisitationStrategy - << Finished entity identifier : bloodbank.entity.Contact
2021-11-21T23:53:22,078|[DEBUG] MetamodelGraphWalker - Visiting attribute path : epochCreated
2021-11-21T23:53:22,078|[TRACE] AbstractLoadPlanBuildingAssociationVisitationStrategy - >> Starting attribute Attribute(name=epochCreated, type=long [non-identifier])
2021-11-21T23:53:22,078|[TRACE] AbstractLoadPlanBuildingAssociationVisitationStrategy - << Finishing up attribute : Attribute(name=epochCreated, type=long [non-identifier])
2021-11-21T23:53:22,078|[DEBUG] MetamodelGraphWalker - Visiting attribute path : epochUpdated
2021-11-21T23:53:22,078|[TRACE] AbstractLoadPlanBuildingAssociationVisitationStrategy - >> Starting attribute Attribute(name=epochUpdated, type=long [non-identifier])
2021-11-21T23:53:22,078|[TRACE] AbstractLoadPlanBuildingAssociationVisitationStrategy - << Finishing up attribute : Attribute(name=epochUpdated, type=long [non-identifier])
2021-11-21T23:53:22,078|[DEBUG] MetamodelGraphWalker - Visiting attribute path : version
2021-11-21T23:53:22,078|[TRACE] AbstractLoadPlanBuildingAssociationVisitationStrategy - >> Starting attribute Attribute(name=version, type=integer [non-identifier])
2021-11-21T23:53:22,078|[TRACE] AbstractLoadPlanBuildingAssociationVisitationStrategy - << Finishing up attribute : Attribute(name=version, type=integer [non-identifier])
2021-11-21T23:53:22,078|[DEBUG] MetamodelGraphWalker - Visiting attribute path : address
2021-11-21T23:53:22,078|[DEBUG] MetamodelGraphWalker - Property path deemed to be circular : address
2021-11-21T23:53:22,078|[DEBUG] MetamodelGraphWalker - Visiting attribute path : contactType
2021-11-21T23:53:22,078|[TRACE] AbstractLoadPlanBuildingAssociationVisitationStrategy - >> Starting attribute Attribute(name=contactType, type=string [non-identifier])
2021-11-21T23:53:22,078|[TRACE] AbstractLoadPlanBuildingAssociationVisitationStrategy - << Finishing up attribute : Attribute(name=contactType, type=string [non-identifier])
2021-11-21T23:53:22,078|[DEBUG] MetamodelGraphWalker - Visiting attribute path : email
2021-11-21T23:53:22,078|[TRACE] AbstractLoadPlanBuildingAssociationVisitationStrategy - >> Starting attribute Attribute(name=email, type=string [non-identifier])
2021-11-21T23:53:22,078|[TRACE] AbstractLoadPlanBuildingAssociationVisitationStrategy - << Finishing up attribute : Attribute(name=email, type=string [non-identifier])
2021-11-21T23:53:22,078|[DEBUG] MetamodelGraphWalker - Visiting attribute path : owner
2021-11-21T23:53:22,078|[TRACE] AbstractLoadPlanBuildingAssociationVisitationStrategy - >> Starting attribute Attribute(name=owner, type=bloodbank.entity.Person [non-identifier,association])
2021-11-21T23:53:22,078|[DEBUG] QuerySpacesImpl - Adding QuerySpace : uid = <gen:2> -> org.hibernate.loader.plan.build.internal.spaces.EntityQuerySpaceImpl@652a1a17]
2021-11-21T23:53:22,078|[TRACE] AbstractLoadPlanBuildingAssociationVisitationStrategy - << Finishing up attribute : Attribute(name=owner, type=bloodbank.entity.Person [non-identifier,association])
2021-11-21T23:53:22,078|[DEBUG] MetamodelGraphWalker - Visiting attribute path : phone
2021-11-21T23:53:22,078|[TRACE] AbstractLoadPlanBuildingAssociationVisitationStrategy - >> Starting attribute Attribute(name=phone, type=bloodbank.entity.Phone [non-identifier,association])
2021-11-21T23:53:22,078|[DEBUG] QuerySpacesImpl - Adding QuerySpace : uid = <gen:3> -> org.hibernate.loader.plan.build.internal.spaces.EntityQuerySpaceImpl@20b67366]
2021-11-21T23:53:22,078|[TRACE] AbstractLoadPlanBuildingAssociationVisitationStrategy - << Finishing up attribute : Attribute(name=phone, type=bloodbank.entity.Phone [non-identifier,association])
2021-11-21T23:53:22,078|[TRACE] AbstractLoadPlanBuildingAssociationVisitationStrategy - Popped fetch owner from stack : org.hibernate.loader.plan.build.internal.returns.CollectionFetchableElementEntityGraph@7f5e9949
2021-11-21T23:53:22,078|[TRACE] AbstractLoadPlanBuildingAssociationVisitationStrategy -  Finished collection element graph : bloodbank.entity.Address.contacts
2021-11-21T23:53:22,078|[TRACE] AbstractLoadPlanBuildingAssociationVisitationStrategy - Popped collection reference from stack : org.hibernate.loader.plan.build.internal.returns.CollectionReturnImpl@4b916cc2
2021-11-21T23:53:22,078|[TRACE] AbstractLoadPlanBuildingAssociationVisitationStrategy -  Finished root collection : bloodbank.entity.Address.contacts
2021-11-21T23:53:22,078|[DEBUG] FetchStyleLoadPlanBuildingAssociationVisitationStrategy - Building LoadPlan...
2021-11-21T23:53:22,078|[DEBUG] LoadQueryJoinAndFetchProcessor - processing queryspace <gen:0>
2021-11-21T23:53:22,078|[DEBUG] LoadPlanTreePrinter - LoadPlan(collection=bloodbank.entity.Address.contacts)
    - Returns
       - CollectionReturnImpl(collection=bloodbank.entity.Address.contacts, querySpaceUid=<gen:0>, path=[bloodbank.entity.Address.contacts])
          - (collection element) CollectionFetchableElementEntityGraph(entity=bloodbank.entity.Contact, querySpaceUid=<gen:1>, path=[bloodbank.entity.Address.contacts].<elements>)
             - EntityAttributeFetchImpl(entity=bloodbank.entity.Person, querySpaceUid=<gen:2>, path=[bloodbank.entity.Address.contacts].<elements>.owner)
             - EntityAttributeFetchImpl(entity=bloodbank.entity.Phone, querySpaceUid=<gen:3>, path=[bloodbank.entity.Address.contacts].<elements>.phone)
    - QuerySpaces
       - CollectionQuerySpaceImpl(uid=<gen:0>, collection=bloodbank.entity.Address.contacts)
          - SQL table alias mapping - contacts0_
          - alias suffix - 0_
          - suffixed key columns - {address_8_3_0_}
          - entity-element alias suffix - 1_
          - 1_entity-element suffixed key columns - person_i1_3_1_, phone_id2_3_1_
          - JOIN (JoinDefinedByMetadata(elements)) : <gen:0> -> <gen:1>
             - EntityQuerySpaceImpl(uid=<gen:1>, entity=bloodbank.entity.Contact)
                - SQL table alias mapping - contacts0_
                - alias suffix - 1_
                - suffixed key columns - {person_i1_3_1_, phone_id2_3_1_}
                - JOIN (JoinDefinedByMetadata(id)) : <gen:1> -> <gen:1>-id
                   - CompositeQuerySpaceImpl(uid=<gen:1>-id)
                      - SQL table alias mapping - contacts0_

2021-11-21T23:53:22,078|[DEBUG] CollectionLoader - Static select for collection bloodbank.entity.Address.contacts: select contacts0_.address_id as address_8_3_0_, contacts0_.person_id as person_i1_3_0_, contacts0_.phone_id as phone_id2_3_0_, contacts0_.person_id as person_i1_3_1_, contacts0_.phone_id as phone_id2_3_1_, contacts0_.created as created3_3_1_, contacts0_.updated as updated4_3_1_, contacts0_.version as version5_3_1_, contacts0_.address_id as address_8_3_1_, contacts0_.contact_type as contact_6_3_1_, contacts0_.email as email7_3_1_ from contact contacts0_ where contacts0_.address_id=?
2021-11-21T23:53:22,078|[TRACE] AbstractLoadPlanBuildingAssociationVisitationStrategy -  Starting root collection : bloodbank.entity.Person.donations
2021-11-21T23:53:22,078|[DEBUG] QuerySpacesImpl - Adding QuerySpace : uid = <gen:0> -> org.hibernate.loader.plan.build.internal.spaces.CollectionQuerySpaceImpl@186d6033]
2021-11-21T23:53:22,078|[DEBUG] QuerySpacesImpl - Adding QuerySpace : uid = <gen:1> -> org.hibernate.loader.plan.build.internal.spaces.EntityQuerySpaceImpl@5c0ece6d]
2021-11-21T23:53:22,078|[TRACE] AbstractLoadPlanBuildingAssociationVisitationStrategy - Pushing collection reference to stack : org.hibernate.loader.plan.build.internal.returns.CollectionReturnImpl@69419d59
2021-11-21T23:53:22,078|[TRACE] AbstractLoadPlanBuildingAssociationVisitationStrategy -  Registering AssociationKey : AssociationKey(table=donation_record, columns={person_id}) -> null
2021-11-21T23:53:22,078|[TRACE] AbstractLoadPlanBuildingAssociationVisitationStrategy -  Starting collection element graph : bloodbank.entity.Person.donations
2021-11-21T23:53:22,078|[TRACE] AbstractLoadPlanBuildingAssociationVisitationStrategy - Pushing fetch source to stack : org.hibernate.loader.plan.build.internal.returns.CollectionFetchableElementEntityGraph@7affee54
2021-11-21T23:53:22,078|[TRACE] AbstractLoadPlanBuildingAssociationVisitationStrategy - >> Starting entity identifier : bloodbank.entity.DonationRecord
2021-11-21T23:53:22,078|[DEBUG] MetamodelGraphWalker - Visiting attribute path : epochCreated
2021-11-21T23:53:22,078|[TRACE] AbstractLoadPlanBuildingAssociationVisitationStrategy - >> Starting attribute Attribute(name=epochCreated, type=long [non-identifier])
2021-11-21T23:53:22,078|[TRACE] AbstractLoadPlanBuildingAssociationVisitationStrategy - << Finishing up attribute : Attribute(name=epochCreated, type=long [non-identifier])
2021-11-21T23:53:22,078|[DEBUG] MetamodelGraphWalker - Visiting attribute path : epochUpdated
2021-11-21T23:53:22,078|[TRACE] AbstractLoadPlanBuildingAssociationVisitationStrategy - >> Starting attribute Attribute(name=epochUpdated, type=long [non-identifier])
2021-11-21T23:53:22,078|[TRACE] AbstractLoadPlanBuildingAssociationVisitationStrategy - << Finishing up attribute : Attribute(name=epochUpdated, type=long [non-identifier])
2021-11-21T23:53:22,078|[DEBUG] MetamodelGraphWalker - Visiting attribute path : version
2021-11-21T23:53:22,078|[TRACE] AbstractLoadPlanBuildingAssociationVisitationStrategy - >> Starting attribute Attribute(name=version, type=integer [non-identifier])
2021-11-21T23:53:22,078|[TRACE] AbstractLoadPlanBuildingAssociationVisitationStrategy - << Finishing up attribute : Attribute(name=version, type=integer [non-identifier])
2021-11-21T23:53:22,078|[DEBUG] MetamodelGraphWalker - Visiting attribute path : donation
2021-11-21T23:53:22,078|[TRACE] AbstractLoadPlanBuildingAssociationVisitationStrategy - >> Starting attribute Attribute(name=donation, type=bloodbank.entity.BloodDonation [non-identifier,association])
2021-11-21T23:53:22,078|[DEBUG] QuerySpacesImpl - Adding QuerySpace : uid = <gen:2> -> org.hibernate.loader.plan.build.internal.spaces.EntityQuerySpaceImpl@96075c0]
2021-11-21T23:53:22,079|[TRACE] AbstractLoadPlanBuildingAssociationVisitationStrategy - Pushing fetch source to stack : org.hibernate.loader.plan.build.internal.returns.EntityAttributeFetchImpl@2337bf27
2021-11-21T23:53:22,079|[TRACE] AbstractLoadPlanBuildingAssociationVisitationStrategy - .... Registering AssociationKey : AssociationKey(table=donation_record, columns={donation_id}) -> org.hibernate.loader.plan.build.internal.returns.EntityAttributeFetchImpl@2337bf27
2021-11-21T23:53:22,079|[TRACE] AbstractLoadPlanBuildingAssociationVisitationStrategy - >>>> Starting entity identifier : bloodbank.entity.BloodDonation
2021-11-21T23:53:22,079|[DEBUG] MetamodelGraphWalker - Visiting attribute path : donation.epochCreated
2021-11-21T23:53:22,079|[TRACE] AbstractLoadPlanBuildingAssociationVisitationStrategy - >>>> Starting attribute Attribute(name=epochCreated, type=long [non-identifier])
2021-11-21T23:53:22,079|[TRACE] AbstractLoadPlanBuildingAssociationVisitationStrategy - <<<< Finishing up attribute : Attribute(name=epochCreated, type=long [non-identifier])
2021-11-21T23:53:22,079|[DEBUG] MetamodelGraphWalker - Visiting attribute path : donation.epochUpdated
2021-11-21T23:53:22,079|[TRACE] AbstractLoadPlanBuildingAssociationVisitationStrategy - >>>> Starting attribute Attribute(name=epochUpdated, type=long [non-identifier])
2021-11-21T23:53:22,079|[TRACE] AbstractLoadPlanBuildingAssociationVisitationStrategy - <<<< Finishing up attribute : Attribute(name=epochUpdated, type=long [non-identifier])
2021-11-21T23:53:22,079|[DEBUG] MetamodelGraphWalker - Visiting attribute path : donation.version
2021-11-21T23:53:22,079|[TRACE] AbstractLoadPlanBuildingAssociationVisitationStrategy - >>>> Starting attribute Attribute(name=version, type=integer [non-identifier])
2021-11-21T23:53:22,079|[TRACE] AbstractLoadPlanBuildingAssociationVisitationStrategy - <<<< Finishing up attribute : Attribute(name=version, type=integer [non-identifier])
2021-11-21T23:53:22,079|[DEBUG] MetamodelGraphWalker - Visiting attribute path : donation.bank
2021-11-21T23:53:22,079|[TRACE] AbstractLoadPlanBuildingAssociationVisitationStrategy - >>>> Starting attribute Attribute(name=bank, type=bloodbank.entity.BloodBank [non-identifier,association])
2021-11-21T23:53:22,079|[DEBUG] QuerySpacesImpl - Adding QuerySpace : uid = <gen:3> -> org.hibernate.loader.plan.build.internal.spaces.EntityQuerySpaceImpl@4679554d]
2021-11-21T23:53:22,079|[TRACE] AbstractLoadPlanBuildingAssociationVisitationStrategy - Pushing fetch source to stack : org.hibernate.loader.plan.build.internal.returns.EntityAttributeFetchImpl@43719e98
2021-11-21T23:53:22,079|[TRACE] AbstractLoadPlanBuildingAssociationVisitationStrategy - ...... Registering AssociationKey : AssociationKey(table=blood_donation, columns={bank_id}) -> org.hibernate.loader.plan.build.internal.returns.EntityAttributeFetchImpl@43719e98
2021-11-21T23:53:22,079|[TRACE] AbstractLoadPlanBuildingAssociationVisitationStrategy - >>>>>> Starting entity identifier : bloodbank.entity.BloodBank
2021-11-21T23:53:22,079|[DEBUG] MetamodelGraphWalker - Visiting attribute path : donation.bank.epochCreated
2021-11-21T23:53:22,079|[TRACE] AbstractLoadPlanBuildingAssociationVisitationStrategy - >>>>>> Starting attribute Attribute(name=epochCreated, type=long [non-identifier])
2021-11-21T23:53:22,079|[TRACE] AbstractLoadPlanBuildingAssociationVisitationStrategy - <<<<<< Finishing up attribute : Attribute(name=epochCreated, type=long [non-identifier])
2021-11-21T23:53:22,079|[DEBUG] MetamodelGraphWalker - Visiting attribute path : donation.bank.epochUpdated
2021-11-21T23:53:22,079|[TRACE] AbstractLoadPlanBuildingAssociationVisitationStrategy - >>>>>> Starting attribute Attribute(name=epochUpdated, type=long [non-identifier])
2021-11-21T23:53:22,079|[TRACE] AbstractLoadPlanBuildingAssociationVisitationStrategy - <<<<<< Finishing up attribute : Attribute(name=epochUpdated, type=long [non-identifier])
2021-11-21T23:53:22,079|[DEBUG] MetamodelGraphWalker - Visiting attribute path : donation.bank.version
2021-11-21T23:53:22,079|[TRACE] AbstractLoadPlanBuildingAssociationVisitationStrategy - >>>>>> Starting attribute Attribute(name=version, type=integer [non-identifier])
2021-11-21T23:53:22,079|[TRACE] AbstractLoadPlanBuildingAssociationVisitationStrategy - <<<<<< Finishing up attribute : Attribute(name=version, type=integer [non-identifier])
2021-11-21T23:53:22,079|[DEBUG] MetamodelGraphWalker - Visiting attribute path : donation.bank.donations
2021-11-21T23:53:22,079|[DEBUG] MetamodelGraphWalker - Property path deemed to be circular : donation.bank.donations
2021-11-21T23:53:22,079|[DEBUG] MetamodelGraphWalker - Visiting attribute path : donation.bank.name
2021-11-21T23:53:22,079|[TRACE] AbstractLoadPlanBuildingAssociationVisitationStrategy - >>>>>> Starting attribute Attribute(name=name, type=string [non-identifier])
2021-11-21T23:53:22,079|[TRACE] AbstractLoadPlanBuildingAssociationVisitationStrategy - <<<<<< Finishing up attribute : Attribute(name=name, type=string [non-identifier])
2021-11-21T23:53:22,079|[TRACE] AbstractLoadPlanBuildingAssociationVisitationStrategy - Popped fetch owner from stack : org.hibernate.loader.plan.build.internal.returns.EntityAttributeFetchImpl@43719e98
2021-11-21T23:53:22,079|[TRACE] AbstractLoadPlanBuildingAssociationVisitationStrategy - <<<< Finishing up attribute : Attribute(name=bank, type=bloodbank.entity.BloodBank [non-identifier,association])
2021-11-21T23:53:22,079|[DEBUG] MetamodelGraphWalker - Visiting attribute path : donation.bloodType
2021-11-21T23:53:22,079|[TRACE] AbstractLoadPlanBuildingAssociationVisitationStrategy - >>>> Starting attribute Attribute(name=bloodType, type=component[bloodGroup,rhd] [non-identifier,composition])
2021-11-21T23:53:22,079|[DEBUG] QuerySpacesImpl - Adding QuerySpace : uid = <gen:4> -> org.hibernate.loader.plan.build.internal.spaces.CompositeQuerySpaceImpl@49353d43]
2021-11-21T23:53:22,079|[TRACE] AbstractLoadPlanBuildingAssociationVisitationStrategy - Pushing fetch source to stack : org.hibernate.loader.plan.build.internal.returns.CompositeAttributeFetchImpl@57e57dc5
2021-11-21T23:53:22,079|[TRACE] AbstractLoadPlanBuildingAssociationVisitationStrategy - >>>>>> Starting composite : bloodType
2021-11-21T23:53:22,079|[DEBUG] MetamodelGraphWalker - Visiting attribute path : donation.bloodType.bloodGroup
2021-11-21T23:53:22,079|[TRACE] AbstractLoadPlanBuildingAssociationVisitationStrategy - >>>>>> Starting attribute Attribute(name=bloodGroup, type=string [non-identifier])
2021-11-21T23:53:22,079|[TRACE] AbstractLoadPlanBuildingAssociationVisitationStrategy - <<<<<< Finishing up attribute : Attribute(name=bloodGroup, type=string [non-identifier])
2021-11-21T23:53:22,079|[DEBUG] MetamodelGraphWalker - Visiting attribute path : donation.bloodType.rhd
2021-11-21T23:53:22,079|[TRACE] AbstractLoadPlanBuildingAssociationVisitationStrategy - >>>>>> Starting attribute Attribute(name=rhd, type=byte [non-identifier])
2021-11-21T23:53:22,079|[TRACE] AbstractLoadPlanBuildingAssociationVisitationStrategy - <<<<<< Finishing up attribute : Attribute(name=rhd, type=byte [non-identifier])
2021-11-21T23:53:22,079|[TRACE] AbstractLoadPlanBuildingAssociationVisitationStrategy - <<<<<< Finishing composite : bloodType
2021-11-21T23:53:22,079|[TRACE] AbstractLoadPlanBuildingAssociationVisitationStrategy - Popped fetch owner from stack : org.hibernate.loader.plan.build.internal.returns.CompositeAttributeFetchImpl@57e57dc5
2021-11-21T23:53:22,079|[TRACE] AbstractLoadPlanBuildingAssociationVisitationStrategy - <<<< Finishing up attribute : Attribute(name=bloodType, type=component[bloodGroup,rhd] [non-identifier,composition])
2021-11-21T23:53:22,079|[DEBUG] MetamodelGraphWalker - Visiting attribute path : donation.milliliters
2021-11-21T23:53:22,079|[TRACE] AbstractLoadPlanBuildingAssociationVisitationStrategy - >>>> Starting attribute Attribute(name=milliliters, type=integer [non-identifier])
2021-11-21T23:53:22,079|[TRACE] AbstractLoadPlanBuildingAssociationVisitationStrategy - <<<< Finishing up attribute : Attribute(name=milliliters, type=integer [non-identifier])
2021-11-21T23:53:22,079|[DEBUG] MetamodelGraphWalker - Visiting attribute path : donation.record
2021-11-21T23:53:22,079|[TRACE] AbstractLoadPlanBuildingAssociationVisitationStrategy - >>>> Starting attribute Attribute(name=record, type=bloodbank.entity.DonationRecord [non-identifier,association])
2021-11-21T23:53:22,079|[DEBUG] QuerySpacesImpl - Adding QuerySpace : uid = <gen:5> -> org.hibernate.loader.plan.build.internal.spaces.EntityQuerySpaceImpl@5bba9949]
2021-11-21T23:53:22,079|[TRACE] AbstractLoadPlanBuildingAssociationVisitationStrategy - <<<< Finishing up attribute : Attribute(name=record, type=bloodbank.entity.DonationRecord [non-identifier,association])
2021-11-21T23:53:22,079|[TRACE] AbstractLoadPlanBuildingAssociationVisitationStrategy - Popped fetch owner from stack : org.hibernate.loader.plan.build.internal.returns.EntityAttributeFetchImpl@2337bf27
2021-11-21T23:53:22,079|[TRACE] AbstractLoadPlanBuildingAssociationVisitationStrategy - << Finishing up attribute : Attribute(name=donation, type=bloodbank.entity.BloodDonation [non-identifier,association])
2021-11-21T23:53:22,079|[DEBUG] MetamodelGraphWalker - Visiting attribute path : owner
2021-11-21T23:53:22,079|[DEBUG] MetamodelGraphWalker - Property path deemed to be circular : owner
2021-11-21T23:53:22,079|[DEBUG] MetamodelGraphWalker - Visiting attribute path : tested
2021-11-21T23:53:22,079|[TRACE] AbstractLoadPlanBuildingAssociationVisitationStrategy - >> Starting attribute Attribute(name=tested, type=byte [non-identifier])
2021-11-21T23:53:22,079|[TRACE] AbstractLoadPlanBuildingAssociationVisitationStrategy - << Finishing up attribute : Attribute(name=tested, type=byte [non-identifier])
2021-11-21T23:53:22,079|[TRACE] AbstractLoadPlanBuildingAssociationVisitationStrategy - Popped fetch owner from stack : org.hibernate.loader.plan.build.internal.returns.CollectionFetchableElementEntityGraph@7affee54
2021-11-21T23:53:22,079|[TRACE] AbstractLoadPlanBuildingAssociationVisitationStrategy -  Finished collection element graph : bloodbank.entity.Person.donations
2021-11-21T23:53:22,079|[TRACE] AbstractLoadPlanBuildingAssociationVisitationStrategy - Popped collection reference from stack : org.hibernate.loader.plan.build.internal.returns.CollectionReturnImpl@69419d59
2021-11-21T23:53:22,079|[TRACE] AbstractLoadPlanBuildingAssociationVisitationStrategy -  Finished root collection : bloodbank.entity.Person.donations
2021-11-21T23:53:22,094|[DEBUG] FetchStyleLoadPlanBuildingAssociationVisitationStrategy - Building LoadPlan...
2021-11-21T23:53:22,094|[DEBUG] LoadQueryJoinAndFetchProcessor - processing queryspace <gen:0>
2021-11-21T23:53:22,095|[DEBUG] LoadPlanTreePrinter - LoadPlan(collection=bloodbank.entity.Person.donations)
    - Returns
       - CollectionReturnImpl(collection=bloodbank.entity.Person.donations, querySpaceUid=<gen:0>, path=[bloodbank.entity.Person.donations])
          - (collection element) CollectionFetchableElementEntityGraph(entity=bloodbank.entity.DonationRecord, querySpaceUid=<gen:1>, path=[bloodbank.entity.Person.donations].<elements>)
             - EntityAttributeFetchImpl(entity=bloodbank.entity.BloodDonation, querySpaceUid=<gen:2>, path=[bloodbank.entity.Person.donations].<elements>.donation)
                - EntityAttributeFetchImpl(entity=bloodbank.entity.BloodBank, querySpaceUid=<gen:3>, path=[bloodbank.entity.Person.donations].<elements>.donation.bank)
                - CompositeAttributeFetchImpl(composite=bloodbank.entity.BloodType, querySpaceUid=<gen:4>, path=[bloodbank.entity.Person.donations].<elements>.donation.bloodType)
                - EntityAttributeFetchImpl(entity=bloodbank.entity.DonationRecord, querySpaceUid=<gen:5>, path=[bloodbank.entity.Person.donations].<elements>.donation.record)
    - QuerySpaces
       - CollectionQuerySpaceImpl(uid=<gen:0>, collection=bloodbank.entity.Person.donations)
          - SQL table alias mapping - donations0_
          - alias suffix - 0_
          - suffixed key columns - {person_i7_4_0_}
          - entity-element alias suffix - 1_
          - 1_entity-element suffixed key columns - record_i1_4_1_
          - JOIN (JoinDefinedByMetadata(elements)) : <gen:0> -> <gen:1>
             - EntityQuerySpaceImpl(uid=<gen:1>, entity=bloodbank.entity.DonationRecord)
                - SQL table alias mapping - donations0_
                - alias suffix - 1_
                - suffixed key columns - {record_i1_4_1_}
                - JOIN (JoinDefinedByMetadata(donation)) : <gen:1> -> <gen:2>
                   - EntityQuerySpaceImpl(uid=<gen:2>, entity=bloodbank.entity.BloodDonation)
                      - SQL table alias mapping - blooddonat1_
                      - alias suffix - 2_
                      - suffixed key columns - {donation1_2_2_}
                      - JOIN (JoinDefinedByMetadata(bank)) : <gen:2> -> <gen:3>
                         - EntityQuerySpaceImpl(uid=<gen:3>, entity=bloodbank.entity.BloodBank)
                            - SQL table alias mapping - bloodbank2_
                            - alias suffix - 3_
                            - suffixed key columns - {bank_id2_1_3_}
                      - JOIN (JoinDefinedByMetadata(bloodType)) : <gen:2> -> <gen:4>
                         - CompositeQuerySpaceImpl(uid=<gen:4>)
                            - SQL table alias mapping - blooddonat1_

2021-11-21T23:53:22,095|[DEBUG] CollectionLoader - Static select for collection bloodbank.entity.Person.donations: select donations0_.person_id as person_i7_4_0_, donations0_.record_id as record_i1_4_0_, donations0_.record_id as record_i1_4_1_, donations0_.created as created2_4_1_, donations0_.updated as updated3_4_1_, donations0_.version as version4_4_1_, donations0_.donation_id as donation6_4_1_, donations0_.person_id as person_i7_4_1_, donations0_.tested as tested5_4_1_, blooddonat1_.donation_id as donation1_2_2_, blooddonat1_.created as created2_2_2_, blooddonat1_.updated as updated3_2_2_, blooddonat1_.version as version4_2_2_, blooddonat1_.bank_id as bank_id8_2_2_, blooddonat1_.blood_group as blood_gr5_2_2_, blooddonat1_.rhd as rhd6_2_2_, blooddonat1_.milliliters as millilit7_2_2_, bloodbank2_.bank_id as bank_id2_1_3_, bloodbank2_.created as created3_1_3_, bloodbank2_.updated as updated4_1_3_, bloodbank2_.version as version5_1_3_, bloodbank2_.name as name6_1_3_, bloodbank2_.privately_owned as privatel1_1_3_ from donation_record donations0_ left outer join blood_donation blooddonat1_ on donations0_.donation_id=blooddonat1_.donation_id left outer join blood_bank bloodbank2_ on blooddonat1_.bank_id=bloodbank2_.bank_id where donations0_.person_id=?
2021-11-21T23:53:22,095|[TRACE] AbstractLoadPlanBuildingAssociationVisitationStrategy -  Starting root collection : bloodbank.entity.Person.contacts
2021-11-21T23:53:22,095|[DEBUG] QuerySpacesImpl - Adding QuerySpace : uid = <gen:0> -> org.hibernate.loader.plan.build.internal.spaces.CollectionQuerySpaceImpl@147059f8]
2021-11-21T23:53:22,095|[DEBUG] QuerySpacesImpl - Adding QuerySpace : uid = <gen:1> -> org.hibernate.loader.plan.build.internal.spaces.EntityQuerySpaceImpl@744fb110]
2021-11-21T23:53:22,095|[DEBUG] QuerySpacesImpl - Adding QuerySpace : uid = <gen:1>-id -> org.hibernate.loader.plan.build.internal.spaces.CompositeQuerySpaceImpl@838e109]
2021-11-21T23:53:22,095|[TRACE] AbstractLoadPlanBuildingAssociationVisitationStrategy - Pushing collection reference to stack : org.hibernate.loader.plan.build.internal.returns.CollectionReturnImpl@7474196
2021-11-21T23:53:22,095|[TRACE] AbstractLoadPlanBuildingAssociationVisitationStrategy -  Registering AssociationKey : AssociationKey(table=contact, columns={person_id}) -> null
2021-11-21T23:53:22,095|[TRACE] AbstractLoadPlanBuildingAssociationVisitationStrategy -  Starting collection element graph : bloodbank.entity.Person.contacts
2021-11-21T23:53:22,095|[TRACE] AbstractLoadPlanBuildingAssociationVisitationStrategy - Pushing fetch source to stack : org.hibernate.loader.plan.build.internal.returns.CollectionFetchableElementEntityGraph@11ee671f
2021-11-21T23:53:22,095|[TRACE] AbstractLoadPlanBuildingAssociationVisitationStrategy - >> Starting entity identifier : bloodbank.entity.Contact
2021-11-21T23:53:22,095|[TRACE] AbstractLoadPlanBuildingAssociationVisitationStrategy - Pushing fetch source to stack : org.hibernate.loader.plan.build.internal.returns.EncapsulatedEntityIdentifierDescription@18209303
2021-11-21T23:53:22,095|[TRACE] AbstractLoadPlanBuildingAssociationVisitationStrategy - >>>> Starting composite : id
2021-11-21T23:53:22,095|[DEBUG] MetamodelGraphWalker - Visiting attribute path : personId
2021-11-21T23:53:22,095|[TRACE] AbstractLoadPlanBuildingAssociationVisitationStrategy - >>>> Starting attribute org.hibernate.persister.walking.internal.CompositionSingularSubAttributesHelper$1$1$3@57df09a7
2021-11-21T23:53:22,095|[TRACE] AbstractLoadPlanBuildingAssociationVisitationStrategy - <<<< Finishing up attribute : org.hibernate.persister.walking.internal.CompositionSingularSubAttributesHelper$1$1$3@57df09a7
2021-11-21T23:53:22,095|[DEBUG] MetamodelGraphWalker - Visiting attribute path : phoneId
2021-11-21T23:53:22,095|[TRACE] AbstractLoadPlanBuildingAssociationVisitationStrategy - >>>> Starting attribute org.hibernate.persister.walking.internal.CompositionSingularSubAttributesHelper$1$1$3@6aa9a93b
2021-11-21T23:53:22,095|[TRACE] AbstractLoadPlanBuildingAssociationVisitationStrategy - <<<< Finishing up attribute : org.hibernate.persister.walking.internal.CompositionSingularSubAttributesHelper$1$1$3@6aa9a93b
2021-11-21T23:53:22,095|[TRACE] AbstractLoadPlanBuildingAssociationVisitationStrategy - <<<< Finishing composite : id
2021-11-21T23:53:22,095|[TRACE] AbstractLoadPlanBuildingAssociationVisitationStrategy - Popped fetch owner from stack : org.hibernate.loader.plan.build.internal.returns.EncapsulatedEntityIdentifierDescription@18209303
2021-11-21T23:53:22,095|[TRACE] AbstractLoadPlanBuildingAssociationVisitationStrategy - << Finished entity identifier : bloodbank.entity.Contact
2021-11-21T23:53:22,095|[DEBUG] MetamodelGraphWalker - Visiting attribute path : epochCreated
2021-11-21T23:53:22,095|[TRACE] AbstractLoadPlanBuildingAssociationVisitationStrategy - >> Starting attribute Attribute(name=epochCreated, type=long [non-identifier])
2021-11-21T23:53:22,095|[TRACE] AbstractLoadPlanBuildingAssociationVisitationStrategy - << Finishing up attribute : Attribute(name=epochCreated, type=long [non-identifier])
2021-11-21T23:53:22,095|[DEBUG] MetamodelGraphWalker - Visiting attribute path : epochUpdated
2021-11-21T23:53:22,095|[TRACE] AbstractLoadPlanBuildingAssociationVisitationStrategy - >> Starting attribute Attribute(name=epochUpdated, type=long [non-identifier])
2021-11-21T23:53:22,095|[TRACE] AbstractLoadPlanBuildingAssociationVisitationStrategy - << Finishing up attribute : Attribute(name=epochUpdated, type=long [non-identifier])
2021-11-21T23:53:22,095|[DEBUG] MetamodelGraphWalker - Visiting attribute path : version
2021-11-21T23:53:22,095|[TRACE] AbstractLoadPlanBuildingAssociationVisitationStrategy - >> Starting attribute Attribute(name=version, type=integer [non-identifier])
2021-11-21T23:53:22,095|[TRACE] AbstractLoadPlanBuildingAssociationVisitationStrategy - << Finishing up attribute : Attribute(name=version, type=integer [non-identifier])
2021-11-21T23:53:22,095|[DEBUG] MetamodelGraphWalker - Visiting attribute path : address
2021-11-21T23:53:22,095|[TRACE] AbstractLoadPlanBuildingAssociationVisitationStrategy - >> Starting attribute Attribute(name=address, type=bloodbank.entity.Address [non-identifier,association])
2021-11-21T23:53:22,095|[DEBUG] QuerySpacesImpl - Adding QuerySpace : uid = <gen:2> -> org.hibernate.loader.plan.build.internal.spaces.EntityQuerySpaceImpl@81dfdee]
2021-11-21T23:53:22,095|[TRACE] AbstractLoadPlanBuildingAssociationVisitationStrategy - << Finishing up attribute : Attribute(name=address, type=bloodbank.entity.Address [non-identifier,association])
2021-11-21T23:53:22,095|[DEBUG] MetamodelGraphWalker - Visiting attribute path : contactType
2021-11-21T23:53:22,095|[TRACE] AbstractLoadPlanBuildingAssociationVisitationStrategy - >> Starting attribute Attribute(name=contactType, type=string [non-identifier])
2021-11-21T23:53:22,095|[TRACE] AbstractLoadPlanBuildingAssociationVisitationStrategy - << Finishing up attribute : Attribute(name=contactType, type=string [non-identifier])
2021-11-21T23:53:22,095|[DEBUG] MetamodelGraphWalker - Visiting attribute path : email
2021-11-21T23:53:22,095|[TRACE] AbstractLoadPlanBuildingAssociationVisitationStrategy - >> Starting attribute Attribute(name=email, type=string [non-identifier])
2021-11-21T23:53:22,095|[TRACE] AbstractLoadPlanBuildingAssociationVisitationStrategy - << Finishing up attribute : Attribute(name=email, type=string [non-identifier])
2021-11-21T23:53:22,095|[DEBUG] MetamodelGraphWalker - Visiting attribute path : owner
2021-11-21T23:53:22,095|[DEBUG] MetamodelGraphWalker - Property path deemed to be circular : owner
2021-11-21T23:53:22,095|[DEBUG] MetamodelGraphWalker - Visiting attribute path : phone
2021-11-21T23:53:22,095|[TRACE] AbstractLoadPlanBuildingAssociationVisitationStrategy - >> Starting attribute Attribute(name=phone, type=bloodbank.entity.Phone [non-identifier,association])
2021-11-21T23:53:22,095|[DEBUG] QuerySpacesImpl - Adding QuerySpace : uid = <gen:3> -> org.hibernate.loader.plan.build.internal.spaces.EntityQuerySpaceImpl@14b9df65]
2021-11-21T23:53:22,095|[TRACE] AbstractLoadPlanBuildingAssociationVisitationStrategy - << Finishing up attribute : Attribute(name=phone, type=bloodbank.entity.Phone [non-identifier,association])
2021-11-21T23:53:22,095|[TRACE] AbstractLoadPlanBuildingAssociationVisitationStrategy - Popped fetch owner from stack : org.hibernate.loader.plan.build.internal.returns.CollectionFetchableElementEntityGraph@11ee671f
2021-11-21T23:53:22,095|[TRACE] AbstractLoadPlanBuildingAssociationVisitationStrategy -  Finished collection element graph : bloodbank.entity.Person.contacts
2021-11-21T23:53:22,095|[TRACE] AbstractLoadPlanBuildingAssociationVisitationStrategy - Popped collection reference from stack : org.hibernate.loader.plan.build.internal.returns.CollectionReturnImpl@7474196
2021-11-21T23:53:22,095|[TRACE] AbstractLoadPlanBuildingAssociationVisitationStrategy -  Finished root collection : bloodbank.entity.Person.contacts
2021-11-21T23:53:22,095|[DEBUG] FetchStyleLoadPlanBuildingAssociationVisitationStrategy - Building LoadPlan...
2021-11-21T23:53:22,096|[DEBUG] LoadQueryJoinAndFetchProcessor - processing queryspace <gen:0>
2021-11-21T23:53:22,096|[DEBUG] LoadPlanTreePrinter - LoadPlan(collection=bloodbank.entity.Person.contacts)
    - Returns
       - CollectionReturnImpl(collection=bloodbank.entity.Person.contacts, querySpaceUid=<gen:0>, path=[bloodbank.entity.Person.contacts])
          - (collection element) CollectionFetchableElementEntityGraph(entity=bloodbank.entity.Contact, querySpaceUid=<gen:1>, path=[bloodbank.entity.Person.contacts].<elements>)
             - EntityAttributeFetchImpl(entity=bloodbank.entity.Address, querySpaceUid=<gen:2>, path=[bloodbank.entity.Person.contacts].<elements>.address)
             - EntityAttributeFetchImpl(entity=bloodbank.entity.Phone, querySpaceUid=<gen:3>, path=[bloodbank.entity.Person.contacts].<elements>.phone)
    - QuerySpaces
       - CollectionQuerySpaceImpl(uid=<gen:0>, collection=bloodbank.entity.Person.contacts)
          - SQL table alias mapping - contacts0_
          - alias suffix - 0_
          - suffixed key columns - {person_i1_3_0_}
          - entity-element alias suffix - 1_
          - 1_entity-element suffixed key columns - person_i1_3_1_, phone_id2_3_1_
          - JOIN (JoinDefinedByMetadata(elements)) : <gen:0> -> <gen:1>
             - EntityQuerySpaceImpl(uid=<gen:1>, entity=bloodbank.entity.Contact)
                - SQL table alias mapping - contacts0_
                - alias suffix - 1_
                - suffixed key columns - {person_i1_3_1_, phone_id2_3_1_}
                - JOIN (JoinDefinedByMetadata(id)) : <gen:1> -> <gen:1>-id
                   - CompositeQuerySpaceImpl(uid=<gen:1>-id)
                      - SQL table alias mapping - contacts0_

2021-11-21T23:53:22,096|[DEBUG] CollectionLoader - Static select for collection bloodbank.entity.Person.contacts: select contacts0_.person_id as person_i1_3_0_, contacts0_.phone_id as phone_id2_3_0_, contacts0_.person_id as person_i1_3_1_, contacts0_.phone_id as phone_id2_3_1_, contacts0_.created as created3_3_1_, contacts0_.updated as updated4_3_1_, contacts0_.version as version5_3_1_, contacts0_.address_id as address_8_3_1_, contacts0_.contact_type as contact_6_3_1_, contacts0_.email as email7_3_1_ from contact contacts0_ where contacts0_.person_id=?
2021-11-21T23:53:22,096|[TRACE] AbstractLoadPlanBuildingAssociationVisitationStrategy -  Starting root collection : bloodbank.entity.Phone.contacts
2021-11-21T23:53:22,096|[DEBUG] QuerySpacesImpl - Adding QuerySpace : uid = <gen:0> -> org.hibernate.loader.plan.build.internal.spaces.CollectionQuerySpaceImpl@3b046e64]
2021-11-21T23:53:22,096|[DEBUG] QuerySpacesImpl - Adding QuerySpace : uid = <gen:1> -> org.hibernate.loader.plan.build.internal.spaces.EntityQuerySpaceImpl@1c43e84e]
2021-11-21T23:53:22,096|[DEBUG] QuerySpacesImpl - Adding QuerySpace : uid = <gen:1>-id -> org.hibernate.loader.plan.build.internal.spaces.CompositeQuerySpaceImpl@7bd694a5]
2021-11-21T23:53:22,096|[TRACE] AbstractLoadPlanBuildingAssociationVisitationStrategy - Pushing collection reference to stack : org.hibernate.loader.plan.build.internal.returns.CollectionReturnImpl@21ce2e4d
2021-11-21T23:53:22,096|[TRACE] AbstractLoadPlanBuildingAssociationVisitationStrategy -  Registering AssociationKey : AssociationKey(table=contact, columns={phone_id}) -> null
2021-11-21T23:53:22,096|[TRACE] AbstractLoadPlanBuildingAssociationVisitationStrategy -  Starting collection element graph : bloodbank.entity.Phone.contacts
2021-11-21T23:53:22,096|[TRACE] AbstractLoadPlanBuildingAssociationVisitationStrategy - Pushing fetch source to stack : org.hibernate.loader.plan.build.internal.returns.CollectionFetchableElementEntityGraph@3921135e
2021-11-21T23:53:22,096|[TRACE] AbstractLoadPlanBuildingAssociationVisitationStrategy - >> Starting entity identifier : bloodbank.entity.Contact
2021-11-21T23:53:22,096|[TRACE] AbstractLoadPlanBuildingAssociationVisitationStrategy - Pushing fetch source to stack : org.hibernate.loader.plan.build.internal.returns.EncapsulatedEntityIdentifierDescription@3a239dac
2021-11-21T23:53:22,096|[TRACE] AbstractLoadPlanBuildingAssociationVisitationStrategy - >>>> Starting composite : id
2021-11-21T23:53:22,096|[DEBUG] MetamodelGraphWalker - Visiting attribute path : personId
2021-11-21T23:53:22,096|[TRACE] AbstractLoadPlanBuildingAssociationVisitationStrategy - >>>> Starting attribute org.hibernate.persister.walking.internal.CompositionSingularSubAttributesHelper$1$1$3@759f45f1
2021-11-21T23:53:22,096|[TRACE] AbstractLoadPlanBuildingAssociationVisitationStrategy - <<<< Finishing up attribute : org.hibernate.persister.walking.internal.CompositionSingularSubAttributesHelper$1$1$3@759f45f1
2021-11-21T23:53:22,096|[DEBUG] MetamodelGraphWalker - Visiting attribute path : phoneId
2021-11-21T23:53:22,096|[TRACE] AbstractLoadPlanBuildingAssociationVisitationStrategy - >>>> Starting attribute org.hibernate.persister.walking.internal.CompositionSingularSubAttributesHelper$1$1$3@2573b149
2021-11-21T23:53:22,096|[TRACE] AbstractLoadPlanBuildingAssociationVisitationStrategy - <<<< Finishing up attribute : org.hibernate.persister.walking.internal.CompositionSingularSubAttributesHelper$1$1$3@2573b149
2021-11-21T23:53:22,096|[TRACE] AbstractLoadPlanBuildingAssociationVisitationStrategy - <<<< Finishing composite : id
2021-11-21T23:53:22,096|[TRACE] AbstractLoadPlanBuildingAssociationVisitationStrategy - Popped fetch owner from stack : org.hibernate.loader.plan.build.internal.returns.EncapsulatedEntityIdentifierDescription@3a239dac
2021-11-21T23:53:22,096|[TRACE] AbstractLoadPlanBuildingAssociationVisitationStrategy - << Finished entity identifier : bloodbank.entity.Contact
2021-11-21T23:53:22,096|[DEBUG] MetamodelGraphWalker - Visiting attribute path : epochCreated
2021-11-21T23:53:22,096|[TRACE] AbstractLoadPlanBuildingAssociationVisitationStrategy - >> Starting attribute Attribute(name=epochCreated, type=long [non-identifier])
2021-11-21T23:53:22,096|[TRACE] AbstractLoadPlanBuildingAssociationVisitationStrategy - << Finishing up attribute : Attribute(name=epochCreated, type=long [non-identifier])
2021-11-21T23:53:22,096|[DEBUG] MetamodelGraphWalker - Visiting attribute path : epochUpdated
2021-11-21T23:53:22,096|[TRACE] AbstractLoadPlanBuildingAssociationVisitationStrategy - >> Starting attribute Attribute(name=epochUpdated, type=long [non-identifier])
2021-11-21T23:53:22,096|[TRACE] AbstractLoadPlanBuildingAssociationVisitationStrategy - << Finishing up attribute : Attribute(name=epochUpdated, type=long [non-identifier])
2021-11-21T23:53:22,096|[DEBUG] MetamodelGraphWalker - Visiting attribute path : version
2021-11-21T23:53:22,096|[TRACE] AbstractLoadPlanBuildingAssociationVisitationStrategy - >> Starting attribute Attribute(name=version, type=integer [non-identifier])
2021-11-21T23:53:22,096|[TRACE] AbstractLoadPlanBuildingAssociationVisitationStrategy - << Finishing up attribute : Attribute(name=version, type=integer [non-identifier])
2021-11-21T23:53:22,096|[DEBUG] MetamodelGraphWalker - Visiting attribute path : address
2021-11-21T23:53:22,096|[TRACE] AbstractLoadPlanBuildingAssociationVisitationStrategy - >> Starting attribute Attribute(name=address, type=bloodbank.entity.Address [non-identifier,association])
2021-11-21T23:53:22,096|[DEBUG] QuerySpacesImpl - Adding QuerySpace : uid = <gen:2> -> org.hibernate.loader.plan.build.internal.spaces.EntityQuerySpaceImpl@1479ed5a]
2021-11-21T23:53:22,096|[TRACE] AbstractLoadPlanBuildingAssociationVisitationStrategy - << Finishing up attribute : Attribute(name=address, type=bloodbank.entity.Address [non-identifier,association])
2021-11-21T23:53:22,096|[DEBUG] MetamodelGraphWalker - Visiting attribute path : contactType
2021-11-21T23:53:22,096|[TRACE] AbstractLoadPlanBuildingAssociationVisitationStrategy - >> Starting attribute Attribute(name=contactType, type=string [non-identifier])
2021-11-21T23:53:22,096|[TRACE] AbstractLoadPlanBuildingAssociationVisitationStrategy - << Finishing up attribute : Attribute(name=contactType, type=string [non-identifier])
2021-11-21T23:53:22,096|[DEBUG] MetamodelGraphWalker - Visiting attribute path : email
2021-11-21T23:53:22,096|[TRACE] AbstractLoadPlanBuildingAssociationVisitationStrategy - >> Starting attribute Attribute(name=email, type=string [non-identifier])
2021-11-21T23:53:22,096|[TRACE] AbstractLoadPlanBuildingAssociationVisitationStrategy - << Finishing up attribute : Attribute(name=email, type=string [non-identifier])
2021-11-21T23:53:22,096|[DEBUG] MetamodelGraphWalker - Visiting attribute path : owner
2021-11-21T23:53:22,096|[TRACE] AbstractLoadPlanBuildingAssociationVisitationStrategy - >> Starting attribute Attribute(name=owner, type=bloodbank.entity.Person [non-identifier,association])
2021-11-21T23:53:22,096|[DEBUG] QuerySpacesImpl - Adding QuerySpace : uid = <gen:3> -> org.hibernate.loader.plan.build.internal.spaces.EntityQuerySpaceImpl@3211cc84]
2021-11-21T23:53:22,096|[TRACE] AbstractLoadPlanBuildingAssociationVisitationStrategy - << Finishing up attribute : Attribute(name=owner, type=bloodbank.entity.Person [non-identifier,association])
2021-11-21T23:53:22,096|[DEBUG] MetamodelGraphWalker - Visiting attribute path : phone
2021-11-21T23:53:22,096|[DEBUG] MetamodelGraphWalker - Property path deemed to be circular : phone
2021-11-21T23:53:22,096|[TRACE] AbstractLoadPlanBuildingAssociationVisitationStrategy - Popped fetch owner from stack : org.hibernate.loader.plan.build.internal.returns.CollectionFetchableElementEntityGraph@3921135e
2021-11-21T23:53:22,096|[TRACE] AbstractLoadPlanBuildingAssociationVisitationStrategy -  Finished collection element graph : bloodbank.entity.Phone.contacts
2021-11-21T23:53:22,096|[TRACE] AbstractLoadPlanBuildingAssociationVisitationStrategy - Popped collection reference from stack : org.hibernate.loader.plan.build.internal.returns.CollectionReturnImpl@21ce2e4d
2021-11-21T23:53:22,096|[TRACE] AbstractLoadPlanBuildingAssociationVisitationStrategy -  Finished root collection : bloodbank.entity.Phone.contacts
2021-11-21T23:53:22,096|[DEBUG] FetchStyleLoadPlanBuildingAssociationVisitationStrategy - Building LoadPlan...
2021-11-21T23:53:22,096|[DEBUG] LoadQueryJoinAndFetchProcessor - processing queryspace <gen:0>
2021-11-21T23:53:22,097|[DEBUG] LoadPlanTreePrinter - LoadPlan(collection=bloodbank.entity.Phone.contacts)
    - Returns
       - CollectionReturnImpl(collection=bloodbank.entity.Phone.contacts, querySpaceUid=<gen:0>, path=[bloodbank.entity.Phone.contacts])
          - (collection element) CollectionFetchableElementEntityGraph(entity=bloodbank.entity.Contact, querySpaceUid=<gen:1>, path=[bloodbank.entity.Phone.contacts].<elements>)
             - EntityAttributeFetchImpl(entity=bloodbank.entity.Address, querySpaceUid=<gen:2>, path=[bloodbank.entity.Phone.contacts].<elements>.address)
             - EntityAttributeFetchImpl(entity=bloodbank.entity.Person, querySpaceUid=<gen:3>, path=[bloodbank.entity.Phone.contacts].<elements>.owner)
    - QuerySpaces
       - CollectionQuerySpaceImpl(uid=<gen:0>, collection=bloodbank.entity.Phone.contacts)
          - SQL table alias mapping - contacts0_
          - alias suffix - 0_
          - suffixed key columns - {phone_id2_3_0_}
          - entity-element alias suffix - 1_
          - 1_entity-element suffixed key columns - person_i1_3_1_, phone_id2_3_1_
          - JOIN (JoinDefinedByMetadata(elements)) : <gen:0> -> <gen:1>
             - EntityQuerySpaceImpl(uid=<gen:1>, entity=bloodbank.entity.Contact)
                - SQL table alias mapping - contacts0_
                - alias suffix - 1_
                - suffixed key columns - {person_i1_3_1_, phone_id2_3_1_}
                - JOIN (JoinDefinedByMetadata(id)) : <gen:1> -> <gen:1>-id
                   - CompositeQuerySpaceImpl(uid=<gen:1>-id)
                      - SQL table alias mapping - contacts0_

2021-11-21T23:53:22,097|[DEBUG] CollectionLoader - Static select for collection bloodbank.entity.Phone.contacts: select contacts0_.phone_id as phone_id2_3_0_, contacts0_.person_id as person_i1_3_0_, contacts0_.person_id as person_i1_3_1_, contacts0_.phone_id as phone_id2_3_1_, contacts0_.created as created3_3_1_, contacts0_.updated as updated4_3_1_, contacts0_.version as version5_3_1_, contacts0_.address_id as address_8_3_1_, contacts0_.contact_type as contact_6_3_1_, contacts0_.email as email7_3_1_ from contact contacts0_ where contacts0_.phone_id=?
2021-11-21T23:53:22,097|[TRACE] AbstractLoadPlanBuildingAssociationVisitationStrategy -  Starting root collection : bloodbank.entity.BloodBank.donations
2021-11-21T23:53:22,097|[DEBUG] QuerySpacesImpl - Adding QuerySpace : uid = <gen:0> -> org.hibernate.loader.plan.build.internal.spaces.CollectionQuerySpaceImpl@3d2eb7fa]
2021-11-21T23:53:22,097|[DEBUG] QuerySpacesImpl - Adding QuerySpace : uid = <gen:1> -> org.hibernate.loader.plan.build.internal.spaces.EntityQuerySpaceImpl@56fa0ef]
2021-11-21T23:53:22,097|[TRACE] AbstractLoadPlanBuildingAssociationVisitationStrategy - Pushing collection reference to stack : org.hibernate.loader.plan.build.internal.returns.CollectionReturnImpl@5e278e25
2021-11-21T23:53:22,097|[TRACE] AbstractLoadPlanBuildingAssociationVisitationStrategy -  Registering AssociationKey : AssociationKey(table=blood_donation, columns={bank_id}) -> null
2021-11-21T23:53:22,097|[TRACE] AbstractLoadPlanBuildingAssociationVisitationStrategy -  Starting collection element graph : bloodbank.entity.BloodBank.donations
2021-11-21T23:53:22,097|[TRACE] AbstractLoadPlanBuildingAssociationVisitationStrategy - Pushing fetch source to stack : org.hibernate.loader.plan.build.internal.returns.CollectionFetchableElementEntityGraph@62ee1c89
2021-11-21T23:53:22,097|[TRACE] AbstractLoadPlanBuildingAssociationVisitationStrategy - >> Starting entity identifier : bloodbank.entity.BloodDonation
2021-11-21T23:53:22,097|[DEBUG] MetamodelGraphWalker - Visiting attribute path : epochCreated
2021-11-21T23:53:22,097|[TRACE] AbstractLoadPlanBuildingAssociationVisitationStrategy - >> Starting attribute Attribute(name=epochCreated, type=long [non-identifier])
2021-11-21T23:53:22,097|[TRACE] AbstractLoadPlanBuildingAssociationVisitationStrategy - << Finishing up attribute : Attribute(name=epochCreated, type=long [non-identifier])
2021-11-21T23:53:22,097|[DEBUG] MetamodelGraphWalker - Visiting attribute path : epochUpdated
2021-11-21T23:53:22,097|[TRACE] AbstractLoadPlanBuildingAssociationVisitationStrategy - >> Starting attribute Attribute(name=epochUpdated, type=long [non-identifier])
2021-11-21T23:53:22,097|[TRACE] AbstractLoadPlanBuildingAssociationVisitationStrategy - << Finishing up attribute : Attribute(name=epochUpdated, type=long [non-identifier])
2021-11-21T23:53:22,097|[DEBUG] MetamodelGraphWalker - Visiting attribute path : version
2021-11-21T23:53:22,097|[TRACE] AbstractLoadPlanBuildingAssociationVisitationStrategy - >> Starting attribute Attribute(name=version, type=integer [non-identifier])
2021-11-21T23:53:22,097|[TRACE] AbstractLoadPlanBuildingAssociationVisitationStrategy - << Finishing up attribute : Attribute(name=version, type=integer [non-identifier])
2021-11-21T23:53:22,097|[DEBUG] MetamodelGraphWalker - Visiting attribute path : bank
2021-11-21T23:53:22,097|[DEBUG] MetamodelGraphWalker - Property path deemed to be circular : bank
2021-11-21T23:53:22,097|[DEBUG] MetamodelGraphWalker - Visiting attribute path : bloodType
2021-11-21T23:53:22,097|[TRACE] AbstractLoadPlanBuildingAssociationVisitationStrategy - >> Starting attribute Attribute(name=bloodType, type=component[bloodGroup,rhd] [non-identifier,composition])
2021-11-21T23:53:22,097|[DEBUG] QuerySpacesImpl - Adding QuerySpace : uid = <gen:2> -> org.hibernate.loader.plan.build.internal.spaces.CompositeQuerySpaceImpl@2ab7f649]
2021-11-21T23:53:22,097|[TRACE] AbstractLoadPlanBuildingAssociationVisitationStrategy - Pushing fetch source to stack : org.hibernate.loader.plan.build.internal.returns.CompositeAttributeFetchImpl@52a74328
2021-11-21T23:53:22,097|[TRACE] AbstractLoadPlanBuildingAssociationVisitationStrategy - >>>> Starting composite : bloodType
2021-11-21T23:53:22,097|[DEBUG] MetamodelGraphWalker - Visiting attribute path : bloodType.bloodGroup
2021-11-21T23:53:22,097|[TRACE] AbstractLoadPlanBuildingAssociationVisitationStrategy - >>>> Starting attribute Attribute(name=bloodGroup, type=string [non-identifier])
2021-11-21T23:53:22,097|[TRACE] AbstractLoadPlanBuildingAssociationVisitationStrategy - <<<< Finishing up attribute : Attribute(name=bloodGroup, type=string [non-identifier])
2021-11-21T23:53:22,097|[DEBUG] MetamodelGraphWalker - Visiting attribute path : bloodType.rhd
2021-11-21T23:53:22,097|[TRACE] AbstractLoadPlanBuildingAssociationVisitationStrategy - >>>> Starting attribute Attribute(name=rhd, type=byte [non-identifier])
2021-11-21T23:53:22,097|[TRACE] AbstractLoadPlanBuildingAssociationVisitationStrategy - <<<< Finishing up attribute : Attribute(name=rhd, type=byte [non-identifier])
2021-11-21T23:53:22,097|[TRACE] AbstractLoadPlanBuildingAssociationVisitationStrategy - <<<< Finishing composite : bloodType
2021-11-21T23:53:22,097|[TRACE] AbstractLoadPlanBuildingAssociationVisitationStrategy - Popped fetch owner from stack : org.hibernate.loader.plan.build.internal.returns.CompositeAttributeFetchImpl@52a74328
2021-11-21T23:53:22,097|[TRACE] AbstractLoadPlanBuildingAssociationVisitationStrategy - << Finishing up attribute : Attribute(name=bloodType, type=component[bloodGroup,rhd] [non-identifier,composition])
2021-11-21T23:53:22,097|[DEBUG] MetamodelGraphWalker - Visiting attribute path : milliliters
2021-11-21T23:53:22,097|[TRACE] AbstractLoadPlanBuildingAssociationVisitationStrategy - >> Starting attribute Attribute(name=milliliters, type=integer [non-identifier])
2021-11-21T23:53:22,097|[TRACE] AbstractLoadPlanBuildingAssociationVisitationStrategy - << Finishing up attribute : Attribute(name=milliliters, type=integer [non-identifier])
2021-11-21T23:53:22,097|[DEBUG] MetamodelGraphWalker - Visiting attribute path : record
2021-11-21T23:53:22,097|[TRACE] AbstractLoadPlanBuildingAssociationVisitationStrategy - >> Starting attribute Attribute(name=record, type=bloodbank.entity.DonationRecord [non-identifier,association])
2021-11-21T23:53:22,097|[DEBUG] QuerySpacesImpl - Adding QuerySpace : uid = <gen:3> -> org.hibernate.loader.plan.build.internal.spaces.EntityQuerySpaceImpl@3093b9ff]
2021-11-21T23:53:22,097|[TRACE] AbstractLoadPlanBuildingAssociationVisitationStrategy - << Finishing up attribute : Attribute(name=record, type=bloodbank.entity.DonationRecord [non-identifier,association])
2021-11-21T23:53:22,097|[TRACE] AbstractLoadPlanBuildingAssociationVisitationStrategy - Popped fetch owner from stack : org.hibernate.loader.plan.build.internal.returns.CollectionFetchableElementEntityGraph@62ee1c89
2021-11-21T23:53:22,097|[TRACE] AbstractLoadPlanBuildingAssociationVisitationStrategy -  Finished collection element graph : bloodbank.entity.BloodBank.donations
2021-11-21T23:53:22,097|[TRACE] AbstractLoadPlanBuildingAssociationVisitationStrategy - Popped collection reference from stack : org.hibernate.loader.plan.build.internal.returns.CollectionReturnImpl@5e278e25
2021-11-21T23:53:22,097|[TRACE] AbstractLoadPlanBuildingAssociationVisitationStrategy -  Finished root collection : bloodbank.entity.BloodBank.donations
2021-11-21T23:53:22,097|[DEBUG] FetchStyleLoadPlanBuildingAssociationVisitationStrategy - Building LoadPlan...
2021-11-21T23:53:22,097|[DEBUG] LoadQueryJoinAndFetchProcessor - processing queryspace <gen:0>
2021-11-21T23:53:22,097|[DEBUG] LoadPlanTreePrinter - LoadPlan(collection=bloodbank.entity.BloodBank.donations)
    - Returns
       - CollectionReturnImpl(collection=bloodbank.entity.BloodBank.donations, querySpaceUid=<gen:0>, path=[bloodbank.entity.BloodBank.donations])
          - (collection element) CollectionFetchableElementEntityGraph(entity=bloodbank.entity.BloodDonation, querySpaceUid=<gen:1>, path=[bloodbank.entity.BloodBank.donations].<elements>)
             - CompositeAttributeFetchImpl(composite=bloodbank.entity.BloodType, querySpaceUid=<gen:2>, path=[bloodbank.entity.BloodBank.donations].<elements>.bloodType)
             - EntityAttributeFetchImpl(entity=bloodbank.entity.DonationRecord, querySpaceUid=<gen:3>, path=[bloodbank.entity.BloodBank.donations].<elements>.record)
    - QuerySpaces
       - CollectionQuerySpaceImpl(uid=<gen:0>, collection=bloodbank.entity.BloodBank.donations)
          - SQL table alias mapping - donations0_
          - alias suffix - 0_
          - suffixed key columns - {bank_id8_2_0_}
          - entity-element alias suffix - 1_
          - 1_entity-element suffixed key columns - donation1_2_1_
          - JOIN (JoinDefinedByMetadata(elements)) : <gen:0> -> <gen:1>
             - EntityQuerySpaceImpl(uid=<gen:1>, entity=bloodbank.entity.BloodDonation)
                - SQL table alias mapping - donations0_
                - alias suffix - 1_
                - suffixed key columns - {donation1_2_1_}
                - JOIN (JoinDefinedByMetadata(bloodType)) : <gen:1> -> <gen:2>
                   - CompositeQuerySpaceImpl(uid=<gen:2>)
                      - SQL table alias mapping - donations0_

2021-11-21T23:53:22,097|[DEBUG] CollectionLoader - Static select for collection bloodbank.entity.BloodBank.donations: select donations0_.bank_id as bank_id8_2_0_, donations0_.donation_id as donation1_2_0_, donations0_.donation_id as donation1_2_1_, donations0_.created as created2_2_1_, donations0_.updated as updated3_2_1_, donations0_.version as version4_2_1_, donations0_.bank_id as bank_id8_2_1_, donations0_.blood_group as blood_gr5_2_1_, donations0_.rhd as rhd6_2_1_, donations0_.milliliters as millilit7_2_1_ from blood_donation donations0_ where donations0_.bank_id=?
2021-11-21T23:53:22,097|[TRACE] MetadataContext - Wrapping up metadata context...
2021-11-21T23:53:22,097|[TRACE] MetadataContext - Starting mapped superclass [bloodbank.entity.PojoBaseCompositeKey]
2021-11-21T23:53:22,097|[TRACE] AttributeFactory - Building version attribute [ownerType.getTypeName().property.getName()]
2021-11-21T23:53:22,097|[TRACE] AttributeFactory - Starting attribute metadata determination [version]
2021-11-21T23:53:22,097|[TRACE] AttributeFactory -     Determined member [protected int bloodbank.entity.PojoBaseCompositeKey.version]
2021-11-21T23:53:22,097|[TRACE] AttributeFactory -     Determined type [name=integer, class=org.hibernate.type.IntegerType]
2021-11-21T23:53:22,097|[TRACE] AttributeFactory - Building attribute [bloodbank.entity.PojoBaseCompositeKey.epochCreated]
2021-11-21T23:53:22,097|[TRACE] AttributeFactory - Starting attribute metadata determination [epochCreated]
2021-11-21T23:53:22,098|[TRACE] AttributeFactory -     Determined member [protected long bloodbank.entity.PojoBaseCompositeKey.epochCreated]
2021-11-21T23:53:22,098|[TRACE] AttributeFactory -     Determined type [name=long, class=org.hibernate.type.LongType]
2021-11-21T23:53:22,098|[TRACE] AttributeFactory - Building attribute [bloodbank.entity.PojoBaseCompositeKey.epochUpdated]
2021-11-21T23:53:22,098|[TRACE] AttributeFactory - Starting attribute metadata determination [epochUpdated]
2021-11-21T23:53:22,098|[TRACE] AttributeFactory -     Determined member [protected long bloodbank.entity.PojoBaseCompositeKey.epochUpdated]
2021-11-21T23:53:22,098|[TRACE] AttributeFactory -     Determined type [name=long, class=org.hibernate.type.LongType]
2021-11-21T23:53:22,098|[TRACE] MetadataContext - Completed mapped superclass [bloodbank.entity.PojoBaseCompositeKey]
2021-11-21T23:53:22,098|[TRACE] MetadataContext - Starting entity [bloodbank.entity.Contact]
2021-11-21T23:53:22,098|[TRACE] AttributeFactory - Building identifier attribute [Contact.id]
2021-11-21T23:53:22,098|[TRACE] AttributeFactory - Starting attribute metadata determination [id]
2021-11-21T23:53:22,098|[TRACE] AttributeFactory -     Determined member [private bloodbank.entity.ContactPK bloodbank.entity.Contact.id]
2021-11-21T23:53:22,098|[TRACE] AttributeFactory -     Determined type [name=component[personId,phoneId], class=org.hibernate.type.ComponentType]
2021-11-21T23:53:22,098|[TRACE] AttributeFactory - Building attribute [unknown.personId]
2021-11-21T23:53:22,098|[TRACE] AttributeFactory - Starting attribute metadata determination [personId]
2021-11-21T23:53:22,098|[TRACE] AttributeFactory -     Determined member [private int bloodbank.entity.ContactPK.personId]
2021-11-21T23:53:22,098|[TRACE] AttributeFactory -     Determined type [name=integer, class=org.hibernate.type.IntegerType]
2021-11-21T23:53:22,098|[TRACE] AttributeFactory - Building attribute [unknown.phoneId]
2021-11-21T23:53:22,098|[TRACE] AttributeFactory - Starting attribute metadata determination [phoneId]
2021-11-21T23:53:22,098|[TRACE] AttributeFactory -     Determined member [private int bloodbank.entity.ContactPK.phoneId]
2021-11-21T23:53:22,098|[TRACE] AttributeFactory -     Determined type [name=integer, class=org.hibernate.type.IntegerType]
2021-11-21T23:53:22,098|[TRACE] AttributeFactory - Building attribute [Contact.address]
2021-11-21T23:53:22,098|[TRACE] AttributeFactory - Starting attribute metadata determination [address]
2021-11-21T23:53:22,098|[TRACE] AttributeFactory -     Determined member [private bloodbank.entity.Address bloodbank.entity.Contact.address]
2021-11-21T23:53:22,098|[TRACE] AttributeFactory -     Determined type [name=bloodbank.entity.Address, class=org.hibernate.type.ManyToOneType]
2021-11-21T23:53:22,098|[TRACE] AttributeFactory - Building attribute [Contact.contactType]
2021-11-21T23:53:22,098|[TRACE] AttributeFactory - Starting attribute metadata determination [contactType]
2021-11-21T23:53:22,098|[TRACE] AttributeFactory -     Determined member [private java.lang.String bloodbank.entity.Contact.contactType]
2021-11-21T23:53:22,098|[TRACE] AttributeFactory -     Determined type [name=string, class=org.hibernate.type.StringType]
2021-11-21T23:53:22,098|[TRACE] AttributeFactory - Building attribute [Contact.email]
2021-11-21T23:53:22,098|[TRACE] AttributeFactory - Starting attribute metadata determination [email]
2021-11-21T23:53:22,098|[TRACE] AttributeFactory -     Determined member [private java.lang.String bloodbank.entity.Contact.email]
2021-11-21T23:53:22,098|[TRACE] AttributeFactory -     Determined type [name=string, class=org.hibernate.type.StringType]
2021-11-21T23:53:22,098|[TRACE] AttributeFactory - Building attribute [Contact.owner]
2021-11-21T23:53:22,098|[TRACE] AttributeFactory - Starting attribute metadata determination [owner]
2021-11-21T23:53:22,098|[TRACE] AttributeFactory -     Determined member [private bloodbank.entity.Person bloodbank.entity.Contact.owner]
2021-11-21T23:53:22,098|[TRACE] AttributeFactory -     Determined type [name=bloodbank.entity.Person, class=org.hibernate.type.ManyToOneType]
2021-11-21T23:53:22,098|[TRACE] AttributeFactory - Building attribute [Contact.phone]
2021-11-21T23:53:22,098|[TRACE] AttributeFactory - Starting attribute metadata determination [phone]
2021-11-21T23:53:22,098|[TRACE] AttributeFactory -     Determined member [private bloodbank.entity.Phone bloodbank.entity.Contact.phone]
2021-11-21T23:53:22,098|[TRACE] AttributeFactory -     Determined type [name=bloodbank.entity.Phone, class=org.hibernate.type.ManyToOneType]
2021-11-21T23:53:22,098|[TRACE] MetadataContext - Completed entity [bloodbank.entity.Contact]
2021-11-21T23:53:22,098|[TRACE] MetadataContext - Starting mapped superclass [bloodbank.entity.PojoBase]
2021-11-21T23:53:22,098|[TRACE] AttributeFactory - Building identifier attribute [bloodbank.entity.PojoBase.id]
2021-11-21T23:53:22,113|[TRACE] AttributeFactory - Starting attribute metadata determination [id]
2021-11-21T23:53:22,113|[TRACE] AttributeFactory -     Determined member [protected int bloodbank.entity.PojoBase.id]
2021-11-21T23:53:22,113|[TRACE] AttributeFactory -     Determined type [name=integer, class=org.hibernate.type.IntegerType]
2021-11-21T23:53:22,113|[TRACE] AttributeFactory - Building version attribute [ownerType.getTypeName().property.getName()]
2021-11-21T23:53:22,113|[TRACE] AttributeFactory - Starting attribute metadata determination [version]
2021-11-21T23:53:22,113|[TRACE] AttributeFactory -     Determined member [protected int bloodbank.entity.PojoBase.version]
2021-11-21T23:53:22,113|[TRACE] AttributeFactory -     Determined type [name=integer, class=org.hibernate.type.IntegerType]
2021-11-21T23:53:22,113|[TRACE] AttributeFactory - Building attribute [bloodbank.entity.PojoBase.epochCreated]
2021-11-21T23:53:22,113|[TRACE] AttributeFactory - Starting attribute metadata determination [epochCreated]
2021-11-21T23:53:22,113|[TRACE] AttributeFactory -     Determined member [protected long bloodbank.entity.PojoBase.epochCreated]
2021-11-21T23:53:22,113|[TRACE] AttributeFactory -     Determined type [name=long, class=org.hibernate.type.LongType]
2021-11-21T23:53:22,113|[TRACE] AttributeFactory - Building attribute [bloodbank.entity.PojoBase.epochUpdated]
2021-11-21T23:53:22,113|[TRACE] AttributeFactory - Starting attribute metadata determination [epochUpdated]
2021-11-21T23:53:22,113|[TRACE] AttributeFactory -     Determined member [protected long bloodbank.entity.PojoBase.epochUpdated]
2021-11-21T23:53:22,113|[TRACE] AttributeFactory -     Determined type [name=long, class=org.hibernate.type.LongType]
2021-11-21T23:53:22,113|[TRACE] AttributeFactory - Building attribute [bloodbank.entity.PojoBase.version]
2021-11-21T23:53:22,113|[TRACE] AttributeFactory - Starting attribute metadata determination [version]
2021-11-21T23:53:22,113|[TRACE] AttributeFactory -     Determined member [protected int bloodbank.entity.PojoBase.version]
2021-11-21T23:53:22,114|[TRACE] AttributeFactory -     Determined type [name=integer, class=org.hibernate.type.IntegerType]
2021-11-21T23:53:22,114|[TRACE] MetadataContext - Completed mapped superclass [bloodbank.entity.PojoBase]
2021-11-21T23:53:22,114|[TRACE] MetadataContext - Starting entity [bloodbank.entity.Phone]
2021-11-21T23:53:22,114|[TRACE] AttributeFactory - Building attribute [Phone.areaCode]
2021-11-21T23:53:22,114|[TRACE] AttributeFactory - Starting attribute metadata determination [areaCode]
2021-11-21T23:53:22,114|[TRACE] AttributeFactory -     Determined member [private java.lang.String bloodbank.entity.Phone.areaCode]
2021-11-21T23:53:22,114|[TRACE] AttributeFactory -     Determined type [name=string, class=org.hibernate.type.StringType]
2021-11-21T23:53:22,114|[TRACE] AttributeFactory - Building attribute [Phone.contacts]
2021-11-21T23:53:22,114|[TRACE] AttributeFactory - Starting attribute metadata determination [contacts]
2021-11-21T23:53:22,114|[TRACE] AttributeFactory -     Determined member [private java.util.Set bloodbank.entity.Phone.contacts]
2021-11-21T23:53:22,114|[TRACE] AttributeFactory -     Determined type [name=java.util.Set(bloodbank.entity.Phone.contacts), class=org.hibernate.type.SetType]
2021-11-21T23:53:22,114|[TRACE] AttributeFactory - Building attribute [Phone.countryCode]
2021-11-21T23:53:22,114|[TRACE] AttributeFactory - Starting attribute metadata determination [countryCode]
2021-11-21T23:53:22,114|[TRACE] AttributeFactory -     Determined member [private java.lang.String bloodbank.entity.Phone.countryCode]
2021-11-21T23:53:22,114|[TRACE] AttributeFactory -     Determined type [name=string, class=org.hibernate.type.StringType]
2021-11-21T23:53:22,114|[TRACE] AttributeFactory - Building attribute [Phone.number]
2021-11-21T23:53:22,114|[TRACE] AttributeFactory - Starting attribute metadata determination [number]
2021-11-21T23:53:22,114|[TRACE] AttributeFactory -     Determined member [private java.lang.String bloodbank.entity.Phone.number]
2021-11-21T23:53:22,114|[TRACE] AttributeFactory -     Determined type [name=string, class=org.hibernate.type.StringType]
2021-11-21T23:53:22,114|[TRACE] MetadataContext - Completed entity [bloodbank.entity.Phone]
2021-11-21T23:53:22,114|[TRACE] MetadataContext - Starting entity [bloodbank.entity.BloodDonation]
2021-11-21T23:53:22,114|[TRACE] AttributeFactory - Building attribute [BloodDonation.bank]
2021-11-21T23:53:22,114|[TRACE] AttributeFactory - Starting attribute metadata determination [bank]
2021-11-21T23:53:22,114|[TRACE] AttributeFactory -     Determined member [private bloodbank.entity.BloodBank bloodbank.entity.BloodDonation.bank]
2021-11-21T23:53:22,114|[TRACE] AttributeFactory -     Determined type [name=bloodbank.entity.BloodBank, class=org.hibernate.type.ManyToOneType]
2021-11-21T23:53:22,114|[TRACE] AttributeFactory - Building attribute [BloodDonation.bloodType]
2021-11-21T23:53:22,114|[TRACE] AttributeFactory - Starting attribute metadata determination [bloodType]
2021-11-21T23:53:22,114|[TRACE] AttributeFactory -     Determined member [private bloodbank.entity.BloodType bloodbank.entity.BloodDonation.bloodType]
2021-11-21T23:53:22,114|[TRACE] AttributeFactory -     Determined type [name=component[bloodGroup,rhd], class=org.hibernate.type.ComponentType]
2021-11-21T23:53:22,114|[TRACE] AttributeFactory - Building attribute [unknown.bloodGroup]
2021-11-21T23:53:22,114|[TRACE] AttributeFactory - Starting attribute metadata determination [bloodGroup]
2021-11-21T23:53:22,114|[TRACE] AttributeFactory -     Determined member [private java.lang.String bloodbank.entity.BloodType.bloodGroup]
2021-11-21T23:53:22,114|[TRACE] AttributeFactory -     Determined type [name=string, class=org.hibernate.type.StringType]
2021-11-21T23:53:22,114|[TRACE] AttributeFactory - Building attribute [unknown.rhd]
2021-11-21T23:53:22,114|[TRACE] AttributeFactory - Starting attribute metadata determination [rhd]
2021-11-21T23:53:22,114|[TRACE] AttributeFactory -     Determined member [private byte bloodbank.entity.BloodType.rhd]
2021-11-21T23:53:22,114|[TRACE] AttributeFactory -     Determined type [name=byte, class=org.hibernate.type.ByteType]
2021-11-21T23:53:22,114|[TRACE] AttributeFactory - Building attribute [BloodDonation.milliliters]
2021-11-21T23:53:22,114|[TRACE] AttributeFactory - Starting attribute metadata determination [milliliters]
2021-11-21T23:53:22,114|[TRACE] AttributeFactory -     Determined member [private int bloodbank.entity.BloodDonation.milliliters]
2021-11-21T23:53:22,114|[TRACE] AttributeFactory -     Determined type [name=integer, class=org.hibernate.type.IntegerType]
2021-11-21T23:53:22,114|[TRACE] AttributeFactory - Building attribute [BloodDonation.record]
2021-11-21T23:53:22,114|[TRACE] AttributeFactory - Starting attribute metadata determination [record]
2021-11-21T23:53:22,114|[TRACE] AttributeFactory -     Determined member [private bloodbank.entity.DonationRecord bloodbank.entity.BloodDonation.record]
2021-11-21T23:53:22,114|[TRACE] AttributeFactory -     Determined type [name=bloodbank.entity.DonationRecord, class=org.hibernate.type.OneToOneType]
2021-11-21T23:53:22,114|[TRACE] MetadataContext - Completed entity [bloodbank.entity.BloodDonation]
2021-11-21T23:53:22,114|[TRACE] MetadataContext - Starting entity [bloodbank.entity.BloodBank]
2021-11-21T23:53:22,114|[TRACE] AttributeFactory - Building attribute [BloodBank.donations]
2021-11-21T23:53:22,114|[TRACE] AttributeFactory - Starting attribute metadata determination [donations]
2021-11-21T23:53:22,114|[TRACE] AttributeFactory -     Determined member [private java.util.Set bloodbank.entity.BloodBank.donations]
2021-11-21T23:53:22,114|[TRACE] AttributeFactory -     Determined type [name=java.util.Set(bloodbank.entity.BloodBank.donations), class=org.hibernate.type.SetType]
2021-11-21T23:53:22,114|[TRACE] AttributeFactory - Building attribute [BloodBank.name]
2021-11-21T23:53:22,114|[TRACE] AttributeFactory - Starting attribute metadata determination [name]
2021-11-21T23:53:22,114|[TRACE] AttributeFactory -     Determined member [private java.lang.String bloodbank.entity.BloodBank.name]
2021-11-21T23:53:22,114|[TRACE] AttributeFactory -     Determined type [name=string, class=org.hibernate.type.StringType]
2021-11-21T23:53:22,114|[TRACE] MetadataContext - Completed entity [bloodbank.entity.BloodBank]
2021-11-21T23:53:22,114|[TRACE] MetadataContext - Starting entity [bloodbank.entity.PrivateBloodBank]
2021-11-21T23:53:22,114|[TRACE] MetadataContext - Completed entity [bloodbank.entity.PrivateBloodBank]
2021-11-21T23:53:22,114|[TRACE] MetadataContext - Starting entity [bloodbank.entity.DonationRecord]
2021-11-21T23:53:22,114|[TRACE] AttributeFactory - Building attribute [DonationRecord.donation]
2021-11-21T23:53:22,114|[TRACE] AttributeFactory - Starting attribute metadata determination [donation]
2021-11-21T23:53:22,114|[TRACE] AttributeFactory -     Determined member [private bloodbank.entity.BloodDonation bloodbank.entity.DonationRecord.donation]
2021-11-21T23:53:22,114|[TRACE] AttributeFactory -     Determined type [name=bloodbank.entity.BloodDonation, class=org.hibernate.type.ManyToOneType]
2021-11-21T23:53:22,114|[TRACE] AttributeFactory - Building attribute [DonationRecord.owner]
2021-11-21T23:53:22,114|[TRACE] AttributeFactory - Starting attribute metadata determination [owner]
2021-11-21T23:53:22,114|[TRACE] AttributeFactory -     Determined member [private bloodbank.entity.Person bloodbank.entity.DonationRecord.owner]
2021-11-21T23:53:22,114|[TRACE] AttributeFactory -     Determined type [name=bloodbank.entity.Person, class=org.hibernate.type.ManyToOneType]
2021-11-21T23:53:22,114|[TRACE] AttributeFactory - Building attribute [DonationRecord.tested]
2021-11-21T23:53:22,114|[TRACE] AttributeFactory - Starting attribute metadata determination [tested]
2021-11-21T23:53:22,114|[TRACE] AttributeFactory -     Determined member [private byte bloodbank.entity.DonationRecord.tested]
2021-11-21T23:53:22,114|[TRACE] AttributeFactory -     Determined type [name=byte, class=org.hibernate.type.ByteType]
2021-11-21T23:53:22,114|[TRACE] MetadataContext - Completed entity [bloodbank.entity.DonationRecord]
2021-11-21T23:53:22,114|[TRACE] MetadataContext - Starting entity [bloodbank.entity.Address]
2021-11-21T23:53:22,114|[TRACE] AttributeFactory - Building attribute [Address.city]
2021-11-21T23:53:22,114|[TRACE] AttributeFactory - Starting attribute metadata determination [city]
2021-11-21T23:53:22,114|[TRACE] AttributeFactory -     Determined member [private java.lang.String bloodbank.entity.Address.city]
2021-11-21T23:53:22,114|[TRACE] AttributeFactory -     Determined type [name=string, class=org.hibernate.type.StringType]
2021-11-21T23:53:22,114|[TRACE] AttributeFactory - Building attribute [Address.contacts]
2021-11-21T23:53:22,114|[TRACE] AttributeFactory - Starting attribute metadata determination [contacts]
2021-11-21T23:53:22,114|[TRACE] AttributeFactory -     Determined member [private java.util.Set bloodbank.entity.Address.contacts]
2021-11-21T23:53:22,114|[TRACE] AttributeFactory -     Determined type [name=java.util.Set(bloodbank.entity.Address.contacts), class=org.hibernate.type.SetType]
2021-11-21T23:53:22,114|[TRACE] AttributeFactory - Building attribute [Address.country]
2021-11-21T23:53:22,114|[TRACE] AttributeFactory - Starting attribute metadata determination [country]
2021-11-21T23:53:22,114|[TRACE] AttributeFactory -     Determined member [private java.lang.String bloodbank.entity.Address.country]
2021-11-21T23:53:22,114|[TRACE] AttributeFactory -     Determined type [name=string, class=org.hibernate.type.StringType]
2021-11-21T23:53:22,114|[TRACE] AttributeFactory - Building attribute [Address.province]
2021-11-21T23:53:22,114|[TRACE] AttributeFactory - Starting attribute metadata determination [province]
2021-11-21T23:53:22,114|[TRACE] AttributeFactory -     Determined member [private java.lang.String bloodbank.entity.Address.province]
2021-11-21T23:53:22,114|[TRACE] AttributeFactory -     Determined type [name=string, class=org.hibernate.type.StringType]
2021-11-21T23:53:22,114|[TRACE] AttributeFactory - Building attribute [Address.street]
2021-11-21T23:53:22,114|[TRACE] AttributeFactory - Starting attribute metadata determination [street]
2021-11-21T23:53:22,114|[TRACE] AttributeFactory -     Determined member [private java.lang.String bloodbank.entity.Address.street]
2021-11-21T23:53:22,114|[TRACE] AttributeFactory -     Determined type [name=string, class=org.hibernate.type.StringType]
2021-11-21T23:53:22,114|[TRACE] AttributeFactory - Building attribute [Address.streetNumber]
2021-11-21T23:53:22,114|[TRACE] AttributeFactory - Starting attribute metadata determination [streetNumber]
2021-11-21T23:53:22,114|[TRACE] AttributeFactory -     Determined member [private java.lang.String bloodbank.entity.Address.streetNumber]
2021-11-21T23:53:22,114|[TRACE] AttributeFactory -     Determined type [name=string, class=org.hibernate.type.StringType]
2021-11-21T23:53:22,114|[TRACE] AttributeFactory - Building attribute [Address.zipcode]
2021-11-21T23:53:22,114|[TRACE] AttributeFactory - Starting attribute metadata determination [zipcode]
2021-11-21T23:53:22,114|[TRACE] AttributeFactory -     Determined member [private java.lang.String bloodbank.entity.Address.zipcode]
2021-11-21T23:53:22,114|[TRACE] AttributeFactory -     Determined type [name=string, class=org.hibernate.type.StringType]
2021-11-21T23:53:22,114|[TRACE] MetadataContext - Completed entity [bloodbank.entity.Address]
2021-11-21T23:53:22,114|[TRACE] MetadataContext - Starting entity [bloodbank.entity.Person]
2021-11-21T23:53:22,114|[TRACE] AttributeFactory - Building attribute [Person.contacts]
2021-11-21T23:53:22,114|[TRACE] AttributeFactory - Starting attribute metadata determination [contacts]
2021-11-21T23:53:22,114|[TRACE] AttributeFactory -     Determined member [private java.util.Set bloodbank.entity.Person.contacts]
2021-11-21T23:53:22,115|[TRACE] AttributeFactory -     Determined type [name=java.util.Set(bloodbank.entity.Person.contacts), class=org.hibernate.type.SetType]
2021-11-21T23:53:22,115|[TRACE] AttributeFactory - Building attribute [Person.donations]
2021-11-21T23:53:22,115|[TRACE] AttributeFactory - Starting attribute metadata determination [donations]
2021-11-21T23:53:22,115|[TRACE] AttributeFactory -     Determined member [private java.util.Set bloodbank.entity.Person.donations]
2021-11-21T23:53:22,115|[TRACE] AttributeFactory -     Determined type [name=java.util.Set(bloodbank.entity.Person.donations), class=org.hibernate.type.SetType]
2021-11-21T23:53:22,115|[TRACE] AttributeFactory - Building attribute [Person.firstName]
2021-11-21T23:53:22,115|[TRACE] AttributeFactory - Starting attribute metadata determination [firstName]
2021-11-21T23:53:22,115|[TRACE] AttributeFactory -     Determined member [private java.lang.String bloodbank.entity.Person.firstName]
2021-11-21T23:53:22,115|[TRACE] AttributeFactory -     Determined type [name=string, class=org.hibernate.type.StringType]
2021-11-21T23:53:22,115|[TRACE] AttributeFactory - Building attribute [Person.lastName]
2021-11-21T23:53:22,115|[TRACE] AttributeFactory - Starting attribute metadata determination [lastName]
2021-11-21T23:53:22,115|[TRACE] AttributeFactory -     Determined member [private java.lang.String bloodbank.entity.Person.lastName]
2021-11-21T23:53:22,115|[TRACE] AttributeFactory -     Determined type [name=string, class=org.hibernate.type.StringType]
2021-11-21T23:53:22,115|[TRACE] MetadataContext - Completed entity [bloodbank.entity.Person]
2021-11-21T23:53:22,115|[TRACE] MetadataContext - Starting entity [bloodbank.entity.PublicBloodBank]
2021-11-21T23:53:22,115|[TRACE] MetadataContext - Completed entity [bloodbank.entity.PublicBloodBank]
2021-11-21T23:53:22,115|[TRACE] AbstractServiceRegistryImpl - Initializing service [role=org.hibernate.tool.schema.spi.SchemaManagementTool]
2021-11-21T23:53:22,115|[DEBUG] Helper - Attempting to resolve script source setting : META-INF/sql/bloodbank-drop.sql
2021-11-21T23:53:22,115|[TRACE] Helper - Trying as URL...
2021-11-21T23:53:22,115|[TRACE] AbstractServiceRegistryImpl - Initializing service [role=org.hibernate.tool.hbm2ddl.ImportSqlCommandExtractor]
2021-11-21T23:53:22,115|[INFO ] SchemaCreatorImpl - HHH000476: Executing import script 'file:/C:/Users/Herman/Desktop/School/Level%204/Jave%20Enterprise%20Application/Assignment_3/BloodBank-JPA-Mapping-JUnit-Skeleton/target/classes/META-INF/sql/bloodbank-drop.sql'
2021-11-21T23:53:22,116|[TRACE] graph - -> script
2021-11-21T23:53:22,116|[TRACE] graph - ---> blankSpacesToSkip
2021-11-21T23:53:22,116|[TRACE] graph - <--- blankSpacesToSkip
2021-11-21T23:53:22,116|[TRACE] graph - ---> statement
2021-11-21T23:53:22,116|[TRACE] graph - -----> statementFirstPart
2021-11-21T23:53:22,116|[TRACE] graph - -------> nonSkippedChar
2021-11-21T23:53:22,116|[TRACE] script - #out(`D`) [token]
2021-11-21T23:53:22,116|[TRACE] graph - <------- nonSkippedChar
2021-11-21T23:53:22,116|[TRACE] graph - <----- statementFirstPart
2021-11-21T23:53:22,116|[TRACE] graph - -----> statementPart
2021-11-21T23:53:22,116|[TRACE] graph - -------> nonSkippedChar
2021-11-21T23:53:22,116|[TRACE] script - #out(`R`) [token]
2021-11-21T23:53:22,116|[TRACE] graph - <------- nonSkippedChar
2021-11-21T23:53:22,116|[TRACE] graph - <----- statementPart
2021-11-21T23:53:22,116|[TRACE] graph - -----> statementPart
2021-11-21T23:53:22,116|[TRACE] graph - -------> nonSkippedChar
2021-11-21T23:53:22,116|[TRACE] script - #out(`O`) [token]
2021-11-21T23:53:22,116|[TRACE] graph - <------- nonSkippedChar
2021-11-21T23:53:22,116|[TRACE] graph - <----- statementPart
2021-11-21T23:53:22,116|[TRACE] graph - -----> statementPart
2021-11-21T23:53:22,116|[TRACE] graph - -------> nonSkippedChar
2021-11-21T23:53:22,116|[TRACE] script - #out(`P`) [token]
2021-11-21T23:53:22,116|[TRACE] graph - <------- nonSkippedChar
2021-11-21T23:53:22,116|[TRACE] graph - <----- statementPart
2021-11-21T23:53:22,116|[TRACE] graph - -----> statementPart
2021-11-21T23:53:22,116|[TRACE] graph - -------> nonSkippedSpace
2021-11-21T23:53:22,116|[TRACE] script - #out(` `) [token]
2021-11-21T23:53:22,116|[TRACE] graph - <------- nonSkippedSpace
2021-11-21T23:53:22,116|[TRACE] graph - <----- statementPart
2021-11-21T23:53:22,116|[TRACE] graph - -----> statementPart
2021-11-21T23:53:22,116|[TRACE] graph - -------> nonSkippedChar
2021-11-21T23:53:22,116|[TRACE] script - #out(`S`) [token]
2021-11-21T23:53:22,116|[TRACE] graph - <------- nonSkippedChar
2021-11-21T23:53:22,116|[TRACE] graph - <----- statementPart
2021-11-21T23:53:22,116|[TRACE] graph - -----> statementPart
2021-11-21T23:53:22,116|[TRACE] graph - -------> nonSkippedChar
2021-11-21T23:53:22,116|[TRACE] script - #out(`C`) [token]
2021-11-21T23:53:22,116|[TRACE] graph - <------- nonSkippedChar
2021-11-21T23:53:22,116|[TRACE] graph - <----- statementPart
2021-11-21T23:53:22,116|[TRACE] graph - -----> statementPart
2021-11-21T23:53:22,116|[TRACE] graph - -------> nonSkippedChar
2021-11-21T23:53:22,116|[TRACE] script - #out(`H`) [token]
2021-11-21T23:53:22,116|[TRACE] graph - <------- nonSkippedChar
2021-11-21T23:53:22,116|[TRACE] graph - <----- statementPart
2021-11-21T23:53:22,116|[TRACE] graph - -----> statementPart
2021-11-21T23:53:22,116|[TRACE] graph - -------> nonSkippedChar
2021-11-21T23:53:22,116|[TRACE] script - #out(`E`) [token]
2021-11-21T23:53:22,116|[TRACE] graph - <------- nonSkippedChar
2021-11-21T23:53:22,116|[TRACE] graph - <----- statementPart
2021-11-21T23:53:22,116|[TRACE] graph - -----> statementPart
2021-11-21T23:53:22,116|[TRACE] graph - -------> nonSkippedChar
2021-11-21T23:53:22,116|[TRACE] script - #out(`M`) [token]
2021-11-21T23:53:22,116|[TRACE] graph - <------- nonSkippedChar
2021-11-21T23:53:22,116|[TRACE] graph - <----- statementPart
2021-11-21T23:53:22,116|[TRACE] graph - -----> statementPart
2021-11-21T23:53:22,116|[TRACE] graph - -------> nonSkippedChar
2021-11-21T23:53:22,116|[TRACE] script - #out(`A`) [token]
2021-11-21T23:53:22,116|[TRACE] graph - <------- nonSkippedChar
2021-11-21T23:53:22,116|[TRACE] graph - <----- statementPart
2021-11-21T23:53:22,116|[TRACE] graph - -----> statementPart
2021-11-21T23:53:22,116|[TRACE] graph - -------> nonSkippedSpace
2021-11-21T23:53:22,116|[TRACE] script - #out(` `) [token]
2021-11-21T23:53:22,116|[TRACE] graph - <------- nonSkippedSpace
2021-11-21T23:53:22,116|[TRACE] graph - <----- statementPart
2021-11-21T23:53:22,116|[TRACE] graph - -----> statementPart
2021-11-21T23:53:22,116|[TRACE] graph - -------> nonSkippedChar
2021-11-21T23:53:22,116|[TRACE] script - #out(`I`) [token]
2021-11-21T23:53:22,116|[TRACE] graph - <------- nonSkippedChar
2021-11-21T23:53:22,116|[TRACE] graph - <----- statementPart
2021-11-21T23:53:22,116|[TRACE] graph - -----> statementPart
2021-11-21T23:53:22,116|[TRACE] graph - -------> nonSkippedChar
2021-11-21T23:53:22,116|[TRACE] script - #out(`F`) [token]
2021-11-21T23:53:22,116|[TRACE] graph - <------- nonSkippedChar
2021-11-21T23:53:22,116|[TRACE] graph - <----- statementPart
2021-11-21T23:53:22,116|[TRACE] graph - -----> statementPart
2021-11-21T23:53:22,116|[TRACE] graph - -------> nonSkippedSpace
2021-11-21T23:53:22,116|[TRACE] script - #out(` `) [token]
2021-11-21T23:53:22,116|[TRACE] graph - <------- nonSkippedSpace
2021-11-21T23:53:22,116|[TRACE] graph - <----- statementPart
2021-11-21T23:53:22,116|[TRACE] graph - -----> statementPart
2021-11-21T23:53:22,116|[TRACE] graph - -------> nonSkippedChar
2021-11-21T23:53:22,116|[TRACE] script - #out(`E`) [token]
2021-11-21T23:53:22,116|[TRACE] graph - <------- nonSkippedChar
2021-11-21T23:53:22,116|[TRACE] graph - <----- statementPart
2021-11-21T23:53:22,116|[TRACE] graph - -----> statementPart
2021-11-21T23:53:22,116|[TRACE] graph - -------> nonSkippedChar
2021-11-21T23:53:22,116|[TRACE] script - #out(`X`) [token]
2021-11-21T23:53:22,116|[TRACE] graph - <------- nonSkippedChar
2021-11-21T23:53:22,116|[TRACE] graph - <----- statementPart
2021-11-21T23:53:22,116|[TRACE] graph - -----> statementPart
2021-11-21T23:53:22,116|[TRACE] graph - -------> nonSkippedChar
2021-11-21T23:53:22,116|[TRACE] script - #out(`I`) [token]
2021-11-21T23:53:22,116|[TRACE] graph - <------- nonSkippedChar
2021-11-21T23:53:22,116|[TRACE] graph - <----- statementPart
2021-11-21T23:53:22,116|[TRACE] graph - -----> statementPart
2021-11-21T23:53:22,116|[TRACE] graph - -------> nonSkippedChar
2021-11-21T23:53:22,116|[TRACE] script - #out(`S`) [token]
2021-11-21T23:53:22,116|[TRACE] graph - <------- nonSkippedChar
2021-11-21T23:53:22,116|[TRACE] graph - <----- statementPart
2021-11-21T23:53:22,116|[TRACE] graph - -----> statementPart
2021-11-21T23:53:22,116|[TRACE] graph - -------> nonSkippedChar
2021-11-21T23:53:22,116|[TRACE] script - #out(`T`) [token]
2021-11-21T23:53:22,116|[TRACE] graph - <------- nonSkippedChar
2021-11-21T23:53:22,116|[TRACE] graph - <----- statementPart
2021-11-21T23:53:22,116|[TRACE] graph - -----> statementPart
2021-11-21T23:53:22,116|[TRACE] graph - -------> nonSkippedChar
2021-11-21T23:53:22,116|[TRACE] script - #out(`S`) [token]
2021-11-21T23:53:22,116|[TRACE] graph - <------- nonSkippedChar
2021-11-21T23:53:22,116|[TRACE] graph - <----- statementPart
2021-11-21T23:53:22,116|[TRACE] graph - -----> statementPart
2021-11-21T23:53:22,116|[TRACE] graph - -------> nonSkippedSpace
2021-11-21T23:53:22,116|[TRACE] script - #out(` `) [token]
2021-11-21T23:53:22,116|[TRACE] graph - <------- nonSkippedSpace
2021-11-21T23:53:22,116|[TRACE] graph - <----- statementPart
2021-11-21T23:53:22,116|[TRACE] graph - -----> statementPart
2021-11-21T23:53:22,116|[TRACE] graph - -------> nonSkippedChar
2021-11-21T23:53:22,116|[TRACE] script - #out(`b`) [token]
2021-11-21T23:53:22,116|[TRACE] graph - <------- nonSkippedChar
2021-11-21T23:53:22,116|[TRACE] graph - <----- statementPart
2021-11-21T23:53:22,116|[TRACE] graph - -----> statementPart
2021-11-21T23:53:22,116|[TRACE] graph - -------> nonSkippedChar
2021-11-21T23:53:22,116|[TRACE] script - #out(`l`) [token]
2021-11-21T23:53:22,116|[TRACE] graph - <------- nonSkippedChar
2021-11-21T23:53:22,116|[TRACE] graph - <----- statementPart
2021-11-21T23:53:22,116|[TRACE] graph - -----> statementPart
2021-11-21T23:53:22,116|[TRACE] graph - -------> nonSkippedChar
2021-11-21T23:53:22,116|[TRACE] script - #out(`o`) [token]
2021-11-21T23:53:22,116|[TRACE] graph - <------- nonSkippedChar
2021-11-21T23:53:22,116|[TRACE] graph - <----- statementPart
2021-11-21T23:53:22,116|[TRACE] graph - -----> statementPart
2021-11-21T23:53:22,116|[TRACE] graph - -------> nonSkippedChar
2021-11-21T23:53:22,116|[TRACE] script - #out(`o`) [token]
2021-11-21T23:53:22,116|[TRACE] graph - <------- nonSkippedChar
2021-11-21T23:53:22,116|[TRACE] graph - <----- statementPart
2021-11-21T23:53:22,116|[TRACE] graph - -----> statementPart
2021-11-21T23:53:22,116|[TRACE] graph - -------> nonSkippedChar
2021-11-21T23:53:22,116|[TRACE] script - #out(`d`) [token]
2021-11-21T23:53:22,116|[TRACE] graph - <------- nonSkippedChar
2021-11-21T23:53:22,116|[TRACE] graph - <----- statementPart
2021-11-21T23:53:22,116|[TRACE] graph - -----> statementPart
2021-11-21T23:53:22,116|[TRACE] graph - -------> nonSkippedChar
2021-11-21T23:53:22,116|[TRACE] script - #out(`b`) [token]
2021-11-21T23:53:22,116|[TRACE] graph - <------- nonSkippedChar
2021-11-21T23:53:22,116|[TRACE] graph - <----- statementPart
2021-11-21T23:53:22,116|[TRACE] graph - -----> statementPart
2021-11-21T23:53:22,116|[TRACE] graph - -------> nonSkippedChar
2021-11-21T23:53:22,116|[TRACE] script - #out(`a`) [token]
2021-11-21T23:53:22,116|[TRACE] graph - <------- nonSkippedChar
2021-11-21T23:53:22,116|[TRACE] graph - <----- statementPart
2021-11-21T23:53:22,116|[TRACE] graph - -----> statementPart
2021-11-21T23:53:22,116|[TRACE] graph - -------> nonSkippedChar
2021-11-21T23:53:22,116|[TRACE] script - #out(`n`) [token]
2021-11-21T23:53:22,116|[TRACE] graph - <------- nonSkippedChar
2021-11-21T23:53:22,116|[TRACE] graph - <----- statementPart
2021-11-21T23:53:22,116|[TRACE] graph - -----> statementPart
2021-11-21T23:53:22,116|[TRACE] graph - -------> nonSkippedChar
2021-11-21T23:53:22,116|[TRACE] script - #out(`k`) [token]
2021-11-21T23:53:22,116|[TRACE] graph - <------- nonSkippedChar
2021-11-21T23:53:22,116|[TRACE] graph - <----- statementPart
2021-11-21T23:53:22,116|[DEBUG] graph - Import statement : DROP SCHEMA IF EXISTS bloodbank
2021-11-21T23:53:22,116|[TRACE] graph - <--- statement
2021-11-21T23:53:22,116|[TRACE] graph - ---> blankSpacesToSkip
2021-11-21T23:53:22,116|[TRACE] graph - -----> newLineToSkip
2021-11-21T23:53:22,116|[TRACE] graph - <----- newLineToSkip
2021-11-21T23:53:22,116|[TRACE] graph - <--- blankSpacesToSkip
2021-11-21T23:53:22,116|[TRACE] graph - <- script
2021-11-21T23:53:22,116|[DEBUG] SQL - 
    
    DROP SCHEMA IF EXISTS bloodbank
2021-11-21T23:53:22,117|[INFO ] access - HHH10001501: Connection obtained from JdbcConnectionAccess [org.hibernate.engine.jdbc.env.internal.JdbcEnvironmentInitiator$ConnectionProviderJdbcConnectionAccess@d65e744] for (non-JTA) DDL execution was not in auto-commit mode; the Connection 'local transaction' will be committed and the Connection will be set into auto-commit mode.
2021-11-21T23:53:22,183|[DEBUG] Helper - Attempting to resolve script source setting : META-INF/sql/bloodbank-create.sql
2021-11-21T23:53:22,183|[TRACE] Helper - Trying as URL...
2021-11-21T23:53:22,183|[INFO ] SchemaCreatorImpl - HHH000476: Executing import script 'file:/C:/Users/Herman/Desktop/School/Level%204/Jave%20Enterprise%20Application/Assignment_3/BloodBank-JPA-Mapping-JUnit-Skeleton/target/classes/META-INF/sql/bloodbank-create.sql'
2021-11-21T23:53:22,183|[TRACE] graph - -> script
2021-11-21T23:53:22,183|[TRACE] graph - ---> blankSpacesToSkip
2021-11-21T23:53:22,183|[TRACE] graph - -----> newLineToSkip
2021-11-21T23:53:22,183|[TRACE] graph - <----- newLineToSkip
2021-11-21T23:53:22,183|[TRACE] graph - -----> newLineToSkip
2021-11-21T23:53:22,183|[TRACE] graph - <----- newLineToSkip
2021-11-21T23:53:22,183|[TRACE] graph - <--- blankSpacesToSkip
2021-11-21T23:53:22,183|[TRACE] graph - ---> statement
2021-11-21T23:53:22,183|[TRACE] graph - -----> statementFirstPart
2021-11-21T23:53:22,183|[TRACE] graph - -------> nonSkippedChar
2021-11-21T23:53:22,183|[TRACE] script - #out(`S`) [token]
2021-11-21T23:53:22,183|[TRACE] graph - <------- nonSkippedChar
2021-11-21T23:53:22,183|[TRACE] graph - <----- statementFirstPart
2021-11-21T23:53:22,183|[TRACE] graph - -----> statementPart
2021-11-21T23:53:22,183|[TRACE] graph - -------> nonSkippedChar
2021-11-21T23:53:22,183|[TRACE] script - #out(`E`) [token]
2021-11-21T23:53:22,183|[TRACE] graph - <------- nonSkippedChar
2021-11-21T23:53:22,183|[TRACE] graph - <----- statementPart
2021-11-21T23:53:22,183|[TRACE] graph - -----> statementPart
2021-11-21T23:53:22,183|[TRACE] graph - -------> nonSkippedChar
2021-11-21T23:53:22,183|[TRACE] script - #out(`T`) [token]
2021-11-21T23:53:22,184|[TRACE] graph - <------- nonSkippedChar
2021-11-21T23:53:22,184|[TRACE] graph - <----- statementPart
2021-11-21T23:53:22,184|[TRACE] graph - -----> statementPart
2021-11-21T23:53:22,184|[TRACE] graph - -------> nonSkippedSpace
2021-11-21T23:53:22,184|[TRACE] script - #out(` `) [token]
2021-11-21T23:53:22,184|[TRACE] graph - <------- nonSkippedSpace
2021-11-21T23:53:22,184|[TRACE] graph - <----- statementPart
2021-11-21T23:53:22,184|[TRACE] graph - -----> statementPart
2021-11-21T23:53:22,184|[TRACE] graph - -------> nonSkippedChar
2021-11-21T23:53:22,184|[TRACE] script - #out(`@`) [token]
2021-11-21T23:53:22,184|[TRACE] graph - <------- nonSkippedChar
2021-11-21T23:53:22,184|[TRACE] graph - <----- statementPart
2021-11-21T23:53:22,184|[TRACE] graph - -----> statementPart
2021-11-21T23:53:22,184|[TRACE] graph - -------> nonSkippedChar
2021-11-21T23:53:22,184|[TRACE] script - #out(`O`) [token]
2021-11-21T23:53:22,184|[TRACE] graph - <------- nonSkippedChar
2021-11-21T23:53:22,184|[TRACE] graph - <----- statementPart
2021-11-21T23:53:22,184|[TRACE] graph - -----> statementPart
2021-11-21T23:53:22,184|[TRACE] graph - -------> nonSkippedChar
2021-11-21T23:53:22,184|[TRACE] script - #out(`L`) [token]
2021-11-21T23:53:22,184|[TRACE] graph - <------- nonSkippedChar
2021-11-21T23:53:22,184|[TRACE] graph - <----- statementPart
2021-11-21T23:53:22,184|[TRACE] graph - -----> statementPart
2021-11-21T23:53:22,184|[TRACE] graph - -------> nonSkippedChar
2021-11-21T23:53:22,184|[TRACE] script - #out(`D`) [token]
2021-11-21T23:53:22,184|[TRACE] graph - <------- nonSkippedChar
2021-11-21T23:53:22,184|[TRACE] graph - <----- statementPart
2021-11-21T23:53:22,184|[TRACE] graph - -----> statementPart
2021-11-21T23:53:22,184|[TRACE] graph - -------> nonSkippedChar
2021-11-21T23:53:22,184|[TRACE] script - #out(`_`) [token]
2021-11-21T23:53:22,184|[TRACE] graph - <------- nonSkippedChar
2021-11-21T23:53:22,184|[TRACE] graph - <----- statementPart
2021-11-21T23:53:22,184|[TRACE] graph - -----> statementPart
2021-11-21T23:53:22,184|[TRACE] graph - -------> nonSkippedChar
2021-11-21T23:53:22,184|[TRACE] script - #out(`U`) [token]
2021-11-21T23:53:22,184|[TRACE] graph - <------- nonSkippedChar
2021-11-21T23:53:22,184|[TRACE] graph - <----- statementPart
2021-11-21T23:53:22,184|[TRACE] graph - -----> statementPart
2021-11-21T23:53:22,184|[TRACE] graph - -------> nonSkippedChar
2021-11-21T23:53:22,184|[TRACE] script - #out(`N`) [token]
2021-11-21T23:53:22,184|[TRACE] graph - <------- nonSkippedChar
2021-11-21T23:53:22,184|[TRACE] graph - <----- statementPart
2021-11-21T23:53:22,184|[TRACE] graph - -----> statementPart
2021-11-21T23:53:22,184|[TRACE] graph - -------> nonSkippedChar
2021-11-21T23:53:22,184|[TRACE] script - #out(`I`) [token]
2021-11-21T23:53:22,184|[TRACE] graph - <------- nonSkippedChar
2021-11-21T23:53:22,184|[TRACE] graph - <----- statementPart
2021-11-21T23:53:22,184|[TRACE] graph - -----> statementPart
2021-11-21T23:53:22,184|[TRACE] graph - -------> nonSkippedChar
2021-11-21T23:53:22,184|[TRACE] script - #out(`Q`) [token]
2021-11-21T23:53:22,184|[TRACE] graph - <------- nonSkippedChar
2021-11-21T23:53:22,184|[TRACE] graph - <----- statementPart
2021-11-21T23:53:22,184|[TRACE] graph - -----> statementPart
2021-11-21T23:53:22,184|[TRACE] graph - -------> nonSkippedChar
2021-11-21T23:53:22,184|[TRACE] script - #out(`U`) [token]
2021-11-21T23:53:22,184|[TRACE] graph - <------- nonSkippedChar
2021-11-21T23:53:22,184|[TRACE] graph - <----- statementPart
2021-11-21T23:53:22,184|[TRACE] graph - -----> statementPart
2021-11-21T23:53:22,184|[TRACE] graph - -------> nonSkippedChar
2021-11-21T23:53:22,184|[TRACE] script - #out(`E`) [token]
2021-11-21T23:53:22,184|[TRACE] graph - <------- nonSkippedChar
2021-11-21T23:53:22,184|[TRACE] graph - <----- statementPart
2021-11-21T23:53:22,184|[TRACE] graph - -----> statementPart
2021-11-21T23:53:22,184|[TRACE] graph - -------> nonSkippedChar
2021-11-21T23:53:22,184|[TRACE] script - #out(`_`) [token]
2021-11-21T23:53:22,184|[TRACE] graph - <------- nonSkippedChar
2021-11-21T23:53:22,184|[TRACE] graph - <----- statementPart
2021-11-21T23:53:22,184|[TRACE] graph - -----> statementPart
2021-11-21T23:53:22,184|[TRACE] graph - -------> nonSkippedChar
2021-11-21T23:53:22,184|[TRACE] script - #out(`C`) [token]
2021-11-21T23:53:22,184|[TRACE] graph - <------- nonSkippedChar
2021-11-21T23:53:22,184|[TRACE] graph - <----- statementPart
2021-11-21T23:53:22,184|[TRACE] graph - -----> statementPart
2021-11-21T23:53:22,184|[TRACE] graph - -------> nonSkippedChar
2021-11-21T23:53:22,184|[TRACE] script - #out(`H`) [token]
2021-11-21T23:53:22,184|[TRACE] graph - <------- nonSkippedChar
2021-11-21T23:53:22,184|[TRACE] graph - <----- statementPart
2021-11-21T23:53:22,184|[TRACE] graph - -----> statementPart
2021-11-21T23:53:22,184|[TRACE] graph - -------> nonSkippedChar
2021-11-21T23:53:22,184|[TRACE] script - #out(`E`) [token]
2021-11-21T23:53:22,184|[TRACE] graph - <------- nonSkippedChar
2021-11-21T23:53:22,184|[TRACE] graph - <----- statementPart
2021-11-21T23:53:22,184|[TRACE] graph - -----> statementPart
2021-11-21T23:53:22,184|[TRACE] graph - -------> nonSkippedChar
2021-11-21T23:53:22,184|[TRACE] script - #out(`C`) [token]
2021-11-21T23:53:22,184|[TRACE] graph - <------- nonSkippedChar
2021-11-21T23:53:22,184|[TRACE] graph - <----- statementPart
2021-11-21T23:53:22,184|[TRACE] graph - -----> statementPart
2021-11-21T23:53:22,184|[TRACE] graph - -------> nonSkippedChar
2021-11-21T23:53:22,184|[TRACE] script - #out(`K`) [token]
2021-11-21T23:53:22,184|[TRACE] graph - <------- nonSkippedChar
2021-11-21T23:53:22,184|[TRACE] graph - <----- statementPart
2021-11-21T23:53:22,184|[TRACE] graph - -----> statementPart
2021-11-21T23:53:22,184|[TRACE] graph - -------> nonSkippedChar
2021-11-21T23:53:22,184|[TRACE] script - #out(`S`) [token]
2021-11-21T23:53:22,184|[TRACE] graph - <------- nonSkippedChar
2021-11-21T23:53:22,184|[TRACE] graph - <----- statementPart
2021-11-21T23:53:22,184|[TRACE] graph - -----> statementPart
2021-11-21T23:53:22,184|[TRACE] graph - -------> nonSkippedChar
2021-11-21T23:53:22,184|[TRACE] script - #out(`=`) [token]
2021-11-21T23:53:22,184|[TRACE] graph - <------- nonSkippedChar
2021-11-21T23:53:22,184|[TRACE] graph - <----- statementPart
2021-11-21T23:53:22,184|[TRACE] graph - -----> statementPart
2021-11-21T23:53:22,184|[TRACE] graph - -------> nonSkippedChar
2021-11-21T23:53:22,184|[TRACE] script - #out(`@`) [token]
2021-11-21T23:53:22,184|[TRACE] graph - <------- nonSkippedChar
2021-11-21T23:53:22,184|[TRACE] graph - <----- statementPart
2021-11-21T23:53:22,184|[TRACE] graph - -----> statementPart
2021-11-21T23:53:22,184|[TRACE] graph - -------> nonSkippedChar
2021-11-21T23:53:22,184|[TRACE] script - #out(`@`) [token]
2021-11-21T23:53:22,184|[TRACE] graph - <------- nonSkippedChar
2021-11-21T23:53:22,184|[TRACE] graph - <----- statementPart
2021-11-21T23:53:22,184|[TRACE] graph - -----> statementPart
2021-11-21T23:53:22,184|[TRACE] graph - -------> nonSkippedChar
2021-11-21T23:53:22,184|[TRACE] script - #out(`U`) [token]
2021-11-21T23:53:22,184|[TRACE] graph - <------- nonSkippedChar
2021-11-21T23:53:22,184|[TRACE] graph - <----- statementPart
2021-11-21T23:53:22,184|[TRACE] graph - -----> statementPart
2021-11-21T23:53:22,184|[TRACE] graph - -------> nonSkippedChar
2021-11-21T23:53:22,184|[TRACE] script - #out(`N`) [token]
2021-11-21T23:53:22,184|[TRACE] graph - <------- nonSkippedChar
2021-11-21T23:53:22,184|[TRACE] graph - <----- statementPart
2021-11-21T23:53:22,184|[TRACE] graph - -----> statementPart
2021-11-21T23:53:22,184|[TRACE] graph - -------> nonSkippedChar
2021-11-21T23:53:22,184|[TRACE] script - #out(`I`) [token]
2021-11-21T23:53:22,184|[TRACE] graph - <------- nonSkippedChar
2021-11-21T23:53:22,184|[TRACE] graph - <----- statementPart
2021-11-21T23:53:22,184|[TRACE] graph - -----> statementPart
2021-11-21T23:53:22,184|[TRACE] graph - -------> nonSkippedChar
2021-11-21T23:53:22,184|[TRACE] script - #out(`Q`) [token]
2021-11-21T23:53:22,184|[TRACE] graph - <------- nonSkippedChar
2021-11-21T23:53:22,184|[TRACE] graph - <----- statementPart
2021-11-21T23:53:22,184|[TRACE] graph - -----> statementPart
2021-11-21T23:53:22,184|[TRACE] graph - -------> nonSkippedChar
2021-11-21T23:53:22,184|[TRACE] script - #out(`U`) [token]
2021-11-21T23:53:22,184|[TRACE] graph - <------- nonSkippedChar
2021-11-21T23:53:22,184|[TRACE] graph - <----- statementPart
2021-11-21T23:53:22,184|[TRACE] graph - -----> statementPart
2021-11-21T23:53:22,184|[TRACE] graph - -------> nonSkippedChar
2021-11-21T23:53:22,184|[TRACE] script - #out(`E`) [token]
2021-11-21T23:53:22,184|[TRACE] graph - <------- nonSkippedChar
2021-11-21T23:53:22,184|[TRACE] graph - <----- statementPart
2021-11-21T23:53:22,184|[TRACE] graph - -----> statementPart
2021-11-21T23:53:22,184|[TRACE] graph - -------> nonSkippedChar
2021-11-21T23:53:22,184|[TRACE] script - #out(`_`) [token]
2021-11-21T23:53:22,184|[TRACE] graph - <------- nonSkippedChar
2021-11-21T23:53:22,184|[TRACE] graph - <----- statementPart
2021-11-21T23:53:22,184|[TRACE] graph - -----> statementPart
2021-11-21T23:53:22,184|[TRACE] graph - -------> nonSkippedChar
2021-11-21T23:53:22,184|[TRACE] script - #out(`C`) [token]
2021-11-21T23:53:22,184|[TRACE] graph - <------- nonSkippedChar
2021-11-21T23:53:22,184|[TRACE] graph - <----- statementPart
2021-11-21T23:53:22,184|[TRACE] graph - -----> statementPart
2021-11-21T23:53:22,184|[TRACE] graph - -------> nonSkippedChar
2021-11-21T23:53:22,184|[TRACE] script - #out(`H`) [token]
2021-11-21T23:53:22,184|[TRACE] graph - <------- nonSkippedChar
2021-11-21T23:53:22,184|[TRACE] graph - <----- statementPart
2021-11-21T23:53:22,184|[TRACE] graph - -----> statementPart
2021-11-21T23:53:22,184|[TRACE] graph - -------> nonSkippedChar
2021-11-21T23:53:22,184|[TRACE] script - #out(`E`) [token]
2021-11-21T23:53:22,184|[TRACE] graph - <------- nonSkippedChar
2021-11-21T23:53:22,184|[TRACE] graph - <----- statementPart
2021-11-21T23:53:22,184|[TRACE] graph - -----> statementPart
2021-11-21T23:53:22,184|[TRACE] graph - -------> nonSkippedChar
2021-11-21T23:53:22,184|[TRACE] script - #out(`C`) [token]
2021-11-21T23:53:22,184|[TRACE] graph - <------- nonSkippedChar
2021-11-21T23:53:22,184|[TRACE] graph - <----- statementPart
2021-11-21T23:53:22,184|[TRACE] graph - -----> statementPart
2021-11-21T23:53:22,184|[TRACE] graph - -------> nonSkippedChar
2021-11-21T23:53:22,184|[TRACE] script - #out(`K`) [token]
2021-11-21T23:53:22,184|[TRACE] graph - <------- nonSkippedChar
2021-11-21T23:53:22,184|[TRACE] graph - <----- statementPart
2021-11-21T23:53:22,184|[TRACE] graph - -----> statementPart
2021-11-21T23:53:22,184|[TRACE] graph - -------> nonSkippedChar
2021-11-21T23:53:22,184|[TRACE] script - #out(`S`) [token]
2021-11-21T23:53:22,184|[TRACE] graph - <------- nonSkippedChar
2021-11-21T23:53:22,184|[TRACE] graph - <----- statementPart
2021-11-21T23:53:22,184|[TRACE] graph - -----> statementPart
2021-11-21T23:53:22,184|[TRACE] graph - -------> nonSkippedChar
2021-11-21T23:53:22,184|[TRACE] script - #out(`,`) [token]
2021-11-21T23:53:22,184|[TRACE] graph - <------- nonSkippedChar
2021-11-21T23:53:22,184|[TRACE] graph - <----- statementPart
2021-11-21T23:53:22,184|[TRACE] graph - -----> statementPart
2021-11-21T23:53:22,184|[TRACE] graph - -------> nonSkippedSpace
2021-11-21T23:53:22,184|[TRACE] script - #out(` `) [token]
2021-11-21T23:53:22,184|[TRACE] graph - <------- nonSkippedSpace
2021-11-21T23:53:22,184|[TRACE] graph - <----- statementPart
2021-11-21T23:53:22,184|[TRACE] graph - -----> statementPart
2021-11-21T23:53:22,184|[TRACE] graph - -------> nonSkippedChar
2021-11-21T23:53:22,184|[TRACE] script - #out(`U`) [token]
2021-11-21T23:53:22,184|[TRACE] graph - <------- nonSkippedChar
2021-11-21T23:53:22,184|[TRACE] graph - <----- statementPart
2021-11-21T23:53:22,184|[TRACE] graph - -----> statementPart
2021-11-21T23:53:22,184|[TRACE] graph - -------> nonSkippedChar
2021-11-21T23:53:22,184|[TRACE] script - #out(`N`) [token]
2021-11-21T23:53:22,184|[TRACE] graph - <------- nonSkippedChar
2021-11-21T23:53:22,184|[TRACE] graph - <----- statementPart
2021-11-21T23:53:22,184|[TRACE] graph - -----> statementPart
2021-11-21T23:53:22,184|[TRACE] graph - -------> nonSkippedChar
2021-11-21T23:53:22,184|[TRACE] script - #out(`I`) [token]
2021-11-21T23:53:22,184|[TRACE] graph - <------- nonSkippedChar
2021-11-21T23:53:22,184|[TRACE] graph - <----- statementPart
2021-11-21T23:53:22,184|[TRACE] graph - -----> statementPart
2021-11-21T23:53:22,184|[TRACE] graph - -------> nonSkippedChar
2021-11-21T23:53:22,184|[TRACE] script - #out(`Q`) [token]
2021-11-21T23:53:22,184|[TRACE] graph - <------- nonSkippedChar
2021-11-21T23:53:22,184|[TRACE] graph - <----- statementPart
2021-11-21T23:53:22,184|[TRACE] graph - -----> statementPart
2021-11-21T23:53:22,184|[TRACE] graph - -------> nonSkippedChar
2021-11-21T23:53:22,184|[TRACE] script - #out(`U`) [token]
2021-11-21T23:53:22,184|[TRACE] graph - <------- nonSkippedChar
2021-11-21T23:53:22,184|[TRACE] graph - <----- statementPart
2021-11-21T23:53:22,184|[TRACE] graph - -----> statementPart
2021-11-21T23:53:22,184|[TRACE] graph - -------> nonSkippedChar
2021-11-21T23:53:22,184|[TRACE] script - #out(`E`) [token]
2021-11-21T23:53:22,184|[TRACE] graph - <------- nonSkippedChar
2021-11-21T23:53:22,184|[TRACE] graph - <----- statementPart
2021-11-21T23:53:22,184|[TRACE] graph - -----> statementPart
2021-11-21T23:53:22,184|[TRACE] graph - -------> nonSkippedChar
2021-11-21T23:53:22,184|[TRACE] script - #out(`_`) [token]
2021-11-21T23:53:22,184|[TRACE] graph - <------- nonSkippedChar
2021-11-21T23:53:22,184|[TRACE] graph - <----- statementPart
2021-11-21T23:53:22,184|[TRACE] graph - -----> statementPart
2021-11-21T23:53:22,184|[TRACE] graph - -------> nonSkippedChar
2021-11-21T23:53:22,184|[TRACE] script - #out(`C`) [token]
2021-11-21T23:53:22,184|[TRACE] graph - <------- nonSkippedChar
2021-11-21T23:53:22,184|[TRACE] graph - <----- statementPart
2021-11-21T23:53:22,184|[TRACE] graph - -----> statementPart
2021-11-21T23:53:22,184|[TRACE] graph - -------> nonSkippedChar
2021-11-21T23:53:22,184|[TRACE] script - #out(`H`) [token]
2021-11-21T23:53:22,184|[TRACE] graph - <------- nonSkippedChar
2021-11-21T23:53:22,184|[TRACE] graph - <----- statementPart
2021-11-21T23:53:22,184|[TRACE] graph - -----> statementPart
2021-11-21T23:53:22,184|[TRACE] graph - -------> nonSkippedChar
2021-11-21T23:53:22,184|[TRACE] script - #out(`E`) [token]
2021-11-21T23:53:22,184|[TRACE] graph - <------- nonSkippedChar
2021-11-21T23:53:22,184|[TRACE] graph - <----- statementPart
2021-11-21T23:53:22,184|[TRACE] graph - -----> statementPart
2021-11-21T23:53:22,184|[TRACE] graph - -------> nonSkippedChar
2021-11-21T23:53:22,184|[TRACE] script - #out(`C`) [token]
2021-11-21T23:53:22,184|[TRACE] graph - <------- nonSkippedChar
2021-11-21T23:53:22,184|[TRACE] graph - <----- statementPart
2021-11-21T23:53:22,184|[TRACE] graph - -----> statementPart
2021-11-21T23:53:22,184|[TRACE] graph - -------> nonSkippedChar
2021-11-21T23:53:22,184|[TRACE] script - #out(`K`) [token]
2021-11-21T23:53:22,184|[TRACE] graph - <------- nonSkippedChar
2021-11-21T23:53:22,184|[TRACE] graph - <----- statementPart
2021-11-21T23:53:22,184|[TRACE] graph - -----> statementPart
2021-11-21T23:53:22,184|[TRACE] graph - -------> nonSkippedChar
2021-11-21T23:53:22,184|[TRACE] script - #out(`S`) [token]
2021-11-21T23:53:22,184|[TRACE] graph - <------- nonSkippedChar
2021-11-21T23:53:22,184|[TRACE] graph - <----- statementPart
2021-11-21T23:53:22,184|[TRACE] graph - -----> statementPart
2021-11-21T23:53:22,184|[TRACE] graph - -------> nonSkippedChar
2021-11-21T23:53:22,184|[TRACE] script - #out(`=`) [token]
2021-11-21T23:53:22,184|[TRACE] graph - <------- nonSkippedChar
2021-11-21T23:53:22,184|[TRACE] graph - <----- statementPart
2021-11-21T23:53:22,184|[TRACE] graph - -----> statementPart
2021-11-21T23:53:22,184|[TRACE] graph - -------> nonSkippedChar
2021-11-21T23:53:22,184|[TRACE] script - #out(`0`) [token]
2021-11-21T23:53:22,184|[TRACE] graph - <------- nonSkippedChar
2021-11-21T23:53:22,184|[TRACE] graph - <----- statementPart
2021-11-21T23:53:22,184|[DEBUG] graph - Import statement : SET @OLD_UNIQUE_CHECKS=@@UNIQUE_CHECKS, UNIQUE_CHECKS=0
2021-11-21T23:53:22,184|[TRACE] graph - <--- statement
2021-11-21T23:53:22,184|[TRACE] graph - ---> blankSpacesToSkip
2021-11-21T23:53:22,184|[TRACE] graph - -----> newLineToSkip
2021-11-21T23:53:22,184|[TRACE] graph - <----- newLineToSkip
2021-11-21T23:53:22,185|[TRACE] graph - <--- blankSpacesToSkip
2021-11-21T23:53:22,185|[TRACE] graph - ---> statement
2021-11-21T23:53:22,185|[TRACE] graph - -----> statementFirstPart
2021-11-21T23:53:22,185|[TRACE] graph - -------> nonSkippedChar
2021-11-21T23:53:22,185|[TRACE] script - #out(`S`) [token]
2021-11-21T23:53:22,185|[TRACE] graph - <------- nonSkippedChar
2021-11-21T23:53:22,185|[TRACE] graph - <----- statementFirstPart
2021-11-21T23:53:22,185|[TRACE] graph - -----> statementPart
2021-11-21T23:53:22,185|[TRACE] graph - -------> nonSkippedChar
2021-11-21T23:53:22,185|[TRACE] script - #out(`E`) [token]
2021-11-21T23:53:22,185|[TRACE] graph - <------- nonSkippedChar
2021-11-21T23:53:22,185|[TRACE] graph - <----- statementPart
2021-11-21T23:53:22,185|[TRACE] graph - -----> statementPart
2021-11-21T23:53:22,185|[TRACE] graph - -------> nonSkippedChar
2021-11-21T23:53:22,185|[TRACE] script - #out(`T`) [token]
2021-11-21T23:53:22,185|[TRACE] graph - <------- nonSkippedChar
2021-11-21T23:53:22,185|[TRACE] graph - <----- statementPart
2021-11-21T23:53:22,185|[TRACE] graph - -----> statementPart
2021-11-21T23:53:22,185|[TRACE] graph - -------> nonSkippedSpace
2021-11-21T23:53:22,185|[TRACE] script - #out(` `) [token]
2021-11-21T23:53:22,185|[TRACE] graph - <------- nonSkippedSpace
2021-11-21T23:53:22,185|[TRACE] graph - <----- statementPart
2021-11-21T23:53:22,185|[TRACE] graph - -----> statementPart
2021-11-21T23:53:22,185|[TRACE] graph - -------> nonSkippedChar
2021-11-21T23:53:22,185|[TRACE] script - #out(`@`) [token]
2021-11-21T23:53:22,185|[TRACE] graph - <------- nonSkippedChar
2021-11-21T23:53:22,185|[TRACE] graph - <----- statementPart
2021-11-21T23:53:22,185|[TRACE] graph - -----> statementPart
2021-11-21T23:53:22,185|[TRACE] graph - -------> nonSkippedChar
2021-11-21T23:53:22,185|[TRACE] script - #out(`O`) [token]
2021-11-21T23:53:22,185|[TRACE] graph - <------- nonSkippedChar
2021-11-21T23:53:22,185|[TRACE] graph - <----- statementPart
2021-11-21T23:53:22,185|[TRACE] graph - -----> statementPart
2021-11-21T23:53:22,185|[TRACE] graph - -------> nonSkippedChar
2021-11-21T23:53:22,185|[TRACE] script - #out(`L`) [token]
2021-11-21T23:53:22,185|[TRACE] graph - <------- nonSkippedChar
2021-11-21T23:53:22,185|[TRACE] graph - <----- statementPart
2021-11-21T23:53:22,185|[TRACE] graph - -----> statementPart
2021-11-21T23:53:22,185|[TRACE] graph - -------> nonSkippedChar
2021-11-21T23:53:22,185|[TRACE] script - #out(`D`) [token]
2021-11-21T23:53:22,185|[TRACE] graph - <------- nonSkippedChar
2021-11-21T23:53:22,185|[TRACE] graph - <----- statementPart
2021-11-21T23:53:22,185|[TRACE] graph - -----> statementPart
2021-11-21T23:53:22,185|[TRACE] graph - -------> nonSkippedChar
2021-11-21T23:53:22,185|[TRACE] script - #out(`_`) [token]
2021-11-21T23:53:22,185|[TRACE] graph - <------- nonSkippedChar
2021-11-21T23:53:22,185|[TRACE] graph - <----- statementPart
2021-11-21T23:53:22,185|[TRACE] graph - -----> statementPart
2021-11-21T23:53:22,185|[TRACE] graph - -------> nonSkippedChar
2021-11-21T23:53:22,185|[TRACE] script - #out(`F`) [token]
2021-11-21T23:53:22,185|[TRACE] graph - <------- nonSkippedChar
2021-11-21T23:53:22,185|[TRACE] graph - <----- statementPart
2021-11-21T23:53:22,185|[TRACE] graph - -----> statementPart
2021-11-21T23:53:22,185|[TRACE] graph - -------> nonSkippedChar
2021-11-21T23:53:22,185|[TRACE] script - #out(`O`) [token]
2021-11-21T23:53:22,185|[TRACE] graph - <------- nonSkippedChar
2021-11-21T23:53:22,185|[TRACE] graph - <----- statementPart
2021-11-21T23:53:22,185|[TRACE] graph - -----> statementPart
2021-11-21T23:53:22,185|[TRACE] graph - -------> nonSkippedChar
2021-11-21T23:53:22,185|[TRACE] script - #out(`R`) [token]
2021-11-21T23:53:22,185|[TRACE] graph - <------- nonSkippedChar
2021-11-21T23:53:22,185|[TRACE] graph - <----- statementPart
2021-11-21T23:53:22,185|[TRACE] graph - -----> statementPart
2021-11-21T23:53:22,185|[TRACE] graph - -------> nonSkippedChar
2021-11-21T23:53:22,185|[TRACE] script - #out(`E`) [token]
2021-11-21T23:53:22,185|[TRACE] graph - <------- nonSkippedChar
2021-11-21T23:53:22,185|[TRACE] graph - <----- statementPart
2021-11-21T23:53:22,185|[TRACE] graph - -----> statementPart
2021-11-21T23:53:22,185|[TRACE] graph - -------> nonSkippedChar
2021-11-21T23:53:22,185|[TRACE] script - #out(`I`) [token]
2021-11-21T23:53:22,185|[TRACE] graph - <------- nonSkippedChar
2021-11-21T23:53:22,185|[TRACE] graph - <----- statementPart
2021-11-21T23:53:22,185|[TRACE] graph - -----> statementPart
2021-11-21T23:53:22,185|[TRACE] graph - -------> nonSkippedChar
2021-11-21T23:53:22,185|[TRACE] script - #out(`G`) [token]
2021-11-21T23:53:22,185|[TRACE] graph - <------- nonSkippedChar
2021-11-21T23:53:22,185|[TRACE] graph - <----- statementPart
2021-11-21T23:53:22,185|[TRACE] graph - -----> statementPart
2021-11-21T23:53:22,185|[TRACE] graph - -------> nonSkippedChar
2021-11-21T23:53:22,185|[TRACE] script - #out(`N`) [token]
2021-11-21T23:53:22,185|[TRACE] graph - <------- nonSkippedChar
2021-11-21T23:53:22,185|[TRACE] graph - <----- statementPart
2021-11-21T23:53:22,185|[TRACE] graph - -----> statementPart
2021-11-21T23:53:22,185|[TRACE] graph - -------> nonSkippedChar
2021-11-21T23:53:22,185|[TRACE] script - #out(`_`) [token]
2021-11-21T23:53:22,185|[TRACE] graph - <------- nonSkippedChar
2021-11-21T23:53:22,185|[TRACE] graph - <----- statementPart
2021-11-21T23:53:22,185|[TRACE] graph - -----> statementPart
2021-11-21T23:53:22,185|[TRACE] graph - -------> nonSkippedChar
2021-11-21T23:53:22,185|[TRACE] script - #out(`K`) [token]
2021-11-21T23:53:22,185|[TRACE] graph - <------- nonSkippedChar
2021-11-21T23:53:22,185|[TRACE] graph - <----- statementPart
2021-11-21T23:53:22,185|[TRACE] graph - -----> statementPart
2021-11-21T23:53:22,185|[TRACE] graph - -------> nonSkippedChar
2021-11-21T23:53:22,185|[TRACE] script - #out(`E`) [token]
2021-11-21T23:53:22,185|[TRACE] graph - <------- nonSkippedChar
2021-11-21T23:53:22,185|[TRACE] graph - <----- statementPart
2021-11-21T23:53:22,185|[TRACE] graph - -----> statementPart
2021-11-21T23:53:22,185|[TRACE] graph - -------> nonSkippedChar
2021-11-21T23:53:22,185|[TRACE] script - #out(`Y`) [token]
2021-11-21T23:53:22,185|[TRACE] graph - <------- nonSkippedChar
2021-11-21T23:53:22,185|[TRACE] graph - <----- statementPart
2021-11-21T23:53:22,185|[TRACE] graph - -----> statementPart
2021-11-21T23:53:22,185|[TRACE] graph - -------> nonSkippedChar
2021-11-21T23:53:22,185|[TRACE] script - #out(`_`) [token]
2021-11-21T23:53:22,185|[TRACE] graph - <------- nonSkippedChar
2021-11-21T23:53:22,185|[TRACE] graph - <----- statementPart
2021-11-21T23:53:22,185|[TRACE] graph - -----> statementPart
2021-11-21T23:53:22,185|[TRACE] graph - -------> nonSkippedChar
2021-11-21T23:53:22,185|[TRACE] script - #out(`C`) [token]
2021-11-21T23:53:22,185|[TRACE] graph - <------- nonSkippedChar
2021-11-21T23:53:22,185|[TRACE] graph - <----- statementPart
2021-11-21T23:53:22,185|[TRACE] graph - -----> statementPart
2021-11-21T23:53:22,185|[TRACE] graph - -------> nonSkippedChar
2021-11-21T23:53:22,185|[TRACE] script - #out(`H`) [token]
2021-11-21T23:53:22,185|[TRACE] graph - <------- nonSkippedChar
2021-11-21T23:53:22,185|[TRACE] graph - <----- statementPart
2021-11-21T23:53:22,185|[TRACE] graph - -----> statementPart
2021-11-21T23:53:22,185|[TRACE] graph - -------> nonSkippedChar
2021-11-21T23:53:22,185|[TRACE] script - #out(`E`) [token]
2021-11-21T23:53:22,185|[TRACE] graph - <------- nonSkippedChar
2021-11-21T23:53:22,185|[TRACE] graph - <----- statementPart
2021-11-21T23:53:22,185|[TRACE] graph - -----> statementPart
2021-11-21T23:53:22,185|[TRACE] graph - -------> nonSkippedChar
2021-11-21T23:53:22,185|[TRACE] script - #out(`C`) [token]
2021-11-21T23:53:22,185|[TRACE] graph - <------- nonSkippedChar
2021-11-21T23:53:22,185|[TRACE] graph - <----- statementPart
2021-11-21T23:53:22,185|[TRACE] graph - -----> statementPart
2021-11-21T23:53:22,185|[TRACE] graph - -------> nonSkippedChar
2021-11-21T23:53:22,185|[TRACE] script - #out(`K`) [token]
2021-11-21T23:53:22,185|[TRACE] graph - <------- nonSkippedChar
2021-11-21T23:53:22,185|[TRACE] graph - <----- statementPart
2021-11-21T23:53:22,185|[TRACE] graph - -----> statementPart
2021-11-21T23:53:22,185|[TRACE] graph - -------> nonSkippedChar
2021-11-21T23:53:22,185|[TRACE] script - #out(`S`) [token]
2021-11-21T23:53:22,185|[TRACE] graph - <------- nonSkippedChar
2021-11-21T23:53:22,185|[TRACE] graph - <----- statementPart
2021-11-21T23:53:22,185|[TRACE] graph - -----> statementPart
2021-11-21T23:53:22,185|[TRACE] graph - -------> nonSkippedChar
2021-11-21T23:53:22,185|[TRACE] script - #out(`=`) [token]
2021-11-21T23:53:22,185|[TRACE] graph - <------- nonSkippedChar
2021-11-21T23:53:22,185|[TRACE] graph - <----- statementPart
2021-11-21T23:53:22,185|[TRACE] graph - -----> statementPart
2021-11-21T23:53:22,185|[TRACE] graph - -------> nonSkippedChar
2021-11-21T23:53:22,185|[TRACE] script - #out(`@`) [token]
2021-11-21T23:53:22,185|[TRACE] graph - <------- nonSkippedChar
2021-11-21T23:53:22,185|[TRACE] graph - <----- statementPart
2021-11-21T23:53:22,185|[TRACE] graph - -----> statementPart
2021-11-21T23:53:22,185|[TRACE] graph - -------> nonSkippedChar
2021-11-21T23:53:22,185|[TRACE] script - #out(`@`) [token]
2021-11-21T23:53:22,185|[TRACE] graph - <------- nonSkippedChar
2021-11-21T23:53:22,185|[TRACE] graph - <----- statementPart
2021-11-21T23:53:22,185|[TRACE] graph - -----> statementPart
2021-11-21T23:53:22,185|[TRACE] graph - -------> nonSkippedChar
2021-11-21T23:53:22,185|[TRACE] script - #out(`F`) [token]
2021-11-21T23:53:22,185|[TRACE] graph - <------- nonSkippedChar
2021-11-21T23:53:22,185|[TRACE] graph - <----- statementPart
2021-11-21T23:53:22,185|[TRACE] graph - -----> statementPart
2021-11-21T23:53:22,185|[TRACE] graph - -------> nonSkippedChar
2021-11-21T23:53:22,185|[TRACE] script - #out(`O`) [token]
2021-11-21T23:53:22,185|[TRACE] graph - <------- nonSkippedChar
2021-11-21T23:53:22,185|[TRACE] graph - <----- statementPart
2021-11-21T23:53:22,185|[TRACE] graph - -----> statementPart
2021-11-21T23:53:22,185|[TRACE] graph - -------> nonSkippedChar
2021-11-21T23:53:22,185|[TRACE] script - #out(`R`) [token]
2021-11-21T23:53:22,185|[TRACE] graph - <------- nonSkippedChar
2021-11-21T23:53:22,185|[TRACE] graph - <----- statementPart
2021-11-21T23:53:22,185|[TRACE] graph - -----> statementPart
2021-11-21T23:53:22,185|[TRACE] graph - -------> nonSkippedChar
2021-11-21T23:53:22,185|[TRACE] script - #out(`E`) [token]
2021-11-21T23:53:22,185|[TRACE] graph - <------- nonSkippedChar
2021-11-21T23:53:22,185|[TRACE] graph - <----- statementPart
2021-11-21T23:53:22,185|[TRACE] graph - -----> statementPart
2021-11-21T23:53:22,185|[TRACE] graph - -------> nonSkippedChar
2021-11-21T23:53:22,185|[TRACE] script - #out(`I`) [token]
2021-11-21T23:53:22,185|[TRACE] graph - <------- nonSkippedChar
2021-11-21T23:53:22,185|[TRACE] graph - <----- statementPart
2021-11-21T23:53:22,185|[TRACE] graph - -----> statementPart
2021-11-21T23:53:22,185|[TRACE] graph - -------> nonSkippedChar
2021-11-21T23:53:22,185|[TRACE] script - #out(`G`) [token]
2021-11-21T23:53:22,185|[TRACE] graph - <------- nonSkippedChar
2021-11-21T23:53:22,185|[TRACE] graph - <----- statementPart
2021-11-21T23:53:22,185|[TRACE] graph - -----> statementPart
2021-11-21T23:53:22,185|[TRACE] graph - -------> nonSkippedChar
2021-11-21T23:53:22,185|[TRACE] script - #out(`N`) [token]
2021-11-21T23:53:22,185|[TRACE] graph - <------- nonSkippedChar
2021-11-21T23:53:22,185|[TRACE] graph - <----- statementPart
2021-11-21T23:53:22,185|[TRACE] graph - -----> statementPart
2021-11-21T23:53:22,185|[TRACE] graph - -------> nonSkippedChar
2021-11-21T23:53:22,185|[TRACE] script - #out(`_`) [token]
2021-11-21T23:53:22,185|[TRACE] graph - <------- nonSkippedChar
2021-11-21T23:53:22,185|[TRACE] graph - <----- statementPart
2021-11-21T23:53:22,185|[TRACE] graph - -----> statementPart
2021-11-21T23:53:22,185|[TRACE] graph - -------> nonSkippedChar
2021-11-21T23:53:22,185|[TRACE] script - #out(`K`) [token]
2021-11-21T23:53:22,185|[TRACE] graph - <------- nonSkippedChar
2021-11-21T23:53:22,185|[TRACE] graph - <----- statementPart
2021-11-21T23:53:22,185|[TRACE] graph - -----> statementPart
2021-11-21T23:53:22,185|[TRACE] graph - -------> nonSkippedChar
2021-11-21T23:53:22,185|[TRACE] script - #out(`E`) [token]
2021-11-21T23:53:22,185|[TRACE] graph - <------- nonSkippedChar
2021-11-21T23:53:22,185|[TRACE] graph - <----- statementPart
2021-11-21T23:53:22,185|[TRACE] graph - -----> statementPart
2021-11-21T23:53:22,185|[TRACE] graph - -------> nonSkippedChar
2021-11-21T23:53:22,185|[TRACE] script - #out(`Y`) [token]
2021-11-21T23:53:22,185|[TRACE] graph - <------- nonSkippedChar
2021-11-21T23:53:22,185|[TRACE] graph - <----- statementPart
2021-11-21T23:53:22,185|[TRACE] graph - -----> statementPart
2021-11-21T23:53:22,185|[TRACE] graph - -------> nonSkippedChar
2021-11-21T23:53:22,185|[TRACE] script - #out(`_`) [token]
2021-11-21T23:53:22,185|[TRACE] graph - <------- nonSkippedChar
2021-11-21T23:53:22,185|[TRACE] graph - <----- statementPart
2021-11-21T23:53:22,185|[TRACE] graph - -----> statementPart
2021-11-21T23:53:22,185|[TRACE] graph - -------> nonSkippedChar
2021-11-21T23:53:22,185|[TRACE] script - #out(`C`) [token]
2021-11-21T23:53:22,185|[TRACE] graph - <------- nonSkippedChar
2021-11-21T23:53:22,185|[TRACE] graph - <----- statementPart
2021-11-21T23:53:22,185|[TRACE] graph - -----> statementPart
2021-11-21T23:53:22,185|[TRACE] graph - -------> nonSkippedChar
2021-11-21T23:53:22,185|[TRACE] script - #out(`H`) [token]
2021-11-21T23:53:22,185|[TRACE] graph - <------- nonSkippedChar
2021-11-21T23:53:22,185|[TRACE] graph - <----- statementPart
2021-11-21T23:53:22,185|[TRACE] graph - -----> statementPart
2021-11-21T23:53:22,185|[TRACE] graph - -------> nonSkippedChar
2021-11-21T23:53:22,185|[TRACE] script - #out(`E`) [token]
2021-11-21T23:53:22,185|[TRACE] graph - <------- nonSkippedChar
2021-11-21T23:53:22,185|[TRACE] graph - <----- statementPart
2021-11-21T23:53:22,185|[TRACE] graph - -----> statementPart
2021-11-21T23:53:22,185|[TRACE] graph - -------> nonSkippedChar
2021-11-21T23:53:22,185|[TRACE] script - #out(`C`) [token]
2021-11-21T23:53:22,185|[TRACE] graph - <------- nonSkippedChar
2021-11-21T23:53:22,185|[TRACE] graph - <----- statementPart
2021-11-21T23:53:22,185|[TRACE] graph - -----> statementPart
2021-11-21T23:53:22,185|[TRACE] graph - -------> nonSkippedChar
2021-11-21T23:53:22,185|[TRACE] script - #out(`K`) [token]
2021-11-21T23:53:22,185|[TRACE] graph - <------- nonSkippedChar
2021-11-21T23:53:22,185|[TRACE] graph - <----- statementPart
2021-11-21T23:53:22,185|[TRACE] graph - -----> statementPart
2021-11-21T23:53:22,185|[TRACE] graph - -------> nonSkippedChar
2021-11-21T23:53:22,185|[TRACE] script - #out(`S`) [token]
2021-11-21T23:53:22,185|[TRACE] graph - <------- nonSkippedChar
2021-11-21T23:53:22,185|[TRACE] graph - <----- statementPart
2021-11-21T23:53:22,185|[TRACE] graph - -----> statementPart
2021-11-21T23:53:22,185|[TRACE] graph - -------> nonSkippedChar
2021-11-21T23:53:22,185|[TRACE] script - #out(`,`) [token]
2021-11-21T23:53:22,185|[TRACE] graph - <------- nonSkippedChar
2021-11-21T23:53:22,186|[TRACE] graph - <----- statementPart
2021-11-21T23:53:22,186|[TRACE] graph - -----> statementPart
2021-11-21T23:53:22,186|[TRACE] graph - -------> nonSkippedSpace
2021-11-21T23:53:22,186|[TRACE] script - #out(` `) [token]
2021-11-21T23:53:22,186|[TRACE] graph - <------- nonSkippedSpace
2021-11-21T23:53:22,186|[TRACE] graph - <----- statementPart
2021-11-21T23:53:22,186|[TRACE] graph - -----> statementPart
2021-11-21T23:53:22,186|[TRACE] graph - -------> nonSkippedChar
2021-11-21T23:53:22,186|[TRACE] script - #out(`F`) [token]
2021-11-21T23:53:22,186|[TRACE] graph - <------- nonSkippedChar
2021-11-21T23:53:22,186|[TRACE] graph - <----- statementPart
2021-11-21T23:53:22,186|[TRACE] graph - -----> statementPart
2021-11-21T23:53:22,186|[TRACE] graph - -------> nonSkippedChar
2021-11-21T23:53:22,186|[TRACE] script - #out(`O`) [token]
2021-11-21T23:53:22,186|[TRACE] graph - <------- nonSkippedChar
2021-11-21T23:53:22,186|[TRACE] graph - <----- statementPart
2021-11-21T23:53:22,186|[TRACE] graph - -----> statementPart
2021-11-21T23:53:22,186|[TRACE] graph - -------> nonSkippedChar
2021-11-21T23:53:22,186|[TRACE] script - #out(`R`) [token]
2021-11-21T23:53:22,186|[TRACE] graph - <------- nonSkippedChar
2021-11-21T23:53:22,186|[TRACE] graph - <----- statementPart
2021-11-21T23:53:22,186|[TRACE] graph - -----> statementPart
2021-11-21T23:53:22,186|[TRACE] graph - -------> nonSkippedChar
2021-11-21T23:53:22,186|[TRACE] script - #out(`E`) [token]
2021-11-21T23:53:22,186|[TRACE] graph - <------- nonSkippedChar
2021-11-21T23:53:22,186|[TRACE] graph - <----- statementPart
2021-11-21T23:53:22,186|[TRACE] graph - -----> statementPart
2021-11-21T23:53:22,186|[TRACE] graph - -------> nonSkippedChar
2021-11-21T23:53:22,186|[TRACE] script - #out(`I`) [token]
2021-11-21T23:53:22,186|[TRACE] graph - <------- nonSkippedChar
2021-11-21T23:53:22,186|[TRACE] graph - <----- statementPart
2021-11-21T23:53:22,186|[TRACE] graph - -----> statementPart
2021-11-21T23:53:22,186|[TRACE] graph - -------> nonSkippedChar
2021-11-21T23:53:22,186|[TRACE] script - #out(`G`) [token]
2021-11-21T23:53:22,186|[TRACE] graph - <------- nonSkippedChar
2021-11-21T23:53:22,186|[TRACE] graph - <----- statementPart
2021-11-21T23:53:22,186|[TRACE] graph - -----> statementPart
2021-11-21T23:53:22,186|[TRACE] graph - -------> nonSkippedChar
2021-11-21T23:53:22,186|[TRACE] script - #out(`N`) [token]
2021-11-21T23:53:22,186|[TRACE] graph - <------- nonSkippedChar
2021-11-21T23:53:22,186|[TRACE] graph - <----- statementPart
2021-11-21T23:53:22,186|[TRACE] graph - -----> statementPart
2021-11-21T23:53:22,186|[TRACE] graph - -------> nonSkippedChar
2021-11-21T23:53:22,186|[TRACE] script - #out(`_`) [token]
2021-11-21T23:53:22,186|[TRACE] graph - <------- nonSkippedChar
2021-11-21T23:53:22,186|[TRACE] graph - <----- statementPart
2021-11-21T23:53:22,186|[TRACE] graph - -----> statementPart
2021-11-21T23:53:22,186|[TRACE] graph - -------> nonSkippedChar
2021-11-21T23:53:22,186|[TRACE] script - #out(`K`) [token]
2021-11-21T23:53:22,186|[TRACE] graph - <------- nonSkippedChar
2021-11-21T23:53:22,186|[TRACE] graph - <----- statementPart
2021-11-21T23:53:22,186|[TRACE] graph - -----> statementPart
2021-11-21T23:53:22,186|[TRACE] graph - -------> nonSkippedChar
2021-11-21T23:53:22,186|[TRACE] script - #out(`E`) [token]
2021-11-21T23:53:22,186|[TRACE] graph - <------- nonSkippedChar
2021-11-21T23:53:22,186|[TRACE] graph - <----- statementPart
2021-11-21T23:53:22,186|[TRACE] graph - -----> statementPart
2021-11-21T23:53:22,186|[TRACE] graph - -------> nonSkippedChar
2021-11-21T23:53:22,186|[TRACE] script - #out(`Y`) [token]
2021-11-21T23:53:22,186|[TRACE] graph - <------- nonSkippedChar
2021-11-21T23:53:22,186|[TRACE] graph - <----- statementPart
2021-11-21T23:53:22,186|[TRACE] graph - -----> statementPart
2021-11-21T23:53:22,186|[TRACE] graph - -------> nonSkippedChar
2021-11-21T23:53:22,186|[TRACE] script - #out(`_`) [token]
2021-11-21T23:53:22,186|[TRACE] graph - <------- nonSkippedChar
2021-11-21T23:53:22,186|[TRACE] graph - <----- statementPart
2021-11-21T23:53:22,186|[TRACE] graph - -----> statementPart
2021-11-21T23:53:22,186|[TRACE] graph - -------> nonSkippedChar
2021-11-21T23:53:22,186|[TRACE] script - #out(`C`) [token]
2021-11-21T23:53:22,186|[TRACE] graph - <------- nonSkippedChar
2021-11-21T23:53:22,186|[TRACE] graph - <----- statementPart
2021-11-21T23:53:22,186|[TRACE] graph - -----> statementPart
2021-11-21T23:53:22,186|[TRACE] graph - -------> nonSkippedChar
2021-11-21T23:53:22,186|[TRACE] script - #out(`H`) [token]
2021-11-21T23:53:22,186|[TRACE] graph - <------- nonSkippedChar
2021-11-21T23:53:22,186|[TRACE] graph - <----- statementPart
2021-11-21T23:53:22,186|[TRACE] graph - -----> statementPart
2021-11-21T23:53:22,186|[TRACE] graph - -------> nonSkippedChar
2021-11-21T23:53:22,186|[TRACE] script - #out(`E`) [token]
2021-11-21T23:53:22,186|[TRACE] graph - <------- nonSkippedChar
2021-11-21T23:53:22,186|[TRACE] graph - <----- statementPart
2021-11-21T23:53:22,186|[TRACE] graph - -----> statementPart
2021-11-21T23:53:22,186|[TRACE] graph - -------> nonSkippedChar
2021-11-21T23:53:22,186|[TRACE] script - #out(`C`) [token]
2021-11-21T23:53:22,186|[TRACE] graph - <------- nonSkippedChar
2021-11-21T23:53:22,186|[TRACE] graph - <----- statementPart
2021-11-21T23:53:22,186|[TRACE] graph - -----> statementPart
2021-11-21T23:53:22,186|[TRACE] graph - -------> nonSkippedChar
2021-11-21T23:53:22,186|[TRACE] script - #out(`K`) [token]
2021-11-21T23:53:22,186|[TRACE] graph - <------- nonSkippedChar
2021-11-21T23:53:22,186|[TRACE] graph - <----- statementPart
2021-11-21T23:53:22,186|[TRACE] graph - -----> statementPart
2021-11-21T23:53:22,186|[TRACE] graph - -------> nonSkippedChar
2021-11-21T23:53:22,186|[TRACE] script - #out(`S`) [token]
2021-11-21T23:53:22,186|[TRACE] graph - <------- nonSkippedChar
2021-11-21T23:53:22,186|[TRACE] graph - <----- statementPart
2021-11-21T23:53:22,186|[TRACE] graph - -----> statementPart
2021-11-21T23:53:22,186|[TRACE] graph - -------> nonSkippedChar
2021-11-21T23:53:22,186|[TRACE] script - #out(`=`) [token]
2021-11-21T23:53:22,186|[TRACE] graph - <------- nonSkippedChar
2021-11-21T23:53:22,186|[TRACE] graph - <----- statementPart
2021-11-21T23:53:22,186|[TRACE] graph - -----> statementPart
2021-11-21T23:53:22,186|[TRACE] graph - -------> nonSkippedChar
2021-11-21T23:53:22,186|[TRACE] script - #out(`0`) [token]
2021-11-21T23:53:22,186|[TRACE] graph - <------- nonSkippedChar
2021-11-21T23:53:22,186|[TRACE] graph - <----- statementPart
2021-11-21T23:53:22,186|[DEBUG] graph - Import statement : SET @OLD_FOREIGN_KEY_CHECKS=@@FOREIGN_KEY_CHECKS, FOREIGN_KEY_CHECKS=0
2021-11-21T23:53:22,186|[TRACE] graph - <--- statement
2021-11-21T23:53:22,186|[TRACE] graph - ---> blankSpacesToSkip
2021-11-21T23:53:22,186|[TRACE] graph - -----> newLineToSkip
2021-11-21T23:53:22,186|[TRACE] graph - <----- newLineToSkip
2021-11-21T23:53:22,186|[TRACE] graph - <--- blankSpacesToSkip
2021-11-21T23:53:22,186|[TRACE] graph - ---> statement
2021-11-21T23:53:22,186|[TRACE] graph - -----> statementFirstPart
2021-11-21T23:53:22,186|[TRACE] graph - -------> nonSkippedChar
2021-11-21T23:53:22,186|[TRACE] script - #out(`S`) [token]
2021-11-21T23:53:22,186|[TRACE] graph - <------- nonSkippedChar
2021-11-21T23:53:22,186|[TRACE] graph - <----- statementFirstPart
2021-11-21T23:53:22,186|[TRACE] graph - -----> statementPart
2021-11-21T23:53:22,186|[TRACE] graph - -------> nonSkippedChar
2021-11-21T23:53:22,186|[TRACE] script - #out(`E`) [token]
2021-11-21T23:53:22,186|[TRACE] graph - <------- nonSkippedChar
2021-11-21T23:53:22,186|[TRACE] graph - <----- statementPart
2021-11-21T23:53:22,186|[TRACE] graph - -----> statementPart
2021-11-21T23:53:22,186|[TRACE] graph - -------> nonSkippedChar
2021-11-21T23:53:22,186|[TRACE] script - #out(`T`) [token]
2021-11-21T23:53:22,186|[TRACE] graph - <------- nonSkippedChar
2021-11-21T23:53:22,186|[TRACE] graph - <----- statementPart
2021-11-21T23:53:22,186|[TRACE] graph - -----> statementPart
2021-11-21T23:53:22,186|[TRACE] graph - -------> nonSkippedSpace
2021-11-21T23:53:22,186|[TRACE] script - #out(` `) [token]
2021-11-21T23:53:22,186|[TRACE] graph - <------- nonSkippedSpace
2021-11-21T23:53:22,186|[TRACE] graph - <----- statementPart
2021-11-21T23:53:22,186|[TRACE] graph - -----> statementPart
2021-11-21T23:53:22,186|[TRACE] graph - -------> nonSkippedChar
2021-11-21T23:53:22,186|[TRACE] script - #out(`@`) [token]
2021-11-21T23:53:22,186|[TRACE] graph - <------- nonSkippedChar
2021-11-21T23:53:22,186|[TRACE] graph - <----- statementPart
2021-11-21T23:53:22,186|[TRACE] graph - -----> statementPart
2021-11-21T23:53:22,186|[TRACE] graph - -------> nonSkippedChar
2021-11-21T23:53:22,186|[TRACE] script - #out(`O`) [token]
2021-11-21T23:53:22,186|[TRACE] graph - <------- nonSkippedChar
2021-11-21T23:53:22,186|[TRACE] graph - <----- statementPart
2021-11-21T23:53:22,186|[TRACE] graph - -----> statementPart
2021-11-21T23:53:22,186|[TRACE] graph - -------> nonSkippedChar
2021-11-21T23:53:22,186|[TRACE] script - #out(`L`) [token]
2021-11-21T23:53:22,186|[TRACE] graph - <------- nonSkippedChar
2021-11-21T23:53:22,186|[TRACE] graph - <----- statementPart
2021-11-21T23:53:22,186|[TRACE] graph - -----> statementPart
2021-11-21T23:53:22,186|[TRACE] graph - -------> nonSkippedChar
2021-11-21T23:53:22,186|[TRACE] script - #out(`D`) [token]
2021-11-21T23:53:22,186|[TRACE] graph - <------- nonSkippedChar
2021-11-21T23:53:22,186|[TRACE] graph - <----- statementPart
2021-11-21T23:53:22,186|[TRACE] graph - -----> statementPart
2021-11-21T23:53:22,186|[TRACE] graph - -------> nonSkippedChar
2021-11-21T23:53:22,186|[TRACE] script - #out(`_`) [token]
2021-11-21T23:53:22,186|[TRACE] graph - <------- nonSkippedChar
2021-11-21T23:53:22,186|[TRACE] graph - <----- statementPart
2021-11-21T23:53:22,186|[TRACE] graph - -----> statementPart
2021-11-21T23:53:22,186|[TRACE] graph - -------> nonSkippedChar
2021-11-21T23:53:22,186|[TRACE] script - #out(`S`) [token]
2021-11-21T23:53:22,186|[TRACE] graph - <------- nonSkippedChar
2021-11-21T23:53:22,186|[TRACE] graph - <----- statementPart
2021-11-21T23:53:22,186|[TRACE] graph - -----> statementPart
2021-11-21T23:53:22,186|[TRACE] graph - -------> nonSkippedChar
2021-11-21T23:53:22,186|[TRACE] script - #out(`Q`) [token]
2021-11-21T23:53:22,186|[TRACE] graph - <------- nonSkippedChar
2021-11-21T23:53:22,186|[TRACE] graph - <----- statementPart
2021-11-21T23:53:22,186|[TRACE] graph - -----> statementPart
2021-11-21T23:53:22,186|[TRACE] graph - -------> nonSkippedChar
2021-11-21T23:53:22,186|[TRACE] script - #out(`L`) [token]
2021-11-21T23:53:22,186|[TRACE] graph - <------- nonSkippedChar
2021-11-21T23:53:22,186|[TRACE] graph - <----- statementPart
2021-11-21T23:53:22,186|[TRACE] graph - -----> statementPart
2021-11-21T23:53:22,186|[TRACE] graph - -------> nonSkippedChar
2021-11-21T23:53:22,186|[TRACE] script - #out(`_`) [token]
2021-11-21T23:53:22,186|[TRACE] graph - <------- nonSkippedChar
2021-11-21T23:53:22,186|[TRACE] graph - <----- statementPart
2021-11-21T23:53:22,186|[TRACE] graph - -----> statementPart
2021-11-21T23:53:22,186|[TRACE] graph - -------> nonSkippedChar
2021-11-21T23:53:22,186|[TRACE] script - #out(`M`) [token]
2021-11-21T23:53:22,186|[TRACE] graph - <------- nonSkippedChar
2021-11-21T23:53:22,186|[TRACE] graph - <----- statementPart
2021-11-21T23:53:22,186|[TRACE] graph - -----> statementPart
2021-11-21T23:53:22,186|[TRACE] graph - -------> nonSkippedChar
2021-11-21T23:53:22,186|[TRACE] script - #out(`O`) [token]
2021-11-21T23:53:22,186|[TRACE] graph - <------- nonSkippedChar
2021-11-21T23:53:22,186|[TRACE] graph - <----- statementPart
2021-11-21T23:53:22,186|[TRACE] graph - -----> statementPart
2021-11-21T23:53:22,186|[TRACE] graph - -------> nonSkippedChar
2021-11-21T23:53:22,186|[TRACE] script - #out(`D`) [token]
2021-11-21T23:53:22,186|[TRACE] graph - <------- nonSkippedChar
2021-11-21T23:53:22,186|[TRACE] graph - <----- statementPart
2021-11-21T23:53:22,186|[TRACE] graph - -----> statementPart
2021-11-21T23:53:22,186|[TRACE] graph - -------> nonSkippedChar
2021-11-21T23:53:22,186|[TRACE] script - #out(`E`) [token]
2021-11-21T23:53:22,186|[TRACE] graph - <------- nonSkippedChar
2021-11-21T23:53:22,187|[TRACE] graph - <----- statementPart
2021-11-21T23:53:22,187|[TRACE] graph - -----> statementPart
2021-11-21T23:53:22,187|[TRACE] graph - -------> nonSkippedChar
2021-11-21T23:53:22,187|[TRACE] script - #out(`=`) [token]
2021-11-21T23:53:22,187|[TRACE] graph - <------- nonSkippedChar
2021-11-21T23:53:22,187|[TRACE] graph - <----- statementPart
2021-11-21T23:53:22,187|[TRACE] graph - -----> statementPart
2021-11-21T23:53:22,187|[TRACE] graph - -------> nonSkippedChar
2021-11-21T23:53:22,187|[TRACE] script - #out(`@`) [token]
2021-11-21T23:53:22,187|[TRACE] graph - <------- nonSkippedChar
2021-11-21T23:53:22,187|[TRACE] graph - <----- statementPart
2021-11-21T23:53:22,187|[TRACE] graph - -----> statementPart
2021-11-21T23:53:22,187|[TRACE] graph - -------> nonSkippedChar
2021-11-21T23:53:22,187|[TRACE] script - #out(`@`) [token]
2021-11-21T23:53:22,187|[TRACE] graph - <------- nonSkippedChar
2021-11-21T23:53:22,187|[TRACE] graph - <----- statementPart
2021-11-21T23:53:22,187|[TRACE] graph - -----> statementPart
2021-11-21T23:53:22,187|[TRACE] graph - -------> nonSkippedChar
2021-11-21T23:53:22,187|[TRACE] script - #out(`S`) [token]
2021-11-21T23:53:22,187|[TRACE] graph - <------- nonSkippedChar
2021-11-21T23:53:22,187|[TRACE] graph - <----- statementPart
2021-11-21T23:53:22,187|[TRACE] graph - -----> statementPart
2021-11-21T23:53:22,187|[TRACE] graph - -------> nonSkippedChar
2021-11-21T23:53:22,187|[TRACE] script - #out(`Q`) [token]
2021-11-21T23:53:22,187|[TRACE] graph - <------- nonSkippedChar
2021-11-21T23:53:22,187|[TRACE] graph - <----- statementPart
2021-11-21T23:53:22,187|[TRACE] graph - -----> statementPart
2021-11-21T23:53:22,187|[TRACE] graph - -------> nonSkippedChar
2021-11-21T23:53:22,187|[TRACE] script - #out(`L`) [token]
2021-11-21T23:53:22,187|[TRACE] graph - <------- nonSkippedChar
2021-11-21T23:53:22,187|[TRACE] graph - <----- statementPart
2021-11-21T23:53:22,187|[TRACE] graph - -----> statementPart
2021-11-21T23:53:22,187|[TRACE] graph - -------> nonSkippedChar
2021-11-21T23:53:22,187|[TRACE] script - #out(`_`) [token]
2021-11-21T23:53:22,187|[TRACE] graph - <------- nonSkippedChar
2021-11-21T23:53:22,187|[TRACE] graph - <----- statementPart
2021-11-21T23:53:22,187|[TRACE] graph - -----> statementPart
2021-11-21T23:53:22,187|[TRACE] graph - -------> nonSkippedChar
2021-11-21T23:53:22,187|[TRACE] script - #out(`M`) [token]
2021-11-21T23:53:22,187|[TRACE] graph - <------- nonSkippedChar
2021-11-21T23:53:22,187|[TRACE] graph - <----- statementPart
2021-11-21T23:53:22,187|[TRACE] graph - -----> statementPart
2021-11-21T23:53:22,187|[TRACE] graph - -------> nonSkippedChar
2021-11-21T23:53:22,187|[TRACE] script - #out(`O`) [token]
2021-11-21T23:53:22,187|[TRACE] graph - <------- nonSkippedChar
2021-11-21T23:53:22,187|[TRACE] graph - <----- statementPart
2021-11-21T23:53:22,187|[TRACE] graph - -----> statementPart
2021-11-21T23:53:22,187|[TRACE] graph - -------> nonSkippedChar
2021-11-21T23:53:22,187|[TRACE] script - #out(`D`) [token]
2021-11-21T23:53:22,187|[TRACE] graph - <------- nonSkippedChar
2021-11-21T23:53:22,187|[TRACE] graph - <----- statementPart
2021-11-21T23:53:22,187|[TRACE] graph - -----> statementPart
2021-11-21T23:53:22,187|[TRACE] graph - -------> nonSkippedChar
2021-11-21T23:53:22,187|[TRACE] script - #out(`E`) [token]
2021-11-21T23:53:22,187|[TRACE] graph - <------- nonSkippedChar
2021-11-21T23:53:22,187|[TRACE] graph - <----- statementPart
2021-11-21T23:53:22,187|[TRACE] graph - -----> statementPart
2021-11-21T23:53:22,187|[TRACE] graph - -------> nonSkippedChar
2021-11-21T23:53:22,187|[TRACE] script - #out(`,`) [token]
2021-11-21T23:53:22,187|[TRACE] graph - <------- nonSkippedChar
2021-11-21T23:53:22,187|[TRACE] graph - <----- statementPart
2021-11-21T23:53:22,187|[TRACE] graph - -----> statementPart
2021-11-21T23:53:22,187|[TRACE] graph - -------> nonSkippedSpace
2021-11-21T23:53:22,187|[TRACE] script - #out(` `) [token]
2021-11-21T23:53:22,187|[TRACE] graph - <------- nonSkippedSpace
2021-11-21T23:53:22,187|[TRACE] graph - <----- statementPart
2021-11-21T23:53:22,187|[TRACE] graph - -----> statementPart
2021-11-21T23:53:22,187|[TRACE] graph - -------> nonSkippedChar
2021-11-21T23:53:22,187|[TRACE] script - #out(`S`) [token]
2021-11-21T23:53:22,187|[TRACE] graph - <------- nonSkippedChar
2021-11-21T23:53:22,187|[TRACE] graph - <----- statementPart
2021-11-21T23:53:22,187|[TRACE] graph - -----> statementPart
2021-11-21T23:53:22,187|[TRACE] graph - -------> nonSkippedChar
2021-11-21T23:53:22,187|[TRACE] script - #out(`Q`) [token]
2021-11-21T23:53:22,187|[TRACE] graph - <------- nonSkippedChar
2021-11-21T23:53:22,187|[TRACE] graph - <----- statementPart
2021-11-21T23:53:22,187|[TRACE] graph - -----> statementPart
2021-11-21T23:53:22,187|[TRACE] graph - -------> nonSkippedChar
2021-11-21T23:53:22,187|[TRACE] script - #out(`L`) [token]
2021-11-21T23:53:22,187|[TRACE] graph - <------- nonSkippedChar
2021-11-21T23:53:22,187|[TRACE] graph - <----- statementPart
2021-11-21T23:53:22,187|[TRACE] graph - -----> statementPart
2021-11-21T23:53:22,187|[TRACE] graph - -------> nonSkippedChar
2021-11-21T23:53:22,187|[TRACE] script - #out(`_`) [token]
2021-11-21T23:53:22,187|[TRACE] graph - <------- nonSkippedChar
2021-11-21T23:53:22,187|[TRACE] graph - <----- statementPart
2021-11-21T23:53:22,187|[TRACE] graph - -----> statementPart
2021-11-21T23:53:22,187|[TRACE] graph - -------> nonSkippedChar
2021-11-21T23:53:22,187|[TRACE] script - #out(`M`) [token]
2021-11-21T23:53:22,187|[TRACE] graph - <------- nonSkippedChar
2021-11-21T23:53:22,187|[TRACE] graph - <----- statementPart
2021-11-21T23:53:22,187|[TRACE] graph - -----> statementPart
2021-11-21T23:53:22,187|[TRACE] graph - -------> nonSkippedChar
2021-11-21T23:53:22,187|[TRACE] script - #out(`O`) [token]
2021-11-21T23:53:22,187|[TRACE] graph - <------- nonSkippedChar
2021-11-21T23:53:22,187|[TRACE] graph - <----- statementPart
2021-11-21T23:53:22,187|[TRACE] graph - -----> statementPart
2021-11-21T23:53:22,187|[TRACE] graph - -------> nonSkippedChar
2021-11-21T23:53:22,187|[TRACE] script - #out(`D`) [token]
2021-11-21T23:53:22,187|[TRACE] graph - <------- nonSkippedChar
2021-11-21T23:53:22,187|[TRACE] graph - <----- statementPart
2021-11-21T23:53:22,187|[TRACE] graph - -----> statementPart
2021-11-21T23:53:22,187|[TRACE] graph - -------> nonSkippedChar
2021-11-21T23:53:22,187|[TRACE] script - #out(`E`) [token]
2021-11-21T23:53:22,187|[TRACE] graph - <------- nonSkippedChar
2021-11-21T23:53:22,187|[TRACE] graph - <----- statementPart
2021-11-21T23:53:22,187|[TRACE] graph - -----> statementPart
2021-11-21T23:53:22,187|[TRACE] graph - -------> nonSkippedChar
2021-11-21T23:53:22,187|[TRACE] script - #out(`=`) [token]
2021-11-21T23:53:22,187|[TRACE] graph - <------- nonSkippedChar
2021-11-21T23:53:22,187|[TRACE] graph - <----- statementPart
2021-11-21T23:53:22,187|[TRACE] graph - -----> statementPart
2021-11-21T23:53:22,187|[TRACE] graph - -------> quotedString
2021-11-21T23:53:22,187|[TRACE] script - #out(`'ONLY_FULL_GROUP_BY,STRICT_TRANS_TABLES,NO_ZERO_IN_DATE,NO_ZERO_DATE,ERROR_FOR_DIVISION_BY_ZERO,NO_ENGINE_SUBSTITUTION'`) [token]
2021-11-21T23:53:22,187|[TRACE] graph - <------- quotedString
2021-11-21T23:53:22,187|[TRACE] graph - <----- statementPart
2021-11-21T23:53:22,187|[DEBUG] graph - Import statement : SET @OLD_SQL_MODE=@@SQL_MODE, SQL_MODE='ONLY_FULL_GROUP_BY,STRICT_TRANS_TABLES,NO_ZERO_IN_DATE,NO_ZERO_DATE,ERROR_FOR_DIVISION_BY_ZERO,NO_ENGINE_SUBSTITUTION'
2021-11-21T23:53:22,187|[TRACE] graph - <--- statement
2021-11-21T23:53:22,187|[TRACE] graph - ---> blankSpacesToSkip
2021-11-21T23:53:22,187|[TRACE] graph - -----> newLineToSkip
2021-11-21T23:53:22,187|[TRACE] graph - <----- newLineToSkip
2021-11-21T23:53:22,187|[TRACE] graph - -----> newLineToSkip
2021-11-21T23:53:22,187|[TRACE] graph - <----- newLineToSkip
2021-11-21T23:53:22,187|[TRACE] graph - -----> newLineToSkip
2021-11-21T23:53:22,187|[TRACE] graph - <----- newLineToSkip
2021-11-21T23:53:22,187|[TRACE] graph - -----> newLineToSkip
2021-11-21T23:53:22,187|[TRACE] graph - <----- newLineToSkip
2021-11-21T23:53:22,187|[TRACE] graph - -----> newLineToSkip
2021-11-21T23:53:22,187|[TRACE] graph - <----- newLineToSkip
2021-11-21T23:53:22,187|[TRACE] graph - <--- blankSpacesToSkip
2021-11-21T23:53:22,187|[TRACE] graph - ---> statement
2021-11-21T23:53:22,187|[TRACE] graph - -----> statementFirstPart
2021-11-21T23:53:22,187|[TRACE] graph - -------> nonSkippedChar
2021-11-21T23:53:22,187|[TRACE] script - #out(`C`) [token]
2021-11-21T23:53:22,187|[TRACE] graph - <------- nonSkippedChar
2021-11-21T23:53:22,187|[TRACE] graph - <----- statementFirstPart
2021-11-21T23:53:22,187|[TRACE] graph - -----> statementPart
2021-11-21T23:53:22,187|[TRACE] graph - -------> nonSkippedChar
2021-11-21T23:53:22,187|[TRACE] script - #out(`R`) [token]
2021-11-21T23:53:22,187|[TRACE] graph - <------- nonSkippedChar
2021-11-21T23:53:22,187|[TRACE] graph - <----- statementPart
2021-11-21T23:53:22,187|[TRACE] graph - -----> statementPart
2021-11-21T23:53:22,187|[TRACE] graph - -------> nonSkippedChar
2021-11-21T23:53:22,187|[TRACE] script - #out(`E`) [token]
2021-11-21T23:53:22,187|[TRACE] graph - <------- nonSkippedChar
2021-11-21T23:53:22,187|[TRACE] graph - <----- statementPart
2021-11-21T23:53:22,187|[TRACE] graph - -----> statementPart
2021-11-21T23:53:22,187|[TRACE] graph - -------> nonSkippedChar
2021-11-21T23:53:22,187|[TRACE] script - #out(`A`) [token]
2021-11-21T23:53:22,187|[TRACE] graph - <------- nonSkippedChar
2021-11-21T23:53:22,187|[TRACE] graph - <----- statementPart
2021-11-21T23:53:22,187|[TRACE] graph - -----> statementPart
2021-11-21T23:53:22,187|[TRACE] graph - -------> nonSkippedChar
2021-11-21T23:53:22,187|[TRACE] script - #out(`T`) [token]
2021-11-21T23:53:22,187|[TRACE] graph - <------- nonSkippedChar
2021-11-21T23:53:22,187|[TRACE] graph - <----- statementPart
2021-11-21T23:53:22,187|[TRACE] graph - -----> statementPart
2021-11-21T23:53:22,187|[TRACE] graph - -------> nonSkippedChar
2021-11-21T23:53:22,187|[TRACE] script - #out(`E`) [token]
2021-11-21T23:53:22,187|[TRACE] graph - <------- nonSkippedChar
2021-11-21T23:53:22,187|[TRACE] graph - <----- statementPart
2021-11-21T23:53:22,187|[TRACE] graph - -----> statementPart
2021-11-21T23:53:22,187|[TRACE] graph - -------> nonSkippedSpace
2021-11-21T23:53:22,187|[TRACE] script - #out(` `) [token]
2021-11-21T23:53:22,187|[TRACE] graph - <------- nonSkippedSpace
2021-11-21T23:53:22,187|[TRACE] graph - <----- statementPart
2021-11-21T23:53:22,187|[TRACE] graph - -----> statementPart
2021-11-21T23:53:22,187|[TRACE] graph - -------> nonSkippedChar
2021-11-21T23:53:22,187|[TRACE] script - #out(`S`) [token]
2021-11-21T23:53:22,187|[TRACE] graph - <------- nonSkippedChar
2021-11-21T23:53:22,187|[TRACE] graph - <----- statementPart
2021-11-21T23:53:22,187|[TRACE] graph - -----> statementPart
2021-11-21T23:53:22,187|[TRACE] graph - -------> nonSkippedChar
2021-11-21T23:53:22,187|[TRACE] script - #out(`C`) [token]
2021-11-21T23:53:22,187|[TRACE] graph - <------- nonSkippedChar
2021-11-21T23:53:22,187|[TRACE] graph - <----- statementPart
2021-11-21T23:53:22,187|[TRACE] graph - -----> statementPart
2021-11-21T23:53:22,187|[TRACE] graph - -------> nonSkippedChar
2021-11-21T23:53:22,187|[TRACE] script - #out(`H`) [token]
2021-11-21T23:53:22,187|[TRACE] graph - <------- nonSkippedChar
2021-11-21T23:53:22,187|[TRACE] graph - <----- statementPart
2021-11-21T23:53:22,187|[TRACE] graph - -----> statementPart
2021-11-21T23:53:22,187|[TRACE] graph - -------> nonSkippedChar
2021-11-21T23:53:22,187|[TRACE] script - #out(`E`) [token]
2021-11-21T23:53:22,187|[TRACE] graph - <------- nonSkippedChar
2021-11-21T23:53:22,187|[TRACE] graph - <----- statementPart
2021-11-21T23:53:22,187|[TRACE] graph - -----> statementPart
2021-11-21T23:53:22,187|[TRACE] graph - -------> nonSkippedChar
2021-11-21T23:53:22,187|[TRACE] script - #out(`M`) [token]
2021-11-21T23:53:22,188|[TRACE] graph - <------- nonSkippedChar
2021-11-21T23:53:22,188|[TRACE] graph - <----- statementPart
2021-11-21T23:53:22,188|[TRACE] graph - -----> statementPart
2021-11-21T23:53:22,188|[TRACE] graph - -------> nonSkippedChar
2021-11-21T23:53:22,188|[TRACE] script - #out(`A`) [token]
2021-11-21T23:53:22,188|[TRACE] graph - <------- nonSkippedChar
2021-11-21T23:53:22,188|[TRACE] graph - <----- statementPart
2021-11-21T23:53:22,188|[TRACE] graph - -----> statementPart
2021-11-21T23:53:22,188|[TRACE] graph - -------> nonSkippedSpace
2021-11-21T23:53:22,188|[TRACE] script - #out(` `) [token]
2021-11-21T23:53:22,188|[TRACE] graph - <------- nonSkippedSpace
2021-11-21T23:53:22,188|[TRACE] graph - <----- statementPart
2021-11-21T23:53:22,188|[TRACE] graph - -----> statementPart
2021-11-21T23:53:22,188|[TRACE] graph - -------> nonSkippedChar
2021-11-21T23:53:22,188|[TRACE] script - #out(`I`) [token]
2021-11-21T23:53:22,188|[TRACE] graph - <------- nonSkippedChar
2021-11-21T23:53:22,188|[TRACE] graph - <----- statementPart
2021-11-21T23:53:22,188|[TRACE] graph - -----> statementPart
2021-11-21T23:53:22,188|[TRACE] graph - -------> nonSkippedChar
2021-11-21T23:53:22,188|[TRACE] script - #out(`F`) [token]
2021-11-21T23:53:22,188|[TRACE] graph - <------- nonSkippedChar
2021-11-21T23:53:22,188|[TRACE] graph - <----- statementPart
2021-11-21T23:53:22,188|[TRACE] graph - -----> statementPart
2021-11-21T23:53:22,188|[TRACE] graph - -------> nonSkippedSpace
2021-11-21T23:53:22,188|[TRACE] script - #out(` `) [token]
2021-11-21T23:53:22,188|[TRACE] graph - <------- nonSkippedSpace
2021-11-21T23:53:22,188|[TRACE] graph - <----- statementPart
2021-11-21T23:53:22,188|[TRACE] graph - -----> statementPart
2021-11-21T23:53:22,188|[TRACE] graph - -------> nonSkippedChar
2021-11-21T23:53:22,188|[TRACE] script - #out(`N`) [token]
2021-11-21T23:53:22,188|[TRACE] graph - <------- nonSkippedChar
2021-11-21T23:53:22,188|[TRACE] graph - <----- statementPart
2021-11-21T23:53:22,188|[TRACE] graph - -----> statementPart
2021-11-21T23:53:22,188|[TRACE] graph - -------> nonSkippedChar
2021-11-21T23:53:22,188|[TRACE] script - #out(`O`) [token]
2021-11-21T23:53:22,188|[TRACE] graph - <------- nonSkippedChar
2021-11-21T23:53:22,188|[TRACE] graph - <----- statementPart
2021-11-21T23:53:22,188|[TRACE] graph - -----> statementPart
2021-11-21T23:53:22,188|[TRACE] graph - -------> nonSkippedChar
2021-11-21T23:53:22,188|[TRACE] script - #out(`T`) [token]
2021-11-21T23:53:22,188|[TRACE] graph - <------- nonSkippedChar
2021-11-21T23:53:22,188|[TRACE] graph - <----- statementPart
2021-11-21T23:53:22,188|[TRACE] graph - -----> statementPart
2021-11-21T23:53:22,188|[TRACE] graph - -------> nonSkippedSpace
2021-11-21T23:53:22,188|[TRACE] script - #out(` `) [token]
2021-11-21T23:53:22,188|[TRACE] graph - <------- nonSkippedSpace
2021-11-21T23:53:22,188|[TRACE] graph - <----- statementPart
2021-11-21T23:53:22,188|[TRACE] graph - -----> statementPart
2021-11-21T23:53:22,188|[TRACE] graph - -------> nonSkippedChar
2021-11-21T23:53:22,188|[TRACE] script - #out(`E`) [token]
2021-11-21T23:53:22,188|[TRACE] graph - <------- nonSkippedChar
2021-11-21T23:53:22,188|[TRACE] graph - <----- statementPart
2021-11-21T23:53:22,188|[TRACE] graph - -----> statementPart
2021-11-21T23:53:22,188|[TRACE] graph - -------> nonSkippedChar
2021-11-21T23:53:22,188|[TRACE] script - #out(`X`) [token]
2021-11-21T23:53:22,188|[TRACE] graph - <------- nonSkippedChar
2021-11-21T23:53:22,188|[TRACE] graph - <----- statementPart
2021-11-21T23:53:22,188|[TRACE] graph - -----> statementPart
2021-11-21T23:53:22,188|[TRACE] graph - -------> nonSkippedChar
2021-11-21T23:53:22,188|[TRACE] script - #out(`I`) [token]
2021-11-21T23:53:22,188|[TRACE] graph - <------- nonSkippedChar
2021-11-21T23:53:22,188|[TRACE] graph - <----- statementPart
2021-11-21T23:53:22,188|[TRACE] graph - -----> statementPart
2021-11-21T23:53:22,188|[TRACE] graph - -------> nonSkippedChar
2021-11-21T23:53:22,188|[TRACE] script - #out(`S`) [token]
2021-11-21T23:53:22,188|[TRACE] graph - <------- nonSkippedChar
2021-11-21T23:53:22,188|[TRACE] graph - <----- statementPart
2021-11-21T23:53:22,188|[TRACE] graph - -----> statementPart
2021-11-21T23:53:22,188|[TRACE] graph - -------> nonSkippedChar
2021-11-21T23:53:22,188|[TRACE] script - #out(`T`) [token]
2021-11-21T23:53:22,188|[TRACE] graph - <------- nonSkippedChar
2021-11-21T23:53:22,188|[TRACE] graph - <----- statementPart
2021-11-21T23:53:22,188|[TRACE] graph - -----> statementPart
2021-11-21T23:53:22,188|[TRACE] graph - -------> nonSkippedChar
2021-11-21T23:53:22,188|[TRACE] script - #out(`S`) [token]
2021-11-21T23:53:22,188|[TRACE] graph - <------- nonSkippedChar
2021-11-21T23:53:22,210|[TRACE] graph - <----- statementPart
2021-11-21T23:53:22,210|[TRACE] graph - -----> statementPart
2021-11-21T23:53:22,210|[TRACE] graph - -------> nonSkippedSpace
2021-11-21T23:53:22,210|[TRACE] script - #out(` `) [token]
2021-11-21T23:53:22,210|[TRACE] graph - <------- nonSkippedSpace
2021-11-21T23:53:22,210|[TRACE] graph - <----- statementPart
2021-11-21T23:53:22,210|[TRACE] graph - -----> statementPart
2021-11-21T23:53:22,210|[TRACE] graph - -------> quotedString
2021-11-21T23:53:22,210|[TRACE] script - #out(``bloodbank``) [token]
2021-11-21T23:53:22,210|[TRACE] graph - <------- quotedString
2021-11-21T23:53:22,210|[TRACE] graph - <----- statementPart
2021-11-21T23:53:22,210|[TRACE] graph - -----> statementPart
2021-11-21T23:53:22,210|[TRACE] graph - -------> nonSkippedSpace
2021-11-21T23:53:22,210|[TRACE] script - #out(` `) [token]
2021-11-21T23:53:22,210|[TRACE] graph - <------- nonSkippedSpace
2021-11-21T23:53:22,210|[TRACE] graph - <----- statementPart
2021-11-21T23:53:22,210|[TRACE] graph - -----> statementPart
2021-11-21T23:53:22,210|[TRACE] graph - -------> nonSkippedChar
2021-11-21T23:53:22,210|[TRACE] script - #out(`D`) [token]
2021-11-21T23:53:22,210|[TRACE] graph - <------- nonSkippedChar
2021-11-21T23:53:22,210|[TRACE] graph - <----- statementPart
2021-11-21T23:53:22,210|[TRACE] graph - -----> statementPart
2021-11-21T23:53:22,210|[TRACE] graph - -------> nonSkippedChar
2021-11-21T23:53:22,210|[TRACE] script - #out(`E`) [token]
2021-11-21T23:53:22,210|[TRACE] graph - <------- nonSkippedChar
2021-11-21T23:53:22,210|[TRACE] graph - <----- statementPart
2021-11-21T23:53:22,210|[TRACE] graph - -----> statementPart
2021-11-21T23:53:22,210|[TRACE] graph - -------> nonSkippedChar
2021-11-21T23:53:22,210|[TRACE] script - #out(`F`) [token]
2021-11-21T23:53:22,210|[TRACE] graph - <------- nonSkippedChar
2021-11-21T23:53:22,210|[TRACE] graph - <----- statementPart
2021-11-21T23:53:22,210|[TRACE] graph - -----> statementPart
2021-11-21T23:53:22,210|[TRACE] graph - -------> nonSkippedChar
2021-11-21T23:53:22,210|[TRACE] script - #out(`A`) [token]
2021-11-21T23:53:22,210|[TRACE] graph - <------- nonSkippedChar
2021-11-21T23:53:22,210|[TRACE] graph - <----- statementPart
2021-11-21T23:53:22,210|[TRACE] graph - -----> statementPart
2021-11-21T23:53:22,210|[TRACE] graph - -------> nonSkippedChar
2021-11-21T23:53:22,210|[TRACE] script - #out(`U`) [token]
2021-11-21T23:53:22,210|[TRACE] graph - <------- nonSkippedChar
2021-11-21T23:53:22,210|[TRACE] graph - <----- statementPart
2021-11-21T23:53:22,210|[TRACE] graph - -----> statementPart
2021-11-21T23:53:22,210|[TRACE] graph - -------> nonSkippedChar
2021-11-21T23:53:22,210|[TRACE] script - #out(`L`) [token]
2021-11-21T23:53:22,210|[TRACE] graph - <------- nonSkippedChar
2021-11-21T23:53:22,210|[TRACE] graph - <----- statementPart
2021-11-21T23:53:22,210|[TRACE] graph - -----> statementPart
2021-11-21T23:53:22,210|[TRACE] graph - -------> nonSkippedChar
2021-11-21T23:53:22,210|[TRACE] script - #out(`T`) [token]
2021-11-21T23:53:22,210|[TRACE] graph - <------- nonSkippedChar
2021-11-21T23:53:22,210|[TRACE] graph - <----- statementPart
2021-11-21T23:53:22,210|[TRACE] graph - -----> statementPart
2021-11-21T23:53:22,210|[TRACE] graph - -------> nonSkippedSpace
2021-11-21T23:53:22,210|[TRACE] script - #out(` `) [token]
2021-11-21T23:53:22,210|[TRACE] graph - <------- nonSkippedSpace
2021-11-21T23:53:22,210|[TRACE] graph - <----- statementPart
2021-11-21T23:53:22,210|[TRACE] graph - -----> statementPart
2021-11-21T23:53:22,210|[TRACE] graph - -------> nonSkippedChar
2021-11-21T23:53:22,210|[TRACE] script - #out(`C`) [token]
2021-11-21T23:53:22,210|[TRACE] graph - <------- nonSkippedChar
2021-11-21T23:53:22,210|[TRACE] graph - <----- statementPart
2021-11-21T23:53:22,210|[TRACE] graph - -----> statementPart
2021-11-21T23:53:22,210|[TRACE] graph - -------> nonSkippedChar
2021-11-21T23:53:22,210|[TRACE] script - #out(`H`) [token]
2021-11-21T23:53:22,210|[TRACE] graph - <------- nonSkippedChar
2021-11-21T23:53:22,210|[TRACE] graph - <----- statementPart
2021-11-21T23:53:22,210|[TRACE] graph - -----> statementPart
2021-11-21T23:53:22,210|[TRACE] graph - -------> nonSkippedChar
2021-11-21T23:53:22,210|[TRACE] script - #out(`A`) [token]
2021-11-21T23:53:22,210|[TRACE] graph - <------- nonSkippedChar
2021-11-21T23:53:22,210|[TRACE] graph - <----- statementPart
2021-11-21T23:53:22,210|[TRACE] graph - -----> statementPart
2021-11-21T23:53:22,210|[TRACE] graph - -------> nonSkippedChar
2021-11-21T23:53:22,210|[TRACE] script - #out(`R`) [token]
2021-11-21T23:53:22,210|[TRACE] graph - <------- nonSkippedChar
2021-11-21T23:53:22,210|[TRACE] graph - <----- statementPart
2021-11-21T23:53:22,210|[TRACE] graph - -----> statementPart
2021-11-21T23:53:22,210|[TRACE] graph - -------> nonSkippedChar
2021-11-21T23:53:22,210|[TRACE] script - #out(`A`) [token]
2021-11-21T23:53:22,210|[TRACE] graph - <------- nonSkippedChar
2021-11-21T23:53:22,210|[TRACE] graph - <----- statementPart
2021-11-21T23:53:22,210|[TRACE] graph - -----> statementPart
2021-11-21T23:53:22,210|[TRACE] graph - -------> nonSkippedChar
2021-11-21T23:53:22,210|[TRACE] script - #out(`C`) [token]
2021-11-21T23:53:22,210|[TRACE] graph - <------- nonSkippedChar
2021-11-21T23:53:22,210|[TRACE] graph - <----- statementPart
2021-11-21T23:53:22,210|[TRACE] graph - -----> statementPart
2021-11-21T23:53:22,210|[TRACE] graph - -------> nonSkippedChar
2021-11-21T23:53:22,210|[TRACE] script - #out(`T`) [token]
2021-11-21T23:53:22,210|[TRACE] graph - <------- nonSkippedChar
2021-11-21T23:53:22,210|[TRACE] graph - <----- statementPart
2021-11-21T23:53:22,210|[TRACE] graph - -----> statementPart
2021-11-21T23:53:22,210|[TRACE] graph - -------> nonSkippedChar
2021-11-21T23:53:22,210|[TRACE] script - #out(`E`) [token]
2021-11-21T23:53:22,210|[TRACE] graph - <------- nonSkippedChar
2021-11-21T23:53:22,210|[TRACE] graph - <----- statementPart
2021-11-21T23:53:22,210|[TRACE] graph - -----> statementPart
2021-11-21T23:53:22,210|[TRACE] graph - -------> nonSkippedChar
2021-11-21T23:53:22,210|[TRACE] script - #out(`R`) [token]
2021-11-21T23:53:22,210|[TRACE] graph - <------- nonSkippedChar
2021-11-21T23:53:22,210|[TRACE] graph - <----- statementPart
2021-11-21T23:53:22,210|[TRACE] graph - -----> statementPart
2021-11-21T23:53:22,210|[TRACE] graph - -------> nonSkippedSpace
2021-11-21T23:53:22,210|[TRACE] script - #out(` `) [token]
2021-11-21T23:53:22,210|[TRACE] graph - <------- nonSkippedSpace
2021-11-21T23:53:22,210|[TRACE] graph - <----- statementPart
2021-11-21T23:53:22,210|[TRACE] graph - -----> statementPart
2021-11-21T23:53:22,210|[TRACE] graph - -------> nonSkippedChar
2021-11-21T23:53:22,210|[TRACE] script - #out(`S`) [token]
2021-11-21T23:53:22,210|[TRACE] graph - <------- nonSkippedChar
2021-11-21T23:53:22,211|[TRACE] graph - <----- statementPart
2021-11-21T23:53:22,211|[TRACE] graph - -----> statementPart
2021-11-21T23:53:22,211|[TRACE] graph - -------> nonSkippedChar
2021-11-21T23:53:22,211|[TRACE] script - #out(`E`) [token]
2021-11-21T23:53:22,211|[TRACE] graph - <------- nonSkippedChar
2021-11-21T23:53:22,211|[TRACE] graph - <----- statementPart
2021-11-21T23:53:22,211|[TRACE] graph - -----> statementPart
2021-11-21T23:53:22,211|[TRACE] graph - -------> nonSkippedChar
2021-11-21T23:53:22,211|[TRACE] script - #out(`T`) [token]
2021-11-21T23:53:22,211|[TRACE] graph - <------- nonSkippedChar
2021-11-21T23:53:22,211|[TRACE] graph - <----- statementPart
2021-11-21T23:53:22,211|[TRACE] graph - -----> statementPart
2021-11-21T23:53:22,211|[TRACE] graph - -------> nonSkippedSpace
2021-11-21T23:53:22,211|[TRACE] script - #out(` `) [token]
2021-11-21T23:53:22,211|[TRACE] graph - <------- nonSkippedSpace
2021-11-21T23:53:22,211|[TRACE] graph - <----- statementPart
2021-11-21T23:53:22,211|[TRACE] graph - -----> statementPart
2021-11-21T23:53:22,211|[TRACE] graph - -------> nonSkippedChar
2021-11-21T23:53:22,211|[TRACE] script - #out(`u`) [token]
2021-11-21T23:53:22,211|[TRACE] graph - <------- nonSkippedChar
2021-11-21T23:53:22,211|[TRACE] graph - <----- statementPart
2021-11-21T23:53:22,211|[TRACE] graph - -----> statementPart
2021-11-21T23:53:22,211|[TRACE] graph - -------> nonSkippedChar
2021-11-21T23:53:22,211|[TRACE] script - #out(`t`) [token]
2021-11-21T23:53:22,211|[TRACE] graph - <------- nonSkippedChar
2021-11-21T23:53:22,211|[TRACE] graph - <----- statementPart
2021-11-21T23:53:22,211|[TRACE] graph - -----> statementPart
2021-11-21T23:53:22,211|[TRACE] graph - -------> nonSkippedChar
2021-11-21T23:53:22,211|[TRACE] script - #out(`f`) [token]
2021-11-21T23:53:22,211|[TRACE] graph - <------- nonSkippedChar
2021-11-21T23:53:22,211|[TRACE] graph - <----- statementPart
2021-11-21T23:53:22,211|[TRACE] graph - -----> statementPart
2021-11-21T23:53:22,211|[TRACE] graph - -------> nonSkippedChar
2021-11-21T23:53:22,211|[TRACE] script - #out(`8`) [token]
2021-11-21T23:53:22,211|[TRACE] graph - <------- nonSkippedChar
2021-11-21T23:53:22,211|[TRACE] graph - <----- statementPart
2021-11-21T23:53:22,211|[TRACE] graph - -----> statementPart
2021-11-21T23:53:22,211|[TRACE] graph - -------> nonSkippedChar
2021-11-21T23:53:22,211|[TRACE] script - #out(`m`) [token]
2021-11-21T23:53:22,211|[TRACE] graph - <------- nonSkippedChar
2021-11-21T23:53:22,211|[TRACE] graph - <----- statementPart
2021-11-21T23:53:22,211|[TRACE] graph - -----> statementPart
2021-11-21T23:53:22,211|[TRACE] graph - -------> nonSkippedChar
2021-11-21T23:53:22,211|[TRACE] script - #out(`b`) [token]
2021-11-21T23:53:22,211|[TRACE] graph - <------- nonSkippedChar
2021-11-21T23:53:22,211|[TRACE] graph - <----- statementPart
2021-11-21T23:53:22,211|[TRACE] graph - -----> statementPart
2021-11-21T23:53:22,211|[TRACE] graph - -------> nonSkippedChar
2021-11-21T23:53:22,211|[TRACE] script - #out(`4`) [token]
2021-11-21T23:53:22,211|[TRACE] graph - <------- nonSkippedChar
2021-11-21T23:53:22,211|[TRACE] graph - <----- statementPart
2021-11-21T23:53:22,211|[TRACE] graph - -----> statementPart
2021-11-21T23:53:22,211|[TRACE] graph - -------> nonSkippedSpace
2021-11-21T23:53:22,211|[TRACE] script - #out(` `) [token]
2021-11-21T23:53:22,211|[TRACE] graph - <------- nonSkippedSpace
2021-11-21T23:53:22,211|[TRACE] graph - <----- statementPart
2021-11-21T23:53:22,211|[TRACE] graph - -----> statementPart
2021-11-21T23:53:22,211|[TRACE] graph - -------> nonSkippedChar
2021-11-21T23:53:22,211|[TRACE] script - #out(`C`) [token]
2021-11-21T23:53:22,211|[TRACE] graph - <------- nonSkippedChar
2021-11-21T23:53:22,211|[TRACE] graph - <----- statementPart
2021-11-21T23:53:22,211|[TRACE] graph - -----> statementPart
2021-11-21T23:53:22,211|[TRACE] graph - -------> nonSkippedChar
2021-11-21T23:53:22,211|[TRACE] script - #out(`O`) [token]
2021-11-21T23:53:22,211|[TRACE] graph - <------- nonSkippedChar
2021-11-21T23:53:22,211|[TRACE] graph - <----- statementPart
2021-11-21T23:53:22,211|[TRACE] graph - -----> statementPart
2021-11-21T23:53:22,211|[TRACE] graph - -------> nonSkippedChar
2021-11-21T23:53:22,211|[TRACE] script - #out(`L`) [token]
2021-11-21T23:53:22,211|[TRACE] graph - <------- nonSkippedChar
2021-11-21T23:53:22,211|[TRACE] graph - <----- statementPart
2021-11-21T23:53:22,211|[TRACE] graph - -----> statementPart
2021-11-21T23:53:22,211|[TRACE] graph - -------> nonSkippedChar
2021-11-21T23:53:22,211|[TRACE] script - #out(`L`) [token]
2021-11-21T23:53:22,211|[TRACE] graph - <------- nonSkippedChar
2021-11-21T23:53:22,211|[TRACE] graph - <----- statementPart
2021-11-21T23:53:22,211|[TRACE] graph - -----> statementPart
2021-11-21T23:53:22,211|[TRACE] graph - -------> nonSkippedChar
2021-11-21T23:53:22,211|[TRACE] script - #out(`A`) [token]
2021-11-21T23:53:22,211|[TRACE] graph - <------- nonSkippedChar
2021-11-21T23:53:22,211|[TRACE] graph - <----- statementPart
2021-11-21T23:53:22,211|[TRACE] graph - -----> statementPart
2021-11-21T23:53:22,211|[TRACE] graph - -------> nonSkippedChar
2021-11-21T23:53:22,211|[TRACE] script - #out(`T`) [token]
2021-11-21T23:53:22,211|[TRACE] graph - <------- nonSkippedChar
2021-11-21T23:53:22,211|[TRACE] graph - <----- statementPart
2021-11-21T23:53:22,211|[TRACE] graph - -----> statementPart
2021-11-21T23:53:22,211|[TRACE] graph - -------> nonSkippedChar
2021-11-21T23:53:22,211|[TRACE] script - #out(`E`) [token]
2021-11-21T23:53:22,211|[TRACE] graph - <------- nonSkippedChar
2021-11-21T23:53:22,211|[TRACE] graph - <----- statementPart
2021-11-21T23:53:22,211|[TRACE] graph - -----> statementPart
2021-11-21T23:53:22,211|[TRACE] graph - -------> nonSkippedSpace
2021-11-21T23:53:22,211|[TRACE] script - #out(` `) [token]
2021-11-21T23:53:22,211|[TRACE] graph - <------- nonSkippedSpace
2021-11-21T23:53:22,211|[TRACE] graph - <----- statementPart
2021-11-21T23:53:22,211|[TRACE] graph - -----> statementPart
2021-11-21T23:53:22,211|[TRACE] graph - -------> nonSkippedChar
2021-11-21T23:53:22,211|[TRACE] script - #out(`u`) [token]
2021-11-21T23:53:22,211|[TRACE] graph - <------- nonSkippedChar
2021-11-21T23:53:22,211|[TRACE] graph - <----- statementPart
2021-11-21T23:53:22,211|[TRACE] graph - -----> statementPart
2021-11-21T23:53:22,211|[TRACE] graph - -------> nonSkippedChar
2021-11-21T23:53:22,211|[TRACE] script - #out(`t`) [token]
2021-11-21T23:53:22,211|[TRACE] graph - <------- nonSkippedChar
2021-11-21T23:53:22,211|[TRACE] graph - <----- statementPart
2021-11-21T23:53:22,211|[TRACE] graph - -----> statementPart
2021-11-21T23:53:22,211|[TRACE] graph - -------> nonSkippedChar
2021-11-21T23:53:22,211|[TRACE] script - #out(`f`) [token]
2021-11-21T23:53:22,211|[TRACE] graph - <------- nonSkippedChar
2021-11-21T23:53:22,211|[TRACE] graph - <----- statementPart
2021-11-21T23:53:22,211|[TRACE] graph - -----> statementPart
2021-11-21T23:53:22,211|[TRACE] graph - -------> nonSkippedChar
2021-11-21T23:53:22,211|[TRACE] script - #out(`8`) [token]
2021-11-21T23:53:22,211|[TRACE] graph - <------- nonSkippedChar
2021-11-21T23:53:22,211|[TRACE] graph - <----- statementPart
2021-11-21T23:53:22,211|[TRACE] graph - -----> statementPart
2021-11-21T23:53:22,211|[TRACE] graph - -------> nonSkippedChar
2021-11-21T23:53:22,211|[TRACE] script - #out(`m`) [token]
2021-11-21T23:53:22,211|[TRACE] graph - <------- nonSkippedChar
2021-11-21T23:53:22,211|[TRACE] graph - <----- statementPart
2021-11-21T23:53:22,211|[TRACE] graph - -----> statementPart
2021-11-21T23:53:22,211|[TRACE] graph - -------> nonSkippedChar
2021-11-21T23:53:22,211|[TRACE] script - #out(`b`) [token]
2021-11-21T23:53:22,211|[TRACE] graph - <------- nonSkippedChar
2021-11-21T23:53:22,211|[TRACE] graph - <----- statementPart
2021-11-21T23:53:22,211|[TRACE] graph - -----> statementPart
2021-11-21T23:53:22,211|[TRACE] graph - -------> nonSkippedChar
2021-11-21T23:53:22,211|[TRACE] script - #out(`4`) [token]
2021-11-21T23:53:22,211|[TRACE] graph - <------- nonSkippedChar
2021-11-21T23:53:22,211|[TRACE] graph - <----- statementPart
2021-11-21T23:53:22,211|[TRACE] graph - -----> statementPart
2021-11-21T23:53:22,211|[TRACE] graph - -------> nonSkippedChar
2021-11-21T23:53:22,211|[TRACE] script - #out(`_`) [token]
2021-11-21T23:53:22,211|[TRACE] graph - <------- nonSkippedChar
2021-11-21T23:53:22,211|[TRACE] graph - <----- statementPart
2021-11-21T23:53:22,211|[TRACE] graph - -----> statementPart
2021-11-21T23:53:22,211|[TRACE] graph - -------> nonSkippedChar
2021-11-21T23:53:22,211|[TRACE] script - #out(`0`) [token]
2021-11-21T23:53:22,211|[TRACE] graph - <------- nonSkippedChar
2021-11-21T23:53:22,211|[TRACE] graph - <----- statementPart
2021-11-21T23:53:22,211|[TRACE] graph - -----> statementPart
2021-11-21T23:53:22,211|[TRACE] graph - -------> nonSkippedChar
2021-11-21T23:53:22,211|[TRACE] script - #out(`9`) [token]
2021-11-21T23:53:22,211|[TRACE] graph - <------- nonSkippedChar
2021-11-21T23:53:22,211|[TRACE] graph - <----- statementPart
2021-11-21T23:53:22,211|[TRACE] graph - -----> statementPart
2021-11-21T23:53:22,211|[TRACE] graph - -------> nonSkippedChar
2021-11-21T23:53:22,211|[TRACE] script - #out(`0`) [token]
2021-11-21T23:53:22,211|[TRACE] graph - <------- nonSkippedChar
2021-11-21T23:53:22,211|[TRACE] graph - <----- statementPart
2021-11-21T23:53:22,211|[TRACE] graph - -----> statementPart
2021-11-21T23:53:22,211|[TRACE] graph - -------> nonSkippedChar
2021-11-21T23:53:22,211|[TRACE] script - #out(`0`) [token]
2021-11-21T23:53:22,211|[TRACE] graph - <------- nonSkippedChar
2021-11-21T23:53:22,211|[TRACE] graph - <----- statementPart
2021-11-21T23:53:22,211|[TRACE] graph - -----> statementPart
2021-11-21T23:53:22,211|[TRACE] graph - -------> nonSkippedChar
2021-11-21T23:53:22,211|[TRACE] script - #out(`_`) [token]
2021-11-21T23:53:22,211|[TRACE] graph - <------- nonSkippedChar
2021-11-21T23:53:22,211|[TRACE] graph - <----- statementPart
2021-11-21T23:53:22,211|[TRACE] graph - -----> statementPart
2021-11-21T23:53:22,211|[TRACE] graph - -------> nonSkippedChar
2021-11-21T23:53:22,211|[TRACE] script - #out(`a`) [token]
2021-11-21T23:53:22,211|[TRACE] graph - <------- nonSkippedChar
2021-11-21T23:53:22,211|[TRACE] graph - <----- statementPart
2021-11-21T23:53:22,211|[TRACE] graph - -----> statementPart
2021-11-21T23:53:22,211|[TRACE] graph - -------> nonSkippedChar
2021-11-21T23:53:22,211|[TRACE] script - #out(`i`) [token]
2021-11-21T23:53:22,211|[TRACE] graph - <------- nonSkippedChar
2021-11-21T23:53:22,211|[TRACE] graph - <----- statementPart
2021-11-21T23:53:22,211|[TRACE] graph - -----> statementPart
2021-11-21T23:53:22,211|[TRACE] graph - -------> nonSkippedChar
2021-11-21T23:53:22,211|[TRACE] script - #out(`_`) [token]
2021-11-21T23:53:22,211|[TRACE] graph - <------- nonSkippedChar
2021-11-21T23:53:22,211|[TRACE] graph - <----- statementPart
2021-11-21T23:53:22,211|[TRACE] graph - -----> statementPart
2021-11-21T23:53:22,211|[TRACE] graph - -------> nonSkippedChar
2021-11-21T23:53:22,211|[TRACE] script - #out(`c`) [token]
2021-11-21T23:53:22,211|[TRACE] graph - <------- nonSkippedChar
2021-11-21T23:53:22,211|[TRACE] graph - <----- statementPart
2021-11-21T23:53:22,211|[TRACE] graph - -----> statementPart
2021-11-21T23:53:22,211|[TRACE] graph - -------> nonSkippedChar
2021-11-21T23:53:22,211|[TRACE] script - #out(`i`) [token]
2021-11-21T23:53:22,211|[TRACE] graph - <------- nonSkippedChar
2021-11-21T23:53:22,211|[TRACE] graph - <----- statementPart
2021-11-21T23:53:22,211|[TRACE] graph - -----> statementPart
2021-11-21T23:53:22,211|[TRACE] graph - -------> nonSkippedSpace
2021-11-21T23:53:22,211|[TRACE] script - #out(` `) [token]
2021-11-21T23:53:22,211|[TRACE] graph - <------- nonSkippedSpace
2021-11-21T23:53:22,211|[TRACE] graph - <----- statementPart
2021-11-21T23:53:22,211|[DEBUG] graph - Import statement : CREATE SCHEMA IF NOT EXISTS `bloodbank` DEFAULT CHARACTER SET utf8mb4 COLLATE utf8mb4_0900_ai_ci
2021-11-21T23:53:22,211|[TRACE] graph - <--- statement
2021-11-21T23:53:22,211|[TRACE] graph - ---> blankSpacesToSkip
2021-11-21T23:53:22,211|[TRACE] graph - -----> newLineToSkip
2021-11-21T23:53:22,211|[TRACE] graph - <----- newLineToSkip
2021-11-21T23:53:22,211|[TRACE] graph - <--- blankSpacesToSkip
2021-11-21T23:53:22,211|[TRACE] graph - ---> statement
2021-11-21T23:53:22,211|[TRACE] graph - -----> statementFirstPart
2021-11-21T23:53:22,211|[TRACE] graph - -------> nonSkippedChar
2021-11-21T23:53:22,211|[TRACE] script - #out(`U`) [token]
2021-11-21T23:53:22,211|[TRACE] graph - <------- nonSkippedChar
2021-11-21T23:53:22,211|[TRACE] graph - <----- statementFirstPart
2021-11-21T23:53:22,211|[TRACE] graph - -----> statementPart
2021-11-21T23:53:22,211|[TRACE] graph - -------> nonSkippedChar
2021-11-21T23:53:22,211|[TRACE] script - #out(`S`) [token]
2021-11-21T23:53:22,211|[TRACE] graph - <------- nonSkippedChar
2021-11-21T23:53:22,211|[TRACE] graph - <----- statementPart
2021-11-21T23:53:22,211|[TRACE] graph - -----> statementPart
2021-11-21T23:53:22,211|[TRACE] graph - -------> nonSkippedChar
2021-11-21T23:53:22,211|[TRACE] script - #out(`E`) [token]
2021-11-21T23:53:22,211|[TRACE] graph - <------- nonSkippedChar
2021-11-21T23:53:22,211|[TRACE] graph - <----- statementPart
2021-11-21T23:53:22,211|[TRACE] graph - -----> statementPart
2021-11-21T23:53:22,211|[TRACE] graph - -------> nonSkippedSpace
2021-11-21T23:53:22,211|[TRACE] script - #out(` `) [token]
2021-11-21T23:53:22,211|[TRACE] graph - <------- nonSkippedSpace
2021-11-21T23:53:22,211|[TRACE] graph - <----- statementPart
2021-11-21T23:53:22,211|[TRACE] graph - -----> statementPart
2021-11-21T23:53:22,211|[TRACE] graph - -------> quotedString
2021-11-21T23:53:22,211|[TRACE] script - #out(``bloodbank``) [token]
2021-11-21T23:53:22,211|[TRACE] graph - <------- quotedString
2021-11-21T23:53:22,211|[TRACE] graph - <----- statementPart
2021-11-21T23:53:22,211|[TRACE] graph - -----> statementPart
2021-11-21T23:53:22,211|[TRACE] graph - -------> nonSkippedSpace
2021-11-21T23:53:22,211|[TRACE] script - #out(` `) [token]
2021-11-21T23:53:22,211|[TRACE] graph - <------- nonSkippedSpace
2021-11-21T23:53:22,211|[TRACE] graph - <----- statementPart
2021-11-21T23:53:22,211|[DEBUG] graph - Import statement : USE `bloodbank`
2021-11-21T23:53:22,211|[TRACE] graph - <--- statement
2021-11-21T23:53:22,211|[TRACE] graph - ---> blankSpacesToSkip
2021-11-21T23:53:22,211|[TRACE] graph - -----> newLineToSkip
2021-11-21T23:53:22,211|[TRACE] graph - <----- newLineToSkip
2021-11-21T23:53:22,211|[TRACE] graph - -----> newLineToSkip
2021-11-21T23:53:22,211|[TRACE] graph - <----- newLineToSkip
2021-11-21T23:53:22,211|[TRACE] graph - -----> newLineToSkip
2021-11-21T23:53:22,211|[TRACE] graph - <----- newLineToSkip
2021-11-21T23:53:22,211|[TRACE] graph - -----> newLineToSkip
2021-11-21T23:53:22,211|[TRACE] graph - <----- newLineToSkip
2021-11-21T23:53:22,211|[TRACE] graph - -----> newLineToSkip
2021-11-21T23:53:22,211|[TRACE] graph - <----- newLineToSkip
2021-11-21T23:53:22,211|[TRACE] graph - <--- blankSpacesToSkip
2021-11-21T23:53:22,211|[TRACE] graph - ---> statement
2021-11-21T23:53:22,211|[TRACE] graph - -----> statementFirstPart
2021-11-21T23:53:22,211|[TRACE] graph - -------> nonSkippedChar
2021-11-21T23:53:22,211|[TRACE] script - #out(`C`) [token]
2021-11-21T23:53:22,211|[TRACE] graph - <------- nonSkippedChar
2021-11-21T23:53:22,211|[TRACE] graph - <----- statementFirstPart
2021-11-21T23:53:22,211|[TRACE] graph - -----> statementPart
2021-11-21T23:53:22,211|[TRACE] graph - -------> nonSkippedChar
2021-11-21T23:53:22,211|[TRACE] script - #out(`R`) [token]
2021-11-21T23:53:22,211|[TRACE] graph - <------- nonSkippedChar
2021-11-21T23:53:22,211|[TRACE] graph - <----- statementPart
2021-11-21T23:53:22,211|[TRACE] graph - -----> statementPart
2021-11-21T23:53:22,211|[TRACE] graph - -------> nonSkippedChar
2021-11-21T23:53:22,211|[TRACE] script - #out(`E`) [token]
2021-11-21T23:53:22,211|[TRACE] graph - <------- nonSkippedChar
2021-11-21T23:53:22,211|[TRACE] graph - <----- statementPart
2021-11-21T23:53:22,211|[TRACE] graph - -----> statementPart
2021-11-21T23:53:22,211|[TRACE] graph - -------> nonSkippedChar
2021-11-21T23:53:22,211|[TRACE] script - #out(`A`) [token]
2021-11-21T23:53:22,211|[TRACE] graph - <------- nonSkippedChar
2021-11-21T23:53:22,211|[TRACE] graph - <----- statementPart
2021-11-21T23:53:22,211|[TRACE] graph - -----> statementPart
2021-11-21T23:53:22,211|[TRACE] graph - -------> nonSkippedChar
2021-11-21T23:53:22,211|[TRACE] script - #out(`T`) [token]
2021-11-21T23:53:22,211|[TRACE] graph - <------- nonSkippedChar
2021-11-21T23:53:22,211|[TRACE] graph - <----- statementPart
2021-11-21T23:53:22,211|[TRACE] graph - -----> statementPart
2021-11-21T23:53:22,211|[TRACE] graph - -------> nonSkippedChar
2021-11-21T23:53:22,211|[TRACE] script - #out(`E`) [token]
2021-11-21T23:53:22,211|[TRACE] graph - <------- nonSkippedChar
2021-11-21T23:53:22,211|[TRACE] graph - <----- statementPart
2021-11-21T23:53:22,211|[TRACE] graph - -----> statementPart
2021-11-21T23:53:22,211|[TRACE] graph - -------> nonSkippedSpace
2021-11-21T23:53:22,211|[TRACE] script - #out(` `) [token]
2021-11-21T23:53:22,211|[TRACE] graph - <------- nonSkippedSpace
2021-11-21T23:53:22,211|[TRACE] graph - <----- statementPart
2021-11-21T23:53:22,211|[TRACE] graph - -----> statementPart
2021-11-21T23:53:22,211|[TRACE] graph - -------> nonSkippedChar
2021-11-21T23:53:22,211|[TRACE] script - #out(`T`) [token]
2021-11-21T23:53:22,211|[TRACE] graph - <------- nonSkippedChar
2021-11-21T23:53:22,211|[TRACE] graph - <----- statementPart
2021-11-21T23:53:22,211|[TRACE] graph - -----> statementPart
2021-11-21T23:53:22,211|[TRACE] graph - -------> nonSkippedChar
2021-11-21T23:53:22,211|[TRACE] script - #out(`A`) [token]
2021-11-21T23:53:22,211|[TRACE] graph - <------- nonSkippedChar
2021-11-21T23:53:22,211|[TRACE] graph - <----- statementPart
2021-11-21T23:53:22,211|[TRACE] graph - -----> statementPart
2021-11-21T23:53:22,211|[TRACE] graph - -------> nonSkippedChar
2021-11-21T23:53:22,211|[TRACE] script - #out(`B`) [token]
2021-11-21T23:53:22,212|[TRACE] graph - <------- nonSkippedChar
2021-11-21T23:53:22,212|[TRACE] graph - <----- statementPart
2021-11-21T23:53:22,212|[TRACE] graph - -----> statementPart
2021-11-21T23:53:22,212|[TRACE] graph - -------> nonSkippedChar
2021-11-21T23:53:22,212|[TRACE] script - #out(`L`) [token]
2021-11-21T23:53:22,212|[TRACE] graph - <------- nonSkippedChar
2021-11-21T23:53:22,212|[TRACE] graph - <----- statementPart
2021-11-21T23:53:22,212|[TRACE] graph - -----> statementPart
2021-11-21T23:53:22,212|[TRACE] graph - -------> nonSkippedChar
2021-11-21T23:53:22,212|[TRACE] script - #out(`E`) [token]
2021-11-21T23:53:22,212|[TRACE] graph - <------- nonSkippedChar
2021-11-21T23:53:22,212|[TRACE] graph - <----- statementPart
2021-11-21T23:53:22,212|[TRACE] graph - -----> statementPart
2021-11-21T23:53:22,212|[TRACE] graph - -------> nonSkippedSpace
2021-11-21T23:53:22,212|[TRACE] script - #out(` `) [token]
2021-11-21T23:53:22,212|[TRACE] graph - <------- nonSkippedSpace
2021-11-21T23:53:22,212|[TRACE] graph - <----- statementPart
2021-11-21T23:53:22,212|[TRACE] graph - -----> statementPart
2021-11-21T23:53:22,212|[TRACE] graph - -------> nonSkippedChar
2021-11-21T23:53:22,212|[TRACE] script - #out(`I`) [token]
2021-11-21T23:53:22,212|[TRACE] graph - <------- nonSkippedChar
2021-11-21T23:53:22,212|[TRACE] graph - <----- statementPart
2021-11-21T23:53:22,212|[TRACE] graph - -----> statementPart
2021-11-21T23:53:22,212|[TRACE] graph - -------> nonSkippedChar
2021-11-21T23:53:22,212|[TRACE] script - #out(`F`) [token]
2021-11-21T23:53:22,212|[TRACE] graph - <------- nonSkippedChar
2021-11-21T23:53:22,212|[TRACE] graph - <----- statementPart
2021-11-21T23:53:22,212|[TRACE] graph - -----> statementPart
2021-11-21T23:53:22,212|[TRACE] graph - -------> nonSkippedSpace
2021-11-21T23:53:22,212|[TRACE] script - #out(` `) [token]
2021-11-21T23:53:22,212|[TRACE] graph - <------- nonSkippedSpace
2021-11-21T23:53:22,212|[TRACE] graph - <----- statementPart
2021-11-21T23:53:22,212|[TRACE] graph - -----> statementPart
2021-11-21T23:53:22,212|[TRACE] graph - -------> nonSkippedChar
2021-11-21T23:53:22,212|[TRACE] script - #out(`N`) [token]
2021-11-21T23:53:22,212|[TRACE] graph - <------- nonSkippedChar
2021-11-21T23:53:22,212|[TRACE] graph - <----- statementPart
2021-11-21T23:53:22,212|[TRACE] graph - -----> statementPart
2021-11-21T23:53:22,212|[TRACE] graph - -------> nonSkippedChar
2021-11-21T23:53:22,212|[TRACE] script - #out(`O`) [token]
2021-11-21T23:53:22,212|[TRACE] graph - <------- nonSkippedChar
2021-11-21T23:53:22,212|[TRACE] graph - <----- statementPart
2021-11-21T23:53:22,212|[TRACE] graph - -----> statementPart
2021-11-21T23:53:22,212|[TRACE] graph - -------> nonSkippedChar
2021-11-21T23:53:22,212|[TRACE] script - #out(`T`) [token]
2021-11-21T23:53:22,212|[TRACE] graph - <------- nonSkippedChar
2021-11-21T23:53:22,212|[TRACE] graph - <----- statementPart
2021-11-21T23:53:22,212|[TRACE] graph - -----> statementPart
2021-11-21T23:53:22,212|[TRACE] graph - -------> nonSkippedSpace
2021-11-21T23:53:22,212|[TRACE] script - #out(` `) [token]
2021-11-21T23:53:22,212|[TRACE] graph - <------- nonSkippedSpace
2021-11-21T23:53:22,212|[TRACE] graph - <----- statementPart
2021-11-21T23:53:22,212|[TRACE] graph - -----> statementPart
2021-11-21T23:53:22,212|[TRACE] graph - -------> nonSkippedChar
2021-11-21T23:53:22,212|[TRACE] script - #out(`E`) [token]
2021-11-21T23:53:22,212|[TRACE] graph - <------- nonSkippedChar
2021-11-21T23:53:22,212|[TRACE] graph - <----- statementPart
2021-11-21T23:53:22,212|[TRACE] graph - -----> statementPart
2021-11-21T23:53:22,212|[TRACE] graph - -------> nonSkippedChar
2021-11-21T23:53:22,212|[TRACE] script - #out(`X`) [token]
2021-11-21T23:53:22,212|[TRACE] graph - <------- nonSkippedChar
2021-11-21T23:53:22,212|[TRACE] graph - <----- statementPart
2021-11-21T23:53:22,212|[TRACE] graph - -----> statementPart
2021-11-21T23:53:22,255|[TRACE] graph - -------> nonSkippedChar
2021-11-21T23:53:22,255|[TRACE] script - #out(`I`) [token]
2021-11-21T23:53:22,255|[TRACE] graph - <------- nonSkippedChar
2021-11-21T23:53:22,255|[TRACE] graph - <----- statementPart
2021-11-21T23:53:22,255|[TRACE] graph - -----> statementPart
2021-11-21T23:53:22,255|[TRACE] graph - -------> nonSkippedChar
2021-11-21T23:53:22,255|[TRACE] script - #out(`S`) [token]
2021-11-21T23:53:22,255|[TRACE] graph - <------- nonSkippedChar
2021-11-21T23:53:22,255|[TRACE] graph - <----- statementPart
2021-11-21T23:53:22,255|[TRACE] graph - -----> statementPart
2021-11-21T23:53:22,255|[TRACE] graph - -------> nonSkippedChar
2021-11-21T23:53:22,255|[TRACE] script - #out(`T`) [token]
2021-11-21T23:53:22,255|[TRACE] graph - <------- nonSkippedChar
2021-11-21T23:53:22,255|[TRACE] graph - <----- statementPart
2021-11-21T23:53:22,255|[TRACE] graph - -----> statementPart
2021-11-21T23:53:22,255|[TRACE] graph - -------> nonSkippedChar
2021-11-21T23:53:22,255|[TRACE] script - #out(`S`) [token]
2021-11-21T23:53:22,255|[TRACE] graph - <------- nonSkippedChar
2021-11-21T23:53:22,255|[TRACE] graph - <----- statementPart
2021-11-21T23:53:22,255|[TRACE] graph - -----> statementPart
2021-11-21T23:53:22,255|[TRACE] graph - -------> nonSkippedSpace
2021-11-21T23:53:22,255|[TRACE] script - #out(` `) [token]
2021-11-21T23:53:22,255|[TRACE] graph - <------- nonSkippedSpace
2021-11-21T23:53:22,255|[TRACE] graph - <----- statementPart
2021-11-21T23:53:22,255|[TRACE] graph - -----> statementPart
2021-11-21T23:53:22,255|[TRACE] graph - -------> quotedString
2021-11-21T23:53:22,255|[TRACE] script - #out(``bloodbank``) [token]
2021-11-21T23:53:22,255|[TRACE] graph - <------- quotedString
2021-11-21T23:53:22,255|[TRACE] graph - <----- statementPart
2021-11-21T23:53:22,255|[TRACE] graph - -----> statementPart
2021-11-21T23:53:22,255|[TRACE] graph - -------> nonSkippedChar
2021-11-21T23:53:22,255|[TRACE] script - #out(`.`) [token]
2021-11-21T23:53:22,255|[TRACE] graph - <------- nonSkippedChar
2021-11-21T23:53:22,255|[TRACE] graph - <----- statementPart
2021-11-21T23:53:22,255|[TRACE] graph - -----> statementPart
2021-11-21T23:53:22,255|[TRACE] graph - -------> quotedString
2021-11-21T23:53:22,255|[TRACE] script - #out(``person``) [token]
2021-11-21T23:53:22,255|[TRACE] graph - <------- quotedString
2021-11-21T23:53:22,255|[TRACE] graph - <----- statementPart
2021-11-21T23:53:22,255|[TRACE] graph - -----> statementPart
2021-11-21T23:53:22,255|[TRACE] graph - -------> nonSkippedSpace
2021-11-21T23:53:22,255|[TRACE] script - #out(` `) [token]
2021-11-21T23:53:22,255|[TRACE] graph - <------- nonSkippedSpace
2021-11-21T23:53:22,255|[TRACE] graph - <----- statementPart
2021-11-21T23:53:22,255|[TRACE] graph - -----> statementPart
2021-11-21T23:53:22,255|[TRACE] graph - -------> nonSkippedChar
2021-11-21T23:53:22,255|[TRACE] script - #out(`(`) [token]
2021-11-21T23:53:22,255|[TRACE] graph - <------- nonSkippedChar
2021-11-21T23:53:22,255|[TRACE] graph - <----- statementPart
2021-11-21T23:53:22,255|[TRACE] graph - -----> afterStatementPartNewline
2021-11-21T23:53:22,255|[TRACE] script - #out(` `) [text]
2021-11-21T23:53:22,255|[TRACE] graph - <----- afterStatementPartNewline
2021-11-21T23:53:22,255|[TRACE] graph - -----> statementPart
2021-11-21T23:53:22,255|[TRACE] graph - -------> nonSkippedSpace
2021-11-21T23:53:22,255|[TRACE] script - #out(` `) [token]
2021-11-21T23:53:22,255|[TRACE] graph - <------- nonSkippedSpace
2021-11-21T23:53:22,255|[TRACE] graph - <----- statementPart
2021-11-21T23:53:22,255|[TRACE] graph - -----> statementPart
2021-11-21T23:53:22,255|[TRACE] graph - -------> nonSkippedSpace
2021-11-21T23:53:22,255|[TRACE] script - #out(` `) [token]
2021-11-21T23:53:22,255|[TRACE] graph - <------- nonSkippedSpace
2021-11-21T23:53:22,255|[TRACE] graph - <----- statementPart
2021-11-21T23:53:22,255|[TRACE] graph - -----> statementPart
2021-11-21T23:53:22,255|[TRACE] graph - -------> quotedString
2021-11-21T23:53:22,255|[TRACE] script - #out(``id``) [token]
2021-11-21T23:53:22,255|[TRACE] graph - <------- quotedString
2021-11-21T23:53:22,255|[TRACE] graph - <----- statementPart
2021-11-21T23:53:22,255|[TRACE] graph - -----> statementPart
2021-11-21T23:53:22,255|[TRACE] graph - -------> nonSkippedSpace
2021-11-21T23:53:22,255|[TRACE] script - #out(` `) [token]
2021-11-21T23:53:22,255|[TRACE] graph - <------- nonSkippedSpace
2021-11-21T23:53:22,255|[TRACE] graph - <----- statementPart
2021-11-21T23:53:22,255|[TRACE] graph - -----> statementPart
2021-11-21T23:53:22,255|[TRACE] graph - -------> nonSkippedChar
2021-11-21T23:53:22,255|[TRACE] script - #out(`I`) [token]
2021-11-21T23:53:22,255|[TRACE] graph - <------- nonSkippedChar
2021-11-21T23:53:22,255|[TRACE] graph - <----- statementPart
2021-11-21T23:53:22,255|[TRACE] graph - -----> statementPart
2021-11-21T23:53:22,255|[TRACE] graph - -------> nonSkippedChar
2021-11-21T23:53:22,255|[TRACE] script - #out(`N`) [token]
2021-11-21T23:53:22,255|[TRACE] graph - <------- nonSkippedChar
2021-11-21T23:53:22,255|[TRACE] graph - <----- statementPart
2021-11-21T23:53:22,255|[TRACE] graph - -----> statementPart
2021-11-21T23:53:22,255|[TRACE] graph - -------> nonSkippedChar
2021-11-21T23:53:22,255|[TRACE] script - #out(`T`) [token]
2021-11-21T23:53:22,255|[TRACE] graph - <------- nonSkippedChar
2021-11-21T23:53:22,255|[TRACE] graph - <----- statementPart
2021-11-21T23:53:22,255|[TRACE] graph - -----> statementPart
2021-11-21T23:53:22,255|[TRACE] graph - -------> nonSkippedSpace
2021-11-21T23:53:22,255|[TRACE] script - #out(` `) [token]
2021-11-21T23:53:22,255|[TRACE] graph - <------- nonSkippedSpace
2021-11-21T23:53:22,255|[TRACE] graph - <----- statementPart
2021-11-21T23:53:22,255|[TRACE] graph - -----> statementPart
2021-11-21T23:53:22,255|[TRACE] graph - -------> nonSkippedChar
2021-11-21T23:53:22,255|[TRACE] script - #out(`N`) [token]
2021-11-21T23:53:22,255|[TRACE] graph - <------- nonSkippedChar
2021-11-21T23:53:22,255|[TRACE] graph - <----- statementPart
2021-11-21T23:53:22,255|[TRACE] graph - -----> statementPart
2021-11-21T23:53:22,255|[TRACE] graph - -------> nonSkippedChar
2021-11-21T23:53:22,255|[TRACE] script - #out(`O`) [token]
2021-11-21T23:53:22,255|[TRACE] graph - <------- nonSkippedChar
2021-11-21T23:53:22,255|[TRACE] graph - <----- statementPart
2021-11-21T23:53:22,255|[TRACE] graph - -----> statementPart
2021-11-21T23:53:22,255|[TRACE] graph - -------> nonSkippedChar
2021-11-21T23:53:22,255|[TRACE] script - #out(`T`) [token]
2021-11-21T23:53:22,255|[TRACE] graph - <------- nonSkippedChar
2021-11-21T23:53:22,255|[TRACE] graph - <----- statementPart
2021-11-21T23:53:22,255|[TRACE] graph - -----> statementPart
2021-11-21T23:53:22,255|[TRACE] graph - -------> nonSkippedSpace
2021-11-21T23:53:22,255|[TRACE] script - #out(` `) [token]
2021-11-21T23:53:22,255|[TRACE] graph - <------- nonSkippedSpace
2021-11-21T23:53:22,255|[TRACE] graph - <----- statementPart
2021-11-21T23:53:22,255|[TRACE] graph - -----> statementPart
2021-11-21T23:53:22,255|[TRACE] graph - -------> nonSkippedChar
2021-11-21T23:53:22,255|[TRACE] script - #out(`N`) [token]
2021-11-21T23:53:22,255|[TRACE] graph - <------- nonSkippedChar
2021-11-21T23:53:22,255|[TRACE] graph - <----- statementPart
2021-11-21T23:53:22,255|[TRACE] graph - -----> statementPart
2021-11-21T23:53:22,255|[TRACE] graph - -------> nonSkippedChar
2021-11-21T23:53:22,255|[TRACE] script - #out(`U`) [token]
2021-11-21T23:53:22,255|[TRACE] graph - <------- nonSkippedChar
2021-11-21T23:53:22,255|[TRACE] graph - <----- statementPart
2021-11-21T23:53:22,255|[TRACE] graph - -----> statementPart
2021-11-21T23:53:22,255|[TRACE] graph - -------> nonSkippedChar
2021-11-21T23:53:22,255|[TRACE] script - #out(`L`) [token]
2021-11-21T23:53:22,255|[TRACE] graph - <------- nonSkippedChar
2021-11-21T23:53:22,255|[TRACE] graph - <----- statementPart
2021-11-21T23:53:22,255|[TRACE] graph - -----> statementPart
2021-11-21T23:53:22,255|[TRACE] graph - -------> nonSkippedChar
2021-11-21T23:53:22,255|[TRACE] script - #out(`L`) [token]
2021-11-21T23:53:22,255|[TRACE] graph - <------- nonSkippedChar
2021-11-21T23:53:22,255|[TRACE] graph - <----- statementPart
2021-11-21T23:53:22,255|[TRACE] graph - -----> statementPart
2021-11-21T23:53:22,255|[TRACE] graph - -------> nonSkippedSpace
2021-11-21T23:53:22,255|[TRACE] script - #out(` `) [token]
2021-11-21T23:53:22,255|[TRACE] graph - <------- nonSkippedSpace
2021-11-21T23:53:22,255|[TRACE] graph - <----- statementPart
2021-11-21T23:53:22,255|[TRACE] graph - -----> statementPart
2021-11-21T23:53:22,255|[TRACE] graph - -------> nonSkippedChar
2021-11-21T23:53:22,255|[TRACE] script - #out(`A`) [token]
2021-11-21T23:53:22,256|[TRACE] graph - <------- nonSkippedChar
2021-11-21T23:53:22,256|[TRACE] graph - <----- statementPart
2021-11-21T23:53:22,256|[TRACE] graph - -----> statementPart
2021-11-21T23:53:22,256|[TRACE] graph - -------> nonSkippedChar
2021-11-21T23:53:22,256|[TRACE] script - #out(`U`) [token]
2021-11-21T23:53:22,256|[TRACE] graph - <------- nonSkippedChar
2021-11-21T23:53:22,256|[TRACE] graph - <----- statementPart
2021-11-21T23:53:22,256|[TRACE] graph - -----> statementPart
2021-11-21T23:53:22,256|[TRACE] graph - -------> nonSkippedChar
2021-11-21T23:53:22,256|[TRACE] script - #out(`T`) [token]
2021-11-21T23:53:22,256|[TRACE] graph - <------- nonSkippedChar
2021-11-21T23:53:22,256|[TRACE] graph - <----- statementPart
2021-11-21T23:53:22,256|[TRACE] graph - -----> statementPart
2021-11-21T23:53:22,256|[TRACE] graph - -------> nonSkippedChar
2021-11-21T23:53:22,256|[TRACE] script - #out(`O`) [token]
2021-11-21T23:53:22,256|[TRACE] graph - <------- nonSkippedChar
2021-11-21T23:53:22,256|[TRACE] graph - <----- statementPart
2021-11-21T23:53:22,256|[TRACE] graph - -----> statementPart
2021-11-21T23:53:22,256|[TRACE] graph - -------> nonSkippedChar
2021-11-21T23:53:22,256|[TRACE] script - #out(`_`) [token]
2021-11-21T23:53:22,256|[TRACE] graph - <------- nonSkippedChar
2021-11-21T23:53:22,256|[TRACE] graph - <----- statementPart
2021-11-21T23:53:22,256|[TRACE] graph - -----> statementPart
2021-11-21T23:53:22,256|[TRACE] graph - -------> nonSkippedChar
2021-11-21T23:53:22,256|[TRACE] script - #out(`I`) [token]
2021-11-21T23:53:22,256|[TRACE] graph - <------- nonSkippedChar
2021-11-21T23:53:22,256|[TRACE] graph - <----- statementPart
2021-11-21T23:53:22,256|[TRACE] graph - -----> statementPart
2021-11-21T23:53:22,256|[TRACE] graph - -------> nonSkippedChar
2021-11-21T23:53:22,256|[TRACE] script - #out(`N`) [token]
2021-11-21T23:53:22,256|[TRACE] graph - <------- nonSkippedChar
2021-11-21T23:53:22,256|[TRACE] graph - <----- statementPart
2021-11-21T23:53:22,256|[TRACE] graph - -----> statementPart
2021-11-21T23:53:22,256|[TRACE] graph - -------> nonSkippedChar
2021-11-21T23:53:22,256|[TRACE] script - #out(`C`) [token]
2021-11-21T23:53:22,256|[TRACE] graph - <------- nonSkippedChar
2021-11-21T23:53:22,256|[TRACE] graph - <----- statementPart
2021-11-21T23:53:22,256|[TRACE] graph - -----> statementPart
2021-11-21T23:53:22,256|[TRACE] graph - -------> nonSkippedChar
2021-11-21T23:53:22,256|[TRACE] script - #out(`R`) [token]
2021-11-21T23:53:22,256|[TRACE] graph - <------- nonSkippedChar
2021-11-21T23:53:22,256|[TRACE] graph - <----- statementPart
2021-11-21T23:53:22,256|[TRACE] graph - -----> statementPart
2021-11-21T23:53:22,256|[TRACE] graph - -------> nonSkippedChar
2021-11-21T23:53:22,256|[TRACE] script - #out(`E`) [token]
2021-11-21T23:53:22,256|[TRACE] graph - <------- nonSkippedChar
2021-11-21T23:53:22,256|[TRACE] graph - <----- statementPart
2021-11-21T23:53:22,256|[TRACE] graph - -----> statementPart
2021-11-21T23:53:22,256|[TRACE] graph - -------> nonSkippedChar
2021-11-21T23:53:22,256|[TRACE] script - #out(`M`) [token]
2021-11-21T23:53:22,256|[TRACE] graph - <------- nonSkippedChar
2021-11-21T23:53:22,256|[TRACE] graph - <----- statementPart
2021-11-21T23:53:22,256|[TRACE] graph - -----> statementPart
2021-11-21T23:53:22,256|[TRACE] graph - -------> nonSkippedChar
2021-11-21T23:53:22,256|[TRACE] script - #out(`E`) [token]
2021-11-21T23:53:22,256|[TRACE] graph - <------- nonSkippedChar
2021-11-21T23:53:22,256|[TRACE] graph - <----- statementPart
2021-11-21T23:53:22,256|[TRACE] graph - -----> statementPart
2021-11-21T23:53:22,256|[TRACE] graph - -------> nonSkippedChar
2021-11-21T23:53:22,256|[TRACE] script - #out(`N`) [token]
2021-11-21T23:53:22,256|[TRACE] graph - <------- nonSkippedChar
2021-11-21T23:53:22,256|[TRACE] graph - <----- statementPart
2021-11-21T23:53:22,256|[TRACE] graph - -----> statementPart
2021-11-21T23:53:22,256|[TRACE] graph - -------> nonSkippedChar
2021-11-21T23:53:22,256|[TRACE] script - #out(`T`) [token]
2021-11-21T23:53:22,256|[TRACE] graph - <------- nonSkippedChar
2021-11-21T23:53:22,256|[TRACE] graph - <----- statementPart
2021-11-21T23:53:22,256|[TRACE] graph - -----> statementPart
2021-11-21T23:53:22,256|[TRACE] graph - -------> nonSkippedChar
2021-11-21T23:53:22,256|[TRACE] script - #out(`,`) [token]
2021-11-21T23:53:22,256|[TRACE] graph - <------- nonSkippedChar
2021-11-21T23:53:22,256|[TRACE] graph - <----- statementPart
2021-11-21T23:53:22,256|[TRACE] graph - -----> afterStatementPartNewline
2021-11-21T23:53:22,256|[TRACE] script - #out(` `) [text]
2021-11-21T23:53:22,256|[TRACE] graph - <----- afterStatementPartNewline
2021-11-21T23:53:22,256|[TRACE] graph - -----> statementPart
2021-11-21T23:53:22,256|[TRACE] graph - -------> nonSkippedSpace
2021-11-21T23:53:22,256|[TRACE] script - #out(` `) [token]
2021-11-21T23:53:22,256|[TRACE] graph - <------- nonSkippedSpace
2021-11-21T23:53:22,256|[TRACE] graph - <----- statementPart
2021-11-21T23:53:22,256|[TRACE] graph - -----> statementPart
2021-11-21T23:53:22,256|[TRACE] graph - -------> nonSkippedSpace
2021-11-21T23:53:22,256|[TRACE] script - #out(` `) [token]
2021-11-21T23:53:22,256|[TRACE] graph - <------- nonSkippedSpace
2021-11-21T23:53:22,256|[TRACE] graph - <----- statementPart
2021-11-21T23:53:22,256|[TRACE] graph - -----> statementPart
2021-11-21T23:53:22,256|[TRACE] graph - -------> quotedString
2021-11-21T23:53:22,256|[TRACE] script - #out(``first_name``) [token]
2021-11-21T23:53:22,256|[TRACE] graph - <------- quotedString
2021-11-21T23:53:22,256|[TRACE] graph - <----- statementPart
2021-11-21T23:53:22,256|[TRACE] graph - -----> statementPart
2021-11-21T23:53:22,256|[TRACE] graph - -------> nonSkippedSpace
2021-11-21T23:53:22,256|[TRACE] script - #out(` `) [token]
2021-11-21T23:53:22,256|[TRACE] graph - <------- nonSkippedSpace
2021-11-21T23:53:22,256|[TRACE] graph - <----- statementPart
2021-11-21T23:53:22,256|[TRACE] graph - -----> statementPart
2021-11-21T23:53:22,256|[TRACE] graph - -------> nonSkippedChar
2021-11-21T23:53:22,256|[TRACE] script - #out(`V`) [token]
2021-11-21T23:53:22,256|[TRACE] graph - <------- nonSkippedChar
2021-11-21T23:53:22,256|[TRACE] graph - <----- statementPart
2021-11-21T23:53:22,256|[TRACE] graph - -----> statementPart
2021-11-21T23:53:22,256|[TRACE] graph - -------> nonSkippedChar
2021-11-21T23:53:22,256|[TRACE] script - #out(`A`) [token]
2021-11-21T23:53:22,256|[TRACE] graph - <------- nonSkippedChar
2021-11-21T23:53:22,256|[TRACE] graph - <----- statementPart
2021-11-21T23:53:22,256|[TRACE] graph - -----> statementPart
2021-11-21T23:53:22,256|[TRACE] graph - -------> nonSkippedChar
2021-11-21T23:53:22,256|[TRACE] script - #out(`R`) [token]
2021-11-21T23:53:22,256|[TRACE] graph - <------- nonSkippedChar
2021-11-21T23:53:22,256|[TRACE] graph - <----- statementPart
2021-11-21T23:53:22,256|[TRACE] graph - -----> statementPart
2021-11-21T23:53:22,256|[TRACE] graph - -------> nonSkippedChar
2021-11-21T23:53:22,256|[TRACE] script - #out(`C`) [token]
2021-11-21T23:53:22,256|[TRACE] graph - <------- nonSkippedChar
2021-11-21T23:53:22,256|[TRACE] graph - <----- statementPart
2021-11-21T23:53:22,256|[TRACE] graph - -----> statementPart
2021-11-21T23:53:22,256|[TRACE] graph - -------> nonSkippedChar
2021-11-21T23:53:22,256|[TRACE] script - #out(`H`) [token]
2021-11-21T23:53:22,256|[TRACE] graph - <------- nonSkippedChar
2021-11-21T23:53:22,256|[TRACE] graph - <----- statementPart
2021-11-21T23:53:22,256|[TRACE] graph - -----> statementPart
2021-11-21T23:53:22,256|[TRACE] graph - -------> nonSkippedChar
2021-11-21T23:53:22,256|[TRACE] script - #out(`A`) [token]
2021-11-21T23:53:22,256|[TRACE] graph - <------- nonSkippedChar
2021-11-21T23:53:22,256|[TRACE] graph - <----- statementPart
2021-11-21T23:53:22,256|[TRACE] graph - -----> statementPart
2021-11-21T23:53:22,256|[TRACE] graph - -------> nonSkippedChar
2021-11-21T23:53:22,256|[TRACE] script - #out(`R`) [token]
2021-11-21T23:53:22,256|[TRACE] graph - <------- nonSkippedChar
2021-11-21T23:53:22,256|[TRACE] graph - <----- statementPart
2021-11-21T23:53:22,256|[TRACE] graph - -----> statementPart
2021-11-21T23:53:22,256|[TRACE] graph - -------> nonSkippedChar
2021-11-21T23:53:22,256|[TRACE] script - #out(`(`) [token]
2021-11-21T23:53:22,256|[TRACE] graph - <------- nonSkippedChar
2021-11-21T23:53:22,256|[TRACE] graph - <----- statementPart
2021-11-21T23:53:22,256|[TRACE] graph - -----> statementPart
2021-11-21T23:53:22,256|[TRACE] graph - -------> nonSkippedChar
2021-11-21T23:53:22,256|[TRACE] script - #out(`5`) [token]
2021-11-21T23:53:22,256|[TRACE] graph - <------- nonSkippedChar
2021-11-21T23:53:22,256|[TRACE] graph - <----- statementPart
2021-11-21T23:53:22,256|[TRACE] graph - -----> statementPart
2021-11-21T23:53:22,256|[TRACE] graph - -------> nonSkippedChar
2021-11-21T23:53:22,256|[TRACE] script - #out(`0`) [token]
2021-11-21T23:53:22,256|[TRACE] graph - <------- nonSkippedChar
2021-11-21T23:53:22,256|[TRACE] graph - <----- statementPart
2021-11-21T23:53:22,256|[TRACE] graph - -----> statementPart
2021-11-21T23:53:22,256|[TRACE] graph - -------> nonSkippedChar
2021-11-21T23:53:22,256|[TRACE] script - #out(`)`) [token]
2021-11-21T23:53:22,256|[TRACE] graph - <------- nonSkippedChar
2021-11-21T23:53:22,256|[TRACE] graph - <----- statementPart
2021-11-21T23:53:22,256|[TRACE] graph - -----> statementPart
2021-11-21T23:53:22,256|[TRACE] graph - -------> nonSkippedSpace
2021-11-21T23:53:22,256|[TRACE] script - #out(` `) [token]
2021-11-21T23:53:22,256|[TRACE] graph - <------- nonSkippedSpace
2021-11-21T23:53:22,256|[TRACE] graph - <----- statementPart
2021-11-21T23:53:22,256|[TRACE] graph - -----> statementPart
2021-11-21T23:53:22,256|[TRACE] graph - -------> nonSkippedChar
2021-11-21T23:53:22,256|[TRACE] script - #out(`N`) [token]
2021-11-21T23:53:22,256|[TRACE] graph - <------- nonSkippedChar
2021-11-21T23:53:22,256|[TRACE] graph - <----- statementPart
2021-11-21T23:53:22,256|[TRACE] graph - -----> statementPart
2021-11-21T23:53:22,256|[TRACE] graph - -------> nonSkippedChar
2021-11-21T23:53:22,256|[TRACE] script - #out(`O`) [token]
2021-11-21T23:53:22,256|[TRACE] graph - <------- nonSkippedChar
2021-11-21T23:53:22,256|[TRACE] graph - <----- statementPart
2021-11-21T23:53:22,256|[TRACE] graph - -----> statementPart
2021-11-21T23:53:22,256|[TRACE] graph - -------> nonSkippedChar
2021-11-21T23:53:22,256|[TRACE] script - #out(`T`) [token]
2021-11-21T23:53:22,256|[TRACE] graph - <------- nonSkippedChar
2021-11-21T23:53:22,256|[TRACE] graph - <----- statementPart
2021-11-21T23:53:22,256|[TRACE] graph - -----> statementPart
2021-11-21T23:53:22,256|[TRACE] graph - -------> nonSkippedSpace
2021-11-21T23:53:22,256|[TRACE] script - #out(` `) [token]
2021-11-21T23:53:22,256|[TRACE] graph - <------- nonSkippedSpace
2021-11-21T23:53:22,256|[TRACE] graph - <----- statementPart
2021-11-21T23:53:22,256|[TRACE] graph - -----> statementPart
2021-11-21T23:53:22,256|[TRACE] graph - -------> nonSkippedChar
2021-11-21T23:53:22,256|[TRACE] script - #out(`N`) [token]
2021-11-21T23:53:22,256|[TRACE] graph - <------- nonSkippedChar
2021-11-21T23:53:22,256|[TRACE] graph - <----- statementPart
2021-11-21T23:53:22,256|[TRACE] graph - -----> statementPart
2021-11-21T23:53:22,256|[TRACE] graph - -------> nonSkippedChar
2021-11-21T23:53:22,256|[TRACE] script - #out(`U`) [token]
2021-11-21T23:53:22,256|[TRACE] graph - <------- nonSkippedChar
2021-11-21T23:53:22,256|[TRACE] graph - <----- statementPart
2021-11-21T23:53:22,256|[TRACE] graph - -----> statementPart
2021-11-21T23:53:22,256|[TRACE] graph - -------> nonSkippedChar
2021-11-21T23:53:22,256|[TRACE] script - #out(`L`) [token]
2021-11-21T23:53:22,256|[TRACE] graph - <------- nonSkippedChar
2021-11-21T23:53:22,256|[TRACE] graph - <----- statementPart
2021-11-21T23:53:22,256|[TRACE] graph - -----> statementPart
2021-11-21T23:53:22,256|[TRACE] graph - -------> nonSkippedChar
2021-11-21T23:53:22,256|[TRACE] script - #out(`L`) [token]
2021-11-21T23:53:22,256|[TRACE] graph - <------- nonSkippedChar
2021-11-21T23:53:22,256|[TRACE] graph - <----- statementPart
2021-11-21T23:53:22,256|[TRACE] graph - -----> statementPart
2021-11-21T23:53:22,256|[TRACE] graph - -------> nonSkippedChar
2021-11-21T23:53:22,256|[TRACE] script - #out(`,`) [token]
2021-11-21T23:53:22,256|[TRACE] graph - <------- nonSkippedChar
2021-11-21T23:53:22,256|[TRACE] graph - <----- statementPart
2021-11-21T23:53:22,256|[TRACE] graph - -----> afterStatementPartNewline
2021-11-21T23:53:22,256|[TRACE] script - #out(` `) [text]
2021-11-21T23:53:22,256|[TRACE] graph - <----- afterStatementPartNewline
2021-11-21T23:53:22,256|[TRACE] graph - -----> statementPart
2021-11-21T23:53:22,256|[TRACE] graph - -------> nonSkippedSpace
2021-11-21T23:53:22,256|[TRACE] script - #out(` `) [token]
2021-11-21T23:53:22,256|[TRACE] graph - <------- nonSkippedSpace
2021-11-21T23:53:22,256|[TRACE] graph - <----- statementPart
2021-11-21T23:53:22,256|[TRACE] graph - -----> statementPart
2021-11-21T23:53:22,256|[TRACE] graph - -------> nonSkippedSpace
2021-11-21T23:53:22,256|[TRACE] script - #out(` `) [token]
2021-11-21T23:53:22,256|[TRACE] graph - <------- nonSkippedSpace
2021-11-21T23:53:22,256|[TRACE] graph - <----- statementPart
2021-11-21T23:53:22,256|[TRACE] graph - -----> statementPart
2021-11-21T23:53:22,256|[TRACE] graph - -------> quotedString
2021-11-21T23:53:22,256|[TRACE] script - #out(``last_name``) [token]
2021-11-21T23:53:22,256|[TRACE] graph - <------- quotedString
2021-11-21T23:53:22,256|[TRACE] graph - <----- statementPart
2021-11-21T23:53:22,256|[TRACE] graph - -----> statementPart
2021-11-21T23:53:22,256|[TRACE] graph - -------> nonSkippedSpace
2021-11-21T23:53:22,256|[TRACE] script - #out(` `) [token]
2021-11-21T23:53:22,256|[TRACE] graph - <------- nonSkippedSpace
2021-11-21T23:53:22,256|[TRACE] graph - <----- statementPart
2021-11-21T23:53:22,256|[TRACE] graph - -----> statementPart
2021-11-21T23:53:22,256|[TRACE] graph - -------> nonSkippedChar
2021-11-21T23:53:22,256|[TRACE] script - #out(`V`) [token]
2021-11-21T23:53:22,256|[TRACE] graph - <------- nonSkippedChar
2021-11-21T23:53:22,256|[TRACE] graph - <----- statementPart
2021-11-21T23:53:22,256|[TRACE] graph - -----> statementPart
2021-11-21T23:53:22,256|[TRACE] graph - -------> nonSkippedChar
2021-11-21T23:53:22,256|[TRACE] script - #out(`A`) [token]
2021-11-21T23:53:22,256|[TRACE] graph - <------- nonSkippedChar
2021-11-21T23:53:22,256|[TRACE] graph - <----- statementPart
2021-11-21T23:53:22,256|[TRACE] graph - -----> statementPart
2021-11-21T23:53:22,256|[TRACE] graph - -------> nonSkippedChar
2021-11-21T23:53:22,256|[TRACE] script - #out(`R`) [token]
2021-11-21T23:53:22,256|[TRACE] graph - <------- nonSkippedChar
2021-11-21T23:53:22,256|[TRACE] graph - <----- statementPart
2021-11-21T23:53:22,256|[TRACE] graph - -----> statementPart
2021-11-21T23:53:22,256|[TRACE] graph - -------> nonSkippedChar
2021-11-21T23:53:22,256|[TRACE] script - #out(`C`) [token]
2021-11-21T23:53:22,256|[TRACE] graph - <------- nonSkippedChar
2021-11-21T23:53:22,256|[TRACE] graph - <----- statementPart
2021-11-21T23:53:22,257|[TRACE] graph - -----> statementPart
2021-11-21T23:53:22,257|[TRACE] graph - -------> nonSkippedChar
2021-11-21T23:53:22,257|[TRACE] script - #out(`H`) [token]
2021-11-21T23:53:22,257|[TRACE] graph - <------- nonSkippedChar
2021-11-21T23:53:22,257|[TRACE] graph - <----- statementPart
2021-11-21T23:53:22,257|[TRACE] graph - -----> statementPart
2021-11-21T23:53:22,257|[TRACE] graph - -------> nonSkippedChar
2021-11-21T23:53:22,257|[TRACE] script - #out(`A`) [token]
2021-11-21T23:53:22,257|[TRACE] graph - <------- nonSkippedChar
2021-11-21T23:53:22,257|[TRACE] graph - <----- statementPart
2021-11-21T23:53:22,257|[TRACE] graph - -----> statementPart
2021-11-21T23:53:22,257|[TRACE] graph - -------> nonSkippedChar
2021-11-21T23:53:22,257|[TRACE] script - #out(`R`) [token]
2021-11-21T23:53:22,257|[TRACE] graph - <------- nonSkippedChar
2021-11-21T23:53:22,257|[TRACE] graph - <----- statementPart
2021-11-21T23:53:22,257|[TRACE] graph - -----> statementPart
2021-11-21T23:53:22,257|[TRACE] graph - -------> nonSkippedChar
2021-11-21T23:53:22,257|[TRACE] script - #out(`(`) [token]
2021-11-21T23:53:22,257|[TRACE] graph - <------- nonSkippedChar
2021-11-21T23:53:22,257|[TRACE] graph - <----- statementPart
2021-11-21T23:53:22,257|[TRACE] graph - -----> statementPart
2021-11-21T23:53:22,257|[TRACE] graph - -------> nonSkippedChar
2021-11-21T23:53:22,257|[TRACE] script - #out(`5`) [token]
2021-11-21T23:53:22,257|[TRACE] graph - <------- nonSkippedChar
2021-11-21T23:53:22,257|[TRACE] graph - <----- statementPart
2021-11-21T23:53:22,257|[TRACE] graph - -----> statementPart
2021-11-21T23:53:22,257|[TRACE] graph - -------> nonSkippedChar
2021-11-21T23:53:22,257|[TRACE] script - #out(`0`) [token]
2021-11-21T23:53:22,257|[TRACE] graph - <------- nonSkippedChar
2021-11-21T23:53:22,257|[TRACE] graph - <----- statementPart
2021-11-21T23:53:22,257|[TRACE] graph - -----> statementPart
2021-11-21T23:53:22,257|[TRACE] graph - -------> nonSkippedChar
2021-11-21T23:53:22,257|[TRACE] script - #out(`)`) [token]
2021-11-21T23:53:22,257|[TRACE] graph - <------- nonSkippedChar
2021-11-21T23:53:22,257|[TRACE] graph - <----- statementPart
2021-11-21T23:53:22,257|[TRACE] graph - -----> statementPart
2021-11-21T23:53:22,257|[TRACE] graph - -------> nonSkippedSpace
2021-11-21T23:53:22,257|[TRACE] script - #out(` `) [token]
2021-11-21T23:53:22,257|[TRACE] graph - <------- nonSkippedSpace
2021-11-21T23:53:22,257|[TRACE] graph - <----- statementPart
2021-11-21T23:53:22,257|[TRACE] graph - -----> statementPart
2021-11-21T23:53:22,257|[TRACE] graph - -------> nonSkippedChar
2021-11-21T23:53:22,257|[TRACE] script - #out(`N`) [token]
2021-11-21T23:53:22,257|[TRACE] graph - <------- nonSkippedChar
2021-11-21T23:53:22,257|[TRACE] graph - <----- statementPart
2021-11-21T23:53:22,257|[TRACE] graph - -----> statementPart
2021-11-21T23:53:22,257|[TRACE] graph - -------> nonSkippedChar
2021-11-21T23:53:22,257|[TRACE] script - #out(`O`) [token]
2021-11-21T23:53:22,257|[TRACE] graph - <------- nonSkippedChar
2021-11-21T23:53:22,257|[TRACE] graph - <----- statementPart
2021-11-21T23:53:22,257|[TRACE] graph - -----> statementPart
2021-11-21T23:53:22,257|[TRACE] graph - -------> nonSkippedChar
2021-11-21T23:53:22,257|[TRACE] script - #out(`T`) [token]
2021-11-21T23:53:22,257|[TRACE] graph - <------- nonSkippedChar
2021-11-21T23:53:22,257|[TRACE] graph - <----- statementPart
2021-11-21T23:53:22,257|[TRACE] graph - -----> statementPart
2021-11-21T23:53:22,257|[TRACE] graph - -------> nonSkippedSpace
2021-11-21T23:53:22,257|[TRACE] script - #out(` `) [token]
2021-11-21T23:53:22,257|[TRACE] graph - <------- nonSkippedSpace
2021-11-21T23:53:22,257|[TRACE] graph - <----- statementPart
2021-11-21T23:53:22,257|[TRACE] graph - -----> statementPart
2021-11-21T23:53:22,257|[TRACE] graph - -------> nonSkippedChar
2021-11-21T23:53:22,257|[TRACE] script - #out(`N`) [token]
2021-11-21T23:53:22,257|[TRACE] graph - <------- nonSkippedChar
2021-11-21T23:53:22,257|[TRACE] graph - <----- statementPart
2021-11-21T23:53:22,257|[TRACE] graph - -----> statementPart
2021-11-21T23:53:22,257|[TRACE] graph - -------> nonSkippedChar
2021-11-21T23:53:22,257|[TRACE] script - #out(`U`) [token]
2021-11-21T23:53:22,257|[TRACE] graph - <------- nonSkippedChar
2021-11-21T23:53:22,257|[TRACE] graph - <----- statementPart
2021-11-21T23:53:22,257|[TRACE] graph - -----> statementPart
2021-11-21T23:53:22,257|[TRACE] graph - -------> nonSkippedChar
2021-11-21T23:53:22,257|[TRACE] script - #out(`L`) [token]
2021-11-21T23:53:22,257|[TRACE] graph - <------- nonSkippedChar
2021-11-21T23:53:22,257|[TRACE] graph - <----- statementPart
2021-11-21T23:53:22,257|[TRACE] graph - -----> statementPart
2021-11-21T23:53:22,257|[TRACE] graph - -------> nonSkippedChar
2021-11-21T23:53:22,257|[TRACE] script - #out(`L`) [token]
2021-11-21T23:53:22,257|[TRACE] graph - <------- nonSkippedChar
2021-11-21T23:53:22,257|[TRACE] graph - <----- statementPart
2021-11-21T23:53:22,257|[TRACE] graph - -----> statementPart
2021-11-21T23:53:22,299|[TRACE] graph - -------> nonSkippedChar
2021-11-21T23:53:22,299|[TRACE] script - #out(`,`) [token]
2021-11-21T23:53:22,299|[TRACE] graph - <------- nonSkippedChar
2021-11-21T23:53:22,299|[TRACE] graph - <----- statementPart
2021-11-21T23:53:22,299|[TRACE] graph - -----> afterStatementPartNewline
2021-11-21T23:53:22,299|[TRACE] script - #out(` `) [text]
2021-11-21T23:53:22,299|[TRACE] graph - <----- afterStatementPartNewline
2021-11-21T23:53:22,299|[TRACE] graph - -----> statementPart
2021-11-21T23:53:22,299|[TRACE] graph - -------> nonSkippedSpace
2021-11-21T23:53:22,299|[TRACE] script - #out(` `) [token]
2021-11-21T23:53:22,299|[TRACE] graph - <------- nonSkippedSpace
2021-11-21T23:53:22,299|[TRACE] graph - <----- statementPart
2021-11-21T23:53:22,299|[TRACE] graph - -----> statementPart
2021-11-21T23:53:22,299|[TRACE] graph - -------> nonSkippedSpace
2021-11-21T23:53:22,299|[TRACE] script - #out(` `) [token]
2021-11-21T23:53:22,299|[TRACE] graph - <------- nonSkippedSpace
2021-11-21T23:53:22,299|[TRACE] graph - <----- statementPart
2021-11-21T23:53:22,299|[TRACE] graph - -----> statementPart
2021-11-21T23:53:22,299|[TRACE] graph - -------> quotedString
2021-11-21T23:53:22,299|[TRACE] script - #out(``created``) [token]
2021-11-21T23:53:22,299|[TRACE] graph - <------- quotedString
2021-11-21T23:53:22,299|[TRACE] graph - <----- statementPart
2021-11-21T23:53:22,299|[TRACE] graph - -----> statementPart
2021-11-21T23:53:22,299|[TRACE] graph - -------> nonSkippedSpace
2021-11-21T23:53:22,299|[TRACE] script - #out(` `) [token]
2021-11-21T23:53:22,299|[TRACE] graph - <------- nonSkippedSpace
2021-11-21T23:53:22,299|[TRACE] graph - <----- statementPart
2021-11-21T23:53:22,299|[TRACE] graph - -----> statementPart
2021-11-21T23:53:22,299|[TRACE] graph - -------> nonSkippedChar
2021-11-21T23:53:22,299|[TRACE] script - #out(`B`) [token]
2021-11-21T23:53:22,299|[TRACE] graph - <------- nonSkippedChar
2021-11-21T23:53:22,299|[TRACE] graph - <----- statementPart
2021-11-21T23:53:22,299|[TRACE] graph - -----> statementPart
2021-11-21T23:53:22,299|[TRACE] graph - -------> nonSkippedChar
2021-11-21T23:53:22,299|[TRACE] script - #out(`I`) [token]
2021-11-21T23:53:22,299|[TRACE] graph - <------- nonSkippedChar
2021-11-21T23:53:22,299|[TRACE] graph - <----- statementPart
2021-11-21T23:53:22,299|[TRACE] graph - -----> statementPart
2021-11-21T23:53:22,299|[TRACE] graph - -------> nonSkippedChar
2021-11-21T23:53:22,299|[TRACE] script - #out(`G`) [token]
2021-11-21T23:53:22,299|[TRACE] graph - <------- nonSkippedChar
2021-11-21T23:53:22,299|[TRACE] graph - <----- statementPart
2021-11-21T23:53:22,299|[TRACE] graph - -----> statementPart
2021-11-21T23:53:22,299|[TRACE] graph - -------> nonSkippedChar
2021-11-21T23:53:22,299|[TRACE] script - #out(`I`) [token]
2021-11-21T23:53:22,299|[TRACE] graph - <------- nonSkippedChar
2021-11-21T23:53:22,300|[TRACE] graph - <----- statementPart
2021-11-21T23:53:22,300|[TRACE] graph - -----> statementPart
2021-11-21T23:53:22,300|[TRACE] graph - -------> nonSkippedChar
2021-11-21T23:53:22,300|[TRACE] script - #out(`N`) [token]
2021-11-21T23:53:22,300|[TRACE] graph - <------- nonSkippedChar
2021-11-21T23:53:22,300|[TRACE] graph - <----- statementPart
2021-11-21T23:53:22,300|[TRACE] graph - -----> statementPart
2021-11-21T23:53:22,300|[TRACE] graph - -------> nonSkippedChar
2021-11-21T23:53:22,300|[TRACE] script - #out(`T`) [token]
2021-11-21T23:53:22,300|[TRACE] graph - <------- nonSkippedChar
2021-11-21T23:53:22,300|[TRACE] graph - <----- statementPart
2021-11-21T23:53:22,300|[TRACE] graph - -----> statementPart
2021-11-21T23:53:22,300|[TRACE] graph - -------> nonSkippedSpace
2021-11-21T23:53:22,300|[TRACE] script - #out(` `) [token]
2021-11-21T23:53:22,300|[TRACE] graph - <------- nonSkippedSpace
2021-11-21T23:53:22,300|[TRACE] graph - <----- statementPart
2021-11-21T23:53:22,300|[TRACE] graph - -----> statementPart
2021-11-21T23:53:22,300|[TRACE] graph - -------> nonSkippedChar
2021-11-21T23:53:22,300|[TRACE] script - #out(`N`) [token]
2021-11-21T23:53:22,300|[TRACE] graph - <------- nonSkippedChar
2021-11-21T23:53:22,300|[TRACE] graph - <----- statementPart
2021-11-21T23:53:22,300|[TRACE] graph - -----> statementPart
2021-11-21T23:53:22,300|[TRACE] graph - -------> nonSkippedChar
2021-11-21T23:53:22,300|[TRACE] script - #out(`O`) [token]
2021-11-21T23:53:22,300|[TRACE] graph - <------- nonSkippedChar
2021-11-21T23:53:22,300|[TRACE] graph - <----- statementPart
2021-11-21T23:53:22,300|[TRACE] graph - -----> statementPart
2021-11-21T23:53:22,300|[TRACE] graph - -------> nonSkippedChar
2021-11-21T23:53:22,300|[TRACE] script - #out(`T`) [token]
2021-11-21T23:53:22,300|[TRACE] graph - <------- nonSkippedChar
2021-11-21T23:53:22,300|[TRACE] graph - <----- statementPart
2021-11-21T23:53:22,300|[TRACE] graph - -----> statementPart
2021-11-21T23:53:22,300|[TRACE] graph - -------> nonSkippedSpace
2021-11-21T23:53:22,300|[TRACE] script - #out(` `) [token]
2021-11-21T23:53:22,300|[TRACE] graph - <------- nonSkippedSpace
2021-11-21T23:53:22,300|[TRACE] graph - <----- statementPart
2021-11-21T23:53:22,300|[TRACE] graph - -----> statementPart
2021-11-21T23:53:22,300|[TRACE] graph - -------> nonSkippedChar
2021-11-21T23:53:22,300|[TRACE] script - #out(`N`) [token]
2021-11-21T23:53:22,300|[TRACE] graph - <------- nonSkippedChar
2021-11-21T23:53:22,300|[TRACE] graph - <----- statementPart
2021-11-21T23:53:22,300|[TRACE] graph - -----> statementPart
2021-11-21T23:53:22,300|[TRACE] graph - -------> nonSkippedChar
2021-11-21T23:53:22,300|[TRACE] script - #out(`U`) [token]
2021-11-21T23:53:22,300|[TRACE] graph - <------- nonSkippedChar
2021-11-21T23:53:22,300|[TRACE] graph - <----- statementPart
2021-11-21T23:53:22,300|[TRACE] graph - -----> statementPart
2021-11-21T23:53:22,300|[TRACE] graph - -------> nonSkippedChar
2021-11-21T23:53:22,300|[TRACE] script - #out(`L`) [token]
2021-11-21T23:53:22,300|[TRACE] graph - <------- nonSkippedChar
2021-11-21T23:53:22,300|[TRACE] graph - <----- statementPart
2021-11-21T23:53:22,300|[TRACE] graph - -----> statementPart
2021-11-21T23:53:22,300|[TRACE] graph - -------> nonSkippedChar
2021-11-21T23:53:22,300|[TRACE] script - #out(`L`) [token]
2021-11-21T23:53:22,300|[TRACE] graph - <------- nonSkippedChar
2021-11-21T23:53:22,300|[TRACE] graph - <----- statementPart
2021-11-21T23:53:22,300|[TRACE] graph - -----> statementPart
2021-11-21T23:53:22,300|[TRACE] graph - -------> nonSkippedSpace
2021-11-21T23:53:22,300|[TRACE] script - #out(` `) [token]
2021-11-21T23:53:22,300|[TRACE] graph - <------- nonSkippedSpace
2021-11-21T23:53:22,300|[TRACE] graph - <----- statementPart
2021-11-21T23:53:22,300|[TRACE] graph - -----> statementPart
2021-11-21T23:53:22,300|[TRACE] graph - -------> nonSkippedChar
2021-11-21T23:53:22,300|[TRACE] script - #out(`D`) [token]
2021-11-21T23:53:22,300|[TRACE] graph - <------- nonSkippedChar
2021-11-21T23:53:22,300|[TRACE] graph - <----- statementPart
2021-11-21T23:53:22,300|[TRACE] graph - -----> statementPart
2021-11-21T23:53:22,300|[TRACE] graph - -------> nonSkippedChar
2021-11-21T23:53:22,300|[TRACE] script - #out(`E`) [token]
2021-11-21T23:53:22,300|[TRACE] graph - <------- nonSkippedChar
2021-11-21T23:53:22,300|[TRACE] graph - <----- statementPart
2021-11-21T23:53:22,300|[TRACE] graph - -----> statementPart
2021-11-21T23:53:22,300|[TRACE] graph - -------> nonSkippedChar
2021-11-21T23:53:22,300|[TRACE] script - #out(`F`) [token]
2021-11-21T23:53:22,300|[TRACE] graph - <------- nonSkippedChar
2021-11-21T23:53:22,300|[TRACE] graph - <----- statementPart
2021-11-21T23:53:22,300|[TRACE] graph - -----> statementPart
2021-11-21T23:53:22,300|[TRACE] graph - -------> nonSkippedChar
2021-11-21T23:53:22,300|[TRACE] script - #out(`A`) [token]
2021-11-21T23:53:22,300|[TRACE] graph - <------- nonSkippedChar
2021-11-21T23:53:22,300|[TRACE] graph - <----- statementPart
2021-11-21T23:53:22,300|[TRACE] graph - -----> statementPart
2021-11-21T23:53:22,300|[TRACE] graph - -------> nonSkippedChar
2021-11-21T23:53:22,300|[TRACE] script - #out(`U`) [token]
2021-11-21T23:53:22,300|[TRACE] graph - <------- nonSkippedChar
2021-11-21T23:53:22,300|[TRACE] graph - <----- statementPart
2021-11-21T23:53:22,300|[TRACE] graph - -----> statementPart
2021-11-21T23:53:22,300|[TRACE] graph - -------> nonSkippedChar
2021-11-21T23:53:22,300|[TRACE] script - #out(`L`) [token]
2021-11-21T23:53:22,300|[TRACE] graph - <------- nonSkippedChar
2021-11-21T23:53:22,300|[TRACE] graph - <----- statementPart
2021-11-21T23:53:22,300|[TRACE] graph - -----> statementPart
2021-11-21T23:53:22,300|[TRACE] graph - -------> nonSkippedChar
2021-11-21T23:53:22,300|[TRACE] script - #out(`T`) [token]
2021-11-21T23:53:22,300|[TRACE] graph - <------- nonSkippedChar
2021-11-21T23:53:22,300|[TRACE] graph - <----- statementPart
2021-11-21T23:53:22,300|[TRACE] graph - -----> statementPart
2021-11-21T23:53:22,300|[TRACE] graph - -------> nonSkippedSpace
2021-11-21T23:53:22,300|[TRACE] script - #out(` `) [token]
2021-11-21T23:53:22,300|[TRACE] graph - <------- nonSkippedSpace
2021-11-21T23:53:22,300|[TRACE] graph - <----- statementPart
2021-11-21T23:53:22,300|[TRACE] graph - -----> statementPart
2021-11-21T23:53:22,300|[TRACE] graph - -------> nonSkippedChar
2021-11-21T23:53:22,300|[TRACE] script - #out(`(`) [token]
2021-11-21T23:53:22,300|[TRACE] graph - <------- nonSkippedChar
2021-11-21T23:53:22,300|[TRACE] graph - <----- statementPart
2021-11-21T23:53:22,300|[TRACE] graph - -----> statementPart
2021-11-21T23:53:22,300|[TRACE] graph - -------> nonSkippedChar
2021-11-21T23:53:22,300|[TRACE] script - #out(`u`) [token]
2021-11-21T23:53:22,300|[TRACE] graph - <------- nonSkippedChar
2021-11-21T23:53:22,300|[TRACE] graph - <----- statementPart
2021-11-21T23:53:22,300|[TRACE] graph - -----> statementPart
2021-11-21T23:53:22,300|[TRACE] graph - -------> nonSkippedChar
2021-11-21T23:53:22,300|[TRACE] script - #out(`n`) [token]
2021-11-21T23:53:22,300|[TRACE] graph - <------- nonSkippedChar
2021-11-21T23:53:22,300|[TRACE] graph - <----- statementPart
2021-11-21T23:53:22,300|[TRACE] graph - -----> statementPart
2021-11-21T23:53:22,300|[TRACE] graph - -------> nonSkippedChar
2021-11-21T23:53:22,300|[TRACE] script - #out(`i`) [token]
2021-11-21T23:53:22,300|[TRACE] graph - <------- nonSkippedChar
2021-11-21T23:53:22,300|[TRACE] graph - <----- statementPart
2021-11-21T23:53:22,300|[TRACE] graph - -----> statementPart
2021-11-21T23:53:22,300|[TRACE] graph - -------> nonSkippedChar
2021-11-21T23:53:22,300|[TRACE] script - #out(`x`) [token]
2021-11-21T23:53:22,300|[TRACE] graph - <------- nonSkippedChar
2021-11-21T23:53:22,300|[TRACE] graph - <----- statementPart
2021-11-21T23:53:22,300|[TRACE] graph - -----> statementPart
2021-11-21T23:53:22,300|[TRACE] graph - -------> nonSkippedChar
2021-11-21T23:53:22,300|[TRACE] script - #out(`_`) [token]
2021-11-21T23:53:22,300|[TRACE] graph - <------- nonSkippedChar
2021-11-21T23:53:22,300|[TRACE] graph - <----- statementPart
2021-11-21T23:53:22,300|[TRACE] graph - -----> statementPart
2021-11-21T23:53:22,300|[TRACE] graph - -------> nonSkippedChar
2021-11-21T23:53:22,300|[TRACE] script - #out(`t`) [token]
2021-11-21T23:53:22,300|[TRACE] graph - <------- nonSkippedChar
2021-11-21T23:53:22,300|[TRACE] graph - <----- statementPart
2021-11-21T23:53:22,300|[TRACE] graph - -----> statementPart
2021-11-21T23:53:22,300|[TRACE] graph - -------> nonSkippedChar
2021-11-21T23:53:22,300|[TRACE] script - #out(`i`) [token]
2021-11-21T23:53:22,300|[TRACE] graph - <------- nonSkippedChar
2021-11-21T23:53:22,300|[TRACE] graph - <----- statementPart
2021-11-21T23:53:22,300|[TRACE] graph - -----> statementPart
2021-11-21T23:53:22,300|[TRACE] graph - -------> nonSkippedChar
2021-11-21T23:53:22,300|[TRACE] script - #out(`m`) [token]
2021-11-21T23:53:22,300|[TRACE] graph - <------- nonSkippedChar
2021-11-21T23:53:22,300|[TRACE] graph - <----- statementPart
2021-11-21T23:53:22,300|[TRACE] graph - -----> statementPart
2021-11-21T23:53:22,300|[TRACE] graph - -------> nonSkippedChar
2021-11-21T23:53:22,300|[TRACE] script - #out(`e`) [token]
2021-11-21T23:53:22,300|[TRACE] graph - <------- nonSkippedChar
2021-11-21T23:53:22,300|[TRACE] graph - <----- statementPart
2021-11-21T23:53:22,300|[TRACE] graph - -----> statementPart
2021-11-21T23:53:22,300|[TRACE] graph - -------> nonSkippedChar
2021-11-21T23:53:22,300|[TRACE] script - #out(`s`) [token]
2021-11-21T23:53:22,300|[TRACE] graph - <------- nonSkippedChar
2021-11-21T23:53:22,300|[TRACE] graph - <----- statementPart
2021-11-21T23:53:22,300|[TRACE] graph - -----> statementPart
2021-11-21T23:53:22,300|[TRACE] graph - -------> nonSkippedChar
2021-11-21T23:53:22,300|[TRACE] script - #out(`t`) [token]
2021-11-21T23:53:22,300|[TRACE] graph - <------- nonSkippedChar
2021-11-21T23:53:22,300|[TRACE] graph - <----- statementPart
2021-11-21T23:53:22,300|[TRACE] graph - -----> statementPart
2021-11-21T23:53:22,300|[TRACE] graph - -------> nonSkippedChar
2021-11-21T23:53:22,300|[TRACE] script - #out(`a`) [token]
2021-11-21T23:53:22,300|[TRACE] graph - <------- nonSkippedChar
2021-11-21T23:53:22,300|[TRACE] graph - <----- statementPart
2021-11-21T23:53:22,300|[TRACE] graph - -----> statementPart
2021-11-21T23:53:22,300|[TRACE] graph - -------> nonSkippedChar
2021-11-21T23:53:22,300|[TRACE] script - #out(`m`) [token]
2021-11-21T23:53:22,300|[TRACE] graph - <------- nonSkippedChar
2021-11-21T23:53:22,300|[TRACE] graph - <----- statementPart
2021-11-21T23:53:22,300|[TRACE] graph - -----> statementPart
2021-11-21T23:53:22,300|[TRACE] graph - -------> nonSkippedChar
2021-11-21T23:53:22,300|[TRACE] script - #out(`p`) [token]
2021-11-21T23:53:22,300|[TRACE] graph - <------- nonSkippedChar
2021-11-21T23:53:22,300|[TRACE] graph - <----- statementPart
2021-11-21T23:53:22,300|[TRACE] graph - -----> statementPart
2021-11-21T23:53:22,300|[TRACE] graph - -------> nonSkippedChar
2021-11-21T23:53:22,300|[TRACE] script - #out(`(`) [token]
2021-11-21T23:53:22,300|[TRACE] graph - <------- nonSkippedChar
2021-11-21T23:53:22,300|[TRACE] graph - <----- statementPart
2021-11-21T23:53:22,300|[TRACE] graph - -----> statementPart
2021-11-21T23:53:22,300|[TRACE] graph - -------> nonSkippedChar
2021-11-21T23:53:22,300|[TRACE] script - #out(`n`) [token]
2021-11-21T23:53:22,300|[TRACE] graph - <------- nonSkippedChar
2021-11-21T23:53:22,300|[TRACE] graph - <----- statementPart
2021-11-21T23:53:22,300|[TRACE] graph - -----> statementPart
2021-11-21T23:53:22,300|[TRACE] graph - -------> nonSkippedChar
2021-11-21T23:53:22,300|[TRACE] script - #out(`o`) [token]
2021-11-21T23:53:22,300|[TRACE] graph - <------- nonSkippedChar
2021-11-21T23:53:22,300|[TRACE] graph - <----- statementPart
2021-11-21T23:53:22,300|[TRACE] graph - -----> statementPart
2021-11-21T23:53:22,300|[TRACE] graph - -------> nonSkippedChar
2021-11-21T23:53:22,300|[TRACE] script - #out(`w`) [token]
2021-11-21T23:53:22,300|[TRACE] graph - <------- nonSkippedChar
2021-11-21T23:53:22,300|[TRACE] graph - <----- statementPart
2021-11-21T23:53:22,300|[TRACE] graph - -----> statementPart
2021-11-21T23:53:22,300|[TRACE] graph - -------> nonSkippedChar
2021-11-21T23:53:22,300|[TRACE] script - #out(`(`) [token]
2021-11-21T23:53:22,300|[TRACE] graph - <------- nonSkippedChar
2021-11-21T23:53:22,300|[TRACE] graph - <----- statementPart
2021-11-21T23:53:22,300|[TRACE] graph - -----> statementPart
2021-11-21T23:53:22,300|[TRACE] graph - -------> nonSkippedChar
2021-11-21T23:53:22,300|[TRACE] script - #out(`)`) [token]
2021-11-21T23:53:22,300|[TRACE] graph - <------- nonSkippedChar
2021-11-21T23:53:22,300|[TRACE] graph - <----- statementPart
2021-11-21T23:53:22,300|[TRACE] graph - -----> statementPart
2021-11-21T23:53:22,300|[TRACE] graph - -------> nonSkippedChar
2021-11-21T23:53:22,300|[TRACE] script - #out(`)`) [token]
2021-11-21T23:53:22,300|[TRACE] graph - <------- nonSkippedChar
2021-11-21T23:53:22,300|[TRACE] graph - <----- statementPart
2021-11-21T23:53:22,300|[TRACE] graph - -----> statementPart
2021-11-21T23:53:22,300|[TRACE] graph - -------> nonSkippedSpace
2021-11-21T23:53:22,300|[TRACE] script - #out(` `) [token]
2021-11-21T23:53:22,300|[TRACE] graph - <------- nonSkippedSpace
2021-11-21T23:53:22,300|[TRACE] graph - <----- statementPart
2021-11-21T23:53:22,300|[TRACE] graph - -----> statementPart
2021-11-21T23:53:22,300|[TRACE] graph - -------> nonSkippedChar
2021-11-21T23:53:22,300|[TRACE] script - #out(`*`) [token]
2021-11-21T23:53:22,300|[TRACE] graph - <------- nonSkippedChar
2021-11-21T23:53:22,300|[TRACE] graph - <----- statementPart
2021-11-21T23:53:22,300|[TRACE] graph - -----> statementPart
2021-11-21T23:53:22,300|[TRACE] graph - -------> nonSkippedSpace
2021-11-21T23:53:22,300|[TRACE] script - #out(` `) [token]
2021-11-21T23:53:22,300|[TRACE] graph - <------- nonSkippedSpace
2021-11-21T23:53:22,300|[TRACE] graph - <----- statementPart
2021-11-21T23:53:22,300|[TRACE] graph - -----> statementPart
2021-11-21T23:53:22,300|[TRACE] graph - -------> nonSkippedChar
2021-11-21T23:53:22,300|[TRACE] script - #out(`1`) [token]
2021-11-21T23:53:22,300|[TRACE] graph - <------- nonSkippedChar
2021-11-21T23:53:22,300|[TRACE] graph - <----- statementPart
2021-11-21T23:53:22,300|[TRACE] graph - -----> statementPart
2021-11-21T23:53:22,300|[TRACE] graph - -------> nonSkippedChar
2021-11-21T23:53:22,300|[TRACE] script - #out(`0`) [token]
2021-11-21T23:53:22,300|[TRACE] graph - <------- nonSkippedChar
2021-11-21T23:53:22,300|[TRACE] graph - <----- statementPart
2021-11-21T23:53:22,300|[TRACE] graph - -----> statementPart
2021-11-21T23:53:22,300|[TRACE] graph - -------> nonSkippedChar
2021-11-21T23:53:22,300|[TRACE] script - #out(`0`) [token]
2021-11-21T23:53:22,300|[TRACE] graph - <------- nonSkippedChar
2021-11-21T23:53:22,300|[TRACE] graph - <----- statementPart
2021-11-21T23:53:22,300|[TRACE] graph - -----> statementPart
2021-11-21T23:53:22,300|[TRACE] graph - -------> nonSkippedChar
2021-11-21T23:53:22,300|[TRACE] script - #out(`0`) [token]
2021-11-21T23:53:22,300|[TRACE] graph - <------- nonSkippedChar
2021-11-21T23:53:22,300|[TRACE] graph - <----- statementPart
2021-11-21T23:53:22,300|[TRACE] graph - -----> statementPart
2021-11-21T23:53:22,300|[TRACE] graph - -------> nonSkippedChar
2021-11-21T23:53:22,300|[TRACE] script - #out(`)`) [token]
2021-11-21T23:53:22,300|[TRACE] graph - <------- nonSkippedChar
2021-11-21T23:53:22,300|[TRACE] graph - <----- statementPart
2021-11-21T23:53:22,300|[TRACE] graph - -----> statementPart
2021-11-21T23:53:22,300|[TRACE] graph - -------> nonSkippedChar
2021-11-21T23:53:22,300|[TRACE] script - #out(`,`) [token]
2021-11-21T23:53:22,300|[TRACE] graph - <------- nonSkippedChar
2021-11-21T23:53:22,300|[TRACE] graph - <----- statementPart
2021-11-21T23:53:22,300|[TRACE] graph - -----> afterStatementPartNewline
2021-11-21T23:53:22,300|[TRACE] script - #out(` `) [text]
2021-11-21T23:53:22,300|[TRACE] graph - <----- afterStatementPartNewline
2021-11-21T23:53:22,300|[TRACE] graph - -----> statementPart
2021-11-21T23:53:22,300|[TRACE] graph - -------> nonSkippedSpace
2021-11-21T23:53:22,300|[TRACE] script - #out(` `) [token]
2021-11-21T23:53:22,300|[TRACE] graph - <------- nonSkippedSpace
2021-11-21T23:53:22,300|[TRACE] graph - <----- statementPart
2021-11-21T23:53:22,300|[TRACE] graph - -----> statementPart
2021-11-21T23:53:22,300|[TRACE] graph - -------> nonSkippedSpace
2021-11-21T23:53:22,300|[TRACE] script - #out(` `) [token]
2021-11-21T23:53:22,300|[TRACE] graph - <------- nonSkippedSpace
2021-11-21T23:53:22,300|[TRACE] graph - <----- statementPart
2021-11-21T23:53:22,300|[TRACE] graph - -----> statementPart
2021-11-21T23:53:22,300|[TRACE] graph - -------> quotedString
2021-11-21T23:53:22,300|[TRACE] script - #out(``updated``) [token]
2021-11-21T23:53:22,300|[TRACE] graph - <------- quotedString
2021-11-21T23:53:22,300|[TRACE] graph - <----- statementPart
2021-11-21T23:53:22,300|[TRACE] graph - -----> statementPart
2021-11-21T23:53:22,300|[TRACE] graph - -------> nonSkippedSpace
2021-11-21T23:53:22,300|[TRACE] script - #out(` `) [token]
2021-11-21T23:53:22,300|[TRACE] graph - <------- nonSkippedSpace
2021-11-21T23:53:22,300|[TRACE] graph - <----- statementPart
2021-11-21T23:53:22,300|[TRACE] graph - -----> statementPart
2021-11-21T23:53:22,300|[TRACE] graph - -------> nonSkippedChar
2021-11-21T23:53:22,300|[TRACE] script - #out(`B`) [token]
2021-11-21T23:53:22,300|[TRACE] graph - <------- nonSkippedChar
2021-11-21T23:53:22,300|[TRACE] graph - <----- statementPart
2021-11-21T23:53:22,300|[TRACE] graph - -----> statementPart
2021-11-21T23:53:22,300|[TRACE] graph - -------> nonSkippedChar
2021-11-21T23:53:22,300|[TRACE] script - #out(`I`) [token]
2021-11-21T23:53:22,300|[TRACE] graph - <------- nonSkippedChar
2021-11-21T23:53:22,300|[TRACE] graph - <----- statementPart
2021-11-21T23:53:22,300|[TRACE] graph - -----> statementPart
2021-11-21T23:53:22,300|[TRACE] graph - -------> nonSkippedChar
2021-11-21T23:53:22,300|[TRACE] script - #out(`G`) [token]
2021-11-21T23:53:22,300|[TRACE] graph - <------- nonSkippedChar
2021-11-21T23:53:22,300|[TRACE] graph - <----- statementPart
2021-11-21T23:53:22,300|[TRACE] graph - -----> statementPart
2021-11-21T23:53:22,300|[TRACE] graph - -------> nonSkippedChar
2021-11-21T23:53:22,300|[TRACE] script - #out(`I`) [token]
2021-11-21T23:53:22,300|[TRACE] graph - <------- nonSkippedChar
2021-11-21T23:53:22,300|[TRACE] graph - <----- statementPart
2021-11-21T23:53:22,300|[TRACE] graph - -----> statementPart
2021-11-21T23:53:22,300|[TRACE] graph - -------> nonSkippedChar
2021-11-21T23:53:22,300|[TRACE] script - #out(`N`) [token]
2021-11-21T23:53:22,300|[TRACE] graph - <------- nonSkippedChar
2021-11-21T23:53:22,300|[TRACE] graph - <----- statementPart
2021-11-21T23:53:22,301|[TRACE] graph - -----> statementPart
2021-11-21T23:53:22,301|[TRACE] graph - -------> nonSkippedChar
2021-11-21T23:53:22,301|[TRACE] script - #out(`T`) [token]
2021-11-21T23:53:22,301|[TRACE] graph - <------- nonSkippedChar
2021-11-21T23:53:22,301|[TRACE] graph - <----- statementPart
2021-11-21T23:53:22,301|[TRACE] graph - -----> statementPart
2021-11-21T23:53:22,301|[TRACE] graph - -------> nonSkippedSpace
2021-11-21T23:53:22,301|[TRACE] script - #out(` `) [token]
2021-11-21T23:53:22,301|[TRACE] graph - <------- nonSkippedSpace
2021-11-21T23:53:22,301|[TRACE] graph - <----- statementPart
2021-11-21T23:53:22,301|[TRACE] graph - -----> statementPart
2021-11-21T23:53:22,301|[TRACE] graph - -------> nonSkippedChar
2021-11-21T23:53:22,301|[TRACE] script - #out(`N`) [token]
2021-11-21T23:53:22,301|[TRACE] graph - <------- nonSkippedChar
2021-11-21T23:53:22,301|[TRACE] graph - <----- statementPart
2021-11-21T23:53:22,301|[TRACE] graph - -----> statementPart
2021-11-21T23:53:22,301|[TRACE] graph - -------> nonSkippedChar
2021-11-21T23:53:22,301|[TRACE] script - #out(`O`) [token]
2021-11-21T23:53:22,301|[TRACE] graph - <------- nonSkippedChar
2021-11-21T23:53:22,301|[TRACE] graph - <----- statementPart
2021-11-21T23:53:22,301|[TRACE] graph - -----> statementPart
2021-11-21T23:53:22,301|[TRACE] graph - -------> nonSkippedChar
2021-11-21T23:53:22,301|[TRACE] script - #out(`T`) [token]
2021-11-21T23:53:22,301|[TRACE] graph - <------- nonSkippedChar
2021-11-21T23:53:22,301|[TRACE] graph - <----- statementPart
2021-11-21T23:53:22,301|[TRACE] graph - -----> statementPart
2021-11-21T23:53:22,301|[TRACE] graph - -------> nonSkippedSpace
2021-11-21T23:53:22,301|[TRACE] script - #out(` `) [token]
2021-11-21T23:53:22,301|[TRACE] graph - <------- nonSkippedSpace
2021-11-21T23:53:22,301|[TRACE] graph - <----- statementPart
2021-11-21T23:53:22,301|[TRACE] graph - -----> statementPart
2021-11-21T23:53:22,301|[TRACE] graph - -------> nonSkippedChar
2021-11-21T23:53:22,301|[TRACE] script - #out(`N`) [token]
2021-11-21T23:53:22,301|[TRACE] graph - <------- nonSkippedChar
2021-11-21T23:53:22,301|[TRACE] graph - <----- statementPart
2021-11-21T23:53:22,301|[TRACE] graph - -----> statementPart
2021-11-21T23:53:22,301|[TRACE] graph - -------> nonSkippedChar
2021-11-21T23:53:22,301|[TRACE] script - #out(`U`) [token]
2021-11-21T23:53:22,301|[TRACE] graph - <------- nonSkippedChar
2021-11-21T23:53:22,301|[TRACE] graph - <----- statementPart
2021-11-21T23:53:22,301|[TRACE] graph - -----> statementPart
2021-11-21T23:53:22,301|[TRACE] graph - -------> nonSkippedChar
2021-11-21T23:53:22,301|[TRACE] script - #out(`L`) [token]
2021-11-21T23:53:22,301|[TRACE] graph - <------- nonSkippedChar
2021-11-21T23:53:22,301|[TRACE] graph - <----- statementPart
2021-11-21T23:53:22,301|[TRACE] graph - -----> statementPart
2021-11-21T23:53:22,301|[TRACE] graph - -------> nonSkippedChar
2021-11-21T23:53:22,301|[TRACE] script - #out(`L`) [token]
2021-11-21T23:53:22,301|[TRACE] graph - <------- nonSkippedChar
2021-11-21T23:53:22,301|[TRACE] graph - <----- statementPart
2021-11-21T23:53:22,301|[TRACE] graph - -----> statementPart
2021-11-21T23:53:22,301|[TRACE] graph - -------> nonSkippedSpace
2021-11-21T23:53:22,301|[TRACE] script - #out(` `) [token]
2021-11-21T23:53:22,301|[TRACE] graph - <------- nonSkippedSpace
2021-11-21T23:53:22,301|[TRACE] graph - <----- statementPart
2021-11-21T23:53:22,301|[TRACE] graph - -----> statementPart
2021-11-21T23:53:22,301|[TRACE] graph - -------> nonSkippedChar
2021-11-21T23:53:22,301|[TRACE] script - #out(`D`) [token]
2021-11-21T23:53:22,301|[TRACE] graph - <------- nonSkippedChar
2021-11-21T23:53:22,301|[TRACE] graph - <----- statementPart
2021-11-21T23:53:22,301|[TRACE] graph - -----> statementPart
2021-11-21T23:53:22,301|[TRACE] graph - -------> nonSkippedChar
2021-11-21T23:53:22,301|[TRACE] script - #out(`E`) [token]
2021-11-21T23:53:22,301|[TRACE] graph - <------- nonSkippedChar
2021-11-21T23:53:22,301|[TRACE] graph - <----- statementPart
2021-11-21T23:53:22,301|[TRACE] graph - -----> statementPart
2021-11-21T23:53:22,301|[TRACE] graph - -------> nonSkippedChar
2021-11-21T23:53:22,301|[TRACE] script - #out(`F`) [token]
2021-11-21T23:53:22,301|[TRACE] graph - <------- nonSkippedChar
2021-11-21T23:53:22,301|[TRACE] graph - <----- statementPart
2021-11-21T23:53:22,301|[TRACE] graph - -----> statementPart
2021-11-21T23:53:22,301|[TRACE] graph - -------> nonSkippedChar
2021-11-21T23:53:22,301|[TRACE] script - #out(`A`) [token]
2021-11-21T23:53:22,301|[TRACE] graph - <------- nonSkippedChar
2021-11-21T23:53:22,301|[TRACE] graph - <----- statementPart
2021-11-21T23:53:22,301|[TRACE] graph - -----> statementPart
2021-11-21T23:53:22,301|[TRACE] graph - -------> nonSkippedChar
2021-11-21T23:53:22,301|[TRACE] script - #out(`U`) [token]
2021-11-21T23:53:22,301|[TRACE] graph - <------- nonSkippedChar
2021-11-21T23:53:22,301|[TRACE] graph - <----- statementPart
2021-11-21T23:53:22,301|[TRACE] graph - -----> statementPart
2021-11-21T23:53:22,301|[TRACE] graph - -------> nonSkippedChar
2021-11-21T23:53:22,301|[TRACE] script - #out(`L`) [token]
2021-11-21T23:53:22,301|[TRACE] graph - <------- nonSkippedChar
2021-11-21T23:53:22,301|[TRACE] graph - <----- statementPart
2021-11-21T23:53:22,301|[TRACE] graph - -----> statementPart
2021-11-21T23:53:22,301|[TRACE] graph - -------> nonSkippedChar
2021-11-21T23:53:22,301|[TRACE] script - #out(`T`) [token]
2021-11-21T23:53:22,301|[TRACE] graph - <------- nonSkippedChar
2021-11-21T23:53:22,301|[TRACE] graph - <----- statementPart
2021-11-21T23:53:22,301|[TRACE] graph - -----> statementPart
2021-11-21T23:53:22,301|[TRACE] graph - -------> nonSkippedSpace
2021-11-21T23:53:22,301|[TRACE] script - #out(` `) [token]
2021-11-21T23:53:22,301|[TRACE] graph - <------- nonSkippedSpace
2021-11-21T23:53:22,301|[TRACE] graph - <----- statementPart
2021-11-21T23:53:22,301|[TRACE] graph - -----> statementPart
2021-11-21T23:53:22,301|[TRACE] graph - -------> nonSkippedChar
2021-11-21T23:53:22,301|[TRACE] script - #out(`(`) [token]
2021-11-21T23:53:22,301|[TRACE] graph - <------- nonSkippedChar
2021-11-21T23:53:22,301|[TRACE] graph - <----- statementPart
2021-11-21T23:53:22,301|[TRACE] graph - -----> statementPart
2021-11-21T23:53:22,301|[TRACE] graph - -------> nonSkippedChar
2021-11-21T23:53:22,301|[TRACE] script - #out(`u`) [token]
2021-11-21T23:53:22,301|[TRACE] graph - <------- nonSkippedChar
2021-11-21T23:53:22,301|[TRACE] graph - <----- statementPart
2021-11-21T23:53:22,301|[TRACE] graph - -----> statementPart
2021-11-21T23:53:22,301|[TRACE] graph - -------> nonSkippedChar
2021-11-21T23:53:22,301|[TRACE] script - #out(`n`) [token]
2021-11-21T23:53:22,301|[TRACE] graph - <------- nonSkippedChar
2021-11-21T23:53:22,301|[TRACE] graph - <----- statementPart
2021-11-21T23:53:22,301|[TRACE] graph - -----> statementPart
2021-11-21T23:53:22,301|[TRACE] graph - -------> nonSkippedChar
2021-11-21T23:53:22,301|[TRACE] script - #out(`i`) [token]
2021-11-21T23:53:22,301|[TRACE] graph - <------- nonSkippedChar
2021-11-21T23:53:22,301|[TRACE] graph - <----- statementPart
2021-11-21T23:53:22,340|[TRACE] graph - -----> statementPart
2021-11-21T23:53:22,340|[TRACE] graph - -------> nonSkippedChar
2021-11-21T23:53:22,340|[TRACE] script - #out(`x`) [token]
2021-11-21T23:53:22,340|[TRACE] graph - <------- nonSkippedChar
2021-11-21T23:53:22,340|[TRACE] graph - <----- statementPart
2021-11-21T23:53:22,340|[TRACE] graph - -----> statementPart
2021-11-21T23:53:22,340|[TRACE] graph - -------> nonSkippedChar
2021-11-21T23:53:22,340|[TRACE] script - #out(`_`) [token]
2021-11-21T23:53:22,340|[TRACE] graph - <------- nonSkippedChar
2021-11-21T23:53:22,340|[TRACE] graph - <----- statementPart
2021-11-21T23:53:22,340|[TRACE] graph - -----> statementPart
2021-11-21T23:53:22,340|[TRACE] graph - -------> nonSkippedChar
2021-11-21T23:53:22,340|[TRACE] script - #out(`t`) [token]
2021-11-21T23:53:22,340|[TRACE] graph - <------- nonSkippedChar
2021-11-21T23:53:22,340|[TRACE] graph - <----- statementPart
2021-11-21T23:53:22,340|[TRACE] graph - -----> statementPart
2021-11-21T23:53:22,340|[TRACE] graph - -------> nonSkippedChar
2021-11-21T23:53:22,340|[TRACE] script - #out(`i`) [token]
2021-11-21T23:53:22,340|[TRACE] graph - <------- nonSkippedChar
2021-11-21T23:53:22,340|[TRACE] graph - <----- statementPart
2021-11-21T23:53:22,340|[TRACE] graph - -----> statementPart
2021-11-21T23:53:22,340|[TRACE] graph - -------> nonSkippedChar
2021-11-21T23:53:22,340|[TRACE] script - #out(`m`) [token]
2021-11-21T23:53:22,340|[TRACE] graph - <------- nonSkippedChar
2021-11-21T23:53:22,340|[TRACE] graph - <----- statementPart
2021-11-21T23:53:22,340|[TRACE] graph - -----> statementPart
2021-11-21T23:53:22,340|[TRACE] graph - -------> nonSkippedChar
2021-11-21T23:53:22,340|[TRACE] script - #out(`e`) [token]
2021-11-21T23:53:22,340|[TRACE] graph - <------- nonSkippedChar
2021-11-21T23:53:22,340|[TRACE] graph - <----- statementPart
2021-11-21T23:53:22,340|[TRACE] graph - -----> statementPart
2021-11-21T23:53:22,340|[TRACE] graph - -------> nonSkippedChar
2021-11-21T23:53:22,340|[TRACE] script - #out(`s`) [token]
2021-11-21T23:53:22,340|[TRACE] graph - <------- nonSkippedChar
2021-11-21T23:53:22,340|[TRACE] graph - <----- statementPart
2021-11-21T23:53:22,340|[TRACE] graph - -----> statementPart
2021-11-21T23:53:22,340|[TRACE] graph - -------> nonSkippedChar
2021-11-21T23:53:22,340|[TRACE] script - #out(`t`) [token]
2021-11-21T23:53:22,340|[TRACE] graph - <------- nonSkippedChar
2021-11-21T23:53:22,340|[TRACE] graph - <----- statementPart
2021-11-21T23:53:22,340|[TRACE] graph - -----> statementPart
2021-11-21T23:53:22,340|[TRACE] graph - -------> nonSkippedChar
2021-11-21T23:53:22,340|[TRACE] script - #out(`a`) [token]
2021-11-21T23:53:22,340|[TRACE] graph - <------- nonSkippedChar
2021-11-21T23:53:22,340|[TRACE] graph - <----- statementPart
2021-11-21T23:53:22,340|[TRACE] graph - -----> statementPart
2021-11-21T23:53:22,340|[TRACE] graph - -------> nonSkippedChar
2021-11-21T23:53:22,340|[TRACE] script - #out(`m`) [token]
2021-11-21T23:53:22,340|[TRACE] graph - <------- nonSkippedChar
2021-11-21T23:53:22,340|[TRACE] graph - <----- statementPart
2021-11-21T23:53:22,340|[TRACE] graph - -----> statementPart
2021-11-21T23:53:22,340|[TRACE] graph - -------> nonSkippedChar
2021-11-21T23:53:22,340|[TRACE] script - #out(`p`) [token]
2021-11-21T23:53:22,340|[TRACE] graph - <------- nonSkippedChar
2021-11-21T23:53:22,340|[TRACE] graph - <----- statementPart
2021-11-21T23:53:22,340|[TRACE] graph - -----> statementPart
2021-11-21T23:53:22,340|[TRACE] graph - -------> nonSkippedChar
2021-11-21T23:53:22,340|[TRACE] script - #out(`(`) [token]
2021-11-21T23:53:22,340|[TRACE] graph - <------- nonSkippedChar
2021-11-21T23:53:22,340|[TRACE] graph - <----- statementPart
2021-11-21T23:53:22,340|[TRACE] graph - -----> statementPart
2021-11-21T23:53:22,340|[TRACE] graph - -------> nonSkippedChar
2021-11-21T23:53:22,340|[TRACE] script - #out(`n`) [token]
2021-11-21T23:53:22,340|[TRACE] graph - <------- nonSkippedChar
2021-11-21T23:53:22,340|[TRACE] graph - <----- statementPart
2021-11-21T23:53:22,340|[TRACE] graph - -----> statementPart
2021-11-21T23:53:22,340|[TRACE] graph - -------> nonSkippedChar
2021-11-21T23:53:22,340|[TRACE] script - #out(`o`) [token]
2021-11-21T23:53:22,340|[TRACE] graph - <------- nonSkippedChar
2021-11-21T23:53:22,340|[TRACE] graph - <----- statementPart
2021-11-21T23:53:22,340|[TRACE] graph - -----> statementPart
2021-11-21T23:53:22,340|[TRACE] graph - -------> nonSkippedChar
2021-11-21T23:53:22,340|[TRACE] script - #out(`w`) [token]
2021-11-21T23:53:22,340|[TRACE] graph - <------- nonSkippedChar
2021-11-21T23:53:22,340|[TRACE] graph - <----- statementPart
2021-11-21T23:53:22,340|[TRACE] graph - -----> statementPart
2021-11-21T23:53:22,340|[TRACE] graph - -------> nonSkippedChar
2021-11-21T23:53:22,340|[TRACE] script - #out(`(`) [token]
2021-11-21T23:53:22,340|[TRACE] graph - <------- nonSkippedChar
2021-11-21T23:53:22,340|[TRACE] graph - <----- statementPart
2021-11-21T23:53:22,340|[TRACE] graph - -----> statementPart
2021-11-21T23:53:22,340|[TRACE] graph - -------> nonSkippedChar
2021-11-21T23:53:22,340|[TRACE] script - #out(`)`) [token]
2021-11-21T23:53:22,340|[TRACE] graph - <------- nonSkippedChar
2021-11-21T23:53:22,340|[TRACE] graph - <----- statementPart
2021-11-21T23:53:22,340|[TRACE] graph - -----> statementPart
2021-11-21T23:53:22,340|[TRACE] graph - -------> nonSkippedChar
2021-11-21T23:53:22,340|[TRACE] script - #out(`)`) [token]
2021-11-21T23:53:22,340|[TRACE] graph - <------- nonSkippedChar
2021-11-21T23:53:22,340|[TRACE] graph - <----- statementPart
2021-11-21T23:53:22,340|[TRACE] graph - -----> statementPart
2021-11-21T23:53:22,340|[TRACE] graph - -------> nonSkippedSpace
2021-11-21T23:53:22,340|[TRACE] script - #out(` `) [token]
2021-11-21T23:53:22,340|[TRACE] graph - <------- nonSkippedSpace
2021-11-21T23:53:22,340|[TRACE] graph - <----- statementPart
2021-11-21T23:53:22,340|[TRACE] graph - -----> statementPart
2021-11-21T23:53:22,340|[TRACE] graph - -------> nonSkippedChar
2021-11-21T23:53:22,340|[TRACE] script - #out(`*`) [token]
2021-11-21T23:53:22,340|[TRACE] graph - <------- nonSkippedChar
2021-11-21T23:53:22,340|[TRACE] graph - <----- statementPart
2021-11-21T23:53:22,340|[TRACE] graph - -----> statementPart
2021-11-21T23:53:22,340|[TRACE] graph - -------> nonSkippedSpace
2021-11-21T23:53:22,340|[TRACE] script - #out(` `) [token]
2021-11-21T23:53:22,340|[TRACE] graph - <------- nonSkippedSpace
2021-11-21T23:53:22,340|[TRACE] graph - <----- statementPart
2021-11-21T23:53:22,340|[TRACE] graph - -----> statementPart
2021-11-21T23:53:22,340|[TRACE] graph - -------> nonSkippedChar
2021-11-21T23:53:22,340|[TRACE] script - #out(`1`) [token]
2021-11-21T23:53:22,340|[TRACE] graph - <------- nonSkippedChar
2021-11-21T23:53:22,340|[TRACE] graph - <----- statementPart
2021-11-21T23:53:22,340|[TRACE] graph - -----> statementPart
2021-11-21T23:53:22,340|[TRACE] graph - -------> nonSkippedChar
2021-11-21T23:53:22,341|[TRACE] script - #out(`0`) [token]
2021-11-21T23:53:22,341|[TRACE] graph - <------- nonSkippedChar
2021-11-21T23:53:22,341|[TRACE] graph - <----- statementPart
2021-11-21T23:53:22,341|[TRACE] graph - -----> statementPart
2021-11-21T23:53:22,341|[TRACE] graph - -------> nonSkippedChar
2021-11-21T23:53:22,341|[TRACE] script - #out(`0`) [token]
2021-11-21T23:53:22,341|[TRACE] graph - <------- nonSkippedChar
2021-11-21T23:53:22,341|[TRACE] graph - <----- statementPart
2021-11-21T23:53:22,341|[TRACE] graph - -----> statementPart
2021-11-21T23:53:22,341|[TRACE] graph - -------> nonSkippedChar
2021-11-21T23:53:22,341|[TRACE] script - #out(`0`) [token]
2021-11-21T23:53:22,341|[TRACE] graph - <------- nonSkippedChar
2021-11-21T23:53:22,341|[TRACE] graph - <----- statementPart
2021-11-21T23:53:22,341|[TRACE] graph - -----> statementPart
2021-11-21T23:53:22,341|[TRACE] graph - -------> nonSkippedChar
2021-11-21T23:53:22,341|[TRACE] script - #out(`)`) [token]
2021-11-21T23:53:22,341|[TRACE] graph - <------- nonSkippedChar
2021-11-21T23:53:22,341|[TRACE] graph - <----- statementPart
2021-11-21T23:53:22,341|[TRACE] graph - -----> statementPart
2021-11-21T23:53:22,341|[TRACE] graph - -------> nonSkippedChar
2021-11-21T23:53:22,341|[TRACE] script - #out(`,`) [token]
2021-11-21T23:53:22,341|[TRACE] graph - <------- nonSkippedChar
2021-11-21T23:53:22,341|[TRACE] graph - <----- statementPart
2021-11-21T23:53:22,341|[TRACE] graph - -----> afterStatementPartNewline
2021-11-21T23:53:22,341|[TRACE] script - #out(` `) [text]
2021-11-21T23:53:22,341|[TRACE] graph - <----- afterStatementPartNewline
2021-11-21T23:53:22,341|[TRACE] graph - -----> statementPart
2021-11-21T23:53:22,341|[TRACE] graph - -------> nonSkippedSpace
2021-11-21T23:53:22,341|[TRACE] script - #out(` `) [token]
2021-11-21T23:53:22,341|[TRACE] graph - <------- nonSkippedSpace
2021-11-21T23:53:22,341|[TRACE] graph - <----- statementPart
2021-11-21T23:53:22,341|[TRACE] graph - -----> statementPart
2021-11-21T23:53:22,341|[TRACE] graph - -------> nonSkippedSpace
2021-11-21T23:53:22,341|[TRACE] script - #out(` `) [token]
2021-11-21T23:53:22,341|[TRACE] graph - <------- nonSkippedSpace
2021-11-21T23:53:22,341|[TRACE] graph - <----- statementPart
2021-11-21T23:53:22,341|[TRACE] graph - -----> statementPart
2021-11-21T23:53:22,341|[TRACE] graph - -------> quotedString
2021-11-21T23:53:22,341|[TRACE] script - #out(``version``) [token]
2021-11-21T23:53:22,341|[TRACE] graph - <------- quotedString
2021-11-21T23:53:22,341|[TRACE] graph - <----- statementPart
2021-11-21T23:53:22,341|[TRACE] graph - -----> statementPart
2021-11-21T23:53:22,341|[TRACE] graph - -------> nonSkippedSpace
2021-11-21T23:53:22,341|[TRACE] script - #out(` `) [token]
2021-11-21T23:53:22,341|[TRACE] graph - <------- nonSkippedSpace
2021-11-21T23:53:22,341|[TRACE] graph - <----- statementPart
2021-11-21T23:53:22,341|[TRACE] graph - -----> statementPart
2021-11-21T23:53:22,341|[TRACE] graph - -------> nonSkippedChar
2021-11-21T23:53:22,341|[TRACE] script - #out(`I`) [token]
2021-11-21T23:53:22,341|[TRACE] graph - <------- nonSkippedChar
2021-11-21T23:53:22,341|[TRACE] graph - <----- statementPart
2021-11-21T23:53:22,341|[TRACE] graph - -----> statementPart
2021-11-21T23:53:22,341|[TRACE] graph - -------> nonSkippedChar
2021-11-21T23:53:22,341|[TRACE] script - #out(`N`) [token]
2021-11-21T23:53:22,341|[TRACE] graph - <------- nonSkippedChar
2021-11-21T23:53:22,341|[TRACE] graph - <----- statementPart
2021-11-21T23:53:22,341|[TRACE] graph - -----> statementPart
2021-11-21T23:53:22,341|[TRACE] graph - -------> nonSkippedChar
2021-11-21T23:53:22,341|[TRACE] script - #out(`T`) [token]
2021-11-21T23:53:22,341|[TRACE] graph - <------- nonSkippedChar
2021-11-21T23:53:22,341|[TRACE] graph - <----- statementPart
2021-11-21T23:53:22,341|[TRACE] graph - -----> statementPart
2021-11-21T23:53:22,341|[TRACE] graph - -------> nonSkippedSpace
2021-11-21T23:53:22,341|[TRACE] script - #out(` `) [token]
2021-11-21T23:53:22,341|[TRACE] graph - <------- nonSkippedSpace
2021-11-21T23:53:22,341|[TRACE] graph - <----- statementPart
2021-11-21T23:53:22,341|[TRACE] graph - -----> statementPart
2021-11-21T23:53:22,341|[TRACE] graph - -------> nonSkippedChar
2021-11-21T23:53:22,341|[TRACE] script - #out(`N`) [token]
2021-11-21T23:53:22,341|[TRACE] graph - <------- nonSkippedChar
2021-11-21T23:53:22,341|[TRACE] graph - <----- statementPart
2021-11-21T23:53:22,341|[TRACE] graph - -----> statementPart
2021-11-21T23:53:22,341|[TRACE] graph - -------> nonSkippedChar
2021-11-21T23:53:22,341|[TRACE] script - #out(`O`) [token]
2021-11-21T23:53:22,341|[TRACE] graph - <------- nonSkippedChar
2021-11-21T23:53:22,341|[TRACE] graph - <----- statementPart
2021-11-21T23:53:22,341|[TRACE] graph - -----> statementPart
2021-11-21T23:53:22,341|[TRACE] graph - -------> nonSkippedChar
2021-11-21T23:53:22,341|[TRACE] script - #out(`T`) [token]
2021-11-21T23:53:22,341|[TRACE] graph - <------- nonSkippedChar
2021-11-21T23:53:22,341|[TRACE] graph - <----- statementPart
2021-11-21T23:53:22,341|[TRACE] graph - -----> statementPart
2021-11-21T23:53:22,341|[TRACE] graph - -------> nonSkippedSpace
2021-11-21T23:53:22,341|[TRACE] script - #out(` `) [token]
2021-11-21T23:53:22,341|[TRACE] graph - <------- nonSkippedSpace
2021-11-21T23:53:22,341|[TRACE] graph - <----- statementPart
2021-11-21T23:53:22,341|[TRACE] graph - -----> statementPart
2021-11-21T23:53:22,341|[TRACE] graph - -------> nonSkippedChar
2021-11-21T23:53:22,341|[TRACE] script - #out(`N`) [token]
2021-11-21T23:53:22,341|[TRACE] graph - <------- nonSkippedChar
2021-11-21T23:53:22,341|[TRACE] graph - <----- statementPart
2021-11-21T23:53:22,341|[TRACE] graph - -----> statementPart
2021-11-21T23:53:22,341|[TRACE] graph - -------> nonSkippedChar
2021-11-21T23:53:22,341|[TRACE] script - #out(`U`) [token]
2021-11-21T23:53:22,341|[TRACE] graph - <------- nonSkippedChar
2021-11-21T23:53:22,341|[TRACE] graph - <----- statementPart
2021-11-21T23:53:22,341|[TRACE] graph - -----> statementPart
2021-11-21T23:53:22,341|[TRACE] graph - -------> nonSkippedChar
2021-11-21T23:53:22,341|[TRACE] script - #out(`L`) [token]
2021-11-21T23:53:22,341|[TRACE] graph - <------- nonSkippedChar
2021-11-21T23:53:22,341|[TRACE] graph - <----- statementPart
2021-11-21T23:53:22,341|[TRACE] graph - -----> statementPart
2021-11-21T23:53:22,341|[TRACE] graph - -------> nonSkippedChar
2021-11-21T23:53:22,341|[TRACE] script - #out(`L`) [token]
2021-11-21T23:53:22,341|[TRACE] graph - <------- nonSkippedChar
2021-11-21T23:53:22,341|[TRACE] graph - <----- statementPart
2021-11-21T23:53:22,341|[TRACE] graph - -----> statementPart
2021-11-21T23:53:22,341|[TRACE] graph - -------> nonSkippedSpace
2021-11-21T23:53:22,341|[TRACE] script - #out(` `) [token]
2021-11-21T23:53:22,341|[TRACE] graph - <------- nonSkippedSpace
2021-11-21T23:53:22,341|[TRACE] graph - <----- statementPart
2021-11-21T23:53:22,341|[TRACE] graph - -----> statementPart
2021-11-21T23:53:22,341|[TRACE] graph - -------> nonSkippedChar
2021-11-21T23:53:22,341|[TRACE] script - #out(`D`) [token]
2021-11-21T23:53:22,341|[TRACE] graph - <------- nonSkippedChar
2021-11-21T23:53:22,341|[TRACE] graph - <----- statementPart
2021-11-21T23:53:22,341|[TRACE] graph - -----> statementPart
2021-11-21T23:53:22,341|[TRACE] graph - -------> nonSkippedChar
2021-11-21T23:53:22,341|[TRACE] script - #out(`E`) [token]
2021-11-21T23:53:22,341|[TRACE] graph - <------- nonSkippedChar
2021-11-21T23:53:22,341|[TRACE] graph - <----- statementPart
2021-11-21T23:53:22,341|[TRACE] graph - -----> statementPart
2021-11-21T23:53:22,341|[TRACE] graph - -------> nonSkippedChar
2021-11-21T23:53:22,341|[TRACE] script - #out(`F`) [token]
2021-11-21T23:53:22,341|[TRACE] graph - <------- nonSkippedChar
2021-11-21T23:53:22,341|[TRACE] graph - <----- statementPart
2021-11-21T23:53:22,341|[TRACE] graph - -----> statementPart
2021-11-21T23:53:22,341|[TRACE] graph - -------> nonSkippedChar
2021-11-21T23:53:22,341|[TRACE] script - #out(`A`) [token]
2021-11-21T23:53:22,341|[TRACE] graph - <------- nonSkippedChar
2021-11-21T23:53:22,341|[TRACE] graph - <----- statementPart
2021-11-21T23:53:22,341|[TRACE] graph - -----> statementPart
2021-11-21T23:53:22,341|[TRACE] graph - -------> nonSkippedChar
2021-11-21T23:53:22,341|[TRACE] script - #out(`U`) [token]
2021-11-21T23:53:22,341|[TRACE] graph - <------- nonSkippedChar
2021-11-21T23:53:22,341|[TRACE] graph - <----- statementPart
2021-11-21T23:53:22,341|[TRACE] graph - -----> statementPart
2021-11-21T23:53:22,341|[TRACE] graph - -------> nonSkippedChar
2021-11-21T23:53:22,341|[TRACE] script - #out(`L`) [token]
2021-11-21T23:53:22,341|[TRACE] graph - <------- nonSkippedChar
2021-11-21T23:53:22,341|[TRACE] graph - <----- statementPart
2021-11-21T23:53:22,341|[TRACE] graph - -----> statementPart
2021-11-21T23:53:22,341|[TRACE] graph - -------> nonSkippedChar
2021-11-21T23:53:22,341|[TRACE] script - #out(`T`) [token]
2021-11-21T23:53:22,341|[TRACE] graph - <------- nonSkippedChar
2021-11-21T23:53:22,341|[TRACE] graph - <----- statementPart
2021-11-21T23:53:22,341|[TRACE] graph - -----> statementPart
2021-11-21T23:53:22,341|[TRACE] graph - -------> nonSkippedSpace
2021-11-21T23:53:22,341|[TRACE] script - #out(` `) [token]
2021-11-21T23:53:22,341|[TRACE] graph - <------- nonSkippedSpace
2021-11-21T23:53:22,341|[TRACE] graph - <----- statementPart
2021-11-21T23:53:22,341|[TRACE] graph - -----> statementPart
2021-11-21T23:53:22,341|[TRACE] graph - -------> quotedString
2021-11-21T23:53:22,341|[TRACE] script - #out(`'1'`) [token]
2021-11-21T23:53:22,341|[TRACE] graph - <------- quotedString
2021-11-21T23:53:22,341|[TRACE] graph - <----- statementPart
2021-11-21T23:53:22,341|[TRACE] graph - -----> statementPart
2021-11-21T23:53:22,341|[TRACE] graph - -------> nonSkippedChar
2021-11-21T23:53:22,341|[TRACE] script - #out(`,`) [token]
2021-11-21T23:53:22,341|[TRACE] graph - <------- nonSkippedChar
2021-11-21T23:53:22,341|[TRACE] graph - <----- statementPart
2021-11-21T23:53:22,341|[TRACE] graph - -----> afterStatementPartNewline
2021-11-21T23:53:22,341|[TRACE] script - #out(` `) [text]
2021-11-21T23:53:22,341|[TRACE] graph - <----- afterStatementPartNewline
2021-11-21T23:53:22,341|[TRACE] graph - -----> statementPart
2021-11-21T23:53:22,341|[TRACE] graph - -------> nonSkippedSpace
2021-11-21T23:53:22,341|[TRACE] script - #out(` `) [token]
2021-11-21T23:53:22,341|[TRACE] graph - <------- nonSkippedSpace
2021-11-21T23:53:22,341|[TRACE] graph - <----- statementPart
2021-11-21T23:53:22,341|[TRACE] graph - -----> statementPart
2021-11-21T23:53:22,341|[TRACE] graph - -------> nonSkippedSpace
2021-11-21T23:53:22,341|[TRACE] script - #out(` `) [token]
2021-11-21T23:53:22,341|[TRACE] graph - <------- nonSkippedSpace
2021-11-21T23:53:22,341|[TRACE] graph - <----- statementPart
2021-11-21T23:53:22,341|[TRACE] graph - -----> statementPart
2021-11-21T23:53:22,341|[TRACE] graph - -------> nonSkippedChar
2021-11-21T23:53:22,341|[TRACE] script - #out(`P`) [token]
2021-11-21T23:53:22,341|[TRACE] graph - <------- nonSkippedChar
2021-11-21T23:53:22,341|[TRACE] graph - <----- statementPart
2021-11-21T23:53:22,341|[TRACE] graph - -----> statementPart
2021-11-21T23:53:22,341|[TRACE] graph - -------> nonSkippedChar
2021-11-21T23:53:22,341|[TRACE] script - #out(`R`) [token]
2021-11-21T23:53:22,341|[TRACE] graph - <------- nonSkippedChar
2021-11-21T23:53:22,341|[TRACE] graph - <----- statementPart
2021-11-21T23:53:22,341|[TRACE] graph - -----> statementPart
2021-11-21T23:53:22,341|[TRACE] graph - -------> nonSkippedChar
2021-11-21T23:53:22,341|[TRACE] script - #out(`I`) [token]
2021-11-21T23:53:22,341|[TRACE] graph - <------- nonSkippedChar
2021-11-21T23:53:22,341|[TRACE] graph - <----- statementPart
2021-11-21T23:53:22,341|[TRACE] graph - -----> statementPart
2021-11-21T23:53:22,341|[TRACE] graph - -------> nonSkippedChar
2021-11-21T23:53:22,341|[TRACE] script - #out(`M`) [token]
2021-11-21T23:53:22,341|[TRACE] graph - <------- nonSkippedChar
2021-11-21T23:53:22,341|[TRACE] graph - <----- statementPart
2021-11-21T23:53:22,341|[TRACE] graph - -----> statementPart
2021-11-21T23:53:22,341|[TRACE] graph - -------> nonSkippedChar
2021-11-21T23:53:22,341|[TRACE] script - #out(`A`) [token]
2021-11-21T23:53:22,341|[TRACE] graph - <------- nonSkippedChar
2021-11-21T23:53:22,341|[TRACE] graph - <----- statementPart
2021-11-21T23:53:22,341|[TRACE] graph - -----> statementPart
2021-11-21T23:53:22,341|[TRACE] graph - -------> nonSkippedChar
2021-11-21T23:53:22,341|[TRACE] script - #out(`R`) [token]
2021-11-21T23:53:22,341|[TRACE] graph - <------- nonSkippedChar
2021-11-21T23:53:22,341|[TRACE] graph - <----- statementPart
2021-11-21T23:53:22,341|[TRACE] graph - -----> statementPart
2021-11-21T23:53:22,341|[TRACE] graph - -------> nonSkippedChar
2021-11-21T23:53:22,341|[TRACE] script - #out(`Y`) [token]
2021-11-21T23:53:22,341|[TRACE] graph - <------- nonSkippedChar
2021-11-21T23:53:22,341|[TRACE] graph - <----- statementPart
2021-11-21T23:53:22,341|[TRACE] graph - -----> statementPart
2021-11-21T23:53:22,341|[TRACE] graph - -------> nonSkippedSpace
2021-11-21T23:53:22,341|[TRACE] script - #out(` `) [token]
2021-11-21T23:53:22,341|[TRACE] graph - <------- nonSkippedSpace
2021-11-21T23:53:22,341|[TRACE] graph - <----- statementPart
2021-11-21T23:53:22,341|[TRACE] graph - -----> statementPart
2021-11-21T23:53:22,341|[TRACE] graph - -------> nonSkippedChar
2021-11-21T23:53:22,341|[TRACE] script - #out(`K`) [token]
2021-11-21T23:53:22,341|[TRACE] graph - <------- nonSkippedChar
2021-11-21T23:53:22,341|[TRACE] graph - <----- statementPart
2021-11-21T23:53:22,341|[TRACE] graph - -----> statementPart
2021-11-21T23:53:22,341|[TRACE] graph - -------> nonSkippedChar
2021-11-21T23:53:22,341|[TRACE] script - #out(`E`) [token]
2021-11-21T23:53:22,341|[TRACE] graph - <------- nonSkippedChar
2021-11-21T23:53:22,341|[TRACE] graph - <----- statementPart
2021-11-21T23:53:22,341|[TRACE] graph - -----> statementPart
2021-11-21T23:53:22,341|[TRACE] graph - -------> nonSkippedChar
2021-11-21T23:53:22,341|[TRACE] script - #out(`Y`) [token]
2021-11-21T23:53:22,341|[TRACE] graph - <------- nonSkippedChar
2021-11-21T23:53:22,341|[TRACE] graph - <----- statementPart
2021-11-21T23:53:22,341|[TRACE] graph - -----> statementPart
2021-11-21T23:53:22,341|[TRACE] graph - -------> nonSkippedSpace
2021-11-21T23:53:22,341|[TRACE] script - #out(` `) [token]
2021-11-21T23:53:22,341|[TRACE] graph - <------- nonSkippedSpace
2021-11-21T23:53:22,341|[TRACE] graph - <----- statementPart
2021-11-21T23:53:22,341|[TRACE] graph - -----> statementPart
2021-11-21T23:53:22,341|[TRACE] graph - -------> nonSkippedChar
2021-11-21T23:53:22,341|[TRACE] script - #out(`(`) [token]
2021-11-21T23:53:22,341|[TRACE] graph - <------- nonSkippedChar
2021-11-21T23:53:22,341|[TRACE] graph - <----- statementPart
2021-11-21T23:53:22,341|[TRACE] graph - -----> statementPart
2021-11-21T23:53:22,341|[TRACE] graph - -------> quotedString
2021-11-21T23:53:22,341|[TRACE] script - #out(``id``) [token]
2021-11-21T23:53:22,341|[TRACE] graph - <------- quotedString
2021-11-21T23:53:22,341|[TRACE] graph - <----- statementPart
2021-11-21T23:53:22,341|[TRACE] graph - -----> statementPart
2021-11-21T23:53:22,341|[TRACE] graph - -------> nonSkippedChar
2021-11-21T23:53:22,341|[TRACE] script - #out(`)`) [token]
2021-11-21T23:53:22,341|[TRACE] graph - <------- nonSkippedChar
2021-11-21T23:53:22,341|[TRACE] graph - <----- statementPart
2021-11-21T23:53:22,341|[TRACE] graph - -----> statementPart
2021-11-21T23:53:22,341|[TRACE] graph - -------> nonSkippedChar
2021-11-21T23:53:22,341|[TRACE] script - #out(`)`) [token]
2021-11-21T23:53:22,341|[TRACE] graph - <------- nonSkippedChar
2021-11-21T23:53:22,341|[TRACE] graph - <----- statementPart
2021-11-21T23:53:22,341|[TRACE] graph - -----> afterStatementPartNewline
2021-11-21T23:53:22,341|[TRACE] script - #out(` `) [text]
2021-11-21T23:53:22,341|[TRACE] graph - <----- afterStatementPartNewline
2021-11-21T23:53:22,341|[TRACE] graph - -----> statementPart
2021-11-21T23:53:22,341|[TRACE] graph - -------> nonSkippedChar
2021-11-21T23:53:22,341|[TRACE] script - #out(`E`) [token]
2021-11-21T23:53:22,341|[TRACE] graph - <------- nonSkippedChar
2021-11-21T23:53:22,341|[TRACE] graph - <----- statementPart
2021-11-21T23:53:22,341|[TRACE] graph - -----> statementPart
2021-11-21T23:53:22,341|[TRACE] graph - -------> nonSkippedChar
2021-11-21T23:53:22,341|[TRACE] script - #out(`N`) [token]
2021-11-21T23:53:22,341|[TRACE] graph - <------- nonSkippedChar
2021-11-21T23:53:22,341|[TRACE] graph - <----- statementPart
2021-11-21T23:53:22,341|[TRACE] graph - -----> statementPart
2021-11-21T23:53:22,341|[TRACE] graph - -------> nonSkippedChar
2021-11-21T23:53:22,341|[TRACE] script - #out(`G`) [token]
2021-11-21T23:53:22,341|[TRACE] graph - <------- nonSkippedChar
2021-11-21T23:53:22,341|[TRACE] graph - <----- statementPart
2021-11-21T23:53:22,341|[TRACE] graph - -----> statementPart
2021-11-21T23:53:22,341|[TRACE] graph - -------> nonSkippedChar
2021-11-21T23:53:22,341|[TRACE] script - #out(`I`) [token]
2021-11-21T23:53:22,341|[TRACE] graph - <------- nonSkippedChar
2021-11-21T23:53:22,341|[TRACE] graph - <----- statementPart
2021-11-21T23:53:22,341|[TRACE] graph - -----> statementPart
2021-11-21T23:53:22,341|[TRACE] graph - -------> nonSkippedChar
2021-11-21T23:53:22,341|[TRACE] script - #out(`N`) [token]
2021-11-21T23:53:22,341|[TRACE] graph - <------- nonSkippedChar
2021-11-21T23:53:22,341|[TRACE] graph - <----- statementPart
2021-11-21T23:53:22,341|[TRACE] graph - -----> statementPart
2021-11-21T23:53:22,341|[TRACE] graph - -------> nonSkippedChar
2021-11-21T23:53:22,341|[TRACE] script - #out(`E`) [token]
2021-11-21T23:53:22,341|[TRACE] graph - <------- nonSkippedChar
2021-11-21T23:53:22,341|[TRACE] graph - <----- statementPart
2021-11-21T23:53:22,341|[TRACE] graph - -----> statementPart
2021-11-21T23:53:22,341|[TRACE] graph - -------> nonSkippedSpace
2021-11-21T23:53:22,341|[TRACE] script - #out(` `) [token]
2021-11-21T23:53:22,341|[TRACE] graph - <------- nonSkippedSpace
2021-11-21T23:53:22,341|[TRACE] graph - <----- statementPart
2021-11-21T23:53:22,341|[TRACE] graph - -----> statementPart
2021-11-21T23:53:22,341|[TRACE] graph - -------> nonSkippedChar
2021-11-21T23:53:22,341|[TRACE] script - #out(`=`) [token]
2021-11-21T23:53:22,341|[TRACE] graph - <------- nonSkippedChar
2021-11-21T23:53:22,341|[TRACE] graph - <----- statementPart
2021-11-21T23:53:22,341|[TRACE] graph - -----> statementPart
2021-11-21T23:53:22,341|[TRACE] graph - -------> nonSkippedSpace
2021-11-21T23:53:22,341|[TRACE] script - #out(` `) [token]
2021-11-21T23:53:22,341|[TRACE] graph - <------- nonSkippedSpace
2021-11-21T23:53:22,341|[TRACE] graph - <----- statementPart
2021-11-21T23:53:22,341|[TRACE] graph - -----> statementPart
2021-11-21T23:53:22,341|[TRACE] graph - -------> nonSkippedChar
2021-11-21T23:53:22,341|[TRACE] script - #out(`I`) [token]
2021-11-21T23:53:22,341|[TRACE] graph - <------- nonSkippedChar
2021-11-21T23:53:22,341|[TRACE] graph - <----- statementPart
2021-11-21T23:53:22,342|[TRACE] graph - -----> statementPart
2021-11-21T23:53:22,342|[TRACE] graph - -------> nonSkippedChar
2021-11-21T23:53:22,342|[TRACE] script - #out(`n`) [token]
2021-11-21T23:53:22,342|[TRACE] graph - <------- nonSkippedChar
2021-11-21T23:53:22,342|[TRACE] graph - <----- statementPart
2021-11-21T23:53:22,342|[TRACE] graph - -----> statementPart
2021-11-21T23:53:22,342|[TRACE] graph - -------> nonSkippedChar
2021-11-21T23:53:22,342|[TRACE] script - #out(`n`) [token]
2021-11-21T23:53:22,342|[TRACE] graph - <------- nonSkippedChar
2021-11-21T23:53:22,342|[TRACE] graph - <----- statementPart
2021-11-21T23:53:22,342|[TRACE] graph - -----> statementPart
2021-11-21T23:53:22,342|[TRACE] graph - -------> nonSkippedChar
2021-11-21T23:53:22,342|[TRACE] script - #out(`o`) [token]
2021-11-21T23:53:22,342|[TRACE] graph - <------- nonSkippedChar
2021-11-21T23:53:22,342|[TRACE] graph - <----- statementPart
2021-11-21T23:53:22,342|[TRACE] graph - -----> statementPart
2021-11-21T23:53:22,342|[TRACE] graph - -------> nonSkippedChar
2021-11-21T23:53:22,342|[TRACE] script - #out(`D`) [token]
2021-11-21T23:53:22,342|[TRACE] graph - <------- nonSkippedChar
2021-11-21T23:53:22,342|[TRACE] graph - <----- statementPart
2021-11-21T23:53:22,342|[TRACE] graph - -----> statementPart
2021-11-21T23:53:22,342|[TRACE] graph - -------> nonSkippedChar
2021-11-21T23:53:22,342|[TRACE] script - #out(`B`) [token]
2021-11-21T23:53:22,342|[TRACE] graph - <------- nonSkippedChar
2021-11-21T23:53:22,342|[TRACE] graph - <----- statementPart
2021-11-21T23:53:22,342|[TRACE] graph - -----> afterStatementPartNewline
2021-11-21T23:53:22,342|[TRACE] script - #out(` `) [text]
2021-11-21T23:53:22,342|[TRACE] graph - <----- afterStatementPartNewline
2021-11-21T23:53:22,342|[TRACE] graph - -----> statementPart
2021-11-21T23:53:22,342|[TRACE] graph - -------> nonSkippedChar
2021-11-21T23:53:22,342|[TRACE] script - #out(`D`) [token]
2021-11-21T23:53:22,342|[TRACE] graph - <------- nonSkippedChar
2021-11-21T23:53:22,342|[TRACE] graph - <----- statementPart
2021-11-21T23:53:22,342|[TRACE] graph - -----> statementPart
2021-11-21T23:53:22,342|[TRACE] graph - -------> nonSkippedChar
2021-11-21T23:53:22,342|[TRACE] script - #out(`E`) [token]
2021-11-21T23:53:22,342|[TRACE] graph - <------- nonSkippedChar
2021-11-21T23:53:22,342|[TRACE] graph - <----- statementPart
2021-11-21T23:53:22,342|[TRACE] graph - -----> statementPart
2021-11-21T23:53:22,342|[TRACE] graph - -------> nonSkippedChar
2021-11-21T23:53:22,342|[TRACE] script - #out(`F`) [token]
2021-11-21T23:53:22,342|[TRACE] graph - <------- nonSkippedChar
2021-11-21T23:53:22,342|[TRACE] graph - <----- statementPart
2021-11-21T23:53:22,342|[TRACE] graph - -----> statementPart
2021-11-21T23:53:22,342|[TRACE] graph - -------> nonSkippedChar
2021-11-21T23:53:22,386|[TRACE] script - #out(`A`) [token]
2021-11-21T23:53:22,386|[TRACE] graph - <------- nonSkippedChar
2021-11-21T23:53:22,386|[TRACE] graph - <----- statementPart
2021-11-21T23:53:22,386|[TRACE] graph - -----> statementPart
2021-11-21T23:53:22,386|[TRACE] graph - -------> nonSkippedChar
2021-11-21T23:53:22,386|[TRACE] script - #out(`U`) [token]
2021-11-21T23:53:22,386|[TRACE] graph - <------- nonSkippedChar
2021-11-21T23:53:22,386|[TRACE] graph - <----- statementPart
2021-11-21T23:53:22,387|[TRACE] graph - -----> statementPart
2021-11-21T23:53:22,387|[TRACE] graph - -------> nonSkippedChar
2021-11-21T23:53:22,387|[TRACE] script - #out(`L`) [token]
2021-11-21T23:53:22,387|[TRACE] graph - <------- nonSkippedChar
2021-11-21T23:53:22,387|[TRACE] graph - <----- statementPart
2021-11-21T23:53:22,387|[TRACE] graph - -----> statementPart
2021-11-21T23:53:22,387|[TRACE] graph - -------> nonSkippedChar
2021-11-21T23:53:22,387|[TRACE] script - #out(`T`) [token]
2021-11-21T23:53:22,387|[TRACE] graph - <------- nonSkippedChar
2021-11-21T23:53:22,387|[TRACE] graph - <----- statementPart
2021-11-21T23:53:22,387|[TRACE] graph - -----> statementPart
2021-11-21T23:53:22,387|[TRACE] graph - -------> nonSkippedSpace
2021-11-21T23:53:22,387|[TRACE] script - #out(` `) [token]
2021-11-21T23:53:22,387|[TRACE] graph - <------- nonSkippedSpace
2021-11-21T23:53:22,387|[TRACE] graph - <----- statementPart
2021-11-21T23:53:22,387|[TRACE] graph - -----> statementPart
2021-11-21T23:53:22,387|[TRACE] graph - -------> nonSkippedChar
2021-11-21T23:53:22,387|[TRACE] script - #out(`C`) [token]
2021-11-21T23:53:22,387|[TRACE] graph - <------- nonSkippedChar
2021-11-21T23:53:22,387|[TRACE] graph - <----- statementPart
2021-11-21T23:53:22,387|[TRACE] graph - -----> statementPart
2021-11-21T23:53:22,387|[TRACE] graph - -------> nonSkippedChar
2021-11-21T23:53:22,387|[TRACE] script - #out(`H`) [token]
2021-11-21T23:53:22,387|[TRACE] graph - <------- nonSkippedChar
2021-11-21T23:53:22,387|[TRACE] graph - <----- statementPart
2021-11-21T23:53:22,387|[TRACE] graph - -----> statementPart
2021-11-21T23:53:22,387|[TRACE] graph - -------> nonSkippedChar
2021-11-21T23:53:22,387|[TRACE] script - #out(`A`) [token]
2021-11-21T23:53:22,387|[TRACE] graph - <------- nonSkippedChar
2021-11-21T23:53:22,387|[TRACE] graph - <----- statementPart
2021-11-21T23:53:22,387|[TRACE] graph - -----> statementPart
2021-11-21T23:53:22,387|[TRACE] graph - -------> nonSkippedChar
2021-11-21T23:53:22,387|[TRACE] script - #out(`R`) [token]
2021-11-21T23:53:22,387|[TRACE] graph - <------- nonSkippedChar
2021-11-21T23:53:22,387|[TRACE] graph - <----- statementPart
2021-11-21T23:53:22,387|[TRACE] graph - -----> statementPart
2021-11-21T23:53:22,387|[TRACE] graph - -------> nonSkippedChar
2021-11-21T23:53:22,387|[TRACE] script - #out(`A`) [token]
2021-11-21T23:53:22,387|[TRACE] graph - <------- nonSkippedChar
2021-11-21T23:53:22,387|[TRACE] graph - <----- statementPart
2021-11-21T23:53:22,387|[TRACE] graph - -----> statementPart
2021-11-21T23:53:22,387|[TRACE] graph - -------> nonSkippedChar
2021-11-21T23:53:22,387|[TRACE] script - #out(`C`) [token]
2021-11-21T23:53:22,387|[TRACE] graph - <------- nonSkippedChar
2021-11-21T23:53:22,387|[TRACE] graph - <----- statementPart
2021-11-21T23:53:22,387|[TRACE] graph - -----> statementPart
2021-11-21T23:53:22,387|[TRACE] graph - -------> nonSkippedChar
2021-11-21T23:53:22,387|[TRACE] script - #out(`T`) [token]
2021-11-21T23:53:22,387|[TRACE] graph - <------- nonSkippedChar
2021-11-21T23:53:22,387|[TRACE] graph - <----- statementPart
2021-11-21T23:53:22,387|[TRACE] graph - -----> statementPart
2021-11-21T23:53:22,387|[TRACE] graph - -------> nonSkippedChar
2021-11-21T23:53:22,387|[TRACE] script - #out(`E`) [token]
2021-11-21T23:53:22,387|[TRACE] graph - <------- nonSkippedChar
2021-11-21T23:53:22,387|[TRACE] graph - <----- statementPart
2021-11-21T23:53:22,387|[TRACE] graph - -----> statementPart
2021-11-21T23:53:22,388|[TRACE] graph - -------> nonSkippedChar
2021-11-21T23:53:22,388|[TRACE] script - #out(`R`) [token]
2021-11-21T23:53:22,388|[TRACE] graph - <------- nonSkippedChar
2021-11-21T23:53:22,388|[TRACE] graph - <----- statementPart
2021-11-21T23:53:22,388|[TRACE] graph - -----> statementPart
2021-11-21T23:53:22,388|[TRACE] graph - -------> nonSkippedSpace
2021-11-21T23:53:22,388|[TRACE] script - #out(` `) [token]
2021-11-21T23:53:22,388|[TRACE] graph - <------- nonSkippedSpace
2021-11-21T23:53:22,388|[TRACE] graph - <----- statementPart
2021-11-21T23:53:22,388|[TRACE] graph - -----> statementPart
2021-11-21T23:53:22,388|[TRACE] graph - -------> nonSkippedChar
2021-11-21T23:53:22,388|[TRACE] script - #out(`S`) [token]
2021-11-21T23:53:22,388|[TRACE] graph - <------- nonSkippedChar
2021-11-21T23:53:22,388|[TRACE] graph - <----- statementPart
2021-11-21T23:53:22,388|[TRACE] graph - -----> statementPart
2021-11-21T23:53:22,388|[TRACE] graph - -------> nonSkippedChar
2021-11-21T23:53:22,388|[TRACE] script - #out(`E`) [token]
2021-11-21T23:53:22,388|[TRACE] graph - <------- nonSkippedChar
2021-11-21T23:53:22,388|[TRACE] graph - <----- statementPart
2021-11-21T23:53:22,388|[TRACE] graph - -----> statementPart
2021-11-21T23:53:22,388|[TRACE] graph - -------> nonSkippedChar
2021-11-21T23:53:22,388|[TRACE] script - #out(`T`) [token]
2021-11-21T23:53:22,388|[TRACE] graph - <------- nonSkippedChar
2021-11-21T23:53:22,388|[TRACE] graph - <----- statementPart
2021-11-21T23:53:22,388|[TRACE] graph - -----> statementPart
2021-11-21T23:53:22,388|[TRACE] graph - -------> nonSkippedSpace
2021-11-21T23:53:22,388|[TRACE] script - #out(` `) [token]
2021-11-21T23:53:22,388|[TRACE] graph - <------- nonSkippedSpace
2021-11-21T23:53:22,388|[TRACE] graph - <----- statementPart
2021-11-21T23:53:22,388|[TRACE] graph - -----> statementPart
2021-11-21T23:53:22,388|[TRACE] graph - -------> nonSkippedChar
2021-11-21T23:53:22,388|[TRACE] script - #out(`=`) [token]
2021-11-21T23:53:22,388|[TRACE] graph - <------- nonSkippedChar
2021-11-21T23:53:22,388|[TRACE] graph - <----- statementPart
2021-11-21T23:53:22,388|[TRACE] graph - -----> statementPart
2021-11-21T23:53:22,388|[TRACE] graph - -------> nonSkippedSpace
2021-11-21T23:53:22,388|[TRACE] script - #out(` `) [token]
2021-11-21T23:53:22,388|[TRACE] graph - <------- nonSkippedSpace
2021-11-21T23:53:22,388|[TRACE] graph - <----- statementPart
2021-11-21T23:53:22,388|[TRACE] graph - -----> statementPart
2021-11-21T23:53:22,388|[TRACE] graph - -------> nonSkippedChar
2021-11-21T23:53:22,388|[TRACE] script - #out(`u`) [token]
2021-11-21T23:53:22,388|[TRACE] graph - <------- nonSkippedChar
2021-11-21T23:53:22,388|[TRACE] graph - <----- statementPart
2021-11-21T23:53:22,388|[TRACE] graph - -----> statementPart
2021-11-21T23:53:22,388|[TRACE] graph - -------> nonSkippedChar
2021-11-21T23:53:22,388|[TRACE] script - #out(`t`) [token]
2021-11-21T23:53:22,388|[TRACE] graph - <------- nonSkippedChar
2021-11-21T23:53:22,388|[TRACE] graph - <----- statementPart
2021-11-21T23:53:22,388|[TRACE] graph - -----> statementPart
2021-11-21T23:53:22,388|[TRACE] graph - -------> nonSkippedChar
2021-11-21T23:53:22,388|[TRACE] script - #out(`f`) [token]
2021-11-21T23:53:22,388|[TRACE] graph - <------- nonSkippedChar
2021-11-21T23:53:22,388|[TRACE] graph - <----- statementPart
2021-11-21T23:53:22,388|[TRACE] graph - -----> statementPart
2021-11-21T23:53:22,388|[TRACE] graph - -------> nonSkippedChar
2021-11-21T23:53:22,388|[TRACE] script - #out(`8`) [token]
2021-11-21T23:53:22,388|[TRACE] graph - <------- nonSkippedChar
2021-11-21T23:53:22,388|[TRACE] graph - <----- statementPart
2021-11-21T23:53:22,388|[TRACE] graph - -----> statementPart
2021-11-21T23:53:22,388|[TRACE] graph - -------> nonSkippedChar
2021-11-21T23:53:22,388|[TRACE] script - #out(`m`) [token]
2021-11-21T23:53:22,388|[TRACE] graph - <------- nonSkippedChar
2021-11-21T23:53:22,388|[TRACE] graph - <----- statementPart
2021-11-21T23:53:22,388|[TRACE] graph - -----> statementPart
2021-11-21T23:53:22,388|[TRACE] graph - -------> nonSkippedChar
2021-11-21T23:53:22,388|[TRACE] script - #out(`b`) [token]
2021-11-21T23:53:22,388|[TRACE] graph - <------- nonSkippedChar
2021-11-21T23:53:22,388|[TRACE] graph - <----- statementPart
2021-11-21T23:53:22,388|[TRACE] graph - -----> statementPart
2021-11-21T23:53:22,388|[TRACE] graph - -------> nonSkippedChar
2021-11-21T23:53:22,388|[TRACE] script - #out(`4`) [token]
2021-11-21T23:53:22,388|[TRACE] graph - <------- nonSkippedChar
2021-11-21T23:53:22,388|[TRACE] graph - <----- statementPart
2021-11-21T23:53:22,388|[TRACE] graph - -----> afterStatementPartNewline
2021-11-21T23:53:22,388|[TRACE] script - #out(` `) [text]
2021-11-21T23:53:22,388|[TRACE] graph - <----- afterStatementPartNewline
2021-11-21T23:53:22,388|[TRACE] graph - -----> statementPart
2021-11-21T23:53:22,388|[TRACE] graph - -------> nonSkippedChar
2021-11-21T23:53:22,388|[TRACE] script - #out(`C`) [token]
2021-11-21T23:53:22,388|[TRACE] graph - <------- nonSkippedChar
2021-11-21T23:53:22,388|[TRACE] graph - <----- statementPart
2021-11-21T23:53:22,388|[TRACE] graph - -----> statementPart
2021-11-21T23:53:22,388|[TRACE] graph - -------> nonSkippedChar
2021-11-21T23:53:22,388|[TRACE] script - #out(`O`) [token]
2021-11-21T23:53:22,388|[TRACE] graph - <------- nonSkippedChar
2021-11-21T23:53:22,388|[TRACE] graph - <----- statementPart
2021-11-21T23:53:22,388|[TRACE] graph - -----> statementPart
2021-11-21T23:53:22,388|[TRACE] graph - -------> nonSkippedChar
2021-11-21T23:53:22,388|[TRACE] script - #out(`L`) [token]
2021-11-21T23:53:22,388|[TRACE] graph - <------- nonSkippedChar
2021-11-21T23:53:22,388|[TRACE] graph - <----- statementPart
2021-11-21T23:53:22,388|[TRACE] graph - -----> statementPart
2021-11-21T23:53:22,388|[TRACE] graph - -------> nonSkippedChar
2021-11-21T23:53:22,388|[TRACE] script - #out(`L`) [token]
2021-11-21T23:53:22,388|[TRACE] graph - <------- nonSkippedChar
2021-11-21T23:53:22,388|[TRACE] graph - <----- statementPart
2021-11-21T23:53:22,388|[TRACE] graph - -----> statementPart
2021-11-21T23:53:22,388|[TRACE] graph - -------> nonSkippedChar
2021-11-21T23:53:22,388|[TRACE] script - #out(`A`) [token]
2021-11-21T23:53:22,388|[TRACE] graph - <------- nonSkippedChar
2021-11-21T23:53:22,388|[TRACE] graph - <----- statementPart
2021-11-21T23:53:22,388|[TRACE] graph - -----> statementPart
2021-11-21T23:53:22,388|[TRACE] graph - -------> nonSkippedChar
2021-11-21T23:53:22,388|[TRACE] script - #out(`T`) [token]
2021-11-21T23:53:22,388|[TRACE] graph - <------- nonSkippedChar
2021-11-21T23:53:22,388|[TRACE] graph - <----- statementPart
2021-11-21T23:53:22,388|[TRACE] graph - -----> statementPart
2021-11-21T23:53:22,388|[TRACE] graph - -------> nonSkippedChar
2021-11-21T23:53:22,388|[TRACE] script - #out(`E`) [token]
2021-11-21T23:53:22,388|[TRACE] graph - <------- nonSkippedChar
2021-11-21T23:53:22,388|[TRACE] graph - <----- statementPart
2021-11-21T23:53:22,388|[TRACE] graph - -----> statementPart
2021-11-21T23:53:22,388|[TRACE] graph - -------> nonSkippedSpace
2021-11-21T23:53:22,388|[TRACE] script - #out(` `) [token]
2021-11-21T23:53:22,388|[TRACE] graph - <------- nonSkippedSpace
2021-11-21T23:53:22,388|[TRACE] graph - <----- statementPart
2021-11-21T23:53:22,388|[TRACE] graph - -----> statementPart
2021-11-21T23:53:22,388|[TRACE] graph - -------> nonSkippedChar
2021-11-21T23:53:22,388|[TRACE] script - #out(`=`) [token]
2021-11-21T23:53:22,388|[TRACE] graph - <------- nonSkippedChar
2021-11-21T23:53:22,388|[TRACE] graph - <----- statementPart
2021-11-21T23:53:22,388|[TRACE] graph - -----> statementPart
2021-11-21T23:53:22,388|[TRACE] graph - -------> nonSkippedSpace
2021-11-21T23:53:22,388|[TRACE] script - #out(` `) [token]
2021-11-21T23:53:22,388|[TRACE] graph - <------- nonSkippedSpace
2021-11-21T23:53:22,388|[TRACE] graph - <----- statementPart
2021-11-21T23:53:22,388|[TRACE] graph - -----> statementPart
2021-11-21T23:53:22,388|[TRACE] graph - -------> nonSkippedChar
2021-11-21T23:53:22,388|[TRACE] script - #out(`u`) [token]
2021-11-21T23:53:22,388|[TRACE] graph - <------- nonSkippedChar
2021-11-21T23:53:22,388|[TRACE] graph - <----- statementPart
2021-11-21T23:53:22,388|[TRACE] graph - -----> statementPart
2021-11-21T23:53:22,388|[TRACE] graph - -------> nonSkippedChar
2021-11-21T23:53:22,388|[TRACE] script - #out(`t`) [token]
2021-11-21T23:53:22,388|[TRACE] graph - <------- nonSkippedChar
2021-11-21T23:53:22,388|[TRACE] graph - <----- statementPart
2021-11-21T23:53:22,388|[TRACE] graph - -----> statementPart
2021-11-21T23:53:22,388|[TRACE] graph - -------> nonSkippedChar
2021-11-21T23:53:22,388|[TRACE] script - #out(`f`) [token]
2021-11-21T23:53:22,388|[TRACE] graph - <------- nonSkippedChar
2021-11-21T23:53:22,388|[TRACE] graph - <----- statementPart
2021-11-21T23:53:22,388|[TRACE] graph - -----> statementPart
2021-11-21T23:53:22,388|[TRACE] graph - -------> nonSkippedChar
2021-11-21T23:53:22,388|[TRACE] script - #out(`8`) [token]
2021-11-21T23:53:22,388|[TRACE] graph - <------- nonSkippedChar
2021-11-21T23:53:22,388|[TRACE] graph - <----- statementPart
2021-11-21T23:53:22,388|[TRACE] graph - -----> statementPart
2021-11-21T23:53:22,388|[TRACE] graph - -------> nonSkippedChar
2021-11-21T23:53:22,388|[TRACE] script - #out(`m`) [token]
2021-11-21T23:53:22,388|[TRACE] graph - <------- nonSkippedChar
2021-11-21T23:53:22,388|[TRACE] graph - <----- statementPart
2021-11-21T23:53:22,388|[TRACE] graph - -----> statementPart
2021-11-21T23:53:22,388|[TRACE] graph - -------> nonSkippedChar
2021-11-21T23:53:22,388|[TRACE] script - #out(`b`) [token]
2021-11-21T23:53:22,388|[TRACE] graph - <------- nonSkippedChar
2021-11-21T23:53:22,388|[TRACE] graph - <----- statementPart
2021-11-21T23:53:22,388|[TRACE] graph - -----> statementPart
2021-11-21T23:53:22,388|[TRACE] graph - -------> nonSkippedChar
2021-11-21T23:53:22,388|[TRACE] script - #out(`4`) [token]
2021-11-21T23:53:22,388|[TRACE] graph - <------- nonSkippedChar
2021-11-21T23:53:22,388|[TRACE] graph - <----- statementPart
2021-11-21T23:53:22,388|[TRACE] graph - -----> statementPart
2021-11-21T23:53:22,388|[TRACE] graph - -------> nonSkippedChar
2021-11-21T23:53:22,388|[TRACE] script - #out(`_`) [token]
2021-11-21T23:53:22,388|[TRACE] graph - <------- nonSkippedChar
2021-11-21T23:53:22,388|[TRACE] graph - <----- statementPart
2021-11-21T23:53:22,388|[TRACE] graph - -----> statementPart
2021-11-21T23:53:22,388|[TRACE] graph - -------> nonSkippedChar
2021-11-21T23:53:22,388|[TRACE] script - #out(`0`) [token]
2021-11-21T23:53:22,388|[TRACE] graph - <------- nonSkippedChar
2021-11-21T23:53:22,388|[TRACE] graph - <----- statementPart
2021-11-21T23:53:22,388|[TRACE] graph - -----> statementPart
2021-11-21T23:53:22,388|[TRACE] graph - -------> nonSkippedChar
2021-11-21T23:53:22,388|[TRACE] script - #out(`9`) [token]
2021-11-21T23:53:22,388|[TRACE] graph - <------- nonSkippedChar
2021-11-21T23:53:22,388|[TRACE] graph - <----- statementPart
2021-11-21T23:53:22,388|[TRACE] graph - -----> statementPart
2021-11-21T23:53:22,388|[TRACE] graph - -------> nonSkippedChar
2021-11-21T23:53:22,388|[TRACE] script - #out(`0`) [token]
2021-11-21T23:53:22,388|[TRACE] graph - <------- nonSkippedChar
2021-11-21T23:53:22,388|[TRACE] graph - <----- statementPart
2021-11-21T23:53:22,388|[TRACE] graph - -----> statementPart
2021-11-21T23:53:22,388|[TRACE] graph - -------> nonSkippedChar
2021-11-21T23:53:22,388|[TRACE] script - #out(`0`) [token]
2021-11-21T23:53:22,388|[TRACE] graph - <------- nonSkippedChar
2021-11-21T23:53:22,388|[TRACE] graph - <----- statementPart
2021-11-21T23:53:22,388|[TRACE] graph - -----> statementPart
2021-11-21T23:53:22,388|[TRACE] graph - -------> nonSkippedChar
2021-11-21T23:53:22,388|[TRACE] script - #out(`_`) [token]
2021-11-21T23:53:22,388|[TRACE] graph - <------- nonSkippedChar
2021-11-21T23:53:22,388|[TRACE] graph - <----- statementPart
2021-11-21T23:53:22,388|[TRACE] graph - -----> statementPart
2021-11-21T23:53:22,388|[TRACE] graph - -------> nonSkippedChar
2021-11-21T23:53:22,388|[TRACE] script - #out(`a`) [token]
2021-11-21T23:53:22,388|[TRACE] graph - <------- nonSkippedChar
2021-11-21T23:53:22,388|[TRACE] graph - <----- statementPart
2021-11-21T23:53:22,388|[TRACE] graph - -----> statementPart
2021-11-21T23:53:22,388|[TRACE] graph - -------> nonSkippedChar
2021-11-21T23:53:22,388|[TRACE] script - #out(`i`) [token]
2021-11-21T23:53:22,388|[TRACE] graph - <------- nonSkippedChar
2021-11-21T23:53:22,388|[TRACE] graph - <----- statementPart
2021-11-21T23:53:22,388|[TRACE] graph - -----> statementPart
2021-11-21T23:53:22,388|[TRACE] graph - -------> nonSkippedChar
2021-11-21T23:53:22,388|[TRACE] script - #out(`_`) [token]
2021-11-21T23:53:22,388|[TRACE] graph - <------- nonSkippedChar
2021-11-21T23:53:22,388|[TRACE] graph - <----- statementPart
2021-11-21T23:53:22,388|[TRACE] graph - -----> statementPart
2021-11-21T23:53:22,388|[TRACE] graph - -------> nonSkippedChar
2021-11-21T23:53:22,388|[TRACE] script - #out(`c`) [token]
2021-11-21T23:53:22,388|[TRACE] graph - <------- nonSkippedChar
2021-11-21T23:53:22,388|[TRACE] graph - <----- statementPart
2021-11-21T23:53:22,388|[TRACE] graph - -----> statementPart
2021-11-21T23:53:22,388|[TRACE] graph - -------> nonSkippedChar
2021-11-21T23:53:22,388|[TRACE] script - #out(`i`) [token]
2021-11-21T23:53:22,388|[TRACE] graph - <------- nonSkippedChar
2021-11-21T23:53:22,388|[TRACE] graph - <----- statementPart
2021-11-21T23:53:22,388|[DEBUG] graph - Import statement : CREATE TABLE IF NOT EXISTS `bloodbank`.`person` (   `id` INT NOT NULL AUTO_INCREMENT,   `first_name` VARCHAR(50) NOT NULL,   `last_name` VARCHAR(50) NOT NULL,   `created` BIGINT NOT NULL DEFAULT (unix_timestamp(now()) * 1000),   `updated` BIGINT NOT NULL DEFAULT (unix_timestamp(now()) * 1000),   `version` INT NOT NULL DEFAULT '1',   PRIMARY KEY (`id`)) ENGINE = InnoDB DEFAULT CHARACTER SET = utf8mb4 COLLATE = utf8mb4_0900_ai_ci
2021-11-21T23:53:22,388|[TRACE] graph - <--- statement
2021-11-21T23:53:22,388|[TRACE] graph - ---> blankSpacesToSkip
2021-11-21T23:53:22,388|[TRACE] graph - -----> newLineToSkip
2021-11-21T23:53:22,388|[TRACE] graph - <----- newLineToSkip
2021-11-21T23:53:22,388|[TRACE] graph - -----> newLineToSkip
2021-11-21T23:53:22,388|[TRACE] graph - <----- newLineToSkip
2021-11-21T23:53:22,388|[TRACE] graph - -----> newLineToSkip
2021-11-21T23:53:22,388|[TRACE] graph - <----- newLineToSkip
2021-11-21T23:53:22,388|[TRACE] graph - -----> newLineToSkip
2021-11-21T23:53:22,388|[TRACE] graph - <----- newLineToSkip
2021-11-21T23:53:22,388|[TRACE] graph - -----> newLineToSkip
2021-11-21T23:53:22,388|[TRACE] graph - <----- newLineToSkip
2021-11-21T23:53:22,388|[TRACE] graph - -----> newLineToSkip
2021-11-21T23:53:22,388|[TRACE] graph - <----- newLineToSkip
2021-11-21T23:53:22,388|[TRACE] graph - <--- blankSpacesToSkip
2021-11-21T23:53:22,388|[TRACE] graph - ---> statement
2021-11-21T23:53:22,388|[TRACE] graph - -----> statementFirstPart
2021-11-21T23:53:22,388|[TRACE] graph - -------> nonSkippedChar
2021-11-21T23:53:22,388|[TRACE] script - #out(`C`) [token]
2021-11-21T23:53:22,388|[TRACE] graph - <------- nonSkippedChar
2021-11-21T23:53:22,388|[TRACE] graph - <----- statementFirstPart
2021-11-21T23:53:22,388|[TRACE] graph - -----> statementPart
2021-11-21T23:53:22,388|[TRACE] graph - -------> nonSkippedChar
2021-11-21T23:53:22,388|[TRACE] script - #out(`R`) [token]
2021-11-21T23:53:22,388|[TRACE] graph - <------- nonSkippedChar
2021-11-21T23:53:22,388|[TRACE] graph - <----- statementPart
2021-11-21T23:53:22,388|[TRACE] graph - -----> statementPart
2021-11-21T23:53:22,388|[TRACE] graph - -------> nonSkippedChar
2021-11-21T23:53:22,388|[TRACE] script - #out(`E`) [token]
2021-11-21T23:53:22,388|[TRACE] graph - <------- nonSkippedChar
2021-11-21T23:53:22,388|[TRACE] graph - <----- statementPart
2021-11-21T23:53:22,388|[TRACE] graph - -----> statementPart
2021-11-21T23:53:22,388|[TRACE] graph - -------> nonSkippedChar
2021-11-21T23:53:22,388|[TRACE] script - #out(`A`) [token]
2021-11-21T23:53:22,388|[TRACE] graph - <------- nonSkippedChar
2021-11-21T23:53:22,388|[TRACE] graph - <----- statementPart
2021-11-21T23:53:22,388|[TRACE] graph - -----> statementPart
2021-11-21T23:53:22,388|[TRACE] graph - -------> nonSkippedChar
2021-11-21T23:53:22,388|[TRACE] script - #out(`T`) [token]
2021-11-21T23:53:22,388|[TRACE] graph - <------- nonSkippedChar
2021-11-21T23:53:22,388|[TRACE] graph - <----- statementPart
2021-11-21T23:53:22,388|[TRACE] graph - -----> statementPart
2021-11-21T23:53:22,388|[TRACE] graph - -------> nonSkippedChar
2021-11-21T23:53:22,388|[TRACE] script - #out(`E`) [token]
2021-11-21T23:53:22,388|[TRACE] graph - <------- nonSkippedChar
2021-11-21T23:53:22,388|[TRACE] graph - <----- statementPart
2021-11-21T23:53:22,388|[TRACE] graph - -----> statementPart
2021-11-21T23:53:22,388|[TRACE] graph - -------> nonSkippedSpace
2021-11-21T23:53:22,388|[TRACE] script - #out(` `) [token]
2021-11-21T23:53:22,388|[TRACE] graph - <------- nonSkippedSpace
2021-11-21T23:53:22,388|[TRACE] graph - <----- statementPart
2021-11-21T23:53:22,388|[TRACE] graph - -----> statementPart
2021-11-21T23:53:22,388|[TRACE] graph - -------> nonSkippedChar
2021-11-21T23:53:22,388|[TRACE] script - #out(`T`) [token]
2021-11-21T23:53:22,388|[TRACE] graph - <------- nonSkippedChar
2021-11-21T23:53:22,388|[TRACE] graph - <----- statementPart
2021-11-21T23:53:22,388|[TRACE] graph - -----> statementPart
2021-11-21T23:53:22,388|[TRACE] graph - -------> nonSkippedChar
2021-11-21T23:53:22,388|[TRACE] script - #out(`A`) [token]
2021-11-21T23:53:22,388|[TRACE] graph - <------- nonSkippedChar
2021-11-21T23:53:22,388|[TRACE] graph - <----- statementPart
2021-11-21T23:53:22,388|[TRACE] graph - -----> statementPart
2021-11-21T23:53:22,388|[TRACE] graph - -------> nonSkippedChar
2021-11-21T23:53:22,388|[TRACE] script - #out(`B`) [token]
2021-11-21T23:53:22,388|[TRACE] graph - <------- nonSkippedChar
2021-11-21T23:53:22,388|[TRACE] graph - <----- statementPart
2021-11-21T23:53:22,388|[TRACE] graph - -----> statementPart
2021-11-21T23:53:22,388|[TRACE] graph - -------> nonSkippedChar
2021-11-21T23:53:22,388|[TRACE] script - #out(`L`) [token]
2021-11-21T23:53:22,388|[TRACE] graph - <------- nonSkippedChar
2021-11-21T23:53:22,388|[TRACE] graph - <----- statementPart
2021-11-21T23:53:22,388|[TRACE] graph - -----> statementPart
2021-11-21T23:53:22,388|[TRACE] graph - -------> nonSkippedChar
2021-11-21T23:53:22,388|[TRACE] script - #out(`E`) [token]
2021-11-21T23:53:22,388|[TRACE] graph - <------- nonSkippedChar
2021-11-21T23:53:22,388|[TRACE] graph - <----- statementPart
2021-11-21T23:53:22,388|[TRACE] graph - -----> statementPart
2021-11-21T23:53:22,388|[TRACE] graph - -------> nonSkippedSpace
2021-11-21T23:53:22,388|[TRACE] script - #out(` `) [token]
2021-11-21T23:53:22,388|[TRACE] graph - <------- nonSkippedSpace
2021-11-21T23:53:22,388|[TRACE] graph - <----- statementPart
2021-11-21T23:53:22,388|[TRACE] graph - -----> statementPart
2021-11-21T23:53:22,388|[TRACE] graph - -------> nonSkippedChar
2021-11-21T23:53:22,388|[TRACE] script - #out(`I`) [token]
2021-11-21T23:53:22,388|[TRACE] graph - <------- nonSkippedChar
2021-11-21T23:53:22,388|[TRACE] graph - <----- statementPart
2021-11-21T23:53:22,388|[TRACE] graph - -----> statementPart
2021-11-21T23:53:22,388|[TRACE] graph - -------> nonSkippedChar
2021-11-21T23:53:22,388|[TRACE] script - #out(`F`) [token]
2021-11-21T23:53:22,388|[TRACE] graph - <------- nonSkippedChar
2021-11-21T23:53:22,388|[TRACE] graph - <----- statementPart
2021-11-21T23:53:22,388|[TRACE] graph - -----> statementPart
2021-11-21T23:53:22,388|[TRACE] graph - -------> nonSkippedSpace
2021-11-21T23:53:22,388|[TRACE] script - #out(` `) [token]
2021-11-21T23:53:22,388|[TRACE] graph - <------- nonSkippedSpace
2021-11-21T23:53:22,388|[TRACE] graph - <----- statementPart
2021-11-21T23:53:22,388|[TRACE] graph - -----> statementPart
2021-11-21T23:53:22,388|[TRACE] graph - -------> nonSkippedChar
2021-11-21T23:53:22,388|[TRACE] script - #out(`N`) [token]
2021-11-21T23:53:22,388|[TRACE] graph - <------- nonSkippedChar
2021-11-21T23:53:22,388|[TRACE] graph - <----- statementPart
2021-11-21T23:53:22,388|[TRACE] graph - -----> statementPart
2021-11-21T23:53:22,388|[TRACE] graph - -------> nonSkippedChar
2021-11-21T23:53:22,388|[TRACE] script - #out(`O`) [token]
2021-11-21T23:53:22,388|[TRACE] graph - <------- nonSkippedChar
2021-11-21T23:53:22,388|[TRACE] graph - <----- statementPart
2021-11-21T23:53:22,388|[TRACE] graph - -----> statementPart
2021-11-21T23:53:22,388|[TRACE] graph - -------> nonSkippedChar
2021-11-21T23:53:22,388|[TRACE] script - #out(`T`) [token]
2021-11-21T23:53:22,388|[TRACE] graph - <------- nonSkippedChar
2021-11-21T23:53:22,388|[TRACE] graph - <----- statementPart
2021-11-21T23:53:22,388|[TRACE] graph - -----> statementPart
2021-11-21T23:53:22,388|[TRACE] graph - -------> nonSkippedSpace
2021-11-21T23:53:22,388|[TRACE] script - #out(` `) [token]
2021-11-21T23:53:22,388|[TRACE] graph - <------- nonSkippedSpace
2021-11-21T23:53:22,388|[TRACE] graph - <----- statementPart
2021-11-21T23:53:22,388|[TRACE] graph - -----> statementPart
2021-11-21T23:53:22,388|[TRACE] graph - -------> nonSkippedChar
2021-11-21T23:53:22,388|[TRACE] script - #out(`E`) [token]
2021-11-21T23:53:22,388|[TRACE] graph - <------- nonSkippedChar
2021-11-21T23:53:22,388|[TRACE] graph - <----- statementPart
2021-11-21T23:53:22,388|[TRACE] graph - -----> statementPart
2021-11-21T23:53:22,388|[TRACE] graph - -------> nonSkippedChar
2021-11-21T23:53:22,388|[TRACE] script - #out(`X`) [token]
2021-11-21T23:53:22,388|[TRACE] graph - <------- nonSkippedChar
2021-11-21T23:53:22,388|[TRACE] graph - <----- statementPart
2021-11-21T23:53:22,388|[TRACE] graph - -----> statementPart
2021-11-21T23:53:22,388|[TRACE] graph - -------> nonSkippedChar
2021-11-21T23:53:22,388|[TRACE] script - #out(`I`) [token]
2021-11-21T23:53:22,388|[TRACE] graph - <------- nonSkippedChar
2021-11-21T23:53:22,388|[TRACE] graph - <----- statementPart
2021-11-21T23:53:22,388|[TRACE] graph - -----> statementPart
2021-11-21T23:53:22,388|[TRACE] graph - -------> nonSkippedChar
2021-11-21T23:53:22,388|[TRACE] script - #out(`S`) [token]
2021-11-21T23:53:22,388|[TRACE] graph - <------- nonSkippedChar
2021-11-21T23:53:22,388|[TRACE] graph - <----- statementPart
2021-11-21T23:53:22,388|[TRACE] graph - -----> statementPart
2021-11-21T23:53:22,388|[TRACE] graph - -------> nonSkippedChar
2021-11-21T23:53:22,388|[TRACE] script - #out(`T`) [token]
2021-11-21T23:53:22,388|[TRACE] graph - <------- nonSkippedChar
2021-11-21T23:53:22,388|[TRACE] graph - <----- statementPart
2021-11-21T23:53:22,388|[TRACE] graph - -----> statementPart
2021-11-21T23:53:22,388|[TRACE] graph - -------> nonSkippedChar
2021-11-21T23:53:22,388|[TRACE] script - #out(`S`) [token]
2021-11-21T23:53:22,388|[TRACE] graph - <------- nonSkippedChar
2021-11-21T23:53:22,388|[TRACE] graph - <----- statementPart
2021-11-21T23:53:22,388|[TRACE] graph - -----> statementPart
2021-11-21T23:53:22,388|[TRACE] graph - -------> nonSkippedSpace
2021-11-21T23:53:22,388|[TRACE] script - #out(` `) [token]
2021-11-21T23:53:22,388|[TRACE] graph - <------- nonSkippedSpace
2021-11-21T23:53:22,388|[TRACE] graph - <----- statementPart
2021-11-21T23:53:22,388|[TRACE] graph - -----> statementPart
2021-11-21T23:53:22,388|[TRACE] graph - -------> quotedString
2021-11-21T23:53:22,388|[TRACE] script - #out(``bloodbank``) [token]
2021-11-21T23:53:22,388|[TRACE] graph - <------- quotedString
2021-11-21T23:53:22,388|[TRACE] graph - <----- statementPart
2021-11-21T23:53:22,388|[TRACE] graph - -----> statementPart
2021-11-21T23:53:22,388|[TRACE] graph - -------> nonSkippedChar
2021-11-21T23:53:22,388|[TRACE] script - #out(`.`) [token]
2021-11-21T23:53:22,388|[TRACE] graph - <------- nonSkippedChar
2021-11-21T23:53:22,388|[TRACE] graph - <----- statementPart
2021-11-21T23:53:22,388|[TRACE] graph - -----> statementPart
2021-11-21T23:53:22,388|[TRACE] graph - -------> quotedString
2021-11-21T23:53:22,388|[TRACE] script - #out(``blood_bank``) [token]
2021-11-21T23:53:22,388|[TRACE] graph - <------- quotedString
2021-11-21T23:53:22,388|[TRACE] graph - <----- statementPart
2021-11-21T23:53:22,388|[TRACE] graph - -----> statementPart
2021-11-21T23:53:22,388|[TRACE] graph - -------> nonSkippedSpace
2021-11-21T23:53:22,388|[TRACE] script - #out(` `) [token]
2021-11-21T23:53:22,388|[TRACE] graph - <------- nonSkippedSpace
2021-11-21T23:53:22,388|[TRACE] graph - <----- statementPart
2021-11-21T23:53:22,388|[TRACE] graph - -----> statementPart
2021-11-21T23:53:22,388|[TRACE] graph - -------> nonSkippedChar
2021-11-21T23:53:22,388|[TRACE] script - #out(`(`) [token]
2021-11-21T23:53:22,388|[TRACE] graph - <------- nonSkippedChar
2021-11-21T23:53:22,388|[TRACE] graph - <----- statementPart
2021-11-21T23:53:22,388|[TRACE] graph - -----> afterStatementPartNewline
2021-11-21T23:53:22,388|[TRACE] script - #out(` `) [text]
2021-11-21T23:53:22,388|[TRACE] graph - <----- afterStatementPartNewline
2021-11-21T23:53:22,435|[TRACE] graph - -----> statementPart
2021-11-21T23:53:22,435|[TRACE] graph - -------> nonSkippedSpace
2021-11-21T23:53:22,435|[TRACE] script - #out(` `) [token]
2021-11-21T23:53:22,435|[TRACE] graph - <------- nonSkippedSpace
2021-11-21T23:53:22,435|[TRACE] graph - <----- statementPart
2021-11-21T23:53:22,435|[TRACE] graph - -----> statementPart
2021-11-21T23:53:22,435|[TRACE] graph - -------> nonSkippedSpace
2021-11-21T23:53:22,435|[TRACE] script - #out(` `) [token]
2021-11-21T23:53:22,435|[TRACE] graph - <------- nonSkippedSpace
2021-11-21T23:53:22,435|[TRACE] graph - <----- statementPart
2021-11-21T23:53:22,435|[TRACE] graph - -----> statementPart
2021-11-21T23:53:22,435|[TRACE] graph - -------> quotedString
2021-11-21T23:53:22,435|[TRACE] script - #out(``bank_id``) [token]
2021-11-21T23:53:22,435|[TRACE] graph - <------- quotedString
2021-11-21T23:53:22,436|[TRACE] graph - <----- statementPart
2021-11-21T23:53:22,436|[TRACE] graph - -----> statementPart
2021-11-21T23:53:22,436|[TRACE] graph - -------> nonSkippedSpace
2021-11-21T23:53:22,436|[TRACE] script - #out(` `) [token]
2021-11-21T23:53:22,436|[TRACE] graph - <------- nonSkippedSpace
2021-11-21T23:53:22,436|[TRACE] graph - <----- statementPart
2021-11-21T23:53:22,436|[TRACE] graph - -----> statementPart
2021-11-21T23:53:22,436|[TRACE] graph - -------> nonSkippedChar
2021-11-21T23:53:22,436|[TRACE] script - #out(`I`) [token]
2021-11-21T23:53:22,436|[TRACE] graph - <------- nonSkippedChar
2021-11-21T23:53:22,436|[TRACE] graph - <----- statementPart
2021-11-21T23:53:22,436|[TRACE] graph - -----> statementPart
2021-11-21T23:53:22,436|[TRACE] graph - -------> nonSkippedChar
2021-11-21T23:53:22,436|[TRACE] script - #out(`N`) [token]
2021-11-21T23:53:22,436|[TRACE] graph - <------- nonSkippedChar
2021-11-21T23:53:22,436|[TRACE] graph - <----- statementPart
2021-11-21T23:53:22,436|[TRACE] graph - -----> statementPart
2021-11-21T23:53:22,436|[TRACE] graph - -------> nonSkippedChar
2021-11-21T23:53:22,436|[TRACE] script - #out(`T`) [token]
2021-11-21T23:53:22,436|[TRACE] graph - <------- nonSkippedChar
2021-11-21T23:53:22,436|[TRACE] graph - <----- statementPart
2021-11-21T23:53:22,436|[TRACE] graph - -----> statementPart
2021-11-21T23:53:22,436|[TRACE] graph - -------> nonSkippedSpace
2021-11-21T23:53:22,436|[TRACE] script - #out(` `) [token]
2021-11-21T23:53:22,436|[TRACE] graph - <------- nonSkippedSpace
2021-11-21T23:53:22,436|[TRACE] graph - <----- statementPart
2021-11-21T23:53:22,436|[TRACE] graph - -----> statementPart
2021-11-21T23:53:22,436|[TRACE] graph - -------> nonSkippedChar
2021-11-21T23:53:22,436|[TRACE] script - #out(`N`) [token]
2021-11-21T23:53:22,436|[TRACE] graph - <------- nonSkippedChar
2021-11-21T23:53:22,436|[TRACE] graph - <----- statementPart
2021-11-21T23:53:22,436|[TRACE] graph - -----> statementPart
2021-11-21T23:53:22,436|[TRACE] graph - -------> nonSkippedChar
2021-11-21T23:53:22,436|[TRACE] script - #out(`O`) [token]
2021-11-21T23:53:22,436|[TRACE] graph - <------- nonSkippedChar
2021-11-21T23:53:22,436|[TRACE] graph - <----- statementPart
2021-11-21T23:53:22,436|[TRACE] graph - -----> statementPart
2021-11-21T23:53:22,436|[TRACE] graph - -------> nonSkippedChar
2021-11-21T23:53:22,436|[TRACE] script - #out(`T`) [token]
2021-11-21T23:53:22,436|[TRACE] graph - <------- nonSkippedChar
2021-11-21T23:53:22,436|[TRACE] graph - <----- statementPart
2021-11-21T23:53:22,436|[TRACE] graph - -----> statementPart
2021-11-21T23:53:22,436|[TRACE] graph - -------> nonSkippedSpace
2021-11-21T23:53:22,436|[TRACE] script - #out(` `) [token]
2021-11-21T23:53:22,436|[TRACE] graph - <------- nonSkippedSpace
2021-11-21T23:53:22,436|[TRACE] graph - <----- statementPart
2021-11-21T23:53:22,436|[TRACE] graph - -----> statementPart
2021-11-21T23:53:22,436|[TRACE] graph - -------> nonSkippedChar
2021-11-21T23:53:22,436|[TRACE] script - #out(`N`) [token]
2021-11-21T23:53:22,436|[TRACE] graph - <------- nonSkippedChar
2021-11-21T23:53:22,436|[TRACE] graph - <----- statementPart
2021-11-21T23:53:22,436|[TRACE] graph - -----> statementPart
2021-11-21T23:53:22,436|[TRACE] graph - -------> nonSkippedChar
2021-11-21T23:53:22,436|[TRACE] script - #out(`U`) [token]
2021-11-21T23:53:22,436|[TRACE] graph - <------- nonSkippedChar
2021-11-21T23:53:22,436|[TRACE] graph - <----- statementPart
2021-11-21T23:53:22,436|[TRACE] graph - -----> statementPart
2021-11-21T23:53:22,436|[TRACE] graph - -------> nonSkippedChar
2021-11-21T23:53:22,436|[TRACE] script - #out(`L`) [token]
2021-11-21T23:53:22,436|[TRACE] graph - <------- nonSkippedChar
2021-11-21T23:53:22,436|[TRACE] graph - <----- statementPart
2021-11-21T23:53:22,436|[TRACE] graph - -----> statementPart
2021-11-21T23:53:22,436|[TRACE] graph - -------> nonSkippedChar
2021-11-21T23:53:22,436|[TRACE] script - #out(`L`) [token]
2021-11-21T23:53:22,436|[TRACE] graph - <------- nonSkippedChar
2021-11-21T23:53:22,436|[TRACE] graph - <----- statementPart
2021-11-21T23:53:22,436|[TRACE] graph - -----> statementPart
2021-11-21T23:53:22,436|[TRACE] graph - -------> nonSkippedSpace
2021-11-21T23:53:22,436|[TRACE] script - #out(` `) [token]
2021-11-21T23:53:22,436|[TRACE] graph - <------- nonSkippedSpace
2021-11-21T23:53:22,436|[TRACE] graph - <----- statementPart
2021-11-21T23:53:22,436|[TRACE] graph - -----> statementPart
2021-11-21T23:53:22,436|[TRACE] graph - -------> nonSkippedChar
2021-11-21T23:53:22,436|[TRACE] script - #out(`A`) [token]
2021-11-21T23:53:22,436|[TRACE] graph - <------- nonSkippedChar
2021-11-21T23:53:22,436|[TRACE] graph - <----- statementPart
2021-11-21T23:53:22,436|[TRACE] graph - -----> statementPart
2021-11-21T23:53:22,436|[TRACE] graph - -------> nonSkippedChar
2021-11-21T23:53:22,436|[TRACE] script - #out(`U`) [token]
2021-11-21T23:53:22,436|[TRACE] graph - <------- nonSkippedChar
2021-11-21T23:53:22,436|[TRACE] graph - <----- statementPart
2021-11-21T23:53:22,436|[TRACE] graph - -----> statementPart
2021-11-21T23:53:22,436|[TRACE] graph - -------> nonSkippedChar
2021-11-21T23:53:22,436|[TRACE] script - #out(`T`) [token]
2021-11-21T23:53:22,436|[TRACE] graph - <------- nonSkippedChar
2021-11-21T23:53:22,436|[TRACE] graph - <----- statementPart
2021-11-21T23:53:22,436|[TRACE] graph - -----> statementPart
2021-11-21T23:53:22,436|[TRACE] graph - -------> nonSkippedChar
2021-11-21T23:53:22,436|[TRACE] script - #out(`O`) [token]
2021-11-21T23:53:22,436|[TRACE] graph - <------- nonSkippedChar
2021-11-21T23:53:22,436|[TRACE] graph - <----- statementPart
2021-11-21T23:53:22,436|[TRACE] graph - -----> statementPart
2021-11-21T23:53:22,436|[TRACE] graph - -------> nonSkippedChar
2021-11-21T23:53:22,436|[TRACE] script - #out(`_`) [token]
2021-11-21T23:53:22,436|[TRACE] graph - <------- nonSkippedChar
2021-11-21T23:53:22,436|[TRACE] graph - <----- statementPart
2021-11-21T23:53:22,436|[TRACE] graph - -----> statementPart
2021-11-21T23:53:22,436|[TRACE] graph - -------> nonSkippedChar
2021-11-21T23:53:22,436|[TRACE] script - #out(`I`) [token]
2021-11-21T23:53:22,436|[TRACE] graph - <------- nonSkippedChar
2021-11-21T23:53:22,436|[TRACE] graph - <----- statementPart
2021-11-21T23:53:22,436|[TRACE] graph - -----> statementPart
2021-11-21T23:53:22,436|[TRACE] graph - -------> nonSkippedChar
2021-11-21T23:53:22,436|[TRACE] script - #out(`N`) [token]
2021-11-21T23:53:22,436|[TRACE] graph - <------- nonSkippedChar
2021-11-21T23:53:22,436|[TRACE] graph - <----- statementPart
2021-11-21T23:53:22,436|[TRACE] graph - -----> statementPart
2021-11-21T23:53:22,436|[TRACE] graph - -------> nonSkippedChar
2021-11-21T23:53:22,436|[TRACE] script - #out(`C`) [token]
2021-11-21T23:53:22,436|[TRACE] graph - <------- nonSkippedChar
2021-11-21T23:53:22,436|[TRACE] graph - <----- statementPart
2021-11-21T23:53:22,436|[TRACE] graph - -----> statementPart
2021-11-21T23:53:22,436|[TRACE] graph - -------> nonSkippedChar
2021-11-21T23:53:22,436|[TRACE] script - #out(`R`) [token]
2021-11-21T23:53:22,436|[TRACE] graph - <------- nonSkippedChar
2021-11-21T23:53:22,436|[TRACE] graph - <----- statementPart
2021-11-21T23:53:22,436|[TRACE] graph - -----> statementPart
2021-11-21T23:53:22,436|[TRACE] graph - -------> nonSkippedChar
2021-11-21T23:53:22,436|[TRACE] script - #out(`E`) [token]
2021-11-21T23:53:22,436|[TRACE] graph - <------- nonSkippedChar
2021-11-21T23:53:22,436|[TRACE] graph - <----- statementPart
2021-11-21T23:53:22,436|[TRACE] graph - -----> statementPart
2021-11-21T23:53:22,436|[TRACE] graph - -------> nonSkippedChar
2021-11-21T23:53:22,436|[TRACE] script - #out(`M`) [token]
2021-11-21T23:53:22,436|[TRACE] graph - <------- nonSkippedChar
2021-11-21T23:53:22,436|[TRACE] graph - <----- statementPart
2021-11-21T23:53:22,436|[TRACE] graph - -----> statementPart
2021-11-21T23:53:22,436|[TRACE] graph - -------> nonSkippedChar
2021-11-21T23:53:22,436|[TRACE] script - #out(`E`) [token]
2021-11-21T23:53:22,436|[TRACE] graph - <------- nonSkippedChar
2021-11-21T23:53:22,436|[TRACE] graph - <----- statementPart
2021-11-21T23:53:22,436|[TRACE] graph - -----> statementPart
2021-11-21T23:53:22,436|[TRACE] graph - -------> nonSkippedChar
2021-11-21T23:53:22,436|[TRACE] script - #out(`N`) [token]
2021-11-21T23:53:22,436|[TRACE] graph - <------- nonSkippedChar
2021-11-21T23:53:22,436|[TRACE] graph - <----- statementPart
2021-11-21T23:53:22,436|[TRACE] graph - -----> statementPart
2021-11-21T23:53:22,436|[TRACE] graph - -------> nonSkippedChar
2021-11-21T23:53:22,436|[TRACE] script - #out(`T`) [token]
2021-11-21T23:53:22,436|[TRACE] graph - <------- nonSkippedChar
2021-11-21T23:53:22,436|[TRACE] graph - <----- statementPart
2021-11-21T23:53:22,436|[TRACE] graph - -----> statementPart
2021-11-21T23:53:22,436|[TRACE] graph - -------> nonSkippedChar
2021-11-21T23:53:22,436|[TRACE] script - #out(`,`) [token]
2021-11-21T23:53:22,436|[TRACE] graph - <------- nonSkippedChar
2021-11-21T23:53:22,436|[TRACE] graph - <----- statementPart
2021-11-21T23:53:22,436|[TRACE] graph - -----> afterStatementPartNewline
2021-11-21T23:53:22,436|[TRACE] script - #out(` `) [text]
2021-11-21T23:53:22,436|[TRACE] graph - <----- afterStatementPartNewline
2021-11-21T23:53:22,436|[TRACE] graph - -----> statementPart
2021-11-21T23:53:22,436|[TRACE] graph - -------> nonSkippedSpace
2021-11-21T23:53:22,436|[TRACE] script - #out(` `) [token]
2021-11-21T23:53:22,436|[TRACE] graph - <------- nonSkippedSpace
2021-11-21T23:53:22,436|[TRACE] graph - <----- statementPart
2021-11-21T23:53:22,436|[TRACE] graph - -----> statementPart
2021-11-21T23:53:22,436|[TRACE] graph - -------> nonSkippedSpace
2021-11-21T23:53:22,436|[TRACE] script - #out(` `) [token]
2021-11-21T23:53:22,436|[TRACE] graph - <------- nonSkippedSpace
2021-11-21T23:53:22,436|[TRACE] graph - <----- statementPart
2021-11-21T23:53:22,436|[TRACE] graph - -----> statementPart
2021-11-21T23:53:22,436|[TRACE] graph - -------> quotedString
2021-11-21T23:53:22,436|[TRACE] script - #out(``name``) [token]
2021-11-21T23:53:22,436|[TRACE] graph - <------- quotedString
2021-11-21T23:53:22,436|[TRACE] graph - <----- statementPart
2021-11-21T23:53:22,436|[TRACE] graph - -----> statementPart
2021-11-21T23:53:22,436|[TRACE] graph - -------> nonSkippedSpace
2021-11-21T23:53:22,436|[TRACE] script - #out(` `) [token]
2021-11-21T23:53:22,436|[TRACE] graph - <------- nonSkippedSpace
2021-11-21T23:53:22,436|[TRACE] graph - <----- statementPart
2021-11-21T23:53:22,436|[TRACE] graph - -----> statementPart
2021-11-21T23:53:22,436|[TRACE] graph - -------> nonSkippedChar
2021-11-21T23:53:22,436|[TRACE] script - #out(`V`) [token]
2021-11-21T23:53:22,436|[TRACE] graph - <------- nonSkippedChar
2021-11-21T23:53:22,436|[TRACE] graph - <----- statementPart
2021-11-21T23:53:22,436|[TRACE] graph - -----> statementPart
2021-11-21T23:53:22,436|[TRACE] graph - -------> nonSkippedChar
2021-11-21T23:53:22,436|[TRACE] script - #out(`A`) [token]
2021-11-21T23:53:22,436|[TRACE] graph - <------- nonSkippedChar
2021-11-21T23:53:22,436|[TRACE] graph - <----- statementPart
2021-11-21T23:53:22,436|[TRACE] graph - -----> statementPart
2021-11-21T23:53:22,436|[TRACE] graph - -------> nonSkippedChar
2021-11-21T23:53:22,436|[TRACE] script - #out(`R`) [token]
2021-11-21T23:53:22,436|[TRACE] graph - <------- nonSkippedChar
2021-11-21T23:53:22,436|[TRACE] graph - <----- statementPart
2021-11-21T23:53:22,436|[TRACE] graph - -----> statementPart
2021-11-21T23:53:22,436|[TRACE] graph - -------> nonSkippedChar
2021-11-21T23:53:22,436|[TRACE] script - #out(`C`) [token]
2021-11-21T23:53:22,436|[TRACE] graph - <------- nonSkippedChar
2021-11-21T23:53:22,436|[TRACE] graph - <----- statementPart
2021-11-21T23:53:22,436|[TRACE] graph - -----> statementPart
2021-11-21T23:53:22,436|[TRACE] graph - -------> nonSkippedChar
2021-11-21T23:53:22,436|[TRACE] script - #out(`H`) [token]
2021-11-21T23:53:22,436|[TRACE] graph - <------- nonSkippedChar
2021-11-21T23:53:22,436|[TRACE] graph - <----- statementPart
2021-11-21T23:53:22,436|[TRACE] graph - -----> statementPart
2021-11-21T23:53:22,436|[TRACE] graph - -------> nonSkippedChar
2021-11-21T23:53:22,436|[TRACE] script - #out(`A`) [token]
2021-11-21T23:53:22,436|[TRACE] graph - <------- nonSkippedChar
2021-11-21T23:53:22,436|[TRACE] graph - <----- statementPart
2021-11-21T23:53:22,436|[TRACE] graph - -----> statementPart
2021-11-21T23:53:22,436|[TRACE] graph - -------> nonSkippedChar
2021-11-21T23:53:22,436|[TRACE] script - #out(`R`) [token]
2021-11-21T23:53:22,436|[TRACE] graph - <------- nonSkippedChar
2021-11-21T23:53:22,436|[TRACE] graph - <----- statementPart
2021-11-21T23:53:22,436|[TRACE] graph - -----> statementPart
2021-11-21T23:53:22,436|[TRACE] graph - -------> nonSkippedChar
2021-11-21T23:53:22,436|[TRACE] script - #out(`(`) [token]
2021-11-21T23:53:22,436|[TRACE] graph - <------- nonSkippedChar
2021-11-21T23:53:22,436|[TRACE] graph - <----- statementPart
2021-11-21T23:53:22,436|[TRACE] graph - -----> statementPart
2021-11-21T23:53:22,436|[TRACE] graph - -------> nonSkippedChar
2021-11-21T23:53:22,436|[TRACE] script - #out(`1`) [token]
2021-11-21T23:53:22,436|[TRACE] graph - <------- nonSkippedChar
2021-11-21T23:53:22,436|[TRACE] graph - <----- statementPart
2021-11-21T23:53:22,436|[TRACE] graph - -----> statementPart
2021-11-21T23:53:22,436|[TRACE] graph - -------> nonSkippedChar
2021-11-21T23:53:22,436|[TRACE] script - #out(`0`) [token]
2021-11-21T23:53:22,436|[TRACE] graph - <------- nonSkippedChar
2021-11-21T23:53:22,436|[TRACE] graph - <----- statementPart
2021-11-21T23:53:22,436|[TRACE] graph - -----> statementPart
2021-11-21T23:53:22,436|[TRACE] graph - -------> nonSkippedChar
2021-11-21T23:53:22,436|[TRACE] script - #out(`0`) [token]
2021-11-21T23:53:22,436|[TRACE] graph - <------- nonSkippedChar
2021-11-21T23:53:22,436|[TRACE] graph - <----- statementPart
2021-11-21T23:53:22,436|[TRACE] graph - -----> statementPart
2021-11-21T23:53:22,436|[TRACE] graph - -------> nonSkippedChar
2021-11-21T23:53:22,436|[TRACE] script - #out(`)`) [token]
2021-11-21T23:53:22,436|[TRACE] graph - <------- nonSkippedChar
2021-11-21T23:53:22,436|[TRACE] graph - <----- statementPart
2021-11-21T23:53:22,436|[TRACE] graph - -----> statementPart
2021-11-21T23:53:22,436|[TRACE] graph - -------> nonSkippedSpace
2021-11-21T23:53:22,436|[TRACE] script - #out(` `) [token]
2021-11-21T23:53:22,436|[TRACE] graph - <------- nonSkippedSpace
2021-11-21T23:53:22,436|[TRACE] graph - <----- statementPart
2021-11-21T23:53:22,436|[TRACE] graph - -----> statementPart
2021-11-21T23:53:22,436|[TRACE] graph - -------> nonSkippedChar
2021-11-21T23:53:22,436|[TRACE] script - #out(`N`) [token]
2021-11-21T23:53:22,436|[TRACE] graph - <------- nonSkippedChar
2021-11-21T23:53:22,436|[TRACE] graph - <----- statementPart
2021-11-21T23:53:22,436|[TRACE] graph - -----> statementPart
2021-11-21T23:53:22,436|[TRACE] graph - -------> nonSkippedChar
2021-11-21T23:53:22,436|[TRACE] script - #out(`O`) [token]
2021-11-21T23:53:22,436|[TRACE] graph - <------- nonSkippedChar
2021-11-21T23:53:22,436|[TRACE] graph - <----- statementPart
2021-11-21T23:53:22,436|[TRACE] graph - -----> statementPart
2021-11-21T23:53:22,436|[TRACE] graph - -------> nonSkippedChar
2021-11-21T23:53:22,436|[TRACE] script - #out(`T`) [token]
2021-11-21T23:53:22,436|[TRACE] graph - <------- nonSkippedChar
2021-11-21T23:53:22,436|[TRACE] graph - <----- statementPart
2021-11-21T23:53:22,436|[TRACE] graph - -----> statementPart
2021-11-21T23:53:22,436|[TRACE] graph - -------> nonSkippedSpace
2021-11-21T23:53:22,436|[TRACE] script - #out(` `) [token]
2021-11-21T23:53:22,436|[TRACE] graph - <------- nonSkippedSpace
2021-11-21T23:53:22,436|[TRACE] graph - <----- statementPart
2021-11-21T23:53:22,436|[TRACE] graph - -----> statementPart
2021-11-21T23:53:22,436|[TRACE] graph - -------> nonSkippedChar
2021-11-21T23:53:22,436|[TRACE] script - #out(`N`) [token]
2021-11-21T23:53:22,436|[TRACE] graph - <------- nonSkippedChar
2021-11-21T23:53:22,436|[TRACE] graph - <----- statementPart
2021-11-21T23:53:22,436|[TRACE] graph - -----> statementPart
2021-11-21T23:53:22,436|[TRACE] graph - -------> nonSkippedChar
2021-11-21T23:53:22,436|[TRACE] script - #out(`U`) [token]
2021-11-21T23:53:22,436|[TRACE] graph - <------- nonSkippedChar
2021-11-21T23:53:22,436|[TRACE] graph - <----- statementPart
2021-11-21T23:53:22,436|[TRACE] graph - -----> statementPart
2021-11-21T23:53:22,436|[TRACE] graph - -------> nonSkippedChar
2021-11-21T23:53:22,436|[TRACE] script - #out(`L`) [token]
2021-11-21T23:53:22,436|[TRACE] graph - <------- nonSkippedChar
2021-11-21T23:53:22,436|[TRACE] graph - <----- statementPart
2021-11-21T23:53:22,436|[TRACE] graph - -----> statementPart
2021-11-21T23:53:22,436|[TRACE] graph - -------> nonSkippedChar
2021-11-21T23:53:22,436|[TRACE] script - #out(`L`) [token]
2021-11-21T23:53:22,436|[TRACE] graph - <------- nonSkippedChar
2021-11-21T23:53:22,436|[TRACE] graph - <----- statementPart
2021-11-21T23:53:22,436|[TRACE] graph - -----> statementPart
2021-11-21T23:53:22,436|[TRACE] graph - -------> nonSkippedChar
2021-11-21T23:53:22,437|[TRACE] script - #out(`,`) [token]
2021-11-21T23:53:22,437|[TRACE] graph - <------- nonSkippedChar
2021-11-21T23:53:22,437|[TRACE] graph - <----- statementPart
2021-11-21T23:53:22,437|[TRACE] graph - -----> afterStatementPartNewline
2021-11-21T23:53:22,437|[TRACE] script - #out(` `) [text]
2021-11-21T23:53:22,437|[TRACE] graph - <----- afterStatementPartNewline
2021-11-21T23:53:22,437|[TRACE] graph - -----> statementPart
2021-11-21T23:53:22,437|[TRACE] graph - -------> nonSkippedSpace
2021-11-21T23:53:22,437|[TRACE] script - #out(` `) [token]
2021-11-21T23:53:22,437|[TRACE] graph - <------- nonSkippedSpace
2021-11-21T23:53:22,437|[TRACE] graph - <----- statementPart
2021-11-21T23:53:22,437|[TRACE] graph - -----> statementPart
2021-11-21T23:53:22,437|[TRACE] graph - -------> nonSkippedSpace
2021-11-21T23:53:22,437|[TRACE] script - #out(` `) [token]
2021-11-21T23:53:22,437|[TRACE] graph - <------- nonSkippedSpace
2021-11-21T23:53:22,437|[TRACE] graph - <----- statementPart
2021-11-21T23:53:22,437|[TRACE] graph - -----> statementPart
2021-11-21T23:53:22,437|[TRACE] graph - -------> quotedString
2021-11-21T23:53:22,437|[TRACE] script - #out(``privately_owned``) [token]
2021-11-21T23:53:22,437|[TRACE] graph - <------- quotedString
2021-11-21T23:53:22,437|[TRACE] graph - <----- statementPart
2021-11-21T23:53:22,437|[TRACE] graph - -----> statementPart
2021-11-21T23:53:22,437|[TRACE] graph - -------> nonSkippedSpace
2021-11-21T23:53:22,437|[TRACE] script - #out(` `) [token]
2021-11-21T23:53:22,437|[TRACE] graph - <------- nonSkippedSpace
2021-11-21T23:53:22,437|[TRACE] graph - <----- statementPart
2021-11-21T23:53:22,437|[TRACE] graph - -----> statementPart
2021-11-21T23:53:22,437|[TRACE] graph - -------> nonSkippedChar
2021-11-21T23:53:22,437|[TRACE] script - #out(`B`) [token]
2021-11-21T23:53:22,437|[TRACE] graph - <------- nonSkippedChar
2021-11-21T23:53:22,437|[TRACE] graph - <----- statementPart
2021-11-21T23:53:22,437|[TRACE] graph - -----> statementPart
2021-11-21T23:53:22,437|[TRACE] graph - -------> nonSkippedChar
2021-11-21T23:53:22,437|[TRACE] script - #out(`I`) [token]
2021-11-21T23:53:22,437|[TRACE] graph - <------- nonSkippedChar
2021-11-21T23:53:22,437|[TRACE] graph - <----- statementPart
2021-11-21T23:53:22,437|[TRACE] graph - -----> statementPart
2021-11-21T23:53:22,437|[TRACE] graph - -------> nonSkippedChar
2021-11-21T23:53:22,437|[TRACE] script - #out(`T`) [token]
2021-11-21T23:53:22,437|[TRACE] graph - <------- nonSkippedChar
2021-11-21T23:53:22,437|[TRACE] graph - <----- statementPart
2021-11-21T23:53:22,437|[TRACE] graph - -----> statementPart
2021-11-21T23:53:22,437|[TRACE] graph - -------> nonSkippedChar
2021-11-21T23:53:22,437|[TRACE] script - #out(`(`) [token]
2021-11-21T23:53:22,437|[TRACE] graph - <------- nonSkippedChar
2021-11-21T23:53:22,437|[TRACE] graph - <----- statementPart
2021-11-21T23:53:22,437|[TRACE] graph - -----> statementPart
2021-11-21T23:53:22,437|[TRACE] graph - -------> nonSkippedChar
2021-11-21T23:53:22,437|[TRACE] script - #out(`1`) [token]
2021-11-21T23:53:22,437|[TRACE] graph - <------- nonSkippedChar
2021-11-21T23:53:22,437|[TRACE] graph - <----- statementPart
2021-11-21T23:53:22,437|[TRACE] graph - -----> statementPart
2021-11-21T23:53:22,437|[TRACE] graph - -------> nonSkippedChar
2021-11-21T23:53:22,437|[TRACE] script - #out(`)`) [token]
2021-11-21T23:53:22,437|[TRACE] graph - <------- nonSkippedChar
2021-11-21T23:53:22,437|[TRACE] graph - <----- statementPart
2021-11-21T23:53:22,437|[TRACE] graph - -----> statementPart
2021-11-21T23:53:22,437|[TRACE] graph - -------> nonSkippedSpace
2021-11-21T23:53:22,437|[TRACE] script - #out(` `) [token]
2021-11-21T23:53:22,437|[TRACE] graph - <------- nonSkippedSpace
2021-11-21T23:53:22,437|[TRACE] graph - <----- statementPart
2021-11-21T23:53:22,437|[TRACE] graph - -----> statementPart
2021-11-21T23:53:22,437|[TRACE] graph - -------> nonSkippedChar
2021-11-21T23:53:22,437|[TRACE] script - #out(`N`) [token]
2021-11-21T23:53:22,437|[TRACE] graph - <------- nonSkippedChar
2021-11-21T23:53:22,437|[TRACE] graph - <----- statementPart
2021-11-21T23:53:22,437|[TRACE] graph - -----> statementPart
2021-11-21T23:53:22,437|[TRACE] graph - -------> nonSkippedChar
2021-11-21T23:53:22,437|[TRACE] script - #out(`O`) [token]
2021-11-21T23:53:22,437|[TRACE] graph - <------- nonSkippedChar
2021-11-21T23:53:22,437|[TRACE] graph - <----- statementPart
2021-11-21T23:53:22,437|[TRACE] graph - -----> statementPart
2021-11-21T23:53:22,437|[TRACE] graph - -------> nonSkippedChar
2021-11-21T23:53:22,437|[TRACE] script - #out(`T`) [token]
2021-11-21T23:53:22,437|[TRACE] graph - <------- nonSkippedChar
2021-11-21T23:53:22,437|[TRACE] graph - <----- statementPart
2021-11-21T23:53:22,437|[TRACE] graph - -----> statementPart
2021-11-21T23:53:22,437|[TRACE] graph - -------> nonSkippedSpace
2021-11-21T23:53:22,437|[TRACE] script - #out(` `) [token]
2021-11-21T23:53:22,437|[TRACE] graph - <------- nonSkippedSpace
2021-11-21T23:53:22,437|[TRACE] graph - <----- statementPart
2021-11-21T23:53:22,437|[TRACE] graph - -----> statementPart
2021-11-21T23:53:22,437|[TRACE] graph - -------> nonSkippedChar
2021-11-21T23:53:22,437|[TRACE] script - #out(`N`) [token]
2021-11-21T23:53:22,437|[TRACE] graph - <------- nonSkippedChar
2021-11-21T23:53:22,437|[TRACE] graph - <----- statementPart
2021-11-21T23:53:22,437|[TRACE] graph - -----> statementPart
2021-11-21T23:53:22,437|[TRACE] graph - -------> nonSkippedChar
2021-11-21T23:53:22,437|[TRACE] script - #out(`U`) [token]
2021-11-21T23:53:22,437|[TRACE] graph - <------- nonSkippedChar
2021-11-21T23:53:22,437|[TRACE] graph - <----- statementPart
2021-11-21T23:53:22,437|[TRACE] graph - -----> statementPart
2021-11-21T23:53:22,437|[TRACE] graph - -------> nonSkippedChar
2021-11-21T23:53:22,437|[TRACE] script - #out(`L`) [token]
2021-11-21T23:53:22,437|[TRACE] graph - <------- nonSkippedChar
2021-11-21T23:53:22,437|[TRACE] graph - <----- statementPart
2021-11-21T23:53:22,437|[TRACE] graph - -----> statementPart
2021-11-21T23:53:22,437|[TRACE] graph - -------> nonSkippedChar
2021-11-21T23:53:22,437|[TRACE] script - #out(`L`) [token]
2021-11-21T23:53:22,437|[TRACE] graph - <------- nonSkippedChar
2021-11-21T23:53:22,437|[TRACE] graph - <----- statementPart
2021-11-21T23:53:22,437|[TRACE] graph - -----> statementPart
2021-11-21T23:53:22,437|[TRACE] graph - -------> nonSkippedChar
2021-11-21T23:53:22,437|[TRACE] script - #out(`,`) [token]
2021-11-21T23:53:22,437|[TRACE] graph - <------- nonSkippedChar
2021-11-21T23:53:22,437|[TRACE] graph - <----- statementPart
2021-11-21T23:53:22,437|[TRACE] graph - -----> afterStatementPartNewline
2021-11-21T23:53:22,437|[TRACE] script - #out(` `) [text]
2021-11-21T23:53:22,437|[TRACE] graph - <----- afterStatementPartNewline
2021-11-21T23:53:22,437|[TRACE] graph - -----> statementPart
2021-11-21T23:53:22,437|[TRACE] graph - -------> nonSkippedSpace
2021-11-21T23:53:22,437|[TRACE] script - #out(` `) [token]
2021-11-21T23:53:22,437|[TRACE] graph - <------- nonSkippedSpace
2021-11-21T23:53:22,437|[TRACE] graph - <----- statementPart
2021-11-21T23:53:22,437|[TRACE] graph - -----> statementPart
2021-11-21T23:53:22,437|[TRACE] graph - -------> nonSkippedSpace
2021-11-21T23:53:22,437|[TRACE] script - #out(` `) [token]
2021-11-21T23:53:22,437|[TRACE] graph - <------- nonSkippedSpace
2021-11-21T23:53:22,437|[TRACE] graph - <----- statementPart
2021-11-21T23:53:22,437|[TRACE] graph - -----> statementPart
2021-11-21T23:53:22,437|[TRACE] graph - -------> quotedString
2021-11-21T23:53:22,437|[TRACE] script - #out(``created``) [token]
2021-11-21T23:53:22,437|[TRACE] graph - <------- quotedString
2021-11-21T23:53:22,437|[TRACE] graph - <----- statementPart
2021-11-21T23:53:22,437|[TRACE] graph - -----> statementPart
2021-11-21T23:53:22,437|[TRACE] graph - -------> nonSkippedSpace
2021-11-21T23:53:22,437|[TRACE] script - #out(` `) [token]
2021-11-21T23:53:22,437|[TRACE] graph - <------- nonSkippedSpace
2021-11-21T23:53:22,437|[TRACE] graph - <----- statementPart
2021-11-21T23:53:22,437|[TRACE] graph - -----> statementPart
2021-11-21T23:53:22,437|[TRACE] graph - -------> nonSkippedChar
2021-11-21T23:53:22,437|[TRACE] script - #out(`B`) [token]
2021-11-21T23:53:22,437|[TRACE] graph - <------- nonSkippedChar
2021-11-21T23:53:22,437|[TRACE] graph - <----- statementPart
2021-11-21T23:53:22,437|[TRACE] graph - -----> statementPart
2021-11-21T23:53:22,437|[TRACE] graph - -------> nonSkippedChar
2021-11-21T23:53:22,437|[TRACE] script - #out(`I`) [token]
2021-11-21T23:53:22,437|[TRACE] graph - <------- nonSkippedChar
2021-11-21T23:53:22,437|[TRACE] graph - <----- statementPart
2021-11-21T23:53:22,437|[TRACE] graph - -----> statementPart
2021-11-21T23:53:22,437|[TRACE] graph - -------> nonSkippedChar
2021-11-21T23:53:22,437|[TRACE] script - #out(`G`) [token]
2021-11-21T23:53:22,437|[TRACE] graph - <------- nonSkippedChar
2021-11-21T23:53:22,437|[TRACE] graph - <----- statementPart
2021-11-21T23:53:22,437|[TRACE] graph - -----> statementPart
2021-11-21T23:53:22,437|[TRACE] graph - -------> nonSkippedChar
2021-11-21T23:53:22,437|[TRACE] script - #out(`I`) [token]
2021-11-21T23:53:22,437|[TRACE] graph - <------- nonSkippedChar
2021-11-21T23:53:22,437|[TRACE] graph - <----- statementPart
2021-11-21T23:53:22,437|[TRACE] graph - -----> statementPart
2021-11-21T23:53:22,437|[TRACE] graph - -------> nonSkippedChar
2021-11-21T23:53:22,437|[TRACE] script - #out(`N`) [token]
2021-11-21T23:53:22,437|[TRACE] graph - <------- nonSkippedChar
2021-11-21T23:53:22,437|[TRACE] graph - <----- statementPart
2021-11-21T23:53:22,437|[TRACE] graph - -----> statementPart
2021-11-21T23:53:22,437|[TRACE] graph - -------> nonSkippedChar
2021-11-21T23:53:22,437|[TRACE] script - #out(`T`) [token]
2021-11-21T23:53:22,437|[TRACE] graph - <------- nonSkippedChar
2021-11-21T23:53:22,437|[TRACE] graph - <----- statementPart
2021-11-21T23:53:22,437|[TRACE] graph - -----> statementPart
2021-11-21T23:53:22,437|[TRACE] graph - -------> nonSkippedSpace
2021-11-21T23:53:22,437|[TRACE] script - #out(` `) [token]
2021-11-21T23:53:22,437|[TRACE] graph - <------- nonSkippedSpace
2021-11-21T23:53:22,437|[TRACE] graph - <----- statementPart
2021-11-21T23:53:22,437|[TRACE] graph - -----> statementPart
2021-11-21T23:53:22,437|[TRACE] graph - -------> nonSkippedChar
2021-11-21T23:53:22,437|[TRACE] script - #out(`N`) [token]
2021-11-21T23:53:22,437|[TRACE] graph - <------- nonSkippedChar
2021-11-21T23:53:22,437|[TRACE] graph - <----- statementPart
2021-11-21T23:53:22,437|[TRACE] graph - -----> statementPart
2021-11-21T23:53:22,437|[TRACE] graph - -------> nonSkippedChar
2021-11-21T23:53:22,437|[TRACE] script - #out(`O`) [token]
2021-11-21T23:53:22,437|[TRACE] graph - <------- nonSkippedChar
2021-11-21T23:53:22,437|[TRACE] graph - <----- statementPart
2021-11-21T23:53:22,479|[TRACE] graph - -----> statementPart
2021-11-21T23:53:22,479|[TRACE] graph - -------> nonSkippedChar
2021-11-21T23:53:22,479|[TRACE] script - #out(`T`) [token]
2021-11-21T23:53:22,479|[TRACE] graph - <------- nonSkippedChar
2021-11-21T23:53:22,479|[TRACE] graph - <----- statementPart
2021-11-21T23:53:22,479|[TRACE] graph - -----> statementPart
2021-11-21T23:53:22,479|[TRACE] graph - -------> nonSkippedSpace
2021-11-21T23:53:22,479|[TRACE] script - #out(` `) [token]
2021-11-21T23:53:22,479|[TRACE] graph - <------- nonSkippedSpace
2021-11-21T23:53:22,479|[TRACE] graph - <----- statementPart
2021-11-21T23:53:22,479|[TRACE] graph - -----> statementPart
2021-11-21T23:53:22,479|[TRACE] graph - -------> nonSkippedChar
2021-11-21T23:53:22,479|[TRACE] script - #out(`N`) [token]
2021-11-21T23:53:22,479|[TRACE] graph - <------- nonSkippedChar
2021-11-21T23:53:22,479|[TRACE] graph - <----- statementPart
2021-11-21T23:53:22,479|[TRACE] graph - -----> statementPart
2021-11-21T23:53:22,479|[TRACE] graph - -------> nonSkippedChar
2021-11-21T23:53:22,479|[TRACE] script - #out(`U`) [token]
2021-11-21T23:53:22,479|[TRACE] graph - <------- nonSkippedChar
2021-11-21T23:53:22,479|[TRACE] graph - <----- statementPart
2021-11-21T23:53:22,479|[TRACE] graph - -----> statementPart
2021-11-21T23:53:22,479|[TRACE] graph - -------> nonSkippedChar
2021-11-21T23:53:22,479|[TRACE] script - #out(`L`) [token]
2021-11-21T23:53:22,479|[TRACE] graph - <------- nonSkippedChar
2021-11-21T23:53:22,479|[TRACE] graph - <----- statementPart
2021-11-21T23:53:22,479|[TRACE] graph - -----> statementPart
2021-11-21T23:53:22,479|[TRACE] graph - -------> nonSkippedChar
2021-11-21T23:53:22,479|[TRACE] script - #out(`L`) [token]
2021-11-21T23:53:22,479|[TRACE] graph - <------- nonSkippedChar
2021-11-21T23:53:22,479|[TRACE] graph - <----- statementPart
2021-11-21T23:53:22,479|[TRACE] graph - -----> statementPart
2021-11-21T23:53:22,479|[TRACE] graph - -------> nonSkippedSpace
2021-11-21T23:53:22,479|[TRACE] script - #out(` `) [token]
2021-11-21T23:53:22,479|[TRACE] graph - <------- nonSkippedSpace
2021-11-21T23:53:22,479|[TRACE] graph - <----- statementPart
2021-11-21T23:53:22,479|[TRACE] graph - -----> statementPart
2021-11-21T23:53:22,479|[TRACE] graph - -------> nonSkippedChar
2021-11-21T23:53:22,479|[TRACE] script - #out(`D`) [token]
2021-11-21T23:53:22,479|[TRACE] graph - <------- nonSkippedChar
2021-11-21T23:53:22,479|[TRACE] graph - <----- statementPart
2021-11-21T23:53:22,479|[TRACE] graph - -----> statementPart
2021-11-21T23:53:22,479|[TRACE] graph - -------> nonSkippedChar
2021-11-21T23:53:22,479|[TRACE] script - #out(`E`) [token]
2021-11-21T23:53:22,479|[TRACE] graph - <------- nonSkippedChar
2021-11-21T23:53:22,479|[TRACE] graph - <----- statementPart
2021-11-21T23:53:22,479|[TRACE] graph - -----> statementPart
2021-11-21T23:53:22,479|[TRACE] graph - -------> nonSkippedChar
2021-11-21T23:53:22,479|[TRACE] script - #out(`F`) [token]
2021-11-21T23:53:22,479|[TRACE] graph - <------- nonSkippedChar
2021-11-21T23:53:22,479|[TRACE] graph - <----- statementPart
2021-11-21T23:53:22,479|[TRACE] graph - -----> statementPart
2021-11-21T23:53:22,479|[TRACE] graph - -------> nonSkippedChar
2021-11-21T23:53:22,479|[TRACE] script - #out(`A`) [token]
2021-11-21T23:53:22,479|[TRACE] graph - <------- nonSkippedChar
2021-11-21T23:53:22,480|[TRACE] graph - <----- statementPart
2021-11-21T23:53:22,480|[TRACE] graph - -----> statementPart
2021-11-21T23:53:22,480|[TRACE] graph - -------> nonSkippedChar
2021-11-21T23:53:22,480|[TRACE] script - #out(`U`) [token]
2021-11-21T23:53:22,480|[TRACE] graph - <------- nonSkippedChar
2021-11-21T23:53:22,480|[TRACE] graph - <----- statementPart
2021-11-21T23:53:22,480|[TRACE] graph - -----> statementPart
2021-11-21T23:53:22,480|[TRACE] graph - -------> nonSkippedChar
2021-11-21T23:53:22,480|[TRACE] script - #out(`L`) [token]
2021-11-21T23:53:22,480|[TRACE] graph - <------- nonSkippedChar
2021-11-21T23:53:22,480|[TRACE] graph - <----- statementPart
2021-11-21T23:53:22,480|[TRACE] graph - -----> statementPart
2021-11-21T23:53:22,480|[TRACE] graph - -------> nonSkippedChar
2021-11-21T23:53:22,480|[TRACE] script - #out(`T`) [token]
2021-11-21T23:53:22,480|[TRACE] graph - <------- nonSkippedChar
2021-11-21T23:53:22,480|[TRACE] graph - <----- statementPart
2021-11-21T23:53:22,480|[TRACE] graph - -----> statementPart
2021-11-21T23:53:22,480|[TRACE] graph - -------> nonSkippedSpace
2021-11-21T23:53:22,480|[TRACE] script - #out(` `) [token]
2021-11-21T23:53:22,480|[TRACE] graph - <------- nonSkippedSpace
2021-11-21T23:53:22,480|[TRACE] graph - <----- statementPart
2021-11-21T23:53:22,480|[TRACE] graph - -----> statementPart
2021-11-21T23:53:22,480|[TRACE] graph - -------> nonSkippedChar
2021-11-21T23:53:22,480|[TRACE] script - #out(`(`) [token]
2021-11-21T23:53:22,480|[TRACE] graph - <------- nonSkippedChar
2021-11-21T23:53:22,480|[TRACE] graph - <----- statementPart
2021-11-21T23:53:22,480|[TRACE] graph - -----> statementPart
2021-11-21T23:53:22,480|[TRACE] graph - -------> nonSkippedChar
2021-11-21T23:53:22,480|[TRACE] script - #out(`u`) [token]
2021-11-21T23:53:22,480|[TRACE] graph - <------- nonSkippedChar
2021-11-21T23:53:22,480|[TRACE] graph - <----- statementPart
2021-11-21T23:53:22,480|[TRACE] graph - -----> statementPart
2021-11-21T23:53:22,480|[TRACE] graph - -------> nonSkippedChar
2021-11-21T23:53:22,480|[TRACE] script - #out(`n`) [token]
2021-11-21T23:53:22,480|[TRACE] graph - <------- nonSkippedChar
2021-11-21T23:53:22,480|[TRACE] graph - <----- statementPart
2021-11-21T23:53:22,480|[TRACE] graph - -----> statementPart
2021-11-21T23:53:22,480|[TRACE] graph - -------> nonSkippedChar
2021-11-21T23:53:22,480|[TRACE] script - #out(`i`) [token]
2021-11-21T23:53:22,480|[TRACE] graph - <------- nonSkippedChar
2021-11-21T23:53:22,480|[TRACE] graph - <----- statementPart
2021-11-21T23:53:22,480|[TRACE] graph - -----> statementPart
2021-11-21T23:53:22,480|[TRACE] graph - -------> nonSkippedChar
2021-11-21T23:53:22,480|[TRACE] script - #out(`x`) [token]
2021-11-21T23:53:22,480|[TRACE] graph - <------- nonSkippedChar
2021-11-21T23:53:22,480|[TRACE] graph - <----- statementPart
2021-11-21T23:53:22,480|[TRACE] graph - -----> statementPart
2021-11-21T23:53:22,480|[TRACE] graph - -------> nonSkippedChar
2021-11-21T23:53:22,480|[TRACE] script - #out(`_`) [token]
2021-11-21T23:53:22,480|[TRACE] graph - <------- nonSkippedChar
2021-11-21T23:53:22,480|[TRACE] graph - <----- statementPart
2021-11-21T23:53:22,480|[TRACE] graph - -----> statementPart
2021-11-21T23:53:22,480|[TRACE] graph - -------> nonSkippedChar
2021-11-21T23:53:22,480|[TRACE] script - #out(`t`) [token]
2021-11-21T23:53:22,480|[TRACE] graph - <------- nonSkippedChar
2021-11-21T23:53:22,480|[TRACE] graph - <----- statementPart
2021-11-21T23:53:22,480|[TRACE] graph - -----> statementPart
2021-11-21T23:53:22,480|[TRACE] graph - -------> nonSkippedChar
2021-11-21T23:53:22,480|[TRACE] script - #out(`i`) [token]
2021-11-21T23:53:22,480|[TRACE] graph - <------- nonSkippedChar
2021-11-21T23:53:22,480|[TRACE] graph - <----- statementPart
2021-11-21T23:53:22,480|[TRACE] graph - -----> statementPart
2021-11-21T23:53:22,480|[TRACE] graph - -------> nonSkippedChar
2021-11-21T23:53:22,480|[TRACE] script - #out(`m`) [token]
2021-11-21T23:53:22,480|[TRACE] graph - <------- nonSkippedChar
2021-11-21T23:53:22,480|[TRACE] graph - <----- statementPart
2021-11-21T23:53:22,480|[TRACE] graph - -----> statementPart
2021-11-21T23:53:22,480|[TRACE] graph - -------> nonSkippedChar
2021-11-21T23:53:22,480|[TRACE] script - #out(`e`) [token]
2021-11-21T23:53:22,480|[TRACE] graph - <------- nonSkippedChar
2021-11-21T23:53:22,480|[TRACE] graph - <----- statementPart
2021-11-21T23:53:22,480|[TRACE] graph - -----> statementPart
2021-11-21T23:53:22,480|[TRACE] graph - -------> nonSkippedChar
2021-11-21T23:53:22,480|[TRACE] script - #out(`s`) [token]
2021-11-21T23:53:22,480|[TRACE] graph - <------- nonSkippedChar
2021-11-21T23:53:22,480|[TRACE] graph - <----- statementPart
2021-11-21T23:53:22,480|[TRACE] graph - -----> statementPart
2021-11-21T23:53:22,480|[TRACE] graph - -------> nonSkippedChar
2021-11-21T23:53:22,480|[TRACE] script - #out(`t`) [token]
2021-11-21T23:53:22,480|[TRACE] graph - <------- nonSkippedChar
2021-11-21T23:53:22,480|[TRACE] graph - <----- statementPart
2021-11-21T23:53:22,480|[TRACE] graph - -----> statementPart
2021-11-21T23:53:22,480|[TRACE] graph - -------> nonSkippedChar
2021-11-21T23:53:22,480|[TRACE] script - #out(`a`) [token]
2021-11-21T23:53:22,480|[TRACE] graph - <------- nonSkippedChar
2021-11-21T23:53:22,480|[TRACE] graph - <----- statementPart
2021-11-21T23:53:22,480|[TRACE] graph - -----> statementPart
2021-11-21T23:53:22,480|[TRACE] graph - -------> nonSkippedChar
2021-11-21T23:53:22,480|[TRACE] script - #out(`m`) [token]
2021-11-21T23:53:22,480|[TRACE] graph - <------- nonSkippedChar
2021-11-21T23:53:22,480|[TRACE] graph - <----- statementPart
2021-11-21T23:53:22,480|[TRACE] graph - -----> statementPart
2021-11-21T23:53:22,480|[TRACE] graph - -------> nonSkippedChar
2021-11-21T23:53:22,480|[TRACE] script - #out(`p`) [token]
2021-11-21T23:53:22,480|[TRACE] graph - <------- nonSkippedChar
2021-11-21T23:53:22,480|[TRACE] graph - <----- statementPart
2021-11-21T23:53:22,480|[TRACE] graph - -----> statementPart
2021-11-21T23:53:22,480|[TRACE] graph - -------> nonSkippedChar
2021-11-21T23:53:22,480|[TRACE] script - #out(`(`) [token]
2021-11-21T23:53:22,480|[TRACE] graph - <------- nonSkippedChar
2021-11-21T23:53:22,480|[TRACE] graph - <----- statementPart
2021-11-21T23:53:22,480|[TRACE] graph - -----> statementPart
2021-11-21T23:53:22,480|[TRACE] graph - -------> nonSkippedChar
2021-11-21T23:53:22,480|[TRACE] script - #out(`n`) [token]
2021-11-21T23:53:22,480|[TRACE] graph - <------- nonSkippedChar
2021-11-21T23:53:22,480|[TRACE] graph - <----- statementPart
2021-11-21T23:53:22,480|[TRACE] graph - -----> statementPart
2021-11-21T23:53:22,480|[TRACE] graph - -------> nonSkippedChar
2021-11-21T23:53:22,480|[TRACE] script - #out(`o`) [token]
2021-11-21T23:53:22,480|[TRACE] graph - <------- nonSkippedChar
2021-11-21T23:53:22,480|[TRACE] graph - <----- statementPart
2021-11-21T23:53:22,480|[TRACE] graph - -----> statementPart
2021-11-21T23:53:22,480|[TRACE] graph - -------> nonSkippedChar
2021-11-21T23:53:22,480|[TRACE] script - #out(`w`) [token]
2021-11-21T23:53:22,480|[TRACE] graph - <------- nonSkippedChar
2021-11-21T23:53:22,480|[TRACE] graph - <----- statementPart
2021-11-21T23:53:22,480|[TRACE] graph - -----> statementPart
2021-11-21T23:53:22,480|[TRACE] graph - -------> nonSkippedChar
2021-11-21T23:53:22,480|[TRACE] script - #out(`(`) [token]
2021-11-21T23:53:22,480|[TRACE] graph - <------- nonSkippedChar
2021-11-21T23:53:22,480|[TRACE] graph - <----- statementPart
2021-11-21T23:53:22,480|[TRACE] graph - -----> statementPart
2021-11-21T23:53:22,480|[TRACE] graph - -------> nonSkippedChar
2021-11-21T23:53:22,480|[TRACE] script - #out(`)`) [token]
2021-11-21T23:53:22,480|[TRACE] graph - <------- nonSkippedChar
2021-11-21T23:53:22,480|[TRACE] graph - <----- statementPart
2021-11-21T23:53:22,480|[TRACE] graph - -----> statementPart
2021-11-21T23:53:22,480|[TRACE] graph - -------> nonSkippedChar
2021-11-21T23:53:22,480|[TRACE] script - #out(`)`) [token]
2021-11-21T23:53:22,480|[TRACE] graph - <------- nonSkippedChar
2021-11-21T23:53:22,480|[TRACE] graph - <----- statementPart
2021-11-21T23:53:22,480|[TRACE] graph - -----> statementPart
2021-11-21T23:53:22,480|[TRACE] graph - -------> nonSkippedSpace
2021-11-21T23:53:22,480|[TRACE] script - #out(` `) [token]
2021-11-21T23:53:22,480|[TRACE] graph - <------- nonSkippedSpace
2021-11-21T23:53:22,480|[TRACE] graph - <----- statementPart
2021-11-21T23:53:22,480|[TRACE] graph - -----> statementPart
2021-11-21T23:53:22,480|[TRACE] graph - -------> nonSkippedChar
2021-11-21T23:53:22,480|[TRACE] script - #out(`*`) [token]
2021-11-21T23:53:22,480|[TRACE] graph - <------- nonSkippedChar
2021-11-21T23:53:22,480|[TRACE] graph - <----- statementPart
2021-11-21T23:53:22,480|[TRACE] graph - -----> statementPart
2021-11-21T23:53:22,480|[TRACE] graph - -------> nonSkippedSpace
2021-11-21T23:53:22,480|[TRACE] script - #out(` `) [token]
2021-11-21T23:53:22,480|[TRACE] graph - <------- nonSkippedSpace
2021-11-21T23:53:22,480|[TRACE] graph - <----- statementPart
2021-11-21T23:53:22,480|[TRACE] graph - -----> statementPart
2021-11-21T23:53:22,480|[TRACE] graph - -------> nonSkippedChar
2021-11-21T23:53:22,480|[TRACE] script - #out(`1`) [token]
2021-11-21T23:53:22,480|[TRACE] graph - <------- nonSkippedChar
2021-11-21T23:53:22,480|[TRACE] graph - <----- statementPart
2021-11-21T23:53:22,480|[TRACE] graph - -----> statementPart
2021-11-21T23:53:22,480|[TRACE] graph - -------> nonSkippedChar
2021-11-21T23:53:22,480|[TRACE] script - #out(`0`) [token]
2021-11-21T23:53:22,480|[TRACE] graph - <------- nonSkippedChar
2021-11-21T23:53:22,480|[TRACE] graph - <----- statementPart
2021-11-21T23:53:22,480|[TRACE] graph - -----> statementPart
2021-11-21T23:53:22,480|[TRACE] graph - -------> nonSkippedChar
2021-11-21T23:53:22,480|[TRACE] script - #out(`0`) [token]
2021-11-21T23:53:22,480|[TRACE] graph - <------- nonSkippedChar
2021-11-21T23:53:22,480|[TRACE] graph - <----- statementPart
2021-11-21T23:53:22,480|[TRACE] graph - -----> statementPart
2021-11-21T23:53:22,480|[TRACE] graph - -------> nonSkippedChar
2021-11-21T23:53:22,480|[TRACE] script - #out(`0`) [token]
2021-11-21T23:53:22,480|[TRACE] graph - <------- nonSkippedChar
2021-11-21T23:53:22,480|[TRACE] graph - <----- statementPart
2021-11-21T23:53:22,480|[TRACE] graph - -----> statementPart
2021-11-21T23:53:22,480|[TRACE] graph - -------> nonSkippedChar
2021-11-21T23:53:22,480|[TRACE] script - #out(`)`) [token]
2021-11-21T23:53:22,480|[TRACE] graph - <------- nonSkippedChar
2021-11-21T23:53:22,480|[TRACE] graph - <----- statementPart
2021-11-21T23:53:22,480|[TRACE] graph - -----> statementPart
2021-11-21T23:53:22,480|[TRACE] graph - -------> nonSkippedChar
2021-11-21T23:53:22,480|[TRACE] script - #out(`,`) [token]
2021-11-21T23:53:22,480|[TRACE] graph - <------- nonSkippedChar
2021-11-21T23:53:22,480|[TRACE] graph - <----- statementPart
2021-11-21T23:53:22,480|[TRACE] graph - -----> afterStatementPartNewline
2021-11-21T23:53:22,480|[TRACE] script - #out(` `) [text]
2021-11-21T23:53:22,480|[TRACE] graph - <----- afterStatementPartNewline
2021-11-21T23:53:22,480|[TRACE] graph - -----> statementPart
2021-11-21T23:53:22,480|[TRACE] graph - -------> nonSkippedSpace
2021-11-21T23:53:22,480|[TRACE] script - #out(` `) [token]
2021-11-21T23:53:22,480|[TRACE] graph - <------- nonSkippedSpace
2021-11-21T23:53:22,480|[TRACE] graph - <----- statementPart
2021-11-21T23:53:22,480|[TRACE] graph - -----> statementPart
2021-11-21T23:53:22,480|[TRACE] graph - -------> nonSkippedSpace
2021-11-21T23:53:22,480|[TRACE] script - #out(` `) [token]
2021-11-21T23:53:22,480|[TRACE] graph - <------- nonSkippedSpace
2021-11-21T23:53:22,480|[TRACE] graph - <----- statementPart
2021-11-21T23:53:22,480|[TRACE] graph - -----> statementPart
2021-11-21T23:53:22,480|[TRACE] graph - -------> quotedString
2021-11-21T23:53:22,480|[TRACE] script - #out(``updated``) [token]
2021-11-21T23:53:22,480|[TRACE] graph - <------- quotedString
2021-11-21T23:53:22,480|[TRACE] graph - <----- statementPart
2021-11-21T23:53:22,480|[TRACE] graph - -----> statementPart
2021-11-21T23:53:22,480|[TRACE] graph - -------> nonSkippedSpace
2021-11-21T23:53:22,480|[TRACE] script - #out(` `) [token]
2021-11-21T23:53:22,480|[TRACE] graph - <------- nonSkippedSpace
2021-11-21T23:53:22,480|[TRACE] graph - <----- statementPart
2021-11-21T23:53:22,480|[TRACE] graph - -----> statementPart
2021-11-21T23:53:22,480|[TRACE] graph - -------> nonSkippedChar
2021-11-21T23:53:22,480|[TRACE] script - #out(`B`) [token]
2021-11-21T23:53:22,480|[TRACE] graph - <------- nonSkippedChar
2021-11-21T23:53:22,480|[TRACE] graph - <----- statementPart
2021-11-21T23:53:22,480|[TRACE] graph - -----> statementPart
2021-11-21T23:53:22,480|[TRACE] graph - -------> nonSkippedChar
2021-11-21T23:53:22,480|[TRACE] script - #out(`I`) [token]
2021-11-21T23:53:22,480|[TRACE] graph - <------- nonSkippedChar
2021-11-21T23:53:22,480|[TRACE] graph - <----- statementPart
2021-11-21T23:53:22,480|[TRACE] graph - -----> statementPart
2021-11-21T23:53:22,480|[TRACE] graph - -------> nonSkippedChar
2021-11-21T23:53:22,480|[TRACE] script - #out(`G`) [token]
2021-11-21T23:53:22,480|[TRACE] graph - <------- nonSkippedChar
2021-11-21T23:53:22,480|[TRACE] graph - <----- statementPart
2021-11-21T23:53:22,480|[TRACE] graph - -----> statementPart
2021-11-21T23:53:22,480|[TRACE] graph - -------> nonSkippedChar
2021-11-21T23:53:22,480|[TRACE] script - #out(`I`) [token]
2021-11-21T23:53:22,480|[TRACE] graph - <------- nonSkippedChar
2021-11-21T23:53:22,480|[TRACE] graph - <----- statementPart
2021-11-21T23:53:22,480|[TRACE] graph - -----> statementPart
2021-11-21T23:53:22,480|[TRACE] graph - -------> nonSkippedChar
2021-11-21T23:53:22,480|[TRACE] script - #out(`N`) [token]
2021-11-21T23:53:22,480|[TRACE] graph - <------- nonSkippedChar
2021-11-21T23:53:22,480|[TRACE] graph - <----- statementPart
2021-11-21T23:53:22,480|[TRACE] graph - -----> statementPart
2021-11-21T23:53:22,480|[TRACE] graph - -------> nonSkippedChar
2021-11-21T23:53:22,480|[TRACE] script - #out(`T`) [token]
2021-11-21T23:53:22,480|[TRACE] graph - <------- nonSkippedChar
2021-11-21T23:53:22,480|[TRACE] graph - <----- statementPart
2021-11-21T23:53:22,480|[TRACE] graph - -----> statementPart
2021-11-21T23:53:22,480|[TRACE] graph - -------> nonSkippedSpace
2021-11-21T23:53:22,480|[TRACE] script - #out(` `) [token]
2021-11-21T23:53:22,480|[TRACE] graph - <------- nonSkippedSpace
2021-11-21T23:53:22,480|[TRACE] graph - <----- statementPart
2021-11-21T23:53:22,480|[TRACE] graph - -----> statementPart
2021-11-21T23:53:22,480|[TRACE] graph - -------> nonSkippedChar
2021-11-21T23:53:22,480|[TRACE] script - #out(`N`) [token]
2021-11-21T23:53:22,480|[TRACE] graph - <------- nonSkippedChar
2021-11-21T23:53:22,480|[TRACE] graph - <----- statementPart
2021-11-21T23:53:22,480|[TRACE] graph - -----> statementPart
2021-11-21T23:53:22,480|[TRACE] graph - -------> nonSkippedChar
2021-11-21T23:53:22,480|[TRACE] script - #out(`O`) [token]
2021-11-21T23:53:22,480|[TRACE] graph - <------- nonSkippedChar
2021-11-21T23:53:22,480|[TRACE] graph - <----- statementPart
2021-11-21T23:53:22,480|[TRACE] graph - -----> statementPart
2021-11-21T23:53:22,480|[TRACE] graph - -------> nonSkippedChar
2021-11-21T23:53:22,480|[TRACE] script - #out(`T`) [token]
2021-11-21T23:53:22,480|[TRACE] graph - <------- nonSkippedChar
2021-11-21T23:53:22,480|[TRACE] graph - <----- statementPart
2021-11-21T23:53:22,480|[TRACE] graph - -----> statementPart
2021-11-21T23:53:22,480|[TRACE] graph - -------> nonSkippedSpace
2021-11-21T23:53:22,480|[TRACE] script - #out(` `) [token]
2021-11-21T23:53:22,480|[TRACE] graph - <------- nonSkippedSpace
2021-11-21T23:53:22,480|[TRACE] graph - <----- statementPart
2021-11-21T23:53:22,480|[TRACE] graph - -----> statementPart
2021-11-21T23:53:22,480|[TRACE] graph - -------> nonSkippedChar
2021-11-21T23:53:22,480|[TRACE] script - #out(`N`) [token]
2021-11-21T23:53:22,480|[TRACE] graph - <------- nonSkippedChar
2021-11-21T23:53:22,480|[TRACE] graph - <----- statementPart
2021-11-21T23:53:22,480|[TRACE] graph - -----> statementPart
2021-11-21T23:53:22,480|[TRACE] graph - -------> nonSkippedChar
2021-11-21T23:53:22,480|[TRACE] script - #out(`U`) [token]
2021-11-21T23:53:22,480|[TRACE] graph - <------- nonSkippedChar
2021-11-21T23:53:22,480|[TRACE] graph - <----- statementPart
2021-11-21T23:53:22,480|[TRACE] graph - -----> statementPart
2021-11-21T23:53:22,480|[TRACE] graph - -------> nonSkippedChar
2021-11-21T23:53:22,480|[TRACE] script - #out(`L`) [token]
2021-11-21T23:53:22,480|[TRACE] graph - <------- nonSkippedChar
2021-11-21T23:53:22,480|[TRACE] graph - <----- statementPart
2021-11-21T23:53:22,480|[TRACE] graph - -----> statementPart
2021-11-21T23:53:22,480|[TRACE] graph - -------> nonSkippedChar
2021-11-21T23:53:22,480|[TRACE] script - #out(`L`) [token]
2021-11-21T23:53:22,480|[TRACE] graph - <------- nonSkippedChar
2021-11-21T23:53:22,480|[TRACE] graph - <----- statementPart
2021-11-21T23:53:22,480|[TRACE] graph - -----> statementPart
2021-11-21T23:53:22,480|[TRACE] graph - -------> nonSkippedSpace
2021-11-21T23:53:22,480|[TRACE] script - #out(` `) [token]
2021-11-21T23:53:22,480|[TRACE] graph - <------- nonSkippedSpace
2021-11-21T23:53:22,480|[TRACE] graph - <----- statementPart
2021-11-21T23:53:22,480|[TRACE] graph - -----> statementPart
2021-11-21T23:53:22,480|[TRACE] graph - -------> nonSkippedChar
2021-11-21T23:53:22,480|[TRACE] script - #out(`D`) [token]
2021-11-21T23:53:22,480|[TRACE] graph - <------- nonSkippedChar
2021-11-21T23:53:22,480|[TRACE] graph - <----- statementPart
2021-11-21T23:53:22,480|[TRACE] graph - -----> statementPart
2021-11-21T23:53:22,480|[TRACE] graph - -------> nonSkippedChar
2021-11-21T23:53:22,480|[TRACE] script - #out(`E`) [token]
2021-11-21T23:53:22,480|[TRACE] graph - <------- nonSkippedChar
2021-11-21T23:53:22,480|[TRACE] graph - <----- statementPart
2021-11-21T23:53:22,480|[TRACE] graph - -----> statementPart
2021-11-21T23:53:22,480|[TRACE] graph - -------> nonSkippedChar
2021-11-21T23:53:22,480|[TRACE] script - #out(`F`) [token]
2021-11-21T23:53:22,480|[TRACE] graph - <------- nonSkippedChar
2021-11-21T23:53:22,480|[TRACE] graph - <----- statementPart
2021-11-21T23:53:22,480|[TRACE] graph - -----> statementPart
2021-11-21T23:53:22,480|[TRACE] graph - -------> nonSkippedChar
2021-11-21T23:53:22,480|[TRACE] script - #out(`A`) [token]
2021-11-21T23:53:22,480|[TRACE] graph - <------- nonSkippedChar
2021-11-21T23:53:22,480|[TRACE] graph - <----- statementPart
2021-11-21T23:53:22,480|[TRACE] graph - -----> statementPart
2021-11-21T23:53:22,480|[TRACE] graph - -------> nonSkippedChar
2021-11-21T23:53:22,480|[TRACE] script - #out(`U`) [token]
2021-11-21T23:53:22,480|[TRACE] graph - <------- nonSkippedChar
2021-11-21T23:53:22,480|[TRACE] graph - <----- statementPart
2021-11-21T23:53:22,480|[TRACE] graph - -----> statementPart
2021-11-21T23:53:22,480|[TRACE] graph - -------> nonSkippedChar
2021-11-21T23:53:22,480|[TRACE] script - #out(`L`) [token]
2021-11-21T23:53:22,480|[TRACE] graph - <------- nonSkippedChar
2021-11-21T23:53:22,480|[TRACE] graph - <----- statementPart
2021-11-21T23:53:22,480|[TRACE] graph - -----> statementPart
2021-11-21T23:53:22,480|[TRACE] graph - -------> nonSkippedChar
2021-11-21T23:53:22,480|[TRACE] script - #out(`T`) [token]
2021-11-21T23:53:22,480|[TRACE] graph - <------- nonSkippedChar
2021-11-21T23:53:22,480|[TRACE] graph - <----- statementPart
2021-11-21T23:53:22,480|[TRACE] graph - -----> statementPart
2021-11-21T23:53:22,480|[TRACE] graph - -------> nonSkippedSpace
2021-11-21T23:53:22,480|[TRACE] script - #out(` `) [token]
2021-11-21T23:53:22,480|[TRACE] graph - <------- nonSkippedSpace
2021-11-21T23:53:22,480|[TRACE] graph - <----- statementPart
2021-11-21T23:53:22,480|[TRACE] graph - -----> statementPart
2021-11-21T23:53:22,480|[TRACE] graph - -------> nonSkippedChar
2021-11-21T23:53:22,480|[TRACE] script - #out(`(`) [token]
2021-11-21T23:53:22,480|[TRACE] graph - <------- nonSkippedChar
2021-11-21T23:53:22,480|[TRACE] graph - <----- statementPart
2021-11-21T23:53:22,480|[TRACE] graph - -----> statementPart
2021-11-21T23:53:22,480|[TRACE] graph - -------> nonSkippedChar
2021-11-21T23:53:22,480|[TRACE] script - #out(`u`) [token]
2021-11-21T23:53:22,480|[TRACE] graph - <------- nonSkippedChar
2021-11-21T23:53:22,481|[TRACE] graph - <----- statementPart
2021-11-21T23:53:22,481|[TRACE] graph - -----> statementPart
2021-11-21T23:53:22,481|[TRACE] graph - -------> nonSkippedChar
2021-11-21T23:53:22,481|[TRACE] script - #out(`n`) [token]
2021-11-21T23:53:22,481|[TRACE] graph - <------- nonSkippedChar
2021-11-21T23:53:22,481|[TRACE] graph - <----- statementPart
2021-11-21T23:53:22,481|[TRACE] graph - -----> statementPart
2021-11-21T23:53:22,481|[TRACE] graph - -------> nonSkippedChar
2021-11-21T23:53:22,481|[TRACE] script - #out(`i`) [token]
2021-11-21T23:53:22,481|[TRACE] graph - <------- nonSkippedChar
2021-11-21T23:53:22,481|[TRACE] graph - <----- statementPart
2021-11-21T23:53:22,481|[TRACE] graph - -----> statementPart
2021-11-21T23:53:22,481|[TRACE] graph - -------> nonSkippedChar
2021-11-21T23:53:22,481|[TRACE] script - #out(`x`) [token]
2021-11-21T23:53:22,481|[TRACE] graph - <------- nonSkippedChar
2021-11-21T23:53:22,481|[TRACE] graph - <----- statementPart
2021-11-21T23:53:22,481|[TRACE] graph - -----> statementPart
2021-11-21T23:53:22,481|[TRACE] graph - -------> nonSkippedChar
2021-11-21T23:53:22,481|[TRACE] script - #out(`_`) [token]
2021-11-21T23:53:22,481|[TRACE] graph - <------- nonSkippedChar
2021-11-21T23:53:22,481|[TRACE] graph - <----- statementPart
2021-11-21T23:53:22,481|[TRACE] graph - -----> statementPart
2021-11-21T23:53:22,481|[TRACE] graph - -------> nonSkippedChar
2021-11-21T23:53:22,481|[TRACE] script - #out(`t`) [token]
2021-11-21T23:53:22,481|[TRACE] graph - <------- nonSkippedChar
2021-11-21T23:53:22,481|[TRACE] graph - <----- statementPart
2021-11-21T23:53:22,481|[TRACE] graph - -----> statementPart
2021-11-21T23:53:22,481|[TRACE] graph - -------> nonSkippedChar
2021-11-21T23:53:22,481|[TRACE] script - #out(`i`) [token]
2021-11-21T23:53:22,481|[TRACE] graph - <------- nonSkippedChar
2021-11-21T23:53:22,481|[TRACE] graph - <----- statementPart
2021-11-21T23:53:22,481|[TRACE] graph - -----> statementPart
2021-11-21T23:53:22,481|[TRACE] graph - -------> nonSkippedChar
2021-11-21T23:53:22,481|[TRACE] script - #out(`m`) [token]
2021-11-21T23:53:22,481|[TRACE] graph - <------- nonSkippedChar
2021-11-21T23:53:22,481|[TRACE] graph - <----- statementPart
2021-11-21T23:53:22,481|[TRACE] graph - -----> statementPart
2021-11-21T23:53:22,481|[TRACE] graph - -------> nonSkippedChar
2021-11-21T23:53:22,481|[TRACE] script - #out(`e`) [token]
2021-11-21T23:53:22,481|[TRACE] graph - <------- nonSkippedChar
2021-11-21T23:53:22,481|[TRACE] graph - <----- statementPart
2021-11-21T23:53:22,481|[TRACE] graph - -----> statementPart
2021-11-21T23:53:22,481|[TRACE] graph - -------> nonSkippedChar
2021-11-21T23:53:22,481|[TRACE] script - #out(`s`) [token]
2021-11-21T23:53:22,481|[TRACE] graph - <------- nonSkippedChar
2021-11-21T23:53:22,481|[TRACE] graph - <----- statementPart
2021-11-21T23:53:22,481|[TRACE] graph - -----> statementPart
2021-11-21T23:53:22,481|[TRACE] graph - -------> nonSkippedChar
2021-11-21T23:53:22,481|[TRACE] script - #out(`t`) [token]
2021-11-21T23:53:22,481|[TRACE] graph - <------- nonSkippedChar
2021-11-21T23:53:22,481|[TRACE] graph - <----- statementPart
2021-11-21T23:53:22,481|[TRACE] graph - -----> statementPart
2021-11-21T23:53:22,481|[TRACE] graph - -------> nonSkippedChar
2021-11-21T23:53:22,481|[TRACE] script - #out(`a`) [token]
2021-11-21T23:53:22,481|[TRACE] graph - <------- nonSkippedChar
2021-11-21T23:53:22,481|[TRACE] graph - <----- statementPart
2021-11-21T23:53:22,481|[TRACE] graph - -----> statementPart
2021-11-21T23:53:22,481|[TRACE] graph - -------> nonSkippedChar
2021-11-21T23:53:22,481|[TRACE] script - #out(`m`) [token]
2021-11-21T23:53:22,481|[TRACE] graph - <------- nonSkippedChar
2021-11-21T23:53:22,481|[TRACE] graph - <----- statementPart
2021-11-21T23:53:22,481|[TRACE] graph - -----> statementPart
2021-11-21T23:53:22,481|[TRACE] graph - -------> nonSkippedChar
2021-11-21T23:53:22,481|[TRACE] script - #out(`p`) [token]
2021-11-21T23:53:22,481|[TRACE] graph - <------- nonSkippedChar
2021-11-21T23:53:22,481|[TRACE] graph - <----- statementPart
2021-11-21T23:53:22,481|[TRACE] graph - -----> statementPart
2021-11-21T23:53:22,481|[TRACE] graph - -------> nonSkippedChar
2021-11-21T23:53:22,481|[TRACE] script - #out(`(`) [token]
2021-11-21T23:53:22,481|[TRACE] graph - <------- nonSkippedChar
2021-11-21T23:53:22,481|[TRACE] graph - <----- statementPart
2021-11-21T23:53:22,481|[TRACE] graph - -----> statementPart
2021-11-21T23:53:22,481|[TRACE] graph - -------> nonSkippedChar
2021-11-21T23:53:22,481|[TRACE] script - #out(`n`) [token]
2021-11-21T23:53:22,481|[TRACE] graph - <------- nonSkippedChar
2021-11-21T23:53:22,481|[TRACE] graph - <----- statementPart
2021-11-21T23:53:22,481|[TRACE] graph - -----> statementPart
2021-11-21T23:53:22,481|[TRACE] graph - -------> nonSkippedChar
2021-11-21T23:53:22,481|[TRACE] script - #out(`o`) [token]
2021-11-21T23:53:22,481|[TRACE] graph - <------- nonSkippedChar
2021-11-21T23:53:22,481|[TRACE] graph - <----- statementPart
2021-11-21T23:53:22,481|[TRACE] graph - -----> statementPart
2021-11-21T23:53:22,481|[TRACE] graph - -------> nonSkippedChar
2021-11-21T23:53:22,529|[TRACE] script - #out(`w`) [token]
2021-11-21T23:53:22,529|[TRACE] graph - <------- nonSkippedChar
2021-11-21T23:53:22,529|[TRACE] graph - <----- statementPart
2021-11-21T23:53:22,529|[TRACE] graph - -----> statementPart
2021-11-21T23:53:22,529|[TRACE] graph - -------> nonSkippedChar
2021-11-21T23:53:22,529|[TRACE] script - #out(`(`) [token]
2021-11-21T23:53:22,529|[TRACE] graph - <------- nonSkippedChar
2021-11-21T23:53:22,529|[TRACE] graph - <----- statementPart
2021-11-21T23:53:22,529|[TRACE] graph - -----> statementPart
2021-11-21T23:53:22,529|[TRACE] graph - -------> nonSkippedChar
2021-11-21T23:53:22,529|[TRACE] script - #out(`)`) [token]
2021-11-21T23:53:22,529|[TRACE] graph - <------- nonSkippedChar
2021-11-21T23:53:22,529|[TRACE] graph - <----- statementPart
2021-11-21T23:53:22,529|[TRACE] graph - -----> statementPart
2021-11-21T23:53:22,529|[TRACE] graph - -------> nonSkippedChar
2021-11-21T23:53:22,529|[TRACE] script - #out(`)`) [token]
2021-11-21T23:53:22,529|[TRACE] graph - <------- nonSkippedChar
2021-11-21T23:53:22,529|[TRACE] graph - <----- statementPart
2021-11-21T23:53:22,529|[TRACE] graph - -----> statementPart
2021-11-21T23:53:22,529|[TRACE] graph - -------> nonSkippedSpace
2021-11-21T23:53:22,529|[TRACE] script - #out(` `) [token]
2021-11-21T23:53:22,529|[TRACE] graph - <------- nonSkippedSpace
2021-11-21T23:53:22,529|[TRACE] graph - <----- statementPart
2021-11-21T23:53:22,529|[TRACE] graph - -----> statementPart
2021-11-21T23:53:22,529|[TRACE] graph - -------> nonSkippedChar
2021-11-21T23:53:22,529|[TRACE] script - #out(`*`) [token]
2021-11-21T23:53:22,529|[TRACE] graph - <------- nonSkippedChar
2021-11-21T23:53:22,529|[TRACE] graph - <----- statementPart
2021-11-21T23:53:22,529|[TRACE] graph - -----> statementPart
2021-11-21T23:53:22,529|[TRACE] graph - -------> nonSkippedSpace
2021-11-21T23:53:22,529|[TRACE] script - #out(` `) [token]
2021-11-21T23:53:22,529|[TRACE] graph - <------- nonSkippedSpace
2021-11-21T23:53:22,529|[TRACE] graph - <----- statementPart
2021-11-21T23:53:22,529|[TRACE] graph - -----> statementPart
2021-11-21T23:53:22,529|[TRACE] graph - -------> nonSkippedChar
2021-11-21T23:53:22,529|[TRACE] script - #out(`1`) [token]
2021-11-21T23:53:22,529|[TRACE] graph - <------- nonSkippedChar
2021-11-21T23:53:22,529|[TRACE] graph - <----- statementPart
2021-11-21T23:53:22,529|[TRACE] graph - -----> statementPart
2021-11-21T23:53:22,529|[TRACE] graph - -------> nonSkippedChar
2021-11-21T23:53:22,529|[TRACE] script - #out(`0`) [token]
2021-11-21T23:53:22,529|[TRACE] graph - <------- nonSkippedChar
2021-11-21T23:53:22,529|[TRACE] graph - <----- statementPart
2021-11-21T23:53:22,529|[TRACE] graph - -----> statementPart
2021-11-21T23:53:22,529|[TRACE] graph - -------> nonSkippedChar
2021-11-21T23:53:22,529|[TRACE] script - #out(`0`) [token]
2021-11-21T23:53:22,529|[TRACE] graph - <------- nonSkippedChar
2021-11-21T23:53:22,529|[TRACE] graph - <----- statementPart
2021-11-21T23:53:22,529|[TRACE] graph - -----> statementPart
2021-11-21T23:53:22,529|[TRACE] graph - -------> nonSkippedChar
2021-11-21T23:53:22,529|[TRACE] script - #out(`0`) [token]
2021-11-21T23:53:22,529|[TRACE] graph - <------- nonSkippedChar
2021-11-21T23:53:22,529|[TRACE] graph - <----- statementPart
2021-11-21T23:53:22,529|[TRACE] graph - -----> statementPart
2021-11-21T23:53:22,529|[TRACE] graph - -------> nonSkippedChar
2021-11-21T23:53:22,529|[TRACE] script - #out(`)`) [token]
2021-11-21T23:53:22,529|[TRACE] graph - <------- nonSkippedChar
2021-11-21T23:53:22,529|[TRACE] graph - <----- statementPart
2021-11-21T23:53:22,529|[TRACE] graph - -----> statementPart
2021-11-21T23:53:22,529|[TRACE] graph - -------> nonSkippedChar
2021-11-21T23:53:22,529|[TRACE] script - #out(`,`) [token]
2021-11-21T23:53:22,529|[TRACE] graph - <------- nonSkippedChar
2021-11-21T23:53:22,529|[TRACE] graph - <----- statementPart
2021-11-21T23:53:22,529|[TRACE] graph - -----> afterStatementPartNewline
2021-11-21T23:53:22,529|[TRACE] script - #out(` `) [text]
2021-11-21T23:53:22,529|[TRACE] graph - <----- afterStatementPartNewline
2021-11-21T23:53:22,529|[TRACE] graph - -----> statementPart
2021-11-21T23:53:22,529|[TRACE] graph - -------> nonSkippedSpace
2021-11-21T23:53:22,529|[TRACE] script - #out(` `) [token]
2021-11-21T23:53:22,529|[TRACE] graph - <------- nonSkippedSpace
2021-11-21T23:53:22,529|[TRACE] graph - <----- statementPart
2021-11-21T23:53:22,529|[TRACE] graph - -----> statementPart
2021-11-21T23:53:22,529|[TRACE] graph - -------> nonSkippedSpace
2021-11-21T23:53:22,529|[TRACE] script - #out(` `) [token]
2021-11-21T23:53:22,529|[TRACE] graph - <------- nonSkippedSpace
2021-11-21T23:53:22,529|[TRACE] graph - <----- statementPart
2021-11-21T23:53:22,529|[TRACE] graph - -----> statementPart
2021-11-21T23:53:22,529|[TRACE] graph - -------> quotedString
2021-11-21T23:53:22,529|[TRACE] script - #out(``version``) [token]
2021-11-21T23:53:22,529|[TRACE] graph - <------- quotedString
2021-11-21T23:53:22,529|[TRACE] graph - <----- statementPart
2021-11-21T23:53:22,529|[TRACE] graph - -----> statementPart
2021-11-21T23:53:22,529|[TRACE] graph - -------> nonSkippedSpace
2021-11-21T23:53:22,529|[TRACE] script - #out(` `) [token]
2021-11-21T23:53:22,529|[TRACE] graph - <------- nonSkippedSpace
2021-11-21T23:53:22,529|[TRACE] graph - <----- statementPart
2021-11-21T23:53:22,529|[TRACE] graph - -----> statementPart
2021-11-21T23:53:22,529|[TRACE] graph - -------> nonSkippedChar
2021-11-21T23:53:22,529|[TRACE] script - #out(`I`) [token]
2021-11-21T23:53:22,529|[TRACE] graph - <------- nonSkippedChar
2021-11-21T23:53:22,529|[TRACE] graph - <----- statementPart
2021-11-21T23:53:22,529|[TRACE] graph - -----> statementPart
2021-11-21T23:53:22,529|[TRACE] graph - -------> nonSkippedChar
2021-11-21T23:53:22,529|[TRACE] script - #out(`N`) [token]
2021-11-21T23:53:22,529|[TRACE] graph - <------- nonSkippedChar
2021-11-21T23:53:22,529|[TRACE] graph - <----- statementPart
2021-11-21T23:53:22,529|[TRACE] graph - -----> statementPart
2021-11-21T23:53:22,529|[TRACE] graph - -------> nonSkippedChar
2021-11-21T23:53:22,529|[TRACE] script - #out(`T`) [token]
2021-11-21T23:53:22,529|[TRACE] graph - <------- nonSkippedChar
2021-11-21T23:53:22,529|[TRACE] graph - <----- statementPart
2021-11-21T23:53:22,529|[TRACE] graph - -----> statementPart
2021-11-21T23:53:22,529|[TRACE] graph - -------> nonSkippedSpace
2021-11-21T23:53:22,529|[TRACE] script - #out(` `) [token]
2021-11-21T23:53:22,529|[TRACE] graph - <------- nonSkippedSpace
2021-11-21T23:53:22,529|[TRACE] graph - <----- statementPart
2021-11-21T23:53:22,529|[TRACE] graph - -----> statementPart
2021-11-21T23:53:22,529|[TRACE] graph - -------> nonSkippedChar
2021-11-21T23:53:22,529|[TRACE] script - #out(`N`) [token]
2021-11-21T23:53:22,529|[TRACE] graph - <------- nonSkippedChar
2021-11-21T23:53:22,529|[TRACE] graph - <----- statementPart
2021-11-21T23:53:22,529|[TRACE] graph - -----> statementPart
2021-11-21T23:53:22,529|[TRACE] graph - -------> nonSkippedChar
2021-11-21T23:53:22,529|[TRACE] script - #out(`O`) [token]
2021-11-21T23:53:22,529|[TRACE] graph - <------- nonSkippedChar
2021-11-21T23:53:22,529|[TRACE] graph - <----- statementPart
2021-11-21T23:53:22,529|[TRACE] graph - -----> statementPart
2021-11-21T23:53:22,529|[TRACE] graph - -------> nonSkippedChar
2021-11-21T23:53:22,529|[TRACE] script - #out(`T`) [token]
2021-11-21T23:53:22,529|[TRACE] graph - <------- nonSkippedChar
2021-11-21T23:53:22,529|[TRACE] graph - <----- statementPart
2021-11-21T23:53:22,529|[TRACE] graph - -----> statementPart
2021-11-21T23:53:22,529|[TRACE] graph - -------> nonSkippedSpace
2021-11-21T23:53:22,529|[TRACE] script - #out(` `) [token]
2021-11-21T23:53:22,529|[TRACE] graph - <------- nonSkippedSpace
2021-11-21T23:53:22,529|[TRACE] graph - <----- statementPart
2021-11-21T23:53:22,529|[TRACE] graph - -----> statementPart
2021-11-21T23:53:22,529|[TRACE] graph - -------> nonSkippedChar
2021-11-21T23:53:22,529|[TRACE] script - #out(`N`) [token]
2021-11-21T23:53:22,529|[TRACE] graph - <------- nonSkippedChar
2021-11-21T23:53:22,529|[TRACE] graph - <----- statementPart
2021-11-21T23:53:22,529|[TRACE] graph - -----> statementPart
2021-11-21T23:53:22,529|[TRACE] graph - -------> nonSkippedChar
2021-11-21T23:53:22,529|[TRACE] script - #out(`U`) [token]
2021-11-21T23:53:22,529|[TRACE] graph - <------- nonSkippedChar
2021-11-21T23:53:22,529|[TRACE] graph - <----- statementPart
2021-11-21T23:53:22,529|[TRACE] graph - -----> statementPart
2021-11-21T23:53:22,529|[TRACE] graph - -------> nonSkippedChar
2021-11-21T23:53:22,529|[TRACE] script - #out(`L`) [token]
2021-11-21T23:53:22,529|[TRACE] graph - <------- nonSkippedChar
2021-11-21T23:53:22,529|[TRACE] graph - <----- statementPart
2021-11-21T23:53:22,529|[TRACE] graph - -----> statementPart
2021-11-21T23:53:22,529|[TRACE] graph - -------> nonSkippedChar
2021-11-21T23:53:22,529|[TRACE] script - #out(`L`) [token]
2021-11-21T23:53:22,529|[TRACE] graph - <------- nonSkippedChar
2021-11-21T23:53:22,529|[TRACE] graph - <----- statementPart
2021-11-21T23:53:22,529|[TRACE] graph - -----> statementPart
2021-11-21T23:53:22,529|[TRACE] graph - -------> nonSkippedSpace
2021-11-21T23:53:22,529|[TRACE] script - #out(` `) [token]
2021-11-21T23:53:22,529|[TRACE] graph - <------- nonSkippedSpace
2021-11-21T23:53:22,529|[TRACE] graph - <----- statementPart
2021-11-21T23:53:22,529|[TRACE] graph - -----> statementPart
2021-11-21T23:53:22,529|[TRACE] graph - -------> nonSkippedChar
2021-11-21T23:53:22,529|[TRACE] script - #out(`D`) [token]
2021-11-21T23:53:22,529|[TRACE] graph - <------- nonSkippedChar
2021-11-21T23:53:22,529|[TRACE] graph - <----- statementPart
2021-11-21T23:53:22,529|[TRACE] graph - -----> statementPart
2021-11-21T23:53:22,529|[TRACE] graph - -------> nonSkippedChar
2021-11-21T23:53:22,529|[TRACE] script - #out(`E`) [token]
2021-11-21T23:53:22,529|[TRACE] graph - <------- nonSkippedChar
2021-11-21T23:53:22,529|[TRACE] graph - <----- statementPart
2021-11-21T23:53:22,529|[TRACE] graph - -----> statementPart
2021-11-21T23:53:22,529|[TRACE] graph - -------> nonSkippedChar
2021-11-21T23:53:22,529|[TRACE] script - #out(`F`) [token]
2021-11-21T23:53:22,529|[TRACE] graph - <------- nonSkippedChar
2021-11-21T23:53:22,529|[TRACE] graph - <----- statementPart
2021-11-21T23:53:22,529|[TRACE] graph - -----> statementPart
2021-11-21T23:53:22,529|[TRACE] graph - -------> nonSkippedChar
2021-11-21T23:53:22,529|[TRACE] script - #out(`A`) [token]
2021-11-21T23:53:22,529|[TRACE] graph - <------- nonSkippedChar
2021-11-21T23:53:22,529|[TRACE] graph - <----- statementPart
2021-11-21T23:53:22,529|[TRACE] graph - -----> statementPart
2021-11-21T23:53:22,529|[TRACE] graph - -------> nonSkippedChar
2021-11-21T23:53:22,530|[TRACE] script - #out(`U`) [token]
2021-11-21T23:53:22,530|[TRACE] graph - <------- nonSkippedChar
2021-11-21T23:53:22,530|[TRACE] graph - <----- statementPart
2021-11-21T23:53:22,530|[TRACE] graph - -----> statementPart
2021-11-21T23:53:22,530|[TRACE] graph - -------> nonSkippedChar
2021-11-21T23:53:22,530|[TRACE] script - #out(`L`) [token]
2021-11-21T23:53:22,530|[TRACE] graph - <------- nonSkippedChar
2021-11-21T23:53:22,530|[TRACE] graph - <----- statementPart
2021-11-21T23:53:22,530|[TRACE] graph - -----> statementPart
2021-11-21T23:53:22,530|[TRACE] graph - -------> nonSkippedChar
2021-11-21T23:53:22,530|[TRACE] script - #out(`T`) [token]
2021-11-21T23:53:22,530|[TRACE] graph - <------- nonSkippedChar
2021-11-21T23:53:22,530|[TRACE] graph - <----- statementPart
2021-11-21T23:53:22,530|[TRACE] graph - -----> statementPart
2021-11-21T23:53:22,530|[TRACE] graph - -------> nonSkippedSpace
2021-11-21T23:53:22,530|[TRACE] script - #out(` `) [token]
2021-11-21T23:53:22,530|[TRACE] graph - <------- nonSkippedSpace
2021-11-21T23:53:22,530|[TRACE] graph - <----- statementPart
2021-11-21T23:53:22,530|[TRACE] graph - -----> statementPart
2021-11-21T23:53:22,530|[TRACE] graph - -------> nonSkippedChar
2021-11-21T23:53:22,530|[TRACE] script - #out(`1`) [token]
2021-11-21T23:53:22,530|[TRACE] graph - <------- nonSkippedChar
2021-11-21T23:53:22,530|[TRACE] graph - <----- statementPart
2021-11-21T23:53:22,530|[TRACE] graph - -----> statementPart
2021-11-21T23:53:22,530|[TRACE] graph - -------> nonSkippedChar
2021-11-21T23:53:22,530|[TRACE] script - #out(`,`) [token]
2021-11-21T23:53:22,530|[TRACE] graph - <------- nonSkippedChar
2021-11-21T23:53:22,530|[TRACE] graph - <----- statementPart
2021-11-21T23:53:22,530|[TRACE] graph - -----> afterStatementPartNewline
2021-11-21T23:53:22,530|[TRACE] script - #out(` `) [text]
2021-11-21T23:53:22,530|[TRACE] graph - <----- afterStatementPartNewline
2021-11-21T23:53:22,530|[TRACE] graph - -----> statementPart
2021-11-21T23:53:22,530|[TRACE] graph - -------> nonSkippedSpace
2021-11-21T23:53:22,530|[TRACE] script - #out(` `) [token]
2021-11-21T23:53:22,530|[TRACE] graph - <------- nonSkippedSpace
2021-11-21T23:53:22,530|[TRACE] graph - <----- statementPart
2021-11-21T23:53:22,530|[TRACE] graph - -----> statementPart
2021-11-21T23:53:22,530|[TRACE] graph - -------> nonSkippedSpace
2021-11-21T23:53:22,530|[TRACE] script - #out(` `) [token]
2021-11-21T23:53:22,530|[TRACE] graph - <------- nonSkippedSpace
2021-11-21T23:53:22,530|[TRACE] graph - <----- statementPart
2021-11-21T23:53:22,530|[TRACE] graph - -----> statementPart
2021-11-21T23:53:22,530|[TRACE] graph - -------> nonSkippedChar
2021-11-21T23:53:22,530|[TRACE] script - #out(`P`) [token]
2021-11-21T23:53:22,530|[TRACE] graph - <------- nonSkippedChar
2021-11-21T23:53:22,530|[TRACE] graph - <----- statementPart
2021-11-21T23:53:22,530|[TRACE] graph - -----> statementPart
2021-11-21T23:53:22,530|[TRACE] graph - -------> nonSkippedChar
2021-11-21T23:53:22,530|[TRACE] script - #out(`R`) [token]
2021-11-21T23:53:22,530|[TRACE] graph - <------- nonSkippedChar
2021-11-21T23:53:22,530|[TRACE] graph - <----- statementPart
2021-11-21T23:53:22,530|[TRACE] graph - -----> statementPart
2021-11-21T23:53:22,530|[TRACE] graph - -------> nonSkippedChar
2021-11-21T23:53:22,530|[TRACE] script - #out(`I`) [token]
2021-11-21T23:53:22,530|[TRACE] graph - <------- nonSkippedChar
2021-11-21T23:53:22,530|[TRACE] graph - <----- statementPart
2021-11-21T23:53:22,530|[TRACE] graph - -----> statementPart
2021-11-21T23:53:22,530|[TRACE] graph - -------> nonSkippedChar
2021-11-21T23:53:22,530|[TRACE] script - #out(`M`) [token]
2021-11-21T23:53:22,530|[TRACE] graph - <------- nonSkippedChar
2021-11-21T23:53:22,530|[TRACE] graph - <----- statementPart
2021-11-21T23:53:22,530|[TRACE] graph - -----> statementPart
2021-11-21T23:53:22,530|[TRACE] graph - -------> nonSkippedChar
2021-11-21T23:53:22,530|[TRACE] script - #out(`A`) [token]
2021-11-21T23:53:22,530|[TRACE] graph - <------- nonSkippedChar
2021-11-21T23:53:22,530|[TRACE] graph - <----- statementPart
2021-11-21T23:53:22,530|[TRACE] graph - -----> statementPart
2021-11-21T23:53:22,530|[TRACE] graph - -------> nonSkippedChar
2021-11-21T23:53:22,530|[TRACE] script - #out(`R`) [token]
2021-11-21T23:53:22,530|[TRACE] graph - <------- nonSkippedChar
2021-11-21T23:53:22,530|[TRACE] graph - <----- statementPart
2021-11-21T23:53:22,530|[TRACE] graph - -----> statementPart
2021-11-21T23:53:22,530|[TRACE] graph - -------> nonSkippedChar
2021-11-21T23:53:22,530|[TRACE] script - #out(`Y`) [token]
2021-11-21T23:53:22,530|[TRACE] graph - <------- nonSkippedChar
2021-11-21T23:53:22,530|[TRACE] graph - <----- statementPart
2021-11-21T23:53:22,530|[TRACE] graph - -----> statementPart
2021-11-21T23:53:22,530|[TRACE] graph - -------> nonSkippedSpace
2021-11-21T23:53:22,530|[TRACE] script - #out(` `) [token]
2021-11-21T23:53:22,530|[TRACE] graph - <------- nonSkippedSpace
2021-11-21T23:53:22,530|[TRACE] graph - <----- statementPart
2021-11-21T23:53:22,530|[TRACE] graph - -----> statementPart
2021-11-21T23:53:22,530|[TRACE] graph - -------> nonSkippedChar
2021-11-21T23:53:22,530|[TRACE] script - #out(`K`) [token]
2021-11-21T23:53:22,530|[TRACE] graph - <------- nonSkippedChar
2021-11-21T23:53:22,530|[TRACE] graph - <----- statementPart
2021-11-21T23:53:22,530|[TRACE] graph - -----> statementPart
2021-11-21T23:53:22,530|[TRACE] graph - -------> nonSkippedChar
2021-11-21T23:53:22,530|[TRACE] script - #out(`E`) [token]
2021-11-21T23:53:22,530|[TRACE] graph - <------- nonSkippedChar
2021-11-21T23:53:22,530|[TRACE] graph - <----- statementPart
2021-11-21T23:53:22,530|[TRACE] graph - -----> statementPart
2021-11-21T23:53:22,530|[TRACE] graph - -------> nonSkippedChar
2021-11-21T23:53:22,530|[TRACE] script - #out(`Y`) [token]
2021-11-21T23:53:22,530|[TRACE] graph - <------- nonSkippedChar
2021-11-21T23:53:22,530|[TRACE] graph - <----- statementPart
2021-11-21T23:53:22,530|[TRACE] graph - -----> statementPart
2021-11-21T23:53:22,530|[TRACE] graph - -------> nonSkippedSpace
2021-11-21T23:53:22,530|[TRACE] script - #out(` `) [token]
2021-11-21T23:53:22,530|[TRACE] graph - <------- nonSkippedSpace
2021-11-21T23:53:22,530|[TRACE] graph - <----- statementPart
2021-11-21T23:53:22,530|[TRACE] graph - -----> statementPart
2021-11-21T23:53:22,530|[TRACE] graph - -------> nonSkippedChar
2021-11-21T23:53:22,530|[TRACE] script - #out(`(`) [token]
2021-11-21T23:53:22,530|[TRACE] graph - <------- nonSkippedChar
2021-11-21T23:53:22,530|[TRACE] graph - <----- statementPart
2021-11-21T23:53:22,530|[TRACE] graph - -----> statementPart
2021-11-21T23:53:22,530|[TRACE] graph - -------> quotedString
2021-11-21T23:53:22,530|[TRACE] script - #out(``bank_id``) [token]
2021-11-21T23:53:22,530|[TRACE] graph - <------- quotedString
2021-11-21T23:53:22,530|[TRACE] graph - <----- statementPart
2021-11-21T23:53:22,530|[TRACE] graph - -----> statementPart
2021-11-21T23:53:22,530|[TRACE] graph - -------> nonSkippedChar
2021-11-21T23:53:22,530|[TRACE] script - #out(`)`) [token]
2021-11-21T23:53:22,530|[TRACE] graph - <------- nonSkippedChar
2021-11-21T23:53:22,530|[TRACE] graph - <----- statementPart
2021-11-21T23:53:22,530|[TRACE] graph - -----> statementPart
2021-11-21T23:53:22,530|[TRACE] graph - -------> nonSkippedChar
2021-11-21T23:53:22,530|[TRACE] script - #out(`,`) [token]
2021-11-21T23:53:22,530|[TRACE] graph - <------- nonSkippedChar
2021-11-21T23:53:22,530|[TRACE] graph - <----- statementPart
2021-11-21T23:53:22,530|[TRACE] graph - -----> afterStatementPartNewline
2021-11-21T23:53:22,530|[TRACE] script - #out(` `) [text]
2021-11-21T23:53:22,530|[TRACE] graph - <----- afterStatementPartNewline
2021-11-21T23:53:22,530|[TRACE] graph - -----> statementPart
2021-11-21T23:53:22,530|[TRACE] graph - -------> nonSkippedSpace
2021-11-21T23:53:22,530|[TRACE] script - #out(` `) [token]
2021-11-21T23:53:22,530|[TRACE] graph - <------- nonSkippedSpace
2021-11-21T23:53:22,530|[TRACE] graph - <----- statementPart
2021-11-21T23:53:22,530|[TRACE] graph - -----> statementPart
2021-11-21T23:53:22,530|[TRACE] graph - -------> nonSkippedSpace
2021-11-21T23:53:22,530|[TRACE] script - #out(` `) [token]
2021-11-21T23:53:22,530|[TRACE] graph - <------- nonSkippedSpace
2021-11-21T23:53:22,530|[TRACE] graph - <----- statementPart
2021-11-21T23:53:22,530|[TRACE] graph - -----> statementPart
2021-11-21T23:53:22,530|[TRACE] graph - -------> nonSkippedChar
2021-11-21T23:53:22,530|[TRACE] script - #out(`U`) [token]
2021-11-21T23:53:22,530|[TRACE] graph - <------- nonSkippedChar
2021-11-21T23:53:22,530|[TRACE] graph - <----- statementPart
2021-11-21T23:53:22,530|[TRACE] graph - -----> statementPart
2021-11-21T23:53:22,530|[TRACE] graph - -------> nonSkippedChar
2021-11-21T23:53:22,530|[TRACE] script - #out(`N`) [token]
2021-11-21T23:53:22,530|[TRACE] graph - <------- nonSkippedChar
2021-11-21T23:53:22,530|[TRACE] graph - <----- statementPart
2021-11-21T23:53:22,530|[TRACE] graph - -----> statementPart
2021-11-21T23:53:22,530|[TRACE] graph - -------> nonSkippedChar
2021-11-21T23:53:22,530|[TRACE] script - #out(`I`) [token]
2021-11-21T23:53:22,530|[TRACE] graph - <------- nonSkippedChar
2021-11-21T23:53:22,530|[TRACE] graph - <----- statementPart
2021-11-21T23:53:22,530|[TRACE] graph - -----> statementPart
2021-11-21T23:53:22,530|[TRACE] graph - -------> nonSkippedChar
2021-11-21T23:53:22,530|[TRACE] script - #out(`Q`) [token]
2021-11-21T23:53:22,530|[TRACE] graph - <------- nonSkippedChar
2021-11-21T23:53:22,530|[TRACE] graph - <----- statementPart
2021-11-21T23:53:22,530|[TRACE] graph - -----> statementPart
2021-11-21T23:53:22,530|[TRACE] graph - -------> nonSkippedChar
2021-11-21T23:53:22,530|[TRACE] script - #out(`U`) [token]
2021-11-21T23:53:22,530|[TRACE] graph - <------- nonSkippedChar
2021-11-21T23:53:22,530|[TRACE] graph - <----- statementPart
2021-11-21T23:53:22,530|[TRACE] graph - -----> statementPart
2021-11-21T23:53:22,530|[TRACE] graph - -------> nonSkippedChar
2021-11-21T23:53:22,530|[TRACE] script - #out(`E`) [token]
2021-11-21T23:53:22,530|[TRACE] graph - <------- nonSkippedChar
2021-11-21T23:53:22,530|[TRACE] graph - <----- statementPart
2021-11-21T23:53:22,530|[TRACE] graph - -----> statementPart
2021-11-21T23:53:22,530|[TRACE] graph - -------> nonSkippedSpace
2021-11-21T23:53:22,530|[TRACE] script - #out(` `) [token]
2021-11-21T23:53:22,530|[TRACE] graph - <------- nonSkippedSpace
2021-11-21T23:53:22,530|[TRACE] graph - <----- statementPart
2021-11-21T23:53:22,530|[TRACE] graph - -----> statementPart
2021-11-21T23:53:22,530|[TRACE] graph - -------> nonSkippedChar
2021-11-21T23:53:22,530|[TRACE] script - #out(`I`) [token]
2021-11-21T23:53:22,530|[TRACE] graph - <------- nonSkippedChar
2021-11-21T23:53:22,530|[TRACE] graph - <----- statementPart
2021-11-21T23:53:22,530|[TRACE] graph - -----> statementPart
2021-11-21T23:53:22,530|[TRACE] graph - -------> nonSkippedChar
2021-11-21T23:53:22,530|[TRACE] script - #out(`N`) [token]
2021-11-21T23:53:22,530|[TRACE] graph - <------- nonSkippedChar
2021-11-21T23:53:22,530|[TRACE] graph - <----- statementPart
2021-11-21T23:53:22,530|[TRACE] graph - -----> statementPart
2021-11-21T23:53:22,530|[TRACE] graph - -------> nonSkippedChar
2021-11-21T23:53:22,530|[TRACE] script - #out(`D`) [token]
2021-11-21T23:53:22,530|[TRACE] graph - <------- nonSkippedChar
2021-11-21T23:53:22,530|[TRACE] graph - <----- statementPart
2021-11-21T23:53:22,530|[TRACE] graph - -----> statementPart
2021-11-21T23:53:22,530|[TRACE] graph - -------> nonSkippedChar
2021-11-21T23:53:22,530|[TRACE] script - #out(`E`) [token]
2021-11-21T23:53:22,530|[TRACE] graph - <------- nonSkippedChar
2021-11-21T23:53:22,530|[TRACE] graph - <----- statementPart
2021-11-21T23:53:22,530|[TRACE] graph - -----> statementPart
2021-11-21T23:53:22,530|[TRACE] graph - -------> nonSkippedChar
2021-11-21T23:53:22,530|[TRACE] script - #out(`X`) [token]
2021-11-21T23:53:22,530|[TRACE] graph - <------- nonSkippedChar
2021-11-21T23:53:22,530|[TRACE] graph - <----- statementPart
2021-11-21T23:53:22,530|[TRACE] graph - -----> statementPart
2021-11-21T23:53:22,530|[TRACE] graph - -------> nonSkippedSpace
2021-11-21T23:53:22,530|[TRACE] script - #out(` `) [token]
2021-11-21T23:53:22,530|[TRACE] graph - <------- nonSkippedSpace
2021-11-21T23:53:22,530|[TRACE] graph - <----- statementPart
2021-11-21T23:53:22,530|[TRACE] graph - -----> statementPart
2021-11-21T23:53:22,530|[TRACE] graph - -------> quotedString
2021-11-21T23:53:22,530|[TRACE] script - #out(``name_UNIQUE``) [token]
2021-11-21T23:53:22,530|[TRACE] graph - <------- quotedString
2021-11-21T23:53:22,530|[TRACE] graph - <----- statementPart
2021-11-21T23:53:22,530|[TRACE] graph - -----> statementPart
2021-11-21T23:53:22,530|[TRACE] graph - -------> nonSkippedSpace
2021-11-21T23:53:22,530|[TRACE] script - #out(` `) [token]
2021-11-21T23:53:22,530|[TRACE] graph - <------- nonSkippedSpace
2021-11-21T23:53:22,530|[TRACE] graph - <----- statementPart
2021-11-21T23:53:22,530|[TRACE] graph - -----> statementPart
2021-11-21T23:53:22,530|[TRACE] graph - -------> nonSkippedChar
2021-11-21T23:53:22,530|[TRACE] script - #out(`(`) [token]
2021-11-21T23:53:22,530|[TRACE] graph - <------- nonSkippedChar
2021-11-21T23:53:22,530|[TRACE] graph - <----- statementPart
2021-11-21T23:53:22,530|[TRACE] graph - -----> statementPart
2021-11-21T23:53:22,530|[TRACE] graph - -------> quotedString
2021-11-21T23:53:22,530|[TRACE] script - #out(``name``) [token]
2021-11-21T23:53:22,530|[TRACE] graph - <------- quotedString
2021-11-21T23:53:22,530|[TRACE] graph - <----- statementPart
2021-11-21T23:53:22,530|[TRACE] graph - -----> statementPart
2021-11-21T23:53:22,530|[TRACE] graph - -------> nonSkippedSpace
2021-11-21T23:53:22,530|[TRACE] script - #out(` `) [token]
2021-11-21T23:53:22,530|[TRACE] graph - <------- nonSkippedSpace
2021-11-21T23:53:22,530|[TRACE] graph - <----- statementPart
2021-11-21T23:53:22,530|[TRACE] graph - -----> statementPart
2021-11-21T23:53:22,530|[TRACE] graph - -------> nonSkippedChar
2021-11-21T23:53:22,530|[TRACE] script - #out(`A`) [token]
2021-11-21T23:53:22,530|[TRACE] graph - <------- nonSkippedChar
2021-11-21T23:53:22,530|[TRACE] graph - <----- statementPart
2021-11-21T23:53:22,530|[TRACE] graph - -----> statementPart
2021-11-21T23:53:22,530|[TRACE] graph - -------> nonSkippedChar
2021-11-21T23:53:22,530|[TRACE] script - #out(`S`) [token]
2021-11-21T23:53:22,530|[TRACE] graph - <------- nonSkippedChar
2021-11-21T23:53:22,530|[TRACE] graph - <----- statementPart
2021-11-21T23:53:22,530|[TRACE] graph - -----> statementPart
2021-11-21T23:53:22,530|[TRACE] graph - -------> nonSkippedChar
2021-11-21T23:53:22,530|[TRACE] script - #out(`C`) [token]
2021-11-21T23:53:22,530|[TRACE] graph - <------- nonSkippedChar
2021-11-21T23:53:22,530|[TRACE] graph - <----- statementPart
2021-11-21T23:53:22,530|[TRACE] graph - -----> statementPart
2021-11-21T23:53:22,530|[TRACE] graph - -------> nonSkippedChar
2021-11-21T23:53:22,530|[TRACE] script - #out(`)`) [token]
2021-11-21T23:53:22,530|[TRACE] graph - <------- nonSkippedChar
2021-11-21T23:53:22,530|[TRACE] graph - <----- statementPart
2021-11-21T23:53:22,530|[TRACE] graph - -----> statementPart
2021-11-21T23:53:22,530|[TRACE] graph - -------> nonSkippedSpace
2021-11-21T23:53:22,530|[TRACE] script - #out(` `) [token]
2021-11-21T23:53:22,530|[TRACE] graph - <------- nonSkippedSpace
2021-11-21T23:53:22,530|[TRACE] graph - <----- statementPart
2021-11-21T23:53:22,530|[TRACE] graph - -----> statementPart
2021-11-21T23:53:22,530|[TRACE] graph - -------> nonSkippedChar
2021-11-21T23:53:22,530|[TRACE] script - #out(`V`) [token]
2021-11-21T23:53:22,530|[TRACE] graph - <------- nonSkippedChar
2021-11-21T23:53:22,530|[TRACE] graph - <----- statementPart
2021-11-21T23:53:22,530|[TRACE] graph - -----> statementPart
2021-11-21T23:53:22,530|[TRACE] graph - -------> nonSkippedChar
2021-11-21T23:53:22,530|[TRACE] script - #out(`I`) [token]
2021-11-21T23:53:22,530|[TRACE] graph - <------- nonSkippedChar
2021-11-21T23:53:22,530|[TRACE] graph - <----- statementPart
2021-11-21T23:53:22,530|[TRACE] graph - -----> statementPart
2021-11-21T23:53:22,530|[TRACE] graph - -------> nonSkippedChar
2021-11-21T23:53:22,530|[TRACE] script - #out(`S`) [token]
2021-11-21T23:53:22,530|[TRACE] graph - <------- nonSkippedChar
2021-11-21T23:53:22,530|[TRACE] graph - <----- statementPart
2021-11-21T23:53:22,530|[TRACE] graph - -----> statementPart
2021-11-21T23:53:22,530|[TRACE] graph - -------> nonSkippedChar
2021-11-21T23:53:22,530|[TRACE] script - #out(`I`) [token]
2021-11-21T23:53:22,530|[TRACE] graph - <------- nonSkippedChar
2021-11-21T23:53:22,530|[TRACE] graph - <----- statementPart
2021-11-21T23:53:22,530|[TRACE] graph - -----> statementPart
2021-11-21T23:53:22,530|[TRACE] graph - -------> nonSkippedChar
2021-11-21T23:53:22,530|[TRACE] script - #out(`B`) [token]
2021-11-21T23:53:22,530|[TRACE] graph - <------- nonSkippedChar
2021-11-21T23:53:22,530|[TRACE] graph - <----- statementPart
2021-11-21T23:53:22,530|[TRACE] graph - -----> statementPart
2021-11-21T23:53:22,530|[TRACE] graph - -------> nonSkippedChar
2021-11-21T23:53:22,530|[TRACE] script - #out(`L`) [token]
2021-11-21T23:53:22,530|[TRACE] graph - <------- nonSkippedChar
2021-11-21T23:53:22,530|[TRACE] graph - <----- statementPart
2021-11-21T23:53:22,530|[TRACE] graph - -----> statementPart
2021-11-21T23:53:22,530|[TRACE] graph - -------> nonSkippedChar
2021-11-21T23:53:22,530|[TRACE] script - #out(`E`) [token]
2021-11-21T23:53:22,530|[TRACE] graph - <------- nonSkippedChar
2021-11-21T23:53:22,530|[TRACE] graph - <----- statementPart
2021-11-21T23:53:22,530|[TRACE] graph - -----> statementPart
2021-11-21T23:53:22,530|[TRACE] graph - -------> nonSkippedChar
2021-11-21T23:53:22,530|[TRACE] script - #out(`)`) [token]
2021-11-21T23:53:22,530|[TRACE] graph - <------- nonSkippedChar
2021-11-21T23:53:22,530|[TRACE] graph - <----- statementPart
2021-11-21T23:53:22,530|[TRACE] graph - -----> afterStatementPartNewline
2021-11-21T23:53:22,530|[TRACE] script - #out(` `) [text]
2021-11-21T23:53:22,598|[TRACE] graph - <----- afterStatementPartNewline
2021-11-21T23:53:22,598|[TRACE] graph - -----> statementPart
2021-11-21T23:53:22,598|[TRACE] graph - -------> nonSkippedChar
2021-11-21T23:53:22,598|[TRACE] script - #out(`E`) [token]
2021-11-21T23:53:22,598|[TRACE] graph - <------- nonSkippedChar
2021-11-21T23:53:22,598|[TRACE] graph - <----- statementPart
2021-11-21T23:53:22,598|[TRACE] graph - -----> statementPart
2021-11-21T23:53:22,598|[TRACE] graph - -------> nonSkippedChar
2021-11-21T23:53:22,598|[TRACE] script - #out(`N`) [token]
2021-11-21T23:53:22,598|[TRACE] graph - <------- nonSkippedChar
2021-11-21T23:53:22,598|[TRACE] graph - <----- statementPart
2021-11-21T23:53:22,598|[TRACE] graph - -----> statementPart
2021-11-21T23:53:22,598|[TRACE] graph - -------> nonSkippedChar
2021-11-21T23:53:22,598|[TRACE] script - #out(`G`) [token]
2021-11-21T23:53:22,598|[TRACE] graph - <------- nonSkippedChar
2021-11-21T23:53:22,598|[TRACE] graph - <----- statementPart
2021-11-21T23:53:22,598|[TRACE] graph - -----> statementPart
2021-11-21T23:53:22,598|[TRACE] graph - -------> nonSkippedChar
2021-11-21T23:53:22,598|[TRACE] script - #out(`I`) [token]
2021-11-21T23:53:22,598|[TRACE] graph - <------- nonSkippedChar
2021-11-21T23:53:22,598|[TRACE] graph - <----- statementPart
2021-11-21T23:53:22,598|[TRACE] graph - -----> statementPart
2021-11-21T23:53:22,598|[TRACE] graph - -------> nonSkippedChar
2021-11-21T23:53:22,598|[TRACE] script - #out(`N`) [token]
2021-11-21T23:53:22,598|[TRACE] graph - <------- nonSkippedChar
2021-11-21T23:53:22,598|[TRACE] graph - <----- statementPart
2021-11-21T23:53:22,598|[TRACE] graph - -----> statementPart
2021-11-21T23:53:22,598|[TRACE] graph - -------> nonSkippedChar
2021-11-21T23:53:22,598|[TRACE] script - #out(`E`) [token]
2021-11-21T23:53:22,598|[TRACE] graph - <------- nonSkippedChar
2021-11-21T23:53:22,598|[TRACE] graph - <----- statementPart
2021-11-21T23:53:22,598|[TRACE] graph - -----> statementPart
2021-11-21T23:53:22,598|[TRACE] graph - -------> nonSkippedSpace
2021-11-21T23:53:22,598|[TRACE] script - #out(` `) [token]
2021-11-21T23:53:22,598|[TRACE] graph - <------- nonSkippedSpace
2021-11-21T23:53:22,598|[TRACE] graph - <----- statementPart
2021-11-21T23:53:22,598|[TRACE] graph - -----> statementPart
2021-11-21T23:53:22,598|[TRACE] graph - -------> nonSkippedChar
2021-11-21T23:53:22,598|[TRACE] script - #out(`=`) [token]
2021-11-21T23:53:22,598|[TRACE] graph - <------- nonSkippedChar
2021-11-21T23:53:22,598|[TRACE] graph - <----- statementPart
2021-11-21T23:53:22,598|[TRACE] graph - -----> statementPart
2021-11-21T23:53:22,598|[TRACE] graph - -------> nonSkippedSpace
2021-11-21T23:53:22,598|[TRACE] script - #out(` `) [token]
2021-11-21T23:53:22,598|[TRACE] graph - <------- nonSkippedSpace
2021-11-21T23:53:22,598|[TRACE] graph - <----- statementPart
2021-11-21T23:53:22,598|[TRACE] graph - -----> statementPart
2021-11-21T23:53:22,598|[TRACE] graph - -------> nonSkippedChar
2021-11-21T23:53:22,598|[TRACE] script - #out(`I`) [token]
2021-11-21T23:53:22,598|[TRACE] graph - <------- nonSkippedChar
2021-11-21T23:53:22,598|[TRACE] graph - <----- statementPart
2021-11-21T23:53:22,598|[TRACE] graph - -----> statementPart
2021-11-21T23:53:22,598|[TRACE] graph - -------> nonSkippedChar
2021-11-21T23:53:22,598|[TRACE] script - #out(`n`) [token]
2021-11-21T23:53:22,598|[TRACE] graph - <------- nonSkippedChar
2021-11-21T23:53:22,598|[TRACE] graph - <----- statementPart
2021-11-21T23:53:22,598|[TRACE] graph - -----> statementPart
2021-11-21T23:53:22,598|[TRACE] graph - -------> nonSkippedChar
2021-11-21T23:53:22,598|[TRACE] script - #out(`n`) [token]
2021-11-21T23:53:22,598|[TRACE] graph - <------- nonSkippedChar
2021-11-21T23:53:22,598|[TRACE] graph - <----- statementPart
2021-11-21T23:53:22,598|[TRACE] graph - -----> statementPart
2021-11-21T23:53:22,598|[TRACE] graph - -------> nonSkippedChar
2021-11-21T23:53:22,598|[TRACE] script - #out(`o`) [token]
2021-11-21T23:53:22,598|[TRACE] graph - <------- nonSkippedChar
2021-11-21T23:53:22,598|[TRACE] graph - <----- statementPart
2021-11-21T23:53:22,598|[TRACE] graph - -----> statementPart
2021-11-21T23:53:22,598|[TRACE] graph - -------> nonSkippedChar
2021-11-21T23:53:22,598|[TRACE] script - #out(`D`) [token]
2021-11-21T23:53:22,598|[TRACE] graph - <------- nonSkippedChar
2021-11-21T23:53:22,598|[TRACE] graph - <----- statementPart
2021-11-21T23:53:22,598|[TRACE] graph - -----> statementPart
2021-11-21T23:53:22,598|[TRACE] graph - -------> nonSkippedChar
2021-11-21T23:53:22,598|[TRACE] script - #out(`B`) [token]
2021-11-21T23:53:22,598|[TRACE] graph - <------- nonSkippedChar
2021-11-21T23:53:22,598|[TRACE] graph - <----- statementPart
2021-11-21T23:53:22,598|[DEBUG] graph - Import statement : CREATE TABLE IF NOT EXISTS `bloodbank`.`blood_bank` (   `bank_id` INT NOT NULL AUTO_INCREMENT,   `name` VARCHAR(100) NOT NULL,   `privately_owned` BIT(1) NOT NULL,   `created` BIGINT NOT NULL DEFAULT (unix_timestamp(now()) * 1000),   `updated` BIGINT NOT NULL DEFAULT (unix_timestamp(now()) * 1000),   `version` INT NOT NULL DEFAULT 1,   PRIMARY KEY (`bank_id`),   UNIQUE INDEX `name_UNIQUE` (`name` ASC) VISIBLE) ENGINE = InnoDB
2021-11-21T23:53:22,598|[TRACE] graph - <--- statement
2021-11-21T23:53:22,598|[TRACE] graph - ---> blankSpacesToSkip
2021-11-21T23:53:22,598|[TRACE] graph - -----> newLineToSkip
2021-11-21T23:53:22,598|[TRACE] graph - <----- newLineToSkip
2021-11-21T23:53:22,598|[TRACE] graph - -----> newLineToSkip
2021-11-21T23:53:22,598|[TRACE] graph - <----- newLineToSkip
2021-11-21T23:53:22,598|[TRACE] graph - -----> newLineToSkip
2021-11-21T23:53:22,598|[TRACE] graph - <----- newLineToSkip
2021-11-21T23:53:22,598|[TRACE] graph - -----> newLineToSkip
2021-11-21T23:53:22,598|[TRACE] graph - <----- newLineToSkip
2021-11-21T23:53:22,598|[TRACE] graph - -----> newLineToSkip
2021-11-21T23:53:22,598|[TRACE] graph - <----- newLineToSkip
2021-11-21T23:53:22,598|[TRACE] graph - -----> newLineToSkip
2021-11-21T23:53:22,598|[TRACE] graph - <----- newLineToSkip
2021-11-21T23:53:22,598|[TRACE] graph - <--- blankSpacesToSkip
2021-11-21T23:53:22,598|[TRACE] graph - ---> statement
2021-11-21T23:53:22,598|[TRACE] graph - -----> statementFirstPart
2021-11-21T23:53:22,598|[TRACE] graph - -------> nonSkippedChar
2021-11-21T23:53:22,598|[TRACE] script - #out(`C`) [token]
2021-11-21T23:53:22,598|[TRACE] graph - <------- nonSkippedChar
2021-11-21T23:53:22,598|[TRACE] graph - <----- statementFirstPart
2021-11-21T23:53:22,598|[TRACE] graph - -----> statementPart
2021-11-21T23:53:22,598|[TRACE] graph - -------> nonSkippedChar
2021-11-21T23:53:22,598|[TRACE] script - #out(`R`) [token]
2021-11-21T23:53:22,598|[TRACE] graph - <------- nonSkippedChar
2021-11-21T23:53:22,598|[TRACE] graph - <----- statementPart
2021-11-21T23:53:22,598|[TRACE] graph - -----> statementPart
2021-11-21T23:53:22,598|[TRACE] graph - -------> nonSkippedChar
2021-11-21T23:53:22,598|[TRACE] script - #out(`E`) [token]
2021-11-21T23:53:22,598|[TRACE] graph - <------- nonSkippedChar
2021-11-21T23:53:22,598|[TRACE] graph - <----- statementPart
2021-11-21T23:53:22,598|[TRACE] graph - -----> statementPart
2021-11-21T23:53:22,598|[TRACE] graph - -------> nonSkippedChar
2021-11-21T23:53:22,598|[TRACE] script - #out(`A`) [token]
2021-11-21T23:53:22,598|[TRACE] graph - <------- nonSkippedChar
2021-11-21T23:53:22,598|[TRACE] graph - <----- statementPart
2021-11-21T23:53:22,598|[TRACE] graph - -----> statementPart
2021-11-21T23:53:22,598|[TRACE] graph - -------> nonSkippedChar
2021-11-21T23:53:22,598|[TRACE] script - #out(`T`) [token]
2021-11-21T23:53:22,598|[TRACE] graph - <------- nonSkippedChar
2021-11-21T23:53:22,598|[TRACE] graph - <----- statementPart
2021-11-21T23:53:22,598|[TRACE] graph - -----> statementPart
2021-11-21T23:53:22,598|[TRACE] graph - -------> nonSkippedChar
2021-11-21T23:53:22,598|[TRACE] script - #out(`E`) [token]
2021-11-21T23:53:22,598|[TRACE] graph - <------- nonSkippedChar
2021-11-21T23:53:22,598|[TRACE] graph - <----- statementPart
2021-11-21T23:53:22,598|[TRACE] graph - -----> statementPart
2021-11-21T23:53:22,598|[TRACE] graph - -------> nonSkippedSpace
2021-11-21T23:53:22,598|[TRACE] script - #out(` `) [token]
2021-11-21T23:53:22,598|[TRACE] graph - <------- nonSkippedSpace
2021-11-21T23:53:22,598|[TRACE] graph - <----- statementPart
2021-11-21T23:53:22,598|[TRACE] graph - -----> statementPart
2021-11-21T23:53:22,598|[TRACE] graph - -------> nonSkippedChar
2021-11-21T23:53:22,598|[TRACE] script - #out(`T`) [token]
2021-11-21T23:53:22,598|[TRACE] graph - <------- nonSkippedChar
2021-11-21T23:53:22,598|[TRACE] graph - <----- statementPart
2021-11-21T23:53:22,598|[TRACE] graph - -----> statementPart
2021-11-21T23:53:22,598|[TRACE] graph - -------> nonSkippedChar
2021-11-21T23:53:22,598|[TRACE] script - #out(`A`) [token]
2021-11-21T23:53:22,598|[TRACE] graph - <------- nonSkippedChar
2021-11-21T23:53:22,598|[TRACE] graph - <----- statementPart
2021-11-21T23:53:22,598|[TRACE] graph - -----> statementPart
2021-11-21T23:53:22,598|[TRACE] graph - -------> nonSkippedChar
2021-11-21T23:53:22,598|[TRACE] script - #out(`B`) [token]
2021-11-21T23:53:22,598|[TRACE] graph - <------- nonSkippedChar
2021-11-21T23:53:22,598|[TRACE] graph - <----- statementPart
2021-11-21T23:53:22,598|[TRACE] graph - -----> statementPart
2021-11-21T23:53:22,598|[TRACE] graph - -------> nonSkippedChar
2021-11-21T23:53:22,598|[TRACE] script - #out(`L`) [token]
2021-11-21T23:53:22,598|[TRACE] graph - <------- nonSkippedChar
2021-11-21T23:53:22,598|[TRACE] graph - <----- statementPart
2021-11-21T23:53:22,598|[TRACE] graph - -----> statementPart
2021-11-21T23:53:22,598|[TRACE] graph - -------> nonSkippedChar
2021-11-21T23:53:22,598|[TRACE] script - #out(`E`) [token]
2021-11-21T23:53:22,598|[TRACE] graph - <------- nonSkippedChar
2021-11-21T23:53:22,598|[TRACE] graph - <----- statementPart
2021-11-21T23:53:22,598|[TRACE] graph - -----> statementPart
2021-11-21T23:53:22,598|[TRACE] graph - -------> nonSkippedSpace
2021-11-21T23:53:22,598|[TRACE] script - #out(` `) [token]
2021-11-21T23:53:22,598|[TRACE] graph - <------- nonSkippedSpace
2021-11-21T23:53:22,598|[TRACE] graph - <----- statementPart
2021-11-21T23:53:22,598|[TRACE] graph - -----> statementPart
2021-11-21T23:53:22,598|[TRACE] graph - -------> nonSkippedChar
2021-11-21T23:53:22,598|[TRACE] script - #out(`I`) [token]
2021-11-21T23:53:22,598|[TRACE] graph - <------- nonSkippedChar
2021-11-21T23:53:22,598|[TRACE] graph - <----- statementPart
2021-11-21T23:53:22,598|[TRACE] graph - -----> statementPart
2021-11-21T23:53:22,598|[TRACE] graph - -------> nonSkippedChar
2021-11-21T23:53:22,598|[TRACE] script - #out(`F`) [token]
2021-11-21T23:53:22,598|[TRACE] graph - <------- nonSkippedChar
2021-11-21T23:53:22,598|[TRACE] graph - <----- statementPart
2021-11-21T23:53:22,598|[TRACE] graph - -----> statementPart
2021-11-21T23:53:22,598|[TRACE] graph - -------> nonSkippedSpace
2021-11-21T23:53:22,598|[TRACE] script - #out(` `) [token]
2021-11-21T23:53:22,598|[TRACE] graph - <------- nonSkippedSpace
2021-11-21T23:53:22,598|[TRACE] graph - <----- statementPart
2021-11-21T23:53:22,598|[TRACE] graph - -----> statementPart
2021-11-21T23:53:22,598|[TRACE] graph - -------> nonSkippedChar
2021-11-21T23:53:22,598|[TRACE] script - #out(`N`) [token]
2021-11-21T23:53:22,598|[TRACE] graph - <------- nonSkippedChar
2021-11-21T23:53:22,598|[TRACE] graph - <----- statementPart
2021-11-21T23:53:22,598|[TRACE] graph - -----> statementPart
2021-11-21T23:53:22,598|[TRACE] graph - -------> nonSkippedChar
2021-11-21T23:53:22,598|[TRACE] script - #out(`O`) [token]
2021-11-21T23:53:22,598|[TRACE] graph - <------- nonSkippedChar
2021-11-21T23:53:22,598|[TRACE] graph - <----- statementPart
2021-11-21T23:53:22,598|[TRACE] graph - -----> statementPart
2021-11-21T23:53:22,598|[TRACE] graph - -------> nonSkippedChar
2021-11-21T23:53:22,598|[TRACE] script - #out(`T`) [token]
2021-11-21T23:53:22,598|[TRACE] graph - <------- nonSkippedChar
2021-11-21T23:53:22,598|[TRACE] graph - <----- statementPart
2021-11-21T23:53:22,598|[TRACE] graph - -----> statementPart
2021-11-21T23:53:22,598|[TRACE] graph - -------> nonSkippedSpace
2021-11-21T23:53:22,598|[TRACE] script - #out(` `) [token]
2021-11-21T23:53:22,598|[TRACE] graph - <------- nonSkippedSpace
2021-11-21T23:53:22,598|[TRACE] graph - <----- statementPart
2021-11-21T23:53:22,598|[TRACE] graph - -----> statementPart
2021-11-21T23:53:22,598|[TRACE] graph - -------> nonSkippedChar
2021-11-21T23:53:22,598|[TRACE] script - #out(`E`) [token]
2021-11-21T23:53:22,598|[TRACE] graph - <------- nonSkippedChar
2021-11-21T23:53:22,598|[TRACE] graph - <----- statementPart
2021-11-21T23:53:22,598|[TRACE] graph - -----> statementPart
2021-11-21T23:53:22,598|[TRACE] graph - -------> nonSkippedChar
2021-11-21T23:53:22,598|[TRACE] script - #out(`X`) [token]
2021-11-21T23:53:22,598|[TRACE] graph - <------- nonSkippedChar
2021-11-21T23:53:22,598|[TRACE] graph - <----- statementPart
2021-11-21T23:53:22,598|[TRACE] graph - -----> statementPart
2021-11-21T23:53:22,598|[TRACE] graph - -------> nonSkippedChar
2021-11-21T23:53:22,598|[TRACE] script - #out(`I`) [token]
2021-11-21T23:53:22,598|[TRACE] graph - <------- nonSkippedChar
2021-11-21T23:53:22,598|[TRACE] graph - <----- statementPart
2021-11-21T23:53:22,598|[TRACE] graph - -----> statementPart
2021-11-21T23:53:22,598|[TRACE] graph - -------> nonSkippedChar
2021-11-21T23:53:22,598|[TRACE] script - #out(`S`) [token]
2021-11-21T23:53:22,598|[TRACE] graph - <------- nonSkippedChar
2021-11-21T23:53:22,598|[TRACE] graph - <----- statementPart
2021-11-21T23:53:22,598|[TRACE] graph - -----> statementPart
2021-11-21T23:53:22,598|[TRACE] graph - -------> nonSkippedChar
2021-11-21T23:53:22,598|[TRACE] script - #out(`T`) [token]
2021-11-21T23:53:22,598|[TRACE] graph - <------- nonSkippedChar
2021-11-21T23:53:22,598|[TRACE] graph - <----- statementPart
2021-11-21T23:53:22,598|[TRACE] graph - -----> statementPart
2021-11-21T23:53:22,598|[TRACE] graph - -------> nonSkippedChar
2021-11-21T23:53:22,598|[TRACE] script - #out(`S`) [token]
2021-11-21T23:53:22,598|[TRACE] graph - <------- nonSkippedChar
2021-11-21T23:53:22,598|[TRACE] graph - <----- statementPart
2021-11-21T23:53:22,598|[TRACE] graph - -----> statementPart
2021-11-21T23:53:22,598|[TRACE] graph - -------> nonSkippedSpace
2021-11-21T23:53:22,598|[TRACE] script - #out(` `) [token]
2021-11-21T23:53:22,598|[TRACE] graph - <------- nonSkippedSpace
2021-11-21T23:53:22,598|[TRACE] graph - <----- statementPart
2021-11-21T23:53:22,598|[TRACE] graph - -----> statementPart
2021-11-21T23:53:22,598|[TRACE] graph - -------> quotedString
2021-11-21T23:53:22,598|[TRACE] script - #out(``bloodbank``) [token]
2021-11-21T23:53:22,598|[TRACE] graph - <------- quotedString
2021-11-21T23:53:22,598|[TRACE] graph - <----- statementPart
2021-11-21T23:53:22,598|[TRACE] graph - -----> statementPart
2021-11-21T23:53:22,598|[TRACE] graph - -------> nonSkippedChar
2021-11-21T23:53:22,598|[TRACE] script - #out(`.`) [token]
2021-11-21T23:53:22,598|[TRACE] graph - <------- nonSkippedChar
2021-11-21T23:53:22,598|[TRACE] graph - <----- statementPart
2021-11-21T23:53:22,598|[TRACE] graph - -----> statementPart
2021-11-21T23:53:22,598|[TRACE] graph - -------> quotedString
2021-11-21T23:53:22,598|[TRACE] script - #out(``blood_donation``) [token]
2021-11-21T23:53:22,598|[TRACE] graph - <------- quotedString
2021-11-21T23:53:22,598|[TRACE] graph - <----- statementPart
2021-11-21T23:53:22,598|[TRACE] graph - -----> statementPart
2021-11-21T23:53:22,598|[TRACE] graph - -------> nonSkippedSpace
2021-11-21T23:53:22,598|[TRACE] script - #out(` `) [token]
2021-11-21T23:53:22,599|[TRACE] graph - <------- nonSkippedSpace
2021-11-21T23:53:22,599|[TRACE] graph - <----- statementPart
2021-11-21T23:53:22,599|[TRACE] graph - -----> statementPart
2021-11-21T23:53:22,599|[TRACE] graph - -------> nonSkippedChar
2021-11-21T23:53:22,599|[TRACE] script - #out(`(`) [token]
2021-11-21T23:53:22,599|[TRACE] graph - <------- nonSkippedChar
2021-11-21T23:53:22,599|[TRACE] graph - <----- statementPart
2021-11-21T23:53:22,599|[TRACE] graph - -----> afterStatementPartNewline
2021-11-21T23:53:22,599|[TRACE] script - #out(` `) [text]
2021-11-21T23:53:22,599|[TRACE] graph - <----- afterStatementPartNewline
2021-11-21T23:53:22,599|[TRACE] graph - -----> statementPart
2021-11-21T23:53:22,599|[TRACE] graph - -------> nonSkippedSpace
2021-11-21T23:53:22,599|[TRACE] script - #out(` `) [token]
2021-11-21T23:53:22,599|[TRACE] graph - <------- nonSkippedSpace
2021-11-21T23:53:22,599|[TRACE] graph - <----- statementPart
2021-11-21T23:53:22,599|[TRACE] graph - -----> statementPart
2021-11-21T23:53:22,599|[TRACE] graph - -------> nonSkippedSpace
2021-11-21T23:53:22,599|[TRACE] script - #out(` `) [token]
2021-11-21T23:53:22,599|[TRACE] graph - <------- nonSkippedSpace
2021-11-21T23:53:22,599|[TRACE] graph - <----- statementPart
2021-11-21T23:53:22,599|[TRACE] graph - -----> statementPart
2021-11-21T23:53:22,599|[TRACE] graph - -------> quotedString
2021-11-21T23:53:22,599|[TRACE] script - #out(``donation_id``) [token]
2021-11-21T23:53:22,599|[TRACE] graph - <------- quotedString
2021-11-21T23:53:22,599|[TRACE] graph - <----- statementPart
2021-11-21T23:53:22,599|[TRACE] graph - -----> statementPart
2021-11-21T23:53:22,599|[TRACE] graph - -------> nonSkippedSpace
2021-11-21T23:53:22,599|[TRACE] script - #out(` `) [token]
2021-11-21T23:53:22,599|[TRACE] graph - <------- nonSkippedSpace
2021-11-21T23:53:22,599|[TRACE] graph - <----- statementPart
2021-11-21T23:53:22,599|[TRACE] graph - -----> statementPart
2021-11-21T23:53:22,599|[TRACE] graph - -------> nonSkippedChar
2021-11-21T23:53:22,599|[TRACE] script - #out(`I`) [token]
2021-11-21T23:53:22,599|[TRACE] graph - <------- nonSkippedChar
2021-11-21T23:53:22,599|[TRACE] graph - <----- statementPart
2021-11-21T23:53:22,599|[TRACE] graph - -----> statementPart
2021-11-21T23:53:22,599|[TRACE] graph - -------> nonSkippedChar
2021-11-21T23:53:22,599|[TRACE] script - #out(`N`) [token]
2021-11-21T23:53:22,599|[TRACE] graph - <------- nonSkippedChar
2021-11-21T23:53:22,599|[TRACE] graph - <----- statementPart
2021-11-21T23:53:22,599|[TRACE] graph - -----> statementPart
2021-11-21T23:53:22,599|[TRACE] graph - -------> nonSkippedChar
2021-11-21T23:53:22,599|[TRACE] script - #out(`T`) [token]
2021-11-21T23:53:22,599|[TRACE] graph - <------- nonSkippedChar
2021-11-21T23:53:22,599|[TRACE] graph - <----- statementPart
2021-11-21T23:53:22,599|[TRACE] graph - -----> statementPart
2021-11-21T23:53:22,599|[TRACE] graph - -------> nonSkippedSpace
2021-11-21T23:53:22,599|[TRACE] script - #out(` `) [token]
2021-11-21T23:53:22,599|[TRACE] graph - <------- nonSkippedSpace
2021-11-21T23:53:22,599|[TRACE] graph - <----- statementPart
2021-11-21T23:53:22,599|[TRACE] graph - -----> statementPart
2021-11-21T23:53:22,599|[TRACE] graph - -------> nonSkippedChar
2021-11-21T23:53:22,599|[TRACE] script - #out(`N`) [token]
2021-11-21T23:53:22,599|[TRACE] graph - <------- nonSkippedChar
2021-11-21T23:53:22,599|[TRACE] graph - <----- statementPart
2021-11-21T23:53:22,599|[TRACE] graph - -----> statementPart
2021-11-21T23:53:22,599|[TRACE] graph - -------> nonSkippedChar
2021-11-21T23:53:22,599|[TRACE] script - #out(`O`) [token]
2021-11-21T23:53:22,599|[TRACE] graph - <------- nonSkippedChar
2021-11-21T23:53:22,599|[TRACE] graph - <----- statementPart
2021-11-21T23:53:22,599|[TRACE] graph - -----> statementPart
2021-11-21T23:53:22,599|[TRACE] graph - -------> nonSkippedChar
2021-11-21T23:53:22,599|[TRACE] script - #out(`T`) [token]
2021-11-21T23:53:22,599|[TRACE] graph - <------- nonSkippedChar
2021-11-21T23:53:22,599|[TRACE] graph - <----- statementPart
2021-11-21T23:53:22,599|[TRACE] graph - -----> statementPart
2021-11-21T23:53:22,599|[TRACE] graph - -------> nonSkippedSpace
2021-11-21T23:53:22,599|[TRACE] script - #out(` `) [token]
2021-11-21T23:53:22,599|[TRACE] graph - <------- nonSkippedSpace
2021-11-21T23:53:22,599|[TRACE] graph - <----- statementPart
2021-11-21T23:53:22,599|[TRACE] graph - -----> statementPart
2021-11-21T23:53:22,599|[TRACE] graph - -------> nonSkippedChar
2021-11-21T23:53:22,599|[TRACE] script - #out(`N`) [token]
2021-11-21T23:53:22,599|[TRACE] graph - <------- nonSkippedChar
2021-11-21T23:53:22,599|[TRACE] graph - <----- statementPart
2021-11-21T23:53:22,599|[TRACE] graph - -----> statementPart
2021-11-21T23:53:22,599|[TRACE] graph - -------> nonSkippedChar
2021-11-21T23:53:22,599|[TRACE] script - #out(`U`) [token]
2021-11-21T23:53:22,599|[TRACE] graph - <------- nonSkippedChar
2021-11-21T23:53:22,599|[TRACE] graph - <----- statementPart
2021-11-21T23:53:22,599|[TRACE] graph - -----> statementPart
2021-11-21T23:53:22,599|[TRACE] graph - -------> nonSkippedChar
2021-11-21T23:53:22,599|[TRACE] script - #out(`L`) [token]
2021-11-21T23:53:22,599|[TRACE] graph - <------- nonSkippedChar
2021-11-21T23:53:22,599|[TRACE] graph - <----- statementPart
2021-11-21T23:53:22,599|[TRACE] graph - -----> statementPart
2021-11-21T23:53:22,599|[TRACE] graph - -------> nonSkippedChar
2021-11-21T23:53:22,599|[TRACE] script - #out(`L`) [token]
2021-11-21T23:53:22,599|[TRACE] graph - <------- nonSkippedChar
2021-11-21T23:53:22,599|[TRACE] graph - <----- statementPart
2021-11-21T23:53:22,599|[TRACE] graph - -----> statementPart
2021-11-21T23:53:22,599|[TRACE] graph - -------> nonSkippedSpace
2021-11-21T23:53:22,599|[TRACE] script - #out(` `) [token]
2021-11-21T23:53:22,599|[TRACE] graph - <------- nonSkippedSpace
2021-11-21T23:53:22,599|[TRACE] graph - <----- statementPart
2021-11-21T23:53:22,599|[TRACE] graph - -----> statementPart
2021-11-21T23:53:22,599|[TRACE] graph - -------> nonSkippedChar
2021-11-21T23:53:22,599|[TRACE] script - #out(`A`) [token]
2021-11-21T23:53:22,599|[TRACE] graph - <------- nonSkippedChar
2021-11-21T23:53:22,599|[TRACE] graph - <----- statementPart
2021-11-21T23:53:22,599|[TRACE] graph - -----> statementPart
2021-11-21T23:53:22,599|[TRACE] graph - -------> nonSkippedChar
2021-11-21T23:53:22,599|[TRACE] script - #out(`U`) [token]
2021-11-21T23:53:22,599|[TRACE] graph - <------- nonSkippedChar
2021-11-21T23:53:22,599|[TRACE] graph - <----- statementPart
2021-11-21T23:53:22,599|[TRACE] graph - -----> statementPart
2021-11-21T23:53:22,599|[TRACE] graph - -------> nonSkippedChar
2021-11-21T23:53:22,599|[TRACE] script - #out(`T`) [token]
2021-11-21T23:53:22,599|[TRACE] graph - <------- nonSkippedChar
2021-11-21T23:53:22,599|[TRACE] graph - <----- statementPart
2021-11-21T23:53:22,599|[TRACE] graph - -----> statementPart
2021-11-21T23:53:22,599|[TRACE] graph - -------> nonSkippedChar
2021-11-21T23:53:22,599|[TRACE] script - #out(`O`) [token]
2021-11-21T23:53:22,599|[TRACE] graph - <------- nonSkippedChar
2021-11-21T23:53:22,599|[TRACE] graph - <----- statementPart
2021-11-21T23:53:22,599|[TRACE] graph - -----> statementPart
2021-11-21T23:53:22,599|[TRACE] graph - -------> nonSkippedChar
2021-11-21T23:53:22,599|[TRACE] script - #out(`_`) [token]
2021-11-21T23:53:22,599|[TRACE] graph - <------- nonSkippedChar
2021-11-21T23:53:22,599|[TRACE] graph - <----- statementPart
2021-11-21T23:53:22,599|[TRACE] graph - -----> statementPart
2021-11-21T23:53:22,599|[TRACE] graph - -------> nonSkippedChar
2021-11-21T23:53:22,599|[TRACE] script - #out(`I`) [token]
2021-11-21T23:53:22,599|[TRACE] graph - <------- nonSkippedChar
2021-11-21T23:53:22,599|[TRACE] graph - <----- statementPart
2021-11-21T23:53:22,599|[TRACE] graph - -----> statementPart
2021-11-21T23:53:22,599|[TRACE] graph - -------> nonSkippedChar
2021-11-21T23:53:22,599|[TRACE] script - #out(`N`) [token]
2021-11-21T23:53:22,599|[TRACE] graph - <------- nonSkippedChar
2021-11-21T23:53:22,599|[TRACE] graph - <----- statementPart
2021-11-21T23:53:22,599|[TRACE] graph - -----> statementPart
2021-11-21T23:53:22,599|[TRACE] graph - -------> nonSkippedChar
2021-11-21T23:53:22,599|[TRACE] script - #out(`C`) [token]
2021-11-21T23:53:22,599|[TRACE] graph - <------- nonSkippedChar
2021-11-21T23:53:22,599|[TRACE] graph - <----- statementPart
2021-11-21T23:53:22,599|[TRACE] graph - -----> statementPart
2021-11-21T23:53:22,599|[TRACE] graph - -------> nonSkippedChar
2021-11-21T23:53:22,599|[TRACE] script - #out(`R`) [token]
2021-11-21T23:53:22,599|[TRACE] graph - <------- nonSkippedChar
2021-11-21T23:53:22,599|[TRACE] graph - <----- statementPart
2021-11-21T23:53:22,599|[TRACE] graph - -----> statementPart
2021-11-21T23:53:22,599|[TRACE] graph - -------> nonSkippedChar
2021-11-21T23:53:22,599|[TRACE] script - #out(`E`) [token]
2021-11-21T23:53:22,599|[TRACE] graph - <------- nonSkippedChar
2021-11-21T23:53:22,599|[TRACE] graph - <----- statementPart
2021-11-21T23:53:22,599|[TRACE] graph - -----> statementPart
2021-11-21T23:53:22,599|[TRACE] graph - -------> nonSkippedChar
2021-11-21T23:53:22,599|[TRACE] script - #out(`M`) [token]
2021-11-21T23:53:22,599|[TRACE] graph - <------- nonSkippedChar
2021-11-21T23:53:22,599|[TRACE] graph - <----- statementPart
2021-11-21T23:53:22,599|[TRACE] graph - -----> statementPart
2021-11-21T23:53:22,599|[TRACE] graph - -------> nonSkippedChar
2021-11-21T23:53:22,599|[TRACE] script - #out(`E`) [token]
2021-11-21T23:53:22,599|[TRACE] graph - <------- nonSkippedChar
2021-11-21T23:53:22,599|[TRACE] graph - <----- statementPart
2021-11-21T23:53:22,599|[TRACE] graph - -----> statementPart
2021-11-21T23:53:22,599|[TRACE] graph - -------> nonSkippedChar
2021-11-21T23:53:22,599|[TRACE] script - #out(`N`) [token]
2021-11-21T23:53:22,599|[TRACE] graph - <------- nonSkippedChar
2021-11-21T23:53:22,599|[TRACE] graph - <----- statementPart
2021-11-21T23:53:22,599|[TRACE] graph - -----> statementPart
2021-11-21T23:53:22,599|[TRACE] graph - -------> nonSkippedChar
2021-11-21T23:53:22,599|[TRACE] script - #out(`T`) [token]
2021-11-21T23:53:22,599|[TRACE] graph - <------- nonSkippedChar
2021-11-21T23:53:22,599|[TRACE] graph - <----- statementPart
2021-11-21T23:53:22,599|[TRACE] graph - -----> statementPart
2021-11-21T23:53:22,599|[TRACE] graph - -------> nonSkippedChar
2021-11-21T23:53:22,599|[TRACE] script - #out(`,`) [token]
2021-11-21T23:53:22,599|[TRACE] graph - <------- nonSkippedChar
2021-11-21T23:53:22,599|[TRACE] graph - <----- statementPart
2021-11-21T23:53:22,599|[TRACE] graph - -----> afterStatementPartNewline
2021-11-21T23:53:22,599|[TRACE] script - #out(` `) [text]
2021-11-21T23:53:22,599|[TRACE] graph - <----- afterStatementPartNewline
2021-11-21T23:53:22,599|[TRACE] graph - -----> statementPart
2021-11-21T23:53:22,599|[TRACE] graph - -------> nonSkippedSpace
2021-11-21T23:53:22,599|[TRACE] script - #out(` `) [token]
2021-11-21T23:53:22,599|[TRACE] graph - <------- nonSkippedSpace
2021-11-21T23:53:22,599|[TRACE] graph - <----- statementPart
2021-11-21T23:53:22,599|[TRACE] graph - -----> statementPart
2021-11-21T23:53:22,599|[TRACE] graph - -------> nonSkippedSpace
2021-11-21T23:53:22,599|[TRACE] script - #out(` `) [token]
2021-11-21T23:53:22,599|[TRACE] graph - <------- nonSkippedSpace
2021-11-21T23:53:22,599|[TRACE] graph - <----- statementPart
2021-11-21T23:53:22,599|[TRACE] graph - -----> statementPart
2021-11-21T23:53:22,599|[TRACE] graph - -------> quotedString
2021-11-21T23:53:22,599|[TRACE] script - #out(``bank_id``) [token]
2021-11-21T23:53:22,599|[TRACE] graph - <------- quotedString
2021-11-21T23:53:22,599|[TRACE] graph - <----- statementPart
2021-11-21T23:53:22,599|[TRACE] graph - -----> statementPart
2021-11-21T23:53:22,599|[TRACE] graph - -------> nonSkippedSpace
2021-11-21T23:53:22,599|[TRACE] script - #out(` `) [token]
2021-11-21T23:53:22,599|[TRACE] graph - <------- nonSkippedSpace
2021-11-21T23:53:22,599|[TRACE] graph - <----- statementPart
2021-11-21T23:53:22,599|[TRACE] graph - -----> statementPart
2021-11-21T23:53:22,599|[TRACE] graph - -------> nonSkippedChar
2021-11-21T23:53:22,599|[TRACE] script - #out(`I`) [token]
2021-11-21T23:53:22,599|[TRACE] graph - <------- nonSkippedChar
2021-11-21T23:53:22,599|[TRACE] graph - <----- statementPart
2021-11-21T23:53:22,599|[TRACE] graph - -----> statementPart
2021-11-21T23:53:22,599|[TRACE] graph - -------> nonSkippedChar
2021-11-21T23:53:22,599|[TRACE] script - #out(`N`) [token]
2021-11-21T23:53:22,599|[TRACE] graph - <------- nonSkippedChar
2021-11-21T23:53:22,599|[TRACE] graph - <----- statementPart
2021-11-21T23:53:22,599|[TRACE] graph - -----> statementPart
2021-11-21T23:53:22,599|[TRACE] graph - -------> nonSkippedChar
2021-11-21T23:53:22,599|[TRACE] script - #out(`T`) [token]
2021-11-21T23:53:22,599|[TRACE] graph - <------- nonSkippedChar
2021-11-21T23:53:22,599|[TRACE] graph - <----- statementPart
2021-11-21T23:53:22,599|[TRACE] graph - -----> statementPart
2021-11-21T23:53:22,599|[TRACE] graph - -------> nonSkippedSpace
2021-11-21T23:53:22,599|[TRACE] script - #out(` `) [token]
2021-11-21T23:53:22,599|[TRACE] graph - <------- nonSkippedSpace
2021-11-21T23:53:22,599|[TRACE] graph - <----- statementPart
2021-11-21T23:53:22,599|[TRACE] graph - -----> statementPart
2021-11-21T23:53:22,672|[TRACE] graph - -------> nonSkippedChar
2021-11-21T23:53:22,672|[TRACE] script - #out(`N`) [token]
2021-11-21T23:53:22,672|[TRACE] graph - <------- nonSkippedChar
2021-11-21T23:53:22,672|[TRACE] graph - <----- statementPart
2021-11-21T23:53:22,672|[TRACE] graph - -----> statementPart
2021-11-21T23:53:22,672|[TRACE] graph - -------> nonSkippedChar
2021-11-21T23:53:22,672|[TRACE] script - #out(`O`) [token]
2021-11-21T23:53:22,672|[TRACE] graph - <------- nonSkippedChar
2021-11-21T23:53:22,672|[TRACE] graph - <----- statementPart
2021-11-21T23:53:22,672|[TRACE] graph - -----> statementPart
2021-11-21T23:53:22,672|[TRACE] graph - -------> nonSkippedChar
2021-11-21T23:53:22,672|[TRACE] script - #out(`T`) [token]
2021-11-21T23:53:22,672|[TRACE] graph - <------- nonSkippedChar
2021-11-21T23:53:22,672|[TRACE] graph - <----- statementPart
2021-11-21T23:53:22,672|[TRACE] graph - -----> statementPart
2021-11-21T23:53:22,672|[TRACE] graph - -------> nonSkippedSpace
2021-11-21T23:53:22,672|[TRACE] script - #out(` `) [token]
2021-11-21T23:53:22,672|[TRACE] graph - <------- nonSkippedSpace
2021-11-21T23:53:22,672|[TRACE] graph - <----- statementPart
2021-11-21T23:53:22,672|[TRACE] graph - -----> statementPart
2021-11-21T23:53:22,672|[TRACE] graph - -------> nonSkippedChar
2021-11-21T23:53:22,672|[TRACE] script - #out(`N`) [token]
2021-11-21T23:53:22,672|[TRACE] graph - <------- nonSkippedChar
2021-11-21T23:53:22,672|[TRACE] graph - <----- statementPart
2021-11-21T23:53:22,672|[TRACE] graph - -----> statementPart
2021-11-21T23:53:22,672|[TRACE] graph - -------> nonSkippedChar
2021-11-21T23:53:22,672|[TRACE] script - #out(`U`) [token]
2021-11-21T23:53:22,672|[TRACE] graph - <------- nonSkippedChar
2021-11-21T23:53:22,672|[TRACE] graph - <----- statementPart
2021-11-21T23:53:22,672|[TRACE] graph - -----> statementPart
2021-11-21T23:53:22,672|[TRACE] graph - -------> nonSkippedChar
2021-11-21T23:53:22,672|[TRACE] script - #out(`L`) [token]
2021-11-21T23:53:22,672|[TRACE] graph - <------- nonSkippedChar
2021-11-21T23:53:22,672|[TRACE] graph - <----- statementPart
2021-11-21T23:53:22,672|[TRACE] graph - -----> statementPart
2021-11-21T23:53:22,672|[TRACE] graph - -------> nonSkippedChar
2021-11-21T23:53:22,672|[TRACE] script - #out(`L`) [token]
2021-11-21T23:53:22,672|[TRACE] graph - <------- nonSkippedChar
2021-11-21T23:53:22,672|[TRACE] graph - <----- statementPart
2021-11-21T23:53:22,672|[TRACE] graph - -----> statementPart
2021-11-21T23:53:22,672|[TRACE] graph - -------> nonSkippedChar
2021-11-21T23:53:22,672|[TRACE] script - #out(`,`) [token]
2021-11-21T23:53:22,672|[TRACE] graph - <------- nonSkippedChar
2021-11-21T23:53:22,672|[TRACE] graph - <----- statementPart
2021-11-21T23:53:22,672|[TRACE] graph - -----> afterStatementPartNewline
2021-11-21T23:53:22,672|[TRACE] script - #out(` `) [text]
2021-11-21T23:53:22,672|[TRACE] graph - <----- afterStatementPartNewline
2021-11-21T23:53:22,672|[TRACE] graph - -----> statementPart
2021-11-21T23:53:22,672|[TRACE] graph - -------> nonSkippedSpace
2021-11-21T23:53:22,672|[TRACE] script - #out(` `) [token]
2021-11-21T23:53:22,672|[TRACE] graph - <------- nonSkippedSpace
2021-11-21T23:53:22,672|[TRACE] graph - <----- statementPart
2021-11-21T23:53:22,672|[TRACE] graph - -----> statementPart
2021-11-21T23:53:22,672|[TRACE] graph - -------> nonSkippedSpace
2021-11-21T23:53:22,672|[TRACE] script - #out(` `) [token]
2021-11-21T23:53:22,672|[TRACE] graph - <------- nonSkippedSpace
2021-11-21T23:53:22,672|[TRACE] graph - <----- statementPart
2021-11-21T23:53:22,672|[TRACE] graph - -----> statementPart
2021-11-21T23:53:22,672|[TRACE] graph - -------> quotedString
2021-11-21T23:53:22,672|[TRACE] script - #out(``milliliters``) [token]
2021-11-21T23:53:22,672|[TRACE] graph - <------- quotedString
2021-11-21T23:53:22,672|[TRACE] graph - <----- statementPart
2021-11-21T23:53:22,672|[TRACE] graph - -----> statementPart
2021-11-21T23:53:22,672|[TRACE] graph - -------> nonSkippedSpace
2021-11-21T23:53:22,672|[TRACE] script - #out(` `) [token]
2021-11-21T23:53:22,672|[TRACE] graph - <------- nonSkippedSpace
2021-11-21T23:53:22,672|[TRACE] graph - <----- statementPart
2021-11-21T23:53:22,672|[TRACE] graph - -----> statementPart
2021-11-21T23:53:22,672|[TRACE] graph - -------> nonSkippedChar
2021-11-21T23:53:22,672|[TRACE] script - #out(`I`) [token]
2021-11-21T23:53:22,672|[TRACE] graph - <------- nonSkippedChar
2021-11-21T23:53:22,672|[TRACE] graph - <----- statementPart
2021-11-21T23:53:22,672|[TRACE] graph - -----> statementPart
2021-11-21T23:53:22,672|[TRACE] graph - -------> nonSkippedChar
2021-11-21T23:53:22,672|[TRACE] script - #out(`N`) [token]
2021-11-21T23:53:22,672|[TRACE] graph - <------- nonSkippedChar
2021-11-21T23:53:22,672|[TRACE] graph - <----- statementPart
2021-11-21T23:53:22,672|[TRACE] graph - -----> statementPart
2021-11-21T23:53:22,672|[TRACE] graph - -------> nonSkippedChar
2021-11-21T23:53:22,672|[TRACE] script - #out(`T`) [token]
2021-11-21T23:53:22,672|[TRACE] graph - <------- nonSkippedChar
2021-11-21T23:53:22,672|[TRACE] graph - <----- statementPart
2021-11-21T23:53:22,672|[TRACE] graph - -----> statementPart
2021-11-21T23:53:22,672|[TRACE] graph - -------> nonSkippedSpace
2021-11-21T23:53:22,672|[TRACE] script - #out(` `) [token]
2021-11-21T23:53:22,672|[TRACE] graph - <------- nonSkippedSpace
2021-11-21T23:53:22,672|[TRACE] graph - <----- statementPart
2021-11-21T23:53:22,672|[TRACE] graph - -----> statementPart
2021-11-21T23:53:22,672|[TRACE] graph - -------> nonSkippedChar
2021-11-21T23:53:22,672|[TRACE] script - #out(`N`) [token]
2021-11-21T23:53:22,672|[TRACE] graph - <------- nonSkippedChar
2021-11-21T23:53:22,672|[TRACE] graph - <----- statementPart
2021-11-21T23:53:22,672|[TRACE] graph - -----> statementPart
2021-11-21T23:53:22,672|[TRACE] graph - -------> nonSkippedChar
2021-11-21T23:53:22,672|[TRACE] script - #out(`O`) [token]
2021-11-21T23:53:22,672|[TRACE] graph - <------- nonSkippedChar
2021-11-21T23:53:22,672|[TRACE] graph - <----- statementPart
2021-11-21T23:53:22,672|[TRACE] graph - -----> statementPart
2021-11-21T23:53:22,672|[TRACE] graph - -------> nonSkippedChar
2021-11-21T23:53:22,672|[TRACE] script - #out(`T`) [token]
2021-11-21T23:53:22,672|[TRACE] graph - <------- nonSkippedChar
2021-11-21T23:53:22,672|[TRACE] graph - <----- statementPart
2021-11-21T23:53:22,672|[TRACE] graph - -----> statementPart
2021-11-21T23:53:22,672|[TRACE] graph - -------> nonSkippedSpace
2021-11-21T23:53:22,672|[TRACE] script - #out(` `) [token]
2021-11-21T23:53:22,672|[TRACE] graph - <------- nonSkippedSpace
2021-11-21T23:53:22,672|[TRACE] graph - <----- statementPart
2021-11-21T23:53:22,672|[TRACE] graph - -----> statementPart
2021-11-21T23:53:22,672|[TRACE] graph - -------> nonSkippedChar
2021-11-21T23:53:22,672|[TRACE] script - #out(`N`) [token]
2021-11-21T23:53:22,672|[TRACE] graph - <------- nonSkippedChar
2021-11-21T23:53:22,672|[TRACE] graph - <----- statementPart
2021-11-21T23:53:22,672|[TRACE] graph - -----> statementPart
2021-11-21T23:53:22,672|[TRACE] graph - -------> nonSkippedChar
2021-11-21T23:53:22,672|[TRACE] script - #out(`U`) [token]
2021-11-21T23:53:22,672|[TRACE] graph - <------- nonSkippedChar
2021-11-21T23:53:22,672|[TRACE] graph - <----- statementPart
2021-11-21T23:53:22,672|[TRACE] graph - -----> statementPart
2021-11-21T23:53:22,672|[TRACE] graph - -------> nonSkippedChar
2021-11-21T23:53:22,672|[TRACE] script - #out(`L`) [token]
2021-11-21T23:53:22,672|[TRACE] graph - <------- nonSkippedChar
2021-11-21T23:53:22,672|[TRACE] graph - <----- statementPart
2021-11-21T23:53:22,672|[TRACE] graph - -----> statementPart
2021-11-21T23:53:22,672|[TRACE] graph - -------> nonSkippedChar
2021-11-21T23:53:22,672|[TRACE] script - #out(`L`) [token]
2021-11-21T23:53:22,672|[TRACE] graph - <------- nonSkippedChar
2021-11-21T23:53:22,672|[TRACE] graph - <----- statementPart
2021-11-21T23:53:22,672|[TRACE] graph - -----> statementPart
2021-11-21T23:53:22,672|[TRACE] graph - -------> nonSkippedChar
2021-11-21T23:53:22,672|[TRACE] script - #out(`,`) [token]
2021-11-21T23:53:22,672|[TRACE] graph - <------- nonSkippedChar
2021-11-21T23:53:22,672|[TRACE] graph - <----- statementPart
2021-11-21T23:53:22,672|[TRACE] graph - -----> afterStatementPartNewline
2021-11-21T23:53:22,672|[TRACE] script - #out(` `) [text]
2021-11-21T23:53:22,672|[TRACE] graph - <----- afterStatementPartNewline
2021-11-21T23:53:22,672|[TRACE] graph - -----> statementPart
2021-11-21T23:53:22,672|[TRACE] graph - -------> nonSkippedSpace
2021-11-21T23:53:22,672|[TRACE] script - #out(` `) [token]
2021-11-21T23:53:22,672|[TRACE] graph - <------- nonSkippedSpace
2021-11-21T23:53:22,672|[TRACE] graph - <----- statementPart
2021-11-21T23:53:22,672|[TRACE] graph - -----> statementPart
2021-11-21T23:53:22,673|[TRACE] graph - -------> nonSkippedSpace
2021-11-21T23:53:22,673|[TRACE] script - #out(` `) [token]
2021-11-21T23:53:22,673|[TRACE] graph - <------- nonSkippedSpace
2021-11-21T23:53:22,673|[TRACE] graph - <----- statementPart
2021-11-21T23:53:22,673|[TRACE] graph - -----> statementPart
2021-11-21T23:53:22,673|[TRACE] graph - -------> quotedString
2021-11-21T23:53:22,673|[TRACE] script - #out(``blood_group``) [token]
2021-11-21T23:53:22,673|[TRACE] graph - <------- quotedString
2021-11-21T23:53:22,673|[TRACE] graph - <----- statementPart
2021-11-21T23:53:22,673|[TRACE] graph - -----> statementPart
2021-11-21T23:53:22,673|[TRACE] graph - -------> nonSkippedSpace
2021-11-21T23:53:22,673|[TRACE] script - #out(` `) [token]
2021-11-21T23:53:22,673|[TRACE] graph - <------- nonSkippedSpace
2021-11-21T23:53:22,673|[TRACE] graph - <----- statementPart
2021-11-21T23:53:22,673|[TRACE] graph - -----> statementPart
2021-11-21T23:53:22,673|[TRACE] graph - -------> nonSkippedChar
2021-11-21T23:53:22,673|[TRACE] script - #out(`C`) [token]
2021-11-21T23:53:22,673|[TRACE] graph - <------- nonSkippedChar
2021-11-21T23:53:22,673|[TRACE] graph - <----- statementPart
2021-11-21T23:53:22,673|[TRACE] graph - -----> statementPart
2021-11-21T23:53:22,673|[TRACE] graph - -------> nonSkippedChar
2021-11-21T23:53:22,673|[TRACE] script - #out(`H`) [token]
2021-11-21T23:53:22,673|[TRACE] graph - <------- nonSkippedChar
2021-11-21T23:53:22,673|[TRACE] graph - <----- statementPart
2021-11-21T23:53:22,673|[TRACE] graph - -----> statementPart
2021-11-21T23:53:22,673|[TRACE] graph - -------> nonSkippedChar
2021-11-21T23:53:22,673|[TRACE] script - #out(`A`) [token]
2021-11-21T23:53:22,673|[TRACE] graph - <------- nonSkippedChar
2021-11-21T23:53:22,673|[TRACE] graph - <----- statementPart
2021-11-21T23:53:22,673|[TRACE] graph - -----> statementPart
2021-11-21T23:53:22,673|[TRACE] graph - -------> nonSkippedChar
2021-11-21T23:53:22,673|[TRACE] script - #out(`R`) [token]
2021-11-21T23:53:22,673|[TRACE] graph - <------- nonSkippedChar
2021-11-21T23:53:22,673|[TRACE] graph - <----- statementPart
2021-11-21T23:53:22,673|[TRACE] graph - -----> statementPart
2021-11-21T23:53:22,673|[TRACE] graph - -------> nonSkippedChar
2021-11-21T23:53:22,673|[TRACE] script - #out(`(`) [token]
2021-11-21T23:53:22,673|[TRACE] graph - <------- nonSkippedChar
2021-11-21T23:53:22,673|[TRACE] graph - <----- statementPart
2021-11-21T23:53:22,673|[TRACE] graph - -----> statementPart
2021-11-21T23:53:22,673|[TRACE] graph - -------> nonSkippedChar
2021-11-21T23:53:22,673|[TRACE] script - #out(`2`) [token]
2021-11-21T23:53:22,673|[TRACE] graph - <------- nonSkippedChar
2021-11-21T23:53:22,673|[TRACE] graph - <----- statementPart
2021-11-21T23:53:22,673|[TRACE] graph - -----> statementPart
2021-11-21T23:53:22,673|[TRACE] graph - -------> nonSkippedChar
2021-11-21T23:53:22,673|[TRACE] script - #out(`)`) [token]
2021-11-21T23:53:22,673|[TRACE] graph - <------- nonSkippedChar
2021-11-21T23:53:22,673|[TRACE] graph - <----- statementPart
2021-11-21T23:53:22,673|[TRACE] graph - -----> statementPart
2021-11-21T23:53:22,673|[TRACE] graph - -------> nonSkippedSpace
2021-11-21T23:53:22,673|[TRACE] script - #out(` `) [token]
2021-11-21T23:53:22,673|[TRACE] graph - <------- nonSkippedSpace
2021-11-21T23:53:22,673|[TRACE] graph - <----- statementPart
2021-11-21T23:53:22,673|[TRACE] graph - -----> statementPart
2021-11-21T23:53:22,673|[TRACE] graph - -------> nonSkippedChar
2021-11-21T23:53:22,673|[TRACE] script - #out(`N`) [token]
2021-11-21T23:53:22,673|[TRACE] graph - <------- nonSkippedChar
2021-11-21T23:53:22,673|[TRACE] graph - <----- statementPart
2021-11-21T23:53:22,673|[TRACE] graph - -----> statementPart
2021-11-21T23:53:22,673|[TRACE] graph - -------> nonSkippedChar
2021-11-21T23:53:22,673|[TRACE] script - #out(`O`) [token]
2021-11-21T23:53:22,673|[TRACE] graph - <------- nonSkippedChar
2021-11-21T23:53:22,673|[TRACE] graph - <----- statementPart
2021-11-21T23:53:22,673|[TRACE] graph - -----> statementPart
2021-11-21T23:53:22,673|[TRACE] graph - -------> nonSkippedChar
2021-11-21T23:53:22,673|[TRACE] script - #out(`T`) [token]
2021-11-21T23:53:22,673|[TRACE] graph - <------- nonSkippedChar
2021-11-21T23:53:22,673|[TRACE] graph - <----- statementPart
2021-11-21T23:53:22,673|[TRACE] graph - -----> statementPart
2021-11-21T23:53:22,673|[TRACE] graph - -------> nonSkippedSpace
2021-11-21T23:53:22,673|[TRACE] script - #out(` `) [token]
2021-11-21T23:53:22,673|[TRACE] graph - <------- nonSkippedSpace
2021-11-21T23:53:22,673|[TRACE] graph - <----- statementPart
2021-11-21T23:53:22,673|[TRACE] graph - -----> statementPart
2021-11-21T23:53:22,673|[TRACE] graph - -------> nonSkippedChar
2021-11-21T23:53:22,673|[TRACE] script - #out(`N`) [token]
2021-11-21T23:53:22,673|[TRACE] graph - <------- nonSkippedChar
2021-11-21T23:53:22,673|[TRACE] graph - <----- statementPart
2021-11-21T23:53:22,673|[TRACE] graph - -----> statementPart
2021-11-21T23:53:22,673|[TRACE] graph - -------> nonSkippedChar
2021-11-21T23:53:22,673|[TRACE] script - #out(`U`) [token]
2021-11-21T23:53:22,673|[TRACE] graph - <------- nonSkippedChar
2021-11-21T23:53:22,673|[TRACE] graph - <----- statementPart
2021-11-21T23:53:22,673|[TRACE] graph - -----> statementPart
2021-11-21T23:53:22,673|[TRACE] graph - -------> nonSkippedChar
2021-11-21T23:53:22,673|[TRACE] script - #out(`L`) [token]
2021-11-21T23:53:22,673|[TRACE] graph - <------- nonSkippedChar
2021-11-21T23:53:22,673|[TRACE] graph - <----- statementPart
2021-11-21T23:53:22,673|[TRACE] graph - -----> statementPart
2021-11-21T23:53:22,673|[TRACE] graph - -------> nonSkippedChar
2021-11-21T23:53:22,673|[TRACE] script - #out(`L`) [token]
2021-11-21T23:53:22,673|[TRACE] graph - <------- nonSkippedChar
2021-11-21T23:53:22,673|[TRACE] graph - <----- statementPart
2021-11-21T23:53:22,673|[TRACE] graph - -----> statementPart
2021-11-21T23:53:22,673|[TRACE] graph - -------> nonSkippedChar
2021-11-21T23:53:22,673|[TRACE] script - #out(`,`) [token]
2021-11-21T23:53:22,673|[TRACE] graph - <------- nonSkippedChar
2021-11-21T23:53:22,673|[TRACE] graph - <----- statementPart
2021-11-21T23:53:22,673|[TRACE] graph - -----> afterStatementPartNewline
2021-11-21T23:53:22,673|[TRACE] script - #out(` `) [text]
2021-11-21T23:53:22,673|[TRACE] graph - <----- afterStatementPartNewline
2021-11-21T23:53:22,673|[TRACE] graph - -----> statementPart
2021-11-21T23:53:22,673|[TRACE] graph - -------> nonSkippedSpace
2021-11-21T23:53:22,673|[TRACE] script - #out(` `) [token]
2021-11-21T23:53:22,673|[TRACE] graph - <------- nonSkippedSpace
2021-11-21T23:53:22,673|[TRACE] graph - <----- statementPart
2021-11-21T23:53:22,673|[TRACE] graph - -----> statementPart
2021-11-21T23:53:22,673|[TRACE] graph - -------> nonSkippedSpace
2021-11-21T23:53:22,673|[TRACE] script - #out(` `) [token]
2021-11-21T23:53:22,673|[TRACE] graph - <------- nonSkippedSpace
2021-11-21T23:53:22,673|[TRACE] graph - <----- statementPart
2021-11-21T23:53:22,673|[TRACE] graph - -----> statementPart
2021-11-21T23:53:22,673|[TRACE] graph - -------> quotedString
2021-11-21T23:53:22,673|[TRACE] script - #out(``rhd``) [token]
2021-11-21T23:53:22,673|[TRACE] graph - <------- quotedString
2021-11-21T23:53:22,673|[TRACE] graph - <----- statementPart
2021-11-21T23:53:22,673|[TRACE] graph - -----> statementPart
2021-11-21T23:53:22,673|[TRACE] graph - -------> nonSkippedSpace
2021-11-21T23:53:22,673|[TRACE] script - #out(` `) [token]
2021-11-21T23:53:22,673|[TRACE] graph - <------- nonSkippedSpace
2021-11-21T23:53:22,673|[TRACE] graph - <----- statementPart
2021-11-21T23:53:22,673|[TRACE] graph - -----> statementPart
2021-11-21T23:53:22,673|[TRACE] graph - -------> nonSkippedChar
2021-11-21T23:53:22,673|[TRACE] script - #out(`B`) [token]
2021-11-21T23:53:22,673|[TRACE] graph - <------- nonSkippedChar
2021-11-21T23:53:22,673|[TRACE] graph - <----- statementPart
2021-11-21T23:53:22,673|[TRACE] graph - -----> statementPart
2021-11-21T23:53:22,673|[TRACE] graph - -------> nonSkippedChar
2021-11-21T23:53:22,673|[TRACE] script - #out(`I`) [token]
2021-11-21T23:53:22,673|[TRACE] graph - <------- nonSkippedChar
2021-11-21T23:53:22,673|[TRACE] graph - <----- statementPart
2021-11-21T23:53:22,673|[TRACE] graph - -----> statementPart
2021-11-21T23:53:22,673|[TRACE] graph - -------> nonSkippedChar
2021-11-21T23:53:22,673|[TRACE] script - #out(`T`) [token]
2021-11-21T23:53:22,673|[TRACE] graph - <------- nonSkippedChar
2021-11-21T23:53:22,673|[TRACE] graph - <----- statementPart
2021-11-21T23:53:22,673|[TRACE] graph - -----> statementPart
2021-11-21T23:53:22,673|[TRACE] graph - -------> nonSkippedChar
2021-11-21T23:53:22,673|[TRACE] script - #out(`(`) [token]
2021-11-21T23:53:22,673|[TRACE] graph - <------- nonSkippedChar
2021-11-21T23:53:22,673|[TRACE] graph - <----- statementPart
2021-11-21T23:53:22,673|[TRACE] graph - -----> statementPart
2021-11-21T23:53:22,673|[TRACE] graph - -------> nonSkippedChar
2021-11-21T23:53:22,673|[TRACE] script - #out(`1`) [token]
2021-11-21T23:53:22,673|[TRACE] graph - <------- nonSkippedChar
2021-11-21T23:53:22,673|[TRACE] graph - <----- statementPart
2021-11-21T23:53:22,673|[TRACE] graph - -----> statementPart
2021-11-21T23:53:22,673|[TRACE] graph - -------> nonSkippedChar
2021-11-21T23:53:22,673|[TRACE] script - #out(`)`) [token]
2021-11-21T23:53:22,673|[TRACE] graph - <------- nonSkippedChar
2021-11-21T23:53:22,673|[TRACE] graph - <----- statementPart
2021-11-21T23:53:22,673|[TRACE] graph - -----> statementPart
2021-11-21T23:53:22,673|[TRACE] graph - -------> nonSkippedSpace
2021-11-21T23:53:22,673|[TRACE] script - #out(` `) [token]
2021-11-21T23:53:22,673|[TRACE] graph - <------- nonSkippedSpace
2021-11-21T23:53:22,673|[TRACE] graph - <----- statementPart
2021-11-21T23:53:22,673|[TRACE] graph - -----> statementPart
2021-11-21T23:53:22,673|[TRACE] graph - -------> nonSkippedChar
2021-11-21T23:53:22,673|[TRACE] script - #out(`N`) [token]
2021-11-21T23:53:22,673|[TRACE] graph - <------- nonSkippedChar
2021-11-21T23:53:22,673|[TRACE] graph - <----- statementPart
2021-11-21T23:53:22,673|[TRACE] graph - -----> statementPart
2021-11-21T23:53:22,673|[TRACE] graph - -------> nonSkippedChar
2021-11-21T23:53:22,673|[TRACE] script - #out(`O`) [token]
2021-11-21T23:53:22,673|[TRACE] graph - <------- nonSkippedChar
2021-11-21T23:53:22,673|[TRACE] graph - <----- statementPart
2021-11-21T23:53:22,673|[TRACE] graph - -----> statementPart
2021-11-21T23:53:22,673|[TRACE] graph - -------> nonSkippedChar
2021-11-21T23:53:22,673|[TRACE] script - #out(`T`) [token]
2021-11-21T23:53:22,673|[TRACE] graph - <------- nonSkippedChar
2021-11-21T23:53:22,673|[TRACE] graph - <----- statementPart
2021-11-21T23:53:22,673|[TRACE] graph - -----> statementPart
2021-11-21T23:53:22,673|[TRACE] graph - -------> nonSkippedSpace
2021-11-21T23:53:22,673|[TRACE] script - #out(` `) [token]
2021-11-21T23:53:22,673|[TRACE] graph - <------- nonSkippedSpace
2021-11-21T23:53:22,673|[TRACE] graph - <----- statementPart
2021-11-21T23:53:22,673|[TRACE] graph - -----> statementPart
2021-11-21T23:53:22,673|[TRACE] graph - -------> nonSkippedChar
2021-11-21T23:53:22,673|[TRACE] script - #out(`N`) [token]
2021-11-21T23:53:22,673|[TRACE] graph - <------- nonSkippedChar
2021-11-21T23:53:22,673|[TRACE] graph - <----- statementPart
2021-11-21T23:53:22,673|[TRACE] graph - -----> statementPart
2021-11-21T23:53:22,673|[TRACE] graph - -------> nonSkippedChar
2021-11-21T23:53:22,673|[TRACE] script - #out(`U`) [token]
2021-11-21T23:53:22,673|[TRACE] graph - <------- nonSkippedChar
2021-11-21T23:53:22,673|[TRACE] graph - <----- statementPart
2021-11-21T23:53:22,673|[TRACE] graph - -----> statementPart
2021-11-21T23:53:22,673|[TRACE] graph - -------> nonSkippedChar
2021-11-21T23:53:22,673|[TRACE] script - #out(`L`) [token]
2021-11-21T23:53:22,673|[TRACE] graph - <------- nonSkippedChar
2021-11-21T23:53:22,673|[TRACE] graph - <----- statementPart
2021-11-21T23:53:22,673|[TRACE] graph - -----> statementPart
2021-11-21T23:53:22,673|[TRACE] graph - -------> nonSkippedChar
2021-11-21T23:53:22,673|[TRACE] script - #out(`L`) [token]
2021-11-21T23:53:22,673|[TRACE] graph - <------- nonSkippedChar
2021-11-21T23:53:22,673|[TRACE] graph - <----- statementPart
2021-11-21T23:53:22,673|[TRACE] graph - -----> statementPart
2021-11-21T23:53:22,673|[TRACE] graph - -------> nonSkippedChar
2021-11-21T23:53:22,673|[TRACE] script - #out(`,`) [token]
2021-11-21T23:53:22,673|[TRACE] graph - <------- nonSkippedChar
2021-11-21T23:53:22,673|[TRACE] graph - <----- statementPart
2021-11-21T23:53:22,673|[TRACE] graph - -----> afterStatementPartNewline
2021-11-21T23:53:22,673|[TRACE] script - #out(` `) [text]
2021-11-21T23:53:22,673|[TRACE] graph - <----- afterStatementPartNewline
2021-11-21T23:53:22,673|[TRACE] graph - -----> statementPart
2021-11-21T23:53:22,673|[TRACE] graph - -------> nonSkippedSpace
2021-11-21T23:53:22,673|[TRACE] script - #out(` `) [token]
2021-11-21T23:53:22,673|[TRACE] graph - <------- nonSkippedSpace
2021-11-21T23:53:22,673|[TRACE] graph - <----- statementPart
2021-11-21T23:53:22,673|[TRACE] graph - -----> statementPart
2021-11-21T23:53:22,673|[TRACE] graph - -------> nonSkippedSpace
2021-11-21T23:53:22,673|[TRACE] script - #out(` `) [token]
2021-11-21T23:53:22,673|[TRACE] graph - <------- nonSkippedSpace
2021-11-21T23:53:22,673|[TRACE] graph - <----- statementPart
2021-11-21T23:53:22,673|[TRACE] graph - -----> statementPart
2021-11-21T23:53:22,673|[TRACE] graph - -------> quotedString
2021-11-21T23:53:22,673|[TRACE] script - #out(``created``) [token]
2021-11-21T23:53:22,673|[TRACE] graph - <------- quotedString
2021-11-21T23:53:22,673|[TRACE] graph - <----- statementPart
2021-11-21T23:53:22,673|[TRACE] graph - -----> statementPart
2021-11-21T23:53:22,673|[TRACE] graph - -------> nonSkippedSpace
2021-11-21T23:53:22,673|[TRACE] script - #out(` `) [token]
2021-11-21T23:53:22,673|[TRACE] graph - <------- nonSkippedSpace
2021-11-21T23:53:22,673|[TRACE] graph - <----- statementPart
2021-11-21T23:53:22,673|[TRACE] graph - -----> statementPart
2021-11-21T23:53:22,673|[TRACE] graph - -------> nonSkippedChar
2021-11-21T23:53:22,673|[TRACE] script - #out(`B`) [token]
2021-11-21T23:53:22,673|[TRACE] graph - <------- nonSkippedChar
2021-11-21T23:53:22,673|[TRACE] graph - <----- statementPart
2021-11-21T23:53:22,673|[TRACE] graph - -----> statementPart
2021-11-21T23:53:22,673|[TRACE] graph - -------> nonSkippedChar
2021-11-21T23:53:22,673|[TRACE] script - #out(`I`) [token]
2021-11-21T23:53:22,673|[TRACE] graph - <------- nonSkippedChar
2021-11-21T23:53:22,673|[TRACE] graph - <----- statementPart
2021-11-21T23:53:22,673|[TRACE] graph - -----> statementPart
2021-11-21T23:53:22,673|[TRACE] graph - -------> nonSkippedChar
2021-11-21T23:53:22,673|[TRACE] script - #out(`G`) [token]
2021-11-21T23:53:22,673|[TRACE] graph - <------- nonSkippedChar
2021-11-21T23:53:22,673|[TRACE] graph - <----- statementPart
2021-11-21T23:53:22,673|[TRACE] graph - -----> statementPart
2021-11-21T23:53:22,673|[TRACE] graph - -------> nonSkippedChar
2021-11-21T23:53:22,673|[TRACE] script - #out(`I`) [token]
2021-11-21T23:53:22,673|[TRACE] graph - <------- nonSkippedChar
2021-11-21T23:53:22,673|[TRACE] graph - <----- statementPart
2021-11-21T23:53:22,673|[TRACE] graph - -----> statementPart
2021-11-21T23:53:22,673|[TRACE] graph - -------> nonSkippedChar
2021-11-21T23:53:22,673|[TRACE] script - #out(`N`) [token]
2021-11-21T23:53:22,673|[TRACE] graph - <------- nonSkippedChar
2021-11-21T23:53:22,673|[TRACE] graph - <----- statementPart
2021-11-21T23:53:22,673|[TRACE] graph - -----> statementPart
2021-11-21T23:53:22,673|[TRACE] graph - -------> nonSkippedChar
2021-11-21T23:53:22,673|[TRACE] script - #out(`T`) [token]
2021-11-21T23:53:22,673|[TRACE] graph - <------- nonSkippedChar
2021-11-21T23:53:22,673|[TRACE] graph - <----- statementPart
2021-11-21T23:53:22,673|[TRACE] graph - -----> statementPart
2021-11-21T23:53:22,673|[TRACE] graph - -------> nonSkippedSpace
2021-11-21T23:53:22,673|[TRACE] script - #out(` `) [token]
2021-11-21T23:53:22,673|[TRACE] graph - <------- nonSkippedSpace
2021-11-21T23:53:22,673|[TRACE] graph - <----- statementPart
2021-11-21T23:53:22,673|[TRACE] graph - -----> statementPart
2021-11-21T23:53:22,673|[TRACE] graph - -------> nonSkippedChar
2021-11-21T23:53:22,673|[TRACE] script - #out(`N`) [token]
2021-11-21T23:53:22,673|[TRACE] graph - <------- nonSkippedChar
2021-11-21T23:53:22,673|[TRACE] graph - <----- statementPart
2021-11-21T23:53:22,673|[TRACE] graph - -----> statementPart
2021-11-21T23:53:22,673|[TRACE] graph - -------> nonSkippedChar
2021-11-21T23:53:22,673|[TRACE] script - #out(`O`) [token]
2021-11-21T23:53:22,673|[TRACE] graph - <------- nonSkippedChar
2021-11-21T23:53:22,673|[TRACE] graph - <----- statementPart
2021-11-21T23:53:22,673|[TRACE] graph - -----> statementPart
2021-11-21T23:53:22,673|[TRACE] graph - -------> nonSkippedChar
2021-11-21T23:53:22,673|[TRACE] script - #out(`T`) [token]
2021-11-21T23:53:22,673|[TRACE] graph - <------- nonSkippedChar
2021-11-21T23:53:22,673|[TRACE] graph - <----- statementPart
2021-11-21T23:53:22,673|[TRACE] graph - -----> statementPart
2021-11-21T23:53:22,673|[TRACE] graph - -------> nonSkippedSpace
2021-11-21T23:53:22,673|[TRACE] script - #out(` `) [token]
2021-11-21T23:53:22,673|[TRACE] graph - <------- nonSkippedSpace
2021-11-21T23:53:22,673|[TRACE] graph - <----- statementPart
2021-11-21T23:53:22,673|[TRACE] graph - -----> statementPart
2021-11-21T23:53:22,673|[TRACE] graph - -------> nonSkippedChar
2021-11-21T23:53:22,673|[TRACE] script - #out(`N`) [token]
2021-11-21T23:53:22,673|[TRACE] graph - <------- nonSkippedChar
2021-11-21T23:53:22,673|[TRACE] graph - <----- statementPart
2021-11-21T23:53:22,673|[TRACE] graph - -----> statementPart
2021-11-21T23:53:22,673|[TRACE] graph - -------> nonSkippedChar
2021-11-21T23:53:22,673|[TRACE] script - #out(`U`) [token]
2021-11-21T23:53:22,673|[TRACE] graph - <------- nonSkippedChar
2021-11-21T23:53:22,673|[TRACE] graph - <----- statementPart
2021-11-21T23:53:22,673|[TRACE] graph - -----> statementPart
2021-11-21T23:53:22,673|[TRACE] graph - -------> nonSkippedChar
2021-11-21T23:53:22,673|[TRACE] script - #out(`L`) [token]
2021-11-21T23:53:22,673|[TRACE] graph - <------- nonSkippedChar
2021-11-21T23:53:22,673|[TRACE] graph - <----- statementPart
2021-11-21T23:53:22,673|[TRACE] graph - -----> statementPart
2021-11-21T23:53:22,673|[TRACE] graph - -------> nonSkippedChar
2021-11-21T23:53:22,673|[TRACE] script - #out(`L`) [token]
2021-11-21T23:53:22,673|[TRACE] graph - <------- nonSkippedChar
2021-11-21T23:53:22,673|[TRACE] graph - <----- statementPart
2021-11-21T23:53:22,673|[TRACE] graph - -----> statementPart
2021-11-21T23:53:22,673|[TRACE] graph - -------> nonSkippedSpace
2021-11-21T23:53:22,673|[TRACE] script - #out(` `) [token]
2021-11-21T23:53:22,673|[TRACE] graph - <------- nonSkippedSpace
2021-11-21T23:53:22,673|[TRACE] graph - <----- statementPart
2021-11-21T23:53:22,673|[TRACE] graph - -----> statementPart
2021-11-21T23:53:22,673|[TRACE] graph - -------> nonSkippedChar
2021-11-21T23:53:22,673|[TRACE] script - #out(`D`) [token]
2021-11-21T23:53:22,673|[TRACE] graph - <------- nonSkippedChar
2021-11-21T23:53:22,673|[TRACE] graph - <----- statementPart
2021-11-21T23:53:22,673|[TRACE] graph - -----> statementPart
2021-11-21T23:53:22,673|[TRACE] graph - -------> nonSkippedChar
2021-11-21T23:53:22,673|[TRACE] script - #out(`E`) [token]
2021-11-21T23:53:22,673|[TRACE] graph - <------- nonSkippedChar
2021-11-21T23:53:22,673|[TRACE] graph - <----- statementPart
2021-11-21T23:53:22,673|[TRACE] graph - -----> statementPart
2021-11-21T23:53:22,673|[TRACE] graph - -------> nonSkippedChar
2021-11-21T23:53:22,673|[TRACE] script - #out(`F`) [token]
2021-11-21T23:53:22,673|[TRACE] graph - <------- nonSkippedChar
2021-11-21T23:53:22,673|[TRACE] graph - <----- statementPart
2021-11-21T23:53:22,673|[TRACE] graph - -----> statementPart
2021-11-21T23:53:22,673|[TRACE] graph - -------> nonSkippedChar
2021-11-21T23:53:22,673|[TRACE] script - #out(`A`) [token]
2021-11-21T23:53:22,768|[TRACE] graph - <------- nonSkippedChar
2021-11-21T23:53:22,768|[TRACE] graph - <----- statementPart
2021-11-21T23:53:22,768|[TRACE] graph - -----> statementPart
2021-11-21T23:53:22,768|[TRACE] graph - -------> nonSkippedChar
2021-11-21T23:53:22,768|[TRACE] script - #out(`U`) [token]
2021-11-21T23:53:22,768|[TRACE] graph - <------- nonSkippedChar
2021-11-21T23:53:22,768|[TRACE] graph - <----- statementPart
2021-11-21T23:53:22,768|[TRACE] graph - -----> statementPart
2021-11-21T23:53:22,768|[TRACE] graph - -------> nonSkippedChar
2021-11-21T23:53:22,768|[TRACE] script - #out(`L`) [token]
2021-11-21T23:53:22,768|[TRACE] graph - <------- nonSkippedChar
2021-11-21T23:53:22,768|[TRACE] graph - <----- statementPart
2021-11-21T23:53:22,768|[TRACE] graph - -----> statementPart
2021-11-21T23:53:22,768|[TRACE] graph - -------> nonSkippedChar
2021-11-21T23:53:22,768|[TRACE] script - #out(`T`) [token]
2021-11-21T23:53:22,768|[TRACE] graph - <------- nonSkippedChar
2021-11-21T23:53:22,768|[TRACE] graph - <----- statementPart
2021-11-21T23:53:22,768|[TRACE] graph - -----> statementPart
2021-11-21T23:53:22,768|[TRACE] graph - -------> nonSkippedSpace
2021-11-21T23:53:22,768|[TRACE] script - #out(` `) [token]
2021-11-21T23:53:22,768|[TRACE] graph - <------- nonSkippedSpace
2021-11-21T23:53:22,768|[TRACE] graph - <----- statementPart
2021-11-21T23:53:22,768|[TRACE] graph - -----> statementPart
2021-11-21T23:53:22,768|[TRACE] graph - -------> nonSkippedChar
2021-11-21T23:53:22,768|[TRACE] script - #out(`(`) [token]
2021-11-21T23:53:22,768|[TRACE] graph - <------- nonSkippedChar
2021-11-21T23:53:22,768|[TRACE] graph - <----- statementPart
2021-11-21T23:53:22,768|[TRACE] graph - -----> statementPart
2021-11-21T23:53:22,768|[TRACE] graph - -------> nonSkippedChar
2021-11-21T23:53:22,768|[TRACE] script - #out(`u`) [token]
2021-11-21T23:53:22,768|[TRACE] graph - <------- nonSkippedChar
2021-11-21T23:53:22,768|[TRACE] graph - <----- statementPart
2021-11-21T23:53:22,768|[TRACE] graph - -----> statementPart
2021-11-21T23:53:22,768|[TRACE] graph - -------> nonSkippedChar
2021-11-21T23:53:22,768|[TRACE] script - #out(`n`) [token]
2021-11-21T23:53:22,768|[TRACE] graph - <------- nonSkippedChar
2021-11-21T23:53:22,768|[TRACE] graph - <----- statementPart
2021-11-21T23:53:22,768|[TRACE] graph - -----> statementPart
2021-11-21T23:53:22,768|[TRACE] graph - -------> nonSkippedChar
2021-11-21T23:53:22,768|[TRACE] script - #out(`i`) [token]
2021-11-21T23:53:22,768|[TRACE] graph - <------- nonSkippedChar
2021-11-21T23:53:22,768|[TRACE] graph - <----- statementPart
2021-11-21T23:53:22,768|[TRACE] graph - -----> statementPart
2021-11-21T23:53:22,768|[TRACE] graph - -------> nonSkippedChar
2021-11-21T23:53:22,768|[TRACE] script - #out(`x`) [token]
2021-11-21T23:53:22,768|[TRACE] graph - <------- nonSkippedChar
2021-11-21T23:53:22,768|[TRACE] graph - <----- statementPart
2021-11-21T23:53:22,768|[TRACE] graph - -----> statementPart
2021-11-21T23:53:22,768|[TRACE] graph - -------> nonSkippedChar
2021-11-21T23:53:22,768|[TRACE] script - #out(`_`) [token]
2021-11-21T23:53:22,768|[TRACE] graph - <------- nonSkippedChar
2021-11-21T23:53:22,768|[TRACE] graph - <----- statementPart
2021-11-21T23:53:22,768|[TRACE] graph - -----> statementPart
2021-11-21T23:53:22,768|[TRACE] graph - -------> nonSkippedChar
2021-11-21T23:53:22,768|[TRACE] script - #out(`t`) [token]
2021-11-21T23:53:22,768|[TRACE] graph - <------- nonSkippedChar
2021-11-21T23:53:22,768|[TRACE] graph - <----- statementPart
2021-11-21T23:53:22,768|[TRACE] graph - -----> statementPart
2021-11-21T23:53:22,768|[TRACE] graph - -------> nonSkippedChar
2021-11-21T23:53:22,768|[TRACE] script - #out(`i`) [token]
2021-11-21T23:53:22,768|[TRACE] graph - <------- nonSkippedChar
2021-11-21T23:53:22,768|[TRACE] graph - <----- statementPart
2021-11-21T23:53:22,768|[TRACE] graph - -----> statementPart
2021-11-21T23:53:22,768|[TRACE] graph - -------> nonSkippedChar
2021-11-21T23:53:22,768|[TRACE] script - #out(`m`) [token]
2021-11-21T23:53:22,768|[TRACE] graph - <------- nonSkippedChar
2021-11-21T23:53:22,768|[TRACE] graph - <----- statementPart
2021-11-21T23:53:22,768|[TRACE] graph - -----> statementPart
2021-11-21T23:53:22,768|[TRACE] graph - -------> nonSkippedChar
2021-11-21T23:53:22,768|[TRACE] script - #out(`e`) [token]
2021-11-21T23:53:22,768|[TRACE] graph - <------- nonSkippedChar
2021-11-21T23:53:22,768|[TRACE] graph - <----- statementPart
2021-11-21T23:53:22,768|[TRACE] graph - -----> statementPart
2021-11-21T23:53:22,768|[TRACE] graph - -------> nonSkippedChar
2021-11-21T23:53:22,768|[TRACE] script - #out(`s`) [token]
2021-11-21T23:53:22,768|[TRACE] graph - <------- nonSkippedChar
2021-11-21T23:53:22,768|[TRACE] graph - <----- statementPart
2021-11-21T23:53:22,768|[TRACE] graph - -----> statementPart
2021-11-21T23:53:22,768|[TRACE] graph - -------> nonSkippedChar
2021-11-21T23:53:22,768|[TRACE] script - #out(`t`) [token]
2021-11-21T23:53:22,768|[TRACE] graph - <------- nonSkippedChar
2021-11-21T23:53:22,768|[TRACE] graph - <----- statementPart
2021-11-21T23:53:22,768|[TRACE] graph - -----> statementPart
2021-11-21T23:53:22,768|[TRACE] graph - -------> nonSkippedChar
2021-11-21T23:53:22,768|[TRACE] script - #out(`a`) [token]
2021-11-21T23:53:22,768|[TRACE] graph - <------- nonSkippedChar
2021-11-21T23:53:22,768|[TRACE] graph - <----- statementPart
2021-11-21T23:53:22,768|[TRACE] graph - -----> statementPart
2021-11-21T23:53:22,768|[TRACE] graph - -------> nonSkippedChar
2021-11-21T23:53:22,768|[TRACE] script - #out(`m`) [token]
2021-11-21T23:53:22,768|[TRACE] graph - <------- nonSkippedChar
2021-11-21T23:53:22,768|[TRACE] graph - <----- statementPart
2021-11-21T23:53:22,768|[TRACE] graph - -----> statementPart
2021-11-21T23:53:22,768|[TRACE] graph - -------> nonSkippedChar
2021-11-21T23:53:22,768|[TRACE] script - #out(`p`) [token]
2021-11-21T23:53:22,768|[TRACE] graph - <------- nonSkippedChar
2021-11-21T23:53:22,768|[TRACE] graph - <----- statementPart
2021-11-21T23:53:22,768|[TRACE] graph - -----> statementPart
2021-11-21T23:53:22,768|[TRACE] graph - -------> nonSkippedChar
2021-11-21T23:53:22,768|[TRACE] script - #out(`(`) [token]
2021-11-21T23:53:22,768|[TRACE] graph - <------- nonSkippedChar
2021-11-21T23:53:22,768|[TRACE] graph - <----- statementPart
2021-11-21T23:53:22,768|[TRACE] graph - -----> statementPart
2021-11-21T23:53:22,768|[TRACE] graph - -------> nonSkippedChar
2021-11-21T23:53:22,768|[TRACE] script - #out(`n`) [token]
2021-11-21T23:53:22,768|[TRACE] graph - <------- nonSkippedChar
2021-11-21T23:53:22,768|[TRACE] graph - <----- statementPart
2021-11-21T23:53:22,768|[TRACE] graph - -----> statementPart
2021-11-21T23:53:22,768|[TRACE] graph - -------> nonSkippedChar
2021-11-21T23:53:22,768|[TRACE] script - #out(`o`) [token]
2021-11-21T23:53:22,768|[TRACE] graph - <------- nonSkippedChar
2021-11-21T23:53:22,768|[TRACE] graph - <----- statementPart
2021-11-21T23:53:22,768|[TRACE] graph - -----> statementPart
2021-11-21T23:53:22,768|[TRACE] graph - -------> nonSkippedChar
2021-11-21T23:53:22,768|[TRACE] script - #out(`w`) [token]
2021-11-21T23:53:22,768|[TRACE] graph - <------- nonSkippedChar
2021-11-21T23:53:22,768|[TRACE] graph - <----- statementPart
2021-11-21T23:53:22,768|[TRACE] graph - -----> statementPart
2021-11-21T23:53:22,768|[TRACE] graph - -------> nonSkippedChar
2021-11-21T23:53:22,768|[TRACE] script - #out(`(`) [token]
2021-11-21T23:53:22,768|[TRACE] graph - <------- nonSkippedChar
2021-11-21T23:53:22,768|[TRACE] graph - <----- statementPart
2021-11-21T23:53:22,768|[TRACE] graph - -----> statementPart
2021-11-21T23:53:22,768|[TRACE] graph - -------> nonSkippedChar
2021-11-21T23:53:22,768|[TRACE] script - #out(`)`) [token]
2021-11-21T23:53:22,768|[TRACE] graph - <------- nonSkippedChar
2021-11-21T23:53:22,768|[TRACE] graph - <----- statementPart
2021-11-21T23:53:22,768|[TRACE] graph - -----> statementPart
2021-11-21T23:53:22,768|[TRACE] graph - -------> nonSkippedChar
2021-11-21T23:53:22,768|[TRACE] script - #out(`)`) [token]
2021-11-21T23:53:22,768|[TRACE] graph - <------- nonSkippedChar
2021-11-21T23:53:22,768|[TRACE] graph - <----- statementPart
2021-11-21T23:53:22,768|[TRACE] graph - -----> statementPart
2021-11-21T23:53:22,768|[TRACE] graph - -------> nonSkippedSpace
2021-11-21T23:53:22,768|[TRACE] script - #out(` `) [token]
2021-11-21T23:53:22,768|[TRACE] graph - <------- nonSkippedSpace
2021-11-21T23:53:22,768|[TRACE] graph - <----- statementPart
2021-11-21T23:53:22,768|[TRACE] graph - -----> statementPart
2021-11-21T23:53:22,768|[TRACE] graph - -------> nonSkippedChar
2021-11-21T23:53:22,768|[TRACE] script - #out(`*`) [token]
2021-11-21T23:53:22,768|[TRACE] graph - <------- nonSkippedChar
2021-11-21T23:53:22,768|[TRACE] graph - <----- statementPart
2021-11-21T23:53:22,768|[TRACE] graph - -----> statementPart
2021-11-21T23:53:22,768|[TRACE] graph - -------> nonSkippedSpace
2021-11-21T23:53:22,768|[TRACE] script - #out(` `) [token]
2021-11-21T23:53:22,768|[TRACE] graph - <------- nonSkippedSpace
2021-11-21T23:53:22,768|[TRACE] graph - <----- statementPart
2021-11-21T23:53:22,768|[TRACE] graph - -----> statementPart
2021-11-21T23:53:22,768|[TRACE] graph - -------> nonSkippedChar
2021-11-21T23:53:22,768|[TRACE] script - #out(`1`) [token]
2021-11-21T23:53:22,768|[TRACE] graph - <------- nonSkippedChar
2021-11-21T23:53:22,768|[TRACE] graph - <----- statementPart
2021-11-21T23:53:22,768|[TRACE] graph - -----> statementPart
2021-11-21T23:53:22,768|[TRACE] graph - -------> nonSkippedChar
2021-11-21T23:53:22,768|[TRACE] script - #out(`0`) [token]
2021-11-21T23:53:22,768|[TRACE] graph - <------- nonSkippedChar
2021-11-21T23:53:22,768|[TRACE] graph - <----- statementPart
2021-11-21T23:53:22,768|[TRACE] graph - -----> statementPart
2021-11-21T23:53:22,768|[TRACE] graph - -------> nonSkippedChar
2021-11-21T23:53:22,768|[TRACE] script - #out(`0`) [token]
2021-11-21T23:53:22,768|[TRACE] graph - <------- nonSkippedChar
2021-11-21T23:53:22,768|[TRACE] graph - <----- statementPart
2021-11-21T23:53:22,768|[TRACE] graph - -----> statementPart
2021-11-21T23:53:22,768|[TRACE] graph - -------> nonSkippedChar
2021-11-21T23:53:22,768|[TRACE] script - #out(`0`) [token]
2021-11-21T23:53:22,768|[TRACE] graph - <------- nonSkippedChar
2021-11-21T23:53:22,768|[TRACE] graph - <----- statementPart
2021-11-21T23:53:22,768|[TRACE] graph - -----> statementPart
2021-11-21T23:53:22,768|[TRACE] graph - -------> nonSkippedChar
2021-11-21T23:53:22,768|[TRACE] script - #out(`)`) [token]
2021-11-21T23:53:22,768|[TRACE] graph - <------- nonSkippedChar
2021-11-21T23:53:22,768|[TRACE] graph - <----- statementPart
2021-11-21T23:53:22,768|[TRACE] graph - -----> statementPart
2021-11-21T23:53:22,768|[TRACE] graph - -------> nonSkippedChar
2021-11-21T23:53:22,768|[TRACE] script - #out(`,`) [token]
2021-11-21T23:53:22,768|[TRACE] graph - <------- nonSkippedChar
2021-11-21T23:53:22,768|[TRACE] graph - <----- statementPart
2021-11-21T23:53:22,768|[TRACE] graph - -----> afterStatementPartNewline
2021-11-21T23:53:22,768|[TRACE] script - #out(` `) [text]
2021-11-21T23:53:22,768|[TRACE] graph - <----- afterStatementPartNewline
2021-11-21T23:53:22,768|[TRACE] graph - -----> statementPart
2021-11-21T23:53:22,768|[TRACE] graph - -------> nonSkippedSpace
2021-11-21T23:53:22,768|[TRACE] script - #out(` `) [token]
2021-11-21T23:53:22,768|[TRACE] graph - <------- nonSkippedSpace
2021-11-21T23:53:22,768|[TRACE] graph - <----- statementPart
2021-11-21T23:53:22,768|[TRACE] graph - -----> statementPart
2021-11-21T23:53:22,768|[TRACE] graph - -------> nonSkippedSpace
2021-11-21T23:53:22,768|[TRACE] script - #out(` `) [token]
2021-11-21T23:53:22,768|[TRACE] graph - <------- nonSkippedSpace
2021-11-21T23:53:22,768|[TRACE] graph - <----- statementPart
2021-11-21T23:53:22,768|[TRACE] graph - -----> statementPart
2021-11-21T23:53:22,768|[TRACE] graph - -------> quotedString
2021-11-21T23:53:22,768|[TRACE] script - #out(``updated``) [token]
2021-11-21T23:53:22,768|[TRACE] graph - <------- quotedString
2021-11-21T23:53:22,768|[TRACE] graph - <----- statementPart
2021-11-21T23:53:22,768|[TRACE] graph - -----> statementPart
2021-11-21T23:53:22,768|[TRACE] graph - -------> nonSkippedSpace
2021-11-21T23:53:22,768|[TRACE] script - #out(` `) [token]
2021-11-21T23:53:22,768|[TRACE] graph - <------- nonSkippedSpace
2021-11-21T23:53:22,768|[TRACE] graph - <----- statementPart
2021-11-21T23:53:22,768|[TRACE] graph - -----> statementPart
2021-11-21T23:53:22,768|[TRACE] graph - -------> nonSkippedChar
2021-11-21T23:53:22,768|[TRACE] script - #out(`B`) [token]
2021-11-21T23:53:22,768|[TRACE] graph - <------- nonSkippedChar
2021-11-21T23:53:22,768|[TRACE] graph - <----- statementPart
2021-11-21T23:53:22,768|[TRACE] graph - -----> statementPart
2021-11-21T23:53:22,768|[TRACE] graph - -------> nonSkippedChar
2021-11-21T23:53:22,768|[TRACE] script - #out(`I`) [token]
2021-11-21T23:53:22,768|[TRACE] graph - <------- nonSkippedChar
2021-11-21T23:53:22,768|[TRACE] graph - <----- statementPart
2021-11-21T23:53:22,768|[TRACE] graph - -----> statementPart
2021-11-21T23:53:22,768|[TRACE] graph - -------> nonSkippedChar
2021-11-21T23:53:22,768|[TRACE] script - #out(`G`) [token]
2021-11-21T23:53:22,768|[TRACE] graph - <------- nonSkippedChar
2021-11-21T23:53:22,768|[TRACE] graph - <----- statementPart
2021-11-21T23:53:22,768|[TRACE] graph - -----> statementPart
2021-11-21T23:53:22,768|[TRACE] graph - -------> nonSkippedChar
2021-11-21T23:53:22,768|[TRACE] script - #out(`I`) [token]
2021-11-21T23:53:22,768|[TRACE] graph - <------- nonSkippedChar
2021-11-21T23:53:22,768|[TRACE] graph - <----- statementPart
2021-11-21T23:53:22,768|[TRACE] graph - -----> statementPart
2021-11-21T23:53:22,768|[TRACE] graph - -------> nonSkippedChar
2021-11-21T23:53:22,768|[TRACE] script - #out(`N`) [token]
2021-11-21T23:53:22,768|[TRACE] graph - <------- nonSkippedChar
2021-11-21T23:53:22,768|[TRACE] graph - <----- statementPart
2021-11-21T23:53:22,768|[TRACE] graph - -----> statementPart
2021-11-21T23:53:22,768|[TRACE] graph - -------> nonSkippedChar
2021-11-21T23:53:22,769|[TRACE] script - #out(`T`) [token]
2021-11-21T23:53:22,769|[TRACE] graph - <------- nonSkippedChar
2021-11-21T23:53:22,769|[TRACE] graph - <----- statementPart
2021-11-21T23:53:22,769|[TRACE] graph - -----> statementPart
2021-11-21T23:53:22,769|[TRACE] graph - -------> nonSkippedSpace
2021-11-21T23:53:22,769|[TRACE] script - #out(` `) [token]
2021-11-21T23:53:22,769|[TRACE] graph - <------- nonSkippedSpace
2021-11-21T23:53:22,769|[TRACE] graph - <----- statementPart
2021-11-21T23:53:22,769|[TRACE] graph - -----> statementPart
2021-11-21T23:53:22,769|[TRACE] graph - -------> nonSkippedChar
2021-11-21T23:53:22,769|[TRACE] script - #out(`N`) [token]
2021-11-21T23:53:22,769|[TRACE] graph - <------- nonSkippedChar
2021-11-21T23:53:22,769|[TRACE] graph - <----- statementPart
2021-11-21T23:53:22,769|[TRACE] graph - -----> statementPart
2021-11-21T23:53:22,769|[TRACE] graph - -------> nonSkippedChar
2021-11-21T23:53:22,769|[TRACE] script - #out(`O`) [token]
2021-11-21T23:53:22,769|[TRACE] graph - <------- nonSkippedChar
2021-11-21T23:53:22,769|[TRACE] graph - <----- statementPart
2021-11-21T23:53:22,769|[TRACE] graph - -----> statementPart
2021-11-21T23:53:22,769|[TRACE] graph - -------> nonSkippedChar
2021-11-21T23:53:22,769|[TRACE] script - #out(`T`) [token]
2021-11-21T23:53:22,769|[TRACE] graph - <------- nonSkippedChar
2021-11-21T23:53:22,769|[TRACE] graph - <----- statementPart
2021-11-21T23:53:22,769|[TRACE] graph - -----> statementPart
2021-11-21T23:53:22,769|[TRACE] graph - -------> nonSkippedSpace
2021-11-21T23:53:22,769|[TRACE] script - #out(` `) [token]
2021-11-21T23:53:22,769|[TRACE] graph - <------- nonSkippedSpace
2021-11-21T23:53:22,769|[TRACE] graph - <----- statementPart
2021-11-21T23:53:22,769|[TRACE] graph - -----> statementPart
2021-11-21T23:53:22,769|[TRACE] graph - -------> nonSkippedChar
2021-11-21T23:53:22,769|[TRACE] script - #out(`N`) [token]
2021-11-21T23:53:22,769|[TRACE] graph - <------- nonSkippedChar
2021-11-21T23:53:22,769|[TRACE] graph - <----- statementPart
2021-11-21T23:53:22,769|[TRACE] graph - -----> statementPart
2021-11-21T23:53:22,769|[TRACE] graph - -------> nonSkippedChar
2021-11-21T23:53:22,769|[TRACE] script - #out(`U`) [token]
2021-11-21T23:53:22,769|[TRACE] graph - <------- nonSkippedChar
2021-11-21T23:53:22,769|[TRACE] graph - <----- statementPart
2021-11-21T23:53:22,769|[TRACE] graph - -----> statementPart
2021-11-21T23:53:22,769|[TRACE] graph - -------> nonSkippedChar
2021-11-21T23:53:22,769|[TRACE] script - #out(`L`) [token]
2021-11-21T23:53:22,769|[TRACE] graph - <------- nonSkippedChar
2021-11-21T23:53:22,769|[TRACE] graph - <----- statementPart
2021-11-21T23:53:22,769|[TRACE] graph - -----> statementPart
2021-11-21T23:53:22,769|[TRACE] graph - -------> nonSkippedChar
2021-11-21T23:53:22,769|[TRACE] script - #out(`L`) [token]
2021-11-21T23:53:22,769|[TRACE] graph - <------- nonSkippedChar
2021-11-21T23:53:22,769|[TRACE] graph - <----- statementPart
2021-11-21T23:53:22,769|[TRACE] graph - -----> statementPart
2021-11-21T23:53:22,769|[TRACE] graph - -------> nonSkippedSpace
2021-11-21T23:53:22,769|[TRACE] script - #out(` `) [token]
2021-11-21T23:53:22,769|[TRACE] graph - <------- nonSkippedSpace
2021-11-21T23:53:22,769|[TRACE] graph - <----- statementPart
2021-11-21T23:53:22,769|[TRACE] graph - -----> statementPart
2021-11-21T23:53:22,769|[TRACE] graph - -------> nonSkippedChar
2021-11-21T23:53:22,769|[TRACE] script - #out(`D`) [token]
2021-11-21T23:53:22,769|[TRACE] graph - <------- nonSkippedChar
2021-11-21T23:53:22,769|[TRACE] graph - <----- statementPart
2021-11-21T23:53:22,769|[TRACE] graph - -----> statementPart
2021-11-21T23:53:22,769|[TRACE] graph - -------> nonSkippedChar
2021-11-21T23:53:22,769|[TRACE] script - #out(`E`) [token]
2021-11-21T23:53:22,769|[TRACE] graph - <------- nonSkippedChar
2021-11-21T23:53:22,769|[TRACE] graph - <----- statementPart
2021-11-21T23:53:22,769|[TRACE] graph - -----> statementPart
2021-11-21T23:53:22,769|[TRACE] graph - -------> nonSkippedChar
2021-11-21T23:53:22,769|[TRACE] script - #out(`F`) [token]
2021-11-21T23:53:22,769|[TRACE] graph - <------- nonSkippedChar
2021-11-21T23:53:22,769|[TRACE] graph - <----- statementPart
2021-11-21T23:53:22,769|[TRACE] graph - -----> statementPart
2021-11-21T23:53:22,769|[TRACE] graph - -------> nonSkippedChar
2021-11-21T23:53:22,769|[TRACE] script - #out(`A`) [token]
2021-11-21T23:53:22,769|[TRACE] graph - <------- nonSkippedChar
2021-11-21T23:53:22,769|[TRACE] graph - <----- statementPart
2021-11-21T23:53:22,769|[TRACE] graph - -----> statementPart
2021-11-21T23:53:22,769|[TRACE] graph - -------> nonSkippedChar
2021-11-21T23:53:22,769|[TRACE] script - #out(`U`) [token]
2021-11-21T23:53:22,769|[TRACE] graph - <------- nonSkippedChar
2021-11-21T23:53:22,769|[TRACE] graph - <----- statementPart
2021-11-21T23:53:22,769|[TRACE] graph - -----> statementPart
2021-11-21T23:53:22,769|[TRACE] graph - -------> nonSkippedChar
2021-11-21T23:53:22,769|[TRACE] script - #out(`L`) [token]
2021-11-21T23:53:22,769|[TRACE] graph - <------- nonSkippedChar
2021-11-21T23:53:22,769|[TRACE] graph - <----- statementPart
2021-11-21T23:53:22,769|[TRACE] graph - -----> statementPart
2021-11-21T23:53:22,769|[TRACE] graph - -------> nonSkippedChar
2021-11-21T23:53:22,769|[TRACE] script - #out(`T`) [token]
2021-11-21T23:53:22,769|[TRACE] graph - <------- nonSkippedChar
2021-11-21T23:53:22,769|[TRACE] graph - <----- statementPart
2021-11-21T23:53:22,769|[TRACE] graph - -----> statementPart
2021-11-21T23:53:22,769|[TRACE] graph - -------> nonSkippedSpace
2021-11-21T23:53:22,769|[TRACE] script - #out(` `) [token]
2021-11-21T23:53:22,769|[TRACE] graph - <------- nonSkippedSpace
2021-11-21T23:53:22,769|[TRACE] graph - <----- statementPart
2021-11-21T23:53:22,769|[TRACE] graph - -----> statementPart
2021-11-21T23:53:22,769|[TRACE] graph - -------> nonSkippedChar
2021-11-21T23:53:22,769|[TRACE] script - #out(`(`) [token]
2021-11-21T23:53:22,769|[TRACE] graph - <------- nonSkippedChar
2021-11-21T23:53:22,769|[TRACE] graph - <----- statementPart
2021-11-21T23:53:22,769|[TRACE] graph - -----> statementPart
2021-11-21T23:53:22,769|[TRACE] graph - -------> nonSkippedChar
2021-11-21T23:53:22,769|[TRACE] script - #out(`u`) [token]
2021-11-21T23:53:22,769|[TRACE] graph - <------- nonSkippedChar
2021-11-21T23:53:22,769|[TRACE] graph - <----- statementPart
2021-11-21T23:53:22,769|[TRACE] graph - -----> statementPart
2021-11-21T23:53:22,769|[TRACE] graph - -------> nonSkippedChar
2021-11-21T23:53:22,769|[TRACE] script - #out(`n`) [token]
2021-11-21T23:53:22,769|[TRACE] graph - <------- nonSkippedChar
2021-11-21T23:53:22,769|[TRACE] graph - <----- statementPart
2021-11-21T23:53:22,769|[TRACE] graph - -----> statementPart
2021-11-21T23:53:22,769|[TRACE] graph - -------> nonSkippedChar
2021-11-21T23:53:22,769|[TRACE] script - #out(`i`) [token]
2021-11-21T23:53:22,769|[TRACE] graph - <------- nonSkippedChar
2021-11-21T23:53:22,769|[TRACE] graph - <----- statementPart
2021-11-21T23:53:22,769|[TRACE] graph - -----> statementPart
2021-11-21T23:53:22,769|[TRACE] graph - -------> nonSkippedChar
2021-11-21T23:53:22,769|[TRACE] script - #out(`x`) [token]
2021-11-21T23:53:22,769|[TRACE] graph - <------- nonSkippedChar
2021-11-21T23:53:22,769|[TRACE] graph - <----- statementPart
2021-11-21T23:53:22,769|[TRACE] graph - -----> statementPart
2021-11-21T23:53:22,769|[TRACE] graph - -------> nonSkippedChar
2021-11-21T23:53:22,769|[TRACE] script - #out(`_`) [token]
2021-11-21T23:53:22,769|[TRACE] graph - <------- nonSkippedChar
2021-11-21T23:53:22,769|[TRACE] graph - <----- statementPart
2021-11-21T23:53:22,769|[TRACE] graph - -----> statementPart
2021-11-21T23:53:22,769|[TRACE] graph - -------> nonSkippedChar
2021-11-21T23:53:22,769|[TRACE] script - #out(`t`) [token]
2021-11-21T23:53:22,769|[TRACE] graph - <------- nonSkippedChar
2021-11-21T23:53:22,769|[TRACE] graph - <----- statementPart
2021-11-21T23:53:22,769|[TRACE] graph - -----> statementPart
2021-11-21T23:53:22,769|[TRACE] graph - -------> nonSkippedChar
2021-11-21T23:53:22,769|[TRACE] script - #out(`i`) [token]
2021-11-21T23:53:22,769|[TRACE] graph - <------- nonSkippedChar
2021-11-21T23:53:22,769|[TRACE] graph - <----- statementPart
2021-11-21T23:53:22,769|[TRACE] graph - -----> statementPart
2021-11-21T23:53:22,769|[TRACE] graph - -------> nonSkippedChar
2021-11-21T23:53:22,769|[TRACE] script - #out(`m`) [token]
2021-11-21T23:53:22,769|[TRACE] graph - <------- nonSkippedChar
2021-11-21T23:53:22,769|[TRACE] graph - <----- statementPart
2021-11-21T23:53:22,769|[TRACE] graph - -----> statementPart
2021-11-21T23:53:22,769|[TRACE] graph - -------> nonSkippedChar
2021-11-21T23:53:22,769|[TRACE] script - #out(`e`) [token]
2021-11-21T23:53:22,769|[TRACE] graph - <------- nonSkippedChar
2021-11-21T23:53:22,769|[TRACE] graph - <----- statementPart
2021-11-21T23:53:22,769|[TRACE] graph - -----> statementPart
2021-11-21T23:53:22,769|[TRACE] graph - -------> nonSkippedChar
2021-11-21T23:53:22,769|[TRACE] script - #out(`s`) [token]
2021-11-21T23:53:22,769|[TRACE] graph - <------- nonSkippedChar
2021-11-21T23:53:22,769|[TRACE] graph - <----- statementPart
2021-11-21T23:53:22,769|[TRACE] graph - -----> statementPart
2021-11-21T23:53:22,769|[TRACE] graph - -------> nonSkippedChar
2021-11-21T23:53:22,769|[TRACE] script - #out(`t`) [token]
2021-11-21T23:53:22,769|[TRACE] graph - <------- nonSkippedChar
2021-11-21T23:53:22,769|[TRACE] graph - <----- statementPart
2021-11-21T23:53:22,769|[TRACE] graph - -----> statementPart
2021-11-21T23:53:22,769|[TRACE] graph - -------> nonSkippedChar
2021-11-21T23:53:22,769|[TRACE] script - #out(`a`) [token]
2021-11-21T23:53:22,769|[TRACE] graph - <------- nonSkippedChar
2021-11-21T23:53:22,769|[TRACE] graph - <----- statementPart
2021-11-21T23:53:22,769|[TRACE] graph - -----> statementPart
2021-11-21T23:53:22,769|[TRACE] graph - -------> nonSkippedChar
2021-11-21T23:53:22,769|[TRACE] script - #out(`m`) [token]
2021-11-21T23:53:22,769|[TRACE] graph - <------- nonSkippedChar
2021-11-21T23:53:22,769|[TRACE] graph - <----- statementPart
2021-11-21T23:53:22,769|[TRACE] graph - -----> statementPart
2021-11-21T23:53:22,769|[TRACE] graph - -------> nonSkippedChar
2021-11-21T23:53:22,769|[TRACE] script - #out(`p`) [token]
2021-11-21T23:53:22,769|[TRACE] graph - <------- nonSkippedChar
2021-11-21T23:53:22,769|[TRACE] graph - <----- statementPart
2021-11-21T23:53:22,769|[TRACE] graph - -----> statementPart
2021-11-21T23:53:22,769|[TRACE] graph - -------> nonSkippedChar
2021-11-21T23:53:22,769|[TRACE] script - #out(`(`) [token]
2021-11-21T23:53:22,769|[TRACE] graph - <------- nonSkippedChar
2021-11-21T23:53:22,769|[TRACE] graph - <----- statementPart
2021-11-21T23:53:22,769|[TRACE] graph - -----> statementPart
2021-11-21T23:53:22,769|[TRACE] graph - -------> nonSkippedChar
2021-11-21T23:53:22,769|[TRACE] script - #out(`n`) [token]
2021-11-21T23:53:22,769|[TRACE] graph - <------- nonSkippedChar
2021-11-21T23:53:22,769|[TRACE] graph - <----- statementPart
2021-11-21T23:53:22,769|[TRACE] graph - -----> statementPart
2021-11-21T23:53:22,769|[TRACE] graph - -------> nonSkippedChar
2021-11-21T23:53:22,769|[TRACE] script - #out(`o`) [token]
2021-11-21T23:53:22,769|[TRACE] graph - <------- nonSkippedChar
2021-11-21T23:53:22,769|[TRACE] graph - <----- statementPart
2021-11-21T23:53:22,769|[TRACE] graph - -----> statementPart
2021-11-21T23:53:22,769|[TRACE] graph - -------> nonSkippedChar
2021-11-21T23:53:22,769|[TRACE] script - #out(`w`) [token]
2021-11-21T23:53:22,769|[TRACE] graph - <------- nonSkippedChar
2021-11-21T23:53:22,769|[TRACE] graph - <----- statementPart
2021-11-21T23:53:22,769|[TRACE] graph - -----> statementPart
2021-11-21T23:53:22,769|[TRACE] graph - -------> nonSkippedChar
2021-11-21T23:53:22,769|[TRACE] script - #out(`(`) [token]
2021-11-21T23:53:22,769|[TRACE] graph - <------- nonSkippedChar
2021-11-21T23:53:22,769|[TRACE] graph - <----- statementPart
2021-11-21T23:53:22,769|[TRACE] graph - -----> statementPart
2021-11-21T23:53:22,769|[TRACE] graph - -------> nonSkippedChar
2021-11-21T23:53:22,769|[TRACE] script - #out(`)`) [token]
2021-11-21T23:53:22,769|[TRACE] graph - <------- nonSkippedChar
2021-11-21T23:53:22,769|[TRACE] graph - <----- statementPart
2021-11-21T23:53:22,769|[TRACE] graph - -----> statementPart
2021-11-21T23:53:22,769|[TRACE] graph - -------> nonSkippedChar
2021-11-21T23:53:22,769|[TRACE] script - #out(`)`) [token]
2021-11-21T23:53:22,769|[TRACE] graph - <------- nonSkippedChar
2021-11-21T23:53:22,769|[TRACE] graph - <----- statementPart
2021-11-21T23:53:22,769|[TRACE] graph - -----> statementPart
2021-11-21T23:53:22,769|[TRACE] graph - -------> nonSkippedSpace
2021-11-21T23:53:22,769|[TRACE] script - #out(` `) [token]
2021-11-21T23:53:22,769|[TRACE] graph - <------- nonSkippedSpace
2021-11-21T23:53:22,769|[TRACE] graph - <----- statementPart
2021-11-21T23:53:22,769|[TRACE] graph - -----> statementPart
2021-11-21T23:53:22,769|[TRACE] graph - -------> nonSkippedChar
2021-11-21T23:53:22,769|[TRACE] script - #out(`*`) [token]
2021-11-21T23:53:22,769|[TRACE] graph - <------- nonSkippedChar
2021-11-21T23:53:22,769|[TRACE] graph - <----- statementPart
2021-11-21T23:53:22,769|[TRACE] graph - -----> statementPart
2021-11-21T23:53:22,769|[TRACE] graph - -------> nonSkippedSpace
2021-11-21T23:53:22,769|[TRACE] script - #out(` `) [token]
2021-11-21T23:53:22,769|[TRACE] graph - <------- nonSkippedSpace
2021-11-21T23:53:22,769|[TRACE] graph - <----- statementPart
2021-11-21T23:53:22,769|[TRACE] graph - -----> statementPart
2021-11-21T23:53:22,769|[TRACE] graph - -------> nonSkippedChar
2021-11-21T23:53:22,769|[TRACE] script - #out(`1`) [token]
2021-11-21T23:53:22,769|[TRACE] graph - <------- nonSkippedChar
2021-11-21T23:53:22,769|[TRACE] graph - <----- statementPart
2021-11-21T23:53:22,769|[TRACE] graph - -----> statementPart
2021-11-21T23:53:22,769|[TRACE] graph - -------> nonSkippedChar
2021-11-21T23:53:22,769|[TRACE] script - #out(`0`) [token]
2021-11-21T23:53:22,769|[TRACE] graph - <------- nonSkippedChar
2021-11-21T23:53:22,769|[TRACE] graph - <----- statementPart
2021-11-21T23:53:22,769|[TRACE] graph - -----> statementPart
2021-11-21T23:53:22,769|[TRACE] graph - -------> nonSkippedChar
2021-11-21T23:53:22,769|[TRACE] script - #out(`0`) [token]
2021-11-21T23:53:22,769|[TRACE] graph - <------- nonSkippedChar
2021-11-21T23:53:22,769|[TRACE] graph - <----- statementPart
2021-11-21T23:53:22,769|[TRACE] graph - -----> statementPart
2021-11-21T23:53:22,769|[TRACE] graph - -------> nonSkippedChar
2021-11-21T23:53:22,769|[TRACE] script - #out(`0`) [token]
2021-11-21T23:53:22,769|[TRACE] graph - <------- nonSkippedChar
2021-11-21T23:53:22,769|[TRACE] graph - <----- statementPart
2021-11-21T23:53:22,871|[TRACE] graph - -----> statementPart
2021-11-21T23:53:22,871|[TRACE] graph - -------> nonSkippedChar
2021-11-21T23:53:22,871|[TRACE] script - #out(`)`) [token]
2021-11-21T23:53:22,871|[TRACE] graph - <------- nonSkippedChar
2021-11-21T23:53:22,871|[TRACE] graph - <----- statementPart
2021-11-21T23:53:22,871|[TRACE] graph - -----> statementPart
2021-11-21T23:53:22,871|[TRACE] graph - -------> nonSkippedChar
2021-11-21T23:53:22,871|[TRACE] script - #out(`,`) [token]
2021-11-21T23:53:22,871|[TRACE] graph - <------- nonSkippedChar
2021-11-21T23:53:22,871|[TRACE] graph - <----- statementPart
2021-11-21T23:53:22,871|[TRACE] graph - -----> afterStatementPartNewline
2021-11-21T23:53:22,871|[TRACE] script - #out(` `) [text]
2021-11-21T23:53:22,871|[TRACE] graph - <----- afterStatementPartNewline
2021-11-21T23:53:22,871|[TRACE] graph - -----> statementPart
2021-11-21T23:53:22,871|[TRACE] graph - -------> nonSkippedSpace
2021-11-21T23:53:22,871|[TRACE] script - #out(` `) [token]
2021-11-21T23:53:22,871|[TRACE] graph - <------- nonSkippedSpace
2021-11-21T23:53:22,871|[TRACE] graph - <----- statementPart
2021-11-21T23:53:22,871|[TRACE] graph - -----> statementPart
2021-11-21T23:53:22,871|[TRACE] graph - -------> nonSkippedSpace
2021-11-21T23:53:22,871|[TRACE] script - #out(` `) [token]
2021-11-21T23:53:22,871|[TRACE] graph - <------- nonSkippedSpace
2021-11-21T23:53:22,871|[TRACE] graph - <----- statementPart
2021-11-21T23:53:22,871|[TRACE] graph - -----> statementPart
2021-11-21T23:53:22,871|[TRACE] graph - -------> quotedString
2021-11-21T23:53:22,871|[TRACE] script - #out(``version``) [token]
2021-11-21T23:53:22,871|[TRACE] graph - <------- quotedString
2021-11-21T23:53:22,871|[TRACE] graph - <----- statementPart
2021-11-21T23:53:22,871|[TRACE] graph - -----> statementPart
2021-11-21T23:53:22,871|[TRACE] graph - -------> nonSkippedSpace
2021-11-21T23:53:22,871|[TRACE] script - #out(` `) [token]
2021-11-21T23:53:22,871|[TRACE] graph - <------- nonSkippedSpace
2021-11-21T23:53:22,871|[TRACE] graph - <----- statementPart
2021-11-21T23:53:22,871|[TRACE] graph - -----> statementPart
2021-11-21T23:53:22,871|[TRACE] graph - -------> nonSkippedChar
2021-11-21T23:53:22,871|[TRACE] script - #out(`I`) [token]
2021-11-21T23:53:22,871|[TRACE] graph - <------- nonSkippedChar
2021-11-21T23:53:22,871|[TRACE] graph - <----- statementPart
2021-11-21T23:53:22,871|[TRACE] graph - -----> statementPart
2021-11-21T23:53:22,871|[TRACE] graph - -------> nonSkippedChar
2021-11-21T23:53:22,871|[TRACE] script - #out(`N`) [token]
2021-11-21T23:53:22,871|[TRACE] graph - <------- nonSkippedChar
2021-11-21T23:53:22,871|[TRACE] graph - <----- statementPart
2021-11-21T23:53:22,871|[TRACE] graph - -----> statementPart
2021-11-21T23:53:22,871|[TRACE] graph - -------> nonSkippedChar
2021-11-21T23:53:22,871|[TRACE] script - #out(`T`) [token]
2021-11-21T23:53:22,871|[TRACE] graph - <------- nonSkippedChar
2021-11-21T23:53:22,871|[TRACE] graph - <----- statementPart
2021-11-21T23:53:22,871|[TRACE] graph - -----> statementPart
2021-11-21T23:53:22,871|[TRACE] graph - -------> nonSkippedSpace
2021-11-21T23:53:22,871|[TRACE] script - #out(` `) [token]
2021-11-21T23:53:22,871|[TRACE] graph - <------- nonSkippedSpace
2021-11-21T23:53:22,871|[TRACE] graph - <----- statementPart
2021-11-21T23:53:22,871|[TRACE] graph - -----> statementPart
2021-11-21T23:53:22,871|[TRACE] graph - -------> nonSkippedChar
2021-11-21T23:53:22,871|[TRACE] script - #out(`N`) [token]
2021-11-21T23:53:22,871|[TRACE] graph - <------- nonSkippedChar
2021-11-21T23:53:22,871|[TRACE] graph - <----- statementPart
2021-11-21T23:53:22,871|[TRACE] graph - -----> statementPart
2021-11-21T23:53:22,871|[TRACE] graph - -------> nonSkippedChar
2021-11-21T23:53:22,871|[TRACE] script - #out(`O`) [token]
2021-11-21T23:53:22,871|[TRACE] graph - <------- nonSkippedChar
2021-11-21T23:53:22,871|[TRACE] graph - <----- statementPart
2021-11-21T23:53:22,871|[TRACE] graph - -----> statementPart
2021-11-21T23:53:22,871|[TRACE] graph - -------> nonSkippedChar
2021-11-21T23:53:22,871|[TRACE] script - #out(`T`) [token]
2021-11-21T23:53:22,871|[TRACE] graph - <------- nonSkippedChar
2021-11-21T23:53:22,871|[TRACE] graph - <----- statementPart
2021-11-21T23:53:22,872|[TRACE] graph - -----> statementPart
2021-11-21T23:53:22,872|[TRACE] graph - -------> nonSkippedSpace
2021-11-21T23:53:22,872|[TRACE] script - #out(` `) [token]
2021-11-21T23:53:22,872|[TRACE] graph - <------- nonSkippedSpace
2021-11-21T23:53:22,872|[TRACE] graph - <----- statementPart
2021-11-21T23:53:22,872|[TRACE] graph - -----> statementPart
2021-11-21T23:53:22,872|[TRACE] graph - -------> nonSkippedChar
2021-11-21T23:53:22,872|[TRACE] script - #out(`N`) [token]
2021-11-21T23:53:22,872|[TRACE] graph - <------- nonSkippedChar
2021-11-21T23:53:22,872|[TRACE] graph - <----- statementPart
2021-11-21T23:53:22,872|[TRACE] graph - -----> statementPart
2021-11-21T23:53:22,872|[TRACE] graph - -------> nonSkippedChar
2021-11-21T23:53:22,872|[TRACE] script - #out(`U`) [token]
2021-11-21T23:53:22,872|[TRACE] graph - <------- nonSkippedChar
2021-11-21T23:53:22,872|[TRACE] graph - <----- statementPart
2021-11-21T23:53:22,872|[TRACE] graph - -----> statementPart
2021-11-21T23:53:22,872|[TRACE] graph - -------> nonSkippedChar
2021-11-21T23:53:22,872|[TRACE] script - #out(`L`) [token]
2021-11-21T23:53:22,872|[TRACE] graph - <------- nonSkippedChar
2021-11-21T23:53:22,872|[TRACE] graph - <----- statementPart
2021-11-21T23:53:22,872|[TRACE] graph - -----> statementPart
2021-11-21T23:53:22,872|[TRACE] graph - -------> nonSkippedChar
2021-11-21T23:53:22,872|[TRACE] script - #out(`L`) [token]
2021-11-21T23:53:22,872|[TRACE] graph - <------- nonSkippedChar
2021-11-21T23:53:22,872|[TRACE] graph - <----- statementPart
2021-11-21T23:53:22,872|[TRACE] graph - -----> statementPart
2021-11-21T23:53:22,872|[TRACE] graph - -------> nonSkippedSpace
2021-11-21T23:53:22,872|[TRACE] script - #out(` `) [token]
2021-11-21T23:53:22,872|[TRACE] graph - <------- nonSkippedSpace
2021-11-21T23:53:22,872|[TRACE] graph - <----- statementPart
2021-11-21T23:53:22,872|[TRACE] graph - -----> statementPart
2021-11-21T23:53:22,872|[TRACE] graph - -------> nonSkippedChar
2021-11-21T23:53:22,872|[TRACE] script - #out(`D`) [token]
2021-11-21T23:53:22,872|[TRACE] graph - <------- nonSkippedChar
2021-11-21T23:53:22,872|[TRACE] graph - <----- statementPart
2021-11-21T23:53:22,872|[TRACE] graph - -----> statementPart
2021-11-21T23:53:22,872|[TRACE] graph - -------> nonSkippedChar
2021-11-21T23:53:22,872|[TRACE] script - #out(`E`) [token]
2021-11-21T23:53:22,872|[TRACE] graph - <------- nonSkippedChar
2021-11-21T23:53:22,872|[TRACE] graph - <----- statementPart
2021-11-21T23:53:22,872|[TRACE] graph - -----> statementPart
2021-11-21T23:53:22,872|[TRACE] graph - -------> nonSkippedChar
2021-11-21T23:53:22,872|[TRACE] script - #out(`F`) [token]
2021-11-21T23:53:22,872|[TRACE] graph - <------- nonSkippedChar
2021-11-21T23:53:22,872|[TRACE] graph - <----- statementPart
2021-11-21T23:53:22,872|[TRACE] graph - -----> statementPart
2021-11-21T23:53:22,872|[TRACE] graph - -------> nonSkippedChar
2021-11-21T23:53:22,872|[TRACE] script - #out(`A`) [token]
2021-11-21T23:53:22,872|[TRACE] graph - <------- nonSkippedChar
2021-11-21T23:53:22,872|[TRACE] graph - <----- statementPart
2021-11-21T23:53:22,872|[TRACE] graph - -----> statementPart
2021-11-21T23:53:22,872|[TRACE] graph - -------> nonSkippedChar
2021-11-21T23:53:22,872|[TRACE] script - #out(`U`) [token]
2021-11-21T23:53:22,872|[TRACE] graph - <------- nonSkippedChar
2021-11-21T23:53:22,872|[TRACE] graph - <----- statementPart
2021-11-21T23:53:22,872|[TRACE] graph - -----> statementPart
2021-11-21T23:53:22,872|[TRACE] graph - -------> nonSkippedChar
2021-11-21T23:53:22,872|[TRACE] script - #out(`L`) [token]
2021-11-21T23:53:22,872|[TRACE] graph - <------- nonSkippedChar
2021-11-21T23:53:22,872|[TRACE] graph - <----- statementPart
2021-11-21T23:53:22,872|[TRACE] graph - -----> statementPart
2021-11-21T23:53:22,872|[TRACE] graph - -------> nonSkippedChar
2021-11-21T23:53:22,872|[TRACE] script - #out(`T`) [token]
2021-11-21T23:53:22,872|[TRACE] graph - <------- nonSkippedChar
2021-11-21T23:53:22,872|[TRACE] graph - <----- statementPart
2021-11-21T23:53:22,872|[TRACE] graph - -----> statementPart
2021-11-21T23:53:22,872|[TRACE] graph - -------> nonSkippedSpace
2021-11-21T23:53:22,872|[TRACE] script - #out(` `) [token]
2021-11-21T23:53:22,872|[TRACE] graph - <------- nonSkippedSpace
2021-11-21T23:53:22,872|[TRACE] graph - <----- statementPart
2021-11-21T23:53:22,872|[TRACE] graph - -----> statementPart
2021-11-21T23:53:22,872|[TRACE] graph - -------> nonSkippedChar
2021-11-21T23:53:22,872|[TRACE] script - #out(`1`) [token]
2021-11-21T23:53:22,872|[TRACE] graph - <------- nonSkippedChar
2021-11-21T23:53:22,872|[TRACE] graph - <----- statementPart
2021-11-21T23:53:22,872|[TRACE] graph - -----> statementPart
2021-11-21T23:53:22,872|[TRACE] graph - -------> nonSkippedChar
2021-11-21T23:53:22,872|[TRACE] script - #out(`,`) [token]
2021-11-21T23:53:22,872|[TRACE] graph - <------- nonSkippedChar
2021-11-21T23:53:22,872|[TRACE] graph - <----- statementPart
2021-11-21T23:53:22,872|[TRACE] graph - -----> afterStatementPartNewline
2021-11-21T23:53:22,872|[TRACE] script - #out(` `) [text]
2021-11-21T23:53:22,872|[TRACE] graph - <----- afterStatementPartNewline
2021-11-21T23:53:22,872|[TRACE] graph - -----> statementPart
2021-11-21T23:53:22,872|[TRACE] graph - -------> nonSkippedSpace
2021-11-21T23:53:22,872|[TRACE] script - #out(` `) [token]
2021-11-21T23:53:22,872|[TRACE] graph - <------- nonSkippedSpace
2021-11-21T23:53:22,872|[TRACE] graph - <----- statementPart
2021-11-21T23:53:22,872|[TRACE] graph - -----> statementPart
2021-11-21T23:53:22,872|[TRACE] graph - -------> nonSkippedSpace
2021-11-21T23:53:22,872|[TRACE] script - #out(` `) [token]
2021-11-21T23:53:22,872|[TRACE] graph - <------- nonSkippedSpace
2021-11-21T23:53:22,872|[TRACE] graph - <----- statementPart
2021-11-21T23:53:22,872|[TRACE] graph - -----> statementPart
2021-11-21T23:53:22,872|[TRACE] graph - -------> nonSkippedChar
2021-11-21T23:53:22,872|[TRACE] script - #out(`P`) [token]
2021-11-21T23:53:22,872|[TRACE] graph - <------- nonSkippedChar
2021-11-21T23:53:22,872|[TRACE] graph - <----- statementPart
2021-11-21T23:53:22,872|[TRACE] graph - -----> statementPart
2021-11-21T23:53:22,872|[TRACE] graph - -------> nonSkippedChar
2021-11-21T23:53:22,872|[TRACE] script - #out(`R`) [token]
2021-11-21T23:53:22,872|[TRACE] graph - <------- nonSkippedChar
2021-11-21T23:53:22,872|[TRACE] graph - <----- statementPart
2021-11-21T23:53:22,872|[TRACE] graph - -----> statementPart
2021-11-21T23:53:22,872|[TRACE] graph - -------> nonSkippedChar
2021-11-21T23:53:22,872|[TRACE] script - #out(`I`) [token]
2021-11-21T23:53:22,872|[TRACE] graph - <------- nonSkippedChar
2021-11-21T23:53:22,872|[TRACE] graph - <----- statementPart
2021-11-21T23:53:22,872|[TRACE] graph - -----> statementPart
2021-11-21T23:53:22,872|[TRACE] graph - -------> nonSkippedChar
2021-11-21T23:53:22,872|[TRACE] script - #out(`M`) [token]
2021-11-21T23:53:22,872|[TRACE] graph - <------- nonSkippedChar
2021-11-21T23:53:22,872|[TRACE] graph - <----- statementPart
2021-11-21T23:53:22,872|[TRACE] graph - -----> statementPart
2021-11-21T23:53:22,872|[TRACE] graph - -------> nonSkippedChar
2021-11-21T23:53:22,872|[TRACE] script - #out(`A`) [token]
2021-11-21T23:53:22,872|[TRACE] graph - <------- nonSkippedChar
2021-11-21T23:53:22,872|[TRACE] graph - <----- statementPart
2021-11-21T23:53:22,872|[TRACE] graph - -----> statementPart
2021-11-21T23:53:22,872|[TRACE] graph - -------> nonSkippedChar
2021-11-21T23:53:22,872|[TRACE] script - #out(`R`) [token]
2021-11-21T23:53:22,872|[TRACE] graph - <------- nonSkippedChar
2021-11-21T23:53:22,872|[TRACE] graph - <----- statementPart
2021-11-21T23:53:22,872|[TRACE] graph - -----> statementPart
2021-11-21T23:53:22,872|[TRACE] graph - -------> nonSkippedChar
2021-11-21T23:53:22,872|[TRACE] script - #out(`Y`) [token]
2021-11-21T23:53:22,872|[TRACE] graph - <------- nonSkippedChar
2021-11-21T23:53:22,872|[TRACE] graph - <----- statementPart
2021-11-21T23:53:22,872|[TRACE] graph - -----> statementPart
2021-11-21T23:53:22,872|[TRACE] graph - -------> nonSkippedSpace
2021-11-21T23:53:22,872|[TRACE] script - #out(` `) [token]
2021-11-21T23:53:22,872|[TRACE] graph - <------- nonSkippedSpace
2021-11-21T23:53:22,872|[TRACE] graph - <----- statementPart
2021-11-21T23:53:22,872|[TRACE] graph - -----> statementPart
2021-11-21T23:53:22,872|[TRACE] graph - -------> nonSkippedChar
2021-11-21T23:53:22,872|[TRACE] script - #out(`K`) [token]
2021-11-21T23:53:22,872|[TRACE] graph - <------- nonSkippedChar
2021-11-21T23:53:22,872|[TRACE] graph - <----- statementPart
2021-11-21T23:53:22,872|[TRACE] graph - -----> statementPart
2021-11-21T23:53:22,872|[TRACE] graph - -------> nonSkippedChar
2021-11-21T23:53:22,872|[TRACE] script - #out(`E`) [token]
2021-11-21T23:53:22,872|[TRACE] graph - <------- nonSkippedChar
2021-11-21T23:53:22,872|[TRACE] graph - <----- statementPart
2021-11-21T23:53:22,872|[TRACE] graph - -----> statementPart
2021-11-21T23:53:22,872|[TRACE] graph - -------> nonSkippedChar
2021-11-21T23:53:22,872|[TRACE] script - #out(`Y`) [token]
2021-11-21T23:53:22,872|[TRACE] graph - <------- nonSkippedChar
2021-11-21T23:53:22,872|[TRACE] graph - <----- statementPart
2021-11-21T23:53:22,872|[TRACE] graph - -----> statementPart
2021-11-21T23:53:22,872|[TRACE] graph - -------> nonSkippedSpace
2021-11-21T23:53:22,872|[TRACE] script - #out(` `) [token]
2021-11-21T23:53:22,872|[TRACE] graph - <------- nonSkippedSpace
2021-11-21T23:53:22,872|[TRACE] graph - <----- statementPart
2021-11-21T23:53:22,872|[TRACE] graph - -----> statementPart
2021-11-21T23:53:22,872|[TRACE] graph - -------> nonSkippedChar
2021-11-21T23:53:22,872|[TRACE] script - #out(`(`) [token]
2021-11-21T23:53:22,872|[TRACE] graph - <------- nonSkippedChar
2021-11-21T23:53:22,872|[TRACE] graph - <----- statementPart
2021-11-21T23:53:22,872|[TRACE] graph - -----> statementPart
2021-11-21T23:53:22,872|[TRACE] graph - -------> quotedString
2021-11-21T23:53:22,872|[TRACE] script - #out(``donation_id``) [token]
2021-11-21T23:53:22,872|[TRACE] graph - <------- quotedString
2021-11-21T23:53:22,872|[TRACE] graph - <----- statementPart
2021-11-21T23:53:22,872|[TRACE] graph - -----> statementPart
2021-11-21T23:53:22,872|[TRACE] graph - -------> nonSkippedChar
2021-11-21T23:53:22,872|[TRACE] script - #out(`)`) [token]
2021-11-21T23:53:22,872|[TRACE] graph - <------- nonSkippedChar
2021-11-21T23:53:22,872|[TRACE] graph - <----- statementPart
2021-11-21T23:53:22,872|[TRACE] graph - -----> statementPart
2021-11-21T23:53:22,872|[TRACE] graph - -------> nonSkippedChar
2021-11-21T23:53:22,872|[TRACE] script - #out(`,`) [token]
2021-11-21T23:53:22,872|[TRACE] graph - <------- nonSkippedChar
2021-11-21T23:53:22,872|[TRACE] graph - <----- statementPart
2021-11-21T23:53:22,872|[TRACE] graph - -----> afterStatementPartNewline
2021-11-21T23:53:22,872|[TRACE] script - #out(` `) [text]
2021-11-21T23:53:22,872|[TRACE] graph - <----- afterStatementPartNewline
2021-11-21T23:53:22,872|[TRACE] graph - -----> statementPart
2021-11-21T23:53:22,872|[TRACE] graph - -------> nonSkippedSpace
2021-11-21T23:53:22,872|[TRACE] script - #out(` `) [token]
2021-11-21T23:53:22,872|[TRACE] graph - <------- nonSkippedSpace
2021-11-21T23:53:22,872|[TRACE] graph - <----- statementPart
2021-11-21T23:53:22,872|[TRACE] graph - -----> statementPart
2021-11-21T23:53:22,872|[TRACE] graph - -------> nonSkippedSpace
2021-11-21T23:53:22,872|[TRACE] script - #out(` `) [token]
2021-11-21T23:53:22,872|[TRACE] graph - <------- nonSkippedSpace
2021-11-21T23:53:22,872|[TRACE] graph - <----- statementPart
2021-11-21T23:53:22,872|[TRACE] graph - -----> statementPart
2021-11-21T23:53:22,872|[TRACE] graph - -------> nonSkippedChar
2021-11-21T23:53:22,872|[TRACE] script - #out(`I`) [token]
2021-11-21T23:53:22,872|[TRACE] graph - <------- nonSkippedChar
2021-11-21T23:53:22,872|[TRACE] graph - <----- statementPart
2021-11-21T23:53:22,872|[TRACE] graph - -----> statementPart
2021-11-21T23:53:22,872|[TRACE] graph - -------> nonSkippedChar
2021-11-21T23:53:22,872|[TRACE] script - #out(`N`) [token]
2021-11-21T23:53:22,872|[TRACE] graph - <------- nonSkippedChar
2021-11-21T23:53:22,872|[TRACE] graph - <----- statementPart
2021-11-21T23:53:22,872|[TRACE] graph - -----> statementPart
2021-11-21T23:53:22,872|[TRACE] graph - -------> nonSkippedChar
2021-11-21T23:53:22,872|[TRACE] script - #out(`D`) [token]
2021-11-21T23:53:22,872|[TRACE] graph - <------- nonSkippedChar
2021-11-21T23:53:22,872|[TRACE] graph - <----- statementPart
2021-11-21T23:53:22,872|[TRACE] graph - -----> statementPart
2021-11-21T23:53:22,872|[TRACE] graph - -------> nonSkippedChar
2021-11-21T23:53:22,872|[TRACE] script - #out(`E`) [token]
2021-11-21T23:53:22,872|[TRACE] graph - <------- nonSkippedChar
2021-11-21T23:53:22,872|[TRACE] graph - <----- statementPart
2021-11-21T23:53:22,872|[TRACE] graph - -----> statementPart
2021-11-21T23:53:22,872|[TRACE] graph - -------> nonSkippedChar
2021-11-21T23:53:22,872|[TRACE] script - #out(`X`) [token]
2021-11-21T23:53:22,872|[TRACE] graph - <------- nonSkippedChar
2021-11-21T23:53:22,872|[TRACE] graph - <----- statementPart
2021-11-21T23:53:22,872|[TRACE] graph - -----> statementPart
2021-11-21T23:53:22,872|[TRACE] graph - -------> nonSkippedSpace
2021-11-21T23:53:22,872|[TRACE] script - #out(` `) [token]
2021-11-21T23:53:22,872|[TRACE] graph - <------- nonSkippedSpace
2021-11-21T23:53:22,872|[TRACE] graph - <----- statementPart
2021-11-21T23:53:22,872|[TRACE] graph - -----> statementPart
2021-11-21T23:53:22,872|[TRACE] graph - -------> quotedString
2021-11-21T23:53:22,872|[TRACE] script - #out(``fk_blood_donation_blood_bank1_idx``) [token]
2021-11-21T23:53:22,872|[TRACE] graph - <------- quotedString
2021-11-21T23:53:22,872|[TRACE] graph - <----- statementPart
2021-11-21T23:53:22,872|[TRACE] graph - -----> statementPart
2021-11-21T23:53:22,872|[TRACE] graph - -------> nonSkippedSpace
2021-11-21T23:53:22,872|[TRACE] script - #out(` `) [token]
2021-11-21T23:53:22,872|[TRACE] graph - <------- nonSkippedSpace
2021-11-21T23:53:22,872|[TRACE] graph - <----- statementPart
2021-11-21T23:53:22,872|[TRACE] graph - -----> statementPart
2021-11-21T23:53:22,872|[TRACE] graph - -------> nonSkippedChar
2021-11-21T23:53:22,872|[TRACE] script - #out(`(`) [token]
2021-11-21T23:53:22,872|[TRACE] graph - <------- nonSkippedChar
2021-11-21T23:53:22,872|[TRACE] graph - <----- statementPart
2021-11-21T23:53:22,872|[TRACE] graph - -----> statementPart
2021-11-21T23:53:22,872|[TRACE] graph - -------> quotedString
2021-11-21T23:53:22,872|[TRACE] script - #out(``bank_id``) [token]
2021-11-21T23:53:22,872|[TRACE] graph - <------- quotedString
2021-11-21T23:53:22,872|[TRACE] graph - <----- statementPart
2021-11-21T23:53:22,872|[TRACE] graph - -----> statementPart
2021-11-21T23:53:22,872|[TRACE] graph - -------> nonSkippedSpace
2021-11-21T23:53:22,872|[TRACE] script - #out(` `) [token]
2021-11-21T23:53:22,872|[TRACE] graph - <------- nonSkippedSpace
2021-11-21T23:53:22,872|[TRACE] graph - <----- statementPart
2021-11-21T23:53:22,872|[TRACE] graph - -----> statementPart
2021-11-21T23:53:22,872|[TRACE] graph - -------> nonSkippedChar
2021-11-21T23:53:22,872|[TRACE] script - #out(`A`) [token]
2021-11-21T23:53:22,872|[TRACE] graph - <------- nonSkippedChar
2021-11-21T23:53:22,872|[TRACE] graph - <----- statementPart
2021-11-21T23:53:22,872|[TRACE] graph - -----> statementPart
2021-11-21T23:53:22,872|[TRACE] graph - -------> nonSkippedChar
2021-11-21T23:53:22,872|[TRACE] script - #out(`S`) [token]
2021-11-21T23:53:22,872|[TRACE] graph - <------- nonSkippedChar
2021-11-21T23:53:22,872|[TRACE] graph - <----- statementPart
2021-11-21T23:53:22,872|[TRACE] graph - -----> statementPart
2021-11-21T23:53:22,872|[TRACE] graph - -------> nonSkippedChar
2021-11-21T23:53:22,872|[TRACE] script - #out(`C`) [token]
2021-11-21T23:53:22,872|[TRACE] graph - <------- nonSkippedChar
2021-11-21T23:53:22,872|[TRACE] graph - <----- statementPart
2021-11-21T23:53:22,872|[TRACE] graph - -----> statementPart
2021-11-21T23:53:22,872|[TRACE] graph - -------> nonSkippedChar
2021-11-21T23:53:22,872|[TRACE] script - #out(`)`) [token]
2021-11-21T23:53:22,872|[TRACE] graph - <------- nonSkippedChar
2021-11-21T23:53:22,872|[TRACE] graph - <----- statementPart
2021-11-21T23:53:22,872|[TRACE] graph - -----> statementPart
2021-11-21T23:53:22,872|[TRACE] graph - -------> nonSkippedSpace
2021-11-21T23:53:22,872|[TRACE] script - #out(` `) [token]
2021-11-21T23:53:22,872|[TRACE] graph - <------- nonSkippedSpace
2021-11-21T23:53:22,872|[TRACE] graph - <----- statementPart
2021-11-21T23:53:22,872|[TRACE] graph - -----> statementPart
2021-11-21T23:53:22,872|[TRACE] graph - -------> nonSkippedChar
2021-11-21T23:53:22,872|[TRACE] script - #out(`V`) [token]
2021-11-21T23:53:22,872|[TRACE] graph - <------- nonSkippedChar
2021-11-21T23:53:22,872|[TRACE] graph - <----- statementPart
2021-11-21T23:53:22,872|[TRACE] graph - -----> statementPart
2021-11-21T23:53:22,872|[TRACE] graph - -------> nonSkippedChar
2021-11-21T23:53:22,872|[TRACE] script - #out(`I`) [token]
2021-11-21T23:53:22,872|[TRACE] graph - <------- nonSkippedChar
2021-11-21T23:53:22,872|[TRACE] graph - <----- statementPart
2021-11-21T23:53:22,872|[TRACE] graph - -----> statementPart
2021-11-21T23:53:22,872|[TRACE] graph - -------> nonSkippedChar
2021-11-21T23:53:22,872|[TRACE] script - #out(`S`) [token]
2021-11-21T23:53:22,872|[TRACE] graph - <------- nonSkippedChar
2021-11-21T23:53:22,872|[TRACE] graph - <----- statementPart
2021-11-21T23:53:22,872|[TRACE] graph - -----> statementPart
2021-11-21T23:53:22,872|[TRACE] graph - -------> nonSkippedChar
2021-11-21T23:53:22,872|[TRACE] script - #out(`I`) [token]
2021-11-21T23:53:22,872|[TRACE] graph - <------- nonSkippedChar
2021-11-21T23:53:22,872|[TRACE] graph - <----- statementPart
2021-11-21T23:53:22,872|[TRACE] graph - -----> statementPart
2021-11-21T23:53:22,872|[TRACE] graph - -------> nonSkippedChar
2021-11-21T23:53:22,872|[TRACE] script - #out(`B`) [token]
2021-11-21T23:53:22,872|[TRACE] graph - <------- nonSkippedChar
2021-11-21T23:53:22,872|[TRACE] graph - <----- statementPart
2021-11-21T23:53:22,872|[TRACE] graph - -----> statementPart
2021-11-21T23:53:22,872|[TRACE] graph - -------> nonSkippedChar
2021-11-21T23:53:22,872|[TRACE] script - #out(`L`) [token]
2021-11-21T23:53:22,872|[TRACE] graph - <------- nonSkippedChar
2021-11-21T23:53:22,873|[TRACE] graph - <----- statementPart
2021-11-21T23:53:22,873|[TRACE] graph - -----> statementPart
2021-11-21T23:53:22,873|[TRACE] graph - -------> nonSkippedChar
2021-11-21T23:53:22,873|[TRACE] script - #out(`E`) [token]
2021-11-21T23:53:22,873|[TRACE] graph - <------- nonSkippedChar
2021-11-21T23:53:22,873|[TRACE] graph - <----- statementPart
2021-11-21T23:53:22,873|[TRACE] graph - -----> statementPart
2021-11-21T23:53:22,873|[TRACE] graph - -------> nonSkippedChar
2021-11-21T23:53:22,873|[TRACE] script - #out(`,`) [token]
2021-11-21T23:53:22,873|[TRACE] graph - <------- nonSkippedChar
2021-11-21T23:53:22,873|[TRACE] graph - <----- statementPart
2021-11-21T23:53:22,873|[TRACE] graph - -----> afterStatementPartNewline
2021-11-21T23:53:22,873|[TRACE] script - #out(` `) [text]
2021-11-21T23:53:22,873|[TRACE] graph - <----- afterStatementPartNewline
2021-11-21T23:53:22,873|[TRACE] graph - -----> statementPart
2021-11-21T23:53:22,873|[TRACE] graph - -------> nonSkippedSpace
2021-11-21T23:53:22,873|[TRACE] script - #out(` `) [token]
2021-11-21T23:53:22,873|[TRACE] graph - <------- nonSkippedSpace
2021-11-21T23:53:22,873|[TRACE] graph - <----- statementPart
2021-11-21T23:53:22,873|[TRACE] graph - -----> statementPart
2021-11-21T23:53:22,873|[TRACE] graph - -------> nonSkippedSpace
2021-11-21T23:53:22,873|[TRACE] script - #out(` `) [token]
2021-11-21T23:53:22,873|[TRACE] graph - <------- nonSkippedSpace
2021-11-21T23:53:22,873|[TRACE] graph - <----- statementPart
2021-11-21T23:53:22,873|[TRACE] graph - -----> statementPart
2021-11-21T23:53:22,873|[TRACE] graph - -------> nonSkippedChar
2021-11-21T23:53:22,873|[TRACE] script - #out(`C`) [token]
2021-11-21T23:53:22,873|[TRACE] graph - <------- nonSkippedChar
2021-11-21T23:53:22,873|[TRACE] graph - <----- statementPart
2021-11-21T23:53:22,873|[TRACE] graph - -----> statementPart
2021-11-21T23:53:22,873|[TRACE] graph - -------> nonSkippedChar
2021-11-21T23:53:22,873|[TRACE] script - #out(`O`) [token]
2021-11-21T23:53:22,873|[TRACE] graph - <------- nonSkippedChar
2021-11-21T23:53:22,873|[TRACE] graph - <----- statementPart
2021-11-21T23:53:22,873|[TRACE] graph - -----> statementPart
2021-11-21T23:53:22,873|[TRACE] graph - -------> nonSkippedChar
2021-11-21T23:53:22,873|[TRACE] script - #out(`N`) [token]
2021-11-21T23:53:22,873|[TRACE] graph - <------- nonSkippedChar
2021-11-21T23:53:22,873|[TRACE] graph - <----- statementPart
2021-11-21T23:53:22,873|[TRACE] graph - -----> statementPart
2021-11-21T23:53:22,873|[TRACE] graph - -------> nonSkippedChar
2021-11-21T23:53:22,873|[TRACE] script - #out(`S`) [token]
2021-11-21T23:53:22,873|[TRACE] graph - <------- nonSkippedChar
2021-11-21T23:53:22,873|[TRACE] graph - <----- statementPart
2021-11-21T23:53:22,873|[TRACE] graph - -----> statementPart
2021-11-21T23:53:22,873|[TRACE] graph - -------> nonSkippedChar
2021-11-21T23:53:22,873|[TRACE] script - #out(`T`) [token]
2021-11-21T23:53:22,873|[TRACE] graph - <------- nonSkippedChar
2021-11-21T23:53:22,873|[TRACE] graph - <----- statementPart
2021-11-21T23:53:22,873|[TRACE] graph - -----> statementPart
2021-11-21T23:53:22,873|[TRACE] graph - -------> nonSkippedChar
2021-11-21T23:53:22,873|[TRACE] script - #out(`R`) [token]
2021-11-21T23:53:22,873|[TRACE] graph - <------- nonSkippedChar
2021-11-21T23:53:22,873|[TRACE] graph - <----- statementPart
2021-11-21T23:53:22,873|[TRACE] graph - -----> statementPart
2021-11-21T23:53:22,873|[TRACE] graph - -------> nonSkippedChar
2021-11-21T23:53:22,873|[TRACE] script - #out(`A`) [token]
2021-11-21T23:53:22,873|[TRACE] graph - <------- nonSkippedChar
2021-11-21T23:53:22,873|[TRACE] graph - <----- statementPart
2021-11-21T23:53:22,873|[TRACE] graph - -----> statementPart
2021-11-21T23:53:22,873|[TRACE] graph - -------> nonSkippedChar
2021-11-21T23:53:22,873|[TRACE] script - #out(`I`) [token]
2021-11-21T23:53:22,873|[TRACE] graph - <------- nonSkippedChar
2021-11-21T23:53:22,873|[TRACE] graph - <----- statementPart
2021-11-21T23:53:22,873|[TRACE] graph - -----> statementPart
2021-11-21T23:53:22,873|[TRACE] graph - -------> nonSkippedChar
2021-11-21T23:53:22,873|[TRACE] script - #out(`N`) [token]
2021-11-21T23:53:22,873|[TRACE] graph - <------- nonSkippedChar
2021-11-21T23:53:22,873|[TRACE] graph - <----- statementPart
2021-11-21T23:53:22,873|[TRACE] graph - -----> statementPart
2021-11-21T23:53:22,873|[TRACE] graph - -------> nonSkippedChar
2021-11-21T23:53:22,873|[TRACE] script - #out(`T`) [token]
2021-11-21T23:53:22,873|[TRACE] graph - <------- nonSkippedChar
2021-11-21T23:53:22,873|[TRACE] graph - <----- statementPart
2021-11-21T23:53:22,873|[TRACE] graph - -----> statementPart
2021-11-21T23:53:22,873|[TRACE] graph - -------> nonSkippedSpace
2021-11-21T23:53:22,873|[TRACE] script - #out(` `) [token]
2021-11-21T23:53:22,873|[TRACE] graph - <------- nonSkippedSpace
2021-11-21T23:53:22,873|[TRACE] graph - <----- statementPart
2021-11-21T23:53:22,873|[TRACE] graph - -----> statementPart
2021-11-21T23:53:22,873|[TRACE] graph - -------> quotedString
2021-11-21T23:53:22,873|[TRACE] script - #out(``fk_blood_donation_blood_bank1``) [token]
2021-11-21T23:53:22,873|[TRACE] graph - <------- quotedString
2021-11-21T23:53:22,873|[TRACE] graph - <----- statementPart
2021-11-21T23:53:22,873|[TRACE] graph - -----> afterStatementPartNewline
2021-11-21T23:53:22,873|[TRACE] script - #out(` `) [text]
2021-11-21T23:53:22,873|[TRACE] graph - <----- afterStatementPartNewline
2021-11-21T23:53:22,873|[TRACE] graph - -----> statementPart
2021-11-21T23:53:22,873|[TRACE] graph - -------> nonSkippedSpace
2021-11-21T23:53:22,873|[TRACE] script - #out(` `) [token]
2021-11-21T23:53:22,873|[TRACE] graph - <------- nonSkippedSpace
2021-11-21T23:53:22,873|[TRACE] graph - <----- statementPart
2021-11-21T23:53:22,873|[TRACE] graph - -----> statementPart
2021-11-21T23:53:22,873|[TRACE] graph - -------> nonSkippedSpace
2021-11-21T23:53:22,873|[TRACE] script - #out(` `) [token]
2021-11-21T23:53:22,873|[TRACE] graph - <------- nonSkippedSpace
2021-11-21T23:53:22,873|[TRACE] graph - <----- statementPart
2021-11-21T23:53:22,873|[TRACE] graph - -----> statementPart
2021-11-21T23:53:22,873|[TRACE] graph - -------> nonSkippedSpace
2021-11-21T23:53:22,873|[TRACE] script - #out(` `) [token]
2021-11-21T23:53:22,955|[TRACE] graph - <------- nonSkippedSpace
2021-11-21T23:53:22,955|[TRACE] graph - <----- statementPart
2021-11-21T23:53:22,955|[TRACE] graph - -----> statementPart
2021-11-21T23:53:22,955|[TRACE] graph - -------> nonSkippedSpace
2021-11-21T23:53:22,955|[TRACE] script - #out(` `) [token]
2021-11-21T23:53:22,955|[TRACE] graph - <------- nonSkippedSpace
2021-11-21T23:53:22,955|[TRACE] graph - <----- statementPart
2021-11-21T23:53:22,955|[TRACE] graph - -----> statementPart
2021-11-21T23:53:22,955|[TRACE] graph - -------> nonSkippedChar
2021-11-21T23:53:22,955|[TRACE] script - #out(`F`) [token]
2021-11-21T23:53:22,955|[TRACE] graph - <------- nonSkippedChar
2021-11-21T23:53:22,955|[TRACE] graph - <----- statementPart
2021-11-21T23:53:22,955|[TRACE] graph - -----> statementPart
2021-11-21T23:53:22,955|[TRACE] graph - -------> nonSkippedChar
2021-11-21T23:53:22,955|[TRACE] script - #out(`O`) [token]
2021-11-21T23:53:22,955|[TRACE] graph - <------- nonSkippedChar
2021-11-21T23:53:22,955|[TRACE] graph - <----- statementPart
2021-11-21T23:53:22,955|[TRACE] graph - -----> statementPart
2021-11-21T23:53:22,955|[TRACE] graph - -------> nonSkippedChar
2021-11-21T23:53:22,955|[TRACE] script - #out(`R`) [token]
2021-11-21T23:53:22,955|[TRACE] graph - <------- nonSkippedChar
2021-11-21T23:53:22,955|[TRACE] graph - <----- statementPart
2021-11-21T23:53:22,955|[TRACE] graph - -----> statementPart
2021-11-21T23:53:22,955|[TRACE] graph - -------> nonSkippedChar
2021-11-21T23:53:22,955|[TRACE] script - #out(`E`) [token]
2021-11-21T23:53:22,955|[TRACE] graph - <------- nonSkippedChar
2021-11-21T23:53:22,955|[TRACE] graph - <----- statementPart
2021-11-21T23:53:22,955|[TRACE] graph - -----> statementPart
2021-11-21T23:53:22,955|[TRACE] graph - -------> nonSkippedChar
2021-11-21T23:53:22,955|[TRACE] script - #out(`I`) [token]
2021-11-21T23:53:22,955|[TRACE] graph - <------- nonSkippedChar
2021-11-21T23:53:22,955|[TRACE] graph - <----- statementPart
2021-11-21T23:53:22,955|[TRACE] graph - -----> statementPart
2021-11-21T23:53:22,955|[TRACE] graph - -------> nonSkippedChar
2021-11-21T23:53:22,955|[TRACE] script - #out(`G`) [token]
2021-11-21T23:53:22,955|[TRACE] graph - <------- nonSkippedChar
2021-11-21T23:53:22,955|[TRACE] graph - <----- statementPart
2021-11-21T23:53:22,955|[TRACE] graph - -----> statementPart
2021-11-21T23:53:22,955|[TRACE] graph - -------> nonSkippedChar
2021-11-21T23:53:22,955|[TRACE] script - #out(`N`) [token]
2021-11-21T23:53:22,955|[TRACE] graph - <------- nonSkippedChar
2021-11-21T23:53:22,955|[TRACE] graph - <----- statementPart
2021-11-21T23:53:22,955|[TRACE] graph - -----> statementPart
2021-11-21T23:53:22,955|[TRACE] graph - -------> nonSkippedSpace
2021-11-21T23:53:22,955|[TRACE] script - #out(` `) [token]
2021-11-21T23:53:22,955|[TRACE] graph - <------- nonSkippedSpace
2021-11-21T23:53:22,955|[TRACE] graph - <----- statementPart
2021-11-21T23:53:22,955|[TRACE] graph - -----> statementPart
2021-11-21T23:53:22,955|[TRACE] graph - -------> nonSkippedChar
2021-11-21T23:53:22,955|[TRACE] script - #out(`K`) [token]
2021-11-21T23:53:22,955|[TRACE] graph - <------- nonSkippedChar
2021-11-21T23:53:22,955|[TRACE] graph - <----- statementPart
2021-11-21T23:53:22,955|[TRACE] graph - -----> statementPart
2021-11-21T23:53:22,955|[TRACE] graph - -------> nonSkippedChar
2021-11-21T23:53:22,955|[TRACE] script - #out(`E`) [token]
2021-11-21T23:53:22,955|[TRACE] graph - <------- nonSkippedChar
2021-11-21T23:53:22,955|[TRACE] graph - <----- statementPart
2021-11-21T23:53:22,955|[TRACE] graph - -----> statementPart
2021-11-21T23:53:22,955|[TRACE] graph - -------> nonSkippedChar
2021-11-21T23:53:22,955|[TRACE] script - #out(`Y`) [token]
2021-11-21T23:53:22,955|[TRACE] graph - <------- nonSkippedChar
2021-11-21T23:53:22,955|[TRACE] graph - <----- statementPart
2021-11-21T23:53:22,955|[TRACE] graph - -----> statementPart
2021-11-21T23:53:22,955|[TRACE] graph - -------> nonSkippedSpace
2021-11-21T23:53:22,955|[TRACE] script - #out(` `) [token]
2021-11-21T23:53:22,955|[TRACE] graph - <------- nonSkippedSpace
2021-11-21T23:53:22,955|[TRACE] graph - <----- statementPart
2021-11-21T23:53:22,955|[TRACE] graph - -----> statementPart
2021-11-21T23:53:22,955|[TRACE] graph - -------> nonSkippedChar
2021-11-21T23:53:22,955|[TRACE] script - #out(`(`) [token]
2021-11-21T23:53:22,955|[TRACE] graph - <------- nonSkippedChar
2021-11-21T23:53:22,955|[TRACE] graph - <----- statementPart
2021-11-21T23:53:22,955|[TRACE] graph - -----> statementPart
2021-11-21T23:53:22,955|[TRACE] graph - -------> quotedString
2021-11-21T23:53:22,955|[TRACE] script - #out(``bank_id``) [token]
2021-11-21T23:53:22,955|[TRACE] graph - <------- quotedString
2021-11-21T23:53:22,955|[TRACE] graph - <----- statementPart
2021-11-21T23:53:22,955|[TRACE] graph - -----> statementPart
2021-11-21T23:53:22,955|[TRACE] graph - -------> nonSkippedChar
2021-11-21T23:53:22,955|[TRACE] script - #out(`)`) [token]
2021-11-21T23:53:22,955|[TRACE] graph - <------- nonSkippedChar
2021-11-21T23:53:22,955|[TRACE] graph - <----- statementPart
2021-11-21T23:53:22,955|[TRACE] graph - -----> afterStatementPartNewline
2021-11-21T23:53:22,955|[TRACE] script - #out(` `) [text]
2021-11-21T23:53:22,955|[TRACE] graph - <----- afterStatementPartNewline
2021-11-21T23:53:22,955|[TRACE] graph - -----> statementPart
2021-11-21T23:53:22,955|[TRACE] graph - -------> nonSkippedSpace
2021-11-21T23:53:22,955|[TRACE] script - #out(` `) [token]
2021-11-21T23:53:22,955|[TRACE] graph - <------- nonSkippedSpace
2021-11-21T23:53:22,955|[TRACE] graph - <----- statementPart
2021-11-21T23:53:22,955|[TRACE] graph - -----> statementPart
2021-11-21T23:53:22,955|[TRACE] graph - -------> nonSkippedSpace
2021-11-21T23:53:22,955|[TRACE] script - #out(` `) [token]
2021-11-21T23:53:22,955|[TRACE] graph - <------- nonSkippedSpace
2021-11-21T23:53:22,955|[TRACE] graph - <----- statementPart
2021-11-21T23:53:22,955|[TRACE] graph - -----> statementPart
2021-11-21T23:53:22,955|[TRACE] graph - -------> nonSkippedSpace
2021-11-21T23:53:22,955|[TRACE] script - #out(` `) [token]
2021-11-21T23:53:22,955|[TRACE] graph - <------- nonSkippedSpace
2021-11-21T23:53:22,955|[TRACE] graph - <----- statementPart
2021-11-21T23:53:22,955|[TRACE] graph - -----> statementPart
2021-11-21T23:53:22,955|[TRACE] graph - -------> nonSkippedSpace
2021-11-21T23:53:22,955|[TRACE] script - #out(` `) [token]
2021-11-21T23:53:22,955|[TRACE] graph - <------- nonSkippedSpace
2021-11-21T23:53:22,955|[TRACE] graph - <----- statementPart
2021-11-21T23:53:22,955|[TRACE] graph - -----> statementPart
2021-11-21T23:53:22,955|[TRACE] graph - -------> nonSkippedChar
2021-11-21T23:53:22,955|[TRACE] script - #out(`R`) [token]
2021-11-21T23:53:22,955|[TRACE] graph - <------- nonSkippedChar
2021-11-21T23:53:22,955|[TRACE] graph - <----- statementPart
2021-11-21T23:53:22,955|[TRACE] graph - -----> statementPart
2021-11-21T23:53:22,955|[TRACE] graph - -------> nonSkippedChar
2021-11-21T23:53:22,955|[TRACE] script - #out(`E`) [token]
2021-11-21T23:53:22,955|[TRACE] graph - <------- nonSkippedChar
2021-11-21T23:53:22,955|[TRACE] graph - <----- statementPart
2021-11-21T23:53:22,955|[TRACE] graph - -----> statementPart
2021-11-21T23:53:22,955|[TRACE] graph - -------> nonSkippedChar
2021-11-21T23:53:22,955|[TRACE] script - #out(`F`) [token]
2021-11-21T23:53:22,955|[TRACE] graph - <------- nonSkippedChar
2021-11-21T23:53:22,955|[TRACE] graph - <----- statementPart
2021-11-21T23:53:22,955|[TRACE] graph - -----> statementPart
2021-11-21T23:53:22,955|[TRACE] graph - -------> nonSkippedChar
2021-11-21T23:53:22,955|[TRACE] script - #out(`E`) [token]
2021-11-21T23:53:22,955|[TRACE] graph - <------- nonSkippedChar
2021-11-21T23:53:22,955|[TRACE] graph - <----- statementPart
2021-11-21T23:53:22,955|[TRACE] graph - -----> statementPart
2021-11-21T23:53:22,955|[TRACE] graph - -------> nonSkippedChar
2021-11-21T23:53:22,955|[TRACE] script - #out(`R`) [token]
2021-11-21T23:53:22,955|[TRACE] graph - <------- nonSkippedChar
2021-11-21T23:53:22,955|[TRACE] graph - <----- statementPart
2021-11-21T23:53:22,955|[TRACE] graph - -----> statementPart
2021-11-21T23:53:22,955|[TRACE] graph - -------> nonSkippedChar
2021-11-21T23:53:22,955|[TRACE] script - #out(`E`) [token]
2021-11-21T23:53:22,955|[TRACE] graph - <------- nonSkippedChar
2021-11-21T23:53:22,955|[TRACE] graph - <----- statementPart
2021-11-21T23:53:22,955|[TRACE] graph - -----> statementPart
2021-11-21T23:53:22,955|[TRACE] graph - -------> nonSkippedChar
2021-11-21T23:53:22,955|[TRACE] script - #out(`N`) [token]
2021-11-21T23:53:22,955|[TRACE] graph - <------- nonSkippedChar
2021-11-21T23:53:22,955|[TRACE] graph - <----- statementPart
2021-11-21T23:53:22,955|[TRACE] graph - -----> statementPart
2021-11-21T23:53:22,955|[TRACE] graph - -------> nonSkippedChar
2021-11-21T23:53:22,955|[TRACE] script - #out(`C`) [token]
2021-11-21T23:53:22,955|[TRACE] graph - <------- nonSkippedChar
2021-11-21T23:53:22,955|[TRACE] graph - <----- statementPart
2021-11-21T23:53:22,955|[TRACE] graph - -----> statementPart
2021-11-21T23:53:22,955|[TRACE] graph - -------> nonSkippedChar
2021-11-21T23:53:22,955|[TRACE] script - #out(`E`) [token]
2021-11-21T23:53:22,955|[TRACE] graph - <------- nonSkippedChar
2021-11-21T23:53:22,955|[TRACE] graph - <----- statementPart
2021-11-21T23:53:22,955|[TRACE] graph - -----> statementPart
2021-11-21T23:53:22,955|[TRACE] graph - -------> nonSkippedChar
2021-11-21T23:53:22,955|[TRACE] script - #out(`S`) [token]
2021-11-21T23:53:22,955|[TRACE] graph - <------- nonSkippedChar
2021-11-21T23:53:22,955|[TRACE] graph - <----- statementPart
2021-11-21T23:53:22,955|[TRACE] graph - -----> statementPart
2021-11-21T23:53:22,955|[TRACE] graph - -------> nonSkippedSpace
2021-11-21T23:53:22,955|[TRACE] script - #out(` `) [token]
2021-11-21T23:53:22,955|[TRACE] graph - <------- nonSkippedSpace
2021-11-21T23:53:22,955|[TRACE] graph - <----- statementPart
2021-11-21T23:53:22,955|[TRACE] graph - -----> statementPart
2021-11-21T23:53:22,955|[TRACE] graph - -------> quotedString
2021-11-21T23:53:22,955|[TRACE] script - #out(``bloodbank``) [token]
2021-11-21T23:53:22,955|[TRACE] graph - <------- quotedString
2021-11-21T23:53:22,955|[TRACE] graph - <----- statementPart
2021-11-21T23:53:22,955|[TRACE] graph - -----> statementPart
2021-11-21T23:53:22,955|[TRACE] graph - -------> nonSkippedChar
2021-11-21T23:53:22,955|[TRACE] script - #out(`.`) [token]
2021-11-21T23:53:22,955|[TRACE] graph - <------- nonSkippedChar
2021-11-21T23:53:22,955|[TRACE] graph - <----- statementPart
2021-11-21T23:53:22,956|[TRACE] graph - -----> statementPart
2021-11-21T23:53:22,956|[TRACE] graph - -------> quotedString
2021-11-21T23:53:22,956|[TRACE] script - #out(``blood_bank``) [token]
2021-11-21T23:53:22,956|[TRACE] graph - <------- quotedString
2021-11-21T23:53:22,956|[TRACE] graph - <----- statementPart
2021-11-21T23:53:22,956|[TRACE] graph - -----> statementPart
2021-11-21T23:53:22,956|[TRACE] graph - -------> nonSkippedSpace
2021-11-21T23:53:22,956|[TRACE] script - #out(` `) [token]
2021-11-21T23:53:22,956|[TRACE] graph - <------- nonSkippedSpace
2021-11-21T23:53:22,956|[TRACE] graph - <----- statementPart
2021-11-21T23:53:22,956|[TRACE] graph - -----> statementPart
2021-11-21T23:53:22,956|[TRACE] graph - -------> nonSkippedChar
2021-11-21T23:53:22,956|[TRACE] script - #out(`(`) [token]
2021-11-21T23:53:22,956|[TRACE] graph - <------- nonSkippedChar
2021-11-21T23:53:22,956|[TRACE] graph - <----- statementPart
2021-11-21T23:53:22,956|[TRACE] graph - -----> statementPart
2021-11-21T23:53:22,956|[TRACE] graph - -------> quotedString
2021-11-21T23:53:22,956|[TRACE] script - #out(``bank_id``) [token]
2021-11-21T23:53:22,956|[TRACE] graph - <------- quotedString
2021-11-21T23:53:22,956|[TRACE] graph - <----- statementPart
2021-11-21T23:53:22,956|[TRACE] graph - -----> statementPart
2021-11-21T23:53:22,956|[TRACE] graph - -------> nonSkippedChar
2021-11-21T23:53:22,956|[TRACE] script - #out(`)`) [token]
2021-11-21T23:53:22,956|[TRACE] graph - <------- nonSkippedChar
2021-11-21T23:53:22,956|[TRACE] graph - <----- statementPart
2021-11-21T23:53:22,956|[TRACE] graph - -----> afterStatementPartNewline
2021-11-21T23:53:22,956|[TRACE] script - #out(` `) [text]
2021-11-21T23:53:22,956|[TRACE] graph - <----- afterStatementPartNewline
2021-11-21T23:53:22,956|[TRACE] graph - -----> statementPart
2021-11-21T23:53:22,956|[TRACE] graph - -------> nonSkippedSpace
2021-11-21T23:53:22,956|[TRACE] script - #out(` `) [token]
2021-11-21T23:53:22,956|[TRACE] graph - <------- nonSkippedSpace
2021-11-21T23:53:22,956|[TRACE] graph - <----- statementPart
2021-11-21T23:53:22,956|[TRACE] graph - -----> statementPart
2021-11-21T23:53:22,956|[TRACE] graph - -------> nonSkippedSpace
2021-11-21T23:53:22,956|[TRACE] script - #out(` `) [token]
2021-11-21T23:53:22,956|[TRACE] graph - <------- nonSkippedSpace
2021-11-21T23:53:22,956|[TRACE] graph - <----- statementPart
2021-11-21T23:53:22,956|[TRACE] graph - -----> statementPart
2021-11-21T23:53:22,956|[TRACE] graph - -------> nonSkippedSpace
2021-11-21T23:53:22,956|[TRACE] script - #out(` `) [token]
2021-11-21T23:53:22,956|[TRACE] graph - <------- nonSkippedSpace
2021-11-21T23:53:22,956|[TRACE] graph - <----- statementPart
2021-11-21T23:53:22,956|[TRACE] graph - -----> statementPart
2021-11-21T23:53:22,956|[TRACE] graph - -------> nonSkippedSpace
2021-11-21T23:53:22,956|[TRACE] script - #out(` `) [token]
2021-11-21T23:53:22,956|[TRACE] graph - <------- nonSkippedSpace
2021-11-21T23:53:22,956|[TRACE] graph - <----- statementPart
2021-11-21T23:53:22,956|[TRACE] graph - -----> statementPart
2021-11-21T23:53:22,956|[TRACE] graph - -------> nonSkippedChar
2021-11-21T23:53:22,956|[TRACE] script - #out(`O`) [token]
2021-11-21T23:53:22,956|[TRACE] graph - <------- nonSkippedChar
2021-11-21T23:53:22,956|[TRACE] graph - <----- statementPart
2021-11-21T23:53:22,956|[TRACE] graph - -----> statementPart
2021-11-21T23:53:22,956|[TRACE] graph - -------> nonSkippedChar
2021-11-21T23:53:22,956|[TRACE] script - #out(`N`) [token]
2021-11-21T23:53:22,956|[TRACE] graph - <------- nonSkippedChar
2021-11-21T23:53:22,956|[TRACE] graph - <----- statementPart
2021-11-21T23:53:22,956|[TRACE] graph - -----> statementPart
2021-11-21T23:53:22,956|[TRACE] graph - -------> nonSkippedSpace
2021-11-21T23:53:22,956|[TRACE] script - #out(` `) [token]
2021-11-21T23:53:22,956|[TRACE] graph - <------- nonSkippedSpace
2021-11-21T23:53:22,956|[TRACE] graph - <----- statementPart
2021-11-21T23:53:22,956|[TRACE] graph - -----> statementPart
2021-11-21T23:53:22,956|[TRACE] graph - -------> nonSkippedChar
2021-11-21T23:53:22,956|[TRACE] script - #out(`D`) [token]
2021-11-21T23:53:22,956|[TRACE] graph - <------- nonSkippedChar
2021-11-21T23:53:22,956|[TRACE] graph - <----- statementPart
2021-11-21T23:53:22,956|[TRACE] graph - -----> statementPart
2021-11-21T23:53:22,956|[TRACE] graph - -------> nonSkippedChar
2021-11-21T23:53:22,956|[TRACE] script - #out(`E`) [token]
2021-11-21T23:53:22,956|[TRACE] graph - <------- nonSkippedChar
2021-11-21T23:53:22,956|[TRACE] graph - <----- statementPart
2021-11-21T23:53:22,956|[TRACE] graph - -----> statementPart
2021-11-21T23:53:22,956|[TRACE] graph - -------> nonSkippedChar
2021-11-21T23:53:22,956|[TRACE] script - #out(`L`) [token]
2021-11-21T23:53:22,956|[TRACE] graph - <------- nonSkippedChar
2021-11-21T23:53:22,956|[TRACE] graph - <----- statementPart
2021-11-21T23:53:22,956|[TRACE] graph - -----> statementPart
2021-11-21T23:53:22,956|[TRACE] graph - -------> nonSkippedChar
2021-11-21T23:53:22,956|[TRACE] script - #out(`E`) [token]
2021-11-21T23:53:22,956|[TRACE] graph - <------- nonSkippedChar
2021-11-21T23:53:22,956|[TRACE] graph - <----- statementPart
2021-11-21T23:53:22,956|[TRACE] graph - -----> statementPart
2021-11-21T23:53:22,956|[TRACE] graph - -------> nonSkippedChar
2021-11-21T23:53:22,956|[TRACE] script - #out(`T`) [token]
2021-11-21T23:53:22,956|[TRACE] graph - <------- nonSkippedChar
2021-11-21T23:53:22,956|[TRACE] graph - <----- statementPart
2021-11-21T23:53:22,956|[TRACE] graph - -----> statementPart
2021-11-21T23:53:22,956|[TRACE] graph - -------> nonSkippedChar
2021-11-21T23:53:22,956|[TRACE] script - #out(`E`) [token]
2021-11-21T23:53:22,956|[TRACE] graph - <------- nonSkippedChar
2021-11-21T23:53:22,956|[TRACE] graph - <----- statementPart
2021-11-21T23:53:22,956|[TRACE] graph - -----> statementPart
2021-11-21T23:53:22,956|[TRACE] graph - -------> nonSkippedSpace
2021-11-21T23:53:22,956|[TRACE] script - #out(` `) [token]
2021-11-21T23:53:22,956|[TRACE] graph - <------- nonSkippedSpace
2021-11-21T23:53:22,956|[TRACE] graph - <----- statementPart
2021-11-21T23:53:22,956|[TRACE] graph - -----> statementPart
2021-11-21T23:53:22,956|[TRACE] graph - -------> nonSkippedChar
2021-11-21T23:53:22,956|[TRACE] script - #out(`N`) [token]
2021-11-21T23:53:22,956|[TRACE] graph - <------- nonSkippedChar
2021-11-21T23:53:22,956|[TRACE] graph - <----- statementPart
2021-11-21T23:53:22,956|[TRACE] graph - -----> statementPart
2021-11-21T23:53:22,956|[TRACE] graph - -------> nonSkippedChar
2021-11-21T23:53:22,956|[TRACE] script - #out(`O`) [token]
2021-11-21T23:53:22,956|[TRACE] graph - <------- nonSkippedChar
2021-11-21T23:53:22,956|[TRACE] graph - <----- statementPart
2021-11-21T23:53:22,956|[TRACE] graph - -----> statementPart
2021-11-21T23:53:22,956|[TRACE] graph - -------> nonSkippedSpace
2021-11-21T23:53:22,956|[TRACE] script - #out(` `) [token]
2021-11-21T23:53:22,956|[TRACE] graph - <------- nonSkippedSpace
2021-11-21T23:53:22,956|[TRACE] graph - <----- statementPart
2021-11-21T23:53:22,956|[TRACE] graph - -----> statementPart
2021-11-21T23:53:22,956|[TRACE] graph - -------> nonSkippedChar
2021-11-21T23:53:22,956|[TRACE] script - #out(`A`) [token]
2021-11-21T23:53:22,956|[TRACE] graph - <------- nonSkippedChar
2021-11-21T23:53:22,956|[TRACE] graph - <----- statementPart
2021-11-21T23:53:22,956|[TRACE] graph - -----> statementPart
2021-11-21T23:53:22,956|[TRACE] graph - -------> nonSkippedChar
2021-11-21T23:53:22,956|[TRACE] script - #out(`C`) [token]
2021-11-21T23:53:22,956|[TRACE] graph - <------- nonSkippedChar
2021-11-21T23:53:22,956|[TRACE] graph - <----- statementPart
2021-11-21T23:53:22,956|[TRACE] graph - -----> statementPart
2021-11-21T23:53:22,956|[TRACE] graph - -------> nonSkippedChar
2021-11-21T23:53:22,956|[TRACE] script - #out(`T`) [token]
2021-11-21T23:53:22,956|[TRACE] graph - <------- nonSkippedChar
2021-11-21T23:53:22,956|[TRACE] graph - <----- statementPart
2021-11-21T23:53:22,956|[TRACE] graph - -----> statementPart
2021-11-21T23:53:22,956|[TRACE] graph - -------> nonSkippedChar
2021-11-21T23:53:22,956|[TRACE] script - #out(`I`) [token]
2021-11-21T23:53:22,956|[TRACE] graph - <------- nonSkippedChar
2021-11-21T23:53:22,956|[TRACE] graph - <----- statementPart
2021-11-21T23:53:22,956|[TRACE] graph - -----> statementPart
2021-11-21T23:53:22,956|[TRACE] graph - -------> nonSkippedChar
2021-11-21T23:53:22,956|[TRACE] script - #out(`O`) [token]
2021-11-21T23:53:22,956|[TRACE] graph - <------- nonSkippedChar
2021-11-21T23:53:22,956|[TRACE] graph - <----- statementPart
2021-11-21T23:53:22,956|[TRACE] graph - -----> statementPart
2021-11-21T23:53:22,956|[TRACE] graph - -------> nonSkippedChar
2021-11-21T23:53:22,956|[TRACE] script - #out(`N`) [token]
2021-11-21T23:53:22,956|[TRACE] graph - <------- nonSkippedChar
2021-11-21T23:53:22,956|[TRACE] graph - <----- statementPart
2021-11-21T23:53:22,956|[TRACE] graph - -----> afterStatementPartNewline
2021-11-21T23:53:22,956|[TRACE] script - #out(` `) [text]
2021-11-21T23:53:22,956|[TRACE] graph - <----- afterStatementPartNewline
2021-11-21T23:53:22,956|[TRACE] graph - -----> statementPart
2021-11-21T23:53:22,956|[TRACE] graph - -------> nonSkippedSpace
2021-11-21T23:53:22,956|[TRACE] script - #out(` `) [token]
2021-11-21T23:53:22,956|[TRACE] graph - <------- nonSkippedSpace
2021-11-21T23:53:22,956|[TRACE] graph - <----- statementPart
2021-11-21T23:53:22,956|[TRACE] graph - -----> statementPart
2021-11-21T23:53:22,956|[TRACE] graph - -------> nonSkippedSpace
2021-11-21T23:53:22,956|[TRACE] script - #out(` `) [token]
2021-11-21T23:53:22,956|[TRACE] graph - <------- nonSkippedSpace
2021-11-21T23:53:22,956|[TRACE] graph - <----- statementPart
2021-11-21T23:53:22,956|[TRACE] graph - -----> statementPart
2021-11-21T23:53:22,956|[TRACE] graph - -------> nonSkippedSpace
2021-11-21T23:53:22,956|[TRACE] script - #out(` `) [token]
2021-11-21T23:53:22,956|[TRACE] graph - <------- nonSkippedSpace
2021-11-21T23:53:22,956|[TRACE] graph - <----- statementPart
2021-11-21T23:53:22,956|[TRACE] graph - -----> statementPart
2021-11-21T23:53:22,956|[TRACE] graph - -------> nonSkippedSpace
2021-11-21T23:53:22,956|[TRACE] script - #out(` `) [token]
2021-11-21T23:53:22,956|[TRACE] graph - <------- nonSkippedSpace
2021-11-21T23:53:22,956|[TRACE] graph - <----- statementPart
2021-11-21T23:53:22,956|[TRACE] graph - -----> statementPart
2021-11-21T23:53:22,956|[TRACE] graph - -------> nonSkippedChar
2021-11-21T23:53:22,956|[TRACE] script - #out(`O`) [token]
2021-11-21T23:53:22,956|[TRACE] graph - <------- nonSkippedChar
2021-11-21T23:53:22,956|[TRACE] graph - <----- statementPart
2021-11-21T23:53:22,956|[TRACE] graph - -----> statementPart
2021-11-21T23:53:22,956|[TRACE] graph - -------> nonSkippedChar
2021-11-21T23:53:22,956|[TRACE] script - #out(`N`) [token]
2021-11-21T23:53:22,956|[TRACE] graph - <------- nonSkippedChar
2021-11-21T23:53:22,956|[TRACE] graph - <----- statementPart
2021-11-21T23:53:22,956|[TRACE] graph - -----> statementPart
2021-11-21T23:53:22,956|[TRACE] graph - -------> nonSkippedSpace
2021-11-21T23:53:22,956|[TRACE] script - #out(` `) [token]
2021-11-21T23:53:22,956|[TRACE] graph - <------- nonSkippedSpace
2021-11-21T23:53:22,956|[TRACE] graph - <----- statementPart
2021-11-21T23:53:22,956|[TRACE] graph - -----> statementPart
2021-11-21T23:53:22,956|[TRACE] graph - -------> nonSkippedChar
2021-11-21T23:53:22,956|[TRACE] script - #out(`U`) [token]
2021-11-21T23:53:22,956|[TRACE] graph - <------- nonSkippedChar
2021-11-21T23:53:22,956|[TRACE] graph - <----- statementPart
2021-11-21T23:53:22,956|[TRACE] graph - -----> statementPart
2021-11-21T23:53:22,956|[TRACE] graph - -------> nonSkippedChar
2021-11-21T23:53:22,956|[TRACE] script - #out(`P`) [token]
2021-11-21T23:53:22,956|[TRACE] graph - <------- nonSkippedChar
2021-11-21T23:53:22,956|[TRACE] graph - <----- statementPart
2021-11-21T23:53:22,956|[TRACE] graph - -----> statementPart
2021-11-21T23:53:22,956|[TRACE] graph - -------> nonSkippedChar
2021-11-21T23:53:22,956|[TRACE] script - #out(`D`) [token]
2021-11-21T23:53:22,956|[TRACE] graph - <------- nonSkippedChar
2021-11-21T23:53:22,956|[TRACE] graph - <----- statementPart
2021-11-21T23:53:22,956|[TRACE] graph - -----> statementPart
2021-11-21T23:53:22,956|[TRACE] graph - -------> nonSkippedChar
2021-11-21T23:53:22,956|[TRACE] script - #out(`A`) [token]
2021-11-21T23:53:22,956|[TRACE] graph - <------- nonSkippedChar
2021-11-21T23:53:22,956|[TRACE] graph - <----- statementPart
2021-11-21T23:53:22,956|[TRACE] graph - -----> statementPart
2021-11-21T23:53:22,956|[TRACE] graph - -------> nonSkippedChar
2021-11-21T23:53:22,956|[TRACE] script - #out(`T`) [token]
2021-11-21T23:53:22,956|[TRACE] graph - <------- nonSkippedChar
2021-11-21T23:53:22,956|[TRACE] graph - <----- statementPart
2021-11-21T23:53:22,956|[TRACE] graph - -----> statementPart
2021-11-21T23:53:22,956|[TRACE] graph - -------> nonSkippedChar
2021-11-21T23:53:22,956|[TRACE] script - #out(`E`) [token]
2021-11-21T23:53:22,956|[TRACE] graph - <------- nonSkippedChar
2021-11-21T23:53:22,956|[TRACE] graph - <----- statementPart
2021-11-21T23:53:22,956|[TRACE] graph - -----> statementPart
2021-11-21T23:53:22,956|[TRACE] graph - -------> nonSkippedSpace
2021-11-21T23:53:22,956|[TRACE] script - #out(` `) [token]
2021-11-21T23:53:22,956|[TRACE] graph - <------- nonSkippedSpace
2021-11-21T23:53:22,956|[TRACE] graph - <----- statementPart
2021-11-21T23:53:22,956|[TRACE] graph - -----> statementPart
2021-11-21T23:53:22,956|[TRACE] graph - -------> nonSkippedChar
2021-11-21T23:53:22,956|[TRACE] script - #out(`N`) [token]
2021-11-21T23:53:22,956|[TRACE] graph - <------- nonSkippedChar
2021-11-21T23:53:22,956|[TRACE] graph - <----- statementPart
2021-11-21T23:53:22,956|[TRACE] graph - -----> statementPart
2021-11-21T23:53:22,956|[TRACE] graph - -------> nonSkippedChar
2021-11-21T23:53:22,956|[TRACE] script - #out(`O`) [token]
2021-11-21T23:53:22,956|[TRACE] graph - <------- nonSkippedChar
2021-11-21T23:53:22,956|[TRACE] graph - <----- statementPart
2021-11-21T23:53:22,956|[TRACE] graph - -----> statementPart
2021-11-21T23:53:22,956|[TRACE] graph - -------> nonSkippedSpace
2021-11-21T23:53:22,956|[TRACE] script - #out(` `) [token]
2021-11-21T23:53:22,956|[TRACE] graph - <------- nonSkippedSpace
2021-11-21T23:53:22,956|[TRACE] graph - <----- statementPart
2021-11-21T23:53:22,956|[TRACE] graph - -----> statementPart
2021-11-21T23:53:22,956|[TRACE] graph - -------> nonSkippedChar
2021-11-21T23:53:22,956|[TRACE] script - #out(`A`) [token]
2021-11-21T23:53:22,956|[TRACE] graph - <------- nonSkippedChar
2021-11-21T23:53:22,957|[TRACE] graph - <----- statementPart
2021-11-21T23:53:22,957|[TRACE] graph - -----> statementPart
2021-11-21T23:53:22,957|[TRACE] graph - -------> nonSkippedChar
2021-11-21T23:53:22,957|[TRACE] script - #out(`C`) [token]
2021-11-21T23:53:22,957|[TRACE] graph - <------- nonSkippedChar
2021-11-21T23:53:22,957|[TRACE] graph - <----- statementPart
2021-11-21T23:53:22,957|[TRACE] graph - -----> statementPart
2021-11-21T23:53:22,957|[TRACE] graph - -------> nonSkippedChar
2021-11-21T23:53:22,957|[TRACE] script - #out(`T`) [token]
2021-11-21T23:53:22,957|[TRACE] graph - <------- nonSkippedChar
2021-11-21T23:53:22,957|[TRACE] graph - <----- statementPart
2021-11-21T23:53:22,957|[TRACE] graph - -----> statementPart
2021-11-21T23:53:22,957|[TRACE] graph - -------> nonSkippedChar
2021-11-21T23:53:22,957|[TRACE] script - #out(`I`) [token]
2021-11-21T23:53:22,957|[TRACE] graph - <------- nonSkippedChar
2021-11-21T23:53:22,957|[TRACE] graph - <----- statementPart
2021-11-21T23:53:22,957|[TRACE] graph - -----> statementPart
2021-11-21T23:53:22,957|[TRACE] graph - -------> nonSkippedChar
2021-11-21T23:53:22,957|[TRACE] script - #out(`O`) [token]
2021-11-21T23:53:22,957|[TRACE] graph - <------- nonSkippedChar
2021-11-21T23:53:22,957|[TRACE] graph - <----- statementPart
2021-11-21T23:53:22,957|[TRACE] graph - -----> statementPart
2021-11-21T23:53:22,957|[TRACE] graph - -------> nonSkippedChar
2021-11-21T23:53:22,957|[TRACE] script - #out(`N`) [token]
2021-11-21T23:53:22,957|[TRACE] graph - <------- nonSkippedChar
2021-11-21T23:53:22,957|[TRACE] graph - <----- statementPart
2021-11-21T23:53:22,957|[TRACE] graph - -----> statementPart
2021-11-21T23:53:22,957|[TRACE] graph - -------> nonSkippedChar
2021-11-21T23:53:22,957|[TRACE] script - #out(`)`) [token]
2021-11-21T23:53:22,957|[TRACE] graph - <------- nonSkippedChar
2021-11-21T23:53:22,957|[TRACE] graph - <----- statementPart
2021-11-21T23:53:22,957|[TRACE] graph - -----> afterStatementPartNewline
2021-11-21T23:53:22,957|[TRACE] script - #out(` `) [text]
2021-11-21T23:53:22,957|[TRACE] graph - <----- afterStatementPartNewline
2021-11-21T23:53:22,957|[TRACE] graph - -----> statementPart
2021-11-21T23:53:22,957|[TRACE] graph - -------> nonSkippedChar
2021-11-21T23:53:22,957|[TRACE] script - #out(`E`) [token]
2021-11-21T23:53:22,957|[TRACE] graph - <------- nonSkippedChar
2021-11-21T23:53:22,957|[TRACE] graph - <----- statementPart
2021-11-21T23:53:22,957|[TRACE] graph - -----> statementPart
2021-11-21T23:53:22,957|[TRACE] graph - -------> nonSkippedChar
2021-11-21T23:53:22,957|[TRACE] script - #out(`N`) [token]
2021-11-21T23:53:22,957|[TRACE] graph - <------- nonSkippedChar
2021-11-21T23:53:22,957|[TRACE] graph - <----- statementPart
2021-11-21T23:53:22,957|[TRACE] graph - -----> statementPart
2021-11-21T23:53:22,957|[TRACE] graph - -------> nonSkippedChar
2021-11-21T23:53:22,957|[TRACE] script - #out(`G`) [token]
2021-11-21T23:53:22,957|[TRACE] graph - <------- nonSkippedChar
2021-11-21T23:53:22,957|[TRACE] graph - <----- statementPart
2021-11-21T23:53:22,957|[TRACE] graph - -----> statementPart
2021-11-21T23:53:22,957|[TRACE] graph - -------> nonSkippedChar
2021-11-21T23:53:22,957|[TRACE] script - #out(`I`) [token]
2021-11-21T23:53:22,957|[TRACE] graph - <------- nonSkippedChar
2021-11-21T23:53:22,957|[TRACE] graph - <----- statementPart
2021-11-21T23:53:22,957|[TRACE] graph - -----> statementPart
2021-11-21T23:53:22,957|[TRACE] graph - -------> nonSkippedChar
2021-11-21T23:53:22,957|[TRACE] script - #out(`N`) [token]
2021-11-21T23:53:22,957|[TRACE] graph - <------- nonSkippedChar
2021-11-21T23:53:22,957|[TRACE] graph - <----- statementPart
2021-11-21T23:53:23,053|[TRACE] graph - -----> statementPart
2021-11-21T23:53:23,053|[TRACE] graph - -------> nonSkippedChar
2021-11-21T23:53:23,053|[TRACE] script - #out(`E`) [token]
2021-11-21T23:53:23,053|[TRACE] graph - <------- nonSkippedChar
2021-11-21T23:53:23,053|[TRACE] graph - <----- statementPart
2021-11-21T23:53:23,053|[TRACE] graph - -----> statementPart
2021-11-21T23:53:23,053|[TRACE] graph - -------> nonSkippedSpace
2021-11-21T23:53:23,053|[TRACE] script - #out(` `) [token]
2021-11-21T23:53:23,053|[TRACE] graph - <------- nonSkippedSpace
2021-11-21T23:53:23,053|[TRACE] graph - <----- statementPart
2021-11-21T23:53:23,053|[TRACE] graph - -----> statementPart
2021-11-21T23:53:23,053|[TRACE] graph - -------> nonSkippedChar
2021-11-21T23:53:23,053|[TRACE] script - #out(`=`) [token]
2021-11-21T23:53:23,053|[TRACE] graph - <------- nonSkippedChar
2021-11-21T23:53:23,053|[TRACE] graph - <----- statementPart
2021-11-21T23:53:23,053|[TRACE] graph - -----> statementPart
2021-11-21T23:53:23,053|[TRACE] graph - -------> nonSkippedSpace
2021-11-21T23:53:23,053|[TRACE] script - #out(` `) [token]
2021-11-21T23:53:23,053|[TRACE] graph - <------- nonSkippedSpace
2021-11-21T23:53:23,053|[TRACE] graph - <----- statementPart
2021-11-21T23:53:23,053|[TRACE] graph - -----> statementPart
2021-11-21T23:53:23,053|[TRACE] graph - -------> nonSkippedChar
2021-11-21T23:53:23,053|[TRACE] script - #out(`I`) [token]
2021-11-21T23:53:23,053|[TRACE] graph - <------- nonSkippedChar
2021-11-21T23:53:23,053|[TRACE] graph - <----- statementPart
2021-11-21T23:53:23,053|[TRACE] graph - -----> statementPart
2021-11-21T23:53:23,053|[TRACE] graph - -------> nonSkippedChar
2021-11-21T23:53:23,053|[TRACE] script - #out(`n`) [token]
2021-11-21T23:53:23,053|[TRACE] graph - <------- nonSkippedChar
2021-11-21T23:53:23,053|[TRACE] graph - <----- statementPart
2021-11-21T23:53:23,053|[TRACE] graph - -----> statementPart
2021-11-21T23:53:23,053|[TRACE] graph - -------> nonSkippedChar
2021-11-21T23:53:23,053|[TRACE] script - #out(`n`) [token]
2021-11-21T23:53:23,053|[TRACE] graph - <------- nonSkippedChar
2021-11-21T23:53:23,053|[TRACE] graph - <----- statementPart
2021-11-21T23:53:23,053|[TRACE] graph - -----> statementPart
2021-11-21T23:53:23,053|[TRACE] graph - -------> nonSkippedChar
2021-11-21T23:53:23,053|[TRACE] script - #out(`o`) [token]
2021-11-21T23:53:23,053|[TRACE] graph - <------- nonSkippedChar
2021-11-21T23:53:23,053|[TRACE] graph - <----- statementPart
2021-11-21T23:53:23,053|[TRACE] graph - -----> statementPart
2021-11-21T23:53:23,053|[TRACE] graph - -------> nonSkippedChar
2021-11-21T23:53:23,053|[TRACE] script - #out(`D`) [token]
2021-11-21T23:53:23,053|[TRACE] graph - <------- nonSkippedChar
2021-11-21T23:53:23,053|[TRACE] graph - <----- statementPart
2021-11-21T23:53:23,053|[TRACE] graph - -----> statementPart
2021-11-21T23:53:23,053|[TRACE] graph - -------> nonSkippedChar
2021-11-21T23:53:23,053|[TRACE] script - #out(`B`) [token]
2021-11-21T23:53:23,053|[TRACE] graph - <------- nonSkippedChar
2021-11-21T23:53:23,053|[TRACE] graph - <----- statementPart
2021-11-21T23:53:23,053|[DEBUG] graph - Import statement : CREATE TABLE IF NOT EXISTS `bloodbank`.`blood_donation` (   `donation_id` INT NOT NULL AUTO_INCREMENT,   `bank_id` INT NOT NULL,   `milliliters` INT NOT NULL,   `blood_group` CHAR(2) NOT NULL,   `rhd` BIT(1) NOT NULL,   `created` BIGINT NOT NULL DEFAULT (unix_timestamp(now()) * 1000),   `updated` BIGINT NOT NULL DEFAULT (unix_timestamp(now()) * 1000),   `version` INT NOT NULL DEFAULT 1,   PRIMARY KEY (`donation_id`),   INDEX `fk_blood_donation_blood_bank1_idx` (`bank_id` ASC) VISIBLE,   CONSTRAINT `fk_blood_donation_blood_bank1`     FOREIGN KEY (`bank_id`)     REFERENCES `bloodbank`.`blood_bank` (`bank_id`)     ON DELETE NO ACTION     ON UPDATE NO ACTION) ENGINE = InnoDB
2021-11-21T23:53:23,053|[TRACE] graph - <--- statement
2021-11-21T23:53:23,053|[TRACE] graph - ---> blankSpacesToSkip
2021-11-21T23:53:23,053|[TRACE] graph - -----> newLineToSkip
2021-11-21T23:53:23,053|[TRACE] graph - <----- newLineToSkip
2021-11-21T23:53:23,054|[TRACE] graph - -----> newLineToSkip
2021-11-21T23:53:23,054|[TRACE] graph - <----- newLineToSkip
2021-11-21T23:53:23,054|[TRACE] graph - -----> newLineToSkip
2021-11-21T23:53:23,054|[TRACE] graph - <----- newLineToSkip
2021-11-21T23:53:23,054|[TRACE] graph - -----> newLineToSkip
2021-11-21T23:53:23,054|[TRACE] graph - <----- newLineToSkip
2021-11-21T23:53:23,054|[TRACE] graph - -----> newLineToSkip
2021-11-21T23:53:23,054|[TRACE] graph - <----- newLineToSkip
2021-11-21T23:53:23,054|[TRACE] graph - -----> newLineToSkip
2021-11-21T23:53:23,054|[TRACE] graph - <----- newLineToSkip
2021-11-21T23:53:23,054|[TRACE] graph - <--- blankSpacesToSkip
2021-11-21T23:53:23,054|[TRACE] graph - ---> statement
2021-11-21T23:53:23,054|[TRACE] graph - -----> statementFirstPart
2021-11-21T23:53:23,054|[TRACE] graph - -------> nonSkippedChar
2021-11-21T23:53:23,054|[TRACE] script - #out(`C`) [token]
2021-11-21T23:53:23,054|[TRACE] graph - <------- nonSkippedChar
2021-11-21T23:53:23,054|[TRACE] graph - <----- statementFirstPart
2021-11-21T23:53:23,054|[TRACE] graph - -----> statementPart
2021-11-21T23:53:23,054|[TRACE] graph - -------> nonSkippedChar
2021-11-21T23:53:23,054|[TRACE] script - #out(`R`) [token]
2021-11-21T23:53:23,054|[TRACE] graph - <------- nonSkippedChar
2021-11-21T23:53:23,054|[TRACE] graph - <----- statementPart
2021-11-21T23:53:23,054|[TRACE] graph - -----> statementPart
2021-11-21T23:53:23,054|[TRACE] graph - -------> nonSkippedChar
2021-11-21T23:53:23,054|[TRACE] script - #out(`E`) [token]
2021-11-21T23:53:23,054|[TRACE] graph - <------- nonSkippedChar
2021-11-21T23:53:23,054|[TRACE] graph - <----- statementPart
2021-11-21T23:53:23,054|[TRACE] graph - -----> statementPart
2021-11-21T23:53:23,054|[TRACE] graph - -------> nonSkippedChar
2021-11-21T23:53:23,054|[TRACE] script - #out(`A`) [token]
2021-11-21T23:53:23,054|[TRACE] graph - <------- nonSkippedChar
2021-11-21T23:53:23,054|[TRACE] graph - <----- statementPart
2021-11-21T23:53:23,054|[TRACE] graph - -----> statementPart
2021-11-21T23:53:23,054|[TRACE] graph - -------> nonSkippedChar
2021-11-21T23:53:23,054|[TRACE] script - #out(`T`) [token]
2021-11-21T23:53:23,054|[TRACE] graph - <------- nonSkippedChar
2021-11-21T23:53:23,054|[TRACE] graph - <----- statementPart
2021-11-21T23:53:23,054|[TRACE] graph - -----> statementPart
2021-11-21T23:53:23,054|[TRACE] graph - -------> nonSkippedChar
2021-11-21T23:53:23,054|[TRACE] script - #out(`E`) [token]
2021-11-21T23:53:23,054|[TRACE] graph - <------- nonSkippedChar
2021-11-21T23:53:23,054|[TRACE] graph - <----- statementPart
2021-11-21T23:53:23,054|[TRACE] graph - -----> statementPart
2021-11-21T23:53:23,054|[TRACE] graph - -------> nonSkippedSpace
2021-11-21T23:53:23,054|[TRACE] script - #out(` `) [token]
2021-11-21T23:53:23,054|[TRACE] graph - <------- nonSkippedSpace
2021-11-21T23:53:23,054|[TRACE] graph - <----- statementPart
2021-11-21T23:53:23,054|[TRACE] graph - -----> statementPart
2021-11-21T23:53:23,054|[TRACE] graph - -------> nonSkippedChar
2021-11-21T23:53:23,054|[TRACE] script - #out(`T`) [token]
2021-11-21T23:53:23,054|[TRACE] graph - <------- nonSkippedChar
2021-11-21T23:53:23,054|[TRACE] graph - <----- statementPart
2021-11-21T23:53:23,054|[TRACE] graph - -----> statementPart
2021-11-21T23:53:23,054|[TRACE] graph - -------> nonSkippedChar
2021-11-21T23:53:23,054|[TRACE] script - #out(`A`) [token]
2021-11-21T23:53:23,054|[TRACE] graph - <------- nonSkippedChar
2021-11-21T23:53:23,054|[TRACE] graph - <----- statementPart
2021-11-21T23:53:23,054|[TRACE] graph - -----> statementPart
2021-11-21T23:53:23,054|[TRACE] graph - -------> nonSkippedChar
2021-11-21T23:53:23,054|[TRACE] script - #out(`B`) [token]
2021-11-21T23:53:23,054|[TRACE] graph - <------- nonSkippedChar
2021-11-21T23:53:23,054|[TRACE] graph - <----- statementPart
2021-11-21T23:53:23,054|[TRACE] graph - -----> statementPart
2021-11-21T23:53:23,054|[TRACE] graph - -------> nonSkippedChar
2021-11-21T23:53:23,054|[TRACE] script - #out(`L`) [token]
2021-11-21T23:53:23,054|[TRACE] graph - <------- nonSkippedChar
2021-11-21T23:53:23,054|[TRACE] graph - <----- statementPart
2021-11-21T23:53:23,054|[TRACE] graph - -----> statementPart
2021-11-21T23:53:23,054|[TRACE] graph - -------> nonSkippedChar
2021-11-21T23:53:23,054|[TRACE] script - #out(`E`) [token]
2021-11-21T23:53:23,054|[TRACE] graph - <------- nonSkippedChar
2021-11-21T23:53:23,054|[TRACE] graph - <----- statementPart
2021-11-21T23:53:23,054|[TRACE] graph - -----> statementPart
2021-11-21T23:53:23,054|[TRACE] graph - -------> nonSkippedSpace
2021-11-21T23:53:23,054|[TRACE] script - #out(` `) [token]
2021-11-21T23:53:23,054|[TRACE] graph - <------- nonSkippedSpace
2021-11-21T23:53:23,054|[TRACE] graph - <----- statementPart
2021-11-21T23:53:23,054|[TRACE] graph - -----> statementPart
2021-11-21T23:53:23,054|[TRACE] graph - -------> nonSkippedChar
2021-11-21T23:53:23,054|[TRACE] script - #out(`I`) [token]
2021-11-21T23:53:23,054|[TRACE] graph - <------- nonSkippedChar
2021-11-21T23:53:23,054|[TRACE] graph - <----- statementPart
2021-11-21T23:53:23,054|[TRACE] graph - -----> statementPart
2021-11-21T23:53:23,054|[TRACE] graph - -------> nonSkippedChar
2021-11-21T23:53:23,054|[TRACE] script - #out(`F`) [token]
2021-11-21T23:53:23,054|[TRACE] graph - <------- nonSkippedChar
2021-11-21T23:53:23,054|[TRACE] graph - <----- statementPart
2021-11-21T23:53:23,054|[TRACE] graph - -----> statementPart
2021-11-21T23:53:23,054|[TRACE] graph - -------> nonSkippedSpace
2021-11-21T23:53:23,054|[TRACE] script - #out(` `) [token]
2021-11-21T23:53:23,054|[TRACE] graph - <------- nonSkippedSpace
2021-11-21T23:53:23,054|[TRACE] graph - <----- statementPart
2021-11-21T23:53:23,054|[TRACE] graph - -----> statementPart
2021-11-21T23:53:23,054|[TRACE] graph - -------> nonSkippedChar
2021-11-21T23:53:23,054|[TRACE] script - #out(`N`) [token]
2021-11-21T23:53:23,054|[TRACE] graph - <------- nonSkippedChar
2021-11-21T23:53:23,054|[TRACE] graph - <----- statementPart
2021-11-21T23:53:23,054|[TRACE] graph - -----> statementPart
2021-11-21T23:53:23,054|[TRACE] graph - -------> nonSkippedChar
2021-11-21T23:53:23,054|[TRACE] script - #out(`O`) [token]
2021-11-21T23:53:23,054|[TRACE] graph - <------- nonSkippedChar
2021-11-21T23:53:23,054|[TRACE] graph - <----- statementPart
2021-11-21T23:53:23,054|[TRACE] graph - -----> statementPart
2021-11-21T23:53:23,054|[TRACE] graph - -------> nonSkippedChar
2021-11-21T23:53:23,054|[TRACE] script - #out(`T`) [token]
2021-11-21T23:53:23,054|[TRACE] graph - <------- nonSkippedChar
2021-11-21T23:53:23,054|[TRACE] graph - <----- statementPart
2021-11-21T23:53:23,054|[TRACE] graph - -----> statementPart
2021-11-21T23:53:23,054|[TRACE] graph - -------> nonSkippedSpace
2021-11-21T23:53:23,054|[TRACE] script - #out(` `) [token]
2021-11-21T23:53:23,054|[TRACE] graph - <------- nonSkippedSpace
2021-11-21T23:53:23,054|[TRACE] graph - <----- statementPart
2021-11-21T23:53:23,054|[TRACE] graph - -----> statementPart
2021-11-21T23:53:23,054|[TRACE] graph - -------> nonSkippedChar
2021-11-21T23:53:23,054|[TRACE] script - #out(`E`) [token]
2021-11-21T23:53:23,054|[TRACE] graph - <------- nonSkippedChar
2021-11-21T23:53:23,054|[TRACE] graph - <----- statementPart
2021-11-21T23:53:23,054|[TRACE] graph - -----> statementPart
2021-11-21T23:53:23,054|[TRACE] graph - -------> nonSkippedChar
2021-11-21T23:53:23,054|[TRACE] script - #out(`X`) [token]
2021-11-21T23:53:23,054|[TRACE] graph - <------- nonSkippedChar
2021-11-21T23:53:23,054|[TRACE] graph - <----- statementPart
2021-11-21T23:53:23,054|[TRACE] graph - -----> statementPart
2021-11-21T23:53:23,054|[TRACE] graph - -------> nonSkippedChar
2021-11-21T23:53:23,054|[TRACE] script - #out(`I`) [token]
2021-11-21T23:53:23,054|[TRACE] graph - <------- nonSkippedChar
2021-11-21T23:53:23,054|[TRACE] graph - <----- statementPart
2021-11-21T23:53:23,054|[TRACE] graph - -----> statementPart
2021-11-21T23:53:23,054|[TRACE] graph - -------> nonSkippedChar
2021-11-21T23:53:23,054|[TRACE] script - #out(`S`) [token]
2021-11-21T23:53:23,054|[TRACE] graph - <------- nonSkippedChar
2021-11-21T23:53:23,054|[TRACE] graph - <----- statementPart
2021-11-21T23:53:23,054|[TRACE] graph - -----> statementPart
2021-11-21T23:53:23,054|[TRACE] graph - -------> nonSkippedChar
2021-11-21T23:53:23,054|[TRACE] script - #out(`T`) [token]
2021-11-21T23:53:23,054|[TRACE] graph - <------- nonSkippedChar
2021-11-21T23:53:23,054|[TRACE] graph - <----- statementPart
2021-11-21T23:53:23,054|[TRACE] graph - -----> statementPart
2021-11-21T23:53:23,054|[TRACE] graph - -------> nonSkippedChar
2021-11-21T23:53:23,054|[TRACE] script - #out(`S`) [token]
2021-11-21T23:53:23,054|[TRACE] graph - <------- nonSkippedChar
2021-11-21T23:53:23,054|[TRACE] graph - <----- statementPart
2021-11-21T23:53:23,054|[TRACE] graph - -----> statementPart
2021-11-21T23:53:23,054|[TRACE] graph - -------> nonSkippedSpace
2021-11-21T23:53:23,054|[TRACE] script - #out(` `) [token]
2021-11-21T23:53:23,054|[TRACE] graph - <------- nonSkippedSpace
2021-11-21T23:53:23,054|[TRACE] graph - <----- statementPart
2021-11-21T23:53:23,054|[TRACE] graph - -----> statementPart
2021-11-21T23:53:23,054|[TRACE] graph - -------> quotedString
2021-11-21T23:53:23,054|[TRACE] script - #out(``bloodbank``) [token]
2021-11-21T23:53:23,054|[TRACE] graph - <------- quotedString
2021-11-21T23:53:23,054|[TRACE] graph - <----- statementPart
2021-11-21T23:53:23,054|[TRACE] graph - -----> statementPart
2021-11-21T23:53:23,054|[TRACE] graph - -------> nonSkippedChar
2021-11-21T23:53:23,054|[TRACE] script - #out(`.`) [token]
2021-11-21T23:53:23,054|[TRACE] graph - <------- nonSkippedChar
2021-11-21T23:53:23,054|[TRACE] graph - <----- statementPart
2021-11-21T23:53:23,054|[TRACE] graph - -----> statementPart
2021-11-21T23:53:23,054|[TRACE] graph - -------> quotedString
2021-11-21T23:53:23,054|[TRACE] script - #out(``donation_record``) [token]
2021-11-21T23:53:23,054|[TRACE] graph - <------- quotedString
2021-11-21T23:53:23,054|[TRACE] graph - <----- statementPart
2021-11-21T23:53:23,054|[TRACE] graph - -----> statementPart
2021-11-21T23:53:23,054|[TRACE] graph - -------> nonSkippedSpace
2021-11-21T23:53:23,054|[TRACE] script - #out(` `) [token]
2021-11-21T23:53:23,054|[TRACE] graph - <------- nonSkippedSpace
2021-11-21T23:53:23,054|[TRACE] graph - <----- statementPart
2021-11-21T23:53:23,054|[TRACE] graph - -----> statementPart
2021-11-21T23:53:23,054|[TRACE] graph - -------> nonSkippedChar
2021-11-21T23:53:23,054|[TRACE] script - #out(`(`) [token]
2021-11-21T23:53:23,054|[TRACE] graph - <------- nonSkippedChar
2021-11-21T23:53:23,054|[TRACE] graph - <----- statementPart
2021-11-21T23:53:23,054|[TRACE] graph - -----> afterStatementPartNewline
2021-11-21T23:53:23,054|[TRACE] script - #out(` `) [text]
2021-11-21T23:53:23,054|[TRACE] graph - <----- afterStatementPartNewline
2021-11-21T23:53:23,054|[TRACE] graph - -----> statementPart
2021-11-21T23:53:23,054|[TRACE] graph - -------> nonSkippedSpace
2021-11-21T23:53:23,054|[TRACE] script - #out(` `) [token]
2021-11-21T23:53:23,054|[TRACE] graph - <------- nonSkippedSpace
2021-11-21T23:53:23,054|[TRACE] graph - <----- statementPart
2021-11-21T23:53:23,054|[TRACE] graph - -----> statementPart
2021-11-21T23:53:23,054|[TRACE] graph - -------> nonSkippedSpace
2021-11-21T23:53:23,054|[TRACE] script - #out(` `) [token]
2021-11-21T23:53:23,054|[TRACE] graph - <------- nonSkippedSpace
2021-11-21T23:53:23,054|[TRACE] graph - <----- statementPart
2021-11-21T23:53:23,054|[TRACE] graph - -----> statementPart
2021-11-21T23:53:23,054|[TRACE] graph - -------> quotedString
2021-11-21T23:53:23,054|[TRACE] script - #out(``record_id``) [token]
2021-11-21T23:53:23,054|[TRACE] graph - <------- quotedString
2021-11-21T23:53:23,054|[TRACE] graph - <----- statementPart
2021-11-21T23:53:23,054|[TRACE] graph - -----> statementPart
2021-11-21T23:53:23,054|[TRACE] graph - -------> nonSkippedSpace
2021-11-21T23:53:23,054|[TRACE] script - #out(` `) [token]
2021-11-21T23:53:23,054|[TRACE] graph - <------- nonSkippedSpace
2021-11-21T23:53:23,054|[TRACE] graph - <----- statementPart
2021-11-21T23:53:23,054|[TRACE] graph - -----> statementPart
2021-11-21T23:53:23,054|[TRACE] graph - -------> nonSkippedChar
2021-11-21T23:53:23,054|[TRACE] script - #out(`I`) [token]
2021-11-21T23:53:23,054|[TRACE] graph - <------- nonSkippedChar
2021-11-21T23:53:23,054|[TRACE] graph - <----- statementPart
2021-11-21T23:53:23,054|[TRACE] graph - -----> statementPart
2021-11-21T23:53:23,054|[TRACE] graph - -------> nonSkippedChar
2021-11-21T23:53:23,054|[TRACE] script - #out(`N`) [token]
2021-11-21T23:53:23,054|[TRACE] graph - <------- nonSkippedChar
2021-11-21T23:53:23,054|[TRACE] graph - <----- statementPart
2021-11-21T23:53:23,054|[TRACE] graph - -----> statementPart
2021-11-21T23:53:23,054|[TRACE] graph - -------> nonSkippedChar
2021-11-21T23:53:23,054|[TRACE] script - #out(`T`) [token]
2021-11-21T23:53:23,054|[TRACE] graph - <------- nonSkippedChar
2021-11-21T23:53:23,054|[TRACE] graph - <----- statementPart
2021-11-21T23:53:23,054|[TRACE] graph - -----> statementPart
2021-11-21T23:53:23,054|[TRACE] graph - -------> nonSkippedSpace
2021-11-21T23:53:23,054|[TRACE] script - #out(` `) [token]
2021-11-21T23:53:23,054|[TRACE] graph - <------- nonSkippedSpace
2021-11-21T23:53:23,054|[TRACE] graph - <----- statementPart
2021-11-21T23:53:23,054|[TRACE] graph - -----> statementPart
2021-11-21T23:53:23,054|[TRACE] graph - -------> nonSkippedChar
2021-11-21T23:53:23,054|[TRACE] script - #out(`N`) [token]
2021-11-21T23:53:23,054|[TRACE] graph - <------- nonSkippedChar
2021-11-21T23:53:23,054|[TRACE] graph - <----- statementPart
2021-11-21T23:53:23,054|[TRACE] graph - -----> statementPart
2021-11-21T23:53:23,054|[TRACE] graph - -------> nonSkippedChar
2021-11-21T23:53:23,054|[TRACE] script - #out(`O`) [token]
2021-11-21T23:53:23,054|[TRACE] graph - <------- nonSkippedChar
2021-11-21T23:53:23,054|[TRACE] graph - <----- statementPart
2021-11-21T23:53:23,054|[TRACE] graph - -----> statementPart
2021-11-21T23:53:23,054|[TRACE] graph - -------> nonSkippedChar
2021-11-21T23:53:23,054|[TRACE] script - #out(`T`) [token]
2021-11-21T23:53:23,054|[TRACE] graph - <------- nonSkippedChar
2021-11-21T23:53:23,054|[TRACE] graph - <----- statementPart
2021-11-21T23:53:23,054|[TRACE] graph - -----> statementPart
2021-11-21T23:53:23,054|[TRACE] graph - -------> nonSkippedSpace
2021-11-21T23:53:23,054|[TRACE] script - #out(` `) [token]
2021-11-21T23:53:23,054|[TRACE] graph - <------- nonSkippedSpace
2021-11-21T23:53:23,054|[TRACE] graph - <----- statementPart
2021-11-21T23:53:23,054|[TRACE] graph - -----> statementPart
2021-11-21T23:53:23,054|[TRACE] graph - -------> nonSkippedChar
2021-11-21T23:53:23,054|[TRACE] script - #out(`N`) [token]
2021-11-21T23:53:23,054|[TRACE] graph - <------- nonSkippedChar
2021-11-21T23:53:23,054|[TRACE] graph - <----- statementPart
2021-11-21T23:53:23,054|[TRACE] graph - -----> statementPart
2021-11-21T23:53:23,054|[TRACE] graph - -------> nonSkippedChar
2021-11-21T23:53:23,054|[TRACE] script - #out(`U`) [token]
2021-11-21T23:53:23,054|[TRACE] graph - <------- nonSkippedChar
2021-11-21T23:53:23,054|[TRACE] graph - <----- statementPart
2021-11-21T23:53:23,054|[TRACE] graph - -----> statementPart
2021-11-21T23:53:23,054|[TRACE] graph - -------> nonSkippedChar
2021-11-21T23:53:23,054|[TRACE] script - #out(`L`) [token]
2021-11-21T23:53:23,054|[TRACE] graph - <------- nonSkippedChar
2021-11-21T23:53:23,054|[TRACE] graph - <----- statementPart
2021-11-21T23:53:23,054|[TRACE] graph - -----> statementPart
2021-11-21T23:53:23,054|[TRACE] graph - -------> nonSkippedChar
2021-11-21T23:53:23,054|[TRACE] script - #out(`L`) [token]
2021-11-21T23:53:23,054|[TRACE] graph - <------- nonSkippedChar
2021-11-21T23:53:23,054|[TRACE] graph - <----- statementPart
2021-11-21T23:53:23,054|[TRACE] graph - -----> statementPart
2021-11-21T23:53:23,054|[TRACE] graph - -------> nonSkippedSpace
2021-11-21T23:53:23,054|[TRACE] script - #out(` `) [token]
2021-11-21T23:53:23,054|[TRACE] graph - <------- nonSkippedSpace
2021-11-21T23:53:23,054|[TRACE] graph - <----- statementPart
2021-11-21T23:53:23,054|[TRACE] graph - -----> statementPart
2021-11-21T23:53:23,054|[TRACE] graph - -------> nonSkippedChar
2021-11-21T23:53:23,054|[TRACE] script - #out(`A`) [token]
2021-11-21T23:53:23,054|[TRACE] graph - <------- nonSkippedChar
2021-11-21T23:53:23,054|[TRACE] graph - <----- statementPart
2021-11-21T23:53:23,054|[TRACE] graph - -----> statementPart
2021-11-21T23:53:23,054|[TRACE] graph - -------> nonSkippedChar
2021-11-21T23:53:23,054|[TRACE] script - #out(`U`) [token]
2021-11-21T23:53:23,054|[TRACE] graph - <------- nonSkippedChar
2021-11-21T23:53:23,054|[TRACE] graph - <----- statementPart
2021-11-21T23:53:23,054|[TRACE] graph - -----> statementPart
2021-11-21T23:53:23,054|[TRACE] graph - -------> nonSkippedChar
2021-11-21T23:53:23,054|[TRACE] script - #out(`T`) [token]
2021-11-21T23:53:23,054|[TRACE] graph - <------- nonSkippedChar
2021-11-21T23:53:23,054|[TRACE] graph - <----- statementPart
2021-11-21T23:53:23,054|[TRACE] graph - -----> statementPart
2021-11-21T23:53:23,054|[TRACE] graph - -------> nonSkippedChar
2021-11-21T23:53:23,054|[TRACE] script - #out(`O`) [token]
2021-11-21T23:53:23,054|[TRACE] graph - <------- nonSkippedChar
2021-11-21T23:53:23,054|[TRACE] graph - <----- statementPart
2021-11-21T23:53:23,054|[TRACE] graph - -----> statementPart
2021-11-21T23:53:23,054|[TRACE] graph - -------> nonSkippedChar
2021-11-21T23:53:23,054|[TRACE] script - #out(`_`) [token]
2021-11-21T23:53:23,054|[TRACE] graph - <------- nonSkippedChar
2021-11-21T23:53:23,054|[TRACE] graph - <----- statementPart
2021-11-21T23:53:23,054|[TRACE] graph - -----> statementPart
2021-11-21T23:53:23,054|[TRACE] graph - -------> nonSkippedChar
2021-11-21T23:53:23,054|[TRACE] script - #out(`I`) [token]
2021-11-21T23:53:23,055|[TRACE] graph - <------- nonSkippedChar
2021-11-21T23:53:23,055|[TRACE] graph - <----- statementPart
2021-11-21T23:53:23,055|[TRACE] graph - -----> statementPart
2021-11-21T23:53:23,055|[TRACE] graph - -------> nonSkippedChar
2021-11-21T23:53:23,055|[TRACE] script - #out(`N`) [token]
2021-11-21T23:53:23,055|[TRACE] graph - <------- nonSkippedChar
2021-11-21T23:53:23,055|[TRACE] graph - <----- statementPart
2021-11-21T23:53:23,055|[TRACE] graph - -----> statementPart
2021-11-21T23:53:23,055|[TRACE] graph - -------> nonSkippedChar
2021-11-21T23:53:23,055|[TRACE] script - #out(`C`) [token]
2021-11-21T23:53:23,055|[TRACE] graph - <------- nonSkippedChar
2021-11-21T23:53:23,055|[TRACE] graph - <----- statementPart
2021-11-21T23:53:23,055|[TRACE] graph - -----> statementPart
2021-11-21T23:53:23,055|[TRACE] graph - -------> nonSkippedChar
2021-11-21T23:53:23,055|[TRACE] script - #out(`R`) [token]
2021-11-21T23:53:23,055|[TRACE] graph - <------- nonSkippedChar
2021-11-21T23:53:23,055|[TRACE] graph - <----- statementPart
2021-11-21T23:53:23,055|[TRACE] graph - -----> statementPart
2021-11-21T23:53:23,055|[TRACE] graph - -------> nonSkippedChar
2021-11-21T23:53:23,055|[TRACE] script - #out(`E`) [token]
2021-11-21T23:53:23,055|[TRACE] graph - <------- nonSkippedChar
2021-11-21T23:53:23,055|[TRACE] graph - <----- statementPart
2021-11-21T23:53:23,055|[TRACE] graph - -----> statementPart
2021-11-21T23:53:23,055|[TRACE] graph - -------> nonSkippedChar
2021-11-21T23:53:23,055|[TRACE] script - #out(`M`) [token]
2021-11-21T23:53:23,055|[TRACE] graph - <------- nonSkippedChar
2021-11-21T23:53:23,055|[TRACE] graph - <----- statementPart
2021-11-21T23:53:23,055|[TRACE] graph - -----> statementPart
2021-11-21T23:53:23,055|[TRACE] graph - -------> nonSkippedChar
2021-11-21T23:53:23,055|[TRACE] script - #out(`E`) [token]
2021-11-21T23:53:23,055|[TRACE] graph - <------- nonSkippedChar
2021-11-21T23:53:23,055|[TRACE] graph - <----- statementPart
2021-11-21T23:53:23,055|[TRACE] graph - -----> statementPart
2021-11-21T23:53:23,055|[TRACE] graph - -------> nonSkippedChar
2021-11-21T23:53:23,055|[TRACE] script - #out(`N`) [token]
2021-11-21T23:53:23,055|[TRACE] graph - <------- nonSkippedChar
2021-11-21T23:53:23,055|[TRACE] graph - <----- statementPart
2021-11-21T23:53:23,055|[TRACE] graph - -----> statementPart
2021-11-21T23:53:23,055|[TRACE] graph - -------> nonSkippedChar
2021-11-21T23:53:23,055|[TRACE] script - #out(`T`) [token]
2021-11-21T23:53:23,055|[TRACE] graph - <------- nonSkippedChar
2021-11-21T23:53:23,055|[TRACE] graph - <----- statementPart
2021-11-21T23:53:23,055|[TRACE] graph - -----> statementPart
2021-11-21T23:53:23,055|[TRACE] graph - -------> nonSkippedChar
2021-11-21T23:53:23,055|[TRACE] script - #out(`,`) [token]
2021-11-21T23:53:23,055|[TRACE] graph - <------- nonSkippedChar
2021-11-21T23:53:23,055|[TRACE] graph - <----- statementPart
2021-11-21T23:53:23,055|[TRACE] graph - -----> afterStatementPartNewline
2021-11-21T23:53:23,055|[TRACE] script - #out(` `) [text]
2021-11-21T23:53:23,055|[TRACE] graph - <----- afterStatementPartNewline
2021-11-21T23:53:23,055|[TRACE] graph - -----> statementPart
2021-11-21T23:53:23,055|[TRACE] graph - -------> nonSkippedSpace
2021-11-21T23:53:23,055|[TRACE] script - #out(` `) [token]
2021-11-21T23:53:23,055|[TRACE] graph - <------- nonSkippedSpace
2021-11-21T23:53:23,055|[TRACE] graph - <----- statementPart
2021-11-21T23:53:23,055|[TRACE] graph - -----> statementPart
2021-11-21T23:53:23,055|[TRACE] graph - -------> nonSkippedSpace
2021-11-21T23:53:23,055|[TRACE] script - #out(` `) [token]
2021-11-21T23:53:23,055|[TRACE] graph - <------- nonSkippedSpace
2021-11-21T23:53:23,055|[TRACE] graph - <----- statementPart
2021-11-21T23:53:23,055|[TRACE] graph - -----> statementPart
2021-11-21T23:53:23,055|[TRACE] graph - -------> quotedString
2021-11-21T23:53:23,055|[TRACE] script - #out(``person_id``) [token]
2021-11-21T23:53:23,055|[TRACE] graph - <------- quotedString
2021-11-21T23:53:23,055|[TRACE] graph - <----- statementPart
2021-11-21T23:53:23,055|[TRACE] graph - -----> statementPart
2021-11-21T23:53:23,055|[TRACE] graph - -------> nonSkippedSpace
2021-11-21T23:53:23,055|[TRACE] script - #out(` `) [token]
2021-11-21T23:53:23,055|[TRACE] graph - <------- nonSkippedSpace
2021-11-21T23:53:23,055|[TRACE] graph - <----- statementPart
2021-11-21T23:53:23,055|[TRACE] graph - -----> statementPart
2021-11-21T23:53:23,055|[TRACE] graph - -------> nonSkippedChar
2021-11-21T23:53:23,055|[TRACE] script - #out(`I`) [token]
2021-11-21T23:53:23,055|[TRACE] graph - <------- nonSkippedChar
2021-11-21T23:53:23,055|[TRACE] graph - <----- statementPart
2021-11-21T23:53:23,055|[TRACE] graph - -----> statementPart
2021-11-21T23:53:23,055|[TRACE] graph - -------> nonSkippedChar
2021-11-21T23:53:23,055|[TRACE] script - #out(`N`) [token]
2021-11-21T23:53:23,055|[TRACE] graph - <------- nonSkippedChar
2021-11-21T23:53:23,055|[TRACE] graph - <----- statementPart
2021-11-21T23:53:23,055|[TRACE] graph - -----> statementPart
2021-11-21T23:53:23,055|[TRACE] graph - -------> nonSkippedChar
2021-11-21T23:53:23,055|[TRACE] script - #out(`T`) [token]
2021-11-21T23:53:23,055|[TRACE] graph - <------- nonSkippedChar
2021-11-21T23:53:23,055|[TRACE] graph - <----- statementPart
2021-11-21T23:53:23,055|[TRACE] graph - -----> statementPart
2021-11-21T23:53:23,055|[TRACE] graph - -------> nonSkippedSpace
2021-11-21T23:53:23,055|[TRACE] script - #out(` `) [token]
2021-11-21T23:53:23,055|[TRACE] graph - <------- nonSkippedSpace
2021-11-21T23:53:23,055|[TRACE] graph - <----- statementPart
2021-11-21T23:53:23,055|[TRACE] graph - -----> statementPart
2021-11-21T23:53:23,055|[TRACE] graph - -------> nonSkippedChar
2021-11-21T23:53:23,055|[TRACE] script - #out(`N`) [token]
2021-11-21T23:53:23,055|[TRACE] graph - <------- nonSkippedChar
2021-11-21T23:53:23,055|[TRACE] graph - <----- statementPart
2021-11-21T23:53:23,055|[TRACE] graph - -----> statementPart
2021-11-21T23:53:23,055|[TRACE] graph - -------> nonSkippedChar
2021-11-21T23:53:23,055|[TRACE] script - #out(`O`) [token]
2021-11-21T23:53:23,055|[TRACE] graph - <------- nonSkippedChar
2021-11-21T23:53:23,055|[TRACE] graph - <----- statementPart
2021-11-21T23:53:23,055|[TRACE] graph - -----> statementPart
2021-11-21T23:53:23,055|[TRACE] graph - -------> nonSkippedChar
2021-11-21T23:53:23,055|[TRACE] script - #out(`T`) [token]
2021-11-21T23:53:23,055|[TRACE] graph - <------- nonSkippedChar
2021-11-21T23:53:23,055|[TRACE] graph - <----- statementPart
2021-11-21T23:53:23,055|[TRACE] graph - -----> statementPart
2021-11-21T23:53:23,055|[TRACE] graph - -------> nonSkippedSpace
2021-11-21T23:53:23,055|[TRACE] script - #out(` `) [token]
2021-11-21T23:53:23,055|[TRACE] graph - <------- nonSkippedSpace
2021-11-21T23:53:23,055|[TRACE] graph - <----- statementPart
2021-11-21T23:53:23,055|[TRACE] graph - -----> statementPart
2021-11-21T23:53:23,055|[TRACE] graph - -------> nonSkippedChar
2021-11-21T23:53:23,055|[TRACE] script - #out(`N`) [token]
2021-11-21T23:53:23,055|[TRACE] graph - <------- nonSkippedChar
2021-11-21T23:53:23,055|[TRACE] graph - <----- statementPart
2021-11-21T23:53:23,141|[TRACE] graph - -----> statementPart
2021-11-21T23:53:23,142|[TRACE] graph - -------> nonSkippedChar
2021-11-21T23:53:23,142|[TRACE] script - #out(`U`) [token]
2021-11-21T23:53:23,142|[TRACE] graph - <------- nonSkippedChar
2021-11-21T23:53:23,142|[TRACE] graph - <----- statementPart
2021-11-21T23:53:23,142|[TRACE] graph - -----> statementPart
2021-11-21T23:53:23,142|[TRACE] graph - -------> nonSkippedChar
2021-11-21T23:53:23,142|[TRACE] script - #out(`L`) [token]
2021-11-21T23:53:23,142|[TRACE] graph - <------- nonSkippedChar
2021-11-21T23:53:23,142|[TRACE] graph - <----- statementPart
2021-11-21T23:53:23,142|[TRACE] graph - -----> statementPart
2021-11-21T23:53:23,142|[TRACE] graph - -------> nonSkippedChar
2021-11-21T23:53:23,142|[TRACE] script - #out(`L`) [token]
2021-11-21T23:53:23,142|[TRACE] graph - <------- nonSkippedChar
2021-11-21T23:53:23,142|[TRACE] graph - <----- statementPart
2021-11-21T23:53:23,142|[TRACE] graph - -----> statementPart
2021-11-21T23:53:23,142|[TRACE] graph - -------> nonSkippedChar
2021-11-21T23:53:23,142|[TRACE] script - #out(`,`) [token]
2021-11-21T23:53:23,142|[TRACE] graph - <------- nonSkippedChar
2021-11-21T23:53:23,142|[TRACE] graph - <----- statementPart
2021-11-21T23:53:23,142|[TRACE] graph - -----> afterStatementPartNewline
2021-11-21T23:53:23,142|[TRACE] script - #out(` `) [text]
2021-11-21T23:53:23,142|[TRACE] graph - <----- afterStatementPartNewline
2021-11-21T23:53:23,142|[TRACE] graph - -----> statementPart
2021-11-21T23:53:23,142|[TRACE] graph - -------> nonSkippedSpace
2021-11-21T23:53:23,142|[TRACE] script - #out(` `) [token]
2021-11-21T23:53:23,142|[TRACE] graph - <------- nonSkippedSpace
2021-11-21T23:53:23,142|[TRACE] graph - <----- statementPart
2021-11-21T23:53:23,142|[TRACE] graph - -----> statementPart
2021-11-21T23:53:23,142|[TRACE] graph - -------> nonSkippedSpace
2021-11-21T23:53:23,142|[TRACE] script - #out(` `) [token]
2021-11-21T23:53:23,142|[TRACE] graph - <------- nonSkippedSpace
2021-11-21T23:53:23,142|[TRACE] graph - <----- statementPart
2021-11-21T23:53:23,142|[TRACE] graph - -----> statementPart
2021-11-21T23:53:23,142|[TRACE] graph - -------> quotedString
2021-11-21T23:53:23,142|[TRACE] script - #out(``donation_id``) [token]
2021-11-21T23:53:23,142|[TRACE] graph - <------- quotedString
2021-11-21T23:53:23,142|[TRACE] graph - <----- statementPart
2021-11-21T23:53:23,142|[TRACE] graph - -----> statementPart
2021-11-21T23:53:23,142|[TRACE] graph - -------> nonSkippedSpace
2021-11-21T23:53:23,142|[TRACE] script - #out(` `) [token]
2021-11-21T23:53:23,142|[TRACE] graph - <------- nonSkippedSpace
2021-11-21T23:53:23,142|[TRACE] graph - <----- statementPart
2021-11-21T23:53:23,142|[TRACE] graph - -----> statementPart
2021-11-21T23:53:23,142|[TRACE] graph - -------> nonSkippedChar
2021-11-21T23:53:23,142|[TRACE] script - #out(`I`) [token]
2021-11-21T23:53:23,142|[TRACE] graph - <------- nonSkippedChar
2021-11-21T23:53:23,142|[TRACE] graph - <----- statementPart
2021-11-21T23:53:23,142|[TRACE] graph - -----> statementPart
2021-11-21T23:53:23,142|[TRACE] graph - -------> nonSkippedChar
2021-11-21T23:53:23,142|[TRACE] script - #out(`N`) [token]
2021-11-21T23:53:23,142|[TRACE] graph - <------- nonSkippedChar
2021-11-21T23:53:23,142|[TRACE] graph - <----- statementPart
2021-11-21T23:53:23,142|[TRACE] graph - -----> statementPart
2021-11-21T23:53:23,142|[TRACE] graph - -------> nonSkippedChar
2021-11-21T23:53:23,142|[TRACE] script - #out(`T`) [token]
2021-11-21T23:53:23,142|[TRACE] graph - <------- nonSkippedChar
2021-11-21T23:53:23,142|[TRACE] graph - <----- statementPart
2021-11-21T23:53:23,142|[TRACE] graph - -----> statementPart
2021-11-21T23:53:23,142|[TRACE] graph - -------> nonSkippedSpace
2021-11-21T23:53:23,142|[TRACE] script - #out(` `) [token]
2021-11-21T23:53:23,142|[TRACE] graph - <------- nonSkippedSpace
2021-11-21T23:53:23,142|[TRACE] graph - <----- statementPart
2021-11-21T23:53:23,142|[TRACE] graph - -----> statementPart
2021-11-21T23:53:23,142|[TRACE] graph - -------> nonSkippedChar
2021-11-21T23:53:23,142|[TRACE] script - #out(`N`) [token]
2021-11-21T23:53:23,142|[TRACE] graph - <------- nonSkippedChar
2021-11-21T23:53:23,142|[TRACE] graph - <----- statementPart
2021-11-21T23:53:23,142|[TRACE] graph - -----> statementPart
2021-11-21T23:53:23,142|[TRACE] graph - -------> nonSkippedChar
2021-11-21T23:53:23,142|[TRACE] script - #out(`U`) [token]
2021-11-21T23:53:23,142|[TRACE] graph - <------- nonSkippedChar
2021-11-21T23:53:23,142|[TRACE] graph - <----- statementPart
2021-11-21T23:53:23,142|[TRACE] graph - -----> statementPart
2021-11-21T23:53:23,142|[TRACE] graph - -------> nonSkippedChar
2021-11-21T23:53:23,142|[TRACE] script - #out(`L`) [token]
2021-11-21T23:53:23,142|[TRACE] graph - <------- nonSkippedChar
2021-11-21T23:53:23,142|[TRACE] graph - <----- statementPart
2021-11-21T23:53:23,142|[TRACE] graph - -----> statementPart
2021-11-21T23:53:23,142|[TRACE] graph - -------> nonSkippedChar
2021-11-21T23:53:23,142|[TRACE] script - #out(`L`) [token]
2021-11-21T23:53:23,142|[TRACE] graph - <------- nonSkippedChar
2021-11-21T23:53:23,142|[TRACE] graph - <----- statementPart
2021-11-21T23:53:23,142|[TRACE] graph - -----> statementPart
2021-11-21T23:53:23,142|[TRACE] graph - -------> nonSkippedChar
2021-11-21T23:53:23,142|[TRACE] script - #out(`,`) [token]
2021-11-21T23:53:23,142|[TRACE] graph - <------- nonSkippedChar
2021-11-21T23:53:23,142|[TRACE] graph - <----- statementPart
2021-11-21T23:53:23,142|[TRACE] graph - -----> afterStatementPartNewline
2021-11-21T23:53:23,142|[TRACE] script - #out(` `) [text]
2021-11-21T23:53:23,142|[TRACE] graph - <----- afterStatementPartNewline
2021-11-21T23:53:23,142|[TRACE] graph - -----> statementPart
2021-11-21T23:53:23,142|[TRACE] graph - -------> nonSkippedSpace
2021-11-21T23:53:23,142|[TRACE] script - #out(` `) [token]
2021-11-21T23:53:23,142|[TRACE] graph - <------- nonSkippedSpace
2021-11-21T23:53:23,142|[TRACE] graph - <----- statementPart
2021-11-21T23:53:23,142|[TRACE] graph - -----> statementPart
2021-11-21T23:53:23,142|[TRACE] graph - -------> nonSkippedSpace
2021-11-21T23:53:23,142|[TRACE] script - #out(` `) [token]
2021-11-21T23:53:23,142|[TRACE] graph - <------- nonSkippedSpace
2021-11-21T23:53:23,142|[TRACE] graph - <----- statementPart
2021-11-21T23:53:23,142|[TRACE] graph - -----> statementPart
2021-11-21T23:53:23,142|[TRACE] graph - -------> quotedString
2021-11-21T23:53:23,142|[TRACE] script - #out(``tested``) [token]
2021-11-21T23:53:23,142|[TRACE] graph - <------- quotedString
2021-11-21T23:53:23,142|[TRACE] graph - <----- statementPart
2021-11-21T23:53:23,142|[TRACE] graph - -----> statementPart
2021-11-21T23:53:23,142|[TRACE] graph - -------> nonSkippedSpace
2021-11-21T23:53:23,142|[TRACE] script - #out(` `) [token]
2021-11-21T23:53:23,142|[TRACE] graph - <------- nonSkippedSpace
2021-11-21T23:53:23,142|[TRACE] graph - <----- statementPart
2021-11-21T23:53:23,142|[TRACE] graph - -----> statementPart
2021-11-21T23:53:23,142|[TRACE] graph - -------> nonSkippedChar
2021-11-21T23:53:23,142|[TRACE] script - #out(`B`) [token]
2021-11-21T23:53:23,142|[TRACE] graph - <------- nonSkippedChar
2021-11-21T23:53:23,142|[TRACE] graph - <----- statementPart
2021-11-21T23:53:23,142|[TRACE] graph - -----> statementPart
2021-11-21T23:53:23,142|[TRACE] graph - -------> nonSkippedChar
2021-11-21T23:53:23,142|[TRACE] script - #out(`I`) [token]
2021-11-21T23:53:23,142|[TRACE] graph - <------- nonSkippedChar
2021-11-21T23:53:23,142|[TRACE] graph - <----- statementPart
2021-11-21T23:53:23,142|[TRACE] graph - -----> statementPart
2021-11-21T23:53:23,142|[TRACE] graph - -------> nonSkippedChar
2021-11-21T23:53:23,142|[TRACE] script - #out(`T`) [token]
2021-11-21T23:53:23,142|[TRACE] graph - <------- nonSkippedChar
2021-11-21T23:53:23,142|[TRACE] graph - <----- statementPart
2021-11-21T23:53:23,142|[TRACE] graph - -----> statementPart
2021-11-21T23:53:23,142|[TRACE] graph - -------> nonSkippedChar
2021-11-21T23:53:23,142|[TRACE] script - #out(`(`) [token]
2021-11-21T23:53:23,142|[TRACE] graph - <------- nonSkippedChar
2021-11-21T23:53:23,142|[TRACE] graph - <----- statementPart
2021-11-21T23:53:23,142|[TRACE] graph - -----> statementPart
2021-11-21T23:53:23,142|[TRACE] graph - -------> nonSkippedChar
2021-11-21T23:53:23,142|[TRACE] script - #out(`1`) [token]
2021-11-21T23:53:23,142|[TRACE] graph - <------- nonSkippedChar
2021-11-21T23:53:23,142|[TRACE] graph - <----- statementPart
2021-11-21T23:53:23,142|[TRACE] graph - -----> statementPart
2021-11-21T23:53:23,142|[TRACE] graph - -------> nonSkippedChar
2021-11-21T23:53:23,142|[TRACE] script - #out(`)`) [token]
2021-11-21T23:53:23,142|[TRACE] graph - <------- nonSkippedChar
2021-11-21T23:53:23,142|[TRACE] graph - <----- statementPart
2021-11-21T23:53:23,142|[TRACE] graph - -----> statementPart
2021-11-21T23:53:23,142|[TRACE] graph - -------> nonSkippedSpace
2021-11-21T23:53:23,142|[TRACE] script - #out(` `) [token]
2021-11-21T23:53:23,142|[TRACE] graph - <------- nonSkippedSpace
2021-11-21T23:53:23,142|[TRACE] graph - <----- statementPart
2021-11-21T23:53:23,142|[TRACE] graph - -----> statementPart
2021-11-21T23:53:23,142|[TRACE] graph - -------> nonSkippedChar
2021-11-21T23:53:23,142|[TRACE] script - #out(`N`) [token]
2021-11-21T23:53:23,142|[TRACE] graph - <------- nonSkippedChar
2021-11-21T23:53:23,142|[TRACE] graph - <----- statementPart
2021-11-21T23:53:23,142|[TRACE] graph - -----> statementPart
2021-11-21T23:53:23,142|[TRACE] graph - -------> nonSkippedChar
2021-11-21T23:53:23,142|[TRACE] script - #out(`O`) [token]
2021-11-21T23:53:23,142|[TRACE] graph - <------- nonSkippedChar
2021-11-21T23:53:23,142|[TRACE] graph - <----- statementPart
2021-11-21T23:53:23,142|[TRACE] graph - -----> statementPart
2021-11-21T23:53:23,142|[TRACE] graph - -------> nonSkippedChar
2021-11-21T23:53:23,142|[TRACE] script - #out(`T`) [token]
2021-11-21T23:53:23,142|[TRACE] graph - <------- nonSkippedChar
2021-11-21T23:53:23,142|[TRACE] graph - <----- statementPart
2021-11-21T23:53:23,142|[TRACE] graph - -----> statementPart
2021-11-21T23:53:23,142|[TRACE] graph - -------> nonSkippedSpace
2021-11-21T23:53:23,142|[TRACE] script - #out(` `) [token]
2021-11-21T23:53:23,142|[TRACE] graph - <------- nonSkippedSpace
2021-11-21T23:53:23,142|[TRACE] graph - <----- statementPart
2021-11-21T23:53:23,142|[TRACE] graph - -----> statementPart
2021-11-21T23:53:23,142|[TRACE] graph - -------> nonSkippedChar
2021-11-21T23:53:23,142|[TRACE] script - #out(`N`) [token]
2021-11-21T23:53:23,142|[TRACE] graph - <------- nonSkippedChar
2021-11-21T23:53:23,142|[TRACE] graph - <----- statementPart
2021-11-21T23:53:23,142|[TRACE] graph - -----> statementPart
2021-11-21T23:53:23,142|[TRACE] graph - -------> nonSkippedChar
2021-11-21T23:53:23,142|[TRACE] script - #out(`U`) [token]
2021-11-21T23:53:23,142|[TRACE] graph - <------- nonSkippedChar
2021-11-21T23:53:23,142|[TRACE] graph - <----- statementPart
2021-11-21T23:53:23,142|[TRACE] graph - -----> statementPart
2021-11-21T23:53:23,142|[TRACE] graph - -------> nonSkippedChar
2021-11-21T23:53:23,142|[TRACE] script - #out(`L`) [token]
2021-11-21T23:53:23,142|[TRACE] graph - <------- nonSkippedChar
2021-11-21T23:53:23,142|[TRACE] graph - <----- statementPart
2021-11-21T23:53:23,142|[TRACE] graph - -----> statementPart
2021-11-21T23:53:23,142|[TRACE] graph - -------> nonSkippedChar
2021-11-21T23:53:23,142|[TRACE] script - #out(`L`) [token]
2021-11-21T23:53:23,142|[TRACE] graph - <------- nonSkippedChar
2021-11-21T23:53:23,142|[TRACE] graph - <----- statementPart
2021-11-21T23:53:23,142|[TRACE] graph - -----> statementPart
2021-11-21T23:53:23,142|[TRACE] graph - -------> nonSkippedChar
2021-11-21T23:53:23,142|[TRACE] script - #out(`,`) [token]
2021-11-21T23:53:23,142|[TRACE] graph - <------- nonSkippedChar
2021-11-21T23:53:23,142|[TRACE] graph - <----- statementPart
2021-11-21T23:53:23,142|[TRACE] graph - -----> afterStatementPartNewline
2021-11-21T23:53:23,142|[TRACE] script - #out(` `) [text]
2021-11-21T23:53:23,142|[TRACE] graph - <----- afterStatementPartNewline
2021-11-21T23:53:23,142|[TRACE] graph - -----> statementPart
2021-11-21T23:53:23,142|[TRACE] graph - -------> nonSkippedSpace
2021-11-21T23:53:23,142|[TRACE] script - #out(` `) [token]
2021-11-21T23:53:23,142|[TRACE] graph - <------- nonSkippedSpace
2021-11-21T23:53:23,142|[TRACE] graph - <----- statementPart
2021-11-21T23:53:23,142|[TRACE] graph - -----> statementPart
2021-11-21T23:53:23,142|[TRACE] graph - -------> nonSkippedSpace
2021-11-21T23:53:23,142|[TRACE] script - #out(` `) [token]
2021-11-21T23:53:23,142|[TRACE] graph - <------- nonSkippedSpace
2021-11-21T23:53:23,142|[TRACE] graph - <----- statementPart
2021-11-21T23:53:23,142|[TRACE] graph - -----> statementPart
2021-11-21T23:53:23,142|[TRACE] graph - -------> quotedString
2021-11-21T23:53:23,142|[TRACE] script - #out(``created``) [token]
2021-11-21T23:53:23,142|[TRACE] graph - <------- quotedString
2021-11-21T23:53:23,142|[TRACE] graph - <----- statementPart
2021-11-21T23:53:23,142|[TRACE] graph - -----> statementPart
2021-11-21T23:53:23,142|[TRACE] graph - -------> nonSkippedSpace
2021-11-21T23:53:23,142|[TRACE] script - #out(` `) [token]
2021-11-21T23:53:23,142|[TRACE] graph - <------- nonSkippedSpace
2021-11-21T23:53:23,142|[TRACE] graph - <----- statementPart
2021-11-21T23:53:23,142|[TRACE] graph - -----> statementPart
2021-11-21T23:53:23,142|[TRACE] graph - -------> nonSkippedChar
2021-11-21T23:53:23,142|[TRACE] script - #out(`B`) [token]
2021-11-21T23:53:23,142|[TRACE] graph - <------- nonSkippedChar
2021-11-21T23:53:23,142|[TRACE] graph - <----- statementPart
2021-11-21T23:53:23,142|[TRACE] graph - -----> statementPart
2021-11-21T23:53:23,142|[TRACE] graph - -------> nonSkippedChar
2021-11-21T23:53:23,142|[TRACE] script - #out(`I`) [token]
2021-11-21T23:53:23,142|[TRACE] graph - <------- nonSkippedChar
2021-11-21T23:53:23,142|[TRACE] graph - <----- statementPart
2021-11-21T23:53:23,142|[TRACE] graph - -----> statementPart
2021-11-21T23:53:23,142|[TRACE] graph - -------> nonSkippedChar
2021-11-21T23:53:23,142|[TRACE] script - #out(`G`) [token]
2021-11-21T23:53:23,142|[TRACE] graph - <------- nonSkippedChar
2021-11-21T23:53:23,142|[TRACE] graph - <----- statementPart
2021-11-21T23:53:23,142|[TRACE] graph - -----> statementPart
2021-11-21T23:53:23,142|[TRACE] graph - -------> nonSkippedChar
2021-11-21T23:53:23,142|[TRACE] script - #out(`I`) [token]
2021-11-21T23:53:23,142|[TRACE] graph - <------- nonSkippedChar
2021-11-21T23:53:23,142|[TRACE] graph - <----- statementPart
2021-11-21T23:53:23,142|[TRACE] graph - -----> statementPart
2021-11-21T23:53:23,142|[TRACE] graph - -------> nonSkippedChar
2021-11-21T23:53:23,142|[TRACE] script - #out(`N`) [token]
2021-11-21T23:53:23,142|[TRACE] graph - <------- nonSkippedChar
2021-11-21T23:53:23,142|[TRACE] graph - <----- statementPart
2021-11-21T23:53:23,142|[TRACE] graph - -----> statementPart
2021-11-21T23:53:23,142|[TRACE] graph - -------> nonSkippedChar
2021-11-21T23:53:23,142|[TRACE] script - #out(`T`) [token]
2021-11-21T23:53:23,142|[TRACE] graph - <------- nonSkippedChar
2021-11-21T23:53:23,142|[TRACE] graph - <----- statementPart
2021-11-21T23:53:23,142|[TRACE] graph - -----> statementPart
2021-11-21T23:53:23,142|[TRACE] graph - -------> nonSkippedSpace
2021-11-21T23:53:23,142|[TRACE] script - #out(` `) [token]
2021-11-21T23:53:23,142|[TRACE] graph - <------- nonSkippedSpace
2021-11-21T23:53:23,142|[TRACE] graph - <----- statementPart
2021-11-21T23:53:23,142|[TRACE] graph - -----> statementPart
2021-11-21T23:53:23,142|[TRACE] graph - -------> nonSkippedChar
2021-11-21T23:53:23,142|[TRACE] script - #out(`N`) [token]
2021-11-21T23:53:23,142|[TRACE] graph - <------- nonSkippedChar
2021-11-21T23:53:23,142|[TRACE] graph - <----- statementPart
2021-11-21T23:53:23,142|[TRACE] graph - -----> statementPart
2021-11-21T23:53:23,142|[TRACE] graph - -------> nonSkippedChar
2021-11-21T23:53:23,142|[TRACE] script - #out(`O`) [token]
2021-11-21T23:53:23,142|[TRACE] graph - <------- nonSkippedChar
2021-11-21T23:53:23,142|[TRACE] graph - <----- statementPart
2021-11-21T23:53:23,142|[TRACE] graph - -----> statementPart
2021-11-21T23:53:23,142|[TRACE] graph - -------> nonSkippedChar
2021-11-21T23:53:23,142|[TRACE] script - #out(`T`) [token]
2021-11-21T23:53:23,142|[TRACE] graph - <------- nonSkippedChar
2021-11-21T23:53:23,142|[TRACE] graph - <----- statementPart
2021-11-21T23:53:23,142|[TRACE] graph - -----> statementPart
2021-11-21T23:53:23,142|[TRACE] graph - -------> nonSkippedSpace
2021-11-21T23:53:23,142|[TRACE] script - #out(` `) [token]
2021-11-21T23:53:23,142|[TRACE] graph - <------- nonSkippedSpace
2021-11-21T23:53:23,142|[TRACE] graph - <----- statementPart
2021-11-21T23:53:23,142|[TRACE] graph - -----> statementPart
2021-11-21T23:53:23,142|[TRACE] graph - -------> nonSkippedChar
2021-11-21T23:53:23,142|[TRACE] script - #out(`N`) [token]
2021-11-21T23:53:23,142|[TRACE] graph - <------- nonSkippedChar
2021-11-21T23:53:23,142|[TRACE] graph - <----- statementPart
2021-11-21T23:53:23,142|[TRACE] graph - -----> statementPart
2021-11-21T23:53:23,142|[TRACE] graph - -------> nonSkippedChar
2021-11-21T23:53:23,142|[TRACE] script - #out(`U`) [token]
2021-11-21T23:53:23,142|[TRACE] graph - <------- nonSkippedChar
2021-11-21T23:53:23,142|[TRACE] graph - <----- statementPart
2021-11-21T23:53:23,142|[TRACE] graph - -----> statementPart
2021-11-21T23:53:23,142|[TRACE] graph - -------> nonSkippedChar
2021-11-21T23:53:23,142|[TRACE] script - #out(`L`) [token]
2021-11-21T23:53:23,142|[TRACE] graph - <------- nonSkippedChar
2021-11-21T23:53:23,142|[TRACE] graph - <----- statementPart
2021-11-21T23:53:23,142|[TRACE] graph - -----> statementPart
2021-11-21T23:53:23,142|[TRACE] graph - -------> nonSkippedChar
2021-11-21T23:53:23,142|[TRACE] script - #out(`L`) [token]
2021-11-21T23:53:23,142|[TRACE] graph - <------- nonSkippedChar
2021-11-21T23:53:23,142|[TRACE] graph - <----- statementPart
2021-11-21T23:53:23,142|[TRACE] graph - -----> statementPart
2021-11-21T23:53:23,143|[TRACE] graph - -------> nonSkippedSpace
2021-11-21T23:53:23,143|[TRACE] script - #out(` `) [token]
2021-11-21T23:53:23,143|[TRACE] graph - <------- nonSkippedSpace
2021-11-21T23:53:23,143|[TRACE] graph - <----- statementPart
2021-11-21T23:53:23,143|[TRACE] graph - -----> statementPart
2021-11-21T23:53:23,143|[TRACE] graph - -------> nonSkippedChar
2021-11-21T23:53:23,143|[TRACE] script - #out(`D`) [token]
2021-11-21T23:53:23,143|[TRACE] graph - <------- nonSkippedChar
2021-11-21T23:53:23,143|[TRACE] graph - <----- statementPart
2021-11-21T23:53:23,143|[TRACE] graph - -----> statementPart
2021-11-21T23:53:23,143|[TRACE] graph - -------> nonSkippedChar
2021-11-21T23:53:23,143|[TRACE] script - #out(`E`) [token]
2021-11-21T23:53:23,143|[TRACE] graph - <------- nonSkippedChar
2021-11-21T23:53:23,143|[TRACE] graph - <----- statementPart
2021-11-21T23:53:23,143|[TRACE] graph - -----> statementPart
2021-11-21T23:53:23,143|[TRACE] graph - -------> nonSkippedChar
2021-11-21T23:53:23,143|[TRACE] script - #out(`F`) [token]
2021-11-21T23:53:23,143|[TRACE] graph - <------- nonSkippedChar
2021-11-21T23:53:23,143|[TRACE] graph - <----- statementPart
2021-11-21T23:53:23,143|[TRACE] graph - -----> statementPart
2021-11-21T23:53:23,143|[TRACE] graph - -------> nonSkippedChar
2021-11-21T23:53:23,143|[TRACE] script - #out(`A`) [token]
2021-11-21T23:53:23,143|[TRACE] graph - <------- nonSkippedChar
2021-11-21T23:53:23,143|[TRACE] graph - <----- statementPart
2021-11-21T23:53:23,143|[TRACE] graph - -----> statementPart
2021-11-21T23:53:23,143|[TRACE] graph - -------> nonSkippedChar
2021-11-21T23:53:23,143|[TRACE] script - #out(`U`) [token]
2021-11-21T23:53:23,143|[TRACE] graph - <------- nonSkippedChar
2021-11-21T23:53:23,143|[TRACE] graph - <----- statementPart
2021-11-21T23:53:23,143|[TRACE] graph - -----> statementPart
2021-11-21T23:53:23,143|[TRACE] graph - -------> nonSkippedChar
2021-11-21T23:53:23,143|[TRACE] script - #out(`L`) [token]
2021-11-21T23:53:23,143|[TRACE] graph - <------- nonSkippedChar
2021-11-21T23:53:23,143|[TRACE] graph - <----- statementPart
2021-11-21T23:53:23,143|[TRACE] graph - -----> statementPart
2021-11-21T23:53:23,143|[TRACE] graph - -------> nonSkippedChar
2021-11-21T23:53:23,143|[TRACE] script - #out(`T`) [token]
2021-11-21T23:53:23,143|[TRACE] graph - <------- nonSkippedChar
2021-11-21T23:53:23,143|[TRACE] graph - <----- statementPart
2021-11-21T23:53:23,143|[TRACE] graph - -----> statementPart
2021-11-21T23:53:23,143|[TRACE] graph - -------> nonSkippedSpace
2021-11-21T23:53:23,143|[TRACE] script - #out(` `) [token]
2021-11-21T23:53:23,143|[TRACE] graph - <------- nonSkippedSpace
2021-11-21T23:53:23,143|[TRACE] graph - <----- statementPart
2021-11-21T23:53:23,143|[TRACE] graph - -----> statementPart
2021-11-21T23:53:23,143|[TRACE] graph - -------> nonSkippedChar
2021-11-21T23:53:23,143|[TRACE] script - #out(`(`) [token]
2021-11-21T23:53:23,143|[TRACE] graph - <------- nonSkippedChar
2021-11-21T23:53:23,143|[TRACE] graph - <----- statementPart
2021-11-21T23:53:23,143|[TRACE] graph - -----> statementPart
2021-11-21T23:53:23,143|[TRACE] graph - -------> nonSkippedChar
2021-11-21T23:53:23,143|[TRACE] script - #out(`u`) [token]
2021-11-21T23:53:23,143|[TRACE] graph - <------- nonSkippedChar
2021-11-21T23:53:23,143|[TRACE] graph - <----- statementPart
2021-11-21T23:53:23,143|[TRACE] graph - -----> statementPart
2021-11-21T23:53:23,143|[TRACE] graph - -------> nonSkippedChar
2021-11-21T23:53:23,143|[TRACE] script - #out(`n`) [token]
2021-11-21T23:53:23,143|[TRACE] graph - <------- nonSkippedChar
2021-11-21T23:53:23,143|[TRACE] graph - <----- statementPart
2021-11-21T23:53:23,143|[TRACE] graph - -----> statementPart
2021-11-21T23:53:23,143|[TRACE] graph - -------> nonSkippedChar
2021-11-21T23:53:23,143|[TRACE] script - #out(`i`) [token]
2021-11-21T23:53:23,143|[TRACE] graph - <------- nonSkippedChar
2021-11-21T23:53:23,143|[TRACE] graph - <----- statementPart
2021-11-21T23:53:23,143|[TRACE] graph - -----> statementPart
2021-11-21T23:53:23,143|[TRACE] graph - -------> nonSkippedChar
2021-11-21T23:53:23,143|[TRACE] script - #out(`x`) [token]
2021-11-21T23:53:23,143|[TRACE] graph - <------- nonSkippedChar
2021-11-21T23:53:23,143|[TRACE] graph - <----- statementPart
2021-11-21T23:53:23,143|[TRACE] graph - -----> statementPart
2021-11-21T23:53:23,143|[TRACE] graph - -------> nonSkippedChar
2021-11-21T23:53:23,143|[TRACE] script - #out(`_`) [token]
2021-11-21T23:53:23,143|[TRACE] graph - <------- nonSkippedChar
2021-11-21T23:53:23,143|[TRACE] graph - <----- statementPart
2021-11-21T23:53:23,143|[TRACE] graph - -----> statementPart
2021-11-21T23:53:23,143|[TRACE] graph - -------> nonSkippedChar
2021-11-21T23:53:23,143|[TRACE] script - #out(`t`) [token]
2021-11-21T23:53:23,143|[TRACE] graph - <------- nonSkippedChar
2021-11-21T23:53:23,143|[TRACE] graph - <----- statementPart
2021-11-21T23:53:23,143|[TRACE] graph - -----> statementPart
2021-11-21T23:53:23,143|[TRACE] graph - -------> nonSkippedChar
2021-11-21T23:53:23,143|[TRACE] script - #out(`i`) [token]
2021-11-21T23:53:23,143|[TRACE] graph - <------- nonSkippedChar
2021-11-21T23:53:23,143|[TRACE] graph - <----- statementPart
2021-11-21T23:53:23,143|[TRACE] graph - -----> statementPart
2021-11-21T23:53:23,143|[TRACE] graph - -------> nonSkippedChar
2021-11-21T23:53:23,143|[TRACE] script - #out(`m`) [token]
2021-11-21T23:53:23,143|[TRACE] graph - <------- nonSkippedChar
2021-11-21T23:53:23,143|[TRACE] graph - <----- statementPart
2021-11-21T23:53:23,143|[TRACE] graph - -----> statementPart
2021-11-21T23:53:23,143|[TRACE] graph - -------> nonSkippedChar
2021-11-21T23:53:23,143|[TRACE] script - #out(`e`) [token]
2021-11-21T23:53:23,143|[TRACE] graph - <------- nonSkippedChar
2021-11-21T23:53:23,143|[TRACE] graph - <----- statementPart
2021-11-21T23:53:23,143|[TRACE] graph - -----> statementPart
2021-11-21T23:53:23,143|[TRACE] graph - -------> nonSkippedChar
2021-11-21T23:53:23,143|[TRACE] script - #out(`s`) [token]
2021-11-21T23:53:23,143|[TRACE] graph - <------- nonSkippedChar
2021-11-21T23:53:23,143|[TRACE] graph - <----- statementPart
2021-11-21T23:53:23,143|[TRACE] graph - -----> statementPart
2021-11-21T23:53:23,143|[TRACE] graph - -------> nonSkippedChar
2021-11-21T23:53:23,143|[TRACE] script - #out(`t`) [token]
2021-11-21T23:53:23,143|[TRACE] graph - <------- nonSkippedChar
2021-11-21T23:53:23,143|[TRACE] graph - <----- statementPart
2021-11-21T23:53:23,143|[TRACE] graph - -----> statementPart
2021-11-21T23:53:23,143|[TRACE] graph - -------> nonSkippedChar
2021-11-21T23:53:23,143|[TRACE] script - #out(`a`) [token]
2021-11-21T23:53:23,143|[TRACE] graph - <------- nonSkippedChar
2021-11-21T23:53:23,143|[TRACE] graph - <----- statementPart
2021-11-21T23:53:23,143|[TRACE] graph - -----> statementPart
2021-11-21T23:53:23,143|[TRACE] graph - -------> nonSkippedChar
2021-11-21T23:53:23,143|[TRACE] script - #out(`m`) [token]
2021-11-21T23:53:23,143|[TRACE] graph - <------- nonSkippedChar
2021-11-21T23:53:23,143|[TRACE] graph - <----- statementPart
2021-11-21T23:53:23,143|[TRACE] graph - -----> statementPart
2021-11-21T23:53:23,143|[TRACE] graph - -------> nonSkippedChar
2021-11-21T23:53:23,143|[TRACE] script - #out(`p`) [token]
2021-11-21T23:53:23,143|[TRACE] graph - <------- nonSkippedChar
2021-11-21T23:53:23,143|[TRACE] graph - <----- statementPart
2021-11-21T23:53:23,143|[TRACE] graph - -----> statementPart
2021-11-21T23:53:23,143|[TRACE] graph - -------> nonSkippedChar
2021-11-21T23:53:23,143|[TRACE] script - #out(`(`) [token]
2021-11-21T23:53:23,143|[TRACE] graph - <------- nonSkippedChar
2021-11-21T23:53:23,143|[TRACE] graph - <----- statementPart
2021-11-21T23:53:23,143|[TRACE] graph - -----> statementPart
2021-11-21T23:53:23,143|[TRACE] graph - -------> nonSkippedChar
2021-11-21T23:53:23,143|[TRACE] script - #out(`n`) [token]
2021-11-21T23:53:23,143|[TRACE] graph - <------- nonSkippedChar
2021-11-21T23:53:23,143|[TRACE] graph - <----- statementPart
2021-11-21T23:53:23,143|[TRACE] graph - -----> statementPart
2021-11-21T23:53:23,143|[TRACE] graph - -------> nonSkippedChar
2021-11-21T23:53:23,143|[TRACE] script - #out(`o`) [token]
2021-11-21T23:53:23,143|[TRACE] graph - <------- nonSkippedChar
2021-11-21T23:53:23,143|[TRACE] graph - <----- statementPart
2021-11-21T23:53:23,143|[TRACE] graph - -----> statementPart
2021-11-21T23:53:23,143|[TRACE] graph - -------> nonSkippedChar
2021-11-21T23:53:23,143|[TRACE] script - #out(`w`) [token]
2021-11-21T23:53:23,143|[TRACE] graph - <------- nonSkippedChar
2021-11-21T23:53:23,143|[TRACE] graph - <----- statementPart
2021-11-21T23:53:23,143|[TRACE] graph - -----> statementPart
2021-11-21T23:53:23,143|[TRACE] graph - -------> nonSkippedChar
2021-11-21T23:53:23,143|[TRACE] script - #out(`(`) [token]
2021-11-21T23:53:23,143|[TRACE] graph - <------- nonSkippedChar
2021-11-21T23:53:23,143|[TRACE] graph - <----- statementPart
2021-11-21T23:53:23,143|[TRACE] graph - -----> statementPart
2021-11-21T23:53:23,143|[TRACE] graph - -------> nonSkippedChar
2021-11-21T23:53:23,143|[TRACE] script - #out(`)`) [token]
2021-11-21T23:53:23,143|[TRACE] graph - <------- nonSkippedChar
2021-11-21T23:53:23,143|[TRACE] graph - <----- statementPart
2021-11-21T23:53:23,143|[TRACE] graph - -----> statementPart
2021-11-21T23:53:23,143|[TRACE] graph - -------> nonSkippedChar
2021-11-21T23:53:23,143|[TRACE] script - #out(`)`) [token]
2021-11-21T23:53:23,143|[TRACE] graph - <------- nonSkippedChar
2021-11-21T23:53:23,143|[TRACE] graph - <----- statementPart
2021-11-21T23:53:23,143|[TRACE] graph - -----> statementPart
2021-11-21T23:53:23,143|[TRACE] graph - -------> nonSkippedSpace
2021-11-21T23:53:23,143|[TRACE] script - #out(` `) [token]
2021-11-21T23:53:23,143|[TRACE] graph - <------- nonSkippedSpace
2021-11-21T23:53:23,143|[TRACE] graph - <----- statementPart
2021-11-21T23:53:23,143|[TRACE] graph - -----> statementPart
2021-11-21T23:53:23,143|[TRACE] graph - -------> nonSkippedChar
2021-11-21T23:53:23,143|[TRACE] script - #out(`*`) [token]
2021-11-21T23:53:23,143|[TRACE] graph - <------- nonSkippedChar
2021-11-21T23:53:23,143|[TRACE] graph - <----- statementPart
2021-11-21T23:53:23,143|[TRACE] graph - -----> statementPart
2021-11-21T23:53:23,143|[TRACE] graph - -------> nonSkippedSpace
2021-11-21T23:53:23,143|[TRACE] script - #out(` `) [token]
2021-11-21T23:53:23,143|[TRACE] graph - <------- nonSkippedSpace
2021-11-21T23:53:23,143|[TRACE] graph - <----- statementPart
2021-11-21T23:53:23,143|[TRACE] graph - -----> statementPart
2021-11-21T23:53:23,143|[TRACE] graph - -------> nonSkippedChar
2021-11-21T23:53:23,143|[TRACE] script - #out(`1`) [token]
2021-11-21T23:53:23,143|[TRACE] graph - <------- nonSkippedChar
2021-11-21T23:53:23,143|[TRACE] graph - <----- statementPart
2021-11-21T23:53:23,222|[TRACE] graph - -----> statementPart
2021-11-21T23:53:23,222|[TRACE] graph - -------> nonSkippedChar
2021-11-21T23:53:23,222|[TRACE] script - #out(`0`) [token]
2021-11-21T23:53:23,222|[TRACE] graph - <------- nonSkippedChar
2021-11-21T23:53:23,222|[TRACE] graph - <----- statementPart
2021-11-21T23:53:23,222|[TRACE] graph - -----> statementPart
2021-11-21T23:53:23,222|[TRACE] graph - -------> nonSkippedChar
2021-11-21T23:53:23,222|[TRACE] script - #out(`0`) [token]
2021-11-21T23:53:23,222|[TRACE] graph - <------- nonSkippedChar
2021-11-21T23:53:23,222|[TRACE] graph - <----- statementPart
2021-11-21T23:53:23,222|[TRACE] graph - -----> statementPart
2021-11-21T23:53:23,222|[TRACE] graph - -------> nonSkippedChar
2021-11-21T23:53:23,222|[TRACE] script - #out(`0`) [token]
2021-11-21T23:53:23,222|[TRACE] graph - <------- nonSkippedChar
2021-11-21T23:53:23,222|[TRACE] graph - <----- statementPart
2021-11-21T23:53:23,222|[TRACE] graph - -----> statementPart
2021-11-21T23:53:23,222|[TRACE] graph - -------> nonSkippedChar
2021-11-21T23:53:23,222|[TRACE] script - #out(`)`) [token]
2021-11-21T23:53:23,222|[TRACE] graph - <------- nonSkippedChar
2021-11-21T23:53:23,222|[TRACE] graph - <----- statementPart
2021-11-21T23:53:23,222|[TRACE] graph - -----> statementPart
2021-11-21T23:53:23,222|[TRACE] graph - -------> nonSkippedChar
2021-11-21T23:53:23,222|[TRACE] script - #out(`,`) [token]
2021-11-21T23:53:23,222|[TRACE] graph - <------- nonSkippedChar
2021-11-21T23:53:23,222|[TRACE] graph - <----- statementPart
2021-11-21T23:53:23,222|[TRACE] graph - -----> afterStatementPartNewline
2021-11-21T23:53:23,222|[TRACE] script - #out(` `) [text]
2021-11-21T23:53:23,222|[TRACE] graph - <----- afterStatementPartNewline
2021-11-21T23:53:23,222|[TRACE] graph - -----> statementPart
2021-11-21T23:53:23,222|[TRACE] graph - -------> nonSkippedSpace
2021-11-21T23:53:23,222|[TRACE] script - #out(` `) [token]
2021-11-21T23:53:23,222|[TRACE] graph - <------- nonSkippedSpace
2021-11-21T23:53:23,222|[TRACE] graph - <----- statementPart
2021-11-21T23:53:23,222|[TRACE] graph - -----> statementPart
2021-11-21T23:53:23,222|[TRACE] graph - -------> nonSkippedSpace
2021-11-21T23:53:23,222|[TRACE] script - #out(` `) [token]
2021-11-21T23:53:23,222|[TRACE] graph - <------- nonSkippedSpace
2021-11-21T23:53:23,222|[TRACE] graph - <----- statementPart
2021-11-21T23:53:23,222|[TRACE] graph - -----> statementPart
2021-11-21T23:53:23,222|[TRACE] graph - -------> quotedString
2021-11-21T23:53:23,222|[TRACE] script - #out(``updated``) [token]
2021-11-21T23:53:23,222|[TRACE] graph - <------- quotedString
2021-11-21T23:53:23,222|[TRACE] graph - <----- statementPart
2021-11-21T23:53:23,222|[TRACE] graph - -----> statementPart
2021-11-21T23:53:23,222|[TRACE] graph - -------> nonSkippedSpace
2021-11-21T23:53:23,222|[TRACE] script - #out(` `) [token]
2021-11-21T23:53:23,222|[TRACE] graph - <------- nonSkippedSpace
2021-11-21T23:53:23,222|[TRACE] graph - <----- statementPart
2021-11-21T23:53:23,222|[TRACE] graph - -----> statementPart
2021-11-21T23:53:23,222|[TRACE] graph - -------> nonSkippedChar
2021-11-21T23:53:23,222|[TRACE] script - #out(`B`) [token]
2021-11-21T23:53:23,222|[TRACE] graph - <------- nonSkippedChar
2021-11-21T23:53:23,222|[TRACE] graph - <----- statementPart
2021-11-21T23:53:23,222|[TRACE] graph - -----> statementPart
2021-11-21T23:53:23,222|[TRACE] graph - -------> nonSkippedChar
2021-11-21T23:53:23,222|[TRACE] script - #out(`I`) [token]
2021-11-21T23:53:23,222|[TRACE] graph - <------- nonSkippedChar
2021-11-21T23:53:23,222|[TRACE] graph - <----- statementPart
2021-11-21T23:53:23,222|[TRACE] graph - -----> statementPart
2021-11-21T23:53:23,222|[TRACE] graph - -------> nonSkippedChar
2021-11-21T23:53:23,222|[TRACE] script - #out(`G`) [token]
2021-11-21T23:53:23,222|[TRACE] graph - <------- nonSkippedChar
2021-11-21T23:53:23,222|[TRACE] graph - <----- statementPart
2021-11-21T23:53:23,222|[TRACE] graph - -----> statementPart
2021-11-21T23:53:23,222|[TRACE] graph - -------> nonSkippedChar
2021-11-21T23:53:23,222|[TRACE] script - #out(`I`) [token]
2021-11-21T23:53:23,223|[TRACE] graph - <------- nonSkippedChar
2021-11-21T23:53:23,223|[TRACE] graph - <----- statementPart
2021-11-21T23:53:23,223|[TRACE] graph - -----> statementPart
2021-11-21T23:53:23,223|[TRACE] graph - -------> nonSkippedChar
2021-11-21T23:53:23,223|[TRACE] script - #out(`N`) [token]
2021-11-21T23:53:23,223|[TRACE] graph - <------- nonSkippedChar
2021-11-21T23:53:23,223|[TRACE] graph - <----- statementPart
2021-11-21T23:53:23,223|[TRACE] graph - -----> statementPart
2021-11-21T23:53:23,223|[TRACE] graph - -------> nonSkippedChar
2021-11-21T23:53:23,223|[TRACE] script - #out(`T`) [token]
2021-11-21T23:53:23,223|[TRACE] graph - <------- nonSkippedChar
2021-11-21T23:53:23,223|[TRACE] graph - <----- statementPart
2021-11-21T23:53:23,223|[TRACE] graph - -----> statementPart
2021-11-21T23:53:23,223|[TRACE] graph - -------> nonSkippedSpace
2021-11-21T23:53:23,223|[TRACE] script - #out(` `) [token]
2021-11-21T23:53:23,223|[TRACE] graph - <------- nonSkippedSpace
2021-11-21T23:53:23,223|[TRACE] graph - <----- statementPart
2021-11-21T23:53:23,223|[TRACE] graph - -----> statementPart
2021-11-21T23:53:23,223|[TRACE] graph - -------> nonSkippedChar
2021-11-21T23:53:23,223|[TRACE] script - #out(`N`) [token]
2021-11-21T23:53:23,223|[TRACE] graph - <------- nonSkippedChar
2021-11-21T23:53:23,223|[TRACE] graph - <----- statementPart
2021-11-21T23:53:23,223|[TRACE] graph - -----> statementPart
2021-11-21T23:53:23,223|[TRACE] graph - -------> nonSkippedChar
2021-11-21T23:53:23,223|[TRACE] script - #out(`O`) [token]
2021-11-21T23:53:23,223|[TRACE] graph - <------- nonSkippedChar
2021-11-21T23:53:23,223|[TRACE] graph - <----- statementPart
2021-11-21T23:53:23,223|[TRACE] graph - -----> statementPart
2021-11-21T23:53:23,223|[TRACE] graph - -------> nonSkippedChar
2021-11-21T23:53:23,223|[TRACE] script - #out(`T`) [token]
2021-11-21T23:53:23,223|[TRACE] graph - <------- nonSkippedChar
2021-11-21T23:53:23,223|[TRACE] graph - <----- statementPart
2021-11-21T23:53:23,223|[TRACE] graph - -----> statementPart
2021-11-21T23:53:23,223|[TRACE] graph - -------> nonSkippedSpace
2021-11-21T23:53:23,223|[TRACE] script - #out(` `) [token]
2021-11-21T23:53:23,223|[TRACE] graph - <------- nonSkippedSpace
2021-11-21T23:53:23,223|[TRACE] graph - <----- statementPart
2021-11-21T23:53:23,223|[TRACE] graph - -----> statementPart
2021-11-21T23:53:23,223|[TRACE] graph - -------> nonSkippedChar
2021-11-21T23:53:23,223|[TRACE] script - #out(`N`) [token]
2021-11-21T23:53:23,223|[TRACE] graph - <------- nonSkippedChar
2021-11-21T23:53:23,223|[TRACE] graph - <----- statementPart
2021-11-21T23:53:23,223|[TRACE] graph - -----> statementPart
2021-11-21T23:53:23,223|[TRACE] graph - -------> nonSkippedChar
2021-11-21T23:53:23,223|[TRACE] script - #out(`U`) [token]
2021-11-21T23:53:23,223|[TRACE] graph - <------- nonSkippedChar
2021-11-21T23:53:23,223|[TRACE] graph - <----- statementPart
2021-11-21T23:53:23,223|[TRACE] graph - -----> statementPart
2021-11-21T23:53:23,223|[TRACE] graph - -------> nonSkippedChar
2021-11-21T23:53:23,223|[TRACE] script - #out(`L`) [token]
2021-11-21T23:53:23,223|[TRACE] graph - <------- nonSkippedChar
2021-11-21T23:53:23,223|[TRACE] graph - <----- statementPart
2021-11-21T23:53:23,223|[TRACE] graph - -----> statementPart
2021-11-21T23:53:23,223|[TRACE] graph - -------> nonSkippedChar
2021-11-21T23:53:23,223|[TRACE] script - #out(`L`) [token]
2021-11-21T23:53:23,223|[TRACE] graph - <------- nonSkippedChar
2021-11-21T23:53:23,223|[TRACE] graph - <----- statementPart
2021-11-21T23:53:23,223|[TRACE] graph - -----> statementPart
2021-11-21T23:53:23,223|[TRACE] graph - -------> nonSkippedSpace
2021-11-21T23:53:23,223|[TRACE] script - #out(` `) [token]
2021-11-21T23:53:23,223|[TRACE] graph - <------- nonSkippedSpace
2021-11-21T23:53:23,223|[TRACE] graph - <----- statementPart
2021-11-21T23:53:23,223|[TRACE] graph - -----> statementPart
2021-11-21T23:53:23,223|[TRACE] graph - -------> nonSkippedChar
2021-11-21T23:53:23,223|[TRACE] script - #out(`D`) [token]
2021-11-21T23:53:23,223|[TRACE] graph - <------- nonSkippedChar
2021-11-21T23:53:23,223|[TRACE] graph - <----- statementPart
2021-11-21T23:53:23,223|[TRACE] graph - -----> statementPart
2021-11-21T23:53:23,223|[TRACE] graph - -------> nonSkippedChar
2021-11-21T23:53:23,223|[TRACE] script - #out(`E`) [token]
2021-11-21T23:53:23,223|[TRACE] graph - <------- nonSkippedChar
2021-11-21T23:53:23,223|[TRACE] graph - <----- statementPart
2021-11-21T23:53:23,223|[TRACE] graph - -----> statementPart
2021-11-21T23:53:23,223|[TRACE] graph - -------> nonSkippedChar
2021-11-21T23:53:23,223|[TRACE] script - #out(`F`) [token]
2021-11-21T23:53:23,223|[TRACE] graph - <------- nonSkippedChar
2021-11-21T23:53:23,223|[TRACE] graph - <----- statementPart
2021-11-21T23:53:23,223|[TRACE] graph - -----> statementPart
2021-11-21T23:53:23,223|[TRACE] graph - -------> nonSkippedChar
2021-11-21T23:53:23,223|[TRACE] script - #out(`A`) [token]
2021-11-21T23:53:23,223|[TRACE] graph - <------- nonSkippedChar
2021-11-21T23:53:23,223|[TRACE] graph - <----- statementPart
2021-11-21T23:53:23,223|[TRACE] graph - -----> statementPart
2021-11-21T23:53:23,223|[TRACE] graph - -------> nonSkippedChar
2021-11-21T23:53:23,223|[TRACE] script - #out(`U`) [token]
2021-11-21T23:53:23,223|[TRACE] graph - <------- nonSkippedChar
2021-11-21T23:53:23,223|[TRACE] graph - <----- statementPart
2021-11-21T23:53:23,223|[TRACE] graph - -----> statementPart
2021-11-21T23:53:23,223|[TRACE] graph - -------> nonSkippedChar
2021-11-21T23:53:23,223|[TRACE] script - #out(`L`) [token]
2021-11-21T23:53:23,223|[TRACE] graph - <------- nonSkippedChar
2021-11-21T23:53:23,223|[TRACE] graph - <----- statementPart
2021-11-21T23:53:23,223|[TRACE] graph - -----> statementPart
2021-11-21T23:53:23,223|[TRACE] graph - -------> nonSkippedChar
2021-11-21T23:53:23,223|[TRACE] script - #out(`T`) [token]
2021-11-21T23:53:23,223|[TRACE] graph - <------- nonSkippedChar
2021-11-21T23:53:23,223|[TRACE] graph - <----- statementPart
2021-11-21T23:53:23,223|[TRACE] graph - -----> statementPart
2021-11-21T23:53:23,223|[TRACE] graph - -------> nonSkippedSpace
2021-11-21T23:53:23,223|[TRACE] script - #out(` `) [token]
2021-11-21T23:53:23,223|[TRACE] graph - <------- nonSkippedSpace
2021-11-21T23:53:23,223|[TRACE] graph - <----- statementPart
2021-11-21T23:53:23,223|[TRACE] graph - -----> statementPart
2021-11-21T23:53:23,223|[TRACE] graph - -------> nonSkippedChar
2021-11-21T23:53:23,223|[TRACE] script - #out(`(`) [token]
2021-11-21T23:53:23,223|[TRACE] graph - <------- nonSkippedChar
2021-11-21T23:53:23,223|[TRACE] graph - <----- statementPart
2021-11-21T23:53:23,223|[TRACE] graph - -----> statementPart
2021-11-21T23:53:23,223|[TRACE] graph - -------> nonSkippedChar
2021-11-21T23:53:23,223|[TRACE] script - #out(`u`) [token]
2021-11-21T23:53:23,223|[TRACE] graph - <------- nonSkippedChar
2021-11-21T23:53:23,223|[TRACE] graph - <----- statementPart
2021-11-21T23:53:23,223|[TRACE] graph - -----> statementPart
2021-11-21T23:53:23,223|[TRACE] graph - -------> nonSkippedChar
2021-11-21T23:53:23,223|[TRACE] script - #out(`n`) [token]
2021-11-21T23:53:23,223|[TRACE] graph - <------- nonSkippedChar
2021-11-21T23:53:23,223|[TRACE] graph - <----- statementPart
2021-11-21T23:53:23,223|[TRACE] graph - -----> statementPart
2021-11-21T23:53:23,223|[TRACE] graph - -------> nonSkippedChar
2021-11-21T23:53:23,223|[TRACE] script - #out(`i`) [token]
2021-11-21T23:53:23,223|[TRACE] graph - <------- nonSkippedChar
2021-11-21T23:53:23,223|[TRACE] graph - <----- statementPart
2021-11-21T23:53:23,223|[TRACE] graph - -----> statementPart
2021-11-21T23:53:23,223|[TRACE] graph - -------> nonSkippedChar
2021-11-21T23:53:23,223|[TRACE] script - #out(`x`) [token]
2021-11-21T23:53:23,223|[TRACE] graph - <------- nonSkippedChar
2021-11-21T23:53:23,223|[TRACE] graph - <----- statementPart
2021-11-21T23:53:23,223|[TRACE] graph - -----> statementPart
2021-11-21T23:53:23,223|[TRACE] graph - -------> nonSkippedChar
2021-11-21T23:53:23,223|[TRACE] script - #out(`_`) [token]
2021-11-21T23:53:23,223|[TRACE] graph - <------- nonSkippedChar
2021-11-21T23:53:23,223|[TRACE] graph - <----- statementPart
2021-11-21T23:53:23,223|[TRACE] graph - -----> statementPart
2021-11-21T23:53:23,223|[TRACE] graph - -------> nonSkippedChar
2021-11-21T23:53:23,223|[TRACE] script - #out(`t`) [token]
2021-11-21T23:53:23,223|[TRACE] graph - <------- nonSkippedChar
2021-11-21T23:53:23,223|[TRACE] graph - <----- statementPart
2021-11-21T23:53:23,223|[TRACE] graph - -----> statementPart
2021-11-21T23:53:23,223|[TRACE] graph - -------> nonSkippedChar
2021-11-21T23:53:23,223|[TRACE] script - #out(`i`) [token]
2021-11-21T23:53:23,223|[TRACE] graph - <------- nonSkippedChar
2021-11-21T23:53:23,223|[TRACE] graph - <----- statementPart
2021-11-21T23:53:23,223|[TRACE] graph - -----> statementPart
2021-11-21T23:53:23,223|[TRACE] graph - -------> nonSkippedChar
2021-11-21T23:53:23,223|[TRACE] script - #out(`m`) [token]
2021-11-21T23:53:23,223|[TRACE] graph - <------- nonSkippedChar
2021-11-21T23:53:23,223|[TRACE] graph - <----- statementPart
2021-11-21T23:53:23,223|[TRACE] graph - -----> statementPart
2021-11-21T23:53:23,223|[TRACE] graph - -------> nonSkippedChar
2021-11-21T23:53:23,223|[TRACE] script - #out(`e`) [token]
2021-11-21T23:53:23,223|[TRACE] graph - <------- nonSkippedChar
2021-11-21T23:53:23,223|[TRACE] graph - <----- statementPart
2021-11-21T23:53:23,223|[TRACE] graph - -----> statementPart
2021-11-21T23:53:23,223|[TRACE] graph - -------> nonSkippedChar
2021-11-21T23:53:23,223|[TRACE] script - #out(`s`) [token]
2021-11-21T23:53:23,223|[TRACE] graph - <------- nonSkippedChar
2021-11-21T23:53:23,223|[TRACE] graph - <----- statementPart
2021-11-21T23:53:23,223|[TRACE] graph - -----> statementPart
2021-11-21T23:53:23,223|[TRACE] graph - -------> nonSkippedChar
2021-11-21T23:53:23,223|[TRACE] script - #out(`t`) [token]
2021-11-21T23:53:23,223|[TRACE] graph - <------- nonSkippedChar
2021-11-21T23:53:23,223|[TRACE] graph - <----- statementPart
2021-11-21T23:53:23,223|[TRACE] graph - -----> statementPart
2021-11-21T23:53:23,223|[TRACE] graph - -------> nonSkippedChar
2021-11-21T23:53:23,223|[TRACE] script - #out(`a`) [token]
2021-11-21T23:53:23,223|[TRACE] graph - <------- nonSkippedChar
2021-11-21T23:53:23,223|[TRACE] graph - <----- statementPart
2021-11-21T23:53:23,223|[TRACE] graph - -----> statementPart
2021-11-21T23:53:23,223|[TRACE] graph - -------> nonSkippedChar
2021-11-21T23:53:23,223|[TRACE] script - #out(`m`) [token]
2021-11-21T23:53:23,223|[TRACE] graph - <------- nonSkippedChar
2021-11-21T23:53:23,223|[TRACE] graph - <----- statementPart
2021-11-21T23:53:23,223|[TRACE] graph - -----> statementPart
2021-11-21T23:53:23,223|[TRACE] graph - -------> nonSkippedChar
2021-11-21T23:53:23,223|[TRACE] script - #out(`p`) [token]
2021-11-21T23:53:23,223|[TRACE] graph - <------- nonSkippedChar
2021-11-21T23:53:23,223|[TRACE] graph - <----- statementPart
2021-11-21T23:53:23,223|[TRACE] graph - -----> statementPart
2021-11-21T23:53:23,223|[TRACE] graph - -------> nonSkippedChar
2021-11-21T23:53:23,223|[TRACE] script - #out(`(`) [token]
2021-11-21T23:53:23,223|[TRACE] graph - <------- nonSkippedChar
2021-11-21T23:53:23,223|[TRACE] graph - <----- statementPart
2021-11-21T23:53:23,223|[TRACE] graph - -----> statementPart
2021-11-21T23:53:23,223|[TRACE] graph - -------> nonSkippedChar
2021-11-21T23:53:23,223|[TRACE] script - #out(`n`) [token]
2021-11-21T23:53:23,223|[TRACE] graph - <------- nonSkippedChar
2021-11-21T23:53:23,223|[TRACE] graph - <----- statementPart
2021-11-21T23:53:23,223|[TRACE] graph - -----> statementPart
2021-11-21T23:53:23,223|[TRACE] graph - -------> nonSkippedChar
2021-11-21T23:53:23,223|[TRACE] script - #out(`o`) [token]
2021-11-21T23:53:23,223|[TRACE] graph - <------- nonSkippedChar
2021-11-21T23:53:23,223|[TRACE] graph - <----- statementPart
2021-11-21T23:53:23,223|[TRACE] graph - -----> statementPart
2021-11-21T23:53:23,223|[TRACE] graph - -------> nonSkippedChar
2021-11-21T23:53:23,223|[TRACE] script - #out(`w`) [token]
2021-11-21T23:53:23,223|[TRACE] graph - <------- nonSkippedChar
2021-11-21T23:53:23,223|[TRACE] graph - <----- statementPart
2021-11-21T23:53:23,223|[TRACE] graph - -----> statementPart
2021-11-21T23:53:23,223|[TRACE] graph - -------> nonSkippedChar
2021-11-21T23:53:23,223|[TRACE] script - #out(`(`) [token]
2021-11-21T23:53:23,223|[TRACE] graph - <------- nonSkippedChar
2021-11-21T23:53:23,223|[TRACE] graph - <----- statementPart
2021-11-21T23:53:23,223|[TRACE] graph - -----> statementPart
2021-11-21T23:53:23,223|[TRACE] graph - -------> nonSkippedChar
2021-11-21T23:53:23,223|[TRACE] script - #out(`)`) [token]
2021-11-21T23:53:23,223|[TRACE] graph - <------- nonSkippedChar
2021-11-21T23:53:23,223|[TRACE] graph - <----- statementPart
2021-11-21T23:53:23,223|[TRACE] graph - -----> statementPart
2021-11-21T23:53:23,223|[TRACE] graph - -------> nonSkippedChar
2021-11-21T23:53:23,223|[TRACE] script - #out(`)`) [token]
2021-11-21T23:53:23,223|[TRACE] graph - <------- nonSkippedChar
2021-11-21T23:53:23,223|[TRACE] graph - <----- statementPart
2021-11-21T23:53:23,223|[TRACE] graph - -----> statementPart
2021-11-21T23:53:23,223|[TRACE] graph - -------> nonSkippedSpace
2021-11-21T23:53:23,223|[TRACE] script - #out(` `) [token]
2021-11-21T23:53:23,223|[TRACE] graph - <------- nonSkippedSpace
2021-11-21T23:53:23,223|[TRACE] graph - <----- statementPart
2021-11-21T23:53:23,223|[TRACE] graph - -----> statementPart
2021-11-21T23:53:23,223|[TRACE] graph - -------> nonSkippedChar
2021-11-21T23:53:23,223|[TRACE] script - #out(`*`) [token]
2021-11-21T23:53:23,223|[TRACE] graph - <------- nonSkippedChar
2021-11-21T23:53:23,223|[TRACE] graph - <----- statementPart
2021-11-21T23:53:23,223|[TRACE] graph - -----> statementPart
2021-11-21T23:53:23,223|[TRACE] graph - -------> nonSkippedSpace
2021-11-21T23:53:23,223|[TRACE] script - #out(` `) [token]
2021-11-21T23:53:23,223|[TRACE] graph - <------- nonSkippedSpace
2021-11-21T23:53:23,223|[TRACE] graph - <----- statementPart
2021-11-21T23:53:23,223|[TRACE] graph - -----> statementPart
2021-11-21T23:53:23,223|[TRACE] graph - -------> nonSkippedChar
2021-11-21T23:53:23,223|[TRACE] script - #out(`1`) [token]
2021-11-21T23:53:23,223|[TRACE] graph - <------- nonSkippedChar
2021-11-21T23:53:23,223|[TRACE] graph - <----- statementPart
2021-11-21T23:53:23,223|[TRACE] graph - -----> statementPart
2021-11-21T23:53:23,223|[TRACE] graph - -------> nonSkippedChar
2021-11-21T23:53:23,223|[TRACE] script - #out(`0`) [token]
2021-11-21T23:53:23,223|[TRACE] graph - <------- nonSkippedChar
2021-11-21T23:53:23,223|[TRACE] graph - <----- statementPart
2021-11-21T23:53:23,223|[TRACE] graph - -----> statementPart
2021-11-21T23:53:23,223|[TRACE] graph - -------> nonSkippedChar
2021-11-21T23:53:23,223|[TRACE] script - #out(`0`) [token]
2021-11-21T23:53:23,223|[TRACE] graph - <------- nonSkippedChar
2021-11-21T23:53:23,223|[TRACE] graph - <----- statementPart
2021-11-21T23:53:23,223|[TRACE] graph - -----> statementPart
2021-11-21T23:53:23,223|[TRACE] graph - -------> nonSkippedChar
2021-11-21T23:53:23,223|[TRACE] script - #out(`0`) [token]
2021-11-21T23:53:23,223|[TRACE] graph - <------- nonSkippedChar
2021-11-21T23:53:23,223|[TRACE] graph - <----- statementPart
2021-11-21T23:53:23,223|[TRACE] graph - -----> statementPart
2021-11-21T23:53:23,223|[TRACE] graph - -------> nonSkippedChar
2021-11-21T23:53:23,223|[TRACE] script - #out(`)`) [token]
2021-11-21T23:53:23,223|[TRACE] graph - <------- nonSkippedChar
2021-11-21T23:53:23,223|[TRACE] graph - <----- statementPart
2021-11-21T23:53:23,223|[TRACE] graph - -----> statementPart
2021-11-21T23:53:23,223|[TRACE] graph - -------> nonSkippedChar
2021-11-21T23:53:23,223|[TRACE] script - #out(`,`) [token]
2021-11-21T23:53:23,223|[TRACE] graph - <------- nonSkippedChar
2021-11-21T23:53:23,223|[TRACE] graph - <----- statementPart
2021-11-21T23:53:23,223|[TRACE] graph - -----> afterStatementPartNewline
2021-11-21T23:53:23,223|[TRACE] script - #out(` `) [text]
2021-11-21T23:53:23,223|[TRACE] graph - <----- afterStatementPartNewline
2021-11-21T23:53:23,223|[TRACE] graph - -----> statementPart
2021-11-21T23:53:23,223|[TRACE] graph - -------> nonSkippedSpace
2021-11-21T23:53:23,223|[TRACE] script - #out(` `) [token]
2021-11-21T23:53:23,223|[TRACE] graph - <------- nonSkippedSpace
2021-11-21T23:53:23,223|[TRACE] graph - <----- statementPart
2021-11-21T23:53:23,223|[TRACE] graph - -----> statementPart
2021-11-21T23:53:23,223|[TRACE] graph - -------> nonSkippedSpace
2021-11-21T23:53:23,223|[TRACE] script - #out(` `) [token]
2021-11-21T23:53:23,223|[TRACE] graph - <------- nonSkippedSpace
2021-11-21T23:53:23,223|[TRACE] graph - <----- statementPart
2021-11-21T23:53:23,223|[TRACE] graph - -----> statementPart
2021-11-21T23:53:23,223|[TRACE] graph - -------> quotedString
2021-11-21T23:53:23,223|[TRACE] script - #out(``version``) [token]
2021-11-21T23:53:23,223|[TRACE] graph - <------- quotedString
2021-11-21T23:53:23,223|[TRACE] graph - <----- statementPart
2021-11-21T23:53:23,223|[TRACE] graph - -----> statementPart
2021-11-21T23:53:23,223|[TRACE] graph - -------> nonSkippedSpace
2021-11-21T23:53:23,223|[TRACE] script - #out(` `) [token]
2021-11-21T23:53:23,223|[TRACE] graph - <------- nonSkippedSpace
2021-11-21T23:53:23,223|[TRACE] graph - <----- statementPart
2021-11-21T23:53:23,223|[TRACE] graph - -----> statementPart
2021-11-21T23:53:23,223|[TRACE] graph - -------> nonSkippedChar
2021-11-21T23:53:23,223|[TRACE] script - #out(`I`) [token]
2021-11-21T23:53:23,223|[TRACE] graph - <------- nonSkippedChar
2021-11-21T23:53:23,223|[TRACE] graph - <----- statementPart
2021-11-21T23:53:23,223|[TRACE] graph - -----> statementPart
2021-11-21T23:53:23,223|[TRACE] graph - -------> nonSkippedChar
2021-11-21T23:53:23,223|[TRACE] script - #out(`N`) [token]
2021-11-21T23:53:23,223|[TRACE] graph - <------- nonSkippedChar
2021-11-21T23:53:23,223|[TRACE] graph - <----- statementPart
2021-11-21T23:53:23,223|[TRACE] graph - -----> statementPart
2021-11-21T23:53:23,223|[TRACE] graph - -------> nonSkippedChar
2021-11-21T23:53:23,223|[TRACE] script - #out(`T`) [token]
2021-11-21T23:53:23,223|[TRACE] graph - <------- nonSkippedChar
2021-11-21T23:53:23,223|[TRACE] graph - <----- statementPart
2021-11-21T23:53:23,223|[TRACE] graph - -----> statementPart
2021-11-21T23:53:23,223|[TRACE] graph - -------> nonSkippedSpace
2021-11-21T23:53:23,224|[TRACE] script - #out(` `) [token]
2021-11-21T23:53:23,224|[TRACE] graph - <------- nonSkippedSpace
2021-11-21T23:53:23,224|[TRACE] graph - <----- statementPart
2021-11-21T23:53:23,224|[TRACE] graph - -----> statementPart
2021-11-21T23:53:23,224|[TRACE] graph - -------> nonSkippedChar
2021-11-21T23:53:23,224|[TRACE] script - #out(`N`) [token]
2021-11-21T23:53:23,224|[TRACE] graph - <------- nonSkippedChar
2021-11-21T23:53:23,224|[TRACE] graph - <----- statementPart
2021-11-21T23:53:23,224|[TRACE] graph - -----> statementPart
2021-11-21T23:53:23,224|[TRACE] graph - -------> nonSkippedChar
2021-11-21T23:53:23,224|[TRACE] script - #out(`O`) [token]
2021-11-21T23:53:23,224|[TRACE] graph - <------- nonSkippedChar
2021-11-21T23:53:23,224|[TRACE] graph - <----- statementPart
2021-11-21T23:53:23,224|[TRACE] graph - -----> statementPart
2021-11-21T23:53:23,224|[TRACE] graph - -------> nonSkippedChar
2021-11-21T23:53:23,224|[TRACE] script - #out(`T`) [token]
2021-11-21T23:53:23,224|[TRACE] graph - <------- nonSkippedChar
2021-11-21T23:53:23,224|[TRACE] graph - <----- statementPart
2021-11-21T23:53:23,224|[TRACE] graph - -----> statementPart
2021-11-21T23:53:23,224|[TRACE] graph - -------> nonSkippedSpace
2021-11-21T23:53:23,224|[TRACE] script - #out(` `) [token]
2021-11-21T23:53:23,224|[TRACE] graph - <------- nonSkippedSpace
2021-11-21T23:53:23,224|[TRACE] graph - <----- statementPart
2021-11-21T23:53:23,224|[TRACE] graph - -----> statementPart
2021-11-21T23:53:23,224|[TRACE] graph - -------> nonSkippedChar
2021-11-21T23:53:23,224|[TRACE] script - #out(`N`) [token]
2021-11-21T23:53:23,224|[TRACE] graph - <------- nonSkippedChar
2021-11-21T23:53:23,224|[TRACE] graph - <----- statementPart
2021-11-21T23:53:23,224|[TRACE] graph - -----> statementPart
2021-11-21T23:53:23,224|[TRACE] graph - -------> nonSkippedChar
2021-11-21T23:53:23,224|[TRACE] script - #out(`U`) [token]
2021-11-21T23:53:23,224|[TRACE] graph - <------- nonSkippedChar
2021-11-21T23:53:23,224|[TRACE] graph - <----- statementPart
2021-11-21T23:53:23,224|[TRACE] graph - -----> statementPart
2021-11-21T23:53:23,224|[TRACE] graph - -------> nonSkippedChar
2021-11-21T23:53:23,224|[TRACE] script - #out(`L`) [token]
2021-11-21T23:53:23,224|[TRACE] graph - <------- nonSkippedChar
2021-11-21T23:53:23,224|[TRACE] graph - <----- statementPart
2021-11-21T23:53:23,224|[TRACE] graph - -----> statementPart
2021-11-21T23:53:23,224|[TRACE] graph - -------> nonSkippedChar
2021-11-21T23:53:23,224|[TRACE] script - #out(`L`) [token]
2021-11-21T23:53:23,224|[TRACE] graph - <------- nonSkippedChar
2021-11-21T23:53:23,224|[TRACE] graph - <----- statementPart
2021-11-21T23:53:23,224|[TRACE] graph - -----> statementPart
2021-11-21T23:53:23,224|[TRACE] graph - -------> nonSkippedSpace
2021-11-21T23:53:23,224|[TRACE] script - #out(` `) [token]
2021-11-21T23:53:23,224|[TRACE] graph - <------- nonSkippedSpace
2021-11-21T23:53:23,224|[TRACE] graph - <----- statementPart
2021-11-21T23:53:23,224|[TRACE] graph - -----> statementPart
2021-11-21T23:53:23,224|[TRACE] graph - -------> nonSkippedChar
2021-11-21T23:53:23,224|[TRACE] script - #out(`D`) [token]
2021-11-21T23:53:23,224|[TRACE] graph - <------- nonSkippedChar
2021-11-21T23:53:23,224|[TRACE] graph - <----- statementPart
2021-11-21T23:53:23,224|[TRACE] graph - -----> statementPart
2021-11-21T23:53:23,224|[TRACE] graph - -------> nonSkippedChar
2021-11-21T23:53:23,224|[TRACE] script - #out(`E`) [token]
2021-11-21T23:53:23,224|[TRACE] graph - <------- nonSkippedChar
2021-11-21T23:53:23,224|[TRACE] graph - <----- statementPart
2021-11-21T23:53:23,224|[TRACE] graph - -----> statementPart
2021-11-21T23:53:23,224|[TRACE] graph - -------> nonSkippedChar
2021-11-21T23:53:23,224|[TRACE] script - #out(`F`) [token]
2021-11-21T23:53:23,224|[TRACE] graph - <------- nonSkippedChar
2021-11-21T23:53:23,224|[TRACE] graph - <----- statementPart
2021-11-21T23:53:23,224|[TRACE] graph - -----> statementPart
2021-11-21T23:53:23,224|[TRACE] graph - -------> nonSkippedChar
2021-11-21T23:53:23,224|[TRACE] script - #out(`A`) [token]
2021-11-21T23:53:23,224|[TRACE] graph - <------- nonSkippedChar
2021-11-21T23:53:23,224|[TRACE] graph - <----- statementPart
2021-11-21T23:53:23,224|[TRACE] graph - -----> statementPart
2021-11-21T23:53:23,224|[TRACE] graph - -------> nonSkippedChar
2021-11-21T23:53:23,224|[TRACE] script - #out(`U`) [token]
2021-11-21T23:53:23,224|[TRACE] graph - <------- nonSkippedChar
2021-11-21T23:53:23,224|[TRACE] graph - <----- statementPart
2021-11-21T23:53:23,224|[TRACE] graph - -----> statementPart
2021-11-21T23:53:23,224|[TRACE] graph - -------> nonSkippedChar
2021-11-21T23:53:23,224|[TRACE] script - #out(`L`) [token]
2021-11-21T23:53:23,224|[TRACE] graph - <------- nonSkippedChar
2021-11-21T23:53:23,224|[TRACE] graph - <----- statementPart
2021-11-21T23:53:23,224|[TRACE] graph - -----> statementPart
2021-11-21T23:53:23,224|[TRACE] graph - -------> nonSkippedChar
2021-11-21T23:53:23,224|[TRACE] script - #out(`T`) [token]
2021-11-21T23:53:23,224|[TRACE] graph - <------- nonSkippedChar
2021-11-21T23:53:23,224|[TRACE] graph - <----- statementPart
2021-11-21T23:53:23,224|[TRACE] graph - -----> statementPart
2021-11-21T23:53:23,224|[TRACE] graph - -------> nonSkippedSpace
2021-11-21T23:53:23,224|[TRACE] script - #out(` `) [token]
2021-11-21T23:53:23,224|[TRACE] graph - <------- nonSkippedSpace
2021-11-21T23:53:23,224|[TRACE] graph - <----- statementPart
2021-11-21T23:53:23,224|[TRACE] graph - -----> statementPart
2021-11-21T23:53:23,224|[TRACE] graph - -------> nonSkippedChar
2021-11-21T23:53:23,224|[TRACE] script - #out(`1`) [token]
2021-11-21T23:53:23,224|[TRACE] graph - <------- nonSkippedChar
2021-11-21T23:53:23,224|[TRACE] graph - <----- statementPart
2021-11-21T23:53:23,224|[TRACE] graph - -----> statementPart
2021-11-21T23:53:23,224|[TRACE] graph - -------> nonSkippedChar
2021-11-21T23:53:23,224|[TRACE] script - #out(`,`) [token]
2021-11-21T23:53:23,224|[TRACE] graph - <------- nonSkippedChar
2021-11-21T23:53:23,224|[TRACE] graph - <----- statementPart
2021-11-21T23:53:23,224|[TRACE] graph - -----> afterStatementPartNewline
2021-11-21T23:53:23,224|[TRACE] script - #out(` `) [text]
2021-11-21T23:53:23,224|[TRACE] graph - <----- afterStatementPartNewline
2021-11-21T23:53:23,317|[TRACE] graph - -----> statementPart
2021-11-21T23:53:23,317|[TRACE] graph - -------> nonSkippedSpace
2021-11-21T23:53:23,317|[TRACE] script - #out(` `) [token]
2021-11-21T23:53:23,317|[TRACE] graph - <------- nonSkippedSpace
2021-11-21T23:53:23,317|[TRACE] graph - <----- statementPart
2021-11-21T23:53:23,317|[TRACE] graph - -----> statementPart
2021-11-21T23:53:23,317|[TRACE] graph - -------> nonSkippedSpace
2021-11-21T23:53:23,317|[TRACE] script - #out(` `) [token]
2021-11-21T23:53:23,317|[TRACE] graph - <------- nonSkippedSpace
2021-11-21T23:53:23,317|[TRACE] graph - <----- statementPart
2021-11-21T23:53:23,317|[TRACE] graph - -----> statementPart
2021-11-21T23:53:23,317|[TRACE] graph - -------> nonSkippedChar
2021-11-21T23:53:23,317|[TRACE] script - #out(`I`) [token]
2021-11-21T23:53:23,317|[TRACE] graph - <------- nonSkippedChar
2021-11-21T23:53:23,317|[TRACE] graph - <----- statementPart
2021-11-21T23:53:23,317|[TRACE] graph - -----> statementPart
2021-11-21T23:53:23,317|[TRACE] graph - -------> nonSkippedChar
2021-11-21T23:53:23,317|[TRACE] script - #out(`N`) [token]
2021-11-21T23:53:23,317|[TRACE] graph - <------- nonSkippedChar
2021-11-21T23:53:23,317|[TRACE] graph - <----- statementPart
2021-11-21T23:53:23,317|[TRACE] graph - -----> statementPart
2021-11-21T23:53:23,317|[TRACE] graph - -------> nonSkippedChar
2021-11-21T23:53:23,317|[TRACE] script - #out(`D`) [token]
2021-11-21T23:53:23,317|[TRACE] graph - <------- nonSkippedChar
2021-11-21T23:53:23,317|[TRACE] graph - <----- statementPart
2021-11-21T23:53:23,317|[TRACE] graph - -----> statementPart
2021-11-21T23:53:23,317|[TRACE] graph - -------> nonSkippedChar
2021-11-21T23:53:23,317|[TRACE] script - #out(`E`) [token]
2021-11-21T23:53:23,317|[TRACE] graph - <------- nonSkippedChar
2021-11-21T23:53:23,317|[TRACE] graph - <----- statementPart
2021-11-21T23:53:23,317|[TRACE] graph - -----> statementPart
2021-11-21T23:53:23,317|[TRACE] graph - -------> nonSkippedChar
2021-11-21T23:53:23,317|[TRACE] script - #out(`X`) [token]
2021-11-21T23:53:23,317|[TRACE] graph - <------- nonSkippedChar
2021-11-21T23:53:23,317|[TRACE] graph - <----- statementPart
2021-11-21T23:53:23,317|[TRACE] graph - -----> statementPart
2021-11-21T23:53:23,317|[TRACE] graph - -------> nonSkippedSpace
2021-11-21T23:53:23,317|[TRACE] script - #out(` `) [token]
2021-11-21T23:53:23,317|[TRACE] graph - <------- nonSkippedSpace
2021-11-21T23:53:23,317|[TRACE] graph - <----- statementPart
2021-11-21T23:53:23,317|[TRACE] graph - -----> statementPart
2021-11-21T23:53:23,317|[TRACE] graph - -------> quotedString
2021-11-21T23:53:23,317|[TRACE] script - #out(``fk_donation_record_person1_idx``) [token]
2021-11-21T23:53:23,317|[TRACE] graph - <------- quotedString
2021-11-21T23:53:23,317|[TRACE] graph - <----- statementPart
2021-11-21T23:53:23,317|[TRACE] graph - -----> statementPart
2021-11-21T23:53:23,317|[TRACE] graph - -------> nonSkippedSpace
2021-11-21T23:53:23,317|[TRACE] script - #out(` `) [token]
2021-11-21T23:53:23,317|[TRACE] graph - <------- nonSkippedSpace
2021-11-21T23:53:23,317|[TRACE] graph - <----- statementPart
2021-11-21T23:53:23,317|[TRACE] graph - -----> statementPart
2021-11-21T23:53:23,317|[TRACE] graph - -------> nonSkippedChar
2021-11-21T23:53:23,317|[TRACE] script - #out(`(`) [token]
2021-11-21T23:53:23,317|[TRACE] graph - <------- nonSkippedChar
2021-11-21T23:53:23,317|[TRACE] graph - <----- statementPart
2021-11-21T23:53:23,317|[TRACE] graph - -----> statementPart
2021-11-21T23:53:23,317|[TRACE] graph - -------> quotedString
2021-11-21T23:53:23,317|[TRACE] script - #out(``person_id``) [token]
2021-11-21T23:53:23,317|[TRACE] graph - <------- quotedString
2021-11-21T23:53:23,317|[TRACE] graph - <----- statementPart
2021-11-21T23:53:23,317|[TRACE] graph - -----> statementPart
2021-11-21T23:53:23,317|[TRACE] graph - -------> nonSkippedSpace
2021-11-21T23:53:23,317|[TRACE] script - #out(` `) [token]
2021-11-21T23:53:23,317|[TRACE] graph - <------- nonSkippedSpace
2021-11-21T23:53:23,317|[TRACE] graph - <----- statementPart
2021-11-21T23:53:23,317|[TRACE] graph - -----> statementPart
2021-11-21T23:53:23,317|[TRACE] graph - -------> nonSkippedChar
2021-11-21T23:53:23,317|[TRACE] script - #out(`A`) [token]
2021-11-21T23:53:23,317|[TRACE] graph - <------- nonSkippedChar
2021-11-21T23:53:23,317|[TRACE] graph - <----- statementPart
2021-11-21T23:53:23,317|[TRACE] graph - -----> statementPart
2021-11-21T23:53:23,317|[TRACE] graph - -------> nonSkippedChar
2021-11-21T23:53:23,317|[TRACE] script - #out(`S`) [token]
2021-11-21T23:53:23,317|[TRACE] graph - <------- nonSkippedChar
2021-11-21T23:53:23,317|[TRACE] graph - <----- statementPart
2021-11-21T23:53:23,317|[TRACE] graph - -----> statementPart
2021-11-21T23:53:23,317|[TRACE] graph - -------> nonSkippedChar
2021-11-21T23:53:23,317|[TRACE] script - #out(`C`) [token]
2021-11-21T23:53:23,317|[TRACE] graph - <------- nonSkippedChar
2021-11-21T23:53:23,317|[TRACE] graph - <----- statementPart
2021-11-21T23:53:23,317|[TRACE] graph - -----> statementPart
2021-11-21T23:53:23,317|[TRACE] graph - -------> nonSkippedChar
2021-11-21T23:53:23,317|[TRACE] script - #out(`)`) [token]
2021-11-21T23:53:23,317|[TRACE] graph - <------- nonSkippedChar
2021-11-21T23:53:23,317|[TRACE] graph - <----- statementPart
2021-11-21T23:53:23,317|[TRACE] graph - -----> statementPart
2021-11-21T23:53:23,317|[TRACE] graph - -------> nonSkippedSpace
2021-11-21T23:53:23,317|[TRACE] script - #out(` `) [token]
2021-11-21T23:53:23,317|[TRACE] graph - <------- nonSkippedSpace
2021-11-21T23:53:23,317|[TRACE] graph - <----- statementPart
2021-11-21T23:53:23,317|[TRACE] graph - -----> statementPart
2021-11-21T23:53:23,317|[TRACE] graph - -------> nonSkippedChar
2021-11-21T23:53:23,317|[TRACE] script - #out(`V`) [token]
2021-11-21T23:53:23,317|[TRACE] graph - <------- nonSkippedChar
2021-11-21T23:53:23,317|[TRACE] graph - <----- statementPart
2021-11-21T23:53:23,317|[TRACE] graph - -----> statementPart
2021-11-21T23:53:23,317|[TRACE] graph - -------> nonSkippedChar
2021-11-21T23:53:23,317|[TRACE] script - #out(`I`) [token]
2021-11-21T23:53:23,317|[TRACE] graph - <------- nonSkippedChar
2021-11-21T23:53:23,317|[TRACE] graph - <----- statementPart
2021-11-21T23:53:23,317|[TRACE] graph - -----> statementPart
2021-11-21T23:53:23,317|[TRACE] graph - -------> nonSkippedChar
2021-11-21T23:53:23,317|[TRACE] script - #out(`S`) [token]
2021-11-21T23:53:23,317|[TRACE] graph - <------- nonSkippedChar
2021-11-21T23:53:23,317|[TRACE] graph - <----- statementPart
2021-11-21T23:53:23,317|[TRACE] graph - -----> statementPart
2021-11-21T23:53:23,318|[TRACE] graph - -------> nonSkippedChar
2021-11-21T23:53:23,318|[TRACE] script - #out(`I`) [token]
2021-11-21T23:53:23,318|[TRACE] graph - <------- nonSkippedChar
2021-11-21T23:53:23,318|[TRACE] graph - <----- statementPart
2021-11-21T23:53:23,318|[TRACE] graph - -----> statementPart
2021-11-21T23:53:23,318|[TRACE] graph - -------> nonSkippedChar
2021-11-21T23:53:23,318|[TRACE] script - #out(`B`) [token]
2021-11-21T23:53:23,318|[TRACE] graph - <------- nonSkippedChar
2021-11-21T23:53:23,318|[TRACE] graph - <----- statementPart
2021-11-21T23:53:23,318|[TRACE] graph - -----> statementPart
2021-11-21T23:53:23,318|[TRACE] graph - -------> nonSkippedChar
2021-11-21T23:53:23,318|[TRACE] script - #out(`L`) [token]
2021-11-21T23:53:23,318|[TRACE] graph - <------- nonSkippedChar
2021-11-21T23:53:23,318|[TRACE] graph - <----- statementPart
2021-11-21T23:53:23,318|[TRACE] graph - -----> statementPart
2021-11-21T23:53:23,318|[TRACE] graph - -------> nonSkippedChar
2021-11-21T23:53:23,318|[TRACE] script - #out(`E`) [token]
2021-11-21T23:53:23,318|[TRACE] graph - <------- nonSkippedChar
2021-11-21T23:53:23,318|[TRACE] graph - <----- statementPart
2021-11-21T23:53:23,318|[TRACE] graph - -----> statementPart
2021-11-21T23:53:23,318|[TRACE] graph - -------> nonSkippedChar
2021-11-21T23:53:23,318|[TRACE] script - #out(`,`) [token]
2021-11-21T23:53:23,318|[TRACE] graph - <------- nonSkippedChar
2021-11-21T23:53:23,318|[TRACE] graph - <----- statementPart
2021-11-21T23:53:23,318|[TRACE] graph - -----> afterStatementPartNewline
2021-11-21T23:53:23,318|[TRACE] script - #out(` `) [text]
2021-11-21T23:53:23,318|[TRACE] graph - <----- afterStatementPartNewline
2021-11-21T23:53:23,318|[TRACE] graph - -----> statementPart
2021-11-21T23:53:23,318|[TRACE] graph - -------> nonSkippedSpace
2021-11-21T23:53:23,318|[TRACE] script - #out(` `) [token]
2021-11-21T23:53:23,318|[TRACE] graph - <------- nonSkippedSpace
2021-11-21T23:53:23,318|[TRACE] graph - <----- statementPart
2021-11-21T23:53:23,318|[TRACE] graph - -----> statementPart
2021-11-21T23:53:23,318|[TRACE] graph - -------> nonSkippedSpace
2021-11-21T23:53:23,318|[TRACE] script - #out(` `) [token]
2021-11-21T23:53:23,318|[TRACE] graph - <------- nonSkippedSpace
2021-11-21T23:53:23,318|[TRACE] graph - <----- statementPart
2021-11-21T23:53:23,318|[TRACE] graph - -----> statementPart
2021-11-21T23:53:23,318|[TRACE] graph - -------> nonSkippedChar
2021-11-21T23:53:23,318|[TRACE] script - #out(`I`) [token]
2021-11-21T23:53:23,318|[TRACE] graph - <------- nonSkippedChar
2021-11-21T23:53:23,318|[TRACE] graph - <----- statementPart
2021-11-21T23:53:23,318|[TRACE] graph - -----> statementPart
2021-11-21T23:53:23,318|[TRACE] graph - -------> nonSkippedChar
2021-11-21T23:53:23,318|[TRACE] script - #out(`N`) [token]
2021-11-21T23:53:23,318|[TRACE] graph - <------- nonSkippedChar
2021-11-21T23:53:23,318|[TRACE] graph - <----- statementPart
2021-11-21T23:53:23,318|[TRACE] graph - -----> statementPart
2021-11-21T23:53:23,318|[TRACE] graph - -------> nonSkippedChar
2021-11-21T23:53:23,318|[TRACE] script - #out(`D`) [token]
2021-11-21T23:53:23,318|[TRACE] graph - <------- nonSkippedChar
2021-11-21T23:53:23,318|[TRACE] graph - <----- statementPart
2021-11-21T23:53:23,318|[TRACE] graph - -----> statementPart
2021-11-21T23:53:23,318|[TRACE] graph - -------> nonSkippedChar
2021-11-21T23:53:23,318|[TRACE] script - #out(`E`) [token]
2021-11-21T23:53:23,318|[TRACE] graph - <------- nonSkippedChar
2021-11-21T23:53:23,318|[TRACE] graph - <----- statementPart
2021-11-21T23:53:23,318|[TRACE] graph - -----> statementPart
2021-11-21T23:53:23,318|[TRACE] graph - -------> nonSkippedChar
2021-11-21T23:53:23,318|[TRACE] script - #out(`X`) [token]
2021-11-21T23:53:23,318|[TRACE] graph - <------- nonSkippedChar
2021-11-21T23:53:23,318|[TRACE] graph - <----- statementPart
2021-11-21T23:53:23,318|[TRACE] graph - -----> statementPart
2021-11-21T23:53:23,318|[TRACE] graph - -------> nonSkippedSpace
2021-11-21T23:53:23,318|[TRACE] script - #out(` `) [token]
2021-11-21T23:53:23,318|[TRACE] graph - <------- nonSkippedSpace
2021-11-21T23:53:23,318|[TRACE] graph - <----- statementPart
2021-11-21T23:53:23,318|[TRACE] graph - -----> statementPart
2021-11-21T23:53:23,318|[TRACE] graph - -------> quotedString
2021-11-21T23:53:23,318|[TRACE] script - #out(``fk_donation_record_blood_donation1_idx``) [token]
2021-11-21T23:53:23,318|[TRACE] graph - <------- quotedString
2021-11-21T23:53:23,318|[TRACE] graph - <----- statementPart
2021-11-21T23:53:23,318|[TRACE] graph - -----> statementPart
2021-11-21T23:53:23,318|[TRACE] graph - -------> nonSkippedSpace
2021-11-21T23:53:23,318|[TRACE] script - #out(` `) [token]
2021-11-21T23:53:23,318|[TRACE] graph - <------- nonSkippedSpace
2021-11-21T23:53:23,318|[TRACE] graph - <----- statementPart
2021-11-21T23:53:23,318|[TRACE] graph - -----> statementPart
2021-11-21T23:53:23,318|[TRACE] graph - -------> nonSkippedChar
2021-11-21T23:53:23,318|[TRACE] script - #out(`(`) [token]
2021-11-21T23:53:23,318|[TRACE] graph - <------- nonSkippedChar
2021-11-21T23:53:23,318|[TRACE] graph - <----- statementPart
2021-11-21T23:53:23,318|[TRACE] graph - -----> statementPart
2021-11-21T23:53:23,318|[TRACE] graph - -------> quotedString
2021-11-21T23:53:23,318|[TRACE] script - #out(``donation_id``) [token]
2021-11-21T23:53:23,318|[TRACE] graph - <------- quotedString
2021-11-21T23:53:23,318|[TRACE] graph - <----- statementPart
2021-11-21T23:53:23,318|[TRACE] graph - -----> statementPart
2021-11-21T23:53:23,318|[TRACE] graph - -------> nonSkippedSpace
2021-11-21T23:53:23,318|[TRACE] script - #out(` `) [token]
2021-11-21T23:53:23,318|[TRACE] graph - <------- nonSkippedSpace
2021-11-21T23:53:23,318|[TRACE] graph - <----- statementPart
2021-11-21T23:53:23,318|[TRACE] graph - -----> statementPart
2021-11-21T23:53:23,318|[TRACE] graph - -------> nonSkippedChar
2021-11-21T23:53:23,318|[TRACE] script - #out(`A`) [token]
2021-11-21T23:53:23,318|[TRACE] graph - <------- nonSkippedChar
2021-11-21T23:53:23,318|[TRACE] graph - <----- statementPart
2021-11-21T23:53:23,318|[TRACE] graph - -----> statementPart
2021-11-21T23:53:23,318|[TRACE] graph - -------> nonSkippedChar
2021-11-21T23:53:23,318|[TRACE] script - #out(`S`) [token]
2021-11-21T23:53:23,318|[TRACE] graph - <------- nonSkippedChar
2021-11-21T23:53:23,318|[TRACE] graph - <----- statementPart
2021-11-21T23:53:23,318|[TRACE] graph - -----> statementPart
2021-11-21T23:53:23,318|[TRACE] graph - -------> nonSkippedChar
2021-11-21T23:53:23,318|[TRACE] script - #out(`C`) [token]
2021-11-21T23:53:23,318|[TRACE] graph - <------- nonSkippedChar
2021-11-21T23:53:23,318|[TRACE] graph - <----- statementPart
2021-11-21T23:53:23,318|[TRACE] graph - -----> statementPart
2021-11-21T23:53:23,318|[TRACE] graph - -------> nonSkippedChar
2021-11-21T23:53:23,318|[TRACE] script - #out(`)`) [token]
2021-11-21T23:53:23,318|[TRACE] graph - <------- nonSkippedChar
2021-11-21T23:53:23,318|[TRACE] graph - <----- statementPart
2021-11-21T23:53:23,318|[TRACE] graph - -----> statementPart
2021-11-21T23:53:23,318|[TRACE] graph - -------> nonSkippedSpace
2021-11-21T23:53:23,318|[TRACE] script - #out(` `) [token]
2021-11-21T23:53:23,318|[TRACE] graph - <------- nonSkippedSpace
2021-11-21T23:53:23,318|[TRACE] graph - <----- statementPart
2021-11-21T23:53:23,318|[TRACE] graph - -----> statementPart
2021-11-21T23:53:23,318|[TRACE] graph - -------> nonSkippedChar
2021-11-21T23:53:23,318|[TRACE] script - #out(`V`) [token]
2021-11-21T23:53:23,318|[TRACE] graph - <------- nonSkippedChar
2021-11-21T23:53:23,318|[TRACE] graph - <----- statementPart
2021-11-21T23:53:23,318|[TRACE] graph - -----> statementPart
2021-11-21T23:53:23,318|[TRACE] graph - -------> nonSkippedChar
2021-11-21T23:53:23,318|[TRACE] script - #out(`I`) [token]
2021-11-21T23:53:23,318|[TRACE] graph - <------- nonSkippedChar
2021-11-21T23:53:23,318|[TRACE] graph - <----- statementPart
2021-11-21T23:53:23,318|[TRACE] graph - -----> statementPart
2021-11-21T23:53:23,318|[TRACE] graph - -------> nonSkippedChar
2021-11-21T23:53:23,318|[TRACE] script - #out(`S`) [token]
2021-11-21T23:53:23,318|[TRACE] graph - <------- nonSkippedChar
2021-11-21T23:53:23,318|[TRACE] graph - <----- statementPart
2021-11-21T23:53:23,318|[TRACE] graph - -----> statementPart
2021-11-21T23:53:23,318|[TRACE] graph - -------> nonSkippedChar
2021-11-21T23:53:23,318|[TRACE] script - #out(`I`) [token]
2021-11-21T23:53:23,318|[TRACE] graph - <------- nonSkippedChar
2021-11-21T23:53:23,318|[TRACE] graph - <----- statementPart
2021-11-21T23:53:23,318|[TRACE] graph - -----> statementPart
2021-11-21T23:53:23,318|[TRACE] graph - -------> nonSkippedChar
2021-11-21T23:53:23,318|[TRACE] script - #out(`B`) [token]
2021-11-21T23:53:23,318|[TRACE] graph - <------- nonSkippedChar
2021-11-21T23:53:23,318|[TRACE] graph - <----- statementPart
2021-11-21T23:53:23,318|[TRACE] graph - -----> statementPart
2021-11-21T23:53:23,318|[TRACE] graph - -------> nonSkippedChar
2021-11-21T23:53:23,318|[TRACE] script - #out(`L`) [token]
2021-11-21T23:53:23,318|[TRACE] graph - <------- nonSkippedChar
2021-11-21T23:53:23,318|[TRACE] graph - <----- statementPart
2021-11-21T23:53:23,318|[TRACE] graph - -----> statementPart
2021-11-21T23:53:23,318|[TRACE] graph - -------> nonSkippedChar
2021-11-21T23:53:23,318|[TRACE] script - #out(`E`) [token]
2021-11-21T23:53:23,318|[TRACE] graph - <------- nonSkippedChar
2021-11-21T23:53:23,318|[TRACE] graph - <----- statementPart
2021-11-21T23:53:23,318|[TRACE] graph - -----> statementPart
2021-11-21T23:53:23,318|[TRACE] graph - -------> nonSkippedChar
2021-11-21T23:53:23,318|[TRACE] script - #out(`,`) [token]
2021-11-21T23:53:23,318|[TRACE] graph - <------- nonSkippedChar
2021-11-21T23:53:23,318|[TRACE] graph - <----- statementPart
2021-11-21T23:53:23,318|[TRACE] graph - -----> afterStatementPartNewline
2021-11-21T23:53:23,318|[TRACE] script - #out(` `) [text]
2021-11-21T23:53:23,318|[TRACE] graph - <----- afterStatementPartNewline
2021-11-21T23:53:23,318|[TRACE] graph - -----> statementPart
2021-11-21T23:53:23,318|[TRACE] graph - -------> nonSkippedSpace
2021-11-21T23:53:23,318|[TRACE] script - #out(` `) [token]
2021-11-21T23:53:23,318|[TRACE] graph - <------- nonSkippedSpace
2021-11-21T23:53:23,318|[TRACE] graph - <----- statementPart
2021-11-21T23:53:23,318|[TRACE] graph - -----> statementPart
2021-11-21T23:53:23,318|[TRACE] graph - -------> nonSkippedSpace
2021-11-21T23:53:23,318|[TRACE] script - #out(` `) [token]
2021-11-21T23:53:23,318|[TRACE] graph - <------- nonSkippedSpace
2021-11-21T23:53:23,318|[TRACE] graph - <----- statementPart
2021-11-21T23:53:23,319|[TRACE] graph - -----> statementPart
2021-11-21T23:53:23,319|[TRACE] graph - -------> nonSkippedChar
2021-11-21T23:53:23,319|[TRACE] script - #out(`U`) [token]
2021-11-21T23:53:23,319|[TRACE] graph - <------- nonSkippedChar
2021-11-21T23:53:23,319|[TRACE] graph - <----- statementPart
2021-11-21T23:53:23,319|[TRACE] graph - -----> statementPart
2021-11-21T23:53:23,319|[TRACE] graph - -------> nonSkippedChar
2021-11-21T23:53:23,319|[TRACE] script - #out(`N`) [token]
2021-11-21T23:53:23,319|[TRACE] graph - <------- nonSkippedChar
2021-11-21T23:53:23,319|[TRACE] graph - <----- statementPart
2021-11-21T23:53:23,319|[TRACE] graph - -----> statementPart
2021-11-21T23:53:23,319|[TRACE] graph - -------> nonSkippedChar
2021-11-21T23:53:23,319|[TRACE] script - #out(`I`) [token]
2021-11-21T23:53:23,319|[TRACE] graph - <------- nonSkippedChar
2021-11-21T23:53:23,319|[TRACE] graph - <----- statementPart
2021-11-21T23:53:23,319|[TRACE] graph - -----> statementPart
2021-11-21T23:53:23,319|[TRACE] graph - -------> nonSkippedChar
2021-11-21T23:53:23,319|[TRACE] script - #out(`Q`) [token]
2021-11-21T23:53:23,319|[TRACE] graph - <------- nonSkippedChar
2021-11-21T23:53:23,319|[TRACE] graph - <----- statementPart
2021-11-21T23:53:23,319|[TRACE] graph - -----> statementPart
2021-11-21T23:53:23,319|[TRACE] graph - -------> nonSkippedChar
2021-11-21T23:53:23,319|[TRACE] script - #out(`U`) [token]
2021-11-21T23:53:23,319|[TRACE] graph - <------- nonSkippedChar
2021-11-21T23:53:23,319|[TRACE] graph - <----- statementPart
2021-11-21T23:53:23,319|[TRACE] graph - -----> statementPart
2021-11-21T23:53:23,319|[TRACE] graph - -------> nonSkippedChar
2021-11-21T23:53:23,319|[TRACE] script - #out(`E`) [token]
2021-11-21T23:53:23,319|[TRACE] graph - <------- nonSkippedChar
2021-11-21T23:53:23,319|[TRACE] graph - <----- statementPart
2021-11-21T23:53:23,319|[TRACE] graph - -----> statementPart
2021-11-21T23:53:23,319|[TRACE] graph - -------> nonSkippedSpace
2021-11-21T23:53:23,319|[TRACE] script - #out(` `) [token]
2021-11-21T23:53:23,319|[TRACE] graph - <------- nonSkippedSpace
2021-11-21T23:53:23,319|[TRACE] graph - <----- statementPart
2021-11-21T23:53:23,319|[TRACE] graph - -----> statementPart
2021-11-21T23:53:23,319|[TRACE] graph - -------> nonSkippedChar
2021-11-21T23:53:23,319|[TRACE] script - #out(`I`) [token]
2021-11-21T23:53:23,319|[TRACE] graph - <------- nonSkippedChar
2021-11-21T23:53:23,319|[TRACE] graph - <----- statementPart
2021-11-21T23:53:23,319|[TRACE] graph - -----> statementPart
2021-11-21T23:53:23,319|[TRACE] graph - -------> nonSkippedChar
2021-11-21T23:53:23,319|[TRACE] script - #out(`N`) [token]
2021-11-21T23:53:23,319|[TRACE] graph - <------- nonSkippedChar
2021-11-21T23:53:23,319|[TRACE] graph - <----- statementPart
2021-11-21T23:53:23,319|[TRACE] graph - -----> statementPart
2021-11-21T23:53:23,319|[TRACE] graph - -------> nonSkippedChar
2021-11-21T23:53:23,319|[TRACE] script - #out(`D`) [token]
2021-11-21T23:53:23,319|[TRACE] graph - <------- nonSkippedChar
2021-11-21T23:53:23,319|[TRACE] graph - <----- statementPart
2021-11-21T23:53:23,319|[TRACE] graph - -----> statementPart
2021-11-21T23:53:23,319|[TRACE] graph - -------> nonSkippedChar
2021-11-21T23:53:23,319|[TRACE] script - #out(`E`) [token]
2021-11-21T23:53:23,319|[TRACE] graph - <------- nonSkippedChar
2021-11-21T23:53:23,319|[TRACE] graph - <----- statementPart
2021-11-21T23:53:23,319|[TRACE] graph - -----> statementPart
2021-11-21T23:53:23,319|[TRACE] graph - -------> nonSkippedChar
2021-11-21T23:53:23,319|[TRACE] script - #out(`X`) [token]
2021-11-21T23:53:23,319|[TRACE] graph - <------- nonSkippedChar
2021-11-21T23:53:23,319|[TRACE] graph - <----- statementPart
2021-11-21T23:53:23,319|[TRACE] graph - -----> statementPart
2021-11-21T23:53:23,319|[TRACE] graph - -------> nonSkippedSpace
2021-11-21T23:53:23,319|[TRACE] script - #out(` `) [token]
2021-11-21T23:53:23,319|[TRACE] graph - <------- nonSkippedSpace
2021-11-21T23:53:23,319|[TRACE] graph - <----- statementPart
2021-11-21T23:53:23,319|[TRACE] graph - -----> statementPart
2021-11-21T23:53:23,319|[TRACE] graph - -------> quotedString
2021-11-21T23:53:23,319|[TRACE] script - #out(``record_id_UNIQUE``) [token]
2021-11-21T23:53:23,319|[TRACE] graph - <------- quotedString
2021-11-21T23:53:23,319|[TRACE] graph - <----- statementPart
2021-11-21T23:53:23,319|[TRACE] graph - -----> statementPart
2021-11-21T23:53:23,319|[TRACE] graph - -------> nonSkippedSpace
2021-11-21T23:53:23,319|[TRACE] script - #out(` `) [token]
2021-11-21T23:53:23,319|[TRACE] graph - <------- nonSkippedSpace
2021-11-21T23:53:23,319|[TRACE] graph - <----- statementPart
2021-11-21T23:53:23,319|[TRACE] graph - -----> statementPart
2021-11-21T23:53:23,319|[TRACE] graph - -------> nonSkippedChar
2021-11-21T23:53:23,319|[TRACE] script - #out(`(`) [token]
2021-11-21T23:53:23,319|[TRACE] graph - <------- nonSkippedChar
2021-11-21T23:53:23,319|[TRACE] graph - <----- statementPart
2021-11-21T23:53:23,319|[TRACE] graph - -----> statementPart
2021-11-21T23:53:23,319|[TRACE] graph - -------> quotedString
2021-11-21T23:53:23,319|[TRACE] script - #out(``record_id``) [token]
2021-11-21T23:53:23,319|[TRACE] graph - <------- quotedString
2021-11-21T23:53:23,319|[TRACE] graph - <----- statementPart
2021-11-21T23:53:23,319|[TRACE] graph - -----> statementPart
2021-11-21T23:53:23,319|[TRACE] graph - -------> nonSkippedSpace
2021-11-21T23:53:23,319|[TRACE] script - #out(` `) [token]
2021-11-21T23:53:23,319|[TRACE] graph - <------- nonSkippedSpace
2021-11-21T23:53:23,319|[TRACE] graph - <----- statementPart
2021-11-21T23:53:23,319|[TRACE] graph - -----> statementPart
2021-11-21T23:53:23,319|[TRACE] graph - -------> nonSkippedChar
2021-11-21T23:53:23,319|[TRACE] script - #out(`A`) [token]
2021-11-21T23:53:23,319|[TRACE] graph - <------- nonSkippedChar
2021-11-21T23:53:23,319|[TRACE] graph - <----- statementPart
2021-11-21T23:53:23,319|[TRACE] graph - -----> statementPart
2021-11-21T23:53:23,319|[TRACE] graph - -------> nonSkippedChar
2021-11-21T23:53:23,319|[TRACE] script - #out(`S`) [token]
2021-11-21T23:53:23,319|[TRACE] graph - <------- nonSkippedChar
2021-11-21T23:53:23,319|[TRACE] graph - <----- statementPart
2021-11-21T23:53:23,319|[TRACE] graph - -----> statementPart
2021-11-21T23:53:23,319|[TRACE] graph - -------> nonSkippedChar
2021-11-21T23:53:23,319|[TRACE] script - #out(`C`) [token]
2021-11-21T23:53:23,319|[TRACE] graph - <------- nonSkippedChar
2021-11-21T23:53:23,319|[TRACE] graph - <----- statementPart
2021-11-21T23:53:23,319|[TRACE] graph - -----> statementPart
2021-11-21T23:53:23,319|[TRACE] graph - -------> nonSkippedChar
2021-11-21T23:53:23,319|[TRACE] script - #out(`)`) [token]
2021-11-21T23:53:23,319|[TRACE] graph - <------- nonSkippedChar
2021-11-21T23:53:23,319|[TRACE] graph - <----- statementPart
2021-11-21T23:53:23,319|[TRACE] graph - -----> statementPart
2021-11-21T23:53:23,319|[TRACE] graph - -------> nonSkippedSpace
2021-11-21T23:53:23,319|[TRACE] script - #out(` `) [token]
2021-11-21T23:53:23,319|[TRACE] graph - <------- nonSkippedSpace
2021-11-21T23:53:23,319|[TRACE] graph - <----- statementPart
2021-11-21T23:53:23,319|[TRACE] graph - -----> statementPart
2021-11-21T23:53:23,319|[TRACE] graph - -------> nonSkippedChar
2021-11-21T23:53:23,319|[TRACE] script - #out(`V`) [token]
2021-11-21T23:53:23,319|[TRACE] graph - <------- nonSkippedChar
2021-11-21T23:53:23,319|[TRACE] graph - <----- statementPart
2021-11-21T23:53:23,319|[TRACE] graph - -----> statementPart
2021-11-21T23:53:23,319|[TRACE] graph - -------> nonSkippedChar
2021-11-21T23:53:23,319|[TRACE] script - #out(`I`) [token]
2021-11-21T23:53:23,319|[TRACE] graph - <------- nonSkippedChar
2021-11-21T23:53:23,319|[TRACE] graph - <----- statementPart
2021-11-21T23:53:23,319|[TRACE] graph - -----> statementPart
2021-11-21T23:53:23,319|[TRACE] graph - -------> nonSkippedChar
2021-11-21T23:53:23,319|[TRACE] script - #out(`S`) [token]
2021-11-21T23:53:23,319|[TRACE] graph - <------- nonSkippedChar
2021-11-21T23:53:23,319|[TRACE] graph - <----- statementPart
2021-11-21T23:53:23,319|[TRACE] graph - -----> statementPart
2021-11-21T23:53:23,319|[TRACE] graph - -------> nonSkippedChar
2021-11-21T23:53:23,319|[TRACE] script - #out(`I`) [token]
2021-11-21T23:53:23,319|[TRACE] graph - <------- nonSkippedChar
2021-11-21T23:53:23,319|[TRACE] graph - <----- statementPart
2021-11-21T23:53:23,319|[TRACE] graph - -----> statementPart
2021-11-21T23:53:23,319|[TRACE] graph - -------> nonSkippedChar
2021-11-21T23:53:23,319|[TRACE] script - #out(`B`) [token]
2021-11-21T23:53:23,319|[TRACE] graph - <------- nonSkippedChar
2021-11-21T23:53:23,319|[TRACE] graph - <----- statementPart
2021-11-21T23:53:23,319|[TRACE] graph - -----> statementPart
2021-11-21T23:53:23,319|[TRACE] graph - -------> nonSkippedChar
2021-11-21T23:53:23,319|[TRACE] script - #out(`L`) [token]
2021-11-21T23:53:23,319|[TRACE] graph - <------- nonSkippedChar
2021-11-21T23:53:23,319|[TRACE] graph - <----- statementPart
2021-11-21T23:53:23,319|[TRACE] graph - -----> statementPart
2021-11-21T23:53:23,319|[TRACE] graph - -------> nonSkippedChar
2021-11-21T23:53:23,319|[TRACE] script - #out(`E`) [token]
2021-11-21T23:53:23,319|[TRACE] graph - <------- nonSkippedChar
2021-11-21T23:53:23,319|[TRACE] graph - <----- statementPart
2021-11-21T23:53:23,319|[TRACE] graph - -----> statementPart
2021-11-21T23:53:23,319|[TRACE] graph - -------> nonSkippedChar
2021-11-21T23:53:23,319|[TRACE] script - #out(`,`) [token]
2021-11-21T23:53:23,319|[TRACE] graph - <------- nonSkippedChar
2021-11-21T23:53:23,319|[TRACE] graph - <----- statementPart
2021-11-21T23:53:23,319|[TRACE] graph - -----> afterStatementPartNewline
2021-11-21T23:53:23,319|[TRACE] script - #out(` `) [text]
2021-11-21T23:53:23,320|[TRACE] graph - <----- afterStatementPartNewline
2021-11-21T23:53:23,320|[TRACE] graph - -----> statementPart
2021-11-21T23:53:23,320|[TRACE] graph - -------> nonSkippedSpace
2021-11-21T23:53:23,320|[TRACE] script - #out(` `) [token]
2021-11-21T23:53:23,320|[TRACE] graph - <------- nonSkippedSpace
2021-11-21T23:53:23,320|[TRACE] graph - <----- statementPart
2021-11-21T23:53:23,320|[TRACE] graph - -----> statementPart
2021-11-21T23:53:23,320|[TRACE] graph - -------> nonSkippedSpace
2021-11-21T23:53:23,320|[TRACE] script - #out(` `) [token]
2021-11-21T23:53:23,320|[TRACE] graph - <------- nonSkippedSpace
2021-11-21T23:53:23,320|[TRACE] graph - <----- statementPart
2021-11-21T23:53:23,320|[TRACE] graph - -----> statementPart
2021-11-21T23:53:23,320|[TRACE] graph - -------> nonSkippedChar
2021-11-21T23:53:23,320|[TRACE] script - #out(`P`) [token]
2021-11-21T23:53:23,320|[TRACE] graph - <------- nonSkippedChar
2021-11-21T23:53:23,320|[TRACE] graph - <----- statementPart
2021-11-21T23:53:23,320|[TRACE] graph - -----> statementPart
2021-11-21T23:53:23,320|[TRACE] graph - -------> nonSkippedChar
2021-11-21T23:53:23,320|[TRACE] script - #out(`R`) [token]
2021-11-21T23:53:23,320|[TRACE] graph - <------- nonSkippedChar
2021-11-21T23:53:23,320|[TRACE] graph - <----- statementPart
2021-11-21T23:53:23,320|[TRACE] graph - -----> statementPart
2021-11-21T23:53:23,320|[TRACE] graph - -------> nonSkippedChar
2021-11-21T23:53:23,320|[TRACE] script - #out(`I`) [token]
2021-11-21T23:53:23,320|[TRACE] graph - <------- nonSkippedChar
2021-11-21T23:53:23,320|[TRACE] graph - <----- statementPart
2021-11-21T23:53:23,320|[TRACE] graph - -----> statementPart
2021-11-21T23:53:23,320|[TRACE] graph - -------> nonSkippedChar
2021-11-21T23:53:23,320|[TRACE] script - #out(`M`) [token]
2021-11-21T23:53:23,320|[TRACE] graph - <------- nonSkippedChar
2021-11-21T23:53:23,387|[TRACE] graph - <----- statementPart
2021-11-21T23:53:23,387|[TRACE] graph - -----> statementPart
2021-11-21T23:53:23,387|[TRACE] graph - -------> nonSkippedChar
2021-11-21T23:53:23,387|[TRACE] script - #out(`A`) [token]
2021-11-21T23:53:23,387|[TRACE] graph - <------- nonSkippedChar
2021-11-21T23:53:23,387|[TRACE] graph - <----- statementPart
2021-11-21T23:53:23,387|[TRACE] graph - -----> statementPart
2021-11-21T23:53:23,387|[TRACE] graph - -------> nonSkippedChar
2021-11-21T23:53:23,388|[TRACE] script - #out(`R`) [token]
2021-11-21T23:53:23,388|[TRACE] graph - <------- nonSkippedChar
2021-11-21T23:53:23,388|[TRACE] graph - <----- statementPart
2021-11-21T23:53:23,388|[TRACE] graph - -----> statementPart
2021-11-21T23:53:23,388|[TRACE] graph - -------> nonSkippedChar
2021-11-21T23:53:23,388|[TRACE] script - #out(`Y`) [token]
2021-11-21T23:53:23,388|[TRACE] graph - <------- nonSkippedChar
2021-11-21T23:53:23,388|[TRACE] graph - <----- statementPart
2021-11-21T23:53:23,388|[TRACE] graph - -----> statementPart
2021-11-21T23:53:23,388|[TRACE] graph - -------> nonSkippedSpace
2021-11-21T23:53:23,388|[TRACE] script - #out(` `) [token]
2021-11-21T23:53:23,388|[TRACE] graph - <------- nonSkippedSpace
2021-11-21T23:53:23,388|[TRACE] graph - <----- statementPart
2021-11-21T23:53:23,388|[TRACE] graph - -----> statementPart
2021-11-21T23:53:23,388|[TRACE] graph - -------> nonSkippedChar
2021-11-21T23:53:23,388|[TRACE] script - #out(`K`) [token]
2021-11-21T23:53:23,388|[TRACE] graph - <------- nonSkippedChar
2021-11-21T23:53:23,388|[TRACE] graph - <----- statementPart
2021-11-21T23:53:23,388|[TRACE] graph - -----> statementPart
2021-11-21T23:53:23,388|[TRACE] graph - -------> nonSkippedChar
2021-11-21T23:53:23,388|[TRACE] script - #out(`E`) [token]
2021-11-21T23:53:23,388|[TRACE] graph - <------- nonSkippedChar
2021-11-21T23:53:23,388|[TRACE] graph - <----- statementPart
2021-11-21T23:53:23,388|[TRACE] graph - -----> statementPart
2021-11-21T23:53:23,388|[TRACE] graph - -------> nonSkippedChar
2021-11-21T23:53:23,388|[TRACE] script - #out(`Y`) [token]
2021-11-21T23:53:23,388|[TRACE] graph - <------- nonSkippedChar
2021-11-21T23:53:23,388|[TRACE] graph - <----- statementPart
2021-11-21T23:53:23,388|[TRACE] graph - -----> statementPart
2021-11-21T23:53:23,388|[TRACE] graph - -------> nonSkippedSpace
2021-11-21T23:53:23,388|[TRACE] script - #out(` `) [token]
2021-11-21T23:53:23,388|[TRACE] graph - <------- nonSkippedSpace
2021-11-21T23:53:23,388|[TRACE] graph - <----- statementPart
2021-11-21T23:53:23,388|[TRACE] graph - -----> statementPart
2021-11-21T23:53:23,388|[TRACE] graph - -------> nonSkippedChar
2021-11-21T23:53:23,388|[TRACE] script - #out(`(`) [token]
2021-11-21T23:53:23,388|[TRACE] graph - <------- nonSkippedChar
2021-11-21T23:53:23,388|[TRACE] graph - <----- statementPart
2021-11-21T23:53:23,388|[TRACE] graph - -----> statementPart
2021-11-21T23:53:23,388|[TRACE] graph - -------> quotedString
2021-11-21T23:53:23,388|[TRACE] script - #out(``record_id``) [token]
2021-11-21T23:53:23,388|[TRACE] graph - <------- quotedString
2021-11-21T23:53:23,388|[TRACE] graph - <----- statementPart
2021-11-21T23:53:23,388|[TRACE] graph - -----> statementPart
2021-11-21T23:53:23,388|[TRACE] graph - -------> nonSkippedChar
2021-11-21T23:53:23,388|[TRACE] script - #out(`)`) [token]
2021-11-21T23:53:23,388|[TRACE] graph - <------- nonSkippedChar
2021-11-21T23:53:23,388|[TRACE] graph - <----- statementPart
2021-11-21T23:53:23,388|[TRACE] graph - -----> statementPart
2021-11-21T23:53:23,388|[TRACE] graph - -------> nonSkippedChar
2021-11-21T23:53:23,388|[TRACE] script - #out(`,`) [token]
2021-11-21T23:53:23,388|[TRACE] graph - <------- nonSkippedChar
2021-11-21T23:53:23,388|[TRACE] graph - <----- statementPart
2021-11-21T23:53:23,388|[TRACE] graph - -----> afterStatementPartNewline
2021-11-21T23:53:23,388|[TRACE] script - #out(` `) [text]
2021-11-21T23:53:23,388|[TRACE] graph - <----- afterStatementPartNewline
2021-11-21T23:53:23,388|[TRACE] graph - -----> statementPart
2021-11-21T23:53:23,388|[TRACE] graph - -------> nonSkippedSpace
2021-11-21T23:53:23,388|[TRACE] script - #out(` `) [token]
2021-11-21T23:53:23,388|[TRACE] graph - <------- nonSkippedSpace
2021-11-21T23:53:23,388|[TRACE] graph - <----- statementPart
2021-11-21T23:53:23,388|[TRACE] graph - -----> statementPart
2021-11-21T23:53:23,388|[TRACE] graph - -------> nonSkippedSpace
2021-11-21T23:53:23,388|[TRACE] script - #out(` `) [token]
2021-11-21T23:53:23,388|[TRACE] graph - <------- nonSkippedSpace
2021-11-21T23:53:23,388|[TRACE] graph - <----- statementPart
2021-11-21T23:53:23,388|[TRACE] graph - -----> statementPart
2021-11-21T23:53:23,388|[TRACE] graph - -------> nonSkippedChar
2021-11-21T23:53:23,388|[TRACE] script - #out(`C`) [token]
2021-11-21T23:53:23,388|[TRACE] graph - <------- nonSkippedChar
2021-11-21T23:53:23,388|[TRACE] graph - <----- statementPart
2021-11-21T23:53:23,388|[TRACE] graph - -----> statementPart
2021-11-21T23:53:23,388|[TRACE] graph - -------> nonSkippedChar
2021-11-21T23:53:23,388|[TRACE] script - #out(`O`) [token]
2021-11-21T23:53:23,388|[TRACE] graph - <------- nonSkippedChar
2021-11-21T23:53:23,388|[TRACE] graph - <----- statementPart
2021-11-21T23:53:23,388|[TRACE] graph - -----> statementPart
2021-11-21T23:53:23,388|[TRACE] graph - -------> nonSkippedChar
2021-11-21T23:53:23,388|[TRACE] script - #out(`N`) [token]
2021-11-21T23:53:23,388|[TRACE] graph - <------- nonSkippedChar
2021-11-21T23:53:23,388|[TRACE] graph - <----- statementPart
2021-11-21T23:53:23,388|[TRACE] graph - -----> statementPart
2021-11-21T23:53:23,388|[TRACE] graph - -------> nonSkippedChar
2021-11-21T23:53:23,388|[TRACE] script - #out(`S`) [token]
2021-11-21T23:53:23,388|[TRACE] graph - <------- nonSkippedChar
2021-11-21T23:53:23,388|[TRACE] graph - <----- statementPart
2021-11-21T23:53:23,388|[TRACE] graph - -----> statementPart
2021-11-21T23:53:23,388|[TRACE] graph - -------> nonSkippedChar
2021-11-21T23:53:23,388|[TRACE] script - #out(`T`) [token]
2021-11-21T23:53:23,388|[TRACE] graph - <------- nonSkippedChar
2021-11-21T23:53:23,388|[TRACE] graph - <----- statementPart
2021-11-21T23:53:23,388|[TRACE] graph - -----> statementPart
2021-11-21T23:53:23,388|[TRACE] graph - -------> nonSkippedChar
2021-11-21T23:53:23,388|[TRACE] script - #out(`R`) [token]
2021-11-21T23:53:23,388|[TRACE] graph - <------- nonSkippedChar
2021-11-21T23:53:23,388|[TRACE] graph - <----- statementPart
2021-11-21T23:53:23,388|[TRACE] graph - -----> statementPart
2021-11-21T23:53:23,388|[TRACE] graph - -------> nonSkippedChar
2021-11-21T23:53:23,388|[TRACE] script - #out(`A`) [token]
2021-11-21T23:53:23,388|[TRACE] graph - <------- nonSkippedChar
2021-11-21T23:53:23,388|[TRACE] graph - <----- statementPart
2021-11-21T23:53:23,388|[TRACE] graph - -----> statementPart
2021-11-21T23:53:23,388|[TRACE] graph - -------> nonSkippedChar
2021-11-21T23:53:23,388|[TRACE] script - #out(`I`) [token]
2021-11-21T23:53:23,388|[TRACE] graph - <------- nonSkippedChar
2021-11-21T23:53:23,388|[TRACE] graph - <----- statementPart
2021-11-21T23:53:23,388|[TRACE] graph - -----> statementPart
2021-11-21T23:53:23,388|[TRACE] graph - -------> nonSkippedChar
2021-11-21T23:53:23,388|[TRACE] script - #out(`N`) [token]
2021-11-21T23:53:23,388|[TRACE] graph - <------- nonSkippedChar
2021-11-21T23:53:23,388|[TRACE] graph - <----- statementPart
2021-11-21T23:53:23,388|[TRACE] graph - -----> statementPart
2021-11-21T23:53:23,388|[TRACE] graph - -------> nonSkippedChar
2021-11-21T23:53:23,388|[TRACE] script - #out(`T`) [token]
2021-11-21T23:53:23,388|[TRACE] graph - <------- nonSkippedChar
2021-11-21T23:53:23,388|[TRACE] graph - <----- statementPart
2021-11-21T23:53:23,388|[TRACE] graph - -----> statementPart
2021-11-21T23:53:23,388|[TRACE] graph - -------> nonSkippedSpace
2021-11-21T23:53:23,388|[TRACE] script - #out(` `) [token]
2021-11-21T23:53:23,388|[TRACE] graph - <------- nonSkippedSpace
2021-11-21T23:53:23,388|[TRACE] graph - <----- statementPart
2021-11-21T23:53:23,388|[TRACE] graph - -----> statementPart
2021-11-21T23:53:23,388|[TRACE] graph - -------> quotedString
2021-11-21T23:53:23,388|[TRACE] script - #out(``fk_donation_record_person1``) [token]
2021-11-21T23:53:23,388|[TRACE] graph - <------- quotedString
2021-11-21T23:53:23,388|[TRACE] graph - <----- statementPart
2021-11-21T23:53:23,388|[TRACE] graph - -----> afterStatementPartNewline
2021-11-21T23:53:23,388|[TRACE] script - #out(` `) [text]
2021-11-21T23:53:23,388|[TRACE] graph - <----- afterStatementPartNewline
2021-11-21T23:53:23,388|[TRACE] graph - -----> statementPart
2021-11-21T23:53:23,388|[TRACE] graph - -------> nonSkippedSpace
2021-11-21T23:53:23,388|[TRACE] script - #out(` `) [token]
2021-11-21T23:53:23,388|[TRACE] graph - <------- nonSkippedSpace
2021-11-21T23:53:23,388|[TRACE] graph - <----- statementPart
2021-11-21T23:53:23,388|[TRACE] graph - -----> statementPart
2021-11-21T23:53:23,388|[TRACE] graph - -------> nonSkippedSpace
2021-11-21T23:53:23,388|[TRACE] script - #out(` `) [token]
2021-11-21T23:53:23,388|[TRACE] graph - <------- nonSkippedSpace
2021-11-21T23:53:23,388|[TRACE] graph - <----- statementPart
2021-11-21T23:53:23,388|[TRACE] graph - -----> statementPart
2021-11-21T23:53:23,388|[TRACE] graph - -------> nonSkippedSpace
2021-11-21T23:53:23,388|[TRACE] script - #out(` `) [token]
2021-11-21T23:53:23,388|[TRACE] graph - <------- nonSkippedSpace
2021-11-21T23:53:23,388|[TRACE] graph - <----- statementPart
2021-11-21T23:53:23,388|[TRACE] graph - -----> statementPart
2021-11-21T23:53:23,388|[TRACE] graph - -------> nonSkippedSpace
2021-11-21T23:53:23,388|[TRACE] script - #out(` `) [token]
2021-11-21T23:53:23,388|[TRACE] graph - <------- nonSkippedSpace
2021-11-21T23:53:23,388|[TRACE] graph - <----- statementPart
2021-11-21T23:53:23,388|[TRACE] graph - -----> statementPart
2021-11-21T23:53:23,388|[TRACE] graph - -------> nonSkippedChar
2021-11-21T23:53:23,388|[TRACE] script - #out(`F`) [token]
2021-11-21T23:53:23,388|[TRACE] graph - <------- nonSkippedChar
2021-11-21T23:53:23,388|[TRACE] graph - <----- statementPart
2021-11-21T23:53:23,388|[TRACE] graph - -----> statementPart
2021-11-21T23:53:23,388|[TRACE] graph - -------> nonSkippedChar
2021-11-21T23:53:23,388|[TRACE] script - #out(`O`) [token]
2021-11-21T23:53:23,388|[TRACE] graph - <------- nonSkippedChar
2021-11-21T23:53:23,388|[TRACE] graph - <----- statementPart
2021-11-21T23:53:23,388|[TRACE] graph - -----> statementPart
2021-11-21T23:53:23,388|[TRACE] graph - -------> nonSkippedChar
2021-11-21T23:53:23,388|[TRACE] script - #out(`R`) [token]
2021-11-21T23:53:23,388|[TRACE] graph - <------- nonSkippedChar
2021-11-21T23:53:23,388|[TRACE] graph - <----- statementPart
2021-11-21T23:53:23,388|[TRACE] graph - -----> statementPart
2021-11-21T23:53:23,388|[TRACE] graph - -------> nonSkippedChar
2021-11-21T23:53:23,388|[TRACE] script - #out(`E`) [token]
2021-11-21T23:53:23,388|[TRACE] graph - <------- nonSkippedChar
2021-11-21T23:53:23,388|[TRACE] graph - <----- statementPart
2021-11-21T23:53:23,388|[TRACE] graph - -----> statementPart
2021-11-21T23:53:23,389|[TRACE] graph - -------> nonSkippedChar
2021-11-21T23:53:23,389|[TRACE] script - #out(`I`) [token]
2021-11-21T23:53:23,389|[TRACE] graph - <------- nonSkippedChar
2021-11-21T23:53:23,389|[TRACE] graph - <----- statementPart
2021-11-21T23:53:23,389|[TRACE] graph - -----> statementPart
2021-11-21T23:53:23,389|[TRACE] graph - -------> nonSkippedChar
2021-11-21T23:53:23,389|[TRACE] script - #out(`G`) [token]
2021-11-21T23:53:23,389|[TRACE] graph - <------- nonSkippedChar
2021-11-21T23:53:23,389|[TRACE] graph - <----- statementPart
2021-11-21T23:53:23,389|[TRACE] graph - -----> statementPart
2021-11-21T23:53:23,389|[TRACE] graph - -------> nonSkippedChar
2021-11-21T23:53:23,389|[TRACE] script - #out(`N`) [token]
2021-11-21T23:53:23,389|[TRACE] graph - <------- nonSkippedChar
2021-11-21T23:53:23,389|[TRACE] graph - <----- statementPart
2021-11-21T23:53:23,389|[TRACE] graph - -----> statementPart
2021-11-21T23:53:23,389|[TRACE] graph - -------> nonSkippedSpace
2021-11-21T23:53:23,389|[TRACE] script - #out(` `) [token]
2021-11-21T23:53:23,389|[TRACE] graph - <------- nonSkippedSpace
2021-11-21T23:53:23,389|[TRACE] graph - <----- statementPart
2021-11-21T23:53:23,389|[TRACE] graph - -----> statementPart
2021-11-21T23:53:23,389|[TRACE] graph - -------> nonSkippedChar
2021-11-21T23:53:23,389|[TRACE] script - #out(`K`) [token]
2021-11-21T23:53:23,389|[TRACE] graph - <------- nonSkippedChar
2021-11-21T23:53:23,389|[TRACE] graph - <----- statementPart
2021-11-21T23:53:23,389|[TRACE] graph - -----> statementPart
2021-11-21T23:53:23,389|[TRACE] graph - -------> nonSkippedChar
2021-11-21T23:53:23,389|[TRACE] script - #out(`E`) [token]
2021-11-21T23:53:23,389|[TRACE] graph - <------- nonSkippedChar
2021-11-21T23:53:23,389|[TRACE] graph - <----- statementPart
2021-11-21T23:53:23,389|[TRACE] graph - -----> statementPart
2021-11-21T23:53:23,389|[TRACE] graph - -------> nonSkippedChar
2021-11-21T23:53:23,389|[TRACE] script - #out(`Y`) [token]
2021-11-21T23:53:23,389|[TRACE] graph - <------- nonSkippedChar
2021-11-21T23:53:23,389|[TRACE] graph - <----- statementPart
2021-11-21T23:53:23,389|[TRACE] graph - -----> statementPart
2021-11-21T23:53:23,389|[TRACE] graph - -------> nonSkippedSpace
2021-11-21T23:53:23,389|[TRACE] script - #out(` `) [token]
2021-11-21T23:53:23,389|[TRACE] graph - <------- nonSkippedSpace
2021-11-21T23:53:23,389|[TRACE] graph - <----- statementPart
2021-11-21T23:53:23,389|[TRACE] graph - -----> statementPart
2021-11-21T23:53:23,389|[TRACE] graph - -------> nonSkippedChar
2021-11-21T23:53:23,389|[TRACE] script - #out(`(`) [token]
2021-11-21T23:53:23,389|[TRACE] graph - <------- nonSkippedChar
2021-11-21T23:53:23,389|[TRACE] graph - <----- statementPart
2021-11-21T23:53:23,389|[TRACE] graph - -----> statementPart
2021-11-21T23:53:23,389|[TRACE] graph - -------> quotedString
2021-11-21T23:53:23,389|[TRACE] script - #out(``person_id``) [token]
2021-11-21T23:53:23,389|[TRACE] graph - <------- quotedString
2021-11-21T23:53:23,389|[TRACE] graph - <----- statementPart
2021-11-21T23:53:23,389|[TRACE] graph - -----> statementPart
2021-11-21T23:53:23,389|[TRACE] graph - -------> nonSkippedChar
2021-11-21T23:53:23,389|[TRACE] script - #out(`)`) [token]
2021-11-21T23:53:23,389|[TRACE] graph - <------- nonSkippedChar
2021-11-21T23:53:23,389|[TRACE] graph - <----- statementPart
2021-11-21T23:53:23,389|[TRACE] graph - -----> afterStatementPartNewline
2021-11-21T23:53:23,389|[TRACE] script - #out(` `) [text]
2021-11-21T23:53:23,389|[TRACE] graph - <----- afterStatementPartNewline
2021-11-21T23:53:23,389|[TRACE] graph - -----> statementPart
2021-11-21T23:53:23,389|[TRACE] graph - -------> nonSkippedSpace
2021-11-21T23:53:23,389|[TRACE] script - #out(` `) [token]
2021-11-21T23:53:23,389|[TRACE] graph - <------- nonSkippedSpace
2021-11-21T23:53:23,389|[TRACE] graph - <----- statementPart
2021-11-21T23:53:23,389|[TRACE] graph - -----> statementPart
2021-11-21T23:53:23,389|[TRACE] graph - -------> nonSkippedSpace
2021-11-21T23:53:23,389|[TRACE] script - #out(` `) [token]
2021-11-21T23:53:23,389|[TRACE] graph - <------- nonSkippedSpace
2021-11-21T23:53:23,389|[TRACE] graph - <----- statementPart
2021-11-21T23:53:23,389|[TRACE] graph - -----> statementPart
2021-11-21T23:53:23,389|[TRACE] graph - -------> nonSkippedSpace
2021-11-21T23:53:23,389|[TRACE] script - #out(` `) [token]
2021-11-21T23:53:23,389|[TRACE] graph - <------- nonSkippedSpace
2021-11-21T23:53:23,389|[TRACE] graph - <----- statementPart
2021-11-21T23:53:23,389|[TRACE] graph - -----> statementPart
2021-11-21T23:53:23,389|[TRACE] graph - -------> nonSkippedSpace
2021-11-21T23:53:23,389|[TRACE] script - #out(` `) [token]
2021-11-21T23:53:23,389|[TRACE] graph - <------- nonSkippedSpace
2021-11-21T23:53:23,389|[TRACE] graph - <----- statementPart
2021-11-21T23:53:23,389|[TRACE] graph - -----> statementPart
2021-11-21T23:53:23,389|[TRACE] graph - -------> nonSkippedChar
2021-11-21T23:53:23,389|[TRACE] script - #out(`R`) [token]
2021-11-21T23:53:23,389|[TRACE] graph - <------- nonSkippedChar
2021-11-21T23:53:23,389|[TRACE] graph - <----- statementPart
2021-11-21T23:53:23,389|[TRACE] graph - -----> statementPart
2021-11-21T23:53:23,389|[TRACE] graph - -------> nonSkippedChar
2021-11-21T23:53:23,389|[TRACE] script - #out(`E`) [token]
2021-11-21T23:53:23,389|[TRACE] graph - <------- nonSkippedChar
2021-11-21T23:53:23,389|[TRACE] graph - <----- statementPart
2021-11-21T23:53:23,389|[TRACE] graph - -----> statementPart
2021-11-21T23:53:23,389|[TRACE] graph - -------> nonSkippedChar
2021-11-21T23:53:23,389|[TRACE] script - #out(`F`) [token]
2021-11-21T23:53:23,389|[TRACE] graph - <------- nonSkippedChar
2021-11-21T23:53:23,389|[TRACE] graph - <----- statementPart
2021-11-21T23:53:23,389|[TRACE] graph - -----> statementPart
2021-11-21T23:53:23,389|[TRACE] graph - -------> nonSkippedChar
2021-11-21T23:53:23,389|[TRACE] script - #out(`E`) [token]
2021-11-21T23:53:23,389|[TRACE] graph - <------- nonSkippedChar
2021-11-21T23:53:23,389|[TRACE] graph - <----- statementPart
2021-11-21T23:53:23,389|[TRACE] graph - -----> statementPart
2021-11-21T23:53:23,389|[TRACE] graph - -------> nonSkippedChar
2021-11-21T23:53:23,389|[TRACE] script - #out(`R`) [token]
2021-11-21T23:53:23,389|[TRACE] graph - <------- nonSkippedChar
2021-11-21T23:53:23,389|[TRACE] graph - <----- statementPart
2021-11-21T23:53:23,389|[TRACE] graph - -----> statementPart
2021-11-21T23:53:23,389|[TRACE] graph - -------> nonSkippedChar
2021-11-21T23:53:23,389|[TRACE] script - #out(`E`) [token]
2021-11-21T23:53:23,389|[TRACE] graph - <------- nonSkippedChar
2021-11-21T23:53:23,389|[TRACE] graph - <----- statementPart
2021-11-21T23:53:23,389|[TRACE] graph - -----> statementPart
2021-11-21T23:53:23,389|[TRACE] graph - -------> nonSkippedChar
2021-11-21T23:53:23,389|[TRACE] script - #out(`N`) [token]
2021-11-21T23:53:23,389|[TRACE] graph - <------- nonSkippedChar
2021-11-21T23:53:23,389|[TRACE] graph - <----- statementPart
2021-11-21T23:53:23,389|[TRACE] graph - -----> statementPart
2021-11-21T23:53:23,389|[TRACE] graph - -------> nonSkippedChar
2021-11-21T23:53:23,389|[TRACE] script - #out(`C`) [token]
2021-11-21T23:53:23,389|[TRACE] graph - <------- nonSkippedChar
2021-11-21T23:53:23,389|[TRACE] graph - <----- statementPart
2021-11-21T23:53:23,389|[TRACE] graph - -----> statementPart
2021-11-21T23:53:23,389|[TRACE] graph - -------> nonSkippedChar
2021-11-21T23:53:23,389|[TRACE] script - #out(`E`) [token]
2021-11-21T23:53:23,389|[TRACE] graph - <------- nonSkippedChar
2021-11-21T23:53:23,389|[TRACE] graph - <----- statementPart
2021-11-21T23:53:23,389|[TRACE] graph - -----> statementPart
2021-11-21T23:53:23,389|[TRACE] graph - -------> nonSkippedChar
2021-11-21T23:53:23,389|[TRACE] script - #out(`S`) [token]
2021-11-21T23:53:23,389|[TRACE] graph - <------- nonSkippedChar
2021-11-21T23:53:23,389|[TRACE] graph - <----- statementPart
2021-11-21T23:53:23,389|[TRACE] graph - -----> statementPart
2021-11-21T23:53:23,389|[TRACE] graph - -------> nonSkippedSpace
2021-11-21T23:53:23,389|[TRACE] script - #out(` `) [token]
2021-11-21T23:53:23,389|[TRACE] graph - <------- nonSkippedSpace
2021-11-21T23:53:23,389|[TRACE] graph - <----- statementPart
2021-11-21T23:53:23,389|[TRACE] graph - -----> statementPart
2021-11-21T23:53:23,389|[TRACE] graph - -------> quotedString
2021-11-21T23:53:23,389|[TRACE] script - #out(``bloodbank``) [token]
2021-11-21T23:53:23,389|[TRACE] graph - <------- quotedString
2021-11-21T23:53:23,389|[TRACE] graph - <----- statementPart
2021-11-21T23:53:23,389|[TRACE] graph - -----> statementPart
2021-11-21T23:53:23,389|[TRACE] graph - -------> nonSkippedChar
2021-11-21T23:53:23,389|[TRACE] script - #out(`.`) [token]
2021-11-21T23:53:23,389|[TRACE] graph - <------- nonSkippedChar
2021-11-21T23:53:23,389|[TRACE] graph - <----- statementPart
2021-11-21T23:53:23,389|[TRACE] graph - -----> statementPart
2021-11-21T23:53:23,389|[TRACE] graph - -------> quotedString
2021-11-21T23:53:23,389|[TRACE] script - #out(``person``) [token]
2021-11-21T23:53:23,389|[TRACE] graph - <------- quotedString
2021-11-21T23:53:23,389|[TRACE] graph - <----- statementPart
2021-11-21T23:53:23,389|[TRACE] graph - -----> statementPart
2021-11-21T23:53:23,389|[TRACE] graph - -------> nonSkippedSpace
2021-11-21T23:53:23,389|[TRACE] script - #out(` `) [token]
2021-11-21T23:53:23,389|[TRACE] graph - <------- nonSkippedSpace
2021-11-21T23:53:23,389|[TRACE] graph - <----- statementPart
2021-11-21T23:53:23,389|[TRACE] graph - -----> statementPart
2021-11-21T23:53:23,389|[TRACE] graph - -------> nonSkippedChar
2021-11-21T23:53:23,389|[TRACE] script - #out(`(`) [token]
2021-11-21T23:53:23,389|[TRACE] graph - <------- nonSkippedChar
2021-11-21T23:53:23,389|[TRACE] graph - <----- statementPart
2021-11-21T23:53:23,389|[TRACE] graph - -----> statementPart
2021-11-21T23:53:23,389|[TRACE] graph - -------> quotedString
2021-11-21T23:53:23,389|[TRACE] script - #out(``id``) [token]
2021-11-21T23:53:23,389|[TRACE] graph - <------- quotedString
2021-11-21T23:53:23,389|[TRACE] graph - <----- statementPart
2021-11-21T23:53:23,389|[TRACE] graph - -----> statementPart
2021-11-21T23:53:23,389|[TRACE] graph - -------> nonSkippedChar
2021-11-21T23:53:23,389|[TRACE] script - #out(`)`) [token]
2021-11-21T23:53:23,389|[TRACE] graph - <------- nonSkippedChar
2021-11-21T23:53:23,389|[TRACE] graph - <----- statementPart
2021-11-21T23:53:23,389|[TRACE] graph - -----> afterStatementPartNewline
2021-11-21T23:53:23,389|[TRACE] script - #out(` `) [text]
2021-11-21T23:53:23,389|[TRACE] graph - <----- afterStatementPartNewline
2021-11-21T23:53:23,389|[TRACE] graph - -----> statementPart
2021-11-21T23:53:23,389|[TRACE] graph - -------> nonSkippedSpace
2021-11-21T23:53:23,389|[TRACE] script - #out(` `) [token]
2021-11-21T23:53:23,389|[TRACE] graph - <------- nonSkippedSpace
2021-11-21T23:53:23,389|[TRACE] graph - <----- statementPart
2021-11-21T23:53:23,389|[TRACE] graph - -----> statementPart
2021-11-21T23:53:23,389|[TRACE] graph - -------> nonSkippedSpace
2021-11-21T23:53:23,389|[TRACE] script - #out(` `) [token]
2021-11-21T23:53:23,389|[TRACE] graph - <------- nonSkippedSpace
2021-11-21T23:53:23,389|[TRACE] graph - <----- statementPart
2021-11-21T23:53:23,389|[TRACE] graph - -----> statementPart
2021-11-21T23:53:23,389|[TRACE] graph - -------> nonSkippedSpace
2021-11-21T23:53:23,389|[TRACE] script - #out(` `) [token]
2021-11-21T23:53:23,389|[TRACE] graph - <------- nonSkippedSpace
2021-11-21T23:53:23,389|[TRACE] graph - <----- statementPart
2021-11-21T23:53:23,389|[TRACE] graph - -----> statementPart
2021-11-21T23:53:23,390|[TRACE] graph - -------> nonSkippedSpace
2021-11-21T23:53:23,390|[TRACE] script - #out(` `) [token]
2021-11-21T23:53:23,390|[TRACE] graph - <------- nonSkippedSpace
2021-11-21T23:53:23,390|[TRACE] graph - <----- statementPart
2021-11-21T23:53:23,390|[TRACE] graph - -----> statementPart
2021-11-21T23:53:23,390|[TRACE] graph - -------> nonSkippedChar
2021-11-21T23:53:23,390|[TRACE] script - #out(`O`) [token]
2021-11-21T23:53:23,390|[TRACE] graph - <------- nonSkippedChar
2021-11-21T23:53:23,390|[TRACE] graph - <----- statementPart
2021-11-21T23:53:23,390|[TRACE] graph - -----> statementPart
2021-11-21T23:53:23,390|[TRACE] graph - -------> nonSkippedChar
2021-11-21T23:53:23,390|[TRACE] script - #out(`N`) [token]
2021-11-21T23:53:23,390|[TRACE] graph - <------- nonSkippedChar
2021-11-21T23:53:23,390|[TRACE] graph - <----- statementPart
2021-11-21T23:53:23,390|[TRACE] graph - -----> statementPart
2021-11-21T23:53:23,390|[TRACE] graph - -------> nonSkippedSpace
2021-11-21T23:53:23,390|[TRACE] script - #out(` `) [token]
2021-11-21T23:53:23,390|[TRACE] graph - <------- nonSkippedSpace
2021-11-21T23:53:23,390|[TRACE] graph - <----- statementPart
2021-11-21T23:53:23,390|[TRACE] graph - -----> statementPart
2021-11-21T23:53:23,390|[TRACE] graph - -------> nonSkippedChar
2021-11-21T23:53:23,390|[TRACE] script - #out(`D`) [token]
2021-11-21T23:53:23,390|[TRACE] graph - <------- nonSkippedChar
2021-11-21T23:53:23,390|[TRACE] graph - <----- statementPart
2021-11-21T23:53:23,390|[TRACE] graph - -----> statementPart
2021-11-21T23:53:23,390|[TRACE] graph - -------> nonSkippedChar
2021-11-21T23:53:23,390|[TRACE] script - #out(`E`) [token]
2021-11-21T23:53:23,390|[TRACE] graph - <------- nonSkippedChar
2021-11-21T23:53:23,390|[TRACE] graph - <----- statementPart
2021-11-21T23:53:23,390|[TRACE] graph - -----> statementPart
2021-11-21T23:53:23,390|[TRACE] graph - -------> nonSkippedChar
2021-11-21T23:53:23,390|[TRACE] script - #out(`L`) [token]
2021-11-21T23:53:23,390|[TRACE] graph - <------- nonSkippedChar
2021-11-21T23:53:23,390|[TRACE] graph - <----- statementPart
2021-11-21T23:53:23,390|[TRACE] graph - -----> statementPart
2021-11-21T23:53:23,390|[TRACE] graph - -------> nonSkippedChar
2021-11-21T23:53:23,390|[TRACE] script - #out(`E`) [token]
2021-11-21T23:53:23,390|[TRACE] graph - <------- nonSkippedChar
2021-11-21T23:53:23,390|[TRACE] graph - <----- statementPart
2021-11-21T23:53:23,390|[TRACE] graph - -----> statementPart
2021-11-21T23:53:23,390|[TRACE] graph - -------> nonSkippedChar
2021-11-21T23:53:23,390|[TRACE] script - #out(`T`) [token]
2021-11-21T23:53:23,390|[TRACE] graph - <------- nonSkippedChar
2021-11-21T23:53:23,390|[TRACE] graph - <----- statementPart
2021-11-21T23:53:23,390|[TRACE] graph - -----> statementPart
2021-11-21T23:53:23,390|[TRACE] graph - -------> nonSkippedChar
2021-11-21T23:53:23,390|[TRACE] script - #out(`E`) [token]
2021-11-21T23:53:23,390|[TRACE] graph - <------- nonSkippedChar
2021-11-21T23:53:23,390|[TRACE] graph - <----- statementPart
2021-11-21T23:53:23,390|[TRACE] graph - -----> statementPart
2021-11-21T23:53:23,390|[TRACE] graph - -------> nonSkippedSpace
2021-11-21T23:53:23,390|[TRACE] script - #out(` `) [token]
2021-11-21T23:53:23,390|[TRACE] graph - <------- nonSkippedSpace
2021-11-21T23:53:23,390|[TRACE] graph - <----- statementPart
2021-11-21T23:53:23,390|[TRACE] graph - -----> statementPart
2021-11-21T23:53:23,390|[TRACE] graph - -------> nonSkippedChar
2021-11-21T23:53:23,390|[TRACE] script - #out(`N`) [token]
2021-11-21T23:53:23,390|[TRACE] graph - <------- nonSkippedChar
2021-11-21T23:53:23,390|[TRACE] graph - <----- statementPart
2021-11-21T23:53:23,390|[TRACE] graph - -----> statementPart
2021-11-21T23:53:23,390|[TRACE] graph - -------> nonSkippedChar
2021-11-21T23:53:23,390|[TRACE] script - #out(`O`) [token]
2021-11-21T23:53:23,390|[TRACE] graph - <------- nonSkippedChar
2021-11-21T23:53:23,390|[TRACE] graph - <----- statementPart
2021-11-21T23:53:23,390|[TRACE] graph - -----> statementPart
2021-11-21T23:53:23,390|[TRACE] graph - -------> nonSkippedSpace
2021-11-21T23:53:23,390|[TRACE] script - #out(` `) [token]
2021-11-21T23:53:23,390|[TRACE] graph - <------- nonSkippedSpace
2021-11-21T23:53:23,390|[TRACE] graph - <----- statementPart
2021-11-21T23:53:23,390|[TRACE] graph - -----> statementPart
2021-11-21T23:53:23,390|[TRACE] graph - -------> nonSkippedChar
2021-11-21T23:53:23,390|[TRACE] script - #out(`A`) [token]
2021-11-21T23:53:23,390|[TRACE] graph - <------- nonSkippedChar
2021-11-21T23:53:23,390|[TRACE] graph - <----- statementPart
2021-11-21T23:53:23,390|[TRACE] graph - -----> statementPart
2021-11-21T23:53:23,390|[TRACE] graph - -------> nonSkippedChar
2021-11-21T23:53:23,390|[TRACE] script - #out(`C`) [token]
2021-11-21T23:53:23,390|[TRACE] graph - <------- nonSkippedChar
2021-11-21T23:53:23,390|[TRACE] graph - <----- statementPart
2021-11-21T23:53:23,390|[TRACE] graph - -----> statementPart
2021-11-21T23:53:23,390|[TRACE] graph - -------> nonSkippedChar
2021-11-21T23:53:23,390|[TRACE] script - #out(`T`) [token]
2021-11-21T23:53:23,390|[TRACE] graph - <------- nonSkippedChar
2021-11-21T23:53:23,390|[TRACE] graph - <----- statementPart
2021-11-21T23:53:23,390|[TRACE] graph - -----> statementPart
2021-11-21T23:53:23,390|[TRACE] graph - -------> nonSkippedChar
2021-11-21T23:53:23,390|[TRACE] script - #out(`I`) [token]
2021-11-21T23:53:23,390|[TRACE] graph - <------- nonSkippedChar
2021-11-21T23:53:23,390|[TRACE] graph - <----- statementPart
2021-11-21T23:53:23,390|[TRACE] graph - -----> statementPart
2021-11-21T23:53:23,390|[TRACE] graph - -------> nonSkippedChar
2021-11-21T23:53:23,390|[TRACE] script - #out(`O`) [token]
2021-11-21T23:53:23,390|[TRACE] graph - <------- nonSkippedChar
2021-11-21T23:53:23,390|[TRACE] graph - <----- statementPart
2021-11-21T23:53:23,390|[TRACE] graph - -----> statementPart
2021-11-21T23:53:23,390|[TRACE] graph - -------> nonSkippedChar
2021-11-21T23:53:23,390|[TRACE] script - #out(`N`) [token]
2021-11-21T23:53:23,390|[TRACE] graph - <------- nonSkippedChar
2021-11-21T23:53:23,390|[TRACE] graph - <----- statementPart
2021-11-21T23:53:23,390|[TRACE] graph - -----> afterStatementPartNewline
2021-11-21T23:53:23,489|[TRACE] script - #out(` `) [text]
2021-11-21T23:53:23,489|[TRACE] graph - <----- afterStatementPartNewline
2021-11-21T23:53:23,489|[TRACE] graph - -----> statementPart
2021-11-21T23:53:23,489|[TRACE] graph - -------> nonSkippedSpace
2021-11-21T23:53:23,489|[TRACE] script - #out(` `) [token]
2021-11-21T23:53:23,489|[TRACE] graph - <------- nonSkippedSpace
2021-11-21T23:53:23,489|[TRACE] graph - <----- statementPart
2021-11-21T23:53:23,489|[TRACE] graph - -----> statementPart
2021-11-21T23:53:23,489|[TRACE] graph - -------> nonSkippedSpace
2021-11-21T23:53:23,489|[TRACE] script - #out(` `) [token]
2021-11-21T23:53:23,489|[TRACE] graph - <------- nonSkippedSpace
2021-11-21T23:53:23,489|[TRACE] graph - <----- statementPart
2021-11-21T23:53:23,489|[TRACE] graph - -----> statementPart
2021-11-21T23:53:23,489|[TRACE] graph - -------> nonSkippedSpace
2021-11-21T23:53:23,489|[TRACE] script - #out(` `) [token]
2021-11-21T23:53:23,489|[TRACE] graph - <------- nonSkippedSpace
2021-11-21T23:53:23,489|[TRACE] graph - <----- statementPart
2021-11-21T23:53:23,489|[TRACE] graph - -----> statementPart
2021-11-21T23:53:23,489|[TRACE] graph - -------> nonSkippedSpace
2021-11-21T23:53:23,489|[TRACE] script - #out(` `) [token]
2021-11-21T23:53:23,489|[TRACE] graph - <------- nonSkippedSpace
2021-11-21T23:53:23,489|[TRACE] graph - <----- statementPart
2021-11-21T23:53:23,489|[TRACE] graph - -----> statementPart
2021-11-21T23:53:23,489|[TRACE] graph - -------> nonSkippedChar
2021-11-21T23:53:23,489|[TRACE] script - #out(`O`) [token]
2021-11-21T23:53:23,489|[TRACE] graph - <------- nonSkippedChar
2021-11-21T23:53:23,489|[TRACE] graph - <----- statementPart
2021-11-21T23:53:23,490|[TRACE] graph - -----> statementPart
2021-11-21T23:53:23,490|[TRACE] graph - -------> nonSkippedChar
2021-11-21T23:53:23,490|[TRACE] script - #out(`N`) [token]
2021-11-21T23:53:23,490|[TRACE] graph - <------- nonSkippedChar
2021-11-21T23:53:23,490|[TRACE] graph - <----- statementPart
2021-11-21T23:53:23,490|[TRACE] graph - -----> statementPart
2021-11-21T23:53:23,490|[TRACE] graph - -------> nonSkippedSpace
2021-11-21T23:53:23,490|[TRACE] script - #out(` `) [token]
2021-11-21T23:53:23,490|[TRACE] graph - <------- nonSkippedSpace
2021-11-21T23:53:23,490|[TRACE] graph - <----- statementPart
2021-11-21T23:53:23,490|[TRACE] graph - -----> statementPart
2021-11-21T23:53:23,490|[TRACE] graph - -------> nonSkippedChar
2021-11-21T23:53:23,490|[TRACE] script - #out(`U`) [token]
2021-11-21T23:53:23,490|[TRACE] graph - <------- nonSkippedChar
2021-11-21T23:53:23,490|[TRACE] graph - <----- statementPart
2021-11-21T23:53:23,490|[TRACE] graph - -----> statementPart
2021-11-21T23:53:23,490|[TRACE] graph - -------> nonSkippedChar
2021-11-21T23:53:23,490|[TRACE] script - #out(`P`) [token]
2021-11-21T23:53:23,490|[TRACE] graph - <------- nonSkippedChar
2021-11-21T23:53:23,490|[TRACE] graph - <----- statementPart
2021-11-21T23:53:23,490|[TRACE] graph - -----> statementPart
2021-11-21T23:53:23,490|[TRACE] graph - -------> nonSkippedChar
2021-11-21T23:53:23,490|[TRACE] script - #out(`D`) [token]
2021-11-21T23:53:23,490|[TRACE] graph - <------- nonSkippedChar
2021-11-21T23:53:23,490|[TRACE] graph - <----- statementPart
2021-11-21T23:53:23,490|[TRACE] graph - -----> statementPart
2021-11-21T23:53:23,490|[TRACE] graph - -------> nonSkippedChar
2021-11-21T23:53:23,490|[TRACE] script - #out(`A`) [token]
2021-11-21T23:53:23,490|[TRACE] graph - <------- nonSkippedChar
2021-11-21T23:53:23,490|[TRACE] graph - <----- statementPart
2021-11-21T23:53:23,490|[TRACE] graph - -----> statementPart
2021-11-21T23:53:23,490|[TRACE] graph - -------> nonSkippedChar
2021-11-21T23:53:23,490|[TRACE] script - #out(`T`) [token]
2021-11-21T23:53:23,490|[TRACE] graph - <------- nonSkippedChar
2021-11-21T23:53:23,490|[TRACE] graph - <----- statementPart
2021-11-21T23:53:23,490|[TRACE] graph - -----> statementPart
2021-11-21T23:53:23,490|[TRACE] graph - -------> nonSkippedChar
2021-11-21T23:53:23,490|[TRACE] script - #out(`E`) [token]
2021-11-21T23:53:23,490|[TRACE] graph - <------- nonSkippedChar
2021-11-21T23:53:23,490|[TRACE] graph - <----- statementPart
2021-11-21T23:53:23,490|[TRACE] graph - -----> statementPart
2021-11-21T23:53:23,490|[TRACE] graph - -------> nonSkippedSpace
2021-11-21T23:53:23,490|[TRACE] script - #out(` `) [token]
2021-11-21T23:53:23,490|[TRACE] graph - <------- nonSkippedSpace
2021-11-21T23:53:23,490|[TRACE] graph - <----- statementPart
2021-11-21T23:53:23,490|[TRACE] graph - -----> statementPart
2021-11-21T23:53:23,490|[TRACE] graph - -------> nonSkippedChar
2021-11-21T23:53:23,490|[TRACE] script - #out(`N`) [token]
2021-11-21T23:53:23,490|[TRACE] graph - <------- nonSkippedChar
2021-11-21T23:53:23,490|[TRACE] graph - <----- statementPart
2021-11-21T23:53:23,490|[TRACE] graph - -----> statementPart
2021-11-21T23:53:23,490|[TRACE] graph - -------> nonSkippedChar
2021-11-21T23:53:23,490|[TRACE] script - #out(`O`) [token]
2021-11-21T23:53:23,490|[TRACE] graph - <------- nonSkippedChar
2021-11-21T23:53:23,490|[TRACE] graph - <----- statementPart
2021-11-21T23:53:23,490|[TRACE] graph - -----> statementPart
2021-11-21T23:53:23,490|[TRACE] graph - -------> nonSkippedSpace
2021-11-21T23:53:23,490|[TRACE] script - #out(` `) [token]
2021-11-21T23:53:23,490|[TRACE] graph - <------- nonSkippedSpace
2021-11-21T23:53:23,490|[TRACE] graph - <----- statementPart
2021-11-21T23:53:23,490|[TRACE] graph - -----> statementPart
2021-11-21T23:53:23,490|[TRACE] graph - -------> nonSkippedChar
2021-11-21T23:53:23,490|[TRACE] script - #out(`A`) [token]
2021-11-21T23:53:23,490|[TRACE] graph - <------- nonSkippedChar
2021-11-21T23:53:23,490|[TRACE] graph - <----- statementPart
2021-11-21T23:53:23,490|[TRACE] graph - -----> statementPart
2021-11-21T23:53:23,490|[TRACE] graph - -------> nonSkippedChar
2021-11-21T23:53:23,490|[TRACE] script - #out(`C`) [token]
2021-11-21T23:53:23,490|[TRACE] graph - <------- nonSkippedChar
2021-11-21T23:53:23,490|[TRACE] graph - <----- statementPart
2021-11-21T23:53:23,490|[TRACE] graph - -----> statementPart
2021-11-21T23:53:23,490|[TRACE] graph - -------> nonSkippedChar
2021-11-21T23:53:23,490|[TRACE] script - #out(`T`) [token]
2021-11-21T23:53:23,490|[TRACE] graph - <------- nonSkippedChar
2021-11-21T23:53:23,490|[TRACE] graph - <----- statementPart
2021-11-21T23:53:23,490|[TRACE] graph - -----> statementPart
2021-11-21T23:53:23,490|[TRACE] graph - -------> nonSkippedChar
2021-11-21T23:53:23,490|[TRACE] script - #out(`I`) [token]
2021-11-21T23:53:23,490|[TRACE] graph - <------- nonSkippedChar
2021-11-21T23:53:23,490|[TRACE] graph - <----- statementPart
2021-11-21T23:53:23,490|[TRACE] graph - -----> statementPart
2021-11-21T23:53:23,490|[TRACE] graph - -------> nonSkippedChar
2021-11-21T23:53:23,490|[TRACE] script - #out(`O`) [token]
2021-11-21T23:53:23,490|[TRACE] graph - <------- nonSkippedChar
2021-11-21T23:53:23,490|[TRACE] graph - <----- statementPart
2021-11-21T23:53:23,490|[TRACE] graph - -----> statementPart
2021-11-21T23:53:23,490|[TRACE] graph - -------> nonSkippedChar
2021-11-21T23:53:23,490|[TRACE] script - #out(`N`) [token]
2021-11-21T23:53:23,490|[TRACE] graph - <------- nonSkippedChar
2021-11-21T23:53:23,490|[TRACE] graph - <----- statementPart
2021-11-21T23:53:23,490|[TRACE] graph - -----> statementPart
2021-11-21T23:53:23,490|[TRACE] graph - -------> nonSkippedChar
2021-11-21T23:53:23,490|[TRACE] script - #out(`,`) [token]
2021-11-21T23:53:23,490|[TRACE] graph - <------- nonSkippedChar
2021-11-21T23:53:23,490|[TRACE] graph - <----- statementPart
2021-11-21T23:53:23,490|[TRACE] graph - -----> afterStatementPartNewline
2021-11-21T23:53:23,490|[TRACE] script - #out(` `) [text]
2021-11-21T23:53:23,490|[TRACE] graph - <----- afterStatementPartNewline
2021-11-21T23:53:23,490|[TRACE] graph - -----> statementPart
2021-11-21T23:53:23,490|[TRACE] graph - -------> nonSkippedSpace
2021-11-21T23:53:23,490|[TRACE] script - #out(` `) [token]
2021-11-21T23:53:23,490|[TRACE] graph - <------- nonSkippedSpace
2021-11-21T23:53:23,490|[TRACE] graph - <----- statementPart
2021-11-21T23:53:23,490|[TRACE] graph - -----> statementPart
2021-11-21T23:53:23,490|[TRACE] graph - -------> nonSkippedSpace
2021-11-21T23:53:23,490|[TRACE] script - #out(` `) [token]
2021-11-21T23:53:23,490|[TRACE] graph - <------- nonSkippedSpace
2021-11-21T23:53:23,490|[TRACE] graph - <----- statementPart
2021-11-21T23:53:23,490|[TRACE] graph - -----> statementPart
2021-11-21T23:53:23,490|[TRACE] graph - -------> nonSkippedChar
2021-11-21T23:53:23,490|[TRACE] script - #out(`C`) [token]
2021-11-21T23:53:23,490|[TRACE] graph - <------- nonSkippedChar
2021-11-21T23:53:23,490|[TRACE] graph - <----- statementPart
2021-11-21T23:53:23,490|[TRACE] graph - -----> statementPart
2021-11-21T23:53:23,490|[TRACE] graph - -------> nonSkippedChar
2021-11-21T23:53:23,490|[TRACE] script - #out(`O`) [token]
2021-11-21T23:53:23,490|[TRACE] graph - <------- nonSkippedChar
2021-11-21T23:53:23,490|[TRACE] graph - <----- statementPart
2021-11-21T23:53:23,490|[TRACE] graph - -----> statementPart
2021-11-21T23:53:23,490|[TRACE] graph - -------> nonSkippedChar
2021-11-21T23:53:23,490|[TRACE] script - #out(`N`) [token]
2021-11-21T23:53:23,490|[TRACE] graph - <------- nonSkippedChar
2021-11-21T23:53:23,490|[TRACE] graph - <----- statementPart
2021-11-21T23:53:23,490|[TRACE] graph - -----> statementPart
2021-11-21T23:53:23,490|[TRACE] graph - -------> nonSkippedChar
2021-11-21T23:53:23,490|[TRACE] script - #out(`S`) [token]
2021-11-21T23:53:23,490|[TRACE] graph - <------- nonSkippedChar
2021-11-21T23:53:23,490|[TRACE] graph - <----- statementPart
2021-11-21T23:53:23,490|[TRACE] graph - -----> statementPart
2021-11-21T23:53:23,490|[TRACE] graph - -------> nonSkippedChar
2021-11-21T23:53:23,490|[TRACE] script - #out(`T`) [token]
2021-11-21T23:53:23,490|[TRACE] graph - <------- nonSkippedChar
2021-11-21T23:53:23,490|[TRACE] graph - <----- statementPart
2021-11-21T23:53:23,490|[TRACE] graph - -----> statementPart
2021-11-21T23:53:23,490|[TRACE] graph - -------> nonSkippedChar
2021-11-21T23:53:23,490|[TRACE] script - #out(`R`) [token]
2021-11-21T23:53:23,490|[TRACE] graph - <------- nonSkippedChar
2021-11-21T23:53:23,490|[TRACE] graph - <----- statementPart
2021-11-21T23:53:23,490|[TRACE] graph - -----> statementPart
2021-11-21T23:53:23,490|[TRACE] graph - -------> nonSkippedChar
2021-11-21T23:53:23,490|[TRACE] script - #out(`A`) [token]
2021-11-21T23:53:23,490|[TRACE] graph - <------- nonSkippedChar
2021-11-21T23:53:23,490|[TRACE] graph - <----- statementPart
2021-11-21T23:53:23,490|[TRACE] graph - -----> statementPart
2021-11-21T23:53:23,490|[TRACE] graph - -------> nonSkippedChar
2021-11-21T23:53:23,490|[TRACE] script - #out(`I`) [token]
2021-11-21T23:53:23,490|[TRACE] graph - <------- nonSkippedChar
2021-11-21T23:53:23,490|[TRACE] graph - <----- statementPart
2021-11-21T23:53:23,490|[TRACE] graph - -----> statementPart
2021-11-21T23:53:23,490|[TRACE] graph - -------> nonSkippedChar
2021-11-21T23:53:23,490|[TRACE] script - #out(`N`) [token]
2021-11-21T23:53:23,490|[TRACE] graph - <------- nonSkippedChar
2021-11-21T23:53:23,490|[TRACE] graph - <----- statementPart
2021-11-21T23:53:23,490|[TRACE] graph - -----> statementPart
2021-11-21T23:53:23,490|[TRACE] graph - -------> nonSkippedChar
2021-11-21T23:53:23,490|[TRACE] script - #out(`T`) [token]
2021-11-21T23:53:23,490|[TRACE] graph - <------- nonSkippedChar
2021-11-21T23:53:23,490|[TRACE] graph - <----- statementPart
2021-11-21T23:53:23,490|[TRACE] graph - -----> statementPart
2021-11-21T23:53:23,490|[TRACE] graph - -------> nonSkippedSpace
2021-11-21T23:53:23,490|[TRACE] script - #out(` `) [token]
2021-11-21T23:53:23,490|[TRACE] graph - <------- nonSkippedSpace
2021-11-21T23:53:23,490|[TRACE] graph - <----- statementPart
2021-11-21T23:53:23,490|[TRACE] graph - -----> statementPart
2021-11-21T23:53:23,490|[TRACE] graph - -------> quotedString
2021-11-21T23:53:23,490|[TRACE] script - #out(``fk_donation_record_blood_donation1``) [token]
2021-11-21T23:53:23,490|[TRACE] graph - <------- quotedString
2021-11-21T23:53:23,490|[TRACE] graph - <----- statementPart
2021-11-21T23:53:23,490|[TRACE] graph - -----> afterStatementPartNewline
2021-11-21T23:53:23,490|[TRACE] script - #out(` `) [text]
2021-11-21T23:53:23,490|[TRACE] graph - <----- afterStatementPartNewline
2021-11-21T23:53:23,490|[TRACE] graph - -----> statementPart
2021-11-21T23:53:23,490|[TRACE] graph - -------> nonSkippedSpace
2021-11-21T23:53:23,490|[TRACE] script - #out(` `) [token]
2021-11-21T23:53:23,490|[TRACE] graph - <------- nonSkippedSpace
2021-11-21T23:53:23,491|[TRACE] graph - <----- statementPart
2021-11-21T23:53:23,491|[TRACE] graph - -----> statementPart
2021-11-21T23:53:23,491|[TRACE] graph - -------> nonSkippedSpace
2021-11-21T23:53:23,491|[TRACE] script - #out(` `) [token]
2021-11-21T23:53:23,491|[TRACE] graph - <------- nonSkippedSpace
2021-11-21T23:53:23,491|[TRACE] graph - <----- statementPart
2021-11-21T23:53:23,491|[TRACE] graph - -----> statementPart
2021-11-21T23:53:23,491|[TRACE] graph - -------> nonSkippedSpace
2021-11-21T23:53:23,491|[TRACE] script - #out(` `) [token]
2021-11-21T23:53:23,491|[TRACE] graph - <------- nonSkippedSpace
2021-11-21T23:53:23,491|[TRACE] graph - <----- statementPart
2021-11-21T23:53:23,491|[TRACE] graph - -----> statementPart
2021-11-21T23:53:23,491|[TRACE] graph - -------> nonSkippedSpace
2021-11-21T23:53:23,491|[TRACE] script - #out(` `) [token]
2021-11-21T23:53:23,491|[TRACE] graph - <------- nonSkippedSpace
2021-11-21T23:53:23,491|[TRACE] graph - <----- statementPart
2021-11-21T23:53:23,491|[TRACE] graph - -----> statementPart
2021-11-21T23:53:23,491|[TRACE] graph - -------> nonSkippedChar
2021-11-21T23:53:23,491|[TRACE] script - #out(`F`) [token]
2021-11-21T23:53:23,491|[TRACE] graph - <------- nonSkippedChar
2021-11-21T23:53:23,491|[TRACE] graph - <----- statementPart
2021-11-21T23:53:23,491|[TRACE] graph - -----> statementPart
2021-11-21T23:53:23,491|[TRACE] graph - -------> nonSkippedChar
2021-11-21T23:53:23,491|[TRACE] script - #out(`O`) [token]
2021-11-21T23:53:23,491|[TRACE] graph - <------- nonSkippedChar
2021-11-21T23:53:23,491|[TRACE] graph - <----- statementPart
2021-11-21T23:53:23,491|[TRACE] graph - -----> statementPart
2021-11-21T23:53:23,491|[TRACE] graph - -------> nonSkippedChar
2021-11-21T23:53:23,491|[TRACE] script - #out(`R`) [token]
2021-11-21T23:53:23,491|[TRACE] graph - <------- nonSkippedChar
2021-11-21T23:53:23,491|[TRACE] graph - <----- statementPart
2021-11-21T23:53:23,491|[TRACE] graph - -----> statementPart
2021-11-21T23:53:23,491|[TRACE] graph - -------> nonSkippedChar
2021-11-21T23:53:23,491|[TRACE] script - #out(`E`) [token]
2021-11-21T23:53:23,491|[TRACE] graph - <------- nonSkippedChar
2021-11-21T23:53:23,491|[TRACE] graph - <----- statementPart
2021-11-21T23:53:23,491|[TRACE] graph - -----> statementPart
2021-11-21T23:53:23,491|[TRACE] graph - -------> nonSkippedChar
2021-11-21T23:53:23,491|[TRACE] script - #out(`I`) [token]
2021-11-21T23:53:23,491|[TRACE] graph - <------- nonSkippedChar
2021-11-21T23:53:23,491|[TRACE] graph - <----- statementPart
2021-11-21T23:53:23,491|[TRACE] graph - -----> statementPart
2021-11-21T23:53:23,491|[TRACE] graph - -------> nonSkippedChar
2021-11-21T23:53:23,491|[TRACE] script - #out(`G`) [token]
2021-11-21T23:53:23,491|[TRACE] graph - <------- nonSkippedChar
2021-11-21T23:53:23,491|[TRACE] graph - <----- statementPart
2021-11-21T23:53:23,491|[TRACE] graph - -----> statementPart
2021-11-21T23:53:23,491|[TRACE] graph - -------> nonSkippedChar
2021-11-21T23:53:23,491|[TRACE] script - #out(`N`) [token]
2021-11-21T23:53:23,491|[TRACE] graph - <------- nonSkippedChar
2021-11-21T23:53:23,491|[TRACE] graph - <----- statementPart
2021-11-21T23:53:23,491|[TRACE] graph - -----> statementPart
2021-11-21T23:53:23,491|[TRACE] graph - -------> nonSkippedSpace
2021-11-21T23:53:23,491|[TRACE] script - #out(` `) [token]
2021-11-21T23:53:23,491|[TRACE] graph - <------- nonSkippedSpace
2021-11-21T23:53:23,491|[TRACE] graph - <----- statementPart
2021-11-21T23:53:23,491|[TRACE] graph - -----> statementPart
2021-11-21T23:53:23,491|[TRACE] graph - -------> nonSkippedChar
2021-11-21T23:53:23,491|[TRACE] script - #out(`K`) [token]
2021-11-21T23:53:23,491|[TRACE] graph - <------- nonSkippedChar
2021-11-21T23:53:23,491|[TRACE] graph - <----- statementPart
2021-11-21T23:53:23,491|[TRACE] graph - -----> statementPart
2021-11-21T23:53:23,491|[TRACE] graph - -------> nonSkippedChar
2021-11-21T23:53:23,491|[TRACE] script - #out(`E`) [token]
2021-11-21T23:53:23,491|[TRACE] graph - <------- nonSkippedChar
2021-11-21T23:53:23,491|[TRACE] graph - <----- statementPart
2021-11-21T23:53:23,491|[TRACE] graph - -----> statementPart
2021-11-21T23:53:23,491|[TRACE] graph - -------> nonSkippedChar
2021-11-21T23:53:23,491|[TRACE] script - #out(`Y`) [token]
2021-11-21T23:53:23,491|[TRACE] graph - <------- nonSkippedChar
2021-11-21T23:53:23,491|[TRACE] graph - <----- statementPart
2021-11-21T23:53:23,491|[TRACE] graph - -----> statementPart
2021-11-21T23:53:23,491|[TRACE] graph - -------> nonSkippedSpace
2021-11-21T23:53:23,491|[TRACE] script - #out(` `) [token]
2021-11-21T23:53:23,491|[TRACE] graph - <------- nonSkippedSpace
2021-11-21T23:53:23,491|[TRACE] graph - <----- statementPart
2021-11-21T23:53:23,491|[TRACE] graph - -----> statementPart
2021-11-21T23:53:23,491|[TRACE] graph - -------> nonSkippedChar
2021-11-21T23:53:23,491|[TRACE] script - #out(`(`) [token]
2021-11-21T23:53:23,491|[TRACE] graph - <------- nonSkippedChar
2021-11-21T23:53:23,491|[TRACE] graph - <----- statementPart
2021-11-21T23:53:23,491|[TRACE] graph - -----> statementPart
2021-11-21T23:53:23,491|[TRACE] graph - -------> quotedString
2021-11-21T23:53:23,491|[TRACE] script - #out(``donation_id``) [token]
2021-11-21T23:53:23,491|[TRACE] graph - <------- quotedString
2021-11-21T23:53:23,491|[TRACE] graph - <----- statementPart
2021-11-21T23:53:23,491|[TRACE] graph - -----> statementPart
2021-11-21T23:53:23,491|[TRACE] graph - -------> nonSkippedChar
2021-11-21T23:53:23,491|[TRACE] script - #out(`)`) [token]
2021-11-21T23:53:23,491|[TRACE] graph - <------- nonSkippedChar
2021-11-21T23:53:23,491|[TRACE] graph - <----- statementPart
2021-11-21T23:53:23,491|[TRACE] graph - -----> afterStatementPartNewline
2021-11-21T23:53:23,491|[TRACE] script - #out(` `) [text]
2021-11-21T23:53:23,491|[TRACE] graph - <----- afterStatementPartNewline
2021-11-21T23:53:23,491|[TRACE] graph - -----> statementPart
2021-11-21T23:53:23,491|[TRACE] graph - -------> nonSkippedSpace
2021-11-21T23:53:23,491|[TRACE] script - #out(` `) [token]
2021-11-21T23:53:23,491|[TRACE] graph - <------- nonSkippedSpace
2021-11-21T23:53:23,491|[TRACE] graph - <----- statementPart
2021-11-21T23:53:23,491|[TRACE] graph - -----> statementPart
2021-11-21T23:53:23,491|[TRACE] graph - -------> nonSkippedSpace
2021-11-21T23:53:23,491|[TRACE] script - #out(` `) [token]
2021-11-21T23:53:23,491|[TRACE] graph - <------- nonSkippedSpace
2021-11-21T23:53:23,491|[TRACE] graph - <----- statementPart
2021-11-21T23:53:23,491|[TRACE] graph - -----> statementPart
2021-11-21T23:53:23,491|[TRACE] graph - -------> nonSkippedSpace
2021-11-21T23:53:23,491|[TRACE] script - #out(` `) [token]
2021-11-21T23:53:23,491|[TRACE] graph - <------- nonSkippedSpace
2021-11-21T23:53:23,491|[TRACE] graph - <----- statementPart
2021-11-21T23:53:23,491|[TRACE] graph - -----> statementPart
2021-11-21T23:53:23,491|[TRACE] graph - -------> nonSkippedSpace
2021-11-21T23:53:23,491|[TRACE] script - #out(` `) [token]
2021-11-21T23:53:23,491|[TRACE] graph - <------- nonSkippedSpace
2021-11-21T23:53:23,491|[TRACE] graph - <----- statementPart
2021-11-21T23:53:23,491|[TRACE] graph - -----> statementPart
2021-11-21T23:53:23,491|[TRACE] graph - -------> nonSkippedChar
2021-11-21T23:53:23,491|[TRACE] script - #out(`R`) [token]
2021-11-21T23:53:23,491|[TRACE] graph - <------- nonSkippedChar
2021-11-21T23:53:23,491|[TRACE] graph - <----- statementPart
2021-11-21T23:53:23,491|[TRACE] graph - -----> statementPart
2021-11-21T23:53:23,491|[TRACE] graph - -------> nonSkippedChar
2021-11-21T23:53:23,491|[TRACE] script - #out(`E`) [token]
2021-11-21T23:53:23,491|[TRACE] graph - <------- nonSkippedChar
2021-11-21T23:53:23,491|[TRACE] graph - <----- statementPart
2021-11-21T23:53:23,491|[TRACE] graph - -----> statementPart
2021-11-21T23:53:23,491|[TRACE] graph - -------> nonSkippedChar
2021-11-21T23:53:23,491|[TRACE] script - #out(`F`) [token]
2021-11-21T23:53:23,491|[TRACE] graph - <------- nonSkippedChar
2021-11-21T23:53:23,491|[TRACE] graph - <----- statementPart
2021-11-21T23:53:23,491|[TRACE] graph - -----> statementPart
2021-11-21T23:53:23,491|[TRACE] graph - -------> nonSkippedChar
2021-11-21T23:53:23,491|[TRACE] script - #out(`E`) [token]
2021-11-21T23:53:23,491|[TRACE] graph - <------- nonSkippedChar
2021-11-21T23:53:23,491|[TRACE] graph - <----- statementPart
2021-11-21T23:53:23,491|[TRACE] graph - -----> statementPart
2021-11-21T23:53:23,491|[TRACE] graph - -------> nonSkippedChar
2021-11-21T23:53:23,491|[TRACE] script - #out(`R`) [token]
2021-11-21T23:53:23,491|[TRACE] graph - <------- nonSkippedChar
2021-11-21T23:53:23,491|[TRACE] graph - <----- statementPart
2021-11-21T23:53:23,491|[TRACE] graph - -----> statementPart
2021-11-21T23:53:23,491|[TRACE] graph - -------> nonSkippedChar
2021-11-21T23:53:23,491|[TRACE] script - #out(`E`) [token]
2021-11-21T23:53:23,491|[TRACE] graph - <------- nonSkippedChar
2021-11-21T23:53:23,491|[TRACE] graph - <----- statementPart
2021-11-21T23:53:23,491|[TRACE] graph - -----> statementPart
2021-11-21T23:53:23,491|[TRACE] graph - -------> nonSkippedChar
2021-11-21T23:53:23,491|[TRACE] script - #out(`N`) [token]
2021-11-21T23:53:23,491|[TRACE] graph - <------- nonSkippedChar
2021-11-21T23:53:23,491|[TRACE] graph - <----- statementPart
2021-11-21T23:53:23,491|[TRACE] graph - -----> statementPart
2021-11-21T23:53:23,491|[TRACE] graph - -------> nonSkippedChar
2021-11-21T23:53:23,491|[TRACE] script - #out(`C`) [token]
2021-11-21T23:53:23,491|[TRACE] graph - <------- nonSkippedChar
2021-11-21T23:53:23,491|[TRACE] graph - <----- statementPart
2021-11-21T23:53:23,491|[TRACE] graph - -----> statementPart
2021-11-21T23:53:23,491|[TRACE] graph - -------> nonSkippedChar
2021-11-21T23:53:23,491|[TRACE] script - #out(`E`) [token]
2021-11-21T23:53:23,491|[TRACE] graph - <------- nonSkippedChar
2021-11-21T23:53:23,491|[TRACE] graph - <----- statementPart
2021-11-21T23:53:23,491|[TRACE] graph - -----> statementPart
2021-11-21T23:53:23,491|[TRACE] graph - -------> nonSkippedChar
2021-11-21T23:53:23,491|[TRACE] script - #out(`S`) [token]
2021-11-21T23:53:23,491|[TRACE] graph - <------- nonSkippedChar
2021-11-21T23:53:23,491|[TRACE] graph - <----- statementPart
2021-11-21T23:53:23,491|[TRACE] graph - -----> statementPart
2021-11-21T23:53:23,491|[TRACE] graph - -------> nonSkippedSpace
2021-11-21T23:53:23,491|[TRACE] script - #out(` `) [token]
2021-11-21T23:53:23,491|[TRACE] graph - <------- nonSkippedSpace
2021-11-21T23:53:23,491|[TRACE] graph - <----- statementPart
2021-11-21T23:53:23,491|[TRACE] graph - -----> statementPart
2021-11-21T23:53:23,491|[TRACE] graph - -------> quotedString
2021-11-21T23:53:23,491|[TRACE] script - #out(``bloodbank``) [token]
2021-11-21T23:53:23,491|[TRACE] graph - <------- quotedString
2021-11-21T23:53:23,491|[TRACE] graph - <----- statementPart
2021-11-21T23:53:23,491|[TRACE] graph - -----> statementPart
2021-11-21T23:53:23,491|[TRACE] graph - -------> nonSkippedChar
2021-11-21T23:53:23,491|[TRACE] script - #out(`.`) [token]
2021-11-21T23:53:23,491|[TRACE] graph - <------- nonSkippedChar
2021-11-21T23:53:23,491|[TRACE] graph - <----- statementPart
2021-11-21T23:53:23,492|[TRACE] graph - -----> statementPart
2021-11-21T23:53:23,492|[TRACE] graph - -------> quotedString
2021-11-21T23:53:23,492|[TRACE] script - #out(``blood_donation``) [token]
2021-11-21T23:53:23,492|[TRACE] graph - <------- quotedString
2021-11-21T23:53:23,492|[TRACE] graph - <----- statementPart
2021-11-21T23:53:23,492|[TRACE] graph - -----> statementPart
2021-11-21T23:53:23,492|[TRACE] graph - -------> nonSkippedSpace
2021-11-21T23:53:23,492|[TRACE] script - #out(` `) [token]
2021-11-21T23:53:23,492|[TRACE] graph - <------- nonSkippedSpace
2021-11-21T23:53:23,492|[TRACE] graph - <----- statementPart
2021-11-21T23:53:23,492|[TRACE] graph - -----> statementPart
2021-11-21T23:53:23,492|[TRACE] graph - -------> nonSkippedChar
2021-11-21T23:53:23,492|[TRACE] script - #out(`(`) [token]
2021-11-21T23:53:23,492|[TRACE] graph - <------- nonSkippedChar
2021-11-21T23:53:23,492|[TRACE] graph - <----- statementPart
2021-11-21T23:53:23,492|[TRACE] graph - -----> statementPart
2021-11-21T23:53:23,492|[TRACE] graph - -------> quotedString
2021-11-21T23:53:23,492|[TRACE] script - #out(``donation_id``) [token]
2021-11-21T23:53:23,492|[TRACE] graph - <------- quotedString
2021-11-21T23:53:23,492|[TRACE] graph - <----- statementPart
2021-11-21T23:53:23,492|[TRACE] graph - -----> statementPart
2021-11-21T23:53:23,492|[TRACE] graph - -------> nonSkippedChar
2021-11-21T23:53:23,492|[TRACE] script - #out(`)`) [token]
2021-11-21T23:53:23,492|[TRACE] graph - <------- nonSkippedChar
2021-11-21T23:53:23,492|[TRACE] graph - <----- statementPart
2021-11-21T23:53:23,492|[TRACE] graph - -----> afterStatementPartNewline
2021-11-21T23:53:23,492|[TRACE] script - #out(` `) [text]
2021-11-21T23:53:23,492|[TRACE] graph - <----- afterStatementPartNewline
2021-11-21T23:53:23,492|[TRACE] graph - -----> statementPart
2021-11-21T23:53:23,492|[TRACE] graph - -------> nonSkippedSpace
2021-11-21T23:53:23,492|[TRACE] script - #out(` `) [token]
2021-11-21T23:53:23,492|[TRACE] graph - <------- nonSkippedSpace
2021-11-21T23:53:23,492|[TRACE] graph - <----- statementPart
2021-11-21T23:53:23,492|[TRACE] graph - -----> statementPart
2021-11-21T23:53:23,492|[TRACE] graph - -------> nonSkippedSpace
2021-11-21T23:53:23,492|[TRACE] script - #out(` `) [token]
2021-11-21T23:53:23,492|[TRACE] graph - <------- nonSkippedSpace
2021-11-21T23:53:23,492|[TRACE] graph - <----- statementPart
2021-11-21T23:53:23,492|[TRACE] graph - -----> statementPart
2021-11-21T23:53:23,492|[TRACE] graph - -------> nonSkippedSpace
2021-11-21T23:53:23,492|[TRACE] script - #out(` `) [token]
2021-11-21T23:53:23,492|[TRACE] graph - <------- nonSkippedSpace
2021-11-21T23:53:23,492|[TRACE] graph - <----- statementPart
2021-11-21T23:53:23,492|[TRACE] graph - -----> statementPart
2021-11-21T23:53:23,492|[TRACE] graph - -------> nonSkippedSpace
2021-11-21T23:53:23,492|[TRACE] script - #out(` `) [token]
2021-11-21T23:53:23,492|[TRACE] graph - <------- nonSkippedSpace
2021-11-21T23:53:23,492|[TRACE] graph - <----- statementPart
2021-11-21T23:53:23,492|[TRACE] graph - -----> statementPart
2021-11-21T23:53:23,492|[TRACE] graph - -------> nonSkippedChar
2021-11-21T23:53:23,492|[TRACE] script - #out(`O`) [token]
2021-11-21T23:53:23,492|[TRACE] graph - <------- nonSkippedChar
2021-11-21T23:53:23,492|[TRACE] graph - <----- statementPart
2021-11-21T23:53:23,492|[TRACE] graph - -----> statementPart
2021-11-21T23:53:23,492|[TRACE] graph - -------> nonSkippedChar
2021-11-21T23:53:23,492|[TRACE] script - #out(`N`) [token]
2021-11-21T23:53:23,492|[TRACE] graph - <------- nonSkippedChar
2021-11-21T23:53:23,492|[TRACE] graph - <----- statementPart
2021-11-21T23:53:23,492|[TRACE] graph - -----> statementPart
2021-11-21T23:53:23,492|[TRACE] graph - -------> nonSkippedSpace
2021-11-21T23:53:23,492|[TRACE] script - #out(` `) [token]
2021-11-21T23:53:23,492|[TRACE] graph - <------- nonSkippedSpace
2021-11-21T23:53:23,492|[TRACE] graph - <----- statementPart
2021-11-21T23:53:23,492|[TRACE] graph - -----> statementPart
2021-11-21T23:53:23,492|[TRACE] graph - -------> nonSkippedChar
2021-11-21T23:53:23,492|[TRACE] script - #out(`D`) [token]
2021-11-21T23:53:23,492|[TRACE] graph - <------- nonSkippedChar
2021-11-21T23:53:23,492|[TRACE] graph - <----- statementPart
2021-11-21T23:53:23,492|[TRACE] graph - -----> statementPart
2021-11-21T23:53:23,492|[TRACE] graph - -------> nonSkippedChar
2021-11-21T23:53:23,492|[TRACE] script - #out(`E`) [token]
2021-11-21T23:53:23,492|[TRACE] graph - <------- nonSkippedChar
2021-11-21T23:53:23,492|[TRACE] graph - <----- statementPart
2021-11-21T23:53:23,492|[TRACE] graph - -----> statementPart
2021-11-21T23:53:23,492|[TRACE] graph - -------> nonSkippedChar
2021-11-21T23:53:23,492|[TRACE] script - #out(`L`) [token]
2021-11-21T23:53:23,492|[TRACE] graph - <------- nonSkippedChar
2021-11-21T23:53:23,492|[TRACE] graph - <----- statementPart
2021-11-21T23:53:23,492|[TRACE] graph - -----> statementPart
2021-11-21T23:53:23,492|[TRACE] graph - -------> nonSkippedChar
2021-11-21T23:53:23,492|[TRACE] script - #out(`E`) [token]
2021-11-21T23:53:23,492|[TRACE] graph - <------- nonSkippedChar
2021-11-21T23:53:23,492|[TRACE] graph - <----- statementPart
2021-11-21T23:53:23,598|[TRACE] graph - -----> statementPart
2021-11-21T23:53:23,598|[TRACE] graph - -------> nonSkippedChar
2021-11-21T23:53:23,598|[TRACE] script - #out(`T`) [token]
2021-11-21T23:53:23,598|[TRACE] graph - <------- nonSkippedChar
2021-11-21T23:53:23,598|[TRACE] graph - <----- statementPart
2021-11-21T23:53:23,598|[TRACE] graph - -----> statementPart
2021-11-21T23:53:23,598|[TRACE] graph - -------> nonSkippedChar
2021-11-21T23:53:23,598|[TRACE] script - #out(`E`) [token]
2021-11-21T23:53:23,598|[TRACE] graph - <------- nonSkippedChar
2021-11-21T23:53:23,598|[TRACE] graph - <----- statementPart
2021-11-21T23:53:23,598|[TRACE] graph - -----> statementPart
2021-11-21T23:53:23,598|[TRACE] graph - -------> nonSkippedSpace
2021-11-21T23:53:23,598|[TRACE] script - #out(` `) [token]
2021-11-21T23:53:23,598|[TRACE] graph - <------- nonSkippedSpace
2021-11-21T23:53:23,598|[TRACE] graph - <----- statementPart
2021-11-21T23:53:23,598|[TRACE] graph - -----> statementPart
2021-11-21T23:53:23,598|[TRACE] graph - -------> nonSkippedChar
2021-11-21T23:53:23,598|[TRACE] script - #out(`N`) [token]
2021-11-21T23:53:23,598|[TRACE] graph - <------- nonSkippedChar
2021-11-21T23:53:23,598|[TRACE] graph - <----- statementPart
2021-11-21T23:53:23,598|[TRACE] graph - -----> statementPart
2021-11-21T23:53:23,598|[TRACE] graph - -------> nonSkippedChar
2021-11-21T23:53:23,598|[TRACE] script - #out(`O`) [token]
2021-11-21T23:53:23,598|[TRACE] graph - <------- nonSkippedChar
2021-11-21T23:53:23,598|[TRACE] graph - <----- statementPart
2021-11-21T23:53:23,598|[TRACE] graph - -----> statementPart
2021-11-21T23:53:23,598|[TRACE] graph - -------> nonSkippedSpace
2021-11-21T23:53:23,598|[TRACE] script - #out(` `) [token]
2021-11-21T23:53:23,598|[TRACE] graph - <------- nonSkippedSpace
2021-11-21T23:53:23,598|[TRACE] graph - <----- statementPart
2021-11-21T23:53:23,598|[TRACE] graph - -----> statementPart
2021-11-21T23:53:23,598|[TRACE] graph - -------> nonSkippedChar
2021-11-21T23:53:23,598|[TRACE] script - #out(`A`) [token]
2021-11-21T23:53:23,598|[TRACE] graph - <------- nonSkippedChar
2021-11-21T23:53:23,598|[TRACE] graph - <----- statementPart
2021-11-21T23:53:23,598|[TRACE] graph - -----> statementPart
2021-11-21T23:53:23,598|[TRACE] graph - -------> nonSkippedChar
2021-11-21T23:53:23,598|[TRACE] script - #out(`C`) [token]
2021-11-21T23:53:23,598|[TRACE] graph - <------- nonSkippedChar
2021-11-21T23:53:23,599|[TRACE] graph - <----- statementPart
2021-11-21T23:53:23,599|[TRACE] graph - -----> statementPart
2021-11-21T23:53:23,599|[TRACE] graph - -------> nonSkippedChar
2021-11-21T23:53:23,599|[TRACE] script - #out(`T`) [token]
2021-11-21T23:53:23,599|[TRACE] graph - <------- nonSkippedChar
2021-11-21T23:53:23,599|[TRACE] graph - <----- statementPart
2021-11-21T23:53:23,599|[TRACE] graph - -----> statementPart
2021-11-21T23:53:23,599|[TRACE] graph - -------> nonSkippedChar
2021-11-21T23:53:23,599|[TRACE] script - #out(`I`) [token]
2021-11-21T23:53:23,599|[TRACE] graph - <------- nonSkippedChar
2021-11-21T23:53:23,599|[TRACE] graph - <----- statementPart
2021-11-21T23:53:23,599|[TRACE] graph - -----> statementPart
2021-11-21T23:53:23,599|[TRACE] graph - -------> nonSkippedChar
2021-11-21T23:53:23,599|[TRACE] script - #out(`O`) [token]
2021-11-21T23:53:23,599|[TRACE] graph - <------- nonSkippedChar
2021-11-21T23:53:23,599|[TRACE] graph - <----- statementPart
2021-11-21T23:53:23,599|[TRACE] graph - -----> statementPart
2021-11-21T23:53:23,599|[TRACE] graph - -------> nonSkippedChar
2021-11-21T23:53:23,599|[TRACE] script - #out(`N`) [token]
2021-11-21T23:53:23,599|[TRACE] graph - <------- nonSkippedChar
2021-11-21T23:53:23,599|[TRACE] graph - <----- statementPart
2021-11-21T23:53:23,599|[TRACE] graph - -----> afterStatementPartNewline
2021-11-21T23:53:23,599|[TRACE] script - #out(` `) [text]
2021-11-21T23:53:23,599|[TRACE] graph - <----- afterStatementPartNewline
2021-11-21T23:53:23,599|[TRACE] graph - -----> statementPart
2021-11-21T23:53:23,599|[TRACE] graph - -------> nonSkippedSpace
2021-11-21T23:53:23,599|[TRACE] script - #out(` `) [token]
2021-11-21T23:53:23,599|[TRACE] graph - <------- nonSkippedSpace
2021-11-21T23:53:23,599|[TRACE] graph - <----- statementPart
2021-11-21T23:53:23,599|[TRACE] graph - -----> statementPart
2021-11-21T23:53:23,599|[TRACE] graph - -------> nonSkippedSpace
2021-11-21T23:53:23,599|[TRACE] script - #out(` `) [token]
2021-11-21T23:53:23,599|[TRACE] graph - <------- nonSkippedSpace
2021-11-21T23:53:23,599|[TRACE] graph - <----- statementPart
2021-11-21T23:53:23,599|[TRACE] graph - -----> statementPart
2021-11-21T23:53:23,599|[TRACE] graph - -------> nonSkippedSpace
2021-11-21T23:53:23,599|[TRACE] script - #out(` `) [token]
2021-11-21T23:53:23,599|[TRACE] graph - <------- nonSkippedSpace
2021-11-21T23:53:23,599|[TRACE] graph - <----- statementPart
2021-11-21T23:53:23,599|[TRACE] graph - -----> statementPart
2021-11-21T23:53:23,599|[TRACE] graph - -------> nonSkippedSpace
2021-11-21T23:53:23,599|[TRACE] script - #out(` `) [token]
2021-11-21T23:53:23,599|[TRACE] graph - <------- nonSkippedSpace
2021-11-21T23:53:23,599|[TRACE] graph - <----- statementPart
2021-11-21T23:53:23,599|[TRACE] graph - -----> statementPart
2021-11-21T23:53:23,599|[TRACE] graph - -------> nonSkippedChar
2021-11-21T23:53:23,599|[TRACE] script - #out(`O`) [token]
2021-11-21T23:53:23,599|[TRACE] graph - <------- nonSkippedChar
2021-11-21T23:53:23,599|[TRACE] graph - <----- statementPart
2021-11-21T23:53:23,599|[TRACE] graph - -----> statementPart
2021-11-21T23:53:23,599|[TRACE] graph - -------> nonSkippedChar
2021-11-21T23:53:23,599|[TRACE] script - #out(`N`) [token]
2021-11-21T23:53:23,599|[TRACE] graph - <------- nonSkippedChar
2021-11-21T23:53:23,599|[TRACE] graph - <----- statementPart
2021-11-21T23:53:23,599|[TRACE] graph - -----> statementPart
2021-11-21T23:53:23,599|[TRACE] graph - -------> nonSkippedSpace
2021-11-21T23:53:23,599|[TRACE] script - #out(` `) [token]
2021-11-21T23:53:23,599|[TRACE] graph - <------- nonSkippedSpace
2021-11-21T23:53:23,599|[TRACE] graph - <----- statementPart
2021-11-21T23:53:23,599|[TRACE] graph - -----> statementPart
2021-11-21T23:53:23,599|[TRACE] graph - -------> nonSkippedChar
2021-11-21T23:53:23,599|[TRACE] script - #out(`U`) [token]
2021-11-21T23:53:23,599|[TRACE] graph - <------- nonSkippedChar
2021-11-21T23:53:23,599|[TRACE] graph - <----- statementPart
2021-11-21T23:53:23,599|[TRACE] graph - -----> statementPart
2021-11-21T23:53:23,599|[TRACE] graph - -------> nonSkippedChar
2021-11-21T23:53:23,599|[TRACE] script - #out(`P`) [token]
2021-11-21T23:53:23,599|[TRACE] graph - <------- nonSkippedChar
2021-11-21T23:53:23,599|[TRACE] graph - <----- statementPart
2021-11-21T23:53:23,599|[TRACE] graph - -----> statementPart
2021-11-21T23:53:23,599|[TRACE] graph - -------> nonSkippedChar
2021-11-21T23:53:23,599|[TRACE] script - #out(`D`) [token]
2021-11-21T23:53:23,599|[TRACE] graph - <------- nonSkippedChar
2021-11-21T23:53:23,599|[TRACE] graph - <----- statementPart
2021-11-21T23:53:23,599|[TRACE] graph - -----> statementPart
2021-11-21T23:53:23,599|[TRACE] graph - -------> nonSkippedChar
2021-11-21T23:53:23,599|[TRACE] script - #out(`A`) [token]
2021-11-21T23:53:23,599|[TRACE] graph - <------- nonSkippedChar
2021-11-21T23:53:23,599|[TRACE] graph - <----- statementPart
2021-11-21T23:53:23,599|[TRACE] graph - -----> statementPart
2021-11-21T23:53:23,599|[TRACE] graph - -------> nonSkippedChar
2021-11-21T23:53:23,599|[TRACE] script - #out(`T`) [token]
2021-11-21T23:53:23,599|[TRACE] graph - <------- nonSkippedChar
2021-11-21T23:53:23,599|[TRACE] graph - <----- statementPart
2021-11-21T23:53:23,599|[TRACE] graph - -----> statementPart
2021-11-21T23:53:23,599|[TRACE] graph - -------> nonSkippedChar
2021-11-21T23:53:23,599|[TRACE] script - #out(`E`) [token]
2021-11-21T23:53:23,599|[TRACE] graph - <------- nonSkippedChar
2021-11-21T23:53:23,599|[TRACE] graph - <----- statementPart
2021-11-21T23:53:23,599|[TRACE] graph - -----> statementPart
2021-11-21T23:53:23,599|[TRACE] graph - -------> nonSkippedSpace
2021-11-21T23:53:23,599|[TRACE] script - #out(` `) [token]
2021-11-21T23:53:23,599|[TRACE] graph - <------- nonSkippedSpace
2021-11-21T23:53:23,599|[TRACE] graph - <----- statementPart
2021-11-21T23:53:23,599|[TRACE] graph - -----> statementPart
2021-11-21T23:53:23,599|[TRACE] graph - -------> nonSkippedChar
2021-11-21T23:53:23,599|[TRACE] script - #out(`N`) [token]
2021-11-21T23:53:23,599|[TRACE] graph - <------- nonSkippedChar
2021-11-21T23:53:23,599|[TRACE] graph - <----- statementPart
2021-11-21T23:53:23,599|[TRACE] graph - -----> statementPart
2021-11-21T23:53:23,599|[TRACE] graph - -------> nonSkippedChar
2021-11-21T23:53:23,599|[TRACE] script - #out(`O`) [token]
2021-11-21T23:53:23,599|[TRACE] graph - <------- nonSkippedChar
2021-11-21T23:53:23,599|[TRACE] graph - <----- statementPart
2021-11-21T23:53:23,599|[TRACE] graph - -----> statementPart
2021-11-21T23:53:23,599|[TRACE] graph - -------> nonSkippedSpace
2021-11-21T23:53:23,599|[TRACE] script - #out(` `) [token]
2021-11-21T23:53:23,599|[TRACE] graph - <------- nonSkippedSpace
2021-11-21T23:53:23,599|[TRACE] graph - <----- statementPart
2021-11-21T23:53:23,599|[TRACE] graph - -----> statementPart
2021-11-21T23:53:23,599|[TRACE] graph - -------> nonSkippedChar
2021-11-21T23:53:23,599|[TRACE] script - #out(`A`) [token]
2021-11-21T23:53:23,599|[TRACE] graph - <------- nonSkippedChar
2021-11-21T23:53:23,599|[TRACE] graph - <----- statementPart
2021-11-21T23:53:23,599|[TRACE] graph - -----> statementPart
2021-11-21T23:53:23,599|[TRACE] graph - -------> nonSkippedChar
2021-11-21T23:53:23,599|[TRACE] script - #out(`C`) [token]
2021-11-21T23:53:23,599|[TRACE] graph - <------- nonSkippedChar
2021-11-21T23:53:23,599|[TRACE] graph - <----- statementPart
2021-11-21T23:53:23,599|[TRACE] graph - -----> statementPart
2021-11-21T23:53:23,599|[TRACE] graph - -------> nonSkippedChar
2021-11-21T23:53:23,599|[TRACE] script - #out(`T`) [token]
2021-11-21T23:53:23,599|[TRACE] graph - <------- nonSkippedChar
2021-11-21T23:53:23,599|[TRACE] graph - <----- statementPart
2021-11-21T23:53:23,599|[TRACE] graph - -----> statementPart
2021-11-21T23:53:23,599|[TRACE] graph - -------> nonSkippedChar
2021-11-21T23:53:23,599|[TRACE] script - #out(`I`) [token]
2021-11-21T23:53:23,599|[TRACE] graph - <------- nonSkippedChar
2021-11-21T23:53:23,599|[TRACE] graph - <----- statementPart
2021-11-21T23:53:23,599|[TRACE] graph - -----> statementPart
2021-11-21T23:53:23,599|[TRACE] graph - -------> nonSkippedChar
2021-11-21T23:53:23,599|[TRACE] script - #out(`O`) [token]
2021-11-21T23:53:23,599|[TRACE] graph - <------- nonSkippedChar
2021-11-21T23:53:23,599|[TRACE] graph - <----- statementPart
2021-11-21T23:53:23,599|[TRACE] graph - -----> statementPart
2021-11-21T23:53:23,599|[TRACE] graph - -------> nonSkippedChar
2021-11-21T23:53:23,599|[TRACE] script - #out(`N`) [token]
2021-11-21T23:53:23,599|[TRACE] graph - <------- nonSkippedChar
2021-11-21T23:53:23,599|[TRACE] graph - <----- statementPart
2021-11-21T23:53:23,599|[TRACE] graph - -----> statementPart
2021-11-21T23:53:23,599|[TRACE] graph - -------> nonSkippedChar
2021-11-21T23:53:23,599|[TRACE] script - #out(`)`) [token]
2021-11-21T23:53:23,599|[TRACE] graph - <------- nonSkippedChar
2021-11-21T23:53:23,599|[TRACE] graph - <----- statementPart
2021-11-21T23:53:23,599|[TRACE] graph - -----> afterStatementPartNewline
2021-11-21T23:53:23,599|[TRACE] script - #out(` `) [text]
2021-11-21T23:53:23,599|[TRACE] graph - <----- afterStatementPartNewline
2021-11-21T23:53:23,599|[TRACE] graph - -----> statementPart
2021-11-21T23:53:23,599|[TRACE] graph - -------> nonSkippedChar
2021-11-21T23:53:23,599|[TRACE] script - #out(`E`) [token]
2021-11-21T23:53:23,599|[TRACE] graph - <------- nonSkippedChar
2021-11-21T23:53:23,599|[TRACE] graph - <----- statementPart
2021-11-21T23:53:23,599|[TRACE] graph - -----> statementPart
2021-11-21T23:53:23,599|[TRACE] graph - -------> nonSkippedChar
2021-11-21T23:53:23,599|[TRACE] script - #out(`N`) [token]
2021-11-21T23:53:23,599|[TRACE] graph - <------- nonSkippedChar
2021-11-21T23:53:23,599|[TRACE] graph - <----- statementPart
2021-11-21T23:53:23,600|[TRACE] graph - -----> statementPart
2021-11-21T23:53:23,600|[TRACE] graph - -------> nonSkippedChar
2021-11-21T23:53:23,600|[TRACE] script - #out(`G`) [token]
2021-11-21T23:53:23,600|[TRACE] graph - <------- nonSkippedChar
2021-11-21T23:53:23,600|[TRACE] graph - <----- statementPart
2021-11-21T23:53:23,600|[TRACE] graph - -----> statementPart
2021-11-21T23:53:23,600|[TRACE] graph - -------> nonSkippedChar
2021-11-21T23:53:23,600|[TRACE] script - #out(`I`) [token]
2021-11-21T23:53:23,600|[TRACE] graph - <------- nonSkippedChar
2021-11-21T23:53:23,600|[TRACE] graph - <----- statementPart
2021-11-21T23:53:23,600|[TRACE] graph - -----> statementPart
2021-11-21T23:53:23,600|[TRACE] graph - -------> nonSkippedChar
2021-11-21T23:53:23,600|[TRACE] script - #out(`N`) [token]
2021-11-21T23:53:23,600|[TRACE] graph - <------- nonSkippedChar
2021-11-21T23:53:23,600|[TRACE] graph - <----- statementPart
2021-11-21T23:53:23,600|[TRACE] graph - -----> statementPart
2021-11-21T23:53:23,600|[TRACE] graph - -------> nonSkippedChar
2021-11-21T23:53:23,600|[TRACE] script - #out(`E`) [token]
2021-11-21T23:53:23,600|[TRACE] graph - <------- nonSkippedChar
2021-11-21T23:53:23,600|[TRACE] graph - <----- statementPart
2021-11-21T23:53:23,600|[TRACE] graph - -----> statementPart
2021-11-21T23:53:23,600|[TRACE] graph - -------> nonSkippedSpace
2021-11-21T23:53:23,600|[TRACE] script - #out(` `) [token]
2021-11-21T23:53:23,600|[TRACE] graph - <------- nonSkippedSpace
2021-11-21T23:53:23,600|[TRACE] graph - <----- statementPart
2021-11-21T23:53:23,600|[TRACE] graph - -----> statementPart
2021-11-21T23:53:23,600|[TRACE] graph - -------> nonSkippedChar
2021-11-21T23:53:23,600|[TRACE] script - #out(`=`) [token]
2021-11-21T23:53:23,600|[TRACE] graph - <------- nonSkippedChar
2021-11-21T23:53:23,600|[TRACE] graph - <----- statementPart
2021-11-21T23:53:23,600|[TRACE] graph - -----> statementPart
2021-11-21T23:53:23,600|[TRACE] graph - -------> nonSkippedSpace
2021-11-21T23:53:23,600|[TRACE] script - #out(` `) [token]
2021-11-21T23:53:23,600|[TRACE] graph - <------- nonSkippedSpace
2021-11-21T23:53:23,600|[TRACE] graph - <----- statementPart
2021-11-21T23:53:23,600|[TRACE] graph - -----> statementPart
2021-11-21T23:53:23,600|[TRACE] graph - -------> nonSkippedChar
2021-11-21T23:53:23,600|[TRACE] script - #out(`I`) [token]
2021-11-21T23:53:23,600|[TRACE] graph - <------- nonSkippedChar
2021-11-21T23:53:23,600|[TRACE] graph - <----- statementPart
2021-11-21T23:53:23,600|[TRACE] graph - -----> statementPart
2021-11-21T23:53:23,600|[TRACE] graph - -------> nonSkippedChar
2021-11-21T23:53:23,600|[TRACE] script - #out(`n`) [token]
2021-11-21T23:53:23,600|[TRACE] graph - <------- nonSkippedChar
2021-11-21T23:53:23,600|[TRACE] graph - <----- statementPart
2021-11-21T23:53:23,600|[TRACE] graph - -----> statementPart
2021-11-21T23:53:23,600|[TRACE] graph - -------> nonSkippedChar
2021-11-21T23:53:23,600|[TRACE] script - #out(`n`) [token]
2021-11-21T23:53:23,600|[TRACE] graph - <------- nonSkippedChar
2021-11-21T23:53:23,600|[TRACE] graph - <----- statementPart
2021-11-21T23:53:23,600|[TRACE] graph - -----> statementPart
2021-11-21T23:53:23,600|[TRACE] graph - -------> nonSkippedChar
2021-11-21T23:53:23,600|[TRACE] script - #out(`o`) [token]
2021-11-21T23:53:23,600|[TRACE] graph - <------- nonSkippedChar
2021-11-21T23:53:23,600|[TRACE] graph - <----- statementPart
2021-11-21T23:53:23,600|[TRACE] graph - -----> statementPart
2021-11-21T23:53:23,600|[TRACE] graph - -------> nonSkippedChar
2021-11-21T23:53:23,600|[TRACE] script - #out(`D`) [token]
2021-11-21T23:53:23,600|[TRACE] graph - <------- nonSkippedChar
2021-11-21T23:53:23,600|[TRACE] graph - <----- statementPart
2021-11-21T23:53:23,600|[TRACE] graph - -----> statementPart
2021-11-21T23:53:23,600|[TRACE] graph - -------> nonSkippedChar
2021-11-21T23:53:23,600|[TRACE] script - #out(`B`) [token]
2021-11-21T23:53:23,600|[TRACE] graph - <------- nonSkippedChar
2021-11-21T23:53:23,600|[TRACE] graph - <----- statementPart
2021-11-21T23:53:23,600|[DEBUG] graph - Import statement : CREATE TABLE IF NOT EXISTS `bloodbank`.`donation_record` (   `record_id` INT NOT NULL AUTO_INCREMENT,   `person_id` INT NOT NULL,   `donation_id` INT NULL,   `tested` BIT(1) NOT NULL,   `created` BIGINT NOT NULL DEFAULT (unix_timestamp(now()) * 1000),   `updated` BIGINT NOT NULL DEFAULT (unix_timestamp(now()) * 1000),   `version` INT NOT NULL DEFAULT 1,   INDEX `fk_donation_record_person1_idx` (`person_id` ASC) VISIBLE,   INDEX `fk_donation_record_blood_donation1_idx` (`donation_id` ASC) VISIBLE,   UNIQUE INDEX `record_id_UNIQUE` (`record_id` ASC) VISIBLE,   PRIMARY KEY (`record_id`),   CONSTRAINT `fk_donation_record_person1`     FOREIGN KEY (`person_id`)     REFERENCES `bloodbank`.`person` (`id`)     ON DELETE NO ACTION     ON UPDATE NO ACTION,   CONSTRAINT `fk_donation_record_blood_donation1`     FOREIGN KEY (`donation_id`)     REFERENCES `bloodbank`.`blood_donation` (`donation_id`)     ON DELETE NO ACTION     ON UPDATE NO ACTION) ENGINE = InnoDB
2021-11-21T23:53:23,600|[TRACE] graph - <--- statement
2021-11-21T23:53:23,600|[TRACE] graph - ---> blankSpacesToSkip
2021-11-21T23:53:23,600|[TRACE] graph - -----> newLineToSkip
2021-11-21T23:53:23,600|[TRACE] graph - <----- newLineToSkip
2021-11-21T23:53:23,600|[TRACE] graph - -----> newLineToSkip
2021-11-21T23:53:23,600|[TRACE] graph - <----- newLineToSkip
2021-11-21T23:53:23,600|[TRACE] graph - -----> newLineToSkip
2021-11-21T23:53:23,600|[TRACE] graph - <----- newLineToSkip
2021-11-21T23:53:23,600|[TRACE] graph - -----> newLineToSkip
2021-11-21T23:53:23,600|[TRACE] graph - <----- newLineToSkip
2021-11-21T23:53:23,600|[TRACE] graph - -----> newLineToSkip
2021-11-21T23:53:23,600|[TRACE] graph - <----- newLineToSkip
2021-11-21T23:53:23,600|[TRACE] graph - -----> newLineToSkip
2021-11-21T23:53:23,600|[TRACE] graph - <----- newLineToSkip
2021-11-21T23:53:23,600|[TRACE] graph - <--- blankSpacesToSkip
2021-11-21T23:53:23,600|[TRACE] graph - ---> statement
2021-11-21T23:53:23,600|[TRACE] graph - -----> statementFirstPart
2021-11-21T23:53:23,600|[TRACE] graph - -------> nonSkippedChar
2021-11-21T23:53:23,600|[TRACE] script - #out(`C`) [token]
2021-11-21T23:53:23,600|[TRACE] graph - <------- nonSkippedChar
2021-11-21T23:53:23,600|[TRACE] graph - <----- statementFirstPart
2021-11-21T23:53:23,600|[TRACE] graph - -----> statementPart
2021-11-21T23:53:23,600|[TRACE] graph - -------> nonSkippedChar
2021-11-21T23:53:23,600|[TRACE] script - #out(`R`) [token]
2021-11-21T23:53:23,600|[TRACE] graph - <------- nonSkippedChar
2021-11-21T23:53:23,600|[TRACE] graph - <----- statementPart
2021-11-21T23:53:23,600|[TRACE] graph - -----> statementPart
2021-11-21T23:53:23,600|[TRACE] graph - -------> nonSkippedChar
2021-11-21T23:53:23,600|[TRACE] script - #out(`E`) [token]
2021-11-21T23:53:23,600|[TRACE] graph - <------- nonSkippedChar
2021-11-21T23:53:23,600|[TRACE] graph - <----- statementPart
2021-11-21T23:53:23,600|[TRACE] graph - -----> statementPart
2021-11-21T23:53:23,600|[TRACE] graph - -------> nonSkippedChar
2021-11-21T23:53:23,600|[TRACE] script - #out(`A`) [token]
2021-11-21T23:53:23,600|[TRACE] graph - <------- nonSkippedChar
2021-11-21T23:53:23,600|[TRACE] graph - <----- statementPart
2021-11-21T23:53:23,600|[TRACE] graph - -----> statementPart
2021-11-21T23:53:23,600|[TRACE] graph - -------> nonSkippedChar
2021-11-21T23:53:23,600|[TRACE] script - #out(`T`) [token]
2021-11-21T23:53:23,600|[TRACE] graph - <------- nonSkippedChar
2021-11-21T23:53:23,600|[TRACE] graph - <----- statementPart
2021-11-21T23:53:23,600|[TRACE] graph - -----> statementPart
2021-11-21T23:53:23,600|[TRACE] graph - -------> nonSkippedChar
2021-11-21T23:53:23,600|[TRACE] script - #out(`E`) [token]
2021-11-21T23:53:23,600|[TRACE] graph - <------- nonSkippedChar
2021-11-21T23:53:23,600|[TRACE] graph - <----- statementPart
2021-11-21T23:53:23,600|[TRACE] graph - -----> statementPart
2021-11-21T23:53:23,600|[TRACE] graph - -------> nonSkippedSpace
2021-11-21T23:53:23,600|[TRACE] script - #out(` `) [token]
2021-11-21T23:53:23,600|[TRACE] graph - <------- nonSkippedSpace
2021-11-21T23:53:23,600|[TRACE] graph - <----- statementPart
2021-11-21T23:53:23,600|[TRACE] graph - -----> statementPart
2021-11-21T23:53:23,600|[TRACE] graph - -------> nonSkippedChar
2021-11-21T23:53:23,600|[TRACE] script - #out(`T`) [token]
2021-11-21T23:53:23,600|[TRACE] graph - <------- nonSkippedChar
2021-11-21T23:53:23,600|[TRACE] graph - <----- statementPart
2021-11-21T23:53:23,600|[TRACE] graph - -----> statementPart
2021-11-21T23:53:23,600|[TRACE] graph - -------> nonSkippedChar
2021-11-21T23:53:23,600|[TRACE] script - #out(`A`) [token]
2021-11-21T23:53:23,600|[TRACE] graph - <------- nonSkippedChar
2021-11-21T23:53:23,600|[TRACE] graph - <----- statementPart
2021-11-21T23:53:23,600|[TRACE] graph - -----> statementPart
2021-11-21T23:53:23,600|[TRACE] graph - -------> nonSkippedChar
2021-11-21T23:53:23,600|[TRACE] script - #out(`B`) [token]
2021-11-21T23:53:23,600|[TRACE] graph - <------- nonSkippedChar
2021-11-21T23:53:23,600|[TRACE] graph - <----- statementPart
2021-11-21T23:53:23,600|[TRACE] graph - -----> statementPart
2021-11-21T23:53:23,600|[TRACE] graph - -------> nonSkippedChar
2021-11-21T23:53:23,600|[TRACE] script - #out(`L`) [token]
2021-11-21T23:53:23,600|[TRACE] graph - <------- nonSkippedChar
2021-11-21T23:53:23,600|[TRACE] graph - <----- statementPart
2021-11-21T23:53:23,600|[TRACE] graph - -----> statementPart
2021-11-21T23:53:23,600|[TRACE] graph - -------> nonSkippedChar
2021-11-21T23:53:23,600|[TRACE] script - #out(`E`) [token]
2021-11-21T23:53:23,600|[TRACE] graph - <------- nonSkippedChar
2021-11-21T23:53:23,600|[TRACE] graph - <----- statementPart
2021-11-21T23:53:23,600|[TRACE] graph - -----> statementPart
2021-11-21T23:53:23,600|[TRACE] graph - -------> nonSkippedSpace
2021-11-21T23:53:23,600|[TRACE] script - #out(` `) [token]
2021-11-21T23:53:23,600|[TRACE] graph - <------- nonSkippedSpace
2021-11-21T23:53:23,600|[TRACE] graph - <----- statementPart
2021-11-21T23:53:23,600|[TRACE] graph - -----> statementPart
2021-11-21T23:53:23,600|[TRACE] graph - -------> nonSkippedChar
2021-11-21T23:53:23,601|[TRACE] script - #out(`I`) [token]
2021-11-21T23:53:23,601|[TRACE] graph - <------- nonSkippedChar
2021-11-21T23:53:23,601|[TRACE] graph - <----- statementPart
2021-11-21T23:53:23,601|[TRACE] graph - -----> statementPart
2021-11-21T23:53:23,601|[TRACE] graph - -------> nonSkippedChar
2021-11-21T23:53:23,601|[TRACE] script - #out(`F`) [token]
2021-11-21T23:53:23,601|[TRACE] graph - <------- nonSkippedChar
2021-11-21T23:53:23,601|[TRACE] graph - <----- statementPart
2021-11-21T23:53:23,601|[TRACE] graph - -----> statementPart
2021-11-21T23:53:23,601|[TRACE] graph - -------> nonSkippedSpace
2021-11-21T23:53:23,601|[TRACE] script - #out(` `) [token]
2021-11-21T23:53:23,601|[TRACE] graph - <------- nonSkippedSpace
2021-11-21T23:53:23,601|[TRACE] graph - <----- statementPart
2021-11-21T23:53:23,601|[TRACE] graph - -----> statementPart
2021-11-21T23:53:23,601|[TRACE] graph - -------> nonSkippedChar
2021-11-21T23:53:23,601|[TRACE] script - #out(`N`) [token]
2021-11-21T23:53:23,601|[TRACE] graph - <------- nonSkippedChar
2021-11-21T23:53:23,601|[TRACE] graph - <----- statementPart
2021-11-21T23:53:23,601|[TRACE] graph - -----> statementPart
2021-11-21T23:53:23,601|[TRACE] graph - -------> nonSkippedChar
2021-11-21T23:53:23,601|[TRACE] script - #out(`O`) [token]
2021-11-21T23:53:23,601|[TRACE] graph - <------- nonSkippedChar
2021-11-21T23:53:23,601|[TRACE] graph - <----- statementPart
2021-11-21T23:53:23,601|[TRACE] graph - -----> statementPart
2021-11-21T23:53:23,601|[TRACE] graph - -------> nonSkippedChar
2021-11-21T23:53:23,601|[TRACE] script - #out(`T`) [token]
2021-11-21T23:53:23,601|[TRACE] graph - <------- nonSkippedChar
2021-11-21T23:53:23,601|[TRACE] graph - <----- statementPart
2021-11-21T23:53:23,601|[TRACE] graph - -----> statementPart
2021-11-21T23:53:23,601|[TRACE] graph - -------> nonSkippedSpace
2021-11-21T23:53:23,601|[TRACE] script - #out(` `) [token]
2021-11-21T23:53:23,601|[TRACE] graph - <------- nonSkippedSpace
2021-11-21T23:53:23,601|[TRACE] graph - <----- statementPart
2021-11-21T23:53:23,601|[TRACE] graph - -----> statementPart
2021-11-21T23:53:23,601|[TRACE] graph - -------> nonSkippedChar
2021-11-21T23:53:23,601|[TRACE] script - #out(`E`) [token]
2021-11-21T23:53:23,601|[TRACE] graph - <------- nonSkippedChar
2021-11-21T23:53:23,601|[TRACE] graph - <----- statementPart
2021-11-21T23:53:23,601|[TRACE] graph - -----> statementPart
2021-11-21T23:53:23,601|[TRACE] graph - -------> nonSkippedChar
2021-11-21T23:53:23,601|[TRACE] script - #out(`X`) [token]
2021-11-21T23:53:23,601|[TRACE] graph - <------- nonSkippedChar
2021-11-21T23:53:23,601|[TRACE] graph - <----- statementPart
2021-11-21T23:53:23,601|[TRACE] graph - -----> statementPart
2021-11-21T23:53:23,601|[TRACE] graph - -------> nonSkippedChar
2021-11-21T23:53:23,601|[TRACE] script - #out(`I`) [token]
2021-11-21T23:53:23,601|[TRACE] graph - <------- nonSkippedChar
2021-11-21T23:53:23,601|[TRACE] graph - <----- statementPart
2021-11-21T23:53:23,601|[TRACE] graph - -----> statementPart
2021-11-21T23:53:23,601|[TRACE] graph - -------> nonSkippedChar
2021-11-21T23:53:23,601|[TRACE] script - #out(`S`) [token]
2021-11-21T23:53:23,601|[TRACE] graph - <------- nonSkippedChar
2021-11-21T23:53:23,601|[TRACE] graph - <----- statementPart
2021-11-21T23:53:23,601|[TRACE] graph - -----> statementPart
2021-11-21T23:53:23,601|[TRACE] graph - -------> nonSkippedChar
2021-11-21T23:53:23,601|[TRACE] script - #out(`T`) [token]
2021-11-21T23:53:23,601|[TRACE] graph - <------- nonSkippedChar
2021-11-21T23:53:23,601|[TRACE] graph - <----- statementPart
2021-11-21T23:53:23,601|[TRACE] graph - -----> statementPart
2021-11-21T23:53:23,601|[TRACE] graph - -------> nonSkippedChar
2021-11-21T23:53:23,601|[TRACE] script - #out(`S`) [token]
2021-11-21T23:53:23,601|[TRACE] graph - <------- nonSkippedChar
2021-11-21T23:53:23,601|[TRACE] graph - <----- statementPart
2021-11-21T23:53:23,601|[TRACE] graph - -----> statementPart
2021-11-21T23:53:23,601|[TRACE] graph - -------> nonSkippedSpace
2021-11-21T23:53:23,601|[TRACE] script - #out(` `) [token]
2021-11-21T23:53:23,601|[TRACE] graph - <------- nonSkippedSpace
2021-11-21T23:53:23,601|[TRACE] graph - <----- statementPart
2021-11-21T23:53:23,601|[TRACE] graph - -----> statementPart
2021-11-21T23:53:23,601|[TRACE] graph - -------> quotedString
2021-11-21T23:53:23,601|[TRACE] script - #out(``bloodbank``) [token]
2021-11-21T23:53:23,601|[TRACE] graph - <------- quotedString
2021-11-21T23:53:23,601|[TRACE] graph - <----- statementPart
2021-11-21T23:53:23,601|[TRACE] graph - -----> statementPart
2021-11-21T23:53:23,601|[TRACE] graph - -------> nonSkippedChar
2021-11-21T23:53:23,601|[TRACE] script - #out(`.`) [token]
2021-11-21T23:53:23,601|[TRACE] graph - <------- nonSkippedChar
2021-11-21T23:53:23,601|[TRACE] graph - <----- statementPart
2021-11-21T23:53:23,601|[TRACE] graph - -----> statementPart
2021-11-21T23:53:23,601|[TRACE] graph - -------> quotedString
2021-11-21T23:53:23,601|[TRACE] script - #out(``address``) [token]
2021-11-21T23:53:23,601|[TRACE] graph - <------- quotedString
2021-11-21T23:53:23,601|[TRACE] graph - <----- statementPart
2021-11-21T23:53:23,601|[TRACE] graph - -----> statementPart
2021-11-21T23:53:23,601|[TRACE] graph - -------> nonSkippedSpace
2021-11-21T23:53:23,601|[TRACE] script - #out(` `) [token]
2021-11-21T23:53:23,601|[TRACE] graph - <------- nonSkippedSpace
2021-11-21T23:53:23,601|[TRACE] graph - <----- statementPart
2021-11-21T23:53:23,601|[TRACE] graph - -----> statementPart
2021-11-21T23:53:23,601|[TRACE] graph - -------> nonSkippedChar
2021-11-21T23:53:23,601|[TRACE] script - #out(`(`) [token]
2021-11-21T23:53:23,601|[TRACE] graph - <------- nonSkippedChar
2021-11-21T23:53:23,601|[TRACE] graph - <----- statementPart
2021-11-21T23:53:23,601|[TRACE] graph - -----> afterStatementPartNewline
2021-11-21T23:53:23,601|[TRACE] script - #out(` `) [text]
2021-11-21T23:53:23,601|[TRACE] graph - <----- afterStatementPartNewline
2021-11-21T23:53:23,601|[TRACE] graph - -----> statementPart
2021-11-21T23:53:23,601|[TRACE] graph - -------> nonSkippedSpace
2021-11-21T23:53:23,601|[TRACE] script - #out(` `) [token]
2021-11-21T23:53:23,601|[TRACE] graph - <------- nonSkippedSpace
2021-11-21T23:53:23,601|[TRACE] graph - <----- statementPart
2021-11-21T23:53:23,601|[TRACE] graph - -----> statementPart
2021-11-21T23:53:23,601|[TRACE] graph - -------> nonSkippedSpace
2021-11-21T23:53:23,601|[TRACE] script - #out(` `) [token]
2021-11-21T23:53:23,601|[TRACE] graph - <------- nonSkippedSpace
2021-11-21T23:53:23,601|[TRACE] graph - <----- statementPart
2021-11-21T23:53:23,601|[TRACE] graph - -----> statementPart
2021-11-21T23:53:23,601|[TRACE] graph - -------> quotedString
2021-11-21T23:53:23,601|[TRACE] script - #out(``address_id``) [token]
2021-11-21T23:53:23,601|[TRACE] graph - <------- quotedString
2021-11-21T23:53:23,711|[TRACE] graph - <----- statementPart
2021-11-21T23:53:23,711|[TRACE] graph - -----> statementPart
2021-11-21T23:53:23,711|[TRACE] graph - -------> nonSkippedSpace
2021-11-21T23:53:23,711|[TRACE] script - #out(` `) [token]
2021-11-21T23:53:23,711|[TRACE] graph - <------- nonSkippedSpace
2021-11-21T23:53:23,711|[TRACE] graph - <----- statementPart
2021-11-21T23:53:23,711|[TRACE] graph - -----> statementPart
2021-11-21T23:53:23,711|[TRACE] graph - -------> nonSkippedChar
2021-11-21T23:53:23,711|[TRACE] script - #out(`I`) [token]
2021-11-21T23:53:23,711|[TRACE] graph - <------- nonSkippedChar
2021-11-21T23:53:23,711|[TRACE] graph - <----- statementPart
2021-11-21T23:53:23,711|[TRACE] graph - -----> statementPart
2021-11-21T23:53:23,711|[TRACE] graph - -------> nonSkippedChar
2021-11-21T23:53:23,711|[TRACE] script - #out(`N`) [token]
2021-11-21T23:53:23,711|[TRACE] graph - <------- nonSkippedChar
2021-11-21T23:53:23,711|[TRACE] graph - <----- statementPart
2021-11-21T23:53:23,711|[TRACE] graph - -----> statementPart
2021-11-21T23:53:23,711|[TRACE] graph - -------> nonSkippedChar
2021-11-21T23:53:23,711|[TRACE] script - #out(`T`) [token]
2021-11-21T23:53:23,711|[TRACE] graph - <------- nonSkippedChar
2021-11-21T23:53:23,711|[TRACE] graph - <----- statementPart
2021-11-21T23:53:23,711|[TRACE] graph - -----> statementPart
2021-11-21T23:53:23,711|[TRACE] graph - -------> nonSkippedSpace
2021-11-21T23:53:23,711|[TRACE] script - #out(` `) [token]
2021-11-21T23:53:23,711|[TRACE] graph - <------- nonSkippedSpace
2021-11-21T23:53:23,711|[TRACE] graph - <----- statementPart
2021-11-21T23:53:23,712|[TRACE] graph - -----> statementPart
2021-11-21T23:53:23,712|[TRACE] graph - -------> nonSkippedChar
2021-11-21T23:53:23,712|[TRACE] script - #out(`N`) [token]
2021-11-21T23:53:23,712|[TRACE] graph - <------- nonSkippedChar
2021-11-21T23:53:23,712|[TRACE] graph - <----- statementPart
2021-11-21T23:53:23,712|[TRACE] graph - -----> statementPart
2021-11-21T23:53:23,712|[TRACE] graph - -------> nonSkippedChar
2021-11-21T23:53:23,712|[TRACE] script - #out(`O`) [token]
2021-11-21T23:53:23,712|[TRACE] graph - <------- nonSkippedChar
2021-11-21T23:53:23,712|[TRACE] graph - <----- statementPart
2021-11-21T23:53:23,712|[TRACE] graph - -----> statementPart
2021-11-21T23:53:23,712|[TRACE] graph - -------> nonSkippedChar
2021-11-21T23:53:23,712|[TRACE] script - #out(`T`) [token]
2021-11-21T23:53:23,712|[TRACE] graph - <------- nonSkippedChar
2021-11-21T23:53:23,712|[TRACE] graph - <----- statementPart
2021-11-21T23:53:23,712|[TRACE] graph - -----> statementPart
2021-11-21T23:53:23,712|[TRACE] graph - -------> nonSkippedSpace
2021-11-21T23:53:23,712|[TRACE] script - #out(` `) [token]
2021-11-21T23:53:23,712|[TRACE] graph - <------- nonSkippedSpace
2021-11-21T23:53:23,712|[TRACE] graph - <----- statementPart
2021-11-21T23:53:23,712|[TRACE] graph - -----> statementPart
2021-11-21T23:53:23,712|[TRACE] graph - -------> nonSkippedChar
2021-11-21T23:53:23,712|[TRACE] script - #out(`N`) [token]
2021-11-21T23:53:23,712|[TRACE] graph - <------- nonSkippedChar
2021-11-21T23:53:23,712|[TRACE] graph - <----- statementPart
2021-11-21T23:53:23,712|[TRACE] graph - -----> statementPart
2021-11-21T23:53:23,712|[TRACE] graph - -------> nonSkippedChar
2021-11-21T23:53:23,712|[TRACE] script - #out(`U`) [token]
2021-11-21T23:53:23,712|[TRACE] graph - <------- nonSkippedChar
2021-11-21T23:53:23,712|[TRACE] graph - <----- statementPart
2021-11-21T23:53:23,712|[TRACE] graph - -----> statementPart
2021-11-21T23:53:23,712|[TRACE] graph - -------> nonSkippedChar
2021-11-21T23:53:23,712|[TRACE] script - #out(`L`) [token]
2021-11-21T23:53:23,712|[TRACE] graph - <------- nonSkippedChar
2021-11-21T23:53:23,712|[TRACE] graph - <----- statementPart
2021-11-21T23:53:23,712|[TRACE] graph - -----> statementPart
2021-11-21T23:53:23,712|[TRACE] graph - -------> nonSkippedChar
2021-11-21T23:53:23,712|[TRACE] script - #out(`L`) [token]
2021-11-21T23:53:23,712|[TRACE] graph - <------- nonSkippedChar
2021-11-21T23:53:23,712|[TRACE] graph - <----- statementPart
2021-11-21T23:53:23,712|[TRACE] graph - -----> statementPart
2021-11-21T23:53:23,712|[TRACE] graph - -------> nonSkippedSpace
2021-11-21T23:53:23,712|[TRACE] script - #out(` `) [token]
2021-11-21T23:53:23,712|[TRACE] graph - <------- nonSkippedSpace
2021-11-21T23:53:23,712|[TRACE] graph - <----- statementPart
2021-11-21T23:53:23,712|[TRACE] graph - -----> statementPart
2021-11-21T23:53:23,712|[TRACE] graph - -------> nonSkippedChar
2021-11-21T23:53:23,712|[TRACE] script - #out(`A`) [token]
2021-11-21T23:53:23,712|[TRACE] graph - <------- nonSkippedChar
2021-11-21T23:53:23,712|[TRACE] graph - <----- statementPart
2021-11-21T23:53:23,712|[TRACE] graph - -----> statementPart
2021-11-21T23:53:23,712|[TRACE] graph - -------> nonSkippedChar
2021-11-21T23:53:23,712|[TRACE] script - #out(`U`) [token]
2021-11-21T23:53:23,712|[TRACE] graph - <------- nonSkippedChar
2021-11-21T23:53:23,712|[TRACE] graph - <----- statementPart
2021-11-21T23:53:23,712|[TRACE] graph - -----> statementPart
2021-11-21T23:53:23,712|[TRACE] graph - -------> nonSkippedChar
2021-11-21T23:53:23,712|[TRACE] script - #out(`T`) [token]
2021-11-21T23:53:23,712|[TRACE] graph - <------- nonSkippedChar
2021-11-21T23:53:23,712|[TRACE] graph - <----- statementPart
2021-11-21T23:53:23,712|[TRACE] graph - -----> statementPart
2021-11-21T23:53:23,712|[TRACE] graph - -------> nonSkippedChar
2021-11-21T23:53:23,712|[TRACE] script - #out(`O`) [token]
2021-11-21T23:53:23,712|[TRACE] graph - <------- nonSkippedChar
2021-11-21T23:53:23,712|[TRACE] graph - <----- statementPart
2021-11-21T23:53:23,712|[TRACE] graph - -----> statementPart
2021-11-21T23:53:23,712|[TRACE] graph - -------> nonSkippedChar
2021-11-21T23:53:23,712|[TRACE] script - #out(`_`) [token]
2021-11-21T23:53:23,712|[TRACE] graph - <------- nonSkippedChar
2021-11-21T23:53:23,712|[TRACE] graph - <----- statementPart
2021-11-21T23:53:23,712|[TRACE] graph - -----> statementPart
2021-11-21T23:53:23,712|[TRACE] graph - -------> nonSkippedChar
2021-11-21T23:53:23,712|[TRACE] script - #out(`I`) [token]
2021-11-21T23:53:23,712|[TRACE] graph - <------- nonSkippedChar
2021-11-21T23:53:23,712|[TRACE] graph - <----- statementPart
2021-11-21T23:53:23,712|[TRACE] graph - -----> statementPart
2021-11-21T23:53:23,712|[TRACE] graph - -------> nonSkippedChar
2021-11-21T23:53:23,712|[TRACE] script - #out(`N`) [token]
2021-11-21T23:53:23,712|[TRACE] graph - <------- nonSkippedChar
2021-11-21T23:53:23,712|[TRACE] graph - <----- statementPart
2021-11-21T23:53:23,712|[TRACE] graph - -----> statementPart
2021-11-21T23:53:23,712|[TRACE] graph - -------> nonSkippedChar
2021-11-21T23:53:23,712|[TRACE] script - #out(`C`) [token]
2021-11-21T23:53:23,712|[TRACE] graph - <------- nonSkippedChar
2021-11-21T23:53:23,712|[TRACE] graph - <----- statementPart
2021-11-21T23:53:23,712|[TRACE] graph - -----> statementPart
2021-11-21T23:53:23,712|[TRACE] graph - -------> nonSkippedChar
2021-11-21T23:53:23,712|[TRACE] script - #out(`R`) [token]
2021-11-21T23:53:23,712|[TRACE] graph - <------- nonSkippedChar
2021-11-21T23:53:23,712|[TRACE] graph - <----- statementPart
2021-11-21T23:53:23,712|[TRACE] graph - -----> statementPart
2021-11-21T23:53:23,712|[TRACE] graph - -------> nonSkippedChar
2021-11-21T23:53:23,712|[TRACE] script - #out(`E`) [token]
2021-11-21T23:53:23,712|[TRACE] graph - <------- nonSkippedChar
2021-11-21T23:53:23,712|[TRACE] graph - <----- statementPart
2021-11-21T23:53:23,712|[TRACE] graph - -----> statementPart
2021-11-21T23:53:23,712|[TRACE] graph - -------> nonSkippedChar
2021-11-21T23:53:23,712|[TRACE] script - #out(`M`) [token]
2021-11-21T23:53:23,712|[TRACE] graph - <------- nonSkippedChar
2021-11-21T23:53:23,712|[TRACE] graph - <----- statementPart
2021-11-21T23:53:23,712|[TRACE] graph - -----> statementPart
2021-11-21T23:53:23,712|[TRACE] graph - -------> nonSkippedChar
2021-11-21T23:53:23,712|[TRACE] script - #out(`E`) [token]
2021-11-21T23:53:23,712|[TRACE] graph - <------- nonSkippedChar
2021-11-21T23:53:23,712|[TRACE] graph - <----- statementPart
2021-11-21T23:53:23,712|[TRACE] graph - -----> statementPart
2021-11-21T23:53:23,712|[TRACE] graph - -------> nonSkippedChar
2021-11-21T23:53:23,712|[TRACE] script - #out(`N`) [token]
2021-11-21T23:53:23,712|[TRACE] graph - <------- nonSkippedChar
2021-11-21T23:53:23,712|[TRACE] graph - <----- statementPart
2021-11-21T23:53:23,712|[TRACE] graph - -----> statementPart
2021-11-21T23:53:23,712|[TRACE] graph - -------> nonSkippedChar
2021-11-21T23:53:23,712|[TRACE] script - #out(`T`) [token]
2021-11-21T23:53:23,712|[TRACE] graph - <------- nonSkippedChar
2021-11-21T23:53:23,712|[TRACE] graph - <----- statementPart
2021-11-21T23:53:23,712|[TRACE] graph - -----> statementPart
2021-11-21T23:53:23,712|[TRACE] graph - -------> nonSkippedChar
2021-11-21T23:53:23,712|[TRACE] script - #out(`,`) [token]
2021-11-21T23:53:23,712|[TRACE] graph - <------- nonSkippedChar
2021-11-21T23:53:23,712|[TRACE] graph - <----- statementPart
2021-11-21T23:53:23,712|[TRACE] graph - -----> afterStatementPartNewline
2021-11-21T23:53:23,712|[TRACE] script - #out(` `) [text]
2021-11-21T23:53:23,712|[TRACE] graph - <----- afterStatementPartNewline
2021-11-21T23:53:23,713|[TRACE] graph - -----> statementPart
2021-11-21T23:53:23,713|[TRACE] graph - -------> nonSkippedSpace
2021-11-21T23:53:23,713|[TRACE] script - #out(` `) [token]
2021-11-21T23:53:23,713|[TRACE] graph - <------- nonSkippedSpace
2021-11-21T23:53:23,713|[TRACE] graph - <----- statementPart
2021-11-21T23:53:23,713|[TRACE] graph - -----> statementPart
2021-11-21T23:53:23,713|[TRACE] graph - -------> nonSkippedSpace
2021-11-21T23:53:23,713|[TRACE] script - #out(` `) [token]
2021-11-21T23:53:23,713|[TRACE] graph - <------- nonSkippedSpace
2021-11-21T23:53:23,713|[TRACE] graph - <----- statementPart
2021-11-21T23:53:23,713|[TRACE] graph - -----> statementPart
2021-11-21T23:53:23,713|[TRACE] graph - -------> quotedString
2021-11-21T23:53:23,713|[TRACE] script - #out(``street_number``) [token]
2021-11-21T23:53:23,713|[TRACE] graph - <------- quotedString
2021-11-21T23:53:23,713|[TRACE] graph - <----- statementPart
2021-11-21T23:53:23,713|[TRACE] graph - -----> statementPart
2021-11-21T23:53:23,713|[TRACE] graph - -------> nonSkippedSpace
2021-11-21T23:53:23,713|[TRACE] script - #out(` `) [token]
2021-11-21T23:53:23,713|[TRACE] graph - <------- nonSkippedSpace
2021-11-21T23:53:23,713|[TRACE] graph - <----- statementPart
2021-11-21T23:53:23,713|[TRACE] graph - -----> statementPart
2021-11-21T23:53:23,713|[TRACE] graph - -------> nonSkippedChar
2021-11-21T23:53:23,713|[TRACE] script - #out(`V`) [token]
2021-11-21T23:53:23,713|[TRACE] graph - <------- nonSkippedChar
2021-11-21T23:53:23,713|[TRACE] graph - <----- statementPart
2021-11-21T23:53:23,713|[TRACE] graph - -----> statementPart
2021-11-21T23:53:23,713|[TRACE] graph - -------> nonSkippedChar
2021-11-21T23:53:23,713|[TRACE] script - #out(`A`) [token]
2021-11-21T23:53:23,713|[TRACE] graph - <------- nonSkippedChar
2021-11-21T23:53:23,713|[TRACE] graph - <----- statementPart
2021-11-21T23:53:23,713|[TRACE] graph - -----> statementPart
2021-11-21T23:53:23,713|[TRACE] graph - -------> nonSkippedChar
2021-11-21T23:53:23,713|[TRACE] script - #out(`R`) [token]
2021-11-21T23:53:23,713|[TRACE] graph - <------- nonSkippedChar
2021-11-21T23:53:23,713|[TRACE] graph - <----- statementPart
2021-11-21T23:53:23,713|[TRACE] graph - -----> statementPart
2021-11-21T23:53:23,713|[TRACE] graph - -------> nonSkippedChar
2021-11-21T23:53:23,713|[TRACE] script - #out(`C`) [token]
2021-11-21T23:53:23,713|[TRACE] graph - <------- nonSkippedChar
2021-11-21T23:53:23,713|[TRACE] graph - <----- statementPart
2021-11-21T23:53:23,713|[TRACE] graph - -----> statementPart
2021-11-21T23:53:23,713|[TRACE] graph - -------> nonSkippedChar
2021-11-21T23:53:23,713|[TRACE] script - #out(`H`) [token]
2021-11-21T23:53:23,713|[TRACE] graph - <------- nonSkippedChar
2021-11-21T23:53:23,713|[TRACE] graph - <----- statementPart
2021-11-21T23:53:23,713|[TRACE] graph - -----> statementPart
2021-11-21T23:53:23,713|[TRACE] graph - -------> nonSkippedChar
2021-11-21T23:53:23,713|[TRACE] script - #out(`A`) [token]
2021-11-21T23:53:23,713|[TRACE] graph - <------- nonSkippedChar
2021-11-21T23:53:23,713|[TRACE] graph - <----- statementPart
2021-11-21T23:53:23,713|[TRACE] graph - -----> statementPart
2021-11-21T23:53:23,713|[TRACE] graph - -------> nonSkippedChar
2021-11-21T23:53:23,713|[TRACE] script - #out(`R`) [token]
2021-11-21T23:53:23,713|[TRACE] graph - <------- nonSkippedChar
2021-11-21T23:53:23,713|[TRACE] graph - <----- statementPart
2021-11-21T23:53:23,713|[TRACE] graph - -----> statementPart
2021-11-21T23:53:23,713|[TRACE] graph - -------> nonSkippedChar
2021-11-21T23:53:23,713|[TRACE] script - #out(`(`) [token]
2021-11-21T23:53:23,713|[TRACE] graph - <------- nonSkippedChar
2021-11-21T23:53:23,713|[TRACE] graph - <----- statementPart
2021-11-21T23:53:23,713|[TRACE] graph - -----> statementPart
2021-11-21T23:53:23,713|[TRACE] graph - -------> nonSkippedChar
2021-11-21T23:53:23,713|[TRACE] script - #out(`1`) [token]
2021-11-21T23:53:23,713|[TRACE] graph - <------- nonSkippedChar
2021-11-21T23:53:23,713|[TRACE] graph - <----- statementPart
2021-11-21T23:53:23,713|[TRACE] graph - -----> statementPart
2021-11-21T23:53:23,713|[TRACE] graph - -------> nonSkippedChar
2021-11-21T23:53:23,713|[TRACE] script - #out(`0`) [token]
2021-11-21T23:53:23,713|[TRACE] graph - <------- nonSkippedChar
2021-11-21T23:53:23,713|[TRACE] graph - <----- statementPart
2021-11-21T23:53:23,713|[TRACE] graph - -----> statementPart
2021-11-21T23:53:23,713|[TRACE] graph - -------> nonSkippedChar
2021-11-21T23:53:23,713|[TRACE] script - #out(`)`) [token]
2021-11-21T23:53:23,713|[TRACE] graph - <------- nonSkippedChar
2021-11-21T23:53:23,713|[TRACE] graph - <----- statementPart
2021-11-21T23:53:23,713|[TRACE] graph - -----> statementPart
2021-11-21T23:53:23,713|[TRACE] graph - -------> nonSkippedSpace
2021-11-21T23:53:23,713|[TRACE] script - #out(` `) [token]
2021-11-21T23:53:23,713|[TRACE] graph - <------- nonSkippedSpace
2021-11-21T23:53:23,713|[TRACE] graph - <----- statementPart
2021-11-21T23:53:23,713|[TRACE] graph - -----> statementPart
2021-11-21T23:53:23,713|[TRACE] graph - -------> nonSkippedChar
2021-11-21T23:53:23,713|[TRACE] script - #out(`N`) [token]
2021-11-21T23:53:23,713|[TRACE] graph - <------- nonSkippedChar
2021-11-21T23:53:23,713|[TRACE] graph - <----- statementPart
2021-11-21T23:53:23,713|[TRACE] graph - -----> statementPart
2021-11-21T23:53:23,713|[TRACE] graph - -------> nonSkippedChar
2021-11-21T23:53:23,713|[TRACE] script - #out(`O`) [token]
2021-11-21T23:53:23,713|[TRACE] graph - <------- nonSkippedChar
2021-11-21T23:53:23,713|[TRACE] graph - <----- statementPart
2021-11-21T23:53:23,713|[TRACE] graph - -----> statementPart
2021-11-21T23:53:23,713|[TRACE] graph - -------> nonSkippedChar
2021-11-21T23:53:23,713|[TRACE] script - #out(`T`) [token]
2021-11-21T23:53:23,713|[TRACE] graph - <------- nonSkippedChar
2021-11-21T23:53:23,713|[TRACE] graph - <----- statementPart
2021-11-21T23:53:23,713|[TRACE] graph - -----> statementPart
2021-11-21T23:53:23,713|[TRACE] graph - -------> nonSkippedSpace
2021-11-21T23:53:23,713|[TRACE] script - #out(` `) [token]
2021-11-21T23:53:23,713|[TRACE] graph - <------- nonSkippedSpace
2021-11-21T23:53:23,713|[TRACE] graph - <----- statementPart
2021-11-21T23:53:23,713|[TRACE] graph - -----> statementPart
2021-11-21T23:53:23,713|[TRACE] graph - -------> nonSkippedChar
2021-11-21T23:53:23,713|[TRACE] script - #out(`N`) [token]
2021-11-21T23:53:23,713|[TRACE] graph - <------- nonSkippedChar
2021-11-21T23:53:23,713|[TRACE] graph - <----- statementPart
2021-11-21T23:53:23,713|[TRACE] graph - -----> statementPart
2021-11-21T23:53:23,713|[TRACE] graph - -------> nonSkippedChar
2021-11-21T23:53:23,713|[TRACE] script - #out(`U`) [token]
2021-11-21T23:53:23,713|[TRACE] graph - <------- nonSkippedChar
2021-11-21T23:53:23,713|[TRACE] graph - <----- statementPart
2021-11-21T23:53:23,713|[TRACE] graph - -----> statementPart
2021-11-21T23:53:23,713|[TRACE] graph - -------> nonSkippedChar
2021-11-21T23:53:23,713|[TRACE] script - #out(`L`) [token]
2021-11-21T23:53:23,713|[TRACE] graph - <------- nonSkippedChar
2021-11-21T23:53:23,713|[TRACE] graph - <----- statementPart
2021-11-21T23:53:23,713|[TRACE] graph - -----> statementPart
2021-11-21T23:53:23,713|[TRACE] graph - -------> nonSkippedChar
2021-11-21T23:53:23,713|[TRACE] script - #out(`L`) [token]
2021-11-21T23:53:23,713|[TRACE] graph - <------- nonSkippedChar
2021-11-21T23:53:23,713|[TRACE] graph - <----- statementPart
2021-11-21T23:53:23,713|[TRACE] graph - -----> statementPart
2021-11-21T23:53:23,713|[TRACE] graph - -------> nonSkippedChar
2021-11-21T23:53:23,713|[TRACE] script - #out(`,`) [token]
2021-11-21T23:53:23,713|[TRACE] graph - <------- nonSkippedChar
2021-11-21T23:53:23,713|[TRACE] graph - <----- statementPart
2021-11-21T23:53:23,713|[TRACE] graph - -----> afterStatementPartNewline
2021-11-21T23:53:23,713|[TRACE] script - #out(` `) [text]
2021-11-21T23:53:23,714|[TRACE] graph - <----- afterStatementPartNewline
2021-11-21T23:53:23,714|[TRACE] graph - -----> statementPart
2021-11-21T23:53:23,714|[TRACE] graph - -------> nonSkippedSpace
2021-11-21T23:53:23,714|[TRACE] script - #out(` `) [token]
2021-11-21T23:53:23,714|[TRACE] graph - <------- nonSkippedSpace
2021-11-21T23:53:23,714|[TRACE] graph - <----- statementPart
2021-11-21T23:53:23,714|[TRACE] graph - -----> statementPart
2021-11-21T23:53:23,714|[TRACE] graph - -------> nonSkippedSpace
2021-11-21T23:53:23,714|[TRACE] script - #out(` `) [token]
2021-11-21T23:53:23,714|[TRACE] graph - <------- nonSkippedSpace
2021-11-21T23:53:23,714|[TRACE] graph - <----- statementPart
2021-11-21T23:53:23,714|[TRACE] graph - -----> statementPart
2021-11-21T23:53:23,714|[TRACE] graph - -------> quotedString
2021-11-21T23:53:23,714|[TRACE] script - #out(``street``) [token]
2021-11-21T23:53:23,714|[TRACE] graph - <------- quotedString
2021-11-21T23:53:23,714|[TRACE] graph - <----- statementPart
2021-11-21T23:53:23,714|[TRACE] graph - -----> statementPart
2021-11-21T23:53:23,714|[TRACE] graph - -------> nonSkippedSpace
2021-11-21T23:53:23,714|[TRACE] script - #out(` `) [token]
2021-11-21T23:53:23,714|[TRACE] graph - <------- nonSkippedSpace
2021-11-21T23:53:23,714|[TRACE] graph - <----- statementPart
2021-11-21T23:53:23,714|[TRACE] graph - -----> statementPart
2021-11-21T23:53:23,714|[TRACE] graph - -------> nonSkippedChar
2021-11-21T23:53:23,714|[TRACE] script - #out(`V`) [token]
2021-11-21T23:53:23,714|[TRACE] graph - <------- nonSkippedChar
2021-11-21T23:53:23,714|[TRACE] graph - <----- statementPart
2021-11-21T23:53:23,714|[TRACE] graph - -----> statementPart
2021-11-21T23:53:23,714|[TRACE] graph - -------> nonSkippedChar
2021-11-21T23:53:23,714|[TRACE] script - #out(`A`) [token]
2021-11-21T23:53:23,714|[TRACE] graph - <------- nonSkippedChar
2021-11-21T23:53:23,714|[TRACE] graph - <----- statementPart
2021-11-21T23:53:23,714|[TRACE] graph - -----> statementPart
2021-11-21T23:53:23,714|[TRACE] graph - -------> nonSkippedChar
2021-11-21T23:53:23,714|[TRACE] script - #out(`R`) [token]
2021-11-21T23:53:23,714|[TRACE] graph - <------- nonSkippedChar
2021-11-21T23:53:23,714|[TRACE] graph - <----- statementPart
2021-11-21T23:53:23,714|[TRACE] graph - -----> statementPart
2021-11-21T23:53:23,714|[TRACE] graph - -------> nonSkippedChar
2021-11-21T23:53:23,714|[TRACE] script - #out(`C`) [token]
2021-11-21T23:53:23,714|[TRACE] graph - <------- nonSkippedChar
2021-11-21T23:53:23,714|[TRACE] graph - <----- statementPart
2021-11-21T23:53:23,714|[TRACE] graph - -----> statementPart
2021-11-21T23:53:23,714|[TRACE] graph - -------> nonSkippedChar
2021-11-21T23:53:23,714|[TRACE] script - #out(`H`) [token]
2021-11-21T23:53:23,714|[TRACE] graph - <------- nonSkippedChar
2021-11-21T23:53:23,714|[TRACE] graph - <----- statementPart
2021-11-21T23:53:23,714|[TRACE] graph - -----> statementPart
2021-11-21T23:53:23,714|[TRACE] graph - -------> nonSkippedChar
2021-11-21T23:53:23,714|[TRACE] script - #out(`A`) [token]
2021-11-21T23:53:23,714|[TRACE] graph - <------- nonSkippedChar
2021-11-21T23:53:23,714|[TRACE] graph - <----- statementPart
2021-11-21T23:53:23,714|[TRACE] graph - -----> statementPart
2021-11-21T23:53:23,714|[TRACE] graph - -------> nonSkippedChar
2021-11-21T23:53:23,714|[TRACE] script - #out(`R`) [token]
2021-11-21T23:53:23,714|[TRACE] graph - <------- nonSkippedChar
2021-11-21T23:53:23,714|[TRACE] graph - <----- statementPart
2021-11-21T23:53:23,714|[TRACE] graph - -----> statementPart
2021-11-21T23:53:23,714|[TRACE] graph - -------> nonSkippedChar
2021-11-21T23:53:23,714|[TRACE] script - #out(`(`) [token]
2021-11-21T23:53:23,714|[TRACE] graph - <------- nonSkippedChar
2021-11-21T23:53:23,714|[TRACE] graph - <----- statementPart
2021-11-21T23:53:23,714|[TRACE] graph - -----> statementPart
2021-11-21T23:53:23,714|[TRACE] graph - -------> nonSkippedChar
2021-11-21T23:53:23,714|[TRACE] script - #out(`1`) [token]
2021-11-21T23:53:23,714|[TRACE] graph - <------- nonSkippedChar
2021-11-21T23:53:23,714|[TRACE] graph - <----- statementPart
2021-11-21T23:53:23,714|[TRACE] graph - -----> statementPart
2021-11-21T23:53:23,714|[TRACE] graph - -------> nonSkippedChar
2021-11-21T23:53:23,714|[TRACE] script - #out(`0`) [token]
2021-11-21T23:53:23,714|[TRACE] graph - <------- nonSkippedChar
2021-11-21T23:53:23,714|[TRACE] graph - <----- statementPart
2021-11-21T23:53:23,714|[TRACE] graph - -----> statementPart
2021-11-21T23:53:23,714|[TRACE] graph - -------> nonSkippedChar
2021-11-21T23:53:23,714|[TRACE] script - #out(`0`) [token]
2021-11-21T23:53:23,714|[TRACE] graph - <------- nonSkippedChar
2021-11-21T23:53:23,714|[TRACE] graph - <----- statementPart
2021-11-21T23:53:23,714|[TRACE] graph - -----> statementPart
2021-11-21T23:53:23,714|[TRACE] graph - -------> nonSkippedChar
2021-11-21T23:53:23,714|[TRACE] script - #out(`)`) [token]
2021-11-21T23:53:23,714|[TRACE] graph - <------- nonSkippedChar
2021-11-21T23:53:23,714|[TRACE] graph - <----- statementPart
2021-11-21T23:53:23,714|[TRACE] graph - -----> statementPart
2021-11-21T23:53:23,714|[TRACE] graph - -------> nonSkippedSpace
2021-11-21T23:53:23,714|[TRACE] script - #out(` `) [token]
2021-11-21T23:53:23,714|[TRACE] graph - <------- nonSkippedSpace
2021-11-21T23:53:23,714|[TRACE] graph - <----- statementPart
2021-11-21T23:53:23,714|[TRACE] graph - -----> statementPart
2021-11-21T23:53:23,714|[TRACE] graph - -------> nonSkippedChar
2021-11-21T23:53:23,714|[TRACE] script - #out(`N`) [token]
2021-11-21T23:53:23,714|[TRACE] graph - <------- nonSkippedChar
2021-11-21T23:53:23,714|[TRACE] graph - <----- statementPart
2021-11-21T23:53:23,714|[TRACE] graph - -----> statementPart
2021-11-21T23:53:23,714|[TRACE] graph - -------> nonSkippedChar
2021-11-21T23:53:23,714|[TRACE] script - #out(`O`) [token]
2021-11-21T23:53:23,714|[TRACE] graph - <------- nonSkippedChar
2021-11-21T23:53:23,714|[TRACE] graph - <----- statementPart
2021-11-21T23:53:23,714|[TRACE] graph - -----> statementPart
2021-11-21T23:53:23,714|[TRACE] graph - -------> nonSkippedChar
2021-11-21T23:53:23,714|[TRACE] script - #out(`T`) [token]
2021-11-21T23:53:23,714|[TRACE] graph - <------- nonSkippedChar
2021-11-21T23:53:23,714|[TRACE] graph - <----- statementPart
2021-11-21T23:53:23,714|[TRACE] graph - -----> statementPart
2021-11-21T23:53:23,714|[TRACE] graph - -------> nonSkippedSpace
2021-11-21T23:53:23,714|[TRACE] script - #out(` `) [token]
2021-11-21T23:53:23,714|[TRACE] graph - <------- nonSkippedSpace
2021-11-21T23:53:23,714|[TRACE] graph - <----- statementPart
2021-11-21T23:53:23,714|[TRACE] graph - -----> statementPart
2021-11-21T23:53:23,714|[TRACE] graph - -------> nonSkippedChar
2021-11-21T23:53:23,714|[TRACE] script - #out(`N`) [token]
2021-11-21T23:53:23,714|[TRACE] graph - <------- nonSkippedChar
2021-11-21T23:53:23,714|[TRACE] graph - <----- statementPart
2021-11-21T23:53:23,714|[TRACE] graph - -----> statementPart
2021-11-21T23:53:23,714|[TRACE] graph - -------> nonSkippedChar
2021-11-21T23:53:23,714|[TRACE] script - #out(`U`) [token]
2021-11-21T23:53:23,714|[TRACE] graph - <------- nonSkippedChar
2021-11-21T23:53:23,714|[TRACE] graph - <----- statementPart
2021-11-21T23:53:23,714|[TRACE] graph - -----> statementPart
2021-11-21T23:53:23,714|[TRACE] graph - -------> nonSkippedChar
2021-11-21T23:53:23,714|[TRACE] script - #out(`L`) [token]
2021-11-21T23:53:23,714|[TRACE] graph - <------- nonSkippedChar
2021-11-21T23:53:23,714|[TRACE] graph - <----- statementPart
2021-11-21T23:53:23,714|[TRACE] graph - -----> statementPart
2021-11-21T23:53:23,714|[TRACE] graph - -------> nonSkippedChar
2021-11-21T23:53:23,715|[TRACE] script - #out(`L`) [token]
2021-11-21T23:53:23,715|[TRACE] graph - <------- nonSkippedChar
2021-11-21T23:53:23,715|[TRACE] graph - <----- statementPart
2021-11-21T23:53:23,715|[TRACE] graph - -----> statementPart
2021-11-21T23:53:23,715|[TRACE] graph - -------> nonSkippedChar
2021-11-21T23:53:23,715|[TRACE] script - #out(`,`) [token]
2021-11-21T23:53:23,715|[TRACE] graph - <------- nonSkippedChar
2021-11-21T23:53:23,715|[TRACE] graph - <----- statementPart
2021-11-21T23:53:23,715|[TRACE] graph - -----> afterStatementPartNewline
2021-11-21T23:53:23,715|[TRACE] script - #out(` `) [text]
2021-11-21T23:53:23,715|[TRACE] graph - <----- afterStatementPartNewline
2021-11-21T23:53:23,715|[TRACE] graph - -----> statementPart
2021-11-21T23:53:23,715|[TRACE] graph - -------> nonSkippedSpace
2021-11-21T23:53:23,715|[TRACE] script - #out(` `) [token]
2021-11-21T23:53:23,715|[TRACE] graph - <------- nonSkippedSpace
2021-11-21T23:53:23,715|[TRACE] graph - <----- statementPart
2021-11-21T23:53:23,715|[TRACE] graph - -----> statementPart
2021-11-21T23:53:23,715|[TRACE] graph - -------> nonSkippedSpace
2021-11-21T23:53:23,715|[TRACE] script - #out(` `) [token]
2021-11-21T23:53:23,715|[TRACE] graph - <------- nonSkippedSpace
2021-11-21T23:53:23,715|[TRACE] graph - <----- statementPart
2021-11-21T23:53:23,715|[TRACE] graph - -----> statementPart
2021-11-21T23:53:23,715|[TRACE] graph - -------> quotedString
2021-11-21T23:53:23,715|[TRACE] script - #out(``city``) [token]
2021-11-21T23:53:23,715|[TRACE] graph - <------- quotedString
2021-11-21T23:53:23,715|[TRACE] graph - <----- statementPart
2021-11-21T23:53:23,715|[TRACE] graph - -----> statementPart
2021-11-21T23:53:23,715|[TRACE] graph - -------> nonSkippedSpace
2021-11-21T23:53:23,715|[TRACE] script - #out(` `) [token]
2021-11-21T23:53:23,715|[TRACE] graph - <------- nonSkippedSpace
2021-11-21T23:53:23,715|[TRACE] graph - <----- statementPart
2021-11-21T23:53:23,715|[TRACE] graph - -----> statementPart
2021-11-21T23:53:23,715|[TRACE] graph - -------> nonSkippedChar
2021-11-21T23:53:23,715|[TRACE] script - #out(`V`) [token]
2021-11-21T23:53:23,715|[TRACE] graph - <------- nonSkippedChar
2021-11-21T23:53:23,715|[TRACE] graph - <----- statementPart
2021-11-21T23:53:23,715|[TRACE] graph - -----> statementPart
2021-11-21T23:53:23,715|[TRACE] graph - -------> nonSkippedChar
2021-11-21T23:53:23,715|[TRACE] script - #out(`A`) [token]
2021-11-21T23:53:23,715|[TRACE] graph - <------- nonSkippedChar
2021-11-21T23:53:23,715|[TRACE] graph - <----- statementPart
2021-11-21T23:53:23,715|[TRACE] graph - -----> statementPart
2021-11-21T23:53:23,715|[TRACE] graph - -------> nonSkippedChar
2021-11-21T23:53:23,715|[TRACE] script - #out(`R`) [token]
2021-11-21T23:53:23,715|[TRACE] graph - <------- nonSkippedChar
2021-11-21T23:53:23,715|[TRACE] graph - <----- statementPart
2021-11-21T23:53:23,715|[TRACE] graph - -----> statementPart
2021-11-21T23:53:23,715|[TRACE] graph - -------> nonSkippedChar
2021-11-21T23:53:23,715|[TRACE] script - #out(`C`) [token]
2021-11-21T23:53:23,715|[TRACE] graph - <------- nonSkippedChar
2021-11-21T23:53:23,715|[TRACE] graph - <----- statementPart
2021-11-21T23:53:23,715|[TRACE] graph - -----> statementPart
2021-11-21T23:53:23,715|[TRACE] graph - -------> nonSkippedChar
2021-11-21T23:53:23,715|[TRACE] script - #out(`H`) [token]
2021-11-21T23:53:23,715|[TRACE] graph - <------- nonSkippedChar
2021-11-21T23:53:23,715|[TRACE] graph - <----- statementPart
2021-11-21T23:53:23,715|[TRACE] graph - -----> statementPart
2021-11-21T23:53:23,715|[TRACE] graph - -------> nonSkippedChar
2021-11-21T23:53:23,715|[TRACE] script - #out(`A`) [token]
2021-11-21T23:53:23,715|[TRACE] graph - <------- nonSkippedChar
2021-11-21T23:53:23,715|[TRACE] graph - <----- statementPart
2021-11-21T23:53:23,715|[TRACE] graph - -----> statementPart
2021-11-21T23:53:23,715|[TRACE] graph - -------> nonSkippedChar
2021-11-21T23:53:23,715|[TRACE] script - #out(`R`) [token]
2021-11-21T23:53:23,715|[TRACE] graph - <------- nonSkippedChar
2021-11-21T23:53:23,759|[TRACE] graph - <----- statementPart
2021-11-21T23:53:23,759|[TRACE] graph - -----> statementPart
2021-11-21T23:53:23,759|[TRACE] graph - -------> nonSkippedChar
2021-11-21T23:53:23,759|[TRACE] script - #out(`(`) [token]
2021-11-21T23:53:23,759|[TRACE] graph - <------- nonSkippedChar
2021-11-21T23:53:23,759|[TRACE] graph - <----- statementPart
2021-11-21T23:53:23,759|[TRACE] graph - -----> statementPart
2021-11-21T23:53:23,759|[TRACE] graph - -------> nonSkippedChar
2021-11-21T23:53:23,759|[TRACE] script - #out(`1`) [token]
2021-11-21T23:53:23,759|[TRACE] graph - <------- nonSkippedChar
2021-11-21T23:53:23,759|[TRACE] graph - <----- statementPart
2021-11-21T23:53:23,759|[TRACE] graph - -----> statementPart
2021-11-21T23:53:23,759|[TRACE] graph - -------> nonSkippedChar
2021-11-21T23:53:23,759|[TRACE] script - #out(`0`) [token]
2021-11-21T23:53:23,759|[TRACE] graph - <------- nonSkippedChar
2021-11-21T23:53:23,759|[TRACE] graph - <----- statementPart
2021-11-21T23:53:23,759|[TRACE] graph - -----> statementPart
2021-11-21T23:53:23,759|[TRACE] graph - -------> nonSkippedChar
2021-11-21T23:53:23,759|[TRACE] script - #out(`0`) [token]
2021-11-21T23:53:23,759|[TRACE] graph - <------- nonSkippedChar
2021-11-21T23:53:23,759|[TRACE] graph - <----- statementPart
2021-11-21T23:53:23,759|[TRACE] graph - -----> statementPart
2021-11-21T23:53:23,759|[TRACE] graph - -------> nonSkippedChar
2021-11-21T23:53:23,759|[TRACE] script - #out(`)`) [token]
2021-11-21T23:53:23,759|[TRACE] graph - <------- nonSkippedChar
2021-11-21T23:53:23,759|[TRACE] graph - <----- statementPart
2021-11-21T23:53:23,759|[TRACE] graph - -----> statementPart
2021-11-21T23:53:23,759|[TRACE] graph - -------> nonSkippedSpace
2021-11-21T23:53:23,759|[TRACE] script - #out(` `) [token]
2021-11-21T23:53:23,759|[TRACE] graph - <------- nonSkippedSpace
2021-11-21T23:53:23,759|[TRACE] graph - <----- statementPart
2021-11-21T23:53:23,759|[TRACE] graph - -----> statementPart
2021-11-21T23:53:23,759|[TRACE] graph - -------> nonSkippedChar
2021-11-21T23:53:23,759|[TRACE] script - #out(`N`) [token]
2021-11-21T23:53:23,759|[TRACE] graph - <------- nonSkippedChar
2021-11-21T23:53:23,759|[TRACE] graph - <----- statementPart
2021-11-21T23:53:23,759|[TRACE] graph - -----> statementPart
2021-11-21T23:53:23,759|[TRACE] graph - -------> nonSkippedChar
2021-11-21T23:53:23,759|[TRACE] script - #out(`O`) [token]
2021-11-21T23:53:23,759|[TRACE] graph - <------- nonSkippedChar
2021-11-21T23:53:23,759|[TRACE] graph - <----- statementPart
2021-11-21T23:53:23,759|[TRACE] graph - -----> statementPart
2021-11-21T23:53:23,759|[TRACE] graph - -------> nonSkippedChar
2021-11-21T23:53:23,759|[TRACE] script - #out(`T`) [token]
2021-11-21T23:53:23,759|[TRACE] graph - <------- nonSkippedChar
2021-11-21T23:53:23,759|[TRACE] graph - <----- statementPart
2021-11-21T23:53:23,759|[TRACE] graph - -----> statementPart
2021-11-21T23:53:23,759|[TRACE] graph - -------> nonSkippedSpace
2021-11-21T23:53:23,759|[TRACE] script - #out(` `) [token]
2021-11-21T23:53:23,759|[TRACE] graph - <------- nonSkippedSpace
2021-11-21T23:53:23,759|[TRACE] graph - <----- statementPart
2021-11-21T23:53:23,760|[TRACE] graph - -----> statementPart
2021-11-21T23:53:23,760|[TRACE] graph - -------> nonSkippedChar
2021-11-21T23:53:23,760|[TRACE] script - #out(`N`) [token]
2021-11-21T23:53:23,760|[TRACE] graph - <------- nonSkippedChar
2021-11-21T23:53:23,760|[TRACE] graph - <----- statementPart
2021-11-21T23:53:23,760|[TRACE] graph - -----> statementPart
2021-11-21T23:53:23,760|[TRACE] graph - -------> nonSkippedChar
2021-11-21T23:53:23,760|[TRACE] script - #out(`U`) [token]
2021-11-21T23:53:23,760|[TRACE] graph - <------- nonSkippedChar
2021-11-21T23:53:23,760|[TRACE] graph - <----- statementPart
2021-11-21T23:53:23,760|[TRACE] graph - -----> statementPart
2021-11-21T23:53:23,760|[TRACE] graph - -------> nonSkippedChar
2021-11-21T23:53:23,760|[TRACE] script - #out(`L`) [token]
2021-11-21T23:53:23,760|[TRACE] graph - <------- nonSkippedChar
2021-11-21T23:53:23,760|[TRACE] graph - <----- statementPart
2021-11-21T23:53:23,760|[TRACE] graph - -----> statementPart
2021-11-21T23:53:23,760|[TRACE] graph - -------> nonSkippedChar
2021-11-21T23:53:23,760|[TRACE] script - #out(`L`) [token]
2021-11-21T23:53:23,760|[TRACE] graph - <------- nonSkippedChar
2021-11-21T23:53:23,760|[TRACE] graph - <----- statementPart
2021-11-21T23:53:23,760|[TRACE] graph - -----> statementPart
2021-11-21T23:53:23,760|[TRACE] graph - -------> nonSkippedChar
2021-11-21T23:53:23,760|[TRACE] script - #out(`,`) [token]
2021-11-21T23:53:23,760|[TRACE] graph - <------- nonSkippedChar
2021-11-21T23:53:23,760|[TRACE] graph - <----- statementPart
2021-11-21T23:53:23,760|[TRACE] graph - -----> afterStatementPartNewline
2021-11-21T23:53:23,760|[TRACE] script - #out(` `) [text]
2021-11-21T23:53:23,760|[TRACE] graph - <----- afterStatementPartNewline
2021-11-21T23:53:23,760|[TRACE] graph - -----> statementPart
2021-11-21T23:53:23,760|[TRACE] graph - -------> nonSkippedSpace
2021-11-21T23:53:23,760|[TRACE] script - #out(` `) [token]
2021-11-21T23:53:23,760|[TRACE] graph - <------- nonSkippedSpace
2021-11-21T23:53:23,760|[TRACE] graph - <----- statementPart
2021-11-21T23:53:23,760|[TRACE] graph - -----> statementPart
2021-11-21T23:53:23,760|[TRACE] graph - -------> nonSkippedSpace
2021-11-21T23:53:23,760|[TRACE] script - #out(` `) [token]
2021-11-21T23:53:23,760|[TRACE] graph - <------- nonSkippedSpace
2021-11-21T23:53:23,760|[TRACE] graph - <----- statementPart
2021-11-21T23:53:23,760|[TRACE] graph - -----> statementPart
2021-11-21T23:53:23,760|[TRACE] graph - -------> quotedString
2021-11-21T23:53:23,760|[TRACE] script - #out(``province``) [token]
2021-11-21T23:53:23,760|[TRACE] graph - <------- quotedString
2021-11-21T23:53:23,760|[TRACE] graph - <----- statementPart
2021-11-21T23:53:23,760|[TRACE] graph - -----> statementPart
2021-11-21T23:53:23,760|[TRACE] graph - -------> nonSkippedSpace
2021-11-21T23:53:23,760|[TRACE] script - #out(` `) [token]
2021-11-21T23:53:23,760|[TRACE] graph - <------- nonSkippedSpace
2021-11-21T23:53:23,760|[TRACE] graph - <----- statementPart
2021-11-21T23:53:23,760|[TRACE] graph - -----> statementPart
2021-11-21T23:53:23,760|[TRACE] graph - -------> nonSkippedChar
2021-11-21T23:53:23,760|[TRACE] script - #out(`V`) [token]
2021-11-21T23:53:23,760|[TRACE] graph - <------- nonSkippedChar
2021-11-21T23:53:23,760|[TRACE] graph - <----- statementPart
2021-11-21T23:53:23,760|[TRACE] graph - -----> statementPart
2021-11-21T23:53:23,760|[TRACE] graph - -------> nonSkippedChar
2021-11-21T23:53:23,760|[TRACE] script - #out(`A`) [token]
2021-11-21T23:53:23,760|[TRACE] graph - <------- nonSkippedChar
2021-11-21T23:53:23,760|[TRACE] graph - <----- statementPart
2021-11-21T23:53:23,760|[TRACE] graph - -----> statementPart
2021-11-21T23:53:23,760|[TRACE] graph - -------> nonSkippedChar
2021-11-21T23:53:23,760|[TRACE] script - #out(`R`) [token]
2021-11-21T23:53:23,760|[TRACE] graph - <------- nonSkippedChar
2021-11-21T23:53:23,760|[TRACE] graph - <----- statementPart
2021-11-21T23:53:23,760|[TRACE] graph - -----> statementPart
2021-11-21T23:53:23,760|[TRACE] graph - -------> nonSkippedChar
2021-11-21T23:53:23,760|[TRACE] script - #out(`C`) [token]
2021-11-21T23:53:23,760|[TRACE] graph - <------- nonSkippedChar
2021-11-21T23:53:23,760|[TRACE] graph - <----- statementPart
2021-11-21T23:53:23,760|[TRACE] graph - -----> statementPart
2021-11-21T23:53:23,760|[TRACE] graph - -------> nonSkippedChar
2021-11-21T23:53:23,760|[TRACE] script - #out(`H`) [token]
2021-11-21T23:53:23,760|[TRACE] graph - <------- nonSkippedChar
2021-11-21T23:53:23,760|[TRACE] graph - <----- statementPart
2021-11-21T23:53:23,760|[TRACE] graph - -----> statementPart
2021-11-21T23:53:23,760|[TRACE] graph - -------> nonSkippedChar
2021-11-21T23:53:23,760|[TRACE] script - #out(`A`) [token]
2021-11-21T23:53:23,760|[TRACE] graph - <------- nonSkippedChar
2021-11-21T23:53:23,760|[TRACE] graph - <----- statementPart
2021-11-21T23:53:23,760|[TRACE] graph - -----> statementPart
2021-11-21T23:53:23,760|[TRACE] graph - -------> nonSkippedChar
2021-11-21T23:53:23,760|[TRACE] script - #out(`R`) [token]
2021-11-21T23:53:23,760|[TRACE] graph - <------- nonSkippedChar
2021-11-21T23:53:23,760|[TRACE] graph - <----- statementPart
2021-11-21T23:53:23,760|[TRACE] graph - -----> statementPart
2021-11-21T23:53:23,760|[TRACE] graph - -------> nonSkippedChar
2021-11-21T23:53:23,760|[TRACE] script - #out(`(`) [token]
2021-11-21T23:53:23,760|[TRACE] graph - <------- nonSkippedChar
2021-11-21T23:53:23,760|[TRACE] graph - <----- statementPart
2021-11-21T23:53:23,760|[TRACE] graph - -----> statementPart
2021-11-21T23:53:23,760|[TRACE] graph - -------> nonSkippedChar
2021-11-21T23:53:23,760|[TRACE] script - #out(`1`) [token]
2021-11-21T23:53:23,760|[TRACE] graph - <------- nonSkippedChar
2021-11-21T23:53:23,760|[TRACE] graph - <----- statementPart
2021-11-21T23:53:23,760|[TRACE] graph - -----> statementPart
2021-11-21T23:53:23,760|[TRACE] graph - -------> nonSkippedChar
2021-11-21T23:53:23,760|[TRACE] script - #out(`0`) [token]
2021-11-21T23:53:23,760|[TRACE] graph - <------- nonSkippedChar
2021-11-21T23:53:23,760|[TRACE] graph - <----- statementPart
2021-11-21T23:53:23,760|[TRACE] graph - -----> statementPart
2021-11-21T23:53:23,760|[TRACE] graph - -------> nonSkippedChar
2021-11-21T23:53:23,760|[TRACE] script - #out(`0`) [token]
2021-11-21T23:53:23,760|[TRACE] graph - <------- nonSkippedChar
2021-11-21T23:53:23,760|[TRACE] graph - <----- statementPart
2021-11-21T23:53:23,760|[TRACE] graph - -----> statementPart
2021-11-21T23:53:23,760|[TRACE] graph - -------> nonSkippedChar
2021-11-21T23:53:23,760|[TRACE] script - #out(`)`) [token]
2021-11-21T23:53:23,760|[TRACE] graph - <------- nonSkippedChar
2021-11-21T23:53:23,760|[TRACE] graph - <----- statementPart
2021-11-21T23:53:23,760|[TRACE] graph - -----> statementPart
2021-11-21T23:53:23,760|[TRACE] graph - -------> nonSkippedSpace
2021-11-21T23:53:23,761|[TRACE] script - #out(` `) [token]
2021-11-21T23:53:23,761|[TRACE] graph - <------- nonSkippedSpace
2021-11-21T23:53:23,761|[TRACE] graph - <----- statementPart
2021-11-21T23:53:23,761|[TRACE] graph - -----> statementPart
2021-11-21T23:53:23,761|[TRACE] graph - -------> nonSkippedChar
2021-11-21T23:53:23,761|[TRACE] script - #out(`N`) [token]
2021-11-21T23:53:23,761|[TRACE] graph - <------- nonSkippedChar
2021-11-21T23:53:23,761|[TRACE] graph - <----- statementPart
2021-11-21T23:53:23,761|[TRACE] graph - -----> statementPart
2021-11-21T23:53:23,761|[TRACE] graph - -------> nonSkippedChar
2021-11-21T23:53:23,761|[TRACE] script - #out(`O`) [token]
2021-11-21T23:53:23,761|[TRACE] graph - <------- nonSkippedChar
2021-11-21T23:53:23,761|[TRACE] graph - <----- statementPart
2021-11-21T23:53:23,761|[TRACE] graph - -----> statementPart
2021-11-21T23:53:23,761|[TRACE] graph - -------> nonSkippedChar
2021-11-21T23:53:23,761|[TRACE] script - #out(`T`) [token]
2021-11-21T23:53:23,761|[TRACE] graph - <------- nonSkippedChar
2021-11-21T23:53:23,761|[TRACE] graph - <----- statementPart
2021-11-21T23:53:23,761|[TRACE] graph - -----> statementPart
2021-11-21T23:53:23,761|[TRACE] graph - -------> nonSkippedSpace
2021-11-21T23:53:23,761|[TRACE] script - #out(` `) [token]
2021-11-21T23:53:23,761|[TRACE] graph - <------- nonSkippedSpace
2021-11-21T23:53:23,761|[TRACE] graph - <----- statementPart
2021-11-21T23:53:23,761|[TRACE] graph - -----> statementPart
2021-11-21T23:53:23,761|[TRACE] graph - -------> nonSkippedChar
2021-11-21T23:53:23,761|[TRACE] script - #out(`N`) [token]
2021-11-21T23:53:23,761|[TRACE] graph - <------- nonSkippedChar
2021-11-21T23:53:23,761|[TRACE] graph - <----- statementPart
2021-11-21T23:53:23,761|[TRACE] graph - -----> statementPart
2021-11-21T23:53:23,761|[TRACE] graph - -------> nonSkippedChar
2021-11-21T23:53:23,761|[TRACE] script - #out(`U`) [token]
2021-11-21T23:53:23,761|[TRACE] graph - <------- nonSkippedChar
2021-11-21T23:53:23,761|[TRACE] graph - <----- statementPart
2021-11-21T23:53:23,761|[TRACE] graph - -----> statementPart
2021-11-21T23:53:23,761|[TRACE] graph - -------> nonSkippedChar
2021-11-21T23:53:23,761|[TRACE] script - #out(`L`) [token]
2021-11-21T23:53:23,761|[TRACE] graph - <------- nonSkippedChar
2021-11-21T23:53:23,761|[TRACE] graph - <----- statementPart
2021-11-21T23:53:23,761|[TRACE] graph - -----> statementPart
2021-11-21T23:53:23,761|[TRACE] graph - -------> nonSkippedChar
2021-11-21T23:53:23,761|[TRACE] script - #out(`L`) [token]
2021-11-21T23:53:23,761|[TRACE] graph - <------- nonSkippedChar
2021-11-21T23:53:23,761|[TRACE] graph - <----- statementPart
2021-11-21T23:53:23,761|[TRACE] graph - -----> statementPart
2021-11-21T23:53:23,761|[TRACE] graph - -------> nonSkippedChar
2021-11-21T23:53:23,761|[TRACE] script - #out(`,`) [token]
2021-11-21T23:53:23,761|[TRACE] graph - <------- nonSkippedChar
2021-11-21T23:53:23,761|[TRACE] graph - <----- statementPart
2021-11-21T23:53:23,761|[TRACE] graph - -----> afterStatementPartNewline
2021-11-21T23:53:23,761|[TRACE] script - #out(` `) [text]
2021-11-21T23:53:23,761|[TRACE] graph - <----- afterStatementPartNewline
2021-11-21T23:53:23,761|[TRACE] graph - -----> statementPart
2021-11-21T23:53:23,761|[TRACE] graph - -------> nonSkippedSpace
2021-11-21T23:53:23,761|[TRACE] script - #out(` `) [token]
2021-11-21T23:53:23,761|[TRACE] graph - <------- nonSkippedSpace
2021-11-21T23:53:23,761|[TRACE] graph - <----- statementPart
2021-11-21T23:53:23,761|[TRACE] graph - -----> statementPart
2021-11-21T23:53:23,761|[TRACE] graph - -------> nonSkippedSpace
2021-11-21T23:53:23,761|[TRACE] script - #out(` `) [token]
2021-11-21T23:53:23,761|[TRACE] graph - <------- nonSkippedSpace
2021-11-21T23:53:23,761|[TRACE] graph - <----- statementPart
2021-11-21T23:53:23,761|[TRACE] graph - -----> statementPart
2021-11-21T23:53:23,761|[TRACE] graph - -------> quotedString
2021-11-21T23:53:23,761|[TRACE] script - #out(``country``) [token]
2021-11-21T23:53:23,761|[TRACE] graph - <------- quotedString
2021-11-21T23:53:23,761|[TRACE] graph - <----- statementPart
2021-11-21T23:53:23,761|[TRACE] graph - -----> statementPart
2021-11-21T23:53:23,761|[TRACE] graph - -------> nonSkippedSpace
2021-11-21T23:53:23,761|[TRACE] script - #out(` `) [token]
2021-11-21T23:53:23,761|[TRACE] graph - <------- nonSkippedSpace
2021-11-21T23:53:23,761|[TRACE] graph - <----- statementPart
2021-11-21T23:53:23,761|[TRACE] graph - -----> statementPart
2021-11-21T23:53:23,761|[TRACE] graph - -------> nonSkippedChar
2021-11-21T23:53:23,761|[TRACE] script - #out(`V`) [token]
2021-11-21T23:53:23,761|[TRACE] graph - <------- nonSkippedChar
2021-11-21T23:53:23,761|[TRACE] graph - <----- statementPart
2021-11-21T23:53:23,761|[TRACE] graph - -----> statementPart
2021-11-21T23:53:23,761|[TRACE] graph - -------> nonSkippedChar
2021-11-21T23:53:23,761|[TRACE] script - #out(`A`) [token]
2021-11-21T23:53:23,761|[TRACE] graph - <------- nonSkippedChar
2021-11-21T23:53:23,761|[TRACE] graph - <----- statementPart
2021-11-21T23:53:23,761|[TRACE] graph - -----> statementPart
2021-11-21T23:53:23,761|[TRACE] graph - -------> nonSkippedChar
2021-11-21T23:53:23,761|[TRACE] script - #out(`R`) [token]
2021-11-21T23:53:23,761|[TRACE] graph - <------- nonSkippedChar
2021-11-21T23:53:23,761|[TRACE] graph - <----- statementPart
2021-11-21T23:53:23,761|[TRACE] graph - -----> statementPart
2021-11-21T23:53:23,761|[TRACE] graph - -------> nonSkippedChar
2021-11-21T23:53:23,761|[TRACE] script - #out(`C`) [token]
2021-11-21T23:53:23,761|[TRACE] graph - <------- nonSkippedChar
2021-11-21T23:53:23,761|[TRACE] graph - <----- statementPart
2021-11-21T23:53:23,761|[TRACE] graph - -----> statementPart
2021-11-21T23:53:23,761|[TRACE] graph - -------> nonSkippedChar
2021-11-21T23:53:23,761|[TRACE] script - #out(`H`) [token]
2021-11-21T23:53:23,761|[TRACE] graph - <------- nonSkippedChar
2021-11-21T23:53:23,761|[TRACE] graph - <----- statementPart
2021-11-21T23:53:23,761|[TRACE] graph - -----> statementPart
2021-11-21T23:53:23,761|[TRACE] graph - -------> nonSkippedChar
2021-11-21T23:53:23,761|[TRACE] script - #out(`A`) [token]
2021-11-21T23:53:23,761|[TRACE] graph - <------- nonSkippedChar
2021-11-21T23:53:23,761|[TRACE] graph - <----- statementPart
2021-11-21T23:53:23,761|[TRACE] graph - -----> statementPart
2021-11-21T23:53:23,761|[TRACE] graph - -------> nonSkippedChar
2021-11-21T23:53:23,761|[TRACE] script - #out(`R`) [token]
2021-11-21T23:53:23,761|[TRACE] graph - <------- nonSkippedChar
2021-11-21T23:53:23,761|[TRACE] graph - <----- statementPart
2021-11-21T23:53:23,761|[TRACE] graph - -----> statementPart
2021-11-21T23:53:23,761|[TRACE] graph - -------> nonSkippedChar
2021-11-21T23:53:23,761|[TRACE] script - #out(`(`) [token]
2021-11-21T23:53:23,761|[TRACE] graph - <------- nonSkippedChar
2021-11-21T23:53:23,761|[TRACE] graph - <----- statementPart
2021-11-21T23:53:23,761|[TRACE] graph - -----> statementPart
2021-11-21T23:53:23,761|[TRACE] graph - -------> nonSkippedChar
2021-11-21T23:53:23,761|[TRACE] script - #out(`1`) [token]
2021-11-21T23:53:23,761|[TRACE] graph - <------- nonSkippedChar
2021-11-21T23:53:23,761|[TRACE] graph - <----- statementPart
2021-11-21T23:53:23,761|[TRACE] graph - -----> statementPart
2021-11-21T23:53:23,761|[TRACE] graph - -------> nonSkippedChar
2021-11-21T23:53:23,761|[TRACE] script - #out(`0`) [token]
2021-11-21T23:53:23,762|[TRACE] graph - <------- nonSkippedChar
2021-11-21T23:53:23,762|[TRACE] graph - <----- statementPart
2021-11-21T23:53:23,762|[TRACE] graph - -----> statementPart
2021-11-21T23:53:23,762|[TRACE] graph - -------> nonSkippedChar
2021-11-21T23:53:23,762|[TRACE] script - #out(`0`) [token]
2021-11-21T23:53:23,762|[TRACE] graph - <------- nonSkippedChar
2021-11-21T23:53:23,762|[TRACE] graph - <----- statementPart
2021-11-21T23:53:23,762|[TRACE] graph - -----> statementPart
2021-11-21T23:53:23,762|[TRACE] graph - -------> nonSkippedChar
2021-11-21T23:53:23,762|[TRACE] script - #out(`)`) [token]
2021-11-21T23:53:23,762|[TRACE] graph - <------- nonSkippedChar
2021-11-21T23:53:23,762|[TRACE] graph - <----- statementPart
2021-11-21T23:53:23,762|[TRACE] graph - -----> statementPart
2021-11-21T23:53:23,762|[TRACE] graph - -------> nonSkippedSpace
2021-11-21T23:53:23,762|[TRACE] script - #out(` `) [token]
2021-11-21T23:53:23,762|[TRACE] graph - <------- nonSkippedSpace
2021-11-21T23:53:23,762|[TRACE] graph - <----- statementPart
2021-11-21T23:53:23,762|[TRACE] graph - -----> statementPart
2021-11-21T23:53:23,762|[TRACE] graph - -------> nonSkippedChar
2021-11-21T23:53:23,762|[TRACE] script - #out(`N`) [token]
2021-11-21T23:53:23,762|[TRACE] graph - <------- nonSkippedChar
2021-11-21T23:53:23,762|[TRACE] graph - <----- statementPart
2021-11-21T23:53:23,762|[TRACE] graph - -----> statementPart
2021-11-21T23:53:23,762|[TRACE] graph - -------> nonSkippedChar
2021-11-21T23:53:23,762|[TRACE] script - #out(`O`) [token]
2021-11-21T23:53:23,762|[TRACE] graph - <------- nonSkippedChar
2021-11-21T23:53:23,762|[TRACE] graph - <----- statementPart
2021-11-21T23:53:23,762|[TRACE] graph - -----> statementPart
2021-11-21T23:53:23,762|[TRACE] graph - -------> nonSkippedChar
2021-11-21T23:53:23,762|[TRACE] script - #out(`T`) [token]
2021-11-21T23:53:23,762|[TRACE] graph - <------- nonSkippedChar
2021-11-21T23:53:23,762|[TRACE] graph - <----- statementPart
2021-11-21T23:53:23,762|[TRACE] graph - -----> statementPart
2021-11-21T23:53:23,762|[TRACE] graph - -------> nonSkippedSpace
2021-11-21T23:53:23,762|[TRACE] script - #out(` `) [token]
2021-11-21T23:53:23,762|[TRACE] graph - <------- nonSkippedSpace
2021-11-21T23:53:23,762|[TRACE] graph - <----- statementPart
2021-11-21T23:53:23,762|[TRACE] graph - -----> statementPart
2021-11-21T23:53:23,762|[TRACE] graph - -------> nonSkippedChar
2021-11-21T23:53:23,762|[TRACE] script - #out(`N`) [token]
2021-11-21T23:53:23,762|[TRACE] graph - <------- nonSkippedChar
2021-11-21T23:53:23,762|[TRACE] graph - <----- statementPart
2021-11-21T23:53:23,762|[TRACE] graph - -----> statementPart
2021-11-21T23:53:23,762|[TRACE] graph - -------> nonSkippedChar
2021-11-21T23:53:23,762|[TRACE] script - #out(`U`) [token]
2021-11-21T23:53:23,762|[TRACE] graph - <------- nonSkippedChar
2021-11-21T23:53:23,762|[TRACE] graph - <----- statementPart
2021-11-21T23:53:23,762|[TRACE] graph - -----> statementPart
2021-11-21T23:53:23,762|[TRACE] graph - -------> nonSkippedChar
2021-11-21T23:53:23,762|[TRACE] script - #out(`L`) [token]
2021-11-21T23:53:23,762|[TRACE] graph - <------- nonSkippedChar
2021-11-21T23:53:23,762|[TRACE] graph - <----- statementPart
2021-11-21T23:53:23,762|[TRACE] graph - -----> statementPart
2021-11-21T23:53:23,762|[TRACE] graph - -------> nonSkippedChar
2021-11-21T23:53:23,762|[TRACE] script - #out(`L`) [token]
2021-11-21T23:53:23,762|[TRACE] graph - <------- nonSkippedChar
2021-11-21T23:53:23,762|[TRACE] graph - <----- statementPart
2021-11-21T23:53:23,762|[TRACE] graph - -----> statementPart
2021-11-21T23:53:23,762|[TRACE] graph - -------> nonSkippedChar
2021-11-21T23:53:23,762|[TRACE] script - #out(`,`) [token]
2021-11-21T23:53:23,762|[TRACE] graph - <------- nonSkippedChar
2021-11-21T23:53:23,762|[TRACE] graph - <----- statementPart
2021-11-21T23:53:23,762|[TRACE] graph - -----> afterStatementPartNewline
2021-11-21T23:53:23,762|[TRACE] script - #out(` `) [text]
2021-11-21T23:53:23,762|[TRACE] graph - <----- afterStatementPartNewline
2021-11-21T23:53:23,762|[TRACE] graph - -----> statementPart
2021-11-21T23:53:23,762|[TRACE] graph - -------> nonSkippedSpace
2021-11-21T23:53:23,762|[TRACE] script - #out(` `) [token]
2021-11-21T23:53:23,762|[TRACE] graph - <------- nonSkippedSpace
2021-11-21T23:53:23,762|[TRACE] graph - <----- statementPart
2021-11-21T23:53:23,762|[TRACE] graph - -----> statementPart
2021-11-21T23:53:23,762|[TRACE] graph - -------> nonSkippedSpace
2021-11-21T23:53:23,762|[TRACE] script - #out(` `) [token]
2021-11-21T23:53:23,762|[TRACE] graph - <------- nonSkippedSpace
2021-11-21T23:53:23,762|[TRACE] graph - <----- statementPart
2021-11-21T23:53:23,762|[TRACE] graph - -----> statementPart
2021-11-21T23:53:23,762|[TRACE] graph - -------> quotedString
2021-11-21T23:53:23,762|[TRACE] script - #out(``zipcode``) [token]
2021-11-21T23:53:23,762|[TRACE] graph - <------- quotedString
2021-11-21T23:53:23,762|[TRACE] graph - <----- statementPart
2021-11-21T23:53:23,762|[TRACE] graph - -----> statementPart
2021-11-21T23:53:23,762|[TRACE] graph - -------> nonSkippedSpace
2021-11-21T23:53:23,762|[TRACE] script - #out(` `) [token]
2021-11-21T23:53:23,762|[TRACE] graph - <------- nonSkippedSpace
2021-11-21T23:53:23,762|[TRACE] graph - <----- statementPart
2021-11-21T23:53:23,762|[TRACE] graph - -----> statementPart
2021-11-21T23:53:23,762|[TRACE] graph - -------> nonSkippedChar
2021-11-21T23:53:23,762|[TRACE] script - #out(`V`) [token]
2021-11-21T23:53:23,762|[TRACE] graph - <------- nonSkippedChar
2021-11-21T23:53:23,762|[TRACE] graph - <----- statementPart
2021-11-21T23:53:23,762|[TRACE] graph - -----> statementPart
2021-11-21T23:53:23,762|[TRACE] graph - -------> nonSkippedChar
2021-11-21T23:53:23,762|[TRACE] script - #out(`A`) [token]
2021-11-21T23:53:23,762|[TRACE] graph - <------- nonSkippedChar
2021-11-21T23:53:23,762|[TRACE] graph - <----- statementPart
2021-11-21T23:53:23,762|[TRACE] graph - -----> statementPart
2021-11-21T23:53:23,762|[TRACE] graph - -------> nonSkippedChar
2021-11-21T23:53:23,762|[TRACE] script - #out(`R`) [token]
2021-11-21T23:53:23,762|[TRACE] graph - <------- nonSkippedChar
2021-11-21T23:53:23,762|[TRACE] graph - <----- statementPart
2021-11-21T23:53:23,762|[TRACE] graph - -----> statementPart
2021-11-21T23:53:23,762|[TRACE] graph - -------> nonSkippedChar
2021-11-21T23:53:23,762|[TRACE] script - #out(`C`) [token]
2021-11-21T23:53:23,762|[TRACE] graph - <------- nonSkippedChar
2021-11-21T23:53:23,762|[TRACE] graph - <----- statementPart
2021-11-21T23:53:23,762|[TRACE] graph - -----> statementPart
2021-11-21T23:53:23,762|[TRACE] graph - -------> nonSkippedChar
2021-11-21T23:53:23,762|[TRACE] script - #out(`H`) [token]
2021-11-21T23:53:23,762|[TRACE] graph - <------- nonSkippedChar
2021-11-21T23:53:23,762|[TRACE] graph - <----- statementPart
2021-11-21T23:53:23,762|[TRACE] graph - -----> statementPart
2021-11-21T23:53:23,762|[TRACE] graph - -------> nonSkippedChar
2021-11-21T23:53:23,762|[TRACE] script - #out(`A`) [token]
2021-11-21T23:53:23,762|[TRACE] graph - <------- nonSkippedChar
2021-11-21T23:53:23,762|[TRACE] graph - <----- statementPart
2021-11-21T23:53:23,762|[TRACE] graph - -----> statementPart
2021-11-21T23:53:23,762|[TRACE] graph - -------> nonSkippedChar
2021-11-21T23:53:23,762|[TRACE] script - #out(`R`) [token]
2021-11-21T23:53:23,762|[TRACE] graph - <------- nonSkippedChar
2021-11-21T23:53:23,762|[TRACE] graph - <----- statementPart
2021-11-21T23:53:23,762|[TRACE] graph - -----> statementPart
2021-11-21T23:53:23,763|[TRACE] graph - -------> nonSkippedChar
2021-11-21T23:53:23,763|[TRACE] script - #out(`(`) [token]
2021-11-21T23:53:23,763|[TRACE] graph - <------- nonSkippedChar
2021-11-21T23:53:23,763|[TRACE] graph - <----- statementPart
2021-11-21T23:53:23,763|[TRACE] graph - -----> statementPart
2021-11-21T23:53:23,763|[TRACE] graph - -------> nonSkippedChar
2021-11-21T23:53:23,763|[TRACE] script - #out(`1`) [token]
2021-11-21T23:53:23,763|[TRACE] graph - <------- nonSkippedChar
2021-11-21T23:53:23,763|[TRACE] graph - <----- statementPart
2021-11-21T23:53:23,763|[TRACE] graph - -----> statementPart
2021-11-21T23:53:23,763|[TRACE] graph - -------> nonSkippedChar
2021-11-21T23:53:23,763|[TRACE] script - #out(`0`) [token]
2021-11-21T23:53:23,763|[TRACE] graph - <------- nonSkippedChar
2021-11-21T23:53:23,763|[TRACE] graph - <----- statementPart
2021-11-21T23:53:23,763|[TRACE] graph - -----> statementPart
2021-11-21T23:53:23,763|[TRACE] graph - -------> nonSkippedChar
2021-11-21T23:53:23,763|[TRACE] script - #out(`0`) [token]
2021-11-21T23:53:23,763|[TRACE] graph - <------- nonSkippedChar
2021-11-21T23:53:23,763|[TRACE] graph - <----- statementPart
2021-11-21T23:53:23,763|[TRACE] graph - -----> statementPart
2021-11-21T23:53:23,763|[TRACE] graph - -------> nonSkippedChar
2021-11-21T23:53:23,763|[TRACE] script - #out(`)`) [token]
2021-11-21T23:53:23,763|[TRACE] graph - <------- nonSkippedChar
2021-11-21T23:53:23,763|[TRACE] graph - <----- statementPart
2021-11-21T23:53:23,763|[TRACE] graph - -----> statementPart
2021-11-21T23:53:23,763|[TRACE] graph - -------> nonSkippedSpace
2021-11-21T23:53:23,763|[TRACE] script - #out(` `) [token]
2021-11-21T23:53:23,763|[TRACE] graph - <------- nonSkippedSpace
2021-11-21T23:53:23,763|[TRACE] graph - <----- statementPart
2021-11-21T23:53:23,763|[TRACE] graph - -----> statementPart
2021-11-21T23:53:23,763|[TRACE] graph - -------> nonSkippedChar
2021-11-21T23:53:23,763|[TRACE] script - #out(`N`) [token]
2021-11-21T23:53:23,763|[TRACE] graph - <------- nonSkippedChar
2021-11-21T23:53:23,763|[TRACE] graph - <----- statementPart
2021-11-21T23:53:23,763|[TRACE] graph - -----> statementPart
2021-11-21T23:53:23,763|[TRACE] graph - -------> nonSkippedChar
2021-11-21T23:53:23,763|[TRACE] script - #out(`O`) [token]
2021-11-21T23:53:23,763|[TRACE] graph - <------- nonSkippedChar
2021-11-21T23:53:23,763|[TRACE] graph - <----- statementPart
2021-11-21T23:53:23,763|[TRACE] graph - -----> statementPart
2021-11-21T23:53:23,763|[TRACE] graph - -------> nonSkippedChar
2021-11-21T23:53:23,763|[TRACE] script - #out(`T`) [token]
2021-11-21T23:53:23,763|[TRACE] graph - <------- nonSkippedChar
2021-11-21T23:53:23,763|[TRACE] graph - <----- statementPart
2021-11-21T23:53:23,763|[TRACE] graph - -----> statementPart
2021-11-21T23:53:23,763|[TRACE] graph - -------> nonSkippedSpace
2021-11-21T23:53:23,763|[TRACE] script - #out(` `) [token]
2021-11-21T23:53:23,763|[TRACE] graph - <------- nonSkippedSpace
2021-11-21T23:53:23,763|[TRACE] graph - <----- statementPart
2021-11-21T23:53:23,763|[TRACE] graph - -----> statementPart
2021-11-21T23:53:23,763|[TRACE] graph - -------> nonSkippedChar
2021-11-21T23:53:23,763|[TRACE] script - #out(`N`) [token]
2021-11-21T23:53:23,763|[TRACE] graph - <------- nonSkippedChar
2021-11-21T23:53:23,763|[TRACE] graph - <----- statementPart
2021-11-21T23:53:23,763|[TRACE] graph - -----> statementPart
2021-11-21T23:53:23,763|[TRACE] graph - -------> nonSkippedChar
2021-11-21T23:53:23,763|[TRACE] script - #out(`U`) [token]
2021-11-21T23:53:23,763|[TRACE] graph - <------- nonSkippedChar
2021-11-21T23:53:23,763|[TRACE] graph - <----- statementPart
2021-11-21T23:53:23,763|[TRACE] graph - -----> statementPart
2021-11-21T23:53:23,763|[TRACE] graph - -------> nonSkippedChar
2021-11-21T23:53:23,763|[TRACE] script - #out(`L`) [token]
2021-11-21T23:53:23,763|[TRACE] graph - <------- nonSkippedChar
2021-11-21T23:53:23,804|[TRACE] graph - <----- statementPart
2021-11-21T23:53:23,804|[TRACE] graph - -----> statementPart
2021-11-21T23:53:23,804|[TRACE] graph - -------> nonSkippedChar
2021-11-21T23:53:23,804|[TRACE] script - #out(`L`) [token]
2021-11-21T23:53:23,804|[TRACE] graph - <------- nonSkippedChar
2021-11-21T23:53:23,804|[TRACE] graph - <----- statementPart
2021-11-21T23:53:23,804|[TRACE] graph - -----> statementPart
2021-11-21T23:53:23,804|[TRACE] graph - -------> nonSkippedChar
2021-11-21T23:53:23,804|[TRACE] script - #out(`,`) [token]
2021-11-21T23:53:23,804|[TRACE] graph - <------- nonSkippedChar
2021-11-21T23:53:23,804|[TRACE] graph - <----- statementPart
2021-11-21T23:53:23,804|[TRACE] graph - -----> afterStatementPartNewline
2021-11-21T23:53:23,804|[TRACE] script - #out(` `) [text]
2021-11-21T23:53:23,804|[TRACE] graph - <----- afterStatementPartNewline
2021-11-21T23:53:23,804|[TRACE] graph - -----> statementPart
2021-11-21T23:53:23,804|[TRACE] graph - -------> nonSkippedSpace
2021-11-21T23:53:23,804|[TRACE] script - #out(` `) [token]
2021-11-21T23:53:23,804|[TRACE] graph - <------- nonSkippedSpace
2021-11-21T23:53:23,804|[TRACE] graph - <----- statementPart
2021-11-21T23:53:23,804|[TRACE] graph - -----> statementPart
2021-11-21T23:53:23,804|[TRACE] graph - -------> nonSkippedSpace
2021-11-21T23:53:23,804|[TRACE] script - #out(` `) [token]
2021-11-21T23:53:23,804|[TRACE] graph - <------- nonSkippedSpace
2021-11-21T23:53:23,804|[TRACE] graph - <----- statementPart
2021-11-21T23:53:23,804|[TRACE] graph - -----> statementPart
2021-11-21T23:53:23,804|[TRACE] graph - -------> quotedString
2021-11-21T23:53:23,804|[TRACE] script - #out(``created``) [token]
2021-11-21T23:53:23,804|[TRACE] graph - <------- quotedString
2021-11-21T23:53:23,804|[TRACE] graph - <----- statementPart
2021-11-21T23:53:23,804|[TRACE] graph - -----> statementPart
2021-11-21T23:53:23,805|[TRACE] graph - -------> nonSkippedSpace
2021-11-21T23:53:23,805|[TRACE] script - #out(` `) [token]
2021-11-21T23:53:23,805|[TRACE] graph - <------- nonSkippedSpace
2021-11-21T23:53:23,805|[TRACE] graph - <----- statementPart
2021-11-21T23:53:23,805|[TRACE] graph - -----> statementPart
2021-11-21T23:53:23,805|[TRACE] graph - -------> nonSkippedChar
2021-11-21T23:53:23,805|[TRACE] script - #out(`B`) [token]
2021-11-21T23:53:23,805|[TRACE] graph - <------- nonSkippedChar
2021-11-21T23:53:23,805|[TRACE] graph - <----- statementPart
2021-11-21T23:53:23,805|[TRACE] graph - -----> statementPart
2021-11-21T23:53:23,805|[TRACE] graph - -------> nonSkippedChar
2021-11-21T23:53:23,805|[TRACE] script - #out(`I`) [token]
2021-11-21T23:53:23,805|[TRACE] graph - <------- nonSkippedChar
2021-11-21T23:53:23,805|[TRACE] graph - <----- statementPart
2021-11-21T23:53:23,805|[TRACE] graph - -----> statementPart
2021-11-21T23:53:23,805|[TRACE] graph - -------> nonSkippedChar
2021-11-21T23:53:23,805|[TRACE] script - #out(`G`) [token]
2021-11-21T23:53:23,805|[TRACE] graph - <------- nonSkippedChar
2021-11-21T23:53:23,805|[TRACE] graph - <----- statementPart
2021-11-21T23:53:23,805|[TRACE] graph - -----> statementPart
2021-11-21T23:53:23,805|[TRACE] graph - -------> nonSkippedChar
2021-11-21T23:53:23,805|[TRACE] script - #out(`I`) [token]
2021-11-21T23:53:23,805|[TRACE] graph - <------- nonSkippedChar
2021-11-21T23:53:23,805|[TRACE] graph - <----- statementPart
2021-11-21T23:53:23,805|[TRACE] graph - -----> statementPart
2021-11-21T23:53:23,805|[TRACE] graph - -------> nonSkippedChar
2021-11-21T23:53:23,805|[TRACE] script - #out(`N`) [token]
2021-11-21T23:53:23,805|[TRACE] graph - <------- nonSkippedChar
2021-11-21T23:53:23,805|[TRACE] graph - <----- statementPart
2021-11-21T23:53:23,805|[TRACE] graph - -----> statementPart
2021-11-21T23:53:23,805|[TRACE] graph - -------> nonSkippedChar
2021-11-21T23:53:23,805|[TRACE] script - #out(`T`) [token]
2021-11-21T23:53:23,805|[TRACE] graph - <------- nonSkippedChar
2021-11-21T23:53:23,805|[TRACE] graph - <----- statementPart
2021-11-21T23:53:23,805|[TRACE] graph - -----> statementPart
2021-11-21T23:53:23,805|[TRACE] graph - -------> nonSkippedSpace
2021-11-21T23:53:23,805|[TRACE] script - #out(` `) [token]
2021-11-21T23:53:23,805|[TRACE] graph - <------- nonSkippedSpace
2021-11-21T23:53:23,805|[TRACE] graph - <----- statementPart
2021-11-21T23:53:23,805|[TRACE] graph - -----> statementPart
2021-11-21T23:53:23,805|[TRACE] graph - -------> nonSkippedChar
2021-11-21T23:53:23,805|[TRACE] script - #out(`N`) [token]
2021-11-21T23:53:23,805|[TRACE] graph - <------- nonSkippedChar
2021-11-21T23:53:23,805|[TRACE] graph - <----- statementPart
2021-11-21T23:53:23,805|[TRACE] graph - -----> statementPart
2021-11-21T23:53:23,805|[TRACE] graph - -------> nonSkippedChar
2021-11-21T23:53:23,805|[TRACE] script - #out(`O`) [token]
2021-11-21T23:53:23,805|[TRACE] graph - <------- nonSkippedChar
2021-11-21T23:53:23,805|[TRACE] graph - <----- statementPart
2021-11-21T23:53:23,805|[TRACE] graph - -----> statementPart
2021-11-21T23:53:23,805|[TRACE] graph - -------> nonSkippedChar
2021-11-21T23:53:23,805|[TRACE] script - #out(`T`) [token]
2021-11-21T23:53:23,805|[TRACE] graph - <------- nonSkippedChar
2021-11-21T23:53:23,805|[TRACE] graph - <----- statementPart
2021-11-21T23:53:23,805|[TRACE] graph - -----> statementPart
2021-11-21T23:53:23,805|[TRACE] graph - -------> nonSkippedSpace
2021-11-21T23:53:23,805|[TRACE] script - #out(` `) [token]
2021-11-21T23:53:23,805|[TRACE] graph - <------- nonSkippedSpace
2021-11-21T23:53:23,805|[TRACE] graph - <----- statementPart
2021-11-21T23:53:23,805|[TRACE] graph - -----> statementPart
2021-11-21T23:53:23,805|[TRACE] graph - -------> nonSkippedChar
2021-11-21T23:53:23,805|[TRACE] script - #out(`N`) [token]
2021-11-21T23:53:23,805|[TRACE] graph - <------- nonSkippedChar
2021-11-21T23:53:23,805|[TRACE] graph - <----- statementPart
2021-11-21T23:53:23,805|[TRACE] graph - -----> statementPart
2021-11-21T23:53:23,805|[TRACE] graph - -------> nonSkippedChar
2021-11-21T23:53:23,805|[TRACE] script - #out(`U`) [token]
2021-11-21T23:53:23,805|[TRACE] graph - <------- nonSkippedChar
2021-11-21T23:53:23,805|[TRACE] graph - <----- statementPart
2021-11-21T23:53:23,805|[TRACE] graph - -----> statementPart
2021-11-21T23:53:23,805|[TRACE] graph - -------> nonSkippedChar
2021-11-21T23:53:23,805|[TRACE] script - #out(`L`) [token]
2021-11-21T23:53:23,805|[TRACE] graph - <------- nonSkippedChar
2021-11-21T23:53:23,805|[TRACE] graph - <----- statementPart
2021-11-21T23:53:23,805|[TRACE] graph - -----> statementPart
2021-11-21T23:53:23,805|[TRACE] graph - -------> nonSkippedChar
2021-11-21T23:53:23,805|[TRACE] script - #out(`L`) [token]
2021-11-21T23:53:23,805|[TRACE] graph - <------- nonSkippedChar
2021-11-21T23:53:23,805|[TRACE] graph - <----- statementPart
2021-11-21T23:53:23,805|[TRACE] graph - -----> statementPart
2021-11-21T23:53:23,805|[TRACE] graph - -------> nonSkippedSpace
2021-11-21T23:53:23,805|[TRACE] script - #out(` `) [token]
2021-11-21T23:53:23,805|[TRACE] graph - <------- nonSkippedSpace
2021-11-21T23:53:23,805|[TRACE] graph - <----- statementPart
2021-11-21T23:53:23,805|[TRACE] graph - -----> statementPart
2021-11-21T23:53:23,805|[TRACE] graph - -------> nonSkippedChar
2021-11-21T23:53:23,805|[TRACE] script - #out(`D`) [token]
2021-11-21T23:53:23,805|[TRACE] graph - <------- nonSkippedChar
2021-11-21T23:53:23,805|[TRACE] graph - <----- statementPart
2021-11-21T23:53:23,805|[TRACE] graph - -----> statementPart
2021-11-21T23:53:23,805|[TRACE] graph - -------> nonSkippedChar
2021-11-21T23:53:23,805|[TRACE] script - #out(`E`) [token]
2021-11-21T23:53:23,805|[TRACE] graph - <------- nonSkippedChar
2021-11-21T23:53:23,805|[TRACE] graph - <----- statementPart
2021-11-21T23:53:23,805|[TRACE] graph - -----> statementPart
2021-11-21T23:53:23,805|[TRACE] graph - -------> nonSkippedChar
2021-11-21T23:53:23,805|[TRACE] script - #out(`F`) [token]
2021-11-21T23:53:23,805|[TRACE] graph - <------- nonSkippedChar
2021-11-21T23:53:23,805|[TRACE] graph - <----- statementPart
2021-11-21T23:53:23,805|[TRACE] graph - -----> statementPart
2021-11-21T23:53:23,805|[TRACE] graph - -------> nonSkippedChar
2021-11-21T23:53:23,805|[TRACE] script - #out(`A`) [token]
2021-11-21T23:53:23,805|[TRACE] graph - <------- nonSkippedChar
2021-11-21T23:53:23,805|[TRACE] graph - <----- statementPart
2021-11-21T23:53:23,805|[TRACE] graph - -----> statementPart
2021-11-21T23:53:23,805|[TRACE] graph - -------> nonSkippedChar
2021-11-21T23:53:23,806|[TRACE] script - #out(`U`) [token]
2021-11-21T23:53:23,806|[TRACE] graph - <------- nonSkippedChar
2021-11-21T23:53:23,806|[TRACE] graph - <----- statementPart
2021-11-21T23:53:23,806|[TRACE] graph - -----> statementPart
2021-11-21T23:53:23,806|[TRACE] graph - -------> nonSkippedChar
2021-11-21T23:53:23,806|[TRACE] script - #out(`L`) [token]
2021-11-21T23:53:23,806|[TRACE] graph - <------- nonSkippedChar
2021-11-21T23:53:23,806|[TRACE] graph - <----- statementPart
2021-11-21T23:53:23,806|[TRACE] graph - -----> statementPart
2021-11-21T23:53:23,806|[TRACE] graph - -------> nonSkippedChar
2021-11-21T23:53:23,806|[TRACE] script - #out(`T`) [token]
2021-11-21T23:53:23,806|[TRACE] graph - <------- nonSkippedChar
2021-11-21T23:53:23,806|[TRACE] graph - <----- statementPart
2021-11-21T23:53:23,806|[TRACE] graph - -----> statementPart
2021-11-21T23:53:23,806|[TRACE] graph - -------> nonSkippedSpace
2021-11-21T23:53:23,806|[TRACE] script - #out(` `) [token]
2021-11-21T23:53:23,806|[TRACE] graph - <------- nonSkippedSpace
2021-11-21T23:53:23,806|[TRACE] graph - <----- statementPart
2021-11-21T23:53:23,806|[TRACE] graph - -----> statementPart
2021-11-21T23:53:23,806|[TRACE] graph - -------> nonSkippedChar
2021-11-21T23:53:23,806|[TRACE] script - #out(`(`) [token]
2021-11-21T23:53:23,806|[TRACE] graph - <------- nonSkippedChar
2021-11-21T23:53:23,806|[TRACE] graph - <----- statementPart
2021-11-21T23:53:23,806|[TRACE] graph - -----> statementPart
2021-11-21T23:53:23,806|[TRACE] graph - -------> nonSkippedChar
2021-11-21T23:53:23,806|[TRACE] script - #out(`u`) [token]
2021-11-21T23:53:23,806|[TRACE] graph - <------- nonSkippedChar
2021-11-21T23:53:23,806|[TRACE] graph - <----- statementPart
2021-11-21T23:53:23,806|[TRACE] graph - -----> statementPart
2021-11-21T23:53:23,806|[TRACE] graph - -------> nonSkippedChar
2021-11-21T23:53:23,806|[TRACE] script - #out(`n`) [token]
2021-11-21T23:53:23,806|[TRACE] graph - <------- nonSkippedChar
2021-11-21T23:53:23,806|[TRACE] graph - <----- statementPart
2021-11-21T23:53:23,806|[TRACE] graph - -----> statementPart
2021-11-21T23:53:23,806|[TRACE] graph - -------> nonSkippedChar
2021-11-21T23:53:23,806|[TRACE] script - #out(`i`) [token]
2021-11-21T23:53:23,806|[TRACE] graph - <------- nonSkippedChar
2021-11-21T23:53:23,806|[TRACE] graph - <----- statementPart
2021-11-21T23:53:23,806|[TRACE] graph - -----> statementPart
2021-11-21T23:53:23,806|[TRACE] graph - -------> nonSkippedChar
2021-11-21T23:53:23,806|[TRACE] script - #out(`x`) [token]
2021-11-21T23:53:23,806|[TRACE] graph - <------- nonSkippedChar
2021-11-21T23:53:23,806|[TRACE] graph - <----- statementPart
2021-11-21T23:53:23,806|[TRACE] graph - -----> statementPart
2021-11-21T23:53:23,806|[TRACE] graph - -------> nonSkippedChar
2021-11-21T23:53:23,806|[TRACE] script - #out(`_`) [token]
2021-11-21T23:53:23,806|[TRACE] graph - <------- nonSkippedChar
2021-11-21T23:53:23,806|[TRACE] graph - <----- statementPart
2021-11-21T23:53:23,806|[TRACE] graph - -----> statementPart
2021-11-21T23:53:23,806|[TRACE] graph - -------> nonSkippedChar
2021-11-21T23:53:23,806|[TRACE] script - #out(`t`) [token]
2021-11-21T23:53:23,806|[TRACE] graph - <------- nonSkippedChar
2021-11-21T23:53:23,806|[TRACE] graph - <----- statementPart
2021-11-21T23:53:23,806|[TRACE] graph - -----> statementPart
2021-11-21T23:53:23,806|[TRACE] graph - -------> nonSkippedChar
2021-11-21T23:53:23,806|[TRACE] script - #out(`i`) [token]
2021-11-21T23:53:23,806|[TRACE] graph - <------- nonSkippedChar
2021-11-21T23:53:23,806|[TRACE] graph - <----- statementPart
2021-11-21T23:53:23,806|[TRACE] graph - -----> statementPart
2021-11-21T23:53:23,806|[TRACE] graph - -------> nonSkippedChar
2021-11-21T23:53:23,806|[TRACE] script - #out(`m`) [token]
2021-11-21T23:53:23,806|[TRACE] graph - <------- nonSkippedChar
2021-11-21T23:53:23,806|[TRACE] graph - <----- statementPart
2021-11-21T23:53:23,806|[TRACE] graph - -----> statementPart
2021-11-21T23:53:23,806|[TRACE] graph - -------> nonSkippedChar
2021-11-21T23:53:23,806|[TRACE] script - #out(`e`) [token]
2021-11-21T23:53:23,806|[TRACE] graph - <------- nonSkippedChar
2021-11-21T23:53:23,806|[TRACE] graph - <----- statementPart
2021-11-21T23:53:23,806|[TRACE] graph - -----> statementPart
2021-11-21T23:53:23,806|[TRACE] graph - -------> nonSkippedChar
2021-11-21T23:53:23,806|[TRACE] script - #out(`s`) [token]
2021-11-21T23:53:23,806|[TRACE] graph - <------- nonSkippedChar
2021-11-21T23:53:23,806|[TRACE] graph - <----- statementPart
2021-11-21T23:53:23,806|[TRACE] graph - -----> statementPart
2021-11-21T23:53:23,806|[TRACE] graph - -------> nonSkippedChar
2021-11-21T23:53:23,806|[TRACE] script - #out(`t`) [token]
2021-11-21T23:53:23,806|[TRACE] graph - <------- nonSkippedChar
2021-11-21T23:53:23,806|[TRACE] graph - <----- statementPart
2021-11-21T23:53:23,806|[TRACE] graph - -----> statementPart
2021-11-21T23:53:23,806|[TRACE] graph - -------> nonSkippedChar
2021-11-21T23:53:23,806|[TRACE] script - #out(`a`) [token]
2021-11-21T23:53:23,806|[TRACE] graph - <------- nonSkippedChar
2021-11-21T23:53:23,806|[TRACE] graph - <----- statementPart
2021-11-21T23:53:23,806|[TRACE] graph - -----> statementPart
2021-11-21T23:53:23,806|[TRACE] graph - -------> nonSkippedChar
2021-11-21T23:53:23,806|[TRACE] script - #out(`m`) [token]
2021-11-21T23:53:23,806|[TRACE] graph - <------- nonSkippedChar
2021-11-21T23:53:23,806|[TRACE] graph - <----- statementPart
2021-11-21T23:53:23,806|[TRACE] graph - -----> statementPart
2021-11-21T23:53:23,806|[TRACE] graph - -------> nonSkippedChar
2021-11-21T23:53:23,806|[TRACE] script - #out(`p`) [token]
2021-11-21T23:53:23,806|[TRACE] graph - <------- nonSkippedChar
2021-11-21T23:53:23,806|[TRACE] graph - <----- statementPart
2021-11-21T23:53:23,806|[TRACE] graph - -----> statementPart
2021-11-21T23:53:23,806|[TRACE] graph - -------> nonSkippedChar
2021-11-21T23:53:23,806|[TRACE] script - #out(`(`) [token]
2021-11-21T23:53:23,806|[TRACE] graph - <------- nonSkippedChar
2021-11-21T23:53:23,806|[TRACE] graph - <----- statementPart
2021-11-21T23:53:23,806|[TRACE] graph - -----> statementPart
2021-11-21T23:53:23,806|[TRACE] graph - -------> nonSkippedChar
2021-11-21T23:53:23,806|[TRACE] script - #out(`n`) [token]
2021-11-21T23:53:23,806|[TRACE] graph - <------- nonSkippedChar
2021-11-21T23:53:23,806|[TRACE] graph - <----- statementPart
2021-11-21T23:53:23,806|[TRACE] graph - -----> statementPart
2021-11-21T23:53:23,806|[TRACE] graph - -------> nonSkippedChar
2021-11-21T23:53:23,806|[TRACE] script - #out(`o`) [token]
2021-11-21T23:53:23,806|[TRACE] graph - <------- nonSkippedChar
2021-11-21T23:53:23,806|[TRACE] graph - <----- statementPart
2021-11-21T23:53:23,806|[TRACE] graph - -----> statementPart
2021-11-21T23:53:23,806|[TRACE] graph - -------> nonSkippedChar
2021-11-21T23:53:23,806|[TRACE] script - #out(`w`) [token]
2021-11-21T23:53:23,806|[TRACE] graph - <------- nonSkippedChar
2021-11-21T23:53:23,806|[TRACE] graph - <----- statementPart
2021-11-21T23:53:23,806|[TRACE] graph - -----> statementPart
2021-11-21T23:53:23,806|[TRACE] graph - -------> nonSkippedChar
2021-11-21T23:53:23,806|[TRACE] script - #out(`(`) [token]
2021-11-21T23:53:23,806|[TRACE] graph - <------- nonSkippedChar
2021-11-21T23:53:23,807|[TRACE] graph - <----- statementPart
2021-11-21T23:53:23,807|[TRACE] graph - -----> statementPart
2021-11-21T23:53:23,807|[TRACE] graph - -------> nonSkippedChar
2021-11-21T23:53:23,807|[TRACE] script - #out(`)`) [token]
2021-11-21T23:53:23,807|[TRACE] graph - <------- nonSkippedChar
2021-11-21T23:53:23,807|[TRACE] graph - <----- statementPart
2021-11-21T23:53:23,807|[TRACE] graph - -----> statementPart
2021-11-21T23:53:23,807|[TRACE] graph - -------> nonSkippedChar
2021-11-21T23:53:23,807|[TRACE] script - #out(`)`) [token]
2021-11-21T23:53:23,807|[TRACE] graph - <------- nonSkippedChar
2021-11-21T23:53:23,807|[TRACE] graph - <----- statementPart
2021-11-21T23:53:23,807|[TRACE] graph - -----> statementPart
2021-11-21T23:53:23,807|[TRACE] graph - -------> nonSkippedSpace
2021-11-21T23:53:23,807|[TRACE] script - #out(` `) [token]
2021-11-21T23:53:23,807|[TRACE] graph - <------- nonSkippedSpace
2021-11-21T23:53:23,807|[TRACE] graph - <----- statementPart
2021-11-21T23:53:23,807|[TRACE] graph - -----> statementPart
2021-11-21T23:53:23,807|[TRACE] graph - -------> nonSkippedChar
2021-11-21T23:53:23,807|[TRACE] script - #out(`*`) [token]
2021-11-21T23:53:23,807|[TRACE] graph - <------- nonSkippedChar
2021-11-21T23:53:23,807|[TRACE] graph - <----- statementPart
2021-11-21T23:53:23,807|[TRACE] graph - -----> statementPart
2021-11-21T23:53:23,807|[TRACE] graph - -------> nonSkippedSpace
2021-11-21T23:53:23,807|[TRACE] script - #out(` `) [token]
2021-11-21T23:53:23,807|[TRACE] graph - <------- nonSkippedSpace
2021-11-21T23:53:23,807|[TRACE] graph - <----- statementPart
2021-11-21T23:53:23,807|[TRACE] graph - -----> statementPart
2021-11-21T23:53:23,807|[TRACE] graph - -------> nonSkippedChar
2021-11-21T23:53:23,807|[TRACE] script - #out(`1`) [token]
2021-11-21T23:53:23,807|[TRACE] graph - <------- nonSkippedChar
2021-11-21T23:53:23,807|[TRACE] graph - <----- statementPart
2021-11-21T23:53:23,807|[TRACE] graph - -----> statementPart
2021-11-21T23:53:23,807|[TRACE] graph - -------> nonSkippedChar
2021-11-21T23:53:23,807|[TRACE] script - #out(`0`) [token]
2021-11-21T23:53:23,807|[TRACE] graph - <------- nonSkippedChar
2021-11-21T23:53:23,807|[TRACE] graph - <----- statementPart
2021-11-21T23:53:23,807|[TRACE] graph - -----> statementPart
2021-11-21T23:53:23,807|[TRACE] graph - -------> nonSkippedChar
2021-11-21T23:53:23,807|[TRACE] script - #out(`0`) [token]
2021-11-21T23:53:23,807|[TRACE] graph - <------- nonSkippedChar
2021-11-21T23:53:23,807|[TRACE] graph - <----- statementPart
2021-11-21T23:53:23,807|[TRACE] graph - -----> statementPart
2021-11-21T23:53:23,807|[TRACE] graph - -------> nonSkippedChar
2021-11-21T23:53:23,807|[TRACE] script - #out(`0`) [token]
2021-11-21T23:53:23,807|[TRACE] graph - <------- nonSkippedChar
2021-11-21T23:53:23,807|[TRACE] graph - <----- statementPart
2021-11-21T23:53:23,807|[TRACE] graph - -----> statementPart
2021-11-21T23:53:23,807|[TRACE] graph - -------> nonSkippedChar
2021-11-21T23:53:23,807|[TRACE] script - #out(`)`) [token]
2021-11-21T23:53:23,807|[TRACE] graph - <------- nonSkippedChar
2021-11-21T23:53:23,807|[TRACE] graph - <----- statementPart
2021-11-21T23:53:23,807|[TRACE] graph - -----> statementPart
2021-11-21T23:53:23,807|[TRACE] graph - -------> nonSkippedChar
2021-11-21T23:53:23,807|[TRACE] script - #out(`,`) [token]
2021-11-21T23:53:23,807|[TRACE] graph - <------- nonSkippedChar
2021-11-21T23:53:23,807|[TRACE] graph - <----- statementPart
2021-11-21T23:53:23,807|[TRACE] graph - -----> afterStatementPartNewline
2021-11-21T23:53:23,807|[TRACE] script - #out(` `) [text]
2021-11-21T23:53:23,807|[TRACE] graph - <----- afterStatementPartNewline
2021-11-21T23:53:23,807|[TRACE] graph - -----> statementPart
2021-11-21T23:53:23,807|[TRACE] graph - -------> nonSkippedSpace
2021-11-21T23:53:23,807|[TRACE] script - #out(` `) [token]
2021-11-21T23:53:23,807|[TRACE] graph - <------- nonSkippedSpace
2021-11-21T23:53:23,807|[TRACE] graph - <----- statementPart
2021-11-21T23:53:23,807|[TRACE] graph - -----> statementPart
2021-11-21T23:53:23,807|[TRACE] graph - -------> nonSkippedSpace
2021-11-21T23:53:23,807|[TRACE] script - #out(` `) [token]
2021-11-21T23:53:23,807|[TRACE] graph - <------- nonSkippedSpace
2021-11-21T23:53:23,807|[TRACE] graph - <----- statementPart
2021-11-21T23:53:23,807|[TRACE] graph - -----> statementPart
2021-11-21T23:53:23,807|[TRACE] graph - -------> quotedString
2021-11-21T23:53:23,807|[TRACE] script - #out(``updated``) [token]
2021-11-21T23:53:23,807|[TRACE] graph - <------- quotedString
2021-11-21T23:53:23,807|[TRACE] graph - <----- statementPart
2021-11-21T23:53:23,807|[TRACE] graph - -----> statementPart
2021-11-21T23:53:23,807|[TRACE] graph - -------> nonSkippedSpace
2021-11-21T23:53:23,807|[TRACE] script - #out(` `) [token]
2021-11-21T23:53:23,807|[TRACE] graph - <------- nonSkippedSpace
2021-11-21T23:53:23,807|[TRACE] graph - <----- statementPart
2021-11-21T23:53:23,807|[TRACE] graph - -----> statementPart
2021-11-21T23:53:23,807|[TRACE] graph - -------> nonSkippedChar
2021-11-21T23:53:23,807|[TRACE] script - #out(`B`) [token]
2021-11-21T23:53:23,807|[TRACE] graph - <------- nonSkippedChar
2021-11-21T23:53:23,807|[TRACE] graph - <----- statementPart
2021-11-21T23:53:23,807|[TRACE] graph - -----> statementPart
2021-11-21T23:53:23,807|[TRACE] graph - -------> nonSkippedChar
2021-11-21T23:53:23,807|[TRACE] script - #out(`I`) [token]
2021-11-21T23:53:23,807|[TRACE] graph - <------- nonSkippedChar
2021-11-21T23:53:23,807|[TRACE] graph - <----- statementPart
2021-11-21T23:53:23,807|[TRACE] graph - -----> statementPart
2021-11-21T23:53:23,807|[TRACE] graph - -------> nonSkippedChar
2021-11-21T23:53:23,807|[TRACE] script - #out(`G`) [token]
2021-11-21T23:53:23,807|[TRACE] graph - <------- nonSkippedChar
2021-11-21T23:53:23,807|[TRACE] graph - <----- statementPart
2021-11-21T23:53:23,807|[TRACE] graph - -----> statementPart
2021-11-21T23:53:23,807|[TRACE] graph - -------> nonSkippedChar
2021-11-21T23:53:23,807|[TRACE] script - #out(`I`) [token]
2021-11-21T23:53:23,807|[TRACE] graph - <------- nonSkippedChar
2021-11-21T23:53:23,807|[TRACE] graph - <----- statementPart
2021-11-21T23:53:23,807|[TRACE] graph - -----> statementPart
2021-11-21T23:53:23,807|[TRACE] graph - -------> nonSkippedChar
2021-11-21T23:53:23,807|[TRACE] script - #out(`N`) [token]
2021-11-21T23:53:23,807|[TRACE] graph - <------- nonSkippedChar
2021-11-21T23:53:23,807|[TRACE] graph - <----- statementPart
2021-11-21T23:53:23,807|[TRACE] graph - -----> statementPart
2021-11-21T23:53:23,807|[TRACE] graph - -------> nonSkippedChar
2021-11-21T23:53:23,807|[TRACE] script - #out(`T`) [token]
2021-11-21T23:53:23,807|[TRACE] graph - <------- nonSkippedChar
2021-11-21T23:53:23,807|[TRACE] graph - <----- statementPart
2021-11-21T23:53:23,807|[TRACE] graph - -----> statementPart
2021-11-21T23:53:23,807|[TRACE] graph - -------> nonSkippedSpace
2021-11-21T23:53:23,807|[TRACE] script - #out(` `) [token]
2021-11-21T23:53:23,807|[TRACE] graph - <------- nonSkippedSpace
2021-11-21T23:53:23,807|[TRACE] graph - <----- statementPart
2021-11-21T23:53:23,807|[TRACE] graph - -----> statementPart
2021-11-21T23:53:23,807|[TRACE] graph - -------> nonSkippedChar
2021-11-21T23:53:23,807|[TRACE] script - #out(`N`) [token]
2021-11-21T23:53:23,807|[TRACE] graph - <------- nonSkippedChar
2021-11-21T23:53:23,807|[TRACE] graph - <----- statementPart
2021-11-21T23:53:23,807|[TRACE] graph - -----> statementPart
2021-11-21T23:53:23,807|[TRACE] graph - -------> nonSkippedChar
2021-11-21T23:53:23,807|[TRACE] script - #out(`O`) [token]
2021-11-21T23:53:23,807|[TRACE] graph - <------- nonSkippedChar
2021-11-21T23:53:23,807|[TRACE] graph - <----- statementPart
2021-11-21T23:53:23,807|[TRACE] graph - -----> statementPart
2021-11-21T23:53:23,807|[TRACE] graph - -------> nonSkippedChar
2021-11-21T23:53:23,807|[TRACE] script - #out(`T`) [token]
2021-11-21T23:53:23,807|[TRACE] graph - <------- nonSkippedChar
2021-11-21T23:53:23,807|[TRACE] graph - <----- statementPart
2021-11-21T23:53:23,807|[TRACE] graph - -----> statementPart
2021-11-21T23:53:23,808|[TRACE] graph - -------> nonSkippedSpace
2021-11-21T23:53:23,808|[TRACE] script - #out(` `) [token]
2021-11-21T23:53:23,808|[TRACE] graph - <------- nonSkippedSpace
2021-11-21T23:53:23,808|[TRACE] graph - <----- statementPart
2021-11-21T23:53:23,808|[TRACE] graph - -----> statementPart
2021-11-21T23:53:23,808|[TRACE] graph - -------> nonSkippedChar
2021-11-21T23:53:23,808|[TRACE] script - #out(`N`) [token]
2021-11-21T23:53:23,808|[TRACE] graph - <------- nonSkippedChar
2021-11-21T23:53:23,808|[TRACE] graph - <----- statementPart
2021-11-21T23:53:23,808|[TRACE] graph - -----> statementPart
2021-11-21T23:53:23,808|[TRACE] graph - -------> nonSkippedChar
2021-11-21T23:53:23,808|[TRACE] script - #out(`U`) [token]
2021-11-21T23:53:23,808|[TRACE] graph - <------- nonSkippedChar
2021-11-21T23:53:23,808|[TRACE] graph - <----- statementPart
2021-11-21T23:53:23,808|[TRACE] graph - -----> statementPart
2021-11-21T23:53:23,808|[TRACE] graph - -------> nonSkippedChar
2021-11-21T23:53:23,808|[TRACE] script - #out(`L`) [token]
2021-11-21T23:53:23,808|[TRACE] graph - <------- nonSkippedChar
2021-11-21T23:53:23,808|[TRACE] graph - <----- statementPart
2021-11-21T23:53:23,808|[TRACE] graph - -----> statementPart
2021-11-21T23:53:23,808|[TRACE] graph - -------> nonSkippedChar
2021-11-21T23:53:23,808|[TRACE] script - #out(`L`) [token]
2021-11-21T23:53:23,808|[TRACE] graph - <------- nonSkippedChar
2021-11-21T23:53:23,808|[TRACE] graph - <----- statementPart
2021-11-21T23:53:23,808|[TRACE] graph - -----> statementPart
2021-11-21T23:53:23,808|[TRACE] graph - -------> nonSkippedSpace
2021-11-21T23:53:23,808|[TRACE] script - #out(` `) [token]
2021-11-21T23:53:23,808|[TRACE] graph - <------- nonSkippedSpace
2021-11-21T23:53:23,808|[TRACE] graph - <----- statementPart
2021-11-21T23:53:23,808|[TRACE] graph - -----> statementPart
2021-11-21T23:53:23,808|[TRACE] graph - -------> nonSkippedChar
2021-11-21T23:53:23,808|[TRACE] script - #out(`D`) [token]
2021-11-21T23:53:23,808|[TRACE] graph - <------- nonSkippedChar
2021-11-21T23:53:23,808|[TRACE] graph - <----- statementPart
2021-11-21T23:53:23,808|[TRACE] graph - -----> statementPart
2021-11-21T23:53:23,808|[TRACE] graph - -------> nonSkippedChar
2021-11-21T23:53:23,808|[TRACE] script - #out(`E`) [token]
2021-11-21T23:53:23,808|[TRACE] graph - <------- nonSkippedChar
2021-11-21T23:53:23,808|[TRACE] graph - <----- statementPart
2021-11-21T23:53:23,808|[TRACE] graph - -----> statementPart
2021-11-21T23:53:23,808|[TRACE] graph - -------> nonSkippedChar
2021-11-21T23:53:23,808|[TRACE] script - #out(`F`) [token]
2021-11-21T23:53:23,808|[TRACE] graph - <------- nonSkippedChar
2021-11-21T23:53:23,808|[TRACE] graph - <----- statementPart
2021-11-21T23:53:23,808|[TRACE] graph - -----> statementPart
2021-11-21T23:53:23,808|[TRACE] graph - -------> nonSkippedChar
2021-11-21T23:53:23,808|[TRACE] script - #out(`A`) [token]
2021-11-21T23:53:23,808|[TRACE] graph - <------- nonSkippedChar
2021-11-21T23:53:23,808|[TRACE] graph - <----- statementPart
2021-11-21T23:53:23,808|[TRACE] graph - -----> statementPart
2021-11-21T23:53:23,808|[TRACE] graph - -------> nonSkippedChar
2021-11-21T23:53:23,808|[TRACE] script - #out(`U`) [token]
2021-11-21T23:53:23,808|[TRACE] graph - <------- nonSkippedChar
2021-11-21T23:53:23,808|[TRACE] graph - <----- statementPart
2021-11-21T23:53:23,808|[TRACE] graph - -----> statementPart
2021-11-21T23:53:23,808|[TRACE] graph - -------> nonSkippedChar
2021-11-21T23:53:23,808|[TRACE] script - #out(`L`) [token]
2021-11-21T23:53:23,808|[TRACE] graph - <------- nonSkippedChar
2021-11-21T23:53:23,808|[TRACE] graph - <----- statementPart
2021-11-21T23:53:23,808|[TRACE] graph - -----> statementPart
2021-11-21T23:53:23,808|[TRACE] graph - -------> nonSkippedChar
2021-11-21T23:53:23,808|[TRACE] script - #out(`T`) [token]
2021-11-21T23:53:23,808|[TRACE] graph - <------- nonSkippedChar
2021-11-21T23:53:23,808|[TRACE] graph - <----- statementPart
2021-11-21T23:53:23,808|[TRACE] graph - -----> statementPart
2021-11-21T23:53:23,808|[TRACE] graph - -------> nonSkippedSpace
2021-11-21T23:53:23,808|[TRACE] script - #out(` `) [token]
2021-11-21T23:53:23,808|[TRACE] graph - <------- nonSkippedSpace
2021-11-21T23:53:23,808|[TRACE] graph - <----- statementPart
2021-11-21T23:53:23,808|[TRACE] graph - -----> statementPart
2021-11-21T23:53:23,808|[TRACE] graph - -------> nonSkippedChar
2021-11-21T23:53:23,808|[TRACE] script - #out(`(`) [token]
2021-11-21T23:53:23,808|[TRACE] graph - <------- nonSkippedChar
2021-11-21T23:53:23,808|[TRACE] graph - <----- statementPart
2021-11-21T23:53:23,808|[TRACE] graph - -----> statementPart
2021-11-21T23:53:23,808|[TRACE] graph - -------> nonSkippedChar
2021-11-21T23:53:23,808|[TRACE] script - #out(`u`) [token]
2021-11-21T23:53:23,808|[TRACE] graph - <------- nonSkippedChar
2021-11-21T23:53:23,808|[TRACE] graph - <----- statementPart
2021-11-21T23:53:23,808|[TRACE] graph - -----> statementPart
2021-11-21T23:53:23,808|[TRACE] graph - -------> nonSkippedChar
2021-11-21T23:53:23,808|[TRACE] script - #out(`n`) [token]
2021-11-21T23:53:23,852|[TRACE] graph - <------- nonSkippedChar
2021-11-21T23:53:23,852|[TRACE] graph - <----- statementPart
2021-11-21T23:53:23,852|[TRACE] graph - -----> statementPart
2021-11-21T23:53:23,852|[TRACE] graph - -------> nonSkippedChar
2021-11-21T23:53:23,852|[TRACE] script - #out(`i`) [token]
2021-11-21T23:53:23,852|[TRACE] graph - <------- nonSkippedChar
2021-11-21T23:53:23,852|[TRACE] graph - <----- statementPart
2021-11-21T23:53:23,852|[TRACE] graph - -----> statementPart
2021-11-21T23:53:23,852|[TRACE] graph - -------> nonSkippedChar
2021-11-21T23:53:23,852|[TRACE] script - #out(`x`) [token]
2021-11-21T23:53:23,852|[TRACE] graph - <------- nonSkippedChar
2021-11-21T23:53:23,852|[TRACE] graph - <----- statementPart
2021-11-21T23:53:23,852|[TRACE] graph - -----> statementPart
2021-11-21T23:53:23,852|[TRACE] graph - -------> nonSkippedChar
2021-11-21T23:53:23,852|[TRACE] script - #out(`_`) [token]
2021-11-21T23:53:23,852|[TRACE] graph - <------- nonSkippedChar
2021-11-21T23:53:23,852|[TRACE] graph - <----- statementPart
2021-11-21T23:53:23,852|[TRACE] graph - -----> statementPart
2021-11-21T23:53:23,852|[TRACE] graph - -------> nonSkippedChar
2021-11-21T23:53:23,852|[TRACE] script - #out(`t`) [token]
2021-11-21T23:53:23,852|[TRACE] graph - <------- nonSkippedChar
2021-11-21T23:53:23,852|[TRACE] graph - <----- statementPart
2021-11-21T23:53:23,852|[TRACE] graph - -----> statementPart
2021-11-21T23:53:23,852|[TRACE] graph - -------> nonSkippedChar
2021-11-21T23:53:23,853|[TRACE] script - #out(`i`) [token]
2021-11-21T23:53:23,853|[TRACE] graph - <------- nonSkippedChar
2021-11-21T23:53:23,853|[TRACE] graph - <----- statementPart
2021-11-21T23:53:23,853|[TRACE] graph - -----> statementPart
2021-11-21T23:53:23,853|[TRACE] graph - -------> nonSkippedChar
2021-11-21T23:53:23,853|[TRACE] script - #out(`m`) [token]
2021-11-21T23:53:23,853|[TRACE] graph - <------- nonSkippedChar
2021-11-21T23:53:23,853|[TRACE] graph - <----- statementPart
2021-11-21T23:53:23,853|[TRACE] graph - -----> statementPart
2021-11-21T23:53:23,853|[TRACE] graph - -------> nonSkippedChar
2021-11-21T23:53:23,853|[TRACE] script - #out(`e`) [token]
2021-11-21T23:53:23,853|[TRACE] graph - <------- nonSkippedChar
2021-11-21T23:53:23,853|[TRACE] graph - <----- statementPart
2021-11-21T23:53:23,853|[TRACE] graph - -----> statementPart
2021-11-21T23:53:23,853|[TRACE] graph - -------> nonSkippedChar
2021-11-21T23:53:23,853|[TRACE] script - #out(`s`) [token]
2021-11-21T23:53:23,853|[TRACE] graph - <------- nonSkippedChar
2021-11-21T23:53:23,853|[TRACE] graph - <----- statementPart
2021-11-21T23:53:23,853|[TRACE] graph - -----> statementPart
2021-11-21T23:53:23,853|[TRACE] graph - -------> nonSkippedChar
2021-11-21T23:53:23,853|[TRACE] script - #out(`t`) [token]
2021-11-21T23:53:23,853|[TRACE] graph - <------- nonSkippedChar
2021-11-21T23:53:23,853|[TRACE] graph - <----- statementPart
2021-11-21T23:53:23,853|[TRACE] graph - -----> statementPart
2021-11-21T23:53:23,853|[TRACE] graph - -------> nonSkippedChar
2021-11-21T23:53:23,853|[TRACE] script - #out(`a`) [token]
2021-11-21T23:53:23,853|[TRACE] graph - <------- nonSkippedChar
2021-11-21T23:53:23,853|[TRACE] graph - <----- statementPart
2021-11-21T23:53:23,853|[TRACE] graph - -----> statementPart
2021-11-21T23:53:23,853|[TRACE] graph - -------> nonSkippedChar
2021-11-21T23:53:23,853|[TRACE] script - #out(`m`) [token]
2021-11-21T23:53:23,853|[TRACE] graph - <------- nonSkippedChar
2021-11-21T23:53:23,853|[TRACE] graph - <----- statementPart
2021-11-21T23:53:23,853|[TRACE] graph - -----> statementPart
2021-11-21T23:53:23,853|[TRACE] graph - -------> nonSkippedChar
2021-11-21T23:53:23,853|[TRACE] script - #out(`p`) [token]
2021-11-21T23:53:23,853|[TRACE] graph - <------- nonSkippedChar
2021-11-21T23:53:23,853|[TRACE] graph - <----- statementPart
2021-11-21T23:53:23,853|[TRACE] graph - -----> statementPart
2021-11-21T23:53:23,853|[TRACE] graph - -------> nonSkippedChar
2021-11-21T23:53:23,853|[TRACE] script - #out(`(`) [token]
2021-11-21T23:53:23,853|[TRACE] graph - <------- nonSkippedChar
2021-11-21T23:53:23,853|[TRACE] graph - <----- statementPart
2021-11-21T23:53:23,853|[TRACE] graph - -----> statementPart
2021-11-21T23:53:23,853|[TRACE] graph - -------> nonSkippedChar
2021-11-21T23:53:23,853|[TRACE] script - #out(`n`) [token]
2021-11-21T23:53:23,853|[TRACE] graph - <------- nonSkippedChar
2021-11-21T23:53:23,853|[TRACE] graph - <----- statementPart
2021-11-21T23:53:23,853|[TRACE] graph - -----> statementPart
2021-11-21T23:53:23,853|[TRACE] graph - -------> nonSkippedChar
2021-11-21T23:53:23,853|[TRACE] script - #out(`o`) [token]
2021-11-21T23:53:23,853|[TRACE] graph - <------- nonSkippedChar
2021-11-21T23:53:23,853|[TRACE] graph - <----- statementPart
2021-11-21T23:53:23,853|[TRACE] graph - -----> statementPart
2021-11-21T23:53:23,853|[TRACE] graph - -------> nonSkippedChar
2021-11-21T23:53:23,853|[TRACE] script - #out(`w`) [token]
2021-11-21T23:53:23,853|[TRACE] graph - <------- nonSkippedChar
2021-11-21T23:53:23,853|[TRACE] graph - <----- statementPart
2021-11-21T23:53:23,853|[TRACE] graph - -----> statementPart
2021-11-21T23:53:23,853|[TRACE] graph - -------> nonSkippedChar
2021-11-21T23:53:23,853|[TRACE] script - #out(`(`) [token]
2021-11-21T23:53:23,853|[TRACE] graph - <------- nonSkippedChar
2021-11-21T23:53:23,853|[TRACE] graph - <----- statementPart
2021-11-21T23:53:23,853|[TRACE] graph - -----> statementPart
2021-11-21T23:53:23,853|[TRACE] graph - -------> nonSkippedChar
2021-11-21T23:53:23,853|[TRACE] script - #out(`)`) [token]
2021-11-21T23:53:23,853|[TRACE] graph - <------- nonSkippedChar
2021-11-21T23:53:23,853|[TRACE] graph - <----- statementPart
2021-11-21T23:53:23,853|[TRACE] graph - -----> statementPart
2021-11-21T23:53:23,853|[TRACE] graph - -------> nonSkippedChar
2021-11-21T23:53:23,853|[TRACE] script - #out(`)`) [token]
2021-11-21T23:53:23,853|[TRACE] graph - <------- nonSkippedChar
2021-11-21T23:53:23,853|[TRACE] graph - <----- statementPart
2021-11-21T23:53:23,853|[TRACE] graph - -----> statementPart
2021-11-21T23:53:23,853|[TRACE] graph - -------> nonSkippedSpace
2021-11-21T23:53:23,853|[TRACE] script - #out(` `) [token]
2021-11-21T23:53:23,853|[TRACE] graph - <------- nonSkippedSpace
2021-11-21T23:53:23,853|[TRACE] graph - <----- statementPart
2021-11-21T23:53:23,853|[TRACE] graph - -----> statementPart
2021-11-21T23:53:23,853|[TRACE] graph - -------> nonSkippedChar
2021-11-21T23:53:23,853|[TRACE] script - #out(`*`) [token]
2021-11-21T23:53:23,853|[TRACE] graph - <------- nonSkippedChar
2021-11-21T23:53:23,853|[TRACE] graph - <----- statementPart
2021-11-21T23:53:23,853|[TRACE] graph - -----> statementPart
2021-11-21T23:53:23,853|[TRACE] graph - -------> nonSkippedSpace
2021-11-21T23:53:23,853|[TRACE] script - #out(` `) [token]
2021-11-21T23:53:23,853|[TRACE] graph - <------- nonSkippedSpace
2021-11-21T23:53:23,853|[TRACE] graph - <----- statementPart
2021-11-21T23:53:23,853|[TRACE] graph - -----> statementPart
2021-11-21T23:53:23,853|[TRACE] graph - -------> nonSkippedChar
2021-11-21T23:53:23,853|[TRACE] script - #out(`1`) [token]
2021-11-21T23:53:23,853|[TRACE] graph - <------- nonSkippedChar
2021-11-21T23:53:23,853|[TRACE] graph - <----- statementPart
2021-11-21T23:53:23,853|[TRACE] graph - -----> statementPart
2021-11-21T23:53:23,853|[TRACE] graph - -------> nonSkippedChar
2021-11-21T23:53:23,853|[TRACE] script - #out(`0`) [token]
2021-11-21T23:53:23,853|[TRACE] graph - <------- nonSkippedChar
2021-11-21T23:53:23,853|[TRACE] graph - <----- statementPart
2021-11-21T23:53:23,853|[TRACE] graph - -----> statementPart
2021-11-21T23:53:23,853|[TRACE] graph - -------> nonSkippedChar
2021-11-21T23:53:23,853|[TRACE] script - #out(`0`) [token]
2021-11-21T23:53:23,853|[TRACE] graph - <------- nonSkippedChar
2021-11-21T23:53:23,853|[TRACE] graph - <----- statementPart
2021-11-21T23:53:23,853|[TRACE] graph - -----> statementPart
2021-11-21T23:53:23,853|[TRACE] graph - -------> nonSkippedChar
2021-11-21T23:53:23,853|[TRACE] script - #out(`0`) [token]
2021-11-21T23:53:23,853|[TRACE] graph - <------- nonSkippedChar
2021-11-21T23:53:23,853|[TRACE] graph - <----- statementPart
2021-11-21T23:53:23,853|[TRACE] graph - -----> statementPart
2021-11-21T23:53:23,853|[TRACE] graph - -------> nonSkippedChar
2021-11-21T23:53:23,853|[TRACE] script - #out(`)`) [token]
2021-11-21T23:53:23,853|[TRACE] graph - <------- nonSkippedChar
2021-11-21T23:53:23,853|[TRACE] graph - <----- statementPart
2021-11-21T23:53:23,853|[TRACE] graph - -----> statementPart
2021-11-21T23:53:23,853|[TRACE] graph - -------> nonSkippedChar
2021-11-21T23:53:23,853|[TRACE] script - #out(`,`) [token]
2021-11-21T23:53:23,853|[TRACE] graph - <------- nonSkippedChar
2021-11-21T23:53:23,853|[TRACE] graph - <----- statementPart
2021-11-21T23:53:23,853|[TRACE] graph - -----> afterStatementPartNewline
2021-11-21T23:53:23,853|[TRACE] script - #out(` `) [text]
2021-11-21T23:53:23,853|[TRACE] graph - <----- afterStatementPartNewline
2021-11-21T23:53:23,853|[TRACE] graph - -----> statementPart
2021-11-21T23:53:23,853|[TRACE] graph - -------> nonSkippedSpace
2021-11-21T23:53:23,853|[TRACE] script - #out(` `) [token]
2021-11-21T23:53:23,853|[TRACE] graph - <------- nonSkippedSpace
2021-11-21T23:53:23,853|[TRACE] graph - <----- statementPart
2021-11-21T23:53:23,853|[TRACE] graph - -----> statementPart
2021-11-21T23:53:23,853|[TRACE] graph - -------> nonSkippedSpace
2021-11-21T23:53:23,853|[TRACE] script - #out(` `) [token]
2021-11-21T23:53:23,853|[TRACE] graph - <------- nonSkippedSpace
2021-11-21T23:53:23,853|[TRACE] graph - <----- statementPart
2021-11-21T23:53:23,853|[TRACE] graph - -----> statementPart
2021-11-21T23:53:23,853|[TRACE] graph - -------> quotedString
2021-11-21T23:53:23,853|[TRACE] script - #out(``version``) [token]
2021-11-21T23:53:23,853|[TRACE] graph - <------- quotedString
2021-11-21T23:53:23,853|[TRACE] graph - <----- statementPart
2021-11-21T23:53:23,853|[TRACE] graph - -----> statementPart
2021-11-21T23:53:23,853|[TRACE] graph - -------> nonSkippedSpace
2021-11-21T23:53:23,853|[TRACE] script - #out(` `) [token]
2021-11-21T23:53:23,853|[TRACE] graph - <------- nonSkippedSpace
2021-11-21T23:53:23,853|[TRACE] graph - <----- statementPart
2021-11-21T23:53:23,853|[TRACE] graph - -----> statementPart
2021-11-21T23:53:23,853|[TRACE] graph - -------> nonSkippedChar
2021-11-21T23:53:23,853|[TRACE] script - #out(`I`) [token]
2021-11-21T23:53:23,854|[TRACE] graph - <------- nonSkippedChar
2021-11-21T23:53:23,854|[TRACE] graph - <----- statementPart
2021-11-21T23:53:23,854|[TRACE] graph - -----> statementPart
2021-11-21T23:53:23,854|[TRACE] graph - -------> nonSkippedChar
2021-11-21T23:53:23,854|[TRACE] script - #out(`N`) [token]
2021-11-21T23:53:23,854|[TRACE] graph - <------- nonSkippedChar
2021-11-21T23:53:23,854|[TRACE] graph - <----- statementPart
2021-11-21T23:53:23,854|[TRACE] graph - -----> statementPart
2021-11-21T23:53:23,854|[TRACE] graph - -------> nonSkippedChar
2021-11-21T23:53:23,854|[TRACE] script - #out(`T`) [token]
2021-11-21T23:53:23,854|[TRACE] graph - <------- nonSkippedChar
2021-11-21T23:53:23,854|[TRACE] graph - <----- statementPart
2021-11-21T23:53:23,854|[TRACE] graph - -----> statementPart
2021-11-21T23:53:23,854|[TRACE] graph - -------> nonSkippedSpace
2021-11-21T23:53:23,854|[TRACE] script - #out(` `) [token]
2021-11-21T23:53:23,854|[TRACE] graph - <------- nonSkippedSpace
2021-11-21T23:53:23,854|[TRACE] graph - <----- statementPart
2021-11-21T23:53:23,854|[TRACE] graph - -----> statementPart
2021-11-21T23:53:23,854|[TRACE] graph - -------> nonSkippedChar
2021-11-21T23:53:23,854|[TRACE] script - #out(`N`) [token]
2021-11-21T23:53:23,854|[TRACE] graph - <------- nonSkippedChar
2021-11-21T23:53:23,854|[TRACE] graph - <----- statementPart
2021-11-21T23:53:23,854|[TRACE] graph - -----> statementPart
2021-11-21T23:53:23,854|[TRACE] graph - -------> nonSkippedChar
2021-11-21T23:53:23,854|[TRACE] script - #out(`O`) [token]
2021-11-21T23:53:23,854|[TRACE] graph - <------- nonSkippedChar
2021-11-21T23:53:23,854|[TRACE] graph - <----- statementPart
2021-11-21T23:53:23,854|[TRACE] graph - -----> statementPart
2021-11-21T23:53:23,854|[TRACE] graph - -------> nonSkippedChar
2021-11-21T23:53:23,854|[TRACE] script - #out(`T`) [token]
2021-11-21T23:53:23,854|[TRACE] graph - <------- nonSkippedChar
2021-11-21T23:53:23,854|[TRACE] graph - <----- statementPart
2021-11-21T23:53:23,854|[TRACE] graph - -----> statementPart
2021-11-21T23:53:23,854|[TRACE] graph - -------> nonSkippedSpace
2021-11-21T23:53:23,854|[TRACE] script - #out(` `) [token]
2021-11-21T23:53:23,854|[TRACE] graph - <------- nonSkippedSpace
2021-11-21T23:53:23,854|[TRACE] graph - <----- statementPart
2021-11-21T23:53:23,854|[TRACE] graph - -----> statementPart
2021-11-21T23:53:23,854|[TRACE] graph - -------> nonSkippedChar
2021-11-21T23:53:23,854|[TRACE] script - #out(`N`) [token]
2021-11-21T23:53:23,854|[TRACE] graph - <------- nonSkippedChar
2021-11-21T23:53:23,854|[TRACE] graph - <----- statementPart
2021-11-21T23:53:23,854|[TRACE] graph - -----> statementPart
2021-11-21T23:53:23,854|[TRACE] graph - -------> nonSkippedChar
2021-11-21T23:53:23,854|[TRACE] script - #out(`U`) [token]
2021-11-21T23:53:23,854|[TRACE] graph - <------- nonSkippedChar
2021-11-21T23:53:23,854|[TRACE] graph - <----- statementPart
2021-11-21T23:53:23,854|[TRACE] graph - -----> statementPart
2021-11-21T23:53:23,854|[TRACE] graph - -------> nonSkippedChar
2021-11-21T23:53:23,854|[TRACE] script - #out(`L`) [token]
2021-11-21T23:53:23,854|[TRACE] graph - <------- nonSkippedChar
2021-11-21T23:53:23,854|[TRACE] graph - <----- statementPart
2021-11-21T23:53:23,854|[TRACE] graph - -----> statementPart
2021-11-21T23:53:23,854|[TRACE] graph - -------> nonSkippedChar
2021-11-21T23:53:23,854|[TRACE] script - #out(`L`) [token]
2021-11-21T23:53:23,854|[TRACE] graph - <------- nonSkippedChar
2021-11-21T23:53:23,854|[TRACE] graph - <----- statementPart
2021-11-21T23:53:23,854|[TRACE] graph - -----> statementPart
2021-11-21T23:53:23,854|[TRACE] graph - -------> nonSkippedSpace
2021-11-21T23:53:23,854|[TRACE] script - #out(` `) [token]
2021-11-21T23:53:23,854|[TRACE] graph - <------- nonSkippedSpace
2021-11-21T23:53:23,854|[TRACE] graph - <----- statementPart
2021-11-21T23:53:23,854|[TRACE] graph - -----> statementPart
2021-11-21T23:53:23,854|[TRACE] graph - -------> nonSkippedChar
2021-11-21T23:53:23,854|[TRACE] script - #out(`D`) [token]
2021-11-21T23:53:23,854|[TRACE] graph - <------- nonSkippedChar
2021-11-21T23:53:23,854|[TRACE] graph - <----- statementPart
2021-11-21T23:53:23,854|[TRACE] graph - -----> statementPart
2021-11-21T23:53:23,854|[TRACE] graph - -------> nonSkippedChar
2021-11-21T23:53:23,854|[TRACE] script - #out(`E`) [token]
2021-11-21T23:53:23,854|[TRACE] graph - <------- nonSkippedChar
2021-11-21T23:53:23,854|[TRACE] graph - <----- statementPart
2021-11-21T23:53:23,854|[TRACE] graph - -----> statementPart
2021-11-21T23:53:23,854|[TRACE] graph - -------> nonSkippedChar
2021-11-21T23:53:23,854|[TRACE] script - #out(`F`) [token]
2021-11-21T23:53:23,854|[TRACE] graph - <------- nonSkippedChar
2021-11-21T23:53:23,854|[TRACE] graph - <----- statementPart
2021-11-21T23:53:23,854|[TRACE] graph - -----> statementPart
2021-11-21T23:53:23,854|[TRACE] graph - -------> nonSkippedChar
2021-11-21T23:53:23,854|[TRACE] script - #out(`A`) [token]
2021-11-21T23:53:23,854|[TRACE] graph - <------- nonSkippedChar
2021-11-21T23:53:23,854|[TRACE] graph - <----- statementPart
2021-11-21T23:53:23,854|[TRACE] graph - -----> statementPart
2021-11-21T23:53:23,854|[TRACE] graph - -------> nonSkippedChar
2021-11-21T23:53:23,854|[TRACE] script - #out(`U`) [token]
2021-11-21T23:53:23,854|[TRACE] graph - <------- nonSkippedChar
2021-11-21T23:53:23,854|[TRACE] graph - <----- statementPart
2021-11-21T23:53:23,854|[TRACE] graph - -----> statementPart
2021-11-21T23:53:23,854|[TRACE] graph - -------> nonSkippedChar
2021-11-21T23:53:23,854|[TRACE] script - #out(`L`) [token]
2021-11-21T23:53:23,854|[TRACE] graph - <------- nonSkippedChar
2021-11-21T23:53:23,854|[TRACE] graph - <----- statementPart
2021-11-21T23:53:23,854|[TRACE] graph - -----> statementPart
2021-11-21T23:53:23,854|[TRACE] graph - -------> nonSkippedChar
2021-11-21T23:53:23,854|[TRACE] script - #out(`T`) [token]
2021-11-21T23:53:23,854|[TRACE] graph - <------- nonSkippedChar
2021-11-21T23:53:23,854|[TRACE] graph - <----- statementPart
2021-11-21T23:53:23,854|[TRACE] graph - -----> statementPart
2021-11-21T23:53:23,854|[TRACE] graph - -------> nonSkippedSpace
2021-11-21T23:53:23,854|[TRACE] script - #out(` `) [token]
2021-11-21T23:53:23,854|[TRACE] graph - <------- nonSkippedSpace
2021-11-21T23:53:23,854|[TRACE] graph - <----- statementPart
2021-11-21T23:53:23,854|[TRACE] graph - -----> statementPart
2021-11-21T23:53:23,854|[TRACE] graph - -------> nonSkippedChar
2021-11-21T23:53:23,854|[TRACE] script - #out(`1`) [token]
2021-11-21T23:53:23,854|[TRACE] graph - <------- nonSkippedChar
2021-11-21T23:53:23,854|[TRACE] graph - <----- statementPart
2021-11-21T23:53:23,854|[TRACE] graph - -----> statementPart
2021-11-21T23:53:23,854|[TRACE] graph - -------> nonSkippedChar
2021-11-21T23:53:23,854|[TRACE] script - #out(`,`) [token]
2021-11-21T23:53:23,854|[TRACE] graph - <------- nonSkippedChar
2021-11-21T23:53:23,854|[TRACE] graph - <----- statementPart
2021-11-21T23:53:23,854|[TRACE] graph - -----> afterStatementPartNewline
2021-11-21T23:53:23,854|[TRACE] script - #out(` `) [text]
2021-11-21T23:53:23,854|[TRACE] graph - <----- afterStatementPartNewline
2021-11-21T23:53:23,854|[TRACE] graph - -----> statementPart
2021-11-21T23:53:23,854|[TRACE] graph - -------> nonSkippedSpace
2021-11-21T23:53:23,854|[TRACE] script - #out(` `) [token]
2021-11-21T23:53:23,854|[TRACE] graph - <------- nonSkippedSpace
2021-11-21T23:53:23,854|[TRACE] graph - <----- statementPart
2021-11-21T23:53:23,854|[TRACE] graph - -----> statementPart
2021-11-21T23:53:23,854|[TRACE] graph - -------> nonSkippedSpace
2021-11-21T23:53:23,854|[TRACE] script - #out(` `) [token]
2021-11-21T23:53:23,854|[TRACE] graph - <------- nonSkippedSpace
2021-11-21T23:53:23,854|[TRACE] graph - <----- statementPart
2021-11-21T23:53:23,854|[TRACE] graph - -----> statementPart
2021-11-21T23:53:23,854|[TRACE] graph - -------> nonSkippedChar
2021-11-21T23:53:23,854|[TRACE] script - #out(`P`) [token]
2021-11-21T23:53:23,854|[TRACE] graph - <------- nonSkippedChar
2021-11-21T23:53:23,854|[TRACE] graph - <----- statementPart
2021-11-21T23:53:23,854|[TRACE] graph - -----> statementPart
2021-11-21T23:53:23,854|[TRACE] graph - -------> nonSkippedChar
2021-11-21T23:53:23,854|[TRACE] script - #out(`R`) [token]
2021-11-21T23:53:23,854|[TRACE] graph - <------- nonSkippedChar
2021-11-21T23:53:23,854|[TRACE] graph - <----- statementPart
2021-11-21T23:53:23,854|[TRACE] graph - -----> statementPart
2021-11-21T23:53:23,854|[TRACE] graph - -------> nonSkippedChar
2021-11-21T23:53:23,854|[TRACE] script - #out(`I`) [token]
2021-11-21T23:53:23,854|[TRACE] graph - <------- nonSkippedChar
2021-11-21T23:53:23,854|[TRACE] graph - <----- statementPart
2021-11-21T23:53:23,854|[TRACE] graph - -----> statementPart
2021-11-21T23:53:23,854|[TRACE] graph - -------> nonSkippedChar
2021-11-21T23:53:23,854|[TRACE] script - #out(`M`) [token]
2021-11-21T23:53:23,854|[TRACE] graph - <------- nonSkippedChar
2021-11-21T23:53:23,854|[TRACE] graph - <----- statementPart
2021-11-21T23:53:23,854|[TRACE] graph - -----> statementPart
2021-11-21T23:53:23,854|[TRACE] graph - -------> nonSkippedChar
2021-11-21T23:53:23,854|[TRACE] script - #out(`A`) [token]
2021-11-21T23:53:23,854|[TRACE] graph - <------- nonSkippedChar
2021-11-21T23:53:23,854|[TRACE] graph - <----- statementPart
2021-11-21T23:53:23,854|[TRACE] graph - -----> statementPart
2021-11-21T23:53:23,854|[TRACE] graph - -------> nonSkippedChar
2021-11-21T23:53:23,854|[TRACE] script - #out(`R`) [token]
2021-11-21T23:53:23,854|[TRACE] graph - <------- nonSkippedChar
2021-11-21T23:53:23,854|[TRACE] graph - <----- statementPart
2021-11-21T23:53:23,854|[TRACE] graph - -----> statementPart
2021-11-21T23:53:23,854|[TRACE] graph - -------> nonSkippedChar
2021-11-21T23:53:23,854|[TRACE] script - #out(`Y`) [token]
2021-11-21T23:53:23,854|[TRACE] graph - <------- nonSkippedChar
2021-11-21T23:53:23,854|[TRACE] graph - <----- statementPart
2021-11-21T23:53:23,855|[TRACE] graph - -----> statementPart
2021-11-21T23:53:23,855|[TRACE] graph - -------> nonSkippedSpace
2021-11-21T23:53:23,855|[TRACE] script - #out(` `) [token]
2021-11-21T23:53:23,855|[TRACE] graph - <------- nonSkippedSpace
2021-11-21T23:53:23,855|[TRACE] graph - <----- statementPart
2021-11-21T23:53:23,855|[TRACE] graph - -----> statementPart
2021-11-21T23:53:23,855|[TRACE] graph - -------> nonSkippedChar
2021-11-21T23:53:23,855|[TRACE] script - #out(`K`) [token]
2021-11-21T23:53:23,855|[TRACE] graph - <------- nonSkippedChar
2021-11-21T23:53:23,855|[TRACE] graph - <----- statementPart
2021-11-21T23:53:23,855|[TRACE] graph - -----> statementPart
2021-11-21T23:53:23,855|[TRACE] graph - -------> nonSkippedChar
2021-11-21T23:53:23,855|[TRACE] script - #out(`E`) [token]
2021-11-21T23:53:23,855|[TRACE] graph - <------- nonSkippedChar
2021-11-21T23:53:23,855|[TRACE] graph - <----- statementPart
2021-11-21T23:53:23,855|[TRACE] graph - -----> statementPart
2021-11-21T23:53:23,855|[TRACE] graph - -------> nonSkippedChar
2021-11-21T23:53:23,855|[TRACE] script - #out(`Y`) [token]
2021-11-21T23:53:23,855|[TRACE] graph - <------- nonSkippedChar
2021-11-21T23:53:23,855|[TRACE] graph - <----- statementPart
2021-11-21T23:53:23,855|[TRACE] graph - -----> statementPart
2021-11-21T23:53:23,855|[TRACE] graph - -------> nonSkippedSpace
2021-11-21T23:53:23,855|[TRACE] script - #out(` `) [token]
2021-11-21T23:53:23,855|[TRACE] graph - <------- nonSkippedSpace
2021-11-21T23:53:23,855|[TRACE] graph - <----- statementPart
2021-11-21T23:53:23,855|[TRACE] graph - -----> statementPart
2021-11-21T23:53:23,855|[TRACE] graph - -------> nonSkippedChar
2021-11-21T23:53:23,855|[TRACE] script - #out(`(`) [token]
2021-11-21T23:53:23,855|[TRACE] graph - <------- nonSkippedChar
2021-11-21T23:53:23,855|[TRACE] graph - <----- statementPart
2021-11-21T23:53:23,855|[TRACE] graph - -----> statementPart
2021-11-21T23:53:23,855|[TRACE] graph - -------> quotedString
2021-11-21T23:53:23,855|[TRACE] script - #out(``address_id``) [token]
2021-11-21T23:53:23,855|[TRACE] graph - <------- quotedString
2021-11-21T23:53:23,855|[TRACE] graph - <----- statementPart
2021-11-21T23:53:23,855|[TRACE] graph - -----> statementPart
2021-11-21T23:53:23,855|[TRACE] graph - -------> nonSkippedChar
2021-11-21T23:53:23,855|[TRACE] script - #out(`)`) [token]
2021-11-21T23:53:23,855|[TRACE] graph - <------- nonSkippedChar
2021-11-21T23:53:23,855|[TRACE] graph - <----- statementPart
2021-11-21T23:53:23,855|[TRACE] graph - -----> statementPart
2021-11-21T23:53:23,855|[TRACE] graph - -------> nonSkippedChar
2021-11-21T23:53:23,855|[TRACE] script - #out(`)`) [token]
2021-11-21T23:53:23,855|[TRACE] graph - <------- nonSkippedChar
2021-11-21T23:53:23,855|[TRACE] graph - <----- statementPart
2021-11-21T23:53:23,855|[TRACE] graph - -----> afterStatementPartNewline
2021-11-21T23:53:23,855|[TRACE] script - #out(` `) [text]
2021-11-21T23:53:23,855|[TRACE] graph - <----- afterStatementPartNewline
2021-11-21T23:53:23,855|[TRACE] graph - -----> statementPart
2021-11-21T23:53:23,855|[TRACE] graph - -------> nonSkippedChar
2021-11-21T23:53:23,855|[TRACE] script - #out(`E`) [token]
2021-11-21T23:53:23,855|[TRACE] graph - <------- nonSkippedChar
2021-11-21T23:53:23,855|[TRACE] graph - <----- statementPart
2021-11-21T23:53:23,855|[TRACE] graph - -----> statementPart
2021-11-21T23:53:23,855|[TRACE] graph - -------> nonSkippedChar
2021-11-21T23:53:23,855|[TRACE] script - #out(`N`) [token]
2021-11-21T23:53:23,855|[TRACE] graph - <------- nonSkippedChar
2021-11-21T23:53:23,855|[TRACE] graph - <----- statementPart
2021-11-21T23:53:23,855|[TRACE] graph - -----> statementPart
2021-11-21T23:53:23,855|[TRACE] graph - -------> nonSkippedChar
2021-11-21T23:53:23,855|[TRACE] script - #out(`G`) [token]
2021-11-21T23:53:23,855|[TRACE] graph - <------- nonSkippedChar
2021-11-21T23:53:23,855|[TRACE] graph - <----- statementPart
2021-11-21T23:53:23,855|[TRACE] graph - -----> statementPart
2021-11-21T23:53:23,855|[TRACE] graph - -------> nonSkippedChar
2021-11-21T23:53:23,855|[TRACE] script - #out(`I`) [token]
2021-11-21T23:53:23,855|[TRACE] graph - <------- nonSkippedChar
2021-11-21T23:53:23,855|[TRACE] graph - <----- statementPart
2021-11-21T23:53:23,855|[TRACE] graph - -----> statementPart
2021-11-21T23:53:23,855|[TRACE] graph - -------> nonSkippedChar
2021-11-21T23:53:23,855|[TRACE] script - #out(`N`) [token]
2021-11-21T23:53:23,855|[TRACE] graph - <------- nonSkippedChar
2021-11-21T23:53:23,855|[TRACE] graph - <----- statementPart
2021-11-21T23:53:23,855|[TRACE] graph - -----> statementPart
2021-11-21T23:53:23,855|[TRACE] graph - -------> nonSkippedChar
2021-11-21T23:53:23,855|[TRACE] script - #out(`E`) [token]
2021-11-21T23:53:23,855|[TRACE] graph - <------- nonSkippedChar
2021-11-21T23:53:23,855|[TRACE] graph - <----- statementPart
2021-11-21T23:53:23,855|[TRACE] graph - -----> statementPart
2021-11-21T23:53:23,855|[TRACE] graph - -------> nonSkippedSpace
2021-11-21T23:53:23,855|[TRACE] script - #out(` `) [token]
2021-11-21T23:53:23,855|[TRACE] graph - <------- nonSkippedSpace
2021-11-21T23:53:23,855|[TRACE] graph - <----- statementPart
2021-11-21T23:53:23,855|[TRACE] graph - -----> statementPart
2021-11-21T23:53:23,855|[TRACE] graph - -------> nonSkippedChar
2021-11-21T23:53:23,855|[TRACE] script - #out(`=`) [token]
2021-11-21T23:53:23,855|[TRACE] graph - <------- nonSkippedChar
2021-11-21T23:53:23,855|[TRACE] graph - <----- statementPart
2021-11-21T23:53:23,855|[TRACE] graph - -----> statementPart
2021-11-21T23:53:23,855|[TRACE] graph - -------> nonSkippedSpace
2021-11-21T23:53:23,855|[TRACE] script - #out(` `) [token]
2021-11-21T23:53:23,855|[TRACE] graph - <------- nonSkippedSpace
2021-11-21T23:53:23,855|[TRACE] graph - <----- statementPart
2021-11-21T23:53:23,855|[TRACE] graph - -----> statementPart
2021-11-21T23:53:23,855|[TRACE] graph - -------> nonSkippedChar
2021-11-21T23:53:23,855|[TRACE] script - #out(`I`) [token]
2021-11-21T23:53:23,855|[TRACE] graph - <------- nonSkippedChar
2021-11-21T23:53:23,855|[TRACE] graph - <----- statementPart
2021-11-21T23:53:23,855|[TRACE] graph - -----> statementPart
2021-11-21T23:53:23,855|[TRACE] graph - -------> nonSkippedChar
2021-11-21T23:53:23,855|[TRACE] script - #out(`n`) [token]
2021-11-21T23:53:23,855|[TRACE] graph - <------- nonSkippedChar
2021-11-21T23:53:23,855|[TRACE] graph - <----- statementPart
2021-11-21T23:53:23,855|[TRACE] graph - -----> statementPart
2021-11-21T23:53:23,855|[TRACE] graph - -------> nonSkippedChar
2021-11-21T23:53:23,855|[TRACE] script - #out(`n`) [token]
2021-11-21T23:53:23,855|[TRACE] graph - <------- nonSkippedChar
2021-11-21T23:53:23,855|[TRACE] graph - <----- statementPart
2021-11-21T23:53:23,855|[TRACE] graph - -----> statementPart
2021-11-21T23:53:23,855|[TRACE] graph - -------> nonSkippedChar
2021-11-21T23:53:23,855|[TRACE] script - #out(`o`) [token]
2021-11-21T23:53:23,855|[TRACE] graph - <------- nonSkippedChar
2021-11-21T23:53:23,855|[TRACE] graph - <----- statementPart
2021-11-21T23:53:23,855|[TRACE] graph - -----> statementPart
2021-11-21T23:53:23,855|[TRACE] graph - -------> nonSkippedChar
2021-11-21T23:53:23,855|[TRACE] script - #out(`D`) [token]
2021-11-21T23:53:23,855|[TRACE] graph - <------- nonSkippedChar
2021-11-21T23:53:23,855|[TRACE] graph - <----- statementPart
2021-11-21T23:53:23,855|[TRACE] graph - -----> statementPart
2021-11-21T23:53:23,855|[TRACE] graph - -------> nonSkippedChar
2021-11-21T23:53:23,855|[TRACE] script - #out(`B`) [token]
2021-11-21T23:53:23,855|[TRACE] graph - <------- nonSkippedChar
2021-11-21T23:53:23,855|[TRACE] graph - <----- statementPart
2021-11-21T23:53:23,855|[DEBUG] graph - Import statement : CREATE TABLE IF NOT EXISTS `bloodbank`.`address` (   `address_id` INT NOT NULL AUTO_INCREMENT,   `street_number` VARCHAR(10) NOT NULL,   `street` VARCHAR(100) NOT NULL,   `city` VARCHAR(100) NOT NULL,   `province` VARCHAR(100) NOT NULL,   `country` VARCHAR(100) NOT NULL,   `zipcode` VARCHAR(100) NOT NULL,   `created` BIGINT NOT NULL DEFAULT (unix_timestamp(now()) * 1000),   `updated` BIGINT NOT NULL DEFAULT (unix_timestamp(now()) * 1000),   `version` INT NOT NULL DEFAULT 1,   PRIMARY KEY (`address_id`)) ENGINE = InnoDB
2021-11-21T23:53:23,855|[TRACE] graph - <--- statement
2021-11-21T23:53:23,855|[TRACE] graph - ---> blankSpacesToSkip
2021-11-21T23:53:23,855|[TRACE] graph - -----> newLineToSkip
2021-11-21T23:53:23,855|[TRACE] graph - <----- newLineToSkip
2021-11-21T23:53:23,855|[TRACE] graph - -----> newLineToSkip
2021-11-21T23:53:23,855|[TRACE] graph - <----- newLineToSkip
2021-11-21T23:53:23,855|[TRACE] graph - -----> newLineToSkip
2021-11-21T23:53:23,897|[TRACE] graph - <----- newLineToSkip
2021-11-21T23:53:23,897|[TRACE] graph - -----> newLineToSkip
2021-11-21T23:53:23,897|[TRACE] graph - <----- newLineToSkip
2021-11-21T23:53:23,897|[TRACE] graph - -----> newLineToSkip
2021-11-21T23:53:23,897|[TRACE] graph - <----- newLineToSkip
2021-11-21T23:53:23,897|[TRACE] graph - -----> newLineToSkip
2021-11-21T23:53:23,897|[TRACE] graph - <----- newLineToSkip
2021-11-21T23:53:23,897|[TRACE] graph - <--- blankSpacesToSkip
2021-11-21T23:53:23,897|[TRACE] graph - ---> statement
2021-11-21T23:53:23,897|[TRACE] graph - -----> statementFirstPart
2021-11-21T23:53:23,897|[TRACE] graph - -------> nonSkippedChar
2021-11-21T23:53:23,897|[TRACE] script - #out(`C`) [token]
2021-11-21T23:53:23,897|[TRACE] graph - <------- nonSkippedChar
2021-11-21T23:53:23,897|[TRACE] graph - <----- statementFirstPart
2021-11-21T23:53:23,897|[TRACE] graph - -----> statementPart
2021-11-21T23:53:23,897|[TRACE] graph - -------> nonSkippedChar
2021-11-21T23:53:23,897|[TRACE] script - #out(`R`) [token]
2021-11-21T23:53:23,897|[TRACE] graph - <------- nonSkippedChar
2021-11-21T23:53:23,897|[TRACE] graph - <----- statementPart
2021-11-21T23:53:23,898|[TRACE] graph - -----> statementPart
2021-11-21T23:53:23,898|[TRACE] graph - -------> nonSkippedChar
2021-11-21T23:53:23,898|[TRACE] script - #out(`E`) [token]
2021-11-21T23:53:23,898|[TRACE] graph - <------- nonSkippedChar
2021-11-21T23:53:23,898|[TRACE] graph - <----- statementPart
2021-11-21T23:53:23,898|[TRACE] graph - -----> statementPart
2021-11-21T23:53:23,898|[TRACE] graph - -------> nonSkippedChar
2021-11-21T23:53:23,898|[TRACE] script - #out(`A`) [token]
2021-11-21T23:53:23,898|[TRACE] graph - <------- nonSkippedChar
2021-11-21T23:53:23,898|[TRACE] graph - <----- statementPart
2021-11-21T23:53:23,898|[TRACE] graph - -----> statementPart
2021-11-21T23:53:23,898|[TRACE] graph - -------> nonSkippedChar
2021-11-21T23:53:23,898|[TRACE] script - #out(`T`) [token]
2021-11-21T23:53:23,898|[TRACE] graph - <------- nonSkippedChar
2021-11-21T23:53:23,898|[TRACE] graph - <----- statementPart
2021-11-21T23:53:23,898|[TRACE] graph - -----> statementPart
2021-11-21T23:53:23,898|[TRACE] graph - -------> nonSkippedChar
2021-11-21T23:53:23,898|[TRACE] script - #out(`E`) [token]
2021-11-21T23:53:23,898|[TRACE] graph - <------- nonSkippedChar
2021-11-21T23:53:23,898|[TRACE] graph - <----- statementPart
2021-11-21T23:53:23,898|[TRACE] graph - -----> statementPart
2021-11-21T23:53:23,898|[TRACE] graph - -------> nonSkippedSpace
2021-11-21T23:53:23,898|[TRACE] script - #out(` `) [token]
2021-11-21T23:53:23,898|[TRACE] graph - <------- nonSkippedSpace
2021-11-21T23:53:23,898|[TRACE] graph - <----- statementPart
2021-11-21T23:53:23,898|[TRACE] graph - -----> statementPart
2021-11-21T23:53:23,898|[TRACE] graph - -------> nonSkippedChar
2021-11-21T23:53:23,898|[TRACE] script - #out(`T`) [token]
2021-11-21T23:53:23,898|[TRACE] graph - <------- nonSkippedChar
2021-11-21T23:53:23,898|[TRACE] graph - <----- statementPart
2021-11-21T23:53:23,898|[TRACE] graph - -----> statementPart
2021-11-21T23:53:23,898|[TRACE] graph - -------> nonSkippedChar
2021-11-21T23:53:23,898|[TRACE] script - #out(`A`) [token]
2021-11-21T23:53:23,898|[TRACE] graph - <------- nonSkippedChar
2021-11-21T23:53:23,898|[TRACE] graph - <----- statementPart
2021-11-21T23:53:23,898|[TRACE] graph - -----> statementPart
2021-11-21T23:53:23,898|[TRACE] graph - -------> nonSkippedChar
2021-11-21T23:53:23,898|[TRACE] script - #out(`B`) [token]
2021-11-21T23:53:23,898|[TRACE] graph - <------- nonSkippedChar
2021-11-21T23:53:23,898|[TRACE] graph - <----- statementPart
2021-11-21T23:53:23,898|[TRACE] graph - -----> statementPart
2021-11-21T23:53:23,898|[TRACE] graph - -------> nonSkippedChar
2021-11-21T23:53:23,898|[TRACE] script - #out(`L`) [token]
2021-11-21T23:53:23,898|[TRACE] graph - <------- nonSkippedChar
2021-11-21T23:53:23,898|[TRACE] graph - <----- statementPart
2021-11-21T23:53:23,898|[TRACE] graph - -----> statementPart
2021-11-21T23:53:23,898|[TRACE] graph - -------> nonSkippedChar
2021-11-21T23:53:23,898|[TRACE] script - #out(`E`) [token]
2021-11-21T23:53:23,898|[TRACE] graph - <------- nonSkippedChar
2021-11-21T23:53:23,898|[TRACE] graph - <----- statementPart
2021-11-21T23:53:23,898|[TRACE] graph - -----> statementPart
2021-11-21T23:53:23,898|[TRACE] graph - -------> nonSkippedSpace
2021-11-21T23:53:23,898|[TRACE] script - #out(` `) [token]
2021-11-21T23:53:23,898|[TRACE] graph - <------- nonSkippedSpace
2021-11-21T23:53:23,898|[TRACE] graph - <----- statementPart
2021-11-21T23:53:23,898|[TRACE] graph - -----> statementPart
2021-11-21T23:53:23,898|[TRACE] graph - -------> nonSkippedChar
2021-11-21T23:53:23,898|[TRACE] script - #out(`I`) [token]
2021-11-21T23:53:23,898|[TRACE] graph - <------- nonSkippedChar
2021-11-21T23:53:23,898|[TRACE] graph - <----- statementPart
2021-11-21T23:53:23,898|[TRACE] graph - -----> statementPart
2021-11-21T23:53:23,898|[TRACE] graph - -------> nonSkippedChar
2021-11-21T23:53:23,898|[TRACE] script - #out(`F`) [token]
2021-11-21T23:53:23,898|[TRACE] graph - <------- nonSkippedChar
2021-11-21T23:53:23,898|[TRACE] graph - <----- statementPart
2021-11-21T23:53:23,898|[TRACE] graph - -----> statementPart
2021-11-21T23:53:23,898|[TRACE] graph - -------> nonSkippedSpace
2021-11-21T23:53:23,898|[TRACE] script - #out(` `) [token]
2021-11-21T23:53:23,898|[TRACE] graph - <------- nonSkippedSpace
2021-11-21T23:53:23,898|[TRACE] graph - <----- statementPart
2021-11-21T23:53:23,898|[TRACE] graph - -----> statementPart
2021-11-21T23:53:23,898|[TRACE] graph - -------> nonSkippedChar
2021-11-21T23:53:23,898|[TRACE] script - #out(`N`) [token]
2021-11-21T23:53:23,898|[TRACE] graph - <------- nonSkippedChar
2021-11-21T23:53:23,898|[TRACE] graph - <----- statementPart
2021-11-21T23:53:23,898|[TRACE] graph - -----> statementPart
2021-11-21T23:53:23,898|[TRACE] graph - -------> nonSkippedChar
2021-11-21T23:53:23,898|[TRACE] script - #out(`O`) [token]
2021-11-21T23:53:23,898|[TRACE] graph - <------- nonSkippedChar
2021-11-21T23:53:23,898|[TRACE] graph - <----- statementPart
2021-11-21T23:53:23,898|[TRACE] graph - -----> statementPart
2021-11-21T23:53:23,898|[TRACE] graph - -------> nonSkippedChar
2021-11-21T23:53:23,898|[TRACE] script - #out(`T`) [token]
2021-11-21T23:53:23,898|[TRACE] graph - <------- nonSkippedChar
2021-11-21T23:53:23,898|[TRACE] graph - <----- statementPart
2021-11-21T23:53:23,898|[TRACE] graph - -----> statementPart
2021-11-21T23:53:23,898|[TRACE] graph - -------> nonSkippedSpace
2021-11-21T23:53:23,898|[TRACE] script - #out(` `) [token]
2021-11-21T23:53:23,898|[TRACE] graph - <------- nonSkippedSpace
2021-11-21T23:53:23,898|[TRACE] graph - <----- statementPart
2021-11-21T23:53:23,898|[TRACE] graph - -----> statementPart
2021-11-21T23:53:23,898|[TRACE] graph - -------> nonSkippedChar
2021-11-21T23:53:23,898|[TRACE] script - #out(`E`) [token]
2021-11-21T23:53:23,898|[TRACE] graph - <------- nonSkippedChar
2021-11-21T23:53:23,898|[TRACE] graph - <----- statementPart
2021-11-21T23:53:23,898|[TRACE] graph - -----> statementPart
2021-11-21T23:53:23,898|[TRACE] graph - -------> nonSkippedChar
2021-11-21T23:53:23,898|[TRACE] script - #out(`X`) [token]
2021-11-21T23:53:23,898|[TRACE] graph - <------- nonSkippedChar
2021-11-21T23:53:23,898|[TRACE] graph - <----- statementPart
2021-11-21T23:53:23,898|[TRACE] graph - -----> statementPart
2021-11-21T23:53:23,898|[TRACE] graph - -------> nonSkippedChar
2021-11-21T23:53:23,898|[TRACE] script - #out(`I`) [token]
2021-11-21T23:53:23,898|[TRACE] graph - <------- nonSkippedChar
2021-11-21T23:53:23,898|[TRACE] graph - <----- statementPart
2021-11-21T23:53:23,898|[TRACE] graph - -----> statementPart
2021-11-21T23:53:23,898|[TRACE] graph - -------> nonSkippedChar
2021-11-21T23:53:23,898|[TRACE] script - #out(`S`) [token]
2021-11-21T23:53:23,898|[TRACE] graph - <------- nonSkippedChar
2021-11-21T23:53:23,898|[TRACE] graph - <----- statementPart
2021-11-21T23:53:23,898|[TRACE] graph - -----> statementPart
2021-11-21T23:53:23,898|[TRACE] graph - -------> nonSkippedChar
2021-11-21T23:53:23,898|[TRACE] script - #out(`T`) [token]
2021-11-21T23:53:23,898|[TRACE] graph - <------- nonSkippedChar
2021-11-21T23:53:23,898|[TRACE] graph - <----- statementPart
2021-11-21T23:53:23,899|[TRACE] graph - -----> statementPart
2021-11-21T23:53:23,899|[TRACE] graph - -------> nonSkippedChar
2021-11-21T23:53:23,899|[TRACE] script - #out(`S`) [token]
2021-11-21T23:53:23,899|[TRACE] graph - <------- nonSkippedChar
2021-11-21T23:53:23,899|[TRACE] graph - <----- statementPart
2021-11-21T23:53:23,899|[TRACE] graph - -----> statementPart
2021-11-21T23:53:23,899|[TRACE] graph - -------> nonSkippedSpace
2021-11-21T23:53:23,899|[TRACE] script - #out(` `) [token]
2021-11-21T23:53:23,899|[TRACE] graph - <------- nonSkippedSpace
2021-11-21T23:53:23,899|[TRACE] graph - <----- statementPart
2021-11-21T23:53:23,899|[TRACE] graph - -----> statementPart
2021-11-21T23:53:23,899|[TRACE] graph - -------> quotedString
2021-11-21T23:53:23,899|[TRACE] script - #out(``bloodbank``) [token]
2021-11-21T23:53:23,899|[TRACE] graph - <------- quotedString
2021-11-21T23:53:23,899|[TRACE] graph - <----- statementPart
2021-11-21T23:53:23,899|[TRACE] graph - -----> statementPart
2021-11-21T23:53:23,899|[TRACE] graph - -------> nonSkippedChar
2021-11-21T23:53:23,899|[TRACE] script - #out(`.`) [token]
2021-11-21T23:53:23,899|[TRACE] graph - <------- nonSkippedChar
2021-11-21T23:53:23,899|[TRACE] graph - <----- statementPart
2021-11-21T23:53:23,899|[TRACE] graph - -----> statementPart
2021-11-21T23:53:23,899|[TRACE] graph - -------> quotedString
2021-11-21T23:53:23,899|[TRACE] script - #out(``phone``) [token]
2021-11-21T23:53:23,899|[TRACE] graph - <------- quotedString
2021-11-21T23:53:23,899|[TRACE] graph - <----- statementPart
2021-11-21T23:53:23,899|[TRACE] graph - -----> statementPart
2021-11-21T23:53:23,899|[TRACE] graph - -------> nonSkippedSpace
2021-11-21T23:53:23,899|[TRACE] script - #out(` `) [token]
2021-11-21T23:53:23,899|[TRACE] graph - <------- nonSkippedSpace
2021-11-21T23:53:23,899|[TRACE] graph - <----- statementPart
2021-11-21T23:53:23,899|[TRACE] graph - -----> statementPart
2021-11-21T23:53:23,899|[TRACE] graph - -------> nonSkippedChar
2021-11-21T23:53:23,899|[TRACE] script - #out(`(`) [token]
2021-11-21T23:53:23,899|[TRACE] graph - <------- nonSkippedChar
2021-11-21T23:53:23,899|[TRACE] graph - <----- statementPart
2021-11-21T23:53:23,899|[TRACE] graph - -----> afterStatementPartNewline
2021-11-21T23:53:23,899|[TRACE] script - #out(` `) [text]
2021-11-21T23:53:23,899|[TRACE] graph - <----- afterStatementPartNewline
2021-11-21T23:53:23,899|[TRACE] graph - -----> statementPart
2021-11-21T23:53:23,899|[TRACE] graph - -------> nonSkippedSpace
2021-11-21T23:53:23,899|[TRACE] script - #out(` `) [token]
2021-11-21T23:53:23,899|[TRACE] graph - <------- nonSkippedSpace
2021-11-21T23:53:23,899|[TRACE] graph - <----- statementPart
2021-11-21T23:53:23,899|[TRACE] graph - -----> statementPart
2021-11-21T23:53:23,899|[TRACE] graph - -------> nonSkippedSpace
2021-11-21T23:53:23,899|[TRACE] script - #out(` `) [token]
2021-11-21T23:53:23,899|[TRACE] graph - <------- nonSkippedSpace
2021-11-21T23:53:23,899|[TRACE] graph - <----- statementPart
2021-11-21T23:53:23,899|[TRACE] graph - -----> statementPart
2021-11-21T23:53:23,899|[TRACE] graph - -------> quotedString
2021-11-21T23:53:23,899|[TRACE] script - #out(``phone_id``) [token]
2021-11-21T23:53:23,899|[TRACE] graph - <------- quotedString
2021-11-21T23:53:23,899|[TRACE] graph - <----- statementPart
2021-11-21T23:53:23,899|[TRACE] graph - -----> statementPart
2021-11-21T23:53:23,899|[TRACE] graph - -------> nonSkippedSpace
2021-11-21T23:53:23,899|[TRACE] script - #out(` `) [token]
2021-11-21T23:53:23,899|[TRACE] graph - <------- nonSkippedSpace
2021-11-21T23:53:23,899|[TRACE] graph - <----- statementPart
2021-11-21T23:53:23,899|[TRACE] graph - -----> statementPart
2021-11-21T23:53:23,899|[TRACE] graph - -------> nonSkippedChar
2021-11-21T23:53:23,899|[TRACE] script - #out(`I`) [token]
2021-11-21T23:53:23,899|[TRACE] graph - <------- nonSkippedChar
2021-11-21T23:53:23,899|[TRACE] graph - <----- statementPart
2021-11-21T23:53:23,899|[TRACE] graph - -----> statementPart
2021-11-21T23:53:23,899|[TRACE] graph - -------> nonSkippedChar
2021-11-21T23:53:23,899|[TRACE] script - #out(`N`) [token]
2021-11-21T23:53:23,899|[TRACE] graph - <------- nonSkippedChar
2021-11-21T23:53:23,899|[TRACE] graph - <----- statementPart
2021-11-21T23:53:23,899|[TRACE] graph - -----> statementPart
2021-11-21T23:53:23,899|[TRACE] graph - -------> nonSkippedChar
2021-11-21T23:53:23,899|[TRACE] script - #out(`T`) [token]
2021-11-21T23:53:23,899|[TRACE] graph - <------- nonSkippedChar
2021-11-21T23:53:23,899|[TRACE] graph - <----- statementPart
2021-11-21T23:53:23,899|[TRACE] graph - -----> statementPart
2021-11-21T23:53:23,899|[TRACE] graph - -------> nonSkippedSpace
2021-11-21T23:53:23,899|[TRACE] script - #out(` `) [token]
2021-11-21T23:53:23,899|[TRACE] graph - <------- nonSkippedSpace
2021-11-21T23:53:23,899|[TRACE] graph - <----- statementPart
2021-11-21T23:53:23,899|[TRACE] graph - -----> statementPart
2021-11-21T23:53:23,899|[TRACE] graph - -------> nonSkippedChar
2021-11-21T23:53:23,899|[TRACE] script - #out(`N`) [token]
2021-11-21T23:53:23,899|[TRACE] graph - <------- nonSkippedChar
2021-11-21T23:53:23,899|[TRACE] graph - <----- statementPart
2021-11-21T23:53:23,899|[TRACE] graph - -----> statementPart
2021-11-21T23:53:23,899|[TRACE] graph - -------> nonSkippedChar
2021-11-21T23:53:23,899|[TRACE] script - #out(`O`) [token]
2021-11-21T23:53:23,899|[TRACE] graph - <------- nonSkippedChar
2021-11-21T23:53:23,899|[TRACE] graph - <----- statementPart
2021-11-21T23:53:23,899|[TRACE] graph - -----> statementPart
2021-11-21T23:53:23,899|[TRACE] graph - -------> nonSkippedChar
2021-11-21T23:53:23,899|[TRACE] script - #out(`T`) [token]
2021-11-21T23:53:23,899|[TRACE] graph - <------- nonSkippedChar
2021-11-21T23:53:23,899|[TRACE] graph - <----- statementPart
2021-11-21T23:53:23,899|[TRACE] graph - -----> statementPart
2021-11-21T23:53:23,899|[TRACE] graph - -------> nonSkippedSpace
2021-11-21T23:53:23,899|[TRACE] script - #out(` `) [token]
2021-11-21T23:53:23,899|[TRACE] graph - <------- nonSkippedSpace
2021-11-21T23:53:23,899|[TRACE] graph - <----- statementPart
2021-11-21T23:53:23,899|[TRACE] graph - -----> statementPart
2021-11-21T23:53:23,899|[TRACE] graph - -------> nonSkippedChar
2021-11-21T23:53:23,899|[TRACE] script - #out(`N`) [token]
2021-11-21T23:53:23,899|[TRACE] graph - <------- nonSkippedChar
2021-11-21T23:53:23,899|[TRACE] graph - <----- statementPart
2021-11-21T23:53:23,899|[TRACE] graph - -----> statementPart
2021-11-21T23:53:23,899|[TRACE] graph - -------> nonSkippedChar
2021-11-21T23:53:23,899|[TRACE] script - #out(`U`) [token]
2021-11-21T23:53:23,899|[TRACE] graph - <------- nonSkippedChar
2021-11-21T23:53:23,899|[TRACE] graph - <----- statementPart
2021-11-21T23:53:23,899|[TRACE] graph - -----> statementPart
2021-11-21T23:53:23,899|[TRACE] graph - -------> nonSkippedChar
2021-11-21T23:53:23,899|[TRACE] script - #out(`L`) [token]
2021-11-21T23:53:23,899|[TRACE] graph - <------- nonSkippedChar
2021-11-21T23:53:23,899|[TRACE] graph - <----- statementPart
2021-11-21T23:53:23,899|[TRACE] graph - -----> statementPart
2021-11-21T23:53:23,899|[TRACE] graph - -------> nonSkippedChar
2021-11-21T23:53:23,899|[TRACE] script - #out(`L`) [token]
2021-11-21T23:53:23,899|[TRACE] graph - <------- nonSkippedChar
2021-11-21T23:53:23,899|[TRACE] graph - <----- statementPart
2021-11-21T23:53:23,899|[TRACE] graph - -----> statementPart
2021-11-21T23:53:23,899|[TRACE] graph - -------> nonSkippedSpace
2021-11-21T23:53:23,899|[TRACE] script - #out(` `) [token]
2021-11-21T23:53:23,899|[TRACE] graph - <------- nonSkippedSpace
2021-11-21T23:53:23,899|[TRACE] graph - <----- statementPart
2021-11-21T23:53:23,899|[TRACE] graph - -----> statementPart
2021-11-21T23:53:23,899|[TRACE] graph - -------> nonSkippedChar
2021-11-21T23:53:23,899|[TRACE] script - #out(`A`) [token]
2021-11-21T23:53:23,899|[TRACE] graph - <------- nonSkippedChar
2021-11-21T23:53:23,899|[TRACE] graph - <----- statementPart
2021-11-21T23:53:23,899|[TRACE] graph - -----> statementPart
2021-11-21T23:53:23,899|[TRACE] graph - -------> nonSkippedChar
2021-11-21T23:53:23,899|[TRACE] script - #out(`U`) [token]
2021-11-21T23:53:23,899|[TRACE] graph - <------- nonSkippedChar
2021-11-21T23:53:23,899|[TRACE] graph - <----- statementPart
2021-11-21T23:53:23,899|[TRACE] graph - -----> statementPart
2021-11-21T23:53:23,899|[TRACE] graph - -------> nonSkippedChar
2021-11-21T23:53:23,899|[TRACE] script - #out(`T`) [token]
2021-11-21T23:53:23,899|[TRACE] graph - <------- nonSkippedChar
2021-11-21T23:53:23,899|[TRACE] graph - <----- statementPart
2021-11-21T23:53:23,899|[TRACE] graph - -----> statementPart
2021-11-21T23:53:23,899|[TRACE] graph - -------> nonSkippedChar
2021-11-21T23:53:23,899|[TRACE] script - #out(`O`) [token]
2021-11-21T23:53:23,899|[TRACE] graph - <------- nonSkippedChar
2021-11-21T23:53:23,899|[TRACE] graph - <----- statementPart
2021-11-21T23:53:23,899|[TRACE] graph - -----> statementPart
2021-11-21T23:53:23,899|[TRACE] graph - -------> nonSkippedChar
2021-11-21T23:53:23,900|[TRACE] script - #out(`_`) [token]
2021-11-21T23:53:23,900|[TRACE] graph - <------- nonSkippedChar
2021-11-21T23:53:23,900|[TRACE] graph - <----- statementPart
2021-11-21T23:53:23,900|[TRACE] graph - -----> statementPart
2021-11-21T23:53:23,900|[TRACE] graph - -------> nonSkippedChar
2021-11-21T23:53:23,900|[TRACE] script - #out(`I`) [token]
2021-11-21T23:53:23,900|[TRACE] graph - <------- nonSkippedChar
2021-11-21T23:53:23,900|[TRACE] graph - <----- statementPart
2021-11-21T23:53:23,900|[TRACE] graph - -----> statementPart
2021-11-21T23:53:23,900|[TRACE] graph - -------> nonSkippedChar
2021-11-21T23:53:23,900|[TRACE] script - #out(`N`) [token]
2021-11-21T23:53:23,900|[TRACE] graph - <------- nonSkippedChar
2021-11-21T23:53:23,900|[TRACE] graph - <----- statementPart
2021-11-21T23:53:23,900|[TRACE] graph - -----> statementPart
2021-11-21T23:53:23,900|[TRACE] graph - -------> nonSkippedChar
2021-11-21T23:53:23,900|[TRACE] script - #out(`C`) [token]
2021-11-21T23:53:23,900|[TRACE] graph - <------- nonSkippedChar
2021-11-21T23:53:23,900|[TRACE] graph - <----- statementPart
2021-11-21T23:53:23,900|[TRACE] graph - -----> statementPart
2021-11-21T23:53:23,900|[TRACE] graph - -------> nonSkippedChar
2021-11-21T23:53:23,900|[TRACE] script - #out(`R`) [token]
2021-11-21T23:53:23,900|[TRACE] graph - <------- nonSkippedChar
2021-11-21T23:53:23,900|[TRACE] graph - <----- statementPart
2021-11-21T23:53:23,900|[TRACE] graph - -----> statementPart
2021-11-21T23:53:23,900|[TRACE] graph - -------> nonSkippedChar
2021-11-21T23:53:23,900|[TRACE] script - #out(`E`) [token]
2021-11-21T23:53:23,900|[TRACE] graph - <------- nonSkippedChar
2021-11-21T23:53:23,900|[TRACE] graph - <----- statementPart
2021-11-21T23:53:23,900|[TRACE] graph - -----> statementPart
2021-11-21T23:53:23,900|[TRACE] graph - -------> nonSkippedChar
2021-11-21T23:53:23,900|[TRACE] script - #out(`M`) [token]
2021-11-21T23:53:23,900|[TRACE] graph - <------- nonSkippedChar
2021-11-21T23:53:23,900|[TRACE] graph - <----- statementPart
2021-11-21T23:53:23,900|[TRACE] graph - -----> statementPart
2021-11-21T23:53:23,900|[TRACE] graph - -------> nonSkippedChar
2021-11-21T23:53:23,900|[TRACE] script - #out(`E`) [token]
2021-11-21T23:53:23,900|[TRACE] graph - <------- nonSkippedChar
2021-11-21T23:53:23,900|[TRACE] graph - <----- statementPart
2021-11-21T23:53:23,900|[TRACE] graph - -----> statementPart
2021-11-21T23:53:23,900|[TRACE] graph - -------> nonSkippedChar
2021-11-21T23:53:23,900|[TRACE] script - #out(`N`) [token]
2021-11-21T23:53:23,900|[TRACE] graph - <------- nonSkippedChar
2021-11-21T23:53:23,900|[TRACE] graph - <----- statementPart
2021-11-21T23:53:23,900|[TRACE] graph - -----> statementPart
2021-11-21T23:53:23,900|[TRACE] graph - -------> nonSkippedChar
2021-11-21T23:53:23,900|[TRACE] script - #out(`T`) [token]
2021-11-21T23:53:23,900|[TRACE] graph - <------- nonSkippedChar
2021-11-21T23:53:23,900|[TRACE] graph - <----- statementPart
2021-11-21T23:53:23,900|[TRACE] graph - -----> statementPart
2021-11-21T23:53:23,900|[TRACE] graph - -------> nonSkippedChar
2021-11-21T23:53:23,900|[TRACE] script - #out(`,`) [token]
2021-11-21T23:53:23,900|[TRACE] graph - <------- nonSkippedChar
2021-11-21T23:53:23,900|[TRACE] graph - <----- statementPart
2021-11-21T23:53:23,900|[TRACE] graph - -----> afterStatementPartNewline
2021-11-21T23:53:23,900|[TRACE] script - #out(` `) [text]
2021-11-21T23:53:23,900|[TRACE] graph - <----- afterStatementPartNewline
2021-11-21T23:53:23,900|[TRACE] graph - -----> statementPart
2021-11-21T23:53:23,900|[TRACE] graph - -------> nonSkippedSpace
2021-11-21T23:53:23,900|[TRACE] script - #out(` `) [token]
2021-11-21T23:53:23,900|[TRACE] graph - <------- nonSkippedSpace
2021-11-21T23:53:23,900|[TRACE] graph - <----- statementPart
2021-11-21T23:53:23,900|[TRACE] graph - -----> statementPart
2021-11-21T23:53:23,900|[TRACE] graph - -------> nonSkippedSpace
2021-11-21T23:53:23,900|[TRACE] script - #out(` `) [token]
2021-11-21T23:53:23,900|[TRACE] graph - <------- nonSkippedSpace
2021-11-21T23:53:23,900|[TRACE] graph - <----- statementPart
2021-11-21T23:53:23,900|[TRACE] graph - -----> statementPart
2021-11-21T23:53:23,900|[TRACE] graph - -------> quotedString
2021-11-21T23:53:23,900|[TRACE] script - #out(``country_code``) [token]
2021-11-21T23:53:23,900|[TRACE] graph - <------- quotedString
2021-11-21T23:53:23,900|[TRACE] graph - <----- statementPart
2021-11-21T23:53:23,900|[TRACE] graph - -----> statementPart
2021-11-21T23:53:23,900|[TRACE] graph - -------> nonSkippedSpace
2021-11-21T23:53:23,900|[TRACE] script - #out(` `) [token]
2021-11-21T23:53:23,900|[TRACE] graph - <------- nonSkippedSpace
2021-11-21T23:53:23,900|[TRACE] graph - <----- statementPart
2021-11-21T23:53:23,900|[TRACE] graph - -----> statementPart
2021-11-21T23:53:23,900|[TRACE] graph - -------> nonSkippedChar
2021-11-21T23:53:23,900|[TRACE] script - #out(`V`) [token]
2021-11-21T23:53:23,900|[TRACE] graph - <------- nonSkippedChar
2021-11-21T23:53:23,900|[TRACE] graph - <----- statementPart
2021-11-21T23:53:23,900|[TRACE] graph - -----> statementPart
2021-11-21T23:53:23,900|[TRACE] graph - -------> nonSkippedChar
2021-11-21T23:53:23,900|[TRACE] script - #out(`A`) [token]
2021-11-21T23:53:23,900|[TRACE] graph - <------- nonSkippedChar
2021-11-21T23:53:23,900|[TRACE] graph - <----- statementPart
2021-11-21T23:53:23,900|[TRACE] graph - -----> statementPart
2021-11-21T23:53:23,900|[TRACE] graph - -------> nonSkippedChar
2021-11-21T23:53:23,900|[TRACE] script - #out(`R`) [token]
2021-11-21T23:53:23,900|[TRACE] graph - <------- nonSkippedChar
2021-11-21T23:53:23,900|[TRACE] graph - <----- statementPart
2021-11-21T23:53:23,900|[TRACE] graph - -----> statementPart
2021-11-21T23:53:23,900|[TRACE] graph - -------> nonSkippedChar
2021-11-21T23:53:23,900|[TRACE] script - #out(`C`) [token]
2021-11-21T23:53:23,900|[TRACE] graph - <------- nonSkippedChar
2021-11-21T23:53:23,900|[TRACE] graph - <----- statementPart
2021-11-21T23:53:23,900|[TRACE] graph - -----> statementPart
2021-11-21T23:53:23,900|[TRACE] graph - -------> nonSkippedChar
2021-11-21T23:53:23,900|[TRACE] script - #out(`H`) [token]
2021-11-21T23:53:23,900|[TRACE] graph - <------- nonSkippedChar
2021-11-21T23:53:23,900|[TRACE] graph - <----- statementPart
2021-11-21T23:53:23,900|[TRACE] graph - -----> statementPart
2021-11-21T23:53:23,900|[TRACE] graph - -------> nonSkippedChar
2021-11-21T23:53:23,900|[TRACE] script - #out(`A`) [token]
2021-11-21T23:53:23,900|[TRACE] graph - <------- nonSkippedChar
2021-11-21T23:53:23,900|[TRACE] graph - <----- statementPart
2021-11-21T23:53:23,900|[TRACE] graph - -----> statementPart
2021-11-21T23:53:23,900|[TRACE] graph - -------> nonSkippedChar
2021-11-21T23:53:23,900|[TRACE] script - #out(`R`) [token]
2021-11-21T23:53:23,900|[TRACE] graph - <------- nonSkippedChar
2021-11-21T23:53:23,900|[TRACE] graph - <----- statementPart
2021-11-21T23:53:23,900|[TRACE] graph - -----> statementPart
2021-11-21T23:53:23,900|[TRACE] graph - -------> nonSkippedChar
2021-11-21T23:53:23,900|[TRACE] script - #out(`(`) [token]
2021-11-21T23:53:23,900|[TRACE] graph - <------- nonSkippedChar
2021-11-21T23:53:23,900|[TRACE] graph - <----- statementPart
2021-11-21T23:53:23,900|[TRACE] graph - -----> statementPart
2021-11-21T23:53:23,900|[TRACE] graph - -------> nonSkippedChar
2021-11-21T23:53:23,900|[TRACE] script - #out(`1`) [token]
2021-11-21T23:53:23,900|[TRACE] graph - <------- nonSkippedChar
2021-11-21T23:53:23,900|[TRACE] graph - <----- statementPart
2021-11-21T23:53:23,900|[TRACE] graph - -----> statementPart
2021-11-21T23:53:23,900|[TRACE] graph - -------> nonSkippedChar
2021-11-21T23:53:23,900|[TRACE] script - #out(`0`) [token]
2021-11-21T23:53:23,900|[TRACE] graph - <------- nonSkippedChar
2021-11-21T23:53:23,900|[TRACE] graph - <----- statementPart
2021-11-21T23:53:23,900|[TRACE] graph - -----> statementPart
2021-11-21T23:53:23,900|[TRACE] graph - -------> nonSkippedChar
2021-11-21T23:53:23,900|[TRACE] script - #out(`)`) [token]
2021-11-21T23:53:23,900|[TRACE] graph - <------- nonSkippedChar
2021-11-21T23:53:23,900|[TRACE] graph - <----- statementPart
2021-11-21T23:53:23,900|[TRACE] graph - -----> statementPart
2021-11-21T23:53:23,900|[TRACE] graph - -------> nonSkippedSpace
2021-11-21T23:53:23,900|[TRACE] script - #out(` `) [token]
2021-11-21T23:53:23,900|[TRACE] graph - <------- nonSkippedSpace
2021-11-21T23:53:23,900|[TRACE] graph - <----- statementPart
2021-11-21T23:53:23,900|[TRACE] graph - -----> statementPart
2021-11-21T23:53:23,900|[TRACE] graph - -------> nonSkippedChar
2021-11-21T23:53:23,900|[TRACE] script - #out(`N`) [token]
2021-11-21T23:53:23,900|[TRACE] graph - <------- nonSkippedChar
2021-11-21T23:53:23,900|[TRACE] graph - <----- statementPart
2021-11-21T23:53:23,900|[TRACE] graph - -----> statementPart
2021-11-21T23:53:23,900|[TRACE] graph - -------> nonSkippedChar
2021-11-21T23:53:23,900|[TRACE] script - #out(`O`) [token]
2021-11-21T23:53:23,900|[TRACE] graph - <------- nonSkippedChar
2021-11-21T23:53:23,900|[TRACE] graph - <----- statementPart
2021-11-21T23:53:23,900|[TRACE] graph - -----> statementPart
2021-11-21T23:53:23,900|[TRACE] graph - -------> nonSkippedChar
2021-11-21T23:53:23,900|[TRACE] script - #out(`T`) [token]
2021-11-21T23:53:23,900|[TRACE] graph - <------- nonSkippedChar
2021-11-21T23:53:23,900|[TRACE] graph - <----- statementPart
2021-11-21T23:53:23,900|[TRACE] graph - -----> statementPart
2021-11-21T23:53:23,900|[TRACE] graph - -------> nonSkippedSpace
2021-11-21T23:53:23,900|[TRACE] script - #out(` `) [token]
2021-11-21T23:53:23,901|[TRACE] graph - <------- nonSkippedSpace
2021-11-21T23:53:23,901|[TRACE] graph - <----- statementPart
2021-11-21T23:53:23,901|[TRACE] graph - -----> statementPart
2021-11-21T23:53:23,901|[TRACE] graph - -------> nonSkippedChar
2021-11-21T23:53:23,901|[TRACE] script - #out(`N`) [token]
2021-11-21T23:53:23,901|[TRACE] graph - <------- nonSkippedChar
2021-11-21T23:53:23,901|[TRACE] graph - <----- statementPart
2021-11-21T23:53:23,901|[TRACE] graph - -----> statementPart
2021-11-21T23:53:23,901|[TRACE] graph - -------> nonSkippedChar
2021-11-21T23:53:23,901|[TRACE] script - #out(`U`) [token]
2021-11-21T23:53:23,901|[TRACE] graph - <------- nonSkippedChar
2021-11-21T23:53:23,901|[TRACE] graph - <----- statementPart
2021-11-21T23:53:23,901|[TRACE] graph - -----> statementPart
2021-11-21T23:53:23,901|[TRACE] graph - -------> nonSkippedChar
2021-11-21T23:53:23,901|[TRACE] script - #out(`L`) [token]
2021-11-21T23:53:23,901|[TRACE] graph - <------- nonSkippedChar
2021-11-21T23:53:23,901|[TRACE] graph - <----- statementPart
2021-11-21T23:53:23,901|[TRACE] graph - -----> statementPart
2021-11-21T23:53:23,901|[TRACE] graph - -------> nonSkippedChar
2021-11-21T23:53:23,901|[TRACE] script - #out(`L`) [token]
2021-11-21T23:53:23,901|[TRACE] graph - <------- nonSkippedChar
2021-11-21T23:53:23,901|[TRACE] graph - <----- statementPart
2021-11-21T23:53:23,901|[TRACE] graph - -----> statementPart
2021-11-21T23:53:23,901|[TRACE] graph - -------> nonSkippedSpace
2021-11-21T23:53:23,901|[TRACE] script - #out(` `) [token]
2021-11-21T23:53:23,901|[TRACE] graph - <------- nonSkippedSpace
2021-11-21T23:53:23,901|[TRACE] graph - <----- statementPart
2021-11-21T23:53:23,901|[TRACE] graph - -----> statementPart
2021-11-21T23:53:23,901|[TRACE] graph - -------> nonSkippedChar
2021-11-21T23:53:23,901|[TRACE] script - #out(`D`) [token]
2021-11-21T23:53:23,901|[TRACE] graph - <------- nonSkippedChar
2021-11-21T23:53:23,939|[TRACE] graph - <----- statementPart
2021-11-21T23:53:23,939|[TRACE] graph - -----> statementPart
2021-11-21T23:53:23,939|[TRACE] graph - -------> nonSkippedChar
2021-11-21T23:53:23,939|[TRACE] script - #out(`E`) [token]
2021-11-21T23:53:23,939|[TRACE] graph - <------- nonSkippedChar
2021-11-21T23:53:23,939|[TRACE] graph - <----- statementPart
2021-11-21T23:53:23,939|[TRACE] graph - -----> statementPart
2021-11-21T23:53:23,939|[TRACE] graph - -------> nonSkippedChar
2021-11-21T23:53:23,939|[TRACE] script - #out(`F`) [token]
2021-11-21T23:53:23,939|[TRACE] graph - <------- nonSkippedChar
2021-11-21T23:53:23,939|[TRACE] graph - <----- statementPart
2021-11-21T23:53:23,939|[TRACE] graph - -----> statementPart
2021-11-21T23:53:23,939|[TRACE] graph - -------> nonSkippedChar
2021-11-21T23:53:23,939|[TRACE] script - #out(`A`) [token]
2021-11-21T23:53:23,939|[TRACE] graph - <------- nonSkippedChar
2021-11-21T23:53:23,939|[TRACE] graph - <----- statementPart
2021-11-21T23:53:23,939|[TRACE] graph - -----> statementPart
2021-11-21T23:53:23,939|[TRACE] graph - -------> nonSkippedChar
2021-11-21T23:53:23,939|[TRACE] script - #out(`U`) [token]
2021-11-21T23:53:23,939|[TRACE] graph - <------- nonSkippedChar
2021-11-21T23:53:23,939|[TRACE] graph - <----- statementPart
2021-11-21T23:53:23,939|[TRACE] graph - -----> statementPart
2021-11-21T23:53:23,939|[TRACE] graph - -------> nonSkippedChar
2021-11-21T23:53:23,939|[TRACE] script - #out(`L`) [token]
2021-11-21T23:53:23,939|[TRACE] graph - <------- nonSkippedChar
2021-11-21T23:53:23,939|[TRACE] graph - <----- statementPart
2021-11-21T23:53:23,939|[TRACE] graph - -----> statementPart
2021-11-21T23:53:23,939|[TRACE] graph - -------> nonSkippedChar
2021-11-21T23:53:23,939|[TRACE] script - #out(`T`) [token]
2021-11-21T23:53:23,939|[TRACE] graph - <------- nonSkippedChar
2021-11-21T23:53:23,939|[TRACE] graph - <----- statementPart
2021-11-21T23:53:23,939|[TRACE] graph - -----> statementPart
2021-11-21T23:53:23,939|[TRACE] graph - -------> nonSkippedSpace
2021-11-21T23:53:23,939|[TRACE] script - #out(` `) [token]
2021-11-21T23:53:23,939|[TRACE] graph - <------- nonSkippedSpace
2021-11-21T23:53:23,939|[TRACE] graph - <----- statementPart
2021-11-21T23:53:23,939|[TRACE] graph - -----> statementPart
2021-11-21T23:53:23,939|[TRACE] graph - -------> quotedString
2021-11-21T23:53:23,939|[TRACE] script - #out(`'1'`) [token]
2021-11-21T23:53:23,939|[TRACE] graph - <------- quotedString
2021-11-21T23:53:23,939|[TRACE] graph - <----- statementPart
2021-11-21T23:53:23,939|[TRACE] graph - -----> statementPart
2021-11-21T23:53:23,939|[TRACE] graph - -------> nonSkippedChar
2021-11-21T23:53:23,939|[TRACE] script - #out(`,`) [token]
2021-11-21T23:53:23,940|[TRACE] graph - <------- nonSkippedChar
2021-11-21T23:53:23,940|[TRACE] graph - <----- statementPart
2021-11-21T23:53:23,940|[TRACE] graph - -----> afterStatementPartNewline
2021-11-21T23:53:23,940|[TRACE] script - #out(` `) [text]
2021-11-21T23:53:23,940|[TRACE] graph - <----- afterStatementPartNewline
2021-11-21T23:53:23,940|[TRACE] graph - -----> statementPart
2021-11-21T23:53:23,940|[TRACE] graph - -------> nonSkippedSpace
2021-11-21T23:53:23,940|[TRACE] script - #out(` `) [token]
2021-11-21T23:53:23,940|[TRACE] graph - <------- nonSkippedSpace
2021-11-21T23:53:23,940|[TRACE] graph - <----- statementPart
2021-11-21T23:53:23,940|[TRACE] graph - -----> statementPart
2021-11-21T23:53:23,940|[TRACE] graph - -------> nonSkippedSpace
2021-11-21T23:53:23,940|[TRACE] script - #out(` `) [token]
2021-11-21T23:53:23,940|[TRACE] graph - <------- nonSkippedSpace
2021-11-21T23:53:23,940|[TRACE] graph - <----- statementPart
2021-11-21T23:53:23,940|[TRACE] graph - -----> statementPart
2021-11-21T23:53:23,940|[TRACE] graph - -------> quotedString
2021-11-21T23:53:23,940|[TRACE] script - #out(``area_code``) [token]
2021-11-21T23:53:23,940|[TRACE] graph - <------- quotedString
2021-11-21T23:53:23,940|[TRACE] graph - <----- statementPart
2021-11-21T23:53:23,940|[TRACE] graph - -----> statementPart
2021-11-21T23:53:23,940|[TRACE] graph - -------> nonSkippedSpace
2021-11-21T23:53:23,940|[TRACE] script - #out(` `) [token]
2021-11-21T23:53:23,940|[TRACE] graph - <------- nonSkippedSpace
2021-11-21T23:53:23,940|[TRACE] graph - <----- statementPart
2021-11-21T23:53:23,940|[TRACE] graph - -----> statementPart
2021-11-21T23:53:23,940|[TRACE] graph - -------> nonSkippedChar
2021-11-21T23:53:23,940|[TRACE] script - #out(`V`) [token]
2021-11-21T23:53:23,940|[TRACE] graph - <------- nonSkippedChar
2021-11-21T23:53:23,940|[TRACE] graph - <----- statementPart
2021-11-21T23:53:23,940|[TRACE] graph - -----> statementPart
2021-11-21T23:53:23,940|[TRACE] graph - -------> nonSkippedChar
2021-11-21T23:53:23,940|[TRACE] script - #out(`A`) [token]
2021-11-21T23:53:23,940|[TRACE] graph - <------- nonSkippedChar
2021-11-21T23:53:23,940|[TRACE] graph - <----- statementPart
2021-11-21T23:53:23,940|[TRACE] graph - -----> statementPart
2021-11-21T23:53:23,940|[TRACE] graph - -------> nonSkippedChar
2021-11-21T23:53:23,940|[TRACE] script - #out(`R`) [token]
2021-11-21T23:53:23,940|[TRACE] graph - <------- nonSkippedChar
2021-11-21T23:53:23,940|[TRACE] graph - <----- statementPart
2021-11-21T23:53:23,940|[TRACE] graph - -----> statementPart
2021-11-21T23:53:23,940|[TRACE] graph - -------> nonSkippedChar
2021-11-21T23:53:23,940|[TRACE] script - #out(`C`) [token]
2021-11-21T23:53:23,940|[TRACE] graph - <------- nonSkippedChar
2021-11-21T23:53:23,940|[TRACE] graph - <----- statementPart
2021-11-21T23:53:23,940|[TRACE] graph - -----> statementPart
2021-11-21T23:53:23,940|[TRACE] graph - -------> nonSkippedChar
2021-11-21T23:53:23,940|[TRACE] script - #out(`H`) [token]
2021-11-21T23:53:23,940|[TRACE] graph - <------- nonSkippedChar
2021-11-21T23:53:23,940|[TRACE] graph - <----- statementPart
2021-11-21T23:53:23,940|[TRACE] graph - -----> statementPart
2021-11-21T23:53:23,940|[TRACE] graph - -------> nonSkippedChar
2021-11-21T23:53:23,940|[TRACE] script - #out(`A`) [token]
2021-11-21T23:53:23,940|[TRACE] graph - <------- nonSkippedChar
2021-11-21T23:53:23,940|[TRACE] graph - <----- statementPart
2021-11-21T23:53:23,940|[TRACE] graph - -----> statementPart
2021-11-21T23:53:23,940|[TRACE] graph - -------> nonSkippedChar
2021-11-21T23:53:23,940|[TRACE] script - #out(`R`) [token]
2021-11-21T23:53:23,940|[TRACE] graph - <------- nonSkippedChar
2021-11-21T23:53:23,940|[TRACE] graph - <----- statementPart
2021-11-21T23:53:23,940|[TRACE] graph - -----> statementPart
2021-11-21T23:53:23,940|[TRACE] graph - -------> nonSkippedChar
2021-11-21T23:53:23,940|[TRACE] script - #out(`(`) [token]
2021-11-21T23:53:23,940|[TRACE] graph - <------- nonSkippedChar
2021-11-21T23:53:23,940|[TRACE] graph - <----- statementPart
2021-11-21T23:53:23,940|[TRACE] graph - -----> statementPart
2021-11-21T23:53:23,940|[TRACE] graph - -------> nonSkippedChar
2021-11-21T23:53:23,940|[TRACE] script - #out(`1`) [token]
2021-11-21T23:53:23,940|[TRACE] graph - <------- nonSkippedChar
2021-11-21T23:53:23,940|[TRACE] graph - <----- statementPart
2021-11-21T23:53:23,940|[TRACE] graph - -----> statementPart
2021-11-21T23:53:23,940|[TRACE] graph - -------> nonSkippedChar
2021-11-21T23:53:23,940|[TRACE] script - #out(`0`) [token]
2021-11-21T23:53:23,940|[TRACE] graph - <------- nonSkippedChar
2021-11-21T23:53:23,940|[TRACE] graph - <----- statementPart
2021-11-21T23:53:23,940|[TRACE] graph - -----> statementPart
2021-11-21T23:53:23,940|[TRACE] graph - -------> nonSkippedChar
2021-11-21T23:53:23,940|[TRACE] script - #out(`)`) [token]
2021-11-21T23:53:23,940|[TRACE] graph - <------- nonSkippedChar
2021-11-21T23:53:23,940|[TRACE] graph - <----- statementPart
2021-11-21T23:53:23,940|[TRACE] graph - -----> statementPart
2021-11-21T23:53:23,940|[TRACE] graph - -------> nonSkippedSpace
2021-11-21T23:53:23,940|[TRACE] script - #out(` `) [token]
2021-11-21T23:53:23,940|[TRACE] graph - <------- nonSkippedSpace
2021-11-21T23:53:23,940|[TRACE] graph - <----- statementPart
2021-11-21T23:53:23,940|[TRACE] graph - -----> statementPart
2021-11-21T23:53:23,940|[TRACE] graph - -------> nonSkippedChar
2021-11-21T23:53:23,940|[TRACE] script - #out(`N`) [token]
2021-11-21T23:53:23,940|[TRACE] graph - <------- nonSkippedChar
2021-11-21T23:53:23,940|[TRACE] graph - <----- statementPart
2021-11-21T23:53:23,940|[TRACE] graph - -----> statementPart
2021-11-21T23:53:23,940|[TRACE] graph - -------> nonSkippedChar
2021-11-21T23:53:23,940|[TRACE] script - #out(`O`) [token]
2021-11-21T23:53:23,940|[TRACE] graph - <------- nonSkippedChar
2021-11-21T23:53:23,940|[TRACE] graph - <----- statementPart
2021-11-21T23:53:23,940|[TRACE] graph - -----> statementPart
2021-11-21T23:53:23,940|[TRACE] graph - -------> nonSkippedChar
2021-11-21T23:53:23,940|[TRACE] script - #out(`T`) [token]
2021-11-21T23:53:23,940|[TRACE] graph - <------- nonSkippedChar
2021-11-21T23:53:23,940|[TRACE] graph - <----- statementPart
2021-11-21T23:53:23,940|[TRACE] graph - -----> statementPart
2021-11-21T23:53:23,940|[TRACE] graph - -------> nonSkippedSpace
2021-11-21T23:53:23,940|[TRACE] script - #out(` `) [token]
2021-11-21T23:53:23,940|[TRACE] graph - <------- nonSkippedSpace
2021-11-21T23:53:23,940|[TRACE] graph - <----- statementPart
2021-11-21T23:53:23,940|[TRACE] graph - -----> statementPart
2021-11-21T23:53:23,940|[TRACE] graph - -------> nonSkippedChar
2021-11-21T23:53:23,940|[TRACE] script - #out(`N`) [token]
2021-11-21T23:53:23,940|[TRACE] graph - <------- nonSkippedChar
2021-11-21T23:53:23,940|[TRACE] graph - <----- statementPart
2021-11-21T23:53:23,940|[TRACE] graph - -----> statementPart
2021-11-21T23:53:23,940|[TRACE] graph - -------> nonSkippedChar
2021-11-21T23:53:23,940|[TRACE] script - #out(`U`) [token]
2021-11-21T23:53:23,940|[TRACE] graph - <------- nonSkippedChar
2021-11-21T23:53:23,940|[TRACE] graph - <----- statementPart
2021-11-21T23:53:23,940|[TRACE] graph - -----> statementPart
2021-11-21T23:53:23,940|[TRACE] graph - -------> nonSkippedChar
2021-11-21T23:53:23,940|[TRACE] script - #out(`L`) [token]
2021-11-21T23:53:23,940|[TRACE] graph - <------- nonSkippedChar
2021-11-21T23:53:23,940|[TRACE] graph - <----- statementPart
2021-11-21T23:53:23,940|[TRACE] graph - -----> statementPart
2021-11-21T23:53:23,940|[TRACE] graph - -------> nonSkippedChar
2021-11-21T23:53:23,940|[TRACE] script - #out(`L`) [token]
2021-11-21T23:53:23,940|[TRACE] graph - <------- nonSkippedChar
2021-11-21T23:53:23,940|[TRACE] graph - <----- statementPart
2021-11-21T23:53:23,940|[TRACE] graph - -----> statementPart
2021-11-21T23:53:23,940|[TRACE] graph - -------> nonSkippedChar
2021-11-21T23:53:23,940|[TRACE] script - #out(`,`) [token]
2021-11-21T23:53:23,940|[TRACE] graph - <------- nonSkippedChar
2021-11-21T23:53:23,940|[TRACE] graph - <----- statementPart
2021-11-21T23:53:23,940|[TRACE] graph - -----> afterStatementPartNewline
2021-11-21T23:53:23,940|[TRACE] script - #out(` `) [text]
2021-11-21T23:53:23,940|[TRACE] graph - <----- afterStatementPartNewline
2021-11-21T23:53:23,940|[TRACE] graph - -----> statementPart
2021-11-21T23:53:23,940|[TRACE] graph - -------> nonSkippedSpace
2021-11-21T23:53:23,940|[TRACE] script - #out(` `) [token]
2021-11-21T23:53:23,940|[TRACE] graph - <------- nonSkippedSpace
2021-11-21T23:53:23,940|[TRACE] graph - <----- statementPart
2021-11-21T23:53:23,940|[TRACE] graph - -----> statementPart
2021-11-21T23:53:23,940|[TRACE] graph - -------> nonSkippedSpace
2021-11-21T23:53:23,940|[TRACE] script - #out(` `) [token]
2021-11-21T23:53:23,940|[TRACE] graph - <------- nonSkippedSpace
2021-11-21T23:53:23,940|[TRACE] graph - <----- statementPart
2021-11-21T23:53:23,940|[TRACE] graph - -----> statementPart
2021-11-21T23:53:23,941|[TRACE] graph - -------> quotedString
2021-11-21T23:53:23,941|[TRACE] script - #out(``number``) [token]
2021-11-21T23:53:23,941|[TRACE] graph - <------- quotedString
2021-11-21T23:53:23,941|[TRACE] graph - <----- statementPart
2021-11-21T23:53:23,941|[TRACE] graph - -----> statementPart
2021-11-21T23:53:23,941|[TRACE] graph - -------> nonSkippedSpace
2021-11-21T23:53:23,941|[TRACE] script - #out(` `) [token]
2021-11-21T23:53:23,941|[TRACE] graph - <------- nonSkippedSpace
2021-11-21T23:53:23,941|[TRACE] graph - <----- statementPart
2021-11-21T23:53:23,941|[TRACE] graph - -----> statementPart
2021-11-21T23:53:23,941|[TRACE] graph - -------> nonSkippedChar
2021-11-21T23:53:23,941|[TRACE] script - #out(`V`) [token]
2021-11-21T23:53:23,941|[TRACE] graph - <------- nonSkippedChar
2021-11-21T23:53:23,941|[TRACE] graph - <----- statementPart
2021-11-21T23:53:23,941|[TRACE] graph - -----> statementPart
2021-11-21T23:53:23,941|[TRACE] graph - -------> nonSkippedChar
2021-11-21T23:53:23,941|[TRACE] script - #out(`A`) [token]
2021-11-21T23:53:23,941|[TRACE] graph - <------- nonSkippedChar
2021-11-21T23:53:23,941|[TRACE] graph - <----- statementPart
2021-11-21T23:53:23,941|[TRACE] graph - -----> statementPart
2021-11-21T23:53:23,941|[TRACE] graph - -------> nonSkippedChar
2021-11-21T23:53:23,941|[TRACE] script - #out(`R`) [token]
2021-11-21T23:53:23,941|[TRACE] graph - <------- nonSkippedChar
2021-11-21T23:53:23,941|[TRACE] graph - <----- statementPart
2021-11-21T23:53:23,941|[TRACE] graph - -----> statementPart
2021-11-21T23:53:23,941|[TRACE] graph - -------> nonSkippedChar
2021-11-21T23:53:23,941|[TRACE] script - #out(`C`) [token]
2021-11-21T23:53:23,941|[TRACE] graph - <------- nonSkippedChar
2021-11-21T23:53:23,941|[TRACE] graph - <----- statementPart
2021-11-21T23:53:23,941|[TRACE] graph - -----> statementPart
2021-11-21T23:53:23,941|[TRACE] graph - -------> nonSkippedChar
2021-11-21T23:53:23,941|[TRACE] script - #out(`H`) [token]
2021-11-21T23:53:23,941|[TRACE] graph - <------- nonSkippedChar
2021-11-21T23:53:23,941|[TRACE] graph - <----- statementPart
2021-11-21T23:53:23,941|[TRACE] graph - -----> statementPart
2021-11-21T23:53:23,941|[TRACE] graph - -------> nonSkippedChar
2021-11-21T23:53:23,941|[TRACE] script - #out(`A`) [token]
2021-11-21T23:53:23,941|[TRACE] graph - <------- nonSkippedChar
2021-11-21T23:53:23,941|[TRACE] graph - <----- statementPart
2021-11-21T23:53:23,941|[TRACE] graph - -----> statementPart
2021-11-21T23:53:23,941|[TRACE] graph - -------> nonSkippedChar
2021-11-21T23:53:23,941|[TRACE] script - #out(`R`) [token]
2021-11-21T23:53:23,941|[TRACE] graph - <------- nonSkippedChar
2021-11-21T23:53:23,941|[TRACE] graph - <----- statementPart
2021-11-21T23:53:23,941|[TRACE] graph - -----> statementPart
2021-11-21T23:53:23,941|[TRACE] graph - -------> nonSkippedChar
2021-11-21T23:53:23,941|[TRACE] script - #out(`(`) [token]
2021-11-21T23:53:23,941|[TRACE] graph - <------- nonSkippedChar
2021-11-21T23:53:23,941|[TRACE] graph - <----- statementPart
2021-11-21T23:53:23,941|[TRACE] graph - -----> statementPart
2021-11-21T23:53:23,941|[TRACE] graph - -------> nonSkippedChar
2021-11-21T23:53:23,941|[TRACE] script - #out(`1`) [token]
2021-11-21T23:53:23,941|[TRACE] graph - <------- nonSkippedChar
2021-11-21T23:53:23,941|[TRACE] graph - <----- statementPart
2021-11-21T23:53:23,941|[TRACE] graph - -----> statementPart
2021-11-21T23:53:23,941|[TRACE] graph - -------> nonSkippedChar
2021-11-21T23:53:23,941|[TRACE] script - #out(`0`) [token]
2021-11-21T23:53:23,941|[TRACE] graph - <------- nonSkippedChar
2021-11-21T23:53:23,941|[TRACE] graph - <----- statementPart
2021-11-21T23:53:23,941|[TRACE] graph - -----> statementPart
2021-11-21T23:53:23,941|[TRACE] graph - -------> nonSkippedChar
2021-11-21T23:53:23,941|[TRACE] script - #out(`)`) [token]
2021-11-21T23:53:23,941|[TRACE] graph - <------- nonSkippedChar
2021-11-21T23:53:23,941|[TRACE] graph - <----- statementPart
2021-11-21T23:53:23,941|[TRACE] graph - -----> statementPart
2021-11-21T23:53:23,941|[TRACE] graph - -------> nonSkippedSpace
2021-11-21T23:53:23,941|[TRACE] script - #out(` `) [token]
2021-11-21T23:53:23,941|[TRACE] graph - <------- nonSkippedSpace
2021-11-21T23:53:23,941|[TRACE] graph - <----- statementPart
2021-11-21T23:53:23,941|[TRACE] graph - -----> statementPart
2021-11-21T23:53:23,941|[TRACE] graph - -------> nonSkippedChar
2021-11-21T23:53:23,941|[TRACE] script - #out(`N`) [token]
2021-11-21T23:53:23,941|[TRACE] graph - <------- nonSkippedChar
2021-11-21T23:53:23,941|[TRACE] graph - <----- statementPart
2021-11-21T23:53:23,941|[TRACE] graph - -----> statementPart
2021-11-21T23:53:23,941|[TRACE] graph - -------> nonSkippedChar
2021-11-21T23:53:23,941|[TRACE] script - #out(`O`) [token]
2021-11-21T23:53:23,941|[TRACE] graph - <------- nonSkippedChar
2021-11-21T23:53:23,941|[TRACE] graph - <----- statementPart
2021-11-21T23:53:23,941|[TRACE] graph - -----> statementPart
2021-11-21T23:53:23,941|[TRACE] graph - -------> nonSkippedChar
2021-11-21T23:53:23,941|[TRACE] script - #out(`T`) [token]
2021-11-21T23:53:23,941|[TRACE] graph - <------- nonSkippedChar
2021-11-21T23:53:23,941|[TRACE] graph - <----- statementPart
2021-11-21T23:53:23,941|[TRACE] graph - -----> statementPart
2021-11-21T23:53:23,941|[TRACE] graph - -------> nonSkippedSpace
2021-11-21T23:53:23,941|[TRACE] script - #out(` `) [token]
2021-11-21T23:53:23,941|[TRACE] graph - <------- nonSkippedSpace
2021-11-21T23:53:23,941|[TRACE] graph - <----- statementPart
2021-11-21T23:53:23,941|[TRACE] graph - -----> statementPart
2021-11-21T23:53:23,941|[TRACE] graph - -------> nonSkippedChar
2021-11-21T23:53:23,941|[TRACE] script - #out(`N`) [token]
2021-11-21T23:53:23,941|[TRACE] graph - <------- nonSkippedChar
2021-11-21T23:53:23,941|[TRACE] graph - <----- statementPart
2021-11-21T23:53:23,941|[TRACE] graph - -----> statementPart
2021-11-21T23:53:23,941|[TRACE] graph - -------> nonSkippedChar
2021-11-21T23:53:23,941|[TRACE] script - #out(`U`) [token]
2021-11-21T23:53:23,941|[TRACE] graph - <------- nonSkippedChar
2021-11-21T23:53:23,941|[TRACE] graph - <----- statementPart
2021-11-21T23:53:23,941|[TRACE] graph - -----> statementPart
2021-11-21T23:53:23,946|[TRACE] graph - -------> nonSkippedChar
2021-11-21T23:53:23,947|[TRACE] script - #out(`L`) [token]
2021-11-21T23:53:23,947|[TRACE] graph - <------- nonSkippedChar
2021-11-21T23:53:23,947|[TRACE] graph - <----- statementPart
2021-11-21T23:53:23,947|[TRACE] graph - -----> statementPart
2021-11-21T23:53:23,947|[TRACE] graph - -------> nonSkippedChar
2021-11-21T23:53:23,947|[TRACE] script - #out(`L`) [token]
2021-11-21T23:53:23,947|[TRACE] graph - <------- nonSkippedChar
2021-11-21T23:53:23,947|[TRACE] graph - <----- statementPart
2021-11-21T23:53:23,947|[TRACE] graph - -----> statementPart
2021-11-21T23:53:23,947|[TRACE] graph - -------> nonSkippedChar
2021-11-21T23:53:23,947|[TRACE] script - #out(`,`) [token]
2021-11-21T23:53:23,947|[TRACE] graph - <------- nonSkippedChar
2021-11-21T23:53:23,947|[TRACE] graph - <----- statementPart
2021-11-21T23:53:23,947|[TRACE] graph - -----> afterStatementPartNewline
2021-11-21T23:53:23,947|[TRACE] script - #out(` `) [text]
2021-11-21T23:53:23,947|[TRACE] graph - <----- afterStatementPartNewline
2021-11-21T23:53:23,947|[TRACE] graph - -----> statementPart
2021-11-21T23:53:23,947|[TRACE] graph - -------> nonSkippedSpace
2021-11-21T23:53:23,947|[TRACE] script - #out(` `) [token]
2021-11-21T23:53:23,947|[TRACE] graph - <------- nonSkippedSpace
2021-11-21T23:53:23,947|[TRACE] graph - <----- statementPart
2021-11-21T23:53:23,947|[TRACE] graph - -----> statementPart
2021-11-21T23:53:23,947|[TRACE] graph - -------> nonSkippedSpace
2021-11-21T23:53:23,947|[TRACE] script - #out(` `) [token]
2021-11-21T23:53:23,947|[TRACE] graph - <------- nonSkippedSpace
2021-11-21T23:53:23,947|[TRACE] graph - <----- statementPart
2021-11-21T23:53:23,947|[TRACE] graph - -----> statementPart
2021-11-21T23:53:23,947|[TRACE] graph - -------> quotedString
2021-11-21T23:53:23,947|[TRACE] script - #out(``created``) [token]
2021-11-21T23:53:23,947|[TRACE] graph - <------- quotedString
2021-11-21T23:53:23,947|[TRACE] graph - <----- statementPart
2021-11-21T23:53:23,947|[TRACE] graph - -----> statementPart
2021-11-21T23:53:23,947|[TRACE] graph - -------> nonSkippedSpace
2021-11-21T23:53:23,947|[TRACE] script - #out(` `) [token]
2021-11-21T23:53:23,947|[TRACE] graph - <------- nonSkippedSpace
2021-11-21T23:53:23,947|[TRACE] graph - <----- statementPart
2021-11-21T23:53:23,947|[TRACE] graph - -----> statementPart
2021-11-21T23:53:23,947|[TRACE] graph - -------> nonSkippedChar
2021-11-21T23:53:23,947|[TRACE] script - #out(`B`) [token]
2021-11-21T23:53:23,947|[TRACE] graph - <------- nonSkippedChar
2021-11-21T23:53:23,947|[TRACE] graph - <----- statementPart
2021-11-21T23:53:23,947|[TRACE] graph - -----> statementPart
2021-11-21T23:53:23,947|[TRACE] graph - -------> nonSkippedChar
2021-11-21T23:53:23,947|[TRACE] script - #out(`I`) [token]
2021-11-21T23:53:23,947|[TRACE] graph - <------- nonSkippedChar
2021-11-21T23:53:23,947|[TRACE] graph - <----- statementPart
2021-11-21T23:53:23,947|[TRACE] graph - -----> statementPart
2021-11-21T23:53:23,947|[TRACE] graph - -------> nonSkippedChar
2021-11-21T23:53:23,947|[TRACE] script - #out(`G`) [token]
2021-11-21T23:53:23,947|[TRACE] graph - <------- nonSkippedChar
2021-11-21T23:53:23,947|[TRACE] graph - <----- statementPart
2021-11-21T23:53:23,947|[TRACE] graph - -----> statementPart
2021-11-21T23:53:23,947|[TRACE] graph - -------> nonSkippedChar
2021-11-21T23:53:23,947|[TRACE] script - #out(`I`) [token]
2021-11-21T23:53:23,947|[TRACE] graph - <------- nonSkippedChar
2021-11-21T23:53:23,947|[TRACE] graph - <----- statementPart
2021-11-21T23:53:23,947|[TRACE] graph - -----> statementPart
2021-11-21T23:53:23,947|[TRACE] graph - -------> nonSkippedChar
2021-11-21T23:53:23,947|[TRACE] script - #out(`N`) [token]
2021-11-21T23:53:23,947|[TRACE] graph - <------- nonSkippedChar
2021-11-21T23:53:23,947|[TRACE] graph - <----- statementPart
2021-11-21T23:53:23,947|[TRACE] graph - -----> statementPart
2021-11-21T23:53:23,947|[TRACE] graph - -------> nonSkippedChar
2021-11-21T23:53:23,947|[TRACE] script - #out(`T`) [token]
2021-11-21T23:53:23,947|[TRACE] graph - <------- nonSkippedChar
2021-11-21T23:53:23,947|[TRACE] graph - <----- statementPart
2021-11-21T23:53:23,947|[TRACE] graph - -----> statementPart
2021-11-21T23:53:23,947|[TRACE] graph - -------> nonSkippedSpace
2021-11-21T23:53:23,947|[TRACE] script - #out(` `) [token]
2021-11-21T23:53:23,947|[TRACE] graph - <------- nonSkippedSpace
2021-11-21T23:53:23,947|[TRACE] graph - <----- statementPart
2021-11-21T23:53:23,947|[TRACE] graph - -----> statementPart
2021-11-21T23:53:23,947|[TRACE] graph - -------> nonSkippedChar
2021-11-21T23:53:23,947|[TRACE] script - #out(`N`) [token]
2021-11-21T23:53:23,947|[TRACE] graph - <------- nonSkippedChar
2021-11-21T23:53:23,947|[TRACE] graph - <----- statementPart
2021-11-21T23:53:23,947|[TRACE] graph - -----> statementPart
2021-11-21T23:53:23,947|[TRACE] graph - -------> nonSkippedChar
2021-11-21T23:53:23,947|[TRACE] script - #out(`O`) [token]
2021-11-21T23:53:23,947|[TRACE] graph - <------- nonSkippedChar
2021-11-21T23:53:23,947|[TRACE] graph - <----- statementPart
2021-11-21T23:53:23,947|[TRACE] graph - -----> statementPart
2021-11-21T23:53:23,947|[TRACE] graph - -------> nonSkippedChar
2021-11-21T23:53:23,947|[TRACE] script - #out(`T`) [token]
2021-11-21T23:53:23,947|[TRACE] graph - <------- nonSkippedChar
2021-11-21T23:53:23,947|[TRACE] graph - <----- statementPart
2021-11-21T23:53:23,947|[TRACE] graph - -----> statementPart
2021-11-21T23:53:23,947|[TRACE] graph - -------> nonSkippedSpace
2021-11-21T23:53:23,947|[TRACE] script - #out(` `) [token]
2021-11-21T23:53:23,947|[TRACE] graph - <------- nonSkippedSpace
2021-11-21T23:53:23,947|[TRACE] graph - <----- statementPart
2021-11-21T23:53:23,947|[TRACE] graph - -----> statementPart
2021-11-21T23:53:23,947|[TRACE] graph - -------> nonSkippedChar
2021-11-21T23:53:23,947|[TRACE] script - #out(`N`) [token]
2021-11-21T23:53:23,947|[TRACE] graph - <------- nonSkippedChar
2021-11-21T23:53:23,947|[TRACE] graph - <----- statementPart
2021-11-21T23:53:23,947|[TRACE] graph - -----> statementPart
2021-11-21T23:53:23,947|[TRACE] graph - -------> nonSkippedChar
2021-11-21T23:53:23,947|[TRACE] script - #out(`U`) [token]
2021-11-21T23:53:23,947|[TRACE] graph - <------- nonSkippedChar
2021-11-21T23:53:23,947|[TRACE] graph - <----- statementPart
2021-11-21T23:53:23,947|[TRACE] graph - -----> statementPart
2021-11-21T23:53:23,947|[TRACE] graph - -------> nonSkippedChar
2021-11-21T23:53:23,947|[TRACE] script - #out(`L`) [token]
2021-11-21T23:53:23,947|[TRACE] graph - <------- nonSkippedChar
2021-11-21T23:53:23,947|[TRACE] graph - <----- statementPart
2021-11-21T23:53:23,947|[TRACE] graph - -----> statementPart
2021-11-21T23:53:23,947|[TRACE] graph - -------> nonSkippedChar
2021-11-21T23:53:23,947|[TRACE] script - #out(`L`) [token]
2021-11-21T23:53:23,947|[TRACE] graph - <------- nonSkippedChar
2021-11-21T23:53:23,947|[TRACE] graph - <----- statementPart
2021-11-21T23:53:23,947|[TRACE] graph - -----> statementPart
2021-11-21T23:53:23,947|[TRACE] graph - -------> nonSkippedSpace
2021-11-21T23:53:23,947|[TRACE] script - #out(` `) [token]
2021-11-21T23:53:23,947|[TRACE] graph - <------- nonSkippedSpace
2021-11-21T23:53:23,947|[TRACE] graph - <----- statementPart
2021-11-21T23:53:23,947|[TRACE] graph - -----> statementPart
2021-11-21T23:53:23,947|[TRACE] graph - -------> nonSkippedChar
2021-11-21T23:53:23,947|[TRACE] script - #out(`D`) [token]
2021-11-21T23:53:23,947|[TRACE] graph - <------- nonSkippedChar
2021-11-21T23:53:23,947|[TRACE] graph - <----- statementPart
2021-11-21T23:53:23,947|[TRACE] graph - -----> statementPart
2021-11-21T23:53:23,947|[TRACE] graph - -------> nonSkippedChar
2021-11-21T23:53:23,947|[TRACE] script - #out(`E`) [token]
2021-11-21T23:53:23,947|[TRACE] graph - <------- nonSkippedChar
2021-11-21T23:53:23,947|[TRACE] graph - <----- statementPart
2021-11-21T23:53:23,947|[TRACE] graph - -----> statementPart
2021-11-21T23:53:23,947|[TRACE] graph - -------> nonSkippedChar
2021-11-21T23:53:23,947|[TRACE] script - #out(`F`) [token]
2021-11-21T23:53:23,947|[TRACE] graph - <------- nonSkippedChar
2021-11-21T23:53:23,947|[TRACE] graph - <----- statementPart
2021-11-21T23:53:23,947|[TRACE] graph - -----> statementPart
2021-11-21T23:53:23,947|[TRACE] graph - -------> nonSkippedChar
2021-11-21T23:53:23,947|[TRACE] script - #out(`A`) [token]
2021-11-21T23:53:23,947|[TRACE] graph - <------- nonSkippedChar
2021-11-21T23:53:23,947|[TRACE] graph - <----- statementPart
2021-11-21T23:53:23,947|[TRACE] graph - -----> statementPart
2021-11-21T23:53:23,947|[TRACE] graph - -------> nonSkippedChar
2021-11-21T23:53:23,947|[TRACE] script - #out(`U`) [token]
2021-11-21T23:53:23,947|[TRACE] graph - <------- nonSkippedChar
2021-11-21T23:53:23,947|[TRACE] graph - <----- statementPart
2021-11-21T23:53:23,947|[TRACE] graph - -----> statementPart
2021-11-21T23:53:23,947|[TRACE] graph - -------> nonSkippedChar
2021-11-21T23:53:23,947|[TRACE] script - #out(`L`) [token]
2021-11-21T23:53:23,947|[TRACE] graph - <------- nonSkippedChar
2021-11-21T23:53:23,947|[TRACE] graph - <----- statementPart
2021-11-21T23:53:23,947|[TRACE] graph - -----> statementPart
2021-11-21T23:53:23,947|[TRACE] graph - -------> nonSkippedChar
2021-11-21T23:53:23,947|[TRACE] script - #out(`T`) [token]
2021-11-21T23:53:23,947|[TRACE] graph - <------- nonSkippedChar
2021-11-21T23:53:23,947|[TRACE] graph - <----- statementPart
2021-11-21T23:53:23,947|[TRACE] graph - -----> statementPart
2021-11-21T23:53:23,947|[TRACE] graph - -------> nonSkippedSpace
2021-11-21T23:53:23,947|[TRACE] script - #out(` `) [token]
2021-11-21T23:53:23,947|[TRACE] graph - <------- nonSkippedSpace
2021-11-21T23:53:23,947|[TRACE] graph - <----- statementPart
2021-11-21T23:53:23,947|[TRACE] graph - -----> statementPart
2021-11-21T23:53:23,947|[TRACE] graph - -------> nonSkippedChar
2021-11-21T23:53:23,947|[TRACE] script - #out(`(`) [token]
2021-11-21T23:53:23,947|[TRACE] graph - <------- nonSkippedChar
2021-11-21T23:53:23,947|[TRACE] graph - <----- statementPart
2021-11-21T23:53:23,947|[TRACE] graph - -----> statementPart
2021-11-21T23:53:23,947|[TRACE] graph - -------> nonSkippedChar
2021-11-21T23:53:23,947|[TRACE] script - #out(`u`) [token]
2021-11-21T23:53:23,947|[TRACE] graph - <------- nonSkippedChar
2021-11-21T23:53:23,947|[TRACE] graph - <----- statementPart
2021-11-21T23:53:23,947|[TRACE] graph - -----> statementPart
2021-11-21T23:53:23,947|[TRACE] graph - -------> nonSkippedChar
2021-11-21T23:53:23,947|[TRACE] script - #out(`n`) [token]
2021-11-21T23:53:23,947|[TRACE] graph - <------- nonSkippedChar
2021-11-21T23:53:23,947|[TRACE] graph - <----- statementPart
2021-11-21T23:53:23,947|[TRACE] graph - -----> statementPart
2021-11-21T23:53:23,947|[TRACE] graph - -------> nonSkippedChar
2021-11-21T23:53:23,947|[TRACE] script - #out(`i`) [token]
2021-11-21T23:53:23,947|[TRACE] graph - <------- nonSkippedChar
2021-11-21T23:53:23,983|[TRACE] graph - <----- statementPart
2021-11-21T23:53:23,983|[TRACE] graph - -----> statementPart
2021-11-21T23:53:23,983|[TRACE] graph - -------> nonSkippedChar
2021-11-21T23:53:23,983|[TRACE] script - #out(`x`) [token]
2021-11-21T23:53:23,983|[TRACE] graph - <------- nonSkippedChar
2021-11-21T23:53:23,983|[TRACE] graph - <----- statementPart
2021-11-21T23:53:23,983|[TRACE] graph - -----> statementPart
2021-11-21T23:53:23,983|[TRACE] graph - -------> nonSkippedChar
2021-11-21T23:53:23,983|[TRACE] script - #out(`_`) [token]
2021-11-21T23:53:23,983|[TRACE] graph - <------- nonSkippedChar
2021-11-21T23:53:23,983|[TRACE] graph - <----- statementPart
2021-11-21T23:53:23,983|[TRACE] graph - -----> statementPart
2021-11-21T23:53:23,983|[TRACE] graph - -------> nonSkippedChar
2021-11-21T23:53:23,983|[TRACE] script - #out(`t`) [token]
2021-11-21T23:53:23,983|[TRACE] graph - <------- nonSkippedChar
2021-11-21T23:53:23,983|[TRACE] graph - <----- statementPart
2021-11-21T23:53:23,983|[TRACE] graph - -----> statementPart
2021-11-21T23:53:23,983|[TRACE] graph - -------> nonSkippedChar
2021-11-21T23:53:23,983|[TRACE] script - #out(`i`) [token]
2021-11-21T23:53:23,983|[TRACE] graph - <------- nonSkippedChar
2021-11-21T23:53:23,983|[TRACE] graph - <----- statementPart
2021-11-21T23:53:23,983|[TRACE] graph - -----> statementPart
2021-11-21T23:53:23,983|[TRACE] graph - -------> nonSkippedChar
2021-11-21T23:53:23,983|[TRACE] script - #out(`m`) [token]
2021-11-21T23:53:23,983|[TRACE] graph - <------- nonSkippedChar
2021-11-21T23:53:23,983|[TRACE] graph - <----- statementPart
2021-11-21T23:53:23,983|[TRACE] graph - -----> statementPart
2021-11-21T23:53:23,983|[TRACE] graph - -------> nonSkippedChar
2021-11-21T23:53:23,983|[TRACE] script - #out(`e`) [token]
2021-11-21T23:53:23,983|[TRACE] graph - <------- nonSkippedChar
2021-11-21T23:53:23,983|[TRACE] graph - <----- statementPart
2021-11-21T23:53:23,983|[TRACE] graph - -----> statementPart
2021-11-21T23:53:23,983|[TRACE] graph - -------> nonSkippedChar
2021-11-21T23:53:23,983|[TRACE] script - #out(`s`) [token]
2021-11-21T23:53:23,983|[TRACE] graph - <------- nonSkippedChar
2021-11-21T23:53:23,983|[TRACE] graph - <----- statementPart
2021-11-21T23:53:23,983|[TRACE] graph - -----> statementPart
2021-11-21T23:53:23,983|[TRACE] graph - -------> nonSkippedChar
2021-11-21T23:53:23,983|[TRACE] script - #out(`t`) [token]
2021-11-21T23:53:23,983|[TRACE] graph - <------- nonSkippedChar
2021-11-21T23:53:23,983|[TRACE] graph - <----- statementPart
2021-11-21T23:53:23,983|[TRACE] graph - -----> statementPart
2021-11-21T23:53:23,983|[TRACE] graph - -------> nonSkippedChar
2021-11-21T23:53:23,983|[TRACE] script - #out(`a`) [token]
2021-11-21T23:53:23,983|[TRACE] graph - <------- nonSkippedChar
2021-11-21T23:53:23,983|[TRACE] graph - <----- statementPart
2021-11-21T23:53:23,983|[TRACE] graph - -----> statementPart
2021-11-21T23:53:23,983|[TRACE] graph - -------> nonSkippedChar
2021-11-21T23:53:23,983|[TRACE] script - #out(`m`) [token]
2021-11-21T23:53:23,983|[TRACE] graph - <------- nonSkippedChar
2021-11-21T23:53:23,983|[TRACE] graph - <----- statementPart
2021-11-21T23:53:23,983|[TRACE] graph - -----> statementPart
2021-11-21T23:53:23,983|[TRACE] graph - -------> nonSkippedChar
2021-11-21T23:53:23,983|[TRACE] script - #out(`p`) [token]
2021-11-21T23:53:23,983|[TRACE] graph - <------- nonSkippedChar
2021-11-21T23:53:23,983|[TRACE] graph - <----- statementPart
2021-11-21T23:53:23,983|[TRACE] graph - -----> statementPart
2021-11-21T23:53:23,983|[TRACE] graph - -------> nonSkippedChar
2021-11-21T23:53:23,983|[TRACE] script - #out(`(`) [token]
2021-11-21T23:53:23,983|[TRACE] graph - <------- nonSkippedChar
2021-11-21T23:53:23,983|[TRACE] graph - <----- statementPart
2021-11-21T23:53:23,983|[TRACE] graph - -----> statementPart
2021-11-21T23:53:23,983|[TRACE] graph - -------> nonSkippedChar
2021-11-21T23:53:23,983|[TRACE] script - #out(`n`) [token]
2021-11-21T23:53:23,983|[TRACE] graph - <------- nonSkippedChar
2021-11-21T23:53:23,983|[TRACE] graph - <----- statementPart
2021-11-21T23:53:23,983|[TRACE] graph - -----> statementPart
2021-11-21T23:53:23,983|[TRACE] graph - -------> nonSkippedChar
2021-11-21T23:53:23,983|[TRACE] script - #out(`o`) [token]
2021-11-21T23:53:23,983|[TRACE] graph - <------- nonSkippedChar
2021-11-21T23:53:23,983|[TRACE] graph - <----- statementPart
2021-11-21T23:53:23,983|[TRACE] graph - -----> statementPart
2021-11-21T23:53:23,983|[TRACE] graph - -------> nonSkippedChar
2021-11-21T23:53:23,983|[TRACE] script - #out(`w`) [token]
2021-11-21T23:53:23,983|[TRACE] graph - <------- nonSkippedChar
2021-11-21T23:53:23,983|[TRACE] graph - <----- statementPart
2021-11-21T23:53:23,983|[TRACE] graph - -----> statementPart
2021-11-21T23:53:23,983|[TRACE] graph - -------> nonSkippedChar
2021-11-21T23:53:23,983|[TRACE] script - #out(`(`) [token]
2021-11-21T23:53:23,983|[TRACE] graph - <------- nonSkippedChar
2021-11-21T23:53:23,983|[TRACE] graph - <----- statementPart
2021-11-21T23:53:23,983|[TRACE] graph - -----> statementPart
2021-11-21T23:53:23,983|[TRACE] graph - -------> nonSkippedChar
2021-11-21T23:53:23,983|[TRACE] script - #out(`)`) [token]
2021-11-21T23:53:23,983|[TRACE] graph - <------- nonSkippedChar
2021-11-21T23:53:23,983|[TRACE] graph - <----- statementPart
2021-11-21T23:53:23,983|[TRACE] graph - -----> statementPart
2021-11-21T23:53:23,983|[TRACE] graph - -------> nonSkippedChar
2021-11-21T23:53:23,983|[TRACE] script - #out(`)`) [token]
2021-11-21T23:53:23,983|[TRACE] graph - <------- nonSkippedChar
2021-11-21T23:53:23,983|[TRACE] graph - <----- statementPart
2021-11-21T23:53:23,983|[TRACE] graph - -----> statementPart
2021-11-21T23:53:23,983|[TRACE] graph - -------> nonSkippedSpace
2021-11-21T23:53:23,983|[TRACE] script - #out(` `) [token]
2021-11-21T23:53:23,983|[TRACE] graph - <------- nonSkippedSpace
2021-11-21T23:53:23,983|[TRACE] graph - <----- statementPart
2021-11-21T23:53:23,983|[TRACE] graph - -----> statementPart
2021-11-21T23:53:23,983|[TRACE] graph - -------> nonSkippedChar
2021-11-21T23:53:23,983|[TRACE] script - #out(`*`) [token]
2021-11-21T23:53:23,983|[TRACE] graph - <------- nonSkippedChar
2021-11-21T23:53:23,983|[TRACE] graph - <----- statementPart
2021-11-21T23:53:23,983|[TRACE] graph - -----> statementPart
2021-11-21T23:53:23,983|[TRACE] graph - -------> nonSkippedSpace
2021-11-21T23:53:23,983|[TRACE] script - #out(` `) [token]
2021-11-21T23:53:23,983|[TRACE] graph - <------- nonSkippedSpace
2021-11-21T23:53:23,983|[TRACE] graph - <----- statementPart
2021-11-21T23:53:23,983|[TRACE] graph - -----> statementPart
2021-11-21T23:53:23,983|[TRACE] graph - -------> nonSkippedChar
2021-11-21T23:53:23,983|[TRACE] script - #out(`1`) [token]
2021-11-21T23:53:23,983|[TRACE] graph - <------- nonSkippedChar
2021-11-21T23:53:23,983|[TRACE] graph - <----- statementPart
2021-11-21T23:53:23,983|[TRACE] graph - -----> statementPart
2021-11-21T23:53:23,983|[TRACE] graph - -------> nonSkippedChar
2021-11-21T23:53:23,983|[TRACE] script - #out(`0`) [token]
2021-11-21T23:53:23,983|[TRACE] graph - <------- nonSkippedChar
2021-11-21T23:53:23,983|[TRACE] graph - <----- statementPart
2021-11-21T23:53:23,983|[TRACE] graph - -----> statementPart
2021-11-21T23:53:23,983|[TRACE] graph - -------> nonSkippedChar
2021-11-21T23:53:23,983|[TRACE] script - #out(`0`) [token]
2021-11-21T23:53:23,983|[TRACE] graph - <------- nonSkippedChar
2021-11-21T23:53:23,983|[TRACE] graph - <----- statementPart
2021-11-21T23:53:23,983|[TRACE] graph - -----> statementPart
2021-11-21T23:53:23,983|[TRACE] graph - -------> nonSkippedChar
2021-11-21T23:53:23,983|[TRACE] script - #out(`0`) [token]
2021-11-21T23:53:23,983|[TRACE] graph - <------- nonSkippedChar
2021-11-21T23:53:23,983|[TRACE] graph - <----- statementPart
2021-11-21T23:53:23,983|[TRACE] graph - -----> statementPart
2021-11-21T23:53:23,983|[TRACE] graph - -------> nonSkippedChar
2021-11-21T23:53:23,983|[TRACE] script - #out(`)`) [token]
2021-11-21T23:53:23,983|[TRACE] graph - <------- nonSkippedChar
2021-11-21T23:53:23,983|[TRACE] graph - <----- statementPart
2021-11-21T23:53:23,983|[TRACE] graph - -----> statementPart
2021-11-21T23:53:23,983|[TRACE] graph - -------> nonSkippedChar
2021-11-21T23:53:23,984|[TRACE] script - #out(`,`) [token]
2021-11-21T23:53:23,984|[TRACE] graph - <------- nonSkippedChar
2021-11-21T23:53:23,984|[TRACE] graph - <----- statementPart
2021-11-21T23:53:23,984|[TRACE] graph - -----> afterStatementPartNewline
2021-11-21T23:53:23,984|[TRACE] script - #out(` `) [text]
2021-11-21T23:53:23,984|[TRACE] graph - <----- afterStatementPartNewline
2021-11-21T23:53:23,984|[TRACE] graph - -----> statementPart
2021-11-21T23:53:23,984|[TRACE] graph - -------> nonSkippedSpace
2021-11-21T23:53:23,984|[TRACE] script - #out(` `) [token]
2021-11-21T23:53:23,984|[TRACE] graph - <------- nonSkippedSpace
2021-11-21T23:53:23,984|[TRACE] graph - <----- statementPart
2021-11-21T23:53:23,984|[TRACE] graph - -----> statementPart
2021-11-21T23:53:23,984|[TRACE] graph - -------> nonSkippedSpace
2021-11-21T23:53:23,984|[TRACE] script - #out(` `) [token]
2021-11-21T23:53:23,984|[TRACE] graph - <------- nonSkippedSpace
2021-11-21T23:53:23,984|[TRACE] graph - <----- statementPart
2021-11-21T23:53:23,984|[TRACE] graph - -----> statementPart
2021-11-21T23:53:23,984|[TRACE] graph - -------> quotedString
2021-11-21T23:53:23,984|[TRACE] script - #out(``updated``) [token]
2021-11-21T23:53:23,984|[TRACE] graph - <------- quotedString
2021-11-21T23:53:23,984|[TRACE] graph - <----- statementPart
2021-11-21T23:53:23,984|[TRACE] graph - -----> statementPart
2021-11-21T23:53:23,984|[TRACE] graph - -------> nonSkippedSpace
2021-11-21T23:53:23,984|[TRACE] script - #out(` `) [token]
2021-11-21T23:53:23,984|[TRACE] graph - <------- nonSkippedSpace
2021-11-21T23:53:23,984|[TRACE] graph - <----- statementPart
2021-11-21T23:53:23,984|[TRACE] graph - -----> statementPart
2021-11-21T23:53:23,984|[TRACE] graph - -------> nonSkippedChar
2021-11-21T23:53:23,984|[TRACE] script - #out(`B`) [token]
2021-11-21T23:53:23,984|[TRACE] graph - <------- nonSkippedChar
2021-11-21T23:53:23,984|[TRACE] graph - <----- statementPart
2021-11-21T23:53:23,984|[TRACE] graph - -----> statementPart
2021-11-21T23:53:23,984|[TRACE] graph - -------> nonSkippedChar
2021-11-21T23:53:23,984|[TRACE] script - #out(`I`) [token]
2021-11-21T23:53:23,984|[TRACE] graph - <------- nonSkippedChar
2021-11-21T23:53:23,984|[TRACE] graph - <----- statementPart
2021-11-21T23:53:23,984|[TRACE] graph - -----> statementPart
2021-11-21T23:53:23,984|[TRACE] graph - -------> nonSkippedChar
2021-11-21T23:53:23,984|[TRACE] script - #out(`G`) [token]
2021-11-21T23:53:23,984|[TRACE] graph - <------- nonSkippedChar
2021-11-21T23:53:23,984|[TRACE] graph - <----- statementPart
2021-11-21T23:53:23,984|[TRACE] graph - -----> statementPart
2021-11-21T23:53:23,984|[TRACE] graph - -------> nonSkippedChar
2021-11-21T23:53:23,984|[TRACE] script - #out(`I`) [token]
2021-11-21T23:53:23,984|[TRACE] graph - <------- nonSkippedChar
2021-11-21T23:53:23,984|[TRACE] graph - <----- statementPart
2021-11-21T23:53:23,984|[TRACE] graph - -----> statementPart
2021-11-21T23:53:23,984|[TRACE] graph - -------> nonSkippedChar
2021-11-21T23:53:23,984|[TRACE] script - #out(`N`) [token]
2021-11-21T23:53:23,984|[TRACE] graph - <------- nonSkippedChar
2021-11-21T23:53:23,984|[TRACE] graph - <----- statementPart
2021-11-21T23:53:23,984|[TRACE] graph - -----> statementPart
2021-11-21T23:53:23,984|[TRACE] graph - -------> nonSkippedChar
2021-11-21T23:53:23,984|[TRACE] script - #out(`T`) [token]
2021-11-21T23:53:23,984|[TRACE] graph - <------- nonSkippedChar
2021-11-21T23:53:23,984|[TRACE] graph - <----- statementPart
2021-11-21T23:53:23,984|[TRACE] graph - -----> statementPart
2021-11-21T23:53:23,984|[TRACE] graph - -------> nonSkippedSpace
2021-11-21T23:53:23,984|[TRACE] script - #out(` `) [token]
2021-11-21T23:53:23,984|[TRACE] graph - <------- nonSkippedSpace
2021-11-21T23:53:23,984|[TRACE] graph - <----- statementPart
2021-11-21T23:53:23,984|[TRACE] graph - -----> statementPart
2021-11-21T23:53:23,984|[TRACE] graph - -------> nonSkippedChar
2021-11-21T23:53:23,984|[TRACE] script - #out(`N`) [token]
2021-11-21T23:53:23,984|[TRACE] graph - <------- nonSkippedChar
2021-11-21T23:53:23,984|[TRACE] graph - <----- statementPart
2021-11-21T23:53:23,984|[TRACE] graph - -----> statementPart
2021-11-21T23:53:23,984|[TRACE] graph - -------> nonSkippedChar
2021-11-21T23:53:23,984|[TRACE] script - #out(`O`) [token]
2021-11-21T23:53:23,984|[TRACE] graph - <------- nonSkippedChar
2021-11-21T23:53:23,984|[TRACE] graph - <----- statementPart
2021-11-21T23:53:23,984|[TRACE] graph - -----> statementPart
2021-11-21T23:53:23,984|[TRACE] graph - -------> nonSkippedChar
2021-11-21T23:53:23,984|[TRACE] script - #out(`T`) [token]
2021-11-21T23:53:23,984|[TRACE] graph - <------- nonSkippedChar
2021-11-21T23:53:23,984|[TRACE] graph - <----- statementPart
2021-11-21T23:53:23,984|[TRACE] graph - -----> statementPart
2021-11-21T23:53:23,984|[TRACE] graph - -------> nonSkippedSpace
2021-11-21T23:53:23,984|[TRACE] script - #out(` `) [token]
2021-11-21T23:53:23,984|[TRACE] graph - <------- nonSkippedSpace
2021-11-21T23:53:23,984|[TRACE] graph - <----- statementPart
2021-11-21T23:53:23,984|[TRACE] graph - -----> statementPart
2021-11-21T23:53:23,984|[TRACE] graph - -------> nonSkippedChar
2021-11-21T23:53:23,984|[TRACE] script - #out(`N`) [token]
2021-11-21T23:53:23,984|[TRACE] graph - <------- nonSkippedChar
2021-11-21T23:53:23,984|[TRACE] graph - <----- statementPart
2021-11-21T23:53:23,984|[TRACE] graph - -----> statementPart
2021-11-21T23:53:23,984|[TRACE] graph - -------> nonSkippedChar
2021-11-21T23:53:23,984|[TRACE] script - #out(`U`) [token]
2021-11-21T23:53:23,984|[TRACE] graph - <------- nonSkippedChar
2021-11-21T23:53:23,984|[TRACE] graph - <----- statementPart
2021-11-21T23:53:23,984|[TRACE] graph - -----> statementPart
2021-11-21T23:53:23,984|[TRACE] graph - -------> nonSkippedChar
2021-11-21T23:53:23,984|[TRACE] script - #out(`L`) [token]
2021-11-21T23:53:23,984|[TRACE] graph - <------- nonSkippedChar
2021-11-21T23:53:23,984|[TRACE] graph - <----- statementPart
2021-11-21T23:53:23,984|[TRACE] graph - -----> statementPart
2021-11-21T23:53:23,984|[TRACE] graph - -------> nonSkippedChar
2021-11-21T23:53:23,984|[TRACE] script - #out(`L`) [token]
2021-11-21T23:53:23,984|[TRACE] graph - <------- nonSkippedChar
2021-11-21T23:53:23,984|[TRACE] graph - <----- statementPart
2021-11-21T23:53:23,984|[TRACE] graph - -----> statementPart
2021-11-21T23:53:23,984|[TRACE] graph - -------> nonSkippedSpace
2021-11-21T23:53:23,984|[TRACE] script - #out(` `) [token]
2021-11-21T23:53:23,984|[TRACE] graph - <------- nonSkippedSpace
2021-11-21T23:53:23,984|[TRACE] graph - <----- statementPart
2021-11-21T23:53:23,984|[TRACE] graph - -----> statementPart
2021-11-21T23:53:23,984|[TRACE] graph - -------> nonSkippedChar
2021-11-21T23:53:23,984|[TRACE] script - #out(`D`) [token]
2021-11-21T23:53:23,984|[TRACE] graph - <------- nonSkippedChar
2021-11-21T23:53:23,984|[TRACE] graph - <----- statementPart
2021-11-21T23:53:23,984|[TRACE] graph - -----> statementPart
2021-11-21T23:53:23,984|[TRACE] graph - -------> nonSkippedChar
2021-11-21T23:53:23,984|[TRACE] script - #out(`E`) [token]
2021-11-21T23:53:23,984|[TRACE] graph - <------- nonSkippedChar
2021-11-21T23:53:23,984|[TRACE] graph - <----- statementPart
2021-11-21T23:53:23,984|[TRACE] graph - -----> statementPart
2021-11-21T23:53:23,984|[TRACE] graph - -------> nonSkippedChar
2021-11-21T23:53:23,984|[TRACE] script - #out(`F`) [token]
2021-11-21T23:53:23,984|[TRACE] graph - <------- nonSkippedChar
2021-11-21T23:53:23,984|[TRACE] graph - <----- statementPart
2021-11-21T23:53:23,984|[TRACE] graph - -----> statementPart
2021-11-21T23:53:23,984|[TRACE] graph - -------> nonSkippedChar
2021-11-21T23:53:23,984|[TRACE] script - #out(`A`) [token]
2021-11-21T23:53:23,984|[TRACE] graph - <------- nonSkippedChar
2021-11-21T23:53:23,984|[TRACE] graph - <----- statementPart
2021-11-21T23:53:23,984|[TRACE] graph - -----> statementPart
2021-11-21T23:53:23,984|[TRACE] graph - -------> nonSkippedChar
2021-11-21T23:53:23,984|[TRACE] script - #out(`U`) [token]
2021-11-21T23:53:23,984|[TRACE] graph - <------- nonSkippedChar
2021-11-21T23:53:23,984|[TRACE] graph - <----- statementPart
2021-11-21T23:53:23,984|[TRACE] graph - -----> statementPart
2021-11-21T23:53:23,984|[TRACE] graph - -------> nonSkippedChar
2021-11-21T23:53:23,984|[TRACE] script - #out(`L`) [token]
2021-11-21T23:53:23,984|[TRACE] graph - <------- nonSkippedChar
2021-11-21T23:53:23,984|[TRACE] graph - <----- statementPart
2021-11-21T23:53:23,984|[TRACE] graph - -----> statementPart
2021-11-21T23:53:23,984|[TRACE] graph - -------> nonSkippedChar
2021-11-21T23:53:23,984|[TRACE] script - #out(`T`) [token]
2021-11-21T23:53:23,984|[TRACE] graph - <------- nonSkippedChar
2021-11-21T23:53:23,984|[TRACE] graph - <----- statementPart
2021-11-21T23:53:23,984|[TRACE] graph - -----> statementPart
2021-11-21T23:53:23,984|[TRACE] graph - -------> nonSkippedSpace
2021-11-21T23:53:23,984|[TRACE] script - #out(` `) [token]
2021-11-21T23:53:23,984|[TRACE] graph - <------- nonSkippedSpace
2021-11-21T23:53:23,984|[TRACE] graph - <----- statementPart
2021-11-21T23:53:23,984|[TRACE] graph - -----> statementPart
2021-11-21T23:53:23,984|[TRACE] graph - -------> nonSkippedChar
2021-11-21T23:53:23,984|[TRACE] script - #out(`(`) [token]
2021-11-21T23:53:23,984|[TRACE] graph - <------- nonSkippedChar
2021-11-21T23:53:23,984|[TRACE] graph - <----- statementPart
2021-11-21T23:53:23,984|[TRACE] graph - -----> statementPart
2021-11-21T23:53:23,984|[TRACE] graph - -------> nonSkippedChar
2021-11-21T23:53:23,984|[TRACE] script - #out(`u`) [token]
2021-11-21T23:53:23,984|[TRACE] graph - <------- nonSkippedChar
2021-11-21T23:53:23,984|[TRACE] graph - <----- statementPart
2021-11-21T23:53:23,984|[TRACE] graph - -----> statementPart
2021-11-21T23:53:23,984|[TRACE] graph - -------> nonSkippedChar
2021-11-21T23:53:23,984|[TRACE] script - #out(`n`) [token]
2021-11-21T23:53:23,984|[TRACE] graph - <------- nonSkippedChar
2021-11-21T23:53:23,984|[TRACE] graph - <----- statementPart
2021-11-21T23:53:23,984|[TRACE] graph - -----> statementPart
2021-11-21T23:53:23,984|[TRACE] graph - -------> nonSkippedChar
2021-11-21T23:53:23,984|[TRACE] script - #out(`i`) [token]
2021-11-21T23:53:23,984|[TRACE] graph - <------- nonSkippedChar
2021-11-21T23:53:23,984|[TRACE] graph - <----- statementPart
2021-11-21T23:53:23,984|[TRACE] graph - -----> statementPart
2021-11-21T23:53:23,984|[TRACE] graph - -------> nonSkippedChar
2021-11-21T23:53:23,984|[TRACE] script - #out(`x`) [token]
2021-11-21T23:53:23,984|[TRACE] graph - <------- nonSkippedChar
2021-11-21T23:53:23,984|[TRACE] graph - <----- statementPart
2021-11-21T23:53:23,984|[TRACE] graph - -----> statementPart
2021-11-21T23:53:23,984|[TRACE] graph - -------> nonSkippedChar
2021-11-21T23:53:23,984|[TRACE] script - #out(`_`) [token]
2021-11-21T23:53:23,984|[TRACE] graph - <------- nonSkippedChar
2021-11-21T23:53:23,984|[TRACE] graph - <----- statementPart
2021-11-21T23:53:23,984|[TRACE] graph - -----> statementPart
2021-11-21T23:53:23,984|[TRACE] graph - -------> nonSkippedChar
2021-11-21T23:53:23,984|[TRACE] script - #out(`t`) [token]
2021-11-21T23:53:23,984|[TRACE] graph - <------- nonSkippedChar
2021-11-21T23:53:23,984|[TRACE] graph - <----- statementPart
2021-11-21T23:53:23,984|[TRACE] graph - -----> statementPart
2021-11-21T23:53:23,984|[TRACE] graph - -------> nonSkippedChar
2021-11-21T23:53:23,984|[TRACE] script - #out(`i`) [token]
2021-11-21T23:53:23,984|[TRACE] graph - <------- nonSkippedChar
2021-11-21T23:53:23,984|[TRACE] graph - <----- statementPart
2021-11-21T23:53:23,984|[TRACE] graph - -----> statementPart
2021-11-21T23:53:23,984|[TRACE] graph - -------> nonSkippedChar
2021-11-21T23:53:23,984|[TRACE] script - #out(`m`) [token]
2021-11-21T23:53:23,984|[TRACE] graph - <------- nonSkippedChar
2021-11-21T23:53:23,984|[TRACE] graph - <----- statementPart
2021-11-21T23:53:23,984|[TRACE] graph - -----> statementPart
2021-11-21T23:53:23,984|[TRACE] graph - -------> nonSkippedChar
2021-11-21T23:53:23,984|[TRACE] script - #out(`e`) [token]
2021-11-21T23:53:23,984|[TRACE] graph - <------- nonSkippedChar
2021-11-21T23:53:23,984|[TRACE] graph - <----- statementPart
2021-11-21T23:53:23,984|[TRACE] graph - -----> statementPart
2021-11-21T23:53:23,984|[TRACE] graph - -------> nonSkippedChar
2021-11-21T23:53:23,984|[TRACE] script - #out(`s`) [token]
2021-11-21T23:53:23,984|[TRACE] graph - <------- nonSkippedChar
2021-11-21T23:53:23,984|[TRACE] graph - <----- statementPart
2021-11-21T23:53:23,984|[TRACE] graph - -----> statementPart
2021-11-21T23:53:23,984|[TRACE] graph - -------> nonSkippedChar
2021-11-21T23:53:23,984|[TRACE] script - #out(`t`) [token]
2021-11-21T23:53:23,984|[TRACE] graph - <------- nonSkippedChar
2021-11-21T23:53:23,984|[TRACE] graph - <----- statementPart
2021-11-21T23:53:23,984|[TRACE] graph - -----> statementPart
2021-11-21T23:53:23,984|[TRACE] graph - -------> nonSkippedChar
2021-11-21T23:53:23,984|[TRACE] script - #out(`a`) [token]
2021-11-21T23:53:23,984|[TRACE] graph - <------- nonSkippedChar
2021-11-21T23:53:23,984|[TRACE] graph - <----- statementPart
2021-11-21T23:53:23,984|[TRACE] graph - -----> statementPart
2021-11-21T23:53:23,984|[TRACE] graph - -------> nonSkippedChar
2021-11-21T23:53:23,984|[TRACE] script - #out(`m`) [token]
2021-11-21T23:53:23,984|[TRACE] graph - <------- nonSkippedChar
2021-11-21T23:53:23,984|[TRACE] graph - <----- statementPart
2021-11-21T23:53:23,984|[TRACE] graph - -----> statementPart
2021-11-21T23:53:23,984|[TRACE] graph - -------> nonSkippedChar
2021-11-21T23:53:23,984|[TRACE] script - #out(`p`) [token]
2021-11-21T23:53:23,984|[TRACE] graph - <------- nonSkippedChar
2021-11-21T23:53:23,984|[TRACE] graph - <----- statementPart
2021-11-21T23:53:23,984|[TRACE] graph - -----> statementPart
2021-11-21T23:53:23,984|[TRACE] graph - -------> nonSkippedChar
2021-11-21T23:53:23,984|[TRACE] script - #out(`(`) [token]
2021-11-21T23:53:23,984|[TRACE] graph - <------- nonSkippedChar
2021-11-21T23:53:23,984|[TRACE] graph - <----- statementPart
2021-11-21T23:53:23,984|[TRACE] graph - -----> statementPart
2021-11-21T23:53:23,984|[TRACE] graph - -------> nonSkippedChar
2021-11-21T23:53:23,984|[TRACE] script - #out(`n`) [token]
2021-11-21T23:53:23,984|[TRACE] graph - <------- nonSkippedChar
2021-11-21T23:53:23,984|[TRACE] graph - <----- statementPart
2021-11-21T23:53:23,984|[TRACE] graph - -----> statementPart
2021-11-21T23:53:23,984|[TRACE] graph - -------> nonSkippedChar
2021-11-21T23:53:23,984|[TRACE] script - #out(`o`) [token]
2021-11-21T23:53:23,984|[TRACE] graph - <------- nonSkippedChar
2021-11-21T23:53:23,984|[TRACE] graph - <----- statementPart
2021-11-21T23:53:23,984|[TRACE] graph - -----> statementPart
2021-11-21T23:53:23,984|[TRACE] graph - -------> nonSkippedChar
2021-11-21T23:53:23,984|[TRACE] script - #out(`w`) [token]
2021-11-21T23:53:23,984|[TRACE] graph - <------- nonSkippedChar
2021-11-21T23:53:23,984|[TRACE] graph - <----- statementPart
2021-11-21T23:53:23,984|[TRACE] graph - -----> statementPart
2021-11-21T23:53:23,984|[TRACE] graph - -------> nonSkippedChar
2021-11-21T23:53:23,984|[TRACE] script - #out(`(`) [token]
2021-11-21T23:53:23,984|[TRACE] graph - <------- nonSkippedChar
2021-11-21T23:53:23,984|[TRACE] graph - <----- statementPart
2021-11-21T23:53:23,984|[TRACE] graph - -----> statementPart
2021-11-21T23:53:23,984|[TRACE] graph - -------> nonSkippedChar
2021-11-21T23:53:23,984|[TRACE] script - #out(`)`) [token]
2021-11-21T23:53:23,984|[TRACE] graph - <------- nonSkippedChar
2021-11-21T23:53:23,984|[TRACE] graph - <----- statementPart
2021-11-21T23:53:23,984|[TRACE] graph - -----> statementPart
2021-11-21T23:53:23,984|[TRACE] graph - -------> nonSkippedChar
2021-11-21T23:53:23,984|[TRACE] script - #out(`)`) [token]
2021-11-21T23:53:23,984|[TRACE] graph - <------- nonSkippedChar
2021-11-21T23:53:23,984|[TRACE] graph - <----- statementPart
2021-11-21T23:53:23,984|[TRACE] graph - -----> statementPart
2021-11-21T23:53:23,984|[TRACE] graph - -------> nonSkippedSpace
2021-11-21T23:53:23,984|[TRACE] script - #out(` `) [token]
2021-11-21T23:53:23,984|[TRACE] graph - <------- nonSkippedSpace
2021-11-21T23:53:23,984|[TRACE] graph - <----- statementPart
2021-11-21T23:53:23,984|[TRACE] graph - -----> statementPart
2021-11-21T23:53:23,984|[TRACE] graph - -------> nonSkippedChar
2021-11-21T23:53:23,984|[TRACE] script - #out(`*`) [token]
2021-11-21T23:53:23,984|[TRACE] graph - <------- nonSkippedChar
2021-11-21T23:53:23,984|[TRACE] graph - <----- statementPart
2021-11-21T23:53:23,984|[TRACE] graph - -----> statementPart
2021-11-21T23:53:23,984|[TRACE] graph - -------> nonSkippedSpace
2021-11-21T23:53:23,984|[TRACE] script - #out(` `) [token]
2021-11-21T23:53:23,984|[TRACE] graph - <------- nonSkippedSpace
2021-11-21T23:53:23,984|[TRACE] graph - <----- statementPart
2021-11-21T23:53:23,984|[TRACE] graph - -----> statementPart
2021-11-21T23:53:23,984|[TRACE] graph - -------> nonSkippedChar
2021-11-21T23:53:23,984|[TRACE] script - #out(`1`) [token]
2021-11-21T23:53:23,984|[TRACE] graph - <------- nonSkippedChar
2021-11-21T23:53:23,984|[TRACE] graph - <----- statementPart
2021-11-21T23:53:23,984|[TRACE] graph - -----> statementPart
2021-11-21T23:53:23,984|[TRACE] graph - -------> nonSkippedChar
2021-11-21T23:53:23,984|[TRACE] script - #out(`0`) [token]
2021-11-21T23:53:23,984|[TRACE] graph - <------- nonSkippedChar
2021-11-21T23:53:23,984|[TRACE] graph - <----- statementPart
2021-11-21T23:53:23,984|[TRACE] graph - -----> statementPart
2021-11-21T23:53:23,984|[TRACE] graph - -------> nonSkippedChar
2021-11-21T23:53:23,984|[TRACE] script - #out(`0`) [token]
2021-11-21T23:53:23,984|[TRACE] graph - <------- nonSkippedChar
2021-11-21T23:53:23,984|[TRACE] graph - <----- statementPart
2021-11-21T23:53:23,984|[TRACE] graph - -----> statementPart
2021-11-21T23:53:23,984|[TRACE] graph - -------> nonSkippedChar
2021-11-21T23:53:23,984|[TRACE] script - #out(`0`) [token]
2021-11-21T23:53:23,984|[TRACE] graph - <------- nonSkippedChar
2021-11-21T23:53:23,984|[TRACE] graph - <----- statementPart
2021-11-21T23:53:23,984|[TRACE] graph - -----> statementPart
2021-11-21T23:53:23,984|[TRACE] graph - -------> nonSkippedChar
2021-11-21T23:53:23,984|[TRACE] script - #out(`)`) [token]
2021-11-21T23:53:23,984|[TRACE] graph - <------- nonSkippedChar
2021-11-21T23:53:23,984|[TRACE] graph - <----- statementPart
2021-11-21T23:53:23,984|[TRACE] graph - -----> statementPart
2021-11-21T23:53:23,984|[TRACE] graph - -------> nonSkippedChar
2021-11-21T23:53:23,984|[TRACE] script - #out(`,`) [token]
2021-11-21T23:53:23,984|[TRACE] graph - <------- nonSkippedChar
2021-11-21T23:53:23,984|[TRACE] graph - <----- statementPart
2021-11-21T23:53:23,984|[TRACE] graph - -----> afterStatementPartNewline
2021-11-21T23:53:23,984|[TRACE] script - #out(` `) [text]
2021-11-21T23:53:23,984|[TRACE] graph - <----- afterStatementPartNewline
2021-11-21T23:53:23,984|[TRACE] graph - -----> statementPart
2021-11-21T23:53:23,984|[TRACE] graph - -------> nonSkippedSpace
2021-11-21T23:53:23,984|[TRACE] script - #out(` `) [token]
2021-11-21T23:53:23,985|[TRACE] graph - <------- nonSkippedSpace
2021-11-21T23:53:23,985|[TRACE] graph - <----- statementPart
2021-11-21T23:53:23,985|[TRACE] graph - -----> statementPart
2021-11-21T23:53:23,985|[TRACE] graph - -------> nonSkippedSpace
2021-11-21T23:53:23,985|[TRACE] script - #out(` `) [token]
2021-11-21T23:53:23,985|[TRACE] graph - <------- nonSkippedSpace
2021-11-21T23:53:23,985|[TRACE] graph - <----- statementPart
2021-11-21T23:53:23,985|[TRACE] graph - -----> statementPart
2021-11-21T23:53:23,985|[TRACE] graph - -------> quotedString
2021-11-21T23:53:23,985|[TRACE] script - #out(``version``) [token]
2021-11-21T23:53:23,985|[TRACE] graph - <------- quotedString
2021-11-21T23:53:23,985|[TRACE] graph - <----- statementPart
2021-11-21T23:53:23,985|[TRACE] graph - -----> statementPart
2021-11-21T23:53:23,985|[TRACE] graph - -------> nonSkippedSpace
2021-11-21T23:53:23,985|[TRACE] script - #out(` `) [token]
2021-11-21T23:53:23,985|[TRACE] graph - <------- nonSkippedSpace
2021-11-21T23:53:23,985|[TRACE] graph - <----- statementPart
2021-11-21T23:53:23,985|[TRACE] graph - -----> statementPart
2021-11-21T23:53:23,985|[TRACE] graph - -------> nonSkippedChar
2021-11-21T23:53:23,985|[TRACE] script - #out(`I`) [token]
2021-11-21T23:53:23,985|[TRACE] graph - <------- nonSkippedChar
2021-11-21T23:53:23,985|[TRACE] graph - <----- statementPart
2021-11-21T23:53:23,985|[TRACE] graph - -----> statementPart
2021-11-21T23:53:23,985|[TRACE] graph - -------> nonSkippedChar
2021-11-21T23:53:23,985|[TRACE] script - #out(`N`) [token]
2021-11-21T23:53:24,026|[TRACE] graph - <------- nonSkippedChar
2021-11-21T23:53:24,026|[TRACE] graph - <----- statementPart
2021-11-21T23:53:24,026|[TRACE] graph - -----> statementPart
2021-11-21T23:53:24,026|[TRACE] graph - -------> nonSkippedChar
2021-11-21T23:53:24,026|[TRACE] script - #out(`T`) [token]
2021-11-21T23:53:24,026|[TRACE] graph - <------- nonSkippedChar
2021-11-21T23:53:24,026|[TRACE] graph - <----- statementPart
2021-11-21T23:53:24,026|[TRACE] graph - -----> statementPart
2021-11-21T23:53:24,026|[TRACE] graph - -------> nonSkippedSpace
2021-11-21T23:53:24,026|[TRACE] script - #out(` `) [token]
2021-11-21T23:53:24,026|[TRACE] graph - <------- nonSkippedSpace
2021-11-21T23:53:24,026|[TRACE] graph - <----- statementPart
2021-11-21T23:53:24,026|[TRACE] graph - -----> statementPart
2021-11-21T23:53:24,026|[TRACE] graph - -------> nonSkippedChar
2021-11-21T23:53:24,026|[TRACE] script - #out(`N`) [token]
2021-11-21T23:53:24,026|[TRACE] graph - <------- nonSkippedChar
2021-11-21T23:53:24,026|[TRACE] graph - <----- statementPart
2021-11-21T23:53:24,026|[TRACE] graph - -----> statementPart
2021-11-21T23:53:24,026|[TRACE] graph - -------> nonSkippedChar
2021-11-21T23:53:24,026|[TRACE] script - #out(`O`) [token]
2021-11-21T23:53:24,026|[TRACE] graph - <------- nonSkippedChar
2021-11-21T23:53:24,026|[TRACE] graph - <----- statementPart
2021-11-21T23:53:24,026|[TRACE] graph - -----> statementPart
2021-11-21T23:53:24,026|[TRACE] graph - -------> nonSkippedChar
2021-11-21T23:53:24,026|[TRACE] script - #out(`T`) [token]
2021-11-21T23:53:24,026|[TRACE] graph - <------- nonSkippedChar
2021-11-21T23:53:24,026|[TRACE] graph - <----- statementPart
2021-11-21T23:53:24,026|[TRACE] graph - -----> statementPart
2021-11-21T23:53:24,026|[TRACE] graph - -------> nonSkippedSpace
2021-11-21T23:53:24,026|[TRACE] script - #out(` `) [token]
2021-11-21T23:53:24,026|[TRACE] graph - <------- nonSkippedSpace
2021-11-21T23:53:24,026|[TRACE] graph - <----- statementPart
2021-11-21T23:53:24,026|[TRACE] graph - -----> statementPart
2021-11-21T23:53:24,026|[TRACE] graph - -------> nonSkippedChar
2021-11-21T23:53:24,026|[TRACE] script - #out(`N`) [token]
2021-11-21T23:53:24,026|[TRACE] graph - <------- nonSkippedChar
2021-11-21T23:53:24,026|[TRACE] graph - <----- statementPart
2021-11-21T23:53:24,026|[TRACE] graph - -----> statementPart
2021-11-21T23:53:24,026|[TRACE] graph - -------> nonSkippedChar
2021-11-21T23:53:24,026|[TRACE] script - #out(`U`) [token]
2021-11-21T23:53:24,026|[TRACE] graph - <------- nonSkippedChar
2021-11-21T23:53:24,026|[TRACE] graph - <----- statementPart
2021-11-21T23:53:24,026|[TRACE] graph - -----> statementPart
2021-11-21T23:53:24,026|[TRACE] graph - -------> nonSkippedChar
2021-11-21T23:53:24,026|[TRACE] script - #out(`L`) [token]
2021-11-21T23:53:24,026|[TRACE] graph - <------- nonSkippedChar
2021-11-21T23:53:24,026|[TRACE] graph - <----- statementPart
2021-11-21T23:53:24,026|[TRACE] graph - -----> statementPart
2021-11-21T23:53:24,026|[TRACE] graph - -------> nonSkippedChar
2021-11-21T23:53:24,026|[TRACE] script - #out(`L`) [token]
2021-11-21T23:53:24,026|[TRACE] graph - <------- nonSkippedChar
2021-11-21T23:53:24,026|[TRACE] graph - <----- statementPart
2021-11-21T23:53:24,026|[TRACE] graph - -----> statementPart
2021-11-21T23:53:24,026|[TRACE] graph - -------> nonSkippedSpace
2021-11-21T23:53:24,026|[TRACE] script - #out(` `) [token]
2021-11-21T23:53:24,026|[TRACE] graph - <------- nonSkippedSpace
2021-11-21T23:53:24,026|[TRACE] graph - <----- statementPart
2021-11-21T23:53:24,026|[TRACE] graph - -----> statementPart
2021-11-21T23:53:24,026|[TRACE] graph - -------> nonSkippedChar
2021-11-21T23:53:24,026|[TRACE] script - #out(`D`) [token]
2021-11-21T23:53:24,026|[TRACE] graph - <------- nonSkippedChar
2021-11-21T23:53:24,026|[TRACE] graph - <----- statementPart
2021-11-21T23:53:24,026|[TRACE] graph - -----> statementPart
2021-11-21T23:53:24,026|[TRACE] graph - -------> nonSkippedChar
2021-11-21T23:53:24,026|[TRACE] script - #out(`E`) [token]
2021-11-21T23:53:24,026|[TRACE] graph - <------- nonSkippedChar
2021-11-21T23:53:24,026|[TRACE] graph - <----- statementPart
2021-11-21T23:53:24,026|[TRACE] graph - -----> statementPart
2021-11-21T23:53:24,026|[TRACE] graph - -------> nonSkippedChar
2021-11-21T23:53:24,026|[TRACE] script - #out(`F`) [token]
2021-11-21T23:53:24,026|[TRACE] graph - <------- nonSkippedChar
2021-11-21T23:53:24,026|[TRACE] graph - <----- statementPart
2021-11-21T23:53:24,026|[TRACE] graph - -----> statementPart
2021-11-21T23:53:24,026|[TRACE] graph - -------> nonSkippedChar
2021-11-21T23:53:24,026|[TRACE] script - #out(`A`) [token]
2021-11-21T23:53:24,026|[TRACE] graph - <------- nonSkippedChar
2021-11-21T23:53:24,026|[TRACE] graph - <----- statementPart
2021-11-21T23:53:24,026|[TRACE] graph - -----> statementPart
2021-11-21T23:53:24,026|[TRACE] graph - -------> nonSkippedChar
2021-11-21T23:53:24,026|[TRACE] script - #out(`U`) [token]
2021-11-21T23:53:24,026|[TRACE] graph - <------- nonSkippedChar
2021-11-21T23:53:24,026|[TRACE] graph - <----- statementPart
2021-11-21T23:53:24,026|[TRACE] graph - -----> statementPart
2021-11-21T23:53:24,026|[TRACE] graph - -------> nonSkippedChar
2021-11-21T23:53:24,026|[TRACE] script - #out(`L`) [token]
2021-11-21T23:53:24,026|[TRACE] graph - <------- nonSkippedChar
2021-11-21T23:53:24,026|[TRACE] graph - <----- statementPart
2021-11-21T23:53:24,026|[TRACE] graph - -----> statementPart
2021-11-21T23:53:24,026|[TRACE] graph - -------> nonSkippedChar
2021-11-21T23:53:24,026|[TRACE] script - #out(`T`) [token]
2021-11-21T23:53:24,026|[TRACE] graph - <------- nonSkippedChar
2021-11-21T23:53:24,026|[TRACE] graph - <----- statementPart
2021-11-21T23:53:24,026|[TRACE] graph - -----> statementPart
2021-11-21T23:53:24,026|[TRACE] graph - -------> nonSkippedSpace
2021-11-21T23:53:24,026|[TRACE] script - #out(` `) [token]
2021-11-21T23:53:24,026|[TRACE] graph - <------- nonSkippedSpace
2021-11-21T23:53:24,026|[TRACE] graph - <----- statementPart
2021-11-21T23:53:24,026|[TRACE] graph - -----> statementPart
2021-11-21T23:53:24,026|[TRACE] graph - -------> nonSkippedChar
2021-11-21T23:53:24,026|[TRACE] script - #out(`1`) [token]
2021-11-21T23:53:24,026|[TRACE] graph - <------- nonSkippedChar
2021-11-21T23:53:24,026|[TRACE] graph - <----- statementPart
2021-11-21T23:53:24,026|[TRACE] graph - -----> statementPart
2021-11-21T23:53:24,026|[TRACE] graph - -------> nonSkippedChar
2021-11-21T23:53:24,026|[TRACE] script - #out(`,`) [token]
2021-11-21T23:53:24,026|[TRACE] graph - <------- nonSkippedChar
2021-11-21T23:53:24,026|[TRACE] graph - <----- statementPart
2021-11-21T23:53:24,026|[TRACE] graph - -----> afterStatementPartNewline
2021-11-21T23:53:24,026|[TRACE] script - #out(` `) [text]
2021-11-21T23:53:24,026|[TRACE] graph - <----- afterStatementPartNewline
2021-11-21T23:53:24,026|[TRACE] graph - -----> statementPart
2021-11-21T23:53:24,026|[TRACE] graph - -------> nonSkippedSpace
2021-11-21T23:53:24,026|[TRACE] script - #out(` `) [token]
2021-11-21T23:53:24,026|[TRACE] graph - <------- nonSkippedSpace
2021-11-21T23:53:24,026|[TRACE] graph - <----- statementPart
2021-11-21T23:53:24,026|[TRACE] graph - -----> statementPart
2021-11-21T23:53:24,026|[TRACE] graph - -------> nonSkippedSpace
2021-11-21T23:53:24,026|[TRACE] script - #out(` `) [token]
2021-11-21T23:53:24,026|[TRACE] graph - <------- nonSkippedSpace
2021-11-21T23:53:24,026|[TRACE] graph - <----- statementPart
2021-11-21T23:53:24,026|[TRACE] graph - -----> statementPart
2021-11-21T23:53:24,026|[TRACE] graph - -------> nonSkippedChar
2021-11-21T23:53:24,026|[TRACE] script - #out(`P`) [token]
2021-11-21T23:53:24,026|[TRACE] graph - <------- nonSkippedChar
2021-11-21T23:53:24,026|[TRACE] graph - <----- statementPart
2021-11-21T23:53:24,026|[TRACE] graph - -----> statementPart
2021-11-21T23:53:24,026|[TRACE] graph - -------> nonSkippedChar
2021-11-21T23:53:24,026|[TRACE] script - #out(`R`) [token]
2021-11-21T23:53:24,026|[TRACE] graph - <------- nonSkippedChar
2021-11-21T23:53:24,026|[TRACE] graph - <----- statementPart
2021-11-21T23:53:24,026|[TRACE] graph - -----> statementPart
2021-11-21T23:53:24,026|[TRACE] graph - -------> nonSkippedChar
2021-11-21T23:53:24,026|[TRACE] script - #out(`I`) [token]
2021-11-21T23:53:24,026|[TRACE] graph - <------- nonSkippedChar
2021-11-21T23:53:24,026|[TRACE] graph - <----- statementPart
2021-11-21T23:53:24,026|[TRACE] graph - -----> statementPart
2021-11-21T23:53:24,026|[TRACE] graph - -------> nonSkippedChar
2021-11-21T23:53:24,026|[TRACE] script - #out(`M`) [token]
2021-11-21T23:53:24,026|[TRACE] graph - <------- nonSkippedChar
2021-11-21T23:53:24,026|[TRACE] graph - <----- statementPart
2021-11-21T23:53:24,026|[TRACE] graph - -----> statementPart
2021-11-21T23:53:24,026|[TRACE] graph - -------> nonSkippedChar
2021-11-21T23:53:24,026|[TRACE] script - #out(`A`) [token]
2021-11-21T23:53:24,026|[TRACE] graph - <------- nonSkippedChar
2021-11-21T23:53:24,026|[TRACE] graph - <----- statementPart
2021-11-21T23:53:24,026|[TRACE] graph - -----> statementPart
2021-11-21T23:53:24,026|[TRACE] graph - -------> nonSkippedChar
2021-11-21T23:53:24,026|[TRACE] script - #out(`R`) [token]
2021-11-21T23:53:24,026|[TRACE] graph - <------- nonSkippedChar
2021-11-21T23:53:24,026|[TRACE] graph - <----- statementPart
2021-11-21T23:53:24,026|[TRACE] graph - -----> statementPart
2021-11-21T23:53:24,026|[TRACE] graph - -------> nonSkippedChar
2021-11-21T23:53:24,026|[TRACE] script - #out(`Y`) [token]
2021-11-21T23:53:24,026|[TRACE] graph - <------- nonSkippedChar
2021-11-21T23:53:24,026|[TRACE] graph - <----- statementPart
2021-11-21T23:53:24,026|[TRACE] graph - -----> statementPart
2021-11-21T23:53:24,026|[TRACE] graph - -------> nonSkippedSpace
2021-11-21T23:53:24,026|[TRACE] script - #out(` `) [token]
2021-11-21T23:53:24,026|[TRACE] graph - <------- nonSkippedSpace
2021-11-21T23:53:24,026|[TRACE] graph - <----- statementPart
2021-11-21T23:53:24,026|[TRACE] graph - -----> statementPart
2021-11-21T23:53:24,026|[TRACE] graph - -------> nonSkippedChar
2021-11-21T23:53:24,026|[TRACE] script - #out(`K`) [token]
2021-11-21T23:53:24,026|[TRACE] graph - <------- nonSkippedChar
2021-11-21T23:53:24,026|[TRACE] graph - <----- statementPart
2021-11-21T23:53:24,026|[TRACE] graph - -----> statementPart
2021-11-21T23:53:24,026|[TRACE] graph - -------> nonSkippedChar
2021-11-21T23:53:24,026|[TRACE] script - #out(`E`) [token]
2021-11-21T23:53:24,026|[TRACE] graph - <------- nonSkippedChar
2021-11-21T23:53:24,026|[TRACE] graph - <----- statementPart
2021-11-21T23:53:24,026|[TRACE] graph - -----> statementPart
2021-11-21T23:53:24,026|[TRACE] graph - -------> nonSkippedChar
2021-11-21T23:53:24,026|[TRACE] script - #out(`Y`) [token]
2021-11-21T23:53:24,026|[TRACE] graph - <------- nonSkippedChar
2021-11-21T23:53:24,026|[TRACE] graph - <----- statementPart
2021-11-21T23:53:24,026|[TRACE] graph - -----> statementPart
2021-11-21T23:53:24,026|[TRACE] graph - -------> nonSkippedSpace
2021-11-21T23:53:24,027|[TRACE] script - #out(` `) [token]
2021-11-21T23:53:24,027|[TRACE] graph - <------- nonSkippedSpace
2021-11-21T23:53:24,027|[TRACE] graph - <----- statementPart
2021-11-21T23:53:24,027|[TRACE] graph - -----> statementPart
2021-11-21T23:53:24,027|[TRACE] graph - -------> nonSkippedChar
2021-11-21T23:53:24,027|[TRACE] script - #out(`(`) [token]
2021-11-21T23:53:24,027|[TRACE] graph - <------- nonSkippedChar
2021-11-21T23:53:24,027|[TRACE] graph - <----- statementPart
2021-11-21T23:53:24,027|[TRACE] graph - -----> statementPart
2021-11-21T23:53:24,027|[TRACE] graph - -------> quotedString
2021-11-21T23:53:24,027|[TRACE] script - #out(``phone_id``) [token]
2021-11-21T23:53:24,027|[TRACE] graph - <------- quotedString
2021-11-21T23:53:24,027|[TRACE] graph - <----- statementPart
2021-11-21T23:53:24,027|[TRACE] graph - -----> statementPart
2021-11-21T23:53:24,027|[TRACE] graph - -------> nonSkippedChar
2021-11-21T23:53:24,027|[TRACE] script - #out(`)`) [token]
2021-11-21T23:53:24,027|[TRACE] graph - <------- nonSkippedChar
2021-11-21T23:53:24,027|[TRACE] graph - <----- statementPart
2021-11-21T23:53:24,027|[TRACE] graph - -----> statementPart
2021-11-21T23:53:24,027|[TRACE] graph - -------> nonSkippedChar
2021-11-21T23:53:24,027|[TRACE] script - #out(`)`) [token]
2021-11-21T23:53:24,027|[TRACE] graph - <------- nonSkippedChar
2021-11-21T23:53:24,027|[TRACE] graph - <----- statementPart
2021-11-21T23:53:24,027|[TRACE] graph - -----> afterStatementPartNewline
2021-11-21T23:53:24,027|[TRACE] script - #out(` `) [text]
2021-11-21T23:53:24,027|[TRACE] graph - <----- afterStatementPartNewline
2021-11-21T23:53:24,027|[TRACE] graph - -----> statementPart
2021-11-21T23:53:24,027|[TRACE] graph - -------> nonSkippedChar
2021-11-21T23:53:24,027|[TRACE] script - #out(`E`) [token]
2021-11-21T23:53:24,027|[TRACE] graph - <------- nonSkippedChar
2021-11-21T23:53:24,027|[TRACE] graph - <----- statementPart
2021-11-21T23:53:24,027|[TRACE] graph - -----> statementPart
2021-11-21T23:53:24,027|[TRACE] graph - -------> nonSkippedChar
2021-11-21T23:53:24,027|[TRACE] script - #out(`N`) [token]
2021-11-21T23:53:24,027|[TRACE] graph - <------- nonSkippedChar
2021-11-21T23:53:24,027|[TRACE] graph - <----- statementPart
2021-11-21T23:53:24,027|[TRACE] graph - -----> statementPart
2021-11-21T23:53:24,027|[TRACE] graph - -------> nonSkippedChar
2021-11-21T23:53:24,027|[TRACE] script - #out(`G`) [token]
2021-11-21T23:53:24,027|[TRACE] graph - <------- nonSkippedChar
2021-11-21T23:53:24,027|[TRACE] graph - <----- statementPart
2021-11-21T23:53:24,027|[TRACE] graph - -----> statementPart
2021-11-21T23:53:24,027|[TRACE] graph - -------> nonSkippedChar
2021-11-21T23:53:24,027|[TRACE] script - #out(`I`) [token]
2021-11-21T23:53:24,027|[TRACE] graph - <------- nonSkippedChar
2021-11-21T23:53:24,027|[TRACE] graph - <----- statementPart
2021-11-21T23:53:24,027|[TRACE] graph - -----> statementPart
2021-11-21T23:53:24,027|[TRACE] graph - -------> nonSkippedChar
2021-11-21T23:53:24,027|[TRACE] script - #out(`N`) [token]
2021-11-21T23:53:24,027|[TRACE] graph - <------- nonSkippedChar
2021-11-21T23:53:24,027|[TRACE] graph - <----- statementPart
2021-11-21T23:53:24,027|[TRACE] graph - -----> statementPart
2021-11-21T23:53:24,027|[TRACE] graph - -------> nonSkippedChar
2021-11-21T23:53:24,027|[TRACE] script - #out(`E`) [token]
2021-11-21T23:53:24,027|[TRACE] graph - <------- nonSkippedChar
2021-11-21T23:53:24,027|[TRACE] graph - <----- statementPart
2021-11-21T23:53:24,027|[TRACE] graph - -----> statementPart
2021-11-21T23:53:24,027|[TRACE] graph - -------> nonSkippedSpace
2021-11-21T23:53:24,027|[TRACE] script - #out(` `) [token]
2021-11-21T23:53:24,027|[TRACE] graph - <------- nonSkippedSpace
2021-11-21T23:53:24,027|[TRACE] graph - <----- statementPart
2021-11-21T23:53:24,027|[TRACE] graph - -----> statementPart
2021-11-21T23:53:24,027|[TRACE] graph - -------> nonSkippedChar
2021-11-21T23:53:24,027|[TRACE] script - #out(`=`) [token]
2021-11-21T23:53:24,027|[TRACE] graph - <------- nonSkippedChar
2021-11-21T23:53:24,027|[TRACE] graph - <----- statementPart
2021-11-21T23:53:24,027|[TRACE] graph - -----> statementPart
2021-11-21T23:53:24,027|[TRACE] graph - -------> nonSkippedSpace
2021-11-21T23:53:24,027|[TRACE] script - #out(` `) [token]
2021-11-21T23:53:24,027|[TRACE] graph - <------- nonSkippedSpace
2021-11-21T23:53:24,027|[TRACE] graph - <----- statementPart
2021-11-21T23:53:24,027|[TRACE] graph - -----> statementPart
2021-11-21T23:53:24,027|[TRACE] graph - -------> nonSkippedChar
2021-11-21T23:53:24,027|[TRACE] script - #out(`I`) [token]
2021-11-21T23:53:24,027|[TRACE] graph - <------- nonSkippedChar
2021-11-21T23:53:24,027|[TRACE] graph - <----- statementPart
2021-11-21T23:53:24,027|[TRACE] graph - -----> statementPart
2021-11-21T23:53:24,027|[TRACE] graph - -------> nonSkippedChar
2021-11-21T23:53:24,027|[TRACE] script - #out(`n`) [token]
2021-11-21T23:53:24,027|[TRACE] graph - <------- nonSkippedChar
2021-11-21T23:53:24,027|[TRACE] graph - <----- statementPart
2021-11-21T23:53:24,027|[TRACE] graph - -----> statementPart
2021-11-21T23:53:24,027|[TRACE] graph - -------> nonSkippedChar
2021-11-21T23:53:24,027|[TRACE] script - #out(`n`) [token]
2021-11-21T23:53:24,027|[TRACE] graph - <------- nonSkippedChar
2021-11-21T23:53:24,027|[TRACE] graph - <----- statementPart
2021-11-21T23:53:24,027|[TRACE] graph - -----> statementPart
2021-11-21T23:53:24,027|[TRACE] graph - -------> nonSkippedChar
2021-11-21T23:53:24,027|[TRACE] script - #out(`o`) [token]
2021-11-21T23:53:24,027|[TRACE] graph - <------- nonSkippedChar
2021-11-21T23:53:24,027|[TRACE] graph - <----- statementPart
2021-11-21T23:53:24,027|[TRACE] graph - -----> statementPart
2021-11-21T23:53:24,027|[TRACE] graph - -------> nonSkippedChar
2021-11-21T23:53:24,027|[TRACE] script - #out(`D`) [token]
2021-11-21T23:53:24,027|[TRACE] graph - <------- nonSkippedChar
2021-11-21T23:53:24,027|[TRACE] graph - <----- statementPart
2021-11-21T23:53:24,027|[TRACE] graph - -----> statementPart
2021-11-21T23:53:24,027|[TRACE] graph - -------> nonSkippedChar
2021-11-21T23:53:24,027|[TRACE] script - #out(`B`) [token]
2021-11-21T23:53:24,027|[TRACE] graph - <------- nonSkippedChar
2021-11-21T23:53:24,027|[TRACE] graph - <----- statementPart
2021-11-21T23:53:24,027|[DEBUG] graph - Import statement : CREATE TABLE IF NOT EXISTS `bloodbank`.`phone` (   `phone_id` INT NOT NULL AUTO_INCREMENT,   `country_code` VARCHAR(10) NOT NULL DEFAULT '1',   `area_code` VARCHAR(10) NOT NULL,   `number` VARCHAR(10) NOT NULL,   `created` BIGINT NOT NULL DEFAULT (unix_timestamp(now()) * 1000),   `updated` BIGINT NOT NULL DEFAULT (unix_timestamp(now()) * 1000),   `version` INT NOT NULL DEFAULT 1,   PRIMARY KEY (`phone_id`)) ENGINE = InnoDB
2021-11-21T23:53:24,027|[TRACE] graph - <--- statement
2021-11-21T23:53:24,027|[TRACE] graph - ---> blankSpacesToSkip
2021-11-21T23:53:24,027|[TRACE] graph - -----> newLineToSkip
2021-11-21T23:53:24,027|[TRACE] graph - <----- newLineToSkip
2021-11-21T23:53:24,027|[TRACE] graph - -----> newLineToSkip
2021-11-21T23:53:24,027|[TRACE] graph - <----- newLineToSkip
2021-11-21T23:53:24,027|[TRACE] graph - -----> newLineToSkip
2021-11-21T23:53:24,027|[TRACE] graph - <----- newLineToSkip
2021-11-21T23:53:24,027|[TRACE] graph - -----> newLineToSkip
2021-11-21T23:53:24,027|[TRACE] graph - <----- newLineToSkip
2021-11-21T23:53:24,027|[TRACE] graph - -----> newLineToSkip
2021-11-21T23:53:24,027|[TRACE] graph - <----- newLineToSkip
2021-11-21T23:53:24,027|[TRACE] graph - -----> newLineToSkip
2021-11-21T23:53:24,027|[TRACE] graph - <----- newLineToSkip
2021-11-21T23:53:24,027|[TRACE] graph - <--- blankSpacesToSkip
2021-11-21T23:53:24,027|[TRACE] graph - ---> statement
2021-11-21T23:53:24,027|[TRACE] graph - -----> statementFirstPart
2021-11-21T23:53:24,027|[TRACE] graph - -------> nonSkippedChar
2021-11-21T23:53:24,027|[TRACE] script - #out(`C`) [token]
2021-11-21T23:53:24,027|[TRACE] graph - <------- nonSkippedChar
2021-11-21T23:53:24,027|[TRACE] graph - <----- statementFirstPart
2021-11-21T23:53:24,027|[TRACE] graph - -----> statementPart
2021-11-21T23:53:24,027|[TRACE] graph - -------> nonSkippedChar
2021-11-21T23:53:24,027|[TRACE] script - #out(`R`) [token]
2021-11-21T23:53:24,027|[TRACE] graph - <------- nonSkippedChar
2021-11-21T23:53:24,027|[TRACE] graph - <----- statementPart
2021-11-21T23:53:24,027|[TRACE] graph - -----> statementPart
2021-11-21T23:53:24,027|[TRACE] graph - -------> nonSkippedChar
2021-11-21T23:53:24,027|[TRACE] script - #out(`E`) [token]
2021-11-21T23:53:24,027|[TRACE] graph - <------- nonSkippedChar
2021-11-21T23:53:24,027|[TRACE] graph - <----- statementPart
2021-11-21T23:53:24,027|[TRACE] graph - -----> statementPart
2021-11-21T23:53:24,027|[TRACE] graph - -------> nonSkippedChar
2021-11-21T23:53:24,027|[TRACE] script - #out(`A`) [token]
2021-11-21T23:53:24,027|[TRACE] graph - <------- nonSkippedChar
2021-11-21T23:53:24,027|[TRACE] graph - <----- statementPart
2021-11-21T23:53:24,027|[TRACE] graph - -----> statementPart
2021-11-21T23:53:24,027|[TRACE] graph - -------> nonSkippedChar
2021-11-21T23:53:24,027|[TRACE] script - #out(`T`) [token]
2021-11-21T23:53:24,027|[TRACE] graph - <------- nonSkippedChar
2021-11-21T23:53:24,027|[TRACE] graph - <----- statementPart
2021-11-21T23:53:24,027|[TRACE] graph - -----> statementPart
2021-11-21T23:53:24,027|[TRACE] graph - -------> nonSkippedChar
2021-11-21T23:53:24,027|[TRACE] script - #out(`E`) [token]
2021-11-21T23:53:24,027|[TRACE] graph - <------- nonSkippedChar
2021-11-21T23:53:24,027|[TRACE] graph - <----- statementPart
2021-11-21T23:53:24,027|[TRACE] graph - -----> statementPart
2021-11-21T23:53:24,027|[TRACE] graph - -------> nonSkippedSpace
2021-11-21T23:53:24,027|[TRACE] script - #out(` `) [token]
2021-11-21T23:53:24,027|[TRACE] graph - <------- nonSkippedSpace
2021-11-21T23:53:24,027|[TRACE] graph - <----- statementPart
2021-11-21T23:53:24,027|[TRACE] graph - -----> statementPart
2021-11-21T23:53:24,027|[TRACE] graph - -------> nonSkippedChar
2021-11-21T23:53:24,027|[TRACE] script - #out(`T`) [token]
2021-11-21T23:53:24,027|[TRACE] graph - <------- nonSkippedChar
2021-11-21T23:53:24,027|[TRACE] graph - <----- statementPart
2021-11-21T23:53:24,027|[TRACE] graph - -----> statementPart
2021-11-21T23:53:24,027|[TRACE] graph - -------> nonSkippedChar
2021-11-21T23:53:24,027|[TRACE] script - #out(`A`) [token]
2021-11-21T23:53:24,027|[TRACE] graph - <------- nonSkippedChar
2021-11-21T23:53:24,027|[TRACE] graph - <----- statementPart
2021-11-21T23:53:24,027|[TRACE] graph - -----> statementPart
2021-11-21T23:53:24,027|[TRACE] graph - -------> nonSkippedChar
2021-11-21T23:53:24,027|[TRACE] script - #out(`B`) [token]
2021-11-21T23:53:24,027|[TRACE] graph - <------- nonSkippedChar
2021-11-21T23:53:24,027|[TRACE] graph - <----- statementPart
2021-11-21T23:53:24,027|[TRACE] graph - -----> statementPart
2021-11-21T23:53:24,027|[TRACE] graph - -------> nonSkippedChar
2021-11-21T23:53:24,027|[TRACE] script - #out(`L`) [token]
2021-11-21T23:53:24,027|[TRACE] graph - <------- nonSkippedChar
2021-11-21T23:53:24,027|[TRACE] graph - <----- statementPart
2021-11-21T23:53:24,027|[TRACE] graph - -----> statementPart
2021-11-21T23:53:24,027|[TRACE] graph - -------> nonSkippedChar
2021-11-21T23:53:24,027|[TRACE] script - #out(`E`) [token]
2021-11-21T23:53:24,027|[TRACE] graph - <------- nonSkippedChar
2021-11-21T23:53:24,027|[TRACE] graph - <----- statementPart
2021-11-21T23:53:24,027|[TRACE] graph - -----> statementPart
2021-11-21T23:53:24,027|[TRACE] graph - -------> nonSkippedSpace
2021-11-21T23:53:24,027|[TRACE] script - #out(` `) [token]
2021-11-21T23:53:24,027|[TRACE] graph - <------- nonSkippedSpace
2021-11-21T23:53:24,027|[TRACE] graph - <----- statementPart
2021-11-21T23:53:24,027|[TRACE] graph - -----> statementPart
2021-11-21T23:53:24,027|[TRACE] graph - -------> nonSkippedChar
2021-11-21T23:53:24,027|[TRACE] script - #out(`I`) [token]
2021-11-21T23:53:24,027|[TRACE] graph - <------- nonSkippedChar
2021-11-21T23:53:24,027|[TRACE] graph - <----- statementPart
2021-11-21T23:53:24,027|[TRACE] graph - -----> statementPart
2021-11-21T23:53:24,027|[TRACE] graph - -------> nonSkippedChar
2021-11-21T23:53:24,027|[TRACE] script - #out(`F`) [token]
2021-11-21T23:53:24,027|[TRACE] graph - <------- nonSkippedChar
2021-11-21T23:53:24,027|[TRACE] graph - <----- statementPart
2021-11-21T23:53:24,027|[TRACE] graph - -----> statementPart
2021-11-21T23:53:24,027|[TRACE] graph - -------> nonSkippedSpace
2021-11-21T23:53:24,027|[TRACE] script - #out(` `) [token]
2021-11-21T23:53:24,027|[TRACE] graph - <------- nonSkippedSpace
2021-11-21T23:53:24,027|[TRACE] graph - <----- statementPart
2021-11-21T23:53:24,027|[TRACE] graph - -----> statementPart
2021-11-21T23:53:24,027|[TRACE] graph - -------> nonSkippedChar
2021-11-21T23:53:24,027|[TRACE] script - #out(`N`) [token]
2021-11-21T23:53:24,027|[TRACE] graph - <------- nonSkippedChar
2021-11-21T23:53:24,027|[TRACE] graph - <----- statementPart
2021-11-21T23:53:24,027|[TRACE] graph - -----> statementPart
2021-11-21T23:53:24,027|[TRACE] graph - -------> nonSkippedChar
2021-11-21T23:53:24,027|[TRACE] script - #out(`O`) [token]
2021-11-21T23:53:24,027|[TRACE] graph - <------- nonSkippedChar
2021-11-21T23:53:24,027|[TRACE] graph - <----- statementPart
2021-11-21T23:53:24,027|[TRACE] graph - -----> statementPart
2021-11-21T23:53:24,027|[TRACE] graph - -------> nonSkippedChar
2021-11-21T23:53:24,027|[TRACE] script - #out(`T`) [token]
2021-11-21T23:53:24,027|[TRACE] graph - <------- nonSkippedChar
2021-11-21T23:53:24,027|[TRACE] graph - <----- statementPart
2021-11-21T23:53:24,027|[TRACE] graph - -----> statementPart
2021-11-21T23:53:24,027|[TRACE] graph - -------> nonSkippedSpace
2021-11-21T23:53:24,027|[TRACE] script - #out(` `) [token]
2021-11-21T23:53:24,027|[TRACE] graph - <------- nonSkippedSpace
2021-11-21T23:53:24,027|[TRACE] graph - <----- statementPart
2021-11-21T23:53:24,027|[TRACE] graph - -----> statementPart
2021-11-21T23:53:24,027|[TRACE] graph - -------> nonSkippedChar
2021-11-21T23:53:24,027|[TRACE] script - #out(`E`) [token]
2021-11-21T23:53:24,027|[TRACE] graph - <------- nonSkippedChar
2021-11-21T23:53:24,027|[TRACE] graph - <----- statementPart
2021-11-21T23:53:24,027|[TRACE] graph - -----> statementPart
2021-11-21T23:53:24,027|[TRACE] graph - -------> nonSkippedChar
2021-11-21T23:53:24,027|[TRACE] script - #out(`X`) [token]
2021-11-21T23:53:24,027|[TRACE] graph - <------- nonSkippedChar
2021-11-21T23:53:24,027|[TRACE] graph - <----- statementPart
2021-11-21T23:53:24,027|[TRACE] graph - -----> statementPart
2021-11-21T23:53:24,027|[TRACE] graph - -------> nonSkippedChar
2021-11-21T23:53:24,027|[TRACE] script - #out(`I`) [token]
2021-11-21T23:53:24,027|[TRACE] graph - <------- nonSkippedChar
2021-11-21T23:53:24,027|[TRACE] graph - <----- statementPart
2021-11-21T23:53:24,027|[TRACE] graph - -----> statementPart
2021-11-21T23:53:24,027|[TRACE] graph - -------> nonSkippedChar
2021-11-21T23:53:24,027|[TRACE] script - #out(`S`) [token]
2021-11-21T23:53:24,027|[TRACE] graph - <------- nonSkippedChar
2021-11-21T23:53:24,027|[TRACE] graph - <----- statementPart
2021-11-21T23:53:24,027|[TRACE] graph - -----> statementPart
2021-11-21T23:53:24,027|[TRACE] graph - -------> nonSkippedChar
2021-11-21T23:53:24,027|[TRACE] script - #out(`T`) [token]
2021-11-21T23:53:24,027|[TRACE] graph - <------- nonSkippedChar
2021-11-21T23:53:24,027|[TRACE] graph - <----- statementPart
2021-11-21T23:53:24,027|[TRACE] graph - -----> statementPart
2021-11-21T23:53:24,027|[TRACE] graph - -------> nonSkippedChar
2021-11-21T23:53:24,027|[TRACE] script - #out(`S`) [token]
2021-11-21T23:53:24,027|[TRACE] graph - <------- nonSkippedChar
2021-11-21T23:53:24,027|[TRACE] graph - <----- statementPart
2021-11-21T23:53:24,027|[TRACE] graph - -----> statementPart
2021-11-21T23:53:24,027|[TRACE] graph - -------> nonSkippedSpace
2021-11-21T23:53:24,027|[TRACE] script - #out(` `) [token]
2021-11-21T23:53:24,027|[TRACE] graph - <------- nonSkippedSpace
2021-11-21T23:53:24,027|[TRACE] graph - <----- statementPart
2021-11-21T23:53:24,027|[TRACE] graph - -----> statementPart
2021-11-21T23:53:24,027|[TRACE] graph - -------> quotedString
2021-11-21T23:53:24,027|[TRACE] script - #out(``bloodbank``) [token]
2021-11-21T23:53:24,027|[TRACE] graph - <------- quotedString
2021-11-21T23:53:24,027|[TRACE] graph - <----- statementPart
2021-11-21T23:53:24,027|[TRACE] graph - -----> statementPart
2021-11-21T23:53:24,027|[TRACE] graph - -------> nonSkippedChar
2021-11-21T23:53:24,027|[TRACE] script - #out(`.`) [token]
2021-11-21T23:53:24,027|[TRACE] graph - <------- nonSkippedChar
2021-11-21T23:53:24,027|[TRACE] graph - <----- statementPart
2021-11-21T23:53:24,027|[TRACE] graph - -----> statementPart
2021-11-21T23:53:24,027|[TRACE] graph - -------> quotedString
2021-11-21T23:53:24,027|[TRACE] script - #out(``contact``) [token]
2021-11-21T23:53:24,027|[TRACE] graph - <------- quotedString
2021-11-21T23:53:24,027|[TRACE] graph - <----- statementPart
2021-11-21T23:53:24,027|[TRACE] graph - -----> statementPart
2021-11-21T23:53:24,027|[TRACE] graph - -------> nonSkippedSpace
2021-11-21T23:53:24,027|[TRACE] script - #out(` `) [token]
2021-11-21T23:53:24,027|[TRACE] graph - <------- nonSkippedSpace
2021-11-21T23:53:24,027|[TRACE] graph - <----- statementPart
2021-11-21T23:53:24,027|[TRACE] graph - -----> statementPart
2021-11-21T23:53:24,027|[TRACE] graph - -------> nonSkippedChar
2021-11-21T23:53:24,027|[TRACE] script - #out(`(`) [token]
2021-11-21T23:53:24,027|[TRACE] graph - <------- nonSkippedChar
2021-11-21T23:53:24,027|[TRACE] graph - <----- statementPart
2021-11-21T23:53:24,027|[TRACE] graph - -----> afterStatementPartNewline
2021-11-21T23:53:24,027|[TRACE] script - #out(` `) [text]
2021-11-21T23:53:24,027|[TRACE] graph - <----- afterStatementPartNewline
2021-11-21T23:53:24,027|[TRACE] graph - -----> statementPart
2021-11-21T23:53:24,027|[TRACE] graph - -------> nonSkippedSpace
2021-11-21T23:53:24,067|[TRACE] script - #out(` `) [token]
2021-11-21T23:53:24,067|[TRACE] graph - <------- nonSkippedSpace
2021-11-21T23:53:24,067|[TRACE] graph - <----- statementPart
2021-11-21T23:53:24,067|[TRACE] graph - -----> statementPart
2021-11-21T23:53:24,067|[TRACE] graph - -------> nonSkippedSpace
2021-11-21T23:53:24,067|[TRACE] script - #out(` `) [token]
2021-11-21T23:53:24,067|[TRACE] graph - <------- nonSkippedSpace
2021-11-21T23:53:24,067|[TRACE] graph - <----- statementPart
2021-11-21T23:53:24,067|[TRACE] graph - -----> statementPart
2021-11-21T23:53:24,067|[TRACE] graph - -------> quotedString
2021-11-21T23:53:24,067|[TRACE] script - #out(``person_id``) [token]
2021-11-21T23:53:24,067|[TRACE] graph - <------- quotedString
2021-11-21T23:53:24,067|[TRACE] graph - <----- statementPart
2021-11-21T23:53:24,067|[TRACE] graph - -----> statementPart
2021-11-21T23:53:24,067|[TRACE] graph - -------> nonSkippedSpace
2021-11-21T23:53:24,067|[TRACE] script - #out(` `) [token]
2021-11-21T23:53:24,067|[TRACE] graph - <------- nonSkippedSpace
2021-11-21T23:53:24,067|[TRACE] graph - <----- statementPart
2021-11-21T23:53:24,067|[TRACE] graph - -----> statementPart
2021-11-21T23:53:24,067|[TRACE] graph - -------> nonSkippedChar
2021-11-21T23:53:24,067|[TRACE] script - #out(`I`) [token]
2021-11-21T23:53:24,067|[TRACE] graph - <------- nonSkippedChar
2021-11-21T23:53:24,067|[TRACE] graph - <----- statementPart
2021-11-21T23:53:24,067|[TRACE] graph - -----> statementPart
2021-11-21T23:53:24,067|[TRACE] graph - -------> nonSkippedChar
2021-11-21T23:53:24,067|[TRACE] script - #out(`N`) [token]
2021-11-21T23:53:24,067|[TRACE] graph - <------- nonSkippedChar
2021-11-21T23:53:24,067|[TRACE] graph - <----- statementPart
2021-11-21T23:53:24,067|[TRACE] graph - -----> statementPart
2021-11-21T23:53:24,067|[TRACE] graph - -------> nonSkippedChar
2021-11-21T23:53:24,067|[TRACE] script - #out(`T`) [token]
2021-11-21T23:53:24,067|[TRACE] graph - <------- nonSkippedChar
2021-11-21T23:53:24,067|[TRACE] graph - <----- statementPart
2021-11-21T23:53:24,067|[TRACE] graph - -----> statementPart
2021-11-21T23:53:24,067|[TRACE] graph - -------> nonSkippedSpace
2021-11-21T23:53:24,067|[TRACE] script - #out(` `) [token]
2021-11-21T23:53:24,067|[TRACE] graph - <------- nonSkippedSpace
2021-11-21T23:53:24,067|[TRACE] graph - <----- statementPart
2021-11-21T23:53:24,067|[TRACE] graph - -----> statementPart
2021-11-21T23:53:24,067|[TRACE] graph - -------> nonSkippedChar
2021-11-21T23:53:24,067|[TRACE] script - #out(`N`) [token]
2021-11-21T23:53:24,067|[TRACE] graph - <------- nonSkippedChar
2021-11-21T23:53:24,067|[TRACE] graph - <----- statementPart
2021-11-21T23:53:24,067|[TRACE] graph - -----> statementPart
2021-11-21T23:53:24,067|[TRACE] graph - -------> nonSkippedChar
2021-11-21T23:53:24,067|[TRACE] script - #out(`O`) [token]
2021-11-21T23:53:24,067|[TRACE] graph - <------- nonSkippedChar
2021-11-21T23:53:24,067|[TRACE] graph - <----- statementPart
2021-11-21T23:53:24,067|[TRACE] graph - -----> statementPart
2021-11-21T23:53:24,067|[TRACE] graph - -------> nonSkippedChar
2021-11-21T23:53:24,067|[TRACE] script - #out(`T`) [token]
2021-11-21T23:53:24,067|[TRACE] graph - <------- nonSkippedChar
2021-11-21T23:53:24,067|[TRACE] graph - <----- statementPart
2021-11-21T23:53:24,067|[TRACE] graph - -----> statementPart
2021-11-21T23:53:24,067|[TRACE] graph - -------> nonSkippedSpace
2021-11-21T23:53:24,067|[TRACE] script - #out(` `) [token]
2021-11-21T23:53:24,067|[TRACE] graph - <------- nonSkippedSpace
2021-11-21T23:53:24,067|[TRACE] graph - <----- statementPart
2021-11-21T23:53:24,067|[TRACE] graph - -----> statementPart
2021-11-21T23:53:24,067|[TRACE] graph - -------> nonSkippedChar
2021-11-21T23:53:24,067|[TRACE] script - #out(`N`) [token]
2021-11-21T23:53:24,067|[TRACE] graph - <------- nonSkippedChar
2021-11-21T23:53:24,067|[TRACE] graph - <----- statementPart
2021-11-21T23:53:24,067|[TRACE] graph - -----> statementPart
2021-11-21T23:53:24,067|[TRACE] graph - -------> nonSkippedChar
2021-11-21T23:53:24,067|[TRACE] script - #out(`U`) [token]
2021-11-21T23:53:24,067|[TRACE] graph - <------- nonSkippedChar
2021-11-21T23:53:24,067|[TRACE] graph - <----- statementPart
2021-11-21T23:53:24,067|[TRACE] graph - -----> statementPart
2021-11-21T23:53:24,067|[TRACE] graph - -------> nonSkippedChar
2021-11-21T23:53:24,067|[TRACE] script - #out(`L`) [token]
2021-11-21T23:53:24,067|[TRACE] graph - <------- nonSkippedChar
2021-11-21T23:53:24,067|[TRACE] graph - <----- statementPart
2021-11-21T23:53:24,067|[TRACE] graph - -----> statementPart
2021-11-21T23:53:24,067|[TRACE] graph - -------> nonSkippedChar
2021-11-21T23:53:24,067|[TRACE] script - #out(`L`) [token]
2021-11-21T23:53:24,067|[TRACE] graph - <------- nonSkippedChar
2021-11-21T23:53:24,067|[TRACE] graph - <----- statementPart
2021-11-21T23:53:24,067|[TRACE] graph - -----> statementPart
2021-11-21T23:53:24,067|[TRACE] graph - -------> nonSkippedChar
2021-11-21T23:53:24,067|[TRACE] script - #out(`,`) [token]
2021-11-21T23:53:24,067|[TRACE] graph - <------- nonSkippedChar
2021-11-21T23:53:24,067|[TRACE] graph - <----- statementPart
2021-11-21T23:53:24,067|[TRACE] graph - -----> afterStatementPartNewline
2021-11-21T23:53:24,067|[TRACE] script - #out(` `) [text]
2021-11-21T23:53:24,067|[TRACE] graph - <----- afterStatementPartNewline
2021-11-21T23:53:24,067|[TRACE] graph - -----> statementPart
2021-11-21T23:53:24,067|[TRACE] graph - -------> nonSkippedSpace
2021-11-21T23:53:24,067|[TRACE] script - #out(` `) [token]
2021-11-21T23:53:24,067|[TRACE] graph - <------- nonSkippedSpace
2021-11-21T23:53:24,067|[TRACE] graph - <----- statementPart
2021-11-21T23:53:24,067|[TRACE] graph - -----> statementPart
2021-11-21T23:53:24,067|[TRACE] graph - -------> nonSkippedSpace
2021-11-21T23:53:24,067|[TRACE] script - #out(` `) [token]
2021-11-21T23:53:24,067|[TRACE] graph - <------- nonSkippedSpace
2021-11-21T23:53:24,067|[TRACE] graph - <----- statementPart
2021-11-21T23:53:24,067|[TRACE] graph - -----> statementPart
2021-11-21T23:53:24,067|[TRACE] graph - -------> quotedString
2021-11-21T23:53:24,067|[TRACE] script - #out(``phone_id``) [token]
2021-11-21T23:53:24,067|[TRACE] graph - <------- quotedString
2021-11-21T23:53:24,067|[TRACE] graph - <----- statementPart
2021-11-21T23:53:24,067|[TRACE] graph - -----> statementPart
2021-11-21T23:53:24,067|[TRACE] graph - -------> nonSkippedSpace
2021-11-21T23:53:24,067|[TRACE] script - #out(` `) [token]
2021-11-21T23:53:24,067|[TRACE] graph - <------- nonSkippedSpace
2021-11-21T23:53:24,067|[TRACE] graph - <----- statementPart
2021-11-21T23:53:24,067|[TRACE] graph - -----> statementPart
2021-11-21T23:53:24,067|[TRACE] graph - -------> nonSkippedChar
2021-11-21T23:53:24,067|[TRACE] script - #out(`I`) [token]
2021-11-21T23:53:24,067|[TRACE] graph - <------- nonSkippedChar
2021-11-21T23:53:24,067|[TRACE] graph - <----- statementPart
2021-11-21T23:53:24,067|[TRACE] graph - -----> statementPart
2021-11-21T23:53:24,067|[TRACE] graph - -------> nonSkippedChar
2021-11-21T23:53:24,067|[TRACE] script - #out(`N`) [token]
2021-11-21T23:53:24,067|[TRACE] graph - <------- nonSkippedChar
2021-11-21T23:53:24,067|[TRACE] graph - <----- statementPart
2021-11-21T23:53:24,067|[TRACE] graph - -----> statementPart
2021-11-21T23:53:24,067|[TRACE] graph - -------> nonSkippedChar
2021-11-21T23:53:24,067|[TRACE] script - #out(`T`) [token]
2021-11-21T23:53:24,067|[TRACE] graph - <------- nonSkippedChar
2021-11-21T23:53:24,067|[TRACE] graph - <----- statementPart
2021-11-21T23:53:24,067|[TRACE] graph - -----> statementPart
2021-11-21T23:53:24,067|[TRACE] graph - -------> nonSkippedSpace
2021-11-21T23:53:24,067|[TRACE] script - #out(` `) [token]
2021-11-21T23:53:24,067|[TRACE] graph - <------- nonSkippedSpace
2021-11-21T23:53:24,067|[TRACE] graph - <----- statementPart
2021-11-21T23:53:24,067|[TRACE] graph - -----> statementPart
2021-11-21T23:53:24,067|[TRACE] graph - -------> nonSkippedChar
2021-11-21T23:53:24,067|[TRACE] script - #out(`N`) [token]
2021-11-21T23:53:24,067|[TRACE] graph - <------- nonSkippedChar
2021-11-21T23:53:24,067|[TRACE] graph - <----- statementPart
2021-11-21T23:53:24,067|[TRACE] graph - -----> statementPart
2021-11-21T23:53:24,067|[TRACE] graph - -------> nonSkippedChar
2021-11-21T23:53:24,067|[TRACE] script - #out(`O`) [token]
2021-11-21T23:53:24,067|[TRACE] graph - <------- nonSkippedChar
2021-11-21T23:53:24,067|[TRACE] graph - <----- statementPart
2021-11-21T23:53:24,067|[TRACE] graph - -----> statementPart
2021-11-21T23:53:24,067|[TRACE] graph - -------> nonSkippedChar
2021-11-21T23:53:24,067|[TRACE] script - #out(`T`) [token]
2021-11-21T23:53:24,067|[TRACE] graph - <------- nonSkippedChar
2021-11-21T23:53:24,067|[TRACE] graph - <----- statementPart
2021-11-21T23:53:24,067|[TRACE] graph - -----> statementPart
2021-11-21T23:53:24,067|[TRACE] graph - -------> nonSkippedSpace
2021-11-21T23:53:24,067|[TRACE] script - #out(` `) [token]
2021-11-21T23:53:24,067|[TRACE] graph - <------- nonSkippedSpace
2021-11-21T23:53:24,067|[TRACE] graph - <----- statementPart
2021-11-21T23:53:24,067|[TRACE] graph - -----> statementPart
2021-11-21T23:53:24,067|[TRACE] graph - -------> nonSkippedChar
2021-11-21T23:53:24,067|[TRACE] script - #out(`N`) [token]
2021-11-21T23:53:24,067|[TRACE] graph - <------- nonSkippedChar
2021-11-21T23:53:24,067|[TRACE] graph - <----- statementPart
2021-11-21T23:53:24,067|[TRACE] graph - -----> statementPart
2021-11-21T23:53:24,067|[TRACE] graph - -------> nonSkippedChar
2021-11-21T23:53:24,067|[TRACE] script - #out(`U`) [token]
2021-11-21T23:53:24,067|[TRACE] graph - <------- nonSkippedChar
2021-11-21T23:53:24,067|[TRACE] graph - <----- statementPart
2021-11-21T23:53:24,067|[TRACE] graph - -----> statementPart
2021-11-21T23:53:24,067|[TRACE] graph - -------> nonSkippedChar
2021-11-21T23:53:24,067|[TRACE] script - #out(`L`) [token]
2021-11-21T23:53:24,067|[TRACE] graph - <------- nonSkippedChar
2021-11-21T23:53:24,067|[TRACE] graph - <----- statementPart
2021-11-21T23:53:24,067|[TRACE] graph - -----> statementPart
2021-11-21T23:53:24,067|[TRACE] graph - -------> nonSkippedChar
2021-11-21T23:53:24,067|[TRACE] script - #out(`L`) [token]
2021-11-21T23:53:24,067|[TRACE] graph - <------- nonSkippedChar
2021-11-21T23:53:24,067|[TRACE] graph - <----- statementPart
2021-11-21T23:53:24,067|[TRACE] graph - -----> statementPart
2021-11-21T23:53:24,067|[TRACE] graph - -------> nonSkippedChar
2021-11-21T23:53:24,067|[TRACE] script - #out(`,`) [token]
2021-11-21T23:53:24,067|[TRACE] graph - <------- nonSkippedChar
2021-11-21T23:53:24,067|[TRACE] graph - <----- statementPart
2021-11-21T23:53:24,067|[TRACE] graph - -----> afterStatementPartNewline
2021-11-21T23:53:24,068|[TRACE] script - #out(` `) [text]
2021-11-21T23:53:24,068|[TRACE] graph - <----- afterStatementPartNewline
2021-11-21T23:53:24,068|[TRACE] graph - -----> statementPart
2021-11-21T23:53:24,068|[TRACE] graph - -------> nonSkippedSpace
2021-11-21T23:53:24,068|[TRACE] script - #out(` `) [token]
2021-11-21T23:53:24,068|[TRACE] graph - <------- nonSkippedSpace
2021-11-21T23:53:24,068|[TRACE] graph - <----- statementPart
2021-11-21T23:53:24,068|[TRACE] graph - -----> statementPart
2021-11-21T23:53:24,068|[TRACE] graph - -------> nonSkippedSpace
2021-11-21T23:53:24,068|[TRACE] script - #out(` `) [token]
2021-11-21T23:53:24,068|[TRACE] graph - <------- nonSkippedSpace
2021-11-21T23:53:24,068|[TRACE] graph - <----- statementPart
2021-11-21T23:53:24,068|[TRACE] graph - -----> statementPart
2021-11-21T23:53:24,068|[TRACE] graph - -------> quotedString
2021-11-21T23:53:24,068|[TRACE] script - #out(``contact_type``) [token]
2021-11-21T23:53:24,068|[TRACE] graph - <------- quotedString
2021-11-21T23:53:24,068|[TRACE] graph - <----- statementPart
2021-11-21T23:53:24,068|[TRACE] graph - -----> statementPart
2021-11-21T23:53:24,068|[TRACE] graph - -------> nonSkippedSpace
2021-11-21T23:53:24,068|[TRACE] script - #out(` `) [token]
2021-11-21T23:53:24,068|[TRACE] graph - <------- nonSkippedSpace
2021-11-21T23:53:24,068|[TRACE] graph - <----- statementPart
2021-11-21T23:53:24,068|[TRACE] graph - -----> statementPart
2021-11-21T23:53:24,068|[TRACE] graph - -------> nonSkippedChar
2021-11-21T23:53:24,068|[TRACE] script - #out(`V`) [token]
2021-11-21T23:53:24,068|[TRACE] graph - <------- nonSkippedChar
2021-11-21T23:53:24,068|[TRACE] graph - <----- statementPart
2021-11-21T23:53:24,068|[TRACE] graph - -----> statementPart
2021-11-21T23:53:24,068|[TRACE] graph - -------> nonSkippedChar
2021-11-21T23:53:24,068|[TRACE] script - #out(`A`) [token]
2021-11-21T23:53:24,068|[TRACE] graph - <------- nonSkippedChar
2021-11-21T23:53:24,068|[TRACE] graph - <----- statementPart
2021-11-21T23:53:24,068|[TRACE] graph - -----> statementPart
2021-11-21T23:53:24,068|[TRACE] graph - -------> nonSkippedChar
2021-11-21T23:53:24,068|[TRACE] script - #out(`R`) [token]
2021-11-21T23:53:24,068|[TRACE] graph - <------- nonSkippedChar
2021-11-21T23:53:24,068|[TRACE] graph - <----- statementPart
2021-11-21T23:53:24,068|[TRACE] graph - -----> statementPart
2021-11-21T23:53:24,068|[TRACE] graph - -------> nonSkippedChar
2021-11-21T23:53:24,068|[TRACE] script - #out(`C`) [token]
2021-11-21T23:53:24,068|[TRACE] graph - <------- nonSkippedChar
2021-11-21T23:53:24,068|[TRACE] graph - <----- statementPart
2021-11-21T23:53:24,068|[TRACE] graph - -----> statementPart
2021-11-21T23:53:24,068|[TRACE] graph - -------> nonSkippedChar
2021-11-21T23:53:24,068|[TRACE] script - #out(`H`) [token]
2021-11-21T23:53:24,068|[TRACE] graph - <------- nonSkippedChar
2021-11-21T23:53:24,068|[TRACE] graph - <----- statementPart
2021-11-21T23:53:24,068|[TRACE] graph - -----> statementPart
2021-11-21T23:53:24,068|[TRACE] graph - -------> nonSkippedChar
2021-11-21T23:53:24,068|[TRACE] script - #out(`A`) [token]
2021-11-21T23:53:24,068|[TRACE] graph - <------- nonSkippedChar
2021-11-21T23:53:24,068|[TRACE] graph - <----- statementPart
2021-11-21T23:53:24,068|[TRACE] graph - -----> statementPart
2021-11-21T23:53:24,068|[TRACE] graph - -------> nonSkippedChar
2021-11-21T23:53:24,068|[TRACE] script - #out(`R`) [token]
2021-11-21T23:53:24,068|[TRACE] graph - <------- nonSkippedChar
2021-11-21T23:53:24,068|[TRACE] graph - <----- statementPart
2021-11-21T23:53:24,068|[TRACE] graph - -----> statementPart
2021-11-21T23:53:24,068|[TRACE] graph - -------> nonSkippedChar
2021-11-21T23:53:24,068|[TRACE] script - #out(`(`) [token]
2021-11-21T23:53:24,068|[TRACE] graph - <------- nonSkippedChar
2021-11-21T23:53:24,068|[TRACE] graph - <----- statementPart
2021-11-21T23:53:24,068|[TRACE] graph - -----> statementPart
2021-11-21T23:53:24,068|[TRACE] graph - -------> nonSkippedChar
2021-11-21T23:53:24,068|[TRACE] script - #out(`1`) [token]
2021-11-21T23:53:24,068|[TRACE] graph - <------- nonSkippedChar
2021-11-21T23:53:24,068|[TRACE] graph - <----- statementPart
2021-11-21T23:53:24,068|[TRACE] graph - -----> statementPart
2021-11-21T23:53:24,068|[TRACE] graph - -------> nonSkippedChar
2021-11-21T23:53:24,068|[TRACE] script - #out(`0`) [token]
2021-11-21T23:53:24,068|[TRACE] graph - <------- nonSkippedChar
2021-11-21T23:53:24,068|[TRACE] graph - <----- statementPart
2021-11-21T23:53:24,068|[TRACE] graph - -----> statementPart
2021-11-21T23:53:24,068|[TRACE] graph - -------> nonSkippedChar
2021-11-21T23:53:24,068|[TRACE] script - #out(`)`) [token]
2021-11-21T23:53:24,068|[TRACE] graph - <------- nonSkippedChar
2021-11-21T23:53:24,068|[TRACE] graph - <----- statementPart
2021-11-21T23:53:24,068|[TRACE] graph - -----> statementPart
2021-11-21T23:53:24,068|[TRACE] graph - -------> nonSkippedSpace
2021-11-21T23:53:24,068|[TRACE] script - #out(` `) [token]
2021-11-21T23:53:24,068|[TRACE] graph - <------- nonSkippedSpace
2021-11-21T23:53:24,068|[TRACE] graph - <----- statementPart
2021-11-21T23:53:24,068|[TRACE] graph - -----> statementPart
2021-11-21T23:53:24,068|[TRACE] graph - -------> nonSkippedChar
2021-11-21T23:53:24,068|[TRACE] script - #out(`N`) [token]
2021-11-21T23:53:24,068|[TRACE] graph - <------- nonSkippedChar
2021-11-21T23:53:24,068|[TRACE] graph - <----- statementPart
2021-11-21T23:53:24,068|[TRACE] graph - -----> statementPart
2021-11-21T23:53:24,068|[TRACE] graph - -------> nonSkippedChar
2021-11-21T23:53:24,068|[TRACE] script - #out(`O`) [token]
2021-11-21T23:53:24,068|[TRACE] graph - <------- nonSkippedChar
2021-11-21T23:53:24,068|[TRACE] graph - <----- statementPart
2021-11-21T23:53:24,068|[TRACE] graph - -----> statementPart
2021-11-21T23:53:24,068|[TRACE] graph - -------> nonSkippedChar
2021-11-21T23:53:24,068|[TRACE] script - #out(`T`) [token]
2021-11-21T23:53:24,068|[TRACE] graph - <------- nonSkippedChar
2021-11-21T23:53:24,068|[TRACE] graph - <----- statementPart
2021-11-21T23:53:24,068|[TRACE] graph - -----> statementPart
2021-11-21T23:53:24,068|[TRACE] graph - -------> nonSkippedSpace
2021-11-21T23:53:24,068|[TRACE] script - #out(` `) [token]
2021-11-21T23:53:24,068|[TRACE] graph - <------- nonSkippedSpace
2021-11-21T23:53:24,068|[TRACE] graph - <----- statementPart
2021-11-21T23:53:24,068|[TRACE] graph - -----> statementPart
2021-11-21T23:53:24,068|[TRACE] graph - -------> nonSkippedChar
2021-11-21T23:53:24,068|[TRACE] script - #out(`N`) [token]
2021-11-21T23:53:24,068|[TRACE] graph - <------- nonSkippedChar
2021-11-21T23:53:24,068|[TRACE] graph - <----- statementPart
2021-11-21T23:53:24,068|[TRACE] graph - -----> statementPart
2021-11-21T23:53:24,068|[TRACE] graph - -------> nonSkippedChar
2021-11-21T23:53:24,068|[TRACE] script - #out(`U`) [token]
2021-11-21T23:53:24,068|[TRACE] graph - <------- nonSkippedChar
2021-11-21T23:53:24,068|[TRACE] graph - <----- statementPart
2021-11-21T23:53:24,068|[TRACE] graph - -----> statementPart
2021-11-21T23:53:24,068|[TRACE] graph - -------> nonSkippedChar
2021-11-21T23:53:24,068|[TRACE] script - #out(`L`) [token]
2021-11-21T23:53:24,068|[TRACE] graph - <------- nonSkippedChar
2021-11-21T23:53:24,068|[TRACE] graph - <----- statementPart
2021-11-21T23:53:24,068|[TRACE] graph - -----> statementPart
2021-11-21T23:53:24,068|[TRACE] graph - -------> nonSkippedChar
2021-11-21T23:53:24,068|[TRACE] script - #out(`L`) [token]
2021-11-21T23:53:24,068|[TRACE] graph - <------- nonSkippedChar
2021-11-21T23:53:24,068|[TRACE] graph - <----- statementPart
2021-11-21T23:53:24,068|[TRACE] graph - -----> statementPart
2021-11-21T23:53:24,068|[TRACE] graph - -------> nonSkippedChar
2021-11-21T23:53:24,068|[TRACE] script - #out(`,`) [token]
2021-11-21T23:53:24,068|[TRACE] graph - <------- nonSkippedChar
2021-11-21T23:53:24,068|[TRACE] graph - <----- statementPart
2021-11-21T23:53:24,068|[TRACE] graph - -----> afterStatementPartNewline
2021-11-21T23:53:24,068|[TRACE] script - #out(` `) [text]
2021-11-21T23:53:24,068|[TRACE] graph - <----- afterStatementPartNewline
2021-11-21T23:53:24,068|[TRACE] graph - -----> statementPart
2021-11-21T23:53:24,068|[TRACE] graph - -------> nonSkippedSpace
2021-11-21T23:53:24,068|[TRACE] script - #out(` `) [token]
2021-11-21T23:53:24,068|[TRACE] graph - <------- nonSkippedSpace
2021-11-21T23:53:24,068|[TRACE] graph - <----- statementPart
2021-11-21T23:53:24,068|[TRACE] graph - -----> statementPart
2021-11-21T23:53:24,068|[TRACE] graph - -------> nonSkippedSpace
2021-11-21T23:53:24,068|[TRACE] script - #out(` `) [token]
2021-11-21T23:53:24,068|[TRACE] graph - <------- nonSkippedSpace
2021-11-21T23:53:24,068|[TRACE] graph - <----- statementPart
2021-11-21T23:53:24,068|[TRACE] graph - -----> statementPart
2021-11-21T23:53:24,068|[TRACE] graph - -------> quotedString
2021-11-21T23:53:24,068|[TRACE] script - #out(``email``) [token]
2021-11-21T23:53:24,068|[TRACE] graph - <------- quotedString
2021-11-21T23:53:24,068|[TRACE] graph - <----- statementPart
2021-11-21T23:53:24,068|[TRACE] graph - -----> statementPart
2021-11-21T23:53:24,068|[TRACE] graph - -------> nonSkippedSpace
2021-11-21T23:53:24,068|[TRACE] script - #out(` `) [token]
2021-11-21T23:53:24,068|[TRACE] graph - <------- nonSkippedSpace
2021-11-21T23:53:24,068|[TRACE] graph - <----- statementPart
2021-11-21T23:53:24,068|[TRACE] graph - -----> statementPart
2021-11-21T23:53:24,068|[TRACE] graph - -------> nonSkippedChar
2021-11-21T23:53:24,068|[TRACE] script - #out(`V`) [token]
2021-11-21T23:53:24,068|[TRACE] graph - <------- nonSkippedChar
2021-11-21T23:53:24,068|[TRACE] graph - <----- statementPart
2021-11-21T23:53:24,068|[TRACE] graph - -----> statementPart
2021-11-21T23:53:24,068|[TRACE] graph - -------> nonSkippedChar
2021-11-21T23:53:24,068|[TRACE] script - #out(`A`) [token]
2021-11-21T23:53:24,068|[TRACE] graph - <------- nonSkippedChar
2021-11-21T23:53:24,068|[TRACE] graph - <----- statementPart
2021-11-21T23:53:24,068|[TRACE] graph - -----> statementPart
2021-11-21T23:53:24,068|[TRACE] graph - -------> nonSkippedChar
2021-11-21T23:53:24,068|[TRACE] script - #out(`R`) [token]
2021-11-21T23:53:24,068|[TRACE] graph - <------- nonSkippedChar
2021-11-21T23:53:24,068|[TRACE] graph - <----- statementPart
2021-11-21T23:53:24,068|[TRACE] graph - -----> statementPart
2021-11-21T23:53:24,068|[TRACE] graph - -------> nonSkippedChar
2021-11-21T23:53:24,068|[TRACE] script - #out(`C`) [token]
2021-11-21T23:53:24,068|[TRACE] graph - <------- nonSkippedChar
2021-11-21T23:53:24,068|[TRACE] graph - <----- statementPart
2021-11-21T23:53:24,068|[TRACE] graph - -----> statementPart
2021-11-21T23:53:24,068|[TRACE] graph - -------> nonSkippedChar
2021-11-21T23:53:24,068|[TRACE] script - #out(`H`) [token]
2021-11-21T23:53:24,068|[TRACE] graph - <------- nonSkippedChar
2021-11-21T23:53:24,068|[TRACE] graph - <----- statementPart
2021-11-21T23:53:24,068|[TRACE] graph - -----> statementPart
2021-11-21T23:53:24,068|[TRACE] graph - -------> nonSkippedChar
2021-11-21T23:53:24,068|[TRACE] script - #out(`A`) [token]
2021-11-21T23:53:24,068|[TRACE] graph - <------- nonSkippedChar
2021-11-21T23:53:24,068|[TRACE] graph - <----- statementPart
2021-11-21T23:53:24,068|[TRACE] graph - -----> statementPart
2021-11-21T23:53:24,068|[TRACE] graph - -------> nonSkippedChar
2021-11-21T23:53:24,068|[TRACE] script - #out(`R`) [token]
2021-11-21T23:53:24,068|[TRACE] graph - <------- nonSkippedChar
2021-11-21T23:53:24,068|[TRACE] graph - <----- statementPart
2021-11-21T23:53:24,068|[TRACE] graph - -----> statementPart
2021-11-21T23:53:24,068|[TRACE] graph - -------> nonSkippedChar
2021-11-21T23:53:24,068|[TRACE] script - #out(`(`) [token]
2021-11-21T23:53:24,068|[TRACE] graph - <------- nonSkippedChar
2021-11-21T23:53:24,068|[TRACE] graph - <----- statementPart
2021-11-21T23:53:24,068|[TRACE] graph - -----> statementPart
2021-11-21T23:53:24,068|[TRACE] graph - -------> nonSkippedChar
2021-11-21T23:53:24,068|[TRACE] script - #out(`1`) [token]
2021-11-21T23:53:24,068|[TRACE] graph - <------- nonSkippedChar
2021-11-21T23:53:24,068|[TRACE] graph - <----- statementPart
2021-11-21T23:53:24,068|[TRACE] graph - -----> statementPart
2021-11-21T23:53:24,068|[TRACE] graph - -------> nonSkippedChar
2021-11-21T23:53:24,068|[TRACE] script - #out(`0`) [token]
2021-11-21T23:53:24,068|[TRACE] graph - <------- nonSkippedChar
2021-11-21T23:53:24,068|[TRACE] graph - <----- statementPart
2021-11-21T23:53:24,068|[TRACE] graph - -----> statementPart
2021-11-21T23:53:24,068|[TRACE] graph - -------> nonSkippedChar
2021-11-21T23:53:24,068|[TRACE] script - #out(`0`) [token]
2021-11-21T23:53:24,068|[TRACE] graph - <------- nonSkippedChar
2021-11-21T23:53:24,068|[TRACE] graph - <----- statementPart
2021-11-21T23:53:24,068|[TRACE] graph - -----> statementPart
2021-11-21T23:53:24,068|[TRACE] graph - -------> nonSkippedChar
2021-11-21T23:53:24,068|[TRACE] script - #out(`)`) [token]
2021-11-21T23:53:24,068|[TRACE] graph - <------- nonSkippedChar
2021-11-21T23:53:24,068|[TRACE] graph - <----- statementPart
2021-11-21T23:53:24,068|[TRACE] graph - -----> statementPart
2021-11-21T23:53:24,068|[TRACE] graph - -------> nonSkippedSpace
2021-11-21T23:53:24,068|[TRACE] script - #out(` `) [token]
2021-11-21T23:53:24,068|[TRACE] graph - <------- nonSkippedSpace
2021-11-21T23:53:24,068|[TRACE] graph - <----- statementPart
2021-11-21T23:53:24,068|[TRACE] graph - -----> statementPart
2021-11-21T23:53:24,068|[TRACE] graph - -------> nonSkippedChar
2021-11-21T23:53:24,068|[TRACE] script - #out(`N`) [token]
2021-11-21T23:53:24,068|[TRACE] graph - <------- nonSkippedChar
2021-11-21T23:53:24,068|[TRACE] graph - <----- statementPart
2021-11-21T23:53:24,068|[TRACE] graph - -----> statementPart
2021-11-21T23:53:24,068|[TRACE] graph - -------> nonSkippedChar
2021-11-21T23:53:24,068|[TRACE] script - #out(`U`) [token]
2021-11-21T23:53:24,068|[TRACE] graph - <------- nonSkippedChar
2021-11-21T23:53:24,068|[TRACE] graph - <----- statementPart
2021-11-21T23:53:24,068|[TRACE] graph - -----> statementPart
2021-11-21T23:53:24,068|[TRACE] graph - -------> nonSkippedChar
2021-11-21T23:53:24,068|[TRACE] script - #out(`L`) [token]
2021-11-21T23:53:24,068|[TRACE] graph - <------- nonSkippedChar
2021-11-21T23:53:24,068|[TRACE] graph - <----- statementPart
2021-11-21T23:53:24,068|[TRACE] graph - -----> statementPart
2021-11-21T23:53:24,068|[TRACE] graph - -------> nonSkippedChar
2021-11-21T23:53:24,068|[TRACE] script - #out(`L`) [token]
2021-11-21T23:53:24,068|[TRACE] graph - <------- nonSkippedChar
2021-11-21T23:53:24,068|[TRACE] graph - <----- statementPart
2021-11-21T23:53:24,068|[TRACE] graph - -----> statementPart
2021-11-21T23:53:24,068|[TRACE] graph - -------> nonSkippedChar
2021-11-21T23:53:24,068|[TRACE] script - #out(`,`) [token]
2021-11-21T23:53:24,068|[TRACE] graph - <------- nonSkippedChar
2021-11-21T23:53:24,068|[TRACE] graph - <----- statementPart
2021-11-21T23:53:24,068|[TRACE] graph - -----> afterStatementPartNewline
2021-11-21T23:53:24,068|[TRACE] script - #out(` `) [text]
2021-11-21T23:53:24,068|[TRACE] graph - <----- afterStatementPartNewline
2021-11-21T23:53:24,068|[TRACE] graph - -----> statementPart
2021-11-21T23:53:24,068|[TRACE] graph - -------> nonSkippedSpace
2021-11-21T23:53:24,068|[TRACE] script - #out(` `) [token]
2021-11-21T23:53:24,068|[TRACE] graph - <------- nonSkippedSpace
2021-11-21T23:53:24,068|[TRACE] graph - <----- statementPart
2021-11-21T23:53:24,068|[TRACE] graph - -----> statementPart
2021-11-21T23:53:24,068|[TRACE] graph - -------> nonSkippedSpace
2021-11-21T23:53:24,068|[TRACE] script - #out(` `) [token]
2021-11-21T23:53:24,068|[TRACE] graph - <------- nonSkippedSpace
2021-11-21T23:53:24,068|[TRACE] graph - <----- statementPart
2021-11-21T23:53:24,068|[TRACE] graph - -----> statementPart
2021-11-21T23:53:24,068|[TRACE] graph - -------> quotedString
2021-11-21T23:53:24,068|[TRACE] script - #out(``address_id``) [token]
2021-11-21T23:53:24,068|[TRACE] graph - <------- quotedString
2021-11-21T23:53:24,068|[TRACE] graph - <----- statementPart
2021-11-21T23:53:24,068|[TRACE] graph - -----> statementPart
2021-11-21T23:53:24,068|[TRACE] graph - -------> nonSkippedSpace
2021-11-21T23:53:24,068|[TRACE] script - #out(` `) [token]
2021-11-21T23:53:24,068|[TRACE] graph - <------- nonSkippedSpace
2021-11-21T23:53:24,068|[TRACE] graph - <----- statementPart
2021-11-21T23:53:24,068|[TRACE] graph - -----> statementPart
2021-11-21T23:53:24,068|[TRACE] graph - -------> nonSkippedChar
2021-11-21T23:53:24,068|[TRACE] script - #out(`I`) [token]
2021-11-21T23:53:24,068|[TRACE] graph - <------- nonSkippedChar
2021-11-21T23:53:24,068|[TRACE] graph - <----- statementPart
2021-11-21T23:53:24,068|[TRACE] graph - -----> statementPart
2021-11-21T23:53:24,068|[TRACE] graph - -------> nonSkippedChar
2021-11-21T23:53:24,068|[TRACE] script - #out(`N`) [token]
2021-11-21T23:53:24,068|[TRACE] graph - <------- nonSkippedChar
2021-11-21T23:53:24,068|[TRACE] graph - <----- statementPart
2021-11-21T23:53:24,068|[TRACE] graph - -----> statementPart
2021-11-21T23:53:24,068|[TRACE] graph - -------> nonSkippedChar
2021-11-21T23:53:24,068|[TRACE] script - #out(`T`) [token]
2021-11-21T23:53:24,068|[TRACE] graph - <------- nonSkippedChar
2021-11-21T23:53:24,068|[TRACE] graph - <----- statementPart
2021-11-21T23:53:24,068|[TRACE] graph - -----> statementPart
2021-11-21T23:53:24,068|[TRACE] graph - -------> nonSkippedSpace
2021-11-21T23:53:24,068|[TRACE] script - #out(` `) [token]
2021-11-21T23:53:24,068|[TRACE] graph - <------- nonSkippedSpace
2021-11-21T23:53:24,068|[TRACE] graph - <----- statementPart
2021-11-21T23:53:24,068|[TRACE] graph - -----> statementPart
2021-11-21T23:53:24,068|[TRACE] graph - -------> nonSkippedChar
2021-11-21T23:53:24,068|[TRACE] script - #out(`N`) [token]
2021-11-21T23:53:24,068|[TRACE] graph - <------- nonSkippedChar
2021-11-21T23:53:24,068|[TRACE] graph - <----- statementPart
2021-11-21T23:53:24,068|[TRACE] graph - -----> statementPart
2021-11-21T23:53:24,068|[TRACE] graph - -------> nonSkippedChar
2021-11-21T23:53:24,068|[TRACE] script - #out(`U`) [token]
2021-11-21T23:53:24,068|[TRACE] graph - <------- nonSkippedChar
2021-11-21T23:53:24,114|[TRACE] graph - <----- statementPart
2021-11-21T23:53:24,114|[TRACE] graph - -----> statementPart
2021-11-21T23:53:24,114|[TRACE] graph - -------> nonSkippedChar
2021-11-21T23:53:24,114|[TRACE] script - #out(`L`) [token]
2021-11-21T23:53:24,114|[TRACE] graph - <------- nonSkippedChar
2021-11-21T23:53:24,114|[TRACE] graph - <----- statementPart
2021-11-21T23:53:24,114|[TRACE] graph - -----> statementPart
2021-11-21T23:53:24,114|[TRACE] graph - -------> nonSkippedChar
2021-11-21T23:53:24,114|[TRACE] script - #out(`L`) [token]
2021-11-21T23:53:24,114|[TRACE] graph - <------- nonSkippedChar
2021-11-21T23:53:24,114|[TRACE] graph - <----- statementPart
2021-11-21T23:53:24,114|[TRACE] graph - -----> statementPart
2021-11-21T23:53:24,114|[TRACE] graph - -------> nonSkippedChar
2021-11-21T23:53:24,114|[TRACE] script - #out(`,`) [token]
2021-11-21T23:53:24,114|[TRACE] graph - <------- nonSkippedChar
2021-11-21T23:53:24,114|[TRACE] graph - <----- statementPart
2021-11-21T23:53:24,114|[TRACE] graph - -----> afterStatementPartNewline
2021-11-21T23:53:24,114|[TRACE] script - #out(` `) [text]
2021-11-21T23:53:24,114|[TRACE] graph - <----- afterStatementPartNewline
2021-11-21T23:53:24,114|[TRACE] graph - -----> statementPart
2021-11-21T23:53:24,114|[TRACE] graph - -------> nonSkippedSpace
2021-11-21T23:53:24,114|[TRACE] script - #out(` `) [token]
2021-11-21T23:53:24,114|[TRACE] graph - <------- nonSkippedSpace
2021-11-21T23:53:24,114|[TRACE] graph - <----- statementPart
2021-11-21T23:53:24,114|[TRACE] graph - -----> statementPart
2021-11-21T23:53:24,114|[TRACE] graph - -------> nonSkippedSpace
2021-11-21T23:53:24,114|[TRACE] script - #out(` `) [token]
2021-11-21T23:53:24,114|[TRACE] graph - <------- nonSkippedSpace
2021-11-21T23:53:24,114|[TRACE] graph - <----- statementPart
2021-11-21T23:53:24,114|[TRACE] graph - -----> statementPart
2021-11-21T23:53:24,114|[TRACE] graph - -------> quotedString
2021-11-21T23:53:24,114|[TRACE] script - #out(``created``) [token]
2021-11-21T23:53:24,114|[TRACE] graph - <------- quotedString
2021-11-21T23:53:24,114|[TRACE] graph - <----- statementPart
2021-11-21T23:53:24,114|[TRACE] graph - -----> statementPart
2021-11-21T23:53:24,114|[TRACE] graph - -------> nonSkippedSpace
2021-11-21T23:53:24,114|[TRACE] script - #out(` `) [token]
2021-11-21T23:53:24,114|[TRACE] graph - <------- nonSkippedSpace
2021-11-21T23:53:24,114|[TRACE] graph - <----- statementPart
2021-11-21T23:53:24,114|[TRACE] graph - -----> statementPart
2021-11-21T23:53:24,114|[TRACE] graph - -------> nonSkippedChar
2021-11-21T23:53:24,114|[TRACE] script - #out(`B`) [token]
2021-11-21T23:53:24,114|[TRACE] graph - <------- nonSkippedChar
2021-11-21T23:53:24,114|[TRACE] graph - <----- statementPart
2021-11-21T23:53:24,114|[TRACE] graph - -----> statementPart
2021-11-21T23:53:24,114|[TRACE] graph - -------> nonSkippedChar
2021-11-21T23:53:24,114|[TRACE] script - #out(`I`) [token]
2021-11-21T23:53:24,114|[TRACE] graph - <------- nonSkippedChar
2021-11-21T23:53:24,114|[TRACE] graph - <----- statementPart
2021-11-21T23:53:24,114|[TRACE] graph - -----> statementPart
2021-11-21T23:53:24,114|[TRACE] graph - -------> nonSkippedChar
2021-11-21T23:53:24,114|[TRACE] script - #out(`G`) [token]
2021-11-21T23:53:24,114|[TRACE] graph - <------- nonSkippedChar
2021-11-21T23:53:24,114|[TRACE] graph - <----- statementPart
2021-11-21T23:53:24,114|[TRACE] graph - -----> statementPart
2021-11-21T23:53:24,114|[TRACE] graph - -------> nonSkippedChar
2021-11-21T23:53:24,114|[TRACE] script - #out(`I`) [token]
2021-11-21T23:53:24,114|[TRACE] graph - <------- nonSkippedChar
2021-11-21T23:53:24,114|[TRACE] graph - <----- statementPart
2021-11-21T23:53:24,114|[TRACE] graph - -----> statementPart
2021-11-21T23:53:24,114|[TRACE] graph - -------> nonSkippedChar
2021-11-21T23:53:24,114|[TRACE] script - #out(`N`) [token]
2021-11-21T23:53:24,114|[TRACE] graph - <------- nonSkippedChar
2021-11-21T23:53:24,114|[TRACE] graph - <----- statementPart
2021-11-21T23:53:24,114|[TRACE] graph - -----> statementPart
2021-11-21T23:53:24,114|[TRACE] graph - -------> nonSkippedChar
2021-11-21T23:53:24,114|[TRACE] script - #out(`T`) [token]
2021-11-21T23:53:24,114|[TRACE] graph - <------- nonSkippedChar
2021-11-21T23:53:24,114|[TRACE] graph - <----- statementPart
2021-11-21T23:53:24,114|[TRACE] graph - -----> statementPart
2021-11-21T23:53:24,114|[TRACE] graph - -------> nonSkippedSpace
2021-11-21T23:53:24,114|[TRACE] script - #out(` `) [token]
2021-11-21T23:53:24,114|[TRACE] graph - <------- nonSkippedSpace
2021-11-21T23:53:24,114|[TRACE] graph - <----- statementPart
2021-11-21T23:53:24,114|[TRACE] graph - -----> statementPart
2021-11-21T23:53:24,114|[TRACE] graph - -------> nonSkippedChar
2021-11-21T23:53:24,114|[TRACE] script - #out(`N`) [token]
2021-11-21T23:53:24,114|[TRACE] graph - <------- nonSkippedChar
2021-11-21T23:53:24,114|[TRACE] graph - <----- statementPart
2021-11-21T23:53:24,114|[TRACE] graph - -----> statementPart
2021-11-21T23:53:24,114|[TRACE] graph - -------> nonSkippedChar
2021-11-21T23:53:24,114|[TRACE] script - #out(`O`) [token]
2021-11-21T23:53:24,114|[TRACE] graph - <------- nonSkippedChar
2021-11-21T23:53:24,114|[TRACE] graph - <----- statementPart
2021-11-21T23:53:24,114|[TRACE] graph - -----> statementPart
2021-11-21T23:53:24,114|[TRACE] graph - -------> nonSkippedChar
2021-11-21T23:53:24,114|[TRACE] script - #out(`T`) [token]
2021-11-21T23:53:24,114|[TRACE] graph - <------- nonSkippedChar
2021-11-21T23:53:24,114|[TRACE] graph - <----- statementPart
2021-11-21T23:53:24,114|[TRACE] graph - -----> statementPart
2021-11-21T23:53:24,114|[TRACE] graph - -------> nonSkippedSpace
2021-11-21T23:53:24,114|[TRACE] script - #out(` `) [token]
2021-11-21T23:53:24,114|[TRACE] graph - <------- nonSkippedSpace
2021-11-21T23:53:24,114|[TRACE] graph - <----- statementPart
2021-11-21T23:53:24,114|[TRACE] graph - -----> statementPart
2021-11-21T23:53:24,114|[TRACE] graph - -------> nonSkippedChar
2021-11-21T23:53:24,114|[TRACE] script - #out(`N`) [token]
2021-11-21T23:53:24,114|[TRACE] graph - <------- nonSkippedChar
2021-11-21T23:53:24,114|[TRACE] graph - <----- statementPart
2021-11-21T23:53:24,114|[TRACE] graph - -----> statementPart
2021-11-21T23:53:24,114|[TRACE] graph - -------> nonSkippedChar
2021-11-21T23:53:24,114|[TRACE] script - #out(`U`) [token]
2021-11-21T23:53:24,114|[TRACE] graph - <------- nonSkippedChar
2021-11-21T23:53:24,114|[TRACE] graph - <----- statementPart
2021-11-21T23:53:24,114|[TRACE] graph - -----> statementPart
2021-11-21T23:53:24,114|[TRACE] graph - -------> nonSkippedChar
2021-11-21T23:53:24,114|[TRACE] script - #out(`L`) [token]
2021-11-21T23:53:24,114|[TRACE] graph - <------- nonSkippedChar
2021-11-21T23:53:24,114|[TRACE] graph - <----- statementPart
2021-11-21T23:53:24,114|[TRACE] graph - -----> statementPart
2021-11-21T23:53:24,114|[TRACE] graph - -------> nonSkippedChar
2021-11-21T23:53:24,114|[TRACE] script - #out(`L`) [token]
2021-11-21T23:53:24,114|[TRACE] graph - <------- nonSkippedChar
2021-11-21T23:53:24,114|[TRACE] graph - <----- statementPart
2021-11-21T23:53:24,114|[TRACE] graph - -----> statementPart
2021-11-21T23:53:24,114|[TRACE] graph - -------> nonSkippedSpace
2021-11-21T23:53:24,114|[TRACE] script - #out(` `) [token]
2021-11-21T23:53:24,114|[TRACE] graph - <------- nonSkippedSpace
2021-11-21T23:53:24,114|[TRACE] graph - <----- statementPart
2021-11-21T23:53:24,114|[TRACE] graph - -----> statementPart
2021-11-21T23:53:24,114|[TRACE] graph - -------> nonSkippedChar
2021-11-21T23:53:24,114|[TRACE] script - #out(`D`) [token]
2021-11-21T23:53:24,114|[TRACE] graph - <------- nonSkippedChar
2021-11-21T23:53:24,114|[TRACE] graph - <----- statementPart
2021-11-21T23:53:24,114|[TRACE] graph - -----> statementPart
2021-11-21T23:53:24,114|[TRACE] graph - -------> nonSkippedChar
2021-11-21T23:53:24,114|[TRACE] script - #out(`E`) [token]
2021-11-21T23:53:24,114|[TRACE] graph - <------- nonSkippedChar
2021-11-21T23:53:24,114|[TRACE] graph - <----- statementPart
2021-11-21T23:53:24,114|[TRACE] graph - -----> statementPart
2021-11-21T23:53:24,114|[TRACE] graph - -------> nonSkippedChar
2021-11-21T23:53:24,114|[TRACE] script - #out(`F`) [token]
2021-11-21T23:53:24,114|[TRACE] graph - <------- nonSkippedChar
2021-11-21T23:53:24,114|[TRACE] graph - <----- statementPart
2021-11-21T23:53:24,114|[TRACE] graph - -----> statementPart
2021-11-21T23:53:24,114|[TRACE] graph - -------> nonSkippedChar
2021-11-21T23:53:24,114|[TRACE] script - #out(`A`) [token]
2021-11-21T23:53:24,114|[TRACE] graph - <------- nonSkippedChar
2021-11-21T23:53:24,114|[TRACE] graph - <----- statementPart
2021-11-21T23:53:24,114|[TRACE] graph - -----> statementPart
2021-11-21T23:53:24,114|[TRACE] graph - -------> nonSkippedChar
2021-11-21T23:53:24,114|[TRACE] script - #out(`U`) [token]
2021-11-21T23:53:24,114|[TRACE] graph - <------- nonSkippedChar
2021-11-21T23:53:24,114|[TRACE] graph - <----- statementPart
2021-11-21T23:53:24,114|[TRACE] graph - -----> statementPart
2021-11-21T23:53:24,114|[TRACE] graph - -------> nonSkippedChar
2021-11-21T23:53:24,114|[TRACE] script - #out(`L`) [token]
2021-11-21T23:53:24,114|[TRACE] graph - <------- nonSkippedChar
2021-11-21T23:53:24,114|[TRACE] graph - <----- statementPart
2021-11-21T23:53:24,114|[TRACE] graph - -----> statementPart
2021-11-21T23:53:24,114|[TRACE] graph - -------> nonSkippedChar
2021-11-21T23:53:24,114|[TRACE] script - #out(`T`) [token]
2021-11-21T23:53:24,114|[TRACE] graph - <------- nonSkippedChar
2021-11-21T23:53:24,114|[TRACE] graph - <----- statementPart
2021-11-21T23:53:24,114|[TRACE] graph - -----> statementPart
2021-11-21T23:53:24,114|[TRACE] graph - -------> nonSkippedSpace
2021-11-21T23:53:24,114|[TRACE] script - #out(` `) [token]
2021-11-21T23:53:24,114|[TRACE] graph - <------- nonSkippedSpace
2021-11-21T23:53:24,114|[TRACE] graph - <----- statementPart
2021-11-21T23:53:24,115|[TRACE] graph - -----> statementPart
2021-11-21T23:53:24,115|[TRACE] graph - -------> nonSkippedChar
2021-11-21T23:53:24,115|[TRACE] script - #out(`(`) [token]
2021-11-21T23:53:24,115|[TRACE] graph - <------- nonSkippedChar
2021-11-21T23:53:24,115|[TRACE] graph - <----- statementPart
2021-11-21T23:53:24,115|[TRACE] graph - -----> statementPart
2021-11-21T23:53:24,115|[TRACE] graph - -------> nonSkippedChar
2021-11-21T23:53:24,115|[TRACE] script - #out(`u`) [token]
2021-11-21T23:53:24,115|[TRACE] graph - <------- nonSkippedChar
2021-11-21T23:53:24,115|[TRACE] graph - <----- statementPart
2021-11-21T23:53:24,115|[TRACE] graph - -----> statementPart
2021-11-21T23:53:24,115|[TRACE] graph - -------> nonSkippedChar
2021-11-21T23:53:24,115|[TRACE] script - #out(`n`) [token]
2021-11-21T23:53:24,115|[TRACE] graph - <------- nonSkippedChar
2021-11-21T23:53:24,115|[TRACE] graph - <----- statementPart
2021-11-21T23:53:24,115|[TRACE] graph - -----> statementPart
2021-11-21T23:53:24,115|[TRACE] graph - -------> nonSkippedChar
2021-11-21T23:53:24,115|[TRACE] script - #out(`i`) [token]
2021-11-21T23:53:24,115|[TRACE] graph - <------- nonSkippedChar
2021-11-21T23:53:24,115|[TRACE] graph - <----- statementPart
2021-11-21T23:53:24,115|[TRACE] graph - -----> statementPart
2021-11-21T23:53:24,115|[TRACE] graph - -------> nonSkippedChar
2021-11-21T23:53:24,115|[TRACE] script - #out(`x`) [token]
2021-11-21T23:53:24,115|[TRACE] graph - <------- nonSkippedChar
2021-11-21T23:53:24,115|[TRACE] graph - <----- statementPart
2021-11-21T23:53:24,115|[TRACE] graph - -----> statementPart
2021-11-21T23:53:24,115|[TRACE] graph - -------> nonSkippedChar
2021-11-21T23:53:24,115|[TRACE] script - #out(`_`) [token]
2021-11-21T23:53:24,115|[TRACE] graph - <------- nonSkippedChar
2021-11-21T23:53:24,115|[TRACE] graph - <----- statementPart
2021-11-21T23:53:24,115|[TRACE] graph - -----> statementPart
2021-11-21T23:53:24,115|[TRACE] graph - -------> nonSkippedChar
2021-11-21T23:53:24,115|[TRACE] script - #out(`t`) [token]
2021-11-21T23:53:24,115|[TRACE] graph - <------- nonSkippedChar
2021-11-21T23:53:24,115|[TRACE] graph - <----- statementPart
2021-11-21T23:53:24,115|[TRACE] graph - -----> statementPart
2021-11-21T23:53:24,115|[TRACE] graph - -------> nonSkippedChar
2021-11-21T23:53:24,115|[TRACE] script - #out(`i`) [token]
2021-11-21T23:53:24,115|[TRACE] graph - <------- nonSkippedChar
2021-11-21T23:53:24,115|[TRACE] graph - <----- statementPart
2021-11-21T23:53:24,115|[TRACE] graph - -----> statementPart
2021-11-21T23:53:24,115|[TRACE] graph - -------> nonSkippedChar
2021-11-21T23:53:24,115|[TRACE] script - #out(`m`) [token]
2021-11-21T23:53:24,115|[TRACE] graph - <------- nonSkippedChar
2021-11-21T23:53:24,115|[TRACE] graph - <----- statementPart
2021-11-21T23:53:24,115|[TRACE] graph - -----> statementPart
2021-11-21T23:53:24,115|[TRACE] graph - -------> nonSkippedChar
2021-11-21T23:53:24,115|[TRACE] script - #out(`e`) [token]
2021-11-21T23:53:24,115|[TRACE] graph - <------- nonSkippedChar
2021-11-21T23:53:24,115|[TRACE] graph - <----- statementPart
2021-11-21T23:53:24,115|[TRACE] graph - -----> statementPart
2021-11-21T23:53:24,115|[TRACE] graph - -------> nonSkippedChar
2021-11-21T23:53:24,115|[TRACE] script - #out(`s`) [token]
2021-11-21T23:53:24,115|[TRACE] graph - <------- nonSkippedChar
2021-11-21T23:53:24,115|[TRACE] graph - <----- statementPart
2021-11-21T23:53:24,115|[TRACE] graph - -----> statementPart
2021-11-21T23:53:24,115|[TRACE] graph - -------> nonSkippedChar
2021-11-21T23:53:24,115|[TRACE] script - #out(`t`) [token]
2021-11-21T23:53:24,115|[TRACE] graph - <------- nonSkippedChar
2021-11-21T23:53:24,115|[TRACE] graph - <----- statementPart
2021-11-21T23:53:24,115|[TRACE] graph - -----> statementPart
2021-11-21T23:53:24,115|[TRACE] graph - -------> nonSkippedChar
2021-11-21T23:53:24,115|[TRACE] script - #out(`a`) [token]
2021-11-21T23:53:24,115|[TRACE] graph - <------- nonSkippedChar
2021-11-21T23:53:24,115|[TRACE] graph - <----- statementPart
2021-11-21T23:53:24,115|[TRACE] graph - -----> statementPart
2021-11-21T23:53:24,115|[TRACE] graph - -------> nonSkippedChar
2021-11-21T23:53:24,115|[TRACE] script - #out(`m`) [token]
2021-11-21T23:53:24,115|[TRACE] graph - <------- nonSkippedChar
2021-11-21T23:53:24,115|[TRACE] graph - <----- statementPart
2021-11-21T23:53:24,115|[TRACE] graph - -----> statementPart
2021-11-21T23:53:24,115|[TRACE] graph - -------> nonSkippedChar
2021-11-21T23:53:24,115|[TRACE] script - #out(`p`) [token]
2021-11-21T23:53:24,115|[TRACE] graph - <------- nonSkippedChar
2021-11-21T23:53:24,115|[TRACE] graph - <----- statementPart
2021-11-21T23:53:24,115|[TRACE] graph - -----> statementPart
2021-11-21T23:53:24,115|[TRACE] graph - -------> nonSkippedChar
2021-11-21T23:53:24,115|[TRACE] script - #out(`(`) [token]
2021-11-21T23:53:24,115|[TRACE] graph - <------- nonSkippedChar
2021-11-21T23:53:24,115|[TRACE] graph - <----- statementPart
2021-11-21T23:53:24,115|[TRACE] graph - -----> statementPart
2021-11-21T23:53:24,115|[TRACE] graph - -------> nonSkippedChar
2021-11-21T23:53:24,115|[TRACE] script - #out(`n`) [token]
2021-11-21T23:53:24,115|[TRACE] graph - <------- nonSkippedChar
2021-11-21T23:53:24,115|[TRACE] graph - <----- statementPart
2021-11-21T23:53:24,115|[TRACE] graph - -----> statementPart
2021-11-21T23:53:24,115|[TRACE] graph - -------> nonSkippedChar
2021-11-21T23:53:24,115|[TRACE] script - #out(`o`) [token]
2021-11-21T23:53:24,115|[TRACE] graph - <------- nonSkippedChar
2021-11-21T23:53:24,115|[TRACE] graph - <----- statementPart
2021-11-21T23:53:24,115|[TRACE] graph - -----> statementPart
2021-11-21T23:53:24,115|[TRACE] graph - -------> nonSkippedChar
2021-11-21T23:53:24,115|[TRACE] script - #out(`w`) [token]
2021-11-21T23:53:24,115|[TRACE] graph - <------- nonSkippedChar
2021-11-21T23:53:24,115|[TRACE] graph - <----- statementPart
2021-11-21T23:53:24,115|[TRACE] graph - -----> statementPart
2021-11-21T23:53:24,115|[TRACE] graph - -------> nonSkippedChar
2021-11-21T23:53:24,115|[TRACE] script - #out(`(`) [token]
2021-11-21T23:53:24,115|[TRACE] graph - <------- nonSkippedChar
2021-11-21T23:53:24,115|[TRACE] graph - <----- statementPart
2021-11-21T23:53:24,115|[TRACE] graph - -----> statementPart
2021-11-21T23:53:24,115|[TRACE] graph - -------> nonSkippedChar
2021-11-21T23:53:24,115|[TRACE] script - #out(`)`) [token]
2021-11-21T23:53:24,115|[TRACE] graph - <------- nonSkippedChar
2021-11-21T23:53:24,115|[TRACE] graph - <----- statementPart
2021-11-21T23:53:24,115|[TRACE] graph - -----> statementPart
2021-11-21T23:53:24,115|[TRACE] graph - -------> nonSkippedChar
2021-11-21T23:53:24,115|[TRACE] script - #out(`)`) [token]
2021-11-21T23:53:24,115|[TRACE] graph - <------- nonSkippedChar
2021-11-21T23:53:24,115|[TRACE] graph - <----- statementPart
2021-11-21T23:53:24,115|[TRACE] graph - -----> statementPart
2021-11-21T23:53:24,115|[TRACE] graph - -------> nonSkippedSpace
2021-11-21T23:53:24,115|[TRACE] script - #out(` `) [token]
2021-11-21T23:53:24,115|[TRACE] graph - <------- nonSkippedSpace
2021-11-21T23:53:24,115|[TRACE] graph - <----- statementPart
2021-11-21T23:53:24,115|[TRACE] graph - -----> statementPart
2021-11-21T23:53:24,115|[TRACE] graph - -------> nonSkippedChar
2021-11-21T23:53:24,115|[TRACE] script - #out(`*`) [token]
2021-11-21T23:53:24,115|[TRACE] graph - <------- nonSkippedChar
2021-11-21T23:53:24,115|[TRACE] graph - <----- statementPart
2021-11-21T23:53:24,115|[TRACE] graph - -----> statementPart
2021-11-21T23:53:24,115|[TRACE] graph - -------> nonSkippedSpace
2021-11-21T23:53:24,115|[TRACE] script - #out(` `) [token]
2021-11-21T23:53:24,115|[TRACE] graph - <------- nonSkippedSpace
2021-11-21T23:53:24,115|[TRACE] graph - <----- statementPart
2021-11-21T23:53:24,115|[TRACE] graph - -----> statementPart
2021-11-21T23:53:24,115|[TRACE] graph - -------> nonSkippedChar
2021-11-21T23:53:24,115|[TRACE] script - #out(`1`) [token]
2021-11-21T23:53:24,115|[TRACE] graph - <------- nonSkippedChar
2021-11-21T23:53:24,115|[TRACE] graph - <----- statementPart
2021-11-21T23:53:24,115|[TRACE] graph - -----> statementPart
2021-11-21T23:53:24,115|[TRACE] graph - -------> nonSkippedChar
2021-11-21T23:53:24,115|[TRACE] script - #out(`0`) [token]
2021-11-21T23:53:24,115|[TRACE] graph - <------- nonSkippedChar
2021-11-21T23:53:24,115|[TRACE] graph - <----- statementPart
2021-11-21T23:53:24,115|[TRACE] graph - -----> statementPart
2021-11-21T23:53:24,115|[TRACE] graph - -------> nonSkippedChar
2021-11-21T23:53:24,115|[TRACE] script - #out(`0`) [token]
2021-11-21T23:53:24,115|[TRACE] graph - <------- nonSkippedChar
2021-11-21T23:53:24,115|[TRACE] graph - <----- statementPart
2021-11-21T23:53:24,115|[TRACE] graph - -----> statementPart
2021-11-21T23:53:24,115|[TRACE] graph - -------> nonSkippedChar
2021-11-21T23:53:24,115|[TRACE] script - #out(`0`) [token]
2021-11-21T23:53:24,115|[TRACE] graph - <------- nonSkippedChar
2021-11-21T23:53:24,115|[TRACE] graph - <----- statementPart
2021-11-21T23:53:24,115|[TRACE] graph - -----> statementPart
2021-11-21T23:53:24,115|[TRACE] graph - -------> nonSkippedChar
2021-11-21T23:53:24,115|[TRACE] script - #out(`)`) [token]
2021-11-21T23:53:24,115|[TRACE] graph - <------- nonSkippedChar
2021-11-21T23:53:24,115|[TRACE] graph - <----- statementPart
2021-11-21T23:53:24,115|[TRACE] graph - -----> statementPart
2021-11-21T23:53:24,115|[TRACE] graph - -------> nonSkippedChar
2021-11-21T23:53:24,115|[TRACE] script - #out(`,`) [token]
2021-11-21T23:53:24,115|[TRACE] graph - <------- nonSkippedChar
2021-11-21T23:53:24,115|[TRACE] graph - <----- statementPart
2021-11-21T23:53:24,115|[TRACE] graph - -----> afterStatementPartNewline
2021-11-21T23:53:24,115|[TRACE] script - #out(` `) [text]
2021-11-21T23:53:24,115|[TRACE] graph - <----- afterStatementPartNewline
2021-11-21T23:53:24,115|[TRACE] graph - -----> statementPart
2021-11-21T23:53:24,115|[TRACE] graph - -------> nonSkippedSpace
2021-11-21T23:53:24,115|[TRACE] script - #out(` `) [token]
2021-11-21T23:53:24,115|[TRACE] graph - <------- nonSkippedSpace
2021-11-21T23:53:24,115|[TRACE] graph - <----- statementPart
2021-11-21T23:53:24,115|[TRACE] graph - -----> statementPart
2021-11-21T23:53:24,115|[TRACE] graph - -------> nonSkippedSpace
2021-11-21T23:53:24,115|[TRACE] script - #out(` `) [token]
2021-11-21T23:53:24,115|[TRACE] graph - <------- nonSkippedSpace
2021-11-21T23:53:24,115|[TRACE] graph - <----- statementPart
2021-11-21T23:53:24,115|[TRACE] graph - -----> statementPart
2021-11-21T23:53:24,115|[TRACE] graph - -------> quotedString
2021-11-21T23:53:24,115|[TRACE] script - #out(``updated``) [token]
2021-11-21T23:53:24,115|[TRACE] graph - <------- quotedString
2021-11-21T23:53:24,115|[TRACE] graph - <----- statementPart
2021-11-21T23:53:24,115|[TRACE] graph - -----> statementPart
2021-11-21T23:53:24,115|[TRACE] graph - -------> nonSkippedSpace
2021-11-21T23:53:24,115|[TRACE] script - #out(` `) [token]
2021-11-21T23:53:24,115|[TRACE] graph - <------- nonSkippedSpace
2021-11-21T23:53:24,115|[TRACE] graph - <----- statementPart
2021-11-21T23:53:24,115|[TRACE] graph - -----> statementPart
2021-11-21T23:53:24,115|[TRACE] graph - -------> nonSkippedChar
2021-11-21T23:53:24,115|[TRACE] script - #out(`B`) [token]
2021-11-21T23:53:24,115|[TRACE] graph - <------- nonSkippedChar
2021-11-21T23:53:24,115|[TRACE] graph - <----- statementPart
2021-11-21T23:53:24,115|[TRACE] graph - -----> statementPart
2021-11-21T23:53:24,115|[TRACE] graph - -------> nonSkippedChar
2021-11-21T23:53:24,115|[TRACE] script - #out(`I`) [token]
2021-11-21T23:53:24,115|[TRACE] graph - <------- nonSkippedChar
2021-11-21T23:53:24,115|[TRACE] graph - <----- statementPart
2021-11-21T23:53:24,115|[TRACE] graph - -----> statementPart
2021-11-21T23:53:24,115|[TRACE] graph - -------> nonSkippedChar
2021-11-21T23:53:24,115|[TRACE] script - #out(`G`) [token]
2021-11-21T23:53:24,115|[TRACE] graph - <------- nonSkippedChar
2021-11-21T23:53:24,115|[TRACE] graph - <----- statementPart
2021-11-21T23:53:24,115|[TRACE] graph - -----> statementPart
2021-11-21T23:53:24,115|[TRACE] graph - -------> nonSkippedChar
2021-11-21T23:53:24,115|[TRACE] script - #out(`I`) [token]
2021-11-21T23:53:24,115|[TRACE] graph - <------- nonSkippedChar
2021-11-21T23:53:24,115|[TRACE] graph - <----- statementPart
2021-11-21T23:53:24,115|[TRACE] graph - -----> statementPart
2021-11-21T23:53:24,115|[TRACE] graph - -------> nonSkippedChar
2021-11-21T23:53:24,115|[TRACE] script - #out(`N`) [token]
2021-11-21T23:53:24,115|[TRACE] graph - <------- nonSkippedChar
2021-11-21T23:53:24,115|[TRACE] graph - <----- statementPart
2021-11-21T23:53:24,115|[TRACE] graph - -----> statementPart
2021-11-21T23:53:24,115|[TRACE] graph - -------> nonSkippedChar
2021-11-21T23:53:24,115|[TRACE] script - #out(`T`) [token]
2021-11-21T23:53:24,115|[TRACE] graph - <------- nonSkippedChar
2021-11-21T23:53:24,115|[TRACE] graph - <----- statementPart
2021-11-21T23:53:24,115|[TRACE] graph - -----> statementPart
2021-11-21T23:53:24,115|[TRACE] graph - -------> nonSkippedSpace
2021-11-21T23:53:24,115|[TRACE] script - #out(` `) [token]
2021-11-21T23:53:24,115|[TRACE] graph - <------- nonSkippedSpace
2021-11-21T23:53:24,115|[TRACE] graph - <----- statementPart
2021-11-21T23:53:24,115|[TRACE] graph - -----> statementPart
2021-11-21T23:53:24,115|[TRACE] graph - -------> nonSkippedChar
2021-11-21T23:53:24,115|[TRACE] script - #out(`N`) [token]
2021-11-21T23:53:24,115|[TRACE] graph - <------- nonSkippedChar
2021-11-21T23:53:24,115|[TRACE] graph - <----- statementPart
2021-11-21T23:53:24,115|[TRACE] graph - -----> statementPart
2021-11-21T23:53:24,115|[TRACE] graph - -------> nonSkippedChar
2021-11-21T23:53:24,115|[TRACE] script - #out(`O`) [token]
2021-11-21T23:53:24,115|[TRACE] graph - <------- nonSkippedChar
2021-11-21T23:53:24,115|[TRACE] graph - <----- statementPart
2021-11-21T23:53:24,115|[TRACE] graph - -----> statementPart
2021-11-21T23:53:24,115|[TRACE] graph - -------> nonSkippedChar
2021-11-21T23:53:24,115|[TRACE] script - #out(`T`) [token]
2021-11-21T23:53:24,115|[TRACE] graph - <------- nonSkippedChar
2021-11-21T23:53:24,115|[TRACE] graph - <----- statementPart
2021-11-21T23:53:24,115|[TRACE] graph - -----> statementPart
2021-11-21T23:53:24,115|[TRACE] graph - -------> nonSkippedSpace
2021-11-21T23:53:24,115|[TRACE] script - #out(` `) [token]
2021-11-21T23:53:24,115|[TRACE] graph - <------- nonSkippedSpace
2021-11-21T23:53:24,115|[TRACE] graph - <----- statementPart
2021-11-21T23:53:24,115|[TRACE] graph - -----> statementPart
2021-11-21T23:53:24,115|[TRACE] graph - -------> nonSkippedChar
2021-11-21T23:53:24,115|[TRACE] script - #out(`N`) [token]
2021-11-21T23:53:24,115|[TRACE] graph - <------- nonSkippedChar
2021-11-21T23:53:24,115|[TRACE] graph - <----- statementPart
2021-11-21T23:53:24,115|[TRACE] graph - -----> statementPart
2021-11-21T23:53:24,115|[TRACE] graph - -------> nonSkippedChar
2021-11-21T23:53:24,115|[TRACE] script - #out(`U`) [token]
2021-11-21T23:53:24,115|[TRACE] graph - <------- nonSkippedChar
2021-11-21T23:53:24,115|[TRACE] graph - <----- statementPart
2021-11-21T23:53:24,115|[TRACE] graph - -----> statementPart
2021-11-21T23:53:24,115|[TRACE] graph - -------> nonSkippedChar
2021-11-21T23:53:24,115|[TRACE] script - #out(`L`) [token]
2021-11-21T23:53:24,115|[TRACE] graph - <------- nonSkippedChar
2021-11-21T23:53:24,115|[TRACE] graph - <----- statementPart
2021-11-21T23:53:24,115|[TRACE] graph - -----> statementPart
2021-11-21T23:53:24,115|[TRACE] graph - -------> nonSkippedChar
2021-11-21T23:53:24,115|[TRACE] script - #out(`L`) [token]
2021-11-21T23:53:24,115|[TRACE] graph - <------- nonSkippedChar
2021-11-21T23:53:24,115|[TRACE] graph - <----- statementPart
2021-11-21T23:53:24,115|[TRACE] graph - -----> statementPart
2021-11-21T23:53:24,115|[TRACE] graph - -------> nonSkippedSpace
2021-11-21T23:53:24,115|[TRACE] script - #out(` `) [token]
2021-11-21T23:53:24,115|[TRACE] graph - <------- nonSkippedSpace
2021-11-21T23:53:24,115|[TRACE] graph - <----- statementPart
2021-11-21T23:53:24,115|[TRACE] graph - -----> statementPart
2021-11-21T23:53:24,115|[TRACE] graph - -------> nonSkippedChar
2021-11-21T23:53:24,115|[TRACE] script - #out(`D`) [token]
2021-11-21T23:53:24,115|[TRACE] graph - <------- nonSkippedChar
2021-11-21T23:53:24,115|[TRACE] graph - <----- statementPart
2021-11-21T23:53:24,115|[TRACE] graph - -----> statementPart
2021-11-21T23:53:24,115|[TRACE] graph - -------> nonSkippedChar
2021-11-21T23:53:24,115|[TRACE] script - #out(`E`) [token]
2021-11-21T23:53:24,115|[TRACE] graph - <------- nonSkippedChar
2021-11-21T23:53:24,115|[TRACE] graph - <----- statementPart
2021-11-21T23:53:24,115|[TRACE] graph - -----> statementPart
2021-11-21T23:53:24,115|[TRACE] graph - -------> nonSkippedChar
2021-11-21T23:53:24,115|[TRACE] script - #out(`F`) [token]
2021-11-21T23:53:24,115|[TRACE] graph - <------- nonSkippedChar
2021-11-21T23:53:24,115|[TRACE] graph - <----- statementPart
2021-11-21T23:53:24,115|[TRACE] graph - -----> statementPart
2021-11-21T23:53:24,115|[TRACE] graph - -------> nonSkippedChar
2021-11-21T23:53:24,115|[TRACE] script - #out(`A`) [token]
2021-11-21T23:53:24,115|[TRACE] graph - <------- nonSkippedChar
2021-11-21T23:53:24,115|[TRACE] graph - <----- statementPart
2021-11-21T23:53:24,115|[TRACE] graph - -----> statementPart
2021-11-21T23:53:24,115|[TRACE] graph - -------> nonSkippedChar
2021-11-21T23:53:24,115|[TRACE] script - #out(`U`) [token]
2021-11-21T23:53:24,115|[TRACE] graph - <------- nonSkippedChar
2021-11-21T23:53:24,115|[TRACE] graph - <----- statementPart
2021-11-21T23:53:24,115|[TRACE] graph - -----> statementPart
2021-11-21T23:53:24,115|[TRACE] graph - -------> nonSkippedChar
2021-11-21T23:53:24,115|[TRACE] script - #out(`L`) [token]
2021-11-21T23:53:24,115|[TRACE] graph - <------- nonSkippedChar
2021-11-21T23:53:24,115|[TRACE] graph - <----- statementPart
2021-11-21T23:53:24,115|[TRACE] graph - -----> statementPart
2021-11-21T23:53:24,115|[TRACE] graph - -------> nonSkippedChar
2021-11-21T23:53:24,115|[TRACE] script - #out(`T`) [token]
2021-11-21T23:53:24,115|[TRACE] graph - <------- nonSkippedChar
2021-11-21T23:53:24,115|[TRACE] graph - <----- statementPart
2021-11-21T23:53:24,115|[TRACE] graph - -----> statementPart
2021-11-21T23:53:24,115|[TRACE] graph - -------> nonSkippedSpace
2021-11-21T23:53:24,115|[TRACE] script - #out(` `) [token]
2021-11-21T23:53:24,115|[TRACE] graph - <------- nonSkippedSpace
2021-11-21T23:53:24,115|[TRACE] graph - <----- statementPart
2021-11-21T23:53:24,115|[TRACE] graph - -----> statementPart
2021-11-21T23:53:24,115|[TRACE] graph - -------> nonSkippedChar
2021-11-21T23:53:24,115|[TRACE] script - #out(`(`) [token]
2021-11-21T23:53:24,115|[TRACE] graph - <------- nonSkippedChar
2021-11-21T23:53:24,115|[TRACE] graph - <----- statementPart
2021-11-21T23:53:24,116|[TRACE] graph - -----> statementPart
2021-11-21T23:53:24,116|[TRACE] graph - -------> nonSkippedChar
2021-11-21T23:53:24,116|[TRACE] script - #out(`u`) [token]
2021-11-21T23:53:24,154|[TRACE] graph - <------- nonSkippedChar
2021-11-21T23:53:24,154|[TRACE] graph - <----- statementPart
2021-11-21T23:53:24,154|[TRACE] graph - -----> statementPart
2021-11-21T23:53:24,154|[TRACE] graph - -------> nonSkippedChar
2021-11-21T23:53:24,154|[TRACE] script - #out(`n`) [token]
2021-11-21T23:53:24,154|[TRACE] graph - <------- nonSkippedChar
2021-11-21T23:53:24,154|[TRACE] graph - <----- statementPart
2021-11-21T23:53:24,154|[TRACE] graph - -----> statementPart
2021-11-21T23:53:24,154|[TRACE] graph - -------> nonSkippedChar
2021-11-21T23:53:24,154|[TRACE] script - #out(`i`) [token]
2021-11-21T23:53:24,154|[TRACE] graph - <------- nonSkippedChar
2021-11-21T23:53:24,154|[TRACE] graph - <----- statementPart
2021-11-21T23:53:24,154|[TRACE] graph - -----> statementPart
2021-11-21T23:53:24,154|[TRACE] graph - -------> nonSkippedChar
2021-11-21T23:53:24,154|[TRACE] script - #out(`x`) [token]
2021-11-21T23:53:24,154|[TRACE] graph - <------- nonSkippedChar
2021-11-21T23:53:24,154|[TRACE] graph - <----- statementPart
2021-11-21T23:53:24,154|[TRACE] graph - -----> statementPart
2021-11-21T23:53:24,154|[TRACE] graph - -------> nonSkippedChar
2021-11-21T23:53:24,154|[TRACE] script - #out(`_`) [token]
2021-11-21T23:53:24,154|[TRACE] graph - <------- nonSkippedChar
2021-11-21T23:53:24,154|[TRACE] graph - <----- statementPart
2021-11-21T23:53:24,154|[TRACE] graph - -----> statementPart
2021-11-21T23:53:24,154|[TRACE] graph - -------> nonSkippedChar
2021-11-21T23:53:24,154|[TRACE] script - #out(`t`) [token]
2021-11-21T23:53:24,154|[TRACE] graph - <------- nonSkippedChar
2021-11-21T23:53:24,154|[TRACE] graph - <----- statementPart
2021-11-21T23:53:24,154|[TRACE] graph - -----> statementPart
2021-11-21T23:53:24,154|[TRACE] graph - -------> nonSkippedChar
2021-11-21T23:53:24,154|[TRACE] script - #out(`i`) [token]
2021-11-21T23:53:24,154|[TRACE] graph - <------- nonSkippedChar
2021-11-21T23:53:24,154|[TRACE] graph - <----- statementPart
2021-11-21T23:53:24,154|[TRACE] graph - -----> statementPart
2021-11-21T23:53:24,154|[TRACE] graph - -------> nonSkippedChar
2021-11-21T23:53:24,154|[TRACE] script - #out(`m`) [token]
2021-11-21T23:53:24,154|[TRACE] graph - <------- nonSkippedChar
2021-11-21T23:53:24,154|[TRACE] graph - <----- statementPart
2021-11-21T23:53:24,154|[TRACE] graph - -----> statementPart
2021-11-21T23:53:24,154|[TRACE] graph - -------> nonSkippedChar
2021-11-21T23:53:24,154|[TRACE] script - #out(`e`) [token]
2021-11-21T23:53:24,154|[TRACE] graph - <------- nonSkippedChar
2021-11-21T23:53:24,154|[TRACE] graph - <----- statementPart
2021-11-21T23:53:24,154|[TRACE] graph - -----> statementPart
2021-11-21T23:53:24,154|[TRACE] graph - -------> nonSkippedChar
2021-11-21T23:53:24,154|[TRACE] script - #out(`s`) [token]
2021-11-21T23:53:24,154|[TRACE] graph - <------- nonSkippedChar
2021-11-21T23:53:24,154|[TRACE] graph - <----- statementPart
2021-11-21T23:53:24,154|[TRACE] graph - -----> statementPart
2021-11-21T23:53:24,154|[TRACE] graph - -------> nonSkippedChar
2021-11-21T23:53:24,154|[TRACE] script - #out(`t`) [token]
2021-11-21T23:53:24,154|[TRACE] graph - <------- nonSkippedChar
2021-11-21T23:53:24,154|[TRACE] graph - <----- statementPart
2021-11-21T23:53:24,154|[TRACE] graph - -----> statementPart
2021-11-21T23:53:24,154|[TRACE] graph - -------> nonSkippedChar
2021-11-21T23:53:24,154|[TRACE] script - #out(`a`) [token]
2021-11-21T23:53:24,154|[TRACE] graph - <------- nonSkippedChar
2021-11-21T23:53:24,154|[TRACE] graph - <----- statementPart
2021-11-21T23:53:24,154|[TRACE] graph - -----> statementPart
2021-11-21T23:53:24,154|[TRACE] graph - -------> nonSkippedChar
2021-11-21T23:53:24,154|[TRACE] script - #out(`m`) [token]
2021-11-21T23:53:24,154|[TRACE] graph - <------- nonSkippedChar
2021-11-21T23:53:24,154|[TRACE] graph - <----- statementPart
2021-11-21T23:53:24,154|[TRACE] graph - -----> statementPart
2021-11-21T23:53:24,154|[TRACE] graph - -------> nonSkippedChar
2021-11-21T23:53:24,154|[TRACE] script - #out(`p`) [token]
2021-11-21T23:53:24,154|[TRACE] graph - <------- nonSkippedChar
2021-11-21T23:53:24,154|[TRACE] graph - <----- statementPart
2021-11-21T23:53:24,154|[TRACE] graph - -----> statementPart
2021-11-21T23:53:24,154|[TRACE] graph - -------> nonSkippedChar
2021-11-21T23:53:24,154|[TRACE] script - #out(`(`) [token]
2021-11-21T23:53:24,154|[TRACE] graph - <------- nonSkippedChar
2021-11-21T23:53:24,154|[TRACE] graph - <----- statementPart
2021-11-21T23:53:24,154|[TRACE] graph - -----> statementPart
2021-11-21T23:53:24,154|[TRACE] graph - -------> nonSkippedChar
2021-11-21T23:53:24,154|[TRACE] script - #out(`n`) [token]
2021-11-21T23:53:24,154|[TRACE] graph - <------- nonSkippedChar
2021-11-21T23:53:24,154|[TRACE] graph - <----- statementPart
2021-11-21T23:53:24,154|[TRACE] graph - -----> statementPart
2021-11-21T23:53:24,154|[TRACE] graph - -------> nonSkippedChar
2021-11-21T23:53:24,154|[TRACE] script - #out(`o`) [token]
2021-11-21T23:53:24,154|[TRACE] graph - <------- nonSkippedChar
2021-11-21T23:53:24,154|[TRACE] graph - <----- statementPart
2021-11-21T23:53:24,154|[TRACE] graph - -----> statementPart
2021-11-21T23:53:24,154|[TRACE] graph - -------> nonSkippedChar
2021-11-21T23:53:24,154|[TRACE] script - #out(`w`) [token]
2021-11-21T23:53:24,154|[TRACE] graph - <------- nonSkippedChar
2021-11-21T23:53:24,154|[TRACE] graph - <----- statementPart
2021-11-21T23:53:24,154|[TRACE] graph - -----> statementPart
2021-11-21T23:53:24,154|[TRACE] graph - -------> nonSkippedChar
2021-11-21T23:53:24,154|[TRACE] script - #out(`(`) [token]
2021-11-21T23:53:24,154|[TRACE] graph - <------- nonSkippedChar
2021-11-21T23:53:24,154|[TRACE] graph - <----- statementPart
2021-11-21T23:53:24,154|[TRACE] graph - -----> statementPart
2021-11-21T23:53:24,154|[TRACE] graph - -------> nonSkippedChar
2021-11-21T23:53:24,154|[TRACE] script - #out(`)`) [token]
2021-11-21T23:53:24,154|[TRACE] graph - <------- nonSkippedChar
2021-11-21T23:53:24,154|[TRACE] graph - <----- statementPart
2021-11-21T23:53:24,154|[TRACE] graph - -----> statementPart
2021-11-21T23:53:24,154|[TRACE] graph - -------> nonSkippedChar
2021-11-21T23:53:24,154|[TRACE] script - #out(`)`) [token]
2021-11-21T23:53:24,154|[TRACE] graph - <------- nonSkippedChar
2021-11-21T23:53:24,154|[TRACE] graph - <----- statementPart
2021-11-21T23:53:24,154|[TRACE] graph - -----> statementPart
2021-11-21T23:53:24,154|[TRACE] graph - -------> nonSkippedSpace
2021-11-21T23:53:24,154|[TRACE] script - #out(` `) [token]
2021-11-21T23:53:24,154|[TRACE] graph - <------- nonSkippedSpace
2021-11-21T23:53:24,154|[TRACE] graph - <----- statementPart
2021-11-21T23:53:24,154|[TRACE] graph - -----> statementPart
2021-11-21T23:53:24,154|[TRACE] graph - -------> nonSkippedChar
2021-11-21T23:53:24,154|[TRACE] script - #out(`*`) [token]
2021-11-21T23:53:24,154|[TRACE] graph - <------- nonSkippedChar
2021-11-21T23:53:24,154|[TRACE] graph - <----- statementPart
2021-11-21T23:53:24,154|[TRACE] graph - -----> statementPart
2021-11-21T23:53:24,154|[TRACE] graph - -------> nonSkippedSpace
2021-11-21T23:53:24,154|[TRACE] script - #out(` `) [token]
2021-11-21T23:53:24,154|[TRACE] graph - <------- nonSkippedSpace
2021-11-21T23:53:24,154|[TRACE] graph - <----- statementPart
2021-11-21T23:53:24,154|[TRACE] graph - -----> statementPart
2021-11-21T23:53:24,154|[TRACE] graph - -------> nonSkippedChar
2021-11-21T23:53:24,154|[TRACE] script - #out(`1`) [token]
2021-11-21T23:53:24,154|[TRACE] graph - <------- nonSkippedChar
2021-11-21T23:53:24,154|[TRACE] graph - <----- statementPart
2021-11-21T23:53:24,154|[TRACE] graph - -----> statementPart
2021-11-21T23:53:24,154|[TRACE] graph - -------> nonSkippedChar
2021-11-21T23:53:24,154|[TRACE] script - #out(`0`) [token]
2021-11-21T23:53:24,154|[TRACE] graph - <------- nonSkippedChar
2021-11-21T23:53:24,154|[TRACE] graph - <----- statementPart
2021-11-21T23:53:24,154|[TRACE] graph - -----> statementPart
2021-11-21T23:53:24,154|[TRACE] graph - -------> nonSkippedChar
2021-11-21T23:53:24,154|[TRACE] script - #out(`0`) [token]
2021-11-21T23:53:24,154|[TRACE] graph - <------- nonSkippedChar
2021-11-21T23:53:24,154|[TRACE] graph - <----- statementPart
2021-11-21T23:53:24,154|[TRACE] graph - -----> statementPart
2021-11-21T23:53:24,154|[TRACE] graph - -------> nonSkippedChar
2021-11-21T23:53:24,154|[TRACE] script - #out(`0`) [token]
2021-11-21T23:53:24,154|[TRACE] graph - <------- nonSkippedChar
2021-11-21T23:53:24,154|[TRACE] graph - <----- statementPart
2021-11-21T23:53:24,154|[TRACE] graph - -----> statementPart
2021-11-21T23:53:24,154|[TRACE] graph - -------> nonSkippedChar
2021-11-21T23:53:24,154|[TRACE] script - #out(`)`) [token]
2021-11-21T23:53:24,154|[TRACE] graph - <------- nonSkippedChar
2021-11-21T23:53:24,154|[TRACE] graph - <----- statementPart
2021-11-21T23:53:24,154|[TRACE] graph - -----> statementPart
2021-11-21T23:53:24,154|[TRACE] graph - -------> nonSkippedChar
2021-11-21T23:53:24,154|[TRACE] script - #out(`,`) [token]
2021-11-21T23:53:24,154|[TRACE] graph - <------- nonSkippedChar
2021-11-21T23:53:24,154|[TRACE] graph - <----- statementPart
2021-11-21T23:53:24,154|[TRACE] graph - -----> afterStatementPartNewline
2021-11-21T23:53:24,154|[TRACE] script - #out(` `) [text]
2021-11-21T23:53:24,154|[TRACE] graph - <----- afterStatementPartNewline
2021-11-21T23:53:24,154|[TRACE] graph - -----> statementPart
2021-11-21T23:53:24,154|[TRACE] graph - -------> nonSkippedSpace
2021-11-21T23:53:24,154|[TRACE] script - #out(` `) [token]
2021-11-21T23:53:24,154|[TRACE] graph - <------- nonSkippedSpace
2021-11-21T23:53:24,154|[TRACE] graph - <----- statementPart
2021-11-21T23:53:24,154|[TRACE] graph - -----> statementPart
2021-11-21T23:53:24,154|[TRACE] graph - -------> nonSkippedSpace
2021-11-21T23:53:24,154|[TRACE] script - #out(` `) [token]
2021-11-21T23:53:24,154|[TRACE] graph - <------- nonSkippedSpace
2021-11-21T23:53:24,154|[TRACE] graph - <----- statementPart
2021-11-21T23:53:24,154|[TRACE] graph - -----> statementPart
2021-11-21T23:53:24,154|[TRACE] graph - -------> quotedString
2021-11-21T23:53:24,154|[TRACE] script - #out(``version``) [token]
2021-11-21T23:53:24,154|[TRACE] graph - <------- quotedString
2021-11-21T23:53:24,154|[TRACE] graph - <----- statementPart
2021-11-21T23:53:24,154|[TRACE] graph - -----> statementPart
2021-11-21T23:53:24,154|[TRACE] graph - -------> nonSkippedSpace
2021-11-21T23:53:24,154|[TRACE] script - #out(` `) [token]
2021-11-21T23:53:24,154|[TRACE] graph - <------- nonSkippedSpace
2021-11-21T23:53:24,154|[TRACE] graph - <----- statementPart
2021-11-21T23:53:24,154|[TRACE] graph - -----> statementPart
2021-11-21T23:53:24,154|[TRACE] graph - -------> nonSkippedChar
2021-11-21T23:53:24,154|[TRACE] script - #out(`I`) [token]
2021-11-21T23:53:24,154|[TRACE] graph - <------- nonSkippedChar
2021-11-21T23:53:24,154|[TRACE] graph - <----- statementPart
2021-11-21T23:53:24,154|[TRACE] graph - -----> statementPart
2021-11-21T23:53:24,154|[TRACE] graph - -------> nonSkippedChar
2021-11-21T23:53:24,154|[TRACE] script - #out(`N`) [token]
2021-11-21T23:53:24,154|[TRACE] graph - <------- nonSkippedChar
2021-11-21T23:53:24,154|[TRACE] graph - <----- statementPart
2021-11-21T23:53:24,154|[TRACE] graph - -----> statementPart
2021-11-21T23:53:24,154|[TRACE] graph - -------> nonSkippedChar
2021-11-21T23:53:24,154|[TRACE] script - #out(`T`) [token]
2021-11-21T23:53:24,154|[TRACE] graph - <------- nonSkippedChar
2021-11-21T23:53:24,154|[TRACE] graph - <----- statementPart
2021-11-21T23:53:24,154|[TRACE] graph - -----> statementPart
2021-11-21T23:53:24,154|[TRACE] graph - -------> nonSkippedSpace
2021-11-21T23:53:24,154|[TRACE] script - #out(` `) [token]
2021-11-21T23:53:24,154|[TRACE] graph - <------- nonSkippedSpace
2021-11-21T23:53:24,154|[TRACE] graph - <----- statementPart
2021-11-21T23:53:24,154|[TRACE] graph - -----> statementPart
2021-11-21T23:53:24,154|[TRACE] graph - -------> nonSkippedChar
2021-11-21T23:53:24,154|[TRACE] script - #out(`N`) [token]
2021-11-21T23:53:24,154|[TRACE] graph - <------- nonSkippedChar
2021-11-21T23:53:24,154|[TRACE] graph - <----- statementPart
2021-11-21T23:53:24,154|[TRACE] graph - -----> statementPart
2021-11-21T23:53:24,154|[TRACE] graph - -------> nonSkippedChar
2021-11-21T23:53:24,154|[TRACE] script - #out(`O`) [token]
2021-11-21T23:53:24,154|[TRACE] graph - <------- nonSkippedChar
2021-11-21T23:53:24,154|[TRACE] graph - <----- statementPart
2021-11-21T23:53:24,154|[TRACE] graph - -----> statementPart
2021-11-21T23:53:24,154|[TRACE] graph - -------> nonSkippedChar
2021-11-21T23:53:24,154|[TRACE] script - #out(`T`) [token]
2021-11-21T23:53:24,154|[TRACE] graph - <------- nonSkippedChar
2021-11-21T23:53:24,154|[TRACE] graph - <----- statementPart
2021-11-21T23:53:24,154|[TRACE] graph - -----> statementPart
2021-11-21T23:53:24,154|[TRACE] graph - -------> nonSkippedSpace
2021-11-21T23:53:24,154|[TRACE] script - #out(` `) [token]
2021-11-21T23:53:24,154|[TRACE] graph - <------- nonSkippedSpace
2021-11-21T23:53:24,154|[TRACE] graph - <----- statementPart
2021-11-21T23:53:24,154|[TRACE] graph - -----> statementPart
2021-11-21T23:53:24,154|[TRACE] graph - -------> nonSkippedChar
2021-11-21T23:53:24,154|[TRACE] script - #out(`N`) [token]
2021-11-21T23:53:24,154|[TRACE] graph - <------- nonSkippedChar
2021-11-21T23:53:24,154|[TRACE] graph - <----- statementPart
2021-11-21T23:53:24,154|[TRACE] graph - -----> statementPart
2021-11-21T23:53:24,154|[TRACE] graph - -------> nonSkippedChar
2021-11-21T23:53:24,154|[TRACE] script - #out(`U`) [token]
2021-11-21T23:53:24,154|[TRACE] graph - <------- nonSkippedChar
2021-11-21T23:53:24,154|[TRACE] graph - <----- statementPart
2021-11-21T23:53:24,154|[TRACE] graph - -----> statementPart
2021-11-21T23:53:24,154|[TRACE] graph - -------> nonSkippedChar
2021-11-21T23:53:24,154|[TRACE] script - #out(`L`) [token]
2021-11-21T23:53:24,154|[TRACE] graph - <------- nonSkippedChar
2021-11-21T23:53:24,154|[TRACE] graph - <----- statementPart
2021-11-21T23:53:24,154|[TRACE] graph - -----> statementPart
2021-11-21T23:53:24,154|[TRACE] graph - -------> nonSkippedChar
2021-11-21T23:53:24,154|[TRACE] script - #out(`L`) [token]
2021-11-21T23:53:24,154|[TRACE] graph - <------- nonSkippedChar
2021-11-21T23:53:24,154|[TRACE] graph - <----- statementPart
2021-11-21T23:53:24,154|[TRACE] graph - -----> statementPart
2021-11-21T23:53:24,154|[TRACE] graph - -------> nonSkippedSpace
2021-11-21T23:53:24,154|[TRACE] script - #out(` `) [token]
2021-11-21T23:53:24,154|[TRACE] graph - <------- nonSkippedSpace
2021-11-21T23:53:24,154|[TRACE] graph - <----- statementPart
2021-11-21T23:53:24,154|[TRACE] graph - -----> statementPart
2021-11-21T23:53:24,154|[TRACE] graph - -------> nonSkippedChar
2021-11-21T23:53:24,154|[TRACE] script - #out(`D`) [token]
2021-11-21T23:53:24,154|[TRACE] graph - <------- nonSkippedChar
2021-11-21T23:53:24,154|[TRACE] graph - <----- statementPart
2021-11-21T23:53:24,154|[TRACE] graph - -----> statementPart
2021-11-21T23:53:24,154|[TRACE] graph - -------> nonSkippedChar
2021-11-21T23:53:24,154|[TRACE] script - #out(`E`) [token]
2021-11-21T23:53:24,154|[TRACE] graph - <------- nonSkippedChar
2021-11-21T23:53:24,154|[TRACE] graph - <----- statementPart
2021-11-21T23:53:24,154|[TRACE] graph - -----> statementPart
2021-11-21T23:53:24,154|[TRACE] graph - -------> nonSkippedChar
2021-11-21T23:53:24,154|[TRACE] script - #out(`F`) [token]
2021-11-21T23:53:24,154|[TRACE] graph - <------- nonSkippedChar
2021-11-21T23:53:24,154|[TRACE] graph - <----- statementPart
2021-11-21T23:53:24,154|[TRACE] graph - -----> statementPart
2021-11-21T23:53:24,154|[TRACE] graph - -------> nonSkippedChar
2021-11-21T23:53:24,154|[TRACE] script - #out(`A`) [token]
2021-11-21T23:53:24,154|[TRACE] graph - <------- nonSkippedChar
2021-11-21T23:53:24,154|[TRACE] graph - <----- statementPart
2021-11-21T23:53:24,154|[TRACE] graph - -----> statementPart
2021-11-21T23:53:24,154|[TRACE] graph - -------> nonSkippedChar
2021-11-21T23:53:24,154|[TRACE] script - #out(`U`) [token]
2021-11-21T23:53:24,155|[TRACE] graph - <------- nonSkippedChar
2021-11-21T23:53:24,155|[TRACE] graph - <----- statementPart
2021-11-21T23:53:24,155|[TRACE] graph - -----> statementPart
2021-11-21T23:53:24,155|[TRACE] graph - -------> nonSkippedChar
2021-11-21T23:53:24,155|[TRACE] script - #out(`L`) [token]
2021-11-21T23:53:24,155|[TRACE] graph - <------- nonSkippedChar
2021-11-21T23:53:24,155|[TRACE] graph - <----- statementPart
2021-11-21T23:53:24,155|[TRACE] graph - -----> statementPart
2021-11-21T23:53:24,155|[TRACE] graph - -------> nonSkippedChar
2021-11-21T23:53:24,155|[TRACE] script - #out(`T`) [token]
2021-11-21T23:53:24,155|[TRACE] graph - <------- nonSkippedChar
2021-11-21T23:53:24,155|[TRACE] graph - <----- statementPart
2021-11-21T23:53:24,155|[TRACE] graph - -----> statementPart
2021-11-21T23:53:24,155|[TRACE] graph - -------> nonSkippedSpace
2021-11-21T23:53:24,155|[TRACE] script - #out(` `) [token]
2021-11-21T23:53:24,155|[TRACE] graph - <------- nonSkippedSpace
2021-11-21T23:53:24,155|[TRACE] graph - <----- statementPart
2021-11-21T23:53:24,155|[TRACE] graph - -----> statementPart
2021-11-21T23:53:24,155|[TRACE] graph - -------> nonSkippedChar
2021-11-21T23:53:24,155|[TRACE] script - #out(`1`) [token]
2021-11-21T23:53:24,155|[TRACE] graph - <------- nonSkippedChar
2021-11-21T23:53:24,155|[TRACE] graph - <----- statementPart
2021-11-21T23:53:24,155|[TRACE] graph - -----> statementPart
2021-11-21T23:53:24,155|[TRACE] graph - -------> nonSkippedChar
2021-11-21T23:53:24,155|[TRACE] script - #out(`,`) [token]
2021-11-21T23:53:24,155|[TRACE] graph - <------- nonSkippedChar
2021-11-21T23:53:24,155|[TRACE] graph - <----- statementPart
2021-11-21T23:53:24,155|[TRACE] graph - -----> afterStatementPartNewline
2021-11-21T23:53:24,155|[TRACE] script - #out(` `) [text]
2021-11-21T23:53:24,155|[TRACE] graph - <----- afterStatementPartNewline
2021-11-21T23:53:24,155|[TRACE] graph - -----> statementPart
2021-11-21T23:53:24,155|[TRACE] graph - -------> nonSkippedSpace
2021-11-21T23:53:24,155|[TRACE] script - #out(` `) [token]
2021-11-21T23:53:24,155|[TRACE] graph - <------- nonSkippedSpace
2021-11-21T23:53:24,155|[TRACE] graph - <----- statementPart
2021-11-21T23:53:24,155|[TRACE] graph - -----> statementPart
2021-11-21T23:53:24,155|[TRACE] graph - -------> nonSkippedSpace
2021-11-21T23:53:24,155|[TRACE] script - #out(` `) [token]
2021-11-21T23:53:24,155|[TRACE] graph - <------- nonSkippedSpace
2021-11-21T23:53:24,155|[TRACE] graph - <----- statementPart
2021-11-21T23:53:24,155|[TRACE] graph - -----> statementPart
2021-11-21T23:53:24,155|[TRACE] graph - -------> nonSkippedChar
2021-11-21T23:53:24,155|[TRACE] script - #out(`P`) [token]
2021-11-21T23:53:24,155|[TRACE] graph - <------- nonSkippedChar
2021-11-21T23:53:24,155|[TRACE] graph - <----- statementPart
2021-11-21T23:53:24,155|[TRACE] graph - -----> statementPart
2021-11-21T23:53:24,155|[TRACE] graph - -------> nonSkippedChar
2021-11-21T23:53:24,155|[TRACE] script - #out(`R`) [token]
2021-11-21T23:53:24,155|[TRACE] graph - <------- nonSkippedChar
2021-11-21T23:53:24,155|[TRACE] graph - <----- statementPart
2021-11-21T23:53:24,155|[TRACE] graph - -----> statementPart
2021-11-21T23:53:24,155|[TRACE] graph - -------> nonSkippedChar
2021-11-21T23:53:24,155|[TRACE] script - #out(`I`) [token]
2021-11-21T23:53:24,155|[TRACE] graph - <------- nonSkippedChar
2021-11-21T23:53:24,155|[TRACE] graph - <----- statementPart
2021-11-21T23:53:24,155|[TRACE] graph - -----> statementPart
2021-11-21T23:53:24,155|[TRACE] graph - -------> nonSkippedChar
2021-11-21T23:53:24,155|[TRACE] script - #out(`M`) [token]
2021-11-21T23:53:24,155|[TRACE] graph - <------- nonSkippedChar
2021-11-21T23:53:24,155|[TRACE] graph - <----- statementPart
2021-11-21T23:53:24,155|[TRACE] graph - -----> statementPart
2021-11-21T23:53:24,155|[TRACE] graph - -------> nonSkippedChar
2021-11-21T23:53:24,155|[TRACE] script - #out(`A`) [token]
2021-11-21T23:53:24,155|[TRACE] graph - <------- nonSkippedChar
2021-11-21T23:53:24,155|[TRACE] graph - <----- statementPart
2021-11-21T23:53:24,155|[TRACE] graph - -----> statementPart
2021-11-21T23:53:24,155|[TRACE] graph - -------> nonSkippedChar
2021-11-21T23:53:24,155|[TRACE] script - #out(`R`) [token]
2021-11-21T23:53:24,155|[TRACE] graph - <------- nonSkippedChar
2021-11-21T23:53:24,155|[TRACE] graph - <----- statementPart
2021-11-21T23:53:24,155|[TRACE] graph - -----> statementPart
2021-11-21T23:53:24,155|[TRACE] graph - -------> nonSkippedChar
2021-11-21T23:53:24,155|[TRACE] script - #out(`Y`) [token]
2021-11-21T23:53:24,155|[TRACE] graph - <------- nonSkippedChar
2021-11-21T23:53:24,155|[TRACE] graph - <----- statementPart
2021-11-21T23:53:24,155|[TRACE] graph - -----> statementPart
2021-11-21T23:53:24,155|[TRACE] graph - -------> nonSkippedSpace
2021-11-21T23:53:24,155|[TRACE] script - #out(` `) [token]
2021-11-21T23:53:24,155|[TRACE] graph - <------- nonSkippedSpace
2021-11-21T23:53:24,155|[TRACE] graph - <----- statementPart
2021-11-21T23:53:24,155|[TRACE] graph - -----> statementPart
2021-11-21T23:53:24,155|[TRACE] graph - -------> nonSkippedChar
2021-11-21T23:53:24,155|[TRACE] script - #out(`K`) [token]
2021-11-21T23:53:24,155|[TRACE] graph - <------- nonSkippedChar
2021-11-21T23:53:24,155|[TRACE] graph - <----- statementPart
2021-11-21T23:53:24,155|[TRACE] graph - -----> statementPart
2021-11-21T23:53:24,155|[TRACE] graph - -------> nonSkippedChar
2021-11-21T23:53:24,155|[TRACE] script - #out(`E`) [token]
2021-11-21T23:53:24,155|[TRACE] graph - <------- nonSkippedChar
2021-11-21T23:53:24,155|[TRACE] graph - <----- statementPart
2021-11-21T23:53:24,155|[TRACE] graph - -----> statementPart
2021-11-21T23:53:24,155|[TRACE] graph - -------> nonSkippedChar
2021-11-21T23:53:24,155|[TRACE] script - #out(`Y`) [token]
2021-11-21T23:53:24,155|[TRACE] graph - <------- nonSkippedChar
2021-11-21T23:53:24,155|[TRACE] graph - <----- statementPart
2021-11-21T23:53:24,155|[TRACE] graph - -----> statementPart
2021-11-21T23:53:24,155|[TRACE] graph - -------> nonSkippedSpace
2021-11-21T23:53:24,155|[TRACE] script - #out(` `) [token]
2021-11-21T23:53:24,155|[TRACE] graph - <------- nonSkippedSpace
2021-11-21T23:53:24,155|[TRACE] graph - <----- statementPart
2021-11-21T23:53:24,155|[TRACE] graph - -----> statementPart
2021-11-21T23:53:24,155|[TRACE] graph - -------> nonSkippedChar
2021-11-21T23:53:24,155|[TRACE] script - #out(`(`) [token]
2021-11-21T23:53:24,155|[TRACE] graph - <------- nonSkippedChar
2021-11-21T23:53:24,155|[TRACE] graph - <----- statementPart
2021-11-21T23:53:24,155|[TRACE] graph - -----> statementPart
2021-11-21T23:53:24,155|[TRACE] graph - -------> quotedString
2021-11-21T23:53:24,155|[TRACE] script - #out(``person_id``) [token]
2021-11-21T23:53:24,155|[TRACE] graph - <------- quotedString
2021-11-21T23:53:24,155|[TRACE] graph - <----- statementPart
2021-11-21T23:53:24,155|[TRACE] graph - -----> statementPart
2021-11-21T23:53:24,155|[TRACE] graph - -------> nonSkippedChar
2021-11-21T23:53:24,155|[TRACE] script - #out(`,`) [token]
2021-11-21T23:53:24,155|[TRACE] graph - <------- nonSkippedChar
2021-11-21T23:53:24,155|[TRACE] graph - <----- statementPart
2021-11-21T23:53:24,155|[TRACE] graph - -----> statementPart
2021-11-21T23:53:24,155|[TRACE] graph - -------> nonSkippedSpace
2021-11-21T23:53:24,155|[TRACE] script - #out(` `) [token]
2021-11-21T23:53:24,155|[TRACE] graph - <------- nonSkippedSpace
2021-11-21T23:53:24,155|[TRACE] graph - <----- statementPart
2021-11-21T23:53:24,155|[TRACE] graph - -----> statementPart
2021-11-21T23:53:24,155|[TRACE] graph - -------> quotedString
2021-11-21T23:53:24,155|[TRACE] script - #out(``phone_id``) [token]
2021-11-21T23:53:24,155|[TRACE] graph - <------- quotedString
2021-11-21T23:53:24,155|[TRACE] graph - <----- statementPart
2021-11-21T23:53:24,155|[TRACE] graph - -----> statementPart
2021-11-21T23:53:24,155|[TRACE] graph - -------> nonSkippedChar
2021-11-21T23:53:24,155|[TRACE] script - #out(`)`) [token]
2021-11-21T23:53:24,155|[TRACE] graph - <------- nonSkippedChar
2021-11-21T23:53:24,155|[TRACE] graph - <----- statementPart
2021-11-21T23:53:24,155|[TRACE] graph - -----> statementPart
2021-11-21T23:53:24,155|[TRACE] graph - -------> nonSkippedChar
2021-11-21T23:53:24,155|[TRACE] script - #out(`,`) [token]
2021-11-21T23:53:24,155|[TRACE] graph - <------- nonSkippedChar
2021-11-21T23:53:24,155|[TRACE] graph - <----- statementPart
2021-11-21T23:53:24,155|[TRACE] graph - -----> afterStatementPartNewline
2021-11-21T23:53:24,155|[TRACE] script - #out(` `) [text]
2021-11-21T23:53:24,155|[TRACE] graph - <----- afterStatementPartNewline
2021-11-21T23:53:24,155|[TRACE] graph - -----> statementPart
2021-11-21T23:53:24,155|[TRACE] graph - -------> nonSkippedSpace
2021-11-21T23:53:24,155|[TRACE] script - #out(` `) [token]
2021-11-21T23:53:24,155|[TRACE] graph - <------- nonSkippedSpace
2021-11-21T23:53:24,155|[TRACE] graph - <----- statementPart
2021-11-21T23:53:24,155|[TRACE] graph - -----> statementPart
2021-11-21T23:53:24,155|[TRACE] graph - -------> nonSkippedSpace
2021-11-21T23:53:24,155|[TRACE] script - #out(` `) [token]
2021-11-21T23:53:24,155|[TRACE] graph - <------- nonSkippedSpace
2021-11-21T23:53:24,155|[TRACE] graph - <----- statementPart
2021-11-21T23:53:24,155|[TRACE] graph - -----> statementPart
2021-11-21T23:53:24,155|[TRACE] graph - -------> nonSkippedChar
2021-11-21T23:53:24,155|[TRACE] script - #out(`I`) [token]
2021-11-21T23:53:24,155|[TRACE] graph - <------- nonSkippedChar
2021-11-21T23:53:24,155|[TRACE] graph - <----- statementPart
2021-11-21T23:53:24,155|[TRACE] graph - -----> statementPart
2021-11-21T23:53:24,155|[TRACE] graph - -------> nonSkippedChar
2021-11-21T23:53:24,155|[TRACE] script - #out(`N`) [token]
2021-11-21T23:53:24,155|[TRACE] graph - <------- nonSkippedChar
2021-11-21T23:53:24,155|[TRACE] graph - <----- statementPart
2021-11-21T23:53:24,155|[TRACE] graph - -----> statementPart
2021-11-21T23:53:24,155|[TRACE] graph - -------> nonSkippedChar
2021-11-21T23:53:24,155|[TRACE] script - #out(`D`) [token]
2021-11-21T23:53:24,155|[TRACE] graph - <------- nonSkippedChar
2021-11-21T23:53:24,155|[TRACE] graph - <----- statementPart
2021-11-21T23:53:24,155|[TRACE] graph - -----> statementPart
2021-11-21T23:53:24,155|[TRACE] graph - -------> nonSkippedChar
2021-11-21T23:53:24,155|[TRACE] script - #out(`E`) [token]
2021-11-21T23:53:24,155|[TRACE] graph - <------- nonSkippedChar
2021-11-21T23:53:24,155|[TRACE] graph - <----- statementPart
2021-11-21T23:53:24,155|[TRACE] graph - -----> statementPart
2021-11-21T23:53:24,155|[TRACE] graph - -------> nonSkippedChar
2021-11-21T23:53:24,155|[TRACE] script - #out(`X`) [token]
2021-11-21T23:53:24,155|[TRACE] graph - <------- nonSkippedChar
2021-11-21T23:53:24,155|[TRACE] graph - <----- statementPart
2021-11-21T23:53:24,155|[TRACE] graph - -----> statementPart
2021-11-21T23:53:24,155|[TRACE] graph - -------> nonSkippedSpace
2021-11-21T23:53:24,155|[TRACE] script - #out(` `) [token]
2021-11-21T23:53:24,155|[TRACE] graph - <------- nonSkippedSpace
2021-11-21T23:53:24,155|[TRACE] graph - <----- statementPart
2021-11-21T23:53:24,155|[TRACE] graph - -----> statementPart
2021-11-21T23:53:24,155|[TRACE] graph - -------> quotedString
2021-11-21T23:53:24,155|[TRACE] script - #out(``fk_contact_phone1_idx``) [token]
2021-11-21T23:53:24,155|[TRACE] graph - <------- quotedString
2021-11-21T23:53:24,155|[TRACE] graph - <----- statementPart
2021-11-21T23:53:24,155|[TRACE] graph - -----> statementPart
2021-11-21T23:53:24,155|[TRACE] graph - -------> nonSkippedSpace
2021-11-21T23:53:24,155|[TRACE] script - #out(` `) [token]
2021-11-21T23:53:24,155|[TRACE] graph - <------- nonSkippedSpace
2021-11-21T23:53:24,155|[TRACE] graph - <----- statementPart
2021-11-21T23:53:24,155|[TRACE] graph - -----> statementPart
2021-11-21T23:53:24,155|[TRACE] graph - -------> nonSkippedChar
2021-11-21T23:53:24,155|[TRACE] script - #out(`(`) [token]
2021-11-21T23:53:24,155|[TRACE] graph - <------- nonSkippedChar
2021-11-21T23:53:24,155|[TRACE] graph - <----- statementPart
2021-11-21T23:53:24,155|[TRACE] graph - -----> statementPart
2021-11-21T23:53:24,155|[TRACE] graph - -------> quotedString
2021-11-21T23:53:24,155|[TRACE] script - #out(``phone_id``) [token]
2021-11-21T23:53:24,155|[TRACE] graph - <------- quotedString
2021-11-21T23:53:24,155|[TRACE] graph - <----- statementPart
2021-11-21T23:53:24,155|[TRACE] graph - -----> statementPart
2021-11-21T23:53:24,155|[TRACE] graph - -------> nonSkippedSpace
2021-11-21T23:53:24,155|[TRACE] script - #out(` `) [token]
2021-11-21T23:53:24,155|[TRACE] graph - <------- nonSkippedSpace
2021-11-21T23:53:24,155|[TRACE] graph - <----- statementPart
2021-11-21T23:53:24,155|[TRACE] graph - -----> statementPart
2021-11-21T23:53:24,155|[TRACE] graph - -------> nonSkippedChar
2021-11-21T23:53:24,155|[TRACE] script - #out(`A`) [token]
2021-11-21T23:53:24,192|[TRACE] graph - <------- nonSkippedChar
2021-11-21T23:53:24,193|[TRACE] graph - <----- statementPart
2021-11-21T23:53:24,193|[TRACE] graph - -----> statementPart
2021-11-21T23:53:24,193|[TRACE] graph - -------> nonSkippedChar
2021-11-21T23:53:24,193|[TRACE] script - #out(`S`) [token]
2021-11-21T23:53:24,193|[TRACE] graph - <------- nonSkippedChar
2021-11-21T23:53:24,193|[TRACE] graph - <----- statementPart
2021-11-21T23:53:24,193|[TRACE] graph - -----> statementPart
2021-11-21T23:53:24,193|[TRACE] graph - -------> nonSkippedChar
2021-11-21T23:53:24,193|[TRACE] script - #out(`C`) [token]
2021-11-21T23:53:24,193|[TRACE] graph - <------- nonSkippedChar
2021-11-21T23:53:24,193|[TRACE] graph - <----- statementPart
2021-11-21T23:53:24,193|[TRACE] graph - -----> statementPart
2021-11-21T23:53:24,193|[TRACE] graph - -------> nonSkippedChar
2021-11-21T23:53:24,193|[TRACE] script - #out(`)`) [token]
2021-11-21T23:53:24,193|[TRACE] graph - <------- nonSkippedChar
2021-11-21T23:53:24,193|[TRACE] graph - <----- statementPart
2021-11-21T23:53:24,193|[TRACE] graph - -----> statementPart
2021-11-21T23:53:24,193|[TRACE] graph - -------> nonSkippedSpace
2021-11-21T23:53:24,193|[TRACE] script - #out(` `) [token]
2021-11-21T23:53:24,193|[TRACE] graph - <------- nonSkippedSpace
2021-11-21T23:53:24,193|[TRACE] graph - <----- statementPart
2021-11-21T23:53:24,193|[TRACE] graph - -----> statementPart
2021-11-21T23:53:24,193|[TRACE] graph - -------> nonSkippedChar
2021-11-21T23:53:24,193|[TRACE] script - #out(`V`) [token]
2021-11-21T23:53:24,193|[TRACE] graph - <------- nonSkippedChar
2021-11-21T23:53:24,193|[TRACE] graph - <----- statementPart
2021-11-21T23:53:24,193|[TRACE] graph - -----> statementPart
2021-11-21T23:53:24,193|[TRACE] graph - -------> nonSkippedChar
2021-11-21T23:53:24,193|[TRACE] script - #out(`I`) [token]
2021-11-21T23:53:24,193|[TRACE] graph - <------- nonSkippedChar
2021-11-21T23:53:24,193|[TRACE] graph - <----- statementPart
2021-11-21T23:53:24,193|[TRACE] graph - -----> statementPart
2021-11-21T23:53:24,193|[TRACE] graph - -------> nonSkippedChar
2021-11-21T23:53:24,193|[TRACE] script - #out(`S`) [token]
2021-11-21T23:53:24,193|[TRACE] graph - <------- nonSkippedChar
2021-11-21T23:53:24,193|[TRACE] graph - <----- statementPart
2021-11-21T23:53:24,193|[TRACE] graph - -----> statementPart
2021-11-21T23:53:24,193|[TRACE] graph - -------> nonSkippedChar
2021-11-21T23:53:24,193|[TRACE] script - #out(`I`) [token]
2021-11-21T23:53:24,193|[TRACE] graph - <------- nonSkippedChar
2021-11-21T23:53:24,193|[TRACE] graph - <----- statementPart
2021-11-21T23:53:24,193|[TRACE] graph - -----> statementPart
2021-11-21T23:53:24,193|[TRACE] graph - -------> nonSkippedChar
2021-11-21T23:53:24,193|[TRACE] script - #out(`B`) [token]
2021-11-21T23:53:24,193|[TRACE] graph - <------- nonSkippedChar
2021-11-21T23:53:24,193|[TRACE] graph - <----- statementPart
2021-11-21T23:53:24,193|[TRACE] graph - -----> statementPart
2021-11-21T23:53:24,193|[TRACE] graph - -------> nonSkippedChar
2021-11-21T23:53:24,193|[TRACE] script - #out(`L`) [token]
2021-11-21T23:53:24,193|[TRACE] graph - <------- nonSkippedChar
2021-11-21T23:53:24,193|[TRACE] graph - <----- statementPart
2021-11-21T23:53:24,193|[TRACE] graph - -----> statementPart
2021-11-21T23:53:24,193|[TRACE] graph - -------> nonSkippedChar
2021-11-21T23:53:24,193|[TRACE] script - #out(`E`) [token]
2021-11-21T23:53:24,193|[TRACE] graph - <------- nonSkippedChar
2021-11-21T23:53:24,193|[TRACE] graph - <----- statementPart
2021-11-21T23:53:24,193|[TRACE] graph - -----> statementPart
2021-11-21T23:53:24,193|[TRACE] graph - -------> nonSkippedChar
2021-11-21T23:53:24,193|[TRACE] script - #out(`,`) [token]
2021-11-21T23:53:24,193|[TRACE] graph - <------- nonSkippedChar
2021-11-21T23:53:24,193|[TRACE] graph - <----- statementPart
2021-11-21T23:53:24,193|[TRACE] graph - -----> afterStatementPartNewline
2021-11-21T23:53:24,193|[TRACE] script - #out(` `) [text]
2021-11-21T23:53:24,193|[TRACE] graph - <----- afterStatementPartNewline
2021-11-21T23:53:24,193|[TRACE] graph - -----> statementPart
2021-11-21T23:53:24,193|[TRACE] graph - -------> nonSkippedSpace
2021-11-21T23:53:24,193|[TRACE] script - #out(` `) [token]
2021-11-21T23:53:24,193|[TRACE] graph - <------- nonSkippedSpace
2021-11-21T23:53:24,193|[TRACE] graph - <----- statementPart
2021-11-21T23:53:24,193|[TRACE] graph - -----> statementPart
2021-11-21T23:53:24,193|[TRACE] graph - -------> nonSkippedSpace
2021-11-21T23:53:24,193|[TRACE] script - #out(` `) [token]
2021-11-21T23:53:24,193|[TRACE] graph - <------- nonSkippedSpace
2021-11-21T23:53:24,193|[TRACE] graph - <----- statementPart
2021-11-21T23:53:24,193|[TRACE] graph - -----> statementPart
2021-11-21T23:53:24,193|[TRACE] graph - -------> nonSkippedChar
2021-11-21T23:53:24,193|[TRACE] script - #out(`I`) [token]
2021-11-21T23:53:24,193|[TRACE] graph - <------- nonSkippedChar
2021-11-21T23:53:24,193|[TRACE] graph - <----- statementPart
2021-11-21T23:53:24,193|[TRACE] graph - -----> statementPart
2021-11-21T23:53:24,193|[TRACE] graph - -------> nonSkippedChar
2021-11-21T23:53:24,193|[TRACE] script - #out(`N`) [token]
2021-11-21T23:53:24,193|[TRACE] graph - <------- nonSkippedChar
2021-11-21T23:53:24,193|[TRACE] graph - <----- statementPart
2021-11-21T23:53:24,193|[TRACE] graph - -----> statementPart
2021-11-21T23:53:24,193|[TRACE] graph - -------> nonSkippedChar
2021-11-21T23:53:24,193|[TRACE] script - #out(`D`) [token]
2021-11-21T23:53:24,193|[TRACE] graph - <------- nonSkippedChar
2021-11-21T23:53:24,193|[TRACE] graph - <----- statementPart
2021-11-21T23:53:24,193|[TRACE] graph - -----> statementPart
2021-11-21T23:53:24,193|[TRACE] graph - -------> nonSkippedChar
2021-11-21T23:53:24,193|[TRACE] script - #out(`E`) [token]
2021-11-21T23:53:24,193|[TRACE] graph - <------- nonSkippedChar
2021-11-21T23:53:24,193|[TRACE] graph - <----- statementPart
2021-11-21T23:53:24,193|[TRACE] graph - -----> statementPart
2021-11-21T23:53:24,193|[TRACE] graph - -------> nonSkippedChar
2021-11-21T23:53:24,193|[TRACE] script - #out(`X`) [token]
2021-11-21T23:53:24,193|[TRACE] graph - <------- nonSkippedChar
2021-11-21T23:53:24,193|[TRACE] graph - <----- statementPart
2021-11-21T23:53:24,193|[TRACE] graph - -----> statementPart
2021-11-21T23:53:24,193|[TRACE] graph - -------> nonSkippedSpace
2021-11-21T23:53:24,193|[TRACE] script - #out(` `) [token]
2021-11-21T23:53:24,193|[TRACE] graph - <------- nonSkippedSpace
2021-11-21T23:53:24,193|[TRACE] graph - <----- statementPart
2021-11-21T23:53:24,193|[TRACE] graph - -----> statementPart
2021-11-21T23:53:24,193|[TRACE] graph - -------> quotedString
2021-11-21T23:53:24,193|[TRACE] script - #out(``fk_contact_person1_idx``) [token]
2021-11-21T23:53:24,193|[TRACE] graph - <------- quotedString
2021-11-21T23:53:24,193|[TRACE] graph - <----- statementPart
2021-11-21T23:53:24,193|[TRACE] graph - -----> statementPart
2021-11-21T23:53:24,193|[TRACE] graph - -------> nonSkippedSpace
2021-11-21T23:53:24,193|[TRACE] script - #out(` `) [token]
2021-11-21T23:53:24,193|[TRACE] graph - <------- nonSkippedSpace
2021-11-21T23:53:24,193|[TRACE] graph - <----- statementPart
2021-11-21T23:53:24,193|[TRACE] graph - -----> statementPart
2021-11-21T23:53:24,193|[TRACE] graph - -------> nonSkippedChar
2021-11-21T23:53:24,193|[TRACE] script - #out(`(`) [token]
2021-11-21T23:53:24,193|[TRACE] graph - <------- nonSkippedChar
2021-11-21T23:53:24,193|[TRACE] graph - <----- statementPart
2021-11-21T23:53:24,193|[TRACE] graph - -----> statementPart
2021-11-21T23:53:24,193|[TRACE] graph - -------> quotedString
2021-11-21T23:53:24,193|[TRACE] script - #out(``person_id``) [token]
2021-11-21T23:53:24,193|[TRACE] graph - <------- quotedString
2021-11-21T23:53:24,193|[TRACE] graph - <----- statementPart
2021-11-21T23:53:24,193|[TRACE] graph - -----> statementPart
2021-11-21T23:53:24,193|[TRACE] graph - -------> nonSkippedSpace
2021-11-21T23:53:24,193|[TRACE] script - #out(` `) [token]
2021-11-21T23:53:24,193|[TRACE] graph - <------- nonSkippedSpace
2021-11-21T23:53:24,193|[TRACE] graph - <----- statementPart
2021-11-21T23:53:24,193|[TRACE] graph - -----> statementPart
2021-11-21T23:53:24,193|[TRACE] graph - -------> nonSkippedChar
2021-11-21T23:53:24,193|[TRACE] script - #out(`A`) [token]
2021-11-21T23:53:24,193|[TRACE] graph - <------- nonSkippedChar
2021-11-21T23:53:24,193|[TRACE] graph - <----- statementPart
2021-11-21T23:53:24,193|[TRACE] graph - -----> statementPart
2021-11-21T23:53:24,193|[TRACE] graph - -------> nonSkippedChar
2021-11-21T23:53:24,193|[TRACE] script - #out(`S`) [token]
2021-11-21T23:53:24,193|[TRACE] graph - <------- nonSkippedChar
2021-11-21T23:53:24,193|[TRACE] graph - <----- statementPart
2021-11-21T23:53:24,193|[TRACE] graph - -----> statementPart
2021-11-21T23:53:24,193|[TRACE] graph - -------> nonSkippedChar
2021-11-21T23:53:24,193|[TRACE] script - #out(`C`) [token]
2021-11-21T23:53:24,193|[TRACE] graph - <------- nonSkippedChar
2021-11-21T23:53:24,193|[TRACE] graph - <----- statementPart
2021-11-21T23:53:24,193|[TRACE] graph - -----> statementPart
2021-11-21T23:53:24,193|[TRACE] graph - -------> nonSkippedChar
2021-11-21T23:53:24,193|[TRACE] script - #out(`)`) [token]
2021-11-21T23:53:24,193|[TRACE] graph - <------- nonSkippedChar
2021-11-21T23:53:24,193|[TRACE] graph - <----- statementPart
2021-11-21T23:53:24,193|[TRACE] graph - -----> statementPart
2021-11-21T23:53:24,193|[TRACE] graph - -------> nonSkippedSpace
2021-11-21T23:53:24,193|[TRACE] script - #out(` `) [token]
2021-11-21T23:53:24,193|[TRACE] graph - <------- nonSkippedSpace
2021-11-21T23:53:24,193|[TRACE] graph - <----- statementPart
2021-11-21T23:53:24,193|[TRACE] graph - -----> statementPart
2021-11-21T23:53:24,193|[TRACE] graph - -------> nonSkippedChar
2021-11-21T23:53:24,193|[TRACE] script - #out(`V`) [token]
2021-11-21T23:53:24,193|[TRACE] graph - <------- nonSkippedChar
2021-11-21T23:53:24,193|[TRACE] graph - <----- statementPart
2021-11-21T23:53:24,193|[TRACE] graph - -----> statementPart
2021-11-21T23:53:24,193|[TRACE] graph - -------> nonSkippedChar
2021-11-21T23:53:24,193|[TRACE] script - #out(`I`) [token]
2021-11-21T23:53:24,193|[TRACE] graph - <------- nonSkippedChar
2021-11-21T23:53:24,193|[TRACE] graph - <----- statementPart
2021-11-21T23:53:24,193|[TRACE] graph - -----> statementPart
2021-11-21T23:53:24,193|[TRACE] graph - -------> nonSkippedChar
2021-11-21T23:53:24,193|[TRACE] script - #out(`S`) [token]
2021-11-21T23:53:24,193|[TRACE] graph - <------- nonSkippedChar
2021-11-21T23:53:24,193|[TRACE] graph - <----- statementPart
2021-11-21T23:53:24,193|[TRACE] graph - -----> statementPart
2021-11-21T23:53:24,193|[TRACE] graph - -------> nonSkippedChar
2021-11-21T23:53:24,193|[TRACE] script - #out(`I`) [token]
2021-11-21T23:53:24,193|[TRACE] graph - <------- nonSkippedChar
2021-11-21T23:53:24,193|[TRACE] graph - <----- statementPart
2021-11-21T23:53:24,193|[TRACE] graph - -----> statementPart
2021-11-21T23:53:24,193|[TRACE] graph - -------> nonSkippedChar
2021-11-21T23:53:24,193|[TRACE] script - #out(`B`) [token]
2021-11-21T23:53:24,193|[TRACE] graph - <------- nonSkippedChar
2021-11-21T23:53:24,193|[TRACE] graph - <----- statementPart
2021-11-21T23:53:24,193|[TRACE] graph - -----> statementPart
2021-11-21T23:53:24,193|[TRACE] graph - -------> nonSkippedChar
2021-11-21T23:53:24,193|[TRACE] script - #out(`L`) [token]
2021-11-21T23:53:24,193|[TRACE] graph - <------- nonSkippedChar
2021-11-21T23:53:24,193|[TRACE] graph - <----- statementPart
2021-11-21T23:53:24,193|[TRACE] graph - -----> statementPart
2021-11-21T23:53:24,193|[TRACE] graph - -------> nonSkippedChar
2021-11-21T23:53:24,193|[TRACE] script - #out(`E`) [token]
2021-11-21T23:53:24,193|[TRACE] graph - <------- nonSkippedChar
2021-11-21T23:53:24,193|[TRACE] graph - <----- statementPart
2021-11-21T23:53:24,193|[TRACE] graph - -----> statementPart
2021-11-21T23:53:24,193|[TRACE] graph - -------> nonSkippedChar
2021-11-21T23:53:24,193|[TRACE] script - #out(`,`) [token]
2021-11-21T23:53:24,193|[TRACE] graph - <------- nonSkippedChar
2021-11-21T23:53:24,193|[TRACE] graph - <----- statementPart
2021-11-21T23:53:24,193|[TRACE] graph - -----> afterStatementPartNewline
2021-11-21T23:53:24,193|[TRACE] script - #out(` `) [text]
2021-11-21T23:53:24,193|[TRACE] graph - <----- afterStatementPartNewline
2021-11-21T23:53:24,193|[TRACE] graph - -----> statementPart
2021-11-21T23:53:24,193|[TRACE] graph - -------> nonSkippedSpace
2021-11-21T23:53:24,193|[TRACE] script - #out(` `) [token]
2021-11-21T23:53:24,193|[TRACE] graph - <------- nonSkippedSpace
2021-11-21T23:53:24,193|[TRACE] graph - <----- statementPart
2021-11-21T23:53:24,193|[TRACE] graph - -----> statementPart
2021-11-21T23:53:24,193|[TRACE] graph - -------> nonSkippedSpace
2021-11-21T23:53:24,193|[TRACE] script - #out(` `) [token]
2021-11-21T23:53:24,193|[TRACE] graph - <------- nonSkippedSpace
2021-11-21T23:53:24,193|[TRACE] graph - <----- statementPart
2021-11-21T23:53:24,193|[TRACE] graph - -----> statementPart
2021-11-21T23:53:24,193|[TRACE] graph - -------> nonSkippedChar
2021-11-21T23:53:24,193|[TRACE] script - #out(`C`) [token]
2021-11-21T23:53:24,193|[TRACE] graph - <------- nonSkippedChar
2021-11-21T23:53:24,193|[TRACE] graph - <----- statementPart
2021-11-21T23:53:24,193|[TRACE] graph - -----> statementPart
2021-11-21T23:53:24,193|[TRACE] graph - -------> nonSkippedChar
2021-11-21T23:53:24,193|[TRACE] script - #out(`O`) [token]
2021-11-21T23:53:24,193|[TRACE] graph - <------- nonSkippedChar
2021-11-21T23:53:24,193|[TRACE] graph - <----- statementPart
2021-11-21T23:53:24,193|[TRACE] graph - -----> statementPart
2021-11-21T23:53:24,193|[TRACE] graph - -------> nonSkippedChar
2021-11-21T23:53:24,193|[TRACE] script - #out(`N`) [token]
2021-11-21T23:53:24,193|[TRACE] graph - <------- nonSkippedChar
2021-11-21T23:53:24,193|[TRACE] graph - <----- statementPart
2021-11-21T23:53:24,193|[TRACE] graph - -----> statementPart
2021-11-21T23:53:24,193|[TRACE] graph - -------> nonSkippedChar
2021-11-21T23:53:24,193|[TRACE] script - #out(`S`) [token]
2021-11-21T23:53:24,193|[TRACE] graph - <------- nonSkippedChar
2021-11-21T23:53:24,193|[TRACE] graph - <----- statementPart
2021-11-21T23:53:24,193|[TRACE] graph - -----> statementPart
2021-11-21T23:53:24,193|[TRACE] graph - -------> nonSkippedChar
2021-11-21T23:53:24,193|[TRACE] script - #out(`T`) [token]
2021-11-21T23:53:24,193|[TRACE] graph - <------- nonSkippedChar
2021-11-21T23:53:24,193|[TRACE] graph - <----- statementPart
2021-11-21T23:53:24,193|[TRACE] graph - -----> statementPart
2021-11-21T23:53:24,193|[TRACE] graph - -------> nonSkippedChar
2021-11-21T23:53:24,193|[TRACE] script - #out(`R`) [token]
2021-11-21T23:53:24,193|[TRACE] graph - <------- nonSkippedChar
2021-11-21T23:53:24,193|[TRACE] graph - <----- statementPart
2021-11-21T23:53:24,193|[TRACE] graph - -----> statementPart
2021-11-21T23:53:24,193|[TRACE] graph - -------> nonSkippedChar
2021-11-21T23:53:24,193|[TRACE] script - #out(`A`) [token]
2021-11-21T23:53:24,193|[TRACE] graph - <------- nonSkippedChar
2021-11-21T23:53:24,193|[TRACE] graph - <----- statementPart
2021-11-21T23:53:24,193|[TRACE] graph - -----> statementPart
2021-11-21T23:53:24,193|[TRACE] graph - -------> nonSkippedChar
2021-11-21T23:53:24,193|[TRACE] script - #out(`I`) [token]
2021-11-21T23:53:24,193|[TRACE] graph - <------- nonSkippedChar
2021-11-21T23:53:24,193|[TRACE] graph - <----- statementPart
2021-11-21T23:53:24,193|[TRACE] graph - -----> statementPart
2021-11-21T23:53:24,193|[TRACE] graph - -------> nonSkippedChar
2021-11-21T23:53:24,193|[TRACE] script - #out(`N`) [token]
2021-11-21T23:53:24,193|[TRACE] graph - <------- nonSkippedChar
2021-11-21T23:53:24,193|[TRACE] graph - <----- statementPart
2021-11-21T23:53:24,193|[TRACE] graph - -----> statementPart
2021-11-21T23:53:24,193|[TRACE] graph - -------> nonSkippedChar
2021-11-21T23:53:24,193|[TRACE] script - #out(`T`) [token]
2021-11-21T23:53:24,193|[TRACE] graph - <------- nonSkippedChar
2021-11-21T23:53:24,193|[TRACE] graph - <----- statementPart
2021-11-21T23:53:24,193|[TRACE] graph - -----> statementPart
2021-11-21T23:53:24,193|[TRACE] graph - -------> nonSkippedSpace
2021-11-21T23:53:24,193|[TRACE] script - #out(` `) [token]
2021-11-21T23:53:24,193|[TRACE] graph - <------- nonSkippedSpace
2021-11-21T23:53:24,193|[TRACE] graph - <----- statementPart
2021-11-21T23:53:24,193|[TRACE] graph - -----> statementPart
2021-11-21T23:53:24,193|[TRACE] graph - -------> quotedString
2021-11-21T23:53:24,193|[TRACE] script - #out(``fk_contact_address1``) [token]
2021-11-21T23:53:24,193|[TRACE] graph - <------- quotedString
2021-11-21T23:53:24,193|[TRACE] graph - <----- statementPart
2021-11-21T23:53:24,193|[TRACE] graph - -----> afterStatementPartNewline
2021-11-21T23:53:24,193|[TRACE] script - #out(` `) [text]
2021-11-21T23:53:24,193|[TRACE] graph - <----- afterStatementPartNewline
2021-11-21T23:53:24,193|[TRACE] graph - -----> statementPart
2021-11-21T23:53:24,193|[TRACE] graph - -------> nonSkippedSpace
2021-11-21T23:53:24,193|[TRACE] script - #out(` `) [token]
2021-11-21T23:53:24,193|[TRACE] graph - <------- nonSkippedSpace
2021-11-21T23:53:24,193|[TRACE] graph - <----- statementPart
2021-11-21T23:53:24,193|[TRACE] graph - -----> statementPart
2021-11-21T23:53:24,193|[TRACE] graph - -------> nonSkippedSpace
2021-11-21T23:53:24,194|[TRACE] script - #out(` `) [token]
2021-11-21T23:53:24,194|[TRACE] graph - <------- nonSkippedSpace
2021-11-21T23:53:24,194|[TRACE] graph - <----- statementPart
2021-11-21T23:53:24,194|[TRACE] graph - -----> statementPart
2021-11-21T23:53:24,194|[TRACE] graph - -------> nonSkippedSpace
2021-11-21T23:53:24,194|[TRACE] script - #out(` `) [token]
2021-11-21T23:53:24,194|[TRACE] graph - <------- nonSkippedSpace
2021-11-21T23:53:24,194|[TRACE] graph - <----- statementPart
2021-11-21T23:53:24,194|[TRACE] graph - -----> statementPart
2021-11-21T23:53:24,194|[TRACE] graph - -------> nonSkippedSpace
2021-11-21T23:53:24,194|[TRACE] script - #out(` `) [token]
2021-11-21T23:53:24,194|[TRACE] graph - <------- nonSkippedSpace
2021-11-21T23:53:24,194|[TRACE] graph - <----- statementPart
2021-11-21T23:53:24,194|[TRACE] graph - -----> statementPart
2021-11-21T23:53:24,194|[TRACE] graph - -------> nonSkippedChar
2021-11-21T23:53:24,194|[TRACE] script - #out(`F`) [token]
2021-11-21T23:53:24,194|[TRACE] graph - <------- nonSkippedChar
2021-11-21T23:53:24,194|[TRACE] graph - <----- statementPart
2021-11-21T23:53:24,194|[TRACE] graph - -----> statementPart
2021-11-21T23:53:24,194|[TRACE] graph - -------> nonSkippedChar
2021-11-21T23:53:24,194|[TRACE] script - #out(`O`) [token]
2021-11-21T23:53:24,194|[TRACE] graph - <------- nonSkippedChar
2021-11-21T23:53:24,194|[TRACE] graph - <----- statementPart
2021-11-21T23:53:24,194|[TRACE] graph - -----> statementPart
2021-11-21T23:53:24,194|[TRACE] graph - -------> nonSkippedChar
2021-11-21T23:53:24,194|[TRACE] script - #out(`R`) [token]
2021-11-21T23:53:24,194|[TRACE] graph - <------- nonSkippedChar
2021-11-21T23:53:24,194|[TRACE] graph - <----- statementPart
2021-11-21T23:53:24,194|[TRACE] graph - -----> statementPart
2021-11-21T23:53:24,194|[TRACE] graph - -------> nonSkippedChar
2021-11-21T23:53:24,194|[TRACE] script - #out(`E`) [token]
2021-11-21T23:53:24,194|[TRACE] graph - <------- nonSkippedChar
2021-11-21T23:53:24,194|[TRACE] graph - <----- statementPart
2021-11-21T23:53:24,194|[TRACE] graph - -----> statementPart
2021-11-21T23:53:24,194|[TRACE] graph - -------> nonSkippedChar
2021-11-21T23:53:24,194|[TRACE] script - #out(`I`) [token]
2021-11-21T23:53:24,194|[TRACE] graph - <------- nonSkippedChar
2021-11-21T23:53:24,194|[TRACE] graph - <----- statementPart
2021-11-21T23:53:24,194|[TRACE] graph - -----> statementPart
2021-11-21T23:53:24,194|[TRACE] graph - -------> nonSkippedChar
2021-11-21T23:53:24,194|[TRACE] script - #out(`G`) [token]
2021-11-21T23:53:24,194|[TRACE] graph - <------- nonSkippedChar
2021-11-21T23:53:24,194|[TRACE] graph - <----- statementPart
2021-11-21T23:53:24,194|[TRACE] graph - -----> statementPart
2021-11-21T23:53:24,194|[TRACE] graph - -------> nonSkippedChar
2021-11-21T23:53:24,194|[TRACE] script - #out(`N`) [token]
2021-11-21T23:53:24,194|[TRACE] graph - <------- nonSkippedChar
2021-11-21T23:53:24,194|[TRACE] graph - <----- statementPart
2021-11-21T23:53:24,194|[TRACE] graph - -----> statementPart
2021-11-21T23:53:24,194|[TRACE] graph - -------> nonSkippedSpace
2021-11-21T23:53:24,194|[TRACE] script - #out(` `) [token]
2021-11-21T23:53:24,194|[TRACE] graph - <------- nonSkippedSpace
2021-11-21T23:53:24,194|[TRACE] graph - <----- statementPart
2021-11-21T23:53:24,194|[TRACE] graph - -----> statementPart
2021-11-21T23:53:24,194|[TRACE] graph - -------> nonSkippedChar
2021-11-21T23:53:24,194|[TRACE] script - #out(`K`) [token]
2021-11-21T23:53:24,194|[TRACE] graph - <------- nonSkippedChar
2021-11-21T23:53:24,194|[TRACE] graph - <----- statementPart
2021-11-21T23:53:24,194|[TRACE] graph - -----> statementPart
2021-11-21T23:53:24,194|[TRACE] graph - -------> nonSkippedChar
2021-11-21T23:53:24,194|[TRACE] script - #out(`E`) [token]
2021-11-21T23:53:24,194|[TRACE] graph - <------- nonSkippedChar
2021-11-21T23:53:24,194|[TRACE] graph - <----- statementPart
2021-11-21T23:53:24,194|[TRACE] graph - -----> statementPart
2021-11-21T23:53:24,194|[TRACE] graph - -------> nonSkippedChar
2021-11-21T23:53:24,194|[TRACE] script - #out(`Y`) [token]
2021-11-21T23:53:24,194|[TRACE] graph - <------- nonSkippedChar
2021-11-21T23:53:24,194|[TRACE] graph - <----- statementPart
2021-11-21T23:53:24,194|[TRACE] graph - -----> statementPart
2021-11-21T23:53:24,194|[TRACE] graph - -------> nonSkippedSpace
2021-11-21T23:53:24,194|[TRACE] script - #out(` `) [token]
2021-11-21T23:53:24,194|[TRACE] graph - <------- nonSkippedSpace
2021-11-21T23:53:24,194|[TRACE] graph - <----- statementPart
2021-11-21T23:53:24,194|[TRACE] graph - -----> statementPart
2021-11-21T23:53:24,194|[TRACE] graph - -------> nonSkippedChar
2021-11-21T23:53:24,194|[TRACE] script - #out(`(`) [token]
2021-11-21T23:53:24,194|[TRACE] graph - <------- nonSkippedChar
2021-11-21T23:53:24,194|[TRACE] graph - <----- statementPart
2021-11-21T23:53:24,194|[TRACE] graph - -----> statementPart
2021-11-21T23:53:24,194|[TRACE] graph - -------> quotedString
2021-11-21T23:53:24,194|[TRACE] script - #out(``address_id``) [token]
2021-11-21T23:53:24,194|[TRACE] graph - <------- quotedString
2021-11-21T23:53:24,194|[TRACE] graph - <----- statementPart
2021-11-21T23:53:24,194|[TRACE] graph - -----> statementPart
2021-11-21T23:53:24,194|[TRACE] graph - -------> nonSkippedChar
2021-11-21T23:53:24,194|[TRACE] script - #out(`)`) [token]
2021-11-21T23:53:24,194|[TRACE] graph - <------- nonSkippedChar
2021-11-21T23:53:24,194|[TRACE] graph - <----- statementPart
2021-11-21T23:53:24,194|[TRACE] graph - -----> afterStatementPartNewline
2021-11-21T23:53:24,194|[TRACE] script - #out(` `) [text]
2021-11-21T23:53:24,194|[TRACE] graph - <----- afterStatementPartNewline
2021-11-21T23:53:24,194|[TRACE] graph - -----> statementPart
2021-11-21T23:53:24,194|[TRACE] graph - -------> nonSkippedSpace
2021-11-21T23:53:24,194|[TRACE] script - #out(` `) [token]
2021-11-21T23:53:24,194|[TRACE] graph - <------- nonSkippedSpace
2021-11-21T23:53:24,194|[TRACE] graph - <----- statementPart
2021-11-21T23:53:24,194|[TRACE] graph - -----> statementPart
2021-11-21T23:53:24,194|[TRACE] graph - -------> nonSkippedSpace
2021-11-21T23:53:24,194|[TRACE] script - #out(` `) [token]
2021-11-21T23:53:24,194|[TRACE] graph - <------- nonSkippedSpace
2021-11-21T23:53:24,194|[TRACE] graph - <----- statementPart
2021-11-21T23:53:24,194|[TRACE] graph - -----> statementPart
2021-11-21T23:53:24,194|[TRACE] graph - -------> nonSkippedSpace
2021-11-21T23:53:24,194|[TRACE] script - #out(` `) [token]
2021-11-21T23:53:24,194|[TRACE] graph - <------- nonSkippedSpace
2021-11-21T23:53:24,194|[TRACE] graph - <----- statementPart
2021-11-21T23:53:24,194|[TRACE] graph - -----> statementPart
2021-11-21T23:53:24,194|[TRACE] graph - -------> nonSkippedSpace
2021-11-21T23:53:24,194|[TRACE] script - #out(` `) [token]
2021-11-21T23:53:24,194|[TRACE] graph - <------- nonSkippedSpace
2021-11-21T23:53:24,194|[TRACE] graph - <----- statementPart
2021-11-21T23:53:24,194|[TRACE] graph - -----> statementPart
2021-11-21T23:53:24,194|[TRACE] graph - -------> nonSkippedChar
2021-11-21T23:53:24,194|[TRACE] script - #out(`R`) [token]
2021-11-21T23:53:24,194|[TRACE] graph - <------- nonSkippedChar
2021-11-21T23:53:24,194|[TRACE] graph - <----- statementPart
2021-11-21T23:53:24,194|[TRACE] graph - -----> statementPart
2021-11-21T23:53:24,194|[TRACE] graph - -------> nonSkippedChar
2021-11-21T23:53:24,194|[TRACE] script - #out(`E`) [token]
2021-11-21T23:53:24,194|[TRACE] graph - <------- nonSkippedChar
2021-11-21T23:53:24,194|[TRACE] graph - <----- statementPart
2021-11-21T23:53:24,194|[TRACE] graph - -----> statementPart
2021-11-21T23:53:24,194|[TRACE] graph - -------> nonSkippedChar
2021-11-21T23:53:24,194|[TRACE] script - #out(`F`) [token]
2021-11-21T23:53:24,194|[TRACE] graph - <------- nonSkippedChar
2021-11-21T23:53:24,194|[TRACE] graph - <----- statementPart
2021-11-21T23:53:24,194|[TRACE] graph - -----> statementPart
2021-11-21T23:53:24,194|[TRACE] graph - -------> nonSkippedChar
2021-11-21T23:53:24,194|[TRACE] script - #out(`E`) [token]
2021-11-21T23:53:24,194|[TRACE] graph - <------- nonSkippedChar
2021-11-21T23:53:24,194|[TRACE] graph - <----- statementPart
2021-11-21T23:53:24,194|[TRACE] graph - -----> statementPart
2021-11-21T23:53:24,194|[TRACE] graph - -------> nonSkippedChar
2021-11-21T23:53:24,194|[TRACE] script - #out(`R`) [token]
2021-11-21T23:53:24,194|[TRACE] graph - <------- nonSkippedChar
2021-11-21T23:53:24,194|[TRACE] graph - <----- statementPart
2021-11-21T23:53:24,194|[TRACE] graph - -----> statementPart
2021-11-21T23:53:24,194|[TRACE] graph - -------> nonSkippedChar
2021-11-21T23:53:24,194|[TRACE] script - #out(`E`) [token]
2021-11-21T23:53:24,194|[TRACE] graph - <------- nonSkippedChar
2021-11-21T23:53:24,194|[TRACE] graph - <----- statementPart
2021-11-21T23:53:24,194|[TRACE] graph - -----> statementPart
2021-11-21T23:53:24,194|[TRACE] graph - -------> nonSkippedChar
2021-11-21T23:53:24,194|[TRACE] script - #out(`N`) [token]
2021-11-21T23:53:24,194|[TRACE] graph - <------- nonSkippedChar
2021-11-21T23:53:24,194|[TRACE] graph - <----- statementPart
2021-11-21T23:53:24,194|[TRACE] graph - -----> statementPart
2021-11-21T23:53:24,194|[TRACE] graph - -------> nonSkippedChar
2021-11-21T23:53:24,194|[TRACE] script - #out(`C`) [token]
2021-11-21T23:53:24,194|[TRACE] graph - <------- nonSkippedChar
2021-11-21T23:53:24,194|[TRACE] graph - <----- statementPart
2021-11-21T23:53:24,194|[TRACE] graph - -----> statementPart
2021-11-21T23:53:24,194|[TRACE] graph - -------> nonSkippedChar
2021-11-21T23:53:24,194|[TRACE] script - #out(`E`) [token]
2021-11-21T23:53:24,194|[TRACE] graph - <------- nonSkippedChar
2021-11-21T23:53:24,194|[TRACE] graph - <----- statementPart
2021-11-21T23:53:24,194|[TRACE] graph - -----> statementPart
2021-11-21T23:53:24,194|[TRACE] graph - -------> nonSkippedChar
2021-11-21T23:53:24,194|[TRACE] script - #out(`S`) [token]
2021-11-21T23:53:24,194|[TRACE] graph - <------- nonSkippedChar
2021-11-21T23:53:24,194|[TRACE] graph - <----- statementPart
2021-11-21T23:53:24,194|[TRACE] graph - -----> statementPart
2021-11-21T23:53:24,194|[TRACE] graph - -------> nonSkippedSpace
2021-11-21T23:53:24,194|[TRACE] script - #out(` `) [token]
2021-11-21T23:53:24,194|[TRACE] graph - <------- nonSkippedSpace
2021-11-21T23:53:24,194|[TRACE] graph - <----- statementPart
2021-11-21T23:53:24,194|[TRACE] graph - -----> statementPart
2021-11-21T23:53:24,194|[TRACE] graph - -------> quotedString
2021-11-21T23:53:24,194|[TRACE] script - #out(``bloodbank``) [token]
2021-11-21T23:53:24,194|[TRACE] graph - <------- quotedString
2021-11-21T23:53:24,194|[TRACE] graph - <----- statementPart
2021-11-21T23:53:24,194|[TRACE] graph - -----> statementPart
2021-11-21T23:53:24,194|[TRACE] graph - -------> nonSkippedChar
2021-11-21T23:53:24,194|[TRACE] script - #out(`.`) [token]
2021-11-21T23:53:24,194|[TRACE] graph - <------- nonSkippedChar
2021-11-21T23:53:24,194|[TRACE] graph - <----- statementPart
2021-11-21T23:53:24,194|[TRACE] graph - -----> statementPart
2021-11-21T23:53:24,194|[TRACE] graph - -------> quotedString
2021-11-21T23:53:24,194|[TRACE] script - #out(``address``) [token]
2021-11-21T23:53:24,194|[TRACE] graph - <------- quotedString
2021-11-21T23:53:24,194|[TRACE] graph - <----- statementPart
2021-11-21T23:53:24,194|[TRACE] graph - -----> statementPart
2021-11-21T23:53:24,194|[TRACE] graph - -------> nonSkippedSpace
2021-11-21T23:53:24,194|[TRACE] script - #out(` `) [token]
2021-11-21T23:53:24,194|[TRACE] graph - <------- nonSkippedSpace
2021-11-21T23:53:24,194|[TRACE] graph - <----- statementPart
2021-11-21T23:53:24,234|[TRACE] graph - -----> statementPart
2021-11-21T23:53:24,234|[TRACE] graph - -------> nonSkippedChar
2021-11-21T23:53:24,234|[TRACE] script - #out(`(`) [token]
2021-11-21T23:53:24,234|[TRACE] graph - <------- nonSkippedChar
2021-11-21T23:53:24,234|[TRACE] graph - <----- statementPart
2021-11-21T23:53:24,234|[TRACE] graph - -----> statementPart
2021-11-21T23:53:24,234|[TRACE] graph - -------> quotedString
2021-11-21T23:53:24,234|[TRACE] script - #out(``address_id``) [token]
2021-11-21T23:53:24,234|[TRACE] graph - <------- quotedString
2021-11-21T23:53:24,234|[TRACE] graph - <----- statementPart
2021-11-21T23:53:24,234|[TRACE] graph - -----> statementPart
2021-11-21T23:53:24,234|[TRACE] graph - -------> nonSkippedChar
2021-11-21T23:53:24,234|[TRACE] script - #out(`)`) [token]
2021-11-21T23:53:24,234|[TRACE] graph - <------- nonSkippedChar
2021-11-21T23:53:24,234|[TRACE] graph - <----- statementPart
2021-11-21T23:53:24,234|[TRACE] graph - -----> afterStatementPartNewline
2021-11-21T23:53:24,234|[TRACE] script - #out(` `) [text]
2021-11-21T23:53:24,234|[TRACE] graph - <----- afterStatementPartNewline
2021-11-21T23:53:24,234|[TRACE] graph - -----> statementPart
2021-11-21T23:53:24,234|[TRACE] graph - -------> nonSkippedSpace
2021-11-21T23:53:24,234|[TRACE] script - #out(` `) [token]
2021-11-21T23:53:24,234|[TRACE] graph - <------- nonSkippedSpace
2021-11-21T23:53:24,234|[TRACE] graph - <----- statementPart
2021-11-21T23:53:24,234|[TRACE] graph - -----> statementPart
2021-11-21T23:53:24,234|[TRACE] graph - -------> nonSkippedSpace
2021-11-21T23:53:24,234|[TRACE] script - #out(` `) [token]
2021-11-21T23:53:24,234|[TRACE] graph - <------- nonSkippedSpace
2021-11-21T23:53:24,234|[TRACE] graph - <----- statementPart
2021-11-21T23:53:24,234|[TRACE] graph - -----> statementPart
2021-11-21T23:53:24,234|[TRACE] graph - -------> nonSkippedSpace
2021-11-21T23:53:24,234|[TRACE] script - #out(` `) [token]
2021-11-21T23:53:24,234|[TRACE] graph - <------- nonSkippedSpace
2021-11-21T23:53:24,234|[TRACE] graph - <----- statementPart
2021-11-21T23:53:24,234|[TRACE] graph - -----> statementPart
2021-11-21T23:53:24,234|[TRACE] graph - -------> nonSkippedSpace
2021-11-21T23:53:24,234|[TRACE] script - #out(` `) [token]
2021-11-21T23:53:24,234|[TRACE] graph - <------- nonSkippedSpace
2021-11-21T23:53:24,234|[TRACE] graph - <----- statementPart
2021-11-21T23:53:24,234|[TRACE] graph - -----> statementPart
2021-11-21T23:53:24,234|[TRACE] graph - -------> nonSkippedChar
2021-11-21T23:53:24,234|[TRACE] script - #out(`O`) [token]
2021-11-21T23:53:24,234|[TRACE] graph - <------- nonSkippedChar
2021-11-21T23:53:24,234|[TRACE] graph - <----- statementPart
2021-11-21T23:53:24,235|[TRACE] graph - -----> statementPart
2021-11-21T23:53:24,235|[TRACE] graph - -------> nonSkippedChar
2021-11-21T23:53:24,235|[TRACE] script - #out(`N`) [token]
2021-11-21T23:53:24,235|[TRACE] graph - <------- nonSkippedChar
2021-11-21T23:53:24,235|[TRACE] graph - <----- statementPart
2021-11-21T23:53:24,235|[TRACE] graph - -----> statementPart
2021-11-21T23:53:24,235|[TRACE] graph - -------> nonSkippedSpace
2021-11-21T23:53:24,235|[TRACE] script - #out(` `) [token]
2021-11-21T23:53:24,235|[TRACE] graph - <------- nonSkippedSpace
2021-11-21T23:53:24,235|[TRACE] graph - <----- statementPart
2021-11-21T23:53:24,235|[TRACE] graph - -----> statementPart
2021-11-21T23:53:24,235|[TRACE] graph - -------> nonSkippedChar
2021-11-21T23:53:24,235|[TRACE] script - #out(`D`) [token]
2021-11-21T23:53:24,235|[TRACE] graph - <------- nonSkippedChar
2021-11-21T23:53:24,235|[TRACE] graph - <----- statementPart
2021-11-21T23:53:24,235|[TRACE] graph - -----> statementPart
2021-11-21T23:53:24,235|[TRACE] graph - -------> nonSkippedChar
2021-11-21T23:53:24,235|[TRACE] script - #out(`E`) [token]
2021-11-21T23:53:24,235|[TRACE] graph - <------- nonSkippedChar
2021-11-21T23:53:24,235|[TRACE] graph - <----- statementPart
2021-11-21T23:53:24,235|[TRACE] graph - -----> statementPart
2021-11-21T23:53:24,235|[TRACE] graph - -------> nonSkippedChar
2021-11-21T23:53:24,235|[TRACE] script - #out(`L`) [token]
2021-11-21T23:53:24,235|[TRACE] graph - <------- nonSkippedChar
2021-11-21T23:53:24,235|[TRACE] graph - <----- statementPart
2021-11-21T23:53:24,235|[TRACE] graph - -----> statementPart
2021-11-21T23:53:24,235|[TRACE] graph - -------> nonSkippedChar
2021-11-21T23:53:24,235|[TRACE] script - #out(`E`) [token]
2021-11-21T23:53:24,235|[TRACE] graph - <------- nonSkippedChar
2021-11-21T23:53:24,235|[TRACE] graph - <----- statementPart
2021-11-21T23:53:24,235|[TRACE] graph - -----> statementPart
2021-11-21T23:53:24,235|[TRACE] graph - -------> nonSkippedChar
2021-11-21T23:53:24,235|[TRACE] script - #out(`T`) [token]
2021-11-21T23:53:24,235|[TRACE] graph - <------- nonSkippedChar
2021-11-21T23:53:24,235|[TRACE] graph - <----- statementPart
2021-11-21T23:53:24,235|[TRACE] graph - -----> statementPart
2021-11-21T23:53:24,235|[TRACE] graph - -------> nonSkippedChar
2021-11-21T23:53:24,235|[TRACE] script - #out(`E`) [token]
2021-11-21T23:53:24,235|[TRACE] graph - <------- nonSkippedChar
2021-11-21T23:53:24,235|[TRACE] graph - <----- statementPart
2021-11-21T23:53:24,235|[TRACE] graph - -----> statementPart
2021-11-21T23:53:24,235|[TRACE] graph - -------> nonSkippedSpace
2021-11-21T23:53:24,235|[TRACE] script - #out(` `) [token]
2021-11-21T23:53:24,235|[TRACE] graph - <------- nonSkippedSpace
2021-11-21T23:53:24,235|[TRACE] graph - <----- statementPart
2021-11-21T23:53:24,235|[TRACE] graph - -----> statementPart
2021-11-21T23:53:24,235|[TRACE] graph - -------> nonSkippedChar
2021-11-21T23:53:24,235|[TRACE] script - #out(`N`) [token]
2021-11-21T23:53:24,235|[TRACE] graph - <------- nonSkippedChar
2021-11-21T23:53:24,235|[TRACE] graph - <----- statementPart
2021-11-21T23:53:24,235|[TRACE] graph - -----> statementPart
2021-11-21T23:53:24,235|[TRACE] graph - -------> nonSkippedChar
2021-11-21T23:53:24,235|[TRACE] script - #out(`O`) [token]
2021-11-21T23:53:24,235|[TRACE] graph - <------- nonSkippedChar
2021-11-21T23:53:24,235|[TRACE] graph - <----- statementPart
2021-11-21T23:53:24,235|[TRACE] graph - -----> statementPart
2021-11-21T23:53:24,235|[TRACE] graph - -------> nonSkippedSpace
2021-11-21T23:53:24,235|[TRACE] script - #out(` `) [token]
2021-11-21T23:53:24,235|[TRACE] graph - <------- nonSkippedSpace
2021-11-21T23:53:24,235|[TRACE] graph - <----- statementPart
2021-11-21T23:53:24,235|[TRACE] graph - -----> statementPart
2021-11-21T23:53:24,235|[TRACE] graph - -------> nonSkippedChar
2021-11-21T23:53:24,235|[TRACE] script - #out(`A`) [token]
2021-11-21T23:53:24,235|[TRACE] graph - <------- nonSkippedChar
2021-11-21T23:53:24,235|[TRACE] graph - <----- statementPart
2021-11-21T23:53:24,235|[TRACE] graph - -----> statementPart
2021-11-21T23:53:24,235|[TRACE] graph - -------> nonSkippedChar
2021-11-21T23:53:24,235|[TRACE] script - #out(`C`) [token]
2021-11-21T23:53:24,235|[TRACE] graph - <------- nonSkippedChar
2021-11-21T23:53:24,235|[TRACE] graph - <----- statementPart
2021-11-21T23:53:24,235|[TRACE] graph - -----> statementPart
2021-11-21T23:53:24,235|[TRACE] graph - -------> nonSkippedChar
2021-11-21T23:53:24,235|[TRACE] script - #out(`T`) [token]
2021-11-21T23:53:24,235|[TRACE] graph - <------- nonSkippedChar
2021-11-21T23:53:24,235|[TRACE] graph - <----- statementPart
2021-11-21T23:53:24,235|[TRACE] graph - -----> statementPart
2021-11-21T23:53:24,235|[TRACE] graph - -------> nonSkippedChar
2021-11-21T23:53:24,235|[TRACE] script - #out(`I`) [token]
2021-11-21T23:53:24,235|[TRACE] graph - <------- nonSkippedChar
2021-11-21T23:53:24,235|[TRACE] graph - <----- statementPart
2021-11-21T23:53:24,235|[TRACE] graph - -----> statementPart
2021-11-21T23:53:24,235|[TRACE] graph - -------> nonSkippedChar
2021-11-21T23:53:24,235|[TRACE] script - #out(`O`) [token]
2021-11-21T23:53:24,235|[TRACE] graph - <------- nonSkippedChar
2021-11-21T23:53:24,235|[TRACE] graph - <----- statementPart
2021-11-21T23:53:24,235|[TRACE] graph - -----> statementPart
2021-11-21T23:53:24,235|[TRACE] graph - -------> nonSkippedChar
2021-11-21T23:53:24,235|[TRACE] script - #out(`N`) [token]
2021-11-21T23:53:24,235|[TRACE] graph - <------- nonSkippedChar
2021-11-21T23:53:24,235|[TRACE] graph - <----- statementPart
2021-11-21T23:53:24,235|[TRACE] graph - -----> afterStatementPartNewline
2021-11-21T23:53:24,235|[TRACE] script - #out(` `) [text]
2021-11-21T23:53:24,235|[TRACE] graph - <----- afterStatementPartNewline
2021-11-21T23:53:24,235|[TRACE] graph - -----> statementPart
2021-11-21T23:53:24,235|[TRACE] graph - -------> nonSkippedSpace
2021-11-21T23:53:24,235|[TRACE] script - #out(` `) [token]
2021-11-21T23:53:24,235|[TRACE] graph - <------- nonSkippedSpace
2021-11-21T23:53:24,235|[TRACE] graph - <----- statementPart
2021-11-21T23:53:24,235|[TRACE] graph - -----> statementPart
2021-11-21T23:53:24,235|[TRACE] graph - -------> nonSkippedSpace
2021-11-21T23:53:24,235|[TRACE] script - #out(` `) [token]
2021-11-21T23:53:24,235|[TRACE] graph - <------- nonSkippedSpace
2021-11-21T23:53:24,235|[TRACE] graph - <----- statementPart
2021-11-21T23:53:24,235|[TRACE] graph - -----> statementPart
2021-11-21T23:53:24,235|[TRACE] graph - -------> nonSkippedSpace
2021-11-21T23:53:24,235|[TRACE] script - #out(` `) [token]
2021-11-21T23:53:24,235|[TRACE] graph - <------- nonSkippedSpace
2021-11-21T23:53:24,235|[TRACE] graph - <----- statementPart
2021-11-21T23:53:24,235|[TRACE] graph - -----> statementPart
2021-11-21T23:53:24,235|[TRACE] graph - -------> nonSkippedSpace
2021-11-21T23:53:24,235|[TRACE] script - #out(` `) [token]
2021-11-21T23:53:24,235|[TRACE] graph - <------- nonSkippedSpace
2021-11-21T23:53:24,235|[TRACE] graph - <----- statementPart
2021-11-21T23:53:24,235|[TRACE] graph - -----> statementPart
2021-11-21T23:53:24,235|[TRACE] graph - -------> nonSkippedChar
2021-11-21T23:53:24,235|[TRACE] script - #out(`O`) [token]
2021-11-21T23:53:24,235|[TRACE] graph - <------- nonSkippedChar
2021-11-21T23:53:24,235|[TRACE] graph - <----- statementPart
2021-11-21T23:53:24,235|[TRACE] graph - -----> statementPart
2021-11-21T23:53:24,235|[TRACE] graph - -------> nonSkippedChar
2021-11-21T23:53:24,235|[TRACE] script - #out(`N`) [token]
2021-11-21T23:53:24,235|[TRACE] graph - <------- nonSkippedChar
2021-11-21T23:53:24,235|[TRACE] graph - <----- statementPart
2021-11-21T23:53:24,235|[TRACE] graph - -----> statementPart
2021-11-21T23:53:24,235|[TRACE] graph - -------> nonSkippedSpace
2021-11-21T23:53:24,235|[TRACE] script - #out(` `) [token]
2021-11-21T23:53:24,235|[TRACE] graph - <------- nonSkippedSpace
2021-11-21T23:53:24,235|[TRACE] graph - <----- statementPart
2021-11-21T23:53:24,235|[TRACE] graph - -----> statementPart
2021-11-21T23:53:24,235|[TRACE] graph - -------> nonSkippedChar
2021-11-21T23:53:24,235|[TRACE] script - #out(`U`) [token]
2021-11-21T23:53:24,235|[TRACE] graph - <------- nonSkippedChar
2021-11-21T23:53:24,235|[TRACE] graph - <----- statementPart
2021-11-21T23:53:24,235|[TRACE] graph - -----> statementPart
2021-11-21T23:53:24,235|[TRACE] graph - -------> nonSkippedChar
2021-11-21T23:53:24,235|[TRACE] script - #out(`P`) [token]
2021-11-21T23:53:24,235|[TRACE] graph - <------- nonSkippedChar
2021-11-21T23:53:24,235|[TRACE] graph - <----- statementPart
2021-11-21T23:53:24,235|[TRACE] graph - -----> statementPart
2021-11-21T23:53:24,235|[TRACE] graph - -------> nonSkippedChar
2021-11-21T23:53:24,235|[TRACE] script - #out(`D`) [token]
2021-11-21T23:53:24,235|[TRACE] graph - <------- nonSkippedChar
2021-11-21T23:53:24,235|[TRACE] graph - <----- statementPart
2021-11-21T23:53:24,235|[TRACE] graph - -----> statementPart
2021-11-21T23:53:24,235|[TRACE] graph - -------> nonSkippedChar
2021-11-21T23:53:24,235|[TRACE] script - #out(`A`) [token]
2021-11-21T23:53:24,235|[TRACE] graph - <------- nonSkippedChar
2021-11-21T23:53:24,235|[TRACE] graph - <----- statementPart
2021-11-21T23:53:24,235|[TRACE] graph - -----> statementPart
2021-11-21T23:53:24,235|[TRACE] graph - -------> nonSkippedChar
2021-11-21T23:53:24,235|[TRACE] script - #out(`T`) [token]
2021-11-21T23:53:24,235|[TRACE] graph - <------- nonSkippedChar
2021-11-21T23:53:24,235|[TRACE] graph - <----- statementPart
2021-11-21T23:53:24,235|[TRACE] graph - -----> statementPart
2021-11-21T23:53:24,235|[TRACE] graph - -------> nonSkippedChar
2021-11-21T23:53:24,235|[TRACE] script - #out(`E`) [token]
2021-11-21T23:53:24,235|[TRACE] graph - <------- nonSkippedChar
2021-11-21T23:53:24,235|[TRACE] graph - <----- statementPart
2021-11-21T23:53:24,235|[TRACE] graph - -----> statementPart
2021-11-21T23:53:24,235|[TRACE] graph - -------> nonSkippedSpace
2021-11-21T23:53:24,235|[TRACE] script - #out(` `) [token]
2021-11-21T23:53:24,235|[TRACE] graph - <------- nonSkippedSpace
2021-11-21T23:53:24,235|[TRACE] graph - <----- statementPart
2021-11-21T23:53:24,235|[TRACE] graph - -----> statementPart
2021-11-21T23:53:24,235|[TRACE] graph - -------> nonSkippedChar
2021-11-21T23:53:24,235|[TRACE] script - #out(`N`) [token]
2021-11-21T23:53:24,235|[TRACE] graph - <------- nonSkippedChar
2021-11-21T23:53:24,235|[TRACE] graph - <----- statementPart
2021-11-21T23:53:24,235|[TRACE] graph - -----> statementPart
2021-11-21T23:53:24,235|[TRACE] graph - -------> nonSkippedChar
2021-11-21T23:53:24,235|[TRACE] script - #out(`O`) [token]
2021-11-21T23:53:24,235|[TRACE] graph - <------- nonSkippedChar
2021-11-21T23:53:24,235|[TRACE] graph - <----- statementPart
2021-11-21T23:53:24,235|[TRACE] graph - -----> statementPart
2021-11-21T23:53:24,235|[TRACE] graph - -------> nonSkippedSpace
2021-11-21T23:53:24,235|[TRACE] script - #out(` `) [token]
2021-11-21T23:53:24,235|[TRACE] graph - <------- nonSkippedSpace
2021-11-21T23:53:24,235|[TRACE] graph - <----- statementPart
2021-11-21T23:53:24,235|[TRACE] graph - -----> statementPart
2021-11-21T23:53:24,235|[TRACE] graph - -------> nonSkippedChar
2021-11-21T23:53:24,235|[TRACE] script - #out(`A`) [token]
2021-11-21T23:53:24,235|[TRACE] graph - <------- nonSkippedChar
2021-11-21T23:53:24,235|[TRACE] graph - <----- statementPart
2021-11-21T23:53:24,235|[TRACE] graph - -----> statementPart
2021-11-21T23:53:24,235|[TRACE] graph - -------> nonSkippedChar
2021-11-21T23:53:24,235|[TRACE] script - #out(`C`) [token]
2021-11-21T23:53:24,235|[TRACE] graph - <------- nonSkippedChar
2021-11-21T23:53:24,235|[TRACE] graph - <----- statementPart
2021-11-21T23:53:24,235|[TRACE] graph - -----> statementPart
2021-11-21T23:53:24,235|[TRACE] graph - -------> nonSkippedChar
2021-11-21T23:53:24,235|[TRACE] script - #out(`T`) [token]
2021-11-21T23:53:24,235|[TRACE] graph - <------- nonSkippedChar
2021-11-21T23:53:24,235|[TRACE] graph - <----- statementPart
2021-11-21T23:53:24,235|[TRACE] graph - -----> statementPart
2021-11-21T23:53:24,235|[TRACE] graph - -------> nonSkippedChar
2021-11-21T23:53:24,235|[TRACE] script - #out(`I`) [token]
2021-11-21T23:53:24,235|[TRACE] graph - <------- nonSkippedChar
2021-11-21T23:53:24,235|[TRACE] graph - <----- statementPart
2021-11-21T23:53:24,235|[TRACE] graph - -----> statementPart
2021-11-21T23:53:24,235|[TRACE] graph - -------> nonSkippedChar
2021-11-21T23:53:24,235|[TRACE] script - #out(`O`) [token]
2021-11-21T23:53:24,235|[TRACE] graph - <------- nonSkippedChar
2021-11-21T23:53:24,235|[TRACE] graph - <----- statementPart
2021-11-21T23:53:24,235|[TRACE] graph - -----> statementPart
2021-11-21T23:53:24,235|[TRACE] graph - -------> nonSkippedChar
2021-11-21T23:53:24,235|[TRACE] script - #out(`N`) [token]
2021-11-21T23:53:24,235|[TRACE] graph - <------- nonSkippedChar
2021-11-21T23:53:24,235|[TRACE] graph - <----- statementPart
2021-11-21T23:53:24,235|[TRACE] graph - -----> statementPart
2021-11-21T23:53:24,235|[TRACE] graph - -------> nonSkippedChar
2021-11-21T23:53:24,235|[TRACE] script - #out(`,`) [token]
2021-11-21T23:53:24,235|[TRACE] graph - <------- nonSkippedChar
2021-11-21T23:53:24,235|[TRACE] graph - <----- statementPart
2021-11-21T23:53:24,235|[TRACE] graph - -----> afterStatementPartNewline
2021-11-21T23:53:24,235|[TRACE] script - #out(` `) [text]
2021-11-21T23:53:24,235|[TRACE] graph - <----- afterStatementPartNewline
2021-11-21T23:53:24,235|[TRACE] graph - -----> statementPart
2021-11-21T23:53:24,235|[TRACE] graph - -------> nonSkippedSpace
2021-11-21T23:53:24,235|[TRACE] script - #out(` `) [token]
2021-11-21T23:53:24,235|[TRACE] graph - <------- nonSkippedSpace
2021-11-21T23:53:24,235|[TRACE] graph - <----- statementPart
2021-11-21T23:53:24,235|[TRACE] graph - -----> statementPart
2021-11-21T23:53:24,235|[TRACE] graph - -------> nonSkippedSpace
2021-11-21T23:53:24,235|[TRACE] script - #out(` `) [token]
2021-11-21T23:53:24,235|[TRACE] graph - <------- nonSkippedSpace
2021-11-21T23:53:24,235|[TRACE] graph - <----- statementPart
2021-11-21T23:53:24,235|[TRACE] graph - -----> statementPart
2021-11-21T23:53:24,235|[TRACE] graph - -------> nonSkippedChar
2021-11-21T23:53:24,235|[TRACE] script - #out(`C`) [token]
2021-11-21T23:53:24,235|[TRACE] graph - <------- nonSkippedChar
2021-11-21T23:53:24,235|[TRACE] graph - <----- statementPart
2021-11-21T23:53:24,235|[TRACE] graph - -----> statementPart
2021-11-21T23:53:24,235|[TRACE] graph - -------> nonSkippedChar
2021-11-21T23:53:24,235|[TRACE] script - #out(`O`) [token]
2021-11-21T23:53:24,235|[TRACE] graph - <------- nonSkippedChar
2021-11-21T23:53:24,235|[TRACE] graph - <----- statementPart
2021-11-21T23:53:24,235|[TRACE] graph - -----> statementPart
2021-11-21T23:53:24,235|[TRACE] graph - -------> nonSkippedChar
2021-11-21T23:53:24,235|[TRACE] script - #out(`N`) [token]
2021-11-21T23:53:24,235|[TRACE] graph - <------- nonSkippedChar
2021-11-21T23:53:24,235|[TRACE] graph - <----- statementPart
2021-11-21T23:53:24,235|[TRACE] graph - -----> statementPart
2021-11-21T23:53:24,235|[TRACE] graph - -------> nonSkippedChar
2021-11-21T23:53:24,235|[TRACE] script - #out(`S`) [token]
2021-11-21T23:53:24,235|[TRACE] graph - <------- nonSkippedChar
2021-11-21T23:53:24,235|[TRACE] graph - <----- statementPart
2021-11-21T23:53:24,235|[TRACE] graph - -----> statementPart
2021-11-21T23:53:24,235|[TRACE] graph - -------> nonSkippedChar
2021-11-21T23:53:24,235|[TRACE] script - #out(`T`) [token]
2021-11-21T23:53:24,235|[TRACE] graph - <------- nonSkippedChar
2021-11-21T23:53:24,235|[TRACE] graph - <----- statementPart
2021-11-21T23:53:24,235|[TRACE] graph - -----> statementPart
2021-11-21T23:53:24,235|[TRACE] graph - -------> nonSkippedChar
2021-11-21T23:53:24,235|[TRACE] script - #out(`R`) [token]
2021-11-21T23:53:24,235|[TRACE] graph - <------- nonSkippedChar
2021-11-21T23:53:24,235|[TRACE] graph - <----- statementPart
2021-11-21T23:53:24,235|[TRACE] graph - -----> statementPart
2021-11-21T23:53:24,235|[TRACE] graph - -------> nonSkippedChar
2021-11-21T23:53:24,235|[TRACE] script - #out(`A`) [token]
2021-11-21T23:53:24,235|[TRACE] graph - <------- nonSkippedChar
2021-11-21T23:53:24,235|[TRACE] graph - <----- statementPart
2021-11-21T23:53:24,235|[TRACE] graph - -----> statementPart
2021-11-21T23:53:24,235|[TRACE] graph - -------> nonSkippedChar
2021-11-21T23:53:24,235|[TRACE] script - #out(`I`) [token]
2021-11-21T23:53:24,235|[TRACE] graph - <------- nonSkippedChar
2021-11-21T23:53:24,235|[TRACE] graph - <----- statementPart
2021-11-21T23:53:24,235|[TRACE] graph - -----> statementPart
2021-11-21T23:53:24,235|[TRACE] graph - -------> nonSkippedChar
2021-11-21T23:53:24,235|[TRACE] script - #out(`N`) [token]
2021-11-21T23:53:24,235|[TRACE] graph - <------- nonSkippedChar
2021-11-21T23:53:24,235|[TRACE] graph - <----- statementPart
2021-11-21T23:53:24,235|[TRACE] graph - -----> statementPart
2021-11-21T23:53:24,235|[TRACE] graph - -------> nonSkippedChar
2021-11-21T23:53:24,235|[TRACE] script - #out(`T`) [token]
2021-11-21T23:53:24,235|[TRACE] graph - <------- nonSkippedChar
2021-11-21T23:53:24,235|[TRACE] graph - <----- statementPart
2021-11-21T23:53:24,235|[TRACE] graph - -----> statementPart
2021-11-21T23:53:24,235|[TRACE] graph - -------> nonSkippedSpace
2021-11-21T23:53:24,235|[TRACE] script - #out(` `) [token]
2021-11-21T23:53:24,235|[TRACE] graph - <------- nonSkippedSpace
2021-11-21T23:53:24,235|[TRACE] graph - <----- statementPart
2021-11-21T23:53:24,235|[TRACE] graph - -----> statementPart
2021-11-21T23:53:24,235|[TRACE] graph - -------> quotedString
2021-11-21T23:53:24,235|[TRACE] script - #out(``fk_contact_phone1``) [token]
2021-11-21T23:53:24,235|[TRACE] graph - <------- quotedString
2021-11-21T23:53:24,235|[TRACE] graph - <----- statementPart
2021-11-21T23:53:24,235|[TRACE] graph - -----> afterStatementPartNewline
2021-11-21T23:53:24,235|[TRACE] script - #out(` `) [text]
2021-11-21T23:53:24,235|[TRACE] graph - <----- afterStatementPartNewline
2021-11-21T23:53:24,235|[TRACE] graph - -----> statementPart
2021-11-21T23:53:24,235|[TRACE] graph - -------> nonSkippedSpace
2021-11-21T23:53:24,235|[TRACE] script - #out(` `) [token]
2021-11-21T23:53:24,235|[TRACE] graph - <------- nonSkippedSpace
2021-11-21T23:53:24,235|[TRACE] graph - <----- statementPart
2021-11-21T23:53:24,235|[TRACE] graph - -----> statementPart
2021-11-21T23:53:24,235|[TRACE] graph - -------> nonSkippedSpace
2021-11-21T23:53:24,235|[TRACE] script - #out(` `) [token]
2021-11-21T23:53:24,235|[TRACE] graph - <------- nonSkippedSpace
2021-11-21T23:53:24,235|[TRACE] graph - <----- statementPart
2021-11-21T23:53:24,235|[TRACE] graph - -----> statementPart
2021-11-21T23:53:24,235|[TRACE] graph - -------> nonSkippedSpace
2021-11-21T23:53:24,235|[TRACE] script - #out(` `) [token]
2021-11-21T23:53:24,235|[TRACE] graph - <------- nonSkippedSpace
2021-11-21T23:53:24,235|[TRACE] graph - <----- statementPart
2021-11-21T23:53:24,235|[TRACE] graph - -----> statementPart
2021-11-21T23:53:24,235|[TRACE] graph - -------> nonSkippedSpace
2021-11-21T23:53:24,235|[TRACE] script - #out(` `) [token]
2021-11-21T23:53:24,235|[TRACE] graph - <------- nonSkippedSpace
2021-11-21T23:53:24,235|[TRACE] graph - <----- statementPart
2021-11-21T23:53:24,235|[TRACE] graph - -----> statementPart
2021-11-21T23:53:24,235|[TRACE] graph - -------> nonSkippedChar
2021-11-21T23:53:24,235|[TRACE] script - #out(`F`) [token]
2021-11-21T23:53:24,235|[TRACE] graph - <------- nonSkippedChar
2021-11-21T23:53:24,235|[TRACE] graph - <----- statementPart
2021-11-21T23:53:24,235|[TRACE] graph - -----> statementPart
2021-11-21T23:53:24,235|[TRACE] graph - -------> nonSkippedChar
2021-11-21T23:53:24,235|[TRACE] script - #out(`O`) [token]
2021-11-21T23:53:24,235|[TRACE] graph - <------- nonSkippedChar
2021-11-21T23:53:24,235|[TRACE] graph - <----- statementPart
2021-11-21T23:53:24,235|[TRACE] graph - -----> statementPart
2021-11-21T23:53:24,235|[TRACE] graph - -------> nonSkippedChar
2021-11-21T23:53:24,235|[TRACE] script - #out(`R`) [token]
2021-11-21T23:53:24,235|[TRACE] graph - <------- nonSkippedChar
2021-11-21T23:53:24,235|[TRACE] graph - <----- statementPart
2021-11-21T23:53:24,235|[TRACE] graph - -----> statementPart
2021-11-21T23:53:24,235|[TRACE] graph - -------> nonSkippedChar
2021-11-21T23:53:24,235|[TRACE] script - #out(`E`) [token]
2021-11-21T23:53:24,235|[TRACE] graph - <------- nonSkippedChar
2021-11-21T23:53:24,235|[TRACE] graph - <----- statementPart
2021-11-21T23:53:24,235|[TRACE] graph - -----> statementPart
2021-11-21T23:53:24,235|[TRACE] graph - -------> nonSkippedChar
2021-11-21T23:53:24,235|[TRACE] script - #out(`I`) [token]
2021-11-21T23:53:24,235|[TRACE] graph - <------- nonSkippedChar
2021-11-21T23:53:24,235|[TRACE] graph - <----- statementPart
2021-11-21T23:53:24,235|[TRACE] graph - -----> statementPart
2021-11-21T23:53:24,235|[TRACE] graph - -------> nonSkippedChar
2021-11-21T23:53:24,235|[TRACE] script - #out(`G`) [token]
2021-11-21T23:53:24,235|[TRACE] graph - <------- nonSkippedChar
2021-11-21T23:53:24,235|[TRACE] graph - <----- statementPart
2021-11-21T23:53:24,236|[TRACE] graph - -----> statementPart
2021-11-21T23:53:24,236|[TRACE] graph - -------> nonSkippedChar
2021-11-21T23:53:24,236|[TRACE] script - #out(`N`) [token]
2021-11-21T23:53:24,236|[TRACE] graph - <------- nonSkippedChar
2021-11-21T23:53:24,236|[TRACE] graph - <----- statementPart
2021-11-21T23:53:24,236|[TRACE] graph - -----> statementPart
2021-11-21T23:53:24,236|[TRACE] graph - -------> nonSkippedSpace
2021-11-21T23:53:24,236|[TRACE] script - #out(` `) [token]
2021-11-21T23:53:24,236|[TRACE] graph - <------- nonSkippedSpace
2021-11-21T23:53:24,236|[TRACE] graph - <----- statementPart
2021-11-21T23:53:24,236|[TRACE] graph - -----> statementPart
2021-11-21T23:53:24,236|[TRACE] graph - -------> nonSkippedChar
2021-11-21T23:53:24,236|[TRACE] script - #out(`K`) [token]
2021-11-21T23:53:24,236|[TRACE] graph - <------- nonSkippedChar
2021-11-21T23:53:24,236|[TRACE] graph - <----- statementPart
2021-11-21T23:53:24,236|[TRACE] graph - -----> statementPart
2021-11-21T23:53:24,236|[TRACE] graph - -------> nonSkippedChar
2021-11-21T23:53:24,236|[TRACE] script - #out(`E`) [token]
2021-11-21T23:53:24,236|[TRACE] graph - <------- nonSkippedChar
2021-11-21T23:53:24,236|[TRACE] graph - <----- statementPart
2021-11-21T23:53:24,236|[TRACE] graph - -----> statementPart
2021-11-21T23:53:24,236|[TRACE] graph - -------> nonSkippedChar
2021-11-21T23:53:24,236|[TRACE] script - #out(`Y`) [token]
2021-11-21T23:53:24,236|[TRACE] graph - <------- nonSkippedChar
2021-11-21T23:53:24,236|[TRACE] graph - <----- statementPart
2021-11-21T23:53:24,236|[TRACE] graph - -----> statementPart
2021-11-21T23:53:24,236|[TRACE] graph - -------> nonSkippedSpace
2021-11-21T23:53:24,236|[TRACE] script - #out(` `) [token]
2021-11-21T23:53:24,236|[TRACE] graph - <------- nonSkippedSpace
2021-11-21T23:53:24,236|[TRACE] graph - <----- statementPart
2021-11-21T23:53:24,236|[TRACE] graph - -----> statementPart
2021-11-21T23:53:24,236|[TRACE] graph - -------> nonSkippedChar
2021-11-21T23:53:24,236|[TRACE] script - #out(`(`) [token]
2021-11-21T23:53:24,236|[TRACE] graph - <------- nonSkippedChar
2021-11-21T23:53:24,236|[TRACE] graph - <----- statementPart
2021-11-21T23:53:24,236|[TRACE] graph - -----> statementPart
2021-11-21T23:53:24,236|[TRACE] graph - -------> quotedString
2021-11-21T23:53:24,236|[TRACE] script - #out(``phone_id``) [token]
2021-11-21T23:53:24,236|[TRACE] graph - <------- quotedString
2021-11-21T23:53:24,236|[TRACE] graph - <----- statementPart
2021-11-21T23:53:24,236|[TRACE] graph - -----> statementPart
2021-11-21T23:53:24,236|[TRACE] graph - -------> nonSkippedChar
2021-11-21T23:53:24,236|[TRACE] script - #out(`)`) [token]
2021-11-21T23:53:24,236|[TRACE] graph - <------- nonSkippedChar
2021-11-21T23:53:24,236|[TRACE] graph - <----- statementPart
2021-11-21T23:53:24,236|[TRACE] graph - -----> afterStatementPartNewline
2021-11-21T23:53:24,236|[TRACE] script - #out(` `) [text]
2021-11-21T23:53:24,236|[TRACE] graph - <----- afterStatementPartNewline
2021-11-21T23:53:24,236|[TRACE] graph - -----> statementPart
2021-11-21T23:53:24,236|[TRACE] graph - -------> nonSkippedSpace
2021-11-21T23:53:24,236|[TRACE] script - #out(` `) [token]
2021-11-21T23:53:24,236|[TRACE] graph - <------- nonSkippedSpace
2021-11-21T23:53:24,236|[TRACE] graph - <----- statementPart
2021-11-21T23:53:24,236|[TRACE] graph - -----> statementPart
2021-11-21T23:53:24,236|[TRACE] graph - -------> nonSkippedSpace
2021-11-21T23:53:24,236|[TRACE] script - #out(` `) [token]
2021-11-21T23:53:24,236|[TRACE] graph - <------- nonSkippedSpace
2021-11-21T23:53:24,236|[TRACE] graph - <----- statementPart
2021-11-21T23:53:24,236|[TRACE] graph - -----> statementPart
2021-11-21T23:53:24,236|[TRACE] graph - -------> nonSkippedSpace
2021-11-21T23:53:24,236|[TRACE] script - #out(` `) [token]
2021-11-21T23:53:24,236|[TRACE] graph - <------- nonSkippedSpace
2021-11-21T23:53:24,236|[TRACE] graph - <----- statementPart
2021-11-21T23:53:24,236|[TRACE] graph - -----> statementPart
2021-11-21T23:53:24,236|[TRACE] graph - -------> nonSkippedSpace
2021-11-21T23:53:24,236|[TRACE] script - #out(` `) [token]
2021-11-21T23:53:24,236|[TRACE] graph - <------- nonSkippedSpace
2021-11-21T23:53:24,236|[TRACE] graph - <----- statementPart
2021-11-21T23:53:24,236|[TRACE] graph - -----> statementPart
2021-11-21T23:53:24,236|[TRACE] graph - -------> nonSkippedChar
2021-11-21T23:53:24,236|[TRACE] script - #out(`R`) [token]
2021-11-21T23:53:24,236|[TRACE] graph - <------- nonSkippedChar
2021-11-21T23:53:24,236|[TRACE] graph - <----- statementPart
2021-11-21T23:53:24,236|[TRACE] graph - -----> statementPart
2021-11-21T23:53:24,236|[TRACE] graph - -------> nonSkippedChar
2021-11-21T23:53:24,236|[TRACE] script - #out(`E`) [token]
2021-11-21T23:53:24,236|[TRACE] graph - <------- nonSkippedChar
2021-11-21T23:53:24,236|[TRACE] graph - <----- statementPart
2021-11-21T23:53:24,236|[TRACE] graph - -----> statementPart
2021-11-21T23:53:24,236|[TRACE] graph - -------> nonSkippedChar
2021-11-21T23:53:24,236|[TRACE] script - #out(`F`) [token]
2021-11-21T23:53:24,236|[TRACE] graph - <------- nonSkippedChar
2021-11-21T23:53:24,279|[TRACE] graph - <----- statementPart
2021-11-21T23:53:24,279|[TRACE] graph - -----> statementPart
2021-11-21T23:53:24,279|[TRACE] graph - -------> nonSkippedChar
2021-11-21T23:53:24,279|[TRACE] script - #out(`E`) [token]
2021-11-21T23:53:24,279|[TRACE] graph - <------- nonSkippedChar
2021-11-21T23:53:24,279|[TRACE] graph - <----- statementPart
2021-11-21T23:53:24,279|[TRACE] graph - -----> statementPart
2021-11-21T23:53:24,279|[TRACE] graph - -------> nonSkippedChar
2021-11-21T23:53:24,279|[TRACE] script - #out(`R`) [token]
2021-11-21T23:53:24,279|[TRACE] graph - <------- nonSkippedChar
2021-11-21T23:53:24,279|[TRACE] graph - <----- statementPart
2021-11-21T23:53:24,279|[TRACE] graph - -----> statementPart
2021-11-21T23:53:24,279|[TRACE] graph - -------> nonSkippedChar
2021-11-21T23:53:24,279|[TRACE] script - #out(`E`) [token]
2021-11-21T23:53:24,279|[TRACE] graph - <------- nonSkippedChar
2021-11-21T23:53:24,279|[TRACE] graph - <----- statementPart
2021-11-21T23:53:24,279|[TRACE] graph - -----> statementPart
2021-11-21T23:53:24,279|[TRACE] graph - -------> nonSkippedChar
2021-11-21T23:53:24,279|[TRACE] script - #out(`N`) [token]
2021-11-21T23:53:24,279|[TRACE] graph - <------- nonSkippedChar
2021-11-21T23:53:24,279|[TRACE] graph - <----- statementPart
2021-11-21T23:53:24,279|[TRACE] graph - -----> statementPart
2021-11-21T23:53:24,279|[TRACE] graph - -------> nonSkippedChar
2021-11-21T23:53:24,279|[TRACE] script - #out(`C`) [token]
2021-11-21T23:53:24,279|[TRACE] graph - <------- nonSkippedChar
2021-11-21T23:53:24,279|[TRACE] graph - <----- statementPart
2021-11-21T23:53:24,279|[TRACE] graph - -----> statementPart
2021-11-21T23:53:24,279|[TRACE] graph - -------> nonSkippedChar
2021-11-21T23:53:24,279|[TRACE] script - #out(`E`) [token]
2021-11-21T23:53:24,279|[TRACE] graph - <------- nonSkippedChar
2021-11-21T23:53:24,279|[TRACE] graph - <----- statementPart
2021-11-21T23:53:24,279|[TRACE] graph - -----> statementPart
2021-11-21T23:53:24,279|[TRACE] graph - -------> nonSkippedChar
2021-11-21T23:53:24,279|[TRACE] script - #out(`S`) [token]
2021-11-21T23:53:24,279|[TRACE] graph - <------- nonSkippedChar
2021-11-21T23:53:24,279|[TRACE] graph - <----- statementPart
2021-11-21T23:53:24,279|[TRACE] graph - -----> statementPart
2021-11-21T23:53:24,279|[TRACE] graph - -------> nonSkippedSpace
2021-11-21T23:53:24,279|[TRACE] script - #out(` `) [token]
2021-11-21T23:53:24,279|[TRACE] graph - <------- nonSkippedSpace
2021-11-21T23:53:24,279|[TRACE] graph - <----- statementPart
2021-11-21T23:53:24,279|[TRACE] graph - -----> statementPart
2021-11-21T23:53:24,279|[TRACE] graph - -------> quotedString
2021-11-21T23:53:24,279|[TRACE] script - #out(``bloodbank``) [token]
2021-11-21T23:53:24,279|[TRACE] graph - <------- quotedString
2021-11-21T23:53:24,279|[TRACE] graph - <----- statementPart
2021-11-21T23:53:24,279|[TRACE] graph - -----> statementPart
2021-11-21T23:53:24,279|[TRACE] graph - -------> nonSkippedChar
2021-11-21T23:53:24,279|[TRACE] script - #out(`.`) [token]
2021-11-21T23:53:24,279|[TRACE] graph - <------- nonSkippedChar
2021-11-21T23:53:24,279|[TRACE] graph - <----- statementPart
2021-11-21T23:53:24,279|[TRACE] graph - -----> statementPart
2021-11-21T23:53:24,279|[TRACE] graph - -------> quotedString
2021-11-21T23:53:24,279|[TRACE] script - #out(``phone``) [token]
2021-11-21T23:53:24,279|[TRACE] graph - <------- quotedString
2021-11-21T23:53:24,279|[TRACE] graph - <----- statementPart
2021-11-21T23:53:24,279|[TRACE] graph - -----> statementPart
2021-11-21T23:53:24,279|[TRACE] graph - -------> nonSkippedSpace
2021-11-21T23:53:24,279|[TRACE] script - #out(` `) [token]
2021-11-21T23:53:24,279|[TRACE] graph - <------- nonSkippedSpace
2021-11-21T23:53:24,279|[TRACE] graph - <----- statementPart
2021-11-21T23:53:24,279|[TRACE] graph - -----> statementPart
2021-11-21T23:53:24,279|[TRACE] graph - -------> nonSkippedChar
2021-11-21T23:53:24,279|[TRACE] script - #out(`(`) [token]
2021-11-21T23:53:24,279|[TRACE] graph - <------- nonSkippedChar
2021-11-21T23:53:24,279|[TRACE] graph - <----- statementPart
2021-11-21T23:53:24,279|[TRACE] graph - -----> statementPart
2021-11-21T23:53:24,279|[TRACE] graph - -------> quotedString
2021-11-21T23:53:24,279|[TRACE] script - #out(``phone_id``) [token]
2021-11-21T23:53:24,279|[TRACE] graph - <------- quotedString
2021-11-21T23:53:24,279|[TRACE] graph - <----- statementPart
2021-11-21T23:53:24,279|[TRACE] graph - -----> statementPart
2021-11-21T23:53:24,279|[TRACE] graph - -------> nonSkippedChar
2021-11-21T23:53:24,279|[TRACE] script - #out(`)`) [token]
2021-11-21T23:53:24,279|[TRACE] graph - <------- nonSkippedChar
2021-11-21T23:53:24,279|[TRACE] graph - <----- statementPart
2021-11-21T23:53:24,279|[TRACE] graph - -----> afterStatementPartNewline
2021-11-21T23:53:24,279|[TRACE] script - #out(` `) [text]
2021-11-21T23:53:24,279|[TRACE] graph - <----- afterStatementPartNewline
2021-11-21T23:53:24,279|[TRACE] graph - -----> statementPart
2021-11-21T23:53:24,279|[TRACE] graph - -------> nonSkippedSpace
2021-11-21T23:53:24,279|[TRACE] script - #out(` `) [token]
2021-11-21T23:53:24,279|[TRACE] graph - <------- nonSkippedSpace
2021-11-21T23:53:24,279|[TRACE] graph - <----- statementPart
2021-11-21T23:53:24,279|[TRACE] graph - -----> statementPart
2021-11-21T23:53:24,279|[TRACE] graph - -------> nonSkippedSpace
2021-11-21T23:53:24,279|[TRACE] script - #out(` `) [token]
2021-11-21T23:53:24,279|[TRACE] graph - <------- nonSkippedSpace
2021-11-21T23:53:24,279|[TRACE] graph - <----- statementPart
2021-11-21T23:53:24,279|[TRACE] graph - -----> statementPart
2021-11-21T23:53:24,279|[TRACE] graph - -------> nonSkippedSpace
2021-11-21T23:53:24,279|[TRACE] script - #out(` `) [token]
2021-11-21T23:53:24,279|[TRACE] graph - <------- nonSkippedSpace
2021-11-21T23:53:24,279|[TRACE] graph - <----- statementPart
2021-11-21T23:53:24,279|[TRACE] graph - -----> statementPart
2021-11-21T23:53:24,279|[TRACE] graph - -------> nonSkippedSpace
2021-11-21T23:53:24,279|[TRACE] script - #out(` `) [token]
2021-11-21T23:53:24,279|[TRACE] graph - <------- nonSkippedSpace
2021-11-21T23:53:24,279|[TRACE] graph - <----- statementPart
2021-11-21T23:53:24,279|[TRACE] graph - -----> statementPart
2021-11-21T23:53:24,279|[TRACE] graph - -------> nonSkippedChar
2021-11-21T23:53:24,279|[TRACE] script - #out(`O`) [token]
2021-11-21T23:53:24,279|[TRACE] graph - <------- nonSkippedChar
2021-11-21T23:53:24,279|[TRACE] graph - <----- statementPart
2021-11-21T23:53:24,279|[TRACE] graph - -----> statementPart
2021-11-21T23:53:24,279|[TRACE] graph - -------> nonSkippedChar
2021-11-21T23:53:24,279|[TRACE] script - #out(`N`) [token]
2021-11-21T23:53:24,279|[TRACE] graph - <------- nonSkippedChar
2021-11-21T23:53:24,279|[TRACE] graph - <----- statementPart
2021-11-21T23:53:24,279|[TRACE] graph - -----> statementPart
2021-11-21T23:53:24,279|[TRACE] graph - -------> nonSkippedSpace
2021-11-21T23:53:24,279|[TRACE] script - #out(` `) [token]
2021-11-21T23:53:24,279|[TRACE] graph - <------- nonSkippedSpace
2021-11-21T23:53:24,279|[TRACE] graph - <----- statementPart
2021-11-21T23:53:24,279|[TRACE] graph - -----> statementPart
2021-11-21T23:53:24,279|[TRACE] graph - -------> nonSkippedChar
2021-11-21T23:53:24,279|[TRACE] script - #out(`D`) [token]
2021-11-21T23:53:24,279|[TRACE] graph - <------- nonSkippedChar
2021-11-21T23:53:24,279|[TRACE] graph - <----- statementPart
2021-11-21T23:53:24,279|[TRACE] graph - -----> statementPart
2021-11-21T23:53:24,279|[TRACE] graph - -------> nonSkippedChar
2021-11-21T23:53:24,279|[TRACE] script - #out(`E`) [token]
2021-11-21T23:53:24,279|[TRACE] graph - <------- nonSkippedChar
2021-11-21T23:53:24,279|[TRACE] graph - <----- statementPart
2021-11-21T23:53:24,279|[TRACE] graph - -----> statementPart
2021-11-21T23:53:24,279|[TRACE] graph - -------> nonSkippedChar
2021-11-21T23:53:24,279|[TRACE] script - #out(`L`) [token]
2021-11-21T23:53:24,279|[TRACE] graph - <------- nonSkippedChar
2021-11-21T23:53:24,279|[TRACE] graph - <----- statementPart
2021-11-21T23:53:24,279|[TRACE] graph - -----> statementPart
2021-11-21T23:53:24,279|[TRACE] graph - -------> nonSkippedChar
2021-11-21T23:53:24,279|[TRACE] script - #out(`E`) [token]
2021-11-21T23:53:24,279|[TRACE] graph - <------- nonSkippedChar
2021-11-21T23:53:24,279|[TRACE] graph - <----- statementPart
2021-11-21T23:53:24,279|[TRACE] graph - -----> statementPart
2021-11-21T23:53:24,279|[TRACE] graph - -------> nonSkippedChar
2021-11-21T23:53:24,279|[TRACE] script - #out(`T`) [token]
2021-11-21T23:53:24,279|[TRACE] graph - <------- nonSkippedChar
2021-11-21T23:53:24,279|[TRACE] graph - <----- statementPart
2021-11-21T23:53:24,279|[TRACE] graph - -----> statementPart
2021-11-21T23:53:24,279|[TRACE] graph - -------> nonSkippedChar
2021-11-21T23:53:24,279|[TRACE] script - #out(`E`) [token]
2021-11-21T23:53:24,279|[TRACE] graph - <------- nonSkippedChar
2021-11-21T23:53:24,279|[TRACE] graph - <----- statementPart
2021-11-21T23:53:24,279|[TRACE] graph - -----> statementPart
2021-11-21T23:53:24,279|[TRACE] graph - -------> nonSkippedSpace
2021-11-21T23:53:24,279|[TRACE] script - #out(` `) [token]
2021-11-21T23:53:24,279|[TRACE] graph - <------- nonSkippedSpace
2021-11-21T23:53:24,279|[TRACE] graph - <----- statementPart
2021-11-21T23:53:24,279|[TRACE] graph - -----> statementPart
2021-11-21T23:53:24,279|[TRACE] graph - -------> nonSkippedChar
2021-11-21T23:53:24,279|[TRACE] script - #out(`N`) [token]
2021-11-21T23:53:24,279|[TRACE] graph - <------- nonSkippedChar
2021-11-21T23:53:24,279|[TRACE] graph - <----- statementPart
2021-11-21T23:53:24,279|[TRACE] graph - -----> statementPart
2021-11-21T23:53:24,279|[TRACE] graph - -------> nonSkippedChar
2021-11-21T23:53:24,279|[TRACE] script - #out(`O`) [token]
2021-11-21T23:53:24,279|[TRACE] graph - <------- nonSkippedChar
2021-11-21T23:53:24,279|[TRACE] graph - <----- statementPart
2021-11-21T23:53:24,279|[TRACE] graph - -----> statementPart
2021-11-21T23:53:24,279|[TRACE] graph - -------> nonSkippedSpace
2021-11-21T23:53:24,279|[TRACE] script - #out(` `) [token]
2021-11-21T23:53:24,279|[TRACE] graph - <------- nonSkippedSpace
2021-11-21T23:53:24,279|[TRACE] graph - <----- statementPart
2021-11-21T23:53:24,279|[TRACE] graph - -----> statementPart
2021-11-21T23:53:24,279|[TRACE] graph - -------> nonSkippedChar
2021-11-21T23:53:24,279|[TRACE] script - #out(`A`) [token]
2021-11-21T23:53:24,279|[TRACE] graph - <------- nonSkippedChar
2021-11-21T23:53:24,279|[TRACE] graph - <----- statementPart
2021-11-21T23:53:24,279|[TRACE] graph - -----> statementPart
2021-11-21T23:53:24,279|[TRACE] graph - -------> nonSkippedChar
2021-11-21T23:53:24,279|[TRACE] script - #out(`C`) [token]
2021-11-21T23:53:24,279|[TRACE] graph - <------- nonSkippedChar
2021-11-21T23:53:24,279|[TRACE] graph - <----- statementPart
2021-11-21T23:53:24,279|[TRACE] graph - -----> statementPart
2021-11-21T23:53:24,279|[TRACE] graph - -------> nonSkippedChar
2021-11-21T23:53:24,279|[TRACE] script - #out(`T`) [token]
2021-11-21T23:53:24,279|[TRACE] graph - <------- nonSkippedChar
2021-11-21T23:53:24,279|[TRACE] graph - <----- statementPart
2021-11-21T23:53:24,279|[TRACE] graph - -----> statementPart
2021-11-21T23:53:24,279|[TRACE] graph - -------> nonSkippedChar
2021-11-21T23:53:24,279|[TRACE] script - #out(`I`) [token]
2021-11-21T23:53:24,279|[TRACE] graph - <------- nonSkippedChar
2021-11-21T23:53:24,279|[TRACE] graph - <----- statementPart
2021-11-21T23:53:24,279|[TRACE] graph - -----> statementPart
2021-11-21T23:53:24,279|[TRACE] graph - -------> nonSkippedChar
2021-11-21T23:53:24,279|[TRACE] script - #out(`O`) [token]
2021-11-21T23:53:24,279|[TRACE] graph - <------- nonSkippedChar
2021-11-21T23:53:24,279|[TRACE] graph - <----- statementPart
2021-11-21T23:53:24,279|[TRACE] graph - -----> statementPart
2021-11-21T23:53:24,279|[TRACE] graph - -------> nonSkippedChar
2021-11-21T23:53:24,279|[TRACE] script - #out(`N`) [token]
2021-11-21T23:53:24,279|[TRACE] graph - <------- nonSkippedChar
2021-11-21T23:53:24,279|[TRACE] graph - <----- statementPart
2021-11-21T23:53:24,279|[TRACE] graph - -----> afterStatementPartNewline
2021-11-21T23:53:24,279|[TRACE] script - #out(` `) [text]
2021-11-21T23:53:24,279|[TRACE] graph - <----- afterStatementPartNewline
2021-11-21T23:53:24,279|[TRACE] graph - -----> statementPart
2021-11-21T23:53:24,279|[TRACE] graph - -------> nonSkippedSpace
2021-11-21T23:53:24,279|[TRACE] script - #out(` `) [token]
2021-11-21T23:53:24,279|[TRACE] graph - <------- nonSkippedSpace
2021-11-21T23:53:24,279|[TRACE] graph - <----- statementPart
2021-11-21T23:53:24,279|[TRACE] graph - -----> statementPart
2021-11-21T23:53:24,279|[TRACE] graph - -------> nonSkippedSpace
2021-11-21T23:53:24,279|[TRACE] script - #out(` `) [token]
2021-11-21T23:53:24,279|[TRACE] graph - <------- nonSkippedSpace
2021-11-21T23:53:24,279|[TRACE] graph - <----- statementPart
2021-11-21T23:53:24,279|[TRACE] graph - -----> statementPart
2021-11-21T23:53:24,279|[TRACE] graph - -------> nonSkippedSpace
2021-11-21T23:53:24,279|[TRACE] script - #out(` `) [token]
2021-11-21T23:53:24,279|[TRACE] graph - <------- nonSkippedSpace
2021-11-21T23:53:24,279|[TRACE] graph - <----- statementPart
2021-11-21T23:53:24,279|[TRACE] graph - -----> statementPart
2021-11-21T23:53:24,279|[TRACE] graph - -------> nonSkippedSpace
2021-11-21T23:53:24,279|[TRACE] script - #out(` `) [token]
2021-11-21T23:53:24,279|[TRACE] graph - <------- nonSkippedSpace
2021-11-21T23:53:24,279|[TRACE] graph - <----- statementPart
2021-11-21T23:53:24,279|[TRACE] graph - -----> statementPart
2021-11-21T23:53:24,279|[TRACE] graph - -------> nonSkippedChar
2021-11-21T23:53:24,279|[TRACE] script - #out(`O`) [token]
2021-11-21T23:53:24,279|[TRACE] graph - <------- nonSkippedChar
2021-11-21T23:53:24,279|[TRACE] graph - <----- statementPart
2021-11-21T23:53:24,279|[TRACE] graph - -----> statementPart
2021-11-21T23:53:24,279|[TRACE] graph - -------> nonSkippedChar
2021-11-21T23:53:24,279|[TRACE] script - #out(`N`) [token]
2021-11-21T23:53:24,279|[TRACE] graph - <------- nonSkippedChar
2021-11-21T23:53:24,279|[TRACE] graph - <----- statementPart
2021-11-21T23:53:24,279|[TRACE] graph - -----> statementPart
2021-11-21T23:53:24,279|[TRACE] graph - -------> nonSkippedSpace
2021-11-21T23:53:24,279|[TRACE] script - #out(` `) [token]
2021-11-21T23:53:24,279|[TRACE] graph - <------- nonSkippedSpace
2021-11-21T23:53:24,279|[TRACE] graph - <----- statementPart
2021-11-21T23:53:24,279|[TRACE] graph - -----> statementPart
2021-11-21T23:53:24,279|[TRACE] graph - -------> nonSkippedChar
2021-11-21T23:53:24,279|[TRACE] script - #out(`U`) [token]
2021-11-21T23:53:24,279|[TRACE] graph - <------- nonSkippedChar
2021-11-21T23:53:24,279|[TRACE] graph - <----- statementPart
2021-11-21T23:53:24,279|[TRACE] graph - -----> statementPart
2021-11-21T23:53:24,279|[TRACE] graph - -------> nonSkippedChar
2021-11-21T23:53:24,279|[TRACE] script - #out(`P`) [token]
2021-11-21T23:53:24,279|[TRACE] graph - <------- nonSkippedChar
2021-11-21T23:53:24,279|[TRACE] graph - <----- statementPart
2021-11-21T23:53:24,279|[TRACE] graph - -----> statementPart
2021-11-21T23:53:24,279|[TRACE] graph - -------> nonSkippedChar
2021-11-21T23:53:24,279|[TRACE] script - #out(`D`) [token]
2021-11-21T23:53:24,279|[TRACE] graph - <------- nonSkippedChar
2021-11-21T23:53:24,279|[TRACE] graph - <----- statementPart
2021-11-21T23:53:24,279|[TRACE] graph - -----> statementPart
2021-11-21T23:53:24,279|[TRACE] graph - -------> nonSkippedChar
2021-11-21T23:53:24,279|[TRACE] script - #out(`A`) [token]
2021-11-21T23:53:24,279|[TRACE] graph - <------- nonSkippedChar
2021-11-21T23:53:24,279|[TRACE] graph - <----- statementPart
2021-11-21T23:53:24,279|[TRACE] graph - -----> statementPart
2021-11-21T23:53:24,279|[TRACE] graph - -------> nonSkippedChar
2021-11-21T23:53:24,279|[TRACE] script - #out(`T`) [token]
2021-11-21T23:53:24,279|[TRACE] graph - <------- nonSkippedChar
2021-11-21T23:53:24,279|[TRACE] graph - <----- statementPart
2021-11-21T23:53:24,279|[TRACE] graph - -----> statementPart
2021-11-21T23:53:24,279|[TRACE] graph - -------> nonSkippedChar
2021-11-21T23:53:24,279|[TRACE] script - #out(`E`) [token]
2021-11-21T23:53:24,279|[TRACE] graph - <------- nonSkippedChar
2021-11-21T23:53:24,279|[TRACE] graph - <----- statementPart
2021-11-21T23:53:24,279|[TRACE] graph - -----> statementPart
2021-11-21T23:53:24,279|[TRACE] graph - -------> nonSkippedSpace
2021-11-21T23:53:24,279|[TRACE] script - #out(` `) [token]
2021-11-21T23:53:24,279|[TRACE] graph - <------- nonSkippedSpace
2021-11-21T23:53:24,279|[TRACE] graph - <----- statementPart
2021-11-21T23:53:24,279|[TRACE] graph - -----> statementPart
2021-11-21T23:53:24,279|[TRACE] graph - -------> nonSkippedChar
2021-11-21T23:53:24,279|[TRACE] script - #out(`N`) [token]
2021-11-21T23:53:24,280|[TRACE] graph - <------- nonSkippedChar
2021-11-21T23:53:24,280|[TRACE] graph - <----- statementPart
2021-11-21T23:53:24,280|[TRACE] graph - -----> statementPart
2021-11-21T23:53:24,280|[TRACE] graph - -------> nonSkippedChar
2021-11-21T23:53:24,280|[TRACE] script - #out(`O`) [token]
2021-11-21T23:53:24,280|[TRACE] graph - <------- nonSkippedChar
2021-11-21T23:53:24,280|[TRACE] graph - <----- statementPart
2021-11-21T23:53:24,280|[TRACE] graph - -----> statementPart
2021-11-21T23:53:24,280|[TRACE] graph - -------> nonSkippedSpace
2021-11-21T23:53:24,280|[TRACE] script - #out(` `) [token]
2021-11-21T23:53:24,280|[TRACE] graph - <------- nonSkippedSpace
2021-11-21T23:53:24,280|[TRACE] graph - <----- statementPart
2021-11-21T23:53:24,280|[TRACE] graph - -----> statementPart
2021-11-21T23:53:24,280|[TRACE] graph - -------> nonSkippedChar
2021-11-21T23:53:24,280|[TRACE] script - #out(`A`) [token]
2021-11-21T23:53:24,280|[TRACE] graph - <------- nonSkippedChar
2021-11-21T23:53:24,280|[TRACE] graph - <----- statementPart
2021-11-21T23:53:24,280|[TRACE] graph - -----> statementPart
2021-11-21T23:53:24,280|[TRACE] graph - -------> nonSkippedChar
2021-11-21T23:53:24,280|[TRACE] script - #out(`C`) [token]
2021-11-21T23:53:24,280|[TRACE] graph - <------- nonSkippedChar
2021-11-21T23:53:24,280|[TRACE] graph - <----- statementPart
2021-11-21T23:53:24,280|[TRACE] graph - -----> statementPart
2021-11-21T23:53:24,280|[TRACE] graph - -------> nonSkippedChar
2021-11-21T23:53:24,280|[TRACE] script - #out(`T`) [token]
2021-11-21T23:53:24,280|[TRACE] graph - <------- nonSkippedChar
2021-11-21T23:53:24,280|[TRACE] graph - <----- statementPart
2021-11-21T23:53:24,280|[TRACE] graph - -----> statementPart
2021-11-21T23:53:24,280|[TRACE] graph - -------> nonSkippedChar
2021-11-21T23:53:24,280|[TRACE] script - #out(`I`) [token]
2021-11-21T23:53:24,280|[TRACE] graph - <------- nonSkippedChar
2021-11-21T23:53:24,280|[TRACE] graph - <----- statementPart
2021-11-21T23:53:24,280|[TRACE] graph - -----> statementPart
2021-11-21T23:53:24,280|[TRACE] graph - -------> nonSkippedChar
2021-11-21T23:53:24,280|[TRACE] script - #out(`O`) [token]
2021-11-21T23:53:24,280|[TRACE] graph - <------- nonSkippedChar
2021-11-21T23:53:24,280|[TRACE] graph - <----- statementPart
2021-11-21T23:53:24,280|[TRACE] graph - -----> statementPart
2021-11-21T23:53:24,280|[TRACE] graph - -------> nonSkippedChar
2021-11-21T23:53:24,280|[TRACE] script - #out(`N`) [token]
2021-11-21T23:53:24,280|[TRACE] graph - <------- nonSkippedChar
2021-11-21T23:53:24,280|[TRACE] graph - <----- statementPart
2021-11-21T23:53:24,280|[TRACE] graph - -----> statementPart
2021-11-21T23:53:24,280|[TRACE] graph - -------> nonSkippedChar
2021-11-21T23:53:24,280|[TRACE] script - #out(`,`) [token]
2021-11-21T23:53:24,280|[TRACE] graph - <------- nonSkippedChar
2021-11-21T23:53:24,280|[TRACE] graph - <----- statementPart
2021-11-21T23:53:24,280|[TRACE] graph - -----> afterStatementPartNewline
2021-11-21T23:53:24,280|[TRACE] script - #out(` `) [text]
2021-11-21T23:53:24,280|[TRACE] graph - <----- afterStatementPartNewline
2021-11-21T23:53:24,280|[TRACE] graph - -----> statementPart
2021-11-21T23:53:24,280|[TRACE] graph - -------> nonSkippedSpace
2021-11-21T23:53:24,280|[TRACE] script - #out(` `) [token]
2021-11-21T23:53:24,280|[TRACE] graph - <------- nonSkippedSpace
2021-11-21T23:53:24,280|[TRACE] graph - <----- statementPart
2021-11-21T23:53:24,280|[TRACE] graph - -----> statementPart
2021-11-21T23:53:24,280|[TRACE] graph - -------> nonSkippedSpace
2021-11-21T23:53:24,280|[TRACE] script - #out(` `) [token]
2021-11-21T23:53:24,280|[TRACE] graph - <------- nonSkippedSpace
2021-11-21T23:53:24,280|[TRACE] graph - <----- statementPart
2021-11-21T23:53:24,280|[TRACE] graph - -----> statementPart
2021-11-21T23:53:24,280|[TRACE] graph - -------> nonSkippedChar
2021-11-21T23:53:24,280|[TRACE] script - #out(`C`) [token]
2021-11-21T23:53:24,280|[TRACE] graph - <------- nonSkippedChar
2021-11-21T23:53:24,280|[TRACE] graph - <----- statementPart
2021-11-21T23:53:24,280|[TRACE] graph - -----> statementPart
2021-11-21T23:53:24,280|[TRACE] graph - -------> nonSkippedChar
2021-11-21T23:53:24,280|[TRACE] script - #out(`O`) [token]
2021-11-21T23:53:24,280|[TRACE] graph - <------- nonSkippedChar
2021-11-21T23:53:24,280|[TRACE] graph - <----- statementPart
2021-11-21T23:53:24,280|[TRACE] graph - -----> statementPart
2021-11-21T23:53:24,280|[TRACE] graph - -------> nonSkippedChar
2021-11-21T23:53:24,280|[TRACE] script - #out(`N`) [token]
2021-11-21T23:53:24,280|[TRACE] graph - <------- nonSkippedChar
2021-11-21T23:53:24,280|[TRACE] graph - <----- statementPart
2021-11-21T23:53:24,280|[TRACE] graph - -----> statementPart
2021-11-21T23:53:24,280|[TRACE] graph - -------> nonSkippedChar
2021-11-21T23:53:24,280|[TRACE] script - #out(`S`) [token]
2021-11-21T23:53:24,280|[TRACE] graph - <------- nonSkippedChar
2021-11-21T23:53:24,280|[TRACE] graph - <----- statementPart
2021-11-21T23:53:24,280|[TRACE] graph - -----> statementPart
2021-11-21T23:53:24,280|[TRACE] graph - -------> nonSkippedChar
2021-11-21T23:53:24,280|[TRACE] script - #out(`T`) [token]
2021-11-21T23:53:24,280|[TRACE] graph - <------- nonSkippedChar
2021-11-21T23:53:24,280|[TRACE] graph - <----- statementPart
2021-11-21T23:53:24,280|[TRACE] graph - -----> statementPart
2021-11-21T23:53:24,280|[TRACE] graph - -------> nonSkippedChar
2021-11-21T23:53:24,280|[TRACE] script - #out(`R`) [token]
2021-11-21T23:53:24,280|[TRACE] graph - <------- nonSkippedChar
2021-11-21T23:53:24,280|[TRACE] graph - <----- statementPart
2021-11-21T23:53:24,280|[TRACE] graph - -----> statementPart
2021-11-21T23:53:24,280|[TRACE] graph - -------> nonSkippedChar
2021-11-21T23:53:24,280|[TRACE] script - #out(`A`) [token]
2021-11-21T23:53:24,280|[TRACE] graph - <------- nonSkippedChar
2021-11-21T23:53:24,280|[TRACE] graph - <----- statementPart
2021-11-21T23:53:24,280|[TRACE] graph - -----> statementPart
2021-11-21T23:53:24,280|[TRACE] graph - -------> nonSkippedChar
2021-11-21T23:53:24,280|[TRACE] script - #out(`I`) [token]
2021-11-21T23:53:24,280|[TRACE] graph - <------- nonSkippedChar
2021-11-21T23:53:24,280|[TRACE] graph - <----- statementPart
2021-11-21T23:53:24,280|[TRACE] graph - -----> statementPart
2021-11-21T23:53:24,280|[TRACE] graph - -------> nonSkippedChar
2021-11-21T23:53:24,280|[TRACE] script - #out(`N`) [token]
2021-11-21T23:53:24,280|[TRACE] graph - <------- nonSkippedChar
2021-11-21T23:53:24,280|[TRACE] graph - <----- statementPart
2021-11-21T23:53:24,280|[TRACE] graph - -----> statementPart
2021-11-21T23:53:24,280|[TRACE] graph - -------> nonSkippedChar
2021-11-21T23:53:24,280|[TRACE] script - #out(`T`) [token]
2021-11-21T23:53:24,280|[TRACE] graph - <------- nonSkippedChar
2021-11-21T23:53:24,280|[TRACE] graph - <----- statementPart
2021-11-21T23:53:24,280|[TRACE] graph - -----> statementPart
2021-11-21T23:53:24,280|[TRACE] graph - -------> nonSkippedSpace
2021-11-21T23:53:24,280|[TRACE] script - #out(` `) [token]
2021-11-21T23:53:24,280|[TRACE] graph - <------- nonSkippedSpace
2021-11-21T23:53:24,280|[TRACE] graph - <----- statementPart
2021-11-21T23:53:24,280|[TRACE] graph - -----> statementPart
2021-11-21T23:53:24,280|[TRACE] graph - -------> quotedString
2021-11-21T23:53:24,280|[TRACE] script - #out(``fk_contact_person1``) [token]
2021-11-21T23:53:24,280|[TRACE] graph - <------- quotedString
2021-11-21T23:53:24,280|[TRACE] graph - <----- statementPart
2021-11-21T23:53:24,280|[TRACE] graph - -----> afterStatementPartNewline
2021-11-21T23:53:24,280|[TRACE] script - #out(` `) [text]
2021-11-21T23:53:24,280|[TRACE] graph - <----- afterStatementPartNewline
2021-11-21T23:53:24,280|[TRACE] graph - -----> statementPart
2021-11-21T23:53:24,280|[TRACE] graph - -------> nonSkippedSpace
2021-11-21T23:53:24,280|[TRACE] script - #out(` `) [token]
2021-11-21T23:53:24,280|[TRACE] graph - <------- nonSkippedSpace
2021-11-21T23:53:24,280|[TRACE] graph - <----- statementPart
2021-11-21T23:53:24,280|[TRACE] graph - -----> statementPart
2021-11-21T23:53:24,280|[TRACE] graph - -------> nonSkippedSpace
2021-11-21T23:53:24,280|[TRACE] script - #out(` `) [token]
2021-11-21T23:53:24,280|[TRACE] graph - <------- nonSkippedSpace
2021-11-21T23:53:24,280|[TRACE] graph - <----- statementPart
2021-11-21T23:53:24,280|[TRACE] graph - -----> statementPart
2021-11-21T23:53:24,280|[TRACE] graph - -------> nonSkippedSpace
2021-11-21T23:53:24,280|[TRACE] script - #out(` `) [token]
2021-11-21T23:53:24,280|[TRACE] graph - <------- nonSkippedSpace
2021-11-21T23:53:24,280|[TRACE] graph - <----- statementPart
2021-11-21T23:53:24,280|[TRACE] graph - -----> statementPart
2021-11-21T23:53:24,280|[TRACE] graph - -------> nonSkippedSpace
2021-11-21T23:53:24,280|[TRACE] script - #out(` `) [token]
2021-11-21T23:53:24,280|[TRACE] graph - <------- nonSkippedSpace
2021-11-21T23:53:24,280|[TRACE] graph - <----- statementPart
2021-11-21T23:53:24,280|[TRACE] graph - -----> statementPart
2021-11-21T23:53:24,280|[TRACE] graph - -------> nonSkippedChar
2021-11-21T23:53:24,280|[TRACE] script - #out(`F`) [token]
2021-11-21T23:53:24,280|[TRACE] graph - <------- nonSkippedChar
2021-11-21T23:53:24,280|[TRACE] graph - <----- statementPart
2021-11-21T23:53:24,280|[TRACE] graph - -----> statementPart
2021-11-21T23:53:24,280|[TRACE] graph - -------> nonSkippedChar
2021-11-21T23:53:24,280|[TRACE] script - #out(`O`) [token]
2021-11-21T23:53:24,280|[TRACE] graph - <------- nonSkippedChar
2021-11-21T23:53:24,280|[TRACE] graph - <----- statementPart
2021-11-21T23:53:24,280|[TRACE] graph - -----> statementPart
2021-11-21T23:53:24,280|[TRACE] graph - -------> nonSkippedChar
2021-11-21T23:53:24,280|[TRACE] script - #out(`R`) [token]
2021-11-21T23:53:24,280|[TRACE] graph - <------- nonSkippedChar
2021-11-21T23:53:24,280|[TRACE] graph - <----- statementPart
2021-11-21T23:53:24,280|[TRACE] graph - -----> statementPart
2021-11-21T23:53:24,280|[TRACE] graph - -------> nonSkippedChar
2021-11-21T23:53:24,280|[TRACE] script - #out(`E`) [token]
2021-11-21T23:53:24,280|[TRACE] graph - <------- nonSkippedChar
2021-11-21T23:53:24,280|[TRACE] graph - <----- statementPart
2021-11-21T23:53:24,280|[TRACE] graph - -----> statementPart
2021-11-21T23:53:24,280|[TRACE] graph - -------> nonSkippedChar
2021-11-21T23:53:24,280|[TRACE] script - #out(`I`) [token]
2021-11-21T23:53:24,280|[TRACE] graph - <------- nonSkippedChar
2021-11-21T23:53:24,280|[TRACE] graph - <----- statementPart
2021-11-21T23:53:24,280|[TRACE] graph - -----> statementPart
2021-11-21T23:53:24,280|[TRACE] graph - -------> nonSkippedChar
2021-11-21T23:53:24,280|[TRACE] script - #out(`G`) [token]
2021-11-21T23:53:24,280|[TRACE] graph - <------- nonSkippedChar
2021-11-21T23:53:24,280|[TRACE] graph - <----- statementPart
2021-11-21T23:53:24,280|[TRACE] graph - -----> statementPart
2021-11-21T23:53:24,280|[TRACE] graph - -------> nonSkippedChar
2021-11-21T23:53:24,280|[TRACE] script - #out(`N`) [token]
2021-11-21T23:53:24,280|[TRACE] graph - <------- nonSkippedChar
2021-11-21T23:53:24,280|[TRACE] graph - <----- statementPart
2021-11-21T23:53:24,280|[TRACE] graph - -----> statementPart
2021-11-21T23:53:24,280|[TRACE] graph - -------> nonSkippedSpace
2021-11-21T23:53:24,280|[TRACE] script - #out(` `) [token]
2021-11-21T23:53:24,280|[TRACE] graph - <------- nonSkippedSpace
2021-11-21T23:53:24,280|[TRACE] graph - <----- statementPart
2021-11-21T23:53:24,280|[TRACE] graph - -----> statementPart
2021-11-21T23:53:24,280|[TRACE] graph - -------> nonSkippedChar
2021-11-21T23:53:24,280|[TRACE] script - #out(`K`) [token]
2021-11-21T23:53:24,280|[TRACE] graph - <------- nonSkippedChar
2021-11-21T23:53:24,280|[TRACE] graph - <----- statementPart
2021-11-21T23:53:24,280|[TRACE] graph - -----> statementPart
2021-11-21T23:53:24,280|[TRACE] graph - -------> nonSkippedChar
2021-11-21T23:53:24,280|[TRACE] script - #out(`E`) [token]
2021-11-21T23:53:24,280|[TRACE] graph - <------- nonSkippedChar
2021-11-21T23:53:24,280|[TRACE] graph - <----- statementPart
2021-11-21T23:53:24,280|[TRACE] graph - -----> statementPart
2021-11-21T23:53:24,316|[TRACE] graph - -------> nonSkippedChar
2021-11-21T23:53:24,316|[TRACE] script - #out(`Y`) [token]
2021-11-21T23:53:24,316|[TRACE] graph - <------- nonSkippedChar
2021-11-21T23:53:24,316|[TRACE] graph - <----- statementPart
2021-11-21T23:53:24,316|[TRACE] graph - -----> statementPart
2021-11-21T23:53:24,316|[TRACE] graph - -------> nonSkippedSpace
2021-11-21T23:53:24,316|[TRACE] script - #out(` `) [token]
2021-11-21T23:53:24,316|[TRACE] graph - <------- nonSkippedSpace
2021-11-21T23:53:24,316|[TRACE] graph - <----- statementPart
2021-11-21T23:53:24,316|[TRACE] graph - -----> statementPart
2021-11-21T23:53:24,316|[TRACE] graph - -------> nonSkippedChar
2021-11-21T23:53:24,316|[TRACE] script - #out(`(`) [token]
2021-11-21T23:53:24,316|[TRACE] graph - <------- nonSkippedChar
2021-11-21T23:53:24,316|[TRACE] graph - <----- statementPart
2021-11-21T23:53:24,316|[TRACE] graph - -----> statementPart
2021-11-21T23:53:24,316|[TRACE] graph - -------> quotedString
2021-11-21T23:53:24,316|[TRACE] script - #out(``person_id``) [token]
2021-11-21T23:53:24,316|[TRACE] graph - <------- quotedString
2021-11-21T23:53:24,316|[TRACE] graph - <----- statementPart
2021-11-21T23:53:24,316|[TRACE] graph - -----> statementPart
2021-11-21T23:53:24,316|[TRACE] graph - -------> nonSkippedChar
2021-11-21T23:53:24,316|[TRACE] script - #out(`)`) [token]
2021-11-21T23:53:24,316|[TRACE] graph - <------- nonSkippedChar
2021-11-21T23:53:24,316|[TRACE] graph - <----- statementPart
2021-11-21T23:53:24,316|[TRACE] graph - -----> afterStatementPartNewline
2021-11-21T23:53:24,316|[TRACE] script - #out(` `) [text]
2021-11-21T23:53:24,316|[TRACE] graph - <----- afterStatementPartNewline
2021-11-21T23:53:24,316|[TRACE] graph - -----> statementPart
2021-11-21T23:53:24,316|[TRACE] graph - -------> nonSkippedSpace
2021-11-21T23:53:24,316|[TRACE] script - #out(` `) [token]
2021-11-21T23:53:24,316|[TRACE] graph - <------- nonSkippedSpace
2021-11-21T23:53:24,316|[TRACE] graph - <----- statementPart
2021-11-21T23:53:24,316|[TRACE] graph - -----> statementPart
2021-11-21T23:53:24,316|[TRACE] graph - -------> nonSkippedSpace
2021-11-21T23:53:24,316|[TRACE] script - #out(` `) [token]
2021-11-21T23:53:24,316|[TRACE] graph - <------- nonSkippedSpace
2021-11-21T23:53:24,316|[TRACE] graph - <----- statementPart
2021-11-21T23:53:24,316|[TRACE] graph - -----> statementPart
2021-11-21T23:53:24,316|[TRACE] graph - -------> nonSkippedSpace
2021-11-21T23:53:24,316|[TRACE] script - #out(` `) [token]
2021-11-21T23:53:24,316|[TRACE] graph - <------- nonSkippedSpace
2021-11-21T23:53:24,316|[TRACE] graph - <----- statementPart
2021-11-21T23:53:24,316|[TRACE] graph - -----> statementPart
2021-11-21T23:53:24,316|[TRACE] graph - -------> nonSkippedSpace
2021-11-21T23:53:24,316|[TRACE] script - #out(` `) [token]
2021-11-21T23:53:24,316|[TRACE] graph - <------- nonSkippedSpace
2021-11-21T23:53:24,316|[TRACE] graph - <----- statementPart
2021-11-21T23:53:24,316|[TRACE] graph - -----> statementPart
2021-11-21T23:53:24,316|[TRACE] graph - -------> nonSkippedChar
2021-11-21T23:53:24,316|[TRACE] script - #out(`R`) [token]
2021-11-21T23:53:24,316|[TRACE] graph - <------- nonSkippedChar
2021-11-21T23:53:24,316|[TRACE] graph - <----- statementPart
2021-11-21T23:53:24,316|[TRACE] graph - -----> statementPart
2021-11-21T23:53:24,316|[TRACE] graph - -------> nonSkippedChar
2021-11-21T23:53:24,316|[TRACE] script - #out(`E`) [token]
2021-11-21T23:53:24,316|[TRACE] graph - <------- nonSkippedChar
2021-11-21T23:53:24,316|[TRACE] graph - <----- statementPart
2021-11-21T23:53:24,316|[TRACE] graph - -----> statementPart
2021-11-21T23:53:24,316|[TRACE] graph - -------> nonSkippedChar
2021-11-21T23:53:24,316|[TRACE] script - #out(`F`) [token]
2021-11-21T23:53:24,316|[TRACE] graph - <------- nonSkippedChar
2021-11-21T23:53:24,316|[TRACE] graph - <----- statementPart
2021-11-21T23:53:24,316|[TRACE] graph - -----> statementPart
2021-11-21T23:53:24,316|[TRACE] graph - -------> nonSkippedChar
2021-11-21T23:53:24,316|[TRACE] script - #out(`E`) [token]
2021-11-21T23:53:24,316|[TRACE] graph - <------- nonSkippedChar
2021-11-21T23:53:24,316|[TRACE] graph - <----- statementPart
2021-11-21T23:53:24,316|[TRACE] graph - -----> statementPart
2021-11-21T23:53:24,316|[TRACE] graph - -------> nonSkippedChar
2021-11-21T23:53:24,316|[TRACE] script - #out(`R`) [token]
2021-11-21T23:53:24,316|[TRACE] graph - <------- nonSkippedChar
2021-11-21T23:53:24,316|[TRACE] graph - <----- statementPart
2021-11-21T23:53:24,316|[TRACE] graph - -----> statementPart
2021-11-21T23:53:24,316|[TRACE] graph - -------> nonSkippedChar
2021-11-21T23:53:24,316|[TRACE] script - #out(`E`) [token]
2021-11-21T23:53:24,316|[TRACE] graph - <------- nonSkippedChar
2021-11-21T23:53:24,316|[TRACE] graph - <----- statementPart
2021-11-21T23:53:24,316|[TRACE] graph - -----> statementPart
2021-11-21T23:53:24,316|[TRACE] graph - -------> nonSkippedChar
2021-11-21T23:53:24,316|[TRACE] script - #out(`N`) [token]
2021-11-21T23:53:24,316|[TRACE] graph - <------- nonSkippedChar
2021-11-21T23:53:24,316|[TRACE] graph - <----- statementPart
2021-11-21T23:53:24,316|[TRACE] graph - -----> statementPart
2021-11-21T23:53:24,316|[TRACE] graph - -------> nonSkippedChar
2021-11-21T23:53:24,316|[TRACE] script - #out(`C`) [token]
2021-11-21T23:53:24,316|[TRACE] graph - <------- nonSkippedChar
2021-11-21T23:53:24,316|[TRACE] graph - <----- statementPart
2021-11-21T23:53:24,316|[TRACE] graph - -----> statementPart
2021-11-21T23:53:24,316|[TRACE] graph - -------> nonSkippedChar
2021-11-21T23:53:24,316|[TRACE] script - #out(`E`) [token]
2021-11-21T23:53:24,316|[TRACE] graph - <------- nonSkippedChar
2021-11-21T23:53:24,316|[TRACE] graph - <----- statementPart
2021-11-21T23:53:24,316|[TRACE] graph - -----> statementPart
2021-11-21T23:53:24,316|[TRACE] graph - -------> nonSkippedChar
2021-11-21T23:53:24,316|[TRACE] script - #out(`S`) [token]
2021-11-21T23:53:24,316|[TRACE] graph - <------- nonSkippedChar
2021-11-21T23:53:24,316|[TRACE] graph - <----- statementPart
2021-11-21T23:53:24,316|[TRACE] graph - -----> statementPart
2021-11-21T23:53:24,316|[TRACE] graph - -------> nonSkippedSpace
2021-11-21T23:53:24,316|[TRACE] script - #out(` `) [token]
2021-11-21T23:53:24,316|[TRACE] graph - <------- nonSkippedSpace
2021-11-21T23:53:24,316|[TRACE] graph - <----- statementPart
2021-11-21T23:53:24,316|[TRACE] graph - -----> statementPart
2021-11-21T23:53:24,316|[TRACE] graph - -------> quotedString
2021-11-21T23:53:24,316|[TRACE] script - #out(``bloodbank``) [token]
2021-11-21T23:53:24,316|[TRACE] graph - <------- quotedString
2021-11-21T23:53:24,316|[TRACE] graph - <----- statementPart
2021-11-21T23:53:24,316|[TRACE] graph - -----> statementPart
2021-11-21T23:53:24,316|[TRACE] graph - -------> nonSkippedChar
2021-11-21T23:53:24,316|[TRACE] script - #out(`.`) [token]
2021-11-21T23:53:24,316|[TRACE] graph - <------- nonSkippedChar
2021-11-21T23:53:24,316|[TRACE] graph - <----- statementPart
2021-11-21T23:53:24,316|[TRACE] graph - -----> statementPart
2021-11-21T23:53:24,316|[TRACE] graph - -------> quotedString
2021-11-21T23:53:24,316|[TRACE] script - #out(``person``) [token]
2021-11-21T23:53:24,316|[TRACE] graph - <------- quotedString
2021-11-21T23:53:24,316|[TRACE] graph - <----- statementPart
2021-11-21T23:53:24,316|[TRACE] graph - -----> statementPart
2021-11-21T23:53:24,316|[TRACE] graph - -------> nonSkippedSpace
2021-11-21T23:53:24,316|[TRACE] script - #out(` `) [token]
2021-11-21T23:53:24,316|[TRACE] graph - <------- nonSkippedSpace
2021-11-21T23:53:24,316|[TRACE] graph - <----- statementPart
2021-11-21T23:53:24,316|[TRACE] graph - -----> statementPart
2021-11-21T23:53:24,316|[TRACE] graph - -------> nonSkippedChar
2021-11-21T23:53:24,316|[TRACE] script - #out(`(`) [token]
2021-11-21T23:53:24,316|[TRACE] graph - <------- nonSkippedChar
2021-11-21T23:53:24,316|[TRACE] graph - <----- statementPart
2021-11-21T23:53:24,316|[TRACE] graph - -----> statementPart
2021-11-21T23:53:24,316|[TRACE] graph - -------> quotedString
2021-11-21T23:53:24,316|[TRACE] script - #out(``id``) [token]
2021-11-21T23:53:24,316|[TRACE] graph - <------- quotedString
2021-11-21T23:53:24,316|[TRACE] graph - <----- statementPart
2021-11-21T23:53:24,316|[TRACE] graph - -----> statementPart
2021-11-21T23:53:24,316|[TRACE] graph - -------> nonSkippedChar
2021-11-21T23:53:24,316|[TRACE] script - #out(`)`) [token]
2021-11-21T23:53:24,316|[TRACE] graph - <------- nonSkippedChar
2021-11-21T23:53:24,316|[TRACE] graph - <----- statementPart
2021-11-21T23:53:24,316|[TRACE] graph - -----> afterStatementPartNewline
2021-11-21T23:53:24,316|[TRACE] script - #out(` `) [text]
2021-11-21T23:53:24,316|[TRACE] graph - <----- afterStatementPartNewline
2021-11-21T23:53:24,316|[TRACE] graph - -----> statementPart
2021-11-21T23:53:24,316|[TRACE] graph - -------> nonSkippedSpace
2021-11-21T23:53:24,316|[TRACE] script - #out(` `) [token]
2021-11-21T23:53:24,316|[TRACE] graph - <------- nonSkippedSpace
2021-11-21T23:53:24,316|[TRACE] graph - <----- statementPart
2021-11-21T23:53:24,316|[TRACE] graph - -----> statementPart
2021-11-21T23:53:24,316|[TRACE] graph - -------> nonSkippedSpace
2021-11-21T23:53:24,316|[TRACE] script - #out(` `) [token]
2021-11-21T23:53:24,316|[TRACE] graph - <------- nonSkippedSpace
2021-11-21T23:53:24,316|[TRACE] graph - <----- statementPart
2021-11-21T23:53:24,316|[TRACE] graph - -----> statementPart
2021-11-21T23:53:24,316|[TRACE] graph - -------> nonSkippedSpace
2021-11-21T23:53:24,316|[TRACE] script - #out(` `) [token]
2021-11-21T23:53:24,316|[TRACE] graph - <------- nonSkippedSpace
2021-11-21T23:53:24,316|[TRACE] graph - <----- statementPart
2021-11-21T23:53:24,316|[TRACE] graph - -----> statementPart
2021-11-21T23:53:24,316|[TRACE] graph - -------> nonSkippedSpace
2021-11-21T23:53:24,316|[TRACE] script - #out(` `) [token]
2021-11-21T23:53:24,316|[TRACE] graph - <------- nonSkippedSpace
2021-11-21T23:53:24,316|[TRACE] graph - <----- statementPart
2021-11-21T23:53:24,316|[TRACE] graph - -----> statementPart
2021-11-21T23:53:24,316|[TRACE] graph - -------> nonSkippedChar
2021-11-21T23:53:24,316|[TRACE] script - #out(`O`) [token]
2021-11-21T23:53:24,316|[TRACE] graph - <------- nonSkippedChar
2021-11-21T23:53:24,316|[TRACE] graph - <----- statementPart
2021-11-21T23:53:24,316|[TRACE] graph - -----> statementPart
2021-11-21T23:53:24,316|[TRACE] graph - -------> nonSkippedChar
2021-11-21T23:53:24,316|[TRACE] script - #out(`N`) [token]
2021-11-21T23:53:24,316|[TRACE] graph - <------- nonSkippedChar
2021-11-21T23:53:24,316|[TRACE] graph - <----- statementPart
2021-11-21T23:53:24,316|[TRACE] graph - -----> statementPart
2021-11-21T23:53:24,316|[TRACE] graph - -------> nonSkippedSpace
2021-11-21T23:53:24,316|[TRACE] script - #out(` `) [token]
2021-11-21T23:53:24,316|[TRACE] graph - <------- nonSkippedSpace
2021-11-21T23:53:24,316|[TRACE] graph - <----- statementPart
2021-11-21T23:53:24,316|[TRACE] graph - -----> statementPart
2021-11-21T23:53:24,316|[TRACE] graph - -------> nonSkippedChar
2021-11-21T23:53:24,316|[TRACE] script - #out(`D`) [token]
2021-11-21T23:53:24,316|[TRACE] graph - <------- nonSkippedChar
2021-11-21T23:53:24,316|[TRACE] graph - <----- statementPart
2021-11-21T23:53:24,316|[TRACE] graph - -----> statementPart
2021-11-21T23:53:24,316|[TRACE] graph - -------> nonSkippedChar
2021-11-21T23:53:24,316|[TRACE] script - #out(`E`) [token]
2021-11-21T23:53:24,316|[TRACE] graph - <------- nonSkippedChar
2021-11-21T23:53:24,316|[TRACE] graph - <----- statementPart
2021-11-21T23:53:24,316|[TRACE] graph - -----> statementPart
2021-11-21T23:53:24,316|[TRACE] graph - -------> nonSkippedChar
2021-11-21T23:53:24,316|[TRACE] script - #out(`L`) [token]
2021-11-21T23:53:24,316|[TRACE] graph - <------- nonSkippedChar
2021-11-21T23:53:24,316|[TRACE] graph - <----- statementPart
2021-11-21T23:53:24,316|[TRACE] graph - -----> statementPart
2021-11-21T23:53:24,316|[TRACE] graph - -------> nonSkippedChar
2021-11-21T23:53:24,316|[TRACE] script - #out(`E`) [token]
2021-11-21T23:53:24,316|[TRACE] graph - <------- nonSkippedChar
2021-11-21T23:53:24,316|[TRACE] graph - <----- statementPart
2021-11-21T23:53:24,316|[TRACE] graph - -----> statementPart
2021-11-21T23:53:24,316|[TRACE] graph - -------> nonSkippedChar
2021-11-21T23:53:24,316|[TRACE] script - #out(`T`) [token]
2021-11-21T23:53:24,316|[TRACE] graph - <------- nonSkippedChar
2021-11-21T23:53:24,316|[TRACE] graph - <----- statementPart
2021-11-21T23:53:24,316|[TRACE] graph - -----> statementPart
2021-11-21T23:53:24,316|[TRACE] graph - -------> nonSkippedChar
2021-11-21T23:53:24,316|[TRACE] script - #out(`E`) [token]
2021-11-21T23:53:24,316|[TRACE] graph - <------- nonSkippedChar
2021-11-21T23:53:24,316|[TRACE] graph - <----- statementPart
2021-11-21T23:53:24,316|[TRACE] graph - -----> statementPart
2021-11-21T23:53:24,316|[TRACE] graph - -------> nonSkippedSpace
2021-11-21T23:53:24,316|[TRACE] script - #out(` `) [token]
2021-11-21T23:53:24,316|[TRACE] graph - <------- nonSkippedSpace
2021-11-21T23:53:24,316|[TRACE] graph - <----- statementPart
2021-11-21T23:53:24,316|[TRACE] graph - -----> statementPart
2021-11-21T23:53:24,316|[TRACE] graph - -------> nonSkippedChar
2021-11-21T23:53:24,316|[TRACE] script - #out(`N`) [token]
2021-11-21T23:53:24,316|[TRACE] graph - <------- nonSkippedChar
2021-11-21T23:53:24,316|[TRACE] graph - <----- statementPart
2021-11-21T23:53:24,316|[TRACE] graph - -----> statementPart
2021-11-21T23:53:24,316|[TRACE] graph - -------> nonSkippedChar
2021-11-21T23:53:24,316|[TRACE] script - #out(`O`) [token]
2021-11-21T23:53:24,316|[TRACE] graph - <------- nonSkippedChar
2021-11-21T23:53:24,316|[TRACE] graph - <----- statementPart
2021-11-21T23:53:24,316|[TRACE] graph - -----> statementPart
2021-11-21T23:53:24,316|[TRACE] graph - -------> nonSkippedSpace
2021-11-21T23:53:24,317|[TRACE] script - #out(` `) [token]
2021-11-21T23:53:24,317|[TRACE] graph - <------- nonSkippedSpace
2021-11-21T23:53:24,317|[TRACE] graph - <----- statementPart
2021-11-21T23:53:24,317|[TRACE] graph - -----> statementPart
2021-11-21T23:53:24,317|[TRACE] graph - -------> nonSkippedChar
2021-11-21T23:53:24,317|[TRACE] script - #out(`A`) [token]
2021-11-21T23:53:24,317|[TRACE] graph - <------- nonSkippedChar
2021-11-21T23:53:24,317|[TRACE] graph - <----- statementPart
2021-11-21T23:53:24,317|[TRACE] graph - -----> statementPart
2021-11-21T23:53:24,317|[TRACE] graph - -------> nonSkippedChar
2021-11-21T23:53:24,317|[TRACE] script - #out(`C`) [token]
2021-11-21T23:53:24,317|[TRACE] graph - <------- nonSkippedChar
2021-11-21T23:53:24,317|[TRACE] graph - <----- statementPart
2021-11-21T23:53:24,317|[TRACE] graph - -----> statementPart
2021-11-21T23:53:24,317|[TRACE] graph - -------> nonSkippedChar
2021-11-21T23:53:24,317|[TRACE] script - #out(`T`) [token]
2021-11-21T23:53:24,317|[TRACE] graph - <------- nonSkippedChar
2021-11-21T23:53:24,317|[TRACE] graph - <----- statementPart
2021-11-21T23:53:24,317|[TRACE] graph - -----> statementPart
2021-11-21T23:53:24,317|[TRACE] graph - -------> nonSkippedChar
2021-11-21T23:53:24,317|[TRACE] script - #out(`I`) [token]
2021-11-21T23:53:24,317|[TRACE] graph - <------- nonSkippedChar
2021-11-21T23:53:24,317|[TRACE] graph - <----- statementPart
2021-11-21T23:53:24,317|[TRACE] graph - -----> statementPart
2021-11-21T23:53:24,317|[TRACE] graph - -------> nonSkippedChar
2021-11-21T23:53:24,317|[TRACE] script - #out(`O`) [token]
2021-11-21T23:53:24,317|[TRACE] graph - <------- nonSkippedChar
2021-11-21T23:53:24,317|[TRACE] graph - <----- statementPart
2021-11-21T23:53:24,317|[TRACE] graph - -----> statementPart
2021-11-21T23:53:24,317|[TRACE] graph - -------> nonSkippedChar
2021-11-21T23:53:24,317|[TRACE] script - #out(`N`) [token]
2021-11-21T23:53:24,317|[TRACE] graph - <------- nonSkippedChar
2021-11-21T23:53:24,317|[TRACE] graph - <----- statementPart
2021-11-21T23:53:24,317|[TRACE] graph - -----> afterStatementPartNewline
2021-11-21T23:53:24,317|[TRACE] script - #out(` `) [text]
2021-11-21T23:53:24,317|[TRACE] graph - <----- afterStatementPartNewline
2021-11-21T23:53:24,317|[TRACE] graph - -----> statementPart
2021-11-21T23:53:24,317|[TRACE] graph - -------> nonSkippedSpace
2021-11-21T23:53:24,317|[TRACE] script - #out(` `) [token]
2021-11-21T23:53:24,317|[TRACE] graph - <------- nonSkippedSpace
2021-11-21T23:53:24,317|[TRACE] graph - <----- statementPart
2021-11-21T23:53:24,317|[TRACE] graph - -----> statementPart
2021-11-21T23:53:24,317|[TRACE] graph - -------> nonSkippedSpace
2021-11-21T23:53:24,317|[TRACE] script - #out(` `) [token]
2021-11-21T23:53:24,317|[TRACE] graph - <------- nonSkippedSpace
2021-11-21T23:53:24,317|[TRACE] graph - <----- statementPart
2021-11-21T23:53:24,317|[TRACE] graph - -----> statementPart
2021-11-21T23:53:24,317|[TRACE] graph - -------> nonSkippedSpace
2021-11-21T23:53:24,317|[TRACE] script - #out(` `) [token]
2021-11-21T23:53:24,317|[TRACE] graph - <------- nonSkippedSpace
2021-11-21T23:53:24,317|[TRACE] graph - <----- statementPart
2021-11-21T23:53:24,317|[TRACE] graph - -----> statementPart
2021-11-21T23:53:24,317|[TRACE] graph - -------> nonSkippedSpace
2021-11-21T23:53:24,317|[TRACE] script - #out(` `) [token]
2021-11-21T23:53:24,317|[TRACE] graph - <------- nonSkippedSpace
2021-11-21T23:53:24,317|[TRACE] graph - <----- statementPart
2021-11-21T23:53:24,317|[TRACE] graph - -----> statementPart
2021-11-21T23:53:24,317|[TRACE] graph - -------> nonSkippedChar
2021-11-21T23:53:24,317|[TRACE] script - #out(`O`) [token]
2021-11-21T23:53:24,317|[TRACE] graph - <------- nonSkippedChar
2021-11-21T23:53:24,317|[TRACE] graph - <----- statementPart
2021-11-21T23:53:24,317|[TRACE] graph - -----> statementPart
2021-11-21T23:53:24,317|[TRACE] graph - -------> nonSkippedChar
2021-11-21T23:53:24,317|[TRACE] script - #out(`N`) [token]
2021-11-21T23:53:24,317|[TRACE] graph - <------- nonSkippedChar
2021-11-21T23:53:24,317|[TRACE] graph - <----- statementPart
2021-11-21T23:53:24,317|[TRACE] graph - -----> statementPart
2021-11-21T23:53:24,317|[TRACE] graph - -------> nonSkippedSpace
2021-11-21T23:53:24,317|[TRACE] script - #out(` `) [token]
2021-11-21T23:53:24,317|[TRACE] graph - <------- nonSkippedSpace
2021-11-21T23:53:24,317|[TRACE] graph - <----- statementPart
2021-11-21T23:53:24,317|[TRACE] graph - -----> statementPart
2021-11-21T23:53:24,317|[TRACE] graph - -------> nonSkippedChar
2021-11-21T23:53:24,317|[TRACE] script - #out(`U`) [token]
2021-11-21T23:53:24,317|[TRACE] graph - <------- nonSkippedChar
2021-11-21T23:53:24,317|[TRACE] graph - <----- statementPart
2021-11-21T23:53:24,317|[TRACE] graph - -----> statementPart
2021-11-21T23:53:24,317|[TRACE] graph - -------> nonSkippedChar
2021-11-21T23:53:24,317|[TRACE] script - #out(`P`) [token]
2021-11-21T23:53:24,317|[TRACE] graph - <------- nonSkippedChar
2021-11-21T23:53:24,317|[TRACE] graph - <----- statementPart
2021-11-21T23:53:24,317|[TRACE] graph - -----> statementPart
2021-11-21T23:53:24,317|[TRACE] graph - -------> nonSkippedChar
2021-11-21T23:53:24,317|[TRACE] script - #out(`D`) [token]
2021-11-21T23:53:24,317|[TRACE] graph - <------- nonSkippedChar
2021-11-21T23:53:24,317|[TRACE] graph - <----- statementPart
2021-11-21T23:53:24,317|[TRACE] graph - -----> statementPart
2021-11-21T23:53:24,317|[TRACE] graph - -------> nonSkippedChar
2021-11-21T23:53:24,317|[TRACE] script - #out(`A`) [token]
2021-11-21T23:53:24,317|[TRACE] graph - <------- nonSkippedChar
2021-11-21T23:53:24,317|[TRACE] graph - <----- statementPart
2021-11-21T23:53:24,317|[TRACE] graph - -----> statementPart
2021-11-21T23:53:24,317|[TRACE] graph - -------> nonSkippedChar
2021-11-21T23:53:24,317|[TRACE] script - #out(`T`) [token]
2021-11-21T23:53:24,317|[TRACE] graph - <------- nonSkippedChar
2021-11-21T23:53:24,317|[TRACE] graph - <----- statementPart
2021-11-21T23:53:24,317|[TRACE] graph - -----> statementPart
2021-11-21T23:53:24,317|[TRACE] graph - -------> nonSkippedChar
2021-11-21T23:53:24,317|[TRACE] script - #out(`E`) [token]
2021-11-21T23:53:24,317|[TRACE] graph - <------- nonSkippedChar
2021-11-21T23:53:24,317|[TRACE] graph - <----- statementPart
2021-11-21T23:53:24,317|[TRACE] graph - -----> statementPart
2021-11-21T23:53:24,317|[TRACE] graph - -------> nonSkippedSpace
2021-11-21T23:53:24,317|[TRACE] script - #out(` `) [token]
2021-11-21T23:53:24,317|[TRACE] graph - <------- nonSkippedSpace
2021-11-21T23:53:24,317|[TRACE] graph - <----- statementPart
2021-11-21T23:53:24,317|[TRACE] graph - -----> statementPart
2021-11-21T23:53:24,317|[TRACE] graph - -------> nonSkippedChar
2021-11-21T23:53:24,317|[TRACE] script - #out(`N`) [token]
2021-11-21T23:53:24,317|[TRACE] graph - <------- nonSkippedChar
2021-11-21T23:53:24,317|[TRACE] graph - <----- statementPart
2021-11-21T23:53:24,317|[TRACE] graph - -----> statementPart
2021-11-21T23:53:24,317|[TRACE] graph - -------> nonSkippedChar
2021-11-21T23:53:24,317|[TRACE] script - #out(`O`) [token]
2021-11-21T23:53:24,317|[TRACE] graph - <------- nonSkippedChar
2021-11-21T23:53:24,317|[TRACE] graph - <----- statementPart
2021-11-21T23:53:24,317|[TRACE] graph - -----> statementPart
2021-11-21T23:53:24,317|[TRACE] graph - -------> nonSkippedSpace
2021-11-21T23:53:24,317|[TRACE] script - #out(` `) [token]
2021-11-21T23:53:24,317|[TRACE] graph - <------- nonSkippedSpace
2021-11-21T23:53:24,317|[TRACE] graph - <----- statementPart
2021-11-21T23:53:24,317|[TRACE] graph - -----> statementPart
2021-11-21T23:53:24,317|[TRACE] graph - -------> nonSkippedChar
2021-11-21T23:53:24,317|[TRACE] script - #out(`A`) [token]
2021-11-21T23:53:24,317|[TRACE] graph - <------- nonSkippedChar
2021-11-21T23:53:24,317|[TRACE] graph - <----- statementPart
2021-11-21T23:53:24,317|[TRACE] graph - -----> statementPart
2021-11-21T23:53:24,317|[TRACE] graph - -------> nonSkippedChar
2021-11-21T23:53:24,317|[TRACE] script - #out(`C`) [token]
2021-11-21T23:53:24,317|[TRACE] graph - <------- nonSkippedChar
2021-11-21T23:53:24,317|[TRACE] graph - <----- statementPart
2021-11-21T23:53:24,317|[TRACE] graph - -----> statementPart
2021-11-21T23:53:24,317|[TRACE] graph - -------> nonSkippedChar
2021-11-21T23:53:24,317|[TRACE] script - #out(`T`) [token]
2021-11-21T23:53:24,317|[TRACE] graph - <------- nonSkippedChar
2021-11-21T23:53:24,317|[TRACE] graph - <----- statementPart
2021-11-21T23:53:24,317|[TRACE] graph - -----> statementPart
2021-11-21T23:53:24,317|[TRACE] graph - -------> nonSkippedChar
2021-11-21T23:53:24,317|[TRACE] script - #out(`I`) [token]
2021-11-21T23:53:24,317|[TRACE] graph - <------- nonSkippedChar
2021-11-21T23:53:24,317|[TRACE] graph - <----- statementPart
2021-11-21T23:53:24,317|[TRACE] graph - -----> statementPart
2021-11-21T23:53:24,317|[TRACE] graph - -------> nonSkippedChar
2021-11-21T23:53:24,317|[TRACE] script - #out(`O`) [token]
2021-11-21T23:53:24,317|[TRACE] graph - <------- nonSkippedChar
2021-11-21T23:53:24,317|[TRACE] graph - <----- statementPart
2021-11-21T23:53:24,317|[TRACE] graph - -----> statementPart
2021-11-21T23:53:24,317|[TRACE] graph - -------> nonSkippedChar
2021-11-21T23:53:24,317|[TRACE] script - #out(`N`) [token]
2021-11-21T23:53:24,317|[TRACE] graph - <------- nonSkippedChar
2021-11-21T23:53:24,317|[TRACE] graph - <----- statementPart
2021-11-21T23:53:24,317|[TRACE] graph - -----> statementPart
2021-11-21T23:53:24,317|[TRACE] graph - -------> nonSkippedChar
2021-11-21T23:53:24,317|[TRACE] script - #out(`)`) [token]
2021-11-21T23:53:24,317|[TRACE] graph - <------- nonSkippedChar
2021-11-21T23:53:24,317|[TRACE] graph - <----- statementPart
2021-11-21T23:53:24,317|[TRACE] graph - -----> afterStatementPartNewline
2021-11-21T23:53:24,317|[TRACE] script - #out(` `) [text]
2021-11-21T23:53:24,317|[TRACE] graph - <----- afterStatementPartNewline
2021-11-21T23:53:24,317|[TRACE] graph - -----> statementPart
2021-11-21T23:53:24,317|[TRACE] graph - -------> nonSkippedChar
2021-11-21T23:53:24,317|[TRACE] script - #out(`E`) [token]
2021-11-21T23:53:24,317|[TRACE] graph - <------- nonSkippedChar
2021-11-21T23:53:24,317|[TRACE] graph - <----- statementPart
2021-11-21T23:53:24,317|[TRACE] graph - -----> statementPart
2021-11-21T23:53:24,317|[TRACE] graph - -------> nonSkippedChar
2021-11-21T23:53:24,317|[TRACE] script - #out(`N`) [token]
2021-11-21T23:53:24,317|[TRACE] graph - <------- nonSkippedChar
2021-11-21T23:53:24,317|[TRACE] graph - <----- statementPart
2021-11-21T23:53:24,317|[TRACE] graph - -----> statementPart
2021-11-21T23:53:24,317|[TRACE] graph - -------> nonSkippedChar
2021-11-21T23:53:24,317|[TRACE] script - #out(`G`) [token]
2021-11-21T23:53:24,317|[TRACE] graph - <------- nonSkippedChar
2021-11-21T23:53:24,317|[TRACE] graph - <----- statementPart
2021-11-21T23:53:24,317|[TRACE] graph - -----> statementPart
2021-11-21T23:53:24,317|[TRACE] graph - -------> nonSkippedChar
2021-11-21T23:53:24,317|[TRACE] script - #out(`I`) [token]
2021-11-21T23:53:24,317|[TRACE] graph - <------- nonSkippedChar
2021-11-21T23:53:24,317|[TRACE] graph - <----- statementPart
2021-11-21T23:53:24,317|[TRACE] graph - -----> statementPart
2021-11-21T23:53:24,317|[TRACE] graph - -------> nonSkippedChar
2021-11-21T23:53:24,317|[TRACE] script - #out(`N`) [token]
2021-11-21T23:53:24,317|[TRACE] graph - <------- nonSkippedChar
2021-11-21T23:53:24,317|[TRACE] graph - <----- statementPart
2021-11-21T23:53:24,317|[TRACE] graph - -----> statementPart
2021-11-21T23:53:24,317|[TRACE] graph - -------> nonSkippedChar
2021-11-21T23:53:24,317|[TRACE] script - #out(`E`) [token]
2021-11-21T23:53:24,317|[TRACE] graph - <------- nonSkippedChar
2021-11-21T23:53:24,317|[TRACE] graph - <----- statementPart
2021-11-21T23:53:24,317|[TRACE] graph - -----> statementPart
2021-11-21T23:53:24,317|[TRACE] graph - -------> nonSkippedSpace
2021-11-21T23:53:24,317|[TRACE] script - #out(` `) [token]
2021-11-21T23:53:24,317|[TRACE] graph - <------- nonSkippedSpace
2021-11-21T23:53:24,317|[TRACE] graph - <----- statementPart
2021-11-21T23:53:24,317|[TRACE] graph - -----> statementPart
2021-11-21T23:53:24,317|[TRACE] graph - -------> nonSkippedChar
2021-11-21T23:53:24,317|[TRACE] script - #out(`=`) [token]
2021-11-21T23:53:24,317|[TRACE] graph - <------- nonSkippedChar
2021-11-21T23:53:24,317|[TRACE] graph - <----- statementPart
2021-11-21T23:53:24,317|[TRACE] graph - -----> statementPart
2021-11-21T23:53:24,317|[TRACE] graph - -------> nonSkippedSpace
2021-11-21T23:53:24,317|[TRACE] script - #out(` `) [token]
2021-11-21T23:53:24,317|[TRACE] graph - <------- nonSkippedSpace
2021-11-21T23:53:24,317|[TRACE] graph - <----- statementPart
2021-11-21T23:53:24,317|[TRACE] graph - -----> statementPart
2021-11-21T23:53:24,317|[TRACE] graph - -------> nonSkippedChar
2021-11-21T23:53:24,317|[TRACE] script - #out(`I`) [token]
2021-11-21T23:53:24,317|[TRACE] graph - <------- nonSkippedChar
2021-11-21T23:53:24,317|[TRACE] graph - <----- statementPart
2021-11-21T23:53:24,317|[TRACE] graph - -----> statementPart
2021-11-21T23:53:24,317|[TRACE] graph - -------> nonSkippedChar
2021-11-21T23:53:24,317|[TRACE] script - #out(`n`) [token]
2021-11-21T23:53:24,317|[TRACE] graph - <------- nonSkippedChar
2021-11-21T23:53:24,317|[TRACE] graph - <----- statementPart
2021-11-21T23:53:24,317|[TRACE] graph - -----> statementPart
2021-11-21T23:53:24,317|[TRACE] graph - -------> nonSkippedChar
2021-11-21T23:53:24,317|[TRACE] script - #out(`n`) [token]
2021-11-21T23:53:24,317|[TRACE] graph - <------- nonSkippedChar
2021-11-21T23:53:24,317|[TRACE] graph - <----- statementPart
2021-11-21T23:53:24,317|[TRACE] graph - -----> statementPart
2021-11-21T23:53:24,317|[TRACE] graph - -------> nonSkippedChar
2021-11-21T23:53:24,317|[TRACE] script - #out(`o`) [token]
2021-11-21T23:53:24,317|[TRACE] graph - <------- nonSkippedChar
2021-11-21T23:53:24,317|[TRACE] graph - <----- statementPart
2021-11-21T23:53:24,317|[TRACE] graph - -----> statementPart
2021-11-21T23:53:24,317|[TRACE] graph - -------> nonSkippedChar
2021-11-21T23:53:24,317|[TRACE] script - #out(`D`) [token]
2021-11-21T23:53:24,317|[TRACE] graph - <------- nonSkippedChar
2021-11-21T23:53:24,317|[TRACE] graph - <----- statementPart
2021-11-21T23:53:24,317|[TRACE] graph - -----> statementPart
2021-11-21T23:53:24,317|[TRACE] graph - -------> nonSkippedChar
2021-11-21T23:53:24,317|[TRACE] script - #out(`B`) [token]
2021-11-21T23:53:24,317|[TRACE] graph - <------- nonSkippedChar
2021-11-21T23:53:24,317|[TRACE] graph - <----- statementPart
2021-11-21T23:53:24,317|[DEBUG] graph - Import statement : CREATE TABLE IF NOT EXISTS `bloodbank`.`contact` (   `person_id` INT NOT NULL,   `phone_id` INT NOT NULL,   `contact_type` VARCHAR(10) NOT NULL,   `email` VARCHAR(100) NULL,   `address_id` INT NULL,   `created` BIGINT NOT NULL DEFAULT (unix_timestamp(now()) * 1000),   `updated` BIGINT NOT NULL DEFAULT (unix_timestamp(now()) * 1000),   `version` INT NOT NULL DEFAULT 1,   PRIMARY KEY (`person_id`, `phone_id`),   INDEX `fk_contact_phone1_idx` (`phone_id` ASC) VISIBLE,   INDEX `fk_contact_person1_idx` (`person_id` ASC) VISIBLE,   CONSTRAINT `fk_contact_address1`     FOREIGN KEY (`address_id`)     REFERENCES `bloodbank`.`address` (`address_id`)     ON DELETE NO ACTION     ON UPDATE NO ACTION,   CONSTRAINT `fk_contact_phone1`     FOREIGN KEY (`phone_id`)     REFERENCES `bloodbank`.`phone` (`phone_id`)     ON DELETE NO ACTION     ON UPDATE NO ACTION,   CONSTRAINT `fk_contact_person1`     FOREIGN KEY (`person_id`)     REFERENCES `bloodbank`.`person` (`id`)     ON DELETE NO ACTION     ON UPDATE NO ACTION) ENGINE = InnoDB
2021-11-21T23:53:24,355|[TRACE] graph - <--- statement
2021-11-21T23:53:24,355|[TRACE] graph - ---> blankSpacesToSkip
2021-11-21T23:53:24,355|[TRACE] graph - -----> newLineToSkip
2021-11-21T23:53:24,355|[TRACE] graph - <----- newLineToSkip
2021-11-21T23:53:24,355|[TRACE] graph - -----> newLineToSkip
2021-11-21T23:53:24,355|[TRACE] graph - <----- newLineToSkip
2021-11-21T23:53:24,355|[TRACE] graph - -----> newLineToSkip
2021-11-21T23:53:24,355|[TRACE] graph - <----- newLineToSkip
2021-11-21T23:53:24,355|[TRACE] graph - <--- blankSpacesToSkip
2021-11-21T23:53:24,355|[TRACE] graph - ---> statement
2021-11-21T23:53:24,355|[TRACE] graph - -----> statementFirstPart
2021-11-21T23:53:24,355|[TRACE] graph - -------> nonSkippedChar
2021-11-21T23:53:24,355|[TRACE] script - #out(`S`) [token]
2021-11-21T23:53:24,355|[TRACE] graph - <------- nonSkippedChar
2021-11-21T23:53:24,355|[TRACE] graph - <----- statementFirstPart
2021-11-21T23:53:24,355|[TRACE] graph - -----> statementPart
2021-11-21T23:53:24,355|[TRACE] graph - -------> nonSkippedChar
2021-11-21T23:53:24,355|[TRACE] script - #out(`E`) [token]
2021-11-21T23:53:24,355|[TRACE] graph - <------- nonSkippedChar
2021-11-21T23:53:24,355|[TRACE] graph - <----- statementPart
2021-11-21T23:53:24,355|[TRACE] graph - -----> statementPart
2021-11-21T23:53:24,355|[TRACE] graph - -------> nonSkippedChar
2021-11-21T23:53:24,355|[TRACE] script - #out(`T`) [token]
2021-11-21T23:53:24,355|[TRACE] graph - <------- nonSkippedChar
2021-11-21T23:53:24,355|[TRACE] graph - <----- statementPart
2021-11-21T23:53:24,355|[TRACE] graph - -----> statementPart
2021-11-21T23:53:24,355|[TRACE] graph - -------> nonSkippedSpace
2021-11-21T23:53:24,355|[TRACE] script - #out(` `) [token]
2021-11-21T23:53:24,355|[TRACE] graph - <------- nonSkippedSpace
2021-11-21T23:53:24,355|[TRACE] graph - <----- statementPart
2021-11-21T23:53:24,355|[TRACE] graph - -----> statementPart
2021-11-21T23:53:24,355|[TRACE] graph - -------> nonSkippedChar
2021-11-21T23:53:24,355|[TRACE] script - #out(`S`) [token]
2021-11-21T23:53:24,355|[TRACE] graph - <------- nonSkippedChar
2021-11-21T23:53:24,355|[TRACE] graph - <----- statementPart
2021-11-21T23:53:24,355|[TRACE] graph - -----> statementPart
2021-11-21T23:53:24,355|[TRACE] graph - -------> nonSkippedChar
2021-11-21T23:53:24,355|[TRACE] script - #out(`Q`) [token]
2021-11-21T23:53:24,355|[TRACE] graph - <------- nonSkippedChar
2021-11-21T23:53:24,355|[TRACE] graph - <----- statementPart
2021-11-21T23:53:24,355|[TRACE] graph - -----> statementPart
2021-11-21T23:53:24,355|[TRACE] graph - -------> nonSkippedChar
2021-11-21T23:53:24,355|[TRACE] script - #out(`L`) [token]
2021-11-21T23:53:24,355|[TRACE] graph - <------- nonSkippedChar
2021-11-21T23:53:24,355|[TRACE] graph - <----- statementPart
2021-11-21T23:53:24,355|[TRACE] graph - -----> statementPart
2021-11-21T23:53:24,355|[TRACE] graph - -------> nonSkippedChar
2021-11-21T23:53:24,355|[TRACE] script - #out(`_`) [token]
2021-11-21T23:53:24,355|[TRACE] graph - <------- nonSkippedChar
2021-11-21T23:53:24,355|[TRACE] graph - <----- statementPart
2021-11-21T23:53:24,355|[TRACE] graph - -----> statementPart
2021-11-21T23:53:24,355|[TRACE] graph - -------> nonSkippedChar
2021-11-21T23:53:24,355|[TRACE] script - #out(`M`) [token]
2021-11-21T23:53:24,355|[TRACE] graph - <------- nonSkippedChar
2021-11-21T23:53:24,355|[TRACE] graph - <----- statementPart
2021-11-21T23:53:24,355|[TRACE] graph - -----> statementPart
2021-11-21T23:53:24,355|[TRACE] graph - -------> nonSkippedChar
2021-11-21T23:53:24,355|[TRACE] script - #out(`O`) [token]
2021-11-21T23:53:24,355|[TRACE] graph - <------- nonSkippedChar
2021-11-21T23:53:24,355|[TRACE] graph - <----- statementPart
2021-11-21T23:53:24,355|[TRACE] graph - -----> statementPart
2021-11-21T23:53:24,355|[TRACE] graph - -------> nonSkippedChar
2021-11-21T23:53:24,355|[TRACE] script - #out(`D`) [token]
2021-11-21T23:53:24,355|[TRACE] graph - <------- nonSkippedChar
2021-11-21T23:53:24,355|[TRACE] graph - <----- statementPart
2021-11-21T23:53:24,355|[TRACE] graph - -----> statementPart
2021-11-21T23:53:24,355|[TRACE] graph - -------> nonSkippedChar
2021-11-21T23:53:24,355|[TRACE] script - #out(`E`) [token]
2021-11-21T23:53:24,355|[TRACE] graph - <------- nonSkippedChar
2021-11-21T23:53:24,355|[TRACE] graph - <----- statementPart
2021-11-21T23:53:24,355|[TRACE] graph - -----> statementPart
2021-11-21T23:53:24,355|[TRACE] graph - -------> nonSkippedChar
2021-11-21T23:53:24,355|[TRACE] script - #out(`=`) [token]
2021-11-21T23:53:24,355|[TRACE] graph - <------- nonSkippedChar
2021-11-21T23:53:24,355|[TRACE] graph - <----- statementPart
2021-11-21T23:53:24,355|[TRACE] graph - -----> statementPart
2021-11-21T23:53:24,355|[TRACE] graph - -------> nonSkippedChar
2021-11-21T23:53:24,355|[TRACE] script - #out(`@`) [token]
2021-11-21T23:53:24,355|[TRACE] graph - <------- nonSkippedChar
2021-11-21T23:53:24,355|[TRACE] graph - <----- statementPart
2021-11-21T23:53:24,355|[TRACE] graph - -----> statementPart
2021-11-21T23:53:24,355|[TRACE] graph - -------> nonSkippedChar
2021-11-21T23:53:24,355|[TRACE] script - #out(`O`) [token]
2021-11-21T23:53:24,355|[TRACE] graph - <------- nonSkippedChar
2021-11-21T23:53:24,355|[TRACE] graph - <----- statementPart
2021-11-21T23:53:24,355|[TRACE] graph - -----> statementPart
2021-11-21T23:53:24,355|[TRACE] graph - -------> nonSkippedChar
2021-11-21T23:53:24,355|[TRACE] script - #out(`L`) [token]
2021-11-21T23:53:24,355|[TRACE] graph - <------- nonSkippedChar
2021-11-21T23:53:24,355|[TRACE] graph - <----- statementPart
2021-11-21T23:53:24,355|[TRACE] graph - -----> statementPart
2021-11-21T23:53:24,355|[TRACE] graph - -------> nonSkippedChar
2021-11-21T23:53:24,355|[TRACE] script - #out(`D`) [token]
2021-11-21T23:53:24,355|[TRACE] graph - <------- nonSkippedChar
2021-11-21T23:53:24,356|[TRACE] graph - <----- statementPart
2021-11-21T23:53:24,356|[TRACE] graph - -----> statementPart
2021-11-21T23:53:24,356|[TRACE] graph - -------> nonSkippedChar
2021-11-21T23:53:24,356|[TRACE] script - #out(`_`) [token]
2021-11-21T23:53:24,356|[TRACE] graph - <------- nonSkippedChar
2021-11-21T23:53:24,356|[TRACE] graph - <----- statementPart
2021-11-21T23:53:24,356|[TRACE] graph - -----> statementPart
2021-11-21T23:53:24,356|[TRACE] graph - -------> nonSkippedChar
2021-11-21T23:53:24,356|[TRACE] script - #out(`S`) [token]
2021-11-21T23:53:24,356|[TRACE] graph - <------- nonSkippedChar
2021-11-21T23:53:24,356|[TRACE] graph - <----- statementPart
2021-11-21T23:53:24,356|[TRACE] graph - -----> statementPart
2021-11-21T23:53:24,356|[TRACE] graph - -------> nonSkippedChar
2021-11-21T23:53:24,356|[TRACE] script - #out(`Q`) [token]
2021-11-21T23:53:24,356|[TRACE] graph - <------- nonSkippedChar
2021-11-21T23:53:24,356|[TRACE] graph - <----- statementPart
2021-11-21T23:53:24,356|[TRACE] graph - -----> statementPart
2021-11-21T23:53:24,356|[TRACE] graph - -------> nonSkippedChar
2021-11-21T23:53:24,356|[TRACE] script - #out(`L`) [token]
2021-11-21T23:53:24,356|[TRACE] graph - <------- nonSkippedChar
2021-11-21T23:53:24,356|[TRACE] graph - <----- statementPart
2021-11-21T23:53:24,356|[TRACE] graph - -----> statementPart
2021-11-21T23:53:24,356|[TRACE] graph - -------> nonSkippedChar
2021-11-21T23:53:24,356|[TRACE] script - #out(`_`) [token]
2021-11-21T23:53:24,356|[TRACE] graph - <------- nonSkippedChar
2021-11-21T23:53:24,356|[TRACE] graph - <----- statementPart
2021-11-21T23:53:24,356|[TRACE] graph - -----> statementPart
2021-11-21T23:53:24,356|[TRACE] graph - -------> nonSkippedChar
2021-11-21T23:53:24,356|[TRACE] script - #out(`M`) [token]
2021-11-21T23:53:24,356|[TRACE] graph - <------- nonSkippedChar
2021-11-21T23:53:24,356|[TRACE] graph - <----- statementPart
2021-11-21T23:53:24,356|[TRACE] graph - -----> statementPart
2021-11-21T23:53:24,356|[TRACE] graph - -------> nonSkippedChar
2021-11-21T23:53:24,356|[TRACE] script - #out(`O`) [token]
2021-11-21T23:53:24,356|[TRACE] graph - <------- nonSkippedChar
2021-11-21T23:53:24,356|[TRACE] graph - <----- statementPart
2021-11-21T23:53:24,356|[TRACE] graph - -----> statementPart
2021-11-21T23:53:24,356|[TRACE] graph - -------> nonSkippedChar
2021-11-21T23:53:24,356|[TRACE] script - #out(`D`) [token]
2021-11-21T23:53:24,356|[TRACE] graph - <------- nonSkippedChar
2021-11-21T23:53:24,356|[TRACE] graph - <----- statementPart
2021-11-21T23:53:24,356|[TRACE] graph - -----> statementPart
2021-11-21T23:53:24,356|[TRACE] graph - -------> nonSkippedChar
2021-11-21T23:53:24,356|[TRACE] script - #out(`E`) [token]
2021-11-21T23:53:24,356|[TRACE] graph - <------- nonSkippedChar
2021-11-21T23:53:24,356|[TRACE] graph - <----- statementPart
2021-11-21T23:53:24,356|[DEBUG] graph - Import statement : SET SQL_MODE=@OLD_SQL_MODE
2021-11-21T23:53:24,356|[TRACE] graph - <--- statement
2021-11-21T23:53:24,356|[TRACE] graph - ---> blankSpacesToSkip
2021-11-21T23:53:24,356|[TRACE] graph - -----> newLineToSkip
2021-11-21T23:53:24,356|[TRACE] graph - <----- newLineToSkip
2021-11-21T23:53:24,356|[TRACE] graph - <--- blankSpacesToSkip
2021-11-21T23:53:24,356|[TRACE] graph - ---> statement
2021-11-21T23:53:24,356|[TRACE] graph - -----> statementFirstPart
2021-11-21T23:53:24,356|[TRACE] graph - -------> nonSkippedChar
2021-11-21T23:53:24,356|[TRACE] script - #out(`S`) [token]
2021-11-21T23:53:24,356|[TRACE] graph - <------- nonSkippedChar
2021-11-21T23:53:24,356|[TRACE] graph - <----- statementFirstPart
2021-11-21T23:53:24,356|[TRACE] graph - -----> statementPart
2021-11-21T23:53:24,356|[TRACE] graph - -------> nonSkippedChar
2021-11-21T23:53:24,356|[TRACE] script - #out(`E`) [token]
2021-11-21T23:53:24,356|[TRACE] graph - <------- nonSkippedChar
2021-11-21T23:53:24,356|[TRACE] graph - <----- statementPart
2021-11-21T23:53:24,356|[TRACE] graph - -----> statementPart
2021-11-21T23:53:24,356|[TRACE] graph - -------> nonSkippedChar
2021-11-21T23:53:24,356|[TRACE] script - #out(`T`) [token]
2021-11-21T23:53:24,356|[TRACE] graph - <------- nonSkippedChar
2021-11-21T23:53:24,356|[TRACE] graph - <----- statementPart
2021-11-21T23:53:24,356|[TRACE] graph - -----> statementPart
2021-11-21T23:53:24,356|[TRACE] graph - -------> nonSkippedSpace
2021-11-21T23:53:24,356|[TRACE] script - #out(` `) [token]
2021-11-21T23:53:24,356|[TRACE] graph - <------- nonSkippedSpace
2021-11-21T23:53:24,356|[TRACE] graph - <----- statementPart
2021-11-21T23:53:24,356|[TRACE] graph - -----> statementPart
2021-11-21T23:53:24,356|[TRACE] graph - -------> nonSkippedChar
2021-11-21T23:53:24,356|[TRACE] script - #out(`F`) [token]
2021-11-21T23:53:24,356|[TRACE] graph - <------- nonSkippedChar
2021-11-21T23:53:24,356|[TRACE] graph - <----- statementPart
2021-11-21T23:53:24,356|[TRACE] graph - -----> statementPart
2021-11-21T23:53:24,356|[TRACE] graph - -------> nonSkippedChar
2021-11-21T23:53:24,356|[TRACE] script - #out(`O`) [token]
2021-11-21T23:53:24,356|[TRACE] graph - <------- nonSkippedChar
2021-11-21T23:53:24,356|[TRACE] graph - <----- statementPart
2021-11-21T23:53:24,356|[TRACE] graph - -----> statementPart
2021-11-21T23:53:24,356|[TRACE] graph - -------> nonSkippedChar
2021-11-21T23:53:24,356|[TRACE] script - #out(`R`) [token]
2021-11-21T23:53:24,356|[TRACE] graph - <------- nonSkippedChar
2021-11-21T23:53:24,356|[TRACE] graph - <----- statementPart
2021-11-21T23:53:24,356|[TRACE] graph - -----> statementPart
2021-11-21T23:53:24,356|[TRACE] graph - -------> nonSkippedChar
2021-11-21T23:53:24,356|[TRACE] script - #out(`E`) [token]
2021-11-21T23:53:24,356|[TRACE] graph - <------- nonSkippedChar
2021-11-21T23:53:24,356|[TRACE] graph - <----- statementPart
2021-11-21T23:53:24,356|[TRACE] graph - -----> statementPart
2021-11-21T23:53:24,356|[TRACE] graph - -------> nonSkippedChar
2021-11-21T23:53:24,356|[TRACE] script - #out(`I`) [token]
2021-11-21T23:53:24,356|[TRACE] graph - <------- nonSkippedChar
2021-11-21T23:53:24,356|[TRACE] graph - <----- statementPart
2021-11-21T23:53:24,356|[TRACE] graph - -----> statementPart
2021-11-21T23:53:24,356|[TRACE] graph - -------> nonSkippedChar
2021-11-21T23:53:24,356|[TRACE] script - #out(`G`) [token]
2021-11-21T23:53:24,356|[TRACE] graph - <------- nonSkippedChar
2021-11-21T23:53:24,356|[TRACE] graph - <----- statementPart
2021-11-21T23:53:24,356|[TRACE] graph - -----> statementPart
2021-11-21T23:53:24,356|[TRACE] graph - -------> nonSkippedChar
2021-11-21T23:53:24,356|[TRACE] script - #out(`N`) [token]
2021-11-21T23:53:24,356|[TRACE] graph - <------- nonSkippedChar
2021-11-21T23:53:24,356|[TRACE] graph - <----- statementPart
2021-11-21T23:53:24,356|[TRACE] graph - -----> statementPart
2021-11-21T23:53:24,356|[TRACE] graph - -------> nonSkippedChar
2021-11-21T23:53:24,356|[TRACE] script - #out(`_`) [token]
2021-11-21T23:53:24,356|[TRACE] graph - <------- nonSkippedChar
2021-11-21T23:53:24,356|[TRACE] graph - <----- statementPart
2021-11-21T23:53:24,356|[TRACE] graph - -----> statementPart
2021-11-21T23:53:24,356|[TRACE] graph - -------> nonSkippedChar
2021-11-21T23:53:24,356|[TRACE] script - #out(`K`) [token]
2021-11-21T23:53:24,356|[TRACE] graph - <------- nonSkippedChar
2021-11-21T23:53:24,356|[TRACE] graph - <----- statementPart
2021-11-21T23:53:24,356|[TRACE] graph - -----> statementPart
2021-11-21T23:53:24,356|[TRACE] graph - -------> nonSkippedChar
2021-11-21T23:53:24,356|[TRACE] script - #out(`E`) [token]
2021-11-21T23:53:24,356|[TRACE] graph - <------- nonSkippedChar
2021-11-21T23:53:24,356|[TRACE] graph - <----- statementPart
2021-11-21T23:53:24,356|[TRACE] graph - -----> statementPart
2021-11-21T23:53:24,356|[TRACE] graph - -------> nonSkippedChar
2021-11-21T23:53:24,356|[TRACE] script - #out(`Y`) [token]
2021-11-21T23:53:24,356|[TRACE] graph - <------- nonSkippedChar
2021-11-21T23:53:24,356|[TRACE] graph - <----- statementPart
2021-11-21T23:53:24,356|[TRACE] graph - -----> statementPart
2021-11-21T23:53:24,356|[TRACE] graph - -------> nonSkippedChar
2021-11-21T23:53:24,356|[TRACE] script - #out(`_`) [token]
2021-11-21T23:53:24,356|[TRACE] graph - <------- nonSkippedChar
2021-11-21T23:53:24,356|[TRACE] graph - <----- statementPart
2021-11-21T23:53:24,356|[TRACE] graph - -----> statementPart
2021-11-21T23:53:24,356|[TRACE] graph - -------> nonSkippedChar
2021-11-21T23:53:24,356|[TRACE] script - #out(`C`) [token]
2021-11-21T23:53:24,356|[TRACE] graph - <------- nonSkippedChar
2021-11-21T23:53:24,356|[TRACE] graph - <----- statementPart
2021-11-21T23:53:24,356|[TRACE] graph - -----> statementPart
2021-11-21T23:53:24,356|[TRACE] graph - -------> nonSkippedChar
2021-11-21T23:53:24,356|[TRACE] script - #out(`H`) [token]
2021-11-21T23:53:24,356|[TRACE] graph - <------- nonSkippedChar
2021-11-21T23:53:24,356|[TRACE] graph - <----- statementPart
2021-11-21T23:53:24,356|[TRACE] graph - -----> statementPart
2021-11-21T23:53:24,356|[TRACE] graph - -------> nonSkippedChar
2021-11-21T23:53:24,356|[TRACE] script - #out(`E`) [token]
2021-11-21T23:53:24,356|[TRACE] graph - <------- nonSkippedChar
2021-11-21T23:53:24,356|[TRACE] graph - <----- statementPart
2021-11-21T23:53:24,356|[TRACE] graph - -----> statementPart
2021-11-21T23:53:24,356|[TRACE] graph - -------> nonSkippedChar
2021-11-21T23:53:24,356|[TRACE] script - #out(`C`) [token]
2021-11-21T23:53:24,356|[TRACE] graph - <------- nonSkippedChar
2021-11-21T23:53:24,356|[TRACE] graph - <----- statementPart
2021-11-21T23:53:24,356|[TRACE] graph - -----> statementPart
2021-11-21T23:53:24,356|[TRACE] graph - -------> nonSkippedChar
2021-11-21T23:53:24,356|[TRACE] script - #out(`K`) [token]
2021-11-21T23:53:24,356|[TRACE] graph - <------- nonSkippedChar
2021-11-21T23:53:24,356|[TRACE] graph - <----- statementPart
2021-11-21T23:53:24,356|[TRACE] graph - -----> statementPart
2021-11-21T23:53:24,356|[TRACE] graph - -------> nonSkippedChar
2021-11-21T23:53:24,356|[TRACE] script - #out(`S`) [token]
2021-11-21T23:53:24,356|[TRACE] graph - <------- nonSkippedChar
2021-11-21T23:53:24,356|[TRACE] graph - <----- statementPart
2021-11-21T23:53:24,356|[TRACE] graph - -----> statementPart
2021-11-21T23:53:24,356|[TRACE] graph - -------> nonSkippedChar
2021-11-21T23:53:24,356|[TRACE] script - #out(`=`) [token]
2021-11-21T23:53:24,356|[TRACE] graph - <------- nonSkippedChar
2021-11-21T23:53:24,356|[TRACE] graph - <----- statementPart
2021-11-21T23:53:24,356|[TRACE] graph - -----> statementPart
2021-11-21T23:53:24,356|[TRACE] graph - -------> nonSkippedChar
2021-11-21T23:53:24,356|[TRACE] script - #out(`@`) [token]
2021-11-21T23:53:24,356|[TRACE] graph - <------- nonSkippedChar
2021-11-21T23:53:24,356|[TRACE] graph - <----- statementPart
2021-11-21T23:53:24,356|[TRACE] graph - -----> statementPart
2021-11-21T23:53:24,356|[TRACE] graph - -------> nonSkippedChar
2021-11-21T23:53:24,356|[TRACE] script - #out(`O`) [token]
2021-11-21T23:53:24,356|[TRACE] graph - <------- nonSkippedChar
2021-11-21T23:53:24,356|[TRACE] graph - <----- statementPart
2021-11-21T23:53:24,356|[TRACE] graph - -----> statementPart
2021-11-21T23:53:24,356|[TRACE] graph - -------> nonSkippedChar
2021-11-21T23:53:24,356|[TRACE] script - #out(`L`) [token]
2021-11-21T23:53:24,356|[TRACE] graph - <------- nonSkippedChar
2021-11-21T23:53:24,356|[TRACE] graph - <----- statementPart
2021-11-21T23:53:24,356|[TRACE] graph - -----> statementPart
2021-11-21T23:53:24,356|[TRACE] graph - -------> nonSkippedChar
2021-11-21T23:53:24,356|[TRACE] script - #out(`D`) [token]
2021-11-21T23:53:24,356|[TRACE] graph - <------- nonSkippedChar
2021-11-21T23:53:24,356|[TRACE] graph - <----- statementPart
2021-11-21T23:53:24,356|[TRACE] graph - -----> statementPart
2021-11-21T23:53:24,356|[TRACE] graph - -------> nonSkippedChar
2021-11-21T23:53:24,356|[TRACE] script - #out(`_`) [token]
2021-11-21T23:53:24,356|[TRACE] graph - <------- nonSkippedChar
2021-11-21T23:53:24,356|[TRACE] graph - <----- statementPart
2021-11-21T23:53:24,356|[TRACE] graph - -----> statementPart
2021-11-21T23:53:24,356|[TRACE] graph - -------> nonSkippedChar
2021-11-21T23:53:24,356|[TRACE] script - #out(`F`) [token]
2021-11-21T23:53:24,356|[TRACE] graph - <------- nonSkippedChar
2021-11-21T23:53:24,356|[TRACE] graph - <----- statementPart
2021-11-21T23:53:24,356|[TRACE] graph - -----> statementPart
2021-11-21T23:53:24,356|[TRACE] graph - -------> nonSkippedChar
2021-11-21T23:53:24,356|[TRACE] script - #out(`O`) [token]
2021-11-21T23:53:24,356|[TRACE] graph - <------- nonSkippedChar
2021-11-21T23:53:24,356|[TRACE] graph - <----- statementPart
2021-11-21T23:53:24,356|[TRACE] graph - -----> statementPart
2021-11-21T23:53:24,356|[TRACE] graph - -------> nonSkippedChar
2021-11-21T23:53:24,356|[TRACE] script - #out(`R`) [token]
2021-11-21T23:53:24,356|[TRACE] graph - <------- nonSkippedChar
2021-11-21T23:53:24,356|[TRACE] graph - <----- statementPart
2021-11-21T23:53:24,356|[TRACE] graph - -----> statementPart
2021-11-21T23:53:24,356|[TRACE] graph - -------> nonSkippedChar
2021-11-21T23:53:24,356|[TRACE] script - #out(`E`) [token]
2021-11-21T23:53:24,356|[TRACE] graph - <------- nonSkippedChar
2021-11-21T23:53:24,356|[TRACE] graph - <----- statementPart
2021-11-21T23:53:24,356|[TRACE] graph - -----> statementPart
2021-11-21T23:53:24,356|[TRACE] graph - -------> nonSkippedChar
2021-11-21T23:53:24,356|[TRACE] script - #out(`I`) [token]
2021-11-21T23:53:24,356|[TRACE] graph - <------- nonSkippedChar
2021-11-21T23:53:24,356|[TRACE] graph - <----- statementPart
2021-11-21T23:53:24,356|[TRACE] graph - -----> statementPart
2021-11-21T23:53:24,356|[TRACE] graph - -------> nonSkippedChar
2021-11-21T23:53:24,356|[TRACE] script - #out(`G`) [token]
2021-11-21T23:53:24,356|[TRACE] graph - <------- nonSkippedChar
2021-11-21T23:53:24,356|[TRACE] graph - <----- statementPart
2021-11-21T23:53:24,356|[TRACE] graph - -----> statementPart
2021-11-21T23:53:24,356|[TRACE] graph - -------> nonSkippedChar
2021-11-21T23:53:24,356|[TRACE] script - #out(`N`) [token]
2021-11-21T23:53:24,356|[TRACE] graph - <------- nonSkippedChar
2021-11-21T23:53:24,356|[TRACE] graph - <----- statementPart
2021-11-21T23:53:24,356|[TRACE] graph - -----> statementPart
2021-11-21T23:53:24,356|[TRACE] graph - -------> nonSkippedChar
2021-11-21T23:53:24,356|[TRACE] script - #out(`_`) [token]
2021-11-21T23:53:24,356|[TRACE] graph - <------- nonSkippedChar
2021-11-21T23:53:24,356|[TRACE] graph - <----- statementPart
2021-11-21T23:53:24,356|[TRACE] graph - -----> statementPart
2021-11-21T23:53:24,356|[TRACE] graph - -------> nonSkippedChar
2021-11-21T23:53:24,356|[TRACE] script - #out(`K`) [token]
2021-11-21T23:53:24,356|[TRACE] graph - <------- nonSkippedChar
2021-11-21T23:53:24,356|[TRACE] graph - <----- statementPart
2021-11-21T23:53:24,356|[TRACE] graph - -----> statementPart
2021-11-21T23:53:24,356|[TRACE] graph - -------> nonSkippedChar
2021-11-21T23:53:24,356|[TRACE] script - #out(`E`) [token]
2021-11-21T23:53:24,356|[TRACE] graph - <------- nonSkippedChar
2021-11-21T23:53:24,356|[TRACE] graph - <----- statementPart
2021-11-21T23:53:24,356|[TRACE] graph - -----> statementPart
2021-11-21T23:53:24,356|[TRACE] graph - -------> nonSkippedChar
2021-11-21T23:53:24,356|[TRACE] script - #out(`Y`) [token]
2021-11-21T23:53:24,356|[TRACE] graph - <------- nonSkippedChar
2021-11-21T23:53:24,356|[TRACE] graph - <----- statementPart
2021-11-21T23:53:24,356|[TRACE] graph - -----> statementPart
2021-11-21T23:53:24,356|[TRACE] graph - -------> nonSkippedChar
2021-11-21T23:53:24,356|[TRACE] script - #out(`_`) [token]
2021-11-21T23:53:24,356|[TRACE] graph - <------- nonSkippedChar
2021-11-21T23:53:24,356|[TRACE] graph - <----- statementPart
2021-11-21T23:53:24,356|[TRACE] graph - -----> statementPart
2021-11-21T23:53:24,356|[TRACE] graph - -------> nonSkippedChar
2021-11-21T23:53:24,356|[TRACE] script - #out(`C`) [token]
2021-11-21T23:53:24,356|[TRACE] graph - <------- nonSkippedChar
2021-11-21T23:53:24,356|[TRACE] graph - <----- statementPart
2021-11-21T23:53:24,356|[TRACE] graph - -----> statementPart
2021-11-21T23:53:24,356|[TRACE] graph - -------> nonSkippedChar
2021-11-21T23:53:24,356|[TRACE] script - #out(`H`) [token]
2021-11-21T23:53:24,356|[TRACE] graph - <------- nonSkippedChar
2021-11-21T23:53:24,356|[TRACE] graph - <----- statementPart
2021-11-21T23:53:24,356|[TRACE] graph - -----> statementPart
2021-11-21T23:53:24,356|[TRACE] graph - -------> nonSkippedChar
2021-11-21T23:53:24,356|[TRACE] script - #out(`E`) [token]
2021-11-21T23:53:24,356|[TRACE] graph - <------- nonSkippedChar
2021-11-21T23:53:24,356|[TRACE] graph - <----- statementPart
2021-11-21T23:53:24,356|[TRACE] graph - -----> statementPart
2021-11-21T23:53:24,356|[TRACE] graph - -------> nonSkippedChar
2021-11-21T23:53:24,357|[TRACE] script - #out(`C`) [token]
2021-11-21T23:53:24,357|[TRACE] graph - <------- nonSkippedChar
2021-11-21T23:53:24,357|[TRACE] graph - <----- statementPart
2021-11-21T23:53:24,357|[TRACE] graph - -----> statementPart
2021-11-21T23:53:24,357|[TRACE] graph - -------> nonSkippedChar
2021-11-21T23:53:24,357|[TRACE] script - #out(`K`) [token]
2021-11-21T23:53:24,357|[TRACE] graph - <------- nonSkippedChar
2021-11-21T23:53:24,357|[TRACE] graph - <----- statementPart
2021-11-21T23:53:24,357|[TRACE] graph - -----> statementPart
2021-11-21T23:53:24,357|[TRACE] graph - -------> nonSkippedChar
2021-11-21T23:53:24,357|[TRACE] script - #out(`S`) [token]
2021-11-21T23:53:24,357|[TRACE] graph - <------- nonSkippedChar
2021-11-21T23:53:24,357|[TRACE] graph - <----- statementPart
2021-11-21T23:53:24,357|[DEBUG] graph - Import statement : SET FOREIGN_KEY_CHECKS=@OLD_FOREIGN_KEY_CHECKS
2021-11-21T23:53:24,357|[TRACE] graph - <--- statement
2021-11-21T23:53:24,357|[TRACE] graph - ---> blankSpacesToSkip
2021-11-21T23:53:24,357|[TRACE] graph - -----> newLineToSkip
2021-11-21T23:53:24,357|[TRACE] graph - <----- newLineToSkip
2021-11-21T23:53:24,357|[TRACE] graph - <--- blankSpacesToSkip
2021-11-21T23:53:24,357|[TRACE] graph - ---> statement
2021-11-21T23:53:24,357|[TRACE] graph - -----> statementFirstPart
2021-11-21T23:53:24,357|[TRACE] graph - -------> nonSkippedChar
2021-11-21T23:53:24,357|[TRACE] script - #out(`S`) [token]
2021-11-21T23:53:24,357|[TRACE] graph - <------- nonSkippedChar
2021-11-21T23:53:24,357|[TRACE] graph - <----- statementFirstPart
2021-11-21T23:53:24,357|[TRACE] graph - -----> statementPart
2021-11-21T23:53:24,357|[TRACE] graph - -------> nonSkippedChar
2021-11-21T23:53:24,357|[TRACE] script - #out(`E`) [token]
2021-11-21T23:53:24,357|[TRACE] graph - <------- nonSkippedChar
2021-11-21T23:53:24,357|[TRACE] graph - <----- statementPart
2021-11-21T23:53:24,357|[TRACE] graph - -----> statementPart
2021-11-21T23:53:24,357|[TRACE] graph - -------> nonSkippedChar
2021-11-21T23:53:24,357|[TRACE] script - #out(`T`) [token]
2021-11-21T23:53:24,357|[TRACE] graph - <------- nonSkippedChar
2021-11-21T23:53:24,357|[TRACE] graph - <----- statementPart
2021-11-21T23:53:24,357|[TRACE] graph - -----> statementPart
2021-11-21T23:53:24,357|[TRACE] graph - -------> nonSkippedSpace
2021-11-21T23:53:24,357|[TRACE] script - #out(` `) [token]
2021-11-21T23:53:24,357|[TRACE] graph - <------- nonSkippedSpace
2021-11-21T23:53:24,357|[TRACE] graph - <----- statementPart
2021-11-21T23:53:24,357|[TRACE] graph - -----> statementPart
2021-11-21T23:53:24,357|[TRACE] graph - -------> nonSkippedChar
2021-11-21T23:53:24,357|[TRACE] script - #out(`U`) [token]
2021-11-21T23:53:24,357|[TRACE] graph - <------- nonSkippedChar
2021-11-21T23:53:24,357|[TRACE] graph - <----- statementPart
2021-11-21T23:53:24,357|[TRACE] graph - -----> statementPart
2021-11-21T23:53:24,357|[TRACE] graph - -------> nonSkippedChar
2021-11-21T23:53:24,357|[TRACE] script - #out(`N`) [token]
2021-11-21T23:53:24,357|[TRACE] graph - <------- nonSkippedChar
2021-11-21T23:53:24,357|[TRACE] graph - <----- statementPart
2021-11-21T23:53:24,357|[TRACE] graph - -----> statementPart
2021-11-21T23:53:24,357|[TRACE] graph - -------> nonSkippedChar
2021-11-21T23:53:24,357|[TRACE] script - #out(`I`) [token]
2021-11-21T23:53:24,357|[TRACE] graph - <------- nonSkippedChar
2021-11-21T23:53:24,357|[TRACE] graph - <----- statementPart
2021-11-21T23:53:24,357|[TRACE] graph - -----> statementPart
2021-11-21T23:53:24,357|[TRACE] graph - -------> nonSkippedChar
2021-11-21T23:53:24,357|[TRACE] script - #out(`Q`) [token]
2021-11-21T23:53:24,357|[TRACE] graph - <------- nonSkippedChar
2021-11-21T23:53:24,357|[TRACE] graph - <----- statementPart
2021-11-21T23:53:24,357|[TRACE] graph - -----> statementPart
2021-11-21T23:53:24,357|[TRACE] graph - -------> nonSkippedChar
2021-11-21T23:53:24,357|[TRACE] script - #out(`U`) [token]
2021-11-21T23:53:24,357|[TRACE] graph - <------- nonSkippedChar
2021-11-21T23:53:24,357|[TRACE] graph - <----- statementPart
2021-11-21T23:53:24,357|[TRACE] graph - -----> statementPart
2021-11-21T23:53:24,357|[TRACE] graph - -------> nonSkippedChar
2021-11-21T23:53:24,357|[TRACE] script - #out(`E`) [token]
2021-11-21T23:53:24,357|[TRACE] graph - <------- nonSkippedChar
2021-11-21T23:53:24,357|[TRACE] graph - <----- statementPart
2021-11-21T23:53:24,357|[TRACE] graph - -----> statementPart
2021-11-21T23:53:24,357|[TRACE] graph - -------> nonSkippedChar
2021-11-21T23:53:24,357|[TRACE] script - #out(`_`) [token]
2021-11-21T23:53:24,357|[TRACE] graph - <------- nonSkippedChar
2021-11-21T23:53:24,357|[TRACE] graph - <----- statementPart
2021-11-21T23:53:24,357|[TRACE] graph - -----> statementPart
2021-11-21T23:53:24,357|[TRACE] graph - -------> nonSkippedChar
2021-11-21T23:53:24,357|[TRACE] script - #out(`C`) [token]
2021-11-21T23:53:24,357|[TRACE] graph - <------- nonSkippedChar
2021-11-21T23:53:24,357|[TRACE] graph - <----- statementPart
2021-11-21T23:53:24,357|[TRACE] graph - -----> statementPart
2021-11-21T23:53:24,357|[TRACE] graph - -------> nonSkippedChar
2021-11-21T23:53:24,357|[TRACE] script - #out(`H`) [token]
2021-11-21T23:53:24,357|[TRACE] graph - <------- nonSkippedChar
2021-11-21T23:53:24,357|[TRACE] graph - <----- statementPart
2021-11-21T23:53:24,357|[TRACE] graph - -----> statementPart
2021-11-21T23:53:24,357|[TRACE] graph - -------> nonSkippedChar
2021-11-21T23:53:24,357|[TRACE] script - #out(`E`) [token]
2021-11-21T23:53:24,357|[TRACE] graph - <------- nonSkippedChar
2021-11-21T23:53:24,357|[TRACE] graph - <----- statementPart
2021-11-21T23:53:24,357|[TRACE] graph - -----> statementPart
2021-11-21T23:53:24,393|[TRACE] graph - -------> nonSkippedChar
2021-11-21T23:53:24,393|[TRACE] script - #out(`C`) [token]
2021-11-21T23:53:24,393|[TRACE] graph - <------- nonSkippedChar
2021-11-21T23:53:24,393|[TRACE] graph - <----- statementPart
2021-11-21T23:53:24,393|[TRACE] graph - -----> statementPart
2021-11-21T23:53:24,393|[TRACE] graph - -------> nonSkippedChar
2021-11-21T23:53:24,393|[TRACE] script - #out(`K`) [token]
2021-11-21T23:53:24,393|[TRACE] graph - <------- nonSkippedChar
2021-11-21T23:53:24,393|[TRACE] graph - <----- statementPart
2021-11-21T23:53:24,393|[TRACE] graph - -----> statementPart
2021-11-21T23:53:24,393|[TRACE] graph - -------> nonSkippedChar
2021-11-21T23:53:24,393|[TRACE] script - #out(`S`) [token]
2021-11-21T23:53:24,393|[TRACE] graph - <------- nonSkippedChar
2021-11-21T23:53:24,393|[TRACE] graph - <----- statementPart
2021-11-21T23:53:24,393|[TRACE] graph - -----> statementPart
2021-11-21T23:53:24,393|[TRACE] graph - -------> nonSkippedChar
2021-11-21T23:53:24,393|[TRACE] script - #out(`=`) [token]
2021-11-21T23:53:24,393|[TRACE] graph - <------- nonSkippedChar
2021-11-21T23:53:24,393|[TRACE] graph - <----- statementPart
2021-11-21T23:53:24,393|[TRACE] graph - -----> statementPart
2021-11-21T23:53:24,393|[TRACE] graph - -------> nonSkippedChar
2021-11-21T23:53:24,393|[TRACE] script - #out(`@`) [token]
2021-11-21T23:53:24,393|[TRACE] graph - <------- nonSkippedChar
2021-11-21T23:53:24,393|[TRACE] graph - <----- statementPart
2021-11-21T23:53:24,393|[TRACE] graph - -----> statementPart
2021-11-21T23:53:24,393|[TRACE] graph - -------> nonSkippedChar
2021-11-21T23:53:24,393|[TRACE] script - #out(`O`) [token]
2021-11-21T23:53:24,393|[TRACE] graph - <------- nonSkippedChar
2021-11-21T23:53:24,393|[TRACE] graph - <----- statementPart
2021-11-21T23:53:24,393|[TRACE] graph - -----> statementPart
2021-11-21T23:53:24,393|[TRACE] graph - -------> nonSkippedChar
2021-11-21T23:53:24,393|[TRACE] script - #out(`L`) [token]
2021-11-21T23:53:24,393|[TRACE] graph - <------- nonSkippedChar
2021-11-21T23:53:24,393|[TRACE] graph - <----- statementPart
2021-11-21T23:53:24,393|[TRACE] graph - -----> statementPart
2021-11-21T23:53:24,393|[TRACE] graph - -------> nonSkippedChar
2021-11-21T23:53:24,393|[TRACE] script - #out(`D`) [token]
2021-11-21T23:53:24,393|[TRACE] graph - <------- nonSkippedChar
2021-11-21T23:53:24,393|[TRACE] graph - <----- statementPart
2021-11-21T23:53:24,393|[TRACE] graph - -----> statementPart
2021-11-21T23:53:24,393|[TRACE] graph - -------> nonSkippedChar
2021-11-21T23:53:24,393|[TRACE] script - #out(`_`) [token]
2021-11-21T23:53:24,393|[TRACE] graph - <------- nonSkippedChar
2021-11-21T23:53:24,393|[TRACE] graph - <----- statementPart
2021-11-21T23:53:24,393|[TRACE] graph - -----> statementPart
2021-11-21T23:53:24,393|[TRACE] graph - -------> nonSkippedChar
2021-11-21T23:53:24,393|[TRACE] script - #out(`U`) [token]
2021-11-21T23:53:24,393|[TRACE] graph - <------- nonSkippedChar
2021-11-21T23:53:24,393|[TRACE] graph - <----- statementPart
2021-11-21T23:53:24,393|[TRACE] graph - -----> statementPart
2021-11-21T23:53:24,393|[TRACE] graph - -------> nonSkippedChar
2021-11-21T23:53:24,393|[TRACE] script - #out(`N`) [token]
2021-11-21T23:53:24,393|[TRACE] graph - <------- nonSkippedChar
2021-11-21T23:53:24,393|[TRACE] graph - <----- statementPart
2021-11-21T23:53:24,393|[TRACE] graph - -----> statementPart
2021-11-21T23:53:24,393|[TRACE] graph - -------> nonSkippedChar
2021-11-21T23:53:24,393|[TRACE] script - #out(`I`) [token]
2021-11-21T23:53:24,393|[TRACE] graph - <------- nonSkippedChar
2021-11-21T23:53:24,393|[TRACE] graph - <----- statementPart
2021-11-21T23:53:24,393|[TRACE] graph - -----> statementPart
2021-11-21T23:53:24,393|[TRACE] graph - -------> nonSkippedChar
2021-11-21T23:53:24,393|[TRACE] script - #out(`Q`) [token]
2021-11-21T23:53:24,393|[TRACE] graph - <------- nonSkippedChar
2021-11-21T23:53:24,393|[TRACE] graph - <----- statementPart
2021-11-21T23:53:24,393|[TRACE] graph - -----> statementPart
2021-11-21T23:53:24,393|[TRACE] graph - -------> nonSkippedChar
2021-11-21T23:53:24,393|[TRACE] script - #out(`U`) [token]
2021-11-21T23:53:24,393|[TRACE] graph - <------- nonSkippedChar
2021-11-21T23:53:24,393|[TRACE] graph - <----- statementPart
2021-11-21T23:53:24,393|[TRACE] graph - -----> statementPart
2021-11-21T23:53:24,393|[TRACE] graph - -------> nonSkippedChar
2021-11-21T23:53:24,393|[TRACE] script - #out(`E`) [token]
2021-11-21T23:53:24,393|[TRACE] graph - <------- nonSkippedChar
2021-11-21T23:53:24,393|[TRACE] graph - <----- statementPart
2021-11-21T23:53:24,393|[TRACE] graph - -----> statementPart
2021-11-21T23:53:24,393|[TRACE] graph - -------> nonSkippedChar
2021-11-21T23:53:24,393|[TRACE] script - #out(`_`) [token]
2021-11-21T23:53:24,393|[TRACE] graph - <------- nonSkippedChar
2021-11-21T23:53:24,393|[TRACE] graph - <----- statementPart
2021-11-21T23:53:24,393|[TRACE] graph - -----> statementPart
2021-11-21T23:53:24,393|[TRACE] graph - -------> nonSkippedChar
2021-11-21T23:53:24,393|[TRACE] script - #out(`C`) [token]
2021-11-21T23:53:24,393|[TRACE] graph - <------- nonSkippedChar
2021-11-21T23:53:24,393|[TRACE] graph - <----- statementPart
2021-11-21T23:53:24,393|[TRACE] graph - -----> statementPart
2021-11-21T23:53:24,393|[TRACE] graph - -------> nonSkippedChar
2021-11-21T23:53:24,393|[TRACE] script - #out(`H`) [token]
2021-11-21T23:53:24,393|[TRACE] graph - <------- nonSkippedChar
2021-11-21T23:53:24,393|[TRACE] graph - <----- statementPart
2021-11-21T23:53:24,393|[TRACE] graph - -----> statementPart
2021-11-21T23:53:24,393|[TRACE] graph - -------> nonSkippedChar
2021-11-21T23:53:24,393|[TRACE] script - #out(`E`) [token]
2021-11-21T23:53:24,393|[TRACE] graph - <------- nonSkippedChar
2021-11-21T23:53:24,393|[TRACE] graph - <----- statementPart
2021-11-21T23:53:24,393|[TRACE] graph - -----> statementPart
2021-11-21T23:53:24,393|[TRACE] graph - -------> nonSkippedChar
2021-11-21T23:53:24,393|[TRACE] script - #out(`C`) [token]
2021-11-21T23:53:24,393|[TRACE] graph - <------- nonSkippedChar
2021-11-21T23:53:24,393|[TRACE] graph - <----- statementPart
2021-11-21T23:53:24,393|[TRACE] graph - -----> statementPart
2021-11-21T23:53:24,393|[TRACE] graph - -------> nonSkippedChar
2021-11-21T23:53:24,393|[TRACE] script - #out(`K`) [token]
2021-11-21T23:53:24,393|[TRACE] graph - <------- nonSkippedChar
2021-11-21T23:53:24,393|[TRACE] graph - <----- statementPart
2021-11-21T23:53:24,393|[TRACE] graph - -----> statementPart
2021-11-21T23:53:24,393|[TRACE] graph - -------> nonSkippedChar
2021-11-21T23:53:24,393|[TRACE] script - #out(`S`) [token]
2021-11-21T23:53:24,393|[TRACE] graph - <------- nonSkippedChar
2021-11-21T23:53:24,393|[TRACE] graph - <----- statementPart
2021-11-21T23:53:24,393|[DEBUG] graph - Import statement : SET UNIQUE_CHECKS=@OLD_UNIQUE_CHECKS
2021-11-21T23:53:24,393|[TRACE] graph - <--- statement
2021-11-21T23:53:24,393|[TRACE] graph - ---> blankSpacesToSkip
2021-11-21T23:53:24,393|[TRACE] graph - -----> newLineToSkip
2021-11-21T23:53:24,393|[TRACE] graph - <----- newLineToSkip
2021-11-21T23:53:24,394|[TRACE] graph - <--- blankSpacesToSkip
2021-11-21T23:53:24,394|[TRACE] graph - <- script
2021-11-21T23:53:24,394|[DEBUG] SQL - 
    
    SET @OLD_UNIQUE_CHECKS=@@UNIQUE_CHECKS, UNIQUE_CHECKS=0
2021-11-21T23:53:24,394|[INFO ] access - HHH10001501: Connection obtained from JdbcConnectionAccess [org.hibernate.engine.jdbc.env.internal.JdbcEnvironmentInitiator$ConnectionProviderJdbcConnectionAccess@1a85e86e] for (non-JTA) DDL execution was not in auto-commit mode; the Connection 'local transaction' will be committed and the Connection will be set into auto-commit mode.
2021-11-21T23:53:24,395|[DEBUG] SQL - 
    
    SET @OLD_FOREIGN_KEY_CHECKS=@@FOREIGN_KEY_CHECKS, FOREIGN_KEY_CHECKS=0
2021-11-21T23:53:24,395|[DEBUG] SQL - 
    
    SET @OLD_SQL_MODE=@@SQL_MODE, SQL_MODE='ONLY_FULL_GROUP_BY,STRICT_TRANS_TABLES,NO_ZERO_IN_DATE,NO_ZERO_DATE,ERROR_FOR_DIVISION_BY_ZERO,NO_ENGINE_SUBSTITUTION'
2021-11-21T23:53:24,395|[DEBUG] SQL - CREATE SCHEMA IF NOT EXISTS `bloodbank` DEFAULT CHARACTER SET utf8mb4 COLLATE utf8mb4_0900_ai_ci
2021-11-21T23:53:24,404|[DEBUG] SQL - 
    
    USE `bloodbank`
2021-11-21T23:53:24,405|[DEBUG] SQL - 
    
    CREATE TABLE IF NOT EXISTS `bloodbank`.`person` (
          `id` INT NOT NULL AUTO_INCREMENT,
          `first_name` VARCHAR(50) NOT NULL,
          `last_name` VARCHAR(50) NOT NULL,
          `created` BIGINT NOT NULL DEFAULT (unix_timestamp(now()) * 1000),
          `updated` BIGINT NOT NULL DEFAULT (unix_timestamp(now()) * 1000),
          `version` INT NOT NULL DEFAULT '1',
          PRIMARY KEY (`id`)
    ) ENGINE = InnoDB DEFAULT CHARACTER SET = utf8mb4 COLLATE = utf8mb4_0900_ai_ci
2021-11-21T23:53:24,428|[DEBUG] SQL - 
    
    CREATE TABLE IF NOT EXISTS `bloodbank`.`blood_bank` (
          `bank_id` INT NOT NULL AUTO_INCREMENT,
          `name` VARCHAR(100) NOT NULL,
          `privately_owned` BIT(1) NOT NULL,
          `created` BIGINT NOT NULL DEFAULT (unix_timestamp(now()) * 1000),
          `updated` BIGINT NOT NULL DEFAULT (unix_timestamp(now()) * 1000),
          `version` INT NOT NULL DEFAULT 1,
          PRIMARY KEY (`bank_id`),
          UNIQUE INDEX `name_UNIQUE` (`name` ASC) VISIBLE
    ) ENGINE = InnoDB
2021-11-21T23:53:24,455|[DEBUG] SQL - 
    
    CREATE TABLE IF NOT EXISTS `bloodbank`.`blood_donation` (
          `donation_id` INT NOT NULL AUTO_INCREMENT,
          `bank_id` INT NOT NULL,
          `milliliters` INT NOT NULL,
          `blood_group` CHAR(2) NOT NULL,
          `rhd` BIT(1) NOT NULL,
          `created` BIGINT NOT NULL DEFAULT (unix_timestamp(now()) * 1000),
          `updated` BIGINT NOT NULL DEFAULT (unix_timestamp(now()) * 1000),
          `version` INT NOT NULL DEFAULT 1,
          PRIMARY KEY (`donation_id`),
          INDEX `fk_blood_donation_blood_bank1_idx` (`bank_id` ASC) VISIBLE,
          CONSTRAINT `fk_blood_donation_blood_bank1`     FOREIGN KEY (`bank_id`)     REFERENCES `bloodbank`.`blood_bank` (`bank_id`)     ON DELETE NO ACTION     ON UPDATE NO ACTION
    ) ENGINE = InnoDB
2021-11-21T23:53:24,482|[DEBUG] SQL - 
    
    CREATE TABLE IF NOT EXISTS `bloodbank`.`donation_record` (
          `record_id` INT NOT NULL AUTO_INCREMENT,
          `person_id` INT NOT NULL,
          `donation_id` INT NULL,
          `tested` BIT(1) NOT NULL,
          `created` BIGINT NOT NULL DEFAULT (unix_timestamp(now()) * 1000),
          `updated` BIGINT NOT NULL DEFAULT (unix_timestamp(now()) * 1000),
          `version` INT NOT NULL DEFAULT 1,
          INDEX `fk_donation_record_person1_idx` (`person_id` ASC) VISIBLE,
          INDEX `fk_donation_record_blood_donation1_idx` (`donation_id` ASC) VISIBLE,
          UNIQUE INDEX `record_id_UNIQUE` (`record_id` ASC) VISIBLE,
          PRIMARY KEY (`record_id`),
          CONSTRAINT `fk_donation_record_person1`     FOREIGN KEY (`person_id`)     REFERENCES `bloodbank`.`person` (`id`)     ON DELETE NO ACTION     ON UPDATE NO ACTION,
          CONSTRAINT `fk_donation_record_blood_donation1`     FOREIGN KEY (`donation_id`)     REFERENCES `bloodbank`.`blood_donation` (`donation_id`)     ON DELETE NO ACTION     ON UPDATE NO ACTION
    ) ENGINE = InnoDB
2021-11-21T23:53:24,514|[DEBUG] SQL - 
    
    CREATE TABLE IF NOT EXISTS `bloodbank`.`address` (
          `address_id` INT NOT NULL AUTO_INCREMENT,
          `street_number` VARCHAR(10) NOT NULL,
          `street` VARCHAR(100) NOT NULL,
          `city` VARCHAR(100) NOT NULL,
          `province` VARCHAR(100) NOT NULL,
          `country` VARCHAR(100) NOT NULL,
          `zipcode` VARCHAR(100) NOT NULL,
          `created` BIGINT NOT NULL DEFAULT (unix_timestamp(now()) * 1000),
          `updated` BIGINT NOT NULL DEFAULT (unix_timestamp(now()) * 1000),
          `version` INT NOT NULL DEFAULT 1,
          PRIMARY KEY (`address_id`)
    ) ENGINE = InnoDB
2021-11-21T23:53:24,531|[DEBUG] SQL - 
    
    CREATE TABLE IF NOT EXISTS `bloodbank`.`phone` (
          `phone_id` INT NOT NULL AUTO_INCREMENT,
          `country_code` VARCHAR(10) NOT NULL DEFAULT '1',
          `area_code` VARCHAR(10) NOT NULL,
          `number` VARCHAR(10) NOT NULL,
          `created` BIGINT NOT NULL DEFAULT (unix_timestamp(now()) * 1000),
          `updated` BIGINT NOT NULL DEFAULT (unix_timestamp(now()) * 1000),
          `version` INT NOT NULL DEFAULT 1,
          PRIMARY KEY (`phone_id`)
    ) ENGINE = InnoDB
2021-11-21T23:53:24,547|[DEBUG] SQL - 
    
    CREATE TABLE IF NOT EXISTS `bloodbank`.`contact` (
          `person_id` INT NOT NULL,
          `phone_id` INT NOT NULL,
          `contact_type` VARCHAR(10) NOT NULL,
          `email` VARCHAR(100) NULL,
          `address_id` INT NULL,
          `created` BIGINT NOT NULL DEFAULT (unix_timestamp(now()) * 1000),
          `updated` BIGINT NOT NULL DEFAULT (unix_timestamp(now()) * 1000),
          `version` INT NOT NULL DEFAULT 1,
          PRIMARY KEY (`person_id`, `phone_id`),
          INDEX `fk_contact_phone1_idx` (`phone_id` ASC) VISIBLE,
          INDEX `fk_contact_person1_idx` (`person_id` ASC) VISIBLE,
          CONSTRAINT `fk_contact_address1`     FOREIGN KEY (`address_id`)     REFERENCES `bloodbank`.`address` (`address_id`)     ON DELETE NO ACTION     ON UPDATE NO ACTION,
          CONSTRAINT `fk_contact_phone1`     FOREIGN KEY (`phone_id`)     REFERENCES `bloodbank`.`phone` (`phone_id`)     ON DELETE NO ACTION     ON UPDATE NO ACTION,
          CONSTRAINT `fk_contact_person1`     FOREIGN KEY (`person_id`)     REFERENCES `bloodbank`.`person` (`id`)     ON DELETE NO ACTION     ON UPDATE NO ACTION
    ) ENGINE = InnoDB
2021-11-21T23:53:24,577|[DEBUG] SQL - 
    
    SET SQL_MODE=@OLD_SQL_MODE
2021-11-21T23:53:24,577|[DEBUG] SQL - 
    
    SET FOREIGN_KEY_CHECKS=@OLD_FOREIGN_KEY_CHECKS
2021-11-21T23:53:24,578|[DEBUG] SQL - 
    
    SET UNIQUE_CHECKS=@OLD_UNIQUE_CHECKS
2021-11-21T23:53:24,578|[TRACE] AbstractServiceRegistryImpl - Initializing service [role=org.hibernate.engine.transaction.jta.platform.spi.JtaPlatform]
2021-11-21T23:53:24,578|[DEBUG] JtaPlatformInitiator - No JtaPlatform was specified, checking resolver
2021-11-21T23:53:24,578|[TRACE] AbstractServiceRegistryImpl - Initializing service [role=org.hibernate.engine.transaction.jta.platform.spi.JtaPlatformResolver]
2021-11-21T23:53:24,578|[DEBUG] JtaPlatformResolverInitiator - No JtaPlatformResolver was specified, using default [org.hibernate.engine.transaction.jta.platform.internal.StandardJtaPlatformResolver]
2021-11-21T23:53:24,581|[DEBUG] StandardJtaPlatformResolver - Could not resolve JtaPlatform, using default [org.hibernate.engine.transaction.jta.platform.internal.NoJtaPlatform]
2021-11-21T23:53:24,581|[INFO ] JtaPlatformInitiator - HHH000490: Using JtaPlatform implementation: [org.hibernate.engine.transaction.jta.platform.internal.NoJtaPlatform]
2021-11-21T23:53:24,581|[DEBUG] NamedQueryRepository - Checking 7 named HQL queries
2021-11-21T23:53:24,581|[DEBUG] NamedQueryRepository - Checking named query: Contact.findAll
2021-11-21T23:53:24,581|[TRACE] AbstractServiceRegistryImpl - Initializing service [role=org.hibernate.stat.spi.StatisticsImplementor]
2021-11-21T23:53:24,581|[DEBUG] StatisticsInitiator - Statistics initialized [enabled=false]
2021-11-21T23:53:24,581|[TRACE] AbstractServiceRegistryImpl - Initializing service [role=org.hibernate.jmx.spi.JmxService]
2021-11-21T23:53:24,581|[TRACE] QueryPlanCache - Unable to locate HQL query plan in cache; generating (SELECT c FROM Contact c)
2021-11-21T23:53:24,581|[TRACE] AbstractServiceRegistryImpl - Initializing service [role=org.hibernate.hql.spi.QueryTranslatorFactory]
2021-11-21T23:53:24,581|[DEBUG] QueryTranslatorFactoryInitiator - QueryTranslatorFactory: org.hibernate.hql.internal.ast.ASTQueryTranslatorFactory@33e50ff2
2021-11-21T23:53:24,581|[DEBUG] QueryTranslatorImpl - parse() - HQL: SELECT c FROM bloodbank.entity.Contact c
2021-11-21T23:53:24,581|[TRACE] HqlParser - -> statement
2021-11-21T23:53:24,581|[TRACE] HqlParser - ---> selectStatement
2021-11-21T23:53:24,581|[TRACE] HqlParser - -----> queryRule
2021-11-21T23:53:24,581|[TRACE] HqlParser - -------> selectFrom
2021-11-21T23:53:24,581|[TRACE] HqlParser - ---------> selectClause
2021-11-21T23:53:24,581|[TRACE] HqlParser - -----------> selectedPropertiesList
2021-11-21T23:53:24,581|[TRACE] HqlParser - -------------> aliasedExpression
2021-11-21T23:53:24,581|[TRACE] HqlParser - ---------------> expression
2021-11-21T23:53:24,581|[TRACE] HqlParser - -----------------> logicalOrExpression
2021-11-21T23:53:24,581|[TRACE] HqlParser - -------------------> logicalAndExpression
2021-11-21T23:53:24,581|[TRACE] HqlParser - ---------------------> negatedExpression
2021-11-21T23:53:24,581|[TRACE] HqlParser - -----------------------> equalityExpression
2021-11-21T23:53:24,581|[TRACE] HqlParser - -------------------------> relationalExpression
2021-11-21T23:53:24,581|[TRACE] HqlParser - ---------------------------> concatenation
2021-11-21T23:53:24,581|[TRACE] HqlParser - -----------------------------> additiveExpression
2021-11-21T23:53:24,581|[TRACE] HqlParser - -------------------------------> multiplyExpression
2021-11-21T23:53:24,581|[TRACE] HqlParser - ---------------------------------> unaryExpression
2021-11-21T23:53:24,581|[TRACE] HqlParser - -----------------------------------> atom
2021-11-21T23:53:24,581|[TRACE] HqlParser - -------------------------------------> primaryExpression
2021-11-21T23:53:24,581|[TRACE] HqlParser - ---------------------------------------> identPrimary
2021-11-21T23:53:24,581|[TRACE] HqlParser - -----------------------------------------> identPrimaryBase
2021-11-21T23:53:24,581|[TRACE] HqlParser - -------------------------------------------> identifier
2021-11-21T23:53:24,581|[TRACE] HqlParser - <------------------------------------------- identifier
2021-11-21T23:53:24,581|[TRACE] HqlParser - <----------------------------------------- identPrimaryBase
2021-11-21T23:53:24,581|[TRACE] HqlParser - <--------------------------------------- identPrimary
2021-11-21T23:53:24,581|[TRACE] HqlParser - <------------------------------------- primaryExpression
2021-11-21T23:53:24,581|[TRACE] HqlParser - <----------------------------------- atom
2021-11-21T23:53:24,581|[TRACE] HqlParser - <--------------------------------- unaryExpression
2021-11-21T23:53:24,581|[TRACE] HqlParser - <------------------------------- multiplyExpression
2021-11-21T23:53:24,581|[TRACE] HqlParser - <----------------------------- additiveExpression
2021-11-21T23:53:24,581|[TRACE] HqlParser - <--------------------------- concatenation
2021-11-21T23:53:24,581|[TRACE] HqlParser - <------------------------- relationalExpression
2021-11-21T23:53:24,581|[TRACE] HqlParser - <----------------------- equalityExpression
2021-11-21T23:53:24,581|[TRACE] HqlParser - <--------------------- negatedExpression
2021-11-21T23:53:24,581|[TRACE] HqlParser - <------------------- logicalAndExpression
2021-11-21T23:53:24,581|[TRACE] HqlParser - <----------------- logicalOrExpression
2021-11-21T23:53:24,581|[TRACE] HqlParser - <--------------- expression
2021-11-21T23:53:24,581|[TRACE] HqlParser - <------------- aliasedExpression
2021-11-21T23:53:24,581|[TRACE] HqlParser - <----------- selectedPropertiesList
2021-11-21T23:53:24,581|[TRACE] HqlParser - <--------- selectClause
2021-11-21T23:53:24,581|[TRACE] HqlParser - ---------> fromClause
2021-11-21T23:53:24,581|[TRACE] HqlParser - -----------> fromRange
2021-11-21T23:53:24,581|[TRACE] HqlParser - -------------> fromClassOrOuterQueryPath
2021-11-21T23:53:24,581|[TRACE] HqlParser - ---------------> path
2021-11-21T23:53:24,581|[TRACE] HqlParser - -----------------> identifier
2021-11-21T23:53:24,581|[TRACE] HqlParser - <----------------- identifier
2021-11-21T23:53:24,581|[TRACE] HqlParser - -----------------> identifier
2021-11-21T23:53:24,581|[TRACE] HqlParser - <----------------- identifier
2021-11-21T23:53:24,581|[TRACE] HqlParser - -----------------> identifier
2021-11-21T23:53:24,581|[TRACE] HqlParser - <----------------- identifier
2021-11-21T23:53:24,581|[TRACE] HqlParser - <--------------- path
2021-11-21T23:53:24,581|[TRACE] HqlParser - ---------------> asAlias
2021-11-21T23:53:24,581|[TRACE] HqlParser - -----------------> alias
2021-11-21T23:53:24,582|[TRACE] HqlParser - -------------------> identifier
2021-11-21T23:53:24,582|[TRACE] HqlParser - <------------------- identifier
2021-11-21T23:53:24,582|[TRACE] HqlParser - <----------------- alias
2021-11-21T23:53:24,582|[TRACE] HqlParser - <--------------- asAlias
2021-11-21T23:53:24,582|[TRACE] HqlParser - <------------- fromClassOrOuterQueryPath
2021-11-21T23:53:24,582|[TRACE] HqlParser - <----------- fromRange
2021-11-21T23:53:24,582|[TRACE] HqlParser - <--------- fromClause
2021-11-21T23:53:24,582|[TRACE] HqlParser - <------- selectFrom
2021-11-21T23:53:24,582|[TRACE] HqlParser - <----- queryRule
2021-11-21T23:53:24,582|[TRACE] HqlParser - <--- selectStatement
2021-11-21T23:53:24,582|[TRACE] HqlParser - <- statement
2021-11-21T23:53:24,582|[DEBUG] ErrorTracker - throwQueryException() : no errors
2021-11-21T23:53:24,582|[DEBUG] QueryTranslatorImpl - --- HQL AST ---
 \-[QUERY] Node: 'query'
    \-[SELECT_FROM] Node: 'SELECT_FROM'
       +-[FROM] Node: 'FROM'
       |  \-[RANGE] Node: 'RANGE'
       |     +-[DOT] Node: '.'
       |     |  +-[DOT] Node: '.'
       |     |  |  +-[IDENT] Node: 'bloodbank'
       |     |  |  \-[IDENT] Node: 'entity'
       |     |  \-[IDENT] Node: 'Contact'
       |     \-[ALIAS] Node: 'c'
       \-[SELECT] Node: 'SELECT'
          \-[IDENT] Node: 'c'

2021-11-21T23:53:24,582|[DEBUG] HqlSqlBaseWalker - select << begin [level=1, statement=select]
2021-11-21T23:53:24,582|[DEBUG] FromElement - FromClause{level=1} : bloodbank.entity.Contact (c) -> contact0_
2021-11-21T23:53:24,582|[DEBUG] FromReferenceNode - Resolved : c -> contact0_.person_id, contact0_.phone_id
2021-11-21T23:53:24,582|[DEBUG] HqlSqlBaseWalker - select : finishing up [level=1, statement=select]
2021-11-21T23:53:24,582|[DEBUG] HqlSqlWalker - processQuery() :  ( SELECT ( {select clause} contact0_.person_id, contact0_.phone_id ) ( FromClause{level=1} contact contact0_ ) )
2021-11-21T23:53:24,582|[DEBUG] JoinProcessor - Tables referenced from query nodes:
 \-QueryNode
    +-SelectClause
    | referencedTables(entity Contact): [contact]
    |  +-IdentNode
    |  | persister: SingleTableEntityPersister(bloodbank.entity.Contact)
    |  | originalText: c
    |  \-SqlFragment
    \-FromClause
       \-FromElement

2021-11-21T23:53:24,582|[DEBUG] JoinProcessor - Using FROM fragment [contact contact0_]
2021-11-21T23:53:24,582|[DEBUG] HqlSqlBaseWalker - select >> end [level=1, statement=select]
2021-11-21T23:53:24,582|[DEBUG] QueryTranslatorImpl - --- SQL AST ---
 \-[SELECT] QueryNode: 'SELECT'  querySpaces (contact)
    +-[SELECT_CLAUSE] SelectClause: '{select clause}'
    |  +-[ALIAS_REF] IdentNode: 'contact0_.person_id as person_i1_3_, contact0_.phone_id as phone_id2_3_' {alias=c, className=bloodbank.entity.Contact, tableAlias=contact0_}
    |  \-[SQL_TOKEN] SqlFragment: 'contact0_.created as created3_3_, contact0_.updated as updated4_3_, contact0_.version as version5_3_, contact0_.address_id as address_8_3_, contact0_.contact_type as contact_6_3_, contact0_.email as email7_3_'
    \-[FROM] FromClause: 'FROM' FromClause{level=1, fromElementCounter=1, fromElements=1, fromElementByClassAlias=[c], fromElementByTableAlias=[contact0_], fromElementsByPath=[], collectionJoinFromElementsByPath=[], impliedElements=[]}
       \-[FROM_FRAGMENT] FromElement: 'contact contact0_' FromElement{explicit,not a collection join,not a fetch join,fetch non-lazy properties,classAlias=c,role=null,tableName=contact,tableAlias=contact0_,origin=null,columns={,className=bloodbank.entity.Contact}}

2021-11-21T23:53:24,582|[DEBUG] ErrorTracker - throwQueryException() : no errors
2021-11-21T23:53:24,582|[DEBUG] QueryTranslatorImpl - HQL: SELECT c FROM bloodbank.entity.Contact c
2021-11-21T23:53:24,582|[DEBUG] QueryTranslatorImpl - SQL: select contact0_.person_id as person_i1_3_, contact0_.phone_id as phone_id2_3_, contact0_.created as created3_3_, contact0_.updated as updated4_3_, contact0_.version as version5_3_, contact0_.address_id as address_8_3_, contact0_.contact_type as contact_6_3_, contact0_.email as email7_3_ from contact contact0_
2021-11-21T23:53:24,582|[DEBUG] ErrorTracker - throwQueryException() : no errors
2021-11-21T23:53:24,582|[DEBUG] NamedQueryRepository - Checking named query: Phone.findAll
2021-11-21T23:53:24,582|[TRACE] QueryPlanCache - Unable to locate HQL query plan in cache; generating (SELECT p FROM Phone p)
2021-11-21T23:53:24,582|[DEBUG] QueryTranslatorImpl - parse() - HQL: SELECT p FROM bloodbank.entity.Phone p
2021-11-21T23:53:24,582|[TRACE] HqlParser - -> statement
2021-11-21T23:53:24,582|[TRACE] HqlParser - ---> selectStatement
2021-11-21T23:53:24,582|[TRACE] HqlParser - -----> queryRule
2021-11-21T23:53:24,582|[TRACE] HqlParser - -------> selectFrom
2021-11-21T23:53:24,582|[TRACE] HqlParser - ---------> selectClause
2021-11-21T23:53:24,582|[TRACE] HqlParser - -----------> selectedPropertiesList
2021-11-21T23:53:24,582|[TRACE] HqlParser - -------------> aliasedExpression
2021-11-21T23:53:24,582|[TRACE] HqlParser - ---------------> expression
2021-11-21T23:53:24,582|[TRACE] HqlParser - -----------------> logicalOrExpression
2021-11-21T23:53:24,582|[TRACE] HqlParser - -------------------> logicalAndExpression
2021-11-21T23:53:24,582|[TRACE] HqlParser - ---------------------> negatedExpression
2021-11-21T23:53:24,582|[TRACE] HqlParser - -----------------------> equalityExpression
2021-11-21T23:53:24,582|[TRACE] HqlParser - -------------------------> relationalExpression
2021-11-21T23:53:24,582|[TRACE] HqlParser - ---------------------------> concatenation
2021-11-21T23:53:24,582|[TRACE] HqlParser - -----------------------------> additiveExpression
2021-11-21T23:53:24,582|[TRACE] HqlParser - -------------------------------> multiplyExpression
2021-11-21T23:53:24,582|[TRACE] HqlParser - ---------------------------------> unaryExpression
2021-11-21T23:53:24,582|[TRACE] HqlParser - -----------------------------------> atom
2021-11-21T23:53:24,582|[TRACE] HqlParser - -------------------------------------> primaryExpression
2021-11-21T23:53:24,582|[TRACE] HqlParser - ---------------------------------------> identPrimary
2021-11-21T23:53:24,582|[TRACE] HqlParser - -----------------------------------------> identPrimaryBase
2021-11-21T23:53:24,582|[TRACE] HqlParser - -------------------------------------------> identifier
2021-11-21T23:53:24,582|[TRACE] HqlParser - <------------------------------------------- identifier
2021-11-21T23:53:24,582|[TRACE] HqlParser - <----------------------------------------- identPrimaryBase
2021-11-21T23:53:24,582|[TRACE] HqlParser - <--------------------------------------- identPrimary
2021-11-21T23:53:24,582|[TRACE] HqlParser - <------------------------------------- primaryExpression
2021-11-21T23:53:24,582|[TRACE] HqlParser - <----------------------------------- atom
2021-11-21T23:53:24,582|[TRACE] HqlParser - <--------------------------------- unaryExpression
2021-11-21T23:53:24,582|[TRACE] HqlParser - <------------------------------- multiplyExpression
2021-11-21T23:53:24,582|[TRACE] HqlParser - <----------------------------- additiveExpression
2021-11-21T23:53:24,582|[TRACE] HqlParser - <--------------------------- concatenation
2021-11-21T23:53:24,582|[TRACE] HqlParser - <------------------------- relationalExpression
2021-11-21T23:53:24,582|[TRACE] HqlParser - <----------------------- equalityExpression
2021-11-21T23:53:24,582|[TRACE] HqlParser - <--------------------- negatedExpression
2021-11-21T23:53:24,582|[TRACE] HqlParser - <------------------- logicalAndExpression
2021-11-21T23:53:24,582|[TRACE] HqlParser - <----------------- logicalOrExpression
2021-11-21T23:53:24,582|[TRACE] HqlParser - <--------------- expression
2021-11-21T23:53:24,582|[TRACE] HqlParser - <------------- aliasedExpression
2021-11-21T23:53:24,582|[TRACE] HqlParser - <----------- selectedPropertiesList
2021-11-21T23:53:24,582|[TRACE] HqlParser - <--------- selectClause
2021-11-21T23:53:24,582|[TRACE] HqlParser - ---------> fromClause
2021-11-21T23:53:24,582|[TRACE] HqlParser - -----------> fromRange
2021-11-21T23:53:24,582|[TRACE] HqlParser - -------------> fromClassOrOuterQueryPath
2021-11-21T23:53:24,582|[TRACE] HqlParser - ---------------> path
2021-11-21T23:53:24,582|[TRACE] HqlParser - -----------------> identifier
2021-11-21T23:53:24,582|[TRACE] HqlParser - <----------------- identifier
2021-11-21T23:53:24,583|[TRACE] HqlParser - -----------------> identifier
2021-11-21T23:53:24,583|[TRACE] HqlParser - <----------------- identifier
2021-11-21T23:53:24,583|[TRACE] HqlParser - -----------------> identifier
2021-11-21T23:53:24,583|[TRACE] HqlParser - <----------------- identifier
2021-11-21T23:53:24,583|[TRACE] HqlParser - <--------------- path
2021-11-21T23:53:24,583|[TRACE] HqlParser - ---------------> asAlias
2021-11-21T23:53:24,583|[TRACE] HqlParser - -----------------> alias
2021-11-21T23:53:24,583|[TRACE] HqlParser - -------------------> identifier
2021-11-21T23:53:24,583|[TRACE] HqlParser - <------------------- identifier
2021-11-21T23:53:24,583|[TRACE] HqlParser - <----------------- alias
2021-11-21T23:53:24,583|[TRACE] HqlParser - <--------------- asAlias
2021-11-21T23:53:24,583|[TRACE] HqlParser - <------------- fromClassOrOuterQueryPath
2021-11-21T23:53:24,583|[TRACE] HqlParser - <----------- fromRange
2021-11-21T23:53:24,583|[TRACE] HqlParser - <--------- fromClause
2021-11-21T23:53:24,583|[TRACE] HqlParser - <------- selectFrom
2021-11-21T23:53:24,583|[TRACE] HqlParser - <----- queryRule
2021-11-21T23:53:24,583|[TRACE] HqlParser - <--- selectStatement
2021-11-21T23:53:24,583|[TRACE] HqlParser - <- statement
2021-11-21T23:53:24,583|[DEBUG] ErrorTracker - throwQueryException() : no errors
2021-11-21T23:53:24,583|[DEBUG] QueryTranslatorImpl - --- HQL AST ---
 \-[QUERY] Node: 'query'
    \-[SELECT_FROM] Node: 'SELECT_FROM'
       +-[FROM] Node: 'FROM'
       |  \-[RANGE] Node: 'RANGE'
       |     +-[DOT] Node: '.'
       |     |  +-[DOT] Node: '.'
       |     |  |  +-[IDENT] Node: 'bloodbank'
       |     |  |  \-[IDENT] Node: 'entity'
       |     |  \-[IDENT] Node: 'Phone'
       |     \-[ALIAS] Node: 'p'
       \-[SELECT] Node: 'SELECT'
          \-[IDENT] Node: 'p'

2021-11-21T23:53:24,583|[DEBUG] HqlSqlBaseWalker - select << begin [level=1, statement=select]
2021-11-21T23:53:24,583|[DEBUG] FromElement - FromClause{level=1} : bloodbank.entity.Phone (p) -> phone0_
2021-11-21T23:53:24,583|[DEBUG] FromReferenceNode - Resolved : p -> phone0_.phone_id
2021-11-21T23:53:24,583|[DEBUG] HqlSqlBaseWalker - select : finishing up [level=1, statement=select]
2021-11-21T23:53:24,583|[DEBUG] HqlSqlWalker - processQuery() :  ( SELECT ( {select clause} phone0_.phone_id ) ( FromClause{level=1} phone phone0_ ) )
2021-11-21T23:53:24,583|[DEBUG] JoinProcessor - Tables referenced from query nodes:
 \-QueryNode
    +-SelectClause
    | referencedTables(entity Phone): [phone]
    |  +-IdentNode
    |  | persister: SingleTableEntityPersister(bloodbank.entity.Phone)
    |  | originalText: p
    |  \-SqlFragment
    \-FromClause
       \-FromElement

2021-11-21T23:53:24,583|[DEBUG] JoinProcessor - Using FROM fragment [phone phone0_]
2021-11-21T23:53:24,583|[DEBUG] HqlSqlBaseWalker - select >> end [level=1, statement=select]
2021-11-21T23:53:24,583|[DEBUG] QueryTranslatorImpl - --- SQL AST ---
 \-[SELECT] QueryNode: 'SELECT'  querySpaces (phone)
    +-[SELECT_CLAUSE] SelectClause: '{select clause}'
    |  +-[ALIAS_REF] IdentNode: 'phone0_.phone_id as phone_id1_6_' {alias=p, className=bloodbank.entity.Phone, tableAlias=phone0_}
    |  \-[SQL_TOKEN] SqlFragment: 'phone0_.created as created2_6_, phone0_.updated as updated3_6_, phone0_.version as version4_6_, phone0_.area_code as area_cod5_6_, phone0_.country_code as country_6_6_, phone0_.number as number7_6_'
    \-[FROM] FromClause: 'FROM' FromClause{level=1, fromElementCounter=1, fromElements=1, fromElementByClassAlias=[p], fromElementByTableAlias=[phone0_], fromElementsByPath=[], collectionJoinFromElementsByPath=[], impliedElements=[]}
       \-[FROM_FRAGMENT] FromElement: 'phone phone0_' FromElement{explicit,not a collection join,not a fetch join,fetch non-lazy properties,classAlias=p,role=null,tableName=phone,tableAlias=phone0_,origin=null,columns={,className=bloodbank.entity.Phone}}

2021-11-21T23:53:24,583|[DEBUG] ErrorTracker - throwQueryException() : no errors
2021-11-21T23:53:24,583|[DEBUG] QueryTranslatorImpl - HQL: SELECT p FROM bloodbank.entity.Phone p
2021-11-21T23:53:24,583|[DEBUG] QueryTranslatorImpl - SQL: select phone0_.phone_id as phone_id1_6_, phone0_.created as created2_6_, phone0_.updated as updated3_6_, phone0_.version as version4_6_, phone0_.area_code as area_cod5_6_, phone0_.country_code as country_6_6_, phone0_.number as number7_6_ from phone phone0_
2021-11-21T23:53:24,583|[DEBUG] ErrorTracker - throwQueryException() : no errors
2021-11-21T23:53:24,583|[DEBUG] NamedQueryRepository - Checking named query: BloodBank.findAll
2021-11-21T23:53:24,583|[TRACE] QueryPlanCache - Unable to locate HQL query plan in cache; generating (SELECT b FROM BloodBank b)
2021-11-21T23:53:24,583|[DEBUG] QueryTranslatorImpl - parse() - HQL: SELECT b FROM bloodbank.entity.BloodBank b
2021-11-21T23:53:24,583|[TRACE] HqlParser - -> statement
2021-11-21T23:53:24,583|[TRACE] HqlParser - ---> selectStatement
2021-11-21T23:53:24,583|[TRACE] HqlParser - -----> queryRule
2021-11-21T23:53:24,583|[TRACE] HqlParser - -------> selectFrom
2021-11-21T23:53:24,583|[TRACE] HqlParser - ---------> selectClause
2021-11-21T23:53:24,583|[TRACE] HqlParser - -----------> selectedPropertiesList
2021-11-21T23:53:24,583|[TRACE] HqlParser - -------------> aliasedExpression
2021-11-21T23:53:24,583|[TRACE] HqlParser - ---------------> expression
2021-11-21T23:53:24,583|[TRACE] HqlParser - -----------------> logicalOrExpression
2021-11-21T23:53:24,583|[TRACE] HqlParser - -------------------> logicalAndExpression
2021-11-21T23:53:24,583|[TRACE] HqlParser - ---------------------> negatedExpression
2021-11-21T23:53:24,583|[TRACE] HqlParser - -----------------------> equalityExpression
2021-11-21T23:53:24,583|[TRACE] HqlParser - -------------------------> relationalExpression
2021-11-21T23:53:24,583|[TRACE] HqlParser - ---------------------------> concatenation
2021-11-21T23:53:24,583|[TRACE] HqlParser - -----------------------------> additiveExpression
2021-11-21T23:53:24,583|[TRACE] HqlParser - -------------------------------> multiplyExpression
2021-11-21T23:53:24,583|[TRACE] HqlParser - ---------------------------------> unaryExpression
2021-11-21T23:53:24,583|[TRACE] HqlParser - -----------------------------------> atom
2021-11-21T23:53:24,583|[TRACE] HqlParser - -------------------------------------> primaryExpression
2021-11-21T23:53:24,583|[TRACE] HqlParser - ---------------------------------------> identPrimary
2021-11-21T23:53:24,583|[TRACE] HqlParser - -----------------------------------------> identPrimaryBase
2021-11-21T23:53:24,583|[TRACE] HqlParser - -------------------------------------------> identifier
2021-11-21T23:53:24,583|[TRACE] HqlParser - <------------------------------------------- identifier
2021-11-21T23:53:24,583|[TRACE] HqlParser - <----------------------------------------- identPrimaryBase
2021-11-21T23:53:24,583|[TRACE] HqlParser - <--------------------------------------- identPrimary
2021-11-21T23:53:24,583|[TRACE] HqlParser - <------------------------------------- primaryExpression
2021-11-21T23:53:24,583|[TRACE] HqlParser - <----------------------------------- atom
2021-11-21T23:53:24,583|[TRACE] HqlParser - <--------------------------------- unaryExpression
2021-11-21T23:53:24,583|[TRACE] HqlParser - <------------------------------- multiplyExpression
2021-11-21T23:53:24,583|[TRACE] HqlParser - <----------------------------- additiveExpression
2021-11-21T23:53:24,583|[TRACE] HqlParser - <--------------------------- concatenation
2021-11-21T23:53:24,583|[TRACE] HqlParser - <------------------------- relationalExpression
2021-11-21T23:53:24,583|[TRACE] HqlParser - <----------------------- equalityExpression
2021-11-21T23:53:24,583|[TRACE] HqlParser - <--------------------- negatedExpression
2021-11-21T23:53:24,583|[TRACE] HqlParser - <------------------- logicalAndExpression
2021-11-21T23:53:24,583|[TRACE] HqlParser - <----------------- logicalOrExpression
2021-11-21T23:53:24,583|[TRACE] HqlParser - <--------------- expression
2021-11-21T23:53:24,583|[TRACE] HqlParser - <------------- aliasedExpression
2021-11-21T23:53:24,583|[TRACE] HqlParser - <----------- selectedPropertiesList
2021-11-21T23:53:24,583|[TRACE] HqlParser - <--------- selectClause
2021-11-21T23:53:24,583|[TRACE] HqlParser - ---------> fromClause
2021-11-21T23:53:24,583|[TRACE] HqlParser - -----------> fromRange
2021-11-21T23:53:24,583|[TRACE] HqlParser - -------------> fromClassOrOuterQueryPath
2021-11-21T23:53:24,583|[TRACE] HqlParser - ---------------> path
2021-11-21T23:53:24,583|[TRACE] HqlParser - -----------------> identifier
2021-11-21T23:53:24,583|[TRACE] HqlParser - <----------------- identifier
2021-11-21T23:53:24,583|[TRACE] HqlParser - -----------------> identifier
2021-11-21T23:53:24,583|[TRACE] HqlParser - <----------------- identifier
2021-11-21T23:53:24,583|[TRACE] HqlParser - -----------------> identifier
2021-11-21T23:53:24,583|[TRACE] HqlParser - <----------------- identifier
2021-11-21T23:53:24,583|[TRACE] HqlParser - <--------------- path
2021-11-21T23:53:24,583|[TRACE] HqlParser - ---------------> asAlias
2021-11-21T23:53:24,583|[TRACE] HqlParser - -----------------> alias
2021-11-21T23:53:24,583|[TRACE] HqlParser - -------------------> identifier
2021-11-21T23:53:24,583|[TRACE] HqlParser - <------------------- identifier
2021-11-21T23:53:24,583|[TRACE] HqlParser - <----------------- alias
2021-11-21T23:53:24,583|[TRACE] HqlParser - <--------------- asAlias
2021-11-21T23:53:24,583|[TRACE] HqlParser - <------------- fromClassOrOuterQueryPath
2021-11-21T23:53:24,583|[TRACE] HqlParser - <----------- fromRange
2021-11-21T23:53:24,583|[TRACE] HqlParser - <--------- fromClause
2021-11-21T23:53:24,583|[TRACE] HqlParser - <------- selectFrom
2021-11-21T23:53:24,583|[TRACE] HqlParser - <----- queryRule
2021-11-21T23:53:24,583|[TRACE] HqlParser - <--- selectStatement
2021-11-21T23:53:24,583|[TRACE] HqlParser - <- statement
2021-11-21T23:53:24,583|[DEBUG] ErrorTracker - throwQueryException() : no errors
2021-11-21T23:53:24,583|[DEBUG] QueryTranslatorImpl - --- HQL AST ---
 \-[QUERY] Node: 'query'
    \-[SELECT_FROM] Node: 'SELECT_FROM'
       +-[FROM] Node: 'FROM'
       |  \-[RANGE] Node: 'RANGE'
       |     +-[DOT] Node: '.'
       |     |  +-[DOT] Node: '.'
       |     |  |  +-[IDENT] Node: 'bloodbank'
       |     |  |  \-[IDENT] Node: 'entity'
       |     |  \-[IDENT] Node: 'BloodBank'
       |     \-[ALIAS] Node: 'b'
       \-[SELECT] Node: 'SELECT'
          \-[IDENT] Node: 'b'

2021-11-21T23:53:24,583|[DEBUG] HqlSqlBaseWalker - select << begin [level=1, statement=select]
2021-11-21T23:53:24,584|[DEBUG] FromElement - FromClause{level=1} : bloodbank.entity.BloodBank (b) -> bloodbank0_
2021-11-21T23:53:24,584|[DEBUG] FromReferenceNode - Resolved : b -> bloodbank0_.bank_id
2021-11-21T23:53:24,584|[DEBUG] HqlSqlBaseWalker - select : finishing up [level=1, statement=select]
2021-11-21T23:53:24,584|[DEBUG] HqlSqlWalker - processQuery() :  ( SELECT ( {select clause} bloodbank0_.bank_id ) ( FromClause{level=1} blood_bank bloodbank0_ ) )
2021-11-21T23:53:24,584|[DEBUG] JoinProcessor - Tables referenced from query nodes:
 \-QueryNode
    +-SelectClause
    | referencedTables(entity BloodBank): [blood_bank]
    |  +-IdentNode
    |  | persister: SingleTableEntityPersister(bloodbank.entity.BloodBank)
    |  | originalText: b
    |  \-SqlFragment
    \-FromClause
       \-FromElement

2021-11-21T23:53:24,584|[DEBUG] JoinProcessor - Using FROM fragment [blood_bank bloodbank0_]
2021-11-21T23:53:24,584|[DEBUG] HqlSqlBaseWalker - select >> end [level=1, statement=select]
2021-11-21T23:53:24,584|[DEBUG] QueryTranslatorImpl - --- SQL AST ---
 \-[SELECT] QueryNode: 'SELECT'  querySpaces (blood_bank)
    +-[SELECT_CLAUSE] SelectClause: '{select clause}'
    |  +-[ALIAS_REF] IdentNode: 'bloodbank0_.bank_id as bank_id2_1_' {alias=b, className=bloodbank.entity.BloodBank, tableAlias=bloodbank0_}
    |  \-[SQL_TOKEN] SqlFragment: 'bloodbank0_.created as created3_1_, bloodbank0_.updated as updated4_1_, bloodbank0_.version as version5_1_, bloodbank0_.name as name6_1_, bloodbank0_.privately_owned as privatel1_1_'
    \-[FROM] FromClause: 'FROM' FromClause{level=1, fromElementCounter=1, fromElements=1, fromElementByClassAlias=[b], fromElementByTableAlias=[bloodbank0_], fromElementsByPath=[], collectionJoinFromElementsByPath=[], impliedElements=[]}
       \-[FROM_FRAGMENT] FromElement: 'blood_bank bloodbank0_' FromElement{explicit,not a collection join,not a fetch join,fetch non-lazy properties,classAlias=b,role=null,tableName=blood_bank,tableAlias=bloodbank0_,origin=null,columns={,className=bloodbank.entity.BloodBank}}

2021-11-21T23:53:24,584|[DEBUG] ErrorTracker - throwQueryException() : no errors
2021-11-21T23:53:24,584|[DEBUG] QueryTranslatorImpl - HQL: SELECT b FROM bloodbank.entity.BloodBank b
2021-11-21T23:53:24,584|[DEBUG] QueryTranslatorImpl - SQL: select bloodbank0_.bank_id as bank_id2_1_, bloodbank0_.created as created3_1_, bloodbank0_.updated as updated4_1_, bloodbank0_.version as version5_1_, bloodbank0_.name as name6_1_, bloodbank0_.privately_owned as privatel1_1_ from blood_bank bloodbank0_
2021-11-21T23:53:24,584|[DEBUG] ErrorTracker - throwQueryException() : no errors
2021-11-21T23:53:24,584|[DEBUG] NamedQueryRepository - Checking named query: Address.findAll
2021-11-21T23:53:24,584|[TRACE] QueryPlanCache - Unable to locate HQL query plan in cache; generating (SELECT a FROM Address a)
2021-11-21T23:53:24,584|[DEBUG] QueryTranslatorImpl - parse() - HQL: SELECT a FROM bloodbank.entity.Address a
2021-11-21T23:53:24,584|[TRACE] HqlParser - -> statement
2021-11-21T23:53:24,584|[TRACE] HqlParser - ---> selectStatement
2021-11-21T23:53:24,584|[TRACE] HqlParser - -----> queryRule
2021-11-21T23:53:24,584|[TRACE] HqlParser - -------> selectFrom
2021-11-21T23:53:24,584|[TRACE] HqlParser - ---------> selectClause
2021-11-21T23:53:24,584|[TRACE] HqlParser - -----------> selectedPropertiesList
2021-11-21T23:53:24,584|[TRACE] HqlParser - -------------> aliasedExpression
2021-11-21T23:53:24,584|[TRACE] HqlParser - ---------------> expression
2021-11-21T23:53:24,584|[TRACE] HqlParser - -----------------> logicalOrExpression
2021-11-21T23:53:24,584|[TRACE] HqlParser - -------------------> logicalAndExpression
2021-11-21T23:53:24,584|[TRACE] HqlParser - ---------------------> negatedExpression
2021-11-21T23:53:24,584|[TRACE] HqlParser - -----------------------> equalityExpression
2021-11-21T23:53:24,584|[TRACE] HqlParser - -------------------------> relationalExpression
2021-11-21T23:53:24,584|[TRACE] HqlParser - ---------------------------> concatenation
2021-11-21T23:53:24,584|[TRACE] HqlParser - -----------------------------> additiveExpression
2021-11-21T23:53:24,584|[TRACE] HqlParser - -------------------------------> multiplyExpression
2021-11-21T23:53:24,584|[TRACE] HqlParser - ---------------------------------> unaryExpression
2021-11-21T23:53:24,584|[TRACE] HqlParser - -----------------------------------> atom
2021-11-21T23:53:24,584|[TRACE] HqlParser - -------------------------------------> primaryExpression
2021-11-21T23:53:24,584|[TRACE] HqlParser - ---------------------------------------> identPrimary
2021-11-21T23:53:24,584|[TRACE] HqlParser - -----------------------------------------> identPrimaryBase
2021-11-21T23:53:24,584|[TRACE] HqlParser - -------------------------------------------> identifier
2021-11-21T23:53:24,584|[TRACE] HqlParser - <------------------------------------------- identifier
2021-11-21T23:53:24,584|[TRACE] HqlParser - <----------------------------------------- identPrimaryBase
2021-11-21T23:53:24,584|[TRACE] HqlParser - <--------------------------------------- identPrimary
2021-11-21T23:53:24,584|[TRACE] HqlParser - <------------------------------------- primaryExpression
2021-11-21T23:53:24,584|[TRACE] HqlParser - <----------------------------------- atom
2021-11-21T23:53:24,584|[TRACE] HqlParser - <--------------------------------- unaryExpression
2021-11-21T23:53:24,584|[TRACE] HqlParser - <------------------------------- multiplyExpression
2021-11-21T23:53:24,584|[TRACE] HqlParser - <----------------------------- additiveExpression
2021-11-21T23:53:24,584|[TRACE] HqlParser - <--------------------------- concatenation
2021-11-21T23:53:24,584|[TRACE] HqlParser - <------------------------- relationalExpression
2021-11-21T23:53:24,584|[TRACE] HqlParser - <----------------------- equalityExpression
2021-11-21T23:53:24,584|[TRACE] HqlParser - <--------------------- negatedExpression
2021-11-21T23:53:24,584|[TRACE] HqlParser - <------------------- logicalAndExpression
2021-11-21T23:53:24,584|[TRACE] HqlParser - <----------------- logicalOrExpression
2021-11-21T23:53:24,584|[TRACE] HqlParser - <--------------- expression
2021-11-21T23:53:24,584|[TRACE] HqlParser - <------------- aliasedExpression
2021-11-21T23:53:24,584|[TRACE] HqlParser - <----------- selectedPropertiesList
2021-11-21T23:53:24,584|[TRACE] HqlParser - <--------- selectClause
2021-11-21T23:53:24,584|[TRACE] HqlParser - ---------> fromClause
2021-11-21T23:53:24,584|[TRACE] HqlParser - -----------> fromRange
2021-11-21T23:53:24,584|[TRACE] HqlParser - -------------> fromClassOrOuterQueryPath
2021-11-21T23:53:24,584|[TRACE] HqlParser - ---------------> path
2021-11-21T23:53:24,584|[TRACE] HqlParser - -----------------> identifier
2021-11-21T23:53:24,584|[TRACE] HqlParser - <----------------- identifier
2021-11-21T23:53:24,584|[TRACE] HqlParser - -----------------> identifier
2021-11-21T23:53:24,584|[TRACE] HqlParser - <----------------- identifier
2021-11-21T23:53:24,584|[TRACE] HqlParser - -----------------> identifier
2021-11-21T23:53:24,584|[TRACE] HqlParser - <----------------- identifier
2021-11-21T23:53:24,584|[TRACE] HqlParser - <--------------- path
2021-11-21T23:53:24,584|[TRACE] HqlParser - ---------------> asAlias
2021-11-21T23:53:24,584|[TRACE] HqlParser - -----------------> alias
2021-11-21T23:53:24,584|[TRACE] HqlParser - -------------------> identifier
2021-11-21T23:53:24,584|[TRACE] HqlParser - <------------------- identifier
2021-11-21T23:53:24,584|[TRACE] HqlParser - <----------------- alias
2021-11-21T23:53:24,584|[TRACE] HqlParser - <--------------- asAlias
2021-11-21T23:53:24,584|[TRACE] HqlParser - <------------- fromClassOrOuterQueryPath
2021-11-21T23:53:24,584|[TRACE] HqlParser - <----------- fromRange
2021-11-21T23:53:24,584|[TRACE] HqlParser - <--------- fromClause
2021-11-21T23:53:24,584|[TRACE] HqlParser - <------- selectFrom
2021-11-21T23:53:24,584|[TRACE] HqlParser - <----- queryRule
2021-11-21T23:53:24,584|[TRACE] HqlParser - <--- selectStatement
2021-11-21T23:53:24,584|[TRACE] HqlParser - <- statement
2021-11-21T23:53:24,584|[DEBUG] ErrorTracker - throwQueryException() : no errors
2021-11-21T23:53:24,584|[DEBUG] QueryTranslatorImpl - --- HQL AST ---
 \-[QUERY] Node: 'query'
    \-[SELECT_FROM] Node: 'SELECT_FROM'
       +-[FROM] Node: 'FROM'
       |  \-[RANGE] Node: 'RANGE'
       |     +-[DOT] Node: '.'
       |     |  +-[DOT] Node: '.'
       |     |  |  +-[IDENT] Node: 'bloodbank'
       |     |  |  \-[IDENT] Node: 'entity'
       |     |  \-[IDENT] Node: 'Address'
       |     \-[ALIAS] Node: 'a'
       \-[SELECT] Node: 'SELECT'
          \-[IDENT] Node: 'a'

2021-11-21T23:53:24,584|[DEBUG] HqlSqlBaseWalker - select << begin [level=1, statement=select]
2021-11-21T23:53:24,584|[DEBUG] FromElement - FromClause{level=1} : bloodbank.entity.Address (a) -> address0_
2021-11-21T23:53:24,584|[DEBUG] FromReferenceNode - Resolved : a -> address0_.address_id
2021-11-21T23:53:24,584|[DEBUG] HqlSqlBaseWalker - select : finishing up [level=1, statement=select]
2021-11-21T23:53:24,584|[DEBUG] HqlSqlWalker - processQuery() :  ( SELECT ( {select clause} address0_.address_id ) ( FromClause{level=1} address address0_ ) )
2021-11-21T23:53:24,584|[DEBUG] JoinProcessor - Tables referenced from query nodes:
 \-QueryNode
    +-SelectClause
    | referencedTables(entity Address): [address]
    |  +-IdentNode
    |  | persister: SingleTableEntityPersister(bloodbank.entity.Address)
    |  | originalText: a
    |  \-SqlFragment
    \-FromClause
       \-FromElement

2021-11-21T23:53:24,585|[DEBUG] JoinProcessor - Using FROM fragment [address address0_]
2021-11-21T23:53:24,585|[DEBUG] HqlSqlBaseWalker - select >> end [level=1, statement=select]
2021-11-21T23:53:24,585|[DEBUG] QueryTranslatorImpl - --- SQL AST ---
 \-[SELECT] QueryNode: 'SELECT'  querySpaces (address)
    +-[SELECT_CLAUSE] SelectClause: '{select clause}'
    |  +-[ALIAS_REF] IdentNode: 'address0_.address_id as address_1_0_' {alias=a, className=bloodbank.entity.Address, tableAlias=address0_}
    |  \-[SQL_TOKEN] SqlFragment: 'address0_.created as created2_0_, address0_.updated as updated3_0_, address0_.version as version4_0_, address0_.city as city5_0_, address0_.country as country6_0_, address0_.province as province7_0_, address0_.street as street8_0_, address0_.street_number as street_n9_0_, address0_.zipcode as zipcode10_0_'
    \-[FROM] FromClause: 'FROM' FromClause{level=1, fromElementCounter=1, fromElements=1, fromElementByClassAlias=[a], fromElementByTableAlias=[address0_], fromElementsByPath=[], collectionJoinFromElementsByPath=[], impliedElements=[]}
       \-[FROM_FRAGMENT] FromElement: 'address address0_' FromElement{explicit,not a collection join,not a fetch join,fetch non-lazy properties,classAlias=a,role=null,tableName=address,tableAlias=address0_,origin=null,columns={,className=bloodbank.entity.Address}}

2021-11-21T23:53:24,585|[DEBUG] ErrorTracker - throwQueryException() : no errors
2021-11-21T23:53:24,585|[DEBUG] QueryTranslatorImpl - HQL: SELECT a FROM bloodbank.entity.Address a
2021-11-21T23:53:24,585|[DEBUG] QueryTranslatorImpl - SQL: select address0_.address_id as address_1_0_, address0_.created as created2_0_, address0_.updated as updated3_0_, address0_.version as version4_0_, address0_.city as city5_0_, address0_.country as country6_0_, address0_.province as province7_0_, address0_.street as street8_0_, address0_.street_number as street_n9_0_, address0_.zipcode as zipcode10_0_ from address address0_
2021-11-21T23:53:24,585|[DEBUG] ErrorTracker - throwQueryException() : no errors
2021-11-21T23:53:24,585|[DEBUG] NamedQueryRepository - Checking named query: BloodDonation.findAll
2021-11-21T23:53:24,585|[TRACE] QueryPlanCache - Unable to locate HQL query plan in cache; generating (SELECT b FROM BloodDonation b)
2021-11-21T23:53:24,585|[DEBUG] QueryTranslatorImpl - parse() - HQL: SELECT b FROM bloodbank.entity.BloodDonation b
2021-11-21T23:53:24,585|[TRACE] HqlParser - -> statement
2021-11-21T23:53:24,585|[TRACE] HqlParser - ---> selectStatement
2021-11-21T23:53:24,585|[TRACE] HqlParser - -----> queryRule
2021-11-21T23:53:24,585|[TRACE] HqlParser - -------> selectFrom
2021-11-21T23:53:24,585|[TRACE] HqlParser - ---------> selectClause
2021-11-21T23:53:24,585|[TRACE] HqlParser - -----------> selectedPropertiesList
2021-11-21T23:53:24,585|[TRACE] HqlParser - -------------> aliasedExpression
2021-11-21T23:53:24,585|[TRACE] HqlParser - ---------------> expression
2021-11-21T23:53:24,585|[TRACE] HqlParser - -----------------> logicalOrExpression
2021-11-21T23:53:24,585|[TRACE] HqlParser - -------------------> logicalAndExpression
2021-11-21T23:53:24,585|[TRACE] HqlParser - ---------------------> negatedExpression
2021-11-21T23:53:24,585|[TRACE] HqlParser - -----------------------> equalityExpression
2021-11-21T23:53:24,585|[TRACE] HqlParser - -------------------------> relationalExpression
2021-11-21T23:53:24,585|[TRACE] HqlParser - ---------------------------> concatenation
2021-11-21T23:53:24,585|[TRACE] HqlParser - -----------------------------> additiveExpression
2021-11-21T23:53:24,585|[TRACE] HqlParser - -------------------------------> multiplyExpression
2021-11-21T23:53:24,585|[TRACE] HqlParser - ---------------------------------> unaryExpression
2021-11-21T23:53:24,585|[TRACE] HqlParser - -----------------------------------> atom
2021-11-21T23:53:24,585|[TRACE] HqlParser - -------------------------------------> primaryExpression
2021-11-21T23:53:24,585|[TRACE] HqlParser - ---------------------------------------> identPrimary
2021-11-21T23:53:24,585|[TRACE] HqlParser - -----------------------------------------> identPrimaryBase
2021-11-21T23:53:24,585|[TRACE] HqlParser - -------------------------------------------> identifier
2021-11-21T23:53:24,585|[TRACE] HqlParser - <------------------------------------------- identifier
2021-11-21T23:53:24,585|[TRACE] HqlParser - <----------------------------------------- identPrimaryBase
2021-11-21T23:53:24,585|[TRACE] HqlParser - <--------------------------------------- identPrimary
2021-11-21T23:53:24,585|[TRACE] HqlParser - <------------------------------------- primaryExpression
2021-11-21T23:53:24,585|[TRACE] HqlParser - <----------------------------------- atom
2021-11-21T23:53:24,585|[TRACE] HqlParser - <--------------------------------- unaryExpression
2021-11-21T23:53:24,585|[TRACE] HqlParser - <------------------------------- multiplyExpression
2021-11-21T23:53:24,585|[TRACE] HqlParser - <----------------------------- additiveExpression
2021-11-21T23:53:24,585|[TRACE] HqlParser - <--------------------------- concatenation
2021-11-21T23:53:24,585|[TRACE] HqlParser - <------------------------- relationalExpression
2021-11-21T23:53:24,585|[TRACE] HqlParser - <----------------------- equalityExpression
2021-11-21T23:53:24,585|[TRACE] HqlParser - <--------------------- negatedExpression
2021-11-21T23:53:24,585|[TRACE] HqlParser - <------------------- logicalAndExpression
2021-11-21T23:53:24,585|[TRACE] HqlParser - <----------------- logicalOrExpression
2021-11-21T23:53:24,585|[TRACE] HqlParser - <--------------- expression
2021-11-21T23:53:24,585|[TRACE] HqlParser - <------------- aliasedExpression
2021-11-21T23:53:24,585|[TRACE] HqlParser - <----------- selectedPropertiesList
2021-11-21T23:53:24,585|[TRACE] HqlParser - <--------- selectClause
2021-11-21T23:53:24,585|[TRACE] HqlParser - ---------> fromClause
2021-11-21T23:53:24,585|[TRACE] HqlParser - -----------> fromRange
2021-11-21T23:53:24,585|[TRACE] HqlParser - -------------> fromClassOrOuterQueryPath
2021-11-21T23:53:24,585|[TRACE] HqlParser - ---------------> path
2021-11-21T23:53:24,585|[TRACE] HqlParser - -----------------> identifier
2021-11-21T23:53:24,585|[TRACE] HqlParser - <----------------- identifier
2021-11-21T23:53:24,585|[TRACE] HqlParser - -----------------> identifier
2021-11-21T23:53:24,585|[TRACE] HqlParser - <----------------- identifier
2021-11-21T23:53:24,585|[TRACE] HqlParser - -----------------> identifier
2021-11-21T23:53:24,585|[TRACE] HqlParser - <----------------- identifier
2021-11-21T23:53:24,585|[TRACE] HqlParser - <--------------- path
2021-11-21T23:53:24,585|[TRACE] HqlParser - ---------------> asAlias
2021-11-21T23:53:24,585|[TRACE] HqlParser - -----------------> alias
2021-11-21T23:53:24,585|[TRACE] HqlParser - -------------------> identifier
2021-11-21T23:53:24,585|[TRACE] HqlParser - <------------------- identifier
2021-11-21T23:53:24,585|[TRACE] HqlParser - <----------------- alias
2021-11-21T23:53:24,585|[TRACE] HqlParser - <--------------- asAlias
2021-11-21T23:53:24,585|[TRACE] HqlParser - <------------- fromClassOrOuterQueryPath
2021-11-21T23:53:24,585|[TRACE] HqlParser - <----------- fromRange
2021-11-21T23:53:24,585|[TRACE] HqlParser - <--------- fromClause
2021-11-21T23:53:24,585|[TRACE] HqlParser - <------- selectFrom
2021-11-21T23:53:24,585|[TRACE] HqlParser - <----- queryRule
2021-11-21T23:53:24,585|[TRACE] HqlParser - <--- selectStatement
2021-11-21T23:53:24,585|[TRACE] HqlParser - <- statement
2021-11-21T23:53:24,585|[DEBUG] ErrorTracker - throwQueryException() : no errors
2021-11-21T23:53:24,585|[DEBUG] QueryTranslatorImpl - --- HQL AST ---
 \-[QUERY] Node: 'query'
    \-[SELECT_FROM] Node: 'SELECT_FROM'
       +-[FROM] Node: 'FROM'
       |  \-[RANGE] Node: 'RANGE'
       |     +-[DOT] Node: '.'
       |     |  +-[DOT] Node: '.'
       |     |  |  +-[IDENT] Node: 'bloodbank'
       |     |  |  \-[IDENT] Node: 'entity'
       |     |  \-[IDENT] Node: 'BloodDonation'
       |     \-[ALIAS] Node: 'b'
       \-[SELECT] Node: 'SELECT'
          \-[IDENT] Node: 'b'

2021-11-21T23:53:24,585|[DEBUG] HqlSqlBaseWalker - select << begin [level=1, statement=select]
2021-11-21T23:53:24,585|[DEBUG] FromElement - FromClause{level=1} : bloodbank.entity.BloodDonation (b) -> blooddonat0_
2021-11-21T23:53:24,585|[DEBUG] FromReferenceNode - Resolved : b -> blooddonat0_.donation_id
2021-11-21T23:53:24,585|[DEBUG] HqlSqlBaseWalker - select : finishing up [level=1, statement=select]
2021-11-21T23:53:24,585|[DEBUG] HqlSqlWalker - processQuery() :  ( SELECT ( {select clause} blooddonat0_.donation_id ) ( FromClause{level=1} blood_donation blooddonat0_ ) )
2021-11-21T23:53:24,585|[DEBUG] JoinProcessor - Tables referenced from query nodes:
 \-QueryNode
    +-SelectClause
    | referencedTables(entity BloodDonation): [blood_donation]
    |  +-IdentNode
    |  | persister: SingleTableEntityPersister(bloodbank.entity.BloodDonation)
    |  | originalText: b
    |  \-SqlFragment
    \-FromClause
       \-FromElement

2021-11-21T23:53:24,585|[DEBUG] JoinProcessor - Using FROM fragment [blood_donation blooddonat0_]
2021-11-21T23:53:24,585|[DEBUG] HqlSqlBaseWalker - select >> end [level=1, statement=select]
2021-11-21T23:53:24,585|[DEBUG] QueryTranslatorImpl - --- SQL AST ---
 \-[SELECT] QueryNode: 'SELECT'  querySpaces (blood_donation)
    +-[SELECT_CLAUSE] SelectClause: '{select clause}'
    |  +-[ALIAS_REF] IdentNode: 'blooddonat0_.donation_id as donation1_2_' {alias=b, className=bloodbank.entity.BloodDonation, tableAlias=blooddonat0_}
    |  \-[SQL_TOKEN] SqlFragment: 'blooddonat0_.created as created2_2_, blooddonat0_.updated as updated3_2_, blooddonat0_.version as version4_2_, blooddonat0_.bank_id as bank_id8_2_, blooddonat0_.blood_group as blood_gr5_2_, blooddonat0_.rhd as rhd6_2_, blooddonat0_.milliliters as millilit7_2_'
    \-[FROM] FromClause: 'FROM' FromClause{level=1, fromElementCounter=1, fromElements=1, fromElementByClassAlias=[b], fromElementByTableAlias=[blooddonat0_], fromElementsByPath=[], collectionJoinFromElementsByPath=[], impliedElements=[]}
       \-[FROM_FRAGMENT] FromElement: 'blood_donation blooddonat0_' FromElement{explicit,not a collection join,not a fetch join,fetch non-lazy properties,classAlias=b,role=null,tableName=blood_donation,tableAlias=blooddonat0_,origin=null,columns={,className=bloodbank.entity.BloodDonation}}

2021-11-21T23:53:24,585|[DEBUG] ErrorTracker - throwQueryException() : no errors
2021-11-21T23:53:24,585|[DEBUG] QueryTranslatorImpl - HQL: SELECT b FROM bloodbank.entity.BloodDonation b
2021-11-21T23:53:24,585|[DEBUG] QueryTranslatorImpl - SQL: select blooddonat0_.donation_id as donation1_2_, blooddonat0_.created as created2_2_, blooddonat0_.updated as updated3_2_, blooddonat0_.version as version4_2_, blooddonat0_.bank_id as bank_id8_2_, blooddonat0_.blood_group as blood_gr5_2_, blooddonat0_.rhd as rhd6_2_, blooddonat0_.milliliters as millilit7_2_ from blood_donation blooddonat0_
2021-11-21T23:53:24,585|[DEBUG] ErrorTracker - throwQueryException() : no errors
2021-11-21T23:53:24,585|[DEBUG] NamedQueryRepository - Checking named query: Person.findAll
2021-11-21T23:53:24,585|[TRACE] QueryPlanCache - Unable to locate HQL query plan in cache; generating (SELECT p FROM Person p)
2021-11-21T23:53:24,586|[DEBUG] QueryTranslatorImpl - parse() - HQL: SELECT p FROM bloodbank.entity.Person p
2021-11-21T23:53:24,586|[TRACE] HqlParser - -> statement
2021-11-21T23:53:24,586|[TRACE] HqlParser - ---> selectStatement
2021-11-21T23:53:24,586|[TRACE] HqlParser - -----> queryRule
2021-11-21T23:53:24,586|[TRACE] HqlParser - -------> selectFrom
2021-11-21T23:53:24,586|[TRACE] HqlParser - ---------> selectClause
2021-11-21T23:53:24,586|[TRACE] HqlParser - -----------> selectedPropertiesList
2021-11-21T23:53:24,586|[TRACE] HqlParser - -------------> aliasedExpression
2021-11-21T23:53:24,586|[TRACE] HqlParser - ---------------> expression
2021-11-21T23:53:24,586|[TRACE] HqlParser - -----------------> logicalOrExpression
2021-11-21T23:53:24,586|[TRACE] HqlParser - -------------------> logicalAndExpression
2021-11-21T23:53:24,586|[TRACE] HqlParser - ---------------------> negatedExpression
2021-11-21T23:53:24,586|[TRACE] HqlParser - -----------------------> equalityExpression
2021-11-21T23:53:24,586|[TRACE] HqlParser - -------------------------> relationalExpression
2021-11-21T23:53:24,586|[TRACE] HqlParser - ---------------------------> concatenation
2021-11-21T23:53:24,586|[TRACE] HqlParser - -----------------------------> additiveExpression
2021-11-21T23:53:24,586|[TRACE] HqlParser - -------------------------------> multiplyExpression
2021-11-21T23:53:24,586|[TRACE] HqlParser - ---------------------------------> unaryExpression
2021-11-21T23:53:24,586|[TRACE] HqlParser - -----------------------------------> atom
2021-11-21T23:53:24,586|[TRACE] HqlParser - -------------------------------------> primaryExpression
2021-11-21T23:53:24,586|[TRACE] HqlParser - ---------------------------------------> identPrimary
2021-11-21T23:53:24,586|[TRACE] HqlParser - -----------------------------------------> identPrimaryBase
2021-11-21T23:53:24,586|[TRACE] HqlParser - -------------------------------------------> identifier
2021-11-21T23:53:24,586|[TRACE] HqlParser - <------------------------------------------- identifier
2021-11-21T23:53:24,586|[TRACE] HqlParser - <----------------------------------------- identPrimaryBase
2021-11-21T23:53:24,586|[TRACE] HqlParser - <--------------------------------------- identPrimary
2021-11-21T23:53:24,586|[TRACE] HqlParser - <------------------------------------- primaryExpression
2021-11-21T23:53:24,586|[TRACE] HqlParser - <----------------------------------- atom
2021-11-21T23:53:24,586|[TRACE] HqlParser - <--------------------------------- unaryExpression
2021-11-21T23:53:24,586|[TRACE] HqlParser - <------------------------------- multiplyExpression
2021-11-21T23:53:24,586|[TRACE] HqlParser - <----------------------------- additiveExpression
2021-11-21T23:53:24,586|[TRACE] HqlParser - <--------------------------- concatenation
2021-11-21T23:53:24,586|[TRACE] HqlParser - <------------------------- relationalExpression
2021-11-21T23:53:24,586|[TRACE] HqlParser - <----------------------- equalityExpression
2021-11-21T23:53:24,586|[TRACE] HqlParser - <--------------------- negatedExpression
2021-11-21T23:53:24,586|[TRACE] HqlParser - <------------------- logicalAndExpression
2021-11-21T23:53:24,586|[TRACE] HqlParser - <----------------- logicalOrExpression
2021-11-21T23:53:24,586|[TRACE] HqlParser - <--------------- expression
2021-11-21T23:53:24,586|[TRACE] HqlParser - <------------- aliasedExpression
2021-11-21T23:53:24,586|[TRACE] HqlParser - <----------- selectedPropertiesList
2021-11-21T23:53:24,586|[TRACE] HqlParser - <--------- selectClause
2021-11-21T23:53:24,586|[TRACE] HqlParser - ---------> fromClause
2021-11-21T23:53:24,586|[TRACE] HqlParser - -----------> fromRange
2021-11-21T23:53:24,586|[TRACE] HqlParser - -------------> fromClassOrOuterQueryPath
2021-11-21T23:53:24,586|[TRACE] HqlParser - ---------------> path
2021-11-21T23:53:24,586|[TRACE] HqlParser - -----------------> identifier
2021-11-21T23:53:24,586|[TRACE] HqlParser - <----------------- identifier
2021-11-21T23:53:24,586|[TRACE] HqlParser - -----------------> identifier
2021-11-21T23:53:24,586|[TRACE] HqlParser - <----------------- identifier
2021-11-21T23:53:24,586|[TRACE] HqlParser - -----------------> identifier
2021-11-21T23:53:24,586|[TRACE] HqlParser - <----------------- identifier
2021-11-21T23:53:24,586|[TRACE] HqlParser - <--------------- path
2021-11-21T23:53:24,586|[TRACE] HqlParser - ---------------> asAlias
2021-11-21T23:53:24,586|[TRACE] HqlParser - -----------------> alias
2021-11-21T23:53:24,586|[TRACE] HqlParser - -------------------> identifier
2021-11-21T23:53:24,586|[TRACE] HqlParser - <------------------- identifier
2021-11-21T23:53:24,586|[TRACE] HqlParser - <----------------- alias
2021-11-21T23:53:24,586|[TRACE] HqlParser - <--------------- asAlias
2021-11-21T23:53:24,586|[TRACE] HqlParser - <------------- fromClassOrOuterQueryPath
2021-11-21T23:53:24,586|[TRACE] HqlParser - <----------- fromRange
2021-11-21T23:53:24,586|[TRACE] HqlParser - <--------- fromClause
2021-11-21T23:53:24,586|[TRACE] HqlParser - <------- selectFrom
2021-11-21T23:53:24,586|[TRACE] HqlParser - <----- queryRule
2021-11-21T23:53:24,586|[TRACE] HqlParser - <--- selectStatement
2021-11-21T23:53:24,586|[TRACE] HqlParser - <- statement
2021-11-21T23:53:24,586|[DEBUG] ErrorTracker - throwQueryException() : no errors
2021-11-21T23:53:24,586|[DEBUG] QueryTranslatorImpl - --- HQL AST ---
 \-[QUERY] Node: 'query'
    \-[SELECT_FROM] Node: 'SELECT_FROM'
       +-[FROM] Node: 'FROM'
       |  \-[RANGE] Node: 'RANGE'
       |     +-[DOT] Node: '.'
       |     |  +-[DOT] Node: '.'
       |     |  |  +-[IDENT] Node: 'bloodbank'
       |     |  |  \-[IDENT] Node: 'entity'
       |     |  \-[IDENT] Node: 'Person'
       |     \-[ALIAS] Node: 'p'
       \-[SELECT] Node: 'SELECT'
          \-[IDENT] Node: 'p'

2021-11-21T23:53:24,586|[DEBUG] HqlSqlBaseWalker - select << begin [level=1, statement=select]
2021-11-21T23:53:24,586|[DEBUG] FromElement - FromClause{level=1} : bloodbank.entity.Person (p) -> person0_
2021-11-21T23:53:24,586|[DEBUG] FromReferenceNode - Resolved : p -> person0_.id
2021-11-21T23:53:24,586|[DEBUG] HqlSqlBaseWalker - select : finishing up [level=1, statement=select]
2021-11-21T23:53:24,586|[DEBUG] HqlSqlWalker - processQuery() :  ( SELECT ( {select clause} person0_.id ) ( FromClause{level=1} person person0_ ) )
2021-11-21T23:53:24,586|[DEBUG] JoinProcessor - Tables referenced from query nodes:
 \-QueryNode
    +-SelectClause
    | referencedTables(entity Person): [person]
    |  +-IdentNode
    |  | persister: SingleTableEntityPersister(bloodbank.entity.Person)
    |  | originalText: p
    |  \-SqlFragment
    \-FromClause
       \-FromElement

2021-11-21T23:53:24,586|[DEBUG] JoinProcessor - Using FROM fragment [person person0_]
2021-11-21T23:53:24,586|[DEBUG] HqlSqlBaseWalker - select >> end [level=1, statement=select]
2021-11-21T23:53:24,586|[DEBUG] QueryTranslatorImpl - --- SQL AST ---
 \-[SELECT] QueryNode: 'SELECT'  querySpaces (person)
    +-[SELECT_CLAUSE] SelectClause: '{select clause}'
    |  +-[ALIAS_REF] IdentNode: 'person0_.id as id1_5_' {alias=p, className=bloodbank.entity.Person, tableAlias=person0_}
    |  \-[SQL_TOKEN] SqlFragment: 'person0_.created as created2_5_, person0_.updated as updated3_5_, person0_.version as version4_5_, person0_.first_name as first_na5_5_, person0_.last_name as last_nam6_5_'
    \-[FROM] FromClause: 'FROM' FromClause{level=1, fromElementCounter=1, fromElements=1, fromElementByClassAlias=[p], fromElementByTableAlias=[person0_], fromElementsByPath=[], collectionJoinFromElementsByPath=[], impliedElements=[]}
       \-[FROM_FRAGMENT] FromElement: 'person person0_' FromElement{explicit,not a collection join,not a fetch join,fetch non-lazy properties,classAlias=p,role=null,tableName=person,tableAlias=person0_,origin=null,columns={,className=bloodbank.entity.Person}}

2021-11-21T23:53:24,586|[DEBUG] ErrorTracker - throwQueryException() : no errors
2021-11-21T23:53:24,586|[DEBUG] QueryTranslatorImpl - HQL: SELECT p FROM bloodbank.entity.Person p
2021-11-21T23:53:24,586|[DEBUG] QueryTranslatorImpl - SQL: select person0_.id as id1_5_, person0_.created as created2_5_, person0_.updated as updated3_5_, person0_.version as version4_5_, person0_.first_name as first_na5_5_, person0_.last_name as last_nam6_5_ from person person0_
2021-11-21T23:53:24,586|[DEBUG] ErrorTracker - throwQueryException() : no errors
2021-11-21T23:53:24,586|[DEBUG] NamedQueryRepository - Checking named query: DonationRecord.findAll
2021-11-21T23:53:24,586|[TRACE] QueryPlanCache - Unable to locate HQL query plan in cache; generating (SELECT d FROM DonationRecord d)
2021-11-21T23:53:24,586|[DEBUG] QueryTranslatorImpl - parse() - HQL: SELECT d FROM bloodbank.entity.DonationRecord d
2021-11-21T23:53:24,586|[TRACE] HqlParser - -> statement
2021-11-21T23:53:24,586|[TRACE] HqlParser - ---> selectStatement
2021-11-21T23:53:24,586|[TRACE] HqlParser - -----> queryRule
2021-11-21T23:53:24,586|[TRACE] HqlParser - -------> selectFrom
2021-11-21T23:53:24,586|[TRACE] HqlParser - ---------> selectClause
2021-11-21T23:53:24,586|[TRACE] HqlParser - -----------> selectedPropertiesList
2021-11-21T23:53:24,586|[TRACE] HqlParser - -------------> aliasedExpression
2021-11-21T23:53:24,586|[TRACE] HqlParser - ---------------> expression
2021-11-21T23:53:24,586|[TRACE] HqlParser - -----------------> logicalOrExpression
2021-11-21T23:53:24,586|[TRACE] HqlParser - -------------------> logicalAndExpression
2021-11-21T23:53:24,586|[TRACE] HqlParser - ---------------------> negatedExpression
2021-11-21T23:53:24,586|[TRACE] HqlParser - -----------------------> equalityExpression
2021-11-21T23:53:24,586|[TRACE] HqlParser - -------------------------> relationalExpression
2021-11-21T23:53:24,586|[TRACE] HqlParser - ---------------------------> concatenation
2021-11-21T23:53:24,586|[TRACE] HqlParser - -----------------------------> additiveExpression
2021-11-21T23:53:24,586|[TRACE] HqlParser - -------------------------------> multiplyExpression
2021-11-21T23:53:24,586|[TRACE] HqlParser - ---------------------------------> unaryExpression
2021-11-21T23:53:24,586|[TRACE] HqlParser - -----------------------------------> atom
2021-11-21T23:53:24,586|[TRACE] HqlParser - -------------------------------------> primaryExpression
2021-11-21T23:53:24,586|[TRACE] HqlParser - ---------------------------------------> identPrimary
2021-11-21T23:53:24,587|[TRACE] HqlParser - -----------------------------------------> identPrimaryBase
2021-11-21T23:53:24,587|[TRACE] HqlParser - -------------------------------------------> identifier
2021-11-21T23:53:24,587|[TRACE] HqlParser - <------------------------------------------- identifier
2021-11-21T23:53:24,587|[TRACE] HqlParser - <----------------------------------------- identPrimaryBase
2021-11-21T23:53:24,587|[TRACE] HqlParser - <--------------------------------------- identPrimary
2021-11-21T23:53:24,587|[TRACE] HqlParser - <------------------------------------- primaryExpression
2021-11-21T23:53:24,587|[TRACE] HqlParser - <----------------------------------- atom
2021-11-21T23:53:24,587|[TRACE] HqlParser - <--------------------------------- unaryExpression
2021-11-21T23:53:24,587|[TRACE] HqlParser - <------------------------------- multiplyExpression
2021-11-21T23:53:24,587|[TRACE] HqlParser - <----------------------------- additiveExpression
2021-11-21T23:53:24,587|[TRACE] HqlParser - <--------------------------- concatenation
2021-11-21T23:53:24,587|[TRACE] HqlParser - <------------------------- relationalExpression
2021-11-21T23:53:24,587|[TRACE] HqlParser - <----------------------- equalityExpression
2021-11-21T23:53:24,587|[TRACE] HqlParser - <--------------------- negatedExpression
2021-11-21T23:53:24,587|[TRACE] HqlParser - <------------------- logicalAndExpression
2021-11-21T23:53:24,587|[TRACE] HqlParser - <----------------- logicalOrExpression
2021-11-21T23:53:24,587|[TRACE] HqlParser - <--------------- expression
2021-11-21T23:53:24,587|[TRACE] HqlParser - <------------- aliasedExpression
2021-11-21T23:53:24,587|[TRACE] HqlParser - <----------- selectedPropertiesList
2021-11-21T23:53:24,587|[TRACE] HqlParser - <--------- selectClause
2021-11-21T23:53:24,587|[TRACE] HqlParser - ---------> fromClause
2021-11-21T23:53:24,587|[TRACE] HqlParser - -----------> fromRange
2021-11-21T23:53:24,587|[TRACE] HqlParser - -------------> fromClassOrOuterQueryPath
2021-11-21T23:53:24,587|[TRACE] HqlParser - ---------------> path
2021-11-21T23:53:24,587|[TRACE] HqlParser - -----------------> identifier
2021-11-21T23:53:24,587|[TRACE] HqlParser - <----------------- identifier
2021-11-21T23:53:24,587|[TRACE] HqlParser - -----------------> identifier
2021-11-21T23:53:24,587|[TRACE] HqlParser - <----------------- identifier
2021-11-21T23:53:24,587|[TRACE] HqlParser - -----------------> identifier
2021-11-21T23:53:24,587|[TRACE] HqlParser - <----------------- identifier
2021-11-21T23:53:24,587|[TRACE] HqlParser - <--------------- path
2021-11-21T23:53:24,587|[TRACE] HqlParser - ---------------> asAlias
2021-11-21T23:53:24,587|[TRACE] HqlParser - -----------------> alias
2021-11-21T23:53:24,587|[TRACE] HqlParser - -------------------> identifier
2021-11-21T23:53:24,587|[TRACE] HqlParser - <------------------- identifier
2021-11-21T23:53:24,587|[TRACE] HqlParser - <----------------- alias
2021-11-21T23:53:24,587|[TRACE] HqlParser - <--------------- asAlias
2021-11-21T23:53:24,587|[TRACE] HqlParser - <------------- fromClassOrOuterQueryPath
2021-11-21T23:53:24,587|[TRACE] HqlParser - <----------- fromRange
2021-11-21T23:53:24,587|[TRACE] HqlParser - <--------- fromClause
2021-11-21T23:53:24,587|[TRACE] HqlParser - <------- selectFrom
2021-11-21T23:53:24,587|[TRACE] HqlParser - <----- queryRule
2021-11-21T23:53:24,587|[TRACE] HqlParser - <--- selectStatement
2021-11-21T23:53:24,587|[TRACE] HqlParser - <- statement
2021-11-21T23:53:24,587|[DEBUG] ErrorTracker - throwQueryException() : no errors
2021-11-21T23:53:24,587|[DEBUG] QueryTranslatorImpl - --- HQL AST ---
 \-[QUERY] Node: 'query'
    \-[SELECT_FROM] Node: 'SELECT_FROM'
       +-[FROM] Node: 'FROM'
       |  \-[RANGE] Node: 'RANGE'
       |     +-[DOT] Node: '.'
       |     |  +-[DOT] Node: '.'
       |     |  |  +-[IDENT] Node: 'bloodbank'
       |     |  |  \-[IDENT] Node: 'entity'
       |     |  \-[IDENT] Node: 'DonationRecord'
       |     \-[ALIAS] Node: 'd'
       \-[SELECT] Node: 'SELECT'
          \-[IDENT] Node: 'd'

2021-11-21T23:53:24,587|[DEBUG] HqlSqlBaseWalker - select << begin [level=1, statement=select]
2021-11-21T23:53:24,587|[DEBUG] FromElement - FromClause{level=1} : bloodbank.entity.DonationRecord (d) -> donationre0_
2021-11-21T23:53:24,587|[DEBUG] FromReferenceNode - Resolved : d -> donationre0_.record_id
2021-11-21T23:53:24,587|[DEBUG] HqlSqlBaseWalker - select : finishing up [level=1, statement=select]
2021-11-21T23:53:24,587|[DEBUG] HqlSqlWalker - processQuery() :  ( SELECT ( {select clause} donationre0_.record_id ) ( FromClause{level=1} donation_record donationre0_ ) )
2021-11-21T23:53:24,587|[DEBUG] JoinProcessor - Tables referenced from query nodes:
 \-QueryNode
    +-SelectClause
    | referencedTables(entity DonationRecord): [donation_record]
    |  +-IdentNode
    |  | persister: SingleTableEntityPersister(bloodbank.entity.DonationRecord)
    |  | originalText: d
    |  \-SqlFragment
    \-FromClause
       \-FromElement

2021-11-21T23:53:24,587|[DEBUG] JoinProcessor - Using FROM fragment [donation_record donationre0_]
2021-11-21T23:53:24,587|[DEBUG] HqlSqlBaseWalker - select >> end [level=1, statement=select]
2021-11-21T23:53:24,587|[DEBUG] QueryTranslatorImpl - --- SQL AST ---
 \-[SELECT] QueryNode: 'SELECT'  querySpaces (donation_record)
    +-[SELECT_CLAUSE] SelectClause: '{select clause}'
    |  +-[ALIAS_REF] IdentNode: 'donationre0_.record_id as record_i1_4_' {alias=d, className=bloodbank.entity.DonationRecord, tableAlias=donationre0_}
    |  \-[SQL_TOKEN] SqlFragment: 'donationre0_.created as created2_4_, donationre0_.updated as updated3_4_, donationre0_.version as version4_4_, donationre0_.donation_id as donation6_4_, donationre0_.person_id as person_i7_4_, donationre0_.tested as tested5_4_'
    \-[FROM] FromClause: 'FROM' FromClause{level=1, fromElementCounter=1, fromElements=1, fromElementByClassAlias=[d], fromElementByTableAlias=[donationre0_], fromElementsByPath=[], collectionJoinFromElementsByPath=[], impliedElements=[]}
       \-[FROM_FRAGMENT] FromElement: 'donation_record donationre0_' FromElement{explicit,not a collection join,not a fetch join,fetch non-lazy properties,classAlias=d,role=null,tableName=donation_record,tableAlias=donationre0_,origin=null,columns={,className=bloodbank.entity.DonationRecord}}

2021-11-21T23:53:24,587|[DEBUG] ErrorTracker - throwQueryException() : no errors
2021-11-21T23:53:24,587|[DEBUG] QueryTranslatorImpl - HQL: SELECT d FROM bloodbank.entity.DonationRecord d
2021-11-21T23:53:24,587|[DEBUG] QueryTranslatorImpl - SQL: select donationre0_.record_id as record_i1_4_, donationre0_.created as created2_4_, donationre0_.updated as updated3_4_, donationre0_.version as version4_4_, donationre0_.donation_id as donation6_4_, donationre0_.person_id as person_i7_4_, donationre0_.tested as tested5_4_ from donation_record donationre0_
2021-11-21T23:53:24,587|[DEBUG] ErrorTracker - throwQueryException() : no errors
2021-11-21T23:53:24,587|[DEBUG] NamedQueryRepository - Checking 0 named SQL queries
2021-11-21T23:53:24,587|[TRACE] TypeConfiguration$Scope - Handling #sessionFactoryCreated from [org.hibernate.internal.SessionFactoryImpl@36330be8] for TypeConfiguration
2021-11-21T23:53:24,587|[TRACE] AbstractServiceRegistryImpl - Initializing service [role=org.hibernate.engine.jndi.spi.JndiService]
2021-11-21T23:53:24,587|[DEBUG] SessionFactoryRegistry - Registering SessionFactory: 9a8a8a50-757b-4137-864f-e04cee85a397 (<unnamed>)
2021-11-21T23:53:24,587|[DEBUG] SessionFactoryRegistry - Not binding SessionFactory to JNDI, no JNDI name configured
2021-11-21T23:53:24,587|[TRACE] SessionFactoryImpl$SessionBuilderImpl - Opening Hibernate Session.  tenant=null
2021-11-21T23:53:24,587|[TRACE] SessionImpl - Opened Session [09cedd12-f7bb-4899-80b4-e73326d443ab] at timestamp: 1637556804587
2021-11-21T23:53:24,587|[DEBUG] TransactionImpl - On TransactionImpl creation, JpaCompliance#isJpaTransactionComplianceEnabled == false
2021-11-21T23:53:24,587|[DEBUG] TransactionImpl - begin
2021-11-21T23:53:24,588|[TRACE] AbstractLogicalConnectionImplementor - Preparing to begin transaction via JDBC Connection.setAutoCommit(false)
2021-11-21T23:53:24,588|[TRACE] AbstractLogicalConnectionImplementor - Transaction begun via JDBC Connection.setAutoCommit(false)
2021-11-21T23:53:24,588|[TRACE] JdbcResourceLocalTransactionCoordinatorImpl - ResourceLocalTransactionCoordinatorImpl#afterBeginCallback
2021-11-21T23:53:24,588|[TRACE] QueryPlanCache - Unable to locate HQL query plan in cache; generating (delete BloodBank as generatedAlias0)
2021-11-21T23:53:24,588|[DEBUG] QueryTranslatorImpl - parse() - HQL: delete bloodbank.entity.BloodBank as generatedAlias0
2021-11-21T23:53:24,588|[TRACE] HqlParser - -> statement
2021-11-21T23:53:24,588|[TRACE] HqlParser - ---> deleteStatement
2021-11-21T23:53:24,588|[TRACE] HqlParser - -----> optionalFromTokenFromClause
2021-11-21T23:53:24,588|[TRACE] HqlParser - -------> path
2021-11-21T23:53:24,588|[TRACE] HqlParser - ---------> identifier
2021-11-21T23:53:24,588|[TRACE] HqlParser - <--------- identifier
2021-11-21T23:53:24,588|[TRACE] HqlParser - ---------> identifier
2021-11-21T23:53:24,588|[TRACE] HqlParser - <--------- identifier
2021-11-21T23:53:24,588|[TRACE] HqlParser - ---------> identifier
2021-11-21T23:53:24,588|[TRACE] HqlParser - <--------- identifier
2021-11-21T23:53:24,588|[TRACE] HqlParser - <------- path
2021-11-21T23:53:24,588|[TRACE] HqlParser - -------> asAlias
2021-11-21T23:53:24,588|[TRACE] HqlParser - ---------> alias
2021-11-21T23:53:24,588|[TRACE] HqlParser - -----------> identifier
2021-11-21T23:53:24,588|[TRACE] HqlParser - <----------- identifier
2021-11-21T23:53:24,588|[TRACE] HqlParser - <--------- alias
2021-11-21T23:53:24,588|[TRACE] HqlParser - <------- asAlias
2021-11-21T23:53:24,588|[TRACE] HqlParser - <----- optionalFromTokenFromClause
2021-11-21T23:53:24,588|[TRACE] HqlParser - <--- deleteStatement
2021-11-21T23:53:24,588|[TRACE] HqlParser - <- statement
2021-11-21T23:53:24,588|[DEBUG] ErrorTracker - throwQueryException() : no errors
2021-11-21T23:53:24,588|[DEBUG] QueryTranslatorImpl - --- HQL AST ---
 \-[DELETE] Node: 'delete'
    \-[FROM] Node: 'FROM'
       \-[RANGE] Node: 'RANGE'
          +-[DOT] Node: '.'
          |  +-[DOT] Node: '.'
          |  |  +-[IDENT] Node: 'bloodbank'
          |  |  \-[IDENT] Node: 'entity'
          |  \-[IDENT] Node: 'BloodBank'
          \-[ALIAS] Node: 'generatedAlias0'

2021-11-21T23:53:24,588|[DEBUG] HqlSqlBaseWalker - delete << begin [level=1, statement=delete]
2021-11-21T23:53:24,588|[DEBUG] FromElement - FromClause{level=1} : bloodbank.entity.BloodBank (generatedAlias0) -> bloodbank0_
2021-11-21T23:53:24,588|[DEBUG] HqlSqlBaseWalker - delete : finishing up [level=1, statement=delete]
2021-11-21T23:53:24,588|[DEBUG] HqlSqlBaseWalker - delete >> end [level=1, statement=delete]
2021-11-21T23:53:24,588|[DEBUG] QueryTranslatorImpl - --- SQL AST ---
 \-[DELETE] DeleteStatement: 'delete'  querySpaces (blood_bank)
    \-[FROM] FromClause: 'FROM' FromClause{level=1, fromElementCounter=1, fromElements=1, fromElementByClassAlias=[generatedAlias0], fromElementByTableAlias=[bloodbank0_], fromElementsByPath=[], collectionJoinFromElementsByPath=[], impliedElements=[]}
       \-[FROM_FRAGMENT] FromElement: 'blood_bank' FromElement{explicit,not a collection join,not a fetch join,fetch non-lazy properties,classAlias=generatedAlias0,role=null,tableName=blood_bank,tableAlias=bloodbank0_,origin=null,columns={,className=bloodbank.entity.BloodBank}}

2021-11-21T23:53:24,588|[DEBUG] ErrorTracker - throwQueryException() : no errors
2021-11-21T23:53:24,588|[DEBUG] ErrorTracker - throwQueryException() : no errors
2021-11-21T23:53:24,588|[TRACE] QueryPlanCache - Located HQL query plan in cache (delete BloodBank as generatedAlias0)
2021-11-21T23:53:24,589|[TRACE] HQLQueryPlan - Execute update: delete BloodBank as generatedAlias0
2021-11-21T23:53:24,589|[TRACE] QueryParameters - Named parameters: {}
2021-11-21T23:53:24,589|[DEBUG] SQL - 
    /* delete BloodBank as generatedAlias0 */ delete 
        from
            blood_bank
2021-11-21T23:53:24,589|[TRACE] ResourceRegistryStandardImpl - Registering statement [com.mysql.cj.jdbc.ClientPreparedStatement: /* delete BloodBank as generatedAlias0 */ delete from blood_bank]
2021-11-21T23:53:24,590|[TRACE] ResourceRegistryStandardImpl - Releasing statement [com.mysql.cj.jdbc.ClientPreparedStatement: /* delete BloodBank as generatedAlias0 */ delete from blood_bank]
2021-11-21T23:53:24,590|[TRACE] ResourceRegistryStandardImpl - Closing prepared statement [com.mysql.cj.jdbc.ClientPreparedStatement: /* delete BloodBank as generatedAlias0 */ delete from blood_bank]
2021-11-21T23:53:24,590|[TRACE] JdbcCoordinatorImpl - Starting after statement execution processing [AFTER_TRANSACTION]
2021-11-21T23:53:24,590|[TRACE] QueryPlanCache - Unable to locate HQL query plan in cache; generating (delete BloodDonation as generatedAlias0)
2021-11-21T23:53:24,590|[DEBUG] QueryTranslatorImpl - parse() - HQL: delete bloodbank.entity.BloodDonation as generatedAlias0
2021-11-21T23:53:24,590|[TRACE] HqlParser - -> statement
2021-11-21T23:53:24,590|[TRACE] HqlParser - ---> deleteStatement
2021-11-21T23:53:24,590|[TRACE] HqlParser - -----> optionalFromTokenFromClause
2021-11-21T23:53:24,590|[TRACE] HqlParser - -------> path
2021-11-21T23:53:24,590|[TRACE] HqlParser - ---------> identifier
2021-11-21T23:53:24,590|[TRACE] HqlParser - <--------- identifier
2021-11-21T23:53:24,590|[TRACE] HqlParser - ---------> identifier
2021-11-21T23:53:24,590|[TRACE] HqlParser - <--------- identifier
2021-11-21T23:53:24,590|[TRACE] HqlParser - ---------> identifier
2021-11-21T23:53:24,590|[TRACE] HqlParser - <--------- identifier
2021-11-21T23:53:24,590|[TRACE] HqlParser - <------- path
2021-11-21T23:53:24,590|[TRACE] HqlParser - -------> asAlias
2021-11-21T23:53:24,590|[TRACE] HqlParser - ---------> alias
2021-11-21T23:53:24,590|[TRACE] HqlParser - -----------> identifier
2021-11-21T23:53:24,590|[TRACE] HqlParser - <----------- identifier
2021-11-21T23:53:24,590|[TRACE] HqlParser - <--------- alias
2021-11-21T23:53:24,590|[TRACE] HqlParser - <------- asAlias
2021-11-21T23:53:24,590|[TRACE] HqlParser - <----- optionalFromTokenFromClause
2021-11-21T23:53:24,590|[TRACE] HqlParser - <--- deleteStatement
2021-11-21T23:53:24,590|[TRACE] HqlParser - <- statement
2021-11-21T23:53:24,590|[DEBUG] ErrorTracker - throwQueryException() : no errors
2021-11-21T23:53:24,591|[DEBUG] QueryTranslatorImpl - --- HQL AST ---
 \-[DELETE] Node: 'delete'
    \-[FROM] Node: 'FROM'
       \-[RANGE] Node: 'RANGE'
          +-[DOT] Node: '.'
          |  +-[DOT] Node: '.'
          |  |  +-[IDENT] Node: 'bloodbank'
          |  |  \-[IDENT] Node: 'entity'
          |  \-[IDENT] Node: 'BloodDonation'
          \-[ALIAS] Node: 'generatedAlias0'

2021-11-21T23:53:24,591|[DEBUG] HqlSqlBaseWalker - delete << begin [level=1, statement=delete]
2021-11-21T23:53:24,591|[DEBUG] FromElement - FromClause{level=1} : bloodbank.entity.BloodDonation (generatedAlias0) -> blooddonat0_
2021-11-21T23:53:24,591|[DEBUG] HqlSqlBaseWalker - delete : finishing up [level=1, statement=delete]
2021-11-21T23:53:24,591|[DEBUG] HqlSqlBaseWalker - delete >> end [level=1, statement=delete]
2021-11-21T23:53:24,591|[DEBUG] QueryTranslatorImpl - --- SQL AST ---
 \-[DELETE] DeleteStatement: 'delete'  querySpaces (blood_donation)
    \-[FROM] FromClause: 'FROM' FromClause{level=1, fromElementCounter=1, fromElements=1, fromElementByClassAlias=[generatedAlias0], fromElementByTableAlias=[blooddonat0_], fromElementsByPath=[], collectionJoinFromElementsByPath=[], impliedElements=[]}
       \-[FROM_FRAGMENT] FromElement: 'blood_donation' FromElement{explicit,not a collection join,not a fetch join,fetch non-lazy properties,classAlias=generatedAlias0,role=null,tableName=blood_donation,tableAlias=blooddonat0_,origin=null,columns={,className=bloodbank.entity.BloodDonation}}

2021-11-21T23:53:24,591|[DEBUG] ErrorTracker - throwQueryException() : no errors
2021-11-21T23:53:24,591|[DEBUG] ErrorTracker - throwQueryException() : no errors
2021-11-21T23:53:24,591|[TRACE] QueryPlanCache - Located HQL query plan in cache (delete BloodDonation as generatedAlias0)
2021-11-21T23:53:24,591|[TRACE] HQLQueryPlan - Execute update: delete BloodDonation as generatedAlias0
2021-11-21T23:53:24,591|[TRACE] QueryParameters - Named parameters: {}
2021-11-21T23:53:24,591|[DEBUG] SQL - 
    /* delete BloodDonation as generatedAlias0 */ delete 
        from
            blood_donation
2021-11-21T23:53:24,591|[TRACE] ResourceRegistryStandardImpl - Registering statement [com.mysql.cj.jdbc.ClientPreparedStatement: /* delete BloodDonation as generatedAlias0 */ delete from blood_donation]
2021-11-21T23:53:24,592|[TRACE] ResourceRegistryStandardImpl - Releasing statement [com.mysql.cj.jdbc.ClientPreparedStatement: /* delete BloodDonation as generatedAlias0 */ delete from blood_donation]
2021-11-21T23:53:24,592|[TRACE] ResourceRegistryStandardImpl - Closing prepared statement [com.mysql.cj.jdbc.ClientPreparedStatement: /* delete BloodDonation as generatedAlias0 */ delete from blood_donation]
2021-11-21T23:53:24,592|[TRACE] JdbcCoordinatorImpl - Starting after statement execution processing [AFTER_TRANSACTION]
2021-11-21T23:53:24,592|[TRACE] QueryPlanCache - Unable to locate HQL query plan in cache; generating (delete Person as generatedAlias0)
2021-11-21T23:53:24,592|[DEBUG] QueryTranslatorImpl - parse() - HQL: delete bloodbank.entity.Person as generatedAlias0
2021-11-21T23:53:24,592|[TRACE] HqlParser - -> statement
2021-11-21T23:53:24,592|[TRACE] HqlParser - ---> deleteStatement
2021-11-21T23:53:24,592|[TRACE] HqlParser - -----> optionalFromTokenFromClause
2021-11-21T23:53:24,592|[TRACE] HqlParser - -------> path
2021-11-21T23:53:24,592|[TRACE] HqlParser - ---------> identifier
2021-11-21T23:53:24,592|[TRACE] HqlParser - <--------- identifier
2021-11-21T23:53:24,592|[TRACE] HqlParser - ---------> identifier
2021-11-21T23:53:24,592|[TRACE] HqlParser - <--------- identifier
2021-11-21T23:53:24,592|[TRACE] HqlParser - ---------> identifier
2021-11-21T23:53:24,592|[TRACE] HqlParser - <--------- identifier
2021-11-21T23:53:24,592|[TRACE] HqlParser - <------- path
2021-11-21T23:53:24,592|[TRACE] HqlParser - -------> asAlias
2021-11-21T23:53:24,592|[TRACE] HqlParser - ---------> alias
2021-11-21T23:53:24,592|[TRACE] HqlParser - -----------> identifier
2021-11-21T23:53:24,592|[TRACE] HqlParser - <----------- identifier
2021-11-21T23:53:24,592|[TRACE] HqlParser - <--------- alias
2021-11-21T23:53:24,592|[TRACE] HqlParser - <------- asAlias
2021-11-21T23:53:24,592|[TRACE] HqlParser - <----- optionalFromTokenFromClause
2021-11-21T23:53:24,592|[TRACE] HqlParser - <--- deleteStatement
2021-11-21T23:53:24,592|[TRACE] HqlParser - <- statement
2021-11-21T23:53:24,592|[DEBUG] ErrorTracker - throwQueryException() : no errors
2021-11-21T23:53:24,592|[DEBUG] QueryTranslatorImpl - --- HQL AST ---
 \-[DELETE] Node: 'delete'
    \-[FROM] Node: 'FROM'
       \-[RANGE] Node: 'RANGE'
          +-[DOT] Node: '.'
          |  +-[DOT] Node: '.'
          |  |  +-[IDENT] Node: 'bloodbank'
          |  |  \-[IDENT] Node: 'entity'
          |  \-[IDENT] Node: 'Person'
          \-[ALIAS] Node: 'generatedAlias0'

2021-11-21T23:53:24,592|[DEBUG] HqlSqlBaseWalker - delete << begin [level=1, statement=delete]
2021-11-21T23:53:24,592|[DEBUG] FromElement - FromClause{level=1} : bloodbank.entity.Person (generatedAlias0) -> person0_
2021-11-21T23:53:24,593|[DEBUG] HqlSqlBaseWalker - delete : finishing up [level=1, statement=delete]
2021-11-21T23:53:24,593|[DEBUG] HqlSqlBaseWalker - delete >> end [level=1, statement=delete]
2021-11-21T23:53:24,593|[DEBUG] QueryTranslatorImpl - --- SQL AST ---
 \-[DELETE] DeleteStatement: 'delete'  querySpaces (person)
    \-[FROM] FromClause: 'FROM' FromClause{level=1, fromElementCounter=1, fromElements=1, fromElementByClassAlias=[generatedAlias0], fromElementByTableAlias=[person0_], fromElementsByPath=[], collectionJoinFromElementsByPath=[], impliedElements=[]}
       \-[FROM_FRAGMENT] FromElement: 'person' FromElement{explicit,not a collection join,not a fetch join,fetch non-lazy properties,classAlias=generatedAlias0,role=null,tableName=person,tableAlias=person0_,origin=null,columns={,className=bloodbank.entity.Person}}

2021-11-21T23:53:24,593|[DEBUG] ErrorTracker - throwQueryException() : no errors
2021-11-21T23:53:24,593|[DEBUG] ErrorTracker - throwQueryException() : no errors
2021-11-21T23:53:24,593|[TRACE] QueryPlanCache - Located HQL query plan in cache (delete Person as generatedAlias0)
2021-11-21T23:53:24,593|[TRACE] HQLQueryPlan - Execute update: delete Person as generatedAlias0
2021-11-21T23:53:24,593|[TRACE] QueryParameters - Named parameters: {}
2021-11-21T23:53:24,593|[DEBUG] SQL - 
    /* delete Person as generatedAlias0 */ delete 
        from
            person
2021-11-21T23:53:24,593|[TRACE] ResourceRegistryStandardImpl - Registering statement [com.mysql.cj.jdbc.ClientPreparedStatement: /* delete Person as generatedAlias0 */ delete from person]
2021-11-21T23:53:24,594|[TRACE] ResourceRegistryStandardImpl - Releasing statement [com.mysql.cj.jdbc.ClientPreparedStatement: /* delete Person as generatedAlias0 */ delete from person]
2021-11-21T23:53:24,594|[TRACE] ResourceRegistryStandardImpl - Closing prepared statement [com.mysql.cj.jdbc.ClientPreparedStatement: /* delete Person as generatedAlias0 */ delete from person]
2021-11-21T23:53:24,594|[TRACE] JdbcCoordinatorImpl - Starting after statement execution processing [AFTER_TRANSACTION]
2021-11-21T23:53:24,594|[TRACE] QueryPlanCache - Unable to locate HQL query plan in cache; generating (delete DonationRecord as generatedAlias0)
2021-11-21T23:53:24,594|[DEBUG] QueryTranslatorImpl - parse() - HQL: delete bloodbank.entity.DonationRecord as generatedAlias0
2021-11-21T23:53:24,594|[TRACE] HqlParser - -> statement
2021-11-21T23:53:24,594|[TRACE] HqlParser - ---> deleteStatement
2021-11-21T23:53:24,594|[TRACE] HqlParser - -----> optionalFromTokenFromClause
2021-11-21T23:53:24,594|[TRACE] HqlParser - -------> path
2021-11-21T23:53:24,594|[TRACE] HqlParser - ---------> identifier
2021-11-21T23:53:24,594|[TRACE] HqlParser - <--------- identifier
2021-11-21T23:53:24,594|[TRACE] HqlParser - ---------> identifier
2021-11-21T23:53:24,594|[TRACE] HqlParser - <--------- identifier
2021-11-21T23:53:24,594|[TRACE] HqlParser - ---------> identifier
2021-11-21T23:53:24,594|[TRACE] HqlParser - <--------- identifier
2021-11-21T23:53:24,594|[TRACE] HqlParser - <------- path
2021-11-21T23:53:24,594|[TRACE] HqlParser - -------> asAlias
2021-11-21T23:53:24,594|[TRACE] HqlParser - ---------> alias
2021-11-21T23:53:24,594|[TRACE] HqlParser - -----------> identifier
2021-11-21T23:53:24,594|[TRACE] HqlParser - <----------- identifier
2021-11-21T23:53:24,594|[TRACE] HqlParser - <--------- alias
2021-11-21T23:53:24,594|[TRACE] HqlParser - <------- asAlias
2021-11-21T23:53:24,594|[TRACE] HqlParser - <----- optionalFromTokenFromClause
2021-11-21T23:53:24,594|[TRACE] HqlParser - <--- deleteStatement
2021-11-21T23:53:24,594|[TRACE] HqlParser - <- statement
2021-11-21T23:53:24,594|[DEBUG] ErrorTracker - throwQueryException() : no errors
2021-11-21T23:53:24,594|[DEBUG] QueryTranslatorImpl - --- HQL AST ---
 \-[DELETE] Node: 'delete'
    \-[FROM] Node: 'FROM'
       \-[RANGE] Node: 'RANGE'
          +-[DOT] Node: '.'
          |  +-[DOT] Node: '.'
          |  |  +-[IDENT] Node: 'bloodbank'
          |  |  \-[IDENT] Node: 'entity'
          |  \-[IDENT] Node: 'DonationRecord'
          \-[ALIAS] Node: 'generatedAlias0'

2021-11-21T23:53:24,594|[DEBUG] HqlSqlBaseWalker - delete << begin [level=1, statement=delete]
2021-11-21T23:53:24,594|[DEBUG] FromElement - FromClause{level=1} : bloodbank.entity.DonationRecord (generatedAlias0) -> donationre0_
2021-11-21T23:53:24,594|[DEBUG] HqlSqlBaseWalker - delete : finishing up [level=1, statement=delete]
2021-11-21T23:53:24,594|[DEBUG] HqlSqlBaseWalker - delete >> end [level=1, statement=delete]
2021-11-21T23:53:24,594|[DEBUG] QueryTranslatorImpl - --- SQL AST ---
 \-[DELETE] DeleteStatement: 'delete'  querySpaces (donation_record)
    \-[FROM] FromClause: 'FROM' FromClause{level=1, fromElementCounter=1, fromElements=1, fromElementByClassAlias=[generatedAlias0], fromElementByTableAlias=[donationre0_], fromElementsByPath=[], collectionJoinFromElementsByPath=[], impliedElements=[]}
       \-[FROM_FRAGMENT] FromElement: 'donation_record' FromElement{explicit,not a collection join,not a fetch join,fetch non-lazy properties,classAlias=generatedAlias0,role=null,tableName=donation_record,tableAlias=donationre0_,origin=null,columns={,className=bloodbank.entity.DonationRecord}}

2021-11-21T23:53:24,594|[DEBUG] ErrorTracker - throwQueryException() : no errors
2021-11-21T23:53:24,594|[DEBUG] ErrorTracker - throwQueryException() : no errors
2021-11-21T23:53:24,594|[TRACE] QueryPlanCache - Located HQL query plan in cache (delete DonationRecord as generatedAlias0)
2021-11-21T23:53:24,594|[TRACE] HQLQueryPlan - Execute update: delete DonationRecord as generatedAlias0
2021-11-21T23:53:24,594|[TRACE] QueryParameters - Named parameters: {}
2021-11-21T23:53:24,594|[DEBUG] SQL - 
    /* delete DonationRecord as generatedAlias0 */ delete 
        from
            donation_record
2021-11-21T23:53:24,594|[TRACE] ResourceRegistryStandardImpl - Registering statement [com.mysql.cj.jdbc.ClientPreparedStatement: /* delete DonationRecord as generatedAlias0 */ delete from donation_record]
2021-11-21T23:53:24,595|[TRACE] ResourceRegistryStandardImpl - Releasing statement [com.mysql.cj.jdbc.ClientPreparedStatement: /* delete DonationRecord as generatedAlias0 */ delete from donation_record]
2021-11-21T23:53:24,595|[TRACE] ResourceRegistryStandardImpl - Closing prepared statement [com.mysql.cj.jdbc.ClientPreparedStatement: /* delete DonationRecord as generatedAlias0 */ delete from donation_record]
2021-11-21T23:53:24,595|[TRACE] JdbcCoordinatorImpl - Starting after statement execution processing [AFTER_TRANSACTION]
2021-11-21T23:53:24,595|[TRACE] QueryPlanCache - Unable to locate HQL query plan in cache; generating (delete Address as generatedAlias0)
2021-11-21T23:53:24,595|[DEBUG] QueryTranslatorImpl - parse() - HQL: delete bloodbank.entity.Address as generatedAlias0
2021-11-21T23:53:24,595|[TRACE] HqlParser - -> statement
2021-11-21T23:53:24,595|[TRACE] HqlParser - ---> deleteStatement
2021-11-21T23:53:24,595|[TRACE] HqlParser - -----> optionalFromTokenFromClause
2021-11-21T23:53:24,595|[TRACE] HqlParser - -------> path
2021-11-21T23:53:24,595|[TRACE] HqlParser - ---------> identifier
2021-11-21T23:53:24,595|[TRACE] HqlParser - <--------- identifier
2021-11-21T23:53:24,595|[TRACE] HqlParser - ---------> identifier
2021-11-21T23:53:24,595|[TRACE] HqlParser - <--------- identifier
2021-11-21T23:53:24,595|[TRACE] HqlParser - ---------> identifier
2021-11-21T23:53:24,595|[TRACE] HqlParser - <--------- identifier
2021-11-21T23:53:24,595|[TRACE] HqlParser - <------- path
2021-11-21T23:53:24,595|[TRACE] HqlParser - -------> asAlias
2021-11-21T23:53:24,595|[TRACE] HqlParser - ---------> alias
2021-11-21T23:53:24,595|[TRACE] HqlParser - -----------> identifier
2021-11-21T23:53:24,595|[TRACE] HqlParser - <----------- identifier
2021-11-21T23:53:24,595|[TRACE] HqlParser - <--------- alias
2021-11-21T23:53:24,595|[TRACE] HqlParser - <------- asAlias
2021-11-21T23:53:24,595|[TRACE] HqlParser - <----- optionalFromTokenFromClause
2021-11-21T23:53:24,595|[TRACE] HqlParser - <--- deleteStatement
2021-11-21T23:53:24,595|[TRACE] HqlParser - <- statement
2021-11-21T23:53:24,595|[DEBUG] ErrorTracker - throwQueryException() : no errors
2021-11-21T23:53:24,596|[DEBUG] QueryTranslatorImpl - --- HQL AST ---
 \-[DELETE] Node: 'delete'
    \-[FROM] Node: 'FROM'
       \-[RANGE] Node: 'RANGE'
          +-[DOT] Node: '.'
          |  +-[DOT] Node: '.'
          |  |  +-[IDENT] Node: 'bloodbank'
          |  |  \-[IDENT] Node: 'entity'
          |  \-[IDENT] Node: 'Address'
          \-[ALIAS] Node: 'generatedAlias0'

2021-11-21T23:53:24,596|[DEBUG] HqlSqlBaseWalker - delete << begin [level=1, statement=delete]
2021-11-21T23:53:24,596|[DEBUG] FromElement - FromClause{level=1} : bloodbank.entity.Address (generatedAlias0) -> address0_
2021-11-21T23:53:24,596|[DEBUG] HqlSqlBaseWalker - delete : finishing up [level=1, statement=delete]
2021-11-21T23:53:24,596|[DEBUG] HqlSqlBaseWalker - delete >> end [level=1, statement=delete]
2021-11-21T23:53:24,596|[DEBUG] QueryTranslatorImpl - --- SQL AST ---
 \-[DELETE] DeleteStatement: 'delete'  querySpaces (address)
    \-[FROM] FromClause: 'FROM' FromClause{level=1, fromElementCounter=1, fromElements=1, fromElementByClassAlias=[generatedAlias0], fromElementByTableAlias=[address0_], fromElementsByPath=[], collectionJoinFromElementsByPath=[], impliedElements=[]}
       \-[FROM_FRAGMENT] FromElement: 'address' FromElement{explicit,not a collection join,not a fetch join,fetch non-lazy properties,classAlias=generatedAlias0,role=null,tableName=address,tableAlias=address0_,origin=null,columns={,className=bloodbank.entity.Address}}

2021-11-21T23:53:24,596|[DEBUG] ErrorTracker - throwQueryException() : no errors
2021-11-21T23:53:24,596|[DEBUG] ErrorTracker - throwQueryException() : no errors
2021-11-21T23:53:24,596|[TRACE] QueryPlanCache - Located HQL query plan in cache (delete Address as generatedAlias0)
2021-11-21T23:53:24,596|[TRACE] HQLQueryPlan - Execute update: delete Address as generatedAlias0
2021-11-21T23:53:24,596|[TRACE] QueryParameters - Named parameters: {}
2021-11-21T23:53:24,596|[DEBUG] SQL - 
    /* delete Address as generatedAlias0 */ delete 
        from
            address
2021-11-21T23:53:24,597|[TRACE] ResourceRegistryStandardImpl - Registering statement [com.mysql.cj.jdbc.ClientPreparedStatement: /* delete Address as generatedAlias0 */ delete from address]
2021-11-21T23:53:24,598|[TRACE] ResourceRegistryStandardImpl - Releasing statement [com.mysql.cj.jdbc.ClientPreparedStatement: /* delete Address as generatedAlias0 */ delete from address]
2021-11-21T23:53:24,598|[TRACE] ResourceRegistryStandardImpl - Closing prepared statement [com.mysql.cj.jdbc.ClientPreparedStatement: /* delete Address as generatedAlias0 */ delete from address]
2021-11-21T23:53:24,598|[TRACE] JdbcCoordinatorImpl - Starting after statement execution processing [AFTER_TRANSACTION]
2021-11-21T23:53:24,598|[TRACE] QueryPlanCache - Unable to locate HQL query plan in cache; generating (delete Contact as generatedAlias0)
2021-11-21T23:53:24,598|[DEBUG] QueryTranslatorImpl - parse() - HQL: delete bloodbank.entity.Contact as generatedAlias0
2021-11-21T23:53:24,598|[TRACE] HqlParser - -> statement
2021-11-21T23:53:24,598|[TRACE] HqlParser - ---> deleteStatement
2021-11-21T23:53:24,598|[TRACE] HqlParser - -----> optionalFromTokenFromClause
2021-11-21T23:53:24,598|[TRACE] HqlParser - -------> path
2021-11-21T23:53:24,598|[TRACE] HqlParser - ---------> identifier
2021-11-21T23:53:24,598|[TRACE] HqlParser - <--------- identifier
2021-11-21T23:53:24,598|[TRACE] HqlParser - ---------> identifier
2021-11-21T23:53:24,598|[TRACE] HqlParser - <--------- identifier
2021-11-21T23:53:24,598|[TRACE] HqlParser - ---------> identifier
2021-11-21T23:53:24,598|[TRACE] HqlParser - <--------- identifier
2021-11-21T23:53:24,598|[TRACE] HqlParser - <------- path
2021-11-21T23:53:24,598|[TRACE] HqlParser - -------> asAlias
2021-11-21T23:53:24,598|[TRACE] HqlParser - ---------> alias
2021-11-21T23:53:24,598|[TRACE] HqlParser - -----------> identifier
2021-11-21T23:53:24,598|[TRACE] HqlParser - <----------- identifier
2021-11-21T23:53:24,598|[TRACE] HqlParser - <--------- alias
2021-11-21T23:53:24,598|[TRACE] HqlParser - <------- asAlias
2021-11-21T23:53:24,598|[TRACE] HqlParser - <----- optionalFromTokenFromClause
2021-11-21T23:53:24,598|[TRACE] HqlParser - <--- deleteStatement
2021-11-21T23:53:24,598|[TRACE] HqlParser - <- statement
2021-11-21T23:53:24,598|[DEBUG] ErrorTracker - throwQueryException() : no errors
2021-11-21T23:53:24,598|[DEBUG] QueryTranslatorImpl - --- HQL AST ---
 \-[DELETE] Node: 'delete'
    \-[FROM] Node: 'FROM'
       \-[RANGE] Node: 'RANGE'
          +-[DOT] Node: '.'
          |  +-[DOT] Node: '.'
          |  |  +-[IDENT] Node: 'bloodbank'
          |  |  \-[IDENT] Node: 'entity'
          |  \-[IDENT] Node: 'Contact'
          \-[ALIAS] Node: 'generatedAlias0'

2021-11-21T23:53:24,598|[DEBUG] HqlSqlBaseWalker - delete << begin [level=1, statement=delete]
2021-11-21T23:53:24,598|[DEBUG] FromElement - FromClause{level=1} : bloodbank.entity.Contact (generatedAlias0) -> contact0_
2021-11-21T23:53:24,598|[DEBUG] HqlSqlBaseWalker - delete : finishing up [level=1, statement=delete]
2021-11-21T23:53:24,598|[DEBUG] HqlSqlBaseWalker - delete >> end [level=1, statement=delete]
2021-11-21T23:53:24,598|[DEBUG] QueryTranslatorImpl - --- SQL AST ---
 \-[DELETE] DeleteStatement: 'delete'  querySpaces (contact)
    \-[FROM] FromClause: 'FROM' FromClause{level=1, fromElementCounter=1, fromElements=1, fromElementByClassAlias=[generatedAlias0], fromElementByTableAlias=[contact0_], fromElementsByPath=[], collectionJoinFromElementsByPath=[], impliedElements=[]}
       \-[FROM_FRAGMENT] FromElement: 'contact' FromElement{explicit,not a collection join,not a fetch join,fetch non-lazy properties,classAlias=generatedAlias0,role=null,tableName=contact,tableAlias=contact0_,origin=null,columns={,className=bloodbank.entity.Contact}}

2021-11-21T23:53:24,598|[DEBUG] ErrorTracker - throwQueryException() : no errors
2021-11-21T23:53:24,598|[DEBUG] ErrorTracker - throwQueryException() : no errors
2021-11-21T23:53:24,598|[TRACE] QueryPlanCache - Located HQL query plan in cache (delete Contact as generatedAlias0)
2021-11-21T23:53:24,599|[TRACE] HQLQueryPlan - Execute update: delete Contact as generatedAlias0
2021-11-21T23:53:24,599|[TRACE] QueryParameters - Named parameters: {}
2021-11-21T23:53:24,599|[DEBUG] SQL - 
    /* delete Contact as generatedAlias0 */ delete 
        from
            contact
2021-11-21T23:53:24,599|[TRACE] ResourceRegistryStandardImpl - Registering statement [com.mysql.cj.jdbc.ClientPreparedStatement: /* delete Contact as generatedAlias0 */ delete from contact]
2021-11-21T23:53:24,600|[TRACE] ResourceRegistryStandardImpl - Releasing statement [com.mysql.cj.jdbc.ClientPreparedStatement: /* delete Contact as generatedAlias0 */ delete from contact]
2021-11-21T23:53:24,600|[TRACE] ResourceRegistryStandardImpl - Closing prepared statement [com.mysql.cj.jdbc.ClientPreparedStatement: /* delete Contact as generatedAlias0 */ delete from contact]
2021-11-21T23:53:24,600|[TRACE] JdbcCoordinatorImpl - Starting after statement execution processing [AFTER_TRANSACTION]
2021-11-21T23:53:24,600|[DEBUG] TransactionImpl - committing
2021-11-21T23:53:24,600|[TRACE] JdbcResourceLocalTransactionCoordinatorImpl - ResourceLocalTransactionCoordinatorImpl#beforeCompletionCallback
2021-11-21T23:53:24,600|[TRACE] SessionImpl - SessionImpl#beforeTransactionCompletion()
2021-11-21T23:53:24,600|[TRACE] SessionImpl - Automatically flushing session
2021-11-21T23:53:24,600|[TRACE] AbstractLogicalConnectionImplementor - LogicalConnection#beforeTransactionCompletion
2021-11-21T23:53:24,600|[TRACE] SynchronizationRegistryStandardImpl - SynchronizationRegistryStandardImpl.notifySynchronizationsBeforeTransactionCompletion
2021-11-21T23:53:24,600|[TRACE] AbstractLogicalConnectionImplementor - Preparing to commit transaction via JDBC Connection.commit()
2021-11-21T23:53:24,600|[TRACE] AbstractLogicalConnectionImplementor - Transaction committed via JDBC Connection.commit()
2021-11-21T23:53:24,600|[TRACE] AbstractLogicalConnectionImplementor - LogicalConnection#afterTransaction
2021-11-21T23:53:24,600|[TRACE] ResourceRegistryStandardImpl - Releasing JDBC resources
2021-11-21T23:53:24,600|[DEBUG] LogicalConnectionManagedImpl - Initiating JDBC connection release from afterTransaction
2021-11-21T23:53:24,600|[TRACE] ResourceRegistryStandardImpl - Releasing JDBC resources
2021-11-21T23:53:24,600|[TRACE] JdbcResourceLocalTransactionCoordinatorImpl - ResourceLocalTransactionCoordinatorImpl#afterCompletionCallback(true)
2021-11-21T23:53:24,600|[TRACE] SynchronizationRegistryStandardImpl - SynchronizationRegistryStandardImpl.notifySynchronizationsAfterTransactionCompletion(3)
2021-11-21T23:53:24,600|[TRACE] AbstractLogicalConnectionImplementor - LogicalConnection#afterTransaction
2021-11-21T23:53:24,600|[TRACE] ResourceRegistryStandardImpl - Releasing JDBC resources
2021-11-21T23:53:24,600|[DEBUG] LogicalConnectionManagedImpl - Initiating JDBC connection release from afterTransaction
2021-11-21T23:53:24,600|[TRACE] SessionImpl - SessionImpl#afterTransactionCompletion(successful=true, delayed=false)
2021-11-21T23:53:24,601|[TRACE] SessionFactoryImpl$SessionBuilderImpl - Opening Hibernate Session.  tenant=null
2021-11-21T23:53:24,601|[TRACE] SessionImpl - Opened Session [770af5aa-c5e5-4530-bdb9-d4a1d7f8eb75] at timestamp: 1637556804601
2021-11-21T23:53:24,601|[DEBUG] TransactionImpl - On TransactionImpl creation, JpaCompliance#isJpaTransactionComplianceEnabled == false
2021-11-21T23:53:24,601|[DEBUG] CriteriaQueryImpl - Rendered criteria query -> select count(generatedAlias0) from DonationRecord as generatedAlias0
2021-11-21T23:53:24,601|[TRACE] QueryPlanCache - Unable to locate HQL query plan in cache; generating (select count(generatedAlias0) from DonationRecord as generatedAlias0)
2021-11-21T23:53:24,601|[DEBUG] QueryTranslatorImpl - parse() - HQL: select count(generatedAlias0) from bloodbank.entity.DonationRecord as generatedAlias0
2021-11-21T23:53:24,601|[TRACE] HqlParser - -> statement
2021-11-21T23:53:24,601|[TRACE] HqlParser - ---> selectStatement
2021-11-21T23:53:24,601|[TRACE] HqlParser - -----> queryRule
2021-11-21T23:53:24,601|[TRACE] HqlParser - -------> selectFrom
2021-11-21T23:53:24,601|[TRACE] HqlParser - ---------> selectClause
2021-11-21T23:53:24,601|[TRACE] HqlParser - -----------> selectedPropertiesList
2021-11-21T23:53:24,601|[TRACE] HqlParser - -------------> aliasedExpression
2021-11-21T23:53:24,601|[TRACE] HqlParser - ---------------> expression
2021-11-21T23:53:24,601|[TRACE] HqlParser - -----------------> logicalOrExpression
2021-11-21T23:53:24,601|[TRACE] HqlParser - -------------------> logicalAndExpression
2021-11-21T23:53:24,601|[TRACE] HqlParser - ---------------------> negatedExpression
2021-11-21T23:53:24,601|[TRACE] HqlParser - -----------------------> equalityExpression
2021-11-21T23:53:24,601|[TRACE] HqlParser - -------------------------> relationalExpression
2021-11-21T23:53:24,601|[TRACE] HqlParser - ---------------------------> concatenation
2021-11-21T23:53:24,601|[TRACE] HqlParser - -----------------------------> additiveExpression
2021-11-21T23:53:24,601|[TRACE] HqlParser - -------------------------------> multiplyExpression
2021-11-21T23:53:24,601|[TRACE] HqlParser - ---------------------------------> unaryExpression
2021-11-21T23:53:24,601|[TRACE] HqlParser - -----------------------------------> atom
2021-11-21T23:53:24,601|[TRACE] HqlParser - -------------------------------------> primaryExpression
2021-11-21T23:53:24,601|[TRACE] HqlParser - ---------------------------------------> identPrimary
2021-11-21T23:53:24,601|[TRACE] HqlParser - -----------------------------------------> aggregate
2021-11-21T23:53:24,601|[TRACE] HqlParser - -------------------------------------------> path
2021-11-21T23:53:24,601|[TRACE] HqlParser - ---------------------------------------------> identifier
2021-11-21T23:53:24,601|[TRACE] HqlParser - <--------------------------------------------- identifier
2021-11-21T23:53:24,601|[TRACE] HqlParser - <------------------------------------------- path
2021-11-21T23:53:24,601|[TRACE] HqlParser - <----------------------------------------- aggregate
2021-11-21T23:53:24,601|[TRACE] HqlParser - <--------------------------------------- identPrimary
2021-11-21T23:53:24,601|[TRACE] HqlParser - <------------------------------------- primaryExpression
2021-11-21T23:53:24,601|[TRACE] HqlParser - <----------------------------------- atom
2021-11-21T23:53:24,601|[TRACE] HqlParser - <--------------------------------- unaryExpression
2021-11-21T23:53:24,601|[TRACE] HqlParser - <------------------------------- multiplyExpression
2021-11-21T23:53:24,601|[TRACE] HqlParser - <----------------------------- additiveExpression
2021-11-21T23:53:24,601|[TRACE] HqlParser - <--------------------------- concatenation
2021-11-21T23:53:24,601|[TRACE] HqlParser - <------------------------- relationalExpression
2021-11-21T23:53:24,601|[TRACE] HqlParser - <----------------------- equalityExpression
2021-11-21T23:53:24,601|[TRACE] HqlParser - <--------------------- negatedExpression
2021-11-21T23:53:24,601|[TRACE] HqlParser - <------------------- logicalAndExpression
2021-11-21T23:53:24,601|[TRACE] HqlParser - <----------------- logicalOrExpression
2021-11-21T23:53:24,601|[TRACE] HqlParser - <--------------- expression
2021-11-21T23:53:24,601|[TRACE] HqlParser - <------------- aliasedExpression
2021-11-21T23:53:24,601|[TRACE] HqlParser - <----------- selectedPropertiesList
2021-11-21T23:53:24,601|[TRACE] HqlParser - <--------- selectClause
2021-11-21T23:53:24,601|[TRACE] HqlParser - ---------> fromClause
2021-11-21T23:53:24,601|[TRACE] HqlParser - -----------> fromRange
2021-11-21T23:53:24,601|[TRACE] HqlParser - -------------> fromClassOrOuterQueryPath
2021-11-21T23:53:24,601|[TRACE] HqlParser - ---------------> path
2021-11-21T23:53:24,601|[TRACE] HqlParser - -----------------> identifier
2021-11-21T23:53:24,601|[TRACE] HqlParser - <----------------- identifier
2021-11-21T23:53:24,601|[TRACE] HqlParser - -----------------> identifier
2021-11-21T23:53:24,601|[TRACE] HqlParser - <----------------- identifier
2021-11-21T23:53:24,601|[TRACE] HqlParser - -----------------> identifier
2021-11-21T23:53:24,601|[TRACE] HqlParser - <----------------- identifier
2021-11-21T23:53:24,601|[TRACE] HqlParser - <--------------- path
2021-11-21T23:53:24,601|[TRACE] HqlParser - ---------------> asAlias
2021-11-21T23:53:24,601|[TRACE] HqlParser - -----------------> alias
2021-11-21T23:53:24,601|[TRACE] HqlParser - -------------------> identifier
2021-11-21T23:53:24,601|[TRACE] HqlParser - <------------------- identifier
2021-11-21T23:53:24,601|[TRACE] HqlParser - <----------------- alias
2021-11-21T23:53:24,601|[TRACE] HqlParser - <--------------- asAlias
2021-11-21T23:53:24,601|[TRACE] HqlParser - <------------- fromClassOrOuterQueryPath
2021-11-21T23:53:24,601|[TRACE] HqlParser - <----------- fromRange
2021-11-21T23:53:24,601|[TRACE] HqlParser - <--------- fromClause
2021-11-21T23:53:24,601|[TRACE] HqlParser - <------- selectFrom
2021-11-21T23:53:24,601|[TRACE] HqlParser - <----- queryRule
2021-11-21T23:53:24,601|[TRACE] HqlParser - <--- selectStatement
2021-11-21T23:53:24,601|[TRACE] HqlParser - <- statement
2021-11-21T23:53:24,601|[DEBUG] ErrorTracker - throwQueryException() : no errors
2021-11-21T23:53:24,601|[DEBUG] QueryTranslatorImpl - --- HQL AST ---
 \-[QUERY] Node: 'query'
    \-[SELECT_FROM] Node: 'SELECT_FROM'
       +-[FROM] Node: 'from'
       |  \-[RANGE] Node: 'RANGE'
       |     +-[DOT] Node: '.'
       |     |  +-[DOT] Node: '.'
       |     |  |  +-[IDENT] Node: 'bloodbank'
       |     |  |  \-[IDENT] Node: 'entity'
       |     |  \-[IDENT] Node: 'DonationRecord'
       |     \-[ALIAS] Node: 'generatedAlias0'
       \-[SELECT] Node: 'select'
          \-[COUNT] Node: 'count'
             \-[IDENT] Node: 'generatedAlias0'

2021-11-21T23:53:24,601|[DEBUG] HqlSqlBaseWalker - select << begin [level=1, statement=select]
2021-11-21T23:53:24,602|[DEBUG] FromElement - FromClause{level=1} : bloodbank.entity.DonationRecord (generatedAlias0) -> donationre0_
2021-11-21T23:53:24,602|[DEBUG] FromReferenceNode - Resolved : generatedAlias0 -> donationre0_.record_id
2021-11-21T23:53:24,602|[DEBUG] HqlSqlBaseWalker - select : finishing up [level=1, statement=select]
2021-11-21T23:53:24,602|[DEBUG] HqlSqlWalker - processQuery() :  ( SELECT ( {select clause} ( count donationre0_.record_id ) ) ( FromClause{level=1} donation_record donationre0_ ) )
2021-11-21T23:53:24,602|[DEBUG] JoinProcessor - Tables referenced from query nodes:
 \-QueryNode
    +-SelectClause
    |  +-CountNode
    |  |  \-IdentNode
    |  |    persister: SingleTableEntityPersister(bloodbank.entity.DonationRecord)
    |  |    originalText: generatedAlias0
    |  \-SqlNode
    \-FromClause
       \-FromElement

2021-11-21T23:53:24,602|[DEBUG] JoinProcessor - Using FROM fragment [donation_record donationre0_]
2021-11-21T23:53:24,602|[DEBUG] HqlSqlBaseWalker - select >> end [level=1, statement=select]
2021-11-21T23:53:24,602|[DEBUG] QueryTranslatorImpl - --- SQL AST ---
 \-[SELECT] QueryNode: 'SELECT'  querySpaces (donation_record)
    +-[SELECT_CLAUSE] SelectClause: '{select clause}'
    |  +-[COUNT] CountNode: 'count'
    |  |  \-[ALIAS_REF] IdentNode: 'donationre0_.record_id' {alias=generatedAlias0, className=bloodbank.entity.DonationRecord, tableAlias=donationre0_}
    |  \-[SELECT_COLUMNS] SqlNode: ' as col_0_0_'
    \-[FROM] FromClause: 'from' FromClause{level=1, fromElementCounter=1, fromElements=1, fromElementByClassAlias=[generatedAlias0], fromElementByTableAlias=[donationre0_], fromElementsByPath=[], collectionJoinFromElementsByPath=[], impliedElements=[]}
       \-[FROM_FRAGMENT] FromElement: 'donation_record donationre0_' FromElement{explicit,not a collection join,not a fetch join,fetch non-lazy properties,classAlias=generatedAlias0,role=null,tableName=donation_record,tableAlias=donationre0_,origin=null,columns={,className=bloodbank.entity.DonationRecord}}

2021-11-21T23:53:24,602|[DEBUG] ErrorTracker - throwQueryException() : no errors
2021-11-21T23:53:24,602|[DEBUG] QueryTranslatorImpl - HQL: select count(generatedAlias0) from bloodbank.entity.DonationRecord as generatedAlias0
2021-11-21T23:53:24,602|[DEBUG] QueryTranslatorImpl - SQL: select count(donationre0_.record_id) as col_0_0_ from donation_record donationre0_
2021-11-21T23:53:24,602|[DEBUG] ErrorTracker - throwQueryException() : no errors
2021-11-21T23:53:24,602|[TRACE] QueryPlanCache - Located HQL query plan in cache (select count(generatedAlias0) from DonationRecord as generatedAlias0)
2021-11-21T23:53:24,602|[TRACE] QueryPlanCache - Located HQL query plan in cache (select count(generatedAlias0) from DonationRecord as generatedAlias0)
2021-11-21T23:53:24,602|[TRACE] HQLQueryPlan - Find: select count(generatedAlias0) from DonationRecord as generatedAlias0
2021-11-21T23:53:24,602|[TRACE] QueryParameters - Named parameters: {}
2021-11-21T23:53:24,602|[DEBUG] SQL - 
    /* select
        count(generatedAlias0) 
    from
        DonationRecord as generatedAlias0 */ select
            count(donationre0_.record_id) as col_0_0_ 
        from
            donation_record donationre0_
2021-11-21T23:53:24,602|[TRACE] ResourceRegistryStandardImpl - Registering statement [com.mysql.cj.jdbc.ClientPreparedStatement: /* select count(generatedAlias0) from DonationRecord as generatedAlias0 */ select count(donationre0_.record_id) as col_0_0_ from donation_record donationre0_]
2021-11-21T23:53:24,602|[TRACE] JdbcCoordinatorImpl - Registering last query statement [com.mysql.cj.jdbc.ClientPreparedStatement: /* select count(generatedAlias0) from DonationRecord as generatedAlias0 */ select count(donationre0_.record_id) as col_0_0_ from donation_record donationre0_]
2021-11-21T23:53:24,602|[TRACE] Loader - Bound [1] parameters total
2021-11-21T23:53:24,603|[TRACE] ResourceRegistryStandardImpl - Registering result set [com.mysql.cj.jdbc.result.ResultSetImpl@283ecb4b]
2021-11-21T23:53:24,603|[TRACE] Loader - Processing result set
2021-11-21T23:53:24,603|[DEBUG] Loader - Result set row: 0
2021-11-21T23:53:24,603|[DEBUG] Loader - Result row: 
2021-11-21T23:53:24,603|[TRACE] BasicExtractor - extracted value ([col_0_0_] : [BIGINT]) - [0]
2021-11-21T23:53:24,603|[TRACE] Loader - Done processing result set (1 rows)
2021-11-21T23:53:24,603|[TRACE] ResourceRegistryStandardImpl - Releasing statement [com.mysql.cj.jdbc.ClientPreparedStatement: /* select count(generatedAlias0) from DonationRecord as generatedAlias0 */ select count(donationre0_.record_id) as col_0_0_ from donation_record donationre0_]
2021-11-21T23:53:24,603|[TRACE] ResourceRegistryStandardImpl - Closing result set [com.mysql.cj.jdbc.result.ResultSetImpl@283ecb4b]
2021-11-21T23:53:24,603|[TRACE] ResourceRegistryStandardImpl - Closing prepared statement [com.mysql.cj.jdbc.ClientPreparedStatement: /* select count(generatedAlias0) from DonationRecord as generatedAlias0 */ select count(donationre0_.record_id) as col_0_0_ from donation_record donationre0_]
2021-11-21T23:53:24,603|[TRACE] JdbcCoordinatorImpl - Starting after statement execution processing [AFTER_TRANSACTION]
2021-11-21T23:53:24,603|[TRACE] StatefulPersistenceContext - Initializing non-lazy collections
2021-11-21T23:53:24,603|[TRACE] AbstractLogicalConnectionImplementor - LogicalConnection#afterTransaction
2021-11-21T23:53:24,603|[TRACE] ResourceRegistryStandardImpl - Releasing JDBC resources
2021-11-21T23:53:24,603|[DEBUG] LogicalConnectionManagedImpl - Initiating JDBC connection release from afterTransaction
2021-11-21T23:53:24,603|[TRACE] ResourceRegistryStandardImpl - Releasing JDBC resources
]]></system-out>
  </testcase>
  <testcase name="testCreate" classname="bloodbank.entity.TestCRUDDonationRecordOriginal" time="0.009">
    <error type="javax.persistence.PersistenceException"><![CDATA[javax.persistence.PersistenceException: org.hibernate.exception.ConstraintViolationException: could not execute statement
	at bloodbank@1/bloodbank.entity.TestCRUDDonationRecordOriginal.testCreate(TestCRUDDonationRecordOriginal.java:92)
Caused by: org.hibernate.exception.ConstraintViolationException: could not execute statement
	at bloodbank@1/bloodbank.entity.TestCRUDDonationRecordOriginal.testCreate(TestCRUDDonationRecordOriginal.java:92)
Caused by: java.sql.SQLIntegrityConstraintViolationException: Column 'person_id' cannot be null
	at bloodbank@1/bloodbank.entity.TestCRUDDonationRecordOriginal.testCreate(TestCRUDDonationRecordOriginal.java:92)
]]></error>
    <system-out><![CDATA[2021-11-21T23:53:24,604|[TRACE] SessionFactoryImpl$SessionBuilderImpl - Opening Hibernate Session.  tenant=null
2021-11-21T23:53:24,604|[TRACE] SessionImpl - Opened Session [402c2153-11ec-4572-8909-a94795a831d2] at timestamp: 1637556804604
2021-11-21T23:53:24,604|[DEBUG] TransactionImpl - On TransactionImpl creation, JpaCompliance#isJpaTransactionComplianceEnabled == false
2021-11-21T23:53:24,604|[DEBUG] TransactionImpl - begin
2021-11-21T23:53:24,604|[TRACE] AbstractLogicalConnectionImplementor - Preparing to begin transaction via JDBC Connection.setAutoCommit(false)
2021-11-21T23:53:24,605|[TRACE] AbstractLogicalConnectionImplementor - Transaction begun via JDBC Connection.setAutoCommit(false)
2021-11-21T23:53:24,605|[TRACE] JdbcResourceLocalTransactionCoordinatorImpl - ResourceLocalTransactionCoordinatorImpl#afterBeginCallback
2021-11-21T23:53:24,605|[TRACE] VersionValue - Version unsaved-value strategy UNDEFINED
2021-11-21T23:53:24,605|[TRACE] IdentifierValue - ID unsaved-value: 0
2021-11-21T23:53:24,605|[TRACE] EntityState - Transient instance of: bloodbank.entity.DonationRecord
2021-11-21T23:53:24,605|[TRACE] DefaultPersistEventListener - Saving transient instance
2021-11-21T23:53:24,605|[TRACE] AbstractSaveEventListener - Saving [bloodbank.entity.DonationRecord#<null>]
2021-11-21T23:53:24,605|[TRACE] Cascade - Processing cascade ACTION_PERSIST for: bloodbank.entity.DonationRecord
2021-11-21T23:53:24,605|[TRACE] CascadingAction - Cascading to persist: bloodbank.entity.BloodDonation
2021-11-21T23:53:24,605|[TRACE] VersionValue - Version unsaved-value strategy UNDEFINED
2021-11-21T23:53:24,605|[TRACE] IdentifierValue - ID unsaved-value: 0
2021-11-21T23:53:24,605|[TRACE] EntityState - Transient instance of: bloodbank.entity.BloodDonation
2021-11-21T23:53:24,605|[TRACE] DefaultPersistEventListener - Saving transient instance
2021-11-21T23:53:24,605|[TRACE] AbstractSaveEventListener - Saving [bloodbank.entity.BloodDonation#<null>]
2021-11-21T23:53:24,605|[TRACE] Cascade - Processing cascade ACTION_PERSIST for: bloodbank.entity.BloodDonation
2021-11-21T23:53:24,605|[TRACE] CascadingAction - Cascading to persist: bloodbank.entity.BloodBank
2021-11-21T23:53:24,605|[TRACE] VersionValue - Version unsaved-value strategy UNDEFINED
2021-11-21T23:53:24,605|[TRACE] IdentifierValue - ID unsaved-value: 0
2021-11-21T23:53:24,605|[TRACE] EntityState - Transient instance of: bloodbank.entity.BloodBank
2021-11-21T23:53:24,605|[TRACE] DefaultPersistEventListener - Saving transient instance
2021-11-21T23:53:24,605|[TRACE] AbstractSaveEventListener - Saving [bloodbank.entity.PrivateBloodBank#<null>]
2021-11-21T23:53:24,605|[TRACE] Cascade - Processing cascade ACTION_PERSIST for: bloodbank.entity.PrivateBloodBank
2021-11-21T23:53:24,605|[TRACE] Cascade - Done processing cascade ACTION_PERSIST for: bloodbank.entity.PrivateBloodBank
2021-11-21T23:53:24,605|[TRACE] Versioning - Using initial version: 0
2021-11-21T23:53:24,605|[TRACE] ActionQueue - Adding an EntityIdentityInsertAction for [bloodbank.entity.PrivateBloodBank] object
2021-11-21T23:53:24,605|[TRACE] ActionQueue - Executing inserts before finding non-nullable transient entities for early insert: [EntityIdentityInsertAction[bloodbank.entity.PrivateBloodBank#<null>]]
2021-11-21T23:53:24,605|[TRACE] ActionQueue - Adding insert with no non-nullable, transient entities: [EntityIdentityInsertAction[bloodbank.entity.PrivateBloodBank#<null>]]
2021-11-21T23:53:24,605|[TRACE] ActionQueue - Executing insertions before resolved early-insert
2021-11-21T23:53:24,605|[DEBUG] ActionQueue - Executing identity-insert immediately
2021-11-21T23:53:24,605|[TRACE] AbstractEntityPersister - Inserting entity: bloodbank.entity.PrivateBloodBank (native id)
2021-11-21T23:53:24,605|[TRACE] AbstractEntityPersister - Version: 0
2021-11-21T23:53:24,605|[DEBUG] SQL - 
    /* insert bloodbank.entity.PrivateBloodBank
        */ insert 
        into
            blood_bank
            (created, updated, version, name, privately_owned) 
        values
            (?, ?, ?, ?, 1)
2021-11-21T23:53:24,605|[TRACE] ResourceRegistryStandardImpl - Registering statement [com.mysql.cj.jdbc.ClientPreparedStatement: /* insert bloodbank.entity.PrivateBloodBank */ insert into blood_bank (created, updated, version, name, privately_owned) values (** NOT SPECIFIED **, ** NOT SPECIFIED **, ** NOT SPECIFIED **, ** NOT SPECIFIED **, 1)]
2021-11-21T23:53:24,605|[TRACE] AbstractEntityPersister - Dehydrating entity: [bloodbank.entity.PrivateBloodBank#<null>]
2021-11-21T23:53:24,605|[TRACE] BasicBinder - binding parameter [1] as [BIGINT] - [1637556804605]
2021-11-21T23:53:24,605|[TRACE] BasicBinder - binding parameter [2] as [BIGINT] - [1637556804605]
2021-11-21T23:53:24,605|[TRACE] BasicBinder - binding parameter [3] as [INTEGER] - [0]
2021-11-21T23:53:24,605|[TRACE] BasicBinder - binding parameter [4] as [VARCHAR] - [Private Blood Bank]
2021-11-21T23:53:24,606|[DEBUG] IdentifierGeneratorHelper - Natively generated identity: 1
2021-11-21T23:53:24,606|[TRACE] ResourceRegistryStandardImpl - Releasing result set [com.mysql.cj.jdbc.result.ResultSetImpl@337cb81d]
2021-11-21T23:53:24,606|[TRACE] ResourceRegistryStandardImpl - Closing result set [com.mysql.cj.jdbc.result.ResultSetImpl@337cb81d]
2021-11-21T23:53:24,606|[TRACE] ResourceRegistryStandardImpl - Releasing statement [com.mysql.cj.jdbc.ClientPreparedStatement: /* insert bloodbank.entity.PrivateBloodBank */ insert into blood_bank (created, updated, version, name, privately_owned) values (1637556804605, 1637556804605, 0, 'Private Blood Bank', 1)]
2021-11-21T23:53:24,606|[DEBUG] ResourceRegistryStandardImpl - HHH000387: ResultSet's statement was not registered
2021-11-21T23:53:24,606|[TRACE] ResourceRegistryStandardImpl - Closing prepared statement [com.mysql.cj.jdbc.ClientPreparedStatement: /* insert bloodbank.entity.PrivateBloodBank */ insert into blood_bank (created, updated, version, name, privately_owned) values (1637556804605, 1637556804605, 0, 'Private Blood Bank', 1)]
2021-11-21T23:53:24,606|[TRACE] JdbcCoordinatorImpl - Starting after statement execution processing [AFTER_TRANSACTION]
2021-11-21T23:53:24,606|[TRACE] Cascade - Processing cascade ACTION_PERSIST for: bloodbank.entity.PrivateBloodBank
2021-11-21T23:53:24,606|[TRACE] Cascade - Done processing cascade ACTION_PERSIST for: bloodbank.entity.PrivateBloodBank
2021-11-21T23:53:24,606|[TRACE] Cascade - Done processing cascade ACTION_PERSIST for: bloodbank.entity.BloodDonation
2021-11-21T23:53:24,606|[TRACE] Versioning - Using initial version: 0
2021-11-21T23:53:24,607|[TRACE] ActionQueue - Adding an EntityIdentityInsertAction for [bloodbank.entity.BloodDonation] object
2021-11-21T23:53:24,607|[TRACE] ActionQueue - Executing inserts before finding non-nullable transient entities for early insert: [EntityIdentityInsertAction[bloodbank.entity.BloodDonation#<null>]]
2021-11-21T23:53:24,607|[TRACE] ActionQueue - Adding insert with no non-nullable, transient entities: [EntityIdentityInsertAction[bloodbank.entity.BloodDonation#<null>]]
2021-11-21T23:53:24,607|[TRACE] ActionQueue - Executing insertions before resolved early-insert
2021-11-21T23:53:24,607|[DEBUG] ActionQueue - Executing identity-insert immediately
2021-11-21T23:53:24,607|[TRACE] AbstractEntityPersister - Inserting entity: bloodbank.entity.BloodDonation (native id)
2021-11-21T23:53:24,607|[TRACE] AbstractEntityPersister - Version: 0
2021-11-21T23:53:24,607|[DEBUG] SQL - 
    /* insert bloodbank.entity.BloodDonation
        */ insert 
        into
            blood_donation
            (created, updated, version, bank_id, blood_group, rhd, milliliters) 
        values
            (?, ?, ?, ?, ?, ?, ?)
2021-11-21T23:53:24,607|[TRACE] ResourceRegistryStandardImpl - Registering statement [com.mysql.cj.jdbc.ClientPreparedStatement: /* insert bloodbank.entity.BloodDonation */ insert into blood_donation (created, updated, version, bank_id, blood_group, rhd, milliliters) values (** NOT SPECIFIED **, ** NOT SPECIFIED **, ** NOT SPECIFIED **, ** NOT SPECIFIED **, ** NOT SPECIFIED **, ** NOT SPECIFIED **, ** NOT SPECIFIED **)]
2021-11-21T23:53:24,607|[TRACE] AbstractEntityPersister - Dehydrating entity: [bloodbank.entity.BloodDonation#<null>]
2021-11-21T23:53:24,607|[TRACE] BasicBinder - binding parameter [1] as [BIGINT] - [1637556804605]
2021-11-21T23:53:24,607|[TRACE] BasicBinder - binding parameter [2] as [BIGINT] - [1637556804605]
2021-11-21T23:53:24,607|[TRACE] BasicBinder - binding parameter [3] as [INTEGER] - [0]
2021-11-21T23:53:24,607|[TRACE] BasicBinder - binding parameter [4] as [INTEGER] - [1]
2021-11-21T23:53:24,607|[TRACE] BasicBinder - binding parameter [5] as [VARCHAR] - [A]
2021-11-21T23:53:24,607|[TRACE] BasicBinder - binding parameter [6] as [TINYINT] - [1]
2021-11-21T23:53:24,607|[TRACE] BasicBinder - binding parameter [7] as [INTEGER] - [10]
2021-11-21T23:53:24,608|[DEBUG] IdentifierGeneratorHelper - Natively generated identity: 1
2021-11-21T23:53:24,608|[TRACE] ResourceRegistryStandardImpl - Releasing result set [com.mysql.cj.jdbc.result.ResultSetImpl@3a5e4f32]
2021-11-21T23:53:24,608|[TRACE] ResourceRegistryStandardImpl - Closing result set [com.mysql.cj.jdbc.result.ResultSetImpl@3a5e4f32]
2021-11-21T23:53:24,608|[TRACE] ResourceRegistryStandardImpl - Releasing statement [com.mysql.cj.jdbc.ClientPreparedStatement: /* insert bloodbank.entity.BloodDonation */ insert into blood_donation (created, updated, version, bank_id, blood_group, rhd, milliliters) values (1637556804605, 1637556804605, 0, 1, 'A', 1, 10)]
2021-11-21T23:53:24,608|[DEBUG] ResourceRegistryStandardImpl - HHH000387: ResultSet's statement was not registered
2021-11-21T23:53:24,608|[TRACE] ResourceRegistryStandardImpl - Closing prepared statement [com.mysql.cj.jdbc.ClientPreparedStatement: /* insert bloodbank.entity.BloodDonation */ insert into blood_donation (created, updated, version, bank_id, blood_group, rhd, milliliters) values (1637556804605, 1637556804605, 0, 1, 'A', 1, 10)]
2021-11-21T23:53:24,608|[TRACE] JdbcCoordinatorImpl - Starting after statement execution processing [AFTER_TRANSACTION]
2021-11-21T23:53:24,608|[TRACE] Cascade - Processing cascade ACTION_PERSIST for: bloodbank.entity.BloodDonation
2021-11-21T23:53:24,608|[TRACE] Cascade - Done processing cascade ACTION_PERSIST for: bloodbank.entity.BloodDonation
2021-11-21T23:53:24,608|[TRACE] Cascade - Done processing cascade ACTION_PERSIST for: bloodbank.entity.DonationRecord
2021-11-21T23:53:24,608|[TRACE] Versioning - Using initial version: 0
2021-11-21T23:53:24,608|[TRACE] ActionQueue - Adding an EntityIdentityInsertAction for [bloodbank.entity.DonationRecord] object
2021-11-21T23:53:24,608|[TRACE] ActionQueue - Executing inserts before finding non-nullable transient entities for early insert: [EntityIdentityInsertAction[bloodbank.entity.DonationRecord#<null>]]
2021-11-21T23:53:24,608|[TRACE] ActionQueue - Adding insert with no non-nullable, transient entities: [EntityIdentityInsertAction[bloodbank.entity.DonationRecord#<null>]]
2021-11-21T23:53:24,608|[TRACE] ActionQueue - Executing insertions before resolved early-insert
2021-11-21T23:53:24,608|[DEBUG] ActionQueue - Executing identity-insert immediately
2021-11-21T23:53:24,608|[TRACE] VersionValue - Version unsaved-value strategy UNDEFINED
2021-11-21T23:53:24,608|[TRACE] IdentifierValue - ID unsaved-value: 0
2021-11-21T23:53:24,608|[TRACE] AbstractEntityPersister - Inserting entity: bloodbank.entity.DonationRecord (native id)
2021-11-21T23:53:24,608|[TRACE] AbstractEntityPersister - Version: 0
2021-11-21T23:53:24,608|[DEBUG] SQL - 
    /* insert bloodbank.entity.DonationRecord
        */ insert 
        into
            donation_record
            (created, updated, version, donation_id, person_id, tested) 
        values
            (?, ?, ?, ?, ?, ?)
2021-11-21T23:53:24,608|[TRACE] ResourceRegistryStandardImpl - Registering statement [com.mysql.cj.jdbc.ClientPreparedStatement: /* insert bloodbank.entity.DonationRecord */ insert into donation_record (created, updated, version, donation_id, person_id, tested) values (** NOT SPECIFIED **, ** NOT SPECIFIED **, ** NOT SPECIFIED **, ** NOT SPECIFIED **, ** NOT SPECIFIED **, ** NOT SPECIFIED **)]
2021-11-21T23:53:24,608|[TRACE] AbstractEntityPersister - Dehydrating entity: [bloodbank.entity.DonationRecord#<null>]
2021-11-21T23:53:24,608|[TRACE] BasicBinder - binding parameter [1] as [BIGINT] - [1637556804605]
2021-11-21T23:53:24,608|[TRACE] BasicBinder - binding parameter [2] as [BIGINT] - [1637556804605]
2021-11-21T23:53:24,609|[TRACE] BasicBinder - binding parameter [3] as [INTEGER] - [0]
2021-11-21T23:53:24,609|[TRACE] BasicBinder - binding parameter [4] as [INTEGER] - [1]
2021-11-21T23:53:24,609|[TRACE] BasicBinder - binding parameter [5] as [INTEGER] - [null]
2021-11-21T23:53:24,609|[TRACE] BasicBinder - binding parameter [6] as [TINYINT] - [1]
2021-11-21T23:53:24,611|[DEBUG] SqlExceptionHelper - could not execute statement [n/a]
java.sql.SQLIntegrityConstraintViolationException: Column 'person_id' cannot be null
	at com.mysql.cj.jdbc.exceptions.SQLError.createSQLException(SQLError.java:117) ~[mysql-connector-java-8.0.23.jar:8.0.23]
	at com.mysql.cj.jdbc.exceptions.SQLExceptionsMapping.translateException(SQLExceptionsMapping.java:122) ~[mysql-connector-java-8.0.23.jar:8.0.23]
	at com.mysql.cj.jdbc.ClientPreparedStatement.executeInternal(ClientPreparedStatement.java:953) ~[mysql-connector-java-8.0.23.jar:8.0.23]
	at com.mysql.cj.jdbc.ClientPreparedStatement.executeUpdateInternal(ClientPreparedStatement.java:1092) ~[mysql-connector-java-8.0.23.jar:8.0.23]
	at com.mysql.cj.jdbc.ClientPreparedStatement.executeUpdateInternal(ClientPreparedStatement.java:1040) ~[mysql-connector-java-8.0.23.jar:8.0.23]
	at com.mysql.cj.jdbc.ClientPreparedStatement.executeLargeUpdate(ClientPreparedStatement.java:1347) ~[mysql-connector-java-8.0.23.jar:8.0.23]
	at com.mysql.cj.jdbc.ClientPreparedStatement.executeUpdate(ClientPreparedStatement.java:1025) ~[mysql-connector-java-8.0.23.jar:8.0.23]
	at org.hibernate.engine.jdbc.internal.ResultSetReturnImpl.executeUpdate(ResultSetReturnImpl.java:197) ~[hibernate-core-5.4.27.Final.jar:?]
	at org.hibernate.dialect.identity.GetGeneratedKeysDelegate.executeAndExtract(GetGeneratedKeysDelegate.java:57) ~[hibernate-core-5.4.27.Final.jar:?]
	at org.hibernate.id.insert.AbstractReturningDelegate.performInsert(AbstractReturningDelegate.java:43) ~[hibernate-core-5.4.27.Final.jar:?]
	at org.hibernate.persister.entity.AbstractEntityPersister.insert(AbstractEntityPersister.java:3200) ~[hibernate-core-5.4.27.Final.jar:?]
	at org.hibernate.persister.entity.AbstractEntityPersister.insert(AbstractEntityPersister.java:3806) ~[hibernate-core-5.4.27.Final.jar:?]
	at org.hibernate.action.internal.EntityIdentityInsertAction.execute(EntityIdentityInsertAction.java:84) ~[hibernate-core-5.4.27.Final.jar:?]
	at org.hibernate.engine.spi.ActionQueue.execute(ActionQueue.java:645) ~[hibernate-core-5.4.27.Final.jar:?]
	at org.hibernate.engine.spi.ActionQueue.addResolvedEntityInsertAction(ActionQueue.java:282) ~[hibernate-core-5.4.27.Final.jar:?]
	at org.hibernate.engine.spi.ActionQueue.addInsertAction(ActionQueue.java:263) ~[hibernate-core-5.4.27.Final.jar:?]
	at org.hibernate.engine.spi.ActionQueue.addAction(ActionQueue.java:317) ~[hibernate-core-5.4.27.Final.jar:?]
	at org.hibernate.event.internal.AbstractSaveEventListener.addInsertAction(AbstractSaveEventListener.java:330) ~[hibernate-core-5.4.27.Final.jar:?]
	at org.hibernate.event.internal.AbstractSaveEventListener.performSaveOrReplicate(AbstractSaveEventListener.java:287) ~[hibernate-core-5.4.27.Final.jar:?]
	at org.hibernate.event.internal.AbstractSaveEventListener.performSave(AbstractSaveEventListener.java:193) ~[hibernate-core-5.4.27.Final.jar:?]
	at org.hibernate.event.internal.AbstractSaveEventListener.saveWithGeneratedId(AbstractSaveEventListener.java:123) ~[hibernate-core-5.4.27.Final.jar:?]
	at org.hibernate.event.internal.DefaultPersistEventListener.entityIsTransient(DefaultPersistEventListener.java:185) ~[hibernate-core-5.4.27.Final.jar:?]
	at org.hibernate.event.internal.DefaultPersistEventListener.onPersist(DefaultPersistEventListener.java:128) ~[hibernate-core-5.4.27.Final.jar:?]
	at org.hibernate.event.internal.DefaultPersistEventListener.onPersist(DefaultPersistEventListener.java:55) ~[hibernate-core-5.4.27.Final.jar:?]
	at org.hibernate.event.service.internal.EventListenerGroupImpl.fireEventOnEachListener(EventListenerGroupImpl.java:102) ~[hibernate-core-5.4.27.Final.jar:?]
	at org.hibernate.internal.SessionImpl.firePersist(SessionImpl.java:720) ~[hibernate-core-5.4.27.Final.jar:?]
	at org.hibernate.internal.SessionImpl.persist(SessionImpl.java:706) ~[hibernate-core-5.4.27.Final.jar:?]
	at bloodbank.entity.TestCRUDDonationRecordOriginal.testCreate(TestCRUDDonationRecordOriginal.java:92) ~[test-classes/:?]
	at jdk.internal.reflect.NativeMethodAccessorImpl.invoke0(Native Method) ~[?:?]
	at jdk.internal.reflect.NativeMethodAccessorImpl.invoke(NativeMethodAccessorImpl.java:62) ~[?:?]
	at jdk.internal.reflect.DelegatingMethodAccessorImpl.invoke(DelegatingMethodAccessorImpl.java:43) ~[?:?]
	at java.lang.reflect.Method.invoke(Method.java:566) ~[?:?]
	at org.junit.platform.commons.util.ReflectionUtils.invokeMethod(ReflectionUtils.java:688) ~[junit-platform-commons-1.7.0.jar:1.7.0]
	at org.junit.jupiter.engine.execution.MethodInvocation.proceed(MethodInvocation.java:60) ~[junit-jupiter-engine-5.7.0.jar:5.7.0]
	at org.junit.jupiter.engine.execution.InvocationInterceptorChain$ValidatingInvocation.proceed(InvocationInterceptorChain.java:131) ~[junit-jupiter-engine-5.7.0.jar:5.7.0]
	at org.junit.jupiter.engine.extension.TimeoutExtension.intercept(TimeoutExtension.java:149) ~[junit-jupiter-engine-5.7.0.jar:5.7.0]
	at org.junit.jupiter.engine.extension.TimeoutExtension.interceptTestableMethod(TimeoutExtension.java:140) ~[junit-jupiter-engine-5.7.0.jar:5.7.0]
	at org.junit.jupiter.engine.extension.TimeoutExtension.interceptTestMethod(TimeoutExtension.java:84) ~[junit-jupiter-engine-5.7.0.jar:5.7.0]
	at org.junit.jupiter.engine.execution.ExecutableInvoker$ReflectiveInterceptorCall.lambda$ofVoidMethod$0(ExecutableInvoker.java:115) ~[junit-jupiter-engine-5.7.0.jar:5.7.0]
	at org.junit.jupiter.engine.execution.ExecutableInvoker.lambda$invoke$0(ExecutableInvoker.java:105) ~[junit-jupiter-engine-5.7.0.jar:5.7.0]
	at org.junit.jupiter.engine.execution.InvocationInterceptorChain$InterceptedInvocation.proceed(InvocationInterceptorChain.java:106) ~[junit-jupiter-engine-5.7.0.jar:5.7.0]
	at org.junit.jupiter.engine.execution.InvocationInterceptorChain.proceed(InvocationInterceptorChain.java:64) ~[junit-jupiter-engine-5.7.0.jar:5.7.0]
	at org.junit.jupiter.engine.execution.InvocationInterceptorChain.chainAndInvoke(InvocationInterceptorChain.java:45) ~[junit-jupiter-engine-5.7.0.jar:5.7.0]
	at org.junit.jupiter.engine.execution.InvocationInterceptorChain.invoke(InvocationInterceptorChain.java:37) ~[junit-jupiter-engine-5.7.0.jar:5.7.0]
	at org.junit.jupiter.engine.execution.ExecutableInvoker.invoke(ExecutableInvoker.java:104) ~[junit-jupiter-engine-5.7.0.jar:5.7.0]
	at org.junit.jupiter.engine.execution.ExecutableInvoker.invoke(ExecutableInvoker.java:98) ~[junit-jupiter-engine-5.7.0.jar:5.7.0]
	at org.junit.jupiter.engine.descriptor.TestMethodTestDescriptor.lambda$invokeTestMethod$6(TestMethodTestDescriptor.java:210) ~[junit-jupiter-engine-5.7.0.jar:5.7.0]
	at org.junit.platform.engine.support.hierarchical.ThrowableCollector.execute(ThrowableCollector.java:73) ~[junit-platform-engine-1.7.0.jar:1.7.0]
	at org.junit.jupiter.engine.descriptor.TestMethodTestDescriptor.invokeTestMethod(TestMethodTestDescriptor.java:206) ~[junit-jupiter-engine-5.7.0.jar:5.7.0]
	at org.junit.jupiter.engine.descriptor.TestMethodTestDescriptor.execute(TestMethodTestDescriptor.java:131) ~[junit-jupiter-engine-5.7.0.jar:5.7.0]
	at org.junit.jupiter.engine.descriptor.TestMethodTestDescriptor.execute(TestMethodTestDescriptor.java:65) ~[junit-jupiter-engine-5.7.0.jar:5.7.0]
	at org.junit.platform.engine.support.hierarchical.NodeTestTask.lambda$executeRecursively$5(NodeTestTask.java:139) ~[junit-platform-engine-1.7.0.jar:1.7.0]
	at org.junit.platform.engine.support.hierarchical.ThrowableCollector.execute(ThrowableCollector.java:73) ~[junit-platform-engine-1.7.0.jar:1.7.0]
	at org.junit.platform.engine.support.hierarchical.NodeTestTask.lambda$executeRecursively$7(NodeTestTask.java:129) ~[junit-platform-engine-1.7.0.jar:1.7.0]
	at org.junit.platform.engine.support.hierarchical.Node.around(Node.java:137) ~[junit-platform-engine-1.7.0.jar:1.7.0]
	at org.junit.platform.engine.support.hierarchical.NodeTestTask.lambda$executeRecursively$8(NodeTestTask.java:127) ~[junit-platform-engine-1.7.0.jar:1.7.0]
	at org.junit.platform.engine.support.hierarchical.ThrowableCollector.execute(ThrowableCollector.java:73) ~[junit-platform-engine-1.7.0.jar:1.7.0]
	at org.junit.platform.engine.support.hierarchical.NodeTestTask.executeRecursively(NodeTestTask.java:126) ~[junit-platform-engine-1.7.0.jar:1.7.0]
	at org.junit.platform.engine.support.hierarchical.NodeTestTask.execute(NodeTestTask.java:84) ~[junit-platform-engine-1.7.0.jar:1.7.0]
	at java.util.ArrayList.forEach(ArrayList.java:1541) ~[?:?]
	at org.junit.platform.engine.support.hierarchical.SameThreadHierarchicalTestExecutorService.invokeAll(SameThreadHierarchicalTestExecutorService.java:38) ~[junit-platform-engine-1.7.0.jar:1.7.0]
	at org.junit.platform.engine.support.hierarchical.NodeTestTask.lambda$executeRecursively$5(NodeTestTask.java:143) ~[junit-platform-engine-1.7.0.jar:1.7.0]
	at org.junit.platform.engine.support.hierarchical.ThrowableCollector.execute(ThrowableCollector.java:73) ~[junit-platform-engine-1.7.0.jar:1.7.0]
	at org.junit.platform.engine.support.hierarchical.NodeTestTask.lambda$executeRecursively$7(NodeTestTask.java:129) ~[junit-platform-engine-1.7.0.jar:1.7.0]
	at org.junit.platform.engine.support.hierarchical.Node.around(Node.java:137) ~[junit-platform-engine-1.7.0.jar:1.7.0]
	at org.junit.platform.engine.support.hierarchical.NodeTestTask.lambda$executeRecursively$8(NodeTestTask.java:127) ~[junit-platform-engine-1.7.0.jar:1.7.0]
	at org.junit.platform.engine.support.hierarchical.ThrowableCollector.execute(ThrowableCollector.java:73) ~[junit-platform-engine-1.7.0.jar:1.7.0]
	at org.junit.platform.engine.support.hierarchical.NodeTestTask.executeRecursively(NodeTestTask.java:126) ~[junit-platform-engine-1.7.0.jar:1.7.0]
	at org.junit.platform.engine.support.hierarchical.NodeTestTask.execute(NodeTestTask.java:84) ~[junit-platform-engine-1.7.0.jar:1.7.0]
	at java.util.ArrayList.forEach(ArrayList.java:1541) ~[?:?]
	at org.junit.platform.engine.support.hierarchical.SameThreadHierarchicalTestExecutorService.invokeAll(SameThreadHierarchicalTestExecutorService.java:38) ~[junit-platform-engine-1.7.0.jar:1.7.0]
	at org.junit.platform.engine.support.hierarchical.NodeTestTask.lambda$executeRecursively$5(NodeTestTask.java:143) ~[junit-platform-engine-1.7.0.jar:1.7.0]
	at org.junit.platform.engine.support.hierarchical.ThrowableCollector.execute(ThrowableCollector.java:73) ~[junit-platform-engine-1.7.0.jar:1.7.0]
	at org.junit.platform.engine.support.hierarchical.NodeTestTask.lambda$executeRecursively$7(NodeTestTask.java:129) ~[junit-platform-engine-1.7.0.jar:1.7.0]
	at org.junit.platform.engine.support.hierarchical.Node.around(Node.java:137) ~[junit-platform-engine-1.7.0.jar:1.7.0]
	at org.junit.platform.engine.support.hierarchical.NodeTestTask.lambda$executeRecursively$8(NodeTestTask.java:127) ~[junit-platform-engine-1.7.0.jar:1.7.0]
	at org.junit.platform.engine.support.hierarchical.ThrowableCollector.execute(ThrowableCollector.java:73) ~[junit-platform-engine-1.7.0.jar:1.7.0]
	at org.junit.platform.engine.support.hierarchical.NodeTestTask.executeRecursively(NodeTestTask.java:126) ~[junit-platform-engine-1.7.0.jar:1.7.0]
	at org.junit.platform.engine.support.hierarchical.NodeTestTask.execute(NodeTestTask.java:84) ~[junit-platform-engine-1.7.0.jar:1.7.0]
	at org.junit.platform.engine.support.hierarchical.SameThreadHierarchicalTestExecutorService.submit(SameThreadHierarchicalTestExecutorService.java:32) ~[junit-platform-engine-1.7.0.jar:1.7.0]
	at org.junit.platform.engine.support.hierarchical.HierarchicalTestExecutor.execute(HierarchicalTestExecutor.java:57) ~[junit-platform-engine-1.7.0.jar:1.7.0]
	at org.junit.platform.engine.support.hierarchical.HierarchicalTestEngine.execute(HierarchicalTestEngine.java:51) ~[junit-platform-engine-1.7.0.jar:1.7.0]
	at org.junit.platform.launcher.core.EngineExecutionOrchestrator.execute(EngineExecutionOrchestrator.java:108) ~[junit-platform-launcher-1.7.0.jar:1.7.0]
	at org.junit.platform.launcher.core.EngineExecutionOrchestrator.execute(EngineExecutionOrchestrator.java:88) ~[junit-platform-launcher-1.7.0.jar:1.7.0]
	at org.junit.platform.launcher.core.EngineExecutionOrchestrator.lambda$execute$0(EngineExecutionOrchestrator.java:54) ~[junit-platform-launcher-1.7.0.jar:1.7.0]
	at org.junit.platform.launcher.core.EngineExecutionOrchestrator.withInterceptedStreams(EngineExecutionOrchestrator.java:67) [junit-platform-launcher-1.7.0.jar:1.7.0]
	at org.junit.platform.launcher.core.EngineExecutionOrchestrator.execute(EngineExecutionOrchestrator.java:52) [junit-platform-launcher-1.7.0.jar:1.7.0]
	at org.junit.platform.launcher.core.DefaultLauncher.execute(DefaultLauncher.java:96) [junit-platform-launcher-1.7.0.jar:1.7.0]
	at org.junit.platform.launcher.core.DefaultLauncher.execute(DefaultLauncher.java:75) [junit-platform-launcher-1.7.0.jar:1.7.0]
	at org.apache.maven.surefire.junitplatform.JUnitPlatformProvider.execute(JUnitPlatformProvider.java:188) [surefire-junit-platform-3.0.0-M5.jar:3.0.0-M5]
	at org.apache.maven.surefire.junitplatform.JUnitPlatformProvider.invokeAllTests(JUnitPlatformProvider.java:154) [surefire-junit-platform-3.0.0-M5.jar:3.0.0-M5]
	at org.apache.maven.surefire.junitplatform.JUnitPlatformProvider.invoke(JUnitPlatformProvider.java:128) [surefire-junit-platform-3.0.0-M5.jar:3.0.0-M5]
	at org.apache.maven.surefire.booter.ForkedBooter.runSuitesInProcess(ForkedBooter.java:428) [surefire-booter-3.0.0-M5.jar:3.0.0-M5]
	at org.apache.maven.surefire.booter.ForkedBooter.execute(ForkedBooter.java:162) [surefire-booter-3.0.0-M5.jar:3.0.0-M5]
	at org.apache.maven.surefire.booter.ForkedBooter.run(ForkedBooter.java:562) [surefire-booter-3.0.0-M5.jar:3.0.0-M5]
	at org.apache.maven.surefire.booter.ForkedBooter.main(ForkedBooter.java:548) [surefire-booter-3.0.0-M5.jar:3.0.0-M5]
2021-11-21T23:53:24,612|[WARN ] SqlExceptionHelper - SQL Error: 1048, SQLState: 23000
2021-11-21T23:53:24,612|[ERROR] SqlExceptionHelper - Column 'person_id' cannot be null
2021-11-21T23:53:24,612|[TRACE] ResourceRegistryStandardImpl - Releasing statement [com.mysql.cj.jdbc.ClientPreparedStatement: /* insert bloodbank.entity.DonationRecord */ insert into donation_record (created, updated, version, donation_id, person_id, tested) values (1637556804605, 1637556804605, 0, 1, null, 1)]
2021-11-21T23:53:24,612|[TRACE] ResourceRegistryStandardImpl - Closing prepared statement [com.mysql.cj.jdbc.ClientPreparedStatement: /* insert bloodbank.entity.DonationRecord */ insert into donation_record (created, updated, version, donation_id, person_id, tested) values (1637556804605, 1637556804605, 0, 1, null, 1)]
2021-11-21T23:53:24,612|[TRACE] JdbcCoordinatorImpl - Starting after statement execution processing [AFTER_TRANSACTION]
2021-11-21T23:53:24,612|[DEBUG] JdbcResourceLocalTransactionCoordinatorImpl - JDBC transaction marked for rollback-only (exception provided for stack trace)
java.lang.Exception: exception just for purpose of providing stack trace
	at org.hibernate.resource.transaction.backend.jdbc.internal.JdbcResourceLocalTransactionCoordinatorImpl$TransactionDriverControlImpl.markRollbackOnly(JdbcResourceLocalTransactionCoordinatorImpl.java:324) ~[hibernate-core-5.4.27.Final.jar:?]
	at org.hibernate.engine.transaction.internal.TransactionImpl.markRollbackOnly(TransactionImpl.java:203) ~[hibernate-core-5.4.27.Final.jar:?]
	at org.hibernate.internal.AbstractSharedSessionContract.markForRollbackOnly(AbstractSharedSessionContract.java:396) ~[hibernate-core-5.4.27.Final.jar:?]
	at org.hibernate.internal.ExceptionConverterImpl.handlePersistenceException(ExceptionConverterImpl.java:297) ~[hibernate-core-5.4.27.Final.jar:?]
	at org.hibernate.internal.ExceptionConverterImpl.convert(ExceptionConverterImpl.java:155) ~[hibernate-core-5.4.27.Final.jar:?]
	at org.hibernate.internal.ExceptionConverterImpl.convert(ExceptionConverterImpl.java:181) ~[hibernate-core-5.4.27.Final.jar:?]
	at org.hibernate.internal.ExceptionConverterImpl.convert(ExceptionConverterImpl.java:188) ~[hibernate-core-5.4.27.Final.jar:?]
	at org.hibernate.internal.SessionImpl.firePersist(SessionImpl.java:726) ~[hibernate-core-5.4.27.Final.jar:?]
	at org.hibernate.internal.SessionImpl.persist(SessionImpl.java:706) ~[hibernate-core-5.4.27.Final.jar:?]
	at bloodbank.entity.TestCRUDDonationRecordOriginal.testCreate(TestCRUDDonationRecordOriginal.java:92) ~[test-classes/:?]
	at jdk.internal.reflect.NativeMethodAccessorImpl.invoke0(Native Method) ~[?:?]
	at jdk.internal.reflect.NativeMethodAccessorImpl.invoke(NativeMethodAccessorImpl.java:62) ~[?:?]
	at jdk.internal.reflect.DelegatingMethodAccessorImpl.invoke(DelegatingMethodAccessorImpl.java:43) ~[?:?]
	at java.lang.reflect.Method.invoke(Method.java:566) ~[?:?]
	at org.junit.platform.commons.util.ReflectionUtils.invokeMethod(ReflectionUtils.java:688) ~[junit-platform-commons-1.7.0.jar:1.7.0]
	at org.junit.jupiter.engine.execution.MethodInvocation.proceed(MethodInvocation.java:60) ~[junit-jupiter-engine-5.7.0.jar:5.7.0]
	at org.junit.jupiter.engine.execution.InvocationInterceptorChain$ValidatingInvocation.proceed(InvocationInterceptorChain.java:131) ~[junit-jupiter-engine-5.7.0.jar:5.7.0]
	at org.junit.jupiter.engine.extension.TimeoutExtension.intercept(TimeoutExtension.java:149) ~[junit-jupiter-engine-5.7.0.jar:5.7.0]
	at org.junit.jupiter.engine.extension.TimeoutExtension.interceptTestableMethod(TimeoutExtension.java:140) ~[junit-jupiter-engine-5.7.0.jar:5.7.0]
	at org.junit.jupiter.engine.extension.TimeoutExtension.interceptTestMethod(TimeoutExtension.java:84) ~[junit-jupiter-engine-5.7.0.jar:5.7.0]
	at org.junit.jupiter.engine.execution.ExecutableInvoker$ReflectiveInterceptorCall.lambda$ofVoidMethod$0(ExecutableInvoker.java:115) ~[junit-jupiter-engine-5.7.0.jar:5.7.0]
	at org.junit.jupiter.engine.execution.ExecutableInvoker.lambda$invoke$0(ExecutableInvoker.java:105) ~[junit-jupiter-engine-5.7.0.jar:5.7.0]
	at org.junit.jupiter.engine.execution.InvocationInterceptorChain$InterceptedInvocation.proceed(InvocationInterceptorChain.java:106) ~[junit-jupiter-engine-5.7.0.jar:5.7.0]
	at org.junit.jupiter.engine.execution.InvocationInterceptorChain.proceed(InvocationInterceptorChain.java:64) ~[junit-jupiter-engine-5.7.0.jar:5.7.0]
	at org.junit.jupiter.engine.execution.InvocationInterceptorChain.chainAndInvoke(InvocationInterceptorChain.java:45) ~[junit-jupiter-engine-5.7.0.jar:5.7.0]
	at org.junit.jupiter.engine.execution.InvocationInterceptorChain.invoke(InvocationInterceptorChain.java:37) ~[junit-jupiter-engine-5.7.0.jar:5.7.0]
	at org.junit.jupiter.engine.execution.ExecutableInvoker.invoke(ExecutableInvoker.java:104) ~[junit-jupiter-engine-5.7.0.jar:5.7.0]
	at org.junit.jupiter.engine.execution.ExecutableInvoker.invoke(ExecutableInvoker.java:98) ~[junit-jupiter-engine-5.7.0.jar:5.7.0]
	at org.junit.jupiter.engine.descriptor.TestMethodTestDescriptor.lambda$invokeTestMethod$6(TestMethodTestDescriptor.java:210) ~[junit-jupiter-engine-5.7.0.jar:5.7.0]
	at org.junit.platform.engine.support.hierarchical.ThrowableCollector.execute(ThrowableCollector.java:73) ~[junit-platform-engine-1.7.0.jar:1.7.0]
	at org.junit.jupiter.engine.descriptor.TestMethodTestDescriptor.invokeTestMethod(TestMethodTestDescriptor.java:206) ~[junit-jupiter-engine-5.7.0.jar:5.7.0]
	at org.junit.jupiter.engine.descriptor.TestMethodTestDescriptor.execute(TestMethodTestDescriptor.java:131) ~[junit-jupiter-engine-5.7.0.jar:5.7.0]
	at org.junit.jupiter.engine.descriptor.TestMethodTestDescriptor.execute(TestMethodTestDescriptor.java:65) ~[junit-jupiter-engine-5.7.0.jar:5.7.0]
	at org.junit.platform.engine.support.hierarchical.NodeTestTask.lambda$executeRecursively$5(NodeTestTask.java:139) ~[junit-platform-engine-1.7.0.jar:1.7.0]
	at org.junit.platform.engine.support.hierarchical.ThrowableCollector.execute(ThrowableCollector.java:73) ~[junit-platform-engine-1.7.0.jar:1.7.0]
	at org.junit.platform.engine.support.hierarchical.NodeTestTask.lambda$executeRecursively$7(NodeTestTask.java:129) ~[junit-platform-engine-1.7.0.jar:1.7.0]
	at org.junit.platform.engine.support.hierarchical.Node.around(Node.java:137) ~[junit-platform-engine-1.7.0.jar:1.7.0]
	at org.junit.platform.engine.support.hierarchical.NodeTestTask.lambda$executeRecursively$8(NodeTestTask.java:127) ~[junit-platform-engine-1.7.0.jar:1.7.0]
	at org.junit.platform.engine.support.hierarchical.ThrowableCollector.execute(ThrowableCollector.java:73) ~[junit-platform-engine-1.7.0.jar:1.7.0]
	at org.junit.platform.engine.support.hierarchical.NodeTestTask.executeRecursively(NodeTestTask.java:126) ~[junit-platform-engine-1.7.0.jar:1.7.0]
	at org.junit.platform.engine.support.hierarchical.NodeTestTask.execute(NodeTestTask.java:84) ~[junit-platform-engine-1.7.0.jar:1.7.0]
	at java.util.ArrayList.forEach(ArrayList.java:1541) ~[?:?]
	at org.junit.platform.engine.support.hierarchical.SameThreadHierarchicalTestExecutorService.invokeAll(SameThreadHierarchicalTestExecutorService.java:38) ~[junit-platform-engine-1.7.0.jar:1.7.0]
	at org.junit.platform.engine.support.hierarchical.NodeTestTask.lambda$executeRecursively$5(NodeTestTask.java:143) ~[junit-platform-engine-1.7.0.jar:1.7.0]
	at org.junit.platform.engine.support.hierarchical.ThrowableCollector.execute(ThrowableCollector.java:73) ~[junit-platform-engine-1.7.0.jar:1.7.0]
	at org.junit.platform.engine.support.hierarchical.NodeTestTask.lambda$executeRecursively$7(NodeTestTask.java:129) ~[junit-platform-engine-1.7.0.jar:1.7.0]
	at org.junit.platform.engine.support.hierarchical.Node.around(Node.java:137) ~[junit-platform-engine-1.7.0.jar:1.7.0]
	at org.junit.platform.engine.support.hierarchical.NodeTestTask.lambda$executeRecursively$8(NodeTestTask.java:127) ~[junit-platform-engine-1.7.0.jar:1.7.0]
	at org.junit.platform.engine.support.hierarchical.ThrowableCollector.execute(ThrowableCollector.java:73) ~[junit-platform-engine-1.7.0.jar:1.7.0]
	at org.junit.platform.engine.support.hierarchical.NodeTestTask.executeRecursively(NodeTestTask.java:126) ~[junit-platform-engine-1.7.0.jar:1.7.0]
	at org.junit.platform.engine.support.hierarchical.NodeTestTask.execute(NodeTestTask.java:84) ~[junit-platform-engine-1.7.0.jar:1.7.0]
	at java.util.ArrayList.forEach(ArrayList.java:1541) ~[?:?]
	at org.junit.platform.engine.support.hierarchical.SameThreadHierarchicalTestExecutorService.invokeAll(SameThreadHierarchicalTestExecutorService.java:38) ~[junit-platform-engine-1.7.0.jar:1.7.0]
	at org.junit.platform.engine.support.hierarchical.NodeTestTask.lambda$executeRecursively$5(NodeTestTask.java:143) ~[junit-platform-engine-1.7.0.jar:1.7.0]
	at org.junit.platform.engine.support.hierarchical.ThrowableCollector.execute(ThrowableCollector.java:73) ~[junit-platform-engine-1.7.0.jar:1.7.0]
	at org.junit.platform.engine.support.hierarchical.NodeTestTask.lambda$executeRecursively$7(NodeTestTask.java:129) ~[junit-platform-engine-1.7.0.jar:1.7.0]
	at org.junit.platform.engine.support.hierarchical.Node.around(Node.java:137) ~[junit-platform-engine-1.7.0.jar:1.7.0]
	at org.junit.platform.engine.support.hierarchical.NodeTestTask.lambda$executeRecursively$8(NodeTestTask.java:127) ~[junit-platform-engine-1.7.0.jar:1.7.0]
	at org.junit.platform.engine.support.hierarchical.ThrowableCollector.execute(ThrowableCollector.java:73) ~[junit-platform-engine-1.7.0.jar:1.7.0]
	at org.junit.platform.engine.support.hierarchical.NodeTestTask.executeRecursively(NodeTestTask.java:126) ~[junit-platform-engine-1.7.0.jar:1.7.0]
	at org.junit.platform.engine.support.hierarchical.NodeTestTask.execute(NodeTestTask.java:84) ~[junit-platform-engine-1.7.0.jar:1.7.0]
	at org.junit.platform.engine.support.hierarchical.SameThreadHierarchicalTestExecutorService.submit(SameThreadHierarchicalTestExecutorService.java:32) ~[junit-platform-engine-1.7.0.jar:1.7.0]
	at org.junit.platform.engine.support.hierarchical.HierarchicalTestExecutor.execute(HierarchicalTestExecutor.java:57) ~[junit-platform-engine-1.7.0.jar:1.7.0]
	at org.junit.platform.engine.support.hierarchical.HierarchicalTestEngine.execute(HierarchicalTestEngine.java:51) ~[junit-platform-engine-1.7.0.jar:1.7.0]
	at org.junit.platform.launcher.core.EngineExecutionOrchestrator.execute(EngineExecutionOrchestrator.java:108) ~[junit-platform-launcher-1.7.0.jar:1.7.0]
	at org.junit.platform.launcher.core.EngineExecutionOrchestrator.execute(EngineExecutionOrchestrator.java:88) ~[junit-platform-launcher-1.7.0.jar:1.7.0]
	at org.junit.platform.launcher.core.EngineExecutionOrchestrator.lambda$execute$0(EngineExecutionOrchestrator.java:54) ~[junit-platform-launcher-1.7.0.jar:1.7.0]
	at org.junit.platform.launcher.core.EngineExecutionOrchestrator.withInterceptedStreams(EngineExecutionOrchestrator.java:67) [junit-platform-launcher-1.7.0.jar:1.7.0]
	at org.junit.platform.launcher.core.EngineExecutionOrchestrator.execute(EngineExecutionOrchestrator.java:52) [junit-platform-launcher-1.7.0.jar:1.7.0]
	at org.junit.platform.launcher.core.DefaultLauncher.execute(DefaultLauncher.java:96) [junit-platform-launcher-1.7.0.jar:1.7.0]
	at org.junit.platform.launcher.core.DefaultLauncher.execute(DefaultLauncher.java:75) [junit-platform-launcher-1.7.0.jar:1.7.0]
	at org.apache.maven.surefire.junitplatform.JUnitPlatformProvider.execute(JUnitPlatformProvider.java:188) [surefire-junit-platform-3.0.0-M5.jar:3.0.0-M5]
	at org.apache.maven.surefire.junitplatform.JUnitPlatformProvider.invokeAllTests(JUnitPlatformProvider.java:154) [surefire-junit-platform-3.0.0-M5.jar:3.0.0-M5]
	at org.apache.maven.surefire.junitplatform.JUnitPlatformProvider.invoke(JUnitPlatformProvider.java:128) [surefire-junit-platform-3.0.0-M5.jar:3.0.0-M5]
	at org.apache.maven.surefire.booter.ForkedBooter.runSuitesInProcess(ForkedBooter.java:428) [surefire-booter-3.0.0-M5.jar:3.0.0-M5]
	at org.apache.maven.surefire.booter.ForkedBooter.execute(ForkedBooter.java:162) [surefire-booter-3.0.0-M5.jar:3.0.0-M5]
	at org.apache.maven.surefire.booter.ForkedBooter.run(ForkedBooter.java:562) [surefire-booter-3.0.0-M5.jar:3.0.0-M5]
	at org.apache.maven.surefire.booter.ForkedBooter.main(ForkedBooter.java:548) [surefire-booter-3.0.0-M5.jar:3.0.0-M5]
]]></system-out>
  </testcase>
</testsuite>