<?xml version="1.0" encoding="UTF-8"?>
<testsuite xmlns:xsi="http://www.w3.org/2001/XMLSchema-instance" xsi:noNamespaceSchemaLocation="https://maven.apache.org/surefire/maven-surefire-plugin/xsd/surefire-test-report-3.0.xsd" version="3.0" name="bloodbank.entity.TestCRUDAddressOriginal" time="3.413" tests="6" errors="0" skipped="0" failures="0">
  <properties>
    <property name="sun.desktop" value="windows"/>
    <property name="awt.toolkit" value="sun.awt.windows.WToolkit"/>
    <property name="java.specification.version" value="11"/>
    <property name="sun.cpu.isalist" value="amd64"/>
    <property name="sun.jnu.encoding" value="Cp1252"/>
    <property name="java.class.path" value="C:\Users\Herman\Desktop\School\Level 4\Jave Enterprise Application\Assignment_3\BloodBank-JPA-Mapping-JUnit-Skeleton\target\test-classes;C:\Users\Herman\.m2\repository\org\junit\jupiter\junit-jupiter\5.7.0\junit-jupiter-5.7.0.jar;C:\Users\Herman\.m2\repository\org\junit\jupiter\junit-jupiter-api\5.7.0\junit-jupiter-api-5.7.0.jar;C:\Users\Herman\.m2\repository\org\apiguardian\apiguardian-api\1.1.0\apiguardian-api-1.1.0.jar;C:\Users\Herman\.m2\repository\org\opentest4j\opentest4j\1.2.0\opentest4j-1.2.0.jar;C:\Users\Herman\.m2\repository\org\junit\platform\junit-platform-commons\1.7.0\junit-platform-commons-1.7.0.jar;C:\Users\Herman\.m2\repository\org\junit\jupiter\junit-jupiter-params\5.7.0\junit-jupiter-params-5.7.0.jar;C:\Users\Herman\.m2\repository\org\junit\jupiter\junit-jupiter-engine\5.7.0\junit-jupiter-engine-5.7.0.jar;C:\Users\Herman\.m2\repository\org\junit\platform\junit-platform-engine\1.7.0\junit-platform-engine-1.7.0.jar;C:\Users\Herman\.m2\repository\org\hamcrest\hamcrest\2.2\hamcrest-2.2.jar;C:\Users\Herman\.m2\repository\org\hamcrest\hamcrest-library\2.2\hamcrest-library-2.2.jar;C:\Users\Herman\.m2\repository\org\hamcrest\hamcrest-core\2.2\hamcrest-core-2.2.jar;C:\Users\Herman\.m2\repository\org\apache\logging\log4j\log4j-core\2.14.0\log4j-core-2.14.0.jar;C:\Users\Herman\.m2\repository\org\jboss\logging\jboss-logging\3.4.1.Final\jboss-logging-3.4.1.Final.jar;C:\Users\Herman\.m2\repository\org\javassist\javassist\3.27.0-GA\javassist-3.27.0-GA.jar;C:\Users\Herman\.m2\repository\net\bytebuddy\byte-buddy\1.10.17\byte-buddy-1.10.17.jar;C:\Users\Herman\.m2\repository\antlr\antlr\2.7.7\antlr-2.7.7.jar;C:\Users\Herman\.m2\repository\org\jboss\spec\javax\transaction\jboss-transaction-api_1.2_spec\1.1.1.Final\jboss-transaction-api_1.2_spec-1.1.1.Final.jar;C:\Users\Herman\.m2\repository\org\jboss\jandex\2.1.3.Final\jandex-2.1.3.Final.jar;C:\Users\Herman\.m2\repository\com\fasterxml\classmate\1.5.1\classmate-1.5.1.jar;C:\Users\Herman\.m2\repository\javax\activation\javax.activation-api\1.2.0\javax.activation-api-1.2.0.jar;C:\Users\Herman\.m2\repository\org\dom4j\dom4j\2.1.3\dom4j-2.1.3.jar;C:\Users\Herman\.m2\repository\org\hibernate\common\hibernate-commons-annotations\5.1.2.Final\hibernate-commons-annotations-5.1.2.Final.jar;C:\Users\Herman\.m2\repository\javax\xml\bind\jaxb-api\2.3.1\jaxb-api-2.3.1.jar;C:\Users\Herman\.m2\repository\org\glassfish\jaxb\jaxb-runtime\2.3.1\jaxb-runtime-2.3.1.jar;C:\Users\Herman\.m2\repository\org\glassfish\jaxb\txw2\2.3.1\txw2-2.3.1.jar;C:\Users\Herman\.m2\repository\com\sun\istack\istack-commons-runtime\3.0.7\istack-commons-runtime-3.0.7.jar;C:\Users\Herman\.m2\repository\org\jvnet\staxex\stax-ex\1.8\stax-ex-1.8.jar;C:\Users\Herman\.m2\repository\com\sun\xml\fastinfoset\FastInfoset\1.2.15\FastInfoset-1.2.15.jar;C:\Users\Herman\.m2\repository\mysql\mysql-connector-java\8.0.23\mysql-connector-java-8.0.23.jar;C:\Users\Herman\.m2\repository\com\google\protobuf\protobuf-java\3.11.4\protobuf-java-3.11.4.jar;"/>
    <property name="java.vm.vendor" value="AdoptOpenJDK"/>
    <property name="sun.arch.data.model" value="64"/>
    <property name="user.variant" value=""/>
    <property name="java.vendor.url" value="https://adoptopenjdk.net/"/>
    <property name="user.timezone" value="America/New_York"/>
    <property name="java.vm.specification.version" value="11"/>
    <property name="os.name" value="Windows 10"/>
    <property name="sun.java.launcher" value="SUN_STANDARD"/>
    <property name="user.country" value="CA"/>
    <property name="sun.boot.library.path" value="C:\Program Files\AdoptOpenJDK\jdk-11.0.11.9-hotspot\bin"/>
    <property name="sun.java.command" value="org.apache.maven.surefire.booter.ForkedBooter C:\Users\Herman\AppData\Local\Temp\surefire18371099998671694897 2021-11-21T23-53-14_928-jvmRun1 surefire350140961489495685tmp surefire_01548292716285537178tmp"/>
    <property name="jdk.debug" value="release"/>
    <property name="surefire.test.class.path" value="C:\Users\Herman\Desktop\School\Level 4\Jave Enterprise Application\Assignment_3\BloodBank-JPA-Mapping-JUnit-Skeleton\target\test-classes;C:\Users\Herman\.m2\repository\org\junit\jupiter\junit-jupiter\5.7.0\junit-jupiter-5.7.0.jar;C:\Users\Herman\.m2\repository\org\junit\jupiter\junit-jupiter-api\5.7.0\junit-jupiter-api-5.7.0.jar;C:\Users\Herman\.m2\repository\org\apiguardian\apiguardian-api\1.1.0\apiguardian-api-1.1.0.jar;C:\Users\Herman\.m2\repository\org\opentest4j\opentest4j\1.2.0\opentest4j-1.2.0.jar;C:\Users\Herman\.m2\repository\org\junit\platform\junit-platform-commons\1.7.0\junit-platform-commons-1.7.0.jar;C:\Users\Herman\.m2\repository\org\junit\jupiter\junit-jupiter-params\5.7.0\junit-jupiter-params-5.7.0.jar;C:\Users\Herman\.m2\repository\org\junit\jupiter\junit-jupiter-engine\5.7.0\junit-jupiter-engine-5.7.0.jar;C:\Users\Herman\.m2\repository\org\junit\platform\junit-platform-engine\1.7.0\junit-platform-engine-1.7.0.jar;C:\Users\Herman\.m2\repository\org\hamcrest\hamcrest\2.2\hamcrest-2.2.jar;C:\Users\Herman\.m2\repository\org\hamcrest\hamcrest-library\2.2\hamcrest-library-2.2.jar;C:\Users\Herman\.m2\repository\org\hamcrest\hamcrest-core\2.2\hamcrest-core-2.2.jar;C:\Users\Herman\.m2\repository\org\apache\logging\log4j\log4j-core\2.14.0\log4j-core-2.14.0.jar;C:\Users\Herman\.m2\repository\org\jboss\logging\jboss-logging\3.4.1.Final\jboss-logging-3.4.1.Final.jar;C:\Users\Herman\.m2\repository\org\javassist\javassist\3.27.0-GA\javassist-3.27.0-GA.jar;C:\Users\Herman\.m2\repository\net\bytebuddy\byte-buddy\1.10.17\byte-buddy-1.10.17.jar;C:\Users\Herman\.m2\repository\antlr\antlr\2.7.7\antlr-2.7.7.jar;C:\Users\Herman\.m2\repository\org\jboss\spec\javax\transaction\jboss-transaction-api_1.2_spec\1.1.1.Final\jboss-transaction-api_1.2_spec-1.1.1.Final.jar;C:\Users\Herman\.m2\repository\org\jboss\jandex\2.1.3.Final\jandex-2.1.3.Final.jar;C:\Users\Herman\.m2\repository\com\fasterxml\classmate\1.5.1\classmate-1.5.1.jar;C:\Users\Herman\.m2\repository\javax\activation\javax.activation-api\1.2.0\javax.activation-api-1.2.0.jar;C:\Users\Herman\.m2\repository\org\dom4j\dom4j\2.1.3\dom4j-2.1.3.jar;C:\Users\Herman\.m2\repository\org\hibernate\common\hibernate-commons-annotations\5.1.2.Final\hibernate-commons-annotations-5.1.2.Final.jar;C:\Users\Herman\.m2\repository\javax\xml\bind\jaxb-api\2.3.1\jaxb-api-2.3.1.jar;C:\Users\Herman\.m2\repository\org\glassfish\jaxb\jaxb-runtime\2.3.1\jaxb-runtime-2.3.1.jar;C:\Users\Herman\.m2\repository\org\glassfish\jaxb\txw2\2.3.1\txw2-2.3.1.jar;C:\Users\Herman\.m2\repository\com\sun\istack\istack-commons-runtime\3.0.7\istack-commons-runtime-3.0.7.jar;C:\Users\Herman\.m2\repository\org\jvnet\staxex\stax-ex\1.8\stax-ex-1.8.jar;C:\Users\Herman\.m2\repository\com\sun\xml\fastinfoset\FastInfoset\1.2.15\FastInfoset-1.2.15.jar;C:\Users\Herman\.m2\repository\mysql\mysql-connector-java\8.0.23\mysql-connector-java-8.0.23.jar;C:\Users\Herman\.m2\repository\com\google\protobuf\protobuf-java\3.11.4\protobuf-java-3.11.4.jar;"/>
    <property name="sun.cpu.endian" value="little"/>
    <property name="user.home" value="C:\Users\Herman"/>
    <property name="user.language" value="en"/>
    <property name="java.specification.vendor" value="Oracle Corporation"/>
    <property name="jdk.module.path" value="C:\Users\Herman\Desktop\School\Level 4\Jave Enterprise Application\Assignment_3\BloodBank-JPA-Mapping-JUnit-Skeleton\target\classes;C:\Users\Herman\.m2\repository\org\apache\logging\log4j\log4j-api\2.14.0\log4j-api-2.14.0.jar;C:\Users\Herman\.m2\repository\org\hibernate\hibernate-core\5.4.27.Final\hibernate-core-5.4.27.Final.jar;C:\Users\Herman\.m2\repository\jakarta\platform\jakarta.jakartaee-api\8.0.0\jakarta.jakartaee-api-8.0.0.jar"/>
    <property name="java.version.date" value="2021-04-20"/>
    <property name="generateReports" value="false"/>
    <property name="java.home" value="C:\Program Files\AdoptOpenJDK\jdk-11.0.11.9-hotspot"/>
    <property name="file.separator" value="\"/>
    <property name="basedir" value="C:\Users\Herman\Desktop\School\Level 4\Jave Enterprise Application\Assignment_3\BloodBank-JPA-Mapping-JUnit-Skeleton"/>
    <property name="java.vm.compressedOopsMode" value="32-bit"/>
    <property name="line.separator" value="&#10;"/>
    <property name="java.specification.name" value="Java Platform API Specification"/>
    <property name="java.vm.specification.vendor" value="Oracle Corporation"/>
    <property name="java.awt.graphicsenv" value="sun.awt.Win32GraphicsEnvironment"/>
    <property name="surefire.real.class.path" value="C:\Users\Herman\.m2\repository\org\apache\maven\surefire\surefire-booter\3.0.0-M5\surefire-booter-3.0.0-M5.jar;C:\Users\Herman\.m2\repository\org\apache\maven\surefire\surefire-api\3.0.0-M5\surefire-api-3.0.0-M5.jar;C:\Users\Herman\.m2\repository\org\apache\maven\surefire\surefire-logger-api\3.0.0-M5\surefire-logger-api-3.0.0-M5.jar;C:\Users\Herman\.m2\repository\org\apache\maven\surefire\surefire-shared-utils\3.0.0-M4\surefire-shared-utils-3.0.0-M4.jar;C:\Users\Herman\.m2\repository\org\apache\maven\surefire\surefire-extensions-spi\3.0.0-M5\surefire-extensions-spi-3.0.0-M5.jar;C:\Users\Herman\Desktop\School\Level 4\Jave Enterprise Application\Assignment_3\BloodBank-JPA-Mapping-JUnit-Skeleton\target\test-classes;C:\Users\Herman\.m2\repository\org\junit\jupiter\junit-jupiter\5.7.0\junit-jupiter-5.7.0.jar;C:\Users\Herman\.m2\repository\org\junit\jupiter\junit-jupiter-api\5.7.0\junit-jupiter-api-5.7.0.jar;C:\Users\Herman\.m2\repository\org\apiguardian\apiguardian-api\1.1.0\apiguardian-api-1.1.0.jar;C:\Users\Herman\.m2\repository\org\opentest4j\opentest4j\1.2.0\opentest4j-1.2.0.jar;C:\Users\Herman\.m2\repository\org\junit\platform\junit-platform-commons\1.7.0\junit-platform-commons-1.7.0.jar;C:\Users\Herman\.m2\repository\org\junit\jupiter\junit-jupiter-params\5.7.0\junit-jupiter-params-5.7.0.jar;C:\Users\Herman\.m2\repository\org\junit\jupiter\junit-jupiter-engine\5.7.0\junit-jupiter-engine-5.7.0.jar;C:\Users\Herman\.m2\repository\org\junit\platform\junit-platform-engine\1.7.0\junit-platform-engine-1.7.0.jar;C:\Users\Herman\.m2\repository\org\hamcrest\hamcrest\2.2\hamcrest-2.2.jar;C:\Users\Herman\.m2\repository\org\hamcrest\hamcrest-library\2.2\hamcrest-library-2.2.jar;C:\Users\Herman\.m2\repository\org\hamcrest\hamcrest-core\2.2\hamcrest-core-2.2.jar;C:\Users\Herman\.m2\repository\org\apache\logging\log4j\log4j-core\2.14.0\log4j-core-2.14.0.jar;C:\Users\Herman\.m2\repository\org\jboss\logging\jboss-logging\3.4.1.Final\jboss-logging-3.4.1.Final.jar;C:\Users\Herman\.m2\repository\org\javassist\javassist\3.27.0-GA\javassist-3.27.0-GA.jar;C:\Users\Herman\.m2\repository\net\bytebuddy\byte-buddy\1.10.17\byte-buddy-1.10.17.jar;C:\Users\Herman\.m2\repository\antlr\antlr\2.7.7\antlr-2.7.7.jar;C:\Users\Herman\.m2\repository\org\jboss\spec\javax\transaction\jboss-transaction-api_1.2_spec\1.1.1.Final\jboss-transaction-api_1.2_spec-1.1.1.Final.jar;C:\Users\Herman\.m2\repository\org\jboss\jandex\2.1.3.Final\jandex-2.1.3.Final.jar;C:\Users\Herman\.m2\repository\com\fasterxml\classmate\1.5.1\classmate-1.5.1.jar;C:\Users\Herman\.m2\repository\javax\activation\javax.activation-api\1.2.0\javax.activation-api-1.2.0.jar;C:\Users\Herman\.m2\repository\org\dom4j\dom4j\2.1.3\dom4j-2.1.3.jar;C:\Users\Herman\.m2\repository\org\hibernate\common\hibernate-commons-annotations\5.1.2.Final\hibernate-commons-annotations-5.1.2.Final.jar;C:\Users\Herman\.m2\repository\javax\xml\bind\jaxb-api\2.3.1\jaxb-api-2.3.1.jar;C:\Users\Herman\.m2\repository\org\glassfish\jaxb\jaxb-runtime\2.3.1\jaxb-runtime-2.3.1.jar;C:\Users\Herman\.m2\repository\org\glassfish\jaxb\txw2\2.3.1\txw2-2.3.1.jar;C:\Users\Herman\.m2\repository\com\sun\istack\istack-commons-runtime\3.0.7\istack-commons-runtime-3.0.7.jar;C:\Users\Herman\.m2\repository\org\jvnet\staxex\stax-ex\1.8\stax-ex-1.8.jar;C:\Users\Herman\.m2\repository\com\sun\xml\fastinfoset\FastInfoset\1.2.15\FastInfoset-1.2.15.jar;C:\Users\Herman\.m2\repository\mysql\mysql-connector-java\8.0.23\mysql-connector-java-8.0.23.jar;C:\Users\Herman\.m2\repository\com\google\protobuf\protobuf-java\3.11.4\protobuf-java-3.11.4.jar;C:\Users\Herman\.m2\repository\org\apache\maven\surefire\surefire-junit-platform\3.0.0-M5\surefire-junit-platform-3.0.0-M5.jar;C:\Users\Herman\.m2\repository\org\apache\maven\surefire\common-java5\3.0.0-M5\common-java5-3.0.0-M5.jar;C:\Users\Herman\.m2\repository\org\junit\platform\junit-platform-launcher\1.7.0\junit-platform-launcher-1.7.0.jar"/>
    <property name="user.script" value=""/>
    <property name="sun.management.compiler" value="HotSpot 64-Bit Tiered Compilers"/>
    <property name="java.runtime.version" value="11.0.11+9"/>
    <property name="user.name" value="Herman"/>
    <property name="path.separator" value=";"/>
    <property name="os.version" value="10.0"/>
    <property name="java.runtime.name" value="OpenJDK Runtime Environment"/>
    <property name="file.encoding" value="Cp1252"/>
    <property name="java.vm.name" value="OpenJDK 64-Bit Server VM"/>
    <property name="java.vendor.version" value="AdoptOpenJDK-11.0.11+9"/>
    <property name="localRepository" value="C:\Users\Herman\.m2\repository"/>
    <property name="java.vendor.url.bug" value="https://github.com/AdoptOpenJDK/openjdk-support/issues"/>
    <property name="java.io.tmpdir" value="C:\Users\Herman\AppData\Local\Temp\"/>
    <property name="java.version" value="11.0.11"/>
    <property name="user.dir" value="C:\Users\Herman\Desktop\School\Level 4\Jave Enterprise Application\Assignment_3\BloodBank-JPA-Mapping-JUnit-Skeleton"/>
    <property name="os.arch" value="amd64"/>
    <property name="java.vm.specification.name" value="Java Virtual Machine Specification"/>
    <property name="java.awt.printerjob" value="sun.awt.windows.WPrinterJob"/>
    <property name="sun.os.patch.level" value=""/>
    <property name="java.library.path" value="C:\Program Files\AdoptOpenJDK\jdk-11.0.11.9-hotspot\bin;C:\WINDOWS\Sun\Java\bin;C:\WINDOWS\system32;C:\WINDOWS;C:/Program Files/AdoptOpenJDK/jdk-11.0.11.9-hotspot/bin/client;C:/Program Files/AdoptOpenJDK/jdk-11.0.11.9-hotspot/bin;C:\Program Files\AdoptOpenJDK\jdk-11.0.11.9-hotspot\bin;&quot;C:\Program Files\AdoptOpenJDK\jdk-11.0.11.9-hotspot\\bin;&quot;;C:\Program Files\Oculus\Support\oculus-runtime;C:\Windows\system32;C:\Windows;C:\Windows\System32\Wbem;C:\Windows\System32\WindowsPowerShell\v1.0\;C:\Windows\System32\OpenSSH\;C:\Program Files (x86)\NVIDIA Corporation\PhysX\Common;C:\Program Files\NVIDIA Corporation\NVIDIA NvDLISR;C:\WINDOWS\system32;C:\WINDOWS;C:\WINDOWS\System32\Wbem;C:\WINDOWS\System32\WindowsPowerShell\v1.0\;C:\WINDOWS\System32\OpenSSH\;C:\Program Files\Git\cmd;D:\javafx-sdk-11.0.2\bin;C:\Program Files\nodejs\;C:\Users\Herman\AppData\Local\Programs\Python\Python38;C:\Users\Herman\AppData\Local\Programs\Python\Python38\Scripts;C:\Program Files\MySQL\MySQL Shell 8.0\bin\;C:\Users\Herman\AppData\Local\Microsoft\WindowsApps;C:\Users\Herman\AppData\Local\Programs\Microsoft VS Code\bin;;C:\Program Files\JetBrains\PyCharm Community Edition 2021.2.1\bin;;C:\Users\Herman\AppData\Roaming\npm;C:\Users\Herman\Desktop;;."/>
    <property name="java.vm.info" value="mixed mode"/>
    <property name="java.vendor" value="AdoptOpenJDK"/>
    <property name="java.vm.version" value="11.0.11+9"/>
    <property name="sun.io.unicode.encoding" value="UnicodeLittle"/>
    <property name="java.class.version" value="55.0"/>
  </properties>
  <testcase name="testEmpty" classname="bloodbank.entity.TestCRUDAddressOriginal" time="0.037">
    <system-out><![CDATA[2021-11-21T23:53:16,405|[DEBUG] logging - Logging Provider: org.jboss.logging.Log4j2LoggerProvider
2021-11-21T23:53:16,411|[TRACE] HibernatePersistenceProvider - Starting createEntityManagerFactory for persistenceUnitName bloodbank-PU
2021-11-21T23:53:16,411|[TRACE] HibernatePersistenceProvider - Attempting to obtain correct EntityManagerFactoryBuilder for persistenceUnitName : bloodbank-PU
2021-11-21T23:53:16,428|[TRACE] PersistenceXmlParser - Attempting to parse persistence.xml file : file:/C:/Users/Herman/Desktop/School/Level%204/Jave%20Enterprise%20Application/Assignment_3/BloodBank-JPA-Mapping-JUnit-Skeleton/target/classes/META-INF/persistence.xml
2021-11-21T23:53:16,470|[TRACE] ArchiveHelper - JAR URL from URL Entry: file:/C:/Users/Herman/Desktop/School/Level%204/Jave%20Enterprise%20Application/Assignment_3/BloodBank-JPA-Mapping-JUnit-Skeleton/target/classes/META-INF/persistence.xml >> file:/C:/Users/Herman/Desktop/School/Level%204/Jave%20Enterprise%20Application/Assignment_3/BloodBank-JPA-Mapping-JUnit-Skeleton/target/classes
2021-11-21T23:53:16,471|[TRACE] PersistenceXmlParser - Persistence unit name from persistence.xml : bloodbank-PU
2021-11-21T23:53:16,471|[DEBUG] HibernatePersistenceProvider - Located and parsed 1 persistence units; checking each
2021-11-21T23:53:16,471|[DEBUG] HibernatePersistenceProvider - Checking persistence-unit [name=bloodbank-PU, explicit-provider=org.hibernate.jpa.HibernatePersistenceProvider] against incoming persistence unit name [bloodbank-PU]
2021-11-21T23:53:16,472|[DEBUG] ProviderChecker - Persistence-unit [bloodbank-PU] requested PersistenceProvider [org.hibernate.jpa.HibernatePersistenceProvider]
2021-11-21T23:53:16,472|[TRACE] ProviderChecker - Checking requested PersistenceProvider name [org.hibernate.jpa.HibernatePersistenceProvider] against Hibernate provider names
2021-11-21T23:53:16,475|[DEBUG] LogHelper - PersistenceUnitInfo [
	name: bloodbank-PU
	persistence provider classname: org.hibernate.jpa.HibernatePersistenceProvider
	classloader: null
	excludeUnlistedClasses: false
	JTA datasource: null
	Non JTA datasource: null
	Transaction type: RESOURCE_LOCAL
	PU root URL: file:/C:/Users/Herman/Desktop/School/Level%204/Jave%20Enterprise%20Application/Assignment_3/BloodBank-JPA-Mapping-JUnit-Skeleton/target/classes
	Shared Cache Mode: null
	Validation Mode: null
	Jar files URLs []
	Managed classes names []
	Mapping files names []
	Properties [
		javax.persistence.schema-generation.drop-source: script
		hibernate.use_sql_comments: true
		javax.persistence.schema-generation.drop-script-source: META-INF/sql/bloodbank-drop.sql
		hibernate.hbm2ddl.import_files_sql_extractor: org.hibernate.tool.hbm2ddl.MultipleLinesSqlCommandExtractor
		javax.persistence.jdbc.user: cst8277
		javax.persistence.schema-generation.create-source: script
		hibernate.dialect: org.hibernate.dialect.MySQL8Dialect
		javax.persistence.jdbc.url: jdbc:mysql://localhost:3306/bloodbank?createDatabaseIfNotExist=true&zeroDateTimeBehavior=convertToNull
		javax.persistence.schema-generation.create-script-source: META-INF/sql/bloodbank-create.sql
		javax.persistence.jdbc.driver: com.mysql.cj.jdbc.Driver
		hibernate.format_sql: true
		javax.persistence.jdbc.password: 8277
		javax.persistence.schema-generation.database.action: drop-and-create]
2021-11-21T23:53:16,477|[DEBUG] IntegratorServiceImpl - Adding Integrator [org.hibernate.cfg.beanvalidation.BeanValidationIntegrator].
2021-11-21T23:53:16,478|[DEBUG] IntegratorServiceImpl - Adding Integrator [org.hibernate.secure.spi.JaccIntegrator].
2021-11-21T23:53:16,480|[DEBUG] IntegratorServiceImpl - Adding Integrator [org.hibernate.cache.internal.CollectionCacheInvalidator].
2021-11-21T23:53:16,485|[TRACE] StrategySelectorImpl - Registering named strategy selector [org.hibernate.resource.transaction.spi.TransactionCoordinatorBuilder] : [jdbc] -> [org.hibernate.resource.transaction.backend.jdbc.internal.JdbcResourceLocalTransactionCoordinatorBuilderImpl]
2021-11-21T23:53:16,486|[TRACE] StrategySelectorImpl - Registering named strategy selector [org.hibernate.resource.transaction.spi.TransactionCoordinatorBuilder] : [jta] -> [org.hibernate.resource.transaction.backend.jta.internal.JtaTransactionCoordinatorBuilderImpl]
2021-11-21T23:53:16,486|[TRACE] StrategySelectorImpl - Registering named strategy selector [org.hibernate.resource.transaction.spi.TransactionCoordinatorBuilder] : [org.hibernate.transaction.JDBCTransactionFactory] -> [org.hibernate.resource.transaction.backend.jdbc.internal.JdbcResourceLocalTransactionCoordinatorBuilderImpl]
2021-11-21T23:53:16,486|[TRACE] StrategySelectorImpl - Registering named strategy selector [org.hibernate.resource.transaction.spi.TransactionCoordinatorBuilder] : [org.hibernate.transaction.JTATransactionFactory] -> [org.hibernate.resource.transaction.backend.jta.internal.JtaTransactionCoordinatorBuilderImpl]
2021-11-21T23:53:16,486|[TRACE] StrategySelectorImpl - Registering named strategy selector [org.hibernate.resource.transaction.spi.TransactionCoordinatorBuilder] : [org.hibernate.transaction.CMTTransactionFactory] -> [org.hibernate.resource.transaction.backend.jta.internal.JtaTransactionCoordinatorBuilderImpl]
2021-11-21T23:53:16,487|[TRACE] StrategySelectorImpl - Registering named strategy selector [org.hibernate.hql.spi.id.MultiTableBulkIdStrategy] : [persistent] -> [org.hibernate.hql.spi.id.persistent.PersistentTableBulkIdStrategy]
2021-11-21T23:53:16,487|[TRACE] StrategySelectorImpl - Registering named strategy selector [org.hibernate.hql.spi.id.MultiTableBulkIdStrategy] : [global_temporary] -> [org.hibernate.hql.spi.id.global.GlobalTemporaryTableBulkIdStrategy]
2021-11-21T23:53:16,488|[TRACE] StrategySelectorImpl - Registering named strategy selector [org.hibernate.hql.spi.id.MultiTableBulkIdStrategy] : [local_temporary] -> [org.hibernate.hql.spi.id.local.LocalTemporaryTableBulkIdStrategy]
2021-11-21T23:53:16,489|[TRACE] StrategySelectorImpl - Registering named strategy selector [org.hibernate.boot.model.naming.ImplicitNamingStrategy] : [default] -> [org.hibernate.boot.model.naming.ImplicitNamingStrategyJpaCompliantImpl]
2021-11-21T23:53:16,489|[TRACE] StrategySelectorImpl - Registering named strategy selector [org.hibernate.boot.model.naming.ImplicitNamingStrategy] : [jpa] -> [org.hibernate.boot.model.naming.ImplicitNamingStrategyJpaCompliantImpl]
2021-11-21T23:53:16,489|[TRACE] StrategySelectorImpl - Registering named strategy selector [org.hibernate.boot.model.naming.ImplicitNamingStrategy] : [legacy-jpa] -> [org.hibernate.boot.model.naming.ImplicitNamingStrategyLegacyJpaImpl]
2021-11-21T23:53:16,489|[TRACE] StrategySelectorImpl - Registering named strategy selector [org.hibernate.boot.model.naming.ImplicitNamingStrategy] : [legacy-hbm] -> [org.hibernate.boot.model.naming.ImplicitNamingStrategyLegacyHbmImpl]
2021-11-21T23:53:16,489|[TRACE] StrategySelectorImpl - Registering named strategy selector [org.hibernate.boot.model.naming.ImplicitNamingStrategy] : [component-path] -> [org.hibernate.boot.model.naming.ImplicitNamingStrategyComponentPathImpl]
2021-11-21T23:53:16,490|[TRACE] StrategySelectorImpl - Registering named strategy selector [org.hibernate.cache.spi.CacheKeysFactory] : [default] -> [org.hibernate.cache.internal.DefaultCacheKeysFactory]
2021-11-21T23:53:16,490|[TRACE] StrategySelectorImpl - Registering named strategy selector [org.hibernate.cache.spi.CacheKeysFactory] : [simple] -> [org.hibernate.cache.internal.SimpleCacheKeysFactory]
2021-11-21T23:53:16,504|[INFO ] Version - HHH000412: Hibernate ORM core version [WORKING]
2021-11-21T23:53:16,505|[DEBUG] Environment - HHH000206: hibernate.properties not found
2021-11-21T23:53:16,585|[DEBUG] ServiceBinding - Overriding existing service binding [org.hibernate.secure.spi.JaccService]
2021-11-21T23:53:16,588|[TRACE] AbstractServiceRegistryImpl - Initializing service [role=org.hibernate.engine.config.spi.ConfigurationService]
2021-11-21T23:53:16,592|[TRACE] AbstractServiceRegistryImpl - Initializing service [role=org.hibernate.cache.spi.RegionFactory]
2021-11-21T23:53:16,592|[DEBUG] RegionFactoryInitiator - Cannot default RegionFactory based on registered strategies as `[]` RegionFactory strategies were registered
2021-11-21T23:53:16,593|[DEBUG] RegionFactoryInitiator - Cache region factory : org.hibernate.cache.internal.NoCachingRegionFactory
2021-11-21T23:53:16,604|[INFO ] Version - HCANN000001: Hibernate Commons Annotations {5.1.2.Final}
2021-11-21T23:53:16,929|[DEBUG] BasicTypeRegistry - Adding type registration boolean -> org.hibernate.type.BooleanType@2b8bd14b
2021-11-21T23:53:16,929|[DEBUG] BasicTypeRegistry - Adding type registration boolean -> org.hibernate.type.BooleanType@2b8bd14b
2021-11-21T23:53:16,929|[DEBUG] BasicTypeRegistry - Adding type registration java.lang.Boolean -> org.hibernate.type.BooleanType@2b8bd14b
2021-11-21T23:53:16,929|[DEBUG] BasicTypeRegistry - Adding type registration numeric_boolean -> org.hibernate.type.NumericBooleanType@25a73de1
2021-11-21T23:53:16,930|[DEBUG] BasicTypeRegistry - Adding type registration true_false -> org.hibernate.type.TrueFalseType@26ae880a
2021-11-21T23:53:16,930|[DEBUG] BasicTypeRegistry - Adding type registration yes_no -> org.hibernate.type.YesNoType@3be4f71
2021-11-21T23:53:16,930|[DEBUG] BasicTypeRegistry - Adding type registration byte -> org.hibernate.type.ByteType@17814b1c
2021-11-21T23:53:16,931|[DEBUG] BasicTypeRegistry - Adding type registration byte -> org.hibernate.type.ByteType@17814b1c
2021-11-21T23:53:16,931|[DEBUG] BasicTypeRegistry - Adding type registration java.lang.Byte -> org.hibernate.type.ByteType@17814b1c
2021-11-21T23:53:16,932|[DEBUG] BasicTypeRegistry - Adding type registration character -> org.hibernate.type.CharacterType@15cea7b0
2021-11-21T23:53:16,932|[DEBUG] BasicTypeRegistry - Adding type registration char -> org.hibernate.type.CharacterType@15cea7b0
2021-11-21T23:53:16,932|[DEBUG] BasicTypeRegistry - Adding type registration java.lang.Character -> org.hibernate.type.CharacterType@15cea7b0
2021-11-21T23:53:16,932|[DEBUG] BasicTypeRegistry - Adding type registration short -> org.hibernate.type.ShortType@656d10a4
2021-11-21T23:53:16,932|[DEBUG] BasicTypeRegistry - Adding type registration short -> org.hibernate.type.ShortType@656d10a4
2021-11-21T23:53:16,933|[DEBUG] BasicTypeRegistry - Adding type registration java.lang.Short -> org.hibernate.type.ShortType@656d10a4
2021-11-21T23:53:16,933|[DEBUG] BasicTypeRegistry - Adding type registration integer -> org.hibernate.type.IntegerType@108531c2
2021-11-21T23:53:16,933|[DEBUG] BasicTypeRegistry - Adding type registration int -> org.hibernate.type.IntegerType@108531c2
2021-11-21T23:53:16,933|[DEBUG] BasicTypeRegistry - Adding type registration java.lang.Integer -> org.hibernate.type.IntegerType@108531c2
2021-11-21T23:53:16,934|[DEBUG] BasicTypeRegistry - Adding type registration long -> org.hibernate.type.LongType@2788d0fe
2021-11-21T23:53:16,934|[DEBUG] BasicTypeRegistry - Adding type registration long -> org.hibernate.type.LongType@2788d0fe
2021-11-21T23:53:16,934|[DEBUG] BasicTypeRegistry - Adding type registration java.lang.Long -> org.hibernate.type.LongType@2788d0fe
2021-11-21T23:53:16,934|[DEBUG] BasicTypeRegistry - Adding type registration float -> org.hibernate.type.FloatType@5cd61783
2021-11-21T23:53:16,934|[DEBUG] BasicTypeRegistry - Adding type registration float -> org.hibernate.type.FloatType@5cd61783
2021-11-21T23:53:16,934|[DEBUG] BasicTypeRegistry - Adding type registration java.lang.Float -> org.hibernate.type.FloatType@5cd61783
2021-11-21T23:53:16,935|[DEBUG] BasicTypeRegistry - Adding type registration double -> org.hibernate.type.DoubleType@769d513
2021-11-21T23:53:16,935|[DEBUG] BasicTypeRegistry - Adding type registration double -> org.hibernate.type.DoubleType@769d513
2021-11-21T23:53:16,935|[DEBUG] BasicTypeRegistry - Adding type registration java.lang.Double -> org.hibernate.type.DoubleType@769d513
2021-11-21T23:53:16,935|[DEBUG] BasicTypeRegistry - Adding type registration big_decimal -> org.hibernate.type.BigDecimalType@42435b98
2021-11-21T23:53:16,936|[DEBUG] BasicTypeRegistry - Adding type registration java.math.BigDecimal -> org.hibernate.type.BigDecimalType@42435b98
2021-11-21T23:53:16,936|[DEBUG] BasicTypeRegistry - Adding type registration big_integer -> org.hibernate.type.BigIntegerType@cb0f763
2021-11-21T23:53:16,936|[DEBUG] BasicTypeRegistry - Adding type registration java.math.BigInteger -> org.hibernate.type.BigIntegerType@cb0f763
2021-11-21T23:53:16,937|[DEBUG] BasicTypeRegistry - Adding type registration string -> org.hibernate.type.StringType@795fd838
2021-11-21T23:53:16,937|[DEBUG] BasicTypeRegistry - Adding type registration java.lang.String -> org.hibernate.type.StringType@795fd838
2021-11-21T23:53:16,937|[DEBUG] BasicTypeRegistry - Adding type registration nstring -> org.hibernate.type.StringNVarcharType@1704f67f
2021-11-21T23:53:16,937|[DEBUG] BasicTypeRegistry - Adding type registration ncharacter -> org.hibernate.type.CharacterNCharType@257cc1fc
2021-11-21T23:53:16,938|[DEBUG] BasicTypeRegistry - Adding type registration url -> org.hibernate.type.UrlType@61c76850
2021-11-21T23:53:16,938|[DEBUG] BasicTypeRegistry - Adding type registration java.net.URL -> org.hibernate.type.UrlType@61c76850
2021-11-21T23:53:16,938|[DEBUG] BasicTypeRegistry - Adding type registration Duration -> org.hibernate.type.DurationType@2d746ce4
2021-11-21T23:53:16,938|[DEBUG] BasicTypeRegistry - Adding type registration java.time.Duration -> org.hibernate.type.DurationType@2d746ce4
2021-11-21T23:53:16,943|[DEBUG] BasicTypeRegistry - Adding type registration Instant -> org.hibernate.type.InstantType@3ac04654
2021-11-21T23:53:16,944|[DEBUG] BasicTypeRegistry - Adding type registration java.time.Instant -> org.hibernate.type.InstantType@3ac04654
2021-11-21T23:53:16,945|[DEBUG] BasicTypeRegistry - Adding type registration LocalDateTime -> org.hibernate.type.LocalDateTimeType@562457e1
2021-11-21T23:53:16,945|[DEBUG] BasicTypeRegistry - Adding type registration java.time.LocalDateTime -> org.hibernate.type.LocalDateTimeType@562457e1
2021-11-21T23:53:16,945|[DEBUG] BasicTypeRegistry - Adding type registration LocalDate -> org.hibernate.type.LocalDateType@3721177d
2021-11-21T23:53:16,946|[DEBUG] BasicTypeRegistry - Adding type registration java.time.LocalDate -> org.hibernate.type.LocalDateType@3721177d
2021-11-21T23:53:16,946|[DEBUG] BasicTypeRegistry - Adding type registration LocalTime -> org.hibernate.type.LocalTimeType@630d1b2f
2021-11-21T23:53:16,946|[DEBUG] BasicTypeRegistry - Adding type registration java.time.LocalTime -> org.hibernate.type.LocalTimeType@630d1b2f
2021-11-21T23:53:16,947|[DEBUG] BasicTypeRegistry - Adding type registration OffsetDateTime -> org.hibernate.type.OffsetDateTimeType@4c2869a9
2021-11-21T23:53:16,947|[DEBUG] BasicTypeRegistry - Adding type registration java.time.OffsetDateTime -> org.hibernate.type.OffsetDateTimeType@4c2869a9
2021-11-21T23:53:16,948|[DEBUG] BasicTypeRegistry - Adding type registration OffsetTime -> org.hibernate.type.OffsetTimeType@35835fa
2021-11-21T23:53:16,948|[DEBUG] BasicTypeRegistry - Adding type registration java.time.OffsetTime -> org.hibernate.type.OffsetTimeType@35835fa
2021-11-21T23:53:16,949|[DEBUG] BasicTypeRegistry - Adding type registration ZonedDateTime -> org.hibernate.type.ZonedDateTimeType@621f89b8
2021-11-21T23:53:16,949|[DEBUG] BasicTypeRegistry - Adding type registration java.time.ZonedDateTime -> org.hibernate.type.ZonedDateTimeType@621f89b8
2021-11-21T23:53:16,949|[DEBUG] BasicTypeRegistry - Adding type registration date -> org.hibernate.type.DateType@35ff8fc9
2021-11-21T23:53:16,949|[DEBUG] BasicTypeRegistry - Adding type registration java.sql.Date -> org.hibernate.type.DateType@35ff8fc9
2021-11-21T23:53:16,950|[DEBUG] BasicTypeRegistry - Adding type registration time -> org.hibernate.type.TimeType@6e106680
2021-11-21T23:53:16,950|[DEBUG] BasicTypeRegistry - Adding type registration java.sql.Time -> org.hibernate.type.TimeType@6e106680
2021-11-21T23:53:16,951|[DEBUG] BasicTypeRegistry - Adding type registration timestamp -> org.hibernate.type.TimestampType@159a48a6
2021-11-21T23:53:16,951|[DEBUG] BasicTypeRegistry - Adding type registration java.sql.Timestamp -> org.hibernate.type.TimestampType@159a48a6
2021-11-21T23:53:16,951|[DEBUG] BasicTypeRegistry - Adding type registration java.util.Date -> org.hibernate.type.TimestampType@159a48a6
2021-11-21T23:53:16,952|[DEBUG] BasicTypeRegistry - Adding type registration dbtimestamp -> org.hibernate.type.DbTimestampType@7fc645e4
2021-11-21T23:53:16,952|[DEBUG] BasicTypeRegistry - Adding type registration calendar -> org.hibernate.type.CalendarType@3104f7bd
2021-11-21T23:53:16,952|[DEBUG] BasicTypeRegistry - Adding type registration java.util.Calendar -> org.hibernate.type.CalendarType@3104f7bd
2021-11-21T23:53:16,952|[DEBUG] BasicTypeRegistry - Adding type registration java.util.GregorianCalendar -> org.hibernate.type.CalendarType@3104f7bd
2021-11-21T23:53:16,952|[DEBUG] BasicTypeRegistry - Adding type registration calendar_date -> org.hibernate.type.CalendarDateType@258ee7de
2021-11-21T23:53:16,953|[DEBUG] BasicTypeRegistry - Adding type registration calendar_time -> org.hibernate.type.CalendarTimeType@256a1825
2021-11-21T23:53:16,953|[DEBUG] BasicTypeRegistry - Adding type registration locale -> org.hibernate.type.LocaleType@2b556bb2
2021-11-21T23:53:16,953|[DEBUG] BasicTypeRegistry - Adding type registration java.util.Locale -> org.hibernate.type.LocaleType@2b556bb2
2021-11-21T23:53:16,954|[DEBUG] BasicTypeRegistry - Adding type registration currency -> org.hibernate.type.CurrencyType@57d0fc89
2021-11-21T23:53:16,954|[DEBUG] BasicTypeRegistry - Adding type registration java.util.Currency -> org.hibernate.type.CurrencyType@57d0fc89
2021-11-21T23:53:16,954|[DEBUG] BasicTypeRegistry - Adding type registration timezone -> org.hibernate.type.TimeZoneType@29ea78b1
2021-11-21T23:53:16,954|[DEBUG] BasicTypeRegistry - Adding type registration java.util.TimeZone -> org.hibernate.type.TimeZoneType@29ea78b1
2021-11-21T23:53:16,955|[DEBUG] BasicTypeRegistry - Adding type registration class -> org.hibernate.type.ClassType@377008df
2021-11-21T23:53:16,955|[DEBUG] BasicTypeRegistry - Adding type registration java.lang.Class -> org.hibernate.type.ClassType@377008df
2021-11-21T23:53:16,955|[DEBUG] BasicTypeRegistry - Adding type registration uuid-binary -> org.hibernate.type.UUIDBinaryType@5a67e962
2021-11-21T23:53:16,955|[DEBUG] BasicTypeRegistry - Adding type registration java.util.UUID -> org.hibernate.type.UUIDBinaryType@5a67e962
2021-11-21T23:53:16,956|[DEBUG] BasicTypeRegistry - Adding type registration uuid-char -> org.hibernate.type.UUIDCharType@42f9c19a
2021-11-21T23:53:16,956|[DEBUG] BasicTypeRegistry - Adding type registration binary -> org.hibernate.type.BinaryType@2ba33e2c
2021-11-21T23:53:16,956|[DEBUG] BasicTypeRegistry - Adding type registration byte[] -> org.hibernate.type.BinaryType@2ba33e2c
2021-11-21T23:53:16,956|[DEBUG] BasicTypeRegistry - Adding type registration [B -> org.hibernate.type.BinaryType@2ba33e2c
2021-11-21T23:53:16,957|[DEBUG] BasicTypeRegistry - Adding type registration wrapper-binary -> org.hibernate.type.WrapperBinaryType@629ae7e
2021-11-21T23:53:16,957|[DEBUG] BasicTypeRegistry - Adding type registration Byte[] -> org.hibernate.type.WrapperBinaryType@629ae7e
2021-11-21T23:53:16,957|[DEBUG] BasicTypeRegistry - Adding type registration [Ljava.lang.Byte; -> org.hibernate.type.WrapperBinaryType@629ae7e
2021-11-21T23:53:16,957|[DEBUG] BasicTypeRegistry - Adding type registration row_version -> org.hibernate.type.RowVersionType@42fcc7e6
2021-11-21T23:53:16,957|[DEBUG] BasicTypeRegistry - Adding type registration image -> org.hibernate.type.ImageType@5ce4369b
2021-11-21T23:53:16,958|[DEBUG] BasicTypeRegistry - Adding type registration characters -> org.hibernate.type.CharArrayType@73017a80
2021-11-21T23:53:16,958|[DEBUG] BasicTypeRegistry - Adding type registration char[] -> org.hibernate.type.CharArrayType@73017a80
2021-11-21T23:53:16,958|[DEBUG] BasicTypeRegistry - Adding type registration [C -> org.hibernate.type.CharArrayType@73017a80
2021-11-21T23:53:16,958|[DEBUG] BasicTypeRegistry - Adding type registration wrapper-characters -> org.hibernate.type.CharacterArrayType@5c0f79f0
2021-11-21T23:53:16,958|[DEBUG] BasicTypeRegistry - Adding type registration [Ljava.lang.Character; -> org.hibernate.type.CharacterArrayType@5c0f79f0
2021-11-21T23:53:16,959|[DEBUG] BasicTypeRegistry - Adding type registration Character[] -> org.hibernate.type.CharacterArrayType@5c0f79f0
2021-11-21T23:53:16,959|[DEBUG] BasicTypeRegistry - Adding type registration text -> org.hibernate.type.TextType@29a69a35
2021-11-21T23:53:16,959|[DEBUG] BasicTypeRegistry - Adding type registration ntext -> org.hibernate.type.NTextType@108bdbd8
2021-11-21T23:53:16,960|[DEBUG] BasicTypeRegistry - Adding type registration blob -> org.hibernate.type.BlobType@58a120b0
2021-11-21T23:53:16,960|[DEBUG] BasicTypeRegistry - Adding type registration java.sql.Blob -> org.hibernate.type.BlobType@58a120b0
2021-11-21T23:53:16,960|[DEBUG] BasicTypeRegistry - Adding type registration materialized_blob -> org.hibernate.type.MaterializedBlobType@58a4a74d
2021-11-21T23:53:16,960|[DEBUG] BasicTypeRegistry - Adding type registration clob -> org.hibernate.type.ClobType@421a4ee1
2021-11-21T23:53:16,960|[DEBUG] BasicTypeRegistry - Adding type registration java.sql.Clob -> org.hibernate.type.ClobType@421a4ee1
2021-11-21T23:53:16,961|[DEBUG] BasicTypeRegistry - Adding type registration nclob -> org.hibernate.type.NClobType@234a8f27
2021-11-21T23:53:16,961|[DEBUG] BasicTypeRegistry - Adding type registration java.sql.NClob -> org.hibernate.type.NClobType@234a8f27
2021-11-21T23:53:16,961|[DEBUG] BasicTypeRegistry - Adding type registration materialized_clob -> org.hibernate.type.MaterializedClobType@6a0659ac
2021-11-21T23:53:16,961|[DEBUG] BasicTypeRegistry - Adding type registration materialized_nclob -> org.hibernate.type.MaterializedNClobType@2f61f937
2021-11-21T23:53:16,962|[DEBUG] BasicTypeRegistry - Adding type registration serializable -> org.hibernate.type.SerializableType@37b72ea
2021-11-21T23:53:16,963|[DEBUG] BasicTypeRegistry - Adding type registration object -> org.hibernate.type.ObjectType@21a66d45
2021-11-21T23:53:16,963|[DEBUG] BasicTypeRegistry - Adding type registration java.lang.Object -> org.hibernate.type.ObjectType@21a66d45
2021-11-21T23:53:16,964|[DEBUG] BasicTypeRegistry - Adding type registration imm_date -> org.hibernate.type.AdaptedImmutableType@66f659e6
2021-11-21T23:53:16,964|[DEBUG] BasicTypeRegistry - Adding type registration imm_time -> org.hibernate.type.AdaptedImmutableType@4a68135e
2021-11-21T23:53:16,964|[DEBUG] BasicTypeRegistry - Adding type registration imm_timestamp -> org.hibernate.type.AdaptedImmutableType@46678e49
2021-11-21T23:53:16,964|[DEBUG] BasicTypeRegistry - Adding type registration imm_dbtimestamp -> org.hibernate.type.AdaptedImmutableType@748e9b20
2021-11-21T23:53:16,964|[DEBUG] BasicTypeRegistry - Adding type registration imm_calendar -> org.hibernate.type.AdaptedImmutableType@2063c53e
2021-11-21T23:53:16,964|[DEBUG] BasicTypeRegistry - Adding type registration imm_calendar_date -> org.hibernate.type.AdaptedImmutableType@2a9bc08f
2021-11-21T23:53:16,964|[DEBUG] BasicTypeRegistry - Adding type registration imm_binary -> org.hibernate.type.AdaptedImmutableType@50f40653
2021-11-21T23:53:16,964|[DEBUG] BasicTypeRegistry - Adding type registration imm_serializable -> org.hibernate.type.AdaptedImmutableType@50a3d0f6
2021-11-21T23:53:16,969|[TRACE] AbstractServiceRegistryImpl - Initializing service [role=org.hibernate.boot.cfgxml.spi.CfgXmlAccessService]
2021-11-21T23:53:16,971|[DEBUG] BootstrapContextImpl - Injecting ScanEnvironment [org.hibernate.jpa.boot.internal.StandardJpaScanEnvironmentImpl@46d9aec8] into BootstrapContext; was [null]
2021-11-21T23:53:16,972|[DEBUG] BootstrapContextImpl - Injecting ScanOptions [org.hibernate.boot.archive.scan.internal.StandardScanOptions@14379273] into BootstrapContext; was [org.hibernate.boot.archive.scan.internal.StandardScanOptions@7918c7f8]
2021-11-21T23:53:17,015|[DEBUG] BootstrapContextImpl - Injecting JPA temp ClassLoader [null] into BootstrapContext; was [null]
2021-11-21T23:53:17,015|[DEBUG] ClassLoaderAccessImpl - ClassLoaderAccessImpl#injectTempClassLoader(null) [was null]
2021-11-21T23:53:17,020|[TRACE] AbstractServiceRegistryImpl - Initializing service [role=org.hibernate.id.factory.spi.MutableIdentifierGeneratorFactory]
2021-11-21T23:53:17,020|[DEBUG] DefaultIdentifierGeneratorFactory - Registering IdentifierGenerator strategy [uuid2] -> [org.hibernate.id.UUIDGenerator]
2021-11-21T23:53:17,021|[DEBUG] DefaultIdentifierGeneratorFactory - Registering IdentifierGenerator strategy [guid] -> [org.hibernate.id.GUIDGenerator]
2021-11-21T23:53:17,021|[DEBUG] DefaultIdentifierGeneratorFactory - Registering IdentifierGenerator strategy [uuid] -> [org.hibernate.id.UUIDHexGenerator]
2021-11-21T23:53:17,021|[DEBUG] DefaultIdentifierGeneratorFactory - Registering IdentifierGenerator strategy [uuid.hex] -> [org.hibernate.id.UUIDHexGenerator]
2021-11-21T23:53:17,021|[DEBUG] DefaultIdentifierGeneratorFactory - Registering IdentifierGenerator strategy [assigned] -> [org.hibernate.id.Assigned]
2021-11-21T23:53:17,021|[DEBUG] DefaultIdentifierGeneratorFactory - Registering IdentifierGenerator strategy [identity] -> [org.hibernate.id.IdentityGenerator]
2021-11-21T23:53:17,022|[DEBUG] DefaultIdentifierGeneratorFactory - Registering IdentifierGenerator strategy [select] -> [org.hibernate.id.SelectGenerator]
2021-11-21T23:53:17,022|[DEBUG] DefaultIdentifierGeneratorFactory - Registering IdentifierGenerator strategy [sequence] -> [org.hibernate.id.enhanced.SequenceStyleGenerator]
2021-11-21T23:53:17,023|[DEBUG] DefaultIdentifierGeneratorFactory - Registering IdentifierGenerator strategy [seqhilo] -> [org.hibernate.id.SequenceHiLoGenerator]
2021-11-21T23:53:17,023|[DEBUG] DefaultIdentifierGeneratorFactory - Registering IdentifierGenerator strategy [increment] -> [org.hibernate.id.IncrementGenerator]
2021-11-21T23:53:17,023|[DEBUG] DefaultIdentifierGeneratorFactory - Registering IdentifierGenerator strategy [foreign] -> [org.hibernate.id.ForeignGenerator]
2021-11-21T23:53:17,023|[DEBUG] DefaultIdentifierGeneratorFactory - Registering IdentifierGenerator strategy [sequence-identity] -> [org.hibernate.id.SequenceIdentityGenerator]
2021-11-21T23:53:17,023|[DEBUG] DefaultIdentifierGeneratorFactory - Registering IdentifierGenerator strategy [enhanced-sequence] -> [org.hibernate.id.enhanced.SequenceStyleGenerator]
2021-11-21T23:53:17,024|[DEBUG] DefaultIdentifierGeneratorFactory - Registering IdentifierGenerator strategy [enhanced-table] -> [org.hibernate.id.enhanced.TableGenerator]
2021-11-21T23:53:17,024|[TRACE] AbstractServiceRegistryImpl - Initializing service [role=org.hibernate.engine.jdbc.env.spi.JdbcEnvironment]
2021-11-21T23:53:17,024|[TRACE] AbstractServiceRegistryImpl - Initializing service [role=org.hibernate.engine.jdbc.dialect.spi.DialectFactory]
2021-11-21T23:53:17,024|[TRACE] AbstractServiceRegistryImpl - Initializing service [role=org.hibernate.engine.jdbc.dialect.spi.DialectResolver]
2021-11-21T23:53:17,025|[TRACE] AbstractServiceRegistryImpl - Initializing service [role=org.hibernate.engine.jdbc.connections.spi.ConnectionProvider]
2021-11-21T23:53:17,026|[WARN ] pooling - HHH10001002: Using Hibernate built-in connection pool (not for production use!)
2021-11-21T23:53:17,030|[INFO ] pooling - HHH10001005: using driver [com.mysql.cj.jdbc.Driver] at URL [jdbc:mysql://localhost:3306/bloodbank?createDatabaseIfNotExist=true&zeroDateTimeBehavior=convertToNull]
2021-11-21T23:53:17,031|[INFO ] pooling - HHH10001001: Connection properties: {password=8277, user=cst8277}
2021-11-21T23:53:17,031|[INFO ] pooling - HHH10001003: Autocommit mode: false
2021-11-21T23:53:17,032|[DEBUG] DriverManagerConnectionProviderImpl - Initializing Connection pool with 1 Connections
2021-11-21T23:53:17,032|[INFO ] DriverManagerConnectionProviderImpl - HHH000115: Hibernate connection pool size: 20 (min=1)
2021-11-21T23:53:17,285|[DEBUG] JdbcEnvironmentInitiator - Database ->
       name : MySQL
    version : 8.0.26
      major : 8
      minor : 0
2021-11-21T23:53:17,285|[DEBUG] JdbcEnvironmentInitiator - Driver ->
       name : MySQL Connector/J
    version : mysql-connector-java-8.0.23 (Revision: 18bbd5e68195d0da083cbd5bd0d05d76320df7cd)
      major : 8
      minor : 0
2021-11-21T23:53:17,285|[DEBUG] JdbcEnvironmentInitiator - JDBC version : 4.2
2021-11-21T23:53:17,291|[INFO ] Dialect - HHH000400: Using dialect: org.hibernate.dialect.MySQL8Dialect
2021-11-21T23:53:17,298|[DEBUG] IdentifierHelperBuilder - JDBC driver metadata reported database stores quoted identifiers in more than one case
2021-11-21T23:53:17,320|[DEBUG] IdentifierHelperBuilder - IdentifierCaseStrategy for both quoted and unquoted identifiers was set to the same strategy [LOWER]; that will likely lead to problems in schema update and validation if using quoted identifiers
2021-11-21T23:53:17,329|[TRACE] NormalizingIdentifierHelperImpl - Normalizing identifier quoting [bloodbank]
2021-11-21T23:53:17,329|[TRACE] NormalizingIdentifierHelperImpl - Normalizing identifier quoting [null]
2021-11-21T23:53:17,335|[TRACE] AbstractServiceRegistryImpl - Initializing service [role=org.hibernate.engine.jdbc.spi.JdbcServices]
2021-11-21T23:53:17,337|[DEBUG] Namespace - Created database namespace [logicalName=Name{catalog=null, schema=null}, physicalName=Name{catalog=null, schema=null}]
2021-11-21T23:53:17,339|[DEBUG] TypeConfiguration$Scope - Scoping TypeConfiguration [org.hibernate.type.spi.TypeConfiguration@35f3a22c] to MetadataBuildingContext [org.hibernate.boot.internal.MetadataBuildingContextRootImpl@1a0c5e9]
2021-11-21T23:53:17,378|[DEBUG] AnnotationBinder - Binding entity from annotated class: bloodbank.entity.Contact
2021-11-21T23:53:17,384|[DEBUG] QueryBinder - Binding named query: Contact.findAll => SELECT c FROM Contact c
2021-11-21T23:53:17,387|[TRACE] NormalizingIdentifierHelperImpl - Normalizing identifier quoting [DTYPE]
2021-11-21T23:53:17,387|[DEBUG] Ejb3Column - Binding column: Ejb3DiscriminatorColumn{logicalColumnName'DTYPE', discriminatorTypeName='string'}
2021-11-21T23:53:17,389|[DEBUG] EntityBinder - Import with entity name Contact
2021-11-21T23:53:17,389|[TRACE] InFlightMetadataCollectorImpl - Import: Contact -> bloodbank.entity.Contact
2021-11-21T23:53:17,389|[TRACE] InFlightMetadataCollectorImpl - Import: bloodbank.entity.Contact -> bloodbank.entity.Contact
2021-11-21T23:53:17,389|[TRACE] NormalizingIdentifierHelperImpl - Normalizing identifier quoting [contact]
2021-11-21T23:53:17,389|[TRACE] NormalizingIdentifierHelperImpl - Normalizing identifier quoting [contact]
2021-11-21T23:53:17,390|[DEBUG] EntityBinder - Bind entity bloodbank.entity.Contact on table contact
2021-11-21T23:53:17,402|[TRACE] AnnotationBinder - Processing annotations of bloodbank.entity.Contact.id
2021-11-21T23:53:17,404|[TRACE] NormalizingIdentifierHelperImpl - Normalizing identifier quoting [id]
2021-11-21T23:53:17,404|[TRACE] NormalizingIdentifierHelperImpl - Normalizing identifier quoting [id]
2021-11-21T23:53:17,404|[DEBUG] Ejb3Column - Binding column: Ejb3Column{table=org.hibernate.mapping.Table(contact), mappingColumn=id, insertable=true, updatable=true, unique=false}
2021-11-21T23:53:17,406|[DEBUG] ClassLoaderAccessImpl - Not known whether passed class name [bloodbank.entity.Contact] is safe
2021-11-21T23:53:17,406|[DEBUG] ClassLoaderAccessImpl - No temp ClassLoader provided; using live ClassLoader for loading potentially unsafe class : bloodbank.entity.Contact
2021-11-21T23:53:17,407|[TRACE] AnnotationBinder - Binding component with path: bloodbank.entity.Contact.id
2021-11-21T23:53:17,408|[TRACE] AnnotationBinder - Processing annotations of bloodbank.entity.ContactPK.personId
2021-11-21T23:53:17,408|[TRACE] NormalizingIdentifierHelperImpl - Normalizing identifier quoting [person_id]
2021-11-21T23:53:17,408|[TRACE] NormalizingIdentifierHelperImpl - Normalizing identifier quoting [person_id]
2021-11-21T23:53:17,408|[DEBUG] Ejb3Column - Binding column: Ejb3Column{table=org.hibernate.mapping.Table(contact), mappingColumn=person_id, insertable=true, updatable=true, unique=false}
2021-11-21T23:53:17,412|[TRACE] NormalizingIdentifierHelperImpl - Normalizing identifier quoting [person_id]
2021-11-21T23:53:17,412|[DEBUG] Ejb3Column - Binding column: Ejb3JoinColumn{logicalColumnName='person_id', referencedColumn='id', mappedBy=''}
2021-11-21T23:53:17,413|[DEBUG] PropertyBinder - MetadataSourceProcessor property personId with lazy=false
2021-11-21T23:53:17,413|[DEBUG] AbstractPropertyHolder - Attempting to locate auto-apply AttributeConverter for property [bloodbank.entity.Contact.id:personId]
2021-11-21T23:53:17,414|[DEBUG] SimpleValueBinder - building SimpleValue for personId
2021-11-21T23:53:17,414|[TRACE] NormalizingIdentifierHelperImpl - Normalizing identifier quoting [person_id]
2021-11-21T23:53:17,414|[TRACE] NormalizingIdentifierHelperImpl - Normalizing identifier quoting [id]
2021-11-21T23:53:17,415|[TRACE] NormalizingIdentifierHelperImpl - Normalizing identifier quoting [person_id]
2021-11-21T23:53:17,415|[TRACE] NormalizingIdentifierHelperImpl - Normalizing identifier quoting [person_id]
2021-11-21T23:53:17,415|[DEBUG] PropertyBinder - Building property personId
2021-11-21T23:53:17,416|[TRACE] PropertyBinder - Cascading personId with null
2021-11-21T23:53:17,416|[DEBUG] BinderHelper - #makeIdGenerator(org.hibernate.mapping.SimpleValue([org.hibernate.mapping.Column(person_id)]), personId, foreign, Hibernate-local--foreign generator, ...)
2021-11-21T23:53:17,417|[TRACE] AnnotationBinder - Processing annotations of bloodbank.entity.ContactPK.phoneId
2021-11-21T23:53:17,417|[TRACE] NormalizingIdentifierHelperImpl - Normalizing identifier quoting [phone_id]
2021-11-21T23:53:17,417|[TRACE] NormalizingIdentifierHelperImpl - Normalizing identifier quoting [phone_id]
2021-11-21T23:53:17,417|[DEBUG] Ejb3Column - Binding column: Ejb3Column{table=org.hibernate.mapping.Table(contact), mappingColumn=phone_id, insertable=true, updatable=true, unique=false}
2021-11-21T23:53:17,418|[TRACE] NormalizingIdentifierHelperImpl - Normalizing identifier quoting [phone_id]
2021-11-21T23:53:17,418|[DEBUG] Ejb3Column - Binding column: Ejb3JoinColumn{logicalColumnName='phone_id', referencedColumn='phone_id', mappedBy=''}
2021-11-21T23:53:17,418|[DEBUG] PropertyBinder - MetadataSourceProcessor property phoneId with lazy=false
2021-11-21T23:53:17,418|[DEBUG] AbstractPropertyHolder - Attempting to locate auto-apply AttributeConverter for property [bloodbank.entity.Contact.id:phoneId]
2021-11-21T23:53:17,418|[DEBUG] SimpleValueBinder - building SimpleValue for phoneId
2021-11-21T23:53:17,418|[TRACE] NormalizingIdentifierHelperImpl - Normalizing identifier quoting [phone_id]
2021-11-21T23:53:17,418|[TRACE] NormalizingIdentifierHelperImpl - Normalizing identifier quoting [phone_id]
2021-11-21T23:53:17,418|[TRACE] NormalizingIdentifierHelperImpl - Normalizing identifier quoting [phone_id]
2021-11-21T23:53:17,418|[TRACE] NormalizingIdentifierHelperImpl - Normalizing identifier quoting [phone_id]
2021-11-21T23:53:17,418|[DEBUG] PropertyBinder - Building property phoneId
2021-11-21T23:53:17,418|[TRACE] PropertyBinder - Cascading phoneId with null
2021-11-21T23:53:17,418|[DEBUG] BinderHelper - #makeIdGenerator(org.hibernate.mapping.SimpleValue([org.hibernate.mapping.Column(phone_id)]), phoneId, foreign, Hibernate-local--foreign generator, ...)
2021-11-21T23:53:17,418|[DEBUG] PropertyBinder - Building property id
2021-11-21T23:53:17,418|[TRACE] PropertyBinder - Cascading id with null
2021-11-21T23:53:17,418|[DEBUG] BinderHelper - #makeIdGenerator(org.hibernate.mapping.Component([org.hibernate.mapping.Property(personId), org.hibernate.mapping.Property(phoneId)]), id, assigned, , ...)
2021-11-21T23:53:17,419|[TRACE] AnnotationBinder - Bind @EmbeddedId on id
2021-11-21T23:53:17,419|[TRACE] AnnotationBinder - Processing annotations of bloodbank.entity.Contact.epochCreated
2021-11-21T23:53:17,419|[TRACE] NormalizingIdentifierHelperImpl - Normalizing identifier quoting [created]
2021-11-21T23:53:17,419|[TRACE] NormalizingIdentifierHelperImpl - Normalizing identifier quoting [created]
2021-11-21T23:53:17,419|[DEBUG] Ejb3Column - Binding column: Ejb3Column{table=org.hibernate.mapping.Table(contact), mappingColumn=created, insertable=true, updatable=true, unique=false}
2021-11-21T23:53:17,419|[DEBUG] PropertyBinder - MetadataSourceProcessor property epochCreated with lazy=false
2021-11-21T23:53:17,419|[DEBUG] AbstractPropertyHolder - Attempting to locate auto-apply AttributeConverter for property [bloodbank.entity.Contact:epochCreated]
2021-11-21T23:53:17,419|[DEBUG] SimpleValueBinder - building SimpleValue for epochCreated
2021-11-21T23:53:17,419|[TRACE] NormalizingIdentifierHelperImpl - Normalizing identifier quoting [created]
2021-11-21T23:53:17,419|[DEBUG] PropertyBinder - Building property epochCreated
2021-11-21T23:53:17,419|[TRACE] PropertyBinder - Cascading epochCreated with null
2021-11-21T23:53:17,419|[TRACE] AnnotationBinder - Processing annotations of bloodbank.entity.Contact.epochUpdated
2021-11-21T23:53:17,419|[TRACE] NormalizingIdentifierHelperImpl - Normalizing identifier quoting [updated]
2021-11-21T23:53:17,419|[TRACE] NormalizingIdentifierHelperImpl - Normalizing identifier quoting [updated]
2021-11-21T23:53:17,419|[DEBUG] Ejb3Column - Binding column: Ejb3Column{table=org.hibernate.mapping.Table(contact), mappingColumn=updated, insertable=true, updatable=true, unique=false}
2021-11-21T23:53:17,420|[DEBUG] PropertyBinder - MetadataSourceProcessor property epochUpdated with lazy=false
2021-11-21T23:53:17,420|[DEBUG] AbstractPropertyHolder - Attempting to locate auto-apply AttributeConverter for property [bloodbank.entity.Contact:epochUpdated]
2021-11-21T23:53:17,420|[DEBUG] SimpleValueBinder - building SimpleValue for epochUpdated
2021-11-21T23:53:17,420|[TRACE] NormalizingIdentifierHelperImpl - Normalizing identifier quoting [updated]
2021-11-21T23:53:17,420|[DEBUG] PropertyBinder - Building property epochUpdated
2021-11-21T23:53:17,420|[TRACE] PropertyBinder - Cascading epochUpdated with null
2021-11-21T23:53:17,420|[TRACE] AnnotationBinder - Processing annotations of bloodbank.entity.Contact.version
2021-11-21T23:53:17,420|[TRACE] NormalizingIdentifierHelperImpl - Normalizing identifier quoting [version]
2021-11-21T23:53:17,420|[TRACE] NormalizingIdentifierHelperImpl - Normalizing identifier quoting [version]
2021-11-21T23:53:17,420|[DEBUG] Ejb3Column - Binding column: Ejb3Column{table=org.hibernate.mapping.Table(contact), mappingColumn=version, insertable=true, updatable=true, unique=false}
2021-11-21T23:53:17,420|[TRACE] AnnotationBinder - version is a version property
2021-11-21T23:53:17,420|[DEBUG] PropertyBinder - MetadataSourceProcessor property version with lazy=false
2021-11-21T23:53:17,420|[DEBUG] AbstractPropertyHolder - Attempting to locate auto-apply AttributeConverter for property [bloodbank.entity.Contact:version]
2021-11-21T23:53:17,420|[DEBUG] SimpleValueBinder - building SimpleValue for version
2021-11-21T23:53:17,420|[TRACE] NormalizingIdentifierHelperImpl - Normalizing identifier quoting [version]
2021-11-21T23:53:17,421|[TRACE] NormalizingIdentifierHelperImpl - Normalizing identifier quoting [version]
2021-11-21T23:53:17,421|[TRACE] NormalizingIdentifierHelperImpl - Normalizing identifier quoting [version]
2021-11-21T23:53:17,421|[DEBUG] PropertyBinder - Building property version
2021-11-21T23:53:17,421|[TRACE] PropertyBinder - Cascading version with null
2021-11-21T23:53:17,421|[TRACE] AnnotationBinder - Version name: version, unsavedValue: undefined
2021-11-21T23:53:17,421|[TRACE] AnnotationBinder - Processing annotations of bloodbank.entity.Contact.address
2021-11-21T23:53:17,421|[TRACE] NormalizingIdentifierHelperImpl - Normalizing identifier quoting [address_id]
2021-11-21T23:53:17,421|[DEBUG] Ejb3Column - Binding column: Ejb3JoinColumn{logicalColumnName='address_id', referencedColumn='address_id', mappedBy=''}
2021-11-21T23:53:17,421|[TRACE] NormalizingIdentifierHelperImpl - Normalizing identifier quoting [address]
2021-11-21T23:53:17,421|[TRACE] NormalizingIdentifierHelperImpl - Normalizing identifier quoting [address]
2021-11-21T23:53:17,421|[DEBUG] Ejb3Column - Binding column: Ejb3Column{table=org.hibernate.mapping.Table(contact), mappingColumn=address, insertable=true, updatable=true, unique=false}
2021-11-21T23:53:17,423|[DEBUG] PropertyBinder - Building property address
2021-11-21T23:53:17,423|[TRACE] PropertyBinder - Cascading address with all
2021-11-21T23:53:17,423|[TRACE] AnnotationBinder - Processing annotations of bloodbank.entity.Contact.contactType
2021-11-21T23:53:17,423|[TRACE] NormalizingIdentifierHelperImpl - Normalizing identifier quoting [contact_type]
2021-11-21T23:53:17,423|[TRACE] NormalizingIdentifierHelperImpl - Normalizing identifier quoting [contact_type]
2021-11-21T23:53:17,423|[DEBUG] Ejb3Column - Binding column: Ejb3Column{table=org.hibernate.mapping.Table(contact), mappingColumn=contact_type, insertable=true, updatable=true, unique=false}
2021-11-21T23:53:17,423|[DEBUG] PropertyBinder - MetadataSourceProcessor property contactType with lazy=false
2021-11-21T23:53:17,423|[DEBUG] AbstractPropertyHolder - Attempting to locate auto-apply AttributeConverter for property [bloodbank.entity.Contact:contactType]
2021-11-21T23:53:17,423|[DEBUG] SimpleValueBinder - building SimpleValue for contactType
2021-11-21T23:53:17,423|[TRACE] NormalizingIdentifierHelperImpl - Normalizing identifier quoting [contact_type]
2021-11-21T23:53:17,423|[DEBUG] PropertyBinder - Building property contactType
2021-11-21T23:53:17,423|[TRACE] PropertyBinder - Cascading contactType with null
2021-11-21T23:53:17,424|[TRACE] AnnotationBinder - Processing annotations of bloodbank.entity.Contact.email
2021-11-21T23:53:17,424|[TRACE] NormalizingIdentifierHelperImpl - Normalizing identifier quoting [email]
2021-11-21T23:53:17,424|[TRACE] NormalizingIdentifierHelperImpl - Normalizing identifier quoting [email]
2021-11-21T23:53:17,424|[DEBUG] Ejb3Column - Binding column: Ejb3Column{table=org.hibernate.mapping.Table(contact), mappingColumn=email, insertable=true, updatable=true, unique=false}
2021-11-21T23:53:17,424|[DEBUG] PropertyBinder - MetadataSourceProcessor property email with lazy=false
2021-11-21T23:53:17,424|[DEBUG] AbstractPropertyHolder - Attempting to locate auto-apply AttributeConverter for property [bloodbank.entity.Contact:email]
2021-11-21T23:53:17,424|[DEBUG] SimpleValueBinder - building SimpleValue for email
2021-11-21T23:53:17,424|[TRACE] NormalizingIdentifierHelperImpl - Normalizing identifier quoting [email]
2021-11-21T23:53:17,424|[DEBUG] PropertyBinder - Building property email
2021-11-21T23:53:17,424|[TRACE] PropertyBinder - Cascading email with null
2021-11-21T23:53:17,424|[TRACE] AnnotationBinder - Processing annotations of bloodbank.entity.Contact.owner
2021-11-21T23:53:17,424|[TRACE] NormalizingIdentifierHelperImpl - Normalizing identifier quoting [person_id]
2021-11-21T23:53:17,424|[DEBUG] Ejb3Column - Binding column: Ejb3JoinColumn{logicalColumnName='person_id', referencedColumn='id', mappedBy=''}
2021-11-21T23:53:17,424|[TRACE] NormalizingIdentifierHelperImpl - Normalizing identifier quoting [owner]
2021-11-21T23:53:17,424|[TRACE] NormalizingIdentifierHelperImpl - Normalizing identifier quoting [owner]
2021-11-21T23:53:17,424|[DEBUG] Ejb3Column - Binding column: Ejb3Column{table=org.hibernate.mapping.Table(contact), mappingColumn=owner, insertable=true, updatable=true, unique=false}
2021-11-21T23:53:17,424|[DEBUG] PropertyBinder - Building property owner
2021-11-21T23:53:17,425|[TRACE] PropertyBinder - Cascading owner with all,persist
2021-11-21T23:53:17,425|[TRACE] AnnotationBinder - Processing annotations of bloodbank.entity.Contact.phone
2021-11-21T23:53:17,425|[TRACE] NormalizingIdentifierHelperImpl - Normalizing identifier quoting [phone_id]
2021-11-21T23:53:17,425|[DEBUG] Ejb3Column - Binding column: Ejb3JoinColumn{logicalColumnName='phone_id', referencedColumn='phone_id', mappedBy=''}
2021-11-21T23:53:17,425|[TRACE] NormalizingIdentifierHelperImpl - Normalizing identifier quoting [phone]
2021-11-21T23:53:17,425|[TRACE] NormalizingIdentifierHelperImpl - Normalizing identifier quoting [phone]
2021-11-21T23:53:17,425|[DEBUG] Ejb3Column - Binding column: Ejb3Column{table=org.hibernate.mapping.Table(contact), mappingColumn=phone, insertable=true, updatable=true, unique=false}
2021-11-21T23:53:17,425|[DEBUG] PropertyBinder - Building property phone
2021-11-21T23:53:17,425|[TRACE] PropertyBinder - Cascading phone with all,persist
2021-11-21T23:53:17,426|[DEBUG] AnnotationBinder - Binding entity from annotated class: bloodbank.entity.Phone
2021-11-21T23:53:17,426|[DEBUG] QueryBinder - Binding named query: Phone.findAll => SELECT p FROM Phone p
2021-11-21T23:53:17,426|[TRACE] NormalizingIdentifierHelperImpl - Normalizing identifier quoting [DTYPE]
2021-11-21T23:53:17,426|[DEBUG] Ejb3Column - Binding column: Ejb3DiscriminatorColumn{logicalColumnName'DTYPE', discriminatorTypeName='string'}
2021-11-21T23:53:17,426|[DEBUG] EntityBinder - Import with entity name Phone
2021-11-21T23:53:17,427|[TRACE] InFlightMetadataCollectorImpl - Import: Phone -> bloodbank.entity.Phone
2021-11-21T23:53:17,427|[TRACE] InFlightMetadataCollectorImpl - Import: bloodbank.entity.Phone -> bloodbank.entity.Phone
2021-11-21T23:53:17,427|[TRACE] NormalizingIdentifierHelperImpl - Normalizing identifier quoting [phone]
2021-11-21T23:53:17,427|[TRACE] NormalizingIdentifierHelperImpl - Normalizing identifier quoting [phone]
2021-11-21T23:53:17,427|[DEBUG] EntityBinder - Bind entity bloodbank.entity.Phone on table phone
2021-11-21T23:53:17,428|[TRACE] AnnotationBinder - Processing annotations of bloodbank.entity.Phone.id
2021-11-21T23:53:17,428|[DEBUG] Ejb3Column - Column(s) overridden for property id
2021-11-21T23:53:17,428|[TRACE] NormalizingIdentifierHelperImpl - Normalizing identifier quoting [phone_id]
2021-11-21T23:53:17,428|[TRACE] NormalizingIdentifierHelperImpl - Normalizing identifier quoting [phone_id]
2021-11-21T23:53:17,428|[DEBUG] Ejb3Column - Binding column: Ejb3Column{table=org.hibernate.mapping.Table(phone), mappingColumn=phone_id, insertable=true, updatable=true, unique=false}
2021-11-21T23:53:17,428|[DEBUG] ClassLoaderAccessImpl - Not known whether passed class name [bloodbank.entity.Phone] is safe
2021-11-21T23:53:17,428|[DEBUG] ClassLoaderAccessImpl - No temp ClassLoader provided; using live ClassLoader for loading potentially unsafe class : bloodbank.entity.Phone
2021-11-21T23:53:17,428|[DEBUG] PropertyBinder - MetadataSourceProcessor property id with lazy=false
2021-11-21T23:53:17,428|[DEBUG] AbstractPropertyHolder - Attempting to locate auto-apply AttributeConverter for property [bloodbank.entity.Phone:id]
2021-11-21T23:53:17,428|[DEBUG] SimpleValueBinder - building SimpleValue for id
2021-11-21T23:53:17,428|[TRACE] NormalizingIdentifierHelperImpl - Normalizing identifier quoting [phone_id]
2021-11-21T23:53:17,428|[DEBUG] PropertyBinder - Building property id
2021-11-21T23:53:17,429|[TRACE] PropertyBinder - Cascading id with null
2021-11-21T23:53:17,429|[DEBUG] BinderHelper - #makeIdGenerator(org.hibernate.mapping.SimpleValue([org.hibernate.mapping.Column(phone_id)]), id, identity, , ...)
2021-11-21T23:53:17,429|[TRACE] AnnotationBinder - Bind @Id on id
2021-11-21T23:53:17,429|[TRACE] AnnotationBinder - Processing annotations of bloodbank.entity.Phone.epochCreated
2021-11-21T23:53:17,429|[TRACE] NormalizingIdentifierHelperImpl - Normalizing identifier quoting [created]
2021-11-21T23:53:17,429|[TRACE] NormalizingIdentifierHelperImpl - Normalizing identifier quoting [created]
2021-11-21T23:53:17,429|[DEBUG] Ejb3Column - Binding column: Ejb3Column{table=org.hibernate.mapping.Table(phone), mappingColumn=created, insertable=true, updatable=true, unique=false}
2021-11-21T23:53:17,430|[DEBUG] PropertyBinder - MetadataSourceProcessor property epochCreated with lazy=false
2021-11-21T23:53:17,430|[DEBUG] AbstractPropertyHolder - Attempting to locate auto-apply AttributeConverter for property [bloodbank.entity.Phone:epochCreated]
2021-11-21T23:53:17,430|[DEBUG] SimpleValueBinder - building SimpleValue for epochCreated
2021-11-21T23:53:17,430|[TRACE] NormalizingIdentifierHelperImpl - Normalizing identifier quoting [created]
2021-11-21T23:53:17,430|[DEBUG] PropertyBinder - Building property epochCreated
2021-11-21T23:53:17,430|[TRACE] PropertyBinder - Cascading epochCreated with null
2021-11-21T23:53:17,430|[TRACE] AnnotationBinder - Processing annotations of bloodbank.entity.Phone.epochUpdated
2021-11-21T23:53:17,430|[TRACE] NormalizingIdentifierHelperImpl - Normalizing identifier quoting [updated]
2021-11-21T23:53:17,430|[TRACE] NormalizingIdentifierHelperImpl - Normalizing identifier quoting [updated]
2021-11-21T23:53:17,430|[DEBUG] Ejb3Column - Binding column: Ejb3Column{table=org.hibernate.mapping.Table(phone), mappingColumn=updated, insertable=true, updatable=true, unique=false}
2021-11-21T23:53:17,430|[DEBUG] PropertyBinder - MetadataSourceProcessor property epochUpdated with lazy=false
2021-11-21T23:53:17,430|[DEBUG] AbstractPropertyHolder - Attempting to locate auto-apply AttributeConverter for property [bloodbank.entity.Phone:epochUpdated]
2021-11-21T23:53:17,431|[DEBUG] SimpleValueBinder - building SimpleValue for epochUpdated
2021-11-21T23:53:17,431|[TRACE] NormalizingIdentifierHelperImpl - Normalizing identifier quoting [updated]
2021-11-21T23:53:17,431|[DEBUG] PropertyBinder - Building property epochUpdated
2021-11-21T23:53:17,431|[TRACE] PropertyBinder - Cascading epochUpdated with null
2021-11-21T23:53:17,431|[TRACE] AnnotationBinder - Processing annotations of bloodbank.entity.Phone.version
2021-11-21T23:53:17,431|[TRACE] NormalizingIdentifierHelperImpl - Normalizing identifier quoting [version]
2021-11-21T23:53:17,431|[TRACE] NormalizingIdentifierHelperImpl - Normalizing identifier quoting [version]
2021-11-21T23:53:17,431|[DEBUG] Ejb3Column - Binding column: Ejb3Column{table=org.hibernate.mapping.Table(phone), mappingColumn=version, insertable=true, updatable=true, unique=false}
2021-11-21T23:53:17,431|[TRACE] AnnotationBinder - version is a version property
2021-11-21T23:53:17,431|[DEBUG] PropertyBinder - MetadataSourceProcessor property version with lazy=false
2021-11-21T23:53:17,431|[DEBUG] AbstractPropertyHolder - Attempting to locate auto-apply AttributeConverter for property [bloodbank.entity.Phone:version]
2021-11-21T23:53:17,431|[DEBUG] SimpleValueBinder - building SimpleValue for version
2021-11-21T23:53:17,431|[TRACE] NormalizingIdentifierHelperImpl - Normalizing identifier quoting [version]
2021-11-21T23:53:17,431|[TRACE] NormalizingIdentifierHelperImpl - Normalizing identifier quoting [version]
2021-11-21T23:53:17,431|[TRACE] NormalizingIdentifierHelperImpl - Normalizing identifier quoting [version]
2021-11-21T23:53:17,431|[DEBUG] PropertyBinder - Building property version
2021-11-21T23:53:17,431|[TRACE] PropertyBinder - Cascading version with null
2021-11-21T23:53:17,432|[TRACE] AnnotationBinder - Version name: version, unsavedValue: undefined
2021-11-21T23:53:17,432|[TRACE] AnnotationBinder - Processing annotations of bloodbank.entity.Phone.areaCode
2021-11-21T23:53:17,432|[TRACE] NormalizingIdentifierHelperImpl - Normalizing identifier quoting [area_code]
2021-11-21T23:53:17,432|[TRACE] NormalizingIdentifierHelperImpl - Normalizing identifier quoting [area_code]
2021-11-21T23:53:17,432|[DEBUG] Ejb3Column - Binding column: Ejb3Column{table=org.hibernate.mapping.Table(phone), mappingColumn=area_code, insertable=true, updatable=true, unique=false}
2021-11-21T23:53:17,432|[DEBUG] PropertyBinder - MetadataSourceProcessor property areaCode with lazy=false
2021-11-21T23:53:17,432|[DEBUG] AbstractPropertyHolder - Attempting to locate auto-apply AttributeConverter for property [bloodbank.entity.Phone:areaCode]
2021-11-21T23:53:17,432|[DEBUG] SimpleValueBinder - building SimpleValue for areaCode
2021-11-21T23:53:17,432|[TRACE] NormalizingIdentifierHelperImpl - Normalizing identifier quoting [area_code]
2021-11-21T23:53:17,432|[DEBUG] PropertyBinder - Building property areaCode
2021-11-21T23:53:17,432|[TRACE] PropertyBinder - Cascading areaCode with null
2021-11-21T23:53:17,432|[TRACE] AnnotationBinder - Processing annotations of bloodbank.entity.Phone.contacts
2021-11-21T23:53:17,432|[TRACE] NormalizingIdentifierHelperImpl - Normalizing identifier quoting [contacts]
2021-11-21T23:53:17,432|[TRACE] NormalizingIdentifierHelperImpl - Normalizing identifier quoting [contacts]
2021-11-21T23:53:17,433|[DEBUG] Ejb3Column - Binding column: Ejb3Column{table=org.hibernate.mapping.Table(phone), mappingColumn=contacts, insertable=false, updatable=false, unique=false}
2021-11-21T23:53:17,433|[DEBUG] Ejb3Column - Binding column: Ejb3JoinColumn{logicalColumnName='null', referencedColumn='null', mappedBy='phone'}
2021-11-21T23:53:17,434|[DEBUG] Ejb3Column - Binding column: Ejb3Column{table=org.hibernate.mapping.Table(phone), mappingColumn=null, insertable=true, updatable=true, unique=false}
2021-11-21T23:53:17,440|[TRACE] NormalizingIdentifierHelperImpl - Normalizing identifier quoting [element]
2021-11-21T23:53:17,440|[TRACE] NormalizingIdentifierHelperImpl - Normalizing identifier quoting [element]
2021-11-21T23:53:17,440|[DEBUG] Ejb3Column - Binding column: Ejb3Column{table=org.hibernate.mapping.Table(phone), mappingColumn=element, insertable=false, updatable=false, unique=false}
2021-11-21T23:53:17,440|[TRACE] NormalizingIdentifierHelperImpl - Normalizing identifier quoting [contacts_KEY]
2021-11-21T23:53:17,440|[DEBUG] Ejb3Column - Binding column: Ejb3Column{table=org.hibernate.mapping.Table(phone), mappingColumn=contacts_KEY, insertable=true, updatable=true, unique=false}
2021-11-21T23:53:17,441|[TRACE] NormalizingIdentifierHelperImpl - Normalizing identifier quoting [contacts_KEY]
2021-11-21T23:53:17,441|[DEBUG] Ejb3Column - Binding column: Ejb3JoinColumn{logicalColumnName='contacts_KEY', referencedColumn='null', mappedBy='null'}
2021-11-21T23:53:17,441|[DEBUG] Ejb3Column - Binding column: Ejb3JoinColumn{logicalColumnName='null', referencedColumn='null', mappedBy='phone'}
2021-11-21T23:53:17,441|[DEBUG] Ejb3Column - Binding column: Ejb3JoinColumn{logicalColumnName='null', referencedColumn='null', mappedBy='phone'}
2021-11-21T23:53:17,441|[DEBUG] CollectionBinder - Collection role: bloodbank.entity.Phone.contacts
2021-11-21T23:53:17,443|[DEBUG] PropertyBinder - Building property contacts
2021-11-21T23:53:17,443|[TRACE] PropertyBinder - Cascading contacts with persist,merge,refresh
2021-11-21T23:53:17,443|[TRACE] AnnotationBinder - Processing annotations of bloodbank.entity.Phone.countryCode
2021-11-21T23:53:17,443|[TRACE] NormalizingIdentifierHelperImpl - Normalizing identifier quoting [country_code]
2021-11-21T23:53:17,443|[TRACE] NormalizingIdentifierHelperImpl - Normalizing identifier quoting [country_code]
2021-11-21T23:53:17,443|[DEBUG] Ejb3Column - Binding column: Ejb3Column{table=org.hibernate.mapping.Table(phone), mappingColumn=country_code, insertable=true, updatable=true, unique=false}
2021-11-21T23:53:17,443|[DEBUG] PropertyBinder - MetadataSourceProcessor property countryCode with lazy=false
2021-11-21T23:53:17,443|[DEBUG] AbstractPropertyHolder - Attempting to locate auto-apply AttributeConverter for property [bloodbank.entity.Phone:countryCode]
2021-11-21T23:53:17,443|[DEBUG] SimpleValueBinder - building SimpleValue for countryCode
2021-11-21T23:53:17,443|[TRACE] NormalizingIdentifierHelperImpl - Normalizing identifier quoting [country_code]
2021-11-21T23:53:17,443|[DEBUG] PropertyBinder - Building property countryCode
2021-11-21T23:53:17,443|[TRACE] PropertyBinder - Cascading countryCode with null
2021-11-21T23:53:17,444|[TRACE] AnnotationBinder - Processing annotations of bloodbank.entity.Phone.number
2021-11-21T23:53:17,444|[TRACE] NormalizingIdentifierHelperImpl - Normalizing identifier quoting [number]
2021-11-21T23:53:17,444|[TRACE] NormalizingIdentifierHelperImpl - Normalizing identifier quoting [number]
2021-11-21T23:53:17,444|[DEBUG] Ejb3Column - Binding column: Ejb3Column{table=org.hibernate.mapping.Table(phone), mappingColumn=number, insertable=true, updatable=true, unique=false}
2021-11-21T23:53:17,444|[DEBUG] PropertyBinder - MetadataSourceProcessor property number with lazy=false
2021-11-21T23:53:17,444|[DEBUG] AbstractPropertyHolder - Attempting to locate auto-apply AttributeConverter for property [bloodbank.entity.Phone:number]
2021-11-21T23:53:17,444|[DEBUG] SimpleValueBinder - building SimpleValue for number
2021-11-21T23:53:17,444|[TRACE] NormalizingIdentifierHelperImpl - Normalizing identifier quoting [number]
2021-11-21T23:53:17,444|[DEBUG] PropertyBinder - Building property number
2021-11-21T23:53:17,444|[TRACE] PropertyBinder - Cascading number with null
2021-11-21T23:53:17,444|[DEBUG] AnnotationBinder - Binding entity from annotated class: bloodbank.entity.BloodDonation
2021-11-21T23:53:17,444|[DEBUG] QueryBinder - Binding named query: BloodDonation.findAll => SELECT b FROM BloodDonation b
2021-11-21T23:53:17,444|[TRACE] NormalizingIdentifierHelperImpl - Normalizing identifier quoting [DTYPE]
2021-11-21T23:53:17,444|[DEBUG] Ejb3Column - Binding column: Ejb3DiscriminatorColumn{logicalColumnName'DTYPE', discriminatorTypeName='string'}
2021-11-21T23:53:17,445|[DEBUG] EntityBinder - Import with entity name BloodDonation
2021-11-21T23:53:17,445|[TRACE] InFlightMetadataCollectorImpl - Import: BloodDonation -> bloodbank.entity.BloodDonation
2021-11-21T23:53:17,445|[TRACE] InFlightMetadataCollectorImpl - Import: bloodbank.entity.BloodDonation -> bloodbank.entity.BloodDonation
2021-11-21T23:53:17,445|[TRACE] NormalizingIdentifierHelperImpl - Normalizing identifier quoting [blood_donation]
2021-11-21T23:53:17,445|[TRACE] NormalizingIdentifierHelperImpl - Normalizing identifier quoting [blood_donation]
2021-11-21T23:53:17,445|[DEBUG] EntityBinder - Bind entity bloodbank.entity.BloodDonation on table blood_donation
2021-11-21T23:53:17,448|[TRACE] AnnotationBinder - Processing annotations of bloodbank.entity.BloodDonation.id
2021-11-21T23:53:17,448|[DEBUG] Ejb3Column - Column(s) overridden for property id
2021-11-21T23:53:17,448|[TRACE] NormalizingIdentifierHelperImpl - Normalizing identifier quoting [donation_id]
2021-11-21T23:53:17,448|[TRACE] NormalizingIdentifierHelperImpl - Normalizing identifier quoting [donation_id]
2021-11-21T23:53:17,448|[DEBUG] Ejb3Column - Binding column: Ejb3Column{table=org.hibernate.mapping.Table(blood_donation), mappingColumn=donation_id, insertable=true, updatable=true, unique=false}
2021-11-21T23:53:17,448|[DEBUG] ClassLoaderAccessImpl - Not known whether passed class name [bloodbank.entity.BloodDonation] is safe
2021-11-21T23:53:17,448|[DEBUG] ClassLoaderAccessImpl - No temp ClassLoader provided; using live ClassLoader for loading potentially unsafe class : bloodbank.entity.BloodDonation
2021-11-21T23:53:17,448|[DEBUG] PropertyBinder - MetadataSourceProcessor property id with lazy=false
2021-11-21T23:53:17,448|[DEBUG] AbstractPropertyHolder - Attempting to locate auto-apply AttributeConverter for property [bloodbank.entity.BloodDonation:id]
2021-11-21T23:53:17,448|[DEBUG] SimpleValueBinder - building SimpleValue for id
2021-11-21T23:53:17,448|[TRACE] NormalizingIdentifierHelperImpl - Normalizing identifier quoting [donation_id]
2021-11-21T23:53:17,448|[DEBUG] PropertyBinder - Building property id
2021-11-21T23:53:17,449|[TRACE] PropertyBinder - Cascading id with null
2021-11-21T23:53:17,449|[DEBUG] BinderHelper - #makeIdGenerator(org.hibernate.mapping.SimpleValue([org.hibernate.mapping.Column(donation_id)]), id, identity, , ...)
2021-11-21T23:53:17,449|[TRACE] AnnotationBinder - Bind @Id on id
2021-11-21T23:53:17,449|[TRACE] AnnotationBinder - Processing annotations of bloodbank.entity.BloodDonation.epochCreated
2021-11-21T23:53:17,449|[TRACE] NormalizingIdentifierHelperImpl - Normalizing identifier quoting [created]
2021-11-21T23:53:17,449|[TRACE] NormalizingIdentifierHelperImpl - Normalizing identifier quoting [created]
2021-11-21T23:53:17,449|[DEBUG] Ejb3Column - Binding column: Ejb3Column{table=org.hibernate.mapping.Table(blood_donation), mappingColumn=created, insertable=true, updatable=true, unique=false}
2021-11-21T23:53:17,449|[DEBUG] PropertyBinder - MetadataSourceProcessor property epochCreated with lazy=false
2021-11-21T23:53:17,449|[DEBUG] AbstractPropertyHolder - Attempting to locate auto-apply AttributeConverter for property [bloodbank.entity.BloodDonation:epochCreated]
2021-11-21T23:53:17,449|[DEBUG] SimpleValueBinder - building SimpleValue for epochCreated
2021-11-21T23:53:17,449|[TRACE] NormalizingIdentifierHelperImpl - Normalizing identifier quoting [created]
2021-11-21T23:53:17,449|[DEBUG] PropertyBinder - Building property epochCreated
2021-11-21T23:53:17,449|[TRACE] PropertyBinder - Cascading epochCreated with null
2021-11-21T23:53:17,449|[TRACE] AnnotationBinder - Processing annotations of bloodbank.entity.BloodDonation.epochUpdated
2021-11-21T23:53:17,449|[TRACE] NormalizingIdentifierHelperImpl - Normalizing identifier quoting [updated]
2021-11-21T23:53:17,449|[TRACE] NormalizingIdentifierHelperImpl - Normalizing identifier quoting [updated]
2021-11-21T23:53:17,449|[DEBUG] Ejb3Column - Binding column: Ejb3Column{table=org.hibernate.mapping.Table(blood_donation), mappingColumn=updated, insertable=true, updatable=true, unique=false}
2021-11-21T23:53:17,450|[DEBUG] PropertyBinder - MetadataSourceProcessor property epochUpdated with lazy=false
2021-11-21T23:53:17,450|[DEBUG] AbstractPropertyHolder - Attempting to locate auto-apply AttributeConverter for property [bloodbank.entity.BloodDonation:epochUpdated]
2021-11-21T23:53:17,450|[DEBUG] SimpleValueBinder - building SimpleValue for epochUpdated
2021-11-21T23:53:17,450|[TRACE] NormalizingIdentifierHelperImpl - Normalizing identifier quoting [updated]
2021-11-21T23:53:17,450|[DEBUG] PropertyBinder - Building property epochUpdated
2021-11-21T23:53:17,450|[TRACE] PropertyBinder - Cascading epochUpdated with null
2021-11-21T23:53:17,450|[TRACE] AnnotationBinder - Processing annotations of bloodbank.entity.BloodDonation.version
2021-11-21T23:53:17,450|[TRACE] NormalizingIdentifierHelperImpl - Normalizing identifier quoting [version]
2021-11-21T23:53:17,450|[TRACE] NormalizingIdentifierHelperImpl - Normalizing identifier quoting [version]
2021-11-21T23:53:17,450|[DEBUG] Ejb3Column - Binding column: Ejb3Column{table=org.hibernate.mapping.Table(blood_donation), mappingColumn=version, insertable=true, updatable=true, unique=false}
2021-11-21T23:53:17,450|[TRACE] AnnotationBinder - version is a version property
2021-11-21T23:53:17,450|[DEBUG] PropertyBinder - MetadataSourceProcessor property version with lazy=false
2021-11-21T23:53:17,450|[DEBUG] AbstractPropertyHolder - Attempting to locate auto-apply AttributeConverter for property [bloodbank.entity.BloodDonation:version]
2021-11-21T23:53:17,450|[DEBUG] SimpleValueBinder - building SimpleValue for version
2021-11-21T23:53:17,450|[TRACE] NormalizingIdentifierHelperImpl - Normalizing identifier quoting [version]
2021-11-21T23:53:17,450|[TRACE] NormalizingIdentifierHelperImpl - Normalizing identifier quoting [version]
2021-11-21T23:53:17,450|[TRACE] NormalizingIdentifierHelperImpl - Normalizing identifier quoting [version]
2021-11-21T23:53:17,450|[DEBUG] PropertyBinder - Building property version
2021-11-21T23:53:17,450|[TRACE] PropertyBinder - Cascading version with null
2021-11-21T23:53:17,451|[TRACE] AnnotationBinder - Version name: version, unsavedValue: undefined
2021-11-21T23:53:17,451|[TRACE] AnnotationBinder - Processing annotations of bloodbank.entity.BloodDonation.bank
2021-11-21T23:53:17,451|[TRACE] NormalizingIdentifierHelperImpl - Normalizing identifier quoting [bank_id]
2021-11-21T23:53:17,451|[DEBUG] Ejb3Column - Binding column: Ejb3JoinColumn{logicalColumnName='bank_id', referencedColumn='bank_id', mappedBy=''}
2021-11-21T23:53:17,451|[TRACE] NormalizingIdentifierHelperImpl - Normalizing identifier quoting [bank]
2021-11-21T23:53:17,451|[TRACE] NormalizingIdentifierHelperImpl - Normalizing identifier quoting [bank]
2021-11-21T23:53:17,451|[DEBUG] Ejb3Column - Binding column: Ejb3Column{table=org.hibernate.mapping.Table(blood_donation), mappingColumn=bank, insertable=true, updatable=true, unique=false}
2021-11-21T23:53:17,451|[DEBUG] PropertyBinder - Building property bank
2021-11-21T23:53:17,451|[TRACE] PropertyBinder - Cascading bank with all
2021-11-21T23:53:17,451|[TRACE] AnnotationBinder - Processing annotations of bloodbank.entity.BloodDonation.bloodType
2021-11-21T23:53:17,451|[TRACE] NormalizingIdentifierHelperImpl - Normalizing identifier quoting [bloodType]
2021-11-21T23:53:17,451|[TRACE] NormalizingIdentifierHelperImpl - Normalizing identifier quoting [bloodType]
2021-11-21T23:53:17,451|[DEBUG] Ejb3Column - Binding column: Ejb3Column{table=org.hibernate.mapping.Table(blood_donation), mappingColumn=bloodType, insertable=true, updatable=true, unique=false}
2021-11-21T23:53:17,451|[TRACE] AnnotationBinder - Binding component with path: bloodbank.entity.BloodDonation.bloodType
2021-11-21T23:53:17,452|[TRACE] AnnotationBinder - Processing annotations of bloodbank.entity.BloodType.bloodGroup
2021-11-21T23:53:17,452|[TRACE] NormalizingIdentifierHelperImpl - Normalizing identifier quoting [blood_group]
2021-11-21T23:53:17,452|[TRACE] NormalizingIdentifierHelperImpl - Normalizing identifier quoting [blood_group]
2021-11-21T23:53:17,452|[DEBUG] Ejb3Column - Binding column: Ejb3Column{table=org.hibernate.mapping.Table(blood_donation), mappingColumn=blood_group, insertable=true, updatable=true, unique=false}
2021-11-21T23:53:17,452|[DEBUG] PropertyBinder - MetadataSourceProcessor property bloodGroup with lazy=false
2021-11-21T23:53:17,452|[DEBUG] AbstractPropertyHolder - Attempting to locate auto-apply AttributeConverter for property [bloodbank.entity.BloodDonation.bloodType:bloodGroup]
2021-11-21T23:53:17,452|[DEBUG] SimpleValueBinder - building SimpleValue for bloodGroup
2021-11-21T23:53:17,452|[TRACE] NormalizingIdentifierHelperImpl - Normalizing identifier quoting [blood_group]
2021-11-21T23:53:17,452|[DEBUG] PropertyBinder - Building property bloodGroup
2021-11-21T23:53:17,452|[TRACE] PropertyBinder - Cascading bloodGroup with null
2021-11-21T23:53:17,452|[TRACE] AnnotationBinder - Processing annotations of bloodbank.entity.BloodType.rhd
2021-11-21T23:53:17,453|[TRACE] NormalizingIdentifierHelperImpl - Normalizing identifier quoting [rhd]
2021-11-21T23:53:17,453|[TRACE] NormalizingIdentifierHelperImpl - Normalizing identifier quoting [rhd]
2021-11-21T23:53:17,453|[DEBUG] Ejb3Column - Binding column: Ejb3Column{table=org.hibernate.mapping.Table(blood_donation), mappingColumn=rhd, insertable=true, updatable=true, unique=false}
2021-11-21T23:53:17,453|[DEBUG] PropertyBinder - MetadataSourceProcessor property rhd with lazy=false
2021-11-21T23:53:17,453|[DEBUG] AbstractPropertyHolder - Attempting to locate auto-apply AttributeConverter for property [bloodbank.entity.BloodDonation.bloodType:rhd]
2021-11-21T23:53:17,453|[DEBUG] SimpleValueBinder - building SimpleValue for rhd
2021-11-21T23:53:17,453|[TRACE] NormalizingIdentifierHelperImpl - Normalizing identifier quoting [rhd]
2021-11-21T23:53:17,453|[DEBUG] PropertyBinder - Building property rhd
2021-11-21T23:53:17,453|[TRACE] PropertyBinder - Cascading rhd with null
2021-11-21T23:53:17,453|[DEBUG] PropertyBinder - Building property bloodType
2021-11-21T23:53:17,453|[TRACE] PropertyBinder - Cascading bloodType with null
2021-11-21T23:53:17,453|[TRACE] AnnotationBinder - Processing annotations of bloodbank.entity.BloodDonation.milliliters
2021-11-21T23:53:17,453|[TRACE] NormalizingIdentifierHelperImpl - Normalizing identifier quoting [milliliters]
2021-11-21T23:53:17,453|[TRACE] NormalizingIdentifierHelperImpl - Normalizing identifier quoting [milliliters]
2021-11-21T23:53:17,453|[DEBUG] Ejb3Column - Binding column: Ejb3Column{table=org.hibernate.mapping.Table(blood_donation), mappingColumn=milliliters, insertable=true, updatable=true, unique=false}
2021-11-21T23:53:17,453|[DEBUG] PropertyBinder - MetadataSourceProcessor property milliliters with lazy=false
2021-11-21T23:53:17,454|[DEBUG] AbstractPropertyHolder - Attempting to locate auto-apply AttributeConverter for property [bloodbank.entity.BloodDonation:milliliters]
2021-11-21T23:53:17,454|[DEBUG] SimpleValueBinder - building SimpleValue for milliliters
2021-11-21T23:53:17,454|[TRACE] NormalizingIdentifierHelperImpl - Normalizing identifier quoting [milliliters]
2021-11-21T23:53:17,454|[DEBUG] PropertyBinder - Building property milliliters
2021-11-21T23:53:17,454|[TRACE] PropertyBinder - Cascading milliliters with null
2021-11-21T23:53:17,454|[TRACE] AnnotationBinder - Processing annotations of bloodbank.entity.BloodDonation.record
2021-11-21T23:53:17,454|[TRACE] NormalizingIdentifierHelperImpl - Normalizing identifier quoting [donation_id]
2021-11-21T23:53:17,454|[DEBUG] Ejb3Column - Binding column: Ejb3JoinColumn{logicalColumnName='donation_id', referencedColumn='donation_id', mappedBy=''}
2021-11-21T23:53:17,454|[TRACE] NormalizingIdentifierHelperImpl - Normalizing identifier quoting [record]
2021-11-21T23:53:17,454|[TRACE] NormalizingIdentifierHelperImpl - Normalizing identifier quoting [record]
2021-11-21T23:53:17,454|[DEBUG] Ejb3Column - Binding column: Ejb3Column{table=org.hibernate.mapping.Table(blood_donation), mappingColumn=record, insertable=true, updatable=true, unique=false}
2021-11-21T23:53:17,454|[TRACE] AnnotationBinder - Fetching record with SELECT
2021-11-21T23:53:17,455|[DEBUG] AnnotationBinder - Binding entity from annotated class: bloodbank.entity.BloodBank
2021-11-21T23:53:17,455|[DEBUG] QueryBinder - Binding named query: BloodBank.findAll => SELECT b FROM BloodBank b
2021-11-21T23:53:17,455|[TRACE] NormalizingIdentifierHelperImpl - Normalizing identifier quoting [privately_owned]
2021-11-21T23:53:17,456|[DEBUG] Ejb3Column - Binding column: Ejb3DiscriminatorColumn{logicalColumnName'privately_owned', discriminatorTypeName='integer'}
2021-11-21T23:53:17,456|[DEBUG] EntityBinder - Import with entity name BloodBank
2021-11-21T23:53:17,456|[TRACE] InFlightMetadataCollectorImpl - Import: BloodBank -> bloodbank.entity.BloodBank
2021-11-21T23:53:17,456|[TRACE] InFlightMetadataCollectorImpl - Import: bloodbank.entity.BloodBank -> bloodbank.entity.BloodBank
2021-11-21T23:53:17,456|[TRACE] NormalizingIdentifierHelperImpl - Normalizing identifier quoting [blood_bank]
2021-11-21T23:53:17,456|[TRACE] NormalizingIdentifierHelperImpl - Normalizing identifier quoting [blood_bank]
2021-11-21T23:53:17,456|[DEBUG] EntityBinder - Bind entity bloodbank.entity.BloodBank on table blood_bank
2021-11-21T23:53:17,456|[TRACE] NormalizingIdentifierHelperImpl - Normalizing identifier quoting [privately_owned]
2021-11-21T23:53:17,456|[TRACE] AnnotationBinder - Setting discriminator for entity bloodbank.entity.BloodBank
2021-11-21T23:53:17,457|[TRACE] AnnotationBinder - Processing annotations of bloodbank.entity.BloodBank.id
2021-11-21T23:53:17,457|[DEBUG] Ejb3Column - Column(s) overridden for property id
2021-11-21T23:53:17,457|[TRACE] NormalizingIdentifierHelperImpl - Normalizing identifier quoting [bank_id]
2021-11-21T23:53:17,457|[TRACE] NormalizingIdentifierHelperImpl - Normalizing identifier quoting [bank_id]
2021-11-21T23:53:17,457|[DEBUG] Ejb3Column - Binding column: Ejb3Column{table=org.hibernate.mapping.Table(blood_bank), mappingColumn=bank_id, insertable=true, updatable=true, unique=false}
2021-11-21T23:53:17,457|[DEBUG] ClassLoaderAccessImpl - Not known whether passed class name [bloodbank.entity.BloodBank] is safe
2021-11-21T23:53:17,457|[DEBUG] ClassLoaderAccessImpl - No temp ClassLoader provided; using live ClassLoader for loading potentially unsafe class : bloodbank.entity.BloodBank
2021-11-21T23:53:17,458|[DEBUG] PropertyBinder - MetadataSourceProcessor property id with lazy=false
2021-11-21T23:53:17,458|[DEBUG] AbstractPropertyHolder - Attempting to locate auto-apply AttributeConverter for property [bloodbank.entity.BloodBank:id]
2021-11-21T23:53:17,458|[DEBUG] SimpleValueBinder - building SimpleValue for id
2021-11-21T23:53:17,458|[TRACE] NormalizingIdentifierHelperImpl - Normalizing identifier quoting [bank_id]
2021-11-21T23:53:17,458|[DEBUG] PropertyBinder - Building property id
2021-11-21T23:53:17,458|[TRACE] PropertyBinder - Cascading id with null
2021-11-21T23:53:17,458|[DEBUG] BinderHelper - #makeIdGenerator(org.hibernate.mapping.SimpleValue([org.hibernate.mapping.Column(bank_id)]), id, identity, , ...)
2021-11-21T23:53:17,458|[TRACE] AnnotationBinder - Bind @Id on id
2021-11-21T23:53:17,458|[TRACE] AnnotationBinder - Processing annotations of bloodbank.entity.BloodBank.epochCreated
2021-11-21T23:53:17,458|[TRACE] NormalizingIdentifierHelperImpl - Normalizing identifier quoting [created]
2021-11-21T23:53:17,458|[TRACE] NormalizingIdentifierHelperImpl - Normalizing identifier quoting [created]
2021-11-21T23:53:17,458|[DEBUG] Ejb3Column - Binding column: Ejb3Column{table=org.hibernate.mapping.Table(blood_bank), mappingColumn=created, insertable=true, updatable=true, unique=false}
2021-11-21T23:53:17,458|[DEBUG] PropertyBinder - MetadataSourceProcessor property epochCreated with lazy=false
2021-11-21T23:53:17,458|[DEBUG] AbstractPropertyHolder - Attempting to locate auto-apply AttributeConverter for property [bloodbank.entity.BloodBank:epochCreated]
2021-11-21T23:53:17,458|[DEBUG] SimpleValueBinder - building SimpleValue for epochCreated
2021-11-21T23:53:17,458|[TRACE] NormalizingIdentifierHelperImpl - Normalizing identifier quoting [created]
2021-11-21T23:53:17,459|[DEBUG] PropertyBinder - Building property epochCreated
2021-11-21T23:53:17,459|[TRACE] PropertyBinder - Cascading epochCreated with null
2021-11-21T23:53:17,459|[TRACE] AnnotationBinder - Processing annotations of bloodbank.entity.BloodBank.epochUpdated
2021-11-21T23:53:17,459|[TRACE] NormalizingIdentifierHelperImpl - Normalizing identifier quoting [updated]
2021-11-21T23:53:17,459|[TRACE] NormalizingIdentifierHelperImpl - Normalizing identifier quoting [updated]
2021-11-21T23:53:17,459|[DEBUG] Ejb3Column - Binding column: Ejb3Column{table=org.hibernate.mapping.Table(blood_bank), mappingColumn=updated, insertable=true, updatable=true, unique=false}
2021-11-21T23:53:17,459|[DEBUG] PropertyBinder - MetadataSourceProcessor property epochUpdated with lazy=false
2021-11-21T23:53:17,459|[DEBUG] AbstractPropertyHolder - Attempting to locate auto-apply AttributeConverter for property [bloodbank.entity.BloodBank:epochUpdated]
2021-11-21T23:53:17,459|[DEBUG] SimpleValueBinder - building SimpleValue for epochUpdated
2021-11-21T23:53:17,459|[TRACE] NormalizingIdentifierHelperImpl - Normalizing identifier quoting [updated]
2021-11-21T23:53:17,459|[DEBUG] PropertyBinder - Building property epochUpdated
2021-11-21T23:53:17,459|[TRACE] PropertyBinder - Cascading epochUpdated with null
2021-11-21T23:53:17,459|[TRACE] AnnotationBinder - Processing annotations of bloodbank.entity.BloodBank.version
2021-11-21T23:53:17,459|[TRACE] NormalizingIdentifierHelperImpl - Normalizing identifier quoting [version]
2021-11-21T23:53:17,459|[TRACE] NormalizingIdentifierHelperImpl - Normalizing identifier quoting [version]
2021-11-21T23:53:17,459|[DEBUG] Ejb3Column - Binding column: Ejb3Column{table=org.hibernate.mapping.Table(blood_bank), mappingColumn=version, insertable=true, updatable=true, unique=false}
2021-11-21T23:53:17,460|[TRACE] AnnotationBinder - version is a version property
2021-11-21T23:53:17,460|[DEBUG] PropertyBinder - MetadataSourceProcessor property version with lazy=false
2021-11-21T23:53:17,460|[DEBUG] AbstractPropertyHolder - Attempting to locate auto-apply AttributeConverter for property [bloodbank.entity.BloodBank:version]
2021-11-21T23:53:17,460|[DEBUG] SimpleValueBinder - building SimpleValue for version
2021-11-21T23:53:17,460|[TRACE] NormalizingIdentifierHelperImpl - Normalizing identifier quoting [version]
2021-11-21T23:53:17,460|[TRACE] NormalizingIdentifierHelperImpl - Normalizing identifier quoting [version]
2021-11-21T23:53:17,460|[TRACE] NormalizingIdentifierHelperImpl - Normalizing identifier quoting [version]
2021-11-21T23:53:17,460|[DEBUG] PropertyBinder - Building property version
2021-11-21T23:53:17,460|[TRACE] PropertyBinder - Cascading version with null
2021-11-21T23:53:17,460|[TRACE] AnnotationBinder - Version name: version, unsavedValue: undefined
2021-11-21T23:53:17,460|[TRACE] AnnotationBinder - Processing annotations of bloodbank.entity.BloodBank.donations
2021-11-21T23:53:17,460|[DEBUG] Ejb3Column - Binding column: Ejb3JoinColumn{logicalColumnName='null', referencedColumn='null', mappedBy='bank'}
2021-11-21T23:53:17,460|[TRACE] NormalizingIdentifierHelperImpl - Normalizing identifier quoting [donations]
2021-11-21T23:53:17,460|[TRACE] NormalizingIdentifierHelperImpl - Normalizing identifier quoting [donations]
2021-11-21T23:53:17,460|[DEBUG] Ejb3Column - Binding column: Ejb3Column{table=org.hibernate.mapping.Table(blood_bank), mappingColumn=donations, insertable=true, updatable=true, unique=false}
2021-11-21T23:53:17,460|[DEBUG] Ejb3Column - Binding column: Ejb3Column{table=org.hibernate.mapping.Table(blood_bank), mappingColumn=null, insertable=true, updatable=true, unique=false}
2021-11-21T23:53:17,460|[TRACE] NormalizingIdentifierHelperImpl - Normalizing identifier quoting [element]
2021-11-21T23:53:17,461|[TRACE] NormalizingIdentifierHelperImpl - Normalizing identifier quoting [element]
2021-11-21T23:53:17,461|[DEBUG] Ejb3Column - Binding column: Ejb3Column{table=org.hibernate.mapping.Table(blood_bank), mappingColumn=element, insertable=true, updatable=true, unique=false}
2021-11-21T23:53:17,461|[TRACE] NormalizingIdentifierHelperImpl - Normalizing identifier quoting [donations_KEY]
2021-11-21T23:53:17,461|[DEBUG] Ejb3Column - Binding column: Ejb3Column{table=org.hibernate.mapping.Table(blood_bank), mappingColumn=donations_KEY, insertable=true, updatable=true, unique=false}
2021-11-21T23:53:17,461|[TRACE] NormalizingIdentifierHelperImpl - Normalizing identifier quoting [donations_KEY]
2021-11-21T23:53:17,461|[DEBUG] Ejb3Column - Binding column: Ejb3JoinColumn{logicalColumnName='donations_KEY', referencedColumn='null', mappedBy='null'}
2021-11-21T23:53:17,461|[DEBUG] Ejb3Column - Binding column: Ejb3JoinColumn{logicalColumnName='null', referencedColumn='null', mappedBy='bank'}
2021-11-21T23:53:17,461|[DEBUG] Ejb3Column - Binding column: Ejb3JoinColumn{logicalColumnName='null', referencedColumn='null', mappedBy='bank'}
2021-11-21T23:53:17,461|[DEBUG] CollectionBinder - Collection role: bloodbank.entity.BloodBank.donations
2021-11-21T23:53:17,461|[DEBUG] PropertyBinder - Building property donations
2021-11-21T23:53:17,461|[TRACE] PropertyBinder - Cascading donations with all
2021-11-21T23:53:17,461|[TRACE] AnnotationBinder - Processing annotations of bloodbank.entity.BloodBank.name
2021-11-21T23:53:17,461|[TRACE] NormalizingIdentifierHelperImpl - Normalizing identifier quoting [name]
2021-11-21T23:53:17,461|[TRACE] NormalizingIdentifierHelperImpl - Normalizing identifier quoting [name]
2021-11-21T23:53:17,461|[DEBUG] Ejb3Column - Binding column: Ejb3Column{table=org.hibernate.mapping.Table(blood_bank), mappingColumn=name, insertable=true, updatable=true, unique=false}
2021-11-21T23:53:17,461|[DEBUG] PropertyBinder - MetadataSourceProcessor property name with lazy=false
2021-11-21T23:53:17,461|[DEBUG] AbstractPropertyHolder - Attempting to locate auto-apply AttributeConverter for property [bloodbank.entity.BloodBank:name]
2021-11-21T23:53:17,461|[DEBUG] SimpleValueBinder - building SimpleValue for name
2021-11-21T23:53:17,462|[TRACE] NormalizingIdentifierHelperImpl - Normalizing identifier quoting [name]
2021-11-21T23:53:17,462|[DEBUG] PropertyBinder - Building property name
2021-11-21T23:53:17,462|[TRACE] PropertyBinder - Cascading name with null
2021-11-21T23:53:17,462|[DEBUG] AnnotationBinder - Binding entity from annotated class: bloodbank.entity.PrivateBloodBank
2021-11-21T23:53:17,462|[DEBUG] EntityBinder - Import with entity name PrivateBloodBank
2021-11-21T23:53:17,462|[TRACE] InFlightMetadataCollectorImpl - Import: PrivateBloodBank -> bloodbank.entity.PrivateBloodBank
2021-11-21T23:53:17,462|[TRACE] InFlightMetadataCollectorImpl - Import: bloodbank.entity.PrivateBloodBank -> bloodbank.entity.PrivateBloodBank
2021-11-21T23:53:17,462|[TRACE] NormalizingIdentifierHelperImpl - Normalizing identifier quoting [blood_bank]
2021-11-21T23:53:17,463|[DEBUG] AnnotationBinder - Binding entity from annotated class: bloodbank.entity.Address
2021-11-21T23:53:17,463|[DEBUG] QueryBinder - Binding named query: Address.findAll => SELECT a FROM Address a
2021-11-21T23:53:17,463|[TRACE] NormalizingIdentifierHelperImpl - Normalizing identifier quoting [DTYPE]
2021-11-21T23:53:17,463|[DEBUG] Ejb3Column - Binding column: Ejb3DiscriminatorColumn{logicalColumnName'DTYPE', discriminatorTypeName='string'}
2021-11-21T23:53:17,463|[DEBUG] EntityBinder - Import with entity name Address
2021-11-21T23:53:17,463|[TRACE] InFlightMetadataCollectorImpl - Import: Address -> bloodbank.entity.Address
2021-11-21T23:53:17,463|[TRACE] InFlightMetadataCollectorImpl - Import: bloodbank.entity.Address -> bloodbank.entity.Address
2021-11-21T23:53:17,463|[TRACE] NormalizingIdentifierHelperImpl - Normalizing identifier quoting [address]
2021-11-21T23:53:17,463|[TRACE] NormalizingIdentifierHelperImpl - Normalizing identifier quoting [address]
2021-11-21T23:53:17,463|[DEBUG] EntityBinder - Bind entity bloodbank.entity.Address on table address
2021-11-21T23:53:17,464|[TRACE] AnnotationBinder - Processing annotations of bloodbank.entity.Address.id
2021-11-21T23:53:17,464|[DEBUG] Ejb3Column - Column(s) overridden for property id
2021-11-21T23:53:17,465|[TRACE] NormalizingIdentifierHelperImpl - Normalizing identifier quoting [address_id]
2021-11-21T23:53:17,465|[TRACE] NormalizingIdentifierHelperImpl - Normalizing identifier quoting [address_id]
2021-11-21T23:53:17,465|[DEBUG] Ejb3Column - Binding column: Ejb3Column{table=org.hibernate.mapping.Table(address), mappingColumn=address_id, insertable=true, updatable=true, unique=false}
2021-11-21T23:53:17,465|[DEBUG] ClassLoaderAccessImpl - Not known whether passed class name [bloodbank.entity.Address] is safe
2021-11-21T23:53:17,465|[DEBUG] ClassLoaderAccessImpl - No temp ClassLoader provided; using live ClassLoader for loading potentially unsafe class : bloodbank.entity.Address
2021-11-21T23:53:17,465|[DEBUG] PropertyBinder - MetadataSourceProcessor property id with lazy=false
2021-11-21T23:53:17,465|[DEBUG] AbstractPropertyHolder - Attempting to locate auto-apply AttributeConverter for property [bloodbank.entity.Address:id]
2021-11-21T23:53:17,465|[DEBUG] SimpleValueBinder - building SimpleValue for id
2021-11-21T23:53:17,465|[TRACE] NormalizingIdentifierHelperImpl - Normalizing identifier quoting [address_id]
2021-11-21T23:53:17,465|[DEBUG] PropertyBinder - Building property id
2021-11-21T23:53:17,465|[TRACE] PropertyBinder - Cascading id with null
2021-11-21T23:53:17,465|[DEBUG] BinderHelper - #makeIdGenerator(org.hibernate.mapping.SimpleValue([org.hibernate.mapping.Column(address_id)]), id, identity, , ...)
2021-11-21T23:53:17,465|[TRACE] AnnotationBinder - Bind @Id on id
2021-11-21T23:53:17,465|[TRACE] AnnotationBinder - Processing annotations of bloodbank.entity.Address.epochCreated
2021-11-21T23:53:17,466|[TRACE] NormalizingIdentifierHelperImpl - Normalizing identifier quoting [created]
2021-11-21T23:53:17,466|[TRACE] NormalizingIdentifierHelperImpl - Normalizing identifier quoting [created]
2021-11-21T23:53:17,466|[DEBUG] Ejb3Column - Binding column: Ejb3Column{table=org.hibernate.mapping.Table(address), mappingColumn=created, insertable=true, updatable=true, unique=false}
2021-11-21T23:53:17,466|[DEBUG] PropertyBinder - MetadataSourceProcessor property epochCreated with lazy=false
2021-11-21T23:53:17,466|[DEBUG] AbstractPropertyHolder - Attempting to locate auto-apply AttributeConverter for property [bloodbank.entity.Address:epochCreated]
2021-11-21T23:53:17,466|[DEBUG] SimpleValueBinder - building SimpleValue for epochCreated
2021-11-21T23:53:17,466|[TRACE] NormalizingIdentifierHelperImpl - Normalizing identifier quoting [created]
2021-11-21T23:53:17,466|[DEBUG] PropertyBinder - Building property epochCreated
2021-11-21T23:53:17,466|[TRACE] PropertyBinder - Cascading epochCreated with null
2021-11-21T23:53:17,467|[TRACE] AnnotationBinder - Processing annotations of bloodbank.entity.Address.epochUpdated
2021-11-21T23:53:17,467|[TRACE] NormalizingIdentifierHelperImpl - Normalizing identifier quoting [updated]
2021-11-21T23:53:17,467|[TRACE] NormalizingIdentifierHelperImpl - Normalizing identifier quoting [updated]
2021-11-21T23:53:17,467|[DEBUG] Ejb3Column - Binding column: Ejb3Column{table=org.hibernate.mapping.Table(address), mappingColumn=updated, insertable=true, updatable=true, unique=false}
2021-11-21T23:53:17,467|[DEBUG] PropertyBinder - MetadataSourceProcessor property epochUpdated with lazy=false
2021-11-21T23:53:17,467|[DEBUG] AbstractPropertyHolder - Attempting to locate auto-apply AttributeConverter for property [bloodbank.entity.Address:epochUpdated]
2021-11-21T23:53:17,467|[DEBUG] SimpleValueBinder - building SimpleValue for epochUpdated
2021-11-21T23:53:17,467|[TRACE] NormalizingIdentifierHelperImpl - Normalizing identifier quoting [updated]
2021-11-21T23:53:17,467|[DEBUG] PropertyBinder - Building property epochUpdated
2021-11-21T23:53:17,467|[TRACE] PropertyBinder - Cascading epochUpdated with null
2021-11-21T23:53:17,467|[TRACE] AnnotationBinder - Processing annotations of bloodbank.entity.Address.version
2021-11-21T23:53:17,467|[TRACE] NormalizingIdentifierHelperImpl - Normalizing identifier quoting [version]
2021-11-21T23:53:17,467|[TRACE] NormalizingIdentifierHelperImpl - Normalizing identifier quoting [version]
2021-11-21T23:53:17,467|[DEBUG] Ejb3Column - Binding column: Ejb3Column{table=org.hibernate.mapping.Table(address), mappingColumn=version, insertable=true, updatable=true, unique=false}
2021-11-21T23:53:17,467|[TRACE] AnnotationBinder - version is a version property
2021-11-21T23:53:17,467|[DEBUG] PropertyBinder - MetadataSourceProcessor property version with lazy=false
2021-11-21T23:53:17,468|[DEBUG] AbstractPropertyHolder - Attempting to locate auto-apply AttributeConverter for property [bloodbank.entity.Address:version]
2021-11-21T23:53:17,468|[DEBUG] SimpleValueBinder - building SimpleValue for version
2021-11-21T23:53:17,468|[TRACE] NormalizingIdentifierHelperImpl - Normalizing identifier quoting [version]
2021-11-21T23:53:17,468|[TRACE] NormalizingIdentifierHelperImpl - Normalizing identifier quoting [version]
2021-11-21T23:53:17,468|[TRACE] NormalizingIdentifierHelperImpl - Normalizing identifier quoting [version]
2021-11-21T23:53:17,468|[DEBUG] PropertyBinder - Building property version
2021-11-21T23:53:17,468|[TRACE] PropertyBinder - Cascading version with null
2021-11-21T23:53:17,468|[TRACE] AnnotationBinder - Version name: version, unsavedValue: undefined
2021-11-21T23:53:17,468|[TRACE] AnnotationBinder - Processing annotations of bloodbank.entity.Address.city
2021-11-21T23:53:17,468|[TRACE] NormalizingIdentifierHelperImpl - Normalizing identifier quoting [city]
2021-11-21T23:53:17,468|[TRACE] NormalizingIdentifierHelperImpl - Normalizing identifier quoting [city]
2021-11-21T23:53:17,468|[DEBUG] Ejb3Column - Binding column: Ejb3Column{table=org.hibernate.mapping.Table(address), mappingColumn=city, insertable=true, updatable=true, unique=false}
2021-11-21T23:53:17,468|[DEBUG] PropertyBinder - MetadataSourceProcessor property city with lazy=false
2021-11-21T23:53:17,468|[DEBUG] AbstractPropertyHolder - Attempting to locate auto-apply AttributeConverter for property [bloodbank.entity.Address:city]
2021-11-21T23:53:17,468|[DEBUG] SimpleValueBinder - building SimpleValue for city
2021-11-21T23:53:17,468|[TRACE] NormalizingIdentifierHelperImpl - Normalizing identifier quoting [city]
2021-11-21T23:53:17,468|[TRACE] NormalizingIdentifierHelperImpl - Normalizing identifier quoting [city]
2021-11-21T23:53:17,468|[TRACE] NormalizingIdentifierHelperImpl - Normalizing identifier quoting [city]
2021-11-21T23:53:17,468|[DEBUG] PropertyBinder - Building property city
2021-11-21T23:53:17,468|[TRACE] PropertyBinder - Cascading city with null
2021-11-21T23:53:17,468|[TRACE] AnnotationBinder - Processing annotations of bloodbank.entity.Address.contacts
2021-11-21T23:53:17,468|[DEBUG] Ejb3Column - Binding column: Ejb3JoinColumn{logicalColumnName='null', referencedColumn='null', mappedBy='address'}
2021-11-21T23:53:17,468|[TRACE] NormalizingIdentifierHelperImpl - Normalizing identifier quoting [contacts]
2021-11-21T23:53:17,468|[TRACE] NormalizingIdentifierHelperImpl - Normalizing identifier quoting [contacts]
2021-11-21T23:53:17,468|[DEBUG] Ejb3Column - Binding column: Ejb3Column{table=org.hibernate.mapping.Table(address), mappingColumn=contacts, insertable=true, updatable=true, unique=false}
2021-11-21T23:53:17,469|[DEBUG] Ejb3Column - Binding column: Ejb3Column{table=org.hibernate.mapping.Table(address), mappingColumn=null, insertable=true, updatable=true, unique=false}
2021-11-21T23:53:17,469|[TRACE] NormalizingIdentifierHelperImpl - Normalizing identifier quoting [element]
2021-11-21T23:53:17,469|[TRACE] NormalizingIdentifierHelperImpl - Normalizing identifier quoting [element]
2021-11-21T23:53:17,469|[DEBUG] Ejb3Column - Binding column: Ejb3Column{table=org.hibernate.mapping.Table(address), mappingColumn=element, insertable=true, updatable=true, unique=false}
2021-11-21T23:53:17,469|[TRACE] NormalizingIdentifierHelperImpl - Normalizing identifier quoting [contacts_KEY]
2021-11-21T23:53:17,469|[DEBUG] Ejb3Column - Binding column: Ejb3Column{table=org.hibernate.mapping.Table(address), mappingColumn=contacts_KEY, insertable=true, updatable=true, unique=false}
2021-11-21T23:53:17,469|[TRACE] NormalizingIdentifierHelperImpl - Normalizing identifier quoting [contacts_KEY]
2021-11-21T23:53:17,469|[DEBUG] Ejb3Column - Binding column: Ejb3JoinColumn{logicalColumnName='contacts_KEY', referencedColumn='null', mappedBy='null'}
2021-11-21T23:53:17,469|[DEBUG] Ejb3Column - Binding column: Ejb3JoinColumn{logicalColumnName='null', referencedColumn='null', mappedBy='address'}
2021-11-21T23:53:17,469|[DEBUG] Ejb3Column - Binding column: Ejb3JoinColumn{logicalColumnName='null', referencedColumn='null', mappedBy='address'}
2021-11-21T23:53:17,469|[DEBUG] CollectionBinder - Collection role: bloodbank.entity.Address.contacts
2021-11-21T23:53:17,469|[DEBUG] PropertyBinder - Building property contacts
2021-11-21T23:53:17,469|[TRACE] PropertyBinder - Cascading contacts with none
2021-11-21T23:53:17,469|[TRACE] AnnotationBinder - Processing annotations of bloodbank.entity.Address.country
2021-11-21T23:53:17,469|[TRACE] NormalizingIdentifierHelperImpl - Normalizing identifier quoting [country]
2021-11-21T23:53:17,469|[TRACE] NormalizingIdentifierHelperImpl - Normalizing identifier quoting [country]
2021-11-21T23:53:17,469|[DEBUG] Ejb3Column - Binding column: Ejb3Column{table=org.hibernate.mapping.Table(address), mappingColumn=country, insertable=true, updatable=true, unique=false}
2021-11-21T23:53:17,469|[DEBUG] PropertyBinder - MetadataSourceProcessor property country with lazy=false
2021-11-21T23:53:17,469|[DEBUG] AbstractPropertyHolder - Attempting to locate auto-apply AttributeConverter for property [bloodbank.entity.Address:country]
2021-11-21T23:53:17,469|[DEBUG] SimpleValueBinder - building SimpleValue for country
2021-11-21T23:53:17,469|[TRACE] NormalizingIdentifierHelperImpl - Normalizing identifier quoting [country]
2021-11-21T23:53:17,470|[TRACE] NormalizingIdentifierHelperImpl - Normalizing identifier quoting [country]
2021-11-21T23:53:17,470|[TRACE] NormalizingIdentifierHelperImpl - Normalizing identifier quoting [country]
2021-11-21T23:53:17,470|[DEBUG] PropertyBinder - Building property country
2021-11-21T23:53:17,470|[TRACE] PropertyBinder - Cascading country with null
2021-11-21T23:53:17,470|[TRACE] AnnotationBinder - Processing annotations of bloodbank.entity.Address.province
2021-11-21T23:53:17,470|[TRACE] NormalizingIdentifierHelperImpl - Normalizing identifier quoting [province]
2021-11-21T23:53:17,470|[TRACE] NormalizingIdentifierHelperImpl - Normalizing identifier quoting [province]
2021-11-21T23:53:17,470|[DEBUG] Ejb3Column - Binding column: Ejb3Column{table=org.hibernate.mapping.Table(address), mappingColumn=province, insertable=true, updatable=true, unique=false}
2021-11-21T23:53:17,470|[DEBUG] PropertyBinder - MetadataSourceProcessor property province with lazy=false
2021-11-21T23:53:17,470|[DEBUG] AbstractPropertyHolder - Attempting to locate auto-apply AttributeConverter for property [bloodbank.entity.Address:province]
2021-11-21T23:53:17,470|[DEBUG] SimpleValueBinder - building SimpleValue for province
2021-11-21T23:53:17,470|[TRACE] NormalizingIdentifierHelperImpl - Normalizing identifier quoting [province]
2021-11-21T23:53:17,470|[TRACE] NormalizingIdentifierHelperImpl - Normalizing identifier quoting [province]
2021-11-21T23:53:17,470|[TRACE] NormalizingIdentifierHelperImpl - Normalizing identifier quoting [province]
2021-11-21T23:53:17,470|[DEBUG] PropertyBinder - Building property province
2021-11-21T23:53:17,470|[TRACE] PropertyBinder - Cascading province with null
2021-11-21T23:53:17,470|[TRACE] AnnotationBinder - Processing annotations of bloodbank.entity.Address.street
2021-11-21T23:53:17,470|[TRACE] NormalizingIdentifierHelperImpl - Normalizing identifier quoting [street]
2021-11-21T23:53:17,470|[TRACE] NormalizingIdentifierHelperImpl - Normalizing identifier quoting [street]
2021-11-21T23:53:17,470|[DEBUG] Ejb3Column - Binding column: Ejb3Column{table=org.hibernate.mapping.Table(address), mappingColumn=street, insertable=true, updatable=true, unique=false}
2021-11-21T23:53:17,470|[DEBUG] PropertyBinder - MetadataSourceProcessor property street with lazy=false
2021-11-21T23:53:17,470|[DEBUG] AbstractPropertyHolder - Attempting to locate auto-apply AttributeConverter for property [bloodbank.entity.Address:street]
2021-11-21T23:53:17,470|[DEBUG] SimpleValueBinder - building SimpleValue for street
2021-11-21T23:53:17,470|[TRACE] NormalizingIdentifierHelperImpl - Normalizing identifier quoting [street]
2021-11-21T23:53:17,470|[TRACE] NormalizingIdentifierHelperImpl - Normalizing identifier quoting [street]
2021-11-21T23:53:17,470|[TRACE] NormalizingIdentifierHelperImpl - Normalizing identifier quoting [street]
2021-11-21T23:53:17,470|[DEBUG] PropertyBinder - Building property street
2021-11-21T23:53:17,470|[TRACE] PropertyBinder - Cascading street with null
2021-11-21T23:53:17,471|[TRACE] AnnotationBinder - Processing annotations of bloodbank.entity.Address.streetNumber
2021-11-21T23:53:17,471|[TRACE] NormalizingIdentifierHelperImpl - Normalizing identifier quoting [street_number]
2021-11-21T23:53:17,471|[TRACE] NormalizingIdentifierHelperImpl - Normalizing identifier quoting [street_number]
2021-11-21T23:53:17,471|[DEBUG] Ejb3Column - Binding column: Ejb3Column{table=org.hibernate.mapping.Table(address), mappingColumn=street_number, insertable=true, updatable=true, unique=false}
2021-11-21T23:53:17,471|[DEBUG] PropertyBinder - MetadataSourceProcessor property streetNumber with lazy=false
2021-11-21T23:53:17,471|[DEBUG] AbstractPropertyHolder - Attempting to locate auto-apply AttributeConverter for property [bloodbank.entity.Address:streetNumber]
2021-11-21T23:53:17,471|[DEBUG] SimpleValueBinder - building SimpleValue for streetNumber
2021-11-21T23:53:17,471|[TRACE] NormalizingIdentifierHelperImpl - Normalizing identifier quoting [street_number]
2021-11-21T23:53:17,471|[DEBUG] PropertyBinder - Building property streetNumber
2021-11-21T23:53:17,471|[TRACE] PropertyBinder - Cascading streetNumber with null
2021-11-21T23:53:17,471|[TRACE] AnnotationBinder - Processing annotations of bloodbank.entity.Address.zipcode
2021-11-21T23:53:17,471|[TRACE] NormalizingIdentifierHelperImpl - Normalizing identifier quoting [zipcode]
2021-11-21T23:53:17,471|[TRACE] NormalizingIdentifierHelperImpl - Normalizing identifier quoting [zipcode]
2021-11-21T23:53:17,471|[DEBUG] Ejb3Column - Binding column: Ejb3Column{table=org.hibernate.mapping.Table(address), mappingColumn=zipcode, insertable=true, updatable=true, unique=false}
2021-11-21T23:53:17,471|[DEBUG] PropertyBinder - MetadataSourceProcessor property zipcode with lazy=false
2021-11-21T23:53:17,471|[DEBUG] AbstractPropertyHolder - Attempting to locate auto-apply AttributeConverter for property [bloodbank.entity.Address:zipcode]
2021-11-21T23:53:17,471|[DEBUG] SimpleValueBinder - building SimpleValue for zipcode
2021-11-21T23:53:17,471|[TRACE] NormalizingIdentifierHelperImpl - Normalizing identifier quoting [zipcode]
2021-11-21T23:53:17,472|[TRACE] NormalizingIdentifierHelperImpl - Normalizing identifier quoting [zipcode]
2021-11-21T23:53:17,472|[TRACE] NormalizingIdentifierHelperImpl - Normalizing identifier quoting [zipcode]
2021-11-21T23:53:17,472|[DEBUG] PropertyBinder - Building property zipcode
2021-11-21T23:53:17,472|[TRACE] PropertyBinder - Cascading zipcode with null
2021-11-21T23:53:17,472|[DEBUG] AnnotationBinder - Binding entity from annotated class: bloodbank.entity.Person
2021-11-21T23:53:17,472|[DEBUG] QueryBinder - Binding named query: Person.findAll => SELECT p FROM Person p
2021-11-21T23:53:17,472|[TRACE] NormalizingIdentifierHelperImpl - Normalizing identifier quoting [DTYPE]
2021-11-21T23:53:17,472|[DEBUG] Ejb3Column - Binding column: Ejb3DiscriminatorColumn{logicalColumnName'DTYPE', discriminatorTypeName='string'}
2021-11-21T23:53:17,472|[DEBUG] EntityBinder - Import with entity name Person
2021-11-21T23:53:17,472|[TRACE] InFlightMetadataCollectorImpl - Import: Person -> bloodbank.entity.Person
2021-11-21T23:53:17,473|[TRACE] InFlightMetadataCollectorImpl - Import: bloodbank.entity.Person -> bloodbank.entity.Person
2021-11-21T23:53:17,473|[TRACE] NormalizingIdentifierHelperImpl - Normalizing identifier quoting [person]
2021-11-21T23:53:17,473|[TRACE] NormalizingIdentifierHelperImpl - Normalizing identifier quoting [person]
2021-11-21T23:53:17,473|[DEBUG] EntityBinder - Bind entity bloodbank.entity.Person on table person
2021-11-21T23:53:17,473|[TRACE] AnnotationBinder - Processing annotations of bloodbank.entity.Person.id
2021-11-21T23:53:17,473|[DEBUG] Ejb3Column - Column(s) overridden for property id
2021-11-21T23:53:17,473|[TRACE] NormalizingIdentifierHelperImpl - Normalizing identifier quoting [id]
2021-11-21T23:53:17,473|[TRACE] NormalizingIdentifierHelperImpl - Normalizing identifier quoting [id]
2021-11-21T23:53:17,473|[DEBUG] Ejb3Column - Binding column: Ejb3Column{table=org.hibernate.mapping.Table(person), mappingColumn=id, insertable=true, updatable=true, unique=false}
2021-11-21T23:53:17,473|[DEBUG] ClassLoaderAccessImpl - Not known whether passed class name [bloodbank.entity.Person] is safe
2021-11-21T23:53:17,473|[DEBUG] ClassLoaderAccessImpl - No temp ClassLoader provided; using live ClassLoader for loading potentially unsafe class : bloodbank.entity.Person
2021-11-21T23:53:17,473|[DEBUG] PropertyBinder - MetadataSourceProcessor property id with lazy=false
2021-11-21T23:53:17,473|[DEBUG] AbstractPropertyHolder - Attempting to locate auto-apply AttributeConverter for property [bloodbank.entity.Person:id]
2021-11-21T23:53:17,473|[DEBUG] SimpleValueBinder - building SimpleValue for id
2021-11-21T23:53:17,473|[TRACE] NormalizingIdentifierHelperImpl - Normalizing identifier quoting [id]
2021-11-21T23:53:17,473|[DEBUG] PropertyBinder - Building property id
2021-11-21T23:53:17,473|[TRACE] PropertyBinder - Cascading id with null
2021-11-21T23:53:17,473|[DEBUG] BinderHelper - #makeIdGenerator(org.hibernate.mapping.SimpleValue([org.hibernate.mapping.Column(id)]), id, identity, , ...)
2021-11-21T23:53:17,474|[TRACE] AnnotationBinder - Bind @Id on id
2021-11-21T23:53:17,474|[TRACE] AnnotationBinder - Processing annotations of bloodbank.entity.Person.epochCreated
2021-11-21T23:53:17,474|[TRACE] NormalizingIdentifierHelperImpl - Normalizing identifier quoting [created]
2021-11-21T23:53:17,474|[TRACE] NormalizingIdentifierHelperImpl - Normalizing identifier quoting [created]
2021-11-21T23:53:17,474|[DEBUG] Ejb3Column - Binding column: Ejb3Column{table=org.hibernate.mapping.Table(person), mappingColumn=created, insertable=true, updatable=true, unique=false}
2021-11-21T23:53:17,474|[DEBUG] PropertyBinder - MetadataSourceProcessor property epochCreated with lazy=false
2021-11-21T23:53:17,474|[DEBUG] AbstractPropertyHolder - Attempting to locate auto-apply AttributeConverter for property [bloodbank.entity.Person:epochCreated]
2021-11-21T23:53:17,474|[DEBUG] SimpleValueBinder - building SimpleValue for epochCreated
2021-11-21T23:53:17,474|[TRACE] NormalizingIdentifierHelperImpl - Normalizing identifier quoting [created]
2021-11-21T23:53:17,474|[DEBUG] PropertyBinder - Building property epochCreated
2021-11-21T23:53:17,474|[TRACE] PropertyBinder - Cascading epochCreated with null
2021-11-21T23:53:17,474|[TRACE] AnnotationBinder - Processing annotations of bloodbank.entity.Person.epochUpdated
2021-11-21T23:53:17,474|[TRACE] NormalizingIdentifierHelperImpl - Normalizing identifier quoting [updated]
2021-11-21T23:53:17,474|[TRACE] NormalizingIdentifierHelperImpl - Normalizing identifier quoting [updated]
2021-11-21T23:53:17,474|[DEBUG] Ejb3Column - Binding column: Ejb3Column{table=org.hibernate.mapping.Table(person), mappingColumn=updated, insertable=true, updatable=true, unique=false}
2021-11-21T23:53:17,474|[DEBUG] PropertyBinder - MetadataSourceProcessor property epochUpdated with lazy=false
2021-11-21T23:53:17,475|[DEBUG] AbstractPropertyHolder - Attempting to locate auto-apply AttributeConverter for property [bloodbank.entity.Person:epochUpdated]
2021-11-21T23:53:17,475|[DEBUG] SimpleValueBinder - building SimpleValue for epochUpdated
2021-11-21T23:53:17,475|[TRACE] NormalizingIdentifierHelperImpl - Normalizing identifier quoting [updated]
2021-11-21T23:53:17,475|[DEBUG] PropertyBinder - Building property epochUpdated
2021-11-21T23:53:17,475|[TRACE] PropertyBinder - Cascading epochUpdated with null
2021-11-21T23:53:17,475|[TRACE] AnnotationBinder - Processing annotations of bloodbank.entity.Person.version
2021-11-21T23:53:17,475|[TRACE] NormalizingIdentifierHelperImpl - Normalizing identifier quoting [version]
2021-11-21T23:53:17,475|[TRACE] NormalizingIdentifierHelperImpl - Normalizing identifier quoting [version]
2021-11-21T23:53:17,475|[DEBUG] Ejb3Column - Binding column: Ejb3Column{table=org.hibernate.mapping.Table(person), mappingColumn=version, insertable=true, updatable=true, unique=false}
2021-11-21T23:53:17,475|[TRACE] AnnotationBinder - version is a version property
2021-11-21T23:53:17,475|[DEBUG] PropertyBinder - MetadataSourceProcessor property version with lazy=false
2021-11-21T23:53:17,475|[DEBUG] AbstractPropertyHolder - Attempting to locate auto-apply AttributeConverter for property [bloodbank.entity.Person:version]
2021-11-21T23:53:17,475|[DEBUG] SimpleValueBinder - building SimpleValue for version
2021-11-21T23:53:17,475|[TRACE] NormalizingIdentifierHelperImpl - Normalizing identifier quoting [version]
2021-11-21T23:53:17,475|[TRACE] NormalizingIdentifierHelperImpl - Normalizing identifier quoting [version]
2021-11-21T23:53:17,475|[TRACE] NormalizingIdentifierHelperImpl - Normalizing identifier quoting [version]
2021-11-21T23:53:17,475|[DEBUG] PropertyBinder - Building property version
2021-11-21T23:53:17,475|[TRACE] PropertyBinder - Cascading version with null
2021-11-21T23:53:17,475|[TRACE] AnnotationBinder - Version name: version, unsavedValue: undefined
2021-11-21T23:53:17,475|[TRACE] AnnotationBinder - Processing annotations of bloodbank.entity.Person.contacts
2021-11-21T23:53:17,476|[TRACE] NormalizingIdentifierHelperImpl - Normalizing identifier quoting [contacts]
2021-11-21T23:53:17,476|[TRACE] NormalizingIdentifierHelperImpl - Normalizing identifier quoting [contacts]
2021-11-21T23:53:17,476|[DEBUG] Ejb3Column - Binding column: Ejb3Column{table=org.hibernate.mapping.Table(person), mappingColumn=contacts, insertable=false, updatable=false, unique=false}
2021-11-21T23:53:17,476|[DEBUG] Ejb3Column - Binding column: Ejb3JoinColumn{logicalColumnName='null', referencedColumn='null', mappedBy='owner'}
2021-11-21T23:53:17,476|[DEBUG] Ejb3Column - Binding column: Ejb3Column{table=org.hibernate.mapping.Table(person), mappingColumn=null, insertable=true, updatable=true, unique=false}
2021-11-21T23:53:17,476|[TRACE] NormalizingIdentifierHelperImpl - Normalizing identifier quoting [element]
2021-11-21T23:53:17,476|[TRACE] NormalizingIdentifierHelperImpl - Normalizing identifier quoting [element]
2021-11-21T23:53:17,476|[DEBUG] Ejb3Column - Binding column: Ejb3Column{table=org.hibernate.mapping.Table(person), mappingColumn=element, insertable=false, updatable=false, unique=false}
2021-11-21T23:53:17,476|[TRACE] NormalizingIdentifierHelperImpl - Normalizing identifier quoting [contacts_KEY]
2021-11-21T23:53:17,476|[DEBUG] Ejb3Column - Binding column: Ejb3Column{table=org.hibernate.mapping.Table(person), mappingColumn=contacts_KEY, insertable=true, updatable=true, unique=false}
2021-11-21T23:53:17,476|[TRACE] NormalizingIdentifierHelperImpl - Normalizing identifier quoting [contacts_KEY]
2021-11-21T23:53:17,476|[DEBUG] Ejb3Column - Binding column: Ejb3JoinColumn{logicalColumnName='contacts_KEY', referencedColumn='null', mappedBy='null'}
2021-11-21T23:53:17,476|[DEBUG] Ejb3Column - Binding column: Ejb3JoinColumn{logicalColumnName='null', referencedColumn='null', mappedBy='owner'}
2021-11-21T23:53:17,477|[DEBUG] Ejb3Column - Binding column: Ejb3JoinColumn{logicalColumnName='null', referencedColumn='null', mappedBy='owner'}
2021-11-21T23:53:17,477|[DEBUG] CollectionBinder - Collection role: bloodbank.entity.Person.contacts
2021-11-21T23:53:17,477|[DEBUG] PropertyBinder - Building property contacts
2021-11-21T23:53:17,477|[TRACE] PropertyBinder - Cascading contacts with persist,merge,refresh
2021-11-21T23:53:17,477|[TRACE] AnnotationBinder - Processing annotations of bloodbank.entity.Person.donations
2021-11-21T23:53:17,477|[TRACE] NormalizingIdentifierHelperImpl - Normalizing identifier quoting [donations]
2021-11-21T23:53:17,477|[TRACE] NormalizingIdentifierHelperImpl - Normalizing identifier quoting [donations]
2021-11-21T23:53:17,477|[DEBUG] Ejb3Column - Binding column: Ejb3Column{table=org.hibernate.mapping.Table(person), mappingColumn=donations, insertable=false, updatable=false, unique=false}
2021-11-21T23:53:17,477|[DEBUG] Ejb3Column - Binding column: Ejb3JoinColumn{logicalColumnName='null', referencedColumn='null', mappedBy='owner'}
2021-11-21T23:53:17,477|[DEBUG] Ejb3Column - Binding column: Ejb3Column{table=org.hibernate.mapping.Table(person), mappingColumn=null, insertable=true, updatable=true, unique=false}
2021-11-21T23:53:17,477|[TRACE] NormalizingIdentifierHelperImpl - Normalizing identifier quoting [element]
2021-11-21T23:53:17,477|[TRACE] NormalizingIdentifierHelperImpl - Normalizing identifier quoting [element]
2021-11-21T23:53:17,477|[DEBUG] Ejb3Column - Binding column: Ejb3Column{table=org.hibernate.mapping.Table(person), mappingColumn=element, insertable=false, updatable=false, unique=false}
2021-11-21T23:53:17,477|[TRACE] NormalizingIdentifierHelperImpl - Normalizing identifier quoting [donations_KEY]
2021-11-21T23:53:17,478|[DEBUG] Ejb3Column - Binding column: Ejb3Column{table=org.hibernate.mapping.Table(person), mappingColumn=donations_KEY, insertable=true, updatable=true, unique=false}
2021-11-21T23:53:17,478|[TRACE] NormalizingIdentifierHelperImpl - Normalizing identifier quoting [donations_KEY]
2021-11-21T23:53:17,478|[DEBUG] Ejb3Column - Binding column: Ejb3JoinColumn{logicalColumnName='donations_KEY', referencedColumn='null', mappedBy='null'}
2021-11-21T23:53:17,478|[DEBUG] Ejb3Column - Binding column: Ejb3JoinColumn{logicalColumnName='null', referencedColumn='null', mappedBy='owner'}
2021-11-21T23:53:17,478|[DEBUG] Ejb3Column - Binding column: Ejb3JoinColumn{logicalColumnName='null', referencedColumn='null', mappedBy='owner'}
2021-11-21T23:53:17,478|[DEBUG] CollectionBinder - Collection role: bloodbank.entity.Person.donations
2021-11-21T23:53:17,478|[DEBUG] PropertyBinder - Building property donations
2021-11-21T23:53:17,478|[TRACE] PropertyBinder - Cascading donations with persist,merge,refresh
2021-11-21T23:53:17,478|[TRACE] AnnotationBinder - Processing annotations of bloodbank.entity.Person.firstName
2021-11-21T23:53:17,478|[TRACE] NormalizingIdentifierHelperImpl - Normalizing identifier quoting [first_name]
2021-11-21T23:53:17,478|[TRACE] NormalizingIdentifierHelperImpl - Normalizing identifier quoting [first_name]
2021-11-21T23:53:17,478|[DEBUG] Ejb3Column - Binding column: Ejb3Column{table=org.hibernate.mapping.Table(person), mappingColumn=first_name, insertable=true, updatable=true, unique=false}
2021-11-21T23:53:17,478|[DEBUG] PropertyBinder - MetadataSourceProcessor property firstName with lazy=false
2021-11-21T23:53:17,478|[DEBUG] AbstractPropertyHolder - Attempting to locate auto-apply AttributeConverter for property [bloodbank.entity.Person:firstName]
2021-11-21T23:53:17,478|[DEBUG] SimpleValueBinder - building SimpleValue for firstName
2021-11-21T23:53:17,478|[TRACE] NormalizingIdentifierHelperImpl - Normalizing identifier quoting [first_name]
2021-11-21T23:53:17,478|[DEBUG] PropertyBinder - Building property firstName
2021-11-21T23:53:17,478|[TRACE] PropertyBinder - Cascading firstName with null
2021-11-21T23:53:17,478|[TRACE] AnnotationBinder - Processing annotations of bloodbank.entity.Person.lastName
2021-11-21T23:53:17,478|[TRACE] NormalizingIdentifierHelperImpl - Normalizing identifier quoting [last_name]
2021-11-21T23:53:17,478|[TRACE] NormalizingIdentifierHelperImpl - Normalizing identifier quoting [last_name]
2021-11-21T23:53:17,478|[DEBUG] Ejb3Column - Binding column: Ejb3Column{table=org.hibernate.mapping.Table(person), mappingColumn=last_name, insertable=true, updatable=true, unique=false}
2021-11-21T23:53:17,479|[DEBUG] PropertyBinder - MetadataSourceProcessor property lastName with lazy=false
2021-11-21T23:53:17,479|[DEBUG] AbstractPropertyHolder - Attempting to locate auto-apply AttributeConverter for property [bloodbank.entity.Person:lastName]
2021-11-21T23:53:17,479|[DEBUG] SimpleValueBinder - building SimpleValue for lastName
2021-11-21T23:53:17,479|[TRACE] NormalizingIdentifierHelperImpl - Normalizing identifier quoting [last_name]
2021-11-21T23:53:17,479|[DEBUG] PropertyBinder - Building property lastName
2021-11-21T23:53:17,479|[TRACE] PropertyBinder - Cascading lastName with null
2021-11-21T23:53:17,479|[DEBUG] AnnotationBinder - Binding entity from annotated class: bloodbank.entity.PublicBloodBank
2021-11-21T23:53:17,480|[DEBUG] EntityBinder - Import with entity name PublicBloodBank
2021-11-21T23:53:17,480|[TRACE] InFlightMetadataCollectorImpl - Import: PublicBloodBank -> bloodbank.entity.PublicBloodBank
2021-11-21T23:53:17,480|[TRACE] InFlightMetadataCollectorImpl - Import: bloodbank.entity.PublicBloodBank -> bloodbank.entity.PublicBloodBank
2021-11-21T23:53:17,480|[TRACE] NormalizingIdentifierHelperImpl - Normalizing identifier quoting [blood_bank]
2021-11-21T23:53:17,480|[DEBUG] AnnotationBinder - Binding entity from annotated class: bloodbank.entity.DonationRecord
2021-11-21T23:53:17,480|[DEBUG] QueryBinder - Binding named query: DonationRecord.findAll => SELECT d FROM DonationRecord d
2021-11-21T23:53:17,480|[TRACE] NormalizingIdentifierHelperImpl - Normalizing identifier quoting [DTYPE]
2021-11-21T23:53:17,480|[DEBUG] Ejb3Column - Binding column: Ejb3DiscriminatorColumn{logicalColumnName'DTYPE', discriminatorTypeName='string'}
2021-11-21T23:53:17,480|[DEBUG] EntityBinder - Import with entity name DonationRecord
2021-11-21T23:53:17,480|[TRACE] InFlightMetadataCollectorImpl - Import: DonationRecord -> bloodbank.entity.DonationRecord
2021-11-21T23:53:17,480|[TRACE] InFlightMetadataCollectorImpl - Import: bloodbank.entity.DonationRecord -> bloodbank.entity.DonationRecord
2021-11-21T23:53:17,480|[TRACE] NormalizingIdentifierHelperImpl - Normalizing identifier quoting [donation_record]
2021-11-21T23:53:17,480|[TRACE] NormalizingIdentifierHelperImpl - Normalizing identifier quoting [donation_record]
2021-11-21T23:53:17,480|[DEBUG] EntityBinder - Bind entity bloodbank.entity.DonationRecord on table donation_record
2021-11-21T23:53:17,481|[TRACE] AnnotationBinder - Processing annotations of bloodbank.entity.DonationRecord.id
2021-11-21T23:53:17,481|[DEBUG] Ejb3Column - Column(s) overridden for property id
2021-11-21T23:53:17,481|[TRACE] NormalizingIdentifierHelperImpl - Normalizing identifier quoting [record_id]
2021-11-21T23:53:17,481|[TRACE] NormalizingIdentifierHelperImpl - Normalizing identifier quoting [record_id]
2021-11-21T23:53:17,481|[DEBUG] Ejb3Column - Binding column: Ejb3Column{table=org.hibernate.mapping.Table(donation_record), mappingColumn=record_id, insertable=true, updatable=true, unique=false}
2021-11-21T23:53:17,481|[DEBUG] ClassLoaderAccessImpl - Not known whether passed class name [bloodbank.entity.DonationRecord] is safe
2021-11-21T23:53:17,481|[DEBUG] ClassLoaderAccessImpl - No temp ClassLoader provided; using live ClassLoader for loading potentially unsafe class : bloodbank.entity.DonationRecord
2021-11-21T23:53:17,482|[DEBUG] PropertyBinder - MetadataSourceProcessor property id with lazy=false
2021-11-21T23:53:17,482|[DEBUG] AbstractPropertyHolder - Attempting to locate auto-apply AttributeConverter for property [bloodbank.entity.DonationRecord:id]
2021-11-21T23:53:17,482|[DEBUG] SimpleValueBinder - building SimpleValue for id
2021-11-21T23:53:17,482|[TRACE] NormalizingIdentifierHelperImpl - Normalizing identifier quoting [record_id]
2021-11-21T23:53:17,482|[DEBUG] PropertyBinder - Building property id
2021-11-21T23:53:17,482|[TRACE] PropertyBinder - Cascading id with null
2021-11-21T23:53:17,482|[DEBUG] BinderHelper - #makeIdGenerator(org.hibernate.mapping.SimpleValue([org.hibernate.mapping.Column(record_id)]), id, identity, , ...)
2021-11-21T23:53:17,482|[TRACE] AnnotationBinder - Bind @Id on id
2021-11-21T23:53:17,482|[TRACE] AnnotationBinder - Processing annotations of bloodbank.entity.DonationRecord.epochCreated
2021-11-21T23:53:17,482|[TRACE] NormalizingIdentifierHelperImpl - Normalizing identifier quoting [created]
2021-11-21T23:53:17,482|[TRACE] NormalizingIdentifierHelperImpl - Normalizing identifier quoting [created]
2021-11-21T23:53:17,482|[DEBUG] Ejb3Column - Binding column: Ejb3Column{table=org.hibernate.mapping.Table(donation_record), mappingColumn=created, insertable=true, updatable=true, unique=false}
2021-11-21T23:53:17,482|[DEBUG] PropertyBinder - MetadataSourceProcessor property epochCreated with lazy=false
2021-11-21T23:53:17,482|[DEBUG] AbstractPropertyHolder - Attempting to locate auto-apply AttributeConverter for property [bloodbank.entity.DonationRecord:epochCreated]
2021-11-21T23:53:17,482|[DEBUG] SimpleValueBinder - building SimpleValue for epochCreated
2021-11-21T23:53:17,482|[TRACE] NormalizingIdentifierHelperImpl - Normalizing identifier quoting [created]
2021-11-21T23:53:17,482|[DEBUG] PropertyBinder - Building property epochCreated
2021-11-21T23:53:17,483|[TRACE] PropertyBinder - Cascading epochCreated with null
2021-11-21T23:53:17,483|[TRACE] AnnotationBinder - Processing annotations of bloodbank.entity.DonationRecord.epochUpdated
2021-11-21T23:53:17,483|[TRACE] NormalizingIdentifierHelperImpl - Normalizing identifier quoting [updated]
2021-11-21T23:53:17,483|[TRACE] NormalizingIdentifierHelperImpl - Normalizing identifier quoting [updated]
2021-11-21T23:53:17,483|[DEBUG] Ejb3Column - Binding column: Ejb3Column{table=org.hibernate.mapping.Table(donation_record), mappingColumn=updated, insertable=true, updatable=true, unique=false}
2021-11-21T23:53:17,483|[DEBUG] PropertyBinder - MetadataSourceProcessor property epochUpdated with lazy=false
2021-11-21T23:53:17,483|[DEBUG] AbstractPropertyHolder - Attempting to locate auto-apply AttributeConverter for property [bloodbank.entity.DonationRecord:epochUpdated]
2021-11-21T23:53:17,483|[DEBUG] SimpleValueBinder - building SimpleValue for epochUpdated
2021-11-21T23:53:17,483|[TRACE] NormalizingIdentifierHelperImpl - Normalizing identifier quoting [updated]
2021-11-21T23:53:17,483|[DEBUG] PropertyBinder - Building property epochUpdated
2021-11-21T23:53:17,483|[TRACE] PropertyBinder - Cascading epochUpdated with null
2021-11-21T23:53:17,483|[TRACE] AnnotationBinder - Processing annotations of bloodbank.entity.DonationRecord.version
2021-11-21T23:53:17,483|[TRACE] NormalizingIdentifierHelperImpl - Normalizing identifier quoting [version]
2021-11-21T23:53:17,483|[TRACE] NormalizingIdentifierHelperImpl - Normalizing identifier quoting [version]
2021-11-21T23:53:17,483|[DEBUG] Ejb3Column - Binding column: Ejb3Column{table=org.hibernate.mapping.Table(donation_record), mappingColumn=version, insertable=true, updatable=true, unique=false}
2021-11-21T23:53:17,483|[TRACE] AnnotationBinder - version is a version property
2021-11-21T23:53:17,483|[DEBUG] PropertyBinder - MetadataSourceProcessor property version with lazy=false
2021-11-21T23:53:17,483|[DEBUG] AbstractPropertyHolder - Attempting to locate auto-apply AttributeConverter for property [bloodbank.entity.DonationRecord:version]
2021-11-21T23:53:17,484|[DEBUG] SimpleValueBinder - building SimpleValue for version
2021-11-21T23:53:17,484|[TRACE] NormalizingIdentifierHelperImpl - Normalizing identifier quoting [version]
2021-11-21T23:53:17,484|[TRACE] NormalizingIdentifierHelperImpl - Normalizing identifier quoting [version]
2021-11-21T23:53:17,484|[TRACE] NormalizingIdentifierHelperImpl - Normalizing identifier quoting [version]
2021-11-21T23:53:17,484|[DEBUG] PropertyBinder - Building property version
2021-11-21T23:53:17,484|[TRACE] PropertyBinder - Cascading version with null
2021-11-21T23:53:17,484|[TRACE] AnnotationBinder - Version name: version, unsavedValue: undefined
2021-11-21T23:53:17,484|[TRACE] AnnotationBinder - Processing annotations of bloodbank.entity.DonationRecord.donation
2021-11-21T23:53:17,484|[TRACE] NormalizingIdentifierHelperImpl - Normalizing identifier quoting [donation_id]
2021-11-21T23:53:17,484|[DEBUG] Ejb3Column - Binding column: Ejb3JoinColumn{logicalColumnName='donation_id', referencedColumn='donation_id', mappedBy=''}
2021-11-21T23:53:17,484|[TRACE] NormalizingIdentifierHelperImpl - Normalizing identifier quoting [donation]
2021-11-21T23:53:17,484|[TRACE] NormalizingIdentifierHelperImpl - Normalizing identifier quoting [donation]
2021-11-21T23:53:17,484|[DEBUG] Ejb3Column - Binding column: Ejb3Column{table=org.hibernate.mapping.Table(donation_record), mappingColumn=donation, insertable=true, updatable=true, unique=false}
2021-11-21T23:53:17,484|[TRACE] AnnotationBinder - Fetching donation with JOIN
2021-11-21T23:53:17,484|[DEBUG] PropertyBinder - Building property donation
2021-11-21T23:53:17,484|[TRACE] PropertyBinder - Cascading donation with all
2021-11-21T23:53:17,484|[TRACE] AnnotationBinder - Processing annotations of bloodbank.entity.DonationRecord.owner
2021-11-21T23:53:17,484|[TRACE] NormalizingIdentifierHelperImpl - Normalizing identifier quoting [person_id]
2021-11-21T23:53:17,484|[DEBUG] Ejb3Column - Binding column: Ejb3JoinColumn{logicalColumnName='person_id', referencedColumn='id', mappedBy=''}
2021-11-21T23:53:17,484|[TRACE] NormalizingIdentifierHelperImpl - Normalizing identifier quoting [owner]
2021-11-21T23:53:17,484|[TRACE] NormalizingIdentifierHelperImpl - Normalizing identifier quoting [owner]
2021-11-21T23:53:17,485|[DEBUG] Ejb3Column - Binding column: Ejb3Column{table=org.hibernate.mapping.Table(donation_record), mappingColumn=owner, insertable=true, updatable=true, unique=false}
2021-11-21T23:53:17,485|[DEBUG] PropertyBinder - Building property owner
2021-11-21T23:53:17,485|[TRACE] PropertyBinder - Cascading owner with none
2021-11-21T23:53:17,485|[TRACE] AnnotationBinder - Processing annotations of bloodbank.entity.DonationRecord.tested
2021-11-21T23:53:17,485|[TRACE] NormalizingIdentifierHelperImpl - Normalizing identifier quoting [tested]
2021-11-21T23:53:17,485|[TRACE] NormalizingIdentifierHelperImpl - Normalizing identifier quoting [tested]
2021-11-21T23:53:17,485|[DEBUG] Ejb3Column - Binding column: Ejb3Column{table=org.hibernate.mapping.Table(donation_record), mappingColumn=tested, insertable=true, updatable=true, unique=false}
2021-11-21T23:53:17,485|[DEBUG] PropertyBinder - MetadataSourceProcessor property tested with lazy=false
2021-11-21T23:53:17,485|[DEBUG] AbstractPropertyHolder - Attempting to locate auto-apply AttributeConverter for property [bloodbank.entity.DonationRecord:tested]
2021-11-21T23:53:17,485|[DEBUG] SimpleValueBinder - building SimpleValue for tested
2021-11-21T23:53:17,485|[TRACE] NormalizingIdentifierHelperImpl - Normalizing identifier quoting [tested]
2021-11-21T23:53:17,485|[TRACE] NormalizingIdentifierHelperImpl - Normalizing identifier quoting [tested]
2021-11-21T23:53:17,485|[TRACE] NormalizingIdentifierHelperImpl - Normalizing identifier quoting [tested]
2021-11-21T23:53:17,485|[DEBUG] PropertyBinder - Building property tested
2021-11-21T23:53:17,485|[TRACE] PropertyBinder - Cascading tested with null
2021-11-21T23:53:17,487|[DEBUG] SimpleValueBinder - Starting fillSimpleValue for personId
2021-11-21T23:53:17,487|[DEBUG] SimpleValueBinder - Starting fillSimpleValue for phoneId
2021-11-21T23:53:17,488|[DEBUG] SimpleValueBinder - Starting fillSimpleValue for epochCreated
2021-11-21T23:53:17,488|[DEBUG] SimpleValueBinder - Starting fillSimpleValue for epochUpdated
2021-11-21T23:53:17,488|[DEBUG] SimpleValueBinder - Starting fillSimpleValue for version
2021-11-21T23:53:17,488|[DEBUG] SimpleValueBinder - Starting fillSimpleValue for contactType
2021-11-21T23:53:17,488|[DEBUG] SimpleValueBinder - Starting fillSimpleValue for email
2021-11-21T23:53:17,488|[DEBUG] SimpleValueBinder - Starting fillSimpleValue for id
2021-11-21T23:53:17,488|[DEBUG] SimpleValueBinder - Starting fillSimpleValue for epochCreated
2021-11-21T23:53:17,488|[DEBUG] SimpleValueBinder - Starting fillSimpleValue for epochUpdated
2021-11-21T23:53:17,488|[DEBUG] SimpleValueBinder - Starting fillSimpleValue for version
2021-11-21T23:53:17,488|[DEBUG] SimpleValueBinder - Starting fillSimpleValue for areaCode
2021-11-21T23:53:17,488|[DEBUG] SimpleValueBinder - Starting fillSimpleValue for countryCode
2021-11-21T23:53:17,488|[DEBUG] SimpleValueBinder - Starting fillSimpleValue for number
2021-11-21T23:53:17,488|[DEBUG] SimpleValueBinder - Starting fillSimpleValue for id
2021-11-21T23:53:17,488|[DEBUG] SimpleValueBinder - Starting fillSimpleValue for epochCreated
2021-11-21T23:53:17,488|[DEBUG] SimpleValueBinder - Starting fillSimpleValue for epochUpdated
2021-11-21T23:53:17,488|[DEBUG] SimpleValueBinder - Starting fillSimpleValue for version
2021-11-21T23:53:17,488|[DEBUG] SimpleValueBinder - Starting fillSimpleValue for bloodGroup
2021-11-21T23:53:17,488|[DEBUG] SimpleValueBinder - Starting fillSimpleValue for rhd
2021-11-21T23:53:17,488|[DEBUG] SimpleValueBinder - Starting fillSimpleValue for milliliters
2021-11-21T23:53:17,488|[DEBUG] SimpleValueBinder - Starting fillSimpleValue for id
2021-11-21T23:53:17,488|[DEBUG] SimpleValueBinder - Starting fillSimpleValue for epochCreated
2021-11-21T23:53:17,488|[DEBUG] SimpleValueBinder - Starting fillSimpleValue for epochUpdated
2021-11-21T23:53:17,488|[DEBUG] SimpleValueBinder - Starting fillSimpleValue for version
2021-11-21T23:53:17,488|[DEBUG] SimpleValueBinder - Starting fillSimpleValue for name
2021-11-21T23:53:17,488|[DEBUG] SimpleValueBinder - Starting fillSimpleValue for id
2021-11-21T23:53:17,488|[DEBUG] SimpleValueBinder - Starting fillSimpleValue for epochCreated
2021-11-21T23:53:17,488|[DEBUG] SimpleValueBinder - Starting fillSimpleValue for epochUpdated
2021-11-21T23:53:17,488|[DEBUG] SimpleValueBinder - Starting fillSimpleValue for version
2021-11-21T23:53:17,488|[DEBUG] SimpleValueBinder - Starting fillSimpleValue for city
2021-11-21T23:53:17,488|[DEBUG] SimpleValueBinder - Starting fillSimpleValue for country
2021-11-21T23:53:17,488|[DEBUG] SimpleValueBinder - Starting fillSimpleValue for province
2021-11-21T23:53:17,488|[DEBUG] SimpleValueBinder - Starting fillSimpleValue for street
2021-11-21T23:53:17,488|[DEBUG] SimpleValueBinder - Starting fillSimpleValue for streetNumber
2021-11-21T23:53:17,489|[DEBUG] SimpleValueBinder - Starting fillSimpleValue for zipcode
2021-11-21T23:53:17,489|[DEBUG] SimpleValueBinder - Starting fillSimpleValue for id
2021-11-21T23:53:17,489|[DEBUG] SimpleValueBinder - Starting fillSimpleValue for epochCreated
2021-11-21T23:53:17,489|[DEBUG] SimpleValueBinder - Starting fillSimpleValue for epochUpdated
2021-11-21T23:53:17,489|[DEBUG] SimpleValueBinder - Starting fillSimpleValue for version
2021-11-21T23:53:17,489|[DEBUG] SimpleValueBinder - Starting fillSimpleValue for firstName
2021-11-21T23:53:17,489|[DEBUG] SimpleValueBinder - Starting fillSimpleValue for lastName
2021-11-21T23:53:17,489|[DEBUG] SimpleValueBinder - Starting fillSimpleValue for id
2021-11-21T23:53:17,489|[DEBUG] SimpleValueBinder - Starting fillSimpleValue for epochCreated
2021-11-21T23:53:17,489|[DEBUG] SimpleValueBinder - Starting fillSimpleValue for epochUpdated
2021-11-21T23:53:17,489|[DEBUG] SimpleValueBinder - Starting fillSimpleValue for version
2021-11-21T23:53:17,489|[DEBUG] SimpleValueBinder - Starting fillSimpleValue for tested
2021-11-21T23:53:17,489|[TRACE] NormalizingIdentifierHelperImpl - Normalizing identifier quoting [address_id]
2021-11-21T23:53:17,489|[TRACE] NormalizingIdentifierHelperImpl - Normalizing identifier quoting [address_id]
2021-11-21T23:53:17,489|[TRACE] NormalizingIdentifierHelperImpl - Normalizing identifier quoting [address_id]
2021-11-21T23:53:17,489|[TRACE] NormalizingIdentifierHelperImpl - Normalizing identifier quoting [address_id]
2021-11-21T23:53:17,489|[TRACE] NormalizingIdentifierHelperImpl - Normalizing identifier quoting [address_id]
2021-11-21T23:53:17,489|[TRACE] NormalizingIdentifierHelperImpl - Normalizing identifier quoting [address_id]
2021-11-21T23:53:17,489|[TRACE] NormalizingIdentifierHelperImpl - Normalizing identifier quoting [address_id]
2021-11-21T23:53:17,489|[TRACE] NormalizingIdentifierHelperImpl - Normalizing identifier quoting [address_id]
2021-11-21T23:53:17,489|[TRACE] NormalizingIdentifierHelperImpl - Normalizing identifier quoting [address_id]
2021-11-21T23:53:17,492|[TRACE] NormalizingIdentifierHelperImpl - Normalizing identifier quoting [id]
2021-11-21T23:53:17,492|[TRACE] NormalizingIdentifierHelperImpl - Normalizing identifier quoting [id]
2021-11-21T23:53:17,492|[TRACE] NormalizingIdentifierHelperImpl - Normalizing identifier quoting [id]
2021-11-21T23:53:17,492|[TRACE] NormalizingIdentifierHelperImpl - Normalizing identifier quoting [id]
2021-11-21T23:53:17,492|[TRACE] NormalizingIdentifierHelperImpl - Normalizing identifier quoting [id]
2021-11-21T23:53:17,492|[TRACE] NormalizingIdentifierHelperImpl - Normalizing identifier quoting [person_id]
2021-11-21T23:53:17,492|[TRACE] NormalizingIdentifierHelperImpl - Normalizing identifier quoting [id]
2021-11-21T23:53:17,492|[TRACE] NormalizingIdentifierHelperImpl - Normalizing identifier quoting [person_id]
2021-11-21T23:53:17,492|[TRACE] NormalizingIdentifierHelperImpl - Normalizing identifier quoting [person_id]
2021-11-21T23:53:17,492|[TRACE] NormalizingIdentifierHelperImpl - Normalizing identifier quoting [phone_id]
2021-11-21T23:53:17,492|[TRACE] NormalizingIdentifierHelperImpl - Normalizing identifier quoting [phone_id]
2021-11-21T23:53:17,493|[TRACE] NormalizingIdentifierHelperImpl - Normalizing identifier quoting [phone_id]
2021-11-21T23:53:17,493|[TRACE] NormalizingIdentifierHelperImpl - Normalizing identifier quoting [phone_id]
2021-11-21T23:53:17,493|[TRACE] NormalizingIdentifierHelperImpl - Normalizing identifier quoting [phone_id]
2021-11-21T23:53:17,493|[TRACE] NormalizingIdentifierHelperImpl - Normalizing identifier quoting [phone_id]
2021-11-21T23:53:17,493|[TRACE] NormalizingIdentifierHelperImpl - Normalizing identifier quoting [phone_id]
2021-11-21T23:53:17,493|[TRACE] NormalizingIdentifierHelperImpl - Normalizing identifier quoting [phone_id]
2021-11-21T23:53:17,493|[TRACE] NormalizingIdentifierHelperImpl - Normalizing identifier quoting [phone_id]
2021-11-21T23:53:17,493|[TRACE] NormalizingIdentifierHelperImpl - Normalizing identifier quoting [bank_id]
2021-11-21T23:53:17,493|[TRACE] NormalizingIdentifierHelperImpl - Normalizing identifier quoting [bank_id]
2021-11-21T23:53:17,493|[TRACE] NormalizingIdentifierHelperImpl - Normalizing identifier quoting [bank_id]
2021-11-21T23:53:17,493|[TRACE] NormalizingIdentifierHelperImpl - Normalizing identifier quoting [bank_id]
2021-11-21T23:53:17,493|[TRACE] NormalizingIdentifierHelperImpl - Normalizing identifier quoting [bank_id]
2021-11-21T23:53:17,493|[TRACE] NormalizingIdentifierHelperImpl - Normalizing identifier quoting [bank_id]
2021-11-21T23:53:17,493|[TRACE] NormalizingIdentifierHelperImpl - Normalizing identifier quoting [bank_id]
2021-11-21T23:53:17,493|[TRACE] NormalizingIdentifierHelperImpl - Normalizing identifier quoting [bank_id]
2021-11-21T23:53:17,493|[TRACE] NormalizingIdentifierHelperImpl - Normalizing identifier quoting [bank_id]
2021-11-21T23:53:17,493|[TRACE] NormalizingIdentifierHelperImpl - Normalizing identifier quoting [donation_id]
2021-11-21T23:53:17,493|[TRACE] NormalizingIdentifierHelperImpl - Normalizing identifier quoting [donation_id]
2021-11-21T23:53:17,493|[TRACE] NormalizingIdentifierHelperImpl - Normalizing identifier quoting [donation_id]
2021-11-21T23:53:17,493|[TRACE] NormalizingIdentifierHelperImpl - Normalizing identifier quoting [donation_id]
2021-11-21T23:53:17,493|[TRACE] NormalizingIdentifierHelperImpl - Normalizing identifier quoting [donation_id]
2021-11-21T23:53:17,493|[TRACE] NormalizingIdentifierHelperImpl - Normalizing identifier quoting [donation_id]
2021-11-21T23:53:17,493|[TRACE] NormalizingIdentifierHelperImpl - Normalizing identifier quoting [donation_id]
2021-11-21T23:53:17,493|[TRACE] NormalizingIdentifierHelperImpl - Normalizing identifier quoting [donation_id]
2021-11-21T23:53:17,493|[TRACE] NormalizingIdentifierHelperImpl - Normalizing identifier quoting [donation_id]
2021-11-21T23:53:17,493|[TRACE] NormalizingIdentifierHelperImpl - Normalizing identifier quoting [id]
2021-11-21T23:53:17,493|[TRACE] NormalizingIdentifierHelperImpl - Normalizing identifier quoting [id]
2021-11-21T23:53:17,493|[TRACE] NormalizingIdentifierHelperImpl - Normalizing identifier quoting [id]
2021-11-21T23:53:17,493|[TRACE] NormalizingIdentifierHelperImpl - Normalizing identifier quoting [id]
2021-11-21T23:53:17,493|[TRACE] NormalizingIdentifierHelperImpl - Normalizing identifier quoting [id]
2021-11-21T23:53:17,494|[TRACE] NormalizingIdentifierHelperImpl - Normalizing identifier quoting [person_id]
2021-11-21T23:53:17,494|[TRACE] NormalizingIdentifierHelperImpl - Normalizing identifier quoting [id]
2021-11-21T23:53:17,494|[TRACE] NormalizingIdentifierHelperImpl - Normalizing identifier quoting [person_id]
2021-11-21T23:53:17,494|[TRACE] NormalizingIdentifierHelperImpl - Normalizing identifier quoting [person_id]
2021-11-21T23:53:17,495|[DEBUG] PrimaryKey - Forcing column [person_id] to be non-null as it is part of the primary key for table [contact]
2021-11-21T23:53:17,495|[DEBUG] PrimaryKey - Forcing column [phone_id] to be non-null as it is part of the primary key for table [contact]
2021-11-21T23:53:17,495|[DEBUG] PrimaryKey - Forcing column [phone_id] to be non-null as it is part of the primary key for table [phone]
2021-11-21T23:53:17,495|[DEBUG] PrimaryKey - Forcing column [donation_id] to be non-null as it is part of the primary key for table [blood_donation]
2021-11-21T23:53:17,495|[DEBUG] PrimaryKey - Forcing column [bank_id] to be non-null as it is part of the primary key for table [blood_bank]
2021-11-21T23:53:17,495|[DEBUG] PrimaryKey - Forcing column [address_id] to be non-null as it is part of the primary key for table [address]
2021-11-21T23:53:17,495|[DEBUG] PrimaryKey - Forcing column [id] to be non-null as it is part of the primary key for table [person]
2021-11-21T23:53:17,495|[DEBUG] PrimaryKey - Forcing column [record_id] to be non-null as it is part of the primary key for table [donation_record]
2021-11-21T23:53:17,496|[DEBUG] PropertyBinder - Building property record
2021-11-21T23:53:17,496|[TRACE] PropertyBinder - Cascading record with none
2021-11-21T23:53:17,496|[DEBUG] CollectionSecondPass - Second pass for collection: bloodbank.entity.Phone.contacts
2021-11-21T23:53:17,496|[DEBUG] CollectionBinder - Binding a OneToMany: bloodbank.entity.Phone.contacts through a foreign key
2021-11-21T23:53:17,497|[DEBUG] CollectionBinder - Mapping collection: bloodbank.entity.Phone.contacts -> contact
2021-11-21T23:53:17,497|[DEBUG] TableBinder - Retrieving property bloodbank.entity.Contact.phone
2021-11-21T23:53:17,498|[DEBUG] CollectionSecondPass - Mapped collection key: phone_id, one-to-many: bloodbank.entity.Contact
2021-11-21T23:53:17,498|[DEBUG] CollectionSecondPass - Second pass for collection: bloodbank.entity.BloodBank.donations
2021-11-21T23:53:17,498|[DEBUG] CollectionBinder - Binding a OneToMany: bloodbank.entity.BloodBank.donations through a foreign key
2021-11-21T23:53:17,498|[DEBUG] CollectionBinder - Mapping collection: bloodbank.entity.BloodBank.donations -> blood_donation
2021-11-21T23:53:17,498|[DEBUG] TableBinder - Retrieving property bloodbank.entity.BloodDonation.bank
2021-11-21T23:53:17,498|[DEBUG] CollectionSecondPass - Mapped collection key: bank_id, one-to-many: bloodbank.entity.BloodDonation
2021-11-21T23:53:17,498|[DEBUG] CollectionSecondPass - Second pass for collection: bloodbank.entity.Address.contacts
2021-11-21T23:53:17,498|[DEBUG] CollectionBinder - Binding a OneToMany: bloodbank.entity.Address.contacts through a foreign key
2021-11-21T23:53:17,498|[DEBUG] CollectionBinder - Mapping collection: bloodbank.entity.Address.contacts -> contact
2021-11-21T23:53:17,498|[DEBUG] TableBinder - Retrieving property bloodbank.entity.Contact.address
2021-11-21T23:53:17,498|[DEBUG] CollectionSecondPass - Mapped collection key: address_id, one-to-many: bloodbank.entity.Contact
2021-11-21T23:53:17,498|[DEBUG] CollectionSecondPass - Second pass for collection: bloodbank.entity.Person.contacts
2021-11-21T23:53:17,498|[DEBUG] CollectionBinder - Binding a OneToMany: bloodbank.entity.Person.contacts through a foreign key
2021-11-21T23:53:17,498|[DEBUG] CollectionBinder - Mapping collection: bloodbank.entity.Person.contacts -> contact
2021-11-21T23:53:17,498|[DEBUG] TableBinder - Retrieving property bloodbank.entity.Contact.owner
2021-11-21T23:53:17,498|[DEBUG] CollectionSecondPass - Mapped collection key: person_id, one-to-many: bloodbank.entity.Contact
2021-11-21T23:53:17,498|[DEBUG] CollectionSecondPass - Second pass for collection: bloodbank.entity.Person.donations
2021-11-21T23:53:17,498|[DEBUG] CollectionBinder - Binding a OneToMany: bloodbank.entity.Person.donations through a foreign key
2021-11-21T23:53:17,498|[DEBUG] CollectionBinder - Mapping collection: bloodbank.entity.Person.donations -> donation_record
2021-11-21T23:53:17,498|[DEBUG] TableBinder - Retrieving property bloodbank.entity.DonationRecord.owner
2021-11-21T23:53:17,498|[DEBUG] CollectionSecondPass - Mapped collection key: person_id, one-to-many: bloodbank.entity.DonationRecord
2021-11-21T23:53:17,499|[DEBUG] InFlightMetadataCollectorImpl - Resolving reference to class: bloodbank.entity.BloodBank
2021-11-21T23:53:17,499|[TRACE] NormalizingIdentifierHelperImpl - Normalizing identifier quoting [bank_id]
2021-11-21T23:53:17,500|[TRACE] NormalizingIdentifierHelperImpl - Normalizing identifier quoting [FK35l5lwcy7xl2a6tvg04g7o78o]
2021-11-21T23:53:17,500|[DEBUG] InFlightMetadataCollectorImpl - Resolving reference to class: bloodbank.entity.Address
2021-11-21T23:53:17,500|[TRACE] NormalizingIdentifierHelperImpl - Normalizing identifier quoting [address_id]
2021-11-21T23:53:17,500|[TRACE] NormalizingIdentifierHelperImpl - Normalizing identifier quoting [FKl0sju2uai8cgdtic18wy5hlfr]
2021-11-21T23:53:17,500|[DEBUG] InFlightMetadataCollectorImpl - Resolving reference to class: bloodbank.entity.Person
2021-11-21T23:53:17,500|[TRACE] NormalizingIdentifierHelperImpl - Normalizing identifier quoting [person_id]
2021-11-21T23:53:17,501|[TRACE] NormalizingIdentifierHelperImpl - Normalizing identifier quoting [FKjbcdaayhsa4dhcuc5q0kkw8et]
2021-11-21T23:53:17,501|[DEBUG] InFlightMetadataCollectorImpl - Resolving reference to class: bloodbank.entity.Phone
2021-11-21T23:53:17,501|[TRACE] NormalizingIdentifierHelperImpl - Normalizing identifier quoting [phone_id]
2021-11-21T23:53:17,501|[TRACE] NormalizingIdentifierHelperImpl - Normalizing identifier quoting [FKj0erqcin09fsecb869qdkgnli]
2021-11-21T23:53:17,501|[DEBUG] InFlightMetadataCollectorImpl - Resolving reference to class: bloodbank.entity.BloodDonation
2021-11-21T23:53:17,501|[TRACE] NormalizingIdentifierHelperImpl - Normalizing identifier quoting [donation_id]
2021-11-21T23:53:17,501|[TRACE] NormalizingIdentifierHelperImpl - Normalizing identifier quoting [FK5os0h3pehrbipqs82hpi2roqi]
2021-11-21T23:53:17,501|[DEBUG] InFlightMetadataCollectorImpl - Resolving reference to class: bloodbank.entity.Person
2021-11-21T23:53:17,501|[TRACE] NormalizingIdentifierHelperImpl - Normalizing identifier quoting [person_id]
2021-11-21T23:53:17,501|[TRACE] NormalizingIdentifierHelperImpl - Normalizing identifier quoting [FKg7oj3wip5i4to211cj8e1d4nx]
2021-11-21T23:53:17,503|[DEBUG] InFlightMetadataCollectorImpl - Resolving reference to class: bloodbank.entity.BloodBank
2021-11-21T23:53:17,503|[TRACE] NormalizingIdentifierHelperImpl - Normalizing identifier quoting [bank_id]
2021-11-21T23:53:17,503|[DEBUG] InFlightMetadataCollectorImpl - Resolving reference to class: bloodbank.entity.Address
2021-11-21T23:53:17,503|[TRACE] NormalizingIdentifierHelperImpl - Normalizing identifier quoting [address_id]
2021-11-21T23:53:17,503|[DEBUG] InFlightMetadataCollectorImpl - Resolving reference to class: bloodbank.entity.Person
2021-11-21T23:53:17,503|[TRACE] NormalizingIdentifierHelperImpl - Normalizing identifier quoting [person_id]
2021-11-21T23:53:17,503|[DEBUG] InFlightMetadataCollectorImpl - Resolving reference to class: bloodbank.entity.Phone
2021-11-21T23:53:17,503|[TRACE] NormalizingIdentifierHelperImpl - Normalizing identifier quoting [phone_id]
2021-11-21T23:53:17,503|[DEBUG] InFlightMetadataCollectorImpl - Resolving reference to class: bloodbank.entity.BloodDonation
2021-11-21T23:53:17,503|[TRACE] NormalizingIdentifierHelperImpl - Normalizing identifier quoting [donation_id]
2021-11-21T23:53:17,503|[DEBUG] InFlightMetadataCollectorImpl - Resolving reference to class: bloodbank.entity.Person
2021-11-21T23:53:17,503|[TRACE] NormalizingIdentifierHelperImpl - Normalizing identifier quoting [person_id]
2021-11-21T23:53:17,505|[TRACE] AbstractServiceRegistryImpl - Initializing service [role=org.hibernate.property.access.spi.PropertyAccessStrategyResolver]
2021-11-21T23:53:17,511|[TRACE] AbstractServiceRegistryImpl - Initializing service [role=org.hibernate.boot.spi.SessionFactoryBuilderService]
2021-11-21T23:53:17,519|[TRACE] BatchFetchStyle - Interpreting BatchFetchStyle from setting : null
2021-11-21T23:53:17,520|[TRACE] AbstractServiceRegistryImpl - Initializing service [role=org.hibernate.resource.transaction.spi.TransactionCoordinatorBuilder]
2021-11-21T23:53:17,530|[TRACE] AbstractServiceRegistryImpl - Initializing service [role=org.hibernate.bytecode.spi.BytecodeProvider]
2021-11-21T23:53:17,540|[DEBUG] SessionFactoryImpl - Building session factory
2021-11-21T23:53:17,541|[DEBUG] Settings - SessionFactory name : null
2021-11-21T23:53:17,541|[DEBUG] Settings - Automatic flush during beforeCompletion(): enabled
2021-11-21T23:53:17,541|[DEBUG] Settings - Automatic session close at end of transaction: disabled
2021-11-21T23:53:17,541|[DEBUG] Settings - Statistics: disabled
2021-11-21T23:53:17,541|[DEBUG] Settings - Deleted entity synthetic identifier rollback: disabled
2021-11-21T23:53:17,541|[DEBUG] Settings - Default entity-mode: pojo
2021-11-21T23:53:17,541|[DEBUG] Settings - Check Nullability in Core (should be disabled when Bean Validation is on): enabled
2021-11-21T23:53:17,541|[DEBUG] Settings - Allow initialization of lazy state outside session : disabled
2021-11-21T23:53:17,541|[DEBUG] Settings - Using BatchFetchStyle : LEGACY
2021-11-21T23:53:17,541|[DEBUG] Settings - Default batch fetch size: -1
2021-11-21T23:53:17,541|[DEBUG] Settings - Maximum outer join fetch depth: 2
2021-11-21T23:53:17,541|[DEBUG] Settings - Default null ordering: NONE
2021-11-21T23:53:17,541|[DEBUG] Settings - Order SQL updates by primary key: disabled
2021-11-21T23:53:17,541|[DEBUG] Settings - Order SQL inserts for batching: disabled
2021-11-21T23:53:17,541|[DEBUG] Settings - multi-tenancy strategy : NONE
2021-11-21T23:53:17,541|[DEBUG] Settings - JTA Track by Thread: enabled
2021-11-21T23:53:17,541|[DEBUG] Settings - Query language substitutions: {}
2021-11-21T23:53:17,541|[DEBUG] Settings - Named query checking : enabled
2021-11-21T23:53:17,541|[DEBUG] Settings - Second-level cache: disabled
2021-11-21T23:53:17,541|[DEBUG] Settings - Second-level query cache: disabled
2021-11-21T23:53:17,541|[DEBUG] Settings - Second-level query cache factory: null
2021-11-21T23:53:17,541|[DEBUG] Settings - Second-level cache region prefix: null
2021-11-21T23:53:17,541|[DEBUG] Settings - Optimize second-level cache for minimal puts: disabled
2021-11-21T23:53:17,541|[DEBUG] Settings - Structured second-level cache entries: disabled
2021-11-21T23:53:17,541|[DEBUG] Settings - Second-level cache direct-reference entries: disabled
2021-11-21T23:53:17,541|[DEBUG] Settings - Automatic eviction of collection cache: disabled
2021-11-21T23:53:17,541|[DEBUG] Settings - JDBC batch size: 15
2021-11-21T23:53:17,541|[DEBUG] Settings - JDBC batch updates for versioned data: enabled
2021-11-21T23:53:17,541|[DEBUG] Settings - Scrollable result sets: enabled
2021-11-21T23:53:17,541|[DEBUG] Settings - Wrap result sets: disabled
2021-11-21T23:53:17,541|[DEBUG] Settings - JDBC3 getGeneratedKeys(): enabled
2021-11-21T23:53:17,541|[DEBUG] Settings - JDBC result set fetch size: null
2021-11-21T23:53:17,541|[DEBUG] Settings - Connection release mode: AFTER_TRANSACTION
2021-11-21T23:53:17,541|[DEBUG] Settings - Generate SQL with comments: enabled
2021-11-21T23:53:17,541|[DEBUG] Settings - JPA compliance - query : disabled
2021-11-21T23:53:17,541|[DEBUG] Settings - JPA compliance - closed-handling : disabled
2021-11-21T23:53:17,541|[DEBUG] Settings - JPA compliance - lists : disabled
2021-11-21T23:53:17,541|[DEBUG] Settings - JPA compliance - transactions : disabled
2021-11-21T23:53:17,541|[TRACE] AbstractServiceRegistryImpl - Initializing service [role=org.hibernate.service.spi.SessionFactoryServiceRegistryFactory]
2021-11-21T23:53:17,547|[TRACE] AbstractServiceRegistryImpl - Initializing service [role=org.hibernate.event.service.spi.EventListenerRegistry]
2021-11-21T23:53:17,567|[TRACE] AbstractServiceRegistryImpl - Initializing service [role=org.hibernate.resource.beans.spi.ManagedBeanRegistry]
2021-11-21T23:53:17,568|[INFO ] beans - HHH10005002: No explicit CDI BeanManager reference was passed to Hibernate, but CDI is available on the Hibernate ClassLoader.
2021-11-21T23:53:17,571|[TRACE] FallbackBeanInstanceProducer - Creating ManagedBean(bloodbank.entity.PojoCompositeListener) using direct instantiation
2021-11-21T23:53:17,572|[DEBUG] CallbackBuilderLegacyImpl - Adding setUpdatedDate as PreUpdate callback for entity bloodbank.entity.Contact
2021-11-21T23:53:17,572|[DEBUG] CallbackBuilderLegacyImpl - Adding setCreatedOnDate as PrePersist callback for entity bloodbank.entity.Contact
2021-11-21T23:53:17,573|[TRACE] FallbackBeanInstanceProducer - Creating ManagedBean(bloodbank.entity.PojoListener) using direct instantiation
2021-11-21T23:53:17,573|[DEBUG] CallbackBuilderLegacyImpl - Adding setUpdatedDate as PreUpdate callback for entity bloodbank.entity.Phone
2021-11-21T23:53:17,573|[DEBUG] CallbackBuilderLegacyImpl - Adding setCreatedOnDate as PrePersist callback for entity bloodbank.entity.Phone
2021-11-21T23:53:17,574|[DEBUG] CallbackBuilderLegacyImpl - Adding setUpdatedDate as PreUpdate callback for entity bloodbank.entity.BloodDonation
2021-11-21T23:53:17,574|[DEBUG] CallbackBuilderLegacyImpl - Adding setCreatedOnDate as PrePersist callback for entity bloodbank.entity.BloodDonation
2021-11-21T23:53:17,575|[DEBUG] CallbackBuilderLegacyImpl - Adding setUpdatedDate as PreUpdate callback for entity bloodbank.entity.BloodBank
2021-11-21T23:53:17,575|[DEBUG] CallbackBuilderLegacyImpl - Adding setCreatedOnDate as PrePersist callback for entity bloodbank.entity.BloodBank
2021-11-21T23:53:17,575|[DEBUG] ClassLoaderAccessImpl - Not known whether passed class name [bloodbank.entity.PrivateBloodBank] is safe
2021-11-21T23:53:17,575|[DEBUG] ClassLoaderAccessImpl - No temp ClassLoader provided; using live ClassLoader for loading potentially unsafe class : bloodbank.entity.PrivateBloodBank
2021-11-21T23:53:17,575|[DEBUG] CallbackBuilderLegacyImpl - Adding setUpdatedDate as PreUpdate callback for entity bloodbank.entity.PrivateBloodBank
2021-11-21T23:53:17,575|[DEBUG] CallbackBuilderLegacyImpl - Adding setCreatedOnDate as PrePersist callback for entity bloodbank.entity.PrivateBloodBank
2021-11-21T23:53:17,576|[DEBUG] CallbackBuilderLegacyImpl - Adding setUpdatedDate as PreUpdate callback for entity bloodbank.entity.DonationRecord
2021-11-21T23:53:17,576|[DEBUG] CallbackBuilderLegacyImpl - Adding setCreatedOnDate as PrePersist callback for entity bloodbank.entity.DonationRecord
2021-11-21T23:53:17,576|[DEBUG] CallbackBuilderLegacyImpl - Adding setUpdatedDate as PreUpdate callback for entity bloodbank.entity.Address
2021-11-21T23:53:17,576|[DEBUG] CallbackBuilderLegacyImpl - Adding setCreatedOnDate as PrePersist callback for entity bloodbank.entity.Address
2021-11-21T23:53:17,577|[DEBUG] CallbackBuilderLegacyImpl - Adding setUpdatedDate as PreUpdate callback for entity bloodbank.entity.Person
2021-11-21T23:53:17,577|[DEBUG] CallbackBuilderLegacyImpl - Adding setCreatedOnDate as PrePersist callback for entity bloodbank.entity.Person
2021-11-21T23:53:17,577|[DEBUG] ClassLoaderAccessImpl - Not known whether passed class name [bloodbank.entity.PublicBloodBank] is safe
2021-11-21T23:53:17,577|[DEBUG] ClassLoaderAccessImpl - No temp ClassLoader provided; using live ClassLoader for loading potentially unsafe class : bloodbank.entity.PublicBloodBank
2021-11-21T23:53:17,577|[DEBUG] CallbackBuilderLegacyImpl - Adding setUpdatedDate as PreUpdate callback for entity bloodbank.entity.PublicBloodBank
2021-11-21T23:53:17,577|[DEBUG] CallbackBuilderLegacyImpl - Adding setCreatedOnDate as PrePersist callback for entity bloodbank.entity.PublicBloodBank
2021-11-21T23:53:17,578|[TRACE] AbstractServiceRegistryImpl - Initializing service [role=org.hibernate.cache.spi.CacheImplementor]
2021-11-21T23:53:17,585|[DEBUG] SessionFactoryImpl - Session factory constructed with filter configurations : {}
2021-11-21T23:53:17,586|[DEBUG] SessionFactoryImpl - Instantiating session factory with properties: {sun.desktop=windows, awt.toolkit=sun.awt.windows.WToolkit, hibernate.format_sql=true, java.specification.version=11, sun.cpu.isalist=amd64, sun.jnu.encoding=Cp1252, hibernate.dialect=org.hibernate.dialect.MySQL8Dialect, java.class.path=C:\Users\Herman\Desktop\School\Level 4\Jave Enterprise Application\Assignment_3\BloodBank-JPA-Mapping-JUnit-Skeleton\target\test-classes;C:\Users\Herman\.m2\repository\org\junit\jupiter\junit-jupiter\5.7.0\junit-jupiter-5.7.0.jar;C:\Users\Herman\.m2\repository\org\junit\jupiter\junit-jupiter-api\5.7.0\junit-jupiter-api-5.7.0.jar;C:\Users\Herman\.m2\repository\org\apiguardian\apiguardian-api\1.1.0\apiguardian-api-1.1.0.jar;C:\Users\Herman\.m2\repository\org\opentest4j\opentest4j\1.2.0\opentest4j-1.2.0.jar;C:\Users\Herman\.m2\repository\org\junit\platform\junit-platform-commons\1.7.0\junit-platform-commons-1.7.0.jar;C:\Users\Herman\.m2\repository\org\junit\jupiter\junit-jupiter-params\5.7.0\junit-jupiter-params-5.7.0.jar;C:\Users\Herman\.m2\repository\org\junit\jupiter\junit-jupiter-engine\5.7.0\junit-jupiter-engine-5.7.0.jar;C:\Users\Herman\.m2\repository\org\junit\platform\junit-platform-engine\1.7.0\junit-platform-engine-1.7.0.jar;C:\Users\Herman\.m2\repository\org\hamcrest\hamcrest\2.2\hamcrest-2.2.jar;C:\Users\Herman\.m2\repository\org\hamcrest\hamcrest-library\2.2\hamcrest-library-2.2.jar;C:\Users\Herman\.m2\repository\org\hamcrest\hamcrest-core\2.2\hamcrest-core-2.2.jar;C:\Users\Herman\.m2\repository\org\apache\logging\log4j\log4j-core\2.14.0\log4j-core-2.14.0.jar;C:\Users\Herman\.m2\repository\org\jboss\logging\jboss-logging\3.4.1.Final\jboss-logging-3.4.1.Final.jar;C:\Users\Herman\.m2\repository\org\javassist\javassist\3.27.0-GA\javassist-3.27.0-GA.jar;C:\Users\Herman\.m2\repository\net\bytebuddy\byte-buddy\1.10.17\byte-buddy-1.10.17.jar;C:\Users\Herman\.m2\repository\antlr\antlr\2.7.7\antlr-2.7.7.jar;C:\Users\Herman\.m2\repository\org\jboss\spec\javax\transaction\jboss-transaction-api_1.2_spec\1.1.1.Final\jboss-transaction-api_1.2_spec-1.1.1.Final.jar;C:\Users\Herman\.m2\repository\org\jboss\jandex\2.1.3.Final\jandex-2.1.3.Final.jar;C:\Users\Herman\.m2\repository\com\fasterxml\classmate\1.5.1\classmate-1.5.1.jar;C:\Users\Herman\.m2\repository\javax\activation\javax.activation-api\1.2.0\javax.activation-api-1.2.0.jar;C:\Users\Herman\.m2\repository\org\dom4j\dom4j\2.1.3\dom4j-2.1.3.jar;C:\Users\Herman\.m2\repository\org\hibernate\common\hibernate-commons-annotations\5.1.2.Final\hibernate-commons-annotations-5.1.2.Final.jar;C:\Users\Herman\.m2\repository\javax\xml\bind\jaxb-api\2.3.1\jaxb-api-2.3.1.jar;C:\Users\Herman\.m2\repository\org\glassfish\jaxb\jaxb-runtime\2.3.1\jaxb-runtime-2.3.1.jar;C:\Users\Herman\.m2\repository\org\glassfish\jaxb\txw2\2.3.1\txw2-2.3.1.jar;C:\Users\Herman\.m2\repository\com\sun\istack\istack-commons-runtime\3.0.7\istack-commons-runtime-3.0.7.jar;C:\Users\Herman\.m2\repository\org\jvnet\staxex\stax-ex\1.8\stax-ex-1.8.jar;C:\Users\Herman\.m2\repository\com\sun\xml\fastinfoset\FastInfoset\1.2.15\FastInfoset-1.2.15.jar;C:\Users\Herman\.m2\repository\mysql\mysql-connector-java\8.0.23\mysql-connector-java-8.0.23.jar;C:\Users\Herman\.m2\repository\com\google\protobuf\protobuf-java\3.11.4\protobuf-java-3.11.4.jar;, java.vm.vendor=AdoptOpenJDK, sun.arch.data.model=64, user.variant=, java.vendor.url=https://adoptopenjdk.net/, user.timezone=America/New_York, javax.persistence.jdbc.url=jdbc:mysql://localhost:3306/bloodbank?createDatabaseIfNotExist=true&zeroDateTimeBehavior=convertToNull, javax.persistence.jdbc.user=****, os.name=Windows 10, java.vm.specification.version=11, javax.persistence.schema-generation.create-script-source=META-INF/sql/bloodbank-create.sql, sun.java.launcher=SUN_STANDARD, user.country=CA, local.setting.IS_JTA_TXN_COORD=false, sun.boot.library.path=C:\Program Files\AdoptOpenJDK\jdk-11.0.11.9-hotspot\bin, sun.java.command=org.apache.maven.surefire.booter.ForkedBooter C:\Users\Herman\AppData\Local\Temp\surefire18371099998671694897 2021-11-21T23-53-14_928-jvmRun1 surefire350140961489495685tmp surefire_01548292716285537178tmp, hibernate.use_sql_comments=true, jdk.debug=release, surefire.test.class.path=C:\Users\Herman\Desktop\School\Level 4\Jave Enterprise Application\Assignment_3\BloodBank-JPA-Mapping-JUnit-Skeleton\target\test-classes;C:\Users\Herman\.m2\repository\org\junit\jupiter\junit-jupiter\5.7.0\junit-jupiter-5.7.0.jar;C:\Users\Herman\.m2\repository\org\junit\jupiter\junit-jupiter-api\5.7.0\junit-jupiter-api-5.7.0.jar;C:\Users\Herman\.m2\repository\org\apiguardian\apiguardian-api\1.1.0\apiguardian-api-1.1.0.jar;C:\Users\Herman\.m2\repository\org\opentest4j\opentest4j\1.2.0\opentest4j-1.2.0.jar;C:\Users\Herman\.m2\repository\org\junit\platform\junit-platform-commons\1.7.0\junit-platform-commons-1.7.0.jar;C:\Users\Herman\.m2\repository\org\junit\jupiter\junit-jupiter-params\5.7.0\junit-jupiter-params-5.7.0.jar;C:\Users\Herman\.m2\repository\org\junit\jupiter\junit-jupiter-engine\5.7.0\junit-jupiter-engine-5.7.0.jar;C:\Users\Herman\.m2\repository\org\junit\platform\junit-platform-engine\1.7.0\junit-platform-engine-1.7.0.jar;C:\Users\Herman\.m2\repository\org\hamcrest\hamcrest\2.2\hamcrest-2.2.jar;C:\Users\Herman\.m2\repository\org\hamcrest\hamcrest-library\2.2\hamcrest-library-2.2.jar;C:\Users\Herman\.m2\repository\org\hamcrest\hamcrest-core\2.2\hamcrest-core-2.2.jar;C:\Users\Herman\.m2\repository\org\apache\logging\log4j\log4j-core\2.14.0\log4j-core-2.14.0.jar;C:\Users\Herman\.m2\repository\org\jboss\logging\jboss-logging\3.4.1.Final\jboss-logging-3.4.1.Final.jar;C:\Users\Herman\.m2\repository\org\javassist\javassist\3.27.0-GA\javassist-3.27.0-GA.jar;C:\Users\Herman\.m2\repository\net\bytebuddy\byte-buddy\1.10.17\byte-buddy-1.10.17.jar;C:\Users\Herman\.m2\repository\antlr\antlr\2.7.7\antlr-2.7.7.jar;C:\Users\Herman\.m2\repository\org\jboss\spec\javax\transaction\jboss-transaction-api_1.2_spec\1.1.1.Final\jboss-transaction-api_1.2_spec-1.1.1.Final.jar;C:\Users\Herman\.m2\repository\org\jboss\jandex\2.1.3.Final\jandex-2.1.3.Final.jar;C:\Users\Herman\.m2\repository\com\fasterxml\classmate\1.5.1\classmate-1.5.1.jar;C:\Users\Herman\.m2\repository\javax\activation\javax.activation-api\1.2.0\javax.activation-api-1.2.0.jar;C:\Users\Herman\.m2\repository\org\dom4j\dom4j\2.1.3\dom4j-2.1.3.jar;C:\Users\Herman\.m2\repository\org\hibernate\common\hibernate-commons-annotations\5.1.2.Final\hibernate-commons-annotations-5.1.2.Final.jar;C:\Users\Herman\.m2\repository\javax\xml\bind\jaxb-api\2.3.1\jaxb-api-2.3.1.jar;C:\Users\Herman\.m2\repository\org\glassfish\jaxb\jaxb-runtime\2.3.1\jaxb-runtime-2.3.1.jar;C:\Users\Herman\.m2\repository\org\glassfish\jaxb\txw2\2.3.1\txw2-2.3.1.jar;C:\Users\Herman\.m2\repository\com\sun\istack\istack-commons-runtime\3.0.7\istack-commons-runtime-3.0.7.jar;C:\Users\Herman\.m2\repository\org\jvnet\staxex\stax-ex\1.8\stax-ex-1.8.jar;C:\Users\Herman\.m2\repository\com\sun\xml\fastinfoset\FastInfoset\1.2.15\FastInfoset-1.2.15.jar;C:\Users\Herman\.m2\repository\mysql\mysql-connector-java\8.0.23\mysql-connector-java-8.0.23.jar;C:\Users\Herman\.m2\repository\com\google\protobuf\protobuf-java\3.11.4\protobuf-java-3.11.4.jar;, sun.cpu.endian=little, user.home=C:\Users\Herman, user.language=en, java.specification.vendor=Oracle Corporation, jdk.module.path=C:\Users\Herman\Desktop\School\Level 4\Jave Enterprise Application\Assignment_3\BloodBank-JPA-Mapping-JUnit-Skeleton\target\classes;C:\Users\Herman\.m2\repository\org\apache\logging\log4j\log4j-api\2.14.0\log4j-api-2.14.0.jar;C:\Users\Herman\.m2\repository\org\hibernate\hibernate-core\5.4.27.Final\hibernate-core-5.4.27.Final.jar;C:\Users\Herman\.m2\repository\jakarta\platform\jakarta.jakartaee-api\8.0.0\jakarta.jakartaee-api-8.0.0.jar, java.version.date=2021-04-20, generateReports=false, java.home=C:\Program Files\AdoptOpenJDK\jdk-11.0.11.9-hotspot, file.separator=\, basedir=C:\Users\Herman\Desktop\School\Level 4\Jave Enterprise Application\Assignment_3\BloodBank-JPA-Mapping-JUnit-Skeleton, java.vm.compressedOopsMode=32-bit, line.separator=
, java.specification.name=Java Platform API Specification, java.vm.specification.vendor=Oracle Corporation, hibernate.transaction.coordinator_class=class org.hibernate.resource.transaction.backend.jdbc.internal.JdbcResourceLocalTransactionCoordinatorBuilderImpl, java.awt.graphicsenv=sun.awt.Win32GraphicsEnvironment, javax.persistence.jdbc.driver=com.mysql.cj.jdbc.Driver, surefire.real.class.path=C:\Users\Herman\.m2\repository\org\apache\maven\surefire\surefire-booter\3.0.0-M5\surefire-booter-3.0.0-M5.jar;C:\Users\Herman\.m2\repository\org\apache\maven\surefire\surefire-api\3.0.0-M5\surefire-api-3.0.0-M5.jar;C:\Users\Herman\.m2\repository\org\apache\maven\surefire\surefire-logger-api\3.0.0-M5\surefire-logger-api-3.0.0-M5.jar;C:\Users\Herman\.m2\repository\org\apache\maven\surefire\surefire-shared-utils\3.0.0-M4\surefire-shared-utils-3.0.0-M4.jar;C:\Users\Herman\.m2\repository\org\apache\maven\surefire\surefire-extensions-spi\3.0.0-M5\surefire-extensions-spi-3.0.0-M5.jar;C:\Users\Herman\Desktop\School\Level 4\Jave Enterprise Application\Assignment_3\BloodBank-JPA-Mapping-JUnit-Skeleton\target\test-classes;C:\Users\Herman\.m2\repository\org\junit\jupiter\junit-jupiter\5.7.0\junit-jupiter-5.7.0.jar;C:\Users\Herman\.m2\repository\org\junit\jupiter\junit-jupiter-api\5.7.0\junit-jupiter-api-5.7.0.jar;C:\Users\Herman\.m2\repository\org\apiguardian\apiguardian-api\1.1.0\apiguardian-api-1.1.0.jar;C:\Users\Herman\.m2\repository\org\opentest4j\opentest4j\1.2.0\opentest4j-1.2.0.jar;C:\Users\Herman\.m2\repository\org\junit\platform\junit-platform-commons\1.7.0\junit-platform-commons-1.7.0.jar;C:\Users\Herman\.m2\repository\org\junit\jupiter\junit-jupiter-params\5.7.0\junit-jupiter-params-5.7.0.jar;C:\Users\Herman\.m2\repository\org\junit\jupiter\junit-jupiter-engine\5.7.0\junit-jupiter-engine-5.7.0.jar;C:\Users\Herman\.m2\repository\org\junit\platform\junit-platform-engine\1.7.0\junit-platform-engine-1.7.0.jar;C:\Users\Herman\.m2\repository\org\hamcrest\hamcrest\2.2\hamcrest-2.2.jar;C:\Users\Herman\.m2\repository\org\hamcrest\hamcrest-library\2.2\hamcrest-library-2.2.jar;C:\Users\Herman\.m2\repository\org\hamcrest\hamcrest-core\2.2\hamcrest-core-2.2.jar;C:\Users\Herman\.m2\repository\org\apache\logging\log4j\log4j-core\2.14.0\log4j-core-2.14.0.jar;C:\Users\Herman\.m2\repository\org\jboss\logging\jboss-logging\3.4.1.Final\jboss-logging-3.4.1.Final.jar;C:\Users\Herman\.m2\repository\org\javassist\javassist\3.27.0-GA\javassist-3.27.0-GA.jar;C:\Users\Herman\.m2\repository\net\bytebuddy\byte-buddy\1.10.17\byte-buddy-1.10.17.jar;C:\Users\Herman\.m2\repository\antlr\antlr\2.7.7\antlr-2.7.7.jar;C:\Users\Herman\.m2\repository\org\jboss\spec\javax\transaction\jboss-transaction-api_1.2_spec\1.1.1.Final\jboss-transaction-api_1.2_spec-1.1.1.Final.jar;C:\Users\Herman\.m2\repository\org\jboss\jandex\2.1.3.Final\jandex-2.1.3.Final.jar;C:\Users\Herman\.m2\repository\com\fasterxml\classmate\1.5.1\classmate-1.5.1.jar;C:\Users\Herman\.m2\repository\javax\activation\javax.activation-api\1.2.0\javax.activation-api-1.2.0.jar;C:\Users\Herman\.m2\repository\org\dom4j\dom4j\2.1.3\dom4j-2.1.3.jar;C:\Users\Herman\.m2\repository\org\hibernate\common\hibernate-commons-annotations\5.1.2.Final\hibernate-commons-annotations-5.1.2.Final.jar;C:\Users\Herman\.m2\repository\javax\xml\bind\jaxb-api\2.3.1\jaxb-api-2.3.1.jar;C:\Users\Herman\.m2\repository\org\glassfish\jaxb\jaxb-runtime\2.3.1\jaxb-runtime-2.3.1.jar;C:\Users\Herman\.m2\repository\org\glassfish\jaxb\txw2\2.3.1\txw2-2.3.1.jar;C:\Users\Herman\.m2\repository\com\sun\istack\istack-commons-runtime\3.0.7\istack-commons-runtime-3.0.7.jar;C:\Users\Herman\.m2\repository\org\jvnet\staxex\stax-ex\1.8\stax-ex-1.8.jar;C:\Users\Herman\.m2\repository\com\sun\xml\fastinfoset\FastInfoset\1.2.15\FastInfoset-1.2.15.jar;C:\Users\Herman\.m2\repository\mysql\mysql-connector-java\8.0.23\mysql-connector-java-8.0.23.jar;C:\Users\Herman\.m2\repository\com\google\protobuf\protobuf-java\3.11.4\protobuf-java-3.11.4.jar;C:\Users\Herman\.m2\repository\org\apache\maven\surefire\surefire-junit-platform\3.0.0-M5\surefire-junit-platform-3.0.0-M5.jar;C:\Users\Herman\.m2\repository\org\apache\maven\surefire\common-java5\3.0.0-M5\common-java5-3.0.0-M5.jar;C:\Users\Herman\.m2\repository\org\junit\platform\junit-platform-launcher\1.7.0\junit-platform-launcher-1.7.0.jar, user.script=, sun.management.compiler=HotSpot 64-Bit Tiered Compilers, java.runtime.version=11.0.11+9, user.name=Herman, path.separator=;, hibernate.connection.username=****, os.version=10.0, hibernate.hbm2ddl.import_files_sql_extractor=org.hibernate.tool.hbm2ddl.MultipleLinesSqlCommandExtractor, java.runtime.name=OpenJDK Runtime Environment, hibernate.connection.url=jdbc:mysql://localhost:3306/bloodbank?createDatabaseIfNotExist=true&zeroDateTimeBehavior=convertToNull, file.encoding=Cp1252, hibernate.ejb.persistenceUnitName=bloodbank-PU, java.vm.name=OpenJDK 64-Bit Server VM, java.vendor.version=AdoptOpenJDK-11.0.11+9, javax.persistence.schema-generation.drop-script-source=META-INF/sql/bloodbank-drop.sql, localRepository=C:\Users\Herman\.m2\repository, hibernate.connection.driver_class=com.mysql.cj.jdbc.Driver, java.vendor.url.bug=https://github.com/AdoptOpenJDK/openjdk-support/issues, java.io.tmpdir=C:\Users\Herman\AppData\Local\Temp\, javax.persistence.schema-generation.drop-source=script, javax.persistence.schema-generation.create-source=script, java.version=11.0.11, user.dir=C:\Users\Herman\Desktop\School\Level 4\Jave Enterprise Application\Assignment_3\BloodBank-JPA-Mapping-JUnit-Skeleton, os.arch=amd64, java.vm.specification.name=Java Virtual Machine Specification, java.awt.printerjob=sun.awt.windows.WPrinterJob, javax.persistence.schema-generation.database.action=drop-and-create, hibernate.connection.password=****, sun.os.patch.level=, hibernate.boot.CfgXmlAccessService.key=org.hibernate.boot.registry.StandardServiceRegistryBuilder$1@fd413fb, java.library.path=C:\Program Files\AdoptOpenJDK\jdk-11.0.11.9-hotspot\bin;C:\WINDOWS\Sun\Java\bin;C:\WINDOWS\system32;C:\WINDOWS;C:/Program Files/AdoptOpenJDK/jdk-11.0.11.9-hotspot/bin/client;C:/Program Files/AdoptOpenJDK/jdk-11.0.11.9-hotspot/bin;C:\Program Files\AdoptOpenJDK\jdk-11.0.11.9-hotspot\bin;"C:\Program Files\AdoptOpenJDK\jdk-11.0.11.9-hotspot\\bin;";C:\Program Files\Oculus\Support\oculus-runtime;C:\Windows\system32;C:\Windows;C:\Windows\System32\Wbem;C:\Windows\System32\WindowsPowerShell\v1.0\;C:\Windows\System32\OpenSSH\;C:\Program Files (x86)\NVIDIA Corporation\PhysX\Common;C:\Program Files\NVIDIA Corporation\NVIDIA NvDLISR;C:\WINDOWS\system32;C:\WINDOWS;C:\WINDOWS\System32\Wbem;C:\WINDOWS\System32\WindowsPowerShell\v1.0\;C:\WINDOWS\System32\OpenSSH\;C:\Program Files\Git\cmd;D:\javafx-sdk-11.0.2\bin;C:\Program Files\nodejs\;C:\Users\Herman\AppData\Local\Programs\Python\Python38;C:\Users\Herman\AppData\Local\Programs\Python\Python38\Scripts;C:\Program Files\MySQL\MySQL Shell 8.0\bin\;C:\Users\Herman\AppData\Local\Microsoft\WindowsApps;C:\Users\Herman\AppData\Local\Programs\Microsoft VS Code\bin;;C:\Program Files\JetBrains\PyCharm Community Edition 2021.2.1\bin;;C:\Users\Herman\AppData\Roaming\npm;C:\Users\Herman\Desktop;;., java.vendor=AdoptOpenJDK, java.vm.info=mixed mode, java.vm.version=11.0.11+9, hibernate.bytecode.use_reflection_optimizer=false, sun.io.unicode.encoding=UnicodeLittle, javax.persistence.jdbc.password=****, java.class.version=55.0}
2021-11-21T23:53:17,591|[TRACE] AbstractServiceRegistryImpl - Initializing service [role=org.hibernate.engine.query.spi.NativeQueryInterpreter]
2021-11-21T23:53:17,599|[DEBUG] TypeSafeActivator - Unable to acquire Bean Validation ValidatorFactory, skipping activation
2021-11-21T23:53:17,599|[DEBUG] JaccIntegrator - Skipping JACC integration as it was not enabled
2021-11-21T23:53:17,599|[DEBUG] SessionFactoryImpl - Instantiated session factory
2021-11-21T23:53:17,599|[DEBUG] TypeConfiguration$Scope - Scoping TypeConfiguration [org.hibernate.type.spi.TypeConfiguration@35f3a22c] to SessionFactoryImpl [org.hibernate.internal.SessionFactoryImpl@4872669f]
2021-11-21T23:53:17,605|[TRACE] AbstractServiceRegistryImpl - Initializing service [role=org.hibernate.persister.spi.PersisterFactory]
2021-11-21T23:53:17,606|[TRACE] AbstractServiceRegistryImpl - Initializing service [role=org.hibernate.persister.spi.PersisterClassResolver]
2021-11-21T23:53:17,626|[DEBUG] ClassLoaderAccessImpl - Not known whether passed class name [bloodbank.entity.Contact] is safe
2021-11-21T23:53:17,626|[DEBUG] ClassLoaderAccessImpl - No temp ClassLoader provided; using live ClassLoader for loading potentially unsafe class : bloodbank.entity.Contact
2021-11-21T23:53:17,628|[TRACE] AbstractServiceRegistryImpl - Initializing service [role=org.hibernate.bytecode.spi.ProxyFactoryFactory]
2021-11-21T23:53:17,783|[TRACE] AbstractPropertyMapping - Skipping duplicate registration of path [address.id], existing type = [org.hibernate.type.IntegerType@108531c2], incoming type = [org.hibernate.type.IntegerType@108531c2]
2021-11-21T23:53:17,783|[TRACE] AbstractPropertyMapping - Skipping duplicate registration of path [owner.id], existing type = [org.hibernate.type.IntegerType@108531c2], incoming type = [org.hibernate.type.IntegerType@108531c2]
2021-11-21T23:53:17,783|[TRACE] AbstractPropertyMapping - Skipping duplicate registration of path [phone.id], existing type = [org.hibernate.type.IntegerType@108531c2], incoming type = [org.hibernate.type.IntegerType@108531c2]
2021-11-21T23:53:17,783|[TRACE] AbstractPropertyMapping - Skipping duplicate registration of path [epochCreated], existing type = [org.hibernate.type.LongType@2788d0fe], incoming type = [org.hibernate.type.LongType@2788d0fe]
2021-11-21T23:53:17,783|[TRACE] AbstractPropertyMapping - Skipping duplicate registration of path [epochUpdated], existing type = [org.hibernate.type.LongType@2788d0fe], incoming type = [org.hibernate.type.LongType@2788d0fe]
2021-11-21T23:53:17,783|[TRACE] AbstractPropertyMapping - Skipping duplicate registration of path [version], existing type = [org.hibernate.type.IntegerType@108531c2], incoming type = [org.hibernate.type.IntegerType@108531c2]
2021-11-21T23:53:17,783|[TRACE] AbstractPropertyMapping - Skipping duplicate registration of path [address], existing type = [org.hibernate.type.ManyToOneType(bloodbank.entity.Address)], incoming type = [org.hibernate.type.ManyToOneType(bloodbank.entity.Address)]
2021-11-21T23:53:17,783|[TRACE] AbstractPropertyMapping - Skipping duplicate registration of path [address.id], existing type = [org.hibernate.type.IntegerType@108531c2], incoming type = [org.hibernate.type.IntegerType@108531c2]
2021-11-21T23:53:17,783|[TRACE] AbstractPropertyMapping - Skipping duplicate registration of path [address.id], existing type = [org.hibernate.type.IntegerType@108531c2], incoming type = [org.hibernate.type.IntegerType@108531c2]
2021-11-21T23:53:17,783|[TRACE] AbstractPropertyMapping - Skipping duplicate registration of path [contactType], existing type = [org.hibernate.type.StringType@795fd838], incoming type = [org.hibernate.type.StringType@795fd838]
2021-11-21T23:53:17,783|[TRACE] AbstractPropertyMapping - Skipping duplicate registration of path [email], existing type = [org.hibernate.type.StringType@795fd838], incoming type = [org.hibernate.type.StringType@795fd838]
2021-11-21T23:53:17,783|[TRACE] AbstractPropertyMapping - Skipping duplicate registration of path [owner], existing type = [org.hibernate.type.ManyToOneType(bloodbank.entity.Person)], incoming type = [org.hibernate.type.ManyToOneType(bloodbank.entity.Person)]
2021-11-21T23:53:17,783|[TRACE] AbstractPropertyMapping - Skipping duplicate registration of path [owner.id], existing type = [org.hibernate.type.IntegerType@108531c2], incoming type = [org.hibernate.type.IntegerType@108531c2]
2021-11-21T23:53:17,783|[TRACE] AbstractPropertyMapping - Skipping duplicate registration of path [owner.id], existing type = [org.hibernate.type.IntegerType@108531c2], incoming type = [org.hibernate.type.IntegerType@108531c2]
2021-11-21T23:53:17,784|[TRACE] AbstractPropertyMapping - Skipping duplicate registration of path [phone], existing type = [org.hibernate.type.ManyToOneType(bloodbank.entity.Phone)], incoming type = [org.hibernate.type.ManyToOneType(bloodbank.entity.Phone)]
2021-11-21T23:53:17,784|[TRACE] AbstractPropertyMapping - Skipping duplicate registration of path [phone.id], existing type = [org.hibernate.type.IntegerType@108531c2], incoming type = [org.hibernate.type.IntegerType@108531c2]
2021-11-21T23:53:17,784|[TRACE] AbstractPropertyMapping - Skipping duplicate registration of path [phone.id], existing type = [org.hibernate.type.IntegerType@108531c2], incoming type = [org.hibernate.type.IntegerType@108531c2]
2021-11-21T23:53:17,784|[TRACE] AbstractPropertyMapping - Skipping duplicate registration of path [id], existing type = [org.hibernate.type.ComponentType@4f3356c0], incoming type = [org.hibernate.type.ComponentType@4f3356c0]
2021-11-21T23:53:17,784|[TRACE] AbstractPropertyMapping - Skipping duplicate registration of path [id.personId], existing type = [org.hibernate.type.IntegerType@108531c2], incoming type = [org.hibernate.type.IntegerType@108531c2]
2021-11-21T23:53:17,784|[TRACE] AbstractPropertyMapping - Skipping duplicate registration of path [id.phoneId], existing type = [org.hibernate.type.IntegerType@108531c2], incoming type = [org.hibernate.type.IntegerType@108531c2]
2021-11-21T23:53:17,785|[DEBUG] ClassLoaderAccessImpl - Not known whether passed class name [bloodbank.entity.Phone] is safe
2021-11-21T23:53:17,785|[DEBUG] ClassLoaderAccessImpl - No temp ClassLoader provided; using live ClassLoader for loading potentially unsafe class : bloodbank.entity.Phone
2021-11-21T23:53:17,798|[TRACE] AbstractPropertyMapping - Skipping duplicate registration of path [epochCreated], existing type = [org.hibernate.type.LongType@2788d0fe], incoming type = [org.hibernate.type.LongType@2788d0fe]
2021-11-21T23:53:17,798|[TRACE] AbstractPropertyMapping - Skipping duplicate registration of path [epochUpdated], existing type = [org.hibernate.type.LongType@2788d0fe], incoming type = [org.hibernate.type.LongType@2788d0fe]
2021-11-21T23:53:17,798|[TRACE] AbstractPropertyMapping - Skipping duplicate registration of path [version], existing type = [org.hibernate.type.IntegerType@108531c2], incoming type = [org.hibernate.type.IntegerType@108531c2]
2021-11-21T23:53:17,798|[TRACE] AbstractPropertyMapping - Skipping duplicate registration of path [areaCode], existing type = [org.hibernate.type.StringType@795fd838], incoming type = [org.hibernate.type.StringType@795fd838]
2021-11-21T23:53:17,798|[TRACE] AbstractPropertyMapping - Skipping duplicate registration of path [contacts], existing type = [org.hibernate.type.SetType(bloodbank.entity.Phone.contacts)], incoming type = [org.hibernate.type.SetType(bloodbank.entity.Phone.contacts)]
2021-11-21T23:53:17,798|[TRACE] AbstractPropertyMapping - Skipping duplicate registration of path [countryCode], existing type = [org.hibernate.type.StringType@795fd838], incoming type = [org.hibernate.type.StringType@795fd838]
2021-11-21T23:53:17,798|[TRACE] AbstractPropertyMapping - Skipping duplicate registration of path [number], existing type = [org.hibernate.type.StringType@795fd838], incoming type = [org.hibernate.type.StringType@795fd838]
2021-11-21T23:53:17,798|[TRACE] AbstractPropertyMapping - Skipping duplicate registration of path [id], existing type = [org.hibernate.type.IntegerType@108531c2], incoming type = [org.hibernate.type.IntegerType@108531c2]
2021-11-21T23:53:17,799|[DEBUG] ClassLoaderAccessImpl - Not known whether passed class name [bloodbank.entity.BloodDonation] is safe
2021-11-21T23:53:17,799|[DEBUG] ClassLoaderAccessImpl - No temp ClassLoader provided; using live ClassLoader for loading potentially unsafe class : bloodbank.entity.BloodDonation
2021-11-21T23:53:17,810|[TRACE] AbstractPropertyMapping - Skipping duplicate registration of path [bank.id], existing type = [org.hibernate.type.IntegerType@108531c2], incoming type = [org.hibernate.type.IntegerType@108531c2]
2021-11-21T23:53:17,810|[TRACE] AbstractPropertyMapping - Skipping duplicate registration of path [epochCreated], existing type = [org.hibernate.type.LongType@2788d0fe], incoming type = [org.hibernate.type.LongType@2788d0fe]
2021-11-21T23:53:17,810|[TRACE] AbstractPropertyMapping - Skipping duplicate registration of path [epochUpdated], existing type = [org.hibernate.type.LongType@2788d0fe], incoming type = [org.hibernate.type.LongType@2788d0fe]
2021-11-21T23:53:17,810|[TRACE] AbstractPropertyMapping - Skipping duplicate registration of path [version], existing type = [org.hibernate.type.IntegerType@108531c2], incoming type = [org.hibernate.type.IntegerType@108531c2]
2021-11-21T23:53:17,810|[TRACE] AbstractPropertyMapping - Skipping duplicate registration of path [bank], existing type = [org.hibernate.type.ManyToOneType(bloodbank.entity.BloodBank)], incoming type = [org.hibernate.type.ManyToOneType(bloodbank.entity.BloodBank)]
2021-11-21T23:53:17,810|[TRACE] AbstractPropertyMapping - Skipping duplicate registration of path [bank.id], existing type = [org.hibernate.type.IntegerType@108531c2], incoming type = [org.hibernate.type.IntegerType@108531c2]
2021-11-21T23:53:17,810|[TRACE] AbstractPropertyMapping - Skipping duplicate registration of path [bank.id], existing type = [org.hibernate.type.IntegerType@108531c2], incoming type = [org.hibernate.type.IntegerType@108531c2]
2021-11-21T23:53:17,810|[TRACE] AbstractPropertyMapping - Skipping duplicate registration of path [bloodType], existing type = [org.hibernate.type.ComponentType@147cc940], incoming type = [org.hibernate.type.ComponentType@147cc940]
2021-11-21T23:53:17,810|[TRACE] AbstractPropertyMapping - Skipping duplicate registration of path [bloodType.bloodGroup], existing type = [org.hibernate.type.StringType@795fd838], incoming type = [org.hibernate.type.StringType@795fd838]
2021-11-21T23:53:17,810|[TRACE] AbstractPropertyMapping - Skipping duplicate registration of path [bloodType.rhd], existing type = [org.hibernate.type.ByteType@17814b1c], incoming type = [org.hibernate.type.ByteType@17814b1c]
2021-11-21T23:53:17,810|[TRACE] AbstractPropertyMapping - Skipping duplicate registration of path [milliliters], existing type = [org.hibernate.type.IntegerType@108531c2], incoming type = [org.hibernate.type.IntegerType@108531c2]
2021-11-21T23:53:17,810|[TRACE] AbstractPropertyMapping - Skipping duplicate registration of path [record], existing type = [org.hibernate.type.OneToOneType(bloodbank.entity.DonationRecord)], incoming type = [org.hibernate.type.OneToOneType(bloodbank.entity.DonationRecord)]
2021-11-21T23:53:17,810|[TRACE] AbstractPropertyMapping - Skipping duplicate registration of path [id], existing type = [org.hibernate.type.IntegerType@108531c2], incoming type = [org.hibernate.type.IntegerType@108531c2]
2021-11-21T23:53:17,810|[DEBUG] ClassLoaderAccessImpl - Not known whether passed class name [bloodbank.entity.BloodBank] is safe
2021-11-21T23:53:17,810|[DEBUG] ClassLoaderAccessImpl - No temp ClassLoader provided; using live ClassLoader for loading potentially unsafe class : bloodbank.entity.BloodBank
2021-11-21T23:53:17,811|[DEBUG] ClassLoaderAccessImpl - Not known whether passed class name [bloodbank.entity.PrivateBloodBank] is safe
2021-11-21T23:53:17,811|[DEBUG] ClassLoaderAccessImpl - No temp ClassLoader provided; using live ClassLoader for loading potentially unsafe class : bloodbank.entity.PrivateBloodBank
2021-11-21T23:53:17,811|[DEBUG] ClassLoaderAccessImpl - Not known whether passed class name [bloodbank.entity.PublicBloodBank] is safe
2021-11-21T23:53:17,811|[DEBUG] ClassLoaderAccessImpl - No temp ClassLoader provided; using live ClassLoader for loading potentially unsafe class : bloodbank.entity.PublicBloodBank
2021-11-21T23:53:17,818|[TRACE] AbstractPropertyMapping - Skipping duplicate registration of path [epochCreated], existing type = [org.hibernate.type.LongType@2788d0fe], incoming type = [org.hibernate.type.LongType@2788d0fe]
2021-11-21T23:53:17,818|[TRACE] AbstractPropertyMapping - Skipping duplicate registration of path [epochUpdated], existing type = [org.hibernate.type.LongType@2788d0fe], incoming type = [org.hibernate.type.LongType@2788d0fe]
2021-11-21T23:53:17,818|[TRACE] AbstractPropertyMapping - Skipping duplicate registration of path [version], existing type = [org.hibernate.type.IntegerType@108531c2], incoming type = [org.hibernate.type.IntegerType@108531c2]
2021-11-21T23:53:17,818|[TRACE] AbstractPropertyMapping - Skipping duplicate registration of path [donations], existing type = [org.hibernate.type.SetType(bloodbank.entity.BloodBank.donations)], incoming type = [org.hibernate.type.SetType(bloodbank.entity.BloodBank.donations)]
2021-11-21T23:53:17,818|[TRACE] AbstractPropertyMapping - Skipping duplicate registration of path [name], existing type = [org.hibernate.type.StringType@795fd838], incoming type = [org.hibernate.type.StringType@795fd838]
2021-11-21T23:53:17,818|[TRACE] AbstractPropertyMapping - Skipping duplicate registration of path [id], existing type = [org.hibernate.type.IntegerType@108531c2], incoming type = [org.hibernate.type.IntegerType@108531c2]
2021-11-21T23:53:17,826|[TRACE] AbstractPropertyMapping - Skipping duplicate registration of path [epochCreated], existing type = [org.hibernate.type.LongType@2788d0fe], incoming type = [org.hibernate.type.LongType@2788d0fe]
2021-11-21T23:53:17,826|[TRACE] AbstractPropertyMapping - Skipping duplicate registration of path [epochUpdated], existing type = [org.hibernate.type.LongType@2788d0fe], incoming type = [org.hibernate.type.LongType@2788d0fe]
2021-11-21T23:53:17,826|[TRACE] AbstractPropertyMapping - Skipping duplicate registration of path [version], existing type = [org.hibernate.type.IntegerType@108531c2], incoming type = [org.hibernate.type.IntegerType@108531c2]
2021-11-21T23:53:17,826|[TRACE] AbstractPropertyMapping - Skipping duplicate registration of path [donations], existing type = [org.hibernate.type.SetType(bloodbank.entity.BloodBank.donations)], incoming type = [org.hibernate.type.SetType(bloodbank.entity.BloodBank.donations)]
2021-11-21T23:53:17,826|[TRACE] AbstractPropertyMapping - Skipping duplicate registration of path [name], existing type = [org.hibernate.type.StringType@795fd838], incoming type = [org.hibernate.type.StringType@795fd838]
2021-11-21T23:53:17,826|[TRACE] AbstractPropertyMapping - Skipping duplicate registration of path [id], existing type = [org.hibernate.type.IntegerType@108531c2], incoming type = [org.hibernate.type.IntegerType@108531c2]
2021-11-21T23:53:17,826|[DEBUG] ClassLoaderAccessImpl - Not known whether passed class name [bloodbank.entity.DonationRecord] is safe
2021-11-21T23:53:17,826|[DEBUG] ClassLoaderAccessImpl - No temp ClassLoader provided; using live ClassLoader for loading potentially unsafe class : bloodbank.entity.DonationRecord
2021-11-21T23:53:17,834|[TRACE] AbstractPropertyMapping - Skipping duplicate registration of path [donation.id], existing type = [org.hibernate.type.IntegerType@108531c2], incoming type = [org.hibernate.type.IntegerType@108531c2]
2021-11-21T23:53:17,834|[TRACE] AbstractPropertyMapping - Skipping duplicate registration of path [owner.id], existing type = [org.hibernate.type.IntegerType@108531c2], incoming type = [org.hibernate.type.IntegerType@108531c2]
2021-11-21T23:53:17,834|[TRACE] AbstractPropertyMapping - Skipping duplicate registration of path [epochCreated], existing type = [org.hibernate.type.LongType@2788d0fe], incoming type = [org.hibernate.type.LongType@2788d0fe]
2021-11-21T23:53:17,834|[TRACE] AbstractPropertyMapping - Skipping duplicate registration of path [epochUpdated], existing type = [org.hibernate.type.LongType@2788d0fe], incoming type = [org.hibernate.type.LongType@2788d0fe]
2021-11-21T23:53:17,834|[TRACE] AbstractPropertyMapping - Skipping duplicate registration of path [version], existing type = [org.hibernate.type.IntegerType@108531c2], incoming type = [org.hibernate.type.IntegerType@108531c2]
2021-11-21T23:53:17,834|[TRACE] AbstractPropertyMapping - Skipping duplicate registration of path [donation], existing type = [org.hibernate.type.ManyToOneType(bloodbank.entity.BloodDonation)], incoming type = [org.hibernate.type.ManyToOneType(bloodbank.entity.BloodDonation)]
2021-11-21T23:53:17,834|[TRACE] AbstractPropertyMapping - Skipping duplicate registration of path [donation.id], existing type = [org.hibernate.type.IntegerType@108531c2], incoming type = [org.hibernate.type.IntegerType@108531c2]
2021-11-21T23:53:17,834|[TRACE] AbstractPropertyMapping - Skipping duplicate registration of path [donation.id], existing type = [org.hibernate.type.IntegerType@108531c2], incoming type = [org.hibernate.type.IntegerType@108531c2]
2021-11-21T23:53:17,834|[TRACE] AbstractPropertyMapping - Skipping duplicate registration of path [owner], existing type = [org.hibernate.type.ManyToOneType(bloodbank.entity.Person)], incoming type = [org.hibernate.type.ManyToOneType(bloodbank.entity.Person)]
2021-11-21T23:53:17,834|[TRACE] AbstractPropertyMapping - Skipping duplicate registration of path [owner.id], existing type = [org.hibernate.type.IntegerType@108531c2], incoming type = [org.hibernate.type.IntegerType@108531c2]
2021-11-21T23:53:17,834|[TRACE] AbstractPropertyMapping - Skipping duplicate registration of path [owner.id], existing type = [org.hibernate.type.IntegerType@108531c2], incoming type = [org.hibernate.type.IntegerType@108531c2]
2021-11-21T23:53:17,834|[TRACE] AbstractPropertyMapping - Skipping duplicate registration of path [tested], existing type = [org.hibernate.type.ByteType@17814b1c], incoming type = [org.hibernate.type.ByteType@17814b1c]
2021-11-21T23:53:17,834|[TRACE] AbstractPropertyMapping - Skipping duplicate registration of path [id], existing type = [org.hibernate.type.IntegerType@108531c2], incoming type = [org.hibernate.type.IntegerType@108531c2]
2021-11-21T23:53:17,835|[DEBUG] ClassLoaderAccessImpl - Not known whether passed class name [bloodbank.entity.Address] is safe
2021-11-21T23:53:17,835|[DEBUG] ClassLoaderAccessImpl - No temp ClassLoader provided; using live ClassLoader for loading potentially unsafe class : bloodbank.entity.Address
2021-11-21T23:53:17,844|[TRACE] AbstractPropertyMapping - Skipping duplicate registration of path [epochCreated], existing type = [org.hibernate.type.LongType@2788d0fe], incoming type = [org.hibernate.type.LongType@2788d0fe]
2021-11-21T23:53:17,844|[TRACE] AbstractPropertyMapping - Skipping duplicate registration of path [epochUpdated], existing type = [org.hibernate.type.LongType@2788d0fe], incoming type = [org.hibernate.type.LongType@2788d0fe]
2021-11-21T23:53:17,844|[TRACE] AbstractPropertyMapping - Skipping duplicate registration of path [version], existing type = [org.hibernate.type.IntegerType@108531c2], incoming type = [org.hibernate.type.IntegerType@108531c2]
2021-11-21T23:53:17,844|[TRACE] AbstractPropertyMapping - Skipping duplicate registration of path [city], existing type = [org.hibernate.type.StringType@795fd838], incoming type = [org.hibernate.type.StringType@795fd838]
2021-11-21T23:53:17,844|[TRACE] AbstractPropertyMapping - Skipping duplicate registration of path [contacts], existing type = [org.hibernate.type.SetType(bloodbank.entity.Address.contacts)], incoming type = [org.hibernate.type.SetType(bloodbank.entity.Address.contacts)]
2021-11-21T23:53:17,844|[TRACE] AbstractPropertyMapping - Skipping duplicate registration of path [country], existing type = [org.hibernate.type.StringType@795fd838], incoming type = [org.hibernate.type.StringType@795fd838]
2021-11-21T23:53:17,844|[TRACE] AbstractPropertyMapping - Skipping duplicate registration of path [province], existing type = [org.hibernate.type.StringType@795fd838], incoming type = [org.hibernate.type.StringType@795fd838]
2021-11-21T23:53:17,844|[TRACE] AbstractPropertyMapping - Skipping duplicate registration of path [street], existing type = [org.hibernate.type.StringType@795fd838], incoming type = [org.hibernate.type.StringType@795fd838]
2021-11-21T23:53:17,844|[TRACE] AbstractPropertyMapping - Skipping duplicate registration of path [streetNumber], existing type = [org.hibernate.type.StringType@795fd838], incoming type = [org.hibernate.type.StringType@795fd838]
2021-11-21T23:53:17,844|[TRACE] AbstractPropertyMapping - Skipping duplicate registration of path [zipcode], existing type = [org.hibernate.type.StringType@795fd838], incoming type = [org.hibernate.type.StringType@795fd838]
2021-11-21T23:53:17,844|[TRACE] AbstractPropertyMapping - Skipping duplicate registration of path [id], existing type = [org.hibernate.type.IntegerType@108531c2], incoming type = [org.hibernate.type.IntegerType@108531c2]
2021-11-21T23:53:17,845|[DEBUG] ClassLoaderAccessImpl - Not known whether passed class name [bloodbank.entity.Person] is safe
2021-11-21T23:53:17,845|[DEBUG] ClassLoaderAccessImpl - No temp ClassLoader provided; using live ClassLoader for loading potentially unsafe class : bloodbank.entity.Person
2021-11-21T23:53:17,853|[TRACE] AbstractPropertyMapping - Skipping duplicate registration of path [epochCreated], existing type = [org.hibernate.type.LongType@2788d0fe], incoming type = [org.hibernate.type.LongType@2788d0fe]
2021-11-21T23:53:17,853|[TRACE] AbstractPropertyMapping - Skipping duplicate registration of path [epochUpdated], existing type = [org.hibernate.type.LongType@2788d0fe], incoming type = [org.hibernate.type.LongType@2788d0fe]
2021-11-21T23:53:17,853|[TRACE] AbstractPropertyMapping - Skipping duplicate registration of path [version], existing type = [org.hibernate.type.IntegerType@108531c2], incoming type = [org.hibernate.type.IntegerType@108531c2]
2021-11-21T23:53:17,853|[TRACE] AbstractPropertyMapping - Skipping duplicate registration of path [contacts], existing type = [org.hibernate.type.SetType(bloodbank.entity.Person.contacts)], incoming type = [org.hibernate.type.SetType(bloodbank.entity.Person.contacts)]
2021-11-21T23:53:17,853|[TRACE] AbstractPropertyMapping - Skipping duplicate registration of path [donations], existing type = [org.hibernate.type.SetType(bloodbank.entity.Person.donations)], incoming type = [org.hibernate.type.SetType(bloodbank.entity.Person.donations)]
2021-11-21T23:53:17,853|[TRACE] AbstractPropertyMapping - Skipping duplicate registration of path [firstName], existing type = [org.hibernate.type.StringType@795fd838], incoming type = [org.hibernate.type.StringType@795fd838]
2021-11-21T23:53:17,853|[TRACE] AbstractPropertyMapping - Skipping duplicate registration of path [lastName], existing type = [org.hibernate.type.StringType@795fd838], incoming type = [org.hibernate.type.StringType@795fd838]
2021-11-21T23:53:17,853|[TRACE] AbstractPropertyMapping - Skipping duplicate registration of path [id], existing type = [org.hibernate.type.IntegerType@108531c2], incoming type = [org.hibernate.type.IntegerType@108531c2]
2021-11-21T23:53:17,861|[TRACE] AbstractPropertyMapping - Skipping duplicate registration of path [epochCreated], existing type = [org.hibernate.type.LongType@2788d0fe], incoming type = [org.hibernate.type.LongType@2788d0fe]
2021-11-21T23:53:17,861|[TRACE] AbstractPropertyMapping - Skipping duplicate registration of path [epochUpdated], existing type = [org.hibernate.type.LongType@2788d0fe], incoming type = [org.hibernate.type.LongType@2788d0fe]
2021-11-21T23:53:17,861|[TRACE] AbstractPropertyMapping - Skipping duplicate registration of path [version], existing type = [org.hibernate.type.IntegerType@108531c2], incoming type = [org.hibernate.type.IntegerType@108531c2]
2021-11-21T23:53:17,861|[TRACE] AbstractPropertyMapping - Skipping duplicate registration of path [donations], existing type = [org.hibernate.type.SetType(bloodbank.entity.BloodBank.donations)], incoming type = [org.hibernate.type.SetType(bloodbank.entity.BloodBank.donations)]
2021-11-21T23:53:17,861|[TRACE] AbstractPropertyMapping - Skipping duplicate registration of path [name], existing type = [org.hibernate.type.StringType@795fd838], incoming type = [org.hibernate.type.StringType@795fd838]
2021-11-21T23:53:17,861|[TRACE] AbstractPropertyMapping - Skipping duplicate registration of path [id], existing type = [org.hibernate.type.IntegerType@108531c2], incoming type = [org.hibernate.type.IntegerType@108531c2]
2021-11-21T23:53:17,868|[DEBUG] AbstractCollectionPersister - Static SQL for collection: bloodbank.entity.Address.contacts
2021-11-21T23:53:17,868|[DEBUG] AbstractCollectionPersister -  Row insert: /* create one-to-many row bloodbank.entity.Address.contacts */ update contact set address_id=? where person_id=? and phone_id=?
2021-11-21T23:53:17,868|[DEBUG] AbstractCollectionPersister -  Row update: update contact set  where person_id=? and phone_id=?
2021-11-21T23:53:17,868|[DEBUG] AbstractCollectionPersister -  Row delete: /* delete one-to-many row bloodbank.entity.Address.contacts */ update contact set address_id=null where address_id=? and person_id=? and phone_id=?
2021-11-21T23:53:17,868|[DEBUG] AbstractCollectionPersister -  One-shot delete: /* delete one-to-many bloodbank.entity.Address.contacts */ update contact set address_id=null where address_id=?
2021-11-21T23:53:17,868|[DEBUG] AbstractCollectionPersister - Static SQL for collection: bloodbank.entity.Person.donations
2021-11-21T23:53:17,868|[DEBUG] AbstractCollectionPersister -  Row insert: /* create one-to-many row bloodbank.entity.Person.donations */ update donation_record set person_id=? where record_id=?
2021-11-21T23:53:17,868|[DEBUG] AbstractCollectionPersister -  Row update: update donation_record set  where record_id=?
2021-11-21T23:53:17,868|[DEBUG] AbstractCollectionPersister -  Row delete: /* delete one-to-many row bloodbank.entity.Person.donations */ update donation_record set person_id=null where person_id=? and record_id=?
2021-11-21T23:53:17,868|[DEBUG] AbstractCollectionPersister -  One-shot delete: /* delete one-to-many bloodbank.entity.Person.donations */ update donation_record set person_id=null where person_id=?
2021-11-21T23:53:17,868|[DEBUG] AbstractCollectionPersister - Static SQL for collection: bloodbank.entity.Person.contacts
2021-11-21T23:53:17,868|[DEBUG] AbstractCollectionPersister -  Row insert: /* create one-to-many row bloodbank.entity.Person.contacts */ update contact set person_id=? where person_id=? and phone_id=?
2021-11-21T23:53:17,868|[DEBUG] AbstractCollectionPersister -  Row update: update contact set  where person_id=? and phone_id=?
2021-11-21T23:53:17,868|[DEBUG] AbstractCollectionPersister -  Row delete: /* delete one-to-many row bloodbank.entity.Person.contacts */ update contact set person_id=null where person_id=? and phone_id=?
2021-11-21T23:53:17,868|[DEBUG] AbstractCollectionPersister -  One-shot delete: /* delete one-to-many bloodbank.entity.Person.contacts */ update contact set person_id=null where person_id=?
2021-11-21T23:53:17,868|[DEBUG] AbstractCollectionPersister - Static SQL for collection: bloodbank.entity.Phone.contacts
2021-11-21T23:53:17,868|[DEBUG] AbstractCollectionPersister -  Row insert: /* create one-to-many row bloodbank.entity.Phone.contacts */ update contact set phone_id=? where person_id=? and phone_id=?
2021-11-21T23:53:17,868|[DEBUG] AbstractCollectionPersister -  Row update: update contact set  where person_id=? and phone_id=?
2021-11-21T23:53:17,868|[DEBUG] AbstractCollectionPersister -  Row delete: /* delete one-to-many row bloodbank.entity.Phone.contacts */ update contact set phone_id=null where phone_id=? and person_id=?
2021-11-21T23:53:17,868|[DEBUG] AbstractCollectionPersister -  One-shot delete: /* delete one-to-many bloodbank.entity.Phone.contacts */ update contact set phone_id=null where phone_id=?
2021-11-21T23:53:17,868|[DEBUG] AbstractCollectionPersister - Static SQL for collection: bloodbank.entity.BloodBank.donations
2021-11-21T23:53:17,868|[DEBUG] AbstractCollectionPersister -  Row insert: /* create one-to-many row bloodbank.entity.BloodBank.donations */ update blood_donation set bank_id=? where donation_id=?
2021-11-21T23:53:17,868|[DEBUG] AbstractCollectionPersister -  Row update: update blood_donation set  where donation_id=?
2021-11-21T23:53:17,868|[DEBUG] AbstractCollectionPersister -  Row delete: /* delete one-to-many row bloodbank.entity.BloodBank.donations */ update blood_donation set bank_id=null where bank_id=? and donation_id=?
2021-11-21T23:53:17,868|[DEBUG] AbstractCollectionPersister -  One-shot delete: /* delete one-to-many bloodbank.entity.BloodBank.donations */ update blood_donation set bank_id=null where bank_id=?
2021-11-21T23:53:17,869|[TRACE] AbstractEntityPersister - Ignoring subclass attribute definition [bloodbank.entity.BloodBank.epochCreated] because it is defined in a superclass 
2021-11-21T23:53:17,869|[TRACE] AbstractEntityPersister - Ignoring subclass attribute definition [bloodbank.entity.BloodBank.epochUpdated] because it is defined in a superclass 
2021-11-21T23:53:17,869|[TRACE] AbstractEntityPersister - Ignoring subclass attribute definition [bloodbank.entity.BloodBank.version] because it is defined in a superclass 
2021-11-21T23:53:17,869|[TRACE] AbstractEntityPersister - Ignoring subclass attribute definition [bloodbank.entity.BloodBank.donations] because it is defined in a superclass 
2021-11-21T23:53:17,869|[TRACE] AbstractEntityPersister - Ignoring subclass attribute definition [bloodbank.entity.BloodBank.name] because it is defined in a superclass 
2021-11-21T23:53:17,869|[TRACE] AbstractEntityPersister - Ignoring subclass attribute definition [bloodbank.entity.BloodBank.epochCreated] because it is defined in a superclass 
2021-11-21T23:53:17,869|[TRACE] AbstractEntityPersister - Ignoring subclass attribute definition [bloodbank.entity.BloodBank.epochUpdated] because it is defined in a superclass 
2021-11-21T23:53:17,869|[TRACE] AbstractEntityPersister - Ignoring subclass attribute definition [bloodbank.entity.BloodBank.version] because it is defined in a superclass 
2021-11-21T23:53:17,869|[TRACE] AbstractEntityPersister - Ignoring subclass attribute definition [bloodbank.entity.BloodBank.donations] because it is defined in a superclass 
2021-11-21T23:53:17,869|[TRACE] AbstractEntityPersister - Ignoring subclass attribute definition [bloodbank.entity.BloodBank.name] because it is defined in a superclass 
2021-11-21T23:53:17,870|[DEBUG] AbstractEntityPersister - Static SQL for entity: bloodbank.entity.Contact
2021-11-21T23:53:17,870|[DEBUG] AbstractEntityPersister -  Version select: /* get version bloodbank.entity.Contact */ select version from contact where person_id =? and phone_id =?
2021-11-21T23:53:17,870|[DEBUG] AbstractEntityPersister -  Snapshot select: /* get current state bloodbank.entity.Contact */ select contact_.person_id, contact_.phone_id, contact_.created as created3_3_, contact_.updated as updated4_3_, contact_.version as version5_3_, contact_.address_id as address_8_3_, contact_.contact_type as contact_6_3_, contact_.email as email7_3_ from contact contact_ where contact_.person_id=? and contact_.phone_id=?
2021-11-21T23:53:17,870|[DEBUG] AbstractEntityPersister -  Insert 0: /* insert bloodbank.entity.Contact */ insert into contact (created, updated, version, address_id, contact_type, email, person_id, phone_id) values (?, ?, ?, ?, ?, ?, ?, ?)
2021-11-21T23:53:17,870|[DEBUG] AbstractEntityPersister -  Update 0: /* update bloodbank.entity.Contact */ update contact set created=?, updated=?, version=?, address_id=?, contact_type=?, email=? where person_id=? and phone_id=? and version=?
2021-11-21T23:53:17,870|[DEBUG] AbstractEntityPersister -  Delete 0: /* delete bloodbank.entity.Contact */ delete from contact where person_id=? and phone_id=? and version=?
2021-11-21T23:53:17,881|[TRACE] AbstractLoadPlanBuildingAssociationVisitationStrategy -  Starting root entity : bloodbank.entity.Contact
2021-11-21T23:53:17,883|[DEBUG] QuerySpacesImpl - Adding QuerySpace : uid = <gen:0> -> org.hibernate.loader.plan.build.internal.spaces.EntityQuerySpaceImpl@4fc6e776]
2021-11-21T23:53:17,884|[DEBUG] QuerySpacesImpl - Adding QuerySpace : uid = <gen:0>-id -> org.hibernate.loader.plan.build.internal.spaces.CompositeQuerySpaceImpl@4aa22cc2]
2021-11-21T23:53:17,885|[TRACE] AbstractLoadPlanBuildingAssociationVisitationStrategy - Pushing fetch source to stack : org.hibernate.loader.plan.build.internal.returns.EntityReturnImpl@baa9ce4
2021-11-21T23:53:17,885|[TRACE] AbstractLoadPlanBuildingAssociationVisitationStrategy - .. Registering AssociationKey : AssociationKey(table=contact, columns={person_id,phone_id}) -> org.hibernate.loader.plan.build.internal.returns.EntityReturnImpl@baa9ce4
2021-11-21T23:53:17,885|[TRACE] AbstractLoadPlanBuildingAssociationVisitationStrategy - >> Starting entity identifier : bloodbank.entity.Contact
2021-11-21T23:53:17,885|[TRACE] AbstractLoadPlanBuildingAssociationVisitationStrategy - Pushing fetch source to stack : org.hibernate.loader.plan.build.internal.returns.EncapsulatedEntityIdentifierDescription@2755617b
2021-11-21T23:53:17,885|[TRACE] AbstractLoadPlanBuildingAssociationVisitationStrategy - >>>> Starting composite : id
2021-11-21T23:53:17,886|[DEBUG] MetamodelGraphWalker - Visiting attribute path : personId
2021-11-21T23:53:17,886|[TRACE] AbstractLoadPlanBuildingAssociationVisitationStrategy - >>>> Starting attribute org.hibernate.persister.walking.internal.CompositionSingularSubAttributesHelper$1$1$3@27358a19
2021-11-21T23:53:17,886|[TRACE] AbstractLoadPlanBuildingAssociationVisitationStrategy - <<<< Finishing up attribute : org.hibernate.persister.walking.internal.CompositionSingularSubAttributesHelper$1$1$3@27358a19
2021-11-21T23:53:17,886|[DEBUG] MetamodelGraphWalker - Visiting attribute path : phoneId
2021-11-21T23:53:17,886|[TRACE] AbstractLoadPlanBuildingAssociationVisitationStrategy - >>>> Starting attribute org.hibernate.persister.walking.internal.CompositionSingularSubAttributesHelper$1$1$3@8077c97
2021-11-21T23:53:17,886|[TRACE] AbstractLoadPlanBuildingAssociationVisitationStrategy - <<<< Finishing up attribute : org.hibernate.persister.walking.internal.CompositionSingularSubAttributesHelper$1$1$3@8077c97
2021-11-21T23:53:17,886|[TRACE] AbstractLoadPlanBuildingAssociationVisitationStrategy - <<<< Finishing composite : id
2021-11-21T23:53:17,886|[TRACE] AbstractLoadPlanBuildingAssociationVisitationStrategy - Popped fetch owner from stack : org.hibernate.loader.plan.build.internal.returns.EncapsulatedEntityIdentifierDescription@2755617b
2021-11-21T23:53:17,886|[TRACE] AbstractLoadPlanBuildingAssociationVisitationStrategy - << Finished entity identifier : bloodbank.entity.Contact
2021-11-21T23:53:17,886|[DEBUG] MetamodelGraphWalker - Visiting attribute path : epochCreated
2021-11-21T23:53:17,886|[TRACE] AbstractLoadPlanBuildingAssociationVisitationStrategy - >> Starting attribute Attribute(name=epochCreated, type=long [non-identifier])
2021-11-21T23:53:17,886|[TRACE] AbstractLoadPlanBuildingAssociationVisitationStrategy - << Finishing up attribute : Attribute(name=epochCreated, type=long [non-identifier])
2021-11-21T23:53:17,886|[DEBUG] MetamodelGraphWalker - Visiting attribute path : epochUpdated
2021-11-21T23:53:17,886|[TRACE] AbstractLoadPlanBuildingAssociationVisitationStrategy - >> Starting attribute Attribute(name=epochUpdated, type=long [non-identifier])
2021-11-21T23:53:17,886|[TRACE] AbstractLoadPlanBuildingAssociationVisitationStrategy - << Finishing up attribute : Attribute(name=epochUpdated, type=long [non-identifier])
2021-11-21T23:53:17,886|[DEBUG] MetamodelGraphWalker - Visiting attribute path : version
2021-11-21T23:53:17,886|[TRACE] AbstractLoadPlanBuildingAssociationVisitationStrategy - >> Starting attribute Attribute(name=version, type=integer [non-identifier])
2021-11-21T23:53:17,886|[TRACE] AbstractLoadPlanBuildingAssociationVisitationStrategy - << Finishing up attribute : Attribute(name=version, type=integer [non-identifier])
2021-11-21T23:53:17,886|[DEBUG] MetamodelGraphWalker - Visiting attribute path : address
2021-11-21T23:53:17,887|[TRACE] AbstractLoadPlanBuildingAssociationVisitationStrategy - >> Starting attribute Attribute(name=address, type=bloodbank.entity.Address [non-identifier,association])
2021-11-21T23:53:17,888|[DEBUG] QuerySpacesImpl - Adding QuerySpace : uid = <gen:1> -> org.hibernate.loader.plan.build.internal.spaces.EntityQuerySpaceImpl@1753475d]
2021-11-21T23:53:17,888|[TRACE] AbstractLoadPlanBuildingAssociationVisitationStrategy - << Finishing up attribute : Attribute(name=address, type=bloodbank.entity.Address [non-identifier,association])
2021-11-21T23:53:17,888|[DEBUG] MetamodelGraphWalker - Visiting attribute path : contactType
2021-11-21T23:53:17,888|[TRACE] AbstractLoadPlanBuildingAssociationVisitationStrategy - >> Starting attribute Attribute(name=contactType, type=string [non-identifier])
2021-11-21T23:53:17,888|[TRACE] AbstractLoadPlanBuildingAssociationVisitationStrategy - << Finishing up attribute : Attribute(name=contactType, type=string [non-identifier])
2021-11-21T23:53:17,889|[DEBUG] MetamodelGraphWalker - Visiting attribute path : email
2021-11-21T23:53:17,889|[TRACE] AbstractLoadPlanBuildingAssociationVisitationStrategy - >> Starting attribute Attribute(name=email, type=string [non-identifier])
2021-11-21T23:53:17,889|[TRACE] AbstractLoadPlanBuildingAssociationVisitationStrategy - << Finishing up attribute : Attribute(name=email, type=string [non-identifier])
2021-11-21T23:53:17,889|[DEBUG] MetamodelGraphWalker - Visiting attribute path : owner
2021-11-21T23:53:17,889|[TRACE] AbstractLoadPlanBuildingAssociationVisitationStrategy - >> Starting attribute Attribute(name=owner, type=bloodbank.entity.Person [non-identifier,association])
2021-11-21T23:53:17,889|[DEBUG] QuerySpacesImpl - Adding QuerySpace : uid = <gen:2> -> org.hibernate.loader.plan.build.internal.spaces.EntityQuerySpaceImpl@582dcd35]
2021-11-21T23:53:17,889|[TRACE] AbstractLoadPlanBuildingAssociationVisitationStrategy - << Finishing up attribute : Attribute(name=owner, type=bloodbank.entity.Person [non-identifier,association])
2021-11-21T23:53:17,889|[DEBUG] MetamodelGraphWalker - Visiting attribute path : phone
2021-11-21T23:53:17,889|[TRACE] AbstractLoadPlanBuildingAssociationVisitationStrategy - >> Starting attribute Attribute(name=phone, type=bloodbank.entity.Phone [non-identifier,association])
2021-11-21T23:53:17,889|[DEBUG] QuerySpacesImpl - Adding QuerySpace : uid = <gen:3> -> org.hibernate.loader.plan.build.internal.spaces.EntityQuerySpaceImpl@1e6bd263]
2021-11-21T23:53:17,889|[TRACE] AbstractLoadPlanBuildingAssociationVisitationStrategy - << Finishing up attribute : Attribute(name=phone, type=bloodbank.entity.Phone [non-identifier,association])
2021-11-21T23:53:17,889|[TRACE] AbstractLoadPlanBuildingAssociationVisitationStrategy - Popped fetch owner from stack : org.hibernate.loader.plan.build.internal.returns.EntityReturnImpl@baa9ce4
2021-11-21T23:53:17,889|[TRACE] AbstractLoadPlanBuildingAssociationVisitationStrategy -  Finished root entity : bloodbank.entity.Contact
2021-11-21T23:53:17,889|[DEBUG] FetchStyleLoadPlanBuildingAssociationVisitationStrategy - Building LoadPlan...
2021-11-21T23:53:17,895|[DEBUG] LoadQueryJoinAndFetchProcessor - processing queryspace <gen:0>
2021-11-21T23:53:17,897|[DEBUG] LoadPlanTreePrinter - LoadPlan(entity=bloodbank.entity.Contact)
    - Returns
       - EntityReturnImpl(entity=bloodbank.entity.Contact, querySpaceUid=<gen:0>, path=bloodbank.entity.Contact)
          - EntityAttributeFetchImpl(entity=bloodbank.entity.Address, querySpaceUid=<gen:1>, path=bloodbank.entity.Contact.address)
          - EntityAttributeFetchImpl(entity=bloodbank.entity.Person, querySpaceUid=<gen:2>, path=bloodbank.entity.Contact.owner)
          - EntityAttributeFetchImpl(entity=bloodbank.entity.Phone, querySpaceUid=<gen:3>, path=bloodbank.entity.Contact.phone)
    - QuerySpaces
       - EntityQuerySpaceImpl(uid=<gen:0>, entity=bloodbank.entity.Contact)
          - SQL table alias mapping - contact0_
          - alias suffix - 0_
          - suffixed key columns - {person_i1_3_0_, phone_id2_3_0_}
          - JOIN (JoinDefinedByMetadata(id)) : <gen:0> -> <gen:0>-id
             - CompositeQuerySpaceImpl(uid=<gen:0>-id)
                - SQL table alias mapping - contact0_

2021-11-21T23:53:17,898|[DEBUG] EntityLoader - Static select for entity bloodbank.entity.Contact [NONE]: select contact0_.person_id as person_i1_3_0_, contact0_.phone_id as phone_id2_3_0_, contact0_.created as created3_3_0_, contact0_.updated as updated4_3_0_, contact0_.version as version5_3_0_, contact0_.address_id as address_8_3_0_, contact0_.contact_type as contact_6_3_0_, contact0_.email as email7_3_0_ from contact contact0_ where contact0_.person_id=? and contact0_.phone_id=?
2021-11-21T23:53:17,899|[DEBUG] AbstractEntityPersister - Static SQL for entity: bloodbank.entity.Phone
2021-11-21T23:53:17,899|[DEBUG] AbstractEntityPersister -  Version select: /* get version bloodbank.entity.Phone */ select version from phone where phone_id =?
2021-11-21T23:53:17,899|[DEBUG] AbstractEntityPersister -  Snapshot select: /* get current state bloodbank.entity.Phone */ select phone_.phone_id, phone_.created as created2_6_, phone_.updated as updated3_6_, phone_.version as version4_6_, phone_.area_code as area_cod5_6_, phone_.country_code as country_6_6_, phone_.number as number7_6_ from phone phone_ where phone_.phone_id=?
2021-11-21T23:53:17,899|[DEBUG] AbstractEntityPersister -  Insert 0: /* insert bloodbank.entity.Phone */ insert into phone (created, updated, version, area_code, country_code, number, phone_id) values (?, ?, ?, ?, ?, ?, ?)
2021-11-21T23:53:17,899|[DEBUG] AbstractEntityPersister -  Update 0: /* update bloodbank.entity.Phone */ update phone set created=?, updated=?, version=?, area_code=?, country_code=?, number=? where phone_id=? and version=?
2021-11-21T23:53:17,899|[DEBUG] AbstractEntityPersister -  Delete 0: /* delete bloodbank.entity.Phone */ delete from phone where phone_id=? and version=?
2021-11-21T23:53:17,899|[DEBUG] AbstractEntityPersister -  Identity insert: /* insert bloodbank.entity.Phone */ insert into phone (created, updated, version, area_code, country_code, number) values (?, ?, ?, ?, ?, ?)
2021-11-21T23:53:17,899|[TRACE] AbstractLoadPlanBuildingAssociationVisitationStrategy -  Starting root entity : bloodbank.entity.Phone
2021-11-21T23:53:17,899|[DEBUG] QuerySpacesImpl - Adding QuerySpace : uid = <gen:0> -> org.hibernate.loader.plan.build.internal.spaces.EntityQuerySpaceImpl@3babcaed]
2021-11-21T23:53:17,899|[TRACE] AbstractLoadPlanBuildingAssociationVisitationStrategy - Pushing fetch source to stack : org.hibernate.loader.plan.build.internal.returns.EntityReturnImpl@2b9e69fb
2021-11-21T23:53:17,899|[TRACE] AbstractLoadPlanBuildingAssociationVisitationStrategy - .. Registering AssociationKey : AssociationKey(table=phone, columns={phone_id}) -> org.hibernate.loader.plan.build.internal.returns.EntityReturnImpl@2b9e69fb
2021-11-21T23:53:17,899|[TRACE] AbstractLoadPlanBuildingAssociationVisitationStrategy - >> Starting entity identifier : bloodbank.entity.Phone
2021-11-21T23:53:17,899|[DEBUG] MetamodelGraphWalker - Visiting attribute path : epochCreated
2021-11-21T23:53:17,899|[TRACE] AbstractLoadPlanBuildingAssociationVisitationStrategy - >> Starting attribute Attribute(name=epochCreated, type=long [non-identifier])
2021-11-21T23:53:17,899|[TRACE] AbstractLoadPlanBuildingAssociationVisitationStrategy - << Finishing up attribute : Attribute(name=epochCreated, type=long [non-identifier])
2021-11-21T23:53:17,899|[DEBUG] MetamodelGraphWalker - Visiting attribute path : epochUpdated
2021-11-21T23:53:17,899|[TRACE] AbstractLoadPlanBuildingAssociationVisitationStrategy - >> Starting attribute Attribute(name=epochUpdated, type=long [non-identifier])
2021-11-21T23:53:17,899|[TRACE] AbstractLoadPlanBuildingAssociationVisitationStrategy - << Finishing up attribute : Attribute(name=epochUpdated, type=long [non-identifier])
2021-11-21T23:53:17,899|[DEBUG] MetamodelGraphWalker - Visiting attribute path : version
2021-11-21T23:53:17,899|[TRACE] AbstractLoadPlanBuildingAssociationVisitationStrategy - >> Starting attribute Attribute(name=version, type=integer [non-identifier])
2021-11-21T23:53:17,899|[TRACE] AbstractLoadPlanBuildingAssociationVisitationStrategy - << Finishing up attribute : Attribute(name=version, type=integer [non-identifier])
2021-11-21T23:53:17,899|[DEBUG] MetamodelGraphWalker - Visiting attribute path : areaCode
2021-11-21T23:53:17,899|[TRACE] AbstractLoadPlanBuildingAssociationVisitationStrategy - >> Starting attribute Attribute(name=areaCode, type=string [non-identifier])
2021-11-21T23:53:17,899|[TRACE] AbstractLoadPlanBuildingAssociationVisitationStrategy - << Finishing up attribute : Attribute(name=areaCode, type=string [non-identifier])
2021-11-21T23:53:17,899|[DEBUG] MetamodelGraphWalker - Visiting attribute path : contacts
2021-11-21T23:53:17,899|[TRACE] AbstractLoadPlanBuildingAssociationVisitationStrategy - >> Starting attribute Attribute(name=contacts, type=java.util.Set(bloodbank.entity.Phone.contacts) [non-identifier,association])
2021-11-21T23:53:17,899|[DEBUG] QuerySpacesImpl - Adding QuerySpace : uid = <gen:1> -> org.hibernate.loader.plan.build.internal.spaces.CollectionQuerySpaceImpl@653a5967]
2021-11-21T23:53:17,900|[DEBUG] QuerySpacesImpl - Adding QuerySpace : uid = <gen:2> -> org.hibernate.loader.plan.build.internal.spaces.EntityQuerySpaceImpl@56d6a1b1]
2021-11-21T23:53:17,900|[DEBUG] QuerySpacesImpl - Adding QuerySpace : uid = <gen:2>-id -> org.hibernate.loader.plan.build.internal.spaces.CompositeQuerySpaceImpl@2c2e3460]
2021-11-21T23:53:17,900|[TRACE] AbstractLoadPlanBuildingAssociationVisitationStrategy - << Finishing up attribute : Attribute(name=contacts, type=java.util.Set(bloodbank.entity.Phone.contacts) [non-identifier,association])
2021-11-21T23:53:17,900|[DEBUG] MetamodelGraphWalker - Visiting attribute path : countryCode
2021-11-21T23:53:17,900|[TRACE] AbstractLoadPlanBuildingAssociationVisitationStrategy - >> Starting attribute Attribute(name=countryCode, type=string [non-identifier])
2021-11-21T23:53:17,900|[TRACE] AbstractLoadPlanBuildingAssociationVisitationStrategy - << Finishing up attribute : Attribute(name=countryCode, type=string [non-identifier])
2021-11-21T23:53:17,900|[DEBUG] MetamodelGraphWalker - Visiting attribute path : number
2021-11-21T23:53:17,900|[TRACE] AbstractLoadPlanBuildingAssociationVisitationStrategy - >> Starting attribute Attribute(name=number, type=string [non-identifier])
2021-11-21T23:53:17,900|[TRACE] AbstractLoadPlanBuildingAssociationVisitationStrategy - << Finishing up attribute : Attribute(name=number, type=string [non-identifier])
2021-11-21T23:53:17,900|[TRACE] AbstractLoadPlanBuildingAssociationVisitationStrategy - Popped fetch owner from stack : org.hibernate.loader.plan.build.internal.returns.EntityReturnImpl@2b9e69fb
2021-11-21T23:53:17,900|[TRACE] AbstractLoadPlanBuildingAssociationVisitationStrategy -  Finished root entity : bloodbank.entity.Phone
2021-11-21T23:53:17,900|[DEBUG] FetchStyleLoadPlanBuildingAssociationVisitationStrategy - Building LoadPlan...
2021-11-21T23:53:17,901|[DEBUG] LoadQueryJoinAndFetchProcessor - processing queryspace <gen:0>
2021-11-21T23:53:17,901|[DEBUG] LoadPlanTreePrinter - LoadPlan(entity=bloodbank.entity.Phone)
    - Returns
       - EntityReturnImpl(entity=bloodbank.entity.Phone, querySpaceUid=<gen:0>, path=bloodbank.entity.Phone)
          - CollectionAttributeFetchImpl(collection=bloodbank.entity.Phone.contacts, querySpaceUid=<gen:1>, path=bloodbank.entity.Phone.contacts)
             - (collection element) CollectionFetchableElementEntityGraph(entity=bloodbank.entity.Contact, querySpaceUid=<gen:2>, path=bloodbank.entity.Phone.contacts.<elements>)
    - QuerySpaces
       - EntityQuerySpaceImpl(uid=<gen:0>, entity=bloodbank.entity.Phone)
          - SQL table alias mapping - phone0_
          - alias suffix - 0_
          - suffixed key columns - {phone_id1_6_0_}

2021-11-21T23:53:17,901|[DEBUG] EntityLoader - Static select for entity bloodbank.entity.Phone [NONE]: select phone0_.phone_id as phone_id1_6_0_, phone0_.created as created2_6_0_, phone0_.updated as updated3_6_0_, phone0_.version as version4_6_0_, phone0_.area_code as area_cod5_6_0_, phone0_.country_code as country_6_6_0_, phone0_.number as number7_6_0_ from phone phone0_ where phone0_.phone_id=?
2021-11-21T23:53:17,901|[DEBUG] AbstractEntityPersister - Static SQL for entity: bloodbank.entity.BloodDonation
2021-11-21T23:53:17,901|[DEBUG] AbstractEntityPersister -  Version select: /* get version bloodbank.entity.BloodDonation */ select version from blood_donation where donation_id =?
2021-11-21T23:53:17,901|[DEBUG] AbstractEntityPersister -  Snapshot select: /* get current state bloodbank.entity.BloodDonation */ select blooddonat_.donation_id, blooddonat_.created as created2_2_, blooddonat_.updated as updated3_2_, blooddonat_.version as version4_2_, blooddonat_.bank_id as bank_id8_2_, blooddonat_.blood_group as blood_gr5_2_, blooddonat_.rhd as rhd6_2_, blooddonat_.milliliters as millilit7_2_ from blood_donation blooddonat_ where blooddonat_.donation_id=?
2021-11-21T23:53:17,901|[DEBUG] AbstractEntityPersister -  Insert 0: /* insert bloodbank.entity.BloodDonation */ insert into blood_donation (created, updated, version, bank_id, blood_group, rhd, milliliters, donation_id) values (?, ?, ?, ?, ?, ?, ?, ?)
2021-11-21T23:53:17,901|[DEBUG] AbstractEntityPersister -  Update 0: /* update bloodbank.entity.BloodDonation */ update blood_donation set created=?, updated=?, version=?, bank_id=?, blood_group=?, rhd=?, milliliters=? where donation_id=? and version=?
2021-11-21T23:53:17,901|[DEBUG] AbstractEntityPersister -  Delete 0: /* delete bloodbank.entity.BloodDonation */ delete from blood_donation where donation_id=? and version=?
2021-11-21T23:53:17,901|[DEBUG] AbstractEntityPersister -  Identity insert: /* insert bloodbank.entity.BloodDonation */ insert into blood_donation (created, updated, version, bank_id, blood_group, rhd, milliliters) values (?, ?, ?, ?, ?, ?, ?)
2021-11-21T23:53:17,901|[TRACE] AbstractLoadPlanBuildingAssociationVisitationStrategy -  Starting root entity : bloodbank.entity.BloodDonation
2021-11-21T23:53:17,901|[DEBUG] QuerySpacesImpl - Adding QuerySpace : uid = <gen:0> -> org.hibernate.loader.plan.build.internal.spaces.EntityQuerySpaceImpl@42107318]
2021-11-21T23:53:17,901|[TRACE] AbstractLoadPlanBuildingAssociationVisitationStrategy - Pushing fetch source to stack : org.hibernate.loader.plan.build.internal.returns.EntityReturnImpl@4e4f4092
2021-11-21T23:53:17,901|[TRACE] AbstractLoadPlanBuildingAssociationVisitationStrategy - .. Registering AssociationKey : AssociationKey(table=blood_donation, columns={donation_id}) -> org.hibernate.loader.plan.build.internal.returns.EntityReturnImpl@4e4f4092
2021-11-21T23:53:17,901|[TRACE] AbstractLoadPlanBuildingAssociationVisitationStrategy - >> Starting entity identifier : bloodbank.entity.BloodDonation
2021-11-21T23:53:17,901|[DEBUG] MetamodelGraphWalker - Visiting attribute path : epochCreated
2021-11-21T23:53:17,901|[TRACE] AbstractLoadPlanBuildingAssociationVisitationStrategy - >> Starting attribute Attribute(name=epochCreated, type=long [non-identifier])
2021-11-21T23:53:17,901|[TRACE] AbstractLoadPlanBuildingAssociationVisitationStrategy - << Finishing up attribute : Attribute(name=epochCreated, type=long [non-identifier])
2021-11-21T23:53:17,901|[DEBUG] MetamodelGraphWalker - Visiting attribute path : epochUpdated
2021-11-21T23:53:17,901|[TRACE] AbstractLoadPlanBuildingAssociationVisitationStrategy - >> Starting attribute Attribute(name=epochUpdated, type=long [non-identifier])
2021-11-21T23:53:17,901|[TRACE] AbstractLoadPlanBuildingAssociationVisitationStrategy - << Finishing up attribute : Attribute(name=epochUpdated, type=long [non-identifier])
2021-11-21T23:53:17,901|[DEBUG] MetamodelGraphWalker - Visiting attribute path : version
2021-11-21T23:53:17,901|[TRACE] AbstractLoadPlanBuildingAssociationVisitationStrategy - >> Starting attribute Attribute(name=version, type=integer [non-identifier])
2021-11-21T23:53:17,901|[TRACE] AbstractLoadPlanBuildingAssociationVisitationStrategy - << Finishing up attribute : Attribute(name=version, type=integer [non-identifier])
2021-11-21T23:53:17,901|[DEBUG] MetamodelGraphWalker - Visiting attribute path : bank
2021-11-21T23:53:17,901|[TRACE] AbstractLoadPlanBuildingAssociationVisitationStrategy - >> Starting attribute Attribute(name=bank, type=bloodbank.entity.BloodBank [non-identifier,association])
2021-11-21T23:53:17,901|[DEBUG] QuerySpacesImpl - Adding QuerySpace : uid = <gen:1> -> org.hibernate.loader.plan.build.internal.spaces.EntityQuerySpaceImpl@5d829ef0]
2021-11-21T23:53:17,901|[TRACE] AbstractLoadPlanBuildingAssociationVisitationStrategy - Pushing fetch source to stack : org.hibernate.loader.plan.build.internal.returns.EntityAttributeFetchImpl@4416e18d
2021-11-21T23:53:17,901|[TRACE] AbstractLoadPlanBuildingAssociationVisitationStrategy - .... Registering AssociationKey : AssociationKey(table=blood_donation, columns={bank_id}) -> org.hibernate.loader.plan.build.internal.returns.EntityAttributeFetchImpl@4416e18d
2021-11-21T23:53:17,901|[TRACE] AbstractLoadPlanBuildingAssociationVisitationStrategy - >>>> Starting entity identifier : bloodbank.entity.BloodBank
2021-11-21T23:53:17,901|[DEBUG] MetamodelGraphWalker - Visiting attribute path : bank.epochCreated
2021-11-21T23:53:17,901|[TRACE] AbstractLoadPlanBuildingAssociationVisitationStrategy - >>>> Starting attribute Attribute(name=epochCreated, type=long [non-identifier])
2021-11-21T23:53:17,901|[TRACE] AbstractLoadPlanBuildingAssociationVisitationStrategy - <<<< Finishing up attribute : Attribute(name=epochCreated, type=long [non-identifier])
2021-11-21T23:53:17,901|[DEBUG] MetamodelGraphWalker - Visiting attribute path : bank.epochUpdated
2021-11-21T23:53:17,901|[TRACE] AbstractLoadPlanBuildingAssociationVisitationStrategy - >>>> Starting attribute Attribute(name=epochUpdated, type=long [non-identifier])
2021-11-21T23:53:17,901|[TRACE] AbstractLoadPlanBuildingAssociationVisitationStrategy - <<<< Finishing up attribute : Attribute(name=epochUpdated, type=long [non-identifier])
2021-11-21T23:53:17,901|[DEBUG] MetamodelGraphWalker - Visiting attribute path : bank.version
2021-11-21T23:53:17,901|[TRACE] AbstractLoadPlanBuildingAssociationVisitationStrategy - >>>> Starting attribute Attribute(name=version, type=integer [non-identifier])
2021-11-21T23:53:17,901|[TRACE] AbstractLoadPlanBuildingAssociationVisitationStrategy - <<<< Finishing up attribute : Attribute(name=version, type=integer [non-identifier])
2021-11-21T23:53:17,901|[DEBUG] MetamodelGraphWalker - Visiting attribute path : bank.donations
2021-11-21T23:53:17,902|[DEBUG] MetamodelGraphWalker - Property path deemed to be circular : bank.donations
2021-11-21T23:53:17,902|[DEBUG] MetamodelGraphWalker - Visiting attribute path : bank.name
2021-11-21T23:53:17,902|[TRACE] AbstractLoadPlanBuildingAssociationVisitationStrategy - >>>> Starting attribute Attribute(name=name, type=string [non-identifier])
2021-11-21T23:53:17,902|[TRACE] AbstractLoadPlanBuildingAssociationVisitationStrategy - <<<< Finishing up attribute : Attribute(name=name, type=string [non-identifier])
2021-11-21T23:53:17,902|[TRACE] AbstractLoadPlanBuildingAssociationVisitationStrategy - Popped fetch owner from stack : org.hibernate.loader.plan.build.internal.returns.EntityAttributeFetchImpl@4416e18d
2021-11-21T23:53:17,902|[TRACE] AbstractLoadPlanBuildingAssociationVisitationStrategy - << Finishing up attribute : Attribute(name=bank, type=bloodbank.entity.BloodBank [non-identifier,association])
2021-11-21T23:53:17,902|[DEBUG] MetamodelGraphWalker - Visiting attribute path : bloodType
2021-11-21T23:53:17,902|[TRACE] AbstractLoadPlanBuildingAssociationVisitationStrategy - >> Starting attribute Attribute(name=bloodType, type=component[bloodGroup,rhd] [non-identifier,composition])
2021-11-21T23:53:17,902|[DEBUG] QuerySpacesImpl - Adding QuerySpace : uid = <gen:2> -> org.hibernate.loader.plan.build.internal.spaces.CompositeQuerySpaceImpl@5dfc2a4]
2021-11-21T23:53:17,902|[TRACE] AbstractLoadPlanBuildingAssociationVisitationStrategy - Pushing fetch source to stack : org.hibernate.loader.plan.build.internal.returns.CompositeAttributeFetchImpl@439d545c
2021-11-21T23:53:17,902|[TRACE] AbstractLoadPlanBuildingAssociationVisitationStrategy - >>>> Starting composite : bloodType
2021-11-21T23:53:17,903|[DEBUG] MetamodelGraphWalker - Visiting attribute path : bloodType.bloodGroup
2021-11-21T23:53:17,903|[TRACE] AbstractLoadPlanBuildingAssociationVisitationStrategy - >>>> Starting attribute Attribute(name=bloodGroup, type=string [non-identifier])
2021-11-21T23:53:17,903|[TRACE] AbstractLoadPlanBuildingAssociationVisitationStrategy - <<<< Finishing up attribute : Attribute(name=bloodGroup, type=string [non-identifier])
2021-11-21T23:53:17,903|[DEBUG] MetamodelGraphWalker - Visiting attribute path : bloodType.rhd
2021-11-21T23:53:17,903|[TRACE] AbstractLoadPlanBuildingAssociationVisitationStrategy - >>>> Starting attribute Attribute(name=rhd, type=byte [non-identifier])
2021-11-21T23:53:17,903|[TRACE] AbstractLoadPlanBuildingAssociationVisitationStrategy - <<<< Finishing up attribute : Attribute(name=rhd, type=byte [non-identifier])
2021-11-21T23:53:17,903|[TRACE] AbstractLoadPlanBuildingAssociationVisitationStrategy - <<<< Finishing composite : bloodType
2021-11-21T23:53:17,903|[TRACE] AbstractLoadPlanBuildingAssociationVisitationStrategy - Popped fetch owner from stack : org.hibernate.loader.plan.build.internal.returns.CompositeAttributeFetchImpl@439d545c
2021-11-21T23:53:17,903|[TRACE] AbstractLoadPlanBuildingAssociationVisitationStrategy - << Finishing up attribute : Attribute(name=bloodType, type=component[bloodGroup,rhd] [non-identifier,composition])
2021-11-21T23:53:17,903|[DEBUG] MetamodelGraphWalker - Visiting attribute path : milliliters
2021-11-21T23:53:17,903|[TRACE] AbstractLoadPlanBuildingAssociationVisitationStrategy - >> Starting attribute Attribute(name=milliliters, type=integer [non-identifier])
2021-11-21T23:53:17,903|[TRACE] AbstractLoadPlanBuildingAssociationVisitationStrategy - << Finishing up attribute : Attribute(name=milliliters, type=integer [non-identifier])
2021-11-21T23:53:17,903|[DEBUG] MetamodelGraphWalker - Visiting attribute path : record
2021-11-21T23:53:17,903|[DEBUG] MetamodelGraphWalker - Property path deemed to be circular : record
2021-11-21T23:53:17,903|[TRACE] AbstractLoadPlanBuildingAssociationVisitationStrategy - Popped fetch owner from stack : org.hibernate.loader.plan.build.internal.returns.EntityReturnImpl@4e4f4092
2021-11-21T23:53:17,903|[TRACE] AbstractLoadPlanBuildingAssociationVisitationStrategy -  Finished root entity : bloodbank.entity.BloodDonation
2021-11-21T23:53:17,903|[DEBUG] FetchStyleLoadPlanBuildingAssociationVisitationStrategy - Building LoadPlan...
2021-11-21T23:53:17,903|[DEBUG] LoadQueryJoinAndFetchProcessor - processing queryspace <gen:0>
2021-11-21T23:53:17,904|[DEBUG] LoadPlanTreePrinter - LoadPlan(entity=bloodbank.entity.BloodDonation)
    - Returns
       - EntityReturnImpl(entity=bloodbank.entity.BloodDonation, querySpaceUid=<gen:0>, path=bloodbank.entity.BloodDonation)
          - EntityAttributeFetchImpl(entity=bloodbank.entity.BloodBank, querySpaceUid=<gen:1>, path=bloodbank.entity.BloodDonation.bank)
          - CompositeAttributeFetchImpl(composite=bloodbank.entity.BloodType, querySpaceUid=<gen:2>, path=bloodbank.entity.BloodDonation.bloodType)
    - QuerySpaces
       - EntityQuerySpaceImpl(uid=<gen:0>, entity=bloodbank.entity.BloodDonation)
          - SQL table alias mapping - blooddonat0_
          - alias suffix - 0_
          - suffixed key columns - {donation1_2_0_}
          - JOIN (JoinDefinedByMetadata(bank)) : <gen:0> -> <gen:1>
             - EntityQuerySpaceImpl(uid=<gen:1>, entity=bloodbank.entity.BloodBank)
                - SQL table alias mapping - bloodbank1_
                - alias suffix - 1_
                - suffixed key columns - {bank_id2_1_1_}
          - JOIN (JoinDefinedByMetadata(bloodType)) : <gen:0> -> <gen:2>
             - CompositeQuerySpaceImpl(uid=<gen:2>)
                - SQL table alias mapping - blooddonat0_

2021-11-21T23:53:17,904|[DEBUG] EntityLoader - Static select for entity bloodbank.entity.BloodDonation [NONE]: select blooddonat0_.donation_id as donation1_2_0_, blooddonat0_.created as created2_2_0_, blooddonat0_.updated as updated3_2_0_, blooddonat0_.version as version4_2_0_, blooddonat0_.bank_id as bank_id8_2_0_, blooddonat0_.blood_group as blood_gr5_2_0_, blooddonat0_.rhd as rhd6_2_0_, blooddonat0_.milliliters as millilit7_2_0_, bloodbank1_.bank_id as bank_id2_1_1_, bloodbank1_.created as created3_1_1_, bloodbank1_.updated as updated4_1_1_, bloodbank1_.version as version5_1_1_, bloodbank1_.name as name6_1_1_, bloodbank1_.privately_owned as privatel1_1_1_ from blood_donation blooddonat0_ inner join blood_bank bloodbank1_ on blooddonat0_.bank_id=bloodbank1_.bank_id where blooddonat0_.donation_id=?
2021-11-21T23:53:17,904|[DEBUG] AbstractEntityPersister - Static SQL for entity: bloodbank.entity.BloodBank
2021-11-21T23:53:17,904|[DEBUG] AbstractEntityPersister -  Version select: /* get version bloodbank.entity.BloodBank */ select version from blood_bank where bank_id =?
2021-11-21T23:53:17,904|[DEBUG] AbstractEntityPersister -  Snapshot select: /* get current state bloodbank.entity.BloodBank */ select bloodbank_.bank_id, bloodbank_.created as created3_1_, bloodbank_.updated as updated4_1_, bloodbank_.version as version5_1_, bloodbank_.name as name6_1_ from blood_bank bloodbank_ where bloodbank_.bank_id=?
2021-11-21T23:53:17,904|[DEBUG] AbstractEntityPersister -  Insert 0: /* insert bloodbank.entity.BloodBank */ insert into blood_bank (created, updated, version, name, privately_owned, bank_id) values (?, ?, ?, ?, -1082010826, ?)
2021-11-21T23:53:17,904|[DEBUG] AbstractEntityPersister -  Update 0: /* update bloodbank.entity.BloodBank */ update blood_bank set created=?, updated=?, version=?, name=? where bank_id=? and version=?
2021-11-21T23:53:17,904|[DEBUG] AbstractEntityPersister -  Delete 0: /* delete bloodbank.entity.BloodBank */ delete from blood_bank where bank_id=? and version=?
2021-11-21T23:53:17,904|[DEBUG] AbstractEntityPersister -  Identity insert: /* insert bloodbank.entity.BloodBank */ insert into blood_bank (created, updated, version, name, privately_owned) values (?, ?, ?, ?, -1082010826)
2021-11-21T23:53:17,904|[TRACE] AbstractLoadPlanBuildingAssociationVisitationStrategy -  Starting root entity : bloodbank.entity.BloodBank
2021-11-21T23:53:17,904|[DEBUG] QuerySpacesImpl - Adding QuerySpace : uid = <gen:0> -> org.hibernate.loader.plan.build.internal.spaces.EntityQuerySpaceImpl@6def0632]
2021-11-21T23:53:17,904|[TRACE] AbstractLoadPlanBuildingAssociationVisitationStrategy - Pushing fetch source to stack : org.hibernate.loader.plan.build.internal.returns.EntityReturnImpl@49038f97
2021-11-21T23:53:17,904|[TRACE] AbstractLoadPlanBuildingAssociationVisitationStrategy - .. Registering AssociationKey : AssociationKey(table=blood_bank, columns={bank_id}) -> org.hibernate.loader.plan.build.internal.returns.EntityReturnImpl@49038f97
2021-11-21T23:53:17,904|[TRACE] AbstractLoadPlanBuildingAssociationVisitationStrategy - >> Starting entity identifier : bloodbank.entity.BloodBank
2021-11-21T23:53:17,904|[DEBUG] MetamodelGraphWalker - Visiting attribute path : epochCreated
2021-11-21T23:53:17,904|[TRACE] AbstractLoadPlanBuildingAssociationVisitationStrategy - >> Starting attribute Attribute(name=epochCreated, type=long [non-identifier])
2021-11-21T23:53:17,904|[TRACE] AbstractLoadPlanBuildingAssociationVisitationStrategy - << Finishing up attribute : Attribute(name=epochCreated, type=long [non-identifier])
2021-11-21T23:53:17,904|[DEBUG] MetamodelGraphWalker - Visiting attribute path : epochUpdated
2021-11-21T23:53:17,904|[TRACE] AbstractLoadPlanBuildingAssociationVisitationStrategy - >> Starting attribute Attribute(name=epochUpdated, type=long [non-identifier])
2021-11-21T23:53:17,904|[TRACE] AbstractLoadPlanBuildingAssociationVisitationStrategy - << Finishing up attribute : Attribute(name=epochUpdated, type=long [non-identifier])
2021-11-21T23:53:17,904|[DEBUG] MetamodelGraphWalker - Visiting attribute path : version
2021-11-21T23:53:17,904|[TRACE] AbstractLoadPlanBuildingAssociationVisitationStrategy - >> Starting attribute Attribute(name=version, type=integer [non-identifier])
2021-11-21T23:53:17,904|[TRACE] AbstractLoadPlanBuildingAssociationVisitationStrategy - << Finishing up attribute : Attribute(name=version, type=integer [non-identifier])
2021-11-21T23:53:17,904|[DEBUG] MetamodelGraphWalker - Visiting attribute path : donations
2021-11-21T23:53:17,904|[TRACE] AbstractLoadPlanBuildingAssociationVisitationStrategy - >> Starting attribute Attribute(name=donations, type=java.util.Set(bloodbank.entity.BloodBank.donations) [non-identifier,association])
2021-11-21T23:53:17,904|[DEBUG] QuerySpacesImpl - Adding QuerySpace : uid = <gen:1> -> org.hibernate.loader.plan.build.internal.spaces.CollectionQuerySpaceImpl@36211bbc]
2021-11-21T23:53:17,904|[DEBUG] QuerySpacesImpl - Adding QuerySpace : uid = <gen:2> -> org.hibernate.loader.plan.build.internal.spaces.EntityQuerySpaceImpl@7ef41ca2]
2021-11-21T23:53:17,904|[TRACE] AbstractLoadPlanBuildingAssociationVisitationStrategy - << Finishing up attribute : Attribute(name=donations, type=java.util.Set(bloodbank.entity.BloodBank.donations) [non-identifier,association])
2021-11-21T23:53:17,904|[DEBUG] MetamodelGraphWalker - Visiting attribute path : name
2021-11-21T23:53:17,904|[TRACE] AbstractLoadPlanBuildingAssociationVisitationStrategy - >> Starting attribute Attribute(name=name, type=string [non-identifier])
2021-11-21T23:53:17,904|[TRACE] AbstractLoadPlanBuildingAssociationVisitationStrategy - << Finishing up attribute : Attribute(name=name, type=string [non-identifier])
2021-11-21T23:53:17,904|[TRACE] AbstractLoadPlanBuildingAssociationVisitationStrategy - Popped fetch owner from stack : org.hibernate.loader.plan.build.internal.returns.EntityReturnImpl@49038f97
2021-11-21T23:53:17,904|[TRACE] AbstractLoadPlanBuildingAssociationVisitationStrategy -  Finished root entity : bloodbank.entity.BloodBank
2021-11-21T23:53:17,904|[DEBUG] FetchStyleLoadPlanBuildingAssociationVisitationStrategy - Building LoadPlan...
2021-11-21T23:53:17,905|[DEBUG] LoadQueryJoinAndFetchProcessor - processing queryspace <gen:0>
2021-11-21T23:53:17,905|[DEBUG] LoadPlanTreePrinter - LoadPlan(entity=bloodbank.entity.BloodBank)
    - Returns
       - EntityReturnImpl(entity=bloodbank.entity.BloodBank, querySpaceUid=<gen:0>, path=bloodbank.entity.BloodBank)
          - CollectionAttributeFetchImpl(collection=bloodbank.entity.BloodBank.donations, querySpaceUid=<gen:1>, path=bloodbank.entity.BloodBank.donations)
             - (collection element) CollectionFetchableElementEntityGraph(entity=bloodbank.entity.BloodDonation, querySpaceUid=<gen:2>, path=bloodbank.entity.BloodBank.donations.<elements>)
    - QuerySpaces
       - EntityQuerySpaceImpl(uid=<gen:0>, entity=bloodbank.entity.BloodBank)
          - SQL table alias mapping - bloodbank0_
          - alias suffix - 0_
          - suffixed key columns - {bank_id2_1_0_}

2021-11-21T23:53:17,905|[DEBUG] EntityLoader - Static select for entity bloodbank.entity.BloodBank [NONE]: select bloodbank0_.bank_id as bank_id2_1_0_, bloodbank0_.created as created3_1_0_, bloodbank0_.updated as updated4_1_0_, bloodbank0_.version as version5_1_0_, bloodbank0_.name as name6_1_0_, bloodbank0_.privately_owned as privatel1_1_0_ from blood_bank bloodbank0_ where bloodbank0_.bank_id=?
2021-11-21T23:53:17,905|[DEBUG] AbstractEntityPersister - Static SQL for entity: bloodbank.entity.PrivateBloodBank
2021-11-21T23:53:17,905|[DEBUG] AbstractEntityPersister -  Version select: /* get version bloodbank.entity.PrivateBloodBank */ select version from blood_bank where bank_id =?
2021-11-21T23:53:17,905|[DEBUG] AbstractEntityPersister -  Snapshot select: /* get current state bloodbank.entity.PrivateBloodBank */ select privateblo_.bank_id, privateblo_.created as created3_1_, privateblo_.updated as updated4_1_, privateblo_.version as version5_1_, privateblo_.name as name6_1_ from blood_bank privateblo_ where privateblo_.bank_id=?
2021-11-21T23:53:17,905|[DEBUG] AbstractEntityPersister -  Insert 0: /* insert bloodbank.entity.PrivateBloodBank */ insert into blood_bank (created, updated, version, name, privately_owned, bank_id) values (?, ?, ?, ?, 1, ?)
2021-11-21T23:53:17,905|[DEBUG] AbstractEntityPersister -  Update 0: /* update bloodbank.entity.PrivateBloodBank */ update blood_bank set created=?, updated=?, version=?, name=? where bank_id=? and version=?
2021-11-21T23:53:17,905|[DEBUG] AbstractEntityPersister -  Delete 0: /* delete bloodbank.entity.PrivateBloodBank */ delete from blood_bank where bank_id=? and version=?
2021-11-21T23:53:17,905|[DEBUG] AbstractEntityPersister -  Identity insert: /* insert bloodbank.entity.PrivateBloodBank */ insert into blood_bank (created, updated, version, name, privately_owned) values (?, ?, ?, ?, 1)
2021-11-21T23:53:17,905|[TRACE] AbstractLoadPlanBuildingAssociationVisitationStrategy -  Starting root entity : bloodbank.entity.PrivateBloodBank
2021-11-21T23:53:17,905|[DEBUG] QuerySpacesImpl - Adding QuerySpace : uid = <gen:0> -> org.hibernate.loader.plan.build.internal.spaces.EntityQuerySpaceImpl@6b3f4bd8]
2021-11-21T23:53:17,905|[TRACE] AbstractLoadPlanBuildingAssociationVisitationStrategy - Pushing fetch source to stack : org.hibernate.loader.plan.build.internal.returns.EntityReturnImpl@3e151e1f
2021-11-21T23:53:17,905|[TRACE] AbstractLoadPlanBuildingAssociationVisitationStrategy - .. Registering AssociationKey : AssociationKey(table=blood_bank, columns={bank_id}) -> org.hibernate.loader.plan.build.internal.returns.EntityReturnImpl@3e151e1f
2021-11-21T23:53:17,905|[TRACE] AbstractLoadPlanBuildingAssociationVisitationStrategy - >> Starting entity identifier : bloodbank.entity.PrivateBloodBank
2021-11-21T23:53:17,905|[DEBUG] MetamodelGraphWalker - Visiting attribute path : epochCreated
2021-11-21T23:53:17,905|[TRACE] AbstractLoadPlanBuildingAssociationVisitationStrategy - >> Starting attribute Attribute(name=epochCreated, type=long [non-identifier])
2021-11-21T23:53:17,905|[TRACE] AbstractLoadPlanBuildingAssociationVisitationStrategy - << Finishing up attribute : Attribute(name=epochCreated, type=long [non-identifier])
2021-11-21T23:53:17,905|[DEBUG] MetamodelGraphWalker - Visiting attribute path : epochUpdated
2021-11-21T23:53:17,905|[TRACE] AbstractLoadPlanBuildingAssociationVisitationStrategy - >> Starting attribute Attribute(name=epochUpdated, type=long [non-identifier])
2021-11-21T23:53:17,905|[TRACE] AbstractLoadPlanBuildingAssociationVisitationStrategy - << Finishing up attribute : Attribute(name=epochUpdated, type=long [non-identifier])
2021-11-21T23:53:17,905|[DEBUG] MetamodelGraphWalker - Visiting attribute path : version
2021-11-21T23:53:17,905|[TRACE] AbstractLoadPlanBuildingAssociationVisitationStrategy - >> Starting attribute Attribute(name=version, type=integer [non-identifier])
2021-11-21T23:53:17,905|[TRACE] AbstractLoadPlanBuildingAssociationVisitationStrategy - << Finishing up attribute : Attribute(name=version, type=integer [non-identifier])
2021-11-21T23:53:17,905|[DEBUG] MetamodelGraphWalker - Visiting attribute path : donations
2021-11-21T23:53:17,905|[TRACE] AbstractLoadPlanBuildingAssociationVisitationStrategy - >> Starting attribute Attribute(name=donations, type=java.util.Set(bloodbank.entity.BloodBank.donations) [non-identifier,association])
2021-11-21T23:53:17,906|[DEBUG] QuerySpacesImpl - Adding QuerySpace : uid = <gen:1> -> org.hibernate.loader.plan.build.internal.spaces.CollectionQuerySpaceImpl@d70e9a]
2021-11-21T23:53:17,906|[DEBUG] QuerySpacesImpl - Adding QuerySpace : uid = <gen:2> -> org.hibernate.loader.plan.build.internal.spaces.EntityQuerySpaceImpl@5e98032e]
2021-11-21T23:53:17,906|[TRACE] AbstractLoadPlanBuildingAssociationVisitationStrategy - << Finishing up attribute : Attribute(name=donations, type=java.util.Set(bloodbank.entity.BloodBank.donations) [non-identifier,association])
2021-11-21T23:53:17,906|[DEBUG] MetamodelGraphWalker - Visiting attribute path : name
2021-11-21T23:53:17,906|[TRACE] AbstractLoadPlanBuildingAssociationVisitationStrategy - >> Starting attribute Attribute(name=name, type=string [non-identifier])
2021-11-21T23:53:17,906|[TRACE] AbstractLoadPlanBuildingAssociationVisitationStrategy - << Finishing up attribute : Attribute(name=name, type=string [non-identifier])
2021-11-21T23:53:17,906|[TRACE] AbstractLoadPlanBuildingAssociationVisitationStrategy - Popped fetch owner from stack : org.hibernate.loader.plan.build.internal.returns.EntityReturnImpl@3e151e1f
2021-11-21T23:53:17,906|[TRACE] AbstractLoadPlanBuildingAssociationVisitationStrategy -  Finished root entity : bloodbank.entity.PrivateBloodBank
2021-11-21T23:53:17,906|[DEBUG] FetchStyleLoadPlanBuildingAssociationVisitationStrategy - Building LoadPlan...
2021-11-21T23:53:17,906|[DEBUG] LoadQueryJoinAndFetchProcessor - processing queryspace <gen:0>
2021-11-21T23:53:17,906|[DEBUG] LoadPlanTreePrinter - LoadPlan(entity=bloodbank.entity.PrivateBloodBank)
    - Returns
       - EntityReturnImpl(entity=bloodbank.entity.PrivateBloodBank, querySpaceUid=<gen:0>, path=bloodbank.entity.PrivateBloodBank)
          - CollectionAttributeFetchImpl(collection=bloodbank.entity.BloodBank.donations, querySpaceUid=<gen:1>, path=bloodbank.entity.PrivateBloodBank.donations)
             - (collection element) CollectionFetchableElementEntityGraph(entity=bloodbank.entity.BloodDonation, querySpaceUid=<gen:2>, path=bloodbank.entity.PrivateBloodBank.donations.<elements>)
    - QuerySpaces
       - EntityQuerySpaceImpl(uid=<gen:0>, entity=bloodbank.entity.PrivateBloodBank)
          - SQL table alias mapping - privateblo0_
          - alias suffix - 0_
          - suffixed key columns - {bank_id2_1_0_}

2021-11-21T23:53:17,906|[DEBUG] EntityLoader - Static select for entity bloodbank.entity.PrivateBloodBank [NONE]: select privateblo0_.bank_id as bank_id2_1_0_, privateblo0_.created as created3_1_0_, privateblo0_.updated as updated4_1_0_, privateblo0_.version as version5_1_0_, privateblo0_.name as name6_1_0_ from blood_bank privateblo0_ where privateblo0_.bank_id=? and privateblo0_.privately_owned=1
2021-11-21T23:53:17,906|[DEBUG] AbstractEntityPersister - Static SQL for entity: bloodbank.entity.DonationRecord
2021-11-21T23:53:17,906|[DEBUG] AbstractEntityPersister -  Version select: /* get version bloodbank.entity.DonationRecord */ select version from donation_record where record_id =?
2021-11-21T23:53:17,906|[DEBUG] AbstractEntityPersister -  Snapshot select: /* get current state bloodbank.entity.DonationRecord */ select donationre_.record_id, donationre_.created as created2_4_, donationre_.updated as updated3_4_, donationre_.version as version4_4_, donationre_.donation_id as donation6_4_, donationre_.person_id as person_i7_4_, donationre_.tested as tested5_4_ from donation_record donationre_ where donationre_.record_id=?
2021-11-21T23:53:17,906|[DEBUG] AbstractEntityPersister -  Insert 0: /* insert bloodbank.entity.DonationRecord */ insert into donation_record (created, updated, version, donation_id, person_id, tested, record_id) values (?, ?, ?, ?, ?, ?, ?)
2021-11-21T23:53:17,906|[DEBUG] AbstractEntityPersister -  Update 0: /* update bloodbank.entity.DonationRecord */ update donation_record set created=?, updated=?, version=?, donation_id=?, person_id=?, tested=? where record_id=? and version=?
2021-11-21T23:53:17,906|[DEBUG] AbstractEntityPersister -  Delete 0: /* delete bloodbank.entity.DonationRecord */ delete from donation_record where record_id=? and version=?
2021-11-21T23:53:17,906|[DEBUG] AbstractEntityPersister -  Identity insert: /* insert bloodbank.entity.DonationRecord */ insert into donation_record (created, updated, version, donation_id, person_id, tested) values (?, ?, ?, ?, ?, ?)
2021-11-21T23:53:17,906|[TRACE] AbstractLoadPlanBuildingAssociationVisitationStrategy -  Starting root entity : bloodbank.entity.DonationRecord
2021-11-21T23:53:17,906|[DEBUG] QuerySpacesImpl - Adding QuerySpace : uid = <gen:0> -> org.hibernate.loader.plan.build.internal.spaces.EntityQuerySpaceImpl@4fe8f2ae]
2021-11-21T23:53:17,906|[TRACE] AbstractLoadPlanBuildingAssociationVisitationStrategy - Pushing fetch source to stack : org.hibernate.loader.plan.build.internal.returns.EntityReturnImpl@591be8aa
2021-11-21T23:53:17,907|[TRACE] AbstractLoadPlanBuildingAssociationVisitationStrategy - .. Registering AssociationKey : AssociationKey(table=donation_record, columns={record_id}) -> org.hibernate.loader.plan.build.internal.returns.EntityReturnImpl@591be8aa
2021-11-21T23:53:17,907|[TRACE] AbstractLoadPlanBuildingAssociationVisitationStrategy - >> Starting entity identifier : bloodbank.entity.DonationRecord
2021-11-21T23:53:17,907|[DEBUG] MetamodelGraphWalker - Visiting attribute path : epochCreated
2021-11-21T23:53:17,907|[TRACE] AbstractLoadPlanBuildingAssociationVisitationStrategy - >> Starting attribute Attribute(name=epochCreated, type=long [non-identifier])
2021-11-21T23:53:17,907|[TRACE] AbstractLoadPlanBuildingAssociationVisitationStrategy - << Finishing up attribute : Attribute(name=epochCreated, type=long [non-identifier])
2021-11-21T23:53:17,907|[DEBUG] MetamodelGraphWalker - Visiting attribute path : epochUpdated
2021-11-21T23:53:17,907|[TRACE] AbstractLoadPlanBuildingAssociationVisitationStrategy - >> Starting attribute Attribute(name=epochUpdated, type=long [non-identifier])
2021-11-21T23:53:17,907|[TRACE] AbstractLoadPlanBuildingAssociationVisitationStrategy - << Finishing up attribute : Attribute(name=epochUpdated, type=long [non-identifier])
2021-11-21T23:53:17,907|[DEBUG] MetamodelGraphWalker - Visiting attribute path : version
2021-11-21T23:53:17,907|[TRACE] AbstractLoadPlanBuildingAssociationVisitationStrategy - >> Starting attribute Attribute(name=version, type=integer [non-identifier])
2021-11-21T23:53:17,907|[TRACE] AbstractLoadPlanBuildingAssociationVisitationStrategy - << Finishing up attribute : Attribute(name=version, type=integer [non-identifier])
2021-11-21T23:53:17,907|[DEBUG] MetamodelGraphWalker - Visiting attribute path : donation
2021-11-21T23:53:17,907|[TRACE] AbstractLoadPlanBuildingAssociationVisitationStrategy - >> Starting attribute Attribute(name=donation, type=bloodbank.entity.BloodDonation [non-identifier,association])
2021-11-21T23:53:17,907|[DEBUG] QuerySpacesImpl - Adding QuerySpace : uid = <gen:1> -> org.hibernate.loader.plan.build.internal.spaces.EntityQuerySpaceImpl@61808ecd]
2021-11-21T23:53:17,907|[TRACE] AbstractLoadPlanBuildingAssociationVisitationStrategy - Pushing fetch source to stack : org.hibernate.loader.plan.build.internal.returns.EntityAttributeFetchImpl@7f1f60a0
2021-11-21T23:53:17,907|[TRACE] AbstractLoadPlanBuildingAssociationVisitationStrategy - .... Registering AssociationKey : AssociationKey(table=donation_record, columns={donation_id}) -> org.hibernate.loader.plan.build.internal.returns.EntityAttributeFetchImpl@7f1f60a0
2021-11-21T23:53:17,907|[TRACE] AbstractLoadPlanBuildingAssociationVisitationStrategy - >>>> Starting entity identifier : bloodbank.entity.BloodDonation
2021-11-21T23:53:17,907|[DEBUG] MetamodelGraphWalker - Visiting attribute path : donation.epochCreated
2021-11-21T23:53:17,907|[TRACE] AbstractLoadPlanBuildingAssociationVisitationStrategy - >>>> Starting attribute Attribute(name=epochCreated, type=long [non-identifier])
2021-11-21T23:53:17,907|[TRACE] AbstractLoadPlanBuildingAssociationVisitationStrategy - <<<< Finishing up attribute : Attribute(name=epochCreated, type=long [non-identifier])
2021-11-21T23:53:17,907|[DEBUG] MetamodelGraphWalker - Visiting attribute path : donation.epochUpdated
2021-11-21T23:53:17,907|[TRACE] AbstractLoadPlanBuildingAssociationVisitationStrategy - >>>> Starting attribute Attribute(name=epochUpdated, type=long [non-identifier])
2021-11-21T23:53:17,907|[TRACE] AbstractLoadPlanBuildingAssociationVisitationStrategy - <<<< Finishing up attribute : Attribute(name=epochUpdated, type=long [non-identifier])
2021-11-21T23:53:17,907|[DEBUG] MetamodelGraphWalker - Visiting attribute path : donation.version
2021-11-21T23:53:17,907|[TRACE] AbstractLoadPlanBuildingAssociationVisitationStrategy - >>>> Starting attribute Attribute(name=version, type=integer [non-identifier])
2021-11-21T23:53:17,907|[TRACE] AbstractLoadPlanBuildingAssociationVisitationStrategy - <<<< Finishing up attribute : Attribute(name=version, type=integer [non-identifier])
2021-11-21T23:53:17,907|[DEBUG] MetamodelGraphWalker - Visiting attribute path : donation.bank
2021-11-21T23:53:17,907|[TRACE] AbstractLoadPlanBuildingAssociationVisitationStrategy - >>>> Starting attribute Attribute(name=bank, type=bloodbank.entity.BloodBank [non-identifier,association])
2021-11-21T23:53:17,907|[DEBUG] QuerySpacesImpl - Adding QuerySpace : uid = <gen:2> -> org.hibernate.loader.plan.build.internal.spaces.EntityQuerySpaceImpl@77ea806f]
2021-11-21T23:53:17,907|[TRACE] AbstractLoadPlanBuildingAssociationVisitationStrategy - Pushing fetch source to stack : org.hibernate.loader.plan.build.internal.returns.EntityAttributeFetchImpl@71b26880
2021-11-21T23:53:17,907|[TRACE] AbstractLoadPlanBuildingAssociationVisitationStrategy - ...... Registering AssociationKey : AssociationKey(table=blood_donation, columns={bank_id}) -> org.hibernate.loader.plan.build.internal.returns.EntityAttributeFetchImpl@71b26880
2021-11-21T23:53:17,907|[TRACE] AbstractLoadPlanBuildingAssociationVisitationStrategy - >>>>>> Starting entity identifier : bloodbank.entity.BloodBank
2021-11-21T23:53:17,907|[DEBUG] MetamodelGraphWalker - Visiting attribute path : donation.bank.epochCreated
2021-11-21T23:53:17,907|[TRACE] AbstractLoadPlanBuildingAssociationVisitationStrategy - >>>>>> Starting attribute Attribute(name=epochCreated, type=long [non-identifier])
2021-11-21T23:53:17,907|[TRACE] AbstractLoadPlanBuildingAssociationVisitationStrategy - <<<<<< Finishing up attribute : Attribute(name=epochCreated, type=long [non-identifier])
2021-11-21T23:53:17,908|[DEBUG] MetamodelGraphWalker - Visiting attribute path : donation.bank.epochUpdated
2021-11-21T23:53:17,908|[TRACE] AbstractLoadPlanBuildingAssociationVisitationStrategy - >>>>>> Starting attribute Attribute(name=epochUpdated, type=long [non-identifier])
2021-11-21T23:53:17,908|[TRACE] AbstractLoadPlanBuildingAssociationVisitationStrategy - <<<<<< Finishing up attribute : Attribute(name=epochUpdated, type=long [non-identifier])
2021-11-21T23:53:17,908|[DEBUG] MetamodelGraphWalker - Visiting attribute path : donation.bank.version
2021-11-21T23:53:17,908|[TRACE] AbstractLoadPlanBuildingAssociationVisitationStrategy - >>>>>> Starting attribute Attribute(name=version, type=integer [non-identifier])
2021-11-21T23:53:17,908|[TRACE] AbstractLoadPlanBuildingAssociationVisitationStrategy - <<<<<< Finishing up attribute : Attribute(name=version, type=integer [non-identifier])
2021-11-21T23:53:17,908|[DEBUG] MetamodelGraphWalker - Visiting attribute path : donation.bank.donations
2021-11-21T23:53:17,908|[DEBUG] MetamodelGraphWalker - Property path deemed to be circular : donation.bank.donations
2021-11-21T23:53:17,908|[DEBUG] MetamodelGraphWalker - Visiting attribute path : donation.bank.name
2021-11-21T23:53:17,908|[TRACE] AbstractLoadPlanBuildingAssociationVisitationStrategy - >>>>>> Starting attribute Attribute(name=name, type=string [non-identifier])
2021-11-21T23:53:17,908|[TRACE] AbstractLoadPlanBuildingAssociationVisitationStrategy - <<<<<< Finishing up attribute : Attribute(name=name, type=string [non-identifier])
2021-11-21T23:53:17,908|[TRACE] AbstractLoadPlanBuildingAssociationVisitationStrategy - Popped fetch owner from stack : org.hibernate.loader.plan.build.internal.returns.EntityAttributeFetchImpl@71b26880
2021-11-21T23:53:17,908|[TRACE] AbstractLoadPlanBuildingAssociationVisitationStrategy - <<<< Finishing up attribute : Attribute(name=bank, type=bloodbank.entity.BloodBank [non-identifier,association])
2021-11-21T23:53:17,908|[DEBUG] MetamodelGraphWalker - Visiting attribute path : donation.bloodType
2021-11-21T23:53:17,908|[TRACE] AbstractLoadPlanBuildingAssociationVisitationStrategy - >>>> Starting attribute Attribute(name=bloodType, type=component[bloodGroup,rhd] [non-identifier,composition])
2021-11-21T23:53:17,908|[DEBUG] QuerySpacesImpl - Adding QuerySpace : uid = <gen:3> -> org.hibernate.loader.plan.build.internal.spaces.CompositeQuerySpaceImpl@14a1769d]
2021-11-21T23:53:17,908|[TRACE] AbstractLoadPlanBuildingAssociationVisitationStrategy - Pushing fetch source to stack : org.hibernate.loader.plan.build.internal.returns.CompositeAttributeFetchImpl@10bf1ec9
2021-11-21T23:53:17,908|[TRACE] AbstractLoadPlanBuildingAssociationVisitationStrategy - >>>>>> Starting composite : bloodType
2021-11-21T23:53:17,908|[DEBUG] MetamodelGraphWalker - Visiting attribute path : donation.bloodType.bloodGroup
2021-11-21T23:53:17,908|[TRACE] AbstractLoadPlanBuildingAssociationVisitationStrategy - >>>>>> Starting attribute Attribute(name=bloodGroup, type=string [non-identifier])
2021-11-21T23:53:17,908|[TRACE] AbstractLoadPlanBuildingAssociationVisitationStrategy - <<<<<< Finishing up attribute : Attribute(name=bloodGroup, type=string [non-identifier])
2021-11-21T23:53:17,908|[DEBUG] MetamodelGraphWalker - Visiting attribute path : donation.bloodType.rhd
2021-11-21T23:53:17,908|[TRACE] AbstractLoadPlanBuildingAssociationVisitationStrategy - >>>>>> Starting attribute Attribute(name=rhd, type=byte [non-identifier])
2021-11-21T23:53:17,908|[TRACE] AbstractLoadPlanBuildingAssociationVisitationStrategy - <<<<<< Finishing up attribute : Attribute(name=rhd, type=byte [non-identifier])
2021-11-21T23:53:17,908|[TRACE] AbstractLoadPlanBuildingAssociationVisitationStrategy - <<<<<< Finishing composite : bloodType
2021-11-21T23:53:17,908|[TRACE] AbstractLoadPlanBuildingAssociationVisitationStrategy - Popped fetch owner from stack : org.hibernate.loader.plan.build.internal.returns.CompositeAttributeFetchImpl@10bf1ec9
2021-11-21T23:53:17,908|[TRACE] AbstractLoadPlanBuildingAssociationVisitationStrategy - <<<< Finishing up attribute : Attribute(name=bloodType, type=component[bloodGroup,rhd] [non-identifier,composition])
2021-11-21T23:53:17,908|[DEBUG] MetamodelGraphWalker - Visiting attribute path : donation.milliliters
2021-11-21T23:53:17,908|[TRACE] AbstractLoadPlanBuildingAssociationVisitationStrategy - >>>> Starting attribute Attribute(name=milliliters, type=integer [non-identifier])
2021-11-21T23:53:17,908|[TRACE] AbstractLoadPlanBuildingAssociationVisitationStrategy - <<<< Finishing up attribute : Attribute(name=milliliters, type=integer [non-identifier])
2021-11-21T23:53:17,908|[DEBUG] MetamodelGraphWalker - Visiting attribute path : donation.record
2021-11-21T23:53:17,908|[TRACE] AbstractLoadPlanBuildingAssociationVisitationStrategy - >>>> Starting attribute Attribute(name=record, type=bloodbank.entity.DonationRecord [non-identifier,association])
2021-11-21T23:53:17,908|[DEBUG] QuerySpacesImpl - Adding QuerySpace : uid = <gen:4> -> org.hibernate.loader.plan.build.internal.spaces.EntityQuerySpaceImpl@33751d49]
2021-11-21T23:53:17,908|[TRACE] AbstractLoadPlanBuildingAssociationVisitationStrategy - <<<< Finishing up attribute : Attribute(name=record, type=bloodbank.entity.DonationRecord [non-identifier,association])
2021-11-21T23:53:17,908|[TRACE] AbstractLoadPlanBuildingAssociationVisitationStrategy - Popped fetch owner from stack : org.hibernate.loader.plan.build.internal.returns.EntityAttributeFetchImpl@7f1f60a0
2021-11-21T23:53:17,908|[TRACE] AbstractLoadPlanBuildingAssociationVisitationStrategy - << Finishing up attribute : Attribute(name=donation, type=bloodbank.entity.BloodDonation [non-identifier,association])
2021-11-21T23:53:17,908|[DEBUG] MetamodelGraphWalker - Visiting attribute path : owner
2021-11-21T23:53:17,908|[TRACE] AbstractLoadPlanBuildingAssociationVisitationStrategy - >> Starting attribute Attribute(name=owner, type=bloodbank.entity.Person [non-identifier,association])
2021-11-21T23:53:17,908|[DEBUG] QuerySpacesImpl - Adding QuerySpace : uid = <gen:5> -> org.hibernate.loader.plan.build.internal.spaces.EntityQuerySpaceImpl@516195cf]
2021-11-21T23:53:17,908|[TRACE] AbstractLoadPlanBuildingAssociationVisitationStrategy - << Finishing up attribute : Attribute(name=owner, type=bloodbank.entity.Person [non-identifier,association])
2021-11-21T23:53:17,908|[DEBUG] MetamodelGraphWalker - Visiting attribute path : tested
2021-11-21T23:53:17,908|[TRACE] AbstractLoadPlanBuildingAssociationVisitationStrategy - >> Starting attribute Attribute(name=tested, type=byte [non-identifier])
2021-11-21T23:53:17,908|[TRACE] AbstractLoadPlanBuildingAssociationVisitationStrategy - << Finishing up attribute : Attribute(name=tested, type=byte [non-identifier])
2021-11-21T23:53:17,908|[TRACE] AbstractLoadPlanBuildingAssociationVisitationStrategy - Popped fetch owner from stack : org.hibernate.loader.plan.build.internal.returns.EntityReturnImpl@591be8aa
2021-11-21T23:53:17,908|[TRACE] AbstractLoadPlanBuildingAssociationVisitationStrategy -  Finished root entity : bloodbank.entity.DonationRecord
2021-11-21T23:53:17,908|[DEBUG] FetchStyleLoadPlanBuildingAssociationVisitationStrategy - Building LoadPlan...
2021-11-21T23:53:17,908|[DEBUG] LoadQueryJoinAndFetchProcessor - processing queryspace <gen:0>
2021-11-21T23:53:17,909|[DEBUG] LoadPlanTreePrinter - LoadPlan(entity=bloodbank.entity.DonationRecord)
    - Returns
       - EntityReturnImpl(entity=bloodbank.entity.DonationRecord, querySpaceUid=<gen:0>, path=bloodbank.entity.DonationRecord)
          - EntityAttributeFetchImpl(entity=bloodbank.entity.BloodDonation, querySpaceUid=<gen:1>, path=bloodbank.entity.DonationRecord.donation)
             - EntityAttributeFetchImpl(entity=bloodbank.entity.BloodBank, querySpaceUid=<gen:2>, path=bloodbank.entity.DonationRecord.donation.bank)
             - CompositeAttributeFetchImpl(composite=bloodbank.entity.BloodType, querySpaceUid=<gen:3>, path=bloodbank.entity.DonationRecord.donation.bloodType)
             - EntityAttributeFetchImpl(entity=bloodbank.entity.DonationRecord, querySpaceUid=<gen:4>, path=bloodbank.entity.DonationRecord.donation.record)
          - EntityAttributeFetchImpl(entity=bloodbank.entity.Person, querySpaceUid=<gen:5>, path=bloodbank.entity.DonationRecord.owner)
    - QuerySpaces
       - EntityQuerySpaceImpl(uid=<gen:0>, entity=bloodbank.entity.DonationRecord)
          - SQL table alias mapping - donationre0_
          - alias suffix - 0_
          - suffixed key columns - {record_i1_4_0_}
          - JOIN (JoinDefinedByMetadata(donation)) : <gen:0> -> <gen:1>
             - EntityQuerySpaceImpl(uid=<gen:1>, entity=bloodbank.entity.BloodDonation)
                - SQL table alias mapping - blooddonat1_
                - alias suffix - 1_
                - suffixed key columns - {donation1_2_1_}
                - JOIN (JoinDefinedByMetadata(bank)) : <gen:1> -> <gen:2>
                   - EntityQuerySpaceImpl(uid=<gen:2>, entity=bloodbank.entity.BloodBank)
                      - SQL table alias mapping - bloodbank2_
                      - alias suffix - 2_
                      - suffixed key columns - {bank_id2_1_2_}
                - JOIN (JoinDefinedByMetadata(bloodType)) : <gen:1> -> <gen:3>
                   - CompositeQuerySpaceImpl(uid=<gen:3>)
                      - SQL table alias mapping - blooddonat1_

2021-11-21T23:53:17,909|[DEBUG] EntityLoader - Static select for entity bloodbank.entity.DonationRecord [NONE]: select donationre0_.record_id as record_i1_4_0_, donationre0_.created as created2_4_0_, donationre0_.updated as updated3_4_0_, donationre0_.version as version4_4_0_, donationre0_.donation_id as donation6_4_0_, donationre0_.person_id as person_i7_4_0_, donationre0_.tested as tested5_4_0_, blooddonat1_.donation_id as donation1_2_1_, blooddonat1_.created as created2_2_1_, blooddonat1_.updated as updated3_2_1_, blooddonat1_.version as version4_2_1_, blooddonat1_.bank_id as bank_id8_2_1_, blooddonat1_.blood_group as blood_gr5_2_1_, blooddonat1_.rhd as rhd6_2_1_, blooddonat1_.milliliters as millilit7_2_1_, bloodbank2_.bank_id as bank_id2_1_2_, bloodbank2_.created as created3_1_2_, bloodbank2_.updated as updated4_1_2_, bloodbank2_.version as version5_1_2_, bloodbank2_.name as name6_1_2_, bloodbank2_.privately_owned as privatel1_1_2_ from donation_record donationre0_ left outer join blood_donation blooddonat1_ on donationre0_.donation_id=blooddonat1_.donation_id left outer join blood_bank bloodbank2_ on blooddonat1_.bank_id=bloodbank2_.bank_id where donationre0_.record_id=?
2021-11-21T23:53:17,909|[DEBUG] AbstractEntityPersister - Static SQL for entity: bloodbank.entity.Address
2021-11-21T23:53:17,909|[DEBUG] AbstractEntityPersister -  Version select: /* get version bloodbank.entity.Address */ select version from address where address_id =?
2021-11-21T23:53:17,909|[DEBUG] AbstractEntityPersister -  Snapshot select: /* get current state bloodbank.entity.Address */ select address_.address_id, address_.created as created2_0_, address_.updated as updated3_0_, address_.version as version4_0_, address_.city as city5_0_, address_.country as country6_0_, address_.province as province7_0_, address_.street as street8_0_, address_.street_number as street_n9_0_, address_.zipcode as zipcode10_0_ from address address_ where address_.address_id=?
2021-11-21T23:53:17,909|[DEBUG] AbstractEntityPersister -  Insert 0: /* insert bloodbank.entity.Address */ insert into address (created, updated, version, city, country, province, street, street_number, zipcode, address_id) values (?, ?, ?, ?, ?, ?, ?, ?, ?, ?)
2021-11-21T23:53:17,909|[DEBUG] AbstractEntityPersister -  Update 0: /* update bloodbank.entity.Address */ update address set created=?, updated=?, version=?, city=?, country=?, province=?, street=?, street_number=?, zipcode=? where address_id=? and version=?
2021-11-21T23:53:17,909|[DEBUG] AbstractEntityPersister -  Delete 0: /* delete bloodbank.entity.Address */ delete from address where address_id=? and version=?
2021-11-21T23:53:17,909|[DEBUG] AbstractEntityPersister -  Identity insert: /* insert bloodbank.entity.Address */ insert into address (created, updated, version, city, country, province, street, street_number, zipcode) values (?, ?, ?, ?, ?, ?, ?, ?, ?)
2021-11-21T23:53:17,909|[TRACE] AbstractLoadPlanBuildingAssociationVisitationStrategy -  Starting root entity : bloodbank.entity.Address
2021-11-21T23:53:17,909|[DEBUG] QuerySpacesImpl - Adding QuerySpace : uid = <gen:0> -> org.hibernate.loader.plan.build.internal.spaces.EntityQuerySpaceImpl@4eeb14e0]
2021-11-21T23:53:17,909|[TRACE] AbstractLoadPlanBuildingAssociationVisitationStrategy - Pushing fetch source to stack : org.hibernate.loader.plan.build.internal.returns.EntityReturnImpl@26ca12a2
2021-11-21T23:53:17,909|[TRACE] AbstractLoadPlanBuildingAssociationVisitationStrategy - .. Registering AssociationKey : AssociationKey(table=address, columns={address_id}) -> org.hibernate.loader.plan.build.internal.returns.EntityReturnImpl@26ca12a2
2021-11-21T23:53:17,909|[TRACE] AbstractLoadPlanBuildingAssociationVisitationStrategy - >> Starting entity identifier : bloodbank.entity.Address
2021-11-21T23:53:17,909|[DEBUG] MetamodelGraphWalker - Visiting attribute path : epochCreated
2021-11-21T23:53:17,909|[TRACE] AbstractLoadPlanBuildingAssociationVisitationStrategy - >> Starting attribute Attribute(name=epochCreated, type=long [non-identifier])
2021-11-21T23:53:17,909|[TRACE] AbstractLoadPlanBuildingAssociationVisitationStrategy - << Finishing up attribute : Attribute(name=epochCreated, type=long [non-identifier])
2021-11-21T23:53:17,909|[DEBUG] MetamodelGraphWalker - Visiting attribute path : epochUpdated
2021-11-21T23:53:17,909|[TRACE] AbstractLoadPlanBuildingAssociationVisitationStrategy - >> Starting attribute Attribute(name=epochUpdated, type=long [non-identifier])
2021-11-21T23:53:17,909|[TRACE] AbstractLoadPlanBuildingAssociationVisitationStrategy - << Finishing up attribute : Attribute(name=epochUpdated, type=long [non-identifier])
2021-11-21T23:53:17,909|[DEBUG] MetamodelGraphWalker - Visiting attribute path : version
2021-11-21T23:53:17,909|[TRACE] AbstractLoadPlanBuildingAssociationVisitationStrategy - >> Starting attribute Attribute(name=version, type=integer [non-identifier])
2021-11-21T23:53:17,909|[TRACE] AbstractLoadPlanBuildingAssociationVisitationStrategy - << Finishing up attribute : Attribute(name=version, type=integer [non-identifier])
2021-11-21T23:53:17,910|[DEBUG] MetamodelGraphWalker - Visiting attribute path : city
2021-11-21T23:53:17,910|[TRACE] AbstractLoadPlanBuildingAssociationVisitationStrategy - >> Starting attribute Attribute(name=city, type=string [non-identifier])
2021-11-21T23:53:17,910|[TRACE] AbstractLoadPlanBuildingAssociationVisitationStrategy - << Finishing up attribute : Attribute(name=city, type=string [non-identifier])
2021-11-21T23:53:17,910|[DEBUG] MetamodelGraphWalker - Visiting attribute path : contacts
2021-11-21T23:53:17,910|[TRACE] AbstractLoadPlanBuildingAssociationVisitationStrategy - >> Starting attribute Attribute(name=contacts, type=java.util.Set(bloodbank.entity.Address.contacts) [non-identifier,association])
2021-11-21T23:53:17,910|[DEBUG] QuerySpacesImpl - Adding QuerySpace : uid = <gen:1> -> org.hibernate.loader.plan.build.internal.spaces.CollectionQuerySpaceImpl@3d4ecc67]
2021-11-21T23:53:17,910|[DEBUG] QuerySpacesImpl - Adding QuerySpace : uid = <gen:2> -> org.hibernate.loader.plan.build.internal.spaces.EntityQuerySpaceImpl@60dcf9ec]
2021-11-21T23:53:17,910|[DEBUG] QuerySpacesImpl - Adding QuerySpace : uid = <gen:2>-id -> org.hibernate.loader.plan.build.internal.spaces.CompositeQuerySpaceImpl@7606bd03]
2021-11-21T23:53:17,910|[TRACE] AbstractLoadPlanBuildingAssociationVisitationStrategy - << Finishing up attribute : Attribute(name=contacts, type=java.util.Set(bloodbank.entity.Address.contacts) [non-identifier,association])
2021-11-21T23:53:17,910|[DEBUG] MetamodelGraphWalker - Visiting attribute path : country
2021-11-21T23:53:17,910|[TRACE] AbstractLoadPlanBuildingAssociationVisitationStrategy - >> Starting attribute Attribute(name=country, type=string [non-identifier])
2021-11-21T23:53:17,910|[TRACE] AbstractLoadPlanBuildingAssociationVisitationStrategy - << Finishing up attribute : Attribute(name=country, type=string [non-identifier])
2021-11-21T23:53:17,910|[DEBUG] MetamodelGraphWalker - Visiting attribute path : province
2021-11-21T23:53:17,910|[TRACE] AbstractLoadPlanBuildingAssociationVisitationStrategy - >> Starting attribute Attribute(name=province, type=string [non-identifier])
2021-11-21T23:53:17,910|[TRACE] AbstractLoadPlanBuildingAssociationVisitationStrategy - << Finishing up attribute : Attribute(name=province, type=string [non-identifier])
2021-11-21T23:53:17,910|[DEBUG] MetamodelGraphWalker - Visiting attribute path : street
2021-11-21T23:53:17,910|[TRACE] AbstractLoadPlanBuildingAssociationVisitationStrategy - >> Starting attribute Attribute(name=street, type=string [non-identifier])
2021-11-21T23:53:17,910|[TRACE] AbstractLoadPlanBuildingAssociationVisitationStrategy - << Finishing up attribute : Attribute(name=street, type=string [non-identifier])
2021-11-21T23:53:17,910|[DEBUG] MetamodelGraphWalker - Visiting attribute path : streetNumber
2021-11-21T23:53:17,910|[TRACE] AbstractLoadPlanBuildingAssociationVisitationStrategy - >> Starting attribute Attribute(name=streetNumber, type=string [non-identifier])
2021-11-21T23:53:17,910|[TRACE] AbstractLoadPlanBuildingAssociationVisitationStrategy - << Finishing up attribute : Attribute(name=streetNumber, type=string [non-identifier])
2021-11-21T23:53:17,910|[DEBUG] MetamodelGraphWalker - Visiting attribute path : zipcode
2021-11-21T23:53:17,910|[TRACE] AbstractLoadPlanBuildingAssociationVisitationStrategy - >> Starting attribute Attribute(name=zipcode, type=string [non-identifier])
2021-11-21T23:53:17,910|[TRACE] AbstractLoadPlanBuildingAssociationVisitationStrategy - << Finishing up attribute : Attribute(name=zipcode, type=string [non-identifier])
2021-11-21T23:53:17,910|[TRACE] AbstractLoadPlanBuildingAssociationVisitationStrategy - Popped fetch owner from stack : org.hibernate.loader.plan.build.internal.returns.EntityReturnImpl@26ca12a2
2021-11-21T23:53:17,910|[TRACE] AbstractLoadPlanBuildingAssociationVisitationStrategy -  Finished root entity : bloodbank.entity.Address
2021-11-21T23:53:17,910|[DEBUG] FetchStyleLoadPlanBuildingAssociationVisitationStrategy - Building LoadPlan...
2021-11-21T23:53:17,910|[DEBUG] LoadQueryJoinAndFetchProcessor - processing queryspace <gen:0>
2021-11-21T23:53:17,910|[DEBUG] LoadPlanTreePrinter - LoadPlan(entity=bloodbank.entity.Address)
    - Returns
       - EntityReturnImpl(entity=bloodbank.entity.Address, querySpaceUid=<gen:0>, path=bloodbank.entity.Address)
          - CollectionAttributeFetchImpl(collection=bloodbank.entity.Address.contacts, querySpaceUid=<gen:1>, path=bloodbank.entity.Address.contacts)
             - (collection element) CollectionFetchableElementEntityGraph(entity=bloodbank.entity.Contact, querySpaceUid=<gen:2>, path=bloodbank.entity.Address.contacts.<elements>)
    - QuerySpaces
       - EntityQuerySpaceImpl(uid=<gen:0>, entity=bloodbank.entity.Address)
          - SQL table alias mapping - address0_
          - alias suffix - 0_
          - suffixed key columns - {address_1_0_0_}

2021-11-21T23:53:17,910|[DEBUG] EntityLoader - Static select for entity bloodbank.entity.Address [NONE]: select address0_.address_id as address_1_0_0_, address0_.created as created2_0_0_, address0_.updated as updated3_0_0_, address0_.version as version4_0_0_, address0_.city as city5_0_0_, address0_.country as country6_0_0_, address0_.province as province7_0_0_, address0_.street as street8_0_0_, address0_.street_number as street_n9_0_0_, address0_.zipcode as zipcode10_0_0_ from address address0_ where address0_.address_id=?
2021-11-21T23:53:17,910|[DEBUG] AbstractEntityPersister - Static SQL for entity: bloodbank.entity.Person
2021-11-21T23:53:17,910|[DEBUG] AbstractEntityPersister -  Version select: /* get version bloodbank.entity.Person */ select version from person where id =?
2021-11-21T23:53:17,910|[DEBUG] AbstractEntityPersister -  Snapshot select: /* get current state bloodbank.entity.Person */ select person_.id, person_.created as created2_5_, person_.updated as updated3_5_, person_.version as version4_5_, person_.first_name as first_na5_5_, person_.last_name as last_nam6_5_ from person person_ where person_.id=?
2021-11-21T23:53:17,910|[DEBUG] AbstractEntityPersister -  Insert 0: /* insert bloodbank.entity.Person */ insert into person (created, updated, version, first_name, last_name, id) values (?, ?, ?, ?, ?, ?)
2021-11-21T23:53:17,910|[DEBUG] AbstractEntityPersister -  Update 0: /* update bloodbank.entity.Person */ update person set created=?, updated=?, version=?, first_name=?, last_name=? where id=? and version=?
2021-11-21T23:53:17,910|[DEBUG] AbstractEntityPersister -  Delete 0: /* delete bloodbank.entity.Person */ delete from person where id=? and version=?
2021-11-21T23:53:17,910|[DEBUG] AbstractEntityPersister -  Identity insert: /* insert bloodbank.entity.Person */ insert into person (created, updated, version, first_name, last_name) values (?, ?, ?, ?, ?)
2021-11-21T23:53:17,910|[TRACE] AbstractLoadPlanBuildingAssociationVisitationStrategy -  Starting root entity : bloodbank.entity.Person
2021-11-21T23:53:17,910|[DEBUG] QuerySpacesImpl - Adding QuerySpace : uid = <gen:0> -> org.hibernate.loader.plan.build.internal.spaces.EntityQuerySpaceImpl@afee63]
2021-11-21T23:53:17,910|[TRACE] AbstractLoadPlanBuildingAssociationVisitationStrategy - Pushing fetch source to stack : org.hibernate.loader.plan.build.internal.returns.EntityReturnImpl@4b4927e5
2021-11-21T23:53:17,911|[TRACE] AbstractLoadPlanBuildingAssociationVisitationStrategy - .. Registering AssociationKey : AssociationKey(table=person, columns={id}) -> org.hibernate.loader.plan.build.internal.returns.EntityReturnImpl@4b4927e5
2021-11-21T23:53:17,911|[TRACE] AbstractLoadPlanBuildingAssociationVisitationStrategy - >> Starting entity identifier : bloodbank.entity.Person
2021-11-21T23:53:17,911|[DEBUG] MetamodelGraphWalker - Visiting attribute path : epochCreated
2021-11-21T23:53:17,911|[TRACE] AbstractLoadPlanBuildingAssociationVisitationStrategy - >> Starting attribute Attribute(name=epochCreated, type=long [non-identifier])
2021-11-21T23:53:17,911|[TRACE] AbstractLoadPlanBuildingAssociationVisitationStrategy - << Finishing up attribute : Attribute(name=epochCreated, type=long [non-identifier])
2021-11-21T23:53:17,911|[DEBUG] MetamodelGraphWalker - Visiting attribute path : epochUpdated
2021-11-21T23:53:17,911|[TRACE] AbstractLoadPlanBuildingAssociationVisitationStrategy - >> Starting attribute Attribute(name=epochUpdated, type=long [non-identifier])
2021-11-21T23:53:17,911|[TRACE] AbstractLoadPlanBuildingAssociationVisitationStrategy - << Finishing up attribute : Attribute(name=epochUpdated, type=long [non-identifier])
2021-11-21T23:53:17,911|[DEBUG] MetamodelGraphWalker - Visiting attribute path : version
2021-11-21T23:53:17,911|[TRACE] AbstractLoadPlanBuildingAssociationVisitationStrategy - >> Starting attribute Attribute(name=version, type=integer [non-identifier])
2021-11-21T23:53:17,911|[TRACE] AbstractLoadPlanBuildingAssociationVisitationStrategy - << Finishing up attribute : Attribute(name=version, type=integer [non-identifier])
2021-11-21T23:53:17,911|[DEBUG] MetamodelGraphWalker - Visiting attribute path : contacts
2021-11-21T23:53:17,911|[TRACE] AbstractLoadPlanBuildingAssociationVisitationStrategy - >> Starting attribute Attribute(name=contacts, type=java.util.Set(bloodbank.entity.Person.contacts) [non-identifier,association])
2021-11-21T23:53:17,911|[DEBUG] QuerySpacesImpl - Adding QuerySpace : uid = <gen:1> -> org.hibernate.loader.plan.build.internal.spaces.CollectionQuerySpaceImpl@4c5da4f9]
2021-11-21T23:53:17,911|[DEBUG] QuerySpacesImpl - Adding QuerySpace : uid = <gen:2> -> org.hibernate.loader.plan.build.internal.spaces.EntityQuerySpaceImpl@ff0e6d4]
2021-11-21T23:53:17,911|[DEBUG] QuerySpacesImpl - Adding QuerySpace : uid = <gen:2>-id -> org.hibernate.loader.plan.build.internal.spaces.CompositeQuerySpaceImpl@70d3cdbf]
2021-11-21T23:53:17,911|[TRACE] AbstractLoadPlanBuildingAssociationVisitationStrategy - << Finishing up attribute : Attribute(name=contacts, type=java.util.Set(bloodbank.entity.Person.contacts) [non-identifier,association])
2021-11-21T23:53:17,911|[DEBUG] MetamodelGraphWalker - Visiting attribute path : donations
2021-11-21T23:53:17,911|[TRACE] AbstractLoadPlanBuildingAssociationVisitationStrategy - >> Starting attribute Attribute(name=donations, type=java.util.Set(bloodbank.entity.Person.donations) [non-identifier,association])
2021-11-21T23:53:17,911|[DEBUG] QuerySpacesImpl - Adding QuerySpace : uid = <gen:3> -> org.hibernate.loader.plan.build.internal.spaces.CollectionQuerySpaceImpl@72a7aa4f]
2021-11-21T23:53:17,911|[DEBUG] QuerySpacesImpl - Adding QuerySpace : uid = <gen:4> -> org.hibernate.loader.plan.build.internal.spaces.EntityQuerySpaceImpl@537ca28e]
2021-11-21T23:53:17,911|[TRACE] AbstractLoadPlanBuildingAssociationVisitationStrategy - << Finishing up attribute : Attribute(name=donations, type=java.util.Set(bloodbank.entity.Person.donations) [non-identifier,association])
2021-11-21T23:53:17,911|[DEBUG] MetamodelGraphWalker - Visiting attribute path : firstName
2021-11-21T23:53:17,911|[TRACE] AbstractLoadPlanBuildingAssociationVisitationStrategy - >> Starting attribute Attribute(name=firstName, type=string [non-identifier])
2021-11-21T23:53:17,911|[TRACE] AbstractLoadPlanBuildingAssociationVisitationStrategy - << Finishing up attribute : Attribute(name=firstName, type=string [non-identifier])
2021-11-21T23:53:17,911|[DEBUG] MetamodelGraphWalker - Visiting attribute path : lastName
2021-11-21T23:53:17,911|[TRACE] AbstractLoadPlanBuildingAssociationVisitationStrategy - >> Starting attribute Attribute(name=lastName, type=string [non-identifier])
2021-11-21T23:53:17,911|[TRACE] AbstractLoadPlanBuildingAssociationVisitationStrategy - << Finishing up attribute : Attribute(name=lastName, type=string [non-identifier])
2021-11-21T23:53:17,911|[TRACE] AbstractLoadPlanBuildingAssociationVisitationStrategy - Popped fetch owner from stack : org.hibernate.loader.plan.build.internal.returns.EntityReturnImpl@4b4927e5
2021-11-21T23:53:17,911|[TRACE] AbstractLoadPlanBuildingAssociationVisitationStrategy -  Finished root entity : bloodbank.entity.Person
2021-11-21T23:53:17,911|[DEBUG] FetchStyleLoadPlanBuildingAssociationVisitationStrategy - Building LoadPlan...
2021-11-21T23:53:17,911|[DEBUG] LoadQueryJoinAndFetchProcessor - processing queryspace <gen:0>
2021-11-21T23:53:17,911|[DEBUG] LoadPlanTreePrinter - LoadPlan(entity=bloodbank.entity.Person)
    - Returns
       - EntityReturnImpl(entity=bloodbank.entity.Person, querySpaceUid=<gen:0>, path=bloodbank.entity.Person)
          - CollectionAttributeFetchImpl(collection=bloodbank.entity.Person.contacts, querySpaceUid=<gen:1>, path=bloodbank.entity.Person.contacts)
             - (collection element) CollectionFetchableElementEntityGraph(entity=bloodbank.entity.Contact, querySpaceUid=<gen:2>, path=bloodbank.entity.Person.contacts.<elements>)
          - CollectionAttributeFetchImpl(collection=bloodbank.entity.Person.donations, querySpaceUid=<gen:3>, path=bloodbank.entity.Person.donations)
             - (collection element) CollectionFetchableElementEntityGraph(entity=bloodbank.entity.DonationRecord, querySpaceUid=<gen:4>, path=bloodbank.entity.Person.donations.<elements>)
    - QuerySpaces
       - EntityQuerySpaceImpl(uid=<gen:0>, entity=bloodbank.entity.Person)
          - SQL table alias mapping - person0_
          - alias suffix - 0_
          - suffixed key columns - {id1_5_0_}

2021-11-21T23:53:17,911|[DEBUG] EntityLoader - Static select for entity bloodbank.entity.Person [NONE]: select person0_.id as id1_5_0_, person0_.created as created2_5_0_, person0_.updated as updated3_5_0_, person0_.version as version4_5_0_, person0_.first_name as first_na5_5_0_, person0_.last_name as last_nam6_5_0_ from person person0_ where person0_.id=?
2021-11-21T23:53:17,912|[DEBUG] AbstractEntityPersister - Static SQL for entity: bloodbank.entity.PublicBloodBank
2021-11-21T23:53:17,912|[DEBUG] AbstractEntityPersister -  Version select: /* get version bloodbank.entity.PublicBloodBank */ select version from blood_bank where bank_id =?
2021-11-21T23:53:17,912|[DEBUG] AbstractEntityPersister -  Snapshot select: /* get current state bloodbank.entity.PublicBloodBank */ select publicbloo_.bank_id, publicbloo_.created as created3_1_, publicbloo_.updated as updated4_1_, publicbloo_.version as version5_1_, publicbloo_.name as name6_1_ from blood_bank publicbloo_ where publicbloo_.bank_id=?
2021-11-21T23:53:17,912|[DEBUG] AbstractEntityPersister -  Insert 0: /* insert bloodbank.entity.PublicBloodBank */ insert into blood_bank (created, updated, version, name, privately_owned, bank_id) values (?, ?, ?, ?, 0, ?)
2021-11-21T23:53:17,912|[DEBUG] AbstractEntityPersister -  Update 0: /* update bloodbank.entity.PublicBloodBank */ update blood_bank set created=?, updated=?, version=?, name=? where bank_id=? and version=?
2021-11-21T23:53:17,912|[DEBUG] AbstractEntityPersister -  Delete 0: /* delete bloodbank.entity.PublicBloodBank */ delete from blood_bank where bank_id=? and version=?
2021-11-21T23:53:17,912|[DEBUG] AbstractEntityPersister -  Identity insert: /* insert bloodbank.entity.PublicBloodBank */ insert into blood_bank (created, updated, version, name, privately_owned) values (?, ?, ?, ?, 0)
2021-11-21T23:53:17,912|[TRACE] AbstractLoadPlanBuildingAssociationVisitationStrategy -  Starting root entity : bloodbank.entity.PublicBloodBank
2021-11-21T23:53:17,912|[DEBUG] QuerySpacesImpl - Adding QuerySpace : uid = <gen:0> -> org.hibernate.loader.plan.build.internal.spaces.EntityQuerySpaceImpl@5b322873]
2021-11-21T23:53:17,912|[TRACE] AbstractLoadPlanBuildingAssociationVisitationStrategy - Pushing fetch source to stack : org.hibernate.loader.plan.build.internal.returns.EntityReturnImpl@35e2b89f
2021-11-21T23:53:17,912|[TRACE] AbstractLoadPlanBuildingAssociationVisitationStrategy - .. Registering AssociationKey : AssociationKey(table=blood_bank, columns={bank_id}) -> org.hibernate.loader.plan.build.internal.returns.EntityReturnImpl@35e2b89f
2021-11-21T23:53:17,912|[TRACE] AbstractLoadPlanBuildingAssociationVisitationStrategy - >> Starting entity identifier : bloodbank.entity.PublicBloodBank
2021-11-21T23:53:17,912|[DEBUG] MetamodelGraphWalker - Visiting attribute path : epochCreated
2021-11-21T23:53:17,912|[TRACE] AbstractLoadPlanBuildingAssociationVisitationStrategy - >> Starting attribute Attribute(name=epochCreated, type=long [non-identifier])
2021-11-21T23:53:17,912|[TRACE] AbstractLoadPlanBuildingAssociationVisitationStrategy - << Finishing up attribute : Attribute(name=epochCreated, type=long [non-identifier])
2021-11-21T23:53:17,912|[DEBUG] MetamodelGraphWalker - Visiting attribute path : epochUpdated
2021-11-21T23:53:17,912|[TRACE] AbstractLoadPlanBuildingAssociationVisitationStrategy - >> Starting attribute Attribute(name=epochUpdated, type=long [non-identifier])
2021-11-21T23:53:17,912|[TRACE] AbstractLoadPlanBuildingAssociationVisitationStrategy - << Finishing up attribute : Attribute(name=epochUpdated, type=long [non-identifier])
2021-11-21T23:53:17,912|[DEBUG] MetamodelGraphWalker - Visiting attribute path : version
2021-11-21T23:53:17,912|[TRACE] AbstractLoadPlanBuildingAssociationVisitationStrategy - >> Starting attribute Attribute(name=version, type=integer [non-identifier])
2021-11-21T23:53:17,912|[TRACE] AbstractLoadPlanBuildingAssociationVisitationStrategy - << Finishing up attribute : Attribute(name=version, type=integer [non-identifier])
2021-11-21T23:53:17,912|[DEBUG] MetamodelGraphWalker - Visiting attribute path : donations
2021-11-21T23:53:17,912|[TRACE] AbstractLoadPlanBuildingAssociationVisitationStrategy - >> Starting attribute Attribute(name=donations, type=java.util.Set(bloodbank.entity.BloodBank.donations) [non-identifier,association])
2021-11-21T23:53:17,912|[DEBUG] QuerySpacesImpl - Adding QuerySpace : uid = <gen:1> -> org.hibernate.loader.plan.build.internal.spaces.CollectionQuerySpaceImpl@7ad889be]
2021-11-21T23:53:17,912|[DEBUG] QuerySpacesImpl - Adding QuerySpace : uid = <gen:2> -> org.hibernate.loader.plan.build.internal.spaces.EntityQuerySpaceImpl@4c063cb9]
2021-11-21T23:53:17,912|[TRACE] AbstractLoadPlanBuildingAssociationVisitationStrategy - << Finishing up attribute : Attribute(name=donations, type=java.util.Set(bloodbank.entity.BloodBank.donations) [non-identifier,association])
2021-11-21T23:53:17,912|[DEBUG] MetamodelGraphWalker - Visiting attribute path : name
2021-11-21T23:53:17,912|[TRACE] AbstractLoadPlanBuildingAssociationVisitationStrategy - >> Starting attribute Attribute(name=name, type=string [non-identifier])
2021-11-21T23:53:17,912|[TRACE] AbstractLoadPlanBuildingAssociationVisitationStrategy - << Finishing up attribute : Attribute(name=name, type=string [non-identifier])
2021-11-21T23:53:17,912|[TRACE] AbstractLoadPlanBuildingAssociationVisitationStrategy - Popped fetch owner from stack : org.hibernate.loader.plan.build.internal.returns.EntityReturnImpl@35e2b89f
2021-11-21T23:53:17,912|[TRACE] AbstractLoadPlanBuildingAssociationVisitationStrategy -  Finished root entity : bloodbank.entity.PublicBloodBank
2021-11-21T23:53:17,912|[DEBUG] FetchStyleLoadPlanBuildingAssociationVisitationStrategy - Building LoadPlan...
2021-11-21T23:53:17,912|[DEBUG] LoadQueryJoinAndFetchProcessor - processing queryspace <gen:0>
2021-11-21T23:53:17,912|[DEBUG] LoadPlanTreePrinter - LoadPlan(entity=bloodbank.entity.PublicBloodBank)
    - Returns
       - EntityReturnImpl(entity=bloodbank.entity.PublicBloodBank, querySpaceUid=<gen:0>, path=bloodbank.entity.PublicBloodBank)
          - CollectionAttributeFetchImpl(collection=bloodbank.entity.BloodBank.donations, querySpaceUid=<gen:1>, path=bloodbank.entity.PublicBloodBank.donations)
             - (collection element) CollectionFetchableElementEntityGraph(entity=bloodbank.entity.BloodDonation, querySpaceUid=<gen:2>, path=bloodbank.entity.PublicBloodBank.donations.<elements>)
    - QuerySpaces
       - EntityQuerySpaceImpl(uid=<gen:0>, entity=bloodbank.entity.PublicBloodBank)
          - SQL table alias mapping - publicbloo0_
          - alias suffix - 0_
          - suffixed key columns - {bank_id2_1_0_}

2021-11-21T23:53:17,913|[DEBUG] EntityLoader - Static select for entity bloodbank.entity.PublicBloodBank [NONE]: select publicbloo0_.bank_id as bank_id2_1_0_, publicbloo0_.created as created3_1_0_, publicbloo0_.updated as updated4_1_0_, publicbloo0_.version as version5_1_0_, publicbloo0_.name as name6_1_0_ from blood_bank publicbloo0_ where publicbloo0_.bank_id=? and publicbloo0_.privately_owned=0
2021-11-21T23:53:17,915|[TRACE] AbstractLoadPlanBuildingAssociationVisitationStrategy -  Starting root collection : bloodbank.entity.Address.contacts
2021-11-21T23:53:17,915|[DEBUG] QuerySpacesImpl - Adding QuerySpace : uid = <gen:0> -> org.hibernate.loader.plan.build.internal.spaces.CollectionQuerySpaceImpl@6b3d9c38]
2021-11-21T23:53:17,915|[DEBUG] QuerySpacesImpl - Adding QuerySpace : uid = <gen:1> -> org.hibernate.loader.plan.build.internal.spaces.EntityQuerySpaceImpl@426710f0]
2021-11-21T23:53:17,915|[DEBUG] QuerySpacesImpl - Adding QuerySpace : uid = <gen:1>-id -> org.hibernate.loader.plan.build.internal.spaces.CompositeQuerySpaceImpl@5c5a91b4]
2021-11-21T23:53:17,915|[TRACE] AbstractLoadPlanBuildingAssociationVisitationStrategy - Pushing collection reference to stack : org.hibernate.loader.plan.build.internal.returns.CollectionReturnImpl@5e37fb82
2021-11-21T23:53:17,915|[TRACE] AbstractLoadPlanBuildingAssociationVisitationStrategy -  Registering AssociationKey : AssociationKey(table=contact, columns={address_id}) -> null
2021-11-21T23:53:17,915|[TRACE] AbstractLoadPlanBuildingAssociationVisitationStrategy -  Starting collection element graph : bloodbank.entity.Address.contacts
2021-11-21T23:53:17,915|[TRACE] AbstractLoadPlanBuildingAssociationVisitationStrategy - Pushing fetch source to stack : org.hibernate.loader.plan.build.internal.returns.CollectionFetchableElementEntityGraph@74b1838
2021-11-21T23:53:17,915|[TRACE] AbstractLoadPlanBuildingAssociationVisitationStrategy - >> Starting entity identifier : bloodbank.entity.Contact
2021-11-21T23:53:17,915|[TRACE] AbstractLoadPlanBuildingAssociationVisitationStrategy - Pushing fetch source to stack : org.hibernate.loader.plan.build.internal.returns.EncapsulatedEntityIdentifierDescription@52d96367
2021-11-21T23:53:17,915|[TRACE] AbstractLoadPlanBuildingAssociationVisitationStrategy - >>>> Starting composite : id
2021-11-21T23:53:17,915|[DEBUG] MetamodelGraphWalker - Visiting attribute path : personId
2021-11-21T23:53:17,915|[TRACE] AbstractLoadPlanBuildingAssociationVisitationStrategy - >>>> Starting attribute org.hibernate.persister.walking.internal.CompositionSingularSubAttributesHelper$1$1$3@5be51aa
2021-11-21T23:53:17,915|[TRACE] AbstractLoadPlanBuildingAssociationVisitationStrategy - <<<< Finishing up attribute : org.hibernate.persister.walking.internal.CompositionSingularSubAttributesHelper$1$1$3@5be51aa
2021-11-21T23:53:17,916|[DEBUG] MetamodelGraphWalker - Visiting attribute path : phoneId
2021-11-21T23:53:17,916|[TRACE] AbstractLoadPlanBuildingAssociationVisitationStrategy - >>>> Starting attribute org.hibernate.persister.walking.internal.CompositionSingularSubAttributesHelper$1$1$3@3302035b
2021-11-21T23:53:17,916|[TRACE] AbstractLoadPlanBuildingAssociationVisitationStrategy - <<<< Finishing up attribute : org.hibernate.persister.walking.internal.CompositionSingularSubAttributesHelper$1$1$3@3302035b
2021-11-21T23:53:17,916|[TRACE] AbstractLoadPlanBuildingAssociationVisitationStrategy - <<<< Finishing composite : id
2021-11-21T23:53:17,916|[TRACE] AbstractLoadPlanBuildingAssociationVisitationStrategy - Popped fetch owner from stack : org.hibernate.loader.plan.build.internal.returns.EncapsulatedEntityIdentifierDescription@52d96367
2021-11-21T23:53:17,916|[TRACE] AbstractLoadPlanBuildingAssociationVisitationStrategy - << Finished entity identifier : bloodbank.entity.Contact
2021-11-21T23:53:17,916|[DEBUG] MetamodelGraphWalker - Visiting attribute path : epochCreated
2021-11-21T23:53:17,916|[TRACE] AbstractLoadPlanBuildingAssociationVisitationStrategy - >> Starting attribute Attribute(name=epochCreated, type=long [non-identifier])
2021-11-21T23:53:17,916|[TRACE] AbstractLoadPlanBuildingAssociationVisitationStrategy - << Finishing up attribute : Attribute(name=epochCreated, type=long [non-identifier])
2021-11-21T23:53:17,916|[DEBUG] MetamodelGraphWalker - Visiting attribute path : epochUpdated
2021-11-21T23:53:17,916|[TRACE] AbstractLoadPlanBuildingAssociationVisitationStrategy - >> Starting attribute Attribute(name=epochUpdated, type=long [non-identifier])
2021-11-21T23:53:17,916|[TRACE] AbstractLoadPlanBuildingAssociationVisitationStrategy - << Finishing up attribute : Attribute(name=epochUpdated, type=long [non-identifier])
2021-11-21T23:53:17,916|[DEBUG] MetamodelGraphWalker - Visiting attribute path : version
2021-11-21T23:53:17,916|[TRACE] AbstractLoadPlanBuildingAssociationVisitationStrategy - >> Starting attribute Attribute(name=version, type=integer [non-identifier])
2021-11-21T23:53:17,916|[TRACE] AbstractLoadPlanBuildingAssociationVisitationStrategy - << Finishing up attribute : Attribute(name=version, type=integer [non-identifier])
2021-11-21T23:53:17,916|[DEBUG] MetamodelGraphWalker - Visiting attribute path : address
2021-11-21T23:53:17,916|[DEBUG] MetamodelGraphWalker - Property path deemed to be circular : address
2021-11-21T23:53:17,916|[DEBUG] MetamodelGraphWalker - Visiting attribute path : contactType
2021-11-21T23:53:17,916|[TRACE] AbstractLoadPlanBuildingAssociationVisitationStrategy - >> Starting attribute Attribute(name=contactType, type=string [non-identifier])
2021-11-21T23:53:17,916|[TRACE] AbstractLoadPlanBuildingAssociationVisitationStrategy - << Finishing up attribute : Attribute(name=contactType, type=string [non-identifier])
2021-11-21T23:53:17,916|[DEBUG] MetamodelGraphWalker - Visiting attribute path : email
2021-11-21T23:53:17,916|[TRACE] AbstractLoadPlanBuildingAssociationVisitationStrategy - >> Starting attribute Attribute(name=email, type=string [non-identifier])
2021-11-21T23:53:17,916|[TRACE] AbstractLoadPlanBuildingAssociationVisitationStrategy - << Finishing up attribute : Attribute(name=email, type=string [non-identifier])
2021-11-21T23:53:17,916|[DEBUG] MetamodelGraphWalker - Visiting attribute path : owner
2021-11-21T23:53:17,916|[TRACE] AbstractLoadPlanBuildingAssociationVisitationStrategy - >> Starting attribute Attribute(name=owner, type=bloodbank.entity.Person [non-identifier,association])
2021-11-21T23:53:17,916|[DEBUG] QuerySpacesImpl - Adding QuerySpace : uid = <gen:2> -> org.hibernate.loader.plan.build.internal.spaces.EntityQuerySpaceImpl@6c5747db]
2021-11-21T23:53:17,916|[TRACE] AbstractLoadPlanBuildingAssociationVisitationStrategy - << Finishing up attribute : Attribute(name=owner, type=bloodbank.entity.Person [non-identifier,association])
2021-11-21T23:53:17,916|[DEBUG] MetamodelGraphWalker - Visiting attribute path : phone
2021-11-21T23:53:17,916|[TRACE] AbstractLoadPlanBuildingAssociationVisitationStrategy - >> Starting attribute Attribute(name=phone, type=bloodbank.entity.Phone [non-identifier,association])
2021-11-21T23:53:17,916|[DEBUG] QuerySpacesImpl - Adding QuerySpace : uid = <gen:3> -> org.hibernate.loader.plan.build.internal.spaces.EntityQuerySpaceImpl@750cd36d]
2021-11-21T23:53:17,916|[TRACE] AbstractLoadPlanBuildingAssociationVisitationStrategy - << Finishing up attribute : Attribute(name=phone, type=bloodbank.entity.Phone [non-identifier,association])
2021-11-21T23:53:17,916|[TRACE] AbstractLoadPlanBuildingAssociationVisitationStrategy - Popped fetch owner from stack : org.hibernate.loader.plan.build.internal.returns.CollectionFetchableElementEntityGraph@74b1838
2021-11-21T23:53:17,916|[TRACE] AbstractLoadPlanBuildingAssociationVisitationStrategy -  Finished collection element graph : bloodbank.entity.Address.contacts
2021-11-21T23:53:17,916|[TRACE] AbstractLoadPlanBuildingAssociationVisitationStrategy - Popped collection reference from stack : org.hibernate.loader.plan.build.internal.returns.CollectionReturnImpl@5e37fb82
2021-11-21T23:53:17,916|[TRACE] AbstractLoadPlanBuildingAssociationVisitationStrategy -  Finished root collection : bloodbank.entity.Address.contacts
2021-11-21T23:53:17,917|[DEBUG] FetchStyleLoadPlanBuildingAssociationVisitationStrategy - Building LoadPlan...
2021-11-21T23:53:17,918|[DEBUG] LoadQueryJoinAndFetchProcessor - processing queryspace <gen:0>
2021-11-21T23:53:17,918|[DEBUG] LoadPlanTreePrinter - LoadPlan(collection=bloodbank.entity.Address.contacts)
    - Returns
       - CollectionReturnImpl(collection=bloodbank.entity.Address.contacts, querySpaceUid=<gen:0>, path=[bloodbank.entity.Address.contacts])
          - (collection element) CollectionFetchableElementEntityGraph(entity=bloodbank.entity.Contact, querySpaceUid=<gen:1>, path=[bloodbank.entity.Address.contacts].<elements>)
             - EntityAttributeFetchImpl(entity=bloodbank.entity.Person, querySpaceUid=<gen:2>, path=[bloodbank.entity.Address.contacts].<elements>.owner)
             - EntityAttributeFetchImpl(entity=bloodbank.entity.Phone, querySpaceUid=<gen:3>, path=[bloodbank.entity.Address.contacts].<elements>.phone)
    - QuerySpaces
       - CollectionQuerySpaceImpl(uid=<gen:0>, collection=bloodbank.entity.Address.contacts)
          - SQL table alias mapping - contacts0_
          - alias suffix - 0_
          - suffixed key columns - {address_8_3_0_}
          - entity-element alias suffix - 1_
          - 1_entity-element suffixed key columns - person_i1_3_1_, phone_id2_3_1_
          - JOIN (JoinDefinedByMetadata(elements)) : <gen:0> -> <gen:1>
             - EntityQuerySpaceImpl(uid=<gen:1>, entity=bloodbank.entity.Contact)
                - SQL table alias mapping - contacts0_
                - alias suffix - 1_
                - suffixed key columns - {person_i1_3_1_, phone_id2_3_1_}
                - JOIN (JoinDefinedByMetadata(id)) : <gen:1> -> <gen:1>-id
                   - CompositeQuerySpaceImpl(uid=<gen:1>-id)
                      - SQL table alias mapping - contacts0_

2021-11-21T23:53:17,919|[DEBUG] CollectionLoader - Static select for collection bloodbank.entity.Address.contacts: select contacts0_.address_id as address_8_3_0_, contacts0_.person_id as person_i1_3_0_, contacts0_.phone_id as phone_id2_3_0_, contacts0_.person_id as person_i1_3_1_, contacts0_.phone_id as phone_id2_3_1_, contacts0_.created as created3_3_1_, contacts0_.updated as updated4_3_1_, contacts0_.version as version5_3_1_, contacts0_.address_id as address_8_3_1_, contacts0_.contact_type as contact_6_3_1_, contacts0_.email as email7_3_1_ from contact contacts0_ where contacts0_.address_id=?
2021-11-21T23:53:17,919|[TRACE] AbstractLoadPlanBuildingAssociationVisitationStrategy -  Starting root collection : bloodbank.entity.Person.donations
2021-11-21T23:53:17,919|[DEBUG] QuerySpacesImpl - Adding QuerySpace : uid = <gen:0> -> org.hibernate.loader.plan.build.internal.spaces.CollectionQuerySpaceImpl@37d0d373]
2021-11-21T23:53:17,919|[DEBUG] QuerySpacesImpl - Adding QuerySpace : uid = <gen:1> -> org.hibernate.loader.plan.build.internal.spaces.EntityQuerySpaceImpl@4052913c]
2021-11-21T23:53:17,919|[TRACE] AbstractLoadPlanBuildingAssociationVisitationStrategy - Pushing collection reference to stack : org.hibernate.loader.plan.build.internal.returns.CollectionReturnImpl@99c4993
2021-11-21T23:53:17,919|[TRACE] AbstractLoadPlanBuildingAssociationVisitationStrategy -  Registering AssociationKey : AssociationKey(table=donation_record, columns={person_id}) -> null
2021-11-21T23:53:17,919|[TRACE] AbstractLoadPlanBuildingAssociationVisitationStrategy -  Starting collection element graph : bloodbank.entity.Person.donations
2021-11-21T23:53:17,919|[TRACE] AbstractLoadPlanBuildingAssociationVisitationStrategy - Pushing fetch source to stack : org.hibernate.loader.plan.build.internal.returns.CollectionFetchableElementEntityGraph@38089dae
2021-11-21T23:53:17,919|[TRACE] AbstractLoadPlanBuildingAssociationVisitationStrategy - >> Starting entity identifier : bloodbank.entity.DonationRecord
2021-11-21T23:53:17,919|[DEBUG] MetamodelGraphWalker - Visiting attribute path : epochCreated
2021-11-21T23:53:17,919|[TRACE] AbstractLoadPlanBuildingAssociationVisitationStrategy - >> Starting attribute Attribute(name=epochCreated, type=long [non-identifier])
2021-11-21T23:53:17,919|[TRACE] AbstractLoadPlanBuildingAssociationVisitationStrategy - << Finishing up attribute : Attribute(name=epochCreated, type=long [non-identifier])
2021-11-21T23:53:17,919|[DEBUG] MetamodelGraphWalker - Visiting attribute path : epochUpdated
2021-11-21T23:53:17,919|[TRACE] AbstractLoadPlanBuildingAssociationVisitationStrategy - >> Starting attribute Attribute(name=epochUpdated, type=long [non-identifier])
2021-11-21T23:53:17,919|[TRACE] AbstractLoadPlanBuildingAssociationVisitationStrategy - << Finishing up attribute : Attribute(name=epochUpdated, type=long [non-identifier])
2021-11-21T23:53:17,919|[DEBUG] MetamodelGraphWalker - Visiting attribute path : version
2021-11-21T23:53:17,919|[TRACE] AbstractLoadPlanBuildingAssociationVisitationStrategy - >> Starting attribute Attribute(name=version, type=integer [non-identifier])
2021-11-21T23:53:17,919|[TRACE] AbstractLoadPlanBuildingAssociationVisitationStrategy - << Finishing up attribute : Attribute(name=version, type=integer [non-identifier])
2021-11-21T23:53:17,919|[DEBUG] MetamodelGraphWalker - Visiting attribute path : donation
2021-11-21T23:53:17,919|[TRACE] AbstractLoadPlanBuildingAssociationVisitationStrategy - >> Starting attribute Attribute(name=donation, type=bloodbank.entity.BloodDonation [non-identifier,association])
2021-11-21T23:53:17,919|[DEBUG] QuerySpacesImpl - Adding QuerySpace : uid = <gen:2> -> org.hibernate.loader.plan.build.internal.spaces.EntityQuerySpaceImpl@9729a97]
2021-11-21T23:53:17,919|[TRACE] AbstractLoadPlanBuildingAssociationVisitationStrategy - Pushing fetch source to stack : org.hibernate.loader.plan.build.internal.returns.EntityAttributeFetchImpl@5dfd31f4
2021-11-21T23:53:17,919|[TRACE] AbstractLoadPlanBuildingAssociationVisitationStrategy - .... Registering AssociationKey : AssociationKey(table=donation_record, columns={donation_id}) -> org.hibernate.loader.plan.build.internal.returns.EntityAttributeFetchImpl@5dfd31f4
2021-11-21T23:53:17,919|[TRACE] AbstractLoadPlanBuildingAssociationVisitationStrategy - >>>> Starting entity identifier : bloodbank.entity.BloodDonation
2021-11-21T23:53:17,919|[DEBUG] MetamodelGraphWalker - Visiting attribute path : donation.epochCreated
2021-11-21T23:53:17,919|[TRACE] AbstractLoadPlanBuildingAssociationVisitationStrategy - >>>> Starting attribute Attribute(name=epochCreated, type=long [non-identifier])
2021-11-21T23:53:17,919|[TRACE] AbstractLoadPlanBuildingAssociationVisitationStrategy - <<<< Finishing up attribute : Attribute(name=epochCreated, type=long [non-identifier])
2021-11-21T23:53:17,919|[DEBUG] MetamodelGraphWalker - Visiting attribute path : donation.epochUpdated
2021-11-21T23:53:17,919|[TRACE] AbstractLoadPlanBuildingAssociationVisitationStrategy - >>>> Starting attribute Attribute(name=epochUpdated, type=long [non-identifier])
2021-11-21T23:53:17,919|[TRACE] AbstractLoadPlanBuildingAssociationVisitationStrategy - <<<< Finishing up attribute : Attribute(name=epochUpdated, type=long [non-identifier])
2021-11-21T23:53:17,919|[DEBUG] MetamodelGraphWalker - Visiting attribute path : donation.version
2021-11-21T23:53:17,919|[TRACE] AbstractLoadPlanBuildingAssociationVisitationStrategy - >>>> Starting attribute Attribute(name=version, type=integer [non-identifier])
2021-11-21T23:53:17,919|[TRACE] AbstractLoadPlanBuildingAssociationVisitationStrategy - <<<< Finishing up attribute : Attribute(name=version, type=integer [non-identifier])
2021-11-21T23:53:17,919|[DEBUG] MetamodelGraphWalker - Visiting attribute path : donation.bank
2021-11-21T23:53:17,920|[TRACE] AbstractLoadPlanBuildingAssociationVisitationStrategy - >>>> Starting attribute Attribute(name=bank, type=bloodbank.entity.BloodBank [non-identifier,association])
2021-11-21T23:53:17,920|[DEBUG] QuerySpacesImpl - Adding QuerySpace : uid = <gen:3> -> org.hibernate.loader.plan.build.internal.spaces.EntityQuerySpaceImpl@36463b09]
2021-11-21T23:53:17,920|[TRACE] AbstractLoadPlanBuildingAssociationVisitationStrategy - Pushing fetch source to stack : org.hibernate.loader.plan.build.internal.returns.EntityAttributeFetchImpl@4adf3582
2021-11-21T23:53:17,920|[TRACE] AbstractLoadPlanBuildingAssociationVisitationStrategy - ...... Registering AssociationKey : AssociationKey(table=blood_donation, columns={bank_id}) -> org.hibernate.loader.plan.build.internal.returns.EntityAttributeFetchImpl@4adf3582
2021-11-21T23:53:17,920|[TRACE] AbstractLoadPlanBuildingAssociationVisitationStrategy - >>>>>> Starting entity identifier : bloodbank.entity.BloodBank
2021-11-21T23:53:17,920|[DEBUG] MetamodelGraphWalker - Visiting attribute path : donation.bank.epochCreated
2021-11-21T23:53:17,920|[TRACE] AbstractLoadPlanBuildingAssociationVisitationStrategy - >>>>>> Starting attribute Attribute(name=epochCreated, type=long [non-identifier])
2021-11-21T23:53:17,920|[TRACE] AbstractLoadPlanBuildingAssociationVisitationStrategy - <<<<<< Finishing up attribute : Attribute(name=epochCreated, type=long [non-identifier])
2021-11-21T23:53:17,920|[DEBUG] MetamodelGraphWalker - Visiting attribute path : donation.bank.epochUpdated
2021-11-21T23:53:17,920|[TRACE] AbstractLoadPlanBuildingAssociationVisitationStrategy - >>>>>> Starting attribute Attribute(name=epochUpdated, type=long [non-identifier])
2021-11-21T23:53:17,920|[TRACE] AbstractLoadPlanBuildingAssociationVisitationStrategy - <<<<<< Finishing up attribute : Attribute(name=epochUpdated, type=long [non-identifier])
2021-11-21T23:53:17,920|[DEBUG] MetamodelGraphWalker - Visiting attribute path : donation.bank.version
2021-11-21T23:53:17,920|[TRACE] AbstractLoadPlanBuildingAssociationVisitationStrategy - >>>>>> Starting attribute Attribute(name=version, type=integer [non-identifier])
2021-11-21T23:53:17,920|[TRACE] AbstractLoadPlanBuildingAssociationVisitationStrategy - <<<<<< Finishing up attribute : Attribute(name=version, type=integer [non-identifier])
2021-11-21T23:53:17,920|[DEBUG] MetamodelGraphWalker - Visiting attribute path : donation.bank.donations
2021-11-21T23:53:17,920|[DEBUG] MetamodelGraphWalker - Property path deemed to be circular : donation.bank.donations
2021-11-21T23:53:17,920|[DEBUG] MetamodelGraphWalker - Visiting attribute path : donation.bank.name
2021-11-21T23:53:17,920|[TRACE] AbstractLoadPlanBuildingAssociationVisitationStrategy - >>>>>> Starting attribute Attribute(name=name, type=string [non-identifier])
2021-11-21T23:53:17,920|[TRACE] AbstractLoadPlanBuildingAssociationVisitationStrategy - <<<<<< Finishing up attribute : Attribute(name=name, type=string [non-identifier])
2021-11-21T23:53:17,920|[TRACE] AbstractLoadPlanBuildingAssociationVisitationStrategy - Popped fetch owner from stack : org.hibernate.loader.plan.build.internal.returns.EntityAttributeFetchImpl@4adf3582
2021-11-21T23:53:17,920|[TRACE] AbstractLoadPlanBuildingAssociationVisitationStrategy - <<<< Finishing up attribute : Attribute(name=bank, type=bloodbank.entity.BloodBank [non-identifier,association])
2021-11-21T23:53:17,920|[DEBUG] MetamodelGraphWalker - Visiting attribute path : donation.bloodType
2021-11-21T23:53:17,920|[TRACE] AbstractLoadPlanBuildingAssociationVisitationStrategy - >>>> Starting attribute Attribute(name=bloodType, type=component[bloodGroup,rhd] [non-identifier,composition])
2021-11-21T23:53:17,920|[DEBUG] QuerySpacesImpl - Adding QuerySpace : uid = <gen:4> -> org.hibernate.loader.plan.build.internal.spaces.CompositeQuerySpaceImpl@57e4b86c]
2021-11-21T23:53:17,920|[TRACE] AbstractLoadPlanBuildingAssociationVisitationStrategy - Pushing fetch source to stack : org.hibernate.loader.plan.build.internal.returns.CompositeAttributeFetchImpl@632241f5
2021-11-21T23:53:17,920|[TRACE] AbstractLoadPlanBuildingAssociationVisitationStrategy - >>>>>> Starting composite : bloodType
2021-11-21T23:53:17,920|[DEBUG] MetamodelGraphWalker - Visiting attribute path : donation.bloodType.bloodGroup
2021-11-21T23:53:17,920|[TRACE] AbstractLoadPlanBuildingAssociationVisitationStrategy - >>>>>> Starting attribute Attribute(name=bloodGroup, type=string [non-identifier])
2021-11-21T23:53:17,920|[TRACE] AbstractLoadPlanBuildingAssociationVisitationStrategy - <<<<<< Finishing up attribute : Attribute(name=bloodGroup, type=string [non-identifier])
2021-11-21T23:53:17,920|[DEBUG] MetamodelGraphWalker - Visiting attribute path : donation.bloodType.rhd
2021-11-21T23:53:17,920|[TRACE] AbstractLoadPlanBuildingAssociationVisitationStrategy - >>>>>> Starting attribute Attribute(name=rhd, type=byte [non-identifier])
2021-11-21T23:53:17,920|[TRACE] AbstractLoadPlanBuildingAssociationVisitationStrategy - <<<<<< Finishing up attribute : Attribute(name=rhd, type=byte [non-identifier])
2021-11-21T23:53:17,920|[TRACE] AbstractLoadPlanBuildingAssociationVisitationStrategy - <<<<<< Finishing composite : bloodType
2021-11-21T23:53:17,920|[TRACE] AbstractLoadPlanBuildingAssociationVisitationStrategy - Popped fetch owner from stack : org.hibernate.loader.plan.build.internal.returns.CompositeAttributeFetchImpl@632241f5
2021-11-21T23:53:17,920|[TRACE] AbstractLoadPlanBuildingAssociationVisitationStrategy - <<<< Finishing up attribute : Attribute(name=bloodType, type=component[bloodGroup,rhd] [non-identifier,composition])
2021-11-21T23:53:17,920|[DEBUG] MetamodelGraphWalker - Visiting attribute path : donation.milliliters
2021-11-21T23:53:17,920|[TRACE] AbstractLoadPlanBuildingAssociationVisitationStrategy - >>>> Starting attribute Attribute(name=milliliters, type=integer [non-identifier])
2021-11-21T23:53:17,920|[TRACE] AbstractLoadPlanBuildingAssociationVisitationStrategy - <<<< Finishing up attribute : Attribute(name=milliliters, type=integer [non-identifier])
2021-11-21T23:53:17,920|[DEBUG] MetamodelGraphWalker - Visiting attribute path : donation.record
2021-11-21T23:53:17,920|[TRACE] AbstractLoadPlanBuildingAssociationVisitationStrategy - >>>> Starting attribute Attribute(name=record, type=bloodbank.entity.DonationRecord [non-identifier,association])
2021-11-21T23:53:17,920|[DEBUG] QuerySpacesImpl - Adding QuerySpace : uid = <gen:5> -> org.hibernate.loader.plan.build.internal.spaces.EntityQuerySpaceImpl@64bba0eb]
2021-11-21T23:53:17,920|[TRACE] AbstractLoadPlanBuildingAssociationVisitationStrategy - <<<< Finishing up attribute : Attribute(name=record, type=bloodbank.entity.DonationRecord [non-identifier,association])
2021-11-21T23:53:17,920|[TRACE] AbstractLoadPlanBuildingAssociationVisitationStrategy - Popped fetch owner from stack : org.hibernate.loader.plan.build.internal.returns.EntityAttributeFetchImpl@5dfd31f4
2021-11-21T23:53:17,920|[TRACE] AbstractLoadPlanBuildingAssociationVisitationStrategy - << Finishing up attribute : Attribute(name=donation, type=bloodbank.entity.BloodDonation [non-identifier,association])
2021-11-21T23:53:17,920|[DEBUG] MetamodelGraphWalker - Visiting attribute path : owner
2021-11-21T23:53:17,921|[DEBUG] MetamodelGraphWalker - Property path deemed to be circular : owner
2021-11-21T23:53:17,921|[DEBUG] MetamodelGraphWalker - Visiting attribute path : tested
2021-11-21T23:53:17,921|[TRACE] AbstractLoadPlanBuildingAssociationVisitationStrategy - >> Starting attribute Attribute(name=tested, type=byte [non-identifier])
2021-11-21T23:53:17,921|[TRACE] AbstractLoadPlanBuildingAssociationVisitationStrategy - << Finishing up attribute : Attribute(name=tested, type=byte [non-identifier])
2021-11-21T23:53:17,921|[TRACE] AbstractLoadPlanBuildingAssociationVisitationStrategy - Popped fetch owner from stack : org.hibernate.loader.plan.build.internal.returns.CollectionFetchableElementEntityGraph@38089dae
2021-11-21T23:53:17,921|[TRACE] AbstractLoadPlanBuildingAssociationVisitationStrategy -  Finished collection element graph : bloodbank.entity.Person.donations
2021-11-21T23:53:17,921|[TRACE] AbstractLoadPlanBuildingAssociationVisitationStrategy - Popped collection reference from stack : org.hibernate.loader.plan.build.internal.returns.CollectionReturnImpl@99c4993
2021-11-21T23:53:17,921|[TRACE] AbstractLoadPlanBuildingAssociationVisitationStrategy -  Finished root collection : bloodbank.entity.Person.donations
2021-11-21T23:53:17,921|[DEBUG] FetchStyleLoadPlanBuildingAssociationVisitationStrategy - Building LoadPlan...
2021-11-21T23:53:17,921|[DEBUG] LoadQueryJoinAndFetchProcessor - processing queryspace <gen:0>
2021-11-21T23:53:17,921|[DEBUG] LoadPlanTreePrinter - LoadPlan(collection=bloodbank.entity.Person.donations)
    - Returns
       - CollectionReturnImpl(collection=bloodbank.entity.Person.donations, querySpaceUid=<gen:0>, path=[bloodbank.entity.Person.donations])
          - (collection element) CollectionFetchableElementEntityGraph(entity=bloodbank.entity.DonationRecord, querySpaceUid=<gen:1>, path=[bloodbank.entity.Person.donations].<elements>)
             - EntityAttributeFetchImpl(entity=bloodbank.entity.BloodDonation, querySpaceUid=<gen:2>, path=[bloodbank.entity.Person.donations].<elements>.donation)
                - EntityAttributeFetchImpl(entity=bloodbank.entity.BloodBank, querySpaceUid=<gen:3>, path=[bloodbank.entity.Person.donations].<elements>.donation.bank)
                - CompositeAttributeFetchImpl(composite=bloodbank.entity.BloodType, querySpaceUid=<gen:4>, path=[bloodbank.entity.Person.donations].<elements>.donation.bloodType)
                - EntityAttributeFetchImpl(entity=bloodbank.entity.DonationRecord, querySpaceUid=<gen:5>, path=[bloodbank.entity.Person.donations].<elements>.donation.record)
    - QuerySpaces
       - CollectionQuerySpaceImpl(uid=<gen:0>, collection=bloodbank.entity.Person.donations)
          - SQL table alias mapping - donations0_
          - alias suffix - 0_
          - suffixed key columns - {person_i7_4_0_}
          - entity-element alias suffix - 1_
          - 1_entity-element suffixed key columns - record_i1_4_1_
          - JOIN (JoinDefinedByMetadata(elements)) : <gen:0> -> <gen:1>
             - EntityQuerySpaceImpl(uid=<gen:1>, entity=bloodbank.entity.DonationRecord)
                - SQL table alias mapping - donations0_
                - alias suffix - 1_
                - suffixed key columns - {record_i1_4_1_}
                - JOIN (JoinDefinedByMetadata(donation)) : <gen:1> -> <gen:2>
                   - EntityQuerySpaceImpl(uid=<gen:2>, entity=bloodbank.entity.BloodDonation)
                      - SQL table alias mapping - blooddonat1_
                      - alias suffix - 2_
                      - suffixed key columns - {donation1_2_2_}
                      - JOIN (JoinDefinedByMetadata(bank)) : <gen:2> -> <gen:3>
                         - EntityQuerySpaceImpl(uid=<gen:3>, entity=bloodbank.entity.BloodBank)
                            - SQL table alias mapping - bloodbank2_
                            - alias suffix - 3_
                            - suffixed key columns - {bank_id2_1_3_}
                      - JOIN (JoinDefinedByMetadata(bloodType)) : <gen:2> -> <gen:4>
                         - CompositeQuerySpaceImpl(uid=<gen:4>)
                            - SQL table alias mapping - blooddonat1_

2021-11-21T23:53:17,921|[DEBUG] CollectionLoader - Static select for collection bloodbank.entity.Person.donations: select donations0_.person_id as person_i7_4_0_, donations0_.record_id as record_i1_4_0_, donations0_.record_id as record_i1_4_1_, donations0_.created as created2_4_1_, donations0_.updated as updated3_4_1_, donations0_.version as version4_4_1_, donations0_.donation_id as donation6_4_1_, donations0_.person_id as person_i7_4_1_, donations0_.tested as tested5_4_1_, blooddonat1_.donation_id as donation1_2_2_, blooddonat1_.created as created2_2_2_, blooddonat1_.updated as updated3_2_2_, blooddonat1_.version as version4_2_2_, blooddonat1_.bank_id as bank_id8_2_2_, blooddonat1_.blood_group as blood_gr5_2_2_, blooddonat1_.rhd as rhd6_2_2_, blooddonat1_.milliliters as millilit7_2_2_, bloodbank2_.bank_id as bank_id2_1_3_, bloodbank2_.created as created3_1_3_, bloodbank2_.updated as updated4_1_3_, bloodbank2_.version as version5_1_3_, bloodbank2_.name as name6_1_3_, bloodbank2_.privately_owned as privatel1_1_3_ from donation_record donations0_ left outer join blood_donation blooddonat1_ on donations0_.donation_id=blooddonat1_.donation_id left outer join blood_bank bloodbank2_ on blooddonat1_.bank_id=bloodbank2_.bank_id where donations0_.person_id=?
2021-11-21T23:53:17,921|[TRACE] AbstractLoadPlanBuildingAssociationVisitationStrategy -  Starting root collection : bloodbank.entity.Person.contacts
2021-11-21T23:53:17,921|[DEBUG] QuerySpacesImpl - Adding QuerySpace : uid = <gen:0> -> org.hibernate.loader.plan.build.internal.spaces.CollectionQuerySpaceImpl@577bfadb]
2021-11-21T23:53:17,921|[DEBUG] QuerySpacesImpl - Adding QuerySpace : uid = <gen:1> -> org.hibernate.loader.plan.build.internal.spaces.EntityQuerySpaceImpl@25ae1f80]
2021-11-21T23:53:17,921|[DEBUG] QuerySpacesImpl - Adding QuerySpace : uid = <gen:1>-id -> org.hibernate.loader.plan.build.internal.spaces.CompositeQuerySpaceImpl@54f2df29]
2021-11-21T23:53:17,921|[TRACE] AbstractLoadPlanBuildingAssociationVisitationStrategy - Pushing collection reference to stack : org.hibernate.loader.plan.build.internal.returns.CollectionReturnImpl@6df791a4
2021-11-21T23:53:17,921|[TRACE] AbstractLoadPlanBuildingAssociationVisitationStrategy -  Registering AssociationKey : AssociationKey(table=contact, columns={person_id}) -> null
2021-11-21T23:53:17,921|[TRACE] AbstractLoadPlanBuildingAssociationVisitationStrategy -  Starting collection element graph : bloodbank.entity.Person.contacts
2021-11-21T23:53:17,921|[TRACE] AbstractLoadPlanBuildingAssociationVisitationStrategy - Pushing fetch source to stack : org.hibernate.loader.plan.build.internal.returns.CollectionFetchableElementEntityGraph@655203e3
2021-11-21T23:53:17,921|[TRACE] AbstractLoadPlanBuildingAssociationVisitationStrategy - >> Starting entity identifier : bloodbank.entity.Contact
2021-11-21T23:53:17,922|[TRACE] AbstractLoadPlanBuildingAssociationVisitationStrategy - Pushing fetch source to stack : org.hibernate.loader.plan.build.internal.returns.EncapsulatedEntityIdentifierDescription@305552d6
2021-11-21T23:53:17,922|[TRACE] AbstractLoadPlanBuildingAssociationVisitationStrategy - >>>> Starting composite : id
2021-11-21T23:53:17,922|[DEBUG] MetamodelGraphWalker - Visiting attribute path : personId
2021-11-21T23:53:17,922|[TRACE] AbstractLoadPlanBuildingAssociationVisitationStrategy - >>>> Starting attribute org.hibernate.persister.walking.internal.CompositionSingularSubAttributesHelper$1$1$3@729cd862
2021-11-21T23:53:17,922|[TRACE] AbstractLoadPlanBuildingAssociationVisitationStrategy - <<<< Finishing up attribute : org.hibernate.persister.walking.internal.CompositionSingularSubAttributesHelper$1$1$3@729cd862
2021-11-21T23:53:17,922|[DEBUG] MetamodelGraphWalker - Visiting attribute path : phoneId
2021-11-21T23:53:17,922|[TRACE] AbstractLoadPlanBuildingAssociationVisitationStrategy - >>>> Starting attribute org.hibernate.persister.walking.internal.CompositionSingularSubAttributesHelper$1$1$3@23b71d24
2021-11-21T23:53:17,922|[TRACE] AbstractLoadPlanBuildingAssociationVisitationStrategy - <<<< Finishing up attribute : org.hibernate.persister.walking.internal.CompositionSingularSubAttributesHelper$1$1$3@23b71d24
2021-11-21T23:53:17,922|[TRACE] AbstractLoadPlanBuildingAssociationVisitationStrategy - <<<< Finishing composite : id
2021-11-21T23:53:17,922|[TRACE] AbstractLoadPlanBuildingAssociationVisitationStrategy - Popped fetch owner from stack : org.hibernate.loader.plan.build.internal.returns.EncapsulatedEntityIdentifierDescription@305552d6
2021-11-21T23:53:17,922|[TRACE] AbstractLoadPlanBuildingAssociationVisitationStrategy - << Finished entity identifier : bloodbank.entity.Contact
2021-11-21T23:53:17,922|[DEBUG] MetamodelGraphWalker - Visiting attribute path : epochCreated
2021-11-21T23:53:17,922|[TRACE] AbstractLoadPlanBuildingAssociationVisitationStrategy - >> Starting attribute Attribute(name=epochCreated, type=long [non-identifier])
2021-11-21T23:53:17,922|[TRACE] AbstractLoadPlanBuildingAssociationVisitationStrategy - << Finishing up attribute : Attribute(name=epochCreated, type=long [non-identifier])
2021-11-21T23:53:17,922|[DEBUG] MetamodelGraphWalker - Visiting attribute path : epochUpdated
2021-11-21T23:53:17,922|[TRACE] AbstractLoadPlanBuildingAssociationVisitationStrategy - >> Starting attribute Attribute(name=epochUpdated, type=long [non-identifier])
2021-11-21T23:53:17,922|[TRACE] AbstractLoadPlanBuildingAssociationVisitationStrategy - << Finishing up attribute : Attribute(name=epochUpdated, type=long [non-identifier])
2021-11-21T23:53:17,922|[DEBUG] MetamodelGraphWalker - Visiting attribute path : version
2021-11-21T23:53:17,922|[TRACE] AbstractLoadPlanBuildingAssociationVisitationStrategy - >> Starting attribute Attribute(name=version, type=integer [non-identifier])
2021-11-21T23:53:17,922|[TRACE] AbstractLoadPlanBuildingAssociationVisitationStrategy - << Finishing up attribute : Attribute(name=version, type=integer [non-identifier])
2021-11-21T23:53:17,922|[DEBUG] MetamodelGraphWalker - Visiting attribute path : address
2021-11-21T23:53:17,922|[TRACE] AbstractLoadPlanBuildingAssociationVisitationStrategy - >> Starting attribute Attribute(name=address, type=bloodbank.entity.Address [non-identifier,association])
2021-11-21T23:53:17,922|[DEBUG] QuerySpacesImpl - Adding QuerySpace : uid = <gen:2> -> org.hibernate.loader.plan.build.internal.spaces.EntityQuerySpaceImpl@568f4faa]
2021-11-21T23:53:17,922|[TRACE] AbstractLoadPlanBuildingAssociationVisitationStrategy - << Finishing up attribute : Attribute(name=address, type=bloodbank.entity.Address [non-identifier,association])
2021-11-21T23:53:17,922|[DEBUG] MetamodelGraphWalker - Visiting attribute path : contactType
2021-11-21T23:53:17,922|[TRACE] AbstractLoadPlanBuildingAssociationVisitationStrategy - >> Starting attribute Attribute(name=contactType, type=string [non-identifier])
2021-11-21T23:53:17,922|[TRACE] AbstractLoadPlanBuildingAssociationVisitationStrategy - << Finishing up attribute : Attribute(name=contactType, type=string [non-identifier])
2021-11-21T23:53:17,922|[DEBUG] MetamodelGraphWalker - Visiting attribute path : email
2021-11-21T23:53:17,922|[TRACE] AbstractLoadPlanBuildingAssociationVisitationStrategy - >> Starting attribute Attribute(name=email, type=string [non-identifier])
2021-11-21T23:53:17,922|[TRACE] AbstractLoadPlanBuildingAssociationVisitationStrategy - << Finishing up attribute : Attribute(name=email, type=string [non-identifier])
2021-11-21T23:53:17,922|[DEBUG] MetamodelGraphWalker - Visiting attribute path : owner
2021-11-21T23:53:17,922|[DEBUG] MetamodelGraphWalker - Property path deemed to be circular : owner
2021-11-21T23:53:17,922|[DEBUG] MetamodelGraphWalker - Visiting attribute path : phone
2021-11-21T23:53:17,922|[TRACE] AbstractLoadPlanBuildingAssociationVisitationStrategy - >> Starting attribute Attribute(name=phone, type=bloodbank.entity.Phone [non-identifier,association])
2021-11-21T23:53:17,922|[DEBUG] QuerySpacesImpl - Adding QuerySpace : uid = <gen:3> -> org.hibernate.loader.plan.build.internal.spaces.EntityQuerySpaceImpl@4c56644f]
2021-11-21T23:53:17,922|[TRACE] AbstractLoadPlanBuildingAssociationVisitationStrategy - << Finishing up attribute : Attribute(name=phone, type=bloodbank.entity.Phone [non-identifier,association])
2021-11-21T23:53:17,922|[TRACE] AbstractLoadPlanBuildingAssociationVisitationStrategy - Popped fetch owner from stack : org.hibernate.loader.plan.build.internal.returns.CollectionFetchableElementEntityGraph@655203e3
2021-11-21T23:53:17,922|[TRACE] AbstractLoadPlanBuildingAssociationVisitationStrategy -  Finished collection element graph : bloodbank.entity.Person.contacts
2021-11-21T23:53:17,922|[TRACE] AbstractLoadPlanBuildingAssociationVisitationStrategy - Popped collection reference from stack : org.hibernate.loader.plan.build.internal.returns.CollectionReturnImpl@6df791a4
2021-11-21T23:53:17,922|[TRACE] AbstractLoadPlanBuildingAssociationVisitationStrategy -  Finished root collection : bloodbank.entity.Person.contacts
2021-11-21T23:53:17,922|[DEBUG] FetchStyleLoadPlanBuildingAssociationVisitationStrategy - Building LoadPlan...
2021-11-21T23:53:17,922|[DEBUG] LoadQueryJoinAndFetchProcessor - processing queryspace <gen:0>
2021-11-21T23:53:17,923|[DEBUG] LoadPlanTreePrinter - LoadPlan(collection=bloodbank.entity.Person.contacts)
    - Returns
       - CollectionReturnImpl(collection=bloodbank.entity.Person.contacts, querySpaceUid=<gen:0>, path=[bloodbank.entity.Person.contacts])
          - (collection element) CollectionFetchableElementEntityGraph(entity=bloodbank.entity.Contact, querySpaceUid=<gen:1>, path=[bloodbank.entity.Person.contacts].<elements>)
             - EntityAttributeFetchImpl(entity=bloodbank.entity.Address, querySpaceUid=<gen:2>, path=[bloodbank.entity.Person.contacts].<elements>.address)
             - EntityAttributeFetchImpl(entity=bloodbank.entity.Phone, querySpaceUid=<gen:3>, path=[bloodbank.entity.Person.contacts].<elements>.phone)
    - QuerySpaces
       - CollectionQuerySpaceImpl(uid=<gen:0>, collection=bloodbank.entity.Person.contacts)
          - SQL table alias mapping - contacts0_
          - alias suffix - 0_
          - suffixed key columns - {person_i1_3_0_}
          - entity-element alias suffix - 1_
          - 1_entity-element suffixed key columns - person_i1_3_1_, phone_id2_3_1_
          - JOIN (JoinDefinedByMetadata(elements)) : <gen:0> -> <gen:1>
             - EntityQuerySpaceImpl(uid=<gen:1>, entity=bloodbank.entity.Contact)
                - SQL table alias mapping - contacts0_
                - alias suffix - 1_
                - suffixed key columns - {person_i1_3_1_, phone_id2_3_1_}
                - JOIN (JoinDefinedByMetadata(id)) : <gen:1> -> <gen:1>-id
                   - CompositeQuerySpaceImpl(uid=<gen:1>-id)
                      - SQL table alias mapping - contacts0_

2021-11-21T23:53:17,923|[DEBUG] CollectionLoader - Static select for collection bloodbank.entity.Person.contacts: select contacts0_.person_id as person_i1_3_0_, contacts0_.phone_id as phone_id2_3_0_, contacts0_.person_id as person_i1_3_1_, contacts0_.phone_id as phone_id2_3_1_, contacts0_.created as created3_3_1_, contacts0_.updated as updated4_3_1_, contacts0_.version as version5_3_1_, contacts0_.address_id as address_8_3_1_, contacts0_.contact_type as contact_6_3_1_, contacts0_.email as email7_3_1_ from contact contacts0_ where contacts0_.person_id=?
2021-11-21T23:53:17,923|[TRACE] AbstractLoadPlanBuildingAssociationVisitationStrategy -  Starting root collection : bloodbank.entity.Phone.contacts
2021-11-21T23:53:17,923|[DEBUG] QuerySpacesImpl - Adding QuerySpace : uid = <gen:0> -> org.hibernate.loader.plan.build.internal.spaces.CollectionQuerySpaceImpl@589dfa6f]
2021-11-21T23:53:17,923|[DEBUG] QuerySpacesImpl - Adding QuerySpace : uid = <gen:1> -> org.hibernate.loader.plan.build.internal.spaces.EntityQuerySpaceImpl@43588265]
2021-11-21T23:53:17,923|[DEBUG] QuerySpacesImpl - Adding QuerySpace : uid = <gen:1>-id -> org.hibernate.loader.plan.build.internal.spaces.CompositeQuerySpaceImpl@6f8667bb]
2021-11-21T23:53:17,923|[TRACE] AbstractLoadPlanBuildingAssociationVisitationStrategy - Pushing collection reference to stack : org.hibernate.loader.plan.build.internal.returns.CollectionReturnImpl@100d0218
2021-11-21T23:53:17,923|[TRACE] AbstractLoadPlanBuildingAssociationVisitationStrategy -  Registering AssociationKey : AssociationKey(table=contact, columns={phone_id}) -> null
2021-11-21T23:53:17,923|[TRACE] AbstractLoadPlanBuildingAssociationVisitationStrategy -  Starting collection element graph : bloodbank.entity.Phone.contacts
2021-11-21T23:53:17,923|[TRACE] AbstractLoadPlanBuildingAssociationVisitationStrategy - Pushing fetch source to stack : org.hibernate.loader.plan.build.internal.returns.CollectionFetchableElementEntityGraph@2774dcf4
2021-11-21T23:53:17,923|[TRACE] AbstractLoadPlanBuildingAssociationVisitationStrategy - >> Starting entity identifier : bloodbank.entity.Contact
2021-11-21T23:53:17,923|[TRACE] AbstractLoadPlanBuildingAssociationVisitationStrategy - Pushing fetch source to stack : org.hibernate.loader.plan.build.internal.returns.EncapsulatedEntityIdentifierDescription@20b829d5
2021-11-21T23:53:17,923|[TRACE] AbstractLoadPlanBuildingAssociationVisitationStrategy - >>>> Starting composite : id
2021-11-21T23:53:17,923|[DEBUG] MetamodelGraphWalker - Visiting attribute path : personId
2021-11-21T23:53:17,923|[TRACE] AbstractLoadPlanBuildingAssociationVisitationStrategy - >>>> Starting attribute org.hibernate.persister.walking.internal.CompositionSingularSubAttributesHelper$1$1$3@7c5f29c6
2021-11-21T23:53:17,923|[TRACE] AbstractLoadPlanBuildingAssociationVisitationStrategy - <<<< Finishing up attribute : org.hibernate.persister.walking.internal.CompositionSingularSubAttributesHelper$1$1$3@7c5f29c6
2021-11-21T23:53:17,923|[DEBUG] MetamodelGraphWalker - Visiting attribute path : phoneId
2021-11-21T23:53:17,923|[TRACE] AbstractLoadPlanBuildingAssociationVisitationStrategy - >>>> Starting attribute org.hibernate.persister.walking.internal.CompositionSingularSubAttributesHelper$1$1$3@4baf997
2021-11-21T23:53:17,923|[TRACE] AbstractLoadPlanBuildingAssociationVisitationStrategy - <<<< Finishing up attribute : org.hibernate.persister.walking.internal.CompositionSingularSubAttributesHelper$1$1$3@4baf997
2021-11-21T23:53:17,923|[TRACE] AbstractLoadPlanBuildingAssociationVisitationStrategy - <<<< Finishing composite : id
2021-11-21T23:53:17,923|[TRACE] AbstractLoadPlanBuildingAssociationVisitationStrategy - Popped fetch owner from stack : org.hibernate.loader.plan.build.internal.returns.EncapsulatedEntityIdentifierDescription@20b829d5
2021-11-21T23:53:17,923|[TRACE] AbstractLoadPlanBuildingAssociationVisitationStrategy - << Finished entity identifier : bloodbank.entity.Contact
2021-11-21T23:53:17,923|[DEBUG] MetamodelGraphWalker - Visiting attribute path : epochCreated
2021-11-21T23:53:17,923|[TRACE] AbstractLoadPlanBuildingAssociationVisitationStrategy - >> Starting attribute Attribute(name=epochCreated, type=long [non-identifier])
2021-11-21T23:53:17,923|[TRACE] AbstractLoadPlanBuildingAssociationVisitationStrategy - << Finishing up attribute : Attribute(name=epochCreated, type=long [non-identifier])
2021-11-21T23:53:17,923|[DEBUG] MetamodelGraphWalker - Visiting attribute path : epochUpdated
2021-11-21T23:53:17,923|[TRACE] AbstractLoadPlanBuildingAssociationVisitationStrategy - >> Starting attribute Attribute(name=epochUpdated, type=long [non-identifier])
2021-11-21T23:53:17,923|[TRACE] AbstractLoadPlanBuildingAssociationVisitationStrategy - << Finishing up attribute : Attribute(name=epochUpdated, type=long [non-identifier])
2021-11-21T23:53:17,923|[DEBUG] MetamodelGraphWalker - Visiting attribute path : version
2021-11-21T23:53:17,923|[TRACE] AbstractLoadPlanBuildingAssociationVisitationStrategy - >> Starting attribute Attribute(name=version, type=integer [non-identifier])
2021-11-21T23:53:17,923|[TRACE] AbstractLoadPlanBuildingAssociationVisitationStrategy - << Finishing up attribute : Attribute(name=version, type=integer [non-identifier])
2021-11-21T23:53:17,923|[DEBUG] MetamodelGraphWalker - Visiting attribute path : address
2021-11-21T23:53:17,923|[TRACE] AbstractLoadPlanBuildingAssociationVisitationStrategy - >> Starting attribute Attribute(name=address, type=bloodbank.entity.Address [non-identifier,association])
2021-11-21T23:53:17,923|[DEBUG] QuerySpacesImpl - Adding QuerySpace : uid = <gen:2> -> org.hibernate.loader.plan.build.internal.spaces.EntityQuerySpaceImpl@5280688]
2021-11-21T23:53:17,923|[TRACE] AbstractLoadPlanBuildingAssociationVisitationStrategy - << Finishing up attribute : Attribute(name=address, type=bloodbank.entity.Address [non-identifier,association])
2021-11-21T23:53:17,923|[DEBUG] MetamodelGraphWalker - Visiting attribute path : contactType
2021-11-21T23:53:17,923|[TRACE] AbstractLoadPlanBuildingAssociationVisitationStrategy - >> Starting attribute Attribute(name=contactType, type=string [non-identifier])
2021-11-21T23:53:17,923|[TRACE] AbstractLoadPlanBuildingAssociationVisitationStrategy - << Finishing up attribute : Attribute(name=contactType, type=string [non-identifier])
2021-11-21T23:53:17,923|[DEBUG] MetamodelGraphWalker - Visiting attribute path : email
2021-11-21T23:53:17,923|[TRACE] AbstractLoadPlanBuildingAssociationVisitationStrategy - >> Starting attribute Attribute(name=email, type=string [non-identifier])
2021-11-21T23:53:17,923|[TRACE] AbstractLoadPlanBuildingAssociationVisitationStrategy - << Finishing up attribute : Attribute(name=email, type=string [non-identifier])
2021-11-21T23:53:17,923|[DEBUG] MetamodelGraphWalker - Visiting attribute path : owner
2021-11-21T23:53:17,923|[TRACE] AbstractLoadPlanBuildingAssociationVisitationStrategy - >> Starting attribute Attribute(name=owner, type=bloodbank.entity.Person [non-identifier,association])
2021-11-21T23:53:17,923|[DEBUG] QuerySpacesImpl - Adding QuerySpace : uid = <gen:3> -> org.hibernate.loader.plan.build.internal.spaces.EntityQuerySpaceImpl@643f6179]
2021-11-21T23:53:17,923|[TRACE] AbstractLoadPlanBuildingAssociationVisitationStrategy - << Finishing up attribute : Attribute(name=owner, type=bloodbank.entity.Person [non-identifier,association])
2021-11-21T23:53:17,923|[DEBUG] MetamodelGraphWalker - Visiting attribute path : phone
2021-11-21T23:53:17,923|[DEBUG] MetamodelGraphWalker - Property path deemed to be circular : phone
2021-11-21T23:53:17,924|[TRACE] AbstractLoadPlanBuildingAssociationVisitationStrategy - Popped fetch owner from stack : org.hibernate.loader.plan.build.internal.returns.CollectionFetchableElementEntityGraph@2774dcf4
2021-11-21T23:53:17,924|[TRACE] AbstractLoadPlanBuildingAssociationVisitationStrategy -  Finished collection element graph : bloodbank.entity.Phone.contacts
2021-11-21T23:53:17,924|[TRACE] AbstractLoadPlanBuildingAssociationVisitationStrategy - Popped collection reference from stack : org.hibernate.loader.plan.build.internal.returns.CollectionReturnImpl@100d0218
2021-11-21T23:53:17,924|[TRACE] AbstractLoadPlanBuildingAssociationVisitationStrategy -  Finished root collection : bloodbank.entity.Phone.contacts
2021-11-21T23:53:17,924|[DEBUG] FetchStyleLoadPlanBuildingAssociationVisitationStrategy - Building LoadPlan...
2021-11-21T23:53:17,924|[DEBUG] LoadQueryJoinAndFetchProcessor - processing queryspace <gen:0>
2021-11-21T23:53:17,924|[DEBUG] LoadPlanTreePrinter - LoadPlan(collection=bloodbank.entity.Phone.contacts)
    - Returns
       - CollectionReturnImpl(collection=bloodbank.entity.Phone.contacts, querySpaceUid=<gen:0>, path=[bloodbank.entity.Phone.contacts])
          - (collection element) CollectionFetchableElementEntityGraph(entity=bloodbank.entity.Contact, querySpaceUid=<gen:1>, path=[bloodbank.entity.Phone.contacts].<elements>)
             - EntityAttributeFetchImpl(entity=bloodbank.entity.Address, querySpaceUid=<gen:2>, path=[bloodbank.entity.Phone.contacts].<elements>.address)
             - EntityAttributeFetchImpl(entity=bloodbank.entity.Person, querySpaceUid=<gen:3>, path=[bloodbank.entity.Phone.contacts].<elements>.owner)
    - QuerySpaces
       - CollectionQuerySpaceImpl(uid=<gen:0>, collection=bloodbank.entity.Phone.contacts)
          - SQL table alias mapping - contacts0_
          - alias suffix - 0_
          - suffixed key columns - {phone_id2_3_0_}
          - entity-element alias suffix - 1_
          - 1_entity-element suffixed key columns - person_i1_3_1_, phone_id2_3_1_
          - JOIN (JoinDefinedByMetadata(elements)) : <gen:0> -> <gen:1>
             - EntityQuerySpaceImpl(uid=<gen:1>, entity=bloodbank.entity.Contact)
                - SQL table alias mapping - contacts0_
                - alias suffix - 1_
                - suffixed key columns - {person_i1_3_1_, phone_id2_3_1_}
                - JOIN (JoinDefinedByMetadata(id)) : <gen:1> -> <gen:1>-id
                   - CompositeQuerySpaceImpl(uid=<gen:1>-id)
                      - SQL table alias mapping - contacts0_

2021-11-21T23:53:17,924|[DEBUG] CollectionLoader - Static select for collection bloodbank.entity.Phone.contacts: select contacts0_.phone_id as phone_id2_3_0_, contacts0_.person_id as person_i1_3_0_, contacts0_.person_id as person_i1_3_1_, contacts0_.phone_id as phone_id2_3_1_, contacts0_.created as created3_3_1_, contacts0_.updated as updated4_3_1_, contacts0_.version as version5_3_1_, contacts0_.address_id as address_8_3_1_, contacts0_.contact_type as contact_6_3_1_, contacts0_.email as email7_3_1_ from contact contacts0_ where contacts0_.phone_id=?
2021-11-21T23:53:17,924|[TRACE] AbstractLoadPlanBuildingAssociationVisitationStrategy -  Starting root collection : bloodbank.entity.BloodBank.donations
2021-11-21T23:53:17,924|[DEBUG] QuerySpacesImpl - Adding QuerySpace : uid = <gen:0> -> org.hibernate.loader.plan.build.internal.spaces.CollectionQuerySpaceImpl@61ab6521]
2021-11-21T23:53:17,924|[DEBUG] QuerySpacesImpl - Adding QuerySpace : uid = <gen:1> -> org.hibernate.loader.plan.build.internal.spaces.EntityQuerySpaceImpl@328e4ec2]
2021-11-21T23:53:17,924|[TRACE] AbstractLoadPlanBuildingAssociationVisitationStrategy - Pushing collection reference to stack : org.hibernate.loader.plan.build.internal.returns.CollectionReturnImpl@7757025d
2021-11-21T23:53:17,924|[TRACE] AbstractLoadPlanBuildingAssociationVisitationStrategy -  Registering AssociationKey : AssociationKey(table=blood_donation, columns={bank_id}) -> null
2021-11-21T23:53:17,924|[TRACE] AbstractLoadPlanBuildingAssociationVisitationStrategy -  Starting collection element graph : bloodbank.entity.BloodBank.donations
2021-11-21T23:53:17,924|[TRACE] AbstractLoadPlanBuildingAssociationVisitationStrategy - Pushing fetch source to stack : org.hibernate.loader.plan.build.internal.returns.CollectionFetchableElementEntityGraph@68fc9167
2021-11-21T23:53:17,924|[TRACE] AbstractLoadPlanBuildingAssociationVisitationStrategy - >> Starting entity identifier : bloodbank.entity.BloodDonation
2021-11-21T23:53:17,924|[DEBUG] MetamodelGraphWalker - Visiting attribute path : epochCreated
2021-11-21T23:53:17,924|[TRACE] AbstractLoadPlanBuildingAssociationVisitationStrategy - >> Starting attribute Attribute(name=epochCreated, type=long [non-identifier])
2021-11-21T23:53:17,924|[TRACE] AbstractLoadPlanBuildingAssociationVisitationStrategy - << Finishing up attribute : Attribute(name=epochCreated, type=long [non-identifier])
2021-11-21T23:53:17,924|[DEBUG] MetamodelGraphWalker - Visiting attribute path : epochUpdated
2021-11-21T23:53:17,924|[TRACE] AbstractLoadPlanBuildingAssociationVisitationStrategy - >> Starting attribute Attribute(name=epochUpdated, type=long [non-identifier])
2021-11-21T23:53:17,924|[TRACE] AbstractLoadPlanBuildingAssociationVisitationStrategy - << Finishing up attribute : Attribute(name=epochUpdated, type=long [non-identifier])
2021-11-21T23:53:17,924|[DEBUG] MetamodelGraphWalker - Visiting attribute path : version
2021-11-21T23:53:17,924|[TRACE] AbstractLoadPlanBuildingAssociationVisitationStrategy - >> Starting attribute Attribute(name=version, type=integer [non-identifier])
2021-11-21T23:53:17,924|[TRACE] AbstractLoadPlanBuildingAssociationVisitationStrategy - << Finishing up attribute : Attribute(name=version, type=integer [non-identifier])
2021-11-21T23:53:17,924|[DEBUG] MetamodelGraphWalker - Visiting attribute path : bank
2021-11-21T23:53:17,924|[DEBUG] MetamodelGraphWalker - Property path deemed to be circular : bank
2021-11-21T23:53:17,924|[DEBUG] MetamodelGraphWalker - Visiting attribute path : bloodType
2021-11-21T23:53:17,924|[TRACE] AbstractLoadPlanBuildingAssociationVisitationStrategy - >> Starting attribute Attribute(name=bloodType, type=component[bloodGroup,rhd] [non-identifier,composition])
2021-11-21T23:53:17,924|[DEBUG] QuerySpacesImpl - Adding QuerySpace : uid = <gen:2> -> org.hibernate.loader.plan.build.internal.spaces.CompositeQuerySpaceImpl@52c46334]
2021-11-21T23:53:17,924|[TRACE] AbstractLoadPlanBuildingAssociationVisitationStrategy - Pushing fetch source to stack : org.hibernate.loader.plan.build.internal.returns.CompositeAttributeFetchImpl@12fccff0
2021-11-21T23:53:17,924|[TRACE] AbstractLoadPlanBuildingAssociationVisitationStrategy - >>>> Starting composite : bloodType
2021-11-21T23:53:17,924|[DEBUG] MetamodelGraphWalker - Visiting attribute path : bloodType.bloodGroup
2021-11-21T23:53:17,924|[TRACE] AbstractLoadPlanBuildingAssociationVisitationStrategy - >>>> Starting attribute Attribute(name=bloodGroup, type=string [non-identifier])
2021-11-21T23:53:17,924|[TRACE] AbstractLoadPlanBuildingAssociationVisitationStrategy - <<<< Finishing up attribute : Attribute(name=bloodGroup, type=string [non-identifier])
2021-11-21T23:53:17,925|[DEBUG] MetamodelGraphWalker - Visiting attribute path : bloodType.rhd
2021-11-21T23:53:17,925|[TRACE] AbstractLoadPlanBuildingAssociationVisitationStrategy - >>>> Starting attribute Attribute(name=rhd, type=byte [non-identifier])
2021-11-21T23:53:17,925|[TRACE] AbstractLoadPlanBuildingAssociationVisitationStrategy - <<<< Finishing up attribute : Attribute(name=rhd, type=byte [non-identifier])
2021-11-21T23:53:17,925|[TRACE] AbstractLoadPlanBuildingAssociationVisitationStrategy - <<<< Finishing composite : bloodType
2021-11-21T23:53:17,925|[TRACE] AbstractLoadPlanBuildingAssociationVisitationStrategy - Popped fetch owner from stack : org.hibernate.loader.plan.build.internal.returns.CompositeAttributeFetchImpl@12fccff0
2021-11-21T23:53:17,925|[TRACE] AbstractLoadPlanBuildingAssociationVisitationStrategy - << Finishing up attribute : Attribute(name=bloodType, type=component[bloodGroup,rhd] [non-identifier,composition])
2021-11-21T23:53:17,925|[DEBUG] MetamodelGraphWalker - Visiting attribute path : milliliters
2021-11-21T23:53:17,925|[TRACE] AbstractLoadPlanBuildingAssociationVisitationStrategy - >> Starting attribute Attribute(name=milliliters, type=integer [non-identifier])
2021-11-21T23:53:17,925|[TRACE] AbstractLoadPlanBuildingAssociationVisitationStrategy - << Finishing up attribute : Attribute(name=milliliters, type=integer [non-identifier])
2021-11-21T23:53:17,925|[DEBUG] MetamodelGraphWalker - Visiting attribute path : record
2021-11-21T23:53:17,925|[TRACE] AbstractLoadPlanBuildingAssociationVisitationStrategy - >> Starting attribute Attribute(name=record, type=bloodbank.entity.DonationRecord [non-identifier,association])
2021-11-21T23:53:17,925|[DEBUG] QuerySpacesImpl - Adding QuerySpace : uid = <gen:3> -> org.hibernate.loader.plan.build.internal.spaces.EntityQuerySpaceImpl@5d767218]
2021-11-21T23:53:17,925|[TRACE] AbstractLoadPlanBuildingAssociationVisitationStrategy - << Finishing up attribute : Attribute(name=record, type=bloodbank.entity.DonationRecord [non-identifier,association])
2021-11-21T23:53:17,925|[TRACE] AbstractLoadPlanBuildingAssociationVisitationStrategy - Popped fetch owner from stack : org.hibernate.loader.plan.build.internal.returns.CollectionFetchableElementEntityGraph@68fc9167
2021-11-21T23:53:17,925|[TRACE] AbstractLoadPlanBuildingAssociationVisitationStrategy -  Finished collection element graph : bloodbank.entity.BloodBank.donations
2021-11-21T23:53:17,925|[TRACE] AbstractLoadPlanBuildingAssociationVisitationStrategy - Popped collection reference from stack : org.hibernate.loader.plan.build.internal.returns.CollectionReturnImpl@7757025d
2021-11-21T23:53:17,925|[TRACE] AbstractLoadPlanBuildingAssociationVisitationStrategy -  Finished root collection : bloodbank.entity.BloodBank.donations
2021-11-21T23:53:17,925|[DEBUG] FetchStyleLoadPlanBuildingAssociationVisitationStrategy - Building LoadPlan...
2021-11-21T23:53:17,925|[DEBUG] LoadQueryJoinAndFetchProcessor - processing queryspace <gen:0>
2021-11-21T23:53:17,925|[DEBUG] LoadPlanTreePrinter - LoadPlan(collection=bloodbank.entity.BloodBank.donations)
    - Returns
       - CollectionReturnImpl(collection=bloodbank.entity.BloodBank.donations, querySpaceUid=<gen:0>, path=[bloodbank.entity.BloodBank.donations])
          - (collection element) CollectionFetchableElementEntityGraph(entity=bloodbank.entity.BloodDonation, querySpaceUid=<gen:1>, path=[bloodbank.entity.BloodBank.donations].<elements>)
             - CompositeAttributeFetchImpl(composite=bloodbank.entity.BloodType, querySpaceUid=<gen:2>, path=[bloodbank.entity.BloodBank.donations].<elements>.bloodType)
             - EntityAttributeFetchImpl(entity=bloodbank.entity.DonationRecord, querySpaceUid=<gen:3>, path=[bloodbank.entity.BloodBank.donations].<elements>.record)
    - QuerySpaces
       - CollectionQuerySpaceImpl(uid=<gen:0>, collection=bloodbank.entity.BloodBank.donations)
          - SQL table alias mapping - donations0_
          - alias suffix - 0_
          - suffixed key columns - {bank_id8_2_0_}
          - entity-element alias suffix - 1_
          - 1_entity-element suffixed key columns - donation1_2_1_
          - JOIN (JoinDefinedByMetadata(elements)) : <gen:0> -> <gen:1>
             - EntityQuerySpaceImpl(uid=<gen:1>, entity=bloodbank.entity.BloodDonation)
                - SQL table alias mapping - donations0_
                - alias suffix - 1_
                - suffixed key columns - {donation1_2_1_}
                - JOIN (JoinDefinedByMetadata(bloodType)) : <gen:1> -> <gen:2>
                   - CompositeQuerySpaceImpl(uid=<gen:2>)
                      - SQL table alias mapping - donations0_

2021-11-21T23:53:17,925|[DEBUG] CollectionLoader - Static select for collection bloodbank.entity.BloodBank.donations: select donations0_.bank_id as bank_id8_2_0_, donations0_.donation_id as donation1_2_0_, donations0_.donation_id as donation1_2_1_, donations0_.created as created2_2_1_, donations0_.updated as updated3_2_1_, donations0_.version as version4_2_1_, donations0_.bank_id as bank_id8_2_1_, donations0_.blood_group as blood_gr5_2_1_, donations0_.rhd as rhd6_2_1_, donations0_.milliliters as millilit7_2_1_ from blood_donation donations0_ where donations0_.bank_id=?
2021-11-21T23:53:17,932|[TRACE] MetadataContext - Wrapping up metadata context...
2021-11-21T23:53:17,933|[TRACE] MetadataContext - Starting mapped superclass [bloodbank.entity.PojoBaseCompositeKey]
2021-11-21T23:53:17,933|[TRACE] AttributeFactory - Building version attribute [ownerType.getTypeName().property.getName()]
2021-11-21T23:53:17,933|[TRACE] AttributeFactory - Starting attribute metadata determination [version]
2021-11-21T23:53:17,933|[TRACE] AttributeFactory -     Determined member [protected int bloodbank.entity.PojoBaseCompositeKey.version]
2021-11-21T23:53:17,933|[TRACE] AttributeFactory -     Determined type [name=integer, class=org.hibernate.type.IntegerType]
2021-11-21T23:53:17,935|[TRACE] AttributeFactory - Building attribute [bloodbank.entity.PojoBaseCompositeKey.epochCreated]
2021-11-21T23:53:17,935|[TRACE] AttributeFactory - Starting attribute metadata determination [epochCreated]
2021-11-21T23:53:17,935|[TRACE] AttributeFactory -     Determined member [protected long bloodbank.entity.PojoBaseCompositeKey.epochCreated]
2021-11-21T23:53:17,935|[TRACE] AttributeFactory -     Determined type [name=long, class=org.hibernate.type.LongType]
2021-11-21T23:53:17,935|[TRACE] AttributeFactory - Building attribute [bloodbank.entity.PojoBaseCompositeKey.epochUpdated]
2021-11-21T23:53:17,935|[TRACE] AttributeFactory - Starting attribute metadata determination [epochUpdated]
2021-11-21T23:53:17,935|[TRACE] AttributeFactory -     Determined member [protected long bloodbank.entity.PojoBaseCompositeKey.epochUpdated]
2021-11-21T23:53:17,935|[TRACE] AttributeFactory -     Determined type [name=long, class=org.hibernate.type.LongType]
2021-11-21T23:53:17,936|[TRACE] MetadataContext - Completed mapped superclass [bloodbank.entity.PojoBaseCompositeKey]
2021-11-21T23:53:17,936|[TRACE] MetadataContext - Starting entity [bloodbank.entity.Contact]
2021-11-21T23:53:17,936|[TRACE] AttributeFactory - Building identifier attribute [Contact.id]
2021-11-21T23:53:17,936|[TRACE] AttributeFactory - Starting attribute metadata determination [id]
2021-11-21T23:53:17,936|[TRACE] AttributeFactory -     Determined member [private bloodbank.entity.ContactPK bloodbank.entity.Contact.id]
2021-11-21T23:53:17,936|[TRACE] AttributeFactory -     Determined type [name=component[personId,phoneId], class=org.hibernate.type.ComponentType]
2021-11-21T23:53:17,936|[TRACE] AttributeFactory - Building attribute [unknown.personId]
2021-11-21T23:53:17,936|[TRACE] AttributeFactory - Starting attribute metadata determination [personId]
2021-11-21T23:53:17,937|[TRACE] AttributeFactory -     Determined member [private int bloodbank.entity.ContactPK.personId]
2021-11-21T23:53:17,937|[TRACE] AttributeFactory -     Determined type [name=integer, class=org.hibernate.type.IntegerType]
2021-11-21T23:53:17,937|[TRACE] AttributeFactory - Building attribute [unknown.phoneId]
2021-11-21T23:53:17,937|[TRACE] AttributeFactory - Starting attribute metadata determination [phoneId]
2021-11-21T23:53:17,937|[TRACE] AttributeFactory -     Determined member [private int bloodbank.entity.ContactPK.phoneId]
2021-11-21T23:53:17,937|[TRACE] AttributeFactory -     Determined type [name=integer, class=org.hibernate.type.IntegerType]
2021-11-21T23:53:17,937|[TRACE] AttributeFactory - Building attribute [Contact.address]
2021-11-21T23:53:17,937|[TRACE] AttributeFactory - Starting attribute metadata determination [address]
2021-11-21T23:53:17,937|[TRACE] AttributeFactory -     Determined member [private bloodbank.entity.Address bloodbank.entity.Contact.address]
2021-11-21T23:53:17,937|[TRACE] AttributeFactory -     Determined type [name=bloodbank.entity.Address, class=org.hibernate.type.ManyToOneType]
2021-11-21T23:53:17,937|[TRACE] AttributeFactory - Building attribute [Contact.contactType]
2021-11-21T23:53:17,937|[TRACE] AttributeFactory - Starting attribute metadata determination [contactType]
2021-11-21T23:53:17,937|[TRACE] AttributeFactory -     Determined member [private java.lang.String bloodbank.entity.Contact.contactType]
2021-11-21T23:53:17,937|[TRACE] AttributeFactory -     Determined type [name=string, class=org.hibernate.type.StringType]
2021-11-21T23:53:17,937|[TRACE] AttributeFactory - Building attribute [Contact.email]
2021-11-21T23:53:17,937|[TRACE] AttributeFactory - Starting attribute metadata determination [email]
2021-11-21T23:53:17,937|[TRACE] AttributeFactory -     Determined member [private java.lang.String bloodbank.entity.Contact.email]
2021-11-21T23:53:17,937|[TRACE] AttributeFactory -     Determined type [name=string, class=org.hibernate.type.StringType]
2021-11-21T23:53:17,937|[TRACE] AttributeFactory - Building attribute [Contact.owner]
2021-11-21T23:53:17,937|[TRACE] AttributeFactory - Starting attribute metadata determination [owner]
2021-11-21T23:53:17,937|[TRACE] AttributeFactory -     Determined member [private bloodbank.entity.Person bloodbank.entity.Contact.owner]
2021-11-21T23:53:17,937|[TRACE] AttributeFactory -     Determined type [name=bloodbank.entity.Person, class=org.hibernate.type.ManyToOneType]
2021-11-21T23:53:17,937|[TRACE] AttributeFactory - Building attribute [Contact.phone]
2021-11-21T23:53:17,937|[TRACE] AttributeFactory - Starting attribute metadata determination [phone]
2021-11-21T23:53:17,937|[TRACE] AttributeFactory -     Determined member [private bloodbank.entity.Phone bloodbank.entity.Contact.phone]
2021-11-21T23:53:17,937|[TRACE] AttributeFactory -     Determined type [name=bloodbank.entity.Phone, class=org.hibernate.type.ManyToOneType]
2021-11-21T23:53:17,938|[TRACE] MetadataContext - Completed entity [bloodbank.entity.Contact]
2021-11-21T23:53:17,938|[TRACE] MetadataContext - Starting mapped superclass [bloodbank.entity.PojoBase]
2021-11-21T23:53:17,938|[TRACE] AttributeFactory - Building identifier attribute [bloodbank.entity.PojoBase.id]
2021-11-21T23:53:17,938|[TRACE] AttributeFactory - Starting attribute metadata determination [id]
2021-11-21T23:53:17,938|[TRACE] AttributeFactory -     Determined member [protected int bloodbank.entity.PojoBase.id]
2021-11-21T23:53:17,938|[TRACE] AttributeFactory -     Determined type [name=integer, class=org.hibernate.type.IntegerType]
2021-11-21T23:53:17,938|[TRACE] AttributeFactory - Building version attribute [ownerType.getTypeName().property.getName()]
2021-11-21T23:53:17,938|[TRACE] AttributeFactory - Starting attribute metadata determination [version]
2021-11-21T23:53:17,938|[TRACE] AttributeFactory -     Determined member [protected int bloodbank.entity.PojoBase.version]
2021-11-21T23:53:17,938|[TRACE] AttributeFactory -     Determined type [name=integer, class=org.hibernate.type.IntegerType]
2021-11-21T23:53:17,938|[TRACE] AttributeFactory - Building attribute [bloodbank.entity.PojoBase.epochCreated]
2021-11-21T23:53:17,938|[TRACE] AttributeFactory - Starting attribute metadata determination [epochCreated]
2021-11-21T23:53:17,938|[TRACE] AttributeFactory -     Determined member [protected long bloodbank.entity.PojoBase.epochCreated]
2021-11-21T23:53:17,938|[TRACE] AttributeFactory -     Determined type [name=long, class=org.hibernate.type.LongType]
2021-11-21T23:53:17,938|[TRACE] AttributeFactory - Building attribute [bloodbank.entity.PojoBase.epochUpdated]
2021-11-21T23:53:17,938|[TRACE] AttributeFactory - Starting attribute metadata determination [epochUpdated]
2021-11-21T23:53:17,938|[TRACE] AttributeFactory -     Determined member [protected long bloodbank.entity.PojoBase.epochUpdated]
2021-11-21T23:53:17,938|[TRACE] AttributeFactory -     Determined type [name=long, class=org.hibernate.type.LongType]
2021-11-21T23:53:17,938|[TRACE] AttributeFactory - Building attribute [bloodbank.entity.PojoBase.version]
2021-11-21T23:53:17,938|[TRACE] AttributeFactory - Starting attribute metadata determination [version]
2021-11-21T23:53:17,938|[TRACE] AttributeFactory -     Determined member [protected int bloodbank.entity.PojoBase.version]
2021-11-21T23:53:17,938|[TRACE] AttributeFactory -     Determined type [name=integer, class=org.hibernate.type.IntegerType]
2021-11-21T23:53:17,939|[TRACE] MetadataContext - Completed mapped superclass [bloodbank.entity.PojoBase]
2021-11-21T23:53:17,939|[TRACE] MetadataContext - Starting entity [bloodbank.entity.Phone]
2021-11-21T23:53:17,939|[TRACE] AttributeFactory - Building attribute [Phone.areaCode]
2021-11-21T23:53:17,939|[TRACE] AttributeFactory - Starting attribute metadata determination [areaCode]
2021-11-21T23:53:17,939|[TRACE] AttributeFactory -     Determined member [private java.lang.String bloodbank.entity.Phone.areaCode]
2021-11-21T23:53:17,939|[TRACE] AttributeFactory -     Determined type [name=string, class=org.hibernate.type.StringType]
2021-11-21T23:53:17,939|[TRACE] AttributeFactory - Building attribute [Phone.contacts]
2021-11-21T23:53:17,939|[TRACE] AttributeFactory - Starting attribute metadata determination [contacts]
2021-11-21T23:53:17,939|[TRACE] AttributeFactory -     Determined member [private java.util.Set bloodbank.entity.Phone.contacts]
2021-11-21T23:53:17,939|[TRACE] AttributeFactory -     Determined type [name=java.util.Set(bloodbank.entity.Phone.contacts), class=org.hibernate.type.SetType]
2021-11-21T23:53:17,941|[TRACE] AttributeFactory - Building attribute [Phone.countryCode]
2021-11-21T23:53:17,941|[TRACE] AttributeFactory - Starting attribute metadata determination [countryCode]
2021-11-21T23:53:17,941|[TRACE] AttributeFactory -     Determined member [private java.lang.String bloodbank.entity.Phone.countryCode]
2021-11-21T23:53:17,941|[TRACE] AttributeFactory -     Determined type [name=string, class=org.hibernate.type.StringType]
2021-11-21T23:53:17,941|[TRACE] AttributeFactory - Building attribute [Phone.number]
2021-11-21T23:53:17,941|[TRACE] AttributeFactory - Starting attribute metadata determination [number]
2021-11-21T23:53:17,941|[TRACE] AttributeFactory -     Determined member [private java.lang.String bloodbank.entity.Phone.number]
2021-11-21T23:53:17,941|[TRACE] AttributeFactory -     Determined type [name=string, class=org.hibernate.type.StringType]
2021-11-21T23:53:17,942|[TRACE] MetadataContext - Completed entity [bloodbank.entity.Phone]
2021-11-21T23:53:17,942|[TRACE] MetadataContext - Starting entity [bloodbank.entity.BloodDonation]
2021-11-21T23:53:17,942|[TRACE] AttributeFactory - Building attribute [BloodDonation.bank]
2021-11-21T23:53:17,942|[TRACE] AttributeFactory - Starting attribute metadata determination [bank]
2021-11-21T23:53:17,942|[TRACE] AttributeFactory -     Determined member [private bloodbank.entity.BloodBank bloodbank.entity.BloodDonation.bank]
2021-11-21T23:53:17,942|[TRACE] AttributeFactory -     Determined type [name=bloodbank.entity.BloodBank, class=org.hibernate.type.ManyToOneType]
2021-11-21T23:53:17,942|[TRACE] AttributeFactory - Building attribute [BloodDonation.bloodType]
2021-11-21T23:53:17,942|[TRACE] AttributeFactory - Starting attribute metadata determination [bloodType]
2021-11-21T23:53:17,942|[TRACE] AttributeFactory -     Determined member [private bloodbank.entity.BloodType bloodbank.entity.BloodDonation.bloodType]
2021-11-21T23:53:17,942|[TRACE] AttributeFactory -     Determined type [name=component[bloodGroup,rhd], class=org.hibernate.type.ComponentType]
2021-11-21T23:53:17,942|[TRACE] AttributeFactory - Building attribute [unknown.bloodGroup]
2021-11-21T23:53:17,942|[TRACE] AttributeFactory - Starting attribute metadata determination [bloodGroup]
2021-11-21T23:53:17,942|[TRACE] AttributeFactory -     Determined member [private java.lang.String bloodbank.entity.BloodType.bloodGroup]
2021-11-21T23:53:17,942|[TRACE] AttributeFactory -     Determined type [name=string, class=org.hibernate.type.StringType]
2021-11-21T23:53:17,942|[TRACE] AttributeFactory - Building attribute [unknown.rhd]
2021-11-21T23:53:17,942|[TRACE] AttributeFactory - Starting attribute metadata determination [rhd]
2021-11-21T23:53:17,942|[TRACE] AttributeFactory -     Determined member [private byte bloodbank.entity.BloodType.rhd]
2021-11-21T23:53:17,942|[TRACE] AttributeFactory -     Determined type [name=byte, class=org.hibernate.type.ByteType]
2021-11-21T23:53:17,942|[TRACE] AttributeFactory - Building attribute [BloodDonation.milliliters]
2021-11-21T23:53:17,942|[TRACE] AttributeFactory - Starting attribute metadata determination [milliliters]
2021-11-21T23:53:17,942|[TRACE] AttributeFactory -     Determined member [private int bloodbank.entity.BloodDonation.milliliters]
2021-11-21T23:53:17,942|[TRACE] AttributeFactory -     Determined type [name=integer, class=org.hibernate.type.IntegerType]
2021-11-21T23:53:17,942|[TRACE] AttributeFactory - Building attribute [BloodDonation.record]
2021-11-21T23:53:17,942|[TRACE] AttributeFactory - Starting attribute metadata determination [record]
2021-11-21T23:53:17,942|[TRACE] AttributeFactory -     Determined member [private bloodbank.entity.DonationRecord bloodbank.entity.BloodDonation.record]
2021-11-21T23:53:17,942|[TRACE] AttributeFactory -     Determined type [name=bloodbank.entity.DonationRecord, class=org.hibernate.type.OneToOneType]
2021-11-21T23:53:17,942|[TRACE] MetadataContext - Completed entity [bloodbank.entity.BloodDonation]
2021-11-21T23:53:17,942|[TRACE] MetadataContext - Starting entity [bloodbank.entity.BloodBank]
2021-11-21T23:53:17,943|[TRACE] AttributeFactory - Building attribute [BloodBank.donations]
2021-11-21T23:53:17,943|[TRACE] AttributeFactory - Starting attribute metadata determination [donations]
2021-11-21T23:53:17,943|[TRACE] AttributeFactory -     Determined member [private java.util.Set bloodbank.entity.BloodBank.donations]
2021-11-21T23:53:17,943|[TRACE] AttributeFactory -     Determined type [name=java.util.Set(bloodbank.entity.BloodBank.donations), class=org.hibernate.type.SetType]
2021-11-21T23:53:17,943|[TRACE] AttributeFactory - Building attribute [BloodBank.name]
2021-11-21T23:53:17,943|[TRACE] AttributeFactory - Starting attribute metadata determination [name]
2021-11-21T23:53:17,943|[TRACE] AttributeFactory -     Determined member [private java.lang.String bloodbank.entity.BloodBank.name]
2021-11-21T23:53:17,943|[TRACE] AttributeFactory -     Determined type [name=string, class=org.hibernate.type.StringType]
2021-11-21T23:53:17,943|[TRACE] MetadataContext - Completed entity [bloodbank.entity.BloodBank]
2021-11-21T23:53:17,943|[TRACE] MetadataContext - Starting entity [bloodbank.entity.PrivateBloodBank]
2021-11-21T23:53:17,943|[TRACE] MetadataContext - Completed entity [bloodbank.entity.PrivateBloodBank]
2021-11-21T23:53:17,943|[TRACE] MetadataContext - Starting entity [bloodbank.entity.DonationRecord]
2021-11-21T23:53:17,943|[TRACE] AttributeFactory - Building attribute [DonationRecord.donation]
2021-11-21T23:53:17,944|[TRACE] AttributeFactory - Starting attribute metadata determination [donation]
2021-11-21T23:53:17,944|[TRACE] AttributeFactory -     Determined member [private bloodbank.entity.BloodDonation bloodbank.entity.DonationRecord.donation]
2021-11-21T23:53:17,944|[TRACE] AttributeFactory -     Determined type [name=bloodbank.entity.BloodDonation, class=org.hibernate.type.ManyToOneType]
2021-11-21T23:53:17,944|[TRACE] AttributeFactory - Building attribute [DonationRecord.owner]
2021-11-21T23:53:17,944|[TRACE] AttributeFactory - Starting attribute metadata determination [owner]
2021-11-21T23:53:17,944|[TRACE] AttributeFactory -     Determined member [private bloodbank.entity.Person bloodbank.entity.DonationRecord.owner]
2021-11-21T23:53:17,944|[TRACE] AttributeFactory -     Determined type [name=bloodbank.entity.Person, class=org.hibernate.type.ManyToOneType]
2021-11-21T23:53:17,944|[TRACE] AttributeFactory - Building attribute [DonationRecord.tested]
2021-11-21T23:53:17,944|[TRACE] AttributeFactory - Starting attribute metadata determination [tested]
2021-11-21T23:53:17,944|[TRACE] AttributeFactory -     Determined member [private byte bloodbank.entity.DonationRecord.tested]
2021-11-21T23:53:17,944|[TRACE] AttributeFactory -     Determined type [name=byte, class=org.hibernate.type.ByteType]
2021-11-21T23:53:17,944|[TRACE] MetadataContext - Completed entity [bloodbank.entity.DonationRecord]
2021-11-21T23:53:17,944|[TRACE] MetadataContext - Starting entity [bloodbank.entity.Address]
2021-11-21T23:53:17,944|[TRACE] AttributeFactory - Building attribute [Address.city]
2021-11-21T23:53:17,944|[TRACE] AttributeFactory - Starting attribute metadata determination [city]
2021-11-21T23:53:17,944|[TRACE] AttributeFactory -     Determined member [private java.lang.String bloodbank.entity.Address.city]
2021-11-21T23:53:17,944|[TRACE] AttributeFactory -     Determined type [name=string, class=org.hibernate.type.StringType]
2021-11-21T23:53:17,944|[TRACE] AttributeFactory - Building attribute [Address.contacts]
2021-11-21T23:53:17,944|[TRACE] AttributeFactory - Starting attribute metadata determination [contacts]
2021-11-21T23:53:17,944|[TRACE] AttributeFactory -     Determined member [private java.util.Set bloodbank.entity.Address.contacts]
2021-11-21T23:53:17,944|[TRACE] AttributeFactory -     Determined type [name=java.util.Set(bloodbank.entity.Address.contacts), class=org.hibernate.type.SetType]
2021-11-21T23:53:17,944|[TRACE] AttributeFactory - Building attribute [Address.country]
2021-11-21T23:53:17,944|[TRACE] AttributeFactory - Starting attribute metadata determination [country]
2021-11-21T23:53:17,944|[TRACE] AttributeFactory -     Determined member [private java.lang.String bloodbank.entity.Address.country]
2021-11-21T23:53:17,944|[TRACE] AttributeFactory -     Determined type [name=string, class=org.hibernate.type.StringType]
2021-11-21T23:53:17,944|[TRACE] AttributeFactory - Building attribute [Address.province]
2021-11-21T23:53:17,944|[TRACE] AttributeFactory - Starting attribute metadata determination [province]
2021-11-21T23:53:17,944|[TRACE] AttributeFactory -     Determined member [private java.lang.String bloodbank.entity.Address.province]
2021-11-21T23:53:17,944|[TRACE] AttributeFactory -     Determined type [name=string, class=org.hibernate.type.StringType]
2021-11-21T23:53:17,944|[TRACE] AttributeFactory - Building attribute [Address.street]
2021-11-21T23:53:17,944|[TRACE] AttributeFactory - Starting attribute metadata determination [street]
2021-11-21T23:53:17,944|[TRACE] AttributeFactory -     Determined member [private java.lang.String bloodbank.entity.Address.street]
2021-11-21T23:53:17,944|[TRACE] AttributeFactory -     Determined type [name=string, class=org.hibernate.type.StringType]
2021-11-21T23:53:17,944|[TRACE] AttributeFactory - Building attribute [Address.streetNumber]
2021-11-21T23:53:17,944|[TRACE] AttributeFactory - Starting attribute metadata determination [streetNumber]
2021-11-21T23:53:17,944|[TRACE] AttributeFactory -     Determined member [private java.lang.String bloodbank.entity.Address.streetNumber]
2021-11-21T23:53:17,944|[TRACE] AttributeFactory -     Determined type [name=string, class=org.hibernate.type.StringType]
2021-11-21T23:53:17,945|[TRACE] AttributeFactory - Building attribute [Address.zipcode]
2021-11-21T23:53:17,945|[TRACE] AttributeFactory - Starting attribute metadata determination [zipcode]
2021-11-21T23:53:17,945|[TRACE] AttributeFactory -     Determined member [private java.lang.String bloodbank.entity.Address.zipcode]
2021-11-21T23:53:17,945|[TRACE] AttributeFactory -     Determined type [name=string, class=org.hibernate.type.StringType]
2021-11-21T23:53:17,945|[TRACE] MetadataContext - Completed entity [bloodbank.entity.Address]
2021-11-21T23:53:17,945|[TRACE] MetadataContext - Starting entity [bloodbank.entity.Person]
2021-11-21T23:53:17,945|[TRACE] AttributeFactory - Building attribute [Person.contacts]
2021-11-21T23:53:17,945|[TRACE] AttributeFactory - Starting attribute metadata determination [contacts]
2021-11-21T23:53:17,945|[TRACE] AttributeFactory -     Determined member [private java.util.Set bloodbank.entity.Person.contacts]
2021-11-21T23:53:17,945|[TRACE] AttributeFactory -     Determined type [name=java.util.Set(bloodbank.entity.Person.contacts), class=org.hibernate.type.SetType]
2021-11-21T23:53:17,945|[TRACE] AttributeFactory - Building attribute [Person.donations]
2021-11-21T23:53:17,945|[TRACE] AttributeFactory - Starting attribute metadata determination [donations]
2021-11-21T23:53:17,945|[TRACE] AttributeFactory -     Determined member [private java.util.Set bloodbank.entity.Person.donations]
2021-11-21T23:53:17,945|[TRACE] AttributeFactory -     Determined type [name=java.util.Set(bloodbank.entity.Person.donations), class=org.hibernate.type.SetType]
2021-11-21T23:53:17,945|[TRACE] AttributeFactory - Building attribute [Person.firstName]
2021-11-21T23:53:17,945|[TRACE] AttributeFactory - Starting attribute metadata determination [firstName]
2021-11-21T23:53:17,945|[TRACE] AttributeFactory -     Determined member [private java.lang.String bloodbank.entity.Person.firstName]
2021-11-21T23:53:17,945|[TRACE] AttributeFactory -     Determined type [name=string, class=org.hibernate.type.StringType]
2021-11-21T23:53:17,945|[TRACE] AttributeFactory - Building attribute [Person.lastName]
2021-11-21T23:53:17,946|[TRACE] AttributeFactory - Starting attribute metadata determination [lastName]
2021-11-21T23:53:17,946|[TRACE] AttributeFactory -     Determined member [private java.lang.String bloodbank.entity.Person.lastName]
2021-11-21T23:53:17,946|[TRACE] AttributeFactory -     Determined type [name=string, class=org.hibernate.type.StringType]
2021-11-21T23:53:17,946|[TRACE] MetadataContext - Completed entity [bloodbank.entity.Person]
2021-11-21T23:53:17,946|[TRACE] MetadataContext - Starting entity [bloodbank.entity.PublicBloodBank]
2021-11-21T23:53:17,946|[TRACE] MetadataContext - Completed entity [bloodbank.entity.PublicBloodBank]
2021-11-21T23:53:17,950|[TRACE] AbstractServiceRegistryImpl - Initializing service [role=org.hibernate.tool.schema.spi.SchemaManagementTool]
2021-11-21T23:53:17,952|[DEBUG] Helper - Attempting to resolve script source setting : META-INF/sql/bloodbank-drop.sql
2021-11-21T23:53:17,952|[TRACE] Helper - Trying as URL...
2021-11-21T23:53:17,956|[TRACE] AbstractServiceRegistryImpl - Initializing service [role=org.hibernate.tool.hbm2ddl.ImportSqlCommandExtractor]
2021-11-21T23:53:17,957|[INFO ] SchemaCreatorImpl - HHH000476: Executing import script 'file:/C:/Users/Herman/Desktop/School/Level%204/Jave%20Enterprise%20Application/Assignment_3/BloodBank-JPA-Mapping-JUnit-Skeleton/target/classes/META-INF/sql/bloodbank-drop.sql'
2021-11-21T23:53:17,967|[TRACE] graph - -> script
2021-11-21T23:53:17,967|[TRACE] graph - ---> blankSpacesToSkip
2021-11-21T23:53:17,968|[TRACE] graph - <--- blankSpacesToSkip
2021-11-21T23:53:17,968|[TRACE] graph - ---> statement
2021-11-21T23:53:17,968|[TRACE] graph - -----> statementFirstPart
2021-11-21T23:53:17,968|[TRACE] graph - -------> nonSkippedChar
2021-11-21T23:53:17,968|[TRACE] script - #out(`D`) [token]
2021-11-21T23:53:17,968|[TRACE] graph - <------- nonSkippedChar
2021-11-21T23:53:17,968|[TRACE] graph - <----- statementFirstPart
2021-11-21T23:53:17,968|[TRACE] graph - -----> statementPart
2021-11-21T23:53:17,968|[TRACE] graph - -------> nonSkippedChar
2021-11-21T23:53:17,968|[TRACE] script - #out(`R`) [token]
2021-11-21T23:53:17,968|[TRACE] graph - <------- nonSkippedChar
2021-11-21T23:53:17,968|[TRACE] graph - <----- statementPart
2021-11-21T23:53:17,968|[TRACE] graph - -----> statementPart
2021-11-21T23:53:17,968|[TRACE] graph - -------> nonSkippedChar
2021-11-21T23:53:17,968|[TRACE] script - #out(`O`) [token]
2021-11-21T23:53:17,968|[TRACE] graph - <------- nonSkippedChar
2021-11-21T23:53:17,968|[TRACE] graph - <----- statementPart
2021-11-21T23:53:17,968|[TRACE] graph - -----> statementPart
2021-11-21T23:53:17,968|[TRACE] graph - -------> nonSkippedChar
2021-11-21T23:53:17,968|[TRACE] script - #out(`P`) [token]
2021-11-21T23:53:17,968|[TRACE] graph - <------- nonSkippedChar
2021-11-21T23:53:17,968|[TRACE] graph - <----- statementPart
2021-11-21T23:53:17,968|[TRACE] graph - -----> statementPart
2021-11-21T23:53:17,968|[TRACE] graph - -------> nonSkippedSpace
2021-11-21T23:53:17,968|[TRACE] script - #out(` `) [token]
2021-11-21T23:53:17,968|[TRACE] graph - <------- nonSkippedSpace
2021-11-21T23:53:17,968|[TRACE] graph - <----- statementPart
2021-11-21T23:53:17,968|[TRACE] graph - -----> statementPart
2021-11-21T23:53:17,968|[TRACE] graph - -------> nonSkippedChar
2021-11-21T23:53:17,968|[TRACE] script - #out(`S`) [token]
2021-11-21T23:53:17,968|[TRACE] graph - <------- nonSkippedChar
2021-11-21T23:53:17,968|[TRACE] graph - <----- statementPart
2021-11-21T23:53:17,968|[TRACE] graph - -----> statementPart
2021-11-21T23:53:17,968|[TRACE] graph - -------> nonSkippedChar
2021-11-21T23:53:17,968|[TRACE] script - #out(`C`) [token]
2021-11-21T23:53:17,968|[TRACE] graph - <------- nonSkippedChar
2021-11-21T23:53:17,968|[TRACE] graph - <----- statementPart
2021-11-21T23:53:17,968|[TRACE] graph - -----> statementPart
2021-11-21T23:53:17,968|[TRACE] graph - -------> nonSkippedChar
2021-11-21T23:53:17,968|[TRACE] script - #out(`H`) [token]
2021-11-21T23:53:17,968|[TRACE] graph - <------- nonSkippedChar
2021-11-21T23:53:17,968|[TRACE] graph - <----- statementPart
2021-11-21T23:53:17,968|[TRACE] graph - -----> statementPart
2021-11-21T23:53:17,968|[TRACE] graph - -------> nonSkippedChar
2021-11-21T23:53:17,968|[TRACE] script - #out(`E`) [token]
2021-11-21T23:53:17,969|[TRACE] graph - <------- nonSkippedChar
2021-11-21T23:53:17,969|[TRACE] graph - <----- statementPart
2021-11-21T23:53:17,969|[TRACE] graph - -----> statementPart
2021-11-21T23:53:17,969|[TRACE] graph - -------> nonSkippedChar
2021-11-21T23:53:17,969|[TRACE] script - #out(`M`) [token]
2021-11-21T23:53:17,969|[TRACE] graph - <------- nonSkippedChar
2021-11-21T23:53:17,969|[TRACE] graph - <----- statementPart
2021-11-21T23:53:17,969|[TRACE] graph - -----> statementPart
2021-11-21T23:53:17,969|[TRACE] graph - -------> nonSkippedChar
2021-11-21T23:53:17,969|[TRACE] script - #out(`A`) [token]
2021-11-21T23:53:17,969|[TRACE] graph - <------- nonSkippedChar
2021-11-21T23:53:17,969|[TRACE] graph - <----- statementPart
2021-11-21T23:53:17,969|[TRACE] graph - -----> statementPart
2021-11-21T23:53:17,969|[TRACE] graph - -------> nonSkippedSpace
2021-11-21T23:53:17,969|[TRACE] script - #out(` `) [token]
2021-11-21T23:53:17,969|[TRACE] graph - <------- nonSkippedSpace
2021-11-21T23:53:17,969|[TRACE] graph - <----- statementPart
2021-11-21T23:53:17,969|[TRACE] graph - -----> statementPart
2021-11-21T23:53:17,969|[TRACE] graph - -------> nonSkippedChar
2021-11-21T23:53:17,969|[TRACE] script - #out(`I`) [token]
2021-11-21T23:53:17,969|[TRACE] graph - <------- nonSkippedChar
2021-11-21T23:53:17,969|[TRACE] graph - <----- statementPart
2021-11-21T23:53:17,969|[TRACE] graph - -----> statementPart
2021-11-21T23:53:17,969|[TRACE] graph - -------> nonSkippedChar
2021-11-21T23:53:17,969|[TRACE] script - #out(`F`) [token]
2021-11-21T23:53:17,969|[TRACE] graph - <------- nonSkippedChar
2021-11-21T23:53:17,969|[TRACE] graph - <----- statementPart
2021-11-21T23:53:17,969|[TRACE] graph - -----> statementPart
2021-11-21T23:53:17,969|[TRACE] graph - -------> nonSkippedSpace
2021-11-21T23:53:17,969|[TRACE] script - #out(` `) [token]
2021-11-21T23:53:17,969|[TRACE] graph - <------- nonSkippedSpace
2021-11-21T23:53:17,969|[TRACE] graph - <----- statementPart
2021-11-21T23:53:17,969|[TRACE] graph - -----> statementPart
2021-11-21T23:53:17,969|[TRACE] graph - -------> nonSkippedChar
2021-11-21T23:53:17,969|[TRACE] script - #out(`E`) [token]
2021-11-21T23:53:17,969|[TRACE] graph - <------- nonSkippedChar
2021-11-21T23:53:17,969|[TRACE] graph - <----- statementPart
2021-11-21T23:53:17,969|[TRACE] graph - -----> statementPart
2021-11-21T23:53:17,969|[TRACE] graph - -------> nonSkippedChar
2021-11-21T23:53:17,969|[TRACE] script - #out(`X`) [token]
2021-11-21T23:53:17,969|[TRACE] graph - <------- nonSkippedChar
2021-11-21T23:53:17,969|[TRACE] graph - <----- statementPart
2021-11-21T23:53:17,969|[TRACE] graph - -----> statementPart
2021-11-21T23:53:17,969|[TRACE] graph - -------> nonSkippedChar
2021-11-21T23:53:17,969|[TRACE] script - #out(`I`) [token]
2021-11-21T23:53:17,969|[TRACE] graph - <------- nonSkippedChar
2021-11-21T23:53:17,969|[TRACE] graph - <----- statementPart
2021-11-21T23:53:17,969|[TRACE] graph - -----> statementPart
2021-11-21T23:53:17,969|[TRACE] graph - -------> nonSkippedChar
2021-11-21T23:53:17,969|[TRACE] script - #out(`S`) [token]
2021-11-21T23:53:17,969|[TRACE] graph - <------- nonSkippedChar
2021-11-21T23:53:17,969|[TRACE] graph - <----- statementPart
2021-11-21T23:53:17,970|[TRACE] graph - -----> statementPart
2021-11-21T23:53:17,970|[TRACE] graph - -------> nonSkippedChar
2021-11-21T23:53:17,970|[TRACE] script - #out(`T`) [token]
2021-11-21T23:53:17,970|[TRACE] graph - <------- nonSkippedChar
2021-11-21T23:53:17,970|[TRACE] graph - <----- statementPart
2021-11-21T23:53:17,970|[TRACE] graph - -----> statementPart
2021-11-21T23:53:17,970|[TRACE] graph - -------> nonSkippedChar
2021-11-21T23:53:17,970|[TRACE] script - #out(`S`) [token]
2021-11-21T23:53:17,970|[TRACE] graph - <------- nonSkippedChar
2021-11-21T23:53:17,970|[TRACE] graph - <----- statementPart
2021-11-21T23:53:17,970|[TRACE] graph - -----> statementPart
2021-11-21T23:53:17,970|[TRACE] graph - -------> nonSkippedSpace
2021-11-21T23:53:17,970|[TRACE] script - #out(` `) [token]
2021-11-21T23:53:17,970|[TRACE] graph - <------- nonSkippedSpace
2021-11-21T23:53:17,970|[TRACE] graph - <----- statementPart
2021-11-21T23:53:17,970|[TRACE] graph - -----> statementPart
2021-11-21T23:53:17,970|[TRACE] graph - -------> nonSkippedChar
2021-11-21T23:53:17,970|[TRACE] script - #out(`b`) [token]
2021-11-21T23:53:17,970|[TRACE] graph - <------- nonSkippedChar
2021-11-21T23:53:17,970|[TRACE] graph - <----- statementPart
2021-11-21T23:53:17,970|[TRACE] graph - -----> statementPart
2021-11-21T23:53:17,970|[TRACE] graph - -------> nonSkippedChar
2021-11-21T23:53:17,970|[TRACE] script - #out(`l`) [token]
2021-11-21T23:53:17,970|[TRACE] graph - <------- nonSkippedChar
2021-11-21T23:53:17,970|[TRACE] graph - <----- statementPart
2021-11-21T23:53:17,970|[TRACE] graph - -----> statementPart
2021-11-21T23:53:17,970|[TRACE] graph - -------> nonSkippedChar
2021-11-21T23:53:17,970|[TRACE] script - #out(`o`) [token]
2021-11-21T23:53:17,970|[TRACE] graph - <------- nonSkippedChar
2021-11-21T23:53:17,970|[TRACE] graph - <----- statementPart
2021-11-21T23:53:17,970|[TRACE] graph - -----> statementPart
2021-11-21T23:53:17,970|[TRACE] graph - -------> nonSkippedChar
2021-11-21T23:53:17,970|[TRACE] script - #out(`o`) [token]
2021-11-21T23:53:17,970|[TRACE] graph - <------- nonSkippedChar
2021-11-21T23:53:17,970|[TRACE] graph - <----- statementPart
2021-11-21T23:53:17,970|[TRACE] graph - -----> statementPart
2021-11-21T23:53:17,970|[TRACE] graph - -------> nonSkippedChar
2021-11-21T23:53:17,970|[TRACE] script - #out(`d`) [token]
2021-11-21T23:53:17,970|[TRACE] graph - <------- nonSkippedChar
2021-11-21T23:53:17,970|[TRACE] graph - <----- statementPart
2021-11-21T23:53:17,970|[TRACE] graph - -----> statementPart
2021-11-21T23:53:17,970|[TRACE] graph - -------> nonSkippedChar
2021-11-21T23:53:17,970|[TRACE] script - #out(`b`) [token]
2021-11-21T23:53:17,970|[TRACE] graph - <------- nonSkippedChar
2021-11-21T23:53:17,970|[TRACE] graph - <----- statementPart
2021-11-21T23:53:17,970|[TRACE] graph - -----> statementPart
2021-11-21T23:53:17,970|[TRACE] graph - -------> nonSkippedChar
2021-11-21T23:53:17,970|[TRACE] script - #out(`a`) [token]
2021-11-21T23:53:17,970|[TRACE] graph - <------- nonSkippedChar
2021-11-21T23:53:17,970|[TRACE] graph - <----- statementPart
2021-11-21T23:53:17,970|[TRACE] graph - -----> statementPart
2021-11-21T23:53:17,970|[TRACE] graph - -------> nonSkippedChar
2021-11-21T23:53:17,970|[TRACE] script - #out(`n`) [token]
2021-11-21T23:53:17,970|[TRACE] graph - <------- nonSkippedChar
2021-11-21T23:53:17,970|[TRACE] graph - <----- statementPart
2021-11-21T23:53:17,970|[TRACE] graph - -----> statementPart
2021-11-21T23:53:17,970|[TRACE] graph - -------> nonSkippedChar
2021-11-21T23:53:17,970|[TRACE] script - #out(`k`) [token]
2021-11-21T23:53:17,970|[TRACE] graph - <------- nonSkippedChar
2021-11-21T23:53:17,970|[TRACE] graph - <----- statementPart
2021-11-21T23:53:17,970|[DEBUG] graph - Import statement : DROP SCHEMA IF EXISTS bloodbank
2021-11-21T23:53:17,970|[TRACE] graph - <--- statement
2021-11-21T23:53:17,970|[TRACE] graph - ---> blankSpacesToSkip
2021-11-21T23:53:17,970|[TRACE] graph - -----> newLineToSkip
2021-11-21T23:53:17,971|[TRACE] graph - <----- newLineToSkip
2021-11-21T23:53:17,971|[TRACE] graph - <--- blankSpacesToSkip
2021-11-21T23:53:17,971|[TRACE] graph - <- script
2021-11-21T23:53:17,971|[DEBUG] SQL - 
    
    DROP SCHEMA IF EXISTS bloodbank
2021-11-21T23:53:17,972|[INFO ] access - HHH10001501: Connection obtained from JdbcConnectionAccess [org.hibernate.engine.jdbc.env.internal.JdbcEnvironmentInitiator$ConnectionProviderJdbcConnectionAccess@1d944fc0] for (non-JTA) DDL execution was not in auto-commit mode; the Connection 'local transaction' will be committed and the Connection will be set into auto-commit mode.
2021-11-21T23:53:18,051|[DEBUG] Helper - Attempting to resolve script source setting : META-INF/sql/bloodbank-create.sql
2021-11-21T23:53:18,051|[TRACE] Helper - Trying as URL...
2021-11-21T23:53:18,053|[INFO ] SchemaCreatorImpl - HHH000476: Executing import script 'file:/C:/Users/Herman/Desktop/School/Level%204/Jave%20Enterprise%20Application/Assignment_3/BloodBank-JPA-Mapping-JUnit-Skeleton/target/classes/META-INF/sql/bloodbank-create.sql'
2021-11-21T23:53:18,053|[TRACE] graph - -> script
2021-11-21T23:53:18,053|[TRACE] graph - ---> blankSpacesToSkip
2021-11-21T23:53:18,053|[TRACE] graph - -----> newLineToSkip
2021-11-21T23:53:18,054|[TRACE] graph - <----- newLineToSkip
2021-11-21T23:53:18,054|[TRACE] graph - -----> newLineToSkip
2021-11-21T23:53:18,054|[TRACE] graph - <----- newLineToSkip
2021-11-21T23:53:18,054|[TRACE] graph - <--- blankSpacesToSkip
2021-11-21T23:53:18,054|[TRACE] graph - ---> statement
2021-11-21T23:53:18,054|[TRACE] graph - -----> statementFirstPart
2021-11-21T23:53:18,054|[TRACE] graph - -------> nonSkippedChar
2021-11-21T23:53:18,054|[TRACE] script - #out(`S`) [token]
2021-11-21T23:53:18,054|[TRACE] graph - <------- nonSkippedChar
2021-11-21T23:53:18,054|[TRACE] graph - <----- statementFirstPart
2021-11-21T23:53:18,054|[TRACE] graph - -----> statementPart
2021-11-21T23:53:18,054|[TRACE] graph - -------> nonSkippedChar
2021-11-21T23:53:18,054|[TRACE] script - #out(`E`) [token]
2021-11-21T23:53:18,054|[TRACE] graph - <------- nonSkippedChar
2021-11-21T23:53:18,054|[TRACE] graph - <----- statementPart
2021-11-21T23:53:18,054|[TRACE] graph - -----> statementPart
2021-11-21T23:53:18,054|[TRACE] graph - -------> nonSkippedChar
2021-11-21T23:53:18,054|[TRACE] script - #out(`T`) [token]
2021-11-21T23:53:18,054|[TRACE] graph - <------- nonSkippedChar
2021-11-21T23:53:18,054|[TRACE] graph - <----- statementPart
2021-11-21T23:53:18,054|[TRACE] graph - -----> statementPart
2021-11-21T23:53:18,054|[TRACE] graph - -------> nonSkippedSpace
2021-11-21T23:53:18,054|[TRACE] script - #out(` `) [token]
2021-11-21T23:53:18,054|[TRACE] graph - <------- nonSkippedSpace
2021-11-21T23:53:18,054|[TRACE] graph - <----- statementPart
2021-11-21T23:53:18,054|[TRACE] graph - -----> statementPart
2021-11-21T23:53:18,054|[TRACE] graph - -------> nonSkippedChar
2021-11-21T23:53:18,054|[TRACE] script - #out(`@`) [token]
2021-11-21T23:53:18,054|[TRACE] graph - <------- nonSkippedChar
2021-11-21T23:53:18,054|[TRACE] graph - <----- statementPart
2021-11-21T23:53:18,054|[TRACE] graph - -----> statementPart
2021-11-21T23:53:18,054|[TRACE] graph - -------> nonSkippedChar
2021-11-21T23:53:18,054|[TRACE] script - #out(`O`) [token]
2021-11-21T23:53:18,054|[TRACE] graph - <------- nonSkippedChar
2021-11-21T23:53:18,054|[TRACE] graph - <----- statementPart
2021-11-21T23:53:18,054|[TRACE] graph - -----> statementPart
2021-11-21T23:53:18,054|[TRACE] graph - -------> nonSkippedChar
2021-11-21T23:53:18,054|[TRACE] script - #out(`L`) [token]
2021-11-21T23:53:18,054|[TRACE] graph - <------- nonSkippedChar
2021-11-21T23:53:18,054|[TRACE] graph - <----- statementPart
2021-11-21T23:53:18,054|[TRACE] graph - -----> statementPart
2021-11-21T23:53:18,054|[TRACE] graph - -------> nonSkippedChar
2021-11-21T23:53:18,054|[TRACE] script - #out(`D`) [token]
2021-11-21T23:53:18,054|[TRACE] graph - <------- nonSkippedChar
2021-11-21T23:53:18,054|[TRACE] graph - <----- statementPart
2021-11-21T23:53:18,054|[TRACE] graph - -----> statementPart
2021-11-21T23:53:18,054|[TRACE] graph - -------> nonSkippedChar
2021-11-21T23:53:18,054|[TRACE] script - #out(`_`) [token]
2021-11-21T23:53:18,054|[TRACE] graph - <------- nonSkippedChar
2021-11-21T23:53:18,054|[TRACE] graph - <----- statementPart
2021-11-21T23:53:18,054|[TRACE] graph - -----> statementPart
2021-11-21T23:53:18,054|[TRACE] graph - -------> nonSkippedChar
2021-11-21T23:53:18,054|[TRACE] script - #out(`U`) [token]
2021-11-21T23:53:18,054|[TRACE] graph - <------- nonSkippedChar
2021-11-21T23:53:18,055|[TRACE] graph - <----- statementPart
2021-11-21T23:53:18,055|[TRACE] graph - -----> statementPart
2021-11-21T23:53:18,055|[TRACE] graph - -------> nonSkippedChar
2021-11-21T23:53:18,055|[TRACE] script - #out(`N`) [token]
2021-11-21T23:53:18,055|[TRACE] graph - <------- nonSkippedChar
2021-11-21T23:53:18,055|[TRACE] graph - <----- statementPart
2021-11-21T23:53:18,055|[TRACE] graph - -----> statementPart
2021-11-21T23:53:18,055|[TRACE] graph - -------> nonSkippedChar
2021-11-21T23:53:18,055|[TRACE] script - #out(`I`) [token]
2021-11-21T23:53:18,055|[TRACE] graph - <------- nonSkippedChar
2021-11-21T23:53:18,055|[TRACE] graph - <----- statementPart
2021-11-21T23:53:18,055|[TRACE] graph - -----> statementPart
2021-11-21T23:53:18,055|[TRACE] graph - -------> nonSkippedChar
2021-11-21T23:53:18,055|[TRACE] script - #out(`Q`) [token]
2021-11-21T23:53:18,055|[TRACE] graph - <------- nonSkippedChar
2021-11-21T23:53:18,055|[TRACE] graph - <----- statementPart
2021-11-21T23:53:18,055|[TRACE] graph - -----> statementPart
2021-11-21T23:53:18,055|[TRACE] graph - -------> nonSkippedChar
2021-11-21T23:53:18,055|[TRACE] script - #out(`U`) [token]
2021-11-21T23:53:18,055|[TRACE] graph - <------- nonSkippedChar
2021-11-21T23:53:18,055|[TRACE] graph - <----- statementPart
2021-11-21T23:53:18,055|[TRACE] graph - -----> statementPart
2021-11-21T23:53:18,055|[TRACE] graph - -------> nonSkippedChar
2021-11-21T23:53:18,055|[TRACE] script - #out(`E`) [token]
2021-11-21T23:53:18,055|[TRACE] graph - <------- nonSkippedChar
2021-11-21T23:53:18,055|[TRACE] graph - <----- statementPart
2021-11-21T23:53:18,055|[TRACE] graph - -----> statementPart
2021-11-21T23:53:18,055|[TRACE] graph - -------> nonSkippedChar
2021-11-21T23:53:18,055|[TRACE] script - #out(`_`) [token]
2021-11-21T23:53:18,055|[TRACE] graph - <------- nonSkippedChar
2021-11-21T23:53:18,055|[TRACE] graph - <----- statementPart
2021-11-21T23:53:18,055|[TRACE] graph - -----> statementPart
2021-11-21T23:53:18,055|[TRACE] graph - -------> nonSkippedChar
2021-11-21T23:53:18,055|[TRACE] script - #out(`C`) [token]
2021-11-21T23:53:18,055|[TRACE] graph - <------- nonSkippedChar
2021-11-21T23:53:18,055|[TRACE] graph - <----- statementPart
2021-11-21T23:53:18,055|[TRACE] graph - -----> statementPart
2021-11-21T23:53:18,055|[TRACE] graph - -------> nonSkippedChar
2021-11-21T23:53:18,055|[TRACE] script - #out(`H`) [token]
2021-11-21T23:53:18,055|[TRACE] graph - <------- nonSkippedChar
2021-11-21T23:53:18,055|[TRACE] graph - <----- statementPart
2021-11-21T23:53:18,055|[TRACE] graph - -----> statementPart
2021-11-21T23:53:18,055|[TRACE] graph - -------> nonSkippedChar
2021-11-21T23:53:18,055|[TRACE] script - #out(`E`) [token]
2021-11-21T23:53:18,055|[TRACE] graph - <------- nonSkippedChar
2021-11-21T23:53:18,055|[TRACE] graph - <----- statementPart
2021-11-21T23:53:18,055|[TRACE] graph - -----> statementPart
2021-11-21T23:53:18,055|[TRACE] graph - -------> nonSkippedChar
2021-11-21T23:53:18,055|[TRACE] script - #out(`C`) [token]
2021-11-21T23:53:18,055|[TRACE] graph - <------- nonSkippedChar
2021-11-21T23:53:18,056|[TRACE] graph - <----- statementPart
2021-11-21T23:53:18,056|[TRACE] graph - -----> statementPart
2021-11-21T23:53:18,056|[TRACE] graph - -------> nonSkippedChar
2021-11-21T23:53:18,056|[TRACE] script - #out(`K`) [token]
2021-11-21T23:53:18,056|[TRACE] graph - <------- nonSkippedChar
2021-11-21T23:53:18,056|[TRACE] graph - <----- statementPart
2021-11-21T23:53:18,056|[TRACE] graph - -----> statementPart
2021-11-21T23:53:18,056|[TRACE] graph - -------> nonSkippedChar
2021-11-21T23:53:18,056|[TRACE] script - #out(`S`) [token]
2021-11-21T23:53:18,056|[TRACE] graph - <------- nonSkippedChar
2021-11-21T23:53:18,056|[TRACE] graph - <----- statementPart
2021-11-21T23:53:18,056|[TRACE] graph - -----> statementPart
2021-11-21T23:53:18,056|[TRACE] graph - -------> nonSkippedChar
2021-11-21T23:53:18,056|[TRACE] script - #out(`=`) [token]
2021-11-21T23:53:18,056|[TRACE] graph - <------- nonSkippedChar
2021-11-21T23:53:18,056|[TRACE] graph - <----- statementPart
2021-11-21T23:53:18,056|[TRACE] graph - -----> statementPart
2021-11-21T23:53:18,056|[TRACE] graph - -------> nonSkippedChar
2021-11-21T23:53:18,056|[TRACE] script - #out(`@`) [token]
2021-11-21T23:53:18,056|[TRACE] graph - <------- nonSkippedChar
2021-11-21T23:53:18,056|[TRACE] graph - <----- statementPart
2021-11-21T23:53:18,056|[TRACE] graph - -----> statementPart
2021-11-21T23:53:18,056|[TRACE] graph - -------> nonSkippedChar
2021-11-21T23:53:18,056|[TRACE] script - #out(`@`) [token]
2021-11-21T23:53:18,056|[TRACE] graph - <------- nonSkippedChar
2021-11-21T23:53:18,056|[TRACE] graph - <----- statementPart
2021-11-21T23:53:18,056|[TRACE] graph - -----> statementPart
2021-11-21T23:53:18,056|[TRACE] graph - -------> nonSkippedChar
2021-11-21T23:53:18,056|[TRACE] script - #out(`U`) [token]
2021-11-21T23:53:18,056|[TRACE] graph - <------- nonSkippedChar
2021-11-21T23:53:18,056|[TRACE] graph - <----- statementPart
2021-11-21T23:53:18,056|[TRACE] graph - -----> statementPart
2021-11-21T23:53:18,056|[TRACE] graph - -------> nonSkippedChar
2021-11-21T23:53:18,056|[TRACE] script - #out(`N`) [token]
2021-11-21T23:53:18,056|[TRACE] graph - <------- nonSkippedChar
2021-11-21T23:53:18,056|[TRACE] graph - <----- statementPart
2021-11-21T23:53:18,056|[TRACE] graph - -----> statementPart
2021-11-21T23:53:18,056|[TRACE] graph - -------> nonSkippedChar
2021-11-21T23:53:18,056|[TRACE] script - #out(`I`) [token]
2021-11-21T23:53:18,056|[TRACE] graph - <------- nonSkippedChar
2021-11-21T23:53:18,056|[TRACE] graph - <----- statementPart
2021-11-21T23:53:18,056|[TRACE] graph - -----> statementPart
2021-11-21T23:53:18,056|[TRACE] graph - -------> nonSkippedChar
2021-11-21T23:53:18,056|[TRACE] script - #out(`Q`) [token]
2021-11-21T23:53:18,056|[TRACE] graph - <------- nonSkippedChar
2021-11-21T23:53:18,056|[TRACE] graph - <----- statementPart
2021-11-21T23:53:18,057|[TRACE] graph - -----> statementPart
2021-11-21T23:53:18,057|[TRACE] graph - -------> nonSkippedChar
2021-11-21T23:53:18,057|[TRACE] script - #out(`U`) [token]
2021-11-21T23:53:18,057|[TRACE] graph - <------- nonSkippedChar
2021-11-21T23:53:18,057|[TRACE] graph - <----- statementPart
2021-11-21T23:53:18,057|[TRACE] graph - -----> statementPart
2021-11-21T23:53:18,057|[TRACE] graph - -------> nonSkippedChar
2021-11-21T23:53:18,057|[TRACE] script - #out(`E`) [token]
2021-11-21T23:53:18,057|[TRACE] graph - <------- nonSkippedChar
2021-11-21T23:53:18,057|[TRACE] graph - <----- statementPart
2021-11-21T23:53:18,057|[TRACE] graph - -----> statementPart
2021-11-21T23:53:18,057|[TRACE] graph - -------> nonSkippedChar
2021-11-21T23:53:18,057|[TRACE] script - #out(`_`) [token]
2021-11-21T23:53:18,057|[TRACE] graph - <------- nonSkippedChar
2021-11-21T23:53:18,057|[TRACE] graph - <----- statementPart
2021-11-21T23:53:18,057|[TRACE] graph - -----> statementPart
2021-11-21T23:53:18,057|[TRACE] graph - -------> nonSkippedChar
2021-11-21T23:53:18,057|[TRACE] script - #out(`C`) [token]
2021-11-21T23:53:18,057|[TRACE] graph - <------- nonSkippedChar
2021-11-21T23:53:18,057|[TRACE] graph - <----- statementPart
2021-11-21T23:53:18,057|[TRACE] graph - -----> statementPart
2021-11-21T23:53:18,057|[TRACE] graph - -------> nonSkippedChar
2021-11-21T23:53:18,057|[TRACE] script - #out(`H`) [token]
2021-11-21T23:53:18,057|[TRACE] graph - <------- nonSkippedChar
2021-11-21T23:53:18,057|[TRACE] graph - <----- statementPart
2021-11-21T23:53:18,057|[TRACE] graph - -----> statementPart
2021-11-21T23:53:18,057|[TRACE] graph - -------> nonSkippedChar
2021-11-21T23:53:18,057|[TRACE] script - #out(`E`) [token]
2021-11-21T23:53:18,057|[TRACE] graph - <------- nonSkippedChar
2021-11-21T23:53:18,057|[TRACE] graph - <----- statementPart
2021-11-21T23:53:18,057|[TRACE] graph - -----> statementPart
2021-11-21T23:53:18,057|[TRACE] graph - -------> nonSkippedChar
2021-11-21T23:53:18,057|[TRACE] script - #out(`C`) [token]
2021-11-21T23:53:18,057|[TRACE] graph - <------- nonSkippedChar
2021-11-21T23:53:18,057|[TRACE] graph - <----- statementPart
2021-11-21T23:53:18,057|[TRACE] graph - -----> statementPart
2021-11-21T23:53:18,057|[TRACE] graph - -------> nonSkippedChar
2021-11-21T23:53:18,057|[TRACE] script - #out(`K`) [token]
2021-11-21T23:53:18,057|[TRACE] graph - <------- nonSkippedChar
2021-11-21T23:53:18,057|[TRACE] graph - <----- statementPart
2021-11-21T23:53:18,057|[TRACE] graph - -----> statementPart
2021-11-21T23:53:18,057|[TRACE] graph - -------> nonSkippedChar
2021-11-21T23:53:18,057|[TRACE] script - #out(`S`) [token]
2021-11-21T23:53:18,057|[TRACE] graph - <------- nonSkippedChar
2021-11-21T23:53:18,057|[TRACE] graph - <----- statementPart
2021-11-21T23:53:18,057|[TRACE] graph - -----> statementPart
2021-11-21T23:53:18,057|[TRACE] graph - -------> nonSkippedChar
2021-11-21T23:53:18,057|[TRACE] script - #out(`,`) [token]
2021-11-21T23:53:18,057|[TRACE] graph - <------- nonSkippedChar
2021-11-21T23:53:18,057|[TRACE] graph - <----- statementPart
2021-11-21T23:53:18,057|[TRACE] graph - -----> statementPart
2021-11-21T23:53:18,058|[TRACE] graph - -------> nonSkippedSpace
2021-11-21T23:53:18,058|[TRACE] script - #out(` `) [token]
2021-11-21T23:53:18,058|[TRACE] graph - <------- nonSkippedSpace
2021-11-21T23:53:18,058|[TRACE] graph - <----- statementPart
2021-11-21T23:53:18,058|[TRACE] graph - -----> statementPart
2021-11-21T23:53:18,058|[TRACE] graph - -------> nonSkippedChar
2021-11-21T23:53:18,058|[TRACE] script - #out(`U`) [token]
2021-11-21T23:53:18,058|[TRACE] graph - <------- nonSkippedChar
2021-11-21T23:53:18,058|[TRACE] graph - <----- statementPart
2021-11-21T23:53:18,058|[TRACE] graph - -----> statementPart
2021-11-21T23:53:18,058|[TRACE] graph - -------> nonSkippedChar
2021-11-21T23:53:18,058|[TRACE] script - #out(`N`) [token]
2021-11-21T23:53:18,058|[TRACE] graph - <------- nonSkippedChar
2021-11-21T23:53:18,058|[TRACE] graph - <----- statementPart
2021-11-21T23:53:18,058|[TRACE] graph - -----> statementPart
2021-11-21T23:53:18,058|[TRACE] graph - -------> nonSkippedChar
2021-11-21T23:53:18,058|[TRACE] script - #out(`I`) [token]
2021-11-21T23:53:18,058|[TRACE] graph - <------- nonSkippedChar
2021-11-21T23:53:18,058|[TRACE] graph - <----- statementPart
2021-11-21T23:53:18,058|[TRACE] graph - -----> statementPart
2021-11-21T23:53:18,058|[TRACE] graph - -------> nonSkippedChar
2021-11-21T23:53:18,058|[TRACE] script - #out(`Q`) [token]
2021-11-21T23:53:18,058|[TRACE] graph - <------- nonSkippedChar
2021-11-21T23:53:18,058|[TRACE] graph - <----- statementPart
2021-11-21T23:53:18,058|[TRACE] graph - -----> statementPart
2021-11-21T23:53:18,058|[TRACE] graph - -------> nonSkippedChar
2021-11-21T23:53:18,058|[TRACE] script - #out(`U`) [token]
2021-11-21T23:53:18,058|[TRACE] graph - <------- nonSkippedChar
2021-11-21T23:53:18,058|[TRACE] graph - <----- statementPart
2021-11-21T23:53:18,058|[TRACE] graph - -----> statementPart
2021-11-21T23:53:18,058|[TRACE] graph - -------> nonSkippedChar
2021-11-21T23:53:18,058|[TRACE] script - #out(`E`) [token]
2021-11-21T23:53:18,058|[TRACE] graph - <------- nonSkippedChar
2021-11-21T23:53:18,058|[TRACE] graph - <----- statementPart
2021-11-21T23:53:18,058|[TRACE] graph - -----> statementPart
2021-11-21T23:53:18,058|[TRACE] graph - -------> nonSkippedChar
2021-11-21T23:53:18,058|[TRACE] script - #out(`_`) [token]
2021-11-21T23:53:18,058|[TRACE] graph - <------- nonSkippedChar
2021-11-21T23:53:18,058|[TRACE] graph - <----- statementPart
2021-11-21T23:53:18,058|[TRACE] graph - -----> statementPart
2021-11-21T23:53:18,058|[TRACE] graph - -------> nonSkippedChar
2021-11-21T23:53:18,058|[TRACE] script - #out(`C`) [token]
2021-11-21T23:53:18,058|[TRACE] graph - <------- nonSkippedChar
2021-11-21T23:53:18,058|[TRACE] graph - <----- statementPart
2021-11-21T23:53:18,058|[TRACE] graph - -----> statementPart
2021-11-21T23:53:18,058|[TRACE] graph - -------> nonSkippedChar
2021-11-21T23:53:18,058|[TRACE] script - #out(`H`) [token]
2021-11-21T23:53:18,058|[TRACE] graph - <------- nonSkippedChar
2021-11-21T23:53:18,058|[TRACE] graph - <----- statementPart
2021-11-21T23:53:18,058|[TRACE] graph - -----> statementPart
2021-11-21T23:53:18,058|[TRACE] graph - -------> nonSkippedChar
2021-11-21T23:53:18,058|[TRACE] script - #out(`E`) [token]
2021-11-21T23:53:18,058|[TRACE] graph - <------- nonSkippedChar
2021-11-21T23:53:18,058|[TRACE] graph - <----- statementPart
2021-11-21T23:53:18,058|[TRACE] graph - -----> statementPart
2021-11-21T23:53:18,058|[TRACE] graph - -------> nonSkippedChar
2021-11-21T23:53:18,058|[TRACE] script - #out(`C`) [token]
2021-11-21T23:53:18,058|[TRACE] graph - <------- nonSkippedChar
2021-11-21T23:53:18,058|[TRACE] graph - <----- statementPart
2021-11-21T23:53:18,058|[TRACE] graph - -----> statementPart
2021-11-21T23:53:18,058|[TRACE] graph - -------> nonSkippedChar
2021-11-21T23:53:18,058|[TRACE] script - #out(`K`) [token]
2021-11-21T23:53:18,058|[TRACE] graph - <------- nonSkippedChar
2021-11-21T23:53:18,058|[TRACE] graph - <----- statementPart
2021-11-21T23:53:18,058|[TRACE] graph - -----> statementPart
2021-11-21T23:53:18,059|[TRACE] graph - -------> nonSkippedChar
2021-11-21T23:53:18,059|[TRACE] script - #out(`S`) [token]
2021-11-21T23:53:18,059|[TRACE] graph - <------- nonSkippedChar
2021-11-21T23:53:18,059|[TRACE] graph - <----- statementPart
2021-11-21T23:53:18,059|[TRACE] graph - -----> statementPart
2021-11-21T23:53:18,059|[TRACE] graph - -------> nonSkippedChar
2021-11-21T23:53:18,059|[TRACE] script - #out(`=`) [token]
2021-11-21T23:53:18,059|[TRACE] graph - <------- nonSkippedChar
2021-11-21T23:53:18,059|[TRACE] graph - <----- statementPart
2021-11-21T23:53:18,059|[TRACE] graph - -----> statementPart
2021-11-21T23:53:18,059|[TRACE] graph - -------> nonSkippedChar
2021-11-21T23:53:18,059|[TRACE] script - #out(`0`) [token]
2021-11-21T23:53:18,059|[TRACE] graph - <------- nonSkippedChar
2021-11-21T23:53:18,059|[TRACE] graph - <----- statementPart
2021-11-21T23:53:18,059|[DEBUG] graph - Import statement : SET @OLD_UNIQUE_CHECKS=@@UNIQUE_CHECKS, UNIQUE_CHECKS=0
2021-11-21T23:53:18,059|[TRACE] graph - <--- statement
2021-11-21T23:53:18,059|[TRACE] graph - ---> blankSpacesToSkip
2021-11-21T23:53:18,059|[TRACE] graph - -----> newLineToSkip
2021-11-21T23:53:18,059|[TRACE] graph - <----- newLineToSkip
2021-11-21T23:53:18,059|[TRACE] graph - <--- blankSpacesToSkip
2021-11-21T23:53:18,059|[TRACE] graph - ---> statement
2021-11-21T23:53:18,059|[TRACE] graph - -----> statementFirstPart
2021-11-21T23:53:18,059|[TRACE] graph - -------> nonSkippedChar
2021-11-21T23:53:18,059|[TRACE] script - #out(`S`) [token]
2021-11-21T23:53:18,059|[TRACE] graph - <------- nonSkippedChar
2021-11-21T23:53:18,059|[TRACE] graph - <----- statementFirstPart
2021-11-21T23:53:18,059|[TRACE] graph - -----> statementPart
2021-11-21T23:53:18,059|[TRACE] graph - -------> nonSkippedChar
2021-11-21T23:53:18,059|[TRACE] script - #out(`E`) [token]
2021-11-21T23:53:18,059|[TRACE] graph - <------- nonSkippedChar
2021-11-21T23:53:18,059|[TRACE] graph - <----- statementPart
2021-11-21T23:53:18,059|[TRACE] graph - -----> statementPart
2021-11-21T23:53:18,059|[TRACE] graph - -------> nonSkippedChar
2021-11-21T23:53:18,059|[TRACE] script - #out(`T`) [token]
2021-11-21T23:53:18,059|[TRACE] graph - <------- nonSkippedChar
2021-11-21T23:53:18,059|[TRACE] graph - <----- statementPart
2021-11-21T23:53:18,059|[TRACE] graph - -----> statementPart
2021-11-21T23:53:18,059|[TRACE] graph - -------> nonSkippedSpace
2021-11-21T23:53:18,059|[TRACE] script - #out(` `) [token]
2021-11-21T23:53:18,059|[TRACE] graph - <------- nonSkippedSpace
2021-11-21T23:53:18,059|[TRACE] graph - <----- statementPart
2021-11-21T23:53:18,059|[TRACE] graph - -----> statementPart
2021-11-21T23:53:18,059|[TRACE] graph - -------> nonSkippedChar
2021-11-21T23:53:18,059|[TRACE] script - #out(`@`) [token]
2021-11-21T23:53:18,059|[TRACE] graph - <------- nonSkippedChar
2021-11-21T23:53:18,059|[TRACE] graph - <----- statementPart
2021-11-21T23:53:18,059|[TRACE] graph - -----> statementPart
2021-11-21T23:53:18,059|[TRACE] graph - -------> nonSkippedChar
2021-11-21T23:53:18,059|[TRACE] script - #out(`O`) [token]
2021-11-21T23:53:18,059|[TRACE] graph - <------- nonSkippedChar
2021-11-21T23:53:18,059|[TRACE] graph - <----- statementPart
2021-11-21T23:53:18,059|[TRACE] graph - -----> statementPart
2021-11-21T23:53:18,059|[TRACE] graph - -------> nonSkippedChar
2021-11-21T23:53:18,059|[TRACE] script - #out(`L`) [token]
2021-11-21T23:53:18,059|[TRACE] graph - <------- nonSkippedChar
2021-11-21T23:53:18,059|[TRACE] graph - <----- statementPart
2021-11-21T23:53:18,059|[TRACE] graph - -----> statementPart
2021-11-21T23:53:18,059|[TRACE] graph - -------> nonSkippedChar
2021-11-21T23:53:18,059|[TRACE] script - #out(`D`) [token]
2021-11-21T23:53:18,059|[TRACE] graph - <------- nonSkippedChar
2021-11-21T23:53:18,060|[TRACE] graph - <----- statementPart
2021-11-21T23:53:18,060|[TRACE] graph - -----> statementPart
2021-11-21T23:53:18,060|[TRACE] graph - -------> nonSkippedChar
2021-11-21T23:53:18,060|[TRACE] script - #out(`_`) [token]
2021-11-21T23:53:18,060|[TRACE] graph - <------- nonSkippedChar
2021-11-21T23:53:18,060|[TRACE] graph - <----- statementPart
2021-11-21T23:53:18,060|[TRACE] graph - -----> statementPart
2021-11-21T23:53:18,060|[TRACE] graph - -------> nonSkippedChar
2021-11-21T23:53:18,060|[TRACE] script - #out(`F`) [token]
2021-11-21T23:53:18,060|[TRACE] graph - <------- nonSkippedChar
2021-11-21T23:53:18,060|[TRACE] graph - <----- statementPart
2021-11-21T23:53:18,060|[TRACE] graph - -----> statementPart
2021-11-21T23:53:18,060|[TRACE] graph - -------> nonSkippedChar
2021-11-21T23:53:18,060|[TRACE] script - #out(`O`) [token]
2021-11-21T23:53:18,060|[TRACE] graph - <------- nonSkippedChar
2021-11-21T23:53:18,060|[TRACE] graph - <----- statementPart
2021-11-21T23:53:18,060|[TRACE] graph - -----> statementPart
2021-11-21T23:53:18,060|[TRACE] graph - -------> nonSkippedChar
2021-11-21T23:53:18,060|[TRACE] script - #out(`R`) [token]
2021-11-21T23:53:18,060|[TRACE] graph - <------- nonSkippedChar
2021-11-21T23:53:18,060|[TRACE] graph - <----- statementPart
2021-11-21T23:53:18,060|[TRACE] graph - -----> statementPart
2021-11-21T23:53:18,060|[TRACE] graph - -------> nonSkippedChar
2021-11-21T23:53:18,060|[TRACE] script - #out(`E`) [token]
2021-11-21T23:53:18,060|[TRACE] graph - <------- nonSkippedChar
2021-11-21T23:53:18,060|[TRACE] graph - <----- statementPart
2021-11-21T23:53:18,060|[TRACE] graph - -----> statementPart
2021-11-21T23:53:18,060|[TRACE] graph - -------> nonSkippedChar
2021-11-21T23:53:18,060|[TRACE] script - #out(`I`) [token]
2021-11-21T23:53:18,060|[TRACE] graph - <------- nonSkippedChar
2021-11-21T23:53:18,060|[TRACE] graph - <----- statementPart
2021-11-21T23:53:18,060|[TRACE] graph - -----> statementPart
2021-11-21T23:53:18,060|[TRACE] graph - -------> nonSkippedChar
2021-11-21T23:53:18,060|[TRACE] script - #out(`G`) [token]
2021-11-21T23:53:18,060|[TRACE] graph - <------- nonSkippedChar
2021-11-21T23:53:18,060|[TRACE] graph - <----- statementPart
2021-11-21T23:53:18,060|[TRACE] graph - -----> statementPart
2021-11-21T23:53:18,060|[TRACE] graph - -------> nonSkippedChar
2021-11-21T23:53:18,060|[TRACE] script - #out(`N`) [token]
2021-11-21T23:53:18,060|[TRACE] graph - <------- nonSkippedChar
2021-11-21T23:53:18,060|[TRACE] graph - <----- statementPart
2021-11-21T23:53:18,060|[TRACE] graph - -----> statementPart
2021-11-21T23:53:18,060|[TRACE] graph - -------> nonSkippedChar
2021-11-21T23:53:18,060|[TRACE] script - #out(`_`) [token]
2021-11-21T23:53:18,060|[TRACE] graph - <------- nonSkippedChar
2021-11-21T23:53:18,060|[TRACE] graph - <----- statementPart
2021-11-21T23:53:18,060|[TRACE] graph - -----> statementPart
2021-11-21T23:53:18,060|[TRACE] graph - -------> nonSkippedChar
2021-11-21T23:53:18,060|[TRACE] script - #out(`K`) [token]
2021-11-21T23:53:18,060|[TRACE] graph - <------- nonSkippedChar
2021-11-21T23:53:18,060|[TRACE] graph - <----- statementPart
2021-11-21T23:53:18,060|[TRACE] graph - -----> statementPart
2021-11-21T23:53:18,060|[TRACE] graph - -------> nonSkippedChar
2021-11-21T23:53:18,061|[TRACE] script - #out(`E`) [token]
2021-11-21T23:53:18,061|[TRACE] graph - <------- nonSkippedChar
2021-11-21T23:53:18,061|[TRACE] graph - <----- statementPart
2021-11-21T23:53:18,061|[TRACE] graph - -----> statementPart
2021-11-21T23:53:18,061|[TRACE] graph - -------> nonSkippedChar
2021-11-21T23:53:18,061|[TRACE] script - #out(`Y`) [token]
2021-11-21T23:53:18,061|[TRACE] graph - <------- nonSkippedChar
2021-11-21T23:53:18,061|[TRACE] graph - <----- statementPart
2021-11-21T23:53:18,061|[TRACE] graph - -----> statementPart
2021-11-21T23:53:18,061|[TRACE] graph - -------> nonSkippedChar
2021-11-21T23:53:18,061|[TRACE] script - #out(`_`) [token]
2021-11-21T23:53:18,061|[TRACE] graph - <------- nonSkippedChar
2021-11-21T23:53:18,061|[TRACE] graph - <----- statementPart
2021-11-21T23:53:18,061|[TRACE] graph - -----> statementPart
2021-11-21T23:53:18,061|[TRACE] graph - -------> nonSkippedChar
2021-11-21T23:53:18,061|[TRACE] script - #out(`C`) [token]
2021-11-21T23:53:18,061|[TRACE] graph - <------- nonSkippedChar
2021-11-21T23:53:18,061|[TRACE] graph - <----- statementPart
2021-11-21T23:53:18,061|[TRACE] graph - -----> statementPart
2021-11-21T23:53:18,061|[TRACE] graph - -------> nonSkippedChar
2021-11-21T23:53:18,061|[TRACE] script - #out(`H`) [token]
2021-11-21T23:53:18,061|[TRACE] graph - <------- nonSkippedChar
2021-11-21T23:53:18,061|[TRACE] graph - <----- statementPart
2021-11-21T23:53:18,061|[TRACE] graph - -----> statementPart
2021-11-21T23:53:18,061|[TRACE] graph - -------> nonSkippedChar
2021-11-21T23:53:18,061|[TRACE] script - #out(`E`) [token]
2021-11-21T23:53:18,061|[TRACE] graph - <------- nonSkippedChar
2021-11-21T23:53:18,061|[TRACE] graph - <----- statementPart
2021-11-21T23:53:18,061|[TRACE] graph - -----> statementPart
2021-11-21T23:53:18,061|[TRACE] graph - -------> nonSkippedChar
2021-11-21T23:53:18,061|[TRACE] script - #out(`C`) [token]
2021-11-21T23:53:18,061|[TRACE] graph - <------- nonSkippedChar
2021-11-21T23:53:18,061|[TRACE] graph - <----- statementPart
2021-11-21T23:53:18,061|[TRACE] graph - -----> statementPart
2021-11-21T23:53:18,061|[TRACE] graph - -------> nonSkippedChar
2021-11-21T23:53:18,061|[TRACE] script - #out(`K`) [token]
2021-11-21T23:53:18,061|[TRACE] graph - <------- nonSkippedChar
2021-11-21T23:53:18,061|[TRACE] graph - <----- statementPart
2021-11-21T23:53:18,061|[TRACE] graph - -----> statementPart
2021-11-21T23:53:18,061|[TRACE] graph - -------> nonSkippedChar
2021-11-21T23:53:18,061|[TRACE] script - #out(`S`) [token]
2021-11-21T23:53:18,061|[TRACE] graph - <------- nonSkippedChar
2021-11-21T23:53:18,061|[TRACE] graph - <----- statementPart
2021-11-21T23:53:18,061|[TRACE] graph - -----> statementPart
2021-11-21T23:53:18,061|[TRACE] graph - -------> nonSkippedChar
2021-11-21T23:53:18,061|[TRACE] script - #out(`=`) [token]
2021-11-21T23:53:18,061|[TRACE] graph - <------- nonSkippedChar
2021-11-21T23:53:18,061|[TRACE] graph - <----- statementPart
2021-11-21T23:53:18,061|[TRACE] graph - -----> statementPart
2021-11-21T23:53:18,061|[TRACE] graph - -------> nonSkippedChar
2021-11-21T23:53:18,061|[TRACE] script - #out(`@`) [token]
2021-11-21T23:53:18,061|[TRACE] graph - <------- nonSkippedChar
2021-11-21T23:53:18,061|[TRACE] graph - <----- statementPart
2021-11-21T23:53:18,061|[TRACE] graph - -----> statementPart
2021-11-21T23:53:18,062|[TRACE] graph - -------> nonSkippedChar
2021-11-21T23:53:18,062|[TRACE] script - #out(`@`) [token]
2021-11-21T23:53:18,062|[TRACE] graph - <------- nonSkippedChar
2021-11-21T23:53:18,062|[TRACE] graph - <----- statementPart
2021-11-21T23:53:18,062|[TRACE] graph - -----> statementPart
2021-11-21T23:53:18,062|[TRACE] graph - -------> nonSkippedChar
2021-11-21T23:53:18,062|[TRACE] script - #out(`F`) [token]
2021-11-21T23:53:18,062|[TRACE] graph - <------- nonSkippedChar
2021-11-21T23:53:18,062|[TRACE] graph - <----- statementPart
2021-11-21T23:53:18,062|[TRACE] graph - -----> statementPart
2021-11-21T23:53:18,062|[TRACE] graph - -------> nonSkippedChar
2021-11-21T23:53:18,062|[TRACE] script - #out(`O`) [token]
2021-11-21T23:53:18,062|[TRACE] graph - <------- nonSkippedChar
2021-11-21T23:53:18,062|[TRACE] graph - <----- statementPart
2021-11-21T23:53:18,062|[TRACE] graph - -----> statementPart
2021-11-21T23:53:18,062|[TRACE] graph - -------> nonSkippedChar
2021-11-21T23:53:18,062|[TRACE] script - #out(`R`) [token]
2021-11-21T23:53:18,062|[TRACE] graph - <------- nonSkippedChar
2021-11-21T23:53:18,062|[TRACE] graph - <----- statementPart
2021-11-21T23:53:18,062|[TRACE] graph - -----> statementPart
2021-11-21T23:53:18,062|[TRACE] graph - -------> nonSkippedChar
2021-11-21T23:53:18,062|[TRACE] script - #out(`E`) [token]
2021-11-21T23:53:18,062|[TRACE] graph - <------- nonSkippedChar
2021-11-21T23:53:18,062|[TRACE] graph - <----- statementPart
2021-11-21T23:53:18,062|[TRACE] graph - -----> statementPart
2021-11-21T23:53:18,062|[TRACE] graph - -------> nonSkippedChar
2021-11-21T23:53:18,062|[TRACE] script - #out(`I`) [token]
2021-11-21T23:53:18,062|[TRACE] graph - <------- nonSkippedChar
2021-11-21T23:53:18,062|[TRACE] graph - <----- statementPart
2021-11-21T23:53:18,062|[TRACE] graph - -----> statementPart
2021-11-21T23:53:18,062|[TRACE] graph - -------> nonSkippedChar
2021-11-21T23:53:18,062|[TRACE] script - #out(`G`) [token]
2021-11-21T23:53:18,062|[TRACE] graph - <------- nonSkippedChar
2021-11-21T23:53:18,062|[TRACE] graph - <----- statementPart
2021-11-21T23:53:18,062|[TRACE] graph - -----> statementPart
2021-11-21T23:53:18,062|[TRACE] graph - -------> nonSkippedChar
2021-11-21T23:53:18,062|[TRACE] script - #out(`N`) [token]
2021-11-21T23:53:18,062|[TRACE] graph - <------- nonSkippedChar
2021-11-21T23:53:18,062|[TRACE] graph - <----- statementPart
2021-11-21T23:53:18,062|[TRACE] graph - -----> statementPart
2021-11-21T23:53:18,062|[TRACE] graph - -------> nonSkippedChar
2021-11-21T23:53:18,062|[TRACE] script - #out(`_`) [token]
2021-11-21T23:53:18,062|[TRACE] graph - <------- nonSkippedChar
2021-11-21T23:53:18,062|[TRACE] graph - <----- statementPart
2021-11-21T23:53:18,062|[TRACE] graph - -----> statementPart
2021-11-21T23:53:18,062|[TRACE] graph - -------> nonSkippedChar
2021-11-21T23:53:18,062|[TRACE] script - #out(`K`) [token]
2021-11-21T23:53:18,062|[TRACE] graph - <------- nonSkippedChar
2021-11-21T23:53:18,062|[TRACE] graph - <----- statementPart
2021-11-21T23:53:18,062|[TRACE] graph - -----> statementPart
2021-11-21T23:53:18,063|[TRACE] graph - -------> nonSkippedChar
2021-11-21T23:53:18,063|[TRACE] script - #out(`E`) [token]
2021-11-21T23:53:18,063|[TRACE] graph - <------- nonSkippedChar
2021-11-21T23:53:18,063|[TRACE] graph - <----- statementPart
2021-11-21T23:53:18,063|[TRACE] graph - -----> statementPart
2021-11-21T23:53:18,063|[TRACE] graph - -------> nonSkippedChar
2021-11-21T23:53:18,063|[TRACE] script - #out(`Y`) [token]
2021-11-21T23:53:18,063|[TRACE] graph - <------- nonSkippedChar
2021-11-21T23:53:18,063|[TRACE] graph - <----- statementPart
2021-11-21T23:53:18,063|[TRACE] graph - -----> statementPart
2021-11-21T23:53:18,063|[TRACE] graph - -------> nonSkippedChar
2021-11-21T23:53:18,063|[TRACE] script - #out(`_`) [token]
2021-11-21T23:53:18,063|[TRACE] graph - <------- nonSkippedChar
2021-11-21T23:53:18,063|[TRACE] graph - <----- statementPart
2021-11-21T23:53:18,063|[TRACE] graph - -----> statementPart
2021-11-21T23:53:18,063|[TRACE] graph - -------> nonSkippedChar
2021-11-21T23:53:18,063|[TRACE] script - #out(`C`) [token]
2021-11-21T23:53:18,063|[TRACE] graph - <------- nonSkippedChar
2021-11-21T23:53:18,063|[TRACE] graph - <----- statementPart
2021-11-21T23:53:18,063|[TRACE] graph - -----> statementPart
2021-11-21T23:53:18,063|[TRACE] graph - -------> nonSkippedChar
2021-11-21T23:53:18,063|[TRACE] script - #out(`H`) [token]
2021-11-21T23:53:18,063|[TRACE] graph - <------- nonSkippedChar
2021-11-21T23:53:18,063|[TRACE] graph - <----- statementPart
2021-11-21T23:53:18,063|[TRACE] graph - -----> statementPart
2021-11-21T23:53:18,063|[TRACE] graph - -------> nonSkippedChar
2021-11-21T23:53:18,063|[TRACE] script - #out(`E`) [token]
2021-11-21T23:53:18,063|[TRACE] graph - <------- nonSkippedChar
2021-11-21T23:53:18,063|[TRACE] graph - <----- statementPart
2021-11-21T23:53:18,063|[TRACE] graph - -----> statementPart
2021-11-21T23:53:18,063|[TRACE] graph - -------> nonSkippedChar
2021-11-21T23:53:18,063|[TRACE] script - #out(`C`) [token]
2021-11-21T23:53:18,063|[TRACE] graph - <------- nonSkippedChar
2021-11-21T23:53:18,063|[TRACE] graph - <----- statementPart
2021-11-21T23:53:18,063|[TRACE] graph - -----> statementPart
2021-11-21T23:53:18,063|[TRACE] graph - -------> nonSkippedChar
2021-11-21T23:53:18,063|[TRACE] script - #out(`K`) [token]
2021-11-21T23:53:18,063|[TRACE] graph - <------- nonSkippedChar
2021-11-21T23:53:18,063|[TRACE] graph - <----- statementPart
2021-11-21T23:53:18,063|[TRACE] graph - -----> statementPart
2021-11-21T23:53:18,063|[TRACE] graph - -------> nonSkippedChar
2021-11-21T23:53:18,063|[TRACE] script - #out(`S`) [token]
2021-11-21T23:53:18,063|[TRACE] graph - <------- nonSkippedChar
2021-11-21T23:53:18,063|[TRACE] graph - <----- statementPart
2021-11-21T23:53:18,063|[TRACE] graph - -----> statementPart
2021-11-21T23:53:18,063|[TRACE] graph - -------> nonSkippedChar
2021-11-21T23:53:18,063|[TRACE] script - #out(`,`) [token]
2021-11-21T23:53:18,063|[TRACE] graph - <------- nonSkippedChar
2021-11-21T23:53:18,063|[TRACE] graph - <----- statementPart
2021-11-21T23:53:18,063|[TRACE] graph - -----> statementPart
2021-11-21T23:53:18,063|[TRACE] graph - -------> nonSkippedSpace
2021-11-21T23:53:18,063|[TRACE] script - #out(` `) [token]
2021-11-21T23:53:18,063|[TRACE] graph - <------- nonSkippedSpace
2021-11-21T23:53:18,063|[TRACE] graph - <----- statementPart
2021-11-21T23:53:18,063|[TRACE] graph - -----> statementPart
2021-11-21T23:53:18,063|[TRACE] graph - -------> nonSkippedChar
2021-11-21T23:53:18,063|[TRACE] script - #out(`F`) [token]
2021-11-21T23:53:18,064|[TRACE] graph - <------- nonSkippedChar
2021-11-21T23:53:18,064|[TRACE] graph - <----- statementPart
2021-11-21T23:53:18,064|[TRACE] graph - -----> statementPart
2021-11-21T23:53:18,064|[TRACE] graph - -------> nonSkippedChar
2021-11-21T23:53:18,064|[TRACE] script - #out(`O`) [token]
2021-11-21T23:53:18,064|[TRACE] graph - <------- nonSkippedChar
2021-11-21T23:53:18,064|[TRACE] graph - <----- statementPart
2021-11-21T23:53:18,064|[TRACE] graph - -----> statementPart
2021-11-21T23:53:18,064|[TRACE] graph - -------> nonSkippedChar
2021-11-21T23:53:18,064|[TRACE] script - #out(`R`) [token]
2021-11-21T23:53:18,064|[TRACE] graph - <------- nonSkippedChar
2021-11-21T23:53:18,064|[TRACE] graph - <----- statementPart
2021-11-21T23:53:18,064|[TRACE] graph - -----> statementPart
2021-11-21T23:53:18,064|[TRACE] graph - -------> nonSkippedChar
2021-11-21T23:53:18,064|[TRACE] script - #out(`E`) [token]
2021-11-21T23:53:18,064|[TRACE] graph - <------- nonSkippedChar
2021-11-21T23:53:18,064|[TRACE] graph - <----- statementPart
2021-11-21T23:53:18,064|[TRACE] graph - -----> statementPart
2021-11-21T23:53:18,064|[TRACE] graph - -------> nonSkippedChar
2021-11-21T23:53:18,064|[TRACE] script - #out(`I`) [token]
2021-11-21T23:53:18,064|[TRACE] graph - <------- nonSkippedChar
2021-11-21T23:53:18,064|[TRACE] graph - <----- statementPart
2021-11-21T23:53:18,064|[TRACE] graph - -----> statementPart
2021-11-21T23:53:18,064|[TRACE] graph - -------> nonSkippedChar
2021-11-21T23:53:18,064|[TRACE] script - #out(`G`) [token]
2021-11-21T23:53:18,064|[TRACE] graph - <------- nonSkippedChar
2021-11-21T23:53:18,064|[TRACE] graph - <----- statementPart
2021-11-21T23:53:18,064|[TRACE] graph - -----> statementPart
2021-11-21T23:53:18,064|[TRACE] graph - -------> nonSkippedChar
2021-11-21T23:53:18,064|[TRACE] script - #out(`N`) [token]
2021-11-21T23:53:18,064|[TRACE] graph - <------- nonSkippedChar
2021-11-21T23:53:18,064|[TRACE] graph - <----- statementPart
2021-11-21T23:53:18,064|[TRACE] graph - -----> statementPart
2021-11-21T23:53:18,064|[TRACE] graph - -------> nonSkippedChar
2021-11-21T23:53:18,064|[TRACE] script - #out(`_`) [token]
2021-11-21T23:53:18,064|[TRACE] graph - <------- nonSkippedChar
2021-11-21T23:53:18,064|[TRACE] graph - <----- statementPart
2021-11-21T23:53:18,064|[TRACE] graph - -----> statementPart
2021-11-21T23:53:18,064|[TRACE] graph - -------> nonSkippedChar
2021-11-21T23:53:18,064|[TRACE] script - #out(`K`) [token]
2021-11-21T23:53:18,064|[TRACE] graph - <------- nonSkippedChar
2021-11-21T23:53:18,064|[TRACE] graph - <----- statementPart
2021-11-21T23:53:18,064|[TRACE] graph - -----> statementPart
2021-11-21T23:53:18,064|[TRACE] graph - -------> nonSkippedChar
2021-11-21T23:53:18,064|[TRACE] script - #out(`E`) [token]
2021-11-21T23:53:18,064|[TRACE] graph - <------- nonSkippedChar
2021-11-21T23:53:18,064|[TRACE] graph - <----- statementPart
2021-11-21T23:53:18,064|[TRACE] graph - -----> statementPart
2021-11-21T23:53:18,064|[TRACE] graph - -------> nonSkippedChar
2021-11-21T23:53:18,064|[TRACE] script - #out(`Y`) [token]
2021-11-21T23:53:18,064|[TRACE] graph - <------- nonSkippedChar
2021-11-21T23:53:18,064|[TRACE] graph - <----- statementPart
2021-11-21T23:53:18,064|[TRACE] graph - -----> statementPart
2021-11-21T23:53:18,064|[TRACE] graph - -------> nonSkippedChar
2021-11-21T23:53:18,064|[TRACE] script - #out(`_`) [token]
2021-11-21T23:53:18,064|[TRACE] graph - <------- nonSkippedChar
2021-11-21T23:53:18,064|[TRACE] graph - <----- statementPart
2021-11-21T23:53:18,064|[TRACE] graph - -----> statementPart
2021-11-21T23:53:18,064|[TRACE] graph - -------> nonSkippedChar
2021-11-21T23:53:18,064|[TRACE] script - #out(`C`) [token]
2021-11-21T23:53:18,064|[TRACE] graph - <------- nonSkippedChar
2021-11-21T23:53:18,064|[TRACE] graph - <----- statementPart
2021-11-21T23:53:18,064|[TRACE] graph - -----> statementPart
2021-11-21T23:53:18,064|[TRACE] graph - -------> nonSkippedChar
2021-11-21T23:53:18,064|[TRACE] script - #out(`H`) [token]
2021-11-21T23:53:18,064|[TRACE] graph - <------- nonSkippedChar
2021-11-21T23:53:18,064|[TRACE] graph - <----- statementPart
2021-11-21T23:53:18,064|[TRACE] graph - -----> statementPart
2021-11-21T23:53:18,064|[TRACE] graph - -------> nonSkippedChar
2021-11-21T23:53:18,064|[TRACE] script - #out(`E`) [token]
2021-11-21T23:53:18,064|[TRACE] graph - <------- nonSkippedChar
2021-11-21T23:53:18,064|[TRACE] graph - <----- statementPart
2021-11-21T23:53:18,064|[TRACE] graph - -----> statementPart
2021-11-21T23:53:18,064|[TRACE] graph - -------> nonSkippedChar
2021-11-21T23:53:18,064|[TRACE] script - #out(`C`) [token]
2021-11-21T23:53:18,064|[TRACE] graph - <------- nonSkippedChar
2021-11-21T23:53:18,065|[TRACE] graph - <----- statementPart
2021-11-21T23:53:18,065|[TRACE] graph - -----> statementPart
2021-11-21T23:53:18,065|[TRACE] graph - -------> nonSkippedChar
2021-11-21T23:53:18,065|[TRACE] script - #out(`K`) [token]
2021-11-21T23:53:18,065|[TRACE] graph - <------- nonSkippedChar
2021-11-21T23:53:18,065|[TRACE] graph - <----- statementPart
2021-11-21T23:53:18,065|[TRACE] graph - -----> statementPart
2021-11-21T23:53:18,065|[TRACE] graph - -------> nonSkippedChar
2021-11-21T23:53:18,065|[TRACE] script - #out(`S`) [token]
2021-11-21T23:53:18,065|[TRACE] graph - <------- nonSkippedChar
2021-11-21T23:53:18,065|[TRACE] graph - <----- statementPart
2021-11-21T23:53:18,065|[TRACE] graph - -----> statementPart
2021-11-21T23:53:18,065|[TRACE] graph - -------> nonSkippedChar
2021-11-21T23:53:18,065|[TRACE] script - #out(`=`) [token]
2021-11-21T23:53:18,065|[TRACE] graph - <------- nonSkippedChar
2021-11-21T23:53:18,065|[TRACE] graph - <----- statementPart
2021-11-21T23:53:18,065|[TRACE] graph - -----> statementPart
2021-11-21T23:53:18,065|[TRACE] graph - -------> nonSkippedChar
2021-11-21T23:53:18,065|[TRACE] script - #out(`0`) [token]
2021-11-21T23:53:18,065|[TRACE] graph - <------- nonSkippedChar
2021-11-21T23:53:18,065|[TRACE] graph - <----- statementPart
2021-11-21T23:53:18,065|[DEBUG] graph - Import statement : SET @OLD_FOREIGN_KEY_CHECKS=@@FOREIGN_KEY_CHECKS, FOREIGN_KEY_CHECKS=0
2021-11-21T23:53:18,065|[TRACE] graph - <--- statement
2021-11-21T23:53:18,065|[TRACE] graph - ---> blankSpacesToSkip
2021-11-21T23:53:18,065|[TRACE] graph - -----> newLineToSkip
2021-11-21T23:53:18,065|[TRACE] graph - <----- newLineToSkip
2021-11-21T23:53:18,065|[TRACE] graph - <--- blankSpacesToSkip
2021-11-21T23:53:18,065|[TRACE] graph - ---> statement
2021-11-21T23:53:18,065|[TRACE] graph - -----> statementFirstPart
2021-11-21T23:53:18,065|[TRACE] graph - -------> nonSkippedChar
2021-11-21T23:53:18,065|[TRACE] script - #out(`S`) [token]
2021-11-21T23:53:18,065|[TRACE] graph - <------- nonSkippedChar
2021-11-21T23:53:18,065|[TRACE] graph - <----- statementFirstPart
2021-11-21T23:53:18,065|[TRACE] graph - -----> statementPart
2021-11-21T23:53:18,065|[TRACE] graph - -------> nonSkippedChar
2021-11-21T23:53:18,065|[TRACE] script - #out(`E`) [token]
2021-11-21T23:53:18,065|[TRACE] graph - <------- nonSkippedChar
2021-11-21T23:53:18,065|[TRACE] graph - <----- statementPart
2021-11-21T23:53:18,065|[TRACE] graph - -----> statementPart
2021-11-21T23:53:18,065|[TRACE] graph - -------> nonSkippedChar
2021-11-21T23:53:18,065|[TRACE] script - #out(`T`) [token]
2021-11-21T23:53:18,065|[TRACE] graph - <------- nonSkippedChar
2021-11-21T23:53:18,065|[TRACE] graph - <----- statementPart
2021-11-21T23:53:18,065|[TRACE] graph - -----> statementPart
2021-11-21T23:53:18,065|[TRACE] graph - -------> nonSkippedSpace
2021-11-21T23:53:18,065|[TRACE] script - #out(` `) [token]
2021-11-21T23:53:18,065|[TRACE] graph - <------- nonSkippedSpace
2021-11-21T23:53:18,065|[TRACE] graph - <----- statementPart
2021-11-21T23:53:18,065|[TRACE] graph - -----> statementPart
2021-11-21T23:53:18,065|[TRACE] graph - -------> nonSkippedChar
2021-11-21T23:53:18,065|[TRACE] script - #out(`@`) [token]
2021-11-21T23:53:18,065|[TRACE] graph - <------- nonSkippedChar
2021-11-21T23:53:18,065|[TRACE] graph - <----- statementPart
2021-11-21T23:53:18,065|[TRACE] graph - -----> statementPart
2021-11-21T23:53:18,065|[TRACE] graph - -------> nonSkippedChar
2021-11-21T23:53:18,065|[TRACE] script - #out(`O`) [token]
2021-11-21T23:53:18,066|[TRACE] graph - <------- nonSkippedChar
2021-11-21T23:53:18,066|[TRACE] graph - <----- statementPart
2021-11-21T23:53:18,066|[TRACE] graph - -----> statementPart
2021-11-21T23:53:18,066|[TRACE] graph - -------> nonSkippedChar
2021-11-21T23:53:18,066|[TRACE] script - #out(`L`) [token]
2021-11-21T23:53:18,066|[TRACE] graph - <------- nonSkippedChar
2021-11-21T23:53:18,066|[TRACE] graph - <----- statementPart
2021-11-21T23:53:18,066|[TRACE] graph - -----> statementPart
2021-11-21T23:53:18,066|[TRACE] graph - -------> nonSkippedChar
2021-11-21T23:53:18,066|[TRACE] script - #out(`D`) [token]
2021-11-21T23:53:18,066|[TRACE] graph - <------- nonSkippedChar
2021-11-21T23:53:18,066|[TRACE] graph - <----- statementPart
2021-11-21T23:53:18,066|[TRACE] graph - -----> statementPart
2021-11-21T23:53:18,066|[TRACE] graph - -------> nonSkippedChar
2021-11-21T23:53:18,066|[TRACE] script - #out(`_`) [token]
2021-11-21T23:53:18,066|[TRACE] graph - <------- nonSkippedChar
2021-11-21T23:53:18,066|[TRACE] graph - <----- statementPart
2021-11-21T23:53:18,066|[TRACE] graph - -----> statementPart
2021-11-21T23:53:18,066|[TRACE] graph - -------> nonSkippedChar
2021-11-21T23:53:18,066|[TRACE] script - #out(`S`) [token]
2021-11-21T23:53:18,066|[TRACE] graph - <------- nonSkippedChar
2021-11-21T23:53:18,066|[TRACE] graph - <----- statementPart
2021-11-21T23:53:18,066|[TRACE] graph - -----> statementPart
2021-11-21T23:53:18,066|[TRACE] graph - -------> nonSkippedChar
2021-11-21T23:53:18,066|[TRACE] script - #out(`Q`) [token]
2021-11-21T23:53:18,066|[TRACE] graph - <------- nonSkippedChar
2021-11-21T23:53:18,066|[TRACE] graph - <----- statementPart
2021-11-21T23:53:18,066|[TRACE] graph - -----> statementPart
2021-11-21T23:53:18,066|[TRACE] graph - -------> nonSkippedChar
2021-11-21T23:53:18,066|[TRACE] script - #out(`L`) [token]
2021-11-21T23:53:18,066|[TRACE] graph - <------- nonSkippedChar
2021-11-21T23:53:18,066|[TRACE] graph - <----- statementPart
2021-11-21T23:53:18,066|[TRACE] graph - -----> statementPart
2021-11-21T23:53:18,066|[TRACE] graph - -------> nonSkippedChar
2021-11-21T23:53:18,066|[TRACE] script - #out(`_`) [token]
2021-11-21T23:53:18,066|[TRACE] graph - <------- nonSkippedChar
2021-11-21T23:53:18,066|[TRACE] graph - <----- statementPart
2021-11-21T23:53:18,066|[TRACE] graph - -----> statementPart
2021-11-21T23:53:18,066|[TRACE] graph - -------> nonSkippedChar
2021-11-21T23:53:18,066|[TRACE] script - #out(`M`) [token]
2021-11-21T23:53:18,066|[TRACE] graph - <------- nonSkippedChar
2021-11-21T23:53:18,066|[TRACE] graph - <----- statementPart
2021-11-21T23:53:18,066|[TRACE] graph - -----> statementPart
2021-11-21T23:53:18,066|[TRACE] graph - -------> nonSkippedChar
2021-11-21T23:53:18,066|[TRACE] script - #out(`O`) [token]
2021-11-21T23:53:18,066|[TRACE] graph - <------- nonSkippedChar
2021-11-21T23:53:18,066|[TRACE] graph - <----- statementPart
2021-11-21T23:53:18,066|[TRACE] graph - -----> statementPart
2021-11-21T23:53:18,066|[TRACE] graph - -------> nonSkippedChar
2021-11-21T23:53:18,066|[TRACE] script - #out(`D`) [token]
2021-11-21T23:53:18,066|[TRACE] graph - <------- nonSkippedChar
2021-11-21T23:53:18,066|[TRACE] graph - <----- statementPart
2021-11-21T23:53:18,066|[TRACE] graph - -----> statementPart
2021-11-21T23:53:18,066|[TRACE] graph - -------> nonSkippedChar
2021-11-21T23:53:18,066|[TRACE] script - #out(`E`) [token]
2021-11-21T23:53:18,066|[TRACE] graph - <------- nonSkippedChar
2021-11-21T23:53:18,066|[TRACE] graph - <----- statementPart
2021-11-21T23:53:18,066|[TRACE] graph - -----> statementPart
2021-11-21T23:53:18,066|[TRACE] graph - -------> nonSkippedChar
2021-11-21T23:53:18,066|[TRACE] script - #out(`=`) [token]
2021-11-21T23:53:18,066|[TRACE] graph - <------- nonSkippedChar
2021-11-21T23:53:18,066|[TRACE] graph - <----- statementPart
2021-11-21T23:53:18,066|[TRACE] graph - -----> statementPart
2021-11-21T23:53:18,066|[TRACE] graph - -------> nonSkippedChar
2021-11-21T23:53:18,067|[TRACE] script - #out(`@`) [token]
2021-11-21T23:53:18,067|[TRACE] graph - <------- nonSkippedChar
2021-11-21T23:53:18,067|[TRACE] graph - <----- statementPart
2021-11-21T23:53:18,067|[TRACE] graph - -----> statementPart
2021-11-21T23:53:18,067|[TRACE] graph - -------> nonSkippedChar
2021-11-21T23:53:18,067|[TRACE] script - #out(`@`) [token]
2021-11-21T23:53:18,067|[TRACE] graph - <------- nonSkippedChar
2021-11-21T23:53:18,067|[TRACE] graph - <----- statementPart
2021-11-21T23:53:18,067|[TRACE] graph - -----> statementPart
2021-11-21T23:53:18,067|[TRACE] graph - -------> nonSkippedChar
2021-11-21T23:53:18,067|[TRACE] script - #out(`S`) [token]
2021-11-21T23:53:18,067|[TRACE] graph - <------- nonSkippedChar
2021-11-21T23:53:18,067|[TRACE] graph - <----- statementPart
2021-11-21T23:53:18,067|[TRACE] graph - -----> statementPart
2021-11-21T23:53:18,067|[TRACE] graph - -------> nonSkippedChar
2021-11-21T23:53:18,067|[TRACE] script - #out(`Q`) [token]
2021-11-21T23:53:18,067|[TRACE] graph - <------- nonSkippedChar
2021-11-21T23:53:18,067|[TRACE] graph - <----- statementPart
2021-11-21T23:53:18,067|[TRACE] graph - -----> statementPart
2021-11-21T23:53:18,067|[TRACE] graph - -------> nonSkippedChar
2021-11-21T23:53:18,067|[TRACE] script - #out(`L`) [token]
2021-11-21T23:53:18,067|[TRACE] graph - <------- nonSkippedChar
2021-11-21T23:53:18,067|[TRACE] graph - <----- statementPart
2021-11-21T23:53:18,067|[TRACE] graph - -----> statementPart
2021-11-21T23:53:18,067|[TRACE] graph - -------> nonSkippedChar
2021-11-21T23:53:18,067|[TRACE] script - #out(`_`) [token]
2021-11-21T23:53:18,067|[TRACE] graph - <------- nonSkippedChar
2021-11-21T23:53:18,067|[TRACE] graph - <----- statementPart
2021-11-21T23:53:18,067|[TRACE] graph - -----> statementPart
2021-11-21T23:53:18,067|[TRACE] graph - -------> nonSkippedChar
2021-11-21T23:53:18,067|[TRACE] script - #out(`M`) [token]
2021-11-21T23:53:18,067|[TRACE] graph - <------- nonSkippedChar
2021-11-21T23:53:18,067|[TRACE] graph - <----- statementPart
2021-11-21T23:53:18,067|[TRACE] graph - -----> statementPart
2021-11-21T23:53:18,067|[TRACE] graph - -------> nonSkippedChar
2021-11-21T23:53:18,067|[TRACE] script - #out(`O`) [token]
2021-11-21T23:53:18,067|[TRACE] graph - <------- nonSkippedChar
2021-11-21T23:53:18,067|[TRACE] graph - <----- statementPart
2021-11-21T23:53:18,067|[TRACE] graph - -----> statementPart
2021-11-21T23:53:18,067|[TRACE] graph - -------> nonSkippedChar
2021-11-21T23:53:18,067|[TRACE] script - #out(`D`) [token]
2021-11-21T23:53:18,067|[TRACE] graph - <------- nonSkippedChar
2021-11-21T23:53:18,067|[TRACE] graph - <----- statementPart
2021-11-21T23:53:18,067|[TRACE] graph - -----> statementPart
2021-11-21T23:53:18,067|[TRACE] graph - -------> nonSkippedChar
2021-11-21T23:53:18,067|[TRACE] script - #out(`E`) [token]
2021-11-21T23:53:18,067|[TRACE] graph - <------- nonSkippedChar
2021-11-21T23:53:18,067|[TRACE] graph - <----- statementPart
2021-11-21T23:53:18,067|[TRACE] graph - -----> statementPart
2021-11-21T23:53:18,067|[TRACE] graph - -------> nonSkippedChar
2021-11-21T23:53:18,067|[TRACE] script - #out(`,`) [token]
2021-11-21T23:53:18,067|[TRACE] graph - <------- nonSkippedChar
2021-11-21T23:53:18,067|[TRACE] graph - <----- statementPart
2021-11-21T23:53:18,067|[TRACE] graph - -----> statementPart
2021-11-21T23:53:18,067|[TRACE] graph - -------> nonSkippedSpace
2021-11-21T23:53:18,067|[TRACE] script - #out(` `) [token]
2021-11-21T23:53:18,067|[TRACE] graph - <------- nonSkippedSpace
2021-11-21T23:53:18,067|[TRACE] graph - <----- statementPart
2021-11-21T23:53:18,067|[TRACE] graph - -----> statementPart
2021-11-21T23:53:18,067|[TRACE] graph - -------> nonSkippedChar
2021-11-21T23:53:18,067|[TRACE] script - #out(`S`) [token]
2021-11-21T23:53:18,067|[TRACE] graph - <------- nonSkippedChar
2021-11-21T23:53:18,067|[TRACE] graph - <----- statementPart
2021-11-21T23:53:18,067|[TRACE] graph - -----> statementPart
2021-11-21T23:53:18,067|[TRACE] graph - -------> nonSkippedChar
2021-11-21T23:53:18,067|[TRACE] script - #out(`Q`) [token]
2021-11-21T23:53:18,067|[TRACE] graph - <------- nonSkippedChar
2021-11-21T23:53:18,067|[TRACE] graph - <----- statementPart
2021-11-21T23:53:18,067|[TRACE] graph - -----> statementPart
2021-11-21T23:53:18,067|[TRACE] graph - -------> nonSkippedChar
2021-11-21T23:53:18,067|[TRACE] script - #out(`L`) [token]
2021-11-21T23:53:18,067|[TRACE] graph - <------- nonSkippedChar
2021-11-21T23:53:18,067|[TRACE] graph - <----- statementPart
2021-11-21T23:53:18,067|[TRACE] graph - -----> statementPart
2021-11-21T23:53:18,068|[TRACE] graph - -------> nonSkippedChar
2021-11-21T23:53:18,068|[TRACE] script - #out(`_`) [token]
2021-11-21T23:53:18,068|[TRACE] graph - <------- nonSkippedChar
2021-11-21T23:53:18,068|[TRACE] graph - <----- statementPart
2021-11-21T23:53:18,068|[TRACE] graph - -----> statementPart
2021-11-21T23:53:18,068|[TRACE] graph - -------> nonSkippedChar
2021-11-21T23:53:18,068|[TRACE] script - #out(`M`) [token]
2021-11-21T23:53:18,068|[TRACE] graph - <------- nonSkippedChar
2021-11-21T23:53:18,068|[TRACE] graph - <----- statementPart
2021-11-21T23:53:18,068|[TRACE] graph - -----> statementPart
2021-11-21T23:53:18,068|[TRACE] graph - -------> nonSkippedChar
2021-11-21T23:53:18,068|[TRACE] script - #out(`O`) [token]
2021-11-21T23:53:18,068|[TRACE] graph - <------- nonSkippedChar
2021-11-21T23:53:18,068|[TRACE] graph - <----- statementPart
2021-11-21T23:53:18,068|[TRACE] graph - -----> statementPart
2021-11-21T23:53:18,068|[TRACE] graph - -------> nonSkippedChar
2021-11-21T23:53:18,068|[TRACE] script - #out(`D`) [token]
2021-11-21T23:53:18,068|[TRACE] graph - <------- nonSkippedChar
2021-11-21T23:53:18,068|[TRACE] graph - <----- statementPart
2021-11-21T23:53:18,068|[TRACE] graph - -----> statementPart
2021-11-21T23:53:18,068|[TRACE] graph - -------> nonSkippedChar
2021-11-21T23:53:18,068|[TRACE] script - #out(`E`) [token]
2021-11-21T23:53:18,068|[TRACE] graph - <------- nonSkippedChar
2021-11-21T23:53:18,068|[TRACE] graph - <----- statementPart
2021-11-21T23:53:18,068|[TRACE] graph - -----> statementPart
2021-11-21T23:53:18,068|[TRACE] graph - -------> nonSkippedChar
2021-11-21T23:53:18,068|[TRACE] script - #out(`=`) [token]
2021-11-21T23:53:18,068|[TRACE] graph - <------- nonSkippedChar
2021-11-21T23:53:18,068|[TRACE] graph - <----- statementPart
2021-11-21T23:53:18,068|[TRACE] graph - -----> statementPart
2021-11-21T23:53:18,068|[TRACE] graph - -------> quotedString
2021-11-21T23:53:18,068|[TRACE] script - #out(`'ONLY_FULL_GROUP_BY,STRICT_TRANS_TABLES,NO_ZERO_IN_DATE,NO_ZERO_DATE,ERROR_FOR_DIVISION_BY_ZERO,NO_ENGINE_SUBSTITUTION'`) [token]
2021-11-21T23:53:18,068|[TRACE] graph - <------- quotedString
2021-11-21T23:53:18,068|[TRACE] graph - <----- statementPart
2021-11-21T23:53:18,068|[DEBUG] graph - Import statement : SET @OLD_SQL_MODE=@@SQL_MODE, SQL_MODE='ONLY_FULL_GROUP_BY,STRICT_TRANS_TABLES,NO_ZERO_IN_DATE,NO_ZERO_DATE,ERROR_FOR_DIVISION_BY_ZERO,NO_ENGINE_SUBSTITUTION'
2021-11-21T23:53:18,068|[TRACE] graph - <--- statement
2021-11-21T23:53:18,068|[TRACE] graph - ---> blankSpacesToSkip
2021-11-21T23:53:18,068|[TRACE] graph - -----> newLineToSkip
2021-11-21T23:53:18,068|[TRACE] graph - <----- newLineToSkip
2021-11-21T23:53:18,068|[TRACE] graph - -----> newLineToSkip
2021-11-21T23:53:18,068|[TRACE] graph - <----- newLineToSkip
2021-11-21T23:53:18,068|[TRACE] graph - -----> newLineToSkip
2021-11-21T23:53:18,068|[TRACE] graph - <----- newLineToSkip
2021-11-21T23:53:18,068|[TRACE] graph - -----> newLineToSkip
2021-11-21T23:53:18,068|[TRACE] graph - <----- newLineToSkip
2021-11-21T23:53:18,068|[TRACE] graph - -----> newLineToSkip
2021-11-21T23:53:18,069|[TRACE] graph - <----- newLineToSkip
2021-11-21T23:53:18,069|[TRACE] graph - <--- blankSpacesToSkip
2021-11-21T23:53:18,069|[TRACE] graph - ---> statement
2021-11-21T23:53:18,069|[TRACE] graph - -----> statementFirstPart
2021-11-21T23:53:18,069|[TRACE] graph - -------> nonSkippedChar
2021-11-21T23:53:18,069|[TRACE] script - #out(`C`) [token]
2021-11-21T23:53:18,069|[TRACE] graph - <------- nonSkippedChar
2021-11-21T23:53:18,069|[TRACE] graph - <----- statementFirstPart
2021-11-21T23:53:18,069|[TRACE] graph - -----> statementPart
2021-11-21T23:53:18,069|[TRACE] graph - -------> nonSkippedChar
2021-11-21T23:53:18,069|[TRACE] script - #out(`R`) [token]
2021-11-21T23:53:18,069|[TRACE] graph - <------- nonSkippedChar
2021-11-21T23:53:18,069|[TRACE] graph - <----- statementPart
2021-11-21T23:53:18,069|[TRACE] graph - -----> statementPart
2021-11-21T23:53:18,069|[TRACE] graph - -------> nonSkippedChar
2021-11-21T23:53:18,069|[TRACE] script - #out(`E`) [token]
2021-11-21T23:53:18,069|[TRACE] graph - <------- nonSkippedChar
2021-11-21T23:53:18,069|[TRACE] graph - <----- statementPart
2021-11-21T23:53:18,069|[TRACE] graph - -----> statementPart
2021-11-21T23:53:18,069|[TRACE] graph - -------> nonSkippedChar
2021-11-21T23:53:18,069|[TRACE] script - #out(`A`) [token]
2021-11-21T23:53:18,069|[TRACE] graph - <------- nonSkippedChar
2021-11-21T23:53:18,069|[TRACE] graph - <----- statementPart
2021-11-21T23:53:18,069|[TRACE] graph - -----> statementPart
2021-11-21T23:53:18,069|[TRACE] graph - -------> nonSkippedChar
2021-11-21T23:53:18,069|[TRACE] script - #out(`T`) [token]
2021-11-21T23:53:18,069|[TRACE] graph - <------- nonSkippedChar
2021-11-21T23:53:18,069|[TRACE] graph - <----- statementPart
2021-11-21T23:53:18,069|[TRACE] graph - -----> statementPart
2021-11-21T23:53:18,069|[TRACE] graph - -------> nonSkippedChar
2021-11-21T23:53:18,069|[TRACE] script - #out(`E`) [token]
2021-11-21T23:53:18,069|[TRACE] graph - <------- nonSkippedChar
2021-11-21T23:53:18,069|[TRACE] graph - <----- statementPart
2021-11-21T23:53:18,069|[TRACE] graph - -----> statementPart
2021-11-21T23:53:18,069|[TRACE] graph - -------> nonSkippedSpace
2021-11-21T23:53:18,069|[TRACE] script - #out(` `) [token]
2021-11-21T23:53:18,069|[TRACE] graph - <------- nonSkippedSpace
2021-11-21T23:53:18,069|[TRACE] graph - <----- statementPart
2021-11-21T23:53:18,069|[TRACE] graph - -----> statementPart
2021-11-21T23:53:18,069|[TRACE] graph - -------> nonSkippedChar
2021-11-21T23:53:18,069|[TRACE] script - #out(`S`) [token]
2021-11-21T23:53:18,069|[TRACE] graph - <------- nonSkippedChar
2021-11-21T23:53:18,069|[TRACE] graph - <----- statementPart
2021-11-21T23:53:18,069|[TRACE] graph - -----> statementPart
2021-11-21T23:53:18,069|[TRACE] graph - -------> nonSkippedChar
2021-11-21T23:53:18,069|[TRACE] script - #out(`C`) [token]
2021-11-21T23:53:18,069|[TRACE] graph - <------- nonSkippedChar
2021-11-21T23:53:18,069|[TRACE] graph - <----- statementPart
2021-11-21T23:53:18,069|[TRACE] graph - -----> statementPart
2021-11-21T23:53:18,069|[TRACE] graph - -------> nonSkippedChar
2021-11-21T23:53:18,079|[TRACE] script - #out(`H`) [token]
2021-11-21T23:53:18,079|[TRACE] graph - <------- nonSkippedChar
2021-11-21T23:53:18,079|[TRACE] graph - <----- statementPart
2021-11-21T23:53:18,079|[TRACE] graph - -----> statementPart
2021-11-21T23:53:18,079|[TRACE] graph - -------> nonSkippedChar
2021-11-21T23:53:18,079|[TRACE] script - #out(`E`) [token]
2021-11-21T23:53:18,079|[TRACE] graph - <------- nonSkippedChar
2021-11-21T23:53:18,079|[TRACE] graph - <----- statementPart
2021-11-21T23:53:18,079|[TRACE] graph - -----> statementPart
2021-11-21T23:53:18,079|[TRACE] graph - -------> nonSkippedChar
2021-11-21T23:53:18,079|[TRACE] script - #out(`M`) [token]
2021-11-21T23:53:18,079|[TRACE] graph - <------- nonSkippedChar
2021-11-21T23:53:18,079|[TRACE] graph - <----- statementPart
2021-11-21T23:53:18,079|[TRACE] graph - -----> statementPart
2021-11-21T23:53:18,079|[TRACE] graph - -------> nonSkippedChar
2021-11-21T23:53:18,079|[TRACE] script - #out(`A`) [token]
2021-11-21T23:53:18,079|[TRACE] graph - <------- nonSkippedChar
2021-11-21T23:53:18,079|[TRACE] graph - <----- statementPart
2021-11-21T23:53:18,079|[TRACE] graph - -----> statementPart
2021-11-21T23:53:18,079|[TRACE] graph - -------> nonSkippedSpace
2021-11-21T23:53:18,079|[TRACE] script - #out(` `) [token]
2021-11-21T23:53:18,079|[TRACE] graph - <------- nonSkippedSpace
2021-11-21T23:53:18,079|[TRACE] graph - <----- statementPart
2021-11-21T23:53:18,079|[TRACE] graph - -----> statementPart
2021-11-21T23:53:18,079|[TRACE] graph - -------> nonSkippedChar
2021-11-21T23:53:18,079|[TRACE] script - #out(`I`) [token]
2021-11-21T23:53:18,079|[TRACE] graph - <------- nonSkippedChar
2021-11-21T23:53:18,079|[TRACE] graph - <----- statementPart
2021-11-21T23:53:18,079|[TRACE] graph - -----> statementPart
2021-11-21T23:53:18,080|[TRACE] graph - -------> nonSkippedChar
2021-11-21T23:53:18,080|[TRACE] script - #out(`F`) [token]
2021-11-21T23:53:18,080|[TRACE] graph - <------- nonSkippedChar
2021-11-21T23:53:18,080|[TRACE] graph - <----- statementPart
2021-11-21T23:53:18,080|[TRACE] graph - -----> statementPart
2021-11-21T23:53:18,080|[TRACE] graph - -------> nonSkippedSpace
2021-11-21T23:53:18,080|[TRACE] script - #out(` `) [token]
2021-11-21T23:53:18,080|[TRACE] graph - <------- nonSkippedSpace
2021-11-21T23:53:18,080|[TRACE] graph - <----- statementPart
2021-11-21T23:53:18,080|[TRACE] graph - -----> statementPart
2021-11-21T23:53:18,080|[TRACE] graph - -------> nonSkippedChar
2021-11-21T23:53:18,080|[TRACE] script - #out(`N`) [token]
2021-11-21T23:53:18,080|[TRACE] graph - <------- nonSkippedChar
2021-11-21T23:53:18,080|[TRACE] graph - <----- statementPart
2021-11-21T23:53:18,080|[TRACE] graph - -----> statementPart
2021-11-21T23:53:18,080|[TRACE] graph - -------> nonSkippedChar
2021-11-21T23:53:18,080|[TRACE] script - #out(`O`) [token]
2021-11-21T23:53:18,080|[TRACE] graph - <------- nonSkippedChar
2021-11-21T23:53:18,080|[TRACE] graph - <----- statementPart
2021-11-21T23:53:18,080|[TRACE] graph - -----> statementPart
2021-11-21T23:53:18,080|[TRACE] graph - -------> nonSkippedChar
2021-11-21T23:53:18,080|[TRACE] script - #out(`T`) [token]
2021-11-21T23:53:18,080|[TRACE] graph - <------- nonSkippedChar
2021-11-21T23:53:18,080|[TRACE] graph - <----- statementPart
2021-11-21T23:53:18,080|[TRACE] graph - -----> statementPart
2021-11-21T23:53:18,080|[TRACE] graph - -------> nonSkippedSpace
2021-11-21T23:53:18,080|[TRACE] script - #out(` `) [token]
2021-11-21T23:53:18,080|[TRACE] graph - <------- nonSkippedSpace
2021-11-21T23:53:18,080|[TRACE] graph - <----- statementPart
2021-11-21T23:53:18,080|[TRACE] graph - -----> statementPart
2021-11-21T23:53:18,080|[TRACE] graph - -------> nonSkippedChar
2021-11-21T23:53:18,080|[TRACE] script - #out(`E`) [token]
2021-11-21T23:53:18,080|[TRACE] graph - <------- nonSkippedChar
2021-11-21T23:53:18,080|[TRACE] graph - <----- statementPart
2021-11-21T23:53:18,080|[TRACE] graph - -----> statementPart
2021-11-21T23:53:18,080|[TRACE] graph - -------> nonSkippedChar
2021-11-21T23:53:18,080|[TRACE] script - #out(`X`) [token]
2021-11-21T23:53:18,080|[TRACE] graph - <------- nonSkippedChar
2021-11-21T23:53:18,080|[TRACE] graph - <----- statementPart
2021-11-21T23:53:18,080|[TRACE] graph - -----> statementPart
2021-11-21T23:53:18,080|[TRACE] graph - -------> nonSkippedChar
2021-11-21T23:53:18,080|[TRACE] script - #out(`I`) [token]
2021-11-21T23:53:18,080|[TRACE] graph - <------- nonSkippedChar
2021-11-21T23:53:18,080|[TRACE] graph - <----- statementPart
2021-11-21T23:53:18,080|[TRACE] graph - -----> statementPart
2021-11-21T23:53:18,080|[TRACE] graph - -------> nonSkippedChar
2021-11-21T23:53:18,080|[TRACE] script - #out(`S`) [token]
2021-11-21T23:53:18,080|[TRACE] graph - <------- nonSkippedChar
2021-11-21T23:53:18,080|[TRACE] graph - <----- statementPart
2021-11-21T23:53:18,080|[TRACE] graph - -----> statementPart
2021-11-21T23:53:18,080|[TRACE] graph - -------> nonSkippedChar
2021-11-21T23:53:18,080|[TRACE] script - #out(`T`) [token]
2021-11-21T23:53:18,080|[TRACE] graph - <------- nonSkippedChar
2021-11-21T23:53:18,080|[TRACE] graph - <----- statementPart
2021-11-21T23:53:18,080|[TRACE] graph - -----> statementPart
2021-11-21T23:53:18,080|[TRACE] graph - -------> nonSkippedChar
2021-11-21T23:53:18,080|[TRACE] script - #out(`S`) [token]
2021-11-21T23:53:18,080|[TRACE] graph - <------- nonSkippedChar
2021-11-21T23:53:18,080|[TRACE] graph - <----- statementPart
2021-11-21T23:53:18,080|[TRACE] graph - -----> statementPart
2021-11-21T23:53:18,080|[TRACE] graph - -------> nonSkippedSpace
2021-11-21T23:53:18,080|[TRACE] script - #out(` `) [token]
2021-11-21T23:53:18,080|[TRACE] graph - <------- nonSkippedSpace
2021-11-21T23:53:18,080|[TRACE] graph - <----- statementPart
2021-11-21T23:53:18,080|[TRACE] graph - -----> statementPart
2021-11-21T23:53:18,080|[TRACE] graph - -------> quotedString
2021-11-21T23:53:18,080|[TRACE] script - #out(``bloodbank``) [token]
2021-11-21T23:53:18,080|[TRACE] graph - <------- quotedString
2021-11-21T23:53:18,080|[TRACE] graph - <----- statementPart
2021-11-21T23:53:18,081|[TRACE] graph - -----> statementPart
2021-11-21T23:53:18,081|[TRACE] graph - -------> nonSkippedSpace
2021-11-21T23:53:18,081|[TRACE] script - #out(` `) [token]
2021-11-21T23:53:18,081|[TRACE] graph - <------- nonSkippedSpace
2021-11-21T23:53:18,081|[TRACE] graph - <----- statementPart
2021-11-21T23:53:18,081|[TRACE] graph - -----> statementPart
2021-11-21T23:53:18,081|[TRACE] graph - -------> nonSkippedChar
2021-11-21T23:53:18,081|[TRACE] script - #out(`D`) [token]
2021-11-21T23:53:18,081|[TRACE] graph - <------- nonSkippedChar
2021-11-21T23:53:18,081|[TRACE] graph - <----- statementPart
2021-11-21T23:53:18,081|[TRACE] graph - -----> statementPart
2021-11-21T23:53:18,081|[TRACE] graph - -------> nonSkippedChar
2021-11-21T23:53:18,081|[TRACE] script - #out(`E`) [token]
2021-11-21T23:53:18,081|[TRACE] graph - <------- nonSkippedChar
2021-11-21T23:53:18,081|[TRACE] graph - <----- statementPart
2021-11-21T23:53:18,081|[TRACE] graph - -----> statementPart
2021-11-21T23:53:18,081|[TRACE] graph - -------> nonSkippedChar
2021-11-21T23:53:18,081|[TRACE] script - #out(`F`) [token]
2021-11-21T23:53:18,081|[TRACE] graph - <------- nonSkippedChar
2021-11-21T23:53:18,081|[TRACE] graph - <----- statementPart
2021-11-21T23:53:18,081|[TRACE] graph - -----> statementPart
2021-11-21T23:53:18,081|[TRACE] graph - -------> nonSkippedChar
2021-11-21T23:53:18,081|[TRACE] script - #out(`A`) [token]
2021-11-21T23:53:18,081|[TRACE] graph - <------- nonSkippedChar
2021-11-21T23:53:18,081|[TRACE] graph - <----- statementPart
2021-11-21T23:53:18,081|[TRACE] graph - -----> statementPart
2021-11-21T23:53:18,081|[TRACE] graph - -------> nonSkippedChar
2021-11-21T23:53:18,081|[TRACE] script - #out(`U`) [token]
2021-11-21T23:53:18,081|[TRACE] graph - <------- nonSkippedChar
2021-11-21T23:53:18,081|[TRACE] graph - <----- statementPart
2021-11-21T23:53:18,081|[TRACE] graph - -----> statementPart
2021-11-21T23:53:18,081|[TRACE] graph - -------> nonSkippedChar
2021-11-21T23:53:18,081|[TRACE] script - #out(`L`) [token]
2021-11-21T23:53:18,081|[TRACE] graph - <------- nonSkippedChar
2021-11-21T23:53:18,081|[TRACE] graph - <----- statementPart
2021-11-21T23:53:18,081|[TRACE] graph - -----> statementPart
2021-11-21T23:53:18,081|[TRACE] graph - -------> nonSkippedChar
2021-11-21T23:53:18,081|[TRACE] script - #out(`T`) [token]
2021-11-21T23:53:18,081|[TRACE] graph - <------- nonSkippedChar
2021-11-21T23:53:18,081|[TRACE] graph - <----- statementPart
2021-11-21T23:53:18,081|[TRACE] graph - -----> statementPart
2021-11-21T23:53:18,081|[TRACE] graph - -------> nonSkippedSpace
2021-11-21T23:53:18,081|[TRACE] script - #out(` `) [token]
2021-11-21T23:53:18,081|[TRACE] graph - <------- nonSkippedSpace
2021-11-21T23:53:18,081|[TRACE] graph - <----- statementPart
2021-11-21T23:53:18,081|[TRACE] graph - -----> statementPart
2021-11-21T23:53:18,081|[TRACE] graph - -------> nonSkippedChar
2021-11-21T23:53:18,081|[TRACE] script - #out(`C`) [token]
2021-11-21T23:53:18,081|[TRACE] graph - <------- nonSkippedChar
2021-11-21T23:53:18,081|[TRACE] graph - <----- statementPart
2021-11-21T23:53:18,081|[TRACE] graph - -----> statementPart
2021-11-21T23:53:18,081|[TRACE] graph - -------> nonSkippedChar
2021-11-21T23:53:18,081|[TRACE] script - #out(`H`) [token]
2021-11-21T23:53:18,081|[TRACE] graph - <------- nonSkippedChar
2021-11-21T23:53:18,081|[TRACE] graph - <----- statementPart
2021-11-21T23:53:18,081|[TRACE] graph - -----> statementPart
2021-11-21T23:53:18,081|[TRACE] graph - -------> nonSkippedChar
2021-11-21T23:53:18,081|[TRACE] script - #out(`A`) [token]
2021-11-21T23:53:18,081|[TRACE] graph - <------- nonSkippedChar
2021-11-21T23:53:18,081|[TRACE] graph - <----- statementPart
2021-11-21T23:53:18,081|[TRACE] graph - -----> statementPart
2021-11-21T23:53:18,081|[TRACE] graph - -------> nonSkippedChar
2021-11-21T23:53:18,081|[TRACE] script - #out(`R`) [token]
2021-11-21T23:53:18,081|[TRACE] graph - <------- nonSkippedChar
2021-11-21T23:53:18,081|[TRACE] graph - <----- statementPart
2021-11-21T23:53:18,081|[TRACE] graph - -----> statementPart
2021-11-21T23:53:18,081|[TRACE] graph - -------> nonSkippedChar
2021-11-21T23:53:18,081|[TRACE] script - #out(`A`) [token]
2021-11-21T23:53:18,081|[TRACE] graph - <------- nonSkippedChar
2021-11-21T23:53:18,081|[TRACE] graph - <----- statementPart
2021-11-21T23:53:18,081|[TRACE] graph - -----> statementPart
2021-11-21T23:53:18,081|[TRACE] graph - -------> nonSkippedChar
2021-11-21T23:53:18,081|[TRACE] script - #out(`C`) [token]
2021-11-21T23:53:18,082|[TRACE] graph - <------- nonSkippedChar
2021-11-21T23:53:18,082|[TRACE] graph - <----- statementPart
2021-11-21T23:53:18,082|[TRACE] graph - -----> statementPart
2021-11-21T23:53:18,082|[TRACE] graph - -------> nonSkippedChar
2021-11-21T23:53:18,082|[TRACE] script - #out(`T`) [token]
2021-11-21T23:53:18,082|[TRACE] graph - <------- nonSkippedChar
2021-11-21T23:53:18,082|[TRACE] graph - <----- statementPart
2021-11-21T23:53:18,082|[TRACE] graph - -----> statementPart
2021-11-21T23:53:18,082|[TRACE] graph - -------> nonSkippedChar
2021-11-21T23:53:18,082|[TRACE] script - #out(`E`) [token]
2021-11-21T23:53:18,082|[TRACE] graph - <------- nonSkippedChar
2021-11-21T23:53:18,082|[TRACE] graph - <----- statementPart
2021-11-21T23:53:18,082|[TRACE] graph - -----> statementPart
2021-11-21T23:53:18,082|[TRACE] graph - -------> nonSkippedChar
2021-11-21T23:53:18,082|[TRACE] script - #out(`R`) [token]
2021-11-21T23:53:18,082|[TRACE] graph - <------- nonSkippedChar
2021-11-21T23:53:18,082|[TRACE] graph - <----- statementPart
2021-11-21T23:53:18,082|[TRACE] graph - -----> statementPart
2021-11-21T23:53:18,082|[TRACE] graph - -------> nonSkippedSpace
2021-11-21T23:53:18,082|[TRACE] script - #out(` `) [token]
2021-11-21T23:53:18,082|[TRACE] graph - <------- nonSkippedSpace
2021-11-21T23:53:18,082|[TRACE] graph - <----- statementPart
2021-11-21T23:53:18,082|[TRACE] graph - -----> statementPart
2021-11-21T23:53:18,082|[TRACE] graph - -------> nonSkippedChar
2021-11-21T23:53:18,082|[TRACE] script - #out(`S`) [token]
2021-11-21T23:53:18,082|[TRACE] graph - <------- nonSkippedChar
2021-11-21T23:53:18,082|[TRACE] graph - <----- statementPart
2021-11-21T23:53:18,082|[TRACE] graph - -----> statementPart
2021-11-21T23:53:18,082|[TRACE] graph - -------> nonSkippedChar
2021-11-21T23:53:18,082|[TRACE] script - #out(`E`) [token]
2021-11-21T23:53:18,082|[TRACE] graph - <------- nonSkippedChar
2021-11-21T23:53:18,082|[TRACE] graph - <----- statementPart
2021-11-21T23:53:18,082|[TRACE] graph - -----> statementPart
2021-11-21T23:53:18,082|[TRACE] graph - -------> nonSkippedChar
2021-11-21T23:53:18,082|[TRACE] script - #out(`T`) [token]
2021-11-21T23:53:18,082|[TRACE] graph - <------- nonSkippedChar
2021-11-21T23:53:18,082|[TRACE] graph - <----- statementPart
2021-11-21T23:53:18,082|[TRACE] graph - -----> statementPart
2021-11-21T23:53:18,082|[TRACE] graph - -------> nonSkippedSpace
2021-11-21T23:53:18,082|[TRACE] script - #out(` `) [token]
2021-11-21T23:53:18,082|[TRACE] graph - <------- nonSkippedSpace
2021-11-21T23:53:18,082|[TRACE] graph - <----- statementPart
2021-11-21T23:53:18,082|[TRACE] graph - -----> statementPart
2021-11-21T23:53:18,082|[TRACE] graph - -------> nonSkippedChar
2021-11-21T23:53:18,082|[TRACE] script - #out(`u`) [token]
2021-11-21T23:53:18,082|[TRACE] graph - <------- nonSkippedChar
2021-11-21T23:53:18,082|[TRACE] graph - <----- statementPart
2021-11-21T23:53:18,082|[TRACE] graph - -----> statementPart
2021-11-21T23:53:18,082|[TRACE] graph - -------> nonSkippedChar
2021-11-21T23:53:18,082|[TRACE] script - #out(`t`) [token]
2021-11-21T23:53:18,082|[TRACE] graph - <------- nonSkippedChar
2021-11-21T23:53:18,082|[TRACE] graph - <----- statementPart
2021-11-21T23:53:18,082|[TRACE] graph - -----> statementPart
2021-11-21T23:53:18,082|[TRACE] graph - -------> nonSkippedChar
2021-11-21T23:53:18,082|[TRACE] script - #out(`f`) [token]
2021-11-21T23:53:18,082|[TRACE] graph - <------- nonSkippedChar
2021-11-21T23:53:18,082|[TRACE] graph - <----- statementPart
2021-11-21T23:53:18,082|[TRACE] graph - -----> statementPart
2021-11-21T23:53:18,082|[TRACE] graph - -------> nonSkippedChar
2021-11-21T23:53:18,082|[TRACE] script - #out(`8`) [token]
2021-11-21T23:53:18,082|[TRACE] graph - <------- nonSkippedChar
2021-11-21T23:53:18,082|[TRACE] graph - <----- statementPart
2021-11-21T23:53:18,082|[TRACE] graph - -----> statementPart
2021-11-21T23:53:18,082|[TRACE] graph - -------> nonSkippedChar
2021-11-21T23:53:18,082|[TRACE] script - #out(`m`) [token]
2021-11-21T23:53:18,082|[TRACE] graph - <------- nonSkippedChar
2021-11-21T23:53:18,082|[TRACE] graph - <----- statementPart
2021-11-21T23:53:18,082|[TRACE] graph - -----> statementPart
2021-11-21T23:53:18,082|[TRACE] graph - -------> nonSkippedChar
2021-11-21T23:53:18,082|[TRACE] script - #out(`b`) [token]
2021-11-21T23:53:18,082|[TRACE] graph - <------- nonSkippedChar
2021-11-21T23:53:18,082|[TRACE] graph - <----- statementPart
2021-11-21T23:53:18,082|[TRACE] graph - -----> statementPart
2021-11-21T23:53:18,082|[TRACE] graph - -------> nonSkippedChar
2021-11-21T23:53:18,082|[TRACE] script - #out(`4`) [token]
2021-11-21T23:53:18,082|[TRACE] graph - <------- nonSkippedChar
2021-11-21T23:53:18,082|[TRACE] graph - <----- statementPart
2021-11-21T23:53:18,083|[TRACE] graph - -----> statementPart
2021-11-21T23:53:18,083|[TRACE] graph - -------> nonSkippedSpace
2021-11-21T23:53:18,083|[TRACE] script - #out(` `) [token]
2021-11-21T23:53:18,083|[TRACE] graph - <------- nonSkippedSpace
2021-11-21T23:53:18,083|[TRACE] graph - <----- statementPart
2021-11-21T23:53:18,083|[TRACE] graph - -----> statementPart
2021-11-21T23:53:18,083|[TRACE] graph - -------> nonSkippedChar
2021-11-21T23:53:18,083|[TRACE] script - #out(`C`) [token]
2021-11-21T23:53:18,083|[TRACE] graph - <------- nonSkippedChar
2021-11-21T23:53:18,083|[TRACE] graph - <----- statementPart
2021-11-21T23:53:18,083|[TRACE] graph - -----> statementPart
2021-11-21T23:53:18,083|[TRACE] graph - -------> nonSkippedChar
2021-11-21T23:53:18,083|[TRACE] script - #out(`O`) [token]
2021-11-21T23:53:18,083|[TRACE] graph - <------- nonSkippedChar
2021-11-21T23:53:18,083|[TRACE] graph - <----- statementPart
2021-11-21T23:53:18,083|[TRACE] graph - -----> statementPart
2021-11-21T23:53:18,083|[TRACE] graph - -------> nonSkippedChar
2021-11-21T23:53:18,083|[TRACE] script - #out(`L`) [token]
2021-11-21T23:53:18,083|[TRACE] graph - <------- nonSkippedChar
2021-11-21T23:53:18,083|[TRACE] graph - <----- statementPart
2021-11-21T23:53:18,083|[TRACE] graph - -----> statementPart
2021-11-21T23:53:18,083|[TRACE] graph - -------> nonSkippedChar
2021-11-21T23:53:18,083|[TRACE] script - #out(`L`) [token]
2021-11-21T23:53:18,083|[TRACE] graph - <------- nonSkippedChar
2021-11-21T23:53:18,083|[TRACE] graph - <----- statementPart
2021-11-21T23:53:18,083|[TRACE] graph - -----> statementPart
2021-11-21T23:53:18,083|[TRACE] graph - -------> nonSkippedChar
2021-11-21T23:53:18,083|[TRACE] script - #out(`A`) [token]
2021-11-21T23:53:18,083|[TRACE] graph - <------- nonSkippedChar
2021-11-21T23:53:18,083|[TRACE] graph - <----- statementPart
2021-11-21T23:53:18,083|[TRACE] graph - -----> statementPart
2021-11-21T23:53:18,083|[TRACE] graph - -------> nonSkippedChar
2021-11-21T23:53:18,083|[TRACE] script - #out(`T`) [token]
2021-11-21T23:53:18,083|[TRACE] graph - <------- nonSkippedChar
2021-11-21T23:53:18,083|[TRACE] graph - <----- statementPart
2021-11-21T23:53:18,083|[TRACE] graph - -----> statementPart
2021-11-21T23:53:18,083|[TRACE] graph - -------> nonSkippedChar
2021-11-21T23:53:18,083|[TRACE] script - #out(`E`) [token]
2021-11-21T23:53:18,083|[TRACE] graph - <------- nonSkippedChar
2021-11-21T23:53:18,083|[TRACE] graph - <----- statementPart
2021-11-21T23:53:18,083|[TRACE] graph - -----> statementPart
2021-11-21T23:53:18,083|[TRACE] graph - -------> nonSkippedSpace
2021-11-21T23:53:18,083|[TRACE] script - #out(` `) [token]
2021-11-21T23:53:18,083|[TRACE] graph - <------- nonSkippedSpace
2021-11-21T23:53:18,083|[TRACE] graph - <----- statementPart
2021-11-21T23:53:18,083|[TRACE] graph - -----> statementPart
2021-11-21T23:53:18,083|[TRACE] graph - -------> nonSkippedChar
2021-11-21T23:53:18,083|[TRACE] script - #out(`u`) [token]
2021-11-21T23:53:18,083|[TRACE] graph - <------- nonSkippedChar
2021-11-21T23:53:18,083|[TRACE] graph - <----- statementPart
2021-11-21T23:53:18,083|[TRACE] graph - -----> statementPart
2021-11-21T23:53:18,083|[TRACE] graph - -------> nonSkippedChar
2021-11-21T23:53:18,083|[TRACE] script - #out(`t`) [token]
2021-11-21T23:53:18,083|[TRACE] graph - <------- nonSkippedChar
2021-11-21T23:53:18,083|[TRACE] graph - <----- statementPart
2021-11-21T23:53:18,083|[TRACE] graph - -----> statementPart
2021-11-21T23:53:18,083|[TRACE] graph - -------> nonSkippedChar
2021-11-21T23:53:18,083|[TRACE] script - #out(`f`) [token]
2021-11-21T23:53:18,083|[TRACE] graph - <------- nonSkippedChar
2021-11-21T23:53:18,083|[TRACE] graph - <----- statementPart
2021-11-21T23:53:18,083|[TRACE] graph - -----> statementPart
2021-11-21T23:53:18,083|[TRACE] graph - -------> nonSkippedChar
2021-11-21T23:53:18,083|[TRACE] script - #out(`8`) [token]
2021-11-21T23:53:18,083|[TRACE] graph - <------- nonSkippedChar
2021-11-21T23:53:18,083|[TRACE] graph - <----- statementPart
2021-11-21T23:53:18,083|[TRACE] graph - -----> statementPart
2021-11-21T23:53:18,083|[TRACE] graph - -------> nonSkippedChar
2021-11-21T23:53:18,083|[TRACE] script - #out(`m`) [token]
2021-11-21T23:53:18,083|[TRACE] graph - <------- nonSkippedChar
2021-11-21T23:53:18,083|[TRACE] graph - <----- statementPart
2021-11-21T23:53:18,083|[TRACE] graph - -----> statementPart
2021-11-21T23:53:18,083|[TRACE] graph - -------> nonSkippedChar
2021-11-21T23:53:18,083|[TRACE] script - #out(`b`) [token]
2021-11-21T23:53:18,084|[TRACE] graph - <------- nonSkippedChar
2021-11-21T23:53:18,084|[TRACE] graph - <----- statementPart
2021-11-21T23:53:18,084|[TRACE] graph - -----> statementPart
2021-11-21T23:53:18,084|[TRACE] graph - -------> nonSkippedChar
2021-11-21T23:53:18,084|[TRACE] script - #out(`4`) [token]
2021-11-21T23:53:18,084|[TRACE] graph - <------- nonSkippedChar
2021-11-21T23:53:18,084|[TRACE] graph - <----- statementPart
2021-11-21T23:53:18,084|[TRACE] graph - -----> statementPart
2021-11-21T23:53:18,084|[TRACE] graph - -------> nonSkippedChar
2021-11-21T23:53:18,084|[TRACE] script - #out(`_`) [token]
2021-11-21T23:53:18,084|[TRACE] graph - <------- nonSkippedChar
2021-11-21T23:53:18,084|[TRACE] graph - <----- statementPart
2021-11-21T23:53:18,084|[TRACE] graph - -----> statementPart
2021-11-21T23:53:18,084|[TRACE] graph - -------> nonSkippedChar
2021-11-21T23:53:18,084|[TRACE] script - #out(`0`) [token]
2021-11-21T23:53:18,084|[TRACE] graph - <------- nonSkippedChar
2021-11-21T23:53:18,084|[TRACE] graph - <----- statementPart
2021-11-21T23:53:18,084|[TRACE] graph - -----> statementPart
2021-11-21T23:53:18,084|[TRACE] graph - -------> nonSkippedChar
2021-11-21T23:53:18,084|[TRACE] script - #out(`9`) [token]
2021-11-21T23:53:18,084|[TRACE] graph - <------- nonSkippedChar
2021-11-21T23:53:18,084|[TRACE] graph - <----- statementPart
2021-11-21T23:53:18,084|[TRACE] graph - -----> statementPart
2021-11-21T23:53:18,084|[TRACE] graph - -------> nonSkippedChar
2021-11-21T23:53:18,084|[TRACE] script - #out(`0`) [token]
2021-11-21T23:53:18,084|[TRACE] graph - <------- nonSkippedChar
2021-11-21T23:53:18,084|[TRACE] graph - <----- statementPart
2021-11-21T23:53:18,084|[TRACE] graph - -----> statementPart
2021-11-21T23:53:18,084|[TRACE] graph - -------> nonSkippedChar
2021-11-21T23:53:18,084|[TRACE] script - #out(`0`) [token]
2021-11-21T23:53:18,084|[TRACE] graph - <------- nonSkippedChar
2021-11-21T23:53:18,084|[TRACE] graph - <----- statementPart
2021-11-21T23:53:18,084|[TRACE] graph - -----> statementPart
2021-11-21T23:53:18,084|[TRACE] graph - -------> nonSkippedChar
2021-11-21T23:53:18,084|[TRACE] script - #out(`_`) [token]
2021-11-21T23:53:18,084|[TRACE] graph - <------- nonSkippedChar
2021-11-21T23:53:18,084|[TRACE] graph - <----- statementPart
2021-11-21T23:53:18,084|[TRACE] graph - -----> statementPart
2021-11-21T23:53:18,084|[TRACE] graph - -------> nonSkippedChar
2021-11-21T23:53:18,084|[TRACE] script - #out(`a`) [token]
2021-11-21T23:53:18,084|[TRACE] graph - <------- nonSkippedChar
2021-11-21T23:53:18,084|[TRACE] graph - <----- statementPart
2021-11-21T23:53:18,084|[TRACE] graph - -----> statementPart
2021-11-21T23:53:18,084|[TRACE] graph - -------> nonSkippedChar
2021-11-21T23:53:18,084|[TRACE] script - #out(`i`) [token]
2021-11-21T23:53:18,084|[TRACE] graph - <------- nonSkippedChar
2021-11-21T23:53:18,084|[TRACE] graph - <----- statementPart
2021-11-21T23:53:18,084|[TRACE] graph - -----> statementPart
2021-11-21T23:53:18,084|[TRACE] graph - -------> nonSkippedChar
2021-11-21T23:53:18,084|[TRACE] script - #out(`_`) [token]
2021-11-21T23:53:18,084|[TRACE] graph - <------- nonSkippedChar
2021-11-21T23:53:18,084|[TRACE] graph - <----- statementPart
2021-11-21T23:53:18,084|[TRACE] graph - -----> statementPart
2021-11-21T23:53:18,084|[TRACE] graph - -------> nonSkippedChar
2021-11-21T23:53:18,084|[TRACE] script - #out(`c`) [token]
2021-11-21T23:53:18,084|[TRACE] graph - <------- nonSkippedChar
2021-11-21T23:53:18,084|[TRACE] graph - <----- statementPart
2021-11-21T23:53:18,084|[TRACE] graph - -----> statementPart
2021-11-21T23:53:18,084|[TRACE] graph - -------> nonSkippedChar
2021-11-21T23:53:18,084|[TRACE] script - #out(`i`) [token]
2021-11-21T23:53:18,084|[TRACE] graph - <------- nonSkippedChar
2021-11-21T23:53:18,084|[TRACE] graph - <----- statementPart
2021-11-21T23:53:18,084|[TRACE] graph - -----> statementPart
2021-11-21T23:53:18,084|[TRACE] graph - -------> nonSkippedSpace
2021-11-21T23:53:18,084|[TRACE] script - #out(` `) [token]
2021-11-21T23:53:18,084|[TRACE] graph - <------- nonSkippedSpace
2021-11-21T23:53:18,084|[TRACE] graph - <----- statementPart
2021-11-21T23:53:18,084|[DEBUG] graph - Import statement : CREATE SCHEMA IF NOT EXISTS `bloodbank` DEFAULT CHARACTER SET utf8mb4 COLLATE utf8mb4_0900_ai_ci
2021-11-21T23:53:18,084|[TRACE] graph - <--- statement
2021-11-21T23:53:18,084|[TRACE] graph - ---> blankSpacesToSkip
2021-11-21T23:53:18,084|[TRACE] graph - -----> newLineToSkip
2021-11-21T23:53:18,084|[TRACE] graph - <----- newLineToSkip
2021-11-21T23:53:18,084|[TRACE] graph - <--- blankSpacesToSkip
2021-11-21T23:53:18,084|[TRACE] graph - ---> statement
2021-11-21T23:53:18,084|[TRACE] graph - -----> statementFirstPart
2021-11-21T23:53:18,084|[TRACE] graph - -------> nonSkippedChar
2021-11-21T23:53:18,084|[TRACE] script - #out(`U`) [token]
2021-11-21T23:53:18,084|[TRACE] graph - <------- nonSkippedChar
2021-11-21T23:53:18,084|[TRACE] graph - <----- statementFirstPart
2021-11-21T23:53:18,084|[TRACE] graph - -----> statementPart
2021-11-21T23:53:18,084|[TRACE] graph - -------> nonSkippedChar
2021-11-21T23:53:18,084|[TRACE] script - #out(`S`) [token]
2021-11-21T23:53:18,084|[TRACE] graph - <------- nonSkippedChar
2021-11-21T23:53:18,084|[TRACE] graph - <----- statementPart
2021-11-21T23:53:18,084|[TRACE] graph - -----> statementPart
2021-11-21T23:53:18,084|[TRACE] graph - -------> nonSkippedChar
2021-11-21T23:53:18,084|[TRACE] script - #out(`E`) [token]
2021-11-21T23:53:18,084|[TRACE] graph - <------- nonSkippedChar
2021-11-21T23:53:18,084|[TRACE] graph - <----- statementPart
2021-11-21T23:53:18,084|[TRACE] graph - -----> statementPart
2021-11-21T23:53:18,084|[TRACE] graph - -------> nonSkippedSpace
2021-11-21T23:53:18,084|[TRACE] script - #out(` `) [token]
2021-11-21T23:53:18,084|[TRACE] graph - <------- nonSkippedSpace
2021-11-21T23:53:18,084|[TRACE] graph - <----- statementPart
2021-11-21T23:53:18,084|[TRACE] graph - -----> statementPart
2021-11-21T23:53:18,084|[TRACE] graph - -------> quotedString
2021-11-21T23:53:18,084|[TRACE] script - #out(``bloodbank``) [token]
2021-11-21T23:53:18,084|[TRACE] graph - <------- quotedString
2021-11-21T23:53:18,084|[TRACE] graph - <----- statementPart
2021-11-21T23:53:18,084|[TRACE] graph - -----> statementPart
2021-11-21T23:53:18,084|[TRACE] graph - -------> nonSkippedSpace
2021-11-21T23:53:18,084|[TRACE] script - #out(` `) [token]
2021-11-21T23:53:18,084|[TRACE] graph - <------- nonSkippedSpace
2021-11-21T23:53:18,084|[TRACE] graph - <----- statementPart
2021-11-21T23:53:18,084|[DEBUG] graph - Import statement : USE `bloodbank`
2021-11-21T23:53:18,084|[TRACE] graph - <--- statement
2021-11-21T23:53:18,084|[TRACE] graph - ---> blankSpacesToSkip
2021-11-21T23:53:18,084|[TRACE] graph - -----> newLineToSkip
2021-11-21T23:53:18,084|[TRACE] graph - <----- newLineToSkip
2021-11-21T23:53:18,084|[TRACE] graph - -----> newLineToSkip
2021-11-21T23:53:18,085|[TRACE] graph - <----- newLineToSkip
2021-11-21T23:53:18,085|[TRACE] graph - -----> newLineToSkip
2021-11-21T23:53:18,085|[TRACE] graph - <----- newLineToSkip
2021-11-21T23:53:18,085|[TRACE] graph - -----> newLineToSkip
2021-11-21T23:53:18,085|[TRACE] graph - <----- newLineToSkip
2021-11-21T23:53:18,085|[TRACE] graph - -----> newLineToSkip
2021-11-21T23:53:18,085|[TRACE] graph - <----- newLineToSkip
2021-11-21T23:53:18,085|[TRACE] graph - <--- blankSpacesToSkip
2021-11-21T23:53:18,085|[TRACE] graph - ---> statement
2021-11-21T23:53:18,085|[TRACE] graph - -----> statementFirstPart
2021-11-21T23:53:18,085|[TRACE] graph - -------> nonSkippedChar
2021-11-21T23:53:18,085|[TRACE] script - #out(`C`) [token]
2021-11-21T23:53:18,085|[TRACE] graph - <------- nonSkippedChar
2021-11-21T23:53:18,085|[TRACE] graph - <----- statementFirstPart
2021-11-21T23:53:18,085|[TRACE] graph - -----> statementPart
2021-11-21T23:53:18,085|[TRACE] graph - -------> nonSkippedChar
2021-11-21T23:53:18,085|[TRACE] script - #out(`R`) [token]
2021-11-21T23:53:18,085|[TRACE] graph - <------- nonSkippedChar
2021-11-21T23:53:18,085|[TRACE] graph - <----- statementPart
2021-11-21T23:53:18,085|[TRACE] graph - -----> statementPart
2021-11-21T23:53:18,085|[TRACE] graph - -------> nonSkippedChar
2021-11-21T23:53:18,085|[TRACE] script - #out(`E`) [token]
2021-11-21T23:53:18,085|[TRACE] graph - <------- nonSkippedChar
2021-11-21T23:53:18,085|[TRACE] graph - <----- statementPart
2021-11-21T23:53:18,085|[TRACE] graph - -----> statementPart
2021-11-21T23:53:18,085|[TRACE] graph - -------> nonSkippedChar
2021-11-21T23:53:18,085|[TRACE] script - #out(`A`) [token]
2021-11-21T23:53:18,085|[TRACE] graph - <------- nonSkippedChar
2021-11-21T23:53:18,085|[TRACE] graph - <----- statementPart
2021-11-21T23:53:18,085|[TRACE] graph - -----> statementPart
2021-11-21T23:53:18,085|[TRACE] graph - -------> nonSkippedChar
2021-11-21T23:53:18,085|[TRACE] script - #out(`T`) [token]
2021-11-21T23:53:18,085|[TRACE] graph - <------- nonSkippedChar
2021-11-21T23:53:18,085|[TRACE] graph - <----- statementPart
2021-11-21T23:53:18,085|[TRACE] graph - -----> statementPart
2021-11-21T23:53:18,085|[TRACE] graph - -------> nonSkippedChar
2021-11-21T23:53:18,085|[TRACE] script - #out(`E`) [token]
2021-11-21T23:53:18,085|[TRACE] graph - <------- nonSkippedChar
2021-11-21T23:53:18,085|[TRACE] graph - <----- statementPart
2021-11-21T23:53:18,085|[TRACE] graph - -----> statementPart
2021-11-21T23:53:18,085|[TRACE] graph - -------> nonSkippedSpace
2021-11-21T23:53:18,085|[TRACE] script - #out(` `) [token]
2021-11-21T23:53:18,085|[TRACE] graph - <------- nonSkippedSpace
2021-11-21T23:53:18,085|[TRACE] graph - <----- statementPart
2021-11-21T23:53:18,085|[TRACE] graph - -----> statementPart
2021-11-21T23:53:18,085|[TRACE] graph - -------> nonSkippedChar
2021-11-21T23:53:18,085|[TRACE] script - #out(`T`) [token]
2021-11-21T23:53:18,085|[TRACE] graph - <------- nonSkippedChar
2021-11-21T23:53:18,086|[TRACE] graph - <----- statementPart
2021-11-21T23:53:18,086|[TRACE] graph - -----> statementPart
2021-11-21T23:53:18,086|[TRACE] graph - -------> nonSkippedChar
2021-11-21T23:53:18,086|[TRACE] script - #out(`A`) [token]
2021-11-21T23:53:18,086|[TRACE] graph - <------- nonSkippedChar
2021-11-21T23:53:18,086|[TRACE] graph - <----- statementPart
2021-11-21T23:53:18,086|[TRACE] graph - -----> statementPart
2021-11-21T23:53:18,086|[TRACE] graph - -------> nonSkippedChar
2021-11-21T23:53:18,086|[TRACE] script - #out(`B`) [token]
2021-11-21T23:53:18,086|[TRACE] graph - <------- nonSkippedChar
2021-11-21T23:53:18,086|[TRACE] graph - <----- statementPart
2021-11-21T23:53:18,086|[TRACE] graph - -----> statementPart
2021-11-21T23:53:18,086|[TRACE] graph - -------> nonSkippedChar
2021-11-21T23:53:18,086|[TRACE] script - #out(`L`) [token]
2021-11-21T23:53:18,086|[TRACE] graph - <------- nonSkippedChar
2021-11-21T23:53:18,086|[TRACE] graph - <----- statementPart
2021-11-21T23:53:18,086|[TRACE] graph - -----> statementPart
2021-11-21T23:53:18,086|[TRACE] graph - -------> nonSkippedChar
2021-11-21T23:53:18,086|[TRACE] script - #out(`E`) [token]
2021-11-21T23:53:18,086|[TRACE] graph - <------- nonSkippedChar
2021-11-21T23:53:18,086|[TRACE] graph - <----- statementPart
2021-11-21T23:53:18,086|[TRACE] graph - -----> statementPart
2021-11-21T23:53:18,086|[TRACE] graph - -------> nonSkippedSpace
2021-11-21T23:53:18,086|[TRACE] script - #out(` `) [token]
2021-11-21T23:53:18,086|[TRACE] graph - <------- nonSkippedSpace
2021-11-21T23:53:18,086|[TRACE] graph - <----- statementPart
2021-11-21T23:53:18,086|[TRACE] graph - -----> statementPart
2021-11-21T23:53:18,086|[TRACE] graph - -------> nonSkippedChar
2021-11-21T23:53:18,086|[TRACE] script - #out(`I`) [token]
2021-11-21T23:53:18,086|[TRACE] graph - <------- nonSkippedChar
2021-11-21T23:53:18,086|[TRACE] graph - <----- statementPart
2021-11-21T23:53:18,086|[TRACE] graph - -----> statementPart
2021-11-21T23:53:18,086|[TRACE] graph - -------> nonSkippedChar
2021-11-21T23:53:18,086|[TRACE] script - #out(`F`) [token]
2021-11-21T23:53:18,086|[TRACE] graph - <------- nonSkippedChar
2021-11-21T23:53:18,086|[TRACE] graph - <----- statementPart
2021-11-21T23:53:18,086|[TRACE] graph - -----> statementPart
2021-11-21T23:53:18,086|[TRACE] graph - -------> nonSkippedSpace
2021-11-21T23:53:18,086|[TRACE] script - #out(` `) [token]
2021-11-21T23:53:18,086|[TRACE] graph - <------- nonSkippedSpace
2021-11-21T23:53:18,086|[TRACE] graph - <----- statementPart
2021-11-21T23:53:18,086|[TRACE] graph - -----> statementPart
2021-11-21T23:53:18,086|[TRACE] graph - -------> nonSkippedChar
2021-11-21T23:53:18,086|[TRACE] script - #out(`N`) [token]
2021-11-21T23:53:18,086|[TRACE] graph - <------- nonSkippedChar
2021-11-21T23:53:18,086|[TRACE] graph - <----- statementPart
2021-11-21T23:53:18,086|[TRACE] graph - -----> statementPart
2021-11-21T23:53:18,086|[TRACE] graph - -------> nonSkippedChar
2021-11-21T23:53:18,086|[TRACE] script - #out(`O`) [token]
2021-11-21T23:53:18,086|[TRACE] graph - <------- nonSkippedChar
2021-11-21T23:53:18,086|[TRACE] graph - <----- statementPart
2021-11-21T23:53:18,086|[TRACE] graph - -----> statementPart
2021-11-21T23:53:18,086|[TRACE] graph - -------> nonSkippedChar
2021-11-21T23:53:18,086|[TRACE] script - #out(`T`) [token]
2021-11-21T23:53:18,086|[TRACE] graph - <------- nonSkippedChar
2021-11-21T23:53:18,086|[TRACE] graph - <----- statementPart
2021-11-21T23:53:18,086|[TRACE] graph - -----> statementPart
2021-11-21T23:53:18,086|[TRACE] graph - -------> nonSkippedSpace
2021-11-21T23:53:18,086|[TRACE] script - #out(` `) [token]
2021-11-21T23:53:18,086|[TRACE] graph - <------- nonSkippedSpace
2021-11-21T23:53:18,086|[TRACE] graph - <----- statementPart
2021-11-21T23:53:18,086|[TRACE] graph - -----> statementPart
2021-11-21T23:53:18,086|[TRACE] graph - -------> nonSkippedChar
2021-11-21T23:53:18,086|[TRACE] script - #out(`E`) [token]
2021-11-21T23:53:18,086|[TRACE] graph - <------- nonSkippedChar
2021-11-21T23:53:18,086|[TRACE] graph - <----- statementPart
2021-11-21T23:53:18,086|[TRACE] graph - -----> statementPart
2021-11-21T23:53:18,086|[TRACE] graph - -------> nonSkippedChar
2021-11-21T23:53:18,086|[TRACE] script - #out(`X`) [token]
2021-11-21T23:53:18,086|[TRACE] graph - <------- nonSkippedChar
2021-11-21T23:53:18,086|[TRACE] graph - <----- statementPart
2021-11-21T23:53:18,086|[TRACE] graph - -----> statementPart
2021-11-21T23:53:18,086|[TRACE] graph - -------> nonSkippedChar
2021-11-21T23:53:18,086|[TRACE] script - #out(`I`) [token]
2021-11-21T23:53:18,086|[TRACE] graph - <------- nonSkippedChar
2021-11-21T23:53:18,086|[TRACE] graph - <----- statementPart
2021-11-21T23:53:18,086|[TRACE] graph - -----> statementPart
2021-11-21T23:53:18,086|[TRACE] graph - -------> nonSkippedChar
2021-11-21T23:53:18,086|[TRACE] script - #out(`S`) [token]
2021-11-21T23:53:18,086|[TRACE] graph - <------- nonSkippedChar
2021-11-21T23:53:18,087|[TRACE] graph - <----- statementPart
2021-11-21T23:53:18,087|[TRACE] graph - -----> statementPart
2021-11-21T23:53:18,087|[TRACE] graph - -------> nonSkippedChar
2021-11-21T23:53:18,087|[TRACE] script - #out(`T`) [token]
2021-11-21T23:53:18,087|[TRACE] graph - <------- nonSkippedChar
2021-11-21T23:53:18,087|[TRACE] graph - <----- statementPart
2021-11-21T23:53:18,087|[TRACE] graph - -----> statementPart
2021-11-21T23:53:18,087|[TRACE] graph - -------> nonSkippedChar
2021-11-21T23:53:18,087|[TRACE] script - #out(`S`) [token]
2021-11-21T23:53:18,087|[TRACE] graph - <------- nonSkippedChar
2021-11-21T23:53:18,087|[TRACE] graph - <----- statementPart
2021-11-21T23:53:18,087|[TRACE] graph - -----> statementPart
2021-11-21T23:53:18,087|[TRACE] graph - -------> nonSkippedSpace
2021-11-21T23:53:18,087|[TRACE] script - #out(` `) [token]
2021-11-21T23:53:18,087|[TRACE] graph - <------- nonSkippedSpace
2021-11-21T23:53:18,087|[TRACE] graph - <----- statementPart
2021-11-21T23:53:18,087|[TRACE] graph - -----> statementPart
2021-11-21T23:53:18,087|[TRACE] graph - -------> quotedString
2021-11-21T23:53:18,087|[TRACE] script - #out(``bloodbank``) [token]
2021-11-21T23:53:18,087|[TRACE] graph - <------- quotedString
2021-11-21T23:53:18,087|[TRACE] graph - <----- statementPart
2021-11-21T23:53:18,087|[TRACE] graph - -----> statementPart
2021-11-21T23:53:18,087|[TRACE] graph - -------> nonSkippedChar
2021-11-21T23:53:18,087|[TRACE] script - #out(`.`) [token]
2021-11-21T23:53:18,087|[TRACE] graph - <------- nonSkippedChar
2021-11-21T23:53:18,087|[TRACE] graph - <----- statementPart
2021-11-21T23:53:18,087|[TRACE] graph - -----> statementPart
2021-11-21T23:53:18,087|[TRACE] graph - -------> quotedString
2021-11-21T23:53:18,087|[TRACE] script - #out(``person``) [token]
2021-11-21T23:53:18,087|[TRACE] graph - <------- quotedString
2021-11-21T23:53:18,087|[TRACE] graph - <----- statementPart
2021-11-21T23:53:18,087|[TRACE] graph - -----> statementPart
2021-11-21T23:53:18,087|[TRACE] graph - -------> nonSkippedSpace
2021-11-21T23:53:18,087|[TRACE] script - #out(` `) [token]
2021-11-21T23:53:18,087|[TRACE] graph - <------- nonSkippedSpace
2021-11-21T23:53:18,087|[TRACE] graph - <----- statementPart
2021-11-21T23:53:18,087|[TRACE] graph - -----> statementPart
2021-11-21T23:53:18,087|[TRACE] graph - -------> nonSkippedChar
2021-11-21T23:53:18,087|[TRACE] script - #out(`(`) [token]
2021-11-21T23:53:18,087|[TRACE] graph - <------- nonSkippedChar
2021-11-21T23:53:18,087|[TRACE] graph - <----- statementPart
2021-11-21T23:53:18,087|[TRACE] graph - -----> afterStatementPartNewline
2021-11-21T23:53:18,087|[TRACE] script - #out(` `) [text]
2021-11-21T23:53:18,087|[TRACE] graph - <----- afterStatementPartNewline
2021-11-21T23:53:18,087|[TRACE] graph - -----> statementPart
2021-11-21T23:53:18,087|[TRACE] graph - -------> nonSkippedSpace
2021-11-21T23:53:18,087|[TRACE] script - #out(` `) [token]
2021-11-21T23:53:18,087|[TRACE] graph - <------- nonSkippedSpace
2021-11-21T23:53:18,087|[TRACE] graph - <----- statementPart
2021-11-21T23:53:18,087|[TRACE] graph - -----> statementPart
2021-11-21T23:53:18,087|[TRACE] graph - -------> nonSkippedSpace
2021-11-21T23:53:18,087|[TRACE] script - #out(` `) [token]
2021-11-21T23:53:18,087|[TRACE] graph - <------- nonSkippedSpace
2021-11-21T23:53:18,087|[TRACE] graph - <----- statementPart
2021-11-21T23:53:18,087|[TRACE] graph - -----> statementPart
2021-11-21T23:53:18,087|[TRACE] graph - -------> quotedString
2021-11-21T23:53:18,087|[TRACE] script - #out(``id``) [token]
2021-11-21T23:53:18,087|[TRACE] graph - <------- quotedString
2021-11-21T23:53:18,087|[TRACE] graph - <----- statementPart
2021-11-21T23:53:18,087|[TRACE] graph - -----> statementPart
2021-11-21T23:53:18,087|[TRACE] graph - -------> nonSkippedSpace
2021-11-21T23:53:18,087|[TRACE] script - #out(` `) [token]
2021-11-21T23:53:18,087|[TRACE] graph - <------- nonSkippedSpace
2021-11-21T23:53:18,087|[TRACE] graph - <----- statementPart
2021-11-21T23:53:18,087|[TRACE] graph - -----> statementPart
2021-11-21T23:53:18,087|[TRACE] graph - -------> nonSkippedChar
2021-11-21T23:53:18,087|[TRACE] script - #out(`I`) [token]
2021-11-21T23:53:18,087|[TRACE] graph - <------- nonSkippedChar
2021-11-21T23:53:18,087|[TRACE] graph - <----- statementPart
2021-11-21T23:53:18,087|[TRACE] graph - -----> statementPart
2021-11-21T23:53:18,087|[TRACE] graph - -------> nonSkippedChar
2021-11-21T23:53:18,087|[TRACE] script - #out(`N`) [token]
2021-11-21T23:53:18,087|[TRACE] graph - <------- nonSkippedChar
2021-11-21T23:53:18,087|[TRACE] graph - <----- statementPart
2021-11-21T23:53:18,087|[TRACE] graph - -----> statementPart
2021-11-21T23:53:18,087|[TRACE] graph - -------> nonSkippedChar
2021-11-21T23:53:18,087|[TRACE] script - #out(`T`) [token]
2021-11-21T23:53:18,087|[TRACE] graph - <------- nonSkippedChar
2021-11-21T23:53:18,087|[TRACE] graph - <----- statementPart
2021-11-21T23:53:18,087|[TRACE] graph - -----> statementPart
2021-11-21T23:53:18,087|[TRACE] graph - -------> nonSkippedSpace
2021-11-21T23:53:18,087|[TRACE] script - #out(` `) [token]
2021-11-21T23:53:18,087|[TRACE] graph - <------- nonSkippedSpace
2021-11-21T23:53:18,087|[TRACE] graph - <----- statementPart
2021-11-21T23:53:18,087|[TRACE] graph - -----> statementPart
2021-11-21T23:53:18,087|[TRACE] graph - -------> nonSkippedChar
2021-11-21T23:53:18,087|[TRACE] script - #out(`N`) [token]
2021-11-21T23:53:18,087|[TRACE] graph - <------- nonSkippedChar
2021-11-21T23:53:18,087|[TRACE] graph - <----- statementPart
2021-11-21T23:53:18,087|[TRACE] graph - -----> statementPart
2021-11-21T23:53:18,087|[TRACE] graph - -------> nonSkippedChar
2021-11-21T23:53:18,087|[TRACE] script - #out(`O`) [token]
2021-11-21T23:53:18,087|[TRACE] graph - <------- nonSkippedChar
2021-11-21T23:53:18,087|[TRACE] graph - <----- statementPart
2021-11-21T23:53:18,087|[TRACE] graph - -----> statementPart
2021-11-21T23:53:18,087|[TRACE] graph - -------> nonSkippedChar
2021-11-21T23:53:18,087|[TRACE] script - #out(`T`) [token]
2021-11-21T23:53:18,087|[TRACE] graph - <------- nonSkippedChar
2021-11-21T23:53:18,087|[TRACE] graph - <----- statementPart
2021-11-21T23:53:18,087|[TRACE] graph - -----> statementPart
2021-11-21T23:53:18,087|[TRACE] graph - -------> nonSkippedSpace
2021-11-21T23:53:18,087|[TRACE] script - #out(` `) [token]
2021-11-21T23:53:18,088|[TRACE] graph - <------- nonSkippedSpace
2021-11-21T23:53:18,088|[TRACE] graph - <----- statementPart
2021-11-21T23:53:18,088|[TRACE] graph - -----> statementPart
2021-11-21T23:53:18,088|[TRACE] graph - -------> nonSkippedChar
2021-11-21T23:53:18,088|[TRACE] script - #out(`N`) [token]
2021-11-21T23:53:18,088|[TRACE] graph - <------- nonSkippedChar
2021-11-21T23:53:18,088|[TRACE] graph - <----- statementPart
2021-11-21T23:53:18,088|[TRACE] graph - -----> statementPart
2021-11-21T23:53:18,088|[TRACE] graph - -------> nonSkippedChar
2021-11-21T23:53:18,088|[TRACE] script - #out(`U`) [token]
2021-11-21T23:53:18,088|[TRACE] graph - <------- nonSkippedChar
2021-11-21T23:53:18,088|[TRACE] graph - <----- statementPart
2021-11-21T23:53:18,088|[TRACE] graph - -----> statementPart
2021-11-21T23:53:18,088|[TRACE] graph - -------> nonSkippedChar
2021-11-21T23:53:18,088|[TRACE] script - #out(`L`) [token]
2021-11-21T23:53:18,088|[TRACE] graph - <------- nonSkippedChar
2021-11-21T23:53:18,088|[TRACE] graph - <----- statementPart
2021-11-21T23:53:18,088|[TRACE] graph - -----> statementPart
2021-11-21T23:53:18,088|[TRACE] graph - -------> nonSkippedChar
2021-11-21T23:53:18,088|[TRACE] script - #out(`L`) [token]
2021-11-21T23:53:18,088|[TRACE] graph - <------- nonSkippedChar
2021-11-21T23:53:18,088|[TRACE] graph - <----- statementPart
2021-11-21T23:53:18,088|[TRACE] graph - -----> statementPart
2021-11-21T23:53:18,088|[TRACE] graph - -------> nonSkippedSpace
2021-11-21T23:53:18,088|[TRACE] script - #out(` `) [token]
2021-11-21T23:53:18,088|[TRACE] graph - <------- nonSkippedSpace
2021-11-21T23:53:18,088|[TRACE] graph - <----- statementPart
2021-11-21T23:53:18,088|[TRACE] graph - -----> statementPart
2021-11-21T23:53:18,088|[TRACE] graph - -------> nonSkippedChar
2021-11-21T23:53:18,088|[TRACE] script - #out(`A`) [token]
2021-11-21T23:53:18,088|[TRACE] graph - <------- nonSkippedChar
2021-11-21T23:53:18,088|[TRACE] graph - <----- statementPart
2021-11-21T23:53:18,088|[TRACE] graph - -----> statementPart
2021-11-21T23:53:18,088|[TRACE] graph - -------> nonSkippedChar
2021-11-21T23:53:18,088|[TRACE] script - #out(`U`) [token]
2021-11-21T23:53:18,088|[TRACE] graph - <------- nonSkippedChar
2021-11-21T23:53:18,088|[TRACE] graph - <----- statementPart
2021-11-21T23:53:18,088|[TRACE] graph - -----> statementPart
2021-11-21T23:53:18,088|[TRACE] graph - -------> nonSkippedChar
2021-11-21T23:53:18,088|[TRACE] script - #out(`T`) [token]
2021-11-21T23:53:18,088|[TRACE] graph - <------- nonSkippedChar
2021-11-21T23:53:18,088|[TRACE] graph - <----- statementPart
2021-11-21T23:53:18,088|[TRACE] graph - -----> statementPart
2021-11-21T23:53:18,088|[TRACE] graph - -------> nonSkippedChar
2021-11-21T23:53:18,088|[TRACE] script - #out(`O`) [token]
2021-11-21T23:53:18,088|[TRACE] graph - <------- nonSkippedChar
2021-11-21T23:53:18,088|[TRACE] graph - <----- statementPart
2021-11-21T23:53:18,088|[TRACE] graph - -----> statementPart
2021-11-21T23:53:18,088|[TRACE] graph - -------> nonSkippedChar
2021-11-21T23:53:18,088|[TRACE] script - #out(`_`) [token]
2021-11-21T23:53:18,088|[TRACE] graph - <------- nonSkippedChar
2021-11-21T23:53:18,088|[TRACE] graph - <----- statementPart
2021-11-21T23:53:18,088|[TRACE] graph - -----> statementPart
2021-11-21T23:53:18,088|[TRACE] graph - -------> nonSkippedChar
2021-11-21T23:53:18,088|[TRACE] script - #out(`I`) [token]
2021-11-21T23:53:18,088|[TRACE] graph - <------- nonSkippedChar
2021-11-21T23:53:18,088|[TRACE] graph - <----- statementPart
2021-11-21T23:53:18,088|[TRACE] graph - -----> statementPart
2021-11-21T23:53:18,088|[TRACE] graph - -------> nonSkippedChar
2021-11-21T23:53:18,088|[TRACE] script - #out(`N`) [token]
2021-11-21T23:53:18,088|[TRACE] graph - <------- nonSkippedChar
2021-11-21T23:53:18,088|[TRACE] graph - <----- statementPart
2021-11-21T23:53:18,088|[TRACE] graph - -----> statementPart
2021-11-21T23:53:18,088|[TRACE] graph - -------> nonSkippedChar
2021-11-21T23:53:18,088|[TRACE] script - #out(`C`) [token]
2021-11-21T23:53:18,088|[TRACE] graph - <------- nonSkippedChar
2021-11-21T23:53:18,088|[TRACE] graph - <----- statementPart
2021-11-21T23:53:18,088|[TRACE] graph - -----> statementPart
2021-11-21T23:53:18,088|[TRACE] graph - -------> nonSkippedChar
2021-11-21T23:53:18,088|[TRACE] script - #out(`R`) [token]
2021-11-21T23:53:18,088|[TRACE] graph - <------- nonSkippedChar
2021-11-21T23:53:18,088|[TRACE] graph - <----- statementPart
2021-11-21T23:53:18,088|[TRACE] graph - -----> statementPart
2021-11-21T23:53:18,088|[TRACE] graph - -------> nonSkippedChar
2021-11-21T23:53:18,088|[TRACE] script - #out(`E`) [token]
2021-11-21T23:53:18,088|[TRACE] graph - <------- nonSkippedChar
2021-11-21T23:53:18,088|[TRACE] graph - <----- statementPart
2021-11-21T23:53:18,088|[TRACE] graph - -----> statementPart
2021-11-21T23:53:18,088|[TRACE] graph - -------> nonSkippedChar
2021-11-21T23:53:18,088|[TRACE] script - #out(`M`) [token]
2021-11-21T23:53:18,088|[TRACE] graph - <------- nonSkippedChar
2021-11-21T23:53:18,088|[TRACE] graph - <----- statementPart
2021-11-21T23:53:18,088|[TRACE] graph - -----> statementPart
2021-11-21T23:53:18,088|[TRACE] graph - -------> nonSkippedChar
2021-11-21T23:53:18,088|[TRACE] script - #out(`E`) [token]
2021-11-21T23:53:18,088|[TRACE] graph - <------- nonSkippedChar
2021-11-21T23:53:18,088|[TRACE] graph - <----- statementPart
2021-11-21T23:53:18,088|[TRACE] graph - -----> statementPart
2021-11-21T23:53:18,088|[TRACE] graph - -------> nonSkippedChar
2021-11-21T23:53:18,088|[TRACE] script - #out(`N`) [token]
2021-11-21T23:53:18,088|[TRACE] graph - <------- nonSkippedChar
2021-11-21T23:53:18,088|[TRACE] graph - <----- statementPart
2021-11-21T23:53:18,088|[TRACE] graph - -----> statementPart
2021-11-21T23:53:18,088|[TRACE] graph - -------> nonSkippedChar
2021-11-21T23:53:18,088|[TRACE] script - #out(`T`) [token]
2021-11-21T23:53:18,088|[TRACE] graph - <------- nonSkippedChar
2021-11-21T23:53:18,088|[TRACE] graph - <----- statementPart
2021-11-21T23:53:18,088|[TRACE] graph - -----> statementPart
2021-11-21T23:53:18,088|[TRACE] graph - -------> nonSkippedChar
2021-11-21T23:53:18,088|[TRACE] script - #out(`,`) [token]
2021-11-21T23:53:18,088|[TRACE] graph - <------- nonSkippedChar
2021-11-21T23:53:18,088|[TRACE] graph - <----- statementPart
2021-11-21T23:53:18,088|[TRACE] graph - -----> afterStatementPartNewline
2021-11-21T23:53:18,088|[TRACE] script - #out(` `) [text]
2021-11-21T23:53:18,088|[TRACE] graph - <----- afterStatementPartNewline
2021-11-21T23:53:18,088|[TRACE] graph - -----> statementPart
2021-11-21T23:53:18,088|[TRACE] graph - -------> nonSkippedSpace
2021-11-21T23:53:18,088|[TRACE] script - #out(` `) [token]
2021-11-21T23:53:18,088|[TRACE] graph - <------- nonSkippedSpace
2021-11-21T23:53:18,088|[TRACE] graph - <----- statementPart
2021-11-21T23:53:18,088|[TRACE] graph - -----> statementPart
2021-11-21T23:53:18,088|[TRACE] graph - -------> nonSkippedSpace
2021-11-21T23:53:18,088|[TRACE] script - #out(` `) [token]
2021-11-21T23:53:18,088|[TRACE] graph - <------- nonSkippedSpace
2021-11-21T23:53:18,088|[TRACE] graph - <----- statementPart
2021-11-21T23:53:18,088|[TRACE] graph - -----> statementPart
2021-11-21T23:53:18,089|[TRACE] graph - -------> quotedString
2021-11-21T23:53:18,089|[TRACE] script - #out(``first_name``) [token]
2021-11-21T23:53:18,089|[TRACE] graph - <------- quotedString
2021-11-21T23:53:18,089|[TRACE] graph - <----- statementPart
2021-11-21T23:53:18,089|[TRACE] graph - -----> statementPart
2021-11-21T23:53:18,089|[TRACE] graph - -------> nonSkippedSpace
2021-11-21T23:53:18,089|[TRACE] script - #out(` `) [token]
2021-11-21T23:53:18,089|[TRACE] graph - <------- nonSkippedSpace
2021-11-21T23:53:18,089|[TRACE] graph - <----- statementPart
2021-11-21T23:53:18,089|[TRACE] graph - -----> statementPart
2021-11-21T23:53:18,089|[TRACE] graph - -------> nonSkippedChar
2021-11-21T23:53:18,089|[TRACE] script - #out(`V`) [token]
2021-11-21T23:53:18,089|[TRACE] graph - <------- nonSkippedChar
2021-11-21T23:53:18,089|[TRACE] graph - <----- statementPart
2021-11-21T23:53:18,089|[TRACE] graph - -----> statementPart
2021-11-21T23:53:18,089|[TRACE] graph - -------> nonSkippedChar
2021-11-21T23:53:18,089|[TRACE] script - #out(`A`) [token]
2021-11-21T23:53:18,089|[TRACE] graph - <------- nonSkippedChar
2021-11-21T23:53:18,089|[TRACE] graph - <----- statementPart
2021-11-21T23:53:18,089|[TRACE] graph - -----> statementPart
2021-11-21T23:53:18,089|[TRACE] graph - -------> nonSkippedChar
2021-11-21T23:53:18,089|[TRACE] script - #out(`R`) [token]
2021-11-21T23:53:18,089|[TRACE] graph - <------- nonSkippedChar
2021-11-21T23:53:18,089|[TRACE] graph - <----- statementPart
2021-11-21T23:53:18,089|[TRACE] graph - -----> statementPart
2021-11-21T23:53:18,089|[TRACE] graph - -------> nonSkippedChar
2021-11-21T23:53:18,089|[TRACE] script - #out(`C`) [token]
2021-11-21T23:53:18,089|[TRACE] graph - <------- nonSkippedChar
2021-11-21T23:53:18,089|[TRACE] graph - <----- statementPart
2021-11-21T23:53:18,089|[TRACE] graph - -----> statementPart
2021-11-21T23:53:18,089|[TRACE] graph - -------> nonSkippedChar
2021-11-21T23:53:18,089|[TRACE] script - #out(`H`) [token]
2021-11-21T23:53:18,089|[TRACE] graph - <------- nonSkippedChar
2021-11-21T23:53:18,089|[TRACE] graph - <----- statementPart
2021-11-21T23:53:18,089|[TRACE] graph - -----> statementPart
2021-11-21T23:53:18,089|[TRACE] graph - -------> nonSkippedChar
2021-11-21T23:53:18,089|[TRACE] script - #out(`A`) [token]
2021-11-21T23:53:18,089|[TRACE] graph - <------- nonSkippedChar
2021-11-21T23:53:18,089|[TRACE] graph - <----- statementPart
2021-11-21T23:53:18,089|[TRACE] graph - -----> statementPart
2021-11-21T23:53:18,089|[TRACE] graph - -------> nonSkippedChar
2021-11-21T23:53:18,089|[TRACE] script - #out(`R`) [token]
2021-11-21T23:53:18,089|[TRACE] graph - <------- nonSkippedChar
2021-11-21T23:53:18,089|[TRACE] graph - <----- statementPart
2021-11-21T23:53:18,089|[TRACE] graph - -----> statementPart
2021-11-21T23:53:18,089|[TRACE] graph - -------> nonSkippedChar
2021-11-21T23:53:18,089|[TRACE] script - #out(`(`) [token]
2021-11-21T23:53:18,089|[TRACE] graph - <------- nonSkippedChar
2021-11-21T23:53:18,089|[TRACE] graph - <----- statementPart
2021-11-21T23:53:18,089|[TRACE] graph - -----> statementPart
2021-11-21T23:53:18,089|[TRACE] graph - -------> nonSkippedChar
2021-11-21T23:53:18,089|[TRACE] script - #out(`5`) [token]
2021-11-21T23:53:18,089|[TRACE] graph - <------- nonSkippedChar
2021-11-21T23:53:18,089|[TRACE] graph - <----- statementPart
2021-11-21T23:53:18,089|[TRACE] graph - -----> statementPart
2021-11-21T23:53:18,089|[TRACE] graph - -------> nonSkippedChar
2021-11-21T23:53:18,089|[TRACE] script - #out(`0`) [token]
2021-11-21T23:53:18,089|[TRACE] graph - <------- nonSkippedChar
2021-11-21T23:53:18,089|[TRACE] graph - <----- statementPart
2021-11-21T23:53:18,089|[TRACE] graph - -----> statementPart
2021-11-21T23:53:18,089|[TRACE] graph - -------> nonSkippedChar
2021-11-21T23:53:18,089|[TRACE] script - #out(`)`) [token]
2021-11-21T23:53:18,089|[TRACE] graph - <------- nonSkippedChar
2021-11-21T23:53:18,089|[TRACE] graph - <----- statementPart
2021-11-21T23:53:18,089|[TRACE] graph - -----> statementPart
2021-11-21T23:53:18,089|[TRACE] graph - -------> nonSkippedSpace
2021-11-21T23:53:18,089|[TRACE] script - #out(` `) [token]
2021-11-21T23:53:18,089|[TRACE] graph - <------- nonSkippedSpace
2021-11-21T23:53:18,089|[TRACE] graph - <----- statementPart
2021-11-21T23:53:18,089|[TRACE] graph - -----> statementPart
2021-11-21T23:53:18,089|[TRACE] graph - -------> nonSkippedChar
2021-11-21T23:53:18,089|[TRACE] script - #out(`N`) [token]
2021-11-21T23:53:18,089|[TRACE] graph - <------- nonSkippedChar
2021-11-21T23:53:18,089|[TRACE] graph - <----- statementPart
2021-11-21T23:53:18,089|[TRACE] graph - -----> statementPart
2021-11-21T23:53:18,089|[TRACE] graph - -------> nonSkippedChar
2021-11-21T23:53:18,089|[TRACE] script - #out(`O`) [token]
2021-11-21T23:53:18,089|[TRACE] graph - <------- nonSkippedChar
2021-11-21T23:53:18,089|[TRACE] graph - <----- statementPart
2021-11-21T23:53:18,089|[TRACE] graph - -----> statementPart
2021-11-21T23:53:18,089|[TRACE] graph - -------> nonSkippedChar
2021-11-21T23:53:18,089|[TRACE] script - #out(`T`) [token]
2021-11-21T23:53:18,089|[TRACE] graph - <------- nonSkippedChar
2021-11-21T23:53:18,089|[TRACE] graph - <----- statementPart
2021-11-21T23:53:18,089|[TRACE] graph - -----> statementPart
2021-11-21T23:53:18,089|[TRACE] graph - -------> nonSkippedSpace
2021-11-21T23:53:18,089|[TRACE] script - #out(` `) [token]
2021-11-21T23:53:18,089|[TRACE] graph - <------- nonSkippedSpace
2021-11-21T23:53:18,089|[TRACE] graph - <----- statementPart
2021-11-21T23:53:18,089|[TRACE] graph - -----> statementPart
2021-11-21T23:53:18,089|[TRACE] graph - -------> nonSkippedChar
2021-11-21T23:53:18,089|[TRACE] script - #out(`N`) [token]
2021-11-21T23:53:18,089|[TRACE] graph - <------- nonSkippedChar
2021-11-21T23:53:18,089|[TRACE] graph - <----- statementPart
2021-11-21T23:53:18,089|[TRACE] graph - -----> statementPart
2021-11-21T23:53:18,089|[TRACE] graph - -------> nonSkippedChar
2021-11-21T23:53:18,089|[TRACE] script - #out(`U`) [token]
2021-11-21T23:53:18,089|[TRACE] graph - <------- nonSkippedChar
2021-11-21T23:53:18,089|[TRACE] graph - <----- statementPart
2021-11-21T23:53:18,089|[TRACE] graph - -----> statementPart
2021-11-21T23:53:18,089|[TRACE] graph - -------> nonSkippedChar
2021-11-21T23:53:18,089|[TRACE] script - #out(`L`) [token]
2021-11-21T23:53:18,089|[TRACE] graph - <------- nonSkippedChar
2021-11-21T23:53:18,089|[TRACE] graph - <----- statementPart
2021-11-21T23:53:18,089|[TRACE] graph - -----> statementPart
2021-11-21T23:53:18,089|[TRACE] graph - -------> nonSkippedChar
2021-11-21T23:53:18,089|[TRACE] script - #out(`L`) [token]
2021-11-21T23:53:18,089|[TRACE] graph - <------- nonSkippedChar
2021-11-21T23:53:18,089|[TRACE] graph - <----- statementPart
2021-11-21T23:53:18,089|[TRACE] graph - -----> statementPart
2021-11-21T23:53:18,089|[TRACE] graph - -------> nonSkippedChar
2021-11-21T23:53:18,089|[TRACE] script - #out(`,`) [token]
2021-11-21T23:53:18,089|[TRACE] graph - <------- nonSkippedChar
2021-11-21T23:53:18,089|[TRACE] graph - <----- statementPart
2021-11-21T23:53:18,089|[TRACE] graph - -----> afterStatementPartNewline
2021-11-21T23:53:18,089|[TRACE] script - #out(` `) [text]
2021-11-21T23:53:18,089|[TRACE] graph - <----- afterStatementPartNewline
2021-11-21T23:53:18,089|[TRACE] graph - -----> statementPart
2021-11-21T23:53:18,089|[TRACE] graph - -------> nonSkippedSpace
2021-11-21T23:53:18,090|[TRACE] script - #out(` `) [token]
2021-11-21T23:53:18,090|[TRACE] graph - <------- nonSkippedSpace
2021-11-21T23:53:18,090|[TRACE] graph - <----- statementPart
2021-11-21T23:53:18,090|[TRACE] graph - -----> statementPart
2021-11-21T23:53:18,090|[TRACE] graph - -------> nonSkippedSpace
2021-11-21T23:53:18,090|[TRACE] script - #out(` `) [token]
2021-11-21T23:53:18,090|[TRACE] graph - <------- nonSkippedSpace
2021-11-21T23:53:18,090|[TRACE] graph - <----- statementPart
2021-11-21T23:53:18,090|[TRACE] graph - -----> statementPart
2021-11-21T23:53:18,090|[TRACE] graph - -------> quotedString
2021-11-21T23:53:18,090|[TRACE] script - #out(``last_name``) [token]
2021-11-21T23:53:18,090|[TRACE] graph - <------- quotedString
2021-11-21T23:53:18,090|[TRACE] graph - <----- statementPart
2021-11-21T23:53:18,090|[TRACE] graph - -----> statementPart
2021-11-21T23:53:18,090|[TRACE] graph - -------> nonSkippedSpace
2021-11-21T23:53:18,090|[TRACE] script - #out(` `) [token]
2021-11-21T23:53:18,090|[TRACE] graph - <------- nonSkippedSpace
2021-11-21T23:53:18,090|[TRACE] graph - <----- statementPart
2021-11-21T23:53:18,090|[TRACE] graph - -----> statementPart
2021-11-21T23:53:18,090|[TRACE] graph - -------> nonSkippedChar
2021-11-21T23:53:18,090|[TRACE] script - #out(`V`) [token]
2021-11-21T23:53:18,090|[TRACE] graph - <------- nonSkippedChar
2021-11-21T23:53:18,090|[TRACE] graph - <----- statementPart
2021-11-21T23:53:18,090|[TRACE] graph - -----> statementPart
2021-11-21T23:53:18,090|[TRACE] graph - -------> nonSkippedChar
2021-11-21T23:53:18,090|[TRACE] script - #out(`A`) [token]
2021-11-21T23:53:18,090|[TRACE] graph - <------- nonSkippedChar
2021-11-21T23:53:18,090|[TRACE] graph - <----- statementPart
2021-11-21T23:53:18,090|[TRACE] graph - -----> statementPart
2021-11-21T23:53:18,090|[TRACE] graph - -------> nonSkippedChar
2021-11-21T23:53:18,090|[TRACE] script - #out(`R`) [token]
2021-11-21T23:53:18,090|[TRACE] graph - <------- nonSkippedChar
2021-11-21T23:53:18,090|[TRACE] graph - <----- statementPart
2021-11-21T23:53:18,090|[TRACE] graph - -----> statementPart
2021-11-21T23:53:18,090|[TRACE] graph - -------> nonSkippedChar
2021-11-21T23:53:18,090|[TRACE] script - #out(`C`) [token]
2021-11-21T23:53:18,090|[TRACE] graph - <------- nonSkippedChar
2021-11-21T23:53:18,090|[TRACE] graph - <----- statementPart
2021-11-21T23:53:18,090|[TRACE] graph - -----> statementPart
2021-11-21T23:53:18,090|[TRACE] graph - -------> nonSkippedChar
2021-11-21T23:53:18,090|[TRACE] script - #out(`H`) [token]
2021-11-21T23:53:18,090|[TRACE] graph - <------- nonSkippedChar
2021-11-21T23:53:18,090|[TRACE] graph - <----- statementPart
2021-11-21T23:53:18,090|[TRACE] graph - -----> statementPart
2021-11-21T23:53:18,090|[TRACE] graph - -------> nonSkippedChar
2021-11-21T23:53:18,090|[TRACE] script - #out(`A`) [token]
2021-11-21T23:53:18,090|[TRACE] graph - <------- nonSkippedChar
2021-11-21T23:53:18,090|[TRACE] graph - <----- statementPart
2021-11-21T23:53:18,090|[TRACE] graph - -----> statementPart
2021-11-21T23:53:18,090|[TRACE] graph - -------> nonSkippedChar
2021-11-21T23:53:18,090|[TRACE] script - #out(`R`) [token]
2021-11-21T23:53:18,090|[TRACE] graph - <------- nonSkippedChar
2021-11-21T23:53:18,090|[TRACE] graph - <----- statementPart
2021-11-21T23:53:18,090|[TRACE] graph - -----> statementPart
2021-11-21T23:53:18,090|[TRACE] graph - -------> nonSkippedChar
2021-11-21T23:53:18,090|[TRACE] script - #out(`(`) [token]
2021-11-21T23:53:18,090|[TRACE] graph - <------- nonSkippedChar
2021-11-21T23:53:18,090|[TRACE] graph - <----- statementPart
2021-11-21T23:53:18,090|[TRACE] graph - -----> statementPart
2021-11-21T23:53:18,090|[TRACE] graph - -------> nonSkippedChar
2021-11-21T23:53:18,090|[TRACE] script - #out(`5`) [token]
2021-11-21T23:53:18,090|[TRACE] graph - <------- nonSkippedChar
2021-11-21T23:53:18,090|[TRACE] graph - <----- statementPart
2021-11-21T23:53:18,090|[TRACE] graph - -----> statementPart
2021-11-21T23:53:18,090|[TRACE] graph - -------> nonSkippedChar
2021-11-21T23:53:18,090|[TRACE] script - #out(`0`) [token]
2021-11-21T23:53:18,090|[TRACE] graph - <------- nonSkippedChar
2021-11-21T23:53:18,090|[TRACE] graph - <----- statementPart
2021-11-21T23:53:18,090|[TRACE] graph - -----> statementPart
2021-11-21T23:53:18,090|[TRACE] graph - -------> nonSkippedChar
2021-11-21T23:53:18,090|[TRACE] script - #out(`)`) [token]
2021-11-21T23:53:18,090|[TRACE] graph - <------- nonSkippedChar
2021-11-21T23:53:18,090|[TRACE] graph - <----- statementPart
2021-11-21T23:53:18,090|[TRACE] graph - -----> statementPart
2021-11-21T23:53:18,090|[TRACE] graph - -------> nonSkippedSpace
2021-11-21T23:53:18,090|[TRACE] script - #out(` `) [token]
2021-11-21T23:53:18,090|[TRACE] graph - <------- nonSkippedSpace
2021-11-21T23:53:18,090|[TRACE] graph - <----- statementPart
2021-11-21T23:53:18,090|[TRACE] graph - -----> statementPart
2021-11-21T23:53:18,090|[TRACE] graph - -------> nonSkippedChar
2021-11-21T23:53:18,090|[TRACE] script - #out(`N`) [token]
2021-11-21T23:53:18,090|[TRACE] graph - <------- nonSkippedChar
2021-11-21T23:53:18,090|[TRACE] graph - <----- statementPart
2021-11-21T23:53:18,090|[TRACE] graph - -----> statementPart
2021-11-21T23:53:18,090|[TRACE] graph - -------> nonSkippedChar
2021-11-21T23:53:18,090|[TRACE] script - #out(`O`) [token]
2021-11-21T23:53:18,090|[TRACE] graph - <------- nonSkippedChar
2021-11-21T23:53:18,090|[TRACE] graph - <----- statementPart
2021-11-21T23:53:18,090|[TRACE] graph - -----> statementPart
2021-11-21T23:53:18,090|[TRACE] graph - -------> nonSkippedChar
2021-11-21T23:53:18,090|[TRACE] script - #out(`T`) [token]
2021-11-21T23:53:18,090|[TRACE] graph - <------- nonSkippedChar
2021-11-21T23:53:18,090|[TRACE] graph - <----- statementPart
2021-11-21T23:53:18,090|[TRACE] graph - -----> statementPart
2021-11-21T23:53:18,090|[TRACE] graph - -------> nonSkippedSpace
2021-11-21T23:53:18,090|[TRACE] script - #out(` `) [token]
2021-11-21T23:53:18,090|[TRACE] graph - <------- nonSkippedSpace
2021-11-21T23:53:18,090|[TRACE] graph - <----- statementPart
2021-11-21T23:53:18,090|[TRACE] graph - -----> statementPart
2021-11-21T23:53:18,090|[TRACE] graph - -------> nonSkippedChar
2021-11-21T23:53:18,090|[TRACE] script - #out(`N`) [token]
2021-11-21T23:53:18,090|[TRACE] graph - <------- nonSkippedChar
2021-11-21T23:53:18,090|[TRACE] graph - <----- statementPart
2021-11-21T23:53:18,090|[TRACE] graph - -----> statementPart
2021-11-21T23:53:18,090|[TRACE] graph - -------> nonSkippedChar
2021-11-21T23:53:18,090|[TRACE] script - #out(`U`) [token]
2021-11-21T23:53:18,090|[TRACE] graph - <------- nonSkippedChar
2021-11-21T23:53:18,090|[TRACE] graph - <----- statementPart
2021-11-21T23:53:18,090|[TRACE] graph - -----> statementPart
2021-11-21T23:53:18,090|[TRACE] graph - -------> nonSkippedChar
2021-11-21T23:53:18,090|[TRACE] script - #out(`L`) [token]
2021-11-21T23:53:18,090|[TRACE] graph - <------- nonSkippedChar
2021-11-21T23:53:18,090|[TRACE] graph - <----- statementPart
2021-11-21T23:53:18,091|[TRACE] graph - -----> statementPart
2021-11-21T23:53:18,091|[TRACE] graph - -------> nonSkippedChar
2021-11-21T23:53:18,091|[TRACE] script - #out(`L`) [token]
2021-11-21T23:53:18,091|[TRACE] graph - <------- nonSkippedChar
2021-11-21T23:53:18,091|[TRACE] graph - <----- statementPart
2021-11-21T23:53:18,091|[TRACE] graph - -----> statementPart
2021-11-21T23:53:18,091|[TRACE] graph - -------> nonSkippedChar
2021-11-21T23:53:18,091|[TRACE] script - #out(`,`) [token]
2021-11-21T23:53:18,091|[TRACE] graph - <------- nonSkippedChar
2021-11-21T23:53:18,091|[TRACE] graph - <----- statementPart
2021-11-21T23:53:18,091|[TRACE] graph - -----> afterStatementPartNewline
2021-11-21T23:53:18,091|[TRACE] script - #out(` `) [text]
2021-11-21T23:53:18,091|[TRACE] graph - <----- afterStatementPartNewline
2021-11-21T23:53:18,091|[TRACE] graph - -----> statementPart
2021-11-21T23:53:18,091|[TRACE] graph - -------> nonSkippedSpace
2021-11-21T23:53:18,091|[TRACE] script - #out(` `) [token]
2021-11-21T23:53:18,091|[TRACE] graph - <------- nonSkippedSpace
2021-11-21T23:53:18,091|[TRACE] graph - <----- statementPart
2021-11-21T23:53:18,091|[TRACE] graph - -----> statementPart
2021-11-21T23:53:18,091|[TRACE] graph - -------> nonSkippedSpace
2021-11-21T23:53:18,091|[TRACE] script - #out(` `) [token]
2021-11-21T23:53:18,091|[TRACE] graph - <------- nonSkippedSpace
2021-11-21T23:53:18,091|[TRACE] graph - <----- statementPart
2021-11-21T23:53:18,091|[TRACE] graph - -----> statementPart
2021-11-21T23:53:18,091|[TRACE] graph - -------> quotedString
2021-11-21T23:53:18,091|[TRACE] script - #out(``created``) [token]
2021-11-21T23:53:18,091|[TRACE] graph - <------- quotedString
2021-11-21T23:53:18,091|[TRACE] graph - <----- statementPart
2021-11-21T23:53:18,091|[TRACE] graph - -----> statementPart
2021-11-21T23:53:18,091|[TRACE] graph - -------> nonSkippedSpace
2021-11-21T23:53:18,091|[TRACE] script - #out(` `) [token]
2021-11-21T23:53:18,091|[TRACE] graph - <------- nonSkippedSpace
2021-11-21T23:53:18,091|[TRACE] graph - <----- statementPart
2021-11-21T23:53:18,091|[TRACE] graph - -----> statementPart
2021-11-21T23:53:18,091|[TRACE] graph - -------> nonSkippedChar
2021-11-21T23:53:18,091|[TRACE] script - #out(`B`) [token]
2021-11-21T23:53:18,091|[TRACE] graph - <------- nonSkippedChar
2021-11-21T23:53:18,091|[TRACE] graph - <----- statementPart
2021-11-21T23:53:18,091|[TRACE] graph - -----> statementPart
2021-11-21T23:53:18,091|[TRACE] graph - -------> nonSkippedChar
2021-11-21T23:53:18,091|[TRACE] script - #out(`I`) [token]
2021-11-21T23:53:18,091|[TRACE] graph - <------- nonSkippedChar
2021-11-21T23:53:18,091|[TRACE] graph - <----- statementPart
2021-11-21T23:53:18,091|[TRACE] graph - -----> statementPart
2021-11-21T23:53:18,091|[TRACE] graph - -------> nonSkippedChar
2021-11-21T23:53:18,091|[TRACE] script - #out(`G`) [token]
2021-11-21T23:53:18,091|[TRACE] graph - <------- nonSkippedChar
2021-11-21T23:53:18,091|[TRACE] graph - <----- statementPart
2021-11-21T23:53:18,091|[TRACE] graph - -----> statementPart
2021-11-21T23:53:18,091|[TRACE] graph - -------> nonSkippedChar
2021-11-21T23:53:18,091|[TRACE] script - #out(`I`) [token]
2021-11-21T23:53:18,091|[TRACE] graph - <------- nonSkippedChar
2021-11-21T23:53:18,091|[TRACE] graph - <----- statementPart
2021-11-21T23:53:18,091|[TRACE] graph - -----> statementPart
2021-11-21T23:53:18,091|[TRACE] graph - -------> nonSkippedChar
2021-11-21T23:53:18,091|[TRACE] script - #out(`N`) [token]
2021-11-21T23:53:18,091|[TRACE] graph - <------- nonSkippedChar
2021-11-21T23:53:18,091|[TRACE] graph - <----- statementPart
2021-11-21T23:53:18,091|[TRACE] graph - -----> statementPart
2021-11-21T23:53:18,091|[TRACE] graph - -------> nonSkippedChar
2021-11-21T23:53:18,091|[TRACE] script - #out(`T`) [token]
2021-11-21T23:53:18,091|[TRACE] graph - <------- nonSkippedChar
2021-11-21T23:53:18,091|[TRACE] graph - <----- statementPart
2021-11-21T23:53:18,091|[TRACE] graph - -----> statementPart
2021-11-21T23:53:18,091|[TRACE] graph - -------> nonSkippedSpace
2021-11-21T23:53:18,091|[TRACE] script - #out(` `) [token]
2021-11-21T23:53:18,091|[TRACE] graph - <------- nonSkippedSpace
2021-11-21T23:53:18,091|[TRACE] graph - <----- statementPart
2021-11-21T23:53:18,091|[TRACE] graph - -----> statementPart
2021-11-21T23:53:18,091|[TRACE] graph - -------> nonSkippedChar
2021-11-21T23:53:18,091|[TRACE] script - #out(`N`) [token]
2021-11-21T23:53:18,091|[TRACE] graph - <------- nonSkippedChar
2021-11-21T23:53:18,091|[TRACE] graph - <----- statementPart
2021-11-21T23:53:18,091|[TRACE] graph - -----> statementPart
2021-11-21T23:53:18,091|[TRACE] graph - -------> nonSkippedChar
2021-11-21T23:53:18,091|[TRACE] script - #out(`O`) [token]
2021-11-21T23:53:18,091|[TRACE] graph - <------- nonSkippedChar
2021-11-21T23:53:18,091|[TRACE] graph - <----- statementPart
2021-11-21T23:53:18,091|[TRACE] graph - -----> statementPart
2021-11-21T23:53:18,091|[TRACE] graph - -------> nonSkippedChar
2021-11-21T23:53:18,091|[TRACE] script - #out(`T`) [token]
2021-11-21T23:53:18,091|[TRACE] graph - <------- nonSkippedChar
2021-11-21T23:53:18,091|[TRACE] graph - <----- statementPart
2021-11-21T23:53:18,091|[TRACE] graph - -----> statementPart
2021-11-21T23:53:18,091|[TRACE] graph - -------> nonSkippedSpace
2021-11-21T23:53:18,091|[TRACE] script - #out(` `) [token]
2021-11-21T23:53:18,091|[TRACE] graph - <------- nonSkippedSpace
2021-11-21T23:53:18,091|[TRACE] graph - <----- statementPart
2021-11-21T23:53:18,091|[TRACE] graph - -----> statementPart
2021-11-21T23:53:18,091|[TRACE] graph - -------> nonSkippedChar
2021-11-21T23:53:18,091|[TRACE] script - #out(`N`) [token]
2021-11-21T23:53:18,091|[TRACE] graph - <------- nonSkippedChar
2021-11-21T23:53:18,091|[TRACE] graph - <----- statementPart
2021-11-21T23:53:18,091|[TRACE] graph - -----> statementPart
2021-11-21T23:53:18,091|[TRACE] graph - -------> nonSkippedChar
2021-11-21T23:53:18,091|[TRACE] script - #out(`U`) [token]
2021-11-21T23:53:18,091|[TRACE] graph - <------- nonSkippedChar
2021-11-21T23:53:18,091|[TRACE] graph - <----- statementPart
2021-11-21T23:53:18,091|[TRACE] graph - -----> statementPart
2021-11-21T23:53:18,091|[TRACE] graph - -------> nonSkippedChar
2021-11-21T23:53:18,091|[TRACE] script - #out(`L`) [token]
2021-11-21T23:53:18,091|[TRACE] graph - <------- nonSkippedChar
2021-11-21T23:53:18,091|[TRACE] graph - <----- statementPart
2021-11-21T23:53:18,091|[TRACE] graph - -----> statementPart
2021-11-21T23:53:18,091|[TRACE] graph - -------> nonSkippedChar
2021-11-21T23:53:18,091|[TRACE] script - #out(`L`) [token]
2021-11-21T23:53:18,091|[TRACE] graph - <------- nonSkippedChar
2021-11-21T23:53:18,091|[TRACE] graph - <----- statementPart
2021-11-21T23:53:18,091|[TRACE] graph - -----> statementPart
2021-11-21T23:53:18,091|[TRACE] graph - -------> nonSkippedSpace
2021-11-21T23:53:18,091|[TRACE] script - #out(` `) [token]
2021-11-21T23:53:18,091|[TRACE] graph - <------- nonSkippedSpace
2021-11-21T23:53:18,091|[TRACE] graph - <----- statementPart
2021-11-21T23:53:18,091|[TRACE] graph - -----> statementPart
2021-11-21T23:53:18,091|[TRACE] graph - -------> nonSkippedChar
2021-11-21T23:53:18,091|[TRACE] script - #out(`D`) [token]
2021-11-21T23:53:18,092|[TRACE] graph - <------- nonSkippedChar
2021-11-21T23:53:18,092|[TRACE] graph - <----- statementPart
2021-11-21T23:53:18,092|[TRACE] graph - -----> statementPart
2021-11-21T23:53:18,092|[TRACE] graph - -------> nonSkippedChar
2021-11-21T23:53:18,092|[TRACE] script - #out(`E`) [token]
2021-11-21T23:53:18,092|[TRACE] graph - <------- nonSkippedChar
2021-11-21T23:53:18,092|[TRACE] graph - <----- statementPart
2021-11-21T23:53:18,092|[TRACE] graph - -----> statementPart
2021-11-21T23:53:18,092|[TRACE] graph - -------> nonSkippedChar
2021-11-21T23:53:18,092|[TRACE] script - #out(`F`) [token]
2021-11-21T23:53:18,092|[TRACE] graph - <------- nonSkippedChar
2021-11-21T23:53:18,092|[TRACE] graph - <----- statementPart
2021-11-21T23:53:18,092|[TRACE] graph - -----> statementPart
2021-11-21T23:53:18,092|[TRACE] graph - -------> nonSkippedChar
2021-11-21T23:53:18,092|[TRACE] script - #out(`A`) [token]
2021-11-21T23:53:18,092|[TRACE] graph - <------- nonSkippedChar
2021-11-21T23:53:18,092|[TRACE] graph - <----- statementPart
2021-11-21T23:53:18,092|[TRACE] graph - -----> statementPart
2021-11-21T23:53:18,092|[TRACE] graph - -------> nonSkippedChar
2021-11-21T23:53:18,092|[TRACE] script - #out(`U`) [token]
2021-11-21T23:53:18,092|[TRACE] graph - <------- nonSkippedChar
2021-11-21T23:53:18,092|[TRACE] graph - <----- statementPart
2021-11-21T23:53:18,092|[TRACE] graph - -----> statementPart
2021-11-21T23:53:18,092|[TRACE] graph - -------> nonSkippedChar
2021-11-21T23:53:18,092|[TRACE] script - #out(`L`) [token]
2021-11-21T23:53:18,092|[TRACE] graph - <------- nonSkippedChar
2021-11-21T23:53:18,092|[TRACE] graph - <----- statementPart
2021-11-21T23:53:18,092|[TRACE] graph - -----> statementPart
2021-11-21T23:53:18,092|[TRACE] graph - -------> nonSkippedChar
2021-11-21T23:53:18,092|[TRACE] script - #out(`T`) [token]
2021-11-21T23:53:18,092|[TRACE] graph - <------- nonSkippedChar
2021-11-21T23:53:18,092|[TRACE] graph - <----- statementPart
2021-11-21T23:53:18,092|[TRACE] graph - -----> statementPart
2021-11-21T23:53:18,092|[TRACE] graph - -------> nonSkippedSpace
2021-11-21T23:53:18,092|[TRACE] script - #out(` `) [token]
2021-11-21T23:53:18,092|[TRACE] graph - <------- nonSkippedSpace
2021-11-21T23:53:18,092|[TRACE] graph - <----- statementPart
2021-11-21T23:53:18,092|[TRACE] graph - -----> statementPart
2021-11-21T23:53:18,092|[TRACE] graph - -------> nonSkippedChar
2021-11-21T23:53:18,092|[TRACE] script - #out(`(`) [token]
2021-11-21T23:53:18,092|[TRACE] graph - <------- nonSkippedChar
2021-11-21T23:53:18,092|[TRACE] graph - <----- statementPart
2021-11-21T23:53:18,092|[TRACE] graph - -----> statementPart
2021-11-21T23:53:18,092|[TRACE] graph - -------> nonSkippedChar
2021-11-21T23:53:18,092|[TRACE] script - #out(`u`) [token]
2021-11-21T23:53:18,092|[TRACE] graph - <------- nonSkippedChar
2021-11-21T23:53:18,092|[TRACE] graph - <----- statementPart
2021-11-21T23:53:18,092|[TRACE] graph - -----> statementPart
2021-11-21T23:53:18,092|[TRACE] graph - -------> nonSkippedChar
2021-11-21T23:53:18,092|[TRACE] script - #out(`n`) [token]
2021-11-21T23:53:18,092|[TRACE] graph - <------- nonSkippedChar
2021-11-21T23:53:18,092|[TRACE] graph - <----- statementPart
2021-11-21T23:53:18,092|[TRACE] graph - -----> statementPart
2021-11-21T23:53:18,092|[TRACE] graph - -------> nonSkippedChar
2021-11-21T23:53:18,092|[TRACE] script - #out(`i`) [token]
2021-11-21T23:53:18,092|[TRACE] graph - <------- nonSkippedChar
2021-11-21T23:53:18,092|[TRACE] graph - <----- statementPart
2021-11-21T23:53:18,092|[TRACE] graph - -----> statementPart
2021-11-21T23:53:18,092|[TRACE] graph - -------> nonSkippedChar
2021-11-21T23:53:18,092|[TRACE] script - #out(`x`) [token]
2021-11-21T23:53:18,092|[TRACE] graph - <------- nonSkippedChar
2021-11-21T23:53:18,092|[TRACE] graph - <----- statementPart
2021-11-21T23:53:18,092|[TRACE] graph - -----> statementPart
2021-11-21T23:53:18,092|[TRACE] graph - -------> nonSkippedChar
2021-11-21T23:53:18,092|[TRACE] script - #out(`_`) [token]
2021-11-21T23:53:18,092|[TRACE] graph - <------- nonSkippedChar
2021-11-21T23:53:18,092|[TRACE] graph - <----- statementPart
2021-11-21T23:53:18,092|[TRACE] graph - -----> statementPart
2021-11-21T23:53:18,092|[TRACE] graph - -------> nonSkippedChar
2021-11-21T23:53:18,092|[TRACE] script - #out(`t`) [token]
2021-11-21T23:53:18,092|[TRACE] graph - <------- nonSkippedChar
2021-11-21T23:53:18,092|[TRACE] graph - <----- statementPart
2021-11-21T23:53:18,092|[TRACE] graph - -----> statementPart
2021-11-21T23:53:18,092|[TRACE] graph - -------> nonSkippedChar
2021-11-21T23:53:18,092|[TRACE] script - #out(`i`) [token]
2021-11-21T23:53:18,092|[TRACE] graph - <------- nonSkippedChar
2021-11-21T23:53:18,092|[TRACE] graph - <----- statementPart
2021-11-21T23:53:18,092|[TRACE] graph - -----> statementPart
2021-11-21T23:53:18,092|[TRACE] graph - -------> nonSkippedChar
2021-11-21T23:53:18,092|[TRACE] script - #out(`m`) [token]
2021-11-21T23:53:18,092|[TRACE] graph - <------- nonSkippedChar
2021-11-21T23:53:18,092|[TRACE] graph - <----- statementPart
2021-11-21T23:53:18,092|[TRACE] graph - -----> statementPart
2021-11-21T23:53:18,092|[TRACE] graph - -------> nonSkippedChar
2021-11-21T23:53:18,092|[TRACE] script - #out(`e`) [token]
2021-11-21T23:53:18,092|[TRACE] graph - <------- nonSkippedChar
2021-11-21T23:53:18,092|[TRACE] graph - <----- statementPart
2021-11-21T23:53:18,092|[TRACE] graph - -----> statementPart
2021-11-21T23:53:18,092|[TRACE] graph - -------> nonSkippedChar
2021-11-21T23:53:18,092|[TRACE] script - #out(`s`) [token]
2021-11-21T23:53:18,092|[TRACE] graph - <------- nonSkippedChar
2021-11-21T23:53:18,092|[TRACE] graph - <----- statementPart
2021-11-21T23:53:18,092|[TRACE] graph - -----> statementPart
2021-11-21T23:53:18,092|[TRACE] graph - -------> nonSkippedChar
2021-11-21T23:53:18,092|[TRACE] script - #out(`t`) [token]
2021-11-21T23:53:18,092|[TRACE] graph - <------- nonSkippedChar
2021-11-21T23:53:18,092|[TRACE] graph - <----- statementPart
2021-11-21T23:53:18,092|[TRACE] graph - -----> statementPart
2021-11-21T23:53:18,092|[TRACE] graph - -------> nonSkippedChar
2021-11-21T23:53:18,092|[TRACE] script - #out(`a`) [token]
2021-11-21T23:53:18,092|[TRACE] graph - <------- nonSkippedChar
2021-11-21T23:53:18,092|[TRACE] graph - <----- statementPart
2021-11-21T23:53:18,092|[TRACE] graph - -----> statementPart
2021-11-21T23:53:18,092|[TRACE] graph - -------> nonSkippedChar
2021-11-21T23:53:18,092|[TRACE] script - #out(`m`) [token]
2021-11-21T23:53:18,092|[TRACE] graph - <------- nonSkippedChar
2021-11-21T23:53:18,092|[TRACE] graph - <----- statementPart
2021-11-21T23:53:18,092|[TRACE] graph - -----> statementPart
2021-11-21T23:53:18,092|[TRACE] graph - -------> nonSkippedChar
2021-11-21T23:53:18,092|[TRACE] script - #out(`p`) [token]
2021-11-21T23:53:18,092|[TRACE] graph - <------- nonSkippedChar
2021-11-21T23:53:18,092|[TRACE] graph - <----- statementPart
2021-11-21T23:53:18,092|[TRACE] graph - -----> statementPart
2021-11-21T23:53:18,092|[TRACE] graph - -------> nonSkippedChar
2021-11-21T23:53:18,092|[TRACE] script - #out(`(`) [token]
2021-11-21T23:53:18,092|[TRACE] graph - <------- nonSkippedChar
2021-11-21T23:53:18,092|[TRACE] graph - <----- statementPart
2021-11-21T23:53:18,092|[TRACE] graph - -----> statementPart
2021-11-21T23:53:18,092|[TRACE] graph - -------> nonSkippedChar
2021-11-21T23:53:18,092|[TRACE] script - #out(`n`) [token]
2021-11-21T23:53:18,093|[TRACE] graph - <------- nonSkippedChar
2021-11-21T23:53:18,093|[TRACE] graph - <----- statementPart
2021-11-21T23:53:18,093|[TRACE] graph - -----> statementPart
2021-11-21T23:53:18,093|[TRACE] graph - -------> nonSkippedChar
2021-11-21T23:53:18,093|[TRACE] script - #out(`o`) [token]
2021-11-21T23:53:18,093|[TRACE] graph - <------- nonSkippedChar
2021-11-21T23:53:18,093|[TRACE] graph - <----- statementPart
2021-11-21T23:53:18,093|[TRACE] graph - -----> statementPart
2021-11-21T23:53:18,093|[TRACE] graph - -------> nonSkippedChar
2021-11-21T23:53:18,093|[TRACE] script - #out(`w`) [token]
2021-11-21T23:53:18,093|[TRACE] graph - <------- nonSkippedChar
2021-11-21T23:53:18,093|[TRACE] graph - <----- statementPart
2021-11-21T23:53:18,093|[TRACE] graph - -----> statementPart
2021-11-21T23:53:18,093|[TRACE] graph - -------> nonSkippedChar
2021-11-21T23:53:18,093|[TRACE] script - #out(`(`) [token]
2021-11-21T23:53:18,093|[TRACE] graph - <------- nonSkippedChar
2021-11-21T23:53:18,093|[TRACE] graph - <----- statementPart
2021-11-21T23:53:18,093|[TRACE] graph - -----> statementPart
2021-11-21T23:53:18,093|[TRACE] graph - -------> nonSkippedChar
2021-11-21T23:53:18,093|[TRACE] script - #out(`)`) [token]
2021-11-21T23:53:18,093|[TRACE] graph - <------- nonSkippedChar
2021-11-21T23:53:18,093|[TRACE] graph - <----- statementPart
2021-11-21T23:53:18,093|[TRACE] graph - -----> statementPart
2021-11-21T23:53:18,093|[TRACE] graph - -------> nonSkippedChar
2021-11-21T23:53:18,093|[TRACE] script - #out(`)`) [token]
2021-11-21T23:53:18,093|[TRACE] graph - <------- nonSkippedChar
2021-11-21T23:53:18,093|[TRACE] graph - <----- statementPart
2021-11-21T23:53:18,093|[TRACE] graph - -----> statementPart
2021-11-21T23:53:18,093|[TRACE] graph - -------> nonSkippedSpace
2021-11-21T23:53:18,093|[TRACE] script - #out(` `) [token]
2021-11-21T23:53:18,093|[TRACE] graph - <------- nonSkippedSpace
2021-11-21T23:53:18,093|[TRACE] graph - <----- statementPart
2021-11-21T23:53:18,093|[TRACE] graph - -----> statementPart
2021-11-21T23:53:18,093|[TRACE] graph - -------> nonSkippedChar
2021-11-21T23:53:18,093|[TRACE] script - #out(`*`) [token]
2021-11-21T23:53:18,093|[TRACE] graph - <------- nonSkippedChar
2021-11-21T23:53:18,093|[TRACE] graph - <----- statementPart
2021-11-21T23:53:18,093|[TRACE] graph - -----> statementPart
2021-11-21T23:53:18,093|[TRACE] graph - -------> nonSkippedSpace
2021-11-21T23:53:18,093|[TRACE] script - #out(` `) [token]
2021-11-21T23:53:18,093|[TRACE] graph - <------- nonSkippedSpace
2021-11-21T23:53:18,093|[TRACE] graph - <----- statementPart
2021-11-21T23:53:18,093|[TRACE] graph - -----> statementPart
2021-11-21T23:53:18,093|[TRACE] graph - -------> nonSkippedChar
2021-11-21T23:53:18,093|[TRACE] script - #out(`1`) [token]
2021-11-21T23:53:18,093|[TRACE] graph - <------- nonSkippedChar
2021-11-21T23:53:18,093|[TRACE] graph - <----- statementPart
2021-11-21T23:53:18,093|[TRACE] graph - -----> statementPart
2021-11-21T23:53:18,093|[TRACE] graph - -------> nonSkippedChar
2021-11-21T23:53:18,093|[TRACE] script - #out(`0`) [token]
2021-11-21T23:53:18,093|[TRACE] graph - <------- nonSkippedChar
2021-11-21T23:53:18,093|[TRACE] graph - <----- statementPart
2021-11-21T23:53:18,093|[TRACE] graph - -----> statementPart
2021-11-21T23:53:18,093|[TRACE] graph - -------> nonSkippedChar
2021-11-21T23:53:18,093|[TRACE] script - #out(`0`) [token]
2021-11-21T23:53:18,093|[TRACE] graph - <------- nonSkippedChar
2021-11-21T23:53:18,093|[TRACE] graph - <----- statementPart
2021-11-21T23:53:18,093|[TRACE] graph - -----> statementPart
2021-11-21T23:53:18,093|[TRACE] graph - -------> nonSkippedChar
2021-11-21T23:53:18,093|[TRACE] script - #out(`0`) [token]
2021-11-21T23:53:18,093|[TRACE] graph - <------- nonSkippedChar
2021-11-21T23:53:18,093|[TRACE] graph - <----- statementPart
2021-11-21T23:53:18,093|[TRACE] graph - -----> statementPart
2021-11-21T23:53:18,093|[TRACE] graph - -------> nonSkippedChar
2021-11-21T23:53:18,093|[TRACE] script - #out(`)`) [token]
2021-11-21T23:53:18,093|[TRACE] graph - <------- nonSkippedChar
2021-11-21T23:53:18,093|[TRACE] graph - <----- statementPart
2021-11-21T23:53:18,093|[TRACE] graph - -----> statementPart
2021-11-21T23:53:18,093|[TRACE] graph - -------> nonSkippedChar
2021-11-21T23:53:18,093|[TRACE] script - #out(`,`) [token]
2021-11-21T23:53:18,093|[TRACE] graph - <------- nonSkippedChar
2021-11-21T23:53:18,093|[TRACE] graph - <----- statementPart
2021-11-21T23:53:18,093|[TRACE] graph - -----> afterStatementPartNewline
2021-11-21T23:53:18,093|[TRACE] script - #out(` `) [text]
2021-11-21T23:53:18,093|[TRACE] graph - <----- afterStatementPartNewline
2021-11-21T23:53:18,093|[TRACE] graph - -----> statementPart
2021-11-21T23:53:18,093|[TRACE] graph - -------> nonSkippedSpace
2021-11-21T23:53:18,093|[TRACE] script - #out(` `) [token]
2021-11-21T23:53:18,093|[TRACE] graph - <------- nonSkippedSpace
2021-11-21T23:53:18,093|[TRACE] graph - <----- statementPart
2021-11-21T23:53:18,093|[TRACE] graph - -----> statementPart
2021-11-21T23:53:18,093|[TRACE] graph - -------> nonSkippedSpace
2021-11-21T23:53:18,093|[TRACE] script - #out(` `) [token]
2021-11-21T23:53:18,093|[TRACE] graph - <------- nonSkippedSpace
2021-11-21T23:53:18,093|[TRACE] graph - <----- statementPart
2021-11-21T23:53:18,093|[TRACE] graph - -----> statementPart
2021-11-21T23:53:18,094|[TRACE] graph - -------> quotedString
2021-11-21T23:53:18,094|[TRACE] script - #out(``updated``) [token]
2021-11-21T23:53:18,094|[TRACE] graph - <------- quotedString
2021-11-21T23:53:18,094|[TRACE] graph - <----- statementPart
2021-11-21T23:53:18,094|[TRACE] graph - -----> statementPart
2021-11-21T23:53:18,094|[TRACE] graph - -------> nonSkippedSpace
2021-11-21T23:53:18,094|[TRACE] script - #out(` `) [token]
2021-11-21T23:53:18,094|[TRACE] graph - <------- nonSkippedSpace
2021-11-21T23:53:18,094|[TRACE] graph - <----- statementPart
2021-11-21T23:53:18,094|[TRACE] graph - -----> statementPart
2021-11-21T23:53:18,094|[TRACE] graph - -------> nonSkippedChar
2021-11-21T23:53:18,094|[TRACE] script - #out(`B`) [token]
2021-11-21T23:53:18,094|[TRACE] graph - <------- nonSkippedChar
2021-11-21T23:53:18,094|[TRACE] graph - <----- statementPart
2021-11-21T23:53:18,094|[TRACE] graph - -----> statementPart
2021-11-21T23:53:18,094|[TRACE] graph - -------> nonSkippedChar
2021-11-21T23:53:18,094|[TRACE] script - #out(`I`) [token]
2021-11-21T23:53:18,094|[TRACE] graph - <------- nonSkippedChar
2021-11-21T23:53:18,094|[TRACE] graph - <----- statementPart
2021-11-21T23:53:18,094|[TRACE] graph - -----> statementPart
2021-11-21T23:53:18,094|[TRACE] graph - -------> nonSkippedChar
2021-11-21T23:53:18,094|[TRACE] script - #out(`G`) [token]
2021-11-21T23:53:18,094|[TRACE] graph - <------- nonSkippedChar
2021-11-21T23:53:18,094|[TRACE] graph - <----- statementPart
2021-11-21T23:53:18,094|[TRACE] graph - -----> statementPart
2021-11-21T23:53:18,094|[TRACE] graph - -------> nonSkippedChar
2021-11-21T23:53:18,094|[TRACE] script - #out(`I`) [token]
2021-11-21T23:53:18,094|[TRACE] graph - <------- nonSkippedChar
2021-11-21T23:53:18,094|[TRACE] graph - <----- statementPart
2021-11-21T23:53:18,094|[TRACE] graph - -----> statementPart
2021-11-21T23:53:18,094|[TRACE] graph - -------> nonSkippedChar
2021-11-21T23:53:18,094|[TRACE] script - #out(`N`) [token]
2021-11-21T23:53:18,094|[TRACE] graph - <------- nonSkippedChar
2021-11-21T23:53:18,094|[TRACE] graph - <----- statementPart
2021-11-21T23:53:18,094|[TRACE] graph - -----> statementPart
2021-11-21T23:53:18,094|[TRACE] graph - -------> nonSkippedChar
2021-11-21T23:53:18,094|[TRACE] script - #out(`T`) [token]
2021-11-21T23:53:18,094|[TRACE] graph - <------- nonSkippedChar
2021-11-21T23:53:18,094|[TRACE] graph - <----- statementPart
2021-11-21T23:53:18,094|[TRACE] graph - -----> statementPart
2021-11-21T23:53:18,094|[TRACE] graph - -------> nonSkippedSpace
2021-11-21T23:53:18,094|[TRACE] script - #out(` `) [token]
2021-11-21T23:53:18,094|[TRACE] graph - <------- nonSkippedSpace
2021-11-21T23:53:18,094|[TRACE] graph - <----- statementPart
2021-11-21T23:53:18,094|[TRACE] graph - -----> statementPart
2021-11-21T23:53:18,094|[TRACE] graph - -------> nonSkippedChar
2021-11-21T23:53:18,094|[TRACE] script - #out(`N`) [token]
2021-11-21T23:53:18,094|[TRACE] graph - <------- nonSkippedChar
2021-11-21T23:53:18,094|[TRACE] graph - <----- statementPart
2021-11-21T23:53:18,094|[TRACE] graph - -----> statementPart
2021-11-21T23:53:18,094|[TRACE] graph - -------> nonSkippedChar
2021-11-21T23:53:18,094|[TRACE] script - #out(`O`) [token]
2021-11-21T23:53:18,094|[TRACE] graph - <------- nonSkippedChar
2021-11-21T23:53:18,094|[TRACE] graph - <----- statementPart
2021-11-21T23:53:18,094|[TRACE] graph - -----> statementPart
2021-11-21T23:53:18,094|[TRACE] graph - -------> nonSkippedChar
2021-11-21T23:53:18,094|[TRACE] script - #out(`T`) [token]
2021-11-21T23:53:18,094|[TRACE] graph - <------- nonSkippedChar
2021-11-21T23:53:18,094|[TRACE] graph - <----- statementPart
2021-11-21T23:53:18,094|[TRACE] graph - -----> statementPart
2021-11-21T23:53:18,094|[TRACE] graph - -------> nonSkippedSpace
2021-11-21T23:53:18,094|[TRACE] script - #out(` `) [token]
2021-11-21T23:53:18,094|[TRACE] graph - <------- nonSkippedSpace
2021-11-21T23:53:18,094|[TRACE] graph - <----- statementPart
2021-11-21T23:53:18,094|[TRACE] graph - -----> statementPart
2021-11-21T23:53:18,094|[TRACE] graph - -------> nonSkippedChar
2021-11-21T23:53:18,094|[TRACE] script - #out(`N`) [token]
2021-11-21T23:53:18,094|[TRACE] graph - <------- nonSkippedChar
2021-11-21T23:53:18,094|[TRACE] graph - <----- statementPart
2021-11-21T23:53:18,094|[TRACE] graph - -----> statementPart
2021-11-21T23:53:18,094|[TRACE] graph - -------> nonSkippedChar
2021-11-21T23:53:18,094|[TRACE] script - #out(`U`) [token]
2021-11-21T23:53:18,094|[TRACE] graph - <------- nonSkippedChar
2021-11-21T23:53:18,094|[TRACE] graph - <----- statementPart
2021-11-21T23:53:18,094|[TRACE] graph - -----> statementPart
2021-11-21T23:53:18,094|[TRACE] graph - -------> nonSkippedChar
2021-11-21T23:53:18,094|[TRACE] script - #out(`L`) [token]
2021-11-21T23:53:18,094|[TRACE] graph - <------- nonSkippedChar
2021-11-21T23:53:18,094|[TRACE] graph - <----- statementPart
2021-11-21T23:53:18,094|[TRACE] graph - -----> statementPart
2021-11-21T23:53:18,094|[TRACE] graph - -------> nonSkippedChar
2021-11-21T23:53:18,094|[TRACE] script - #out(`L`) [token]
2021-11-21T23:53:18,094|[TRACE] graph - <------- nonSkippedChar
2021-11-21T23:53:18,094|[TRACE] graph - <----- statementPart
2021-11-21T23:53:18,094|[TRACE] graph - -----> statementPart
2021-11-21T23:53:18,094|[TRACE] graph - -------> nonSkippedSpace
2021-11-21T23:53:18,094|[TRACE] script - #out(` `) [token]
2021-11-21T23:53:18,094|[TRACE] graph - <------- nonSkippedSpace
2021-11-21T23:53:18,094|[TRACE] graph - <----- statementPart
2021-11-21T23:53:18,094|[TRACE] graph - -----> statementPart
2021-11-21T23:53:18,094|[TRACE] graph - -------> nonSkippedChar
2021-11-21T23:53:18,094|[TRACE] script - #out(`D`) [token]
2021-11-21T23:53:18,094|[TRACE] graph - <------- nonSkippedChar
2021-11-21T23:53:18,094|[TRACE] graph - <----- statementPart
2021-11-21T23:53:18,094|[TRACE] graph - -----> statementPart
2021-11-21T23:53:18,094|[TRACE] graph - -------> nonSkippedChar
2021-11-21T23:53:18,094|[TRACE] script - #out(`E`) [token]
2021-11-21T23:53:18,094|[TRACE] graph - <------- nonSkippedChar
2021-11-21T23:53:18,094|[TRACE] graph - <----- statementPart
2021-11-21T23:53:18,094|[TRACE] graph - -----> statementPart
2021-11-21T23:53:18,094|[TRACE] graph - -------> nonSkippedChar
2021-11-21T23:53:18,094|[TRACE] script - #out(`F`) [token]
2021-11-21T23:53:18,094|[TRACE] graph - <------- nonSkippedChar
2021-11-21T23:53:18,094|[TRACE] graph - <----- statementPart
2021-11-21T23:53:18,094|[TRACE] graph - -----> statementPart
2021-11-21T23:53:18,094|[TRACE] graph - -------> nonSkippedChar
2021-11-21T23:53:18,094|[TRACE] script - #out(`A`) [token]
2021-11-21T23:53:18,094|[TRACE] graph - <------- nonSkippedChar
2021-11-21T23:53:18,094|[TRACE] graph - <----- statementPart
2021-11-21T23:53:18,094|[TRACE] graph - -----> statementPart
2021-11-21T23:53:18,094|[TRACE] graph - -------> nonSkippedChar
2021-11-21T23:53:18,094|[TRACE] script - #out(`U`) [token]
2021-11-21T23:53:18,094|[TRACE] graph - <------- nonSkippedChar
2021-11-21T23:53:18,094|[TRACE] graph - <----- statementPart
2021-11-21T23:53:18,094|[TRACE] graph - -----> statementPart
2021-11-21T23:53:18,094|[TRACE] graph - -------> nonSkippedChar
2021-11-21T23:53:18,094|[TRACE] script - #out(`L`) [token]
2021-11-21T23:53:18,094|[TRACE] graph - <------- nonSkippedChar
2021-11-21T23:53:18,094|[TRACE] graph - <----- statementPart
2021-11-21T23:53:18,094|[TRACE] graph - -----> statementPart
2021-11-21T23:53:18,094|[TRACE] graph - -------> nonSkippedChar
2021-11-21T23:53:18,094|[TRACE] script - #out(`T`) [token]
2021-11-21T23:53:18,094|[TRACE] graph - <------- nonSkippedChar
2021-11-21T23:53:18,095|[TRACE] graph - <----- statementPart
2021-11-21T23:53:18,095|[TRACE] graph - -----> statementPart
2021-11-21T23:53:18,095|[TRACE] graph - -------> nonSkippedSpace
2021-11-21T23:53:18,095|[TRACE] script - #out(` `) [token]
2021-11-21T23:53:18,095|[TRACE] graph - <------- nonSkippedSpace
2021-11-21T23:53:18,095|[TRACE] graph - <----- statementPart
2021-11-21T23:53:18,095|[TRACE] graph - -----> statementPart
2021-11-21T23:53:18,095|[TRACE] graph - -------> nonSkippedChar
2021-11-21T23:53:18,095|[TRACE] script - #out(`(`) [token]
2021-11-21T23:53:18,095|[TRACE] graph - <------- nonSkippedChar
2021-11-21T23:53:18,095|[TRACE] graph - <----- statementPart
2021-11-21T23:53:18,095|[TRACE] graph - -----> statementPart
2021-11-21T23:53:18,095|[TRACE] graph - -------> nonSkippedChar
2021-11-21T23:53:18,095|[TRACE] script - #out(`u`) [token]
2021-11-21T23:53:18,095|[TRACE] graph - <------- nonSkippedChar
2021-11-21T23:53:18,095|[TRACE] graph - <----- statementPart
2021-11-21T23:53:18,095|[TRACE] graph - -----> statementPart
2021-11-21T23:53:18,095|[TRACE] graph - -------> nonSkippedChar
2021-11-21T23:53:18,095|[TRACE] script - #out(`n`) [token]
2021-11-21T23:53:18,095|[TRACE] graph - <------- nonSkippedChar
2021-11-21T23:53:18,095|[TRACE] graph - <----- statementPart
2021-11-21T23:53:18,095|[TRACE] graph - -----> statementPart
2021-11-21T23:53:18,095|[TRACE] graph - -------> nonSkippedChar
2021-11-21T23:53:18,095|[TRACE] script - #out(`i`) [token]
2021-11-21T23:53:18,095|[TRACE] graph - <------- nonSkippedChar
2021-11-21T23:53:18,095|[TRACE] graph - <----- statementPart
2021-11-21T23:53:18,095|[TRACE] graph - -----> statementPart
2021-11-21T23:53:18,095|[TRACE] graph - -------> nonSkippedChar
2021-11-21T23:53:18,095|[TRACE] script - #out(`x`) [token]
2021-11-21T23:53:18,095|[TRACE] graph - <------- nonSkippedChar
2021-11-21T23:53:18,095|[TRACE] graph - <----- statementPart
2021-11-21T23:53:18,095|[TRACE] graph - -----> statementPart
2021-11-21T23:53:18,095|[TRACE] graph - -------> nonSkippedChar
2021-11-21T23:53:18,095|[TRACE] script - #out(`_`) [token]
2021-11-21T23:53:18,095|[TRACE] graph - <------- nonSkippedChar
2021-11-21T23:53:18,095|[TRACE] graph - <----- statementPart
2021-11-21T23:53:18,095|[TRACE] graph - -----> statementPart
2021-11-21T23:53:18,095|[TRACE] graph - -------> nonSkippedChar
2021-11-21T23:53:18,095|[TRACE] script - #out(`t`) [token]
2021-11-21T23:53:18,095|[TRACE] graph - <------- nonSkippedChar
2021-11-21T23:53:18,095|[TRACE] graph - <----- statementPart
2021-11-21T23:53:18,095|[TRACE] graph - -----> statementPart
2021-11-21T23:53:18,095|[TRACE] graph - -------> nonSkippedChar
2021-11-21T23:53:18,095|[TRACE] script - #out(`i`) [token]
2021-11-21T23:53:18,095|[TRACE] graph - <------- nonSkippedChar
2021-11-21T23:53:18,095|[TRACE] graph - <----- statementPart
2021-11-21T23:53:18,095|[TRACE] graph - -----> statementPart
2021-11-21T23:53:18,095|[TRACE] graph - -------> nonSkippedChar
2021-11-21T23:53:18,095|[TRACE] script - #out(`m`) [token]
2021-11-21T23:53:18,095|[TRACE] graph - <------- nonSkippedChar
2021-11-21T23:53:18,095|[TRACE] graph - <----- statementPart
2021-11-21T23:53:18,095|[TRACE] graph - -----> statementPart
2021-11-21T23:53:18,095|[TRACE] graph - -------> nonSkippedChar
2021-11-21T23:53:18,095|[TRACE] script - #out(`e`) [token]
2021-11-21T23:53:18,095|[TRACE] graph - <------- nonSkippedChar
2021-11-21T23:53:18,095|[TRACE] graph - <----- statementPart
2021-11-21T23:53:18,095|[TRACE] graph - -----> statementPart
2021-11-21T23:53:18,095|[TRACE] graph - -------> nonSkippedChar
2021-11-21T23:53:18,095|[TRACE] script - #out(`s`) [token]
2021-11-21T23:53:18,095|[TRACE] graph - <------- nonSkippedChar
2021-11-21T23:53:18,095|[TRACE] graph - <----- statementPart
2021-11-21T23:53:18,095|[TRACE] graph - -----> statementPart
2021-11-21T23:53:18,095|[TRACE] graph - -------> nonSkippedChar
2021-11-21T23:53:18,095|[TRACE] script - #out(`t`) [token]
2021-11-21T23:53:18,095|[TRACE] graph - <------- nonSkippedChar
2021-11-21T23:53:18,095|[TRACE] graph - <----- statementPart
2021-11-21T23:53:18,095|[TRACE] graph - -----> statementPart
2021-11-21T23:53:18,095|[TRACE] graph - -------> nonSkippedChar
2021-11-21T23:53:18,095|[TRACE] script - #out(`a`) [token]
2021-11-21T23:53:18,095|[TRACE] graph - <------- nonSkippedChar
2021-11-21T23:53:18,095|[TRACE] graph - <----- statementPart
2021-11-21T23:53:18,095|[TRACE] graph - -----> statementPart
2021-11-21T23:53:18,095|[TRACE] graph - -------> nonSkippedChar
2021-11-21T23:53:18,095|[TRACE] script - #out(`m`) [token]
2021-11-21T23:53:18,095|[TRACE] graph - <------- nonSkippedChar
2021-11-21T23:53:18,095|[TRACE] graph - <----- statementPart
2021-11-21T23:53:18,095|[TRACE] graph - -----> statementPart
2021-11-21T23:53:18,095|[TRACE] graph - -------> nonSkippedChar
2021-11-21T23:53:18,095|[TRACE] script - #out(`p`) [token]
2021-11-21T23:53:18,095|[TRACE] graph - <------- nonSkippedChar
2021-11-21T23:53:18,095|[TRACE] graph - <----- statementPart
2021-11-21T23:53:18,095|[TRACE] graph - -----> statementPart
2021-11-21T23:53:18,095|[TRACE] graph - -------> nonSkippedChar
2021-11-21T23:53:18,095|[TRACE] script - #out(`(`) [token]
2021-11-21T23:53:18,095|[TRACE] graph - <------- nonSkippedChar
2021-11-21T23:53:18,095|[TRACE] graph - <----- statementPart
2021-11-21T23:53:18,095|[TRACE] graph - -----> statementPart
2021-11-21T23:53:18,095|[TRACE] graph - -------> nonSkippedChar
2021-11-21T23:53:18,095|[TRACE] script - #out(`n`) [token]
2021-11-21T23:53:18,095|[TRACE] graph - <------- nonSkippedChar
2021-11-21T23:53:18,095|[TRACE] graph - <----- statementPart
2021-11-21T23:53:18,095|[TRACE] graph - -----> statementPart
2021-11-21T23:53:18,095|[TRACE] graph - -------> nonSkippedChar
2021-11-21T23:53:18,095|[TRACE] script - #out(`o`) [token]
2021-11-21T23:53:18,095|[TRACE] graph - <------- nonSkippedChar
2021-11-21T23:53:18,095|[TRACE] graph - <----- statementPart
2021-11-21T23:53:18,095|[TRACE] graph - -----> statementPart
2021-11-21T23:53:18,095|[TRACE] graph - -------> nonSkippedChar
2021-11-21T23:53:18,095|[TRACE] script - #out(`w`) [token]
2021-11-21T23:53:18,095|[TRACE] graph - <------- nonSkippedChar
2021-11-21T23:53:18,095|[TRACE] graph - <----- statementPart
2021-11-21T23:53:18,095|[TRACE] graph - -----> statementPart
2021-11-21T23:53:18,095|[TRACE] graph - -------> nonSkippedChar
2021-11-21T23:53:18,095|[TRACE] script - #out(`(`) [token]
2021-11-21T23:53:18,095|[TRACE] graph - <------- nonSkippedChar
2021-11-21T23:53:18,095|[TRACE] graph - <----- statementPart
2021-11-21T23:53:18,095|[TRACE] graph - -----> statementPart
2021-11-21T23:53:18,095|[TRACE] graph - -------> nonSkippedChar
2021-11-21T23:53:18,095|[TRACE] script - #out(`)`) [token]
2021-11-21T23:53:18,095|[TRACE] graph - <------- nonSkippedChar
2021-11-21T23:53:18,095|[TRACE] graph - <----- statementPart
2021-11-21T23:53:18,095|[TRACE] graph - -----> statementPart
2021-11-21T23:53:18,095|[TRACE] graph - -------> nonSkippedChar
2021-11-21T23:53:18,095|[TRACE] script - #out(`)`) [token]
2021-11-21T23:53:18,095|[TRACE] graph - <------- nonSkippedChar
2021-11-21T23:53:18,095|[TRACE] graph - <----- statementPart
2021-11-21T23:53:18,095|[TRACE] graph - -----> statementPart
2021-11-21T23:53:18,095|[TRACE] graph - -------> nonSkippedSpace
2021-11-21T23:53:18,095|[TRACE] script - #out(` `) [token]
2021-11-21T23:53:18,095|[TRACE] graph - <------- nonSkippedSpace
2021-11-21T23:53:18,096|[TRACE] graph - <----- statementPart
2021-11-21T23:53:18,096|[TRACE] graph - -----> statementPart
2021-11-21T23:53:18,096|[TRACE] graph - -------> nonSkippedChar
2021-11-21T23:53:18,096|[TRACE] script - #out(`*`) [token]
2021-11-21T23:53:18,096|[TRACE] graph - <------- nonSkippedChar
2021-11-21T23:53:18,096|[TRACE] graph - <----- statementPart
2021-11-21T23:53:18,096|[TRACE] graph - -----> statementPart
2021-11-21T23:53:18,096|[TRACE] graph - -------> nonSkippedSpace
2021-11-21T23:53:18,096|[TRACE] script - #out(` `) [token]
2021-11-21T23:53:18,096|[TRACE] graph - <------- nonSkippedSpace
2021-11-21T23:53:18,096|[TRACE] graph - <----- statementPart
2021-11-21T23:53:18,096|[TRACE] graph - -----> statementPart
2021-11-21T23:53:18,096|[TRACE] graph - -------> nonSkippedChar
2021-11-21T23:53:18,096|[TRACE] script - #out(`1`) [token]
2021-11-21T23:53:18,096|[TRACE] graph - <------- nonSkippedChar
2021-11-21T23:53:18,096|[TRACE] graph - <----- statementPart
2021-11-21T23:53:18,096|[TRACE] graph - -----> statementPart
2021-11-21T23:53:18,096|[TRACE] graph - -------> nonSkippedChar
2021-11-21T23:53:18,096|[TRACE] script - #out(`0`) [token]
2021-11-21T23:53:18,096|[TRACE] graph - <------- nonSkippedChar
2021-11-21T23:53:18,096|[TRACE] graph - <----- statementPart
2021-11-21T23:53:18,096|[TRACE] graph - -----> statementPart
2021-11-21T23:53:18,096|[TRACE] graph - -------> nonSkippedChar
2021-11-21T23:53:18,096|[TRACE] script - #out(`0`) [token]
2021-11-21T23:53:18,096|[TRACE] graph - <------- nonSkippedChar
2021-11-21T23:53:18,096|[TRACE] graph - <----- statementPart
2021-11-21T23:53:18,096|[TRACE] graph - -----> statementPart
2021-11-21T23:53:18,096|[TRACE] graph - -------> nonSkippedChar
2021-11-21T23:53:18,096|[TRACE] script - #out(`0`) [token]
2021-11-21T23:53:18,096|[TRACE] graph - <------- nonSkippedChar
2021-11-21T23:53:18,096|[TRACE] graph - <----- statementPart
2021-11-21T23:53:18,096|[TRACE] graph - -----> statementPart
2021-11-21T23:53:18,096|[TRACE] graph - -------> nonSkippedChar
2021-11-21T23:53:18,096|[TRACE] script - #out(`)`) [token]
2021-11-21T23:53:18,096|[TRACE] graph - <------- nonSkippedChar
2021-11-21T23:53:18,096|[TRACE] graph - <----- statementPart
2021-11-21T23:53:18,096|[TRACE] graph - -----> statementPart
2021-11-21T23:53:18,096|[TRACE] graph - -------> nonSkippedChar
2021-11-21T23:53:18,096|[TRACE] script - #out(`,`) [token]
2021-11-21T23:53:18,096|[TRACE] graph - <------- nonSkippedChar
2021-11-21T23:53:18,096|[TRACE] graph - <----- statementPart
2021-11-21T23:53:18,096|[TRACE] graph - -----> afterStatementPartNewline
2021-11-21T23:53:18,096|[TRACE] script - #out(` `) [text]
2021-11-21T23:53:18,096|[TRACE] graph - <----- afterStatementPartNewline
2021-11-21T23:53:18,096|[TRACE] graph - -----> statementPart
2021-11-21T23:53:18,096|[TRACE] graph - -------> nonSkippedSpace
2021-11-21T23:53:18,096|[TRACE] script - #out(` `) [token]
2021-11-21T23:53:18,096|[TRACE] graph - <------- nonSkippedSpace
2021-11-21T23:53:18,096|[TRACE] graph - <----- statementPart
2021-11-21T23:53:18,096|[TRACE] graph - -----> statementPart
2021-11-21T23:53:18,096|[TRACE] graph - -------> nonSkippedSpace
2021-11-21T23:53:18,096|[TRACE] script - #out(` `) [token]
2021-11-21T23:53:18,096|[TRACE] graph - <------- nonSkippedSpace
2021-11-21T23:53:18,096|[TRACE] graph - <----- statementPart
2021-11-21T23:53:18,096|[TRACE] graph - -----> statementPart
2021-11-21T23:53:18,096|[TRACE] graph - -------> quotedString
2021-11-21T23:53:18,096|[TRACE] script - #out(``version``) [token]
2021-11-21T23:53:18,096|[TRACE] graph - <------- quotedString
2021-11-21T23:53:18,096|[TRACE] graph - <----- statementPart
2021-11-21T23:53:18,096|[TRACE] graph - -----> statementPart
2021-11-21T23:53:18,096|[TRACE] graph - -------> nonSkippedSpace
2021-11-21T23:53:18,096|[TRACE] script - #out(` `) [token]
2021-11-21T23:53:18,096|[TRACE] graph - <------- nonSkippedSpace
2021-11-21T23:53:18,096|[TRACE] graph - <----- statementPart
2021-11-21T23:53:18,096|[TRACE] graph - -----> statementPart
2021-11-21T23:53:18,096|[TRACE] graph - -------> nonSkippedChar
2021-11-21T23:53:18,096|[TRACE] script - #out(`I`) [token]
2021-11-21T23:53:18,096|[TRACE] graph - <------- nonSkippedChar
2021-11-21T23:53:18,096|[TRACE] graph - <----- statementPart
2021-11-21T23:53:18,096|[TRACE] graph - -----> statementPart
2021-11-21T23:53:18,096|[TRACE] graph - -------> nonSkippedChar
2021-11-21T23:53:18,096|[TRACE] script - #out(`N`) [token]
2021-11-21T23:53:18,096|[TRACE] graph - <------- nonSkippedChar
2021-11-21T23:53:18,096|[TRACE] graph - <----- statementPart
2021-11-21T23:53:18,096|[TRACE] graph - -----> statementPart
2021-11-21T23:53:18,096|[TRACE] graph - -------> nonSkippedChar
2021-11-21T23:53:18,096|[TRACE] script - #out(`T`) [token]
2021-11-21T23:53:18,096|[TRACE] graph - <------- nonSkippedChar
2021-11-21T23:53:18,096|[TRACE] graph - <----- statementPart
2021-11-21T23:53:18,096|[TRACE] graph - -----> statementPart
2021-11-21T23:53:18,096|[TRACE] graph - -------> nonSkippedSpace
2021-11-21T23:53:18,097|[TRACE] script - #out(` `) [token]
2021-11-21T23:53:18,097|[TRACE] graph - <------- nonSkippedSpace
2021-11-21T23:53:18,097|[TRACE] graph - <----- statementPart
2021-11-21T23:53:18,097|[TRACE] graph - -----> statementPart
2021-11-21T23:53:18,097|[TRACE] graph - -------> nonSkippedChar
2021-11-21T23:53:18,097|[TRACE] script - #out(`N`) [token]
2021-11-21T23:53:18,097|[TRACE] graph - <------- nonSkippedChar
2021-11-21T23:53:18,097|[TRACE] graph - <----- statementPart
2021-11-21T23:53:18,097|[TRACE] graph - -----> statementPart
2021-11-21T23:53:18,097|[TRACE] graph - -------> nonSkippedChar
2021-11-21T23:53:18,097|[TRACE] script - #out(`O`) [token]
2021-11-21T23:53:18,097|[TRACE] graph - <------- nonSkippedChar
2021-11-21T23:53:18,097|[TRACE] graph - <----- statementPart
2021-11-21T23:53:18,097|[TRACE] graph - -----> statementPart
2021-11-21T23:53:18,097|[TRACE] graph - -------> nonSkippedChar
2021-11-21T23:53:18,097|[TRACE] script - #out(`T`) [token]
2021-11-21T23:53:18,097|[TRACE] graph - <------- nonSkippedChar
2021-11-21T23:53:18,097|[TRACE] graph - <----- statementPart
2021-11-21T23:53:18,097|[TRACE] graph - -----> statementPart
2021-11-21T23:53:18,097|[TRACE] graph - -------> nonSkippedSpace
2021-11-21T23:53:18,097|[TRACE] script - #out(` `) [token]
2021-11-21T23:53:18,097|[TRACE] graph - <------- nonSkippedSpace
2021-11-21T23:53:18,097|[TRACE] graph - <----- statementPart
2021-11-21T23:53:18,097|[TRACE] graph - -----> statementPart
2021-11-21T23:53:18,097|[TRACE] graph - -------> nonSkippedChar
2021-11-21T23:53:18,097|[TRACE] script - #out(`N`) [token]
2021-11-21T23:53:18,097|[TRACE] graph - <------- nonSkippedChar
2021-11-21T23:53:18,097|[TRACE] graph - <----- statementPart
2021-11-21T23:53:18,097|[TRACE] graph - -----> statementPart
2021-11-21T23:53:18,097|[TRACE] graph - -------> nonSkippedChar
2021-11-21T23:53:18,097|[TRACE] script - #out(`U`) [token]
2021-11-21T23:53:18,097|[TRACE] graph - <------- nonSkippedChar
2021-11-21T23:53:18,097|[TRACE] graph - <----- statementPart
2021-11-21T23:53:18,097|[TRACE] graph - -----> statementPart
2021-11-21T23:53:18,097|[TRACE] graph - -------> nonSkippedChar
2021-11-21T23:53:18,097|[TRACE] script - #out(`L`) [token]
2021-11-21T23:53:18,097|[TRACE] graph - <------- nonSkippedChar
2021-11-21T23:53:18,097|[TRACE] graph - <----- statementPart
2021-11-21T23:53:18,097|[TRACE] graph - -----> statementPart
2021-11-21T23:53:18,097|[TRACE] graph - -------> nonSkippedChar
2021-11-21T23:53:18,097|[TRACE] script - #out(`L`) [token]
2021-11-21T23:53:18,097|[TRACE] graph - <------- nonSkippedChar
2021-11-21T23:53:18,097|[TRACE] graph - <----- statementPart
2021-11-21T23:53:18,097|[TRACE] graph - -----> statementPart
2021-11-21T23:53:18,097|[TRACE] graph - -------> nonSkippedSpace
2021-11-21T23:53:18,097|[TRACE] script - #out(` `) [token]
2021-11-21T23:53:18,097|[TRACE] graph - <------- nonSkippedSpace
2021-11-21T23:53:18,097|[TRACE] graph - <----- statementPart
2021-11-21T23:53:18,097|[TRACE] graph - -----> statementPart
2021-11-21T23:53:18,097|[TRACE] graph - -------> nonSkippedChar
2021-11-21T23:53:18,097|[TRACE] script - #out(`D`) [token]
2021-11-21T23:53:18,097|[TRACE] graph - <------- nonSkippedChar
2021-11-21T23:53:18,097|[TRACE] graph - <----- statementPart
2021-11-21T23:53:18,097|[TRACE] graph - -----> statementPart
2021-11-21T23:53:18,097|[TRACE] graph - -------> nonSkippedChar
2021-11-21T23:53:18,097|[TRACE] script - #out(`E`) [token]
2021-11-21T23:53:18,097|[TRACE] graph - <------- nonSkippedChar
2021-11-21T23:53:18,097|[TRACE] graph - <----- statementPart
2021-11-21T23:53:18,097|[TRACE] graph - -----> statementPart
2021-11-21T23:53:18,097|[TRACE] graph - -------> nonSkippedChar
2021-11-21T23:53:18,097|[TRACE] script - #out(`F`) [token]
2021-11-21T23:53:18,097|[TRACE] graph - <------- nonSkippedChar
2021-11-21T23:53:18,097|[TRACE] graph - <----- statementPart
2021-11-21T23:53:18,097|[TRACE] graph - -----> statementPart
2021-11-21T23:53:18,097|[TRACE] graph - -------> nonSkippedChar
2021-11-21T23:53:18,097|[TRACE] script - #out(`A`) [token]
2021-11-21T23:53:18,097|[TRACE] graph - <------- nonSkippedChar
2021-11-21T23:53:18,097|[TRACE] graph - <----- statementPart
2021-11-21T23:53:18,097|[TRACE] graph - -----> statementPart
2021-11-21T23:53:18,097|[TRACE] graph - -------> nonSkippedChar
2021-11-21T23:53:18,097|[TRACE] script - #out(`U`) [token]
2021-11-21T23:53:18,097|[TRACE] graph - <------- nonSkippedChar
2021-11-21T23:53:18,097|[TRACE] graph - <----- statementPart
2021-11-21T23:53:18,097|[TRACE] graph - -----> statementPart
2021-11-21T23:53:18,097|[TRACE] graph - -------> nonSkippedChar
2021-11-21T23:53:18,097|[TRACE] script - #out(`L`) [token]
2021-11-21T23:53:18,097|[TRACE] graph - <------- nonSkippedChar
2021-11-21T23:53:18,097|[TRACE] graph - <----- statementPart
2021-11-21T23:53:18,097|[TRACE] graph - -----> statementPart
2021-11-21T23:53:18,097|[TRACE] graph - -------> nonSkippedChar
2021-11-21T23:53:18,097|[TRACE] script - #out(`T`) [token]
2021-11-21T23:53:18,097|[TRACE] graph - <------- nonSkippedChar
2021-11-21T23:53:18,097|[TRACE] graph - <----- statementPart
2021-11-21T23:53:18,097|[TRACE] graph - -----> statementPart
2021-11-21T23:53:18,097|[TRACE] graph - -------> nonSkippedSpace
2021-11-21T23:53:18,097|[TRACE] script - #out(` `) [token]
2021-11-21T23:53:18,097|[TRACE] graph - <------- nonSkippedSpace
2021-11-21T23:53:18,097|[TRACE] graph - <----- statementPart
2021-11-21T23:53:18,097|[TRACE] graph - -----> statementPart
2021-11-21T23:53:18,097|[TRACE] graph - -------> quotedString
2021-11-21T23:53:18,097|[TRACE] script - #out(`'1'`) [token]
2021-11-21T23:53:18,097|[TRACE] graph - <------- quotedString
2021-11-21T23:53:18,097|[TRACE] graph - <----- statementPart
2021-11-21T23:53:18,097|[TRACE] graph - -----> statementPart
2021-11-21T23:53:18,097|[TRACE] graph - -------> nonSkippedChar
2021-11-21T23:53:18,097|[TRACE] script - #out(`,`) [token]
2021-11-21T23:53:18,097|[TRACE] graph - <------- nonSkippedChar
2021-11-21T23:53:18,097|[TRACE] graph - <----- statementPart
2021-11-21T23:53:18,097|[TRACE] graph - -----> afterStatementPartNewline
2021-11-21T23:53:18,097|[TRACE] script - #out(` `) [text]
2021-11-21T23:53:18,097|[TRACE] graph - <----- afterStatementPartNewline
2021-11-21T23:53:18,097|[TRACE] graph - -----> statementPart
2021-11-21T23:53:18,097|[TRACE] graph - -------> nonSkippedSpace
2021-11-21T23:53:18,097|[TRACE] script - #out(` `) [token]
2021-11-21T23:53:18,097|[TRACE] graph - <------- nonSkippedSpace
2021-11-21T23:53:18,097|[TRACE] graph - <----- statementPart
2021-11-21T23:53:18,097|[TRACE] graph - -----> statementPart
2021-11-21T23:53:18,097|[TRACE] graph - -------> nonSkippedSpace
2021-11-21T23:53:18,097|[TRACE] script - #out(` `) [token]
2021-11-21T23:53:18,097|[TRACE] graph - <------- nonSkippedSpace
2021-11-21T23:53:18,098|[TRACE] graph - <----- statementPart
2021-11-21T23:53:18,098|[TRACE] graph - -----> statementPart
2021-11-21T23:53:18,098|[TRACE] graph - -------> nonSkippedChar
2021-11-21T23:53:18,098|[TRACE] script - #out(`P`) [token]
2021-11-21T23:53:18,098|[TRACE] graph - <------- nonSkippedChar
2021-11-21T23:53:18,098|[TRACE] graph - <----- statementPart
2021-11-21T23:53:18,098|[TRACE] graph - -----> statementPart
2021-11-21T23:53:18,098|[TRACE] graph - -------> nonSkippedChar
2021-11-21T23:53:18,098|[TRACE] script - #out(`R`) [token]
2021-11-21T23:53:18,098|[TRACE] graph - <------- nonSkippedChar
2021-11-21T23:53:18,098|[TRACE] graph - <----- statementPart
2021-11-21T23:53:18,098|[TRACE] graph - -----> statementPart
2021-11-21T23:53:18,098|[TRACE] graph - -------> nonSkippedChar
2021-11-21T23:53:18,098|[TRACE] script - #out(`I`) [token]
2021-11-21T23:53:18,098|[TRACE] graph - <------- nonSkippedChar
2021-11-21T23:53:18,098|[TRACE] graph - <----- statementPart
2021-11-21T23:53:18,098|[TRACE] graph - -----> statementPart
2021-11-21T23:53:18,098|[TRACE] graph - -------> nonSkippedChar
2021-11-21T23:53:18,098|[TRACE] script - #out(`M`) [token]
2021-11-21T23:53:18,098|[TRACE] graph - <------- nonSkippedChar
2021-11-21T23:53:18,098|[TRACE] graph - <----- statementPart
2021-11-21T23:53:18,098|[TRACE] graph - -----> statementPart
2021-11-21T23:53:18,098|[TRACE] graph - -------> nonSkippedChar
2021-11-21T23:53:18,098|[TRACE] script - #out(`A`) [token]
2021-11-21T23:53:18,098|[TRACE] graph - <------- nonSkippedChar
2021-11-21T23:53:18,098|[TRACE] graph - <----- statementPart
2021-11-21T23:53:18,098|[TRACE] graph - -----> statementPart
2021-11-21T23:53:18,098|[TRACE] graph - -------> nonSkippedChar
2021-11-21T23:53:18,098|[TRACE] script - #out(`R`) [token]
2021-11-21T23:53:18,098|[TRACE] graph - <------- nonSkippedChar
2021-11-21T23:53:18,098|[TRACE] graph - <----- statementPart
2021-11-21T23:53:18,098|[TRACE] graph - -----> statementPart
2021-11-21T23:53:18,098|[TRACE] graph - -------> nonSkippedChar
2021-11-21T23:53:18,098|[TRACE] script - #out(`Y`) [token]
2021-11-21T23:53:18,098|[TRACE] graph - <------- nonSkippedChar
2021-11-21T23:53:18,098|[TRACE] graph - <----- statementPart
2021-11-21T23:53:18,098|[TRACE] graph - -----> statementPart
2021-11-21T23:53:18,098|[TRACE] graph - -------> nonSkippedSpace
2021-11-21T23:53:18,098|[TRACE] script - #out(` `) [token]
2021-11-21T23:53:18,098|[TRACE] graph - <------- nonSkippedSpace
2021-11-21T23:53:18,098|[TRACE] graph - <----- statementPart
2021-11-21T23:53:18,098|[TRACE] graph - -----> statementPart
2021-11-21T23:53:18,098|[TRACE] graph - -------> nonSkippedChar
2021-11-21T23:53:18,098|[TRACE] script - #out(`K`) [token]
2021-11-21T23:53:18,098|[TRACE] graph - <------- nonSkippedChar
2021-11-21T23:53:18,098|[TRACE] graph - <----- statementPart
2021-11-21T23:53:18,098|[TRACE] graph - -----> statementPart
2021-11-21T23:53:18,098|[TRACE] graph - -------> nonSkippedChar
2021-11-21T23:53:18,098|[TRACE] script - #out(`E`) [token]
2021-11-21T23:53:18,098|[TRACE] graph - <------- nonSkippedChar
2021-11-21T23:53:18,098|[TRACE] graph - <----- statementPart
2021-11-21T23:53:18,098|[TRACE] graph - -----> statementPart
2021-11-21T23:53:18,098|[TRACE] graph - -------> nonSkippedChar
2021-11-21T23:53:18,098|[TRACE] script - #out(`Y`) [token]
2021-11-21T23:53:18,098|[TRACE] graph - <------- nonSkippedChar
2021-11-21T23:53:18,098|[TRACE] graph - <----- statementPart
2021-11-21T23:53:18,098|[TRACE] graph - -----> statementPart
2021-11-21T23:53:18,098|[TRACE] graph - -------> nonSkippedSpace
2021-11-21T23:53:18,098|[TRACE] script - #out(` `) [token]
2021-11-21T23:53:18,098|[TRACE] graph - <------- nonSkippedSpace
2021-11-21T23:53:18,098|[TRACE] graph - <----- statementPart
2021-11-21T23:53:18,098|[TRACE] graph - -----> statementPart
2021-11-21T23:53:18,098|[TRACE] graph - -------> nonSkippedChar
2021-11-21T23:53:18,098|[TRACE] script - #out(`(`) [token]
2021-11-21T23:53:18,098|[TRACE] graph - <------- nonSkippedChar
2021-11-21T23:53:18,098|[TRACE] graph - <----- statementPart
2021-11-21T23:53:18,098|[TRACE] graph - -----> statementPart
2021-11-21T23:53:18,098|[TRACE] graph - -------> quotedString
2021-11-21T23:53:18,098|[TRACE] script - #out(``id``) [token]
2021-11-21T23:53:18,098|[TRACE] graph - <------- quotedString
2021-11-21T23:53:18,098|[TRACE] graph - <----- statementPart
2021-11-21T23:53:18,098|[TRACE] graph - -----> statementPart
2021-11-21T23:53:18,098|[TRACE] graph - -------> nonSkippedChar
2021-11-21T23:53:18,098|[TRACE] script - #out(`)`) [token]
2021-11-21T23:53:18,098|[TRACE] graph - <------- nonSkippedChar
2021-11-21T23:53:18,098|[TRACE] graph - <----- statementPart
2021-11-21T23:53:18,098|[TRACE] graph - -----> statementPart
2021-11-21T23:53:18,098|[TRACE] graph - -------> nonSkippedChar
2021-11-21T23:53:18,098|[TRACE] script - #out(`)`) [token]
2021-11-21T23:53:18,098|[TRACE] graph - <------- nonSkippedChar
2021-11-21T23:53:18,098|[TRACE] graph - <----- statementPart
2021-11-21T23:53:18,098|[TRACE] graph - -----> afterStatementPartNewline
2021-11-21T23:53:18,098|[TRACE] script - #out(` `) [text]
2021-11-21T23:53:18,098|[TRACE] graph - <----- afterStatementPartNewline
2021-11-21T23:53:18,098|[TRACE] graph - -----> statementPart
2021-11-21T23:53:18,098|[TRACE] graph - -------> nonSkippedChar
2021-11-21T23:53:18,098|[TRACE] script - #out(`E`) [token]
2021-11-21T23:53:18,098|[TRACE] graph - <------- nonSkippedChar
2021-11-21T23:53:18,098|[TRACE] graph - <----- statementPart
2021-11-21T23:53:18,098|[TRACE] graph - -----> statementPart
2021-11-21T23:53:18,098|[TRACE] graph - -------> nonSkippedChar
2021-11-21T23:53:18,098|[TRACE] script - #out(`N`) [token]
2021-11-21T23:53:18,098|[TRACE] graph - <------- nonSkippedChar
2021-11-21T23:53:18,098|[TRACE] graph - <----- statementPart
2021-11-21T23:53:18,098|[TRACE] graph - -----> statementPart
2021-11-21T23:53:18,098|[TRACE] graph - -------> nonSkippedChar
2021-11-21T23:53:18,098|[TRACE] script - #out(`G`) [token]
2021-11-21T23:53:18,098|[TRACE] graph - <------- nonSkippedChar
2021-11-21T23:53:18,098|[TRACE] graph - <----- statementPart
2021-11-21T23:53:18,098|[TRACE] graph - -----> statementPart
2021-11-21T23:53:18,098|[TRACE] graph - -------> nonSkippedChar
2021-11-21T23:53:18,098|[TRACE] script - #out(`I`) [token]
2021-11-21T23:53:18,098|[TRACE] graph - <------- nonSkippedChar
2021-11-21T23:53:18,098|[TRACE] graph - <----- statementPart
2021-11-21T23:53:18,098|[TRACE] graph - -----> statementPart
2021-11-21T23:53:18,098|[TRACE] graph - -------> nonSkippedChar
2021-11-21T23:53:18,098|[TRACE] script - #out(`N`) [token]
2021-11-21T23:53:18,098|[TRACE] graph - <------- nonSkippedChar
2021-11-21T23:53:18,098|[TRACE] graph - <----- statementPart
2021-11-21T23:53:18,098|[TRACE] graph - -----> statementPart
2021-11-21T23:53:18,098|[TRACE] graph - -------> nonSkippedChar
2021-11-21T23:53:18,098|[TRACE] script - #out(`E`) [token]
2021-11-21T23:53:18,098|[TRACE] graph - <------- nonSkippedChar
2021-11-21T23:53:18,098|[TRACE] graph - <----- statementPart
2021-11-21T23:53:18,098|[TRACE] graph - -----> statementPart
2021-11-21T23:53:18,099|[TRACE] graph - -------> nonSkippedSpace
2021-11-21T23:53:18,099|[TRACE] script - #out(` `) [token]
2021-11-21T23:53:18,099|[TRACE] graph - <------- nonSkippedSpace
2021-11-21T23:53:18,099|[TRACE] graph - <----- statementPart
2021-11-21T23:53:18,099|[TRACE] graph - -----> statementPart
2021-11-21T23:53:18,099|[TRACE] graph - -------> nonSkippedChar
2021-11-21T23:53:18,099|[TRACE] script - #out(`=`) [token]
2021-11-21T23:53:18,099|[TRACE] graph - <------- nonSkippedChar
2021-11-21T23:53:18,099|[TRACE] graph - <----- statementPart
2021-11-21T23:53:18,099|[TRACE] graph - -----> statementPart
2021-11-21T23:53:18,099|[TRACE] graph - -------> nonSkippedSpace
2021-11-21T23:53:18,099|[TRACE] script - #out(` `) [token]
2021-11-21T23:53:18,099|[TRACE] graph - <------- nonSkippedSpace
2021-11-21T23:53:18,099|[TRACE] graph - <----- statementPart
2021-11-21T23:53:18,099|[TRACE] graph - -----> statementPart
2021-11-21T23:53:18,099|[TRACE] graph - -------> nonSkippedChar
2021-11-21T23:53:18,099|[TRACE] script - #out(`I`) [token]
2021-11-21T23:53:18,099|[TRACE] graph - <------- nonSkippedChar
2021-11-21T23:53:18,099|[TRACE] graph - <----- statementPart
2021-11-21T23:53:18,099|[TRACE] graph - -----> statementPart
2021-11-21T23:53:18,099|[TRACE] graph - -------> nonSkippedChar
2021-11-21T23:53:18,099|[TRACE] script - #out(`n`) [token]
2021-11-21T23:53:18,099|[TRACE] graph - <------- nonSkippedChar
2021-11-21T23:53:18,099|[TRACE] graph - <----- statementPart
2021-11-21T23:53:18,099|[TRACE] graph - -----> statementPart
2021-11-21T23:53:18,099|[TRACE] graph - -------> nonSkippedChar
2021-11-21T23:53:18,099|[TRACE] script - #out(`n`) [token]
2021-11-21T23:53:18,099|[TRACE] graph - <------- nonSkippedChar
2021-11-21T23:53:18,099|[TRACE] graph - <----- statementPart
2021-11-21T23:53:18,099|[TRACE] graph - -----> statementPart
2021-11-21T23:53:18,099|[TRACE] graph - -------> nonSkippedChar
2021-11-21T23:53:18,099|[TRACE] script - #out(`o`) [token]
2021-11-21T23:53:18,099|[TRACE] graph - <------- nonSkippedChar
2021-11-21T23:53:18,099|[TRACE] graph - <----- statementPart
2021-11-21T23:53:18,099|[TRACE] graph - -----> statementPart
2021-11-21T23:53:18,099|[TRACE] graph - -------> nonSkippedChar
2021-11-21T23:53:18,099|[TRACE] script - #out(`D`) [token]
2021-11-21T23:53:18,099|[TRACE] graph - <------- nonSkippedChar
2021-11-21T23:53:18,099|[TRACE] graph - <----- statementPart
2021-11-21T23:53:18,099|[TRACE] graph - -----> statementPart
2021-11-21T23:53:18,099|[TRACE] graph - -------> nonSkippedChar
2021-11-21T23:53:18,099|[TRACE] script - #out(`B`) [token]
2021-11-21T23:53:18,099|[TRACE] graph - <------- nonSkippedChar
2021-11-21T23:53:18,099|[TRACE] graph - <----- statementPart
2021-11-21T23:53:18,099|[TRACE] graph - -----> afterStatementPartNewline
2021-11-21T23:53:18,099|[TRACE] script - #out(` `) [text]
2021-11-21T23:53:18,099|[TRACE] graph - <----- afterStatementPartNewline
2021-11-21T23:53:18,099|[TRACE] graph - -----> statementPart
2021-11-21T23:53:18,099|[TRACE] graph - -------> nonSkippedChar
2021-11-21T23:53:18,099|[TRACE] script - #out(`D`) [token]
2021-11-21T23:53:18,099|[TRACE] graph - <------- nonSkippedChar
2021-11-21T23:53:18,099|[TRACE] graph - <----- statementPart
2021-11-21T23:53:18,099|[TRACE] graph - -----> statementPart
2021-11-21T23:53:18,099|[TRACE] graph - -------> nonSkippedChar
2021-11-21T23:53:18,099|[TRACE] script - #out(`E`) [token]
2021-11-21T23:53:18,099|[TRACE] graph - <------- nonSkippedChar
2021-11-21T23:53:18,099|[TRACE] graph - <----- statementPart
2021-11-21T23:53:18,099|[TRACE] graph - -----> statementPart
2021-11-21T23:53:18,099|[TRACE] graph - -------> nonSkippedChar
2021-11-21T23:53:18,099|[TRACE] script - #out(`F`) [token]
2021-11-21T23:53:18,099|[TRACE] graph - <------- nonSkippedChar
2021-11-21T23:53:18,099|[TRACE] graph - <----- statementPart
2021-11-21T23:53:18,099|[TRACE] graph - -----> statementPart
2021-11-21T23:53:18,099|[TRACE] graph - -------> nonSkippedChar
2021-11-21T23:53:18,099|[TRACE] script - #out(`A`) [token]
2021-11-21T23:53:18,099|[TRACE] graph - <------- nonSkippedChar
2021-11-21T23:53:18,099|[TRACE] graph - <----- statementPart
2021-11-21T23:53:18,099|[TRACE] graph - -----> statementPart
2021-11-21T23:53:18,099|[TRACE] graph - -------> nonSkippedChar
2021-11-21T23:53:18,099|[TRACE] script - #out(`U`) [token]
2021-11-21T23:53:18,099|[TRACE] graph - <------- nonSkippedChar
2021-11-21T23:53:18,099|[TRACE] graph - <----- statementPart
2021-11-21T23:53:18,099|[TRACE] graph - -----> statementPart
2021-11-21T23:53:18,099|[TRACE] graph - -------> nonSkippedChar
2021-11-21T23:53:18,099|[TRACE] script - #out(`L`) [token]
2021-11-21T23:53:18,099|[TRACE] graph - <------- nonSkippedChar
2021-11-21T23:53:18,099|[TRACE] graph - <----- statementPart
2021-11-21T23:53:18,099|[TRACE] graph - -----> statementPart
2021-11-21T23:53:18,099|[TRACE] graph - -------> nonSkippedChar
2021-11-21T23:53:18,099|[TRACE] script - #out(`T`) [token]
2021-11-21T23:53:18,099|[TRACE] graph - <------- nonSkippedChar
2021-11-21T23:53:18,099|[TRACE] graph - <----- statementPart
2021-11-21T23:53:18,099|[TRACE] graph - -----> statementPart
2021-11-21T23:53:18,099|[TRACE] graph - -------> nonSkippedSpace
2021-11-21T23:53:18,099|[TRACE] script - #out(` `) [token]
2021-11-21T23:53:18,099|[TRACE] graph - <------- nonSkippedSpace
2021-11-21T23:53:18,099|[TRACE] graph - <----- statementPart
2021-11-21T23:53:18,099|[TRACE] graph - -----> statementPart
2021-11-21T23:53:18,099|[TRACE] graph - -------> nonSkippedChar
2021-11-21T23:53:18,099|[TRACE] script - #out(`C`) [token]
2021-11-21T23:53:18,099|[TRACE] graph - <------- nonSkippedChar
2021-11-21T23:53:18,099|[TRACE] graph - <----- statementPart
2021-11-21T23:53:18,099|[TRACE] graph - -----> statementPart
2021-11-21T23:53:18,099|[TRACE] graph - -------> nonSkippedChar
2021-11-21T23:53:18,099|[TRACE] script - #out(`H`) [token]
2021-11-21T23:53:18,099|[TRACE] graph - <------- nonSkippedChar
2021-11-21T23:53:18,099|[TRACE] graph - <----- statementPart
2021-11-21T23:53:18,099|[TRACE] graph - -----> statementPart
2021-11-21T23:53:18,099|[TRACE] graph - -------> nonSkippedChar
2021-11-21T23:53:18,099|[TRACE] script - #out(`A`) [token]
2021-11-21T23:53:18,099|[TRACE] graph - <------- nonSkippedChar
2021-11-21T23:53:18,099|[TRACE] graph - <----- statementPart
2021-11-21T23:53:18,099|[TRACE] graph - -----> statementPart
2021-11-21T23:53:18,099|[TRACE] graph - -------> nonSkippedChar
2021-11-21T23:53:18,099|[TRACE] script - #out(`R`) [token]
2021-11-21T23:53:18,099|[TRACE] graph - <------- nonSkippedChar
2021-11-21T23:53:18,099|[TRACE] graph - <----- statementPart
2021-11-21T23:53:18,099|[TRACE] graph - -----> statementPart
2021-11-21T23:53:18,100|[TRACE] graph - -------> nonSkippedChar
2021-11-21T23:53:18,100|[TRACE] script - #out(`A`) [token]
2021-11-21T23:53:18,100|[TRACE] graph - <------- nonSkippedChar
2021-11-21T23:53:18,100|[TRACE] graph - <----- statementPart
2021-11-21T23:53:18,100|[TRACE] graph - -----> statementPart
2021-11-21T23:53:18,100|[TRACE] graph - -------> nonSkippedChar
2021-11-21T23:53:18,100|[TRACE] script - #out(`C`) [token]
2021-11-21T23:53:18,100|[TRACE] graph - <------- nonSkippedChar
2021-11-21T23:53:18,100|[TRACE] graph - <----- statementPart
2021-11-21T23:53:18,100|[TRACE] graph - -----> statementPart
2021-11-21T23:53:18,100|[TRACE] graph - -------> nonSkippedChar
2021-11-21T23:53:18,100|[TRACE] script - #out(`T`) [token]
2021-11-21T23:53:18,100|[TRACE] graph - <------- nonSkippedChar
2021-11-21T23:53:18,100|[TRACE] graph - <----- statementPart
2021-11-21T23:53:18,100|[TRACE] graph - -----> statementPart
2021-11-21T23:53:18,100|[TRACE] graph - -------> nonSkippedChar
2021-11-21T23:53:18,100|[TRACE] script - #out(`E`) [token]
2021-11-21T23:53:18,100|[TRACE] graph - <------- nonSkippedChar
2021-11-21T23:53:18,100|[TRACE] graph - <----- statementPart
2021-11-21T23:53:18,100|[TRACE] graph - -----> statementPart
2021-11-21T23:53:18,100|[TRACE] graph - -------> nonSkippedChar
2021-11-21T23:53:18,100|[TRACE] script - #out(`R`) [token]
2021-11-21T23:53:18,100|[TRACE] graph - <------- nonSkippedChar
2021-11-21T23:53:18,100|[TRACE] graph - <----- statementPart
2021-11-21T23:53:18,100|[TRACE] graph - -----> statementPart
2021-11-21T23:53:18,100|[TRACE] graph - -------> nonSkippedSpace
2021-11-21T23:53:18,100|[TRACE] script - #out(` `) [token]
2021-11-21T23:53:18,100|[TRACE] graph - <------- nonSkippedSpace
2021-11-21T23:53:18,100|[TRACE] graph - <----- statementPart
2021-11-21T23:53:18,100|[TRACE] graph - -----> statementPart
2021-11-21T23:53:18,100|[TRACE] graph - -------> nonSkippedChar
2021-11-21T23:53:18,100|[TRACE] script - #out(`S`) [token]
2021-11-21T23:53:18,100|[TRACE] graph - <------- nonSkippedChar
2021-11-21T23:53:18,100|[TRACE] graph - <----- statementPart
2021-11-21T23:53:18,100|[TRACE] graph - -----> statementPart
2021-11-21T23:53:18,100|[TRACE] graph - -------> nonSkippedChar
2021-11-21T23:53:18,100|[TRACE] script - #out(`E`) [token]
2021-11-21T23:53:18,100|[TRACE] graph - <------- nonSkippedChar
2021-11-21T23:53:18,100|[TRACE] graph - <----- statementPart
2021-11-21T23:53:18,100|[TRACE] graph - -----> statementPart
2021-11-21T23:53:18,100|[TRACE] graph - -------> nonSkippedChar
2021-11-21T23:53:18,100|[TRACE] script - #out(`T`) [token]
2021-11-21T23:53:18,100|[TRACE] graph - <------- nonSkippedChar
2021-11-21T23:53:18,100|[TRACE] graph - <----- statementPart
2021-11-21T23:53:18,100|[TRACE] graph - -----> statementPart
2021-11-21T23:53:18,100|[TRACE] graph - -------> nonSkippedSpace
2021-11-21T23:53:18,100|[TRACE] script - #out(` `) [token]
2021-11-21T23:53:18,100|[TRACE] graph - <------- nonSkippedSpace
2021-11-21T23:53:18,100|[TRACE] graph - <----- statementPart
2021-11-21T23:53:18,100|[TRACE] graph - -----> statementPart
2021-11-21T23:53:18,100|[TRACE] graph - -------> nonSkippedChar
2021-11-21T23:53:18,100|[TRACE] script - #out(`=`) [token]
2021-11-21T23:53:18,100|[TRACE] graph - <------- nonSkippedChar
2021-11-21T23:53:18,100|[TRACE] graph - <----- statementPart
2021-11-21T23:53:18,100|[TRACE] graph - -----> statementPart
2021-11-21T23:53:18,100|[TRACE] graph - -------> nonSkippedSpace
2021-11-21T23:53:18,100|[TRACE] script - #out(` `) [token]
2021-11-21T23:53:18,100|[TRACE] graph - <------- nonSkippedSpace
2021-11-21T23:53:18,100|[TRACE] graph - <----- statementPart
2021-11-21T23:53:18,100|[TRACE] graph - -----> statementPart
2021-11-21T23:53:18,100|[TRACE] graph - -------> nonSkippedChar
2021-11-21T23:53:18,100|[TRACE] script - #out(`u`) [token]
2021-11-21T23:53:18,100|[TRACE] graph - <------- nonSkippedChar
2021-11-21T23:53:18,100|[TRACE] graph - <----- statementPart
2021-11-21T23:53:18,100|[TRACE] graph - -----> statementPart
2021-11-21T23:53:18,100|[TRACE] graph - -------> nonSkippedChar
2021-11-21T23:53:18,100|[TRACE] script - #out(`t`) [token]
2021-11-21T23:53:18,100|[TRACE] graph - <------- nonSkippedChar
2021-11-21T23:53:18,100|[TRACE] graph - <----- statementPart
2021-11-21T23:53:18,100|[TRACE] graph - -----> statementPart
2021-11-21T23:53:18,100|[TRACE] graph - -------> nonSkippedChar
2021-11-21T23:53:18,100|[TRACE] script - #out(`f`) [token]
2021-11-21T23:53:18,100|[TRACE] graph - <------- nonSkippedChar
2021-11-21T23:53:18,100|[TRACE] graph - <----- statementPart
2021-11-21T23:53:18,100|[TRACE] graph - -----> statementPart
2021-11-21T23:53:18,100|[TRACE] graph - -------> nonSkippedChar
2021-11-21T23:53:18,100|[TRACE] script - #out(`8`) [token]
2021-11-21T23:53:18,100|[TRACE] graph - <------- nonSkippedChar
2021-11-21T23:53:18,100|[TRACE] graph - <----- statementPart
2021-11-21T23:53:18,100|[TRACE] graph - -----> statementPart
2021-11-21T23:53:18,100|[TRACE] graph - -------> nonSkippedChar
2021-11-21T23:53:18,100|[TRACE] script - #out(`m`) [token]
2021-11-21T23:53:18,100|[TRACE] graph - <------- nonSkippedChar
2021-11-21T23:53:18,100|[TRACE] graph - <----- statementPart
2021-11-21T23:53:18,100|[TRACE] graph - -----> statementPart
2021-11-21T23:53:18,100|[TRACE] graph - -------> nonSkippedChar
2021-11-21T23:53:18,100|[TRACE] script - #out(`b`) [token]
2021-11-21T23:53:18,100|[TRACE] graph - <------- nonSkippedChar
2021-11-21T23:53:18,100|[TRACE] graph - <----- statementPart
2021-11-21T23:53:18,100|[TRACE] graph - -----> statementPart
2021-11-21T23:53:18,100|[TRACE] graph - -------> nonSkippedChar
2021-11-21T23:53:18,100|[TRACE] script - #out(`4`) [token]
2021-11-21T23:53:18,100|[TRACE] graph - <------- nonSkippedChar
2021-11-21T23:53:18,100|[TRACE] graph - <----- statementPart
2021-11-21T23:53:18,100|[TRACE] graph - -----> afterStatementPartNewline
2021-11-21T23:53:18,100|[TRACE] script - #out(` `) [text]
2021-11-21T23:53:18,100|[TRACE] graph - <----- afterStatementPartNewline
2021-11-21T23:53:18,100|[TRACE] graph - -----> statementPart
2021-11-21T23:53:18,100|[TRACE] graph - -------> nonSkippedChar
2021-11-21T23:53:18,100|[TRACE] script - #out(`C`) [token]
2021-11-21T23:53:18,100|[TRACE] graph - <------- nonSkippedChar
2021-11-21T23:53:18,100|[TRACE] graph - <----- statementPart
2021-11-21T23:53:18,100|[TRACE] graph - -----> statementPart
2021-11-21T23:53:18,100|[TRACE] graph - -------> nonSkippedChar
2021-11-21T23:53:18,100|[TRACE] script - #out(`O`) [token]
2021-11-21T23:53:18,100|[TRACE] graph - <------- nonSkippedChar
2021-11-21T23:53:18,100|[TRACE] graph - <----- statementPart
2021-11-21T23:53:18,100|[TRACE] graph - -----> statementPart
2021-11-21T23:53:18,100|[TRACE] graph - -------> nonSkippedChar
2021-11-21T23:53:18,100|[TRACE] script - #out(`L`) [token]
2021-11-21T23:53:18,100|[TRACE] graph - <------- nonSkippedChar
2021-11-21T23:53:18,100|[TRACE] graph - <----- statementPart
2021-11-21T23:53:18,100|[TRACE] graph - -----> statementPart
2021-11-21T23:53:18,100|[TRACE] graph - -------> nonSkippedChar
2021-11-21T23:53:18,100|[TRACE] script - #out(`L`) [token]
2021-11-21T23:53:18,100|[TRACE] graph - <------- nonSkippedChar
2021-11-21T23:53:18,100|[TRACE] graph - <----- statementPart
2021-11-21T23:53:18,100|[TRACE] graph - -----> statementPart
2021-11-21T23:53:18,100|[TRACE] graph - -------> nonSkippedChar
2021-11-21T23:53:18,100|[TRACE] script - #out(`A`) [token]
2021-11-21T23:53:18,100|[TRACE] graph - <------- nonSkippedChar
2021-11-21T23:53:18,100|[TRACE] graph - <----- statementPart
2021-11-21T23:53:18,100|[TRACE] graph - -----> statementPart
2021-11-21T23:53:18,100|[TRACE] graph - -------> nonSkippedChar
2021-11-21T23:53:18,100|[TRACE] script - #out(`T`) [token]
2021-11-21T23:53:18,100|[TRACE] graph - <------- nonSkippedChar
2021-11-21T23:53:18,100|[TRACE] graph - <----- statementPart
2021-11-21T23:53:18,100|[TRACE] graph - -----> statementPart
2021-11-21T23:53:18,100|[TRACE] graph - -------> nonSkippedChar
2021-11-21T23:53:18,100|[TRACE] script - #out(`E`) [token]
2021-11-21T23:53:18,100|[TRACE] graph - <------- nonSkippedChar
2021-11-21T23:53:18,100|[TRACE] graph - <----- statementPart
2021-11-21T23:53:18,100|[TRACE] graph - -----> statementPart
2021-11-21T23:53:18,100|[TRACE] graph - -------> nonSkippedSpace
2021-11-21T23:53:18,100|[TRACE] script - #out(` `) [token]
2021-11-21T23:53:18,100|[TRACE] graph - <------- nonSkippedSpace
2021-11-21T23:53:18,100|[TRACE] graph - <----- statementPart
2021-11-21T23:53:18,100|[TRACE] graph - -----> statementPart
2021-11-21T23:53:18,100|[TRACE] graph - -------> nonSkippedChar
2021-11-21T23:53:18,101|[TRACE] script - #out(`=`) [token]
2021-11-21T23:53:18,101|[TRACE] graph - <------- nonSkippedChar
2021-11-21T23:53:18,101|[TRACE] graph - <----- statementPart
2021-11-21T23:53:18,101|[TRACE] graph - -----> statementPart
2021-11-21T23:53:18,101|[TRACE] graph - -------> nonSkippedSpace
2021-11-21T23:53:18,101|[TRACE] script - #out(` `) [token]
2021-11-21T23:53:18,101|[TRACE] graph - <------- nonSkippedSpace
2021-11-21T23:53:18,101|[TRACE] graph - <----- statementPart
2021-11-21T23:53:18,101|[TRACE] graph - -----> statementPart
2021-11-21T23:53:18,101|[TRACE] graph - -------> nonSkippedChar
2021-11-21T23:53:18,101|[TRACE] script - #out(`u`) [token]
2021-11-21T23:53:18,101|[TRACE] graph - <------- nonSkippedChar
2021-11-21T23:53:18,101|[TRACE] graph - <----- statementPart
2021-11-21T23:53:18,101|[TRACE] graph - -----> statementPart
2021-11-21T23:53:18,101|[TRACE] graph - -------> nonSkippedChar
2021-11-21T23:53:18,101|[TRACE] script - #out(`t`) [token]
2021-11-21T23:53:18,101|[TRACE] graph - <------- nonSkippedChar
2021-11-21T23:53:18,101|[TRACE] graph - <----- statementPart
2021-11-21T23:53:18,101|[TRACE] graph - -----> statementPart
2021-11-21T23:53:18,101|[TRACE] graph - -------> nonSkippedChar
2021-11-21T23:53:18,101|[TRACE] script - #out(`f`) [token]
2021-11-21T23:53:18,101|[TRACE] graph - <------- nonSkippedChar
2021-11-21T23:53:18,101|[TRACE] graph - <----- statementPart
2021-11-21T23:53:18,101|[TRACE] graph - -----> statementPart
2021-11-21T23:53:18,101|[TRACE] graph - -------> nonSkippedChar
2021-11-21T23:53:18,101|[TRACE] script - #out(`8`) [token]
2021-11-21T23:53:18,101|[TRACE] graph - <------- nonSkippedChar
2021-11-21T23:53:18,101|[TRACE] graph - <----- statementPart
2021-11-21T23:53:18,101|[TRACE] graph - -----> statementPart
2021-11-21T23:53:18,101|[TRACE] graph - -------> nonSkippedChar
2021-11-21T23:53:18,101|[TRACE] script - #out(`m`) [token]
2021-11-21T23:53:18,101|[TRACE] graph - <------- nonSkippedChar
2021-11-21T23:53:18,101|[TRACE] graph - <----- statementPart
2021-11-21T23:53:18,101|[TRACE] graph - -----> statementPart
2021-11-21T23:53:18,101|[TRACE] graph - -------> nonSkippedChar
2021-11-21T23:53:18,101|[TRACE] script - #out(`b`) [token]
2021-11-21T23:53:18,101|[TRACE] graph - <------- nonSkippedChar
2021-11-21T23:53:18,101|[TRACE] graph - <----- statementPart
2021-11-21T23:53:18,101|[TRACE] graph - -----> statementPart
2021-11-21T23:53:18,101|[TRACE] graph - -------> nonSkippedChar
2021-11-21T23:53:18,101|[TRACE] script - #out(`4`) [token]
2021-11-21T23:53:18,101|[TRACE] graph - <------- nonSkippedChar
2021-11-21T23:53:18,101|[TRACE] graph - <----- statementPart
2021-11-21T23:53:18,101|[TRACE] graph - -----> statementPart
2021-11-21T23:53:18,101|[TRACE] graph - -------> nonSkippedChar
2021-11-21T23:53:18,101|[TRACE] script - #out(`_`) [token]
2021-11-21T23:53:18,101|[TRACE] graph - <------- nonSkippedChar
2021-11-21T23:53:18,101|[TRACE] graph - <----- statementPart
2021-11-21T23:53:18,101|[TRACE] graph - -----> statementPart
2021-11-21T23:53:18,101|[TRACE] graph - -------> nonSkippedChar
2021-11-21T23:53:18,101|[TRACE] script - #out(`0`) [token]
2021-11-21T23:53:18,101|[TRACE] graph - <------- nonSkippedChar
2021-11-21T23:53:18,101|[TRACE] graph - <----- statementPart
2021-11-21T23:53:18,101|[TRACE] graph - -----> statementPart
2021-11-21T23:53:18,101|[TRACE] graph - -------> nonSkippedChar
2021-11-21T23:53:18,101|[TRACE] script - #out(`9`) [token]
2021-11-21T23:53:18,101|[TRACE] graph - <------- nonSkippedChar
2021-11-21T23:53:18,101|[TRACE] graph - <----- statementPart
2021-11-21T23:53:18,101|[TRACE] graph - -----> statementPart
2021-11-21T23:53:18,101|[TRACE] graph - -------> nonSkippedChar
2021-11-21T23:53:18,101|[TRACE] script - #out(`0`) [token]
2021-11-21T23:53:18,101|[TRACE] graph - <------- nonSkippedChar
2021-11-21T23:53:18,101|[TRACE] graph - <----- statementPart
2021-11-21T23:53:18,101|[TRACE] graph - -----> statementPart
2021-11-21T23:53:18,101|[TRACE] graph - -------> nonSkippedChar
2021-11-21T23:53:18,101|[TRACE] script - #out(`0`) [token]
2021-11-21T23:53:18,101|[TRACE] graph - <------- nonSkippedChar
2021-11-21T23:53:18,101|[TRACE] graph - <----- statementPart
2021-11-21T23:53:18,101|[TRACE] graph - -----> statementPart
2021-11-21T23:53:18,101|[TRACE] graph - -------> nonSkippedChar
2021-11-21T23:53:18,101|[TRACE] script - #out(`_`) [token]
2021-11-21T23:53:18,101|[TRACE] graph - <------- nonSkippedChar
2021-11-21T23:53:18,101|[TRACE] graph - <----- statementPart
2021-11-21T23:53:18,101|[TRACE] graph - -----> statementPart
2021-11-21T23:53:18,101|[TRACE] graph - -------> nonSkippedChar
2021-11-21T23:53:18,101|[TRACE] script - #out(`a`) [token]
2021-11-21T23:53:18,101|[TRACE] graph - <------- nonSkippedChar
2021-11-21T23:53:18,101|[TRACE] graph - <----- statementPart
2021-11-21T23:53:18,101|[TRACE] graph - -----> statementPart
2021-11-21T23:53:18,101|[TRACE] graph - -------> nonSkippedChar
2021-11-21T23:53:18,101|[TRACE] script - #out(`i`) [token]
2021-11-21T23:53:18,101|[TRACE] graph - <------- nonSkippedChar
2021-11-21T23:53:18,101|[TRACE] graph - <----- statementPart
2021-11-21T23:53:18,101|[TRACE] graph - -----> statementPart
2021-11-21T23:53:18,101|[TRACE] graph - -------> nonSkippedChar
2021-11-21T23:53:18,101|[TRACE] script - #out(`_`) [token]
2021-11-21T23:53:18,101|[TRACE] graph - <------- nonSkippedChar
2021-11-21T23:53:18,101|[TRACE] graph - <----- statementPart
2021-11-21T23:53:18,101|[TRACE] graph - -----> statementPart
2021-11-21T23:53:18,101|[TRACE] graph - -------> nonSkippedChar
2021-11-21T23:53:18,101|[TRACE] script - #out(`c`) [token]
2021-11-21T23:53:18,101|[TRACE] graph - <------- nonSkippedChar
2021-11-21T23:53:18,101|[TRACE] graph - <----- statementPart
2021-11-21T23:53:18,101|[TRACE] graph - -----> statementPart
2021-11-21T23:53:18,101|[TRACE] graph - -------> nonSkippedChar
2021-11-21T23:53:18,101|[TRACE] script - #out(`i`) [token]
2021-11-21T23:53:18,101|[TRACE] graph - <------- nonSkippedChar
2021-11-21T23:53:18,101|[TRACE] graph - <----- statementPart
2021-11-21T23:53:18,101|[DEBUG] graph - Import statement : CREATE TABLE IF NOT EXISTS `bloodbank`.`person` (   `id` INT NOT NULL AUTO_INCREMENT,   `first_name` VARCHAR(50) NOT NULL,   `last_name` VARCHAR(50) NOT NULL,   `created` BIGINT NOT NULL DEFAULT (unix_timestamp(now()) * 1000),   `updated` BIGINT NOT NULL DEFAULT (unix_timestamp(now()) * 1000),   `version` INT NOT NULL DEFAULT '1',   PRIMARY KEY (`id`)) ENGINE = InnoDB DEFAULT CHARACTER SET = utf8mb4 COLLATE = utf8mb4_0900_ai_ci
2021-11-21T23:53:18,101|[TRACE] graph - <--- statement
2021-11-21T23:53:18,101|[TRACE] graph - ---> blankSpacesToSkip
2021-11-21T23:53:18,101|[TRACE] graph - -----> newLineToSkip
2021-11-21T23:53:18,101|[TRACE] graph - <----- newLineToSkip
2021-11-21T23:53:18,101|[TRACE] graph - -----> newLineToSkip
2021-11-21T23:53:18,101|[TRACE] graph - <----- newLineToSkip
2021-11-21T23:53:18,101|[TRACE] graph - -----> newLineToSkip
2021-11-21T23:53:18,101|[TRACE] graph - <----- newLineToSkip
2021-11-21T23:53:18,101|[TRACE] graph - -----> newLineToSkip
2021-11-21T23:53:18,101|[TRACE] graph - <----- newLineToSkip
2021-11-21T23:53:18,101|[TRACE] graph - -----> newLineToSkip
2021-11-21T23:53:18,101|[TRACE] graph - <----- newLineToSkip
2021-11-21T23:53:18,101|[TRACE] graph - -----> newLineToSkip
2021-11-21T23:53:18,102|[TRACE] graph - <----- newLineToSkip
2021-11-21T23:53:18,102|[TRACE] graph - <--- blankSpacesToSkip
2021-11-21T23:53:18,102|[TRACE] graph - ---> statement
2021-11-21T23:53:18,102|[TRACE] graph - -----> statementFirstPart
2021-11-21T23:53:18,102|[TRACE] graph - -------> nonSkippedChar
2021-11-21T23:53:18,102|[TRACE] script - #out(`C`) [token]
2021-11-21T23:53:18,102|[TRACE] graph - <------- nonSkippedChar
2021-11-21T23:53:18,102|[TRACE] graph - <----- statementFirstPart
2021-11-21T23:53:18,102|[TRACE] graph - -----> statementPart
2021-11-21T23:53:18,102|[TRACE] graph - -------> nonSkippedChar
2021-11-21T23:53:18,102|[TRACE] script - #out(`R`) [token]
2021-11-21T23:53:18,102|[TRACE] graph - <------- nonSkippedChar
2021-11-21T23:53:18,102|[TRACE] graph - <----- statementPart
2021-11-21T23:53:18,102|[TRACE] graph - -----> statementPart
2021-11-21T23:53:18,102|[TRACE] graph - -------> nonSkippedChar
2021-11-21T23:53:18,102|[TRACE] script - #out(`E`) [token]
2021-11-21T23:53:18,102|[TRACE] graph - <------- nonSkippedChar
2021-11-21T23:53:18,102|[TRACE] graph - <----- statementPart
2021-11-21T23:53:18,102|[TRACE] graph - -----> statementPart
2021-11-21T23:53:18,102|[TRACE] graph - -------> nonSkippedChar
2021-11-21T23:53:18,102|[TRACE] script - #out(`A`) [token]
2021-11-21T23:53:18,102|[TRACE] graph - <------- nonSkippedChar
2021-11-21T23:53:18,102|[TRACE] graph - <----- statementPart
2021-11-21T23:53:18,102|[TRACE] graph - -----> statementPart
2021-11-21T23:53:18,102|[TRACE] graph - -------> nonSkippedChar
2021-11-21T23:53:18,102|[TRACE] script - #out(`T`) [token]
2021-11-21T23:53:18,102|[TRACE] graph - <------- nonSkippedChar
2021-11-21T23:53:18,102|[TRACE] graph - <----- statementPart
2021-11-21T23:53:18,102|[TRACE] graph - -----> statementPart
2021-11-21T23:53:18,102|[TRACE] graph - -------> nonSkippedChar
2021-11-21T23:53:18,102|[TRACE] script - #out(`E`) [token]
2021-11-21T23:53:18,102|[TRACE] graph - <------- nonSkippedChar
2021-11-21T23:53:18,102|[TRACE] graph - <----- statementPart
2021-11-21T23:53:18,102|[TRACE] graph - -----> statementPart
2021-11-21T23:53:18,102|[TRACE] graph - -------> nonSkippedSpace
2021-11-21T23:53:18,102|[TRACE] script - #out(` `) [token]
2021-11-21T23:53:18,102|[TRACE] graph - <------- nonSkippedSpace
2021-11-21T23:53:18,102|[TRACE] graph - <----- statementPart
2021-11-21T23:53:18,102|[TRACE] graph - -----> statementPart
2021-11-21T23:53:18,102|[TRACE] graph - -------> nonSkippedChar
2021-11-21T23:53:18,102|[TRACE] script - #out(`T`) [token]
2021-11-21T23:53:18,102|[TRACE] graph - <------- nonSkippedChar
2021-11-21T23:53:18,102|[TRACE] graph - <----- statementPart
2021-11-21T23:53:18,102|[TRACE] graph - -----> statementPart
2021-11-21T23:53:18,102|[TRACE] graph - -------> nonSkippedChar
2021-11-21T23:53:18,102|[TRACE] script - #out(`A`) [token]
2021-11-21T23:53:18,102|[TRACE] graph - <------- nonSkippedChar
2021-11-21T23:53:18,102|[TRACE] graph - <----- statementPart
2021-11-21T23:53:18,102|[TRACE] graph - -----> statementPart
2021-11-21T23:53:18,102|[TRACE] graph - -------> nonSkippedChar
2021-11-21T23:53:18,102|[TRACE] script - #out(`B`) [token]
2021-11-21T23:53:18,102|[TRACE] graph - <------- nonSkippedChar
2021-11-21T23:53:18,102|[TRACE] graph - <----- statementPart
2021-11-21T23:53:18,102|[TRACE] graph - -----> statementPart
2021-11-21T23:53:18,102|[TRACE] graph - -------> nonSkippedChar
2021-11-21T23:53:18,102|[TRACE] script - #out(`L`) [token]
2021-11-21T23:53:18,102|[TRACE] graph - <------- nonSkippedChar
2021-11-21T23:53:18,102|[TRACE] graph - <----- statementPart
2021-11-21T23:53:18,102|[TRACE] graph - -----> statementPart
2021-11-21T23:53:18,102|[TRACE] graph - -------> nonSkippedChar
2021-11-21T23:53:18,102|[TRACE] script - #out(`E`) [token]
2021-11-21T23:53:18,102|[TRACE] graph - <------- nonSkippedChar
2021-11-21T23:53:18,102|[TRACE] graph - <----- statementPart
2021-11-21T23:53:18,102|[TRACE] graph - -----> statementPart
2021-11-21T23:53:18,102|[TRACE] graph - -------> nonSkippedSpace
2021-11-21T23:53:18,102|[TRACE] script - #out(` `) [token]
2021-11-21T23:53:18,102|[TRACE] graph - <------- nonSkippedSpace
2021-11-21T23:53:18,102|[TRACE] graph - <----- statementPart
2021-11-21T23:53:18,102|[TRACE] graph - -----> statementPart
2021-11-21T23:53:18,102|[TRACE] graph - -------> nonSkippedChar
2021-11-21T23:53:18,102|[TRACE] script - #out(`I`) [token]
2021-11-21T23:53:18,102|[TRACE] graph - <------- nonSkippedChar
2021-11-21T23:53:18,102|[TRACE] graph - <----- statementPart
2021-11-21T23:53:18,102|[TRACE] graph - -----> statementPart
2021-11-21T23:53:18,102|[TRACE] graph - -------> nonSkippedChar
2021-11-21T23:53:18,102|[TRACE] script - #out(`F`) [token]
2021-11-21T23:53:18,102|[TRACE] graph - <------- nonSkippedChar
2021-11-21T23:53:18,102|[TRACE] graph - <----- statementPart
2021-11-21T23:53:18,102|[TRACE] graph - -----> statementPart
2021-11-21T23:53:18,102|[TRACE] graph - -------> nonSkippedSpace
2021-11-21T23:53:18,102|[TRACE] script - #out(` `) [token]
2021-11-21T23:53:18,102|[TRACE] graph - <------- nonSkippedSpace
2021-11-21T23:53:18,102|[TRACE] graph - <----- statementPart
2021-11-21T23:53:18,102|[TRACE] graph - -----> statementPart
2021-11-21T23:53:18,102|[TRACE] graph - -------> nonSkippedChar
2021-11-21T23:53:18,102|[TRACE] script - #out(`N`) [token]
2021-11-21T23:53:18,102|[TRACE] graph - <------- nonSkippedChar
2021-11-21T23:53:18,102|[TRACE] graph - <----- statementPart
2021-11-21T23:53:18,102|[TRACE] graph - -----> statementPart
2021-11-21T23:53:18,102|[TRACE] graph - -------> nonSkippedChar
2021-11-21T23:53:18,102|[TRACE] script - #out(`O`) [token]
2021-11-21T23:53:18,102|[TRACE] graph - <------- nonSkippedChar
2021-11-21T23:53:18,102|[TRACE] graph - <----- statementPart
2021-11-21T23:53:18,102|[TRACE] graph - -----> statementPart
2021-11-21T23:53:18,102|[TRACE] graph - -------> nonSkippedChar
2021-11-21T23:53:18,102|[TRACE] script - #out(`T`) [token]
2021-11-21T23:53:18,102|[TRACE] graph - <------- nonSkippedChar
2021-11-21T23:53:18,102|[TRACE] graph - <----- statementPart
2021-11-21T23:53:18,102|[TRACE] graph - -----> statementPart
2021-11-21T23:53:18,102|[TRACE] graph - -------> nonSkippedSpace
2021-11-21T23:53:18,102|[TRACE] script - #out(` `) [token]
2021-11-21T23:53:18,102|[TRACE] graph - <------- nonSkippedSpace
2021-11-21T23:53:18,102|[TRACE] graph - <----- statementPart
2021-11-21T23:53:18,102|[TRACE] graph - -----> statementPart
2021-11-21T23:53:18,102|[TRACE] graph - -------> nonSkippedChar
2021-11-21T23:53:18,102|[TRACE] script - #out(`E`) [token]
2021-11-21T23:53:18,102|[TRACE] graph - <------- nonSkippedChar
2021-11-21T23:53:18,102|[TRACE] graph - <----- statementPart
2021-11-21T23:53:18,102|[TRACE] graph - -----> statementPart
2021-11-21T23:53:18,102|[TRACE] graph - -------> nonSkippedChar
2021-11-21T23:53:18,102|[TRACE] script - #out(`X`) [token]
2021-11-21T23:53:18,102|[TRACE] graph - <------- nonSkippedChar
2021-11-21T23:53:18,102|[TRACE] graph - <----- statementPart
2021-11-21T23:53:18,102|[TRACE] graph - -----> statementPart
2021-11-21T23:53:18,102|[TRACE] graph - -------> nonSkippedChar
2021-11-21T23:53:18,102|[TRACE] script - #out(`I`) [token]
2021-11-21T23:53:18,102|[TRACE] graph - <------- nonSkippedChar
2021-11-21T23:53:18,102|[TRACE] graph - <----- statementPart
2021-11-21T23:53:18,102|[TRACE] graph - -----> statementPart
2021-11-21T23:53:18,102|[TRACE] graph - -------> nonSkippedChar
2021-11-21T23:53:18,102|[TRACE] script - #out(`S`) [token]
2021-11-21T23:53:18,102|[TRACE] graph - <------- nonSkippedChar
2021-11-21T23:53:18,102|[TRACE] graph - <----- statementPart
2021-11-21T23:53:18,102|[TRACE] graph - -----> statementPart
2021-11-21T23:53:18,102|[TRACE] graph - -------> nonSkippedChar
2021-11-21T23:53:18,102|[TRACE] script - #out(`T`) [token]
2021-11-21T23:53:18,102|[TRACE] graph - <------- nonSkippedChar
2021-11-21T23:53:18,102|[TRACE] graph - <----- statementPart
2021-11-21T23:53:18,102|[TRACE] graph - -----> statementPart
2021-11-21T23:53:18,102|[TRACE] graph - -------> nonSkippedChar
2021-11-21T23:53:18,102|[TRACE] script - #out(`S`) [token]
2021-11-21T23:53:18,103|[TRACE] graph - <------- nonSkippedChar
2021-11-21T23:53:18,103|[TRACE] graph - <----- statementPart
2021-11-21T23:53:18,103|[TRACE] graph - -----> statementPart
2021-11-21T23:53:18,103|[TRACE] graph - -------> nonSkippedSpace
2021-11-21T23:53:18,103|[TRACE] script - #out(` `) [token]
2021-11-21T23:53:18,103|[TRACE] graph - <------- nonSkippedSpace
2021-11-21T23:53:18,103|[TRACE] graph - <----- statementPart
2021-11-21T23:53:18,103|[TRACE] graph - -----> statementPart
2021-11-21T23:53:18,103|[TRACE] graph - -------> quotedString
2021-11-21T23:53:18,103|[TRACE] script - #out(``bloodbank``) [token]
2021-11-21T23:53:18,103|[TRACE] graph - <------- quotedString
2021-11-21T23:53:18,103|[TRACE] graph - <----- statementPart
2021-11-21T23:53:18,103|[TRACE] graph - -----> statementPart
2021-11-21T23:53:18,103|[TRACE] graph - -------> nonSkippedChar
2021-11-21T23:53:18,103|[TRACE] script - #out(`.`) [token]
2021-11-21T23:53:18,103|[TRACE] graph - <------- nonSkippedChar
2021-11-21T23:53:18,103|[TRACE] graph - <----- statementPart
2021-11-21T23:53:18,103|[TRACE] graph - -----> statementPart
2021-11-21T23:53:18,103|[TRACE] graph - -------> quotedString
2021-11-21T23:53:18,103|[TRACE] script - #out(``blood_bank``) [token]
2021-11-21T23:53:18,103|[TRACE] graph - <------- quotedString
2021-11-21T23:53:18,103|[TRACE] graph - <----- statementPart
2021-11-21T23:53:18,103|[TRACE] graph - -----> statementPart
2021-11-21T23:53:18,103|[TRACE] graph - -------> nonSkippedSpace
2021-11-21T23:53:18,103|[TRACE] script - #out(` `) [token]
2021-11-21T23:53:18,103|[TRACE] graph - <------- nonSkippedSpace
2021-11-21T23:53:18,103|[TRACE] graph - <----- statementPart
2021-11-21T23:53:18,103|[TRACE] graph - -----> statementPart
2021-11-21T23:53:18,103|[TRACE] graph - -------> nonSkippedChar
2021-11-21T23:53:18,103|[TRACE] script - #out(`(`) [token]
2021-11-21T23:53:18,103|[TRACE] graph - <------- nonSkippedChar
2021-11-21T23:53:18,103|[TRACE] graph - <----- statementPart
2021-11-21T23:53:18,103|[TRACE] graph - -----> afterStatementPartNewline
2021-11-21T23:53:18,103|[TRACE] script - #out(` `) [text]
2021-11-21T23:53:18,103|[TRACE] graph - <----- afterStatementPartNewline
2021-11-21T23:53:18,103|[TRACE] graph - -----> statementPart
2021-11-21T23:53:18,103|[TRACE] graph - -------> nonSkippedSpace
2021-11-21T23:53:18,103|[TRACE] script - #out(` `) [token]
2021-11-21T23:53:18,103|[TRACE] graph - <------- nonSkippedSpace
2021-11-21T23:53:18,103|[TRACE] graph - <----- statementPart
2021-11-21T23:53:18,103|[TRACE] graph - -----> statementPart
2021-11-21T23:53:18,103|[TRACE] graph - -------> nonSkippedSpace
2021-11-21T23:53:18,103|[TRACE] script - #out(` `) [token]
2021-11-21T23:53:18,103|[TRACE] graph - <------- nonSkippedSpace
2021-11-21T23:53:18,103|[TRACE] graph - <----- statementPart
2021-11-21T23:53:18,103|[TRACE] graph - -----> statementPart
2021-11-21T23:53:18,103|[TRACE] graph - -------> quotedString
2021-11-21T23:53:18,103|[TRACE] script - #out(``bank_id``) [token]
2021-11-21T23:53:18,103|[TRACE] graph - <------- quotedString
2021-11-21T23:53:18,103|[TRACE] graph - <----- statementPart
2021-11-21T23:53:18,103|[TRACE] graph - -----> statementPart
2021-11-21T23:53:18,103|[TRACE] graph - -------> nonSkippedSpace
2021-11-21T23:53:18,103|[TRACE] script - #out(` `) [token]
2021-11-21T23:53:18,103|[TRACE] graph - <------- nonSkippedSpace
2021-11-21T23:53:18,103|[TRACE] graph - <----- statementPart
2021-11-21T23:53:18,103|[TRACE] graph - -----> statementPart
2021-11-21T23:53:18,103|[TRACE] graph - -------> nonSkippedChar
2021-11-21T23:53:18,103|[TRACE] script - #out(`I`) [token]
2021-11-21T23:53:18,103|[TRACE] graph - <------- nonSkippedChar
2021-11-21T23:53:18,103|[TRACE] graph - <----- statementPart
2021-11-21T23:53:18,103|[TRACE] graph - -----> statementPart
2021-11-21T23:53:18,103|[TRACE] graph - -------> nonSkippedChar
2021-11-21T23:53:18,103|[TRACE] script - #out(`N`) [token]
2021-11-21T23:53:18,103|[TRACE] graph - <------- nonSkippedChar
2021-11-21T23:53:18,103|[TRACE] graph - <----- statementPart
2021-11-21T23:53:18,103|[TRACE] graph - -----> statementPart
2021-11-21T23:53:18,103|[TRACE] graph - -------> nonSkippedChar
2021-11-21T23:53:18,103|[TRACE] script - #out(`T`) [token]
2021-11-21T23:53:18,103|[TRACE] graph - <------- nonSkippedChar
2021-11-21T23:53:18,103|[TRACE] graph - <----- statementPart
2021-11-21T23:53:18,103|[TRACE] graph - -----> statementPart
2021-11-21T23:53:18,103|[TRACE] graph - -------> nonSkippedSpace
2021-11-21T23:53:18,103|[TRACE] script - #out(` `) [token]
2021-11-21T23:53:18,103|[TRACE] graph - <------- nonSkippedSpace
2021-11-21T23:53:18,103|[TRACE] graph - <----- statementPart
2021-11-21T23:53:18,103|[TRACE] graph - -----> statementPart
2021-11-21T23:53:18,103|[TRACE] graph - -------> nonSkippedChar
2021-11-21T23:53:18,103|[TRACE] script - #out(`N`) [token]
2021-11-21T23:53:18,103|[TRACE] graph - <------- nonSkippedChar
2021-11-21T23:53:18,103|[TRACE] graph - <----- statementPart
2021-11-21T23:53:18,103|[TRACE] graph - -----> statementPart
2021-11-21T23:53:18,103|[TRACE] graph - -------> nonSkippedChar
2021-11-21T23:53:18,103|[TRACE] script - #out(`O`) [token]
2021-11-21T23:53:18,103|[TRACE] graph - <------- nonSkippedChar
2021-11-21T23:53:18,103|[TRACE] graph - <----- statementPart
2021-11-21T23:53:18,103|[TRACE] graph - -----> statementPart
2021-11-21T23:53:18,103|[TRACE] graph - -------> nonSkippedChar
2021-11-21T23:53:18,103|[TRACE] script - #out(`T`) [token]
2021-11-21T23:53:18,103|[TRACE] graph - <------- nonSkippedChar
2021-11-21T23:53:18,103|[TRACE] graph - <----- statementPart
2021-11-21T23:53:18,103|[TRACE] graph - -----> statementPart
2021-11-21T23:53:18,103|[TRACE] graph - -------> nonSkippedSpace
2021-11-21T23:53:18,103|[TRACE] script - #out(` `) [token]
2021-11-21T23:53:18,103|[TRACE] graph - <------- nonSkippedSpace
2021-11-21T23:53:18,103|[TRACE] graph - <----- statementPart
2021-11-21T23:53:18,103|[TRACE] graph - -----> statementPart
2021-11-21T23:53:18,103|[TRACE] graph - -------> nonSkippedChar
2021-11-21T23:53:18,103|[TRACE] script - #out(`N`) [token]
2021-11-21T23:53:18,103|[TRACE] graph - <------- nonSkippedChar
2021-11-21T23:53:18,103|[TRACE] graph - <----- statementPart
2021-11-21T23:53:18,104|[TRACE] graph - -----> statementPart
2021-11-21T23:53:18,104|[TRACE] graph - -------> nonSkippedChar
2021-11-21T23:53:18,104|[TRACE] script - #out(`U`) [token]
2021-11-21T23:53:18,104|[TRACE] graph - <------- nonSkippedChar
2021-11-21T23:53:18,104|[TRACE] graph - <----- statementPart
2021-11-21T23:53:18,104|[TRACE] graph - -----> statementPart
2021-11-21T23:53:18,104|[TRACE] graph - -------> nonSkippedChar
2021-11-21T23:53:18,104|[TRACE] script - #out(`L`) [token]
2021-11-21T23:53:18,104|[TRACE] graph - <------- nonSkippedChar
2021-11-21T23:53:18,104|[TRACE] graph - <----- statementPart
2021-11-21T23:53:18,104|[TRACE] graph - -----> statementPart
2021-11-21T23:53:18,104|[TRACE] graph - -------> nonSkippedChar
2021-11-21T23:53:18,104|[TRACE] script - #out(`L`) [token]
2021-11-21T23:53:18,104|[TRACE] graph - <------- nonSkippedChar
2021-11-21T23:53:18,104|[TRACE] graph - <----- statementPart
2021-11-21T23:53:18,104|[TRACE] graph - -----> statementPart
2021-11-21T23:53:18,104|[TRACE] graph - -------> nonSkippedSpace
2021-11-21T23:53:18,104|[TRACE] script - #out(` `) [token]
2021-11-21T23:53:18,104|[TRACE] graph - <------- nonSkippedSpace
2021-11-21T23:53:18,104|[TRACE] graph - <----- statementPart
2021-11-21T23:53:18,104|[TRACE] graph - -----> statementPart
2021-11-21T23:53:18,104|[TRACE] graph - -------> nonSkippedChar
2021-11-21T23:53:18,104|[TRACE] script - #out(`A`) [token]
2021-11-21T23:53:18,104|[TRACE] graph - <------- nonSkippedChar
2021-11-21T23:53:18,104|[TRACE] graph - <----- statementPart
2021-11-21T23:53:18,104|[TRACE] graph - -----> statementPart
2021-11-21T23:53:18,104|[TRACE] graph - -------> nonSkippedChar
2021-11-21T23:53:18,104|[TRACE] script - #out(`U`) [token]
2021-11-21T23:53:18,104|[TRACE] graph - <------- nonSkippedChar
2021-11-21T23:53:18,104|[TRACE] graph - <----- statementPart
2021-11-21T23:53:18,104|[TRACE] graph - -----> statementPart
2021-11-21T23:53:18,104|[TRACE] graph - -------> nonSkippedChar
2021-11-21T23:53:18,104|[TRACE] script - #out(`T`) [token]
2021-11-21T23:53:18,104|[TRACE] graph - <------- nonSkippedChar
2021-11-21T23:53:18,104|[TRACE] graph - <----- statementPart
2021-11-21T23:53:18,104|[TRACE] graph - -----> statementPart
2021-11-21T23:53:18,104|[TRACE] graph - -------> nonSkippedChar
2021-11-21T23:53:18,104|[TRACE] script - #out(`O`) [token]
2021-11-21T23:53:18,104|[TRACE] graph - <------- nonSkippedChar
2021-11-21T23:53:18,104|[TRACE] graph - <----- statementPart
2021-11-21T23:53:18,104|[TRACE] graph - -----> statementPart
2021-11-21T23:53:18,104|[TRACE] graph - -------> nonSkippedChar
2021-11-21T23:53:18,104|[TRACE] script - #out(`_`) [token]
2021-11-21T23:53:18,104|[TRACE] graph - <------- nonSkippedChar
2021-11-21T23:53:18,104|[TRACE] graph - <----- statementPart
2021-11-21T23:53:18,104|[TRACE] graph - -----> statementPart
2021-11-21T23:53:18,104|[TRACE] graph - -------> nonSkippedChar
2021-11-21T23:53:18,104|[TRACE] script - #out(`I`) [token]
2021-11-21T23:53:18,104|[TRACE] graph - <------- nonSkippedChar
2021-11-21T23:53:18,104|[TRACE] graph - <----- statementPart
2021-11-21T23:53:18,104|[TRACE] graph - -----> statementPart
2021-11-21T23:53:18,104|[TRACE] graph - -------> nonSkippedChar
2021-11-21T23:53:18,104|[TRACE] script - #out(`N`) [token]
2021-11-21T23:53:18,104|[TRACE] graph - <------- nonSkippedChar
2021-11-21T23:53:18,104|[TRACE] graph - <----- statementPart
2021-11-21T23:53:18,104|[TRACE] graph - -----> statementPart
2021-11-21T23:53:18,104|[TRACE] graph - -------> nonSkippedChar
2021-11-21T23:53:18,104|[TRACE] script - #out(`C`) [token]
2021-11-21T23:53:18,104|[TRACE] graph - <------- nonSkippedChar
2021-11-21T23:53:18,104|[TRACE] graph - <----- statementPart
2021-11-21T23:53:18,104|[TRACE] graph - -----> statementPart
2021-11-21T23:53:18,104|[TRACE] graph - -------> nonSkippedChar
2021-11-21T23:53:18,104|[TRACE] script - #out(`R`) [token]
2021-11-21T23:53:18,104|[TRACE] graph - <------- nonSkippedChar
2021-11-21T23:53:18,104|[TRACE] graph - <----- statementPart
2021-11-21T23:53:18,104|[TRACE] graph - -----> statementPart
2021-11-21T23:53:18,104|[TRACE] graph - -------> nonSkippedChar
2021-11-21T23:53:18,104|[TRACE] script - #out(`E`) [token]
2021-11-21T23:53:18,104|[TRACE] graph - <------- nonSkippedChar
2021-11-21T23:53:18,104|[TRACE] graph - <----- statementPart
2021-11-21T23:53:18,104|[TRACE] graph - -----> statementPart
2021-11-21T23:53:18,104|[TRACE] graph - -------> nonSkippedChar
2021-11-21T23:53:18,104|[TRACE] script - #out(`M`) [token]
2021-11-21T23:53:18,104|[TRACE] graph - <------- nonSkippedChar
2021-11-21T23:53:18,104|[TRACE] graph - <----- statementPart
2021-11-21T23:53:18,104|[TRACE] graph - -----> statementPart
2021-11-21T23:53:18,104|[TRACE] graph - -------> nonSkippedChar
2021-11-21T23:53:18,104|[TRACE] script - #out(`E`) [token]
2021-11-21T23:53:18,104|[TRACE] graph - <------- nonSkippedChar
2021-11-21T23:53:18,104|[TRACE] graph - <----- statementPart
2021-11-21T23:53:18,104|[TRACE] graph - -----> statementPart
2021-11-21T23:53:18,104|[TRACE] graph - -------> nonSkippedChar
2021-11-21T23:53:18,104|[TRACE] script - #out(`N`) [token]
2021-11-21T23:53:18,104|[TRACE] graph - <------- nonSkippedChar
2021-11-21T23:53:18,105|[TRACE] graph - <----- statementPart
2021-11-21T23:53:18,105|[TRACE] graph - -----> statementPart
2021-11-21T23:53:18,105|[TRACE] graph - -------> nonSkippedChar
2021-11-21T23:53:18,105|[TRACE] script - #out(`T`) [token]
2021-11-21T23:53:18,105|[TRACE] graph - <------- nonSkippedChar
2021-11-21T23:53:18,105|[TRACE] graph - <----- statementPart
2021-11-21T23:53:18,105|[TRACE] graph - -----> statementPart
2021-11-21T23:53:18,105|[TRACE] graph - -------> nonSkippedChar
2021-11-21T23:53:18,105|[TRACE] script - #out(`,`) [token]
2021-11-21T23:53:18,105|[TRACE] graph - <------- nonSkippedChar
2021-11-21T23:53:18,105|[TRACE] graph - <----- statementPart
2021-11-21T23:53:18,105|[TRACE] graph - -----> afterStatementPartNewline
2021-11-21T23:53:18,105|[TRACE] script - #out(` `) [text]
2021-11-21T23:53:18,105|[TRACE] graph - <----- afterStatementPartNewline
2021-11-21T23:53:18,105|[TRACE] graph - -----> statementPart
2021-11-21T23:53:18,105|[TRACE] graph - -------> nonSkippedSpace
2021-11-21T23:53:18,105|[TRACE] script - #out(` `) [token]
2021-11-21T23:53:18,105|[TRACE] graph - <------- nonSkippedSpace
2021-11-21T23:53:18,105|[TRACE] graph - <----- statementPart
2021-11-21T23:53:18,105|[TRACE] graph - -----> statementPart
2021-11-21T23:53:18,105|[TRACE] graph - -------> nonSkippedSpace
2021-11-21T23:53:18,105|[TRACE] script - #out(` `) [token]
2021-11-21T23:53:18,105|[TRACE] graph - <------- nonSkippedSpace
2021-11-21T23:53:18,105|[TRACE] graph - <----- statementPart
2021-11-21T23:53:18,105|[TRACE] graph - -----> statementPart
2021-11-21T23:53:18,105|[TRACE] graph - -------> quotedString
2021-11-21T23:53:18,105|[TRACE] script - #out(``name``) [token]
2021-11-21T23:53:18,105|[TRACE] graph - <------- quotedString
2021-11-21T23:53:18,105|[TRACE] graph - <----- statementPart
2021-11-21T23:53:18,105|[TRACE] graph - -----> statementPart
2021-11-21T23:53:18,105|[TRACE] graph - -------> nonSkippedSpace
2021-11-21T23:53:18,105|[TRACE] script - #out(` `) [token]
2021-11-21T23:53:18,105|[TRACE] graph - <------- nonSkippedSpace
2021-11-21T23:53:18,105|[TRACE] graph - <----- statementPart
2021-11-21T23:53:18,105|[TRACE] graph - -----> statementPart
2021-11-21T23:53:18,105|[TRACE] graph - -------> nonSkippedChar
2021-11-21T23:53:18,105|[TRACE] script - #out(`V`) [token]
2021-11-21T23:53:18,105|[TRACE] graph - <------- nonSkippedChar
2021-11-21T23:53:18,105|[TRACE] graph - <----- statementPart
2021-11-21T23:53:18,105|[TRACE] graph - -----> statementPart
2021-11-21T23:53:18,105|[TRACE] graph - -------> nonSkippedChar
2021-11-21T23:53:18,105|[TRACE] script - #out(`A`) [token]
2021-11-21T23:53:18,105|[TRACE] graph - <------- nonSkippedChar
2021-11-21T23:53:18,105|[TRACE] graph - <----- statementPart
2021-11-21T23:53:18,105|[TRACE] graph - -----> statementPart
2021-11-21T23:53:18,105|[TRACE] graph - -------> nonSkippedChar
2021-11-21T23:53:18,105|[TRACE] script - #out(`R`) [token]
2021-11-21T23:53:18,105|[TRACE] graph - <------- nonSkippedChar
2021-11-21T23:53:18,105|[TRACE] graph - <----- statementPart
2021-11-21T23:53:18,105|[TRACE] graph - -----> statementPart
2021-11-21T23:53:18,105|[TRACE] graph - -------> nonSkippedChar
2021-11-21T23:53:18,105|[TRACE] script - #out(`C`) [token]
2021-11-21T23:53:18,105|[TRACE] graph - <------- nonSkippedChar
2021-11-21T23:53:18,105|[TRACE] graph - <----- statementPart
2021-11-21T23:53:18,105|[TRACE] graph - -----> statementPart
2021-11-21T23:53:18,105|[TRACE] graph - -------> nonSkippedChar
2021-11-21T23:53:18,105|[TRACE] script - #out(`H`) [token]
2021-11-21T23:53:18,105|[TRACE] graph - <------- nonSkippedChar
2021-11-21T23:53:18,105|[TRACE] graph - <----- statementPart
2021-11-21T23:53:18,105|[TRACE] graph - -----> statementPart
2021-11-21T23:53:18,105|[TRACE] graph - -------> nonSkippedChar
2021-11-21T23:53:18,105|[TRACE] script - #out(`A`) [token]
2021-11-21T23:53:18,105|[TRACE] graph - <------- nonSkippedChar
2021-11-21T23:53:18,105|[TRACE] graph - <----- statementPart
2021-11-21T23:53:18,105|[TRACE] graph - -----> statementPart
2021-11-21T23:53:18,105|[TRACE] graph - -------> nonSkippedChar
2021-11-21T23:53:18,105|[TRACE] script - #out(`R`) [token]
2021-11-21T23:53:18,105|[TRACE] graph - <------- nonSkippedChar
2021-11-21T23:53:18,105|[TRACE] graph - <----- statementPart
2021-11-21T23:53:18,105|[TRACE] graph - -----> statementPart
2021-11-21T23:53:18,105|[TRACE] graph - -------> nonSkippedChar
2021-11-21T23:53:18,105|[TRACE] script - #out(`(`) [token]
2021-11-21T23:53:18,105|[TRACE] graph - <------- nonSkippedChar
2021-11-21T23:53:18,105|[TRACE] graph - <----- statementPart
2021-11-21T23:53:18,105|[TRACE] graph - -----> statementPart
2021-11-21T23:53:18,105|[TRACE] graph - -------> nonSkippedChar
2021-11-21T23:53:18,105|[TRACE] script - #out(`1`) [token]
2021-11-21T23:53:18,105|[TRACE] graph - <------- nonSkippedChar
2021-11-21T23:53:18,105|[TRACE] graph - <----- statementPart
2021-11-21T23:53:18,105|[TRACE] graph - -----> statementPart
2021-11-21T23:53:18,105|[TRACE] graph - -------> nonSkippedChar
2021-11-21T23:53:18,105|[TRACE] script - #out(`0`) [token]
2021-11-21T23:53:18,105|[TRACE] graph - <------- nonSkippedChar
2021-11-21T23:53:18,105|[TRACE] graph - <----- statementPart
2021-11-21T23:53:18,105|[TRACE] graph - -----> statementPart
2021-11-21T23:53:18,105|[TRACE] graph - -------> nonSkippedChar
2021-11-21T23:53:18,105|[TRACE] script - #out(`0`) [token]
2021-11-21T23:53:18,106|[TRACE] graph - <------- nonSkippedChar
2021-11-21T23:53:18,106|[TRACE] graph - <----- statementPart
2021-11-21T23:53:18,106|[TRACE] graph - -----> statementPart
2021-11-21T23:53:18,106|[TRACE] graph - -------> nonSkippedChar
2021-11-21T23:53:18,106|[TRACE] script - #out(`)`) [token]
2021-11-21T23:53:18,106|[TRACE] graph - <------- nonSkippedChar
2021-11-21T23:53:18,106|[TRACE] graph - <----- statementPart
2021-11-21T23:53:18,106|[TRACE] graph - -----> statementPart
2021-11-21T23:53:18,106|[TRACE] graph - -------> nonSkippedSpace
2021-11-21T23:53:18,106|[TRACE] script - #out(` `) [token]
2021-11-21T23:53:18,106|[TRACE] graph - <------- nonSkippedSpace
2021-11-21T23:53:18,106|[TRACE] graph - <----- statementPart
2021-11-21T23:53:18,106|[TRACE] graph - -----> statementPart
2021-11-21T23:53:18,106|[TRACE] graph - -------> nonSkippedChar
2021-11-21T23:53:18,106|[TRACE] script - #out(`N`) [token]
2021-11-21T23:53:18,106|[TRACE] graph - <------- nonSkippedChar
2021-11-21T23:53:18,106|[TRACE] graph - <----- statementPart
2021-11-21T23:53:18,106|[TRACE] graph - -----> statementPart
2021-11-21T23:53:18,106|[TRACE] graph - -------> nonSkippedChar
2021-11-21T23:53:18,106|[TRACE] script - #out(`O`) [token]
2021-11-21T23:53:18,106|[TRACE] graph - <------- nonSkippedChar
2021-11-21T23:53:18,106|[TRACE] graph - <----- statementPart
2021-11-21T23:53:18,106|[TRACE] graph - -----> statementPart
2021-11-21T23:53:18,106|[TRACE] graph - -------> nonSkippedChar
2021-11-21T23:53:18,106|[TRACE] script - #out(`T`) [token]
2021-11-21T23:53:18,106|[TRACE] graph - <------- nonSkippedChar
2021-11-21T23:53:18,106|[TRACE] graph - <----- statementPart
2021-11-21T23:53:18,106|[TRACE] graph - -----> statementPart
2021-11-21T23:53:18,106|[TRACE] graph - -------> nonSkippedSpace
2021-11-21T23:53:18,106|[TRACE] script - #out(` `) [token]
2021-11-21T23:53:18,106|[TRACE] graph - <------- nonSkippedSpace
2021-11-21T23:53:18,106|[TRACE] graph - <----- statementPart
2021-11-21T23:53:18,106|[TRACE] graph - -----> statementPart
2021-11-21T23:53:18,106|[TRACE] graph - -------> nonSkippedChar
2021-11-21T23:53:18,106|[TRACE] script - #out(`N`) [token]
2021-11-21T23:53:18,106|[TRACE] graph - <------- nonSkippedChar
2021-11-21T23:53:18,106|[TRACE] graph - <----- statementPart
2021-11-21T23:53:18,106|[TRACE] graph - -----> statementPart
2021-11-21T23:53:18,106|[TRACE] graph - -------> nonSkippedChar
2021-11-21T23:53:18,106|[TRACE] script - #out(`U`) [token]
2021-11-21T23:53:18,106|[TRACE] graph - <------- nonSkippedChar
2021-11-21T23:53:18,106|[TRACE] graph - <----- statementPart
2021-11-21T23:53:18,106|[TRACE] graph - -----> statementPart
2021-11-21T23:53:18,106|[TRACE] graph - -------> nonSkippedChar
2021-11-21T23:53:18,106|[TRACE] script - #out(`L`) [token]
2021-11-21T23:53:18,106|[TRACE] graph - <------- nonSkippedChar
2021-11-21T23:53:18,106|[TRACE] graph - <----- statementPart
2021-11-21T23:53:18,106|[TRACE] graph - -----> statementPart
2021-11-21T23:53:18,106|[TRACE] graph - -------> nonSkippedChar
2021-11-21T23:53:18,106|[TRACE] script - #out(`L`) [token]
2021-11-21T23:53:18,106|[TRACE] graph - <------- nonSkippedChar
2021-11-21T23:53:18,106|[TRACE] graph - <----- statementPart
2021-11-21T23:53:18,106|[TRACE] graph - -----> statementPart
2021-11-21T23:53:18,106|[TRACE] graph - -------> nonSkippedChar
2021-11-21T23:53:18,106|[TRACE] script - #out(`,`) [token]
2021-11-21T23:53:18,106|[TRACE] graph - <------- nonSkippedChar
2021-11-21T23:53:18,106|[TRACE] graph - <----- statementPart
2021-11-21T23:53:18,106|[TRACE] graph - -----> afterStatementPartNewline
2021-11-21T23:53:18,106|[TRACE] script - #out(` `) [text]
2021-11-21T23:53:18,106|[TRACE] graph - <----- afterStatementPartNewline
2021-11-21T23:53:18,106|[TRACE] graph - -----> statementPart
2021-11-21T23:53:18,106|[TRACE] graph - -------> nonSkippedSpace
2021-11-21T23:53:18,106|[TRACE] script - #out(` `) [token]
2021-11-21T23:53:18,106|[TRACE] graph - <------- nonSkippedSpace
2021-11-21T23:53:18,106|[TRACE] graph - <----- statementPart
2021-11-21T23:53:18,106|[TRACE] graph - -----> statementPart
2021-11-21T23:53:18,106|[TRACE] graph - -------> nonSkippedSpace
2021-11-21T23:53:18,106|[TRACE] script - #out(` `) [token]
2021-11-21T23:53:18,106|[TRACE] graph - <------- nonSkippedSpace
2021-11-21T23:53:18,106|[TRACE] graph - <----- statementPart
2021-11-21T23:53:18,106|[TRACE] graph - -----> statementPart
2021-11-21T23:53:18,106|[TRACE] graph - -------> quotedString
2021-11-21T23:53:18,106|[TRACE] script - #out(``privately_owned``) [token]
2021-11-21T23:53:18,106|[TRACE] graph - <------- quotedString
2021-11-21T23:53:18,106|[TRACE] graph - <----- statementPart
2021-11-21T23:53:18,107|[TRACE] graph - -----> statementPart
2021-11-21T23:53:18,107|[TRACE] graph - -------> nonSkippedSpace
2021-11-21T23:53:18,107|[TRACE] script - #out(` `) [token]
2021-11-21T23:53:18,107|[TRACE] graph - <------- nonSkippedSpace
2021-11-21T23:53:18,107|[TRACE] graph - <----- statementPart
2021-11-21T23:53:18,107|[TRACE] graph - -----> statementPart
2021-11-21T23:53:18,107|[TRACE] graph - -------> nonSkippedChar
2021-11-21T23:53:18,107|[TRACE] script - #out(`B`) [token]
2021-11-21T23:53:18,107|[TRACE] graph - <------- nonSkippedChar
2021-11-21T23:53:18,107|[TRACE] graph - <----- statementPart
2021-11-21T23:53:18,107|[TRACE] graph - -----> statementPart
2021-11-21T23:53:18,107|[TRACE] graph - -------> nonSkippedChar
2021-11-21T23:53:18,107|[TRACE] script - #out(`I`) [token]
2021-11-21T23:53:18,107|[TRACE] graph - <------- nonSkippedChar
2021-11-21T23:53:18,107|[TRACE] graph - <----- statementPart
2021-11-21T23:53:18,107|[TRACE] graph - -----> statementPart
2021-11-21T23:53:18,107|[TRACE] graph - -------> nonSkippedChar
2021-11-21T23:53:18,107|[TRACE] script - #out(`T`) [token]
2021-11-21T23:53:18,107|[TRACE] graph - <------- nonSkippedChar
2021-11-21T23:53:18,107|[TRACE] graph - <----- statementPart
2021-11-21T23:53:18,107|[TRACE] graph - -----> statementPart
2021-11-21T23:53:18,107|[TRACE] graph - -------> nonSkippedChar
2021-11-21T23:53:18,107|[TRACE] script - #out(`(`) [token]
2021-11-21T23:53:18,107|[TRACE] graph - <------- nonSkippedChar
2021-11-21T23:53:18,107|[TRACE] graph - <----- statementPart
2021-11-21T23:53:18,107|[TRACE] graph - -----> statementPart
2021-11-21T23:53:18,107|[TRACE] graph - -------> nonSkippedChar
2021-11-21T23:53:18,107|[TRACE] script - #out(`1`) [token]
2021-11-21T23:53:18,107|[TRACE] graph - <------- nonSkippedChar
2021-11-21T23:53:18,107|[TRACE] graph - <----- statementPart
2021-11-21T23:53:18,107|[TRACE] graph - -----> statementPart
2021-11-21T23:53:18,107|[TRACE] graph - -------> nonSkippedChar
2021-11-21T23:53:18,107|[TRACE] script - #out(`)`) [token]
2021-11-21T23:53:18,107|[TRACE] graph - <------- nonSkippedChar
2021-11-21T23:53:18,107|[TRACE] graph - <----- statementPart
2021-11-21T23:53:18,107|[TRACE] graph - -----> statementPart
2021-11-21T23:53:18,107|[TRACE] graph - -------> nonSkippedSpace
2021-11-21T23:53:18,107|[TRACE] script - #out(` `) [token]
2021-11-21T23:53:18,107|[TRACE] graph - <------- nonSkippedSpace
2021-11-21T23:53:18,107|[TRACE] graph - <----- statementPart
2021-11-21T23:53:18,107|[TRACE] graph - -----> statementPart
2021-11-21T23:53:18,107|[TRACE] graph - -------> nonSkippedChar
2021-11-21T23:53:18,107|[TRACE] script - #out(`N`) [token]
2021-11-21T23:53:18,107|[TRACE] graph - <------- nonSkippedChar
2021-11-21T23:53:18,107|[TRACE] graph - <----- statementPart
2021-11-21T23:53:18,107|[TRACE] graph - -----> statementPart
2021-11-21T23:53:18,107|[TRACE] graph - -------> nonSkippedChar
2021-11-21T23:53:18,107|[TRACE] script - #out(`O`) [token]
2021-11-21T23:53:18,107|[TRACE] graph - <------- nonSkippedChar
2021-11-21T23:53:18,107|[TRACE] graph - <----- statementPart
2021-11-21T23:53:18,107|[TRACE] graph - -----> statementPart
2021-11-21T23:53:18,107|[TRACE] graph - -------> nonSkippedChar
2021-11-21T23:53:18,107|[TRACE] script - #out(`T`) [token]
2021-11-21T23:53:18,107|[TRACE] graph - <------- nonSkippedChar
2021-11-21T23:53:18,107|[TRACE] graph - <----- statementPart
2021-11-21T23:53:18,107|[TRACE] graph - -----> statementPart
2021-11-21T23:53:18,107|[TRACE] graph - -------> nonSkippedSpace
2021-11-21T23:53:18,107|[TRACE] script - #out(` `) [token]
2021-11-21T23:53:18,107|[TRACE] graph - <------- nonSkippedSpace
2021-11-21T23:53:18,107|[TRACE] graph - <----- statementPart
2021-11-21T23:53:18,107|[TRACE] graph - -----> statementPart
2021-11-21T23:53:18,107|[TRACE] graph - -------> nonSkippedChar
2021-11-21T23:53:18,107|[TRACE] script - #out(`N`) [token]
2021-11-21T23:53:18,107|[TRACE] graph - <------- nonSkippedChar
2021-11-21T23:53:18,107|[TRACE] graph - <----- statementPart
2021-11-21T23:53:18,107|[TRACE] graph - -----> statementPart
2021-11-21T23:53:18,107|[TRACE] graph - -------> nonSkippedChar
2021-11-21T23:53:18,107|[TRACE] script - #out(`U`) [token]
2021-11-21T23:53:18,107|[TRACE] graph - <------- nonSkippedChar
2021-11-21T23:53:18,107|[TRACE] graph - <----- statementPart
2021-11-21T23:53:18,107|[TRACE] graph - -----> statementPart
2021-11-21T23:53:18,107|[TRACE] graph - -------> nonSkippedChar
2021-11-21T23:53:18,107|[TRACE] script - #out(`L`) [token]
2021-11-21T23:53:18,107|[TRACE] graph - <------- nonSkippedChar
2021-11-21T23:53:18,107|[TRACE] graph - <----- statementPart
2021-11-21T23:53:18,107|[TRACE] graph - -----> statementPart
2021-11-21T23:53:18,107|[TRACE] graph - -------> nonSkippedChar
2021-11-21T23:53:18,107|[TRACE] script - #out(`L`) [token]
2021-11-21T23:53:18,107|[TRACE] graph - <------- nonSkippedChar
2021-11-21T23:53:18,107|[TRACE] graph - <----- statementPart
2021-11-21T23:53:18,107|[TRACE] graph - -----> statementPart
2021-11-21T23:53:18,107|[TRACE] graph - -------> nonSkippedChar
2021-11-21T23:53:18,107|[TRACE] script - #out(`,`) [token]
2021-11-21T23:53:18,107|[TRACE] graph - <------- nonSkippedChar
2021-11-21T23:53:18,107|[TRACE] graph - <----- statementPart
2021-11-21T23:53:18,107|[TRACE] graph - -----> afterStatementPartNewline
2021-11-21T23:53:18,107|[TRACE] script - #out(` `) [text]
2021-11-21T23:53:18,107|[TRACE] graph - <----- afterStatementPartNewline
2021-11-21T23:53:18,107|[TRACE] graph - -----> statementPart
2021-11-21T23:53:18,107|[TRACE] graph - -------> nonSkippedSpace
2021-11-21T23:53:18,107|[TRACE] script - #out(` `) [token]
2021-11-21T23:53:18,107|[TRACE] graph - <------- nonSkippedSpace
2021-11-21T23:53:18,107|[TRACE] graph - <----- statementPart
2021-11-21T23:53:18,107|[TRACE] graph - -----> statementPart
2021-11-21T23:53:18,107|[TRACE] graph - -------> nonSkippedSpace
2021-11-21T23:53:18,107|[TRACE] script - #out(` `) [token]
2021-11-21T23:53:18,108|[TRACE] graph - <------- nonSkippedSpace
2021-11-21T23:53:18,108|[TRACE] graph - <----- statementPart
2021-11-21T23:53:18,108|[TRACE] graph - -----> statementPart
2021-11-21T23:53:18,108|[TRACE] graph - -------> quotedString
2021-11-21T23:53:18,108|[TRACE] script - #out(``created``) [token]
2021-11-21T23:53:18,108|[TRACE] graph - <------- quotedString
2021-11-21T23:53:18,108|[TRACE] graph - <----- statementPart
2021-11-21T23:53:18,108|[TRACE] graph - -----> statementPart
2021-11-21T23:53:18,108|[TRACE] graph - -------> nonSkippedSpace
2021-11-21T23:53:18,108|[TRACE] script - #out(` `) [token]
2021-11-21T23:53:18,108|[TRACE] graph - <------- nonSkippedSpace
2021-11-21T23:53:18,108|[TRACE] graph - <----- statementPart
2021-11-21T23:53:18,108|[TRACE] graph - -----> statementPart
2021-11-21T23:53:18,108|[TRACE] graph - -------> nonSkippedChar
2021-11-21T23:53:18,108|[TRACE] script - #out(`B`) [token]
2021-11-21T23:53:18,108|[TRACE] graph - <------- nonSkippedChar
2021-11-21T23:53:18,108|[TRACE] graph - <----- statementPart
2021-11-21T23:53:18,108|[TRACE] graph - -----> statementPart
2021-11-21T23:53:18,108|[TRACE] graph - -------> nonSkippedChar
2021-11-21T23:53:18,108|[TRACE] script - #out(`I`) [token]
2021-11-21T23:53:18,108|[TRACE] graph - <------- nonSkippedChar
2021-11-21T23:53:18,108|[TRACE] graph - <----- statementPart
2021-11-21T23:53:18,108|[TRACE] graph - -----> statementPart
2021-11-21T23:53:18,108|[TRACE] graph - -------> nonSkippedChar
2021-11-21T23:53:18,108|[TRACE] script - #out(`G`) [token]
2021-11-21T23:53:18,108|[TRACE] graph - <------- nonSkippedChar
2021-11-21T23:53:18,108|[TRACE] graph - <----- statementPart
2021-11-21T23:53:18,108|[TRACE] graph - -----> statementPart
2021-11-21T23:53:18,108|[TRACE] graph - -------> nonSkippedChar
2021-11-21T23:53:18,108|[TRACE] script - #out(`I`) [token]
2021-11-21T23:53:18,108|[TRACE] graph - <------- nonSkippedChar
2021-11-21T23:53:18,108|[TRACE] graph - <----- statementPart
2021-11-21T23:53:18,108|[TRACE] graph - -----> statementPart
2021-11-21T23:53:18,108|[TRACE] graph - -------> nonSkippedChar
2021-11-21T23:53:18,108|[TRACE] script - #out(`N`) [token]
2021-11-21T23:53:18,108|[TRACE] graph - <------- nonSkippedChar
2021-11-21T23:53:18,108|[TRACE] graph - <----- statementPart
2021-11-21T23:53:18,108|[TRACE] graph - -----> statementPart
2021-11-21T23:53:18,108|[TRACE] graph - -------> nonSkippedChar
2021-11-21T23:53:18,108|[TRACE] script - #out(`T`) [token]
2021-11-21T23:53:18,108|[TRACE] graph - <------- nonSkippedChar
2021-11-21T23:53:18,108|[TRACE] graph - <----- statementPart
2021-11-21T23:53:18,108|[TRACE] graph - -----> statementPart
2021-11-21T23:53:18,108|[TRACE] graph - -------> nonSkippedSpace
2021-11-21T23:53:18,108|[TRACE] script - #out(` `) [token]
2021-11-21T23:53:18,108|[TRACE] graph - <------- nonSkippedSpace
2021-11-21T23:53:18,108|[TRACE] graph - <----- statementPart
2021-11-21T23:53:18,108|[TRACE] graph - -----> statementPart
2021-11-21T23:53:18,108|[TRACE] graph - -------> nonSkippedChar
2021-11-21T23:53:18,108|[TRACE] script - #out(`N`) [token]
2021-11-21T23:53:18,108|[TRACE] graph - <------- nonSkippedChar
2021-11-21T23:53:18,108|[TRACE] graph - <----- statementPart
2021-11-21T23:53:18,108|[TRACE] graph - -----> statementPart
2021-11-21T23:53:18,108|[TRACE] graph - -------> nonSkippedChar
2021-11-21T23:53:18,108|[TRACE] script - #out(`O`) [token]
2021-11-21T23:53:18,108|[TRACE] graph - <------- nonSkippedChar
2021-11-21T23:53:18,108|[TRACE] graph - <----- statementPart
2021-11-21T23:53:18,108|[TRACE] graph - -----> statementPart
2021-11-21T23:53:18,108|[TRACE] graph - -------> nonSkippedChar
2021-11-21T23:53:18,108|[TRACE] script - #out(`T`) [token]
2021-11-21T23:53:18,108|[TRACE] graph - <------- nonSkippedChar
2021-11-21T23:53:18,108|[TRACE] graph - <----- statementPart
2021-11-21T23:53:18,108|[TRACE] graph - -----> statementPart
2021-11-21T23:53:18,108|[TRACE] graph - -------> nonSkippedSpace
2021-11-21T23:53:18,108|[TRACE] script - #out(` `) [token]
2021-11-21T23:53:18,108|[TRACE] graph - <------- nonSkippedSpace
2021-11-21T23:53:18,108|[TRACE] graph - <----- statementPart
2021-11-21T23:53:18,108|[TRACE] graph - -----> statementPart
2021-11-21T23:53:18,108|[TRACE] graph - -------> nonSkippedChar
2021-11-21T23:53:18,108|[TRACE] script - #out(`N`) [token]
2021-11-21T23:53:18,108|[TRACE] graph - <------- nonSkippedChar
2021-11-21T23:53:18,108|[TRACE] graph - <----- statementPart
2021-11-21T23:53:18,108|[TRACE] graph - -----> statementPart
2021-11-21T23:53:18,108|[TRACE] graph - -------> nonSkippedChar
2021-11-21T23:53:18,108|[TRACE] script - #out(`U`) [token]
2021-11-21T23:53:18,108|[TRACE] graph - <------- nonSkippedChar
2021-11-21T23:53:18,108|[TRACE] graph - <----- statementPart
2021-11-21T23:53:18,108|[TRACE] graph - -----> statementPart
2021-11-21T23:53:18,108|[TRACE] graph - -------> nonSkippedChar
2021-11-21T23:53:18,108|[TRACE] script - #out(`L`) [token]
2021-11-21T23:53:18,108|[TRACE] graph - <------- nonSkippedChar
2021-11-21T23:53:18,108|[TRACE] graph - <----- statementPart
2021-11-21T23:53:18,108|[TRACE] graph - -----> statementPart
2021-11-21T23:53:18,109|[TRACE] graph - -------> nonSkippedChar
2021-11-21T23:53:18,109|[TRACE] script - #out(`L`) [token]
2021-11-21T23:53:18,109|[TRACE] graph - <------- nonSkippedChar
2021-11-21T23:53:18,109|[TRACE] graph - <----- statementPart
2021-11-21T23:53:18,109|[TRACE] graph - -----> statementPart
2021-11-21T23:53:18,109|[TRACE] graph - -------> nonSkippedSpace
2021-11-21T23:53:18,109|[TRACE] script - #out(` `) [token]
2021-11-21T23:53:18,109|[TRACE] graph - <------- nonSkippedSpace
2021-11-21T23:53:18,109|[TRACE] graph - <----- statementPart
2021-11-21T23:53:18,109|[TRACE] graph - -----> statementPart
2021-11-21T23:53:18,109|[TRACE] graph - -------> nonSkippedChar
2021-11-21T23:53:18,109|[TRACE] script - #out(`D`) [token]
2021-11-21T23:53:18,109|[TRACE] graph - <------- nonSkippedChar
2021-11-21T23:53:18,109|[TRACE] graph - <----- statementPart
2021-11-21T23:53:18,109|[TRACE] graph - -----> statementPart
2021-11-21T23:53:18,109|[TRACE] graph - -------> nonSkippedChar
2021-11-21T23:53:18,109|[TRACE] script - #out(`E`) [token]
2021-11-21T23:53:18,109|[TRACE] graph - <------- nonSkippedChar
2021-11-21T23:53:18,109|[TRACE] graph - <----- statementPart
2021-11-21T23:53:18,109|[TRACE] graph - -----> statementPart
2021-11-21T23:53:18,109|[TRACE] graph - -------> nonSkippedChar
2021-11-21T23:53:18,109|[TRACE] script - #out(`F`) [token]
2021-11-21T23:53:18,109|[TRACE] graph - <------- nonSkippedChar
2021-11-21T23:53:18,109|[TRACE] graph - <----- statementPart
2021-11-21T23:53:18,109|[TRACE] graph - -----> statementPart
2021-11-21T23:53:18,109|[TRACE] graph - -------> nonSkippedChar
2021-11-21T23:53:18,109|[TRACE] script - #out(`A`) [token]
2021-11-21T23:53:18,109|[TRACE] graph - <------- nonSkippedChar
2021-11-21T23:53:18,109|[TRACE] graph - <----- statementPart
2021-11-21T23:53:18,109|[TRACE] graph - -----> statementPart
2021-11-21T23:53:18,109|[TRACE] graph - -------> nonSkippedChar
2021-11-21T23:53:18,109|[TRACE] script - #out(`U`) [token]
2021-11-21T23:53:18,109|[TRACE] graph - <------- nonSkippedChar
2021-11-21T23:53:18,109|[TRACE] graph - <----- statementPart
2021-11-21T23:53:18,109|[TRACE] graph - -----> statementPart
2021-11-21T23:53:18,109|[TRACE] graph - -------> nonSkippedChar
2021-11-21T23:53:18,109|[TRACE] script - #out(`L`) [token]
2021-11-21T23:53:18,109|[TRACE] graph - <------- nonSkippedChar
2021-11-21T23:53:18,109|[TRACE] graph - <----- statementPart
2021-11-21T23:53:18,109|[TRACE] graph - -----> statementPart
2021-11-21T23:53:18,109|[TRACE] graph - -------> nonSkippedChar
2021-11-21T23:53:18,109|[TRACE] script - #out(`T`) [token]
2021-11-21T23:53:18,109|[TRACE] graph - <------- nonSkippedChar
2021-11-21T23:53:18,109|[TRACE] graph - <----- statementPart
2021-11-21T23:53:18,109|[TRACE] graph - -----> statementPart
2021-11-21T23:53:18,109|[TRACE] graph - -------> nonSkippedSpace
2021-11-21T23:53:18,109|[TRACE] script - #out(` `) [token]
2021-11-21T23:53:18,109|[TRACE] graph - <------- nonSkippedSpace
2021-11-21T23:53:18,109|[TRACE] graph - <----- statementPart
2021-11-21T23:53:18,109|[TRACE] graph - -----> statementPart
2021-11-21T23:53:18,109|[TRACE] graph - -------> nonSkippedChar
2021-11-21T23:53:18,109|[TRACE] script - #out(`(`) [token]
2021-11-21T23:53:18,109|[TRACE] graph - <------- nonSkippedChar
2021-11-21T23:53:18,109|[TRACE] graph - <----- statementPart
2021-11-21T23:53:18,109|[TRACE] graph - -----> statementPart
2021-11-21T23:53:18,109|[TRACE] graph - -------> nonSkippedChar
2021-11-21T23:53:18,109|[TRACE] script - #out(`u`) [token]
2021-11-21T23:53:18,109|[TRACE] graph - <------- nonSkippedChar
2021-11-21T23:53:18,109|[TRACE] graph - <----- statementPart
2021-11-21T23:53:18,109|[TRACE] graph - -----> statementPart
2021-11-21T23:53:18,109|[TRACE] graph - -------> nonSkippedChar
2021-11-21T23:53:18,109|[TRACE] script - #out(`n`) [token]
2021-11-21T23:53:18,109|[TRACE] graph - <------- nonSkippedChar
2021-11-21T23:53:18,109|[TRACE] graph - <----- statementPart
2021-11-21T23:53:18,109|[TRACE] graph - -----> statementPart
2021-11-21T23:53:18,109|[TRACE] graph - -------> nonSkippedChar
2021-11-21T23:53:18,109|[TRACE] script - #out(`i`) [token]
2021-11-21T23:53:18,109|[TRACE] graph - <------- nonSkippedChar
2021-11-21T23:53:18,109|[TRACE] graph - <----- statementPart
2021-11-21T23:53:18,109|[TRACE] graph - -----> statementPart
2021-11-21T23:53:18,109|[TRACE] graph - -------> nonSkippedChar
2021-11-21T23:53:18,109|[TRACE] script - #out(`x`) [token]
2021-11-21T23:53:18,109|[TRACE] graph - <------- nonSkippedChar
2021-11-21T23:53:18,109|[TRACE] graph - <----- statementPart
2021-11-21T23:53:18,109|[TRACE] graph - -----> statementPart
2021-11-21T23:53:18,109|[TRACE] graph - -------> nonSkippedChar
2021-11-21T23:53:18,109|[TRACE] script - #out(`_`) [token]
2021-11-21T23:53:18,109|[TRACE] graph - <------- nonSkippedChar
2021-11-21T23:53:18,109|[TRACE] graph - <----- statementPart
2021-11-21T23:53:18,109|[TRACE] graph - -----> statementPart
2021-11-21T23:53:18,109|[TRACE] graph - -------> nonSkippedChar
2021-11-21T23:53:18,109|[TRACE] script - #out(`t`) [token]
2021-11-21T23:53:18,109|[TRACE] graph - <------- nonSkippedChar
2021-11-21T23:53:18,109|[TRACE] graph - <----- statementPart
2021-11-21T23:53:18,109|[TRACE] graph - -----> statementPart
2021-11-21T23:53:18,109|[TRACE] graph - -------> nonSkippedChar
2021-11-21T23:53:18,109|[TRACE] script - #out(`i`) [token]
2021-11-21T23:53:18,109|[TRACE] graph - <------- nonSkippedChar
2021-11-21T23:53:18,109|[TRACE] graph - <----- statementPart
2021-11-21T23:53:18,109|[TRACE] graph - -----> statementPart
2021-11-21T23:53:18,109|[TRACE] graph - -------> nonSkippedChar
2021-11-21T23:53:18,109|[TRACE] script - #out(`m`) [token]
2021-11-21T23:53:18,109|[TRACE] graph - <------- nonSkippedChar
2021-11-21T23:53:18,109|[TRACE] graph - <----- statementPart
2021-11-21T23:53:18,109|[TRACE] graph - -----> statementPart
2021-11-21T23:53:18,109|[TRACE] graph - -------> nonSkippedChar
2021-11-21T23:53:18,109|[TRACE] script - #out(`e`) [token]
2021-11-21T23:53:18,110|[TRACE] graph - <------- nonSkippedChar
2021-11-21T23:53:18,110|[TRACE] graph - <----- statementPart
2021-11-21T23:53:18,110|[TRACE] graph - -----> statementPart
2021-11-21T23:53:18,110|[TRACE] graph - -------> nonSkippedChar
2021-11-21T23:53:18,110|[TRACE] script - #out(`s`) [token]
2021-11-21T23:53:18,110|[TRACE] graph - <------- nonSkippedChar
2021-11-21T23:53:18,110|[TRACE] graph - <----- statementPart
2021-11-21T23:53:18,110|[TRACE] graph - -----> statementPart
2021-11-21T23:53:18,110|[TRACE] graph - -------> nonSkippedChar
2021-11-21T23:53:18,110|[TRACE] script - #out(`t`) [token]
2021-11-21T23:53:18,110|[TRACE] graph - <------- nonSkippedChar
2021-11-21T23:53:18,110|[TRACE] graph - <----- statementPart
2021-11-21T23:53:18,110|[TRACE] graph - -----> statementPart
2021-11-21T23:53:18,110|[TRACE] graph - -------> nonSkippedChar
2021-11-21T23:53:18,110|[TRACE] script - #out(`a`) [token]
2021-11-21T23:53:18,110|[TRACE] graph - <------- nonSkippedChar
2021-11-21T23:53:18,110|[TRACE] graph - <----- statementPart
2021-11-21T23:53:18,110|[TRACE] graph - -----> statementPart
2021-11-21T23:53:18,110|[TRACE] graph - -------> nonSkippedChar
2021-11-21T23:53:18,110|[TRACE] script - #out(`m`) [token]
2021-11-21T23:53:18,110|[TRACE] graph - <------- nonSkippedChar
2021-11-21T23:53:18,110|[TRACE] graph - <----- statementPart
2021-11-21T23:53:18,110|[TRACE] graph - -----> statementPart
2021-11-21T23:53:18,110|[TRACE] graph - -------> nonSkippedChar
2021-11-21T23:53:18,110|[TRACE] script - #out(`p`) [token]
2021-11-21T23:53:18,110|[TRACE] graph - <------- nonSkippedChar
2021-11-21T23:53:18,110|[TRACE] graph - <----- statementPart
2021-11-21T23:53:18,110|[TRACE] graph - -----> statementPart
2021-11-21T23:53:18,110|[TRACE] graph - -------> nonSkippedChar
2021-11-21T23:53:18,110|[TRACE] script - #out(`(`) [token]
2021-11-21T23:53:18,110|[TRACE] graph - <------- nonSkippedChar
2021-11-21T23:53:18,110|[TRACE] graph - <----- statementPart
2021-11-21T23:53:18,110|[TRACE] graph - -----> statementPart
2021-11-21T23:53:18,110|[TRACE] graph - -------> nonSkippedChar
2021-11-21T23:53:18,110|[TRACE] script - #out(`n`) [token]
2021-11-21T23:53:18,110|[TRACE] graph - <------- nonSkippedChar
2021-11-21T23:53:18,110|[TRACE] graph - <----- statementPart
2021-11-21T23:53:18,110|[TRACE] graph - -----> statementPart
2021-11-21T23:53:18,110|[TRACE] graph - -------> nonSkippedChar
2021-11-21T23:53:18,110|[TRACE] script - #out(`o`) [token]
2021-11-21T23:53:18,110|[TRACE] graph - <------- nonSkippedChar
2021-11-21T23:53:18,110|[TRACE] graph - <----- statementPart
2021-11-21T23:53:18,110|[TRACE] graph - -----> statementPart
2021-11-21T23:53:18,110|[TRACE] graph - -------> nonSkippedChar
2021-11-21T23:53:18,110|[TRACE] script - #out(`w`) [token]
2021-11-21T23:53:18,110|[TRACE] graph - <------- nonSkippedChar
2021-11-21T23:53:18,110|[TRACE] graph - <----- statementPart
2021-11-21T23:53:18,110|[TRACE] graph - -----> statementPart
2021-11-21T23:53:18,110|[TRACE] graph - -------> nonSkippedChar
2021-11-21T23:53:18,110|[TRACE] script - #out(`(`) [token]
2021-11-21T23:53:18,110|[TRACE] graph - <------- nonSkippedChar
2021-11-21T23:53:18,110|[TRACE] graph - <----- statementPart
2021-11-21T23:53:18,110|[TRACE] graph - -----> statementPart
2021-11-21T23:53:18,110|[TRACE] graph - -------> nonSkippedChar
2021-11-21T23:53:18,110|[TRACE] script - #out(`)`) [token]
2021-11-21T23:53:18,110|[TRACE] graph - <------- nonSkippedChar
2021-11-21T23:53:18,110|[TRACE] graph - <----- statementPart
2021-11-21T23:53:18,110|[TRACE] graph - -----> statementPart
2021-11-21T23:53:18,110|[TRACE] graph - -------> nonSkippedChar
2021-11-21T23:53:18,110|[TRACE] script - #out(`)`) [token]
2021-11-21T23:53:18,110|[TRACE] graph - <------- nonSkippedChar
2021-11-21T23:53:18,110|[TRACE] graph - <----- statementPart
2021-11-21T23:53:18,110|[TRACE] graph - -----> statementPart
2021-11-21T23:53:18,110|[TRACE] graph - -------> nonSkippedSpace
2021-11-21T23:53:18,110|[TRACE] script - #out(` `) [token]
2021-11-21T23:53:18,110|[TRACE] graph - <------- nonSkippedSpace
2021-11-21T23:53:18,110|[TRACE] graph - <----- statementPart
2021-11-21T23:53:18,110|[TRACE] graph - -----> statementPart
2021-11-21T23:53:18,110|[TRACE] graph - -------> nonSkippedChar
2021-11-21T23:53:18,110|[TRACE] script - #out(`*`) [token]
2021-11-21T23:53:18,110|[TRACE] graph - <------- nonSkippedChar
2021-11-21T23:53:18,110|[TRACE] graph - <----- statementPart
2021-11-21T23:53:18,110|[TRACE] graph - -----> statementPart
2021-11-21T23:53:18,110|[TRACE] graph - -------> nonSkippedSpace
2021-11-21T23:53:18,110|[TRACE] script - #out(` `) [token]
2021-11-21T23:53:18,110|[TRACE] graph - <------- nonSkippedSpace
2021-11-21T23:53:18,110|[TRACE] graph - <----- statementPart
2021-11-21T23:53:18,110|[TRACE] graph - -----> statementPart
2021-11-21T23:53:18,110|[TRACE] graph - -------> nonSkippedChar
2021-11-21T23:53:18,110|[TRACE] script - #out(`1`) [token]
2021-11-21T23:53:18,110|[TRACE] graph - <------- nonSkippedChar
2021-11-21T23:53:18,110|[TRACE] graph - <----- statementPart
2021-11-21T23:53:18,110|[TRACE] graph - -----> statementPart
2021-11-21T23:53:18,110|[TRACE] graph - -------> nonSkippedChar
2021-11-21T23:53:18,110|[TRACE] script - #out(`0`) [token]
2021-11-21T23:53:18,110|[TRACE] graph - <------- nonSkippedChar
2021-11-21T23:53:18,110|[TRACE] graph - <----- statementPart
2021-11-21T23:53:18,110|[TRACE] graph - -----> statementPart
2021-11-21T23:53:18,110|[TRACE] graph - -------> nonSkippedChar
2021-11-21T23:53:18,110|[TRACE] script - #out(`0`) [token]
2021-11-21T23:53:18,110|[TRACE] graph - <------- nonSkippedChar
2021-11-21T23:53:18,110|[TRACE] graph - <----- statementPart
2021-11-21T23:53:18,110|[TRACE] graph - -----> statementPart
2021-11-21T23:53:18,110|[TRACE] graph - -------> nonSkippedChar
2021-11-21T23:53:18,110|[TRACE] script - #out(`0`) [token]
2021-11-21T23:53:18,110|[TRACE] graph - <------- nonSkippedChar
2021-11-21T23:53:18,110|[TRACE] graph - <----- statementPart
2021-11-21T23:53:18,110|[TRACE] graph - -----> statementPart
2021-11-21T23:53:18,110|[TRACE] graph - -------> nonSkippedChar
2021-11-21T23:53:18,110|[TRACE] script - #out(`)`) [token]
2021-11-21T23:53:18,111|[TRACE] graph - <------- nonSkippedChar
2021-11-21T23:53:18,111|[TRACE] graph - <----- statementPart
2021-11-21T23:53:18,111|[TRACE] graph - -----> statementPart
2021-11-21T23:53:18,111|[TRACE] graph - -------> nonSkippedChar
2021-11-21T23:53:18,111|[TRACE] script - #out(`,`) [token]
2021-11-21T23:53:18,111|[TRACE] graph - <------- nonSkippedChar
2021-11-21T23:53:18,111|[TRACE] graph - <----- statementPart
2021-11-21T23:53:18,111|[TRACE] graph - -----> afterStatementPartNewline
2021-11-21T23:53:18,111|[TRACE] script - #out(` `) [text]
2021-11-21T23:53:18,111|[TRACE] graph - <----- afterStatementPartNewline
2021-11-21T23:53:18,111|[TRACE] graph - -----> statementPart
2021-11-21T23:53:18,111|[TRACE] graph - -------> nonSkippedSpace
2021-11-21T23:53:18,111|[TRACE] script - #out(` `) [token]
2021-11-21T23:53:18,111|[TRACE] graph - <------- nonSkippedSpace
2021-11-21T23:53:18,111|[TRACE] graph - <----- statementPart
2021-11-21T23:53:18,111|[TRACE] graph - -----> statementPart
2021-11-21T23:53:18,111|[TRACE] graph - -------> nonSkippedSpace
2021-11-21T23:53:18,111|[TRACE] script - #out(` `) [token]
2021-11-21T23:53:18,111|[TRACE] graph - <------- nonSkippedSpace
2021-11-21T23:53:18,111|[TRACE] graph - <----- statementPart
2021-11-21T23:53:18,111|[TRACE] graph - -----> statementPart
2021-11-21T23:53:18,111|[TRACE] graph - -------> quotedString
2021-11-21T23:53:18,111|[TRACE] script - #out(``updated``) [token]
2021-11-21T23:53:18,111|[TRACE] graph - <------- quotedString
2021-11-21T23:53:18,111|[TRACE] graph - <----- statementPart
2021-11-21T23:53:18,111|[TRACE] graph - -----> statementPart
2021-11-21T23:53:18,111|[TRACE] graph - -------> nonSkippedSpace
2021-11-21T23:53:18,111|[TRACE] script - #out(` `) [token]
2021-11-21T23:53:18,111|[TRACE] graph - <------- nonSkippedSpace
2021-11-21T23:53:18,111|[TRACE] graph - <----- statementPart
2021-11-21T23:53:18,111|[TRACE] graph - -----> statementPart
2021-11-21T23:53:18,111|[TRACE] graph - -------> nonSkippedChar
2021-11-21T23:53:18,111|[TRACE] script - #out(`B`) [token]
2021-11-21T23:53:18,111|[TRACE] graph - <------- nonSkippedChar
2021-11-21T23:53:18,111|[TRACE] graph - <----- statementPart
2021-11-21T23:53:18,111|[TRACE] graph - -----> statementPart
2021-11-21T23:53:18,111|[TRACE] graph - -------> nonSkippedChar
2021-11-21T23:53:18,111|[TRACE] script - #out(`I`) [token]
2021-11-21T23:53:18,111|[TRACE] graph - <------- nonSkippedChar
2021-11-21T23:53:18,111|[TRACE] graph - <----- statementPart
2021-11-21T23:53:18,111|[TRACE] graph - -----> statementPart
2021-11-21T23:53:18,111|[TRACE] graph - -------> nonSkippedChar
2021-11-21T23:53:18,111|[TRACE] script - #out(`G`) [token]
2021-11-21T23:53:18,111|[TRACE] graph - <------- nonSkippedChar
2021-11-21T23:53:18,111|[TRACE] graph - <----- statementPart
2021-11-21T23:53:18,111|[TRACE] graph - -----> statementPart
2021-11-21T23:53:18,111|[TRACE] graph - -------> nonSkippedChar
2021-11-21T23:53:18,111|[TRACE] script - #out(`I`) [token]
2021-11-21T23:53:18,111|[TRACE] graph - <------- nonSkippedChar
2021-11-21T23:53:18,111|[TRACE] graph - <----- statementPart
2021-11-21T23:53:18,111|[TRACE] graph - -----> statementPart
2021-11-21T23:53:18,111|[TRACE] graph - -------> nonSkippedChar
2021-11-21T23:53:18,111|[TRACE] script - #out(`N`) [token]
2021-11-21T23:53:18,111|[TRACE] graph - <------- nonSkippedChar
2021-11-21T23:53:18,111|[TRACE] graph - <----- statementPart
2021-11-21T23:53:18,111|[TRACE] graph - -----> statementPart
2021-11-21T23:53:18,111|[TRACE] graph - -------> nonSkippedChar
2021-11-21T23:53:18,111|[TRACE] script - #out(`T`) [token]
2021-11-21T23:53:18,111|[TRACE] graph - <------- nonSkippedChar
2021-11-21T23:53:18,111|[TRACE] graph - <----- statementPart
2021-11-21T23:53:18,111|[TRACE] graph - -----> statementPart
2021-11-21T23:53:18,111|[TRACE] graph - -------> nonSkippedSpace
2021-11-21T23:53:18,111|[TRACE] script - #out(` `) [token]
2021-11-21T23:53:18,111|[TRACE] graph - <------- nonSkippedSpace
2021-11-21T23:53:18,111|[TRACE] graph - <----- statementPart
2021-11-21T23:53:18,111|[TRACE] graph - -----> statementPart
2021-11-21T23:53:18,111|[TRACE] graph - -------> nonSkippedChar
2021-11-21T23:53:18,111|[TRACE] script - #out(`N`) [token]
2021-11-21T23:53:18,111|[TRACE] graph - <------- nonSkippedChar
2021-11-21T23:53:18,111|[TRACE] graph - <----- statementPart
2021-11-21T23:53:18,111|[TRACE] graph - -----> statementPart
2021-11-21T23:53:18,111|[TRACE] graph - -------> nonSkippedChar
2021-11-21T23:53:18,111|[TRACE] script - #out(`O`) [token]
2021-11-21T23:53:18,111|[TRACE] graph - <------- nonSkippedChar
2021-11-21T23:53:18,111|[TRACE] graph - <----- statementPart
2021-11-21T23:53:18,111|[TRACE] graph - -----> statementPart
2021-11-21T23:53:18,111|[TRACE] graph - -------> nonSkippedChar
2021-11-21T23:53:18,111|[TRACE] script - #out(`T`) [token]
2021-11-21T23:53:18,111|[TRACE] graph - <------- nonSkippedChar
2021-11-21T23:53:18,111|[TRACE] graph - <----- statementPart
2021-11-21T23:53:18,111|[TRACE] graph - -----> statementPart
2021-11-21T23:53:18,111|[TRACE] graph - -------> nonSkippedSpace
2021-11-21T23:53:18,111|[TRACE] script - #out(` `) [token]
2021-11-21T23:53:18,111|[TRACE] graph - <------- nonSkippedSpace
2021-11-21T23:53:18,111|[TRACE] graph - <----- statementPart
2021-11-21T23:53:18,111|[TRACE] graph - -----> statementPart
2021-11-21T23:53:18,111|[TRACE] graph - -------> nonSkippedChar
2021-11-21T23:53:18,111|[TRACE] script - #out(`N`) [token]
2021-11-21T23:53:18,111|[TRACE] graph - <------- nonSkippedChar
2021-11-21T23:53:18,111|[TRACE] graph - <----- statementPart
2021-11-21T23:53:18,111|[TRACE] graph - -----> statementPart
2021-11-21T23:53:18,111|[TRACE] graph - -------> nonSkippedChar
2021-11-21T23:53:18,111|[TRACE] script - #out(`U`) [token]
2021-11-21T23:53:18,111|[TRACE] graph - <------- nonSkippedChar
2021-11-21T23:53:18,111|[TRACE] graph - <----- statementPart
2021-11-21T23:53:18,111|[TRACE] graph - -----> statementPart
2021-11-21T23:53:18,111|[TRACE] graph - -------> nonSkippedChar
2021-11-21T23:53:18,111|[TRACE] script - #out(`L`) [token]
2021-11-21T23:53:18,111|[TRACE] graph - <------- nonSkippedChar
2021-11-21T23:53:18,111|[TRACE] graph - <----- statementPart
2021-11-21T23:53:18,112|[TRACE] graph - -----> statementPart
2021-11-21T23:53:18,112|[TRACE] graph - -------> nonSkippedChar
2021-11-21T23:53:18,112|[TRACE] script - #out(`L`) [token]
2021-11-21T23:53:18,112|[TRACE] graph - <------- nonSkippedChar
2021-11-21T23:53:18,112|[TRACE] graph - <----- statementPart
2021-11-21T23:53:18,112|[TRACE] graph - -----> statementPart
2021-11-21T23:53:18,112|[TRACE] graph - -------> nonSkippedSpace
2021-11-21T23:53:18,112|[TRACE] script - #out(` `) [token]
2021-11-21T23:53:18,112|[TRACE] graph - <------- nonSkippedSpace
2021-11-21T23:53:18,112|[TRACE] graph - <----- statementPart
2021-11-21T23:53:18,112|[TRACE] graph - -----> statementPart
2021-11-21T23:53:18,112|[TRACE] graph - -------> nonSkippedChar
2021-11-21T23:53:18,112|[TRACE] script - #out(`D`) [token]
2021-11-21T23:53:18,112|[TRACE] graph - <------- nonSkippedChar
2021-11-21T23:53:18,112|[TRACE] graph - <----- statementPart
2021-11-21T23:53:18,112|[TRACE] graph - -----> statementPart
2021-11-21T23:53:18,112|[TRACE] graph - -------> nonSkippedChar
2021-11-21T23:53:18,112|[TRACE] script - #out(`E`) [token]
2021-11-21T23:53:18,112|[TRACE] graph - <------- nonSkippedChar
2021-11-21T23:53:18,112|[TRACE] graph - <----- statementPart
2021-11-21T23:53:18,112|[TRACE] graph - -----> statementPart
2021-11-21T23:53:18,112|[TRACE] graph - -------> nonSkippedChar
2021-11-21T23:53:18,112|[TRACE] script - #out(`F`) [token]
2021-11-21T23:53:18,112|[TRACE] graph - <------- nonSkippedChar
2021-11-21T23:53:18,112|[TRACE] graph - <----- statementPart
2021-11-21T23:53:18,112|[TRACE] graph - -----> statementPart
2021-11-21T23:53:18,112|[TRACE] graph - -------> nonSkippedChar
2021-11-21T23:53:18,112|[TRACE] script - #out(`A`) [token]
2021-11-21T23:53:18,112|[TRACE] graph - <------- nonSkippedChar
2021-11-21T23:53:18,112|[TRACE] graph - <----- statementPart
2021-11-21T23:53:18,112|[TRACE] graph - -----> statementPart
2021-11-21T23:53:18,112|[TRACE] graph - -------> nonSkippedChar
2021-11-21T23:53:18,112|[TRACE] script - #out(`U`) [token]
2021-11-21T23:53:18,112|[TRACE] graph - <------- nonSkippedChar
2021-11-21T23:53:18,112|[TRACE] graph - <----- statementPart
2021-11-21T23:53:18,112|[TRACE] graph - -----> statementPart
2021-11-21T23:53:18,112|[TRACE] graph - -------> nonSkippedChar
2021-11-21T23:53:18,112|[TRACE] script - #out(`L`) [token]
2021-11-21T23:53:18,112|[TRACE] graph - <------- nonSkippedChar
2021-11-21T23:53:18,112|[TRACE] graph - <----- statementPart
2021-11-21T23:53:18,112|[TRACE] graph - -----> statementPart
2021-11-21T23:53:18,112|[TRACE] graph - -------> nonSkippedChar
2021-11-21T23:53:18,112|[TRACE] script - #out(`T`) [token]
2021-11-21T23:53:18,112|[TRACE] graph - <------- nonSkippedChar
2021-11-21T23:53:18,112|[TRACE] graph - <----- statementPart
2021-11-21T23:53:18,112|[TRACE] graph - -----> statementPart
2021-11-21T23:53:18,112|[TRACE] graph - -------> nonSkippedSpace
2021-11-21T23:53:18,112|[TRACE] script - #out(` `) [token]
2021-11-21T23:53:18,112|[TRACE] graph - <------- nonSkippedSpace
2021-11-21T23:53:18,112|[TRACE] graph - <----- statementPart
2021-11-21T23:53:18,112|[TRACE] graph - -----> statementPart
2021-11-21T23:53:18,112|[TRACE] graph - -------> nonSkippedChar
2021-11-21T23:53:18,112|[TRACE] script - #out(`(`) [token]
2021-11-21T23:53:18,112|[TRACE] graph - <------- nonSkippedChar
2021-11-21T23:53:18,112|[TRACE] graph - <----- statementPart
2021-11-21T23:53:18,112|[TRACE] graph - -----> statementPart
2021-11-21T23:53:18,112|[TRACE] graph - -------> nonSkippedChar
2021-11-21T23:53:18,112|[TRACE] script - #out(`u`) [token]
2021-11-21T23:53:18,112|[TRACE] graph - <------- nonSkippedChar
2021-11-21T23:53:18,112|[TRACE] graph - <----- statementPart
2021-11-21T23:53:18,112|[TRACE] graph - -----> statementPart
2021-11-21T23:53:18,112|[TRACE] graph - -------> nonSkippedChar
2021-11-21T23:53:18,112|[TRACE] script - #out(`n`) [token]
2021-11-21T23:53:18,112|[TRACE] graph - <------- nonSkippedChar
2021-11-21T23:53:18,112|[TRACE] graph - <----- statementPart
2021-11-21T23:53:18,112|[TRACE] graph - -----> statementPart
2021-11-21T23:53:18,112|[TRACE] graph - -------> nonSkippedChar
2021-11-21T23:53:18,112|[TRACE] script - #out(`i`) [token]
2021-11-21T23:53:18,112|[TRACE] graph - <------- nonSkippedChar
2021-11-21T23:53:18,112|[TRACE] graph - <----- statementPart
2021-11-21T23:53:18,112|[TRACE] graph - -----> statementPart
2021-11-21T23:53:18,112|[TRACE] graph - -------> nonSkippedChar
2021-11-21T23:53:18,112|[TRACE] script - #out(`x`) [token]
2021-11-21T23:53:18,112|[TRACE] graph - <------- nonSkippedChar
2021-11-21T23:53:18,112|[TRACE] graph - <----- statementPart
2021-11-21T23:53:18,112|[TRACE] graph - -----> statementPart
2021-11-21T23:53:18,112|[TRACE] graph - -------> nonSkippedChar
2021-11-21T23:53:18,112|[TRACE] script - #out(`_`) [token]
2021-11-21T23:53:18,112|[TRACE] graph - <------- nonSkippedChar
2021-11-21T23:53:18,112|[TRACE] graph - <----- statementPart
2021-11-21T23:53:18,112|[TRACE] graph - -----> statementPart
2021-11-21T23:53:18,112|[TRACE] graph - -------> nonSkippedChar
2021-11-21T23:53:18,112|[TRACE] script - #out(`t`) [token]
2021-11-21T23:53:18,112|[TRACE] graph - <------- nonSkippedChar
2021-11-21T23:53:18,112|[TRACE] graph - <----- statementPart
2021-11-21T23:53:18,112|[TRACE] graph - -----> statementPart
2021-11-21T23:53:18,112|[TRACE] graph - -------> nonSkippedChar
2021-11-21T23:53:18,112|[TRACE] script - #out(`i`) [token]
2021-11-21T23:53:18,112|[TRACE] graph - <------- nonSkippedChar
2021-11-21T23:53:18,112|[TRACE] graph - <----- statementPart
2021-11-21T23:53:18,112|[TRACE] graph - -----> statementPart
2021-11-21T23:53:18,112|[TRACE] graph - -------> nonSkippedChar
2021-11-21T23:53:18,112|[TRACE] script - #out(`m`) [token]
2021-11-21T23:53:18,112|[TRACE] graph - <------- nonSkippedChar
2021-11-21T23:53:18,112|[TRACE] graph - <----- statementPart
2021-11-21T23:53:18,113|[TRACE] graph - -----> statementPart
2021-11-21T23:53:18,113|[TRACE] graph - -------> nonSkippedChar
2021-11-21T23:53:18,113|[TRACE] script - #out(`e`) [token]
2021-11-21T23:53:18,113|[TRACE] graph - <------- nonSkippedChar
2021-11-21T23:53:18,113|[TRACE] graph - <----- statementPart
2021-11-21T23:53:18,113|[TRACE] graph - -----> statementPart
2021-11-21T23:53:18,113|[TRACE] graph - -------> nonSkippedChar
2021-11-21T23:53:18,113|[TRACE] script - #out(`s`) [token]
2021-11-21T23:53:18,113|[TRACE] graph - <------- nonSkippedChar
2021-11-21T23:53:18,113|[TRACE] graph - <----- statementPart
2021-11-21T23:53:18,113|[TRACE] graph - -----> statementPart
2021-11-21T23:53:18,113|[TRACE] graph - -------> nonSkippedChar
2021-11-21T23:53:18,113|[TRACE] script - #out(`t`) [token]
2021-11-21T23:53:18,113|[TRACE] graph - <------- nonSkippedChar
2021-11-21T23:53:18,113|[TRACE] graph - <----- statementPart
2021-11-21T23:53:18,113|[TRACE] graph - -----> statementPart
2021-11-21T23:53:18,113|[TRACE] graph - -------> nonSkippedChar
2021-11-21T23:53:18,113|[TRACE] script - #out(`a`) [token]
2021-11-21T23:53:18,113|[TRACE] graph - <------- nonSkippedChar
2021-11-21T23:53:18,113|[TRACE] graph - <----- statementPart
2021-11-21T23:53:18,113|[TRACE] graph - -----> statementPart
2021-11-21T23:53:18,113|[TRACE] graph - -------> nonSkippedChar
2021-11-21T23:53:18,113|[TRACE] script - #out(`m`) [token]
2021-11-21T23:53:18,113|[TRACE] graph - <------- nonSkippedChar
2021-11-21T23:53:18,113|[TRACE] graph - <----- statementPart
2021-11-21T23:53:18,113|[TRACE] graph - -----> statementPart
2021-11-21T23:53:18,113|[TRACE] graph - -------> nonSkippedChar
2021-11-21T23:53:18,113|[TRACE] script - #out(`p`) [token]
2021-11-21T23:53:18,113|[TRACE] graph - <------- nonSkippedChar
2021-11-21T23:53:18,113|[TRACE] graph - <----- statementPart
2021-11-21T23:53:18,113|[TRACE] graph - -----> statementPart
2021-11-21T23:53:18,113|[TRACE] graph - -------> nonSkippedChar
2021-11-21T23:53:18,113|[TRACE] script - #out(`(`) [token]
2021-11-21T23:53:18,113|[TRACE] graph - <------- nonSkippedChar
2021-11-21T23:53:18,113|[TRACE] graph - <----- statementPart
2021-11-21T23:53:18,113|[TRACE] graph - -----> statementPart
2021-11-21T23:53:18,113|[TRACE] graph - -------> nonSkippedChar
2021-11-21T23:53:18,113|[TRACE] script - #out(`n`) [token]
2021-11-21T23:53:18,113|[TRACE] graph - <------- nonSkippedChar
2021-11-21T23:53:18,113|[TRACE] graph - <----- statementPart
2021-11-21T23:53:18,113|[TRACE] graph - -----> statementPart
2021-11-21T23:53:18,113|[TRACE] graph - -------> nonSkippedChar
2021-11-21T23:53:18,113|[TRACE] script - #out(`o`) [token]
2021-11-21T23:53:18,113|[TRACE] graph - <------- nonSkippedChar
2021-11-21T23:53:18,113|[TRACE] graph - <----- statementPart
2021-11-21T23:53:18,113|[TRACE] graph - -----> statementPart
2021-11-21T23:53:18,113|[TRACE] graph - -------> nonSkippedChar
2021-11-21T23:53:18,113|[TRACE] script - #out(`w`) [token]
2021-11-21T23:53:18,113|[TRACE] graph - <------- nonSkippedChar
2021-11-21T23:53:18,113|[TRACE] graph - <----- statementPart
2021-11-21T23:53:18,113|[TRACE] graph - -----> statementPart
2021-11-21T23:53:18,113|[TRACE] graph - -------> nonSkippedChar
2021-11-21T23:53:18,113|[TRACE] script - #out(`(`) [token]
2021-11-21T23:53:18,113|[TRACE] graph - <------- nonSkippedChar
2021-11-21T23:53:18,113|[TRACE] graph - <----- statementPart
2021-11-21T23:53:18,113|[TRACE] graph - -----> statementPart
2021-11-21T23:53:18,113|[TRACE] graph - -------> nonSkippedChar
2021-11-21T23:53:18,113|[TRACE] script - #out(`)`) [token]
2021-11-21T23:53:18,113|[TRACE] graph - <------- nonSkippedChar
2021-11-21T23:53:18,113|[TRACE] graph - <----- statementPart
2021-11-21T23:53:18,113|[TRACE] graph - -----> statementPart
2021-11-21T23:53:18,113|[TRACE] graph - -------> nonSkippedChar
2021-11-21T23:53:18,113|[TRACE] script - #out(`)`) [token]
2021-11-21T23:53:18,113|[TRACE] graph - <------- nonSkippedChar
2021-11-21T23:53:18,113|[TRACE] graph - <----- statementPart
2021-11-21T23:53:18,113|[TRACE] graph - -----> statementPart
2021-11-21T23:53:18,113|[TRACE] graph - -------> nonSkippedSpace
2021-11-21T23:53:18,113|[TRACE] script - #out(` `) [token]
2021-11-21T23:53:18,113|[TRACE] graph - <------- nonSkippedSpace
2021-11-21T23:53:18,113|[TRACE] graph - <----- statementPart
2021-11-21T23:53:18,113|[TRACE] graph - -----> statementPart
2021-11-21T23:53:18,113|[TRACE] graph - -------> nonSkippedChar
2021-11-21T23:53:18,113|[TRACE] script - #out(`*`) [token]
2021-11-21T23:53:18,113|[TRACE] graph - <------- nonSkippedChar
2021-11-21T23:53:18,113|[TRACE] graph - <----- statementPart
2021-11-21T23:53:18,113|[TRACE] graph - -----> statementPart
2021-11-21T23:53:18,113|[TRACE] graph - -------> nonSkippedSpace
2021-11-21T23:53:18,113|[TRACE] script - #out(` `) [token]
2021-11-21T23:53:18,113|[TRACE] graph - <------- nonSkippedSpace
2021-11-21T23:53:18,113|[TRACE] graph - <----- statementPart
2021-11-21T23:53:18,113|[TRACE] graph - -----> statementPart
2021-11-21T23:53:18,113|[TRACE] graph - -------> nonSkippedChar
2021-11-21T23:53:18,113|[TRACE] script - #out(`1`) [token]
2021-11-21T23:53:18,113|[TRACE] graph - <------- nonSkippedChar
2021-11-21T23:53:18,113|[TRACE] graph - <----- statementPart
2021-11-21T23:53:18,113|[TRACE] graph - -----> statementPart
2021-11-21T23:53:18,113|[TRACE] graph - -------> nonSkippedChar
2021-11-21T23:53:18,113|[TRACE] script - #out(`0`) [token]
2021-11-21T23:53:18,113|[TRACE] graph - <------- nonSkippedChar
2021-11-21T23:53:18,113|[TRACE] graph - <----- statementPart
2021-11-21T23:53:18,113|[TRACE] graph - -----> statementPart
2021-11-21T23:53:18,113|[TRACE] graph - -------> nonSkippedChar
2021-11-21T23:53:18,113|[TRACE] script - #out(`0`) [token]
2021-11-21T23:53:18,113|[TRACE] graph - <------- nonSkippedChar
2021-11-21T23:53:18,113|[TRACE] graph - <----- statementPart
2021-11-21T23:53:18,113|[TRACE] graph - -----> statementPart
2021-11-21T23:53:18,113|[TRACE] graph - -------> nonSkippedChar
2021-11-21T23:53:18,113|[TRACE] script - #out(`0`) [token]
2021-11-21T23:53:18,113|[TRACE] graph - <------- nonSkippedChar
2021-11-21T23:53:18,113|[TRACE] graph - <----- statementPart
2021-11-21T23:53:18,113|[TRACE] graph - -----> statementPart
2021-11-21T23:53:18,113|[TRACE] graph - -------> nonSkippedChar
2021-11-21T23:53:18,114|[TRACE] script - #out(`)`) [token]
2021-11-21T23:53:18,114|[TRACE] graph - <------- nonSkippedChar
2021-11-21T23:53:18,114|[TRACE] graph - <----- statementPart
2021-11-21T23:53:18,114|[TRACE] graph - -----> statementPart
2021-11-21T23:53:18,114|[TRACE] graph - -------> nonSkippedChar
2021-11-21T23:53:18,114|[TRACE] script - #out(`,`) [token]
2021-11-21T23:53:18,114|[TRACE] graph - <------- nonSkippedChar
2021-11-21T23:53:18,114|[TRACE] graph - <----- statementPart
2021-11-21T23:53:18,114|[TRACE] graph - -----> afterStatementPartNewline
2021-11-21T23:53:18,114|[TRACE] script - #out(` `) [text]
2021-11-21T23:53:18,114|[TRACE] graph - <----- afterStatementPartNewline
2021-11-21T23:53:18,114|[TRACE] graph - -----> statementPart
2021-11-21T23:53:18,114|[TRACE] graph - -------> nonSkippedSpace
2021-11-21T23:53:18,114|[TRACE] script - #out(` `) [token]
2021-11-21T23:53:18,114|[TRACE] graph - <------- nonSkippedSpace
2021-11-21T23:53:18,114|[TRACE] graph - <----- statementPart
2021-11-21T23:53:18,114|[TRACE] graph - -----> statementPart
2021-11-21T23:53:18,114|[TRACE] graph - -------> nonSkippedSpace
2021-11-21T23:53:18,114|[TRACE] script - #out(` `) [token]
2021-11-21T23:53:18,114|[TRACE] graph - <------- nonSkippedSpace
2021-11-21T23:53:18,114|[TRACE] graph - <----- statementPart
2021-11-21T23:53:18,114|[TRACE] graph - -----> statementPart
2021-11-21T23:53:18,114|[TRACE] graph - -------> quotedString
2021-11-21T23:53:18,114|[TRACE] script - #out(``version``) [token]
2021-11-21T23:53:18,114|[TRACE] graph - <------- quotedString
2021-11-21T23:53:18,114|[TRACE] graph - <----- statementPart
2021-11-21T23:53:18,114|[TRACE] graph - -----> statementPart
2021-11-21T23:53:18,114|[TRACE] graph - -------> nonSkippedSpace
2021-11-21T23:53:18,114|[TRACE] script - #out(` `) [token]
2021-11-21T23:53:18,114|[TRACE] graph - <------- nonSkippedSpace
2021-11-21T23:53:18,114|[TRACE] graph - <----- statementPart
2021-11-21T23:53:18,114|[TRACE] graph - -----> statementPart
2021-11-21T23:53:18,114|[TRACE] graph - -------> nonSkippedChar
2021-11-21T23:53:18,114|[TRACE] script - #out(`I`) [token]
2021-11-21T23:53:18,114|[TRACE] graph - <------- nonSkippedChar
2021-11-21T23:53:18,114|[TRACE] graph - <----- statementPart
2021-11-21T23:53:18,114|[TRACE] graph - -----> statementPart
2021-11-21T23:53:18,114|[TRACE] graph - -------> nonSkippedChar
2021-11-21T23:53:18,114|[TRACE] script - #out(`N`) [token]
2021-11-21T23:53:18,114|[TRACE] graph - <------- nonSkippedChar
2021-11-21T23:53:18,114|[TRACE] graph - <----- statementPart
2021-11-21T23:53:18,114|[TRACE] graph - -----> statementPart
2021-11-21T23:53:18,114|[TRACE] graph - -------> nonSkippedChar
2021-11-21T23:53:18,114|[TRACE] script - #out(`T`) [token]
2021-11-21T23:53:18,114|[TRACE] graph - <------- nonSkippedChar
2021-11-21T23:53:18,114|[TRACE] graph - <----- statementPart
2021-11-21T23:53:18,114|[TRACE] graph - -----> statementPart
2021-11-21T23:53:18,114|[TRACE] graph - -------> nonSkippedSpace
2021-11-21T23:53:18,114|[TRACE] script - #out(` `) [token]
2021-11-21T23:53:18,114|[TRACE] graph - <------- nonSkippedSpace
2021-11-21T23:53:18,114|[TRACE] graph - <----- statementPart
2021-11-21T23:53:18,114|[TRACE] graph - -----> statementPart
2021-11-21T23:53:18,114|[TRACE] graph - -------> nonSkippedChar
2021-11-21T23:53:18,114|[TRACE] script - #out(`N`) [token]
2021-11-21T23:53:18,114|[TRACE] graph - <------- nonSkippedChar
2021-11-21T23:53:18,114|[TRACE] graph - <----- statementPart
2021-11-21T23:53:18,114|[TRACE] graph - -----> statementPart
2021-11-21T23:53:18,114|[TRACE] graph - -------> nonSkippedChar
2021-11-21T23:53:18,114|[TRACE] script - #out(`O`) [token]
2021-11-21T23:53:18,114|[TRACE] graph - <------- nonSkippedChar
2021-11-21T23:53:18,114|[TRACE] graph - <----- statementPart
2021-11-21T23:53:18,114|[TRACE] graph - -----> statementPart
2021-11-21T23:53:18,114|[TRACE] graph - -------> nonSkippedChar
2021-11-21T23:53:18,114|[TRACE] script - #out(`T`) [token]
2021-11-21T23:53:18,114|[TRACE] graph - <------- nonSkippedChar
2021-11-21T23:53:18,114|[TRACE] graph - <----- statementPart
2021-11-21T23:53:18,114|[TRACE] graph - -----> statementPart
2021-11-21T23:53:18,114|[TRACE] graph - -------> nonSkippedSpace
2021-11-21T23:53:18,114|[TRACE] script - #out(` `) [token]
2021-11-21T23:53:18,114|[TRACE] graph - <------- nonSkippedSpace
2021-11-21T23:53:18,114|[TRACE] graph - <----- statementPart
2021-11-21T23:53:18,114|[TRACE] graph - -----> statementPart
2021-11-21T23:53:18,114|[TRACE] graph - -------> nonSkippedChar
2021-11-21T23:53:18,114|[TRACE] script - #out(`N`) [token]
2021-11-21T23:53:18,114|[TRACE] graph - <------- nonSkippedChar
2021-11-21T23:53:18,114|[TRACE] graph - <----- statementPart
2021-11-21T23:53:18,114|[TRACE] graph - -----> statementPart
2021-11-21T23:53:18,114|[TRACE] graph - -------> nonSkippedChar
2021-11-21T23:53:18,114|[TRACE] script - #out(`U`) [token]
2021-11-21T23:53:18,114|[TRACE] graph - <------- nonSkippedChar
2021-11-21T23:53:18,114|[TRACE] graph - <----- statementPart
2021-11-21T23:53:18,114|[TRACE] graph - -----> statementPart
2021-11-21T23:53:18,114|[TRACE] graph - -------> nonSkippedChar
2021-11-21T23:53:18,114|[TRACE] script - #out(`L`) [token]
2021-11-21T23:53:18,114|[TRACE] graph - <------- nonSkippedChar
2021-11-21T23:53:18,114|[TRACE] graph - <----- statementPart
2021-11-21T23:53:18,114|[TRACE] graph - -----> statementPart
2021-11-21T23:53:18,114|[TRACE] graph - -------> nonSkippedChar
2021-11-21T23:53:18,114|[TRACE] script - #out(`L`) [token]
2021-11-21T23:53:18,114|[TRACE] graph - <------- nonSkippedChar
2021-11-21T23:53:18,114|[TRACE] graph - <----- statementPart
2021-11-21T23:53:18,114|[TRACE] graph - -----> statementPart
2021-11-21T23:53:18,114|[TRACE] graph - -------> nonSkippedSpace
2021-11-21T23:53:18,114|[TRACE] script - #out(` `) [token]
2021-11-21T23:53:18,114|[TRACE] graph - <------- nonSkippedSpace
2021-11-21T23:53:18,114|[TRACE] graph - <----- statementPart
2021-11-21T23:53:18,114|[TRACE] graph - -----> statementPart
2021-11-21T23:53:18,114|[TRACE] graph - -------> nonSkippedChar
2021-11-21T23:53:18,114|[TRACE] script - #out(`D`) [token]
2021-11-21T23:53:18,114|[TRACE] graph - <------- nonSkippedChar
2021-11-21T23:53:18,114|[TRACE] graph - <----- statementPart
2021-11-21T23:53:18,114|[TRACE] graph - -----> statementPart
2021-11-21T23:53:18,114|[TRACE] graph - -------> nonSkippedChar
2021-11-21T23:53:18,115|[TRACE] script - #out(`E`) [token]
2021-11-21T23:53:18,115|[TRACE] graph - <------- nonSkippedChar
2021-11-21T23:53:18,115|[TRACE] graph - <----- statementPart
2021-11-21T23:53:18,115|[TRACE] graph - -----> statementPart
2021-11-21T23:53:18,115|[TRACE] graph - -------> nonSkippedChar
2021-11-21T23:53:18,115|[TRACE] script - #out(`F`) [token]
2021-11-21T23:53:18,115|[TRACE] graph - <------- nonSkippedChar
2021-11-21T23:53:18,115|[TRACE] graph - <----- statementPart
2021-11-21T23:53:18,115|[TRACE] graph - -----> statementPart
2021-11-21T23:53:18,115|[TRACE] graph - -------> nonSkippedChar
2021-11-21T23:53:18,115|[TRACE] script - #out(`A`) [token]
2021-11-21T23:53:18,115|[TRACE] graph - <------- nonSkippedChar
2021-11-21T23:53:18,115|[TRACE] graph - <----- statementPart
2021-11-21T23:53:18,115|[TRACE] graph - -----> statementPart
2021-11-21T23:53:18,115|[TRACE] graph - -------> nonSkippedChar
2021-11-21T23:53:18,115|[TRACE] script - #out(`U`) [token]
2021-11-21T23:53:18,115|[TRACE] graph - <------- nonSkippedChar
2021-11-21T23:53:18,115|[TRACE] graph - <----- statementPart
2021-11-21T23:53:18,115|[TRACE] graph - -----> statementPart
2021-11-21T23:53:18,115|[TRACE] graph - -------> nonSkippedChar
2021-11-21T23:53:18,115|[TRACE] script - #out(`L`) [token]
2021-11-21T23:53:18,115|[TRACE] graph - <------- nonSkippedChar
2021-11-21T23:53:18,115|[TRACE] graph - <----- statementPart
2021-11-21T23:53:18,115|[TRACE] graph - -----> statementPart
2021-11-21T23:53:18,115|[TRACE] graph - -------> nonSkippedChar
2021-11-21T23:53:18,115|[TRACE] script - #out(`T`) [token]
2021-11-21T23:53:18,115|[TRACE] graph - <------- nonSkippedChar
2021-11-21T23:53:18,115|[TRACE] graph - <----- statementPart
2021-11-21T23:53:18,115|[TRACE] graph - -----> statementPart
2021-11-21T23:53:18,115|[TRACE] graph - -------> nonSkippedSpace
2021-11-21T23:53:18,115|[TRACE] script - #out(` `) [token]
2021-11-21T23:53:18,115|[TRACE] graph - <------- nonSkippedSpace
2021-11-21T23:53:18,115|[TRACE] graph - <----- statementPart
2021-11-21T23:53:18,115|[TRACE] graph - -----> statementPart
2021-11-21T23:53:18,115|[TRACE] graph - -------> nonSkippedChar
2021-11-21T23:53:18,115|[TRACE] script - #out(`1`) [token]
2021-11-21T23:53:18,115|[TRACE] graph - <------- nonSkippedChar
2021-11-21T23:53:18,115|[TRACE] graph - <----- statementPart
2021-11-21T23:53:18,115|[TRACE] graph - -----> statementPart
2021-11-21T23:53:18,115|[TRACE] graph - -------> nonSkippedChar
2021-11-21T23:53:18,115|[TRACE] script - #out(`,`) [token]
2021-11-21T23:53:18,115|[TRACE] graph - <------- nonSkippedChar
2021-11-21T23:53:18,115|[TRACE] graph - <----- statementPart
2021-11-21T23:53:18,115|[TRACE] graph - -----> afterStatementPartNewline
2021-11-21T23:53:18,115|[TRACE] script - #out(` `) [text]
2021-11-21T23:53:18,115|[TRACE] graph - <----- afterStatementPartNewline
2021-11-21T23:53:18,115|[TRACE] graph - -----> statementPart
2021-11-21T23:53:18,115|[TRACE] graph - -------> nonSkippedSpace
2021-11-21T23:53:18,115|[TRACE] script - #out(` `) [token]
2021-11-21T23:53:18,115|[TRACE] graph - <------- nonSkippedSpace
2021-11-21T23:53:18,115|[TRACE] graph - <----- statementPart
2021-11-21T23:53:18,115|[TRACE] graph - -----> statementPart
2021-11-21T23:53:18,115|[TRACE] graph - -------> nonSkippedSpace
2021-11-21T23:53:18,115|[TRACE] script - #out(` `) [token]
2021-11-21T23:53:18,115|[TRACE] graph - <------- nonSkippedSpace
2021-11-21T23:53:18,115|[TRACE] graph - <----- statementPart
2021-11-21T23:53:18,115|[TRACE] graph - -----> statementPart
2021-11-21T23:53:18,115|[TRACE] graph - -------> nonSkippedChar
2021-11-21T23:53:18,115|[TRACE] script - #out(`P`) [token]
2021-11-21T23:53:18,115|[TRACE] graph - <------- nonSkippedChar
2021-11-21T23:53:18,115|[TRACE] graph - <----- statementPart
2021-11-21T23:53:18,115|[TRACE] graph - -----> statementPart
2021-11-21T23:53:18,115|[TRACE] graph - -------> nonSkippedChar
2021-11-21T23:53:18,115|[TRACE] script - #out(`R`) [token]
2021-11-21T23:53:18,115|[TRACE] graph - <------- nonSkippedChar
2021-11-21T23:53:18,115|[TRACE] graph - <----- statementPart
2021-11-21T23:53:18,115|[TRACE] graph - -----> statementPart
2021-11-21T23:53:18,115|[TRACE] graph - -------> nonSkippedChar
2021-11-21T23:53:18,115|[TRACE] script - #out(`I`) [token]
2021-11-21T23:53:18,115|[TRACE] graph - <------- nonSkippedChar
2021-11-21T23:53:18,115|[TRACE] graph - <----- statementPart
2021-11-21T23:53:18,115|[TRACE] graph - -----> statementPart
2021-11-21T23:53:18,115|[TRACE] graph - -------> nonSkippedChar
2021-11-21T23:53:18,115|[TRACE] script - #out(`M`) [token]
2021-11-21T23:53:18,115|[TRACE] graph - <------- nonSkippedChar
2021-11-21T23:53:18,115|[TRACE] graph - <----- statementPart
2021-11-21T23:53:18,115|[TRACE] graph - -----> statementPart
2021-11-21T23:53:18,115|[TRACE] graph - -------> nonSkippedChar
2021-11-21T23:53:18,115|[TRACE] script - #out(`A`) [token]
2021-11-21T23:53:18,115|[TRACE] graph - <------- nonSkippedChar
2021-11-21T23:53:18,115|[TRACE] graph - <----- statementPart
2021-11-21T23:53:18,115|[TRACE] graph - -----> statementPart
2021-11-21T23:53:18,115|[TRACE] graph - -------> nonSkippedChar
2021-11-21T23:53:18,115|[TRACE] script - #out(`R`) [token]
2021-11-21T23:53:18,115|[TRACE] graph - <------- nonSkippedChar
2021-11-21T23:53:18,115|[TRACE] graph - <----- statementPart
2021-11-21T23:53:18,115|[TRACE] graph - -----> statementPart
2021-11-21T23:53:18,115|[TRACE] graph - -------> nonSkippedChar
2021-11-21T23:53:18,115|[TRACE] script - #out(`Y`) [token]
2021-11-21T23:53:18,115|[TRACE] graph - <------- nonSkippedChar
2021-11-21T23:53:18,115|[TRACE] graph - <----- statementPart
2021-11-21T23:53:18,115|[TRACE] graph - -----> statementPart
2021-11-21T23:53:18,115|[TRACE] graph - -------> nonSkippedSpace
2021-11-21T23:53:18,115|[TRACE] script - #out(` `) [token]
2021-11-21T23:53:18,115|[TRACE] graph - <------- nonSkippedSpace
2021-11-21T23:53:18,115|[TRACE] graph - <----- statementPart
2021-11-21T23:53:18,115|[TRACE] graph - -----> statementPart
2021-11-21T23:53:18,115|[TRACE] graph - -------> nonSkippedChar
2021-11-21T23:53:18,115|[TRACE] script - #out(`K`) [token]
2021-11-21T23:53:18,115|[TRACE] graph - <------- nonSkippedChar
2021-11-21T23:53:18,115|[TRACE] graph - <----- statementPart
2021-11-21T23:53:18,115|[TRACE] graph - -----> statementPart
2021-11-21T23:53:18,116|[TRACE] graph - -------> nonSkippedChar
2021-11-21T23:53:18,116|[TRACE] script - #out(`E`) [token]
2021-11-21T23:53:18,116|[TRACE] graph - <------- nonSkippedChar
2021-11-21T23:53:18,116|[TRACE] graph - <----- statementPart
2021-11-21T23:53:18,116|[TRACE] graph - -----> statementPart
2021-11-21T23:53:18,116|[TRACE] graph - -------> nonSkippedChar
2021-11-21T23:53:18,116|[TRACE] script - #out(`Y`) [token]
2021-11-21T23:53:18,116|[TRACE] graph - <------- nonSkippedChar
2021-11-21T23:53:18,116|[TRACE] graph - <----- statementPart
2021-11-21T23:53:18,116|[TRACE] graph - -----> statementPart
2021-11-21T23:53:18,116|[TRACE] graph - -------> nonSkippedSpace
2021-11-21T23:53:18,116|[TRACE] script - #out(` `) [token]
2021-11-21T23:53:18,116|[TRACE] graph - <------- nonSkippedSpace
2021-11-21T23:53:18,116|[TRACE] graph - <----- statementPart
2021-11-21T23:53:18,116|[TRACE] graph - -----> statementPart
2021-11-21T23:53:18,116|[TRACE] graph - -------> nonSkippedChar
2021-11-21T23:53:18,116|[TRACE] script - #out(`(`) [token]
2021-11-21T23:53:18,116|[TRACE] graph - <------- nonSkippedChar
2021-11-21T23:53:18,116|[TRACE] graph - <----- statementPart
2021-11-21T23:53:18,116|[TRACE] graph - -----> statementPart
2021-11-21T23:53:18,116|[TRACE] graph - -------> quotedString
2021-11-21T23:53:18,116|[TRACE] script - #out(``bank_id``) [token]
2021-11-21T23:53:18,116|[TRACE] graph - <------- quotedString
2021-11-21T23:53:18,116|[TRACE] graph - <----- statementPart
2021-11-21T23:53:18,116|[TRACE] graph - -----> statementPart
2021-11-21T23:53:18,116|[TRACE] graph - -------> nonSkippedChar
2021-11-21T23:53:18,116|[TRACE] script - #out(`)`) [token]
2021-11-21T23:53:18,116|[TRACE] graph - <------- nonSkippedChar
2021-11-21T23:53:18,116|[TRACE] graph - <----- statementPart
2021-11-21T23:53:18,116|[TRACE] graph - -----> statementPart
2021-11-21T23:53:18,116|[TRACE] graph - -------> nonSkippedChar
2021-11-21T23:53:18,116|[TRACE] script - #out(`,`) [token]
2021-11-21T23:53:18,116|[TRACE] graph - <------- nonSkippedChar
2021-11-21T23:53:18,116|[TRACE] graph - <----- statementPart
2021-11-21T23:53:18,116|[TRACE] graph - -----> afterStatementPartNewline
2021-11-21T23:53:18,116|[TRACE] script - #out(` `) [text]
2021-11-21T23:53:18,116|[TRACE] graph - <----- afterStatementPartNewline
2021-11-21T23:53:18,116|[TRACE] graph - -----> statementPart
2021-11-21T23:53:18,116|[TRACE] graph - -------> nonSkippedSpace
2021-11-21T23:53:18,116|[TRACE] script - #out(` `) [token]
2021-11-21T23:53:18,116|[TRACE] graph - <------- nonSkippedSpace
2021-11-21T23:53:18,116|[TRACE] graph - <----- statementPart
2021-11-21T23:53:18,116|[TRACE] graph - -----> statementPart
2021-11-21T23:53:18,116|[TRACE] graph - -------> nonSkippedSpace
2021-11-21T23:53:18,116|[TRACE] script - #out(` `) [token]
2021-11-21T23:53:18,116|[TRACE] graph - <------- nonSkippedSpace
2021-11-21T23:53:18,116|[TRACE] graph - <----- statementPart
2021-11-21T23:53:18,116|[TRACE] graph - -----> statementPart
2021-11-21T23:53:18,116|[TRACE] graph - -------> nonSkippedChar
2021-11-21T23:53:18,116|[TRACE] script - #out(`U`) [token]
2021-11-21T23:53:18,116|[TRACE] graph - <------- nonSkippedChar
2021-11-21T23:53:18,116|[TRACE] graph - <----- statementPart
2021-11-21T23:53:18,116|[TRACE] graph - -----> statementPart
2021-11-21T23:53:18,116|[TRACE] graph - -------> nonSkippedChar
2021-11-21T23:53:18,116|[TRACE] script - #out(`N`) [token]
2021-11-21T23:53:18,116|[TRACE] graph - <------- nonSkippedChar
2021-11-21T23:53:18,116|[TRACE] graph - <----- statementPart
2021-11-21T23:53:18,116|[TRACE] graph - -----> statementPart
2021-11-21T23:53:18,116|[TRACE] graph - -------> nonSkippedChar
2021-11-21T23:53:18,116|[TRACE] script - #out(`I`) [token]
2021-11-21T23:53:18,116|[TRACE] graph - <------- nonSkippedChar
2021-11-21T23:53:18,116|[TRACE] graph - <----- statementPart
2021-11-21T23:53:18,116|[TRACE] graph - -----> statementPart
2021-11-21T23:53:18,116|[TRACE] graph - -------> nonSkippedChar
2021-11-21T23:53:18,116|[TRACE] script - #out(`Q`) [token]
2021-11-21T23:53:18,116|[TRACE] graph - <------- nonSkippedChar
2021-11-21T23:53:18,116|[TRACE] graph - <----- statementPart
2021-11-21T23:53:18,116|[TRACE] graph - -----> statementPart
2021-11-21T23:53:18,116|[TRACE] graph - -------> nonSkippedChar
2021-11-21T23:53:18,116|[TRACE] script - #out(`U`) [token]
2021-11-21T23:53:18,116|[TRACE] graph - <------- nonSkippedChar
2021-11-21T23:53:18,116|[TRACE] graph - <----- statementPart
2021-11-21T23:53:18,116|[TRACE] graph - -----> statementPart
2021-11-21T23:53:18,116|[TRACE] graph - -------> nonSkippedChar
2021-11-21T23:53:18,116|[TRACE] script - #out(`E`) [token]
2021-11-21T23:53:18,116|[TRACE] graph - <------- nonSkippedChar
2021-11-21T23:53:18,116|[TRACE] graph - <----- statementPart
2021-11-21T23:53:18,117|[TRACE] graph - -----> statementPart
2021-11-21T23:53:18,117|[TRACE] graph - -------> nonSkippedSpace
2021-11-21T23:53:18,117|[TRACE] script - #out(` `) [token]
2021-11-21T23:53:18,117|[TRACE] graph - <------- nonSkippedSpace
2021-11-21T23:53:18,117|[TRACE] graph - <----- statementPart
2021-11-21T23:53:18,117|[TRACE] graph - -----> statementPart
2021-11-21T23:53:18,117|[TRACE] graph - -------> nonSkippedChar
2021-11-21T23:53:18,117|[TRACE] script - #out(`I`) [token]
2021-11-21T23:53:18,117|[TRACE] graph - <------- nonSkippedChar
2021-11-21T23:53:18,117|[TRACE] graph - <----- statementPart
2021-11-21T23:53:18,117|[TRACE] graph - -----> statementPart
2021-11-21T23:53:18,117|[TRACE] graph - -------> nonSkippedChar
2021-11-21T23:53:18,117|[TRACE] script - #out(`N`) [token]
2021-11-21T23:53:18,117|[TRACE] graph - <------- nonSkippedChar
2021-11-21T23:53:18,117|[TRACE] graph - <----- statementPart
2021-11-21T23:53:18,117|[TRACE] graph - -----> statementPart
2021-11-21T23:53:18,117|[TRACE] graph - -------> nonSkippedChar
2021-11-21T23:53:18,117|[TRACE] script - #out(`D`) [token]
2021-11-21T23:53:18,117|[TRACE] graph - <------- nonSkippedChar
2021-11-21T23:53:18,117|[TRACE] graph - <----- statementPart
2021-11-21T23:53:18,117|[TRACE] graph - -----> statementPart
2021-11-21T23:53:18,117|[TRACE] graph - -------> nonSkippedChar
2021-11-21T23:53:18,117|[TRACE] script - #out(`E`) [token]
2021-11-21T23:53:18,117|[TRACE] graph - <------- nonSkippedChar
2021-11-21T23:53:18,117|[TRACE] graph - <----- statementPart
2021-11-21T23:53:18,117|[TRACE] graph - -----> statementPart
2021-11-21T23:53:18,117|[TRACE] graph - -------> nonSkippedChar
2021-11-21T23:53:18,117|[TRACE] script - #out(`X`) [token]
2021-11-21T23:53:18,117|[TRACE] graph - <------- nonSkippedChar
2021-11-21T23:53:18,117|[TRACE] graph - <----- statementPart
2021-11-21T23:53:18,117|[TRACE] graph - -----> statementPart
2021-11-21T23:53:18,117|[TRACE] graph - -------> nonSkippedSpace
2021-11-21T23:53:18,117|[TRACE] script - #out(` `) [token]
2021-11-21T23:53:18,117|[TRACE] graph - <------- nonSkippedSpace
2021-11-21T23:53:18,117|[TRACE] graph - <----- statementPart
2021-11-21T23:53:18,117|[TRACE] graph - -----> statementPart
2021-11-21T23:53:18,117|[TRACE] graph - -------> quotedString
2021-11-21T23:53:18,117|[TRACE] script - #out(``name_UNIQUE``) [token]
2021-11-21T23:53:18,117|[TRACE] graph - <------- quotedString
2021-11-21T23:53:18,117|[TRACE] graph - <----- statementPart
2021-11-21T23:53:18,117|[TRACE] graph - -----> statementPart
2021-11-21T23:53:18,117|[TRACE] graph - -------> nonSkippedSpace
2021-11-21T23:53:18,117|[TRACE] script - #out(` `) [token]
2021-11-21T23:53:18,117|[TRACE] graph - <------- nonSkippedSpace
2021-11-21T23:53:18,117|[TRACE] graph - <----- statementPart
2021-11-21T23:53:18,117|[TRACE] graph - -----> statementPart
2021-11-21T23:53:18,117|[TRACE] graph - -------> nonSkippedChar
2021-11-21T23:53:18,117|[TRACE] script - #out(`(`) [token]
2021-11-21T23:53:18,117|[TRACE] graph - <------- nonSkippedChar
2021-11-21T23:53:18,117|[TRACE] graph - <----- statementPart
2021-11-21T23:53:18,117|[TRACE] graph - -----> statementPart
2021-11-21T23:53:18,117|[TRACE] graph - -------> quotedString
2021-11-21T23:53:18,117|[TRACE] script - #out(``name``) [token]
2021-11-21T23:53:18,117|[TRACE] graph - <------- quotedString
2021-11-21T23:53:18,117|[TRACE] graph - <----- statementPart
2021-11-21T23:53:18,117|[TRACE] graph - -----> statementPart
2021-11-21T23:53:18,117|[TRACE] graph - -------> nonSkippedSpace
2021-11-21T23:53:18,117|[TRACE] script - #out(` `) [token]
2021-11-21T23:53:18,117|[TRACE] graph - <------- nonSkippedSpace
2021-11-21T23:53:18,117|[TRACE] graph - <----- statementPart
2021-11-21T23:53:18,117|[TRACE] graph - -----> statementPart
2021-11-21T23:53:18,117|[TRACE] graph - -------> nonSkippedChar
2021-11-21T23:53:18,117|[TRACE] script - #out(`A`) [token]
2021-11-21T23:53:18,117|[TRACE] graph - <------- nonSkippedChar
2021-11-21T23:53:18,117|[TRACE] graph - <----- statementPart
2021-11-21T23:53:18,117|[TRACE] graph - -----> statementPart
2021-11-21T23:53:18,117|[TRACE] graph - -------> nonSkippedChar
2021-11-21T23:53:18,117|[TRACE] script - #out(`S`) [token]
2021-11-21T23:53:18,117|[TRACE] graph - <------- nonSkippedChar
2021-11-21T23:53:18,117|[TRACE] graph - <----- statementPart
2021-11-21T23:53:18,117|[TRACE] graph - -----> statementPart
2021-11-21T23:53:18,117|[TRACE] graph - -------> nonSkippedChar
2021-11-21T23:53:18,117|[TRACE] script - #out(`C`) [token]
2021-11-21T23:53:18,117|[TRACE] graph - <------- nonSkippedChar
2021-11-21T23:53:18,117|[TRACE] graph - <----- statementPart
2021-11-21T23:53:18,117|[TRACE] graph - -----> statementPart
2021-11-21T23:53:18,117|[TRACE] graph - -------> nonSkippedChar
2021-11-21T23:53:18,117|[TRACE] script - #out(`)`) [token]
2021-11-21T23:53:18,117|[TRACE] graph - <------- nonSkippedChar
2021-11-21T23:53:18,117|[TRACE] graph - <----- statementPart
2021-11-21T23:53:18,117|[TRACE] graph - -----> statementPart
2021-11-21T23:53:18,117|[TRACE] graph - -------> nonSkippedSpace
2021-11-21T23:53:18,117|[TRACE] script - #out(` `) [token]
2021-11-21T23:53:18,117|[TRACE] graph - <------- nonSkippedSpace
2021-11-21T23:53:18,117|[TRACE] graph - <----- statementPart
2021-11-21T23:53:18,117|[TRACE] graph - -----> statementPart
2021-11-21T23:53:18,117|[TRACE] graph - -------> nonSkippedChar
2021-11-21T23:53:18,117|[TRACE] script - #out(`V`) [token]
2021-11-21T23:53:18,117|[TRACE] graph - <------- nonSkippedChar
2021-11-21T23:53:18,117|[TRACE] graph - <----- statementPart
2021-11-21T23:53:18,117|[TRACE] graph - -----> statementPart
2021-11-21T23:53:18,117|[TRACE] graph - -------> nonSkippedChar
2021-11-21T23:53:18,117|[TRACE] script - #out(`I`) [token]
2021-11-21T23:53:18,117|[TRACE] graph - <------- nonSkippedChar
2021-11-21T23:53:18,117|[TRACE] graph - <----- statementPart
2021-11-21T23:53:18,117|[TRACE] graph - -----> statementPart
2021-11-21T23:53:18,117|[TRACE] graph - -------> nonSkippedChar
2021-11-21T23:53:18,117|[TRACE] script - #out(`S`) [token]
2021-11-21T23:53:18,117|[TRACE] graph - <------- nonSkippedChar
2021-11-21T23:53:18,117|[TRACE] graph - <----- statementPart
2021-11-21T23:53:18,117|[TRACE] graph - -----> statementPart
2021-11-21T23:53:18,117|[TRACE] graph - -------> nonSkippedChar
2021-11-21T23:53:18,117|[TRACE] script - #out(`I`) [token]
2021-11-21T23:53:18,117|[TRACE] graph - <------- nonSkippedChar
2021-11-21T23:53:18,117|[TRACE] graph - <----- statementPart
2021-11-21T23:53:18,117|[TRACE] graph - -----> statementPart
2021-11-21T23:53:18,117|[TRACE] graph - -------> nonSkippedChar
2021-11-21T23:53:18,117|[TRACE] script - #out(`B`) [token]
2021-11-21T23:53:18,117|[TRACE] graph - <------- nonSkippedChar
2021-11-21T23:53:18,117|[TRACE] graph - <----- statementPart
2021-11-21T23:53:18,117|[TRACE] graph - -----> statementPart
2021-11-21T23:53:18,117|[TRACE] graph - -------> nonSkippedChar
2021-11-21T23:53:18,117|[TRACE] script - #out(`L`) [token]
2021-11-21T23:53:18,117|[TRACE] graph - <------- nonSkippedChar
2021-11-21T23:53:18,117|[TRACE] graph - <----- statementPart
2021-11-21T23:53:18,117|[TRACE] graph - -----> statementPart
2021-11-21T23:53:18,117|[TRACE] graph - -------> nonSkippedChar
2021-11-21T23:53:18,117|[TRACE] script - #out(`E`) [token]
2021-11-21T23:53:18,117|[TRACE] graph - <------- nonSkippedChar
2021-11-21T23:53:18,117|[TRACE] graph - <----- statementPart
2021-11-21T23:53:18,117|[TRACE] graph - -----> statementPart
2021-11-21T23:53:18,117|[TRACE] graph - -------> nonSkippedChar
2021-11-21T23:53:18,117|[TRACE] script - #out(`)`) [token]
2021-11-21T23:53:18,117|[TRACE] graph - <------- nonSkippedChar
2021-11-21T23:53:18,118|[TRACE] graph - <----- statementPart
2021-11-21T23:53:18,118|[TRACE] graph - -----> afterStatementPartNewline
2021-11-21T23:53:18,118|[TRACE] script - #out(` `) [text]
2021-11-21T23:53:18,118|[TRACE] graph - <----- afterStatementPartNewline
2021-11-21T23:53:18,118|[TRACE] graph - -----> statementPart
2021-11-21T23:53:18,118|[TRACE] graph - -------> nonSkippedChar
2021-11-21T23:53:18,118|[TRACE] script - #out(`E`) [token]
2021-11-21T23:53:18,118|[TRACE] graph - <------- nonSkippedChar
2021-11-21T23:53:18,118|[TRACE] graph - <----- statementPart
2021-11-21T23:53:18,118|[TRACE] graph - -----> statementPart
2021-11-21T23:53:18,118|[TRACE] graph - -------> nonSkippedChar
2021-11-21T23:53:18,118|[TRACE] script - #out(`N`) [token]
2021-11-21T23:53:18,118|[TRACE] graph - <------- nonSkippedChar
2021-11-21T23:53:18,118|[TRACE] graph - <----- statementPart
2021-11-21T23:53:18,118|[TRACE] graph - -----> statementPart
2021-11-21T23:53:18,118|[TRACE] graph - -------> nonSkippedChar
2021-11-21T23:53:18,118|[TRACE] script - #out(`G`) [token]
2021-11-21T23:53:18,118|[TRACE] graph - <------- nonSkippedChar
2021-11-21T23:53:18,118|[TRACE] graph - <----- statementPart
2021-11-21T23:53:18,118|[TRACE] graph - -----> statementPart
2021-11-21T23:53:18,118|[TRACE] graph - -------> nonSkippedChar
2021-11-21T23:53:18,118|[TRACE] script - #out(`I`) [token]
2021-11-21T23:53:18,118|[TRACE] graph - <------- nonSkippedChar
2021-11-21T23:53:18,118|[TRACE] graph - <----- statementPart
2021-11-21T23:53:18,118|[TRACE] graph - -----> statementPart
2021-11-21T23:53:18,118|[TRACE] graph - -------> nonSkippedChar
2021-11-21T23:53:18,118|[TRACE] script - #out(`N`) [token]
2021-11-21T23:53:18,118|[TRACE] graph - <------- nonSkippedChar
2021-11-21T23:53:18,118|[TRACE] graph - <----- statementPart
2021-11-21T23:53:18,118|[TRACE] graph - -----> statementPart
2021-11-21T23:53:18,118|[TRACE] graph - -------> nonSkippedChar
2021-11-21T23:53:18,118|[TRACE] script - #out(`E`) [token]
2021-11-21T23:53:18,118|[TRACE] graph - <------- nonSkippedChar
2021-11-21T23:53:18,118|[TRACE] graph - <----- statementPart
2021-11-21T23:53:18,118|[TRACE] graph - -----> statementPart
2021-11-21T23:53:18,118|[TRACE] graph - -------> nonSkippedSpace
2021-11-21T23:53:18,118|[TRACE] script - #out(` `) [token]
2021-11-21T23:53:18,118|[TRACE] graph - <------- nonSkippedSpace
2021-11-21T23:53:18,118|[TRACE] graph - <----- statementPart
2021-11-21T23:53:18,118|[TRACE] graph - -----> statementPart
2021-11-21T23:53:18,118|[TRACE] graph - -------> nonSkippedChar
2021-11-21T23:53:18,118|[TRACE] script - #out(`=`) [token]
2021-11-21T23:53:18,118|[TRACE] graph - <------- nonSkippedChar
2021-11-21T23:53:18,118|[TRACE] graph - <----- statementPart
2021-11-21T23:53:18,118|[TRACE] graph - -----> statementPart
2021-11-21T23:53:18,118|[TRACE] graph - -------> nonSkippedSpace
2021-11-21T23:53:18,118|[TRACE] script - #out(` `) [token]
2021-11-21T23:53:18,118|[TRACE] graph - <------- nonSkippedSpace
2021-11-21T23:53:18,118|[TRACE] graph - <----- statementPart
2021-11-21T23:53:18,118|[TRACE] graph - -----> statementPart
2021-11-21T23:53:18,118|[TRACE] graph - -------> nonSkippedChar
2021-11-21T23:53:18,118|[TRACE] script - #out(`I`) [token]
2021-11-21T23:53:18,118|[TRACE] graph - <------- nonSkippedChar
2021-11-21T23:53:18,118|[TRACE] graph - <----- statementPart
2021-11-21T23:53:18,118|[TRACE] graph - -----> statementPart
2021-11-21T23:53:18,118|[TRACE] graph - -------> nonSkippedChar
2021-11-21T23:53:18,118|[TRACE] script - #out(`n`) [token]
2021-11-21T23:53:18,118|[TRACE] graph - <------- nonSkippedChar
2021-11-21T23:53:18,118|[TRACE] graph - <----- statementPart
2021-11-21T23:53:18,118|[TRACE] graph - -----> statementPart
2021-11-21T23:53:18,118|[TRACE] graph - -------> nonSkippedChar
2021-11-21T23:53:18,118|[TRACE] script - #out(`n`) [token]
2021-11-21T23:53:18,118|[TRACE] graph - <------- nonSkippedChar
2021-11-21T23:53:18,118|[TRACE] graph - <----- statementPart
2021-11-21T23:53:18,118|[TRACE] graph - -----> statementPart
2021-11-21T23:53:18,118|[TRACE] graph - -------> nonSkippedChar
2021-11-21T23:53:18,118|[TRACE] script - #out(`o`) [token]
2021-11-21T23:53:18,118|[TRACE] graph - <------- nonSkippedChar
2021-11-21T23:53:18,118|[TRACE] graph - <----- statementPart
2021-11-21T23:53:18,118|[TRACE] graph - -----> statementPart
2021-11-21T23:53:18,118|[TRACE] graph - -------> nonSkippedChar
2021-11-21T23:53:18,118|[TRACE] script - #out(`D`) [token]
2021-11-21T23:53:18,118|[TRACE] graph - <------- nonSkippedChar
2021-11-21T23:53:18,118|[TRACE] graph - <----- statementPart
2021-11-21T23:53:18,118|[TRACE] graph - -----> statementPart
2021-11-21T23:53:18,118|[TRACE] graph - -------> nonSkippedChar
2021-11-21T23:53:18,118|[TRACE] script - #out(`B`) [token]
2021-11-21T23:53:18,118|[TRACE] graph - <------- nonSkippedChar
2021-11-21T23:53:18,118|[TRACE] graph - <----- statementPart
2021-11-21T23:53:18,118|[DEBUG] graph - Import statement : CREATE TABLE IF NOT EXISTS `bloodbank`.`blood_bank` (   `bank_id` INT NOT NULL AUTO_INCREMENT,   `name` VARCHAR(100) NOT NULL,   `privately_owned` BIT(1) NOT NULL,   `created` BIGINT NOT NULL DEFAULT (unix_timestamp(now()) * 1000),   `updated` BIGINT NOT NULL DEFAULT (unix_timestamp(now()) * 1000),   `version` INT NOT NULL DEFAULT 1,   PRIMARY KEY (`bank_id`),   UNIQUE INDEX `name_UNIQUE` (`name` ASC) VISIBLE) ENGINE = InnoDB
2021-11-21T23:53:18,118|[TRACE] graph - <--- statement
2021-11-21T23:53:18,118|[TRACE] graph - ---> blankSpacesToSkip
2021-11-21T23:53:18,118|[TRACE] graph - -----> newLineToSkip
2021-11-21T23:53:18,118|[TRACE] graph - <----- newLineToSkip
2021-11-21T23:53:18,118|[TRACE] graph - -----> newLineToSkip
2021-11-21T23:53:18,118|[TRACE] graph - <----- newLineToSkip
2021-11-21T23:53:18,118|[TRACE] graph - -----> newLineToSkip
2021-11-21T23:53:18,118|[TRACE] graph - <----- newLineToSkip
2021-11-21T23:53:18,118|[TRACE] graph - -----> newLineToSkip
2021-11-21T23:53:18,118|[TRACE] graph - <----- newLineToSkip
2021-11-21T23:53:18,118|[TRACE] graph - -----> newLineToSkip
2021-11-21T23:53:18,118|[TRACE] graph - <----- newLineToSkip
2021-11-21T23:53:18,119|[TRACE] graph - -----> newLineToSkip
2021-11-21T23:53:18,119|[TRACE] graph - <----- newLineToSkip
2021-11-21T23:53:18,119|[TRACE] graph - <--- blankSpacesToSkip
2021-11-21T23:53:18,119|[TRACE] graph - ---> statement
2021-11-21T23:53:18,119|[TRACE] graph - -----> statementFirstPart
2021-11-21T23:53:18,119|[TRACE] graph - -------> nonSkippedChar
2021-11-21T23:53:18,119|[TRACE] script - #out(`C`) [token]
2021-11-21T23:53:18,119|[TRACE] graph - <------- nonSkippedChar
2021-11-21T23:53:18,119|[TRACE] graph - <----- statementFirstPart
2021-11-21T23:53:18,119|[TRACE] graph - -----> statementPart
2021-11-21T23:53:18,119|[TRACE] graph - -------> nonSkippedChar
2021-11-21T23:53:18,119|[TRACE] script - #out(`R`) [token]
2021-11-21T23:53:18,119|[TRACE] graph - <------- nonSkippedChar
2021-11-21T23:53:18,119|[TRACE] graph - <----- statementPart
2021-11-21T23:53:18,119|[TRACE] graph - -----> statementPart
2021-11-21T23:53:18,119|[TRACE] graph - -------> nonSkippedChar
2021-11-21T23:53:18,119|[TRACE] script - #out(`E`) [token]
2021-11-21T23:53:18,119|[TRACE] graph - <------- nonSkippedChar
2021-11-21T23:53:18,119|[TRACE] graph - <----- statementPart
2021-11-21T23:53:18,119|[TRACE] graph - -----> statementPart
2021-11-21T23:53:18,119|[TRACE] graph - -------> nonSkippedChar
2021-11-21T23:53:18,119|[TRACE] script - #out(`A`) [token]
2021-11-21T23:53:18,119|[TRACE] graph - <------- nonSkippedChar
2021-11-21T23:53:18,119|[TRACE] graph - <----- statementPart
2021-11-21T23:53:18,119|[TRACE] graph - -----> statementPart
2021-11-21T23:53:18,119|[TRACE] graph - -------> nonSkippedChar
2021-11-21T23:53:18,119|[TRACE] script - #out(`T`) [token]
2021-11-21T23:53:18,119|[TRACE] graph - <------- nonSkippedChar
2021-11-21T23:53:18,119|[TRACE] graph - <----- statementPart
2021-11-21T23:53:18,119|[TRACE] graph - -----> statementPart
2021-11-21T23:53:18,119|[TRACE] graph - -------> nonSkippedChar
2021-11-21T23:53:18,119|[TRACE] script - #out(`E`) [token]
2021-11-21T23:53:18,119|[TRACE] graph - <------- nonSkippedChar
2021-11-21T23:53:18,119|[TRACE] graph - <----- statementPart
2021-11-21T23:53:18,119|[TRACE] graph - -----> statementPart
2021-11-21T23:53:18,119|[TRACE] graph - -------> nonSkippedSpace
2021-11-21T23:53:18,119|[TRACE] script - #out(` `) [token]
2021-11-21T23:53:18,119|[TRACE] graph - <------- nonSkippedSpace
2021-11-21T23:53:18,119|[TRACE] graph - <----- statementPart
2021-11-21T23:53:18,119|[TRACE] graph - -----> statementPart
2021-11-21T23:53:18,119|[TRACE] graph - -------> nonSkippedChar
2021-11-21T23:53:18,119|[TRACE] script - #out(`T`) [token]
2021-11-21T23:53:18,119|[TRACE] graph - <------- nonSkippedChar
2021-11-21T23:53:18,119|[TRACE] graph - <----- statementPart
2021-11-21T23:53:18,119|[TRACE] graph - -----> statementPart
2021-11-21T23:53:18,119|[TRACE] graph - -------> nonSkippedChar
2021-11-21T23:53:18,119|[TRACE] script - #out(`A`) [token]
2021-11-21T23:53:18,119|[TRACE] graph - <------- nonSkippedChar
2021-11-21T23:53:18,119|[TRACE] graph - <----- statementPart
2021-11-21T23:53:18,119|[TRACE] graph - -----> statementPart
2021-11-21T23:53:18,119|[TRACE] graph - -------> nonSkippedChar
2021-11-21T23:53:18,119|[TRACE] script - #out(`B`) [token]
2021-11-21T23:53:18,119|[TRACE] graph - <------- nonSkippedChar
2021-11-21T23:53:18,119|[TRACE] graph - <----- statementPart
2021-11-21T23:53:18,119|[TRACE] graph - -----> statementPart
2021-11-21T23:53:18,119|[TRACE] graph - -------> nonSkippedChar
2021-11-21T23:53:18,119|[TRACE] script - #out(`L`) [token]
2021-11-21T23:53:18,119|[TRACE] graph - <------- nonSkippedChar
2021-11-21T23:53:18,119|[TRACE] graph - <----- statementPart
2021-11-21T23:53:18,119|[TRACE] graph - -----> statementPart
2021-11-21T23:53:18,119|[TRACE] graph - -------> nonSkippedChar
2021-11-21T23:53:18,119|[TRACE] script - #out(`E`) [token]
2021-11-21T23:53:18,119|[TRACE] graph - <------- nonSkippedChar
2021-11-21T23:53:18,119|[TRACE] graph - <----- statementPart
2021-11-21T23:53:18,119|[TRACE] graph - -----> statementPart
2021-11-21T23:53:18,119|[TRACE] graph - -------> nonSkippedSpace
2021-11-21T23:53:18,119|[TRACE] script - #out(` `) [token]
2021-11-21T23:53:18,119|[TRACE] graph - <------- nonSkippedSpace
2021-11-21T23:53:18,119|[TRACE] graph - <----- statementPart
2021-11-21T23:53:18,119|[TRACE] graph - -----> statementPart
2021-11-21T23:53:18,119|[TRACE] graph - -------> nonSkippedChar
2021-11-21T23:53:18,119|[TRACE] script - #out(`I`) [token]
2021-11-21T23:53:18,119|[TRACE] graph - <------- nonSkippedChar
2021-11-21T23:53:18,119|[TRACE] graph - <----- statementPart
2021-11-21T23:53:18,119|[TRACE] graph - -----> statementPart
2021-11-21T23:53:18,119|[TRACE] graph - -------> nonSkippedChar
2021-11-21T23:53:18,119|[TRACE] script - #out(`F`) [token]
2021-11-21T23:53:18,119|[TRACE] graph - <------- nonSkippedChar
2021-11-21T23:53:18,119|[TRACE] graph - <----- statementPart
2021-11-21T23:53:18,119|[TRACE] graph - -----> statementPart
2021-11-21T23:53:18,119|[TRACE] graph - -------> nonSkippedSpace
2021-11-21T23:53:18,119|[TRACE] script - #out(` `) [token]
2021-11-21T23:53:18,119|[TRACE] graph - <------- nonSkippedSpace
2021-11-21T23:53:18,119|[TRACE] graph - <----- statementPart
2021-11-21T23:53:18,119|[TRACE] graph - -----> statementPart
2021-11-21T23:53:18,119|[TRACE] graph - -------> nonSkippedChar
2021-11-21T23:53:18,119|[TRACE] script - #out(`N`) [token]
2021-11-21T23:53:18,119|[TRACE] graph - <------- nonSkippedChar
2021-11-21T23:53:18,119|[TRACE] graph - <----- statementPart
2021-11-21T23:53:18,119|[TRACE] graph - -----> statementPart
2021-11-21T23:53:18,119|[TRACE] graph - -------> nonSkippedChar
2021-11-21T23:53:18,119|[TRACE] script - #out(`O`) [token]
2021-11-21T23:53:18,119|[TRACE] graph - <------- nonSkippedChar
2021-11-21T23:53:18,119|[TRACE] graph - <----- statementPart
2021-11-21T23:53:18,119|[TRACE] graph - -----> statementPart
2021-11-21T23:53:18,119|[TRACE] graph - -------> nonSkippedChar
2021-11-21T23:53:18,119|[TRACE] script - #out(`T`) [token]
2021-11-21T23:53:18,119|[TRACE] graph - <------- nonSkippedChar
2021-11-21T23:53:18,119|[TRACE] graph - <----- statementPart
2021-11-21T23:53:18,119|[TRACE] graph - -----> statementPart
2021-11-21T23:53:18,120|[TRACE] graph - -------> nonSkippedSpace
2021-11-21T23:53:18,120|[TRACE] script - #out(` `) [token]
2021-11-21T23:53:18,120|[TRACE] graph - <------- nonSkippedSpace
2021-11-21T23:53:18,120|[TRACE] graph - <----- statementPart
2021-11-21T23:53:18,120|[TRACE] graph - -----> statementPart
2021-11-21T23:53:18,120|[TRACE] graph - -------> nonSkippedChar
2021-11-21T23:53:18,120|[TRACE] script - #out(`E`) [token]
2021-11-21T23:53:18,120|[TRACE] graph - <------- nonSkippedChar
2021-11-21T23:53:18,120|[TRACE] graph - <----- statementPart
2021-11-21T23:53:18,120|[TRACE] graph - -----> statementPart
2021-11-21T23:53:18,120|[TRACE] graph - -------> nonSkippedChar
2021-11-21T23:53:18,120|[TRACE] script - #out(`X`) [token]
2021-11-21T23:53:18,120|[TRACE] graph - <------- nonSkippedChar
2021-11-21T23:53:18,120|[TRACE] graph - <----- statementPart
2021-11-21T23:53:18,120|[TRACE] graph - -----> statementPart
2021-11-21T23:53:18,120|[TRACE] graph - -------> nonSkippedChar
2021-11-21T23:53:18,120|[TRACE] script - #out(`I`) [token]
2021-11-21T23:53:18,120|[TRACE] graph - <------- nonSkippedChar
2021-11-21T23:53:18,120|[TRACE] graph - <----- statementPart
2021-11-21T23:53:18,120|[TRACE] graph - -----> statementPart
2021-11-21T23:53:18,120|[TRACE] graph - -------> nonSkippedChar
2021-11-21T23:53:18,120|[TRACE] script - #out(`S`) [token]
2021-11-21T23:53:18,120|[TRACE] graph - <------- nonSkippedChar
2021-11-21T23:53:18,120|[TRACE] graph - <----- statementPart
2021-11-21T23:53:18,120|[TRACE] graph - -----> statementPart
2021-11-21T23:53:18,120|[TRACE] graph - -------> nonSkippedChar
2021-11-21T23:53:18,120|[TRACE] script - #out(`T`) [token]
2021-11-21T23:53:18,120|[TRACE] graph - <------- nonSkippedChar
2021-11-21T23:53:18,120|[TRACE] graph - <----- statementPart
2021-11-21T23:53:18,120|[TRACE] graph - -----> statementPart
2021-11-21T23:53:18,120|[TRACE] graph - -------> nonSkippedChar
2021-11-21T23:53:18,120|[TRACE] script - #out(`S`) [token]
2021-11-21T23:53:18,120|[TRACE] graph - <------- nonSkippedChar
2021-11-21T23:53:18,120|[TRACE] graph - <----- statementPart
2021-11-21T23:53:18,120|[TRACE] graph - -----> statementPart
2021-11-21T23:53:18,120|[TRACE] graph - -------> nonSkippedSpace
2021-11-21T23:53:18,120|[TRACE] script - #out(` `) [token]
2021-11-21T23:53:18,120|[TRACE] graph - <------- nonSkippedSpace
2021-11-21T23:53:18,120|[TRACE] graph - <----- statementPart
2021-11-21T23:53:18,120|[TRACE] graph - -----> statementPart
2021-11-21T23:53:18,120|[TRACE] graph - -------> quotedString
2021-11-21T23:53:18,120|[TRACE] script - #out(``bloodbank``) [token]
2021-11-21T23:53:18,120|[TRACE] graph - <------- quotedString
2021-11-21T23:53:18,120|[TRACE] graph - <----- statementPart
2021-11-21T23:53:18,120|[TRACE] graph - -----> statementPart
2021-11-21T23:53:18,120|[TRACE] graph - -------> nonSkippedChar
2021-11-21T23:53:18,120|[TRACE] script - #out(`.`) [token]
2021-11-21T23:53:18,120|[TRACE] graph - <------- nonSkippedChar
2021-11-21T23:53:18,120|[TRACE] graph - <----- statementPart
2021-11-21T23:53:18,120|[TRACE] graph - -----> statementPart
2021-11-21T23:53:18,120|[TRACE] graph - -------> quotedString
2021-11-21T23:53:18,120|[TRACE] script - #out(``blood_donation``) [token]
2021-11-21T23:53:18,120|[TRACE] graph - <------- quotedString
2021-11-21T23:53:18,120|[TRACE] graph - <----- statementPart
2021-11-21T23:53:18,120|[TRACE] graph - -----> statementPart
2021-11-21T23:53:18,120|[TRACE] graph - -------> nonSkippedSpace
2021-11-21T23:53:18,120|[TRACE] script - #out(` `) [token]
2021-11-21T23:53:18,120|[TRACE] graph - <------- nonSkippedSpace
2021-11-21T23:53:18,120|[TRACE] graph - <----- statementPart
2021-11-21T23:53:18,120|[TRACE] graph - -----> statementPart
2021-11-21T23:53:18,120|[TRACE] graph - -------> nonSkippedChar
2021-11-21T23:53:18,120|[TRACE] script - #out(`(`) [token]
2021-11-21T23:53:18,120|[TRACE] graph - <------- nonSkippedChar
2021-11-21T23:53:18,120|[TRACE] graph - <----- statementPart
2021-11-21T23:53:18,120|[TRACE] graph - -----> afterStatementPartNewline
2021-11-21T23:53:18,120|[TRACE] script - #out(` `) [text]
2021-11-21T23:53:18,120|[TRACE] graph - <----- afterStatementPartNewline
2021-11-21T23:53:18,120|[TRACE] graph - -----> statementPart
2021-11-21T23:53:18,120|[TRACE] graph - -------> nonSkippedSpace
2021-11-21T23:53:18,120|[TRACE] script - #out(` `) [token]
2021-11-21T23:53:18,120|[TRACE] graph - <------- nonSkippedSpace
2021-11-21T23:53:18,120|[TRACE] graph - <----- statementPart
2021-11-21T23:53:18,120|[TRACE] graph - -----> statementPart
2021-11-21T23:53:18,120|[TRACE] graph - -------> nonSkippedSpace
2021-11-21T23:53:18,120|[TRACE] script - #out(` `) [token]
2021-11-21T23:53:18,120|[TRACE] graph - <------- nonSkippedSpace
2021-11-21T23:53:18,120|[TRACE] graph - <----- statementPart
2021-11-21T23:53:18,120|[TRACE] graph - -----> statementPart
2021-11-21T23:53:18,120|[TRACE] graph - -------> quotedString
2021-11-21T23:53:18,120|[TRACE] script - #out(``donation_id``) [token]
2021-11-21T23:53:18,120|[TRACE] graph - <------- quotedString
2021-11-21T23:53:18,120|[TRACE] graph - <----- statementPart
2021-11-21T23:53:18,120|[TRACE] graph - -----> statementPart
2021-11-21T23:53:18,120|[TRACE] graph - -------> nonSkippedSpace
2021-11-21T23:53:18,120|[TRACE] script - #out(` `) [token]
2021-11-21T23:53:18,120|[TRACE] graph - <------- nonSkippedSpace
2021-11-21T23:53:18,120|[TRACE] graph - <----- statementPart
2021-11-21T23:53:18,120|[TRACE] graph - -----> statementPart
2021-11-21T23:53:18,120|[TRACE] graph - -------> nonSkippedChar
2021-11-21T23:53:18,120|[TRACE] script - #out(`I`) [token]
2021-11-21T23:53:18,120|[TRACE] graph - <------- nonSkippedChar
2021-11-21T23:53:18,120|[TRACE] graph - <----- statementPart
2021-11-21T23:53:18,120|[TRACE] graph - -----> statementPart
2021-11-21T23:53:18,120|[TRACE] graph - -------> nonSkippedChar
2021-11-21T23:53:18,120|[TRACE] script - #out(`N`) [token]
2021-11-21T23:53:18,120|[TRACE] graph - <------- nonSkippedChar
2021-11-21T23:53:18,120|[TRACE] graph - <----- statementPart
2021-11-21T23:53:18,120|[TRACE] graph - -----> statementPart
2021-11-21T23:53:18,121|[TRACE] graph - -------> nonSkippedChar
2021-11-21T23:53:18,121|[TRACE] script - #out(`T`) [token]
2021-11-21T23:53:18,121|[TRACE] graph - <------- nonSkippedChar
2021-11-21T23:53:18,121|[TRACE] graph - <----- statementPart
2021-11-21T23:53:18,121|[TRACE] graph - -----> statementPart
2021-11-21T23:53:18,121|[TRACE] graph - -------> nonSkippedSpace
2021-11-21T23:53:18,121|[TRACE] script - #out(` `) [token]
2021-11-21T23:53:18,121|[TRACE] graph - <------- nonSkippedSpace
2021-11-21T23:53:18,121|[TRACE] graph - <----- statementPart
2021-11-21T23:53:18,121|[TRACE] graph - -----> statementPart
2021-11-21T23:53:18,121|[TRACE] graph - -------> nonSkippedChar
2021-11-21T23:53:18,121|[TRACE] script - #out(`N`) [token]
2021-11-21T23:53:18,121|[TRACE] graph - <------- nonSkippedChar
2021-11-21T23:53:18,121|[TRACE] graph - <----- statementPart
2021-11-21T23:53:18,121|[TRACE] graph - -----> statementPart
2021-11-21T23:53:18,121|[TRACE] graph - -------> nonSkippedChar
2021-11-21T23:53:18,121|[TRACE] script - #out(`O`) [token]
2021-11-21T23:53:18,121|[TRACE] graph - <------- nonSkippedChar
2021-11-21T23:53:18,121|[TRACE] graph - <----- statementPart
2021-11-21T23:53:18,121|[TRACE] graph - -----> statementPart
2021-11-21T23:53:18,121|[TRACE] graph - -------> nonSkippedChar
2021-11-21T23:53:18,121|[TRACE] script - #out(`T`) [token]
2021-11-21T23:53:18,121|[TRACE] graph - <------- nonSkippedChar
2021-11-21T23:53:18,121|[TRACE] graph - <----- statementPart
2021-11-21T23:53:18,121|[TRACE] graph - -----> statementPart
2021-11-21T23:53:18,121|[TRACE] graph - -------> nonSkippedSpace
2021-11-21T23:53:18,121|[TRACE] script - #out(` `) [token]
2021-11-21T23:53:18,121|[TRACE] graph - <------- nonSkippedSpace
2021-11-21T23:53:18,121|[TRACE] graph - <----- statementPart
2021-11-21T23:53:18,121|[TRACE] graph - -----> statementPart
2021-11-21T23:53:18,121|[TRACE] graph - -------> nonSkippedChar
2021-11-21T23:53:18,121|[TRACE] script - #out(`N`) [token]
2021-11-21T23:53:18,121|[TRACE] graph - <------- nonSkippedChar
2021-11-21T23:53:18,121|[TRACE] graph - <----- statementPart
2021-11-21T23:53:18,121|[TRACE] graph - -----> statementPart
2021-11-21T23:53:18,121|[TRACE] graph - -------> nonSkippedChar
2021-11-21T23:53:18,121|[TRACE] script - #out(`U`) [token]
2021-11-21T23:53:18,121|[TRACE] graph - <------- nonSkippedChar
2021-11-21T23:53:18,121|[TRACE] graph - <----- statementPart
2021-11-21T23:53:18,121|[TRACE] graph - -----> statementPart
2021-11-21T23:53:18,121|[TRACE] graph - -------> nonSkippedChar
2021-11-21T23:53:18,121|[TRACE] script - #out(`L`) [token]
2021-11-21T23:53:18,121|[TRACE] graph - <------- nonSkippedChar
2021-11-21T23:53:18,121|[TRACE] graph - <----- statementPart
2021-11-21T23:53:18,121|[TRACE] graph - -----> statementPart
2021-11-21T23:53:18,121|[TRACE] graph - -------> nonSkippedChar
2021-11-21T23:53:18,121|[TRACE] script - #out(`L`) [token]
2021-11-21T23:53:18,121|[TRACE] graph - <------- nonSkippedChar
2021-11-21T23:53:18,121|[TRACE] graph - <----- statementPart
2021-11-21T23:53:18,121|[TRACE] graph - -----> statementPart
2021-11-21T23:53:18,121|[TRACE] graph - -------> nonSkippedSpace
2021-11-21T23:53:18,121|[TRACE] script - #out(` `) [token]
2021-11-21T23:53:18,121|[TRACE] graph - <------- nonSkippedSpace
2021-11-21T23:53:18,121|[TRACE] graph - <----- statementPart
2021-11-21T23:53:18,121|[TRACE] graph - -----> statementPart
2021-11-21T23:53:18,121|[TRACE] graph - -------> nonSkippedChar
2021-11-21T23:53:18,121|[TRACE] script - #out(`A`) [token]
2021-11-21T23:53:18,121|[TRACE] graph - <------- nonSkippedChar
2021-11-21T23:53:18,121|[TRACE] graph - <----- statementPart
2021-11-21T23:53:18,121|[TRACE] graph - -----> statementPart
2021-11-21T23:53:18,121|[TRACE] graph - -------> nonSkippedChar
2021-11-21T23:53:18,121|[TRACE] script - #out(`U`) [token]
2021-11-21T23:53:18,121|[TRACE] graph - <------- nonSkippedChar
2021-11-21T23:53:18,121|[TRACE] graph - <----- statementPart
2021-11-21T23:53:18,121|[TRACE] graph - -----> statementPart
2021-11-21T23:53:18,121|[TRACE] graph - -------> nonSkippedChar
2021-11-21T23:53:18,121|[TRACE] script - #out(`T`) [token]
2021-11-21T23:53:18,121|[TRACE] graph - <------- nonSkippedChar
2021-11-21T23:53:18,121|[TRACE] graph - <----- statementPart
2021-11-21T23:53:18,121|[TRACE] graph - -----> statementPart
2021-11-21T23:53:18,121|[TRACE] graph - -------> nonSkippedChar
2021-11-21T23:53:18,121|[TRACE] script - #out(`O`) [token]
2021-11-21T23:53:18,121|[TRACE] graph - <------- nonSkippedChar
2021-11-21T23:53:18,121|[TRACE] graph - <----- statementPart
2021-11-21T23:53:18,121|[TRACE] graph - -----> statementPart
2021-11-21T23:53:18,121|[TRACE] graph - -------> nonSkippedChar
2021-11-21T23:53:18,121|[TRACE] script - #out(`_`) [token]
2021-11-21T23:53:18,121|[TRACE] graph - <------- nonSkippedChar
2021-11-21T23:53:18,121|[TRACE] graph - <----- statementPart
2021-11-21T23:53:18,121|[TRACE] graph - -----> statementPart
2021-11-21T23:53:18,121|[TRACE] graph - -------> nonSkippedChar
2021-11-21T23:53:18,121|[TRACE] script - #out(`I`) [token]
2021-11-21T23:53:18,121|[TRACE] graph - <------- nonSkippedChar
2021-11-21T23:53:18,121|[TRACE] graph - <----- statementPart
2021-11-21T23:53:18,121|[TRACE] graph - -----> statementPart
2021-11-21T23:53:18,121|[TRACE] graph - -------> nonSkippedChar
2021-11-21T23:53:18,121|[TRACE] script - #out(`N`) [token]
2021-11-21T23:53:18,121|[TRACE] graph - <------- nonSkippedChar
2021-11-21T23:53:18,121|[TRACE] graph - <----- statementPart
2021-11-21T23:53:18,121|[TRACE] graph - -----> statementPart
2021-11-21T23:53:18,121|[TRACE] graph - -------> nonSkippedChar
2021-11-21T23:53:18,121|[TRACE] script - #out(`C`) [token]
2021-11-21T23:53:18,121|[TRACE] graph - <------- nonSkippedChar
2021-11-21T23:53:18,121|[TRACE] graph - <----- statementPart
2021-11-21T23:53:18,121|[TRACE] graph - -----> statementPart
2021-11-21T23:53:18,121|[TRACE] graph - -------> nonSkippedChar
2021-11-21T23:53:18,121|[TRACE] script - #out(`R`) [token]
2021-11-21T23:53:18,121|[TRACE] graph - <------- nonSkippedChar
2021-11-21T23:53:18,121|[TRACE] graph - <----- statementPart
2021-11-21T23:53:18,121|[TRACE] graph - -----> statementPart
2021-11-21T23:53:18,121|[TRACE] graph - -------> nonSkippedChar
2021-11-21T23:53:18,121|[TRACE] script - #out(`E`) [token]
2021-11-21T23:53:18,121|[TRACE] graph - <------- nonSkippedChar
2021-11-21T23:53:18,121|[TRACE] graph - <----- statementPart
2021-11-21T23:53:18,121|[TRACE] graph - -----> statementPart
2021-11-21T23:53:18,121|[TRACE] graph - -------> nonSkippedChar
2021-11-21T23:53:18,121|[TRACE] script - #out(`M`) [token]
2021-11-21T23:53:18,121|[TRACE] graph - <------- nonSkippedChar
2021-11-21T23:53:18,121|[TRACE] graph - <----- statementPart
2021-11-21T23:53:18,121|[TRACE] graph - -----> statementPart
2021-11-21T23:53:18,121|[TRACE] graph - -------> nonSkippedChar
2021-11-21T23:53:18,121|[TRACE] script - #out(`E`) [token]
2021-11-21T23:53:18,121|[TRACE] graph - <------- nonSkippedChar
2021-11-21T23:53:18,121|[TRACE] graph - <----- statementPart
2021-11-21T23:53:18,121|[TRACE] graph - -----> statementPart
2021-11-21T23:53:18,121|[TRACE] graph - -------> nonSkippedChar
2021-11-21T23:53:18,121|[TRACE] script - #out(`N`) [token]
2021-11-21T23:53:18,121|[TRACE] graph - <------- nonSkippedChar
2021-11-21T23:53:18,121|[TRACE] graph - <----- statementPart
2021-11-21T23:53:18,121|[TRACE] graph - -----> statementPart
2021-11-21T23:53:18,121|[TRACE] graph - -------> nonSkippedChar
2021-11-21T23:53:18,121|[TRACE] script - #out(`T`) [token]
2021-11-21T23:53:18,121|[TRACE] graph - <------- nonSkippedChar
2021-11-21T23:53:18,121|[TRACE] graph - <----- statementPart
2021-11-21T23:53:18,121|[TRACE] graph - -----> statementPart
2021-11-21T23:53:18,121|[TRACE] graph - -------> nonSkippedChar
2021-11-21T23:53:18,121|[TRACE] script - #out(`,`) [token]
2021-11-21T23:53:18,121|[TRACE] graph - <------- nonSkippedChar
2021-11-21T23:53:18,121|[TRACE] graph - <----- statementPart
2021-11-21T23:53:18,122|[TRACE] graph - -----> afterStatementPartNewline
2021-11-21T23:53:18,122|[TRACE] script - #out(` `) [text]
2021-11-21T23:53:18,122|[TRACE] graph - <----- afterStatementPartNewline
2021-11-21T23:53:18,122|[TRACE] graph - -----> statementPart
2021-11-21T23:53:18,122|[TRACE] graph - -------> nonSkippedSpace
2021-11-21T23:53:18,122|[TRACE] script - #out(` `) [token]
2021-11-21T23:53:18,122|[TRACE] graph - <------- nonSkippedSpace
2021-11-21T23:53:18,122|[TRACE] graph - <----- statementPart
2021-11-21T23:53:18,122|[TRACE] graph - -----> statementPart
2021-11-21T23:53:18,122|[TRACE] graph - -------> nonSkippedSpace
2021-11-21T23:53:18,122|[TRACE] script - #out(` `) [token]
2021-11-21T23:53:18,122|[TRACE] graph - <------- nonSkippedSpace
2021-11-21T23:53:18,122|[TRACE] graph - <----- statementPart
2021-11-21T23:53:18,122|[TRACE] graph - -----> statementPart
2021-11-21T23:53:18,122|[TRACE] graph - -------> quotedString
2021-11-21T23:53:18,122|[TRACE] script - #out(``bank_id``) [token]
2021-11-21T23:53:18,122|[TRACE] graph - <------- quotedString
2021-11-21T23:53:18,122|[TRACE] graph - <----- statementPart
2021-11-21T23:53:18,122|[TRACE] graph - -----> statementPart
2021-11-21T23:53:18,122|[TRACE] graph - -------> nonSkippedSpace
2021-11-21T23:53:18,122|[TRACE] script - #out(` `) [token]
2021-11-21T23:53:18,122|[TRACE] graph - <------- nonSkippedSpace
2021-11-21T23:53:18,122|[TRACE] graph - <----- statementPart
2021-11-21T23:53:18,122|[TRACE] graph - -----> statementPart
2021-11-21T23:53:18,122|[TRACE] graph - -------> nonSkippedChar
2021-11-21T23:53:18,122|[TRACE] script - #out(`I`) [token]
2021-11-21T23:53:18,122|[TRACE] graph - <------- nonSkippedChar
2021-11-21T23:53:18,122|[TRACE] graph - <----- statementPart
2021-11-21T23:53:18,122|[TRACE] graph - -----> statementPart
2021-11-21T23:53:18,122|[TRACE] graph - -------> nonSkippedChar
2021-11-21T23:53:18,122|[TRACE] script - #out(`N`) [token]
2021-11-21T23:53:18,122|[TRACE] graph - <------- nonSkippedChar
2021-11-21T23:53:18,122|[TRACE] graph - <----- statementPart
2021-11-21T23:53:18,122|[TRACE] graph - -----> statementPart
2021-11-21T23:53:18,122|[TRACE] graph - -------> nonSkippedChar
2021-11-21T23:53:18,122|[TRACE] script - #out(`T`) [token]
2021-11-21T23:53:18,122|[TRACE] graph - <------- nonSkippedChar
2021-11-21T23:53:18,122|[TRACE] graph - <----- statementPart
2021-11-21T23:53:18,122|[TRACE] graph - -----> statementPart
2021-11-21T23:53:18,122|[TRACE] graph - -------> nonSkippedSpace
2021-11-21T23:53:18,122|[TRACE] script - #out(` `) [token]
2021-11-21T23:53:18,122|[TRACE] graph - <------- nonSkippedSpace
2021-11-21T23:53:18,122|[TRACE] graph - <----- statementPart
2021-11-21T23:53:18,122|[TRACE] graph - -----> statementPart
2021-11-21T23:53:18,122|[TRACE] graph - -------> nonSkippedChar
2021-11-21T23:53:18,122|[TRACE] script - #out(`N`) [token]
2021-11-21T23:53:18,122|[TRACE] graph - <------- nonSkippedChar
2021-11-21T23:53:18,122|[TRACE] graph - <----- statementPart
2021-11-21T23:53:18,122|[TRACE] graph - -----> statementPart
2021-11-21T23:53:18,122|[TRACE] graph - -------> nonSkippedChar
2021-11-21T23:53:18,122|[TRACE] script - #out(`O`) [token]
2021-11-21T23:53:18,122|[TRACE] graph - <------- nonSkippedChar
2021-11-21T23:53:18,122|[TRACE] graph - <----- statementPart
2021-11-21T23:53:18,122|[TRACE] graph - -----> statementPart
2021-11-21T23:53:18,122|[TRACE] graph - -------> nonSkippedChar
2021-11-21T23:53:18,122|[TRACE] script - #out(`T`) [token]
2021-11-21T23:53:18,122|[TRACE] graph - <------- nonSkippedChar
2021-11-21T23:53:18,122|[TRACE] graph - <----- statementPart
2021-11-21T23:53:18,122|[TRACE] graph - -----> statementPart
2021-11-21T23:53:18,122|[TRACE] graph - -------> nonSkippedSpace
2021-11-21T23:53:18,122|[TRACE] script - #out(` `) [token]
2021-11-21T23:53:18,122|[TRACE] graph - <------- nonSkippedSpace
2021-11-21T23:53:18,122|[TRACE] graph - <----- statementPart
2021-11-21T23:53:18,122|[TRACE] graph - -----> statementPart
2021-11-21T23:53:18,122|[TRACE] graph - -------> nonSkippedChar
2021-11-21T23:53:18,122|[TRACE] script - #out(`N`) [token]
2021-11-21T23:53:18,122|[TRACE] graph - <------- nonSkippedChar
2021-11-21T23:53:18,122|[TRACE] graph - <----- statementPart
2021-11-21T23:53:18,122|[TRACE] graph - -----> statementPart
2021-11-21T23:53:18,122|[TRACE] graph - -------> nonSkippedChar
2021-11-21T23:53:18,122|[TRACE] script - #out(`U`) [token]
2021-11-21T23:53:18,122|[TRACE] graph - <------- nonSkippedChar
2021-11-21T23:53:18,122|[TRACE] graph - <----- statementPart
2021-11-21T23:53:18,122|[TRACE] graph - -----> statementPart
2021-11-21T23:53:18,122|[TRACE] graph - -------> nonSkippedChar
2021-11-21T23:53:18,122|[TRACE] script - #out(`L`) [token]
2021-11-21T23:53:18,122|[TRACE] graph - <------- nonSkippedChar
2021-11-21T23:53:18,122|[TRACE] graph - <----- statementPart
2021-11-21T23:53:18,122|[TRACE] graph - -----> statementPart
2021-11-21T23:53:18,122|[TRACE] graph - -------> nonSkippedChar
2021-11-21T23:53:18,122|[TRACE] script - #out(`L`) [token]
2021-11-21T23:53:18,122|[TRACE] graph - <------- nonSkippedChar
2021-11-21T23:53:18,122|[TRACE] graph - <----- statementPart
2021-11-21T23:53:18,122|[TRACE] graph - -----> statementPart
2021-11-21T23:53:18,122|[TRACE] graph - -------> nonSkippedChar
2021-11-21T23:53:18,122|[TRACE] script - #out(`,`) [token]
2021-11-21T23:53:18,122|[TRACE] graph - <------- nonSkippedChar
2021-11-21T23:53:18,122|[TRACE] graph - <----- statementPart
2021-11-21T23:53:18,122|[TRACE] graph - -----> afterStatementPartNewline
2021-11-21T23:53:18,122|[TRACE] script - #out(` `) [text]
2021-11-21T23:53:18,122|[TRACE] graph - <----- afterStatementPartNewline
2021-11-21T23:53:18,122|[TRACE] graph - -----> statementPart
2021-11-21T23:53:18,122|[TRACE] graph - -------> nonSkippedSpace
2021-11-21T23:53:18,122|[TRACE] script - #out(` `) [token]
2021-11-21T23:53:18,122|[TRACE] graph - <------- nonSkippedSpace
2021-11-21T23:53:18,122|[TRACE] graph - <----- statementPart
2021-11-21T23:53:18,122|[TRACE] graph - -----> statementPart
2021-11-21T23:53:18,122|[TRACE] graph - -------> nonSkippedSpace
2021-11-21T23:53:18,122|[TRACE] script - #out(` `) [token]
2021-11-21T23:53:18,122|[TRACE] graph - <------- nonSkippedSpace
2021-11-21T23:53:18,122|[TRACE] graph - <----- statementPart
2021-11-21T23:53:18,122|[TRACE] graph - -----> statementPart
2021-11-21T23:53:18,122|[TRACE] graph - -------> quotedString
2021-11-21T23:53:18,122|[TRACE] script - #out(``milliliters``) [token]
2021-11-21T23:53:18,122|[TRACE] graph - <------- quotedString
2021-11-21T23:53:18,122|[TRACE] graph - <----- statementPart
2021-11-21T23:53:18,122|[TRACE] graph - -----> statementPart
2021-11-21T23:53:18,122|[TRACE] graph - -------> nonSkippedSpace
2021-11-21T23:53:18,122|[TRACE] script - #out(` `) [token]
2021-11-21T23:53:18,122|[TRACE] graph - <------- nonSkippedSpace
2021-11-21T23:53:18,122|[TRACE] graph - <----- statementPart
2021-11-21T23:53:18,122|[TRACE] graph - -----> statementPart
2021-11-21T23:53:18,122|[TRACE] graph - -------> nonSkippedChar
2021-11-21T23:53:18,122|[TRACE] script - #out(`I`) [token]
2021-11-21T23:53:18,122|[TRACE] graph - <------- nonSkippedChar
2021-11-21T23:53:18,122|[TRACE] graph - <----- statementPart
2021-11-21T23:53:18,122|[TRACE] graph - -----> statementPart
2021-11-21T23:53:18,122|[TRACE] graph - -------> nonSkippedChar
2021-11-21T23:53:18,122|[TRACE] script - #out(`N`) [token]
2021-11-21T23:53:18,122|[TRACE] graph - <------- nonSkippedChar
2021-11-21T23:53:18,122|[TRACE] graph - <----- statementPart
2021-11-21T23:53:18,122|[TRACE] graph - -----> statementPart
2021-11-21T23:53:18,122|[TRACE] graph - -------> nonSkippedChar
2021-11-21T23:53:18,122|[TRACE] script - #out(`T`) [token]
2021-11-21T23:53:18,122|[TRACE] graph - <------- nonSkippedChar
2021-11-21T23:53:18,122|[TRACE] graph - <----- statementPart
2021-11-21T23:53:18,122|[TRACE] graph - -----> statementPart
2021-11-21T23:53:18,122|[TRACE] graph - -------> nonSkippedSpace
2021-11-21T23:53:18,122|[TRACE] script - #out(` `) [token]
2021-11-21T23:53:18,122|[TRACE] graph - <------- nonSkippedSpace
2021-11-21T23:53:18,122|[TRACE] graph - <----- statementPart
2021-11-21T23:53:18,122|[TRACE] graph - -----> statementPart
2021-11-21T23:53:18,122|[TRACE] graph - -------> nonSkippedChar
2021-11-21T23:53:18,122|[TRACE] script - #out(`N`) [token]
2021-11-21T23:53:18,122|[TRACE] graph - <------- nonSkippedChar
2021-11-21T23:53:18,122|[TRACE] graph - <----- statementPart
2021-11-21T23:53:18,123|[TRACE] graph - -----> statementPart
2021-11-21T23:53:18,123|[TRACE] graph - -------> nonSkippedChar
2021-11-21T23:53:18,123|[TRACE] script - #out(`O`) [token]
2021-11-21T23:53:18,123|[TRACE] graph - <------- nonSkippedChar
2021-11-21T23:53:18,123|[TRACE] graph - <----- statementPart
2021-11-21T23:53:18,123|[TRACE] graph - -----> statementPart
2021-11-21T23:53:18,123|[TRACE] graph - -------> nonSkippedChar
2021-11-21T23:53:18,123|[TRACE] script - #out(`T`) [token]
2021-11-21T23:53:18,123|[TRACE] graph - <------- nonSkippedChar
2021-11-21T23:53:18,123|[TRACE] graph - <----- statementPart
2021-11-21T23:53:18,123|[TRACE] graph - -----> statementPart
2021-11-21T23:53:18,123|[TRACE] graph - -------> nonSkippedSpace
2021-11-21T23:53:18,123|[TRACE] script - #out(` `) [token]
2021-11-21T23:53:18,123|[TRACE] graph - <------- nonSkippedSpace
2021-11-21T23:53:18,123|[TRACE] graph - <----- statementPart
2021-11-21T23:53:18,123|[TRACE] graph - -----> statementPart
2021-11-21T23:53:18,123|[TRACE] graph - -------> nonSkippedChar
2021-11-21T23:53:18,123|[TRACE] script - #out(`N`) [token]
2021-11-21T23:53:18,123|[TRACE] graph - <------- nonSkippedChar
2021-11-21T23:53:18,123|[TRACE] graph - <----- statementPart
2021-11-21T23:53:18,123|[TRACE] graph - -----> statementPart
2021-11-21T23:53:18,123|[TRACE] graph - -------> nonSkippedChar
2021-11-21T23:53:18,123|[TRACE] script - #out(`U`) [token]
2021-11-21T23:53:18,123|[TRACE] graph - <------- nonSkippedChar
2021-11-21T23:53:18,123|[TRACE] graph - <----- statementPart
2021-11-21T23:53:18,123|[TRACE] graph - -----> statementPart
2021-11-21T23:53:18,123|[TRACE] graph - -------> nonSkippedChar
2021-11-21T23:53:18,123|[TRACE] script - #out(`L`) [token]
2021-11-21T23:53:18,123|[TRACE] graph - <------- nonSkippedChar
2021-11-21T23:53:18,123|[TRACE] graph - <----- statementPart
2021-11-21T23:53:18,123|[TRACE] graph - -----> statementPart
2021-11-21T23:53:18,123|[TRACE] graph - -------> nonSkippedChar
2021-11-21T23:53:18,123|[TRACE] script - #out(`L`) [token]
2021-11-21T23:53:18,123|[TRACE] graph - <------- nonSkippedChar
2021-11-21T23:53:18,123|[TRACE] graph - <----- statementPart
2021-11-21T23:53:18,123|[TRACE] graph - -----> statementPart
2021-11-21T23:53:18,123|[TRACE] graph - -------> nonSkippedChar
2021-11-21T23:53:18,123|[TRACE] script - #out(`,`) [token]
2021-11-21T23:53:18,123|[TRACE] graph - <------- nonSkippedChar
2021-11-21T23:53:18,123|[TRACE] graph - <----- statementPart
2021-11-21T23:53:18,123|[TRACE] graph - -----> afterStatementPartNewline
2021-11-21T23:53:18,123|[TRACE] script - #out(` `) [text]
2021-11-21T23:53:18,123|[TRACE] graph - <----- afterStatementPartNewline
2021-11-21T23:53:18,123|[TRACE] graph - -----> statementPart
2021-11-21T23:53:18,123|[TRACE] graph - -------> nonSkippedSpace
2021-11-21T23:53:18,123|[TRACE] script - #out(` `) [token]
2021-11-21T23:53:18,123|[TRACE] graph - <------- nonSkippedSpace
2021-11-21T23:53:18,123|[TRACE] graph - <----- statementPart
2021-11-21T23:53:18,123|[TRACE] graph - -----> statementPart
2021-11-21T23:53:18,123|[TRACE] graph - -------> nonSkippedSpace
2021-11-21T23:53:18,123|[TRACE] script - #out(` `) [token]
2021-11-21T23:53:18,123|[TRACE] graph - <------- nonSkippedSpace
2021-11-21T23:53:18,123|[TRACE] graph - <----- statementPart
2021-11-21T23:53:18,123|[TRACE] graph - -----> statementPart
2021-11-21T23:53:18,123|[TRACE] graph - -------> quotedString
2021-11-21T23:53:18,123|[TRACE] script - #out(``blood_group``) [token]
2021-11-21T23:53:18,123|[TRACE] graph - <------- quotedString
2021-11-21T23:53:18,123|[TRACE] graph - <----- statementPart
2021-11-21T23:53:18,123|[TRACE] graph - -----> statementPart
2021-11-21T23:53:18,123|[TRACE] graph - -------> nonSkippedSpace
2021-11-21T23:53:18,123|[TRACE] script - #out(` `) [token]
2021-11-21T23:53:18,123|[TRACE] graph - <------- nonSkippedSpace
2021-11-21T23:53:18,123|[TRACE] graph - <----- statementPart
2021-11-21T23:53:18,123|[TRACE] graph - -----> statementPart
2021-11-21T23:53:18,123|[TRACE] graph - -------> nonSkippedChar
2021-11-21T23:53:18,123|[TRACE] script - #out(`C`) [token]
2021-11-21T23:53:18,123|[TRACE] graph - <------- nonSkippedChar
2021-11-21T23:53:18,123|[TRACE] graph - <----- statementPart
2021-11-21T23:53:18,123|[TRACE] graph - -----> statementPart
2021-11-21T23:53:18,123|[TRACE] graph - -------> nonSkippedChar
2021-11-21T23:53:18,123|[TRACE] script - #out(`H`) [token]
2021-11-21T23:53:18,123|[TRACE] graph - <------- nonSkippedChar
2021-11-21T23:53:18,123|[TRACE] graph - <----- statementPart
2021-11-21T23:53:18,123|[TRACE] graph - -----> statementPart
2021-11-21T23:53:18,123|[TRACE] graph - -------> nonSkippedChar
2021-11-21T23:53:18,123|[TRACE] script - #out(`A`) [token]
2021-11-21T23:53:18,123|[TRACE] graph - <------- nonSkippedChar
2021-11-21T23:53:18,123|[TRACE] graph - <----- statementPart
2021-11-21T23:53:18,123|[TRACE] graph - -----> statementPart
2021-11-21T23:53:18,123|[TRACE] graph - -------> nonSkippedChar
2021-11-21T23:53:18,123|[TRACE] script - #out(`R`) [token]
2021-11-21T23:53:18,123|[TRACE] graph - <------- nonSkippedChar
2021-11-21T23:53:18,123|[TRACE] graph - <----- statementPart
2021-11-21T23:53:18,123|[TRACE] graph - -----> statementPart
2021-11-21T23:53:18,123|[TRACE] graph - -------> nonSkippedChar
2021-11-21T23:53:18,123|[TRACE] script - #out(`(`) [token]
2021-11-21T23:53:18,123|[TRACE] graph - <------- nonSkippedChar
2021-11-21T23:53:18,123|[TRACE] graph - <----- statementPart
2021-11-21T23:53:18,123|[TRACE] graph - -----> statementPart
2021-11-21T23:53:18,123|[TRACE] graph - -------> nonSkippedChar
2021-11-21T23:53:18,123|[TRACE] script - #out(`2`) [token]
2021-11-21T23:53:18,123|[TRACE] graph - <------- nonSkippedChar
2021-11-21T23:53:18,123|[TRACE] graph - <----- statementPart
2021-11-21T23:53:18,123|[TRACE] graph - -----> statementPart
2021-11-21T23:53:18,123|[TRACE] graph - -------> nonSkippedChar
2021-11-21T23:53:18,123|[TRACE] script - #out(`)`) [token]
2021-11-21T23:53:18,123|[TRACE] graph - <------- nonSkippedChar
2021-11-21T23:53:18,123|[TRACE] graph - <----- statementPart
2021-11-21T23:53:18,123|[TRACE] graph - -----> statementPart
2021-11-21T23:53:18,123|[TRACE] graph - -------> nonSkippedSpace
2021-11-21T23:53:18,123|[TRACE] script - #out(` `) [token]
2021-11-21T23:53:18,123|[TRACE] graph - <------- nonSkippedSpace
2021-11-21T23:53:18,123|[TRACE] graph - <----- statementPart
2021-11-21T23:53:18,123|[TRACE] graph - -----> statementPart
2021-11-21T23:53:18,124|[TRACE] graph - -------> nonSkippedChar
2021-11-21T23:53:18,124|[TRACE] script - #out(`N`) [token]
2021-11-21T23:53:18,124|[TRACE] graph - <------- nonSkippedChar
2021-11-21T23:53:18,124|[TRACE] graph - <----- statementPart
2021-11-21T23:53:18,124|[TRACE] graph - -----> statementPart
2021-11-21T23:53:18,124|[TRACE] graph - -------> nonSkippedChar
2021-11-21T23:53:18,124|[TRACE] script - #out(`O`) [token]
2021-11-21T23:53:18,124|[TRACE] graph - <------- nonSkippedChar
2021-11-21T23:53:18,124|[TRACE] graph - <----- statementPart
2021-11-21T23:53:18,124|[TRACE] graph - -----> statementPart
2021-11-21T23:53:18,124|[TRACE] graph - -------> nonSkippedChar
2021-11-21T23:53:18,124|[TRACE] script - #out(`T`) [token]
2021-11-21T23:53:18,124|[TRACE] graph - <------- nonSkippedChar
2021-11-21T23:53:18,124|[TRACE] graph - <----- statementPart
2021-11-21T23:53:18,124|[TRACE] graph - -----> statementPart
2021-11-21T23:53:18,124|[TRACE] graph - -------> nonSkippedSpace
2021-11-21T23:53:18,124|[TRACE] script - #out(` `) [token]
2021-11-21T23:53:18,124|[TRACE] graph - <------- nonSkippedSpace
2021-11-21T23:53:18,124|[TRACE] graph - <----- statementPart
2021-11-21T23:53:18,124|[TRACE] graph - -----> statementPart
2021-11-21T23:53:18,124|[TRACE] graph - -------> nonSkippedChar
2021-11-21T23:53:18,124|[TRACE] script - #out(`N`) [token]
2021-11-21T23:53:18,124|[TRACE] graph - <------- nonSkippedChar
2021-11-21T23:53:18,124|[TRACE] graph - <----- statementPart
2021-11-21T23:53:18,124|[TRACE] graph - -----> statementPart
2021-11-21T23:53:18,124|[TRACE] graph - -------> nonSkippedChar
2021-11-21T23:53:18,124|[TRACE] script - #out(`U`) [token]
2021-11-21T23:53:18,124|[TRACE] graph - <------- nonSkippedChar
2021-11-21T23:53:18,124|[TRACE] graph - <----- statementPart
2021-11-21T23:53:18,124|[TRACE] graph - -----> statementPart
2021-11-21T23:53:18,124|[TRACE] graph - -------> nonSkippedChar
2021-11-21T23:53:18,124|[TRACE] script - #out(`L`) [token]
2021-11-21T23:53:18,124|[TRACE] graph - <------- nonSkippedChar
2021-11-21T23:53:18,124|[TRACE] graph - <----- statementPart
2021-11-21T23:53:18,124|[TRACE] graph - -----> statementPart
2021-11-21T23:53:18,124|[TRACE] graph - -------> nonSkippedChar
2021-11-21T23:53:18,124|[TRACE] script - #out(`L`) [token]
2021-11-21T23:53:18,124|[TRACE] graph - <------- nonSkippedChar
2021-11-21T23:53:18,124|[TRACE] graph - <----- statementPart
2021-11-21T23:53:18,124|[TRACE] graph - -----> statementPart
2021-11-21T23:53:18,124|[TRACE] graph - -------> nonSkippedChar
2021-11-21T23:53:18,124|[TRACE] script - #out(`,`) [token]
2021-11-21T23:53:18,124|[TRACE] graph - <------- nonSkippedChar
2021-11-21T23:53:18,124|[TRACE] graph - <----- statementPart
2021-11-21T23:53:18,124|[TRACE] graph - -----> afterStatementPartNewline
2021-11-21T23:53:18,124|[TRACE] script - #out(` `) [text]
2021-11-21T23:53:18,124|[TRACE] graph - <----- afterStatementPartNewline
2021-11-21T23:53:18,124|[TRACE] graph - -----> statementPart
2021-11-21T23:53:18,124|[TRACE] graph - -------> nonSkippedSpace
2021-11-21T23:53:18,124|[TRACE] script - #out(` `) [token]
2021-11-21T23:53:18,124|[TRACE] graph - <------- nonSkippedSpace
2021-11-21T23:53:18,124|[TRACE] graph - <----- statementPart
2021-11-21T23:53:18,124|[TRACE] graph - -----> statementPart
2021-11-21T23:53:18,124|[TRACE] graph - -------> nonSkippedSpace
2021-11-21T23:53:18,124|[TRACE] script - #out(` `) [token]
2021-11-21T23:53:18,124|[TRACE] graph - <------- nonSkippedSpace
2021-11-21T23:53:18,124|[TRACE] graph - <----- statementPart
2021-11-21T23:53:18,124|[TRACE] graph - -----> statementPart
2021-11-21T23:53:18,124|[TRACE] graph - -------> quotedString
2021-11-21T23:53:18,124|[TRACE] script - #out(``rhd``) [token]
2021-11-21T23:53:18,124|[TRACE] graph - <------- quotedString
2021-11-21T23:53:18,124|[TRACE] graph - <----- statementPart
2021-11-21T23:53:18,124|[TRACE] graph - -----> statementPart
2021-11-21T23:53:18,124|[TRACE] graph - -------> nonSkippedSpace
2021-11-21T23:53:18,124|[TRACE] script - #out(` `) [token]
2021-11-21T23:53:18,124|[TRACE] graph - <------- nonSkippedSpace
2021-11-21T23:53:18,124|[TRACE] graph - <----- statementPart
2021-11-21T23:53:18,124|[TRACE] graph - -----> statementPart
2021-11-21T23:53:18,124|[TRACE] graph - -------> nonSkippedChar
2021-11-21T23:53:18,124|[TRACE] script - #out(`B`) [token]
2021-11-21T23:53:18,124|[TRACE] graph - <------- nonSkippedChar
2021-11-21T23:53:18,124|[TRACE] graph - <----- statementPart
2021-11-21T23:53:18,124|[TRACE] graph - -----> statementPart
2021-11-21T23:53:18,124|[TRACE] graph - -------> nonSkippedChar
2021-11-21T23:53:18,124|[TRACE] script - #out(`I`) [token]
2021-11-21T23:53:18,124|[TRACE] graph - <------- nonSkippedChar
2021-11-21T23:53:18,124|[TRACE] graph - <----- statementPart
2021-11-21T23:53:18,124|[TRACE] graph - -----> statementPart
2021-11-21T23:53:18,124|[TRACE] graph - -------> nonSkippedChar
2021-11-21T23:53:18,124|[TRACE] script - #out(`T`) [token]
2021-11-21T23:53:18,124|[TRACE] graph - <------- nonSkippedChar
2021-11-21T23:53:18,124|[TRACE] graph - <----- statementPart
2021-11-21T23:53:18,124|[TRACE] graph - -----> statementPart
2021-11-21T23:53:18,124|[TRACE] graph - -------> nonSkippedChar
2021-11-21T23:53:18,124|[TRACE] script - #out(`(`) [token]
2021-11-21T23:53:18,124|[TRACE] graph - <------- nonSkippedChar
2021-11-21T23:53:18,124|[TRACE] graph - <----- statementPart
2021-11-21T23:53:18,124|[TRACE] graph - -----> statementPart
2021-11-21T23:53:18,124|[TRACE] graph - -------> nonSkippedChar
2021-11-21T23:53:18,124|[TRACE] script - #out(`1`) [token]
2021-11-21T23:53:18,124|[TRACE] graph - <------- nonSkippedChar
2021-11-21T23:53:18,124|[TRACE] graph - <----- statementPart
2021-11-21T23:53:18,124|[TRACE] graph - -----> statementPart
2021-11-21T23:53:18,124|[TRACE] graph - -------> nonSkippedChar
2021-11-21T23:53:18,124|[TRACE] script - #out(`)`) [token]
2021-11-21T23:53:18,124|[TRACE] graph - <------- nonSkippedChar
2021-11-21T23:53:18,124|[TRACE] graph - <----- statementPart
2021-11-21T23:53:18,124|[TRACE] graph - -----> statementPart
2021-11-21T23:53:18,125|[TRACE] graph - -------> nonSkippedSpace
2021-11-21T23:53:18,125|[TRACE] script - #out(` `) [token]
2021-11-21T23:53:18,125|[TRACE] graph - <------- nonSkippedSpace
2021-11-21T23:53:18,125|[TRACE] graph - <----- statementPart
2021-11-21T23:53:18,125|[TRACE] graph - -----> statementPart
2021-11-21T23:53:18,125|[TRACE] graph - -------> nonSkippedChar
2021-11-21T23:53:18,125|[TRACE] script - #out(`N`) [token]
2021-11-21T23:53:18,125|[TRACE] graph - <------- nonSkippedChar
2021-11-21T23:53:18,125|[TRACE] graph - <----- statementPart
2021-11-21T23:53:18,125|[TRACE] graph - -----> statementPart
2021-11-21T23:53:18,125|[TRACE] graph - -------> nonSkippedChar
2021-11-21T23:53:18,125|[TRACE] script - #out(`O`) [token]
2021-11-21T23:53:18,125|[TRACE] graph - <------- nonSkippedChar
2021-11-21T23:53:18,125|[TRACE] graph - <----- statementPart
2021-11-21T23:53:18,125|[TRACE] graph - -----> statementPart
2021-11-21T23:53:18,125|[TRACE] graph - -------> nonSkippedChar
2021-11-21T23:53:18,125|[TRACE] script - #out(`T`) [token]
2021-11-21T23:53:18,125|[TRACE] graph - <------- nonSkippedChar
2021-11-21T23:53:18,125|[TRACE] graph - <----- statementPart
2021-11-21T23:53:18,125|[TRACE] graph - -----> statementPart
2021-11-21T23:53:18,125|[TRACE] graph - -------> nonSkippedSpace
2021-11-21T23:53:18,125|[TRACE] script - #out(` `) [token]
2021-11-21T23:53:18,125|[TRACE] graph - <------- nonSkippedSpace
2021-11-21T23:53:18,125|[TRACE] graph - <----- statementPart
2021-11-21T23:53:18,125|[TRACE] graph - -----> statementPart
2021-11-21T23:53:18,125|[TRACE] graph - -------> nonSkippedChar
2021-11-21T23:53:18,125|[TRACE] script - #out(`N`) [token]
2021-11-21T23:53:18,125|[TRACE] graph - <------- nonSkippedChar
2021-11-21T23:53:18,125|[TRACE] graph - <----- statementPart
2021-11-21T23:53:18,125|[TRACE] graph - -----> statementPart
2021-11-21T23:53:18,125|[TRACE] graph - -------> nonSkippedChar
2021-11-21T23:53:18,125|[TRACE] script - #out(`U`) [token]
2021-11-21T23:53:18,125|[TRACE] graph - <------- nonSkippedChar
2021-11-21T23:53:18,125|[TRACE] graph - <----- statementPart
2021-11-21T23:53:18,125|[TRACE] graph - -----> statementPart
2021-11-21T23:53:18,125|[TRACE] graph - -------> nonSkippedChar
2021-11-21T23:53:18,125|[TRACE] script - #out(`L`) [token]
2021-11-21T23:53:18,125|[TRACE] graph - <------- nonSkippedChar
2021-11-21T23:53:18,125|[TRACE] graph - <----- statementPart
2021-11-21T23:53:18,125|[TRACE] graph - -----> statementPart
2021-11-21T23:53:18,125|[TRACE] graph - -------> nonSkippedChar
2021-11-21T23:53:18,125|[TRACE] script - #out(`L`) [token]
2021-11-21T23:53:18,125|[TRACE] graph - <------- nonSkippedChar
2021-11-21T23:53:18,125|[TRACE] graph - <----- statementPart
2021-11-21T23:53:18,125|[TRACE] graph - -----> statementPart
2021-11-21T23:53:18,125|[TRACE] graph - -------> nonSkippedChar
2021-11-21T23:53:18,125|[TRACE] script - #out(`,`) [token]
2021-11-21T23:53:18,125|[TRACE] graph - <------- nonSkippedChar
2021-11-21T23:53:18,125|[TRACE] graph - <----- statementPart
2021-11-21T23:53:18,125|[TRACE] graph - -----> afterStatementPartNewline
2021-11-21T23:53:18,125|[TRACE] script - #out(` `) [text]
2021-11-21T23:53:18,125|[TRACE] graph - <----- afterStatementPartNewline
2021-11-21T23:53:18,125|[TRACE] graph - -----> statementPart
2021-11-21T23:53:18,125|[TRACE] graph - -------> nonSkippedSpace
2021-11-21T23:53:18,125|[TRACE] script - #out(` `) [token]
2021-11-21T23:53:18,125|[TRACE] graph - <------- nonSkippedSpace
2021-11-21T23:53:18,125|[TRACE] graph - <----- statementPart
2021-11-21T23:53:18,125|[TRACE] graph - -----> statementPart
2021-11-21T23:53:18,125|[TRACE] graph - -------> nonSkippedSpace
2021-11-21T23:53:18,125|[TRACE] script - #out(` `) [token]
2021-11-21T23:53:18,125|[TRACE] graph - <------- nonSkippedSpace
2021-11-21T23:53:18,125|[TRACE] graph - <----- statementPart
2021-11-21T23:53:18,125|[TRACE] graph - -----> statementPart
2021-11-21T23:53:18,125|[TRACE] graph - -------> quotedString
2021-11-21T23:53:18,125|[TRACE] script - #out(``created``) [token]
2021-11-21T23:53:18,125|[TRACE] graph - <------- quotedString
2021-11-21T23:53:18,125|[TRACE] graph - <----- statementPart
2021-11-21T23:53:18,125|[TRACE] graph - -----> statementPart
2021-11-21T23:53:18,125|[TRACE] graph - -------> nonSkippedSpace
2021-11-21T23:53:18,125|[TRACE] script - #out(` `) [token]
2021-11-21T23:53:18,125|[TRACE] graph - <------- nonSkippedSpace
2021-11-21T23:53:18,125|[TRACE] graph - <----- statementPart
2021-11-21T23:53:18,125|[TRACE] graph - -----> statementPart
2021-11-21T23:53:18,125|[TRACE] graph - -------> nonSkippedChar
2021-11-21T23:53:18,125|[TRACE] script - #out(`B`) [token]
2021-11-21T23:53:18,125|[TRACE] graph - <------- nonSkippedChar
2021-11-21T23:53:18,125|[TRACE] graph - <----- statementPart
2021-11-21T23:53:18,125|[TRACE] graph - -----> statementPart
2021-11-21T23:53:18,125|[TRACE] graph - -------> nonSkippedChar
2021-11-21T23:53:18,125|[TRACE] script - #out(`I`) [token]
2021-11-21T23:53:18,125|[TRACE] graph - <------- nonSkippedChar
2021-11-21T23:53:18,125|[TRACE] graph - <----- statementPart
2021-11-21T23:53:18,125|[TRACE] graph - -----> statementPart
2021-11-21T23:53:18,125|[TRACE] graph - -------> nonSkippedChar
2021-11-21T23:53:18,125|[TRACE] script - #out(`G`) [token]
2021-11-21T23:53:18,125|[TRACE] graph - <------- nonSkippedChar
2021-11-21T23:53:18,125|[TRACE] graph - <----- statementPart
2021-11-21T23:53:18,125|[TRACE] graph - -----> statementPart
2021-11-21T23:53:18,125|[TRACE] graph - -------> nonSkippedChar
2021-11-21T23:53:18,125|[TRACE] script - #out(`I`) [token]
2021-11-21T23:53:18,125|[TRACE] graph - <------- nonSkippedChar
2021-11-21T23:53:18,125|[TRACE] graph - <----- statementPart
2021-11-21T23:53:18,125|[TRACE] graph - -----> statementPart
2021-11-21T23:53:18,125|[TRACE] graph - -------> nonSkippedChar
2021-11-21T23:53:18,125|[TRACE] script - #out(`N`) [token]
2021-11-21T23:53:18,125|[TRACE] graph - <------- nonSkippedChar
2021-11-21T23:53:18,125|[TRACE] graph - <----- statementPart
2021-11-21T23:53:18,125|[TRACE] graph - -----> statementPart
2021-11-21T23:53:18,125|[TRACE] graph - -------> nonSkippedChar
2021-11-21T23:53:18,125|[TRACE] script - #out(`T`) [token]
2021-11-21T23:53:18,125|[TRACE] graph - <------- nonSkippedChar
2021-11-21T23:53:18,125|[TRACE] graph - <----- statementPart
2021-11-21T23:53:18,125|[TRACE] graph - -----> statementPart
2021-11-21T23:53:18,125|[TRACE] graph - -------> nonSkippedSpace
2021-11-21T23:53:18,126|[TRACE] script - #out(` `) [token]
2021-11-21T23:53:18,126|[TRACE] graph - <------- nonSkippedSpace
2021-11-21T23:53:18,126|[TRACE] graph - <----- statementPart
2021-11-21T23:53:18,126|[TRACE] graph - -----> statementPart
2021-11-21T23:53:18,126|[TRACE] graph - -------> nonSkippedChar
2021-11-21T23:53:18,126|[TRACE] script - #out(`N`) [token]
2021-11-21T23:53:18,126|[TRACE] graph - <------- nonSkippedChar
2021-11-21T23:53:18,126|[TRACE] graph - <----- statementPart
2021-11-21T23:53:18,126|[TRACE] graph - -----> statementPart
2021-11-21T23:53:18,126|[TRACE] graph - -------> nonSkippedChar
2021-11-21T23:53:18,126|[TRACE] script - #out(`O`) [token]
2021-11-21T23:53:18,126|[TRACE] graph - <------- nonSkippedChar
2021-11-21T23:53:18,126|[TRACE] graph - <----- statementPart
2021-11-21T23:53:18,126|[TRACE] graph - -----> statementPart
2021-11-21T23:53:18,126|[TRACE] graph - -------> nonSkippedChar
2021-11-21T23:53:18,126|[TRACE] script - #out(`T`) [token]
2021-11-21T23:53:18,126|[TRACE] graph - <------- nonSkippedChar
2021-11-21T23:53:18,126|[TRACE] graph - <----- statementPart
2021-11-21T23:53:18,126|[TRACE] graph - -----> statementPart
2021-11-21T23:53:18,126|[TRACE] graph - -------> nonSkippedSpace
2021-11-21T23:53:18,126|[TRACE] script - #out(` `) [token]
2021-11-21T23:53:18,126|[TRACE] graph - <------- nonSkippedSpace
2021-11-21T23:53:18,126|[TRACE] graph - <----- statementPart
2021-11-21T23:53:18,126|[TRACE] graph - -----> statementPart
2021-11-21T23:53:18,126|[TRACE] graph - -------> nonSkippedChar
2021-11-21T23:53:18,126|[TRACE] script - #out(`N`) [token]
2021-11-21T23:53:18,126|[TRACE] graph - <------- nonSkippedChar
2021-11-21T23:53:18,126|[TRACE] graph - <----- statementPart
2021-11-21T23:53:18,126|[TRACE] graph - -----> statementPart
2021-11-21T23:53:18,126|[TRACE] graph - -------> nonSkippedChar
2021-11-21T23:53:18,126|[TRACE] script - #out(`U`) [token]
2021-11-21T23:53:18,126|[TRACE] graph - <------- nonSkippedChar
2021-11-21T23:53:18,126|[TRACE] graph - <----- statementPart
2021-11-21T23:53:18,126|[TRACE] graph - -----> statementPart
2021-11-21T23:53:18,126|[TRACE] graph - -------> nonSkippedChar
2021-11-21T23:53:18,126|[TRACE] script - #out(`L`) [token]
2021-11-21T23:53:18,126|[TRACE] graph - <------- nonSkippedChar
2021-11-21T23:53:18,126|[TRACE] graph - <----- statementPart
2021-11-21T23:53:18,126|[TRACE] graph - -----> statementPart
2021-11-21T23:53:18,126|[TRACE] graph - -------> nonSkippedChar
2021-11-21T23:53:18,126|[TRACE] script - #out(`L`) [token]
2021-11-21T23:53:18,126|[TRACE] graph - <------- nonSkippedChar
2021-11-21T23:53:18,126|[TRACE] graph - <----- statementPart
2021-11-21T23:53:18,126|[TRACE] graph - -----> statementPart
2021-11-21T23:53:18,126|[TRACE] graph - -------> nonSkippedSpace
2021-11-21T23:53:18,126|[TRACE] script - #out(` `) [token]
2021-11-21T23:53:18,126|[TRACE] graph - <------- nonSkippedSpace
2021-11-21T23:53:18,126|[TRACE] graph - <----- statementPart
2021-11-21T23:53:18,126|[TRACE] graph - -----> statementPart
2021-11-21T23:53:18,126|[TRACE] graph - -------> nonSkippedChar
2021-11-21T23:53:18,126|[TRACE] script - #out(`D`) [token]
2021-11-21T23:53:18,126|[TRACE] graph - <------- nonSkippedChar
2021-11-21T23:53:18,126|[TRACE] graph - <----- statementPart
2021-11-21T23:53:18,126|[TRACE] graph - -----> statementPart
2021-11-21T23:53:18,126|[TRACE] graph - -------> nonSkippedChar
2021-11-21T23:53:18,126|[TRACE] script - #out(`E`) [token]
2021-11-21T23:53:18,126|[TRACE] graph - <------- nonSkippedChar
2021-11-21T23:53:18,126|[TRACE] graph - <----- statementPart
2021-11-21T23:53:18,126|[TRACE] graph - -----> statementPart
2021-11-21T23:53:18,126|[TRACE] graph - -------> nonSkippedChar
2021-11-21T23:53:18,126|[TRACE] script - #out(`F`) [token]
2021-11-21T23:53:18,126|[TRACE] graph - <------- nonSkippedChar
2021-11-21T23:53:18,126|[TRACE] graph - <----- statementPart
2021-11-21T23:53:18,127|[TRACE] graph - -----> statementPart
2021-11-21T23:53:18,127|[TRACE] graph - -------> nonSkippedChar
2021-11-21T23:53:18,127|[TRACE] script - #out(`A`) [token]
2021-11-21T23:53:18,127|[TRACE] graph - <------- nonSkippedChar
2021-11-21T23:53:18,127|[TRACE] graph - <----- statementPart
2021-11-21T23:53:18,127|[TRACE] graph - -----> statementPart
2021-11-21T23:53:18,127|[TRACE] graph - -------> nonSkippedChar
2021-11-21T23:53:18,127|[TRACE] script - #out(`U`) [token]
2021-11-21T23:53:18,127|[TRACE] graph - <------- nonSkippedChar
2021-11-21T23:53:18,127|[TRACE] graph - <----- statementPart
2021-11-21T23:53:18,127|[TRACE] graph - -----> statementPart
2021-11-21T23:53:18,127|[TRACE] graph - -------> nonSkippedChar
2021-11-21T23:53:18,127|[TRACE] script - #out(`L`) [token]
2021-11-21T23:53:18,127|[TRACE] graph - <------- nonSkippedChar
2021-11-21T23:53:18,127|[TRACE] graph - <----- statementPart
2021-11-21T23:53:18,127|[TRACE] graph - -----> statementPart
2021-11-21T23:53:18,127|[TRACE] graph - -------> nonSkippedChar
2021-11-21T23:53:18,127|[TRACE] script - #out(`T`) [token]
2021-11-21T23:53:18,127|[TRACE] graph - <------- nonSkippedChar
2021-11-21T23:53:18,127|[TRACE] graph - <----- statementPart
2021-11-21T23:53:18,127|[TRACE] graph - -----> statementPart
2021-11-21T23:53:18,127|[TRACE] graph - -------> nonSkippedSpace
2021-11-21T23:53:18,127|[TRACE] script - #out(` `) [token]
2021-11-21T23:53:18,127|[TRACE] graph - <------- nonSkippedSpace
2021-11-21T23:53:18,127|[TRACE] graph - <----- statementPart
2021-11-21T23:53:18,127|[TRACE] graph - -----> statementPart
2021-11-21T23:53:18,127|[TRACE] graph - -------> nonSkippedChar
2021-11-21T23:53:18,127|[TRACE] script - #out(`(`) [token]
2021-11-21T23:53:18,127|[TRACE] graph - <------- nonSkippedChar
2021-11-21T23:53:18,127|[TRACE] graph - <----- statementPart
2021-11-21T23:53:18,127|[TRACE] graph - -----> statementPart
2021-11-21T23:53:18,127|[TRACE] graph - -------> nonSkippedChar
2021-11-21T23:53:18,127|[TRACE] script - #out(`u`) [token]
2021-11-21T23:53:18,127|[TRACE] graph - <------- nonSkippedChar
2021-11-21T23:53:18,127|[TRACE] graph - <----- statementPart
2021-11-21T23:53:18,127|[TRACE] graph - -----> statementPart
2021-11-21T23:53:18,127|[TRACE] graph - -------> nonSkippedChar
2021-11-21T23:53:18,127|[TRACE] script - #out(`n`) [token]
2021-11-21T23:53:18,127|[TRACE] graph - <------- nonSkippedChar
2021-11-21T23:53:18,127|[TRACE] graph - <----- statementPart
2021-11-21T23:53:18,127|[TRACE] graph - -----> statementPart
2021-11-21T23:53:18,127|[TRACE] graph - -------> nonSkippedChar
2021-11-21T23:53:18,127|[TRACE] script - #out(`i`) [token]
2021-11-21T23:53:18,127|[TRACE] graph - <------- nonSkippedChar
2021-11-21T23:53:18,127|[TRACE] graph - <----- statementPart
2021-11-21T23:53:18,127|[TRACE] graph - -----> statementPart
2021-11-21T23:53:18,127|[TRACE] graph - -------> nonSkippedChar
2021-11-21T23:53:18,127|[TRACE] script - #out(`x`) [token]
2021-11-21T23:53:18,127|[TRACE] graph - <------- nonSkippedChar
2021-11-21T23:53:18,127|[TRACE] graph - <----- statementPart
2021-11-21T23:53:18,127|[TRACE] graph - -----> statementPart
2021-11-21T23:53:18,127|[TRACE] graph - -------> nonSkippedChar
2021-11-21T23:53:18,127|[TRACE] script - #out(`_`) [token]
2021-11-21T23:53:18,127|[TRACE] graph - <------- nonSkippedChar
2021-11-21T23:53:18,127|[TRACE] graph - <----- statementPart
2021-11-21T23:53:18,127|[TRACE] graph - -----> statementPart
2021-11-21T23:53:18,127|[TRACE] graph - -------> nonSkippedChar
2021-11-21T23:53:18,127|[TRACE] script - #out(`t`) [token]
2021-11-21T23:53:18,127|[TRACE] graph - <------- nonSkippedChar
2021-11-21T23:53:18,127|[TRACE] graph - <----- statementPart
2021-11-21T23:53:18,127|[TRACE] graph - -----> statementPart
2021-11-21T23:53:18,127|[TRACE] graph - -------> nonSkippedChar
2021-11-21T23:53:18,127|[TRACE] script - #out(`i`) [token]
2021-11-21T23:53:18,127|[TRACE] graph - <------- nonSkippedChar
2021-11-21T23:53:18,127|[TRACE] graph - <----- statementPart
2021-11-21T23:53:18,127|[TRACE] graph - -----> statementPart
2021-11-21T23:53:18,127|[TRACE] graph - -------> nonSkippedChar
2021-11-21T23:53:18,127|[TRACE] script - #out(`m`) [token]
2021-11-21T23:53:18,127|[TRACE] graph - <------- nonSkippedChar
2021-11-21T23:53:18,127|[TRACE] graph - <----- statementPart
2021-11-21T23:53:18,127|[TRACE] graph - -----> statementPart
2021-11-21T23:53:18,127|[TRACE] graph - -------> nonSkippedChar
2021-11-21T23:53:18,127|[TRACE] script - #out(`e`) [token]
2021-11-21T23:53:18,127|[TRACE] graph - <------- nonSkippedChar
2021-11-21T23:53:18,127|[TRACE] graph - <----- statementPart
2021-11-21T23:53:18,127|[TRACE] graph - -----> statementPart
2021-11-21T23:53:18,127|[TRACE] graph - -------> nonSkippedChar
2021-11-21T23:53:18,127|[TRACE] script - #out(`s`) [token]
2021-11-21T23:53:18,127|[TRACE] graph - <------- nonSkippedChar
2021-11-21T23:53:18,127|[TRACE] graph - <----- statementPart
2021-11-21T23:53:18,127|[TRACE] graph - -----> statementPart
2021-11-21T23:53:18,127|[TRACE] graph - -------> nonSkippedChar
2021-11-21T23:53:18,127|[TRACE] script - #out(`t`) [token]
2021-11-21T23:53:18,127|[TRACE] graph - <------- nonSkippedChar
2021-11-21T23:53:18,127|[TRACE] graph - <----- statementPart
2021-11-21T23:53:18,127|[TRACE] graph - -----> statementPart
2021-11-21T23:53:18,127|[TRACE] graph - -------> nonSkippedChar
2021-11-21T23:53:18,127|[TRACE] script - #out(`a`) [token]
2021-11-21T23:53:18,127|[TRACE] graph - <------- nonSkippedChar
2021-11-21T23:53:18,127|[TRACE] graph - <----- statementPart
2021-11-21T23:53:18,127|[TRACE] graph - -----> statementPart
2021-11-21T23:53:18,127|[TRACE] graph - -------> nonSkippedChar
2021-11-21T23:53:18,127|[TRACE] script - #out(`m`) [token]
2021-11-21T23:53:18,127|[TRACE] graph - <------- nonSkippedChar
2021-11-21T23:53:18,127|[TRACE] graph - <----- statementPart
2021-11-21T23:53:18,127|[TRACE] graph - -----> statementPart
2021-11-21T23:53:18,127|[TRACE] graph - -------> nonSkippedChar
2021-11-21T23:53:18,127|[TRACE] script - #out(`p`) [token]
2021-11-21T23:53:18,127|[TRACE] graph - <------- nonSkippedChar
2021-11-21T23:53:18,127|[TRACE] graph - <----- statementPart
2021-11-21T23:53:18,127|[TRACE] graph - -----> statementPart
2021-11-21T23:53:18,127|[TRACE] graph - -------> nonSkippedChar
2021-11-21T23:53:18,127|[TRACE] script - #out(`(`) [token]
2021-11-21T23:53:18,127|[TRACE] graph - <------- nonSkippedChar
2021-11-21T23:53:18,127|[TRACE] graph - <----- statementPart
2021-11-21T23:53:18,127|[TRACE] graph - -----> statementPart
2021-11-21T23:53:18,127|[TRACE] graph - -------> nonSkippedChar
2021-11-21T23:53:18,127|[TRACE] script - #out(`n`) [token]
2021-11-21T23:53:18,127|[TRACE] graph - <------- nonSkippedChar
2021-11-21T23:53:18,127|[TRACE] graph - <----- statementPart
2021-11-21T23:53:18,127|[TRACE] graph - -----> statementPart
2021-11-21T23:53:18,127|[TRACE] graph - -------> nonSkippedChar
2021-11-21T23:53:18,127|[TRACE] script - #out(`o`) [token]
2021-11-21T23:53:18,127|[TRACE] graph - <------- nonSkippedChar
2021-11-21T23:53:18,127|[TRACE] graph - <----- statementPart
2021-11-21T23:53:18,127|[TRACE] graph - -----> statementPart
2021-11-21T23:53:18,127|[TRACE] graph - -------> nonSkippedChar
2021-11-21T23:53:18,127|[TRACE] script - #out(`w`) [token]
2021-11-21T23:53:18,127|[TRACE] graph - <------- nonSkippedChar
2021-11-21T23:53:18,127|[TRACE] graph - <----- statementPart
2021-11-21T23:53:18,128|[TRACE] graph - -----> statementPart
2021-11-21T23:53:18,128|[TRACE] graph - -------> nonSkippedChar
2021-11-21T23:53:18,128|[TRACE] script - #out(`(`) [token]
2021-11-21T23:53:18,128|[TRACE] graph - <------- nonSkippedChar
2021-11-21T23:53:18,128|[TRACE] graph - <----- statementPart
2021-11-21T23:53:18,128|[TRACE] graph - -----> statementPart
2021-11-21T23:53:18,128|[TRACE] graph - -------> nonSkippedChar
2021-11-21T23:53:18,128|[TRACE] script - #out(`)`) [token]
2021-11-21T23:53:18,128|[TRACE] graph - <------- nonSkippedChar
2021-11-21T23:53:18,128|[TRACE] graph - <----- statementPart
2021-11-21T23:53:18,128|[TRACE] graph - -----> statementPart
2021-11-21T23:53:18,128|[TRACE] graph - -------> nonSkippedChar
2021-11-21T23:53:18,128|[TRACE] script - #out(`)`) [token]
2021-11-21T23:53:18,128|[TRACE] graph - <------- nonSkippedChar
2021-11-21T23:53:18,128|[TRACE] graph - <----- statementPart
2021-11-21T23:53:18,128|[TRACE] graph - -----> statementPart
2021-11-21T23:53:18,128|[TRACE] graph - -------> nonSkippedSpace
2021-11-21T23:53:18,128|[TRACE] script - #out(` `) [token]
2021-11-21T23:53:18,128|[TRACE] graph - <------- nonSkippedSpace
2021-11-21T23:53:18,128|[TRACE] graph - <----- statementPart
2021-11-21T23:53:18,128|[TRACE] graph - -----> statementPart
2021-11-21T23:53:18,128|[TRACE] graph - -------> nonSkippedChar
2021-11-21T23:53:18,128|[TRACE] script - #out(`*`) [token]
2021-11-21T23:53:18,128|[TRACE] graph - <------- nonSkippedChar
2021-11-21T23:53:18,128|[TRACE] graph - <----- statementPart
2021-11-21T23:53:18,128|[TRACE] graph - -----> statementPart
2021-11-21T23:53:18,128|[TRACE] graph - -------> nonSkippedSpace
2021-11-21T23:53:18,128|[TRACE] script - #out(` `) [token]
2021-11-21T23:53:18,128|[TRACE] graph - <------- nonSkippedSpace
2021-11-21T23:53:18,128|[TRACE] graph - <----- statementPart
2021-11-21T23:53:18,128|[TRACE] graph - -----> statementPart
2021-11-21T23:53:18,128|[TRACE] graph - -------> nonSkippedChar
2021-11-21T23:53:18,128|[TRACE] script - #out(`1`) [token]
2021-11-21T23:53:18,128|[TRACE] graph - <------- nonSkippedChar
2021-11-21T23:53:18,128|[TRACE] graph - <----- statementPart
2021-11-21T23:53:18,128|[TRACE] graph - -----> statementPart
2021-11-21T23:53:18,128|[TRACE] graph - -------> nonSkippedChar
2021-11-21T23:53:18,128|[TRACE] script - #out(`0`) [token]
2021-11-21T23:53:18,128|[TRACE] graph - <------- nonSkippedChar
2021-11-21T23:53:18,128|[TRACE] graph - <----- statementPart
2021-11-21T23:53:18,128|[TRACE] graph - -----> statementPart
2021-11-21T23:53:18,128|[TRACE] graph - -------> nonSkippedChar
2021-11-21T23:53:18,128|[TRACE] script - #out(`0`) [token]
2021-11-21T23:53:18,128|[TRACE] graph - <------- nonSkippedChar
2021-11-21T23:53:18,128|[TRACE] graph - <----- statementPart
2021-11-21T23:53:18,128|[TRACE] graph - -----> statementPart
2021-11-21T23:53:18,128|[TRACE] graph - -------> nonSkippedChar
2021-11-21T23:53:18,128|[TRACE] script - #out(`0`) [token]
2021-11-21T23:53:18,128|[TRACE] graph - <------- nonSkippedChar
2021-11-21T23:53:18,128|[TRACE] graph - <----- statementPart
2021-11-21T23:53:18,128|[TRACE] graph - -----> statementPart
2021-11-21T23:53:18,128|[TRACE] graph - -------> nonSkippedChar
2021-11-21T23:53:18,128|[TRACE] script - #out(`)`) [token]
2021-11-21T23:53:18,128|[TRACE] graph - <------- nonSkippedChar
2021-11-21T23:53:18,128|[TRACE] graph - <----- statementPart
2021-11-21T23:53:18,128|[TRACE] graph - -----> statementPart
2021-11-21T23:53:18,128|[TRACE] graph - -------> nonSkippedChar
2021-11-21T23:53:18,128|[TRACE] script - #out(`,`) [token]
2021-11-21T23:53:18,128|[TRACE] graph - <------- nonSkippedChar
2021-11-21T23:53:18,128|[TRACE] graph - <----- statementPart
2021-11-21T23:53:18,128|[TRACE] graph - -----> afterStatementPartNewline
2021-11-21T23:53:18,128|[TRACE] script - #out(` `) [text]
2021-11-21T23:53:18,128|[TRACE] graph - <----- afterStatementPartNewline
2021-11-21T23:53:18,128|[TRACE] graph - -----> statementPart
2021-11-21T23:53:18,128|[TRACE] graph - -------> nonSkippedSpace
2021-11-21T23:53:18,128|[TRACE] script - #out(` `) [token]
2021-11-21T23:53:18,128|[TRACE] graph - <------- nonSkippedSpace
2021-11-21T23:53:18,128|[TRACE] graph - <----- statementPart
2021-11-21T23:53:18,128|[TRACE] graph - -----> statementPart
2021-11-21T23:53:18,128|[TRACE] graph - -------> nonSkippedSpace
2021-11-21T23:53:18,128|[TRACE] script - #out(` `) [token]
2021-11-21T23:53:18,128|[TRACE] graph - <------- nonSkippedSpace
2021-11-21T23:53:18,128|[TRACE] graph - <----- statementPart
2021-11-21T23:53:18,128|[TRACE] graph - -----> statementPart
2021-11-21T23:53:18,128|[TRACE] graph - -------> quotedString
2021-11-21T23:53:18,128|[TRACE] script - #out(``updated``) [token]
2021-11-21T23:53:18,128|[TRACE] graph - <------- quotedString
2021-11-21T23:53:18,128|[TRACE] graph - <----- statementPart
2021-11-21T23:53:18,128|[TRACE] graph - -----> statementPart
2021-11-21T23:53:18,128|[TRACE] graph - -------> nonSkippedSpace
2021-11-21T23:53:18,128|[TRACE] script - #out(` `) [token]
2021-11-21T23:53:18,128|[TRACE] graph - <------- nonSkippedSpace
2021-11-21T23:53:18,128|[TRACE] graph - <----- statementPart
2021-11-21T23:53:18,128|[TRACE] graph - -----> statementPart
2021-11-21T23:53:18,128|[TRACE] graph - -------> nonSkippedChar
2021-11-21T23:53:18,128|[TRACE] script - #out(`B`) [token]
2021-11-21T23:53:18,128|[TRACE] graph - <------- nonSkippedChar
2021-11-21T23:53:18,128|[TRACE] graph - <----- statementPart
2021-11-21T23:53:18,128|[TRACE] graph - -----> statementPart
2021-11-21T23:53:18,128|[TRACE] graph - -------> nonSkippedChar
2021-11-21T23:53:18,128|[TRACE] script - #out(`I`) [token]
2021-11-21T23:53:18,128|[TRACE] graph - <------- nonSkippedChar
2021-11-21T23:53:18,128|[TRACE] graph - <----- statementPart
2021-11-21T23:53:18,128|[TRACE] graph - -----> statementPart
2021-11-21T23:53:18,128|[TRACE] graph - -------> nonSkippedChar
2021-11-21T23:53:18,128|[TRACE] script - #out(`G`) [token]
2021-11-21T23:53:18,128|[TRACE] graph - <------- nonSkippedChar
2021-11-21T23:53:18,128|[TRACE] graph - <----- statementPart
2021-11-21T23:53:18,128|[TRACE] graph - -----> statementPart
2021-11-21T23:53:18,128|[TRACE] graph - -------> nonSkippedChar
2021-11-21T23:53:18,128|[TRACE] script - #out(`I`) [token]
2021-11-21T23:53:18,128|[TRACE] graph - <------- nonSkippedChar
2021-11-21T23:53:18,128|[TRACE] graph - <----- statementPart
2021-11-21T23:53:18,128|[TRACE] graph - -----> statementPart
2021-11-21T23:53:18,128|[TRACE] graph - -------> nonSkippedChar
2021-11-21T23:53:18,128|[TRACE] script - #out(`N`) [token]
2021-11-21T23:53:18,128|[TRACE] graph - <------- nonSkippedChar
2021-11-21T23:53:18,128|[TRACE] graph - <----- statementPart
2021-11-21T23:53:18,128|[TRACE] graph - -----> statementPart
2021-11-21T23:53:18,128|[TRACE] graph - -------> nonSkippedChar
2021-11-21T23:53:18,128|[TRACE] script - #out(`T`) [token]
2021-11-21T23:53:18,128|[TRACE] graph - <------- nonSkippedChar
2021-11-21T23:53:18,128|[TRACE] graph - <----- statementPart
2021-11-21T23:53:18,128|[TRACE] graph - -----> statementPart
2021-11-21T23:53:18,129|[TRACE] graph - -------> nonSkippedSpace
2021-11-21T23:53:18,129|[TRACE] script - #out(` `) [token]
2021-11-21T23:53:18,129|[TRACE] graph - <------- nonSkippedSpace
2021-11-21T23:53:18,129|[TRACE] graph - <----- statementPart
2021-11-21T23:53:18,129|[TRACE] graph - -----> statementPart
2021-11-21T23:53:18,129|[TRACE] graph - -------> nonSkippedChar
2021-11-21T23:53:18,129|[TRACE] script - #out(`N`) [token]
2021-11-21T23:53:18,129|[TRACE] graph - <------- nonSkippedChar
2021-11-21T23:53:18,129|[TRACE] graph - <----- statementPart
2021-11-21T23:53:18,129|[TRACE] graph - -----> statementPart
2021-11-21T23:53:18,129|[TRACE] graph - -------> nonSkippedChar
2021-11-21T23:53:18,129|[TRACE] script - #out(`O`) [token]
2021-11-21T23:53:18,129|[TRACE] graph - <------- nonSkippedChar
2021-11-21T23:53:18,129|[TRACE] graph - <----- statementPart
2021-11-21T23:53:18,129|[TRACE] graph - -----> statementPart
2021-11-21T23:53:18,129|[TRACE] graph - -------> nonSkippedChar
2021-11-21T23:53:18,129|[TRACE] script - #out(`T`) [token]
2021-11-21T23:53:18,129|[TRACE] graph - <------- nonSkippedChar
2021-11-21T23:53:18,129|[TRACE] graph - <----- statementPart
2021-11-21T23:53:18,129|[TRACE] graph - -----> statementPart
2021-11-21T23:53:18,129|[TRACE] graph - -------> nonSkippedSpace
2021-11-21T23:53:18,129|[TRACE] script - #out(` `) [token]
2021-11-21T23:53:18,129|[TRACE] graph - <------- nonSkippedSpace
2021-11-21T23:53:18,129|[TRACE] graph - <----- statementPart
2021-11-21T23:53:18,129|[TRACE] graph - -----> statementPart
2021-11-21T23:53:18,129|[TRACE] graph - -------> nonSkippedChar
2021-11-21T23:53:18,129|[TRACE] script - #out(`N`) [token]
2021-11-21T23:53:18,129|[TRACE] graph - <------- nonSkippedChar
2021-11-21T23:53:18,129|[TRACE] graph - <----- statementPart
2021-11-21T23:53:18,129|[TRACE] graph - -----> statementPart
2021-11-21T23:53:18,129|[TRACE] graph - -------> nonSkippedChar
2021-11-21T23:53:18,129|[TRACE] script - #out(`U`) [token]
2021-11-21T23:53:18,129|[TRACE] graph - <------- nonSkippedChar
2021-11-21T23:53:18,129|[TRACE] graph - <----- statementPart
2021-11-21T23:53:18,129|[TRACE] graph - -----> statementPart
2021-11-21T23:53:18,129|[TRACE] graph - -------> nonSkippedChar
2021-11-21T23:53:18,129|[TRACE] script - #out(`L`) [token]
2021-11-21T23:53:18,129|[TRACE] graph - <------- nonSkippedChar
2021-11-21T23:53:18,129|[TRACE] graph - <----- statementPart
2021-11-21T23:53:18,129|[TRACE] graph - -----> statementPart
2021-11-21T23:53:18,129|[TRACE] graph - -------> nonSkippedChar
2021-11-21T23:53:18,129|[TRACE] script - #out(`L`) [token]
2021-11-21T23:53:18,129|[TRACE] graph - <------- nonSkippedChar
2021-11-21T23:53:18,129|[TRACE] graph - <----- statementPart
2021-11-21T23:53:18,129|[TRACE] graph - -----> statementPart
2021-11-21T23:53:18,129|[TRACE] graph - -------> nonSkippedSpace
2021-11-21T23:53:18,129|[TRACE] script - #out(` `) [token]
2021-11-21T23:53:18,129|[TRACE] graph - <------- nonSkippedSpace
2021-11-21T23:53:18,129|[TRACE] graph - <----- statementPart
2021-11-21T23:53:18,129|[TRACE] graph - -----> statementPart
2021-11-21T23:53:18,129|[TRACE] graph - -------> nonSkippedChar
2021-11-21T23:53:18,129|[TRACE] script - #out(`D`) [token]
2021-11-21T23:53:18,129|[TRACE] graph - <------- nonSkippedChar
2021-11-21T23:53:18,129|[TRACE] graph - <----- statementPart
2021-11-21T23:53:18,129|[TRACE] graph - -----> statementPart
2021-11-21T23:53:18,129|[TRACE] graph - -------> nonSkippedChar
2021-11-21T23:53:18,129|[TRACE] script - #out(`E`) [token]
2021-11-21T23:53:18,129|[TRACE] graph - <------- nonSkippedChar
2021-11-21T23:53:18,129|[TRACE] graph - <----- statementPart
2021-11-21T23:53:18,129|[TRACE] graph - -----> statementPart
2021-11-21T23:53:18,129|[TRACE] graph - -------> nonSkippedChar
2021-11-21T23:53:18,129|[TRACE] script - #out(`F`) [token]
2021-11-21T23:53:18,129|[TRACE] graph - <------- nonSkippedChar
2021-11-21T23:53:18,129|[TRACE] graph - <----- statementPart
2021-11-21T23:53:18,129|[TRACE] graph - -----> statementPart
2021-11-21T23:53:18,129|[TRACE] graph - -------> nonSkippedChar
2021-11-21T23:53:18,129|[TRACE] script - #out(`A`) [token]
2021-11-21T23:53:18,129|[TRACE] graph - <------- nonSkippedChar
2021-11-21T23:53:18,129|[TRACE] graph - <----- statementPart
2021-11-21T23:53:18,129|[TRACE] graph - -----> statementPart
2021-11-21T23:53:18,129|[TRACE] graph - -------> nonSkippedChar
2021-11-21T23:53:18,129|[TRACE] script - #out(`U`) [token]
2021-11-21T23:53:18,129|[TRACE] graph - <------- nonSkippedChar
2021-11-21T23:53:18,129|[TRACE] graph - <----- statementPart
2021-11-21T23:53:18,129|[TRACE] graph - -----> statementPart
2021-11-21T23:53:18,129|[TRACE] graph - -------> nonSkippedChar
2021-11-21T23:53:18,129|[TRACE] script - #out(`L`) [token]
2021-11-21T23:53:18,129|[TRACE] graph - <------- nonSkippedChar
2021-11-21T23:53:18,129|[TRACE] graph - <----- statementPart
2021-11-21T23:53:18,129|[TRACE] graph - -----> statementPart
2021-11-21T23:53:18,129|[TRACE] graph - -------> nonSkippedChar
2021-11-21T23:53:18,129|[TRACE] script - #out(`T`) [token]
2021-11-21T23:53:18,129|[TRACE] graph - <------- nonSkippedChar
2021-11-21T23:53:18,129|[TRACE] graph - <----- statementPart
2021-11-21T23:53:18,129|[TRACE] graph - -----> statementPart
2021-11-21T23:53:18,129|[TRACE] graph - -------> nonSkippedSpace
2021-11-21T23:53:18,129|[TRACE] script - #out(` `) [token]
2021-11-21T23:53:18,129|[TRACE] graph - <------- nonSkippedSpace
2021-11-21T23:53:18,129|[TRACE] graph - <----- statementPart
2021-11-21T23:53:18,129|[TRACE] graph - -----> statementPart
2021-11-21T23:53:18,129|[TRACE] graph - -------> nonSkippedChar
2021-11-21T23:53:18,129|[TRACE] script - #out(`(`) [token]
2021-11-21T23:53:18,129|[TRACE] graph - <------- nonSkippedChar
2021-11-21T23:53:18,129|[TRACE] graph - <----- statementPart
2021-11-21T23:53:18,129|[TRACE] graph - -----> statementPart
2021-11-21T23:53:18,129|[TRACE] graph - -------> nonSkippedChar
2021-11-21T23:53:18,129|[TRACE] script - #out(`u`) [token]
2021-11-21T23:53:18,129|[TRACE] graph - <------- nonSkippedChar
2021-11-21T23:53:18,129|[TRACE] graph - <----- statementPart
2021-11-21T23:53:18,129|[TRACE] graph - -----> statementPart
2021-11-21T23:53:18,129|[TRACE] graph - -------> nonSkippedChar
2021-11-21T23:53:18,129|[TRACE] script - #out(`n`) [token]
2021-11-21T23:53:18,129|[TRACE] graph - <------- nonSkippedChar
2021-11-21T23:53:18,129|[TRACE] graph - <----- statementPart
2021-11-21T23:53:18,129|[TRACE] graph - -----> statementPart
2021-11-21T23:53:18,129|[TRACE] graph - -------> nonSkippedChar
2021-11-21T23:53:18,129|[TRACE] script - #out(`i`) [token]
2021-11-21T23:53:18,129|[TRACE] graph - <------- nonSkippedChar
2021-11-21T23:53:18,129|[TRACE] graph - <----- statementPart
2021-11-21T23:53:18,129|[TRACE] graph - -----> statementPart
2021-11-21T23:53:18,129|[TRACE] graph - -------> nonSkippedChar
2021-11-21T23:53:18,129|[TRACE] script - #out(`x`) [token]
2021-11-21T23:53:18,129|[TRACE] graph - <------- nonSkippedChar
2021-11-21T23:53:18,130|[TRACE] graph - <----- statementPart
2021-11-21T23:53:18,130|[TRACE] graph - -----> statementPart
2021-11-21T23:53:18,130|[TRACE] graph - -------> nonSkippedChar
2021-11-21T23:53:18,130|[TRACE] script - #out(`_`) [token]
2021-11-21T23:53:18,130|[TRACE] graph - <------- nonSkippedChar
2021-11-21T23:53:18,130|[TRACE] graph - <----- statementPart
2021-11-21T23:53:18,130|[TRACE] graph - -----> statementPart
2021-11-21T23:53:18,130|[TRACE] graph - -------> nonSkippedChar
2021-11-21T23:53:18,130|[TRACE] script - #out(`t`) [token]
2021-11-21T23:53:18,130|[TRACE] graph - <------- nonSkippedChar
2021-11-21T23:53:18,130|[TRACE] graph - <----- statementPart
2021-11-21T23:53:18,130|[TRACE] graph - -----> statementPart
2021-11-21T23:53:18,130|[TRACE] graph - -------> nonSkippedChar
2021-11-21T23:53:18,130|[TRACE] script - #out(`i`) [token]
2021-11-21T23:53:18,130|[TRACE] graph - <------- nonSkippedChar
2021-11-21T23:53:18,130|[TRACE] graph - <----- statementPart
2021-11-21T23:53:18,130|[TRACE] graph - -----> statementPart
2021-11-21T23:53:18,130|[TRACE] graph - -------> nonSkippedChar
2021-11-21T23:53:18,130|[TRACE] script - #out(`m`) [token]
2021-11-21T23:53:18,130|[TRACE] graph - <------- nonSkippedChar
2021-11-21T23:53:18,130|[TRACE] graph - <----- statementPart
2021-11-21T23:53:18,130|[TRACE] graph - -----> statementPart
2021-11-21T23:53:18,130|[TRACE] graph - -------> nonSkippedChar
2021-11-21T23:53:18,130|[TRACE] script - #out(`e`) [token]
2021-11-21T23:53:18,130|[TRACE] graph - <------- nonSkippedChar
2021-11-21T23:53:18,130|[TRACE] graph - <----- statementPart
2021-11-21T23:53:18,130|[TRACE] graph - -----> statementPart
2021-11-21T23:53:18,130|[TRACE] graph - -------> nonSkippedChar
2021-11-21T23:53:18,130|[TRACE] script - #out(`s`) [token]
2021-11-21T23:53:18,130|[TRACE] graph - <------- nonSkippedChar
2021-11-21T23:53:18,130|[TRACE] graph - <----- statementPart
2021-11-21T23:53:18,130|[TRACE] graph - -----> statementPart
2021-11-21T23:53:18,130|[TRACE] graph - -------> nonSkippedChar
2021-11-21T23:53:18,130|[TRACE] script - #out(`t`) [token]
2021-11-21T23:53:18,130|[TRACE] graph - <------- nonSkippedChar
2021-11-21T23:53:18,130|[TRACE] graph - <----- statementPart
2021-11-21T23:53:18,130|[TRACE] graph - -----> statementPart
2021-11-21T23:53:18,130|[TRACE] graph - -------> nonSkippedChar
2021-11-21T23:53:18,130|[TRACE] script - #out(`a`) [token]
2021-11-21T23:53:18,130|[TRACE] graph - <------- nonSkippedChar
2021-11-21T23:53:18,130|[TRACE] graph - <----- statementPart
2021-11-21T23:53:18,130|[TRACE] graph - -----> statementPart
2021-11-21T23:53:18,130|[TRACE] graph - -------> nonSkippedChar
2021-11-21T23:53:18,130|[TRACE] script - #out(`m`) [token]
2021-11-21T23:53:18,130|[TRACE] graph - <------- nonSkippedChar
2021-11-21T23:53:18,130|[TRACE] graph - <----- statementPart
2021-11-21T23:53:18,130|[TRACE] graph - -----> statementPart
2021-11-21T23:53:18,130|[TRACE] graph - -------> nonSkippedChar
2021-11-21T23:53:18,130|[TRACE] script - #out(`p`) [token]
2021-11-21T23:53:18,130|[TRACE] graph - <------- nonSkippedChar
2021-11-21T23:53:18,130|[TRACE] graph - <----- statementPart
2021-11-21T23:53:18,130|[TRACE] graph - -----> statementPart
2021-11-21T23:53:18,130|[TRACE] graph - -------> nonSkippedChar
2021-11-21T23:53:18,130|[TRACE] script - #out(`(`) [token]
2021-11-21T23:53:18,130|[TRACE] graph - <------- nonSkippedChar
2021-11-21T23:53:18,130|[TRACE] graph - <----- statementPart
2021-11-21T23:53:18,130|[TRACE] graph - -----> statementPart
2021-11-21T23:53:18,130|[TRACE] graph - -------> nonSkippedChar
2021-11-21T23:53:18,130|[TRACE] script - #out(`n`) [token]
2021-11-21T23:53:18,130|[TRACE] graph - <------- nonSkippedChar
2021-11-21T23:53:18,130|[TRACE] graph - <----- statementPart
2021-11-21T23:53:18,130|[TRACE] graph - -----> statementPart
2021-11-21T23:53:18,130|[TRACE] graph - -------> nonSkippedChar
2021-11-21T23:53:18,130|[TRACE] script - #out(`o`) [token]
2021-11-21T23:53:18,130|[TRACE] graph - <------- nonSkippedChar
2021-11-21T23:53:18,130|[TRACE] graph - <----- statementPart
2021-11-21T23:53:18,130|[TRACE] graph - -----> statementPart
2021-11-21T23:53:18,130|[TRACE] graph - -------> nonSkippedChar
2021-11-21T23:53:18,130|[TRACE] script - #out(`w`) [token]
2021-11-21T23:53:18,130|[TRACE] graph - <------- nonSkippedChar
2021-11-21T23:53:18,130|[TRACE] graph - <----- statementPart
2021-11-21T23:53:18,130|[TRACE] graph - -----> statementPart
2021-11-21T23:53:18,130|[TRACE] graph - -------> nonSkippedChar
2021-11-21T23:53:18,130|[TRACE] script - #out(`(`) [token]
2021-11-21T23:53:18,130|[TRACE] graph - <------- nonSkippedChar
2021-11-21T23:53:18,130|[TRACE] graph - <----- statementPart
2021-11-21T23:53:18,130|[TRACE] graph - -----> statementPart
2021-11-21T23:53:18,130|[TRACE] graph - -------> nonSkippedChar
2021-11-21T23:53:18,130|[TRACE] script - #out(`)`) [token]
2021-11-21T23:53:18,130|[TRACE] graph - <------- nonSkippedChar
2021-11-21T23:53:18,130|[TRACE] graph - <----- statementPart
2021-11-21T23:53:18,130|[TRACE] graph - -----> statementPart
2021-11-21T23:53:18,130|[TRACE] graph - -------> nonSkippedChar
2021-11-21T23:53:18,130|[TRACE] script - #out(`)`) [token]
2021-11-21T23:53:18,130|[TRACE] graph - <------- nonSkippedChar
2021-11-21T23:53:18,130|[TRACE] graph - <----- statementPart
2021-11-21T23:53:18,130|[TRACE] graph - -----> statementPart
2021-11-21T23:53:18,130|[TRACE] graph - -------> nonSkippedSpace
2021-11-21T23:53:18,130|[TRACE] script - #out(` `) [token]
2021-11-21T23:53:18,130|[TRACE] graph - <------- nonSkippedSpace
2021-11-21T23:53:18,130|[TRACE] graph - <----- statementPart
2021-11-21T23:53:18,130|[TRACE] graph - -----> statementPart
2021-11-21T23:53:18,130|[TRACE] graph - -------> nonSkippedChar
2021-11-21T23:53:18,130|[TRACE] script - #out(`*`) [token]
2021-11-21T23:53:18,130|[TRACE] graph - <------- nonSkippedChar
2021-11-21T23:53:18,130|[TRACE] graph - <----- statementPart
2021-11-21T23:53:18,130|[TRACE] graph - -----> statementPart
2021-11-21T23:53:18,130|[TRACE] graph - -------> nonSkippedSpace
2021-11-21T23:53:18,130|[TRACE] script - #out(` `) [token]
2021-11-21T23:53:18,130|[TRACE] graph - <------- nonSkippedSpace
2021-11-21T23:53:18,130|[TRACE] graph - <----- statementPart
2021-11-21T23:53:18,130|[TRACE] graph - -----> statementPart
2021-11-21T23:53:18,130|[TRACE] graph - -------> nonSkippedChar
2021-11-21T23:53:18,130|[TRACE] script - #out(`1`) [token]
2021-11-21T23:53:18,130|[TRACE] graph - <------- nonSkippedChar
2021-11-21T23:53:18,130|[TRACE] graph - <----- statementPart
2021-11-21T23:53:18,130|[TRACE] graph - -----> statementPart
2021-11-21T23:53:18,130|[TRACE] graph - -------> nonSkippedChar
2021-11-21T23:53:18,130|[TRACE] script - #out(`0`) [token]
2021-11-21T23:53:18,130|[TRACE] graph - <------- nonSkippedChar
2021-11-21T23:53:18,130|[TRACE] graph - <----- statementPart
2021-11-21T23:53:18,130|[TRACE] graph - -----> statementPart
2021-11-21T23:53:18,130|[TRACE] graph - -------> nonSkippedChar
2021-11-21T23:53:18,130|[TRACE] script - #out(`0`) [token]
2021-11-21T23:53:18,130|[TRACE] graph - <------- nonSkippedChar
2021-11-21T23:53:18,130|[TRACE] graph - <----- statementPart
2021-11-21T23:53:18,130|[TRACE] graph - -----> statementPart
2021-11-21T23:53:18,130|[TRACE] graph - -------> nonSkippedChar
2021-11-21T23:53:18,130|[TRACE] script - #out(`0`) [token]
2021-11-21T23:53:18,130|[TRACE] graph - <------- nonSkippedChar
2021-11-21T23:53:18,130|[TRACE] graph - <----- statementPart
2021-11-21T23:53:18,130|[TRACE] graph - -----> statementPart
2021-11-21T23:53:18,130|[TRACE] graph - -------> nonSkippedChar
2021-11-21T23:53:18,130|[TRACE] script - #out(`)`) [token]
2021-11-21T23:53:18,130|[TRACE] graph - <------- nonSkippedChar
2021-11-21T23:53:18,130|[TRACE] graph - <----- statementPart
2021-11-21T23:53:18,130|[TRACE] graph - -----> statementPart
2021-11-21T23:53:18,130|[TRACE] graph - -------> nonSkippedChar
2021-11-21T23:53:18,130|[TRACE] script - #out(`,`) [token]
2021-11-21T23:53:18,130|[TRACE] graph - <------- nonSkippedChar
2021-11-21T23:53:18,130|[TRACE] graph - <----- statementPart
2021-11-21T23:53:18,130|[TRACE] graph - -----> afterStatementPartNewline
2021-11-21T23:53:18,130|[TRACE] script - #out(` `) [text]
2021-11-21T23:53:18,130|[TRACE] graph - <----- afterStatementPartNewline
2021-11-21T23:53:18,130|[TRACE] graph - -----> statementPart
2021-11-21T23:53:18,131|[TRACE] graph - -------> nonSkippedSpace
2021-11-21T23:53:18,131|[TRACE] script - #out(` `) [token]
2021-11-21T23:53:18,131|[TRACE] graph - <------- nonSkippedSpace
2021-11-21T23:53:18,131|[TRACE] graph - <----- statementPart
2021-11-21T23:53:18,131|[TRACE] graph - -----> statementPart
2021-11-21T23:53:18,131|[TRACE] graph - -------> nonSkippedSpace
2021-11-21T23:53:18,131|[TRACE] script - #out(` `) [token]
2021-11-21T23:53:18,131|[TRACE] graph - <------- nonSkippedSpace
2021-11-21T23:53:18,131|[TRACE] graph - <----- statementPart
2021-11-21T23:53:18,131|[TRACE] graph - -----> statementPart
2021-11-21T23:53:18,131|[TRACE] graph - -------> quotedString
2021-11-21T23:53:18,131|[TRACE] script - #out(``version``) [token]
2021-11-21T23:53:18,131|[TRACE] graph - <------- quotedString
2021-11-21T23:53:18,131|[TRACE] graph - <----- statementPart
2021-11-21T23:53:18,131|[TRACE] graph - -----> statementPart
2021-11-21T23:53:18,131|[TRACE] graph - -------> nonSkippedSpace
2021-11-21T23:53:18,131|[TRACE] script - #out(` `) [token]
2021-11-21T23:53:18,131|[TRACE] graph - <------- nonSkippedSpace
2021-11-21T23:53:18,131|[TRACE] graph - <----- statementPart
2021-11-21T23:53:18,131|[TRACE] graph - -----> statementPart
2021-11-21T23:53:18,131|[TRACE] graph - -------> nonSkippedChar
2021-11-21T23:53:18,131|[TRACE] script - #out(`I`) [token]
2021-11-21T23:53:18,131|[TRACE] graph - <------- nonSkippedChar
2021-11-21T23:53:18,131|[TRACE] graph - <----- statementPart
2021-11-21T23:53:18,131|[TRACE] graph - -----> statementPart
2021-11-21T23:53:18,131|[TRACE] graph - -------> nonSkippedChar
2021-11-21T23:53:18,131|[TRACE] script - #out(`N`) [token]
2021-11-21T23:53:18,131|[TRACE] graph - <------- nonSkippedChar
2021-11-21T23:53:18,131|[TRACE] graph - <----- statementPart
2021-11-21T23:53:18,131|[TRACE] graph - -----> statementPart
2021-11-21T23:53:18,131|[TRACE] graph - -------> nonSkippedChar
2021-11-21T23:53:18,131|[TRACE] script - #out(`T`) [token]
2021-11-21T23:53:18,131|[TRACE] graph - <------- nonSkippedChar
2021-11-21T23:53:18,131|[TRACE] graph - <----- statementPart
2021-11-21T23:53:18,131|[TRACE] graph - -----> statementPart
2021-11-21T23:53:18,131|[TRACE] graph - -------> nonSkippedSpace
2021-11-21T23:53:18,131|[TRACE] script - #out(` `) [token]
2021-11-21T23:53:18,131|[TRACE] graph - <------- nonSkippedSpace
2021-11-21T23:53:18,131|[TRACE] graph - <----- statementPart
2021-11-21T23:53:18,131|[TRACE] graph - -----> statementPart
2021-11-21T23:53:18,131|[TRACE] graph - -------> nonSkippedChar
2021-11-21T23:53:18,131|[TRACE] script - #out(`N`) [token]
2021-11-21T23:53:18,131|[TRACE] graph - <------- nonSkippedChar
2021-11-21T23:53:18,131|[TRACE] graph - <----- statementPart
2021-11-21T23:53:18,131|[TRACE] graph - -----> statementPart
2021-11-21T23:53:18,131|[TRACE] graph - -------> nonSkippedChar
2021-11-21T23:53:18,131|[TRACE] script - #out(`O`) [token]
2021-11-21T23:53:18,131|[TRACE] graph - <------- nonSkippedChar
2021-11-21T23:53:18,131|[TRACE] graph - <----- statementPart
2021-11-21T23:53:18,131|[TRACE] graph - -----> statementPart
2021-11-21T23:53:18,131|[TRACE] graph - -------> nonSkippedChar
2021-11-21T23:53:18,131|[TRACE] script - #out(`T`) [token]
2021-11-21T23:53:18,131|[TRACE] graph - <------- nonSkippedChar
2021-11-21T23:53:18,131|[TRACE] graph - <----- statementPart
2021-11-21T23:53:18,131|[TRACE] graph - -----> statementPart
2021-11-21T23:53:18,131|[TRACE] graph - -------> nonSkippedSpace
2021-11-21T23:53:18,131|[TRACE] script - #out(` `) [token]
2021-11-21T23:53:18,131|[TRACE] graph - <------- nonSkippedSpace
2021-11-21T23:53:18,131|[TRACE] graph - <----- statementPart
2021-11-21T23:53:18,131|[TRACE] graph - -----> statementPart
2021-11-21T23:53:18,131|[TRACE] graph - -------> nonSkippedChar
2021-11-21T23:53:18,131|[TRACE] script - #out(`N`) [token]
2021-11-21T23:53:18,131|[TRACE] graph - <------- nonSkippedChar
2021-11-21T23:53:18,131|[TRACE] graph - <----- statementPart
2021-11-21T23:53:18,131|[TRACE] graph - -----> statementPart
2021-11-21T23:53:18,131|[TRACE] graph - -------> nonSkippedChar
2021-11-21T23:53:18,131|[TRACE] script - #out(`U`) [token]
2021-11-21T23:53:18,131|[TRACE] graph - <------- nonSkippedChar
2021-11-21T23:53:18,131|[TRACE] graph - <----- statementPart
2021-11-21T23:53:18,131|[TRACE] graph - -----> statementPart
2021-11-21T23:53:18,131|[TRACE] graph - -------> nonSkippedChar
2021-11-21T23:53:18,131|[TRACE] script - #out(`L`) [token]
2021-11-21T23:53:18,131|[TRACE] graph - <------- nonSkippedChar
2021-11-21T23:53:18,131|[TRACE] graph - <----- statementPart
2021-11-21T23:53:18,131|[TRACE] graph - -----> statementPart
2021-11-21T23:53:18,131|[TRACE] graph - -------> nonSkippedChar
2021-11-21T23:53:18,131|[TRACE] script - #out(`L`) [token]
2021-11-21T23:53:18,131|[TRACE] graph - <------- nonSkippedChar
2021-11-21T23:53:18,131|[TRACE] graph - <----- statementPart
2021-11-21T23:53:18,131|[TRACE] graph - -----> statementPart
2021-11-21T23:53:18,131|[TRACE] graph - -------> nonSkippedSpace
2021-11-21T23:53:18,131|[TRACE] script - #out(` `) [token]
2021-11-21T23:53:18,131|[TRACE] graph - <------- nonSkippedSpace
2021-11-21T23:53:18,131|[TRACE] graph - <----- statementPart
2021-11-21T23:53:18,131|[TRACE] graph - -----> statementPart
2021-11-21T23:53:18,131|[TRACE] graph - -------> nonSkippedChar
2021-11-21T23:53:18,131|[TRACE] script - #out(`D`) [token]
2021-11-21T23:53:18,132|[TRACE] graph - <------- nonSkippedChar
2021-11-21T23:53:18,132|[TRACE] graph - <----- statementPart
2021-11-21T23:53:18,132|[TRACE] graph - -----> statementPart
2021-11-21T23:53:18,132|[TRACE] graph - -------> nonSkippedChar
2021-11-21T23:53:18,132|[TRACE] script - #out(`E`) [token]
2021-11-21T23:53:18,132|[TRACE] graph - <------- nonSkippedChar
2021-11-21T23:53:18,132|[TRACE] graph - <----- statementPart
2021-11-21T23:53:18,132|[TRACE] graph - -----> statementPart
2021-11-21T23:53:18,132|[TRACE] graph - -------> nonSkippedChar
2021-11-21T23:53:18,132|[TRACE] script - #out(`F`) [token]
2021-11-21T23:53:18,132|[TRACE] graph - <------- nonSkippedChar
2021-11-21T23:53:18,132|[TRACE] graph - <----- statementPart
2021-11-21T23:53:18,132|[TRACE] graph - -----> statementPart
2021-11-21T23:53:18,132|[TRACE] graph - -------> nonSkippedChar
2021-11-21T23:53:18,132|[TRACE] script - #out(`A`) [token]
2021-11-21T23:53:18,132|[TRACE] graph - <------- nonSkippedChar
2021-11-21T23:53:18,132|[TRACE] graph - <----- statementPart
2021-11-21T23:53:18,132|[TRACE] graph - -----> statementPart
2021-11-21T23:53:18,132|[TRACE] graph - -------> nonSkippedChar
2021-11-21T23:53:18,132|[TRACE] script - #out(`U`) [token]
2021-11-21T23:53:18,132|[TRACE] graph - <------- nonSkippedChar
2021-11-21T23:53:18,132|[TRACE] graph - <----- statementPart
2021-11-21T23:53:18,132|[TRACE] graph - -----> statementPart
2021-11-21T23:53:18,132|[TRACE] graph - -------> nonSkippedChar
2021-11-21T23:53:18,132|[TRACE] script - #out(`L`) [token]
2021-11-21T23:53:18,132|[TRACE] graph - <------- nonSkippedChar
2021-11-21T23:53:18,132|[TRACE] graph - <----- statementPart
2021-11-21T23:53:18,132|[TRACE] graph - -----> statementPart
2021-11-21T23:53:18,132|[TRACE] graph - -------> nonSkippedChar
2021-11-21T23:53:18,132|[TRACE] script - #out(`T`) [token]
2021-11-21T23:53:18,132|[TRACE] graph - <------- nonSkippedChar
2021-11-21T23:53:18,132|[TRACE] graph - <----- statementPart
2021-11-21T23:53:18,132|[TRACE] graph - -----> statementPart
2021-11-21T23:53:18,132|[TRACE] graph - -------> nonSkippedSpace
2021-11-21T23:53:18,132|[TRACE] script - #out(` `) [token]
2021-11-21T23:53:18,132|[TRACE] graph - <------- nonSkippedSpace
2021-11-21T23:53:18,132|[TRACE] graph - <----- statementPart
2021-11-21T23:53:18,132|[TRACE] graph - -----> statementPart
2021-11-21T23:53:18,132|[TRACE] graph - -------> nonSkippedChar
2021-11-21T23:53:18,132|[TRACE] script - #out(`1`) [token]
2021-11-21T23:53:18,132|[TRACE] graph - <------- nonSkippedChar
2021-11-21T23:53:18,132|[TRACE] graph - <----- statementPart
2021-11-21T23:53:18,132|[TRACE] graph - -----> statementPart
2021-11-21T23:53:18,132|[TRACE] graph - -------> nonSkippedChar
2021-11-21T23:53:18,132|[TRACE] script - #out(`,`) [token]
2021-11-21T23:53:18,132|[TRACE] graph - <------- nonSkippedChar
2021-11-21T23:53:18,132|[TRACE] graph - <----- statementPart
2021-11-21T23:53:18,132|[TRACE] graph - -----> afterStatementPartNewline
2021-11-21T23:53:18,132|[TRACE] script - #out(` `) [text]
2021-11-21T23:53:18,132|[TRACE] graph - <----- afterStatementPartNewline
2021-11-21T23:53:18,132|[TRACE] graph - -----> statementPart
2021-11-21T23:53:18,132|[TRACE] graph - -------> nonSkippedSpace
2021-11-21T23:53:18,132|[TRACE] script - #out(` `) [token]
2021-11-21T23:53:18,132|[TRACE] graph - <------- nonSkippedSpace
2021-11-21T23:53:18,132|[TRACE] graph - <----- statementPart
2021-11-21T23:53:18,132|[TRACE] graph - -----> statementPart
2021-11-21T23:53:18,132|[TRACE] graph - -------> nonSkippedSpace
2021-11-21T23:53:18,132|[TRACE] script - #out(` `) [token]
2021-11-21T23:53:18,132|[TRACE] graph - <------- nonSkippedSpace
2021-11-21T23:53:18,132|[TRACE] graph - <----- statementPart
2021-11-21T23:53:18,132|[TRACE] graph - -----> statementPart
2021-11-21T23:53:18,132|[TRACE] graph - -------> nonSkippedChar
2021-11-21T23:53:18,132|[TRACE] script - #out(`P`) [token]
2021-11-21T23:53:18,132|[TRACE] graph - <------- nonSkippedChar
2021-11-21T23:53:18,132|[TRACE] graph - <----- statementPart
2021-11-21T23:53:18,132|[TRACE] graph - -----> statementPart
2021-11-21T23:53:18,132|[TRACE] graph - -------> nonSkippedChar
2021-11-21T23:53:18,132|[TRACE] script - #out(`R`) [token]
2021-11-21T23:53:18,132|[TRACE] graph - <------- nonSkippedChar
2021-11-21T23:53:18,132|[TRACE] graph - <----- statementPart
2021-11-21T23:53:18,132|[TRACE] graph - -----> statementPart
2021-11-21T23:53:18,132|[TRACE] graph - -------> nonSkippedChar
2021-11-21T23:53:18,132|[TRACE] script - #out(`I`) [token]
2021-11-21T23:53:18,132|[TRACE] graph - <------- nonSkippedChar
2021-11-21T23:53:18,132|[TRACE] graph - <----- statementPart
2021-11-21T23:53:18,132|[TRACE] graph - -----> statementPart
2021-11-21T23:53:18,132|[TRACE] graph - -------> nonSkippedChar
2021-11-21T23:53:18,132|[TRACE] script - #out(`M`) [token]
2021-11-21T23:53:18,132|[TRACE] graph - <------- nonSkippedChar
2021-11-21T23:53:18,132|[TRACE] graph - <----- statementPart
2021-11-21T23:53:18,132|[TRACE] graph - -----> statementPart
2021-11-21T23:53:18,132|[TRACE] graph - -------> nonSkippedChar
2021-11-21T23:53:18,132|[TRACE] script - #out(`A`) [token]
2021-11-21T23:53:18,132|[TRACE] graph - <------- nonSkippedChar
2021-11-21T23:53:18,132|[TRACE] graph - <----- statementPart
2021-11-21T23:53:18,132|[TRACE] graph - -----> statementPart
2021-11-21T23:53:18,132|[TRACE] graph - -------> nonSkippedChar
2021-11-21T23:53:18,132|[TRACE] script - #out(`R`) [token]
2021-11-21T23:53:18,132|[TRACE] graph - <------- nonSkippedChar
2021-11-21T23:53:18,132|[TRACE] graph - <----- statementPart
2021-11-21T23:53:18,132|[TRACE] graph - -----> statementPart
2021-11-21T23:53:18,132|[TRACE] graph - -------> nonSkippedChar
2021-11-21T23:53:18,132|[TRACE] script - #out(`Y`) [token]
2021-11-21T23:53:18,132|[TRACE] graph - <------- nonSkippedChar
2021-11-21T23:53:18,132|[TRACE] graph - <----- statementPart
2021-11-21T23:53:18,132|[TRACE] graph - -----> statementPart
2021-11-21T23:53:18,132|[TRACE] graph - -------> nonSkippedSpace
2021-11-21T23:53:18,132|[TRACE] script - #out(` `) [token]
2021-11-21T23:53:18,132|[TRACE] graph - <------- nonSkippedSpace
2021-11-21T23:53:18,132|[TRACE] graph - <----- statementPart
2021-11-21T23:53:18,132|[TRACE] graph - -----> statementPart
2021-11-21T23:53:18,132|[TRACE] graph - -------> nonSkippedChar
2021-11-21T23:53:18,132|[TRACE] script - #out(`K`) [token]
2021-11-21T23:53:18,132|[TRACE] graph - <------- nonSkippedChar
2021-11-21T23:53:18,132|[TRACE] graph - <----- statementPart
2021-11-21T23:53:18,132|[TRACE] graph - -----> statementPart
2021-11-21T23:53:18,132|[TRACE] graph - -------> nonSkippedChar
2021-11-21T23:53:18,132|[TRACE] script - #out(`E`) [token]
2021-11-21T23:53:18,132|[TRACE] graph - <------- nonSkippedChar
2021-11-21T23:53:18,132|[TRACE] graph - <----- statementPart
2021-11-21T23:53:18,132|[TRACE] graph - -----> statementPart
2021-11-21T23:53:18,132|[TRACE] graph - -------> nonSkippedChar
2021-11-21T23:53:18,132|[TRACE] script - #out(`Y`) [token]
2021-11-21T23:53:18,132|[TRACE] graph - <------- nonSkippedChar
2021-11-21T23:53:18,132|[TRACE] graph - <----- statementPart
2021-11-21T23:53:18,132|[TRACE] graph - -----> statementPart
2021-11-21T23:53:18,132|[TRACE] graph - -------> nonSkippedSpace
2021-11-21T23:53:18,132|[TRACE] script - #out(` `) [token]
2021-11-21T23:53:18,132|[TRACE] graph - <------- nonSkippedSpace
2021-11-21T23:53:18,132|[TRACE] graph - <----- statementPart
2021-11-21T23:53:18,132|[TRACE] graph - -----> statementPart
2021-11-21T23:53:18,132|[TRACE] graph - -------> nonSkippedChar
2021-11-21T23:53:18,132|[TRACE] script - #out(`(`) [token]
2021-11-21T23:53:18,132|[TRACE] graph - <------- nonSkippedChar
2021-11-21T23:53:18,132|[TRACE] graph - <----- statementPart
2021-11-21T23:53:18,132|[TRACE] graph - -----> statementPart
2021-11-21T23:53:18,132|[TRACE] graph - -------> quotedString
2021-11-21T23:53:18,132|[TRACE] script - #out(``donation_id``) [token]
2021-11-21T23:53:18,132|[TRACE] graph - <------- quotedString
2021-11-21T23:53:18,132|[TRACE] graph - <----- statementPart
2021-11-21T23:53:18,132|[TRACE] graph - -----> statementPart
2021-11-21T23:53:18,132|[TRACE] graph - -------> nonSkippedChar
2021-11-21T23:53:18,133|[TRACE] script - #out(`)`) [token]
2021-11-21T23:53:18,133|[TRACE] graph - <------- nonSkippedChar
2021-11-21T23:53:18,133|[TRACE] graph - <----- statementPart
2021-11-21T23:53:18,133|[TRACE] graph - -----> statementPart
2021-11-21T23:53:18,133|[TRACE] graph - -------> nonSkippedChar
2021-11-21T23:53:18,133|[TRACE] script - #out(`,`) [token]
2021-11-21T23:53:18,133|[TRACE] graph - <------- nonSkippedChar
2021-11-21T23:53:18,133|[TRACE] graph - <----- statementPart
2021-11-21T23:53:18,133|[TRACE] graph - -----> afterStatementPartNewline
2021-11-21T23:53:18,133|[TRACE] script - #out(` `) [text]
2021-11-21T23:53:18,133|[TRACE] graph - <----- afterStatementPartNewline
2021-11-21T23:53:18,133|[TRACE] graph - -----> statementPart
2021-11-21T23:53:18,133|[TRACE] graph - -------> nonSkippedSpace
2021-11-21T23:53:18,133|[TRACE] script - #out(` `) [token]
2021-11-21T23:53:18,133|[TRACE] graph - <------- nonSkippedSpace
2021-11-21T23:53:18,133|[TRACE] graph - <----- statementPart
2021-11-21T23:53:18,133|[TRACE] graph - -----> statementPart
2021-11-21T23:53:18,133|[TRACE] graph - -------> nonSkippedSpace
2021-11-21T23:53:18,133|[TRACE] script - #out(` `) [token]
2021-11-21T23:53:18,133|[TRACE] graph - <------- nonSkippedSpace
2021-11-21T23:53:18,133|[TRACE] graph - <----- statementPart
2021-11-21T23:53:18,133|[TRACE] graph - -----> statementPart
2021-11-21T23:53:18,133|[TRACE] graph - -------> nonSkippedChar
2021-11-21T23:53:18,133|[TRACE] script - #out(`I`) [token]
2021-11-21T23:53:18,133|[TRACE] graph - <------- nonSkippedChar
2021-11-21T23:53:18,133|[TRACE] graph - <----- statementPart
2021-11-21T23:53:18,133|[TRACE] graph - -----> statementPart
2021-11-21T23:53:18,133|[TRACE] graph - -------> nonSkippedChar
2021-11-21T23:53:18,133|[TRACE] script - #out(`N`) [token]
2021-11-21T23:53:18,133|[TRACE] graph - <------- nonSkippedChar
2021-11-21T23:53:18,133|[TRACE] graph - <----- statementPart
2021-11-21T23:53:18,133|[TRACE] graph - -----> statementPart
2021-11-21T23:53:18,133|[TRACE] graph - -------> nonSkippedChar
2021-11-21T23:53:18,133|[TRACE] script - #out(`D`) [token]
2021-11-21T23:53:18,133|[TRACE] graph - <------- nonSkippedChar
2021-11-21T23:53:18,133|[TRACE] graph - <----- statementPart
2021-11-21T23:53:18,133|[TRACE] graph - -----> statementPart
2021-11-21T23:53:18,133|[TRACE] graph - -------> nonSkippedChar
2021-11-21T23:53:18,133|[TRACE] script - #out(`E`) [token]
2021-11-21T23:53:18,133|[TRACE] graph - <------- nonSkippedChar
2021-11-21T23:53:18,133|[TRACE] graph - <----- statementPart
2021-11-21T23:53:18,133|[TRACE] graph - -----> statementPart
2021-11-21T23:53:18,133|[TRACE] graph - -------> nonSkippedChar
2021-11-21T23:53:18,133|[TRACE] script - #out(`X`) [token]
2021-11-21T23:53:18,133|[TRACE] graph - <------- nonSkippedChar
2021-11-21T23:53:18,133|[TRACE] graph - <----- statementPart
2021-11-21T23:53:18,133|[TRACE] graph - -----> statementPart
2021-11-21T23:53:18,133|[TRACE] graph - -------> nonSkippedSpace
2021-11-21T23:53:18,133|[TRACE] script - #out(` `) [token]
2021-11-21T23:53:18,133|[TRACE] graph - <------- nonSkippedSpace
2021-11-21T23:53:18,133|[TRACE] graph - <----- statementPart
2021-11-21T23:53:18,133|[TRACE] graph - -----> statementPart
2021-11-21T23:53:18,133|[TRACE] graph - -------> quotedString
2021-11-21T23:53:18,133|[TRACE] script - #out(``fk_blood_donation_blood_bank1_idx``) [token]
2021-11-21T23:53:18,133|[TRACE] graph - <------- quotedString
2021-11-21T23:53:18,133|[TRACE] graph - <----- statementPart
2021-11-21T23:53:18,133|[TRACE] graph - -----> statementPart
2021-11-21T23:53:18,133|[TRACE] graph - -------> nonSkippedSpace
2021-11-21T23:53:18,133|[TRACE] script - #out(` `) [token]
2021-11-21T23:53:18,133|[TRACE] graph - <------- nonSkippedSpace
2021-11-21T23:53:18,133|[TRACE] graph - <----- statementPart
2021-11-21T23:53:18,133|[TRACE] graph - -----> statementPart
2021-11-21T23:53:18,133|[TRACE] graph - -------> nonSkippedChar
2021-11-21T23:53:18,133|[TRACE] script - #out(`(`) [token]
2021-11-21T23:53:18,133|[TRACE] graph - <------- nonSkippedChar
2021-11-21T23:53:18,133|[TRACE] graph - <----- statementPart
2021-11-21T23:53:18,133|[TRACE] graph - -----> statementPart
2021-11-21T23:53:18,133|[TRACE] graph - -------> quotedString
2021-11-21T23:53:18,133|[TRACE] script - #out(``bank_id``) [token]
2021-11-21T23:53:18,133|[TRACE] graph - <------- quotedString
2021-11-21T23:53:18,133|[TRACE] graph - <----- statementPart
2021-11-21T23:53:18,133|[TRACE] graph - -----> statementPart
2021-11-21T23:53:18,133|[TRACE] graph - -------> nonSkippedSpace
2021-11-21T23:53:18,133|[TRACE] script - #out(` `) [token]
2021-11-21T23:53:18,133|[TRACE] graph - <------- nonSkippedSpace
2021-11-21T23:53:18,133|[TRACE] graph - <----- statementPart
2021-11-21T23:53:18,133|[TRACE] graph - -----> statementPart
2021-11-21T23:53:18,133|[TRACE] graph - -------> nonSkippedChar
2021-11-21T23:53:18,133|[TRACE] script - #out(`A`) [token]
2021-11-21T23:53:18,133|[TRACE] graph - <------- nonSkippedChar
2021-11-21T23:53:18,133|[TRACE] graph - <----- statementPart
2021-11-21T23:53:18,133|[TRACE] graph - -----> statementPart
2021-11-21T23:53:18,133|[TRACE] graph - -------> nonSkippedChar
2021-11-21T23:53:18,133|[TRACE] script - #out(`S`) [token]
2021-11-21T23:53:18,133|[TRACE] graph - <------- nonSkippedChar
2021-11-21T23:53:18,133|[TRACE] graph - <----- statementPart
2021-11-21T23:53:18,133|[TRACE] graph - -----> statementPart
2021-11-21T23:53:18,133|[TRACE] graph - -------> nonSkippedChar
2021-11-21T23:53:18,133|[TRACE] script - #out(`C`) [token]
2021-11-21T23:53:18,133|[TRACE] graph - <------- nonSkippedChar
2021-11-21T23:53:18,133|[TRACE] graph - <----- statementPart
2021-11-21T23:53:18,133|[TRACE] graph - -----> statementPart
2021-11-21T23:53:18,133|[TRACE] graph - -------> nonSkippedChar
2021-11-21T23:53:18,133|[TRACE] script - #out(`)`) [token]
2021-11-21T23:53:18,133|[TRACE] graph - <------- nonSkippedChar
2021-11-21T23:53:18,133|[TRACE] graph - <----- statementPart
2021-11-21T23:53:18,133|[TRACE] graph - -----> statementPart
2021-11-21T23:53:18,133|[TRACE] graph - -------> nonSkippedSpace
2021-11-21T23:53:18,133|[TRACE] script - #out(` `) [token]
2021-11-21T23:53:18,133|[TRACE] graph - <------- nonSkippedSpace
2021-11-21T23:53:18,133|[TRACE] graph - <----- statementPart
2021-11-21T23:53:18,133|[TRACE] graph - -----> statementPart
2021-11-21T23:53:18,133|[TRACE] graph - -------> nonSkippedChar
2021-11-21T23:53:18,133|[TRACE] script - #out(`V`) [token]
2021-11-21T23:53:18,133|[TRACE] graph - <------- nonSkippedChar
2021-11-21T23:53:18,133|[TRACE] graph - <----- statementPart
2021-11-21T23:53:18,133|[TRACE] graph - -----> statementPart
2021-11-21T23:53:18,133|[TRACE] graph - -------> nonSkippedChar
2021-11-21T23:53:18,133|[TRACE] script - #out(`I`) [token]
2021-11-21T23:53:18,133|[TRACE] graph - <------- nonSkippedChar
2021-11-21T23:53:18,133|[TRACE] graph - <----- statementPart
2021-11-21T23:53:18,133|[TRACE] graph - -----> statementPart
2021-11-21T23:53:18,133|[TRACE] graph - -------> nonSkippedChar
2021-11-21T23:53:18,133|[TRACE] script - #out(`S`) [token]
2021-11-21T23:53:18,133|[TRACE] graph - <------- nonSkippedChar
2021-11-21T23:53:18,133|[TRACE] graph - <----- statementPart
2021-11-21T23:53:18,133|[TRACE] graph - -----> statementPart
2021-11-21T23:53:18,133|[TRACE] graph - -------> nonSkippedChar
2021-11-21T23:53:18,133|[TRACE] script - #out(`I`) [token]
2021-11-21T23:53:18,133|[TRACE] graph - <------- nonSkippedChar
2021-11-21T23:53:18,133|[TRACE] graph - <----- statementPart
2021-11-21T23:53:18,133|[TRACE] graph - -----> statementPart
2021-11-21T23:53:18,133|[TRACE] graph - -------> nonSkippedChar
2021-11-21T23:53:18,133|[TRACE] script - #out(`B`) [token]
2021-11-21T23:53:18,133|[TRACE] graph - <------- nonSkippedChar
2021-11-21T23:53:18,133|[TRACE] graph - <----- statementPart
2021-11-21T23:53:18,133|[TRACE] graph - -----> statementPart
2021-11-21T23:53:18,133|[TRACE] graph - -------> nonSkippedChar
2021-11-21T23:53:18,133|[TRACE] script - #out(`L`) [token]
2021-11-21T23:53:18,133|[TRACE] graph - <------- nonSkippedChar
2021-11-21T23:53:18,133|[TRACE] graph - <----- statementPart
2021-11-21T23:53:18,133|[TRACE] graph - -----> statementPart
2021-11-21T23:53:18,133|[TRACE] graph - -------> nonSkippedChar
2021-11-21T23:53:18,133|[TRACE] script - #out(`E`) [token]
2021-11-21T23:53:18,133|[TRACE] graph - <------- nonSkippedChar
2021-11-21T23:53:18,133|[TRACE] graph - <----- statementPart
2021-11-21T23:53:18,133|[TRACE] graph - -----> statementPart
2021-11-21T23:53:18,133|[TRACE] graph - -------> nonSkippedChar
2021-11-21T23:53:18,133|[TRACE] script - #out(`,`) [token]
2021-11-21T23:53:18,133|[TRACE] graph - <------- nonSkippedChar
2021-11-21T23:53:18,133|[TRACE] graph - <----- statementPart
2021-11-21T23:53:18,133|[TRACE] graph - -----> afterStatementPartNewline
2021-11-21T23:53:18,134|[TRACE] script - #out(` `) [text]
2021-11-21T23:53:18,134|[TRACE] graph - <----- afterStatementPartNewline
2021-11-21T23:53:18,134|[TRACE] graph - -----> statementPart
2021-11-21T23:53:18,134|[TRACE] graph - -------> nonSkippedSpace
2021-11-21T23:53:18,134|[TRACE] script - #out(` `) [token]
2021-11-21T23:53:18,134|[TRACE] graph - <------- nonSkippedSpace
2021-11-21T23:53:18,134|[TRACE] graph - <----- statementPart
2021-11-21T23:53:18,134|[TRACE] graph - -----> statementPart
2021-11-21T23:53:18,134|[TRACE] graph - -------> nonSkippedSpace
2021-11-21T23:53:18,134|[TRACE] script - #out(` `) [token]
2021-11-21T23:53:18,134|[TRACE] graph - <------- nonSkippedSpace
2021-11-21T23:53:18,134|[TRACE] graph - <----- statementPart
2021-11-21T23:53:18,134|[TRACE] graph - -----> statementPart
2021-11-21T23:53:18,134|[TRACE] graph - -------> nonSkippedChar
2021-11-21T23:53:18,134|[TRACE] script - #out(`C`) [token]
2021-11-21T23:53:18,134|[TRACE] graph - <------- nonSkippedChar
2021-11-21T23:53:18,134|[TRACE] graph - <----- statementPart
2021-11-21T23:53:18,134|[TRACE] graph - -----> statementPart
2021-11-21T23:53:18,134|[TRACE] graph - -------> nonSkippedChar
2021-11-21T23:53:18,134|[TRACE] script - #out(`O`) [token]
2021-11-21T23:53:18,134|[TRACE] graph - <------- nonSkippedChar
2021-11-21T23:53:18,134|[TRACE] graph - <----- statementPart
2021-11-21T23:53:18,134|[TRACE] graph - -----> statementPart
2021-11-21T23:53:18,134|[TRACE] graph - -------> nonSkippedChar
2021-11-21T23:53:18,134|[TRACE] script - #out(`N`) [token]
2021-11-21T23:53:18,134|[TRACE] graph - <------- nonSkippedChar
2021-11-21T23:53:18,134|[TRACE] graph - <----- statementPart
2021-11-21T23:53:18,134|[TRACE] graph - -----> statementPart
2021-11-21T23:53:18,134|[TRACE] graph - -------> nonSkippedChar
2021-11-21T23:53:18,134|[TRACE] script - #out(`S`) [token]
2021-11-21T23:53:18,134|[TRACE] graph - <------- nonSkippedChar
2021-11-21T23:53:18,134|[TRACE] graph - <----- statementPart
2021-11-21T23:53:18,134|[TRACE] graph - -----> statementPart
2021-11-21T23:53:18,134|[TRACE] graph - -------> nonSkippedChar
2021-11-21T23:53:18,134|[TRACE] script - #out(`T`) [token]
2021-11-21T23:53:18,134|[TRACE] graph - <------- nonSkippedChar
2021-11-21T23:53:18,134|[TRACE] graph - <----- statementPart
2021-11-21T23:53:18,134|[TRACE] graph - -----> statementPart
2021-11-21T23:53:18,134|[TRACE] graph - -------> nonSkippedChar
2021-11-21T23:53:18,134|[TRACE] script - #out(`R`) [token]
2021-11-21T23:53:18,134|[TRACE] graph - <------- nonSkippedChar
2021-11-21T23:53:18,134|[TRACE] graph - <----- statementPart
2021-11-21T23:53:18,134|[TRACE] graph - -----> statementPart
2021-11-21T23:53:18,134|[TRACE] graph - -------> nonSkippedChar
2021-11-21T23:53:18,134|[TRACE] script - #out(`A`) [token]
2021-11-21T23:53:18,134|[TRACE] graph - <------- nonSkippedChar
2021-11-21T23:53:18,134|[TRACE] graph - <----- statementPart
2021-11-21T23:53:18,134|[TRACE] graph - -----> statementPart
2021-11-21T23:53:18,134|[TRACE] graph - -------> nonSkippedChar
2021-11-21T23:53:18,134|[TRACE] script - #out(`I`) [token]
2021-11-21T23:53:18,134|[TRACE] graph - <------- nonSkippedChar
2021-11-21T23:53:18,134|[TRACE] graph - <----- statementPart
2021-11-21T23:53:18,134|[TRACE] graph - -----> statementPart
2021-11-21T23:53:18,134|[TRACE] graph - -------> nonSkippedChar
2021-11-21T23:53:18,134|[TRACE] script - #out(`N`) [token]
2021-11-21T23:53:18,134|[TRACE] graph - <------- nonSkippedChar
2021-11-21T23:53:18,134|[TRACE] graph - <----- statementPart
2021-11-21T23:53:18,134|[TRACE] graph - -----> statementPart
2021-11-21T23:53:18,134|[TRACE] graph - -------> nonSkippedChar
2021-11-21T23:53:18,134|[TRACE] script - #out(`T`) [token]
2021-11-21T23:53:18,134|[TRACE] graph - <------- nonSkippedChar
2021-11-21T23:53:18,134|[TRACE] graph - <----- statementPart
2021-11-21T23:53:18,134|[TRACE] graph - -----> statementPart
2021-11-21T23:53:18,134|[TRACE] graph - -------> nonSkippedSpace
2021-11-21T23:53:18,134|[TRACE] script - #out(` `) [token]
2021-11-21T23:53:18,134|[TRACE] graph - <------- nonSkippedSpace
2021-11-21T23:53:18,134|[TRACE] graph - <----- statementPart
2021-11-21T23:53:18,134|[TRACE] graph - -----> statementPart
2021-11-21T23:53:18,134|[TRACE] graph - -------> quotedString
2021-11-21T23:53:18,134|[TRACE] script - #out(``fk_blood_donation_blood_bank1``) [token]
2021-11-21T23:53:18,134|[TRACE] graph - <------- quotedString
2021-11-21T23:53:18,134|[TRACE] graph - <----- statementPart
2021-11-21T23:53:18,134|[TRACE] graph - -----> afterStatementPartNewline
2021-11-21T23:53:18,134|[TRACE] script - #out(` `) [text]
2021-11-21T23:53:18,134|[TRACE] graph - <----- afterStatementPartNewline
2021-11-21T23:53:18,134|[TRACE] graph - -----> statementPart
2021-11-21T23:53:18,134|[TRACE] graph - -------> nonSkippedSpace
2021-11-21T23:53:18,134|[TRACE] script - #out(` `) [token]
2021-11-21T23:53:18,134|[TRACE] graph - <------- nonSkippedSpace
2021-11-21T23:53:18,134|[TRACE] graph - <----- statementPart
2021-11-21T23:53:18,134|[TRACE] graph - -----> statementPart
2021-11-21T23:53:18,134|[TRACE] graph - -------> nonSkippedSpace
2021-11-21T23:53:18,134|[TRACE] script - #out(` `) [token]
2021-11-21T23:53:18,134|[TRACE] graph - <------- nonSkippedSpace
2021-11-21T23:53:18,134|[TRACE] graph - <----- statementPart
2021-11-21T23:53:18,134|[TRACE] graph - -----> statementPart
2021-11-21T23:53:18,134|[TRACE] graph - -------> nonSkippedSpace
2021-11-21T23:53:18,134|[TRACE] script - #out(` `) [token]
2021-11-21T23:53:18,134|[TRACE] graph - <------- nonSkippedSpace
2021-11-21T23:53:18,134|[TRACE] graph - <----- statementPart
2021-11-21T23:53:18,134|[TRACE] graph - -----> statementPart
2021-11-21T23:53:18,134|[TRACE] graph - -------> nonSkippedSpace
2021-11-21T23:53:18,134|[TRACE] script - #out(` `) [token]
2021-11-21T23:53:18,134|[TRACE] graph - <------- nonSkippedSpace
2021-11-21T23:53:18,134|[TRACE] graph - <----- statementPart
2021-11-21T23:53:18,134|[TRACE] graph - -----> statementPart
2021-11-21T23:53:18,134|[TRACE] graph - -------> nonSkippedChar
2021-11-21T23:53:18,134|[TRACE] script - #out(`F`) [token]
2021-11-21T23:53:18,134|[TRACE] graph - <------- nonSkippedChar
2021-11-21T23:53:18,134|[TRACE] graph - <----- statementPart
2021-11-21T23:53:18,134|[TRACE] graph - -----> statementPart
2021-11-21T23:53:18,134|[TRACE] graph - -------> nonSkippedChar
2021-11-21T23:53:18,134|[TRACE] script - #out(`O`) [token]
2021-11-21T23:53:18,134|[TRACE] graph - <------- nonSkippedChar
2021-11-21T23:53:18,134|[TRACE] graph - <----- statementPart
2021-11-21T23:53:18,134|[TRACE] graph - -----> statementPart
2021-11-21T23:53:18,134|[TRACE] graph - -------> nonSkippedChar
2021-11-21T23:53:18,134|[TRACE] script - #out(`R`) [token]
2021-11-21T23:53:18,134|[TRACE] graph - <------- nonSkippedChar
2021-11-21T23:53:18,134|[TRACE] graph - <----- statementPart
2021-11-21T23:53:18,134|[TRACE] graph - -----> statementPart
2021-11-21T23:53:18,134|[TRACE] graph - -------> nonSkippedChar
2021-11-21T23:53:18,134|[TRACE] script - #out(`E`) [token]
2021-11-21T23:53:18,134|[TRACE] graph - <------- nonSkippedChar
2021-11-21T23:53:18,134|[TRACE] graph - <----- statementPart
2021-11-21T23:53:18,134|[TRACE] graph - -----> statementPart
2021-11-21T23:53:18,134|[TRACE] graph - -------> nonSkippedChar
2021-11-21T23:53:18,134|[TRACE] script - #out(`I`) [token]
2021-11-21T23:53:18,134|[TRACE] graph - <------- nonSkippedChar
2021-11-21T23:53:18,134|[TRACE] graph - <----- statementPart
2021-11-21T23:53:18,134|[TRACE] graph - -----> statementPart
2021-11-21T23:53:18,134|[TRACE] graph - -------> nonSkippedChar
2021-11-21T23:53:18,135|[TRACE] script - #out(`G`) [token]
2021-11-21T23:53:18,135|[TRACE] graph - <------- nonSkippedChar
2021-11-21T23:53:18,135|[TRACE] graph - <----- statementPart
2021-11-21T23:53:18,135|[TRACE] graph - -----> statementPart
2021-11-21T23:53:18,135|[TRACE] graph - -------> nonSkippedChar
2021-11-21T23:53:18,135|[TRACE] script - #out(`N`) [token]
2021-11-21T23:53:18,135|[TRACE] graph - <------- nonSkippedChar
2021-11-21T23:53:18,135|[TRACE] graph - <----- statementPart
2021-11-21T23:53:18,135|[TRACE] graph - -----> statementPart
2021-11-21T23:53:18,135|[TRACE] graph - -------> nonSkippedSpace
2021-11-21T23:53:18,135|[TRACE] script - #out(` `) [token]
2021-11-21T23:53:18,135|[TRACE] graph - <------- nonSkippedSpace
2021-11-21T23:53:18,135|[TRACE] graph - <----- statementPart
2021-11-21T23:53:18,135|[TRACE] graph - -----> statementPart
2021-11-21T23:53:18,135|[TRACE] graph - -------> nonSkippedChar
2021-11-21T23:53:18,135|[TRACE] script - #out(`K`) [token]
2021-11-21T23:53:18,135|[TRACE] graph - <------- nonSkippedChar
2021-11-21T23:53:18,135|[TRACE] graph - <----- statementPart
2021-11-21T23:53:18,135|[TRACE] graph - -----> statementPart
2021-11-21T23:53:18,135|[TRACE] graph - -------> nonSkippedChar
2021-11-21T23:53:18,135|[TRACE] script - #out(`E`) [token]
2021-11-21T23:53:18,135|[TRACE] graph - <------- nonSkippedChar
2021-11-21T23:53:18,135|[TRACE] graph - <----- statementPart
2021-11-21T23:53:18,135|[TRACE] graph - -----> statementPart
2021-11-21T23:53:18,135|[TRACE] graph - -------> nonSkippedChar
2021-11-21T23:53:18,135|[TRACE] script - #out(`Y`) [token]
2021-11-21T23:53:18,135|[TRACE] graph - <------- nonSkippedChar
2021-11-21T23:53:18,135|[TRACE] graph - <----- statementPart
2021-11-21T23:53:18,135|[TRACE] graph - -----> statementPart
2021-11-21T23:53:18,135|[TRACE] graph - -------> nonSkippedSpace
2021-11-21T23:53:18,135|[TRACE] script - #out(` `) [token]
2021-11-21T23:53:18,135|[TRACE] graph - <------- nonSkippedSpace
2021-11-21T23:53:18,135|[TRACE] graph - <----- statementPart
2021-11-21T23:53:18,135|[TRACE] graph - -----> statementPart
2021-11-21T23:53:18,135|[TRACE] graph - -------> nonSkippedChar
2021-11-21T23:53:18,135|[TRACE] script - #out(`(`) [token]
2021-11-21T23:53:18,135|[TRACE] graph - <------- nonSkippedChar
2021-11-21T23:53:18,135|[TRACE] graph - <----- statementPart
2021-11-21T23:53:18,135|[TRACE] graph - -----> statementPart
2021-11-21T23:53:18,135|[TRACE] graph - -------> quotedString
2021-11-21T23:53:18,135|[TRACE] script - #out(``bank_id``) [token]
2021-11-21T23:53:18,135|[TRACE] graph - <------- quotedString
2021-11-21T23:53:18,135|[TRACE] graph - <----- statementPart
2021-11-21T23:53:18,135|[TRACE] graph - -----> statementPart
2021-11-21T23:53:18,135|[TRACE] graph - -------> nonSkippedChar
2021-11-21T23:53:18,135|[TRACE] script - #out(`)`) [token]
2021-11-21T23:53:18,135|[TRACE] graph - <------- nonSkippedChar
2021-11-21T23:53:18,135|[TRACE] graph - <----- statementPart
2021-11-21T23:53:18,135|[TRACE] graph - -----> afterStatementPartNewline
2021-11-21T23:53:18,135|[TRACE] script - #out(` `) [text]
2021-11-21T23:53:18,135|[TRACE] graph - <----- afterStatementPartNewline
2021-11-21T23:53:18,135|[TRACE] graph - -----> statementPart
2021-11-21T23:53:18,135|[TRACE] graph - -------> nonSkippedSpace
2021-11-21T23:53:18,135|[TRACE] script - #out(` `) [token]
2021-11-21T23:53:18,135|[TRACE] graph - <------- nonSkippedSpace
2021-11-21T23:53:18,135|[TRACE] graph - <----- statementPart
2021-11-21T23:53:18,135|[TRACE] graph - -----> statementPart
2021-11-21T23:53:18,135|[TRACE] graph - -------> nonSkippedSpace
2021-11-21T23:53:18,135|[TRACE] script - #out(` `) [token]
2021-11-21T23:53:18,135|[TRACE] graph - <------- nonSkippedSpace
2021-11-21T23:53:18,135|[TRACE] graph - <----- statementPart
2021-11-21T23:53:18,135|[TRACE] graph - -----> statementPart
2021-11-21T23:53:18,135|[TRACE] graph - -------> nonSkippedSpace
2021-11-21T23:53:18,135|[TRACE] script - #out(` `) [token]
2021-11-21T23:53:18,135|[TRACE] graph - <------- nonSkippedSpace
2021-11-21T23:53:18,135|[TRACE] graph - <----- statementPart
2021-11-21T23:53:18,135|[TRACE] graph - -----> statementPart
2021-11-21T23:53:18,135|[TRACE] graph - -------> nonSkippedSpace
2021-11-21T23:53:18,135|[TRACE] script - #out(` `) [token]
2021-11-21T23:53:18,135|[TRACE] graph - <------- nonSkippedSpace
2021-11-21T23:53:18,135|[TRACE] graph - <----- statementPart
2021-11-21T23:53:18,135|[TRACE] graph - -----> statementPart
2021-11-21T23:53:18,135|[TRACE] graph - -------> nonSkippedChar
2021-11-21T23:53:18,135|[TRACE] script - #out(`R`) [token]
2021-11-21T23:53:18,135|[TRACE] graph - <------- nonSkippedChar
2021-11-21T23:53:18,135|[TRACE] graph - <----- statementPart
2021-11-21T23:53:18,135|[TRACE] graph - -----> statementPart
2021-11-21T23:53:18,135|[TRACE] graph - -------> nonSkippedChar
2021-11-21T23:53:18,135|[TRACE] script - #out(`E`) [token]
2021-11-21T23:53:18,135|[TRACE] graph - <------- nonSkippedChar
2021-11-21T23:53:18,135|[TRACE] graph - <----- statementPart
2021-11-21T23:53:18,135|[TRACE] graph - -----> statementPart
2021-11-21T23:53:18,135|[TRACE] graph - -------> nonSkippedChar
2021-11-21T23:53:18,135|[TRACE] script - #out(`F`) [token]
2021-11-21T23:53:18,135|[TRACE] graph - <------- nonSkippedChar
2021-11-21T23:53:18,135|[TRACE] graph - <----- statementPart
2021-11-21T23:53:18,135|[TRACE] graph - -----> statementPart
2021-11-21T23:53:18,135|[TRACE] graph - -------> nonSkippedChar
2021-11-21T23:53:18,135|[TRACE] script - #out(`E`) [token]
2021-11-21T23:53:18,135|[TRACE] graph - <------- nonSkippedChar
2021-11-21T23:53:18,135|[TRACE] graph - <----- statementPart
2021-11-21T23:53:18,135|[TRACE] graph - -----> statementPart
2021-11-21T23:53:18,135|[TRACE] graph - -------> nonSkippedChar
2021-11-21T23:53:18,135|[TRACE] script - #out(`R`) [token]
2021-11-21T23:53:18,135|[TRACE] graph - <------- nonSkippedChar
2021-11-21T23:53:18,135|[TRACE] graph - <----- statementPart
2021-11-21T23:53:18,135|[TRACE] graph - -----> statementPart
2021-11-21T23:53:18,135|[TRACE] graph - -------> nonSkippedChar
2021-11-21T23:53:18,135|[TRACE] script - #out(`E`) [token]
2021-11-21T23:53:18,135|[TRACE] graph - <------- nonSkippedChar
2021-11-21T23:53:18,135|[TRACE] graph - <----- statementPart
2021-11-21T23:53:18,135|[TRACE] graph - -----> statementPart
2021-11-21T23:53:18,135|[TRACE] graph - -------> nonSkippedChar
2021-11-21T23:53:18,135|[TRACE] script - #out(`N`) [token]
2021-11-21T23:53:18,135|[TRACE] graph - <------- nonSkippedChar
2021-11-21T23:53:18,136|[TRACE] graph - <----- statementPart
2021-11-21T23:53:18,136|[TRACE] graph - -----> statementPart
2021-11-21T23:53:18,136|[TRACE] graph - -------> nonSkippedChar
2021-11-21T23:53:18,136|[TRACE] script - #out(`C`) [token]
2021-11-21T23:53:18,136|[TRACE] graph - <------- nonSkippedChar
2021-11-21T23:53:18,136|[TRACE] graph - <----- statementPart
2021-11-21T23:53:18,136|[TRACE] graph - -----> statementPart
2021-11-21T23:53:18,136|[TRACE] graph - -------> nonSkippedChar
2021-11-21T23:53:18,136|[TRACE] script - #out(`E`) [token]
2021-11-21T23:53:18,136|[TRACE] graph - <------- nonSkippedChar
2021-11-21T23:53:18,136|[TRACE] graph - <----- statementPart
2021-11-21T23:53:18,136|[TRACE] graph - -----> statementPart
2021-11-21T23:53:18,136|[TRACE] graph - -------> nonSkippedChar
2021-11-21T23:53:18,136|[TRACE] script - #out(`S`) [token]
2021-11-21T23:53:18,136|[TRACE] graph - <------- nonSkippedChar
2021-11-21T23:53:18,136|[TRACE] graph - <----- statementPart
2021-11-21T23:53:18,136|[TRACE] graph - -----> statementPart
2021-11-21T23:53:18,136|[TRACE] graph - -------> nonSkippedSpace
2021-11-21T23:53:18,136|[TRACE] script - #out(` `) [token]
2021-11-21T23:53:18,136|[TRACE] graph - <------- nonSkippedSpace
2021-11-21T23:53:18,136|[TRACE] graph - <----- statementPart
2021-11-21T23:53:18,136|[TRACE] graph - -----> statementPart
2021-11-21T23:53:18,136|[TRACE] graph - -------> quotedString
2021-11-21T23:53:18,136|[TRACE] script - #out(``bloodbank``) [token]
2021-11-21T23:53:18,136|[TRACE] graph - <------- quotedString
2021-11-21T23:53:18,136|[TRACE] graph - <----- statementPart
2021-11-21T23:53:18,136|[TRACE] graph - -----> statementPart
2021-11-21T23:53:18,136|[TRACE] graph - -------> nonSkippedChar
2021-11-21T23:53:18,136|[TRACE] script - #out(`.`) [token]
2021-11-21T23:53:18,136|[TRACE] graph - <------- nonSkippedChar
2021-11-21T23:53:18,136|[TRACE] graph - <----- statementPart
2021-11-21T23:53:18,136|[TRACE] graph - -----> statementPart
2021-11-21T23:53:18,136|[TRACE] graph - -------> quotedString
2021-11-21T23:53:18,136|[TRACE] script - #out(``blood_bank``) [token]
2021-11-21T23:53:18,136|[TRACE] graph - <------- quotedString
2021-11-21T23:53:18,136|[TRACE] graph - <----- statementPart
2021-11-21T23:53:18,136|[TRACE] graph - -----> statementPart
2021-11-21T23:53:18,136|[TRACE] graph - -------> nonSkippedSpace
2021-11-21T23:53:18,136|[TRACE] script - #out(` `) [token]
2021-11-21T23:53:18,136|[TRACE] graph - <------- nonSkippedSpace
2021-11-21T23:53:18,136|[TRACE] graph - <----- statementPart
2021-11-21T23:53:18,136|[TRACE] graph - -----> statementPart
2021-11-21T23:53:18,136|[TRACE] graph - -------> nonSkippedChar
2021-11-21T23:53:18,136|[TRACE] script - #out(`(`) [token]
2021-11-21T23:53:18,136|[TRACE] graph - <------- nonSkippedChar
2021-11-21T23:53:18,136|[TRACE] graph - <----- statementPart
2021-11-21T23:53:18,136|[TRACE] graph - -----> statementPart
2021-11-21T23:53:18,136|[TRACE] graph - -------> quotedString
2021-11-21T23:53:18,136|[TRACE] script - #out(``bank_id``) [token]
2021-11-21T23:53:18,136|[TRACE] graph - <------- quotedString
2021-11-21T23:53:18,136|[TRACE] graph - <----- statementPart
2021-11-21T23:53:18,136|[TRACE] graph - -----> statementPart
2021-11-21T23:53:18,136|[TRACE] graph - -------> nonSkippedChar
2021-11-21T23:53:18,136|[TRACE] script - #out(`)`) [token]
2021-11-21T23:53:18,136|[TRACE] graph - <------- nonSkippedChar
2021-11-21T23:53:18,136|[TRACE] graph - <----- statementPart
2021-11-21T23:53:18,136|[TRACE] graph - -----> afterStatementPartNewline
2021-11-21T23:53:18,136|[TRACE] script - #out(` `) [text]
2021-11-21T23:53:18,136|[TRACE] graph - <----- afterStatementPartNewline
2021-11-21T23:53:18,136|[TRACE] graph - -----> statementPart
2021-11-21T23:53:18,136|[TRACE] graph - -------> nonSkippedSpace
2021-11-21T23:53:18,136|[TRACE] script - #out(` `) [token]
2021-11-21T23:53:18,136|[TRACE] graph - <------- nonSkippedSpace
2021-11-21T23:53:18,136|[TRACE] graph - <----- statementPart
2021-11-21T23:53:18,136|[TRACE] graph - -----> statementPart
2021-11-21T23:53:18,136|[TRACE] graph - -------> nonSkippedSpace
2021-11-21T23:53:18,136|[TRACE] script - #out(` `) [token]
2021-11-21T23:53:18,136|[TRACE] graph - <------- nonSkippedSpace
2021-11-21T23:53:18,136|[TRACE] graph - <----- statementPart
2021-11-21T23:53:18,136|[TRACE] graph - -----> statementPart
2021-11-21T23:53:18,136|[TRACE] graph - -------> nonSkippedSpace
2021-11-21T23:53:18,136|[TRACE] script - #out(` `) [token]
2021-11-21T23:53:18,136|[TRACE] graph - <------- nonSkippedSpace
2021-11-21T23:53:18,137|[TRACE] graph - <----- statementPart
2021-11-21T23:53:18,137|[TRACE] graph - -----> statementPart
2021-11-21T23:53:18,137|[TRACE] graph - -------> nonSkippedSpace
2021-11-21T23:53:18,137|[TRACE] script - #out(` `) [token]
2021-11-21T23:53:18,137|[TRACE] graph - <------- nonSkippedSpace
2021-11-21T23:53:18,137|[TRACE] graph - <----- statementPart
2021-11-21T23:53:18,137|[TRACE] graph - -----> statementPart
2021-11-21T23:53:18,137|[TRACE] graph - -------> nonSkippedChar
2021-11-21T23:53:18,137|[TRACE] script - #out(`O`) [token]
2021-11-21T23:53:18,137|[TRACE] graph - <------- nonSkippedChar
2021-11-21T23:53:18,137|[TRACE] graph - <----- statementPart
2021-11-21T23:53:18,137|[TRACE] graph - -----> statementPart
2021-11-21T23:53:18,137|[TRACE] graph - -------> nonSkippedChar
2021-11-21T23:53:18,137|[TRACE] script - #out(`N`) [token]
2021-11-21T23:53:18,137|[TRACE] graph - <------- nonSkippedChar
2021-11-21T23:53:18,137|[TRACE] graph - <----- statementPart
2021-11-21T23:53:18,137|[TRACE] graph - -----> statementPart
2021-11-21T23:53:18,137|[TRACE] graph - -------> nonSkippedSpace
2021-11-21T23:53:18,137|[TRACE] script - #out(` `) [token]
2021-11-21T23:53:18,137|[TRACE] graph - <------- nonSkippedSpace
2021-11-21T23:53:18,137|[TRACE] graph - <----- statementPart
2021-11-21T23:53:18,137|[TRACE] graph - -----> statementPart
2021-11-21T23:53:18,137|[TRACE] graph - -------> nonSkippedChar
2021-11-21T23:53:18,137|[TRACE] script - #out(`D`) [token]
2021-11-21T23:53:18,137|[TRACE] graph - <------- nonSkippedChar
2021-11-21T23:53:18,137|[TRACE] graph - <----- statementPart
2021-11-21T23:53:18,137|[TRACE] graph - -----> statementPart
2021-11-21T23:53:18,137|[TRACE] graph - -------> nonSkippedChar
2021-11-21T23:53:18,137|[TRACE] script - #out(`E`) [token]
2021-11-21T23:53:18,137|[TRACE] graph - <------- nonSkippedChar
2021-11-21T23:53:18,137|[TRACE] graph - <----- statementPart
2021-11-21T23:53:18,137|[TRACE] graph - -----> statementPart
2021-11-21T23:53:18,137|[TRACE] graph - -------> nonSkippedChar
2021-11-21T23:53:18,137|[TRACE] script - #out(`L`) [token]
2021-11-21T23:53:18,137|[TRACE] graph - <------- nonSkippedChar
2021-11-21T23:53:18,137|[TRACE] graph - <----- statementPart
2021-11-21T23:53:18,137|[TRACE] graph - -----> statementPart
2021-11-21T23:53:18,137|[TRACE] graph - -------> nonSkippedChar
2021-11-21T23:53:18,137|[TRACE] script - #out(`E`) [token]
2021-11-21T23:53:18,137|[TRACE] graph - <------- nonSkippedChar
2021-11-21T23:53:18,137|[TRACE] graph - <----- statementPart
2021-11-21T23:53:18,137|[TRACE] graph - -----> statementPart
2021-11-21T23:53:18,137|[TRACE] graph - -------> nonSkippedChar
2021-11-21T23:53:18,137|[TRACE] script - #out(`T`) [token]
2021-11-21T23:53:18,137|[TRACE] graph - <------- nonSkippedChar
2021-11-21T23:53:18,137|[TRACE] graph - <----- statementPart
2021-11-21T23:53:18,137|[TRACE] graph - -----> statementPart
2021-11-21T23:53:18,137|[TRACE] graph - -------> nonSkippedChar
2021-11-21T23:53:18,137|[TRACE] script - #out(`E`) [token]
2021-11-21T23:53:18,137|[TRACE] graph - <------- nonSkippedChar
2021-11-21T23:53:18,137|[TRACE] graph - <----- statementPart
2021-11-21T23:53:18,137|[TRACE] graph - -----> statementPart
2021-11-21T23:53:18,137|[TRACE] graph - -------> nonSkippedSpace
2021-11-21T23:53:18,137|[TRACE] script - #out(` `) [token]
2021-11-21T23:53:18,137|[TRACE] graph - <------- nonSkippedSpace
2021-11-21T23:53:18,137|[TRACE] graph - <----- statementPart
2021-11-21T23:53:18,137|[TRACE] graph - -----> statementPart
2021-11-21T23:53:18,137|[TRACE] graph - -------> nonSkippedChar
2021-11-21T23:53:18,137|[TRACE] script - #out(`N`) [token]
2021-11-21T23:53:18,137|[TRACE] graph - <------- nonSkippedChar
2021-11-21T23:53:18,137|[TRACE] graph - <----- statementPart
2021-11-21T23:53:18,137|[TRACE] graph - -----> statementPart
2021-11-21T23:53:18,137|[TRACE] graph - -------> nonSkippedChar
2021-11-21T23:53:18,137|[TRACE] script - #out(`O`) [token]
2021-11-21T23:53:18,137|[TRACE] graph - <------- nonSkippedChar
2021-11-21T23:53:18,137|[TRACE] graph - <----- statementPart
2021-11-21T23:53:18,137|[TRACE] graph - -----> statementPart
2021-11-21T23:53:18,137|[TRACE] graph - -------> nonSkippedSpace
2021-11-21T23:53:18,137|[TRACE] script - #out(` `) [token]
2021-11-21T23:53:18,137|[TRACE] graph - <------- nonSkippedSpace
2021-11-21T23:53:18,137|[TRACE] graph - <----- statementPart
2021-11-21T23:53:18,137|[TRACE] graph - -----> statementPart
2021-11-21T23:53:18,137|[TRACE] graph - -------> nonSkippedChar
2021-11-21T23:53:18,137|[TRACE] script - #out(`A`) [token]
2021-11-21T23:53:18,137|[TRACE] graph - <------- nonSkippedChar
2021-11-21T23:53:18,137|[TRACE] graph - <----- statementPart
2021-11-21T23:53:18,137|[TRACE] graph - -----> statementPart
2021-11-21T23:53:18,137|[TRACE] graph - -------> nonSkippedChar
2021-11-21T23:53:18,137|[TRACE] script - #out(`C`) [token]
2021-11-21T23:53:18,137|[TRACE] graph - <------- nonSkippedChar
2021-11-21T23:53:18,137|[TRACE] graph - <----- statementPart
2021-11-21T23:53:18,137|[TRACE] graph - -----> statementPart
2021-11-21T23:53:18,137|[TRACE] graph - -------> nonSkippedChar
2021-11-21T23:53:18,137|[TRACE] script - #out(`T`) [token]
2021-11-21T23:53:18,137|[TRACE] graph - <------- nonSkippedChar
2021-11-21T23:53:18,137|[TRACE] graph - <----- statementPart
2021-11-21T23:53:18,137|[TRACE] graph - -----> statementPart
2021-11-21T23:53:18,137|[TRACE] graph - -------> nonSkippedChar
2021-11-21T23:53:18,137|[TRACE] script - #out(`I`) [token]
2021-11-21T23:53:18,137|[TRACE] graph - <------- nonSkippedChar
2021-11-21T23:53:18,137|[TRACE] graph - <----- statementPart
2021-11-21T23:53:18,137|[TRACE] graph - -----> statementPart
2021-11-21T23:53:18,137|[TRACE] graph - -------> nonSkippedChar
2021-11-21T23:53:18,137|[TRACE] script - #out(`O`) [token]
2021-11-21T23:53:18,137|[TRACE] graph - <------- nonSkippedChar
2021-11-21T23:53:18,137|[TRACE] graph - <----- statementPart
2021-11-21T23:53:18,137|[TRACE] graph - -----> statementPart
2021-11-21T23:53:18,137|[TRACE] graph - -------> nonSkippedChar
2021-11-21T23:53:18,137|[TRACE] script - #out(`N`) [token]
2021-11-21T23:53:18,137|[TRACE] graph - <------- nonSkippedChar
2021-11-21T23:53:18,137|[TRACE] graph - <----- statementPart
2021-11-21T23:53:18,137|[TRACE] graph - -----> afterStatementPartNewline
2021-11-21T23:53:18,137|[TRACE] script - #out(` `) [text]
2021-11-21T23:53:18,137|[TRACE] graph - <----- afterStatementPartNewline
2021-11-21T23:53:18,137|[TRACE] graph - -----> statementPart
2021-11-21T23:53:18,137|[TRACE] graph - -------> nonSkippedSpace
2021-11-21T23:53:18,137|[TRACE] script - #out(` `) [token]
2021-11-21T23:53:18,137|[TRACE] graph - <------- nonSkippedSpace
2021-11-21T23:53:18,137|[TRACE] graph - <----- statementPart
2021-11-21T23:53:18,137|[TRACE] graph - -----> statementPart
2021-11-21T23:53:18,137|[TRACE] graph - -------> nonSkippedSpace
2021-11-21T23:53:18,137|[TRACE] script - #out(` `) [token]
2021-11-21T23:53:18,137|[TRACE] graph - <------- nonSkippedSpace
2021-11-21T23:53:18,137|[TRACE] graph - <----- statementPart
2021-11-21T23:53:18,137|[TRACE] graph - -----> statementPart
2021-11-21T23:53:18,137|[TRACE] graph - -------> nonSkippedSpace
2021-11-21T23:53:18,137|[TRACE] script - #out(` `) [token]
2021-11-21T23:53:18,137|[TRACE] graph - <------- nonSkippedSpace
2021-11-21T23:53:18,137|[TRACE] graph - <----- statementPart
2021-11-21T23:53:18,138|[TRACE] graph - -----> statementPart
2021-11-21T23:53:18,138|[TRACE] graph - -------> nonSkippedSpace
2021-11-21T23:53:18,138|[TRACE] script - #out(` `) [token]
2021-11-21T23:53:18,138|[TRACE] graph - <------- nonSkippedSpace
2021-11-21T23:53:18,138|[TRACE] graph - <----- statementPart
2021-11-21T23:53:18,138|[TRACE] graph - -----> statementPart
2021-11-21T23:53:18,138|[TRACE] graph - -------> nonSkippedChar
2021-11-21T23:53:18,138|[TRACE] script - #out(`O`) [token]
2021-11-21T23:53:18,138|[TRACE] graph - <------- nonSkippedChar
2021-11-21T23:53:18,138|[TRACE] graph - <----- statementPart
2021-11-21T23:53:18,138|[TRACE] graph - -----> statementPart
2021-11-21T23:53:18,138|[TRACE] graph - -------> nonSkippedChar
2021-11-21T23:53:18,138|[TRACE] script - #out(`N`) [token]
2021-11-21T23:53:18,138|[TRACE] graph - <------- nonSkippedChar
2021-11-21T23:53:18,138|[TRACE] graph - <----- statementPart
2021-11-21T23:53:18,138|[TRACE] graph - -----> statementPart
2021-11-21T23:53:18,138|[TRACE] graph - -------> nonSkippedSpace
2021-11-21T23:53:18,138|[TRACE] script - #out(` `) [token]
2021-11-21T23:53:18,138|[TRACE] graph - <------- nonSkippedSpace
2021-11-21T23:53:18,138|[TRACE] graph - <----- statementPart
2021-11-21T23:53:18,138|[TRACE] graph - -----> statementPart
2021-11-21T23:53:18,138|[TRACE] graph - -------> nonSkippedChar
2021-11-21T23:53:18,138|[TRACE] script - #out(`U`) [token]
2021-11-21T23:53:18,138|[TRACE] graph - <------- nonSkippedChar
2021-11-21T23:53:18,138|[TRACE] graph - <----- statementPart
2021-11-21T23:53:18,138|[TRACE] graph - -----> statementPart
2021-11-21T23:53:18,138|[TRACE] graph - -------> nonSkippedChar
2021-11-21T23:53:18,138|[TRACE] script - #out(`P`) [token]
2021-11-21T23:53:18,138|[TRACE] graph - <------- nonSkippedChar
2021-11-21T23:53:18,138|[TRACE] graph - <----- statementPart
2021-11-21T23:53:18,138|[TRACE] graph - -----> statementPart
2021-11-21T23:53:18,138|[TRACE] graph - -------> nonSkippedChar
2021-11-21T23:53:18,138|[TRACE] script - #out(`D`) [token]
2021-11-21T23:53:18,138|[TRACE] graph - <------- nonSkippedChar
2021-11-21T23:53:18,138|[TRACE] graph - <----- statementPart
2021-11-21T23:53:18,138|[TRACE] graph - -----> statementPart
2021-11-21T23:53:18,138|[TRACE] graph - -------> nonSkippedChar
2021-11-21T23:53:18,138|[TRACE] script - #out(`A`) [token]
2021-11-21T23:53:18,138|[TRACE] graph - <------- nonSkippedChar
2021-11-21T23:53:18,138|[TRACE] graph - <----- statementPart
2021-11-21T23:53:18,138|[TRACE] graph - -----> statementPart
2021-11-21T23:53:18,138|[TRACE] graph - -------> nonSkippedChar
2021-11-21T23:53:18,138|[TRACE] script - #out(`T`) [token]
2021-11-21T23:53:18,138|[TRACE] graph - <------- nonSkippedChar
2021-11-21T23:53:18,138|[TRACE] graph - <----- statementPart
2021-11-21T23:53:18,138|[TRACE] graph - -----> statementPart
2021-11-21T23:53:18,138|[TRACE] graph - -------> nonSkippedChar
2021-11-21T23:53:18,138|[TRACE] script - #out(`E`) [token]
2021-11-21T23:53:18,138|[TRACE] graph - <------- nonSkippedChar
2021-11-21T23:53:18,138|[TRACE] graph - <----- statementPart
2021-11-21T23:53:18,138|[TRACE] graph - -----> statementPart
2021-11-21T23:53:18,138|[TRACE] graph - -------> nonSkippedSpace
2021-11-21T23:53:18,138|[TRACE] script - #out(` `) [token]
2021-11-21T23:53:18,138|[TRACE] graph - <------- nonSkippedSpace
2021-11-21T23:53:18,138|[TRACE] graph - <----- statementPart
2021-11-21T23:53:18,138|[TRACE] graph - -----> statementPart
2021-11-21T23:53:18,138|[TRACE] graph - -------> nonSkippedChar
2021-11-21T23:53:18,138|[TRACE] script - #out(`N`) [token]
2021-11-21T23:53:18,138|[TRACE] graph - <------- nonSkippedChar
2021-11-21T23:53:18,138|[TRACE] graph - <----- statementPart
2021-11-21T23:53:18,138|[TRACE] graph - -----> statementPart
2021-11-21T23:53:18,138|[TRACE] graph - -------> nonSkippedChar
2021-11-21T23:53:18,138|[TRACE] script - #out(`O`) [token]
2021-11-21T23:53:18,138|[TRACE] graph - <------- nonSkippedChar
2021-11-21T23:53:18,138|[TRACE] graph - <----- statementPart
2021-11-21T23:53:18,138|[TRACE] graph - -----> statementPart
2021-11-21T23:53:18,138|[TRACE] graph - -------> nonSkippedSpace
2021-11-21T23:53:18,138|[TRACE] script - #out(` `) [token]
2021-11-21T23:53:18,138|[TRACE] graph - <------- nonSkippedSpace
2021-11-21T23:53:18,138|[TRACE] graph - <----- statementPart
2021-11-21T23:53:18,138|[TRACE] graph - -----> statementPart
2021-11-21T23:53:18,138|[TRACE] graph - -------> nonSkippedChar
2021-11-21T23:53:18,138|[TRACE] script - #out(`A`) [token]
2021-11-21T23:53:18,138|[TRACE] graph - <------- nonSkippedChar
2021-11-21T23:53:18,138|[TRACE] graph - <----- statementPart
2021-11-21T23:53:18,138|[TRACE] graph - -----> statementPart
2021-11-21T23:53:18,138|[TRACE] graph - -------> nonSkippedChar
2021-11-21T23:53:18,138|[TRACE] script - #out(`C`) [token]
2021-11-21T23:53:18,138|[TRACE] graph - <------- nonSkippedChar
2021-11-21T23:53:18,138|[TRACE] graph - <----- statementPart
2021-11-21T23:53:18,138|[TRACE] graph - -----> statementPart
2021-11-21T23:53:18,138|[TRACE] graph - -------> nonSkippedChar
2021-11-21T23:53:18,138|[TRACE] script - #out(`T`) [token]
2021-11-21T23:53:18,138|[TRACE] graph - <------- nonSkippedChar
2021-11-21T23:53:18,138|[TRACE] graph - <----- statementPart
2021-11-21T23:53:18,138|[TRACE] graph - -----> statementPart
2021-11-21T23:53:18,138|[TRACE] graph - -------> nonSkippedChar
2021-11-21T23:53:18,138|[TRACE] script - #out(`I`) [token]
2021-11-21T23:53:18,138|[TRACE] graph - <------- nonSkippedChar
2021-11-21T23:53:18,138|[TRACE] graph - <----- statementPart
2021-11-21T23:53:18,138|[TRACE] graph - -----> statementPart
2021-11-21T23:53:18,138|[TRACE] graph - -------> nonSkippedChar
2021-11-21T23:53:18,138|[TRACE] script - #out(`O`) [token]
2021-11-21T23:53:18,138|[TRACE] graph - <------- nonSkippedChar
2021-11-21T23:53:18,138|[TRACE] graph - <----- statementPart
2021-11-21T23:53:18,138|[TRACE] graph - -----> statementPart
2021-11-21T23:53:18,138|[TRACE] graph - -------> nonSkippedChar
2021-11-21T23:53:18,138|[TRACE] script - #out(`N`) [token]
2021-11-21T23:53:18,138|[TRACE] graph - <------- nonSkippedChar
2021-11-21T23:53:18,138|[TRACE] graph - <----- statementPart
2021-11-21T23:53:18,138|[TRACE] graph - -----> statementPart
2021-11-21T23:53:18,138|[TRACE] graph - -------> nonSkippedChar
2021-11-21T23:53:18,138|[TRACE] script - #out(`)`) [token]
2021-11-21T23:53:18,138|[TRACE] graph - <------- nonSkippedChar
2021-11-21T23:53:18,138|[TRACE] graph - <----- statementPart
2021-11-21T23:53:18,138|[TRACE] graph - -----> afterStatementPartNewline
2021-11-21T23:53:18,138|[TRACE] script - #out(` `) [text]
2021-11-21T23:53:18,138|[TRACE] graph - <----- afterStatementPartNewline
2021-11-21T23:53:18,138|[TRACE] graph - -----> statementPart
2021-11-21T23:53:18,138|[TRACE] graph - -------> nonSkippedChar
2021-11-21T23:53:18,138|[TRACE] script - #out(`E`) [token]
2021-11-21T23:53:18,138|[TRACE] graph - <------- nonSkippedChar
2021-11-21T23:53:18,138|[TRACE] graph - <----- statementPart
2021-11-21T23:53:18,138|[TRACE] graph - -----> statementPart
2021-11-21T23:53:18,138|[TRACE] graph - -------> nonSkippedChar
2021-11-21T23:53:18,138|[TRACE] script - #out(`N`) [token]
2021-11-21T23:53:18,138|[TRACE] graph - <------- nonSkippedChar
2021-11-21T23:53:18,138|[TRACE] graph - <----- statementPart
2021-11-21T23:53:18,138|[TRACE] graph - -----> statementPart
2021-11-21T23:53:18,138|[TRACE] graph - -------> nonSkippedChar
2021-11-21T23:53:18,138|[TRACE] script - #out(`G`) [token]
2021-11-21T23:53:18,138|[TRACE] graph - <------- nonSkippedChar
2021-11-21T23:53:18,138|[TRACE] graph - <----- statementPart
2021-11-21T23:53:18,138|[TRACE] graph - -----> statementPart
2021-11-21T23:53:18,138|[TRACE] graph - -------> nonSkippedChar
2021-11-21T23:53:18,138|[TRACE] script - #out(`I`) [token]
2021-11-21T23:53:18,138|[TRACE] graph - <------- nonSkippedChar
2021-11-21T23:53:18,138|[TRACE] graph - <----- statementPart
2021-11-21T23:53:18,138|[TRACE] graph - -----> statementPart
2021-11-21T23:53:18,138|[TRACE] graph - -------> nonSkippedChar
2021-11-21T23:53:18,138|[TRACE] script - #out(`N`) [token]
2021-11-21T23:53:18,138|[TRACE] graph - <------- nonSkippedChar
2021-11-21T23:53:18,138|[TRACE] graph - <----- statementPart
2021-11-21T23:53:18,138|[TRACE] graph - -----> statementPart
2021-11-21T23:53:18,138|[TRACE] graph - -------> nonSkippedChar
2021-11-21T23:53:18,138|[TRACE] script - #out(`E`) [token]
2021-11-21T23:53:18,138|[TRACE] graph - <------- nonSkippedChar
2021-11-21T23:53:18,138|[TRACE] graph - <----- statementPart
2021-11-21T23:53:18,138|[TRACE] graph - -----> statementPart
2021-11-21T23:53:18,139|[TRACE] graph - -------> nonSkippedSpace
2021-11-21T23:53:18,139|[TRACE] script - #out(` `) [token]
2021-11-21T23:53:18,139|[TRACE] graph - <------- nonSkippedSpace
2021-11-21T23:53:18,139|[TRACE] graph - <----- statementPart
2021-11-21T23:53:18,139|[TRACE] graph - -----> statementPart
2021-11-21T23:53:18,139|[TRACE] graph - -------> nonSkippedChar
2021-11-21T23:53:18,139|[TRACE] script - #out(`=`) [token]
2021-11-21T23:53:18,139|[TRACE] graph - <------- nonSkippedChar
2021-11-21T23:53:18,139|[TRACE] graph - <----- statementPart
2021-11-21T23:53:18,139|[TRACE] graph - -----> statementPart
2021-11-21T23:53:18,139|[TRACE] graph - -------> nonSkippedSpace
2021-11-21T23:53:18,139|[TRACE] script - #out(` `) [token]
2021-11-21T23:53:18,139|[TRACE] graph - <------- nonSkippedSpace
2021-11-21T23:53:18,139|[TRACE] graph - <----- statementPart
2021-11-21T23:53:18,139|[TRACE] graph - -----> statementPart
2021-11-21T23:53:18,139|[TRACE] graph - -------> nonSkippedChar
2021-11-21T23:53:18,139|[TRACE] script - #out(`I`) [token]
2021-11-21T23:53:18,139|[TRACE] graph - <------- nonSkippedChar
2021-11-21T23:53:18,139|[TRACE] graph - <----- statementPart
2021-11-21T23:53:18,139|[TRACE] graph - -----> statementPart
2021-11-21T23:53:18,139|[TRACE] graph - -------> nonSkippedChar
2021-11-21T23:53:18,139|[TRACE] script - #out(`n`) [token]
2021-11-21T23:53:18,139|[TRACE] graph - <------- nonSkippedChar
2021-11-21T23:53:18,139|[TRACE] graph - <----- statementPart
2021-11-21T23:53:18,139|[TRACE] graph - -----> statementPart
2021-11-21T23:53:18,139|[TRACE] graph - -------> nonSkippedChar
2021-11-21T23:53:18,139|[TRACE] script - #out(`n`) [token]
2021-11-21T23:53:18,139|[TRACE] graph - <------- nonSkippedChar
2021-11-21T23:53:18,139|[TRACE] graph - <----- statementPart
2021-11-21T23:53:18,139|[TRACE] graph - -----> statementPart
2021-11-21T23:53:18,139|[TRACE] graph - -------> nonSkippedChar
2021-11-21T23:53:18,139|[TRACE] script - #out(`o`) [token]
2021-11-21T23:53:18,139|[TRACE] graph - <------- nonSkippedChar
2021-11-21T23:53:18,139|[TRACE] graph - <----- statementPart
2021-11-21T23:53:18,139|[TRACE] graph - -----> statementPart
2021-11-21T23:53:18,139|[TRACE] graph - -------> nonSkippedChar
2021-11-21T23:53:18,139|[TRACE] script - #out(`D`) [token]
2021-11-21T23:53:18,139|[TRACE] graph - <------- nonSkippedChar
2021-11-21T23:53:18,139|[TRACE] graph - <----- statementPart
2021-11-21T23:53:18,139|[TRACE] graph - -----> statementPart
2021-11-21T23:53:18,139|[TRACE] graph - -------> nonSkippedChar
2021-11-21T23:53:18,139|[TRACE] script - #out(`B`) [token]
2021-11-21T23:53:18,139|[TRACE] graph - <------- nonSkippedChar
2021-11-21T23:53:18,139|[TRACE] graph - <----- statementPart
2021-11-21T23:53:18,139|[DEBUG] graph - Import statement : CREATE TABLE IF NOT EXISTS `bloodbank`.`blood_donation` (   `donation_id` INT NOT NULL AUTO_INCREMENT,   `bank_id` INT NOT NULL,   `milliliters` INT NOT NULL,   `blood_group` CHAR(2) NOT NULL,   `rhd` BIT(1) NOT NULL,   `created` BIGINT NOT NULL DEFAULT (unix_timestamp(now()) * 1000),   `updated` BIGINT NOT NULL DEFAULT (unix_timestamp(now()) * 1000),   `version` INT NOT NULL DEFAULT 1,   PRIMARY KEY (`donation_id`),   INDEX `fk_blood_donation_blood_bank1_idx` (`bank_id` ASC) VISIBLE,   CONSTRAINT `fk_blood_donation_blood_bank1`     FOREIGN KEY (`bank_id`)     REFERENCES `bloodbank`.`blood_bank` (`bank_id`)     ON DELETE NO ACTION     ON UPDATE NO ACTION) ENGINE = InnoDB
2021-11-21T23:53:18,139|[TRACE] graph - <--- statement
2021-11-21T23:53:18,139|[TRACE] graph - ---> blankSpacesToSkip
2021-11-21T23:53:18,139|[TRACE] graph - -----> newLineToSkip
2021-11-21T23:53:18,139|[TRACE] graph - <----- newLineToSkip
2021-11-21T23:53:18,139|[TRACE] graph - -----> newLineToSkip
2021-11-21T23:53:18,139|[TRACE] graph - <----- newLineToSkip
2021-11-21T23:53:18,139|[TRACE] graph - -----> newLineToSkip
2021-11-21T23:53:18,139|[TRACE] graph - <----- newLineToSkip
2021-11-21T23:53:18,139|[TRACE] graph - -----> newLineToSkip
2021-11-21T23:53:18,139|[TRACE] graph - <----- newLineToSkip
2021-11-21T23:53:18,139|[TRACE] graph - -----> newLineToSkip
2021-11-21T23:53:18,139|[TRACE] graph - <----- newLineToSkip
2021-11-21T23:53:18,139|[TRACE] graph - -----> newLineToSkip
2021-11-21T23:53:18,139|[TRACE] graph - <----- newLineToSkip
2021-11-21T23:53:18,139|[TRACE] graph - <--- blankSpacesToSkip
2021-11-21T23:53:18,139|[TRACE] graph - ---> statement
2021-11-21T23:53:18,139|[TRACE] graph - -----> statementFirstPart
2021-11-21T23:53:18,139|[TRACE] graph - -------> nonSkippedChar
2021-11-21T23:53:18,139|[TRACE] script - #out(`C`) [token]
2021-11-21T23:53:18,139|[TRACE] graph - <------- nonSkippedChar
2021-11-21T23:53:18,139|[TRACE] graph - <----- statementFirstPart
2021-11-21T23:53:18,139|[TRACE] graph - -----> statementPart
2021-11-21T23:53:18,139|[TRACE] graph - -------> nonSkippedChar
2021-11-21T23:53:18,139|[TRACE] script - #out(`R`) [token]
2021-11-21T23:53:18,139|[TRACE] graph - <------- nonSkippedChar
2021-11-21T23:53:18,139|[TRACE] graph - <----- statementPart
2021-11-21T23:53:18,139|[TRACE] graph - -----> statementPart
2021-11-21T23:53:18,139|[TRACE] graph - -------> nonSkippedChar
2021-11-21T23:53:18,139|[TRACE] script - #out(`E`) [token]
2021-11-21T23:53:18,139|[TRACE] graph - <------- nonSkippedChar
2021-11-21T23:53:18,139|[TRACE] graph - <----- statementPart
2021-11-21T23:53:18,139|[TRACE] graph - -----> statementPart
2021-11-21T23:53:18,139|[TRACE] graph - -------> nonSkippedChar
2021-11-21T23:53:18,139|[TRACE] script - #out(`A`) [token]
2021-11-21T23:53:18,139|[TRACE] graph - <------- nonSkippedChar
2021-11-21T23:53:18,139|[TRACE] graph - <----- statementPart
2021-11-21T23:53:18,139|[TRACE] graph - -----> statementPart
2021-11-21T23:53:18,139|[TRACE] graph - -------> nonSkippedChar
2021-11-21T23:53:18,139|[TRACE] script - #out(`T`) [token]
2021-11-21T23:53:18,139|[TRACE] graph - <------- nonSkippedChar
2021-11-21T23:53:18,139|[TRACE] graph - <----- statementPart
2021-11-21T23:53:18,139|[TRACE] graph - -----> statementPart
2021-11-21T23:53:18,139|[TRACE] graph - -------> nonSkippedChar
2021-11-21T23:53:18,139|[TRACE] script - #out(`E`) [token]
2021-11-21T23:53:18,139|[TRACE] graph - <------- nonSkippedChar
2021-11-21T23:53:18,139|[TRACE] graph - <----- statementPart
2021-11-21T23:53:18,139|[TRACE] graph - -----> statementPart
2021-11-21T23:53:18,139|[TRACE] graph - -------> nonSkippedSpace
2021-11-21T23:53:18,139|[TRACE] script - #out(` `) [token]
2021-11-21T23:53:18,139|[TRACE] graph - <------- nonSkippedSpace
2021-11-21T23:53:18,139|[TRACE] graph - <----- statementPart
2021-11-21T23:53:18,139|[TRACE] graph - -----> statementPart
2021-11-21T23:53:18,139|[TRACE] graph - -------> nonSkippedChar
2021-11-21T23:53:18,139|[TRACE] script - #out(`T`) [token]
2021-11-21T23:53:18,139|[TRACE] graph - <------- nonSkippedChar
2021-11-21T23:53:18,139|[TRACE] graph - <----- statementPart
2021-11-21T23:53:18,139|[TRACE] graph - -----> statementPart
2021-11-21T23:53:18,139|[TRACE] graph - -------> nonSkippedChar
2021-11-21T23:53:18,139|[TRACE] script - #out(`A`) [token]
2021-11-21T23:53:18,139|[TRACE] graph - <------- nonSkippedChar
2021-11-21T23:53:18,139|[TRACE] graph - <----- statementPart
2021-11-21T23:53:18,139|[TRACE] graph - -----> statementPart
2021-11-21T23:53:18,139|[TRACE] graph - -------> nonSkippedChar
2021-11-21T23:53:18,139|[TRACE] script - #out(`B`) [token]
2021-11-21T23:53:18,139|[TRACE] graph - <------- nonSkippedChar
2021-11-21T23:53:18,139|[TRACE] graph - <----- statementPart
2021-11-21T23:53:18,139|[TRACE] graph - -----> statementPart
2021-11-21T23:53:18,139|[TRACE] graph - -------> nonSkippedChar
2021-11-21T23:53:18,139|[TRACE] script - #out(`L`) [token]
2021-11-21T23:53:18,139|[TRACE] graph - <------- nonSkippedChar
2021-11-21T23:53:18,139|[TRACE] graph - <----- statementPart
2021-11-21T23:53:18,139|[TRACE] graph - -----> statementPart
2021-11-21T23:53:18,139|[TRACE] graph - -------> nonSkippedChar
2021-11-21T23:53:18,139|[TRACE] script - #out(`E`) [token]
2021-11-21T23:53:18,139|[TRACE] graph - <------- nonSkippedChar
2021-11-21T23:53:18,139|[TRACE] graph - <----- statementPart
2021-11-21T23:53:18,139|[TRACE] graph - -----> statementPart
2021-11-21T23:53:18,139|[TRACE] graph - -------> nonSkippedSpace
2021-11-21T23:53:18,139|[TRACE] script - #out(` `) [token]
2021-11-21T23:53:18,139|[TRACE] graph - <------- nonSkippedSpace
2021-11-21T23:53:18,139|[TRACE] graph - <----- statementPart
2021-11-21T23:53:18,139|[TRACE] graph - -----> statementPart
2021-11-21T23:53:18,139|[TRACE] graph - -------> nonSkippedChar
2021-11-21T23:53:18,139|[TRACE] script - #out(`I`) [token]
2021-11-21T23:53:18,139|[TRACE] graph - <------- nonSkippedChar
2021-11-21T23:53:18,139|[TRACE] graph - <----- statementPart
2021-11-21T23:53:18,139|[TRACE] graph - -----> statementPart
2021-11-21T23:53:18,139|[TRACE] graph - -------> nonSkippedChar
2021-11-21T23:53:18,139|[TRACE] script - #out(`F`) [token]
2021-11-21T23:53:18,139|[TRACE] graph - <------- nonSkippedChar
2021-11-21T23:53:18,139|[TRACE] graph - <----- statementPart
2021-11-21T23:53:18,139|[TRACE] graph - -----> statementPart
2021-11-21T23:53:18,139|[TRACE] graph - -------> nonSkippedSpace
2021-11-21T23:53:18,139|[TRACE] script - #out(` `) [token]
2021-11-21T23:53:18,139|[TRACE] graph - <------- nonSkippedSpace
2021-11-21T23:53:18,139|[TRACE] graph - <----- statementPart
2021-11-21T23:53:18,139|[TRACE] graph - -----> statementPart
2021-11-21T23:53:18,140|[TRACE] graph - -------> nonSkippedChar
2021-11-21T23:53:18,140|[TRACE] script - #out(`N`) [token]
2021-11-21T23:53:18,140|[TRACE] graph - <------- nonSkippedChar
2021-11-21T23:53:18,140|[TRACE] graph - <----- statementPart
2021-11-21T23:53:18,140|[TRACE] graph - -----> statementPart
2021-11-21T23:53:18,140|[TRACE] graph - -------> nonSkippedChar
2021-11-21T23:53:18,140|[TRACE] script - #out(`O`) [token]
2021-11-21T23:53:18,140|[TRACE] graph - <------- nonSkippedChar
2021-11-21T23:53:18,140|[TRACE] graph - <----- statementPart
2021-11-21T23:53:18,140|[TRACE] graph - -----> statementPart
2021-11-21T23:53:18,140|[TRACE] graph - -------> nonSkippedChar
2021-11-21T23:53:18,140|[TRACE] script - #out(`T`) [token]
2021-11-21T23:53:18,140|[TRACE] graph - <------- nonSkippedChar
2021-11-21T23:53:18,140|[TRACE] graph - <----- statementPart
2021-11-21T23:53:18,140|[TRACE] graph - -----> statementPart
2021-11-21T23:53:18,140|[TRACE] graph - -------> nonSkippedSpace
2021-11-21T23:53:18,140|[TRACE] script - #out(` `) [token]
2021-11-21T23:53:18,140|[TRACE] graph - <------- nonSkippedSpace
2021-11-21T23:53:18,140|[TRACE] graph - <----- statementPart
2021-11-21T23:53:18,140|[TRACE] graph - -----> statementPart
2021-11-21T23:53:18,140|[TRACE] graph - -------> nonSkippedChar
2021-11-21T23:53:18,140|[TRACE] script - #out(`E`) [token]
2021-11-21T23:53:18,140|[TRACE] graph - <------- nonSkippedChar
2021-11-21T23:53:18,140|[TRACE] graph - <----- statementPart
2021-11-21T23:53:18,140|[TRACE] graph - -----> statementPart
2021-11-21T23:53:18,140|[TRACE] graph - -------> nonSkippedChar
2021-11-21T23:53:18,140|[TRACE] script - #out(`X`) [token]
2021-11-21T23:53:18,140|[TRACE] graph - <------- nonSkippedChar
2021-11-21T23:53:18,140|[TRACE] graph - <----- statementPart
2021-11-21T23:53:18,140|[TRACE] graph - -----> statementPart
2021-11-21T23:53:18,140|[TRACE] graph - -------> nonSkippedChar
2021-11-21T23:53:18,140|[TRACE] script - #out(`I`) [token]
2021-11-21T23:53:18,140|[TRACE] graph - <------- nonSkippedChar
2021-11-21T23:53:18,140|[TRACE] graph - <----- statementPart
2021-11-21T23:53:18,140|[TRACE] graph - -----> statementPart
2021-11-21T23:53:18,140|[TRACE] graph - -------> nonSkippedChar
2021-11-21T23:53:18,140|[TRACE] script - #out(`S`) [token]
2021-11-21T23:53:18,140|[TRACE] graph - <------- nonSkippedChar
2021-11-21T23:53:18,140|[TRACE] graph - <----- statementPart
2021-11-21T23:53:18,140|[TRACE] graph - -----> statementPart
2021-11-21T23:53:18,140|[TRACE] graph - -------> nonSkippedChar
2021-11-21T23:53:18,140|[TRACE] script - #out(`T`) [token]
2021-11-21T23:53:18,140|[TRACE] graph - <------- nonSkippedChar
2021-11-21T23:53:18,140|[TRACE] graph - <----- statementPart
2021-11-21T23:53:18,140|[TRACE] graph - -----> statementPart
2021-11-21T23:53:18,140|[TRACE] graph - -------> nonSkippedChar
2021-11-21T23:53:18,140|[TRACE] script - #out(`S`) [token]
2021-11-21T23:53:18,140|[TRACE] graph - <------- nonSkippedChar
2021-11-21T23:53:18,140|[TRACE] graph - <----- statementPart
2021-11-21T23:53:18,140|[TRACE] graph - -----> statementPart
2021-11-21T23:53:18,140|[TRACE] graph - -------> nonSkippedSpace
2021-11-21T23:53:18,140|[TRACE] script - #out(` `) [token]
2021-11-21T23:53:18,140|[TRACE] graph - <------- nonSkippedSpace
2021-11-21T23:53:18,140|[TRACE] graph - <----- statementPart
2021-11-21T23:53:18,140|[TRACE] graph - -----> statementPart
2021-11-21T23:53:18,140|[TRACE] graph - -------> quotedString
2021-11-21T23:53:18,140|[TRACE] script - #out(``bloodbank``) [token]
2021-11-21T23:53:18,140|[TRACE] graph - <------- quotedString
2021-11-21T23:53:18,140|[TRACE] graph - <----- statementPart
2021-11-21T23:53:18,140|[TRACE] graph - -----> statementPart
2021-11-21T23:53:18,140|[TRACE] graph - -------> nonSkippedChar
2021-11-21T23:53:18,140|[TRACE] script - #out(`.`) [token]
2021-11-21T23:53:18,140|[TRACE] graph - <------- nonSkippedChar
2021-11-21T23:53:18,140|[TRACE] graph - <----- statementPart
2021-11-21T23:53:18,140|[TRACE] graph - -----> statementPart
2021-11-21T23:53:18,140|[TRACE] graph - -------> quotedString
2021-11-21T23:53:18,140|[TRACE] script - #out(``donation_record``) [token]
2021-11-21T23:53:18,140|[TRACE] graph - <------- quotedString
2021-11-21T23:53:18,140|[TRACE] graph - <----- statementPart
2021-11-21T23:53:18,140|[TRACE] graph - -----> statementPart
2021-11-21T23:53:18,140|[TRACE] graph - -------> nonSkippedSpace
2021-11-21T23:53:18,140|[TRACE] script - #out(` `) [token]
2021-11-21T23:53:18,140|[TRACE] graph - <------- nonSkippedSpace
2021-11-21T23:53:18,140|[TRACE] graph - <----- statementPart
2021-11-21T23:53:18,140|[TRACE] graph - -----> statementPart
2021-11-21T23:53:18,140|[TRACE] graph - -------> nonSkippedChar
2021-11-21T23:53:18,140|[TRACE] script - #out(`(`) [token]
2021-11-21T23:53:18,140|[TRACE] graph - <------- nonSkippedChar
2021-11-21T23:53:18,140|[TRACE] graph - <----- statementPart
2021-11-21T23:53:18,140|[TRACE] graph - -----> afterStatementPartNewline
2021-11-21T23:53:18,140|[TRACE] script - #out(` `) [text]
2021-11-21T23:53:18,140|[TRACE] graph - <----- afterStatementPartNewline
2021-11-21T23:53:18,140|[TRACE] graph - -----> statementPart
2021-11-21T23:53:18,140|[TRACE] graph - -------> nonSkippedSpace
2021-11-21T23:53:18,140|[TRACE] script - #out(` `) [token]
2021-11-21T23:53:18,140|[TRACE] graph - <------- nonSkippedSpace
2021-11-21T23:53:18,140|[TRACE] graph - <----- statementPart
2021-11-21T23:53:18,140|[TRACE] graph - -----> statementPart
2021-11-21T23:53:18,140|[TRACE] graph - -------> nonSkippedSpace
2021-11-21T23:53:18,140|[TRACE] script - #out(` `) [token]
2021-11-21T23:53:18,140|[TRACE] graph - <------- nonSkippedSpace
2021-11-21T23:53:18,140|[TRACE] graph - <----- statementPart
2021-11-21T23:53:18,140|[TRACE] graph - -----> statementPart
2021-11-21T23:53:18,140|[TRACE] graph - -------> quotedString
2021-11-21T23:53:18,140|[TRACE] script - #out(``record_id``) [token]
2021-11-21T23:53:18,140|[TRACE] graph - <------- quotedString
2021-11-21T23:53:18,140|[TRACE] graph - <----- statementPart
2021-11-21T23:53:18,140|[TRACE] graph - -----> statementPart
2021-11-21T23:53:18,140|[TRACE] graph - -------> nonSkippedSpace
2021-11-21T23:53:18,140|[TRACE] script - #out(` `) [token]
2021-11-21T23:53:18,140|[TRACE] graph - <------- nonSkippedSpace
2021-11-21T23:53:18,140|[TRACE] graph - <----- statementPart
2021-11-21T23:53:18,140|[TRACE] graph - -----> statementPart
2021-11-21T23:53:18,140|[TRACE] graph - -------> nonSkippedChar
2021-11-21T23:53:18,140|[TRACE] script - #out(`I`) [token]
2021-11-21T23:53:18,140|[TRACE] graph - <------- nonSkippedChar
2021-11-21T23:53:18,140|[TRACE] graph - <----- statementPart
2021-11-21T23:53:18,140|[TRACE] graph - -----> statementPart
2021-11-21T23:53:18,140|[TRACE] graph - -------> nonSkippedChar
2021-11-21T23:53:18,140|[TRACE] script - #out(`N`) [token]
2021-11-21T23:53:18,140|[TRACE] graph - <------- nonSkippedChar
2021-11-21T23:53:18,140|[TRACE] graph - <----- statementPart
2021-11-21T23:53:18,140|[TRACE] graph - -----> statementPart
2021-11-21T23:53:18,140|[TRACE] graph - -------> nonSkippedChar
2021-11-21T23:53:18,140|[TRACE] script - #out(`T`) [token]
2021-11-21T23:53:18,140|[TRACE] graph - <------- nonSkippedChar
2021-11-21T23:53:18,140|[TRACE] graph - <----- statementPart
2021-11-21T23:53:18,140|[TRACE] graph - -----> statementPart
2021-11-21T23:53:18,140|[TRACE] graph - -------> nonSkippedSpace
2021-11-21T23:53:18,140|[TRACE] script - #out(` `) [token]
2021-11-21T23:53:18,140|[TRACE] graph - <------- nonSkippedSpace
2021-11-21T23:53:18,140|[TRACE] graph - <----- statementPart
2021-11-21T23:53:18,140|[TRACE] graph - -----> statementPart
2021-11-21T23:53:18,140|[TRACE] graph - -------> nonSkippedChar
2021-11-21T23:53:18,140|[TRACE] script - #out(`N`) [token]
2021-11-21T23:53:18,140|[TRACE] graph - <------- nonSkippedChar
2021-11-21T23:53:18,140|[TRACE] graph - <----- statementPart
2021-11-21T23:53:18,140|[TRACE] graph - -----> statementPart
2021-11-21T23:53:18,140|[TRACE] graph - -------> nonSkippedChar
2021-11-21T23:53:18,140|[TRACE] script - #out(`O`) [token]
2021-11-21T23:53:18,140|[TRACE] graph - <------- nonSkippedChar
2021-11-21T23:53:18,140|[TRACE] graph - <----- statementPart
2021-11-21T23:53:18,140|[TRACE] graph - -----> statementPart
2021-11-21T23:53:18,140|[TRACE] graph - -------> nonSkippedChar
2021-11-21T23:53:18,140|[TRACE] script - #out(`T`) [token]
2021-11-21T23:53:18,140|[TRACE] graph - <------- nonSkippedChar
2021-11-21T23:53:18,140|[TRACE] graph - <----- statementPart
2021-11-21T23:53:18,140|[TRACE] graph - -----> statementPart
2021-11-21T23:53:18,140|[TRACE] graph - -------> nonSkippedSpace
2021-11-21T23:53:18,140|[TRACE] script - #out(` `) [token]
2021-11-21T23:53:18,140|[TRACE] graph - <------- nonSkippedSpace
2021-11-21T23:53:18,140|[TRACE] graph - <----- statementPart
2021-11-21T23:53:18,140|[TRACE] graph - -----> statementPart
2021-11-21T23:53:18,140|[TRACE] graph - -------> nonSkippedChar
2021-11-21T23:53:18,140|[TRACE] script - #out(`N`) [token]
2021-11-21T23:53:18,141|[TRACE] graph - <------- nonSkippedChar
2021-11-21T23:53:18,141|[TRACE] graph - <----- statementPart
2021-11-21T23:53:18,141|[TRACE] graph - -----> statementPart
2021-11-21T23:53:18,141|[TRACE] graph - -------> nonSkippedChar
2021-11-21T23:53:18,141|[TRACE] script - #out(`U`) [token]
2021-11-21T23:53:18,141|[TRACE] graph - <------- nonSkippedChar
2021-11-21T23:53:18,141|[TRACE] graph - <----- statementPart
2021-11-21T23:53:18,141|[TRACE] graph - -----> statementPart
2021-11-21T23:53:18,141|[TRACE] graph - -------> nonSkippedChar
2021-11-21T23:53:18,141|[TRACE] script - #out(`L`) [token]
2021-11-21T23:53:18,141|[TRACE] graph - <------- nonSkippedChar
2021-11-21T23:53:18,141|[TRACE] graph - <----- statementPart
2021-11-21T23:53:18,141|[TRACE] graph - -----> statementPart
2021-11-21T23:53:18,141|[TRACE] graph - -------> nonSkippedChar
2021-11-21T23:53:18,141|[TRACE] script - #out(`L`) [token]
2021-11-21T23:53:18,141|[TRACE] graph - <------- nonSkippedChar
2021-11-21T23:53:18,141|[TRACE] graph - <----- statementPart
2021-11-21T23:53:18,141|[TRACE] graph - -----> statementPart
2021-11-21T23:53:18,141|[TRACE] graph - -------> nonSkippedSpace
2021-11-21T23:53:18,141|[TRACE] script - #out(` `) [token]
2021-11-21T23:53:18,141|[TRACE] graph - <------- nonSkippedSpace
2021-11-21T23:53:18,141|[TRACE] graph - <----- statementPart
2021-11-21T23:53:18,141|[TRACE] graph - -----> statementPart
2021-11-21T23:53:18,141|[TRACE] graph - -------> nonSkippedChar
2021-11-21T23:53:18,141|[TRACE] script - #out(`A`) [token]
2021-11-21T23:53:18,141|[TRACE] graph - <------- nonSkippedChar
2021-11-21T23:53:18,141|[TRACE] graph - <----- statementPart
2021-11-21T23:53:18,141|[TRACE] graph - -----> statementPart
2021-11-21T23:53:18,141|[TRACE] graph - -------> nonSkippedChar
2021-11-21T23:53:18,141|[TRACE] script - #out(`U`) [token]
2021-11-21T23:53:18,141|[TRACE] graph - <------- nonSkippedChar
2021-11-21T23:53:18,141|[TRACE] graph - <----- statementPart
2021-11-21T23:53:18,141|[TRACE] graph - -----> statementPart
2021-11-21T23:53:18,141|[TRACE] graph - -------> nonSkippedChar
2021-11-21T23:53:18,141|[TRACE] script - #out(`T`) [token]
2021-11-21T23:53:18,141|[TRACE] graph - <------- nonSkippedChar
2021-11-21T23:53:18,141|[TRACE] graph - <----- statementPart
2021-11-21T23:53:18,141|[TRACE] graph - -----> statementPart
2021-11-21T23:53:18,141|[TRACE] graph - -------> nonSkippedChar
2021-11-21T23:53:18,141|[TRACE] script - #out(`O`) [token]
2021-11-21T23:53:18,141|[TRACE] graph - <------- nonSkippedChar
2021-11-21T23:53:18,141|[TRACE] graph - <----- statementPart
2021-11-21T23:53:18,141|[TRACE] graph - -----> statementPart
2021-11-21T23:53:18,141|[TRACE] graph - -------> nonSkippedChar
2021-11-21T23:53:18,141|[TRACE] script - #out(`_`) [token]
2021-11-21T23:53:18,141|[TRACE] graph - <------- nonSkippedChar
2021-11-21T23:53:18,141|[TRACE] graph - <----- statementPart
2021-11-21T23:53:18,141|[TRACE] graph - -----> statementPart
2021-11-21T23:53:18,141|[TRACE] graph - -------> nonSkippedChar
2021-11-21T23:53:18,141|[TRACE] script - #out(`I`) [token]
2021-11-21T23:53:18,141|[TRACE] graph - <------- nonSkippedChar
2021-11-21T23:53:18,141|[TRACE] graph - <----- statementPart
2021-11-21T23:53:18,141|[TRACE] graph - -----> statementPart
2021-11-21T23:53:18,141|[TRACE] graph - -------> nonSkippedChar
2021-11-21T23:53:18,141|[TRACE] script - #out(`N`) [token]
2021-11-21T23:53:18,141|[TRACE] graph - <------- nonSkippedChar
2021-11-21T23:53:18,141|[TRACE] graph - <----- statementPart
2021-11-21T23:53:18,141|[TRACE] graph - -----> statementPart
2021-11-21T23:53:18,141|[TRACE] graph - -------> nonSkippedChar
2021-11-21T23:53:18,141|[TRACE] script - #out(`C`) [token]
2021-11-21T23:53:18,141|[TRACE] graph - <------- nonSkippedChar
2021-11-21T23:53:18,141|[TRACE] graph - <----- statementPart
2021-11-21T23:53:18,141|[TRACE] graph - -----> statementPart
2021-11-21T23:53:18,141|[TRACE] graph - -------> nonSkippedChar
2021-11-21T23:53:18,141|[TRACE] script - #out(`R`) [token]
2021-11-21T23:53:18,141|[TRACE] graph - <------- nonSkippedChar
2021-11-21T23:53:18,141|[TRACE] graph - <----- statementPart
2021-11-21T23:53:18,141|[TRACE] graph - -----> statementPart
2021-11-21T23:53:18,141|[TRACE] graph - -------> nonSkippedChar
2021-11-21T23:53:18,141|[TRACE] script - #out(`E`) [token]
2021-11-21T23:53:18,141|[TRACE] graph - <------- nonSkippedChar
2021-11-21T23:53:18,141|[TRACE] graph - <----- statementPart
2021-11-21T23:53:18,141|[TRACE] graph - -----> statementPart
2021-11-21T23:53:18,141|[TRACE] graph - -------> nonSkippedChar
2021-11-21T23:53:18,141|[TRACE] script - #out(`M`) [token]
2021-11-21T23:53:18,141|[TRACE] graph - <------- nonSkippedChar
2021-11-21T23:53:18,141|[TRACE] graph - <----- statementPart
2021-11-21T23:53:18,141|[TRACE] graph - -----> statementPart
2021-11-21T23:53:18,141|[TRACE] graph - -------> nonSkippedChar
2021-11-21T23:53:18,141|[TRACE] script - #out(`E`) [token]
2021-11-21T23:53:18,141|[TRACE] graph - <------- nonSkippedChar
2021-11-21T23:53:18,141|[TRACE] graph - <----- statementPart
2021-11-21T23:53:18,141|[TRACE] graph - -----> statementPart
2021-11-21T23:53:18,141|[TRACE] graph - -------> nonSkippedChar
2021-11-21T23:53:18,141|[TRACE] script - #out(`N`) [token]
2021-11-21T23:53:18,141|[TRACE] graph - <------- nonSkippedChar
2021-11-21T23:53:18,141|[TRACE] graph - <----- statementPart
2021-11-21T23:53:18,141|[TRACE] graph - -----> statementPart
2021-11-21T23:53:18,141|[TRACE] graph - -------> nonSkippedChar
2021-11-21T23:53:18,141|[TRACE] script - #out(`T`) [token]
2021-11-21T23:53:18,141|[TRACE] graph - <------- nonSkippedChar
2021-11-21T23:53:18,141|[TRACE] graph - <----- statementPart
2021-11-21T23:53:18,141|[TRACE] graph - -----> statementPart
2021-11-21T23:53:18,141|[TRACE] graph - -------> nonSkippedChar
2021-11-21T23:53:18,141|[TRACE] script - #out(`,`) [token]
2021-11-21T23:53:18,141|[TRACE] graph - <------- nonSkippedChar
2021-11-21T23:53:18,141|[TRACE] graph - <----- statementPart
2021-11-21T23:53:18,141|[TRACE] graph - -----> afterStatementPartNewline
2021-11-21T23:53:18,141|[TRACE] script - #out(` `) [text]
2021-11-21T23:53:18,141|[TRACE] graph - <----- afterStatementPartNewline
2021-11-21T23:53:18,141|[TRACE] graph - -----> statementPart
2021-11-21T23:53:18,141|[TRACE] graph - -------> nonSkippedSpace
2021-11-21T23:53:18,141|[TRACE] script - #out(` `) [token]
2021-11-21T23:53:18,141|[TRACE] graph - <------- nonSkippedSpace
2021-11-21T23:53:18,141|[TRACE] graph - <----- statementPart
2021-11-21T23:53:18,141|[TRACE] graph - -----> statementPart
2021-11-21T23:53:18,141|[TRACE] graph - -------> nonSkippedSpace
2021-11-21T23:53:18,141|[TRACE] script - #out(` `) [token]
2021-11-21T23:53:18,141|[TRACE] graph - <------- nonSkippedSpace
2021-11-21T23:53:18,141|[TRACE] graph - <----- statementPart
2021-11-21T23:53:18,141|[TRACE] graph - -----> statementPart
2021-11-21T23:53:18,141|[TRACE] graph - -------> quotedString
2021-11-21T23:53:18,141|[TRACE] script - #out(``person_id``) [token]
2021-11-21T23:53:18,141|[TRACE] graph - <------- quotedString
2021-11-21T23:53:18,141|[TRACE] graph - <----- statementPart
2021-11-21T23:53:18,141|[TRACE] graph - -----> statementPart
2021-11-21T23:53:18,141|[TRACE] graph - -------> nonSkippedSpace
2021-11-21T23:53:18,141|[TRACE] script - #out(` `) [token]
2021-11-21T23:53:18,141|[TRACE] graph - <------- nonSkippedSpace
2021-11-21T23:53:18,141|[TRACE] graph - <----- statementPart
2021-11-21T23:53:18,141|[TRACE] graph - -----> statementPart
2021-11-21T23:53:18,141|[TRACE] graph - -------> nonSkippedChar
2021-11-21T23:53:18,141|[TRACE] script - #out(`I`) [token]
2021-11-21T23:53:18,141|[TRACE] graph - <------- nonSkippedChar
2021-11-21T23:53:18,141|[TRACE] graph - <----- statementPart
2021-11-21T23:53:18,141|[TRACE] graph - -----> statementPart
2021-11-21T23:53:18,141|[TRACE] graph - -------> nonSkippedChar
2021-11-21T23:53:18,141|[TRACE] script - #out(`N`) [token]
2021-11-21T23:53:18,141|[TRACE] graph - <------- nonSkippedChar
2021-11-21T23:53:18,141|[TRACE] graph - <----- statementPart
2021-11-21T23:53:18,141|[TRACE] graph - -----> statementPart
2021-11-21T23:53:18,141|[TRACE] graph - -------> nonSkippedChar
2021-11-21T23:53:18,141|[TRACE] script - #out(`T`) [token]
2021-11-21T23:53:18,141|[TRACE] graph - <------- nonSkippedChar
2021-11-21T23:53:18,141|[TRACE] graph - <----- statementPart
2021-11-21T23:53:18,141|[TRACE] graph - -----> statementPart
2021-11-21T23:53:18,141|[TRACE] graph - -------> nonSkippedSpace
2021-11-21T23:53:18,141|[TRACE] script - #out(` `) [token]
2021-11-21T23:53:18,141|[TRACE] graph - <------- nonSkippedSpace
2021-11-21T23:53:18,141|[TRACE] graph - <----- statementPart
2021-11-21T23:53:18,141|[TRACE] graph - -----> statementPart
2021-11-21T23:53:18,141|[TRACE] graph - -------> nonSkippedChar
2021-11-21T23:53:18,141|[TRACE] script - #out(`N`) [token]
2021-11-21T23:53:18,141|[TRACE] graph - <------- nonSkippedChar
2021-11-21T23:53:18,141|[TRACE] graph - <----- statementPart
2021-11-21T23:53:18,141|[TRACE] graph - -----> statementPart
2021-11-21T23:53:18,141|[TRACE] graph - -------> nonSkippedChar
2021-11-21T23:53:18,141|[TRACE] script - #out(`O`) [token]
2021-11-21T23:53:18,141|[TRACE] graph - <------- nonSkippedChar
2021-11-21T23:53:18,141|[TRACE] graph - <----- statementPart
2021-11-21T23:53:18,141|[TRACE] graph - -----> statementPart
2021-11-21T23:53:18,141|[TRACE] graph - -------> nonSkippedChar
2021-11-21T23:53:18,141|[TRACE] script - #out(`T`) [token]
2021-11-21T23:53:18,141|[TRACE] graph - <------- nonSkippedChar
2021-11-21T23:53:18,141|[TRACE] graph - <----- statementPart
2021-11-21T23:53:18,142|[TRACE] graph - -----> statementPart
2021-11-21T23:53:18,142|[TRACE] graph - -------> nonSkippedSpace
2021-11-21T23:53:18,142|[TRACE] script - #out(` `) [token]
2021-11-21T23:53:18,142|[TRACE] graph - <------- nonSkippedSpace
2021-11-21T23:53:18,142|[TRACE] graph - <----- statementPart
2021-11-21T23:53:18,142|[TRACE] graph - -----> statementPart
2021-11-21T23:53:18,142|[TRACE] graph - -------> nonSkippedChar
2021-11-21T23:53:18,142|[TRACE] script - #out(`N`) [token]
2021-11-21T23:53:18,142|[TRACE] graph - <------- nonSkippedChar
2021-11-21T23:53:18,142|[TRACE] graph - <----- statementPart
2021-11-21T23:53:18,142|[TRACE] graph - -----> statementPart
2021-11-21T23:53:18,142|[TRACE] graph - -------> nonSkippedChar
2021-11-21T23:53:18,142|[TRACE] script - #out(`U`) [token]
2021-11-21T23:53:18,142|[TRACE] graph - <------- nonSkippedChar
2021-11-21T23:53:18,142|[TRACE] graph - <----- statementPart
2021-11-21T23:53:18,142|[TRACE] graph - -----> statementPart
2021-11-21T23:53:18,142|[TRACE] graph - -------> nonSkippedChar
2021-11-21T23:53:18,142|[TRACE] script - #out(`L`) [token]
2021-11-21T23:53:18,142|[TRACE] graph - <------- nonSkippedChar
2021-11-21T23:53:18,142|[TRACE] graph - <----- statementPart
2021-11-21T23:53:18,142|[TRACE] graph - -----> statementPart
2021-11-21T23:53:18,142|[TRACE] graph - -------> nonSkippedChar
2021-11-21T23:53:18,142|[TRACE] script - #out(`L`) [token]
2021-11-21T23:53:18,142|[TRACE] graph - <------- nonSkippedChar
2021-11-21T23:53:18,142|[TRACE] graph - <----- statementPart
2021-11-21T23:53:18,142|[TRACE] graph - -----> statementPart
2021-11-21T23:53:18,142|[TRACE] graph - -------> nonSkippedChar
2021-11-21T23:53:18,142|[TRACE] script - #out(`,`) [token]
2021-11-21T23:53:18,142|[TRACE] graph - <------- nonSkippedChar
2021-11-21T23:53:18,142|[TRACE] graph - <----- statementPart
2021-11-21T23:53:18,142|[TRACE] graph - -----> afterStatementPartNewline
2021-11-21T23:53:18,142|[TRACE] script - #out(` `) [text]
2021-11-21T23:53:18,142|[TRACE] graph - <----- afterStatementPartNewline
2021-11-21T23:53:18,142|[TRACE] graph - -----> statementPart
2021-11-21T23:53:18,142|[TRACE] graph - -------> nonSkippedSpace
2021-11-21T23:53:18,142|[TRACE] script - #out(` `) [token]
2021-11-21T23:53:18,142|[TRACE] graph - <------- nonSkippedSpace
2021-11-21T23:53:18,142|[TRACE] graph - <----- statementPart
2021-11-21T23:53:18,142|[TRACE] graph - -----> statementPart
2021-11-21T23:53:18,142|[TRACE] graph - -------> nonSkippedSpace
2021-11-21T23:53:18,142|[TRACE] script - #out(` `) [token]
2021-11-21T23:53:18,142|[TRACE] graph - <------- nonSkippedSpace
2021-11-21T23:53:18,142|[TRACE] graph - <----- statementPart
2021-11-21T23:53:18,142|[TRACE] graph - -----> statementPart
2021-11-21T23:53:18,142|[TRACE] graph - -------> quotedString
2021-11-21T23:53:18,142|[TRACE] script - #out(``donation_id``) [token]
2021-11-21T23:53:18,142|[TRACE] graph - <------- quotedString
2021-11-21T23:53:18,142|[TRACE] graph - <----- statementPart
2021-11-21T23:53:18,142|[TRACE] graph - -----> statementPart
2021-11-21T23:53:18,142|[TRACE] graph - -------> nonSkippedSpace
2021-11-21T23:53:18,142|[TRACE] script - #out(` `) [token]
2021-11-21T23:53:18,142|[TRACE] graph - <------- nonSkippedSpace
2021-11-21T23:53:18,142|[TRACE] graph - <----- statementPart
2021-11-21T23:53:18,142|[TRACE] graph - -----> statementPart
2021-11-21T23:53:18,142|[TRACE] graph - -------> nonSkippedChar
2021-11-21T23:53:18,142|[TRACE] script - #out(`I`) [token]
2021-11-21T23:53:18,142|[TRACE] graph - <------- nonSkippedChar
2021-11-21T23:53:18,142|[TRACE] graph - <----- statementPart
2021-11-21T23:53:18,142|[TRACE] graph - -----> statementPart
2021-11-21T23:53:18,142|[TRACE] graph - -------> nonSkippedChar
2021-11-21T23:53:18,142|[TRACE] script - #out(`N`) [token]
2021-11-21T23:53:18,142|[TRACE] graph - <------- nonSkippedChar
2021-11-21T23:53:18,142|[TRACE] graph - <----- statementPart
2021-11-21T23:53:18,142|[TRACE] graph - -----> statementPart
2021-11-21T23:53:18,142|[TRACE] graph - -------> nonSkippedChar
2021-11-21T23:53:18,142|[TRACE] script - #out(`T`) [token]
2021-11-21T23:53:18,142|[TRACE] graph - <------- nonSkippedChar
2021-11-21T23:53:18,142|[TRACE] graph - <----- statementPart
2021-11-21T23:53:18,142|[TRACE] graph - -----> statementPart
2021-11-21T23:53:18,142|[TRACE] graph - -------> nonSkippedSpace
2021-11-21T23:53:18,142|[TRACE] script - #out(` `) [token]
2021-11-21T23:53:18,142|[TRACE] graph - <------- nonSkippedSpace
2021-11-21T23:53:18,142|[TRACE] graph - <----- statementPart
2021-11-21T23:53:18,142|[TRACE] graph - -----> statementPart
2021-11-21T23:53:18,142|[TRACE] graph - -------> nonSkippedChar
2021-11-21T23:53:18,142|[TRACE] script - #out(`N`) [token]
2021-11-21T23:53:18,142|[TRACE] graph - <------- nonSkippedChar
2021-11-21T23:53:18,142|[TRACE] graph - <----- statementPart
2021-11-21T23:53:18,142|[TRACE] graph - -----> statementPart
2021-11-21T23:53:18,142|[TRACE] graph - -------> nonSkippedChar
2021-11-21T23:53:18,142|[TRACE] script - #out(`U`) [token]
2021-11-21T23:53:18,142|[TRACE] graph - <------- nonSkippedChar
2021-11-21T23:53:18,142|[TRACE] graph - <----- statementPart
2021-11-21T23:53:18,142|[TRACE] graph - -----> statementPart
2021-11-21T23:53:18,142|[TRACE] graph - -------> nonSkippedChar
2021-11-21T23:53:18,142|[TRACE] script - #out(`L`) [token]
2021-11-21T23:53:18,142|[TRACE] graph - <------- nonSkippedChar
2021-11-21T23:53:18,142|[TRACE] graph - <----- statementPart
2021-11-21T23:53:18,142|[TRACE] graph - -----> statementPart
2021-11-21T23:53:18,142|[TRACE] graph - -------> nonSkippedChar
2021-11-21T23:53:18,142|[TRACE] script - #out(`L`) [token]
2021-11-21T23:53:18,142|[TRACE] graph - <------- nonSkippedChar
2021-11-21T23:53:18,142|[TRACE] graph - <----- statementPart
2021-11-21T23:53:18,142|[TRACE] graph - -----> statementPart
2021-11-21T23:53:18,142|[TRACE] graph - -------> nonSkippedChar
2021-11-21T23:53:18,142|[TRACE] script - #out(`,`) [token]
2021-11-21T23:53:18,142|[TRACE] graph - <------- nonSkippedChar
2021-11-21T23:53:18,142|[TRACE] graph - <----- statementPart
2021-11-21T23:53:18,142|[TRACE] graph - -----> afterStatementPartNewline
2021-11-21T23:53:18,142|[TRACE] script - #out(` `) [text]
2021-11-21T23:53:18,142|[TRACE] graph - <----- afterStatementPartNewline
2021-11-21T23:53:18,142|[TRACE] graph - -----> statementPart
2021-11-21T23:53:18,142|[TRACE] graph - -------> nonSkippedSpace
2021-11-21T23:53:18,142|[TRACE] script - #out(` `) [token]
2021-11-21T23:53:18,142|[TRACE] graph - <------- nonSkippedSpace
2021-11-21T23:53:18,142|[TRACE] graph - <----- statementPart
2021-11-21T23:53:18,142|[TRACE] graph - -----> statementPart
2021-11-21T23:53:18,142|[TRACE] graph - -------> nonSkippedSpace
2021-11-21T23:53:18,142|[TRACE] script - #out(` `) [token]
2021-11-21T23:53:18,142|[TRACE] graph - <------- nonSkippedSpace
2021-11-21T23:53:18,142|[TRACE] graph - <----- statementPart
2021-11-21T23:53:18,142|[TRACE] graph - -----> statementPart
2021-11-21T23:53:18,142|[TRACE] graph - -------> quotedString
2021-11-21T23:53:18,142|[TRACE] script - #out(``tested``) [token]
2021-11-21T23:53:18,142|[TRACE] graph - <------- quotedString
2021-11-21T23:53:18,142|[TRACE] graph - <----- statementPart
2021-11-21T23:53:18,142|[TRACE] graph - -----> statementPart
2021-11-21T23:53:18,142|[TRACE] graph - -------> nonSkippedSpace
2021-11-21T23:53:18,142|[TRACE] script - #out(` `) [token]
2021-11-21T23:53:18,142|[TRACE] graph - <------- nonSkippedSpace
2021-11-21T23:53:18,142|[TRACE] graph - <----- statementPart
2021-11-21T23:53:18,142|[TRACE] graph - -----> statementPart
2021-11-21T23:53:18,142|[TRACE] graph - -------> nonSkippedChar
2021-11-21T23:53:18,142|[TRACE] script - #out(`B`) [token]
2021-11-21T23:53:18,142|[TRACE] graph - <------- nonSkippedChar
2021-11-21T23:53:18,142|[TRACE] graph - <----- statementPart
2021-11-21T23:53:18,142|[TRACE] graph - -----> statementPart
2021-11-21T23:53:18,142|[TRACE] graph - -------> nonSkippedChar
2021-11-21T23:53:18,142|[TRACE] script - #out(`I`) [token]
2021-11-21T23:53:18,142|[TRACE] graph - <------- nonSkippedChar
2021-11-21T23:53:18,142|[TRACE] graph - <----- statementPart
2021-11-21T23:53:18,142|[TRACE] graph - -----> statementPart
2021-11-21T23:53:18,142|[TRACE] graph - -------> nonSkippedChar
2021-11-21T23:53:18,142|[TRACE] script - #out(`T`) [token]
2021-11-21T23:53:18,142|[TRACE] graph - <------- nonSkippedChar
2021-11-21T23:53:18,142|[TRACE] graph - <----- statementPart
2021-11-21T23:53:18,142|[TRACE] graph - -----> statementPart
2021-11-21T23:53:18,142|[TRACE] graph - -------> nonSkippedChar
2021-11-21T23:53:18,142|[TRACE] script - #out(`(`) [token]
2021-11-21T23:53:18,142|[TRACE] graph - <------- nonSkippedChar
2021-11-21T23:53:18,142|[TRACE] graph - <----- statementPart
2021-11-21T23:53:18,142|[TRACE] graph - -----> statementPart
2021-11-21T23:53:18,142|[TRACE] graph - -------> nonSkippedChar
2021-11-21T23:53:18,143|[TRACE] script - #out(`1`) [token]
2021-11-21T23:53:18,143|[TRACE] graph - <------- nonSkippedChar
2021-11-21T23:53:18,143|[TRACE] graph - <----- statementPart
2021-11-21T23:53:18,143|[TRACE] graph - -----> statementPart
2021-11-21T23:53:18,143|[TRACE] graph - -------> nonSkippedChar
2021-11-21T23:53:18,143|[TRACE] script - #out(`)`) [token]
2021-11-21T23:53:18,143|[TRACE] graph - <------- nonSkippedChar
2021-11-21T23:53:18,143|[TRACE] graph - <----- statementPart
2021-11-21T23:53:18,143|[TRACE] graph - -----> statementPart
2021-11-21T23:53:18,143|[TRACE] graph - -------> nonSkippedSpace
2021-11-21T23:53:18,143|[TRACE] script - #out(` `) [token]
2021-11-21T23:53:18,143|[TRACE] graph - <------- nonSkippedSpace
2021-11-21T23:53:18,143|[TRACE] graph - <----- statementPart
2021-11-21T23:53:18,143|[TRACE] graph - -----> statementPart
2021-11-21T23:53:18,143|[TRACE] graph - -------> nonSkippedChar
2021-11-21T23:53:18,143|[TRACE] script - #out(`N`) [token]
2021-11-21T23:53:18,143|[TRACE] graph - <------- nonSkippedChar
2021-11-21T23:53:18,143|[TRACE] graph - <----- statementPart
2021-11-21T23:53:18,143|[TRACE] graph - -----> statementPart
2021-11-21T23:53:18,143|[TRACE] graph - -------> nonSkippedChar
2021-11-21T23:53:18,143|[TRACE] script - #out(`O`) [token]
2021-11-21T23:53:18,143|[TRACE] graph - <------- nonSkippedChar
2021-11-21T23:53:18,143|[TRACE] graph - <----- statementPart
2021-11-21T23:53:18,143|[TRACE] graph - -----> statementPart
2021-11-21T23:53:18,143|[TRACE] graph - -------> nonSkippedChar
2021-11-21T23:53:18,143|[TRACE] script - #out(`T`) [token]
2021-11-21T23:53:18,143|[TRACE] graph - <------- nonSkippedChar
2021-11-21T23:53:18,143|[TRACE] graph - <----- statementPart
2021-11-21T23:53:18,143|[TRACE] graph - -----> statementPart
2021-11-21T23:53:18,143|[TRACE] graph - -------> nonSkippedSpace
2021-11-21T23:53:18,143|[TRACE] script - #out(` `) [token]
2021-11-21T23:53:18,143|[TRACE] graph - <------- nonSkippedSpace
2021-11-21T23:53:18,143|[TRACE] graph - <----- statementPart
2021-11-21T23:53:18,143|[TRACE] graph - -----> statementPart
2021-11-21T23:53:18,143|[TRACE] graph - -------> nonSkippedChar
2021-11-21T23:53:18,143|[TRACE] script - #out(`N`) [token]
2021-11-21T23:53:18,143|[TRACE] graph - <------- nonSkippedChar
2021-11-21T23:53:18,143|[TRACE] graph - <----- statementPart
2021-11-21T23:53:18,143|[TRACE] graph - -----> statementPart
2021-11-21T23:53:18,143|[TRACE] graph - -------> nonSkippedChar
2021-11-21T23:53:18,143|[TRACE] script - #out(`U`) [token]
2021-11-21T23:53:18,143|[TRACE] graph - <------- nonSkippedChar
2021-11-21T23:53:18,143|[TRACE] graph - <----- statementPart
2021-11-21T23:53:18,143|[TRACE] graph - -----> statementPart
2021-11-21T23:53:18,143|[TRACE] graph - -------> nonSkippedChar
2021-11-21T23:53:18,143|[TRACE] script - #out(`L`) [token]
2021-11-21T23:53:18,143|[TRACE] graph - <------- nonSkippedChar
2021-11-21T23:53:18,143|[TRACE] graph - <----- statementPart
2021-11-21T23:53:18,143|[TRACE] graph - -----> statementPart
2021-11-21T23:53:18,143|[TRACE] graph - -------> nonSkippedChar
2021-11-21T23:53:18,143|[TRACE] script - #out(`L`) [token]
2021-11-21T23:53:18,143|[TRACE] graph - <------- nonSkippedChar
2021-11-21T23:53:18,143|[TRACE] graph - <----- statementPart
2021-11-21T23:53:18,143|[TRACE] graph - -----> statementPart
2021-11-21T23:53:18,143|[TRACE] graph - -------> nonSkippedChar
2021-11-21T23:53:18,143|[TRACE] script - #out(`,`) [token]
2021-11-21T23:53:18,143|[TRACE] graph - <------- nonSkippedChar
2021-11-21T23:53:18,143|[TRACE] graph - <----- statementPart
2021-11-21T23:53:18,143|[TRACE] graph - -----> afterStatementPartNewline
2021-11-21T23:53:18,143|[TRACE] script - #out(` `) [text]
2021-11-21T23:53:18,143|[TRACE] graph - <----- afterStatementPartNewline
2021-11-21T23:53:18,143|[TRACE] graph - -----> statementPart
2021-11-21T23:53:18,143|[TRACE] graph - -------> nonSkippedSpace
2021-11-21T23:53:18,143|[TRACE] script - #out(` `) [token]
2021-11-21T23:53:18,143|[TRACE] graph - <------- nonSkippedSpace
2021-11-21T23:53:18,143|[TRACE] graph - <----- statementPart
2021-11-21T23:53:18,143|[TRACE] graph - -----> statementPart
2021-11-21T23:53:18,143|[TRACE] graph - -------> nonSkippedSpace
2021-11-21T23:53:18,143|[TRACE] script - #out(` `) [token]
2021-11-21T23:53:18,143|[TRACE] graph - <------- nonSkippedSpace
2021-11-21T23:53:18,143|[TRACE] graph - <----- statementPart
2021-11-21T23:53:18,143|[TRACE] graph - -----> statementPart
2021-11-21T23:53:18,143|[TRACE] graph - -------> quotedString
2021-11-21T23:53:18,143|[TRACE] script - #out(``created``) [token]
2021-11-21T23:53:18,143|[TRACE] graph - <------- quotedString
2021-11-21T23:53:18,143|[TRACE] graph - <----- statementPart
2021-11-21T23:53:18,143|[TRACE] graph - -----> statementPart
2021-11-21T23:53:18,143|[TRACE] graph - -------> nonSkippedSpace
2021-11-21T23:53:18,143|[TRACE] script - #out(` `) [token]
2021-11-21T23:53:18,143|[TRACE] graph - <------- nonSkippedSpace
2021-11-21T23:53:18,143|[TRACE] graph - <----- statementPart
2021-11-21T23:53:18,143|[TRACE] graph - -----> statementPart
2021-11-21T23:53:18,143|[TRACE] graph - -------> nonSkippedChar
2021-11-21T23:53:18,143|[TRACE] script - #out(`B`) [token]
2021-11-21T23:53:18,143|[TRACE] graph - <------- nonSkippedChar
2021-11-21T23:53:18,143|[TRACE] graph - <----- statementPart
2021-11-21T23:53:18,143|[TRACE] graph - -----> statementPart
2021-11-21T23:53:18,143|[TRACE] graph - -------> nonSkippedChar
2021-11-21T23:53:18,143|[TRACE] script - #out(`I`) [token]
2021-11-21T23:53:18,143|[TRACE] graph - <------- nonSkippedChar
2021-11-21T23:53:18,143|[TRACE] graph - <----- statementPart
2021-11-21T23:53:18,143|[TRACE] graph - -----> statementPart
2021-11-21T23:53:18,143|[TRACE] graph - -------> nonSkippedChar
2021-11-21T23:53:18,143|[TRACE] script - #out(`G`) [token]
2021-11-21T23:53:18,143|[TRACE] graph - <------- nonSkippedChar
2021-11-21T23:53:18,143|[TRACE] graph - <----- statementPart
2021-11-21T23:53:18,143|[TRACE] graph - -----> statementPart
2021-11-21T23:53:18,143|[TRACE] graph - -------> nonSkippedChar
2021-11-21T23:53:18,143|[TRACE] script - #out(`I`) [token]
2021-11-21T23:53:18,143|[TRACE] graph - <------- nonSkippedChar
2021-11-21T23:53:18,143|[TRACE] graph - <----- statementPart
2021-11-21T23:53:18,143|[TRACE] graph - -----> statementPart
2021-11-21T23:53:18,143|[TRACE] graph - -------> nonSkippedChar
2021-11-21T23:53:18,143|[TRACE] script - #out(`N`) [token]
2021-11-21T23:53:18,143|[TRACE] graph - <------- nonSkippedChar
2021-11-21T23:53:18,143|[TRACE] graph - <----- statementPart
2021-11-21T23:53:18,143|[TRACE] graph - -----> statementPart
2021-11-21T23:53:18,143|[TRACE] graph - -------> nonSkippedChar
2021-11-21T23:53:18,143|[TRACE] script - #out(`T`) [token]
2021-11-21T23:53:18,143|[TRACE] graph - <------- nonSkippedChar
2021-11-21T23:53:18,143|[TRACE] graph - <----- statementPart
2021-11-21T23:53:18,143|[TRACE] graph - -----> statementPart
2021-11-21T23:53:18,143|[TRACE] graph - -------> nonSkippedSpace
2021-11-21T23:53:18,143|[TRACE] script - #out(` `) [token]
2021-11-21T23:53:18,143|[TRACE] graph - <------- nonSkippedSpace
2021-11-21T23:53:18,144|[TRACE] graph - <----- statementPart
2021-11-21T23:53:18,144|[TRACE] graph - -----> statementPart
2021-11-21T23:53:18,144|[TRACE] graph - -------> nonSkippedChar
2021-11-21T23:53:18,144|[TRACE] script - #out(`N`) [token]
2021-11-21T23:53:18,144|[TRACE] graph - <------- nonSkippedChar
2021-11-21T23:53:18,144|[TRACE] graph - <----- statementPart
2021-11-21T23:53:18,144|[TRACE] graph - -----> statementPart
2021-11-21T23:53:18,144|[TRACE] graph - -------> nonSkippedChar
2021-11-21T23:53:18,144|[TRACE] script - #out(`O`) [token]
2021-11-21T23:53:18,144|[TRACE] graph - <------- nonSkippedChar
2021-11-21T23:53:18,144|[TRACE] graph - <----- statementPart
2021-11-21T23:53:18,144|[TRACE] graph - -----> statementPart
2021-11-21T23:53:18,144|[TRACE] graph - -------> nonSkippedChar
2021-11-21T23:53:18,144|[TRACE] script - #out(`T`) [token]
2021-11-21T23:53:18,144|[TRACE] graph - <------- nonSkippedChar
2021-11-21T23:53:18,144|[TRACE] graph - <----- statementPart
2021-11-21T23:53:18,144|[TRACE] graph - -----> statementPart
2021-11-21T23:53:18,144|[TRACE] graph - -------> nonSkippedSpace
2021-11-21T23:53:18,144|[TRACE] script - #out(` `) [token]
2021-11-21T23:53:18,144|[TRACE] graph - <------- nonSkippedSpace
2021-11-21T23:53:18,144|[TRACE] graph - <----- statementPart
2021-11-21T23:53:18,144|[TRACE] graph - -----> statementPart
2021-11-21T23:53:18,144|[TRACE] graph - -------> nonSkippedChar
2021-11-21T23:53:18,144|[TRACE] script - #out(`N`) [token]
2021-11-21T23:53:18,144|[TRACE] graph - <------- nonSkippedChar
2021-11-21T23:53:18,144|[TRACE] graph - <----- statementPart
2021-11-21T23:53:18,144|[TRACE] graph - -----> statementPart
2021-11-21T23:53:18,144|[TRACE] graph - -------> nonSkippedChar
2021-11-21T23:53:18,144|[TRACE] script - #out(`U`) [token]
2021-11-21T23:53:18,144|[TRACE] graph - <------- nonSkippedChar
2021-11-21T23:53:18,144|[TRACE] graph - <----- statementPart
2021-11-21T23:53:18,144|[TRACE] graph - -----> statementPart
2021-11-21T23:53:18,144|[TRACE] graph - -------> nonSkippedChar
2021-11-21T23:53:18,144|[TRACE] script - #out(`L`) [token]
2021-11-21T23:53:18,144|[TRACE] graph - <------- nonSkippedChar
2021-11-21T23:53:18,144|[TRACE] graph - <----- statementPart
2021-11-21T23:53:18,144|[TRACE] graph - -----> statementPart
2021-11-21T23:53:18,144|[TRACE] graph - -------> nonSkippedChar
2021-11-21T23:53:18,144|[TRACE] script - #out(`L`) [token]
2021-11-21T23:53:18,144|[TRACE] graph - <------- nonSkippedChar
2021-11-21T23:53:18,144|[TRACE] graph - <----- statementPart
2021-11-21T23:53:18,144|[TRACE] graph - -----> statementPart
2021-11-21T23:53:18,144|[TRACE] graph - -------> nonSkippedSpace
2021-11-21T23:53:18,144|[TRACE] script - #out(` `) [token]
2021-11-21T23:53:18,144|[TRACE] graph - <------- nonSkippedSpace
2021-11-21T23:53:18,144|[TRACE] graph - <----- statementPart
2021-11-21T23:53:18,144|[TRACE] graph - -----> statementPart
2021-11-21T23:53:18,144|[TRACE] graph - -------> nonSkippedChar
2021-11-21T23:53:18,144|[TRACE] script - #out(`D`) [token]
2021-11-21T23:53:18,144|[TRACE] graph - <------- nonSkippedChar
2021-11-21T23:53:18,144|[TRACE] graph - <----- statementPart
2021-11-21T23:53:18,144|[TRACE] graph - -----> statementPart
2021-11-21T23:53:18,144|[TRACE] graph - -------> nonSkippedChar
2021-11-21T23:53:18,144|[TRACE] script - #out(`E`) [token]
2021-11-21T23:53:18,144|[TRACE] graph - <------- nonSkippedChar
2021-11-21T23:53:18,144|[TRACE] graph - <----- statementPart
2021-11-21T23:53:18,144|[TRACE] graph - -----> statementPart
2021-11-21T23:53:18,144|[TRACE] graph - -------> nonSkippedChar
2021-11-21T23:53:18,144|[TRACE] script - #out(`F`) [token]
2021-11-21T23:53:18,144|[TRACE] graph - <------- nonSkippedChar
2021-11-21T23:53:18,144|[TRACE] graph - <----- statementPart
2021-11-21T23:53:18,144|[TRACE] graph - -----> statementPart
2021-11-21T23:53:18,144|[TRACE] graph - -------> nonSkippedChar
2021-11-21T23:53:18,144|[TRACE] script - #out(`A`) [token]
2021-11-21T23:53:18,144|[TRACE] graph - <------- nonSkippedChar
2021-11-21T23:53:18,144|[TRACE] graph - <----- statementPart
2021-11-21T23:53:18,144|[TRACE] graph - -----> statementPart
2021-11-21T23:53:18,144|[TRACE] graph - -------> nonSkippedChar
2021-11-21T23:53:18,144|[TRACE] script - #out(`U`) [token]
2021-11-21T23:53:18,144|[TRACE] graph - <------- nonSkippedChar
2021-11-21T23:53:18,144|[TRACE] graph - <----- statementPart
2021-11-21T23:53:18,144|[TRACE] graph - -----> statementPart
2021-11-21T23:53:18,144|[TRACE] graph - -------> nonSkippedChar
2021-11-21T23:53:18,144|[TRACE] script - #out(`L`) [token]
2021-11-21T23:53:18,144|[TRACE] graph - <------- nonSkippedChar
2021-11-21T23:53:18,144|[TRACE] graph - <----- statementPart
2021-11-21T23:53:18,144|[TRACE] graph - -----> statementPart
2021-11-21T23:53:18,144|[TRACE] graph - -------> nonSkippedChar
2021-11-21T23:53:18,144|[TRACE] script - #out(`T`) [token]
2021-11-21T23:53:18,144|[TRACE] graph - <------- nonSkippedChar
2021-11-21T23:53:18,144|[TRACE] graph - <----- statementPart
2021-11-21T23:53:18,144|[TRACE] graph - -----> statementPart
2021-11-21T23:53:18,144|[TRACE] graph - -------> nonSkippedSpace
2021-11-21T23:53:18,144|[TRACE] script - #out(` `) [token]
2021-11-21T23:53:18,144|[TRACE] graph - <------- nonSkippedSpace
2021-11-21T23:53:18,144|[TRACE] graph - <----- statementPart
2021-11-21T23:53:18,144|[TRACE] graph - -----> statementPart
2021-11-21T23:53:18,144|[TRACE] graph - -------> nonSkippedChar
2021-11-21T23:53:18,144|[TRACE] script - #out(`(`) [token]
2021-11-21T23:53:18,144|[TRACE] graph - <------- nonSkippedChar
2021-11-21T23:53:18,144|[TRACE] graph - <----- statementPart
2021-11-21T23:53:18,144|[TRACE] graph - -----> statementPart
2021-11-21T23:53:18,144|[TRACE] graph - -------> nonSkippedChar
2021-11-21T23:53:18,144|[TRACE] script - #out(`u`) [token]
2021-11-21T23:53:18,144|[TRACE] graph - <------- nonSkippedChar
2021-11-21T23:53:18,144|[TRACE] graph - <----- statementPart
2021-11-21T23:53:18,144|[TRACE] graph - -----> statementPart
2021-11-21T23:53:18,144|[TRACE] graph - -------> nonSkippedChar
2021-11-21T23:53:18,144|[TRACE] script - #out(`n`) [token]
2021-11-21T23:53:18,144|[TRACE] graph - <------- nonSkippedChar
2021-11-21T23:53:18,145|[TRACE] graph - <----- statementPart
2021-11-21T23:53:18,145|[TRACE] graph - -----> statementPart
2021-11-21T23:53:18,145|[TRACE] graph - -------> nonSkippedChar
2021-11-21T23:53:18,145|[TRACE] script - #out(`i`) [token]
2021-11-21T23:53:18,145|[TRACE] graph - <------- nonSkippedChar
2021-11-21T23:53:18,145|[TRACE] graph - <----- statementPart
2021-11-21T23:53:18,145|[TRACE] graph - -----> statementPart
2021-11-21T23:53:18,145|[TRACE] graph - -------> nonSkippedChar
2021-11-21T23:53:18,145|[TRACE] script - #out(`x`) [token]
2021-11-21T23:53:18,145|[TRACE] graph - <------- nonSkippedChar
2021-11-21T23:53:18,145|[TRACE] graph - <----- statementPart
2021-11-21T23:53:18,145|[TRACE] graph - -----> statementPart
2021-11-21T23:53:18,145|[TRACE] graph - -------> nonSkippedChar
2021-11-21T23:53:18,145|[TRACE] script - #out(`_`) [token]
2021-11-21T23:53:18,145|[TRACE] graph - <------- nonSkippedChar
2021-11-21T23:53:18,145|[TRACE] graph - <----- statementPart
2021-11-21T23:53:18,145|[TRACE] graph - -----> statementPart
2021-11-21T23:53:18,145|[TRACE] graph - -------> nonSkippedChar
2021-11-21T23:53:18,145|[TRACE] script - #out(`t`) [token]
2021-11-21T23:53:18,145|[TRACE] graph - <------- nonSkippedChar
2021-11-21T23:53:18,145|[TRACE] graph - <----- statementPart
2021-11-21T23:53:18,145|[TRACE] graph - -----> statementPart
2021-11-21T23:53:18,145|[TRACE] graph - -------> nonSkippedChar
2021-11-21T23:53:18,145|[TRACE] script - #out(`i`) [token]
2021-11-21T23:53:18,148|[TRACE] graph - <------- nonSkippedChar
2021-11-21T23:53:18,149|[TRACE] graph - <----- statementPart
2021-11-21T23:53:18,149|[TRACE] graph - -----> statementPart
2021-11-21T23:53:18,149|[TRACE] graph - -------> nonSkippedChar
2021-11-21T23:53:18,149|[TRACE] script - #out(`m`) [token]
2021-11-21T23:53:18,149|[TRACE] graph - <------- nonSkippedChar
2021-11-21T23:53:18,149|[TRACE] graph - <----- statementPart
2021-11-21T23:53:18,149|[TRACE] graph - -----> statementPart
2021-11-21T23:53:18,149|[TRACE] graph - -------> nonSkippedChar
2021-11-21T23:53:18,149|[TRACE] script - #out(`e`) [token]
2021-11-21T23:53:18,149|[TRACE] graph - <------- nonSkippedChar
2021-11-21T23:53:18,149|[TRACE] graph - <----- statementPart
2021-11-21T23:53:18,149|[TRACE] graph - -----> statementPart
2021-11-21T23:53:18,149|[TRACE] graph - -------> nonSkippedChar
2021-11-21T23:53:18,149|[TRACE] script - #out(`s`) [token]
2021-11-21T23:53:18,149|[TRACE] graph - <------- nonSkippedChar
2021-11-21T23:53:18,149|[TRACE] graph - <----- statementPart
2021-11-21T23:53:18,149|[TRACE] graph - -----> statementPart
2021-11-21T23:53:18,149|[TRACE] graph - -------> nonSkippedChar
2021-11-21T23:53:18,149|[TRACE] script - #out(`t`) [token]
2021-11-21T23:53:18,149|[TRACE] graph - <------- nonSkippedChar
2021-11-21T23:53:18,149|[TRACE] graph - <----- statementPart
2021-11-21T23:53:18,149|[TRACE] graph - -----> statementPart
2021-11-21T23:53:18,149|[TRACE] graph - -------> nonSkippedChar
2021-11-21T23:53:18,149|[TRACE] script - #out(`a`) [token]
2021-11-21T23:53:18,149|[TRACE] graph - <------- nonSkippedChar
2021-11-21T23:53:18,149|[TRACE] graph - <----- statementPart
2021-11-21T23:53:18,149|[TRACE] graph - -----> statementPart
2021-11-21T23:53:18,149|[TRACE] graph - -------> nonSkippedChar
2021-11-21T23:53:18,149|[TRACE] script - #out(`m`) [token]
2021-11-21T23:53:18,149|[TRACE] graph - <------- nonSkippedChar
2021-11-21T23:53:18,149|[TRACE] graph - <----- statementPart
2021-11-21T23:53:18,149|[TRACE] graph - -----> statementPart
2021-11-21T23:53:18,149|[TRACE] graph - -------> nonSkippedChar
2021-11-21T23:53:18,149|[TRACE] script - #out(`p`) [token]
2021-11-21T23:53:18,149|[TRACE] graph - <------- nonSkippedChar
2021-11-21T23:53:18,149|[TRACE] graph - <----- statementPart
2021-11-21T23:53:18,149|[TRACE] graph - -----> statementPart
2021-11-21T23:53:18,149|[TRACE] graph - -------> nonSkippedChar
2021-11-21T23:53:18,149|[TRACE] script - #out(`(`) [token]
2021-11-21T23:53:18,149|[TRACE] graph - <------- nonSkippedChar
2021-11-21T23:53:18,149|[TRACE] graph - <----- statementPart
2021-11-21T23:53:18,149|[TRACE] graph - -----> statementPart
2021-11-21T23:53:18,149|[TRACE] graph - -------> nonSkippedChar
2021-11-21T23:53:18,149|[TRACE] script - #out(`n`) [token]
2021-11-21T23:53:18,149|[TRACE] graph - <------- nonSkippedChar
2021-11-21T23:53:18,149|[TRACE] graph - <----- statementPart
2021-11-21T23:53:18,149|[TRACE] graph - -----> statementPart
2021-11-21T23:53:18,149|[TRACE] graph - -------> nonSkippedChar
2021-11-21T23:53:18,149|[TRACE] script - #out(`o`) [token]
2021-11-21T23:53:18,149|[TRACE] graph - <------- nonSkippedChar
2021-11-21T23:53:18,149|[TRACE] graph - <----- statementPart
2021-11-21T23:53:18,149|[TRACE] graph - -----> statementPart
2021-11-21T23:53:18,149|[TRACE] graph - -------> nonSkippedChar
2021-11-21T23:53:18,149|[TRACE] script - #out(`w`) [token]
2021-11-21T23:53:18,149|[TRACE] graph - <------- nonSkippedChar
2021-11-21T23:53:18,149|[TRACE] graph - <----- statementPart
2021-11-21T23:53:18,149|[TRACE] graph - -----> statementPart
2021-11-21T23:53:18,149|[TRACE] graph - -------> nonSkippedChar
2021-11-21T23:53:18,149|[TRACE] script - #out(`(`) [token]
2021-11-21T23:53:18,149|[TRACE] graph - <------- nonSkippedChar
2021-11-21T23:53:18,149|[TRACE] graph - <----- statementPart
2021-11-21T23:53:18,149|[TRACE] graph - -----> statementPart
2021-11-21T23:53:18,149|[TRACE] graph - -------> nonSkippedChar
2021-11-21T23:53:18,149|[TRACE] script - #out(`)`) [token]
2021-11-21T23:53:18,149|[TRACE] graph - <------- nonSkippedChar
2021-11-21T23:53:18,149|[TRACE] graph - <----- statementPart
2021-11-21T23:53:18,149|[TRACE] graph - -----> statementPart
2021-11-21T23:53:18,149|[TRACE] graph - -------> nonSkippedChar
2021-11-21T23:53:18,149|[TRACE] script - #out(`)`) [token]
2021-11-21T23:53:18,149|[TRACE] graph - <------- nonSkippedChar
2021-11-21T23:53:18,149|[TRACE] graph - <----- statementPart
2021-11-21T23:53:18,149|[TRACE] graph - -----> statementPart
2021-11-21T23:53:18,149|[TRACE] graph - -------> nonSkippedSpace
2021-11-21T23:53:18,149|[TRACE] script - #out(` `) [token]
2021-11-21T23:53:18,149|[TRACE] graph - <------- nonSkippedSpace
2021-11-21T23:53:18,149|[TRACE] graph - <----- statementPart
2021-11-21T23:53:18,149|[TRACE] graph - -----> statementPart
2021-11-21T23:53:18,149|[TRACE] graph - -------> nonSkippedChar
2021-11-21T23:53:18,150|[TRACE] script - #out(`*`) [token]
2021-11-21T23:53:18,150|[TRACE] graph - <------- nonSkippedChar
2021-11-21T23:53:18,150|[TRACE] graph - <----- statementPart
2021-11-21T23:53:18,150|[TRACE] graph - -----> statementPart
2021-11-21T23:53:18,150|[TRACE] graph - -------> nonSkippedSpace
2021-11-21T23:53:18,150|[TRACE] script - #out(` `) [token]
2021-11-21T23:53:18,150|[TRACE] graph - <------- nonSkippedSpace
2021-11-21T23:53:18,155|[TRACE] graph - <----- statementPart
2021-11-21T23:53:18,155|[TRACE] graph - -----> statementPart
2021-11-21T23:53:18,155|[TRACE] graph - -------> nonSkippedChar
2021-11-21T23:53:18,155|[TRACE] script - #out(`1`) [token]
2021-11-21T23:53:18,155|[TRACE] graph - <------- nonSkippedChar
2021-11-21T23:53:18,155|[TRACE] graph - <----- statementPart
2021-11-21T23:53:18,155|[TRACE] graph - -----> statementPart
2021-11-21T23:53:18,155|[TRACE] graph - -------> nonSkippedChar
2021-11-21T23:53:18,155|[TRACE] script - #out(`0`) [token]
2021-11-21T23:53:18,155|[TRACE] graph - <------- nonSkippedChar
2021-11-21T23:53:18,155|[TRACE] graph - <----- statementPart
2021-11-21T23:53:18,155|[TRACE] graph - -----> statementPart
2021-11-21T23:53:18,155|[TRACE] graph - -------> nonSkippedChar
2021-11-21T23:53:18,155|[TRACE] script - #out(`0`) [token]
2021-11-21T23:53:18,155|[TRACE] graph - <------- nonSkippedChar
2021-11-21T23:53:18,155|[TRACE] graph - <----- statementPart
2021-11-21T23:53:18,155|[TRACE] graph - -----> statementPart
2021-11-21T23:53:18,155|[TRACE] graph - -------> nonSkippedChar
2021-11-21T23:53:18,155|[TRACE] script - #out(`0`) [token]
2021-11-21T23:53:18,155|[TRACE] graph - <------- nonSkippedChar
2021-11-21T23:53:18,155|[TRACE] graph - <----- statementPart
2021-11-21T23:53:18,155|[TRACE] graph - -----> statementPart
2021-11-21T23:53:18,155|[TRACE] graph - -------> nonSkippedChar
2021-11-21T23:53:18,155|[TRACE] script - #out(`)`) [token]
2021-11-21T23:53:18,155|[TRACE] graph - <------- nonSkippedChar
2021-11-21T23:53:18,155|[TRACE] graph - <----- statementPart
2021-11-21T23:53:18,155|[TRACE] graph - -----> statementPart
2021-11-21T23:53:18,155|[TRACE] graph - -------> nonSkippedChar
2021-11-21T23:53:18,155|[TRACE] script - #out(`,`) [token]
2021-11-21T23:53:18,155|[TRACE] graph - <------- nonSkippedChar
2021-11-21T23:53:18,155|[TRACE] graph - <----- statementPart
2021-11-21T23:53:18,155|[TRACE] graph - -----> afterStatementPartNewline
2021-11-21T23:53:18,155|[TRACE] script - #out(` `) [text]
2021-11-21T23:53:18,155|[TRACE] graph - <----- afterStatementPartNewline
2021-11-21T23:53:18,155|[TRACE] graph - -----> statementPart
2021-11-21T23:53:18,155|[TRACE] graph - -------> nonSkippedSpace
2021-11-21T23:53:18,155|[TRACE] script - #out(` `) [token]
2021-11-21T23:53:18,155|[TRACE] graph - <------- nonSkippedSpace
2021-11-21T23:53:18,155|[TRACE] graph - <----- statementPart
2021-11-21T23:53:18,155|[TRACE] graph - -----> statementPart
2021-11-21T23:53:18,155|[TRACE] graph - -------> nonSkippedSpace
2021-11-21T23:53:18,155|[TRACE] script - #out(` `) [token]
2021-11-21T23:53:18,155|[TRACE] graph - <------- nonSkippedSpace
2021-11-21T23:53:18,155|[TRACE] graph - <----- statementPart
2021-11-21T23:53:18,155|[TRACE] graph - -----> statementPart
2021-11-21T23:53:18,155|[TRACE] graph - -------> quotedString
2021-11-21T23:53:18,155|[TRACE] script - #out(``updated``) [token]
2021-11-21T23:53:18,155|[TRACE] graph - <------- quotedString
2021-11-21T23:53:18,155|[TRACE] graph - <----- statementPart
2021-11-21T23:53:18,155|[TRACE] graph - -----> statementPart
2021-11-21T23:53:18,155|[TRACE] graph - -------> nonSkippedSpace
2021-11-21T23:53:18,155|[TRACE] script - #out(` `) [token]
2021-11-21T23:53:18,155|[TRACE] graph - <------- nonSkippedSpace
2021-11-21T23:53:18,155|[TRACE] graph - <----- statementPart
2021-11-21T23:53:18,155|[TRACE] graph - -----> statementPart
2021-11-21T23:53:18,155|[TRACE] graph - -------> nonSkippedChar
2021-11-21T23:53:18,155|[TRACE] script - #out(`B`) [token]
2021-11-21T23:53:18,155|[TRACE] graph - <------- nonSkippedChar
2021-11-21T23:53:18,155|[TRACE] graph - <----- statementPart
2021-11-21T23:53:18,155|[TRACE] graph - -----> statementPart
2021-11-21T23:53:18,155|[TRACE] graph - -------> nonSkippedChar
2021-11-21T23:53:18,155|[TRACE] script - #out(`I`) [token]
2021-11-21T23:53:18,155|[TRACE] graph - <------- nonSkippedChar
2021-11-21T23:53:18,155|[TRACE] graph - <----- statementPart
2021-11-21T23:53:18,155|[TRACE] graph - -----> statementPart
2021-11-21T23:53:18,155|[TRACE] graph - -------> nonSkippedChar
2021-11-21T23:53:18,155|[TRACE] script - #out(`G`) [token]
2021-11-21T23:53:18,155|[TRACE] graph - <------- nonSkippedChar
2021-11-21T23:53:18,155|[TRACE] graph - <----- statementPart
2021-11-21T23:53:18,155|[TRACE] graph - -----> statementPart
2021-11-21T23:53:18,155|[TRACE] graph - -------> nonSkippedChar
2021-11-21T23:53:18,155|[TRACE] script - #out(`I`) [token]
2021-11-21T23:53:18,155|[TRACE] graph - <------- nonSkippedChar
2021-11-21T23:53:18,155|[TRACE] graph - <----- statementPart
2021-11-21T23:53:18,155|[TRACE] graph - -----> statementPart
2021-11-21T23:53:18,155|[TRACE] graph - -------> nonSkippedChar
2021-11-21T23:53:18,155|[TRACE] script - #out(`N`) [token]
2021-11-21T23:53:18,155|[TRACE] graph - <------- nonSkippedChar
2021-11-21T23:53:18,155|[TRACE] graph - <----- statementPart
2021-11-21T23:53:18,156|[TRACE] graph - -----> statementPart
2021-11-21T23:53:18,156|[TRACE] graph - -------> nonSkippedChar
2021-11-21T23:53:18,156|[TRACE] script - #out(`T`) [token]
2021-11-21T23:53:18,156|[TRACE] graph - <------- nonSkippedChar
2021-11-21T23:53:18,156|[TRACE] graph - <----- statementPart
2021-11-21T23:53:18,156|[TRACE] graph - -----> statementPart
2021-11-21T23:53:18,156|[TRACE] graph - -------> nonSkippedSpace
2021-11-21T23:53:18,156|[TRACE] script - #out(` `) [token]
2021-11-21T23:53:18,156|[TRACE] graph - <------- nonSkippedSpace
2021-11-21T23:53:18,156|[TRACE] graph - <----- statementPart
2021-11-21T23:53:18,156|[TRACE] graph - -----> statementPart
2021-11-21T23:53:18,156|[TRACE] graph - -------> nonSkippedChar
2021-11-21T23:53:18,156|[TRACE] script - #out(`N`) [token]
2021-11-21T23:53:18,156|[TRACE] graph - <------- nonSkippedChar
2021-11-21T23:53:18,156|[TRACE] graph - <----- statementPart
2021-11-21T23:53:18,156|[TRACE] graph - -----> statementPart
2021-11-21T23:53:18,156|[TRACE] graph - -------> nonSkippedChar
2021-11-21T23:53:18,156|[TRACE] script - #out(`O`) [token]
2021-11-21T23:53:18,156|[TRACE] graph - <------- nonSkippedChar
2021-11-21T23:53:18,156|[TRACE] graph - <----- statementPart
2021-11-21T23:53:18,156|[TRACE] graph - -----> statementPart
2021-11-21T23:53:18,156|[TRACE] graph - -------> nonSkippedChar
2021-11-21T23:53:18,156|[TRACE] script - #out(`T`) [token]
2021-11-21T23:53:18,156|[TRACE] graph - <------- nonSkippedChar
2021-11-21T23:53:18,156|[TRACE] graph - <----- statementPart
2021-11-21T23:53:18,156|[TRACE] graph - -----> statementPart
2021-11-21T23:53:18,156|[TRACE] graph - -------> nonSkippedSpace
2021-11-21T23:53:18,156|[TRACE] script - #out(` `) [token]
2021-11-21T23:53:18,156|[TRACE] graph - <------- nonSkippedSpace
2021-11-21T23:53:18,156|[TRACE] graph - <----- statementPart
2021-11-21T23:53:18,156|[TRACE] graph - -----> statementPart
2021-11-21T23:53:18,156|[TRACE] graph - -------> nonSkippedChar
2021-11-21T23:53:18,156|[TRACE] script - #out(`N`) [token]
2021-11-21T23:53:18,156|[TRACE] graph - <------- nonSkippedChar
2021-11-21T23:53:18,156|[TRACE] graph - <----- statementPart
2021-11-21T23:53:18,156|[TRACE] graph - -----> statementPart
2021-11-21T23:53:18,156|[TRACE] graph - -------> nonSkippedChar
2021-11-21T23:53:18,156|[TRACE] script - #out(`U`) [token]
2021-11-21T23:53:18,156|[TRACE] graph - <------- nonSkippedChar
2021-11-21T23:53:18,156|[TRACE] graph - <----- statementPart
2021-11-21T23:53:18,156|[TRACE] graph - -----> statementPart
2021-11-21T23:53:18,156|[TRACE] graph - -------> nonSkippedChar
2021-11-21T23:53:18,156|[TRACE] script - #out(`L`) [token]
2021-11-21T23:53:18,156|[TRACE] graph - <------- nonSkippedChar
2021-11-21T23:53:18,156|[TRACE] graph - <----- statementPart
2021-11-21T23:53:18,156|[TRACE] graph - -----> statementPart
2021-11-21T23:53:18,156|[TRACE] graph - -------> nonSkippedChar
2021-11-21T23:53:18,156|[TRACE] script - #out(`L`) [token]
2021-11-21T23:53:18,156|[TRACE] graph - <------- nonSkippedChar
2021-11-21T23:53:18,156|[TRACE] graph - <----- statementPart
2021-11-21T23:53:18,156|[TRACE] graph - -----> statementPart
2021-11-21T23:53:18,156|[TRACE] graph - -------> nonSkippedSpace
2021-11-21T23:53:18,156|[TRACE] script - #out(` `) [token]
2021-11-21T23:53:18,156|[TRACE] graph - <------- nonSkippedSpace
2021-11-21T23:53:18,156|[TRACE] graph - <----- statementPart
2021-11-21T23:53:18,156|[TRACE] graph - -----> statementPart
2021-11-21T23:53:18,156|[TRACE] graph - -------> nonSkippedChar
2021-11-21T23:53:18,156|[TRACE] script - #out(`D`) [token]
2021-11-21T23:53:18,156|[TRACE] graph - <------- nonSkippedChar
2021-11-21T23:53:18,156|[TRACE] graph - <----- statementPart
2021-11-21T23:53:18,156|[TRACE] graph - -----> statementPart
2021-11-21T23:53:18,156|[TRACE] graph - -------> nonSkippedChar
2021-11-21T23:53:18,156|[TRACE] script - #out(`E`) [token]
2021-11-21T23:53:18,156|[TRACE] graph - <------- nonSkippedChar
2021-11-21T23:53:18,156|[TRACE] graph - <----- statementPart
2021-11-21T23:53:18,156|[TRACE] graph - -----> statementPart
2021-11-21T23:53:18,156|[TRACE] graph - -------> nonSkippedChar
2021-11-21T23:53:18,156|[TRACE] script - #out(`F`) [token]
2021-11-21T23:53:18,156|[TRACE] graph - <------- nonSkippedChar
2021-11-21T23:53:18,156|[TRACE] graph - <----- statementPart
2021-11-21T23:53:18,156|[TRACE] graph - -----> statementPart
2021-11-21T23:53:18,156|[TRACE] graph - -------> nonSkippedChar
2021-11-21T23:53:18,156|[TRACE] script - #out(`A`) [token]
2021-11-21T23:53:18,156|[TRACE] graph - <------- nonSkippedChar
2021-11-21T23:53:18,156|[TRACE] graph - <----- statementPart
2021-11-21T23:53:18,156|[TRACE] graph - -----> statementPart
2021-11-21T23:53:18,156|[TRACE] graph - -------> nonSkippedChar
2021-11-21T23:53:18,156|[TRACE] script - #out(`U`) [token]
2021-11-21T23:53:18,156|[TRACE] graph - <------- nonSkippedChar
2021-11-21T23:53:18,156|[TRACE] graph - <----- statementPart
2021-11-21T23:53:18,156|[TRACE] graph - -----> statementPart
2021-11-21T23:53:18,156|[TRACE] graph - -------> nonSkippedChar
2021-11-21T23:53:18,156|[TRACE] script - #out(`L`) [token]
2021-11-21T23:53:18,156|[TRACE] graph - <------- nonSkippedChar
2021-11-21T23:53:18,156|[TRACE] graph - <----- statementPart
2021-11-21T23:53:18,156|[TRACE] graph - -----> statementPart
2021-11-21T23:53:18,156|[TRACE] graph - -------> nonSkippedChar
2021-11-21T23:53:18,156|[TRACE] script - #out(`T`) [token]
2021-11-21T23:53:18,156|[TRACE] graph - <------- nonSkippedChar
2021-11-21T23:53:18,156|[TRACE] graph - <----- statementPart
2021-11-21T23:53:18,156|[TRACE] graph - -----> statementPart
2021-11-21T23:53:18,156|[TRACE] graph - -------> nonSkippedSpace
2021-11-21T23:53:18,156|[TRACE] script - #out(` `) [token]
2021-11-21T23:53:18,156|[TRACE] graph - <------- nonSkippedSpace
2021-11-21T23:53:18,156|[TRACE] graph - <----- statementPart
2021-11-21T23:53:18,156|[TRACE] graph - -----> statementPart
2021-11-21T23:53:18,156|[TRACE] graph - -------> nonSkippedChar
2021-11-21T23:53:18,156|[TRACE] script - #out(`(`) [token]
2021-11-21T23:53:18,156|[TRACE] graph - <------- nonSkippedChar
2021-11-21T23:53:18,156|[TRACE] graph - <----- statementPart
2021-11-21T23:53:18,156|[TRACE] graph - -----> statementPart
2021-11-21T23:53:18,156|[TRACE] graph - -------> nonSkippedChar
2021-11-21T23:53:18,156|[TRACE] script - #out(`u`) [token]
2021-11-21T23:53:18,157|[TRACE] graph - <------- nonSkippedChar
2021-11-21T23:53:18,157|[TRACE] graph - <----- statementPart
2021-11-21T23:53:18,157|[TRACE] graph - -----> statementPart
2021-11-21T23:53:18,157|[TRACE] graph - -------> nonSkippedChar
2021-11-21T23:53:18,157|[TRACE] script - #out(`n`) [token]
2021-11-21T23:53:18,157|[TRACE] graph - <------- nonSkippedChar
2021-11-21T23:53:18,157|[TRACE] graph - <----- statementPart
2021-11-21T23:53:18,157|[TRACE] graph - -----> statementPart
2021-11-21T23:53:18,157|[TRACE] graph - -------> nonSkippedChar
2021-11-21T23:53:18,157|[TRACE] script - #out(`i`) [token]
2021-11-21T23:53:18,157|[TRACE] graph - <------- nonSkippedChar
2021-11-21T23:53:18,157|[TRACE] graph - <----- statementPart
2021-11-21T23:53:18,157|[TRACE] graph - -----> statementPart
2021-11-21T23:53:18,157|[TRACE] graph - -------> nonSkippedChar
2021-11-21T23:53:18,157|[TRACE] script - #out(`x`) [token]
2021-11-21T23:53:18,157|[TRACE] graph - <------- nonSkippedChar
2021-11-21T23:53:18,157|[TRACE] graph - <----- statementPart
2021-11-21T23:53:18,157|[TRACE] graph - -----> statementPart
2021-11-21T23:53:18,157|[TRACE] graph - -------> nonSkippedChar
2021-11-21T23:53:18,157|[TRACE] script - #out(`_`) [token]
2021-11-21T23:53:18,157|[TRACE] graph - <------- nonSkippedChar
2021-11-21T23:53:18,157|[TRACE] graph - <----- statementPart
2021-11-21T23:53:18,157|[TRACE] graph - -----> statementPart
2021-11-21T23:53:18,157|[TRACE] graph - -------> nonSkippedChar
2021-11-21T23:53:18,157|[TRACE] script - #out(`t`) [token]
2021-11-21T23:53:18,157|[TRACE] graph - <------- nonSkippedChar
2021-11-21T23:53:18,157|[TRACE] graph - <----- statementPart
2021-11-21T23:53:18,157|[TRACE] graph - -----> statementPart
2021-11-21T23:53:18,157|[TRACE] graph - -------> nonSkippedChar
2021-11-21T23:53:18,157|[TRACE] script - #out(`i`) [token]
2021-11-21T23:53:18,157|[TRACE] graph - <------- nonSkippedChar
2021-11-21T23:53:18,157|[TRACE] graph - <----- statementPart
2021-11-21T23:53:18,157|[TRACE] graph - -----> statementPart
2021-11-21T23:53:18,157|[TRACE] graph - -------> nonSkippedChar
2021-11-21T23:53:18,157|[TRACE] script - #out(`m`) [token]
2021-11-21T23:53:18,157|[TRACE] graph - <------- nonSkippedChar
2021-11-21T23:53:18,157|[TRACE] graph - <----- statementPart
2021-11-21T23:53:18,157|[TRACE] graph - -----> statementPart
2021-11-21T23:53:18,157|[TRACE] graph - -------> nonSkippedChar
2021-11-21T23:53:18,157|[TRACE] script - #out(`e`) [token]
2021-11-21T23:53:18,157|[TRACE] graph - <------- nonSkippedChar
2021-11-21T23:53:18,157|[TRACE] graph - <----- statementPart
2021-11-21T23:53:18,157|[TRACE] graph - -----> statementPart
2021-11-21T23:53:18,157|[TRACE] graph - -------> nonSkippedChar
2021-11-21T23:53:18,157|[TRACE] script - #out(`s`) [token]
2021-11-21T23:53:18,157|[TRACE] graph - <------- nonSkippedChar
2021-11-21T23:53:18,157|[TRACE] graph - <----- statementPart
2021-11-21T23:53:18,157|[TRACE] graph - -----> statementPart
2021-11-21T23:53:18,157|[TRACE] graph - -------> nonSkippedChar
2021-11-21T23:53:18,157|[TRACE] script - #out(`t`) [token]
2021-11-21T23:53:18,157|[TRACE] graph - <------- nonSkippedChar
2021-11-21T23:53:18,157|[TRACE] graph - <----- statementPart
2021-11-21T23:53:18,157|[TRACE] graph - -----> statementPart
2021-11-21T23:53:18,157|[TRACE] graph - -------> nonSkippedChar
2021-11-21T23:53:18,157|[TRACE] script - #out(`a`) [token]
2021-11-21T23:53:18,157|[TRACE] graph - <------- nonSkippedChar
2021-11-21T23:53:18,157|[TRACE] graph - <----- statementPart
2021-11-21T23:53:18,157|[TRACE] graph - -----> statementPart
2021-11-21T23:53:18,157|[TRACE] graph - -------> nonSkippedChar
2021-11-21T23:53:18,157|[TRACE] script - #out(`m`) [token]
2021-11-21T23:53:18,157|[TRACE] graph - <------- nonSkippedChar
2021-11-21T23:53:18,157|[TRACE] graph - <----- statementPart
2021-11-21T23:53:18,157|[TRACE] graph - -----> statementPart
2021-11-21T23:53:18,157|[TRACE] graph - -------> nonSkippedChar
2021-11-21T23:53:18,157|[TRACE] script - #out(`p`) [token]
2021-11-21T23:53:18,157|[TRACE] graph - <------- nonSkippedChar
2021-11-21T23:53:18,157|[TRACE] graph - <----- statementPart
2021-11-21T23:53:18,157|[TRACE] graph - -----> statementPart
2021-11-21T23:53:18,157|[TRACE] graph - -------> nonSkippedChar
2021-11-21T23:53:18,157|[TRACE] script - #out(`(`) [token]
2021-11-21T23:53:18,157|[TRACE] graph - <------- nonSkippedChar
2021-11-21T23:53:18,157|[TRACE] graph - <----- statementPart
2021-11-21T23:53:18,157|[TRACE] graph - -----> statementPart
2021-11-21T23:53:18,157|[TRACE] graph - -------> nonSkippedChar
2021-11-21T23:53:18,157|[TRACE] script - #out(`n`) [token]
2021-11-21T23:53:18,157|[TRACE] graph - <------- nonSkippedChar
2021-11-21T23:53:18,157|[TRACE] graph - <----- statementPart
2021-11-21T23:53:18,157|[TRACE] graph - -----> statementPart
2021-11-21T23:53:18,157|[TRACE] graph - -------> nonSkippedChar
2021-11-21T23:53:18,157|[TRACE] script - #out(`o`) [token]
2021-11-21T23:53:18,157|[TRACE] graph - <------- nonSkippedChar
2021-11-21T23:53:18,157|[TRACE] graph - <----- statementPart
2021-11-21T23:53:18,157|[TRACE] graph - -----> statementPart
2021-11-21T23:53:18,157|[TRACE] graph - -------> nonSkippedChar
2021-11-21T23:53:18,157|[TRACE] script - #out(`w`) [token]
2021-11-21T23:53:18,157|[TRACE] graph - <------- nonSkippedChar
2021-11-21T23:53:18,157|[TRACE] graph - <----- statementPart
2021-11-21T23:53:18,157|[TRACE] graph - -----> statementPart
2021-11-21T23:53:18,157|[TRACE] graph - -------> nonSkippedChar
2021-11-21T23:53:18,157|[TRACE] script - #out(`(`) [token]
2021-11-21T23:53:18,157|[TRACE] graph - <------- nonSkippedChar
2021-11-21T23:53:18,157|[TRACE] graph - <----- statementPart
2021-11-21T23:53:18,157|[TRACE] graph - -----> statementPart
2021-11-21T23:53:18,158|[TRACE] graph - -------> nonSkippedChar
2021-11-21T23:53:18,158|[TRACE] script - #out(`)`) [token]
2021-11-21T23:53:18,158|[TRACE] graph - <------- nonSkippedChar
2021-11-21T23:53:18,158|[TRACE] graph - <----- statementPart
2021-11-21T23:53:18,158|[TRACE] graph - -----> statementPart
2021-11-21T23:53:18,158|[TRACE] graph - -------> nonSkippedChar
2021-11-21T23:53:18,158|[TRACE] script - #out(`)`) [token]
2021-11-21T23:53:18,158|[TRACE] graph - <------- nonSkippedChar
2021-11-21T23:53:18,158|[TRACE] graph - <----- statementPart
2021-11-21T23:53:18,158|[TRACE] graph - -----> statementPart
2021-11-21T23:53:18,158|[TRACE] graph - -------> nonSkippedSpace
2021-11-21T23:53:18,158|[TRACE] script - #out(` `) [token]
2021-11-21T23:53:18,158|[TRACE] graph - <------- nonSkippedSpace
2021-11-21T23:53:18,158|[TRACE] graph - <----- statementPart
2021-11-21T23:53:18,158|[TRACE] graph - -----> statementPart
2021-11-21T23:53:18,158|[TRACE] graph - -------> nonSkippedChar
2021-11-21T23:53:18,158|[TRACE] script - #out(`*`) [token]
2021-11-21T23:53:18,158|[TRACE] graph - <------- nonSkippedChar
2021-11-21T23:53:18,158|[TRACE] graph - <----- statementPart
2021-11-21T23:53:18,158|[TRACE] graph - -----> statementPart
2021-11-21T23:53:18,158|[TRACE] graph - -------> nonSkippedSpace
2021-11-21T23:53:18,158|[TRACE] script - #out(` `) [token]
2021-11-21T23:53:18,158|[TRACE] graph - <------- nonSkippedSpace
2021-11-21T23:53:18,158|[TRACE] graph - <----- statementPart
2021-11-21T23:53:18,158|[TRACE] graph - -----> statementPart
2021-11-21T23:53:18,158|[TRACE] graph - -------> nonSkippedChar
2021-11-21T23:53:18,158|[TRACE] script - #out(`1`) [token]
2021-11-21T23:53:18,158|[TRACE] graph - <------- nonSkippedChar
2021-11-21T23:53:18,158|[TRACE] graph - <----- statementPart
2021-11-21T23:53:18,158|[TRACE] graph - -----> statementPart
2021-11-21T23:53:18,158|[TRACE] graph - -------> nonSkippedChar
2021-11-21T23:53:18,158|[TRACE] script - #out(`0`) [token]
2021-11-21T23:53:18,158|[TRACE] graph - <------- nonSkippedChar
2021-11-21T23:53:18,158|[TRACE] graph - <----- statementPart
2021-11-21T23:53:18,158|[TRACE] graph - -----> statementPart
2021-11-21T23:53:18,158|[TRACE] graph - -------> nonSkippedChar
2021-11-21T23:53:18,158|[TRACE] script - #out(`0`) [token]
2021-11-21T23:53:18,158|[TRACE] graph - <------- nonSkippedChar
2021-11-21T23:53:18,158|[TRACE] graph - <----- statementPart
2021-11-21T23:53:18,158|[TRACE] graph - -----> statementPart
2021-11-21T23:53:18,158|[TRACE] graph - -------> nonSkippedChar
2021-11-21T23:53:18,158|[TRACE] script - #out(`0`) [token]
2021-11-21T23:53:18,158|[TRACE] graph - <------- nonSkippedChar
2021-11-21T23:53:18,158|[TRACE] graph - <----- statementPart
2021-11-21T23:53:18,158|[TRACE] graph - -----> statementPart
2021-11-21T23:53:18,158|[TRACE] graph - -------> nonSkippedChar
2021-11-21T23:53:18,158|[TRACE] script - #out(`)`) [token]
2021-11-21T23:53:18,158|[TRACE] graph - <------- nonSkippedChar
2021-11-21T23:53:18,158|[TRACE] graph - <----- statementPart
2021-11-21T23:53:18,158|[TRACE] graph - -----> statementPart
2021-11-21T23:53:18,158|[TRACE] graph - -------> nonSkippedChar
2021-11-21T23:53:18,158|[TRACE] script - #out(`,`) [token]
2021-11-21T23:53:18,158|[TRACE] graph - <------- nonSkippedChar
2021-11-21T23:53:18,158|[TRACE] graph - <----- statementPart
2021-11-21T23:53:18,158|[TRACE] graph - -----> afterStatementPartNewline
2021-11-21T23:53:18,158|[TRACE] script - #out(` `) [text]
2021-11-21T23:53:18,158|[TRACE] graph - <----- afterStatementPartNewline
2021-11-21T23:53:18,158|[TRACE] graph - -----> statementPart
2021-11-21T23:53:18,158|[TRACE] graph - -------> nonSkippedSpace
2021-11-21T23:53:18,158|[TRACE] script - #out(` `) [token]
2021-11-21T23:53:18,158|[TRACE] graph - <------- nonSkippedSpace
2021-11-21T23:53:18,158|[TRACE] graph - <----- statementPart
2021-11-21T23:53:18,158|[TRACE] graph - -----> statementPart
2021-11-21T23:53:18,158|[TRACE] graph - -------> nonSkippedSpace
2021-11-21T23:53:18,158|[TRACE] script - #out(` `) [token]
2021-11-21T23:53:18,158|[TRACE] graph - <------- nonSkippedSpace
2021-11-21T23:53:18,158|[TRACE] graph - <----- statementPart
2021-11-21T23:53:18,158|[TRACE] graph - -----> statementPart
2021-11-21T23:53:18,158|[TRACE] graph - -------> quotedString
2021-11-21T23:53:18,158|[TRACE] script - #out(``version``) [token]
2021-11-21T23:53:18,158|[TRACE] graph - <------- quotedString
2021-11-21T23:53:18,158|[TRACE] graph - <----- statementPart
2021-11-21T23:53:18,158|[TRACE] graph - -----> statementPart
2021-11-21T23:53:18,158|[TRACE] graph - -------> nonSkippedSpace
2021-11-21T23:53:18,158|[TRACE] script - #out(` `) [token]
2021-11-21T23:53:18,158|[TRACE] graph - <------- nonSkippedSpace
2021-11-21T23:53:18,158|[TRACE] graph - <----- statementPart
2021-11-21T23:53:18,158|[TRACE] graph - -----> statementPart
2021-11-21T23:53:18,158|[TRACE] graph - -------> nonSkippedChar
2021-11-21T23:53:18,158|[TRACE] script - #out(`I`) [token]
2021-11-21T23:53:18,158|[TRACE] graph - <------- nonSkippedChar
2021-11-21T23:53:18,158|[TRACE] graph - <----- statementPart
2021-11-21T23:53:18,158|[TRACE] graph - -----> statementPart
2021-11-21T23:53:18,158|[TRACE] graph - -------> nonSkippedChar
2021-11-21T23:53:18,158|[TRACE] script - #out(`N`) [token]
2021-11-21T23:53:18,158|[TRACE] graph - <------- nonSkippedChar
2021-11-21T23:53:18,158|[TRACE] graph - <----- statementPart
2021-11-21T23:53:18,158|[TRACE] graph - -----> statementPart
2021-11-21T23:53:18,158|[TRACE] graph - -------> nonSkippedChar
2021-11-21T23:53:18,158|[TRACE] script - #out(`T`) [token]
2021-11-21T23:53:18,158|[TRACE] graph - <------- nonSkippedChar
2021-11-21T23:53:18,158|[TRACE] graph - <----- statementPart
2021-11-21T23:53:18,158|[TRACE] graph - -----> statementPart
2021-11-21T23:53:18,158|[TRACE] graph - -------> nonSkippedSpace
2021-11-21T23:53:18,158|[TRACE] script - #out(` `) [token]
2021-11-21T23:53:18,158|[TRACE] graph - <------- nonSkippedSpace
2021-11-21T23:53:18,158|[TRACE] graph - <----- statementPart
2021-11-21T23:53:18,158|[TRACE] graph - -----> statementPart
2021-11-21T23:53:18,158|[TRACE] graph - -------> nonSkippedChar
2021-11-21T23:53:18,158|[TRACE] script - #out(`N`) [token]
2021-11-21T23:53:18,158|[TRACE] graph - <------- nonSkippedChar
2021-11-21T23:53:18,158|[TRACE] graph - <----- statementPart
2021-11-21T23:53:18,158|[TRACE] graph - -----> statementPart
2021-11-21T23:53:18,158|[TRACE] graph - -------> nonSkippedChar
2021-11-21T23:53:18,158|[TRACE] script - #out(`O`) [token]
2021-11-21T23:53:18,158|[TRACE] graph - <------- nonSkippedChar
2021-11-21T23:53:18,158|[TRACE] graph - <----- statementPart
2021-11-21T23:53:18,158|[TRACE] graph - -----> statementPart
2021-11-21T23:53:18,158|[TRACE] graph - -------> nonSkippedChar
2021-11-21T23:53:18,158|[TRACE] script - #out(`T`) [token]
2021-11-21T23:53:18,158|[TRACE] graph - <------- nonSkippedChar
2021-11-21T23:53:18,158|[TRACE] graph - <----- statementPart
2021-11-21T23:53:18,158|[TRACE] graph - -----> statementPart
2021-11-21T23:53:18,158|[TRACE] graph - -------> nonSkippedSpace
2021-11-21T23:53:18,158|[TRACE] script - #out(` `) [token]
2021-11-21T23:53:18,158|[TRACE] graph - <------- nonSkippedSpace
2021-11-21T23:53:18,158|[TRACE] graph - <----- statementPart
2021-11-21T23:53:18,158|[TRACE] graph - -----> statementPart
2021-11-21T23:53:18,158|[TRACE] graph - -------> nonSkippedChar
2021-11-21T23:53:18,158|[TRACE] script - #out(`N`) [token]
2021-11-21T23:53:18,159|[TRACE] graph - <------- nonSkippedChar
2021-11-21T23:53:18,159|[TRACE] graph - <----- statementPart
2021-11-21T23:53:18,159|[TRACE] graph - -----> statementPart
2021-11-21T23:53:18,159|[TRACE] graph - -------> nonSkippedChar
2021-11-21T23:53:18,159|[TRACE] script - #out(`U`) [token]
2021-11-21T23:53:18,159|[TRACE] graph - <------- nonSkippedChar
2021-11-21T23:53:18,159|[TRACE] graph - <----- statementPart
2021-11-21T23:53:18,159|[TRACE] graph - -----> statementPart
2021-11-21T23:53:18,159|[TRACE] graph - -------> nonSkippedChar
2021-11-21T23:53:18,159|[TRACE] script - #out(`L`) [token]
2021-11-21T23:53:18,159|[TRACE] graph - <------- nonSkippedChar
2021-11-21T23:53:18,159|[TRACE] graph - <----- statementPart
2021-11-21T23:53:18,159|[TRACE] graph - -----> statementPart
2021-11-21T23:53:18,159|[TRACE] graph - -------> nonSkippedChar
2021-11-21T23:53:18,159|[TRACE] script - #out(`L`) [token]
2021-11-21T23:53:18,159|[TRACE] graph - <------- nonSkippedChar
2021-11-21T23:53:18,159|[TRACE] graph - <----- statementPart
2021-11-21T23:53:18,159|[TRACE] graph - -----> statementPart
2021-11-21T23:53:18,159|[TRACE] graph - -------> nonSkippedSpace
2021-11-21T23:53:18,159|[TRACE] script - #out(` `) [token]
2021-11-21T23:53:18,159|[TRACE] graph - <------- nonSkippedSpace
2021-11-21T23:53:18,159|[TRACE] graph - <----- statementPart
2021-11-21T23:53:18,159|[TRACE] graph - -----> statementPart
2021-11-21T23:53:18,159|[TRACE] graph - -------> nonSkippedChar
2021-11-21T23:53:18,159|[TRACE] script - #out(`D`) [token]
2021-11-21T23:53:18,159|[TRACE] graph - <------- nonSkippedChar
2021-11-21T23:53:18,159|[TRACE] graph - <----- statementPart
2021-11-21T23:53:18,159|[TRACE] graph - -----> statementPart
2021-11-21T23:53:18,159|[TRACE] graph - -------> nonSkippedChar
2021-11-21T23:53:18,159|[TRACE] script - #out(`E`) [token]
2021-11-21T23:53:18,159|[TRACE] graph - <------- nonSkippedChar
2021-11-21T23:53:18,159|[TRACE] graph - <----- statementPart
2021-11-21T23:53:18,159|[TRACE] graph - -----> statementPart
2021-11-21T23:53:18,159|[TRACE] graph - -------> nonSkippedChar
2021-11-21T23:53:18,159|[TRACE] script - #out(`F`) [token]
2021-11-21T23:53:18,159|[TRACE] graph - <------- nonSkippedChar
2021-11-21T23:53:18,159|[TRACE] graph - <----- statementPart
2021-11-21T23:53:18,159|[TRACE] graph - -----> statementPart
2021-11-21T23:53:18,159|[TRACE] graph - -------> nonSkippedChar
2021-11-21T23:53:18,159|[TRACE] script - #out(`A`) [token]
2021-11-21T23:53:18,159|[TRACE] graph - <------- nonSkippedChar
2021-11-21T23:53:18,159|[TRACE] graph - <----- statementPart
2021-11-21T23:53:18,159|[TRACE] graph - -----> statementPart
2021-11-21T23:53:18,159|[TRACE] graph - -------> nonSkippedChar
2021-11-21T23:53:18,159|[TRACE] script - #out(`U`) [token]
2021-11-21T23:53:18,159|[TRACE] graph - <------- nonSkippedChar
2021-11-21T23:53:18,159|[TRACE] graph - <----- statementPart
2021-11-21T23:53:18,159|[TRACE] graph - -----> statementPart
2021-11-21T23:53:18,159|[TRACE] graph - -------> nonSkippedChar
2021-11-21T23:53:18,159|[TRACE] script - #out(`L`) [token]
2021-11-21T23:53:18,159|[TRACE] graph - <------- nonSkippedChar
2021-11-21T23:53:18,159|[TRACE] graph - <----- statementPart
2021-11-21T23:53:18,159|[TRACE] graph - -----> statementPart
2021-11-21T23:53:18,159|[TRACE] graph - -------> nonSkippedChar
2021-11-21T23:53:18,159|[TRACE] script - #out(`T`) [token]
2021-11-21T23:53:18,159|[TRACE] graph - <------- nonSkippedChar
2021-11-21T23:53:18,159|[TRACE] graph - <----- statementPart
2021-11-21T23:53:18,159|[TRACE] graph - -----> statementPart
2021-11-21T23:53:18,159|[TRACE] graph - -------> nonSkippedSpace
2021-11-21T23:53:18,159|[TRACE] script - #out(` `) [token]
2021-11-21T23:53:18,159|[TRACE] graph - <------- nonSkippedSpace
2021-11-21T23:53:18,159|[TRACE] graph - <----- statementPart
2021-11-21T23:53:18,159|[TRACE] graph - -----> statementPart
2021-11-21T23:53:18,159|[TRACE] graph - -------> nonSkippedChar
2021-11-21T23:53:18,159|[TRACE] script - #out(`1`) [token]
2021-11-21T23:53:18,159|[TRACE] graph - <------- nonSkippedChar
2021-11-21T23:53:18,159|[TRACE] graph - <----- statementPart
2021-11-21T23:53:18,159|[TRACE] graph - -----> statementPart
2021-11-21T23:53:18,159|[TRACE] graph - -------> nonSkippedChar
2021-11-21T23:53:18,159|[TRACE] script - #out(`,`) [token]
2021-11-21T23:53:18,159|[TRACE] graph - <------- nonSkippedChar
2021-11-21T23:53:18,159|[TRACE] graph - <----- statementPart
2021-11-21T23:53:18,159|[TRACE] graph - -----> afterStatementPartNewline
2021-11-21T23:53:18,159|[TRACE] script - #out(` `) [text]
2021-11-21T23:53:18,159|[TRACE] graph - <----- afterStatementPartNewline
2021-11-21T23:53:18,159|[TRACE] graph - -----> statementPart
2021-11-21T23:53:18,159|[TRACE] graph - -------> nonSkippedSpace
2021-11-21T23:53:18,159|[TRACE] script - #out(` `) [token]
2021-11-21T23:53:18,159|[TRACE] graph - <------- nonSkippedSpace
2021-11-21T23:53:18,159|[TRACE] graph - <----- statementPart
2021-11-21T23:53:18,159|[TRACE] graph - -----> statementPart
2021-11-21T23:53:18,159|[TRACE] graph - -------> nonSkippedSpace
2021-11-21T23:53:18,159|[TRACE] script - #out(` `) [token]
2021-11-21T23:53:18,159|[TRACE] graph - <------- nonSkippedSpace
2021-11-21T23:53:18,159|[TRACE] graph - <----- statementPart
2021-11-21T23:53:18,159|[TRACE] graph - -----> statementPart
2021-11-21T23:53:18,159|[TRACE] graph - -------> nonSkippedChar
2021-11-21T23:53:18,159|[TRACE] script - #out(`I`) [token]
2021-11-21T23:53:18,159|[TRACE] graph - <------- nonSkippedChar
2021-11-21T23:53:18,159|[TRACE] graph - <----- statementPart
2021-11-21T23:53:18,159|[TRACE] graph - -----> statementPart
2021-11-21T23:53:18,159|[TRACE] graph - -------> nonSkippedChar
2021-11-21T23:53:18,159|[TRACE] script - #out(`N`) [token]
2021-11-21T23:53:18,159|[TRACE] graph - <------- nonSkippedChar
2021-11-21T23:53:18,159|[TRACE] graph - <----- statementPart
2021-11-21T23:53:18,159|[TRACE] graph - -----> statementPart
2021-11-21T23:53:18,160|[TRACE] graph - -------> nonSkippedChar
2021-11-21T23:53:18,160|[TRACE] script - #out(`D`) [token]
2021-11-21T23:53:18,160|[TRACE] graph - <------- nonSkippedChar
2021-11-21T23:53:18,160|[TRACE] graph - <----- statementPart
2021-11-21T23:53:18,160|[TRACE] graph - -----> statementPart
2021-11-21T23:53:18,160|[TRACE] graph - -------> nonSkippedChar
2021-11-21T23:53:18,160|[TRACE] script - #out(`E`) [token]
2021-11-21T23:53:18,160|[TRACE] graph - <------- nonSkippedChar
2021-11-21T23:53:18,160|[TRACE] graph - <----- statementPart
2021-11-21T23:53:18,160|[TRACE] graph - -----> statementPart
2021-11-21T23:53:18,160|[TRACE] graph - -------> nonSkippedChar
2021-11-21T23:53:18,160|[TRACE] script - #out(`X`) [token]
2021-11-21T23:53:18,160|[TRACE] graph - <------- nonSkippedChar
2021-11-21T23:53:18,160|[TRACE] graph - <----- statementPart
2021-11-21T23:53:18,160|[TRACE] graph - -----> statementPart
2021-11-21T23:53:18,160|[TRACE] graph - -------> nonSkippedSpace
2021-11-21T23:53:18,160|[TRACE] script - #out(` `) [token]
2021-11-21T23:53:18,160|[TRACE] graph - <------- nonSkippedSpace
2021-11-21T23:53:18,160|[TRACE] graph - <----- statementPart
2021-11-21T23:53:18,160|[TRACE] graph - -----> statementPart
2021-11-21T23:53:18,160|[TRACE] graph - -------> quotedString
2021-11-21T23:53:18,160|[TRACE] script - #out(``fk_donation_record_person1_idx``) [token]
2021-11-21T23:53:18,160|[TRACE] graph - <------- quotedString
2021-11-21T23:53:18,160|[TRACE] graph - <----- statementPart
2021-11-21T23:53:18,160|[TRACE] graph - -----> statementPart
2021-11-21T23:53:18,160|[TRACE] graph - -------> nonSkippedSpace
2021-11-21T23:53:18,160|[TRACE] script - #out(` `) [token]
2021-11-21T23:53:18,160|[TRACE] graph - <------- nonSkippedSpace
2021-11-21T23:53:18,160|[TRACE] graph - <----- statementPart
2021-11-21T23:53:18,160|[TRACE] graph - -----> statementPart
2021-11-21T23:53:18,160|[TRACE] graph - -------> nonSkippedChar
2021-11-21T23:53:18,160|[TRACE] script - #out(`(`) [token]
2021-11-21T23:53:18,160|[TRACE] graph - <------- nonSkippedChar
2021-11-21T23:53:18,160|[TRACE] graph - <----- statementPart
2021-11-21T23:53:18,160|[TRACE] graph - -----> statementPart
2021-11-21T23:53:18,160|[TRACE] graph - -------> quotedString
2021-11-21T23:53:18,160|[TRACE] script - #out(``person_id``) [token]
2021-11-21T23:53:18,160|[TRACE] graph - <------- quotedString
2021-11-21T23:53:18,160|[TRACE] graph - <----- statementPart
2021-11-21T23:53:18,160|[TRACE] graph - -----> statementPart
2021-11-21T23:53:18,160|[TRACE] graph - -------> nonSkippedSpace
2021-11-21T23:53:18,160|[TRACE] script - #out(` `) [token]
2021-11-21T23:53:18,160|[TRACE] graph - <------- nonSkippedSpace
2021-11-21T23:53:18,160|[TRACE] graph - <----- statementPart
2021-11-21T23:53:18,160|[TRACE] graph - -----> statementPart
2021-11-21T23:53:18,160|[TRACE] graph - -------> nonSkippedChar
2021-11-21T23:53:18,160|[TRACE] script - #out(`A`) [token]
2021-11-21T23:53:18,160|[TRACE] graph - <------- nonSkippedChar
2021-11-21T23:53:18,160|[TRACE] graph - <----- statementPart
2021-11-21T23:53:18,160|[TRACE] graph - -----> statementPart
2021-11-21T23:53:18,160|[TRACE] graph - -------> nonSkippedChar
2021-11-21T23:53:18,160|[TRACE] script - #out(`S`) [token]
2021-11-21T23:53:18,160|[TRACE] graph - <------- nonSkippedChar
2021-11-21T23:53:18,160|[TRACE] graph - <----- statementPart
2021-11-21T23:53:18,160|[TRACE] graph - -----> statementPart
2021-11-21T23:53:18,160|[TRACE] graph - -------> nonSkippedChar
2021-11-21T23:53:18,160|[TRACE] script - #out(`C`) [token]
2021-11-21T23:53:18,160|[TRACE] graph - <------- nonSkippedChar
2021-11-21T23:53:18,160|[TRACE] graph - <----- statementPart
2021-11-21T23:53:18,160|[TRACE] graph - -----> statementPart
2021-11-21T23:53:18,160|[TRACE] graph - -------> nonSkippedChar
2021-11-21T23:53:18,160|[TRACE] script - #out(`)`) [token]
2021-11-21T23:53:18,160|[TRACE] graph - <------- nonSkippedChar
2021-11-21T23:53:18,160|[TRACE] graph - <----- statementPart
2021-11-21T23:53:18,160|[TRACE] graph - -----> statementPart
2021-11-21T23:53:18,160|[TRACE] graph - -------> nonSkippedSpace
2021-11-21T23:53:18,160|[TRACE] script - #out(` `) [token]
2021-11-21T23:53:18,160|[TRACE] graph - <------- nonSkippedSpace
2021-11-21T23:53:18,160|[TRACE] graph - <----- statementPart
2021-11-21T23:53:18,160|[TRACE] graph - -----> statementPart
2021-11-21T23:53:18,160|[TRACE] graph - -------> nonSkippedChar
2021-11-21T23:53:18,160|[TRACE] script - #out(`V`) [token]
2021-11-21T23:53:18,160|[TRACE] graph - <------- nonSkippedChar
2021-11-21T23:53:18,160|[TRACE] graph - <----- statementPart
2021-11-21T23:53:18,160|[TRACE] graph - -----> statementPart
2021-11-21T23:53:18,160|[TRACE] graph - -------> nonSkippedChar
2021-11-21T23:53:18,160|[TRACE] script - #out(`I`) [token]
2021-11-21T23:53:18,160|[TRACE] graph - <------- nonSkippedChar
2021-11-21T23:53:18,160|[TRACE] graph - <----- statementPart
2021-11-21T23:53:18,160|[TRACE] graph - -----> statementPart
2021-11-21T23:53:18,160|[TRACE] graph - -------> nonSkippedChar
2021-11-21T23:53:18,160|[TRACE] script - #out(`S`) [token]
2021-11-21T23:53:18,160|[TRACE] graph - <------- nonSkippedChar
2021-11-21T23:53:18,160|[TRACE] graph - <----- statementPart
2021-11-21T23:53:18,160|[TRACE] graph - -----> statementPart
2021-11-21T23:53:18,160|[TRACE] graph - -------> nonSkippedChar
2021-11-21T23:53:18,160|[TRACE] script - #out(`I`) [token]
2021-11-21T23:53:18,160|[TRACE] graph - <------- nonSkippedChar
2021-11-21T23:53:18,160|[TRACE] graph - <----- statementPart
2021-11-21T23:53:18,160|[TRACE] graph - -----> statementPart
2021-11-21T23:53:18,160|[TRACE] graph - -------> nonSkippedChar
2021-11-21T23:53:18,160|[TRACE] script - #out(`B`) [token]
2021-11-21T23:53:18,160|[TRACE] graph - <------- nonSkippedChar
2021-11-21T23:53:18,160|[TRACE] graph - <----- statementPart
2021-11-21T23:53:18,160|[TRACE] graph - -----> statementPart
2021-11-21T23:53:18,160|[TRACE] graph - -------> nonSkippedChar
2021-11-21T23:53:18,160|[TRACE] script - #out(`L`) [token]
2021-11-21T23:53:18,160|[TRACE] graph - <------- nonSkippedChar
2021-11-21T23:53:18,160|[TRACE] graph - <----- statementPart
2021-11-21T23:53:18,160|[TRACE] graph - -----> statementPart
2021-11-21T23:53:18,160|[TRACE] graph - -------> nonSkippedChar
2021-11-21T23:53:18,160|[TRACE] script - #out(`E`) [token]
2021-11-21T23:53:18,160|[TRACE] graph - <------- nonSkippedChar
2021-11-21T23:53:18,160|[TRACE] graph - <----- statementPart
2021-11-21T23:53:18,160|[TRACE] graph - -----> statementPart
2021-11-21T23:53:18,160|[TRACE] graph - -------> nonSkippedChar
2021-11-21T23:53:18,160|[TRACE] script - #out(`,`) [token]
2021-11-21T23:53:18,160|[TRACE] graph - <------- nonSkippedChar
2021-11-21T23:53:18,160|[TRACE] graph - <----- statementPart
2021-11-21T23:53:18,160|[TRACE] graph - -----> afterStatementPartNewline
2021-11-21T23:53:18,160|[TRACE] script - #out(` `) [text]
2021-11-21T23:53:18,160|[TRACE] graph - <----- afterStatementPartNewline
2021-11-21T23:53:18,160|[TRACE] graph - -----> statementPart
2021-11-21T23:53:18,160|[TRACE] graph - -------> nonSkippedSpace
2021-11-21T23:53:18,160|[TRACE] script - #out(` `) [token]
2021-11-21T23:53:18,160|[TRACE] graph - <------- nonSkippedSpace
2021-11-21T23:53:18,160|[TRACE] graph - <----- statementPart
2021-11-21T23:53:18,160|[TRACE] graph - -----> statementPart
2021-11-21T23:53:18,160|[TRACE] graph - -------> nonSkippedSpace
2021-11-21T23:53:18,160|[TRACE] script - #out(` `) [token]
2021-11-21T23:53:18,160|[TRACE] graph - <------- nonSkippedSpace
2021-11-21T23:53:18,160|[TRACE] graph - <----- statementPart
2021-11-21T23:53:18,160|[TRACE] graph - -----> statementPart
2021-11-21T23:53:18,160|[TRACE] graph - -------> nonSkippedChar
2021-11-21T23:53:18,160|[TRACE] script - #out(`I`) [token]
2021-11-21T23:53:18,160|[TRACE] graph - <------- nonSkippedChar
2021-11-21T23:53:18,160|[TRACE] graph - <----- statementPart
2021-11-21T23:53:18,161|[TRACE] graph - -----> statementPart
2021-11-21T23:53:18,161|[TRACE] graph - -------> nonSkippedChar
2021-11-21T23:53:18,161|[TRACE] script - #out(`N`) [token]
2021-11-21T23:53:18,161|[TRACE] graph - <------- nonSkippedChar
2021-11-21T23:53:18,161|[TRACE] graph - <----- statementPart
2021-11-21T23:53:18,161|[TRACE] graph - -----> statementPart
2021-11-21T23:53:18,161|[TRACE] graph - -------> nonSkippedChar
2021-11-21T23:53:18,161|[TRACE] script - #out(`D`) [token]
2021-11-21T23:53:18,161|[TRACE] graph - <------- nonSkippedChar
2021-11-21T23:53:18,161|[TRACE] graph - <----- statementPart
2021-11-21T23:53:18,161|[TRACE] graph - -----> statementPart
2021-11-21T23:53:18,161|[TRACE] graph - -------> nonSkippedChar
2021-11-21T23:53:18,161|[TRACE] script - #out(`E`) [token]
2021-11-21T23:53:18,161|[TRACE] graph - <------- nonSkippedChar
2021-11-21T23:53:18,161|[TRACE] graph - <----- statementPart
2021-11-21T23:53:18,161|[TRACE] graph - -----> statementPart
2021-11-21T23:53:18,161|[TRACE] graph - -------> nonSkippedChar
2021-11-21T23:53:18,161|[TRACE] script - #out(`X`) [token]
2021-11-21T23:53:18,161|[TRACE] graph - <------- nonSkippedChar
2021-11-21T23:53:18,161|[TRACE] graph - <----- statementPart
2021-11-21T23:53:18,161|[TRACE] graph - -----> statementPart
2021-11-21T23:53:18,161|[TRACE] graph - -------> nonSkippedSpace
2021-11-21T23:53:18,161|[TRACE] script - #out(` `) [token]
2021-11-21T23:53:18,161|[TRACE] graph - <------- nonSkippedSpace
2021-11-21T23:53:18,161|[TRACE] graph - <----- statementPart
2021-11-21T23:53:18,161|[TRACE] graph - -----> statementPart
2021-11-21T23:53:18,161|[TRACE] graph - -------> quotedString
2021-11-21T23:53:18,161|[TRACE] script - #out(``fk_donation_record_blood_donation1_idx``) [token]
2021-11-21T23:53:18,161|[TRACE] graph - <------- quotedString
2021-11-21T23:53:18,161|[TRACE] graph - <----- statementPart
2021-11-21T23:53:18,161|[TRACE] graph - -----> statementPart
2021-11-21T23:53:18,161|[TRACE] graph - -------> nonSkippedSpace
2021-11-21T23:53:18,161|[TRACE] script - #out(` `) [token]
2021-11-21T23:53:18,161|[TRACE] graph - <------- nonSkippedSpace
2021-11-21T23:53:18,161|[TRACE] graph - <----- statementPart
2021-11-21T23:53:18,161|[TRACE] graph - -----> statementPart
2021-11-21T23:53:18,161|[TRACE] graph - -------> nonSkippedChar
2021-11-21T23:53:18,161|[TRACE] script - #out(`(`) [token]
2021-11-21T23:53:18,161|[TRACE] graph - <------- nonSkippedChar
2021-11-21T23:53:18,161|[TRACE] graph - <----- statementPart
2021-11-21T23:53:18,161|[TRACE] graph - -----> statementPart
2021-11-21T23:53:18,161|[TRACE] graph - -------> quotedString
2021-11-21T23:53:18,161|[TRACE] script - #out(``donation_id``) [token]
2021-11-21T23:53:18,161|[TRACE] graph - <------- quotedString
2021-11-21T23:53:18,161|[TRACE] graph - <----- statementPart
2021-11-21T23:53:18,161|[TRACE] graph - -----> statementPart
2021-11-21T23:53:18,161|[TRACE] graph - -------> nonSkippedSpace
2021-11-21T23:53:18,161|[TRACE] script - #out(` `) [token]
2021-11-21T23:53:18,161|[TRACE] graph - <------- nonSkippedSpace
2021-11-21T23:53:18,161|[TRACE] graph - <----- statementPart
2021-11-21T23:53:18,161|[TRACE] graph - -----> statementPart
2021-11-21T23:53:18,161|[TRACE] graph - -------> nonSkippedChar
2021-11-21T23:53:18,161|[TRACE] script - #out(`A`) [token]
2021-11-21T23:53:18,161|[TRACE] graph - <------- nonSkippedChar
2021-11-21T23:53:18,161|[TRACE] graph - <----- statementPart
2021-11-21T23:53:18,161|[TRACE] graph - -----> statementPart
2021-11-21T23:53:18,161|[TRACE] graph - -------> nonSkippedChar
2021-11-21T23:53:18,161|[TRACE] script - #out(`S`) [token]
2021-11-21T23:53:18,161|[TRACE] graph - <------- nonSkippedChar
2021-11-21T23:53:18,161|[TRACE] graph - <----- statementPart
2021-11-21T23:53:18,161|[TRACE] graph - -----> statementPart
2021-11-21T23:53:18,161|[TRACE] graph - -------> nonSkippedChar
2021-11-21T23:53:18,161|[TRACE] script - #out(`C`) [token]
2021-11-21T23:53:18,161|[TRACE] graph - <------- nonSkippedChar
2021-11-21T23:53:18,161|[TRACE] graph - <----- statementPart
2021-11-21T23:53:18,161|[TRACE] graph - -----> statementPart
2021-11-21T23:53:18,161|[TRACE] graph - -------> nonSkippedChar
2021-11-21T23:53:18,161|[TRACE] script - #out(`)`) [token]
2021-11-21T23:53:18,161|[TRACE] graph - <------- nonSkippedChar
2021-11-21T23:53:18,161|[TRACE] graph - <----- statementPart
2021-11-21T23:53:18,161|[TRACE] graph - -----> statementPart
2021-11-21T23:53:18,161|[TRACE] graph - -------> nonSkippedSpace
2021-11-21T23:53:18,161|[TRACE] script - #out(` `) [token]
2021-11-21T23:53:18,161|[TRACE] graph - <------- nonSkippedSpace
2021-11-21T23:53:18,161|[TRACE] graph - <----- statementPart
2021-11-21T23:53:18,161|[TRACE] graph - -----> statementPart
2021-11-21T23:53:18,161|[TRACE] graph - -------> nonSkippedChar
2021-11-21T23:53:18,161|[TRACE] script - #out(`V`) [token]
2021-11-21T23:53:18,161|[TRACE] graph - <------- nonSkippedChar
2021-11-21T23:53:18,161|[TRACE] graph - <----- statementPart
2021-11-21T23:53:18,161|[TRACE] graph - -----> statementPart
2021-11-21T23:53:18,161|[TRACE] graph - -------> nonSkippedChar
2021-11-21T23:53:18,161|[TRACE] script - #out(`I`) [token]
2021-11-21T23:53:18,161|[TRACE] graph - <------- nonSkippedChar
2021-11-21T23:53:18,161|[TRACE] graph - <----- statementPart
2021-11-21T23:53:18,161|[TRACE] graph - -----> statementPart
2021-11-21T23:53:18,161|[TRACE] graph - -------> nonSkippedChar
2021-11-21T23:53:18,161|[TRACE] script - #out(`S`) [token]
2021-11-21T23:53:18,161|[TRACE] graph - <------- nonSkippedChar
2021-11-21T23:53:18,161|[TRACE] graph - <----- statementPart
2021-11-21T23:53:18,161|[TRACE] graph - -----> statementPart
2021-11-21T23:53:18,161|[TRACE] graph - -------> nonSkippedChar
2021-11-21T23:53:18,161|[TRACE] script - #out(`I`) [token]
2021-11-21T23:53:18,161|[TRACE] graph - <------- nonSkippedChar
2021-11-21T23:53:18,161|[TRACE] graph - <----- statementPart
2021-11-21T23:53:18,161|[TRACE] graph - -----> statementPart
2021-11-21T23:53:18,161|[TRACE] graph - -------> nonSkippedChar
2021-11-21T23:53:18,161|[TRACE] script - #out(`B`) [token]
2021-11-21T23:53:18,161|[TRACE] graph - <------- nonSkippedChar
2021-11-21T23:53:18,161|[TRACE] graph - <----- statementPart
2021-11-21T23:53:18,161|[TRACE] graph - -----> statementPart
2021-11-21T23:53:18,161|[TRACE] graph - -------> nonSkippedChar
2021-11-21T23:53:18,161|[TRACE] script - #out(`L`) [token]
2021-11-21T23:53:18,161|[TRACE] graph - <------- nonSkippedChar
2021-11-21T23:53:18,161|[TRACE] graph - <----- statementPart
2021-11-21T23:53:18,161|[TRACE] graph - -----> statementPart
2021-11-21T23:53:18,161|[TRACE] graph - -------> nonSkippedChar
2021-11-21T23:53:18,161|[TRACE] script - #out(`E`) [token]
2021-11-21T23:53:18,161|[TRACE] graph - <------- nonSkippedChar
2021-11-21T23:53:18,161|[TRACE] graph - <----- statementPart
2021-11-21T23:53:18,161|[TRACE] graph - -----> statementPart
2021-11-21T23:53:18,161|[TRACE] graph - -------> nonSkippedChar
2021-11-21T23:53:18,161|[TRACE] script - #out(`,`) [token]
2021-11-21T23:53:18,161|[TRACE] graph - <------- nonSkippedChar
2021-11-21T23:53:18,161|[TRACE] graph - <----- statementPart
2021-11-21T23:53:18,161|[TRACE] graph - -----> afterStatementPartNewline
2021-11-21T23:53:18,161|[TRACE] script - #out(` `) [text]
2021-11-21T23:53:18,162|[TRACE] graph - <----- afterStatementPartNewline
2021-11-21T23:53:18,162|[TRACE] graph - -----> statementPart
2021-11-21T23:53:18,162|[TRACE] graph - -------> nonSkippedSpace
2021-11-21T23:53:18,162|[TRACE] script - #out(` `) [token]
2021-11-21T23:53:18,162|[TRACE] graph - <------- nonSkippedSpace
2021-11-21T23:53:18,162|[TRACE] graph - <----- statementPart
2021-11-21T23:53:18,162|[TRACE] graph - -----> statementPart
2021-11-21T23:53:18,162|[TRACE] graph - -------> nonSkippedSpace
2021-11-21T23:53:18,162|[TRACE] script - #out(` `) [token]
2021-11-21T23:53:18,162|[TRACE] graph - <------- nonSkippedSpace
2021-11-21T23:53:18,162|[TRACE] graph - <----- statementPart
2021-11-21T23:53:18,162|[TRACE] graph - -----> statementPart
2021-11-21T23:53:18,162|[TRACE] graph - -------> nonSkippedChar
2021-11-21T23:53:18,162|[TRACE] script - #out(`U`) [token]
2021-11-21T23:53:18,162|[TRACE] graph - <------- nonSkippedChar
2021-11-21T23:53:18,162|[TRACE] graph - <----- statementPart
2021-11-21T23:53:18,162|[TRACE] graph - -----> statementPart
2021-11-21T23:53:18,162|[TRACE] graph - -------> nonSkippedChar
2021-11-21T23:53:18,162|[TRACE] script - #out(`N`) [token]
2021-11-21T23:53:18,162|[TRACE] graph - <------- nonSkippedChar
2021-11-21T23:53:18,162|[TRACE] graph - <----- statementPart
2021-11-21T23:53:18,162|[TRACE] graph - -----> statementPart
2021-11-21T23:53:18,162|[TRACE] graph - -------> nonSkippedChar
2021-11-21T23:53:18,162|[TRACE] script - #out(`I`) [token]
2021-11-21T23:53:18,162|[TRACE] graph - <------- nonSkippedChar
2021-11-21T23:53:18,162|[TRACE] graph - <----- statementPart
2021-11-21T23:53:18,162|[TRACE] graph - -----> statementPart
2021-11-21T23:53:18,162|[TRACE] graph - -------> nonSkippedChar
2021-11-21T23:53:18,162|[TRACE] script - #out(`Q`) [token]
2021-11-21T23:53:18,162|[TRACE] graph - <------- nonSkippedChar
2021-11-21T23:53:18,162|[TRACE] graph - <----- statementPart
2021-11-21T23:53:18,162|[TRACE] graph - -----> statementPart
2021-11-21T23:53:18,162|[TRACE] graph - -------> nonSkippedChar
2021-11-21T23:53:18,162|[TRACE] script - #out(`U`) [token]
2021-11-21T23:53:18,162|[TRACE] graph - <------- nonSkippedChar
2021-11-21T23:53:18,162|[TRACE] graph - <----- statementPart
2021-11-21T23:53:18,162|[TRACE] graph - -----> statementPart
2021-11-21T23:53:18,162|[TRACE] graph - -------> nonSkippedChar
2021-11-21T23:53:18,162|[TRACE] script - #out(`E`) [token]
2021-11-21T23:53:18,162|[TRACE] graph - <------- nonSkippedChar
2021-11-21T23:53:18,162|[TRACE] graph - <----- statementPart
2021-11-21T23:53:18,162|[TRACE] graph - -----> statementPart
2021-11-21T23:53:18,162|[TRACE] graph - -------> nonSkippedSpace
2021-11-21T23:53:18,162|[TRACE] script - #out(` `) [token]
2021-11-21T23:53:18,162|[TRACE] graph - <------- nonSkippedSpace
2021-11-21T23:53:18,162|[TRACE] graph - <----- statementPart
2021-11-21T23:53:18,162|[TRACE] graph - -----> statementPart
2021-11-21T23:53:18,162|[TRACE] graph - -------> nonSkippedChar
2021-11-21T23:53:18,162|[TRACE] script - #out(`I`) [token]
2021-11-21T23:53:18,162|[TRACE] graph - <------- nonSkippedChar
2021-11-21T23:53:18,162|[TRACE] graph - <----- statementPart
2021-11-21T23:53:18,162|[TRACE] graph - -----> statementPart
2021-11-21T23:53:18,162|[TRACE] graph - -------> nonSkippedChar
2021-11-21T23:53:18,162|[TRACE] script - #out(`N`) [token]
2021-11-21T23:53:18,162|[TRACE] graph - <------- nonSkippedChar
2021-11-21T23:53:18,162|[TRACE] graph - <----- statementPart
2021-11-21T23:53:18,162|[TRACE] graph - -----> statementPart
2021-11-21T23:53:18,162|[TRACE] graph - -------> nonSkippedChar
2021-11-21T23:53:18,162|[TRACE] script - #out(`D`) [token]
2021-11-21T23:53:18,162|[TRACE] graph - <------- nonSkippedChar
2021-11-21T23:53:18,162|[TRACE] graph - <----- statementPart
2021-11-21T23:53:18,162|[TRACE] graph - -----> statementPart
2021-11-21T23:53:18,162|[TRACE] graph - -------> nonSkippedChar
2021-11-21T23:53:18,162|[TRACE] script - #out(`E`) [token]
2021-11-21T23:53:18,162|[TRACE] graph - <------- nonSkippedChar
2021-11-21T23:53:18,162|[TRACE] graph - <----- statementPart
2021-11-21T23:53:18,162|[TRACE] graph - -----> statementPart
2021-11-21T23:53:18,162|[TRACE] graph - -------> nonSkippedChar
2021-11-21T23:53:18,162|[TRACE] script - #out(`X`) [token]
2021-11-21T23:53:18,162|[TRACE] graph - <------- nonSkippedChar
2021-11-21T23:53:18,162|[TRACE] graph - <----- statementPart
2021-11-21T23:53:18,162|[TRACE] graph - -----> statementPart
2021-11-21T23:53:18,162|[TRACE] graph - -------> nonSkippedSpace
2021-11-21T23:53:18,162|[TRACE] script - #out(` `) [token]
2021-11-21T23:53:18,162|[TRACE] graph - <------- nonSkippedSpace
2021-11-21T23:53:18,162|[TRACE] graph - <----- statementPart
2021-11-21T23:53:18,162|[TRACE] graph - -----> statementPart
2021-11-21T23:53:18,162|[TRACE] graph - -------> quotedString
2021-11-21T23:53:18,162|[TRACE] script - #out(``record_id_UNIQUE``) [token]
2021-11-21T23:53:18,162|[TRACE] graph - <------- quotedString
2021-11-21T23:53:18,162|[TRACE] graph - <----- statementPart
2021-11-21T23:53:18,162|[TRACE] graph - -----> statementPart
2021-11-21T23:53:18,162|[TRACE] graph - -------> nonSkippedSpace
2021-11-21T23:53:18,162|[TRACE] script - #out(` `) [token]
2021-11-21T23:53:18,162|[TRACE] graph - <------- nonSkippedSpace
2021-11-21T23:53:18,162|[TRACE] graph - <----- statementPart
2021-11-21T23:53:18,162|[TRACE] graph - -----> statementPart
2021-11-21T23:53:18,162|[TRACE] graph - -------> nonSkippedChar
2021-11-21T23:53:18,162|[TRACE] script - #out(`(`) [token]
2021-11-21T23:53:18,162|[TRACE] graph - <------- nonSkippedChar
2021-11-21T23:53:18,162|[TRACE] graph - <----- statementPart
2021-11-21T23:53:18,162|[TRACE] graph - -----> statementPart
2021-11-21T23:53:18,162|[TRACE] graph - -------> quotedString
2021-11-21T23:53:18,162|[TRACE] script - #out(``record_id``) [token]
2021-11-21T23:53:18,162|[TRACE] graph - <------- quotedString
2021-11-21T23:53:18,162|[TRACE] graph - <----- statementPart
2021-11-21T23:53:18,162|[TRACE] graph - -----> statementPart
2021-11-21T23:53:18,162|[TRACE] graph - -------> nonSkippedSpace
2021-11-21T23:53:18,162|[TRACE] script - #out(` `) [token]
2021-11-21T23:53:18,162|[TRACE] graph - <------- nonSkippedSpace
2021-11-21T23:53:18,162|[TRACE] graph - <----- statementPart
2021-11-21T23:53:18,162|[TRACE] graph - -----> statementPart
2021-11-21T23:53:18,162|[TRACE] graph - -------> nonSkippedChar
2021-11-21T23:53:18,162|[TRACE] script - #out(`A`) [token]
2021-11-21T23:53:18,162|[TRACE] graph - <------- nonSkippedChar
2021-11-21T23:53:18,162|[TRACE] graph - <----- statementPart
2021-11-21T23:53:18,162|[TRACE] graph - -----> statementPart
2021-11-21T23:53:18,162|[TRACE] graph - -------> nonSkippedChar
2021-11-21T23:53:18,163|[TRACE] script - #out(`S`) [token]
2021-11-21T23:53:18,163|[TRACE] graph - <------- nonSkippedChar
2021-11-21T23:53:18,163|[TRACE] graph - <----- statementPart
2021-11-21T23:53:18,163|[TRACE] graph - -----> statementPart
2021-11-21T23:53:18,163|[TRACE] graph - -------> nonSkippedChar
2021-11-21T23:53:18,163|[TRACE] script - #out(`C`) [token]
2021-11-21T23:53:18,163|[TRACE] graph - <------- nonSkippedChar
2021-11-21T23:53:18,163|[TRACE] graph - <----- statementPart
2021-11-21T23:53:18,163|[TRACE] graph - -----> statementPart
2021-11-21T23:53:18,163|[TRACE] graph - -------> nonSkippedChar
2021-11-21T23:53:18,163|[TRACE] script - #out(`)`) [token]
2021-11-21T23:53:18,163|[TRACE] graph - <------- nonSkippedChar
2021-11-21T23:53:18,163|[TRACE] graph - <----- statementPart
2021-11-21T23:53:18,163|[TRACE] graph - -----> statementPart
2021-11-21T23:53:18,163|[TRACE] graph - -------> nonSkippedSpace
2021-11-21T23:53:18,163|[TRACE] script - #out(` `) [token]
2021-11-21T23:53:18,163|[TRACE] graph - <------- nonSkippedSpace
2021-11-21T23:53:18,163|[TRACE] graph - <----- statementPart
2021-11-21T23:53:18,163|[TRACE] graph - -----> statementPart
2021-11-21T23:53:18,163|[TRACE] graph - -------> nonSkippedChar
2021-11-21T23:53:18,163|[TRACE] script - #out(`V`) [token]
2021-11-21T23:53:18,163|[TRACE] graph - <------- nonSkippedChar
2021-11-21T23:53:18,163|[TRACE] graph - <----- statementPart
2021-11-21T23:53:18,163|[TRACE] graph - -----> statementPart
2021-11-21T23:53:18,163|[TRACE] graph - -------> nonSkippedChar
2021-11-21T23:53:18,163|[TRACE] script - #out(`I`) [token]
2021-11-21T23:53:18,163|[TRACE] graph - <------- nonSkippedChar
2021-11-21T23:53:18,163|[TRACE] graph - <----- statementPart
2021-11-21T23:53:18,163|[TRACE] graph - -----> statementPart
2021-11-21T23:53:18,163|[TRACE] graph - -------> nonSkippedChar
2021-11-21T23:53:18,163|[TRACE] script - #out(`S`) [token]
2021-11-21T23:53:18,163|[TRACE] graph - <------- nonSkippedChar
2021-11-21T23:53:18,163|[TRACE] graph - <----- statementPart
2021-11-21T23:53:18,163|[TRACE] graph - -----> statementPart
2021-11-21T23:53:18,163|[TRACE] graph - -------> nonSkippedChar
2021-11-21T23:53:18,163|[TRACE] script - #out(`I`) [token]
2021-11-21T23:53:18,163|[TRACE] graph - <------- nonSkippedChar
2021-11-21T23:53:18,163|[TRACE] graph - <----- statementPart
2021-11-21T23:53:18,163|[TRACE] graph - -----> statementPart
2021-11-21T23:53:18,163|[TRACE] graph - -------> nonSkippedChar
2021-11-21T23:53:18,163|[TRACE] script - #out(`B`) [token]
2021-11-21T23:53:18,163|[TRACE] graph - <------- nonSkippedChar
2021-11-21T23:53:18,163|[TRACE] graph - <----- statementPart
2021-11-21T23:53:18,163|[TRACE] graph - -----> statementPart
2021-11-21T23:53:18,163|[TRACE] graph - -------> nonSkippedChar
2021-11-21T23:53:18,163|[TRACE] script - #out(`L`) [token]
2021-11-21T23:53:18,163|[TRACE] graph - <------- nonSkippedChar
2021-11-21T23:53:18,163|[TRACE] graph - <----- statementPart
2021-11-21T23:53:18,163|[TRACE] graph - -----> statementPart
2021-11-21T23:53:18,163|[TRACE] graph - -------> nonSkippedChar
2021-11-21T23:53:18,163|[TRACE] script - #out(`E`) [token]
2021-11-21T23:53:18,163|[TRACE] graph - <------- nonSkippedChar
2021-11-21T23:53:18,163|[TRACE] graph - <----- statementPart
2021-11-21T23:53:18,163|[TRACE] graph - -----> statementPart
2021-11-21T23:53:18,163|[TRACE] graph - -------> nonSkippedChar
2021-11-21T23:53:18,163|[TRACE] script - #out(`,`) [token]
2021-11-21T23:53:18,163|[TRACE] graph - <------- nonSkippedChar
2021-11-21T23:53:18,163|[TRACE] graph - <----- statementPart
2021-11-21T23:53:18,163|[TRACE] graph - -----> afterStatementPartNewline
2021-11-21T23:53:18,163|[TRACE] script - #out(` `) [text]
2021-11-21T23:53:18,163|[TRACE] graph - <----- afterStatementPartNewline
2021-11-21T23:53:18,163|[TRACE] graph - -----> statementPart
2021-11-21T23:53:18,163|[TRACE] graph - -------> nonSkippedSpace
2021-11-21T23:53:18,163|[TRACE] script - #out(` `) [token]
2021-11-21T23:53:18,163|[TRACE] graph - <------- nonSkippedSpace
2021-11-21T23:53:18,163|[TRACE] graph - <----- statementPart
2021-11-21T23:53:18,163|[TRACE] graph - -----> statementPart
2021-11-21T23:53:18,163|[TRACE] graph - -------> nonSkippedSpace
2021-11-21T23:53:18,163|[TRACE] script - #out(` `) [token]
2021-11-21T23:53:18,163|[TRACE] graph - <------- nonSkippedSpace
2021-11-21T23:53:18,163|[TRACE] graph - <----- statementPart
2021-11-21T23:53:18,163|[TRACE] graph - -----> statementPart
2021-11-21T23:53:18,163|[TRACE] graph - -------> nonSkippedChar
2021-11-21T23:53:18,163|[TRACE] script - #out(`P`) [token]
2021-11-21T23:53:18,163|[TRACE] graph - <------- nonSkippedChar
2021-11-21T23:53:18,163|[TRACE] graph - <----- statementPart
2021-11-21T23:53:18,163|[TRACE] graph - -----> statementPart
2021-11-21T23:53:18,163|[TRACE] graph - -------> nonSkippedChar
2021-11-21T23:53:18,163|[TRACE] script - #out(`R`) [token]
2021-11-21T23:53:18,163|[TRACE] graph - <------- nonSkippedChar
2021-11-21T23:53:18,163|[TRACE] graph - <----- statementPart
2021-11-21T23:53:18,163|[TRACE] graph - -----> statementPart
2021-11-21T23:53:18,163|[TRACE] graph - -------> nonSkippedChar
2021-11-21T23:53:18,163|[TRACE] script - #out(`I`) [token]
2021-11-21T23:53:18,163|[TRACE] graph - <------- nonSkippedChar
2021-11-21T23:53:18,163|[TRACE] graph - <----- statementPart
2021-11-21T23:53:18,164|[TRACE] graph - -----> statementPart
2021-11-21T23:53:18,164|[TRACE] graph - -------> nonSkippedChar
2021-11-21T23:53:18,164|[TRACE] script - #out(`M`) [token]
2021-11-21T23:53:18,164|[TRACE] graph - <------- nonSkippedChar
2021-11-21T23:53:18,164|[TRACE] graph - <----- statementPart
2021-11-21T23:53:18,164|[TRACE] graph - -----> statementPart
2021-11-21T23:53:18,164|[TRACE] graph - -------> nonSkippedChar
2021-11-21T23:53:18,164|[TRACE] script - #out(`A`) [token]
2021-11-21T23:53:18,164|[TRACE] graph - <------- nonSkippedChar
2021-11-21T23:53:18,164|[TRACE] graph - <----- statementPart
2021-11-21T23:53:18,164|[TRACE] graph - -----> statementPart
2021-11-21T23:53:18,164|[TRACE] graph - -------> nonSkippedChar
2021-11-21T23:53:18,164|[TRACE] script - #out(`R`) [token]
2021-11-21T23:53:18,164|[TRACE] graph - <------- nonSkippedChar
2021-11-21T23:53:18,164|[TRACE] graph - <----- statementPart
2021-11-21T23:53:18,164|[TRACE] graph - -----> statementPart
2021-11-21T23:53:18,164|[TRACE] graph - -------> nonSkippedChar
2021-11-21T23:53:18,164|[TRACE] script - #out(`Y`) [token]
2021-11-21T23:53:18,164|[TRACE] graph - <------- nonSkippedChar
2021-11-21T23:53:18,164|[TRACE] graph - <----- statementPart
2021-11-21T23:53:18,164|[TRACE] graph - -----> statementPart
2021-11-21T23:53:18,164|[TRACE] graph - -------> nonSkippedSpace
2021-11-21T23:53:18,164|[TRACE] script - #out(` `) [token]
2021-11-21T23:53:18,164|[TRACE] graph - <------- nonSkippedSpace
2021-11-21T23:53:18,164|[TRACE] graph - <----- statementPart
2021-11-21T23:53:18,164|[TRACE] graph - -----> statementPart
2021-11-21T23:53:18,164|[TRACE] graph - -------> nonSkippedChar
2021-11-21T23:53:18,164|[TRACE] script - #out(`K`) [token]
2021-11-21T23:53:18,164|[TRACE] graph - <------- nonSkippedChar
2021-11-21T23:53:18,164|[TRACE] graph - <----- statementPart
2021-11-21T23:53:18,164|[TRACE] graph - -----> statementPart
2021-11-21T23:53:18,164|[TRACE] graph - -------> nonSkippedChar
2021-11-21T23:53:18,164|[TRACE] script - #out(`E`) [token]
2021-11-21T23:53:18,164|[TRACE] graph - <------- nonSkippedChar
2021-11-21T23:53:18,164|[TRACE] graph - <----- statementPart
2021-11-21T23:53:18,164|[TRACE] graph - -----> statementPart
2021-11-21T23:53:18,164|[TRACE] graph - -------> nonSkippedChar
2021-11-21T23:53:18,164|[TRACE] script - #out(`Y`) [token]
2021-11-21T23:53:18,164|[TRACE] graph - <------- nonSkippedChar
2021-11-21T23:53:18,164|[TRACE] graph - <----- statementPart
2021-11-21T23:53:18,164|[TRACE] graph - -----> statementPart
2021-11-21T23:53:18,164|[TRACE] graph - -------> nonSkippedSpace
2021-11-21T23:53:18,164|[TRACE] script - #out(` `) [token]
2021-11-21T23:53:18,164|[TRACE] graph - <------- nonSkippedSpace
2021-11-21T23:53:18,164|[TRACE] graph - <----- statementPart
2021-11-21T23:53:18,164|[TRACE] graph - -----> statementPart
2021-11-21T23:53:18,164|[TRACE] graph - -------> nonSkippedChar
2021-11-21T23:53:18,164|[TRACE] script - #out(`(`) [token]
2021-11-21T23:53:18,164|[TRACE] graph - <------- nonSkippedChar
2021-11-21T23:53:18,164|[TRACE] graph - <----- statementPart
2021-11-21T23:53:18,164|[TRACE] graph - -----> statementPart
2021-11-21T23:53:18,164|[TRACE] graph - -------> quotedString
2021-11-21T23:53:18,164|[TRACE] script - #out(``record_id``) [token]
2021-11-21T23:53:18,164|[TRACE] graph - <------- quotedString
2021-11-21T23:53:18,164|[TRACE] graph - <----- statementPart
2021-11-21T23:53:18,164|[TRACE] graph - -----> statementPart
2021-11-21T23:53:18,164|[TRACE] graph - -------> nonSkippedChar
2021-11-21T23:53:18,164|[TRACE] script - #out(`)`) [token]
2021-11-21T23:53:18,164|[TRACE] graph - <------- nonSkippedChar
2021-11-21T23:53:18,164|[TRACE] graph - <----- statementPart
2021-11-21T23:53:18,164|[TRACE] graph - -----> statementPart
2021-11-21T23:53:18,164|[TRACE] graph - -------> nonSkippedChar
2021-11-21T23:53:18,164|[TRACE] script - #out(`,`) [token]
2021-11-21T23:53:18,164|[TRACE] graph - <------- nonSkippedChar
2021-11-21T23:53:18,164|[TRACE] graph - <----- statementPart
2021-11-21T23:53:18,164|[TRACE] graph - -----> afterStatementPartNewline
2021-11-21T23:53:18,164|[TRACE] script - #out(` `) [text]
2021-11-21T23:53:18,164|[TRACE] graph - <----- afterStatementPartNewline
2021-11-21T23:53:18,164|[TRACE] graph - -----> statementPart
2021-11-21T23:53:18,164|[TRACE] graph - -------> nonSkippedSpace
2021-11-21T23:53:18,164|[TRACE] script - #out(` `) [token]
2021-11-21T23:53:18,164|[TRACE] graph - <------- nonSkippedSpace
2021-11-21T23:53:18,164|[TRACE] graph - <----- statementPart
2021-11-21T23:53:18,164|[TRACE] graph - -----> statementPart
2021-11-21T23:53:18,164|[TRACE] graph - -------> nonSkippedSpace
2021-11-21T23:53:18,164|[TRACE] script - #out(` `) [token]
2021-11-21T23:53:18,164|[TRACE] graph - <------- nonSkippedSpace
2021-11-21T23:53:18,164|[TRACE] graph - <----- statementPart
2021-11-21T23:53:18,164|[TRACE] graph - -----> statementPart
2021-11-21T23:53:18,164|[TRACE] graph - -------> nonSkippedChar
2021-11-21T23:53:18,164|[TRACE] script - #out(`C`) [token]
2021-11-21T23:53:18,164|[TRACE] graph - <------- nonSkippedChar
2021-11-21T23:53:18,164|[TRACE] graph - <----- statementPart
2021-11-21T23:53:18,164|[TRACE] graph - -----> statementPart
2021-11-21T23:53:18,164|[TRACE] graph - -------> nonSkippedChar
2021-11-21T23:53:18,164|[TRACE] script - #out(`O`) [token]
2021-11-21T23:53:18,164|[TRACE] graph - <------- nonSkippedChar
2021-11-21T23:53:18,164|[TRACE] graph - <----- statementPart
2021-11-21T23:53:18,164|[TRACE] graph - -----> statementPart
2021-11-21T23:53:18,164|[TRACE] graph - -------> nonSkippedChar
2021-11-21T23:53:18,164|[TRACE] script - #out(`N`) [token]
2021-11-21T23:53:18,164|[TRACE] graph - <------- nonSkippedChar
2021-11-21T23:53:18,164|[TRACE] graph - <----- statementPart
2021-11-21T23:53:18,164|[TRACE] graph - -----> statementPart
2021-11-21T23:53:18,164|[TRACE] graph - -------> nonSkippedChar
2021-11-21T23:53:18,164|[TRACE] script - #out(`S`) [token]
2021-11-21T23:53:18,164|[TRACE] graph - <------- nonSkippedChar
2021-11-21T23:53:18,164|[TRACE] graph - <----- statementPart
2021-11-21T23:53:18,164|[TRACE] graph - -----> statementPart
2021-11-21T23:53:18,164|[TRACE] graph - -------> nonSkippedChar
2021-11-21T23:53:18,164|[TRACE] script - #out(`T`) [token]
2021-11-21T23:53:18,164|[TRACE] graph - <------- nonSkippedChar
2021-11-21T23:53:18,164|[TRACE] graph - <----- statementPart
2021-11-21T23:53:18,164|[TRACE] graph - -----> statementPart
2021-11-21T23:53:18,164|[TRACE] graph - -------> nonSkippedChar
2021-11-21T23:53:18,164|[TRACE] script - #out(`R`) [token]
2021-11-21T23:53:18,164|[TRACE] graph - <------- nonSkippedChar
2021-11-21T23:53:18,164|[TRACE] graph - <----- statementPart
2021-11-21T23:53:18,164|[TRACE] graph - -----> statementPart
2021-11-21T23:53:18,164|[TRACE] graph - -------> nonSkippedChar
2021-11-21T23:53:18,164|[TRACE] script - #out(`A`) [token]
2021-11-21T23:53:18,164|[TRACE] graph - <------- nonSkippedChar
2021-11-21T23:53:18,164|[TRACE] graph - <----- statementPart
2021-11-21T23:53:18,164|[TRACE] graph - -----> statementPart
2021-11-21T23:53:18,164|[TRACE] graph - -------> nonSkippedChar
2021-11-21T23:53:18,164|[TRACE] script - #out(`I`) [token]
2021-11-21T23:53:18,164|[TRACE] graph - <------- nonSkippedChar
2021-11-21T23:53:18,164|[TRACE] graph - <----- statementPart
2021-11-21T23:53:18,165|[TRACE] graph - -----> statementPart
2021-11-21T23:53:18,165|[TRACE] graph - -------> nonSkippedChar
2021-11-21T23:53:18,165|[TRACE] script - #out(`N`) [token]
2021-11-21T23:53:18,165|[TRACE] graph - <------- nonSkippedChar
2021-11-21T23:53:18,165|[TRACE] graph - <----- statementPart
2021-11-21T23:53:18,165|[TRACE] graph - -----> statementPart
2021-11-21T23:53:18,165|[TRACE] graph - -------> nonSkippedChar
2021-11-21T23:53:18,165|[TRACE] script - #out(`T`) [token]
2021-11-21T23:53:18,165|[TRACE] graph - <------- nonSkippedChar
2021-11-21T23:53:18,165|[TRACE] graph - <----- statementPart
2021-11-21T23:53:18,165|[TRACE] graph - -----> statementPart
2021-11-21T23:53:18,165|[TRACE] graph - -------> nonSkippedSpace
2021-11-21T23:53:18,165|[TRACE] script - #out(` `) [token]
2021-11-21T23:53:18,165|[TRACE] graph - <------- nonSkippedSpace
2021-11-21T23:53:18,165|[TRACE] graph - <----- statementPart
2021-11-21T23:53:18,165|[TRACE] graph - -----> statementPart
2021-11-21T23:53:18,165|[TRACE] graph - -------> quotedString
2021-11-21T23:53:18,165|[TRACE] script - #out(``fk_donation_record_person1``) [token]
2021-11-21T23:53:18,165|[TRACE] graph - <------- quotedString
2021-11-21T23:53:18,165|[TRACE] graph - <----- statementPart
2021-11-21T23:53:18,165|[TRACE] graph - -----> afterStatementPartNewline
2021-11-21T23:53:18,165|[TRACE] script - #out(` `) [text]
2021-11-21T23:53:18,165|[TRACE] graph - <----- afterStatementPartNewline
2021-11-21T23:53:18,165|[TRACE] graph - -----> statementPart
2021-11-21T23:53:18,165|[TRACE] graph - -------> nonSkippedSpace
2021-11-21T23:53:18,165|[TRACE] script - #out(` `) [token]
2021-11-21T23:53:18,165|[TRACE] graph - <------- nonSkippedSpace
2021-11-21T23:53:18,165|[TRACE] graph - <----- statementPart
2021-11-21T23:53:18,165|[TRACE] graph - -----> statementPart
2021-11-21T23:53:18,165|[TRACE] graph - -------> nonSkippedSpace
2021-11-21T23:53:18,165|[TRACE] script - #out(` `) [token]
2021-11-21T23:53:18,165|[TRACE] graph - <------- nonSkippedSpace
2021-11-21T23:53:18,165|[TRACE] graph - <----- statementPart
2021-11-21T23:53:18,165|[TRACE] graph - -----> statementPart
2021-11-21T23:53:18,165|[TRACE] graph - -------> nonSkippedSpace
2021-11-21T23:53:18,165|[TRACE] script - #out(` `) [token]
2021-11-21T23:53:18,165|[TRACE] graph - <------- nonSkippedSpace
2021-11-21T23:53:18,165|[TRACE] graph - <----- statementPart
2021-11-21T23:53:18,165|[TRACE] graph - -----> statementPart
2021-11-21T23:53:18,165|[TRACE] graph - -------> nonSkippedSpace
2021-11-21T23:53:18,165|[TRACE] script - #out(` `) [token]
2021-11-21T23:53:18,165|[TRACE] graph - <------- nonSkippedSpace
2021-11-21T23:53:18,165|[TRACE] graph - <----- statementPart
2021-11-21T23:53:18,165|[TRACE] graph - -----> statementPart
2021-11-21T23:53:18,165|[TRACE] graph - -------> nonSkippedChar
2021-11-21T23:53:18,165|[TRACE] script - #out(`F`) [token]
2021-11-21T23:53:18,165|[TRACE] graph - <------- nonSkippedChar
2021-11-21T23:53:18,165|[TRACE] graph - <----- statementPart
2021-11-21T23:53:18,165|[TRACE] graph - -----> statementPart
2021-11-21T23:53:18,165|[TRACE] graph - -------> nonSkippedChar
2021-11-21T23:53:18,165|[TRACE] script - #out(`O`) [token]
2021-11-21T23:53:18,165|[TRACE] graph - <------- nonSkippedChar
2021-11-21T23:53:18,165|[TRACE] graph - <----- statementPart
2021-11-21T23:53:18,165|[TRACE] graph - -----> statementPart
2021-11-21T23:53:18,165|[TRACE] graph - -------> nonSkippedChar
2021-11-21T23:53:18,165|[TRACE] script - #out(`R`) [token]
2021-11-21T23:53:18,165|[TRACE] graph - <------- nonSkippedChar
2021-11-21T23:53:18,165|[TRACE] graph - <----- statementPart
2021-11-21T23:53:18,165|[TRACE] graph - -----> statementPart
2021-11-21T23:53:18,165|[TRACE] graph - -------> nonSkippedChar
2021-11-21T23:53:18,165|[TRACE] script - #out(`E`) [token]
2021-11-21T23:53:18,165|[TRACE] graph - <------- nonSkippedChar
2021-11-21T23:53:18,165|[TRACE] graph - <----- statementPart
2021-11-21T23:53:18,165|[TRACE] graph - -----> statementPart
2021-11-21T23:53:18,165|[TRACE] graph - -------> nonSkippedChar
2021-11-21T23:53:18,165|[TRACE] script - #out(`I`) [token]
2021-11-21T23:53:18,165|[TRACE] graph - <------- nonSkippedChar
2021-11-21T23:53:18,165|[TRACE] graph - <----- statementPart
2021-11-21T23:53:18,165|[TRACE] graph - -----> statementPart
2021-11-21T23:53:18,165|[TRACE] graph - -------> nonSkippedChar
2021-11-21T23:53:18,165|[TRACE] script - #out(`G`) [token]
2021-11-21T23:53:18,165|[TRACE] graph - <------- nonSkippedChar
2021-11-21T23:53:18,165|[TRACE] graph - <----- statementPart
2021-11-21T23:53:18,165|[TRACE] graph - -----> statementPart
2021-11-21T23:53:18,165|[TRACE] graph - -------> nonSkippedChar
2021-11-21T23:53:18,165|[TRACE] script - #out(`N`) [token]
2021-11-21T23:53:18,165|[TRACE] graph - <------- nonSkippedChar
2021-11-21T23:53:18,165|[TRACE] graph - <----- statementPart
2021-11-21T23:53:18,165|[TRACE] graph - -----> statementPart
2021-11-21T23:53:18,165|[TRACE] graph - -------> nonSkippedSpace
2021-11-21T23:53:18,165|[TRACE] script - #out(` `) [token]
2021-11-21T23:53:18,165|[TRACE] graph - <------- nonSkippedSpace
2021-11-21T23:53:18,165|[TRACE] graph - <----- statementPart
2021-11-21T23:53:18,165|[TRACE] graph - -----> statementPart
2021-11-21T23:53:18,165|[TRACE] graph - -------> nonSkippedChar
2021-11-21T23:53:18,165|[TRACE] script - #out(`K`) [token]
2021-11-21T23:53:18,165|[TRACE] graph - <------- nonSkippedChar
2021-11-21T23:53:18,165|[TRACE] graph - <----- statementPart
2021-11-21T23:53:18,165|[TRACE] graph - -----> statementPart
2021-11-21T23:53:18,165|[TRACE] graph - -------> nonSkippedChar
2021-11-21T23:53:18,165|[TRACE] script - #out(`E`) [token]
2021-11-21T23:53:18,165|[TRACE] graph - <------- nonSkippedChar
2021-11-21T23:53:18,165|[TRACE] graph - <----- statementPart
2021-11-21T23:53:18,165|[TRACE] graph - -----> statementPart
2021-11-21T23:53:18,165|[TRACE] graph - -------> nonSkippedChar
2021-11-21T23:53:18,165|[TRACE] script - #out(`Y`) [token]
2021-11-21T23:53:18,165|[TRACE] graph - <------- nonSkippedChar
2021-11-21T23:53:18,165|[TRACE] graph - <----- statementPart
2021-11-21T23:53:18,165|[TRACE] graph - -----> statementPart
2021-11-21T23:53:18,165|[TRACE] graph - -------> nonSkippedSpace
2021-11-21T23:53:18,165|[TRACE] script - #out(` `) [token]
2021-11-21T23:53:18,165|[TRACE] graph - <------- nonSkippedSpace
2021-11-21T23:53:18,165|[TRACE] graph - <----- statementPart
2021-11-21T23:53:18,165|[TRACE] graph - -----> statementPart
2021-11-21T23:53:18,165|[TRACE] graph - -------> nonSkippedChar
2021-11-21T23:53:18,165|[TRACE] script - #out(`(`) [token]
2021-11-21T23:53:18,166|[TRACE] graph - <------- nonSkippedChar
2021-11-21T23:53:18,166|[TRACE] graph - <----- statementPart
2021-11-21T23:53:18,166|[TRACE] graph - -----> statementPart
2021-11-21T23:53:18,166|[TRACE] graph - -------> quotedString
2021-11-21T23:53:18,166|[TRACE] script - #out(``person_id``) [token]
2021-11-21T23:53:18,166|[TRACE] graph - <------- quotedString
2021-11-21T23:53:18,166|[TRACE] graph - <----- statementPart
2021-11-21T23:53:18,166|[TRACE] graph - -----> statementPart
2021-11-21T23:53:18,166|[TRACE] graph - -------> nonSkippedChar
2021-11-21T23:53:18,166|[TRACE] script - #out(`)`) [token]
2021-11-21T23:53:18,166|[TRACE] graph - <------- nonSkippedChar
2021-11-21T23:53:18,166|[TRACE] graph - <----- statementPart
2021-11-21T23:53:18,166|[TRACE] graph - -----> afterStatementPartNewline
2021-11-21T23:53:18,166|[TRACE] script - #out(` `) [text]
2021-11-21T23:53:18,166|[TRACE] graph - <----- afterStatementPartNewline
2021-11-21T23:53:18,166|[TRACE] graph - -----> statementPart
2021-11-21T23:53:18,166|[TRACE] graph - -------> nonSkippedSpace
2021-11-21T23:53:18,166|[TRACE] script - #out(` `) [token]
2021-11-21T23:53:18,166|[TRACE] graph - <------- nonSkippedSpace
2021-11-21T23:53:18,166|[TRACE] graph - <----- statementPart
2021-11-21T23:53:18,166|[TRACE] graph - -----> statementPart
2021-11-21T23:53:18,166|[TRACE] graph - -------> nonSkippedSpace
2021-11-21T23:53:18,166|[TRACE] script - #out(` `) [token]
2021-11-21T23:53:18,166|[TRACE] graph - <------- nonSkippedSpace
2021-11-21T23:53:18,166|[TRACE] graph - <----- statementPart
2021-11-21T23:53:18,166|[TRACE] graph - -----> statementPart
2021-11-21T23:53:18,166|[TRACE] graph - -------> nonSkippedSpace
2021-11-21T23:53:18,166|[TRACE] script - #out(` `) [token]
2021-11-21T23:53:18,166|[TRACE] graph - <------- nonSkippedSpace
2021-11-21T23:53:18,166|[TRACE] graph - <----- statementPart
2021-11-21T23:53:18,166|[TRACE] graph - -----> statementPart
2021-11-21T23:53:18,166|[TRACE] graph - -------> nonSkippedSpace
2021-11-21T23:53:18,166|[TRACE] script - #out(` `) [token]
2021-11-21T23:53:18,166|[TRACE] graph - <------- nonSkippedSpace
2021-11-21T23:53:18,166|[TRACE] graph - <----- statementPart
2021-11-21T23:53:18,166|[TRACE] graph - -----> statementPart
2021-11-21T23:53:18,166|[TRACE] graph - -------> nonSkippedChar
2021-11-21T23:53:18,166|[TRACE] script - #out(`R`) [token]
2021-11-21T23:53:18,166|[TRACE] graph - <------- nonSkippedChar
2021-11-21T23:53:18,166|[TRACE] graph - <----- statementPart
2021-11-21T23:53:18,166|[TRACE] graph - -----> statementPart
2021-11-21T23:53:18,166|[TRACE] graph - -------> nonSkippedChar
2021-11-21T23:53:18,166|[TRACE] script - #out(`E`) [token]
2021-11-21T23:53:18,166|[TRACE] graph - <------- nonSkippedChar
2021-11-21T23:53:18,166|[TRACE] graph - <----- statementPart
2021-11-21T23:53:18,166|[TRACE] graph - -----> statementPart
2021-11-21T23:53:18,166|[TRACE] graph - -------> nonSkippedChar
2021-11-21T23:53:18,166|[TRACE] script - #out(`F`) [token]
2021-11-21T23:53:18,166|[TRACE] graph - <------- nonSkippedChar
2021-11-21T23:53:18,166|[TRACE] graph - <----- statementPart
2021-11-21T23:53:18,166|[TRACE] graph - -----> statementPart
2021-11-21T23:53:18,166|[TRACE] graph - -------> nonSkippedChar
2021-11-21T23:53:18,166|[TRACE] script - #out(`E`) [token]
2021-11-21T23:53:18,166|[TRACE] graph - <------- nonSkippedChar
2021-11-21T23:53:18,166|[TRACE] graph - <----- statementPart
2021-11-21T23:53:18,166|[TRACE] graph - -----> statementPart
2021-11-21T23:53:18,166|[TRACE] graph - -------> nonSkippedChar
2021-11-21T23:53:18,166|[TRACE] script - #out(`R`) [token]
2021-11-21T23:53:18,166|[TRACE] graph - <------- nonSkippedChar
2021-11-21T23:53:18,166|[TRACE] graph - <----- statementPart
2021-11-21T23:53:18,166|[TRACE] graph - -----> statementPart
2021-11-21T23:53:18,166|[TRACE] graph - -------> nonSkippedChar
2021-11-21T23:53:18,166|[TRACE] script - #out(`E`) [token]
2021-11-21T23:53:18,166|[TRACE] graph - <------- nonSkippedChar
2021-11-21T23:53:18,166|[TRACE] graph - <----- statementPart
2021-11-21T23:53:18,166|[TRACE] graph - -----> statementPart
2021-11-21T23:53:18,166|[TRACE] graph - -------> nonSkippedChar
2021-11-21T23:53:18,166|[TRACE] script - #out(`N`) [token]
2021-11-21T23:53:18,166|[TRACE] graph - <------- nonSkippedChar
2021-11-21T23:53:18,166|[TRACE] graph - <----- statementPart
2021-11-21T23:53:18,166|[TRACE] graph - -----> statementPart
2021-11-21T23:53:18,166|[TRACE] graph - -------> nonSkippedChar
2021-11-21T23:53:18,166|[TRACE] script - #out(`C`) [token]
2021-11-21T23:53:18,166|[TRACE] graph - <------- nonSkippedChar
2021-11-21T23:53:18,166|[TRACE] graph - <----- statementPart
2021-11-21T23:53:18,166|[TRACE] graph - -----> statementPart
2021-11-21T23:53:18,166|[TRACE] graph - -------> nonSkippedChar
2021-11-21T23:53:18,166|[TRACE] script - #out(`E`) [token]
2021-11-21T23:53:18,166|[TRACE] graph - <------- nonSkippedChar
2021-11-21T23:53:18,166|[TRACE] graph - <----- statementPart
2021-11-21T23:53:18,166|[TRACE] graph - -----> statementPart
2021-11-21T23:53:18,166|[TRACE] graph - -------> nonSkippedChar
2021-11-21T23:53:18,166|[TRACE] script - #out(`S`) [token]
2021-11-21T23:53:18,166|[TRACE] graph - <------- nonSkippedChar
2021-11-21T23:53:18,166|[TRACE] graph - <----- statementPart
2021-11-21T23:53:18,166|[TRACE] graph - -----> statementPart
2021-11-21T23:53:18,166|[TRACE] graph - -------> nonSkippedSpace
2021-11-21T23:53:18,166|[TRACE] script - #out(` `) [token]
2021-11-21T23:53:18,167|[TRACE] graph - <------- nonSkippedSpace
2021-11-21T23:53:18,167|[TRACE] graph - <----- statementPart
2021-11-21T23:53:18,167|[TRACE] graph - -----> statementPart
2021-11-21T23:53:18,167|[TRACE] graph - -------> quotedString
2021-11-21T23:53:18,167|[TRACE] script - #out(``bloodbank``) [token]
2021-11-21T23:53:18,167|[TRACE] graph - <------- quotedString
2021-11-21T23:53:18,167|[TRACE] graph - <----- statementPart
2021-11-21T23:53:18,167|[TRACE] graph - -----> statementPart
2021-11-21T23:53:18,167|[TRACE] graph - -------> nonSkippedChar
2021-11-21T23:53:18,167|[TRACE] script - #out(`.`) [token]
2021-11-21T23:53:18,167|[TRACE] graph - <------- nonSkippedChar
2021-11-21T23:53:18,167|[TRACE] graph - <----- statementPart
2021-11-21T23:53:18,167|[TRACE] graph - -----> statementPart
2021-11-21T23:53:18,167|[TRACE] graph - -------> quotedString
2021-11-21T23:53:18,167|[TRACE] script - #out(``person``) [token]
2021-11-21T23:53:18,167|[TRACE] graph - <------- quotedString
2021-11-21T23:53:18,167|[TRACE] graph - <----- statementPart
2021-11-21T23:53:18,167|[TRACE] graph - -----> statementPart
2021-11-21T23:53:18,167|[TRACE] graph - -------> nonSkippedSpace
2021-11-21T23:53:18,167|[TRACE] script - #out(` `) [token]
2021-11-21T23:53:18,167|[TRACE] graph - <------- nonSkippedSpace
2021-11-21T23:53:18,167|[TRACE] graph - <----- statementPart
2021-11-21T23:53:18,167|[TRACE] graph - -----> statementPart
2021-11-21T23:53:18,167|[TRACE] graph - -------> nonSkippedChar
2021-11-21T23:53:18,167|[TRACE] script - #out(`(`) [token]
2021-11-21T23:53:18,167|[TRACE] graph - <------- nonSkippedChar
2021-11-21T23:53:18,167|[TRACE] graph - <----- statementPart
2021-11-21T23:53:18,167|[TRACE] graph - -----> statementPart
2021-11-21T23:53:18,167|[TRACE] graph - -------> quotedString
2021-11-21T23:53:18,167|[TRACE] script - #out(``id``) [token]
2021-11-21T23:53:18,167|[TRACE] graph - <------- quotedString
2021-11-21T23:53:18,167|[TRACE] graph - <----- statementPart
2021-11-21T23:53:18,167|[TRACE] graph - -----> statementPart
2021-11-21T23:53:18,167|[TRACE] graph - -------> nonSkippedChar
2021-11-21T23:53:18,167|[TRACE] script - #out(`)`) [token]
2021-11-21T23:53:18,167|[TRACE] graph - <------- nonSkippedChar
2021-11-21T23:53:18,167|[TRACE] graph - <----- statementPart
2021-11-21T23:53:18,167|[TRACE] graph - -----> afterStatementPartNewline
2021-11-21T23:53:18,167|[TRACE] script - #out(` `) [text]
2021-11-21T23:53:18,167|[TRACE] graph - <----- afterStatementPartNewline
2021-11-21T23:53:18,167|[TRACE] graph - -----> statementPart
2021-11-21T23:53:18,167|[TRACE] graph - -------> nonSkippedSpace
2021-11-21T23:53:18,167|[TRACE] script - #out(` `) [token]
2021-11-21T23:53:18,167|[TRACE] graph - <------- nonSkippedSpace
2021-11-21T23:53:18,167|[TRACE] graph - <----- statementPart
2021-11-21T23:53:18,167|[TRACE] graph - -----> statementPart
2021-11-21T23:53:18,167|[TRACE] graph - -------> nonSkippedSpace
2021-11-21T23:53:18,167|[TRACE] script - #out(` `) [token]
2021-11-21T23:53:18,167|[TRACE] graph - <------- nonSkippedSpace
2021-11-21T23:53:18,167|[TRACE] graph - <----- statementPart
2021-11-21T23:53:18,167|[TRACE] graph - -----> statementPart
2021-11-21T23:53:18,167|[TRACE] graph - -------> nonSkippedSpace
2021-11-21T23:53:18,167|[TRACE] script - #out(` `) [token]
2021-11-21T23:53:18,167|[TRACE] graph - <------- nonSkippedSpace
2021-11-21T23:53:18,167|[TRACE] graph - <----- statementPart
2021-11-21T23:53:18,167|[TRACE] graph - -----> statementPart
2021-11-21T23:53:18,167|[TRACE] graph - -------> nonSkippedSpace
2021-11-21T23:53:18,167|[TRACE] script - #out(` `) [token]
2021-11-21T23:53:18,167|[TRACE] graph - <------- nonSkippedSpace
2021-11-21T23:53:18,167|[TRACE] graph - <----- statementPart
2021-11-21T23:53:18,167|[TRACE] graph - -----> statementPart
2021-11-21T23:53:18,167|[TRACE] graph - -------> nonSkippedChar
2021-11-21T23:53:18,167|[TRACE] script - #out(`O`) [token]
2021-11-21T23:53:18,167|[TRACE] graph - <------- nonSkippedChar
2021-11-21T23:53:18,167|[TRACE] graph - <----- statementPart
2021-11-21T23:53:18,167|[TRACE] graph - -----> statementPart
2021-11-21T23:53:18,167|[TRACE] graph - -------> nonSkippedChar
2021-11-21T23:53:18,167|[TRACE] script - #out(`N`) [token]
2021-11-21T23:53:18,167|[TRACE] graph - <------- nonSkippedChar
2021-11-21T23:53:18,167|[TRACE] graph - <----- statementPart
2021-11-21T23:53:18,167|[TRACE] graph - -----> statementPart
2021-11-21T23:53:18,167|[TRACE] graph - -------> nonSkippedSpace
2021-11-21T23:53:18,167|[TRACE] script - #out(` `) [token]
2021-11-21T23:53:18,167|[TRACE] graph - <------- nonSkippedSpace
2021-11-21T23:53:18,167|[TRACE] graph - <----- statementPart
2021-11-21T23:53:18,167|[TRACE] graph - -----> statementPart
2021-11-21T23:53:18,167|[TRACE] graph - -------> nonSkippedChar
2021-11-21T23:53:18,167|[TRACE] script - #out(`D`) [token]
2021-11-21T23:53:18,167|[TRACE] graph - <------- nonSkippedChar
2021-11-21T23:53:18,167|[TRACE] graph - <----- statementPart
2021-11-21T23:53:18,167|[TRACE] graph - -----> statementPart
2021-11-21T23:53:18,167|[TRACE] graph - -------> nonSkippedChar
2021-11-21T23:53:18,167|[TRACE] script - #out(`E`) [token]
2021-11-21T23:53:18,167|[TRACE] graph - <------- nonSkippedChar
2021-11-21T23:53:18,167|[TRACE] graph - <----- statementPart
2021-11-21T23:53:18,167|[TRACE] graph - -----> statementPart
2021-11-21T23:53:18,167|[TRACE] graph - -------> nonSkippedChar
2021-11-21T23:53:18,167|[TRACE] script - #out(`L`) [token]
2021-11-21T23:53:18,167|[TRACE] graph - <------- nonSkippedChar
2021-11-21T23:53:18,167|[TRACE] graph - <----- statementPart
2021-11-21T23:53:18,167|[TRACE] graph - -----> statementPart
2021-11-21T23:53:18,167|[TRACE] graph - -------> nonSkippedChar
2021-11-21T23:53:18,167|[TRACE] script - #out(`E`) [token]
2021-11-21T23:53:18,167|[TRACE] graph - <------- nonSkippedChar
2021-11-21T23:53:18,168|[TRACE] graph - <----- statementPart
2021-11-21T23:53:18,168|[TRACE] graph - -----> statementPart
2021-11-21T23:53:18,168|[TRACE] graph - -------> nonSkippedChar
2021-11-21T23:53:18,168|[TRACE] script - #out(`T`) [token]
2021-11-21T23:53:18,168|[TRACE] graph - <------- nonSkippedChar
2021-11-21T23:53:18,168|[TRACE] graph - <----- statementPart
2021-11-21T23:53:18,168|[TRACE] graph - -----> statementPart
2021-11-21T23:53:18,168|[TRACE] graph - -------> nonSkippedChar
2021-11-21T23:53:18,168|[TRACE] script - #out(`E`) [token]
2021-11-21T23:53:18,168|[TRACE] graph - <------- nonSkippedChar
2021-11-21T23:53:18,168|[TRACE] graph - <----- statementPart
2021-11-21T23:53:18,168|[TRACE] graph - -----> statementPart
2021-11-21T23:53:18,168|[TRACE] graph - -------> nonSkippedSpace
2021-11-21T23:53:18,168|[TRACE] script - #out(` `) [token]
2021-11-21T23:53:18,168|[TRACE] graph - <------- nonSkippedSpace
2021-11-21T23:53:18,168|[TRACE] graph - <----- statementPart
2021-11-21T23:53:18,168|[TRACE] graph - -----> statementPart
2021-11-21T23:53:18,168|[TRACE] graph - -------> nonSkippedChar
2021-11-21T23:53:18,168|[TRACE] script - #out(`N`) [token]
2021-11-21T23:53:18,168|[TRACE] graph - <------- nonSkippedChar
2021-11-21T23:53:18,168|[TRACE] graph - <----- statementPart
2021-11-21T23:53:18,168|[TRACE] graph - -----> statementPart
2021-11-21T23:53:18,168|[TRACE] graph - -------> nonSkippedChar
2021-11-21T23:53:18,168|[TRACE] script - #out(`O`) [token]
2021-11-21T23:53:18,168|[TRACE] graph - <------- nonSkippedChar
2021-11-21T23:53:18,168|[TRACE] graph - <----- statementPart
2021-11-21T23:53:18,168|[TRACE] graph - -----> statementPart
2021-11-21T23:53:18,168|[TRACE] graph - -------> nonSkippedSpace
2021-11-21T23:53:18,168|[TRACE] script - #out(` `) [token]
2021-11-21T23:53:18,168|[TRACE] graph - <------- nonSkippedSpace
2021-11-21T23:53:18,168|[TRACE] graph - <----- statementPart
2021-11-21T23:53:18,168|[TRACE] graph - -----> statementPart
2021-11-21T23:53:18,168|[TRACE] graph - -------> nonSkippedChar
2021-11-21T23:53:18,168|[TRACE] script - #out(`A`) [token]
2021-11-21T23:53:18,168|[TRACE] graph - <------- nonSkippedChar
2021-11-21T23:53:18,168|[TRACE] graph - <----- statementPart
2021-11-21T23:53:18,168|[TRACE] graph - -----> statementPart
2021-11-21T23:53:18,168|[TRACE] graph - -------> nonSkippedChar
2021-11-21T23:53:18,168|[TRACE] script - #out(`C`) [token]
2021-11-21T23:53:18,168|[TRACE] graph - <------- nonSkippedChar
2021-11-21T23:53:18,168|[TRACE] graph - <----- statementPart
2021-11-21T23:53:18,168|[TRACE] graph - -----> statementPart
2021-11-21T23:53:18,168|[TRACE] graph - -------> nonSkippedChar
2021-11-21T23:53:18,168|[TRACE] script - #out(`T`) [token]
2021-11-21T23:53:18,168|[TRACE] graph - <------- nonSkippedChar
2021-11-21T23:53:18,168|[TRACE] graph - <----- statementPart
2021-11-21T23:53:18,168|[TRACE] graph - -----> statementPart
2021-11-21T23:53:18,168|[TRACE] graph - -------> nonSkippedChar
2021-11-21T23:53:18,168|[TRACE] script - #out(`I`) [token]
2021-11-21T23:53:18,168|[TRACE] graph - <------- nonSkippedChar
2021-11-21T23:53:18,168|[TRACE] graph - <----- statementPart
2021-11-21T23:53:18,168|[TRACE] graph - -----> statementPart
2021-11-21T23:53:18,168|[TRACE] graph - -------> nonSkippedChar
2021-11-21T23:53:18,168|[TRACE] script - #out(`O`) [token]
2021-11-21T23:53:18,168|[TRACE] graph - <------- nonSkippedChar
2021-11-21T23:53:18,168|[TRACE] graph - <----- statementPart
2021-11-21T23:53:18,168|[TRACE] graph - -----> statementPart
2021-11-21T23:53:18,168|[TRACE] graph - -------> nonSkippedChar
2021-11-21T23:53:18,168|[TRACE] script - #out(`N`) [token]
2021-11-21T23:53:18,168|[TRACE] graph - <------- nonSkippedChar
2021-11-21T23:53:18,168|[TRACE] graph - <----- statementPart
2021-11-21T23:53:18,168|[TRACE] graph - -----> afterStatementPartNewline
2021-11-21T23:53:18,168|[TRACE] script - #out(` `) [text]
2021-11-21T23:53:18,168|[TRACE] graph - <----- afterStatementPartNewline
2021-11-21T23:53:18,168|[TRACE] graph - -----> statementPart
2021-11-21T23:53:18,168|[TRACE] graph - -------> nonSkippedSpace
2021-11-21T23:53:18,168|[TRACE] script - #out(` `) [token]
2021-11-21T23:53:18,168|[TRACE] graph - <------- nonSkippedSpace
2021-11-21T23:53:18,168|[TRACE] graph - <----- statementPart
2021-11-21T23:53:18,168|[TRACE] graph - -----> statementPart
2021-11-21T23:53:18,168|[TRACE] graph - -------> nonSkippedSpace
2021-11-21T23:53:18,168|[TRACE] script - #out(` `) [token]
2021-11-21T23:53:18,168|[TRACE] graph - <------- nonSkippedSpace
2021-11-21T23:53:18,168|[TRACE] graph - <----- statementPart
2021-11-21T23:53:18,168|[TRACE] graph - -----> statementPart
2021-11-21T23:53:18,168|[TRACE] graph - -------> nonSkippedSpace
2021-11-21T23:53:18,168|[TRACE] script - #out(` `) [token]
2021-11-21T23:53:18,168|[TRACE] graph - <------- nonSkippedSpace
2021-11-21T23:53:18,168|[TRACE] graph - <----- statementPart
2021-11-21T23:53:18,168|[TRACE] graph - -----> statementPart
2021-11-21T23:53:18,168|[TRACE] graph - -------> nonSkippedSpace
2021-11-21T23:53:18,168|[TRACE] script - #out(` `) [token]
2021-11-21T23:53:18,168|[TRACE] graph - <------- nonSkippedSpace
2021-11-21T23:53:18,168|[TRACE] graph - <----- statementPart
2021-11-21T23:53:18,168|[TRACE] graph - -----> statementPart
2021-11-21T23:53:18,168|[TRACE] graph - -------> nonSkippedChar
2021-11-21T23:53:18,168|[TRACE] script - #out(`O`) [token]
2021-11-21T23:53:18,168|[TRACE] graph - <------- nonSkippedChar
2021-11-21T23:53:18,168|[TRACE] graph - <----- statementPart
2021-11-21T23:53:18,168|[TRACE] graph - -----> statementPart
2021-11-21T23:53:18,168|[TRACE] graph - -------> nonSkippedChar
2021-11-21T23:53:18,168|[TRACE] script - #out(`N`) [token]
2021-11-21T23:53:18,168|[TRACE] graph - <------- nonSkippedChar
2021-11-21T23:53:18,168|[TRACE] graph - <----- statementPart
2021-11-21T23:53:18,168|[TRACE] graph - -----> statementPart
2021-11-21T23:53:18,168|[TRACE] graph - -------> nonSkippedSpace
2021-11-21T23:53:18,168|[TRACE] script - #out(` `) [token]
2021-11-21T23:53:18,168|[TRACE] graph - <------- nonSkippedSpace
2021-11-21T23:53:18,168|[TRACE] graph - <----- statementPart
2021-11-21T23:53:18,168|[TRACE] graph - -----> statementPart
2021-11-21T23:53:18,168|[TRACE] graph - -------> nonSkippedChar
2021-11-21T23:53:18,168|[TRACE] script - #out(`U`) [token]
2021-11-21T23:53:18,168|[TRACE] graph - <------- nonSkippedChar
2021-11-21T23:53:18,168|[TRACE] graph - <----- statementPart
2021-11-21T23:53:18,168|[TRACE] graph - -----> statementPart
2021-11-21T23:53:18,168|[TRACE] graph - -------> nonSkippedChar
2021-11-21T23:53:18,168|[TRACE] script - #out(`P`) [token]
2021-11-21T23:53:18,168|[TRACE] graph - <------- nonSkippedChar
2021-11-21T23:53:18,168|[TRACE] graph - <----- statementPart
2021-11-21T23:53:18,168|[TRACE] graph - -----> statementPart
2021-11-21T23:53:18,168|[TRACE] graph - -------> nonSkippedChar
2021-11-21T23:53:18,169|[TRACE] script - #out(`D`) [token]
2021-11-21T23:53:18,169|[TRACE] graph - <------- nonSkippedChar
2021-11-21T23:53:18,169|[TRACE] graph - <----- statementPart
2021-11-21T23:53:18,169|[TRACE] graph - -----> statementPart
2021-11-21T23:53:18,169|[TRACE] graph - -------> nonSkippedChar
2021-11-21T23:53:18,169|[TRACE] script - #out(`A`) [token]
2021-11-21T23:53:18,169|[TRACE] graph - <------- nonSkippedChar
2021-11-21T23:53:18,169|[TRACE] graph - <----- statementPart
2021-11-21T23:53:18,169|[TRACE] graph - -----> statementPart
2021-11-21T23:53:18,169|[TRACE] graph - -------> nonSkippedChar
2021-11-21T23:53:18,169|[TRACE] script - #out(`T`) [token]
2021-11-21T23:53:18,169|[TRACE] graph - <------- nonSkippedChar
2021-11-21T23:53:18,169|[TRACE] graph - <----- statementPart
2021-11-21T23:53:18,169|[TRACE] graph - -----> statementPart
2021-11-21T23:53:18,169|[TRACE] graph - -------> nonSkippedChar
2021-11-21T23:53:18,169|[TRACE] script - #out(`E`) [token]
2021-11-21T23:53:18,169|[TRACE] graph - <------- nonSkippedChar
2021-11-21T23:53:18,169|[TRACE] graph - <----- statementPart
2021-11-21T23:53:18,169|[TRACE] graph - -----> statementPart
2021-11-21T23:53:18,169|[TRACE] graph - -------> nonSkippedSpace
2021-11-21T23:53:18,169|[TRACE] script - #out(` `) [token]
2021-11-21T23:53:18,169|[TRACE] graph - <------- nonSkippedSpace
2021-11-21T23:53:18,169|[TRACE] graph - <----- statementPart
2021-11-21T23:53:18,169|[TRACE] graph - -----> statementPart
2021-11-21T23:53:18,169|[TRACE] graph - -------> nonSkippedChar
2021-11-21T23:53:18,169|[TRACE] script - #out(`N`) [token]
2021-11-21T23:53:18,169|[TRACE] graph - <------- nonSkippedChar
2021-11-21T23:53:18,169|[TRACE] graph - <----- statementPart
2021-11-21T23:53:18,169|[TRACE] graph - -----> statementPart
2021-11-21T23:53:18,169|[TRACE] graph - -------> nonSkippedChar
2021-11-21T23:53:18,169|[TRACE] script - #out(`O`) [token]
2021-11-21T23:53:18,169|[TRACE] graph - <------- nonSkippedChar
2021-11-21T23:53:18,169|[TRACE] graph - <----- statementPart
2021-11-21T23:53:18,169|[TRACE] graph - -----> statementPart
2021-11-21T23:53:18,169|[TRACE] graph - -------> nonSkippedSpace
2021-11-21T23:53:18,169|[TRACE] script - #out(` `) [token]
2021-11-21T23:53:18,169|[TRACE] graph - <------- nonSkippedSpace
2021-11-21T23:53:18,169|[TRACE] graph - <----- statementPart
2021-11-21T23:53:18,169|[TRACE] graph - -----> statementPart
2021-11-21T23:53:18,169|[TRACE] graph - -------> nonSkippedChar
2021-11-21T23:53:18,169|[TRACE] script - #out(`A`) [token]
2021-11-21T23:53:18,169|[TRACE] graph - <------- nonSkippedChar
2021-11-21T23:53:18,169|[TRACE] graph - <----- statementPart
2021-11-21T23:53:18,169|[TRACE] graph - -----> statementPart
2021-11-21T23:53:18,169|[TRACE] graph - -------> nonSkippedChar
2021-11-21T23:53:18,169|[TRACE] script - #out(`C`) [token]
2021-11-21T23:53:18,169|[TRACE] graph - <------- nonSkippedChar
2021-11-21T23:53:18,169|[TRACE] graph - <----- statementPart
2021-11-21T23:53:18,169|[TRACE] graph - -----> statementPart
2021-11-21T23:53:18,169|[TRACE] graph - -------> nonSkippedChar
2021-11-21T23:53:18,169|[TRACE] script - #out(`T`) [token]
2021-11-21T23:53:18,169|[TRACE] graph - <------- nonSkippedChar
2021-11-21T23:53:18,169|[TRACE] graph - <----- statementPart
2021-11-21T23:53:18,169|[TRACE] graph - -----> statementPart
2021-11-21T23:53:18,169|[TRACE] graph - -------> nonSkippedChar
2021-11-21T23:53:18,169|[TRACE] script - #out(`I`) [token]
2021-11-21T23:53:18,169|[TRACE] graph - <------- nonSkippedChar
2021-11-21T23:53:18,169|[TRACE] graph - <----- statementPart
2021-11-21T23:53:18,169|[TRACE] graph - -----> statementPart
2021-11-21T23:53:18,169|[TRACE] graph - -------> nonSkippedChar
2021-11-21T23:53:18,169|[TRACE] script - #out(`O`) [token]
2021-11-21T23:53:18,169|[TRACE] graph - <------- nonSkippedChar
2021-11-21T23:53:18,169|[TRACE] graph - <----- statementPart
2021-11-21T23:53:18,169|[TRACE] graph - -----> statementPart
2021-11-21T23:53:18,169|[TRACE] graph - -------> nonSkippedChar
2021-11-21T23:53:18,169|[TRACE] script - #out(`N`) [token]
2021-11-21T23:53:18,169|[TRACE] graph - <------- nonSkippedChar
2021-11-21T23:53:18,169|[TRACE] graph - <----- statementPart
2021-11-21T23:53:18,169|[TRACE] graph - -----> statementPart
2021-11-21T23:53:18,169|[TRACE] graph - -------> nonSkippedChar
2021-11-21T23:53:18,169|[TRACE] script - #out(`,`) [token]
2021-11-21T23:53:18,169|[TRACE] graph - <------- nonSkippedChar
2021-11-21T23:53:18,169|[TRACE] graph - <----- statementPart
2021-11-21T23:53:18,169|[TRACE] graph - -----> afterStatementPartNewline
2021-11-21T23:53:18,169|[TRACE] script - #out(` `) [text]
2021-11-21T23:53:18,169|[TRACE] graph - <----- afterStatementPartNewline
2021-11-21T23:53:18,169|[TRACE] graph - -----> statementPart
2021-11-21T23:53:18,169|[TRACE] graph - -------> nonSkippedSpace
2021-11-21T23:53:18,169|[TRACE] script - #out(` `) [token]
2021-11-21T23:53:18,169|[TRACE] graph - <------- nonSkippedSpace
2021-11-21T23:53:18,169|[TRACE] graph - <----- statementPart
2021-11-21T23:53:18,169|[TRACE] graph - -----> statementPart
2021-11-21T23:53:18,169|[TRACE] graph - -------> nonSkippedSpace
2021-11-21T23:53:18,169|[TRACE] script - #out(` `) [token]
2021-11-21T23:53:18,169|[TRACE] graph - <------- nonSkippedSpace
2021-11-21T23:53:18,169|[TRACE] graph - <----- statementPart
2021-11-21T23:53:18,169|[TRACE] graph - -----> statementPart
2021-11-21T23:53:18,169|[TRACE] graph - -------> nonSkippedChar
2021-11-21T23:53:18,169|[TRACE] script - #out(`C`) [token]
2021-11-21T23:53:18,169|[TRACE] graph - <------- nonSkippedChar
2021-11-21T23:53:18,169|[TRACE] graph - <----- statementPart
2021-11-21T23:53:18,169|[TRACE] graph - -----> statementPart
2021-11-21T23:53:18,169|[TRACE] graph - -------> nonSkippedChar
2021-11-21T23:53:18,169|[TRACE] script - #out(`O`) [token]
2021-11-21T23:53:18,169|[TRACE] graph - <------- nonSkippedChar
2021-11-21T23:53:18,169|[TRACE] graph - <----- statementPart
2021-11-21T23:53:18,169|[TRACE] graph - -----> statementPart
2021-11-21T23:53:18,169|[TRACE] graph - -------> nonSkippedChar
2021-11-21T23:53:18,169|[TRACE] script - #out(`N`) [token]
2021-11-21T23:53:18,169|[TRACE] graph - <------- nonSkippedChar
2021-11-21T23:53:18,169|[TRACE] graph - <----- statementPart
2021-11-21T23:53:18,169|[TRACE] graph - -----> statementPart
2021-11-21T23:53:18,169|[TRACE] graph - -------> nonSkippedChar
2021-11-21T23:53:18,169|[TRACE] script - #out(`S`) [token]
2021-11-21T23:53:18,169|[TRACE] graph - <------- nonSkippedChar
2021-11-21T23:53:18,169|[TRACE] graph - <----- statementPart
2021-11-21T23:53:18,169|[TRACE] graph - -----> statementPart
2021-11-21T23:53:18,169|[TRACE] graph - -------> nonSkippedChar
2021-11-21T23:53:18,169|[TRACE] script - #out(`T`) [token]
2021-11-21T23:53:18,169|[TRACE] graph - <------- nonSkippedChar
2021-11-21T23:53:18,169|[TRACE] graph - <----- statementPart
2021-11-21T23:53:18,169|[TRACE] graph - -----> statementPart
2021-11-21T23:53:18,169|[TRACE] graph - -------> nonSkippedChar
2021-11-21T23:53:18,169|[TRACE] script - #out(`R`) [token]
2021-11-21T23:53:18,170|[TRACE] graph - <------- nonSkippedChar
2021-11-21T23:53:18,170|[TRACE] graph - <----- statementPart
2021-11-21T23:53:18,170|[TRACE] graph - -----> statementPart
2021-11-21T23:53:18,170|[TRACE] graph - -------> nonSkippedChar
2021-11-21T23:53:18,170|[TRACE] script - #out(`A`) [token]
2021-11-21T23:53:18,170|[TRACE] graph - <------- nonSkippedChar
2021-11-21T23:53:18,170|[TRACE] graph - <----- statementPart
2021-11-21T23:53:18,170|[TRACE] graph - -----> statementPart
2021-11-21T23:53:18,170|[TRACE] graph - -------> nonSkippedChar
2021-11-21T23:53:18,170|[TRACE] script - #out(`I`) [token]
2021-11-21T23:53:18,170|[TRACE] graph - <------- nonSkippedChar
2021-11-21T23:53:18,170|[TRACE] graph - <----- statementPart
2021-11-21T23:53:18,170|[TRACE] graph - -----> statementPart
2021-11-21T23:53:18,170|[TRACE] graph - -------> nonSkippedChar
2021-11-21T23:53:18,170|[TRACE] script - #out(`N`) [token]
2021-11-21T23:53:18,170|[TRACE] graph - <------- nonSkippedChar
2021-11-21T23:53:18,170|[TRACE] graph - <----- statementPart
2021-11-21T23:53:18,170|[TRACE] graph - -----> statementPart
2021-11-21T23:53:18,170|[TRACE] graph - -------> nonSkippedChar
2021-11-21T23:53:18,170|[TRACE] script - #out(`T`) [token]
2021-11-21T23:53:18,170|[TRACE] graph - <------- nonSkippedChar
2021-11-21T23:53:18,170|[TRACE] graph - <----- statementPart
2021-11-21T23:53:18,170|[TRACE] graph - -----> statementPart
2021-11-21T23:53:18,170|[TRACE] graph - -------> nonSkippedSpace
2021-11-21T23:53:18,170|[TRACE] script - #out(` `) [token]
2021-11-21T23:53:18,170|[TRACE] graph - <------- nonSkippedSpace
2021-11-21T23:53:18,170|[TRACE] graph - <----- statementPart
2021-11-21T23:53:18,170|[TRACE] graph - -----> statementPart
2021-11-21T23:53:18,170|[TRACE] graph - -------> quotedString
2021-11-21T23:53:18,170|[TRACE] script - #out(``fk_donation_record_blood_donation1``) [token]
2021-11-21T23:53:18,170|[TRACE] graph - <------- quotedString
2021-11-21T23:53:18,170|[TRACE] graph - <----- statementPart
2021-11-21T23:53:18,170|[TRACE] graph - -----> afterStatementPartNewline
2021-11-21T23:53:18,170|[TRACE] script - #out(` `) [text]
2021-11-21T23:53:18,170|[TRACE] graph - <----- afterStatementPartNewline
2021-11-21T23:53:18,170|[TRACE] graph - -----> statementPart
2021-11-21T23:53:18,170|[TRACE] graph - -------> nonSkippedSpace
2021-11-21T23:53:18,170|[TRACE] script - #out(` `) [token]
2021-11-21T23:53:18,170|[TRACE] graph - <------- nonSkippedSpace
2021-11-21T23:53:18,170|[TRACE] graph - <----- statementPart
2021-11-21T23:53:18,170|[TRACE] graph - -----> statementPart
2021-11-21T23:53:18,170|[TRACE] graph - -------> nonSkippedSpace
2021-11-21T23:53:18,170|[TRACE] script - #out(` `) [token]
2021-11-21T23:53:18,170|[TRACE] graph - <------- nonSkippedSpace
2021-11-21T23:53:18,170|[TRACE] graph - <----- statementPart
2021-11-21T23:53:18,170|[TRACE] graph - -----> statementPart
2021-11-21T23:53:18,170|[TRACE] graph - -------> nonSkippedSpace
2021-11-21T23:53:18,170|[TRACE] script - #out(` `) [token]
2021-11-21T23:53:18,170|[TRACE] graph - <------- nonSkippedSpace
2021-11-21T23:53:18,170|[TRACE] graph - <----- statementPart
2021-11-21T23:53:18,170|[TRACE] graph - -----> statementPart
2021-11-21T23:53:18,170|[TRACE] graph - -------> nonSkippedSpace
2021-11-21T23:53:18,170|[TRACE] script - #out(` `) [token]
2021-11-21T23:53:18,170|[TRACE] graph - <------- nonSkippedSpace
2021-11-21T23:53:18,170|[TRACE] graph - <----- statementPart
2021-11-21T23:53:18,170|[TRACE] graph - -----> statementPart
2021-11-21T23:53:18,170|[TRACE] graph - -------> nonSkippedChar
2021-11-21T23:53:18,170|[TRACE] script - #out(`F`) [token]
2021-11-21T23:53:18,170|[TRACE] graph - <------- nonSkippedChar
2021-11-21T23:53:18,170|[TRACE] graph - <----- statementPart
2021-11-21T23:53:18,170|[TRACE] graph - -----> statementPart
2021-11-21T23:53:18,170|[TRACE] graph - -------> nonSkippedChar
2021-11-21T23:53:18,170|[TRACE] script - #out(`O`) [token]
2021-11-21T23:53:18,170|[TRACE] graph - <------- nonSkippedChar
2021-11-21T23:53:18,170|[TRACE] graph - <----- statementPart
2021-11-21T23:53:18,170|[TRACE] graph - -----> statementPart
2021-11-21T23:53:18,170|[TRACE] graph - -------> nonSkippedChar
2021-11-21T23:53:18,170|[TRACE] script - #out(`R`) [token]
2021-11-21T23:53:18,170|[TRACE] graph - <------- nonSkippedChar
2021-11-21T23:53:18,170|[TRACE] graph - <----- statementPart
2021-11-21T23:53:18,170|[TRACE] graph - -----> statementPart
2021-11-21T23:53:18,170|[TRACE] graph - -------> nonSkippedChar
2021-11-21T23:53:18,170|[TRACE] script - #out(`E`) [token]
2021-11-21T23:53:18,170|[TRACE] graph - <------- nonSkippedChar
2021-11-21T23:53:18,170|[TRACE] graph - <----- statementPart
2021-11-21T23:53:18,170|[TRACE] graph - -----> statementPart
2021-11-21T23:53:18,170|[TRACE] graph - -------> nonSkippedChar
2021-11-21T23:53:18,170|[TRACE] script - #out(`I`) [token]
2021-11-21T23:53:18,170|[TRACE] graph - <------- nonSkippedChar
2021-11-21T23:53:18,170|[TRACE] graph - <----- statementPart
2021-11-21T23:53:18,170|[TRACE] graph - -----> statementPart
2021-11-21T23:53:18,170|[TRACE] graph - -------> nonSkippedChar
2021-11-21T23:53:18,170|[TRACE] script - #out(`G`) [token]
2021-11-21T23:53:18,170|[TRACE] graph - <------- nonSkippedChar
2021-11-21T23:53:18,170|[TRACE] graph - <----- statementPart
2021-11-21T23:53:18,170|[TRACE] graph - -----> statementPart
2021-11-21T23:53:18,170|[TRACE] graph - -------> nonSkippedChar
2021-11-21T23:53:18,170|[TRACE] script - #out(`N`) [token]
2021-11-21T23:53:18,170|[TRACE] graph - <------- nonSkippedChar
2021-11-21T23:53:18,170|[TRACE] graph - <----- statementPart
2021-11-21T23:53:18,170|[TRACE] graph - -----> statementPart
2021-11-21T23:53:18,170|[TRACE] graph - -------> nonSkippedSpace
2021-11-21T23:53:18,170|[TRACE] script - #out(` `) [token]
2021-11-21T23:53:18,170|[TRACE] graph - <------- nonSkippedSpace
2021-11-21T23:53:18,170|[TRACE] graph - <----- statementPart
2021-11-21T23:53:18,170|[TRACE] graph - -----> statementPart
2021-11-21T23:53:18,171|[TRACE] graph - -------> nonSkippedChar
2021-11-21T23:53:18,171|[TRACE] script - #out(`K`) [token]
2021-11-21T23:53:18,171|[TRACE] graph - <------- nonSkippedChar
2021-11-21T23:53:18,171|[TRACE] graph - <----- statementPart
2021-11-21T23:53:18,171|[TRACE] graph - -----> statementPart
2021-11-21T23:53:18,171|[TRACE] graph - -------> nonSkippedChar
2021-11-21T23:53:18,171|[TRACE] script - #out(`E`) [token]
2021-11-21T23:53:18,171|[TRACE] graph - <------- nonSkippedChar
2021-11-21T23:53:18,171|[TRACE] graph - <----- statementPart
2021-11-21T23:53:18,171|[TRACE] graph - -----> statementPart
2021-11-21T23:53:18,171|[TRACE] graph - -------> nonSkippedChar
2021-11-21T23:53:18,171|[TRACE] script - #out(`Y`) [token]
2021-11-21T23:53:18,171|[TRACE] graph - <------- nonSkippedChar
2021-11-21T23:53:18,171|[TRACE] graph - <----- statementPart
2021-11-21T23:53:18,171|[TRACE] graph - -----> statementPart
2021-11-21T23:53:18,171|[TRACE] graph - -------> nonSkippedSpace
2021-11-21T23:53:18,171|[TRACE] script - #out(` `) [token]
2021-11-21T23:53:18,171|[TRACE] graph - <------- nonSkippedSpace
2021-11-21T23:53:18,171|[TRACE] graph - <----- statementPart
2021-11-21T23:53:18,171|[TRACE] graph - -----> statementPart
2021-11-21T23:53:18,171|[TRACE] graph - -------> nonSkippedChar
2021-11-21T23:53:18,171|[TRACE] script - #out(`(`) [token]
2021-11-21T23:53:18,171|[TRACE] graph - <------- nonSkippedChar
2021-11-21T23:53:18,171|[TRACE] graph - <----- statementPart
2021-11-21T23:53:18,171|[TRACE] graph - -----> statementPart
2021-11-21T23:53:18,171|[TRACE] graph - -------> quotedString
2021-11-21T23:53:18,171|[TRACE] script - #out(``donation_id``) [token]
2021-11-21T23:53:18,171|[TRACE] graph - <------- quotedString
2021-11-21T23:53:18,171|[TRACE] graph - <----- statementPart
2021-11-21T23:53:18,171|[TRACE] graph - -----> statementPart
2021-11-21T23:53:18,171|[TRACE] graph - -------> nonSkippedChar
2021-11-21T23:53:18,171|[TRACE] script - #out(`)`) [token]
2021-11-21T23:53:18,171|[TRACE] graph - <------- nonSkippedChar
2021-11-21T23:53:18,171|[TRACE] graph - <----- statementPart
2021-11-21T23:53:18,171|[TRACE] graph - -----> afterStatementPartNewline
2021-11-21T23:53:18,171|[TRACE] script - #out(` `) [text]
2021-11-21T23:53:18,171|[TRACE] graph - <----- afterStatementPartNewline
2021-11-21T23:53:18,171|[TRACE] graph - -----> statementPart
2021-11-21T23:53:18,171|[TRACE] graph - -------> nonSkippedSpace
2021-11-21T23:53:18,171|[TRACE] script - #out(` `) [token]
2021-11-21T23:53:18,171|[TRACE] graph - <------- nonSkippedSpace
2021-11-21T23:53:18,171|[TRACE] graph - <----- statementPart
2021-11-21T23:53:18,171|[TRACE] graph - -----> statementPart
2021-11-21T23:53:18,171|[TRACE] graph - -------> nonSkippedSpace
2021-11-21T23:53:18,171|[TRACE] script - #out(` `) [token]
2021-11-21T23:53:18,171|[TRACE] graph - <------- nonSkippedSpace
2021-11-21T23:53:18,171|[TRACE] graph - <----- statementPart
2021-11-21T23:53:18,171|[TRACE] graph - -----> statementPart
2021-11-21T23:53:18,171|[TRACE] graph - -------> nonSkippedSpace
2021-11-21T23:53:18,171|[TRACE] script - #out(` `) [token]
2021-11-21T23:53:18,171|[TRACE] graph - <------- nonSkippedSpace
2021-11-21T23:53:18,171|[TRACE] graph - <----- statementPart
2021-11-21T23:53:18,171|[TRACE] graph - -----> statementPart
2021-11-21T23:53:18,171|[TRACE] graph - -------> nonSkippedSpace
2021-11-21T23:53:18,171|[TRACE] script - #out(` `) [token]
2021-11-21T23:53:18,171|[TRACE] graph - <------- nonSkippedSpace
2021-11-21T23:53:18,171|[TRACE] graph - <----- statementPart
2021-11-21T23:53:18,171|[TRACE] graph - -----> statementPart
2021-11-21T23:53:18,171|[TRACE] graph - -------> nonSkippedChar
2021-11-21T23:53:18,171|[TRACE] script - #out(`R`) [token]
2021-11-21T23:53:18,171|[TRACE] graph - <------- nonSkippedChar
2021-11-21T23:53:18,171|[TRACE] graph - <----- statementPart
2021-11-21T23:53:18,171|[TRACE] graph - -----> statementPart
2021-11-21T23:53:18,171|[TRACE] graph - -------> nonSkippedChar
2021-11-21T23:53:18,171|[TRACE] script - #out(`E`) [token]
2021-11-21T23:53:18,171|[TRACE] graph - <------- nonSkippedChar
2021-11-21T23:53:18,171|[TRACE] graph - <----- statementPart
2021-11-21T23:53:18,171|[TRACE] graph - -----> statementPart
2021-11-21T23:53:18,171|[TRACE] graph - -------> nonSkippedChar
2021-11-21T23:53:18,171|[TRACE] script - #out(`F`) [token]
2021-11-21T23:53:18,171|[TRACE] graph - <------- nonSkippedChar
2021-11-21T23:53:18,171|[TRACE] graph - <----- statementPart
2021-11-21T23:53:18,171|[TRACE] graph - -----> statementPart
2021-11-21T23:53:18,171|[TRACE] graph - -------> nonSkippedChar
2021-11-21T23:53:18,171|[TRACE] script - #out(`E`) [token]
2021-11-21T23:53:18,171|[TRACE] graph - <------- nonSkippedChar
2021-11-21T23:53:18,171|[TRACE] graph - <----- statementPart
2021-11-21T23:53:18,171|[TRACE] graph - -----> statementPart
2021-11-21T23:53:18,171|[TRACE] graph - -------> nonSkippedChar
2021-11-21T23:53:18,171|[TRACE] script - #out(`R`) [token]
2021-11-21T23:53:18,171|[TRACE] graph - <------- nonSkippedChar
2021-11-21T23:53:18,171|[TRACE] graph - <----- statementPart
2021-11-21T23:53:18,171|[TRACE] graph - -----> statementPart
2021-11-21T23:53:18,171|[TRACE] graph - -------> nonSkippedChar
2021-11-21T23:53:18,171|[TRACE] script - #out(`E`) [token]
2021-11-21T23:53:18,171|[TRACE] graph - <------- nonSkippedChar
2021-11-21T23:53:18,171|[TRACE] graph - <----- statementPart
2021-11-21T23:53:18,171|[TRACE] graph - -----> statementPart
2021-11-21T23:53:18,171|[TRACE] graph - -------> nonSkippedChar
2021-11-21T23:53:18,171|[TRACE] script - #out(`N`) [token]
2021-11-21T23:53:18,171|[TRACE] graph - <------- nonSkippedChar
2021-11-21T23:53:18,171|[TRACE] graph - <----- statementPart
2021-11-21T23:53:18,171|[TRACE] graph - -----> statementPart
2021-11-21T23:53:18,171|[TRACE] graph - -------> nonSkippedChar
2021-11-21T23:53:18,171|[TRACE] script - #out(`C`) [token]
2021-11-21T23:53:18,171|[TRACE] graph - <------- nonSkippedChar
2021-11-21T23:53:18,171|[TRACE] graph - <----- statementPart
2021-11-21T23:53:18,171|[TRACE] graph - -----> statementPart
2021-11-21T23:53:18,172|[TRACE] graph - -------> nonSkippedChar
2021-11-21T23:53:18,172|[TRACE] script - #out(`E`) [token]
2021-11-21T23:53:18,172|[TRACE] graph - <------- nonSkippedChar
2021-11-21T23:53:18,172|[TRACE] graph - <----- statementPart
2021-11-21T23:53:18,172|[TRACE] graph - -----> statementPart
2021-11-21T23:53:18,172|[TRACE] graph - -------> nonSkippedChar
2021-11-21T23:53:18,172|[TRACE] script - #out(`S`) [token]
2021-11-21T23:53:18,172|[TRACE] graph - <------- nonSkippedChar
2021-11-21T23:53:18,172|[TRACE] graph - <----- statementPart
2021-11-21T23:53:18,172|[TRACE] graph - -----> statementPart
2021-11-21T23:53:18,172|[TRACE] graph - -------> nonSkippedSpace
2021-11-21T23:53:18,172|[TRACE] script - #out(` `) [token]
2021-11-21T23:53:18,172|[TRACE] graph - <------- nonSkippedSpace
2021-11-21T23:53:18,172|[TRACE] graph - <----- statementPart
2021-11-21T23:53:18,172|[TRACE] graph - -----> statementPart
2021-11-21T23:53:18,172|[TRACE] graph - -------> quotedString
2021-11-21T23:53:18,172|[TRACE] script - #out(``bloodbank``) [token]
2021-11-21T23:53:18,172|[TRACE] graph - <------- quotedString
2021-11-21T23:53:18,172|[TRACE] graph - <----- statementPart
2021-11-21T23:53:18,172|[TRACE] graph - -----> statementPart
2021-11-21T23:53:18,172|[TRACE] graph - -------> nonSkippedChar
2021-11-21T23:53:18,172|[TRACE] script - #out(`.`) [token]
2021-11-21T23:53:18,172|[TRACE] graph - <------- nonSkippedChar
2021-11-21T23:53:18,172|[TRACE] graph - <----- statementPart
2021-11-21T23:53:18,172|[TRACE] graph - -----> statementPart
2021-11-21T23:53:18,172|[TRACE] graph - -------> quotedString
2021-11-21T23:53:18,172|[TRACE] script - #out(``blood_donation``) [token]
2021-11-21T23:53:18,172|[TRACE] graph - <------- quotedString
2021-11-21T23:53:18,172|[TRACE] graph - <----- statementPart
2021-11-21T23:53:18,172|[TRACE] graph - -----> statementPart
2021-11-21T23:53:18,172|[TRACE] graph - -------> nonSkippedSpace
2021-11-21T23:53:18,172|[TRACE] script - #out(` `) [token]
2021-11-21T23:53:18,172|[TRACE] graph - <------- nonSkippedSpace
2021-11-21T23:53:18,172|[TRACE] graph - <----- statementPart
2021-11-21T23:53:18,172|[TRACE] graph - -----> statementPart
2021-11-21T23:53:18,172|[TRACE] graph - -------> nonSkippedChar
2021-11-21T23:53:18,172|[TRACE] script - #out(`(`) [token]
2021-11-21T23:53:18,172|[TRACE] graph - <------- nonSkippedChar
2021-11-21T23:53:18,172|[TRACE] graph - <----- statementPart
2021-11-21T23:53:18,172|[TRACE] graph - -----> statementPart
2021-11-21T23:53:18,172|[TRACE] graph - -------> quotedString
2021-11-21T23:53:18,172|[TRACE] script - #out(``donation_id``) [token]
2021-11-21T23:53:18,172|[TRACE] graph - <------- quotedString
2021-11-21T23:53:18,172|[TRACE] graph - <----- statementPart
2021-11-21T23:53:18,172|[TRACE] graph - -----> statementPart
2021-11-21T23:53:18,172|[TRACE] graph - -------> nonSkippedChar
2021-11-21T23:53:18,172|[TRACE] script - #out(`)`) [token]
2021-11-21T23:53:18,172|[TRACE] graph - <------- nonSkippedChar
2021-11-21T23:53:18,172|[TRACE] graph - <----- statementPart
2021-11-21T23:53:18,172|[TRACE] graph - -----> afterStatementPartNewline
2021-11-21T23:53:18,172|[TRACE] script - #out(` `) [text]
2021-11-21T23:53:18,172|[TRACE] graph - <----- afterStatementPartNewline
2021-11-21T23:53:18,172|[TRACE] graph - -----> statementPart
2021-11-21T23:53:18,172|[TRACE] graph - -------> nonSkippedSpace
2021-11-21T23:53:18,172|[TRACE] script - #out(` `) [token]
2021-11-21T23:53:18,172|[TRACE] graph - <------- nonSkippedSpace
2021-11-21T23:53:18,172|[TRACE] graph - <----- statementPart
2021-11-21T23:53:18,172|[TRACE] graph - -----> statementPart
2021-11-21T23:53:18,172|[TRACE] graph - -------> nonSkippedSpace
2021-11-21T23:53:18,172|[TRACE] script - #out(` `) [token]
2021-11-21T23:53:18,172|[TRACE] graph - <------- nonSkippedSpace
2021-11-21T23:53:18,172|[TRACE] graph - <----- statementPart
2021-11-21T23:53:18,172|[TRACE] graph - -----> statementPart
2021-11-21T23:53:18,172|[TRACE] graph - -------> nonSkippedSpace
2021-11-21T23:53:18,172|[TRACE] script - #out(` `) [token]
2021-11-21T23:53:18,172|[TRACE] graph - <------- nonSkippedSpace
2021-11-21T23:53:18,172|[TRACE] graph - <----- statementPart
2021-11-21T23:53:18,172|[TRACE] graph - -----> statementPart
2021-11-21T23:53:18,172|[TRACE] graph - -------> nonSkippedSpace
2021-11-21T23:53:18,172|[TRACE] script - #out(` `) [token]
2021-11-21T23:53:18,172|[TRACE] graph - <------- nonSkippedSpace
2021-11-21T23:53:18,172|[TRACE] graph - <----- statementPart
2021-11-21T23:53:18,172|[TRACE] graph - -----> statementPart
2021-11-21T23:53:18,172|[TRACE] graph - -------> nonSkippedChar
2021-11-21T23:53:18,172|[TRACE] script - #out(`O`) [token]
2021-11-21T23:53:18,172|[TRACE] graph - <------- nonSkippedChar
2021-11-21T23:53:18,172|[TRACE] graph - <----- statementPart
2021-11-21T23:53:18,172|[TRACE] graph - -----> statementPart
2021-11-21T23:53:18,172|[TRACE] graph - -------> nonSkippedChar
2021-11-21T23:53:18,172|[TRACE] script - #out(`N`) [token]
2021-11-21T23:53:18,172|[TRACE] graph - <------- nonSkippedChar
2021-11-21T23:53:18,172|[TRACE] graph - <----- statementPart
2021-11-21T23:53:18,172|[TRACE] graph - -----> statementPart
2021-11-21T23:53:18,172|[TRACE] graph - -------> nonSkippedSpace
2021-11-21T23:53:18,172|[TRACE] script - #out(` `) [token]
2021-11-21T23:53:18,172|[TRACE] graph - <------- nonSkippedSpace
2021-11-21T23:53:18,172|[TRACE] graph - <----- statementPart
2021-11-21T23:53:18,172|[TRACE] graph - -----> statementPart
2021-11-21T23:53:18,172|[TRACE] graph - -------> nonSkippedChar
2021-11-21T23:53:18,172|[TRACE] script - #out(`D`) [token]
2021-11-21T23:53:18,172|[TRACE] graph - <------- nonSkippedChar
2021-11-21T23:53:18,172|[TRACE] graph - <----- statementPart
2021-11-21T23:53:18,172|[TRACE] graph - -----> statementPart
2021-11-21T23:53:18,172|[TRACE] graph - -------> nonSkippedChar
2021-11-21T23:53:18,172|[TRACE] script - #out(`E`) [token]
2021-11-21T23:53:18,173|[TRACE] graph - <------- nonSkippedChar
2021-11-21T23:53:18,173|[TRACE] graph - <----- statementPart
2021-11-21T23:53:18,173|[TRACE] graph - -----> statementPart
2021-11-21T23:53:18,173|[TRACE] graph - -------> nonSkippedChar
2021-11-21T23:53:18,173|[TRACE] script - #out(`L`) [token]
2021-11-21T23:53:18,173|[TRACE] graph - <------- nonSkippedChar
2021-11-21T23:53:18,173|[TRACE] graph - <----- statementPart
2021-11-21T23:53:18,173|[TRACE] graph - -----> statementPart
2021-11-21T23:53:18,173|[TRACE] graph - -------> nonSkippedChar
2021-11-21T23:53:18,173|[TRACE] script - #out(`E`) [token]
2021-11-21T23:53:18,173|[TRACE] graph - <------- nonSkippedChar
2021-11-21T23:53:18,173|[TRACE] graph - <----- statementPart
2021-11-21T23:53:18,173|[TRACE] graph - -----> statementPart
2021-11-21T23:53:18,173|[TRACE] graph - -------> nonSkippedChar
2021-11-21T23:53:18,173|[TRACE] script - #out(`T`) [token]
2021-11-21T23:53:18,173|[TRACE] graph - <------- nonSkippedChar
2021-11-21T23:53:18,173|[TRACE] graph - <----- statementPart
2021-11-21T23:53:18,173|[TRACE] graph - -----> statementPart
2021-11-21T23:53:18,173|[TRACE] graph - -------> nonSkippedChar
2021-11-21T23:53:18,173|[TRACE] script - #out(`E`) [token]
2021-11-21T23:53:18,173|[TRACE] graph - <------- nonSkippedChar
2021-11-21T23:53:18,173|[TRACE] graph - <----- statementPart
2021-11-21T23:53:18,173|[TRACE] graph - -----> statementPart
2021-11-21T23:53:18,173|[TRACE] graph - -------> nonSkippedSpace
2021-11-21T23:53:18,173|[TRACE] script - #out(` `) [token]
2021-11-21T23:53:18,173|[TRACE] graph - <------- nonSkippedSpace
2021-11-21T23:53:18,173|[TRACE] graph - <----- statementPart
2021-11-21T23:53:18,173|[TRACE] graph - -----> statementPart
2021-11-21T23:53:18,173|[TRACE] graph - -------> nonSkippedChar
2021-11-21T23:53:18,173|[TRACE] script - #out(`N`) [token]
2021-11-21T23:53:18,173|[TRACE] graph - <------- nonSkippedChar
2021-11-21T23:53:18,173|[TRACE] graph - <----- statementPart
2021-11-21T23:53:18,173|[TRACE] graph - -----> statementPart
2021-11-21T23:53:18,173|[TRACE] graph - -------> nonSkippedChar
2021-11-21T23:53:18,173|[TRACE] script - #out(`O`) [token]
2021-11-21T23:53:18,173|[TRACE] graph - <------- nonSkippedChar
2021-11-21T23:53:18,173|[TRACE] graph - <----- statementPart
2021-11-21T23:53:18,173|[TRACE] graph - -----> statementPart
2021-11-21T23:53:18,173|[TRACE] graph - -------> nonSkippedSpace
2021-11-21T23:53:18,173|[TRACE] script - #out(` `) [token]
2021-11-21T23:53:18,173|[TRACE] graph - <------- nonSkippedSpace
2021-11-21T23:53:18,173|[TRACE] graph - <----- statementPart
2021-11-21T23:53:18,173|[TRACE] graph - -----> statementPart
2021-11-21T23:53:18,173|[TRACE] graph - -------> nonSkippedChar
2021-11-21T23:53:18,173|[TRACE] script - #out(`A`) [token]
2021-11-21T23:53:18,173|[TRACE] graph - <------- nonSkippedChar
2021-11-21T23:53:18,173|[TRACE] graph - <----- statementPart
2021-11-21T23:53:18,173|[TRACE] graph - -----> statementPart
2021-11-21T23:53:18,173|[TRACE] graph - -------> nonSkippedChar
2021-11-21T23:53:18,173|[TRACE] script - #out(`C`) [token]
2021-11-21T23:53:18,173|[TRACE] graph - <------- nonSkippedChar
2021-11-21T23:53:18,173|[TRACE] graph - <----- statementPart
2021-11-21T23:53:18,173|[TRACE] graph - -----> statementPart
2021-11-21T23:53:18,173|[TRACE] graph - -------> nonSkippedChar
2021-11-21T23:53:18,173|[TRACE] script - #out(`T`) [token]
2021-11-21T23:53:18,173|[TRACE] graph - <------- nonSkippedChar
2021-11-21T23:53:18,173|[TRACE] graph - <----- statementPart
2021-11-21T23:53:18,173|[TRACE] graph - -----> statementPart
2021-11-21T23:53:18,173|[TRACE] graph - -------> nonSkippedChar
2021-11-21T23:53:18,173|[TRACE] script - #out(`I`) [token]
2021-11-21T23:53:18,173|[TRACE] graph - <------- nonSkippedChar
2021-11-21T23:53:18,173|[TRACE] graph - <----- statementPart
2021-11-21T23:53:18,173|[TRACE] graph - -----> statementPart
2021-11-21T23:53:18,173|[TRACE] graph - -------> nonSkippedChar
2021-11-21T23:53:18,173|[TRACE] script - #out(`O`) [token]
2021-11-21T23:53:18,173|[TRACE] graph - <------- nonSkippedChar
2021-11-21T23:53:18,173|[TRACE] graph - <----- statementPart
2021-11-21T23:53:18,173|[TRACE] graph - -----> statementPart
2021-11-21T23:53:18,173|[TRACE] graph - -------> nonSkippedChar
2021-11-21T23:53:18,173|[TRACE] script - #out(`N`) [token]
2021-11-21T23:53:18,173|[TRACE] graph - <------- nonSkippedChar
2021-11-21T23:53:18,173|[TRACE] graph - <----- statementPart
2021-11-21T23:53:18,173|[TRACE] graph - -----> afterStatementPartNewline
2021-11-21T23:53:18,173|[TRACE] script - #out(` `) [text]
2021-11-21T23:53:18,173|[TRACE] graph - <----- afterStatementPartNewline
2021-11-21T23:53:18,173|[TRACE] graph - -----> statementPart
2021-11-21T23:53:18,173|[TRACE] graph - -------> nonSkippedSpace
2021-11-21T23:53:18,173|[TRACE] script - #out(` `) [token]
2021-11-21T23:53:18,173|[TRACE] graph - <------- nonSkippedSpace
2021-11-21T23:53:18,173|[TRACE] graph - <----- statementPart
2021-11-21T23:53:18,173|[TRACE] graph - -----> statementPart
2021-11-21T23:53:18,173|[TRACE] graph - -------> nonSkippedSpace
2021-11-21T23:53:18,173|[TRACE] script - #out(` `) [token]
2021-11-21T23:53:18,173|[TRACE] graph - <------- nonSkippedSpace
2021-11-21T23:53:18,173|[TRACE] graph - <----- statementPart
2021-11-21T23:53:18,173|[TRACE] graph - -----> statementPart
2021-11-21T23:53:18,173|[TRACE] graph - -------> nonSkippedSpace
2021-11-21T23:53:18,173|[TRACE] script - #out(` `) [token]
2021-11-21T23:53:18,173|[TRACE] graph - <------- nonSkippedSpace
2021-11-21T23:53:18,173|[TRACE] graph - <----- statementPart
2021-11-21T23:53:18,173|[TRACE] graph - -----> statementPart
2021-11-21T23:53:18,173|[TRACE] graph - -------> nonSkippedSpace
2021-11-21T23:53:18,173|[TRACE] script - #out(` `) [token]
2021-11-21T23:53:18,173|[TRACE] graph - <------- nonSkippedSpace
2021-11-21T23:53:18,173|[TRACE] graph - <----- statementPart
2021-11-21T23:53:18,174|[TRACE] graph - -----> statementPart
2021-11-21T23:53:18,174|[TRACE] graph - -------> nonSkippedChar
2021-11-21T23:53:18,174|[TRACE] script - #out(`O`) [token]
2021-11-21T23:53:18,174|[TRACE] graph - <------- nonSkippedChar
2021-11-21T23:53:18,174|[TRACE] graph - <----- statementPart
2021-11-21T23:53:18,174|[TRACE] graph - -----> statementPart
2021-11-21T23:53:18,174|[TRACE] graph - -------> nonSkippedChar
2021-11-21T23:53:18,174|[TRACE] script - #out(`N`) [token]
2021-11-21T23:53:18,174|[TRACE] graph - <------- nonSkippedChar
2021-11-21T23:53:18,174|[TRACE] graph - <----- statementPart
2021-11-21T23:53:18,174|[TRACE] graph - -----> statementPart
2021-11-21T23:53:18,174|[TRACE] graph - -------> nonSkippedSpace
2021-11-21T23:53:18,174|[TRACE] script - #out(` `) [token]
2021-11-21T23:53:18,174|[TRACE] graph - <------- nonSkippedSpace
2021-11-21T23:53:18,174|[TRACE] graph - <----- statementPart
2021-11-21T23:53:18,174|[TRACE] graph - -----> statementPart
2021-11-21T23:53:18,174|[TRACE] graph - -------> nonSkippedChar
2021-11-21T23:53:18,174|[TRACE] script - #out(`U`) [token]
2021-11-21T23:53:18,174|[TRACE] graph - <------- nonSkippedChar
2021-11-21T23:53:18,174|[TRACE] graph - <----- statementPart
2021-11-21T23:53:18,174|[TRACE] graph - -----> statementPart
2021-11-21T23:53:18,174|[TRACE] graph - -------> nonSkippedChar
2021-11-21T23:53:18,174|[TRACE] script - #out(`P`) [token]
2021-11-21T23:53:18,174|[TRACE] graph - <------- nonSkippedChar
2021-11-21T23:53:18,174|[TRACE] graph - <----- statementPart
2021-11-21T23:53:18,174|[TRACE] graph - -----> statementPart
2021-11-21T23:53:18,174|[TRACE] graph - -------> nonSkippedChar
2021-11-21T23:53:18,174|[TRACE] script - #out(`D`) [token]
2021-11-21T23:53:18,174|[TRACE] graph - <------- nonSkippedChar
2021-11-21T23:53:18,174|[TRACE] graph - <----- statementPart
2021-11-21T23:53:18,174|[TRACE] graph - -----> statementPart
2021-11-21T23:53:18,174|[TRACE] graph - -------> nonSkippedChar
2021-11-21T23:53:18,174|[TRACE] script - #out(`A`) [token]
2021-11-21T23:53:18,174|[TRACE] graph - <------- nonSkippedChar
2021-11-21T23:53:18,174|[TRACE] graph - <----- statementPart
2021-11-21T23:53:18,174|[TRACE] graph - -----> statementPart
2021-11-21T23:53:18,174|[TRACE] graph - -------> nonSkippedChar
2021-11-21T23:53:18,174|[TRACE] script - #out(`T`) [token]
2021-11-21T23:53:18,174|[TRACE] graph - <------- nonSkippedChar
2021-11-21T23:53:18,174|[TRACE] graph - <----- statementPart
2021-11-21T23:53:18,174|[TRACE] graph - -----> statementPart
2021-11-21T23:53:18,174|[TRACE] graph - -------> nonSkippedChar
2021-11-21T23:53:18,174|[TRACE] script - #out(`E`) [token]
2021-11-21T23:53:18,174|[TRACE] graph - <------- nonSkippedChar
2021-11-21T23:53:18,174|[TRACE] graph - <----- statementPart
2021-11-21T23:53:18,174|[TRACE] graph - -----> statementPart
2021-11-21T23:53:18,174|[TRACE] graph - -------> nonSkippedSpace
2021-11-21T23:53:18,174|[TRACE] script - #out(` `) [token]
2021-11-21T23:53:18,174|[TRACE] graph - <------- nonSkippedSpace
2021-11-21T23:53:18,174|[TRACE] graph - <----- statementPart
2021-11-21T23:53:18,174|[TRACE] graph - -----> statementPart
2021-11-21T23:53:18,174|[TRACE] graph - -------> nonSkippedChar
2021-11-21T23:53:18,174|[TRACE] script - #out(`N`) [token]
2021-11-21T23:53:18,174|[TRACE] graph - <------- nonSkippedChar
2021-11-21T23:53:18,174|[TRACE] graph - <----- statementPart
2021-11-21T23:53:18,174|[TRACE] graph - -----> statementPart
2021-11-21T23:53:18,174|[TRACE] graph - -------> nonSkippedChar
2021-11-21T23:53:18,174|[TRACE] script - #out(`O`) [token]
2021-11-21T23:53:18,174|[TRACE] graph - <------- nonSkippedChar
2021-11-21T23:53:18,174|[TRACE] graph - <----- statementPart
2021-11-21T23:53:18,174|[TRACE] graph - -----> statementPart
2021-11-21T23:53:18,174|[TRACE] graph - -------> nonSkippedSpace
2021-11-21T23:53:18,174|[TRACE] script - #out(` `) [token]
2021-11-21T23:53:18,174|[TRACE] graph - <------- nonSkippedSpace
2021-11-21T23:53:18,174|[TRACE] graph - <----- statementPart
2021-11-21T23:53:18,174|[TRACE] graph - -----> statementPart
2021-11-21T23:53:18,174|[TRACE] graph - -------> nonSkippedChar
2021-11-21T23:53:18,174|[TRACE] script - #out(`A`) [token]
2021-11-21T23:53:18,174|[TRACE] graph - <------- nonSkippedChar
2021-11-21T23:53:18,174|[TRACE] graph - <----- statementPart
2021-11-21T23:53:18,174|[TRACE] graph - -----> statementPart
2021-11-21T23:53:18,174|[TRACE] graph - -------> nonSkippedChar
2021-11-21T23:53:18,174|[TRACE] script - #out(`C`) [token]
2021-11-21T23:53:18,174|[TRACE] graph - <------- nonSkippedChar
2021-11-21T23:53:18,174|[TRACE] graph - <----- statementPart
2021-11-21T23:53:18,174|[TRACE] graph - -----> statementPart
2021-11-21T23:53:18,174|[TRACE] graph - -------> nonSkippedChar
2021-11-21T23:53:18,174|[TRACE] script - #out(`T`) [token]
2021-11-21T23:53:18,174|[TRACE] graph - <------- nonSkippedChar
2021-11-21T23:53:18,174|[TRACE] graph - <----- statementPart
2021-11-21T23:53:18,174|[TRACE] graph - -----> statementPart
2021-11-21T23:53:18,174|[TRACE] graph - -------> nonSkippedChar
2021-11-21T23:53:18,174|[TRACE] script - #out(`I`) [token]
2021-11-21T23:53:18,174|[TRACE] graph - <------- nonSkippedChar
2021-11-21T23:53:18,174|[TRACE] graph - <----- statementPart
2021-11-21T23:53:18,174|[TRACE] graph - -----> statementPart
2021-11-21T23:53:18,174|[TRACE] graph - -------> nonSkippedChar
2021-11-21T23:53:18,174|[TRACE] script - #out(`O`) [token]
2021-11-21T23:53:18,174|[TRACE] graph - <------- nonSkippedChar
2021-11-21T23:53:18,174|[TRACE] graph - <----- statementPart
2021-11-21T23:53:18,174|[TRACE] graph - -----> statementPart
2021-11-21T23:53:18,174|[TRACE] graph - -------> nonSkippedChar
2021-11-21T23:53:18,174|[TRACE] script - #out(`N`) [token]
2021-11-21T23:53:18,174|[TRACE] graph - <------- nonSkippedChar
2021-11-21T23:53:18,174|[TRACE] graph - <----- statementPart
2021-11-21T23:53:18,174|[TRACE] graph - -----> statementPart
2021-11-21T23:53:18,175|[TRACE] graph - -------> nonSkippedChar
2021-11-21T23:53:18,175|[TRACE] script - #out(`)`) [token]
2021-11-21T23:53:18,175|[TRACE] graph - <------- nonSkippedChar
2021-11-21T23:53:18,175|[TRACE] graph - <----- statementPart
2021-11-21T23:53:18,175|[TRACE] graph - -----> afterStatementPartNewline
2021-11-21T23:53:18,175|[TRACE] script - #out(` `) [text]
2021-11-21T23:53:18,175|[TRACE] graph - <----- afterStatementPartNewline
2021-11-21T23:53:18,175|[TRACE] graph - -----> statementPart
2021-11-21T23:53:18,175|[TRACE] graph - -------> nonSkippedChar
2021-11-21T23:53:18,175|[TRACE] script - #out(`E`) [token]
2021-11-21T23:53:18,175|[TRACE] graph - <------- nonSkippedChar
2021-11-21T23:53:18,175|[TRACE] graph - <----- statementPart
2021-11-21T23:53:18,175|[TRACE] graph - -----> statementPart
2021-11-21T23:53:18,175|[TRACE] graph - -------> nonSkippedChar
2021-11-21T23:53:18,175|[TRACE] script - #out(`N`) [token]
2021-11-21T23:53:18,175|[TRACE] graph - <------- nonSkippedChar
2021-11-21T23:53:18,175|[TRACE] graph - <----- statementPart
2021-11-21T23:53:18,175|[TRACE] graph - -----> statementPart
2021-11-21T23:53:18,175|[TRACE] graph - -------> nonSkippedChar
2021-11-21T23:53:18,175|[TRACE] script - #out(`G`) [token]
2021-11-21T23:53:18,175|[TRACE] graph - <------- nonSkippedChar
2021-11-21T23:53:18,175|[TRACE] graph - <----- statementPart
2021-11-21T23:53:18,175|[TRACE] graph - -----> statementPart
2021-11-21T23:53:18,175|[TRACE] graph - -------> nonSkippedChar
2021-11-21T23:53:18,175|[TRACE] script - #out(`I`) [token]
2021-11-21T23:53:18,175|[TRACE] graph - <------- nonSkippedChar
2021-11-21T23:53:18,175|[TRACE] graph - <----- statementPart
2021-11-21T23:53:18,175|[TRACE] graph - -----> statementPart
2021-11-21T23:53:18,175|[TRACE] graph - -------> nonSkippedChar
2021-11-21T23:53:18,175|[TRACE] script - #out(`N`) [token]
2021-11-21T23:53:18,175|[TRACE] graph - <------- nonSkippedChar
2021-11-21T23:53:18,175|[TRACE] graph - <----- statementPart
2021-11-21T23:53:18,175|[TRACE] graph - -----> statementPart
2021-11-21T23:53:18,175|[TRACE] graph - -------> nonSkippedChar
2021-11-21T23:53:18,175|[TRACE] script - #out(`E`) [token]
2021-11-21T23:53:18,175|[TRACE] graph - <------- nonSkippedChar
2021-11-21T23:53:18,175|[TRACE] graph - <----- statementPart
2021-11-21T23:53:18,175|[TRACE] graph - -----> statementPart
2021-11-21T23:53:18,175|[TRACE] graph - -------> nonSkippedSpace
2021-11-21T23:53:18,175|[TRACE] script - #out(` `) [token]
2021-11-21T23:53:18,175|[TRACE] graph - <------- nonSkippedSpace
2021-11-21T23:53:18,175|[TRACE] graph - <----- statementPart
2021-11-21T23:53:18,175|[TRACE] graph - -----> statementPart
2021-11-21T23:53:18,175|[TRACE] graph - -------> nonSkippedChar
2021-11-21T23:53:18,175|[TRACE] script - #out(`=`) [token]
2021-11-21T23:53:18,175|[TRACE] graph - <------- nonSkippedChar
2021-11-21T23:53:18,175|[TRACE] graph - <----- statementPart
2021-11-21T23:53:18,175|[TRACE] graph - -----> statementPart
2021-11-21T23:53:18,175|[TRACE] graph - -------> nonSkippedSpace
2021-11-21T23:53:18,175|[TRACE] script - #out(` `) [token]
2021-11-21T23:53:18,175|[TRACE] graph - <------- nonSkippedSpace
2021-11-21T23:53:18,175|[TRACE] graph - <----- statementPart
2021-11-21T23:53:18,175|[TRACE] graph - -----> statementPart
2021-11-21T23:53:18,175|[TRACE] graph - -------> nonSkippedChar
2021-11-21T23:53:18,175|[TRACE] script - #out(`I`) [token]
2021-11-21T23:53:18,175|[TRACE] graph - <------- nonSkippedChar
2021-11-21T23:53:18,175|[TRACE] graph - <----- statementPart
2021-11-21T23:53:18,175|[TRACE] graph - -----> statementPart
2021-11-21T23:53:18,175|[TRACE] graph - -------> nonSkippedChar
2021-11-21T23:53:18,175|[TRACE] script - #out(`n`) [token]
2021-11-21T23:53:18,175|[TRACE] graph - <------- nonSkippedChar
2021-11-21T23:53:18,175|[TRACE] graph - <----- statementPart
2021-11-21T23:53:18,175|[TRACE] graph - -----> statementPart
2021-11-21T23:53:18,175|[TRACE] graph - -------> nonSkippedChar
2021-11-21T23:53:18,175|[TRACE] script - #out(`n`) [token]
2021-11-21T23:53:18,175|[TRACE] graph - <------- nonSkippedChar
2021-11-21T23:53:18,175|[TRACE] graph - <----- statementPart
2021-11-21T23:53:18,175|[TRACE] graph - -----> statementPart
2021-11-21T23:53:18,175|[TRACE] graph - -------> nonSkippedChar
2021-11-21T23:53:18,175|[TRACE] script - #out(`o`) [token]
2021-11-21T23:53:18,175|[TRACE] graph - <------- nonSkippedChar
2021-11-21T23:53:18,175|[TRACE] graph - <----- statementPart
2021-11-21T23:53:18,175|[TRACE] graph - -----> statementPart
2021-11-21T23:53:18,175|[TRACE] graph - -------> nonSkippedChar
2021-11-21T23:53:18,175|[TRACE] script - #out(`D`) [token]
2021-11-21T23:53:18,175|[TRACE] graph - <------- nonSkippedChar
2021-11-21T23:53:18,175|[TRACE] graph - <----- statementPart
2021-11-21T23:53:18,175|[TRACE] graph - -----> statementPart
2021-11-21T23:53:18,175|[TRACE] graph - -------> nonSkippedChar
2021-11-21T23:53:18,175|[TRACE] script - #out(`B`) [token]
2021-11-21T23:53:18,175|[TRACE] graph - <------- nonSkippedChar
2021-11-21T23:53:18,175|[TRACE] graph - <----- statementPart
2021-11-21T23:53:18,175|[DEBUG] graph - Import statement : CREATE TABLE IF NOT EXISTS `bloodbank`.`donation_record` (   `record_id` INT NOT NULL AUTO_INCREMENT,   `person_id` INT NOT NULL,   `donation_id` INT NULL,   `tested` BIT(1) NOT NULL,   `created` BIGINT NOT NULL DEFAULT (unix_timestamp(now()) * 1000),   `updated` BIGINT NOT NULL DEFAULT (unix_timestamp(now()) * 1000),   `version` INT NOT NULL DEFAULT 1,   INDEX `fk_donation_record_person1_idx` (`person_id` ASC) VISIBLE,   INDEX `fk_donation_record_blood_donation1_idx` (`donation_id` ASC) VISIBLE,   UNIQUE INDEX `record_id_UNIQUE` (`record_id` ASC) VISIBLE,   PRIMARY KEY (`record_id`),   CONSTRAINT `fk_donation_record_person1`     FOREIGN KEY (`person_id`)     REFERENCES `bloodbank`.`person` (`id`)     ON DELETE NO ACTION     ON UPDATE NO ACTION,   CONSTRAINT `fk_donation_record_blood_donation1`     FOREIGN KEY (`donation_id`)     REFERENCES `bloodbank`.`blood_donation` (`donation_id`)     ON DELETE NO ACTION     ON UPDATE NO ACTION) ENGINE = InnoDB
2021-11-21T23:53:18,175|[TRACE] graph - <--- statement
2021-11-21T23:53:18,175|[TRACE] graph - ---> blankSpacesToSkip
2021-11-21T23:53:18,175|[TRACE] graph - -----> newLineToSkip
2021-11-21T23:53:18,175|[TRACE] graph - <----- newLineToSkip
2021-11-21T23:53:18,175|[TRACE] graph - -----> newLineToSkip
2021-11-21T23:53:18,175|[TRACE] graph - <----- newLineToSkip
2021-11-21T23:53:18,175|[TRACE] graph - -----> newLineToSkip
2021-11-21T23:53:18,175|[TRACE] graph - <----- newLineToSkip
2021-11-21T23:53:18,176|[TRACE] graph - -----> newLineToSkip
2021-11-21T23:53:18,176|[TRACE] graph - <----- newLineToSkip
2021-11-21T23:53:18,176|[TRACE] graph - -----> newLineToSkip
2021-11-21T23:53:18,176|[TRACE] graph - <----- newLineToSkip
2021-11-21T23:53:18,176|[TRACE] graph - -----> newLineToSkip
2021-11-21T23:53:18,176|[TRACE] graph - <----- newLineToSkip
2021-11-21T23:53:18,176|[TRACE] graph - <--- blankSpacesToSkip
2021-11-21T23:53:18,176|[TRACE] graph - ---> statement
2021-11-21T23:53:18,176|[TRACE] graph - -----> statementFirstPart
2021-11-21T23:53:18,176|[TRACE] graph - -------> nonSkippedChar
2021-11-21T23:53:18,176|[TRACE] script - #out(`C`) [token]
2021-11-21T23:53:18,176|[TRACE] graph - <------- nonSkippedChar
2021-11-21T23:53:18,176|[TRACE] graph - <----- statementFirstPart
2021-11-21T23:53:18,176|[TRACE] graph - -----> statementPart
2021-11-21T23:53:18,176|[TRACE] graph - -------> nonSkippedChar
2021-11-21T23:53:18,176|[TRACE] script - #out(`R`) [token]
2021-11-21T23:53:18,176|[TRACE] graph - <------- nonSkippedChar
2021-11-21T23:53:18,176|[TRACE] graph - <----- statementPart
2021-11-21T23:53:18,176|[TRACE] graph - -----> statementPart
2021-11-21T23:53:18,176|[TRACE] graph - -------> nonSkippedChar
2021-11-21T23:53:18,176|[TRACE] script - #out(`E`) [token]
2021-11-21T23:53:18,176|[TRACE] graph - <------- nonSkippedChar
2021-11-21T23:53:18,176|[TRACE] graph - <----- statementPart
2021-11-21T23:53:18,176|[TRACE] graph - -----> statementPart
2021-11-21T23:53:18,176|[TRACE] graph - -------> nonSkippedChar
2021-11-21T23:53:18,176|[TRACE] script - #out(`A`) [token]
2021-11-21T23:53:18,176|[TRACE] graph - <------- nonSkippedChar
2021-11-21T23:53:18,176|[TRACE] graph - <----- statementPart
2021-11-21T23:53:18,176|[TRACE] graph - -----> statementPart
2021-11-21T23:53:18,176|[TRACE] graph - -------> nonSkippedChar
2021-11-21T23:53:18,176|[TRACE] script - #out(`T`) [token]
2021-11-21T23:53:18,176|[TRACE] graph - <------- nonSkippedChar
2021-11-21T23:53:18,176|[TRACE] graph - <----- statementPart
2021-11-21T23:53:18,176|[TRACE] graph - -----> statementPart
2021-11-21T23:53:18,176|[TRACE] graph - -------> nonSkippedChar
2021-11-21T23:53:18,176|[TRACE] script - #out(`E`) [token]
2021-11-21T23:53:18,176|[TRACE] graph - <------- nonSkippedChar
2021-11-21T23:53:18,176|[TRACE] graph - <----- statementPart
2021-11-21T23:53:18,176|[TRACE] graph - -----> statementPart
2021-11-21T23:53:18,176|[TRACE] graph - -------> nonSkippedSpace
2021-11-21T23:53:18,176|[TRACE] script - #out(` `) [token]
2021-11-21T23:53:18,176|[TRACE] graph - <------- nonSkippedSpace
2021-11-21T23:53:18,176|[TRACE] graph - <----- statementPart
2021-11-21T23:53:18,176|[TRACE] graph - -----> statementPart
2021-11-21T23:53:18,176|[TRACE] graph - -------> nonSkippedChar
2021-11-21T23:53:18,176|[TRACE] script - #out(`T`) [token]
2021-11-21T23:53:18,176|[TRACE] graph - <------- nonSkippedChar
2021-11-21T23:53:18,176|[TRACE] graph - <----- statementPart
2021-11-21T23:53:18,176|[TRACE] graph - -----> statementPart
2021-11-21T23:53:18,176|[TRACE] graph - -------> nonSkippedChar
2021-11-21T23:53:18,176|[TRACE] script - #out(`A`) [token]
2021-11-21T23:53:18,176|[TRACE] graph - <------- nonSkippedChar
2021-11-21T23:53:18,176|[TRACE] graph - <----- statementPart
2021-11-21T23:53:18,176|[TRACE] graph - -----> statementPart
2021-11-21T23:53:18,176|[TRACE] graph - -------> nonSkippedChar
2021-11-21T23:53:18,176|[TRACE] script - #out(`B`) [token]
2021-11-21T23:53:18,176|[TRACE] graph - <------- nonSkippedChar
2021-11-21T23:53:18,176|[TRACE] graph - <----- statementPart
2021-11-21T23:53:18,176|[TRACE] graph - -----> statementPart
2021-11-21T23:53:18,176|[TRACE] graph - -------> nonSkippedChar
2021-11-21T23:53:18,176|[TRACE] script - #out(`L`) [token]
2021-11-21T23:53:18,176|[TRACE] graph - <------- nonSkippedChar
2021-11-21T23:53:18,176|[TRACE] graph - <----- statementPart
2021-11-21T23:53:18,176|[TRACE] graph - -----> statementPart
2021-11-21T23:53:18,176|[TRACE] graph - -------> nonSkippedChar
2021-11-21T23:53:18,176|[TRACE] script - #out(`E`) [token]
2021-11-21T23:53:18,176|[TRACE] graph - <------- nonSkippedChar
2021-11-21T23:53:18,176|[TRACE] graph - <----- statementPart
2021-11-21T23:53:18,176|[TRACE] graph - -----> statementPart
2021-11-21T23:53:18,176|[TRACE] graph - -------> nonSkippedSpace
2021-11-21T23:53:18,176|[TRACE] script - #out(` `) [token]
2021-11-21T23:53:18,176|[TRACE] graph - <------- nonSkippedSpace
2021-11-21T23:53:18,176|[TRACE] graph - <----- statementPart
2021-11-21T23:53:18,176|[TRACE] graph - -----> statementPart
2021-11-21T23:53:18,176|[TRACE] graph - -------> nonSkippedChar
2021-11-21T23:53:18,176|[TRACE] script - #out(`I`) [token]
2021-11-21T23:53:18,176|[TRACE] graph - <------- nonSkippedChar
2021-11-21T23:53:18,176|[TRACE] graph - <----- statementPart
2021-11-21T23:53:18,176|[TRACE] graph - -----> statementPart
2021-11-21T23:53:18,176|[TRACE] graph - -------> nonSkippedChar
2021-11-21T23:53:18,176|[TRACE] script - #out(`F`) [token]
2021-11-21T23:53:18,176|[TRACE] graph - <------- nonSkippedChar
2021-11-21T23:53:18,176|[TRACE] graph - <----- statementPart
2021-11-21T23:53:18,176|[TRACE] graph - -----> statementPart
2021-11-21T23:53:18,176|[TRACE] graph - -------> nonSkippedSpace
2021-11-21T23:53:18,176|[TRACE] script - #out(` `) [token]
2021-11-21T23:53:18,176|[TRACE] graph - <------- nonSkippedSpace
2021-11-21T23:53:18,176|[TRACE] graph - <----- statementPart
2021-11-21T23:53:18,176|[TRACE] graph - -----> statementPart
2021-11-21T23:53:18,176|[TRACE] graph - -------> nonSkippedChar
2021-11-21T23:53:18,176|[TRACE] script - #out(`N`) [token]
2021-11-21T23:53:18,176|[TRACE] graph - <------- nonSkippedChar
2021-11-21T23:53:18,176|[TRACE] graph - <----- statementPart
2021-11-21T23:53:18,177|[TRACE] graph - -----> statementPart
2021-11-21T23:53:18,177|[TRACE] graph - -------> nonSkippedChar
2021-11-21T23:53:18,177|[TRACE] script - #out(`O`) [token]
2021-11-21T23:53:18,177|[TRACE] graph - <------- nonSkippedChar
2021-11-21T23:53:18,177|[TRACE] graph - <----- statementPart
2021-11-21T23:53:18,177|[TRACE] graph - -----> statementPart
2021-11-21T23:53:18,177|[TRACE] graph - -------> nonSkippedChar
2021-11-21T23:53:18,177|[TRACE] script - #out(`T`) [token]
2021-11-21T23:53:18,177|[TRACE] graph - <------- nonSkippedChar
2021-11-21T23:53:18,177|[TRACE] graph - <----- statementPart
2021-11-21T23:53:18,177|[TRACE] graph - -----> statementPart
2021-11-21T23:53:18,177|[TRACE] graph - -------> nonSkippedSpace
2021-11-21T23:53:18,177|[TRACE] script - #out(` `) [token]
2021-11-21T23:53:18,177|[TRACE] graph - <------- nonSkippedSpace
2021-11-21T23:53:18,177|[TRACE] graph - <----- statementPart
2021-11-21T23:53:18,177|[TRACE] graph - -----> statementPart
2021-11-21T23:53:18,177|[TRACE] graph - -------> nonSkippedChar
2021-11-21T23:53:18,177|[TRACE] script - #out(`E`) [token]
2021-11-21T23:53:18,177|[TRACE] graph - <------- nonSkippedChar
2021-11-21T23:53:18,177|[TRACE] graph - <----- statementPart
2021-11-21T23:53:18,177|[TRACE] graph - -----> statementPart
2021-11-21T23:53:18,177|[TRACE] graph - -------> nonSkippedChar
2021-11-21T23:53:18,177|[TRACE] script - #out(`X`) [token]
2021-11-21T23:53:18,177|[TRACE] graph - <------- nonSkippedChar
2021-11-21T23:53:18,177|[TRACE] graph - <----- statementPart
2021-11-21T23:53:18,177|[TRACE] graph - -----> statementPart
2021-11-21T23:53:18,177|[TRACE] graph - -------> nonSkippedChar
2021-11-21T23:53:18,177|[TRACE] script - #out(`I`) [token]
2021-11-21T23:53:18,177|[TRACE] graph - <------- nonSkippedChar
2021-11-21T23:53:18,177|[TRACE] graph - <----- statementPart
2021-11-21T23:53:18,177|[TRACE] graph - -----> statementPart
2021-11-21T23:53:18,177|[TRACE] graph - -------> nonSkippedChar
2021-11-21T23:53:18,177|[TRACE] script - #out(`S`) [token]
2021-11-21T23:53:18,177|[TRACE] graph - <------- nonSkippedChar
2021-11-21T23:53:18,177|[TRACE] graph - <----- statementPart
2021-11-21T23:53:18,177|[TRACE] graph - -----> statementPart
2021-11-21T23:53:18,177|[TRACE] graph - -------> nonSkippedChar
2021-11-21T23:53:18,177|[TRACE] script - #out(`T`) [token]
2021-11-21T23:53:18,177|[TRACE] graph - <------- nonSkippedChar
2021-11-21T23:53:18,177|[TRACE] graph - <----- statementPart
2021-11-21T23:53:18,177|[TRACE] graph - -----> statementPart
2021-11-21T23:53:18,177|[TRACE] graph - -------> nonSkippedChar
2021-11-21T23:53:18,177|[TRACE] script - #out(`S`) [token]
2021-11-21T23:53:18,177|[TRACE] graph - <------- nonSkippedChar
2021-11-21T23:53:18,177|[TRACE] graph - <----- statementPart
2021-11-21T23:53:18,177|[TRACE] graph - -----> statementPart
2021-11-21T23:53:18,177|[TRACE] graph - -------> nonSkippedSpace
2021-11-21T23:53:18,177|[TRACE] script - #out(` `) [token]
2021-11-21T23:53:18,177|[TRACE] graph - <------- nonSkippedSpace
2021-11-21T23:53:18,177|[TRACE] graph - <----- statementPart
2021-11-21T23:53:18,177|[TRACE] graph - -----> statementPart
2021-11-21T23:53:18,177|[TRACE] graph - -------> quotedString
2021-11-21T23:53:18,177|[TRACE] script - #out(``bloodbank``) [token]
2021-11-21T23:53:18,177|[TRACE] graph - <------- quotedString
2021-11-21T23:53:18,177|[TRACE] graph - <----- statementPart
2021-11-21T23:53:18,177|[TRACE] graph - -----> statementPart
2021-11-21T23:53:18,177|[TRACE] graph - -------> nonSkippedChar
2021-11-21T23:53:18,177|[TRACE] script - #out(`.`) [token]
2021-11-21T23:53:18,177|[TRACE] graph - <------- nonSkippedChar
2021-11-21T23:53:18,177|[TRACE] graph - <----- statementPart
2021-11-21T23:53:18,177|[TRACE] graph - -----> statementPart
2021-11-21T23:53:18,177|[TRACE] graph - -------> quotedString
2021-11-21T23:53:18,177|[TRACE] script - #out(``address``) [token]
2021-11-21T23:53:18,177|[TRACE] graph - <------- quotedString
2021-11-21T23:53:18,177|[TRACE] graph - <----- statementPart
2021-11-21T23:53:18,177|[TRACE] graph - -----> statementPart
2021-11-21T23:53:18,177|[TRACE] graph - -------> nonSkippedSpace
2021-11-21T23:53:18,177|[TRACE] script - #out(` `) [token]
2021-11-21T23:53:18,177|[TRACE] graph - <------- nonSkippedSpace
2021-11-21T23:53:18,177|[TRACE] graph - <----- statementPart
2021-11-21T23:53:18,177|[TRACE] graph - -----> statementPart
2021-11-21T23:53:18,177|[TRACE] graph - -------> nonSkippedChar
2021-11-21T23:53:18,177|[TRACE] script - #out(`(`) [token]
2021-11-21T23:53:18,177|[TRACE] graph - <------- nonSkippedChar
2021-11-21T23:53:18,177|[TRACE] graph - <----- statementPart
2021-11-21T23:53:18,177|[TRACE] graph - -----> afterStatementPartNewline
2021-11-21T23:53:18,177|[TRACE] script - #out(` `) [text]
2021-11-21T23:53:18,177|[TRACE] graph - <----- afterStatementPartNewline
2021-11-21T23:53:18,177|[TRACE] graph - -----> statementPart
2021-11-21T23:53:18,177|[TRACE] graph - -------> nonSkippedSpace
2021-11-21T23:53:18,177|[TRACE] script - #out(` `) [token]
2021-11-21T23:53:18,177|[TRACE] graph - <------- nonSkippedSpace
2021-11-21T23:53:18,177|[TRACE] graph - <----- statementPart
2021-11-21T23:53:18,177|[TRACE] graph - -----> statementPart
2021-11-21T23:53:18,177|[TRACE] graph - -------> nonSkippedSpace
2021-11-21T23:53:18,177|[TRACE] script - #out(` `) [token]
2021-11-21T23:53:18,177|[TRACE] graph - <------- nonSkippedSpace
2021-11-21T23:53:18,198|[TRACE] graph - <----- statementPart
2021-11-21T23:53:18,198|[TRACE] graph - -----> statementPart
2021-11-21T23:53:18,198|[TRACE] graph - -------> quotedString
2021-11-21T23:53:18,198|[TRACE] script - #out(``address_id``) [token]
2021-11-21T23:53:18,198|[TRACE] graph - <------- quotedString
2021-11-21T23:53:18,198|[TRACE] graph - <----- statementPart
2021-11-21T23:53:18,198|[TRACE] graph - -----> statementPart
2021-11-21T23:53:18,198|[TRACE] graph - -------> nonSkippedSpace
2021-11-21T23:53:18,198|[TRACE] script - #out(` `) [token]
2021-11-21T23:53:18,198|[TRACE] graph - <------- nonSkippedSpace
2021-11-21T23:53:18,198|[TRACE] graph - <----- statementPart
2021-11-21T23:53:18,198|[TRACE] graph - -----> statementPart
2021-11-21T23:53:18,198|[TRACE] graph - -------> nonSkippedChar
2021-11-21T23:53:18,198|[TRACE] script - #out(`I`) [token]
2021-11-21T23:53:18,198|[TRACE] graph - <------- nonSkippedChar
2021-11-21T23:53:18,198|[TRACE] graph - <----- statementPart
2021-11-21T23:53:18,198|[TRACE] graph - -----> statementPart
2021-11-21T23:53:18,198|[TRACE] graph - -------> nonSkippedChar
2021-11-21T23:53:18,198|[TRACE] script - #out(`N`) [token]
2021-11-21T23:53:18,198|[TRACE] graph - <------- nonSkippedChar
2021-11-21T23:53:18,198|[TRACE] graph - <----- statementPart
2021-11-21T23:53:18,198|[TRACE] graph - -----> statementPart
2021-11-21T23:53:18,198|[TRACE] graph - -------> nonSkippedChar
2021-11-21T23:53:18,198|[TRACE] script - #out(`T`) [token]
2021-11-21T23:53:18,198|[TRACE] graph - <------- nonSkippedChar
2021-11-21T23:53:18,198|[TRACE] graph - <----- statementPart
2021-11-21T23:53:18,198|[TRACE] graph - -----> statementPart
2021-11-21T23:53:18,198|[TRACE] graph - -------> nonSkippedSpace
2021-11-21T23:53:18,198|[TRACE] script - #out(` `) [token]
2021-11-21T23:53:18,198|[TRACE] graph - <------- nonSkippedSpace
2021-11-21T23:53:18,198|[TRACE] graph - <----- statementPart
2021-11-21T23:53:18,198|[TRACE] graph - -----> statementPart
2021-11-21T23:53:18,198|[TRACE] graph - -------> nonSkippedChar
2021-11-21T23:53:18,198|[TRACE] script - #out(`N`) [token]
2021-11-21T23:53:18,198|[TRACE] graph - <------- nonSkippedChar
2021-11-21T23:53:18,198|[TRACE] graph - <----- statementPart
2021-11-21T23:53:18,198|[TRACE] graph - -----> statementPart
2021-11-21T23:53:18,198|[TRACE] graph - -------> nonSkippedChar
2021-11-21T23:53:18,198|[TRACE] script - #out(`O`) [token]
2021-11-21T23:53:18,198|[TRACE] graph - <------- nonSkippedChar
2021-11-21T23:53:18,199|[TRACE] graph - <----- statementPart
2021-11-21T23:53:18,199|[TRACE] graph - -----> statementPart
2021-11-21T23:53:18,199|[TRACE] graph - -------> nonSkippedChar
2021-11-21T23:53:18,199|[TRACE] script - #out(`T`) [token]
2021-11-21T23:53:18,199|[TRACE] graph - <------- nonSkippedChar
2021-11-21T23:53:18,199|[TRACE] graph - <----- statementPart
2021-11-21T23:53:18,199|[TRACE] graph - -----> statementPart
2021-11-21T23:53:18,199|[TRACE] graph - -------> nonSkippedSpace
2021-11-21T23:53:18,199|[TRACE] script - #out(` `) [token]
2021-11-21T23:53:18,199|[TRACE] graph - <------- nonSkippedSpace
2021-11-21T23:53:18,199|[TRACE] graph - <----- statementPart
2021-11-21T23:53:18,199|[TRACE] graph - -----> statementPart
2021-11-21T23:53:18,199|[TRACE] graph - -------> nonSkippedChar
2021-11-21T23:53:18,199|[TRACE] script - #out(`N`) [token]
2021-11-21T23:53:18,199|[TRACE] graph - <------- nonSkippedChar
2021-11-21T23:53:18,199|[TRACE] graph - <----- statementPart
2021-11-21T23:53:18,199|[TRACE] graph - -----> statementPart
2021-11-21T23:53:18,199|[TRACE] graph - -------> nonSkippedChar
2021-11-21T23:53:18,199|[TRACE] script - #out(`U`) [token]
2021-11-21T23:53:18,199|[TRACE] graph - <------- nonSkippedChar
2021-11-21T23:53:18,199|[TRACE] graph - <----- statementPart
2021-11-21T23:53:18,199|[TRACE] graph - -----> statementPart
2021-11-21T23:53:18,199|[TRACE] graph - -------> nonSkippedChar
2021-11-21T23:53:18,199|[TRACE] script - #out(`L`) [token]
2021-11-21T23:53:18,199|[TRACE] graph - <------- nonSkippedChar
2021-11-21T23:53:18,199|[TRACE] graph - <----- statementPart
2021-11-21T23:53:18,199|[TRACE] graph - -----> statementPart
2021-11-21T23:53:18,199|[TRACE] graph - -------> nonSkippedChar
2021-11-21T23:53:18,199|[TRACE] script - #out(`L`) [token]
2021-11-21T23:53:18,199|[TRACE] graph - <------- nonSkippedChar
2021-11-21T23:53:18,199|[TRACE] graph - <----- statementPart
2021-11-21T23:53:18,199|[TRACE] graph - -----> statementPart
2021-11-21T23:53:18,199|[TRACE] graph - -------> nonSkippedSpace
2021-11-21T23:53:18,199|[TRACE] script - #out(` `) [token]
2021-11-21T23:53:18,199|[TRACE] graph - <------- nonSkippedSpace
2021-11-21T23:53:18,199|[TRACE] graph - <----- statementPart
2021-11-21T23:53:18,199|[TRACE] graph - -----> statementPart
2021-11-21T23:53:18,199|[TRACE] graph - -------> nonSkippedChar
2021-11-21T23:53:18,199|[TRACE] script - #out(`A`) [token]
2021-11-21T23:53:18,199|[TRACE] graph - <------- nonSkippedChar
2021-11-21T23:53:18,199|[TRACE] graph - <----- statementPart
2021-11-21T23:53:18,199|[TRACE] graph - -----> statementPart
2021-11-21T23:53:18,199|[TRACE] graph - -------> nonSkippedChar
2021-11-21T23:53:18,199|[TRACE] script - #out(`U`) [token]
2021-11-21T23:53:18,199|[TRACE] graph - <------- nonSkippedChar
2021-11-21T23:53:18,199|[TRACE] graph - <----- statementPart
2021-11-21T23:53:18,199|[TRACE] graph - -----> statementPart
2021-11-21T23:53:18,199|[TRACE] graph - -------> nonSkippedChar
2021-11-21T23:53:18,199|[TRACE] script - #out(`T`) [token]
2021-11-21T23:53:18,199|[TRACE] graph - <------- nonSkippedChar
2021-11-21T23:53:18,199|[TRACE] graph - <----- statementPart
2021-11-21T23:53:18,199|[TRACE] graph - -----> statementPart
2021-11-21T23:53:18,199|[TRACE] graph - -------> nonSkippedChar
2021-11-21T23:53:18,199|[TRACE] script - #out(`O`) [token]
2021-11-21T23:53:18,199|[TRACE] graph - <------- nonSkippedChar
2021-11-21T23:53:18,199|[TRACE] graph - <----- statementPart
2021-11-21T23:53:18,199|[TRACE] graph - -----> statementPart
2021-11-21T23:53:18,199|[TRACE] graph - -------> nonSkippedChar
2021-11-21T23:53:18,199|[TRACE] script - #out(`_`) [token]
2021-11-21T23:53:18,199|[TRACE] graph - <------- nonSkippedChar
2021-11-21T23:53:18,199|[TRACE] graph - <----- statementPart
2021-11-21T23:53:18,199|[TRACE] graph - -----> statementPart
2021-11-21T23:53:18,199|[TRACE] graph - -------> nonSkippedChar
2021-11-21T23:53:18,199|[TRACE] script - #out(`I`) [token]
2021-11-21T23:53:18,199|[TRACE] graph - <------- nonSkippedChar
2021-11-21T23:53:18,199|[TRACE] graph - <----- statementPart
2021-11-21T23:53:18,199|[TRACE] graph - -----> statementPart
2021-11-21T23:53:18,199|[TRACE] graph - -------> nonSkippedChar
2021-11-21T23:53:18,199|[TRACE] script - #out(`N`) [token]
2021-11-21T23:53:18,199|[TRACE] graph - <------- nonSkippedChar
2021-11-21T23:53:18,199|[TRACE] graph - <----- statementPart
2021-11-21T23:53:18,199|[TRACE] graph - -----> statementPart
2021-11-21T23:53:18,199|[TRACE] graph - -------> nonSkippedChar
2021-11-21T23:53:18,199|[TRACE] script - #out(`C`) [token]
2021-11-21T23:53:18,199|[TRACE] graph - <------- nonSkippedChar
2021-11-21T23:53:18,199|[TRACE] graph - <----- statementPart
2021-11-21T23:53:18,199|[TRACE] graph - -----> statementPart
2021-11-21T23:53:18,199|[TRACE] graph - -------> nonSkippedChar
2021-11-21T23:53:18,199|[TRACE] script - #out(`R`) [token]
2021-11-21T23:53:18,199|[TRACE] graph - <------- nonSkippedChar
2021-11-21T23:53:18,199|[TRACE] graph - <----- statementPart
2021-11-21T23:53:18,199|[TRACE] graph - -----> statementPart
2021-11-21T23:53:18,199|[TRACE] graph - -------> nonSkippedChar
2021-11-21T23:53:18,199|[TRACE] script - #out(`E`) [token]
2021-11-21T23:53:18,199|[TRACE] graph - <------- nonSkippedChar
2021-11-21T23:53:18,199|[TRACE] graph - <----- statementPart
2021-11-21T23:53:18,199|[TRACE] graph - -----> statementPart
2021-11-21T23:53:18,199|[TRACE] graph - -------> nonSkippedChar
2021-11-21T23:53:18,199|[TRACE] script - #out(`M`) [token]
2021-11-21T23:53:18,199|[TRACE] graph - <------- nonSkippedChar
2021-11-21T23:53:18,199|[TRACE] graph - <----- statementPart
2021-11-21T23:53:18,199|[TRACE] graph - -----> statementPart
2021-11-21T23:53:18,199|[TRACE] graph - -------> nonSkippedChar
2021-11-21T23:53:18,199|[TRACE] script - #out(`E`) [token]
2021-11-21T23:53:18,199|[TRACE] graph - <------- nonSkippedChar
2021-11-21T23:53:18,199|[TRACE] graph - <----- statementPart
2021-11-21T23:53:18,199|[TRACE] graph - -----> statementPart
2021-11-21T23:53:18,199|[TRACE] graph - -------> nonSkippedChar
2021-11-21T23:53:18,199|[TRACE] script - #out(`N`) [token]
2021-11-21T23:53:18,199|[TRACE] graph - <------- nonSkippedChar
2021-11-21T23:53:18,199|[TRACE] graph - <----- statementPart
2021-11-21T23:53:18,199|[TRACE] graph - -----> statementPart
2021-11-21T23:53:18,199|[TRACE] graph - -------> nonSkippedChar
2021-11-21T23:53:18,200|[TRACE] script - #out(`T`) [token]
2021-11-21T23:53:18,200|[TRACE] graph - <------- nonSkippedChar
2021-11-21T23:53:18,200|[TRACE] graph - <----- statementPart
2021-11-21T23:53:18,200|[TRACE] graph - -----> statementPart
2021-11-21T23:53:18,200|[TRACE] graph - -------> nonSkippedChar
2021-11-21T23:53:18,200|[TRACE] script - #out(`,`) [token]
2021-11-21T23:53:18,200|[TRACE] graph - <------- nonSkippedChar
2021-11-21T23:53:18,200|[TRACE] graph - <----- statementPart
2021-11-21T23:53:18,200|[TRACE] graph - -----> afterStatementPartNewline
2021-11-21T23:53:18,200|[TRACE] script - #out(` `) [text]
2021-11-21T23:53:18,200|[TRACE] graph - <----- afterStatementPartNewline
2021-11-21T23:53:18,200|[TRACE] graph - -----> statementPart
2021-11-21T23:53:18,200|[TRACE] graph - -------> nonSkippedSpace
2021-11-21T23:53:18,200|[TRACE] script - #out(` `) [token]
2021-11-21T23:53:18,200|[TRACE] graph - <------- nonSkippedSpace
2021-11-21T23:53:18,200|[TRACE] graph - <----- statementPart
2021-11-21T23:53:18,200|[TRACE] graph - -----> statementPart
2021-11-21T23:53:18,200|[TRACE] graph - -------> nonSkippedSpace
2021-11-21T23:53:18,200|[TRACE] script - #out(` `) [token]
2021-11-21T23:53:18,200|[TRACE] graph - <------- nonSkippedSpace
2021-11-21T23:53:18,200|[TRACE] graph - <----- statementPart
2021-11-21T23:53:18,200|[TRACE] graph - -----> statementPart
2021-11-21T23:53:18,200|[TRACE] graph - -------> quotedString
2021-11-21T23:53:18,200|[TRACE] script - #out(``street_number``) [token]
2021-11-21T23:53:18,200|[TRACE] graph - <------- quotedString
2021-11-21T23:53:18,200|[TRACE] graph - <----- statementPart
2021-11-21T23:53:18,200|[TRACE] graph - -----> statementPart
2021-11-21T23:53:18,200|[TRACE] graph - -------> nonSkippedSpace
2021-11-21T23:53:18,200|[TRACE] script - #out(` `) [token]
2021-11-21T23:53:18,200|[TRACE] graph - <------- nonSkippedSpace
2021-11-21T23:53:18,200|[TRACE] graph - <----- statementPart
2021-11-21T23:53:18,200|[TRACE] graph - -----> statementPart
2021-11-21T23:53:18,200|[TRACE] graph - -------> nonSkippedChar
2021-11-21T23:53:18,200|[TRACE] script - #out(`V`) [token]
2021-11-21T23:53:18,200|[TRACE] graph - <------- nonSkippedChar
2021-11-21T23:53:18,200|[TRACE] graph - <----- statementPart
2021-11-21T23:53:18,200|[TRACE] graph - -----> statementPart
2021-11-21T23:53:18,200|[TRACE] graph - -------> nonSkippedChar
2021-11-21T23:53:18,200|[TRACE] script - #out(`A`) [token]
2021-11-21T23:53:18,200|[TRACE] graph - <------- nonSkippedChar
2021-11-21T23:53:18,200|[TRACE] graph - <----- statementPart
2021-11-21T23:53:18,200|[TRACE] graph - -----> statementPart
2021-11-21T23:53:18,200|[TRACE] graph - -------> nonSkippedChar
2021-11-21T23:53:18,200|[TRACE] script - #out(`R`) [token]
2021-11-21T23:53:18,200|[TRACE] graph - <------- nonSkippedChar
2021-11-21T23:53:18,200|[TRACE] graph - <----- statementPart
2021-11-21T23:53:18,200|[TRACE] graph - -----> statementPart
2021-11-21T23:53:18,200|[TRACE] graph - -------> nonSkippedChar
2021-11-21T23:53:18,200|[TRACE] script - #out(`C`) [token]
2021-11-21T23:53:18,200|[TRACE] graph - <------- nonSkippedChar
2021-11-21T23:53:18,200|[TRACE] graph - <----- statementPart
2021-11-21T23:53:18,200|[TRACE] graph - -----> statementPart
2021-11-21T23:53:18,200|[TRACE] graph - -------> nonSkippedChar
2021-11-21T23:53:18,200|[TRACE] script - #out(`H`) [token]
2021-11-21T23:53:18,200|[TRACE] graph - <------- nonSkippedChar
2021-11-21T23:53:18,200|[TRACE] graph - <----- statementPart
2021-11-21T23:53:18,200|[TRACE] graph - -----> statementPart
2021-11-21T23:53:18,200|[TRACE] graph - -------> nonSkippedChar
2021-11-21T23:53:18,200|[TRACE] script - #out(`A`) [token]
2021-11-21T23:53:18,200|[TRACE] graph - <------- nonSkippedChar
2021-11-21T23:53:18,200|[TRACE] graph - <----- statementPart
2021-11-21T23:53:18,200|[TRACE] graph - -----> statementPart
2021-11-21T23:53:18,200|[TRACE] graph - -------> nonSkippedChar
2021-11-21T23:53:18,200|[TRACE] script - #out(`R`) [token]
2021-11-21T23:53:18,200|[TRACE] graph - <------- nonSkippedChar
2021-11-21T23:53:18,200|[TRACE] graph - <----- statementPart
2021-11-21T23:53:18,200|[TRACE] graph - -----> statementPart
2021-11-21T23:53:18,200|[TRACE] graph - -------> nonSkippedChar
2021-11-21T23:53:18,200|[TRACE] script - #out(`(`) [token]
2021-11-21T23:53:18,200|[TRACE] graph - <------- nonSkippedChar
2021-11-21T23:53:18,200|[TRACE] graph - <----- statementPart
2021-11-21T23:53:18,200|[TRACE] graph - -----> statementPart
2021-11-21T23:53:18,200|[TRACE] graph - -------> nonSkippedChar
2021-11-21T23:53:18,200|[TRACE] script - #out(`1`) [token]
2021-11-21T23:53:18,200|[TRACE] graph - <------- nonSkippedChar
2021-11-21T23:53:18,200|[TRACE] graph - <----- statementPart
2021-11-21T23:53:18,200|[TRACE] graph - -----> statementPart
2021-11-21T23:53:18,200|[TRACE] graph - -------> nonSkippedChar
2021-11-21T23:53:18,200|[TRACE] script - #out(`0`) [token]
2021-11-21T23:53:18,200|[TRACE] graph - <------- nonSkippedChar
2021-11-21T23:53:18,200|[TRACE] graph - <----- statementPart
2021-11-21T23:53:18,200|[TRACE] graph - -----> statementPart
2021-11-21T23:53:18,200|[TRACE] graph - -------> nonSkippedChar
2021-11-21T23:53:18,200|[TRACE] script - #out(`)`) [token]
2021-11-21T23:53:18,200|[TRACE] graph - <------- nonSkippedChar
2021-11-21T23:53:18,200|[TRACE] graph - <----- statementPart
2021-11-21T23:53:18,200|[TRACE] graph - -----> statementPart
2021-11-21T23:53:18,200|[TRACE] graph - -------> nonSkippedSpace
2021-11-21T23:53:18,200|[TRACE] script - #out(` `) [token]
2021-11-21T23:53:18,200|[TRACE] graph - <------- nonSkippedSpace
2021-11-21T23:53:18,200|[TRACE] graph - <----- statementPart
2021-11-21T23:53:18,200|[TRACE] graph - -----> statementPart
2021-11-21T23:53:18,200|[TRACE] graph - -------> nonSkippedChar
2021-11-21T23:53:18,200|[TRACE] script - #out(`N`) [token]
2021-11-21T23:53:18,200|[TRACE] graph - <------- nonSkippedChar
2021-11-21T23:53:18,200|[TRACE] graph - <----- statementPart
2021-11-21T23:53:18,200|[TRACE] graph - -----> statementPart
2021-11-21T23:53:18,200|[TRACE] graph - -------> nonSkippedChar
2021-11-21T23:53:18,200|[TRACE] script - #out(`O`) [token]
2021-11-21T23:53:18,200|[TRACE] graph - <------- nonSkippedChar
2021-11-21T23:53:18,200|[TRACE] graph - <----- statementPart
2021-11-21T23:53:18,200|[TRACE] graph - -----> statementPart
2021-11-21T23:53:18,200|[TRACE] graph - -------> nonSkippedChar
2021-11-21T23:53:18,200|[TRACE] script - #out(`T`) [token]
2021-11-21T23:53:18,200|[TRACE] graph - <------- nonSkippedChar
2021-11-21T23:53:18,200|[TRACE] graph - <----- statementPart
2021-11-21T23:53:18,200|[TRACE] graph - -----> statementPart
2021-11-21T23:53:18,200|[TRACE] graph - -------> nonSkippedSpace
2021-11-21T23:53:18,200|[TRACE] script - #out(` `) [token]
2021-11-21T23:53:18,200|[TRACE] graph - <------- nonSkippedSpace
2021-11-21T23:53:18,200|[TRACE] graph - <----- statementPart
2021-11-21T23:53:18,200|[TRACE] graph - -----> statementPart
2021-11-21T23:53:18,200|[TRACE] graph - -------> nonSkippedChar
2021-11-21T23:53:18,201|[TRACE] script - #out(`N`) [token]
2021-11-21T23:53:18,201|[TRACE] graph - <------- nonSkippedChar
2021-11-21T23:53:18,201|[TRACE] graph - <----- statementPart
2021-11-21T23:53:18,201|[TRACE] graph - -----> statementPart
2021-11-21T23:53:18,201|[TRACE] graph - -------> nonSkippedChar
2021-11-21T23:53:18,201|[TRACE] script - #out(`U`) [token]
2021-11-21T23:53:18,201|[TRACE] graph - <------- nonSkippedChar
2021-11-21T23:53:18,201|[TRACE] graph - <----- statementPart
2021-11-21T23:53:18,201|[TRACE] graph - -----> statementPart
2021-11-21T23:53:18,201|[TRACE] graph - -------> nonSkippedChar
2021-11-21T23:53:18,201|[TRACE] script - #out(`L`) [token]
2021-11-21T23:53:18,201|[TRACE] graph - <------- nonSkippedChar
2021-11-21T23:53:18,201|[TRACE] graph - <----- statementPart
2021-11-21T23:53:18,201|[TRACE] graph - -----> statementPart
2021-11-21T23:53:18,201|[TRACE] graph - -------> nonSkippedChar
2021-11-21T23:53:18,201|[TRACE] script - #out(`L`) [token]
2021-11-21T23:53:18,201|[TRACE] graph - <------- nonSkippedChar
2021-11-21T23:53:18,201|[TRACE] graph - <----- statementPart
2021-11-21T23:53:18,201|[TRACE] graph - -----> statementPart
2021-11-21T23:53:18,201|[TRACE] graph - -------> nonSkippedChar
2021-11-21T23:53:18,201|[TRACE] script - #out(`,`) [token]
2021-11-21T23:53:18,201|[TRACE] graph - <------- nonSkippedChar
2021-11-21T23:53:18,201|[TRACE] graph - <----- statementPart
2021-11-21T23:53:18,201|[TRACE] graph - -----> afterStatementPartNewline
2021-11-21T23:53:18,201|[TRACE] script - #out(` `) [text]
2021-11-21T23:53:18,201|[TRACE] graph - <----- afterStatementPartNewline
2021-11-21T23:53:18,201|[TRACE] graph - -----> statementPart
2021-11-21T23:53:18,201|[TRACE] graph - -------> nonSkippedSpace
2021-11-21T23:53:18,201|[TRACE] script - #out(` `) [token]
2021-11-21T23:53:18,201|[TRACE] graph - <------- nonSkippedSpace
2021-11-21T23:53:18,201|[TRACE] graph - <----- statementPart
2021-11-21T23:53:18,201|[TRACE] graph - -----> statementPart
2021-11-21T23:53:18,201|[TRACE] graph - -------> nonSkippedSpace
2021-11-21T23:53:18,201|[TRACE] script - #out(` `) [token]
2021-11-21T23:53:18,201|[TRACE] graph - <------- nonSkippedSpace
2021-11-21T23:53:18,201|[TRACE] graph - <----- statementPart
2021-11-21T23:53:18,201|[TRACE] graph - -----> statementPart
2021-11-21T23:53:18,201|[TRACE] graph - -------> quotedString
2021-11-21T23:53:18,201|[TRACE] script - #out(``street``) [token]
2021-11-21T23:53:18,201|[TRACE] graph - <------- quotedString
2021-11-21T23:53:18,201|[TRACE] graph - <----- statementPart
2021-11-21T23:53:18,201|[TRACE] graph - -----> statementPart
2021-11-21T23:53:18,201|[TRACE] graph - -------> nonSkippedSpace
2021-11-21T23:53:18,201|[TRACE] script - #out(` `) [token]
2021-11-21T23:53:18,201|[TRACE] graph - <------- nonSkippedSpace
2021-11-21T23:53:18,201|[TRACE] graph - <----- statementPart
2021-11-21T23:53:18,201|[TRACE] graph - -----> statementPart
2021-11-21T23:53:18,201|[TRACE] graph - -------> nonSkippedChar
2021-11-21T23:53:18,201|[TRACE] script - #out(`V`) [token]
2021-11-21T23:53:18,201|[TRACE] graph - <------- nonSkippedChar
2021-11-21T23:53:18,201|[TRACE] graph - <----- statementPart
2021-11-21T23:53:18,201|[TRACE] graph - -----> statementPart
2021-11-21T23:53:18,201|[TRACE] graph - -------> nonSkippedChar
2021-11-21T23:53:18,201|[TRACE] script - #out(`A`) [token]
2021-11-21T23:53:18,201|[TRACE] graph - <------- nonSkippedChar
2021-11-21T23:53:18,201|[TRACE] graph - <----- statementPart
2021-11-21T23:53:18,201|[TRACE] graph - -----> statementPart
2021-11-21T23:53:18,201|[TRACE] graph - -------> nonSkippedChar
2021-11-21T23:53:18,201|[TRACE] script - #out(`R`) [token]
2021-11-21T23:53:18,201|[TRACE] graph - <------- nonSkippedChar
2021-11-21T23:53:18,201|[TRACE] graph - <----- statementPart
2021-11-21T23:53:18,201|[TRACE] graph - -----> statementPart
2021-11-21T23:53:18,201|[TRACE] graph - -------> nonSkippedChar
2021-11-21T23:53:18,201|[TRACE] script - #out(`C`) [token]
2021-11-21T23:53:18,201|[TRACE] graph - <------- nonSkippedChar
2021-11-21T23:53:18,201|[TRACE] graph - <----- statementPart
2021-11-21T23:53:18,201|[TRACE] graph - -----> statementPart
2021-11-21T23:53:18,201|[TRACE] graph - -------> nonSkippedChar
2021-11-21T23:53:18,201|[TRACE] script - #out(`H`) [token]
2021-11-21T23:53:18,201|[TRACE] graph - <------- nonSkippedChar
2021-11-21T23:53:18,201|[TRACE] graph - <----- statementPart
2021-11-21T23:53:18,201|[TRACE] graph - -----> statementPart
2021-11-21T23:53:18,201|[TRACE] graph - -------> nonSkippedChar
2021-11-21T23:53:18,201|[TRACE] script - #out(`A`) [token]
2021-11-21T23:53:18,201|[TRACE] graph - <------- nonSkippedChar
2021-11-21T23:53:18,201|[TRACE] graph - <----- statementPart
2021-11-21T23:53:18,201|[TRACE] graph - -----> statementPart
2021-11-21T23:53:18,201|[TRACE] graph - -------> nonSkippedChar
2021-11-21T23:53:18,201|[TRACE] script - #out(`R`) [token]
2021-11-21T23:53:18,201|[TRACE] graph - <------- nonSkippedChar
2021-11-21T23:53:18,201|[TRACE] graph - <----- statementPart
2021-11-21T23:53:18,201|[TRACE] graph - -----> statementPart
2021-11-21T23:53:18,201|[TRACE] graph - -------> nonSkippedChar
2021-11-21T23:53:18,201|[TRACE] script - #out(`(`) [token]
2021-11-21T23:53:18,201|[TRACE] graph - <------- nonSkippedChar
2021-11-21T23:53:18,201|[TRACE] graph - <----- statementPart
2021-11-21T23:53:18,201|[TRACE] graph - -----> statementPart
2021-11-21T23:53:18,201|[TRACE] graph - -------> nonSkippedChar
2021-11-21T23:53:18,201|[TRACE] script - #out(`1`) [token]
2021-11-21T23:53:18,201|[TRACE] graph - <------- nonSkippedChar
2021-11-21T23:53:18,201|[TRACE] graph - <----- statementPart
2021-11-21T23:53:18,201|[TRACE] graph - -----> statementPart
2021-11-21T23:53:18,201|[TRACE] graph - -------> nonSkippedChar
2021-11-21T23:53:18,201|[TRACE] script - #out(`0`) [token]
2021-11-21T23:53:18,201|[TRACE] graph - <------- nonSkippedChar
2021-11-21T23:53:18,201|[TRACE] graph - <----- statementPart
2021-11-21T23:53:18,201|[TRACE] graph - -----> statementPart
2021-11-21T23:53:18,201|[TRACE] graph - -------> nonSkippedChar
2021-11-21T23:53:18,201|[TRACE] script - #out(`0`) [token]
2021-11-21T23:53:18,201|[TRACE] graph - <------- nonSkippedChar
2021-11-21T23:53:18,201|[TRACE] graph - <----- statementPart
2021-11-21T23:53:18,201|[TRACE] graph - -----> statementPart
2021-11-21T23:53:18,201|[TRACE] graph - -------> nonSkippedChar
2021-11-21T23:53:18,201|[TRACE] script - #out(`)`) [token]
2021-11-21T23:53:18,201|[TRACE] graph - <------- nonSkippedChar
2021-11-21T23:53:18,201|[TRACE] graph - <----- statementPart
2021-11-21T23:53:18,201|[TRACE] graph - -----> statementPart
2021-11-21T23:53:18,201|[TRACE] graph - -------> nonSkippedSpace
2021-11-21T23:53:18,201|[TRACE] script - #out(` `) [token]
2021-11-21T23:53:18,201|[TRACE] graph - <------- nonSkippedSpace
2021-11-21T23:53:18,201|[TRACE] graph - <----- statementPart
2021-11-21T23:53:18,201|[TRACE] graph - -----> statementPart
2021-11-21T23:53:18,201|[TRACE] graph - -------> nonSkippedChar
2021-11-21T23:53:18,201|[TRACE] script - #out(`N`) [token]
2021-11-21T23:53:18,201|[TRACE] graph - <------- nonSkippedChar
2021-11-21T23:53:18,201|[TRACE] graph - <----- statementPart
2021-11-21T23:53:18,202|[TRACE] graph - -----> statementPart
2021-11-21T23:53:18,202|[TRACE] graph - -------> nonSkippedChar
2021-11-21T23:53:18,202|[TRACE] script - #out(`O`) [token]
2021-11-21T23:53:18,202|[TRACE] graph - <------- nonSkippedChar
2021-11-21T23:53:18,202|[TRACE] graph - <----- statementPart
2021-11-21T23:53:18,202|[TRACE] graph - -----> statementPart
2021-11-21T23:53:18,202|[TRACE] graph - -------> nonSkippedChar
2021-11-21T23:53:18,202|[TRACE] script - #out(`T`) [token]
2021-11-21T23:53:18,202|[TRACE] graph - <------- nonSkippedChar
2021-11-21T23:53:18,202|[TRACE] graph - <----- statementPart
2021-11-21T23:53:18,202|[TRACE] graph - -----> statementPart
2021-11-21T23:53:18,202|[TRACE] graph - -------> nonSkippedSpace
2021-11-21T23:53:18,202|[TRACE] script - #out(` `) [token]
2021-11-21T23:53:18,202|[TRACE] graph - <------- nonSkippedSpace
2021-11-21T23:53:18,202|[TRACE] graph - <----- statementPart
2021-11-21T23:53:18,202|[TRACE] graph - -----> statementPart
2021-11-21T23:53:18,202|[TRACE] graph - -------> nonSkippedChar
2021-11-21T23:53:18,202|[TRACE] script - #out(`N`) [token]
2021-11-21T23:53:18,202|[TRACE] graph - <------- nonSkippedChar
2021-11-21T23:53:18,202|[TRACE] graph - <----- statementPart
2021-11-21T23:53:18,202|[TRACE] graph - -----> statementPart
2021-11-21T23:53:18,202|[TRACE] graph - -------> nonSkippedChar
2021-11-21T23:53:18,202|[TRACE] script - #out(`U`) [token]
2021-11-21T23:53:18,202|[TRACE] graph - <------- nonSkippedChar
2021-11-21T23:53:18,202|[TRACE] graph - <----- statementPart
2021-11-21T23:53:18,202|[TRACE] graph - -----> statementPart
2021-11-21T23:53:18,202|[TRACE] graph - -------> nonSkippedChar
2021-11-21T23:53:18,202|[TRACE] script - #out(`L`) [token]
2021-11-21T23:53:18,202|[TRACE] graph - <------- nonSkippedChar
2021-11-21T23:53:18,202|[TRACE] graph - <----- statementPart
2021-11-21T23:53:18,202|[TRACE] graph - -----> statementPart
2021-11-21T23:53:18,202|[TRACE] graph - -------> nonSkippedChar
2021-11-21T23:53:18,202|[TRACE] script - #out(`L`) [token]
2021-11-21T23:53:18,202|[TRACE] graph - <------- nonSkippedChar
2021-11-21T23:53:18,202|[TRACE] graph - <----- statementPart
2021-11-21T23:53:18,202|[TRACE] graph - -----> statementPart
2021-11-21T23:53:18,202|[TRACE] graph - -------> nonSkippedChar
2021-11-21T23:53:18,202|[TRACE] script - #out(`,`) [token]
2021-11-21T23:53:18,202|[TRACE] graph - <------- nonSkippedChar
2021-11-21T23:53:18,202|[TRACE] graph - <----- statementPart
2021-11-21T23:53:18,202|[TRACE] graph - -----> afterStatementPartNewline
2021-11-21T23:53:18,202|[TRACE] script - #out(` `) [text]
2021-11-21T23:53:18,202|[TRACE] graph - <----- afterStatementPartNewline
2021-11-21T23:53:18,202|[TRACE] graph - -----> statementPart
2021-11-21T23:53:18,202|[TRACE] graph - -------> nonSkippedSpace
2021-11-21T23:53:18,202|[TRACE] script - #out(` `) [token]
2021-11-21T23:53:18,202|[TRACE] graph - <------- nonSkippedSpace
2021-11-21T23:53:18,202|[TRACE] graph - <----- statementPart
2021-11-21T23:53:18,202|[TRACE] graph - -----> statementPart
2021-11-21T23:53:18,202|[TRACE] graph - -------> nonSkippedSpace
2021-11-21T23:53:18,202|[TRACE] script - #out(` `) [token]
2021-11-21T23:53:18,202|[TRACE] graph - <------- nonSkippedSpace
2021-11-21T23:53:18,202|[TRACE] graph - <----- statementPart
2021-11-21T23:53:18,202|[TRACE] graph - -----> statementPart
2021-11-21T23:53:18,202|[TRACE] graph - -------> quotedString
2021-11-21T23:53:18,202|[TRACE] script - #out(``city``) [token]
2021-11-21T23:53:18,202|[TRACE] graph - <------- quotedString
2021-11-21T23:53:18,202|[TRACE] graph - <----- statementPart
2021-11-21T23:53:18,202|[TRACE] graph - -----> statementPart
2021-11-21T23:53:18,202|[TRACE] graph - -------> nonSkippedSpace
2021-11-21T23:53:18,202|[TRACE] script - #out(` `) [token]
2021-11-21T23:53:18,202|[TRACE] graph - <------- nonSkippedSpace
2021-11-21T23:53:18,202|[TRACE] graph - <----- statementPart
2021-11-21T23:53:18,202|[TRACE] graph - -----> statementPart
2021-11-21T23:53:18,202|[TRACE] graph - -------> nonSkippedChar
2021-11-21T23:53:18,202|[TRACE] script - #out(`V`) [token]
2021-11-21T23:53:18,202|[TRACE] graph - <------- nonSkippedChar
2021-11-21T23:53:18,202|[TRACE] graph - <----- statementPart
2021-11-21T23:53:18,202|[TRACE] graph - -----> statementPart
2021-11-21T23:53:18,202|[TRACE] graph - -------> nonSkippedChar
2021-11-21T23:53:18,202|[TRACE] script - #out(`A`) [token]
2021-11-21T23:53:18,202|[TRACE] graph - <------- nonSkippedChar
2021-11-21T23:53:18,202|[TRACE] graph - <----- statementPart
2021-11-21T23:53:18,202|[TRACE] graph - -----> statementPart
2021-11-21T23:53:18,202|[TRACE] graph - -------> nonSkippedChar
2021-11-21T23:53:18,202|[TRACE] script - #out(`R`) [token]
2021-11-21T23:53:18,202|[TRACE] graph - <------- nonSkippedChar
2021-11-21T23:53:18,202|[TRACE] graph - <----- statementPart
2021-11-21T23:53:18,202|[TRACE] graph - -----> statementPart
2021-11-21T23:53:18,202|[TRACE] graph - -------> nonSkippedChar
2021-11-21T23:53:18,202|[TRACE] script - #out(`C`) [token]
2021-11-21T23:53:18,202|[TRACE] graph - <------- nonSkippedChar
2021-11-21T23:53:18,202|[TRACE] graph - <----- statementPart
2021-11-21T23:53:18,202|[TRACE] graph - -----> statementPart
2021-11-21T23:53:18,202|[TRACE] graph - -------> nonSkippedChar
2021-11-21T23:53:18,202|[TRACE] script - #out(`H`) [token]
2021-11-21T23:53:18,202|[TRACE] graph - <------- nonSkippedChar
2021-11-21T23:53:18,202|[TRACE] graph - <----- statementPart
2021-11-21T23:53:18,202|[TRACE] graph - -----> statementPart
2021-11-21T23:53:18,202|[TRACE] graph - -------> nonSkippedChar
2021-11-21T23:53:18,202|[TRACE] script - #out(`A`) [token]
2021-11-21T23:53:18,202|[TRACE] graph - <------- nonSkippedChar
2021-11-21T23:53:18,247|[TRACE] graph - <----- statementPart
2021-11-21T23:53:18,248|[TRACE] graph - -----> statementPart
2021-11-21T23:53:18,248|[TRACE] graph - -------> nonSkippedChar
2021-11-21T23:53:18,248|[TRACE] script - #out(`R`) [token]
2021-11-21T23:53:18,248|[TRACE] graph - <------- nonSkippedChar
2021-11-21T23:53:18,248|[TRACE] graph - <----- statementPart
2021-11-21T23:53:18,248|[TRACE] graph - -----> statementPart
2021-11-21T23:53:18,248|[TRACE] graph - -------> nonSkippedChar
2021-11-21T23:53:18,248|[TRACE] script - #out(`(`) [token]
2021-11-21T23:53:18,248|[TRACE] graph - <------- nonSkippedChar
2021-11-21T23:53:18,248|[TRACE] graph - <----- statementPart
2021-11-21T23:53:18,248|[TRACE] graph - -----> statementPart
2021-11-21T23:53:18,248|[TRACE] graph - -------> nonSkippedChar
2021-11-21T23:53:18,248|[TRACE] script - #out(`1`) [token]
2021-11-21T23:53:18,248|[TRACE] graph - <------- nonSkippedChar
2021-11-21T23:53:18,248|[TRACE] graph - <----- statementPart
2021-11-21T23:53:18,248|[TRACE] graph - -----> statementPart
2021-11-21T23:53:18,248|[TRACE] graph - -------> nonSkippedChar
2021-11-21T23:53:18,248|[TRACE] script - #out(`0`) [token]
2021-11-21T23:53:18,248|[TRACE] graph - <------- nonSkippedChar
2021-11-21T23:53:18,248|[TRACE] graph - <----- statementPart
2021-11-21T23:53:18,248|[TRACE] graph - -----> statementPart
2021-11-21T23:53:18,248|[TRACE] graph - -------> nonSkippedChar
2021-11-21T23:53:18,248|[TRACE] script - #out(`0`) [token]
2021-11-21T23:53:18,248|[TRACE] graph - <------- nonSkippedChar
2021-11-21T23:53:18,248|[TRACE] graph - <----- statementPart
2021-11-21T23:53:18,248|[TRACE] graph - -----> statementPart
2021-11-21T23:53:18,248|[TRACE] graph - -------> nonSkippedChar
2021-11-21T23:53:18,248|[TRACE] script - #out(`)`) [token]
2021-11-21T23:53:18,248|[TRACE] graph - <------- nonSkippedChar
2021-11-21T23:53:18,248|[TRACE] graph - <----- statementPart
2021-11-21T23:53:18,248|[TRACE] graph - -----> statementPart
2021-11-21T23:53:18,248|[TRACE] graph - -------> nonSkippedSpace
2021-11-21T23:53:18,248|[TRACE] script - #out(` `) [token]
2021-11-21T23:53:18,248|[TRACE] graph - <------- nonSkippedSpace
2021-11-21T23:53:18,248|[TRACE] graph - <----- statementPart
2021-11-21T23:53:18,248|[TRACE] graph - -----> statementPart
2021-11-21T23:53:18,248|[TRACE] graph - -------> nonSkippedChar
2021-11-21T23:53:18,248|[TRACE] script - #out(`N`) [token]
2021-11-21T23:53:18,248|[TRACE] graph - <------- nonSkippedChar
2021-11-21T23:53:18,248|[TRACE] graph - <----- statementPart
2021-11-21T23:53:18,248|[TRACE] graph - -----> statementPart
2021-11-21T23:53:18,248|[TRACE] graph - -------> nonSkippedChar
2021-11-21T23:53:18,248|[TRACE] script - #out(`O`) [token]
2021-11-21T23:53:18,248|[TRACE] graph - <------- nonSkippedChar
2021-11-21T23:53:18,248|[TRACE] graph - <----- statementPart
2021-11-21T23:53:18,248|[TRACE] graph - -----> statementPart
2021-11-21T23:53:18,248|[TRACE] graph - -------> nonSkippedChar
2021-11-21T23:53:18,248|[TRACE] script - #out(`T`) [token]
2021-11-21T23:53:18,248|[TRACE] graph - <------- nonSkippedChar
2021-11-21T23:53:18,248|[TRACE] graph - <----- statementPart
2021-11-21T23:53:18,248|[TRACE] graph - -----> statementPart
2021-11-21T23:53:18,248|[TRACE] graph - -------> nonSkippedSpace
2021-11-21T23:53:18,248|[TRACE] script - #out(` `) [token]
2021-11-21T23:53:18,248|[TRACE] graph - <------- nonSkippedSpace
2021-11-21T23:53:18,248|[TRACE] graph - <----- statementPart
2021-11-21T23:53:18,248|[TRACE] graph - -----> statementPart
2021-11-21T23:53:18,248|[TRACE] graph - -------> nonSkippedChar
2021-11-21T23:53:18,248|[TRACE] script - #out(`N`) [token]
2021-11-21T23:53:18,248|[TRACE] graph - <------- nonSkippedChar
2021-11-21T23:53:18,248|[TRACE] graph - <----- statementPart
2021-11-21T23:53:18,248|[TRACE] graph - -----> statementPart
2021-11-21T23:53:18,248|[TRACE] graph - -------> nonSkippedChar
2021-11-21T23:53:18,248|[TRACE] script - #out(`U`) [token]
2021-11-21T23:53:18,248|[TRACE] graph - <------- nonSkippedChar
2021-11-21T23:53:18,248|[TRACE] graph - <----- statementPart
2021-11-21T23:53:18,248|[TRACE] graph - -----> statementPart
2021-11-21T23:53:18,248|[TRACE] graph - -------> nonSkippedChar
2021-11-21T23:53:18,248|[TRACE] script - #out(`L`) [token]
2021-11-21T23:53:18,248|[TRACE] graph - <------- nonSkippedChar
2021-11-21T23:53:18,248|[TRACE] graph - <----- statementPart
2021-11-21T23:53:18,248|[TRACE] graph - -----> statementPart
2021-11-21T23:53:18,248|[TRACE] graph - -------> nonSkippedChar
2021-11-21T23:53:18,248|[TRACE] script - #out(`L`) [token]
2021-11-21T23:53:18,248|[TRACE] graph - <------- nonSkippedChar
2021-11-21T23:53:18,248|[TRACE] graph - <----- statementPart
2021-11-21T23:53:18,248|[TRACE] graph - -----> statementPart
2021-11-21T23:53:18,249|[TRACE] graph - -------> nonSkippedChar
2021-11-21T23:53:18,249|[TRACE] script - #out(`,`) [token]
2021-11-21T23:53:18,249|[TRACE] graph - <------- nonSkippedChar
2021-11-21T23:53:18,249|[TRACE] graph - <----- statementPart
2021-11-21T23:53:18,249|[TRACE] graph - -----> afterStatementPartNewline
2021-11-21T23:53:18,249|[TRACE] script - #out(` `) [text]
2021-11-21T23:53:18,249|[TRACE] graph - <----- afterStatementPartNewline
2021-11-21T23:53:18,249|[TRACE] graph - -----> statementPart
2021-11-21T23:53:18,249|[TRACE] graph - -------> nonSkippedSpace
2021-11-21T23:53:18,249|[TRACE] script - #out(` `) [token]
2021-11-21T23:53:18,249|[TRACE] graph - <------- nonSkippedSpace
2021-11-21T23:53:18,249|[TRACE] graph - <----- statementPart
2021-11-21T23:53:18,249|[TRACE] graph - -----> statementPart
2021-11-21T23:53:18,249|[TRACE] graph - -------> nonSkippedSpace
2021-11-21T23:53:18,249|[TRACE] script - #out(` `) [token]
2021-11-21T23:53:18,249|[TRACE] graph - <------- nonSkippedSpace
2021-11-21T23:53:18,249|[TRACE] graph - <----- statementPart
2021-11-21T23:53:18,249|[TRACE] graph - -----> statementPart
2021-11-21T23:53:18,249|[TRACE] graph - -------> quotedString
2021-11-21T23:53:18,249|[TRACE] script - #out(``province``) [token]
2021-11-21T23:53:18,249|[TRACE] graph - <------- quotedString
2021-11-21T23:53:18,249|[TRACE] graph - <----- statementPart
2021-11-21T23:53:18,249|[TRACE] graph - -----> statementPart
2021-11-21T23:53:18,249|[TRACE] graph - -------> nonSkippedSpace
2021-11-21T23:53:18,249|[TRACE] script - #out(` `) [token]
2021-11-21T23:53:18,249|[TRACE] graph - <------- nonSkippedSpace
2021-11-21T23:53:18,249|[TRACE] graph - <----- statementPart
2021-11-21T23:53:18,249|[TRACE] graph - -----> statementPart
2021-11-21T23:53:18,249|[TRACE] graph - -------> nonSkippedChar
2021-11-21T23:53:18,249|[TRACE] script - #out(`V`) [token]
2021-11-21T23:53:18,249|[TRACE] graph - <------- nonSkippedChar
2021-11-21T23:53:18,249|[TRACE] graph - <----- statementPart
2021-11-21T23:53:18,249|[TRACE] graph - -----> statementPart
2021-11-21T23:53:18,249|[TRACE] graph - -------> nonSkippedChar
2021-11-21T23:53:18,249|[TRACE] script - #out(`A`) [token]
2021-11-21T23:53:18,249|[TRACE] graph - <------- nonSkippedChar
2021-11-21T23:53:18,249|[TRACE] graph - <----- statementPart
2021-11-21T23:53:18,249|[TRACE] graph - -----> statementPart
2021-11-21T23:53:18,249|[TRACE] graph - -------> nonSkippedChar
2021-11-21T23:53:18,249|[TRACE] script - #out(`R`) [token]
2021-11-21T23:53:18,249|[TRACE] graph - <------- nonSkippedChar
2021-11-21T23:53:18,249|[TRACE] graph - <----- statementPart
2021-11-21T23:53:18,249|[TRACE] graph - -----> statementPart
2021-11-21T23:53:18,249|[TRACE] graph - -------> nonSkippedChar
2021-11-21T23:53:18,249|[TRACE] script - #out(`C`) [token]
2021-11-21T23:53:18,249|[TRACE] graph - <------- nonSkippedChar
2021-11-21T23:53:18,249|[TRACE] graph - <----- statementPart
2021-11-21T23:53:18,249|[TRACE] graph - -----> statementPart
2021-11-21T23:53:18,249|[TRACE] graph - -------> nonSkippedChar
2021-11-21T23:53:18,249|[TRACE] script - #out(`H`) [token]
2021-11-21T23:53:18,249|[TRACE] graph - <------- nonSkippedChar
2021-11-21T23:53:18,249|[TRACE] graph - <----- statementPart
2021-11-21T23:53:18,249|[TRACE] graph - -----> statementPart
2021-11-21T23:53:18,249|[TRACE] graph - -------> nonSkippedChar
2021-11-21T23:53:18,249|[TRACE] script - #out(`A`) [token]
2021-11-21T23:53:18,249|[TRACE] graph - <------- nonSkippedChar
2021-11-21T23:53:18,249|[TRACE] graph - <----- statementPart
2021-11-21T23:53:18,249|[TRACE] graph - -----> statementPart
2021-11-21T23:53:18,249|[TRACE] graph - -------> nonSkippedChar
2021-11-21T23:53:18,249|[TRACE] script - #out(`R`) [token]
2021-11-21T23:53:18,249|[TRACE] graph - <------- nonSkippedChar
2021-11-21T23:53:18,249|[TRACE] graph - <----- statementPart
2021-11-21T23:53:18,249|[TRACE] graph - -----> statementPart
2021-11-21T23:53:18,249|[TRACE] graph - -------> nonSkippedChar
2021-11-21T23:53:18,249|[TRACE] script - #out(`(`) [token]
2021-11-21T23:53:18,249|[TRACE] graph - <------- nonSkippedChar
2021-11-21T23:53:18,249|[TRACE] graph - <----- statementPart
2021-11-21T23:53:18,249|[TRACE] graph - -----> statementPart
2021-11-21T23:53:18,249|[TRACE] graph - -------> nonSkippedChar
2021-11-21T23:53:18,249|[TRACE] script - #out(`1`) [token]
2021-11-21T23:53:18,249|[TRACE] graph - <------- nonSkippedChar
2021-11-21T23:53:18,249|[TRACE] graph - <----- statementPart
2021-11-21T23:53:18,249|[TRACE] graph - -----> statementPart
2021-11-21T23:53:18,249|[TRACE] graph - -------> nonSkippedChar
2021-11-21T23:53:18,249|[TRACE] script - #out(`0`) [token]
2021-11-21T23:53:18,249|[TRACE] graph - <------- nonSkippedChar
2021-11-21T23:53:18,249|[TRACE] graph - <----- statementPart
2021-11-21T23:53:18,249|[TRACE] graph - -----> statementPart
2021-11-21T23:53:18,249|[TRACE] graph - -------> nonSkippedChar
2021-11-21T23:53:18,249|[TRACE] script - #out(`0`) [token]
2021-11-21T23:53:18,249|[TRACE] graph - <------- nonSkippedChar
2021-11-21T23:53:18,249|[TRACE] graph - <----- statementPart
2021-11-21T23:53:18,249|[TRACE] graph - -----> statementPart
2021-11-21T23:53:18,249|[TRACE] graph - -------> nonSkippedChar
2021-11-21T23:53:18,249|[TRACE] script - #out(`)`) [token]
2021-11-21T23:53:18,249|[TRACE] graph - <------- nonSkippedChar
2021-11-21T23:53:18,249|[TRACE] graph - <----- statementPart
2021-11-21T23:53:18,249|[TRACE] graph - -----> statementPart
2021-11-21T23:53:18,249|[TRACE] graph - -------> nonSkippedSpace
2021-11-21T23:53:18,249|[TRACE] script - #out(` `) [token]
2021-11-21T23:53:18,249|[TRACE] graph - <------- nonSkippedSpace
2021-11-21T23:53:18,249|[TRACE] graph - <----- statementPart
2021-11-21T23:53:18,249|[TRACE] graph - -----> statementPart
2021-11-21T23:53:18,249|[TRACE] graph - -------> nonSkippedChar
2021-11-21T23:53:18,250|[TRACE] script - #out(`N`) [token]
2021-11-21T23:53:18,250|[TRACE] graph - <------- nonSkippedChar
2021-11-21T23:53:18,250|[TRACE] graph - <----- statementPart
2021-11-21T23:53:18,250|[TRACE] graph - -----> statementPart
2021-11-21T23:53:18,250|[TRACE] graph - -------> nonSkippedChar
2021-11-21T23:53:18,250|[TRACE] script - #out(`O`) [token]
2021-11-21T23:53:18,250|[TRACE] graph - <------- nonSkippedChar
2021-11-21T23:53:18,250|[TRACE] graph - <----- statementPart
2021-11-21T23:53:18,250|[TRACE] graph - -----> statementPart
2021-11-21T23:53:18,250|[TRACE] graph - -------> nonSkippedChar
2021-11-21T23:53:18,250|[TRACE] script - #out(`T`) [token]
2021-11-21T23:53:18,250|[TRACE] graph - <------- nonSkippedChar
2021-11-21T23:53:18,250|[TRACE] graph - <----- statementPart
2021-11-21T23:53:18,250|[TRACE] graph - -----> statementPart
2021-11-21T23:53:18,250|[TRACE] graph - -------> nonSkippedSpace
2021-11-21T23:53:18,250|[TRACE] script - #out(` `) [token]
2021-11-21T23:53:18,250|[TRACE] graph - <------- nonSkippedSpace
2021-11-21T23:53:18,250|[TRACE] graph - <----- statementPart
2021-11-21T23:53:18,250|[TRACE] graph - -----> statementPart
2021-11-21T23:53:18,250|[TRACE] graph - -------> nonSkippedChar
2021-11-21T23:53:18,250|[TRACE] script - #out(`N`) [token]
2021-11-21T23:53:18,250|[TRACE] graph - <------- nonSkippedChar
2021-11-21T23:53:18,250|[TRACE] graph - <----- statementPart
2021-11-21T23:53:18,250|[TRACE] graph - -----> statementPart
2021-11-21T23:53:18,250|[TRACE] graph - -------> nonSkippedChar
2021-11-21T23:53:18,250|[TRACE] script - #out(`U`) [token]
2021-11-21T23:53:18,250|[TRACE] graph - <------- nonSkippedChar
2021-11-21T23:53:18,250|[TRACE] graph - <----- statementPart
2021-11-21T23:53:18,250|[TRACE] graph - -----> statementPart
2021-11-21T23:53:18,250|[TRACE] graph - -------> nonSkippedChar
2021-11-21T23:53:18,250|[TRACE] script - #out(`L`) [token]
2021-11-21T23:53:18,250|[TRACE] graph - <------- nonSkippedChar
2021-11-21T23:53:18,250|[TRACE] graph - <----- statementPart
2021-11-21T23:53:18,250|[TRACE] graph - -----> statementPart
2021-11-21T23:53:18,250|[TRACE] graph - -------> nonSkippedChar
2021-11-21T23:53:18,250|[TRACE] script - #out(`L`) [token]
2021-11-21T23:53:18,250|[TRACE] graph - <------- nonSkippedChar
2021-11-21T23:53:18,250|[TRACE] graph - <----- statementPart
2021-11-21T23:53:18,250|[TRACE] graph - -----> statementPart
2021-11-21T23:53:18,250|[TRACE] graph - -------> nonSkippedChar
2021-11-21T23:53:18,250|[TRACE] script - #out(`,`) [token]
2021-11-21T23:53:18,250|[TRACE] graph - <------- nonSkippedChar
2021-11-21T23:53:18,250|[TRACE] graph - <----- statementPart
2021-11-21T23:53:18,250|[TRACE] graph - -----> afterStatementPartNewline
2021-11-21T23:53:18,250|[TRACE] script - #out(` `) [text]
2021-11-21T23:53:18,250|[TRACE] graph - <----- afterStatementPartNewline
2021-11-21T23:53:18,250|[TRACE] graph - -----> statementPart
2021-11-21T23:53:18,250|[TRACE] graph - -------> nonSkippedSpace
2021-11-21T23:53:18,250|[TRACE] script - #out(` `) [token]
2021-11-21T23:53:18,250|[TRACE] graph - <------- nonSkippedSpace
2021-11-21T23:53:18,250|[TRACE] graph - <----- statementPart
2021-11-21T23:53:18,250|[TRACE] graph - -----> statementPart
2021-11-21T23:53:18,250|[TRACE] graph - -------> nonSkippedSpace
2021-11-21T23:53:18,250|[TRACE] script - #out(` `) [token]
2021-11-21T23:53:18,250|[TRACE] graph - <------- nonSkippedSpace
2021-11-21T23:53:18,250|[TRACE] graph - <----- statementPart
2021-11-21T23:53:18,250|[TRACE] graph - -----> statementPart
2021-11-21T23:53:18,250|[TRACE] graph - -------> quotedString
2021-11-21T23:53:18,250|[TRACE] script - #out(``country``) [token]
2021-11-21T23:53:18,250|[TRACE] graph - <------- quotedString
2021-11-21T23:53:18,250|[TRACE] graph - <----- statementPart
2021-11-21T23:53:18,250|[TRACE] graph - -----> statementPart
2021-11-21T23:53:18,250|[TRACE] graph - -------> nonSkippedSpace
2021-11-21T23:53:18,250|[TRACE] script - #out(` `) [token]
2021-11-21T23:53:18,250|[TRACE] graph - <------- nonSkippedSpace
2021-11-21T23:53:18,250|[TRACE] graph - <----- statementPart
2021-11-21T23:53:18,250|[TRACE] graph - -----> statementPart
2021-11-21T23:53:18,250|[TRACE] graph - -------> nonSkippedChar
2021-11-21T23:53:18,250|[TRACE] script - #out(`V`) [token]
2021-11-21T23:53:18,250|[TRACE] graph - <------- nonSkippedChar
2021-11-21T23:53:18,250|[TRACE] graph - <----- statementPart
2021-11-21T23:53:18,250|[TRACE] graph - -----> statementPart
2021-11-21T23:53:18,250|[TRACE] graph - -------> nonSkippedChar
2021-11-21T23:53:18,250|[TRACE] script - #out(`A`) [token]
2021-11-21T23:53:18,250|[TRACE] graph - <------- nonSkippedChar
2021-11-21T23:53:18,250|[TRACE] graph - <----- statementPart
2021-11-21T23:53:18,250|[TRACE] graph - -----> statementPart
2021-11-21T23:53:18,250|[TRACE] graph - -------> nonSkippedChar
2021-11-21T23:53:18,250|[TRACE] script - #out(`R`) [token]
2021-11-21T23:53:18,250|[TRACE] graph - <------- nonSkippedChar
2021-11-21T23:53:18,250|[TRACE] graph - <----- statementPart
2021-11-21T23:53:18,250|[TRACE] graph - -----> statementPart
2021-11-21T23:53:18,250|[TRACE] graph - -------> nonSkippedChar
2021-11-21T23:53:18,250|[TRACE] script - #out(`C`) [token]
2021-11-21T23:53:18,250|[TRACE] graph - <------- nonSkippedChar
2021-11-21T23:53:18,250|[TRACE] graph - <----- statementPart
2021-11-21T23:53:18,250|[TRACE] graph - -----> statementPart
2021-11-21T23:53:18,250|[TRACE] graph - -------> nonSkippedChar
2021-11-21T23:53:18,250|[TRACE] script - #out(`H`) [token]
2021-11-21T23:53:18,250|[TRACE] graph - <------- nonSkippedChar
2021-11-21T23:53:18,250|[TRACE] graph - <----- statementPart
2021-11-21T23:53:18,250|[TRACE] graph - -----> statementPart
2021-11-21T23:53:18,250|[TRACE] graph - -------> nonSkippedChar
2021-11-21T23:53:18,250|[TRACE] script - #out(`A`) [token]
2021-11-21T23:53:18,250|[TRACE] graph - <------- nonSkippedChar
2021-11-21T23:53:18,250|[TRACE] graph - <----- statementPart
2021-11-21T23:53:18,250|[TRACE] graph - -----> statementPart
2021-11-21T23:53:18,250|[TRACE] graph - -------> nonSkippedChar
2021-11-21T23:53:18,250|[TRACE] script - #out(`R`) [token]
2021-11-21T23:53:18,250|[TRACE] graph - <------- nonSkippedChar
2021-11-21T23:53:18,250|[TRACE] graph - <----- statementPart
2021-11-21T23:53:18,250|[TRACE] graph - -----> statementPart
2021-11-21T23:53:18,251|[TRACE] graph - -------> nonSkippedChar
2021-11-21T23:53:18,251|[TRACE] script - #out(`(`) [token]
2021-11-21T23:53:18,251|[TRACE] graph - <------- nonSkippedChar
2021-11-21T23:53:18,251|[TRACE] graph - <----- statementPart
2021-11-21T23:53:18,251|[TRACE] graph - -----> statementPart
2021-11-21T23:53:18,251|[TRACE] graph - -------> nonSkippedChar
2021-11-21T23:53:18,251|[TRACE] script - #out(`1`) [token]
2021-11-21T23:53:18,251|[TRACE] graph - <------- nonSkippedChar
2021-11-21T23:53:18,251|[TRACE] graph - <----- statementPart
2021-11-21T23:53:18,251|[TRACE] graph - -----> statementPart
2021-11-21T23:53:18,251|[TRACE] graph - -------> nonSkippedChar
2021-11-21T23:53:18,251|[TRACE] script - #out(`0`) [token]
2021-11-21T23:53:18,251|[TRACE] graph - <------- nonSkippedChar
2021-11-21T23:53:18,251|[TRACE] graph - <----- statementPart
2021-11-21T23:53:18,251|[TRACE] graph - -----> statementPart
2021-11-21T23:53:18,251|[TRACE] graph - -------> nonSkippedChar
2021-11-21T23:53:18,251|[TRACE] script - #out(`0`) [token]
2021-11-21T23:53:18,251|[TRACE] graph - <------- nonSkippedChar
2021-11-21T23:53:18,251|[TRACE] graph - <----- statementPart
2021-11-21T23:53:18,251|[TRACE] graph - -----> statementPart
2021-11-21T23:53:18,251|[TRACE] graph - -------> nonSkippedChar
2021-11-21T23:53:18,251|[TRACE] script - #out(`)`) [token]
2021-11-21T23:53:18,251|[TRACE] graph - <------- nonSkippedChar
2021-11-21T23:53:18,251|[TRACE] graph - <----- statementPart
2021-11-21T23:53:18,251|[TRACE] graph - -----> statementPart
2021-11-21T23:53:18,251|[TRACE] graph - -------> nonSkippedSpace
2021-11-21T23:53:18,251|[TRACE] script - #out(` `) [token]
2021-11-21T23:53:18,251|[TRACE] graph - <------- nonSkippedSpace
2021-11-21T23:53:18,251|[TRACE] graph - <----- statementPart
2021-11-21T23:53:18,251|[TRACE] graph - -----> statementPart
2021-11-21T23:53:18,251|[TRACE] graph - -------> nonSkippedChar
2021-11-21T23:53:18,251|[TRACE] script - #out(`N`) [token]
2021-11-21T23:53:18,251|[TRACE] graph - <------- nonSkippedChar
2021-11-21T23:53:18,251|[TRACE] graph - <----- statementPart
2021-11-21T23:53:18,251|[TRACE] graph - -----> statementPart
2021-11-21T23:53:18,251|[TRACE] graph - -------> nonSkippedChar
2021-11-21T23:53:18,251|[TRACE] script - #out(`O`) [token]
2021-11-21T23:53:18,251|[TRACE] graph - <------- nonSkippedChar
2021-11-21T23:53:18,251|[TRACE] graph - <----- statementPart
2021-11-21T23:53:18,251|[TRACE] graph - -----> statementPart
2021-11-21T23:53:18,251|[TRACE] graph - -------> nonSkippedChar
2021-11-21T23:53:18,251|[TRACE] script - #out(`T`) [token]
2021-11-21T23:53:18,251|[TRACE] graph - <------- nonSkippedChar
2021-11-21T23:53:18,251|[TRACE] graph - <----- statementPart
2021-11-21T23:53:18,251|[TRACE] graph - -----> statementPart
2021-11-21T23:53:18,251|[TRACE] graph - -------> nonSkippedSpace
2021-11-21T23:53:18,251|[TRACE] script - #out(` `) [token]
2021-11-21T23:53:18,251|[TRACE] graph - <------- nonSkippedSpace
2021-11-21T23:53:18,251|[TRACE] graph - <----- statementPart
2021-11-21T23:53:18,251|[TRACE] graph - -----> statementPart
2021-11-21T23:53:18,251|[TRACE] graph - -------> nonSkippedChar
2021-11-21T23:53:18,251|[TRACE] script - #out(`N`) [token]
2021-11-21T23:53:18,251|[TRACE] graph - <------- nonSkippedChar
2021-11-21T23:53:18,251|[TRACE] graph - <----- statementPart
2021-11-21T23:53:18,251|[TRACE] graph - -----> statementPart
2021-11-21T23:53:18,251|[TRACE] graph - -------> nonSkippedChar
2021-11-21T23:53:18,251|[TRACE] script - #out(`U`) [token]
2021-11-21T23:53:18,251|[TRACE] graph - <------- nonSkippedChar
2021-11-21T23:53:18,251|[TRACE] graph - <----- statementPart
2021-11-21T23:53:18,251|[TRACE] graph - -----> statementPart
2021-11-21T23:53:18,251|[TRACE] graph - -------> nonSkippedChar
2021-11-21T23:53:18,251|[TRACE] script - #out(`L`) [token]
2021-11-21T23:53:18,251|[TRACE] graph - <------- nonSkippedChar
2021-11-21T23:53:18,251|[TRACE] graph - <----- statementPart
2021-11-21T23:53:18,251|[TRACE] graph - -----> statementPart
2021-11-21T23:53:18,251|[TRACE] graph - -------> nonSkippedChar
2021-11-21T23:53:18,251|[TRACE] script - #out(`L`) [token]
2021-11-21T23:53:18,251|[TRACE] graph - <------- nonSkippedChar
2021-11-21T23:53:18,251|[TRACE] graph - <----- statementPart
2021-11-21T23:53:18,251|[TRACE] graph - -----> statementPart
2021-11-21T23:53:18,251|[TRACE] graph - -------> nonSkippedChar
2021-11-21T23:53:18,251|[TRACE] script - #out(`,`) [token]
2021-11-21T23:53:18,251|[TRACE] graph - <------- nonSkippedChar
2021-11-21T23:53:18,251|[TRACE] graph - <----- statementPart
2021-11-21T23:53:18,251|[TRACE] graph - -----> afterStatementPartNewline
2021-11-21T23:53:18,251|[TRACE] script - #out(` `) [text]
2021-11-21T23:53:18,251|[TRACE] graph - <----- afterStatementPartNewline
2021-11-21T23:53:18,251|[TRACE] graph - -----> statementPart
2021-11-21T23:53:18,251|[TRACE] graph - -------> nonSkippedSpace
2021-11-21T23:53:18,251|[TRACE] script - #out(` `) [token]
2021-11-21T23:53:18,251|[TRACE] graph - <------- nonSkippedSpace
2021-11-21T23:53:18,251|[TRACE] graph - <----- statementPart
2021-11-21T23:53:18,251|[TRACE] graph - -----> statementPart
2021-11-21T23:53:18,251|[TRACE] graph - -------> nonSkippedSpace
2021-11-21T23:53:18,251|[TRACE] script - #out(` `) [token]
2021-11-21T23:53:18,251|[TRACE] graph - <------- nonSkippedSpace
2021-11-21T23:53:18,251|[TRACE] graph - <----- statementPart
2021-11-21T23:53:18,251|[TRACE] graph - -----> statementPart
2021-11-21T23:53:18,251|[TRACE] graph - -------> quotedString
2021-11-21T23:53:18,251|[TRACE] script - #out(``zipcode``) [token]
2021-11-21T23:53:18,251|[TRACE] graph - <------- quotedString
2021-11-21T23:53:18,251|[TRACE] graph - <----- statementPart
2021-11-21T23:53:18,251|[TRACE] graph - -----> statementPart
2021-11-21T23:53:18,251|[TRACE] graph - -------> nonSkippedSpace
2021-11-21T23:53:18,251|[TRACE] script - #out(` `) [token]
2021-11-21T23:53:18,251|[TRACE] graph - <------- nonSkippedSpace
2021-11-21T23:53:18,251|[TRACE] graph - <----- statementPart
2021-11-21T23:53:18,252|[TRACE] graph - -----> statementPart
2021-11-21T23:53:18,252|[TRACE] graph - -------> nonSkippedChar
2021-11-21T23:53:18,252|[TRACE] script - #out(`V`) [token]
2021-11-21T23:53:18,252|[TRACE] graph - <------- nonSkippedChar
2021-11-21T23:53:18,252|[TRACE] graph - <----- statementPart
2021-11-21T23:53:18,252|[TRACE] graph - -----> statementPart
2021-11-21T23:53:18,252|[TRACE] graph - -------> nonSkippedChar
2021-11-21T23:53:18,252|[TRACE] script - #out(`A`) [token]
2021-11-21T23:53:18,252|[TRACE] graph - <------- nonSkippedChar
2021-11-21T23:53:18,252|[TRACE] graph - <----- statementPart
2021-11-21T23:53:18,252|[TRACE] graph - -----> statementPart
2021-11-21T23:53:18,252|[TRACE] graph - -------> nonSkippedChar
2021-11-21T23:53:18,252|[TRACE] script - #out(`R`) [token]
2021-11-21T23:53:18,252|[TRACE] graph - <------- nonSkippedChar
2021-11-21T23:53:18,252|[TRACE] graph - <----- statementPart
2021-11-21T23:53:18,252|[TRACE] graph - -----> statementPart
2021-11-21T23:53:18,252|[TRACE] graph - -------> nonSkippedChar
2021-11-21T23:53:18,252|[TRACE] script - #out(`C`) [token]
2021-11-21T23:53:18,252|[TRACE] graph - <------- nonSkippedChar
2021-11-21T23:53:18,252|[TRACE] graph - <----- statementPart
2021-11-21T23:53:18,252|[TRACE] graph - -----> statementPart
2021-11-21T23:53:18,252|[TRACE] graph - -------> nonSkippedChar
2021-11-21T23:53:18,252|[TRACE] script - #out(`H`) [token]
2021-11-21T23:53:18,252|[TRACE] graph - <------- nonSkippedChar
2021-11-21T23:53:18,252|[TRACE] graph - <----- statementPart
2021-11-21T23:53:18,252|[TRACE] graph - -----> statementPart
2021-11-21T23:53:18,252|[TRACE] graph - -------> nonSkippedChar
2021-11-21T23:53:18,252|[TRACE] script - #out(`A`) [token]
2021-11-21T23:53:18,252|[TRACE] graph - <------- nonSkippedChar
2021-11-21T23:53:18,252|[TRACE] graph - <----- statementPart
2021-11-21T23:53:18,252|[TRACE] graph - -----> statementPart
2021-11-21T23:53:18,252|[TRACE] graph - -------> nonSkippedChar
2021-11-21T23:53:18,252|[TRACE] script - #out(`R`) [token]
2021-11-21T23:53:18,252|[TRACE] graph - <------- nonSkippedChar
2021-11-21T23:53:18,252|[TRACE] graph - <----- statementPart
2021-11-21T23:53:18,252|[TRACE] graph - -----> statementPart
2021-11-21T23:53:18,252|[TRACE] graph - -------> nonSkippedChar
2021-11-21T23:53:18,252|[TRACE] script - #out(`(`) [token]
2021-11-21T23:53:18,252|[TRACE] graph - <------- nonSkippedChar
2021-11-21T23:53:18,252|[TRACE] graph - <----- statementPart
2021-11-21T23:53:18,252|[TRACE] graph - -----> statementPart
2021-11-21T23:53:18,252|[TRACE] graph - -------> nonSkippedChar
2021-11-21T23:53:18,252|[TRACE] script - #out(`1`) [token]
2021-11-21T23:53:18,252|[TRACE] graph - <------- nonSkippedChar
2021-11-21T23:53:18,252|[TRACE] graph - <----- statementPart
2021-11-21T23:53:18,252|[TRACE] graph - -----> statementPart
2021-11-21T23:53:18,252|[TRACE] graph - -------> nonSkippedChar
2021-11-21T23:53:18,252|[TRACE] script - #out(`0`) [token]
2021-11-21T23:53:18,252|[TRACE] graph - <------- nonSkippedChar
2021-11-21T23:53:18,252|[TRACE] graph - <----- statementPart
2021-11-21T23:53:18,252|[TRACE] graph - -----> statementPart
2021-11-21T23:53:18,252|[TRACE] graph - -------> nonSkippedChar
2021-11-21T23:53:18,252|[TRACE] script - #out(`0`) [token]
2021-11-21T23:53:18,252|[TRACE] graph - <------- nonSkippedChar
2021-11-21T23:53:18,252|[TRACE] graph - <----- statementPart
2021-11-21T23:53:18,252|[TRACE] graph - -----> statementPart
2021-11-21T23:53:18,252|[TRACE] graph - -------> nonSkippedChar
2021-11-21T23:53:18,252|[TRACE] script - #out(`)`) [token]
2021-11-21T23:53:18,252|[TRACE] graph - <------- nonSkippedChar
2021-11-21T23:53:18,252|[TRACE] graph - <----- statementPart
2021-11-21T23:53:18,252|[TRACE] graph - -----> statementPart
2021-11-21T23:53:18,252|[TRACE] graph - -------> nonSkippedSpace
2021-11-21T23:53:18,252|[TRACE] script - #out(` `) [token]
2021-11-21T23:53:18,252|[TRACE] graph - <------- nonSkippedSpace
2021-11-21T23:53:18,252|[TRACE] graph - <----- statementPart
2021-11-21T23:53:18,252|[TRACE] graph - -----> statementPart
2021-11-21T23:53:18,252|[TRACE] graph - -------> nonSkippedChar
2021-11-21T23:53:18,252|[TRACE] script - #out(`N`) [token]
2021-11-21T23:53:18,252|[TRACE] graph - <------- nonSkippedChar
2021-11-21T23:53:18,252|[TRACE] graph - <----- statementPart
2021-11-21T23:53:18,252|[TRACE] graph - -----> statementPart
2021-11-21T23:53:18,252|[TRACE] graph - -------> nonSkippedChar
2021-11-21T23:53:18,252|[TRACE] script - #out(`O`) [token]
2021-11-21T23:53:18,252|[TRACE] graph - <------- nonSkippedChar
2021-11-21T23:53:18,252|[TRACE] graph - <----- statementPart
2021-11-21T23:53:18,252|[TRACE] graph - -----> statementPart
2021-11-21T23:53:18,252|[TRACE] graph - -------> nonSkippedChar
2021-11-21T23:53:18,252|[TRACE] script - #out(`T`) [token]
2021-11-21T23:53:18,252|[TRACE] graph - <------- nonSkippedChar
2021-11-21T23:53:18,252|[TRACE] graph - <----- statementPart
2021-11-21T23:53:18,252|[TRACE] graph - -----> statementPart
2021-11-21T23:53:18,252|[TRACE] graph - -------> nonSkippedSpace
2021-11-21T23:53:18,252|[TRACE] script - #out(` `) [token]
2021-11-21T23:53:18,252|[TRACE] graph - <------- nonSkippedSpace
2021-11-21T23:53:18,252|[TRACE] graph - <----- statementPart
2021-11-21T23:53:18,252|[TRACE] graph - -----> statementPart
2021-11-21T23:53:18,252|[TRACE] graph - -------> nonSkippedChar
2021-11-21T23:53:18,252|[TRACE] script - #out(`N`) [token]
2021-11-21T23:53:18,252|[TRACE] graph - <------- nonSkippedChar
2021-11-21T23:53:18,252|[TRACE] graph - <----- statementPart
2021-11-21T23:53:18,252|[TRACE] graph - -----> statementPart
2021-11-21T23:53:18,252|[TRACE] graph - -------> nonSkippedChar
2021-11-21T23:53:18,252|[TRACE] script - #out(`U`) [token]
2021-11-21T23:53:18,252|[TRACE] graph - <------- nonSkippedChar
2021-11-21T23:53:18,293|[TRACE] graph - <----- statementPart
2021-11-21T23:53:18,293|[TRACE] graph - -----> statementPart
2021-11-21T23:53:18,293|[TRACE] graph - -------> nonSkippedChar
2021-11-21T23:53:18,293|[TRACE] script - #out(`L`) [token]
2021-11-21T23:53:18,293|[TRACE] graph - <------- nonSkippedChar
2021-11-21T23:53:18,293|[TRACE] graph - <----- statementPart
2021-11-21T23:53:18,293|[TRACE] graph - -----> statementPart
2021-11-21T23:53:18,293|[TRACE] graph - -------> nonSkippedChar
2021-11-21T23:53:18,293|[TRACE] script - #out(`L`) [token]
2021-11-21T23:53:18,293|[TRACE] graph - <------- nonSkippedChar
2021-11-21T23:53:18,293|[TRACE] graph - <----- statementPart
2021-11-21T23:53:18,293|[TRACE] graph - -----> statementPart
2021-11-21T23:53:18,293|[TRACE] graph - -------> nonSkippedChar
2021-11-21T23:53:18,293|[TRACE] script - #out(`,`) [token]
2021-11-21T23:53:18,293|[TRACE] graph - <------- nonSkippedChar
2021-11-21T23:53:18,293|[TRACE] graph - <----- statementPart
2021-11-21T23:53:18,293|[TRACE] graph - -----> afterStatementPartNewline
2021-11-21T23:53:18,293|[TRACE] script - #out(` `) [text]
2021-11-21T23:53:18,293|[TRACE] graph - <----- afterStatementPartNewline
2021-11-21T23:53:18,293|[TRACE] graph - -----> statementPart
2021-11-21T23:53:18,293|[TRACE] graph - -------> nonSkippedSpace
2021-11-21T23:53:18,293|[TRACE] script - #out(` `) [token]
2021-11-21T23:53:18,293|[TRACE] graph - <------- nonSkippedSpace
2021-11-21T23:53:18,293|[TRACE] graph - <----- statementPart
2021-11-21T23:53:18,293|[TRACE] graph - -----> statementPart
2021-11-21T23:53:18,293|[TRACE] graph - -------> nonSkippedSpace
2021-11-21T23:53:18,293|[TRACE] script - #out(` `) [token]
2021-11-21T23:53:18,293|[TRACE] graph - <------- nonSkippedSpace
2021-11-21T23:53:18,293|[TRACE] graph - <----- statementPart
2021-11-21T23:53:18,293|[TRACE] graph - -----> statementPart
2021-11-21T23:53:18,293|[TRACE] graph - -------> quotedString
2021-11-21T23:53:18,293|[TRACE] script - #out(``created``) [token]
2021-11-21T23:53:18,293|[TRACE] graph - <------- quotedString
2021-11-21T23:53:18,293|[TRACE] graph - <----- statementPart
2021-11-21T23:53:18,293|[TRACE] graph - -----> statementPart
2021-11-21T23:53:18,293|[TRACE] graph - -------> nonSkippedSpace
2021-11-21T23:53:18,293|[TRACE] script - #out(` `) [token]
2021-11-21T23:53:18,293|[TRACE] graph - <------- nonSkippedSpace
2021-11-21T23:53:18,293|[TRACE] graph - <----- statementPart
2021-11-21T23:53:18,293|[TRACE] graph - -----> statementPart
2021-11-21T23:53:18,293|[TRACE] graph - -------> nonSkippedChar
2021-11-21T23:53:18,293|[TRACE] script - #out(`B`) [token]
2021-11-21T23:53:18,293|[TRACE] graph - <------- nonSkippedChar
2021-11-21T23:53:18,293|[TRACE] graph - <----- statementPart
2021-11-21T23:53:18,293|[TRACE] graph - -----> statementPart
2021-11-21T23:53:18,293|[TRACE] graph - -------> nonSkippedChar
2021-11-21T23:53:18,293|[TRACE] script - #out(`I`) [token]
2021-11-21T23:53:18,293|[TRACE] graph - <------- nonSkippedChar
2021-11-21T23:53:18,293|[TRACE] graph - <----- statementPart
2021-11-21T23:53:18,293|[TRACE] graph - -----> statementPart
2021-11-21T23:53:18,293|[TRACE] graph - -------> nonSkippedChar
2021-11-21T23:53:18,293|[TRACE] script - #out(`G`) [token]
2021-11-21T23:53:18,293|[TRACE] graph - <------- nonSkippedChar
2021-11-21T23:53:18,293|[TRACE] graph - <----- statementPart
2021-11-21T23:53:18,293|[TRACE] graph - -----> statementPart
2021-11-21T23:53:18,293|[TRACE] graph - -------> nonSkippedChar
2021-11-21T23:53:18,293|[TRACE] script - #out(`I`) [token]
2021-11-21T23:53:18,293|[TRACE] graph - <------- nonSkippedChar
2021-11-21T23:53:18,293|[TRACE] graph - <----- statementPart
2021-11-21T23:53:18,293|[TRACE] graph - -----> statementPart
2021-11-21T23:53:18,293|[TRACE] graph - -------> nonSkippedChar
2021-11-21T23:53:18,293|[TRACE] script - #out(`N`) [token]
2021-11-21T23:53:18,293|[TRACE] graph - <------- nonSkippedChar
2021-11-21T23:53:18,293|[TRACE] graph - <----- statementPart
2021-11-21T23:53:18,293|[TRACE] graph - -----> statementPart
2021-11-21T23:53:18,293|[TRACE] graph - -------> nonSkippedChar
2021-11-21T23:53:18,293|[TRACE] script - #out(`T`) [token]
2021-11-21T23:53:18,293|[TRACE] graph - <------- nonSkippedChar
2021-11-21T23:53:18,293|[TRACE] graph - <----- statementPart
2021-11-21T23:53:18,293|[TRACE] graph - -----> statementPart
2021-11-21T23:53:18,293|[TRACE] graph - -------> nonSkippedSpace
2021-11-21T23:53:18,293|[TRACE] script - #out(` `) [token]
2021-11-21T23:53:18,293|[TRACE] graph - <------- nonSkippedSpace
2021-11-21T23:53:18,293|[TRACE] graph - <----- statementPart
2021-11-21T23:53:18,293|[TRACE] graph - -----> statementPart
2021-11-21T23:53:18,293|[TRACE] graph - -------> nonSkippedChar
2021-11-21T23:53:18,293|[TRACE] script - #out(`N`) [token]
2021-11-21T23:53:18,293|[TRACE] graph - <------- nonSkippedChar
2021-11-21T23:53:18,293|[TRACE] graph - <----- statementPart
2021-11-21T23:53:18,293|[TRACE] graph - -----> statementPart
2021-11-21T23:53:18,293|[TRACE] graph - -------> nonSkippedChar
2021-11-21T23:53:18,293|[TRACE] script - #out(`O`) [token]
2021-11-21T23:53:18,293|[TRACE] graph - <------- nonSkippedChar
2021-11-21T23:53:18,293|[TRACE] graph - <----- statementPart
2021-11-21T23:53:18,293|[TRACE] graph - -----> statementPart
2021-11-21T23:53:18,293|[TRACE] graph - -------> nonSkippedChar
2021-11-21T23:53:18,293|[TRACE] script - #out(`T`) [token]
2021-11-21T23:53:18,293|[TRACE] graph - <------- nonSkippedChar
2021-11-21T23:53:18,293|[TRACE] graph - <----- statementPart
2021-11-21T23:53:18,293|[TRACE] graph - -----> statementPart
2021-11-21T23:53:18,293|[TRACE] graph - -------> nonSkippedSpace
2021-11-21T23:53:18,293|[TRACE] script - #out(` `) [token]
2021-11-21T23:53:18,293|[TRACE] graph - <------- nonSkippedSpace
2021-11-21T23:53:18,293|[TRACE] graph - <----- statementPart
2021-11-21T23:53:18,293|[TRACE] graph - -----> statementPart
2021-11-21T23:53:18,294|[TRACE] graph - -------> nonSkippedChar
2021-11-21T23:53:18,294|[TRACE] script - #out(`N`) [token]
2021-11-21T23:53:18,294|[TRACE] graph - <------- nonSkippedChar
2021-11-21T23:53:18,294|[TRACE] graph - <----- statementPart
2021-11-21T23:53:18,294|[TRACE] graph - -----> statementPart
2021-11-21T23:53:18,294|[TRACE] graph - -------> nonSkippedChar
2021-11-21T23:53:18,294|[TRACE] script - #out(`U`) [token]
2021-11-21T23:53:18,294|[TRACE] graph - <------- nonSkippedChar
2021-11-21T23:53:18,294|[TRACE] graph - <----- statementPart
2021-11-21T23:53:18,294|[TRACE] graph - -----> statementPart
2021-11-21T23:53:18,294|[TRACE] graph - -------> nonSkippedChar
2021-11-21T23:53:18,294|[TRACE] script - #out(`L`) [token]
2021-11-21T23:53:18,294|[TRACE] graph - <------- nonSkippedChar
2021-11-21T23:53:18,294|[TRACE] graph - <----- statementPart
2021-11-21T23:53:18,294|[TRACE] graph - -----> statementPart
2021-11-21T23:53:18,294|[TRACE] graph - -------> nonSkippedChar
2021-11-21T23:53:18,294|[TRACE] script - #out(`L`) [token]
2021-11-21T23:53:18,294|[TRACE] graph - <------- nonSkippedChar
2021-11-21T23:53:18,294|[TRACE] graph - <----- statementPart
2021-11-21T23:53:18,294|[TRACE] graph - -----> statementPart
2021-11-21T23:53:18,294|[TRACE] graph - -------> nonSkippedSpace
2021-11-21T23:53:18,294|[TRACE] script - #out(` `) [token]
2021-11-21T23:53:18,294|[TRACE] graph - <------- nonSkippedSpace
2021-11-21T23:53:18,294|[TRACE] graph - <----- statementPart
2021-11-21T23:53:18,294|[TRACE] graph - -----> statementPart
2021-11-21T23:53:18,294|[TRACE] graph - -------> nonSkippedChar
2021-11-21T23:53:18,294|[TRACE] script - #out(`D`) [token]
2021-11-21T23:53:18,294|[TRACE] graph - <------- nonSkippedChar
2021-11-21T23:53:18,294|[TRACE] graph - <----- statementPart
2021-11-21T23:53:18,294|[TRACE] graph - -----> statementPart
2021-11-21T23:53:18,294|[TRACE] graph - -------> nonSkippedChar
2021-11-21T23:53:18,294|[TRACE] script - #out(`E`) [token]
2021-11-21T23:53:18,294|[TRACE] graph - <------- nonSkippedChar
2021-11-21T23:53:18,294|[TRACE] graph - <----- statementPart
2021-11-21T23:53:18,294|[TRACE] graph - -----> statementPart
2021-11-21T23:53:18,294|[TRACE] graph - -------> nonSkippedChar
2021-11-21T23:53:18,294|[TRACE] script - #out(`F`) [token]
2021-11-21T23:53:18,294|[TRACE] graph - <------- nonSkippedChar
2021-11-21T23:53:18,294|[TRACE] graph - <----- statementPart
2021-11-21T23:53:18,294|[TRACE] graph - -----> statementPart
2021-11-21T23:53:18,294|[TRACE] graph - -------> nonSkippedChar
2021-11-21T23:53:18,294|[TRACE] script - #out(`A`) [token]
2021-11-21T23:53:18,294|[TRACE] graph - <------- nonSkippedChar
2021-11-21T23:53:18,294|[TRACE] graph - <----- statementPart
2021-11-21T23:53:18,295|[TRACE] graph - -----> statementPart
2021-11-21T23:53:18,295|[TRACE] graph - -------> nonSkippedChar
2021-11-21T23:53:18,295|[TRACE] script - #out(`U`) [token]
2021-11-21T23:53:18,295|[TRACE] graph - <------- nonSkippedChar
2021-11-21T23:53:18,295|[TRACE] graph - <----- statementPart
2021-11-21T23:53:18,295|[TRACE] graph - -----> statementPart
2021-11-21T23:53:18,295|[TRACE] graph - -------> nonSkippedChar
2021-11-21T23:53:18,295|[TRACE] script - #out(`L`) [token]
2021-11-21T23:53:18,295|[TRACE] graph - <------- nonSkippedChar
2021-11-21T23:53:18,295|[TRACE] graph - <----- statementPart
2021-11-21T23:53:18,295|[TRACE] graph - -----> statementPart
2021-11-21T23:53:18,295|[TRACE] graph - -------> nonSkippedChar
2021-11-21T23:53:18,295|[TRACE] script - #out(`T`) [token]
2021-11-21T23:53:18,295|[TRACE] graph - <------- nonSkippedChar
2021-11-21T23:53:18,295|[TRACE] graph - <----- statementPart
2021-11-21T23:53:18,295|[TRACE] graph - -----> statementPart
2021-11-21T23:53:18,295|[TRACE] graph - -------> nonSkippedSpace
2021-11-21T23:53:18,295|[TRACE] script - #out(` `) [token]
2021-11-21T23:53:18,295|[TRACE] graph - <------- nonSkippedSpace
2021-11-21T23:53:18,295|[TRACE] graph - <----- statementPart
2021-11-21T23:53:18,295|[TRACE] graph - -----> statementPart
2021-11-21T23:53:18,295|[TRACE] graph - -------> nonSkippedChar
2021-11-21T23:53:18,295|[TRACE] script - #out(`(`) [token]
2021-11-21T23:53:18,295|[TRACE] graph - <------- nonSkippedChar
2021-11-21T23:53:18,295|[TRACE] graph - <----- statementPart
2021-11-21T23:53:18,295|[TRACE] graph - -----> statementPart
2021-11-21T23:53:18,295|[TRACE] graph - -------> nonSkippedChar
2021-11-21T23:53:18,295|[TRACE] script - #out(`u`) [token]
2021-11-21T23:53:18,295|[TRACE] graph - <------- nonSkippedChar
2021-11-21T23:53:18,295|[TRACE] graph - <----- statementPart
2021-11-21T23:53:18,295|[TRACE] graph - -----> statementPart
2021-11-21T23:53:18,295|[TRACE] graph - -------> nonSkippedChar
2021-11-21T23:53:18,295|[TRACE] script - #out(`n`) [token]
2021-11-21T23:53:18,295|[TRACE] graph - <------- nonSkippedChar
2021-11-21T23:53:18,295|[TRACE] graph - <----- statementPart
2021-11-21T23:53:18,295|[TRACE] graph - -----> statementPart
2021-11-21T23:53:18,295|[TRACE] graph - -------> nonSkippedChar
2021-11-21T23:53:18,295|[TRACE] script - #out(`i`) [token]
2021-11-21T23:53:18,295|[TRACE] graph - <------- nonSkippedChar
2021-11-21T23:53:18,295|[TRACE] graph - <----- statementPart
2021-11-21T23:53:18,295|[TRACE] graph - -----> statementPart
2021-11-21T23:53:18,295|[TRACE] graph - -------> nonSkippedChar
2021-11-21T23:53:18,295|[TRACE] script - #out(`x`) [token]
2021-11-21T23:53:18,295|[TRACE] graph - <------- nonSkippedChar
2021-11-21T23:53:18,295|[TRACE] graph - <----- statementPart
2021-11-21T23:53:18,295|[TRACE] graph - -----> statementPart
2021-11-21T23:53:18,295|[TRACE] graph - -------> nonSkippedChar
2021-11-21T23:53:18,295|[TRACE] script - #out(`_`) [token]
2021-11-21T23:53:18,295|[TRACE] graph - <------- nonSkippedChar
2021-11-21T23:53:18,295|[TRACE] graph - <----- statementPart
2021-11-21T23:53:18,295|[TRACE] graph - -----> statementPart
2021-11-21T23:53:18,295|[TRACE] graph - -------> nonSkippedChar
2021-11-21T23:53:18,295|[TRACE] script - #out(`t`) [token]
2021-11-21T23:53:18,295|[TRACE] graph - <------- nonSkippedChar
2021-11-21T23:53:18,295|[TRACE] graph - <----- statementPart
2021-11-21T23:53:18,295|[TRACE] graph - -----> statementPart
2021-11-21T23:53:18,295|[TRACE] graph - -------> nonSkippedChar
2021-11-21T23:53:18,295|[TRACE] script - #out(`i`) [token]
2021-11-21T23:53:18,295|[TRACE] graph - <------- nonSkippedChar
2021-11-21T23:53:18,295|[TRACE] graph - <----- statementPart
2021-11-21T23:53:18,295|[TRACE] graph - -----> statementPart
2021-11-21T23:53:18,295|[TRACE] graph - -------> nonSkippedChar
2021-11-21T23:53:18,295|[TRACE] script - #out(`m`) [token]
2021-11-21T23:53:18,295|[TRACE] graph - <------- nonSkippedChar
2021-11-21T23:53:18,295|[TRACE] graph - <----- statementPart
2021-11-21T23:53:18,295|[TRACE] graph - -----> statementPart
2021-11-21T23:53:18,295|[TRACE] graph - -------> nonSkippedChar
2021-11-21T23:53:18,295|[TRACE] script - #out(`e`) [token]
2021-11-21T23:53:18,295|[TRACE] graph - <------- nonSkippedChar
2021-11-21T23:53:18,295|[TRACE] graph - <----- statementPart
2021-11-21T23:53:18,295|[TRACE] graph - -----> statementPart
2021-11-21T23:53:18,295|[TRACE] graph - -------> nonSkippedChar
2021-11-21T23:53:18,295|[TRACE] script - #out(`s`) [token]
2021-11-21T23:53:18,295|[TRACE] graph - <------- nonSkippedChar
2021-11-21T23:53:18,295|[TRACE] graph - <----- statementPart
2021-11-21T23:53:18,295|[TRACE] graph - -----> statementPart
2021-11-21T23:53:18,295|[TRACE] graph - -------> nonSkippedChar
2021-11-21T23:53:18,295|[TRACE] script - #out(`t`) [token]
2021-11-21T23:53:18,295|[TRACE] graph - <------- nonSkippedChar
2021-11-21T23:53:18,295|[TRACE] graph - <----- statementPart
2021-11-21T23:53:18,295|[TRACE] graph - -----> statementPart
2021-11-21T23:53:18,295|[TRACE] graph - -------> nonSkippedChar
2021-11-21T23:53:18,295|[TRACE] script - #out(`a`) [token]
2021-11-21T23:53:18,295|[TRACE] graph - <------- nonSkippedChar
2021-11-21T23:53:18,295|[TRACE] graph - <----- statementPart
2021-11-21T23:53:18,295|[TRACE] graph - -----> statementPart
2021-11-21T23:53:18,295|[TRACE] graph - -------> nonSkippedChar
2021-11-21T23:53:18,295|[TRACE] script - #out(`m`) [token]
2021-11-21T23:53:18,295|[TRACE] graph - <------- nonSkippedChar
2021-11-21T23:53:18,295|[TRACE] graph - <----- statementPart
2021-11-21T23:53:18,295|[TRACE] graph - -----> statementPart
2021-11-21T23:53:18,295|[TRACE] graph - -------> nonSkippedChar
2021-11-21T23:53:18,295|[TRACE] script - #out(`p`) [token]
2021-11-21T23:53:18,295|[TRACE] graph - <------- nonSkippedChar
2021-11-21T23:53:18,295|[TRACE] graph - <----- statementPart
2021-11-21T23:53:18,295|[TRACE] graph - -----> statementPart
2021-11-21T23:53:18,295|[TRACE] graph - -------> nonSkippedChar
2021-11-21T23:53:18,295|[TRACE] script - #out(`(`) [token]
2021-11-21T23:53:18,295|[TRACE] graph - <------- nonSkippedChar
2021-11-21T23:53:18,295|[TRACE] graph - <----- statementPart
2021-11-21T23:53:18,295|[TRACE] graph - -----> statementPart
2021-11-21T23:53:18,295|[TRACE] graph - -------> nonSkippedChar
2021-11-21T23:53:18,295|[TRACE] script - #out(`n`) [token]
2021-11-21T23:53:18,295|[TRACE] graph - <------- nonSkippedChar
2021-11-21T23:53:18,295|[TRACE] graph - <----- statementPart
2021-11-21T23:53:18,295|[TRACE] graph - -----> statementPart
2021-11-21T23:53:18,295|[TRACE] graph - -------> nonSkippedChar
2021-11-21T23:53:18,295|[TRACE] script - #out(`o`) [token]
2021-11-21T23:53:18,295|[TRACE] graph - <------- nonSkippedChar
2021-11-21T23:53:18,295|[TRACE] graph - <----- statementPart
2021-11-21T23:53:18,295|[TRACE] graph - -----> statementPart
2021-11-21T23:53:18,295|[TRACE] graph - -------> nonSkippedChar
2021-11-21T23:53:18,295|[TRACE] script - #out(`w`) [token]
2021-11-21T23:53:18,295|[TRACE] graph - <------- nonSkippedChar
2021-11-21T23:53:18,295|[TRACE] graph - <----- statementPart
2021-11-21T23:53:18,296|[TRACE] graph - -----> statementPart
2021-11-21T23:53:18,296|[TRACE] graph - -------> nonSkippedChar
2021-11-21T23:53:18,296|[TRACE] script - #out(`(`) [token]
2021-11-21T23:53:18,296|[TRACE] graph - <------- nonSkippedChar
2021-11-21T23:53:18,296|[TRACE] graph - <----- statementPart
2021-11-21T23:53:18,296|[TRACE] graph - -----> statementPart
2021-11-21T23:53:18,296|[TRACE] graph - -------> nonSkippedChar
2021-11-21T23:53:18,296|[TRACE] script - #out(`)`) [token]
2021-11-21T23:53:18,296|[TRACE] graph - <------- nonSkippedChar
2021-11-21T23:53:18,296|[TRACE] graph - <----- statementPart
2021-11-21T23:53:18,296|[TRACE] graph - -----> statementPart
2021-11-21T23:53:18,296|[TRACE] graph - -------> nonSkippedChar
2021-11-21T23:53:18,296|[TRACE] script - #out(`)`) [token]
2021-11-21T23:53:18,296|[TRACE] graph - <------- nonSkippedChar
2021-11-21T23:53:18,296|[TRACE] graph - <----- statementPart
2021-11-21T23:53:18,296|[TRACE] graph - -----> statementPart
2021-11-21T23:53:18,296|[TRACE] graph - -------> nonSkippedSpace
2021-11-21T23:53:18,296|[TRACE] script - #out(` `) [token]
2021-11-21T23:53:18,296|[TRACE] graph - <------- nonSkippedSpace
2021-11-21T23:53:18,296|[TRACE] graph - <----- statementPart
2021-11-21T23:53:18,296|[TRACE] graph - -----> statementPart
2021-11-21T23:53:18,296|[TRACE] graph - -------> nonSkippedChar
2021-11-21T23:53:18,296|[TRACE] script - #out(`*`) [token]
2021-11-21T23:53:18,296|[TRACE] graph - <------- nonSkippedChar
2021-11-21T23:53:18,296|[TRACE] graph - <----- statementPart
2021-11-21T23:53:18,296|[TRACE] graph - -----> statementPart
2021-11-21T23:53:18,296|[TRACE] graph - -------> nonSkippedSpace
2021-11-21T23:53:18,296|[TRACE] script - #out(` `) [token]
2021-11-21T23:53:18,296|[TRACE] graph - <------- nonSkippedSpace
2021-11-21T23:53:18,296|[TRACE] graph - <----- statementPart
2021-11-21T23:53:18,296|[TRACE] graph - -----> statementPart
2021-11-21T23:53:18,296|[TRACE] graph - -------> nonSkippedChar
2021-11-21T23:53:18,296|[TRACE] script - #out(`1`) [token]
2021-11-21T23:53:18,296|[TRACE] graph - <------- nonSkippedChar
2021-11-21T23:53:18,296|[TRACE] graph - <----- statementPart
2021-11-21T23:53:18,296|[TRACE] graph - -----> statementPart
2021-11-21T23:53:18,296|[TRACE] graph - -------> nonSkippedChar
2021-11-21T23:53:18,296|[TRACE] script - #out(`0`) [token]
2021-11-21T23:53:18,296|[TRACE] graph - <------- nonSkippedChar
2021-11-21T23:53:18,296|[TRACE] graph - <----- statementPart
2021-11-21T23:53:18,296|[TRACE] graph - -----> statementPart
2021-11-21T23:53:18,296|[TRACE] graph - -------> nonSkippedChar
2021-11-21T23:53:18,296|[TRACE] script - #out(`0`) [token]
2021-11-21T23:53:18,296|[TRACE] graph - <------- nonSkippedChar
2021-11-21T23:53:18,296|[TRACE] graph - <----- statementPart
2021-11-21T23:53:18,296|[TRACE] graph - -----> statementPart
2021-11-21T23:53:18,296|[TRACE] graph - -------> nonSkippedChar
2021-11-21T23:53:18,296|[TRACE] script - #out(`0`) [token]
2021-11-21T23:53:18,296|[TRACE] graph - <------- nonSkippedChar
2021-11-21T23:53:18,296|[TRACE] graph - <----- statementPart
2021-11-21T23:53:18,296|[TRACE] graph - -----> statementPart
2021-11-21T23:53:18,296|[TRACE] graph - -------> nonSkippedChar
2021-11-21T23:53:18,296|[TRACE] script - #out(`)`) [token]
2021-11-21T23:53:18,296|[TRACE] graph - <------- nonSkippedChar
2021-11-21T23:53:18,296|[TRACE] graph - <----- statementPart
2021-11-21T23:53:18,296|[TRACE] graph - -----> statementPart
2021-11-21T23:53:18,296|[TRACE] graph - -------> nonSkippedChar
2021-11-21T23:53:18,296|[TRACE] script - #out(`,`) [token]
2021-11-21T23:53:18,296|[TRACE] graph - <------- nonSkippedChar
2021-11-21T23:53:18,296|[TRACE] graph - <----- statementPart
2021-11-21T23:53:18,296|[TRACE] graph - -----> afterStatementPartNewline
2021-11-21T23:53:18,296|[TRACE] script - #out(` `) [text]
2021-11-21T23:53:18,296|[TRACE] graph - <----- afterStatementPartNewline
2021-11-21T23:53:18,296|[TRACE] graph - -----> statementPart
2021-11-21T23:53:18,296|[TRACE] graph - -------> nonSkippedSpace
2021-11-21T23:53:18,296|[TRACE] script - #out(` `) [token]
2021-11-21T23:53:18,296|[TRACE] graph - <------- nonSkippedSpace
2021-11-21T23:53:18,296|[TRACE] graph - <----- statementPart
2021-11-21T23:53:18,296|[TRACE] graph - -----> statementPart
2021-11-21T23:53:18,296|[TRACE] graph - -------> nonSkippedSpace
2021-11-21T23:53:18,296|[TRACE] script - #out(` `) [token]
2021-11-21T23:53:18,296|[TRACE] graph - <------- nonSkippedSpace
2021-11-21T23:53:18,296|[TRACE] graph - <----- statementPart
2021-11-21T23:53:18,296|[TRACE] graph - -----> statementPart
2021-11-21T23:53:18,296|[TRACE] graph - -------> quotedString
2021-11-21T23:53:18,296|[TRACE] script - #out(``updated``) [token]
2021-11-21T23:53:18,296|[TRACE] graph - <------- quotedString
2021-11-21T23:53:18,296|[TRACE] graph - <----- statementPart
2021-11-21T23:53:18,296|[TRACE] graph - -----> statementPart
2021-11-21T23:53:18,296|[TRACE] graph - -------> nonSkippedSpace
2021-11-21T23:53:18,296|[TRACE] script - #out(` `) [token]
2021-11-21T23:53:18,296|[TRACE] graph - <------- nonSkippedSpace
2021-11-21T23:53:18,296|[TRACE] graph - <----- statementPart
2021-11-21T23:53:18,296|[TRACE] graph - -----> statementPart
2021-11-21T23:53:18,296|[TRACE] graph - -------> nonSkippedChar
2021-11-21T23:53:18,296|[TRACE] script - #out(`B`) [token]
2021-11-21T23:53:18,296|[TRACE] graph - <------- nonSkippedChar
2021-11-21T23:53:18,296|[TRACE] graph - <----- statementPart
2021-11-21T23:53:18,296|[TRACE] graph - -----> statementPart
2021-11-21T23:53:18,296|[TRACE] graph - -------> nonSkippedChar
2021-11-21T23:53:18,296|[TRACE] script - #out(`I`) [token]
2021-11-21T23:53:18,296|[TRACE] graph - <------- nonSkippedChar
2021-11-21T23:53:18,296|[TRACE] graph - <----- statementPart
2021-11-21T23:53:18,296|[TRACE] graph - -----> statementPart
2021-11-21T23:53:18,296|[TRACE] graph - -------> nonSkippedChar
2021-11-21T23:53:18,296|[TRACE] script - #out(`G`) [token]
2021-11-21T23:53:18,296|[TRACE] graph - <------- nonSkippedChar
2021-11-21T23:53:18,296|[TRACE] graph - <----- statementPart
2021-11-21T23:53:18,296|[TRACE] graph - -----> statementPart
2021-11-21T23:53:18,296|[TRACE] graph - -------> nonSkippedChar
2021-11-21T23:53:18,296|[TRACE] script - #out(`I`) [token]
2021-11-21T23:53:18,296|[TRACE] graph - <------- nonSkippedChar
2021-11-21T23:53:18,296|[TRACE] graph - <----- statementPart
2021-11-21T23:53:18,296|[TRACE] graph - -----> statementPart
2021-11-21T23:53:18,296|[TRACE] graph - -------> nonSkippedChar
2021-11-21T23:53:18,296|[TRACE] script - #out(`N`) [token]
2021-11-21T23:53:18,296|[TRACE] graph - <------- nonSkippedChar
2021-11-21T23:53:18,296|[TRACE] graph - <----- statementPart
2021-11-21T23:53:18,296|[TRACE] graph - -----> statementPart
2021-11-21T23:53:18,296|[TRACE] graph - -------> nonSkippedChar
2021-11-21T23:53:18,296|[TRACE] script - #out(`T`) [token]
2021-11-21T23:53:18,296|[TRACE] graph - <------- nonSkippedChar
2021-11-21T23:53:18,296|[TRACE] graph - <----- statementPart
2021-11-21T23:53:18,296|[TRACE] graph - -----> statementPart
2021-11-21T23:53:18,296|[TRACE] graph - -------> nonSkippedSpace
2021-11-21T23:53:18,296|[TRACE] script - #out(` `) [token]
2021-11-21T23:53:18,296|[TRACE] graph - <------- nonSkippedSpace
2021-11-21T23:53:18,296|[TRACE] graph - <----- statementPart
2021-11-21T23:53:18,296|[TRACE] graph - -----> statementPart
2021-11-21T23:53:18,296|[TRACE] graph - -------> nonSkippedChar
2021-11-21T23:53:18,296|[TRACE] script - #out(`N`) [token]
2021-11-21T23:53:18,296|[TRACE] graph - <------- nonSkippedChar
2021-11-21T23:53:18,296|[TRACE] graph - <----- statementPart
2021-11-21T23:53:18,296|[TRACE] graph - -----> statementPart
2021-11-21T23:53:18,297|[TRACE] graph - -------> nonSkippedChar
2021-11-21T23:53:18,297|[TRACE] script - #out(`O`) [token]
2021-11-21T23:53:18,297|[TRACE] graph - <------- nonSkippedChar
2021-11-21T23:53:18,297|[TRACE] graph - <----- statementPart
2021-11-21T23:53:18,297|[TRACE] graph - -----> statementPart
2021-11-21T23:53:18,297|[TRACE] graph - -------> nonSkippedChar
2021-11-21T23:53:18,297|[TRACE] script - #out(`T`) [token]
2021-11-21T23:53:18,297|[TRACE] graph - <------- nonSkippedChar
2021-11-21T23:53:18,297|[TRACE] graph - <----- statementPart
2021-11-21T23:53:18,297|[TRACE] graph - -----> statementPart
2021-11-21T23:53:18,297|[TRACE] graph - -------> nonSkippedSpace
2021-11-21T23:53:18,297|[TRACE] script - #out(` `) [token]
2021-11-21T23:53:18,297|[TRACE] graph - <------- nonSkippedSpace
2021-11-21T23:53:18,297|[TRACE] graph - <----- statementPart
2021-11-21T23:53:18,297|[TRACE] graph - -----> statementPart
2021-11-21T23:53:18,297|[TRACE] graph - -------> nonSkippedChar
2021-11-21T23:53:18,297|[TRACE] script - #out(`N`) [token]
2021-11-21T23:53:18,297|[TRACE] graph - <------- nonSkippedChar
2021-11-21T23:53:18,297|[TRACE] graph - <----- statementPart
2021-11-21T23:53:18,297|[TRACE] graph - -----> statementPart
2021-11-21T23:53:18,297|[TRACE] graph - -------> nonSkippedChar
2021-11-21T23:53:18,297|[TRACE] script - #out(`U`) [token]
2021-11-21T23:53:18,297|[TRACE] graph - <------- nonSkippedChar
2021-11-21T23:53:18,297|[TRACE] graph - <----- statementPart
2021-11-21T23:53:18,297|[TRACE] graph - -----> statementPart
2021-11-21T23:53:18,297|[TRACE] graph - -------> nonSkippedChar
2021-11-21T23:53:18,297|[TRACE] script - #out(`L`) [token]
2021-11-21T23:53:18,297|[TRACE] graph - <------- nonSkippedChar
2021-11-21T23:53:18,297|[TRACE] graph - <----- statementPart
2021-11-21T23:53:18,297|[TRACE] graph - -----> statementPart
2021-11-21T23:53:18,297|[TRACE] graph - -------> nonSkippedChar
2021-11-21T23:53:18,297|[TRACE] script - #out(`L`) [token]
2021-11-21T23:53:18,297|[TRACE] graph - <------- nonSkippedChar
2021-11-21T23:53:18,297|[TRACE] graph - <----- statementPart
2021-11-21T23:53:18,297|[TRACE] graph - -----> statementPart
2021-11-21T23:53:18,297|[TRACE] graph - -------> nonSkippedSpace
2021-11-21T23:53:18,297|[TRACE] script - #out(` `) [token]
2021-11-21T23:53:18,297|[TRACE] graph - <------- nonSkippedSpace
2021-11-21T23:53:18,297|[TRACE] graph - <----- statementPart
2021-11-21T23:53:18,297|[TRACE] graph - -----> statementPart
2021-11-21T23:53:18,297|[TRACE] graph - -------> nonSkippedChar
2021-11-21T23:53:18,297|[TRACE] script - #out(`D`) [token]
2021-11-21T23:53:18,297|[TRACE] graph - <------- nonSkippedChar
2021-11-21T23:53:18,297|[TRACE] graph - <----- statementPart
2021-11-21T23:53:18,297|[TRACE] graph - -----> statementPart
2021-11-21T23:53:18,297|[TRACE] graph - -------> nonSkippedChar
2021-11-21T23:53:18,297|[TRACE] script - #out(`E`) [token]
2021-11-21T23:53:18,297|[TRACE] graph - <------- nonSkippedChar
2021-11-21T23:53:18,297|[TRACE] graph - <----- statementPart
2021-11-21T23:53:18,297|[TRACE] graph - -----> statementPart
2021-11-21T23:53:18,297|[TRACE] graph - -------> nonSkippedChar
2021-11-21T23:53:18,297|[TRACE] script - #out(`F`) [token]
2021-11-21T23:53:18,297|[TRACE] graph - <------- nonSkippedChar
2021-11-21T23:53:18,297|[TRACE] graph - <----- statementPart
2021-11-21T23:53:18,297|[TRACE] graph - -----> statementPart
2021-11-21T23:53:18,297|[TRACE] graph - -------> nonSkippedChar
2021-11-21T23:53:18,297|[TRACE] script - #out(`A`) [token]
2021-11-21T23:53:18,297|[TRACE] graph - <------- nonSkippedChar
2021-11-21T23:53:18,297|[TRACE] graph - <----- statementPart
2021-11-21T23:53:18,297|[TRACE] graph - -----> statementPart
2021-11-21T23:53:18,297|[TRACE] graph - -------> nonSkippedChar
2021-11-21T23:53:18,297|[TRACE] script - #out(`U`) [token]
2021-11-21T23:53:18,297|[TRACE] graph - <------- nonSkippedChar
2021-11-21T23:53:18,297|[TRACE] graph - <----- statementPart
2021-11-21T23:53:18,297|[TRACE] graph - -----> statementPart
2021-11-21T23:53:18,297|[TRACE] graph - -------> nonSkippedChar
2021-11-21T23:53:18,297|[TRACE] script - #out(`L`) [token]
2021-11-21T23:53:18,297|[TRACE] graph - <------- nonSkippedChar
2021-11-21T23:53:18,297|[TRACE] graph - <----- statementPart
2021-11-21T23:53:18,297|[TRACE] graph - -----> statementPart
2021-11-21T23:53:18,297|[TRACE] graph - -------> nonSkippedChar
2021-11-21T23:53:18,297|[TRACE] script - #out(`T`) [token]
2021-11-21T23:53:18,297|[TRACE] graph - <------- nonSkippedChar
2021-11-21T23:53:18,297|[TRACE] graph - <----- statementPart
2021-11-21T23:53:18,297|[TRACE] graph - -----> statementPart
2021-11-21T23:53:18,297|[TRACE] graph - -------> nonSkippedSpace
2021-11-21T23:53:18,297|[TRACE] script - #out(` `) [token]
2021-11-21T23:53:18,297|[TRACE] graph - <------- nonSkippedSpace
2021-11-21T23:53:18,297|[TRACE] graph - <----- statementPart
2021-11-21T23:53:18,297|[TRACE] graph - -----> statementPart
2021-11-21T23:53:18,297|[TRACE] graph - -------> nonSkippedChar
2021-11-21T23:53:18,297|[TRACE] script - #out(`(`) [token]
2021-11-21T23:53:18,297|[TRACE] graph - <------- nonSkippedChar
2021-11-21T23:53:18,297|[TRACE] graph - <----- statementPart
2021-11-21T23:53:18,297|[TRACE] graph - -----> statementPart
2021-11-21T23:53:18,297|[TRACE] graph - -------> nonSkippedChar
2021-11-21T23:53:18,297|[TRACE] script - #out(`u`) [token]
2021-11-21T23:53:18,335|[TRACE] graph - <------- nonSkippedChar
2021-11-21T23:53:18,335|[TRACE] graph - <----- statementPart
2021-11-21T23:53:18,335|[TRACE] graph - -----> statementPart
2021-11-21T23:53:18,335|[TRACE] graph - -------> nonSkippedChar
2021-11-21T23:53:18,335|[TRACE] script - #out(`n`) [token]
2021-11-21T23:53:18,335|[TRACE] graph - <------- nonSkippedChar
2021-11-21T23:53:18,335|[TRACE] graph - <----- statementPart
2021-11-21T23:53:18,335|[TRACE] graph - -----> statementPart
2021-11-21T23:53:18,335|[TRACE] graph - -------> nonSkippedChar
2021-11-21T23:53:18,335|[TRACE] script - #out(`i`) [token]
2021-11-21T23:53:18,335|[TRACE] graph - <------- nonSkippedChar
2021-11-21T23:53:18,335|[TRACE] graph - <----- statementPart
2021-11-21T23:53:18,335|[TRACE] graph - -----> statementPart
2021-11-21T23:53:18,335|[TRACE] graph - -------> nonSkippedChar
2021-11-21T23:53:18,335|[TRACE] script - #out(`x`) [token]
2021-11-21T23:53:18,335|[TRACE] graph - <------- nonSkippedChar
2021-11-21T23:53:18,336|[TRACE] graph - <----- statementPart
2021-11-21T23:53:18,336|[TRACE] graph - -----> statementPart
2021-11-21T23:53:18,336|[TRACE] graph - -------> nonSkippedChar
2021-11-21T23:53:18,336|[TRACE] script - #out(`_`) [token]
2021-11-21T23:53:18,336|[TRACE] graph - <------- nonSkippedChar
2021-11-21T23:53:18,336|[TRACE] graph - <----- statementPart
2021-11-21T23:53:18,336|[TRACE] graph - -----> statementPart
2021-11-21T23:53:18,336|[TRACE] graph - -------> nonSkippedChar
2021-11-21T23:53:18,336|[TRACE] script - #out(`t`) [token]
2021-11-21T23:53:18,336|[TRACE] graph - <------- nonSkippedChar
2021-11-21T23:53:18,336|[TRACE] graph - <----- statementPart
2021-11-21T23:53:18,336|[TRACE] graph - -----> statementPart
2021-11-21T23:53:18,336|[TRACE] graph - -------> nonSkippedChar
2021-11-21T23:53:18,336|[TRACE] script - #out(`i`) [token]
2021-11-21T23:53:18,336|[TRACE] graph - <------- nonSkippedChar
2021-11-21T23:53:18,336|[TRACE] graph - <----- statementPart
2021-11-21T23:53:18,336|[TRACE] graph - -----> statementPart
2021-11-21T23:53:18,336|[TRACE] graph - -------> nonSkippedChar
2021-11-21T23:53:18,336|[TRACE] script - #out(`m`) [token]
2021-11-21T23:53:18,336|[TRACE] graph - <------- nonSkippedChar
2021-11-21T23:53:18,336|[TRACE] graph - <----- statementPart
2021-11-21T23:53:18,336|[TRACE] graph - -----> statementPart
2021-11-21T23:53:18,336|[TRACE] graph - -------> nonSkippedChar
2021-11-21T23:53:18,336|[TRACE] script - #out(`e`) [token]
2021-11-21T23:53:18,336|[TRACE] graph - <------- nonSkippedChar
2021-11-21T23:53:18,336|[TRACE] graph - <----- statementPart
2021-11-21T23:53:18,336|[TRACE] graph - -----> statementPart
2021-11-21T23:53:18,336|[TRACE] graph - -------> nonSkippedChar
2021-11-21T23:53:18,336|[TRACE] script - #out(`s`) [token]
2021-11-21T23:53:18,336|[TRACE] graph - <------- nonSkippedChar
2021-11-21T23:53:18,336|[TRACE] graph - <----- statementPart
2021-11-21T23:53:18,336|[TRACE] graph - -----> statementPart
2021-11-21T23:53:18,336|[TRACE] graph - -------> nonSkippedChar
2021-11-21T23:53:18,336|[TRACE] script - #out(`t`) [token]
2021-11-21T23:53:18,336|[TRACE] graph - <------- nonSkippedChar
2021-11-21T23:53:18,336|[TRACE] graph - <----- statementPart
2021-11-21T23:53:18,336|[TRACE] graph - -----> statementPart
2021-11-21T23:53:18,336|[TRACE] graph - -------> nonSkippedChar
2021-11-21T23:53:18,336|[TRACE] script - #out(`a`) [token]
2021-11-21T23:53:18,336|[TRACE] graph - <------- nonSkippedChar
2021-11-21T23:53:18,336|[TRACE] graph - <----- statementPart
2021-11-21T23:53:18,336|[TRACE] graph - -----> statementPart
2021-11-21T23:53:18,336|[TRACE] graph - -------> nonSkippedChar
2021-11-21T23:53:18,336|[TRACE] script - #out(`m`) [token]
2021-11-21T23:53:18,336|[TRACE] graph - <------- nonSkippedChar
2021-11-21T23:53:18,336|[TRACE] graph - <----- statementPart
2021-11-21T23:53:18,336|[TRACE] graph - -----> statementPart
2021-11-21T23:53:18,336|[TRACE] graph - -------> nonSkippedChar
2021-11-21T23:53:18,336|[TRACE] script - #out(`p`) [token]
2021-11-21T23:53:18,336|[TRACE] graph - <------- nonSkippedChar
2021-11-21T23:53:18,336|[TRACE] graph - <----- statementPart
2021-11-21T23:53:18,336|[TRACE] graph - -----> statementPart
2021-11-21T23:53:18,336|[TRACE] graph - -------> nonSkippedChar
2021-11-21T23:53:18,336|[TRACE] script - #out(`(`) [token]
2021-11-21T23:53:18,336|[TRACE] graph - <------- nonSkippedChar
2021-11-21T23:53:18,336|[TRACE] graph - <----- statementPart
2021-11-21T23:53:18,336|[TRACE] graph - -----> statementPart
2021-11-21T23:53:18,336|[TRACE] graph - -------> nonSkippedChar
2021-11-21T23:53:18,336|[TRACE] script - #out(`n`) [token]
2021-11-21T23:53:18,336|[TRACE] graph - <------- nonSkippedChar
2021-11-21T23:53:18,336|[TRACE] graph - <----- statementPart
2021-11-21T23:53:18,336|[TRACE] graph - -----> statementPart
2021-11-21T23:53:18,336|[TRACE] graph - -------> nonSkippedChar
2021-11-21T23:53:18,336|[TRACE] script - #out(`o`) [token]
2021-11-21T23:53:18,336|[TRACE] graph - <------- nonSkippedChar
2021-11-21T23:53:18,336|[TRACE] graph - <----- statementPart
2021-11-21T23:53:18,336|[TRACE] graph - -----> statementPart
2021-11-21T23:53:18,336|[TRACE] graph - -------> nonSkippedChar
2021-11-21T23:53:18,336|[TRACE] script - #out(`w`) [token]
2021-11-21T23:53:18,336|[TRACE] graph - <------- nonSkippedChar
2021-11-21T23:53:18,336|[TRACE] graph - <----- statementPart
2021-11-21T23:53:18,336|[TRACE] graph - -----> statementPart
2021-11-21T23:53:18,336|[TRACE] graph - -------> nonSkippedChar
2021-11-21T23:53:18,336|[TRACE] script - #out(`(`) [token]
2021-11-21T23:53:18,336|[TRACE] graph - <------- nonSkippedChar
2021-11-21T23:53:18,336|[TRACE] graph - <----- statementPart
2021-11-21T23:53:18,336|[TRACE] graph - -----> statementPart
2021-11-21T23:53:18,336|[TRACE] graph - -------> nonSkippedChar
2021-11-21T23:53:18,336|[TRACE] script - #out(`)`) [token]
2021-11-21T23:53:18,336|[TRACE] graph - <------- nonSkippedChar
2021-11-21T23:53:18,336|[TRACE] graph - <----- statementPart
2021-11-21T23:53:18,336|[TRACE] graph - -----> statementPart
2021-11-21T23:53:18,336|[TRACE] graph - -------> nonSkippedChar
2021-11-21T23:53:18,336|[TRACE] script - #out(`)`) [token]
2021-11-21T23:53:18,336|[TRACE] graph - <------- nonSkippedChar
2021-11-21T23:53:18,336|[TRACE] graph - <----- statementPart
2021-11-21T23:53:18,336|[TRACE] graph - -----> statementPart
2021-11-21T23:53:18,336|[TRACE] graph - -------> nonSkippedSpace
2021-11-21T23:53:18,336|[TRACE] script - #out(` `) [token]
2021-11-21T23:53:18,336|[TRACE] graph - <------- nonSkippedSpace
2021-11-21T23:53:18,336|[TRACE] graph - <----- statementPart
2021-11-21T23:53:18,336|[TRACE] graph - -----> statementPart
2021-11-21T23:53:18,336|[TRACE] graph - -------> nonSkippedChar
2021-11-21T23:53:18,336|[TRACE] script - #out(`*`) [token]
2021-11-21T23:53:18,336|[TRACE] graph - <------- nonSkippedChar
2021-11-21T23:53:18,336|[TRACE] graph - <----- statementPart
2021-11-21T23:53:18,336|[TRACE] graph - -----> statementPart
2021-11-21T23:53:18,336|[TRACE] graph - -------> nonSkippedSpace
2021-11-21T23:53:18,336|[TRACE] script - #out(` `) [token]
2021-11-21T23:53:18,336|[TRACE] graph - <------- nonSkippedSpace
2021-11-21T23:53:18,336|[TRACE] graph - <----- statementPart
2021-11-21T23:53:18,336|[TRACE] graph - -----> statementPart
2021-11-21T23:53:18,336|[TRACE] graph - -------> nonSkippedChar
2021-11-21T23:53:18,336|[TRACE] script - #out(`1`) [token]
2021-11-21T23:53:18,336|[TRACE] graph - <------- nonSkippedChar
2021-11-21T23:53:18,336|[TRACE] graph - <----- statementPart
2021-11-21T23:53:18,336|[TRACE] graph - -----> statementPart
2021-11-21T23:53:18,336|[TRACE] graph - -------> nonSkippedChar
2021-11-21T23:53:18,336|[TRACE] script - #out(`0`) [token]
2021-11-21T23:53:18,336|[TRACE] graph - <------- nonSkippedChar
2021-11-21T23:53:18,336|[TRACE] graph - <----- statementPart
2021-11-21T23:53:18,336|[TRACE] graph - -----> statementPart
2021-11-21T23:53:18,337|[TRACE] graph - -------> nonSkippedChar
2021-11-21T23:53:18,337|[TRACE] script - #out(`0`) [token]
2021-11-21T23:53:18,337|[TRACE] graph - <------- nonSkippedChar
2021-11-21T23:53:18,337|[TRACE] graph - <----- statementPart
2021-11-21T23:53:18,337|[TRACE] graph - -----> statementPart
2021-11-21T23:53:18,337|[TRACE] graph - -------> nonSkippedChar
2021-11-21T23:53:18,337|[TRACE] script - #out(`0`) [token]
2021-11-21T23:53:18,337|[TRACE] graph - <------- nonSkippedChar
2021-11-21T23:53:18,337|[TRACE] graph - <----- statementPart
2021-11-21T23:53:18,337|[TRACE] graph - -----> statementPart
2021-11-21T23:53:18,337|[TRACE] graph - -------> nonSkippedChar
2021-11-21T23:53:18,337|[TRACE] script - #out(`)`) [token]
2021-11-21T23:53:18,337|[TRACE] graph - <------- nonSkippedChar
2021-11-21T23:53:18,337|[TRACE] graph - <----- statementPart
2021-11-21T23:53:18,337|[TRACE] graph - -----> statementPart
2021-11-21T23:53:18,337|[TRACE] graph - -------> nonSkippedChar
2021-11-21T23:53:18,337|[TRACE] script - #out(`,`) [token]
2021-11-21T23:53:18,337|[TRACE] graph - <------- nonSkippedChar
2021-11-21T23:53:18,337|[TRACE] graph - <----- statementPart
2021-11-21T23:53:18,337|[TRACE] graph - -----> afterStatementPartNewline
2021-11-21T23:53:18,337|[TRACE] script - #out(` `) [text]
2021-11-21T23:53:18,337|[TRACE] graph - <----- afterStatementPartNewline
2021-11-21T23:53:18,337|[TRACE] graph - -----> statementPart
2021-11-21T23:53:18,337|[TRACE] graph - -------> nonSkippedSpace
2021-11-21T23:53:18,337|[TRACE] script - #out(` `) [token]
2021-11-21T23:53:18,337|[TRACE] graph - <------- nonSkippedSpace
2021-11-21T23:53:18,337|[TRACE] graph - <----- statementPart
2021-11-21T23:53:18,337|[TRACE] graph - -----> statementPart
2021-11-21T23:53:18,337|[TRACE] graph - -------> nonSkippedSpace
2021-11-21T23:53:18,337|[TRACE] script - #out(` `) [token]
2021-11-21T23:53:18,337|[TRACE] graph - <------- nonSkippedSpace
2021-11-21T23:53:18,337|[TRACE] graph - <----- statementPart
2021-11-21T23:53:18,337|[TRACE] graph - -----> statementPart
2021-11-21T23:53:18,337|[TRACE] graph - -------> quotedString
2021-11-21T23:53:18,337|[TRACE] script - #out(``version``) [token]
2021-11-21T23:53:18,337|[TRACE] graph - <------- quotedString
2021-11-21T23:53:18,337|[TRACE] graph - <----- statementPart
2021-11-21T23:53:18,337|[TRACE] graph - -----> statementPart
2021-11-21T23:53:18,337|[TRACE] graph - -------> nonSkippedSpace
2021-11-21T23:53:18,337|[TRACE] script - #out(` `) [token]
2021-11-21T23:53:18,337|[TRACE] graph - <------- nonSkippedSpace
2021-11-21T23:53:18,337|[TRACE] graph - <----- statementPart
2021-11-21T23:53:18,337|[TRACE] graph - -----> statementPart
2021-11-21T23:53:18,337|[TRACE] graph - -------> nonSkippedChar
2021-11-21T23:53:18,337|[TRACE] script - #out(`I`) [token]
2021-11-21T23:53:18,337|[TRACE] graph - <------- nonSkippedChar
2021-11-21T23:53:18,337|[TRACE] graph - <----- statementPart
2021-11-21T23:53:18,337|[TRACE] graph - -----> statementPart
2021-11-21T23:53:18,337|[TRACE] graph - -------> nonSkippedChar
2021-11-21T23:53:18,337|[TRACE] script - #out(`N`) [token]
2021-11-21T23:53:18,337|[TRACE] graph - <------- nonSkippedChar
2021-11-21T23:53:18,337|[TRACE] graph - <----- statementPart
2021-11-21T23:53:18,337|[TRACE] graph - -----> statementPart
2021-11-21T23:53:18,337|[TRACE] graph - -------> nonSkippedChar
2021-11-21T23:53:18,337|[TRACE] script - #out(`T`) [token]
2021-11-21T23:53:18,337|[TRACE] graph - <------- nonSkippedChar
2021-11-21T23:53:18,337|[TRACE] graph - <----- statementPart
2021-11-21T23:53:18,337|[TRACE] graph - -----> statementPart
2021-11-21T23:53:18,337|[TRACE] graph - -------> nonSkippedSpace
2021-11-21T23:53:18,337|[TRACE] script - #out(` `) [token]
2021-11-21T23:53:18,337|[TRACE] graph - <------- nonSkippedSpace
2021-11-21T23:53:18,337|[TRACE] graph - <----- statementPart
2021-11-21T23:53:18,337|[TRACE] graph - -----> statementPart
2021-11-21T23:53:18,337|[TRACE] graph - -------> nonSkippedChar
2021-11-21T23:53:18,337|[TRACE] script - #out(`N`) [token]
2021-11-21T23:53:18,337|[TRACE] graph - <------- nonSkippedChar
2021-11-21T23:53:18,337|[TRACE] graph - <----- statementPart
2021-11-21T23:53:18,337|[TRACE] graph - -----> statementPart
2021-11-21T23:53:18,337|[TRACE] graph - -------> nonSkippedChar
2021-11-21T23:53:18,337|[TRACE] script - #out(`O`) [token]
2021-11-21T23:53:18,337|[TRACE] graph - <------- nonSkippedChar
2021-11-21T23:53:18,337|[TRACE] graph - <----- statementPart
2021-11-21T23:53:18,337|[TRACE] graph - -----> statementPart
2021-11-21T23:53:18,337|[TRACE] graph - -------> nonSkippedChar
2021-11-21T23:53:18,337|[TRACE] script - #out(`T`) [token]
2021-11-21T23:53:18,337|[TRACE] graph - <------- nonSkippedChar
2021-11-21T23:53:18,337|[TRACE] graph - <----- statementPart
2021-11-21T23:53:18,337|[TRACE] graph - -----> statementPart
2021-11-21T23:53:18,337|[TRACE] graph - -------> nonSkippedSpace
2021-11-21T23:53:18,337|[TRACE] script - #out(` `) [token]
2021-11-21T23:53:18,337|[TRACE] graph - <------- nonSkippedSpace
2021-11-21T23:53:18,337|[TRACE] graph - <----- statementPart
2021-11-21T23:53:18,337|[TRACE] graph - -----> statementPart
2021-11-21T23:53:18,337|[TRACE] graph - -------> nonSkippedChar
2021-11-21T23:53:18,337|[TRACE] script - #out(`N`) [token]
2021-11-21T23:53:18,337|[TRACE] graph - <------- nonSkippedChar
2021-11-21T23:53:18,337|[TRACE] graph - <----- statementPart
2021-11-21T23:53:18,337|[TRACE] graph - -----> statementPart
2021-11-21T23:53:18,337|[TRACE] graph - -------> nonSkippedChar
2021-11-21T23:53:18,337|[TRACE] script - #out(`U`) [token]
2021-11-21T23:53:18,337|[TRACE] graph - <------- nonSkippedChar
2021-11-21T23:53:18,337|[TRACE] graph - <----- statementPart
2021-11-21T23:53:18,337|[TRACE] graph - -----> statementPart
2021-11-21T23:53:18,337|[TRACE] graph - -------> nonSkippedChar
2021-11-21T23:53:18,337|[TRACE] script - #out(`L`) [token]
2021-11-21T23:53:18,337|[TRACE] graph - <------- nonSkippedChar
2021-11-21T23:53:18,337|[TRACE] graph - <----- statementPart
2021-11-21T23:53:18,337|[TRACE] graph - -----> statementPart
2021-11-21T23:53:18,337|[TRACE] graph - -------> nonSkippedChar
2021-11-21T23:53:18,337|[TRACE] script - #out(`L`) [token]
2021-11-21T23:53:18,337|[TRACE] graph - <------- nonSkippedChar
2021-11-21T23:53:18,337|[TRACE] graph - <----- statementPart
2021-11-21T23:53:18,337|[TRACE] graph - -----> statementPart
2021-11-21T23:53:18,337|[TRACE] graph - -------> nonSkippedSpace
2021-11-21T23:53:18,337|[TRACE] script - #out(` `) [token]
2021-11-21T23:53:18,337|[TRACE] graph - <------- nonSkippedSpace
2021-11-21T23:53:18,337|[TRACE] graph - <----- statementPart
2021-11-21T23:53:18,337|[TRACE] graph - -----> statementPart
2021-11-21T23:53:18,337|[TRACE] graph - -------> nonSkippedChar
2021-11-21T23:53:18,337|[TRACE] script - #out(`D`) [token]
2021-11-21T23:53:18,337|[TRACE] graph - <------- nonSkippedChar
2021-11-21T23:53:18,337|[TRACE] graph - <----- statementPart
2021-11-21T23:53:18,337|[TRACE] graph - -----> statementPart
2021-11-21T23:53:18,337|[TRACE] graph - -------> nonSkippedChar
2021-11-21T23:53:18,337|[TRACE] script - #out(`E`) [token]
2021-11-21T23:53:18,337|[TRACE] graph - <------- nonSkippedChar
2021-11-21T23:53:18,337|[TRACE] graph - <----- statementPart
2021-11-21T23:53:18,337|[TRACE] graph - -----> statementPart
2021-11-21T23:53:18,337|[TRACE] graph - -------> nonSkippedChar
2021-11-21T23:53:18,337|[TRACE] script - #out(`F`) [token]
2021-11-21T23:53:18,337|[TRACE] graph - <------- nonSkippedChar
2021-11-21T23:53:18,337|[TRACE] graph - <----- statementPart
2021-11-21T23:53:18,337|[TRACE] graph - -----> statementPart
2021-11-21T23:53:18,337|[TRACE] graph - -------> nonSkippedChar
2021-11-21T23:53:18,337|[TRACE] script - #out(`A`) [token]
2021-11-21T23:53:18,337|[TRACE] graph - <------- nonSkippedChar
2021-11-21T23:53:18,337|[TRACE] graph - <----- statementPart
2021-11-21T23:53:18,337|[TRACE] graph - -----> statementPart
2021-11-21T23:53:18,337|[TRACE] graph - -------> nonSkippedChar
2021-11-21T23:53:18,337|[TRACE] script - #out(`U`) [token]
2021-11-21T23:53:18,337|[TRACE] graph - <------- nonSkippedChar
2021-11-21T23:53:18,337|[TRACE] graph - <----- statementPart
2021-11-21T23:53:18,337|[TRACE] graph - -----> statementPart
2021-11-21T23:53:18,337|[TRACE] graph - -------> nonSkippedChar
2021-11-21T23:53:18,337|[TRACE] script - #out(`L`) [token]
2021-11-21T23:53:18,337|[TRACE] graph - <------- nonSkippedChar
2021-11-21T23:53:18,337|[TRACE] graph - <----- statementPart
2021-11-21T23:53:18,337|[TRACE] graph - -----> statementPart
2021-11-21T23:53:18,337|[TRACE] graph - -------> nonSkippedChar
2021-11-21T23:53:18,337|[TRACE] script - #out(`T`) [token]
2021-11-21T23:53:18,337|[TRACE] graph - <------- nonSkippedChar
2021-11-21T23:53:18,338|[TRACE] graph - <----- statementPart
2021-11-21T23:53:18,338|[TRACE] graph - -----> statementPart
2021-11-21T23:53:18,338|[TRACE] graph - -------> nonSkippedSpace
2021-11-21T23:53:18,338|[TRACE] script - #out(` `) [token]
2021-11-21T23:53:18,338|[TRACE] graph - <------- nonSkippedSpace
2021-11-21T23:53:18,338|[TRACE] graph - <----- statementPart
2021-11-21T23:53:18,338|[TRACE] graph - -----> statementPart
2021-11-21T23:53:18,338|[TRACE] graph - -------> nonSkippedChar
2021-11-21T23:53:18,338|[TRACE] script - #out(`1`) [token]
2021-11-21T23:53:18,338|[TRACE] graph - <------- nonSkippedChar
2021-11-21T23:53:18,338|[TRACE] graph - <----- statementPart
2021-11-21T23:53:18,338|[TRACE] graph - -----> statementPart
2021-11-21T23:53:18,338|[TRACE] graph - -------> nonSkippedChar
2021-11-21T23:53:18,338|[TRACE] script - #out(`,`) [token]
2021-11-21T23:53:18,338|[TRACE] graph - <------- nonSkippedChar
2021-11-21T23:53:18,338|[TRACE] graph - <----- statementPart
2021-11-21T23:53:18,338|[TRACE] graph - -----> afterStatementPartNewline
2021-11-21T23:53:18,338|[TRACE] script - #out(` `) [text]
2021-11-21T23:53:18,338|[TRACE] graph - <----- afterStatementPartNewline
2021-11-21T23:53:18,338|[TRACE] graph - -----> statementPart
2021-11-21T23:53:18,338|[TRACE] graph - -------> nonSkippedSpace
2021-11-21T23:53:18,338|[TRACE] script - #out(` `) [token]
2021-11-21T23:53:18,338|[TRACE] graph - <------- nonSkippedSpace
2021-11-21T23:53:18,338|[TRACE] graph - <----- statementPart
2021-11-21T23:53:18,338|[TRACE] graph - -----> statementPart
2021-11-21T23:53:18,338|[TRACE] graph - -------> nonSkippedSpace
2021-11-21T23:53:18,338|[TRACE] script - #out(` `) [token]
2021-11-21T23:53:18,338|[TRACE] graph - <------- nonSkippedSpace
2021-11-21T23:53:18,338|[TRACE] graph - <----- statementPart
2021-11-21T23:53:18,338|[TRACE] graph - -----> statementPart
2021-11-21T23:53:18,338|[TRACE] graph - -------> nonSkippedChar
2021-11-21T23:53:18,338|[TRACE] script - #out(`P`) [token]
2021-11-21T23:53:18,338|[TRACE] graph - <------- nonSkippedChar
2021-11-21T23:53:18,338|[TRACE] graph - <----- statementPart
2021-11-21T23:53:18,338|[TRACE] graph - -----> statementPart
2021-11-21T23:53:18,338|[TRACE] graph - -------> nonSkippedChar
2021-11-21T23:53:18,338|[TRACE] script - #out(`R`) [token]
2021-11-21T23:53:18,338|[TRACE] graph - <------- nonSkippedChar
2021-11-21T23:53:18,338|[TRACE] graph - <----- statementPart
2021-11-21T23:53:18,338|[TRACE] graph - -----> statementPart
2021-11-21T23:53:18,338|[TRACE] graph - -------> nonSkippedChar
2021-11-21T23:53:18,338|[TRACE] script - #out(`I`) [token]
2021-11-21T23:53:18,338|[TRACE] graph - <------- nonSkippedChar
2021-11-21T23:53:18,338|[TRACE] graph - <----- statementPart
2021-11-21T23:53:18,338|[TRACE] graph - -----> statementPart
2021-11-21T23:53:18,338|[TRACE] graph - -------> nonSkippedChar
2021-11-21T23:53:18,338|[TRACE] script - #out(`M`) [token]
2021-11-21T23:53:18,338|[TRACE] graph - <------- nonSkippedChar
2021-11-21T23:53:18,338|[TRACE] graph - <----- statementPart
2021-11-21T23:53:18,338|[TRACE] graph - -----> statementPart
2021-11-21T23:53:18,338|[TRACE] graph - -------> nonSkippedChar
2021-11-21T23:53:18,338|[TRACE] script - #out(`A`) [token]
2021-11-21T23:53:18,338|[TRACE] graph - <------- nonSkippedChar
2021-11-21T23:53:18,338|[TRACE] graph - <----- statementPart
2021-11-21T23:53:18,338|[TRACE] graph - -----> statementPart
2021-11-21T23:53:18,338|[TRACE] graph - -------> nonSkippedChar
2021-11-21T23:53:18,338|[TRACE] script - #out(`R`) [token]
2021-11-21T23:53:18,338|[TRACE] graph - <------- nonSkippedChar
2021-11-21T23:53:18,338|[TRACE] graph - <----- statementPart
2021-11-21T23:53:18,338|[TRACE] graph - -----> statementPart
2021-11-21T23:53:18,338|[TRACE] graph - -------> nonSkippedChar
2021-11-21T23:53:18,338|[TRACE] script - #out(`Y`) [token]
2021-11-21T23:53:18,338|[TRACE] graph - <------- nonSkippedChar
2021-11-21T23:53:18,338|[TRACE] graph - <----- statementPart
2021-11-21T23:53:18,338|[TRACE] graph - -----> statementPart
2021-11-21T23:53:18,338|[TRACE] graph - -------> nonSkippedSpace
2021-11-21T23:53:18,338|[TRACE] script - #out(` `) [token]
2021-11-21T23:53:18,338|[TRACE] graph - <------- nonSkippedSpace
2021-11-21T23:53:18,338|[TRACE] graph - <----- statementPart
2021-11-21T23:53:18,338|[TRACE] graph - -----> statementPart
2021-11-21T23:53:18,338|[TRACE] graph - -------> nonSkippedChar
2021-11-21T23:53:18,338|[TRACE] script - #out(`K`) [token]
2021-11-21T23:53:18,338|[TRACE] graph - <------- nonSkippedChar
2021-11-21T23:53:18,338|[TRACE] graph - <----- statementPart
2021-11-21T23:53:18,338|[TRACE] graph - -----> statementPart
2021-11-21T23:53:18,338|[TRACE] graph - -------> nonSkippedChar
2021-11-21T23:53:18,338|[TRACE] script - #out(`E`) [token]
2021-11-21T23:53:18,338|[TRACE] graph - <------- nonSkippedChar
2021-11-21T23:53:18,338|[TRACE] graph - <----- statementPart
2021-11-21T23:53:18,338|[TRACE] graph - -----> statementPart
2021-11-21T23:53:18,338|[TRACE] graph - -------> nonSkippedChar
2021-11-21T23:53:18,338|[TRACE] script - #out(`Y`) [token]
2021-11-21T23:53:18,338|[TRACE] graph - <------- nonSkippedChar
2021-11-21T23:53:18,338|[TRACE] graph - <----- statementPart
2021-11-21T23:53:18,338|[TRACE] graph - -----> statementPart
2021-11-21T23:53:18,338|[TRACE] graph - -------> nonSkippedSpace
2021-11-21T23:53:18,338|[TRACE] script - #out(` `) [token]
2021-11-21T23:53:18,338|[TRACE] graph - <------- nonSkippedSpace
2021-11-21T23:53:18,338|[TRACE] graph - <----- statementPart
2021-11-21T23:53:18,338|[TRACE] graph - -----> statementPart
2021-11-21T23:53:18,338|[TRACE] graph - -------> nonSkippedChar
2021-11-21T23:53:18,338|[TRACE] script - #out(`(`) [token]
2021-11-21T23:53:18,338|[TRACE] graph - <------- nonSkippedChar
2021-11-21T23:53:18,338|[TRACE] graph - <----- statementPart
2021-11-21T23:53:18,338|[TRACE] graph - -----> statementPart
2021-11-21T23:53:18,338|[TRACE] graph - -------> quotedString
2021-11-21T23:53:18,338|[TRACE] script - #out(``address_id``) [token]
2021-11-21T23:53:18,338|[TRACE] graph - <------- quotedString
2021-11-21T23:53:18,338|[TRACE] graph - <----- statementPart
2021-11-21T23:53:18,338|[TRACE] graph - -----> statementPart
2021-11-21T23:53:18,338|[TRACE] graph - -------> nonSkippedChar
2021-11-21T23:53:18,338|[TRACE] script - #out(`)`) [token]
2021-11-21T23:53:18,338|[TRACE] graph - <------- nonSkippedChar
2021-11-21T23:53:18,338|[TRACE] graph - <----- statementPart
2021-11-21T23:53:18,338|[TRACE] graph - -----> statementPart
2021-11-21T23:53:18,338|[TRACE] graph - -------> nonSkippedChar
2021-11-21T23:53:18,338|[TRACE] script - #out(`)`) [token]
2021-11-21T23:53:18,338|[TRACE] graph - <------- nonSkippedChar
2021-11-21T23:53:18,338|[TRACE] graph - <----- statementPart
2021-11-21T23:53:18,338|[TRACE] graph - -----> afterStatementPartNewline
2021-11-21T23:53:18,338|[TRACE] script - #out(` `) [text]
2021-11-21T23:53:18,338|[TRACE] graph - <----- afterStatementPartNewline
2021-11-21T23:53:18,338|[TRACE] graph - -----> statementPart
2021-11-21T23:53:18,338|[TRACE] graph - -------> nonSkippedChar
2021-11-21T23:53:18,338|[TRACE] script - #out(`E`) [token]
2021-11-21T23:53:18,338|[TRACE] graph - <------- nonSkippedChar
2021-11-21T23:53:18,338|[TRACE] graph - <----- statementPart
2021-11-21T23:53:18,338|[TRACE] graph - -----> statementPart
2021-11-21T23:53:18,338|[TRACE] graph - -------> nonSkippedChar
2021-11-21T23:53:18,338|[TRACE] script - #out(`N`) [token]
2021-11-21T23:53:18,338|[TRACE] graph - <------- nonSkippedChar
2021-11-21T23:53:18,338|[TRACE] graph - <----- statementPart
2021-11-21T23:53:18,338|[TRACE] graph - -----> statementPart
2021-11-21T23:53:18,338|[TRACE] graph - -------> nonSkippedChar
2021-11-21T23:53:18,338|[TRACE] script - #out(`G`) [token]
2021-11-21T23:53:18,338|[TRACE] graph - <------- nonSkippedChar
2021-11-21T23:53:18,338|[TRACE] graph - <----- statementPart
2021-11-21T23:53:18,338|[TRACE] graph - -----> statementPart
2021-11-21T23:53:18,338|[TRACE] graph - -------> nonSkippedChar
2021-11-21T23:53:18,338|[TRACE] script - #out(`I`) [token]
2021-11-21T23:53:18,338|[TRACE] graph - <------- nonSkippedChar
2021-11-21T23:53:18,338|[TRACE] graph - <----- statementPart
2021-11-21T23:53:18,338|[TRACE] graph - -----> statementPart
2021-11-21T23:53:18,338|[TRACE] graph - -------> nonSkippedChar
2021-11-21T23:53:18,338|[TRACE] script - #out(`N`) [token]
2021-11-21T23:53:18,338|[TRACE] graph - <------- nonSkippedChar
2021-11-21T23:53:18,338|[TRACE] graph - <----- statementPart
2021-11-21T23:53:18,338|[TRACE] graph - -----> statementPart
2021-11-21T23:53:18,338|[TRACE] graph - -------> nonSkippedChar
2021-11-21T23:53:18,338|[TRACE] script - #out(`E`) [token]
2021-11-21T23:53:18,338|[TRACE] graph - <------- nonSkippedChar
2021-11-21T23:53:18,338|[TRACE] graph - <----- statementPart
2021-11-21T23:53:18,339|[TRACE] graph - -----> statementPart
2021-11-21T23:53:18,339|[TRACE] graph - -------> nonSkippedSpace
2021-11-21T23:53:18,339|[TRACE] script - #out(` `) [token]
2021-11-21T23:53:18,339|[TRACE] graph - <------- nonSkippedSpace
2021-11-21T23:53:18,339|[TRACE] graph - <----- statementPart
2021-11-21T23:53:18,339|[TRACE] graph - -----> statementPart
2021-11-21T23:53:18,339|[TRACE] graph - -------> nonSkippedChar
2021-11-21T23:53:18,339|[TRACE] script - #out(`=`) [token]
2021-11-21T23:53:18,339|[TRACE] graph - <------- nonSkippedChar
2021-11-21T23:53:18,339|[TRACE] graph - <----- statementPart
2021-11-21T23:53:18,339|[TRACE] graph - -----> statementPart
2021-11-21T23:53:18,339|[TRACE] graph - -------> nonSkippedSpace
2021-11-21T23:53:18,339|[TRACE] script - #out(` `) [token]
2021-11-21T23:53:18,339|[TRACE] graph - <------- nonSkippedSpace
2021-11-21T23:53:18,339|[TRACE] graph - <----- statementPart
2021-11-21T23:53:18,339|[TRACE] graph - -----> statementPart
2021-11-21T23:53:18,339|[TRACE] graph - -------> nonSkippedChar
2021-11-21T23:53:18,339|[TRACE] script - #out(`I`) [token]
2021-11-21T23:53:18,339|[TRACE] graph - <------- nonSkippedChar
2021-11-21T23:53:18,339|[TRACE] graph - <----- statementPart
2021-11-21T23:53:18,339|[TRACE] graph - -----> statementPart
2021-11-21T23:53:18,339|[TRACE] graph - -------> nonSkippedChar
2021-11-21T23:53:18,339|[TRACE] script - #out(`n`) [token]
2021-11-21T23:53:18,339|[TRACE] graph - <------- nonSkippedChar
2021-11-21T23:53:18,339|[TRACE] graph - <----- statementPart
2021-11-21T23:53:18,339|[TRACE] graph - -----> statementPart
2021-11-21T23:53:18,339|[TRACE] graph - -------> nonSkippedChar
2021-11-21T23:53:18,339|[TRACE] script - #out(`n`) [token]
2021-11-21T23:53:18,339|[TRACE] graph - <------- nonSkippedChar
2021-11-21T23:53:18,339|[TRACE] graph - <----- statementPart
2021-11-21T23:53:18,339|[TRACE] graph - -----> statementPart
2021-11-21T23:53:18,339|[TRACE] graph - -------> nonSkippedChar
2021-11-21T23:53:18,339|[TRACE] script - #out(`o`) [token]
2021-11-21T23:53:18,339|[TRACE] graph - <------- nonSkippedChar
2021-11-21T23:53:18,339|[TRACE] graph - <----- statementPart
2021-11-21T23:53:18,339|[TRACE] graph - -----> statementPart
2021-11-21T23:53:18,339|[TRACE] graph - -------> nonSkippedChar
2021-11-21T23:53:18,339|[TRACE] script - #out(`D`) [token]
2021-11-21T23:53:18,339|[TRACE] graph - <------- nonSkippedChar
2021-11-21T23:53:18,339|[TRACE] graph - <----- statementPart
2021-11-21T23:53:18,339|[TRACE] graph - -----> statementPart
2021-11-21T23:53:18,339|[TRACE] graph - -------> nonSkippedChar
2021-11-21T23:53:18,339|[TRACE] script - #out(`B`) [token]
2021-11-21T23:53:18,339|[TRACE] graph - <------- nonSkippedChar
2021-11-21T23:53:18,339|[TRACE] graph - <----- statementPart
2021-11-21T23:53:18,339|[DEBUG] graph - Import statement : CREATE TABLE IF NOT EXISTS `bloodbank`.`address` (   `address_id` INT NOT NULL AUTO_INCREMENT,   `street_number` VARCHAR(10) NOT NULL,   `street` VARCHAR(100) NOT NULL,   `city` VARCHAR(100) NOT NULL,   `province` VARCHAR(100) NOT NULL,   `country` VARCHAR(100) NOT NULL,   `zipcode` VARCHAR(100) NOT NULL,   `created` BIGINT NOT NULL DEFAULT (unix_timestamp(now()) * 1000),   `updated` BIGINT NOT NULL DEFAULT (unix_timestamp(now()) * 1000),   `version` INT NOT NULL DEFAULT 1,   PRIMARY KEY (`address_id`)) ENGINE = InnoDB
2021-11-21T23:53:18,339|[TRACE] graph - <--- statement
2021-11-21T23:53:18,339|[TRACE] graph - ---> blankSpacesToSkip
2021-11-21T23:53:18,390|[TRACE] graph - -----> newLineToSkip
2021-11-21T23:53:18,391|[TRACE] graph - <----- newLineToSkip
2021-11-21T23:53:18,391|[TRACE] graph - -----> newLineToSkip
2021-11-21T23:53:18,391|[TRACE] graph - <----- newLineToSkip
2021-11-21T23:53:18,391|[TRACE] graph - -----> newLineToSkip
2021-11-21T23:53:18,391|[TRACE] graph - <----- newLineToSkip
2021-11-21T23:53:18,391|[TRACE] graph - -----> newLineToSkip
2021-11-21T23:53:18,391|[TRACE] graph - <----- newLineToSkip
2021-11-21T23:53:18,391|[TRACE] graph - -----> newLineToSkip
2021-11-21T23:53:18,391|[TRACE] graph - <----- newLineToSkip
2021-11-21T23:53:18,391|[TRACE] graph - -----> newLineToSkip
2021-11-21T23:53:18,391|[TRACE] graph - <----- newLineToSkip
2021-11-21T23:53:18,391|[TRACE] graph - <--- blankSpacesToSkip
2021-11-21T23:53:18,391|[TRACE] graph - ---> statement
2021-11-21T23:53:18,391|[TRACE] graph - -----> statementFirstPart
2021-11-21T23:53:18,391|[TRACE] graph - -------> nonSkippedChar
2021-11-21T23:53:18,391|[TRACE] script - #out(`C`) [token]
2021-11-21T23:53:18,391|[TRACE] graph - <------- nonSkippedChar
2021-11-21T23:53:18,391|[TRACE] graph - <----- statementFirstPart
2021-11-21T23:53:18,391|[TRACE] graph - -----> statementPart
2021-11-21T23:53:18,391|[TRACE] graph - -------> nonSkippedChar
2021-11-21T23:53:18,391|[TRACE] script - #out(`R`) [token]
2021-11-21T23:53:18,391|[TRACE] graph - <------- nonSkippedChar
2021-11-21T23:53:18,391|[TRACE] graph - <----- statementPart
2021-11-21T23:53:18,391|[TRACE] graph - -----> statementPart
2021-11-21T23:53:18,391|[TRACE] graph - -------> nonSkippedChar
2021-11-21T23:53:18,391|[TRACE] script - #out(`E`) [token]
2021-11-21T23:53:18,391|[TRACE] graph - <------- nonSkippedChar
2021-11-21T23:53:18,391|[TRACE] graph - <----- statementPart
2021-11-21T23:53:18,391|[TRACE] graph - -----> statementPart
2021-11-21T23:53:18,391|[TRACE] graph - -------> nonSkippedChar
2021-11-21T23:53:18,391|[TRACE] script - #out(`A`) [token]
2021-11-21T23:53:18,391|[TRACE] graph - <------- nonSkippedChar
2021-11-21T23:53:18,391|[TRACE] graph - <----- statementPart
2021-11-21T23:53:18,391|[TRACE] graph - -----> statementPart
2021-11-21T23:53:18,391|[TRACE] graph - -------> nonSkippedChar
2021-11-21T23:53:18,391|[TRACE] script - #out(`T`) [token]
2021-11-21T23:53:18,391|[TRACE] graph - <------- nonSkippedChar
2021-11-21T23:53:18,391|[TRACE] graph - <----- statementPart
2021-11-21T23:53:18,391|[TRACE] graph - -----> statementPart
2021-11-21T23:53:18,391|[TRACE] graph - -------> nonSkippedChar
2021-11-21T23:53:18,391|[TRACE] script - #out(`E`) [token]
2021-11-21T23:53:18,391|[TRACE] graph - <------- nonSkippedChar
2021-11-21T23:53:18,391|[TRACE] graph - <----- statementPart
2021-11-21T23:53:18,391|[TRACE] graph - -----> statementPart
2021-11-21T23:53:18,391|[TRACE] graph - -------> nonSkippedSpace
2021-11-21T23:53:18,391|[TRACE] script - #out(` `) [token]
2021-11-21T23:53:18,391|[TRACE] graph - <------- nonSkippedSpace
2021-11-21T23:53:18,391|[TRACE] graph - <----- statementPart
2021-11-21T23:53:18,391|[TRACE] graph - -----> statementPart
2021-11-21T23:53:18,391|[TRACE] graph - -------> nonSkippedChar
2021-11-21T23:53:18,391|[TRACE] script - #out(`T`) [token]
2021-11-21T23:53:18,391|[TRACE] graph - <------- nonSkippedChar
2021-11-21T23:53:18,391|[TRACE] graph - <----- statementPart
2021-11-21T23:53:18,391|[TRACE] graph - -----> statementPart
2021-11-21T23:53:18,391|[TRACE] graph - -------> nonSkippedChar
2021-11-21T23:53:18,391|[TRACE] script - #out(`A`) [token]
2021-11-21T23:53:18,391|[TRACE] graph - <------- nonSkippedChar
2021-11-21T23:53:18,391|[TRACE] graph - <----- statementPart
2021-11-21T23:53:18,391|[TRACE] graph - -----> statementPart
2021-11-21T23:53:18,391|[TRACE] graph - -------> nonSkippedChar
2021-11-21T23:53:18,391|[TRACE] script - #out(`B`) [token]
2021-11-21T23:53:18,391|[TRACE] graph - <------- nonSkippedChar
2021-11-21T23:53:18,391|[TRACE] graph - <----- statementPart
2021-11-21T23:53:18,391|[TRACE] graph - -----> statementPart
2021-11-21T23:53:18,391|[TRACE] graph - -------> nonSkippedChar
2021-11-21T23:53:18,391|[TRACE] script - #out(`L`) [token]
2021-11-21T23:53:18,391|[TRACE] graph - <------- nonSkippedChar
2021-11-21T23:53:18,391|[TRACE] graph - <----- statementPart
2021-11-21T23:53:18,391|[TRACE] graph - -----> statementPart
2021-11-21T23:53:18,391|[TRACE] graph - -------> nonSkippedChar
2021-11-21T23:53:18,391|[TRACE] script - #out(`E`) [token]
2021-11-21T23:53:18,391|[TRACE] graph - <------- nonSkippedChar
2021-11-21T23:53:18,391|[TRACE] graph - <----- statementPart
2021-11-21T23:53:18,391|[TRACE] graph - -----> statementPart
2021-11-21T23:53:18,391|[TRACE] graph - -------> nonSkippedSpace
2021-11-21T23:53:18,391|[TRACE] script - #out(` `) [token]
2021-11-21T23:53:18,391|[TRACE] graph - <------- nonSkippedSpace
2021-11-21T23:53:18,391|[TRACE] graph - <----- statementPart
2021-11-21T23:53:18,391|[TRACE] graph - -----> statementPart
2021-11-21T23:53:18,391|[TRACE] graph - -------> nonSkippedChar
2021-11-21T23:53:18,391|[TRACE] script - #out(`I`) [token]
2021-11-21T23:53:18,391|[TRACE] graph - <------- nonSkippedChar
2021-11-21T23:53:18,391|[TRACE] graph - <----- statementPart
2021-11-21T23:53:18,391|[TRACE] graph - -----> statementPart
2021-11-21T23:53:18,391|[TRACE] graph - -------> nonSkippedChar
2021-11-21T23:53:18,391|[TRACE] script - #out(`F`) [token]
2021-11-21T23:53:18,391|[TRACE] graph - <------- nonSkippedChar
2021-11-21T23:53:18,391|[TRACE] graph - <----- statementPart
2021-11-21T23:53:18,391|[TRACE] graph - -----> statementPart
2021-11-21T23:53:18,391|[TRACE] graph - -------> nonSkippedSpace
2021-11-21T23:53:18,391|[TRACE] script - #out(` `) [token]
2021-11-21T23:53:18,391|[TRACE] graph - <------- nonSkippedSpace
2021-11-21T23:53:18,391|[TRACE] graph - <----- statementPart
2021-11-21T23:53:18,391|[TRACE] graph - -----> statementPart
2021-11-21T23:53:18,391|[TRACE] graph - -------> nonSkippedChar
2021-11-21T23:53:18,391|[TRACE] script - #out(`N`) [token]
2021-11-21T23:53:18,391|[TRACE] graph - <------- nonSkippedChar
2021-11-21T23:53:18,391|[TRACE] graph - <----- statementPart
2021-11-21T23:53:18,391|[TRACE] graph - -----> statementPart
2021-11-21T23:53:18,391|[TRACE] graph - -------> nonSkippedChar
2021-11-21T23:53:18,391|[TRACE] script - #out(`O`) [token]
2021-11-21T23:53:18,391|[TRACE] graph - <------- nonSkippedChar
2021-11-21T23:53:18,391|[TRACE] graph - <----- statementPart
2021-11-21T23:53:18,391|[TRACE] graph - -----> statementPart
2021-11-21T23:53:18,391|[TRACE] graph - -------> nonSkippedChar
2021-11-21T23:53:18,391|[TRACE] script - #out(`T`) [token]
2021-11-21T23:53:18,391|[TRACE] graph - <------- nonSkippedChar
2021-11-21T23:53:18,391|[TRACE] graph - <----- statementPart
2021-11-21T23:53:18,391|[TRACE] graph - -----> statementPart
2021-11-21T23:53:18,391|[TRACE] graph - -------> nonSkippedSpace
2021-11-21T23:53:18,391|[TRACE] script - #out(` `) [token]
2021-11-21T23:53:18,391|[TRACE] graph - <------- nonSkippedSpace
2021-11-21T23:53:18,391|[TRACE] graph - <----- statementPart
2021-11-21T23:53:18,391|[TRACE] graph - -----> statementPart
2021-11-21T23:53:18,391|[TRACE] graph - -------> nonSkippedChar
2021-11-21T23:53:18,391|[TRACE] script - #out(`E`) [token]
2021-11-21T23:53:18,391|[TRACE] graph - <------- nonSkippedChar
2021-11-21T23:53:18,391|[TRACE] graph - <----- statementPart
2021-11-21T23:53:18,391|[TRACE] graph - -----> statementPart
2021-11-21T23:53:18,391|[TRACE] graph - -------> nonSkippedChar
2021-11-21T23:53:18,391|[TRACE] script - #out(`X`) [token]
2021-11-21T23:53:18,391|[TRACE] graph - <------- nonSkippedChar
2021-11-21T23:53:18,391|[TRACE] graph - <----- statementPart
2021-11-21T23:53:18,391|[TRACE] graph - -----> statementPart
2021-11-21T23:53:18,391|[TRACE] graph - -------> nonSkippedChar
2021-11-21T23:53:18,391|[TRACE] script - #out(`I`) [token]
2021-11-21T23:53:18,391|[TRACE] graph - <------- nonSkippedChar
2021-11-21T23:53:18,391|[TRACE] graph - <----- statementPart
2021-11-21T23:53:18,391|[TRACE] graph - -----> statementPart
2021-11-21T23:53:18,392|[TRACE] graph - -------> nonSkippedChar
2021-11-21T23:53:18,392|[TRACE] script - #out(`S`) [token]
2021-11-21T23:53:18,392|[TRACE] graph - <------- nonSkippedChar
2021-11-21T23:53:18,392|[TRACE] graph - <----- statementPart
2021-11-21T23:53:18,392|[TRACE] graph - -----> statementPart
2021-11-21T23:53:18,392|[TRACE] graph - -------> nonSkippedChar
2021-11-21T23:53:18,392|[TRACE] script - #out(`T`) [token]
2021-11-21T23:53:18,392|[TRACE] graph - <------- nonSkippedChar
2021-11-21T23:53:18,392|[TRACE] graph - <----- statementPart
2021-11-21T23:53:18,392|[TRACE] graph - -----> statementPart
2021-11-21T23:53:18,392|[TRACE] graph - -------> nonSkippedChar
2021-11-21T23:53:18,392|[TRACE] script - #out(`S`) [token]
2021-11-21T23:53:18,392|[TRACE] graph - <------- nonSkippedChar
2021-11-21T23:53:18,392|[TRACE] graph - <----- statementPart
2021-11-21T23:53:18,392|[TRACE] graph - -----> statementPart
2021-11-21T23:53:18,392|[TRACE] graph - -------> nonSkippedSpace
2021-11-21T23:53:18,392|[TRACE] script - #out(` `) [token]
2021-11-21T23:53:18,392|[TRACE] graph - <------- nonSkippedSpace
2021-11-21T23:53:18,392|[TRACE] graph - <----- statementPart
2021-11-21T23:53:18,392|[TRACE] graph - -----> statementPart
2021-11-21T23:53:18,392|[TRACE] graph - -------> quotedString
2021-11-21T23:53:18,392|[TRACE] script - #out(``bloodbank``) [token]
2021-11-21T23:53:18,392|[TRACE] graph - <------- quotedString
2021-11-21T23:53:18,392|[TRACE] graph - <----- statementPart
2021-11-21T23:53:18,392|[TRACE] graph - -----> statementPart
2021-11-21T23:53:18,392|[TRACE] graph - -------> nonSkippedChar
2021-11-21T23:53:18,392|[TRACE] script - #out(`.`) [token]
2021-11-21T23:53:18,392|[TRACE] graph - <------- nonSkippedChar
2021-11-21T23:53:18,392|[TRACE] graph - <----- statementPart
2021-11-21T23:53:18,392|[TRACE] graph - -----> statementPart
2021-11-21T23:53:18,392|[TRACE] graph - -------> quotedString
2021-11-21T23:53:18,392|[TRACE] script - #out(``phone``) [token]
2021-11-21T23:53:18,392|[TRACE] graph - <------- quotedString
2021-11-21T23:53:18,392|[TRACE] graph - <----- statementPart
2021-11-21T23:53:18,392|[TRACE] graph - -----> statementPart
2021-11-21T23:53:18,392|[TRACE] graph - -------> nonSkippedSpace
2021-11-21T23:53:18,392|[TRACE] script - #out(` `) [token]
2021-11-21T23:53:18,396|[TRACE] graph - <------- nonSkippedSpace
2021-11-21T23:53:18,396|[TRACE] graph - <----- statementPart
2021-11-21T23:53:18,396|[TRACE] graph - -----> statementPart
2021-11-21T23:53:18,396|[TRACE] graph - -------> nonSkippedChar
2021-11-21T23:53:18,396|[TRACE] script - #out(`(`) [token]
2021-11-21T23:53:18,396|[TRACE] graph - <------- nonSkippedChar
2021-11-21T23:53:18,396|[TRACE] graph - <----- statementPart
2021-11-21T23:53:18,396|[TRACE] graph - -----> afterStatementPartNewline
2021-11-21T23:53:18,396|[TRACE] script - #out(` `) [text]
2021-11-21T23:53:18,396|[TRACE] graph - <----- afterStatementPartNewline
2021-11-21T23:53:18,396|[TRACE] graph - -----> statementPart
2021-11-21T23:53:18,396|[TRACE] graph - -------> nonSkippedSpace
2021-11-21T23:53:18,396|[TRACE] script - #out(` `) [token]
2021-11-21T23:53:18,396|[TRACE] graph - <------- nonSkippedSpace
2021-11-21T23:53:18,396|[TRACE] graph - <----- statementPart
2021-11-21T23:53:18,396|[TRACE] graph - -----> statementPart
2021-11-21T23:53:18,396|[TRACE] graph - -------> nonSkippedSpace
2021-11-21T23:53:18,396|[TRACE] script - #out(` `) [token]
2021-11-21T23:53:18,396|[TRACE] graph - <------- nonSkippedSpace
2021-11-21T23:53:18,396|[TRACE] graph - <----- statementPart
2021-11-21T23:53:18,396|[TRACE] graph - -----> statementPart
2021-11-21T23:53:18,396|[TRACE] graph - -------> quotedString
2021-11-21T23:53:18,396|[TRACE] script - #out(``phone_id``) [token]
2021-11-21T23:53:18,396|[TRACE] graph - <------- quotedString
2021-11-21T23:53:18,396|[TRACE] graph - <----- statementPart
2021-11-21T23:53:18,396|[TRACE] graph - -----> statementPart
2021-11-21T23:53:18,396|[TRACE] graph - -------> nonSkippedSpace
2021-11-21T23:53:18,396|[TRACE] script - #out(` `) [token]
2021-11-21T23:53:18,396|[TRACE] graph - <------- nonSkippedSpace
2021-11-21T23:53:18,396|[TRACE] graph - <----- statementPart
2021-11-21T23:53:18,396|[TRACE] graph - -----> statementPart
2021-11-21T23:53:18,396|[TRACE] graph - -------> nonSkippedChar
2021-11-21T23:53:18,396|[TRACE] script - #out(`I`) [token]
2021-11-21T23:53:18,396|[TRACE] graph - <------- nonSkippedChar
2021-11-21T23:53:18,396|[TRACE] graph - <----- statementPart
2021-11-21T23:53:18,396|[TRACE] graph - -----> statementPart
2021-11-21T23:53:18,396|[TRACE] graph - -------> nonSkippedChar
2021-11-21T23:53:18,396|[TRACE] script - #out(`N`) [token]
2021-11-21T23:53:18,396|[TRACE] graph - <------- nonSkippedChar
2021-11-21T23:53:18,396|[TRACE] graph - <----- statementPart
2021-11-21T23:53:18,396|[TRACE] graph - -----> statementPart
2021-11-21T23:53:18,396|[TRACE] graph - -------> nonSkippedChar
2021-11-21T23:53:18,396|[TRACE] script - #out(`T`) [token]
2021-11-21T23:53:18,396|[TRACE] graph - <------- nonSkippedChar
2021-11-21T23:53:18,396|[TRACE] graph - <----- statementPart
2021-11-21T23:53:18,396|[TRACE] graph - -----> statementPart
2021-11-21T23:53:18,396|[TRACE] graph - -------> nonSkippedSpace
2021-11-21T23:53:18,396|[TRACE] script - #out(` `) [token]
2021-11-21T23:53:18,396|[TRACE] graph - <------- nonSkippedSpace
2021-11-21T23:53:18,396|[TRACE] graph - <----- statementPart
2021-11-21T23:53:18,396|[TRACE] graph - -----> statementPart
2021-11-21T23:53:18,396|[TRACE] graph - -------> nonSkippedChar
2021-11-21T23:53:18,396|[TRACE] script - #out(`N`) [token]
2021-11-21T23:53:18,396|[TRACE] graph - <------- nonSkippedChar
2021-11-21T23:53:18,396|[TRACE] graph - <----- statementPart
2021-11-21T23:53:18,396|[TRACE] graph - -----> statementPart
2021-11-21T23:53:18,396|[TRACE] graph - -------> nonSkippedChar
2021-11-21T23:53:18,396|[TRACE] script - #out(`O`) [token]
2021-11-21T23:53:18,396|[TRACE] graph - <------- nonSkippedChar
2021-11-21T23:53:18,396|[TRACE] graph - <----- statementPart
2021-11-21T23:53:18,396|[TRACE] graph - -----> statementPart
2021-11-21T23:53:18,396|[TRACE] graph - -------> nonSkippedChar
2021-11-21T23:53:18,396|[TRACE] script - #out(`T`) [token]
2021-11-21T23:53:18,396|[TRACE] graph - <------- nonSkippedChar
2021-11-21T23:53:18,396|[TRACE] graph - <----- statementPart
2021-11-21T23:53:18,396|[TRACE] graph - -----> statementPart
2021-11-21T23:53:18,396|[TRACE] graph - -------> nonSkippedSpace
2021-11-21T23:53:18,396|[TRACE] script - #out(` `) [token]
2021-11-21T23:53:18,396|[TRACE] graph - <------- nonSkippedSpace
2021-11-21T23:53:18,396|[TRACE] graph - <----- statementPart
2021-11-21T23:53:18,396|[TRACE] graph - -----> statementPart
2021-11-21T23:53:18,396|[TRACE] graph - -------> nonSkippedChar
2021-11-21T23:53:18,396|[TRACE] script - #out(`N`) [token]
2021-11-21T23:53:18,396|[TRACE] graph - <------- nonSkippedChar
2021-11-21T23:53:18,396|[TRACE] graph - <----- statementPart
2021-11-21T23:53:18,396|[TRACE] graph - -----> statementPart
2021-11-21T23:53:18,396|[TRACE] graph - -------> nonSkippedChar
2021-11-21T23:53:18,396|[TRACE] script - #out(`U`) [token]
2021-11-21T23:53:18,396|[TRACE] graph - <------- nonSkippedChar
2021-11-21T23:53:18,396|[TRACE] graph - <----- statementPart
2021-11-21T23:53:18,396|[TRACE] graph - -----> statementPart
2021-11-21T23:53:18,396|[TRACE] graph - -------> nonSkippedChar
2021-11-21T23:53:18,396|[TRACE] script - #out(`L`) [token]
2021-11-21T23:53:18,396|[TRACE] graph - <------- nonSkippedChar
2021-11-21T23:53:18,396|[TRACE] graph - <----- statementPart
2021-11-21T23:53:18,396|[TRACE] graph - -----> statementPart
2021-11-21T23:53:18,396|[TRACE] graph - -------> nonSkippedChar
2021-11-21T23:53:18,396|[TRACE] script - #out(`L`) [token]
2021-11-21T23:53:18,396|[TRACE] graph - <------- nonSkippedChar
2021-11-21T23:53:18,396|[TRACE] graph - <----- statementPart
2021-11-21T23:53:18,396|[TRACE] graph - -----> statementPart
2021-11-21T23:53:18,396|[TRACE] graph - -------> nonSkippedSpace
2021-11-21T23:53:18,396|[TRACE] script - #out(` `) [token]
2021-11-21T23:53:18,396|[TRACE] graph - <------- nonSkippedSpace
2021-11-21T23:53:18,396|[TRACE] graph - <----- statementPart
2021-11-21T23:53:18,396|[TRACE] graph - -----> statementPart
2021-11-21T23:53:18,396|[TRACE] graph - -------> nonSkippedChar
2021-11-21T23:53:18,396|[TRACE] script - #out(`A`) [token]
2021-11-21T23:53:18,396|[TRACE] graph - <------- nonSkippedChar
2021-11-21T23:53:18,396|[TRACE] graph - <----- statementPart
2021-11-21T23:53:18,396|[TRACE] graph - -----> statementPart
2021-11-21T23:53:18,396|[TRACE] graph - -------> nonSkippedChar
2021-11-21T23:53:18,396|[TRACE] script - #out(`U`) [token]
2021-11-21T23:53:18,396|[TRACE] graph - <------- nonSkippedChar
2021-11-21T23:53:18,396|[TRACE] graph - <----- statementPart
2021-11-21T23:53:18,396|[TRACE] graph - -----> statementPart
2021-11-21T23:53:18,396|[TRACE] graph - -------> nonSkippedChar
2021-11-21T23:53:18,396|[TRACE] script - #out(`T`) [token]
2021-11-21T23:53:18,396|[TRACE] graph - <------- nonSkippedChar
2021-11-21T23:53:18,396|[TRACE] graph - <----- statementPart
2021-11-21T23:53:18,396|[TRACE] graph - -----> statementPart
2021-11-21T23:53:18,396|[TRACE] graph - -------> nonSkippedChar
2021-11-21T23:53:18,396|[TRACE] script - #out(`O`) [token]
2021-11-21T23:53:18,396|[TRACE] graph - <------- nonSkippedChar
2021-11-21T23:53:18,396|[TRACE] graph - <----- statementPart
2021-11-21T23:53:18,396|[TRACE] graph - -----> statementPart
2021-11-21T23:53:18,396|[TRACE] graph - -------> nonSkippedChar
2021-11-21T23:53:18,396|[TRACE] script - #out(`_`) [token]
2021-11-21T23:53:18,396|[TRACE] graph - <------- nonSkippedChar
2021-11-21T23:53:18,396|[TRACE] graph - <----- statementPart
2021-11-21T23:53:18,396|[TRACE] graph - -----> statementPart
2021-11-21T23:53:18,396|[TRACE] graph - -------> nonSkippedChar
2021-11-21T23:53:18,396|[TRACE] script - #out(`I`) [token]
2021-11-21T23:53:18,397|[TRACE] graph - <------- nonSkippedChar
2021-11-21T23:53:18,397|[TRACE] graph - <----- statementPart
2021-11-21T23:53:18,397|[TRACE] graph - -----> statementPart
2021-11-21T23:53:18,397|[TRACE] graph - -------> nonSkippedChar
2021-11-21T23:53:18,397|[TRACE] script - #out(`N`) [token]
2021-11-21T23:53:18,397|[TRACE] graph - <------- nonSkippedChar
2021-11-21T23:53:18,397|[TRACE] graph - <----- statementPart
2021-11-21T23:53:18,397|[TRACE] graph - -----> statementPart
2021-11-21T23:53:18,397|[TRACE] graph - -------> nonSkippedChar
2021-11-21T23:53:18,397|[TRACE] script - #out(`C`) [token]
2021-11-21T23:53:18,397|[TRACE] graph - <------- nonSkippedChar
2021-11-21T23:53:18,397|[TRACE] graph - <----- statementPart
2021-11-21T23:53:18,397|[TRACE] graph - -----> statementPart
2021-11-21T23:53:18,397|[TRACE] graph - -------> nonSkippedChar
2021-11-21T23:53:18,397|[TRACE] script - #out(`R`) [token]
2021-11-21T23:53:18,397|[TRACE] graph - <------- nonSkippedChar
2021-11-21T23:53:18,397|[TRACE] graph - <----- statementPart
2021-11-21T23:53:18,397|[TRACE] graph - -----> statementPart
2021-11-21T23:53:18,397|[TRACE] graph - -------> nonSkippedChar
2021-11-21T23:53:18,397|[TRACE] script - #out(`E`) [token]
2021-11-21T23:53:18,397|[TRACE] graph - <------- nonSkippedChar
2021-11-21T23:53:18,397|[TRACE] graph - <----- statementPart
2021-11-21T23:53:18,397|[TRACE] graph - -----> statementPart
2021-11-21T23:53:18,397|[TRACE] graph - -------> nonSkippedChar
2021-11-21T23:53:18,397|[TRACE] script - #out(`M`) [token]
2021-11-21T23:53:18,397|[TRACE] graph - <------- nonSkippedChar
2021-11-21T23:53:18,397|[TRACE] graph - <----- statementPart
2021-11-21T23:53:18,397|[TRACE] graph - -----> statementPart
2021-11-21T23:53:18,397|[TRACE] graph - -------> nonSkippedChar
2021-11-21T23:53:18,397|[TRACE] script - #out(`E`) [token]
2021-11-21T23:53:18,397|[TRACE] graph - <------- nonSkippedChar
2021-11-21T23:53:18,397|[TRACE] graph - <----- statementPart
2021-11-21T23:53:18,397|[TRACE] graph - -----> statementPart
2021-11-21T23:53:18,397|[TRACE] graph - -------> nonSkippedChar
2021-11-21T23:53:18,397|[TRACE] script - #out(`N`) [token]
2021-11-21T23:53:18,397|[TRACE] graph - <------- nonSkippedChar
2021-11-21T23:53:18,397|[TRACE] graph - <----- statementPart
2021-11-21T23:53:18,397|[TRACE] graph - -----> statementPart
2021-11-21T23:53:18,397|[TRACE] graph - -------> nonSkippedChar
2021-11-21T23:53:18,397|[TRACE] script - #out(`T`) [token]
2021-11-21T23:53:18,397|[TRACE] graph - <------- nonSkippedChar
2021-11-21T23:53:18,397|[TRACE] graph - <----- statementPart
2021-11-21T23:53:18,397|[TRACE] graph - -----> statementPart
2021-11-21T23:53:18,397|[TRACE] graph - -------> nonSkippedChar
2021-11-21T23:53:18,397|[TRACE] script - #out(`,`) [token]
2021-11-21T23:53:18,397|[TRACE] graph - <------- nonSkippedChar
2021-11-21T23:53:18,397|[TRACE] graph - <----- statementPart
2021-11-21T23:53:18,397|[TRACE] graph - -----> afterStatementPartNewline
2021-11-21T23:53:18,397|[TRACE] script - #out(` `) [text]
2021-11-21T23:53:18,397|[TRACE] graph - <----- afterStatementPartNewline
2021-11-21T23:53:18,397|[TRACE] graph - -----> statementPart
2021-11-21T23:53:18,397|[TRACE] graph - -------> nonSkippedSpace
2021-11-21T23:53:18,397|[TRACE] script - #out(` `) [token]
2021-11-21T23:53:18,397|[TRACE] graph - <------- nonSkippedSpace
2021-11-21T23:53:18,397|[TRACE] graph - <----- statementPart
2021-11-21T23:53:18,397|[TRACE] graph - -----> statementPart
2021-11-21T23:53:18,397|[TRACE] graph - -------> nonSkippedSpace
2021-11-21T23:53:18,397|[TRACE] script - #out(` `) [token]
2021-11-21T23:53:18,397|[TRACE] graph - <------- nonSkippedSpace
2021-11-21T23:53:18,397|[TRACE] graph - <----- statementPart
2021-11-21T23:53:18,397|[TRACE] graph - -----> statementPart
2021-11-21T23:53:18,397|[TRACE] graph - -------> quotedString
2021-11-21T23:53:18,397|[TRACE] script - #out(``country_code``) [token]
2021-11-21T23:53:18,397|[TRACE] graph - <------- quotedString
2021-11-21T23:53:18,397|[TRACE] graph - <----- statementPart
2021-11-21T23:53:18,397|[TRACE] graph - -----> statementPart
2021-11-21T23:53:18,397|[TRACE] graph - -------> nonSkippedSpace
2021-11-21T23:53:18,397|[TRACE] script - #out(` `) [token]
2021-11-21T23:53:18,397|[TRACE] graph - <------- nonSkippedSpace
2021-11-21T23:53:18,397|[TRACE] graph - <----- statementPart
2021-11-21T23:53:18,397|[TRACE] graph - -----> statementPart
2021-11-21T23:53:18,397|[TRACE] graph - -------> nonSkippedChar
2021-11-21T23:53:18,397|[TRACE] script - #out(`V`) [token]
2021-11-21T23:53:18,397|[TRACE] graph - <------- nonSkippedChar
2021-11-21T23:53:18,397|[TRACE] graph - <----- statementPart
2021-11-21T23:53:18,397|[TRACE] graph - -----> statementPart
2021-11-21T23:53:18,397|[TRACE] graph - -------> nonSkippedChar
2021-11-21T23:53:18,397|[TRACE] script - #out(`A`) [token]
2021-11-21T23:53:18,397|[TRACE] graph - <------- nonSkippedChar
2021-11-21T23:53:18,397|[TRACE] graph - <----- statementPart
2021-11-21T23:53:18,397|[TRACE] graph - -----> statementPart
2021-11-21T23:53:18,397|[TRACE] graph - -------> nonSkippedChar
2021-11-21T23:53:18,397|[TRACE] script - #out(`R`) [token]
2021-11-21T23:53:18,397|[TRACE] graph - <------- nonSkippedChar
2021-11-21T23:53:18,397|[TRACE] graph - <----- statementPart
2021-11-21T23:53:18,397|[TRACE] graph - -----> statementPart
2021-11-21T23:53:18,397|[TRACE] graph - -------> nonSkippedChar
2021-11-21T23:53:18,397|[TRACE] script - #out(`C`) [token]
2021-11-21T23:53:18,397|[TRACE] graph - <------- nonSkippedChar
2021-11-21T23:53:18,397|[TRACE] graph - <----- statementPart
2021-11-21T23:53:18,397|[TRACE] graph - -----> statementPart
2021-11-21T23:53:18,397|[TRACE] graph - -------> nonSkippedChar
2021-11-21T23:53:18,397|[TRACE] script - #out(`H`) [token]
2021-11-21T23:53:18,397|[TRACE] graph - <------- nonSkippedChar
2021-11-21T23:53:18,397|[TRACE] graph - <----- statementPart
2021-11-21T23:53:18,397|[TRACE] graph - -----> statementPart
2021-11-21T23:53:18,397|[TRACE] graph - -------> nonSkippedChar
2021-11-21T23:53:18,397|[TRACE] script - #out(`A`) [token]
2021-11-21T23:53:18,397|[TRACE] graph - <------- nonSkippedChar
2021-11-21T23:53:18,397|[TRACE] graph - <----- statementPart
2021-11-21T23:53:18,397|[TRACE] graph - -----> statementPart
2021-11-21T23:53:18,397|[TRACE] graph - -------> nonSkippedChar
2021-11-21T23:53:18,397|[TRACE] script - #out(`R`) [token]
2021-11-21T23:53:18,397|[TRACE] graph - <------- nonSkippedChar
2021-11-21T23:53:18,397|[TRACE] graph - <----- statementPart
2021-11-21T23:53:18,397|[TRACE] graph - -----> statementPart
2021-11-21T23:53:18,397|[TRACE] graph - -------> nonSkippedChar
2021-11-21T23:53:18,397|[TRACE] script - #out(`(`) [token]
2021-11-21T23:53:18,397|[TRACE] graph - <------- nonSkippedChar
2021-11-21T23:53:18,397|[TRACE] graph - <----- statementPart
2021-11-21T23:53:18,397|[TRACE] graph - -----> statementPart
2021-11-21T23:53:18,397|[TRACE] graph - -------> nonSkippedChar
2021-11-21T23:53:18,397|[TRACE] script - #out(`1`) [token]
2021-11-21T23:53:18,397|[TRACE] graph - <------- nonSkippedChar
2021-11-21T23:53:18,397|[TRACE] graph - <----- statementPart
2021-11-21T23:53:18,397|[TRACE] graph - -----> statementPart
2021-11-21T23:53:18,397|[TRACE] graph - -------> nonSkippedChar
2021-11-21T23:53:18,397|[TRACE] script - #out(`0`) [token]
2021-11-21T23:53:18,397|[TRACE] graph - <------- nonSkippedChar
2021-11-21T23:53:18,397|[TRACE] graph - <----- statementPart
2021-11-21T23:53:18,397|[TRACE] graph - -----> statementPart
2021-11-21T23:53:18,397|[TRACE] graph - -------> nonSkippedChar
2021-11-21T23:53:18,397|[TRACE] script - #out(`)`) [token]
2021-11-21T23:53:18,397|[TRACE] graph - <------- nonSkippedChar
2021-11-21T23:53:18,397|[TRACE] graph - <----- statementPart
2021-11-21T23:53:18,397|[TRACE] graph - -----> statementPart
2021-11-21T23:53:18,397|[TRACE] graph - -------> nonSkippedSpace
2021-11-21T23:53:18,397|[TRACE] script - #out(` `) [token]
2021-11-21T23:53:18,397|[TRACE] graph - <------- nonSkippedSpace
2021-11-21T23:53:18,397|[TRACE] graph - <----- statementPart
2021-11-21T23:53:18,397|[TRACE] graph - -----> statementPart
2021-11-21T23:53:18,397|[TRACE] graph - -------> nonSkippedChar
2021-11-21T23:53:18,397|[TRACE] script - #out(`N`) [token]
2021-11-21T23:53:18,397|[TRACE] graph - <------- nonSkippedChar
2021-11-21T23:53:18,397|[TRACE] graph - <----- statementPart
2021-11-21T23:53:18,397|[TRACE] graph - -----> statementPart
2021-11-21T23:53:18,397|[TRACE] graph - -------> nonSkippedChar
2021-11-21T23:53:18,397|[TRACE] script - #out(`O`) [token]
2021-11-21T23:53:18,397|[TRACE] graph - <------- nonSkippedChar
2021-11-21T23:53:18,397|[TRACE] graph - <----- statementPart
2021-11-21T23:53:18,397|[TRACE] graph - -----> statementPart
2021-11-21T23:53:18,397|[TRACE] graph - -------> nonSkippedChar
2021-11-21T23:53:18,397|[TRACE] script - #out(`T`) [token]
2021-11-21T23:53:18,397|[TRACE] graph - <------- nonSkippedChar
2021-11-21T23:53:18,397|[TRACE] graph - <----- statementPart
2021-11-21T23:53:18,397|[TRACE] graph - -----> statementPart
2021-11-21T23:53:18,397|[TRACE] graph - -------> nonSkippedSpace
2021-11-21T23:53:18,397|[TRACE] script - #out(` `) [token]
2021-11-21T23:53:18,397|[TRACE] graph - <------- nonSkippedSpace
2021-11-21T23:53:18,397|[TRACE] graph - <----- statementPart
2021-11-21T23:53:18,397|[TRACE] graph - -----> statementPart
2021-11-21T23:53:18,397|[TRACE] graph - -------> nonSkippedChar
2021-11-21T23:53:18,397|[TRACE] script - #out(`N`) [token]
2021-11-21T23:53:18,397|[TRACE] graph - <------- nonSkippedChar
2021-11-21T23:53:18,397|[TRACE] graph - <----- statementPart
2021-11-21T23:53:18,397|[TRACE] graph - -----> statementPart
2021-11-21T23:53:18,397|[TRACE] graph - -------> nonSkippedChar
2021-11-21T23:53:18,397|[TRACE] script - #out(`U`) [token]
2021-11-21T23:53:18,397|[TRACE] graph - <------- nonSkippedChar
2021-11-21T23:53:18,397|[TRACE] graph - <----- statementPart
2021-11-21T23:53:18,397|[TRACE] graph - -----> statementPart
2021-11-21T23:53:18,397|[TRACE] graph - -------> nonSkippedChar
2021-11-21T23:53:18,397|[TRACE] script - #out(`L`) [token]
2021-11-21T23:53:18,397|[TRACE] graph - <------- nonSkippedChar
2021-11-21T23:53:18,397|[TRACE] graph - <----- statementPart
2021-11-21T23:53:18,397|[TRACE] graph - -----> statementPart
2021-11-21T23:53:18,397|[TRACE] graph - -------> nonSkippedChar
2021-11-21T23:53:18,397|[TRACE] script - #out(`L`) [token]
2021-11-21T23:53:18,397|[TRACE] graph - <------- nonSkippedChar
2021-11-21T23:53:18,397|[TRACE] graph - <----- statementPart
2021-11-21T23:53:18,397|[TRACE] graph - -----> statementPart
2021-11-21T23:53:18,397|[TRACE] graph - -------> nonSkippedSpace
2021-11-21T23:53:18,397|[TRACE] script - #out(` `) [token]
2021-11-21T23:53:18,397|[TRACE] graph - <------- nonSkippedSpace
2021-11-21T23:53:18,438|[TRACE] graph - <----- statementPart
2021-11-21T23:53:18,438|[TRACE] graph - -----> statementPart
2021-11-21T23:53:18,438|[TRACE] graph - -------> nonSkippedChar
2021-11-21T23:53:18,438|[TRACE] script - #out(`D`) [token]
2021-11-21T23:53:18,438|[TRACE] graph - <------- nonSkippedChar
2021-11-21T23:53:18,438|[TRACE] graph - <----- statementPart
2021-11-21T23:53:18,438|[TRACE] graph - -----> statementPart
2021-11-21T23:53:18,438|[TRACE] graph - -------> nonSkippedChar
2021-11-21T23:53:18,438|[TRACE] script - #out(`E`) [token]
2021-11-21T23:53:18,438|[TRACE] graph - <------- nonSkippedChar
2021-11-21T23:53:18,438|[TRACE] graph - <----- statementPart
2021-11-21T23:53:18,438|[TRACE] graph - -----> statementPart
2021-11-21T23:53:18,438|[TRACE] graph - -------> nonSkippedChar
2021-11-21T23:53:18,438|[TRACE] script - #out(`F`) [token]
2021-11-21T23:53:18,438|[TRACE] graph - <------- nonSkippedChar
2021-11-21T23:53:18,438|[TRACE] graph - <----- statementPart
2021-11-21T23:53:18,438|[TRACE] graph - -----> statementPart
2021-11-21T23:53:18,438|[TRACE] graph - -------> nonSkippedChar
2021-11-21T23:53:18,438|[TRACE] script - #out(`A`) [token]
2021-11-21T23:53:18,439|[TRACE] graph - <------- nonSkippedChar
2021-11-21T23:53:18,439|[TRACE] graph - <----- statementPart
2021-11-21T23:53:18,439|[TRACE] graph - -----> statementPart
2021-11-21T23:53:18,439|[TRACE] graph - -------> nonSkippedChar
2021-11-21T23:53:18,439|[TRACE] script - #out(`U`) [token]
2021-11-21T23:53:18,439|[TRACE] graph - <------- nonSkippedChar
2021-11-21T23:53:18,439|[TRACE] graph - <----- statementPart
2021-11-21T23:53:18,439|[TRACE] graph - -----> statementPart
2021-11-21T23:53:18,439|[TRACE] graph - -------> nonSkippedChar
2021-11-21T23:53:18,439|[TRACE] script - #out(`L`) [token]
2021-11-21T23:53:18,439|[TRACE] graph - <------- nonSkippedChar
2021-11-21T23:53:18,439|[TRACE] graph - <----- statementPart
2021-11-21T23:53:18,439|[TRACE] graph - -----> statementPart
2021-11-21T23:53:18,439|[TRACE] graph - -------> nonSkippedChar
2021-11-21T23:53:18,439|[TRACE] script - #out(`T`) [token]
2021-11-21T23:53:18,439|[TRACE] graph - <------- nonSkippedChar
2021-11-21T23:53:18,439|[TRACE] graph - <----- statementPart
2021-11-21T23:53:18,439|[TRACE] graph - -----> statementPart
2021-11-21T23:53:18,439|[TRACE] graph - -------> nonSkippedSpace
2021-11-21T23:53:18,439|[TRACE] script - #out(` `) [token]
2021-11-21T23:53:18,439|[TRACE] graph - <------- nonSkippedSpace
2021-11-21T23:53:18,439|[TRACE] graph - <----- statementPart
2021-11-21T23:53:18,439|[TRACE] graph - -----> statementPart
2021-11-21T23:53:18,439|[TRACE] graph - -------> quotedString
2021-11-21T23:53:18,439|[TRACE] script - #out(`'1'`) [token]
2021-11-21T23:53:18,439|[TRACE] graph - <------- quotedString
2021-11-21T23:53:18,439|[TRACE] graph - <----- statementPart
2021-11-21T23:53:18,439|[TRACE] graph - -----> statementPart
2021-11-21T23:53:18,439|[TRACE] graph - -------> nonSkippedChar
2021-11-21T23:53:18,439|[TRACE] script - #out(`,`) [token]
2021-11-21T23:53:18,439|[TRACE] graph - <------- nonSkippedChar
2021-11-21T23:53:18,439|[TRACE] graph - <----- statementPart
2021-11-21T23:53:18,439|[TRACE] graph - -----> afterStatementPartNewline
2021-11-21T23:53:18,439|[TRACE] script - #out(` `) [text]
2021-11-21T23:53:18,439|[TRACE] graph - <----- afterStatementPartNewline
2021-11-21T23:53:18,439|[TRACE] graph - -----> statementPart
2021-11-21T23:53:18,439|[TRACE] graph - -------> nonSkippedSpace
2021-11-21T23:53:18,439|[TRACE] script - #out(` `) [token]
2021-11-21T23:53:18,439|[TRACE] graph - <------- nonSkippedSpace
2021-11-21T23:53:18,439|[TRACE] graph - <----- statementPart
2021-11-21T23:53:18,439|[TRACE] graph - -----> statementPart
2021-11-21T23:53:18,439|[TRACE] graph - -------> nonSkippedSpace
2021-11-21T23:53:18,439|[TRACE] script - #out(` `) [token]
2021-11-21T23:53:18,439|[TRACE] graph - <------- nonSkippedSpace
2021-11-21T23:53:18,439|[TRACE] graph - <----- statementPart
2021-11-21T23:53:18,439|[TRACE] graph - -----> statementPart
2021-11-21T23:53:18,439|[TRACE] graph - -------> quotedString
2021-11-21T23:53:18,439|[TRACE] script - #out(``area_code``) [token]
2021-11-21T23:53:18,439|[TRACE] graph - <------- quotedString
2021-11-21T23:53:18,439|[TRACE] graph - <----- statementPart
2021-11-21T23:53:18,439|[TRACE] graph - -----> statementPart
2021-11-21T23:53:18,439|[TRACE] graph - -------> nonSkippedSpace
2021-11-21T23:53:18,439|[TRACE] script - #out(` `) [token]
2021-11-21T23:53:18,439|[TRACE] graph - <------- nonSkippedSpace
2021-11-21T23:53:18,439|[TRACE] graph - <----- statementPart
2021-11-21T23:53:18,439|[TRACE] graph - -----> statementPart
2021-11-21T23:53:18,439|[TRACE] graph - -------> nonSkippedChar
2021-11-21T23:53:18,439|[TRACE] script - #out(`V`) [token]
2021-11-21T23:53:18,439|[TRACE] graph - <------- nonSkippedChar
2021-11-21T23:53:18,439|[TRACE] graph - <----- statementPart
2021-11-21T23:53:18,439|[TRACE] graph - -----> statementPart
2021-11-21T23:53:18,439|[TRACE] graph - -------> nonSkippedChar
2021-11-21T23:53:18,439|[TRACE] script - #out(`A`) [token]
2021-11-21T23:53:18,439|[TRACE] graph - <------- nonSkippedChar
2021-11-21T23:53:18,439|[TRACE] graph - <----- statementPart
2021-11-21T23:53:18,439|[TRACE] graph - -----> statementPart
2021-11-21T23:53:18,439|[TRACE] graph - -------> nonSkippedChar
2021-11-21T23:53:18,439|[TRACE] script - #out(`R`) [token]
2021-11-21T23:53:18,439|[TRACE] graph - <------- nonSkippedChar
2021-11-21T23:53:18,439|[TRACE] graph - <----- statementPart
2021-11-21T23:53:18,439|[TRACE] graph - -----> statementPart
2021-11-21T23:53:18,439|[TRACE] graph - -------> nonSkippedChar
2021-11-21T23:53:18,439|[TRACE] script - #out(`C`) [token]
2021-11-21T23:53:18,439|[TRACE] graph - <------- nonSkippedChar
2021-11-21T23:53:18,439|[TRACE] graph - <----- statementPart
2021-11-21T23:53:18,439|[TRACE] graph - -----> statementPart
2021-11-21T23:53:18,439|[TRACE] graph - -------> nonSkippedChar
2021-11-21T23:53:18,439|[TRACE] script - #out(`H`) [token]
2021-11-21T23:53:18,439|[TRACE] graph - <------- nonSkippedChar
2021-11-21T23:53:18,439|[TRACE] graph - <----- statementPart
2021-11-21T23:53:18,439|[TRACE] graph - -----> statementPart
2021-11-21T23:53:18,439|[TRACE] graph - -------> nonSkippedChar
2021-11-21T23:53:18,439|[TRACE] script - #out(`A`) [token]
2021-11-21T23:53:18,439|[TRACE] graph - <------- nonSkippedChar
2021-11-21T23:53:18,439|[TRACE] graph - <----- statementPart
2021-11-21T23:53:18,439|[TRACE] graph - -----> statementPart
2021-11-21T23:53:18,439|[TRACE] graph - -------> nonSkippedChar
2021-11-21T23:53:18,439|[TRACE] script - #out(`R`) [token]
2021-11-21T23:53:18,439|[TRACE] graph - <------- nonSkippedChar
2021-11-21T23:53:18,439|[TRACE] graph - <----- statementPart
2021-11-21T23:53:18,439|[TRACE] graph - -----> statementPart
2021-11-21T23:53:18,439|[TRACE] graph - -------> nonSkippedChar
2021-11-21T23:53:18,439|[TRACE] script - #out(`(`) [token]
2021-11-21T23:53:18,439|[TRACE] graph - <------- nonSkippedChar
2021-11-21T23:53:18,439|[TRACE] graph - <----- statementPart
2021-11-21T23:53:18,439|[TRACE] graph - -----> statementPart
2021-11-21T23:53:18,439|[TRACE] graph - -------> nonSkippedChar
2021-11-21T23:53:18,439|[TRACE] script - #out(`1`) [token]
2021-11-21T23:53:18,439|[TRACE] graph - <------- nonSkippedChar
2021-11-21T23:53:18,439|[TRACE] graph - <----- statementPart
2021-11-21T23:53:18,439|[TRACE] graph - -----> statementPart
2021-11-21T23:53:18,439|[TRACE] graph - -------> nonSkippedChar
2021-11-21T23:53:18,439|[TRACE] script - #out(`0`) [token]
2021-11-21T23:53:18,439|[TRACE] graph - <------- nonSkippedChar
2021-11-21T23:53:18,439|[TRACE] graph - <----- statementPart
2021-11-21T23:53:18,439|[TRACE] graph - -----> statementPart
2021-11-21T23:53:18,439|[TRACE] graph - -------> nonSkippedChar
2021-11-21T23:53:18,439|[TRACE] script - #out(`)`) [token]
2021-11-21T23:53:18,439|[TRACE] graph - <------- nonSkippedChar
2021-11-21T23:53:18,439|[TRACE] graph - <----- statementPart
2021-11-21T23:53:18,439|[TRACE] graph - -----> statementPart
2021-11-21T23:53:18,439|[TRACE] graph - -------> nonSkippedSpace
2021-11-21T23:53:18,439|[TRACE] script - #out(` `) [token]
2021-11-21T23:53:18,439|[TRACE] graph - <------- nonSkippedSpace
2021-11-21T23:53:18,439|[TRACE] graph - <----- statementPart
2021-11-21T23:53:18,439|[TRACE] graph - -----> statementPart
2021-11-21T23:53:18,439|[TRACE] graph - -------> nonSkippedChar
2021-11-21T23:53:18,439|[TRACE] script - #out(`N`) [token]
2021-11-21T23:53:18,439|[TRACE] graph - <------- nonSkippedChar
2021-11-21T23:53:18,439|[TRACE] graph - <----- statementPart
2021-11-21T23:53:18,439|[TRACE] graph - -----> statementPart
2021-11-21T23:53:18,439|[TRACE] graph - -------> nonSkippedChar
2021-11-21T23:53:18,439|[TRACE] script - #out(`O`) [token]
2021-11-21T23:53:18,439|[TRACE] graph - <------- nonSkippedChar
2021-11-21T23:53:18,439|[TRACE] graph - <----- statementPart
2021-11-21T23:53:18,439|[TRACE] graph - -----> statementPart
2021-11-21T23:53:18,439|[TRACE] graph - -------> nonSkippedChar
2021-11-21T23:53:18,439|[TRACE] script - #out(`T`) [token]
2021-11-21T23:53:18,439|[TRACE] graph - <------- nonSkippedChar
2021-11-21T23:53:18,439|[TRACE] graph - <----- statementPart
2021-11-21T23:53:18,439|[TRACE] graph - -----> statementPart
2021-11-21T23:53:18,439|[TRACE] graph - -------> nonSkippedSpace
2021-11-21T23:53:18,439|[TRACE] script - #out(` `) [token]
2021-11-21T23:53:18,439|[TRACE] graph - <------- nonSkippedSpace
2021-11-21T23:53:18,439|[TRACE] graph - <----- statementPart
2021-11-21T23:53:18,439|[TRACE] graph - -----> statementPart
2021-11-21T23:53:18,439|[TRACE] graph - -------> nonSkippedChar
2021-11-21T23:53:18,439|[TRACE] script - #out(`N`) [token]
2021-11-21T23:53:18,439|[TRACE] graph - <------- nonSkippedChar
2021-11-21T23:53:18,439|[TRACE] graph - <----- statementPart
2021-11-21T23:53:18,439|[TRACE] graph - -----> statementPart
2021-11-21T23:53:18,439|[TRACE] graph - -------> nonSkippedChar
2021-11-21T23:53:18,439|[TRACE] script - #out(`U`) [token]
2021-11-21T23:53:18,439|[TRACE] graph - <------- nonSkippedChar
2021-11-21T23:53:18,439|[TRACE] graph - <----- statementPart
2021-11-21T23:53:18,439|[TRACE] graph - -----> statementPart
2021-11-21T23:53:18,439|[TRACE] graph - -------> nonSkippedChar
2021-11-21T23:53:18,439|[TRACE] script - #out(`L`) [token]
2021-11-21T23:53:18,439|[TRACE] graph - <------- nonSkippedChar
2021-11-21T23:53:18,439|[TRACE] graph - <----- statementPart
2021-11-21T23:53:18,439|[TRACE] graph - -----> statementPart
2021-11-21T23:53:18,439|[TRACE] graph - -------> nonSkippedChar
2021-11-21T23:53:18,439|[TRACE] script - #out(`L`) [token]
2021-11-21T23:53:18,439|[TRACE] graph - <------- nonSkippedChar
2021-11-21T23:53:18,439|[TRACE] graph - <----- statementPart
2021-11-21T23:53:18,439|[TRACE] graph - -----> statementPart
2021-11-21T23:53:18,439|[TRACE] graph - -------> nonSkippedChar
2021-11-21T23:53:18,439|[TRACE] script - #out(`,`) [token]
2021-11-21T23:53:18,439|[TRACE] graph - <------- nonSkippedChar
2021-11-21T23:53:18,439|[TRACE] graph - <----- statementPart
2021-11-21T23:53:18,439|[TRACE] graph - -----> afterStatementPartNewline
2021-11-21T23:53:18,439|[TRACE] script - #out(` `) [text]
2021-11-21T23:53:18,439|[TRACE] graph - <----- afterStatementPartNewline
2021-11-21T23:53:18,439|[TRACE] graph - -----> statementPart
2021-11-21T23:53:18,439|[TRACE] graph - -------> nonSkippedSpace
2021-11-21T23:53:18,439|[TRACE] script - #out(` `) [token]
2021-11-21T23:53:18,439|[TRACE] graph - <------- nonSkippedSpace
2021-11-21T23:53:18,439|[TRACE] graph - <----- statementPart
2021-11-21T23:53:18,439|[TRACE] graph - -----> statementPart
2021-11-21T23:53:18,439|[TRACE] graph - -------> nonSkippedSpace
2021-11-21T23:53:18,439|[TRACE] script - #out(` `) [token]
2021-11-21T23:53:18,439|[TRACE] graph - <------- nonSkippedSpace
2021-11-21T23:53:18,439|[TRACE] graph - <----- statementPart
2021-11-21T23:53:18,439|[TRACE] graph - -----> statementPart
2021-11-21T23:53:18,439|[TRACE] graph - -------> quotedString
2021-11-21T23:53:18,439|[TRACE] script - #out(``number``) [token]
2021-11-21T23:53:18,439|[TRACE] graph - <------- quotedString
2021-11-21T23:53:18,439|[TRACE] graph - <----- statementPart
2021-11-21T23:53:18,439|[TRACE] graph - -----> statementPart
2021-11-21T23:53:18,439|[TRACE] graph - -------> nonSkippedSpace
2021-11-21T23:53:18,439|[TRACE] script - #out(` `) [token]
2021-11-21T23:53:18,439|[TRACE] graph - <------- nonSkippedSpace
2021-11-21T23:53:18,439|[TRACE] graph - <----- statementPart
2021-11-21T23:53:18,439|[TRACE] graph - -----> statementPart
2021-11-21T23:53:18,439|[TRACE] graph - -------> nonSkippedChar
2021-11-21T23:53:18,439|[TRACE] script - #out(`V`) [token]
2021-11-21T23:53:18,439|[TRACE] graph - <------- nonSkippedChar
2021-11-21T23:53:18,439|[TRACE] graph - <----- statementPart
2021-11-21T23:53:18,439|[TRACE] graph - -----> statementPart
2021-11-21T23:53:18,439|[TRACE] graph - -------> nonSkippedChar
2021-11-21T23:53:18,439|[TRACE] script - #out(`A`) [token]
2021-11-21T23:53:18,439|[TRACE] graph - <------- nonSkippedChar
2021-11-21T23:53:18,439|[TRACE] graph - <----- statementPart
2021-11-21T23:53:18,439|[TRACE] graph - -----> statementPart
2021-11-21T23:53:18,439|[TRACE] graph - -------> nonSkippedChar
2021-11-21T23:53:18,439|[TRACE] script - #out(`R`) [token]
2021-11-21T23:53:18,439|[TRACE] graph - <------- nonSkippedChar
2021-11-21T23:53:18,439|[TRACE] graph - <----- statementPart
2021-11-21T23:53:18,439|[TRACE] graph - -----> statementPart
2021-11-21T23:53:18,439|[TRACE] graph - -------> nonSkippedChar
2021-11-21T23:53:18,439|[TRACE] script - #out(`C`) [token]
2021-11-21T23:53:18,439|[TRACE] graph - <------- nonSkippedChar
2021-11-21T23:53:18,439|[TRACE] graph - <----- statementPart
2021-11-21T23:53:18,439|[TRACE] graph - -----> statementPart
2021-11-21T23:53:18,439|[TRACE] graph - -------> nonSkippedChar
2021-11-21T23:53:18,439|[TRACE] script - #out(`H`) [token]
2021-11-21T23:53:18,439|[TRACE] graph - <------- nonSkippedChar
2021-11-21T23:53:18,439|[TRACE] graph - <----- statementPart
2021-11-21T23:53:18,439|[TRACE] graph - -----> statementPart
2021-11-21T23:53:18,439|[TRACE] graph - -------> nonSkippedChar
2021-11-21T23:53:18,439|[TRACE] script - #out(`A`) [token]
2021-11-21T23:53:18,439|[TRACE] graph - <------- nonSkippedChar
2021-11-21T23:53:18,439|[TRACE] graph - <----- statementPart
2021-11-21T23:53:18,439|[TRACE] graph - -----> statementPart
2021-11-21T23:53:18,439|[TRACE] graph - -------> nonSkippedChar
2021-11-21T23:53:18,439|[TRACE] script - #out(`R`) [token]
2021-11-21T23:53:18,439|[TRACE] graph - <------- nonSkippedChar
2021-11-21T23:53:18,439|[TRACE] graph - <----- statementPart
2021-11-21T23:53:18,439|[TRACE] graph - -----> statementPart
2021-11-21T23:53:18,439|[TRACE] graph - -------> nonSkippedChar
2021-11-21T23:53:18,439|[TRACE] script - #out(`(`) [token]
2021-11-21T23:53:18,439|[TRACE] graph - <------- nonSkippedChar
2021-11-21T23:53:18,439|[TRACE] graph - <----- statementPart
2021-11-21T23:53:18,439|[TRACE] graph - -----> statementPart
2021-11-21T23:53:18,439|[TRACE] graph - -------> nonSkippedChar
2021-11-21T23:53:18,439|[TRACE] script - #out(`1`) [token]
2021-11-21T23:53:18,439|[TRACE] graph - <------- nonSkippedChar
2021-11-21T23:53:18,439|[TRACE] graph - <----- statementPart
2021-11-21T23:53:18,439|[TRACE] graph - -----> statementPart
2021-11-21T23:53:18,439|[TRACE] graph - -------> nonSkippedChar
2021-11-21T23:53:18,439|[TRACE] script - #out(`0`) [token]
2021-11-21T23:53:18,439|[TRACE] graph - <------- nonSkippedChar
2021-11-21T23:53:18,439|[TRACE] graph - <----- statementPart
2021-11-21T23:53:18,439|[TRACE] graph - -----> statementPart
2021-11-21T23:53:18,439|[TRACE] graph - -------> nonSkippedChar
2021-11-21T23:53:18,439|[TRACE] script - #out(`)`) [token]
2021-11-21T23:53:18,439|[TRACE] graph - <------- nonSkippedChar
2021-11-21T23:53:18,439|[TRACE] graph - <----- statementPart
2021-11-21T23:53:18,439|[TRACE] graph - -----> statementPart
2021-11-21T23:53:18,439|[TRACE] graph - -------> nonSkippedSpace
2021-11-21T23:53:18,439|[TRACE] script - #out(` `) [token]
2021-11-21T23:53:18,439|[TRACE] graph - <------- nonSkippedSpace
2021-11-21T23:53:18,439|[TRACE] graph - <----- statementPart
2021-11-21T23:53:18,439|[TRACE] graph - -----> statementPart
2021-11-21T23:53:18,439|[TRACE] graph - -------> nonSkippedChar
2021-11-21T23:53:18,439|[TRACE] script - #out(`N`) [token]
2021-11-21T23:53:18,439|[TRACE] graph - <------- nonSkippedChar
2021-11-21T23:53:18,439|[TRACE] graph - <----- statementPart
2021-11-21T23:53:18,439|[TRACE] graph - -----> statementPart
2021-11-21T23:53:18,439|[TRACE] graph - -------> nonSkippedChar
2021-11-21T23:53:18,439|[TRACE] script - #out(`O`) [token]
2021-11-21T23:53:18,439|[TRACE] graph - <------- nonSkippedChar
2021-11-21T23:53:18,439|[TRACE] graph - <----- statementPart
2021-11-21T23:53:18,439|[TRACE] graph - -----> statementPart
2021-11-21T23:53:18,439|[TRACE] graph - -------> nonSkippedChar
2021-11-21T23:53:18,439|[TRACE] script - #out(`T`) [token]
2021-11-21T23:53:18,439|[TRACE] graph - <------- nonSkippedChar
2021-11-21T23:53:18,439|[TRACE] graph - <----- statementPart
2021-11-21T23:53:18,439|[TRACE] graph - -----> statementPart
2021-11-21T23:53:18,439|[TRACE] graph - -------> nonSkippedSpace
2021-11-21T23:53:18,439|[TRACE] script - #out(` `) [token]
2021-11-21T23:53:18,439|[TRACE] graph - <------- nonSkippedSpace
2021-11-21T23:53:18,439|[TRACE] graph - <----- statementPart
2021-11-21T23:53:18,439|[TRACE] graph - -----> statementPart
2021-11-21T23:53:18,439|[TRACE] graph - -------> nonSkippedChar
2021-11-21T23:53:18,439|[TRACE] script - #out(`N`) [token]
2021-11-21T23:53:18,439|[TRACE] graph - <------- nonSkippedChar
2021-11-21T23:53:18,439|[TRACE] graph - <----- statementPart
2021-11-21T23:53:18,439|[TRACE] graph - -----> statementPart
2021-11-21T23:53:18,439|[TRACE] graph - -------> nonSkippedChar
2021-11-21T23:53:18,439|[TRACE] script - #out(`U`) [token]
2021-11-21T23:53:18,439|[TRACE] graph - <------- nonSkippedChar
2021-11-21T23:53:18,439|[TRACE] graph - <----- statementPart
2021-11-21T23:53:18,439|[TRACE] graph - -----> statementPart
2021-11-21T23:53:18,439|[TRACE] graph - -------> nonSkippedChar
2021-11-21T23:53:18,439|[TRACE] script - #out(`L`) [token]
2021-11-21T23:53:18,439|[TRACE] graph - <------- nonSkippedChar
2021-11-21T23:53:18,439|[TRACE] graph - <----- statementPart
2021-11-21T23:53:18,439|[TRACE] graph - -----> statementPart
2021-11-21T23:53:18,439|[TRACE] graph - -------> nonSkippedChar
2021-11-21T23:53:18,439|[TRACE] script - #out(`L`) [token]
2021-11-21T23:53:18,439|[TRACE] graph - <------- nonSkippedChar
2021-11-21T23:53:18,439|[TRACE] graph - <----- statementPart
2021-11-21T23:53:18,439|[TRACE] graph - -----> statementPart
2021-11-21T23:53:18,439|[TRACE] graph - -------> nonSkippedChar
2021-11-21T23:53:18,439|[TRACE] script - #out(`,`) [token]
2021-11-21T23:53:18,439|[TRACE] graph - <------- nonSkippedChar
2021-11-21T23:53:18,439|[TRACE] graph - <----- statementPart
2021-11-21T23:53:18,439|[TRACE] graph - -----> afterStatementPartNewline
2021-11-21T23:53:18,439|[TRACE] script - #out(` `) [text]
2021-11-21T23:53:18,439|[TRACE] graph - <----- afterStatementPartNewline
2021-11-21T23:53:18,439|[TRACE] graph - -----> statementPart
2021-11-21T23:53:18,439|[TRACE] graph - -------> nonSkippedSpace
2021-11-21T23:53:18,439|[TRACE] script - #out(` `) [token]
2021-11-21T23:53:18,439|[TRACE] graph - <------- nonSkippedSpace
2021-11-21T23:53:18,439|[TRACE] graph - <----- statementPart
2021-11-21T23:53:18,439|[TRACE] graph - -----> statementPart
2021-11-21T23:53:18,439|[TRACE] graph - -------> nonSkippedSpace
2021-11-21T23:53:18,440|[TRACE] script - #out(` `) [token]
2021-11-21T23:53:18,440|[TRACE] graph - <------- nonSkippedSpace
2021-11-21T23:53:18,440|[TRACE] graph - <----- statementPart
2021-11-21T23:53:18,440|[TRACE] graph - -----> statementPart
2021-11-21T23:53:18,440|[TRACE] graph - -------> quotedString
2021-11-21T23:53:18,440|[TRACE] script - #out(``created``) [token]
2021-11-21T23:53:18,440|[TRACE] graph - <------- quotedString
2021-11-21T23:53:18,440|[TRACE] graph - <----- statementPart
2021-11-21T23:53:18,440|[TRACE] graph - -----> statementPart
2021-11-21T23:53:18,440|[TRACE] graph - -------> nonSkippedSpace
2021-11-21T23:53:18,440|[TRACE] script - #out(` `) [token]
2021-11-21T23:53:18,440|[TRACE] graph - <------- nonSkippedSpace
2021-11-21T23:53:18,440|[TRACE] graph - <----- statementPart
2021-11-21T23:53:18,440|[TRACE] graph - -----> statementPart
2021-11-21T23:53:18,440|[TRACE] graph - -------> nonSkippedChar
2021-11-21T23:53:18,440|[TRACE] script - #out(`B`) [token]
2021-11-21T23:53:18,440|[TRACE] graph - <------- nonSkippedChar
2021-11-21T23:53:18,440|[TRACE] graph - <----- statementPart
2021-11-21T23:53:18,440|[TRACE] graph - -----> statementPart
2021-11-21T23:53:18,440|[TRACE] graph - -------> nonSkippedChar
2021-11-21T23:53:18,440|[TRACE] script - #out(`I`) [token]
2021-11-21T23:53:18,440|[TRACE] graph - <------- nonSkippedChar
2021-11-21T23:53:18,440|[TRACE] graph - <----- statementPart
2021-11-21T23:53:18,440|[TRACE] graph - -----> statementPart
2021-11-21T23:53:18,440|[TRACE] graph - -------> nonSkippedChar
2021-11-21T23:53:18,440|[TRACE] script - #out(`G`) [token]
2021-11-21T23:53:18,440|[TRACE] graph - <------- nonSkippedChar
2021-11-21T23:53:18,440|[TRACE] graph - <----- statementPart
2021-11-21T23:53:18,440|[TRACE] graph - -----> statementPart
2021-11-21T23:53:18,440|[TRACE] graph - -------> nonSkippedChar
2021-11-21T23:53:18,440|[TRACE] script - #out(`I`) [token]
2021-11-21T23:53:18,440|[TRACE] graph - <------- nonSkippedChar
2021-11-21T23:53:18,440|[TRACE] graph - <----- statementPart
2021-11-21T23:53:18,440|[TRACE] graph - -----> statementPart
2021-11-21T23:53:18,440|[TRACE] graph - -------> nonSkippedChar
2021-11-21T23:53:18,440|[TRACE] script - #out(`N`) [token]
2021-11-21T23:53:18,440|[TRACE] graph - <------- nonSkippedChar
2021-11-21T23:53:18,440|[TRACE] graph - <----- statementPart
2021-11-21T23:53:18,440|[TRACE] graph - -----> statementPart
2021-11-21T23:53:18,440|[TRACE] graph - -------> nonSkippedChar
2021-11-21T23:53:18,440|[TRACE] script - #out(`T`) [token]
2021-11-21T23:53:18,440|[TRACE] graph - <------- nonSkippedChar
2021-11-21T23:53:18,440|[TRACE] graph - <----- statementPart
2021-11-21T23:53:18,440|[TRACE] graph - -----> statementPart
2021-11-21T23:53:18,440|[TRACE] graph - -------> nonSkippedSpace
2021-11-21T23:53:18,440|[TRACE] script - #out(` `) [token]
2021-11-21T23:53:18,440|[TRACE] graph - <------- nonSkippedSpace
2021-11-21T23:53:18,440|[TRACE] graph - <----- statementPart
2021-11-21T23:53:18,440|[TRACE] graph - -----> statementPart
2021-11-21T23:53:18,440|[TRACE] graph - -------> nonSkippedChar
2021-11-21T23:53:18,440|[TRACE] script - #out(`N`) [token]
2021-11-21T23:53:18,440|[TRACE] graph - <------- nonSkippedChar
2021-11-21T23:53:18,440|[TRACE] graph - <----- statementPart
2021-11-21T23:53:18,440|[TRACE] graph - -----> statementPart
2021-11-21T23:53:18,440|[TRACE] graph - -------> nonSkippedChar
2021-11-21T23:53:18,440|[TRACE] script - #out(`O`) [token]
2021-11-21T23:53:18,440|[TRACE] graph - <------- nonSkippedChar
2021-11-21T23:53:18,440|[TRACE] graph - <----- statementPart
2021-11-21T23:53:18,440|[TRACE] graph - -----> statementPart
2021-11-21T23:53:18,440|[TRACE] graph - -------> nonSkippedChar
2021-11-21T23:53:18,440|[TRACE] script - #out(`T`) [token]
2021-11-21T23:53:18,440|[TRACE] graph - <------- nonSkippedChar
2021-11-21T23:53:18,440|[TRACE] graph - <----- statementPart
2021-11-21T23:53:18,440|[TRACE] graph - -----> statementPart
2021-11-21T23:53:18,440|[TRACE] graph - -------> nonSkippedSpace
2021-11-21T23:53:18,440|[TRACE] script - #out(` `) [token]
2021-11-21T23:53:18,440|[TRACE] graph - <------- nonSkippedSpace
2021-11-21T23:53:18,440|[TRACE] graph - <----- statementPart
2021-11-21T23:53:18,440|[TRACE] graph - -----> statementPart
2021-11-21T23:53:18,440|[TRACE] graph - -------> nonSkippedChar
2021-11-21T23:53:18,440|[TRACE] script - #out(`N`) [token]
2021-11-21T23:53:18,440|[TRACE] graph - <------- nonSkippedChar
2021-11-21T23:53:18,440|[TRACE] graph - <----- statementPart
2021-11-21T23:53:18,440|[TRACE] graph - -----> statementPart
2021-11-21T23:53:18,440|[TRACE] graph - -------> nonSkippedChar
2021-11-21T23:53:18,440|[TRACE] script - #out(`U`) [token]
2021-11-21T23:53:18,440|[TRACE] graph - <------- nonSkippedChar
2021-11-21T23:53:18,440|[TRACE] graph - <----- statementPart
2021-11-21T23:53:18,440|[TRACE] graph - -----> statementPart
2021-11-21T23:53:18,440|[TRACE] graph - -------> nonSkippedChar
2021-11-21T23:53:18,440|[TRACE] script - #out(`L`) [token]
2021-11-21T23:53:18,440|[TRACE] graph - <------- nonSkippedChar
2021-11-21T23:53:18,440|[TRACE] graph - <----- statementPart
2021-11-21T23:53:18,440|[TRACE] graph - -----> statementPart
2021-11-21T23:53:18,440|[TRACE] graph - -------> nonSkippedChar
2021-11-21T23:53:18,440|[TRACE] script - #out(`L`) [token]
2021-11-21T23:53:18,440|[TRACE] graph - <------- nonSkippedChar
2021-11-21T23:53:18,440|[TRACE] graph - <----- statementPart
2021-11-21T23:53:18,440|[TRACE] graph - -----> statementPart
2021-11-21T23:53:18,440|[TRACE] graph - -------> nonSkippedSpace
2021-11-21T23:53:18,440|[TRACE] script - #out(` `) [token]
2021-11-21T23:53:18,440|[TRACE] graph - <------- nonSkippedSpace
2021-11-21T23:53:18,440|[TRACE] graph - <----- statementPart
2021-11-21T23:53:18,440|[TRACE] graph - -----> statementPart
2021-11-21T23:53:18,440|[TRACE] graph - -------> nonSkippedChar
2021-11-21T23:53:18,440|[TRACE] script - #out(`D`) [token]
2021-11-21T23:53:18,440|[TRACE] graph - <------- nonSkippedChar
2021-11-21T23:53:18,440|[TRACE] graph - <----- statementPart
2021-11-21T23:53:18,440|[TRACE] graph - -----> statementPart
2021-11-21T23:53:18,440|[TRACE] graph - -------> nonSkippedChar
2021-11-21T23:53:18,440|[TRACE] script - #out(`E`) [token]
2021-11-21T23:53:18,440|[TRACE] graph - <------- nonSkippedChar
2021-11-21T23:53:18,440|[TRACE] graph - <----- statementPart
2021-11-21T23:53:18,440|[TRACE] graph - -----> statementPart
2021-11-21T23:53:18,440|[TRACE] graph - -------> nonSkippedChar
2021-11-21T23:53:18,440|[TRACE] script - #out(`F`) [token]
2021-11-21T23:53:18,440|[TRACE] graph - <------- nonSkippedChar
2021-11-21T23:53:18,440|[TRACE] graph - <----- statementPart
2021-11-21T23:53:18,440|[TRACE] graph - -----> statementPart
2021-11-21T23:53:18,440|[TRACE] graph - -------> nonSkippedChar
2021-11-21T23:53:18,440|[TRACE] script - #out(`A`) [token]
2021-11-21T23:53:18,440|[TRACE] graph - <------- nonSkippedChar
2021-11-21T23:53:18,440|[TRACE] graph - <----- statementPart
2021-11-21T23:53:18,440|[TRACE] graph - -----> statementPart
2021-11-21T23:53:18,440|[TRACE] graph - -------> nonSkippedChar
2021-11-21T23:53:18,440|[TRACE] script - #out(`U`) [token]
2021-11-21T23:53:18,440|[TRACE] graph - <------- nonSkippedChar
2021-11-21T23:53:18,440|[TRACE] graph - <----- statementPart
2021-11-21T23:53:18,440|[TRACE] graph - -----> statementPart
2021-11-21T23:53:18,440|[TRACE] graph - -------> nonSkippedChar
2021-11-21T23:53:18,440|[TRACE] script - #out(`L`) [token]
2021-11-21T23:53:18,440|[TRACE] graph - <------- nonSkippedChar
2021-11-21T23:53:18,440|[TRACE] graph - <----- statementPart
2021-11-21T23:53:18,440|[TRACE] graph - -----> statementPart
2021-11-21T23:53:18,440|[TRACE] graph - -------> nonSkippedChar
2021-11-21T23:53:18,440|[TRACE] script - #out(`T`) [token]
2021-11-21T23:53:18,440|[TRACE] graph - <------- nonSkippedChar
2021-11-21T23:53:18,440|[TRACE] graph - <----- statementPart
2021-11-21T23:53:18,440|[TRACE] graph - -----> statementPart
2021-11-21T23:53:18,440|[TRACE] graph - -------> nonSkippedSpace
2021-11-21T23:53:18,440|[TRACE] script - #out(` `) [token]
2021-11-21T23:53:18,440|[TRACE] graph - <------- nonSkippedSpace
2021-11-21T23:53:18,440|[TRACE] graph - <----- statementPart
2021-11-21T23:53:18,440|[TRACE] graph - -----> statementPart
2021-11-21T23:53:18,440|[TRACE] graph - -------> nonSkippedChar
2021-11-21T23:53:18,440|[TRACE] script - #out(`(`) [token]
2021-11-21T23:53:18,440|[TRACE] graph - <------- nonSkippedChar
2021-11-21T23:53:18,440|[TRACE] graph - <----- statementPart
2021-11-21T23:53:18,440|[TRACE] graph - -----> statementPart
2021-11-21T23:53:18,440|[TRACE] graph - -------> nonSkippedChar
2021-11-21T23:53:18,440|[TRACE] script - #out(`u`) [token]
2021-11-21T23:53:18,440|[TRACE] graph - <------- nonSkippedChar
2021-11-21T23:53:18,440|[TRACE] graph - <----- statementPart
2021-11-21T23:53:18,440|[TRACE] graph - -----> statementPart
2021-11-21T23:53:18,440|[TRACE] graph - -------> nonSkippedChar
2021-11-21T23:53:18,440|[TRACE] script - #out(`n`) [token]
2021-11-21T23:53:18,440|[TRACE] graph - <------- nonSkippedChar
2021-11-21T23:53:18,485|[TRACE] graph - <----- statementPart
2021-11-21T23:53:18,485|[TRACE] graph - -----> statementPart
2021-11-21T23:53:18,485|[TRACE] graph - -------> nonSkippedChar
2021-11-21T23:53:18,485|[TRACE] script - #out(`i`) [token]
2021-11-21T23:53:18,485|[TRACE] graph - <------- nonSkippedChar
2021-11-21T23:53:18,485|[TRACE] graph - <----- statementPart
2021-11-21T23:53:18,485|[TRACE] graph - -----> statementPart
2021-11-21T23:53:18,485|[TRACE] graph - -------> nonSkippedChar
2021-11-21T23:53:18,485|[TRACE] script - #out(`x`) [token]
2021-11-21T23:53:18,485|[TRACE] graph - <------- nonSkippedChar
2021-11-21T23:53:18,485|[TRACE] graph - <----- statementPart
2021-11-21T23:53:18,485|[TRACE] graph - -----> statementPart
2021-11-21T23:53:18,485|[TRACE] graph - -------> nonSkippedChar
2021-11-21T23:53:18,485|[TRACE] script - #out(`_`) [token]
2021-11-21T23:53:18,485|[TRACE] graph - <------- nonSkippedChar
2021-11-21T23:53:18,485|[TRACE] graph - <----- statementPart
2021-11-21T23:53:18,485|[TRACE] graph - -----> statementPart
2021-11-21T23:53:18,485|[TRACE] graph - -------> nonSkippedChar
2021-11-21T23:53:18,485|[TRACE] script - #out(`t`) [token]
2021-11-21T23:53:18,485|[TRACE] graph - <------- nonSkippedChar
2021-11-21T23:53:18,485|[TRACE] graph - <----- statementPart
2021-11-21T23:53:18,485|[TRACE] graph - -----> statementPart
2021-11-21T23:53:18,485|[TRACE] graph - -------> nonSkippedChar
2021-11-21T23:53:18,485|[TRACE] script - #out(`i`) [token]
2021-11-21T23:53:18,485|[TRACE] graph - <------- nonSkippedChar
2021-11-21T23:53:18,485|[TRACE] graph - <----- statementPart
2021-11-21T23:53:18,485|[TRACE] graph - -----> statementPart
2021-11-21T23:53:18,485|[TRACE] graph - -------> nonSkippedChar
2021-11-21T23:53:18,485|[TRACE] script - #out(`m`) [token]
2021-11-21T23:53:18,485|[TRACE] graph - <------- nonSkippedChar
2021-11-21T23:53:18,485|[TRACE] graph - <----- statementPart
2021-11-21T23:53:18,485|[TRACE] graph - -----> statementPart
2021-11-21T23:53:18,485|[TRACE] graph - -------> nonSkippedChar
2021-11-21T23:53:18,485|[TRACE] script - #out(`e`) [token]
2021-11-21T23:53:18,485|[TRACE] graph - <------- nonSkippedChar
2021-11-21T23:53:18,485|[TRACE] graph - <----- statementPart
2021-11-21T23:53:18,485|[TRACE] graph - -----> statementPart
2021-11-21T23:53:18,485|[TRACE] graph - -------> nonSkippedChar
2021-11-21T23:53:18,485|[TRACE] script - #out(`s`) [token]
2021-11-21T23:53:18,485|[TRACE] graph - <------- nonSkippedChar
2021-11-21T23:53:18,485|[TRACE] graph - <----- statementPart
2021-11-21T23:53:18,485|[TRACE] graph - -----> statementPart
2021-11-21T23:53:18,485|[TRACE] graph - -------> nonSkippedChar
2021-11-21T23:53:18,485|[TRACE] script - #out(`t`) [token]
2021-11-21T23:53:18,485|[TRACE] graph - <------- nonSkippedChar
2021-11-21T23:53:18,485|[TRACE] graph - <----- statementPart
2021-11-21T23:53:18,485|[TRACE] graph - -----> statementPart
2021-11-21T23:53:18,485|[TRACE] graph - -------> nonSkippedChar
2021-11-21T23:53:18,485|[TRACE] script - #out(`a`) [token]
2021-11-21T23:53:18,485|[TRACE] graph - <------- nonSkippedChar
2021-11-21T23:53:18,485|[TRACE] graph - <----- statementPart
2021-11-21T23:53:18,485|[TRACE] graph - -----> statementPart
2021-11-21T23:53:18,485|[TRACE] graph - -------> nonSkippedChar
2021-11-21T23:53:18,485|[TRACE] script - #out(`m`) [token]
2021-11-21T23:53:18,485|[TRACE] graph - <------- nonSkippedChar
2021-11-21T23:53:18,485|[TRACE] graph - <----- statementPart
2021-11-21T23:53:18,485|[TRACE] graph - -----> statementPart
2021-11-21T23:53:18,485|[TRACE] graph - -------> nonSkippedChar
2021-11-21T23:53:18,485|[TRACE] script - #out(`p`) [token]
2021-11-21T23:53:18,485|[TRACE] graph - <------- nonSkippedChar
2021-11-21T23:53:18,485|[TRACE] graph - <----- statementPart
2021-11-21T23:53:18,485|[TRACE] graph - -----> statementPart
2021-11-21T23:53:18,485|[TRACE] graph - -------> nonSkippedChar
2021-11-21T23:53:18,485|[TRACE] script - #out(`(`) [token]
2021-11-21T23:53:18,485|[TRACE] graph - <------- nonSkippedChar
2021-11-21T23:53:18,485|[TRACE] graph - <----- statementPart
2021-11-21T23:53:18,485|[TRACE] graph - -----> statementPart
2021-11-21T23:53:18,485|[TRACE] graph - -------> nonSkippedChar
2021-11-21T23:53:18,485|[TRACE] script - #out(`n`) [token]
2021-11-21T23:53:18,485|[TRACE] graph - <------- nonSkippedChar
2021-11-21T23:53:18,485|[TRACE] graph - <----- statementPart
2021-11-21T23:53:18,485|[TRACE] graph - -----> statementPart
2021-11-21T23:53:18,485|[TRACE] graph - -------> nonSkippedChar
2021-11-21T23:53:18,485|[TRACE] script - #out(`o`) [token]
2021-11-21T23:53:18,485|[TRACE] graph - <------- nonSkippedChar
2021-11-21T23:53:18,485|[TRACE] graph - <----- statementPart
2021-11-21T23:53:18,485|[TRACE] graph - -----> statementPart
2021-11-21T23:53:18,485|[TRACE] graph - -------> nonSkippedChar
2021-11-21T23:53:18,485|[TRACE] script - #out(`w`) [token]
2021-11-21T23:53:18,485|[TRACE] graph - <------- nonSkippedChar
2021-11-21T23:53:18,485|[TRACE] graph - <----- statementPart
2021-11-21T23:53:18,485|[TRACE] graph - -----> statementPart
2021-11-21T23:53:18,485|[TRACE] graph - -------> nonSkippedChar
2021-11-21T23:53:18,485|[TRACE] script - #out(`(`) [token]
2021-11-21T23:53:18,485|[TRACE] graph - <------- nonSkippedChar
2021-11-21T23:53:18,485|[TRACE] graph - <----- statementPart
2021-11-21T23:53:18,485|[TRACE] graph - -----> statementPart
2021-11-21T23:53:18,485|[TRACE] graph - -------> nonSkippedChar
2021-11-21T23:53:18,485|[TRACE] script - #out(`)`) [token]
2021-11-21T23:53:18,485|[TRACE] graph - <------- nonSkippedChar
2021-11-21T23:53:18,485|[TRACE] graph - <----- statementPart
2021-11-21T23:53:18,485|[TRACE] graph - -----> statementPart
2021-11-21T23:53:18,485|[TRACE] graph - -------> nonSkippedChar
2021-11-21T23:53:18,485|[TRACE] script - #out(`)`) [token]
2021-11-21T23:53:18,485|[TRACE] graph - <------- nonSkippedChar
2021-11-21T23:53:18,485|[TRACE] graph - <----- statementPart
2021-11-21T23:53:18,485|[TRACE] graph - -----> statementPart
2021-11-21T23:53:18,485|[TRACE] graph - -------> nonSkippedSpace
2021-11-21T23:53:18,485|[TRACE] script - #out(` `) [token]
2021-11-21T23:53:18,485|[TRACE] graph - <------- nonSkippedSpace
2021-11-21T23:53:18,485|[TRACE] graph - <----- statementPart
2021-11-21T23:53:18,485|[TRACE] graph - -----> statementPart
2021-11-21T23:53:18,485|[TRACE] graph - -------> nonSkippedChar
2021-11-21T23:53:18,485|[TRACE] script - #out(`*`) [token]
2021-11-21T23:53:18,485|[TRACE] graph - <------- nonSkippedChar
2021-11-21T23:53:18,485|[TRACE] graph - <----- statementPart
2021-11-21T23:53:18,485|[TRACE] graph - -----> statementPart
2021-11-21T23:53:18,485|[TRACE] graph - -------> nonSkippedSpace
2021-11-21T23:53:18,485|[TRACE] script - #out(` `) [token]
2021-11-21T23:53:18,485|[TRACE] graph - <------- nonSkippedSpace
2021-11-21T23:53:18,485|[TRACE] graph - <----- statementPart
2021-11-21T23:53:18,485|[TRACE] graph - -----> statementPart
2021-11-21T23:53:18,485|[TRACE] graph - -------> nonSkippedChar
2021-11-21T23:53:18,485|[TRACE] script - #out(`1`) [token]
2021-11-21T23:53:18,485|[TRACE] graph - <------- nonSkippedChar
2021-11-21T23:53:18,485|[TRACE] graph - <----- statementPart
2021-11-21T23:53:18,485|[TRACE] graph - -----> statementPart
2021-11-21T23:53:18,485|[TRACE] graph - -------> nonSkippedChar
2021-11-21T23:53:18,485|[TRACE] script - #out(`0`) [token]
2021-11-21T23:53:18,485|[TRACE] graph - <------- nonSkippedChar
2021-11-21T23:53:18,485|[TRACE] graph - <----- statementPart
2021-11-21T23:53:18,485|[TRACE] graph - -----> statementPart
2021-11-21T23:53:18,485|[TRACE] graph - -------> nonSkippedChar
2021-11-21T23:53:18,485|[TRACE] script - #out(`0`) [token]
2021-11-21T23:53:18,485|[TRACE] graph - <------- nonSkippedChar
2021-11-21T23:53:18,485|[TRACE] graph - <----- statementPart
2021-11-21T23:53:18,485|[TRACE] graph - -----> statementPart
2021-11-21T23:53:18,485|[TRACE] graph - -------> nonSkippedChar
2021-11-21T23:53:18,485|[TRACE] script - #out(`0`) [token]
2021-11-21T23:53:18,485|[TRACE] graph - <------- nonSkippedChar
2021-11-21T23:53:18,485|[TRACE] graph - <----- statementPart
2021-11-21T23:53:18,485|[TRACE] graph - -----> statementPart
2021-11-21T23:53:18,485|[TRACE] graph - -------> nonSkippedChar
2021-11-21T23:53:18,485|[TRACE] script - #out(`)`) [token]
2021-11-21T23:53:18,485|[TRACE] graph - <------- nonSkippedChar
2021-11-21T23:53:18,485|[TRACE] graph - <----- statementPart
2021-11-21T23:53:18,485|[TRACE] graph - -----> statementPart
2021-11-21T23:53:18,485|[TRACE] graph - -------> nonSkippedChar
2021-11-21T23:53:18,485|[TRACE] script - #out(`,`) [token]
2021-11-21T23:53:18,485|[TRACE] graph - <------- nonSkippedChar
2021-11-21T23:53:18,485|[TRACE] graph - <----- statementPart
2021-11-21T23:53:18,485|[TRACE] graph - -----> afterStatementPartNewline
2021-11-21T23:53:18,485|[TRACE] script - #out(` `) [text]
2021-11-21T23:53:18,485|[TRACE] graph - <----- afterStatementPartNewline
2021-11-21T23:53:18,485|[TRACE] graph - -----> statementPart
2021-11-21T23:53:18,485|[TRACE] graph - -------> nonSkippedSpace
2021-11-21T23:53:18,485|[TRACE] script - #out(` `) [token]
2021-11-21T23:53:18,485|[TRACE] graph - <------- nonSkippedSpace
2021-11-21T23:53:18,485|[TRACE] graph - <----- statementPart
2021-11-21T23:53:18,485|[TRACE] graph - -----> statementPart
2021-11-21T23:53:18,485|[TRACE] graph - -------> nonSkippedSpace
2021-11-21T23:53:18,485|[TRACE] script - #out(` `) [token]
2021-11-21T23:53:18,485|[TRACE] graph - <------- nonSkippedSpace
2021-11-21T23:53:18,485|[TRACE] graph - <----- statementPart
2021-11-21T23:53:18,485|[TRACE] graph - -----> statementPart
2021-11-21T23:53:18,485|[TRACE] graph - -------> quotedString
2021-11-21T23:53:18,485|[TRACE] script - #out(``updated``) [token]
2021-11-21T23:53:18,485|[TRACE] graph - <------- quotedString
2021-11-21T23:53:18,485|[TRACE] graph - <----- statementPart
2021-11-21T23:53:18,485|[TRACE] graph - -----> statementPart
2021-11-21T23:53:18,485|[TRACE] graph - -------> nonSkippedSpace
2021-11-21T23:53:18,485|[TRACE] script - #out(` `) [token]
2021-11-21T23:53:18,485|[TRACE] graph - <------- nonSkippedSpace
2021-11-21T23:53:18,485|[TRACE] graph - <----- statementPart
2021-11-21T23:53:18,485|[TRACE] graph - -----> statementPart
2021-11-21T23:53:18,485|[TRACE] graph - -------> nonSkippedChar
2021-11-21T23:53:18,485|[TRACE] script - #out(`B`) [token]
2021-11-21T23:53:18,485|[TRACE] graph - <------- nonSkippedChar
2021-11-21T23:53:18,485|[TRACE] graph - <----- statementPart
2021-11-21T23:53:18,485|[TRACE] graph - -----> statementPart
2021-11-21T23:53:18,485|[TRACE] graph - -------> nonSkippedChar
2021-11-21T23:53:18,485|[TRACE] script - #out(`I`) [token]
2021-11-21T23:53:18,485|[TRACE] graph - <------- nonSkippedChar
2021-11-21T23:53:18,485|[TRACE] graph - <----- statementPart
2021-11-21T23:53:18,485|[TRACE] graph - -----> statementPart
2021-11-21T23:53:18,485|[TRACE] graph - -------> nonSkippedChar
2021-11-21T23:53:18,485|[TRACE] script - #out(`G`) [token]
2021-11-21T23:53:18,485|[TRACE] graph - <------- nonSkippedChar
2021-11-21T23:53:18,485|[TRACE] graph - <----- statementPart
2021-11-21T23:53:18,485|[TRACE] graph - -----> statementPart
2021-11-21T23:53:18,485|[TRACE] graph - -------> nonSkippedChar
2021-11-21T23:53:18,485|[TRACE] script - #out(`I`) [token]
2021-11-21T23:53:18,485|[TRACE] graph - <------- nonSkippedChar
2021-11-21T23:53:18,485|[TRACE] graph - <----- statementPart
2021-11-21T23:53:18,485|[TRACE] graph - -----> statementPart
2021-11-21T23:53:18,485|[TRACE] graph - -------> nonSkippedChar
2021-11-21T23:53:18,485|[TRACE] script - #out(`N`) [token]
2021-11-21T23:53:18,485|[TRACE] graph - <------- nonSkippedChar
2021-11-21T23:53:18,485|[TRACE] graph - <----- statementPart
2021-11-21T23:53:18,485|[TRACE] graph - -----> statementPart
2021-11-21T23:53:18,485|[TRACE] graph - -------> nonSkippedChar
2021-11-21T23:53:18,485|[TRACE] script - #out(`T`) [token]
2021-11-21T23:53:18,485|[TRACE] graph - <------- nonSkippedChar
2021-11-21T23:53:18,485|[TRACE] graph - <----- statementPart
2021-11-21T23:53:18,485|[TRACE] graph - -----> statementPart
2021-11-21T23:53:18,485|[TRACE] graph - -------> nonSkippedSpace
2021-11-21T23:53:18,485|[TRACE] script - #out(` `) [token]
2021-11-21T23:53:18,485|[TRACE] graph - <------- nonSkippedSpace
2021-11-21T23:53:18,485|[TRACE] graph - <----- statementPart
2021-11-21T23:53:18,485|[TRACE] graph - -----> statementPart
2021-11-21T23:53:18,485|[TRACE] graph - -------> nonSkippedChar
2021-11-21T23:53:18,485|[TRACE] script - #out(`N`) [token]
2021-11-21T23:53:18,485|[TRACE] graph - <------- nonSkippedChar
2021-11-21T23:53:18,485|[TRACE] graph - <----- statementPart
2021-11-21T23:53:18,485|[TRACE] graph - -----> statementPart
2021-11-21T23:53:18,485|[TRACE] graph - -------> nonSkippedChar
2021-11-21T23:53:18,485|[TRACE] script - #out(`O`) [token]
2021-11-21T23:53:18,485|[TRACE] graph - <------- nonSkippedChar
2021-11-21T23:53:18,485|[TRACE] graph - <----- statementPart
2021-11-21T23:53:18,485|[TRACE] graph - -----> statementPart
2021-11-21T23:53:18,485|[TRACE] graph - -------> nonSkippedChar
2021-11-21T23:53:18,485|[TRACE] script - #out(`T`) [token]
2021-11-21T23:53:18,485|[TRACE] graph - <------- nonSkippedChar
2021-11-21T23:53:18,485|[TRACE] graph - <----- statementPart
2021-11-21T23:53:18,486|[TRACE] graph - -----> statementPart
2021-11-21T23:53:18,486|[TRACE] graph - -------> nonSkippedSpace
2021-11-21T23:53:18,486|[TRACE] script - #out(` `) [token]
2021-11-21T23:53:18,486|[TRACE] graph - <------- nonSkippedSpace
2021-11-21T23:53:18,486|[TRACE] graph - <----- statementPart
2021-11-21T23:53:18,486|[TRACE] graph - -----> statementPart
2021-11-21T23:53:18,486|[TRACE] graph - -------> nonSkippedChar
2021-11-21T23:53:18,486|[TRACE] script - #out(`N`) [token]
2021-11-21T23:53:18,486|[TRACE] graph - <------- nonSkippedChar
2021-11-21T23:53:18,486|[TRACE] graph - <----- statementPart
2021-11-21T23:53:18,486|[TRACE] graph - -----> statementPart
2021-11-21T23:53:18,486|[TRACE] graph - -------> nonSkippedChar
2021-11-21T23:53:18,486|[TRACE] script - #out(`U`) [token]
2021-11-21T23:53:18,486|[TRACE] graph - <------- nonSkippedChar
2021-11-21T23:53:18,486|[TRACE] graph - <----- statementPart
2021-11-21T23:53:18,486|[TRACE] graph - -----> statementPart
2021-11-21T23:53:18,486|[TRACE] graph - -------> nonSkippedChar
2021-11-21T23:53:18,486|[TRACE] script - #out(`L`) [token]
2021-11-21T23:53:18,486|[TRACE] graph - <------- nonSkippedChar
2021-11-21T23:53:18,486|[TRACE] graph - <----- statementPart
2021-11-21T23:53:18,486|[TRACE] graph - -----> statementPart
2021-11-21T23:53:18,486|[TRACE] graph - -------> nonSkippedChar
2021-11-21T23:53:18,486|[TRACE] script - #out(`L`) [token]
2021-11-21T23:53:18,486|[TRACE] graph - <------- nonSkippedChar
2021-11-21T23:53:18,486|[TRACE] graph - <----- statementPart
2021-11-21T23:53:18,486|[TRACE] graph - -----> statementPart
2021-11-21T23:53:18,486|[TRACE] graph - -------> nonSkippedSpace
2021-11-21T23:53:18,486|[TRACE] script - #out(` `) [token]
2021-11-21T23:53:18,486|[TRACE] graph - <------- nonSkippedSpace
2021-11-21T23:53:18,486|[TRACE] graph - <----- statementPart
2021-11-21T23:53:18,486|[TRACE] graph - -----> statementPart
2021-11-21T23:53:18,486|[TRACE] graph - -------> nonSkippedChar
2021-11-21T23:53:18,486|[TRACE] script - #out(`D`) [token]
2021-11-21T23:53:18,486|[TRACE] graph - <------- nonSkippedChar
2021-11-21T23:53:18,486|[TRACE] graph - <----- statementPart
2021-11-21T23:53:18,486|[TRACE] graph - -----> statementPart
2021-11-21T23:53:18,486|[TRACE] graph - -------> nonSkippedChar
2021-11-21T23:53:18,486|[TRACE] script - #out(`E`) [token]
2021-11-21T23:53:18,486|[TRACE] graph - <------- nonSkippedChar
2021-11-21T23:53:18,486|[TRACE] graph - <----- statementPart
2021-11-21T23:53:18,486|[TRACE] graph - -----> statementPart
2021-11-21T23:53:18,486|[TRACE] graph - -------> nonSkippedChar
2021-11-21T23:53:18,486|[TRACE] script - #out(`F`) [token]
2021-11-21T23:53:18,486|[TRACE] graph - <------- nonSkippedChar
2021-11-21T23:53:18,486|[TRACE] graph - <----- statementPart
2021-11-21T23:53:18,486|[TRACE] graph - -----> statementPart
2021-11-21T23:53:18,486|[TRACE] graph - -------> nonSkippedChar
2021-11-21T23:53:18,486|[TRACE] script - #out(`A`) [token]
2021-11-21T23:53:18,486|[TRACE] graph - <------- nonSkippedChar
2021-11-21T23:53:18,486|[TRACE] graph - <----- statementPart
2021-11-21T23:53:18,486|[TRACE] graph - -----> statementPart
2021-11-21T23:53:18,486|[TRACE] graph - -------> nonSkippedChar
2021-11-21T23:53:18,486|[TRACE] script - #out(`U`) [token]
2021-11-21T23:53:18,486|[TRACE] graph - <------- nonSkippedChar
2021-11-21T23:53:18,486|[TRACE] graph - <----- statementPart
2021-11-21T23:53:18,486|[TRACE] graph - -----> statementPart
2021-11-21T23:53:18,486|[TRACE] graph - -------> nonSkippedChar
2021-11-21T23:53:18,486|[TRACE] script - #out(`L`) [token]
2021-11-21T23:53:18,486|[TRACE] graph - <------- nonSkippedChar
2021-11-21T23:53:18,486|[TRACE] graph - <----- statementPart
2021-11-21T23:53:18,486|[TRACE] graph - -----> statementPart
2021-11-21T23:53:18,486|[TRACE] graph - -------> nonSkippedChar
2021-11-21T23:53:18,486|[TRACE] script - #out(`T`) [token]
2021-11-21T23:53:18,486|[TRACE] graph - <------- nonSkippedChar
2021-11-21T23:53:18,486|[TRACE] graph - <----- statementPart
2021-11-21T23:53:18,486|[TRACE] graph - -----> statementPart
2021-11-21T23:53:18,486|[TRACE] graph - -------> nonSkippedSpace
2021-11-21T23:53:18,486|[TRACE] script - #out(` `) [token]
2021-11-21T23:53:18,486|[TRACE] graph - <------- nonSkippedSpace
2021-11-21T23:53:18,486|[TRACE] graph - <----- statementPart
2021-11-21T23:53:18,486|[TRACE] graph - -----> statementPart
2021-11-21T23:53:18,486|[TRACE] graph - -------> nonSkippedChar
2021-11-21T23:53:18,486|[TRACE] script - #out(`(`) [token]
2021-11-21T23:53:18,486|[TRACE] graph - <------- nonSkippedChar
2021-11-21T23:53:18,486|[TRACE] graph - <----- statementPart
2021-11-21T23:53:18,486|[TRACE] graph - -----> statementPart
2021-11-21T23:53:18,486|[TRACE] graph - -------> nonSkippedChar
2021-11-21T23:53:18,486|[TRACE] script - #out(`u`) [token]
2021-11-21T23:53:18,486|[TRACE] graph - <------- nonSkippedChar
2021-11-21T23:53:18,486|[TRACE] graph - <----- statementPart
2021-11-21T23:53:18,486|[TRACE] graph - -----> statementPart
2021-11-21T23:53:18,486|[TRACE] graph - -------> nonSkippedChar
2021-11-21T23:53:18,486|[TRACE] script - #out(`n`) [token]
2021-11-21T23:53:18,486|[TRACE] graph - <------- nonSkippedChar
2021-11-21T23:53:18,486|[TRACE] graph - <----- statementPart
2021-11-21T23:53:18,486|[TRACE] graph - -----> statementPart
2021-11-21T23:53:18,486|[TRACE] graph - -------> nonSkippedChar
2021-11-21T23:53:18,486|[TRACE] script - #out(`i`) [token]
2021-11-21T23:53:18,486|[TRACE] graph - <------- nonSkippedChar
2021-11-21T23:53:18,486|[TRACE] graph - <----- statementPart
2021-11-21T23:53:18,486|[TRACE] graph - -----> statementPart
2021-11-21T23:53:18,486|[TRACE] graph - -------> nonSkippedChar
2021-11-21T23:53:18,486|[TRACE] script - #out(`x`) [token]
2021-11-21T23:53:18,486|[TRACE] graph - <------- nonSkippedChar
2021-11-21T23:53:18,486|[TRACE] graph - <----- statementPart
2021-11-21T23:53:18,486|[TRACE] graph - -----> statementPart
2021-11-21T23:53:18,486|[TRACE] graph - -------> nonSkippedChar
2021-11-21T23:53:18,486|[TRACE] script - #out(`_`) [token]
2021-11-21T23:53:18,486|[TRACE] graph - <------- nonSkippedChar
2021-11-21T23:53:18,486|[TRACE] graph - <----- statementPart
2021-11-21T23:53:18,486|[TRACE] graph - -----> statementPart
2021-11-21T23:53:18,486|[TRACE] graph - -------> nonSkippedChar
2021-11-21T23:53:18,486|[TRACE] script - #out(`t`) [token]
2021-11-21T23:53:18,486|[TRACE] graph - <------- nonSkippedChar
2021-11-21T23:53:18,486|[TRACE] graph - <----- statementPart
2021-11-21T23:53:18,486|[TRACE] graph - -----> statementPart
2021-11-21T23:53:18,486|[TRACE] graph - -------> nonSkippedChar
2021-11-21T23:53:18,486|[TRACE] script - #out(`i`) [token]
2021-11-21T23:53:18,486|[TRACE] graph - <------- nonSkippedChar
2021-11-21T23:53:18,486|[TRACE] graph - <----- statementPart
2021-11-21T23:53:18,486|[TRACE] graph - -----> statementPart
2021-11-21T23:53:18,486|[TRACE] graph - -------> nonSkippedChar
2021-11-21T23:53:18,486|[TRACE] script - #out(`m`) [token]
2021-11-21T23:53:18,486|[TRACE] graph - <------- nonSkippedChar
2021-11-21T23:53:18,486|[TRACE] graph - <----- statementPart
2021-11-21T23:53:18,486|[TRACE] graph - -----> statementPart
2021-11-21T23:53:18,486|[TRACE] graph - -------> nonSkippedChar
2021-11-21T23:53:18,486|[TRACE] script - #out(`e`) [token]
2021-11-21T23:53:18,486|[TRACE] graph - <------- nonSkippedChar
2021-11-21T23:53:18,486|[TRACE] graph - <----- statementPart
2021-11-21T23:53:18,486|[TRACE] graph - -----> statementPart
2021-11-21T23:53:18,486|[TRACE] graph - -------> nonSkippedChar
2021-11-21T23:53:18,486|[TRACE] script - #out(`s`) [token]
2021-11-21T23:53:18,486|[TRACE] graph - <------- nonSkippedChar
2021-11-21T23:53:18,486|[TRACE] graph - <----- statementPart
2021-11-21T23:53:18,486|[TRACE] graph - -----> statementPart
2021-11-21T23:53:18,486|[TRACE] graph - -------> nonSkippedChar
2021-11-21T23:53:18,486|[TRACE] script - #out(`t`) [token]
2021-11-21T23:53:18,486|[TRACE] graph - <------- nonSkippedChar
2021-11-21T23:53:18,486|[TRACE] graph - <----- statementPart
2021-11-21T23:53:18,486|[TRACE] graph - -----> statementPart
2021-11-21T23:53:18,486|[TRACE] graph - -------> nonSkippedChar
2021-11-21T23:53:18,486|[TRACE] script - #out(`a`) [token]
2021-11-21T23:53:18,486|[TRACE] graph - <------- nonSkippedChar
2021-11-21T23:53:18,486|[TRACE] graph - <----- statementPart
2021-11-21T23:53:18,486|[TRACE] graph - -----> statementPart
2021-11-21T23:53:18,486|[TRACE] graph - -------> nonSkippedChar
2021-11-21T23:53:18,486|[TRACE] script - #out(`m`) [token]
2021-11-21T23:53:18,486|[TRACE] graph - <------- nonSkippedChar
2021-11-21T23:53:18,486|[TRACE] graph - <----- statementPart
2021-11-21T23:53:18,486|[TRACE] graph - -----> statementPart
2021-11-21T23:53:18,486|[TRACE] graph - -------> nonSkippedChar
2021-11-21T23:53:18,486|[TRACE] script - #out(`p`) [token]
2021-11-21T23:53:18,486|[TRACE] graph - <------- nonSkippedChar
2021-11-21T23:53:18,486|[TRACE] graph - <----- statementPart
2021-11-21T23:53:18,486|[TRACE] graph - -----> statementPart
2021-11-21T23:53:18,486|[TRACE] graph - -------> nonSkippedChar
2021-11-21T23:53:18,486|[TRACE] script - #out(`(`) [token]
2021-11-21T23:53:18,486|[TRACE] graph - <------- nonSkippedChar
2021-11-21T23:53:18,486|[TRACE] graph - <----- statementPart
2021-11-21T23:53:18,486|[TRACE] graph - -----> statementPart
2021-11-21T23:53:18,486|[TRACE] graph - -------> nonSkippedChar
2021-11-21T23:53:18,486|[TRACE] script - #out(`n`) [token]
2021-11-21T23:53:18,486|[TRACE] graph - <------- nonSkippedChar
2021-11-21T23:53:18,486|[TRACE] graph - <----- statementPart
2021-11-21T23:53:18,486|[TRACE] graph - -----> statementPart
2021-11-21T23:53:18,486|[TRACE] graph - -------> nonSkippedChar
2021-11-21T23:53:18,486|[TRACE] script - #out(`o`) [token]
2021-11-21T23:53:18,486|[TRACE] graph - <------- nonSkippedChar
2021-11-21T23:53:18,486|[TRACE] graph - <----- statementPart
2021-11-21T23:53:18,486|[TRACE] graph - -----> statementPart
2021-11-21T23:53:18,486|[TRACE] graph - -------> nonSkippedChar
2021-11-21T23:53:18,486|[TRACE] script - #out(`w`) [token]
2021-11-21T23:53:18,486|[TRACE] graph - <------- nonSkippedChar
2021-11-21T23:53:18,486|[TRACE] graph - <----- statementPart
2021-11-21T23:53:18,486|[TRACE] graph - -----> statementPart
2021-11-21T23:53:18,486|[TRACE] graph - -------> nonSkippedChar
2021-11-21T23:53:18,486|[TRACE] script - #out(`(`) [token]
2021-11-21T23:53:18,486|[TRACE] graph - <------- nonSkippedChar
2021-11-21T23:53:18,486|[TRACE] graph - <----- statementPart
2021-11-21T23:53:18,486|[TRACE] graph - -----> statementPart
2021-11-21T23:53:18,486|[TRACE] graph - -------> nonSkippedChar
2021-11-21T23:53:18,486|[TRACE] script - #out(`)`) [token]
2021-11-21T23:53:18,486|[TRACE] graph - <------- nonSkippedChar
2021-11-21T23:53:18,486|[TRACE] graph - <----- statementPart
2021-11-21T23:53:18,486|[TRACE] graph - -----> statementPart
2021-11-21T23:53:18,486|[TRACE] graph - -------> nonSkippedChar
2021-11-21T23:53:18,486|[TRACE] script - #out(`)`) [token]
2021-11-21T23:53:18,486|[TRACE] graph - <------- nonSkippedChar
2021-11-21T23:53:18,486|[TRACE] graph - <----- statementPart
2021-11-21T23:53:18,486|[TRACE] graph - -----> statementPart
2021-11-21T23:53:18,486|[TRACE] graph - -------> nonSkippedSpace
2021-11-21T23:53:18,486|[TRACE] script - #out(` `) [token]
2021-11-21T23:53:18,486|[TRACE] graph - <------- nonSkippedSpace
2021-11-21T23:53:18,486|[TRACE] graph - <----- statementPart
2021-11-21T23:53:18,486|[TRACE] graph - -----> statementPart
2021-11-21T23:53:18,486|[TRACE] graph - -------> nonSkippedChar
2021-11-21T23:53:18,486|[TRACE] script - #out(`*`) [token]
2021-11-21T23:53:18,486|[TRACE] graph - <------- nonSkippedChar
2021-11-21T23:53:18,486|[TRACE] graph - <----- statementPart
2021-11-21T23:53:18,486|[TRACE] graph - -----> statementPart
2021-11-21T23:53:18,486|[TRACE] graph - -------> nonSkippedSpace
2021-11-21T23:53:18,486|[TRACE] script - #out(` `) [token]
2021-11-21T23:53:18,486|[TRACE] graph - <------- nonSkippedSpace
2021-11-21T23:53:18,486|[TRACE] graph - <----- statementPart
2021-11-21T23:53:18,486|[TRACE] graph - -----> statementPart
2021-11-21T23:53:18,486|[TRACE] graph - -------> nonSkippedChar
2021-11-21T23:53:18,486|[TRACE] script - #out(`1`) [token]
2021-11-21T23:53:18,486|[TRACE] graph - <------- nonSkippedChar
2021-11-21T23:53:18,486|[TRACE] graph - <----- statementPart
2021-11-21T23:53:18,486|[TRACE] graph - -----> statementPart
2021-11-21T23:53:18,486|[TRACE] graph - -------> nonSkippedChar
2021-11-21T23:53:18,486|[TRACE] script - #out(`0`) [token]
2021-11-21T23:53:18,486|[TRACE] graph - <------- nonSkippedChar
2021-11-21T23:53:18,486|[TRACE] graph - <----- statementPart
2021-11-21T23:53:18,486|[TRACE] graph - -----> statementPart
2021-11-21T23:53:18,486|[TRACE] graph - -------> nonSkippedChar
2021-11-21T23:53:18,486|[TRACE] script - #out(`0`) [token]
2021-11-21T23:53:18,486|[TRACE] graph - <------- nonSkippedChar
2021-11-21T23:53:18,486|[TRACE] graph - <----- statementPart
2021-11-21T23:53:18,486|[TRACE] graph - -----> statementPart
2021-11-21T23:53:18,486|[TRACE] graph - -------> nonSkippedChar
2021-11-21T23:53:18,486|[TRACE] script - #out(`0`) [token]
2021-11-21T23:53:18,486|[TRACE] graph - <------- nonSkippedChar
2021-11-21T23:53:18,486|[TRACE] graph - <----- statementPart
2021-11-21T23:53:18,486|[TRACE] graph - -----> statementPart
2021-11-21T23:53:18,486|[TRACE] graph - -------> nonSkippedChar
2021-11-21T23:53:18,486|[TRACE] script - #out(`)`) [token]
2021-11-21T23:53:18,486|[TRACE] graph - <------- nonSkippedChar
2021-11-21T23:53:18,486|[TRACE] graph - <----- statementPart
2021-11-21T23:53:18,486|[TRACE] graph - -----> statementPart
2021-11-21T23:53:18,486|[TRACE] graph - -------> nonSkippedChar
2021-11-21T23:53:18,486|[TRACE] script - #out(`,`) [token]
2021-11-21T23:53:18,486|[TRACE] graph - <------- nonSkippedChar
2021-11-21T23:53:18,486|[TRACE] graph - <----- statementPart
2021-11-21T23:53:18,486|[TRACE] graph - -----> afterStatementPartNewline
2021-11-21T23:53:18,486|[TRACE] script - #out(` `) [text]
2021-11-21T23:53:18,486|[TRACE] graph - <----- afterStatementPartNewline
2021-11-21T23:53:18,486|[TRACE] graph - -----> statementPart
2021-11-21T23:53:18,486|[TRACE] graph - -------> nonSkippedSpace
2021-11-21T23:53:18,486|[TRACE] script - #out(` `) [token]
2021-11-21T23:53:18,486|[TRACE] graph - <------- nonSkippedSpace
2021-11-21T23:53:18,486|[TRACE] graph - <----- statementPart
2021-11-21T23:53:18,486|[TRACE] graph - -----> statementPart
2021-11-21T23:53:18,486|[TRACE] graph - -------> nonSkippedSpace
2021-11-21T23:53:18,486|[TRACE] script - #out(` `) [token]
2021-11-21T23:53:18,486|[TRACE] graph - <------- nonSkippedSpace
2021-11-21T23:53:18,486|[TRACE] graph - <----- statementPart
2021-11-21T23:53:18,486|[TRACE] graph - -----> statementPart
2021-11-21T23:53:18,486|[TRACE] graph - -------> quotedString
2021-11-21T23:53:18,486|[TRACE] script - #out(``version``) [token]
2021-11-21T23:53:18,486|[TRACE] graph - <------- quotedString
2021-11-21T23:53:18,486|[TRACE] graph - <----- statementPart
2021-11-21T23:53:18,486|[TRACE] graph - -----> statementPart
2021-11-21T23:53:18,486|[TRACE] graph - -------> nonSkippedSpace
2021-11-21T23:53:18,486|[TRACE] script - #out(` `) [token]
2021-11-21T23:53:18,486|[TRACE] graph - <------- nonSkippedSpace
2021-11-21T23:53:18,486|[TRACE] graph - <----- statementPart
2021-11-21T23:53:18,486|[TRACE] graph - -----> statementPart
2021-11-21T23:53:18,486|[TRACE] graph - -------> nonSkippedChar
2021-11-21T23:53:18,486|[TRACE] script - #out(`I`) [token]
2021-11-21T23:53:18,536|[TRACE] graph - <------- nonSkippedChar
2021-11-21T23:53:18,536|[TRACE] graph - <----- statementPart
2021-11-21T23:53:18,536|[TRACE] graph - -----> statementPart
2021-11-21T23:53:18,536|[TRACE] graph - -------> nonSkippedChar
2021-11-21T23:53:18,536|[TRACE] script - #out(`N`) [token]
2021-11-21T23:53:18,536|[TRACE] graph - <------- nonSkippedChar
2021-11-21T23:53:18,536|[TRACE] graph - <----- statementPart
2021-11-21T23:53:18,536|[TRACE] graph - -----> statementPart
2021-11-21T23:53:18,536|[TRACE] graph - -------> nonSkippedChar
2021-11-21T23:53:18,536|[TRACE] script - #out(`T`) [token]
2021-11-21T23:53:18,536|[TRACE] graph - <------- nonSkippedChar
2021-11-21T23:53:18,536|[TRACE] graph - <----- statementPart
2021-11-21T23:53:18,536|[TRACE] graph - -----> statementPart
2021-11-21T23:53:18,536|[TRACE] graph - -------> nonSkippedSpace
2021-11-21T23:53:18,536|[TRACE] script - #out(` `) [token]
2021-11-21T23:53:18,536|[TRACE] graph - <------- nonSkippedSpace
2021-11-21T23:53:18,536|[TRACE] graph - <----- statementPart
2021-11-21T23:53:18,536|[TRACE] graph - -----> statementPart
2021-11-21T23:53:18,536|[TRACE] graph - -------> nonSkippedChar
2021-11-21T23:53:18,536|[TRACE] script - #out(`N`) [token]
2021-11-21T23:53:18,536|[TRACE] graph - <------- nonSkippedChar
2021-11-21T23:53:18,536|[TRACE] graph - <----- statementPart
2021-11-21T23:53:18,536|[TRACE] graph - -----> statementPart
2021-11-21T23:53:18,536|[TRACE] graph - -------> nonSkippedChar
2021-11-21T23:53:18,536|[TRACE] script - #out(`O`) [token]
2021-11-21T23:53:18,536|[TRACE] graph - <------- nonSkippedChar
2021-11-21T23:53:18,536|[TRACE] graph - <----- statementPart
2021-11-21T23:53:18,536|[TRACE] graph - -----> statementPart
2021-11-21T23:53:18,536|[TRACE] graph - -------> nonSkippedChar
2021-11-21T23:53:18,536|[TRACE] script - #out(`T`) [token]
2021-11-21T23:53:18,536|[TRACE] graph - <------- nonSkippedChar
2021-11-21T23:53:18,536|[TRACE] graph - <----- statementPart
2021-11-21T23:53:18,536|[TRACE] graph - -----> statementPart
2021-11-21T23:53:18,536|[TRACE] graph - -------> nonSkippedSpace
2021-11-21T23:53:18,536|[TRACE] script - #out(` `) [token]
2021-11-21T23:53:18,536|[TRACE] graph - <------- nonSkippedSpace
2021-11-21T23:53:18,536|[TRACE] graph - <----- statementPart
2021-11-21T23:53:18,536|[TRACE] graph - -----> statementPart
2021-11-21T23:53:18,536|[TRACE] graph - -------> nonSkippedChar
2021-11-21T23:53:18,536|[TRACE] script - #out(`N`) [token]
2021-11-21T23:53:18,536|[TRACE] graph - <------- nonSkippedChar
2021-11-21T23:53:18,536|[TRACE] graph - <----- statementPart
2021-11-21T23:53:18,536|[TRACE] graph - -----> statementPart
2021-11-21T23:53:18,536|[TRACE] graph - -------> nonSkippedChar
2021-11-21T23:53:18,536|[TRACE] script - #out(`U`) [token]
2021-11-21T23:53:18,536|[TRACE] graph - <------- nonSkippedChar
2021-11-21T23:53:18,537|[TRACE] graph - <----- statementPart
2021-11-21T23:53:18,537|[TRACE] graph - -----> statementPart
2021-11-21T23:53:18,537|[TRACE] graph - -------> nonSkippedChar
2021-11-21T23:53:18,537|[TRACE] script - #out(`L`) [token]
2021-11-21T23:53:18,537|[TRACE] graph - <------- nonSkippedChar
2021-11-21T23:53:18,537|[TRACE] graph - <----- statementPart
2021-11-21T23:53:18,537|[TRACE] graph - -----> statementPart
2021-11-21T23:53:18,537|[TRACE] graph - -------> nonSkippedChar
2021-11-21T23:53:18,537|[TRACE] script - #out(`L`) [token]
2021-11-21T23:53:18,537|[TRACE] graph - <------- nonSkippedChar
2021-11-21T23:53:18,537|[TRACE] graph - <----- statementPart
2021-11-21T23:53:18,537|[TRACE] graph - -----> statementPart
2021-11-21T23:53:18,537|[TRACE] graph - -------> nonSkippedSpace
2021-11-21T23:53:18,537|[TRACE] script - #out(` `) [token]
2021-11-21T23:53:18,537|[TRACE] graph - <------- nonSkippedSpace
2021-11-21T23:53:18,537|[TRACE] graph - <----- statementPart
2021-11-21T23:53:18,537|[TRACE] graph - -----> statementPart
2021-11-21T23:53:18,537|[TRACE] graph - -------> nonSkippedChar
2021-11-21T23:53:18,537|[TRACE] script - #out(`D`) [token]
2021-11-21T23:53:18,537|[TRACE] graph - <------- nonSkippedChar
2021-11-21T23:53:18,537|[TRACE] graph - <----- statementPart
2021-11-21T23:53:18,537|[TRACE] graph - -----> statementPart
2021-11-21T23:53:18,537|[TRACE] graph - -------> nonSkippedChar
2021-11-21T23:53:18,537|[TRACE] script - #out(`E`) [token]
2021-11-21T23:53:18,537|[TRACE] graph - <------- nonSkippedChar
2021-11-21T23:53:18,537|[TRACE] graph - <----- statementPart
2021-11-21T23:53:18,537|[TRACE] graph - -----> statementPart
2021-11-21T23:53:18,537|[TRACE] graph - -------> nonSkippedChar
2021-11-21T23:53:18,537|[TRACE] script - #out(`F`) [token]
2021-11-21T23:53:18,537|[TRACE] graph - <------- nonSkippedChar
2021-11-21T23:53:18,537|[TRACE] graph - <----- statementPart
2021-11-21T23:53:18,537|[TRACE] graph - -----> statementPart
2021-11-21T23:53:18,537|[TRACE] graph - -------> nonSkippedChar
2021-11-21T23:53:18,537|[TRACE] script - #out(`A`) [token]
2021-11-21T23:53:18,537|[TRACE] graph - <------- nonSkippedChar
2021-11-21T23:53:18,537|[TRACE] graph - <----- statementPart
2021-11-21T23:53:18,537|[TRACE] graph - -----> statementPart
2021-11-21T23:53:18,537|[TRACE] graph - -------> nonSkippedChar
2021-11-21T23:53:18,537|[TRACE] script - #out(`U`) [token]
2021-11-21T23:53:18,537|[TRACE] graph - <------- nonSkippedChar
2021-11-21T23:53:18,537|[TRACE] graph - <----- statementPart
2021-11-21T23:53:18,537|[TRACE] graph - -----> statementPart
2021-11-21T23:53:18,537|[TRACE] graph - -------> nonSkippedChar
2021-11-21T23:53:18,537|[TRACE] script - #out(`L`) [token]
2021-11-21T23:53:18,537|[TRACE] graph - <------- nonSkippedChar
2021-11-21T23:53:18,537|[TRACE] graph - <----- statementPart
2021-11-21T23:53:18,537|[TRACE] graph - -----> statementPart
2021-11-21T23:53:18,537|[TRACE] graph - -------> nonSkippedChar
2021-11-21T23:53:18,537|[TRACE] script - #out(`T`) [token]
2021-11-21T23:53:18,537|[TRACE] graph - <------- nonSkippedChar
2021-11-21T23:53:18,537|[TRACE] graph - <----- statementPart
2021-11-21T23:53:18,537|[TRACE] graph - -----> statementPart
2021-11-21T23:53:18,537|[TRACE] graph - -------> nonSkippedSpace
2021-11-21T23:53:18,537|[TRACE] script - #out(` `) [token]
2021-11-21T23:53:18,537|[TRACE] graph - <------- nonSkippedSpace
2021-11-21T23:53:18,537|[TRACE] graph - <----- statementPart
2021-11-21T23:53:18,537|[TRACE] graph - -----> statementPart
2021-11-21T23:53:18,537|[TRACE] graph - -------> nonSkippedChar
2021-11-21T23:53:18,537|[TRACE] script - #out(`1`) [token]
2021-11-21T23:53:18,537|[TRACE] graph - <------- nonSkippedChar
2021-11-21T23:53:18,537|[TRACE] graph - <----- statementPart
2021-11-21T23:53:18,537|[TRACE] graph - -----> statementPart
2021-11-21T23:53:18,537|[TRACE] graph - -------> nonSkippedChar
2021-11-21T23:53:18,537|[TRACE] script - #out(`,`) [token]
2021-11-21T23:53:18,537|[TRACE] graph - <------- nonSkippedChar
2021-11-21T23:53:18,537|[TRACE] graph - <----- statementPart
2021-11-21T23:53:18,537|[TRACE] graph - -----> afterStatementPartNewline
2021-11-21T23:53:18,537|[TRACE] script - #out(` `) [text]
2021-11-21T23:53:18,537|[TRACE] graph - <----- afterStatementPartNewline
2021-11-21T23:53:18,537|[TRACE] graph - -----> statementPart
2021-11-21T23:53:18,537|[TRACE] graph - -------> nonSkippedSpace
2021-11-21T23:53:18,537|[TRACE] script - #out(` `) [token]
2021-11-21T23:53:18,537|[TRACE] graph - <------- nonSkippedSpace
2021-11-21T23:53:18,537|[TRACE] graph - <----- statementPart
2021-11-21T23:53:18,537|[TRACE] graph - -----> statementPart
2021-11-21T23:53:18,537|[TRACE] graph - -------> nonSkippedSpace
2021-11-21T23:53:18,537|[TRACE] script - #out(` `) [token]
2021-11-21T23:53:18,537|[TRACE] graph - <------- nonSkippedSpace
2021-11-21T23:53:18,537|[TRACE] graph - <----- statementPart
2021-11-21T23:53:18,537|[TRACE] graph - -----> statementPart
2021-11-21T23:53:18,537|[TRACE] graph - -------> nonSkippedChar
2021-11-21T23:53:18,537|[TRACE] script - #out(`P`) [token]
2021-11-21T23:53:18,537|[TRACE] graph - <------- nonSkippedChar
2021-11-21T23:53:18,537|[TRACE] graph - <----- statementPart
2021-11-21T23:53:18,537|[TRACE] graph - -----> statementPart
2021-11-21T23:53:18,537|[TRACE] graph - -------> nonSkippedChar
2021-11-21T23:53:18,537|[TRACE] script - #out(`R`) [token]
2021-11-21T23:53:18,537|[TRACE] graph - <------- nonSkippedChar
2021-11-21T23:53:18,537|[TRACE] graph - <----- statementPart
2021-11-21T23:53:18,537|[TRACE] graph - -----> statementPart
2021-11-21T23:53:18,537|[TRACE] graph - -------> nonSkippedChar
2021-11-21T23:53:18,537|[TRACE] script - #out(`I`) [token]
2021-11-21T23:53:18,537|[TRACE] graph - <------- nonSkippedChar
2021-11-21T23:53:18,537|[TRACE] graph - <----- statementPart
2021-11-21T23:53:18,537|[TRACE] graph - -----> statementPart
2021-11-21T23:53:18,537|[TRACE] graph - -------> nonSkippedChar
2021-11-21T23:53:18,537|[TRACE] script - #out(`M`) [token]
2021-11-21T23:53:18,537|[TRACE] graph - <------- nonSkippedChar
2021-11-21T23:53:18,537|[TRACE] graph - <----- statementPart
2021-11-21T23:53:18,537|[TRACE] graph - -----> statementPart
2021-11-21T23:53:18,537|[TRACE] graph - -------> nonSkippedChar
2021-11-21T23:53:18,537|[TRACE] script - #out(`A`) [token]
2021-11-21T23:53:18,537|[TRACE] graph - <------- nonSkippedChar
2021-11-21T23:53:18,537|[TRACE] graph - <----- statementPart
2021-11-21T23:53:18,537|[TRACE] graph - -----> statementPart
2021-11-21T23:53:18,537|[TRACE] graph - -------> nonSkippedChar
2021-11-21T23:53:18,537|[TRACE] script - #out(`R`) [token]
2021-11-21T23:53:18,537|[TRACE] graph - <------- nonSkippedChar
2021-11-21T23:53:18,537|[TRACE] graph - <----- statementPart
2021-11-21T23:53:18,537|[TRACE] graph - -----> statementPart
2021-11-21T23:53:18,537|[TRACE] graph - -------> nonSkippedChar
2021-11-21T23:53:18,537|[TRACE] script - #out(`Y`) [token]
2021-11-21T23:53:18,537|[TRACE] graph - <------- nonSkippedChar
2021-11-21T23:53:18,537|[TRACE] graph - <----- statementPart
2021-11-21T23:53:18,537|[TRACE] graph - -----> statementPart
2021-11-21T23:53:18,537|[TRACE] graph - -------> nonSkippedSpace
2021-11-21T23:53:18,537|[TRACE] script - #out(` `) [token]
2021-11-21T23:53:18,537|[TRACE] graph - <------- nonSkippedSpace
2021-11-21T23:53:18,537|[TRACE] graph - <----- statementPart
2021-11-21T23:53:18,537|[TRACE] graph - -----> statementPart
2021-11-21T23:53:18,537|[TRACE] graph - -------> nonSkippedChar
2021-11-21T23:53:18,537|[TRACE] script - #out(`K`) [token]
2021-11-21T23:53:18,537|[TRACE] graph - <------- nonSkippedChar
2021-11-21T23:53:18,537|[TRACE] graph - <----- statementPart
2021-11-21T23:53:18,537|[TRACE] graph - -----> statementPart
2021-11-21T23:53:18,537|[TRACE] graph - -------> nonSkippedChar
2021-11-21T23:53:18,537|[TRACE] script - #out(`E`) [token]
2021-11-21T23:53:18,537|[TRACE] graph - <------- nonSkippedChar
2021-11-21T23:53:18,537|[TRACE] graph - <----- statementPart
2021-11-21T23:53:18,537|[TRACE] graph - -----> statementPart
2021-11-21T23:53:18,537|[TRACE] graph - -------> nonSkippedChar
2021-11-21T23:53:18,537|[TRACE] script - #out(`Y`) [token]
2021-11-21T23:53:18,537|[TRACE] graph - <------- nonSkippedChar
2021-11-21T23:53:18,537|[TRACE] graph - <----- statementPart
2021-11-21T23:53:18,537|[TRACE] graph - -----> statementPart
2021-11-21T23:53:18,537|[TRACE] graph - -------> nonSkippedSpace
2021-11-21T23:53:18,537|[TRACE] script - #out(` `) [token]
2021-11-21T23:53:18,537|[TRACE] graph - <------- nonSkippedSpace
2021-11-21T23:53:18,537|[TRACE] graph - <----- statementPart
2021-11-21T23:53:18,537|[TRACE] graph - -----> statementPart
2021-11-21T23:53:18,537|[TRACE] graph - -------> nonSkippedChar
2021-11-21T23:53:18,537|[TRACE] script - #out(`(`) [token]
2021-11-21T23:53:18,537|[TRACE] graph - <------- nonSkippedChar
2021-11-21T23:53:18,537|[TRACE] graph - <----- statementPart
2021-11-21T23:53:18,537|[TRACE] graph - -----> statementPart
2021-11-21T23:53:18,537|[TRACE] graph - -------> quotedString
2021-11-21T23:53:18,537|[TRACE] script - #out(``phone_id``) [token]
2021-11-21T23:53:18,537|[TRACE] graph - <------- quotedString
2021-11-21T23:53:18,537|[TRACE] graph - <----- statementPart
2021-11-21T23:53:18,537|[TRACE] graph - -----> statementPart
2021-11-21T23:53:18,537|[TRACE] graph - -------> nonSkippedChar
2021-11-21T23:53:18,537|[TRACE] script - #out(`)`) [token]
2021-11-21T23:53:18,537|[TRACE] graph - <------- nonSkippedChar
2021-11-21T23:53:18,537|[TRACE] graph - <----- statementPart
2021-11-21T23:53:18,537|[TRACE] graph - -----> statementPart
2021-11-21T23:53:18,537|[TRACE] graph - -------> nonSkippedChar
2021-11-21T23:53:18,537|[TRACE] script - #out(`)`) [token]
2021-11-21T23:53:18,537|[TRACE] graph - <------- nonSkippedChar
2021-11-21T23:53:18,537|[TRACE] graph - <----- statementPart
2021-11-21T23:53:18,537|[TRACE] graph - -----> afterStatementPartNewline
2021-11-21T23:53:18,537|[TRACE] script - #out(` `) [text]
2021-11-21T23:53:18,537|[TRACE] graph - <----- afterStatementPartNewline
2021-11-21T23:53:18,537|[TRACE] graph - -----> statementPart
2021-11-21T23:53:18,537|[TRACE] graph - -------> nonSkippedChar
2021-11-21T23:53:18,537|[TRACE] script - #out(`E`) [token]
2021-11-21T23:53:18,537|[TRACE] graph - <------- nonSkippedChar
2021-11-21T23:53:18,537|[TRACE] graph - <----- statementPart
2021-11-21T23:53:18,537|[TRACE] graph - -----> statementPart
2021-11-21T23:53:18,537|[TRACE] graph - -------> nonSkippedChar
2021-11-21T23:53:18,537|[TRACE] script - #out(`N`) [token]
2021-11-21T23:53:18,537|[TRACE] graph - <------- nonSkippedChar
2021-11-21T23:53:18,537|[TRACE] graph - <----- statementPart
2021-11-21T23:53:18,537|[TRACE] graph - -----> statementPart
2021-11-21T23:53:18,537|[TRACE] graph - -------> nonSkippedChar
2021-11-21T23:53:18,537|[TRACE] script - #out(`G`) [token]
2021-11-21T23:53:18,537|[TRACE] graph - <------- nonSkippedChar
2021-11-21T23:53:18,537|[TRACE] graph - <----- statementPart
2021-11-21T23:53:18,537|[TRACE] graph - -----> statementPart
2021-11-21T23:53:18,537|[TRACE] graph - -------> nonSkippedChar
2021-11-21T23:53:18,537|[TRACE] script - #out(`I`) [token]
2021-11-21T23:53:18,537|[TRACE] graph - <------- nonSkippedChar
2021-11-21T23:53:18,537|[TRACE] graph - <----- statementPart
2021-11-21T23:53:18,537|[TRACE] graph - -----> statementPart
2021-11-21T23:53:18,537|[TRACE] graph - -------> nonSkippedChar
2021-11-21T23:53:18,537|[TRACE] script - #out(`N`) [token]
2021-11-21T23:53:18,537|[TRACE] graph - <------- nonSkippedChar
2021-11-21T23:53:18,537|[TRACE] graph - <----- statementPart
2021-11-21T23:53:18,537|[TRACE] graph - -----> statementPart
2021-11-21T23:53:18,537|[TRACE] graph - -------> nonSkippedChar
2021-11-21T23:53:18,537|[TRACE] script - #out(`E`) [token]
2021-11-21T23:53:18,537|[TRACE] graph - <------- nonSkippedChar
2021-11-21T23:53:18,537|[TRACE] graph - <----- statementPart
2021-11-21T23:53:18,537|[TRACE] graph - -----> statementPart
2021-11-21T23:53:18,537|[TRACE] graph - -------> nonSkippedSpace
2021-11-21T23:53:18,537|[TRACE] script - #out(` `) [token]
2021-11-21T23:53:18,537|[TRACE] graph - <------- nonSkippedSpace
2021-11-21T23:53:18,537|[TRACE] graph - <----- statementPart
2021-11-21T23:53:18,537|[TRACE] graph - -----> statementPart
2021-11-21T23:53:18,537|[TRACE] graph - -------> nonSkippedChar
2021-11-21T23:53:18,537|[TRACE] script - #out(`=`) [token]
2021-11-21T23:53:18,537|[TRACE] graph - <------- nonSkippedChar
2021-11-21T23:53:18,537|[TRACE] graph - <----- statementPart
2021-11-21T23:53:18,537|[TRACE] graph - -----> statementPart
2021-11-21T23:53:18,537|[TRACE] graph - -------> nonSkippedSpace
2021-11-21T23:53:18,537|[TRACE] script - #out(` `) [token]
2021-11-21T23:53:18,537|[TRACE] graph - <------- nonSkippedSpace
2021-11-21T23:53:18,537|[TRACE] graph - <----- statementPart
2021-11-21T23:53:18,537|[TRACE] graph - -----> statementPart
2021-11-21T23:53:18,537|[TRACE] graph - -------> nonSkippedChar
2021-11-21T23:53:18,537|[TRACE] script - #out(`I`) [token]
2021-11-21T23:53:18,537|[TRACE] graph - <------- nonSkippedChar
2021-11-21T23:53:18,537|[TRACE] graph - <----- statementPart
2021-11-21T23:53:18,537|[TRACE] graph - -----> statementPart
2021-11-21T23:53:18,537|[TRACE] graph - -------> nonSkippedChar
2021-11-21T23:53:18,537|[TRACE] script - #out(`n`) [token]
2021-11-21T23:53:18,537|[TRACE] graph - <------- nonSkippedChar
2021-11-21T23:53:18,537|[TRACE] graph - <----- statementPart
2021-11-21T23:53:18,537|[TRACE] graph - -----> statementPart
2021-11-21T23:53:18,537|[TRACE] graph - -------> nonSkippedChar
2021-11-21T23:53:18,537|[TRACE] script - #out(`n`) [token]
2021-11-21T23:53:18,537|[TRACE] graph - <------- nonSkippedChar
2021-11-21T23:53:18,537|[TRACE] graph - <----- statementPart
2021-11-21T23:53:18,537|[TRACE] graph - -----> statementPart
2021-11-21T23:53:18,537|[TRACE] graph - -------> nonSkippedChar
2021-11-21T23:53:18,537|[TRACE] script - #out(`o`) [token]
2021-11-21T23:53:18,537|[TRACE] graph - <------- nonSkippedChar
2021-11-21T23:53:18,537|[TRACE] graph - <----- statementPart
2021-11-21T23:53:18,537|[TRACE] graph - -----> statementPart
2021-11-21T23:53:18,537|[TRACE] graph - -------> nonSkippedChar
2021-11-21T23:53:18,537|[TRACE] script - #out(`D`) [token]
2021-11-21T23:53:18,537|[TRACE] graph - <------- nonSkippedChar
2021-11-21T23:53:18,537|[TRACE] graph - <----- statementPart
2021-11-21T23:53:18,537|[TRACE] graph - -----> statementPart
2021-11-21T23:53:18,537|[TRACE] graph - -------> nonSkippedChar
2021-11-21T23:53:18,537|[TRACE] script - #out(`B`) [token]
2021-11-21T23:53:18,537|[TRACE] graph - <------- nonSkippedChar
2021-11-21T23:53:18,537|[TRACE] graph - <----- statementPart
2021-11-21T23:53:18,537|[DEBUG] graph - Import statement : CREATE TABLE IF NOT EXISTS `bloodbank`.`phone` (   `phone_id` INT NOT NULL AUTO_INCREMENT,   `country_code` VARCHAR(10) NOT NULL DEFAULT '1',   `area_code` VARCHAR(10) NOT NULL,   `number` VARCHAR(10) NOT NULL,   `created` BIGINT NOT NULL DEFAULT (unix_timestamp(now()) * 1000),   `updated` BIGINT NOT NULL DEFAULT (unix_timestamp(now()) * 1000),   `version` INT NOT NULL DEFAULT 1,   PRIMARY KEY (`phone_id`)) ENGINE = InnoDB
2021-11-21T23:53:18,537|[TRACE] graph - <--- statement
2021-11-21T23:53:18,537|[TRACE] graph - ---> blankSpacesToSkip
2021-11-21T23:53:18,537|[TRACE] graph - -----> newLineToSkip
2021-11-21T23:53:18,537|[TRACE] graph - <----- newLineToSkip
2021-11-21T23:53:18,537|[TRACE] graph - -----> newLineToSkip
2021-11-21T23:53:18,537|[TRACE] graph - <----- newLineToSkip
2021-11-21T23:53:18,537|[TRACE] graph - -----> newLineToSkip
2021-11-21T23:53:18,537|[TRACE] graph - <----- newLineToSkip
2021-11-21T23:53:18,537|[TRACE] graph - -----> newLineToSkip
2021-11-21T23:53:18,537|[TRACE] graph - <----- newLineToSkip
2021-11-21T23:53:18,537|[TRACE] graph - -----> newLineToSkip
2021-11-21T23:53:18,537|[TRACE] graph - <----- newLineToSkip
2021-11-21T23:53:18,537|[TRACE] graph - -----> newLineToSkip
2021-11-21T23:53:18,537|[TRACE] graph - <----- newLineToSkip
2021-11-21T23:53:18,537|[TRACE] graph - <--- blankSpacesToSkip
2021-11-21T23:53:18,537|[TRACE] graph - ---> statement
2021-11-21T23:53:18,537|[TRACE] graph - -----> statementFirstPart
2021-11-21T23:53:18,537|[TRACE] graph - -------> nonSkippedChar
2021-11-21T23:53:18,537|[TRACE] script - #out(`C`) [token]
2021-11-21T23:53:18,537|[TRACE] graph - <------- nonSkippedChar
2021-11-21T23:53:18,537|[TRACE] graph - <----- statementFirstPart
2021-11-21T23:53:18,537|[TRACE] graph - -----> statementPart
2021-11-21T23:53:18,537|[TRACE] graph - -------> nonSkippedChar
2021-11-21T23:53:18,537|[TRACE] script - #out(`R`) [token]
2021-11-21T23:53:18,537|[TRACE] graph - <------- nonSkippedChar
2021-11-21T23:53:18,537|[TRACE] graph - <----- statementPart
2021-11-21T23:53:18,537|[TRACE] graph - -----> statementPart
2021-11-21T23:53:18,537|[TRACE] graph - -------> nonSkippedChar
2021-11-21T23:53:18,537|[TRACE] script - #out(`E`) [token]
2021-11-21T23:53:18,537|[TRACE] graph - <------- nonSkippedChar
2021-11-21T23:53:18,537|[TRACE] graph - <----- statementPart
2021-11-21T23:53:18,537|[TRACE] graph - -----> statementPart
2021-11-21T23:53:18,537|[TRACE] graph - -------> nonSkippedChar
2021-11-21T23:53:18,537|[TRACE] script - #out(`A`) [token]
2021-11-21T23:53:18,537|[TRACE] graph - <------- nonSkippedChar
2021-11-21T23:53:18,537|[TRACE] graph - <----- statementPart
2021-11-21T23:53:18,537|[TRACE] graph - -----> statementPart
2021-11-21T23:53:18,537|[TRACE] graph - -------> nonSkippedChar
2021-11-21T23:53:18,537|[TRACE] script - #out(`T`) [token]
2021-11-21T23:53:18,537|[TRACE] graph - <------- nonSkippedChar
2021-11-21T23:53:18,537|[TRACE] graph - <----- statementPart
2021-11-21T23:53:18,537|[TRACE] graph - -----> statementPart
2021-11-21T23:53:18,537|[TRACE] graph - -------> nonSkippedChar
2021-11-21T23:53:18,537|[TRACE] script - #out(`E`) [token]
2021-11-21T23:53:18,537|[TRACE] graph - <------- nonSkippedChar
2021-11-21T23:53:18,537|[TRACE] graph - <----- statementPart
2021-11-21T23:53:18,537|[TRACE] graph - -----> statementPart
2021-11-21T23:53:18,537|[TRACE] graph - -------> nonSkippedSpace
2021-11-21T23:53:18,537|[TRACE] script - #out(` `) [token]
2021-11-21T23:53:18,537|[TRACE] graph - <------- nonSkippedSpace
2021-11-21T23:53:18,537|[TRACE] graph - <----- statementPart
2021-11-21T23:53:18,537|[TRACE] graph - -----> statementPart
2021-11-21T23:53:18,537|[TRACE] graph - -------> nonSkippedChar
2021-11-21T23:53:18,538|[TRACE] script - #out(`T`) [token]
2021-11-21T23:53:18,538|[TRACE] graph - <------- nonSkippedChar
2021-11-21T23:53:18,538|[TRACE] graph - <----- statementPart
2021-11-21T23:53:18,538|[TRACE] graph - -----> statementPart
2021-11-21T23:53:18,538|[TRACE] graph - -------> nonSkippedChar
2021-11-21T23:53:18,538|[TRACE] script - #out(`A`) [token]
2021-11-21T23:53:18,538|[TRACE] graph - <------- nonSkippedChar
2021-11-21T23:53:18,538|[TRACE] graph - <----- statementPart
2021-11-21T23:53:18,538|[TRACE] graph - -----> statementPart
2021-11-21T23:53:18,538|[TRACE] graph - -------> nonSkippedChar
2021-11-21T23:53:18,538|[TRACE] script - #out(`B`) [token]
2021-11-21T23:53:18,538|[TRACE] graph - <------- nonSkippedChar
2021-11-21T23:53:18,538|[TRACE] graph - <----- statementPart
2021-11-21T23:53:18,538|[TRACE] graph - -----> statementPart
2021-11-21T23:53:18,538|[TRACE] graph - -------> nonSkippedChar
2021-11-21T23:53:18,538|[TRACE] script - #out(`L`) [token]
2021-11-21T23:53:18,538|[TRACE] graph - <------- nonSkippedChar
2021-11-21T23:53:18,538|[TRACE] graph - <----- statementPart
2021-11-21T23:53:18,538|[TRACE] graph - -----> statementPart
2021-11-21T23:53:18,538|[TRACE] graph - -------> nonSkippedChar
2021-11-21T23:53:18,538|[TRACE] script - #out(`E`) [token]
2021-11-21T23:53:18,538|[TRACE] graph - <------- nonSkippedChar
2021-11-21T23:53:18,538|[TRACE] graph - <----- statementPart
2021-11-21T23:53:18,538|[TRACE] graph - -----> statementPart
2021-11-21T23:53:18,538|[TRACE] graph - -------> nonSkippedSpace
2021-11-21T23:53:18,538|[TRACE] script - #out(` `) [token]
2021-11-21T23:53:18,538|[TRACE] graph - <------- nonSkippedSpace
2021-11-21T23:53:18,538|[TRACE] graph - <----- statementPart
2021-11-21T23:53:18,538|[TRACE] graph - -----> statementPart
2021-11-21T23:53:18,538|[TRACE] graph - -------> nonSkippedChar
2021-11-21T23:53:18,538|[TRACE] script - #out(`I`) [token]
2021-11-21T23:53:18,538|[TRACE] graph - <------- nonSkippedChar
2021-11-21T23:53:18,538|[TRACE] graph - <----- statementPart
2021-11-21T23:53:18,538|[TRACE] graph - -----> statementPart
2021-11-21T23:53:18,538|[TRACE] graph - -------> nonSkippedChar
2021-11-21T23:53:18,538|[TRACE] script - #out(`F`) [token]
2021-11-21T23:53:18,538|[TRACE] graph - <------- nonSkippedChar
2021-11-21T23:53:18,538|[TRACE] graph - <----- statementPart
2021-11-21T23:53:18,538|[TRACE] graph - -----> statementPart
2021-11-21T23:53:18,538|[TRACE] graph - -------> nonSkippedSpace
2021-11-21T23:53:18,538|[TRACE] script - #out(` `) [token]
2021-11-21T23:53:18,538|[TRACE] graph - <------- nonSkippedSpace
2021-11-21T23:53:18,538|[TRACE] graph - <----- statementPart
2021-11-21T23:53:18,538|[TRACE] graph - -----> statementPart
2021-11-21T23:53:18,538|[TRACE] graph - -------> nonSkippedChar
2021-11-21T23:53:18,538|[TRACE] script - #out(`N`) [token]
2021-11-21T23:53:18,538|[TRACE] graph - <------- nonSkippedChar
2021-11-21T23:53:18,538|[TRACE] graph - <----- statementPart
2021-11-21T23:53:18,538|[TRACE] graph - -----> statementPart
2021-11-21T23:53:18,538|[TRACE] graph - -------> nonSkippedChar
2021-11-21T23:53:18,538|[TRACE] script - #out(`O`) [token]
2021-11-21T23:53:18,538|[TRACE] graph - <------- nonSkippedChar
2021-11-21T23:53:18,538|[TRACE] graph - <----- statementPart
2021-11-21T23:53:18,538|[TRACE] graph - -----> statementPart
2021-11-21T23:53:18,538|[TRACE] graph - -------> nonSkippedChar
2021-11-21T23:53:18,538|[TRACE] script - #out(`T`) [token]
2021-11-21T23:53:18,538|[TRACE] graph - <------- nonSkippedChar
2021-11-21T23:53:18,538|[TRACE] graph - <----- statementPart
2021-11-21T23:53:18,538|[TRACE] graph - -----> statementPart
2021-11-21T23:53:18,538|[TRACE] graph - -------> nonSkippedSpace
2021-11-21T23:53:18,538|[TRACE] script - #out(` `) [token]
2021-11-21T23:53:18,538|[TRACE] graph - <------- nonSkippedSpace
2021-11-21T23:53:18,538|[TRACE] graph - <----- statementPart
2021-11-21T23:53:18,538|[TRACE] graph - -----> statementPart
2021-11-21T23:53:18,538|[TRACE] graph - -------> nonSkippedChar
2021-11-21T23:53:18,538|[TRACE] script - #out(`E`) [token]
2021-11-21T23:53:18,538|[TRACE] graph - <------- nonSkippedChar
2021-11-21T23:53:18,538|[TRACE] graph - <----- statementPart
2021-11-21T23:53:18,538|[TRACE] graph - -----> statementPart
2021-11-21T23:53:18,538|[TRACE] graph - -------> nonSkippedChar
2021-11-21T23:53:18,538|[TRACE] script - #out(`X`) [token]
2021-11-21T23:53:18,538|[TRACE] graph - <------- nonSkippedChar
2021-11-21T23:53:18,538|[TRACE] graph - <----- statementPart
2021-11-21T23:53:18,538|[TRACE] graph - -----> statementPart
2021-11-21T23:53:18,538|[TRACE] graph - -------> nonSkippedChar
2021-11-21T23:53:18,538|[TRACE] script - #out(`I`) [token]
2021-11-21T23:53:18,538|[TRACE] graph - <------- nonSkippedChar
2021-11-21T23:53:18,538|[TRACE] graph - <----- statementPart
2021-11-21T23:53:18,538|[TRACE] graph - -----> statementPart
2021-11-21T23:53:18,538|[TRACE] graph - -------> nonSkippedChar
2021-11-21T23:53:18,538|[TRACE] script - #out(`S`) [token]
2021-11-21T23:53:18,538|[TRACE] graph - <------- nonSkippedChar
2021-11-21T23:53:18,538|[TRACE] graph - <----- statementPart
2021-11-21T23:53:18,538|[TRACE] graph - -----> statementPart
2021-11-21T23:53:18,538|[TRACE] graph - -------> nonSkippedChar
2021-11-21T23:53:18,538|[TRACE] script - #out(`T`) [token]
2021-11-21T23:53:18,538|[TRACE] graph - <------- nonSkippedChar
2021-11-21T23:53:18,538|[TRACE] graph - <----- statementPart
2021-11-21T23:53:18,538|[TRACE] graph - -----> statementPart
2021-11-21T23:53:18,538|[TRACE] graph - -------> nonSkippedChar
2021-11-21T23:53:18,538|[TRACE] script - #out(`S`) [token]
2021-11-21T23:53:18,538|[TRACE] graph - <------- nonSkippedChar
2021-11-21T23:53:18,538|[TRACE] graph - <----- statementPart
2021-11-21T23:53:18,538|[TRACE] graph - -----> statementPart
2021-11-21T23:53:18,538|[TRACE] graph - -------> nonSkippedSpace
2021-11-21T23:53:18,538|[TRACE] script - #out(` `) [token]
2021-11-21T23:53:18,538|[TRACE] graph - <------- nonSkippedSpace
2021-11-21T23:53:18,538|[TRACE] graph - <----- statementPart
2021-11-21T23:53:18,538|[TRACE] graph - -----> statementPart
2021-11-21T23:53:18,538|[TRACE] graph - -------> quotedString
2021-11-21T23:53:18,538|[TRACE] script - #out(``bloodbank``) [token]
2021-11-21T23:53:18,538|[TRACE] graph - <------- quotedString
2021-11-21T23:53:18,538|[TRACE] graph - <----- statementPart
2021-11-21T23:53:18,538|[TRACE] graph - -----> statementPart
2021-11-21T23:53:18,538|[TRACE] graph - -------> nonSkippedChar
2021-11-21T23:53:18,538|[TRACE] script - #out(`.`) [token]
2021-11-21T23:53:18,538|[TRACE] graph - <------- nonSkippedChar
2021-11-21T23:53:18,538|[TRACE] graph - <----- statementPart
2021-11-21T23:53:18,538|[TRACE] graph - -----> statementPart
2021-11-21T23:53:18,538|[TRACE] graph - -------> quotedString
2021-11-21T23:53:18,538|[TRACE] script - #out(``contact``) [token]
2021-11-21T23:53:18,538|[TRACE] graph - <------- quotedString
2021-11-21T23:53:18,538|[TRACE] graph - <----- statementPart
2021-11-21T23:53:18,538|[TRACE] graph - -----> statementPart
2021-11-21T23:53:18,538|[TRACE] graph - -------> nonSkippedSpace
2021-11-21T23:53:18,538|[TRACE] script - #out(` `) [token]
2021-11-21T23:53:18,538|[TRACE] graph - <------- nonSkippedSpace
2021-11-21T23:53:18,538|[TRACE] graph - <----- statementPart
2021-11-21T23:53:18,538|[TRACE] graph - -----> statementPart
2021-11-21T23:53:18,538|[TRACE] graph - -------> nonSkippedChar
2021-11-21T23:53:18,538|[TRACE] script - #out(`(`) [token]
2021-11-21T23:53:18,538|[TRACE] graph - <------- nonSkippedChar
2021-11-21T23:53:18,538|[TRACE] graph - <----- statementPart
2021-11-21T23:53:18,538|[TRACE] graph - -----> afterStatementPartNewline
2021-11-21T23:53:18,579|[TRACE] script - #out(` `) [text]
2021-11-21T23:53:18,579|[TRACE] graph - <----- afterStatementPartNewline
2021-11-21T23:53:18,579|[TRACE] graph - -----> statementPart
2021-11-21T23:53:18,579|[TRACE] graph - -------> nonSkippedSpace
2021-11-21T23:53:18,579|[TRACE] script - #out(` `) [token]
2021-11-21T23:53:18,579|[TRACE] graph - <------- nonSkippedSpace
2021-11-21T23:53:18,579|[TRACE] graph - <----- statementPart
2021-11-21T23:53:18,579|[TRACE] graph - -----> statementPart
2021-11-21T23:53:18,579|[TRACE] graph - -------> nonSkippedSpace
2021-11-21T23:53:18,579|[TRACE] script - #out(` `) [token]
2021-11-21T23:53:18,579|[TRACE] graph - <------- nonSkippedSpace
2021-11-21T23:53:18,579|[TRACE] graph - <----- statementPart
2021-11-21T23:53:18,579|[TRACE] graph - -----> statementPart
2021-11-21T23:53:18,579|[TRACE] graph - -------> quotedString
2021-11-21T23:53:18,579|[TRACE] script - #out(``person_id``) [token]
2021-11-21T23:53:18,579|[TRACE] graph - <------- quotedString
2021-11-21T23:53:18,579|[TRACE] graph - <----- statementPart
2021-11-21T23:53:18,579|[TRACE] graph - -----> statementPart
2021-11-21T23:53:18,579|[TRACE] graph - -------> nonSkippedSpace
2021-11-21T23:53:18,579|[TRACE] script - #out(` `) [token]
2021-11-21T23:53:18,579|[TRACE] graph - <------- nonSkippedSpace
2021-11-21T23:53:18,579|[TRACE] graph - <----- statementPart
2021-11-21T23:53:18,579|[TRACE] graph - -----> statementPart
2021-11-21T23:53:18,579|[TRACE] graph - -------> nonSkippedChar
2021-11-21T23:53:18,579|[TRACE] script - #out(`I`) [token]
2021-11-21T23:53:18,579|[TRACE] graph - <------- nonSkippedChar
2021-11-21T23:53:18,579|[TRACE] graph - <----- statementPart
2021-11-21T23:53:18,579|[TRACE] graph - -----> statementPart
2021-11-21T23:53:18,579|[TRACE] graph - -------> nonSkippedChar
2021-11-21T23:53:18,579|[TRACE] script - #out(`N`) [token]
2021-11-21T23:53:18,579|[TRACE] graph - <------- nonSkippedChar
2021-11-21T23:53:18,579|[TRACE] graph - <----- statementPart
2021-11-21T23:53:18,579|[TRACE] graph - -----> statementPart
2021-11-21T23:53:18,579|[TRACE] graph - -------> nonSkippedChar
2021-11-21T23:53:18,579|[TRACE] script - #out(`T`) [token]
2021-11-21T23:53:18,579|[TRACE] graph - <------- nonSkippedChar
2021-11-21T23:53:18,579|[TRACE] graph - <----- statementPart
2021-11-21T23:53:18,579|[TRACE] graph - -----> statementPart
2021-11-21T23:53:18,579|[TRACE] graph - -------> nonSkippedSpace
2021-11-21T23:53:18,579|[TRACE] script - #out(` `) [token]
2021-11-21T23:53:18,579|[TRACE] graph - <------- nonSkippedSpace
2021-11-21T23:53:18,579|[TRACE] graph - <----- statementPart
2021-11-21T23:53:18,579|[TRACE] graph - -----> statementPart
2021-11-21T23:53:18,579|[TRACE] graph - -------> nonSkippedChar
2021-11-21T23:53:18,579|[TRACE] script - #out(`N`) [token]
2021-11-21T23:53:18,579|[TRACE] graph - <------- nonSkippedChar
2021-11-21T23:53:18,579|[TRACE] graph - <----- statementPart
2021-11-21T23:53:18,579|[TRACE] graph - -----> statementPart
2021-11-21T23:53:18,579|[TRACE] graph - -------> nonSkippedChar
2021-11-21T23:53:18,579|[TRACE] script - #out(`O`) [token]
2021-11-21T23:53:18,579|[TRACE] graph - <------- nonSkippedChar
2021-11-21T23:53:18,579|[TRACE] graph - <----- statementPart
2021-11-21T23:53:18,579|[TRACE] graph - -----> statementPart
2021-11-21T23:53:18,579|[TRACE] graph - -------> nonSkippedChar
2021-11-21T23:53:18,579|[TRACE] script - #out(`T`) [token]
2021-11-21T23:53:18,579|[TRACE] graph - <------- nonSkippedChar
2021-11-21T23:53:18,579|[TRACE] graph - <----- statementPart
2021-11-21T23:53:18,579|[TRACE] graph - -----> statementPart
2021-11-21T23:53:18,579|[TRACE] graph - -------> nonSkippedSpace
2021-11-21T23:53:18,579|[TRACE] script - #out(` `) [token]
2021-11-21T23:53:18,579|[TRACE] graph - <------- nonSkippedSpace
2021-11-21T23:53:18,579|[TRACE] graph - <----- statementPart
2021-11-21T23:53:18,579|[TRACE] graph - -----> statementPart
2021-11-21T23:53:18,579|[TRACE] graph - -------> nonSkippedChar
2021-11-21T23:53:18,579|[TRACE] script - #out(`N`) [token]
2021-11-21T23:53:18,579|[TRACE] graph - <------- nonSkippedChar
2021-11-21T23:53:18,579|[TRACE] graph - <----- statementPart
2021-11-21T23:53:18,579|[TRACE] graph - -----> statementPart
2021-11-21T23:53:18,579|[TRACE] graph - -------> nonSkippedChar
2021-11-21T23:53:18,579|[TRACE] script - #out(`U`) [token]
2021-11-21T23:53:18,579|[TRACE] graph - <------- nonSkippedChar
2021-11-21T23:53:18,579|[TRACE] graph - <----- statementPart
2021-11-21T23:53:18,579|[TRACE] graph - -----> statementPart
2021-11-21T23:53:18,579|[TRACE] graph - -------> nonSkippedChar
2021-11-21T23:53:18,579|[TRACE] script - #out(`L`) [token]
2021-11-21T23:53:18,579|[TRACE] graph - <------- nonSkippedChar
2021-11-21T23:53:18,579|[TRACE] graph - <----- statementPart
2021-11-21T23:53:18,579|[TRACE] graph - -----> statementPart
2021-11-21T23:53:18,579|[TRACE] graph - -------> nonSkippedChar
2021-11-21T23:53:18,579|[TRACE] script - #out(`L`) [token]
2021-11-21T23:53:18,579|[TRACE] graph - <------- nonSkippedChar
2021-11-21T23:53:18,579|[TRACE] graph - <----- statementPart
2021-11-21T23:53:18,579|[TRACE] graph - -----> statementPart
2021-11-21T23:53:18,579|[TRACE] graph - -------> nonSkippedChar
2021-11-21T23:53:18,579|[TRACE] script - #out(`,`) [token]
2021-11-21T23:53:18,579|[TRACE] graph - <------- nonSkippedChar
2021-11-21T23:53:18,579|[TRACE] graph - <----- statementPart
2021-11-21T23:53:18,579|[TRACE] graph - -----> afterStatementPartNewline
2021-11-21T23:53:18,579|[TRACE] script - #out(` `) [text]
2021-11-21T23:53:18,579|[TRACE] graph - <----- afterStatementPartNewline
2021-11-21T23:53:18,579|[TRACE] graph - -----> statementPart
2021-11-21T23:53:18,579|[TRACE] graph - -------> nonSkippedSpace
2021-11-21T23:53:18,579|[TRACE] script - #out(` `) [token]
2021-11-21T23:53:18,579|[TRACE] graph - <------- nonSkippedSpace
2021-11-21T23:53:18,579|[TRACE] graph - <----- statementPart
2021-11-21T23:53:18,579|[TRACE] graph - -----> statementPart
2021-11-21T23:53:18,579|[TRACE] graph - -------> nonSkippedSpace
2021-11-21T23:53:18,579|[TRACE] script - #out(` `) [token]
2021-11-21T23:53:18,579|[TRACE] graph - <------- nonSkippedSpace
2021-11-21T23:53:18,579|[TRACE] graph - <----- statementPart
2021-11-21T23:53:18,579|[TRACE] graph - -----> statementPart
2021-11-21T23:53:18,579|[TRACE] graph - -------> quotedString
2021-11-21T23:53:18,579|[TRACE] script - #out(``phone_id``) [token]
2021-11-21T23:53:18,579|[TRACE] graph - <------- quotedString
2021-11-21T23:53:18,579|[TRACE] graph - <----- statementPart
2021-11-21T23:53:18,579|[TRACE] graph - -----> statementPart
2021-11-21T23:53:18,579|[TRACE] graph - -------> nonSkippedSpace
2021-11-21T23:53:18,579|[TRACE] script - #out(` `) [token]
2021-11-21T23:53:18,579|[TRACE] graph - <------- nonSkippedSpace
2021-11-21T23:53:18,579|[TRACE] graph - <----- statementPart
2021-11-21T23:53:18,579|[TRACE] graph - -----> statementPart
2021-11-21T23:53:18,579|[TRACE] graph - -------> nonSkippedChar
2021-11-21T23:53:18,579|[TRACE] script - #out(`I`) [token]
2021-11-21T23:53:18,579|[TRACE] graph - <------- nonSkippedChar
2021-11-21T23:53:18,579|[TRACE] graph - <----- statementPart
2021-11-21T23:53:18,579|[TRACE] graph - -----> statementPart
2021-11-21T23:53:18,579|[TRACE] graph - -------> nonSkippedChar
2021-11-21T23:53:18,579|[TRACE] script - #out(`N`) [token]
2021-11-21T23:53:18,579|[TRACE] graph - <------- nonSkippedChar
2021-11-21T23:53:18,579|[TRACE] graph - <----- statementPart
2021-11-21T23:53:18,579|[TRACE] graph - -----> statementPart
2021-11-21T23:53:18,579|[TRACE] graph - -------> nonSkippedChar
2021-11-21T23:53:18,579|[TRACE] script - #out(`T`) [token]
2021-11-21T23:53:18,579|[TRACE] graph - <------- nonSkippedChar
2021-11-21T23:53:18,579|[TRACE] graph - <----- statementPart
2021-11-21T23:53:18,579|[TRACE] graph - -----> statementPart
2021-11-21T23:53:18,579|[TRACE] graph - -------> nonSkippedSpace
2021-11-21T23:53:18,579|[TRACE] script - #out(` `) [token]
2021-11-21T23:53:18,579|[TRACE] graph - <------- nonSkippedSpace
2021-11-21T23:53:18,579|[TRACE] graph - <----- statementPart
2021-11-21T23:53:18,579|[TRACE] graph - -----> statementPart
2021-11-21T23:53:18,579|[TRACE] graph - -------> nonSkippedChar
2021-11-21T23:53:18,579|[TRACE] script - #out(`N`) [token]
2021-11-21T23:53:18,579|[TRACE] graph - <------- nonSkippedChar
2021-11-21T23:53:18,579|[TRACE] graph - <----- statementPart
2021-11-21T23:53:18,579|[TRACE] graph - -----> statementPart
2021-11-21T23:53:18,579|[TRACE] graph - -------> nonSkippedChar
2021-11-21T23:53:18,579|[TRACE] script - #out(`O`) [token]
2021-11-21T23:53:18,579|[TRACE] graph - <------- nonSkippedChar
2021-11-21T23:53:18,579|[TRACE] graph - <----- statementPart
2021-11-21T23:53:18,579|[TRACE] graph - -----> statementPart
2021-11-21T23:53:18,579|[TRACE] graph - -------> nonSkippedChar
2021-11-21T23:53:18,579|[TRACE] script - #out(`T`) [token]
2021-11-21T23:53:18,579|[TRACE] graph - <------- nonSkippedChar
2021-11-21T23:53:18,579|[TRACE] graph - <----- statementPart
2021-11-21T23:53:18,579|[TRACE] graph - -----> statementPart
2021-11-21T23:53:18,579|[TRACE] graph - -------> nonSkippedSpace
2021-11-21T23:53:18,579|[TRACE] script - #out(` `) [token]
2021-11-21T23:53:18,579|[TRACE] graph - <------- nonSkippedSpace
2021-11-21T23:53:18,579|[TRACE] graph - <----- statementPart
2021-11-21T23:53:18,579|[TRACE] graph - -----> statementPart
2021-11-21T23:53:18,579|[TRACE] graph - -------> nonSkippedChar
2021-11-21T23:53:18,579|[TRACE] script - #out(`N`) [token]
2021-11-21T23:53:18,579|[TRACE] graph - <------- nonSkippedChar
2021-11-21T23:53:18,579|[TRACE] graph - <----- statementPart
2021-11-21T23:53:18,579|[TRACE] graph - -----> statementPart
2021-11-21T23:53:18,579|[TRACE] graph - -------> nonSkippedChar
2021-11-21T23:53:18,579|[TRACE] script - #out(`U`) [token]
2021-11-21T23:53:18,579|[TRACE] graph - <------- nonSkippedChar
2021-11-21T23:53:18,579|[TRACE] graph - <----- statementPart
2021-11-21T23:53:18,579|[TRACE] graph - -----> statementPart
2021-11-21T23:53:18,579|[TRACE] graph - -------> nonSkippedChar
2021-11-21T23:53:18,579|[TRACE] script - #out(`L`) [token]
2021-11-21T23:53:18,579|[TRACE] graph - <------- nonSkippedChar
2021-11-21T23:53:18,579|[TRACE] graph - <----- statementPart
2021-11-21T23:53:18,579|[TRACE] graph - -----> statementPart
2021-11-21T23:53:18,579|[TRACE] graph - -------> nonSkippedChar
2021-11-21T23:53:18,579|[TRACE] script - #out(`L`) [token]
2021-11-21T23:53:18,579|[TRACE] graph - <------- nonSkippedChar
2021-11-21T23:53:18,579|[TRACE] graph - <----- statementPart
2021-11-21T23:53:18,579|[TRACE] graph - -----> statementPart
2021-11-21T23:53:18,579|[TRACE] graph - -------> nonSkippedChar
2021-11-21T23:53:18,579|[TRACE] script - #out(`,`) [token]
2021-11-21T23:53:18,579|[TRACE] graph - <------- nonSkippedChar
2021-11-21T23:53:18,579|[TRACE] graph - <----- statementPart
2021-11-21T23:53:18,579|[TRACE] graph - -----> afterStatementPartNewline
2021-11-21T23:53:18,579|[TRACE] script - #out(` `) [text]
2021-11-21T23:53:18,579|[TRACE] graph - <----- afterStatementPartNewline
2021-11-21T23:53:18,579|[TRACE] graph - -----> statementPart
2021-11-21T23:53:18,579|[TRACE] graph - -------> nonSkippedSpace
2021-11-21T23:53:18,579|[TRACE] script - #out(` `) [token]
2021-11-21T23:53:18,579|[TRACE] graph - <------- nonSkippedSpace
2021-11-21T23:53:18,579|[TRACE] graph - <----- statementPart
2021-11-21T23:53:18,579|[TRACE] graph - -----> statementPart
2021-11-21T23:53:18,579|[TRACE] graph - -------> nonSkippedSpace
2021-11-21T23:53:18,579|[TRACE] script - #out(` `) [token]
2021-11-21T23:53:18,579|[TRACE] graph - <------- nonSkippedSpace
2021-11-21T23:53:18,579|[TRACE] graph - <----- statementPart
2021-11-21T23:53:18,579|[TRACE] graph - -----> statementPart
2021-11-21T23:53:18,579|[TRACE] graph - -------> quotedString
2021-11-21T23:53:18,579|[TRACE] script - #out(``contact_type``) [token]
2021-11-21T23:53:18,579|[TRACE] graph - <------- quotedString
2021-11-21T23:53:18,579|[TRACE] graph - <----- statementPart
2021-11-21T23:53:18,579|[TRACE] graph - -----> statementPart
2021-11-21T23:53:18,579|[TRACE] graph - -------> nonSkippedSpace
2021-11-21T23:53:18,579|[TRACE] script - #out(` `) [token]
2021-11-21T23:53:18,579|[TRACE] graph - <------- nonSkippedSpace
2021-11-21T23:53:18,579|[TRACE] graph - <----- statementPart
2021-11-21T23:53:18,579|[TRACE] graph - -----> statementPart
2021-11-21T23:53:18,579|[TRACE] graph - -------> nonSkippedChar
2021-11-21T23:53:18,579|[TRACE] script - #out(`V`) [token]
2021-11-21T23:53:18,580|[TRACE] graph - <------- nonSkippedChar
2021-11-21T23:53:18,580|[TRACE] graph - <----- statementPart
2021-11-21T23:53:18,580|[TRACE] graph - -----> statementPart
2021-11-21T23:53:18,580|[TRACE] graph - -------> nonSkippedChar
2021-11-21T23:53:18,580|[TRACE] script - #out(`A`) [token]
2021-11-21T23:53:18,580|[TRACE] graph - <------- nonSkippedChar
2021-11-21T23:53:18,580|[TRACE] graph - <----- statementPart
2021-11-21T23:53:18,580|[TRACE] graph - -----> statementPart
2021-11-21T23:53:18,580|[TRACE] graph - -------> nonSkippedChar
2021-11-21T23:53:18,580|[TRACE] script - #out(`R`) [token]
2021-11-21T23:53:18,580|[TRACE] graph - <------- nonSkippedChar
2021-11-21T23:53:18,580|[TRACE] graph - <----- statementPart
2021-11-21T23:53:18,580|[TRACE] graph - -----> statementPart
2021-11-21T23:53:18,580|[TRACE] graph - -------> nonSkippedChar
2021-11-21T23:53:18,580|[TRACE] script - #out(`C`) [token]
2021-11-21T23:53:18,580|[TRACE] graph - <------- nonSkippedChar
2021-11-21T23:53:18,580|[TRACE] graph - <----- statementPart
2021-11-21T23:53:18,580|[TRACE] graph - -----> statementPart
2021-11-21T23:53:18,580|[TRACE] graph - -------> nonSkippedChar
2021-11-21T23:53:18,580|[TRACE] script - #out(`H`) [token]
2021-11-21T23:53:18,580|[TRACE] graph - <------- nonSkippedChar
2021-11-21T23:53:18,580|[TRACE] graph - <----- statementPart
2021-11-21T23:53:18,580|[TRACE] graph - -----> statementPart
2021-11-21T23:53:18,580|[TRACE] graph - -------> nonSkippedChar
2021-11-21T23:53:18,580|[TRACE] script - #out(`A`) [token]
2021-11-21T23:53:18,580|[TRACE] graph - <------- nonSkippedChar
2021-11-21T23:53:18,580|[TRACE] graph - <----- statementPart
2021-11-21T23:53:18,580|[TRACE] graph - -----> statementPart
2021-11-21T23:53:18,580|[TRACE] graph - -------> nonSkippedChar
2021-11-21T23:53:18,580|[TRACE] script - #out(`R`) [token]
2021-11-21T23:53:18,580|[TRACE] graph - <------- nonSkippedChar
2021-11-21T23:53:18,580|[TRACE] graph - <----- statementPart
2021-11-21T23:53:18,580|[TRACE] graph - -----> statementPart
2021-11-21T23:53:18,580|[TRACE] graph - -------> nonSkippedChar
2021-11-21T23:53:18,580|[TRACE] script - #out(`(`) [token]
2021-11-21T23:53:18,580|[TRACE] graph - <------- nonSkippedChar
2021-11-21T23:53:18,580|[TRACE] graph - <----- statementPart
2021-11-21T23:53:18,580|[TRACE] graph - -----> statementPart
2021-11-21T23:53:18,580|[TRACE] graph - -------> nonSkippedChar
2021-11-21T23:53:18,580|[TRACE] script - #out(`1`) [token]
2021-11-21T23:53:18,580|[TRACE] graph - <------- nonSkippedChar
2021-11-21T23:53:18,580|[TRACE] graph - <----- statementPart
2021-11-21T23:53:18,580|[TRACE] graph - -----> statementPart
2021-11-21T23:53:18,580|[TRACE] graph - -------> nonSkippedChar
2021-11-21T23:53:18,580|[TRACE] script - #out(`0`) [token]
2021-11-21T23:53:18,580|[TRACE] graph - <------- nonSkippedChar
2021-11-21T23:53:18,580|[TRACE] graph - <----- statementPart
2021-11-21T23:53:18,580|[TRACE] graph - -----> statementPart
2021-11-21T23:53:18,580|[TRACE] graph - -------> nonSkippedChar
2021-11-21T23:53:18,580|[TRACE] script - #out(`)`) [token]
2021-11-21T23:53:18,580|[TRACE] graph - <------- nonSkippedChar
2021-11-21T23:53:18,580|[TRACE] graph - <----- statementPart
2021-11-21T23:53:18,580|[TRACE] graph - -----> statementPart
2021-11-21T23:53:18,580|[TRACE] graph - -------> nonSkippedSpace
2021-11-21T23:53:18,580|[TRACE] script - #out(` `) [token]
2021-11-21T23:53:18,580|[TRACE] graph - <------- nonSkippedSpace
2021-11-21T23:53:18,580|[TRACE] graph - <----- statementPart
2021-11-21T23:53:18,580|[TRACE] graph - -----> statementPart
2021-11-21T23:53:18,580|[TRACE] graph - -------> nonSkippedChar
2021-11-21T23:53:18,580|[TRACE] script - #out(`N`) [token]
2021-11-21T23:53:18,580|[TRACE] graph - <------- nonSkippedChar
2021-11-21T23:53:18,580|[TRACE] graph - <----- statementPart
2021-11-21T23:53:18,580|[TRACE] graph - -----> statementPart
2021-11-21T23:53:18,580|[TRACE] graph - -------> nonSkippedChar
2021-11-21T23:53:18,580|[TRACE] script - #out(`O`) [token]
2021-11-21T23:53:18,580|[TRACE] graph - <------- nonSkippedChar
2021-11-21T23:53:18,580|[TRACE] graph - <----- statementPart
2021-11-21T23:53:18,580|[TRACE] graph - -----> statementPart
2021-11-21T23:53:18,580|[TRACE] graph - -------> nonSkippedChar
2021-11-21T23:53:18,580|[TRACE] script - #out(`T`) [token]
2021-11-21T23:53:18,580|[TRACE] graph - <------- nonSkippedChar
2021-11-21T23:53:18,580|[TRACE] graph - <----- statementPart
2021-11-21T23:53:18,580|[TRACE] graph - -----> statementPart
2021-11-21T23:53:18,580|[TRACE] graph - -------> nonSkippedSpace
2021-11-21T23:53:18,580|[TRACE] script - #out(` `) [token]
2021-11-21T23:53:18,580|[TRACE] graph - <------- nonSkippedSpace
2021-11-21T23:53:18,580|[TRACE] graph - <----- statementPart
2021-11-21T23:53:18,580|[TRACE] graph - -----> statementPart
2021-11-21T23:53:18,580|[TRACE] graph - -------> nonSkippedChar
2021-11-21T23:53:18,580|[TRACE] script - #out(`N`) [token]
2021-11-21T23:53:18,580|[TRACE] graph - <------- nonSkippedChar
2021-11-21T23:53:18,580|[TRACE] graph - <----- statementPart
2021-11-21T23:53:18,580|[TRACE] graph - -----> statementPart
2021-11-21T23:53:18,580|[TRACE] graph - -------> nonSkippedChar
2021-11-21T23:53:18,580|[TRACE] script - #out(`U`) [token]
2021-11-21T23:53:18,580|[TRACE] graph - <------- nonSkippedChar
2021-11-21T23:53:18,580|[TRACE] graph - <----- statementPart
2021-11-21T23:53:18,580|[TRACE] graph - -----> statementPart
2021-11-21T23:53:18,580|[TRACE] graph - -------> nonSkippedChar
2021-11-21T23:53:18,580|[TRACE] script - #out(`L`) [token]
2021-11-21T23:53:18,580|[TRACE] graph - <------- nonSkippedChar
2021-11-21T23:53:18,580|[TRACE] graph - <----- statementPart
2021-11-21T23:53:18,580|[TRACE] graph - -----> statementPart
2021-11-21T23:53:18,580|[TRACE] graph - -------> nonSkippedChar
2021-11-21T23:53:18,580|[TRACE] script - #out(`L`) [token]
2021-11-21T23:53:18,580|[TRACE] graph - <------- nonSkippedChar
2021-11-21T23:53:18,580|[TRACE] graph - <----- statementPart
2021-11-21T23:53:18,580|[TRACE] graph - -----> statementPart
2021-11-21T23:53:18,580|[TRACE] graph - -------> nonSkippedChar
2021-11-21T23:53:18,580|[TRACE] script - #out(`,`) [token]
2021-11-21T23:53:18,580|[TRACE] graph - <------- nonSkippedChar
2021-11-21T23:53:18,580|[TRACE] graph - <----- statementPart
2021-11-21T23:53:18,580|[TRACE] graph - -----> afterStatementPartNewline
2021-11-21T23:53:18,580|[TRACE] script - #out(` `) [text]
2021-11-21T23:53:18,580|[TRACE] graph - <----- afterStatementPartNewline
2021-11-21T23:53:18,580|[TRACE] graph - -----> statementPart
2021-11-21T23:53:18,580|[TRACE] graph - -------> nonSkippedSpace
2021-11-21T23:53:18,580|[TRACE] script - #out(` `) [token]
2021-11-21T23:53:18,580|[TRACE] graph - <------- nonSkippedSpace
2021-11-21T23:53:18,580|[TRACE] graph - <----- statementPart
2021-11-21T23:53:18,580|[TRACE] graph - -----> statementPart
2021-11-21T23:53:18,580|[TRACE] graph - -------> nonSkippedSpace
2021-11-21T23:53:18,580|[TRACE] script - #out(` `) [token]
2021-11-21T23:53:18,580|[TRACE] graph - <------- nonSkippedSpace
2021-11-21T23:53:18,580|[TRACE] graph - <----- statementPart
2021-11-21T23:53:18,580|[TRACE] graph - -----> statementPart
2021-11-21T23:53:18,580|[TRACE] graph - -------> quotedString
2021-11-21T23:53:18,580|[TRACE] script - #out(``email``) [token]
2021-11-21T23:53:18,580|[TRACE] graph - <------- quotedString
2021-11-21T23:53:18,580|[TRACE] graph - <----- statementPart
2021-11-21T23:53:18,580|[TRACE] graph - -----> statementPart
2021-11-21T23:53:18,580|[TRACE] graph - -------> nonSkippedSpace
2021-11-21T23:53:18,580|[TRACE] script - #out(` `) [token]
2021-11-21T23:53:18,580|[TRACE] graph - <------- nonSkippedSpace
2021-11-21T23:53:18,580|[TRACE] graph - <----- statementPart
2021-11-21T23:53:18,580|[TRACE] graph - -----> statementPart
2021-11-21T23:53:18,580|[TRACE] graph - -------> nonSkippedChar
2021-11-21T23:53:18,580|[TRACE] script - #out(`V`) [token]
2021-11-21T23:53:18,580|[TRACE] graph - <------- nonSkippedChar
2021-11-21T23:53:18,580|[TRACE] graph - <----- statementPart
2021-11-21T23:53:18,580|[TRACE] graph - -----> statementPart
2021-11-21T23:53:18,580|[TRACE] graph - -------> nonSkippedChar
2021-11-21T23:53:18,580|[TRACE] script - #out(`A`) [token]
2021-11-21T23:53:18,580|[TRACE] graph - <------- nonSkippedChar
2021-11-21T23:53:18,580|[TRACE] graph - <----- statementPart
2021-11-21T23:53:18,580|[TRACE] graph - -----> statementPart
2021-11-21T23:53:18,580|[TRACE] graph - -------> nonSkippedChar
2021-11-21T23:53:18,580|[TRACE] script - #out(`R`) [token]
2021-11-21T23:53:18,580|[TRACE] graph - <------- nonSkippedChar
2021-11-21T23:53:18,580|[TRACE] graph - <----- statementPart
2021-11-21T23:53:18,580|[TRACE] graph - -----> statementPart
2021-11-21T23:53:18,580|[TRACE] graph - -------> nonSkippedChar
2021-11-21T23:53:18,580|[TRACE] script - #out(`C`) [token]
2021-11-21T23:53:18,580|[TRACE] graph - <------- nonSkippedChar
2021-11-21T23:53:18,580|[TRACE] graph - <----- statementPart
2021-11-21T23:53:18,580|[TRACE] graph - -----> statementPart
2021-11-21T23:53:18,580|[TRACE] graph - -------> nonSkippedChar
2021-11-21T23:53:18,580|[TRACE] script - #out(`H`) [token]
2021-11-21T23:53:18,580|[TRACE] graph - <------- nonSkippedChar
2021-11-21T23:53:18,580|[TRACE] graph - <----- statementPart
2021-11-21T23:53:18,580|[TRACE] graph - -----> statementPart
2021-11-21T23:53:18,580|[TRACE] graph - -------> nonSkippedChar
2021-11-21T23:53:18,580|[TRACE] script - #out(`A`) [token]
2021-11-21T23:53:18,580|[TRACE] graph - <------- nonSkippedChar
2021-11-21T23:53:18,580|[TRACE] graph - <----- statementPart
2021-11-21T23:53:18,580|[TRACE] graph - -----> statementPart
2021-11-21T23:53:18,580|[TRACE] graph - -------> nonSkippedChar
2021-11-21T23:53:18,580|[TRACE] script - #out(`R`) [token]
2021-11-21T23:53:18,580|[TRACE] graph - <------- nonSkippedChar
2021-11-21T23:53:18,580|[TRACE] graph - <----- statementPart
2021-11-21T23:53:18,580|[TRACE] graph - -----> statementPart
2021-11-21T23:53:18,580|[TRACE] graph - -------> nonSkippedChar
2021-11-21T23:53:18,580|[TRACE] script - #out(`(`) [token]
2021-11-21T23:53:18,580|[TRACE] graph - <------- nonSkippedChar
2021-11-21T23:53:18,580|[TRACE] graph - <----- statementPart
2021-11-21T23:53:18,580|[TRACE] graph - -----> statementPart
2021-11-21T23:53:18,580|[TRACE] graph - -------> nonSkippedChar
2021-11-21T23:53:18,580|[TRACE] script - #out(`1`) [token]
2021-11-21T23:53:18,580|[TRACE] graph - <------- nonSkippedChar
2021-11-21T23:53:18,580|[TRACE] graph - <----- statementPart
2021-11-21T23:53:18,580|[TRACE] graph - -----> statementPart
2021-11-21T23:53:18,580|[TRACE] graph - -------> nonSkippedChar
2021-11-21T23:53:18,580|[TRACE] script - #out(`0`) [token]
2021-11-21T23:53:18,580|[TRACE] graph - <------- nonSkippedChar
2021-11-21T23:53:18,580|[TRACE] graph - <----- statementPart
2021-11-21T23:53:18,580|[TRACE] graph - -----> statementPart
2021-11-21T23:53:18,580|[TRACE] graph - -------> nonSkippedChar
2021-11-21T23:53:18,580|[TRACE] script - #out(`0`) [token]
2021-11-21T23:53:18,580|[TRACE] graph - <------- nonSkippedChar
2021-11-21T23:53:18,580|[TRACE] graph - <----- statementPart
2021-11-21T23:53:18,580|[TRACE] graph - -----> statementPart
2021-11-21T23:53:18,580|[TRACE] graph - -------> nonSkippedChar
2021-11-21T23:53:18,580|[TRACE] script - #out(`)`) [token]
2021-11-21T23:53:18,580|[TRACE] graph - <------- nonSkippedChar
2021-11-21T23:53:18,580|[TRACE] graph - <----- statementPart
2021-11-21T23:53:18,580|[TRACE] graph - -----> statementPart
2021-11-21T23:53:18,580|[TRACE] graph - -------> nonSkippedSpace
2021-11-21T23:53:18,580|[TRACE] script - #out(` `) [token]
2021-11-21T23:53:18,580|[TRACE] graph - <------- nonSkippedSpace
2021-11-21T23:53:18,580|[TRACE] graph - <----- statementPart
2021-11-21T23:53:18,580|[TRACE] graph - -----> statementPart
2021-11-21T23:53:18,580|[TRACE] graph - -------> nonSkippedChar
2021-11-21T23:53:18,580|[TRACE] script - #out(`N`) [token]
2021-11-21T23:53:18,580|[TRACE] graph - <------- nonSkippedChar
2021-11-21T23:53:18,580|[TRACE] graph - <----- statementPart
2021-11-21T23:53:18,580|[TRACE] graph - -----> statementPart
2021-11-21T23:53:18,580|[TRACE] graph - -------> nonSkippedChar
2021-11-21T23:53:18,580|[TRACE] script - #out(`U`) [token]
2021-11-21T23:53:18,580|[TRACE] graph - <------- nonSkippedChar
2021-11-21T23:53:18,580|[TRACE] graph - <----- statementPart
2021-11-21T23:53:18,580|[TRACE] graph - -----> statementPart
2021-11-21T23:53:18,580|[TRACE] graph - -------> nonSkippedChar
2021-11-21T23:53:18,580|[TRACE] script - #out(`L`) [token]
2021-11-21T23:53:18,580|[TRACE] graph - <------- nonSkippedChar
2021-11-21T23:53:18,580|[TRACE] graph - <----- statementPart
2021-11-21T23:53:18,580|[TRACE] graph - -----> statementPart
2021-11-21T23:53:18,580|[TRACE] graph - -------> nonSkippedChar
2021-11-21T23:53:18,580|[TRACE] script - #out(`L`) [token]
2021-11-21T23:53:18,580|[TRACE] graph - <------- nonSkippedChar
2021-11-21T23:53:18,580|[TRACE] graph - <----- statementPart
2021-11-21T23:53:18,580|[TRACE] graph - -----> statementPart
2021-11-21T23:53:18,580|[TRACE] graph - -------> nonSkippedChar
2021-11-21T23:53:18,580|[TRACE] script - #out(`,`) [token]
2021-11-21T23:53:18,580|[TRACE] graph - <------- nonSkippedChar
2021-11-21T23:53:18,580|[TRACE] graph - <----- statementPart
2021-11-21T23:53:18,580|[TRACE] graph - -----> afterStatementPartNewline
2021-11-21T23:53:18,580|[TRACE] script - #out(` `) [text]
2021-11-21T23:53:18,580|[TRACE] graph - <----- afterStatementPartNewline
2021-11-21T23:53:18,580|[TRACE] graph - -----> statementPart
2021-11-21T23:53:18,580|[TRACE] graph - -------> nonSkippedSpace
2021-11-21T23:53:18,580|[TRACE] script - #out(` `) [token]
2021-11-21T23:53:18,580|[TRACE] graph - <------- nonSkippedSpace
2021-11-21T23:53:18,580|[TRACE] graph - <----- statementPart
2021-11-21T23:53:18,580|[TRACE] graph - -----> statementPart
2021-11-21T23:53:18,580|[TRACE] graph - -------> nonSkippedSpace
2021-11-21T23:53:18,580|[TRACE] script - #out(` `) [token]
2021-11-21T23:53:18,580|[TRACE] graph - <------- nonSkippedSpace
2021-11-21T23:53:18,580|[TRACE] graph - <----- statementPart
2021-11-21T23:53:18,580|[TRACE] graph - -----> statementPart
2021-11-21T23:53:18,580|[TRACE] graph - -------> quotedString
2021-11-21T23:53:18,580|[TRACE] script - #out(``address_id``) [token]
2021-11-21T23:53:18,580|[TRACE] graph - <------- quotedString
2021-11-21T23:53:18,580|[TRACE] graph - <----- statementPart
2021-11-21T23:53:18,580|[TRACE] graph - -----> statementPart
2021-11-21T23:53:18,580|[TRACE] graph - -------> nonSkippedSpace
2021-11-21T23:53:18,580|[TRACE] script - #out(` `) [token]
2021-11-21T23:53:18,580|[TRACE] graph - <------- nonSkippedSpace
2021-11-21T23:53:18,580|[TRACE] graph - <----- statementPart
2021-11-21T23:53:18,580|[TRACE] graph - -----> statementPart
2021-11-21T23:53:18,580|[TRACE] graph - -------> nonSkippedChar
2021-11-21T23:53:18,580|[TRACE] script - #out(`I`) [token]
2021-11-21T23:53:18,580|[TRACE] graph - <------- nonSkippedChar
2021-11-21T23:53:18,580|[TRACE] graph - <----- statementPart
2021-11-21T23:53:18,580|[TRACE] graph - -----> statementPart
2021-11-21T23:53:18,580|[TRACE] graph - -------> nonSkippedChar
2021-11-21T23:53:18,580|[TRACE] script - #out(`N`) [token]
2021-11-21T23:53:18,580|[TRACE] graph - <------- nonSkippedChar
2021-11-21T23:53:18,580|[TRACE] graph - <----- statementPart
2021-11-21T23:53:18,580|[TRACE] graph - -----> statementPart
2021-11-21T23:53:18,580|[TRACE] graph - -------> nonSkippedChar
2021-11-21T23:53:18,580|[TRACE] script - #out(`T`) [token]
2021-11-21T23:53:18,580|[TRACE] graph - <------- nonSkippedChar
2021-11-21T23:53:18,580|[TRACE] graph - <----- statementPart
2021-11-21T23:53:18,580|[TRACE] graph - -----> statementPart
2021-11-21T23:53:18,580|[TRACE] graph - -------> nonSkippedSpace
2021-11-21T23:53:18,580|[TRACE] script - #out(` `) [token]
2021-11-21T23:53:18,580|[TRACE] graph - <------- nonSkippedSpace
2021-11-21T23:53:18,580|[TRACE] graph - <----- statementPart
2021-11-21T23:53:18,580|[TRACE] graph - -----> statementPart
2021-11-21T23:53:18,580|[TRACE] graph - -------> nonSkippedChar
2021-11-21T23:53:18,580|[TRACE] script - #out(`N`) [token]
2021-11-21T23:53:18,580|[TRACE] graph - <------- nonSkippedChar
2021-11-21T23:53:18,580|[TRACE] graph - <----- statementPart
2021-11-21T23:53:18,625|[TRACE] graph - -----> statementPart
2021-11-21T23:53:18,625|[TRACE] graph - -------> nonSkippedChar
2021-11-21T23:53:18,625|[TRACE] script - #out(`U`) [token]
2021-11-21T23:53:18,625|[TRACE] graph - <------- nonSkippedChar
2021-11-21T23:53:18,625|[TRACE] graph - <----- statementPart
2021-11-21T23:53:18,625|[TRACE] graph - -----> statementPart
2021-11-21T23:53:18,625|[TRACE] graph - -------> nonSkippedChar
2021-11-21T23:53:18,625|[TRACE] script - #out(`L`) [token]
2021-11-21T23:53:18,625|[TRACE] graph - <------- nonSkippedChar
2021-11-21T23:53:18,625|[TRACE] graph - <----- statementPart
2021-11-21T23:53:18,625|[TRACE] graph - -----> statementPart
2021-11-21T23:53:18,625|[TRACE] graph - -------> nonSkippedChar
2021-11-21T23:53:18,625|[TRACE] script - #out(`L`) [token]
2021-11-21T23:53:18,625|[TRACE] graph - <------- nonSkippedChar
2021-11-21T23:53:18,625|[TRACE] graph - <----- statementPart
2021-11-21T23:53:18,625|[TRACE] graph - -----> statementPart
2021-11-21T23:53:18,625|[TRACE] graph - -------> nonSkippedChar
2021-11-21T23:53:18,625|[TRACE] script - #out(`,`) [token]
2021-11-21T23:53:18,625|[TRACE] graph - <------- nonSkippedChar
2021-11-21T23:53:18,625|[TRACE] graph - <----- statementPart
2021-11-21T23:53:18,625|[TRACE] graph - -----> afterStatementPartNewline
2021-11-21T23:53:18,625|[TRACE] script - #out(` `) [text]
2021-11-21T23:53:18,625|[TRACE] graph - <----- afterStatementPartNewline
2021-11-21T23:53:18,625|[TRACE] graph - -----> statementPart
2021-11-21T23:53:18,625|[TRACE] graph - -------> nonSkippedSpace
2021-11-21T23:53:18,625|[TRACE] script - #out(` `) [token]
2021-11-21T23:53:18,625|[TRACE] graph - <------- nonSkippedSpace
2021-11-21T23:53:18,625|[TRACE] graph - <----- statementPart
2021-11-21T23:53:18,625|[TRACE] graph - -----> statementPart
2021-11-21T23:53:18,625|[TRACE] graph - -------> nonSkippedSpace
2021-11-21T23:53:18,625|[TRACE] script - #out(` `) [token]
2021-11-21T23:53:18,625|[TRACE] graph - <------- nonSkippedSpace
2021-11-21T23:53:18,625|[TRACE] graph - <----- statementPart
2021-11-21T23:53:18,625|[TRACE] graph - -----> statementPart
2021-11-21T23:53:18,625|[TRACE] graph - -------> quotedString
2021-11-21T23:53:18,625|[TRACE] script - #out(``created``) [token]
2021-11-21T23:53:18,625|[TRACE] graph - <------- quotedString
2021-11-21T23:53:18,625|[TRACE] graph - <----- statementPart
2021-11-21T23:53:18,625|[TRACE] graph - -----> statementPart
2021-11-21T23:53:18,625|[TRACE] graph - -------> nonSkippedSpace
2021-11-21T23:53:18,625|[TRACE] script - #out(` `) [token]
2021-11-21T23:53:18,625|[TRACE] graph - <------- nonSkippedSpace
2021-11-21T23:53:18,625|[TRACE] graph - <----- statementPart
2021-11-21T23:53:18,625|[TRACE] graph - -----> statementPart
2021-11-21T23:53:18,625|[TRACE] graph - -------> nonSkippedChar
2021-11-21T23:53:18,625|[TRACE] script - #out(`B`) [token]
2021-11-21T23:53:18,625|[TRACE] graph - <------- nonSkippedChar
2021-11-21T23:53:18,625|[TRACE] graph - <----- statementPart
2021-11-21T23:53:18,626|[TRACE] graph - -----> statementPart
2021-11-21T23:53:18,626|[TRACE] graph - -------> nonSkippedChar
2021-11-21T23:53:18,626|[TRACE] script - #out(`I`) [token]
2021-11-21T23:53:18,626|[TRACE] graph - <------- nonSkippedChar
2021-11-21T23:53:18,626|[TRACE] graph - <----- statementPart
2021-11-21T23:53:18,626|[TRACE] graph - -----> statementPart
2021-11-21T23:53:18,626|[TRACE] graph - -------> nonSkippedChar
2021-11-21T23:53:18,626|[TRACE] script - #out(`G`) [token]
2021-11-21T23:53:18,626|[TRACE] graph - <------- nonSkippedChar
2021-11-21T23:53:18,626|[TRACE] graph - <----- statementPart
2021-11-21T23:53:18,626|[TRACE] graph - -----> statementPart
2021-11-21T23:53:18,626|[TRACE] graph - -------> nonSkippedChar
2021-11-21T23:53:18,626|[TRACE] script - #out(`I`) [token]
2021-11-21T23:53:18,626|[TRACE] graph - <------- nonSkippedChar
2021-11-21T23:53:18,626|[TRACE] graph - <----- statementPart
2021-11-21T23:53:18,626|[TRACE] graph - -----> statementPart
2021-11-21T23:53:18,626|[TRACE] graph - -------> nonSkippedChar
2021-11-21T23:53:18,626|[TRACE] script - #out(`N`) [token]
2021-11-21T23:53:18,626|[TRACE] graph - <------- nonSkippedChar
2021-11-21T23:53:18,626|[TRACE] graph - <----- statementPart
2021-11-21T23:53:18,626|[TRACE] graph - -----> statementPart
2021-11-21T23:53:18,626|[TRACE] graph - -------> nonSkippedChar
2021-11-21T23:53:18,626|[TRACE] script - #out(`T`) [token]
2021-11-21T23:53:18,626|[TRACE] graph - <------- nonSkippedChar
2021-11-21T23:53:18,626|[TRACE] graph - <----- statementPart
2021-11-21T23:53:18,626|[TRACE] graph - -----> statementPart
2021-11-21T23:53:18,626|[TRACE] graph - -------> nonSkippedSpace
2021-11-21T23:53:18,626|[TRACE] script - #out(` `) [token]
2021-11-21T23:53:18,626|[TRACE] graph - <------- nonSkippedSpace
2021-11-21T23:53:18,626|[TRACE] graph - <----- statementPart
2021-11-21T23:53:18,626|[TRACE] graph - -----> statementPart
2021-11-21T23:53:18,626|[TRACE] graph - -------> nonSkippedChar
2021-11-21T23:53:18,626|[TRACE] script - #out(`N`) [token]
2021-11-21T23:53:18,626|[TRACE] graph - <------- nonSkippedChar
2021-11-21T23:53:18,626|[TRACE] graph - <----- statementPart
2021-11-21T23:53:18,626|[TRACE] graph - -----> statementPart
2021-11-21T23:53:18,626|[TRACE] graph - -------> nonSkippedChar
2021-11-21T23:53:18,626|[TRACE] script - #out(`O`) [token]
2021-11-21T23:53:18,626|[TRACE] graph - <------- nonSkippedChar
2021-11-21T23:53:18,626|[TRACE] graph - <----- statementPart
2021-11-21T23:53:18,626|[TRACE] graph - -----> statementPart
2021-11-21T23:53:18,626|[TRACE] graph - -------> nonSkippedChar
2021-11-21T23:53:18,626|[TRACE] script - #out(`T`) [token]
2021-11-21T23:53:18,626|[TRACE] graph - <------- nonSkippedChar
2021-11-21T23:53:18,626|[TRACE] graph - <----- statementPart
2021-11-21T23:53:18,626|[TRACE] graph - -----> statementPart
2021-11-21T23:53:18,626|[TRACE] graph - -------> nonSkippedSpace
2021-11-21T23:53:18,626|[TRACE] script - #out(` `) [token]
2021-11-21T23:53:18,626|[TRACE] graph - <------- nonSkippedSpace
2021-11-21T23:53:18,626|[TRACE] graph - <----- statementPart
2021-11-21T23:53:18,626|[TRACE] graph - -----> statementPart
2021-11-21T23:53:18,626|[TRACE] graph - -------> nonSkippedChar
2021-11-21T23:53:18,626|[TRACE] script - #out(`N`) [token]
2021-11-21T23:53:18,626|[TRACE] graph - <------- nonSkippedChar
2021-11-21T23:53:18,626|[TRACE] graph - <----- statementPart
2021-11-21T23:53:18,626|[TRACE] graph - -----> statementPart
2021-11-21T23:53:18,626|[TRACE] graph - -------> nonSkippedChar
2021-11-21T23:53:18,626|[TRACE] script - #out(`U`) [token]
2021-11-21T23:53:18,626|[TRACE] graph - <------- nonSkippedChar
2021-11-21T23:53:18,626|[TRACE] graph - <----- statementPart
2021-11-21T23:53:18,626|[TRACE] graph - -----> statementPart
2021-11-21T23:53:18,626|[TRACE] graph - -------> nonSkippedChar
2021-11-21T23:53:18,626|[TRACE] script - #out(`L`) [token]
2021-11-21T23:53:18,626|[TRACE] graph - <------- nonSkippedChar
2021-11-21T23:53:18,626|[TRACE] graph - <----- statementPart
2021-11-21T23:53:18,626|[TRACE] graph - -----> statementPart
2021-11-21T23:53:18,626|[TRACE] graph - -------> nonSkippedChar
2021-11-21T23:53:18,626|[TRACE] script - #out(`L`) [token]
2021-11-21T23:53:18,626|[TRACE] graph - <------- nonSkippedChar
2021-11-21T23:53:18,626|[TRACE] graph - <----- statementPart
2021-11-21T23:53:18,626|[TRACE] graph - -----> statementPart
2021-11-21T23:53:18,626|[TRACE] graph - -------> nonSkippedSpace
2021-11-21T23:53:18,626|[TRACE] script - #out(` `) [token]
2021-11-21T23:53:18,626|[TRACE] graph - <------- nonSkippedSpace
2021-11-21T23:53:18,626|[TRACE] graph - <----- statementPart
2021-11-21T23:53:18,626|[TRACE] graph - -----> statementPart
2021-11-21T23:53:18,626|[TRACE] graph - -------> nonSkippedChar
2021-11-21T23:53:18,626|[TRACE] script - #out(`D`) [token]
2021-11-21T23:53:18,626|[TRACE] graph - <------- nonSkippedChar
2021-11-21T23:53:18,626|[TRACE] graph - <----- statementPart
2021-11-21T23:53:18,626|[TRACE] graph - -----> statementPart
2021-11-21T23:53:18,626|[TRACE] graph - -------> nonSkippedChar
2021-11-21T23:53:18,626|[TRACE] script - #out(`E`) [token]
2021-11-21T23:53:18,626|[TRACE] graph - <------- nonSkippedChar
2021-11-21T23:53:18,626|[TRACE] graph - <----- statementPart
2021-11-21T23:53:18,626|[TRACE] graph - -----> statementPart
2021-11-21T23:53:18,626|[TRACE] graph - -------> nonSkippedChar
2021-11-21T23:53:18,626|[TRACE] script - #out(`F`) [token]
2021-11-21T23:53:18,626|[TRACE] graph - <------- nonSkippedChar
2021-11-21T23:53:18,626|[TRACE] graph - <----- statementPart
2021-11-21T23:53:18,626|[TRACE] graph - -----> statementPart
2021-11-21T23:53:18,626|[TRACE] graph - -------> nonSkippedChar
2021-11-21T23:53:18,626|[TRACE] script - #out(`A`) [token]
2021-11-21T23:53:18,626|[TRACE] graph - <------- nonSkippedChar
2021-11-21T23:53:18,626|[TRACE] graph - <----- statementPart
2021-11-21T23:53:18,626|[TRACE] graph - -----> statementPart
2021-11-21T23:53:18,626|[TRACE] graph - -------> nonSkippedChar
2021-11-21T23:53:18,626|[TRACE] script - #out(`U`) [token]
2021-11-21T23:53:18,626|[TRACE] graph - <------- nonSkippedChar
2021-11-21T23:53:18,626|[TRACE] graph - <----- statementPart
2021-11-21T23:53:18,626|[TRACE] graph - -----> statementPart
2021-11-21T23:53:18,626|[TRACE] graph - -------> nonSkippedChar
2021-11-21T23:53:18,626|[TRACE] script - #out(`L`) [token]
2021-11-21T23:53:18,626|[TRACE] graph - <------- nonSkippedChar
2021-11-21T23:53:18,626|[TRACE] graph - <----- statementPart
2021-11-21T23:53:18,626|[TRACE] graph - -----> statementPart
2021-11-21T23:53:18,626|[TRACE] graph - -------> nonSkippedChar
2021-11-21T23:53:18,626|[TRACE] script - #out(`T`) [token]
2021-11-21T23:53:18,626|[TRACE] graph - <------- nonSkippedChar
2021-11-21T23:53:18,626|[TRACE] graph - <----- statementPart
2021-11-21T23:53:18,626|[TRACE] graph - -----> statementPart
2021-11-21T23:53:18,626|[TRACE] graph - -------> nonSkippedSpace
2021-11-21T23:53:18,626|[TRACE] script - #out(` `) [token]
2021-11-21T23:53:18,626|[TRACE] graph - <------- nonSkippedSpace
2021-11-21T23:53:18,626|[TRACE] graph - <----- statementPart
2021-11-21T23:53:18,626|[TRACE] graph - -----> statementPart
2021-11-21T23:53:18,626|[TRACE] graph - -------> nonSkippedChar
2021-11-21T23:53:18,626|[TRACE] script - #out(`(`) [token]
2021-11-21T23:53:18,626|[TRACE] graph - <------- nonSkippedChar
2021-11-21T23:53:18,626|[TRACE] graph - <----- statementPart
2021-11-21T23:53:18,626|[TRACE] graph - -----> statementPart
2021-11-21T23:53:18,626|[TRACE] graph - -------> nonSkippedChar
2021-11-21T23:53:18,626|[TRACE] script - #out(`u`) [token]
2021-11-21T23:53:18,626|[TRACE] graph - <------- nonSkippedChar
2021-11-21T23:53:18,626|[TRACE] graph - <----- statementPart
2021-11-21T23:53:18,626|[TRACE] graph - -----> statementPart
2021-11-21T23:53:18,626|[TRACE] graph - -------> nonSkippedChar
2021-11-21T23:53:18,626|[TRACE] script - #out(`n`) [token]
2021-11-21T23:53:18,626|[TRACE] graph - <------- nonSkippedChar
2021-11-21T23:53:18,626|[TRACE] graph - <----- statementPart
2021-11-21T23:53:18,626|[TRACE] graph - -----> statementPart
2021-11-21T23:53:18,626|[TRACE] graph - -------> nonSkippedChar
2021-11-21T23:53:18,626|[TRACE] script - #out(`i`) [token]
2021-11-21T23:53:18,626|[TRACE] graph - <------- nonSkippedChar
2021-11-21T23:53:18,626|[TRACE] graph - <----- statementPart
2021-11-21T23:53:18,626|[TRACE] graph - -----> statementPart
2021-11-21T23:53:18,626|[TRACE] graph - -------> nonSkippedChar
2021-11-21T23:53:18,626|[TRACE] script - #out(`x`) [token]
2021-11-21T23:53:18,626|[TRACE] graph - <------- nonSkippedChar
2021-11-21T23:53:18,626|[TRACE] graph - <----- statementPart
2021-11-21T23:53:18,626|[TRACE] graph - -----> statementPart
2021-11-21T23:53:18,626|[TRACE] graph - -------> nonSkippedChar
2021-11-21T23:53:18,626|[TRACE] script - #out(`_`) [token]
2021-11-21T23:53:18,626|[TRACE] graph - <------- nonSkippedChar
2021-11-21T23:53:18,626|[TRACE] graph - <----- statementPart
2021-11-21T23:53:18,626|[TRACE] graph - -----> statementPart
2021-11-21T23:53:18,626|[TRACE] graph - -------> nonSkippedChar
2021-11-21T23:53:18,626|[TRACE] script - #out(`t`) [token]
2021-11-21T23:53:18,626|[TRACE] graph - <------- nonSkippedChar
2021-11-21T23:53:18,626|[TRACE] graph - <----- statementPart
2021-11-21T23:53:18,626|[TRACE] graph - -----> statementPart
2021-11-21T23:53:18,626|[TRACE] graph - -------> nonSkippedChar
2021-11-21T23:53:18,626|[TRACE] script - #out(`i`) [token]
2021-11-21T23:53:18,626|[TRACE] graph - <------- nonSkippedChar
2021-11-21T23:53:18,626|[TRACE] graph - <----- statementPart
2021-11-21T23:53:18,626|[TRACE] graph - -----> statementPart
2021-11-21T23:53:18,626|[TRACE] graph - -------> nonSkippedChar
2021-11-21T23:53:18,626|[TRACE] script - #out(`m`) [token]
2021-11-21T23:53:18,626|[TRACE] graph - <------- nonSkippedChar
2021-11-21T23:53:18,626|[TRACE] graph - <----- statementPart
2021-11-21T23:53:18,626|[TRACE] graph - -----> statementPart
2021-11-21T23:53:18,626|[TRACE] graph - -------> nonSkippedChar
2021-11-21T23:53:18,626|[TRACE] script - #out(`e`) [token]
2021-11-21T23:53:18,626|[TRACE] graph - <------- nonSkippedChar
2021-11-21T23:53:18,626|[TRACE] graph - <----- statementPart
2021-11-21T23:53:18,626|[TRACE] graph - -----> statementPart
2021-11-21T23:53:18,626|[TRACE] graph - -------> nonSkippedChar
2021-11-21T23:53:18,626|[TRACE] script - #out(`s`) [token]
2021-11-21T23:53:18,626|[TRACE] graph - <------- nonSkippedChar
2021-11-21T23:53:18,626|[TRACE] graph - <----- statementPart
2021-11-21T23:53:18,626|[TRACE] graph - -----> statementPart
2021-11-21T23:53:18,626|[TRACE] graph - -------> nonSkippedChar
2021-11-21T23:53:18,626|[TRACE] script - #out(`t`) [token]
2021-11-21T23:53:18,626|[TRACE] graph - <------- nonSkippedChar
2021-11-21T23:53:18,626|[TRACE] graph - <----- statementPart
2021-11-21T23:53:18,626|[TRACE] graph - -----> statementPart
2021-11-21T23:53:18,626|[TRACE] graph - -------> nonSkippedChar
2021-11-21T23:53:18,626|[TRACE] script - #out(`a`) [token]
2021-11-21T23:53:18,626|[TRACE] graph - <------- nonSkippedChar
2021-11-21T23:53:18,626|[TRACE] graph - <----- statementPart
2021-11-21T23:53:18,626|[TRACE] graph - -----> statementPart
2021-11-21T23:53:18,626|[TRACE] graph - -------> nonSkippedChar
2021-11-21T23:53:18,626|[TRACE] script - #out(`m`) [token]
2021-11-21T23:53:18,626|[TRACE] graph - <------- nonSkippedChar
2021-11-21T23:53:18,626|[TRACE] graph - <----- statementPart
2021-11-21T23:53:18,626|[TRACE] graph - -----> statementPart
2021-11-21T23:53:18,626|[TRACE] graph - -------> nonSkippedChar
2021-11-21T23:53:18,626|[TRACE] script - #out(`p`) [token]
2021-11-21T23:53:18,626|[TRACE] graph - <------- nonSkippedChar
2021-11-21T23:53:18,626|[TRACE] graph - <----- statementPart
2021-11-21T23:53:18,626|[TRACE] graph - -----> statementPart
2021-11-21T23:53:18,626|[TRACE] graph - -------> nonSkippedChar
2021-11-21T23:53:18,626|[TRACE] script - #out(`(`) [token]
2021-11-21T23:53:18,626|[TRACE] graph - <------- nonSkippedChar
2021-11-21T23:53:18,626|[TRACE] graph - <----- statementPart
2021-11-21T23:53:18,626|[TRACE] graph - -----> statementPart
2021-11-21T23:53:18,626|[TRACE] graph - -------> nonSkippedChar
2021-11-21T23:53:18,626|[TRACE] script - #out(`n`) [token]
2021-11-21T23:53:18,626|[TRACE] graph - <------- nonSkippedChar
2021-11-21T23:53:18,626|[TRACE] graph - <----- statementPart
2021-11-21T23:53:18,626|[TRACE] graph - -----> statementPart
2021-11-21T23:53:18,626|[TRACE] graph - -------> nonSkippedChar
2021-11-21T23:53:18,626|[TRACE] script - #out(`o`) [token]
2021-11-21T23:53:18,626|[TRACE] graph - <------- nonSkippedChar
2021-11-21T23:53:18,626|[TRACE] graph - <----- statementPart
2021-11-21T23:53:18,626|[TRACE] graph - -----> statementPart
2021-11-21T23:53:18,626|[TRACE] graph - -------> nonSkippedChar
2021-11-21T23:53:18,626|[TRACE] script - #out(`w`) [token]
2021-11-21T23:53:18,626|[TRACE] graph - <------- nonSkippedChar
2021-11-21T23:53:18,626|[TRACE] graph - <----- statementPart
2021-11-21T23:53:18,626|[TRACE] graph - -----> statementPart
2021-11-21T23:53:18,626|[TRACE] graph - -------> nonSkippedChar
2021-11-21T23:53:18,626|[TRACE] script - #out(`(`) [token]
2021-11-21T23:53:18,626|[TRACE] graph - <------- nonSkippedChar
2021-11-21T23:53:18,626|[TRACE] graph - <----- statementPart
2021-11-21T23:53:18,626|[TRACE] graph - -----> statementPart
2021-11-21T23:53:18,626|[TRACE] graph - -------> nonSkippedChar
2021-11-21T23:53:18,626|[TRACE] script - #out(`)`) [token]
2021-11-21T23:53:18,626|[TRACE] graph - <------- nonSkippedChar
2021-11-21T23:53:18,626|[TRACE] graph - <----- statementPart
2021-11-21T23:53:18,626|[TRACE] graph - -----> statementPart
2021-11-21T23:53:18,626|[TRACE] graph - -------> nonSkippedChar
2021-11-21T23:53:18,626|[TRACE] script - #out(`)`) [token]
2021-11-21T23:53:18,626|[TRACE] graph - <------- nonSkippedChar
2021-11-21T23:53:18,626|[TRACE] graph - <----- statementPart
2021-11-21T23:53:18,626|[TRACE] graph - -----> statementPart
2021-11-21T23:53:18,626|[TRACE] graph - -------> nonSkippedSpace
2021-11-21T23:53:18,626|[TRACE] script - #out(` `) [token]
2021-11-21T23:53:18,626|[TRACE] graph - <------- nonSkippedSpace
2021-11-21T23:53:18,626|[TRACE] graph - <----- statementPart
2021-11-21T23:53:18,626|[TRACE] graph - -----> statementPart
2021-11-21T23:53:18,626|[TRACE] graph - -------> nonSkippedChar
2021-11-21T23:53:18,626|[TRACE] script - #out(`*`) [token]
2021-11-21T23:53:18,626|[TRACE] graph - <------- nonSkippedChar
2021-11-21T23:53:18,626|[TRACE] graph - <----- statementPart
2021-11-21T23:53:18,626|[TRACE] graph - -----> statementPart
2021-11-21T23:53:18,626|[TRACE] graph - -------> nonSkippedSpace
2021-11-21T23:53:18,626|[TRACE] script - #out(` `) [token]
2021-11-21T23:53:18,626|[TRACE] graph - <------- nonSkippedSpace
2021-11-21T23:53:18,626|[TRACE] graph - <----- statementPart
2021-11-21T23:53:18,626|[TRACE] graph - -----> statementPart
2021-11-21T23:53:18,626|[TRACE] graph - -------> nonSkippedChar
2021-11-21T23:53:18,626|[TRACE] script - #out(`1`) [token]
2021-11-21T23:53:18,626|[TRACE] graph - <------- nonSkippedChar
2021-11-21T23:53:18,626|[TRACE] graph - <----- statementPart
2021-11-21T23:53:18,626|[TRACE] graph - -----> statementPart
2021-11-21T23:53:18,626|[TRACE] graph - -------> nonSkippedChar
2021-11-21T23:53:18,626|[TRACE] script - #out(`0`) [token]
2021-11-21T23:53:18,626|[TRACE] graph - <------- nonSkippedChar
2021-11-21T23:53:18,626|[TRACE] graph - <----- statementPart
2021-11-21T23:53:18,626|[TRACE] graph - -----> statementPart
2021-11-21T23:53:18,626|[TRACE] graph - -------> nonSkippedChar
2021-11-21T23:53:18,626|[TRACE] script - #out(`0`) [token]
2021-11-21T23:53:18,626|[TRACE] graph - <------- nonSkippedChar
2021-11-21T23:53:18,626|[TRACE] graph - <----- statementPart
2021-11-21T23:53:18,626|[TRACE] graph - -----> statementPart
2021-11-21T23:53:18,626|[TRACE] graph - -------> nonSkippedChar
2021-11-21T23:53:18,626|[TRACE] script - #out(`0`) [token]
2021-11-21T23:53:18,626|[TRACE] graph - <------- nonSkippedChar
2021-11-21T23:53:18,626|[TRACE] graph - <----- statementPart
2021-11-21T23:53:18,626|[TRACE] graph - -----> statementPart
2021-11-21T23:53:18,626|[TRACE] graph - -------> nonSkippedChar
2021-11-21T23:53:18,626|[TRACE] script - #out(`)`) [token]
2021-11-21T23:53:18,626|[TRACE] graph - <------- nonSkippedChar
2021-11-21T23:53:18,626|[TRACE] graph - <----- statementPart
2021-11-21T23:53:18,626|[TRACE] graph - -----> statementPart
2021-11-21T23:53:18,626|[TRACE] graph - -------> nonSkippedChar
2021-11-21T23:53:18,626|[TRACE] script - #out(`,`) [token]
2021-11-21T23:53:18,626|[TRACE] graph - <------- nonSkippedChar
2021-11-21T23:53:18,626|[TRACE] graph - <----- statementPart
2021-11-21T23:53:18,626|[TRACE] graph - -----> afterStatementPartNewline
2021-11-21T23:53:18,626|[TRACE] script - #out(` `) [text]
2021-11-21T23:53:18,626|[TRACE] graph - <----- afterStatementPartNewline
2021-11-21T23:53:18,626|[TRACE] graph - -----> statementPart
2021-11-21T23:53:18,626|[TRACE] graph - -------> nonSkippedSpace
2021-11-21T23:53:18,626|[TRACE] script - #out(` `) [token]
2021-11-21T23:53:18,626|[TRACE] graph - <------- nonSkippedSpace
2021-11-21T23:53:18,626|[TRACE] graph - <----- statementPart
2021-11-21T23:53:18,626|[TRACE] graph - -----> statementPart
2021-11-21T23:53:18,626|[TRACE] graph - -------> nonSkippedSpace
2021-11-21T23:53:18,626|[TRACE] script - #out(` `) [token]
2021-11-21T23:53:18,626|[TRACE] graph - <------- nonSkippedSpace
2021-11-21T23:53:18,626|[TRACE] graph - <----- statementPart
2021-11-21T23:53:18,626|[TRACE] graph - -----> statementPart
2021-11-21T23:53:18,626|[TRACE] graph - -------> quotedString
2021-11-21T23:53:18,626|[TRACE] script - #out(``updated``) [token]
2021-11-21T23:53:18,626|[TRACE] graph - <------- quotedString
2021-11-21T23:53:18,626|[TRACE] graph - <----- statementPart
2021-11-21T23:53:18,626|[TRACE] graph - -----> statementPart
2021-11-21T23:53:18,626|[TRACE] graph - -------> nonSkippedSpace
2021-11-21T23:53:18,626|[TRACE] script - #out(` `) [token]
2021-11-21T23:53:18,626|[TRACE] graph - <------- nonSkippedSpace
2021-11-21T23:53:18,626|[TRACE] graph - <----- statementPart
2021-11-21T23:53:18,626|[TRACE] graph - -----> statementPart
2021-11-21T23:53:18,626|[TRACE] graph - -------> nonSkippedChar
2021-11-21T23:53:18,626|[TRACE] script - #out(`B`) [token]
2021-11-21T23:53:18,626|[TRACE] graph - <------- nonSkippedChar
2021-11-21T23:53:18,626|[TRACE] graph - <----- statementPart
2021-11-21T23:53:18,626|[TRACE] graph - -----> statementPart
2021-11-21T23:53:18,626|[TRACE] graph - -------> nonSkippedChar
2021-11-21T23:53:18,626|[TRACE] script - #out(`I`) [token]
2021-11-21T23:53:18,626|[TRACE] graph - <------- nonSkippedChar
2021-11-21T23:53:18,626|[TRACE] graph - <----- statementPart
2021-11-21T23:53:18,626|[TRACE] graph - -----> statementPart
2021-11-21T23:53:18,626|[TRACE] graph - -------> nonSkippedChar
2021-11-21T23:53:18,626|[TRACE] script - #out(`G`) [token]
2021-11-21T23:53:18,626|[TRACE] graph - <------- nonSkippedChar
2021-11-21T23:53:18,626|[TRACE] graph - <----- statementPart
2021-11-21T23:53:18,626|[TRACE] graph - -----> statementPart
2021-11-21T23:53:18,626|[TRACE] graph - -------> nonSkippedChar
2021-11-21T23:53:18,626|[TRACE] script - #out(`I`) [token]
2021-11-21T23:53:18,626|[TRACE] graph - <------- nonSkippedChar
2021-11-21T23:53:18,626|[TRACE] graph - <----- statementPart
2021-11-21T23:53:18,626|[TRACE] graph - -----> statementPart
2021-11-21T23:53:18,626|[TRACE] graph - -------> nonSkippedChar
2021-11-21T23:53:18,626|[TRACE] script - #out(`N`) [token]
2021-11-21T23:53:18,626|[TRACE] graph - <------- nonSkippedChar
2021-11-21T23:53:18,626|[TRACE] graph - <----- statementPart
2021-11-21T23:53:18,626|[TRACE] graph - -----> statementPart
2021-11-21T23:53:18,626|[TRACE] graph - -------> nonSkippedChar
2021-11-21T23:53:18,626|[TRACE] script - #out(`T`) [token]
2021-11-21T23:53:18,627|[TRACE] graph - <------- nonSkippedChar
2021-11-21T23:53:18,627|[TRACE] graph - <----- statementPart
2021-11-21T23:53:18,627|[TRACE] graph - -----> statementPart
2021-11-21T23:53:18,627|[TRACE] graph - -------> nonSkippedSpace
2021-11-21T23:53:18,627|[TRACE] script - #out(` `) [token]
2021-11-21T23:53:18,627|[TRACE] graph - <------- nonSkippedSpace
2021-11-21T23:53:18,627|[TRACE] graph - <----- statementPart
2021-11-21T23:53:18,627|[TRACE] graph - -----> statementPart
2021-11-21T23:53:18,627|[TRACE] graph - -------> nonSkippedChar
2021-11-21T23:53:18,627|[TRACE] script - #out(`N`) [token]
2021-11-21T23:53:18,627|[TRACE] graph - <------- nonSkippedChar
2021-11-21T23:53:18,627|[TRACE] graph - <----- statementPart
2021-11-21T23:53:18,627|[TRACE] graph - -----> statementPart
2021-11-21T23:53:18,627|[TRACE] graph - -------> nonSkippedChar
2021-11-21T23:53:18,627|[TRACE] script - #out(`O`) [token]
2021-11-21T23:53:18,627|[TRACE] graph - <------- nonSkippedChar
2021-11-21T23:53:18,627|[TRACE] graph - <----- statementPart
2021-11-21T23:53:18,627|[TRACE] graph - -----> statementPart
2021-11-21T23:53:18,627|[TRACE] graph - -------> nonSkippedChar
2021-11-21T23:53:18,627|[TRACE] script - #out(`T`) [token]
2021-11-21T23:53:18,627|[TRACE] graph - <------- nonSkippedChar
2021-11-21T23:53:18,627|[TRACE] graph - <----- statementPart
2021-11-21T23:53:18,627|[TRACE] graph - -----> statementPart
2021-11-21T23:53:18,627|[TRACE] graph - -------> nonSkippedSpace
2021-11-21T23:53:18,627|[TRACE] script - #out(` `) [token]
2021-11-21T23:53:18,627|[TRACE] graph - <------- nonSkippedSpace
2021-11-21T23:53:18,627|[TRACE] graph - <----- statementPart
2021-11-21T23:53:18,627|[TRACE] graph - -----> statementPart
2021-11-21T23:53:18,627|[TRACE] graph - -------> nonSkippedChar
2021-11-21T23:53:18,627|[TRACE] script - #out(`N`) [token]
2021-11-21T23:53:18,627|[TRACE] graph - <------- nonSkippedChar
2021-11-21T23:53:18,627|[TRACE] graph - <----- statementPart
2021-11-21T23:53:18,627|[TRACE] graph - -----> statementPart
2021-11-21T23:53:18,627|[TRACE] graph - -------> nonSkippedChar
2021-11-21T23:53:18,627|[TRACE] script - #out(`U`) [token]
2021-11-21T23:53:18,627|[TRACE] graph - <------- nonSkippedChar
2021-11-21T23:53:18,627|[TRACE] graph - <----- statementPart
2021-11-21T23:53:18,627|[TRACE] graph - -----> statementPart
2021-11-21T23:53:18,627|[TRACE] graph - -------> nonSkippedChar
2021-11-21T23:53:18,627|[TRACE] script - #out(`L`) [token]
2021-11-21T23:53:18,627|[TRACE] graph - <------- nonSkippedChar
2021-11-21T23:53:18,627|[TRACE] graph - <----- statementPart
2021-11-21T23:53:18,627|[TRACE] graph - -----> statementPart
2021-11-21T23:53:18,627|[TRACE] graph - -------> nonSkippedChar
2021-11-21T23:53:18,627|[TRACE] script - #out(`L`) [token]
2021-11-21T23:53:18,627|[TRACE] graph - <------- nonSkippedChar
2021-11-21T23:53:18,627|[TRACE] graph - <----- statementPart
2021-11-21T23:53:18,627|[TRACE] graph - -----> statementPart
2021-11-21T23:53:18,627|[TRACE] graph - -------> nonSkippedSpace
2021-11-21T23:53:18,627|[TRACE] script - #out(` `) [token]
2021-11-21T23:53:18,627|[TRACE] graph - <------- nonSkippedSpace
2021-11-21T23:53:18,627|[TRACE] graph - <----- statementPart
2021-11-21T23:53:18,627|[TRACE] graph - -----> statementPart
2021-11-21T23:53:18,627|[TRACE] graph - -------> nonSkippedChar
2021-11-21T23:53:18,627|[TRACE] script - #out(`D`) [token]
2021-11-21T23:53:18,627|[TRACE] graph - <------- nonSkippedChar
2021-11-21T23:53:18,627|[TRACE] graph - <----- statementPart
2021-11-21T23:53:18,627|[TRACE] graph - -----> statementPart
2021-11-21T23:53:18,627|[TRACE] graph - -------> nonSkippedChar
2021-11-21T23:53:18,627|[TRACE] script - #out(`E`) [token]
2021-11-21T23:53:18,627|[TRACE] graph - <------- nonSkippedChar
2021-11-21T23:53:18,627|[TRACE] graph - <----- statementPart
2021-11-21T23:53:18,627|[TRACE] graph - -----> statementPart
2021-11-21T23:53:18,627|[TRACE] graph - -------> nonSkippedChar
2021-11-21T23:53:18,627|[TRACE] script - #out(`F`) [token]
2021-11-21T23:53:18,627|[TRACE] graph - <------- nonSkippedChar
2021-11-21T23:53:18,627|[TRACE] graph - <----- statementPart
2021-11-21T23:53:18,627|[TRACE] graph - -----> statementPart
2021-11-21T23:53:18,627|[TRACE] graph - -------> nonSkippedChar
2021-11-21T23:53:18,627|[TRACE] script - #out(`A`) [token]
2021-11-21T23:53:18,627|[TRACE] graph - <------- nonSkippedChar
2021-11-21T23:53:18,627|[TRACE] graph - <----- statementPart
2021-11-21T23:53:18,627|[TRACE] graph - -----> statementPart
2021-11-21T23:53:18,627|[TRACE] graph - -------> nonSkippedChar
2021-11-21T23:53:18,627|[TRACE] script - #out(`U`) [token]
2021-11-21T23:53:18,627|[TRACE] graph - <------- nonSkippedChar
2021-11-21T23:53:18,627|[TRACE] graph - <----- statementPart
2021-11-21T23:53:18,627|[TRACE] graph - -----> statementPart
2021-11-21T23:53:18,627|[TRACE] graph - -------> nonSkippedChar
2021-11-21T23:53:18,627|[TRACE] script - #out(`L`) [token]
2021-11-21T23:53:18,627|[TRACE] graph - <------- nonSkippedChar
2021-11-21T23:53:18,627|[TRACE] graph - <----- statementPart
2021-11-21T23:53:18,627|[TRACE] graph - -----> statementPart
2021-11-21T23:53:18,627|[TRACE] graph - -------> nonSkippedChar
2021-11-21T23:53:18,627|[TRACE] script - #out(`T`) [token]
2021-11-21T23:53:18,627|[TRACE] graph - <------- nonSkippedChar
2021-11-21T23:53:18,627|[TRACE] graph - <----- statementPart
2021-11-21T23:53:18,627|[TRACE] graph - -----> statementPart
2021-11-21T23:53:18,627|[TRACE] graph - -------> nonSkippedSpace
2021-11-21T23:53:18,627|[TRACE] script - #out(` `) [token]
2021-11-21T23:53:18,627|[TRACE] graph - <------- nonSkippedSpace
2021-11-21T23:53:18,627|[TRACE] graph - <----- statementPart
2021-11-21T23:53:18,627|[TRACE] graph - -----> statementPart
2021-11-21T23:53:18,627|[TRACE] graph - -------> nonSkippedChar
2021-11-21T23:53:18,627|[TRACE] script - #out(`(`) [token]
2021-11-21T23:53:18,627|[TRACE] graph - <------- nonSkippedChar
2021-11-21T23:53:18,674|[TRACE] graph - <----- statementPart
2021-11-21T23:53:18,674|[TRACE] graph - -----> statementPart
2021-11-21T23:53:18,674|[TRACE] graph - -------> nonSkippedChar
2021-11-21T23:53:18,674|[TRACE] script - #out(`u`) [token]
2021-11-21T23:53:18,674|[TRACE] graph - <------- nonSkippedChar
2021-11-21T23:53:18,674|[TRACE] graph - <----- statementPart
2021-11-21T23:53:18,674|[TRACE] graph - -----> statementPart
2021-11-21T23:53:18,674|[TRACE] graph - -------> nonSkippedChar
2021-11-21T23:53:18,674|[TRACE] script - #out(`n`) [token]
2021-11-21T23:53:18,674|[TRACE] graph - <------- nonSkippedChar
2021-11-21T23:53:18,674|[TRACE] graph - <----- statementPart
2021-11-21T23:53:18,674|[TRACE] graph - -----> statementPart
2021-11-21T23:53:18,674|[TRACE] graph - -------> nonSkippedChar
2021-11-21T23:53:18,674|[TRACE] script - #out(`i`) [token]
2021-11-21T23:53:18,674|[TRACE] graph - <------- nonSkippedChar
2021-11-21T23:53:18,674|[TRACE] graph - <----- statementPart
2021-11-21T23:53:18,674|[TRACE] graph - -----> statementPart
2021-11-21T23:53:18,674|[TRACE] graph - -------> nonSkippedChar
2021-11-21T23:53:18,674|[TRACE] script - #out(`x`) [token]
2021-11-21T23:53:18,674|[TRACE] graph - <------- nonSkippedChar
2021-11-21T23:53:18,674|[TRACE] graph - <----- statementPart
2021-11-21T23:53:18,674|[TRACE] graph - -----> statementPart
2021-11-21T23:53:18,674|[TRACE] graph - -------> nonSkippedChar
2021-11-21T23:53:18,674|[TRACE] script - #out(`_`) [token]
2021-11-21T23:53:18,674|[TRACE] graph - <------- nonSkippedChar
2021-11-21T23:53:18,674|[TRACE] graph - <----- statementPart
2021-11-21T23:53:18,674|[TRACE] graph - -----> statementPart
2021-11-21T23:53:18,674|[TRACE] graph - -------> nonSkippedChar
2021-11-21T23:53:18,674|[TRACE] script - #out(`t`) [token]
2021-11-21T23:53:18,674|[TRACE] graph - <------- nonSkippedChar
2021-11-21T23:53:18,674|[TRACE] graph - <----- statementPart
2021-11-21T23:53:18,674|[TRACE] graph - -----> statementPart
2021-11-21T23:53:18,674|[TRACE] graph - -------> nonSkippedChar
2021-11-21T23:53:18,674|[TRACE] script - #out(`i`) [token]
2021-11-21T23:53:18,674|[TRACE] graph - <------- nonSkippedChar
2021-11-21T23:53:18,674|[TRACE] graph - <----- statementPart
2021-11-21T23:53:18,674|[TRACE] graph - -----> statementPart
2021-11-21T23:53:18,674|[TRACE] graph - -------> nonSkippedChar
2021-11-21T23:53:18,674|[TRACE] script - #out(`m`) [token]
2021-11-21T23:53:18,674|[TRACE] graph - <------- nonSkippedChar
2021-11-21T23:53:18,674|[TRACE] graph - <----- statementPart
2021-11-21T23:53:18,674|[TRACE] graph - -----> statementPart
2021-11-21T23:53:18,674|[TRACE] graph - -------> nonSkippedChar
2021-11-21T23:53:18,674|[TRACE] script - #out(`e`) [token]
2021-11-21T23:53:18,674|[TRACE] graph - <------- nonSkippedChar
2021-11-21T23:53:18,674|[TRACE] graph - <----- statementPart
2021-11-21T23:53:18,674|[TRACE] graph - -----> statementPart
2021-11-21T23:53:18,674|[TRACE] graph - -------> nonSkippedChar
2021-11-21T23:53:18,674|[TRACE] script - #out(`s`) [token]
2021-11-21T23:53:18,674|[TRACE] graph - <------- nonSkippedChar
2021-11-21T23:53:18,674|[TRACE] graph - <----- statementPart
2021-11-21T23:53:18,674|[TRACE] graph - -----> statementPart
2021-11-21T23:53:18,674|[TRACE] graph - -------> nonSkippedChar
2021-11-21T23:53:18,674|[TRACE] script - #out(`t`) [token]
2021-11-21T23:53:18,674|[TRACE] graph - <------- nonSkippedChar
2021-11-21T23:53:18,674|[TRACE] graph - <----- statementPart
2021-11-21T23:53:18,674|[TRACE] graph - -----> statementPart
2021-11-21T23:53:18,674|[TRACE] graph - -------> nonSkippedChar
2021-11-21T23:53:18,674|[TRACE] script - #out(`a`) [token]
2021-11-21T23:53:18,674|[TRACE] graph - <------- nonSkippedChar
2021-11-21T23:53:18,674|[TRACE] graph - <----- statementPart
2021-11-21T23:53:18,674|[TRACE] graph - -----> statementPart
2021-11-21T23:53:18,674|[TRACE] graph - -------> nonSkippedChar
2021-11-21T23:53:18,674|[TRACE] script - #out(`m`) [token]
2021-11-21T23:53:18,674|[TRACE] graph - <------- nonSkippedChar
2021-11-21T23:53:18,674|[TRACE] graph - <----- statementPart
2021-11-21T23:53:18,674|[TRACE] graph - -----> statementPart
2021-11-21T23:53:18,674|[TRACE] graph - -------> nonSkippedChar
2021-11-21T23:53:18,674|[TRACE] script - #out(`p`) [token]
2021-11-21T23:53:18,674|[TRACE] graph - <------- nonSkippedChar
2021-11-21T23:53:18,674|[TRACE] graph - <----- statementPart
2021-11-21T23:53:18,674|[TRACE] graph - -----> statementPart
2021-11-21T23:53:18,674|[TRACE] graph - -------> nonSkippedChar
2021-11-21T23:53:18,674|[TRACE] script - #out(`(`) [token]
2021-11-21T23:53:18,674|[TRACE] graph - <------- nonSkippedChar
2021-11-21T23:53:18,674|[TRACE] graph - <----- statementPart
2021-11-21T23:53:18,674|[TRACE] graph - -----> statementPart
2021-11-21T23:53:18,674|[TRACE] graph - -------> nonSkippedChar
2021-11-21T23:53:18,674|[TRACE] script - #out(`n`) [token]
2021-11-21T23:53:18,674|[TRACE] graph - <------- nonSkippedChar
2021-11-21T23:53:18,674|[TRACE] graph - <----- statementPart
2021-11-21T23:53:18,674|[TRACE] graph - -----> statementPart
2021-11-21T23:53:18,674|[TRACE] graph - -------> nonSkippedChar
2021-11-21T23:53:18,674|[TRACE] script - #out(`o`) [token]
2021-11-21T23:53:18,674|[TRACE] graph - <------- nonSkippedChar
2021-11-21T23:53:18,674|[TRACE] graph - <----- statementPart
2021-11-21T23:53:18,674|[TRACE] graph - -----> statementPart
2021-11-21T23:53:18,674|[TRACE] graph - -------> nonSkippedChar
2021-11-21T23:53:18,674|[TRACE] script - #out(`w`) [token]
2021-11-21T23:53:18,674|[TRACE] graph - <------- nonSkippedChar
2021-11-21T23:53:18,674|[TRACE] graph - <----- statementPart
2021-11-21T23:53:18,674|[TRACE] graph - -----> statementPart
2021-11-21T23:53:18,674|[TRACE] graph - -------> nonSkippedChar
2021-11-21T23:53:18,674|[TRACE] script - #out(`(`) [token]
2021-11-21T23:53:18,674|[TRACE] graph - <------- nonSkippedChar
2021-11-21T23:53:18,674|[TRACE] graph - <----- statementPart
2021-11-21T23:53:18,674|[TRACE] graph - -----> statementPart
2021-11-21T23:53:18,674|[TRACE] graph - -------> nonSkippedChar
2021-11-21T23:53:18,674|[TRACE] script - #out(`)`) [token]
2021-11-21T23:53:18,674|[TRACE] graph - <------- nonSkippedChar
2021-11-21T23:53:18,674|[TRACE] graph - <----- statementPart
2021-11-21T23:53:18,674|[TRACE] graph - -----> statementPart
2021-11-21T23:53:18,674|[TRACE] graph - -------> nonSkippedChar
2021-11-21T23:53:18,674|[TRACE] script - #out(`)`) [token]
2021-11-21T23:53:18,674|[TRACE] graph - <------- nonSkippedChar
2021-11-21T23:53:18,674|[TRACE] graph - <----- statementPart
2021-11-21T23:53:18,674|[TRACE] graph - -----> statementPart
2021-11-21T23:53:18,674|[TRACE] graph - -------> nonSkippedSpace
2021-11-21T23:53:18,674|[TRACE] script - #out(` `) [token]
2021-11-21T23:53:18,674|[TRACE] graph - <------- nonSkippedSpace
2021-11-21T23:53:18,674|[TRACE] graph - <----- statementPart
2021-11-21T23:53:18,674|[TRACE] graph - -----> statementPart
2021-11-21T23:53:18,674|[TRACE] graph - -------> nonSkippedChar
2021-11-21T23:53:18,674|[TRACE] script - #out(`*`) [token]
2021-11-21T23:53:18,674|[TRACE] graph - <------- nonSkippedChar
2021-11-21T23:53:18,674|[TRACE] graph - <----- statementPart
2021-11-21T23:53:18,674|[TRACE] graph - -----> statementPart
2021-11-21T23:53:18,674|[TRACE] graph - -------> nonSkippedSpace
2021-11-21T23:53:18,674|[TRACE] script - #out(` `) [token]
2021-11-21T23:53:18,674|[TRACE] graph - <------- nonSkippedSpace
2021-11-21T23:53:18,674|[TRACE] graph - <----- statementPart
2021-11-21T23:53:18,674|[TRACE] graph - -----> statementPart
2021-11-21T23:53:18,674|[TRACE] graph - -------> nonSkippedChar
2021-11-21T23:53:18,674|[TRACE] script - #out(`1`) [token]
2021-11-21T23:53:18,674|[TRACE] graph - <------- nonSkippedChar
2021-11-21T23:53:18,674|[TRACE] graph - <----- statementPart
2021-11-21T23:53:18,674|[TRACE] graph - -----> statementPart
2021-11-21T23:53:18,674|[TRACE] graph - -------> nonSkippedChar
2021-11-21T23:53:18,674|[TRACE] script - #out(`0`) [token]
2021-11-21T23:53:18,674|[TRACE] graph - <------- nonSkippedChar
2021-11-21T23:53:18,674|[TRACE] graph - <----- statementPart
2021-11-21T23:53:18,674|[TRACE] graph - -----> statementPart
2021-11-21T23:53:18,674|[TRACE] graph - -------> nonSkippedChar
2021-11-21T23:53:18,674|[TRACE] script - #out(`0`) [token]
2021-11-21T23:53:18,674|[TRACE] graph - <------- nonSkippedChar
2021-11-21T23:53:18,674|[TRACE] graph - <----- statementPart
2021-11-21T23:53:18,674|[TRACE] graph - -----> statementPart
2021-11-21T23:53:18,674|[TRACE] graph - -------> nonSkippedChar
2021-11-21T23:53:18,674|[TRACE] script - #out(`0`) [token]
2021-11-21T23:53:18,674|[TRACE] graph - <------- nonSkippedChar
2021-11-21T23:53:18,674|[TRACE] graph - <----- statementPart
2021-11-21T23:53:18,674|[TRACE] graph - -----> statementPart
2021-11-21T23:53:18,674|[TRACE] graph - -------> nonSkippedChar
2021-11-21T23:53:18,674|[TRACE] script - #out(`)`) [token]
2021-11-21T23:53:18,674|[TRACE] graph - <------- nonSkippedChar
2021-11-21T23:53:18,674|[TRACE] graph - <----- statementPart
2021-11-21T23:53:18,674|[TRACE] graph - -----> statementPart
2021-11-21T23:53:18,674|[TRACE] graph - -------> nonSkippedChar
2021-11-21T23:53:18,674|[TRACE] script - #out(`,`) [token]
2021-11-21T23:53:18,674|[TRACE] graph - <------- nonSkippedChar
2021-11-21T23:53:18,674|[TRACE] graph - <----- statementPart
2021-11-21T23:53:18,674|[TRACE] graph - -----> afterStatementPartNewline
2021-11-21T23:53:18,674|[TRACE] script - #out(` `) [text]
2021-11-21T23:53:18,674|[TRACE] graph - <----- afterStatementPartNewline
2021-11-21T23:53:18,674|[TRACE] graph - -----> statementPart
2021-11-21T23:53:18,674|[TRACE] graph - -------> nonSkippedSpace
2021-11-21T23:53:18,674|[TRACE] script - #out(` `) [token]
2021-11-21T23:53:18,674|[TRACE] graph - <------- nonSkippedSpace
2021-11-21T23:53:18,674|[TRACE] graph - <----- statementPart
2021-11-21T23:53:18,674|[TRACE] graph - -----> statementPart
2021-11-21T23:53:18,674|[TRACE] graph - -------> nonSkippedSpace
2021-11-21T23:53:18,674|[TRACE] script - #out(` `) [token]
2021-11-21T23:53:18,674|[TRACE] graph - <------- nonSkippedSpace
2021-11-21T23:53:18,674|[TRACE] graph - <----- statementPart
2021-11-21T23:53:18,674|[TRACE] graph - -----> statementPart
2021-11-21T23:53:18,674|[TRACE] graph - -------> quotedString
2021-11-21T23:53:18,674|[TRACE] script - #out(``version``) [token]
2021-11-21T23:53:18,674|[TRACE] graph - <------- quotedString
2021-11-21T23:53:18,674|[TRACE] graph - <----- statementPart
2021-11-21T23:53:18,674|[TRACE] graph - -----> statementPart
2021-11-21T23:53:18,674|[TRACE] graph - -------> nonSkippedSpace
2021-11-21T23:53:18,674|[TRACE] script - #out(` `) [token]
2021-11-21T23:53:18,674|[TRACE] graph - <------- nonSkippedSpace
2021-11-21T23:53:18,674|[TRACE] graph - <----- statementPart
2021-11-21T23:53:18,674|[TRACE] graph - -----> statementPart
2021-11-21T23:53:18,674|[TRACE] graph - -------> nonSkippedChar
2021-11-21T23:53:18,674|[TRACE] script - #out(`I`) [token]
2021-11-21T23:53:18,674|[TRACE] graph - <------- nonSkippedChar
2021-11-21T23:53:18,674|[TRACE] graph - <----- statementPart
2021-11-21T23:53:18,674|[TRACE] graph - -----> statementPart
2021-11-21T23:53:18,674|[TRACE] graph - -------> nonSkippedChar
2021-11-21T23:53:18,674|[TRACE] script - #out(`N`) [token]
2021-11-21T23:53:18,674|[TRACE] graph - <------- nonSkippedChar
2021-11-21T23:53:18,675|[TRACE] graph - <----- statementPart
2021-11-21T23:53:18,675|[TRACE] graph - -----> statementPart
2021-11-21T23:53:18,675|[TRACE] graph - -------> nonSkippedChar
2021-11-21T23:53:18,675|[TRACE] script - #out(`T`) [token]
2021-11-21T23:53:18,675|[TRACE] graph - <------- nonSkippedChar
2021-11-21T23:53:18,675|[TRACE] graph - <----- statementPart
2021-11-21T23:53:18,675|[TRACE] graph - -----> statementPart
2021-11-21T23:53:18,675|[TRACE] graph - -------> nonSkippedSpace
2021-11-21T23:53:18,675|[TRACE] script - #out(` `) [token]
2021-11-21T23:53:18,675|[TRACE] graph - <------- nonSkippedSpace
2021-11-21T23:53:18,675|[TRACE] graph - <----- statementPart
2021-11-21T23:53:18,675|[TRACE] graph - -----> statementPart
2021-11-21T23:53:18,675|[TRACE] graph - -------> nonSkippedChar
2021-11-21T23:53:18,675|[TRACE] script - #out(`N`) [token]
2021-11-21T23:53:18,675|[TRACE] graph - <------- nonSkippedChar
2021-11-21T23:53:18,675|[TRACE] graph - <----- statementPart
2021-11-21T23:53:18,675|[TRACE] graph - -----> statementPart
2021-11-21T23:53:18,675|[TRACE] graph - -------> nonSkippedChar
2021-11-21T23:53:18,675|[TRACE] script - #out(`O`) [token]
2021-11-21T23:53:18,675|[TRACE] graph - <------- nonSkippedChar
2021-11-21T23:53:18,675|[TRACE] graph - <----- statementPart
2021-11-21T23:53:18,675|[TRACE] graph - -----> statementPart
2021-11-21T23:53:18,675|[TRACE] graph - -------> nonSkippedChar
2021-11-21T23:53:18,675|[TRACE] script - #out(`T`) [token]
2021-11-21T23:53:18,675|[TRACE] graph - <------- nonSkippedChar
2021-11-21T23:53:18,675|[TRACE] graph - <----- statementPart
2021-11-21T23:53:18,675|[TRACE] graph - -----> statementPart
2021-11-21T23:53:18,675|[TRACE] graph - -------> nonSkippedSpace
2021-11-21T23:53:18,675|[TRACE] script - #out(` `) [token]
2021-11-21T23:53:18,675|[TRACE] graph - <------- nonSkippedSpace
2021-11-21T23:53:18,675|[TRACE] graph - <----- statementPart
2021-11-21T23:53:18,675|[TRACE] graph - -----> statementPart
2021-11-21T23:53:18,675|[TRACE] graph - -------> nonSkippedChar
2021-11-21T23:53:18,675|[TRACE] script - #out(`N`) [token]
2021-11-21T23:53:18,675|[TRACE] graph - <------- nonSkippedChar
2021-11-21T23:53:18,675|[TRACE] graph - <----- statementPart
2021-11-21T23:53:18,675|[TRACE] graph - -----> statementPart
2021-11-21T23:53:18,675|[TRACE] graph - -------> nonSkippedChar
2021-11-21T23:53:18,675|[TRACE] script - #out(`U`) [token]
2021-11-21T23:53:18,675|[TRACE] graph - <------- nonSkippedChar
2021-11-21T23:53:18,675|[TRACE] graph - <----- statementPart
2021-11-21T23:53:18,675|[TRACE] graph - -----> statementPart
2021-11-21T23:53:18,675|[TRACE] graph - -------> nonSkippedChar
2021-11-21T23:53:18,675|[TRACE] script - #out(`L`) [token]
2021-11-21T23:53:18,675|[TRACE] graph - <------- nonSkippedChar
2021-11-21T23:53:18,675|[TRACE] graph - <----- statementPart
2021-11-21T23:53:18,675|[TRACE] graph - -----> statementPart
2021-11-21T23:53:18,675|[TRACE] graph - -------> nonSkippedChar
2021-11-21T23:53:18,675|[TRACE] script - #out(`L`) [token]
2021-11-21T23:53:18,675|[TRACE] graph - <------- nonSkippedChar
2021-11-21T23:53:18,675|[TRACE] graph - <----- statementPart
2021-11-21T23:53:18,675|[TRACE] graph - -----> statementPart
2021-11-21T23:53:18,675|[TRACE] graph - -------> nonSkippedSpace
2021-11-21T23:53:18,675|[TRACE] script - #out(` `) [token]
2021-11-21T23:53:18,675|[TRACE] graph - <------- nonSkippedSpace
2021-11-21T23:53:18,675|[TRACE] graph - <----- statementPart
2021-11-21T23:53:18,675|[TRACE] graph - -----> statementPart
2021-11-21T23:53:18,675|[TRACE] graph - -------> nonSkippedChar
2021-11-21T23:53:18,675|[TRACE] script - #out(`D`) [token]
2021-11-21T23:53:18,675|[TRACE] graph - <------- nonSkippedChar
2021-11-21T23:53:18,675|[TRACE] graph - <----- statementPart
2021-11-21T23:53:18,675|[TRACE] graph - -----> statementPart
2021-11-21T23:53:18,675|[TRACE] graph - -------> nonSkippedChar
2021-11-21T23:53:18,675|[TRACE] script - #out(`E`) [token]
2021-11-21T23:53:18,675|[TRACE] graph - <------- nonSkippedChar
2021-11-21T23:53:18,675|[TRACE] graph - <----- statementPart
2021-11-21T23:53:18,675|[TRACE] graph - -----> statementPart
2021-11-21T23:53:18,675|[TRACE] graph - -------> nonSkippedChar
2021-11-21T23:53:18,675|[TRACE] script - #out(`F`) [token]
2021-11-21T23:53:18,675|[TRACE] graph - <------- nonSkippedChar
2021-11-21T23:53:18,675|[TRACE] graph - <----- statementPart
2021-11-21T23:53:18,675|[TRACE] graph - -----> statementPart
2021-11-21T23:53:18,675|[TRACE] graph - -------> nonSkippedChar
2021-11-21T23:53:18,675|[TRACE] script - #out(`A`) [token]
2021-11-21T23:53:18,675|[TRACE] graph - <------- nonSkippedChar
2021-11-21T23:53:18,675|[TRACE] graph - <----- statementPart
2021-11-21T23:53:18,675|[TRACE] graph - -----> statementPart
2021-11-21T23:53:18,675|[TRACE] graph - -------> nonSkippedChar
2021-11-21T23:53:18,675|[TRACE] script - #out(`U`) [token]
2021-11-21T23:53:18,675|[TRACE] graph - <------- nonSkippedChar
2021-11-21T23:53:18,675|[TRACE] graph - <----- statementPart
2021-11-21T23:53:18,675|[TRACE] graph - -----> statementPart
2021-11-21T23:53:18,675|[TRACE] graph - -------> nonSkippedChar
2021-11-21T23:53:18,675|[TRACE] script - #out(`L`) [token]
2021-11-21T23:53:18,675|[TRACE] graph - <------- nonSkippedChar
2021-11-21T23:53:18,675|[TRACE] graph - <----- statementPart
2021-11-21T23:53:18,675|[TRACE] graph - -----> statementPart
2021-11-21T23:53:18,675|[TRACE] graph - -------> nonSkippedChar
2021-11-21T23:53:18,675|[TRACE] script - #out(`T`) [token]
2021-11-21T23:53:18,675|[TRACE] graph - <------- nonSkippedChar
2021-11-21T23:53:18,675|[TRACE] graph - <----- statementPart
2021-11-21T23:53:18,675|[TRACE] graph - -----> statementPart
2021-11-21T23:53:18,675|[TRACE] graph - -------> nonSkippedSpace
2021-11-21T23:53:18,675|[TRACE] script - #out(` `) [token]
2021-11-21T23:53:18,675|[TRACE] graph - <------- nonSkippedSpace
2021-11-21T23:53:18,675|[TRACE] graph - <----- statementPart
2021-11-21T23:53:18,675|[TRACE] graph - -----> statementPart
2021-11-21T23:53:18,675|[TRACE] graph - -------> nonSkippedChar
2021-11-21T23:53:18,675|[TRACE] script - #out(`1`) [token]
2021-11-21T23:53:18,675|[TRACE] graph - <------- nonSkippedChar
2021-11-21T23:53:18,675|[TRACE] graph - <----- statementPart
2021-11-21T23:53:18,675|[TRACE] graph - -----> statementPart
2021-11-21T23:53:18,675|[TRACE] graph - -------> nonSkippedChar
2021-11-21T23:53:18,675|[TRACE] script - #out(`,`) [token]
2021-11-21T23:53:18,675|[TRACE] graph - <------- nonSkippedChar
2021-11-21T23:53:18,675|[TRACE] graph - <----- statementPart
2021-11-21T23:53:18,675|[TRACE] graph - -----> afterStatementPartNewline
2021-11-21T23:53:18,675|[TRACE] script - #out(` `) [text]
2021-11-21T23:53:18,675|[TRACE] graph - <----- afterStatementPartNewline
2021-11-21T23:53:18,675|[TRACE] graph - -----> statementPart
2021-11-21T23:53:18,675|[TRACE] graph - -------> nonSkippedSpace
2021-11-21T23:53:18,675|[TRACE] script - #out(` `) [token]
2021-11-21T23:53:18,675|[TRACE] graph - <------- nonSkippedSpace
2021-11-21T23:53:18,675|[TRACE] graph - <----- statementPart
2021-11-21T23:53:18,675|[TRACE] graph - -----> statementPart
2021-11-21T23:53:18,675|[TRACE] graph - -------> nonSkippedSpace
2021-11-21T23:53:18,675|[TRACE] script - #out(` `) [token]
2021-11-21T23:53:18,675|[TRACE] graph - <------- nonSkippedSpace
2021-11-21T23:53:18,675|[TRACE] graph - <----- statementPart
2021-11-21T23:53:18,675|[TRACE] graph - -----> statementPart
2021-11-21T23:53:18,675|[TRACE] graph - -------> nonSkippedChar
2021-11-21T23:53:18,675|[TRACE] script - #out(`P`) [token]
2021-11-21T23:53:18,675|[TRACE] graph - <------- nonSkippedChar
2021-11-21T23:53:18,675|[TRACE] graph - <----- statementPart
2021-11-21T23:53:18,675|[TRACE] graph - -----> statementPart
2021-11-21T23:53:18,675|[TRACE] graph - -------> nonSkippedChar
2021-11-21T23:53:18,675|[TRACE] script - #out(`R`) [token]
2021-11-21T23:53:18,675|[TRACE] graph - <------- nonSkippedChar
2021-11-21T23:53:18,675|[TRACE] graph - <----- statementPart
2021-11-21T23:53:18,675|[TRACE] graph - -----> statementPart
2021-11-21T23:53:18,675|[TRACE] graph - -------> nonSkippedChar
2021-11-21T23:53:18,675|[TRACE] script - #out(`I`) [token]
2021-11-21T23:53:18,675|[TRACE] graph - <------- nonSkippedChar
2021-11-21T23:53:18,675|[TRACE] graph - <----- statementPart
2021-11-21T23:53:18,675|[TRACE] graph - -----> statementPart
2021-11-21T23:53:18,675|[TRACE] graph - -------> nonSkippedChar
2021-11-21T23:53:18,675|[TRACE] script - #out(`M`) [token]
2021-11-21T23:53:18,675|[TRACE] graph - <------- nonSkippedChar
2021-11-21T23:53:18,675|[TRACE] graph - <----- statementPart
2021-11-21T23:53:18,675|[TRACE] graph - -----> statementPart
2021-11-21T23:53:18,675|[TRACE] graph - -------> nonSkippedChar
2021-11-21T23:53:18,675|[TRACE] script - #out(`A`) [token]
2021-11-21T23:53:18,675|[TRACE] graph - <------- nonSkippedChar
2021-11-21T23:53:18,675|[TRACE] graph - <----- statementPart
2021-11-21T23:53:18,675|[TRACE] graph - -----> statementPart
2021-11-21T23:53:18,675|[TRACE] graph - -------> nonSkippedChar
2021-11-21T23:53:18,675|[TRACE] script - #out(`R`) [token]
2021-11-21T23:53:18,675|[TRACE] graph - <------- nonSkippedChar
2021-11-21T23:53:18,675|[TRACE] graph - <----- statementPart
2021-11-21T23:53:18,675|[TRACE] graph - -----> statementPart
2021-11-21T23:53:18,675|[TRACE] graph - -------> nonSkippedChar
2021-11-21T23:53:18,675|[TRACE] script - #out(`Y`) [token]
2021-11-21T23:53:18,675|[TRACE] graph - <------- nonSkippedChar
2021-11-21T23:53:18,675|[TRACE] graph - <----- statementPart
2021-11-21T23:53:18,675|[TRACE] graph - -----> statementPart
2021-11-21T23:53:18,675|[TRACE] graph - -------> nonSkippedSpace
2021-11-21T23:53:18,675|[TRACE] script - #out(` `) [token]
2021-11-21T23:53:18,675|[TRACE] graph - <------- nonSkippedSpace
2021-11-21T23:53:18,675|[TRACE] graph - <----- statementPart
2021-11-21T23:53:18,675|[TRACE] graph - -----> statementPart
2021-11-21T23:53:18,675|[TRACE] graph - -------> nonSkippedChar
2021-11-21T23:53:18,675|[TRACE] script - #out(`K`) [token]
2021-11-21T23:53:18,675|[TRACE] graph - <------- nonSkippedChar
2021-11-21T23:53:18,675|[TRACE] graph - <----- statementPart
2021-11-21T23:53:18,675|[TRACE] graph - -----> statementPart
2021-11-21T23:53:18,675|[TRACE] graph - -------> nonSkippedChar
2021-11-21T23:53:18,675|[TRACE] script - #out(`E`) [token]
2021-11-21T23:53:18,675|[TRACE] graph - <------- nonSkippedChar
2021-11-21T23:53:18,675|[TRACE] graph - <----- statementPart
2021-11-21T23:53:18,675|[TRACE] graph - -----> statementPart
2021-11-21T23:53:18,675|[TRACE] graph - -------> nonSkippedChar
2021-11-21T23:53:18,675|[TRACE] script - #out(`Y`) [token]
2021-11-21T23:53:18,675|[TRACE] graph - <------- nonSkippedChar
2021-11-21T23:53:18,675|[TRACE] graph - <----- statementPart
2021-11-21T23:53:18,675|[TRACE] graph - -----> statementPart
2021-11-21T23:53:18,675|[TRACE] graph - -------> nonSkippedSpace
2021-11-21T23:53:18,675|[TRACE] script - #out(` `) [token]
2021-11-21T23:53:18,675|[TRACE] graph - <------- nonSkippedSpace
2021-11-21T23:53:18,675|[TRACE] graph - <----- statementPart
2021-11-21T23:53:18,675|[TRACE] graph - -----> statementPart
2021-11-21T23:53:18,675|[TRACE] graph - -------> nonSkippedChar
2021-11-21T23:53:18,675|[TRACE] script - #out(`(`) [token]
2021-11-21T23:53:18,675|[TRACE] graph - <------- nonSkippedChar
2021-11-21T23:53:18,675|[TRACE] graph - <----- statementPart
2021-11-21T23:53:18,675|[TRACE] graph - -----> statementPart
2021-11-21T23:53:18,675|[TRACE] graph - -------> quotedString
2021-11-21T23:53:18,675|[TRACE] script - #out(``person_id``) [token]
2021-11-21T23:53:18,675|[TRACE] graph - <------- quotedString
2021-11-21T23:53:18,675|[TRACE] graph - <----- statementPart
2021-11-21T23:53:18,675|[TRACE] graph - -----> statementPart
2021-11-21T23:53:18,675|[TRACE] graph - -------> nonSkippedChar
2021-11-21T23:53:18,675|[TRACE] script - #out(`,`) [token]
2021-11-21T23:53:18,675|[TRACE] graph - <------- nonSkippedChar
2021-11-21T23:53:18,675|[TRACE] graph - <----- statementPart
2021-11-21T23:53:18,675|[TRACE] graph - -----> statementPart
2021-11-21T23:53:18,675|[TRACE] graph - -------> nonSkippedSpace
2021-11-21T23:53:18,675|[TRACE] script - #out(` `) [token]
2021-11-21T23:53:18,675|[TRACE] graph - <------- nonSkippedSpace
2021-11-21T23:53:18,675|[TRACE] graph - <----- statementPart
2021-11-21T23:53:18,675|[TRACE] graph - -----> statementPart
2021-11-21T23:53:18,675|[TRACE] graph - -------> quotedString
2021-11-21T23:53:18,675|[TRACE] script - #out(``phone_id``) [token]
2021-11-21T23:53:18,675|[TRACE] graph - <------- quotedString
2021-11-21T23:53:18,675|[TRACE] graph - <----- statementPart
2021-11-21T23:53:18,675|[TRACE] graph - -----> statementPart
2021-11-21T23:53:18,675|[TRACE] graph - -------> nonSkippedChar
2021-11-21T23:53:18,675|[TRACE] script - #out(`)`) [token]
2021-11-21T23:53:18,675|[TRACE] graph - <------- nonSkippedChar
2021-11-21T23:53:18,675|[TRACE] graph - <----- statementPart
2021-11-21T23:53:18,675|[TRACE] graph - -----> statementPart
2021-11-21T23:53:18,675|[TRACE] graph - -------> nonSkippedChar
2021-11-21T23:53:18,675|[TRACE] script - #out(`,`) [token]
2021-11-21T23:53:18,675|[TRACE] graph - <------- nonSkippedChar
2021-11-21T23:53:18,675|[TRACE] graph - <----- statementPart
2021-11-21T23:53:18,675|[TRACE] graph - -----> afterStatementPartNewline
2021-11-21T23:53:18,675|[TRACE] script - #out(` `) [text]
2021-11-21T23:53:18,675|[TRACE] graph - <----- afterStatementPartNewline
2021-11-21T23:53:18,675|[TRACE] graph - -----> statementPart
2021-11-21T23:53:18,675|[TRACE] graph - -------> nonSkippedSpace
2021-11-21T23:53:18,675|[TRACE] script - #out(` `) [token]
2021-11-21T23:53:18,675|[TRACE] graph - <------- nonSkippedSpace
2021-11-21T23:53:18,675|[TRACE] graph - <----- statementPart
2021-11-21T23:53:18,675|[TRACE] graph - -----> statementPart
2021-11-21T23:53:18,675|[TRACE] graph - -------> nonSkippedSpace
2021-11-21T23:53:18,675|[TRACE] script - #out(` `) [token]
2021-11-21T23:53:18,675|[TRACE] graph - <------- nonSkippedSpace
2021-11-21T23:53:18,675|[TRACE] graph - <----- statementPart
2021-11-21T23:53:18,675|[TRACE] graph - -----> statementPart
2021-11-21T23:53:18,675|[TRACE] graph - -------> nonSkippedChar
2021-11-21T23:53:18,675|[TRACE] script - #out(`I`) [token]
2021-11-21T23:53:18,675|[TRACE] graph - <------- nonSkippedChar
2021-11-21T23:53:18,675|[TRACE] graph - <----- statementPart
2021-11-21T23:53:18,675|[TRACE] graph - -----> statementPart
2021-11-21T23:53:18,675|[TRACE] graph - -------> nonSkippedChar
2021-11-21T23:53:18,675|[TRACE] script - #out(`N`) [token]
2021-11-21T23:53:18,675|[TRACE] graph - <------- nonSkippedChar
2021-11-21T23:53:18,675|[TRACE] graph - <----- statementPart
2021-11-21T23:53:18,675|[TRACE] graph - -----> statementPart
2021-11-21T23:53:18,675|[TRACE] graph - -------> nonSkippedChar
2021-11-21T23:53:18,675|[TRACE] script - #out(`D`) [token]
2021-11-21T23:53:18,675|[TRACE] graph - <------- nonSkippedChar
2021-11-21T23:53:18,675|[TRACE] graph - <----- statementPart
2021-11-21T23:53:18,675|[TRACE] graph - -----> statementPart
2021-11-21T23:53:18,675|[TRACE] graph - -------> nonSkippedChar
2021-11-21T23:53:18,675|[TRACE] script - #out(`E`) [token]
2021-11-21T23:53:18,675|[TRACE] graph - <------- nonSkippedChar
2021-11-21T23:53:18,675|[TRACE] graph - <----- statementPart
2021-11-21T23:53:18,675|[TRACE] graph - -----> statementPart
2021-11-21T23:53:18,675|[TRACE] graph - -------> nonSkippedChar
2021-11-21T23:53:18,675|[TRACE] script - #out(`X`) [token]
2021-11-21T23:53:18,675|[TRACE] graph - <------- nonSkippedChar
2021-11-21T23:53:18,675|[TRACE] graph - <----- statementPart
2021-11-21T23:53:18,675|[TRACE] graph - -----> statementPart
2021-11-21T23:53:18,675|[TRACE] graph - -------> nonSkippedSpace
2021-11-21T23:53:18,675|[TRACE] script - #out(` `) [token]
2021-11-21T23:53:18,675|[TRACE] graph - <------- nonSkippedSpace
2021-11-21T23:53:18,675|[TRACE] graph - <----- statementPart
2021-11-21T23:53:18,675|[TRACE] graph - -----> statementPart
2021-11-21T23:53:18,675|[TRACE] graph - -------> quotedString
2021-11-21T23:53:18,675|[TRACE] script - #out(``fk_contact_phone1_idx``) [token]
2021-11-21T23:53:18,675|[TRACE] graph - <------- quotedString
2021-11-21T23:53:18,675|[TRACE] graph - <----- statementPart
2021-11-21T23:53:18,675|[TRACE] graph - -----> statementPart
2021-11-21T23:53:18,675|[TRACE] graph - -------> nonSkippedSpace
2021-11-21T23:53:18,675|[TRACE] script - #out(` `) [token]
2021-11-21T23:53:18,675|[TRACE] graph - <------- nonSkippedSpace
2021-11-21T23:53:18,675|[TRACE] graph - <----- statementPart
2021-11-21T23:53:18,675|[TRACE] graph - -----> statementPart
2021-11-21T23:53:18,675|[TRACE] graph - -------> nonSkippedChar
2021-11-21T23:53:18,675|[TRACE] script - #out(`(`) [token]
2021-11-21T23:53:18,675|[TRACE] graph - <------- nonSkippedChar
2021-11-21T23:53:18,675|[TRACE] graph - <----- statementPart
2021-11-21T23:53:18,675|[TRACE] graph - -----> statementPart
2021-11-21T23:53:18,675|[TRACE] graph - -------> quotedString
2021-11-21T23:53:18,675|[TRACE] script - #out(``phone_id``) [token]
2021-11-21T23:53:18,675|[TRACE] graph - <------- quotedString
2021-11-21T23:53:18,675|[TRACE] graph - <----- statementPart
2021-11-21T23:53:18,675|[TRACE] graph - -----> statementPart
2021-11-21T23:53:18,675|[TRACE] graph - -------> nonSkippedSpace
2021-11-21T23:53:18,675|[TRACE] script - #out(` `) [token]
2021-11-21T23:53:18,675|[TRACE] graph - <------- nonSkippedSpace
2021-11-21T23:53:18,719|[TRACE] graph - <----- statementPart
2021-11-21T23:53:18,719|[TRACE] graph - -----> statementPart
2021-11-21T23:53:18,719|[TRACE] graph - -------> nonSkippedChar
2021-11-21T23:53:18,719|[TRACE] script - #out(`A`) [token]
2021-11-21T23:53:18,719|[TRACE] graph - <------- nonSkippedChar
2021-11-21T23:53:18,719|[TRACE] graph - <----- statementPart
2021-11-21T23:53:18,719|[TRACE] graph - -----> statementPart
2021-11-21T23:53:18,719|[TRACE] graph - -------> nonSkippedChar
2021-11-21T23:53:18,719|[TRACE] script - #out(`S`) [token]
2021-11-21T23:53:18,719|[TRACE] graph - <------- nonSkippedChar
2021-11-21T23:53:18,719|[TRACE] graph - <----- statementPart
2021-11-21T23:53:18,719|[TRACE] graph - -----> statementPart
2021-11-21T23:53:18,719|[TRACE] graph - -------> nonSkippedChar
2021-11-21T23:53:18,719|[TRACE] script - #out(`C`) [token]
2021-11-21T23:53:18,719|[TRACE] graph - <------- nonSkippedChar
2021-11-21T23:53:18,719|[TRACE] graph - <----- statementPart
2021-11-21T23:53:18,719|[TRACE] graph - -----> statementPart
2021-11-21T23:53:18,719|[TRACE] graph - -------> nonSkippedChar
2021-11-21T23:53:18,719|[TRACE] script - #out(`)`) [token]
2021-11-21T23:53:18,719|[TRACE] graph - <------- nonSkippedChar
2021-11-21T23:53:18,719|[TRACE] graph - <----- statementPart
2021-11-21T23:53:18,719|[TRACE] graph - -----> statementPart
2021-11-21T23:53:18,719|[TRACE] graph - -------> nonSkippedSpace
2021-11-21T23:53:18,719|[TRACE] script - #out(` `) [token]
2021-11-21T23:53:18,719|[TRACE] graph - <------- nonSkippedSpace
2021-11-21T23:53:18,719|[TRACE] graph - <----- statementPart
2021-11-21T23:53:18,719|[TRACE] graph - -----> statementPart
2021-11-21T23:53:18,719|[TRACE] graph - -------> nonSkippedChar
2021-11-21T23:53:18,719|[TRACE] script - #out(`V`) [token]
2021-11-21T23:53:18,719|[TRACE] graph - <------- nonSkippedChar
2021-11-21T23:53:18,719|[TRACE] graph - <----- statementPart
2021-11-21T23:53:18,719|[TRACE] graph - -----> statementPart
2021-11-21T23:53:18,719|[TRACE] graph - -------> nonSkippedChar
2021-11-21T23:53:18,719|[TRACE] script - #out(`I`) [token]
2021-11-21T23:53:18,719|[TRACE] graph - <------- nonSkippedChar
2021-11-21T23:53:18,719|[TRACE] graph - <----- statementPart
2021-11-21T23:53:18,719|[TRACE] graph - -----> statementPart
2021-11-21T23:53:18,719|[TRACE] graph - -------> nonSkippedChar
2021-11-21T23:53:18,719|[TRACE] script - #out(`S`) [token]
2021-11-21T23:53:18,719|[TRACE] graph - <------- nonSkippedChar
2021-11-21T23:53:18,719|[TRACE] graph - <----- statementPart
2021-11-21T23:53:18,719|[TRACE] graph - -----> statementPart
2021-11-21T23:53:18,719|[TRACE] graph - -------> nonSkippedChar
2021-11-21T23:53:18,719|[TRACE] script - #out(`I`) [token]
2021-11-21T23:53:18,719|[TRACE] graph - <------- nonSkippedChar
2021-11-21T23:53:18,719|[TRACE] graph - <----- statementPart
2021-11-21T23:53:18,719|[TRACE] graph - -----> statementPart
2021-11-21T23:53:18,719|[TRACE] graph - -------> nonSkippedChar
2021-11-21T23:53:18,719|[TRACE] script - #out(`B`) [token]
2021-11-21T23:53:18,719|[TRACE] graph - <------- nonSkippedChar
2021-11-21T23:53:18,719|[TRACE] graph - <----- statementPart
2021-11-21T23:53:18,719|[TRACE] graph - -----> statementPart
2021-11-21T23:53:18,719|[TRACE] graph - -------> nonSkippedChar
2021-11-21T23:53:18,719|[TRACE] script - #out(`L`) [token]
2021-11-21T23:53:18,719|[TRACE] graph - <------- nonSkippedChar
2021-11-21T23:53:18,719|[TRACE] graph - <----- statementPart
2021-11-21T23:53:18,719|[TRACE] graph - -----> statementPart
2021-11-21T23:53:18,719|[TRACE] graph - -------> nonSkippedChar
2021-11-21T23:53:18,719|[TRACE] script - #out(`E`) [token]
2021-11-21T23:53:18,719|[TRACE] graph - <------- nonSkippedChar
2021-11-21T23:53:18,719|[TRACE] graph - <----- statementPart
2021-11-21T23:53:18,719|[TRACE] graph - -----> statementPart
2021-11-21T23:53:18,719|[TRACE] graph - -------> nonSkippedChar
2021-11-21T23:53:18,719|[TRACE] script - #out(`,`) [token]
2021-11-21T23:53:18,719|[TRACE] graph - <------- nonSkippedChar
2021-11-21T23:53:18,719|[TRACE] graph - <----- statementPart
2021-11-21T23:53:18,719|[TRACE] graph - -----> afterStatementPartNewline
2021-11-21T23:53:18,719|[TRACE] script - #out(` `) [text]
2021-11-21T23:53:18,719|[TRACE] graph - <----- afterStatementPartNewline
2021-11-21T23:53:18,719|[TRACE] graph - -----> statementPart
2021-11-21T23:53:18,719|[TRACE] graph - -------> nonSkippedSpace
2021-11-21T23:53:18,719|[TRACE] script - #out(` `) [token]
2021-11-21T23:53:18,719|[TRACE] graph - <------- nonSkippedSpace
2021-11-21T23:53:18,719|[TRACE] graph - <----- statementPart
2021-11-21T23:53:18,719|[TRACE] graph - -----> statementPart
2021-11-21T23:53:18,719|[TRACE] graph - -------> nonSkippedSpace
2021-11-21T23:53:18,719|[TRACE] script - #out(` `) [token]
2021-11-21T23:53:18,719|[TRACE] graph - <------- nonSkippedSpace
2021-11-21T23:53:18,719|[TRACE] graph - <----- statementPart
2021-11-21T23:53:18,720|[TRACE] graph - -----> statementPart
2021-11-21T23:53:18,720|[TRACE] graph - -------> nonSkippedChar
2021-11-21T23:53:18,720|[TRACE] script - #out(`I`) [token]
2021-11-21T23:53:18,720|[TRACE] graph - <------- nonSkippedChar
2021-11-21T23:53:18,720|[TRACE] graph - <----- statementPart
2021-11-21T23:53:18,720|[TRACE] graph - -----> statementPart
2021-11-21T23:53:18,720|[TRACE] graph - -------> nonSkippedChar
2021-11-21T23:53:18,720|[TRACE] script - #out(`N`) [token]
2021-11-21T23:53:18,720|[TRACE] graph - <------- nonSkippedChar
2021-11-21T23:53:18,720|[TRACE] graph - <----- statementPart
2021-11-21T23:53:18,720|[TRACE] graph - -----> statementPart
2021-11-21T23:53:18,720|[TRACE] graph - -------> nonSkippedChar
2021-11-21T23:53:18,720|[TRACE] script - #out(`D`) [token]
2021-11-21T23:53:18,720|[TRACE] graph - <------- nonSkippedChar
2021-11-21T23:53:18,720|[TRACE] graph - <----- statementPart
2021-11-21T23:53:18,720|[TRACE] graph - -----> statementPart
2021-11-21T23:53:18,720|[TRACE] graph - -------> nonSkippedChar
2021-11-21T23:53:18,720|[TRACE] script - #out(`E`) [token]
2021-11-21T23:53:18,720|[TRACE] graph - <------- nonSkippedChar
2021-11-21T23:53:18,720|[TRACE] graph - <----- statementPart
2021-11-21T23:53:18,720|[TRACE] graph - -----> statementPart
2021-11-21T23:53:18,720|[TRACE] graph - -------> nonSkippedChar
2021-11-21T23:53:18,720|[TRACE] script - #out(`X`) [token]
2021-11-21T23:53:18,720|[TRACE] graph - <------- nonSkippedChar
2021-11-21T23:53:18,720|[TRACE] graph - <----- statementPart
2021-11-21T23:53:18,720|[TRACE] graph - -----> statementPart
2021-11-21T23:53:18,720|[TRACE] graph - -------> nonSkippedSpace
2021-11-21T23:53:18,720|[TRACE] script - #out(` `) [token]
2021-11-21T23:53:18,720|[TRACE] graph - <------- nonSkippedSpace
2021-11-21T23:53:18,720|[TRACE] graph - <----- statementPart
2021-11-21T23:53:18,720|[TRACE] graph - -----> statementPart
2021-11-21T23:53:18,720|[TRACE] graph - -------> quotedString
2021-11-21T23:53:18,720|[TRACE] script - #out(``fk_contact_person1_idx``) [token]
2021-11-21T23:53:18,720|[TRACE] graph - <------- quotedString
2021-11-21T23:53:18,720|[TRACE] graph - <----- statementPart
2021-11-21T23:53:18,720|[TRACE] graph - -----> statementPart
2021-11-21T23:53:18,720|[TRACE] graph - -------> nonSkippedSpace
2021-11-21T23:53:18,720|[TRACE] script - #out(` `) [token]
2021-11-21T23:53:18,720|[TRACE] graph - <------- nonSkippedSpace
2021-11-21T23:53:18,720|[TRACE] graph - <----- statementPart
2021-11-21T23:53:18,720|[TRACE] graph - -----> statementPart
2021-11-21T23:53:18,720|[TRACE] graph - -------> nonSkippedChar
2021-11-21T23:53:18,720|[TRACE] script - #out(`(`) [token]
2021-11-21T23:53:18,720|[TRACE] graph - <------- nonSkippedChar
2021-11-21T23:53:18,720|[TRACE] graph - <----- statementPart
2021-11-21T23:53:18,720|[TRACE] graph - -----> statementPart
2021-11-21T23:53:18,720|[TRACE] graph - -------> quotedString
2021-11-21T23:53:18,720|[TRACE] script - #out(``person_id``) [token]
2021-11-21T23:53:18,720|[TRACE] graph - <------- quotedString
2021-11-21T23:53:18,720|[TRACE] graph - <----- statementPart
2021-11-21T23:53:18,720|[TRACE] graph - -----> statementPart
2021-11-21T23:53:18,720|[TRACE] graph - -------> nonSkippedSpace
2021-11-21T23:53:18,720|[TRACE] script - #out(` `) [token]
2021-11-21T23:53:18,720|[TRACE] graph - <------- nonSkippedSpace
2021-11-21T23:53:18,720|[TRACE] graph - <----- statementPart
2021-11-21T23:53:18,720|[TRACE] graph - -----> statementPart
2021-11-21T23:53:18,720|[TRACE] graph - -------> nonSkippedChar
2021-11-21T23:53:18,720|[TRACE] script - #out(`A`) [token]
2021-11-21T23:53:18,720|[TRACE] graph - <------- nonSkippedChar
2021-11-21T23:53:18,720|[TRACE] graph - <----- statementPart
2021-11-21T23:53:18,720|[TRACE] graph - -----> statementPart
2021-11-21T23:53:18,720|[TRACE] graph - -------> nonSkippedChar
2021-11-21T23:53:18,720|[TRACE] script - #out(`S`) [token]
2021-11-21T23:53:18,720|[TRACE] graph - <------- nonSkippedChar
2021-11-21T23:53:18,720|[TRACE] graph - <----- statementPart
2021-11-21T23:53:18,720|[TRACE] graph - -----> statementPart
2021-11-21T23:53:18,720|[TRACE] graph - -------> nonSkippedChar
2021-11-21T23:53:18,720|[TRACE] script - #out(`C`) [token]
2021-11-21T23:53:18,720|[TRACE] graph - <------- nonSkippedChar
2021-11-21T23:53:18,720|[TRACE] graph - <----- statementPart
2021-11-21T23:53:18,720|[TRACE] graph - -----> statementPart
2021-11-21T23:53:18,720|[TRACE] graph - -------> nonSkippedChar
2021-11-21T23:53:18,720|[TRACE] script - #out(`)`) [token]
2021-11-21T23:53:18,720|[TRACE] graph - <------- nonSkippedChar
2021-11-21T23:53:18,720|[TRACE] graph - <----- statementPart
2021-11-21T23:53:18,720|[TRACE] graph - -----> statementPart
2021-11-21T23:53:18,720|[TRACE] graph - -------> nonSkippedSpace
2021-11-21T23:53:18,720|[TRACE] script - #out(` `) [token]
2021-11-21T23:53:18,720|[TRACE] graph - <------- nonSkippedSpace
2021-11-21T23:53:18,720|[TRACE] graph - <----- statementPart
2021-11-21T23:53:18,720|[TRACE] graph - -----> statementPart
2021-11-21T23:53:18,720|[TRACE] graph - -------> nonSkippedChar
2021-11-21T23:53:18,720|[TRACE] script - #out(`V`) [token]
2021-11-21T23:53:18,720|[TRACE] graph - <------- nonSkippedChar
2021-11-21T23:53:18,720|[TRACE] graph - <----- statementPart
2021-11-21T23:53:18,720|[TRACE] graph - -----> statementPart
2021-11-21T23:53:18,720|[TRACE] graph - -------> nonSkippedChar
2021-11-21T23:53:18,720|[TRACE] script - #out(`I`) [token]
2021-11-21T23:53:18,720|[TRACE] graph - <------- nonSkippedChar
2021-11-21T23:53:18,720|[TRACE] graph - <----- statementPart
2021-11-21T23:53:18,720|[TRACE] graph - -----> statementPart
2021-11-21T23:53:18,720|[TRACE] graph - -------> nonSkippedChar
2021-11-21T23:53:18,720|[TRACE] script - #out(`S`) [token]
2021-11-21T23:53:18,720|[TRACE] graph - <------- nonSkippedChar
2021-11-21T23:53:18,720|[TRACE] graph - <----- statementPart
2021-11-21T23:53:18,720|[TRACE] graph - -----> statementPart
2021-11-21T23:53:18,720|[TRACE] graph - -------> nonSkippedChar
2021-11-21T23:53:18,720|[TRACE] script - #out(`I`) [token]
2021-11-21T23:53:18,720|[TRACE] graph - <------- nonSkippedChar
2021-11-21T23:53:18,720|[TRACE] graph - <----- statementPart
2021-11-21T23:53:18,720|[TRACE] graph - -----> statementPart
2021-11-21T23:53:18,720|[TRACE] graph - -------> nonSkippedChar
2021-11-21T23:53:18,720|[TRACE] script - #out(`B`) [token]
2021-11-21T23:53:18,720|[TRACE] graph - <------- nonSkippedChar
2021-11-21T23:53:18,720|[TRACE] graph - <----- statementPart
2021-11-21T23:53:18,720|[TRACE] graph - -----> statementPart
2021-11-21T23:53:18,720|[TRACE] graph - -------> nonSkippedChar
2021-11-21T23:53:18,720|[TRACE] script - #out(`L`) [token]
2021-11-21T23:53:18,720|[TRACE] graph - <------- nonSkippedChar
2021-11-21T23:53:18,720|[TRACE] graph - <----- statementPart
2021-11-21T23:53:18,720|[TRACE] graph - -----> statementPart
2021-11-21T23:53:18,720|[TRACE] graph - -------> nonSkippedChar
2021-11-21T23:53:18,720|[TRACE] script - #out(`E`) [token]
2021-11-21T23:53:18,720|[TRACE] graph - <------- nonSkippedChar
2021-11-21T23:53:18,720|[TRACE] graph - <----- statementPart
2021-11-21T23:53:18,720|[TRACE] graph - -----> statementPart
2021-11-21T23:53:18,720|[TRACE] graph - -------> nonSkippedChar
2021-11-21T23:53:18,720|[TRACE] script - #out(`,`) [token]
2021-11-21T23:53:18,720|[TRACE] graph - <------- nonSkippedChar
2021-11-21T23:53:18,720|[TRACE] graph - <----- statementPart
2021-11-21T23:53:18,720|[TRACE] graph - -----> afterStatementPartNewline
2021-11-21T23:53:18,720|[TRACE] script - #out(` `) [text]
2021-11-21T23:53:18,720|[TRACE] graph - <----- afterStatementPartNewline
2021-11-21T23:53:18,720|[TRACE] graph - -----> statementPart
2021-11-21T23:53:18,720|[TRACE] graph - -------> nonSkippedSpace
2021-11-21T23:53:18,720|[TRACE] script - #out(` `) [token]
2021-11-21T23:53:18,720|[TRACE] graph - <------- nonSkippedSpace
2021-11-21T23:53:18,720|[TRACE] graph - <----- statementPart
2021-11-21T23:53:18,720|[TRACE] graph - -----> statementPart
2021-11-21T23:53:18,720|[TRACE] graph - -------> nonSkippedSpace
2021-11-21T23:53:18,720|[TRACE] script - #out(` `) [token]
2021-11-21T23:53:18,720|[TRACE] graph - <------- nonSkippedSpace
2021-11-21T23:53:18,720|[TRACE] graph - <----- statementPart
2021-11-21T23:53:18,720|[TRACE] graph - -----> statementPart
2021-11-21T23:53:18,720|[TRACE] graph - -------> nonSkippedChar
2021-11-21T23:53:18,720|[TRACE] script - #out(`C`) [token]
2021-11-21T23:53:18,720|[TRACE] graph - <------- nonSkippedChar
2021-11-21T23:53:18,720|[TRACE] graph - <----- statementPart
2021-11-21T23:53:18,720|[TRACE] graph - -----> statementPart
2021-11-21T23:53:18,720|[TRACE] graph - -------> nonSkippedChar
2021-11-21T23:53:18,720|[TRACE] script - #out(`O`) [token]
2021-11-21T23:53:18,720|[TRACE] graph - <------- nonSkippedChar
2021-11-21T23:53:18,720|[TRACE] graph - <----- statementPart
2021-11-21T23:53:18,720|[TRACE] graph - -----> statementPart
2021-11-21T23:53:18,720|[TRACE] graph - -------> nonSkippedChar
2021-11-21T23:53:18,720|[TRACE] script - #out(`N`) [token]
2021-11-21T23:53:18,720|[TRACE] graph - <------- nonSkippedChar
2021-11-21T23:53:18,720|[TRACE] graph - <----- statementPart
2021-11-21T23:53:18,720|[TRACE] graph - -----> statementPart
2021-11-21T23:53:18,720|[TRACE] graph - -------> nonSkippedChar
2021-11-21T23:53:18,720|[TRACE] script - #out(`S`) [token]
2021-11-21T23:53:18,720|[TRACE] graph - <------- nonSkippedChar
2021-11-21T23:53:18,720|[TRACE] graph - <----- statementPart
2021-11-21T23:53:18,720|[TRACE] graph - -----> statementPart
2021-11-21T23:53:18,720|[TRACE] graph - -------> nonSkippedChar
2021-11-21T23:53:18,720|[TRACE] script - #out(`T`) [token]
2021-11-21T23:53:18,720|[TRACE] graph - <------- nonSkippedChar
2021-11-21T23:53:18,720|[TRACE] graph - <----- statementPart
2021-11-21T23:53:18,720|[TRACE] graph - -----> statementPart
2021-11-21T23:53:18,720|[TRACE] graph - -------> nonSkippedChar
2021-11-21T23:53:18,720|[TRACE] script - #out(`R`) [token]
2021-11-21T23:53:18,720|[TRACE] graph - <------- nonSkippedChar
2021-11-21T23:53:18,720|[TRACE] graph - <----- statementPart
2021-11-21T23:53:18,720|[TRACE] graph - -----> statementPart
2021-11-21T23:53:18,720|[TRACE] graph - -------> nonSkippedChar
2021-11-21T23:53:18,720|[TRACE] script - #out(`A`) [token]
2021-11-21T23:53:18,720|[TRACE] graph - <------- nonSkippedChar
2021-11-21T23:53:18,720|[TRACE] graph - <----- statementPart
2021-11-21T23:53:18,720|[TRACE] graph - -----> statementPart
2021-11-21T23:53:18,720|[TRACE] graph - -------> nonSkippedChar
2021-11-21T23:53:18,720|[TRACE] script - #out(`I`) [token]
2021-11-21T23:53:18,720|[TRACE] graph - <------- nonSkippedChar
2021-11-21T23:53:18,720|[TRACE] graph - <----- statementPart
2021-11-21T23:53:18,720|[TRACE] graph - -----> statementPart
2021-11-21T23:53:18,720|[TRACE] graph - -------> nonSkippedChar
2021-11-21T23:53:18,720|[TRACE] script - #out(`N`) [token]
2021-11-21T23:53:18,720|[TRACE] graph - <------- nonSkippedChar
2021-11-21T23:53:18,720|[TRACE] graph - <----- statementPart
2021-11-21T23:53:18,720|[TRACE] graph - -----> statementPart
2021-11-21T23:53:18,720|[TRACE] graph - -------> nonSkippedChar
2021-11-21T23:53:18,720|[TRACE] script - #out(`T`) [token]
2021-11-21T23:53:18,720|[TRACE] graph - <------- nonSkippedChar
2021-11-21T23:53:18,720|[TRACE] graph - <----- statementPart
2021-11-21T23:53:18,720|[TRACE] graph - -----> statementPart
2021-11-21T23:53:18,720|[TRACE] graph - -------> nonSkippedSpace
2021-11-21T23:53:18,720|[TRACE] script - #out(` `) [token]
2021-11-21T23:53:18,720|[TRACE] graph - <------- nonSkippedSpace
2021-11-21T23:53:18,720|[TRACE] graph - <----- statementPart
2021-11-21T23:53:18,720|[TRACE] graph - -----> statementPart
2021-11-21T23:53:18,720|[TRACE] graph - -------> quotedString
2021-11-21T23:53:18,720|[TRACE] script - #out(``fk_contact_address1``) [token]
2021-11-21T23:53:18,720|[TRACE] graph - <------- quotedString
2021-11-21T23:53:18,720|[TRACE] graph - <----- statementPart
2021-11-21T23:53:18,720|[TRACE] graph - -----> afterStatementPartNewline
2021-11-21T23:53:18,720|[TRACE] script - #out(` `) [text]
2021-11-21T23:53:18,720|[TRACE] graph - <----- afterStatementPartNewline
2021-11-21T23:53:18,720|[TRACE] graph - -----> statementPart
2021-11-21T23:53:18,720|[TRACE] graph - -------> nonSkippedSpace
2021-11-21T23:53:18,720|[TRACE] script - #out(` `) [token]
2021-11-21T23:53:18,720|[TRACE] graph - <------- nonSkippedSpace
2021-11-21T23:53:18,720|[TRACE] graph - <----- statementPart
2021-11-21T23:53:18,720|[TRACE] graph - -----> statementPart
2021-11-21T23:53:18,720|[TRACE] graph - -------> nonSkippedSpace
2021-11-21T23:53:18,720|[TRACE] script - #out(` `) [token]
2021-11-21T23:53:18,720|[TRACE] graph - <------- nonSkippedSpace
2021-11-21T23:53:18,720|[TRACE] graph - <----- statementPart
2021-11-21T23:53:18,720|[TRACE] graph - -----> statementPart
2021-11-21T23:53:18,720|[TRACE] graph - -------> nonSkippedSpace
2021-11-21T23:53:18,720|[TRACE] script - #out(` `) [token]
2021-11-21T23:53:18,720|[TRACE] graph - <------- nonSkippedSpace
2021-11-21T23:53:18,720|[TRACE] graph - <----- statementPart
2021-11-21T23:53:18,720|[TRACE] graph - -----> statementPart
2021-11-21T23:53:18,720|[TRACE] graph - -------> nonSkippedSpace
2021-11-21T23:53:18,720|[TRACE] script - #out(` `) [token]
2021-11-21T23:53:18,720|[TRACE] graph - <------- nonSkippedSpace
2021-11-21T23:53:18,720|[TRACE] graph - <----- statementPart
2021-11-21T23:53:18,720|[TRACE] graph - -----> statementPart
2021-11-21T23:53:18,720|[TRACE] graph - -------> nonSkippedChar
2021-11-21T23:53:18,720|[TRACE] script - #out(`F`) [token]
2021-11-21T23:53:18,720|[TRACE] graph - <------- nonSkippedChar
2021-11-21T23:53:18,720|[TRACE] graph - <----- statementPart
2021-11-21T23:53:18,720|[TRACE] graph - -----> statementPart
2021-11-21T23:53:18,720|[TRACE] graph - -------> nonSkippedChar
2021-11-21T23:53:18,720|[TRACE] script - #out(`O`) [token]
2021-11-21T23:53:18,720|[TRACE] graph - <------- nonSkippedChar
2021-11-21T23:53:18,720|[TRACE] graph - <----- statementPart
2021-11-21T23:53:18,720|[TRACE] graph - -----> statementPart
2021-11-21T23:53:18,720|[TRACE] graph - -------> nonSkippedChar
2021-11-21T23:53:18,720|[TRACE] script - #out(`R`) [token]
2021-11-21T23:53:18,720|[TRACE] graph - <------- nonSkippedChar
2021-11-21T23:53:18,720|[TRACE] graph - <----- statementPart
2021-11-21T23:53:18,720|[TRACE] graph - -----> statementPart
2021-11-21T23:53:18,720|[TRACE] graph - -------> nonSkippedChar
2021-11-21T23:53:18,720|[TRACE] script - #out(`E`) [token]
2021-11-21T23:53:18,720|[TRACE] graph - <------- nonSkippedChar
2021-11-21T23:53:18,720|[TRACE] graph - <----- statementPart
2021-11-21T23:53:18,720|[TRACE] graph - -----> statementPart
2021-11-21T23:53:18,720|[TRACE] graph - -------> nonSkippedChar
2021-11-21T23:53:18,720|[TRACE] script - #out(`I`) [token]
2021-11-21T23:53:18,720|[TRACE] graph - <------- nonSkippedChar
2021-11-21T23:53:18,720|[TRACE] graph - <----- statementPart
2021-11-21T23:53:18,720|[TRACE] graph - -----> statementPart
2021-11-21T23:53:18,720|[TRACE] graph - -------> nonSkippedChar
2021-11-21T23:53:18,720|[TRACE] script - #out(`G`) [token]
2021-11-21T23:53:18,720|[TRACE] graph - <------- nonSkippedChar
2021-11-21T23:53:18,720|[TRACE] graph - <----- statementPart
2021-11-21T23:53:18,720|[TRACE] graph - -----> statementPart
2021-11-21T23:53:18,720|[TRACE] graph - -------> nonSkippedChar
2021-11-21T23:53:18,720|[TRACE] script - #out(`N`) [token]
2021-11-21T23:53:18,720|[TRACE] graph - <------- nonSkippedChar
2021-11-21T23:53:18,720|[TRACE] graph - <----- statementPart
2021-11-21T23:53:18,720|[TRACE] graph - -----> statementPart
2021-11-21T23:53:18,720|[TRACE] graph - -------> nonSkippedSpace
2021-11-21T23:53:18,720|[TRACE] script - #out(` `) [token]
2021-11-21T23:53:18,720|[TRACE] graph - <------- nonSkippedSpace
2021-11-21T23:53:18,720|[TRACE] graph - <----- statementPart
2021-11-21T23:53:18,720|[TRACE] graph - -----> statementPart
2021-11-21T23:53:18,720|[TRACE] graph - -------> nonSkippedChar
2021-11-21T23:53:18,720|[TRACE] script - #out(`K`) [token]
2021-11-21T23:53:18,720|[TRACE] graph - <------- nonSkippedChar
2021-11-21T23:53:18,720|[TRACE] graph - <----- statementPart
2021-11-21T23:53:18,721|[TRACE] graph - -----> statementPart
2021-11-21T23:53:18,721|[TRACE] graph - -------> nonSkippedChar
2021-11-21T23:53:18,721|[TRACE] script - #out(`E`) [token]
2021-11-21T23:53:18,721|[TRACE] graph - <------- nonSkippedChar
2021-11-21T23:53:18,721|[TRACE] graph - <----- statementPart
2021-11-21T23:53:18,721|[TRACE] graph - -----> statementPart
2021-11-21T23:53:18,721|[TRACE] graph - -------> nonSkippedChar
2021-11-21T23:53:18,721|[TRACE] script - #out(`Y`) [token]
2021-11-21T23:53:18,721|[TRACE] graph - <------- nonSkippedChar
2021-11-21T23:53:18,721|[TRACE] graph - <----- statementPart
2021-11-21T23:53:18,721|[TRACE] graph - -----> statementPart
2021-11-21T23:53:18,721|[TRACE] graph - -------> nonSkippedSpace
2021-11-21T23:53:18,721|[TRACE] script - #out(` `) [token]
2021-11-21T23:53:18,721|[TRACE] graph - <------- nonSkippedSpace
2021-11-21T23:53:18,721|[TRACE] graph - <----- statementPart
2021-11-21T23:53:18,721|[TRACE] graph - -----> statementPart
2021-11-21T23:53:18,721|[TRACE] graph - -------> nonSkippedChar
2021-11-21T23:53:18,721|[TRACE] script - #out(`(`) [token]
2021-11-21T23:53:18,721|[TRACE] graph - <------- nonSkippedChar
2021-11-21T23:53:18,721|[TRACE] graph - <----- statementPart
2021-11-21T23:53:18,721|[TRACE] graph - -----> statementPart
2021-11-21T23:53:18,721|[TRACE] graph - -------> quotedString
2021-11-21T23:53:18,721|[TRACE] script - #out(``address_id``) [token]
2021-11-21T23:53:18,721|[TRACE] graph - <------- quotedString
2021-11-21T23:53:18,721|[TRACE] graph - <----- statementPart
2021-11-21T23:53:18,721|[TRACE] graph - -----> statementPart
2021-11-21T23:53:18,721|[TRACE] graph - -------> nonSkippedChar
2021-11-21T23:53:18,721|[TRACE] script - #out(`)`) [token]
2021-11-21T23:53:18,721|[TRACE] graph - <------- nonSkippedChar
2021-11-21T23:53:18,721|[TRACE] graph - <----- statementPart
2021-11-21T23:53:18,721|[TRACE] graph - -----> afterStatementPartNewline
2021-11-21T23:53:18,721|[TRACE] script - #out(` `) [text]
2021-11-21T23:53:18,721|[TRACE] graph - <----- afterStatementPartNewline
2021-11-21T23:53:18,721|[TRACE] graph - -----> statementPart
2021-11-21T23:53:18,721|[TRACE] graph - -------> nonSkippedSpace
2021-11-21T23:53:18,721|[TRACE] script - #out(` `) [token]
2021-11-21T23:53:18,721|[TRACE] graph - <------- nonSkippedSpace
2021-11-21T23:53:18,721|[TRACE] graph - <----- statementPart
2021-11-21T23:53:18,721|[TRACE] graph - -----> statementPart
2021-11-21T23:53:18,721|[TRACE] graph - -------> nonSkippedSpace
2021-11-21T23:53:18,721|[TRACE] script - #out(` `) [token]
2021-11-21T23:53:18,721|[TRACE] graph - <------- nonSkippedSpace
2021-11-21T23:53:18,721|[TRACE] graph - <----- statementPart
2021-11-21T23:53:18,721|[TRACE] graph - -----> statementPart
2021-11-21T23:53:18,721|[TRACE] graph - -------> nonSkippedSpace
2021-11-21T23:53:18,721|[TRACE] script - #out(` `) [token]
2021-11-21T23:53:18,721|[TRACE] graph - <------- nonSkippedSpace
2021-11-21T23:53:18,721|[TRACE] graph - <----- statementPart
2021-11-21T23:53:18,721|[TRACE] graph - -----> statementPart
2021-11-21T23:53:18,721|[TRACE] graph - -------> nonSkippedSpace
2021-11-21T23:53:18,721|[TRACE] script - #out(` `) [token]
2021-11-21T23:53:18,721|[TRACE] graph - <------- nonSkippedSpace
2021-11-21T23:53:18,721|[TRACE] graph - <----- statementPart
2021-11-21T23:53:18,721|[TRACE] graph - -----> statementPart
2021-11-21T23:53:18,721|[TRACE] graph - -------> nonSkippedChar
2021-11-21T23:53:18,721|[TRACE] script - #out(`R`) [token]
2021-11-21T23:53:18,721|[TRACE] graph - <------- nonSkippedChar
2021-11-21T23:53:18,721|[TRACE] graph - <----- statementPart
2021-11-21T23:53:18,721|[TRACE] graph - -----> statementPart
2021-11-21T23:53:18,721|[TRACE] graph - -------> nonSkippedChar
2021-11-21T23:53:18,721|[TRACE] script - #out(`E`) [token]
2021-11-21T23:53:18,721|[TRACE] graph - <------- nonSkippedChar
2021-11-21T23:53:18,721|[TRACE] graph - <----- statementPart
2021-11-21T23:53:18,721|[TRACE] graph - -----> statementPart
2021-11-21T23:53:18,721|[TRACE] graph - -------> nonSkippedChar
2021-11-21T23:53:18,721|[TRACE] script - #out(`F`) [token]
2021-11-21T23:53:18,721|[TRACE] graph - <------- nonSkippedChar
2021-11-21T23:53:18,721|[TRACE] graph - <----- statementPart
2021-11-21T23:53:18,721|[TRACE] graph - -----> statementPart
2021-11-21T23:53:18,721|[TRACE] graph - -------> nonSkippedChar
2021-11-21T23:53:18,721|[TRACE] script - #out(`E`) [token]
2021-11-21T23:53:18,721|[TRACE] graph - <------- nonSkippedChar
2021-11-21T23:53:18,721|[TRACE] graph - <----- statementPart
2021-11-21T23:53:18,721|[TRACE] graph - -----> statementPart
2021-11-21T23:53:18,721|[TRACE] graph - -------> nonSkippedChar
2021-11-21T23:53:18,721|[TRACE] script - #out(`R`) [token]
2021-11-21T23:53:18,721|[TRACE] graph - <------- nonSkippedChar
2021-11-21T23:53:18,721|[TRACE] graph - <----- statementPart
2021-11-21T23:53:18,721|[TRACE] graph - -----> statementPart
2021-11-21T23:53:18,721|[TRACE] graph - -------> nonSkippedChar
2021-11-21T23:53:18,721|[TRACE] script - #out(`E`) [token]
2021-11-21T23:53:18,721|[TRACE] graph - <------- nonSkippedChar
2021-11-21T23:53:18,721|[TRACE] graph - <----- statementPart
2021-11-21T23:53:18,721|[TRACE] graph - -----> statementPart
2021-11-21T23:53:18,721|[TRACE] graph - -------> nonSkippedChar
2021-11-21T23:53:18,721|[TRACE] script - #out(`N`) [token]
2021-11-21T23:53:18,721|[TRACE] graph - <------- nonSkippedChar
2021-11-21T23:53:18,721|[TRACE] graph - <----- statementPart
2021-11-21T23:53:18,721|[TRACE] graph - -----> statementPart
2021-11-21T23:53:18,721|[TRACE] graph - -------> nonSkippedChar
2021-11-21T23:53:18,721|[TRACE] script - #out(`C`) [token]
2021-11-21T23:53:18,721|[TRACE] graph - <------- nonSkippedChar
2021-11-21T23:53:18,721|[TRACE] graph - <----- statementPart
2021-11-21T23:53:18,721|[TRACE] graph - -----> statementPart
2021-11-21T23:53:18,721|[TRACE] graph - -------> nonSkippedChar
2021-11-21T23:53:18,721|[TRACE] script - #out(`E`) [token]
2021-11-21T23:53:18,721|[TRACE] graph - <------- nonSkippedChar
2021-11-21T23:53:18,721|[TRACE] graph - <----- statementPart
2021-11-21T23:53:18,721|[TRACE] graph - -----> statementPart
2021-11-21T23:53:18,721|[TRACE] graph - -------> nonSkippedChar
2021-11-21T23:53:18,721|[TRACE] script - #out(`S`) [token]
2021-11-21T23:53:18,721|[TRACE] graph - <------- nonSkippedChar
2021-11-21T23:53:18,721|[TRACE] graph - <----- statementPart
2021-11-21T23:53:18,721|[TRACE] graph - -----> statementPart
2021-11-21T23:53:18,721|[TRACE] graph - -------> nonSkippedSpace
2021-11-21T23:53:18,721|[TRACE] script - #out(` `) [token]
2021-11-21T23:53:18,721|[TRACE] graph - <------- nonSkippedSpace
2021-11-21T23:53:18,721|[TRACE] graph - <----- statementPart
2021-11-21T23:53:18,721|[TRACE] graph - -----> statementPart
2021-11-21T23:53:18,721|[TRACE] graph - -------> quotedString
2021-11-21T23:53:18,721|[TRACE] script - #out(``bloodbank``) [token]
2021-11-21T23:53:18,721|[TRACE] graph - <------- quotedString
2021-11-21T23:53:18,721|[TRACE] graph - <----- statementPart
2021-11-21T23:53:18,721|[TRACE] graph - -----> statementPart
2021-11-21T23:53:18,721|[TRACE] graph - -------> nonSkippedChar
2021-11-21T23:53:18,721|[TRACE] script - #out(`.`) [token]
2021-11-21T23:53:18,721|[TRACE] graph - <------- nonSkippedChar
2021-11-21T23:53:18,721|[TRACE] graph - <----- statementPart
2021-11-21T23:53:18,721|[TRACE] graph - -----> statementPart
2021-11-21T23:53:18,721|[TRACE] graph - -------> quotedString
2021-11-21T23:53:18,721|[TRACE] script - #out(``address``) [token]
2021-11-21T23:53:18,721|[TRACE] graph - <------- quotedString
2021-11-21T23:53:18,721|[TRACE] graph - <----- statementPart
2021-11-21T23:53:18,721|[TRACE] graph - -----> statementPart
2021-11-21T23:53:18,761|[TRACE] graph - -------> nonSkippedSpace
2021-11-21T23:53:18,761|[TRACE] script - #out(` `) [token]
2021-11-21T23:53:18,761|[TRACE] graph - <------- nonSkippedSpace
2021-11-21T23:53:18,761|[TRACE] graph - <----- statementPart
2021-11-21T23:53:18,761|[TRACE] graph - -----> statementPart
2021-11-21T23:53:18,761|[TRACE] graph - -------> nonSkippedChar
2021-11-21T23:53:18,761|[TRACE] script - #out(`(`) [token]
2021-11-21T23:53:18,761|[TRACE] graph - <------- nonSkippedChar
2021-11-21T23:53:18,761|[TRACE] graph - <----- statementPart
2021-11-21T23:53:18,761|[TRACE] graph - -----> statementPart
2021-11-21T23:53:18,761|[TRACE] graph - -------> quotedString
2021-11-21T23:53:18,761|[TRACE] script - #out(``address_id``) [token]
2021-11-21T23:53:18,761|[TRACE] graph - <------- quotedString
2021-11-21T23:53:18,761|[TRACE] graph - <----- statementPart
2021-11-21T23:53:18,761|[TRACE] graph - -----> statementPart
2021-11-21T23:53:18,761|[TRACE] graph - -------> nonSkippedChar
2021-11-21T23:53:18,761|[TRACE] script - #out(`)`) [token]
2021-11-21T23:53:18,761|[TRACE] graph - <------- nonSkippedChar
2021-11-21T23:53:18,761|[TRACE] graph - <----- statementPart
2021-11-21T23:53:18,761|[TRACE] graph - -----> afterStatementPartNewline
2021-11-21T23:53:18,761|[TRACE] script - #out(` `) [text]
2021-11-21T23:53:18,761|[TRACE] graph - <----- afterStatementPartNewline
2021-11-21T23:53:18,761|[TRACE] graph - -----> statementPart
2021-11-21T23:53:18,761|[TRACE] graph - -------> nonSkippedSpace
2021-11-21T23:53:18,761|[TRACE] script - #out(` `) [token]
2021-11-21T23:53:18,761|[TRACE] graph - <------- nonSkippedSpace
2021-11-21T23:53:18,761|[TRACE] graph - <----- statementPart
2021-11-21T23:53:18,761|[TRACE] graph - -----> statementPart
2021-11-21T23:53:18,761|[TRACE] graph - -------> nonSkippedSpace
2021-11-21T23:53:18,761|[TRACE] script - #out(` `) [token]
2021-11-21T23:53:18,761|[TRACE] graph - <------- nonSkippedSpace
2021-11-21T23:53:18,761|[TRACE] graph - <----- statementPart
2021-11-21T23:53:18,761|[TRACE] graph - -----> statementPart
2021-11-21T23:53:18,761|[TRACE] graph - -------> nonSkippedSpace
2021-11-21T23:53:18,761|[TRACE] script - #out(` `) [token]
2021-11-21T23:53:18,761|[TRACE] graph - <------- nonSkippedSpace
2021-11-21T23:53:18,761|[TRACE] graph - <----- statementPart
2021-11-21T23:53:18,761|[TRACE] graph - -----> statementPart
2021-11-21T23:53:18,761|[TRACE] graph - -------> nonSkippedSpace
2021-11-21T23:53:18,761|[TRACE] script - #out(` `) [token]
2021-11-21T23:53:18,761|[TRACE] graph - <------- nonSkippedSpace
2021-11-21T23:53:18,761|[TRACE] graph - <----- statementPart
2021-11-21T23:53:18,761|[TRACE] graph - -----> statementPart
2021-11-21T23:53:18,761|[TRACE] graph - -------> nonSkippedChar
2021-11-21T23:53:18,761|[TRACE] script - #out(`O`) [token]
2021-11-21T23:53:18,761|[TRACE] graph - <------- nonSkippedChar
2021-11-21T23:53:18,761|[TRACE] graph - <----- statementPart
2021-11-21T23:53:18,761|[TRACE] graph - -----> statementPart
2021-11-21T23:53:18,761|[TRACE] graph - -------> nonSkippedChar
2021-11-21T23:53:18,761|[TRACE] script - #out(`N`) [token]
2021-11-21T23:53:18,761|[TRACE] graph - <------- nonSkippedChar
2021-11-21T23:53:18,761|[TRACE] graph - <----- statementPart
2021-11-21T23:53:18,761|[TRACE] graph - -----> statementPart
2021-11-21T23:53:18,761|[TRACE] graph - -------> nonSkippedSpace
2021-11-21T23:53:18,761|[TRACE] script - #out(` `) [token]
2021-11-21T23:53:18,761|[TRACE] graph - <------- nonSkippedSpace
2021-11-21T23:53:18,761|[TRACE] graph - <----- statementPart
2021-11-21T23:53:18,761|[TRACE] graph - -----> statementPart
2021-11-21T23:53:18,761|[TRACE] graph - -------> nonSkippedChar
2021-11-21T23:53:18,761|[TRACE] script - #out(`D`) [token]
2021-11-21T23:53:18,761|[TRACE] graph - <------- nonSkippedChar
2021-11-21T23:53:18,761|[TRACE] graph - <----- statementPart
2021-11-21T23:53:18,761|[TRACE] graph - -----> statementPart
2021-11-21T23:53:18,761|[TRACE] graph - -------> nonSkippedChar
2021-11-21T23:53:18,761|[TRACE] script - #out(`E`) [token]
2021-11-21T23:53:18,761|[TRACE] graph - <------- nonSkippedChar
2021-11-21T23:53:18,761|[TRACE] graph - <----- statementPart
2021-11-21T23:53:18,761|[TRACE] graph - -----> statementPart
2021-11-21T23:53:18,761|[TRACE] graph - -------> nonSkippedChar
2021-11-21T23:53:18,761|[TRACE] script - #out(`L`) [token]
2021-11-21T23:53:18,761|[TRACE] graph - <------- nonSkippedChar
2021-11-21T23:53:18,761|[TRACE] graph - <----- statementPart
2021-11-21T23:53:18,761|[TRACE] graph - -----> statementPart
2021-11-21T23:53:18,761|[TRACE] graph - -------> nonSkippedChar
2021-11-21T23:53:18,761|[TRACE] script - #out(`E`) [token]
2021-11-21T23:53:18,761|[TRACE] graph - <------- nonSkippedChar
2021-11-21T23:53:18,761|[TRACE] graph - <----- statementPart
2021-11-21T23:53:18,761|[TRACE] graph - -----> statementPart
2021-11-21T23:53:18,761|[TRACE] graph - -------> nonSkippedChar
2021-11-21T23:53:18,761|[TRACE] script - #out(`T`) [token]
2021-11-21T23:53:18,761|[TRACE] graph - <------- nonSkippedChar
2021-11-21T23:53:18,761|[TRACE] graph - <----- statementPart
2021-11-21T23:53:18,761|[TRACE] graph - -----> statementPart
2021-11-21T23:53:18,761|[TRACE] graph - -------> nonSkippedChar
2021-11-21T23:53:18,761|[TRACE] script - #out(`E`) [token]
2021-11-21T23:53:18,761|[TRACE] graph - <------- nonSkippedChar
2021-11-21T23:53:18,761|[TRACE] graph - <----- statementPart
2021-11-21T23:53:18,761|[TRACE] graph - -----> statementPart
2021-11-21T23:53:18,761|[TRACE] graph - -------> nonSkippedSpace
2021-11-21T23:53:18,761|[TRACE] script - #out(` `) [token]
2021-11-21T23:53:18,761|[TRACE] graph - <------- nonSkippedSpace
2021-11-21T23:53:18,761|[TRACE] graph - <----- statementPart
2021-11-21T23:53:18,761|[TRACE] graph - -----> statementPart
2021-11-21T23:53:18,761|[TRACE] graph - -------> nonSkippedChar
2021-11-21T23:53:18,761|[TRACE] script - #out(`N`) [token]
2021-11-21T23:53:18,761|[TRACE] graph - <------- nonSkippedChar
2021-11-21T23:53:18,761|[TRACE] graph - <----- statementPart
2021-11-21T23:53:18,761|[TRACE] graph - -----> statementPart
2021-11-21T23:53:18,761|[TRACE] graph - -------> nonSkippedChar
2021-11-21T23:53:18,761|[TRACE] script - #out(`O`) [token]
2021-11-21T23:53:18,761|[TRACE] graph - <------- nonSkippedChar
2021-11-21T23:53:18,761|[TRACE] graph - <----- statementPart
2021-11-21T23:53:18,761|[TRACE] graph - -----> statementPart
2021-11-21T23:53:18,761|[TRACE] graph - -------> nonSkippedSpace
2021-11-21T23:53:18,761|[TRACE] script - #out(` `) [token]
2021-11-21T23:53:18,761|[TRACE] graph - <------- nonSkippedSpace
2021-11-21T23:53:18,761|[TRACE] graph - <----- statementPart
2021-11-21T23:53:18,761|[TRACE] graph - -----> statementPart
2021-11-21T23:53:18,761|[TRACE] graph - -------> nonSkippedChar
2021-11-21T23:53:18,761|[TRACE] script - #out(`A`) [token]
2021-11-21T23:53:18,761|[TRACE] graph - <------- nonSkippedChar
2021-11-21T23:53:18,761|[TRACE] graph - <----- statementPart
2021-11-21T23:53:18,761|[TRACE] graph - -----> statementPart
2021-11-21T23:53:18,761|[TRACE] graph - -------> nonSkippedChar
2021-11-21T23:53:18,761|[TRACE] script - #out(`C`) [token]
2021-11-21T23:53:18,761|[TRACE] graph - <------- nonSkippedChar
2021-11-21T23:53:18,761|[TRACE] graph - <----- statementPart
2021-11-21T23:53:18,761|[TRACE] graph - -----> statementPart
2021-11-21T23:53:18,761|[TRACE] graph - -------> nonSkippedChar
2021-11-21T23:53:18,761|[TRACE] script - #out(`T`) [token]
2021-11-21T23:53:18,761|[TRACE] graph - <------- nonSkippedChar
2021-11-21T23:53:18,761|[TRACE] graph - <----- statementPart
2021-11-21T23:53:18,762|[TRACE] graph - -----> statementPart
2021-11-21T23:53:18,762|[TRACE] graph - -------> nonSkippedChar
2021-11-21T23:53:18,762|[TRACE] script - #out(`I`) [token]
2021-11-21T23:53:18,762|[TRACE] graph - <------- nonSkippedChar
2021-11-21T23:53:18,762|[TRACE] graph - <----- statementPart
2021-11-21T23:53:18,762|[TRACE] graph - -----> statementPart
2021-11-21T23:53:18,762|[TRACE] graph - -------> nonSkippedChar
2021-11-21T23:53:18,762|[TRACE] script - #out(`O`) [token]
2021-11-21T23:53:18,762|[TRACE] graph - <------- nonSkippedChar
2021-11-21T23:53:18,762|[TRACE] graph - <----- statementPart
2021-11-21T23:53:18,762|[TRACE] graph - -----> statementPart
2021-11-21T23:53:18,762|[TRACE] graph - -------> nonSkippedChar
2021-11-21T23:53:18,762|[TRACE] script - #out(`N`) [token]
2021-11-21T23:53:18,762|[TRACE] graph - <------- nonSkippedChar
2021-11-21T23:53:18,762|[TRACE] graph - <----- statementPart
2021-11-21T23:53:18,762|[TRACE] graph - -----> afterStatementPartNewline
2021-11-21T23:53:18,762|[TRACE] script - #out(` `) [text]
2021-11-21T23:53:18,762|[TRACE] graph - <----- afterStatementPartNewline
2021-11-21T23:53:18,762|[TRACE] graph - -----> statementPart
2021-11-21T23:53:18,762|[TRACE] graph - -------> nonSkippedSpace
2021-11-21T23:53:18,762|[TRACE] script - #out(` `) [token]
2021-11-21T23:53:18,762|[TRACE] graph - <------- nonSkippedSpace
2021-11-21T23:53:18,762|[TRACE] graph - <----- statementPart
2021-11-21T23:53:18,762|[TRACE] graph - -----> statementPart
2021-11-21T23:53:18,762|[TRACE] graph - -------> nonSkippedSpace
2021-11-21T23:53:18,762|[TRACE] script - #out(` `) [token]
2021-11-21T23:53:18,762|[TRACE] graph - <------- nonSkippedSpace
2021-11-21T23:53:18,762|[TRACE] graph - <----- statementPart
2021-11-21T23:53:18,762|[TRACE] graph - -----> statementPart
2021-11-21T23:53:18,762|[TRACE] graph - -------> nonSkippedSpace
2021-11-21T23:53:18,762|[TRACE] script - #out(` `) [token]
2021-11-21T23:53:18,762|[TRACE] graph - <------- nonSkippedSpace
2021-11-21T23:53:18,762|[TRACE] graph - <----- statementPart
2021-11-21T23:53:18,762|[TRACE] graph - -----> statementPart
2021-11-21T23:53:18,762|[TRACE] graph - -------> nonSkippedSpace
2021-11-21T23:53:18,762|[TRACE] script - #out(` `) [token]
2021-11-21T23:53:18,762|[TRACE] graph - <------- nonSkippedSpace
2021-11-21T23:53:18,762|[TRACE] graph - <----- statementPart
2021-11-21T23:53:18,762|[TRACE] graph - -----> statementPart
2021-11-21T23:53:18,762|[TRACE] graph - -------> nonSkippedChar
2021-11-21T23:53:18,762|[TRACE] script - #out(`O`) [token]
2021-11-21T23:53:18,762|[TRACE] graph - <------- nonSkippedChar
2021-11-21T23:53:18,762|[TRACE] graph - <----- statementPart
2021-11-21T23:53:18,762|[TRACE] graph - -----> statementPart
2021-11-21T23:53:18,762|[TRACE] graph - -------> nonSkippedChar
2021-11-21T23:53:18,762|[TRACE] script - #out(`N`) [token]
2021-11-21T23:53:18,762|[TRACE] graph - <------- nonSkippedChar
2021-11-21T23:53:18,762|[TRACE] graph - <----- statementPart
2021-11-21T23:53:18,762|[TRACE] graph - -----> statementPart
2021-11-21T23:53:18,762|[TRACE] graph - -------> nonSkippedSpace
2021-11-21T23:53:18,762|[TRACE] script - #out(` `) [token]
2021-11-21T23:53:18,762|[TRACE] graph - <------- nonSkippedSpace
2021-11-21T23:53:18,762|[TRACE] graph - <----- statementPart
2021-11-21T23:53:18,762|[TRACE] graph - -----> statementPart
2021-11-21T23:53:18,762|[TRACE] graph - -------> nonSkippedChar
2021-11-21T23:53:18,762|[TRACE] script - #out(`U`) [token]
2021-11-21T23:53:18,762|[TRACE] graph - <------- nonSkippedChar
2021-11-21T23:53:18,762|[TRACE] graph - <----- statementPart
2021-11-21T23:53:18,762|[TRACE] graph - -----> statementPart
2021-11-21T23:53:18,762|[TRACE] graph - -------> nonSkippedChar
2021-11-21T23:53:18,762|[TRACE] script - #out(`P`) [token]
2021-11-21T23:53:18,762|[TRACE] graph - <------- nonSkippedChar
2021-11-21T23:53:18,762|[TRACE] graph - <----- statementPart
2021-11-21T23:53:18,762|[TRACE] graph - -----> statementPart
2021-11-21T23:53:18,762|[TRACE] graph - -------> nonSkippedChar
2021-11-21T23:53:18,762|[TRACE] script - #out(`D`) [token]
2021-11-21T23:53:18,762|[TRACE] graph - <------- nonSkippedChar
2021-11-21T23:53:18,762|[TRACE] graph - <----- statementPart
2021-11-21T23:53:18,762|[TRACE] graph - -----> statementPart
2021-11-21T23:53:18,762|[TRACE] graph - -------> nonSkippedChar
2021-11-21T23:53:18,762|[TRACE] script - #out(`A`) [token]
2021-11-21T23:53:18,762|[TRACE] graph - <------- nonSkippedChar
2021-11-21T23:53:18,762|[TRACE] graph - <----- statementPart
2021-11-21T23:53:18,762|[TRACE] graph - -----> statementPart
2021-11-21T23:53:18,762|[TRACE] graph - -------> nonSkippedChar
2021-11-21T23:53:18,762|[TRACE] script - #out(`T`) [token]
2021-11-21T23:53:18,762|[TRACE] graph - <------- nonSkippedChar
2021-11-21T23:53:18,762|[TRACE] graph - <----- statementPart
2021-11-21T23:53:18,762|[TRACE] graph - -----> statementPart
2021-11-21T23:53:18,762|[TRACE] graph - -------> nonSkippedChar
2021-11-21T23:53:18,762|[TRACE] script - #out(`E`) [token]
2021-11-21T23:53:18,762|[TRACE] graph - <------- nonSkippedChar
2021-11-21T23:53:18,762|[TRACE] graph - <----- statementPart
2021-11-21T23:53:18,762|[TRACE] graph - -----> statementPart
2021-11-21T23:53:18,762|[TRACE] graph - -------> nonSkippedSpace
2021-11-21T23:53:18,762|[TRACE] script - #out(` `) [token]
2021-11-21T23:53:18,762|[TRACE] graph - <------- nonSkippedSpace
2021-11-21T23:53:18,762|[TRACE] graph - <----- statementPart
2021-11-21T23:53:18,762|[TRACE] graph - -----> statementPart
2021-11-21T23:53:18,762|[TRACE] graph - -------> nonSkippedChar
2021-11-21T23:53:18,762|[TRACE] script - #out(`N`) [token]
2021-11-21T23:53:18,762|[TRACE] graph - <------- nonSkippedChar
2021-11-21T23:53:18,762|[TRACE] graph - <----- statementPart
2021-11-21T23:53:18,762|[TRACE] graph - -----> statementPart
2021-11-21T23:53:18,762|[TRACE] graph - -------> nonSkippedChar
2021-11-21T23:53:18,762|[TRACE] script - #out(`O`) [token]
2021-11-21T23:53:18,762|[TRACE] graph - <------- nonSkippedChar
2021-11-21T23:53:18,762|[TRACE] graph - <----- statementPart
2021-11-21T23:53:18,762|[TRACE] graph - -----> statementPart
2021-11-21T23:53:18,762|[TRACE] graph - -------> nonSkippedSpace
2021-11-21T23:53:18,762|[TRACE] script - #out(` `) [token]
2021-11-21T23:53:18,762|[TRACE] graph - <------- nonSkippedSpace
2021-11-21T23:53:18,762|[TRACE] graph - <----- statementPart
2021-11-21T23:53:18,762|[TRACE] graph - -----> statementPart
2021-11-21T23:53:18,762|[TRACE] graph - -------> nonSkippedChar
2021-11-21T23:53:18,762|[TRACE] script - #out(`A`) [token]
2021-11-21T23:53:18,762|[TRACE] graph - <------- nonSkippedChar
2021-11-21T23:53:18,762|[TRACE] graph - <----- statementPart
2021-11-21T23:53:18,762|[TRACE] graph - -----> statementPart
2021-11-21T23:53:18,762|[TRACE] graph - -------> nonSkippedChar
2021-11-21T23:53:18,762|[TRACE] script - #out(`C`) [token]
2021-11-21T23:53:18,762|[TRACE] graph - <------- nonSkippedChar
2021-11-21T23:53:18,762|[TRACE] graph - <----- statementPart
2021-11-21T23:53:18,762|[TRACE] graph - -----> statementPart
2021-11-21T23:53:18,762|[TRACE] graph - -------> nonSkippedChar
2021-11-21T23:53:18,762|[TRACE] script - #out(`T`) [token]
2021-11-21T23:53:18,762|[TRACE] graph - <------- nonSkippedChar
2021-11-21T23:53:18,762|[TRACE] graph - <----- statementPart
2021-11-21T23:53:18,762|[TRACE] graph - -----> statementPart
2021-11-21T23:53:18,762|[TRACE] graph - -------> nonSkippedChar
2021-11-21T23:53:18,762|[TRACE] script - #out(`I`) [token]
2021-11-21T23:53:18,762|[TRACE] graph - <------- nonSkippedChar
2021-11-21T23:53:18,762|[TRACE] graph - <----- statementPart
2021-11-21T23:53:18,762|[TRACE] graph - -----> statementPart
2021-11-21T23:53:18,762|[TRACE] graph - -------> nonSkippedChar
2021-11-21T23:53:18,762|[TRACE] script - #out(`O`) [token]
2021-11-21T23:53:18,762|[TRACE] graph - <------- nonSkippedChar
2021-11-21T23:53:18,762|[TRACE] graph - <----- statementPart
2021-11-21T23:53:18,762|[TRACE] graph - -----> statementPart
2021-11-21T23:53:18,762|[TRACE] graph - -------> nonSkippedChar
2021-11-21T23:53:18,762|[TRACE] script - #out(`N`) [token]
2021-11-21T23:53:18,762|[TRACE] graph - <------- nonSkippedChar
2021-11-21T23:53:18,762|[TRACE] graph - <----- statementPart
2021-11-21T23:53:18,762|[TRACE] graph - -----> statementPart
2021-11-21T23:53:18,762|[TRACE] graph - -------> nonSkippedChar
2021-11-21T23:53:18,762|[TRACE] script - #out(`,`) [token]
2021-11-21T23:53:18,762|[TRACE] graph - <------- nonSkippedChar
2021-11-21T23:53:18,762|[TRACE] graph - <----- statementPart
2021-11-21T23:53:18,762|[TRACE] graph - -----> afterStatementPartNewline
2021-11-21T23:53:18,762|[TRACE] script - #out(` `) [text]
2021-11-21T23:53:18,762|[TRACE] graph - <----- afterStatementPartNewline
2021-11-21T23:53:18,762|[TRACE] graph - -----> statementPart
2021-11-21T23:53:18,762|[TRACE] graph - -------> nonSkippedSpace
2021-11-21T23:53:18,762|[TRACE] script - #out(` `) [token]
2021-11-21T23:53:18,762|[TRACE] graph - <------- nonSkippedSpace
2021-11-21T23:53:18,762|[TRACE] graph - <----- statementPart
2021-11-21T23:53:18,762|[TRACE] graph - -----> statementPart
2021-11-21T23:53:18,762|[TRACE] graph - -------> nonSkippedSpace
2021-11-21T23:53:18,762|[TRACE] script - #out(` `) [token]
2021-11-21T23:53:18,762|[TRACE] graph - <------- nonSkippedSpace
2021-11-21T23:53:18,762|[TRACE] graph - <----- statementPart
2021-11-21T23:53:18,762|[TRACE] graph - -----> statementPart
2021-11-21T23:53:18,762|[TRACE] graph - -------> nonSkippedChar
2021-11-21T23:53:18,762|[TRACE] script - #out(`C`) [token]
2021-11-21T23:53:18,762|[TRACE] graph - <------- nonSkippedChar
2021-11-21T23:53:18,762|[TRACE] graph - <----- statementPart
2021-11-21T23:53:18,762|[TRACE] graph - -----> statementPart
2021-11-21T23:53:18,762|[TRACE] graph - -------> nonSkippedChar
2021-11-21T23:53:18,762|[TRACE] script - #out(`O`) [token]
2021-11-21T23:53:18,762|[TRACE] graph - <------- nonSkippedChar
2021-11-21T23:53:18,762|[TRACE] graph - <----- statementPart
2021-11-21T23:53:18,762|[TRACE] graph - -----> statementPart
2021-11-21T23:53:18,762|[TRACE] graph - -------> nonSkippedChar
2021-11-21T23:53:18,762|[TRACE] script - #out(`N`) [token]
2021-11-21T23:53:18,762|[TRACE] graph - <------- nonSkippedChar
2021-11-21T23:53:18,762|[TRACE] graph - <----- statementPart
2021-11-21T23:53:18,762|[TRACE] graph - -----> statementPart
2021-11-21T23:53:18,762|[TRACE] graph - -------> nonSkippedChar
2021-11-21T23:53:18,762|[TRACE] script - #out(`S`) [token]
2021-11-21T23:53:18,762|[TRACE] graph - <------- nonSkippedChar
2021-11-21T23:53:18,762|[TRACE] graph - <----- statementPart
2021-11-21T23:53:18,762|[TRACE] graph - -----> statementPart
2021-11-21T23:53:18,762|[TRACE] graph - -------> nonSkippedChar
2021-11-21T23:53:18,762|[TRACE] script - #out(`T`) [token]
2021-11-21T23:53:18,762|[TRACE] graph - <------- nonSkippedChar
2021-11-21T23:53:18,762|[TRACE] graph - <----- statementPart
2021-11-21T23:53:18,762|[TRACE] graph - -----> statementPart
2021-11-21T23:53:18,762|[TRACE] graph - -------> nonSkippedChar
2021-11-21T23:53:18,762|[TRACE] script - #out(`R`) [token]
2021-11-21T23:53:18,762|[TRACE] graph - <------- nonSkippedChar
2021-11-21T23:53:18,762|[TRACE] graph - <----- statementPart
2021-11-21T23:53:18,762|[TRACE] graph - -----> statementPart
2021-11-21T23:53:18,762|[TRACE] graph - -------> nonSkippedChar
2021-11-21T23:53:18,762|[TRACE] script - #out(`A`) [token]
2021-11-21T23:53:18,762|[TRACE] graph - <------- nonSkippedChar
2021-11-21T23:53:18,762|[TRACE] graph - <----- statementPart
2021-11-21T23:53:18,762|[TRACE] graph - -----> statementPart
2021-11-21T23:53:18,762|[TRACE] graph - -------> nonSkippedChar
2021-11-21T23:53:18,762|[TRACE] script - #out(`I`) [token]
2021-11-21T23:53:18,762|[TRACE] graph - <------- nonSkippedChar
2021-11-21T23:53:18,762|[TRACE] graph - <----- statementPart
2021-11-21T23:53:18,762|[TRACE] graph - -----> statementPart
2021-11-21T23:53:18,762|[TRACE] graph - -------> nonSkippedChar
2021-11-21T23:53:18,762|[TRACE] script - #out(`N`) [token]
2021-11-21T23:53:18,762|[TRACE] graph - <------- nonSkippedChar
2021-11-21T23:53:18,762|[TRACE] graph - <----- statementPart
2021-11-21T23:53:18,762|[TRACE] graph - -----> statementPart
2021-11-21T23:53:18,762|[TRACE] graph - -------> nonSkippedChar
2021-11-21T23:53:18,762|[TRACE] script - #out(`T`) [token]
2021-11-21T23:53:18,762|[TRACE] graph - <------- nonSkippedChar
2021-11-21T23:53:18,762|[TRACE] graph - <----- statementPart
2021-11-21T23:53:18,762|[TRACE] graph - -----> statementPart
2021-11-21T23:53:18,762|[TRACE] graph - -------> nonSkippedSpace
2021-11-21T23:53:18,762|[TRACE] script - #out(` `) [token]
2021-11-21T23:53:18,762|[TRACE] graph - <------- nonSkippedSpace
2021-11-21T23:53:18,762|[TRACE] graph - <----- statementPart
2021-11-21T23:53:18,762|[TRACE] graph - -----> statementPart
2021-11-21T23:53:18,762|[TRACE] graph - -------> quotedString
2021-11-21T23:53:18,762|[TRACE] script - #out(``fk_contact_phone1``) [token]
2021-11-21T23:53:18,762|[TRACE] graph - <------- quotedString
2021-11-21T23:53:18,762|[TRACE] graph - <----- statementPart
2021-11-21T23:53:18,762|[TRACE] graph - -----> afterStatementPartNewline
2021-11-21T23:53:18,762|[TRACE] script - #out(` `) [text]
2021-11-21T23:53:18,762|[TRACE] graph - <----- afterStatementPartNewline
2021-11-21T23:53:18,762|[TRACE] graph - -----> statementPart
2021-11-21T23:53:18,762|[TRACE] graph - -------> nonSkippedSpace
2021-11-21T23:53:18,762|[TRACE] script - #out(` `) [token]
2021-11-21T23:53:18,762|[TRACE] graph - <------- nonSkippedSpace
2021-11-21T23:53:18,762|[TRACE] graph - <----- statementPart
2021-11-21T23:53:18,762|[TRACE] graph - -----> statementPart
2021-11-21T23:53:18,762|[TRACE] graph - -------> nonSkippedSpace
2021-11-21T23:53:18,762|[TRACE] script - #out(` `) [token]
2021-11-21T23:53:18,762|[TRACE] graph - <------- nonSkippedSpace
2021-11-21T23:53:18,762|[TRACE] graph - <----- statementPart
2021-11-21T23:53:18,762|[TRACE] graph - -----> statementPart
2021-11-21T23:53:18,762|[TRACE] graph - -------> nonSkippedSpace
2021-11-21T23:53:18,762|[TRACE] script - #out(` `) [token]
2021-11-21T23:53:18,762|[TRACE] graph - <------- nonSkippedSpace
2021-11-21T23:53:18,762|[TRACE] graph - <----- statementPart
2021-11-21T23:53:18,762|[TRACE] graph - -----> statementPart
2021-11-21T23:53:18,762|[TRACE] graph - -------> nonSkippedSpace
2021-11-21T23:53:18,762|[TRACE] script - #out(` `) [token]
2021-11-21T23:53:18,762|[TRACE] graph - <------- nonSkippedSpace
2021-11-21T23:53:18,762|[TRACE] graph - <----- statementPart
2021-11-21T23:53:18,762|[TRACE] graph - -----> statementPart
2021-11-21T23:53:18,762|[TRACE] graph - -------> nonSkippedChar
2021-11-21T23:53:18,762|[TRACE] script - #out(`F`) [token]
2021-11-21T23:53:18,762|[TRACE] graph - <------- nonSkippedChar
2021-11-21T23:53:18,762|[TRACE] graph - <----- statementPart
2021-11-21T23:53:18,762|[TRACE] graph - -----> statementPart
2021-11-21T23:53:18,762|[TRACE] graph - -------> nonSkippedChar
2021-11-21T23:53:18,762|[TRACE] script - #out(`O`) [token]
2021-11-21T23:53:18,762|[TRACE] graph - <------- nonSkippedChar
2021-11-21T23:53:18,762|[TRACE] graph - <----- statementPart
2021-11-21T23:53:18,762|[TRACE] graph - -----> statementPart
2021-11-21T23:53:18,762|[TRACE] graph - -------> nonSkippedChar
2021-11-21T23:53:18,762|[TRACE] script - #out(`R`) [token]
2021-11-21T23:53:18,762|[TRACE] graph - <------- nonSkippedChar
2021-11-21T23:53:18,762|[TRACE] graph - <----- statementPart
2021-11-21T23:53:18,762|[TRACE] graph - -----> statementPart
2021-11-21T23:53:18,762|[TRACE] graph - -------> nonSkippedChar
2021-11-21T23:53:18,762|[TRACE] script - #out(`E`) [token]
2021-11-21T23:53:18,762|[TRACE] graph - <------- nonSkippedChar
2021-11-21T23:53:18,762|[TRACE] graph - <----- statementPart
2021-11-21T23:53:18,762|[TRACE] graph - -----> statementPart
2021-11-21T23:53:18,762|[TRACE] graph - -------> nonSkippedChar
2021-11-21T23:53:18,762|[TRACE] script - #out(`I`) [token]
2021-11-21T23:53:18,762|[TRACE] graph - <------- nonSkippedChar
2021-11-21T23:53:18,762|[TRACE] graph - <----- statementPart
2021-11-21T23:53:18,762|[TRACE] graph - -----> statementPart
2021-11-21T23:53:18,762|[TRACE] graph - -------> nonSkippedChar
2021-11-21T23:53:18,762|[TRACE] script - #out(`G`) [token]
2021-11-21T23:53:18,762|[TRACE] graph - <------- nonSkippedChar
2021-11-21T23:53:18,762|[TRACE] graph - <----- statementPart
2021-11-21T23:53:18,762|[TRACE] graph - -----> statementPart
2021-11-21T23:53:18,762|[TRACE] graph - -------> nonSkippedChar
2021-11-21T23:53:18,762|[TRACE] script - #out(`N`) [token]
2021-11-21T23:53:18,762|[TRACE] graph - <------- nonSkippedChar
2021-11-21T23:53:18,762|[TRACE] graph - <----- statementPart
2021-11-21T23:53:18,762|[TRACE] graph - -----> statementPart
2021-11-21T23:53:18,762|[TRACE] graph - -------> nonSkippedSpace
2021-11-21T23:53:18,762|[TRACE] script - #out(` `) [token]
2021-11-21T23:53:18,762|[TRACE] graph - <------- nonSkippedSpace
2021-11-21T23:53:18,762|[TRACE] graph - <----- statementPart
2021-11-21T23:53:18,762|[TRACE] graph - -----> statementPart
2021-11-21T23:53:18,762|[TRACE] graph - -------> nonSkippedChar
2021-11-21T23:53:18,762|[TRACE] script - #out(`K`) [token]
2021-11-21T23:53:18,762|[TRACE] graph - <------- nonSkippedChar
2021-11-21T23:53:18,762|[TRACE] graph - <----- statementPart
2021-11-21T23:53:18,762|[TRACE] graph - -----> statementPart
2021-11-21T23:53:18,762|[TRACE] graph - -------> nonSkippedChar
2021-11-21T23:53:18,762|[TRACE] script - #out(`E`) [token]
2021-11-21T23:53:18,762|[TRACE] graph - <------- nonSkippedChar
2021-11-21T23:53:18,762|[TRACE] graph - <----- statementPart
2021-11-21T23:53:18,763|[TRACE] graph - -----> statementPart
2021-11-21T23:53:18,763|[TRACE] graph - -------> nonSkippedChar
2021-11-21T23:53:18,763|[TRACE] script - #out(`Y`) [token]
2021-11-21T23:53:18,763|[TRACE] graph - <------- nonSkippedChar
2021-11-21T23:53:18,763|[TRACE] graph - <----- statementPart
2021-11-21T23:53:18,763|[TRACE] graph - -----> statementPart
2021-11-21T23:53:18,763|[TRACE] graph - -------> nonSkippedSpace
2021-11-21T23:53:18,763|[TRACE] script - #out(` `) [token]
2021-11-21T23:53:18,763|[TRACE] graph - <------- nonSkippedSpace
2021-11-21T23:53:18,763|[TRACE] graph - <----- statementPart
2021-11-21T23:53:18,763|[TRACE] graph - -----> statementPart
2021-11-21T23:53:18,763|[TRACE] graph - -------> nonSkippedChar
2021-11-21T23:53:18,763|[TRACE] script - #out(`(`) [token]
2021-11-21T23:53:18,763|[TRACE] graph - <------- nonSkippedChar
2021-11-21T23:53:18,763|[TRACE] graph - <----- statementPart
2021-11-21T23:53:18,763|[TRACE] graph - -----> statementPart
2021-11-21T23:53:18,763|[TRACE] graph - -------> quotedString
2021-11-21T23:53:18,763|[TRACE] script - #out(``phone_id``) [token]
2021-11-21T23:53:18,763|[TRACE] graph - <------- quotedString
2021-11-21T23:53:18,763|[TRACE] graph - <----- statementPart
2021-11-21T23:53:18,763|[TRACE] graph - -----> statementPart
2021-11-21T23:53:18,763|[TRACE] graph - -------> nonSkippedChar
2021-11-21T23:53:18,763|[TRACE] script - #out(`)`) [token]
2021-11-21T23:53:18,763|[TRACE] graph - <------- nonSkippedChar
2021-11-21T23:53:18,763|[TRACE] graph - <----- statementPart
2021-11-21T23:53:18,763|[TRACE] graph - -----> afterStatementPartNewline
2021-11-21T23:53:18,763|[TRACE] script - #out(` `) [text]
2021-11-21T23:53:18,763|[TRACE] graph - <----- afterStatementPartNewline
2021-11-21T23:53:18,763|[TRACE] graph - -----> statementPart
2021-11-21T23:53:18,763|[TRACE] graph - -------> nonSkippedSpace
2021-11-21T23:53:18,763|[TRACE] script - #out(` `) [token]
2021-11-21T23:53:18,763|[TRACE] graph - <------- nonSkippedSpace
2021-11-21T23:53:18,763|[TRACE] graph - <----- statementPart
2021-11-21T23:53:18,763|[TRACE] graph - -----> statementPart
2021-11-21T23:53:18,763|[TRACE] graph - -------> nonSkippedSpace
2021-11-21T23:53:18,763|[TRACE] script - #out(` `) [token]
2021-11-21T23:53:18,763|[TRACE] graph - <------- nonSkippedSpace
2021-11-21T23:53:18,763|[TRACE] graph - <----- statementPart
2021-11-21T23:53:18,763|[TRACE] graph - -----> statementPart
2021-11-21T23:53:18,763|[TRACE] graph - -------> nonSkippedSpace
2021-11-21T23:53:18,763|[TRACE] script - #out(` `) [token]
2021-11-21T23:53:18,763|[TRACE] graph - <------- nonSkippedSpace
2021-11-21T23:53:18,763|[TRACE] graph - <----- statementPart
2021-11-21T23:53:18,763|[TRACE] graph - -----> statementPart
2021-11-21T23:53:18,763|[TRACE] graph - -------> nonSkippedSpace
2021-11-21T23:53:18,763|[TRACE] script - #out(` `) [token]
2021-11-21T23:53:18,763|[TRACE] graph - <------- nonSkippedSpace
2021-11-21T23:53:18,763|[TRACE] graph - <----- statementPart
2021-11-21T23:53:18,763|[TRACE] graph - -----> statementPart
2021-11-21T23:53:18,763|[TRACE] graph - -------> nonSkippedChar
2021-11-21T23:53:18,763|[TRACE] script - #out(`R`) [token]
2021-11-21T23:53:18,763|[TRACE] graph - <------- nonSkippedChar
2021-11-21T23:53:18,763|[TRACE] graph - <----- statementPart
2021-11-21T23:53:18,763|[TRACE] graph - -----> statementPart
2021-11-21T23:53:18,763|[TRACE] graph - -------> nonSkippedChar
2021-11-21T23:53:18,763|[TRACE] script - #out(`E`) [token]
2021-11-21T23:53:18,763|[TRACE] graph - <------- nonSkippedChar
2021-11-21T23:53:18,763|[TRACE] graph - <----- statementPart
2021-11-21T23:53:18,806|[TRACE] graph - -----> statementPart
2021-11-21T23:53:18,806|[TRACE] graph - -------> nonSkippedChar
2021-11-21T23:53:18,806|[TRACE] script - #out(`F`) [token]
2021-11-21T23:53:18,806|[TRACE] graph - <------- nonSkippedChar
2021-11-21T23:53:18,806|[TRACE] graph - <----- statementPart
2021-11-21T23:53:18,806|[TRACE] graph - -----> statementPart
2021-11-21T23:53:18,806|[TRACE] graph - -------> nonSkippedChar
2021-11-21T23:53:18,806|[TRACE] script - #out(`E`) [token]
2021-11-21T23:53:18,806|[TRACE] graph - <------- nonSkippedChar
2021-11-21T23:53:18,806|[TRACE] graph - <----- statementPart
2021-11-21T23:53:18,806|[TRACE] graph - -----> statementPart
2021-11-21T23:53:18,806|[TRACE] graph - -------> nonSkippedChar
2021-11-21T23:53:18,806|[TRACE] script - #out(`R`) [token]
2021-11-21T23:53:18,806|[TRACE] graph - <------- nonSkippedChar
2021-11-21T23:53:18,806|[TRACE] graph - <----- statementPart
2021-11-21T23:53:18,806|[TRACE] graph - -----> statementPart
2021-11-21T23:53:18,806|[TRACE] graph - -------> nonSkippedChar
2021-11-21T23:53:18,806|[TRACE] script - #out(`E`) [token]
2021-11-21T23:53:18,806|[TRACE] graph - <------- nonSkippedChar
2021-11-21T23:53:18,806|[TRACE] graph - <----- statementPart
2021-11-21T23:53:18,806|[TRACE] graph - -----> statementPart
2021-11-21T23:53:18,806|[TRACE] graph - -------> nonSkippedChar
2021-11-21T23:53:18,806|[TRACE] script - #out(`N`) [token]
2021-11-21T23:53:18,806|[TRACE] graph - <------- nonSkippedChar
2021-11-21T23:53:18,806|[TRACE] graph - <----- statementPart
2021-11-21T23:53:18,806|[TRACE] graph - -----> statementPart
2021-11-21T23:53:18,806|[TRACE] graph - -------> nonSkippedChar
2021-11-21T23:53:18,806|[TRACE] script - #out(`C`) [token]
2021-11-21T23:53:18,806|[TRACE] graph - <------- nonSkippedChar
2021-11-21T23:53:18,806|[TRACE] graph - <----- statementPart
2021-11-21T23:53:18,806|[TRACE] graph - -----> statementPart
2021-11-21T23:53:18,806|[TRACE] graph - -------> nonSkippedChar
2021-11-21T23:53:18,806|[TRACE] script - #out(`E`) [token]
2021-11-21T23:53:18,806|[TRACE] graph - <------- nonSkippedChar
2021-11-21T23:53:18,806|[TRACE] graph - <----- statementPart
2021-11-21T23:53:18,806|[TRACE] graph - -----> statementPart
2021-11-21T23:53:18,806|[TRACE] graph - -------> nonSkippedChar
2021-11-21T23:53:18,806|[TRACE] script - #out(`S`) [token]
2021-11-21T23:53:18,806|[TRACE] graph - <------- nonSkippedChar
2021-11-21T23:53:18,806|[TRACE] graph - <----- statementPart
2021-11-21T23:53:18,806|[TRACE] graph - -----> statementPart
2021-11-21T23:53:18,806|[TRACE] graph - -------> nonSkippedSpace
2021-11-21T23:53:18,806|[TRACE] script - #out(` `) [token]
2021-11-21T23:53:18,806|[TRACE] graph - <------- nonSkippedSpace
2021-11-21T23:53:18,806|[TRACE] graph - <----- statementPart
2021-11-21T23:53:18,806|[TRACE] graph - -----> statementPart
2021-11-21T23:53:18,806|[TRACE] graph - -------> quotedString
2021-11-21T23:53:18,806|[TRACE] script - #out(``bloodbank``) [token]
2021-11-21T23:53:18,806|[TRACE] graph - <------- quotedString
2021-11-21T23:53:18,806|[TRACE] graph - <----- statementPart
2021-11-21T23:53:18,806|[TRACE] graph - -----> statementPart
2021-11-21T23:53:18,806|[TRACE] graph - -------> nonSkippedChar
2021-11-21T23:53:18,806|[TRACE] script - #out(`.`) [token]
2021-11-21T23:53:18,806|[TRACE] graph - <------- nonSkippedChar
2021-11-21T23:53:18,806|[TRACE] graph - <----- statementPart
2021-11-21T23:53:18,806|[TRACE] graph - -----> statementPart
2021-11-21T23:53:18,806|[TRACE] graph - -------> quotedString
2021-11-21T23:53:18,806|[TRACE] script - #out(``phone``) [token]
2021-11-21T23:53:18,806|[TRACE] graph - <------- quotedString
2021-11-21T23:53:18,806|[TRACE] graph - <----- statementPart
2021-11-21T23:53:18,806|[TRACE] graph - -----> statementPart
2021-11-21T23:53:18,806|[TRACE] graph - -------> nonSkippedSpace
2021-11-21T23:53:18,806|[TRACE] script - #out(` `) [token]
2021-11-21T23:53:18,806|[TRACE] graph - <------- nonSkippedSpace
2021-11-21T23:53:18,806|[TRACE] graph - <----- statementPart
2021-11-21T23:53:18,806|[TRACE] graph - -----> statementPart
2021-11-21T23:53:18,806|[TRACE] graph - -------> nonSkippedChar
2021-11-21T23:53:18,806|[TRACE] script - #out(`(`) [token]
2021-11-21T23:53:18,806|[TRACE] graph - <------- nonSkippedChar
2021-11-21T23:53:18,806|[TRACE] graph - <----- statementPart
2021-11-21T23:53:18,806|[TRACE] graph - -----> statementPart
2021-11-21T23:53:18,806|[TRACE] graph - -------> quotedString
2021-11-21T23:53:18,806|[TRACE] script - #out(``phone_id``) [token]
2021-11-21T23:53:18,806|[TRACE] graph - <------- quotedString
2021-11-21T23:53:18,806|[TRACE] graph - <----- statementPart
2021-11-21T23:53:18,806|[TRACE] graph - -----> statementPart
2021-11-21T23:53:18,806|[TRACE] graph - -------> nonSkippedChar
2021-11-21T23:53:18,806|[TRACE] script - #out(`)`) [token]
2021-11-21T23:53:18,806|[TRACE] graph - <------- nonSkippedChar
2021-11-21T23:53:18,806|[TRACE] graph - <----- statementPart
2021-11-21T23:53:18,806|[TRACE] graph - -----> afterStatementPartNewline
2021-11-21T23:53:18,806|[TRACE] script - #out(` `) [text]
2021-11-21T23:53:18,806|[TRACE] graph - <----- afterStatementPartNewline
2021-11-21T23:53:18,806|[TRACE] graph - -----> statementPart
2021-11-21T23:53:18,806|[TRACE] graph - -------> nonSkippedSpace
2021-11-21T23:53:18,806|[TRACE] script - #out(` `) [token]
2021-11-21T23:53:18,806|[TRACE] graph - <------- nonSkippedSpace
2021-11-21T23:53:18,806|[TRACE] graph - <----- statementPart
2021-11-21T23:53:18,806|[TRACE] graph - -----> statementPart
2021-11-21T23:53:18,806|[TRACE] graph - -------> nonSkippedSpace
2021-11-21T23:53:18,806|[TRACE] script - #out(` `) [token]
2021-11-21T23:53:18,806|[TRACE] graph - <------- nonSkippedSpace
2021-11-21T23:53:18,806|[TRACE] graph - <----- statementPart
2021-11-21T23:53:18,806|[TRACE] graph - -----> statementPart
2021-11-21T23:53:18,806|[TRACE] graph - -------> nonSkippedSpace
2021-11-21T23:53:18,806|[TRACE] script - #out(` `) [token]
2021-11-21T23:53:18,806|[TRACE] graph - <------- nonSkippedSpace
2021-11-21T23:53:18,806|[TRACE] graph - <----- statementPart
2021-11-21T23:53:18,806|[TRACE] graph - -----> statementPart
2021-11-21T23:53:18,806|[TRACE] graph - -------> nonSkippedSpace
2021-11-21T23:53:18,806|[TRACE] script - #out(` `) [token]
2021-11-21T23:53:18,806|[TRACE] graph - <------- nonSkippedSpace
2021-11-21T23:53:18,806|[TRACE] graph - <----- statementPart
2021-11-21T23:53:18,806|[TRACE] graph - -----> statementPart
2021-11-21T23:53:18,806|[TRACE] graph - -------> nonSkippedChar
2021-11-21T23:53:18,806|[TRACE] script - #out(`O`) [token]
2021-11-21T23:53:18,806|[TRACE] graph - <------- nonSkippedChar
2021-11-21T23:53:18,806|[TRACE] graph - <----- statementPart
2021-11-21T23:53:18,806|[TRACE] graph - -----> statementPart
2021-11-21T23:53:18,806|[TRACE] graph - -------> nonSkippedChar
2021-11-21T23:53:18,806|[TRACE] script - #out(`N`) [token]
2021-11-21T23:53:18,806|[TRACE] graph - <------- nonSkippedChar
2021-11-21T23:53:18,806|[TRACE] graph - <----- statementPart
2021-11-21T23:53:18,806|[TRACE] graph - -----> statementPart
2021-11-21T23:53:18,806|[TRACE] graph - -------> nonSkippedSpace
2021-11-21T23:53:18,806|[TRACE] script - #out(` `) [token]
2021-11-21T23:53:18,806|[TRACE] graph - <------- nonSkippedSpace
2021-11-21T23:53:18,806|[TRACE] graph - <----- statementPart
2021-11-21T23:53:18,806|[TRACE] graph - -----> statementPart
2021-11-21T23:53:18,806|[TRACE] graph - -------> nonSkippedChar
2021-11-21T23:53:18,806|[TRACE] script - #out(`D`) [token]
2021-11-21T23:53:18,806|[TRACE] graph - <------- nonSkippedChar
2021-11-21T23:53:18,806|[TRACE] graph - <----- statementPart
2021-11-21T23:53:18,806|[TRACE] graph - -----> statementPart
2021-11-21T23:53:18,806|[TRACE] graph - -------> nonSkippedChar
2021-11-21T23:53:18,806|[TRACE] script - #out(`E`) [token]
2021-11-21T23:53:18,806|[TRACE] graph - <------- nonSkippedChar
2021-11-21T23:53:18,806|[TRACE] graph - <----- statementPart
2021-11-21T23:53:18,806|[TRACE] graph - -----> statementPart
2021-11-21T23:53:18,806|[TRACE] graph - -------> nonSkippedChar
2021-11-21T23:53:18,806|[TRACE] script - #out(`L`) [token]
2021-11-21T23:53:18,806|[TRACE] graph - <------- nonSkippedChar
2021-11-21T23:53:18,806|[TRACE] graph - <----- statementPart
2021-11-21T23:53:18,806|[TRACE] graph - -----> statementPart
2021-11-21T23:53:18,806|[TRACE] graph - -------> nonSkippedChar
2021-11-21T23:53:18,806|[TRACE] script - #out(`E`) [token]
2021-11-21T23:53:18,806|[TRACE] graph - <------- nonSkippedChar
2021-11-21T23:53:18,806|[TRACE] graph - <----- statementPart
2021-11-21T23:53:18,806|[TRACE] graph - -----> statementPart
2021-11-21T23:53:18,806|[TRACE] graph - -------> nonSkippedChar
2021-11-21T23:53:18,806|[TRACE] script - #out(`T`) [token]
2021-11-21T23:53:18,806|[TRACE] graph - <------- nonSkippedChar
2021-11-21T23:53:18,806|[TRACE] graph - <----- statementPart
2021-11-21T23:53:18,806|[TRACE] graph - -----> statementPart
2021-11-21T23:53:18,806|[TRACE] graph - -------> nonSkippedChar
2021-11-21T23:53:18,806|[TRACE] script - #out(`E`) [token]
2021-11-21T23:53:18,806|[TRACE] graph - <------- nonSkippedChar
2021-11-21T23:53:18,806|[TRACE] graph - <----- statementPart
2021-11-21T23:53:18,806|[TRACE] graph - -----> statementPart
2021-11-21T23:53:18,806|[TRACE] graph - -------> nonSkippedSpace
2021-11-21T23:53:18,806|[TRACE] script - #out(` `) [token]
2021-11-21T23:53:18,806|[TRACE] graph - <------- nonSkippedSpace
2021-11-21T23:53:18,806|[TRACE] graph - <----- statementPart
2021-11-21T23:53:18,806|[TRACE] graph - -----> statementPart
2021-11-21T23:53:18,806|[TRACE] graph - -------> nonSkippedChar
2021-11-21T23:53:18,806|[TRACE] script - #out(`N`) [token]
2021-11-21T23:53:18,806|[TRACE] graph - <------- nonSkippedChar
2021-11-21T23:53:18,806|[TRACE] graph - <----- statementPart
2021-11-21T23:53:18,806|[TRACE] graph - -----> statementPart
2021-11-21T23:53:18,806|[TRACE] graph - -------> nonSkippedChar
2021-11-21T23:53:18,806|[TRACE] script - #out(`O`) [token]
2021-11-21T23:53:18,806|[TRACE] graph - <------- nonSkippedChar
2021-11-21T23:53:18,806|[TRACE] graph - <----- statementPart
2021-11-21T23:53:18,806|[TRACE] graph - -----> statementPart
2021-11-21T23:53:18,806|[TRACE] graph - -------> nonSkippedSpace
2021-11-21T23:53:18,806|[TRACE] script - #out(` `) [token]
2021-11-21T23:53:18,806|[TRACE] graph - <------- nonSkippedSpace
2021-11-21T23:53:18,806|[TRACE] graph - <----- statementPart
2021-11-21T23:53:18,806|[TRACE] graph - -----> statementPart
2021-11-21T23:53:18,806|[TRACE] graph - -------> nonSkippedChar
2021-11-21T23:53:18,806|[TRACE] script - #out(`A`) [token]
2021-11-21T23:53:18,806|[TRACE] graph - <------- nonSkippedChar
2021-11-21T23:53:18,806|[TRACE] graph - <----- statementPart
2021-11-21T23:53:18,806|[TRACE] graph - -----> statementPart
2021-11-21T23:53:18,806|[TRACE] graph - -------> nonSkippedChar
2021-11-21T23:53:18,806|[TRACE] script - #out(`C`) [token]
2021-11-21T23:53:18,806|[TRACE] graph - <------- nonSkippedChar
2021-11-21T23:53:18,806|[TRACE] graph - <----- statementPart
2021-11-21T23:53:18,806|[TRACE] graph - -----> statementPart
2021-11-21T23:53:18,806|[TRACE] graph - -------> nonSkippedChar
2021-11-21T23:53:18,806|[TRACE] script - #out(`T`) [token]
2021-11-21T23:53:18,806|[TRACE] graph - <------- nonSkippedChar
2021-11-21T23:53:18,806|[TRACE] graph - <----- statementPart
2021-11-21T23:53:18,806|[TRACE] graph - -----> statementPart
2021-11-21T23:53:18,806|[TRACE] graph - -------> nonSkippedChar
2021-11-21T23:53:18,806|[TRACE] script - #out(`I`) [token]
2021-11-21T23:53:18,806|[TRACE] graph - <------- nonSkippedChar
2021-11-21T23:53:18,806|[TRACE] graph - <----- statementPart
2021-11-21T23:53:18,806|[TRACE] graph - -----> statementPart
2021-11-21T23:53:18,806|[TRACE] graph - -------> nonSkippedChar
2021-11-21T23:53:18,806|[TRACE] script - #out(`O`) [token]
2021-11-21T23:53:18,806|[TRACE] graph - <------- nonSkippedChar
2021-11-21T23:53:18,806|[TRACE] graph - <----- statementPart
2021-11-21T23:53:18,806|[TRACE] graph - -----> statementPart
2021-11-21T23:53:18,806|[TRACE] graph - -------> nonSkippedChar
2021-11-21T23:53:18,806|[TRACE] script - #out(`N`) [token]
2021-11-21T23:53:18,806|[TRACE] graph - <------- nonSkippedChar
2021-11-21T23:53:18,806|[TRACE] graph - <----- statementPart
2021-11-21T23:53:18,806|[TRACE] graph - -----> afterStatementPartNewline
2021-11-21T23:53:18,806|[TRACE] script - #out(` `) [text]
2021-11-21T23:53:18,806|[TRACE] graph - <----- afterStatementPartNewline
2021-11-21T23:53:18,806|[TRACE] graph - -----> statementPart
2021-11-21T23:53:18,806|[TRACE] graph - -------> nonSkippedSpace
2021-11-21T23:53:18,806|[TRACE] script - #out(` `) [token]
2021-11-21T23:53:18,806|[TRACE] graph - <------- nonSkippedSpace
2021-11-21T23:53:18,806|[TRACE] graph - <----- statementPart
2021-11-21T23:53:18,806|[TRACE] graph - -----> statementPart
2021-11-21T23:53:18,806|[TRACE] graph - -------> nonSkippedSpace
2021-11-21T23:53:18,806|[TRACE] script - #out(` `) [token]
2021-11-21T23:53:18,806|[TRACE] graph - <------- nonSkippedSpace
2021-11-21T23:53:18,806|[TRACE] graph - <----- statementPart
2021-11-21T23:53:18,806|[TRACE] graph - -----> statementPart
2021-11-21T23:53:18,806|[TRACE] graph - -------> nonSkippedSpace
2021-11-21T23:53:18,806|[TRACE] script - #out(` `) [token]
2021-11-21T23:53:18,806|[TRACE] graph - <------- nonSkippedSpace
2021-11-21T23:53:18,806|[TRACE] graph - <----- statementPart
2021-11-21T23:53:18,806|[TRACE] graph - -----> statementPart
2021-11-21T23:53:18,806|[TRACE] graph - -------> nonSkippedSpace
2021-11-21T23:53:18,806|[TRACE] script - #out(` `) [token]
2021-11-21T23:53:18,806|[TRACE] graph - <------- nonSkippedSpace
2021-11-21T23:53:18,806|[TRACE] graph - <----- statementPart
2021-11-21T23:53:18,806|[TRACE] graph - -----> statementPart
2021-11-21T23:53:18,806|[TRACE] graph - -------> nonSkippedChar
2021-11-21T23:53:18,806|[TRACE] script - #out(`O`) [token]
2021-11-21T23:53:18,806|[TRACE] graph - <------- nonSkippedChar
2021-11-21T23:53:18,806|[TRACE] graph - <----- statementPart
2021-11-21T23:53:18,806|[TRACE] graph - -----> statementPart
2021-11-21T23:53:18,806|[TRACE] graph - -------> nonSkippedChar
2021-11-21T23:53:18,806|[TRACE] script - #out(`N`) [token]
2021-11-21T23:53:18,806|[TRACE] graph - <------- nonSkippedChar
2021-11-21T23:53:18,806|[TRACE] graph - <----- statementPart
2021-11-21T23:53:18,806|[TRACE] graph - -----> statementPart
2021-11-21T23:53:18,806|[TRACE] graph - -------> nonSkippedSpace
2021-11-21T23:53:18,806|[TRACE] script - #out(` `) [token]
2021-11-21T23:53:18,806|[TRACE] graph - <------- nonSkippedSpace
2021-11-21T23:53:18,806|[TRACE] graph - <----- statementPart
2021-11-21T23:53:18,806|[TRACE] graph - -----> statementPart
2021-11-21T23:53:18,806|[TRACE] graph - -------> nonSkippedChar
2021-11-21T23:53:18,806|[TRACE] script - #out(`U`) [token]
2021-11-21T23:53:18,806|[TRACE] graph - <------- nonSkippedChar
2021-11-21T23:53:18,806|[TRACE] graph - <----- statementPart
2021-11-21T23:53:18,806|[TRACE] graph - -----> statementPart
2021-11-21T23:53:18,806|[TRACE] graph - -------> nonSkippedChar
2021-11-21T23:53:18,806|[TRACE] script - #out(`P`) [token]
2021-11-21T23:53:18,806|[TRACE] graph - <------- nonSkippedChar
2021-11-21T23:53:18,806|[TRACE] graph - <----- statementPart
2021-11-21T23:53:18,806|[TRACE] graph - -----> statementPart
2021-11-21T23:53:18,806|[TRACE] graph - -------> nonSkippedChar
2021-11-21T23:53:18,806|[TRACE] script - #out(`D`) [token]
2021-11-21T23:53:18,806|[TRACE] graph - <------- nonSkippedChar
2021-11-21T23:53:18,806|[TRACE] graph - <----- statementPart
2021-11-21T23:53:18,806|[TRACE] graph - -----> statementPart
2021-11-21T23:53:18,806|[TRACE] graph - -------> nonSkippedChar
2021-11-21T23:53:18,806|[TRACE] script - #out(`A`) [token]
2021-11-21T23:53:18,806|[TRACE] graph - <------- nonSkippedChar
2021-11-21T23:53:18,806|[TRACE] graph - <----- statementPart
2021-11-21T23:53:18,806|[TRACE] graph - -----> statementPart
2021-11-21T23:53:18,806|[TRACE] graph - -------> nonSkippedChar
2021-11-21T23:53:18,806|[TRACE] script - #out(`T`) [token]
2021-11-21T23:53:18,806|[TRACE] graph - <------- nonSkippedChar
2021-11-21T23:53:18,806|[TRACE] graph - <----- statementPart
2021-11-21T23:53:18,806|[TRACE] graph - -----> statementPart
2021-11-21T23:53:18,806|[TRACE] graph - -------> nonSkippedChar
2021-11-21T23:53:18,806|[TRACE] script - #out(`E`) [token]
2021-11-21T23:53:18,806|[TRACE] graph - <------- nonSkippedChar
2021-11-21T23:53:18,806|[TRACE] graph - <----- statementPart
2021-11-21T23:53:18,806|[TRACE] graph - -----> statementPart
2021-11-21T23:53:18,806|[TRACE] graph - -------> nonSkippedSpace
2021-11-21T23:53:18,806|[TRACE] script - #out(` `) [token]
2021-11-21T23:53:18,806|[TRACE] graph - <------- nonSkippedSpace
2021-11-21T23:53:18,806|[TRACE] graph - <----- statementPart
2021-11-21T23:53:18,806|[TRACE] graph - -----> statementPart
2021-11-21T23:53:18,806|[TRACE] graph - -------> nonSkippedChar
2021-11-21T23:53:18,806|[TRACE] script - #out(`N`) [token]
2021-11-21T23:53:18,806|[TRACE] graph - <------- nonSkippedChar
2021-11-21T23:53:18,806|[TRACE] graph - <----- statementPart
2021-11-21T23:53:18,806|[TRACE] graph - -----> statementPart
2021-11-21T23:53:18,806|[TRACE] graph - -------> nonSkippedChar
2021-11-21T23:53:18,806|[TRACE] script - #out(`O`) [token]
2021-11-21T23:53:18,806|[TRACE] graph - <------- nonSkippedChar
2021-11-21T23:53:18,806|[TRACE] graph - <----- statementPart
2021-11-21T23:53:18,806|[TRACE] graph - -----> statementPart
2021-11-21T23:53:18,806|[TRACE] graph - -------> nonSkippedSpace
2021-11-21T23:53:18,806|[TRACE] script - #out(` `) [token]
2021-11-21T23:53:18,806|[TRACE] graph - <------- nonSkippedSpace
2021-11-21T23:53:18,806|[TRACE] graph - <----- statementPart
2021-11-21T23:53:18,806|[TRACE] graph - -----> statementPart
2021-11-21T23:53:18,806|[TRACE] graph - -------> nonSkippedChar
2021-11-21T23:53:18,806|[TRACE] script - #out(`A`) [token]
2021-11-21T23:53:18,806|[TRACE] graph - <------- nonSkippedChar
2021-11-21T23:53:18,806|[TRACE] graph - <----- statementPart
2021-11-21T23:53:18,806|[TRACE] graph - -----> statementPart
2021-11-21T23:53:18,806|[TRACE] graph - -------> nonSkippedChar
2021-11-21T23:53:18,807|[TRACE] script - #out(`C`) [token]
2021-11-21T23:53:18,807|[TRACE] graph - <------- nonSkippedChar
2021-11-21T23:53:18,807|[TRACE] graph - <----- statementPart
2021-11-21T23:53:18,807|[TRACE] graph - -----> statementPart
2021-11-21T23:53:18,807|[TRACE] graph - -------> nonSkippedChar
2021-11-21T23:53:18,807|[TRACE] script - #out(`T`) [token]
2021-11-21T23:53:18,807|[TRACE] graph - <------- nonSkippedChar
2021-11-21T23:53:18,807|[TRACE] graph - <----- statementPart
2021-11-21T23:53:18,807|[TRACE] graph - -----> statementPart
2021-11-21T23:53:18,807|[TRACE] graph - -------> nonSkippedChar
2021-11-21T23:53:18,807|[TRACE] script - #out(`I`) [token]
2021-11-21T23:53:18,807|[TRACE] graph - <------- nonSkippedChar
2021-11-21T23:53:18,807|[TRACE] graph - <----- statementPart
2021-11-21T23:53:18,807|[TRACE] graph - -----> statementPart
2021-11-21T23:53:18,807|[TRACE] graph - -------> nonSkippedChar
2021-11-21T23:53:18,807|[TRACE] script - #out(`O`) [token]
2021-11-21T23:53:18,807|[TRACE] graph - <------- nonSkippedChar
2021-11-21T23:53:18,807|[TRACE] graph - <----- statementPart
2021-11-21T23:53:18,807|[TRACE] graph - -----> statementPart
2021-11-21T23:53:18,807|[TRACE] graph - -------> nonSkippedChar
2021-11-21T23:53:18,807|[TRACE] script - #out(`N`) [token]
2021-11-21T23:53:18,807|[TRACE] graph - <------- nonSkippedChar
2021-11-21T23:53:18,807|[TRACE] graph - <----- statementPart
2021-11-21T23:53:18,807|[TRACE] graph - -----> statementPart
2021-11-21T23:53:18,807|[TRACE] graph - -------> nonSkippedChar
2021-11-21T23:53:18,807|[TRACE] script - #out(`,`) [token]
2021-11-21T23:53:18,807|[TRACE] graph - <------- nonSkippedChar
2021-11-21T23:53:18,807|[TRACE] graph - <----- statementPart
2021-11-21T23:53:18,807|[TRACE] graph - -----> afterStatementPartNewline
2021-11-21T23:53:18,807|[TRACE] script - #out(` `) [text]
2021-11-21T23:53:18,807|[TRACE] graph - <----- afterStatementPartNewline
2021-11-21T23:53:18,807|[TRACE] graph - -----> statementPart
2021-11-21T23:53:18,807|[TRACE] graph - -------> nonSkippedSpace
2021-11-21T23:53:18,807|[TRACE] script - #out(` `) [token]
2021-11-21T23:53:18,807|[TRACE] graph - <------- nonSkippedSpace
2021-11-21T23:53:18,807|[TRACE] graph - <----- statementPart
2021-11-21T23:53:18,807|[TRACE] graph - -----> statementPart
2021-11-21T23:53:18,807|[TRACE] graph - -------> nonSkippedSpace
2021-11-21T23:53:18,807|[TRACE] script - #out(` `) [token]
2021-11-21T23:53:18,807|[TRACE] graph - <------- nonSkippedSpace
2021-11-21T23:53:18,807|[TRACE] graph - <----- statementPart
2021-11-21T23:53:18,807|[TRACE] graph - -----> statementPart
2021-11-21T23:53:18,807|[TRACE] graph - -------> nonSkippedChar
2021-11-21T23:53:18,807|[TRACE] script - #out(`C`) [token]
2021-11-21T23:53:18,807|[TRACE] graph - <------- nonSkippedChar
2021-11-21T23:53:18,807|[TRACE] graph - <----- statementPart
2021-11-21T23:53:18,807|[TRACE] graph - -----> statementPart
2021-11-21T23:53:18,807|[TRACE] graph - -------> nonSkippedChar
2021-11-21T23:53:18,807|[TRACE] script - #out(`O`) [token]
2021-11-21T23:53:18,807|[TRACE] graph - <------- nonSkippedChar
2021-11-21T23:53:18,807|[TRACE] graph - <----- statementPart
2021-11-21T23:53:18,807|[TRACE] graph - -----> statementPart
2021-11-21T23:53:18,807|[TRACE] graph - -------> nonSkippedChar
2021-11-21T23:53:18,807|[TRACE] script - #out(`N`) [token]
2021-11-21T23:53:18,807|[TRACE] graph - <------- nonSkippedChar
2021-11-21T23:53:18,807|[TRACE] graph - <----- statementPart
2021-11-21T23:53:18,807|[TRACE] graph - -----> statementPart
2021-11-21T23:53:18,807|[TRACE] graph - -------> nonSkippedChar
2021-11-21T23:53:18,807|[TRACE] script - #out(`S`) [token]
2021-11-21T23:53:18,807|[TRACE] graph - <------- nonSkippedChar
2021-11-21T23:53:18,807|[TRACE] graph - <----- statementPart
2021-11-21T23:53:18,807|[TRACE] graph - -----> statementPart
2021-11-21T23:53:18,807|[TRACE] graph - -------> nonSkippedChar
2021-11-21T23:53:18,807|[TRACE] script - #out(`T`) [token]
2021-11-21T23:53:18,807|[TRACE] graph - <------- nonSkippedChar
2021-11-21T23:53:18,807|[TRACE] graph - <----- statementPart
2021-11-21T23:53:18,807|[TRACE] graph - -----> statementPart
2021-11-21T23:53:18,807|[TRACE] graph - -------> nonSkippedChar
2021-11-21T23:53:18,807|[TRACE] script - #out(`R`) [token]
2021-11-21T23:53:18,807|[TRACE] graph - <------- nonSkippedChar
2021-11-21T23:53:18,807|[TRACE] graph - <----- statementPart
2021-11-21T23:53:18,807|[TRACE] graph - -----> statementPart
2021-11-21T23:53:18,807|[TRACE] graph - -------> nonSkippedChar
2021-11-21T23:53:18,807|[TRACE] script - #out(`A`) [token]
2021-11-21T23:53:18,807|[TRACE] graph - <------- nonSkippedChar
2021-11-21T23:53:18,807|[TRACE] graph - <----- statementPart
2021-11-21T23:53:18,807|[TRACE] graph - -----> statementPart
2021-11-21T23:53:18,807|[TRACE] graph - -------> nonSkippedChar
2021-11-21T23:53:18,807|[TRACE] script - #out(`I`) [token]
2021-11-21T23:53:18,807|[TRACE] graph - <------- nonSkippedChar
2021-11-21T23:53:18,807|[TRACE] graph - <----- statementPart
2021-11-21T23:53:18,807|[TRACE] graph - -----> statementPart
2021-11-21T23:53:18,807|[TRACE] graph - -------> nonSkippedChar
2021-11-21T23:53:18,807|[TRACE] script - #out(`N`) [token]
2021-11-21T23:53:18,807|[TRACE] graph - <------- nonSkippedChar
2021-11-21T23:53:18,807|[TRACE] graph - <----- statementPart
2021-11-21T23:53:18,807|[TRACE] graph - -----> statementPart
2021-11-21T23:53:18,807|[TRACE] graph - -------> nonSkippedChar
2021-11-21T23:53:18,807|[TRACE] script - #out(`T`) [token]
2021-11-21T23:53:18,807|[TRACE] graph - <------- nonSkippedChar
2021-11-21T23:53:18,807|[TRACE] graph - <----- statementPart
2021-11-21T23:53:18,807|[TRACE] graph - -----> statementPart
2021-11-21T23:53:18,807|[TRACE] graph - -------> nonSkippedSpace
2021-11-21T23:53:18,807|[TRACE] script - #out(` `) [token]
2021-11-21T23:53:18,807|[TRACE] graph - <------- nonSkippedSpace
2021-11-21T23:53:18,807|[TRACE] graph - <----- statementPart
2021-11-21T23:53:18,807|[TRACE] graph - -----> statementPart
2021-11-21T23:53:18,807|[TRACE] graph - -------> quotedString
2021-11-21T23:53:18,807|[TRACE] script - #out(``fk_contact_person1``) [token]
2021-11-21T23:53:18,807|[TRACE] graph - <------- quotedString
2021-11-21T23:53:18,807|[TRACE] graph - <----- statementPart
2021-11-21T23:53:18,807|[TRACE] graph - -----> afterStatementPartNewline
2021-11-21T23:53:18,807|[TRACE] script - #out(` `) [text]
2021-11-21T23:53:18,807|[TRACE] graph - <----- afterStatementPartNewline
2021-11-21T23:53:18,807|[TRACE] graph - -----> statementPart
2021-11-21T23:53:18,807|[TRACE] graph - -------> nonSkippedSpace
2021-11-21T23:53:18,807|[TRACE] script - #out(` `) [token]
2021-11-21T23:53:18,807|[TRACE] graph - <------- nonSkippedSpace
2021-11-21T23:53:18,807|[TRACE] graph - <----- statementPart
2021-11-21T23:53:18,807|[TRACE] graph - -----> statementPart
2021-11-21T23:53:18,807|[TRACE] graph - -------> nonSkippedSpace
2021-11-21T23:53:18,807|[TRACE] script - #out(` `) [token]
2021-11-21T23:53:18,807|[TRACE] graph - <------- nonSkippedSpace
2021-11-21T23:53:18,807|[TRACE] graph - <----- statementPart
2021-11-21T23:53:18,807|[TRACE] graph - -----> statementPart
2021-11-21T23:53:18,807|[TRACE] graph - -------> nonSkippedSpace
2021-11-21T23:53:18,807|[TRACE] script - #out(` `) [token]
2021-11-21T23:53:18,807|[TRACE] graph - <------- nonSkippedSpace
2021-11-21T23:53:18,807|[TRACE] graph - <----- statementPart
2021-11-21T23:53:18,807|[TRACE] graph - -----> statementPart
2021-11-21T23:53:18,807|[TRACE] graph - -------> nonSkippedSpace
2021-11-21T23:53:18,807|[TRACE] script - #out(` `) [token]
2021-11-21T23:53:18,807|[TRACE] graph - <------- nonSkippedSpace
2021-11-21T23:53:18,807|[TRACE] graph - <----- statementPart
2021-11-21T23:53:18,807|[TRACE] graph - -----> statementPart
2021-11-21T23:53:18,807|[TRACE] graph - -------> nonSkippedChar
2021-11-21T23:53:18,807|[TRACE] script - #out(`F`) [token]
2021-11-21T23:53:18,807|[TRACE] graph - <------- nonSkippedChar
2021-11-21T23:53:18,807|[TRACE] graph - <----- statementPart
2021-11-21T23:53:18,807|[TRACE] graph - -----> statementPart
2021-11-21T23:53:18,807|[TRACE] graph - -------> nonSkippedChar
2021-11-21T23:53:18,807|[TRACE] script - #out(`O`) [token]
2021-11-21T23:53:18,807|[TRACE] graph - <------- nonSkippedChar
2021-11-21T23:53:18,807|[TRACE] graph - <----- statementPart
2021-11-21T23:53:18,807|[TRACE] graph - -----> statementPart
2021-11-21T23:53:18,807|[TRACE] graph - -------> nonSkippedChar
2021-11-21T23:53:18,807|[TRACE] script - #out(`R`) [token]
2021-11-21T23:53:18,807|[TRACE] graph - <------- nonSkippedChar
2021-11-21T23:53:18,807|[TRACE] graph - <----- statementPart
2021-11-21T23:53:18,807|[TRACE] graph - -----> statementPart
2021-11-21T23:53:18,807|[TRACE] graph - -------> nonSkippedChar
2021-11-21T23:53:18,807|[TRACE] script - #out(`E`) [token]
2021-11-21T23:53:18,807|[TRACE] graph - <------- nonSkippedChar
2021-11-21T23:53:18,807|[TRACE] graph - <----- statementPart
2021-11-21T23:53:18,807|[TRACE] graph - -----> statementPart
2021-11-21T23:53:18,807|[TRACE] graph - -------> nonSkippedChar
2021-11-21T23:53:18,807|[TRACE] script - #out(`I`) [token]
2021-11-21T23:53:18,807|[TRACE] graph - <------- nonSkippedChar
2021-11-21T23:53:18,807|[TRACE] graph - <----- statementPart
2021-11-21T23:53:18,807|[TRACE] graph - -----> statementPart
2021-11-21T23:53:18,807|[TRACE] graph - -------> nonSkippedChar
2021-11-21T23:53:18,807|[TRACE] script - #out(`G`) [token]
2021-11-21T23:53:18,807|[TRACE] graph - <------- nonSkippedChar
2021-11-21T23:53:18,807|[TRACE] graph - <----- statementPart
2021-11-21T23:53:18,807|[TRACE] graph - -----> statementPart
2021-11-21T23:53:18,807|[TRACE] graph - -------> nonSkippedChar
2021-11-21T23:53:18,807|[TRACE] script - #out(`N`) [token]
2021-11-21T23:53:18,807|[TRACE] graph - <------- nonSkippedChar
2021-11-21T23:53:18,807|[TRACE] graph - <----- statementPart
2021-11-21T23:53:18,807|[TRACE] graph - -----> statementPart
2021-11-21T23:53:18,807|[TRACE] graph - -------> nonSkippedSpace
2021-11-21T23:53:18,807|[TRACE] script - #out(` `) [token]
2021-11-21T23:53:18,807|[TRACE] graph - <------- nonSkippedSpace
2021-11-21T23:53:18,807|[TRACE] graph - <----- statementPart
2021-11-21T23:53:18,807|[TRACE] graph - -----> statementPart
2021-11-21T23:53:18,807|[TRACE] graph - -------> nonSkippedChar
2021-11-21T23:53:18,807|[TRACE] script - #out(`K`) [token]
2021-11-21T23:53:18,807|[TRACE] graph - <------- nonSkippedChar
2021-11-21T23:53:18,807|[TRACE] graph - <----- statementPart
2021-11-21T23:53:18,807|[TRACE] graph - -----> statementPart
2021-11-21T23:53:18,807|[TRACE] graph - -------> nonSkippedChar
2021-11-21T23:53:18,850|[TRACE] script - #out(`E`) [token]
2021-11-21T23:53:18,850|[TRACE] graph - <------- nonSkippedChar
2021-11-21T23:53:18,850|[TRACE] graph - <----- statementPart
2021-11-21T23:53:18,850|[TRACE] graph - -----> statementPart
2021-11-21T23:53:18,850|[TRACE] graph - -------> nonSkippedChar
2021-11-21T23:53:18,850|[TRACE] script - #out(`Y`) [token]
2021-11-21T23:53:18,850|[TRACE] graph - <------- nonSkippedChar
2021-11-21T23:53:18,850|[TRACE] graph - <----- statementPart
2021-11-21T23:53:18,850|[TRACE] graph - -----> statementPart
2021-11-21T23:53:18,850|[TRACE] graph - -------> nonSkippedSpace
2021-11-21T23:53:18,850|[TRACE] script - #out(` `) [token]
2021-11-21T23:53:18,850|[TRACE] graph - <------- nonSkippedSpace
2021-11-21T23:53:18,850|[TRACE] graph - <----- statementPart
2021-11-21T23:53:18,850|[TRACE] graph - -----> statementPart
2021-11-21T23:53:18,850|[TRACE] graph - -------> nonSkippedChar
2021-11-21T23:53:18,850|[TRACE] script - #out(`(`) [token]
2021-11-21T23:53:18,850|[TRACE] graph - <------- nonSkippedChar
2021-11-21T23:53:18,850|[TRACE] graph - <----- statementPart
2021-11-21T23:53:18,850|[TRACE] graph - -----> statementPart
2021-11-21T23:53:18,850|[TRACE] graph - -------> quotedString
2021-11-21T23:53:18,850|[TRACE] script - #out(``person_id``) [token]
2021-11-21T23:53:18,850|[TRACE] graph - <------- quotedString
2021-11-21T23:53:18,850|[TRACE] graph - <----- statementPart
2021-11-21T23:53:18,850|[TRACE] graph - -----> statementPart
2021-11-21T23:53:18,850|[TRACE] graph - -------> nonSkippedChar
2021-11-21T23:53:18,850|[TRACE] script - #out(`)`) [token]
2021-11-21T23:53:18,850|[TRACE] graph - <------- nonSkippedChar
2021-11-21T23:53:18,850|[TRACE] graph - <----- statementPart
2021-11-21T23:53:18,851|[TRACE] graph - -----> afterStatementPartNewline
2021-11-21T23:53:18,851|[TRACE] script - #out(` `) [text]
2021-11-21T23:53:18,851|[TRACE] graph - <----- afterStatementPartNewline
2021-11-21T23:53:18,851|[TRACE] graph - -----> statementPart
2021-11-21T23:53:18,851|[TRACE] graph - -------> nonSkippedSpace
2021-11-21T23:53:18,851|[TRACE] script - #out(` `) [token]
2021-11-21T23:53:18,851|[TRACE] graph - <------- nonSkippedSpace
2021-11-21T23:53:18,851|[TRACE] graph - <----- statementPart
2021-11-21T23:53:18,851|[TRACE] graph - -----> statementPart
2021-11-21T23:53:18,851|[TRACE] graph - -------> nonSkippedSpace
2021-11-21T23:53:18,851|[TRACE] script - #out(` `) [token]
2021-11-21T23:53:18,851|[TRACE] graph - <------- nonSkippedSpace
2021-11-21T23:53:18,851|[TRACE] graph - <----- statementPart
2021-11-21T23:53:18,851|[TRACE] graph - -----> statementPart
2021-11-21T23:53:18,851|[TRACE] graph - -------> nonSkippedSpace
2021-11-21T23:53:18,851|[TRACE] script - #out(` `) [token]
2021-11-21T23:53:18,851|[TRACE] graph - <------- nonSkippedSpace
2021-11-21T23:53:18,851|[TRACE] graph - <----- statementPart
2021-11-21T23:53:18,851|[TRACE] graph - -----> statementPart
2021-11-21T23:53:18,851|[TRACE] graph - -------> nonSkippedSpace
2021-11-21T23:53:18,851|[TRACE] script - #out(` `) [token]
2021-11-21T23:53:18,851|[TRACE] graph - <------- nonSkippedSpace
2021-11-21T23:53:18,851|[TRACE] graph - <----- statementPart
2021-11-21T23:53:18,851|[TRACE] graph - -----> statementPart
2021-11-21T23:53:18,851|[TRACE] graph - -------> nonSkippedChar
2021-11-21T23:53:18,851|[TRACE] script - #out(`R`) [token]
2021-11-21T23:53:18,851|[TRACE] graph - <------- nonSkippedChar
2021-11-21T23:53:18,851|[TRACE] graph - <----- statementPart
2021-11-21T23:53:18,851|[TRACE] graph - -----> statementPart
2021-11-21T23:53:18,851|[TRACE] graph - -------> nonSkippedChar
2021-11-21T23:53:18,851|[TRACE] script - #out(`E`) [token]
2021-11-21T23:53:18,851|[TRACE] graph - <------- nonSkippedChar
2021-11-21T23:53:18,851|[TRACE] graph - <----- statementPart
2021-11-21T23:53:18,851|[TRACE] graph - -----> statementPart
2021-11-21T23:53:18,851|[TRACE] graph - -------> nonSkippedChar
2021-11-21T23:53:18,851|[TRACE] script - #out(`F`) [token]
2021-11-21T23:53:18,851|[TRACE] graph - <------- nonSkippedChar
2021-11-21T23:53:18,851|[TRACE] graph - <----- statementPart
2021-11-21T23:53:18,851|[TRACE] graph - -----> statementPart
2021-11-21T23:53:18,851|[TRACE] graph - -------> nonSkippedChar
2021-11-21T23:53:18,851|[TRACE] script - #out(`E`) [token]
2021-11-21T23:53:18,851|[TRACE] graph - <------- nonSkippedChar
2021-11-21T23:53:18,851|[TRACE] graph - <----- statementPart
2021-11-21T23:53:18,851|[TRACE] graph - -----> statementPart
2021-11-21T23:53:18,851|[TRACE] graph - -------> nonSkippedChar
2021-11-21T23:53:18,851|[TRACE] script - #out(`R`) [token]
2021-11-21T23:53:18,851|[TRACE] graph - <------- nonSkippedChar
2021-11-21T23:53:18,851|[TRACE] graph - <----- statementPart
2021-11-21T23:53:18,851|[TRACE] graph - -----> statementPart
2021-11-21T23:53:18,851|[TRACE] graph - -------> nonSkippedChar
2021-11-21T23:53:18,851|[TRACE] script - #out(`E`) [token]
2021-11-21T23:53:18,851|[TRACE] graph - <------- nonSkippedChar
2021-11-21T23:53:18,851|[TRACE] graph - <----- statementPart
2021-11-21T23:53:18,851|[TRACE] graph - -----> statementPart
2021-11-21T23:53:18,851|[TRACE] graph - -------> nonSkippedChar
2021-11-21T23:53:18,851|[TRACE] script - #out(`N`) [token]
2021-11-21T23:53:18,851|[TRACE] graph - <------- nonSkippedChar
2021-11-21T23:53:18,851|[TRACE] graph - <----- statementPart
2021-11-21T23:53:18,851|[TRACE] graph - -----> statementPart
2021-11-21T23:53:18,851|[TRACE] graph - -------> nonSkippedChar
2021-11-21T23:53:18,851|[TRACE] script - #out(`C`) [token]
2021-11-21T23:53:18,851|[TRACE] graph - <------- nonSkippedChar
2021-11-21T23:53:18,851|[TRACE] graph - <----- statementPart
2021-11-21T23:53:18,851|[TRACE] graph - -----> statementPart
2021-11-21T23:53:18,851|[TRACE] graph - -------> nonSkippedChar
2021-11-21T23:53:18,851|[TRACE] script - #out(`E`) [token]
2021-11-21T23:53:18,851|[TRACE] graph - <------- nonSkippedChar
2021-11-21T23:53:18,851|[TRACE] graph - <----- statementPart
2021-11-21T23:53:18,851|[TRACE] graph - -----> statementPart
2021-11-21T23:53:18,851|[TRACE] graph - -------> nonSkippedChar
2021-11-21T23:53:18,851|[TRACE] script - #out(`S`) [token]
2021-11-21T23:53:18,851|[TRACE] graph - <------- nonSkippedChar
2021-11-21T23:53:18,851|[TRACE] graph - <----- statementPart
2021-11-21T23:53:18,851|[TRACE] graph - -----> statementPart
2021-11-21T23:53:18,851|[TRACE] graph - -------> nonSkippedSpace
2021-11-21T23:53:18,851|[TRACE] script - #out(` `) [token]
2021-11-21T23:53:18,851|[TRACE] graph - <------- nonSkippedSpace
2021-11-21T23:53:18,851|[TRACE] graph - <----- statementPart
2021-11-21T23:53:18,851|[TRACE] graph - -----> statementPart
2021-11-21T23:53:18,851|[TRACE] graph - -------> quotedString
2021-11-21T23:53:18,851|[TRACE] script - #out(``bloodbank``) [token]
2021-11-21T23:53:18,851|[TRACE] graph - <------- quotedString
2021-11-21T23:53:18,851|[TRACE] graph - <----- statementPart
2021-11-21T23:53:18,851|[TRACE] graph - -----> statementPart
2021-11-21T23:53:18,851|[TRACE] graph - -------> nonSkippedChar
2021-11-21T23:53:18,851|[TRACE] script - #out(`.`) [token]
2021-11-21T23:53:18,851|[TRACE] graph - <------- nonSkippedChar
2021-11-21T23:53:18,851|[TRACE] graph - <----- statementPart
2021-11-21T23:53:18,851|[TRACE] graph - -----> statementPart
2021-11-21T23:53:18,851|[TRACE] graph - -------> quotedString
2021-11-21T23:53:18,851|[TRACE] script - #out(``person``) [token]
2021-11-21T23:53:18,851|[TRACE] graph - <------- quotedString
2021-11-21T23:53:18,851|[TRACE] graph - <----- statementPart
2021-11-21T23:53:18,851|[TRACE] graph - -----> statementPart
2021-11-21T23:53:18,851|[TRACE] graph - -------> nonSkippedSpace
2021-11-21T23:53:18,851|[TRACE] script - #out(` `) [token]
2021-11-21T23:53:18,851|[TRACE] graph - <------- nonSkippedSpace
2021-11-21T23:53:18,851|[TRACE] graph - <----- statementPart
2021-11-21T23:53:18,851|[TRACE] graph - -----> statementPart
2021-11-21T23:53:18,851|[TRACE] graph - -------> nonSkippedChar
2021-11-21T23:53:18,851|[TRACE] script - #out(`(`) [token]
2021-11-21T23:53:18,851|[TRACE] graph - <------- nonSkippedChar
2021-11-21T23:53:18,851|[TRACE] graph - <----- statementPart
2021-11-21T23:53:18,851|[TRACE] graph - -----> statementPart
2021-11-21T23:53:18,851|[TRACE] graph - -------> quotedString
2021-11-21T23:53:18,851|[TRACE] script - #out(``id``) [token]
2021-11-21T23:53:18,851|[TRACE] graph - <------- quotedString
2021-11-21T23:53:18,851|[TRACE] graph - <----- statementPart
2021-11-21T23:53:18,851|[TRACE] graph - -----> statementPart
2021-11-21T23:53:18,851|[TRACE] graph - -------> nonSkippedChar
2021-11-21T23:53:18,851|[TRACE] script - #out(`)`) [token]
2021-11-21T23:53:18,851|[TRACE] graph - <------- nonSkippedChar
2021-11-21T23:53:18,851|[TRACE] graph - <----- statementPart
2021-11-21T23:53:18,851|[TRACE] graph - -----> afterStatementPartNewline
2021-11-21T23:53:18,851|[TRACE] script - #out(` `) [text]
2021-11-21T23:53:18,851|[TRACE] graph - <----- afterStatementPartNewline
2021-11-21T23:53:18,851|[TRACE] graph - -----> statementPart
2021-11-21T23:53:18,851|[TRACE] graph - -------> nonSkippedSpace
2021-11-21T23:53:18,851|[TRACE] script - #out(` `) [token]
2021-11-21T23:53:18,851|[TRACE] graph - <------- nonSkippedSpace
2021-11-21T23:53:18,851|[TRACE] graph - <----- statementPart
2021-11-21T23:53:18,851|[TRACE] graph - -----> statementPart
2021-11-21T23:53:18,851|[TRACE] graph - -------> nonSkippedSpace
2021-11-21T23:53:18,851|[TRACE] script - #out(` `) [token]
2021-11-21T23:53:18,851|[TRACE] graph - <------- nonSkippedSpace
2021-11-21T23:53:18,851|[TRACE] graph - <----- statementPart
2021-11-21T23:53:18,851|[TRACE] graph - -----> statementPart
2021-11-21T23:53:18,851|[TRACE] graph - -------> nonSkippedSpace
2021-11-21T23:53:18,851|[TRACE] script - #out(` `) [token]
2021-11-21T23:53:18,851|[TRACE] graph - <------- nonSkippedSpace
2021-11-21T23:53:18,851|[TRACE] graph - <----- statementPart
2021-11-21T23:53:18,851|[TRACE] graph - -----> statementPart
2021-11-21T23:53:18,851|[TRACE] graph - -------> nonSkippedSpace
2021-11-21T23:53:18,851|[TRACE] script - #out(` `) [token]
2021-11-21T23:53:18,851|[TRACE] graph - <------- nonSkippedSpace
2021-11-21T23:53:18,851|[TRACE] graph - <----- statementPart
2021-11-21T23:53:18,851|[TRACE] graph - -----> statementPart
2021-11-21T23:53:18,851|[TRACE] graph - -------> nonSkippedChar
2021-11-21T23:53:18,851|[TRACE] script - #out(`O`) [token]
2021-11-21T23:53:18,851|[TRACE] graph - <------- nonSkippedChar
2021-11-21T23:53:18,851|[TRACE] graph - <----- statementPart
2021-11-21T23:53:18,851|[TRACE] graph - -----> statementPart
2021-11-21T23:53:18,851|[TRACE] graph - -------> nonSkippedChar
2021-11-21T23:53:18,851|[TRACE] script - #out(`N`) [token]
2021-11-21T23:53:18,851|[TRACE] graph - <------- nonSkippedChar
2021-11-21T23:53:18,851|[TRACE] graph - <----- statementPart
2021-11-21T23:53:18,851|[TRACE] graph - -----> statementPart
2021-11-21T23:53:18,851|[TRACE] graph - -------> nonSkippedSpace
2021-11-21T23:53:18,851|[TRACE] script - #out(` `) [token]
2021-11-21T23:53:18,851|[TRACE] graph - <------- nonSkippedSpace
2021-11-21T23:53:18,851|[TRACE] graph - <----- statementPart
2021-11-21T23:53:18,851|[TRACE] graph - -----> statementPart
2021-11-21T23:53:18,851|[TRACE] graph - -------> nonSkippedChar
2021-11-21T23:53:18,851|[TRACE] script - #out(`D`) [token]
2021-11-21T23:53:18,851|[TRACE] graph - <------- nonSkippedChar
2021-11-21T23:53:18,851|[TRACE] graph - <----- statementPart
2021-11-21T23:53:18,851|[TRACE] graph - -----> statementPart
2021-11-21T23:53:18,851|[TRACE] graph - -------> nonSkippedChar
2021-11-21T23:53:18,851|[TRACE] script - #out(`E`) [token]
2021-11-21T23:53:18,851|[TRACE] graph - <------- nonSkippedChar
2021-11-21T23:53:18,851|[TRACE] graph - <----- statementPart
2021-11-21T23:53:18,851|[TRACE] graph - -----> statementPart
2021-11-21T23:53:18,851|[TRACE] graph - -------> nonSkippedChar
2021-11-21T23:53:18,851|[TRACE] script - #out(`L`) [token]
2021-11-21T23:53:18,851|[TRACE] graph - <------- nonSkippedChar
2021-11-21T23:53:18,851|[TRACE] graph - <----- statementPart
2021-11-21T23:53:18,851|[TRACE] graph - -----> statementPart
2021-11-21T23:53:18,851|[TRACE] graph - -------> nonSkippedChar
2021-11-21T23:53:18,851|[TRACE] script - #out(`E`) [token]
2021-11-21T23:53:18,851|[TRACE] graph - <------- nonSkippedChar
2021-11-21T23:53:18,851|[TRACE] graph - <----- statementPart
2021-11-21T23:53:18,851|[TRACE] graph - -----> statementPart
2021-11-21T23:53:18,851|[TRACE] graph - -------> nonSkippedChar
2021-11-21T23:53:18,851|[TRACE] script - #out(`T`) [token]
2021-11-21T23:53:18,851|[TRACE] graph - <------- nonSkippedChar
2021-11-21T23:53:18,851|[TRACE] graph - <----- statementPart
2021-11-21T23:53:18,851|[TRACE] graph - -----> statementPart
2021-11-21T23:53:18,851|[TRACE] graph - -------> nonSkippedChar
2021-11-21T23:53:18,851|[TRACE] script - #out(`E`) [token]
2021-11-21T23:53:18,851|[TRACE] graph - <------- nonSkippedChar
2021-11-21T23:53:18,851|[TRACE] graph - <----- statementPart
2021-11-21T23:53:18,851|[TRACE] graph - -----> statementPart
2021-11-21T23:53:18,851|[TRACE] graph - -------> nonSkippedSpace
2021-11-21T23:53:18,851|[TRACE] script - #out(` `) [token]
2021-11-21T23:53:18,851|[TRACE] graph - <------- nonSkippedSpace
2021-11-21T23:53:18,851|[TRACE] graph - <----- statementPart
2021-11-21T23:53:18,851|[TRACE] graph - -----> statementPart
2021-11-21T23:53:18,851|[TRACE] graph - -------> nonSkippedChar
2021-11-21T23:53:18,851|[TRACE] script - #out(`N`) [token]
2021-11-21T23:53:18,851|[TRACE] graph - <------- nonSkippedChar
2021-11-21T23:53:18,851|[TRACE] graph - <----- statementPart
2021-11-21T23:53:18,851|[TRACE] graph - -----> statementPart
2021-11-21T23:53:18,851|[TRACE] graph - -------> nonSkippedChar
2021-11-21T23:53:18,851|[TRACE] script - #out(`O`) [token]
2021-11-21T23:53:18,851|[TRACE] graph - <------- nonSkippedChar
2021-11-21T23:53:18,851|[TRACE] graph - <----- statementPart
2021-11-21T23:53:18,851|[TRACE] graph - -----> statementPart
2021-11-21T23:53:18,851|[TRACE] graph - -------> nonSkippedSpace
2021-11-21T23:53:18,851|[TRACE] script - #out(` `) [token]
2021-11-21T23:53:18,851|[TRACE] graph - <------- nonSkippedSpace
2021-11-21T23:53:18,851|[TRACE] graph - <----- statementPart
2021-11-21T23:53:18,851|[TRACE] graph - -----> statementPart
2021-11-21T23:53:18,851|[TRACE] graph - -------> nonSkippedChar
2021-11-21T23:53:18,851|[TRACE] script - #out(`A`) [token]
2021-11-21T23:53:18,851|[TRACE] graph - <------- nonSkippedChar
2021-11-21T23:53:18,851|[TRACE] graph - <----- statementPart
2021-11-21T23:53:18,851|[TRACE] graph - -----> statementPart
2021-11-21T23:53:18,851|[TRACE] graph - -------> nonSkippedChar
2021-11-21T23:53:18,851|[TRACE] script - #out(`C`) [token]
2021-11-21T23:53:18,851|[TRACE] graph - <------- nonSkippedChar
2021-11-21T23:53:18,851|[TRACE] graph - <----- statementPart
2021-11-21T23:53:18,851|[TRACE] graph - -----> statementPart
2021-11-21T23:53:18,851|[TRACE] graph - -------> nonSkippedChar
2021-11-21T23:53:18,851|[TRACE] script - #out(`T`) [token]
2021-11-21T23:53:18,851|[TRACE] graph - <------- nonSkippedChar
2021-11-21T23:53:18,851|[TRACE] graph - <----- statementPart
2021-11-21T23:53:18,851|[TRACE] graph - -----> statementPart
2021-11-21T23:53:18,851|[TRACE] graph - -------> nonSkippedChar
2021-11-21T23:53:18,851|[TRACE] script - #out(`I`) [token]
2021-11-21T23:53:18,851|[TRACE] graph - <------- nonSkippedChar
2021-11-21T23:53:18,851|[TRACE] graph - <----- statementPart
2021-11-21T23:53:18,851|[TRACE] graph - -----> statementPart
2021-11-21T23:53:18,851|[TRACE] graph - -------> nonSkippedChar
2021-11-21T23:53:18,851|[TRACE] script - #out(`O`) [token]
2021-11-21T23:53:18,851|[TRACE] graph - <------- nonSkippedChar
2021-11-21T23:53:18,851|[TRACE] graph - <----- statementPart
2021-11-21T23:53:18,851|[TRACE] graph - -----> statementPart
2021-11-21T23:53:18,851|[TRACE] graph - -------> nonSkippedChar
2021-11-21T23:53:18,851|[TRACE] script - #out(`N`) [token]
2021-11-21T23:53:18,851|[TRACE] graph - <------- nonSkippedChar
2021-11-21T23:53:18,851|[TRACE] graph - <----- statementPart
2021-11-21T23:53:18,851|[TRACE] graph - -----> afterStatementPartNewline
2021-11-21T23:53:18,851|[TRACE] script - #out(` `) [text]
2021-11-21T23:53:18,851|[TRACE] graph - <----- afterStatementPartNewline
2021-11-21T23:53:18,851|[TRACE] graph - -----> statementPart
2021-11-21T23:53:18,851|[TRACE] graph - -------> nonSkippedSpace
2021-11-21T23:53:18,851|[TRACE] script - #out(` `) [token]
2021-11-21T23:53:18,851|[TRACE] graph - <------- nonSkippedSpace
2021-11-21T23:53:18,851|[TRACE] graph - <----- statementPart
2021-11-21T23:53:18,851|[TRACE] graph - -----> statementPart
2021-11-21T23:53:18,851|[TRACE] graph - -------> nonSkippedSpace
2021-11-21T23:53:18,851|[TRACE] script - #out(` `) [token]
2021-11-21T23:53:18,851|[TRACE] graph - <------- nonSkippedSpace
2021-11-21T23:53:18,851|[TRACE] graph - <----- statementPart
2021-11-21T23:53:18,851|[TRACE] graph - -----> statementPart
2021-11-21T23:53:18,851|[TRACE] graph - -------> nonSkippedSpace
2021-11-21T23:53:18,851|[TRACE] script - #out(` `) [token]
2021-11-21T23:53:18,851|[TRACE] graph - <------- nonSkippedSpace
2021-11-21T23:53:18,851|[TRACE] graph - <----- statementPart
2021-11-21T23:53:18,851|[TRACE] graph - -----> statementPart
2021-11-21T23:53:18,851|[TRACE] graph - -------> nonSkippedSpace
2021-11-21T23:53:18,851|[TRACE] script - #out(` `) [token]
2021-11-21T23:53:18,851|[TRACE] graph - <------- nonSkippedSpace
2021-11-21T23:53:18,851|[TRACE] graph - <----- statementPart
2021-11-21T23:53:18,851|[TRACE] graph - -----> statementPart
2021-11-21T23:53:18,851|[TRACE] graph - -------> nonSkippedChar
2021-11-21T23:53:18,851|[TRACE] script - #out(`O`) [token]
2021-11-21T23:53:18,851|[TRACE] graph - <------- nonSkippedChar
2021-11-21T23:53:18,851|[TRACE] graph - <----- statementPart
2021-11-21T23:53:18,851|[TRACE] graph - -----> statementPart
2021-11-21T23:53:18,851|[TRACE] graph - -------> nonSkippedChar
2021-11-21T23:53:18,851|[TRACE] script - #out(`N`) [token]
2021-11-21T23:53:18,851|[TRACE] graph - <------- nonSkippedChar
2021-11-21T23:53:18,851|[TRACE] graph - <----- statementPart
2021-11-21T23:53:18,851|[TRACE] graph - -----> statementPart
2021-11-21T23:53:18,851|[TRACE] graph - -------> nonSkippedSpace
2021-11-21T23:53:18,851|[TRACE] script - #out(` `) [token]
2021-11-21T23:53:18,851|[TRACE] graph - <------- nonSkippedSpace
2021-11-21T23:53:18,851|[TRACE] graph - <----- statementPart
2021-11-21T23:53:18,851|[TRACE] graph - -----> statementPart
2021-11-21T23:53:18,851|[TRACE] graph - -------> nonSkippedChar
2021-11-21T23:53:18,851|[TRACE] script - #out(`U`) [token]
2021-11-21T23:53:18,851|[TRACE] graph - <------- nonSkippedChar
2021-11-21T23:53:18,851|[TRACE] graph - <----- statementPart
2021-11-21T23:53:18,851|[TRACE] graph - -----> statementPart
2021-11-21T23:53:18,851|[TRACE] graph - -------> nonSkippedChar
2021-11-21T23:53:18,851|[TRACE] script - #out(`P`) [token]
2021-11-21T23:53:18,851|[TRACE] graph - <------- nonSkippedChar
2021-11-21T23:53:18,851|[TRACE] graph - <----- statementPart
2021-11-21T23:53:18,851|[TRACE] graph - -----> statementPart
2021-11-21T23:53:18,851|[TRACE] graph - -------> nonSkippedChar
2021-11-21T23:53:18,851|[TRACE] script - #out(`D`) [token]
2021-11-21T23:53:18,851|[TRACE] graph - <------- nonSkippedChar
2021-11-21T23:53:18,851|[TRACE] graph - <----- statementPart
2021-11-21T23:53:18,851|[TRACE] graph - -----> statementPart
2021-11-21T23:53:18,851|[TRACE] graph - -------> nonSkippedChar
2021-11-21T23:53:18,851|[TRACE] script - #out(`A`) [token]
2021-11-21T23:53:18,851|[TRACE] graph - <------- nonSkippedChar
2021-11-21T23:53:18,851|[TRACE] graph - <----- statementPart
2021-11-21T23:53:18,851|[TRACE] graph - -----> statementPart
2021-11-21T23:53:18,851|[TRACE] graph - -------> nonSkippedChar
2021-11-21T23:53:18,851|[TRACE] script - #out(`T`) [token]
2021-11-21T23:53:18,851|[TRACE] graph - <------- nonSkippedChar
2021-11-21T23:53:18,851|[TRACE] graph - <----- statementPart
2021-11-21T23:53:18,851|[TRACE] graph - -----> statementPart
2021-11-21T23:53:18,852|[TRACE] graph - -------> nonSkippedChar
2021-11-21T23:53:18,852|[TRACE] script - #out(`E`) [token]
2021-11-21T23:53:18,852|[TRACE] graph - <------- nonSkippedChar
2021-11-21T23:53:18,852|[TRACE] graph - <----- statementPart
2021-11-21T23:53:18,852|[TRACE] graph - -----> statementPart
2021-11-21T23:53:18,852|[TRACE] graph - -------> nonSkippedSpace
2021-11-21T23:53:18,852|[TRACE] script - #out(` `) [token]
2021-11-21T23:53:18,852|[TRACE] graph - <------- nonSkippedSpace
2021-11-21T23:53:18,852|[TRACE] graph - <----- statementPart
2021-11-21T23:53:18,852|[TRACE] graph - -----> statementPart
2021-11-21T23:53:18,852|[TRACE] graph - -------> nonSkippedChar
2021-11-21T23:53:18,852|[TRACE] script - #out(`N`) [token]
2021-11-21T23:53:18,852|[TRACE] graph - <------- nonSkippedChar
2021-11-21T23:53:18,852|[TRACE] graph - <----- statementPart
2021-11-21T23:53:18,852|[TRACE] graph - -----> statementPart
2021-11-21T23:53:18,852|[TRACE] graph - -------> nonSkippedChar
2021-11-21T23:53:18,852|[TRACE] script - #out(`O`) [token]
2021-11-21T23:53:18,852|[TRACE] graph - <------- nonSkippedChar
2021-11-21T23:53:18,852|[TRACE] graph - <----- statementPart
2021-11-21T23:53:18,852|[TRACE] graph - -----> statementPart
2021-11-21T23:53:18,852|[TRACE] graph - -------> nonSkippedSpace
2021-11-21T23:53:18,852|[TRACE] script - #out(` `) [token]
2021-11-21T23:53:18,852|[TRACE] graph - <------- nonSkippedSpace
2021-11-21T23:53:18,852|[TRACE] graph - <----- statementPart
2021-11-21T23:53:18,852|[TRACE] graph - -----> statementPart
2021-11-21T23:53:18,852|[TRACE] graph - -------> nonSkippedChar
2021-11-21T23:53:18,852|[TRACE] script - #out(`A`) [token]
2021-11-21T23:53:18,852|[TRACE] graph - <------- nonSkippedChar
2021-11-21T23:53:18,852|[TRACE] graph - <----- statementPart
2021-11-21T23:53:18,852|[TRACE] graph - -----> statementPart
2021-11-21T23:53:18,852|[TRACE] graph - -------> nonSkippedChar
2021-11-21T23:53:18,852|[TRACE] script - #out(`C`) [token]
2021-11-21T23:53:18,852|[TRACE] graph - <------- nonSkippedChar
2021-11-21T23:53:18,852|[TRACE] graph - <----- statementPart
2021-11-21T23:53:18,852|[TRACE] graph - -----> statementPart
2021-11-21T23:53:18,852|[TRACE] graph - -------> nonSkippedChar
2021-11-21T23:53:18,852|[TRACE] script - #out(`T`) [token]
2021-11-21T23:53:18,852|[TRACE] graph - <------- nonSkippedChar
2021-11-21T23:53:18,852|[TRACE] graph - <----- statementPart
2021-11-21T23:53:18,852|[TRACE] graph - -----> statementPart
2021-11-21T23:53:18,852|[TRACE] graph - -------> nonSkippedChar
2021-11-21T23:53:18,852|[TRACE] script - #out(`I`) [token]
2021-11-21T23:53:18,852|[TRACE] graph - <------- nonSkippedChar
2021-11-21T23:53:18,852|[TRACE] graph - <----- statementPart
2021-11-21T23:53:18,852|[TRACE] graph - -----> statementPart
2021-11-21T23:53:18,852|[TRACE] graph - -------> nonSkippedChar
2021-11-21T23:53:18,852|[TRACE] script - #out(`O`) [token]
2021-11-21T23:53:18,852|[TRACE] graph - <------- nonSkippedChar
2021-11-21T23:53:18,852|[TRACE] graph - <----- statementPart
2021-11-21T23:53:18,852|[TRACE] graph - -----> statementPart
2021-11-21T23:53:18,852|[TRACE] graph - -------> nonSkippedChar
2021-11-21T23:53:18,852|[TRACE] script - #out(`N`) [token]
2021-11-21T23:53:18,852|[TRACE] graph - <------- nonSkippedChar
2021-11-21T23:53:18,852|[TRACE] graph - <----- statementPart
2021-11-21T23:53:18,852|[TRACE] graph - -----> statementPart
2021-11-21T23:53:18,852|[TRACE] graph - -------> nonSkippedChar
2021-11-21T23:53:18,852|[TRACE] script - #out(`)`) [token]
2021-11-21T23:53:18,852|[TRACE] graph - <------- nonSkippedChar
2021-11-21T23:53:18,852|[TRACE] graph - <----- statementPart
2021-11-21T23:53:18,852|[TRACE] graph - -----> afterStatementPartNewline
2021-11-21T23:53:18,852|[TRACE] script - #out(` `) [text]
2021-11-21T23:53:18,852|[TRACE] graph - <----- afterStatementPartNewline
2021-11-21T23:53:18,852|[TRACE] graph - -----> statementPart
2021-11-21T23:53:18,852|[TRACE] graph - -------> nonSkippedChar
2021-11-21T23:53:18,852|[TRACE] script - #out(`E`) [token]
2021-11-21T23:53:18,852|[TRACE] graph - <------- nonSkippedChar
2021-11-21T23:53:18,852|[TRACE] graph - <----- statementPart
2021-11-21T23:53:18,852|[TRACE] graph - -----> statementPart
2021-11-21T23:53:18,852|[TRACE] graph - -------> nonSkippedChar
2021-11-21T23:53:18,852|[TRACE] script - #out(`N`) [token]
2021-11-21T23:53:18,852|[TRACE] graph - <------- nonSkippedChar
2021-11-21T23:53:18,852|[TRACE] graph - <----- statementPart
2021-11-21T23:53:18,852|[TRACE] graph - -----> statementPart
2021-11-21T23:53:18,852|[TRACE] graph - -------> nonSkippedChar
2021-11-21T23:53:18,852|[TRACE] script - #out(`G`) [token]
2021-11-21T23:53:18,852|[TRACE] graph - <------- nonSkippedChar
2021-11-21T23:53:18,852|[TRACE] graph - <----- statementPart
2021-11-21T23:53:18,852|[TRACE] graph - -----> statementPart
2021-11-21T23:53:18,852|[TRACE] graph - -------> nonSkippedChar
2021-11-21T23:53:18,852|[TRACE] script - #out(`I`) [token]
2021-11-21T23:53:18,852|[TRACE] graph - <------- nonSkippedChar
2021-11-21T23:53:18,852|[TRACE] graph - <----- statementPart
2021-11-21T23:53:18,852|[TRACE] graph - -----> statementPart
2021-11-21T23:53:18,852|[TRACE] graph - -------> nonSkippedChar
2021-11-21T23:53:18,852|[TRACE] script - #out(`N`) [token]
2021-11-21T23:53:18,852|[TRACE] graph - <------- nonSkippedChar
2021-11-21T23:53:18,852|[TRACE] graph - <----- statementPart
2021-11-21T23:53:18,852|[TRACE] graph - -----> statementPart
2021-11-21T23:53:18,852|[TRACE] graph - -------> nonSkippedChar
2021-11-21T23:53:18,852|[TRACE] script - #out(`E`) [token]
2021-11-21T23:53:18,852|[TRACE] graph - <------- nonSkippedChar
2021-11-21T23:53:18,852|[TRACE] graph - <----- statementPart
2021-11-21T23:53:18,852|[TRACE] graph - -----> statementPart
2021-11-21T23:53:18,852|[TRACE] graph - -------> nonSkippedSpace
2021-11-21T23:53:18,852|[TRACE] script - #out(` `) [token]
2021-11-21T23:53:18,852|[TRACE] graph - <------- nonSkippedSpace
2021-11-21T23:53:18,852|[TRACE] graph - <----- statementPart
2021-11-21T23:53:18,852|[TRACE] graph - -----> statementPart
2021-11-21T23:53:18,852|[TRACE] graph - -------> nonSkippedChar
2021-11-21T23:53:18,852|[TRACE] script - #out(`=`) [token]
2021-11-21T23:53:18,852|[TRACE] graph - <------- nonSkippedChar
2021-11-21T23:53:18,852|[TRACE] graph - <----- statementPart
2021-11-21T23:53:18,852|[TRACE] graph - -----> statementPart
2021-11-21T23:53:18,852|[TRACE] graph - -------> nonSkippedSpace
2021-11-21T23:53:18,852|[TRACE] script - #out(` `) [token]
2021-11-21T23:53:18,852|[TRACE] graph - <------- nonSkippedSpace
2021-11-21T23:53:18,852|[TRACE] graph - <----- statementPart
2021-11-21T23:53:18,852|[TRACE] graph - -----> statementPart
2021-11-21T23:53:18,852|[TRACE] graph - -------> nonSkippedChar
2021-11-21T23:53:18,852|[TRACE] script - #out(`I`) [token]
2021-11-21T23:53:18,852|[TRACE] graph - <------- nonSkippedChar
2021-11-21T23:53:18,852|[TRACE] graph - <----- statementPart
2021-11-21T23:53:18,852|[TRACE] graph - -----> statementPart
2021-11-21T23:53:18,852|[TRACE] graph - -------> nonSkippedChar
2021-11-21T23:53:18,852|[TRACE] script - #out(`n`) [token]
2021-11-21T23:53:18,852|[TRACE] graph - <------- nonSkippedChar
2021-11-21T23:53:18,852|[TRACE] graph - <----- statementPart
2021-11-21T23:53:18,852|[TRACE] graph - -----> statementPart
2021-11-21T23:53:18,852|[TRACE] graph - -------> nonSkippedChar
2021-11-21T23:53:18,852|[TRACE] script - #out(`n`) [token]
2021-11-21T23:53:18,852|[TRACE] graph - <------- nonSkippedChar
2021-11-21T23:53:18,852|[TRACE] graph - <----- statementPart
2021-11-21T23:53:18,852|[TRACE] graph - -----> statementPart
2021-11-21T23:53:18,852|[TRACE] graph - -------> nonSkippedChar
2021-11-21T23:53:18,852|[TRACE] script - #out(`o`) [token]
2021-11-21T23:53:18,852|[TRACE] graph - <------- nonSkippedChar
2021-11-21T23:53:18,852|[TRACE] graph - <----- statementPart
2021-11-21T23:53:18,852|[TRACE] graph - -----> statementPart
2021-11-21T23:53:18,852|[TRACE] graph - -------> nonSkippedChar
2021-11-21T23:53:18,852|[TRACE] script - #out(`D`) [token]
2021-11-21T23:53:18,852|[TRACE] graph - <------- nonSkippedChar
2021-11-21T23:53:18,852|[TRACE] graph - <----- statementPart
2021-11-21T23:53:18,852|[TRACE] graph - -----> statementPart
2021-11-21T23:53:18,852|[TRACE] graph - -------> nonSkippedChar
2021-11-21T23:53:18,852|[TRACE] script - #out(`B`) [token]
2021-11-21T23:53:18,852|[TRACE] graph - <------- nonSkippedChar
2021-11-21T23:53:18,852|[TRACE] graph - <----- statementPart
2021-11-21T23:53:18,852|[DEBUG] graph - Import statement : CREATE TABLE IF NOT EXISTS `bloodbank`.`contact` (   `person_id` INT NOT NULL,   `phone_id` INT NOT NULL,   `contact_type` VARCHAR(10) NOT NULL,   `email` VARCHAR(100) NULL,   `address_id` INT NULL,   `created` BIGINT NOT NULL DEFAULT (unix_timestamp(now()) * 1000),   `updated` BIGINT NOT NULL DEFAULT (unix_timestamp(now()) * 1000),   `version` INT NOT NULL DEFAULT 1,   PRIMARY KEY (`person_id`, `phone_id`),   INDEX `fk_contact_phone1_idx` (`phone_id` ASC) VISIBLE,   INDEX `fk_contact_person1_idx` (`person_id` ASC) VISIBLE,   CONSTRAINT `fk_contact_address1`     FOREIGN KEY (`address_id`)     REFERENCES `bloodbank`.`address` (`address_id`)     ON DELETE NO ACTION     ON UPDATE NO ACTION,   CONSTRAINT `fk_contact_phone1`     FOREIGN KEY (`phone_id`)     REFERENCES `bloodbank`.`phone` (`phone_id`)     ON DELETE NO ACTION     ON UPDATE NO ACTION,   CONSTRAINT `fk_contact_person1`     FOREIGN KEY (`person_id`)     REFERENCES `bloodbank`.`person` (`id`)     ON DELETE NO ACTION     ON UPDATE NO ACTION) ENGINE = InnoDB
2021-11-21T23:53:18,894|[TRACE] graph - <--- statement
2021-11-21T23:53:18,894|[TRACE] graph - ---> blankSpacesToSkip
2021-11-21T23:53:18,894|[TRACE] graph - -----> newLineToSkip
2021-11-21T23:53:18,894|[TRACE] graph - <----- newLineToSkip
2021-11-21T23:53:18,894|[TRACE] graph - -----> newLineToSkip
2021-11-21T23:53:18,894|[TRACE] graph - <----- newLineToSkip
2021-11-21T23:53:18,894|[TRACE] graph - -----> newLineToSkip
2021-11-21T23:53:18,894|[TRACE] graph - <----- newLineToSkip
2021-11-21T23:53:18,894|[TRACE] graph - <--- blankSpacesToSkip
2021-11-21T23:53:18,894|[TRACE] graph - ---> statement
2021-11-21T23:53:18,894|[TRACE] graph - -----> statementFirstPart
2021-11-21T23:53:18,894|[TRACE] graph - -------> nonSkippedChar
2021-11-21T23:53:18,894|[TRACE] script - #out(`S`) [token]
2021-11-21T23:53:18,894|[TRACE] graph - <------- nonSkippedChar
2021-11-21T23:53:18,894|[TRACE] graph - <----- statementFirstPart
2021-11-21T23:53:18,894|[TRACE] graph - -----> statementPart
2021-11-21T23:53:18,894|[TRACE] graph - -------> nonSkippedChar
2021-11-21T23:53:18,894|[TRACE] script - #out(`E`) [token]
2021-11-21T23:53:18,894|[TRACE] graph - <------- nonSkippedChar
2021-11-21T23:53:18,894|[TRACE] graph - <----- statementPart
2021-11-21T23:53:18,894|[TRACE] graph - -----> statementPart
2021-11-21T23:53:18,894|[TRACE] graph - -------> nonSkippedChar
2021-11-21T23:53:18,894|[TRACE] script - #out(`T`) [token]
2021-11-21T23:53:18,894|[TRACE] graph - <------- nonSkippedChar
2021-11-21T23:53:18,894|[TRACE] graph - <----- statementPart
2021-11-21T23:53:18,894|[TRACE] graph - -----> statementPart
2021-11-21T23:53:18,894|[TRACE] graph - -------> nonSkippedSpace
2021-11-21T23:53:18,894|[TRACE] script - #out(` `) [token]
2021-11-21T23:53:18,894|[TRACE] graph - <------- nonSkippedSpace
2021-11-21T23:53:18,894|[TRACE] graph - <----- statementPart
2021-11-21T23:53:18,894|[TRACE] graph - -----> statementPart
2021-11-21T23:53:18,894|[TRACE] graph - -------> nonSkippedChar
2021-11-21T23:53:18,894|[TRACE] script - #out(`S`) [token]
2021-11-21T23:53:18,894|[TRACE] graph - <------- nonSkippedChar
2021-11-21T23:53:18,894|[TRACE] graph - <----- statementPart
2021-11-21T23:53:18,894|[TRACE] graph - -----> statementPart
2021-11-21T23:53:18,894|[TRACE] graph - -------> nonSkippedChar
2021-11-21T23:53:18,894|[TRACE] script - #out(`Q`) [token]
2021-11-21T23:53:18,894|[TRACE] graph - <------- nonSkippedChar
2021-11-21T23:53:18,894|[TRACE] graph - <----- statementPart
2021-11-21T23:53:18,894|[TRACE] graph - -----> statementPart
2021-11-21T23:53:18,894|[TRACE] graph - -------> nonSkippedChar
2021-11-21T23:53:18,894|[TRACE] script - #out(`L`) [token]
2021-11-21T23:53:18,894|[TRACE] graph - <------- nonSkippedChar
2021-11-21T23:53:18,894|[TRACE] graph - <----- statementPart
2021-11-21T23:53:18,894|[TRACE] graph - -----> statementPart
2021-11-21T23:53:18,894|[TRACE] graph - -------> nonSkippedChar
2021-11-21T23:53:18,894|[TRACE] script - #out(`_`) [token]
2021-11-21T23:53:18,894|[TRACE] graph - <------- nonSkippedChar
2021-11-21T23:53:18,894|[TRACE] graph - <----- statementPart
2021-11-21T23:53:18,894|[TRACE] graph - -----> statementPart
2021-11-21T23:53:18,894|[TRACE] graph - -------> nonSkippedChar
2021-11-21T23:53:18,894|[TRACE] script - #out(`M`) [token]
2021-11-21T23:53:18,894|[TRACE] graph - <------- nonSkippedChar
2021-11-21T23:53:18,894|[TRACE] graph - <----- statementPart
2021-11-21T23:53:18,894|[TRACE] graph - -----> statementPart
2021-11-21T23:53:18,894|[TRACE] graph - -------> nonSkippedChar
2021-11-21T23:53:18,894|[TRACE] script - #out(`O`) [token]
2021-11-21T23:53:18,894|[TRACE] graph - <------- nonSkippedChar
2021-11-21T23:53:18,894|[TRACE] graph - <----- statementPart
2021-11-21T23:53:18,894|[TRACE] graph - -----> statementPart
2021-11-21T23:53:18,894|[TRACE] graph - -------> nonSkippedChar
2021-11-21T23:53:18,894|[TRACE] script - #out(`D`) [token]
2021-11-21T23:53:18,894|[TRACE] graph - <------- nonSkippedChar
2021-11-21T23:53:18,894|[TRACE] graph - <----- statementPart
2021-11-21T23:53:18,894|[TRACE] graph - -----> statementPart
2021-11-21T23:53:18,894|[TRACE] graph - -------> nonSkippedChar
2021-11-21T23:53:18,894|[TRACE] script - #out(`E`) [token]
2021-11-21T23:53:18,894|[TRACE] graph - <------- nonSkippedChar
2021-11-21T23:53:18,894|[TRACE] graph - <----- statementPart
2021-11-21T23:53:18,894|[TRACE] graph - -----> statementPart
2021-11-21T23:53:18,894|[TRACE] graph - -------> nonSkippedChar
2021-11-21T23:53:18,894|[TRACE] script - #out(`=`) [token]
2021-11-21T23:53:18,894|[TRACE] graph - <------- nonSkippedChar
2021-11-21T23:53:18,894|[TRACE] graph - <----- statementPart
2021-11-21T23:53:18,894|[TRACE] graph - -----> statementPart
2021-11-21T23:53:18,894|[TRACE] graph - -------> nonSkippedChar
2021-11-21T23:53:18,894|[TRACE] script - #out(`@`) [token]
2021-11-21T23:53:18,894|[TRACE] graph - <------- nonSkippedChar
2021-11-21T23:53:18,894|[TRACE] graph - <----- statementPart
2021-11-21T23:53:18,894|[TRACE] graph - -----> statementPart
2021-11-21T23:53:18,894|[TRACE] graph - -------> nonSkippedChar
2021-11-21T23:53:18,894|[TRACE] script - #out(`O`) [token]
2021-11-21T23:53:18,894|[TRACE] graph - <------- nonSkippedChar
2021-11-21T23:53:18,894|[TRACE] graph - <----- statementPart
2021-11-21T23:53:18,894|[TRACE] graph - -----> statementPart
2021-11-21T23:53:18,894|[TRACE] graph - -------> nonSkippedChar
2021-11-21T23:53:18,894|[TRACE] script - #out(`L`) [token]
2021-11-21T23:53:18,894|[TRACE] graph - <------- nonSkippedChar
2021-11-21T23:53:18,894|[TRACE] graph - <----- statementPart
2021-11-21T23:53:18,894|[TRACE] graph - -----> statementPart
2021-11-21T23:53:18,894|[TRACE] graph - -------> nonSkippedChar
2021-11-21T23:53:18,894|[TRACE] script - #out(`D`) [token]
2021-11-21T23:53:18,894|[TRACE] graph - <------- nonSkippedChar
2021-11-21T23:53:18,894|[TRACE] graph - <----- statementPart
2021-11-21T23:53:18,894|[TRACE] graph - -----> statementPart
2021-11-21T23:53:18,894|[TRACE] graph - -------> nonSkippedChar
2021-11-21T23:53:18,894|[TRACE] script - #out(`_`) [token]
2021-11-21T23:53:18,894|[TRACE] graph - <------- nonSkippedChar
2021-11-21T23:53:18,894|[TRACE] graph - <----- statementPart
2021-11-21T23:53:18,894|[TRACE] graph - -----> statementPart
2021-11-21T23:53:18,894|[TRACE] graph - -------> nonSkippedChar
2021-11-21T23:53:18,894|[TRACE] script - #out(`S`) [token]
2021-11-21T23:53:18,894|[TRACE] graph - <------- nonSkippedChar
2021-11-21T23:53:18,894|[TRACE] graph - <----- statementPart
2021-11-21T23:53:18,894|[TRACE] graph - -----> statementPart
2021-11-21T23:53:18,894|[TRACE] graph - -------> nonSkippedChar
2021-11-21T23:53:18,894|[TRACE] script - #out(`Q`) [token]
2021-11-21T23:53:18,894|[TRACE] graph - <------- nonSkippedChar
2021-11-21T23:53:18,894|[TRACE] graph - <----- statementPart
2021-11-21T23:53:18,894|[TRACE] graph - -----> statementPart
2021-11-21T23:53:18,894|[TRACE] graph - -------> nonSkippedChar
2021-11-21T23:53:18,894|[TRACE] script - #out(`L`) [token]
2021-11-21T23:53:18,894|[TRACE] graph - <------- nonSkippedChar
2021-11-21T23:53:18,894|[TRACE] graph - <----- statementPart
2021-11-21T23:53:18,894|[TRACE] graph - -----> statementPart
2021-11-21T23:53:18,894|[TRACE] graph - -------> nonSkippedChar
2021-11-21T23:53:18,894|[TRACE] script - #out(`_`) [token]
2021-11-21T23:53:18,894|[TRACE] graph - <------- nonSkippedChar
2021-11-21T23:53:18,894|[TRACE] graph - <----- statementPart
2021-11-21T23:53:18,894|[TRACE] graph - -----> statementPart
2021-11-21T23:53:18,894|[TRACE] graph - -------> nonSkippedChar
2021-11-21T23:53:18,894|[TRACE] script - #out(`M`) [token]
2021-11-21T23:53:18,894|[TRACE] graph - <------- nonSkippedChar
2021-11-21T23:53:18,894|[TRACE] graph - <----- statementPart
2021-11-21T23:53:18,894|[TRACE] graph - -----> statementPart
2021-11-21T23:53:18,894|[TRACE] graph - -------> nonSkippedChar
2021-11-21T23:53:18,894|[TRACE] script - #out(`O`) [token]
2021-11-21T23:53:18,894|[TRACE] graph - <------- nonSkippedChar
2021-11-21T23:53:18,894|[TRACE] graph - <----- statementPart
2021-11-21T23:53:18,894|[TRACE] graph - -----> statementPart
2021-11-21T23:53:18,894|[TRACE] graph - -------> nonSkippedChar
2021-11-21T23:53:18,894|[TRACE] script - #out(`D`) [token]
2021-11-21T23:53:18,894|[TRACE] graph - <------- nonSkippedChar
2021-11-21T23:53:18,894|[TRACE] graph - <----- statementPart
2021-11-21T23:53:18,894|[TRACE] graph - -----> statementPart
2021-11-21T23:53:18,894|[TRACE] graph - -------> nonSkippedChar
2021-11-21T23:53:18,894|[TRACE] script - #out(`E`) [token]
2021-11-21T23:53:18,894|[TRACE] graph - <------- nonSkippedChar
2021-11-21T23:53:18,894|[TRACE] graph - <----- statementPart
2021-11-21T23:53:18,894|[DEBUG] graph - Import statement : SET SQL_MODE=@OLD_SQL_MODE
2021-11-21T23:53:18,894|[TRACE] graph - <--- statement
2021-11-21T23:53:18,894|[TRACE] graph - ---> blankSpacesToSkip
2021-11-21T23:53:18,894|[TRACE] graph - -----> newLineToSkip
2021-11-21T23:53:18,894|[TRACE] graph - <----- newLineToSkip
2021-11-21T23:53:18,894|[TRACE] graph - <--- blankSpacesToSkip
2021-11-21T23:53:18,894|[TRACE] graph - ---> statement
2021-11-21T23:53:18,894|[TRACE] graph - -----> statementFirstPart
2021-11-21T23:53:18,894|[TRACE] graph - -------> nonSkippedChar
2021-11-21T23:53:18,894|[TRACE] script - #out(`S`) [token]
2021-11-21T23:53:18,894|[TRACE] graph - <------- nonSkippedChar
2021-11-21T23:53:18,894|[TRACE] graph - <----- statementFirstPart
2021-11-21T23:53:18,894|[TRACE] graph - -----> statementPart
2021-11-21T23:53:18,894|[TRACE] graph - -------> nonSkippedChar
2021-11-21T23:53:18,894|[TRACE] script - #out(`E`) [token]
2021-11-21T23:53:18,894|[TRACE] graph - <------- nonSkippedChar
2021-11-21T23:53:18,894|[TRACE] graph - <----- statementPart
2021-11-21T23:53:18,894|[TRACE] graph - -----> statementPart
2021-11-21T23:53:18,894|[TRACE] graph - -------> nonSkippedChar
2021-11-21T23:53:18,894|[TRACE] script - #out(`T`) [token]
2021-11-21T23:53:18,894|[TRACE] graph - <------- nonSkippedChar
2021-11-21T23:53:18,894|[TRACE] graph - <----- statementPart
2021-11-21T23:53:18,894|[TRACE] graph - -----> statementPart
2021-11-21T23:53:18,894|[TRACE] graph - -------> nonSkippedSpace
2021-11-21T23:53:18,894|[TRACE] script - #out(` `) [token]
2021-11-21T23:53:18,894|[TRACE] graph - <------- nonSkippedSpace
2021-11-21T23:53:18,894|[TRACE] graph - <----- statementPart
2021-11-21T23:53:18,894|[TRACE] graph - -----> statementPart
2021-11-21T23:53:18,894|[TRACE] graph - -------> nonSkippedChar
2021-11-21T23:53:18,894|[TRACE] script - #out(`F`) [token]
2021-11-21T23:53:18,894|[TRACE] graph - <------- nonSkippedChar
2021-11-21T23:53:18,894|[TRACE] graph - <----- statementPart
2021-11-21T23:53:18,894|[TRACE] graph - -----> statementPart
2021-11-21T23:53:18,894|[TRACE] graph - -------> nonSkippedChar
2021-11-21T23:53:18,894|[TRACE] script - #out(`O`) [token]
2021-11-21T23:53:18,894|[TRACE] graph - <------- nonSkippedChar
2021-11-21T23:53:18,894|[TRACE] graph - <----- statementPart
2021-11-21T23:53:18,894|[TRACE] graph - -----> statementPart
2021-11-21T23:53:18,894|[TRACE] graph - -------> nonSkippedChar
2021-11-21T23:53:18,894|[TRACE] script - #out(`R`) [token]
2021-11-21T23:53:18,894|[TRACE] graph - <------- nonSkippedChar
2021-11-21T23:53:18,894|[TRACE] graph - <----- statementPart
2021-11-21T23:53:18,894|[TRACE] graph - -----> statementPart
2021-11-21T23:53:18,894|[TRACE] graph - -------> nonSkippedChar
2021-11-21T23:53:18,894|[TRACE] script - #out(`E`) [token]
2021-11-21T23:53:18,894|[TRACE] graph - <------- nonSkippedChar
2021-11-21T23:53:18,894|[TRACE] graph - <----- statementPart
2021-11-21T23:53:18,894|[TRACE] graph - -----> statementPart
2021-11-21T23:53:18,894|[TRACE] graph - -------> nonSkippedChar
2021-11-21T23:53:18,894|[TRACE] script - #out(`I`) [token]
2021-11-21T23:53:18,894|[TRACE] graph - <------- nonSkippedChar
2021-11-21T23:53:18,894|[TRACE] graph - <----- statementPart
2021-11-21T23:53:18,894|[TRACE] graph - -----> statementPart
2021-11-21T23:53:18,894|[TRACE] graph - -------> nonSkippedChar
2021-11-21T23:53:18,894|[TRACE] script - #out(`G`) [token]
2021-11-21T23:53:18,894|[TRACE] graph - <------- nonSkippedChar
2021-11-21T23:53:18,894|[TRACE] graph - <----- statementPart
2021-11-21T23:53:18,894|[TRACE] graph - -----> statementPart
2021-11-21T23:53:18,894|[TRACE] graph - -------> nonSkippedChar
2021-11-21T23:53:18,894|[TRACE] script - #out(`N`) [token]
2021-11-21T23:53:18,894|[TRACE] graph - <------- nonSkippedChar
2021-11-21T23:53:18,894|[TRACE] graph - <----- statementPart
2021-11-21T23:53:18,894|[TRACE] graph - -----> statementPart
2021-11-21T23:53:18,894|[TRACE] graph - -------> nonSkippedChar
2021-11-21T23:53:18,894|[TRACE] script - #out(`_`) [token]
2021-11-21T23:53:18,894|[TRACE] graph - <------- nonSkippedChar
2021-11-21T23:53:18,894|[TRACE] graph - <----- statementPart
2021-11-21T23:53:18,894|[TRACE] graph - -----> statementPart
2021-11-21T23:53:18,894|[TRACE] graph - -------> nonSkippedChar
2021-11-21T23:53:18,894|[TRACE] script - #out(`K`) [token]
2021-11-21T23:53:18,894|[TRACE] graph - <------- nonSkippedChar
2021-11-21T23:53:18,894|[TRACE] graph - <----- statementPart
2021-11-21T23:53:18,894|[TRACE] graph - -----> statementPart
2021-11-21T23:53:18,894|[TRACE] graph - -------> nonSkippedChar
2021-11-21T23:53:18,894|[TRACE] script - #out(`E`) [token]
2021-11-21T23:53:18,894|[TRACE] graph - <------- nonSkippedChar
2021-11-21T23:53:18,894|[TRACE] graph - <----- statementPart
2021-11-21T23:53:18,894|[TRACE] graph - -----> statementPart
2021-11-21T23:53:18,894|[TRACE] graph - -------> nonSkippedChar
2021-11-21T23:53:18,894|[TRACE] script - #out(`Y`) [token]
2021-11-21T23:53:18,894|[TRACE] graph - <------- nonSkippedChar
2021-11-21T23:53:18,894|[TRACE] graph - <----- statementPart
2021-11-21T23:53:18,894|[TRACE] graph - -----> statementPart
2021-11-21T23:53:18,894|[TRACE] graph - -------> nonSkippedChar
2021-11-21T23:53:18,894|[TRACE] script - #out(`_`) [token]
2021-11-21T23:53:18,895|[TRACE] graph - <------- nonSkippedChar
2021-11-21T23:53:18,895|[TRACE] graph - <----- statementPart
2021-11-21T23:53:18,895|[TRACE] graph - -----> statementPart
2021-11-21T23:53:18,895|[TRACE] graph - -------> nonSkippedChar
2021-11-21T23:53:18,895|[TRACE] script - #out(`C`) [token]
2021-11-21T23:53:18,895|[TRACE] graph - <------- nonSkippedChar
2021-11-21T23:53:18,895|[TRACE] graph - <----- statementPart
2021-11-21T23:53:18,895|[TRACE] graph - -----> statementPart
2021-11-21T23:53:18,895|[TRACE] graph - -------> nonSkippedChar
2021-11-21T23:53:18,895|[TRACE] script - #out(`H`) [token]
2021-11-21T23:53:18,895|[TRACE] graph - <------- nonSkippedChar
2021-11-21T23:53:18,895|[TRACE] graph - <----- statementPart
2021-11-21T23:53:18,895|[TRACE] graph - -----> statementPart
2021-11-21T23:53:18,895|[TRACE] graph - -------> nonSkippedChar
2021-11-21T23:53:18,895|[TRACE] script - #out(`E`) [token]
2021-11-21T23:53:18,895|[TRACE] graph - <------- nonSkippedChar
2021-11-21T23:53:18,895|[TRACE] graph - <----- statementPart
2021-11-21T23:53:18,895|[TRACE] graph - -----> statementPart
2021-11-21T23:53:18,895|[TRACE] graph - -------> nonSkippedChar
2021-11-21T23:53:18,895|[TRACE] script - #out(`C`) [token]
2021-11-21T23:53:18,895|[TRACE] graph - <------- nonSkippedChar
2021-11-21T23:53:18,895|[TRACE] graph - <----- statementPart
2021-11-21T23:53:18,895|[TRACE] graph - -----> statementPart
2021-11-21T23:53:18,895|[TRACE] graph - -------> nonSkippedChar
2021-11-21T23:53:18,895|[TRACE] script - #out(`K`) [token]
2021-11-21T23:53:18,895|[TRACE] graph - <------- nonSkippedChar
2021-11-21T23:53:18,895|[TRACE] graph - <----- statementPart
2021-11-21T23:53:18,895|[TRACE] graph - -----> statementPart
2021-11-21T23:53:18,895|[TRACE] graph - -------> nonSkippedChar
2021-11-21T23:53:18,895|[TRACE] script - #out(`S`) [token]
2021-11-21T23:53:18,895|[TRACE] graph - <------- nonSkippedChar
2021-11-21T23:53:18,895|[TRACE] graph - <----- statementPart
2021-11-21T23:53:18,895|[TRACE] graph - -----> statementPart
2021-11-21T23:53:18,895|[TRACE] graph - -------> nonSkippedChar
2021-11-21T23:53:18,895|[TRACE] script - #out(`=`) [token]
2021-11-21T23:53:18,895|[TRACE] graph - <------- nonSkippedChar
2021-11-21T23:53:18,895|[TRACE] graph - <----- statementPart
2021-11-21T23:53:18,895|[TRACE] graph - -----> statementPart
2021-11-21T23:53:18,895|[TRACE] graph - -------> nonSkippedChar
2021-11-21T23:53:18,895|[TRACE] script - #out(`@`) [token]
2021-11-21T23:53:18,895|[TRACE] graph - <------- nonSkippedChar
2021-11-21T23:53:18,895|[TRACE] graph - <----- statementPart
2021-11-21T23:53:18,895|[TRACE] graph - -----> statementPart
2021-11-21T23:53:18,895|[TRACE] graph - -------> nonSkippedChar
2021-11-21T23:53:18,895|[TRACE] script - #out(`O`) [token]
2021-11-21T23:53:18,895|[TRACE] graph - <------- nonSkippedChar
2021-11-21T23:53:18,895|[TRACE] graph - <----- statementPart
2021-11-21T23:53:18,895|[TRACE] graph - -----> statementPart
2021-11-21T23:53:18,895|[TRACE] graph - -------> nonSkippedChar
2021-11-21T23:53:18,895|[TRACE] script - #out(`L`) [token]
2021-11-21T23:53:18,895|[TRACE] graph - <------- nonSkippedChar
2021-11-21T23:53:18,895|[TRACE] graph - <----- statementPart
2021-11-21T23:53:18,895|[TRACE] graph - -----> statementPart
2021-11-21T23:53:18,895|[TRACE] graph - -------> nonSkippedChar
2021-11-21T23:53:18,895|[TRACE] script - #out(`D`) [token]
2021-11-21T23:53:18,895|[TRACE] graph - <------- nonSkippedChar
2021-11-21T23:53:18,895|[TRACE] graph - <----- statementPart
2021-11-21T23:53:18,895|[TRACE] graph - -----> statementPart
2021-11-21T23:53:18,895|[TRACE] graph - -------> nonSkippedChar
2021-11-21T23:53:18,895|[TRACE] script - #out(`_`) [token]
2021-11-21T23:53:18,895|[TRACE] graph - <------- nonSkippedChar
2021-11-21T23:53:18,895|[TRACE] graph - <----- statementPart
2021-11-21T23:53:18,895|[TRACE] graph - -----> statementPart
2021-11-21T23:53:18,895|[TRACE] graph - -------> nonSkippedChar
2021-11-21T23:53:18,895|[TRACE] script - #out(`F`) [token]
2021-11-21T23:53:18,895|[TRACE] graph - <------- nonSkippedChar
2021-11-21T23:53:18,895|[TRACE] graph - <----- statementPart
2021-11-21T23:53:18,895|[TRACE] graph - -----> statementPart
2021-11-21T23:53:18,895|[TRACE] graph - -------> nonSkippedChar
2021-11-21T23:53:18,895|[TRACE] script - #out(`O`) [token]
2021-11-21T23:53:18,895|[TRACE] graph - <------- nonSkippedChar
2021-11-21T23:53:18,895|[TRACE] graph - <----- statementPart
2021-11-21T23:53:18,895|[TRACE] graph - -----> statementPart
2021-11-21T23:53:18,895|[TRACE] graph - -------> nonSkippedChar
2021-11-21T23:53:18,895|[TRACE] script - #out(`R`) [token]
2021-11-21T23:53:18,895|[TRACE] graph - <------- nonSkippedChar
2021-11-21T23:53:18,895|[TRACE] graph - <----- statementPart
2021-11-21T23:53:18,895|[TRACE] graph - -----> statementPart
2021-11-21T23:53:18,895|[TRACE] graph - -------> nonSkippedChar
2021-11-21T23:53:18,895|[TRACE] script - #out(`E`) [token]
2021-11-21T23:53:18,895|[TRACE] graph - <------- nonSkippedChar
2021-11-21T23:53:18,895|[TRACE] graph - <----- statementPart
2021-11-21T23:53:18,895|[TRACE] graph - -----> statementPart
2021-11-21T23:53:18,895|[TRACE] graph - -------> nonSkippedChar
2021-11-21T23:53:18,895|[TRACE] script - #out(`I`) [token]
2021-11-21T23:53:18,895|[TRACE] graph - <------- nonSkippedChar
2021-11-21T23:53:18,895|[TRACE] graph - <----- statementPart
2021-11-21T23:53:18,895|[TRACE] graph - -----> statementPart
2021-11-21T23:53:18,895|[TRACE] graph - -------> nonSkippedChar
2021-11-21T23:53:18,895|[TRACE] script - #out(`G`) [token]
2021-11-21T23:53:18,895|[TRACE] graph - <------- nonSkippedChar
2021-11-21T23:53:18,895|[TRACE] graph - <----- statementPart
2021-11-21T23:53:18,895|[TRACE] graph - -----> statementPart
2021-11-21T23:53:18,895|[TRACE] graph - -------> nonSkippedChar
2021-11-21T23:53:18,895|[TRACE] script - #out(`N`) [token]
2021-11-21T23:53:18,895|[TRACE] graph - <------- nonSkippedChar
2021-11-21T23:53:18,895|[TRACE] graph - <----- statementPart
2021-11-21T23:53:18,895|[TRACE] graph - -----> statementPart
2021-11-21T23:53:18,895|[TRACE] graph - -------> nonSkippedChar
2021-11-21T23:53:18,895|[TRACE] script - #out(`_`) [token]
2021-11-21T23:53:18,895|[TRACE] graph - <------- nonSkippedChar
2021-11-21T23:53:18,895|[TRACE] graph - <----- statementPart
2021-11-21T23:53:18,895|[TRACE] graph - -----> statementPart
2021-11-21T23:53:18,895|[TRACE] graph - -------> nonSkippedChar
2021-11-21T23:53:18,895|[TRACE] script - #out(`K`) [token]
2021-11-21T23:53:18,895|[TRACE] graph - <------- nonSkippedChar
2021-11-21T23:53:18,895|[TRACE] graph - <----- statementPart
2021-11-21T23:53:18,895|[TRACE] graph - -----> statementPart
2021-11-21T23:53:18,895|[TRACE] graph - -------> nonSkippedChar
2021-11-21T23:53:18,895|[TRACE] script - #out(`E`) [token]
2021-11-21T23:53:18,895|[TRACE] graph - <------- nonSkippedChar
2021-11-21T23:53:18,895|[TRACE] graph - <----- statementPart
2021-11-21T23:53:18,895|[TRACE] graph - -----> statementPart
2021-11-21T23:53:18,895|[TRACE] graph - -------> nonSkippedChar
2021-11-21T23:53:18,895|[TRACE] script - #out(`Y`) [token]
2021-11-21T23:53:18,895|[TRACE] graph - <------- nonSkippedChar
2021-11-21T23:53:18,895|[TRACE] graph - <----- statementPart
2021-11-21T23:53:18,895|[TRACE] graph - -----> statementPart
2021-11-21T23:53:18,895|[TRACE] graph - -------> nonSkippedChar
2021-11-21T23:53:18,895|[TRACE] script - #out(`_`) [token]
2021-11-21T23:53:18,895|[TRACE] graph - <------- nonSkippedChar
2021-11-21T23:53:18,895|[TRACE] graph - <----- statementPart
2021-11-21T23:53:18,895|[TRACE] graph - -----> statementPart
2021-11-21T23:53:18,895|[TRACE] graph - -------> nonSkippedChar
2021-11-21T23:53:18,895|[TRACE] script - #out(`C`) [token]
2021-11-21T23:53:18,895|[TRACE] graph - <------- nonSkippedChar
2021-11-21T23:53:18,895|[TRACE] graph - <----- statementPart
2021-11-21T23:53:18,895|[TRACE] graph - -----> statementPart
2021-11-21T23:53:18,895|[TRACE] graph - -------> nonSkippedChar
2021-11-21T23:53:18,895|[TRACE] script - #out(`H`) [token]
2021-11-21T23:53:18,895|[TRACE] graph - <------- nonSkippedChar
2021-11-21T23:53:18,895|[TRACE] graph - <----- statementPart
2021-11-21T23:53:18,895|[TRACE] graph - -----> statementPart
2021-11-21T23:53:18,895|[TRACE] graph - -------> nonSkippedChar
2021-11-21T23:53:18,895|[TRACE] script - #out(`E`) [token]
2021-11-21T23:53:18,895|[TRACE] graph - <------- nonSkippedChar
2021-11-21T23:53:18,895|[TRACE] graph - <----- statementPart
2021-11-21T23:53:18,895|[TRACE] graph - -----> statementPart
2021-11-21T23:53:18,895|[TRACE] graph - -------> nonSkippedChar
2021-11-21T23:53:18,895|[TRACE] script - #out(`C`) [token]
2021-11-21T23:53:18,895|[TRACE] graph - <------- nonSkippedChar
2021-11-21T23:53:18,895|[TRACE] graph - <----- statementPart
2021-11-21T23:53:18,895|[TRACE] graph - -----> statementPart
2021-11-21T23:53:18,895|[TRACE] graph - -------> nonSkippedChar
2021-11-21T23:53:18,895|[TRACE] script - #out(`K`) [token]
2021-11-21T23:53:18,895|[TRACE] graph - <------- nonSkippedChar
2021-11-21T23:53:18,895|[TRACE] graph - <----- statementPart
2021-11-21T23:53:18,895|[TRACE] graph - -----> statementPart
2021-11-21T23:53:18,895|[TRACE] graph - -------> nonSkippedChar
2021-11-21T23:53:18,895|[TRACE] script - #out(`S`) [token]
2021-11-21T23:53:18,895|[TRACE] graph - <------- nonSkippedChar
2021-11-21T23:53:18,895|[TRACE] graph - <----- statementPart
2021-11-21T23:53:18,895|[DEBUG] graph - Import statement : SET FOREIGN_KEY_CHECKS=@OLD_FOREIGN_KEY_CHECKS
2021-11-21T23:53:18,895|[TRACE] graph - <--- statement
2021-11-21T23:53:18,895|[TRACE] graph - ---> blankSpacesToSkip
2021-11-21T23:53:18,895|[TRACE] graph - -----> newLineToSkip
2021-11-21T23:53:18,895|[TRACE] graph - <----- newLineToSkip
2021-11-21T23:53:18,895|[TRACE] graph - <--- blankSpacesToSkip
2021-11-21T23:53:18,895|[TRACE] graph - ---> statement
2021-11-21T23:53:18,895|[TRACE] graph - -----> statementFirstPart
2021-11-21T23:53:18,895|[TRACE] graph - -------> nonSkippedChar
2021-11-21T23:53:18,895|[TRACE] script - #out(`S`) [token]
2021-11-21T23:53:18,895|[TRACE] graph - <------- nonSkippedChar
2021-11-21T23:53:18,895|[TRACE] graph - <----- statementFirstPart
2021-11-21T23:53:18,895|[TRACE] graph - -----> statementPart
2021-11-21T23:53:18,895|[TRACE] graph - -------> nonSkippedChar
2021-11-21T23:53:18,895|[TRACE] script - #out(`E`) [token]
2021-11-21T23:53:18,895|[TRACE] graph - <------- nonSkippedChar
2021-11-21T23:53:18,895|[TRACE] graph - <----- statementPart
2021-11-21T23:53:18,895|[TRACE] graph - -----> statementPart
2021-11-21T23:53:18,895|[TRACE] graph - -------> nonSkippedChar
2021-11-21T23:53:18,895|[TRACE] script - #out(`T`) [token]
2021-11-21T23:53:18,895|[TRACE] graph - <------- nonSkippedChar
2021-11-21T23:53:18,895|[TRACE] graph - <----- statementPart
2021-11-21T23:53:18,895|[TRACE] graph - -----> statementPart
2021-11-21T23:53:18,895|[TRACE] graph - -------> nonSkippedSpace
2021-11-21T23:53:18,895|[TRACE] script - #out(` `) [token]
2021-11-21T23:53:18,895|[TRACE] graph - <------- nonSkippedSpace
2021-11-21T23:53:18,895|[TRACE] graph - <----- statementPart
2021-11-21T23:53:18,895|[TRACE] graph - -----> statementPart
2021-11-21T23:53:18,895|[TRACE] graph - -------> nonSkippedChar
2021-11-21T23:53:18,895|[TRACE] script - #out(`U`) [token]
2021-11-21T23:53:18,895|[TRACE] graph - <------- nonSkippedChar
2021-11-21T23:53:18,895|[TRACE] graph - <----- statementPart
2021-11-21T23:53:18,895|[TRACE] graph - -----> statementPart
2021-11-21T23:53:18,895|[TRACE] graph - -------> nonSkippedChar
2021-11-21T23:53:18,895|[TRACE] script - #out(`N`) [token]
2021-11-21T23:53:18,895|[TRACE] graph - <------- nonSkippedChar
2021-11-21T23:53:18,895|[TRACE] graph - <----- statementPart
2021-11-21T23:53:18,895|[TRACE] graph - -----> statementPart
2021-11-21T23:53:18,895|[TRACE] graph - -------> nonSkippedChar
2021-11-21T23:53:18,895|[TRACE] script - #out(`I`) [token]
2021-11-21T23:53:18,895|[TRACE] graph - <------- nonSkippedChar
2021-11-21T23:53:18,895|[TRACE] graph - <----- statementPart
2021-11-21T23:53:18,895|[TRACE] graph - -----> statementPart
2021-11-21T23:53:18,895|[TRACE] graph - -------> nonSkippedChar
2021-11-21T23:53:18,895|[TRACE] script - #out(`Q`) [token]
2021-11-21T23:53:18,895|[TRACE] graph - <------- nonSkippedChar
2021-11-21T23:53:18,895|[TRACE] graph - <----- statementPart
2021-11-21T23:53:18,895|[TRACE] graph - -----> statementPart
2021-11-21T23:53:18,895|[TRACE] graph - -------> nonSkippedChar
2021-11-21T23:53:18,895|[TRACE] script - #out(`U`) [token]
2021-11-21T23:53:18,895|[TRACE] graph - <------- nonSkippedChar
2021-11-21T23:53:18,895|[TRACE] graph - <----- statementPart
2021-11-21T23:53:18,895|[TRACE] graph - -----> statementPart
2021-11-21T23:53:18,895|[TRACE] graph - -------> nonSkippedChar
2021-11-21T23:53:18,895|[TRACE] script - #out(`E`) [token]
2021-11-21T23:53:18,895|[TRACE] graph - <------- nonSkippedChar
2021-11-21T23:53:18,895|[TRACE] graph - <----- statementPart
2021-11-21T23:53:18,895|[TRACE] graph - -----> statementPart
2021-11-21T23:53:18,895|[TRACE] graph - -------> nonSkippedChar
2021-11-21T23:53:18,895|[TRACE] script - #out(`_`) [token]
2021-11-21T23:53:18,895|[TRACE] graph - <------- nonSkippedChar
2021-11-21T23:53:18,895|[TRACE] graph - <----- statementPart
2021-11-21T23:53:18,895|[TRACE] graph - -----> statementPart
2021-11-21T23:53:18,895|[TRACE] graph - -------> nonSkippedChar
2021-11-21T23:53:18,895|[TRACE] script - #out(`C`) [token]
2021-11-21T23:53:18,895|[TRACE] graph - <------- nonSkippedChar
2021-11-21T23:53:18,895|[TRACE] graph - <----- statementPart
2021-11-21T23:53:18,895|[TRACE] graph - -----> statementPart
2021-11-21T23:53:18,895|[TRACE] graph - -------> nonSkippedChar
2021-11-21T23:53:18,895|[TRACE] script - #out(`H`) [token]
2021-11-21T23:53:18,895|[TRACE] graph - <------- nonSkippedChar
2021-11-21T23:53:18,895|[TRACE] graph - <----- statementPart
2021-11-21T23:53:18,895|[TRACE] graph - -----> statementPart
2021-11-21T23:53:18,895|[TRACE] graph - -------> nonSkippedChar
2021-11-21T23:53:18,895|[TRACE] script - #out(`E`) [token]
2021-11-21T23:53:18,895|[TRACE] graph - <------- nonSkippedChar
2021-11-21T23:53:18,895|[TRACE] graph - <----- statementPart
2021-11-21T23:53:18,895|[TRACE] graph - -----> statementPart
2021-11-21T23:53:18,937|[TRACE] graph - -------> nonSkippedChar
2021-11-21T23:53:18,937|[TRACE] script - #out(`C`) [token]
2021-11-21T23:53:18,937|[TRACE] graph - <------- nonSkippedChar
2021-11-21T23:53:18,937|[TRACE] graph - <----- statementPart
2021-11-21T23:53:18,937|[TRACE] graph - -----> statementPart
2021-11-21T23:53:18,937|[TRACE] graph - -------> nonSkippedChar
2021-11-21T23:53:18,937|[TRACE] script - #out(`K`) [token]
2021-11-21T23:53:18,937|[TRACE] graph - <------- nonSkippedChar
2021-11-21T23:53:18,937|[TRACE] graph - <----- statementPart
2021-11-21T23:53:18,937|[TRACE] graph - -----> statementPart
2021-11-21T23:53:18,937|[TRACE] graph - -------> nonSkippedChar
2021-11-21T23:53:18,937|[TRACE] script - #out(`S`) [token]
2021-11-21T23:53:18,937|[TRACE] graph - <------- nonSkippedChar
2021-11-21T23:53:18,937|[TRACE] graph - <----- statementPart
2021-11-21T23:53:18,937|[TRACE] graph - -----> statementPart
2021-11-21T23:53:18,937|[TRACE] graph - -------> nonSkippedChar
2021-11-21T23:53:18,937|[TRACE] script - #out(`=`) [token]
2021-11-21T23:53:18,937|[TRACE] graph - <------- nonSkippedChar
2021-11-21T23:53:18,937|[TRACE] graph - <----- statementPart
2021-11-21T23:53:18,937|[TRACE] graph - -----> statementPart
2021-11-21T23:53:18,937|[TRACE] graph - -------> nonSkippedChar
2021-11-21T23:53:18,937|[TRACE] script - #out(`@`) [token]
2021-11-21T23:53:18,937|[TRACE] graph - <------- nonSkippedChar
2021-11-21T23:53:18,937|[TRACE] graph - <----- statementPart
2021-11-21T23:53:18,937|[TRACE] graph - -----> statementPart
2021-11-21T23:53:18,937|[TRACE] graph - -------> nonSkippedChar
2021-11-21T23:53:18,937|[TRACE] script - #out(`O`) [token]
2021-11-21T23:53:18,937|[TRACE] graph - <------- nonSkippedChar
2021-11-21T23:53:18,937|[TRACE] graph - <----- statementPart
2021-11-21T23:53:18,937|[TRACE] graph - -----> statementPart
2021-11-21T23:53:18,937|[TRACE] graph - -------> nonSkippedChar
2021-11-21T23:53:18,937|[TRACE] script - #out(`L`) [token]
2021-11-21T23:53:18,937|[TRACE] graph - <------- nonSkippedChar
2021-11-21T23:53:18,937|[TRACE] graph - <----- statementPart
2021-11-21T23:53:18,937|[TRACE] graph - -----> statementPart
2021-11-21T23:53:18,937|[TRACE] graph - -------> nonSkippedChar
2021-11-21T23:53:18,937|[TRACE] script - #out(`D`) [token]
2021-11-21T23:53:18,937|[TRACE] graph - <------- nonSkippedChar
2021-11-21T23:53:18,937|[TRACE] graph - <----- statementPart
2021-11-21T23:53:18,937|[TRACE] graph - -----> statementPart
2021-11-21T23:53:18,937|[TRACE] graph - -------> nonSkippedChar
2021-11-21T23:53:18,937|[TRACE] script - #out(`_`) [token]
2021-11-21T23:53:18,937|[TRACE] graph - <------- nonSkippedChar
2021-11-21T23:53:18,937|[TRACE] graph - <----- statementPart
2021-11-21T23:53:18,937|[TRACE] graph - -----> statementPart
2021-11-21T23:53:18,937|[TRACE] graph - -------> nonSkippedChar
2021-11-21T23:53:18,937|[TRACE] script - #out(`U`) [token]
2021-11-21T23:53:18,937|[TRACE] graph - <------- nonSkippedChar
2021-11-21T23:53:18,937|[TRACE] graph - <----- statementPart
2021-11-21T23:53:18,937|[TRACE] graph - -----> statementPart
2021-11-21T23:53:18,937|[TRACE] graph - -------> nonSkippedChar
2021-11-21T23:53:18,937|[TRACE] script - #out(`N`) [token]
2021-11-21T23:53:18,937|[TRACE] graph - <------- nonSkippedChar
2021-11-21T23:53:18,937|[TRACE] graph - <----- statementPart
2021-11-21T23:53:18,937|[TRACE] graph - -----> statementPart
2021-11-21T23:53:18,937|[TRACE] graph - -------> nonSkippedChar
2021-11-21T23:53:18,937|[TRACE] script - #out(`I`) [token]
2021-11-21T23:53:18,937|[TRACE] graph - <------- nonSkippedChar
2021-11-21T23:53:18,937|[TRACE] graph - <----- statementPart
2021-11-21T23:53:18,937|[TRACE] graph - -----> statementPart
2021-11-21T23:53:18,937|[TRACE] graph - -------> nonSkippedChar
2021-11-21T23:53:18,937|[TRACE] script - #out(`Q`) [token]
2021-11-21T23:53:18,937|[TRACE] graph - <------- nonSkippedChar
2021-11-21T23:53:18,937|[TRACE] graph - <----- statementPart
2021-11-21T23:53:18,937|[TRACE] graph - -----> statementPart
2021-11-21T23:53:18,937|[TRACE] graph - -------> nonSkippedChar
2021-11-21T23:53:18,937|[TRACE] script - #out(`U`) [token]
2021-11-21T23:53:18,937|[TRACE] graph - <------- nonSkippedChar
2021-11-21T23:53:18,937|[TRACE] graph - <----- statementPart
2021-11-21T23:53:18,937|[TRACE] graph - -----> statementPart
2021-11-21T23:53:18,937|[TRACE] graph - -------> nonSkippedChar
2021-11-21T23:53:18,937|[TRACE] script - #out(`E`) [token]
2021-11-21T23:53:18,937|[TRACE] graph - <------- nonSkippedChar
2021-11-21T23:53:18,937|[TRACE] graph - <----- statementPart
2021-11-21T23:53:18,937|[TRACE] graph - -----> statementPart
2021-11-21T23:53:18,937|[TRACE] graph - -------> nonSkippedChar
2021-11-21T23:53:18,937|[TRACE] script - #out(`_`) [token]
2021-11-21T23:53:18,937|[TRACE] graph - <------- nonSkippedChar
2021-11-21T23:53:18,937|[TRACE] graph - <----- statementPart
2021-11-21T23:53:18,937|[TRACE] graph - -----> statementPart
2021-11-21T23:53:18,937|[TRACE] graph - -------> nonSkippedChar
2021-11-21T23:53:18,937|[TRACE] script - #out(`C`) [token]
2021-11-21T23:53:18,937|[TRACE] graph - <------- nonSkippedChar
2021-11-21T23:53:18,937|[TRACE] graph - <----- statementPart
2021-11-21T23:53:18,938|[TRACE] graph - -----> statementPart
2021-11-21T23:53:18,938|[TRACE] graph - -------> nonSkippedChar
2021-11-21T23:53:18,938|[TRACE] script - #out(`H`) [token]
2021-11-21T23:53:18,938|[TRACE] graph - <------- nonSkippedChar
2021-11-21T23:53:18,938|[TRACE] graph - <----- statementPart
2021-11-21T23:53:18,938|[TRACE] graph - -----> statementPart
2021-11-21T23:53:18,938|[TRACE] graph - -------> nonSkippedChar
2021-11-21T23:53:18,938|[TRACE] script - #out(`E`) [token]
2021-11-21T23:53:18,938|[TRACE] graph - <------- nonSkippedChar
2021-11-21T23:53:18,938|[TRACE] graph - <----- statementPart
2021-11-21T23:53:18,938|[TRACE] graph - -----> statementPart
2021-11-21T23:53:18,938|[TRACE] graph - -------> nonSkippedChar
2021-11-21T23:53:18,938|[TRACE] script - #out(`C`) [token]
2021-11-21T23:53:18,938|[TRACE] graph - <------- nonSkippedChar
2021-11-21T23:53:18,938|[TRACE] graph - <----- statementPart
2021-11-21T23:53:18,938|[TRACE] graph - -----> statementPart
2021-11-21T23:53:18,938|[TRACE] graph - -------> nonSkippedChar
2021-11-21T23:53:18,938|[TRACE] script - #out(`K`) [token]
2021-11-21T23:53:18,938|[TRACE] graph - <------- nonSkippedChar
2021-11-21T23:53:18,938|[TRACE] graph - <----- statementPart
2021-11-21T23:53:18,938|[TRACE] graph - -----> statementPart
2021-11-21T23:53:18,938|[TRACE] graph - -------> nonSkippedChar
2021-11-21T23:53:18,938|[TRACE] script - #out(`S`) [token]
2021-11-21T23:53:18,938|[TRACE] graph - <------- nonSkippedChar
2021-11-21T23:53:18,938|[TRACE] graph - <----- statementPart
2021-11-21T23:53:18,938|[DEBUG] graph - Import statement : SET UNIQUE_CHECKS=@OLD_UNIQUE_CHECKS
2021-11-21T23:53:18,938|[TRACE] graph - <--- statement
2021-11-21T23:53:18,938|[TRACE] graph - ---> blankSpacesToSkip
2021-11-21T23:53:18,938|[TRACE] graph - -----> newLineToSkip
2021-11-21T23:53:18,938|[TRACE] graph - <----- newLineToSkip
2021-11-21T23:53:18,938|[TRACE] graph - <--- blankSpacesToSkip
2021-11-21T23:53:18,938|[TRACE] graph - <- script
2021-11-21T23:53:18,938|[DEBUG] SQL - 
    
    SET @OLD_UNIQUE_CHECKS=@@UNIQUE_CHECKS, UNIQUE_CHECKS=0
2021-11-21T23:53:18,938|[INFO ] access - HHH10001501: Connection obtained from JdbcConnectionAccess [org.hibernate.engine.jdbc.env.internal.JdbcEnvironmentInitiator$ConnectionProviderJdbcConnectionAccess@1b475663] for (non-JTA) DDL execution was not in auto-commit mode; the Connection 'local transaction' will be committed and the Connection will be set into auto-commit mode.
2021-11-21T23:53:18,939|[DEBUG] SQL - 
    
    SET @OLD_FOREIGN_KEY_CHECKS=@@FOREIGN_KEY_CHECKS, FOREIGN_KEY_CHECKS=0
2021-11-21T23:53:18,940|[DEBUG] SQL - 
    
    SET @OLD_SQL_MODE=@@SQL_MODE, SQL_MODE='ONLY_FULL_GROUP_BY,STRICT_TRANS_TABLES,NO_ZERO_IN_DATE,NO_ZERO_DATE,ERROR_FOR_DIVISION_BY_ZERO,NO_ENGINE_SUBSTITUTION'
2021-11-21T23:53:18,941|[DEBUG] SQL - CREATE SCHEMA IF NOT EXISTS `bloodbank` DEFAULT CHARACTER SET utf8mb4 COLLATE utf8mb4_0900_ai_ci
2021-11-21T23:53:18,950|[DEBUG] SQL - 
    
    USE `bloodbank`
2021-11-21T23:53:18,951|[DEBUG] SQL - 
    
    CREATE TABLE IF NOT EXISTS `bloodbank`.`person` (
          `id` INT NOT NULL AUTO_INCREMENT,
          `first_name` VARCHAR(50) NOT NULL,
          `last_name` VARCHAR(50) NOT NULL,
          `created` BIGINT NOT NULL DEFAULT (unix_timestamp(now()) * 1000),
          `updated` BIGINT NOT NULL DEFAULT (unix_timestamp(now()) * 1000),
          `version` INT NOT NULL DEFAULT '1',
          PRIMARY KEY (`id`)
    ) ENGINE = InnoDB DEFAULT CHARACTER SET = utf8mb4 COLLATE = utf8mb4_0900_ai_ci
2021-11-21T23:53:18,969|[DEBUG] SQL - 
    
    CREATE TABLE IF NOT EXISTS `bloodbank`.`blood_bank` (
          `bank_id` INT NOT NULL AUTO_INCREMENT,
          `name` VARCHAR(100) NOT NULL,
          `privately_owned` BIT(1) NOT NULL,
          `created` BIGINT NOT NULL DEFAULT (unix_timestamp(now()) * 1000),
          `updated` BIGINT NOT NULL DEFAULT (unix_timestamp(now()) * 1000),
          `version` INT NOT NULL DEFAULT 1,
          PRIMARY KEY (`bank_id`),
          UNIQUE INDEX `name_UNIQUE` (`name` ASC) VISIBLE
    ) ENGINE = InnoDB
2021-11-21T23:53:18,996|[DEBUG] SQL - 
    
    CREATE TABLE IF NOT EXISTS `bloodbank`.`blood_donation` (
          `donation_id` INT NOT NULL AUTO_INCREMENT,
          `bank_id` INT NOT NULL,
          `milliliters` INT NOT NULL,
          `blood_group` CHAR(2) NOT NULL,
          `rhd` BIT(1) NOT NULL,
          `created` BIGINT NOT NULL DEFAULT (unix_timestamp(now()) * 1000),
          `updated` BIGINT NOT NULL DEFAULT (unix_timestamp(now()) * 1000),
          `version` INT NOT NULL DEFAULT 1,
          PRIMARY KEY (`donation_id`),
          INDEX `fk_blood_donation_blood_bank1_idx` (`bank_id` ASC) VISIBLE,
          CONSTRAINT `fk_blood_donation_blood_bank1`     FOREIGN KEY (`bank_id`)     REFERENCES `bloodbank`.`blood_bank` (`bank_id`)     ON DELETE NO ACTION     ON UPDATE NO ACTION
    ) ENGINE = InnoDB
2021-11-21T23:53:19,021|[DEBUG] SQL - 
    
    CREATE TABLE IF NOT EXISTS `bloodbank`.`donation_record` (
          `record_id` INT NOT NULL AUTO_INCREMENT,
          `person_id` INT NOT NULL,
          `donation_id` INT NULL,
          `tested` BIT(1) NOT NULL,
          `created` BIGINT NOT NULL DEFAULT (unix_timestamp(now()) * 1000),
          `updated` BIGINT NOT NULL DEFAULT (unix_timestamp(now()) * 1000),
          `version` INT NOT NULL DEFAULT 1,
          INDEX `fk_donation_record_person1_idx` (`person_id` ASC) VISIBLE,
          INDEX `fk_donation_record_blood_donation1_idx` (`donation_id` ASC) VISIBLE,
          UNIQUE INDEX `record_id_UNIQUE` (`record_id` ASC) VISIBLE,
          PRIMARY KEY (`record_id`),
          CONSTRAINT `fk_donation_record_person1`     FOREIGN KEY (`person_id`)     REFERENCES `bloodbank`.`person` (`id`)     ON DELETE NO ACTION     ON UPDATE NO ACTION,
          CONSTRAINT `fk_donation_record_blood_donation1`     FOREIGN KEY (`donation_id`)     REFERENCES `bloodbank`.`blood_donation` (`donation_id`)     ON DELETE NO ACTION     ON UPDATE NO ACTION
    ) ENGINE = InnoDB
2021-11-21T23:53:19,061|[DEBUG] SQL - 
    
    CREATE TABLE IF NOT EXISTS `bloodbank`.`address` (
          `address_id` INT NOT NULL AUTO_INCREMENT,
          `street_number` VARCHAR(10) NOT NULL,
          `street` VARCHAR(100) NOT NULL,
          `city` VARCHAR(100) NOT NULL,
          `province` VARCHAR(100) NOT NULL,
          `country` VARCHAR(100) NOT NULL,
          `zipcode` VARCHAR(100) NOT NULL,
          `created` BIGINT NOT NULL DEFAULT (unix_timestamp(now()) * 1000),
          `updated` BIGINT NOT NULL DEFAULT (unix_timestamp(now()) * 1000),
          `version` INT NOT NULL DEFAULT 1,
          PRIMARY KEY (`address_id`)
    ) ENGINE = InnoDB
2021-11-21T23:53:19,079|[DEBUG] SQL - 
    
    CREATE TABLE IF NOT EXISTS `bloodbank`.`phone` (
          `phone_id` INT NOT NULL AUTO_INCREMENT,
          `country_code` VARCHAR(10) NOT NULL DEFAULT '1',
          `area_code` VARCHAR(10) NOT NULL,
          `number` VARCHAR(10) NOT NULL,
          `created` BIGINT NOT NULL DEFAULT (unix_timestamp(now()) * 1000),
          `updated` BIGINT NOT NULL DEFAULT (unix_timestamp(now()) * 1000),
          `version` INT NOT NULL DEFAULT 1,
          PRIMARY KEY (`phone_id`)
    ) ENGINE = InnoDB
2021-11-21T23:53:19,095|[DEBUG] SQL - 
    
    CREATE TABLE IF NOT EXISTS `bloodbank`.`contact` (
          `person_id` INT NOT NULL,
          `phone_id` INT NOT NULL,
          `contact_type` VARCHAR(10) NOT NULL,
          `email` VARCHAR(100) NULL,
          `address_id` INT NULL,
          `created` BIGINT NOT NULL DEFAULT (unix_timestamp(now()) * 1000),
          `updated` BIGINT NOT NULL DEFAULT (unix_timestamp(now()) * 1000),
          `version` INT NOT NULL DEFAULT 1,
          PRIMARY KEY (`person_id`, `phone_id`),
          INDEX `fk_contact_phone1_idx` (`phone_id` ASC) VISIBLE,
          INDEX `fk_contact_person1_idx` (`person_id` ASC) VISIBLE,
          CONSTRAINT `fk_contact_address1`     FOREIGN KEY (`address_id`)     REFERENCES `bloodbank`.`address` (`address_id`)     ON DELETE NO ACTION     ON UPDATE NO ACTION,
          CONSTRAINT `fk_contact_phone1`     FOREIGN KEY (`phone_id`)     REFERENCES `bloodbank`.`phone` (`phone_id`)     ON DELETE NO ACTION     ON UPDATE NO ACTION,
          CONSTRAINT `fk_contact_person1`     FOREIGN KEY (`person_id`)     REFERENCES `bloodbank`.`person` (`id`)     ON DELETE NO ACTION     ON UPDATE NO ACTION
    ) ENGINE = InnoDB
2021-11-21T23:53:19,126|[DEBUG] SQL - 
    
    SET SQL_MODE=@OLD_SQL_MODE
2021-11-21T23:53:19,138|[DEBUG] SQL - 
    
    SET FOREIGN_KEY_CHECKS=@OLD_FOREIGN_KEY_CHECKS
2021-11-21T23:53:19,139|[DEBUG] SQL - 
    
    SET UNIQUE_CHECKS=@OLD_UNIQUE_CHECKS
2021-11-21T23:53:19,140|[TRACE] AbstractServiceRegistryImpl - Initializing service [role=org.hibernate.engine.transaction.jta.platform.spi.JtaPlatform]
2021-11-21T23:53:19,140|[DEBUG] JtaPlatformInitiator - No JtaPlatform was specified, checking resolver
2021-11-21T23:53:19,140|[TRACE] AbstractServiceRegistryImpl - Initializing service [role=org.hibernate.engine.transaction.jta.platform.spi.JtaPlatformResolver]
2021-11-21T23:53:19,140|[DEBUG] JtaPlatformResolverInitiator - No JtaPlatformResolver was specified, using default [org.hibernate.engine.transaction.jta.platform.internal.StandardJtaPlatformResolver]
2021-11-21T23:53:19,144|[DEBUG] StandardJtaPlatformResolver - Could not resolve JtaPlatform, using default [org.hibernate.engine.transaction.jta.platform.internal.NoJtaPlatform]
2021-11-21T23:53:19,144|[INFO ] JtaPlatformInitiator - HHH000490: Using JtaPlatform implementation: [org.hibernate.engine.transaction.jta.platform.internal.NoJtaPlatform]
2021-11-21T23:53:19,144|[DEBUG] NamedQueryRepository - Checking 7 named HQL queries
2021-11-21T23:53:19,144|[DEBUG] NamedQueryRepository - Checking named query: Contact.findAll
2021-11-21T23:53:19,144|[TRACE] AbstractServiceRegistryImpl - Initializing service [role=org.hibernate.stat.spi.StatisticsImplementor]
2021-11-21T23:53:19,147|[DEBUG] StatisticsInitiator - Statistics initialized [enabled=false]
2021-11-21T23:53:19,149|[TRACE] AbstractServiceRegistryImpl - Initializing service [role=org.hibernate.jmx.spi.JmxService]
2021-11-21T23:53:19,149|[TRACE] QueryPlanCache - Unable to locate HQL query plan in cache; generating (SELECT c FROM Contact c)
2021-11-21T23:53:19,151|[TRACE] AbstractServiceRegistryImpl - Initializing service [role=org.hibernate.hql.spi.QueryTranslatorFactory]
2021-11-21T23:53:19,151|[DEBUG] QueryTranslatorFactoryInitiator - QueryTranslatorFactory: org.hibernate.hql.internal.ast.ASTQueryTranslatorFactory@33e50ff2
2021-11-21T23:53:19,162|[DEBUG] QueryTranslatorImpl - parse() - HQL: SELECT c FROM bloodbank.entity.Contact c
2021-11-21T23:53:19,162|[TRACE] HqlParser - -> statement
2021-11-21T23:53:19,162|[TRACE] HqlParser - ---> selectStatement
2021-11-21T23:53:19,162|[TRACE] HqlParser - -----> queryRule
2021-11-21T23:53:19,162|[TRACE] HqlParser - -------> selectFrom
2021-11-21T23:53:19,162|[TRACE] HqlParser - ---------> selectClause
2021-11-21T23:53:19,164|[TRACE] HqlParser - -----------> selectedPropertiesList
2021-11-21T23:53:19,164|[TRACE] HqlParser - -------------> aliasedExpression
2021-11-21T23:53:19,164|[TRACE] HqlParser - ---------------> expression
2021-11-21T23:53:19,164|[TRACE] HqlParser - -----------------> logicalOrExpression
2021-11-21T23:53:19,164|[TRACE] HqlParser - -------------------> logicalAndExpression
2021-11-21T23:53:19,164|[TRACE] HqlParser - ---------------------> negatedExpression
2021-11-21T23:53:19,164|[TRACE] HqlParser - -----------------------> equalityExpression
2021-11-21T23:53:19,164|[TRACE] HqlParser - -------------------------> relationalExpression
2021-11-21T23:53:19,164|[TRACE] HqlParser - ---------------------------> concatenation
2021-11-21T23:53:19,164|[TRACE] HqlParser - -----------------------------> additiveExpression
2021-11-21T23:53:19,164|[TRACE] HqlParser - -------------------------------> multiplyExpression
2021-11-21T23:53:19,164|[TRACE] HqlParser - ---------------------------------> unaryExpression
2021-11-21T23:53:19,164|[TRACE] HqlParser - -----------------------------------> atom
2021-11-21T23:53:19,164|[TRACE] HqlParser - -------------------------------------> primaryExpression
2021-11-21T23:53:19,164|[TRACE] HqlParser - ---------------------------------------> identPrimary
2021-11-21T23:53:19,164|[TRACE] HqlParser - -----------------------------------------> identPrimaryBase
2021-11-21T23:53:19,164|[TRACE] HqlParser - -------------------------------------------> identifier
2021-11-21T23:53:19,164|[TRACE] HqlParser - <------------------------------------------- identifier
2021-11-21T23:53:19,164|[TRACE] HqlParser - <----------------------------------------- identPrimaryBase
2021-11-21T23:53:19,164|[TRACE] HqlParser - <--------------------------------------- identPrimary
2021-11-21T23:53:19,164|[TRACE] HqlParser - <------------------------------------- primaryExpression
2021-11-21T23:53:19,164|[TRACE] HqlParser - <----------------------------------- atom
2021-11-21T23:53:19,164|[TRACE] HqlParser - <--------------------------------- unaryExpression
2021-11-21T23:53:19,164|[TRACE] HqlParser - <------------------------------- multiplyExpression
2021-11-21T23:53:19,164|[TRACE] HqlParser - <----------------------------- additiveExpression
2021-11-21T23:53:19,164|[TRACE] HqlParser - <--------------------------- concatenation
2021-11-21T23:53:19,164|[TRACE] HqlParser - <------------------------- relationalExpression
2021-11-21T23:53:19,164|[TRACE] HqlParser - <----------------------- equalityExpression
2021-11-21T23:53:19,164|[TRACE] HqlParser - <--------------------- negatedExpression
2021-11-21T23:53:19,164|[TRACE] HqlParser - <------------------- logicalAndExpression
2021-11-21T23:53:19,164|[TRACE] HqlParser - <----------------- logicalOrExpression
2021-11-21T23:53:19,164|[TRACE] HqlParser - <--------------- expression
2021-11-21T23:53:19,164|[TRACE] HqlParser - <------------- aliasedExpression
2021-11-21T23:53:19,164|[TRACE] HqlParser - <----------- selectedPropertiesList
2021-11-21T23:53:19,164|[TRACE] HqlParser - <--------- selectClause
2021-11-21T23:53:19,164|[TRACE] HqlParser - ---------> fromClause
2021-11-21T23:53:19,164|[TRACE] HqlParser - -----------> fromRange
2021-11-21T23:53:19,164|[TRACE] HqlParser - -------------> fromClassOrOuterQueryPath
2021-11-21T23:53:19,164|[TRACE] HqlParser - ---------------> path
2021-11-21T23:53:19,164|[TRACE] HqlParser - -----------------> identifier
2021-11-21T23:53:19,164|[TRACE] HqlParser - <----------------- identifier
2021-11-21T23:53:19,165|[TRACE] HqlParser - -----------------> identifier
2021-11-21T23:53:19,165|[TRACE] HqlParser - <----------------- identifier
2021-11-21T23:53:19,165|[TRACE] HqlParser - -----------------> identifier
2021-11-21T23:53:19,165|[TRACE] HqlParser - <----------------- identifier
2021-11-21T23:53:19,165|[TRACE] HqlParser - <--------------- path
2021-11-21T23:53:19,165|[TRACE] HqlParser - ---------------> asAlias
2021-11-21T23:53:19,165|[TRACE] HqlParser - -----------------> alias
2021-11-21T23:53:19,165|[TRACE] HqlParser - -------------------> identifier
2021-11-21T23:53:19,165|[TRACE] HqlParser - <------------------- identifier
2021-11-21T23:53:19,165|[TRACE] HqlParser - <----------------- alias
2021-11-21T23:53:19,165|[TRACE] HqlParser - <--------------- asAlias
2021-11-21T23:53:19,165|[TRACE] HqlParser - <------------- fromClassOrOuterQueryPath
2021-11-21T23:53:19,165|[TRACE] HqlParser - <----------- fromRange
2021-11-21T23:53:19,165|[TRACE] HqlParser - <--------- fromClause
2021-11-21T23:53:19,165|[TRACE] HqlParser - <------- selectFrom
2021-11-21T23:53:19,165|[TRACE] HqlParser - <----- queryRule
2021-11-21T23:53:19,165|[TRACE] HqlParser - <--- selectStatement
2021-11-21T23:53:19,165|[TRACE] HqlParser - <- statement
2021-11-21T23:53:19,165|[DEBUG] ErrorTracker - throwQueryException() : no errors
2021-11-21T23:53:19,169|[DEBUG] QueryTranslatorImpl - --- HQL AST ---
 \-[QUERY] Node: 'query'
    \-[SELECT_FROM] Node: 'SELECT_FROM'
       +-[FROM] Node: 'FROM'
       |  \-[RANGE] Node: 'RANGE'
       |     +-[DOT] Node: '.'
       |     |  +-[DOT] Node: '.'
       |     |  |  +-[IDENT] Node: 'bloodbank'
       |     |  |  \-[IDENT] Node: 'entity'
       |     |  \-[IDENT] Node: 'Contact'
       |     \-[ALIAS] Node: 'c'
       \-[SELECT] Node: 'SELECT'
          \-[IDENT] Node: 'c'

2021-11-21T23:53:19,180|[DEBUG] HqlSqlBaseWalker - select << begin [level=1, statement=select]
2021-11-21T23:53:19,186|[DEBUG] FromElement - FromClause{level=1} : bloodbank.entity.Contact (c) -> contact0_
2021-11-21T23:53:19,187|[DEBUG] FromReferenceNode - Resolved : c -> contact0_.person_id, contact0_.phone_id
2021-11-21T23:53:19,188|[DEBUG] HqlSqlBaseWalker - select : finishing up [level=1, statement=select]
2021-11-21T23:53:19,188|[DEBUG] HqlSqlWalker - processQuery() :  ( SELECT ( {select clause} contact0_.person_id, contact0_.phone_id ) ( FromClause{level=1} contact contact0_ ) )
2021-11-21T23:53:19,191|[DEBUG] JoinProcessor - Tables referenced from query nodes:
 \-QueryNode
    +-SelectClause
    | referencedTables(entity Contact): [contact]
    |  +-IdentNode
    |  | persister: SingleTableEntityPersister(bloodbank.entity.Contact)
    |  | originalText: c
    |  \-SqlFragment
    \-FromClause
       \-FromElement

2021-11-21T23:53:19,192|[DEBUG] JoinProcessor - Using FROM fragment [contact contact0_]
2021-11-21T23:53:19,192|[DEBUG] HqlSqlBaseWalker - select >> end [level=1, statement=select]
2021-11-21T23:53:19,192|[DEBUG] QueryTranslatorImpl - --- SQL AST ---
 \-[SELECT] QueryNode: 'SELECT'  querySpaces (contact)
    +-[SELECT_CLAUSE] SelectClause: '{select clause}'
    |  +-[ALIAS_REF] IdentNode: 'contact0_.person_id as person_i1_3_, contact0_.phone_id as phone_id2_3_' {alias=c, className=bloodbank.entity.Contact, tableAlias=contact0_}
    |  \-[SQL_TOKEN] SqlFragment: 'contact0_.created as created3_3_, contact0_.updated as updated4_3_, contact0_.version as version5_3_, contact0_.address_id as address_8_3_, contact0_.contact_type as contact_6_3_, contact0_.email as email7_3_'
    \-[FROM] FromClause: 'FROM' FromClause{level=1, fromElementCounter=1, fromElements=1, fromElementByClassAlias=[c], fromElementByTableAlias=[contact0_], fromElementsByPath=[], collectionJoinFromElementsByPath=[], impliedElements=[]}
       \-[FROM_FRAGMENT] FromElement: 'contact contact0_' FromElement{explicit,not a collection join,not a fetch join,fetch non-lazy properties,classAlias=c,role=null,tableName=contact,tableAlias=contact0_,origin=null,columns={,className=bloodbank.entity.Contact}}

2021-11-21T23:53:19,192|[DEBUG] ErrorTracker - throwQueryException() : no errors
2021-11-21T23:53:19,195|[DEBUG] QueryTranslatorImpl - HQL: SELECT c FROM bloodbank.entity.Contact c
2021-11-21T23:53:19,195|[DEBUG] QueryTranslatorImpl - SQL: select contact0_.person_id as person_i1_3_, contact0_.phone_id as phone_id2_3_, contact0_.created as created3_3_, contact0_.updated as updated4_3_, contact0_.version as version5_3_, contact0_.address_id as address_8_3_, contact0_.contact_type as contact_6_3_, contact0_.email as email7_3_ from contact contact0_
2021-11-21T23:53:19,195|[DEBUG] ErrorTracker - throwQueryException() : no errors
2021-11-21T23:53:19,199|[DEBUG] NamedQueryRepository - Checking named query: Phone.findAll
2021-11-21T23:53:19,199|[TRACE] QueryPlanCache - Unable to locate HQL query plan in cache; generating (SELECT p FROM Phone p)
2021-11-21T23:53:19,199|[DEBUG] QueryTranslatorImpl - parse() - HQL: SELECT p FROM bloodbank.entity.Phone p
2021-11-21T23:53:19,199|[TRACE] HqlParser - -> statement
2021-11-21T23:53:19,199|[TRACE] HqlParser - ---> selectStatement
2021-11-21T23:53:19,199|[TRACE] HqlParser - -----> queryRule
2021-11-21T23:53:19,199|[TRACE] HqlParser - -------> selectFrom
2021-11-21T23:53:19,199|[TRACE] HqlParser - ---------> selectClause
2021-11-21T23:53:19,199|[TRACE] HqlParser - -----------> selectedPropertiesList
2021-11-21T23:53:19,199|[TRACE] HqlParser - -------------> aliasedExpression
2021-11-21T23:53:19,199|[TRACE] HqlParser - ---------------> expression
2021-11-21T23:53:19,199|[TRACE] HqlParser - -----------------> logicalOrExpression
2021-11-21T23:53:19,199|[TRACE] HqlParser - -------------------> logicalAndExpression
2021-11-21T23:53:19,199|[TRACE] HqlParser - ---------------------> negatedExpression
2021-11-21T23:53:19,199|[TRACE] HqlParser - -----------------------> equalityExpression
2021-11-21T23:53:19,199|[TRACE] HqlParser - -------------------------> relationalExpression
2021-11-21T23:53:19,199|[TRACE] HqlParser - ---------------------------> concatenation
2021-11-21T23:53:19,200|[TRACE] HqlParser - -----------------------------> additiveExpression
2021-11-21T23:53:19,200|[TRACE] HqlParser - -------------------------------> multiplyExpression
2021-11-21T23:53:19,200|[TRACE] HqlParser - ---------------------------------> unaryExpression
2021-11-21T23:53:19,200|[TRACE] HqlParser - -----------------------------------> atom
2021-11-21T23:53:19,200|[TRACE] HqlParser - -------------------------------------> primaryExpression
2021-11-21T23:53:19,200|[TRACE] HqlParser - ---------------------------------------> identPrimary
2021-11-21T23:53:19,200|[TRACE] HqlParser - -----------------------------------------> identPrimaryBase
2021-11-21T23:53:19,200|[TRACE] HqlParser - -------------------------------------------> identifier
2021-11-21T23:53:19,200|[TRACE] HqlParser - <------------------------------------------- identifier
2021-11-21T23:53:19,200|[TRACE] HqlParser - <----------------------------------------- identPrimaryBase
2021-11-21T23:53:19,200|[TRACE] HqlParser - <--------------------------------------- identPrimary
2021-11-21T23:53:19,200|[TRACE] HqlParser - <------------------------------------- primaryExpression
2021-11-21T23:53:19,200|[TRACE] HqlParser - <----------------------------------- atom
2021-11-21T23:53:19,200|[TRACE] HqlParser - <--------------------------------- unaryExpression
2021-11-21T23:53:19,200|[TRACE] HqlParser - <------------------------------- multiplyExpression
2021-11-21T23:53:19,200|[TRACE] HqlParser - <----------------------------- additiveExpression
2021-11-21T23:53:19,200|[TRACE] HqlParser - <--------------------------- concatenation
2021-11-21T23:53:19,200|[TRACE] HqlParser - <------------------------- relationalExpression
2021-11-21T23:53:19,200|[TRACE] HqlParser - <----------------------- equalityExpression
2021-11-21T23:53:19,200|[TRACE] HqlParser - <--------------------- negatedExpression
2021-11-21T23:53:19,200|[TRACE] HqlParser - <------------------- logicalAndExpression
2021-11-21T23:53:19,200|[TRACE] HqlParser - <----------------- logicalOrExpression
2021-11-21T23:53:19,200|[TRACE] HqlParser - <--------------- expression
2021-11-21T23:53:19,200|[TRACE] HqlParser - <------------- aliasedExpression
2021-11-21T23:53:19,200|[TRACE] HqlParser - <----------- selectedPropertiesList
2021-11-21T23:53:19,200|[TRACE] HqlParser - <--------- selectClause
2021-11-21T23:53:19,200|[TRACE] HqlParser - ---------> fromClause
2021-11-21T23:53:19,200|[TRACE] HqlParser - -----------> fromRange
2021-11-21T23:53:19,200|[TRACE] HqlParser - -------------> fromClassOrOuterQueryPath
2021-11-21T23:53:19,200|[TRACE] HqlParser - ---------------> path
2021-11-21T23:53:19,200|[TRACE] HqlParser - -----------------> identifier
2021-11-21T23:53:19,200|[TRACE] HqlParser - <----------------- identifier
2021-11-21T23:53:19,200|[TRACE] HqlParser - -----------------> identifier
2021-11-21T23:53:19,200|[TRACE] HqlParser - <----------------- identifier
2021-11-21T23:53:19,200|[TRACE] HqlParser - -----------------> identifier
2021-11-21T23:53:19,200|[TRACE] HqlParser - <----------------- identifier
2021-11-21T23:53:19,200|[TRACE] HqlParser - <--------------- path
2021-11-21T23:53:19,200|[TRACE] HqlParser - ---------------> asAlias
2021-11-21T23:53:19,200|[TRACE] HqlParser - -----------------> alias
2021-11-21T23:53:19,200|[TRACE] HqlParser - -------------------> identifier
2021-11-21T23:53:19,200|[TRACE] HqlParser - <------------------- identifier
2021-11-21T23:53:19,200|[TRACE] HqlParser - <----------------- alias
2021-11-21T23:53:19,200|[TRACE] HqlParser - <--------------- asAlias
2021-11-21T23:53:19,200|[TRACE] HqlParser - <------------- fromClassOrOuterQueryPath
2021-11-21T23:53:19,200|[TRACE] HqlParser - <----------- fromRange
2021-11-21T23:53:19,200|[TRACE] HqlParser - <--------- fromClause
2021-11-21T23:53:19,200|[TRACE] HqlParser - <------- selectFrom
2021-11-21T23:53:19,200|[TRACE] HqlParser - <----- queryRule
2021-11-21T23:53:19,200|[TRACE] HqlParser - <--- selectStatement
2021-11-21T23:53:19,200|[TRACE] HqlParser - <- statement
2021-11-21T23:53:19,200|[DEBUG] ErrorTracker - throwQueryException() : no errors
2021-11-21T23:53:19,201|[DEBUG] QueryTranslatorImpl - --- HQL AST ---
 \-[QUERY] Node: 'query'
    \-[SELECT_FROM] Node: 'SELECT_FROM'
       +-[FROM] Node: 'FROM'
       |  \-[RANGE] Node: 'RANGE'
       |     +-[DOT] Node: '.'
       |     |  +-[DOT] Node: '.'
       |     |  |  +-[IDENT] Node: 'bloodbank'
       |     |  |  \-[IDENT] Node: 'entity'
       |     |  \-[IDENT] Node: 'Phone'
       |     \-[ALIAS] Node: 'p'
       \-[SELECT] Node: 'SELECT'
          \-[IDENT] Node: 'p'

2021-11-21T23:53:19,201|[DEBUG] HqlSqlBaseWalker - select << begin [level=1, statement=select]
2021-11-21T23:53:19,201|[DEBUG] FromElement - FromClause{level=1} : bloodbank.entity.Phone (p) -> phone0_
2021-11-21T23:53:19,201|[DEBUG] FromReferenceNode - Resolved : p -> phone0_.phone_id
2021-11-21T23:53:19,201|[DEBUG] HqlSqlBaseWalker - select : finishing up [level=1, statement=select]
2021-11-21T23:53:19,201|[DEBUG] HqlSqlWalker - processQuery() :  ( SELECT ( {select clause} phone0_.phone_id ) ( FromClause{level=1} phone phone0_ ) )
2021-11-21T23:53:19,201|[DEBUG] JoinProcessor - Tables referenced from query nodes:
 \-QueryNode
    +-SelectClause
    | referencedTables(entity Phone): [phone]
    |  +-IdentNode
    |  | persister: SingleTableEntityPersister(bloodbank.entity.Phone)
    |  | originalText: p
    |  \-SqlFragment
    \-FromClause
       \-FromElement

2021-11-21T23:53:19,201|[DEBUG] JoinProcessor - Using FROM fragment [phone phone0_]
2021-11-21T23:53:19,201|[DEBUG] HqlSqlBaseWalker - select >> end [level=1, statement=select]
2021-11-21T23:53:19,201|[DEBUG] QueryTranslatorImpl - --- SQL AST ---
 \-[SELECT] QueryNode: 'SELECT'  querySpaces (phone)
    +-[SELECT_CLAUSE] SelectClause: '{select clause}'
    |  +-[ALIAS_REF] IdentNode: 'phone0_.phone_id as phone_id1_6_' {alias=p, className=bloodbank.entity.Phone, tableAlias=phone0_}
    |  \-[SQL_TOKEN] SqlFragment: 'phone0_.created as created2_6_, phone0_.updated as updated3_6_, phone0_.version as version4_6_, phone0_.area_code as area_cod5_6_, phone0_.country_code as country_6_6_, phone0_.number as number7_6_'
    \-[FROM] FromClause: 'FROM' FromClause{level=1, fromElementCounter=1, fromElements=1, fromElementByClassAlias=[p], fromElementByTableAlias=[phone0_], fromElementsByPath=[], collectionJoinFromElementsByPath=[], impliedElements=[]}
       \-[FROM_FRAGMENT] FromElement: 'phone phone0_' FromElement{explicit,not a collection join,not a fetch join,fetch non-lazy properties,classAlias=p,role=null,tableName=phone,tableAlias=phone0_,origin=null,columns={,className=bloodbank.entity.Phone}}

2021-11-21T23:53:19,201|[DEBUG] ErrorTracker - throwQueryException() : no errors
2021-11-21T23:53:19,201|[DEBUG] QueryTranslatorImpl - HQL: SELECT p FROM bloodbank.entity.Phone p
2021-11-21T23:53:19,201|[DEBUG] QueryTranslatorImpl - SQL: select phone0_.phone_id as phone_id1_6_, phone0_.created as created2_6_, phone0_.updated as updated3_6_, phone0_.version as version4_6_, phone0_.area_code as area_cod5_6_, phone0_.country_code as country_6_6_, phone0_.number as number7_6_ from phone phone0_
2021-11-21T23:53:19,201|[DEBUG] ErrorTracker - throwQueryException() : no errors
2021-11-21T23:53:19,201|[DEBUG] NamedQueryRepository - Checking named query: BloodBank.findAll
2021-11-21T23:53:19,201|[TRACE] QueryPlanCache - Unable to locate HQL query plan in cache; generating (SELECT b FROM BloodBank b)
2021-11-21T23:53:19,201|[DEBUG] QueryTranslatorImpl - parse() - HQL: SELECT b FROM bloodbank.entity.BloodBank b
2021-11-21T23:53:19,201|[TRACE] HqlParser - -> statement
2021-11-21T23:53:19,201|[TRACE] HqlParser - ---> selectStatement
2021-11-21T23:53:19,201|[TRACE] HqlParser - -----> queryRule
2021-11-21T23:53:19,201|[TRACE] HqlParser - -------> selectFrom
2021-11-21T23:53:19,201|[TRACE] HqlParser - ---------> selectClause
2021-11-21T23:53:19,201|[TRACE] HqlParser - -----------> selectedPropertiesList
2021-11-21T23:53:19,201|[TRACE] HqlParser - -------------> aliasedExpression
2021-11-21T23:53:19,201|[TRACE] HqlParser - ---------------> expression
2021-11-21T23:53:19,201|[TRACE] HqlParser - -----------------> logicalOrExpression
2021-11-21T23:53:19,201|[TRACE] HqlParser - -------------------> logicalAndExpression
2021-11-21T23:53:19,202|[TRACE] HqlParser - ---------------------> negatedExpression
2021-11-21T23:53:19,202|[TRACE] HqlParser - -----------------------> equalityExpression
2021-11-21T23:53:19,202|[TRACE] HqlParser - -------------------------> relationalExpression
2021-11-21T23:53:19,202|[TRACE] HqlParser - ---------------------------> concatenation
2021-11-21T23:53:19,202|[TRACE] HqlParser - -----------------------------> additiveExpression
2021-11-21T23:53:19,202|[TRACE] HqlParser - -------------------------------> multiplyExpression
2021-11-21T23:53:19,202|[TRACE] HqlParser - ---------------------------------> unaryExpression
2021-11-21T23:53:19,202|[TRACE] HqlParser - -----------------------------------> atom
2021-11-21T23:53:19,202|[TRACE] HqlParser - -------------------------------------> primaryExpression
2021-11-21T23:53:19,202|[TRACE] HqlParser - ---------------------------------------> identPrimary
2021-11-21T23:53:19,202|[TRACE] HqlParser - -----------------------------------------> identPrimaryBase
2021-11-21T23:53:19,202|[TRACE] HqlParser - -------------------------------------------> identifier
2021-11-21T23:53:19,202|[TRACE] HqlParser - <------------------------------------------- identifier
2021-11-21T23:53:19,202|[TRACE] HqlParser - <----------------------------------------- identPrimaryBase
2021-11-21T23:53:19,202|[TRACE] HqlParser - <--------------------------------------- identPrimary
2021-11-21T23:53:19,202|[TRACE] HqlParser - <------------------------------------- primaryExpression
2021-11-21T23:53:19,202|[TRACE] HqlParser - <----------------------------------- atom
2021-11-21T23:53:19,202|[TRACE] HqlParser - <--------------------------------- unaryExpression
2021-11-21T23:53:19,202|[TRACE] HqlParser - <------------------------------- multiplyExpression
2021-11-21T23:53:19,202|[TRACE] HqlParser - <----------------------------- additiveExpression
2021-11-21T23:53:19,202|[TRACE] HqlParser - <--------------------------- concatenation
2021-11-21T23:53:19,202|[TRACE] HqlParser - <------------------------- relationalExpression
2021-11-21T23:53:19,202|[TRACE] HqlParser - <----------------------- equalityExpression
2021-11-21T23:53:19,202|[TRACE] HqlParser - <--------------------- negatedExpression
2021-11-21T23:53:19,202|[TRACE] HqlParser - <------------------- logicalAndExpression
2021-11-21T23:53:19,202|[TRACE] HqlParser - <----------------- logicalOrExpression
2021-11-21T23:53:19,202|[TRACE] HqlParser - <--------------- expression
2021-11-21T23:53:19,202|[TRACE] HqlParser - <------------- aliasedExpression
2021-11-21T23:53:19,202|[TRACE] HqlParser - <----------- selectedPropertiesList
2021-11-21T23:53:19,202|[TRACE] HqlParser - <--------- selectClause
2021-11-21T23:53:19,202|[TRACE] HqlParser - ---------> fromClause
2021-11-21T23:53:19,202|[TRACE] HqlParser - -----------> fromRange
2021-11-21T23:53:19,202|[TRACE] HqlParser - -------------> fromClassOrOuterQueryPath
2021-11-21T23:53:19,202|[TRACE] HqlParser - ---------------> path
2021-11-21T23:53:19,202|[TRACE] HqlParser - -----------------> identifier
2021-11-21T23:53:19,202|[TRACE] HqlParser - <----------------- identifier
2021-11-21T23:53:19,202|[TRACE] HqlParser - -----------------> identifier
2021-11-21T23:53:19,202|[TRACE] HqlParser - <----------------- identifier
2021-11-21T23:53:19,202|[TRACE] HqlParser - -----------------> identifier
2021-11-21T23:53:19,202|[TRACE] HqlParser - <----------------- identifier
2021-11-21T23:53:19,202|[TRACE] HqlParser - <--------------- path
2021-11-21T23:53:19,202|[TRACE] HqlParser - ---------------> asAlias
2021-11-21T23:53:19,202|[TRACE] HqlParser - -----------------> alias
2021-11-21T23:53:19,202|[TRACE] HqlParser - -------------------> identifier
2021-11-21T23:53:19,202|[TRACE] HqlParser - <------------------- identifier
2021-11-21T23:53:19,202|[TRACE] HqlParser - <----------------- alias
2021-11-21T23:53:19,202|[TRACE] HqlParser - <--------------- asAlias
2021-11-21T23:53:19,202|[TRACE] HqlParser - <------------- fromClassOrOuterQueryPath
2021-11-21T23:53:19,202|[TRACE] HqlParser - <----------- fromRange
2021-11-21T23:53:19,202|[TRACE] HqlParser - <--------- fromClause
2021-11-21T23:53:19,202|[TRACE] HqlParser - <------- selectFrom
2021-11-21T23:53:19,202|[TRACE] HqlParser - <----- queryRule
2021-11-21T23:53:19,202|[TRACE] HqlParser - <--- selectStatement
2021-11-21T23:53:19,202|[TRACE] HqlParser - <- statement
2021-11-21T23:53:19,202|[DEBUG] ErrorTracker - throwQueryException() : no errors
2021-11-21T23:53:19,202|[DEBUG] QueryTranslatorImpl - --- HQL AST ---
 \-[QUERY] Node: 'query'
    \-[SELECT_FROM] Node: 'SELECT_FROM'
       +-[FROM] Node: 'FROM'
       |  \-[RANGE] Node: 'RANGE'
       |     +-[DOT] Node: '.'
       |     |  +-[DOT] Node: '.'
       |     |  |  +-[IDENT] Node: 'bloodbank'
       |     |  |  \-[IDENT] Node: 'entity'
       |     |  \-[IDENT] Node: 'BloodBank'
       |     \-[ALIAS] Node: 'b'
       \-[SELECT] Node: 'SELECT'
          \-[IDENT] Node: 'b'

2021-11-21T23:53:19,202|[DEBUG] HqlSqlBaseWalker - select << begin [level=1, statement=select]
2021-11-21T23:53:19,202|[DEBUG] FromElement - FromClause{level=1} : bloodbank.entity.BloodBank (b) -> bloodbank0_
2021-11-21T23:53:19,202|[DEBUG] FromReferenceNode - Resolved : b -> bloodbank0_.bank_id
2021-11-21T23:53:19,202|[DEBUG] HqlSqlBaseWalker - select : finishing up [level=1, statement=select]
2021-11-21T23:53:19,203|[DEBUG] HqlSqlWalker - processQuery() :  ( SELECT ( {select clause} bloodbank0_.bank_id ) ( FromClause{level=1} blood_bank bloodbank0_ ) )
2021-11-21T23:53:19,203|[DEBUG] JoinProcessor - Tables referenced from query nodes:
 \-QueryNode
    +-SelectClause
    | referencedTables(entity BloodBank): [blood_bank]
    |  +-IdentNode
    |  | persister: SingleTableEntityPersister(bloodbank.entity.BloodBank)
    |  | originalText: b
    |  \-SqlFragment
    \-FromClause
       \-FromElement

2021-11-21T23:53:19,203|[DEBUG] JoinProcessor - Using FROM fragment [blood_bank bloodbank0_]
2021-11-21T23:53:19,203|[DEBUG] HqlSqlBaseWalker - select >> end [level=1, statement=select]
2021-11-21T23:53:19,203|[DEBUG] QueryTranslatorImpl - --- SQL AST ---
 \-[SELECT] QueryNode: 'SELECT'  querySpaces (blood_bank)
    +-[SELECT_CLAUSE] SelectClause: '{select clause}'
    |  +-[ALIAS_REF] IdentNode: 'bloodbank0_.bank_id as bank_id2_1_' {alias=b, className=bloodbank.entity.BloodBank, tableAlias=bloodbank0_}
    |  \-[SQL_TOKEN] SqlFragment: 'bloodbank0_.created as created3_1_, bloodbank0_.updated as updated4_1_, bloodbank0_.version as version5_1_, bloodbank0_.name as name6_1_, bloodbank0_.privately_owned as privatel1_1_'
    \-[FROM] FromClause: 'FROM' FromClause{level=1, fromElementCounter=1, fromElements=1, fromElementByClassAlias=[b], fromElementByTableAlias=[bloodbank0_], fromElementsByPath=[], collectionJoinFromElementsByPath=[], impliedElements=[]}
       \-[FROM_FRAGMENT] FromElement: 'blood_bank bloodbank0_' FromElement{explicit,not a collection join,not a fetch join,fetch non-lazy properties,classAlias=b,role=null,tableName=blood_bank,tableAlias=bloodbank0_,origin=null,columns={,className=bloodbank.entity.BloodBank}}

2021-11-21T23:53:19,203|[DEBUG] ErrorTracker - throwQueryException() : no errors
2021-11-21T23:53:19,203|[DEBUG] QueryTranslatorImpl - HQL: SELECT b FROM bloodbank.entity.BloodBank b
2021-11-21T23:53:19,203|[DEBUG] QueryTranslatorImpl - SQL: select bloodbank0_.bank_id as bank_id2_1_, bloodbank0_.created as created3_1_, bloodbank0_.updated as updated4_1_, bloodbank0_.version as version5_1_, bloodbank0_.name as name6_1_, bloodbank0_.privately_owned as privatel1_1_ from blood_bank bloodbank0_
2021-11-21T23:53:19,203|[DEBUG] ErrorTracker - throwQueryException() : no errors
2021-11-21T23:53:19,203|[DEBUG] NamedQueryRepository - Checking named query: Address.findAll
2021-11-21T23:53:19,203|[TRACE] QueryPlanCache - Unable to locate HQL query plan in cache; generating (SELECT a FROM Address a)
2021-11-21T23:53:19,203|[DEBUG] QueryTranslatorImpl - parse() - HQL: SELECT a FROM bloodbank.entity.Address a
2021-11-21T23:53:19,203|[TRACE] HqlParser - -> statement
2021-11-21T23:53:19,203|[TRACE] HqlParser - ---> selectStatement
2021-11-21T23:53:19,203|[TRACE] HqlParser - -----> queryRule
2021-11-21T23:53:19,203|[TRACE] HqlParser - -------> selectFrom
2021-11-21T23:53:19,203|[TRACE] HqlParser - ---------> selectClause
2021-11-21T23:53:19,203|[TRACE] HqlParser - -----------> selectedPropertiesList
2021-11-21T23:53:19,203|[TRACE] HqlParser - -------------> aliasedExpression
2021-11-21T23:53:19,203|[TRACE] HqlParser - ---------------> expression
2021-11-21T23:53:19,203|[TRACE] HqlParser - -----------------> logicalOrExpression
2021-11-21T23:53:19,203|[TRACE] HqlParser - -------------------> logicalAndExpression
2021-11-21T23:53:19,203|[TRACE] HqlParser - ---------------------> negatedExpression
2021-11-21T23:53:19,203|[TRACE] HqlParser - -----------------------> equalityExpression
2021-11-21T23:53:19,203|[TRACE] HqlParser - -------------------------> relationalExpression
2021-11-21T23:53:19,203|[TRACE] HqlParser - ---------------------------> concatenation
2021-11-21T23:53:19,203|[TRACE] HqlParser - -----------------------------> additiveExpression
2021-11-21T23:53:19,203|[TRACE] HqlParser - -------------------------------> multiplyExpression
2021-11-21T23:53:19,203|[TRACE] HqlParser - ---------------------------------> unaryExpression
2021-11-21T23:53:19,203|[TRACE] HqlParser - -----------------------------------> atom
2021-11-21T23:53:19,203|[TRACE] HqlParser - -------------------------------------> primaryExpression
2021-11-21T23:53:19,203|[TRACE] HqlParser - ---------------------------------------> identPrimary
2021-11-21T23:53:19,203|[TRACE] HqlParser - -----------------------------------------> identPrimaryBase
2021-11-21T23:53:19,203|[TRACE] HqlParser - -------------------------------------------> identifier
2021-11-21T23:53:19,203|[TRACE] HqlParser - <------------------------------------------- identifier
2021-11-21T23:53:19,203|[TRACE] HqlParser - <----------------------------------------- identPrimaryBase
2021-11-21T23:53:19,203|[TRACE] HqlParser - <--------------------------------------- identPrimary
2021-11-21T23:53:19,203|[TRACE] HqlParser - <------------------------------------- primaryExpression
2021-11-21T23:53:19,203|[TRACE] HqlParser - <----------------------------------- atom
2021-11-21T23:53:19,203|[TRACE] HqlParser - <--------------------------------- unaryExpression
2021-11-21T23:53:19,203|[TRACE] HqlParser - <------------------------------- multiplyExpression
2021-11-21T23:53:19,203|[TRACE] HqlParser - <----------------------------- additiveExpression
2021-11-21T23:53:19,203|[TRACE] HqlParser - <--------------------------- concatenation
2021-11-21T23:53:19,203|[TRACE] HqlParser - <------------------------- relationalExpression
2021-11-21T23:53:19,203|[TRACE] HqlParser - <----------------------- equalityExpression
2021-11-21T23:53:19,203|[TRACE] HqlParser - <--------------------- negatedExpression
2021-11-21T23:53:19,203|[TRACE] HqlParser - <------------------- logicalAndExpression
2021-11-21T23:53:19,203|[TRACE] HqlParser - <----------------- logicalOrExpression
2021-11-21T23:53:19,203|[TRACE] HqlParser - <--------------- expression
2021-11-21T23:53:19,203|[TRACE] HqlParser - <------------- aliasedExpression
2021-11-21T23:53:19,203|[TRACE] HqlParser - <----------- selectedPropertiesList
2021-11-21T23:53:19,203|[TRACE] HqlParser - <--------- selectClause
2021-11-21T23:53:19,203|[TRACE] HqlParser - ---------> fromClause
2021-11-21T23:53:19,203|[TRACE] HqlParser - -----------> fromRange
2021-11-21T23:53:19,203|[TRACE] HqlParser - -------------> fromClassOrOuterQueryPath
2021-11-21T23:53:19,203|[TRACE] HqlParser - ---------------> path
2021-11-21T23:53:19,203|[TRACE] HqlParser - -----------------> identifier
2021-11-21T23:53:19,203|[TRACE] HqlParser - <----------------- identifier
2021-11-21T23:53:19,203|[TRACE] HqlParser - -----------------> identifier
2021-11-21T23:53:19,203|[TRACE] HqlParser - <----------------- identifier
2021-11-21T23:53:19,203|[TRACE] HqlParser - -----------------> identifier
2021-11-21T23:53:19,203|[TRACE] HqlParser - <----------------- identifier
2021-11-21T23:53:19,203|[TRACE] HqlParser - <--------------- path
2021-11-21T23:53:19,203|[TRACE] HqlParser - ---------------> asAlias
2021-11-21T23:53:19,203|[TRACE] HqlParser - -----------------> alias
2021-11-21T23:53:19,203|[TRACE] HqlParser - -------------------> identifier
2021-11-21T23:53:19,203|[TRACE] HqlParser - <------------------- identifier
2021-11-21T23:53:19,203|[TRACE] HqlParser - <----------------- alias
2021-11-21T23:53:19,203|[TRACE] HqlParser - <--------------- asAlias
2021-11-21T23:53:19,203|[TRACE] HqlParser - <------------- fromClassOrOuterQueryPath
2021-11-21T23:53:19,203|[TRACE] HqlParser - <----------- fromRange
2021-11-21T23:53:19,203|[TRACE] HqlParser - <--------- fromClause
2021-11-21T23:53:19,203|[TRACE] HqlParser - <------- selectFrom
2021-11-21T23:53:19,203|[TRACE] HqlParser - <----- queryRule
2021-11-21T23:53:19,203|[TRACE] HqlParser - <--- selectStatement
2021-11-21T23:53:19,203|[TRACE] HqlParser - <- statement
2021-11-21T23:53:19,203|[DEBUG] ErrorTracker - throwQueryException() : no errors
2021-11-21T23:53:19,204|[DEBUG] QueryTranslatorImpl - --- HQL AST ---
 \-[QUERY] Node: 'query'
    \-[SELECT_FROM] Node: 'SELECT_FROM'
       +-[FROM] Node: 'FROM'
       |  \-[RANGE] Node: 'RANGE'
       |     +-[DOT] Node: '.'
       |     |  +-[DOT] Node: '.'
       |     |  |  +-[IDENT] Node: 'bloodbank'
       |     |  |  \-[IDENT] Node: 'entity'
       |     |  \-[IDENT] Node: 'Address'
       |     \-[ALIAS] Node: 'a'
       \-[SELECT] Node: 'SELECT'
          \-[IDENT] Node: 'a'

2021-11-21T23:53:19,204|[DEBUG] HqlSqlBaseWalker - select << begin [level=1, statement=select]
2021-11-21T23:53:19,204|[DEBUG] FromElement - FromClause{level=1} : bloodbank.entity.Address (a) -> address0_
2021-11-21T23:53:19,204|[DEBUG] FromReferenceNode - Resolved : a -> address0_.address_id
2021-11-21T23:53:19,204|[DEBUG] HqlSqlBaseWalker - select : finishing up [level=1, statement=select]
2021-11-21T23:53:19,204|[DEBUG] HqlSqlWalker - processQuery() :  ( SELECT ( {select clause} address0_.address_id ) ( FromClause{level=1} address address0_ ) )
2021-11-21T23:53:19,204|[DEBUG] JoinProcessor - Tables referenced from query nodes:
 \-QueryNode
    +-SelectClause
    | referencedTables(entity Address): [address]
    |  +-IdentNode
    |  | persister: SingleTableEntityPersister(bloodbank.entity.Address)
    |  | originalText: a
    |  \-SqlFragment
    \-FromClause
       \-FromElement

2021-11-21T23:53:19,204|[DEBUG] JoinProcessor - Using FROM fragment [address address0_]
2021-11-21T23:53:19,204|[DEBUG] HqlSqlBaseWalker - select >> end [level=1, statement=select]
2021-11-21T23:53:19,204|[DEBUG] QueryTranslatorImpl - --- SQL AST ---
 \-[SELECT] QueryNode: 'SELECT'  querySpaces (address)
    +-[SELECT_CLAUSE] SelectClause: '{select clause}'
    |  +-[ALIAS_REF] IdentNode: 'address0_.address_id as address_1_0_' {alias=a, className=bloodbank.entity.Address, tableAlias=address0_}
    |  \-[SQL_TOKEN] SqlFragment: 'address0_.created as created2_0_, address0_.updated as updated3_0_, address0_.version as version4_0_, address0_.city as city5_0_, address0_.country as country6_0_, address0_.province as province7_0_, address0_.street as street8_0_, address0_.street_number as street_n9_0_, address0_.zipcode as zipcode10_0_'
    \-[FROM] FromClause: 'FROM' FromClause{level=1, fromElementCounter=1, fromElements=1, fromElementByClassAlias=[a], fromElementByTableAlias=[address0_], fromElementsByPath=[], collectionJoinFromElementsByPath=[], impliedElements=[]}
       \-[FROM_FRAGMENT] FromElement: 'address address0_' FromElement{explicit,not a collection join,not a fetch join,fetch non-lazy properties,classAlias=a,role=null,tableName=address,tableAlias=address0_,origin=null,columns={,className=bloodbank.entity.Address}}

2021-11-21T23:53:19,204|[DEBUG] ErrorTracker - throwQueryException() : no errors
2021-11-21T23:53:19,204|[DEBUG] QueryTranslatorImpl - HQL: SELECT a FROM bloodbank.entity.Address a
2021-11-21T23:53:19,204|[DEBUG] QueryTranslatorImpl - SQL: select address0_.address_id as address_1_0_, address0_.created as created2_0_, address0_.updated as updated3_0_, address0_.version as version4_0_, address0_.city as city5_0_, address0_.country as country6_0_, address0_.province as province7_0_, address0_.street as street8_0_, address0_.street_number as street_n9_0_, address0_.zipcode as zipcode10_0_ from address address0_
2021-11-21T23:53:19,204|[DEBUG] ErrorTracker - throwQueryException() : no errors
2021-11-21T23:53:19,204|[DEBUG] NamedQueryRepository - Checking named query: BloodDonation.findAll
2021-11-21T23:53:19,204|[TRACE] QueryPlanCache - Unable to locate HQL query plan in cache; generating (SELECT b FROM BloodDonation b)
2021-11-21T23:53:19,204|[DEBUG] QueryTranslatorImpl - parse() - HQL: SELECT b FROM bloodbank.entity.BloodDonation b
2021-11-21T23:53:19,204|[TRACE] HqlParser - -> statement
2021-11-21T23:53:19,204|[TRACE] HqlParser - ---> selectStatement
2021-11-21T23:53:19,204|[TRACE] HqlParser - -----> queryRule
2021-11-21T23:53:19,204|[TRACE] HqlParser - -------> selectFrom
2021-11-21T23:53:19,204|[TRACE] HqlParser - ---------> selectClause
2021-11-21T23:53:19,204|[TRACE] HqlParser - -----------> selectedPropertiesList
2021-11-21T23:53:19,204|[TRACE] HqlParser - -------------> aliasedExpression
2021-11-21T23:53:19,204|[TRACE] HqlParser - ---------------> expression
2021-11-21T23:53:19,204|[TRACE] HqlParser - -----------------> logicalOrExpression
2021-11-21T23:53:19,204|[TRACE] HqlParser - -------------------> logicalAndExpression
2021-11-21T23:53:19,204|[TRACE] HqlParser - ---------------------> negatedExpression
2021-11-21T23:53:19,204|[TRACE] HqlParser - -----------------------> equalityExpression
2021-11-21T23:53:19,204|[TRACE] HqlParser - -------------------------> relationalExpression
2021-11-21T23:53:19,204|[TRACE] HqlParser - ---------------------------> concatenation
2021-11-21T23:53:19,204|[TRACE] HqlParser - -----------------------------> additiveExpression
2021-11-21T23:53:19,204|[TRACE] HqlParser - -------------------------------> multiplyExpression
2021-11-21T23:53:19,204|[TRACE] HqlParser - ---------------------------------> unaryExpression
2021-11-21T23:53:19,204|[TRACE] HqlParser - -----------------------------------> atom
2021-11-21T23:53:19,205|[TRACE] HqlParser - -------------------------------------> primaryExpression
2021-11-21T23:53:19,205|[TRACE] HqlParser - ---------------------------------------> identPrimary
2021-11-21T23:53:19,205|[TRACE] HqlParser - -----------------------------------------> identPrimaryBase
2021-11-21T23:53:19,205|[TRACE] HqlParser - -------------------------------------------> identifier
2021-11-21T23:53:19,205|[TRACE] HqlParser - <------------------------------------------- identifier
2021-11-21T23:53:19,205|[TRACE] HqlParser - <----------------------------------------- identPrimaryBase
2021-11-21T23:53:19,205|[TRACE] HqlParser - <--------------------------------------- identPrimary
2021-11-21T23:53:19,205|[TRACE] HqlParser - <------------------------------------- primaryExpression
2021-11-21T23:53:19,205|[TRACE] HqlParser - <----------------------------------- atom
2021-11-21T23:53:19,205|[TRACE] HqlParser - <--------------------------------- unaryExpression
2021-11-21T23:53:19,205|[TRACE] HqlParser - <------------------------------- multiplyExpression
2021-11-21T23:53:19,205|[TRACE] HqlParser - <----------------------------- additiveExpression
2021-11-21T23:53:19,205|[TRACE] HqlParser - <--------------------------- concatenation
2021-11-21T23:53:19,205|[TRACE] HqlParser - <------------------------- relationalExpression
2021-11-21T23:53:19,205|[TRACE] HqlParser - <----------------------- equalityExpression
2021-11-21T23:53:19,205|[TRACE] HqlParser - <--------------------- negatedExpression
2021-11-21T23:53:19,205|[TRACE] HqlParser - <------------------- logicalAndExpression
2021-11-21T23:53:19,205|[TRACE] HqlParser - <----------------- logicalOrExpression
2021-11-21T23:53:19,205|[TRACE] HqlParser - <--------------- expression
2021-11-21T23:53:19,205|[TRACE] HqlParser - <------------- aliasedExpression
2021-11-21T23:53:19,205|[TRACE] HqlParser - <----------- selectedPropertiesList
2021-11-21T23:53:19,205|[TRACE] HqlParser - <--------- selectClause
2021-11-21T23:53:19,205|[TRACE] HqlParser - ---------> fromClause
2021-11-21T23:53:19,205|[TRACE] HqlParser - -----------> fromRange
2021-11-21T23:53:19,205|[TRACE] HqlParser - -------------> fromClassOrOuterQueryPath
2021-11-21T23:53:19,205|[TRACE] HqlParser - ---------------> path
2021-11-21T23:53:19,205|[TRACE] HqlParser - -----------------> identifier
2021-11-21T23:53:19,205|[TRACE] HqlParser - <----------------- identifier
2021-11-21T23:53:19,205|[TRACE] HqlParser - -----------------> identifier
2021-11-21T23:53:19,205|[TRACE] HqlParser - <----------------- identifier
2021-11-21T23:53:19,205|[TRACE] HqlParser - -----------------> identifier
2021-11-21T23:53:19,205|[TRACE] HqlParser - <----------------- identifier
2021-11-21T23:53:19,205|[TRACE] HqlParser - <--------------- path
2021-11-21T23:53:19,205|[TRACE] HqlParser - ---------------> asAlias
2021-11-21T23:53:19,205|[TRACE] HqlParser - -----------------> alias
2021-11-21T23:53:19,205|[TRACE] HqlParser - -------------------> identifier
2021-11-21T23:53:19,205|[TRACE] HqlParser - <------------------- identifier
2021-11-21T23:53:19,205|[TRACE] HqlParser - <----------------- alias
2021-11-21T23:53:19,205|[TRACE] HqlParser - <--------------- asAlias
2021-11-21T23:53:19,205|[TRACE] HqlParser - <------------- fromClassOrOuterQueryPath
2021-11-21T23:53:19,205|[TRACE] HqlParser - <----------- fromRange
2021-11-21T23:53:19,205|[TRACE] HqlParser - <--------- fromClause
2021-11-21T23:53:19,205|[TRACE] HqlParser - <------- selectFrom
2021-11-21T23:53:19,205|[TRACE] HqlParser - <----- queryRule
2021-11-21T23:53:19,205|[TRACE] HqlParser - <--- selectStatement
2021-11-21T23:53:19,205|[TRACE] HqlParser - <- statement
2021-11-21T23:53:19,205|[DEBUG] ErrorTracker - throwQueryException() : no errors
2021-11-21T23:53:19,205|[DEBUG] QueryTranslatorImpl - --- HQL AST ---
 \-[QUERY] Node: 'query'
    \-[SELECT_FROM] Node: 'SELECT_FROM'
       +-[FROM] Node: 'FROM'
       |  \-[RANGE] Node: 'RANGE'
       |     +-[DOT] Node: '.'
       |     |  +-[DOT] Node: '.'
       |     |  |  +-[IDENT] Node: 'bloodbank'
       |     |  |  \-[IDENT] Node: 'entity'
       |     |  \-[IDENT] Node: 'BloodDonation'
       |     \-[ALIAS] Node: 'b'
       \-[SELECT] Node: 'SELECT'
          \-[IDENT] Node: 'b'

2021-11-21T23:53:19,205|[DEBUG] HqlSqlBaseWalker - select << begin [level=1, statement=select]
2021-11-21T23:53:19,205|[DEBUG] FromElement - FromClause{level=1} : bloodbank.entity.BloodDonation (b) -> blooddonat0_
2021-11-21T23:53:19,205|[DEBUG] FromReferenceNode - Resolved : b -> blooddonat0_.donation_id
2021-11-21T23:53:19,205|[DEBUG] HqlSqlBaseWalker - select : finishing up [level=1, statement=select]
2021-11-21T23:53:19,205|[DEBUG] HqlSqlWalker - processQuery() :  ( SELECT ( {select clause} blooddonat0_.donation_id ) ( FromClause{level=1} blood_donation blooddonat0_ ) )
2021-11-21T23:53:19,205|[DEBUG] JoinProcessor - Tables referenced from query nodes:
 \-QueryNode
    +-SelectClause
    | referencedTables(entity BloodDonation): [blood_donation]
    |  +-IdentNode
    |  | persister: SingleTableEntityPersister(bloodbank.entity.BloodDonation)
    |  | originalText: b
    |  \-SqlFragment
    \-FromClause
       \-FromElement

2021-11-21T23:53:19,205|[DEBUG] JoinProcessor - Using FROM fragment [blood_donation blooddonat0_]
2021-11-21T23:53:19,205|[DEBUG] HqlSqlBaseWalker - select >> end [level=1, statement=select]
2021-11-21T23:53:19,205|[DEBUG] QueryTranslatorImpl - --- SQL AST ---
 \-[SELECT] QueryNode: 'SELECT'  querySpaces (blood_donation)
    +-[SELECT_CLAUSE] SelectClause: '{select clause}'
    |  +-[ALIAS_REF] IdentNode: 'blooddonat0_.donation_id as donation1_2_' {alias=b, className=bloodbank.entity.BloodDonation, tableAlias=blooddonat0_}
    |  \-[SQL_TOKEN] SqlFragment: 'blooddonat0_.created as created2_2_, blooddonat0_.updated as updated3_2_, blooddonat0_.version as version4_2_, blooddonat0_.bank_id as bank_id8_2_, blooddonat0_.blood_group as blood_gr5_2_, blooddonat0_.rhd as rhd6_2_, blooddonat0_.milliliters as millilit7_2_'
    \-[FROM] FromClause: 'FROM' FromClause{level=1, fromElementCounter=1, fromElements=1, fromElementByClassAlias=[b], fromElementByTableAlias=[blooddonat0_], fromElementsByPath=[], collectionJoinFromElementsByPath=[], impliedElements=[]}
       \-[FROM_FRAGMENT] FromElement: 'blood_donation blooddonat0_' FromElement{explicit,not a collection join,not a fetch join,fetch non-lazy properties,classAlias=b,role=null,tableName=blood_donation,tableAlias=blooddonat0_,origin=null,columns={,className=bloodbank.entity.BloodDonation}}

2021-11-21T23:53:19,205|[DEBUG] ErrorTracker - throwQueryException() : no errors
2021-11-21T23:53:19,205|[DEBUG] QueryTranslatorImpl - HQL: SELECT b FROM bloodbank.entity.BloodDonation b
2021-11-21T23:53:19,205|[DEBUG] QueryTranslatorImpl - SQL: select blooddonat0_.donation_id as donation1_2_, blooddonat0_.created as created2_2_, blooddonat0_.updated as updated3_2_, blooddonat0_.version as version4_2_, blooddonat0_.bank_id as bank_id8_2_, blooddonat0_.blood_group as blood_gr5_2_, blooddonat0_.rhd as rhd6_2_, blooddonat0_.milliliters as millilit7_2_ from blood_donation blooddonat0_
2021-11-21T23:53:19,205|[DEBUG] ErrorTracker - throwQueryException() : no errors
2021-11-21T23:53:19,205|[DEBUG] NamedQueryRepository - Checking named query: Person.findAll
2021-11-21T23:53:19,205|[TRACE] QueryPlanCache - Unable to locate HQL query plan in cache; generating (SELECT p FROM Person p)
2021-11-21T23:53:19,206|[DEBUG] QueryTranslatorImpl - parse() - HQL: SELECT p FROM bloodbank.entity.Person p
2021-11-21T23:53:19,206|[TRACE] HqlParser - -> statement
2021-11-21T23:53:19,206|[TRACE] HqlParser - ---> selectStatement
2021-11-21T23:53:19,206|[TRACE] HqlParser - -----> queryRule
2021-11-21T23:53:19,206|[TRACE] HqlParser - -------> selectFrom
2021-11-21T23:53:19,206|[TRACE] HqlParser - ---------> selectClause
2021-11-21T23:53:19,206|[TRACE] HqlParser - -----------> selectedPropertiesList
2021-11-21T23:53:19,206|[TRACE] HqlParser - -------------> aliasedExpression
2021-11-21T23:53:19,206|[TRACE] HqlParser - ---------------> expression
2021-11-21T23:53:19,206|[TRACE] HqlParser - -----------------> logicalOrExpression
2021-11-21T23:53:19,206|[TRACE] HqlParser - -------------------> logicalAndExpression
2021-11-21T23:53:19,206|[TRACE] HqlParser - ---------------------> negatedExpression
2021-11-21T23:53:19,206|[TRACE] HqlParser - -----------------------> equalityExpression
2021-11-21T23:53:19,206|[TRACE] HqlParser - -------------------------> relationalExpression
2021-11-21T23:53:19,206|[TRACE] HqlParser - ---------------------------> concatenation
2021-11-21T23:53:19,206|[TRACE] HqlParser - -----------------------------> additiveExpression
2021-11-21T23:53:19,206|[TRACE] HqlParser - -------------------------------> multiplyExpression
2021-11-21T23:53:19,206|[TRACE] HqlParser - ---------------------------------> unaryExpression
2021-11-21T23:53:19,206|[TRACE] HqlParser - -----------------------------------> atom
2021-11-21T23:53:19,206|[TRACE] HqlParser - -------------------------------------> primaryExpression
2021-11-21T23:53:19,206|[TRACE] HqlParser - ---------------------------------------> identPrimary
2021-11-21T23:53:19,206|[TRACE] HqlParser - -----------------------------------------> identPrimaryBase
2021-11-21T23:53:19,206|[TRACE] HqlParser - -------------------------------------------> identifier
2021-11-21T23:53:19,206|[TRACE] HqlParser - <------------------------------------------- identifier
2021-11-21T23:53:19,206|[TRACE] HqlParser - <----------------------------------------- identPrimaryBase
2021-11-21T23:53:19,206|[TRACE] HqlParser - <--------------------------------------- identPrimary
2021-11-21T23:53:19,206|[TRACE] HqlParser - <------------------------------------- primaryExpression
2021-11-21T23:53:19,206|[TRACE] HqlParser - <----------------------------------- atom
2021-11-21T23:53:19,206|[TRACE] HqlParser - <--------------------------------- unaryExpression
2021-11-21T23:53:19,206|[TRACE] HqlParser - <------------------------------- multiplyExpression
2021-11-21T23:53:19,206|[TRACE] HqlParser - <----------------------------- additiveExpression
2021-11-21T23:53:19,206|[TRACE] HqlParser - <--------------------------- concatenation
2021-11-21T23:53:19,206|[TRACE] HqlParser - <------------------------- relationalExpression
2021-11-21T23:53:19,206|[TRACE] HqlParser - <----------------------- equalityExpression
2021-11-21T23:53:19,206|[TRACE] HqlParser - <--------------------- negatedExpression
2021-11-21T23:53:19,206|[TRACE] HqlParser - <------------------- logicalAndExpression
2021-11-21T23:53:19,206|[TRACE] HqlParser - <----------------- logicalOrExpression
2021-11-21T23:53:19,206|[TRACE] HqlParser - <--------------- expression
2021-11-21T23:53:19,206|[TRACE] HqlParser - <------------- aliasedExpression
2021-11-21T23:53:19,206|[TRACE] HqlParser - <----------- selectedPropertiesList
2021-11-21T23:53:19,206|[TRACE] HqlParser - <--------- selectClause
2021-11-21T23:53:19,206|[TRACE] HqlParser - ---------> fromClause
2021-11-21T23:53:19,206|[TRACE] HqlParser - -----------> fromRange
2021-11-21T23:53:19,206|[TRACE] HqlParser - -------------> fromClassOrOuterQueryPath
2021-11-21T23:53:19,206|[TRACE] HqlParser - ---------------> path
2021-11-21T23:53:19,206|[TRACE] HqlParser - -----------------> identifier
2021-11-21T23:53:19,206|[TRACE] HqlParser - <----------------- identifier
2021-11-21T23:53:19,206|[TRACE] HqlParser - -----------------> identifier
2021-11-21T23:53:19,206|[TRACE] HqlParser - <----------------- identifier
2021-11-21T23:53:19,206|[TRACE] HqlParser - -----------------> identifier
2021-11-21T23:53:19,206|[TRACE] HqlParser - <----------------- identifier
2021-11-21T23:53:19,206|[TRACE] HqlParser - <--------------- path
2021-11-21T23:53:19,206|[TRACE] HqlParser - ---------------> asAlias
2021-11-21T23:53:19,206|[TRACE] HqlParser - -----------------> alias
2021-11-21T23:53:19,206|[TRACE] HqlParser - -------------------> identifier
2021-11-21T23:53:19,206|[TRACE] HqlParser - <------------------- identifier
2021-11-21T23:53:19,206|[TRACE] HqlParser - <----------------- alias
2021-11-21T23:53:19,206|[TRACE] HqlParser - <--------------- asAlias
2021-11-21T23:53:19,206|[TRACE] HqlParser - <------------- fromClassOrOuterQueryPath
2021-11-21T23:53:19,206|[TRACE] HqlParser - <----------- fromRange
2021-11-21T23:53:19,206|[TRACE] HqlParser - <--------- fromClause
2021-11-21T23:53:19,206|[TRACE] HqlParser - <------- selectFrom
2021-11-21T23:53:19,206|[TRACE] HqlParser - <----- queryRule
2021-11-21T23:53:19,206|[TRACE] HqlParser - <--- selectStatement
2021-11-21T23:53:19,206|[TRACE] HqlParser - <- statement
2021-11-21T23:53:19,206|[DEBUG] ErrorTracker - throwQueryException() : no errors
2021-11-21T23:53:19,206|[DEBUG] QueryTranslatorImpl - --- HQL AST ---
 \-[QUERY] Node: 'query'
    \-[SELECT_FROM] Node: 'SELECT_FROM'
       +-[FROM] Node: 'FROM'
       |  \-[RANGE] Node: 'RANGE'
       |     +-[DOT] Node: '.'
       |     |  +-[DOT] Node: '.'
       |     |  |  +-[IDENT] Node: 'bloodbank'
       |     |  |  \-[IDENT] Node: 'entity'
       |     |  \-[IDENT] Node: 'Person'
       |     \-[ALIAS] Node: 'p'
       \-[SELECT] Node: 'SELECT'
          \-[IDENT] Node: 'p'

2021-11-21T23:53:19,206|[DEBUG] HqlSqlBaseWalker - select << begin [level=1, statement=select]
2021-11-21T23:53:19,206|[DEBUG] FromElement - FromClause{level=1} : bloodbank.entity.Person (p) -> person0_
2021-11-21T23:53:19,207|[DEBUG] FromReferenceNode - Resolved : p -> person0_.id
2021-11-21T23:53:19,207|[DEBUG] HqlSqlBaseWalker - select : finishing up [level=1, statement=select]
2021-11-21T23:53:19,207|[DEBUG] HqlSqlWalker - processQuery() :  ( SELECT ( {select clause} person0_.id ) ( FromClause{level=1} person person0_ ) )
2021-11-21T23:53:19,207|[DEBUG] JoinProcessor - Tables referenced from query nodes:
 \-QueryNode
    +-SelectClause
    | referencedTables(entity Person): [person]
    |  +-IdentNode
    |  | persister: SingleTableEntityPersister(bloodbank.entity.Person)
    |  | originalText: p
    |  \-SqlFragment
    \-FromClause
       \-FromElement

2021-11-21T23:53:19,207|[DEBUG] JoinProcessor - Using FROM fragment [person person0_]
2021-11-21T23:53:19,207|[DEBUG] HqlSqlBaseWalker - select >> end [level=1, statement=select]
2021-11-21T23:53:19,207|[DEBUG] QueryTranslatorImpl - --- SQL AST ---
 \-[SELECT] QueryNode: 'SELECT'  querySpaces (person)
    +-[SELECT_CLAUSE] SelectClause: '{select clause}'
    |  +-[ALIAS_REF] IdentNode: 'person0_.id as id1_5_' {alias=p, className=bloodbank.entity.Person, tableAlias=person0_}
    |  \-[SQL_TOKEN] SqlFragment: 'person0_.created as created2_5_, person0_.updated as updated3_5_, person0_.version as version4_5_, person0_.first_name as first_na5_5_, person0_.last_name as last_nam6_5_'
    \-[FROM] FromClause: 'FROM' FromClause{level=1, fromElementCounter=1, fromElements=1, fromElementByClassAlias=[p], fromElementByTableAlias=[person0_], fromElementsByPath=[], collectionJoinFromElementsByPath=[], impliedElements=[]}
       \-[FROM_FRAGMENT] FromElement: 'person person0_' FromElement{explicit,not a collection join,not a fetch join,fetch non-lazy properties,classAlias=p,role=null,tableName=person,tableAlias=person0_,origin=null,columns={,className=bloodbank.entity.Person}}

2021-11-21T23:53:19,207|[DEBUG] ErrorTracker - throwQueryException() : no errors
2021-11-21T23:53:19,207|[DEBUG] QueryTranslatorImpl - HQL: SELECT p FROM bloodbank.entity.Person p
2021-11-21T23:53:19,207|[DEBUG] QueryTranslatorImpl - SQL: select person0_.id as id1_5_, person0_.created as created2_5_, person0_.updated as updated3_5_, person0_.version as version4_5_, person0_.first_name as first_na5_5_, person0_.last_name as last_nam6_5_ from person person0_
2021-11-21T23:53:19,207|[DEBUG] ErrorTracker - throwQueryException() : no errors
2021-11-21T23:53:19,207|[DEBUG] NamedQueryRepository - Checking named query: DonationRecord.findAll
2021-11-21T23:53:19,207|[TRACE] QueryPlanCache - Unable to locate HQL query plan in cache; generating (SELECT d FROM DonationRecord d)
2021-11-21T23:53:19,207|[DEBUG] QueryTranslatorImpl - parse() - HQL: SELECT d FROM bloodbank.entity.DonationRecord d
2021-11-21T23:53:19,207|[TRACE] HqlParser - -> statement
2021-11-21T23:53:19,207|[TRACE] HqlParser - ---> selectStatement
2021-11-21T23:53:19,207|[TRACE] HqlParser - -----> queryRule
2021-11-21T23:53:19,207|[TRACE] HqlParser - -------> selectFrom
2021-11-21T23:53:19,207|[TRACE] HqlParser - ---------> selectClause
2021-11-21T23:53:19,207|[TRACE] HqlParser - -----------> selectedPropertiesList
2021-11-21T23:53:19,207|[TRACE] HqlParser - -------------> aliasedExpression
2021-11-21T23:53:19,207|[TRACE] HqlParser - ---------------> expression
2021-11-21T23:53:19,207|[TRACE] HqlParser - -----------------> logicalOrExpression
2021-11-21T23:53:19,207|[TRACE] HqlParser - -------------------> logicalAndExpression
2021-11-21T23:53:19,207|[TRACE] HqlParser - ---------------------> negatedExpression
2021-11-21T23:53:19,207|[TRACE] HqlParser - -----------------------> equalityExpression
2021-11-21T23:53:19,207|[TRACE] HqlParser - -------------------------> relationalExpression
2021-11-21T23:53:19,207|[TRACE] HqlParser - ---------------------------> concatenation
2021-11-21T23:53:19,207|[TRACE] HqlParser - -----------------------------> additiveExpression
2021-11-21T23:53:19,207|[TRACE] HqlParser - -------------------------------> multiplyExpression
2021-11-21T23:53:19,207|[TRACE] HqlParser - ---------------------------------> unaryExpression
2021-11-21T23:53:19,207|[TRACE] HqlParser - -----------------------------------> atom
2021-11-21T23:53:19,207|[TRACE] HqlParser - -------------------------------------> primaryExpression
2021-11-21T23:53:19,207|[TRACE] HqlParser - ---------------------------------------> identPrimary
2021-11-21T23:53:19,207|[TRACE] HqlParser - -----------------------------------------> identPrimaryBase
2021-11-21T23:53:19,207|[TRACE] HqlParser - -------------------------------------------> identifier
2021-11-21T23:53:19,207|[TRACE] HqlParser - <------------------------------------------- identifier
2021-11-21T23:53:19,207|[TRACE] HqlParser - <----------------------------------------- identPrimaryBase
2021-11-21T23:53:19,207|[TRACE] HqlParser - <--------------------------------------- identPrimary
2021-11-21T23:53:19,207|[TRACE] HqlParser - <------------------------------------- primaryExpression
2021-11-21T23:53:19,207|[TRACE] HqlParser - <----------------------------------- atom
2021-11-21T23:53:19,207|[TRACE] HqlParser - <--------------------------------- unaryExpression
2021-11-21T23:53:19,207|[TRACE] HqlParser - <------------------------------- multiplyExpression
2021-11-21T23:53:19,207|[TRACE] HqlParser - <----------------------------- additiveExpression
2021-11-21T23:53:19,207|[TRACE] HqlParser - <--------------------------- concatenation
2021-11-21T23:53:19,207|[TRACE] HqlParser - <------------------------- relationalExpression
2021-11-21T23:53:19,207|[TRACE] HqlParser - <----------------------- equalityExpression
2021-11-21T23:53:19,207|[TRACE] HqlParser - <--------------------- negatedExpression
2021-11-21T23:53:19,207|[TRACE] HqlParser - <------------------- logicalAndExpression
2021-11-21T23:53:19,207|[TRACE] HqlParser - <----------------- logicalOrExpression
2021-11-21T23:53:19,207|[TRACE] HqlParser - <--------------- expression
2021-11-21T23:53:19,207|[TRACE] HqlParser - <------------- aliasedExpression
2021-11-21T23:53:19,207|[TRACE] HqlParser - <----------- selectedPropertiesList
2021-11-21T23:53:19,207|[TRACE] HqlParser - <--------- selectClause
2021-11-21T23:53:19,207|[TRACE] HqlParser - ---------> fromClause
2021-11-21T23:53:19,207|[TRACE] HqlParser - -----------> fromRange
2021-11-21T23:53:19,207|[TRACE] HqlParser - -------------> fromClassOrOuterQueryPath
2021-11-21T23:53:19,207|[TRACE] HqlParser - ---------------> path
2021-11-21T23:53:19,207|[TRACE] HqlParser - -----------------> identifier
2021-11-21T23:53:19,207|[TRACE] HqlParser - <----------------- identifier
2021-11-21T23:53:19,207|[TRACE] HqlParser - -----------------> identifier
2021-11-21T23:53:19,207|[TRACE] HqlParser - <----------------- identifier
2021-11-21T23:53:19,207|[TRACE] HqlParser - -----------------> identifier
2021-11-21T23:53:19,207|[TRACE] HqlParser - <----------------- identifier
2021-11-21T23:53:19,207|[TRACE] HqlParser - <--------------- path
2021-11-21T23:53:19,207|[TRACE] HqlParser - ---------------> asAlias
2021-11-21T23:53:19,207|[TRACE] HqlParser - -----------------> alias
2021-11-21T23:53:19,207|[TRACE] HqlParser - -------------------> identifier
2021-11-21T23:53:19,207|[TRACE] HqlParser - <------------------- identifier
2021-11-21T23:53:19,207|[TRACE] HqlParser - <----------------- alias
2021-11-21T23:53:19,207|[TRACE] HqlParser - <--------------- asAlias
2021-11-21T23:53:19,207|[TRACE] HqlParser - <------------- fromClassOrOuterQueryPath
2021-11-21T23:53:19,207|[TRACE] HqlParser - <----------- fromRange
2021-11-21T23:53:19,207|[TRACE] HqlParser - <--------- fromClause
2021-11-21T23:53:19,207|[TRACE] HqlParser - <------- selectFrom
2021-11-21T23:53:19,207|[TRACE] HqlParser - <----- queryRule
2021-11-21T23:53:19,207|[TRACE] HqlParser - <--- selectStatement
2021-11-21T23:53:19,207|[TRACE] HqlParser - <- statement
2021-11-21T23:53:19,207|[DEBUG] ErrorTracker - throwQueryException() : no errors
2021-11-21T23:53:19,208|[DEBUG] QueryTranslatorImpl - --- HQL AST ---
 \-[QUERY] Node: 'query'
    \-[SELECT_FROM] Node: 'SELECT_FROM'
       +-[FROM] Node: 'FROM'
       |  \-[RANGE] Node: 'RANGE'
       |     +-[DOT] Node: '.'
       |     |  +-[DOT] Node: '.'
       |     |  |  +-[IDENT] Node: 'bloodbank'
       |     |  |  \-[IDENT] Node: 'entity'
       |     |  \-[IDENT] Node: 'DonationRecord'
       |     \-[ALIAS] Node: 'd'
       \-[SELECT] Node: 'SELECT'
          \-[IDENT] Node: 'd'

2021-11-21T23:53:19,208|[DEBUG] HqlSqlBaseWalker - select << begin [level=1, statement=select]
2021-11-21T23:53:19,208|[DEBUG] FromElement - FromClause{level=1} : bloodbank.entity.DonationRecord (d) -> donationre0_
2021-11-21T23:53:19,208|[DEBUG] FromReferenceNode - Resolved : d -> donationre0_.record_id
2021-11-21T23:53:19,208|[DEBUG] HqlSqlBaseWalker - select : finishing up [level=1, statement=select]
2021-11-21T23:53:19,208|[DEBUG] HqlSqlWalker - processQuery() :  ( SELECT ( {select clause} donationre0_.record_id ) ( FromClause{level=1} donation_record donationre0_ ) )
2021-11-21T23:53:19,208|[DEBUG] JoinProcessor - Tables referenced from query nodes:
 \-QueryNode
    +-SelectClause
    | referencedTables(entity DonationRecord): [donation_record]
    |  +-IdentNode
    |  | persister: SingleTableEntityPersister(bloodbank.entity.DonationRecord)
    |  | originalText: d
    |  \-SqlFragment
    \-FromClause
       \-FromElement

2021-11-21T23:53:19,208|[DEBUG] JoinProcessor - Using FROM fragment [donation_record donationre0_]
2021-11-21T23:53:19,208|[DEBUG] HqlSqlBaseWalker - select >> end [level=1, statement=select]
2021-11-21T23:53:19,208|[DEBUG] QueryTranslatorImpl - --- SQL AST ---
 \-[SELECT] QueryNode: 'SELECT'  querySpaces (donation_record)
    +-[SELECT_CLAUSE] SelectClause: '{select clause}'
    |  +-[ALIAS_REF] IdentNode: 'donationre0_.record_id as record_i1_4_' {alias=d, className=bloodbank.entity.DonationRecord, tableAlias=donationre0_}
    |  \-[SQL_TOKEN] SqlFragment: 'donationre0_.created as created2_4_, donationre0_.updated as updated3_4_, donationre0_.version as version4_4_, donationre0_.donation_id as donation6_4_, donationre0_.person_id as person_i7_4_, donationre0_.tested as tested5_4_'
    \-[FROM] FromClause: 'FROM' FromClause{level=1, fromElementCounter=1, fromElements=1, fromElementByClassAlias=[d], fromElementByTableAlias=[donationre0_], fromElementsByPath=[], collectionJoinFromElementsByPath=[], impliedElements=[]}
       \-[FROM_FRAGMENT] FromElement: 'donation_record donationre0_' FromElement{explicit,not a collection join,not a fetch join,fetch non-lazy properties,classAlias=d,role=null,tableName=donation_record,tableAlias=donationre0_,origin=null,columns={,className=bloodbank.entity.DonationRecord}}

2021-11-21T23:53:19,208|[DEBUG] ErrorTracker - throwQueryException() : no errors
2021-11-21T23:53:19,208|[DEBUG] QueryTranslatorImpl - HQL: SELECT d FROM bloodbank.entity.DonationRecord d
2021-11-21T23:53:19,208|[DEBUG] QueryTranslatorImpl - SQL: select donationre0_.record_id as record_i1_4_, donationre0_.created as created2_4_, donationre0_.updated as updated3_4_, donationre0_.version as version4_4_, donationre0_.donation_id as donation6_4_, donationre0_.person_id as person_i7_4_, donationre0_.tested as tested5_4_ from donation_record donationre0_
2021-11-21T23:53:19,208|[DEBUG] ErrorTracker - throwQueryException() : no errors
2021-11-21T23:53:19,208|[DEBUG] NamedQueryRepository - Checking 0 named SQL queries
2021-11-21T23:53:19,211|[TRACE] TypeConfiguration$Scope - Handling #sessionFactoryCreated from [org.hibernate.internal.SessionFactoryImpl@4872669f] for TypeConfiguration
2021-11-21T23:53:19,212|[DEBUG] SessionFactoryRegistry - Initializing SessionFactoryRegistry : org.hibernate.internal.SessionFactoryRegistry@3ae2702a
2021-11-21T23:53:19,212|[TRACE] AbstractServiceRegistryImpl - Initializing service [role=org.hibernate.engine.jndi.spi.JndiService]
2021-11-21T23:53:19,213|[DEBUG] SessionFactoryRegistry - Registering SessionFactory: 4daaa0a1-7240-40a1-833f-5ccb5085b53f (<unnamed>)
2021-11-21T23:53:19,213|[DEBUG] SessionFactoryRegistry - Not binding SessionFactory to JNDI, no JNDI name configured
2021-11-21T23:53:19,213|[TRACE] SessionFactoryImpl$SessionBuilderImpl - Opening Hibernate Session.  tenant=null
2021-11-21T23:53:19,245|[TRACE] SessionImpl - Opened Session [0cf4dcaa-8076-40fb-920a-2f0a8830a3e5] at timestamp: 1637556799234
2021-11-21T23:53:19,246|[DEBUG] TransactionImpl - On TransactionImpl creation, JpaCompliance#isJpaTransactionComplianceEnabled == false
2021-11-21T23:53:19,246|[DEBUG] TransactionImpl - begin
2021-11-21T23:53:19,247|[TRACE] AbstractLogicalConnectionImplementor - Preparing to begin transaction via JDBC Connection.setAutoCommit(false)
2021-11-21T23:53:19,247|[TRACE] AbstractLogicalConnectionImplementor - Transaction begun via JDBC Connection.setAutoCommit(false)
2021-11-21T23:53:19,247|[TRACE] JdbcResourceLocalTransactionCoordinatorImpl - ResourceLocalTransactionCoordinatorImpl#afterBeginCallback
2021-11-21T23:53:19,268|[TRACE] QueryPlanCache - Unable to locate HQL query plan in cache; generating (delete BloodBank as generatedAlias0)
2021-11-21T23:53:19,269|[DEBUG] QueryTranslatorImpl - parse() - HQL: delete bloodbank.entity.BloodBank as generatedAlias0
2021-11-21T23:53:19,269|[TRACE] HqlParser - -> statement
2021-11-21T23:53:19,269|[TRACE] HqlParser - ---> deleteStatement
2021-11-21T23:53:19,269|[TRACE] HqlParser - -----> optionalFromTokenFromClause
2021-11-21T23:53:19,269|[TRACE] HqlParser - -------> path
2021-11-21T23:53:19,269|[TRACE] HqlParser - ---------> identifier
2021-11-21T23:53:19,269|[TRACE] HqlParser - <--------- identifier
2021-11-21T23:53:19,269|[TRACE] HqlParser - ---------> identifier
2021-11-21T23:53:19,269|[TRACE] HqlParser - <--------- identifier
2021-11-21T23:53:19,269|[TRACE] HqlParser - ---------> identifier
2021-11-21T23:53:19,269|[TRACE] HqlParser - <--------- identifier
2021-11-21T23:53:19,269|[TRACE] HqlParser - <------- path
2021-11-21T23:53:19,269|[TRACE] HqlParser - -------> asAlias
2021-11-21T23:53:19,269|[TRACE] HqlParser - ---------> alias
2021-11-21T23:53:19,269|[TRACE] HqlParser - -----------> identifier
2021-11-21T23:53:19,269|[TRACE] HqlParser - <----------- identifier
2021-11-21T23:53:19,269|[TRACE] HqlParser - <--------- alias
2021-11-21T23:53:19,269|[TRACE] HqlParser - <------- asAlias
2021-11-21T23:53:19,269|[TRACE] HqlParser - <----- optionalFromTokenFromClause
2021-11-21T23:53:19,269|[TRACE] HqlParser - <--- deleteStatement
2021-11-21T23:53:19,269|[TRACE] HqlParser - <- statement
2021-11-21T23:53:19,269|[DEBUG] ErrorTracker - throwQueryException() : no errors
2021-11-21T23:53:19,269|[DEBUG] QueryTranslatorImpl - --- HQL AST ---
 \-[DELETE] Node: 'delete'
    \-[FROM] Node: 'FROM'
       \-[RANGE] Node: 'RANGE'
          +-[DOT] Node: '.'
          |  +-[DOT] Node: '.'
          |  |  +-[IDENT] Node: 'bloodbank'
          |  |  \-[IDENT] Node: 'entity'
          |  \-[IDENT] Node: 'BloodBank'
          \-[ALIAS] Node: 'generatedAlias0'

2021-11-21T23:53:19,269|[DEBUG] HqlSqlBaseWalker - delete << begin [level=1, statement=delete]
2021-11-21T23:53:19,270|[DEBUG] FromElement - FromClause{level=1} : bloodbank.entity.BloodBank (generatedAlias0) -> bloodbank0_
2021-11-21T23:53:19,270|[DEBUG] HqlSqlBaseWalker - delete : finishing up [level=1, statement=delete]
2021-11-21T23:53:19,270|[DEBUG] HqlSqlBaseWalker - delete >> end [level=1, statement=delete]
2021-11-21T23:53:19,270|[DEBUG] QueryTranslatorImpl - --- SQL AST ---
 \-[DELETE] DeleteStatement: 'delete'  querySpaces (blood_bank)
    \-[FROM] FromClause: 'FROM' FromClause{level=1, fromElementCounter=1, fromElements=1, fromElementByClassAlias=[generatedAlias0], fromElementByTableAlias=[bloodbank0_], fromElementsByPath=[], collectionJoinFromElementsByPath=[], impliedElements=[]}
       \-[FROM_FRAGMENT] FromElement: 'blood_bank' FromElement{explicit,not a collection join,not a fetch join,fetch non-lazy properties,classAlias=generatedAlias0,role=null,tableName=blood_bank,tableAlias=bloodbank0_,origin=null,columns={,className=bloodbank.entity.BloodBank}}

2021-11-21T23:53:19,270|[DEBUG] ErrorTracker - throwQueryException() : no errors
2021-11-21T23:53:19,271|[DEBUG] ErrorTracker - throwQueryException() : no errors
2021-11-21T23:53:19,273|[TRACE] QueryPlanCache - Located HQL query plan in cache (delete BloodBank as generatedAlias0)
2021-11-21T23:53:19,273|[TRACE] HQLQueryPlan - Execute update: delete BloodBank as generatedAlias0
2021-11-21T23:53:19,274|[TRACE] QueryParameters - Named parameters: {}
2021-11-21T23:53:19,275|[DEBUG] SQL - 
    /* delete BloodBank as generatedAlias0 */ delete 
        from
            blood_bank
2021-11-21T23:53:19,283|[TRACE] ResourceRegistryStandardImpl - Registering statement [com.mysql.cj.jdbc.ClientPreparedStatement: /* delete BloodBank as generatedAlias0 */ delete from blood_bank]
2021-11-21T23:53:19,284|[TRACE] ResourceRegistryStandardImpl - Releasing statement [com.mysql.cj.jdbc.ClientPreparedStatement: /* delete BloodBank as generatedAlias0 */ delete from blood_bank]
2021-11-21T23:53:19,285|[TRACE] ResourceRegistryStandardImpl - Closing prepared statement [com.mysql.cj.jdbc.ClientPreparedStatement: /* delete BloodBank as generatedAlias0 */ delete from blood_bank]
2021-11-21T23:53:19,285|[TRACE] JdbcCoordinatorImpl - Starting after statement execution processing [AFTER_TRANSACTION]
2021-11-21T23:53:19,285|[TRACE] QueryPlanCache - Unable to locate HQL query plan in cache; generating (delete BloodDonation as generatedAlias0)
2021-11-21T23:53:19,285|[DEBUG] QueryTranslatorImpl - parse() - HQL: delete bloodbank.entity.BloodDonation as generatedAlias0
2021-11-21T23:53:19,285|[TRACE] HqlParser - -> statement
2021-11-21T23:53:19,285|[TRACE] HqlParser - ---> deleteStatement
2021-11-21T23:53:19,285|[TRACE] HqlParser - -----> optionalFromTokenFromClause
2021-11-21T23:53:19,285|[TRACE] HqlParser - -------> path
2021-11-21T23:53:19,285|[TRACE] HqlParser - ---------> identifier
2021-11-21T23:53:19,285|[TRACE] HqlParser - <--------- identifier
2021-11-21T23:53:19,285|[TRACE] HqlParser - ---------> identifier
2021-11-21T23:53:19,285|[TRACE] HqlParser - <--------- identifier
2021-11-21T23:53:19,285|[TRACE] HqlParser - ---------> identifier
2021-11-21T23:53:19,285|[TRACE] HqlParser - <--------- identifier
2021-11-21T23:53:19,285|[TRACE] HqlParser - <------- path
2021-11-21T23:53:19,285|[TRACE] HqlParser - -------> asAlias
2021-11-21T23:53:19,285|[TRACE] HqlParser - ---------> alias
2021-11-21T23:53:19,285|[TRACE] HqlParser - -----------> identifier
2021-11-21T23:53:19,285|[TRACE] HqlParser - <----------- identifier
2021-11-21T23:53:19,285|[TRACE] HqlParser - <--------- alias
2021-11-21T23:53:19,285|[TRACE] HqlParser - <------- asAlias
2021-11-21T23:53:19,285|[TRACE] HqlParser - <----- optionalFromTokenFromClause
2021-11-21T23:53:19,285|[TRACE] HqlParser - <--- deleteStatement
2021-11-21T23:53:19,285|[TRACE] HqlParser - <- statement
2021-11-21T23:53:19,285|[DEBUG] ErrorTracker - throwQueryException() : no errors
2021-11-21T23:53:19,285|[DEBUG] QueryTranslatorImpl - --- HQL AST ---
 \-[DELETE] Node: 'delete'
    \-[FROM] Node: 'FROM'
       \-[RANGE] Node: 'RANGE'
          +-[DOT] Node: '.'
          |  +-[DOT] Node: '.'
          |  |  +-[IDENT] Node: 'bloodbank'
          |  |  \-[IDENT] Node: 'entity'
          |  \-[IDENT] Node: 'BloodDonation'
          \-[ALIAS] Node: 'generatedAlias0'

2021-11-21T23:53:19,285|[DEBUG] HqlSqlBaseWalker - delete << begin [level=1, statement=delete]
2021-11-21T23:53:19,286|[DEBUG] FromElement - FromClause{level=1} : bloodbank.entity.BloodDonation (generatedAlias0) -> blooddonat0_
2021-11-21T23:53:19,286|[DEBUG] HqlSqlBaseWalker - delete : finishing up [level=1, statement=delete]
2021-11-21T23:53:19,286|[DEBUG] HqlSqlBaseWalker - delete >> end [level=1, statement=delete]
2021-11-21T23:53:19,286|[DEBUG] QueryTranslatorImpl - --- SQL AST ---
 \-[DELETE] DeleteStatement: 'delete'  querySpaces (blood_donation)
    \-[FROM] FromClause: 'FROM' FromClause{level=1, fromElementCounter=1, fromElements=1, fromElementByClassAlias=[generatedAlias0], fromElementByTableAlias=[blooddonat0_], fromElementsByPath=[], collectionJoinFromElementsByPath=[], impliedElements=[]}
       \-[FROM_FRAGMENT] FromElement: 'blood_donation' FromElement{explicit,not a collection join,not a fetch join,fetch non-lazy properties,classAlias=generatedAlias0,role=null,tableName=blood_donation,tableAlias=blooddonat0_,origin=null,columns={,className=bloodbank.entity.BloodDonation}}

2021-11-21T23:53:19,286|[DEBUG] ErrorTracker - throwQueryException() : no errors
2021-11-21T23:53:19,286|[DEBUG] ErrorTracker - throwQueryException() : no errors
2021-11-21T23:53:19,286|[TRACE] QueryPlanCache - Located HQL query plan in cache (delete BloodDonation as generatedAlias0)
2021-11-21T23:53:19,286|[TRACE] HQLQueryPlan - Execute update: delete BloodDonation as generatedAlias0
2021-11-21T23:53:19,286|[TRACE] QueryParameters - Named parameters: {}
2021-11-21T23:53:19,286|[DEBUG] SQL - 
    /* delete BloodDonation as generatedAlias0 */ delete 
        from
            blood_donation
2021-11-21T23:53:19,286|[TRACE] ResourceRegistryStandardImpl - Registering statement [com.mysql.cj.jdbc.ClientPreparedStatement: /* delete BloodDonation as generatedAlias0 */ delete from blood_donation]
2021-11-21T23:53:19,287|[TRACE] ResourceRegistryStandardImpl - Releasing statement [com.mysql.cj.jdbc.ClientPreparedStatement: /* delete BloodDonation as generatedAlias0 */ delete from blood_donation]
2021-11-21T23:53:19,287|[TRACE] ResourceRegistryStandardImpl - Closing prepared statement [com.mysql.cj.jdbc.ClientPreparedStatement: /* delete BloodDonation as generatedAlias0 */ delete from blood_donation]
2021-11-21T23:53:19,287|[TRACE] JdbcCoordinatorImpl - Starting after statement execution processing [AFTER_TRANSACTION]
2021-11-21T23:53:19,288|[TRACE] QueryPlanCache - Unable to locate HQL query plan in cache; generating (delete Person as generatedAlias0)
2021-11-21T23:53:19,288|[DEBUG] QueryTranslatorImpl - parse() - HQL: delete bloodbank.entity.Person as generatedAlias0
2021-11-21T23:53:19,288|[TRACE] HqlParser - -> statement
2021-11-21T23:53:19,288|[TRACE] HqlParser - ---> deleteStatement
2021-11-21T23:53:19,288|[TRACE] HqlParser - -----> optionalFromTokenFromClause
2021-11-21T23:53:19,288|[TRACE] HqlParser - -------> path
2021-11-21T23:53:19,288|[TRACE] HqlParser - ---------> identifier
2021-11-21T23:53:19,288|[TRACE] HqlParser - <--------- identifier
2021-11-21T23:53:19,288|[TRACE] HqlParser - ---------> identifier
2021-11-21T23:53:19,288|[TRACE] HqlParser - <--------- identifier
2021-11-21T23:53:19,288|[TRACE] HqlParser - ---------> identifier
2021-11-21T23:53:19,288|[TRACE] HqlParser - <--------- identifier
2021-11-21T23:53:19,288|[TRACE] HqlParser - <------- path
2021-11-21T23:53:19,288|[TRACE] HqlParser - -------> asAlias
2021-11-21T23:53:19,288|[TRACE] HqlParser - ---------> alias
2021-11-21T23:53:19,288|[TRACE] HqlParser - -----------> identifier
2021-11-21T23:53:19,288|[TRACE] HqlParser - <----------- identifier
2021-11-21T23:53:19,288|[TRACE] HqlParser - <--------- alias
2021-11-21T23:53:19,288|[TRACE] HqlParser - <------- asAlias
2021-11-21T23:53:19,288|[TRACE] HqlParser - <----- optionalFromTokenFromClause
2021-11-21T23:53:19,288|[TRACE] HqlParser - <--- deleteStatement
2021-11-21T23:53:19,288|[TRACE] HqlParser - <- statement
2021-11-21T23:53:19,288|[DEBUG] ErrorTracker - throwQueryException() : no errors
2021-11-21T23:53:19,288|[DEBUG] QueryTranslatorImpl - --- HQL AST ---
 \-[DELETE] Node: 'delete'
    \-[FROM] Node: 'FROM'
       \-[RANGE] Node: 'RANGE'
          +-[DOT] Node: '.'
          |  +-[DOT] Node: '.'
          |  |  +-[IDENT] Node: 'bloodbank'
          |  |  \-[IDENT] Node: 'entity'
          |  \-[IDENT] Node: 'Person'
          \-[ALIAS] Node: 'generatedAlias0'

2021-11-21T23:53:19,288|[DEBUG] HqlSqlBaseWalker - delete << begin [level=1, statement=delete]
2021-11-21T23:53:19,288|[DEBUG] FromElement - FromClause{level=1} : bloodbank.entity.Person (generatedAlias0) -> person0_
2021-11-21T23:53:19,288|[DEBUG] HqlSqlBaseWalker - delete : finishing up [level=1, statement=delete]
2021-11-21T23:53:19,288|[DEBUG] HqlSqlBaseWalker - delete >> end [level=1, statement=delete]
2021-11-21T23:53:19,289|[DEBUG] QueryTranslatorImpl - --- SQL AST ---
 \-[DELETE] DeleteStatement: 'delete'  querySpaces (person)
    \-[FROM] FromClause: 'FROM' FromClause{level=1, fromElementCounter=1, fromElements=1, fromElementByClassAlias=[generatedAlias0], fromElementByTableAlias=[person0_], fromElementsByPath=[], collectionJoinFromElementsByPath=[], impliedElements=[]}
       \-[FROM_FRAGMENT] FromElement: 'person' FromElement{explicit,not a collection join,not a fetch join,fetch non-lazy properties,classAlias=generatedAlias0,role=null,tableName=person,tableAlias=person0_,origin=null,columns={,className=bloodbank.entity.Person}}

2021-11-21T23:53:19,289|[DEBUG] ErrorTracker - throwQueryException() : no errors
2021-11-21T23:53:19,289|[DEBUG] ErrorTracker - throwQueryException() : no errors
2021-11-21T23:53:19,289|[TRACE] QueryPlanCache - Located HQL query plan in cache (delete Person as generatedAlias0)
2021-11-21T23:53:19,289|[TRACE] HQLQueryPlan - Execute update: delete Person as generatedAlias0
2021-11-21T23:53:19,289|[TRACE] QueryParameters - Named parameters: {}
2021-11-21T23:53:19,289|[DEBUG] SQL - 
    /* delete Person as generatedAlias0 */ delete 
        from
            person
2021-11-21T23:53:19,289|[TRACE] ResourceRegistryStandardImpl - Registering statement [com.mysql.cj.jdbc.ClientPreparedStatement: /* delete Person as generatedAlias0 */ delete from person]
2021-11-21T23:53:19,290|[TRACE] ResourceRegistryStandardImpl - Releasing statement [com.mysql.cj.jdbc.ClientPreparedStatement: /* delete Person as generatedAlias0 */ delete from person]
2021-11-21T23:53:19,290|[TRACE] ResourceRegistryStandardImpl - Closing prepared statement [com.mysql.cj.jdbc.ClientPreparedStatement: /* delete Person as generatedAlias0 */ delete from person]
2021-11-21T23:53:19,290|[TRACE] JdbcCoordinatorImpl - Starting after statement execution processing [AFTER_TRANSACTION]
2021-11-21T23:53:19,291|[TRACE] QueryPlanCache - Unable to locate HQL query plan in cache; generating (delete DonationRecord as generatedAlias0)
2021-11-21T23:53:19,291|[DEBUG] QueryTranslatorImpl - parse() - HQL: delete bloodbank.entity.DonationRecord as generatedAlias0
2021-11-21T23:53:19,291|[TRACE] HqlParser - -> statement
2021-11-21T23:53:19,291|[TRACE] HqlParser - ---> deleteStatement
2021-11-21T23:53:19,291|[TRACE] HqlParser - -----> optionalFromTokenFromClause
2021-11-21T23:53:19,291|[TRACE] HqlParser - -------> path
2021-11-21T23:53:19,291|[TRACE] HqlParser - ---------> identifier
2021-11-21T23:53:19,291|[TRACE] HqlParser - <--------- identifier
2021-11-21T23:53:19,291|[TRACE] HqlParser - ---------> identifier
2021-11-21T23:53:19,291|[TRACE] HqlParser - <--------- identifier
2021-11-21T23:53:19,291|[TRACE] HqlParser - ---------> identifier
2021-11-21T23:53:19,291|[TRACE] HqlParser - <--------- identifier
2021-11-21T23:53:19,291|[TRACE] HqlParser - <------- path
2021-11-21T23:53:19,291|[TRACE] HqlParser - -------> asAlias
2021-11-21T23:53:19,291|[TRACE] HqlParser - ---------> alias
2021-11-21T23:53:19,291|[TRACE] HqlParser - -----------> identifier
2021-11-21T23:53:19,291|[TRACE] HqlParser - <----------- identifier
2021-11-21T23:53:19,291|[TRACE] HqlParser - <--------- alias
2021-11-21T23:53:19,291|[TRACE] HqlParser - <------- asAlias
2021-11-21T23:53:19,291|[TRACE] HqlParser - <----- optionalFromTokenFromClause
2021-11-21T23:53:19,291|[TRACE] HqlParser - <--- deleteStatement
2021-11-21T23:53:19,291|[TRACE] HqlParser - <- statement
2021-11-21T23:53:19,291|[DEBUG] ErrorTracker - throwQueryException() : no errors
2021-11-21T23:53:19,291|[DEBUG] QueryTranslatorImpl - --- HQL AST ---
 \-[DELETE] Node: 'delete'
    \-[FROM] Node: 'FROM'
       \-[RANGE] Node: 'RANGE'
          +-[DOT] Node: '.'
          |  +-[DOT] Node: '.'
          |  |  +-[IDENT] Node: 'bloodbank'
          |  |  \-[IDENT] Node: 'entity'
          |  \-[IDENT] Node: 'DonationRecord'
          \-[ALIAS] Node: 'generatedAlias0'

2021-11-21T23:53:19,291|[DEBUG] HqlSqlBaseWalker - delete << begin [level=1, statement=delete]
2021-11-21T23:53:19,291|[DEBUG] FromElement - FromClause{level=1} : bloodbank.entity.DonationRecord (generatedAlias0) -> donationre0_
2021-11-21T23:53:19,291|[DEBUG] HqlSqlBaseWalker - delete : finishing up [level=1, statement=delete]
2021-11-21T23:53:19,291|[DEBUG] HqlSqlBaseWalker - delete >> end [level=1, statement=delete]
2021-11-21T23:53:19,291|[DEBUG] QueryTranslatorImpl - --- SQL AST ---
 \-[DELETE] DeleteStatement: 'delete'  querySpaces (donation_record)
    \-[FROM] FromClause: 'FROM' FromClause{level=1, fromElementCounter=1, fromElements=1, fromElementByClassAlias=[generatedAlias0], fromElementByTableAlias=[donationre0_], fromElementsByPath=[], collectionJoinFromElementsByPath=[], impliedElements=[]}
       \-[FROM_FRAGMENT] FromElement: 'donation_record' FromElement{explicit,not a collection join,not a fetch join,fetch non-lazy properties,classAlias=generatedAlias0,role=null,tableName=donation_record,tableAlias=donationre0_,origin=null,columns={,className=bloodbank.entity.DonationRecord}}

2021-11-21T23:53:19,291|[DEBUG] ErrorTracker - throwQueryException() : no errors
2021-11-21T23:53:19,291|[DEBUG] ErrorTracker - throwQueryException() : no errors
2021-11-21T23:53:19,291|[TRACE] QueryPlanCache - Located HQL query plan in cache (delete DonationRecord as generatedAlias0)
2021-11-21T23:53:19,291|[TRACE] HQLQueryPlan - Execute update: delete DonationRecord as generatedAlias0
2021-11-21T23:53:19,291|[TRACE] QueryParameters - Named parameters: {}
2021-11-21T23:53:19,292|[DEBUG] SQL - 
    /* delete DonationRecord as generatedAlias0 */ delete 
        from
            donation_record
2021-11-21T23:53:19,292|[TRACE] ResourceRegistryStandardImpl - Registering statement [com.mysql.cj.jdbc.ClientPreparedStatement: /* delete DonationRecord as generatedAlias0 */ delete from donation_record]
2021-11-21T23:53:19,293|[TRACE] ResourceRegistryStandardImpl - Releasing statement [com.mysql.cj.jdbc.ClientPreparedStatement: /* delete DonationRecord as generatedAlias0 */ delete from donation_record]
2021-11-21T23:53:19,293|[TRACE] ResourceRegistryStandardImpl - Closing prepared statement [com.mysql.cj.jdbc.ClientPreparedStatement: /* delete DonationRecord as generatedAlias0 */ delete from donation_record]
2021-11-21T23:53:19,293|[TRACE] JdbcCoordinatorImpl - Starting after statement execution processing [AFTER_TRANSACTION]
2021-11-21T23:53:19,293|[TRACE] QueryPlanCache - Unable to locate HQL query plan in cache; generating (delete Address as generatedAlias0)
2021-11-21T23:53:19,293|[DEBUG] QueryTranslatorImpl - parse() - HQL: delete bloodbank.entity.Address as generatedAlias0
2021-11-21T23:53:19,293|[TRACE] HqlParser - -> statement
2021-11-21T23:53:19,293|[TRACE] HqlParser - ---> deleteStatement
2021-11-21T23:53:19,293|[TRACE] HqlParser - -----> optionalFromTokenFromClause
2021-11-21T23:53:19,293|[TRACE] HqlParser - -------> path
2021-11-21T23:53:19,293|[TRACE] HqlParser - ---------> identifier
2021-11-21T23:53:19,293|[TRACE] HqlParser - <--------- identifier
2021-11-21T23:53:19,293|[TRACE] HqlParser - ---------> identifier
2021-11-21T23:53:19,293|[TRACE] HqlParser - <--------- identifier
2021-11-21T23:53:19,293|[TRACE] HqlParser - ---------> identifier
2021-11-21T23:53:19,293|[TRACE] HqlParser - <--------- identifier
2021-11-21T23:53:19,293|[TRACE] HqlParser - <------- path
2021-11-21T23:53:19,293|[TRACE] HqlParser - -------> asAlias
2021-11-21T23:53:19,293|[TRACE] HqlParser - ---------> alias
2021-11-21T23:53:19,293|[TRACE] HqlParser - -----------> identifier
2021-11-21T23:53:19,293|[TRACE] HqlParser - <----------- identifier
2021-11-21T23:53:19,293|[TRACE] HqlParser - <--------- alias
2021-11-21T23:53:19,293|[TRACE] HqlParser - <------- asAlias
2021-11-21T23:53:19,293|[TRACE] HqlParser - <----- optionalFromTokenFromClause
2021-11-21T23:53:19,294|[TRACE] HqlParser - <--- deleteStatement
2021-11-21T23:53:19,294|[TRACE] HqlParser - <- statement
2021-11-21T23:53:19,294|[DEBUG] ErrorTracker - throwQueryException() : no errors
2021-11-21T23:53:19,294|[DEBUG] QueryTranslatorImpl - --- HQL AST ---
 \-[DELETE] Node: 'delete'
    \-[FROM] Node: 'FROM'
       \-[RANGE] Node: 'RANGE'
          +-[DOT] Node: '.'
          |  +-[DOT] Node: '.'
          |  |  +-[IDENT] Node: 'bloodbank'
          |  |  \-[IDENT] Node: 'entity'
          |  \-[IDENT] Node: 'Address'
          \-[ALIAS] Node: 'generatedAlias0'

2021-11-21T23:53:19,294|[DEBUG] HqlSqlBaseWalker - delete << begin [level=1, statement=delete]
2021-11-21T23:53:19,294|[DEBUG] FromElement - FromClause{level=1} : bloodbank.entity.Address (generatedAlias0) -> address0_
2021-11-21T23:53:19,294|[DEBUG] HqlSqlBaseWalker - delete : finishing up [level=1, statement=delete]
2021-11-21T23:53:19,294|[DEBUG] HqlSqlBaseWalker - delete >> end [level=1, statement=delete]
2021-11-21T23:53:19,294|[DEBUG] QueryTranslatorImpl - --- SQL AST ---
 \-[DELETE] DeleteStatement: 'delete'  querySpaces (address)
    \-[FROM] FromClause: 'FROM' FromClause{level=1, fromElementCounter=1, fromElements=1, fromElementByClassAlias=[generatedAlias0], fromElementByTableAlias=[address0_], fromElementsByPath=[], collectionJoinFromElementsByPath=[], impliedElements=[]}
       \-[FROM_FRAGMENT] FromElement: 'address' FromElement{explicit,not a collection join,not a fetch join,fetch non-lazy properties,classAlias=generatedAlias0,role=null,tableName=address,tableAlias=address0_,origin=null,columns={,className=bloodbank.entity.Address}}

2021-11-21T23:53:19,294|[DEBUG] ErrorTracker - throwQueryException() : no errors
2021-11-21T23:53:19,294|[DEBUG] ErrorTracker - throwQueryException() : no errors
2021-11-21T23:53:19,294|[TRACE] QueryPlanCache - Located HQL query plan in cache (delete Address as generatedAlias0)
2021-11-21T23:53:19,294|[TRACE] HQLQueryPlan - Execute update: delete Address as generatedAlias0
2021-11-21T23:53:19,294|[TRACE] QueryParameters - Named parameters: {}
2021-11-21T23:53:19,294|[DEBUG] SQL - 
    /* delete Address as generatedAlias0 */ delete 
        from
            address
2021-11-21T23:53:19,294|[TRACE] ResourceRegistryStandardImpl - Registering statement [com.mysql.cj.jdbc.ClientPreparedStatement: /* delete Address as generatedAlias0 */ delete from address]
2021-11-21T23:53:19,296|[TRACE] ResourceRegistryStandardImpl - Releasing statement [com.mysql.cj.jdbc.ClientPreparedStatement: /* delete Address as generatedAlias0 */ delete from address]
2021-11-21T23:53:19,296|[TRACE] ResourceRegistryStandardImpl - Closing prepared statement [com.mysql.cj.jdbc.ClientPreparedStatement: /* delete Address as generatedAlias0 */ delete from address]
2021-11-21T23:53:19,296|[TRACE] JdbcCoordinatorImpl - Starting after statement execution processing [AFTER_TRANSACTION]
2021-11-21T23:53:19,296|[TRACE] QueryPlanCache - Unable to locate HQL query plan in cache; generating (delete Contact as generatedAlias0)
2021-11-21T23:53:19,296|[DEBUG] QueryTranslatorImpl - parse() - HQL: delete bloodbank.entity.Contact as generatedAlias0
2021-11-21T23:53:19,296|[TRACE] HqlParser - -> statement
2021-11-21T23:53:19,296|[TRACE] HqlParser - ---> deleteStatement
2021-11-21T23:53:19,296|[TRACE] HqlParser - -----> optionalFromTokenFromClause
2021-11-21T23:53:19,296|[TRACE] HqlParser - -------> path
2021-11-21T23:53:19,296|[TRACE] HqlParser - ---------> identifier
2021-11-21T23:53:19,296|[TRACE] HqlParser - <--------- identifier
2021-11-21T23:53:19,296|[TRACE] HqlParser - ---------> identifier
2021-11-21T23:53:19,296|[TRACE] HqlParser - <--------- identifier
2021-11-21T23:53:19,296|[TRACE] HqlParser - ---------> identifier
2021-11-21T23:53:19,297|[TRACE] HqlParser - <--------- identifier
2021-11-21T23:53:19,297|[TRACE] HqlParser - <------- path
2021-11-21T23:53:19,297|[TRACE] HqlParser - -------> asAlias
2021-11-21T23:53:19,297|[TRACE] HqlParser - ---------> alias
2021-11-21T23:53:19,297|[TRACE] HqlParser - -----------> identifier
2021-11-21T23:53:19,297|[TRACE] HqlParser - <----------- identifier
2021-11-21T23:53:19,297|[TRACE] HqlParser - <--------- alias
2021-11-21T23:53:19,297|[TRACE] HqlParser - <------- asAlias
2021-11-21T23:53:19,297|[TRACE] HqlParser - <----- optionalFromTokenFromClause
2021-11-21T23:53:19,297|[TRACE] HqlParser - <--- deleteStatement
2021-11-21T23:53:19,297|[TRACE] HqlParser - <- statement
2021-11-21T23:53:19,297|[DEBUG] ErrorTracker - throwQueryException() : no errors
2021-11-21T23:53:19,297|[DEBUG] QueryTranslatorImpl - --- HQL AST ---
 \-[DELETE] Node: 'delete'
    \-[FROM] Node: 'FROM'
       \-[RANGE] Node: 'RANGE'
          +-[DOT] Node: '.'
          |  +-[DOT] Node: '.'
          |  |  +-[IDENT] Node: 'bloodbank'
          |  |  \-[IDENT] Node: 'entity'
          |  \-[IDENT] Node: 'Contact'
          \-[ALIAS] Node: 'generatedAlias0'

2021-11-21T23:53:19,297|[DEBUG] HqlSqlBaseWalker - delete << begin [level=1, statement=delete]
2021-11-21T23:53:19,297|[DEBUG] FromElement - FromClause{level=1} : bloodbank.entity.Contact (generatedAlias0) -> contact0_
2021-11-21T23:53:19,297|[DEBUG] HqlSqlBaseWalker - delete : finishing up [level=1, statement=delete]
2021-11-21T23:53:19,297|[DEBUG] HqlSqlBaseWalker - delete >> end [level=1, statement=delete]
2021-11-21T23:53:19,297|[DEBUG] QueryTranslatorImpl - --- SQL AST ---
 \-[DELETE] DeleteStatement: 'delete'  querySpaces (contact)
    \-[FROM] FromClause: 'FROM' FromClause{level=1, fromElementCounter=1, fromElements=1, fromElementByClassAlias=[generatedAlias0], fromElementByTableAlias=[contact0_], fromElementsByPath=[], collectionJoinFromElementsByPath=[], impliedElements=[]}
       \-[FROM_FRAGMENT] FromElement: 'contact' FromElement{explicit,not a collection join,not a fetch join,fetch non-lazy properties,classAlias=generatedAlias0,role=null,tableName=contact,tableAlias=contact0_,origin=null,columns={,className=bloodbank.entity.Contact}}

2021-11-21T23:53:19,297|[DEBUG] ErrorTracker - throwQueryException() : no errors
2021-11-21T23:53:19,297|[DEBUG] ErrorTracker - throwQueryException() : no errors
2021-11-21T23:53:19,297|[TRACE] QueryPlanCache - Located HQL query plan in cache (delete Contact as generatedAlias0)
2021-11-21T23:53:19,297|[TRACE] HQLQueryPlan - Execute update: delete Contact as generatedAlias0
2021-11-21T23:53:19,297|[TRACE] QueryParameters - Named parameters: {}
2021-11-21T23:53:19,297|[DEBUG] SQL - 
    /* delete Contact as generatedAlias0 */ delete 
        from
            contact
2021-11-21T23:53:19,297|[TRACE] ResourceRegistryStandardImpl - Registering statement [com.mysql.cj.jdbc.ClientPreparedStatement: /* delete Contact as generatedAlias0 */ delete from contact]
2021-11-21T23:53:19,299|[TRACE] ResourceRegistryStandardImpl - Releasing statement [com.mysql.cj.jdbc.ClientPreparedStatement: /* delete Contact as generatedAlias0 */ delete from contact]
2021-11-21T23:53:19,299|[TRACE] ResourceRegistryStandardImpl - Closing prepared statement [com.mysql.cj.jdbc.ClientPreparedStatement: /* delete Contact as generatedAlias0 */ delete from contact]
2021-11-21T23:53:19,299|[TRACE] JdbcCoordinatorImpl - Starting after statement execution processing [AFTER_TRANSACTION]
2021-11-21T23:53:19,299|[DEBUG] TransactionImpl - committing
2021-11-21T23:53:19,299|[TRACE] JdbcResourceLocalTransactionCoordinatorImpl - ResourceLocalTransactionCoordinatorImpl#beforeCompletionCallback
2021-11-21T23:53:19,299|[TRACE] SessionImpl - SessionImpl#beforeTransactionCompletion()
2021-11-21T23:53:19,299|[TRACE] SessionImpl - Automatically flushing session
2021-11-21T23:53:19,300|[TRACE] AbstractLogicalConnectionImplementor - LogicalConnection#beforeTransactionCompletion
2021-11-21T23:53:19,300|[TRACE] SynchronizationRegistryStandardImpl - SynchronizationRegistryStandardImpl.notifySynchronizationsBeforeTransactionCompletion
2021-11-21T23:53:19,300|[TRACE] AbstractLogicalConnectionImplementor - Preparing to commit transaction via JDBC Connection.commit()
2021-11-21T23:53:19,300|[TRACE] AbstractLogicalConnectionImplementor - Transaction committed via JDBC Connection.commit()
2021-11-21T23:53:19,300|[TRACE] AbstractLogicalConnectionImplementor - LogicalConnection#afterTransaction
2021-11-21T23:53:19,300|[TRACE] ResourceRegistryStandardImpl - Releasing JDBC resources
2021-11-21T23:53:19,300|[DEBUG] LogicalConnectionManagedImpl - Initiating JDBC connection release from afterTransaction
2021-11-21T23:53:19,301|[TRACE] ResourceRegistryStandardImpl - Releasing JDBC resources
2021-11-21T23:53:19,301|[TRACE] JdbcResourceLocalTransactionCoordinatorImpl - ResourceLocalTransactionCoordinatorImpl#afterCompletionCallback(true)
2021-11-21T23:53:19,301|[TRACE] SynchronizationRegistryStandardImpl - SynchronizationRegistryStandardImpl.notifySynchronizationsAfterTransactionCompletion(3)
2021-11-21T23:53:19,301|[TRACE] AbstractLogicalConnectionImplementor - LogicalConnection#afterTransaction
2021-11-21T23:53:19,301|[TRACE] ResourceRegistryStandardImpl - Releasing JDBC resources
2021-11-21T23:53:19,301|[DEBUG] LogicalConnectionManagedImpl - Initiating JDBC connection release from afterTransaction
2021-11-21T23:53:19,301|[TRACE] SessionImpl - SessionImpl#afterTransactionCompletion(successful=true, delayed=false)
2021-11-21T23:53:19,312|[TRACE] SessionFactoryImpl$SessionBuilderImpl - Opening Hibernate Session.  tenant=null
2021-11-21T23:53:19,312|[TRACE] SessionImpl - Opened Session [cb17f524-bc2b-4c7c-bdd1-078c3be0a23e] at timestamp: 1637556799312
2021-11-21T23:53:19,312|[DEBUG] TransactionImpl - On TransactionImpl creation, JpaCompliance#isJpaTransactionComplianceEnabled == false
2021-11-21T23:53:19,317|[DEBUG] CriteriaQueryImpl - Rendered criteria query -> select count(generatedAlias0) from Address as generatedAlias0
2021-11-21T23:53:19,317|[TRACE] QueryPlanCache - Unable to locate HQL query plan in cache; generating (select count(generatedAlias0) from Address as generatedAlias0)
2021-11-21T23:53:19,317|[DEBUG] QueryTranslatorImpl - parse() - HQL: select count(generatedAlias0) from bloodbank.entity.Address as generatedAlias0
2021-11-21T23:53:19,317|[TRACE] HqlParser - -> statement
2021-11-21T23:53:19,318|[TRACE] HqlParser - ---> selectStatement
2021-11-21T23:53:19,318|[TRACE] HqlParser - -----> queryRule
2021-11-21T23:53:19,318|[TRACE] HqlParser - -------> selectFrom
2021-11-21T23:53:19,318|[TRACE] HqlParser - ---------> selectClause
2021-11-21T23:53:19,318|[TRACE] HqlParser - -----------> selectedPropertiesList
2021-11-21T23:53:19,318|[TRACE] HqlParser - -------------> aliasedExpression
2021-11-21T23:53:19,318|[TRACE] HqlParser - ---------------> expression
2021-11-21T23:53:19,318|[TRACE] HqlParser - -----------------> logicalOrExpression
2021-11-21T23:53:19,318|[TRACE] HqlParser - -------------------> logicalAndExpression
2021-11-21T23:53:19,318|[TRACE] HqlParser - ---------------------> negatedExpression
2021-11-21T23:53:19,318|[TRACE] HqlParser - -----------------------> equalityExpression
2021-11-21T23:53:19,318|[TRACE] HqlParser - -------------------------> relationalExpression
2021-11-21T23:53:19,318|[TRACE] HqlParser - ---------------------------> concatenation
2021-11-21T23:53:19,318|[TRACE] HqlParser - -----------------------------> additiveExpression
2021-11-21T23:53:19,318|[TRACE] HqlParser - -------------------------------> multiplyExpression
2021-11-21T23:53:19,318|[TRACE] HqlParser - ---------------------------------> unaryExpression
2021-11-21T23:53:19,318|[TRACE] HqlParser - -----------------------------------> atom
2021-11-21T23:53:19,318|[TRACE] HqlParser - -------------------------------------> primaryExpression
2021-11-21T23:53:19,318|[TRACE] HqlParser - ---------------------------------------> identPrimary
2021-11-21T23:53:19,318|[TRACE] HqlParser - -----------------------------------------> aggregate
2021-11-21T23:53:19,318|[TRACE] HqlParser - -------------------------------------------> path
2021-11-21T23:53:19,318|[TRACE] HqlParser - ---------------------------------------------> identifier
2021-11-21T23:53:19,318|[TRACE] HqlParser - <--------------------------------------------- identifier
2021-11-21T23:53:19,318|[TRACE] HqlParser - <------------------------------------------- path
2021-11-21T23:53:19,318|[TRACE] HqlParser - <----------------------------------------- aggregate
2021-11-21T23:53:19,318|[TRACE] HqlParser - <--------------------------------------- identPrimary
2021-11-21T23:53:19,318|[TRACE] HqlParser - <------------------------------------- primaryExpression
2021-11-21T23:53:19,318|[TRACE] HqlParser - <----------------------------------- atom
2021-11-21T23:53:19,318|[TRACE] HqlParser - <--------------------------------- unaryExpression
2021-11-21T23:53:19,318|[TRACE] HqlParser - <------------------------------- multiplyExpression
2021-11-21T23:53:19,318|[TRACE] HqlParser - <----------------------------- additiveExpression
2021-11-21T23:53:19,318|[TRACE] HqlParser - <--------------------------- concatenation
2021-11-21T23:53:19,318|[TRACE] HqlParser - <------------------------- relationalExpression
2021-11-21T23:53:19,318|[TRACE] HqlParser - <----------------------- equalityExpression
2021-11-21T23:53:19,318|[TRACE] HqlParser - <--------------------- negatedExpression
2021-11-21T23:53:19,318|[TRACE] HqlParser - <------------------- logicalAndExpression
2021-11-21T23:53:19,318|[TRACE] HqlParser - <----------------- logicalOrExpression
2021-11-21T23:53:19,318|[TRACE] HqlParser - <--------------- expression
2021-11-21T23:53:19,318|[TRACE] HqlParser - <------------- aliasedExpression
2021-11-21T23:53:19,318|[TRACE] HqlParser - <----------- selectedPropertiesList
2021-11-21T23:53:19,318|[TRACE] HqlParser - <--------- selectClause
2021-11-21T23:53:19,318|[TRACE] HqlParser - ---------> fromClause
2021-11-21T23:53:19,318|[TRACE] HqlParser - -----------> fromRange
2021-11-21T23:53:19,318|[TRACE] HqlParser - -------------> fromClassOrOuterQueryPath
2021-11-21T23:53:19,318|[TRACE] HqlParser - ---------------> path
2021-11-21T23:53:19,318|[TRACE] HqlParser - -----------------> identifier
2021-11-21T23:53:19,318|[TRACE] HqlParser - <----------------- identifier
2021-11-21T23:53:19,318|[TRACE] HqlParser - -----------------> identifier
2021-11-21T23:53:19,318|[TRACE] HqlParser - <----------------- identifier
2021-11-21T23:53:19,318|[TRACE] HqlParser - -----------------> identifier
2021-11-21T23:53:19,318|[TRACE] HqlParser - <----------------- identifier
2021-11-21T23:53:19,318|[TRACE] HqlParser - <--------------- path
2021-11-21T23:53:19,318|[TRACE] HqlParser - ---------------> asAlias
2021-11-21T23:53:19,318|[TRACE] HqlParser - -----------------> alias
2021-11-21T23:53:19,318|[TRACE] HqlParser - -------------------> identifier
2021-11-21T23:53:19,318|[TRACE] HqlParser - <------------------- identifier
2021-11-21T23:53:19,318|[TRACE] HqlParser - <----------------- alias
2021-11-21T23:53:19,318|[TRACE] HqlParser - <--------------- asAlias
2021-11-21T23:53:19,318|[TRACE] HqlParser - <------------- fromClassOrOuterQueryPath
2021-11-21T23:53:19,318|[TRACE] HqlParser - <----------- fromRange
2021-11-21T23:53:19,318|[TRACE] HqlParser - <--------- fromClause
2021-11-21T23:53:19,318|[TRACE] HqlParser - <------- selectFrom
2021-11-21T23:53:19,318|[TRACE] HqlParser - <----- queryRule
2021-11-21T23:53:19,318|[TRACE] HqlParser - <--- selectStatement
2021-11-21T23:53:19,318|[TRACE] HqlParser - <- statement
2021-11-21T23:53:19,318|[DEBUG] ErrorTracker - throwQueryException() : no errors
2021-11-21T23:53:19,318|[DEBUG] QueryTranslatorImpl - --- HQL AST ---
 \-[QUERY] Node: 'query'
    \-[SELECT_FROM] Node: 'SELECT_FROM'
       +-[FROM] Node: 'from'
       |  \-[RANGE] Node: 'RANGE'
       |     +-[DOT] Node: '.'
       |     |  +-[DOT] Node: '.'
       |     |  |  +-[IDENT] Node: 'bloodbank'
       |     |  |  \-[IDENT] Node: 'entity'
       |     |  \-[IDENT] Node: 'Address'
       |     \-[ALIAS] Node: 'generatedAlias0'
       \-[SELECT] Node: 'select'
          \-[COUNT] Node: 'count'
             \-[IDENT] Node: 'generatedAlias0'

2021-11-21T23:53:19,318|[DEBUG] HqlSqlBaseWalker - select << begin [level=1, statement=select]
2021-11-21T23:53:19,318|[DEBUG] FromElement - FromClause{level=1} : bloodbank.entity.Address (generatedAlias0) -> address0_
2021-11-21T23:53:19,319|[DEBUG] FromReferenceNode - Resolved : generatedAlias0 -> address0_.address_id
2021-11-21T23:53:19,319|[DEBUG] HqlSqlBaseWalker - select : finishing up [level=1, statement=select]
2021-11-21T23:53:19,319|[DEBUG] HqlSqlWalker - processQuery() :  ( SELECT ( {select clause} ( count address0_.address_id ) ) ( FromClause{level=1} address address0_ ) )
2021-11-21T23:53:19,319|[DEBUG] JoinProcessor - Tables referenced from query nodes:
 \-QueryNode
    +-SelectClause
    |  +-CountNode
    |  |  \-IdentNode
    |  |    persister: SingleTableEntityPersister(bloodbank.entity.Address)
    |  |    originalText: generatedAlias0
    |  \-SqlNode
    \-FromClause
       \-FromElement

2021-11-21T23:53:19,319|[DEBUG] JoinProcessor - Using FROM fragment [address address0_]
2021-11-21T23:53:19,319|[DEBUG] HqlSqlBaseWalker - select >> end [level=1, statement=select]
2021-11-21T23:53:19,319|[DEBUG] QueryTranslatorImpl - --- SQL AST ---
 \-[SELECT] QueryNode: 'SELECT'  querySpaces (address)
    +-[SELECT_CLAUSE] SelectClause: '{select clause}'
    |  +-[COUNT] CountNode: 'count'
    |  |  \-[ALIAS_REF] IdentNode: 'address0_.address_id' {alias=generatedAlias0, className=bloodbank.entity.Address, tableAlias=address0_}
    |  \-[SELECT_COLUMNS] SqlNode: ' as col_0_0_'
    \-[FROM] FromClause: 'from' FromClause{level=1, fromElementCounter=1, fromElements=1, fromElementByClassAlias=[generatedAlias0], fromElementByTableAlias=[address0_], fromElementsByPath=[], collectionJoinFromElementsByPath=[], impliedElements=[]}
       \-[FROM_FRAGMENT] FromElement: 'address address0_' FromElement{explicit,not a collection join,not a fetch join,fetch non-lazy properties,classAlias=generatedAlias0,role=null,tableName=address,tableAlias=address0_,origin=null,columns={,className=bloodbank.entity.Address}}

2021-11-21T23:53:19,319|[DEBUG] ErrorTracker - throwQueryException() : no errors
2021-11-21T23:53:19,320|[DEBUG] QueryTranslatorImpl - HQL: select count(generatedAlias0) from bloodbank.entity.Address as generatedAlias0
2021-11-21T23:53:19,320|[DEBUG] QueryTranslatorImpl - SQL: select count(address0_.address_id) as col_0_0_ from address address0_
2021-11-21T23:53:19,320|[DEBUG] ErrorTracker - throwQueryException() : no errors
2021-11-21T23:53:19,320|[TRACE] QueryPlanCache - Located HQL query plan in cache (select count(generatedAlias0) from Address as generatedAlias0)
2021-11-21T23:53:19,323|[TRACE] QueryPlanCache - Located HQL query plan in cache (select count(generatedAlias0) from Address as generatedAlias0)
2021-11-21T23:53:19,323|[TRACE] HQLQueryPlan - Find: select count(generatedAlias0) from Address as generatedAlias0
2021-11-21T23:53:19,323|[TRACE] QueryParameters - Named parameters: {}
2021-11-21T23:53:19,324|[DEBUG] SQL - 
    /* select
        count(generatedAlias0) 
    from
        Address as generatedAlias0 */ select
            count(address0_.address_id) as col_0_0_ 
        from
            address address0_
2021-11-21T23:53:19,325|[TRACE] ResourceRegistryStandardImpl - Registering statement [com.mysql.cj.jdbc.ClientPreparedStatement: /* select count(generatedAlias0) from Address as generatedAlias0 */ select count(address0_.address_id) as col_0_0_ from address address0_]
2021-11-21T23:53:19,325|[TRACE] JdbcCoordinatorImpl - Registering last query statement [com.mysql.cj.jdbc.ClientPreparedStatement: /* select count(generatedAlias0) from Address as generatedAlias0 */ select count(address0_.address_id) as col_0_0_ from address address0_]
2021-11-21T23:53:19,325|[TRACE] Loader - Bound [1] parameters total
2021-11-21T23:53:19,326|[TRACE] ResourceRegistryStandardImpl - Registering result set [com.mysql.cj.jdbc.result.ResultSetImpl@3e9fb485]
2021-11-21T23:53:19,327|[TRACE] Loader - Processing result set
2021-11-21T23:53:19,327|[DEBUG] Loader - Result set row: 0
2021-11-21T23:53:19,327|[DEBUG] Loader - Result row: 
2021-11-21T23:53:19,329|[TRACE] BasicExtractor - extracted value ([col_0_0_] : [BIGINT]) - [0]
2021-11-21T23:53:19,329|[TRACE] Loader - Done processing result set (1 rows)
2021-11-21T23:53:19,330|[TRACE] ResourceRegistryStandardImpl - Releasing statement [com.mysql.cj.jdbc.ClientPreparedStatement: /* select count(generatedAlias0) from Address as generatedAlias0 */ select count(address0_.address_id) as col_0_0_ from address address0_]
2021-11-21T23:53:19,330|[TRACE] ResourceRegistryStandardImpl - Closing result set [com.mysql.cj.jdbc.result.ResultSetImpl@3e9fb485]
2021-11-21T23:53:19,330|[TRACE] ResourceRegistryStandardImpl - Closing prepared statement [com.mysql.cj.jdbc.ClientPreparedStatement: /* select count(generatedAlias0) from Address as generatedAlias0 */ select count(address0_.address_id) as col_0_0_ from address address0_]
2021-11-21T23:53:19,330|[TRACE] JdbcCoordinatorImpl - Starting after statement execution processing [AFTER_TRANSACTION]
2021-11-21T23:53:19,330|[TRACE] StatefulPersistenceContext - Initializing non-lazy collections
2021-11-21T23:53:19,331|[TRACE] AbstractLogicalConnectionImplementor - LogicalConnection#afterTransaction
2021-11-21T23:53:19,331|[TRACE] ResourceRegistryStandardImpl - Releasing JDBC resources
2021-11-21T23:53:19,331|[DEBUG] LogicalConnectionManagedImpl - Initiating JDBC connection release from afterTransaction
2021-11-21T23:53:19,331|[TRACE] ResourceRegistryStandardImpl - Releasing JDBC resources
2021-11-21T23:53:19,337|[TRACE] SessionImpl - Closing session [cb17f524-bc2b-4c7c-bdd1-078c3be0a23e]
2021-11-21T23:53:19,338|[TRACE] JdbcCoordinatorImpl - Closing JDBC container [org.hibernate.engine.jdbc.internal.JdbcCoordinatorImpl@2ecdf528]
2021-11-21T23:53:19,338|[TRACE] ResourceRegistryStandardImpl - Releasing JDBC resources
2021-11-21T23:53:19,338|[TRACE] LogicalConnectionManagedImpl - Closing logical connection
2021-11-21T23:53:19,338|[TRACE] LogicalConnectionManagedImpl - Logical connection closed
]]></system-out>
  </testcase>
  <testcase name="testCreate" classname="bloodbank.entity.TestCRUDAddressOriginal" time="0.05">
    <system-out><![CDATA[2021-11-21T23:53:19,344|[TRACE] SessionFactoryImpl$SessionBuilderImpl - Opening Hibernate Session.  tenant=null
2021-11-21T23:53:19,344|[TRACE] SessionImpl - Opened Session [a6c64010-ce45-48df-bad0-b0f9aad63926] at timestamp: 1637556799344
2021-11-21T23:53:19,344|[DEBUG] TransactionImpl - On TransactionImpl creation, JpaCompliance#isJpaTransactionComplianceEnabled == false
2021-11-21T23:53:19,344|[DEBUG] TransactionImpl - begin
2021-11-21T23:53:19,345|[TRACE] AbstractLogicalConnectionImplementor - Preparing to begin transaction via JDBC Connection.setAutoCommit(false)
2021-11-21T23:53:19,345|[TRACE] AbstractLogicalConnectionImplementor - Transaction begun via JDBC Connection.setAutoCommit(false)
2021-11-21T23:53:19,345|[TRACE] JdbcResourceLocalTransactionCoordinatorImpl - ResourceLocalTransactionCoordinatorImpl#afterBeginCallback
2021-11-21T23:53:19,347|[TRACE] VersionValue - Version unsaved-value strategy UNDEFINED
2021-11-21T23:53:19,348|[TRACE] IdentifierValue - ID unsaved-value: 0
2021-11-21T23:53:19,348|[TRACE] EntityState - Transient instance of: bloodbank.entity.Address
2021-11-21T23:53:19,348|[TRACE] DefaultPersistEventListener - Saving transient instance
2021-11-21T23:53:19,350|[TRACE] AbstractSaveEventListener - Saving [bloodbank.entity.Address#<null>]
2021-11-21T23:53:19,355|[TRACE] Versioning - Using initial version: 0
2021-11-21T23:53:19,360|[TRACE] WrapVisitor - Wrapped collection in role: bloodbank.entity.Address.contacts
2021-11-21T23:53:19,362|[TRACE] ActionQueue - Adding an EntityIdentityInsertAction for [bloodbank.entity.Address] object
2021-11-21T23:53:19,362|[TRACE] ActionQueue - Executing inserts before finding non-nullable transient entities for early insert: [EntityIdentityInsertAction[bloodbank.entity.Address#<null>]]
2021-11-21T23:53:19,362|[TRACE] ActionQueue - Adding insert with no non-nullable, transient entities: [EntityIdentityInsertAction[bloodbank.entity.Address#<null>]]
2021-11-21T23:53:19,362|[TRACE] ActionQueue - Executing insertions before resolved early-insert
2021-11-21T23:53:19,362|[DEBUG] ActionQueue - Executing identity-insert immediately
2021-11-21T23:53:19,363|[TRACE] AbstractEntityPersister - Inserting entity: bloodbank.entity.Address (native id)
2021-11-21T23:53:19,363|[TRACE] AbstractEntityPersister - Version: 0
2021-11-21T23:53:19,364|[DEBUG] SQL - 
    /* insert bloodbank.entity.Address
        */ insert 
        into
            address
            (created, updated, version, city, country, province, street, street_number, zipcode) 
        values
            (?, ?, ?, ?, ?, ?, ?, ?, ?)
2021-11-21T23:53:19,364|[TRACE] ResourceRegistryStandardImpl - Registering statement [com.mysql.cj.jdbc.ClientPreparedStatement: /* insert bloodbank.entity.Address */ insert into address (created, updated, version, city, country, province, street, street_number, zipcode) values (** NOT SPECIFIED **, ** NOT SPECIFIED **, ** NOT SPECIFIED **, ** NOT SPECIFIED **, ** NOT SPECIFIED **, ** NOT SPECIFIED **, ** NOT SPECIFIED **, ** NOT SPECIFIED **, ** NOT SPECIFIED **)]
2021-11-21T23:53:19,364|[TRACE] AbstractEntityPersister - Dehydrating entity: [bloodbank.entity.Address#<null>]
2021-11-21T23:53:19,365|[TRACE] BasicBinder - binding parameter [1] as [BIGINT] - [1637556799348]
2021-11-21T23:53:19,365|[TRACE] BasicBinder - binding parameter [2] as [BIGINT] - [1637556799348]
2021-11-21T23:53:19,365|[TRACE] BasicBinder - binding parameter [3] as [INTEGER] - [0]
2021-11-21T23:53:19,365|[TRACE] BasicBinder - binding parameter [4] as [VARCHAR] - [Montreal]
2021-11-21T23:53:19,365|[TRACE] BasicBinder - binding parameter [5] as [VARCHAR] - [Canada]
2021-11-21T23:53:19,365|[TRACE] BasicBinder - binding parameter [6] as [VARCHAR] - [Quebec]
2021-11-21T23:53:19,365|[TRACE] BasicBinder - binding parameter [7] as [VARCHAR] - [Rue Chambly]
2021-11-21T23:53:19,365|[TRACE] BasicBinder - binding parameter [8] as [VARCHAR] - [123]
2021-11-21T23:53:19,366|[TRACE] BasicBinder - binding parameter [9] as [VARCHAR] - [H2E 2S1]
2021-11-21T23:53:19,369|[DEBUG] IdentifierGeneratorHelper - Natively generated identity: 1
2021-11-21T23:53:19,369|[TRACE] ResourceRegistryStandardImpl - Releasing result set [com.mysql.cj.jdbc.result.ResultSetImpl@1bdafb01]
2021-11-21T23:53:19,369|[TRACE] ResourceRegistryStandardImpl - Closing result set [com.mysql.cj.jdbc.result.ResultSetImpl@1bdafb01]
2021-11-21T23:53:19,369|[TRACE] ResourceRegistryStandardImpl - Releasing statement [com.mysql.cj.jdbc.ClientPreparedStatement: /* insert bloodbank.entity.Address */ insert into address (created, updated, version, city, country, province, street, street_number, zipcode) values (1637556799348, 1637556799348, 0, 'Montreal', 'Canada', 'Quebec', 'Rue Chambly', '123', 'H2E 2S1')]
2021-11-21T23:53:19,369|[DEBUG] ResourceRegistryStandardImpl - HHH000387: ResultSet's statement was not registered
2021-11-21T23:53:19,369|[TRACE] ResourceRegistryStandardImpl - Closing prepared statement [com.mysql.cj.jdbc.ClientPreparedStatement: /* insert bloodbank.entity.Address */ insert into address (created, updated, version, city, country, province, street, street_number, zipcode) values (1637556799348, 1637556799348, 0, 'Montreal', 'Canada', 'Quebec', 'Rue Chambly', '123', 'H2E 2S1')]
2021-11-21T23:53:19,369|[TRACE] JdbcCoordinatorImpl - Starting after statement execution processing [AFTER_TRANSACTION]
2021-11-21T23:53:19,370|[DEBUG] TransactionImpl - committing
2021-11-21T23:53:19,370|[TRACE] JdbcResourceLocalTransactionCoordinatorImpl - ResourceLocalTransactionCoordinatorImpl#beforeCompletionCallback
2021-11-21T23:53:19,370|[TRACE] SessionImpl - SessionImpl#beforeTransactionCompletion()
2021-11-21T23:53:19,370|[TRACE] SessionImpl - Automatically flushing session
2021-11-21T23:53:19,370|[TRACE] AbstractFlushingEventListener - Flushing session
2021-11-21T23:53:19,370|[DEBUG] AbstractFlushingEventListener - Processing flush-time cascades
2021-11-21T23:53:19,370|[TRACE] Cascade - Processing cascade ACTION_PERSIST_ON_FLUSH for: bloodbank.entity.Address
2021-11-21T23:53:19,371|[TRACE] Cascade - Done processing cascade ACTION_PERSIST_ON_FLUSH for: bloodbank.entity.Address
2021-11-21T23:53:19,371|[DEBUG] AbstractFlushingEventListener - Dirty checking collections
2021-11-21T23:53:19,371|[TRACE] AbstractFlushingEventListener - Flushing entities and processing referenced collections
2021-11-21T23:53:19,374|[DEBUG] Collections - Collection found: [bloodbank.entity.Address.contacts#1], was: [<unreferenced>] (initialized)
2021-11-21T23:53:19,374|[TRACE] AbstractFlushingEventListener - Processing unreferenced collections
2021-11-21T23:53:19,374|[TRACE] AbstractFlushingEventListener - Scheduling collection removes/(re)creates/updates
2021-11-21T23:53:19,375|[DEBUG] AbstractFlushingEventListener - Flushed: 0 insertions, 0 updates, 0 deletions to 1 objects
2021-11-21T23:53:19,375|[DEBUG] AbstractFlushingEventListener - Flushed: 1 (re)creations, 0 updates, 0 removals to 1 collections
2021-11-21T23:53:19,375|[DEBUG] EntityPrinter - Listing entities:
2021-11-21T23:53:19,376|[DEBUG] EntityPrinter - bloodbank.entity.Address{zipcode=H2E 2S1, country=Canada, province=Quebec, city=Montreal, streetNumber=123, street=Rue Chambly, id=1, epochCreated=1637556799348, version=0, contacts=[], epochUpdated=1637556799348}
2021-11-21T23:53:19,376|[TRACE] AbstractFlushingEventListener - Executing flush
2021-11-21T23:53:19,376|[TRACE] JdbcCoordinatorImpl - Starting after statement execution processing [AFTER_TRANSACTION]
2021-11-21T23:53:19,376|[TRACE] AbstractFlushingEventListener - Post flush
2021-11-21T23:53:19,377|[TRACE] AbstractLogicalConnectionImplementor - LogicalConnection#beforeTransactionCompletion
2021-11-21T23:53:19,377|[TRACE] SynchronizationRegistryStandardImpl - SynchronizationRegistryStandardImpl.notifySynchronizationsBeforeTransactionCompletion
2021-11-21T23:53:19,377|[TRACE] AbstractLogicalConnectionImplementor - Preparing to commit transaction via JDBC Connection.commit()
2021-11-21T23:53:19,379|[TRACE] AbstractLogicalConnectionImplementor - Transaction committed via JDBC Connection.commit()
2021-11-21T23:53:19,379|[TRACE] AbstractLogicalConnectionImplementor - LogicalConnection#afterTransaction
2021-11-21T23:53:19,379|[TRACE] ResourceRegistryStandardImpl - Releasing JDBC resources
2021-11-21T23:53:19,379|[DEBUG] LogicalConnectionManagedImpl - Initiating JDBC connection release from afterTransaction
2021-11-21T23:53:19,380|[TRACE] ResourceRegistryStandardImpl - Releasing JDBC resources
2021-11-21T23:53:19,380|[TRACE] JdbcResourceLocalTransactionCoordinatorImpl - ResourceLocalTransactionCoordinatorImpl#afterCompletionCallback(true)
2021-11-21T23:53:19,380|[TRACE] SynchronizationRegistryStandardImpl - SynchronizationRegistryStandardImpl.notifySynchronizationsAfterTransactionCompletion(3)
2021-11-21T23:53:19,380|[TRACE] AbstractLogicalConnectionImplementor - LogicalConnection#afterTransaction
2021-11-21T23:53:19,380|[TRACE] ResourceRegistryStandardImpl - Releasing JDBC resources
2021-11-21T23:53:19,380|[DEBUG] LogicalConnectionManagedImpl - Initiating JDBC connection release from afterTransaction
2021-11-21T23:53:19,380|[TRACE] SessionImpl - SessionImpl#afterTransactionCompletion(successful=true, delayed=false)
2021-11-21T23:53:19,382|[DEBUG] CriteriaQueryImpl - Rendered criteria query -> select count(generatedAlias0) from Address as generatedAlias0 where generatedAlias0.streetNumber=:streetNumber
2021-11-21T23:53:19,382|[TRACE] QueryPlanCache - Unable to locate HQL query plan in cache; generating (select count(generatedAlias0) from Address as generatedAlias0 where generatedAlias0.streetNumber=:streetNumber)
2021-11-21T23:53:19,383|[DEBUG] QueryTranslatorImpl - parse() - HQL: select count(generatedAlias0) from bloodbank.entity.Address as generatedAlias0 where generatedAlias0.streetNumber=:streetNumber
2021-11-21T23:53:19,383|[TRACE] HqlParser - -> statement
2021-11-21T23:53:19,383|[TRACE] HqlParser - ---> selectStatement
2021-11-21T23:53:19,383|[TRACE] HqlParser - -----> queryRule
2021-11-21T23:53:19,383|[TRACE] HqlParser - -------> selectFrom
2021-11-21T23:53:19,383|[TRACE] HqlParser - ---------> selectClause
2021-11-21T23:53:19,383|[TRACE] HqlParser - -----------> selectedPropertiesList
2021-11-21T23:53:19,383|[TRACE] HqlParser - -------------> aliasedExpression
2021-11-21T23:53:19,383|[TRACE] HqlParser - ---------------> expression
2021-11-21T23:53:19,383|[TRACE] HqlParser - -----------------> logicalOrExpression
2021-11-21T23:53:19,383|[TRACE] HqlParser - -------------------> logicalAndExpression
2021-11-21T23:53:19,383|[TRACE] HqlParser - ---------------------> negatedExpression
2021-11-21T23:53:19,383|[TRACE] HqlParser - -----------------------> equalityExpression
2021-11-21T23:53:19,383|[TRACE] HqlParser - -------------------------> relationalExpression
2021-11-21T23:53:19,383|[TRACE] HqlParser - ---------------------------> concatenation
2021-11-21T23:53:19,383|[TRACE] HqlParser - -----------------------------> additiveExpression
2021-11-21T23:53:19,383|[TRACE] HqlParser - -------------------------------> multiplyExpression
2021-11-21T23:53:19,383|[TRACE] HqlParser - ---------------------------------> unaryExpression
2021-11-21T23:53:19,383|[TRACE] HqlParser - -----------------------------------> atom
2021-11-21T23:53:19,383|[TRACE] HqlParser - -------------------------------------> primaryExpression
2021-11-21T23:53:19,383|[TRACE] HqlParser - ---------------------------------------> identPrimary
2021-11-21T23:53:19,383|[TRACE] HqlParser - -----------------------------------------> aggregate
2021-11-21T23:53:19,383|[TRACE] HqlParser - -------------------------------------------> path
2021-11-21T23:53:19,383|[TRACE] HqlParser - ---------------------------------------------> identifier
2021-11-21T23:53:19,383|[TRACE] HqlParser - <--------------------------------------------- identifier
2021-11-21T23:53:19,383|[TRACE] HqlParser - <------------------------------------------- path
2021-11-21T23:53:19,383|[TRACE] HqlParser - <----------------------------------------- aggregate
2021-11-21T23:53:19,383|[TRACE] HqlParser - <--------------------------------------- identPrimary
2021-11-21T23:53:19,383|[TRACE] HqlParser - <------------------------------------- primaryExpression
2021-11-21T23:53:19,383|[TRACE] HqlParser - <----------------------------------- atom
2021-11-21T23:53:19,383|[TRACE] HqlParser - <--------------------------------- unaryExpression
2021-11-21T23:53:19,383|[TRACE] HqlParser - <------------------------------- multiplyExpression
2021-11-21T23:53:19,383|[TRACE] HqlParser - <----------------------------- additiveExpression
2021-11-21T23:53:19,383|[TRACE] HqlParser - <--------------------------- concatenation
2021-11-21T23:53:19,383|[TRACE] HqlParser - <------------------------- relationalExpression
2021-11-21T23:53:19,383|[TRACE] HqlParser - <----------------------- equalityExpression
2021-11-21T23:53:19,383|[TRACE] HqlParser - <--------------------- negatedExpression
2021-11-21T23:53:19,383|[TRACE] HqlParser - <------------------- logicalAndExpression
2021-11-21T23:53:19,383|[TRACE] HqlParser - <----------------- logicalOrExpression
2021-11-21T23:53:19,383|[TRACE] HqlParser - <--------------- expression
2021-11-21T23:53:19,383|[TRACE] HqlParser - <------------- aliasedExpression
2021-11-21T23:53:19,383|[TRACE] HqlParser - <----------- selectedPropertiesList
2021-11-21T23:53:19,383|[TRACE] HqlParser - <--------- selectClause
2021-11-21T23:53:19,383|[TRACE] HqlParser - ---------> fromClause
2021-11-21T23:53:19,383|[TRACE] HqlParser - -----------> fromRange
2021-11-21T23:53:19,383|[TRACE] HqlParser - -------------> fromClassOrOuterQueryPath
2021-11-21T23:53:19,383|[TRACE] HqlParser - ---------------> path
2021-11-21T23:53:19,383|[TRACE] HqlParser - -----------------> identifier
2021-11-21T23:53:19,383|[TRACE] HqlParser - <----------------- identifier
2021-11-21T23:53:19,383|[TRACE] HqlParser - -----------------> identifier
2021-11-21T23:53:19,383|[TRACE] HqlParser - <----------------- identifier
2021-11-21T23:53:19,383|[TRACE] HqlParser - -----------------> identifier
2021-11-21T23:53:19,383|[TRACE] HqlParser - <----------------- identifier
2021-11-21T23:53:19,383|[TRACE] HqlParser - <--------------- path
2021-11-21T23:53:19,383|[TRACE] HqlParser - ---------------> asAlias
2021-11-21T23:53:19,383|[TRACE] HqlParser - -----------------> alias
2021-11-21T23:53:19,383|[TRACE] HqlParser - -------------------> identifier
2021-11-21T23:53:19,383|[TRACE] HqlParser - <------------------- identifier
2021-11-21T23:53:19,383|[TRACE] HqlParser - <----------------- alias
2021-11-21T23:53:19,383|[TRACE] HqlParser - <--------------- asAlias
2021-11-21T23:53:19,383|[TRACE] HqlParser - <------------- fromClassOrOuterQueryPath
2021-11-21T23:53:19,383|[TRACE] HqlParser - <----------- fromRange
2021-11-21T23:53:19,383|[TRACE] HqlParser - <--------- fromClause
2021-11-21T23:53:19,383|[TRACE] HqlParser - <------- selectFrom
2021-11-21T23:53:19,383|[TRACE] HqlParser - -------> whereClause
2021-11-21T23:53:19,383|[TRACE] HqlParser - ---------> logicalExpression
2021-11-21T23:53:19,383|[TRACE] HqlParser - -----------> expression
2021-11-21T23:53:19,383|[TRACE] HqlParser - -------------> logicalOrExpression
2021-11-21T23:53:19,383|[TRACE] HqlParser - ---------------> logicalAndExpression
2021-11-21T23:53:19,383|[TRACE] HqlParser - -----------------> negatedExpression
2021-11-21T23:53:19,383|[TRACE] HqlParser - -------------------> equalityExpression
2021-11-21T23:53:19,383|[TRACE] HqlParser - ---------------------> relationalExpression
2021-11-21T23:53:19,383|[TRACE] HqlParser - -----------------------> concatenation
2021-11-21T23:53:19,383|[TRACE] HqlParser - -------------------------> additiveExpression
2021-11-21T23:53:19,383|[TRACE] HqlParser - ---------------------------> multiplyExpression
2021-11-21T23:53:19,383|[TRACE] HqlParser - -----------------------------> unaryExpression
2021-11-21T23:53:19,383|[TRACE] HqlParser - -------------------------------> atom
2021-11-21T23:53:19,383|[TRACE] HqlParser - ---------------------------------> primaryExpression
2021-11-21T23:53:19,383|[TRACE] HqlParser - -----------------------------------> identPrimary
2021-11-21T23:53:19,383|[TRACE] HqlParser - -------------------------------------> identPrimaryBase
2021-11-21T23:53:19,383|[TRACE] HqlParser - ---------------------------------------> identifier
2021-11-21T23:53:19,383|[TRACE] HqlParser - <--------------------------------------- identifier
2021-11-21T23:53:19,383|[TRACE] HqlParser - <------------------------------------- identPrimaryBase
2021-11-21T23:53:19,383|[TRACE] HqlParser - -------------------------------------> identifier
2021-11-21T23:53:19,383|[TRACE] HqlParser - <------------------------------------- identifier
2021-11-21T23:53:19,383|[TRACE] HqlParser - <----------------------------------- identPrimary
2021-11-21T23:53:19,383|[TRACE] HqlParser - <--------------------------------- primaryExpression
2021-11-21T23:53:19,383|[TRACE] HqlParser - <------------------------------- atom
2021-11-21T23:53:19,383|[TRACE] HqlParser - <----------------------------- unaryExpression
2021-11-21T23:53:19,383|[TRACE] HqlParser - <--------------------------- multiplyExpression
2021-11-21T23:53:19,383|[TRACE] HqlParser - <------------------------- additiveExpression
2021-11-21T23:53:19,383|[TRACE] HqlParser - <----------------------- concatenation
2021-11-21T23:53:19,383|[TRACE] HqlParser - <--------------------- relationalExpression
2021-11-21T23:53:19,383|[TRACE] HqlParser - ---------------------> relationalExpression
2021-11-21T23:53:19,383|[TRACE] HqlParser - -----------------------> concatenation
2021-11-21T23:53:19,383|[TRACE] HqlParser - -------------------------> additiveExpression
2021-11-21T23:53:19,383|[TRACE] HqlParser - ---------------------------> multiplyExpression
2021-11-21T23:53:19,383|[TRACE] HqlParser - -----------------------------> unaryExpression
2021-11-21T23:53:19,383|[TRACE] HqlParser - -------------------------------> atom
2021-11-21T23:53:19,383|[TRACE] HqlParser - ---------------------------------> primaryExpression
2021-11-21T23:53:19,383|[TRACE] HqlParser - -----------------------------------> parameter
2021-11-21T23:53:19,383|[TRACE] HqlParser - <----------------------------------- parameter
2021-11-21T23:53:19,383|[TRACE] HqlParser - <--------------------------------- primaryExpression
2021-11-21T23:53:19,383|[TRACE] HqlParser - <------------------------------- atom
2021-11-21T23:53:19,383|[TRACE] HqlParser - <----------------------------- unaryExpression
2021-11-21T23:53:19,384|[TRACE] HqlParser - <--------------------------- multiplyExpression
2021-11-21T23:53:19,384|[TRACE] HqlParser - <------------------------- additiveExpression
2021-11-21T23:53:19,384|[TRACE] HqlParser - <----------------------- concatenation
2021-11-21T23:53:19,384|[TRACE] HqlParser - <--------------------- relationalExpression
2021-11-21T23:53:19,384|[TRACE] HqlParser - <------------------- equalityExpression
2021-11-21T23:53:19,384|[TRACE] HqlParser - <----------------- negatedExpression
2021-11-21T23:53:19,384|[TRACE] HqlParser - <--------------- logicalAndExpression
2021-11-21T23:53:19,384|[TRACE] HqlParser - <------------- logicalOrExpression
2021-11-21T23:53:19,384|[TRACE] HqlParser - <----------- expression
2021-11-21T23:53:19,384|[TRACE] HqlParser - <--------- logicalExpression
2021-11-21T23:53:19,384|[TRACE] HqlParser - <------- whereClause
2021-11-21T23:53:19,384|[TRACE] HqlParser - <----- queryRule
2021-11-21T23:53:19,384|[TRACE] HqlParser - <--- selectStatement
2021-11-21T23:53:19,384|[TRACE] HqlParser - <- statement
2021-11-21T23:53:19,384|[DEBUG] ErrorTracker - throwQueryException() : no errors
2021-11-21T23:53:19,384|[DEBUG] QueryTranslatorImpl - --- HQL AST ---
 \-[QUERY] Node: 'query'
    +-[SELECT_FROM] Node: 'SELECT_FROM'
    |  +-[FROM] Node: 'from'
    |  |  \-[RANGE] Node: 'RANGE'
    |  |     +-[DOT] Node: '.'
    |  |     |  +-[DOT] Node: '.'
    |  |     |  |  +-[IDENT] Node: 'bloodbank'
    |  |     |  |  \-[IDENT] Node: 'entity'
    |  |     |  \-[IDENT] Node: 'Address'
    |  |     \-[ALIAS] Node: 'generatedAlias0'
    |  \-[SELECT] Node: 'select'
    |     \-[COUNT] Node: 'count'
    |        \-[IDENT] Node: 'generatedAlias0'
    \-[WHERE] Node: 'where'
       \-[EQ] Node: '='
          +-[DOT] Node: '.'
          |  +-[IDENT] Node: 'generatedAlias0'
          |  \-[IDENT] Node: 'streetNumber'
          \-[COLON] Node: ':'
             \-[IDENT] Node: 'streetNumber'

2021-11-21T23:53:19,384|[DEBUG] HqlSqlBaseWalker - select << begin [level=1, statement=select]
2021-11-21T23:53:19,384|[DEBUG] FromElement - FromClause{level=1} : bloodbank.entity.Address (generatedAlias0) -> address0_
2021-11-21T23:53:19,384|[DEBUG] FromReferenceNode - Resolved : generatedAlias0 -> address0_.address_id
2021-11-21T23:53:19,385|[DEBUG] FromReferenceNode - Resolved : generatedAlias0 -> address0_.address_id
2021-11-21T23:53:19,386|[TRACE] FromElement - Handling property dereference [bloodbank.entity.Address (generatedAlias0) -> streetNumber (class)]
2021-11-21T23:53:19,386|[DEBUG] DotNode - getDataType() : streetNumber -> org.hibernate.type.StringType@795fd838
2021-11-21T23:53:19,386|[DEBUG] FromReferenceNode - Resolved : generatedAlias0.streetNumber -> address0_.street_number
2021-11-21T23:53:19,387|[DEBUG] HqlSqlBaseWalker - select : finishing up [level=1, statement=select]
2021-11-21T23:53:19,387|[DEBUG] HqlSqlWalker - processQuery() :  ( SELECT ( {select clause} ( count address0_.address_id ) ) ( FromClause{level=1} address address0_ ) ( where ( = ( address0_.street_number address0_.address_id streetNumber ) ? ) ) )
2021-11-21T23:53:19,387|[DEBUG] JoinProcessor - Tables referenced from query nodes:
 \-QueryNode
    +-SelectClause
    |  +-CountNode
    |  |  \-IdentNode
    |  |    persister: SingleTableEntityPersister(bloodbank.entity.Address)
    |  |    originalText: generatedAlias0
    |  \-SqlNode
    +-FromClause
    |  \-FromElement
    \-SqlNode
       \-BinaryLogicOperatorNode
          +-DotNode
          | persister: SingleTableEntityPersister(bloodbank.entity.Address)
          | path: generatedAlias0.streetNumber
          |  +-IdentNode
          |  | persister: SingleTableEntityPersister(bloodbank.entity.Address)
          |  | originalText: generatedAlias0
          |  \-IdentNode
          |    persister: null
          |    originalText: streetNumber
          \-ParameterNode

2021-11-21T23:53:19,387|[DEBUG] JoinProcessor - Using FROM fragment [address address0_]
2021-11-21T23:53:19,387|[DEBUG] HqlSqlBaseWalker - select >> end [level=1, statement=select]
2021-11-21T23:53:19,387|[DEBUG] QueryTranslatorImpl - --- SQL AST ---
 \-[SELECT] QueryNode: 'SELECT'  querySpaces (address)
    +-[SELECT_CLAUSE] SelectClause: '{select clause}'
    |  +-[COUNT] CountNode: 'count'
    |  |  \-[ALIAS_REF] IdentNode: 'address0_.address_id' {alias=generatedAlias0, className=bloodbank.entity.Address, tableAlias=address0_}
    |  \-[SELECT_COLUMNS] SqlNode: ' as col_0_0_'
    +-[FROM] FromClause: 'from' FromClause{level=1, fromElementCounter=1, fromElements=1, fromElementByClassAlias=[generatedAlias0], fromElementByTableAlias=[address0_], fromElementsByPath=[], collectionJoinFromElementsByPath=[], impliedElements=[]}
    |  \-[FROM_FRAGMENT] FromElement: 'address address0_' FromElement{explicit,not a collection join,not a fetch join,fetch non-lazy properties,classAlias=generatedAlias0,role=null,tableName=address,tableAlias=address0_,origin=null,columns={,className=bloodbank.entity.Address}}
    \-[WHERE] SqlNode: 'where'
       \-[EQ] BinaryLogicOperatorNode: '='
          +-[DOT] DotNode: 'address0_.street_number' {propertyName=streetNumber,dereferenceType=PRIMITIVE,getPropertyPath=streetNumber,path=generatedAlias0.streetNumber,tableAlias=address0_,className=bloodbank.entity.Address,classAlias=generatedAlias0}
          |  +-[ALIAS_REF] IdentNode: 'address0_.address_id' {alias=generatedAlias0, className=bloodbank.entity.Address, tableAlias=address0_}
          |  \-[IDENT] IdentNode: 'streetNumber' {originalText=streetNumber}
          \-[NAMED_PARAM] ParameterNode: '?' {name=streetNumber, expectedType=org.hibernate.type.StringType@795fd838}

2021-11-21T23:53:19,387|[DEBUG] ErrorTracker - throwQueryException() : no errors
2021-11-21T23:53:19,387|[DEBUG] QueryTranslatorImpl - HQL: select count(generatedAlias0) from bloodbank.entity.Address as generatedAlias0 where generatedAlias0.streetNumber=:streetNumber
2021-11-21T23:53:19,388|[DEBUG] QueryTranslatorImpl - SQL: select count(address0_.address_id) as col_0_0_ from address address0_ where address0_.street_number=?
2021-11-21T23:53:19,388|[DEBUG] ErrorTracker - throwQueryException() : no errors
2021-11-21T23:53:19,388|[TRACE] QueryPlanCache - Located HQL query plan in cache (select count(generatedAlias0) from Address as generatedAlias0 where generatedAlias0.streetNumber=:streetNumber)
2021-11-21T23:53:19,390|[TRACE] QueryPlanCache - Located HQL query plan in cache (select count(generatedAlias0) from Address as generatedAlias0 where generatedAlias0.streetNumber=:streetNumber)
2021-11-21T23:53:19,390|[TRACE] HQLQueryPlan - Find: select count(generatedAlias0) from Address as generatedAlias0 where generatedAlias0.streetNumber=:streetNumber
2021-11-21T23:53:19,390|[TRACE] QueryParameters - Named parameters: {streetNumber=123}
2021-11-21T23:53:19,390|[DEBUG] SQL - 
    /* select
        count(generatedAlias0) 
    from
        Address as generatedAlias0 
    where
        generatedAlias0.streetNumber=:streetNumber */ select
            count(address0_.address_id) as col_0_0_ 
        from
            address address0_ 
        where
            address0_.street_number=?
2021-11-21T23:53:19,391|[TRACE] ResourceRegistryStandardImpl - Registering statement [com.mysql.cj.jdbc.ClientPreparedStatement: /* select count(generatedAlias0) from Address as generatedAlias0 where generatedAlias0.streetNumber=:streetNumber */ select count(address0_.address_id) as col_0_0_ from address address0_ where address0_.street_number=** NOT SPECIFIED **]
2021-11-21T23:53:19,391|[TRACE] JdbcCoordinatorImpl - Registering last query statement [com.mysql.cj.jdbc.ClientPreparedStatement: /* select count(generatedAlias0) from Address as generatedAlias0 where generatedAlias0.streetNumber=:streetNumber */ select count(address0_.address_id) as col_0_0_ from address address0_ where address0_.street_number=** NOT SPECIFIED **]
2021-11-21T23:53:19,391|[TRACE] BasicBinder - binding parameter [1] as [VARCHAR] - [123]
2021-11-21T23:53:19,391|[TRACE] Loader - Bound [2] parameters total
2021-11-21T23:53:19,391|[TRACE] ResourceRegistryStandardImpl - Registering result set [com.mysql.cj.jdbc.result.ResultSetImpl@fe08eaf]
2021-11-21T23:53:19,391|[TRACE] Loader - Processing result set
2021-11-21T23:53:19,391|[DEBUG] Loader - Result set row: 0
2021-11-21T23:53:19,392|[DEBUG] Loader - Result row: 
2021-11-21T23:53:19,392|[TRACE] BasicExtractor - extracted value ([col_0_0_] : [BIGINT]) - [1]
2021-11-21T23:53:19,392|[TRACE] Loader - Done processing result set (1 rows)
2021-11-21T23:53:19,392|[TRACE] ResourceRegistryStandardImpl - Releasing statement [com.mysql.cj.jdbc.ClientPreparedStatement: /* select count(generatedAlias0) from Address as generatedAlias0 where generatedAlias0.streetNumber=:streetNumber */ select count(address0_.address_id) as col_0_0_ from address address0_ where address0_.street_number='123']
2021-11-21T23:53:19,392|[TRACE] ResourceRegistryStandardImpl - Closing result set [com.mysql.cj.jdbc.result.ResultSetImpl@fe08eaf]
2021-11-21T23:53:19,392|[TRACE] ResourceRegistryStandardImpl - Closing prepared statement [com.mysql.cj.jdbc.ClientPreparedStatement: /* select count(generatedAlias0) from Address as generatedAlias0 where generatedAlias0.streetNumber=:streetNumber */ select count(address0_.address_id) as col_0_0_ from address address0_ where address0_.street_number='123']
2021-11-21T23:53:19,392|[TRACE] JdbcCoordinatorImpl - Starting after statement execution processing [AFTER_TRANSACTION]
2021-11-21T23:53:19,392|[TRACE] StatefulPersistenceContext - Initializing non-lazy collections
2021-11-21T23:53:19,392|[TRACE] AbstractLogicalConnectionImplementor - LogicalConnection#afterTransaction
2021-11-21T23:53:19,392|[TRACE] ResourceRegistryStandardImpl - Releasing JDBC resources
2021-11-21T23:53:19,392|[DEBUG] LogicalConnectionManagedImpl - Initiating JDBC connection release from afterTransaction
2021-11-21T23:53:19,392|[TRACE] ResourceRegistryStandardImpl - Releasing JDBC resources
2021-11-21T23:53:19,392|[TRACE] SessionImpl - Closing session [a6c64010-ce45-48df-bad0-b0f9aad63926]
2021-11-21T23:53:19,392|[TRACE] JdbcCoordinatorImpl - Closing JDBC container [org.hibernate.engine.jdbc.internal.JdbcCoordinatorImpl@6fd9dbe6]
2021-11-21T23:53:19,392|[TRACE] ResourceRegistryStandardImpl - Releasing JDBC resources
2021-11-21T23:53:19,392|[TRACE] LogicalConnectionManagedImpl - Closing logical connection
2021-11-21T23:53:19,392|[TRACE] LogicalConnectionManagedImpl - Logical connection closed
]]></system-out>
  </testcase>
  <testcase name="testCreateValid" classname="bloodbank.entity.TestCRUDAddressOriginal" time="0.021">
    <system-out><![CDATA[2021-11-21T23:53:19,393|[TRACE] SessionFactoryImpl$SessionBuilderImpl - Opening Hibernate Session.  tenant=null
2021-11-21T23:53:19,393|[TRACE] SessionImpl - Opened Session [3be0720d-ebd1-4972-ad06-34c258ac4331] at timestamp: 1637556799393
2021-11-21T23:53:19,394|[DEBUG] TransactionImpl - On TransactionImpl creation, JpaCompliance#isJpaTransactionComplianceEnabled == false
2021-11-21T23:53:19,394|[DEBUG] TransactionImpl - begin
2021-11-21T23:53:19,394|[TRACE] AbstractLogicalConnectionImplementor - Preparing to begin transaction via JDBC Connection.setAutoCommit(false)
2021-11-21T23:53:19,394|[TRACE] AbstractLogicalConnectionImplementor - Transaction begun via JDBC Connection.setAutoCommit(false)
2021-11-21T23:53:19,394|[TRACE] JdbcResourceLocalTransactionCoordinatorImpl - ResourceLocalTransactionCoordinatorImpl#afterBeginCallback
2021-11-21T23:53:19,397|[TRACE] VersionValue - Version unsaved-value strategy UNDEFINED
2021-11-21T23:53:19,397|[TRACE] IdentifierValue - ID unsaved-value: 0
2021-11-21T23:53:19,397|[TRACE] EntityState - Transient instance of: bloodbank.entity.Address
2021-11-21T23:53:19,397|[TRACE] DefaultPersistEventListener - Saving transient instance
2021-11-21T23:53:19,397|[TRACE] AbstractSaveEventListener - Saving [bloodbank.entity.Address#<null>]
2021-11-21T23:53:19,398|[TRACE] Versioning - Using initial version: 0
2021-11-21T23:53:19,398|[TRACE] WrapVisitor - Wrapped collection in role: bloodbank.entity.Address.contacts
2021-11-21T23:53:19,398|[TRACE] ActionQueue - Adding an EntityIdentityInsertAction for [bloodbank.entity.Address] object
2021-11-21T23:53:19,398|[TRACE] ActionQueue - Executing inserts before finding non-nullable transient entities for early insert: [EntityIdentityInsertAction[bloodbank.entity.Address#<null>]]
2021-11-21T23:53:19,398|[TRACE] ActionQueue - Adding insert with no non-nullable, transient entities: [EntityIdentityInsertAction[bloodbank.entity.Address#<null>]]
2021-11-21T23:53:19,398|[TRACE] ActionQueue - Executing insertions before resolved early-insert
2021-11-21T23:53:19,398|[DEBUG] ActionQueue - Executing identity-insert immediately
2021-11-21T23:53:19,398|[TRACE] AbstractEntityPersister - Inserting entity: bloodbank.entity.Address (native id)
2021-11-21T23:53:19,398|[TRACE] AbstractEntityPersister - Version: 0
2021-11-21T23:53:19,398|[DEBUG] SQL - 
    /* insert bloodbank.entity.Address
        */ insert 
        into
            address
            (created, updated, version, city, country, province, street, street_number, zipcode) 
        values
            (?, ?, ?, ?, ?, ?, ?, ?, ?)
2021-11-21T23:53:19,398|[TRACE] ResourceRegistryStandardImpl - Registering statement [com.mysql.cj.jdbc.ClientPreparedStatement: /* insert bloodbank.entity.Address */ insert into address (created, updated, version, city, country, province, street, street_number, zipcode) values (** NOT SPECIFIED **, ** NOT SPECIFIED **, ** NOT SPECIFIED **, ** NOT SPECIFIED **, ** NOT SPECIFIED **, ** NOT SPECIFIED **, ** NOT SPECIFIED **, ** NOT SPECIFIED **, ** NOT SPECIFIED **)]
2021-11-21T23:53:19,398|[TRACE] AbstractEntityPersister - Dehydrating entity: [bloodbank.entity.Address#<null>]
2021-11-21T23:53:19,398|[TRACE] BasicBinder - binding parameter [1] as [BIGINT] - [1637556799397]
2021-11-21T23:53:19,398|[TRACE] BasicBinder - binding parameter [2] as [BIGINT] - [1637556799397]
2021-11-21T23:53:19,398|[TRACE] BasicBinder - binding parameter [3] as [INTEGER] - [0]
2021-11-21T23:53:19,398|[TRACE] BasicBinder - binding parameter [4] as [VARCHAR] - [Montreal]
2021-11-21T23:53:19,398|[TRACE] BasicBinder - binding parameter [5] as [VARCHAR] - [Canada]
2021-11-21T23:53:19,398|[TRACE] BasicBinder - binding parameter [6] as [VARCHAR] - [Quebec]
2021-11-21T23:53:19,398|[TRACE] BasicBinder - binding parameter [7] as [VARCHAR] - [Rue Chambly]
2021-11-21T23:53:19,398|[TRACE] BasicBinder - binding parameter [8] as [VARCHAR] - [12345678901231]
2021-11-21T23:53:19,398|[TRACE] BasicBinder - binding parameter [9] as [VARCHAR] - [H2E 2S1]
2021-11-21T23:53:19,405|[DEBUG] SqlExceptionHelper - could not execute statement [n/a]
com.mysql.cj.jdbc.exceptions.MysqlDataTruncation: Data truncation: Data too long for column 'street_number' at row 1
	at com.mysql.cj.jdbc.exceptions.SQLExceptionsMapping.translateException(SQLExceptionsMapping.java:104) ~[mysql-connector-java-8.0.23.jar:8.0.23]
	at com.mysql.cj.jdbc.ClientPreparedStatement.executeInternal(ClientPreparedStatement.java:953) ~[mysql-connector-java-8.0.23.jar:8.0.23]
	at com.mysql.cj.jdbc.ClientPreparedStatement.executeUpdateInternal(ClientPreparedStatement.java:1092) ~[mysql-connector-java-8.0.23.jar:8.0.23]
	at com.mysql.cj.jdbc.ClientPreparedStatement.executeUpdateInternal(ClientPreparedStatement.java:1040) ~[mysql-connector-java-8.0.23.jar:8.0.23]
	at com.mysql.cj.jdbc.ClientPreparedStatement.executeLargeUpdate(ClientPreparedStatement.java:1347) ~[mysql-connector-java-8.0.23.jar:8.0.23]
	at com.mysql.cj.jdbc.ClientPreparedStatement.executeUpdate(ClientPreparedStatement.java:1025) ~[mysql-connector-java-8.0.23.jar:8.0.23]
	at org.hibernate.engine.jdbc.internal.ResultSetReturnImpl.executeUpdate(ResultSetReturnImpl.java:197) ~[hibernate-core-5.4.27.Final.jar:?]
	at org.hibernate.dialect.identity.GetGeneratedKeysDelegate.executeAndExtract(GetGeneratedKeysDelegate.java:57) ~[hibernate-core-5.4.27.Final.jar:?]
	at org.hibernate.id.insert.AbstractReturningDelegate.performInsert(AbstractReturningDelegate.java:43) ~[hibernate-core-5.4.27.Final.jar:?]
	at org.hibernate.persister.entity.AbstractEntityPersister.insert(AbstractEntityPersister.java:3200) ~[hibernate-core-5.4.27.Final.jar:?]
	at org.hibernate.persister.entity.AbstractEntityPersister.insert(AbstractEntityPersister.java:3806) ~[hibernate-core-5.4.27.Final.jar:?]
	at org.hibernate.action.internal.EntityIdentityInsertAction.execute(EntityIdentityInsertAction.java:84) ~[hibernate-core-5.4.27.Final.jar:?]
	at org.hibernate.engine.spi.ActionQueue.execute(ActionQueue.java:645) ~[hibernate-core-5.4.27.Final.jar:?]
	at org.hibernate.engine.spi.ActionQueue.addResolvedEntityInsertAction(ActionQueue.java:282) ~[hibernate-core-5.4.27.Final.jar:?]
	at org.hibernate.engine.spi.ActionQueue.addInsertAction(ActionQueue.java:263) ~[hibernate-core-5.4.27.Final.jar:?]
	at org.hibernate.engine.spi.ActionQueue.addAction(ActionQueue.java:317) ~[hibernate-core-5.4.27.Final.jar:?]
	at org.hibernate.event.internal.AbstractSaveEventListener.addInsertAction(AbstractSaveEventListener.java:330) ~[hibernate-core-5.4.27.Final.jar:?]
	at org.hibernate.event.internal.AbstractSaveEventListener.performSaveOrReplicate(AbstractSaveEventListener.java:287) ~[hibernate-core-5.4.27.Final.jar:?]
	at org.hibernate.event.internal.AbstractSaveEventListener.performSave(AbstractSaveEventListener.java:193) ~[hibernate-core-5.4.27.Final.jar:?]
	at org.hibernate.event.internal.AbstractSaveEventListener.saveWithGeneratedId(AbstractSaveEventListener.java:123) ~[hibernate-core-5.4.27.Final.jar:?]
	at org.hibernate.event.internal.DefaultPersistEventListener.entityIsTransient(DefaultPersistEventListener.java:185) ~[hibernate-core-5.4.27.Final.jar:?]
	at org.hibernate.event.internal.DefaultPersistEventListener.onPersist(DefaultPersistEventListener.java:128) ~[hibernate-core-5.4.27.Final.jar:?]
	at org.hibernate.event.internal.DefaultPersistEventListener.onPersist(DefaultPersistEventListener.java:55) ~[hibernate-core-5.4.27.Final.jar:?]
	at org.hibernate.event.service.internal.EventListenerGroupImpl.fireEventOnEachListener(EventListenerGroupImpl.java:102) ~[hibernate-core-5.4.27.Final.jar:?]
	at org.hibernate.internal.SessionImpl.firePersist(SessionImpl.java:720) ~[hibernate-core-5.4.27.Final.jar:?]
	at org.hibernate.internal.SessionImpl.persist(SessionImpl.java:706) ~[hibernate-core-5.4.27.Final.jar:?]
	at bloodbank.entity.TestCRUDAddressOriginal.lambda$testCreateValid$0(TestCRUDAddressOriginal.java:116) ~[test-classes/:?]
	at org.junit.jupiter.api.AssertThrows.assertThrows(AssertThrows.java:55) ~[junit-jupiter-api-5.7.0.jar:5.7.0]
	at org.junit.jupiter.api.AssertThrows.assertThrows(AssertThrows.java:37) ~[junit-jupiter-api-5.7.0.jar:5.7.0]
	at org.junit.jupiter.api.Assertions.assertThrows(Assertions.java:3007) ~[junit-jupiter-api-5.7.0.jar:5.7.0]
	at bloodbank.entity.TestCRUDAddressOriginal.testCreateValid(TestCRUDAddressOriginal.java:116) ~[test-classes/:?]
	at jdk.internal.reflect.NativeMethodAccessorImpl.invoke0(Native Method) ~[?:?]
	at jdk.internal.reflect.NativeMethodAccessorImpl.invoke(NativeMethodAccessorImpl.java:62) ~[?:?]
	at jdk.internal.reflect.DelegatingMethodAccessorImpl.invoke(DelegatingMethodAccessorImpl.java:43) ~[?:?]
	at java.lang.reflect.Method.invoke(Method.java:566) ~[?:?]
	at org.junit.platform.commons.util.ReflectionUtils.invokeMethod(ReflectionUtils.java:688) ~[junit-platform-commons-1.7.0.jar:1.7.0]
	at org.junit.jupiter.engine.execution.MethodInvocation.proceed(MethodInvocation.java:60) ~[junit-jupiter-engine-5.7.0.jar:5.7.0]
	at org.junit.jupiter.engine.execution.InvocationInterceptorChain$ValidatingInvocation.proceed(InvocationInterceptorChain.java:131) ~[junit-jupiter-engine-5.7.0.jar:5.7.0]
	at org.junit.jupiter.engine.extension.TimeoutExtension.intercept(TimeoutExtension.java:149) ~[junit-jupiter-engine-5.7.0.jar:5.7.0]
	at org.junit.jupiter.engine.extension.TimeoutExtension.interceptTestableMethod(TimeoutExtension.java:140) ~[junit-jupiter-engine-5.7.0.jar:5.7.0]
	at org.junit.jupiter.engine.extension.TimeoutExtension.interceptTestMethod(TimeoutExtension.java:84) ~[junit-jupiter-engine-5.7.0.jar:5.7.0]
	at org.junit.jupiter.engine.execution.ExecutableInvoker$ReflectiveInterceptorCall.lambda$ofVoidMethod$0(ExecutableInvoker.java:115) ~[junit-jupiter-engine-5.7.0.jar:5.7.0]
	at org.junit.jupiter.engine.execution.ExecutableInvoker.lambda$invoke$0(ExecutableInvoker.java:105) ~[junit-jupiter-engine-5.7.0.jar:5.7.0]
	at org.junit.jupiter.engine.execution.InvocationInterceptorChain$InterceptedInvocation.proceed(InvocationInterceptorChain.java:106) ~[junit-jupiter-engine-5.7.0.jar:5.7.0]
	at org.junit.jupiter.engine.execution.InvocationInterceptorChain.proceed(InvocationInterceptorChain.java:64) ~[junit-jupiter-engine-5.7.0.jar:5.7.0]
	at org.junit.jupiter.engine.execution.InvocationInterceptorChain.chainAndInvoke(InvocationInterceptorChain.java:45) ~[junit-jupiter-engine-5.7.0.jar:5.7.0]
	at org.junit.jupiter.engine.execution.InvocationInterceptorChain.invoke(InvocationInterceptorChain.java:37) ~[junit-jupiter-engine-5.7.0.jar:5.7.0]
	at org.junit.jupiter.engine.execution.ExecutableInvoker.invoke(ExecutableInvoker.java:104) ~[junit-jupiter-engine-5.7.0.jar:5.7.0]
	at org.junit.jupiter.engine.execution.ExecutableInvoker.invoke(ExecutableInvoker.java:98) ~[junit-jupiter-engine-5.7.0.jar:5.7.0]
	at org.junit.jupiter.engine.descriptor.TestMethodTestDescriptor.lambda$invokeTestMethod$6(TestMethodTestDescriptor.java:210) ~[junit-jupiter-engine-5.7.0.jar:5.7.0]
	at org.junit.platform.engine.support.hierarchical.ThrowableCollector.execute(ThrowableCollector.java:73) ~[junit-platform-engine-1.7.0.jar:1.7.0]
	at org.junit.jupiter.engine.descriptor.TestMethodTestDescriptor.invokeTestMethod(TestMethodTestDescriptor.java:206) ~[junit-jupiter-engine-5.7.0.jar:5.7.0]
	at org.junit.jupiter.engine.descriptor.TestMethodTestDescriptor.execute(TestMethodTestDescriptor.java:131) ~[junit-jupiter-engine-5.7.0.jar:5.7.0]
	at org.junit.jupiter.engine.descriptor.TestMethodTestDescriptor.execute(TestMethodTestDescriptor.java:65) ~[junit-jupiter-engine-5.7.0.jar:5.7.0]
	at org.junit.platform.engine.support.hierarchical.NodeTestTask.lambda$executeRecursively$5(NodeTestTask.java:139) ~[junit-platform-engine-1.7.0.jar:1.7.0]
	at org.junit.platform.engine.support.hierarchical.ThrowableCollector.execute(ThrowableCollector.java:73) ~[junit-platform-engine-1.7.0.jar:1.7.0]
	at org.junit.platform.engine.support.hierarchical.NodeTestTask.lambda$executeRecursively$7(NodeTestTask.java:129) ~[junit-platform-engine-1.7.0.jar:1.7.0]
	at org.junit.platform.engine.support.hierarchical.Node.around(Node.java:137) ~[junit-platform-engine-1.7.0.jar:1.7.0]
	at org.junit.platform.engine.support.hierarchical.NodeTestTask.lambda$executeRecursively$8(NodeTestTask.java:127) ~[junit-platform-engine-1.7.0.jar:1.7.0]
	at org.junit.platform.engine.support.hierarchical.ThrowableCollector.execute(ThrowableCollector.java:73) ~[junit-platform-engine-1.7.0.jar:1.7.0]
	at org.junit.platform.engine.support.hierarchical.NodeTestTask.executeRecursively(NodeTestTask.java:126) ~[junit-platform-engine-1.7.0.jar:1.7.0]
	at org.junit.platform.engine.support.hierarchical.NodeTestTask.execute(NodeTestTask.java:84) ~[junit-platform-engine-1.7.0.jar:1.7.0]
	at java.util.ArrayList.forEach(ArrayList.java:1541) ~[?:?]
	at org.junit.platform.engine.support.hierarchical.SameThreadHierarchicalTestExecutorService.invokeAll(SameThreadHierarchicalTestExecutorService.java:38) ~[junit-platform-engine-1.7.0.jar:1.7.0]
	at org.junit.platform.engine.support.hierarchical.NodeTestTask.lambda$executeRecursively$5(NodeTestTask.java:143) ~[junit-platform-engine-1.7.0.jar:1.7.0]
	at org.junit.platform.engine.support.hierarchical.ThrowableCollector.execute(ThrowableCollector.java:73) ~[junit-platform-engine-1.7.0.jar:1.7.0]
	at org.junit.platform.engine.support.hierarchical.NodeTestTask.lambda$executeRecursively$7(NodeTestTask.java:129) ~[junit-platform-engine-1.7.0.jar:1.7.0]
	at org.junit.platform.engine.support.hierarchical.Node.around(Node.java:137) ~[junit-platform-engine-1.7.0.jar:1.7.0]
	at org.junit.platform.engine.support.hierarchical.NodeTestTask.lambda$executeRecursively$8(NodeTestTask.java:127) ~[junit-platform-engine-1.7.0.jar:1.7.0]
	at org.junit.platform.engine.support.hierarchical.ThrowableCollector.execute(ThrowableCollector.java:73) ~[junit-platform-engine-1.7.0.jar:1.7.0]
	at org.junit.platform.engine.support.hierarchical.NodeTestTask.executeRecursively(NodeTestTask.java:126) ~[junit-platform-engine-1.7.0.jar:1.7.0]
	at org.junit.platform.engine.support.hierarchical.NodeTestTask.execute(NodeTestTask.java:84) ~[junit-platform-engine-1.7.0.jar:1.7.0]
	at java.util.ArrayList.forEach(ArrayList.java:1541) ~[?:?]
	at org.junit.platform.engine.support.hierarchical.SameThreadHierarchicalTestExecutorService.invokeAll(SameThreadHierarchicalTestExecutorService.java:38) ~[junit-platform-engine-1.7.0.jar:1.7.0]
	at org.junit.platform.engine.support.hierarchical.NodeTestTask.lambda$executeRecursively$5(NodeTestTask.java:143) ~[junit-platform-engine-1.7.0.jar:1.7.0]
	at org.junit.platform.engine.support.hierarchical.ThrowableCollector.execute(ThrowableCollector.java:73) ~[junit-platform-engine-1.7.0.jar:1.7.0]
	at org.junit.platform.engine.support.hierarchical.NodeTestTask.lambda$executeRecursively$7(NodeTestTask.java:129) ~[junit-platform-engine-1.7.0.jar:1.7.0]
	at org.junit.platform.engine.support.hierarchical.Node.around(Node.java:137) ~[junit-platform-engine-1.7.0.jar:1.7.0]
	at org.junit.platform.engine.support.hierarchical.NodeTestTask.lambda$executeRecursively$8(NodeTestTask.java:127) ~[junit-platform-engine-1.7.0.jar:1.7.0]
	at org.junit.platform.engine.support.hierarchical.ThrowableCollector.execute(ThrowableCollector.java:73) ~[junit-platform-engine-1.7.0.jar:1.7.0]
	at org.junit.platform.engine.support.hierarchical.NodeTestTask.executeRecursively(NodeTestTask.java:126) ~[junit-platform-engine-1.7.0.jar:1.7.0]
	at org.junit.platform.engine.support.hierarchical.NodeTestTask.execute(NodeTestTask.java:84) ~[junit-platform-engine-1.7.0.jar:1.7.0]
	at org.junit.platform.engine.support.hierarchical.SameThreadHierarchicalTestExecutorService.submit(SameThreadHierarchicalTestExecutorService.java:32) ~[junit-platform-engine-1.7.0.jar:1.7.0]
	at org.junit.platform.engine.support.hierarchical.HierarchicalTestExecutor.execute(HierarchicalTestExecutor.java:57) ~[junit-platform-engine-1.7.0.jar:1.7.0]
	at org.junit.platform.engine.support.hierarchical.HierarchicalTestEngine.execute(HierarchicalTestEngine.java:51) ~[junit-platform-engine-1.7.0.jar:1.7.0]
	at org.junit.platform.launcher.core.EngineExecutionOrchestrator.execute(EngineExecutionOrchestrator.java:108) ~[junit-platform-launcher-1.7.0.jar:1.7.0]
	at org.junit.platform.launcher.core.EngineExecutionOrchestrator.execute(EngineExecutionOrchestrator.java:88) ~[junit-platform-launcher-1.7.0.jar:1.7.0]
	at org.junit.platform.launcher.core.EngineExecutionOrchestrator.lambda$execute$0(EngineExecutionOrchestrator.java:54) ~[junit-platform-launcher-1.7.0.jar:1.7.0]
	at org.junit.platform.launcher.core.EngineExecutionOrchestrator.withInterceptedStreams(EngineExecutionOrchestrator.java:67) [junit-platform-launcher-1.7.0.jar:1.7.0]
	at org.junit.platform.launcher.core.EngineExecutionOrchestrator.execute(EngineExecutionOrchestrator.java:52) [junit-platform-launcher-1.7.0.jar:1.7.0]
	at org.junit.platform.launcher.core.DefaultLauncher.execute(DefaultLauncher.java:96) [junit-platform-launcher-1.7.0.jar:1.7.0]
	at org.junit.platform.launcher.core.DefaultLauncher.execute(DefaultLauncher.java:75) [junit-platform-launcher-1.7.0.jar:1.7.0]
	at org.apache.maven.surefire.junitplatform.JUnitPlatformProvider.execute(JUnitPlatformProvider.java:188) [surefire-junit-platform-3.0.0-M5.jar:3.0.0-M5]
	at org.apache.maven.surefire.junitplatform.JUnitPlatformProvider.invokeAllTests(JUnitPlatformProvider.java:154) [surefire-junit-platform-3.0.0-M5.jar:3.0.0-M5]
	at org.apache.maven.surefire.junitplatform.JUnitPlatformProvider.invoke(JUnitPlatformProvider.java:128) [surefire-junit-platform-3.0.0-M5.jar:3.0.0-M5]
	at org.apache.maven.surefire.booter.ForkedBooter.runSuitesInProcess(ForkedBooter.java:428) [surefire-booter-3.0.0-M5.jar:3.0.0-M5]
	at org.apache.maven.surefire.booter.ForkedBooter.execute(ForkedBooter.java:162) [surefire-booter-3.0.0-M5.jar:3.0.0-M5]
	at org.apache.maven.surefire.booter.ForkedBooter.run(ForkedBooter.java:562) [surefire-booter-3.0.0-M5.jar:3.0.0-M5]
	at org.apache.maven.surefire.booter.ForkedBooter.main(ForkedBooter.java:548) [surefire-booter-3.0.0-M5.jar:3.0.0-M5]
2021-11-21T23:53:19,410|[WARN ] SqlExceptionHelper - SQL Error: 1406, SQLState: 22001
2021-11-21T23:53:19,410|[ERROR] SqlExceptionHelper - Data truncation: Data too long for column 'street_number' at row 1
2021-11-21T23:53:19,411|[TRACE] ResourceRegistryStandardImpl - Releasing statement [com.mysql.cj.jdbc.ClientPreparedStatement: /* insert bloodbank.entity.Address */ insert into address (created, updated, version, city, country, province, street, street_number, zipcode) values (1637556799397, 1637556799397, 0, 'Montreal', 'Canada', 'Quebec', 'Rue Chambly', '12345678901231', 'H2E 2S1')]
2021-11-21T23:53:19,411|[TRACE] ResourceRegistryStandardImpl - Closing prepared statement [com.mysql.cj.jdbc.ClientPreparedStatement: /* insert bloodbank.entity.Address */ insert into address (created, updated, version, city, country, province, street, street_number, zipcode) values (1637556799397, 1637556799397, 0, 'Montreal', 'Canada', 'Quebec', 'Rue Chambly', '12345678901231', 'H2E 2S1')]
2021-11-21T23:53:19,411|[TRACE] JdbcCoordinatorImpl - Starting after statement execution processing [AFTER_TRANSACTION]
2021-11-21T23:53:19,412|[DEBUG] JdbcResourceLocalTransactionCoordinatorImpl - JDBC transaction marked for rollback-only (exception provided for stack trace)
java.lang.Exception: exception just for purpose of providing stack trace
	at org.hibernate.resource.transaction.backend.jdbc.internal.JdbcResourceLocalTransactionCoordinatorImpl$TransactionDriverControlImpl.markRollbackOnly(JdbcResourceLocalTransactionCoordinatorImpl.java:324) ~[hibernate-core-5.4.27.Final.jar:?]
	at org.hibernate.engine.transaction.internal.TransactionImpl.markRollbackOnly(TransactionImpl.java:203) ~[hibernate-core-5.4.27.Final.jar:?]
	at org.hibernate.internal.AbstractSharedSessionContract.markForRollbackOnly(AbstractSharedSessionContract.java:396) ~[hibernate-core-5.4.27.Final.jar:?]
	at org.hibernate.internal.ExceptionConverterImpl.handlePersistenceException(ExceptionConverterImpl.java:297) ~[hibernate-core-5.4.27.Final.jar:?]
	at org.hibernate.internal.ExceptionConverterImpl.convert(ExceptionConverterImpl.java:155) ~[hibernate-core-5.4.27.Final.jar:?]
	at org.hibernate.internal.ExceptionConverterImpl.convert(ExceptionConverterImpl.java:181) ~[hibernate-core-5.4.27.Final.jar:?]
	at org.hibernate.internal.ExceptionConverterImpl.convert(ExceptionConverterImpl.java:188) ~[hibernate-core-5.4.27.Final.jar:?]
	at org.hibernate.internal.SessionImpl.firePersist(SessionImpl.java:726) ~[hibernate-core-5.4.27.Final.jar:?]
	at org.hibernate.internal.SessionImpl.persist(SessionImpl.java:706) ~[hibernate-core-5.4.27.Final.jar:?]
	at bloodbank.entity.TestCRUDAddressOriginal.lambda$testCreateValid$0(TestCRUDAddressOriginal.java:116) ~[test-classes/:?]
	at org.junit.jupiter.api.AssertThrows.assertThrows(AssertThrows.java:55) ~[junit-jupiter-api-5.7.0.jar:5.7.0]
	at org.junit.jupiter.api.AssertThrows.assertThrows(AssertThrows.java:37) ~[junit-jupiter-api-5.7.0.jar:5.7.0]
	at org.junit.jupiter.api.Assertions.assertThrows(Assertions.java:3007) ~[junit-jupiter-api-5.7.0.jar:5.7.0]
	at bloodbank.entity.TestCRUDAddressOriginal.testCreateValid(TestCRUDAddressOriginal.java:116) ~[test-classes/:?]
	at jdk.internal.reflect.NativeMethodAccessorImpl.invoke0(Native Method) ~[?:?]
	at jdk.internal.reflect.NativeMethodAccessorImpl.invoke(NativeMethodAccessorImpl.java:62) ~[?:?]
	at jdk.internal.reflect.DelegatingMethodAccessorImpl.invoke(DelegatingMethodAccessorImpl.java:43) ~[?:?]
	at java.lang.reflect.Method.invoke(Method.java:566) ~[?:?]
	at org.junit.platform.commons.util.ReflectionUtils.invokeMethod(ReflectionUtils.java:688) ~[junit-platform-commons-1.7.0.jar:1.7.0]
	at org.junit.jupiter.engine.execution.MethodInvocation.proceed(MethodInvocation.java:60) ~[junit-jupiter-engine-5.7.0.jar:5.7.0]
	at org.junit.jupiter.engine.execution.InvocationInterceptorChain$ValidatingInvocation.proceed(InvocationInterceptorChain.java:131) ~[junit-jupiter-engine-5.7.0.jar:5.7.0]
	at org.junit.jupiter.engine.extension.TimeoutExtension.intercept(TimeoutExtension.java:149) ~[junit-jupiter-engine-5.7.0.jar:5.7.0]
	at org.junit.jupiter.engine.extension.TimeoutExtension.interceptTestableMethod(TimeoutExtension.java:140) ~[junit-jupiter-engine-5.7.0.jar:5.7.0]
	at org.junit.jupiter.engine.extension.TimeoutExtension.interceptTestMethod(TimeoutExtension.java:84) ~[junit-jupiter-engine-5.7.0.jar:5.7.0]
	at org.junit.jupiter.engine.execution.ExecutableInvoker$ReflectiveInterceptorCall.lambda$ofVoidMethod$0(ExecutableInvoker.java:115) ~[junit-jupiter-engine-5.7.0.jar:5.7.0]
	at org.junit.jupiter.engine.execution.ExecutableInvoker.lambda$invoke$0(ExecutableInvoker.java:105) ~[junit-jupiter-engine-5.7.0.jar:5.7.0]
	at org.junit.jupiter.engine.execution.InvocationInterceptorChain$InterceptedInvocation.proceed(InvocationInterceptorChain.java:106) ~[junit-jupiter-engine-5.7.0.jar:5.7.0]
	at org.junit.jupiter.engine.execution.InvocationInterceptorChain.proceed(InvocationInterceptorChain.java:64) ~[junit-jupiter-engine-5.7.0.jar:5.7.0]
	at org.junit.jupiter.engine.execution.InvocationInterceptorChain.chainAndInvoke(InvocationInterceptorChain.java:45) ~[junit-jupiter-engine-5.7.0.jar:5.7.0]
	at org.junit.jupiter.engine.execution.InvocationInterceptorChain.invoke(InvocationInterceptorChain.java:37) ~[junit-jupiter-engine-5.7.0.jar:5.7.0]
	at org.junit.jupiter.engine.execution.ExecutableInvoker.invoke(ExecutableInvoker.java:104) ~[junit-jupiter-engine-5.7.0.jar:5.7.0]
	at org.junit.jupiter.engine.execution.ExecutableInvoker.invoke(ExecutableInvoker.java:98) ~[junit-jupiter-engine-5.7.0.jar:5.7.0]
	at org.junit.jupiter.engine.descriptor.TestMethodTestDescriptor.lambda$invokeTestMethod$6(TestMethodTestDescriptor.java:210) ~[junit-jupiter-engine-5.7.0.jar:5.7.0]
	at org.junit.platform.engine.support.hierarchical.ThrowableCollector.execute(ThrowableCollector.java:73) ~[junit-platform-engine-1.7.0.jar:1.7.0]
	at org.junit.jupiter.engine.descriptor.TestMethodTestDescriptor.invokeTestMethod(TestMethodTestDescriptor.java:206) ~[junit-jupiter-engine-5.7.0.jar:5.7.0]
	at org.junit.jupiter.engine.descriptor.TestMethodTestDescriptor.execute(TestMethodTestDescriptor.java:131) ~[junit-jupiter-engine-5.7.0.jar:5.7.0]
	at org.junit.jupiter.engine.descriptor.TestMethodTestDescriptor.execute(TestMethodTestDescriptor.java:65) ~[junit-jupiter-engine-5.7.0.jar:5.7.0]
	at org.junit.platform.engine.support.hierarchical.NodeTestTask.lambda$executeRecursively$5(NodeTestTask.java:139) ~[junit-platform-engine-1.7.0.jar:1.7.0]
	at org.junit.platform.engine.support.hierarchical.ThrowableCollector.execute(ThrowableCollector.java:73) ~[junit-platform-engine-1.7.0.jar:1.7.0]
	at org.junit.platform.engine.support.hierarchical.NodeTestTask.lambda$executeRecursively$7(NodeTestTask.java:129) ~[junit-platform-engine-1.7.0.jar:1.7.0]
	at org.junit.platform.engine.support.hierarchical.Node.around(Node.java:137) ~[junit-platform-engine-1.7.0.jar:1.7.0]
	at org.junit.platform.engine.support.hierarchical.NodeTestTask.lambda$executeRecursively$8(NodeTestTask.java:127) ~[junit-platform-engine-1.7.0.jar:1.7.0]
	at org.junit.platform.engine.support.hierarchical.ThrowableCollector.execute(ThrowableCollector.java:73) ~[junit-platform-engine-1.7.0.jar:1.7.0]
	at org.junit.platform.engine.support.hierarchical.NodeTestTask.executeRecursively(NodeTestTask.java:126) ~[junit-platform-engine-1.7.0.jar:1.7.0]
	at org.junit.platform.engine.support.hierarchical.NodeTestTask.execute(NodeTestTask.java:84) ~[junit-platform-engine-1.7.0.jar:1.7.0]
	at java.util.ArrayList.forEach(ArrayList.java:1541) ~[?:?]
	at org.junit.platform.engine.support.hierarchical.SameThreadHierarchicalTestExecutorService.invokeAll(SameThreadHierarchicalTestExecutorService.java:38) ~[junit-platform-engine-1.7.0.jar:1.7.0]
	at org.junit.platform.engine.support.hierarchical.NodeTestTask.lambda$executeRecursively$5(NodeTestTask.java:143) ~[junit-platform-engine-1.7.0.jar:1.7.0]
	at org.junit.platform.engine.support.hierarchical.ThrowableCollector.execute(ThrowableCollector.java:73) ~[junit-platform-engine-1.7.0.jar:1.7.0]
	at org.junit.platform.engine.support.hierarchical.NodeTestTask.lambda$executeRecursively$7(NodeTestTask.java:129) ~[junit-platform-engine-1.7.0.jar:1.7.0]
	at org.junit.platform.engine.support.hierarchical.Node.around(Node.java:137) ~[junit-platform-engine-1.7.0.jar:1.7.0]
	at org.junit.platform.engine.support.hierarchical.NodeTestTask.lambda$executeRecursively$8(NodeTestTask.java:127) ~[junit-platform-engine-1.7.0.jar:1.7.0]
	at org.junit.platform.engine.support.hierarchical.ThrowableCollector.execute(ThrowableCollector.java:73) ~[junit-platform-engine-1.7.0.jar:1.7.0]
	at org.junit.platform.engine.support.hierarchical.NodeTestTask.executeRecursively(NodeTestTask.java:126) ~[junit-platform-engine-1.7.0.jar:1.7.0]
	at org.junit.platform.engine.support.hierarchical.NodeTestTask.execute(NodeTestTask.java:84) ~[junit-platform-engine-1.7.0.jar:1.7.0]
	at java.util.ArrayList.forEach(ArrayList.java:1541) ~[?:?]
	at org.junit.platform.engine.support.hierarchical.SameThreadHierarchicalTestExecutorService.invokeAll(SameThreadHierarchicalTestExecutorService.java:38) ~[junit-platform-engine-1.7.0.jar:1.7.0]
	at org.junit.platform.engine.support.hierarchical.NodeTestTask.lambda$executeRecursively$5(NodeTestTask.java:143) ~[junit-platform-engine-1.7.0.jar:1.7.0]
	at org.junit.platform.engine.support.hierarchical.ThrowableCollector.execute(ThrowableCollector.java:73) ~[junit-platform-engine-1.7.0.jar:1.7.0]
	at org.junit.platform.engine.support.hierarchical.NodeTestTask.lambda$executeRecursively$7(NodeTestTask.java:129) ~[junit-platform-engine-1.7.0.jar:1.7.0]
	at org.junit.platform.engine.support.hierarchical.Node.around(Node.java:137) ~[junit-platform-engine-1.7.0.jar:1.7.0]
	at org.junit.platform.engine.support.hierarchical.NodeTestTask.lambda$executeRecursively$8(NodeTestTask.java:127) ~[junit-platform-engine-1.7.0.jar:1.7.0]
	at org.junit.platform.engine.support.hierarchical.ThrowableCollector.execute(ThrowableCollector.java:73) ~[junit-platform-engine-1.7.0.jar:1.7.0]
	at org.junit.platform.engine.support.hierarchical.NodeTestTask.executeRecursively(NodeTestTask.java:126) ~[junit-platform-engine-1.7.0.jar:1.7.0]
	at org.junit.platform.engine.support.hierarchical.NodeTestTask.execute(NodeTestTask.java:84) ~[junit-platform-engine-1.7.0.jar:1.7.0]
	at org.junit.platform.engine.support.hierarchical.SameThreadHierarchicalTestExecutorService.submit(SameThreadHierarchicalTestExecutorService.java:32) ~[junit-platform-engine-1.7.0.jar:1.7.0]
	at org.junit.platform.engine.support.hierarchical.HierarchicalTestExecutor.execute(HierarchicalTestExecutor.java:57) ~[junit-platform-engine-1.7.0.jar:1.7.0]
	at org.junit.platform.engine.support.hierarchical.HierarchicalTestEngine.execute(HierarchicalTestEngine.java:51) ~[junit-platform-engine-1.7.0.jar:1.7.0]
	at org.junit.platform.launcher.core.EngineExecutionOrchestrator.execute(EngineExecutionOrchestrator.java:108) ~[junit-platform-launcher-1.7.0.jar:1.7.0]
	at org.junit.platform.launcher.core.EngineExecutionOrchestrator.execute(EngineExecutionOrchestrator.java:88) ~[junit-platform-launcher-1.7.0.jar:1.7.0]
	at org.junit.platform.launcher.core.EngineExecutionOrchestrator.lambda$execute$0(EngineExecutionOrchestrator.java:54) ~[junit-platform-launcher-1.7.0.jar:1.7.0]
	at org.junit.platform.launcher.core.EngineExecutionOrchestrator.withInterceptedStreams(EngineExecutionOrchestrator.java:67) [junit-platform-launcher-1.7.0.jar:1.7.0]
	at org.junit.platform.launcher.core.EngineExecutionOrchestrator.execute(EngineExecutionOrchestrator.java:52) [junit-platform-launcher-1.7.0.jar:1.7.0]
	at org.junit.platform.launcher.core.DefaultLauncher.execute(DefaultLauncher.java:96) [junit-platform-launcher-1.7.0.jar:1.7.0]
	at org.junit.platform.launcher.core.DefaultLauncher.execute(DefaultLauncher.java:75) [junit-platform-launcher-1.7.0.jar:1.7.0]
	at org.apache.maven.surefire.junitplatform.JUnitPlatformProvider.execute(JUnitPlatformProvider.java:188) [surefire-junit-platform-3.0.0-M5.jar:3.0.0-M5]
	at org.apache.maven.surefire.junitplatform.JUnitPlatformProvider.invokeAllTests(JUnitPlatformProvider.java:154) [surefire-junit-platform-3.0.0-M5.jar:3.0.0-M5]
	at org.apache.maven.surefire.junitplatform.JUnitPlatformProvider.invoke(JUnitPlatformProvider.java:128) [surefire-junit-platform-3.0.0-M5.jar:3.0.0-M5]
	at org.apache.maven.surefire.booter.ForkedBooter.runSuitesInProcess(ForkedBooter.java:428) [surefire-booter-3.0.0-M5.jar:3.0.0-M5]
	at org.apache.maven.surefire.booter.ForkedBooter.execute(ForkedBooter.java:162) [surefire-booter-3.0.0-M5.jar:3.0.0-M5]
	at org.apache.maven.surefire.booter.ForkedBooter.run(ForkedBooter.java:562) [surefire-booter-3.0.0-M5.jar:3.0.0-M5]
	at org.apache.maven.surefire.booter.ForkedBooter.main(ForkedBooter.java:548) [surefire-booter-3.0.0-M5.jar:3.0.0-M5]
2021-11-21T23:53:19,413|[DEBUG] TransactionImpl - committing
2021-11-21T23:53:19,413|[DEBUG] JdbcResourceLocalTransactionCoordinatorImpl - On commit, transaction was marked for roll-back only, rolling back
2021-11-21T23:53:19,413|[TRACE] AbstractLogicalConnectionImplementor - Preparing to rollback transaction via JDBC Connection.rollback()
2021-11-21T23:53:19,413|[TRACE] AbstractLogicalConnectionImplementor - Transaction rolled-back via JDBC Connection.rollback()
2021-11-21T23:53:19,413|[TRACE] AbstractLogicalConnectionImplementor - LogicalConnection#afterTransaction
2021-11-21T23:53:19,413|[TRACE] ResourceRegistryStandardImpl - Releasing JDBC resources
2021-11-21T23:53:19,413|[DEBUG] LogicalConnectionManagedImpl - Initiating JDBC connection release from afterTransaction
2021-11-21T23:53:19,413|[TRACE] ResourceRegistryStandardImpl - Releasing JDBC resources
2021-11-21T23:53:19,413|[TRACE] JdbcResourceLocalTransactionCoordinatorImpl - ResourceLocalTransactionCoordinatorImpl#afterCompletionCallback(false)
2021-11-21T23:53:19,413|[TRACE] SynchronizationRegistryStandardImpl - SynchronizationRegistryStandardImpl.notifySynchronizationsAfterTransactionCompletion(5)
2021-11-21T23:53:19,413|[TRACE] AbstractLogicalConnectionImplementor - LogicalConnection#afterTransaction
2021-11-21T23:53:19,413|[TRACE] ResourceRegistryStandardImpl - Releasing JDBC resources
2021-11-21T23:53:19,413|[DEBUG] LogicalConnectionManagedImpl - Initiating JDBC connection release from afterTransaction
2021-11-21T23:53:19,413|[TRACE] SessionImpl - SessionImpl#afterTransactionCompletion(successful=false, delayed=false)
2021-11-21T23:53:19,414|[TRACE] SessionImpl - Closing session [3be0720d-ebd1-4972-ad06-34c258ac4331]
2021-11-21T23:53:19,414|[TRACE] JdbcCoordinatorImpl - Closing JDBC container [org.hibernate.engine.jdbc.internal.JdbcCoordinatorImpl@32d22650]
2021-11-21T23:53:19,414|[TRACE] ResourceRegistryStandardImpl - Releasing JDBC resources
2021-11-21T23:53:19,414|[TRACE] LogicalConnectionManagedImpl - Closing logical connection
2021-11-21T23:53:19,414|[TRACE] LogicalConnectionManagedImpl - Logical connection closed
]]></system-out>
  </testcase>
  <testcase name="testRead" classname="bloodbank.entity.TestCRUDAddressOriginal" time="0.01">
    <system-out><![CDATA[2021-11-21T23:53:19,415|[TRACE] SessionFactoryImpl$SessionBuilderImpl - Opening Hibernate Session.  tenant=null
2021-11-21T23:53:19,415|[TRACE] SessionImpl - Opened Session [22fc6c5a-7301-46f5-9edf-8c0fa1e804a6] at timestamp: 1637556799415
2021-11-21T23:53:19,415|[DEBUG] TransactionImpl - On TransactionImpl creation, JpaCompliance#isJpaTransactionComplianceEnabled == false
2021-11-21T23:53:19,415|[DEBUG] CriteriaQueryImpl - Rendered criteria query -> select generatedAlias0 from Address as generatedAlias0
2021-11-21T23:53:19,415|[TRACE] QueryPlanCache - Unable to locate HQL query plan in cache; generating (select generatedAlias0 from Address as generatedAlias0)
2021-11-21T23:53:19,415|[DEBUG] QueryTranslatorImpl - parse() - HQL: select generatedAlias0 from bloodbank.entity.Address as generatedAlias0
2021-11-21T23:53:19,415|[TRACE] HqlParser - -> statement
2021-11-21T23:53:19,415|[TRACE] HqlParser - ---> selectStatement
2021-11-21T23:53:19,415|[TRACE] HqlParser - -----> queryRule
2021-11-21T23:53:19,415|[TRACE] HqlParser - -------> selectFrom
2021-11-21T23:53:19,415|[TRACE] HqlParser - ---------> selectClause
2021-11-21T23:53:19,415|[TRACE] HqlParser - -----------> selectedPropertiesList
2021-11-21T23:53:19,415|[TRACE] HqlParser - -------------> aliasedExpression
2021-11-21T23:53:19,415|[TRACE] HqlParser - ---------------> expression
2021-11-21T23:53:19,415|[TRACE] HqlParser - -----------------> logicalOrExpression
2021-11-21T23:53:19,415|[TRACE] HqlParser - -------------------> logicalAndExpression
2021-11-21T23:53:19,415|[TRACE] HqlParser - ---------------------> negatedExpression
2021-11-21T23:53:19,415|[TRACE] HqlParser - -----------------------> equalityExpression
2021-11-21T23:53:19,415|[TRACE] HqlParser - -------------------------> relationalExpression
2021-11-21T23:53:19,415|[TRACE] HqlParser - ---------------------------> concatenation
2021-11-21T23:53:19,415|[TRACE] HqlParser - -----------------------------> additiveExpression
2021-11-21T23:53:19,415|[TRACE] HqlParser - -------------------------------> multiplyExpression
2021-11-21T23:53:19,415|[TRACE] HqlParser - ---------------------------------> unaryExpression
2021-11-21T23:53:19,415|[TRACE] HqlParser - -----------------------------------> atom
2021-11-21T23:53:19,415|[TRACE] HqlParser - -------------------------------------> primaryExpression
2021-11-21T23:53:19,415|[TRACE] HqlParser - ---------------------------------------> identPrimary
2021-11-21T23:53:19,415|[TRACE] HqlParser - -----------------------------------------> identPrimaryBase
2021-11-21T23:53:19,415|[TRACE] HqlParser - -------------------------------------------> identifier
2021-11-21T23:53:19,416|[TRACE] HqlParser - <------------------------------------------- identifier
2021-11-21T23:53:19,416|[TRACE] HqlParser - <----------------------------------------- identPrimaryBase
2021-11-21T23:53:19,416|[TRACE] HqlParser - <--------------------------------------- identPrimary
2021-11-21T23:53:19,416|[TRACE] HqlParser - <------------------------------------- primaryExpression
2021-11-21T23:53:19,416|[TRACE] HqlParser - <----------------------------------- atom
2021-11-21T23:53:19,416|[TRACE] HqlParser - <--------------------------------- unaryExpression
2021-11-21T23:53:19,416|[TRACE] HqlParser - <------------------------------- multiplyExpression
2021-11-21T23:53:19,416|[TRACE] HqlParser - <----------------------------- additiveExpression
2021-11-21T23:53:19,416|[TRACE] HqlParser - <--------------------------- concatenation
2021-11-21T23:53:19,416|[TRACE] HqlParser - <------------------------- relationalExpression
2021-11-21T23:53:19,416|[TRACE] HqlParser - <----------------------- equalityExpression
2021-11-21T23:53:19,416|[TRACE] HqlParser - <--------------------- negatedExpression
2021-11-21T23:53:19,416|[TRACE] HqlParser - <------------------- logicalAndExpression
2021-11-21T23:53:19,416|[TRACE] HqlParser - <----------------- logicalOrExpression
2021-11-21T23:53:19,416|[TRACE] HqlParser - <--------------- expression
2021-11-21T23:53:19,416|[TRACE] HqlParser - <------------- aliasedExpression
2021-11-21T23:53:19,416|[TRACE] HqlParser - <----------- selectedPropertiesList
2021-11-21T23:53:19,416|[TRACE] HqlParser - <--------- selectClause
2021-11-21T23:53:19,416|[TRACE] HqlParser - ---------> fromClause
2021-11-21T23:53:19,416|[TRACE] HqlParser - -----------> fromRange
2021-11-21T23:53:19,416|[TRACE] HqlParser - -------------> fromClassOrOuterQueryPath
2021-11-21T23:53:19,416|[TRACE] HqlParser - ---------------> path
2021-11-21T23:53:19,416|[TRACE] HqlParser - -----------------> identifier
2021-11-21T23:53:19,416|[TRACE] HqlParser - <----------------- identifier
2021-11-21T23:53:19,416|[TRACE] HqlParser - -----------------> identifier
2021-11-21T23:53:19,416|[TRACE] HqlParser - <----------------- identifier
2021-11-21T23:53:19,416|[TRACE] HqlParser - -----------------> identifier
2021-11-21T23:53:19,416|[TRACE] HqlParser - <----------------- identifier
2021-11-21T23:53:19,416|[TRACE] HqlParser - <--------------- path
2021-11-21T23:53:19,416|[TRACE] HqlParser - ---------------> asAlias
2021-11-21T23:53:19,416|[TRACE] HqlParser - -----------------> alias
2021-11-21T23:53:19,416|[TRACE] HqlParser - -------------------> identifier
2021-11-21T23:53:19,416|[TRACE] HqlParser - <------------------- identifier
2021-11-21T23:53:19,416|[TRACE] HqlParser - <----------------- alias
2021-11-21T23:53:19,416|[TRACE] HqlParser - <--------------- asAlias
2021-11-21T23:53:19,416|[TRACE] HqlParser - <------------- fromClassOrOuterQueryPath
2021-11-21T23:53:19,416|[TRACE] HqlParser - <----------- fromRange
2021-11-21T23:53:19,416|[TRACE] HqlParser - <--------- fromClause
2021-11-21T23:53:19,416|[TRACE] HqlParser - <------- selectFrom
2021-11-21T23:53:19,416|[TRACE] HqlParser - <----- queryRule
2021-11-21T23:53:19,416|[TRACE] HqlParser - <--- selectStatement
2021-11-21T23:53:19,416|[TRACE] HqlParser - <- statement
2021-11-21T23:53:19,416|[DEBUG] ErrorTracker - throwQueryException() : no errors
2021-11-21T23:53:19,416|[DEBUG] QueryTranslatorImpl - --- HQL AST ---
 \-[QUERY] Node: 'query'
    \-[SELECT_FROM] Node: 'SELECT_FROM'
       +-[FROM] Node: 'from'
       |  \-[RANGE] Node: 'RANGE'
       |     +-[DOT] Node: '.'
       |     |  +-[DOT] Node: '.'
       |     |  |  +-[IDENT] Node: 'bloodbank'
       |     |  |  \-[IDENT] Node: 'entity'
       |     |  \-[IDENT] Node: 'Address'
       |     \-[ALIAS] Node: 'generatedAlias0'
       \-[SELECT] Node: 'select'
          \-[IDENT] Node: 'generatedAlias0'

2021-11-21T23:53:19,416|[DEBUG] HqlSqlBaseWalker - select << begin [level=1, statement=select]
2021-11-21T23:53:19,417|[DEBUG] FromElement - FromClause{level=1} : bloodbank.entity.Address (generatedAlias0) -> address0_
2021-11-21T23:53:19,417|[DEBUG] FromReferenceNode - Resolved : generatedAlias0 -> address0_.address_id
2021-11-21T23:53:19,417|[DEBUG] HqlSqlBaseWalker - select : finishing up [level=1, statement=select]
2021-11-21T23:53:19,417|[DEBUG] HqlSqlWalker - processQuery() :  ( SELECT ( {select clause} address0_.address_id ) ( FromClause{level=1} address address0_ ) )
2021-11-21T23:53:19,417|[DEBUG] JoinProcessor - Tables referenced from query nodes:
 \-QueryNode
    +-SelectClause
    | referencedTables(entity Address): [address]
    |  +-IdentNode
    |  | persister: SingleTableEntityPersister(bloodbank.entity.Address)
    |  | originalText: generatedAlias0
    |  \-SqlFragment
    \-FromClause
       \-FromElement

2021-11-21T23:53:19,417|[DEBUG] JoinProcessor - Using FROM fragment [address address0_]
2021-11-21T23:53:19,417|[DEBUG] HqlSqlBaseWalker - select >> end [level=1, statement=select]
2021-11-21T23:53:19,417|[DEBUG] QueryTranslatorImpl - --- SQL AST ---
 \-[SELECT] QueryNode: 'SELECT'  querySpaces (address)
    +-[SELECT_CLAUSE] SelectClause: '{select clause}'
    |  +-[ALIAS_REF] IdentNode: 'address0_.address_id as address_1_0_' {alias=generatedAlias0, className=bloodbank.entity.Address, tableAlias=address0_}
    |  \-[SQL_TOKEN] SqlFragment: 'address0_.created as created2_0_, address0_.updated as updated3_0_, address0_.version as version4_0_, address0_.city as city5_0_, address0_.country as country6_0_, address0_.province as province7_0_, address0_.street as street8_0_, address0_.street_number as street_n9_0_, address0_.zipcode as zipcode10_0_'
    \-[FROM] FromClause: 'from' FromClause{level=1, fromElementCounter=1, fromElements=1, fromElementByClassAlias=[generatedAlias0], fromElementByTableAlias=[address0_], fromElementsByPath=[], collectionJoinFromElementsByPath=[], impliedElements=[]}
       \-[FROM_FRAGMENT] FromElement: 'address address0_' FromElement{explicit,not a collection join,not a fetch join,fetch non-lazy properties,classAlias=generatedAlias0,role=null,tableName=address,tableAlias=address0_,origin=null,columns={,className=bloodbank.entity.Address}}

2021-11-21T23:53:19,417|[DEBUG] ErrorTracker - throwQueryException() : no errors
2021-11-21T23:53:19,417|[DEBUG] QueryTranslatorImpl - HQL: select generatedAlias0 from bloodbank.entity.Address as generatedAlias0
2021-11-21T23:53:19,417|[DEBUG] QueryTranslatorImpl - SQL: select address0_.address_id as address_1_0_, address0_.created as created2_0_, address0_.updated as updated3_0_, address0_.version as version4_0_, address0_.city as city5_0_, address0_.country as country6_0_, address0_.province as province7_0_, address0_.street as street8_0_, address0_.street_number as street_n9_0_, address0_.zipcode as zipcode10_0_ from address address0_
2021-11-21T23:53:19,417|[DEBUG] ErrorTracker - throwQueryException() : no errors
2021-11-21T23:53:19,417|[TRACE] QueryPlanCache - Located HQL query plan in cache (select generatedAlias0 from Address as generatedAlias0)
2021-11-21T23:53:19,417|[TRACE] QueryPlanCache - Located HQL query plan in cache (select generatedAlias0 from Address as generatedAlias0)
2021-11-21T23:53:19,417|[TRACE] HQLQueryPlan - Find: select generatedAlias0 from Address as generatedAlias0
2021-11-21T23:53:19,417|[TRACE] QueryParameters - Named parameters: {}
2021-11-21T23:53:19,418|[DEBUG] SQL - 
    /* select
        generatedAlias0 
    from
        Address as generatedAlias0 */ select
            address0_.address_id as address_1_0_,
            address0_.created as created2_0_,
            address0_.updated as updated3_0_,
            address0_.version as version4_0_,
            address0_.city as city5_0_,
            address0_.country as country6_0_,
            address0_.province as province7_0_,
            address0_.street as street8_0_,
            address0_.street_number as street_n9_0_,
            address0_.zipcode as zipcode10_0_ 
        from
            address address0_
2021-11-21T23:53:19,418|[TRACE] ResourceRegistryStandardImpl - Registering statement [com.mysql.cj.jdbc.ClientPreparedStatement: /* select generatedAlias0 from Address as generatedAlias0 */ select address0_.address_id as address_1_0_, address0_.created as created2_0_, address0_.updated as updated3_0_, address0_.version as version4_0_, address0_.city as city5_0_, address0_.country as country6_0_, address0_.province as province7_0_, address0_.street as street8_0_, address0_.street_number as street_n9_0_, address0_.zipcode as zipcode10_0_ from address address0_]
2021-11-21T23:53:19,418|[TRACE] JdbcCoordinatorImpl - Registering last query statement [com.mysql.cj.jdbc.ClientPreparedStatement: /* select generatedAlias0 from Address as generatedAlias0 */ select address0_.address_id as address_1_0_, address0_.created as created2_0_, address0_.updated as updated3_0_, address0_.version as version4_0_, address0_.city as city5_0_, address0_.country as country6_0_, address0_.province as province7_0_, address0_.street as street8_0_, address0_.street_number as street_n9_0_, address0_.zipcode as zipcode10_0_ from address address0_]
2021-11-21T23:53:19,418|[TRACE] Loader - Bound [1] parameters total
2021-11-21T23:53:19,419|[TRACE] ResourceRegistryStandardImpl - Registering result set [com.mysql.cj.jdbc.result.ResultSetImpl@2bcb1414]
2021-11-21T23:53:19,419|[TRACE] Loader - Processing result set
2021-11-21T23:53:19,419|[DEBUG] Loader - Result set row: 0
2021-11-21T23:53:19,420|[TRACE] BasicExtractor - extracted value ([address_1_0_] : [INTEGER]) - [1]
2021-11-21T23:53:19,420|[DEBUG] Loader - Result row: EntityKey[bloodbank.entity.Address#1]
2021-11-21T23:53:19,420|[TRACE] Loader - Initializing object from ResultSet: [bloodbank.entity.Address#1]
2021-11-21T23:53:19,421|[TRACE] AbstractEntityPersister - Hydrating entity: [bloodbank.entity.Address#1]
2021-11-21T23:53:19,421|[TRACE] BasicExtractor - extracted value ([created2_0_] : [BIGINT]) - [1637556799348]
2021-11-21T23:53:19,421|[TRACE] BasicExtractor - extracted value ([updated3_0_] : [BIGINT]) - [1637556799348]
2021-11-21T23:53:19,421|[TRACE] BasicExtractor - extracted value ([version4_0_] : [INTEGER]) - [0]
2021-11-21T23:53:19,421|[TRACE] BasicExtractor - extracted value ([city5_0_] : [VARCHAR]) - [Montreal]
2021-11-21T23:53:19,421|[TRACE] BasicExtractor - extracted value ([country6_0_] : [VARCHAR]) - [Canada]
2021-11-21T23:53:19,421|[TRACE] BasicExtractor - extracted value ([province7_0_] : [VARCHAR]) - [Quebec]
2021-11-21T23:53:19,421|[TRACE] BasicExtractor - extracted value ([street8_0_] : [VARCHAR]) - [Rue Chambly]
2021-11-21T23:53:19,421|[TRACE] BasicExtractor - extracted value ([street_n9_0_] : [VARCHAR]) - [123]
2021-11-21T23:53:19,421|[TRACE] BasicExtractor - extracted value ([zipcode10_0_] : [VARCHAR]) - [H2E 2S1]
2021-11-21T23:53:19,421|[TRACE] TwoPhaseLoad - Version: 0
2021-11-21T23:53:19,421|[TRACE] Loader - Done processing result set (1 rows)
2021-11-21T23:53:19,421|[TRACE] Loader - Total objects hydrated: 1
2021-11-21T23:53:19,422|[DEBUG] TwoPhaseLoad - Resolving attributes for [bloodbank.entity.Address#1]
2021-11-21T23:53:19,422|[DEBUG] TwoPhaseLoad - Processing attribute `epochCreated` : value = 1637556799348
2021-11-21T23:53:19,422|[DEBUG] TwoPhaseLoad - Attribute (`epochCreated`)  - enhanced for lazy-loading? - false
2021-11-21T23:53:19,422|[DEBUG] TwoPhaseLoad - Processing attribute `epochUpdated` : value = 1637556799348
2021-11-21T23:53:19,422|[DEBUG] TwoPhaseLoad - Attribute (`epochUpdated`)  - enhanced for lazy-loading? - false
2021-11-21T23:53:19,422|[DEBUG] TwoPhaseLoad - Processing attribute `version` : value = 0
2021-11-21T23:53:19,422|[DEBUG] TwoPhaseLoad - Attribute (`version`)  - enhanced for lazy-loading? - false
2021-11-21T23:53:19,422|[DEBUG] TwoPhaseLoad - Processing attribute `city` : value = Montreal
2021-11-21T23:53:19,422|[DEBUG] TwoPhaseLoad - Attribute (`city`)  - enhanced for lazy-loading? - false
2021-11-21T23:53:19,422|[DEBUG] TwoPhaseLoad - Processing attribute `contacts` : value = NOT NULL COLLECTION
2021-11-21T23:53:19,422|[DEBUG] TwoPhaseLoad - Attribute (`contacts`)  - enhanced for lazy-loading? - false
2021-11-21T23:53:19,422|[TRACE] CollectionType - Created collection wrapper: [bloodbank.entity.Address.contacts#1]
2021-11-21T23:53:19,422|[DEBUG] TwoPhaseLoad - Processing attribute `country` : value = Canada
2021-11-21T23:53:19,422|[DEBUG] TwoPhaseLoad - Attribute (`country`)  - enhanced for lazy-loading? - false
2021-11-21T23:53:19,422|[DEBUG] TwoPhaseLoad - Processing attribute `province` : value = Quebec
2021-11-21T23:53:19,422|[DEBUG] TwoPhaseLoad - Attribute (`province`)  - enhanced for lazy-loading? - false
2021-11-21T23:53:19,422|[DEBUG] TwoPhaseLoad - Processing attribute `street` : value = Rue Chambly
2021-11-21T23:53:19,422|[DEBUG] TwoPhaseLoad - Attribute (`street`)  - enhanced for lazy-loading? - false
2021-11-21T23:53:19,422|[DEBUG] TwoPhaseLoad - Processing attribute `streetNumber` : value = 123
2021-11-21T23:53:19,422|[DEBUG] TwoPhaseLoad - Attribute (`streetNumber`)  - enhanced for lazy-loading? - false
2021-11-21T23:53:19,422|[DEBUG] TwoPhaseLoad - Processing attribute `zipcode` : value = H2E 2S1
2021-11-21T23:53:19,422|[DEBUG] TwoPhaseLoad - Attribute (`zipcode`)  - enhanced for lazy-loading? - false
2021-11-21T23:53:19,423|[DEBUG] TwoPhaseLoad - Done materializing entity [bloodbank.entity.Address#1]
2021-11-21T23:53:19,423|[TRACE] ResourceRegistryStandardImpl - Releasing statement [com.mysql.cj.jdbc.ClientPreparedStatement: /* select generatedAlias0 from Address as generatedAlias0 */ select address0_.address_id as address_1_0_, address0_.created as created2_0_, address0_.updated as updated3_0_, address0_.version as version4_0_, address0_.city as city5_0_, address0_.country as country6_0_, address0_.province as province7_0_, address0_.street as street8_0_, address0_.street_number as street_n9_0_, address0_.zipcode as zipcode10_0_ from address address0_]
2021-11-21T23:53:19,423|[TRACE] ResourceRegistryStandardImpl - Closing result set [com.mysql.cj.jdbc.result.ResultSetImpl@2bcb1414]
2021-11-21T23:53:19,423|[TRACE] ResourceRegistryStandardImpl - Closing prepared statement [com.mysql.cj.jdbc.ClientPreparedStatement: /* select generatedAlias0 from Address as generatedAlias0 */ select address0_.address_id as address_1_0_, address0_.created as created2_0_, address0_.updated as updated3_0_, address0_.version as version4_0_, address0_.city as city5_0_, address0_.country as country6_0_, address0_.province as province7_0_, address0_.street as street8_0_, address0_.street_number as street_n9_0_, address0_.zipcode as zipcode10_0_ from address address0_]
2021-11-21T23:53:19,423|[TRACE] JdbcCoordinatorImpl - Starting after statement execution processing [AFTER_TRANSACTION]
2021-11-21T23:53:19,423|[TRACE] StatefulPersistenceContext - Initializing non-lazy collections
2021-11-21T23:53:19,423|[TRACE] AbstractLogicalConnectionImplementor - LogicalConnection#afterTransaction
2021-11-21T23:53:19,423|[TRACE] ResourceRegistryStandardImpl - Releasing JDBC resources
2021-11-21T23:53:19,423|[DEBUG] LogicalConnectionManagedImpl - Initiating JDBC connection release from afterTransaction
2021-11-21T23:53:19,423|[TRACE] ResourceRegistryStandardImpl - Releasing JDBC resources
2021-11-21T23:53:19,425|[TRACE] SessionImpl - Closing session [22fc6c5a-7301-46f5-9edf-8c0fa1e804a6]
2021-11-21T23:53:19,425|[TRACE] JdbcCoordinatorImpl - Closing JDBC container [org.hibernate.engine.jdbc.internal.JdbcCoordinatorImpl@4d065e1a]
2021-11-21T23:53:19,425|[TRACE] ResourceRegistryStandardImpl - Releasing JDBC resources
2021-11-21T23:53:19,425|[TRACE] LogicalConnectionManagedImpl - Closing logical connection
2021-11-21T23:53:19,425|[TRACE] LogicalConnectionManagedImpl - Logical connection closed
]]></system-out>
  </testcase>
  <testcase name="testUpdate" classname="bloodbank.entity.TestCRUDAddressOriginal" time="0.018">
    <system-out><![CDATA[2021-11-21T23:53:19,426|[TRACE] SessionFactoryImpl$SessionBuilderImpl - Opening Hibernate Session.  tenant=null
2021-11-21T23:53:19,426|[TRACE] SessionImpl - Opened Session [92e5f5be-0454-4b3b-9d94-3070fcf14f97] at timestamp: 1637556799426
2021-11-21T23:53:19,426|[DEBUG] TransactionImpl - On TransactionImpl creation, JpaCompliance#isJpaTransactionComplianceEnabled == false
2021-11-21T23:53:19,426|[DEBUG] CriteriaQueryImpl - Rendered criteria query -> select generatedAlias0 from Address as generatedAlias0 where generatedAlias0.streetNumber=:streetNumber
2021-11-21T23:53:19,426|[TRACE] QueryPlanCache - Unable to locate HQL query plan in cache; generating (select generatedAlias0 from Address as generatedAlias0 where generatedAlias0.streetNumber=:streetNumber)
2021-11-21T23:53:19,426|[DEBUG] QueryTranslatorImpl - parse() - HQL: select generatedAlias0 from bloodbank.entity.Address as generatedAlias0 where generatedAlias0.streetNumber=:streetNumber
2021-11-21T23:53:19,426|[TRACE] HqlParser - -> statement
2021-11-21T23:53:19,426|[TRACE] HqlParser - ---> selectStatement
2021-11-21T23:53:19,426|[TRACE] HqlParser - -----> queryRule
2021-11-21T23:53:19,426|[TRACE] HqlParser - -------> selectFrom
2021-11-21T23:53:19,426|[TRACE] HqlParser - ---------> selectClause
2021-11-21T23:53:19,426|[TRACE] HqlParser - -----------> selectedPropertiesList
2021-11-21T23:53:19,426|[TRACE] HqlParser - -------------> aliasedExpression
2021-11-21T23:53:19,426|[TRACE] HqlParser - ---------------> expression
2021-11-21T23:53:19,426|[TRACE] HqlParser - -----------------> logicalOrExpression
2021-11-21T23:53:19,426|[TRACE] HqlParser - -------------------> logicalAndExpression
2021-11-21T23:53:19,426|[TRACE] HqlParser - ---------------------> negatedExpression
2021-11-21T23:53:19,426|[TRACE] HqlParser - -----------------------> equalityExpression
2021-11-21T23:53:19,426|[TRACE] HqlParser - -------------------------> relationalExpression
2021-11-21T23:53:19,426|[TRACE] HqlParser - ---------------------------> concatenation
2021-11-21T23:53:19,426|[TRACE] HqlParser - -----------------------------> additiveExpression
2021-11-21T23:53:19,426|[TRACE] HqlParser - -------------------------------> multiplyExpression
2021-11-21T23:53:19,426|[TRACE] HqlParser - ---------------------------------> unaryExpression
2021-11-21T23:53:19,426|[TRACE] HqlParser - -----------------------------------> atom
2021-11-21T23:53:19,426|[TRACE] HqlParser - -------------------------------------> primaryExpression
2021-11-21T23:53:19,426|[TRACE] HqlParser - ---------------------------------------> identPrimary
2021-11-21T23:53:19,426|[TRACE] HqlParser - -----------------------------------------> identPrimaryBase
2021-11-21T23:53:19,426|[TRACE] HqlParser - -------------------------------------------> identifier
2021-11-21T23:53:19,426|[TRACE] HqlParser - <------------------------------------------- identifier
2021-11-21T23:53:19,426|[TRACE] HqlParser - <----------------------------------------- identPrimaryBase
2021-11-21T23:53:19,426|[TRACE] HqlParser - <--------------------------------------- identPrimary
2021-11-21T23:53:19,426|[TRACE] HqlParser - <------------------------------------- primaryExpression
2021-11-21T23:53:19,426|[TRACE] HqlParser - <----------------------------------- atom
2021-11-21T23:53:19,426|[TRACE] HqlParser - <--------------------------------- unaryExpression
2021-11-21T23:53:19,426|[TRACE] HqlParser - <------------------------------- multiplyExpression
2021-11-21T23:53:19,426|[TRACE] HqlParser - <----------------------------- additiveExpression
2021-11-21T23:53:19,426|[TRACE] HqlParser - <--------------------------- concatenation
2021-11-21T23:53:19,426|[TRACE] HqlParser - <------------------------- relationalExpression
2021-11-21T23:53:19,426|[TRACE] HqlParser - <----------------------- equalityExpression
2021-11-21T23:53:19,426|[TRACE] HqlParser - <--------------------- negatedExpression
2021-11-21T23:53:19,426|[TRACE] HqlParser - <------------------- logicalAndExpression
2021-11-21T23:53:19,426|[TRACE] HqlParser - <----------------- logicalOrExpression
2021-11-21T23:53:19,426|[TRACE] HqlParser - <--------------- expression
2021-11-21T23:53:19,426|[TRACE] HqlParser - <------------- aliasedExpression
2021-11-21T23:53:19,426|[TRACE] HqlParser - <----------- selectedPropertiesList
2021-11-21T23:53:19,426|[TRACE] HqlParser - <--------- selectClause
2021-11-21T23:53:19,426|[TRACE] HqlParser - ---------> fromClause
2021-11-21T23:53:19,426|[TRACE] HqlParser - -----------> fromRange
2021-11-21T23:53:19,426|[TRACE] HqlParser - -------------> fromClassOrOuterQueryPath
2021-11-21T23:53:19,427|[TRACE] HqlParser - ---------------> path
2021-11-21T23:53:19,427|[TRACE] HqlParser - -----------------> identifier
2021-11-21T23:53:19,427|[TRACE] HqlParser - <----------------- identifier
2021-11-21T23:53:19,427|[TRACE] HqlParser - -----------------> identifier
2021-11-21T23:53:19,427|[TRACE] HqlParser - <----------------- identifier
2021-11-21T23:53:19,427|[TRACE] HqlParser - -----------------> identifier
2021-11-21T23:53:19,427|[TRACE] HqlParser - <----------------- identifier
2021-11-21T23:53:19,427|[TRACE] HqlParser - <--------------- path
2021-11-21T23:53:19,427|[TRACE] HqlParser - ---------------> asAlias
2021-11-21T23:53:19,427|[TRACE] HqlParser - -----------------> alias
2021-11-21T23:53:19,427|[TRACE] HqlParser - -------------------> identifier
2021-11-21T23:53:19,427|[TRACE] HqlParser - <------------------- identifier
2021-11-21T23:53:19,427|[TRACE] HqlParser - <----------------- alias
2021-11-21T23:53:19,427|[TRACE] HqlParser - <--------------- asAlias
2021-11-21T23:53:19,427|[TRACE] HqlParser - <------------- fromClassOrOuterQueryPath
2021-11-21T23:53:19,427|[TRACE] HqlParser - <----------- fromRange
2021-11-21T23:53:19,427|[TRACE] HqlParser - <--------- fromClause
2021-11-21T23:53:19,427|[TRACE] HqlParser - <------- selectFrom
2021-11-21T23:53:19,427|[TRACE] HqlParser - -------> whereClause
2021-11-21T23:53:19,427|[TRACE] HqlParser - ---------> logicalExpression
2021-11-21T23:53:19,427|[TRACE] HqlParser - -----------> expression
2021-11-21T23:53:19,427|[TRACE] HqlParser - -------------> logicalOrExpression
2021-11-21T23:53:19,427|[TRACE] HqlParser - ---------------> logicalAndExpression
2021-11-21T23:53:19,427|[TRACE] HqlParser - -----------------> negatedExpression
2021-11-21T23:53:19,427|[TRACE] HqlParser - -------------------> equalityExpression
2021-11-21T23:53:19,427|[TRACE] HqlParser - ---------------------> relationalExpression
2021-11-21T23:53:19,427|[TRACE] HqlParser - -----------------------> concatenation
2021-11-21T23:53:19,427|[TRACE] HqlParser - -------------------------> additiveExpression
2021-11-21T23:53:19,427|[TRACE] HqlParser - ---------------------------> multiplyExpression
2021-11-21T23:53:19,427|[TRACE] HqlParser - -----------------------------> unaryExpression
2021-11-21T23:53:19,427|[TRACE] HqlParser - -------------------------------> atom
2021-11-21T23:53:19,427|[TRACE] HqlParser - ---------------------------------> primaryExpression
2021-11-21T23:53:19,427|[TRACE] HqlParser - -----------------------------------> identPrimary
2021-11-21T23:53:19,427|[TRACE] HqlParser - -------------------------------------> identPrimaryBase
2021-11-21T23:53:19,427|[TRACE] HqlParser - ---------------------------------------> identifier
2021-11-21T23:53:19,427|[TRACE] HqlParser - <--------------------------------------- identifier
2021-11-21T23:53:19,427|[TRACE] HqlParser - <------------------------------------- identPrimaryBase
2021-11-21T23:53:19,427|[TRACE] HqlParser - -------------------------------------> identifier
2021-11-21T23:53:19,427|[TRACE] HqlParser - <------------------------------------- identifier
2021-11-21T23:53:19,427|[TRACE] HqlParser - <----------------------------------- identPrimary
2021-11-21T23:53:19,427|[TRACE] HqlParser - <--------------------------------- primaryExpression
2021-11-21T23:53:19,427|[TRACE] HqlParser - <------------------------------- atom
2021-11-21T23:53:19,427|[TRACE] HqlParser - <----------------------------- unaryExpression
2021-11-21T23:53:19,427|[TRACE] HqlParser - <--------------------------- multiplyExpression
2021-11-21T23:53:19,427|[TRACE] HqlParser - <------------------------- additiveExpression
2021-11-21T23:53:19,427|[TRACE] HqlParser - <----------------------- concatenation
2021-11-21T23:53:19,427|[TRACE] HqlParser - <--------------------- relationalExpression
2021-11-21T23:53:19,427|[TRACE] HqlParser - ---------------------> relationalExpression
2021-11-21T23:53:19,427|[TRACE] HqlParser - -----------------------> concatenation
2021-11-21T23:53:19,427|[TRACE] HqlParser - -------------------------> additiveExpression
2021-11-21T23:53:19,427|[TRACE] HqlParser - ---------------------------> multiplyExpression
2021-11-21T23:53:19,427|[TRACE] HqlParser - -----------------------------> unaryExpression
2021-11-21T23:53:19,427|[TRACE] HqlParser - -------------------------------> atom
2021-11-21T23:53:19,427|[TRACE] HqlParser - ---------------------------------> primaryExpression
2021-11-21T23:53:19,427|[TRACE] HqlParser - -----------------------------------> parameter
2021-11-21T23:53:19,427|[TRACE] HqlParser - <----------------------------------- parameter
2021-11-21T23:53:19,427|[TRACE] HqlParser - <--------------------------------- primaryExpression
2021-11-21T23:53:19,427|[TRACE] HqlParser - <------------------------------- atom
2021-11-21T23:53:19,427|[TRACE] HqlParser - <----------------------------- unaryExpression
2021-11-21T23:53:19,427|[TRACE] HqlParser - <--------------------------- multiplyExpression
2021-11-21T23:53:19,427|[TRACE] HqlParser - <------------------------- additiveExpression
2021-11-21T23:53:19,427|[TRACE] HqlParser - <----------------------- concatenation
2021-11-21T23:53:19,427|[TRACE] HqlParser - <--------------------- relationalExpression
2021-11-21T23:53:19,427|[TRACE] HqlParser - <------------------- equalityExpression
2021-11-21T23:53:19,427|[TRACE] HqlParser - <----------------- negatedExpression
2021-11-21T23:53:19,427|[TRACE] HqlParser - <--------------- logicalAndExpression
2021-11-21T23:53:19,427|[TRACE] HqlParser - <------------- logicalOrExpression
2021-11-21T23:53:19,427|[TRACE] HqlParser - <----------- expression
2021-11-21T23:53:19,427|[TRACE] HqlParser - <--------- logicalExpression
2021-11-21T23:53:19,427|[TRACE] HqlParser - <------- whereClause
2021-11-21T23:53:19,427|[TRACE] HqlParser - <----- queryRule
2021-11-21T23:53:19,427|[TRACE] HqlParser - <--- selectStatement
2021-11-21T23:53:19,427|[TRACE] HqlParser - <- statement
2021-11-21T23:53:19,427|[DEBUG] ErrorTracker - throwQueryException() : no errors
2021-11-21T23:53:19,427|[DEBUG] QueryTranslatorImpl - --- HQL AST ---
 \-[QUERY] Node: 'query'
    +-[SELECT_FROM] Node: 'SELECT_FROM'
    |  +-[FROM] Node: 'from'
    |  |  \-[RANGE] Node: 'RANGE'
    |  |     +-[DOT] Node: '.'
    |  |     |  +-[DOT] Node: '.'
    |  |     |  |  +-[IDENT] Node: 'bloodbank'
    |  |     |  |  \-[IDENT] Node: 'entity'
    |  |     |  \-[IDENT] Node: 'Address'
    |  |     \-[ALIAS] Node: 'generatedAlias0'
    |  \-[SELECT] Node: 'select'
    |     \-[IDENT] Node: 'generatedAlias0'
    \-[WHERE] Node: 'where'
       \-[EQ] Node: '='
          +-[DOT] Node: '.'
          |  +-[IDENT] Node: 'generatedAlias0'
          |  \-[IDENT] Node: 'streetNumber'
          \-[COLON] Node: ':'
             \-[IDENT] Node: 'streetNumber'

2021-11-21T23:53:19,427|[DEBUG] HqlSqlBaseWalker - select << begin [level=1, statement=select]
2021-11-21T23:53:19,427|[DEBUG] FromElement - FromClause{level=1} : bloodbank.entity.Address (generatedAlias0) -> address0_
2021-11-21T23:53:19,427|[DEBUG] FromReferenceNode - Resolved : generatedAlias0 -> address0_.address_id
2021-11-21T23:53:19,427|[DEBUG] FromReferenceNode - Resolved : generatedAlias0 -> address0_.address_id
2021-11-21T23:53:19,427|[TRACE] FromElement - Handling property dereference [bloodbank.entity.Address (generatedAlias0) -> streetNumber (class)]
2021-11-21T23:53:19,427|[DEBUG] DotNode - getDataType() : streetNumber -> org.hibernate.type.StringType@795fd838
2021-11-21T23:53:19,427|[DEBUG] FromReferenceNode - Resolved : generatedAlias0.streetNumber -> address0_.street_number
2021-11-21T23:53:19,427|[DEBUG] HqlSqlBaseWalker - select : finishing up [level=1, statement=select]
2021-11-21T23:53:19,428|[DEBUG] HqlSqlWalker - processQuery() :  ( SELECT ( {select clause} address0_.address_id ) ( FromClause{level=1} address address0_ ) ( where ( = ( address0_.street_number address0_.address_id streetNumber ) ? ) ) )
2021-11-21T23:53:19,428|[DEBUG] JoinProcessor - Tables referenced from query nodes:
 \-QueryNode
    +-SelectClause
    | referencedTables(entity Address): [address]
    |  +-IdentNode
    |  | persister: SingleTableEntityPersister(bloodbank.entity.Address)
    |  | originalText: generatedAlias0
    |  \-SqlFragment
    +-FromClause
    |  \-FromElement
    \-SqlNode
       \-BinaryLogicOperatorNode
          +-DotNode
          | persister: SingleTableEntityPersister(bloodbank.entity.Address)
          | path: generatedAlias0.streetNumber
          |  +-IdentNode
          |  | persister: SingleTableEntityPersister(bloodbank.entity.Address)
          |  | originalText: generatedAlias0
          |  \-IdentNode
          |    persister: null
          |    originalText: streetNumber
          \-ParameterNode

2021-11-21T23:53:19,428|[DEBUG] JoinProcessor - Using FROM fragment [address address0_]
2021-11-21T23:53:19,428|[DEBUG] HqlSqlBaseWalker - select >> end [level=1, statement=select]
2021-11-21T23:53:19,428|[DEBUG] QueryTranslatorImpl - --- SQL AST ---
 \-[SELECT] QueryNode: 'SELECT'  querySpaces (address)
    +-[SELECT_CLAUSE] SelectClause: '{select clause}'
    |  +-[ALIAS_REF] IdentNode: 'address0_.address_id as address_1_0_' {alias=generatedAlias0, className=bloodbank.entity.Address, tableAlias=address0_}
    |  \-[SQL_TOKEN] SqlFragment: 'address0_.created as created2_0_, address0_.updated as updated3_0_, address0_.version as version4_0_, address0_.city as city5_0_, address0_.country as country6_0_, address0_.province as province7_0_, address0_.street as street8_0_, address0_.street_number as street_n9_0_, address0_.zipcode as zipcode10_0_'
    +-[FROM] FromClause: 'from' FromClause{level=1, fromElementCounter=1, fromElements=1, fromElementByClassAlias=[generatedAlias0], fromElementByTableAlias=[address0_], fromElementsByPath=[], collectionJoinFromElementsByPath=[], impliedElements=[]}
    |  \-[FROM_FRAGMENT] FromElement: 'address address0_' FromElement{explicit,not a collection join,not a fetch join,fetch non-lazy properties,classAlias=generatedAlias0,role=null,tableName=address,tableAlias=address0_,origin=null,columns={,className=bloodbank.entity.Address}}
    \-[WHERE] SqlNode: 'where'
       \-[EQ] BinaryLogicOperatorNode: '='
          +-[DOT] DotNode: 'address0_.street_number' {propertyName=streetNumber,dereferenceType=PRIMITIVE,getPropertyPath=streetNumber,path=generatedAlias0.streetNumber,tableAlias=address0_,className=bloodbank.entity.Address,classAlias=generatedAlias0}
          |  +-[ALIAS_REF] IdentNode: 'address0_.address_id' {alias=generatedAlias0, className=bloodbank.entity.Address, tableAlias=address0_}
          |  \-[IDENT] IdentNode: 'streetNumber' {originalText=streetNumber}
          \-[NAMED_PARAM] ParameterNode: '?' {name=streetNumber, expectedType=org.hibernate.type.StringType@795fd838}

2021-11-21T23:53:19,428|[DEBUG] ErrorTracker - throwQueryException() : no errors
2021-11-21T23:53:19,428|[DEBUG] QueryTranslatorImpl - HQL: select generatedAlias0 from bloodbank.entity.Address as generatedAlias0 where generatedAlias0.streetNumber=:streetNumber
2021-11-21T23:53:19,428|[DEBUG] QueryTranslatorImpl - SQL: select address0_.address_id as address_1_0_, address0_.created as created2_0_, address0_.updated as updated3_0_, address0_.version as version4_0_, address0_.city as city5_0_, address0_.country as country6_0_, address0_.province as province7_0_, address0_.street as street8_0_, address0_.street_number as street_n9_0_, address0_.zipcode as zipcode10_0_ from address address0_ where address0_.street_number=?
2021-11-21T23:53:19,428|[DEBUG] ErrorTracker - throwQueryException() : no errors
2021-11-21T23:53:19,428|[TRACE] QueryPlanCache - Located HQL query plan in cache (select generatedAlias0 from Address as generatedAlias0 where generatedAlias0.streetNumber=:streetNumber)
2021-11-21T23:53:19,428|[TRACE] QueryPlanCache - Located HQL query plan in cache (select generatedAlias0 from Address as generatedAlias0 where generatedAlias0.streetNumber=:streetNumber)
2021-11-21T23:53:19,428|[TRACE] HQLQueryPlan - Find: select generatedAlias0 from Address as generatedAlias0 where generatedAlias0.streetNumber=:streetNumber
2021-11-21T23:53:19,429|[TRACE] QueryParameters - Named parameters: {streetNumber=123}
2021-11-21T23:53:19,429|[DEBUG] SQL - 
    /* select
        generatedAlias0 
    from
        Address as generatedAlias0 
    where
        generatedAlias0.streetNumber=:streetNumber */ select
            address0_.address_id as address_1_0_,
            address0_.created as created2_0_,
            address0_.updated as updated3_0_,
            address0_.version as version4_0_,
            address0_.city as city5_0_,
            address0_.country as country6_0_,
            address0_.province as province7_0_,
            address0_.street as street8_0_,
            address0_.street_number as street_n9_0_,
            address0_.zipcode as zipcode10_0_ 
        from
            address address0_ 
        where
            address0_.street_number=?
2021-11-21T23:53:19,429|[TRACE] ResourceRegistryStandardImpl - Registering statement [com.mysql.cj.jdbc.ClientPreparedStatement: /* select generatedAlias0 from Address as generatedAlias0 where generatedAlias0.streetNumber=:streetNumber */ select address0_.address_id as address_1_0_, address0_.created as created2_0_, address0_.updated as updated3_0_, address0_.version as version4_0_, address0_.city as city5_0_, address0_.country as country6_0_, address0_.province as province7_0_, address0_.street as street8_0_, address0_.street_number as street_n9_0_, address0_.zipcode as zipcode10_0_ from address address0_ where address0_.street_number=** NOT SPECIFIED **]
2021-11-21T23:53:19,429|[TRACE] JdbcCoordinatorImpl - Registering last query statement [com.mysql.cj.jdbc.ClientPreparedStatement: /* select generatedAlias0 from Address as generatedAlias0 where generatedAlias0.streetNumber=:streetNumber */ select address0_.address_id as address_1_0_, address0_.created as created2_0_, address0_.updated as updated3_0_, address0_.version as version4_0_, address0_.city as city5_0_, address0_.country as country6_0_, address0_.province as province7_0_, address0_.street as street8_0_, address0_.street_number as street_n9_0_, address0_.zipcode as zipcode10_0_ from address address0_ where address0_.street_number=** NOT SPECIFIED **]
2021-11-21T23:53:19,429|[TRACE] BasicBinder - binding parameter [1] as [VARCHAR] - [123]
2021-11-21T23:53:19,429|[TRACE] Loader - Bound [2] parameters total
2021-11-21T23:53:19,430|[TRACE] ResourceRegistryStandardImpl - Registering result set [com.mysql.cj.jdbc.result.ResultSetImpl@7ba1cdbe]
2021-11-21T23:53:19,430|[TRACE] Loader - Processing result set
2021-11-21T23:53:19,430|[DEBUG] Loader - Result set row: 0
2021-11-21T23:53:19,430|[TRACE] BasicExtractor - extracted value ([address_1_0_] : [INTEGER]) - [1]
2021-11-21T23:53:19,430|[DEBUG] Loader - Result row: EntityKey[bloodbank.entity.Address#1]
2021-11-21T23:53:19,430|[TRACE] Loader - Initializing object from ResultSet: [bloodbank.entity.Address#1]
2021-11-21T23:53:19,430|[TRACE] AbstractEntityPersister - Hydrating entity: [bloodbank.entity.Address#1]
2021-11-21T23:53:19,430|[TRACE] BasicExtractor - extracted value ([created2_0_] : [BIGINT]) - [1637556799348]
2021-11-21T23:53:19,430|[TRACE] BasicExtractor - extracted value ([updated3_0_] : [BIGINT]) - [1637556799348]
2021-11-21T23:53:19,430|[TRACE] BasicExtractor - extracted value ([version4_0_] : [INTEGER]) - [0]
2021-11-21T23:53:19,430|[TRACE] BasicExtractor - extracted value ([city5_0_] : [VARCHAR]) - [Montreal]
2021-11-21T23:53:19,430|[TRACE] BasicExtractor - extracted value ([country6_0_] : [VARCHAR]) - [Canada]
2021-11-21T23:53:19,430|[TRACE] BasicExtractor - extracted value ([province7_0_] : [VARCHAR]) - [Quebec]
2021-11-21T23:53:19,430|[TRACE] BasicExtractor - extracted value ([street8_0_] : [VARCHAR]) - [Rue Chambly]
2021-11-21T23:53:19,430|[TRACE] BasicExtractor - extracted value ([street_n9_0_] : [VARCHAR]) - [123]
2021-11-21T23:53:19,430|[TRACE] BasicExtractor - extracted value ([zipcode10_0_] : [VARCHAR]) - [H2E 2S1]
2021-11-21T23:53:19,430|[TRACE] TwoPhaseLoad - Version: 0
2021-11-21T23:53:19,430|[TRACE] Loader - Done processing result set (1 rows)
2021-11-21T23:53:19,431|[TRACE] Loader - Total objects hydrated: 1
2021-11-21T23:53:19,431|[DEBUG] TwoPhaseLoad - Resolving attributes for [bloodbank.entity.Address#1]
2021-11-21T23:53:19,431|[DEBUG] TwoPhaseLoad - Processing attribute `epochCreated` : value = 1637556799348
2021-11-21T23:53:19,431|[DEBUG] TwoPhaseLoad - Attribute (`epochCreated`)  - enhanced for lazy-loading? - false
2021-11-21T23:53:19,431|[DEBUG] TwoPhaseLoad - Processing attribute `epochUpdated` : value = 1637556799348
2021-11-21T23:53:19,431|[DEBUG] TwoPhaseLoad - Attribute (`epochUpdated`)  - enhanced for lazy-loading? - false
2021-11-21T23:53:19,431|[DEBUG] TwoPhaseLoad - Processing attribute `version` : value = 0
2021-11-21T23:53:19,431|[DEBUG] TwoPhaseLoad - Attribute (`version`)  - enhanced for lazy-loading? - false
2021-11-21T23:53:19,431|[DEBUG] TwoPhaseLoad - Processing attribute `city` : value = Montreal
2021-11-21T23:53:19,431|[DEBUG] TwoPhaseLoad - Attribute (`city`)  - enhanced for lazy-loading? - false
2021-11-21T23:53:19,431|[DEBUG] TwoPhaseLoad - Processing attribute `contacts` : value = NOT NULL COLLECTION
2021-11-21T23:53:19,431|[DEBUG] TwoPhaseLoad - Attribute (`contacts`)  - enhanced for lazy-loading? - false
2021-11-21T23:53:19,431|[TRACE] CollectionType - Created collection wrapper: [bloodbank.entity.Address.contacts#1]
2021-11-21T23:53:19,431|[DEBUG] TwoPhaseLoad - Processing attribute `country` : value = Canada
2021-11-21T23:53:19,431|[DEBUG] TwoPhaseLoad - Attribute (`country`)  - enhanced for lazy-loading? - false
2021-11-21T23:53:19,431|[DEBUG] TwoPhaseLoad - Processing attribute `province` : value = Quebec
2021-11-21T23:53:19,431|[DEBUG] TwoPhaseLoad - Attribute (`province`)  - enhanced for lazy-loading? - false
2021-11-21T23:53:19,431|[DEBUG] TwoPhaseLoad - Processing attribute `street` : value = Rue Chambly
2021-11-21T23:53:19,431|[DEBUG] TwoPhaseLoad - Attribute (`street`)  - enhanced for lazy-loading? - false
2021-11-21T23:53:19,431|[DEBUG] TwoPhaseLoad - Processing attribute `streetNumber` : value = 123
2021-11-21T23:53:19,431|[DEBUG] TwoPhaseLoad - Attribute (`streetNumber`)  - enhanced for lazy-loading? - false
2021-11-21T23:53:19,431|[DEBUG] TwoPhaseLoad - Processing attribute `zipcode` : value = H2E 2S1
2021-11-21T23:53:19,431|[DEBUG] TwoPhaseLoad - Attribute (`zipcode`)  - enhanced for lazy-loading? - false
2021-11-21T23:53:19,431|[DEBUG] TwoPhaseLoad - Done materializing entity [bloodbank.entity.Address#1]
2021-11-21T23:53:19,431|[TRACE] ResourceRegistryStandardImpl - Releasing statement [com.mysql.cj.jdbc.ClientPreparedStatement: /* select generatedAlias0 from Address as generatedAlias0 where generatedAlias0.streetNumber=:streetNumber */ select address0_.address_id as address_1_0_, address0_.created as created2_0_, address0_.updated as updated3_0_, address0_.version as version4_0_, address0_.city as city5_0_, address0_.country as country6_0_, address0_.province as province7_0_, address0_.street as street8_0_, address0_.street_number as street_n9_0_, address0_.zipcode as zipcode10_0_ from address address0_ where address0_.street_number='123']
2021-11-21T23:53:19,431|[TRACE] ResourceRegistryStandardImpl - Closing result set [com.mysql.cj.jdbc.result.ResultSetImpl@7ba1cdbe]
2021-11-21T23:53:19,431|[TRACE] ResourceRegistryStandardImpl - Closing prepared statement [com.mysql.cj.jdbc.ClientPreparedStatement: /* select generatedAlias0 from Address as generatedAlias0 where generatedAlias0.streetNumber=:streetNumber */ select address0_.address_id as address_1_0_, address0_.created as created2_0_, address0_.updated as updated3_0_, address0_.version as version4_0_, address0_.city as city5_0_, address0_.country as country6_0_, address0_.province as province7_0_, address0_.street as street8_0_, address0_.street_number as street_n9_0_, address0_.zipcode as zipcode10_0_ from address address0_ where address0_.street_number='123']
2021-11-21T23:53:19,431|[TRACE] JdbcCoordinatorImpl - Starting after statement execution processing [AFTER_TRANSACTION]
2021-11-21T23:53:19,431|[TRACE] StatefulPersistenceContext - Initializing non-lazy collections
2021-11-21T23:53:19,431|[TRACE] AbstractLogicalConnectionImplementor - LogicalConnection#afterTransaction
2021-11-21T23:53:19,431|[TRACE] ResourceRegistryStandardImpl - Releasing JDBC resources
2021-11-21T23:53:19,431|[DEBUG] LogicalConnectionManagedImpl - Initiating JDBC connection release from afterTransaction
2021-11-21T23:53:19,431|[TRACE] ResourceRegistryStandardImpl - Releasing JDBC resources
2021-11-21T23:53:19,431|[DEBUG] TransactionImpl - begin
2021-11-21T23:53:19,431|[TRACE] AbstractLogicalConnectionImplementor - Preparing to begin transaction via JDBC Connection.setAutoCommit(false)
2021-11-21T23:53:19,432|[TRACE] AbstractLogicalConnectionImplementor - Transaction begun via JDBC Connection.setAutoCommit(false)
2021-11-21T23:53:19,432|[TRACE] JdbcResourceLocalTransactionCoordinatorImpl - ResourceLocalTransactionCoordinatorImpl#afterBeginCallback
2021-11-21T23:53:19,432|[TRACE] AbstractServiceRegistryImpl - Initializing service [role=org.hibernate.event.spi.EntityCopyObserverFactory]
2021-11-21T23:53:19,432|[DEBUG] EntityCopyObserverFactoryInitiator - Configured EntityCopyObserver strategy: disallow
2021-11-21T23:53:19,434|[TRACE] EntityState - Persistent instance of: bloodbank.entity.Address
2021-11-21T23:53:19,434|[TRACE] DefaultMergeEventListener - Ignoring persistent instance
2021-11-21T23:53:19,434|[DEBUG] TransactionImpl - committing
2021-11-21T23:53:19,434|[TRACE] JdbcResourceLocalTransactionCoordinatorImpl - ResourceLocalTransactionCoordinatorImpl#beforeCompletionCallback
2021-11-21T23:53:19,434|[TRACE] SessionImpl - SessionImpl#beforeTransactionCompletion()
2021-11-21T23:53:19,434|[TRACE] SessionImpl - Automatically flushing session
2021-11-21T23:53:19,434|[TRACE] AbstractFlushingEventListener - Flushing session
2021-11-21T23:53:19,434|[DEBUG] AbstractFlushingEventListener - Processing flush-time cascades
2021-11-21T23:53:19,434|[TRACE] Cascade - Processing cascade ACTION_PERSIST_ON_FLUSH for: bloodbank.entity.Address
2021-11-21T23:53:19,434|[TRACE] Cascade - Done processing cascade ACTION_PERSIST_ON_FLUSH for: bloodbank.entity.Address
2021-11-21T23:53:19,434|[DEBUG] AbstractFlushingEventListener - Dirty checking collections
2021-11-21T23:53:19,434|[TRACE] AbstractFlushingEventListener - Flushing entities and processing referenced collections
2021-11-21T23:53:19,435|[TRACE] AbstractEntityPersister - bloodbank.entity.Address.city is dirty
2021-11-21T23:53:19,435|[TRACE] AbstractEntityPersister - bloodbank.entity.Address.street is dirty
2021-11-21T23:53:19,435|[TRACE] DefaultFlushEntityEventListener - Found dirty properties [[bloodbank.entity.Address#1]] : [city, street]
2021-11-21T23:53:19,435|[TRACE] DefaultFlushEntityEventListener - Updating entity: [bloodbank.entity.Address#1]
2021-11-21T23:53:19,435|[TRACE] AbstractEntityPersister - bloodbank.entity.Address.epochCreated is dirty
2021-11-21T23:53:19,435|[TRACE] AbstractEntityPersister - bloodbank.entity.Address.city is dirty
2021-11-21T23:53:19,435|[TRACE] AbstractEntityPersister - bloodbank.entity.Address.street is dirty
2021-11-21T23:53:19,435|[TRACE] DefaultFlushEntityEventListener - Found dirty properties [[bloodbank.entity.Address#1]] : [epochCreated, city, street]
2021-11-21T23:53:19,435|[TRACE] Versioning - Incrementing: 0 to 1
2021-11-21T23:53:19,435|[DEBUG] Collections - Collection found: [bloodbank.entity.Address.contacts#1], was: [bloodbank.entity.Address.contacts#1] (uninitialized)
2021-11-21T23:53:19,435|[TRACE] AbstractFlushingEventListener - Processing unreferenced collections
2021-11-21T23:53:19,435|[TRACE] AbstractFlushingEventListener - Scheduling collection removes/(re)creates/updates
2021-11-21T23:53:19,435|[DEBUG] AbstractFlushingEventListener - Flushed: 0 insertions, 1 updates, 0 deletions to 1 objects
2021-11-21T23:53:19,435|[DEBUG] AbstractFlushingEventListener - Flushed: 0 (re)creations, 0 updates, 0 removals to 1 collections
2021-11-21T23:53:19,435|[DEBUG] EntityPrinter - Listing entities:
2021-11-21T23:53:19,435|[DEBUG] EntityPrinter - bloodbank.entity.Address{zipcode=H2E 2S1, country=Canada, province=Quebec, city=Toronto, streetNumber=123, street=Rue Allard, id=1, epochCreated=1637556799435, version=1, contacts=<uninitialized>, epochUpdated=1637556799348}
2021-11-21T23:53:19,435|[TRACE] AbstractFlushingEventListener - Executing flush
2021-11-21T23:53:19,436|[TRACE] AbstractEntityPersister - Updating entity: [bloodbank.entity.Address#1]
2021-11-21T23:53:19,436|[TRACE] AbstractEntityPersister - Existing version: 0 -> New version:1
2021-11-21T23:53:19,436|[DEBUG] SQL - 
    /* update
        bloodbank.entity.Address */ update
            address 
        set
            created=?,
            updated=?,
            version=?,
            city=?,
            country=?,
            province=?,
            street=?,
            street_number=?,
            zipcode=? 
        where
            address_id=? 
            and version=?
2021-11-21T23:53:19,437|[TRACE] ResourceRegistryStandardImpl - Registering statement [com.mysql.cj.jdbc.ClientPreparedStatement: /* update bloodbank.entity.Address */ update address set created=** NOT SPECIFIED **, updated=** NOT SPECIFIED **, version=** NOT SPECIFIED **, city=** NOT SPECIFIED **, country=** NOT SPECIFIED **, province=** NOT SPECIFIED **, street=** NOT SPECIFIED **, street_number=** NOT SPECIFIED **, zipcode=** NOT SPECIFIED ** where address_id=** NOT SPECIFIED ** and version=** NOT SPECIFIED **]
2021-11-21T23:53:19,437|[TRACE] AbstractEntityPersister - Dehydrating entity: [bloodbank.entity.Address#1]
2021-11-21T23:53:19,437|[TRACE] BasicBinder - binding parameter [1] as [BIGINT] - [1637556799435]
2021-11-21T23:53:19,437|[TRACE] BasicBinder - binding parameter [2] as [BIGINT] - [1637556799348]
2021-11-21T23:53:19,437|[TRACE] BasicBinder - binding parameter [3] as [INTEGER] - [1]
2021-11-21T23:53:19,437|[TRACE] BasicBinder - binding parameter [4] as [VARCHAR] - [Toronto]
2021-11-21T23:53:19,437|[TRACE] BasicBinder - binding parameter [5] as [VARCHAR] - [Canada]
2021-11-21T23:53:19,437|[TRACE] BasicBinder - binding parameter [6] as [VARCHAR] - [Quebec]
2021-11-21T23:53:19,437|[TRACE] BasicBinder - binding parameter [7] as [VARCHAR] - [Rue Allard]
2021-11-21T23:53:19,437|[TRACE] BasicBinder - binding parameter [8] as [VARCHAR] - [123]
2021-11-21T23:53:19,437|[TRACE] BasicBinder - binding parameter [9] as [VARCHAR] - [H2E 2S1]
2021-11-21T23:53:19,437|[TRACE] BasicBinder - binding parameter [10] as [INTEGER] - [1]
2021-11-21T23:53:19,437|[TRACE] BasicBinder - binding parameter [11] as [INTEGER] - [0]
2021-11-21T23:53:19,438|[TRACE] ResourceRegistryStandardImpl - Releasing statement [com.mysql.cj.jdbc.ClientPreparedStatement: /* update bloodbank.entity.Address */ update address set created=1637556799435, updated=1637556799348, version=1, city='Toronto', country='Canada', province='Quebec', street='Rue Allard', street_number='123', zipcode='H2E 2S1' where address_id=1 and version=0]
2021-11-21T23:53:19,438|[TRACE] ResourceRegistryStandardImpl - Closing prepared statement [com.mysql.cj.jdbc.ClientPreparedStatement: /* update bloodbank.entity.Address */ update address set created=1637556799435, updated=1637556799348, version=1, city='Toronto', country='Canada', province='Quebec', street='Rue Allard', street_number='123', zipcode='H2E 2S1' where address_id=1 and version=0]
2021-11-21T23:53:19,438|[TRACE] JdbcCoordinatorImpl - Starting after statement execution processing [AFTER_TRANSACTION]
2021-11-21T23:53:19,438|[TRACE] JdbcCoordinatorImpl - Starting after statement execution processing [AFTER_TRANSACTION]
2021-11-21T23:53:19,438|[TRACE] AbstractFlushingEventListener - Post flush
2021-11-21T23:53:19,438|[TRACE] AbstractLogicalConnectionImplementor - LogicalConnection#beforeTransactionCompletion
2021-11-21T23:53:19,438|[TRACE] SynchronizationRegistryStandardImpl - SynchronizationRegistryStandardImpl.notifySynchronizationsBeforeTransactionCompletion
2021-11-21T23:53:19,438|[TRACE] AbstractLogicalConnectionImplementor - Preparing to commit transaction via JDBC Connection.commit()
2021-11-21T23:53:19,440|[TRACE] AbstractLogicalConnectionImplementor - Transaction committed via JDBC Connection.commit()
2021-11-21T23:53:19,440|[TRACE] AbstractLogicalConnectionImplementor - LogicalConnection#afterTransaction
2021-11-21T23:53:19,440|[TRACE] ResourceRegistryStandardImpl - Releasing JDBC resources
2021-11-21T23:53:19,440|[DEBUG] LogicalConnectionManagedImpl - Initiating JDBC connection release from afterTransaction
2021-11-21T23:53:19,441|[TRACE] ResourceRegistryStandardImpl - Releasing JDBC resources
2021-11-21T23:53:19,441|[TRACE] JdbcResourceLocalTransactionCoordinatorImpl - ResourceLocalTransactionCoordinatorImpl#afterCompletionCallback(true)
2021-11-21T23:53:19,441|[TRACE] SynchronizationRegistryStandardImpl - SynchronizationRegistryStandardImpl.notifySynchronizationsAfterTransactionCompletion(3)
2021-11-21T23:53:19,441|[TRACE] AbstractLogicalConnectionImplementor - LogicalConnection#afterTransaction
2021-11-21T23:53:19,441|[TRACE] ResourceRegistryStandardImpl - Releasing JDBC resources
2021-11-21T23:53:19,441|[DEBUG] LogicalConnectionManagedImpl - Initiating JDBC connection release from afterTransaction
2021-11-21T23:53:19,441|[TRACE] SessionImpl - SessionImpl#afterTransactionCompletion(successful=true, delayed=false)
2021-11-21T23:53:19,441|[TRACE] QueryPlanCache - Located HQL query plan in cache (select generatedAlias0 from Address as generatedAlias0 where generatedAlias0.streetNumber=:streetNumber)
2021-11-21T23:53:19,441|[TRACE] HQLQueryPlan - Find: select generatedAlias0 from Address as generatedAlias0 where generatedAlias0.streetNumber=:streetNumber
2021-11-21T23:53:19,441|[TRACE] QueryParameters - Named parameters: {streetNumber=123}
2021-11-21T23:53:19,441|[DEBUG] SQL - 
    /* select
        generatedAlias0 
    from
        Address as generatedAlias0 
    where
        generatedAlias0.streetNumber=:streetNumber */ select
            address0_.address_id as address_1_0_,
            address0_.created as created2_0_,
            address0_.updated as updated3_0_,
            address0_.version as version4_0_,
            address0_.city as city5_0_,
            address0_.country as country6_0_,
            address0_.province as province7_0_,
            address0_.street as street8_0_,
            address0_.street_number as street_n9_0_,
            address0_.zipcode as zipcode10_0_ 
        from
            address address0_ 
        where
            address0_.street_number=?
2021-11-21T23:53:19,441|[TRACE] ResourceRegistryStandardImpl - Registering statement [com.mysql.cj.jdbc.ClientPreparedStatement: /* select generatedAlias0 from Address as generatedAlias0 where generatedAlias0.streetNumber=:streetNumber */ select address0_.address_id as address_1_0_, address0_.created as created2_0_, address0_.updated as updated3_0_, address0_.version as version4_0_, address0_.city as city5_0_, address0_.country as country6_0_, address0_.province as province7_0_, address0_.street as street8_0_, address0_.street_number as street_n9_0_, address0_.zipcode as zipcode10_0_ from address address0_ where address0_.street_number=** NOT SPECIFIED **]
2021-11-21T23:53:19,441|[TRACE] JdbcCoordinatorImpl - Registering last query statement [com.mysql.cj.jdbc.ClientPreparedStatement: /* select generatedAlias0 from Address as generatedAlias0 where generatedAlias0.streetNumber=:streetNumber */ select address0_.address_id as address_1_0_, address0_.created as created2_0_, address0_.updated as updated3_0_, address0_.version as version4_0_, address0_.city as city5_0_, address0_.country as country6_0_, address0_.province as province7_0_, address0_.street as street8_0_, address0_.street_number as street_n9_0_, address0_.zipcode as zipcode10_0_ from address address0_ where address0_.street_number=** NOT SPECIFIED **]
2021-11-21T23:53:19,441|[TRACE] BasicBinder - binding parameter [1] as [VARCHAR] - [123]
2021-11-21T23:53:19,441|[TRACE] Loader - Bound [2] parameters total
2021-11-21T23:53:19,442|[TRACE] ResourceRegistryStandardImpl - Registering result set [com.mysql.cj.jdbc.result.ResultSetImpl@3add5e17]
2021-11-21T23:53:19,442|[TRACE] Loader - Processing result set
2021-11-21T23:53:19,442|[DEBUG] Loader - Result set row: 0
2021-11-21T23:53:19,442|[TRACE] BasicExtractor - extracted value ([address_1_0_] : [INTEGER]) - [1]
2021-11-21T23:53:19,442|[DEBUG] Loader - Result row: EntityKey[bloodbank.entity.Address#1]
2021-11-21T23:53:19,442|[TRACE] Loader - Done processing result set (1 rows)
2021-11-21T23:53:19,442|[TRACE] Loader - Total objects hydrated: 0
2021-11-21T23:53:19,443|[TRACE] ResourceRegistryStandardImpl - Releasing statement [com.mysql.cj.jdbc.ClientPreparedStatement: /* select generatedAlias0 from Address as generatedAlias0 where generatedAlias0.streetNumber=:streetNumber */ select address0_.address_id as address_1_0_, address0_.created as created2_0_, address0_.updated as updated3_0_, address0_.version as version4_0_, address0_.city as city5_0_, address0_.country as country6_0_, address0_.province as province7_0_, address0_.street as street8_0_, address0_.street_number as street_n9_0_, address0_.zipcode as zipcode10_0_ from address address0_ where address0_.street_number='123']
2021-11-21T23:53:19,443|[TRACE] ResourceRegistryStandardImpl - Closing result set [com.mysql.cj.jdbc.result.ResultSetImpl@3add5e17]
2021-11-21T23:53:19,443|[TRACE] ResourceRegistryStandardImpl - Closing prepared statement [com.mysql.cj.jdbc.ClientPreparedStatement: /* select generatedAlias0 from Address as generatedAlias0 where generatedAlias0.streetNumber=:streetNumber */ select address0_.address_id as address_1_0_, address0_.created as created2_0_, address0_.updated as updated3_0_, address0_.version as version4_0_, address0_.city as city5_0_, address0_.country as country6_0_, address0_.province as province7_0_, address0_.street as street8_0_, address0_.street_number as street_n9_0_, address0_.zipcode as zipcode10_0_ from address address0_ where address0_.street_number='123']
2021-11-21T23:53:19,443|[TRACE] JdbcCoordinatorImpl - Starting after statement execution processing [AFTER_TRANSACTION]
2021-11-21T23:53:19,443|[TRACE] StatefulPersistenceContext - Initializing non-lazy collections
2021-11-21T23:53:19,443|[TRACE] AbstractLogicalConnectionImplementor - LogicalConnection#afterTransaction
2021-11-21T23:53:19,443|[TRACE] ResourceRegistryStandardImpl - Releasing JDBC resources
2021-11-21T23:53:19,443|[DEBUG] LogicalConnectionManagedImpl - Initiating JDBC connection release from afterTransaction
2021-11-21T23:53:19,443|[TRACE] ResourceRegistryStandardImpl - Releasing JDBC resources
2021-11-21T23:53:19,443|[TRACE] SessionImpl - Closing session [92e5f5be-0454-4b3b-9d94-3070fcf14f97]
2021-11-21T23:53:19,443|[TRACE] JdbcCoordinatorImpl - Closing JDBC container [org.hibernate.engine.jdbc.internal.JdbcCoordinatorImpl@1c58d7be]
2021-11-21T23:53:19,443|[TRACE] ResourceRegistryStandardImpl - Releasing JDBC resources
2021-11-21T23:53:19,443|[TRACE] LogicalConnectionManagedImpl - Closing logical connection
2021-11-21T23:53:19,443|[TRACE] LogicalConnectionManagedImpl - Logical connection closed
]]></system-out>
  </testcase>
  <testcase name="testDelete" classname="bloodbank.entity.TestCRUDAddressOriginal" time="0.014">
    <system-out><![CDATA[2021-11-21T23:53:19,444|[TRACE] SessionFactoryImpl$SessionBuilderImpl - Opening Hibernate Session.  tenant=null
2021-11-21T23:53:19,445|[TRACE] SessionImpl - Opened Session [b603d106-62a2-4db3-9c97-8e5cd41c0e56] at timestamp: 1637556799444
2021-11-21T23:53:19,445|[DEBUG] TransactionImpl - On TransactionImpl creation, JpaCompliance#isJpaTransactionComplianceEnabled == false
2021-11-21T23:53:19,445|[DEBUG] CriteriaQueryImpl - Rendered criteria query -> select generatedAlias0 from Address as generatedAlias0 where generatedAlias0.streetNumber=:streetNumber
2021-11-21T23:53:19,445|[TRACE] QueryPlanCache - Located HQL query plan in cache (select generatedAlias0 from Address as generatedAlias0 where generatedAlias0.streetNumber=:streetNumber)
2021-11-21T23:53:19,445|[TRACE] QueryPlanCache - Located HQL query plan in cache (select generatedAlias0 from Address as generatedAlias0 where generatedAlias0.streetNumber=:streetNumber)
2021-11-21T23:53:19,445|[TRACE] QueryPlanCache - Located HQL query plan in cache (select generatedAlias0 from Address as generatedAlias0 where generatedAlias0.streetNumber=:streetNumber)
2021-11-21T23:53:19,445|[TRACE] HQLQueryPlan - Find: select generatedAlias0 from Address as generatedAlias0 where generatedAlias0.streetNumber=:streetNumber
2021-11-21T23:53:19,445|[TRACE] QueryParameters - Named parameters: {streetNumber=123}
2021-11-21T23:53:19,445|[DEBUG] SQL - 
    /* select
        generatedAlias0 
    from
        Address as generatedAlias0 
    where
        generatedAlias0.streetNumber=:streetNumber */ select
            address0_.address_id as address_1_0_,
            address0_.created as created2_0_,
            address0_.updated as updated3_0_,
            address0_.version as version4_0_,
            address0_.city as city5_0_,
            address0_.country as country6_0_,
            address0_.province as province7_0_,
            address0_.street as street8_0_,
            address0_.street_number as street_n9_0_,
            address0_.zipcode as zipcode10_0_ 
        from
            address address0_ 
        where
            address0_.street_number=?
2021-11-21T23:53:19,446|[TRACE] ResourceRegistryStandardImpl - Registering statement [com.mysql.cj.jdbc.ClientPreparedStatement: /* select generatedAlias0 from Address as generatedAlias0 where generatedAlias0.streetNumber=:streetNumber */ select address0_.address_id as address_1_0_, address0_.created as created2_0_, address0_.updated as updated3_0_, address0_.version as version4_0_, address0_.city as city5_0_, address0_.country as country6_0_, address0_.province as province7_0_, address0_.street as street8_0_, address0_.street_number as street_n9_0_, address0_.zipcode as zipcode10_0_ from address address0_ where address0_.street_number=** NOT SPECIFIED **]
2021-11-21T23:53:19,446|[TRACE] JdbcCoordinatorImpl - Registering last query statement [com.mysql.cj.jdbc.ClientPreparedStatement: /* select generatedAlias0 from Address as generatedAlias0 where generatedAlias0.streetNumber=:streetNumber */ select address0_.address_id as address_1_0_, address0_.created as created2_0_, address0_.updated as updated3_0_, address0_.version as version4_0_, address0_.city as city5_0_, address0_.country as country6_0_, address0_.province as province7_0_, address0_.street as street8_0_, address0_.street_number as street_n9_0_, address0_.zipcode as zipcode10_0_ from address address0_ where address0_.street_number=** NOT SPECIFIED **]
2021-11-21T23:53:19,446|[TRACE] BasicBinder - binding parameter [1] as [VARCHAR] - [123]
2021-11-21T23:53:19,446|[TRACE] Loader - Bound [2] parameters total
2021-11-21T23:53:19,446|[TRACE] ResourceRegistryStandardImpl - Registering result set [com.mysql.cj.jdbc.result.ResultSetImpl@1f6c4ae]
2021-11-21T23:53:19,446|[TRACE] Loader - Processing result set
2021-11-21T23:53:19,446|[DEBUG] Loader - Result set row: 0
2021-11-21T23:53:19,447|[TRACE] BasicExtractor - extracted value ([address_1_0_] : [INTEGER]) - [1]
2021-11-21T23:53:19,447|[DEBUG] Loader - Result row: EntityKey[bloodbank.entity.Address#1]
2021-11-21T23:53:19,447|[TRACE] Loader - Initializing object from ResultSet: [bloodbank.entity.Address#1]
2021-11-21T23:53:19,447|[TRACE] AbstractEntityPersister - Hydrating entity: [bloodbank.entity.Address#1]
2021-11-21T23:53:19,447|[TRACE] BasicExtractor - extracted value ([created2_0_] : [BIGINT]) - [1637556799435]
2021-11-21T23:53:19,447|[TRACE] BasicExtractor - extracted value ([updated3_0_] : [BIGINT]) - [1637556799348]
2021-11-21T23:53:19,447|[TRACE] BasicExtractor - extracted value ([version4_0_] : [INTEGER]) - [1]
2021-11-21T23:53:19,447|[TRACE] BasicExtractor - extracted value ([city5_0_] : [VARCHAR]) - [Toronto]
2021-11-21T23:53:19,447|[TRACE] BasicExtractor - extracted value ([country6_0_] : [VARCHAR]) - [Canada]
2021-11-21T23:53:19,447|[TRACE] BasicExtractor - extracted value ([province7_0_] : [VARCHAR]) - [Quebec]
2021-11-21T23:53:19,447|[TRACE] BasicExtractor - extracted value ([street8_0_] : [VARCHAR]) - [Rue Allard]
2021-11-21T23:53:19,447|[TRACE] BasicExtractor - extracted value ([street_n9_0_] : [VARCHAR]) - [123]
2021-11-21T23:53:19,447|[TRACE] BasicExtractor - extracted value ([zipcode10_0_] : [VARCHAR]) - [H2E 2S1]
2021-11-21T23:53:19,447|[TRACE] TwoPhaseLoad - Version: 1
2021-11-21T23:53:19,447|[TRACE] Loader - Done processing result set (1 rows)
2021-11-21T23:53:19,447|[TRACE] Loader - Total objects hydrated: 1
2021-11-21T23:53:19,447|[DEBUG] TwoPhaseLoad - Resolving attributes for [bloodbank.entity.Address#1]
2021-11-21T23:53:19,447|[DEBUG] TwoPhaseLoad - Processing attribute `epochCreated` : value = 1637556799435
2021-11-21T23:53:19,447|[DEBUG] TwoPhaseLoad - Attribute (`epochCreated`)  - enhanced for lazy-loading? - false
2021-11-21T23:53:19,447|[DEBUG] TwoPhaseLoad - Processing attribute `epochUpdated` : value = 1637556799348
2021-11-21T23:53:19,447|[DEBUG] TwoPhaseLoad - Attribute (`epochUpdated`)  - enhanced for lazy-loading? - false
2021-11-21T23:53:19,447|[DEBUG] TwoPhaseLoad - Processing attribute `version` : value = 1
2021-11-21T23:53:19,447|[DEBUG] TwoPhaseLoad - Attribute (`version`)  - enhanced for lazy-loading? - false
2021-11-21T23:53:19,447|[DEBUG] TwoPhaseLoad - Processing attribute `city` : value = Toronto
2021-11-21T23:53:19,447|[DEBUG] TwoPhaseLoad - Attribute (`city`)  - enhanced for lazy-loading? - false
2021-11-21T23:53:19,447|[DEBUG] TwoPhaseLoad - Processing attribute `contacts` : value = NOT NULL COLLECTION
2021-11-21T23:53:19,447|[DEBUG] TwoPhaseLoad - Attribute (`contacts`)  - enhanced for lazy-loading? - false
2021-11-21T23:53:19,447|[TRACE] CollectionType - Created collection wrapper: [bloodbank.entity.Address.contacts#1]
2021-11-21T23:53:19,447|[DEBUG] TwoPhaseLoad - Processing attribute `country` : value = Canada
2021-11-21T23:53:19,447|[DEBUG] TwoPhaseLoad - Attribute (`country`)  - enhanced for lazy-loading? - false
2021-11-21T23:53:19,447|[DEBUG] TwoPhaseLoad - Processing attribute `province` : value = Quebec
2021-11-21T23:53:19,447|[DEBUG] TwoPhaseLoad - Attribute (`province`)  - enhanced for lazy-loading? - false
2021-11-21T23:53:19,447|[DEBUG] TwoPhaseLoad - Processing attribute `street` : value = Rue Allard
2021-11-21T23:53:19,447|[DEBUG] TwoPhaseLoad - Attribute (`street`)  - enhanced for lazy-loading? - false
2021-11-21T23:53:19,447|[DEBUG] TwoPhaseLoad - Processing attribute `streetNumber` : value = 123
2021-11-21T23:53:19,447|[DEBUG] TwoPhaseLoad - Attribute (`streetNumber`)  - enhanced for lazy-loading? - false
2021-11-21T23:53:19,447|[DEBUG] TwoPhaseLoad - Processing attribute `zipcode` : value = H2E 2S1
2021-11-21T23:53:19,447|[DEBUG] TwoPhaseLoad - Attribute (`zipcode`)  - enhanced for lazy-loading? - false
2021-11-21T23:53:19,447|[DEBUG] TwoPhaseLoad - Done materializing entity [bloodbank.entity.Address#1]
2021-11-21T23:53:19,447|[TRACE] ResourceRegistryStandardImpl - Releasing statement [com.mysql.cj.jdbc.ClientPreparedStatement: /* select generatedAlias0 from Address as generatedAlias0 where generatedAlias0.streetNumber=:streetNumber */ select address0_.address_id as address_1_0_, address0_.created as created2_0_, address0_.updated as updated3_0_, address0_.version as version4_0_, address0_.city as city5_0_, address0_.country as country6_0_, address0_.province as province7_0_, address0_.street as street8_0_, address0_.street_number as street_n9_0_, address0_.zipcode as zipcode10_0_ from address address0_ where address0_.street_number='123']
2021-11-21T23:53:19,447|[TRACE] ResourceRegistryStandardImpl - Closing result set [com.mysql.cj.jdbc.result.ResultSetImpl@1f6c4ae]
2021-11-21T23:53:19,447|[TRACE] ResourceRegistryStandardImpl - Closing prepared statement [com.mysql.cj.jdbc.ClientPreparedStatement: /* select generatedAlias0 from Address as generatedAlias0 where generatedAlias0.streetNumber=:streetNumber */ select address0_.address_id as address_1_0_, address0_.created as created2_0_, address0_.updated as updated3_0_, address0_.version as version4_0_, address0_.city as city5_0_, address0_.country as country6_0_, address0_.province as province7_0_, address0_.street as street8_0_, address0_.street_number as street_n9_0_, address0_.zipcode as zipcode10_0_ from address address0_ where address0_.street_number='123']
2021-11-21T23:53:19,447|[TRACE] JdbcCoordinatorImpl - Starting after statement execution processing [AFTER_TRANSACTION]
2021-11-21T23:53:19,447|[TRACE] StatefulPersistenceContext - Initializing non-lazy collections
2021-11-21T23:53:19,447|[TRACE] AbstractLogicalConnectionImplementor - LogicalConnection#afterTransaction
2021-11-21T23:53:19,447|[TRACE] ResourceRegistryStandardImpl - Releasing JDBC resources
2021-11-21T23:53:19,447|[DEBUG] LogicalConnectionManagedImpl - Initiating JDBC connection release from afterTransaction
2021-11-21T23:53:19,448|[TRACE] ResourceRegistryStandardImpl - Releasing JDBC resources
2021-11-21T23:53:19,448|[DEBUG] TransactionImpl - begin
2021-11-21T23:53:19,448|[TRACE] AbstractLogicalConnectionImplementor - Preparing to begin transaction via JDBC Connection.setAutoCommit(false)
2021-11-21T23:53:19,448|[TRACE] AbstractLogicalConnectionImplementor - Transaction begun via JDBC Connection.setAutoCommit(false)
2021-11-21T23:53:19,448|[TRACE] JdbcResourceLocalTransactionCoordinatorImpl - ResourceLocalTransactionCoordinatorImpl#afterBeginCallback
2021-11-21T23:53:19,449|[TRACE] DefaultDeleteEventListener - Deleting a persistent instance
2021-11-21T23:53:19,449|[TRACE] DefaultDeleteEventListener - Deleting [bloodbank.entity.Address#1]
2021-11-21T23:53:19,449|[DEBUG] TransactionImpl - committing
2021-11-21T23:53:19,449|[TRACE] JdbcResourceLocalTransactionCoordinatorImpl - ResourceLocalTransactionCoordinatorImpl#beforeCompletionCallback
2021-11-21T23:53:19,449|[TRACE] SessionImpl - SessionImpl#beforeTransactionCompletion()
2021-11-21T23:53:19,449|[TRACE] SessionImpl - Automatically flushing session
2021-11-21T23:53:19,449|[TRACE] AbstractFlushingEventListener - Flushing session
2021-11-21T23:53:19,449|[DEBUG] AbstractFlushingEventListener - Processing flush-time cascades
2021-11-21T23:53:19,449|[DEBUG] AbstractFlushingEventListener - Dirty checking collections
2021-11-21T23:53:19,449|[TRACE] AbstractFlushingEventListener - Flushing entities and processing referenced collections
2021-11-21T23:53:19,449|[TRACE] AbstractFlushingEventListener - Processing unreferenced collections
2021-11-21T23:53:19,449|[DEBUG] Collections - Collection dereferenced: [bloodbank.entity.Address.contacts#1]
2021-11-21T23:53:19,449|[TRACE] AbstractFlushingEventListener - Scheduling collection removes/(re)creates/updates
2021-11-21T23:53:19,449|[DEBUG] AbstractFlushingEventListener - Flushed: 0 insertions, 0 updates, 1 deletions to 1 objects
2021-11-21T23:53:19,449|[DEBUG] AbstractFlushingEventListener - Flushed: 0 (re)creations, 0 updates, 1 removals to 1 collections
2021-11-21T23:53:19,449|[DEBUG] EntityPrinter - Listing entities:
2021-11-21T23:53:19,449|[DEBUG] EntityPrinter - bloodbank.entity.Address{zipcode=H2E 2S1, country=Canada, province=Quebec, city=Toronto, streetNumber=123, street=Rue Allard, id=1, epochCreated=1637556799435, version=1, contacts=<uninitialized>, epochUpdated=1637556799348}
2021-11-21T23:53:19,450|[TRACE] AbstractFlushingEventListener - Executing flush
2021-11-21T23:53:19,450|[TRACE] AbstractEntityPersister - Deleting entity: [bloodbank.entity.Address#1]
2021-11-21T23:53:19,450|[TRACE] AbstractEntityPersister - Version: 1
2021-11-21T23:53:19,450|[TRACE] AbstractServiceRegistryImpl - Initializing service [role=org.hibernate.engine.jdbc.batch.spi.BatchBuilder]
2021-11-21T23:53:19,451|[TRACE] JdbcCoordinatorImpl - Starting after statement execution processing [AFTER_TRANSACTION]
2021-11-21T23:53:19,451|[DEBUG] SQL - 
    /* delete bloodbank.entity.Address */ delete 
        from
            address 
        where
            address_id=? 
            and version=?
2021-11-21T23:53:19,451|[TRACE] ResourceRegistryStandardImpl - Registering statement [com.mysql.cj.jdbc.ClientPreparedStatement: /* delete bloodbank.entity.Address */ delete from address where address_id=** NOT SPECIFIED ** and version=** NOT SPECIFIED **]
2021-11-21T23:53:19,451|[TRACE] BasicBinder - binding parameter [1] as [INTEGER] - [1]
2021-11-21T23:53:19,451|[TRACE] BasicBinder - binding parameter [2] as [INTEGER] - [1]
2021-11-21T23:53:19,452|[TRACE] ResourceRegistryStandardImpl - Releasing statement [com.mysql.cj.jdbc.ClientPreparedStatement: /* delete bloodbank.entity.Address */ delete from address where address_id=1 and version=1]
2021-11-21T23:53:19,452|[TRACE] ResourceRegistryStandardImpl - Closing prepared statement [com.mysql.cj.jdbc.ClientPreparedStatement: /* delete bloodbank.entity.Address */ delete from address where address_id=1 and version=1]
2021-11-21T23:53:19,452|[TRACE] JdbcCoordinatorImpl - Starting after statement execution processing [AFTER_TRANSACTION]
2021-11-21T23:53:19,453|[TRACE] JdbcCoordinatorImpl - Starting after statement execution processing [AFTER_TRANSACTION]
2021-11-21T23:53:19,453|[TRACE] JdbcCoordinatorImpl - Starting after statement execution processing [AFTER_TRANSACTION]
2021-11-21T23:53:19,453|[TRACE] AbstractFlushingEventListener - Post flush
2021-11-21T23:53:19,453|[TRACE] AbstractLogicalConnectionImplementor - LogicalConnection#beforeTransactionCompletion
2021-11-21T23:53:19,453|[TRACE] SynchronizationRegistryStandardImpl - SynchronizationRegistryStandardImpl.notifySynchronizationsBeforeTransactionCompletion
2021-11-21T23:53:19,453|[TRACE] AbstractLogicalConnectionImplementor - Preparing to commit transaction via JDBC Connection.commit()
2021-11-21T23:53:19,454|[TRACE] AbstractLogicalConnectionImplementor - Transaction committed via JDBC Connection.commit()
2021-11-21T23:53:19,454|[TRACE] AbstractLogicalConnectionImplementor - LogicalConnection#afterTransaction
2021-11-21T23:53:19,454|[TRACE] ResourceRegistryStandardImpl - Releasing JDBC resources
2021-11-21T23:53:19,454|[TRACE] JdbcCoordinatorImpl - Starting after statement execution processing [AFTER_TRANSACTION]
2021-11-21T23:53:19,454|[DEBUG] LogicalConnectionManagedImpl - Initiating JDBC connection release from afterTransaction
2021-11-21T23:53:19,455|[TRACE] ResourceRegistryStandardImpl - Releasing JDBC resources
2021-11-21T23:53:19,455|[TRACE] JdbcCoordinatorImpl - Starting after statement execution processing [AFTER_TRANSACTION]
2021-11-21T23:53:19,455|[TRACE] JdbcResourceLocalTransactionCoordinatorImpl - ResourceLocalTransactionCoordinatorImpl#afterCompletionCallback(true)
2021-11-21T23:53:19,455|[TRACE] SynchronizationRegistryStandardImpl - SynchronizationRegistryStandardImpl.notifySynchronizationsAfterTransactionCompletion(3)
2021-11-21T23:53:19,455|[TRACE] AbstractLogicalConnectionImplementor - LogicalConnection#afterTransaction
2021-11-21T23:53:19,455|[TRACE] ResourceRegistryStandardImpl - Releasing JDBC resources
2021-11-21T23:53:19,455|[TRACE] JdbcCoordinatorImpl - Starting after statement execution processing [AFTER_TRANSACTION]
2021-11-21T23:53:19,455|[DEBUG] LogicalConnectionManagedImpl - Initiating JDBC connection release from afterTransaction
2021-11-21T23:53:19,455|[TRACE] SessionImpl - SessionImpl#afterTransactionCompletion(successful=true, delayed=false)
2021-11-21T23:53:19,455|[DEBUG] CriteriaQueryImpl - Rendered criteria query -> select count(generatedAlias0) from Address as generatedAlias0
2021-11-21T23:53:19,455|[TRACE] QueryPlanCache - Located HQL query plan in cache (select count(generatedAlias0) from Address as generatedAlias0)
2021-11-21T23:53:19,455|[TRACE] QueryPlanCache - Located HQL query plan in cache (select count(generatedAlias0) from Address as generatedAlias0)
2021-11-21T23:53:19,455|[TRACE] QueryPlanCache - Located HQL query plan in cache (select count(generatedAlias0) from Address as generatedAlias0)
2021-11-21T23:53:19,455|[TRACE] HQLQueryPlan - Find: select count(generatedAlias0) from Address as generatedAlias0
2021-11-21T23:53:19,455|[TRACE] QueryParameters - Named parameters: {}
2021-11-21T23:53:19,455|[DEBUG] SQL - 
    /* select
        count(generatedAlias0) 
    from
        Address as generatedAlias0 */ select
            count(address0_.address_id) as col_0_0_ 
        from
            address address0_
2021-11-21T23:53:19,456|[TRACE] ResourceRegistryStandardImpl - Registering statement [com.mysql.cj.jdbc.ClientPreparedStatement: /* select count(generatedAlias0) from Address as generatedAlias0 */ select count(address0_.address_id) as col_0_0_ from address address0_]
2021-11-21T23:53:19,456|[TRACE] JdbcCoordinatorImpl - Registering last query statement [com.mysql.cj.jdbc.ClientPreparedStatement: /* select count(generatedAlias0) from Address as generatedAlias0 */ select count(address0_.address_id) as col_0_0_ from address address0_]
2021-11-21T23:53:19,456|[TRACE] Loader - Bound [1] parameters total
2021-11-21T23:53:19,456|[TRACE] ResourceRegistryStandardImpl - Registering result set [com.mysql.cj.jdbc.result.ResultSetImpl@2f6f4ac4]
2021-11-21T23:53:19,457|[TRACE] Loader - Processing result set
2021-11-21T23:53:19,457|[DEBUG] Loader - Result set row: 0
2021-11-21T23:53:19,457|[DEBUG] Loader - Result row: 
2021-11-21T23:53:19,457|[TRACE] BasicExtractor - extracted value ([col_0_0_] : [BIGINT]) - [0]
2021-11-21T23:53:19,457|[TRACE] Loader - Done processing result set (1 rows)
2021-11-21T23:53:19,457|[TRACE] ResourceRegistryStandardImpl - Releasing statement [com.mysql.cj.jdbc.ClientPreparedStatement: /* select count(generatedAlias0) from Address as generatedAlias0 */ select count(address0_.address_id) as col_0_0_ from address address0_]
2021-11-21T23:53:19,457|[TRACE] ResourceRegistryStandardImpl - Closing result set [com.mysql.cj.jdbc.result.ResultSetImpl@2f6f4ac4]
2021-11-21T23:53:19,457|[TRACE] ResourceRegistryStandardImpl - Closing prepared statement [com.mysql.cj.jdbc.ClientPreparedStatement: /* select count(generatedAlias0) from Address as generatedAlias0 */ select count(address0_.address_id) as col_0_0_ from address address0_]
2021-11-21T23:53:19,457|[TRACE] JdbcCoordinatorImpl - Starting after statement execution processing [AFTER_TRANSACTION]
2021-11-21T23:53:19,457|[TRACE] StatefulPersistenceContext - Initializing non-lazy collections
2021-11-21T23:53:19,457|[TRACE] AbstractLogicalConnectionImplementor - LogicalConnection#afterTransaction
2021-11-21T23:53:19,457|[TRACE] ResourceRegistryStandardImpl - Releasing JDBC resources
2021-11-21T23:53:19,457|[TRACE] JdbcCoordinatorImpl - Starting after statement execution processing [AFTER_TRANSACTION]
2021-11-21T23:53:19,457|[DEBUG] LogicalConnectionManagedImpl - Initiating JDBC connection release from afterTransaction
2021-11-21T23:53:19,457|[TRACE] ResourceRegistryStandardImpl - Releasing JDBC resources
2021-11-21T23:53:19,457|[TRACE] JdbcCoordinatorImpl - Starting after statement execution processing [AFTER_TRANSACTION]
2021-11-21T23:53:19,457|[TRACE] SessionImpl - Closing session [b603d106-62a2-4db3-9c97-8e5cd41c0e56]
2021-11-21T23:53:19,457|[TRACE] JdbcCoordinatorImpl - Closing JDBC container [org.hibernate.engine.jdbc.internal.JdbcCoordinatorImpl@727dcc64]
2021-11-21T23:53:19,457|[DEBUG] JdbcCoordinatorImpl - HHH000420: Closing un-released batch
2021-11-21T23:53:19,457|[TRACE] JdbcCoordinatorImpl - Starting after statement execution processing [AFTER_TRANSACTION]
2021-11-21T23:53:19,457|[TRACE] ResourceRegistryStandardImpl - Releasing JDBC resources
2021-11-21T23:53:19,457|[TRACE] JdbcCoordinatorImpl - Starting after statement execution processing [AFTER_TRANSACTION]
2021-11-21T23:53:19,457|[TRACE] LogicalConnectionManagedImpl - Closing logical connection
2021-11-21T23:53:19,457|[TRACE] LogicalConnectionManagedImpl - Logical connection closed
]]></system-out>
  </testcase>
</testsuite>