<?xml version="1.0" encoding="UTF-8"?>
<testsuite xmlns:xsi="http://www.w3.org/2001/XMLSchema-instance" xsi:noNamespaceSchemaLocation="https://maven.apache.org/surefire/maven-surefire-plugin/xsd/surefire-test-report-3.0.xsd" version="3.0" name="bloodbank.entity.TestCRUDPersonOriginal" time="2.485" tests="6" errors="0" skipped="0" failures="0">
  <properties>
    <property name="sun.desktop" value="windows"/>
    <property name="awt.toolkit" value="sun.awt.windows.WToolkit"/>
    <property name="java.specification.version" value="11"/>
    <property name="sun.cpu.isalist" value="amd64"/>
    <property name="sun.jnu.encoding" value="Cp1252"/>
    <property name="java.class.path" value="C:\Users\Herman\Desktop\School\Level 4\Jave Enterprise Application\Assignment_3\BloodBank-JPA-Mapping-JUnit-Skeleton\target\test-classes;C:\Users\Herman\.m2\repository\org\junit\jupiter\junit-jupiter\5.7.0\junit-jupiter-5.7.0.jar;C:\Users\Herman\.m2\repository\org\junit\jupiter\junit-jupiter-api\5.7.0\junit-jupiter-api-5.7.0.jar;C:\Users\Herman\.m2\repository\org\apiguardian\apiguardian-api\1.1.0\apiguardian-api-1.1.0.jar;C:\Users\Herman\.m2\repository\org\opentest4j\opentest4j\1.2.0\opentest4j-1.2.0.jar;C:\Users\Herman\.m2\repository\org\junit\platform\junit-platform-commons\1.7.0\junit-platform-commons-1.7.0.jar;C:\Users\Herman\.m2\repository\org\junit\jupiter\junit-jupiter-params\5.7.0\junit-jupiter-params-5.7.0.jar;C:\Users\Herman\.m2\repository\org\junit\jupiter\junit-jupiter-engine\5.7.0\junit-jupiter-engine-5.7.0.jar;C:\Users\Herman\.m2\repository\org\junit\platform\junit-platform-engine\1.7.0\junit-platform-engine-1.7.0.jar;C:\Users\Herman\.m2\repository\org\hamcrest\hamcrest\2.2\hamcrest-2.2.jar;C:\Users\Herman\.m2\repository\org\hamcrest\hamcrest-library\2.2\hamcrest-library-2.2.jar;C:\Users\Herman\.m2\repository\org\hamcrest\hamcrest-core\2.2\hamcrest-core-2.2.jar;C:\Users\Herman\.m2\repository\org\apache\logging\log4j\log4j-core\2.14.0\log4j-core-2.14.0.jar;C:\Users\Herman\.m2\repository\org\jboss\logging\jboss-logging\3.4.1.Final\jboss-logging-3.4.1.Final.jar;C:\Users\Herman\.m2\repository\org\javassist\javassist\3.27.0-GA\javassist-3.27.0-GA.jar;C:\Users\Herman\.m2\repository\net\bytebuddy\byte-buddy\1.10.17\byte-buddy-1.10.17.jar;C:\Users\Herman\.m2\repository\antlr\antlr\2.7.7\antlr-2.7.7.jar;C:\Users\Herman\.m2\repository\org\jboss\spec\javax\transaction\jboss-transaction-api_1.2_spec\1.1.1.Final\jboss-transaction-api_1.2_spec-1.1.1.Final.jar;C:\Users\Herman\.m2\repository\org\jboss\jandex\2.1.3.Final\jandex-2.1.3.Final.jar;C:\Users\Herman\.m2\repository\com\fasterxml\classmate\1.5.1\classmate-1.5.1.jar;C:\Users\Herman\.m2\repository\javax\activation\javax.activation-api\1.2.0\javax.activation-api-1.2.0.jar;C:\Users\Herman\.m2\repository\org\dom4j\dom4j\2.1.3\dom4j-2.1.3.jar;C:\Users\Herman\.m2\repository\org\hibernate\common\hibernate-commons-annotations\5.1.2.Final\hibernate-commons-annotations-5.1.2.Final.jar;C:\Users\Herman\.m2\repository\javax\xml\bind\jaxb-api\2.3.1\jaxb-api-2.3.1.jar;C:\Users\Herman\.m2\repository\org\glassfish\jaxb\jaxb-runtime\2.3.1\jaxb-runtime-2.3.1.jar;C:\Users\Herman\.m2\repository\org\glassfish\jaxb\txw2\2.3.1\txw2-2.3.1.jar;C:\Users\Herman\.m2\repository\com\sun\istack\istack-commons-runtime\3.0.7\istack-commons-runtime-3.0.7.jar;C:\Users\Herman\.m2\repository\org\jvnet\staxex\stax-ex\1.8\stax-ex-1.8.jar;C:\Users\Herman\.m2\repository\com\sun\xml\fastinfoset\FastInfoset\1.2.15\FastInfoset-1.2.15.jar;C:\Users\Herman\.m2\repository\mysql\mysql-connector-java\8.0.23\mysql-connector-java-8.0.23.jar;C:\Users\Herman\.m2\repository\com\google\protobuf\protobuf-java\3.11.4\protobuf-java-3.11.4.jar;"/>
    <property name="java.vm.vendor" value="AdoptOpenJDK"/>
    <property name="sun.arch.data.model" value="64"/>
    <property name="user.variant" value=""/>
    <property name="java.vendor.url" value="https://adoptopenjdk.net/"/>
    <property name="user.timezone" value="America/New_York"/>
    <property name="java.vm.specification.version" value="11"/>
    <property name="os.name" value="Windows 10"/>
    <property name="sun.java.launcher" value="SUN_STANDARD"/>
    <property name="user.country" value="CA"/>
    <property name="sun.boot.library.path" value="C:\Program Files\AdoptOpenJDK\jdk-11.0.11.9-hotspot\bin"/>
    <property name="sun.java.command" value="org.apache.maven.surefire.booter.ForkedBooter C:\Users\Herman\AppData\Local\Temp\surefire18371099998671694897 2021-11-21T23-53-14_928-jvmRun1 surefire350140961489495685tmp surefire_01548292716285537178tmp"/>
    <property name="jdk.debug" value="release"/>
    <property name="surefire.test.class.path" value="C:\Users\Herman\Desktop\School\Level 4\Jave Enterprise Application\Assignment_3\BloodBank-JPA-Mapping-JUnit-Skeleton\target\test-classes;C:\Users\Herman\.m2\repository\org\junit\jupiter\junit-jupiter\5.7.0\junit-jupiter-5.7.0.jar;C:\Users\Herman\.m2\repository\org\junit\jupiter\junit-jupiter-api\5.7.0\junit-jupiter-api-5.7.0.jar;C:\Users\Herman\.m2\repository\org\apiguardian\apiguardian-api\1.1.0\apiguardian-api-1.1.0.jar;C:\Users\Herman\.m2\repository\org\opentest4j\opentest4j\1.2.0\opentest4j-1.2.0.jar;C:\Users\Herman\.m2\repository\org\junit\platform\junit-platform-commons\1.7.0\junit-platform-commons-1.7.0.jar;C:\Users\Herman\.m2\repository\org\junit\jupiter\junit-jupiter-params\5.7.0\junit-jupiter-params-5.7.0.jar;C:\Users\Herman\.m2\repository\org\junit\jupiter\junit-jupiter-engine\5.7.0\junit-jupiter-engine-5.7.0.jar;C:\Users\Herman\.m2\repository\org\junit\platform\junit-platform-engine\1.7.0\junit-platform-engine-1.7.0.jar;C:\Users\Herman\.m2\repository\org\hamcrest\hamcrest\2.2\hamcrest-2.2.jar;C:\Users\Herman\.m2\repository\org\hamcrest\hamcrest-library\2.2\hamcrest-library-2.2.jar;C:\Users\Herman\.m2\repository\org\hamcrest\hamcrest-core\2.2\hamcrest-core-2.2.jar;C:\Users\Herman\.m2\repository\org\apache\logging\log4j\log4j-core\2.14.0\log4j-core-2.14.0.jar;C:\Users\Herman\.m2\repository\org\jboss\logging\jboss-logging\3.4.1.Final\jboss-logging-3.4.1.Final.jar;C:\Users\Herman\.m2\repository\org\javassist\javassist\3.27.0-GA\javassist-3.27.0-GA.jar;C:\Users\Herman\.m2\repository\net\bytebuddy\byte-buddy\1.10.17\byte-buddy-1.10.17.jar;C:\Users\Herman\.m2\repository\antlr\antlr\2.7.7\antlr-2.7.7.jar;C:\Users\Herman\.m2\repository\org\jboss\spec\javax\transaction\jboss-transaction-api_1.2_spec\1.1.1.Final\jboss-transaction-api_1.2_spec-1.1.1.Final.jar;C:\Users\Herman\.m2\repository\org\jboss\jandex\2.1.3.Final\jandex-2.1.3.Final.jar;C:\Users\Herman\.m2\repository\com\fasterxml\classmate\1.5.1\classmate-1.5.1.jar;C:\Users\Herman\.m2\repository\javax\activation\javax.activation-api\1.2.0\javax.activation-api-1.2.0.jar;C:\Users\Herman\.m2\repository\org\dom4j\dom4j\2.1.3\dom4j-2.1.3.jar;C:\Users\Herman\.m2\repository\org\hibernate\common\hibernate-commons-annotations\5.1.2.Final\hibernate-commons-annotations-5.1.2.Final.jar;C:\Users\Herman\.m2\repository\javax\xml\bind\jaxb-api\2.3.1\jaxb-api-2.3.1.jar;C:\Users\Herman\.m2\repository\org\glassfish\jaxb\jaxb-runtime\2.3.1\jaxb-runtime-2.3.1.jar;C:\Users\Herman\.m2\repository\org\glassfish\jaxb\txw2\2.3.1\txw2-2.3.1.jar;C:\Users\Herman\.m2\repository\com\sun\istack\istack-commons-runtime\3.0.7\istack-commons-runtime-3.0.7.jar;C:\Users\Herman\.m2\repository\org\jvnet\staxex\stax-ex\1.8\stax-ex-1.8.jar;C:\Users\Herman\.m2\repository\com\sun\xml\fastinfoset\FastInfoset\1.2.15\FastInfoset-1.2.15.jar;C:\Users\Herman\.m2\repository\mysql\mysql-connector-java\8.0.23\mysql-connector-java-8.0.23.jar;C:\Users\Herman\.m2\repository\com\google\protobuf\protobuf-java\3.11.4\protobuf-java-3.11.4.jar;"/>
    <property name="sun.cpu.endian" value="little"/>
    <property name="user.home" value="C:\Users\Herman"/>
    <property name="user.language" value="en"/>
    <property name="java.specification.vendor" value="Oracle Corporation"/>
    <property name="jdk.module.path" value="C:\Users\Herman\Desktop\School\Level 4\Jave Enterprise Application\Assignment_3\BloodBank-JPA-Mapping-JUnit-Skeleton\target\classes;C:\Users\Herman\.m2\repository\org\apache\logging\log4j\log4j-api\2.14.0\log4j-api-2.14.0.jar;C:\Users\Herman\.m2\repository\org\hibernate\hibernate-core\5.4.27.Final\hibernate-core-5.4.27.Final.jar;C:\Users\Herman\.m2\repository\jakarta\platform\jakarta.jakartaee-api\8.0.0\jakarta.jakartaee-api-8.0.0.jar"/>
    <property name="java.version.date" value="2021-04-20"/>
    <property name="generateReports" value="false"/>
    <property name="java.home" value="C:\Program Files\AdoptOpenJDK\jdk-11.0.11.9-hotspot"/>
    <property name="file.separator" value="\"/>
    <property name="basedir" value="C:\Users\Herman\Desktop\School\Level 4\Jave Enterprise Application\Assignment_3\BloodBank-JPA-Mapping-JUnit-Skeleton"/>
    <property name="java.vm.compressedOopsMode" value="32-bit"/>
    <property name="line.separator" value="&#10;"/>
    <property name="java.specification.name" value="Java Platform API Specification"/>
    <property name="java.vm.specification.vendor" value="Oracle Corporation"/>
    <property name="java.awt.graphicsenv" value="sun.awt.Win32GraphicsEnvironment"/>
    <property name="surefire.real.class.path" value="C:\Users\Herman\.m2\repository\org\apache\maven\surefire\surefire-booter\3.0.0-M5\surefire-booter-3.0.0-M5.jar;C:\Users\Herman\.m2\repository\org\apache\maven\surefire\surefire-api\3.0.0-M5\surefire-api-3.0.0-M5.jar;C:\Users\Herman\.m2\repository\org\apache\maven\surefire\surefire-logger-api\3.0.0-M5\surefire-logger-api-3.0.0-M5.jar;C:\Users\Herman\.m2\repository\org\apache\maven\surefire\surefire-shared-utils\3.0.0-M4\surefire-shared-utils-3.0.0-M4.jar;C:\Users\Herman\.m2\repository\org\apache\maven\surefire\surefire-extensions-spi\3.0.0-M5\surefire-extensions-spi-3.0.0-M5.jar;C:\Users\Herman\Desktop\School\Level 4\Jave Enterprise Application\Assignment_3\BloodBank-JPA-Mapping-JUnit-Skeleton\target\test-classes;C:\Users\Herman\.m2\repository\org\junit\jupiter\junit-jupiter\5.7.0\junit-jupiter-5.7.0.jar;C:\Users\Herman\.m2\repository\org\junit\jupiter\junit-jupiter-api\5.7.0\junit-jupiter-api-5.7.0.jar;C:\Users\Herman\.m2\repository\org\apiguardian\apiguardian-api\1.1.0\apiguardian-api-1.1.0.jar;C:\Users\Herman\.m2\repository\org\opentest4j\opentest4j\1.2.0\opentest4j-1.2.0.jar;C:\Users\Herman\.m2\repository\org\junit\platform\junit-platform-commons\1.7.0\junit-platform-commons-1.7.0.jar;C:\Users\Herman\.m2\repository\org\junit\jupiter\junit-jupiter-params\5.7.0\junit-jupiter-params-5.7.0.jar;C:\Users\Herman\.m2\repository\org\junit\jupiter\junit-jupiter-engine\5.7.0\junit-jupiter-engine-5.7.0.jar;C:\Users\Herman\.m2\repository\org\junit\platform\junit-platform-engine\1.7.0\junit-platform-engine-1.7.0.jar;C:\Users\Herman\.m2\repository\org\hamcrest\hamcrest\2.2\hamcrest-2.2.jar;C:\Users\Herman\.m2\repository\org\hamcrest\hamcrest-library\2.2\hamcrest-library-2.2.jar;C:\Users\Herman\.m2\repository\org\hamcrest\hamcrest-core\2.2\hamcrest-core-2.2.jar;C:\Users\Herman\.m2\repository\org\apache\logging\log4j\log4j-core\2.14.0\log4j-core-2.14.0.jar;C:\Users\Herman\.m2\repository\org\jboss\logging\jboss-logging\3.4.1.Final\jboss-logging-3.4.1.Final.jar;C:\Users\Herman\.m2\repository\org\javassist\javassist\3.27.0-GA\javassist-3.27.0-GA.jar;C:\Users\Herman\.m2\repository\net\bytebuddy\byte-buddy\1.10.17\byte-buddy-1.10.17.jar;C:\Users\Herman\.m2\repository\antlr\antlr\2.7.7\antlr-2.7.7.jar;C:\Users\Herman\.m2\repository\org\jboss\spec\javax\transaction\jboss-transaction-api_1.2_spec\1.1.1.Final\jboss-transaction-api_1.2_spec-1.1.1.Final.jar;C:\Users\Herman\.m2\repository\org\jboss\jandex\2.1.3.Final\jandex-2.1.3.Final.jar;C:\Users\Herman\.m2\repository\com\fasterxml\classmate\1.5.1\classmate-1.5.1.jar;C:\Users\Herman\.m2\repository\javax\activation\javax.activation-api\1.2.0\javax.activation-api-1.2.0.jar;C:\Users\Herman\.m2\repository\org\dom4j\dom4j\2.1.3\dom4j-2.1.3.jar;C:\Users\Herman\.m2\repository\org\hibernate\common\hibernate-commons-annotations\5.1.2.Final\hibernate-commons-annotations-5.1.2.Final.jar;C:\Users\Herman\.m2\repository\javax\xml\bind\jaxb-api\2.3.1\jaxb-api-2.3.1.jar;C:\Users\Herman\.m2\repository\org\glassfish\jaxb\jaxb-runtime\2.3.1\jaxb-runtime-2.3.1.jar;C:\Users\Herman\.m2\repository\org\glassfish\jaxb\txw2\2.3.1\txw2-2.3.1.jar;C:\Users\Herman\.m2\repository\com\sun\istack\istack-commons-runtime\3.0.7\istack-commons-runtime-3.0.7.jar;C:\Users\Herman\.m2\repository\org\jvnet\staxex\stax-ex\1.8\stax-ex-1.8.jar;C:\Users\Herman\.m2\repository\com\sun\xml\fastinfoset\FastInfoset\1.2.15\FastInfoset-1.2.15.jar;C:\Users\Herman\.m2\repository\mysql\mysql-connector-java\8.0.23\mysql-connector-java-8.0.23.jar;C:\Users\Herman\.m2\repository\com\google\protobuf\protobuf-java\3.11.4\protobuf-java-3.11.4.jar;C:\Users\Herman\.m2\repository\org\apache\maven\surefire\surefire-junit-platform\3.0.0-M5\surefire-junit-platform-3.0.0-M5.jar;C:\Users\Herman\.m2\repository\org\apache\maven\surefire\common-java5\3.0.0-M5\common-java5-3.0.0-M5.jar;C:\Users\Herman\.m2\repository\org\junit\platform\junit-platform-launcher\1.7.0\junit-platform-launcher-1.7.0.jar"/>
    <property name="user.script" value=""/>
    <property name="sun.management.compiler" value="HotSpot 64-Bit Tiered Compilers"/>
    <property name="java.runtime.version" value="11.0.11+9"/>
    <property name="user.name" value="Herman"/>
    <property name="path.separator" value=";"/>
    <property name="os.version" value="10.0"/>
    <property name="java.runtime.name" value="OpenJDK Runtime Environment"/>
    <property name="file.encoding" value="Cp1252"/>
    <property name="java.vm.name" value="OpenJDK 64-Bit Server VM"/>
    <property name="java.vendor.version" value="AdoptOpenJDK-11.0.11+9"/>
    <property name="localRepository" value="C:\Users\Herman\.m2\repository"/>
    <property name="java.vendor.url.bug" value="https://github.com/AdoptOpenJDK/openjdk-support/issues"/>
    <property name="java.io.tmpdir" value="C:\Users\Herman\AppData\Local\Temp\"/>
    <property name="java.version" value="11.0.11"/>
    <property name="user.dir" value="C:\Users\Herman\Desktop\School\Level 4\Jave Enterprise Application\Assignment_3\BloodBank-JPA-Mapping-JUnit-Skeleton"/>
    <property name="os.arch" value="amd64"/>
    <property name="java.vm.specification.name" value="Java Virtual Machine Specification"/>
    <property name="java.awt.printerjob" value="sun.awt.windows.WPrinterJob"/>
    <property name="sun.os.patch.level" value=""/>
    <property name="java.library.path" value="C:\Program Files\AdoptOpenJDK\jdk-11.0.11.9-hotspot\bin;C:\WINDOWS\Sun\Java\bin;C:\WINDOWS\system32;C:\WINDOWS;C:/Program Files/AdoptOpenJDK/jdk-11.0.11.9-hotspot/bin/client;C:/Program Files/AdoptOpenJDK/jdk-11.0.11.9-hotspot/bin;C:\Program Files\AdoptOpenJDK\jdk-11.0.11.9-hotspot\bin;&quot;C:\Program Files\AdoptOpenJDK\jdk-11.0.11.9-hotspot\\bin;&quot;;C:\Program Files\Oculus\Support\oculus-runtime;C:\Windows\system32;C:\Windows;C:\Windows\System32\Wbem;C:\Windows\System32\WindowsPowerShell\v1.0\;C:\Windows\System32\OpenSSH\;C:\Program Files (x86)\NVIDIA Corporation\PhysX\Common;C:\Program Files\NVIDIA Corporation\NVIDIA NvDLISR;C:\WINDOWS\system32;C:\WINDOWS;C:\WINDOWS\System32\Wbem;C:\WINDOWS\System32\WindowsPowerShell\v1.0\;C:\WINDOWS\System32\OpenSSH\;C:\Program Files\Git\cmd;D:\javafx-sdk-11.0.2\bin;C:\Program Files\nodejs\;C:\Users\Herman\AppData\Local\Programs\Python\Python38;C:\Users\Herman\AppData\Local\Programs\Python\Python38\Scripts;C:\Program Files\MySQL\MySQL Shell 8.0\bin\;C:\Users\Herman\AppData\Local\Microsoft\WindowsApps;C:\Users\Herman\AppData\Local\Programs\Microsoft VS Code\bin;;C:\Program Files\JetBrains\PyCharm Community Edition 2021.2.1\bin;;C:\Users\Herman\AppData\Roaming\npm;C:\Users\Herman\Desktop;;."/>
    <property name="java.vm.info" value="mixed mode"/>
    <property name="java.vendor" value="AdoptOpenJDK"/>
    <property name="java.vm.version" value="11.0.11+9"/>
    <property name="sun.io.unicode.encoding" value="UnicodeLittle"/>
    <property name="java.class.version" value="55.0"/>
  </properties>
  <testcase name="testEmpty" classname="bloodbank.entity.TestCRUDPersonOriginal" time="0.005">
    <system-out><![CDATA[2021-11-21T23:53:24,619|[TRACE] HibernatePersistenceProvider - Starting createEntityManagerFactory for persistenceUnitName bloodbank-PU
2021-11-21T23:53:24,619|[TRACE] HibernatePersistenceProvider - Attempting to obtain correct EntityManagerFactoryBuilder for persistenceUnitName : bloodbank-PU
2021-11-21T23:53:24,619|[TRACE] PersistenceXmlParser - Attempting to parse persistence.xml file : file:/C:/Users/Herman/Desktop/School/Level%204/Jave%20Enterprise%20Application/Assignment_3/BloodBank-JPA-Mapping-JUnit-Skeleton/target/classes/META-INF/persistence.xml
2021-11-21T23:53:24,623|[TRACE] ArchiveHelper - JAR URL from URL Entry: file:/C:/Users/Herman/Desktop/School/Level%204/Jave%20Enterprise%20Application/Assignment_3/BloodBank-JPA-Mapping-JUnit-Skeleton/target/classes/META-INF/persistence.xml >> file:/C:/Users/Herman/Desktop/School/Level%204/Jave%20Enterprise%20Application/Assignment_3/BloodBank-JPA-Mapping-JUnit-Skeleton/target/classes
2021-11-21T23:53:24,623|[TRACE] PersistenceXmlParser - Persistence unit name from persistence.xml : bloodbank-PU
2021-11-21T23:53:24,623|[DEBUG] HibernatePersistenceProvider - Located and parsed 1 persistence units; checking each
2021-11-21T23:53:24,623|[DEBUG] HibernatePersistenceProvider - Checking persistence-unit [name=bloodbank-PU, explicit-provider=org.hibernate.jpa.HibernatePersistenceProvider] against incoming persistence unit name [bloodbank-PU]
2021-11-21T23:53:24,623|[DEBUG] ProviderChecker - Persistence-unit [bloodbank-PU] requested PersistenceProvider [org.hibernate.jpa.HibernatePersistenceProvider]
2021-11-21T23:53:24,623|[TRACE] ProviderChecker - Checking requested PersistenceProvider name [org.hibernate.jpa.HibernatePersistenceProvider] against Hibernate provider names
2021-11-21T23:53:24,623|[DEBUG] LogHelper - PersistenceUnitInfo [
	name: bloodbank-PU
	persistence provider classname: org.hibernate.jpa.HibernatePersistenceProvider
	classloader: null
	excludeUnlistedClasses: false
	JTA datasource: null
	Non JTA datasource: null
	Transaction type: RESOURCE_LOCAL
	PU root URL: file:/C:/Users/Herman/Desktop/School/Level%204/Jave%20Enterprise%20Application/Assignment_3/BloodBank-JPA-Mapping-JUnit-Skeleton/target/classes
	Shared Cache Mode: null
	Validation Mode: null
	Jar files URLs []
	Managed classes names []
	Mapping files names []
	Properties [
		javax.persistence.schema-generation.drop-source: script
		hibernate.use_sql_comments: true
		javax.persistence.schema-generation.drop-script-source: META-INF/sql/bloodbank-drop.sql
		hibernate.hbm2ddl.import_files_sql_extractor: org.hibernate.tool.hbm2ddl.MultipleLinesSqlCommandExtractor
		javax.persistence.jdbc.user: cst8277
		javax.persistence.schema-generation.create-source: script
		hibernate.dialect: org.hibernate.dialect.MySQL8Dialect
		javax.persistence.jdbc.url: jdbc:mysql://localhost:3306/bloodbank?createDatabaseIfNotExist=true&zeroDateTimeBehavior=convertToNull
		javax.persistence.schema-generation.create-script-source: META-INF/sql/bloodbank-create.sql
		javax.persistence.jdbc.driver: com.mysql.cj.jdbc.Driver
		hibernate.format_sql: true
		javax.persistence.jdbc.password: 8277
		javax.persistence.schema-generation.database.action: drop-and-create]
2021-11-21T23:53:24,623|[DEBUG] IntegratorServiceImpl - Adding Integrator [org.hibernate.cfg.beanvalidation.BeanValidationIntegrator].
2021-11-21T23:53:24,623|[DEBUG] IntegratorServiceImpl - Adding Integrator [org.hibernate.secure.spi.JaccIntegrator].
2021-11-21T23:53:24,623|[DEBUG] IntegratorServiceImpl - Adding Integrator [org.hibernate.cache.internal.CollectionCacheInvalidator].
2021-11-21T23:53:24,624|[TRACE] StrategySelectorImpl - Registering named strategy selector [org.hibernate.resource.transaction.spi.TransactionCoordinatorBuilder] : [jdbc] -> [org.hibernate.resource.transaction.backend.jdbc.internal.JdbcResourceLocalTransactionCoordinatorBuilderImpl]
2021-11-21T23:53:24,624|[TRACE] StrategySelectorImpl - Registering named strategy selector [org.hibernate.resource.transaction.spi.TransactionCoordinatorBuilder] : [jta] -> [org.hibernate.resource.transaction.backend.jta.internal.JtaTransactionCoordinatorBuilderImpl]
2021-11-21T23:53:24,624|[TRACE] StrategySelectorImpl - Registering named strategy selector [org.hibernate.resource.transaction.spi.TransactionCoordinatorBuilder] : [org.hibernate.transaction.JDBCTransactionFactory] -> [org.hibernate.resource.transaction.backend.jdbc.internal.JdbcResourceLocalTransactionCoordinatorBuilderImpl]
2021-11-21T23:53:24,624|[TRACE] StrategySelectorImpl - Registering named strategy selector [org.hibernate.resource.transaction.spi.TransactionCoordinatorBuilder] : [org.hibernate.transaction.JTATransactionFactory] -> [org.hibernate.resource.transaction.backend.jta.internal.JtaTransactionCoordinatorBuilderImpl]
2021-11-21T23:53:24,624|[TRACE] StrategySelectorImpl - Registering named strategy selector [org.hibernate.resource.transaction.spi.TransactionCoordinatorBuilder] : [org.hibernate.transaction.CMTTransactionFactory] -> [org.hibernate.resource.transaction.backend.jta.internal.JtaTransactionCoordinatorBuilderImpl]
2021-11-21T23:53:24,624|[TRACE] StrategySelectorImpl - Registering named strategy selector [org.hibernate.hql.spi.id.MultiTableBulkIdStrategy] : [persistent] -> [org.hibernate.hql.spi.id.persistent.PersistentTableBulkIdStrategy]
2021-11-21T23:53:24,624|[TRACE] StrategySelectorImpl - Registering named strategy selector [org.hibernate.hql.spi.id.MultiTableBulkIdStrategy] : [global_temporary] -> [org.hibernate.hql.spi.id.global.GlobalTemporaryTableBulkIdStrategy]
2021-11-21T23:53:24,624|[TRACE] StrategySelectorImpl - Registering named strategy selector [org.hibernate.hql.spi.id.MultiTableBulkIdStrategy] : [local_temporary] -> [org.hibernate.hql.spi.id.local.LocalTemporaryTableBulkIdStrategy]
2021-11-21T23:53:24,624|[TRACE] StrategySelectorImpl - Registering named strategy selector [org.hibernate.boot.model.naming.ImplicitNamingStrategy] : [default] -> [org.hibernate.boot.model.naming.ImplicitNamingStrategyJpaCompliantImpl]
2021-11-21T23:53:24,624|[TRACE] StrategySelectorImpl - Registering named strategy selector [org.hibernate.boot.model.naming.ImplicitNamingStrategy] : [jpa] -> [org.hibernate.boot.model.naming.ImplicitNamingStrategyJpaCompliantImpl]
2021-11-21T23:53:24,624|[TRACE] StrategySelectorImpl - Registering named strategy selector [org.hibernate.boot.model.naming.ImplicitNamingStrategy] : [legacy-jpa] -> [org.hibernate.boot.model.naming.ImplicitNamingStrategyLegacyJpaImpl]
2021-11-21T23:53:24,624|[TRACE] StrategySelectorImpl - Registering named strategy selector [org.hibernate.boot.model.naming.ImplicitNamingStrategy] : [legacy-hbm] -> [org.hibernate.boot.model.naming.ImplicitNamingStrategyLegacyHbmImpl]
2021-11-21T23:53:24,624|[TRACE] StrategySelectorImpl - Registering named strategy selector [org.hibernate.boot.model.naming.ImplicitNamingStrategy] : [component-path] -> [org.hibernate.boot.model.naming.ImplicitNamingStrategyComponentPathImpl]
2021-11-21T23:53:24,624|[TRACE] StrategySelectorImpl - Registering named strategy selector [org.hibernate.cache.spi.CacheKeysFactory] : [default] -> [org.hibernate.cache.internal.DefaultCacheKeysFactory]
2021-11-21T23:53:24,624|[TRACE] StrategySelectorImpl - Registering named strategy selector [org.hibernate.cache.spi.CacheKeysFactory] : [simple] -> [org.hibernate.cache.internal.SimpleCacheKeysFactory]
2021-11-21T23:53:24,625|[DEBUG] ServiceBinding - Overriding existing service binding [org.hibernate.secure.spi.JaccService]
2021-11-21T23:53:24,625|[TRACE] AbstractServiceRegistryImpl - Initializing service [role=org.hibernate.engine.config.spi.ConfigurationService]
2021-11-21T23:53:24,625|[TRACE] AbstractServiceRegistryImpl - Initializing service [role=org.hibernate.cache.spi.RegionFactory]
2021-11-21T23:53:24,625|[DEBUG] RegionFactoryInitiator - Cannot default RegionFactory based on registered strategies as `[]` RegionFactory strategies were registered
2021-11-21T23:53:24,625|[DEBUG] RegionFactoryInitiator - Cache region factory : org.hibernate.cache.internal.NoCachingRegionFactory
2021-11-21T23:53:24,625|[DEBUG] BasicTypeRegistry - Adding type registration boolean -> org.hibernate.type.BooleanType@2b8bd14b
2021-11-21T23:53:24,625|[DEBUG] BasicTypeRegistry - Adding type registration boolean -> org.hibernate.type.BooleanType@2b8bd14b
2021-11-21T23:53:24,625|[DEBUG] BasicTypeRegistry - Adding type registration java.lang.Boolean -> org.hibernate.type.BooleanType@2b8bd14b
2021-11-21T23:53:24,625|[DEBUG] BasicTypeRegistry - Adding type registration numeric_boolean -> org.hibernate.type.NumericBooleanType@25a73de1
2021-11-21T23:53:24,625|[DEBUG] BasicTypeRegistry - Adding type registration true_false -> org.hibernate.type.TrueFalseType@26ae880a
2021-11-21T23:53:24,625|[DEBUG] BasicTypeRegistry - Adding type registration yes_no -> org.hibernate.type.YesNoType@3be4f71
2021-11-21T23:53:24,625|[DEBUG] BasicTypeRegistry - Adding type registration byte -> org.hibernate.type.ByteType@17814b1c
2021-11-21T23:53:24,625|[DEBUG] BasicTypeRegistry - Adding type registration byte -> org.hibernate.type.ByteType@17814b1c
2021-11-21T23:53:24,625|[DEBUG] BasicTypeRegistry - Adding type registration java.lang.Byte -> org.hibernate.type.ByteType@17814b1c
2021-11-21T23:53:24,625|[DEBUG] BasicTypeRegistry - Adding type registration character -> org.hibernate.type.CharacterType@15cea7b0
2021-11-21T23:53:24,625|[DEBUG] BasicTypeRegistry - Adding type registration char -> org.hibernate.type.CharacterType@15cea7b0
2021-11-21T23:53:24,625|[DEBUG] BasicTypeRegistry - Adding type registration java.lang.Character -> org.hibernate.type.CharacterType@15cea7b0
2021-11-21T23:53:24,625|[DEBUG] BasicTypeRegistry - Adding type registration short -> org.hibernate.type.ShortType@656d10a4
2021-11-21T23:53:24,625|[DEBUG] BasicTypeRegistry - Adding type registration short -> org.hibernate.type.ShortType@656d10a4
2021-11-21T23:53:24,625|[DEBUG] BasicTypeRegistry - Adding type registration java.lang.Short -> org.hibernate.type.ShortType@656d10a4
2021-11-21T23:53:24,625|[DEBUG] BasicTypeRegistry - Adding type registration integer -> org.hibernate.type.IntegerType@108531c2
2021-11-21T23:53:24,625|[DEBUG] BasicTypeRegistry - Adding type registration int -> org.hibernate.type.IntegerType@108531c2
2021-11-21T23:53:24,625|[DEBUG] BasicTypeRegistry - Adding type registration java.lang.Integer -> org.hibernate.type.IntegerType@108531c2
2021-11-21T23:53:24,625|[DEBUG] BasicTypeRegistry - Adding type registration long -> org.hibernate.type.LongType@2788d0fe
2021-11-21T23:53:24,625|[DEBUG] BasicTypeRegistry - Adding type registration long -> org.hibernate.type.LongType@2788d0fe
2021-11-21T23:53:24,625|[DEBUG] BasicTypeRegistry - Adding type registration java.lang.Long -> org.hibernate.type.LongType@2788d0fe
2021-11-21T23:53:24,625|[DEBUG] BasicTypeRegistry - Adding type registration float -> org.hibernate.type.FloatType@5cd61783
2021-11-21T23:53:24,625|[DEBUG] BasicTypeRegistry - Adding type registration float -> org.hibernate.type.FloatType@5cd61783
2021-11-21T23:53:24,625|[DEBUG] BasicTypeRegistry - Adding type registration java.lang.Float -> org.hibernate.type.FloatType@5cd61783
2021-11-21T23:53:24,625|[DEBUG] BasicTypeRegistry - Adding type registration double -> org.hibernate.type.DoubleType@769d513
2021-11-21T23:53:24,625|[DEBUG] BasicTypeRegistry - Adding type registration double -> org.hibernate.type.DoubleType@769d513
2021-11-21T23:53:24,625|[DEBUG] BasicTypeRegistry - Adding type registration java.lang.Double -> org.hibernate.type.DoubleType@769d513
2021-11-21T23:53:24,625|[DEBUG] BasicTypeRegistry - Adding type registration big_decimal -> org.hibernate.type.BigDecimalType@42435b98
2021-11-21T23:53:24,625|[DEBUG] BasicTypeRegistry - Adding type registration java.math.BigDecimal -> org.hibernate.type.BigDecimalType@42435b98
2021-11-21T23:53:24,625|[DEBUG] BasicTypeRegistry - Adding type registration big_integer -> org.hibernate.type.BigIntegerType@cb0f763
2021-11-21T23:53:24,625|[DEBUG] BasicTypeRegistry - Adding type registration java.math.BigInteger -> org.hibernate.type.BigIntegerType@cb0f763
2021-11-21T23:53:24,625|[DEBUG] BasicTypeRegistry - Adding type registration string -> org.hibernate.type.StringType@795fd838
2021-11-21T23:53:24,625|[DEBUG] BasicTypeRegistry - Adding type registration java.lang.String -> org.hibernate.type.StringType@795fd838
2021-11-21T23:53:24,625|[DEBUG] BasicTypeRegistry - Adding type registration nstring -> org.hibernate.type.StringNVarcharType@1704f67f
2021-11-21T23:53:24,625|[DEBUG] BasicTypeRegistry - Adding type registration ncharacter -> org.hibernate.type.CharacterNCharType@257cc1fc
2021-11-21T23:53:24,625|[DEBUG] BasicTypeRegistry - Adding type registration url -> org.hibernate.type.UrlType@61c76850
2021-11-21T23:53:24,625|[DEBUG] BasicTypeRegistry - Adding type registration java.net.URL -> org.hibernate.type.UrlType@61c76850
2021-11-21T23:53:24,625|[DEBUG] BasicTypeRegistry - Adding type registration Duration -> org.hibernate.type.DurationType@2d746ce4
2021-11-21T23:53:24,625|[DEBUG] BasicTypeRegistry - Adding type registration java.time.Duration -> org.hibernate.type.DurationType@2d746ce4
2021-11-21T23:53:24,625|[DEBUG] BasicTypeRegistry - Adding type registration Instant -> org.hibernate.type.InstantType@3ac04654
2021-11-21T23:53:24,625|[DEBUG] BasicTypeRegistry - Adding type registration java.time.Instant -> org.hibernate.type.InstantType@3ac04654
2021-11-21T23:53:24,625|[DEBUG] BasicTypeRegistry - Adding type registration LocalDateTime -> org.hibernate.type.LocalDateTimeType@562457e1
2021-11-21T23:53:24,625|[DEBUG] BasicTypeRegistry - Adding type registration java.time.LocalDateTime -> org.hibernate.type.LocalDateTimeType@562457e1
2021-11-21T23:53:24,625|[DEBUG] BasicTypeRegistry - Adding type registration LocalDate -> org.hibernate.type.LocalDateType@3721177d
2021-11-21T23:53:24,625|[DEBUG] BasicTypeRegistry - Adding type registration java.time.LocalDate -> org.hibernate.type.LocalDateType@3721177d
2021-11-21T23:53:24,625|[DEBUG] BasicTypeRegistry - Adding type registration LocalTime -> org.hibernate.type.LocalTimeType@630d1b2f
2021-11-21T23:53:24,625|[DEBUG] BasicTypeRegistry - Adding type registration java.time.LocalTime -> org.hibernate.type.LocalTimeType@630d1b2f
2021-11-21T23:53:24,625|[DEBUG] BasicTypeRegistry - Adding type registration OffsetDateTime -> org.hibernate.type.OffsetDateTimeType@4c2869a9
2021-11-21T23:53:24,625|[DEBUG] BasicTypeRegistry - Adding type registration java.time.OffsetDateTime -> org.hibernate.type.OffsetDateTimeType@4c2869a9
2021-11-21T23:53:24,625|[DEBUG] BasicTypeRegistry - Adding type registration OffsetTime -> org.hibernate.type.OffsetTimeType@35835fa
2021-11-21T23:53:24,625|[DEBUG] BasicTypeRegistry - Adding type registration java.time.OffsetTime -> org.hibernate.type.OffsetTimeType@35835fa
2021-11-21T23:53:24,625|[DEBUG] BasicTypeRegistry - Adding type registration ZonedDateTime -> org.hibernate.type.ZonedDateTimeType@621f89b8
2021-11-21T23:53:24,625|[DEBUG] BasicTypeRegistry - Adding type registration java.time.ZonedDateTime -> org.hibernate.type.ZonedDateTimeType@621f89b8
2021-11-21T23:53:24,625|[DEBUG] BasicTypeRegistry - Adding type registration date -> org.hibernate.type.DateType@35ff8fc9
2021-11-21T23:53:24,625|[DEBUG] BasicTypeRegistry - Adding type registration java.sql.Date -> org.hibernate.type.DateType@35ff8fc9
2021-11-21T23:53:24,625|[DEBUG] BasicTypeRegistry - Adding type registration time -> org.hibernate.type.TimeType@6e106680
2021-11-21T23:53:24,625|[DEBUG] BasicTypeRegistry - Adding type registration java.sql.Time -> org.hibernate.type.TimeType@6e106680
2021-11-21T23:53:24,625|[DEBUG] BasicTypeRegistry - Adding type registration timestamp -> org.hibernate.type.TimestampType@159a48a6
2021-11-21T23:53:24,625|[DEBUG] BasicTypeRegistry - Adding type registration java.sql.Timestamp -> org.hibernate.type.TimestampType@159a48a6
2021-11-21T23:53:24,625|[DEBUG] BasicTypeRegistry - Adding type registration java.util.Date -> org.hibernate.type.TimestampType@159a48a6
2021-11-21T23:53:24,625|[DEBUG] BasicTypeRegistry - Adding type registration dbtimestamp -> org.hibernate.type.DbTimestampType@7fc645e4
2021-11-21T23:53:24,625|[DEBUG] BasicTypeRegistry - Adding type registration calendar -> org.hibernate.type.CalendarType@3104f7bd
2021-11-21T23:53:24,625|[DEBUG] BasicTypeRegistry - Adding type registration java.util.Calendar -> org.hibernate.type.CalendarType@3104f7bd
2021-11-21T23:53:24,625|[DEBUG] BasicTypeRegistry - Adding type registration java.util.GregorianCalendar -> org.hibernate.type.CalendarType@3104f7bd
2021-11-21T23:53:24,625|[DEBUG] BasicTypeRegistry - Adding type registration calendar_date -> org.hibernate.type.CalendarDateType@258ee7de
2021-11-21T23:53:24,625|[DEBUG] BasicTypeRegistry - Adding type registration calendar_time -> org.hibernate.type.CalendarTimeType@256a1825
2021-11-21T23:53:24,625|[DEBUG] BasicTypeRegistry - Adding type registration locale -> org.hibernate.type.LocaleType@2b556bb2
2021-11-21T23:53:24,625|[DEBUG] BasicTypeRegistry - Adding type registration java.util.Locale -> org.hibernate.type.LocaleType@2b556bb2
2021-11-21T23:53:24,625|[DEBUG] BasicTypeRegistry - Adding type registration currency -> org.hibernate.type.CurrencyType@57d0fc89
2021-11-21T23:53:24,625|[DEBUG] BasicTypeRegistry - Adding type registration java.util.Currency -> org.hibernate.type.CurrencyType@57d0fc89
2021-11-21T23:53:24,625|[DEBUG] BasicTypeRegistry - Adding type registration timezone -> org.hibernate.type.TimeZoneType@29ea78b1
2021-11-21T23:53:24,625|[DEBUG] BasicTypeRegistry - Adding type registration java.util.TimeZone -> org.hibernate.type.TimeZoneType@29ea78b1
2021-11-21T23:53:24,625|[DEBUG] BasicTypeRegistry - Adding type registration class -> org.hibernate.type.ClassType@377008df
2021-11-21T23:53:24,626|[DEBUG] BasicTypeRegistry - Adding type registration java.lang.Class -> org.hibernate.type.ClassType@377008df
2021-11-21T23:53:24,626|[DEBUG] BasicTypeRegistry - Adding type registration uuid-binary -> org.hibernate.type.UUIDBinaryType@5a67e962
2021-11-21T23:53:24,626|[DEBUG] BasicTypeRegistry - Adding type registration java.util.UUID -> org.hibernate.type.UUIDBinaryType@5a67e962
2021-11-21T23:53:24,626|[DEBUG] BasicTypeRegistry - Adding type registration uuid-char -> org.hibernate.type.UUIDCharType@42f9c19a
2021-11-21T23:53:24,626|[DEBUG] BasicTypeRegistry - Adding type registration binary -> org.hibernate.type.BinaryType@2ba33e2c
2021-11-21T23:53:24,626|[DEBUG] BasicTypeRegistry - Adding type registration byte[] -> org.hibernate.type.BinaryType@2ba33e2c
2021-11-21T23:53:24,626|[DEBUG] BasicTypeRegistry - Adding type registration [B -> org.hibernate.type.BinaryType@2ba33e2c
2021-11-21T23:53:24,626|[DEBUG] BasicTypeRegistry - Adding type registration wrapper-binary -> org.hibernate.type.WrapperBinaryType@629ae7e
2021-11-21T23:53:24,626|[DEBUG] BasicTypeRegistry - Adding type registration Byte[] -> org.hibernate.type.WrapperBinaryType@629ae7e
2021-11-21T23:53:24,626|[DEBUG] BasicTypeRegistry - Adding type registration [Ljava.lang.Byte; -> org.hibernate.type.WrapperBinaryType@629ae7e
2021-11-21T23:53:24,626|[DEBUG] BasicTypeRegistry - Adding type registration row_version -> org.hibernate.type.RowVersionType@42fcc7e6
2021-11-21T23:53:24,626|[DEBUG] BasicTypeRegistry - Adding type registration image -> org.hibernate.type.ImageType@5ce4369b
2021-11-21T23:53:24,626|[DEBUG] BasicTypeRegistry - Adding type registration characters -> org.hibernate.type.CharArrayType@73017a80
2021-11-21T23:53:24,626|[DEBUG] BasicTypeRegistry - Adding type registration char[] -> org.hibernate.type.CharArrayType@73017a80
2021-11-21T23:53:24,626|[DEBUG] BasicTypeRegistry - Adding type registration [C -> org.hibernate.type.CharArrayType@73017a80
2021-11-21T23:53:24,626|[DEBUG] BasicTypeRegistry - Adding type registration wrapper-characters -> org.hibernate.type.CharacterArrayType@5c0f79f0
2021-11-21T23:53:24,626|[DEBUG] BasicTypeRegistry - Adding type registration [Ljava.lang.Character; -> org.hibernate.type.CharacterArrayType@5c0f79f0
2021-11-21T23:53:24,626|[DEBUG] BasicTypeRegistry - Adding type registration Character[] -> org.hibernate.type.CharacterArrayType@5c0f79f0
2021-11-21T23:53:24,626|[DEBUG] BasicTypeRegistry - Adding type registration text -> org.hibernate.type.TextType@29a69a35
2021-11-21T23:53:24,626|[DEBUG] BasicTypeRegistry - Adding type registration ntext -> org.hibernate.type.NTextType@108bdbd8
2021-11-21T23:53:24,626|[DEBUG] BasicTypeRegistry - Adding type registration blob -> org.hibernate.type.BlobType@58a120b0
2021-11-21T23:53:24,626|[DEBUG] BasicTypeRegistry - Adding type registration java.sql.Blob -> org.hibernate.type.BlobType@58a120b0
2021-11-21T23:53:24,626|[DEBUG] BasicTypeRegistry - Adding type registration materialized_blob -> org.hibernate.type.MaterializedBlobType@58a4a74d
2021-11-21T23:53:24,626|[DEBUG] BasicTypeRegistry - Adding type registration clob -> org.hibernate.type.ClobType@421a4ee1
2021-11-21T23:53:24,626|[DEBUG] BasicTypeRegistry - Adding type registration java.sql.Clob -> org.hibernate.type.ClobType@421a4ee1
2021-11-21T23:53:24,626|[DEBUG] BasicTypeRegistry - Adding type registration nclob -> org.hibernate.type.NClobType@234a8f27
2021-11-21T23:53:24,626|[DEBUG] BasicTypeRegistry - Adding type registration java.sql.NClob -> org.hibernate.type.NClobType@234a8f27
2021-11-21T23:53:24,626|[DEBUG] BasicTypeRegistry - Adding type registration materialized_clob -> org.hibernate.type.MaterializedClobType@6a0659ac
2021-11-21T23:53:24,626|[DEBUG] BasicTypeRegistry - Adding type registration materialized_nclob -> org.hibernate.type.MaterializedNClobType@2f61f937
2021-11-21T23:53:24,626|[DEBUG] BasicTypeRegistry - Adding type registration serializable -> org.hibernate.type.SerializableType@37b72ea
2021-11-21T23:53:24,626|[DEBUG] BasicTypeRegistry - Adding type registration object -> org.hibernate.type.ObjectType@21a66d45
2021-11-21T23:53:24,626|[DEBUG] BasicTypeRegistry - Adding type registration java.lang.Object -> org.hibernate.type.ObjectType@21a66d45
2021-11-21T23:53:24,626|[DEBUG] BasicTypeRegistry - Adding type registration imm_date -> org.hibernate.type.AdaptedImmutableType@2ed35f24
2021-11-21T23:53:24,626|[DEBUG] BasicTypeRegistry - Adding type registration imm_time -> org.hibernate.type.AdaptedImmutableType@362b384c
2021-11-21T23:53:24,626|[DEBUG] BasicTypeRegistry - Adding type registration imm_timestamp -> org.hibernate.type.AdaptedImmutableType@433b546f
2021-11-21T23:53:24,626|[DEBUG] BasicTypeRegistry - Adding type registration imm_dbtimestamp -> org.hibernate.type.AdaptedImmutableType@9de1b85
2021-11-21T23:53:24,626|[DEBUG] BasicTypeRegistry - Adding type registration imm_calendar -> org.hibernate.type.AdaptedImmutableType@3d405fe5
2021-11-21T23:53:24,626|[DEBUG] BasicTypeRegistry - Adding type registration imm_calendar_date -> org.hibernate.type.AdaptedImmutableType@52c6e959
2021-11-21T23:53:24,626|[DEBUG] BasicTypeRegistry - Adding type registration imm_binary -> org.hibernate.type.AdaptedImmutableType@4b475742
2021-11-21T23:53:24,626|[DEBUG] BasicTypeRegistry - Adding type registration imm_serializable -> org.hibernate.type.AdaptedImmutableType@323c6f9c
2021-11-21T23:53:24,626|[TRACE] AbstractServiceRegistryImpl - Initializing service [role=org.hibernate.boot.cfgxml.spi.CfgXmlAccessService]
2021-11-21T23:53:24,627|[DEBUG] BootstrapContextImpl - Injecting ScanEnvironment [org.hibernate.jpa.boot.internal.StandardJpaScanEnvironmentImpl@dbca149] into BootstrapContext; was [null]
2021-11-21T23:53:24,627|[DEBUG] BootstrapContextImpl - Injecting ScanOptions [org.hibernate.boot.archive.scan.internal.StandardScanOptions@68550d86] into BootstrapContext; was [org.hibernate.boot.archive.scan.internal.StandardScanOptions@19d9ba89]
2021-11-21T23:53:24,640|[DEBUG] BootstrapContextImpl - Injecting JPA temp ClassLoader [null] into BootstrapContext; was [null]
2021-11-21T23:53:24,640|[DEBUG] ClassLoaderAccessImpl - ClassLoaderAccessImpl#injectTempClassLoader(null) [was null]
2021-11-21T23:53:24,640|[TRACE] AbstractServiceRegistryImpl - Initializing service [role=org.hibernate.id.factory.spi.MutableIdentifierGeneratorFactory]
2021-11-21T23:53:24,640|[DEBUG] DefaultIdentifierGeneratorFactory - Registering IdentifierGenerator strategy [uuid2] -> [org.hibernate.id.UUIDGenerator]
2021-11-21T23:53:24,640|[DEBUG] DefaultIdentifierGeneratorFactory - Registering IdentifierGenerator strategy [guid] -> [org.hibernate.id.GUIDGenerator]
2021-11-21T23:53:24,641|[DEBUG] DefaultIdentifierGeneratorFactory - Registering IdentifierGenerator strategy [uuid] -> [org.hibernate.id.UUIDHexGenerator]
2021-11-21T23:53:24,641|[DEBUG] DefaultIdentifierGeneratorFactory - Registering IdentifierGenerator strategy [uuid.hex] -> [org.hibernate.id.UUIDHexGenerator]
2021-11-21T23:53:24,641|[DEBUG] DefaultIdentifierGeneratorFactory - Registering IdentifierGenerator strategy [assigned] -> [org.hibernate.id.Assigned]
2021-11-21T23:53:24,641|[DEBUG] DefaultIdentifierGeneratorFactory - Registering IdentifierGenerator strategy [identity] -> [org.hibernate.id.IdentityGenerator]
2021-11-21T23:53:24,641|[DEBUG] DefaultIdentifierGeneratorFactory - Registering IdentifierGenerator strategy [select] -> [org.hibernate.id.SelectGenerator]
2021-11-21T23:53:24,641|[DEBUG] DefaultIdentifierGeneratorFactory - Registering IdentifierGenerator strategy [sequence] -> [org.hibernate.id.enhanced.SequenceStyleGenerator]
2021-11-21T23:53:24,641|[DEBUG] DefaultIdentifierGeneratorFactory - Registering IdentifierGenerator strategy [seqhilo] -> [org.hibernate.id.SequenceHiLoGenerator]
2021-11-21T23:53:24,641|[DEBUG] DefaultIdentifierGeneratorFactory - Registering IdentifierGenerator strategy [increment] -> [org.hibernate.id.IncrementGenerator]
2021-11-21T23:53:24,641|[DEBUG] DefaultIdentifierGeneratorFactory - Registering IdentifierGenerator strategy [foreign] -> [org.hibernate.id.ForeignGenerator]
2021-11-21T23:53:24,641|[DEBUG] DefaultIdentifierGeneratorFactory - Registering IdentifierGenerator strategy [sequence-identity] -> [org.hibernate.id.SequenceIdentityGenerator]
2021-11-21T23:53:24,641|[DEBUG] DefaultIdentifierGeneratorFactory - Registering IdentifierGenerator strategy [enhanced-sequence] -> [org.hibernate.id.enhanced.SequenceStyleGenerator]
2021-11-21T23:53:24,641|[DEBUG] DefaultIdentifierGeneratorFactory - Registering IdentifierGenerator strategy [enhanced-table] -> [org.hibernate.id.enhanced.TableGenerator]
2021-11-21T23:53:24,641|[TRACE] AbstractServiceRegistryImpl - Initializing service [role=org.hibernate.engine.jdbc.env.spi.JdbcEnvironment]
2021-11-21T23:53:24,641|[TRACE] AbstractServiceRegistryImpl - Initializing service [role=org.hibernate.engine.jdbc.dialect.spi.DialectFactory]
2021-11-21T23:53:24,641|[TRACE] AbstractServiceRegistryImpl - Initializing service [role=org.hibernate.engine.jdbc.dialect.spi.DialectResolver]
2021-11-21T23:53:24,641|[TRACE] AbstractServiceRegistryImpl - Initializing service [role=org.hibernate.engine.jdbc.connections.spi.ConnectionProvider]
2021-11-21T23:53:24,641|[WARN ] pooling - HHH10001002: Using Hibernate built-in connection pool (not for production use!)
2021-11-21T23:53:24,641|[INFO ] pooling - HHH10001005: using driver [com.mysql.cj.jdbc.Driver] at URL [jdbc:mysql://localhost:3306/bloodbank?createDatabaseIfNotExist=true&zeroDateTimeBehavior=convertToNull]
2021-11-21T23:53:24,641|[INFO ] pooling - HHH10001001: Connection properties: {password=8277, user=cst8277}
2021-11-21T23:53:24,641|[INFO ] pooling - HHH10001003: Autocommit mode: false
2021-11-21T23:53:24,641|[DEBUG] DriverManagerConnectionProviderImpl - Initializing Connection pool with 1 Connections
2021-11-21T23:53:24,641|[INFO ] DriverManagerConnectionProviderImpl - HHH000115: Hibernate connection pool size: 20 (min=1)
2021-11-21T23:53:24,657|[DEBUG] JdbcEnvironmentInitiator - Database ->
       name : MySQL
    version : 8.0.26
      major : 8
      minor : 0
2021-11-21T23:53:24,657|[DEBUG] JdbcEnvironmentInitiator - Driver ->
       name : MySQL Connector/J
    version : mysql-connector-java-8.0.23 (Revision: 18bbd5e68195d0da083cbd5bd0d05d76320df7cd)
      major : 8
      minor : 0
2021-11-21T23:53:24,657|[DEBUG] JdbcEnvironmentInitiator - JDBC version : 4.2
2021-11-21T23:53:24,657|[INFO ] Dialect - HHH000400: Using dialect: org.hibernate.dialect.MySQL8Dialect
2021-11-21T23:53:24,657|[DEBUG] IdentifierHelperBuilder - JDBC driver metadata reported database stores quoted identifiers in more than one case
2021-11-21T23:53:24,658|[DEBUG] IdentifierHelperBuilder - IdentifierCaseStrategy for both quoted and unquoted identifiers was set to the same strategy [LOWER]; that will likely lead to problems in schema update and validation if using quoted identifiers
2021-11-21T23:53:24,658|[TRACE] NormalizingIdentifierHelperImpl - Normalizing identifier quoting [bloodbank]
2021-11-21T23:53:24,658|[TRACE] NormalizingIdentifierHelperImpl - Normalizing identifier quoting [null]
2021-11-21T23:53:24,659|[TRACE] AbstractServiceRegistryImpl - Initializing service [role=org.hibernate.engine.jdbc.spi.JdbcServices]
2021-11-21T23:53:24,659|[DEBUG] Namespace - Created database namespace [logicalName=Name{catalog=null, schema=null}, physicalName=Name{catalog=null, schema=null}]
2021-11-21T23:53:24,660|[DEBUG] TypeConfiguration$Scope - Scoping TypeConfiguration [org.hibernate.type.spi.TypeConfiguration@7b2f8152] to MetadataBuildingContext [org.hibernate.boot.internal.MetadataBuildingContextRootImpl@6371c5ec]
2021-11-21T23:53:24,660|[DEBUG] AnnotationBinder - Binding entity from annotated class: bloodbank.entity.Contact
2021-11-21T23:53:24,660|[DEBUG] QueryBinder - Binding named query: Contact.findAll => SELECT c FROM Contact c
2021-11-21T23:53:24,661|[TRACE] NormalizingIdentifierHelperImpl - Normalizing identifier quoting [DTYPE]
2021-11-21T23:53:24,661|[DEBUG] Ejb3Column - Binding column: Ejb3DiscriminatorColumn{logicalColumnName'DTYPE', discriminatorTypeName='string'}
2021-11-21T23:53:24,661|[DEBUG] EntityBinder - Import with entity name Contact
2021-11-21T23:53:24,661|[TRACE] InFlightMetadataCollectorImpl - Import: Contact -> bloodbank.entity.Contact
2021-11-21T23:53:24,661|[TRACE] InFlightMetadataCollectorImpl - Import: bloodbank.entity.Contact -> bloodbank.entity.Contact
2021-11-21T23:53:24,661|[TRACE] NormalizingIdentifierHelperImpl - Normalizing identifier quoting [contact]
2021-11-21T23:53:24,661|[TRACE] NormalizingIdentifierHelperImpl - Normalizing identifier quoting [contact]
2021-11-21T23:53:24,661|[DEBUG] EntityBinder - Bind entity bloodbank.entity.Contact on table contact
2021-11-21T23:53:24,661|[TRACE] AnnotationBinder - Processing annotations of bloodbank.entity.Contact.id
2021-11-21T23:53:24,661|[TRACE] NormalizingIdentifierHelperImpl - Normalizing identifier quoting [id]
2021-11-21T23:53:24,661|[TRACE] NormalizingIdentifierHelperImpl - Normalizing identifier quoting [id]
2021-11-21T23:53:24,661|[DEBUG] Ejb3Column - Binding column: Ejb3Column{table=org.hibernate.mapping.Table(contact), mappingColumn=id, insertable=true, updatable=true, unique=false}
2021-11-21T23:53:24,661|[DEBUG] ClassLoaderAccessImpl - Not known whether passed class name [bloodbank.entity.Contact] is safe
2021-11-21T23:53:24,661|[DEBUG] ClassLoaderAccessImpl - No temp ClassLoader provided; using live ClassLoader for loading potentially unsafe class : bloodbank.entity.Contact
2021-11-21T23:53:24,661|[TRACE] AnnotationBinder - Binding component with path: bloodbank.entity.Contact.id
2021-11-21T23:53:24,661|[TRACE] AnnotationBinder - Processing annotations of bloodbank.entity.ContactPK.personId
2021-11-21T23:53:24,661|[TRACE] NormalizingIdentifierHelperImpl - Normalizing identifier quoting [person_id]
2021-11-21T23:53:24,661|[TRACE] NormalizingIdentifierHelperImpl - Normalizing identifier quoting [person_id]
2021-11-21T23:53:24,661|[DEBUG] Ejb3Column - Binding column: Ejb3Column{table=org.hibernate.mapping.Table(contact), mappingColumn=person_id, insertable=true, updatable=true, unique=false}
2021-11-21T23:53:24,661|[TRACE] NormalizingIdentifierHelperImpl - Normalizing identifier quoting [person_id]
2021-11-21T23:53:24,661|[DEBUG] Ejb3Column - Binding column: Ejb3JoinColumn{logicalColumnName='person_id', referencedColumn='id', mappedBy=''}
2021-11-21T23:53:24,661|[DEBUG] PropertyBinder - MetadataSourceProcessor property personId with lazy=false
2021-11-21T23:53:24,661|[DEBUG] AbstractPropertyHolder - Attempting to locate auto-apply AttributeConverter for property [bloodbank.entity.Contact.id:personId]
2021-11-21T23:53:24,661|[DEBUG] SimpleValueBinder - building SimpleValue for personId
2021-11-21T23:53:24,661|[TRACE] NormalizingIdentifierHelperImpl - Normalizing identifier quoting [person_id]
2021-11-21T23:53:24,661|[TRACE] NormalizingIdentifierHelperImpl - Normalizing identifier quoting [id]
2021-11-21T23:53:24,661|[TRACE] NormalizingIdentifierHelperImpl - Normalizing identifier quoting [person_id]
2021-11-21T23:53:24,661|[TRACE] NormalizingIdentifierHelperImpl - Normalizing identifier quoting [person_id]
2021-11-21T23:53:24,661|[DEBUG] PropertyBinder - Building property personId
2021-11-21T23:53:24,661|[TRACE] PropertyBinder - Cascading personId with null
2021-11-21T23:53:24,661|[DEBUG] BinderHelper - #makeIdGenerator(org.hibernate.mapping.SimpleValue([org.hibernate.mapping.Column(person_id)]), personId, foreign, Hibernate-local--foreign generator, ...)
2021-11-21T23:53:24,662|[TRACE] AnnotationBinder - Processing annotations of bloodbank.entity.ContactPK.phoneId
2021-11-21T23:53:24,662|[TRACE] NormalizingIdentifierHelperImpl - Normalizing identifier quoting [phone_id]
2021-11-21T23:53:24,662|[TRACE] NormalizingIdentifierHelperImpl - Normalizing identifier quoting [phone_id]
2021-11-21T23:53:24,662|[DEBUG] Ejb3Column - Binding column: Ejb3Column{table=org.hibernate.mapping.Table(contact), mappingColumn=phone_id, insertable=true, updatable=true, unique=false}
2021-11-21T23:53:24,662|[TRACE] NormalizingIdentifierHelperImpl - Normalizing identifier quoting [phone_id]
2021-11-21T23:53:24,662|[DEBUG] Ejb3Column - Binding column: Ejb3JoinColumn{logicalColumnName='phone_id', referencedColumn='phone_id', mappedBy=''}
2021-11-21T23:53:24,662|[DEBUG] PropertyBinder - MetadataSourceProcessor property phoneId with lazy=false
2021-11-21T23:53:24,662|[DEBUG] AbstractPropertyHolder - Attempting to locate auto-apply AttributeConverter for property [bloodbank.entity.Contact.id:phoneId]
2021-11-21T23:53:24,662|[DEBUG] SimpleValueBinder - building SimpleValue for phoneId
2021-11-21T23:53:24,662|[TRACE] NormalizingIdentifierHelperImpl - Normalizing identifier quoting [phone_id]
2021-11-21T23:53:24,662|[TRACE] NormalizingIdentifierHelperImpl - Normalizing identifier quoting [phone_id]
2021-11-21T23:53:24,662|[TRACE] NormalizingIdentifierHelperImpl - Normalizing identifier quoting [phone_id]
2021-11-21T23:53:24,662|[TRACE] NormalizingIdentifierHelperImpl - Normalizing identifier quoting [phone_id]
2021-11-21T23:53:24,662|[DEBUG] PropertyBinder - Building property phoneId
2021-11-21T23:53:24,662|[TRACE] PropertyBinder - Cascading phoneId with null
2021-11-21T23:53:24,662|[DEBUG] BinderHelper - #makeIdGenerator(org.hibernate.mapping.SimpleValue([org.hibernate.mapping.Column(phone_id)]), phoneId, foreign, Hibernate-local--foreign generator, ...)
2021-11-21T23:53:24,662|[DEBUG] PropertyBinder - Building property id
2021-11-21T23:53:24,662|[TRACE] PropertyBinder - Cascading id with null
2021-11-21T23:53:24,662|[DEBUG] BinderHelper - #makeIdGenerator(org.hibernate.mapping.Component([org.hibernate.mapping.Property(personId), org.hibernate.mapping.Property(phoneId)]), id, assigned, , ...)
2021-11-21T23:53:24,662|[TRACE] AnnotationBinder - Bind @EmbeddedId on id
2021-11-21T23:53:24,662|[TRACE] AnnotationBinder - Processing annotations of bloodbank.entity.Contact.epochCreated
2021-11-21T23:53:24,662|[TRACE] NormalizingIdentifierHelperImpl - Normalizing identifier quoting [created]
2021-11-21T23:53:24,662|[TRACE] NormalizingIdentifierHelperImpl - Normalizing identifier quoting [created]
2021-11-21T23:53:24,662|[DEBUG] Ejb3Column - Binding column: Ejb3Column{table=org.hibernate.mapping.Table(contact), mappingColumn=created, insertable=true, updatable=true, unique=false}
2021-11-21T23:53:24,662|[DEBUG] PropertyBinder - MetadataSourceProcessor property epochCreated with lazy=false
2021-11-21T23:53:24,662|[DEBUG] AbstractPropertyHolder - Attempting to locate auto-apply AttributeConverter for property [bloodbank.entity.Contact:epochCreated]
2021-11-21T23:53:24,662|[DEBUG] SimpleValueBinder - building SimpleValue for epochCreated
2021-11-21T23:53:24,662|[TRACE] NormalizingIdentifierHelperImpl - Normalizing identifier quoting [created]
2021-11-21T23:53:24,662|[DEBUG] PropertyBinder - Building property epochCreated
2021-11-21T23:53:24,662|[TRACE] PropertyBinder - Cascading epochCreated with null
2021-11-21T23:53:24,662|[TRACE] AnnotationBinder - Processing annotations of bloodbank.entity.Contact.epochUpdated
2021-11-21T23:53:24,662|[TRACE] NormalizingIdentifierHelperImpl - Normalizing identifier quoting [updated]
2021-11-21T23:53:24,662|[TRACE] NormalizingIdentifierHelperImpl - Normalizing identifier quoting [updated]
2021-11-21T23:53:24,662|[DEBUG] Ejb3Column - Binding column: Ejb3Column{table=org.hibernate.mapping.Table(contact), mappingColumn=updated, insertable=true, updatable=true, unique=false}
2021-11-21T23:53:24,662|[DEBUG] PropertyBinder - MetadataSourceProcessor property epochUpdated with lazy=false
2021-11-21T23:53:24,662|[DEBUG] AbstractPropertyHolder - Attempting to locate auto-apply AttributeConverter for property [bloodbank.entity.Contact:epochUpdated]
2021-11-21T23:53:24,662|[DEBUG] SimpleValueBinder - building SimpleValue for epochUpdated
2021-11-21T23:53:24,662|[TRACE] NormalizingIdentifierHelperImpl - Normalizing identifier quoting [updated]
2021-11-21T23:53:24,662|[DEBUG] PropertyBinder - Building property epochUpdated
2021-11-21T23:53:24,662|[TRACE] PropertyBinder - Cascading epochUpdated with null
2021-11-21T23:53:24,662|[TRACE] AnnotationBinder - Processing annotations of bloodbank.entity.Contact.version
2021-11-21T23:53:24,662|[TRACE] NormalizingIdentifierHelperImpl - Normalizing identifier quoting [version]
2021-11-21T23:53:24,662|[TRACE] NormalizingIdentifierHelperImpl - Normalizing identifier quoting [version]
2021-11-21T23:53:24,662|[DEBUG] Ejb3Column - Binding column: Ejb3Column{table=org.hibernate.mapping.Table(contact), mappingColumn=version, insertable=true, updatable=true, unique=false}
2021-11-21T23:53:24,662|[TRACE] AnnotationBinder - version is a version property
2021-11-21T23:53:24,662|[DEBUG] PropertyBinder - MetadataSourceProcessor property version with lazy=false
2021-11-21T23:53:24,662|[DEBUG] AbstractPropertyHolder - Attempting to locate auto-apply AttributeConverter for property [bloodbank.entity.Contact:version]
2021-11-21T23:53:24,662|[DEBUG] SimpleValueBinder - building SimpleValue for version
2021-11-21T23:53:24,662|[TRACE] NormalizingIdentifierHelperImpl - Normalizing identifier quoting [version]
2021-11-21T23:53:24,662|[TRACE] NormalizingIdentifierHelperImpl - Normalizing identifier quoting [version]
2021-11-21T23:53:24,662|[TRACE] NormalizingIdentifierHelperImpl - Normalizing identifier quoting [version]
2021-11-21T23:53:24,662|[DEBUG] PropertyBinder - Building property version
2021-11-21T23:53:24,662|[TRACE] PropertyBinder - Cascading version with null
2021-11-21T23:53:24,662|[TRACE] AnnotationBinder - Version name: version, unsavedValue: undefined
2021-11-21T23:53:24,662|[TRACE] AnnotationBinder - Processing annotations of bloodbank.entity.Contact.address
2021-11-21T23:53:24,663|[TRACE] NormalizingIdentifierHelperImpl - Normalizing identifier quoting [address_id]
2021-11-21T23:53:24,663|[DEBUG] Ejb3Column - Binding column: Ejb3JoinColumn{logicalColumnName='address_id', referencedColumn='address_id', mappedBy=''}
2021-11-21T23:53:24,663|[TRACE] NormalizingIdentifierHelperImpl - Normalizing identifier quoting [address]
2021-11-21T23:53:24,663|[TRACE] NormalizingIdentifierHelperImpl - Normalizing identifier quoting [address]
2021-11-21T23:53:24,663|[DEBUG] Ejb3Column - Binding column: Ejb3Column{table=org.hibernate.mapping.Table(contact), mappingColumn=address, insertable=true, updatable=true, unique=false}
2021-11-21T23:53:24,663|[DEBUG] PropertyBinder - Building property address
2021-11-21T23:53:24,663|[TRACE] PropertyBinder - Cascading address with all
2021-11-21T23:53:24,663|[TRACE] AnnotationBinder - Processing annotations of bloodbank.entity.Contact.contactType
2021-11-21T23:53:24,663|[TRACE] NormalizingIdentifierHelperImpl - Normalizing identifier quoting [contact_type]
2021-11-21T23:53:24,663|[TRACE] NormalizingIdentifierHelperImpl - Normalizing identifier quoting [contact_type]
2021-11-21T23:53:24,663|[DEBUG] Ejb3Column - Binding column: Ejb3Column{table=org.hibernate.mapping.Table(contact), mappingColumn=contact_type, insertable=true, updatable=true, unique=false}
2021-11-21T23:53:24,663|[DEBUG] PropertyBinder - MetadataSourceProcessor property contactType with lazy=false
2021-11-21T23:53:24,663|[DEBUG] AbstractPropertyHolder - Attempting to locate auto-apply AttributeConverter for property [bloodbank.entity.Contact:contactType]
2021-11-21T23:53:24,663|[DEBUG] SimpleValueBinder - building SimpleValue for contactType
2021-11-21T23:53:24,663|[TRACE] NormalizingIdentifierHelperImpl - Normalizing identifier quoting [contact_type]
2021-11-21T23:53:24,663|[DEBUG] PropertyBinder - Building property contactType
2021-11-21T23:53:24,663|[TRACE] PropertyBinder - Cascading contactType with null
2021-11-21T23:53:24,663|[TRACE] AnnotationBinder - Processing annotations of bloodbank.entity.Contact.email
2021-11-21T23:53:24,663|[TRACE] NormalizingIdentifierHelperImpl - Normalizing identifier quoting [email]
2021-11-21T23:53:24,663|[TRACE] NormalizingIdentifierHelperImpl - Normalizing identifier quoting [email]
2021-11-21T23:53:24,663|[DEBUG] Ejb3Column - Binding column: Ejb3Column{table=org.hibernate.mapping.Table(contact), mappingColumn=email, insertable=true, updatable=true, unique=false}
2021-11-21T23:53:24,663|[DEBUG] PropertyBinder - MetadataSourceProcessor property email with lazy=false
2021-11-21T23:53:24,663|[DEBUG] AbstractPropertyHolder - Attempting to locate auto-apply AttributeConverter for property [bloodbank.entity.Contact:email]
2021-11-21T23:53:24,663|[DEBUG] SimpleValueBinder - building SimpleValue for email
2021-11-21T23:53:24,663|[TRACE] NormalizingIdentifierHelperImpl - Normalizing identifier quoting [email]
2021-11-21T23:53:24,663|[DEBUG] PropertyBinder - Building property email
2021-11-21T23:53:24,663|[TRACE] PropertyBinder - Cascading email with null
2021-11-21T23:53:24,663|[TRACE] AnnotationBinder - Processing annotations of bloodbank.entity.Contact.owner
2021-11-21T23:53:24,663|[TRACE] NormalizingIdentifierHelperImpl - Normalizing identifier quoting [person_id]
2021-11-21T23:53:24,663|[DEBUG] Ejb3Column - Binding column: Ejb3JoinColumn{logicalColumnName='person_id', referencedColumn='id', mappedBy=''}
2021-11-21T23:53:24,663|[TRACE] NormalizingIdentifierHelperImpl - Normalizing identifier quoting [owner]
2021-11-21T23:53:24,663|[TRACE] NormalizingIdentifierHelperImpl - Normalizing identifier quoting [owner]
2021-11-21T23:53:24,663|[DEBUG] Ejb3Column - Binding column: Ejb3Column{table=org.hibernate.mapping.Table(contact), mappingColumn=owner, insertable=true, updatable=true, unique=false}
2021-11-21T23:53:24,663|[DEBUG] PropertyBinder - Building property owner
2021-11-21T23:53:24,663|[TRACE] PropertyBinder - Cascading owner with all,persist
2021-11-21T23:53:24,663|[TRACE] AnnotationBinder - Processing annotations of bloodbank.entity.Contact.phone
2021-11-21T23:53:24,663|[TRACE] NormalizingIdentifierHelperImpl - Normalizing identifier quoting [phone_id]
2021-11-21T23:53:24,663|[DEBUG] Ejb3Column - Binding column: Ejb3JoinColumn{logicalColumnName='phone_id', referencedColumn='phone_id', mappedBy=''}
2021-11-21T23:53:24,663|[TRACE] NormalizingIdentifierHelperImpl - Normalizing identifier quoting [phone]
2021-11-21T23:53:24,663|[TRACE] NormalizingIdentifierHelperImpl - Normalizing identifier quoting [phone]
2021-11-21T23:53:24,663|[DEBUG] Ejb3Column - Binding column: Ejb3Column{table=org.hibernate.mapping.Table(contact), mappingColumn=phone, insertable=true, updatable=true, unique=false}
2021-11-21T23:53:24,663|[DEBUG] PropertyBinder - Building property phone
2021-11-21T23:53:24,663|[TRACE] PropertyBinder - Cascading phone with all,persist
2021-11-21T23:53:24,663|[DEBUG] AnnotationBinder - Binding entity from annotated class: bloodbank.entity.Phone
2021-11-21T23:53:24,663|[DEBUG] QueryBinder - Binding named query: Phone.findAll => SELECT p FROM Phone p
2021-11-21T23:53:24,663|[TRACE] NormalizingIdentifierHelperImpl - Normalizing identifier quoting [DTYPE]
2021-11-21T23:53:24,663|[DEBUG] Ejb3Column - Binding column: Ejb3DiscriminatorColumn{logicalColumnName'DTYPE', discriminatorTypeName='string'}
2021-11-21T23:53:24,663|[DEBUG] EntityBinder - Import with entity name Phone
2021-11-21T23:53:24,663|[TRACE] InFlightMetadataCollectorImpl - Import: Phone -> bloodbank.entity.Phone
2021-11-21T23:53:24,663|[TRACE] InFlightMetadataCollectorImpl - Import: bloodbank.entity.Phone -> bloodbank.entity.Phone
2021-11-21T23:53:24,663|[TRACE] NormalizingIdentifierHelperImpl - Normalizing identifier quoting [phone]
2021-11-21T23:53:24,663|[TRACE] NormalizingIdentifierHelperImpl - Normalizing identifier quoting [phone]
2021-11-21T23:53:24,663|[DEBUG] EntityBinder - Bind entity bloodbank.entity.Phone on table phone
2021-11-21T23:53:24,664|[TRACE] AnnotationBinder - Processing annotations of bloodbank.entity.Phone.id
2021-11-21T23:53:24,664|[DEBUG] Ejb3Column - Column(s) overridden for property id
2021-11-21T23:53:24,664|[TRACE] NormalizingIdentifierHelperImpl - Normalizing identifier quoting [phone_id]
2021-11-21T23:53:24,664|[TRACE] NormalizingIdentifierHelperImpl - Normalizing identifier quoting [phone_id]
2021-11-21T23:53:24,664|[DEBUG] Ejb3Column - Binding column: Ejb3Column{table=org.hibernate.mapping.Table(phone), mappingColumn=phone_id, insertable=true, updatable=true, unique=false}
2021-11-21T23:53:24,664|[DEBUG] ClassLoaderAccessImpl - Not known whether passed class name [bloodbank.entity.Phone] is safe
2021-11-21T23:53:24,664|[DEBUG] ClassLoaderAccessImpl - No temp ClassLoader provided; using live ClassLoader for loading potentially unsafe class : bloodbank.entity.Phone
2021-11-21T23:53:24,664|[DEBUG] PropertyBinder - MetadataSourceProcessor property id with lazy=false
2021-11-21T23:53:24,664|[DEBUG] AbstractPropertyHolder - Attempting to locate auto-apply AttributeConverter for property [bloodbank.entity.Phone:id]
2021-11-21T23:53:24,664|[DEBUG] SimpleValueBinder - building SimpleValue for id
2021-11-21T23:53:24,664|[TRACE] NormalizingIdentifierHelperImpl - Normalizing identifier quoting [phone_id]
2021-11-21T23:53:24,664|[DEBUG] PropertyBinder - Building property id
2021-11-21T23:53:24,664|[TRACE] PropertyBinder - Cascading id with null
2021-11-21T23:53:24,664|[DEBUG] BinderHelper - #makeIdGenerator(org.hibernate.mapping.SimpleValue([org.hibernate.mapping.Column(phone_id)]), id, identity, , ...)
2021-11-21T23:53:24,664|[TRACE] AnnotationBinder - Bind @Id on id
2021-11-21T23:53:24,664|[TRACE] AnnotationBinder - Processing annotations of bloodbank.entity.Phone.epochCreated
2021-11-21T23:53:24,664|[TRACE] NormalizingIdentifierHelperImpl - Normalizing identifier quoting [created]
2021-11-21T23:53:24,664|[TRACE] NormalizingIdentifierHelperImpl - Normalizing identifier quoting [created]
2021-11-21T23:53:24,664|[DEBUG] Ejb3Column - Binding column: Ejb3Column{table=org.hibernate.mapping.Table(phone), mappingColumn=created, insertable=true, updatable=true, unique=false}
2021-11-21T23:53:24,664|[DEBUG] PropertyBinder - MetadataSourceProcessor property epochCreated with lazy=false
2021-11-21T23:53:24,664|[DEBUG] AbstractPropertyHolder - Attempting to locate auto-apply AttributeConverter for property [bloodbank.entity.Phone:epochCreated]
2021-11-21T23:53:24,664|[DEBUG] SimpleValueBinder - building SimpleValue for epochCreated
2021-11-21T23:53:24,664|[TRACE] NormalizingIdentifierHelperImpl - Normalizing identifier quoting [created]
2021-11-21T23:53:24,664|[DEBUG] PropertyBinder - Building property epochCreated
2021-11-21T23:53:24,664|[TRACE] PropertyBinder - Cascading epochCreated with null
2021-11-21T23:53:24,664|[TRACE] AnnotationBinder - Processing annotations of bloodbank.entity.Phone.epochUpdated
2021-11-21T23:53:24,664|[TRACE] NormalizingIdentifierHelperImpl - Normalizing identifier quoting [updated]
2021-11-21T23:53:24,664|[TRACE] NormalizingIdentifierHelperImpl - Normalizing identifier quoting [updated]
2021-11-21T23:53:24,664|[DEBUG] Ejb3Column - Binding column: Ejb3Column{table=org.hibernate.mapping.Table(phone), mappingColumn=updated, insertable=true, updatable=true, unique=false}
2021-11-21T23:53:24,664|[DEBUG] PropertyBinder - MetadataSourceProcessor property epochUpdated with lazy=false
2021-11-21T23:53:24,664|[DEBUG] AbstractPropertyHolder - Attempting to locate auto-apply AttributeConverter for property [bloodbank.entity.Phone:epochUpdated]
2021-11-21T23:53:24,664|[DEBUG] SimpleValueBinder - building SimpleValue for epochUpdated
2021-11-21T23:53:24,664|[TRACE] NormalizingIdentifierHelperImpl - Normalizing identifier quoting [updated]
2021-11-21T23:53:24,664|[DEBUG] PropertyBinder - Building property epochUpdated
2021-11-21T23:53:24,664|[TRACE] PropertyBinder - Cascading epochUpdated with null
2021-11-21T23:53:24,664|[TRACE] AnnotationBinder - Processing annotations of bloodbank.entity.Phone.version
2021-11-21T23:53:24,664|[TRACE] NormalizingIdentifierHelperImpl - Normalizing identifier quoting [version]
2021-11-21T23:53:24,664|[TRACE] NormalizingIdentifierHelperImpl - Normalizing identifier quoting [version]
2021-11-21T23:53:24,664|[DEBUG] Ejb3Column - Binding column: Ejb3Column{table=org.hibernate.mapping.Table(phone), mappingColumn=version, insertable=true, updatable=true, unique=false}
2021-11-21T23:53:24,664|[TRACE] AnnotationBinder - version is a version property
2021-11-21T23:53:24,664|[DEBUG] PropertyBinder - MetadataSourceProcessor property version with lazy=false
2021-11-21T23:53:24,664|[DEBUG] AbstractPropertyHolder - Attempting to locate auto-apply AttributeConverter for property [bloodbank.entity.Phone:version]
2021-11-21T23:53:24,664|[DEBUG] SimpleValueBinder - building SimpleValue for version
2021-11-21T23:53:24,664|[TRACE] NormalizingIdentifierHelperImpl - Normalizing identifier quoting [version]
2021-11-21T23:53:24,664|[TRACE] NormalizingIdentifierHelperImpl - Normalizing identifier quoting [version]
2021-11-21T23:53:24,664|[TRACE] NormalizingIdentifierHelperImpl - Normalizing identifier quoting [version]
2021-11-21T23:53:24,664|[DEBUG] PropertyBinder - Building property version
2021-11-21T23:53:24,664|[TRACE] PropertyBinder - Cascading version with null
2021-11-21T23:53:24,664|[TRACE] AnnotationBinder - Version name: version, unsavedValue: undefined
2021-11-21T23:53:24,664|[TRACE] AnnotationBinder - Processing annotations of bloodbank.entity.Phone.areaCode
2021-11-21T23:53:24,664|[TRACE] NormalizingIdentifierHelperImpl - Normalizing identifier quoting [area_code]
2021-11-21T23:53:24,664|[TRACE] NormalizingIdentifierHelperImpl - Normalizing identifier quoting [area_code]
2021-11-21T23:53:24,664|[DEBUG] Ejb3Column - Binding column: Ejb3Column{table=org.hibernate.mapping.Table(phone), mappingColumn=area_code, insertable=true, updatable=true, unique=false}
2021-11-21T23:53:24,664|[DEBUG] PropertyBinder - MetadataSourceProcessor property areaCode with lazy=false
2021-11-21T23:53:24,664|[DEBUG] AbstractPropertyHolder - Attempting to locate auto-apply AttributeConverter for property [bloodbank.entity.Phone:areaCode]
2021-11-21T23:53:24,664|[DEBUG] SimpleValueBinder - building SimpleValue for areaCode
2021-11-21T23:53:24,664|[TRACE] NormalizingIdentifierHelperImpl - Normalizing identifier quoting [area_code]
2021-11-21T23:53:24,664|[DEBUG] PropertyBinder - Building property areaCode
2021-11-21T23:53:24,664|[TRACE] PropertyBinder - Cascading areaCode with null
2021-11-21T23:53:24,664|[TRACE] AnnotationBinder - Processing annotations of bloodbank.entity.Phone.contacts
2021-11-21T23:53:24,664|[TRACE] NormalizingIdentifierHelperImpl - Normalizing identifier quoting [contacts]
2021-11-21T23:53:24,664|[TRACE] NormalizingIdentifierHelperImpl - Normalizing identifier quoting [contacts]
2021-11-21T23:53:24,664|[DEBUG] Ejb3Column - Binding column: Ejb3Column{table=org.hibernate.mapping.Table(phone), mappingColumn=contacts, insertable=false, updatable=false, unique=false}
2021-11-21T23:53:24,664|[DEBUG] Ejb3Column - Binding column: Ejb3JoinColumn{logicalColumnName='null', referencedColumn='null', mappedBy='phone'}
2021-11-21T23:53:24,664|[DEBUG] Ejb3Column - Binding column: Ejb3Column{table=org.hibernate.mapping.Table(phone), mappingColumn=null, insertable=true, updatable=true, unique=false}
2021-11-21T23:53:24,664|[TRACE] NormalizingIdentifierHelperImpl - Normalizing identifier quoting [element]
2021-11-21T23:53:24,664|[TRACE] NormalizingIdentifierHelperImpl - Normalizing identifier quoting [element]
2021-11-21T23:53:24,664|[DEBUG] Ejb3Column - Binding column: Ejb3Column{table=org.hibernate.mapping.Table(phone), mappingColumn=element, insertable=false, updatable=false, unique=false}
2021-11-21T23:53:24,664|[TRACE] NormalizingIdentifierHelperImpl - Normalizing identifier quoting [contacts_KEY]
2021-11-21T23:53:24,664|[DEBUG] Ejb3Column - Binding column: Ejb3Column{table=org.hibernate.mapping.Table(phone), mappingColumn=contacts_KEY, insertable=true, updatable=true, unique=false}
2021-11-21T23:53:24,665|[TRACE] NormalizingIdentifierHelperImpl - Normalizing identifier quoting [contacts_KEY]
2021-11-21T23:53:24,665|[DEBUG] Ejb3Column - Binding column: Ejb3JoinColumn{logicalColumnName='contacts_KEY', referencedColumn='null', mappedBy='null'}
2021-11-21T23:53:24,665|[DEBUG] Ejb3Column - Binding column: Ejb3JoinColumn{logicalColumnName='null', referencedColumn='null', mappedBy='phone'}
2021-11-21T23:53:24,665|[DEBUG] Ejb3Column - Binding column: Ejb3JoinColumn{logicalColumnName='null', referencedColumn='null', mappedBy='phone'}
2021-11-21T23:53:24,665|[DEBUG] CollectionBinder - Collection role: bloodbank.entity.Phone.contacts
2021-11-21T23:53:24,665|[DEBUG] PropertyBinder - Building property contacts
2021-11-21T23:53:24,665|[TRACE] PropertyBinder - Cascading contacts with persist,merge,refresh
2021-11-21T23:53:24,665|[TRACE] AnnotationBinder - Processing annotations of bloodbank.entity.Phone.countryCode
2021-11-21T23:53:24,665|[TRACE] NormalizingIdentifierHelperImpl - Normalizing identifier quoting [country_code]
2021-11-21T23:53:24,665|[TRACE] NormalizingIdentifierHelperImpl - Normalizing identifier quoting [country_code]
2021-11-21T23:53:24,665|[DEBUG] Ejb3Column - Binding column: Ejb3Column{table=org.hibernate.mapping.Table(phone), mappingColumn=country_code, insertable=true, updatable=true, unique=false}
2021-11-21T23:53:24,665|[DEBUG] PropertyBinder - MetadataSourceProcessor property countryCode with lazy=false
2021-11-21T23:53:24,665|[DEBUG] AbstractPropertyHolder - Attempting to locate auto-apply AttributeConverter for property [bloodbank.entity.Phone:countryCode]
2021-11-21T23:53:24,665|[DEBUG] SimpleValueBinder - building SimpleValue for countryCode
2021-11-21T23:53:24,665|[TRACE] NormalizingIdentifierHelperImpl - Normalizing identifier quoting [country_code]
2021-11-21T23:53:24,665|[DEBUG] PropertyBinder - Building property countryCode
2021-11-21T23:53:24,665|[TRACE] PropertyBinder - Cascading countryCode with null
2021-11-21T23:53:24,665|[TRACE] AnnotationBinder - Processing annotations of bloodbank.entity.Phone.number
2021-11-21T23:53:24,665|[TRACE] NormalizingIdentifierHelperImpl - Normalizing identifier quoting [number]
2021-11-21T23:53:24,665|[TRACE] NormalizingIdentifierHelperImpl - Normalizing identifier quoting [number]
2021-11-21T23:53:24,665|[DEBUG] Ejb3Column - Binding column: Ejb3Column{table=org.hibernate.mapping.Table(phone), mappingColumn=number, insertable=true, updatable=true, unique=false}
2021-11-21T23:53:24,665|[DEBUG] PropertyBinder - MetadataSourceProcessor property number with lazy=false
2021-11-21T23:53:24,665|[DEBUG] AbstractPropertyHolder - Attempting to locate auto-apply AttributeConverter for property [bloodbank.entity.Phone:number]
2021-11-21T23:53:24,665|[DEBUG] SimpleValueBinder - building SimpleValue for number
2021-11-21T23:53:24,665|[TRACE] NormalizingIdentifierHelperImpl - Normalizing identifier quoting [number]
2021-11-21T23:53:24,665|[DEBUG] PropertyBinder - Building property number
2021-11-21T23:53:24,665|[TRACE] PropertyBinder - Cascading number with null
2021-11-21T23:53:24,665|[DEBUG] AnnotationBinder - Binding entity from annotated class: bloodbank.entity.BloodDonation
2021-11-21T23:53:24,665|[DEBUG] QueryBinder - Binding named query: BloodDonation.findAll => SELECT b FROM BloodDonation b
2021-11-21T23:53:24,665|[TRACE] NormalizingIdentifierHelperImpl - Normalizing identifier quoting [DTYPE]
2021-11-21T23:53:24,665|[DEBUG] Ejb3Column - Binding column: Ejb3DiscriminatorColumn{logicalColumnName'DTYPE', discriminatorTypeName='string'}
2021-11-21T23:53:24,665|[DEBUG] EntityBinder - Import with entity name BloodDonation
2021-11-21T23:53:24,665|[TRACE] InFlightMetadataCollectorImpl - Import: BloodDonation -> bloodbank.entity.BloodDonation
2021-11-21T23:53:24,665|[TRACE] InFlightMetadataCollectorImpl - Import: bloodbank.entity.BloodDonation -> bloodbank.entity.BloodDonation
2021-11-21T23:53:24,665|[TRACE] NormalizingIdentifierHelperImpl - Normalizing identifier quoting [blood_donation]
2021-11-21T23:53:24,665|[TRACE] NormalizingIdentifierHelperImpl - Normalizing identifier quoting [blood_donation]
2021-11-21T23:53:24,665|[DEBUG] EntityBinder - Bind entity bloodbank.entity.BloodDonation on table blood_donation
2021-11-21T23:53:24,665|[TRACE] AnnotationBinder - Processing annotations of bloodbank.entity.BloodDonation.id
2021-11-21T23:53:24,665|[DEBUG] Ejb3Column - Column(s) overridden for property id
2021-11-21T23:53:24,665|[TRACE] NormalizingIdentifierHelperImpl - Normalizing identifier quoting [donation_id]
2021-11-21T23:53:24,665|[TRACE] NormalizingIdentifierHelperImpl - Normalizing identifier quoting [donation_id]
2021-11-21T23:53:24,665|[DEBUG] Ejb3Column - Binding column: Ejb3Column{table=org.hibernate.mapping.Table(blood_donation), mappingColumn=donation_id, insertable=true, updatable=true, unique=false}
2021-11-21T23:53:24,665|[DEBUG] ClassLoaderAccessImpl - Not known whether passed class name [bloodbank.entity.BloodDonation] is safe
2021-11-21T23:53:24,665|[DEBUG] ClassLoaderAccessImpl - No temp ClassLoader provided; using live ClassLoader for loading potentially unsafe class : bloodbank.entity.BloodDonation
2021-11-21T23:53:24,665|[DEBUG] PropertyBinder - MetadataSourceProcessor property id with lazy=false
2021-11-21T23:53:24,665|[DEBUG] AbstractPropertyHolder - Attempting to locate auto-apply AttributeConverter for property [bloodbank.entity.BloodDonation:id]
2021-11-21T23:53:24,665|[DEBUG] SimpleValueBinder - building SimpleValue for id
2021-11-21T23:53:24,665|[TRACE] NormalizingIdentifierHelperImpl - Normalizing identifier quoting [donation_id]
2021-11-21T23:53:24,665|[DEBUG] PropertyBinder - Building property id
2021-11-21T23:53:24,665|[TRACE] PropertyBinder - Cascading id with null
2021-11-21T23:53:24,665|[DEBUG] BinderHelper - #makeIdGenerator(org.hibernate.mapping.SimpleValue([org.hibernate.mapping.Column(donation_id)]), id, identity, , ...)
2021-11-21T23:53:24,665|[TRACE] AnnotationBinder - Bind @Id on id
2021-11-21T23:53:24,665|[TRACE] AnnotationBinder - Processing annotations of bloodbank.entity.BloodDonation.epochCreated
2021-11-21T23:53:24,665|[TRACE] NormalizingIdentifierHelperImpl - Normalizing identifier quoting [created]
2021-11-21T23:53:24,665|[TRACE] NormalizingIdentifierHelperImpl - Normalizing identifier quoting [created]
2021-11-21T23:53:24,665|[DEBUG] Ejb3Column - Binding column: Ejb3Column{table=org.hibernate.mapping.Table(blood_donation), mappingColumn=created, insertable=true, updatable=true, unique=false}
2021-11-21T23:53:24,665|[DEBUG] PropertyBinder - MetadataSourceProcessor property epochCreated with lazy=false
2021-11-21T23:53:24,665|[DEBUG] AbstractPropertyHolder - Attempting to locate auto-apply AttributeConverter for property [bloodbank.entity.BloodDonation:epochCreated]
2021-11-21T23:53:24,665|[DEBUG] SimpleValueBinder - building SimpleValue for epochCreated
2021-11-21T23:53:24,665|[TRACE] NormalizingIdentifierHelperImpl - Normalizing identifier quoting [created]
2021-11-21T23:53:24,665|[DEBUG] PropertyBinder - Building property epochCreated
2021-11-21T23:53:24,665|[TRACE] PropertyBinder - Cascading epochCreated with null
2021-11-21T23:53:24,665|[TRACE] AnnotationBinder - Processing annotations of bloodbank.entity.BloodDonation.epochUpdated
2021-11-21T23:53:24,665|[TRACE] NormalizingIdentifierHelperImpl - Normalizing identifier quoting [updated]
2021-11-21T23:53:24,665|[TRACE] NormalizingIdentifierHelperImpl - Normalizing identifier quoting [updated]
2021-11-21T23:53:24,665|[DEBUG] Ejb3Column - Binding column: Ejb3Column{table=org.hibernate.mapping.Table(blood_donation), mappingColumn=updated, insertable=true, updatable=true, unique=false}
2021-11-21T23:53:24,665|[DEBUG] PropertyBinder - MetadataSourceProcessor property epochUpdated with lazy=false
2021-11-21T23:53:24,665|[DEBUG] AbstractPropertyHolder - Attempting to locate auto-apply AttributeConverter for property [bloodbank.entity.BloodDonation:epochUpdated]
2021-11-21T23:53:24,665|[DEBUG] SimpleValueBinder - building SimpleValue for epochUpdated
2021-11-21T23:53:24,666|[TRACE] NormalizingIdentifierHelperImpl - Normalizing identifier quoting [updated]
2021-11-21T23:53:24,666|[DEBUG] PropertyBinder - Building property epochUpdated
2021-11-21T23:53:24,666|[TRACE] PropertyBinder - Cascading epochUpdated with null
2021-11-21T23:53:24,666|[TRACE] AnnotationBinder - Processing annotations of bloodbank.entity.BloodDonation.version
2021-11-21T23:53:24,666|[TRACE] NormalizingIdentifierHelperImpl - Normalizing identifier quoting [version]
2021-11-21T23:53:24,666|[TRACE] NormalizingIdentifierHelperImpl - Normalizing identifier quoting [version]
2021-11-21T23:53:24,666|[DEBUG] Ejb3Column - Binding column: Ejb3Column{table=org.hibernate.mapping.Table(blood_donation), mappingColumn=version, insertable=true, updatable=true, unique=false}
2021-11-21T23:53:24,666|[TRACE] AnnotationBinder - version is a version property
2021-11-21T23:53:24,666|[DEBUG] PropertyBinder - MetadataSourceProcessor property version with lazy=false
2021-11-21T23:53:24,666|[DEBUG] AbstractPropertyHolder - Attempting to locate auto-apply AttributeConverter for property [bloodbank.entity.BloodDonation:version]
2021-11-21T23:53:24,666|[DEBUG] SimpleValueBinder - building SimpleValue for version
2021-11-21T23:53:24,666|[TRACE] NormalizingIdentifierHelperImpl - Normalizing identifier quoting [version]
2021-11-21T23:53:24,666|[TRACE] NormalizingIdentifierHelperImpl - Normalizing identifier quoting [version]
2021-11-21T23:53:24,666|[TRACE] NormalizingIdentifierHelperImpl - Normalizing identifier quoting [version]
2021-11-21T23:53:24,666|[DEBUG] PropertyBinder - Building property version
2021-11-21T23:53:24,666|[TRACE] PropertyBinder - Cascading version with null
2021-11-21T23:53:24,666|[TRACE] AnnotationBinder - Version name: version, unsavedValue: undefined
2021-11-21T23:53:24,666|[TRACE] AnnotationBinder - Processing annotations of bloodbank.entity.BloodDonation.bank
2021-11-21T23:53:24,666|[TRACE] NormalizingIdentifierHelperImpl - Normalizing identifier quoting [bank_id]
2021-11-21T23:53:24,666|[DEBUG] Ejb3Column - Binding column: Ejb3JoinColumn{logicalColumnName='bank_id', referencedColumn='bank_id', mappedBy=''}
2021-11-21T23:53:24,666|[TRACE] NormalizingIdentifierHelperImpl - Normalizing identifier quoting [bank]
2021-11-21T23:53:24,666|[TRACE] NormalizingIdentifierHelperImpl - Normalizing identifier quoting [bank]
2021-11-21T23:53:24,666|[DEBUG] Ejb3Column - Binding column: Ejb3Column{table=org.hibernate.mapping.Table(blood_donation), mappingColumn=bank, insertable=true, updatable=true, unique=false}
2021-11-21T23:53:24,666|[DEBUG] PropertyBinder - Building property bank
2021-11-21T23:53:24,666|[TRACE] PropertyBinder - Cascading bank with all
2021-11-21T23:53:24,666|[TRACE] AnnotationBinder - Processing annotations of bloodbank.entity.BloodDonation.bloodType
2021-11-21T23:53:24,666|[TRACE] NormalizingIdentifierHelperImpl - Normalizing identifier quoting [bloodType]
2021-11-21T23:53:24,666|[TRACE] NormalizingIdentifierHelperImpl - Normalizing identifier quoting [bloodType]
2021-11-21T23:53:24,666|[DEBUG] Ejb3Column - Binding column: Ejb3Column{table=org.hibernate.mapping.Table(blood_donation), mappingColumn=bloodType, insertable=true, updatable=true, unique=false}
2021-11-21T23:53:24,666|[TRACE] AnnotationBinder - Binding component with path: bloodbank.entity.BloodDonation.bloodType
2021-11-21T23:53:24,666|[TRACE] AnnotationBinder - Processing annotations of bloodbank.entity.BloodType.bloodGroup
2021-11-21T23:53:24,666|[TRACE] NormalizingIdentifierHelperImpl - Normalizing identifier quoting [blood_group]
2021-11-21T23:53:24,666|[TRACE] NormalizingIdentifierHelperImpl - Normalizing identifier quoting [blood_group]
2021-11-21T23:53:24,666|[DEBUG] Ejb3Column - Binding column: Ejb3Column{table=org.hibernate.mapping.Table(blood_donation), mappingColumn=blood_group, insertable=true, updatable=true, unique=false}
2021-11-21T23:53:24,666|[DEBUG] PropertyBinder - MetadataSourceProcessor property bloodGroup with lazy=false
2021-11-21T23:53:24,666|[DEBUG] AbstractPropertyHolder - Attempting to locate auto-apply AttributeConverter for property [bloodbank.entity.BloodDonation.bloodType:bloodGroup]
2021-11-21T23:53:24,666|[DEBUG] SimpleValueBinder - building SimpleValue for bloodGroup
2021-11-21T23:53:24,666|[TRACE] NormalizingIdentifierHelperImpl - Normalizing identifier quoting [blood_group]
2021-11-21T23:53:24,666|[DEBUG] PropertyBinder - Building property bloodGroup
2021-11-21T23:53:24,666|[TRACE] PropertyBinder - Cascading bloodGroup with null
2021-11-21T23:53:24,666|[TRACE] AnnotationBinder - Processing annotations of bloodbank.entity.BloodType.rhd
2021-11-21T23:53:24,666|[TRACE] NormalizingIdentifierHelperImpl - Normalizing identifier quoting [rhd]
2021-11-21T23:53:24,666|[TRACE] NormalizingIdentifierHelperImpl - Normalizing identifier quoting [rhd]
2021-11-21T23:53:24,666|[DEBUG] Ejb3Column - Binding column: Ejb3Column{table=org.hibernate.mapping.Table(blood_donation), mappingColumn=rhd, insertable=true, updatable=true, unique=false}
2021-11-21T23:53:24,666|[DEBUG] PropertyBinder - MetadataSourceProcessor property rhd with lazy=false
2021-11-21T23:53:24,666|[DEBUG] AbstractPropertyHolder - Attempting to locate auto-apply AttributeConverter for property [bloodbank.entity.BloodDonation.bloodType:rhd]
2021-11-21T23:53:24,666|[DEBUG] SimpleValueBinder - building SimpleValue for rhd
2021-11-21T23:53:24,666|[TRACE] NormalizingIdentifierHelperImpl - Normalizing identifier quoting [rhd]
2021-11-21T23:53:24,666|[DEBUG] PropertyBinder - Building property rhd
2021-11-21T23:53:24,666|[TRACE] PropertyBinder - Cascading rhd with null
2021-11-21T23:53:24,666|[DEBUG] PropertyBinder - Building property bloodType
2021-11-21T23:53:24,666|[TRACE] PropertyBinder - Cascading bloodType with null
2021-11-21T23:53:24,666|[TRACE] AnnotationBinder - Processing annotations of bloodbank.entity.BloodDonation.milliliters
2021-11-21T23:53:24,666|[TRACE] NormalizingIdentifierHelperImpl - Normalizing identifier quoting [milliliters]
2021-11-21T23:53:24,666|[TRACE] NormalizingIdentifierHelperImpl - Normalizing identifier quoting [milliliters]
2021-11-21T23:53:24,666|[DEBUG] Ejb3Column - Binding column: Ejb3Column{table=org.hibernate.mapping.Table(blood_donation), mappingColumn=milliliters, insertable=true, updatable=true, unique=false}
2021-11-21T23:53:24,666|[DEBUG] PropertyBinder - MetadataSourceProcessor property milliliters with lazy=false
2021-11-21T23:53:24,666|[DEBUG] AbstractPropertyHolder - Attempting to locate auto-apply AttributeConverter for property [bloodbank.entity.BloodDonation:milliliters]
2021-11-21T23:53:24,666|[DEBUG] SimpleValueBinder - building SimpleValue for milliliters
2021-11-21T23:53:24,666|[TRACE] NormalizingIdentifierHelperImpl - Normalizing identifier quoting [milliliters]
2021-11-21T23:53:24,666|[DEBUG] PropertyBinder - Building property milliliters
2021-11-21T23:53:24,666|[TRACE] PropertyBinder - Cascading milliliters with null
2021-11-21T23:53:24,666|[TRACE] AnnotationBinder - Processing annotations of bloodbank.entity.BloodDonation.record
2021-11-21T23:53:24,666|[TRACE] NormalizingIdentifierHelperImpl - Normalizing identifier quoting [donation_id]
2021-11-21T23:53:24,666|[DEBUG] Ejb3Column - Binding column: Ejb3JoinColumn{logicalColumnName='donation_id', referencedColumn='donation_id', mappedBy=''}
2021-11-21T23:53:24,666|[TRACE] NormalizingIdentifierHelperImpl - Normalizing identifier quoting [record]
2021-11-21T23:53:24,666|[TRACE] NormalizingIdentifierHelperImpl - Normalizing identifier quoting [record]
2021-11-21T23:53:24,666|[DEBUG] Ejb3Column - Binding column: Ejb3Column{table=org.hibernate.mapping.Table(blood_donation), mappingColumn=record, insertable=true, updatable=true, unique=false}
2021-11-21T23:53:24,666|[TRACE] AnnotationBinder - Fetching record with SELECT
2021-11-21T23:53:24,666|[DEBUG] AnnotationBinder - Binding entity from annotated class: bloodbank.entity.BloodBank
2021-11-21T23:53:24,666|[DEBUG] QueryBinder - Binding named query: BloodBank.findAll => SELECT b FROM BloodBank b
2021-11-21T23:53:24,666|[TRACE] NormalizingIdentifierHelperImpl - Normalizing identifier quoting [privately_owned]
2021-11-21T23:53:24,666|[DEBUG] Ejb3Column - Binding column: Ejb3DiscriminatorColumn{logicalColumnName'privately_owned', discriminatorTypeName='integer'}
2021-11-21T23:53:24,667|[DEBUG] EntityBinder - Import with entity name BloodBank
2021-11-21T23:53:24,667|[TRACE] InFlightMetadataCollectorImpl - Import: BloodBank -> bloodbank.entity.BloodBank
2021-11-21T23:53:24,667|[TRACE] InFlightMetadataCollectorImpl - Import: bloodbank.entity.BloodBank -> bloodbank.entity.BloodBank
2021-11-21T23:53:24,667|[TRACE] NormalizingIdentifierHelperImpl - Normalizing identifier quoting [blood_bank]
2021-11-21T23:53:24,667|[TRACE] NormalizingIdentifierHelperImpl - Normalizing identifier quoting [blood_bank]
2021-11-21T23:53:24,667|[DEBUG] EntityBinder - Bind entity bloodbank.entity.BloodBank on table blood_bank
2021-11-21T23:53:24,667|[TRACE] NormalizingIdentifierHelperImpl - Normalizing identifier quoting [privately_owned]
2021-11-21T23:53:24,667|[TRACE] AnnotationBinder - Setting discriminator for entity bloodbank.entity.BloodBank
2021-11-21T23:53:24,667|[TRACE] AnnotationBinder - Processing annotations of bloodbank.entity.BloodBank.id
2021-11-21T23:53:24,667|[DEBUG] Ejb3Column - Column(s) overridden for property id
2021-11-21T23:53:24,667|[TRACE] NormalizingIdentifierHelperImpl - Normalizing identifier quoting [bank_id]
2021-11-21T23:53:24,667|[TRACE] NormalizingIdentifierHelperImpl - Normalizing identifier quoting [bank_id]
2021-11-21T23:53:24,667|[DEBUG] Ejb3Column - Binding column: Ejb3Column{table=org.hibernate.mapping.Table(blood_bank), mappingColumn=bank_id, insertable=true, updatable=true, unique=false}
2021-11-21T23:53:24,667|[DEBUG] ClassLoaderAccessImpl - Not known whether passed class name [bloodbank.entity.BloodBank] is safe
2021-11-21T23:53:24,667|[DEBUG] ClassLoaderAccessImpl - No temp ClassLoader provided; using live ClassLoader for loading potentially unsafe class : bloodbank.entity.BloodBank
2021-11-21T23:53:24,667|[DEBUG] PropertyBinder - MetadataSourceProcessor property id with lazy=false
2021-11-21T23:53:24,667|[DEBUG] AbstractPropertyHolder - Attempting to locate auto-apply AttributeConverter for property [bloodbank.entity.BloodBank:id]
2021-11-21T23:53:24,667|[DEBUG] SimpleValueBinder - building SimpleValue for id
2021-11-21T23:53:24,667|[TRACE] NormalizingIdentifierHelperImpl - Normalizing identifier quoting [bank_id]
2021-11-21T23:53:24,667|[DEBUG] PropertyBinder - Building property id
2021-11-21T23:53:24,667|[TRACE] PropertyBinder - Cascading id with null
2021-11-21T23:53:24,667|[DEBUG] BinderHelper - #makeIdGenerator(org.hibernate.mapping.SimpleValue([org.hibernate.mapping.Column(bank_id)]), id, identity, , ...)
2021-11-21T23:53:24,667|[TRACE] AnnotationBinder - Bind @Id on id
2021-11-21T23:53:24,667|[TRACE] AnnotationBinder - Processing annotations of bloodbank.entity.BloodBank.epochCreated
2021-11-21T23:53:24,667|[TRACE] NormalizingIdentifierHelperImpl - Normalizing identifier quoting [created]
2021-11-21T23:53:24,667|[TRACE] NormalizingIdentifierHelperImpl - Normalizing identifier quoting [created]
2021-11-21T23:53:24,667|[DEBUG] Ejb3Column - Binding column: Ejb3Column{table=org.hibernate.mapping.Table(blood_bank), mappingColumn=created, insertable=true, updatable=true, unique=false}
2021-11-21T23:53:24,667|[DEBUG] PropertyBinder - MetadataSourceProcessor property epochCreated with lazy=false
2021-11-21T23:53:24,667|[DEBUG] AbstractPropertyHolder - Attempting to locate auto-apply AttributeConverter for property [bloodbank.entity.BloodBank:epochCreated]
2021-11-21T23:53:24,667|[DEBUG] SimpleValueBinder - building SimpleValue for epochCreated
2021-11-21T23:53:24,667|[TRACE] NormalizingIdentifierHelperImpl - Normalizing identifier quoting [created]
2021-11-21T23:53:24,667|[DEBUG] PropertyBinder - Building property epochCreated
2021-11-21T23:53:24,667|[TRACE] PropertyBinder - Cascading epochCreated with null
2021-11-21T23:53:24,667|[TRACE] AnnotationBinder - Processing annotations of bloodbank.entity.BloodBank.epochUpdated
2021-11-21T23:53:24,667|[TRACE] NormalizingIdentifierHelperImpl - Normalizing identifier quoting [updated]
2021-11-21T23:53:24,667|[TRACE] NormalizingIdentifierHelperImpl - Normalizing identifier quoting [updated]
2021-11-21T23:53:24,667|[DEBUG] Ejb3Column - Binding column: Ejb3Column{table=org.hibernate.mapping.Table(blood_bank), mappingColumn=updated, insertable=true, updatable=true, unique=false}
2021-11-21T23:53:24,667|[DEBUG] PropertyBinder - MetadataSourceProcessor property epochUpdated with lazy=false
2021-11-21T23:53:24,667|[DEBUG] AbstractPropertyHolder - Attempting to locate auto-apply AttributeConverter for property [bloodbank.entity.BloodBank:epochUpdated]
2021-11-21T23:53:24,667|[DEBUG] SimpleValueBinder - building SimpleValue for epochUpdated
2021-11-21T23:53:24,667|[TRACE] NormalizingIdentifierHelperImpl - Normalizing identifier quoting [updated]
2021-11-21T23:53:24,667|[DEBUG] PropertyBinder - Building property epochUpdated
2021-11-21T23:53:24,667|[TRACE] PropertyBinder - Cascading epochUpdated with null
2021-11-21T23:53:24,667|[TRACE] AnnotationBinder - Processing annotations of bloodbank.entity.BloodBank.version
2021-11-21T23:53:24,667|[TRACE] NormalizingIdentifierHelperImpl - Normalizing identifier quoting [version]
2021-11-21T23:53:24,667|[TRACE] NormalizingIdentifierHelperImpl - Normalizing identifier quoting [version]
2021-11-21T23:53:24,667|[DEBUG] Ejb3Column - Binding column: Ejb3Column{table=org.hibernate.mapping.Table(blood_bank), mappingColumn=version, insertable=true, updatable=true, unique=false}
2021-11-21T23:53:24,667|[TRACE] AnnotationBinder - version is a version property
2021-11-21T23:53:24,667|[DEBUG] PropertyBinder - MetadataSourceProcessor property version with lazy=false
2021-11-21T23:53:24,667|[DEBUG] AbstractPropertyHolder - Attempting to locate auto-apply AttributeConverter for property [bloodbank.entity.BloodBank:version]
2021-11-21T23:53:24,667|[DEBUG] SimpleValueBinder - building SimpleValue for version
2021-11-21T23:53:24,667|[TRACE] NormalizingIdentifierHelperImpl - Normalizing identifier quoting [version]
2021-11-21T23:53:24,667|[TRACE] NormalizingIdentifierHelperImpl - Normalizing identifier quoting [version]
2021-11-21T23:53:24,667|[TRACE] NormalizingIdentifierHelperImpl - Normalizing identifier quoting [version]
2021-11-21T23:53:24,667|[DEBUG] PropertyBinder - Building property version
2021-11-21T23:53:24,667|[TRACE] PropertyBinder - Cascading version with null
2021-11-21T23:53:24,667|[TRACE] AnnotationBinder - Version name: version, unsavedValue: undefined
2021-11-21T23:53:24,667|[TRACE] AnnotationBinder - Processing annotations of bloodbank.entity.BloodBank.donations
2021-11-21T23:53:24,667|[DEBUG] Ejb3Column - Binding column: Ejb3JoinColumn{logicalColumnName='null', referencedColumn='null', mappedBy='bank'}
2021-11-21T23:53:24,667|[TRACE] NormalizingIdentifierHelperImpl - Normalizing identifier quoting [donations]
2021-11-21T23:53:24,667|[TRACE] NormalizingIdentifierHelperImpl - Normalizing identifier quoting [donations]
2021-11-21T23:53:24,667|[DEBUG] Ejb3Column - Binding column: Ejb3Column{table=org.hibernate.mapping.Table(blood_bank), mappingColumn=donations, insertable=true, updatable=true, unique=false}
2021-11-21T23:53:24,667|[DEBUG] Ejb3Column - Binding column: Ejb3Column{table=org.hibernate.mapping.Table(blood_bank), mappingColumn=null, insertable=true, updatable=true, unique=false}
2021-11-21T23:53:24,668|[TRACE] NormalizingIdentifierHelperImpl - Normalizing identifier quoting [element]
2021-11-21T23:53:24,668|[TRACE] NormalizingIdentifierHelperImpl - Normalizing identifier quoting [element]
2021-11-21T23:53:24,668|[DEBUG] Ejb3Column - Binding column: Ejb3Column{table=org.hibernate.mapping.Table(blood_bank), mappingColumn=element, insertable=true, updatable=true, unique=false}
2021-11-21T23:53:24,668|[TRACE] NormalizingIdentifierHelperImpl - Normalizing identifier quoting [donations_KEY]
2021-11-21T23:53:24,668|[DEBUG] Ejb3Column - Binding column: Ejb3Column{table=org.hibernate.mapping.Table(blood_bank), mappingColumn=donations_KEY, insertable=true, updatable=true, unique=false}
2021-11-21T23:53:24,668|[TRACE] NormalizingIdentifierHelperImpl - Normalizing identifier quoting [donations_KEY]
2021-11-21T23:53:24,668|[DEBUG] Ejb3Column - Binding column: Ejb3JoinColumn{logicalColumnName='donations_KEY', referencedColumn='null', mappedBy='null'}
2021-11-21T23:53:24,668|[DEBUG] Ejb3Column - Binding column: Ejb3JoinColumn{logicalColumnName='null', referencedColumn='null', mappedBy='bank'}
2021-11-21T23:53:24,668|[DEBUG] Ejb3Column - Binding column: Ejb3JoinColumn{logicalColumnName='null', referencedColumn='null', mappedBy='bank'}
2021-11-21T23:53:24,668|[DEBUG] CollectionBinder - Collection role: bloodbank.entity.BloodBank.donations
2021-11-21T23:53:24,668|[DEBUG] PropertyBinder - Building property donations
2021-11-21T23:53:24,668|[TRACE] PropertyBinder - Cascading donations with all
2021-11-21T23:53:24,668|[TRACE] AnnotationBinder - Processing annotations of bloodbank.entity.BloodBank.name
2021-11-21T23:53:24,668|[TRACE] NormalizingIdentifierHelperImpl - Normalizing identifier quoting [name]
2021-11-21T23:53:24,668|[TRACE] NormalizingIdentifierHelperImpl - Normalizing identifier quoting [name]
2021-11-21T23:53:24,668|[DEBUG] Ejb3Column - Binding column: Ejb3Column{table=org.hibernate.mapping.Table(blood_bank), mappingColumn=name, insertable=true, updatable=true, unique=false}
2021-11-21T23:53:24,668|[DEBUG] PropertyBinder - MetadataSourceProcessor property name with lazy=false
2021-11-21T23:53:24,668|[DEBUG] AbstractPropertyHolder - Attempting to locate auto-apply AttributeConverter for property [bloodbank.entity.BloodBank:name]
2021-11-21T23:53:24,668|[DEBUG] SimpleValueBinder - building SimpleValue for name
2021-11-21T23:53:24,668|[TRACE] NormalizingIdentifierHelperImpl - Normalizing identifier quoting [name]
2021-11-21T23:53:24,668|[DEBUG] PropertyBinder - Building property name
2021-11-21T23:53:24,668|[TRACE] PropertyBinder - Cascading name with null
2021-11-21T23:53:24,668|[DEBUG] AnnotationBinder - Binding entity from annotated class: bloodbank.entity.PrivateBloodBank
2021-11-21T23:53:24,668|[DEBUG] EntityBinder - Import with entity name PrivateBloodBank
2021-11-21T23:53:24,668|[TRACE] InFlightMetadataCollectorImpl - Import: PrivateBloodBank -> bloodbank.entity.PrivateBloodBank
2021-11-21T23:53:24,668|[TRACE] InFlightMetadataCollectorImpl - Import: bloodbank.entity.PrivateBloodBank -> bloodbank.entity.PrivateBloodBank
2021-11-21T23:53:24,668|[TRACE] NormalizingIdentifierHelperImpl - Normalizing identifier quoting [blood_bank]
2021-11-21T23:53:24,668|[DEBUG] AnnotationBinder - Binding entity from annotated class: bloodbank.entity.Address
2021-11-21T23:53:24,668|[DEBUG] QueryBinder - Binding named query: Address.findAll => SELECT a FROM Address a
2021-11-21T23:53:24,668|[TRACE] NormalizingIdentifierHelperImpl - Normalizing identifier quoting [DTYPE]
2021-11-21T23:53:24,668|[DEBUG] Ejb3Column - Binding column: Ejb3DiscriminatorColumn{logicalColumnName'DTYPE', discriminatorTypeName='string'}
2021-11-21T23:53:24,668|[DEBUG] EntityBinder - Import with entity name Address
2021-11-21T23:53:24,668|[TRACE] InFlightMetadataCollectorImpl - Import: Address -> bloodbank.entity.Address
2021-11-21T23:53:24,668|[TRACE] InFlightMetadataCollectorImpl - Import: bloodbank.entity.Address -> bloodbank.entity.Address
2021-11-21T23:53:24,668|[TRACE] NormalizingIdentifierHelperImpl - Normalizing identifier quoting [address]
2021-11-21T23:53:24,668|[TRACE] NormalizingIdentifierHelperImpl - Normalizing identifier quoting [address]
2021-11-21T23:53:24,668|[DEBUG] EntityBinder - Bind entity bloodbank.entity.Address on table address
2021-11-21T23:53:24,668|[TRACE] AnnotationBinder - Processing annotations of bloodbank.entity.Address.id
2021-11-21T23:53:24,668|[DEBUG] Ejb3Column - Column(s) overridden for property id
2021-11-21T23:53:24,668|[TRACE] NormalizingIdentifierHelperImpl - Normalizing identifier quoting [address_id]
2021-11-21T23:53:24,668|[TRACE] NormalizingIdentifierHelperImpl - Normalizing identifier quoting [address_id]
2021-11-21T23:53:24,668|[DEBUG] Ejb3Column - Binding column: Ejb3Column{table=org.hibernate.mapping.Table(address), mappingColumn=address_id, insertable=true, updatable=true, unique=false}
2021-11-21T23:53:24,668|[DEBUG] ClassLoaderAccessImpl - Not known whether passed class name [bloodbank.entity.Address] is safe
2021-11-21T23:53:24,668|[DEBUG] ClassLoaderAccessImpl - No temp ClassLoader provided; using live ClassLoader for loading potentially unsafe class : bloodbank.entity.Address
2021-11-21T23:53:24,668|[DEBUG] PropertyBinder - MetadataSourceProcessor property id with lazy=false
2021-11-21T23:53:24,668|[DEBUG] AbstractPropertyHolder - Attempting to locate auto-apply AttributeConverter for property [bloodbank.entity.Address:id]
2021-11-21T23:53:24,668|[DEBUG] SimpleValueBinder - building SimpleValue for id
2021-11-21T23:53:24,668|[TRACE] NormalizingIdentifierHelperImpl - Normalizing identifier quoting [address_id]
2021-11-21T23:53:24,668|[DEBUG] PropertyBinder - Building property id
2021-11-21T23:53:24,668|[TRACE] PropertyBinder - Cascading id with null
2021-11-21T23:53:24,668|[DEBUG] BinderHelper - #makeIdGenerator(org.hibernate.mapping.SimpleValue([org.hibernate.mapping.Column(address_id)]), id, identity, , ...)
2021-11-21T23:53:24,668|[TRACE] AnnotationBinder - Bind @Id on id
2021-11-21T23:53:24,668|[TRACE] AnnotationBinder - Processing annotations of bloodbank.entity.Address.epochCreated
2021-11-21T23:53:24,668|[TRACE] NormalizingIdentifierHelperImpl - Normalizing identifier quoting [created]
2021-11-21T23:53:24,668|[TRACE] NormalizingIdentifierHelperImpl - Normalizing identifier quoting [created]
2021-11-21T23:53:24,668|[DEBUG] Ejb3Column - Binding column: Ejb3Column{table=org.hibernate.mapping.Table(address), mappingColumn=created, insertable=true, updatable=true, unique=false}
2021-11-21T23:53:24,668|[DEBUG] PropertyBinder - MetadataSourceProcessor property epochCreated with lazy=false
2021-11-21T23:53:24,668|[DEBUG] AbstractPropertyHolder - Attempting to locate auto-apply AttributeConverter for property [bloodbank.entity.Address:epochCreated]
2021-11-21T23:53:24,668|[DEBUG] SimpleValueBinder - building SimpleValue for epochCreated
2021-11-21T23:53:24,668|[TRACE] NormalizingIdentifierHelperImpl - Normalizing identifier quoting [created]
2021-11-21T23:53:24,668|[DEBUG] PropertyBinder - Building property epochCreated
2021-11-21T23:53:24,668|[TRACE] PropertyBinder - Cascading epochCreated with null
2021-11-21T23:53:24,669|[TRACE] AnnotationBinder - Processing annotations of bloodbank.entity.Address.epochUpdated
2021-11-21T23:53:24,669|[TRACE] NormalizingIdentifierHelperImpl - Normalizing identifier quoting [updated]
2021-11-21T23:53:24,669|[TRACE] NormalizingIdentifierHelperImpl - Normalizing identifier quoting [updated]
2021-11-21T23:53:24,669|[DEBUG] Ejb3Column - Binding column: Ejb3Column{table=org.hibernate.mapping.Table(address), mappingColumn=updated, insertable=true, updatable=true, unique=false}
2021-11-21T23:53:24,669|[DEBUG] PropertyBinder - MetadataSourceProcessor property epochUpdated with lazy=false
2021-11-21T23:53:24,669|[DEBUG] AbstractPropertyHolder - Attempting to locate auto-apply AttributeConverter for property [bloodbank.entity.Address:epochUpdated]
2021-11-21T23:53:24,669|[DEBUG] SimpleValueBinder - building SimpleValue for epochUpdated
2021-11-21T23:53:24,669|[TRACE] NormalizingIdentifierHelperImpl - Normalizing identifier quoting [updated]
2021-11-21T23:53:24,669|[DEBUG] PropertyBinder - Building property epochUpdated
2021-11-21T23:53:24,669|[TRACE] PropertyBinder - Cascading epochUpdated with null
2021-11-21T23:53:24,669|[TRACE] AnnotationBinder - Processing annotations of bloodbank.entity.Address.version
2021-11-21T23:53:24,669|[TRACE] NormalizingIdentifierHelperImpl - Normalizing identifier quoting [version]
2021-11-21T23:53:24,669|[TRACE] NormalizingIdentifierHelperImpl - Normalizing identifier quoting [version]
2021-11-21T23:53:24,669|[DEBUG] Ejb3Column - Binding column: Ejb3Column{table=org.hibernate.mapping.Table(address), mappingColumn=version, insertable=true, updatable=true, unique=false}
2021-11-21T23:53:24,669|[TRACE] AnnotationBinder - version is a version property
2021-11-21T23:53:24,669|[DEBUG] PropertyBinder - MetadataSourceProcessor property version with lazy=false
2021-11-21T23:53:24,669|[DEBUG] AbstractPropertyHolder - Attempting to locate auto-apply AttributeConverter for property [bloodbank.entity.Address:version]
2021-11-21T23:53:24,669|[DEBUG] SimpleValueBinder - building SimpleValue for version
2021-11-21T23:53:24,669|[TRACE] NormalizingIdentifierHelperImpl - Normalizing identifier quoting [version]
2021-11-21T23:53:24,669|[TRACE] NormalizingIdentifierHelperImpl - Normalizing identifier quoting [version]
2021-11-21T23:53:24,669|[TRACE] NormalizingIdentifierHelperImpl - Normalizing identifier quoting [version]
2021-11-21T23:53:24,669|[DEBUG] PropertyBinder - Building property version
2021-11-21T23:53:24,669|[TRACE] PropertyBinder - Cascading version with null
2021-11-21T23:53:24,669|[TRACE] AnnotationBinder - Version name: version, unsavedValue: undefined
2021-11-21T23:53:24,669|[TRACE] AnnotationBinder - Processing annotations of bloodbank.entity.Address.city
2021-11-21T23:53:24,669|[TRACE] NormalizingIdentifierHelperImpl - Normalizing identifier quoting [city]
2021-11-21T23:53:24,669|[TRACE] NormalizingIdentifierHelperImpl - Normalizing identifier quoting [city]
2021-11-21T23:53:24,669|[DEBUG] Ejb3Column - Binding column: Ejb3Column{table=org.hibernate.mapping.Table(address), mappingColumn=city, insertable=true, updatable=true, unique=false}
2021-11-21T23:53:24,669|[DEBUG] PropertyBinder - MetadataSourceProcessor property city with lazy=false
2021-11-21T23:53:24,669|[DEBUG] AbstractPropertyHolder - Attempting to locate auto-apply AttributeConverter for property [bloodbank.entity.Address:city]
2021-11-21T23:53:24,669|[DEBUG] SimpleValueBinder - building SimpleValue for city
2021-11-21T23:53:24,669|[TRACE] NormalizingIdentifierHelperImpl - Normalizing identifier quoting [city]
2021-11-21T23:53:24,669|[TRACE] NormalizingIdentifierHelperImpl - Normalizing identifier quoting [city]
2021-11-21T23:53:24,669|[TRACE] NormalizingIdentifierHelperImpl - Normalizing identifier quoting [city]
2021-11-21T23:53:24,669|[DEBUG] PropertyBinder - Building property city
2021-11-21T23:53:24,669|[TRACE] PropertyBinder - Cascading city with null
2021-11-21T23:53:24,669|[TRACE] AnnotationBinder - Processing annotations of bloodbank.entity.Address.contacts
2021-11-21T23:53:24,669|[DEBUG] Ejb3Column - Binding column: Ejb3JoinColumn{logicalColumnName='null', referencedColumn='null', mappedBy='address'}
2021-11-21T23:53:24,669|[TRACE] NormalizingIdentifierHelperImpl - Normalizing identifier quoting [contacts]
2021-11-21T23:53:24,669|[TRACE] NormalizingIdentifierHelperImpl - Normalizing identifier quoting [contacts]
2021-11-21T23:53:24,669|[DEBUG] Ejb3Column - Binding column: Ejb3Column{table=org.hibernate.mapping.Table(address), mappingColumn=contacts, insertable=true, updatable=true, unique=false}
2021-11-21T23:53:24,669|[DEBUG] Ejb3Column - Binding column: Ejb3Column{table=org.hibernate.mapping.Table(address), mappingColumn=null, insertable=true, updatable=true, unique=false}
2021-11-21T23:53:24,669|[TRACE] NormalizingIdentifierHelperImpl - Normalizing identifier quoting [element]
2021-11-21T23:53:24,669|[TRACE] NormalizingIdentifierHelperImpl - Normalizing identifier quoting [element]
2021-11-21T23:53:24,669|[DEBUG] Ejb3Column - Binding column: Ejb3Column{table=org.hibernate.mapping.Table(address), mappingColumn=element, insertable=true, updatable=true, unique=false}
2021-11-21T23:53:24,669|[TRACE] NormalizingIdentifierHelperImpl - Normalizing identifier quoting [contacts_KEY]
2021-11-21T23:53:24,669|[DEBUG] Ejb3Column - Binding column: Ejb3Column{table=org.hibernate.mapping.Table(address), mappingColumn=contacts_KEY, insertable=true, updatable=true, unique=false}
2021-11-21T23:53:24,669|[TRACE] NormalizingIdentifierHelperImpl - Normalizing identifier quoting [contacts_KEY]
2021-11-21T23:53:24,669|[DEBUG] Ejb3Column - Binding column: Ejb3JoinColumn{logicalColumnName='contacts_KEY', referencedColumn='null', mappedBy='null'}
2021-11-21T23:53:24,669|[DEBUG] Ejb3Column - Binding column: Ejb3JoinColumn{logicalColumnName='null', referencedColumn='null', mappedBy='address'}
2021-11-21T23:53:24,669|[DEBUG] Ejb3Column - Binding column: Ejb3JoinColumn{logicalColumnName='null', referencedColumn='null', mappedBy='address'}
2021-11-21T23:53:24,669|[DEBUG] CollectionBinder - Collection role: bloodbank.entity.Address.contacts
2021-11-21T23:53:24,669|[DEBUG] PropertyBinder - Building property contacts
2021-11-21T23:53:24,669|[TRACE] PropertyBinder - Cascading contacts with none
2021-11-21T23:53:24,669|[TRACE] AnnotationBinder - Processing annotations of bloodbank.entity.Address.country
2021-11-21T23:53:24,669|[TRACE] NormalizingIdentifierHelperImpl - Normalizing identifier quoting [country]
2021-11-21T23:53:24,669|[TRACE] NormalizingIdentifierHelperImpl - Normalizing identifier quoting [country]
2021-11-21T23:53:24,669|[DEBUG] Ejb3Column - Binding column: Ejb3Column{table=org.hibernate.mapping.Table(address), mappingColumn=country, insertable=true, updatable=true, unique=false}
2021-11-21T23:53:24,669|[DEBUG] PropertyBinder - MetadataSourceProcessor property country with lazy=false
2021-11-21T23:53:24,669|[DEBUG] AbstractPropertyHolder - Attempting to locate auto-apply AttributeConverter for property [bloodbank.entity.Address:country]
2021-11-21T23:53:24,669|[DEBUG] SimpleValueBinder - building SimpleValue for country
2021-11-21T23:53:24,669|[TRACE] NormalizingIdentifierHelperImpl - Normalizing identifier quoting [country]
2021-11-21T23:53:24,669|[TRACE] NormalizingIdentifierHelperImpl - Normalizing identifier quoting [country]
2021-11-21T23:53:24,669|[TRACE] NormalizingIdentifierHelperImpl - Normalizing identifier quoting [country]
2021-11-21T23:53:24,669|[DEBUG] PropertyBinder - Building property country
2021-11-21T23:53:24,669|[TRACE] PropertyBinder - Cascading country with null
2021-11-21T23:53:24,669|[TRACE] AnnotationBinder - Processing annotations of bloodbank.entity.Address.province
2021-11-21T23:53:24,669|[TRACE] NormalizingIdentifierHelperImpl - Normalizing identifier quoting [province]
2021-11-21T23:53:24,669|[TRACE] NormalizingIdentifierHelperImpl - Normalizing identifier quoting [province]
2021-11-21T23:53:24,669|[DEBUG] Ejb3Column - Binding column: Ejb3Column{table=org.hibernate.mapping.Table(address), mappingColumn=province, insertable=true, updatable=true, unique=false}
2021-11-21T23:53:24,669|[DEBUG] PropertyBinder - MetadataSourceProcessor property province with lazy=false
2021-11-21T23:53:24,669|[DEBUG] AbstractPropertyHolder - Attempting to locate auto-apply AttributeConverter for property [bloodbank.entity.Address:province]
2021-11-21T23:53:24,669|[DEBUG] SimpleValueBinder - building SimpleValue for province
2021-11-21T23:53:24,669|[TRACE] NormalizingIdentifierHelperImpl - Normalizing identifier quoting [province]
2021-11-21T23:53:24,669|[TRACE] NormalizingIdentifierHelperImpl - Normalizing identifier quoting [province]
2021-11-21T23:53:24,669|[TRACE] NormalizingIdentifierHelperImpl - Normalizing identifier quoting [province]
2021-11-21T23:53:24,669|[DEBUG] PropertyBinder - Building property province
2021-11-21T23:53:24,669|[TRACE] PropertyBinder - Cascading province with null
2021-11-21T23:53:24,669|[TRACE] AnnotationBinder - Processing annotations of bloodbank.entity.Address.street
2021-11-21T23:53:24,669|[TRACE] NormalizingIdentifierHelperImpl - Normalizing identifier quoting [street]
2021-11-21T23:53:24,669|[TRACE] NormalizingIdentifierHelperImpl - Normalizing identifier quoting [street]
2021-11-21T23:53:24,669|[DEBUG] Ejb3Column - Binding column: Ejb3Column{table=org.hibernate.mapping.Table(address), mappingColumn=street, insertable=true, updatable=true, unique=false}
2021-11-21T23:53:24,669|[DEBUG] PropertyBinder - MetadataSourceProcessor property street with lazy=false
2021-11-21T23:53:24,669|[DEBUG] AbstractPropertyHolder - Attempting to locate auto-apply AttributeConverter for property [bloodbank.entity.Address:street]
2021-11-21T23:53:24,669|[DEBUG] SimpleValueBinder - building SimpleValue for street
2021-11-21T23:53:24,669|[TRACE] NormalizingIdentifierHelperImpl - Normalizing identifier quoting [street]
2021-11-21T23:53:24,669|[TRACE] NormalizingIdentifierHelperImpl - Normalizing identifier quoting [street]
2021-11-21T23:53:24,669|[TRACE] NormalizingIdentifierHelperImpl - Normalizing identifier quoting [street]
2021-11-21T23:53:24,669|[DEBUG] PropertyBinder - Building property street
2021-11-21T23:53:24,669|[TRACE] PropertyBinder - Cascading street with null
2021-11-21T23:53:24,669|[TRACE] AnnotationBinder - Processing annotations of bloodbank.entity.Address.streetNumber
2021-11-21T23:53:24,670|[TRACE] NormalizingIdentifierHelperImpl - Normalizing identifier quoting [street_number]
2021-11-21T23:53:24,670|[TRACE] NormalizingIdentifierHelperImpl - Normalizing identifier quoting [street_number]
2021-11-21T23:53:24,670|[DEBUG] Ejb3Column - Binding column: Ejb3Column{table=org.hibernate.mapping.Table(address), mappingColumn=street_number, insertable=true, updatable=true, unique=false}
2021-11-21T23:53:24,670|[DEBUG] PropertyBinder - MetadataSourceProcessor property streetNumber with lazy=false
2021-11-21T23:53:24,670|[DEBUG] AbstractPropertyHolder - Attempting to locate auto-apply AttributeConverter for property [bloodbank.entity.Address:streetNumber]
2021-11-21T23:53:24,670|[DEBUG] SimpleValueBinder - building SimpleValue for streetNumber
2021-11-21T23:53:24,670|[TRACE] NormalizingIdentifierHelperImpl - Normalizing identifier quoting [street_number]
2021-11-21T23:53:24,670|[DEBUG] PropertyBinder - Building property streetNumber
2021-11-21T23:53:24,670|[TRACE] PropertyBinder - Cascading streetNumber with null
2021-11-21T23:53:24,670|[TRACE] AnnotationBinder - Processing annotations of bloodbank.entity.Address.zipcode
2021-11-21T23:53:24,670|[TRACE] NormalizingIdentifierHelperImpl - Normalizing identifier quoting [zipcode]
2021-11-21T23:53:24,670|[TRACE] NormalizingIdentifierHelperImpl - Normalizing identifier quoting [zipcode]
2021-11-21T23:53:24,670|[DEBUG] Ejb3Column - Binding column: Ejb3Column{table=org.hibernate.mapping.Table(address), mappingColumn=zipcode, insertable=true, updatable=true, unique=false}
2021-11-21T23:53:24,670|[DEBUG] PropertyBinder - MetadataSourceProcessor property zipcode with lazy=false
2021-11-21T23:53:24,670|[DEBUG] AbstractPropertyHolder - Attempting to locate auto-apply AttributeConverter for property [bloodbank.entity.Address:zipcode]
2021-11-21T23:53:24,670|[DEBUG] SimpleValueBinder - building SimpleValue for zipcode
2021-11-21T23:53:24,670|[TRACE] NormalizingIdentifierHelperImpl - Normalizing identifier quoting [zipcode]
2021-11-21T23:53:24,670|[TRACE] NormalizingIdentifierHelperImpl - Normalizing identifier quoting [zipcode]
2021-11-21T23:53:24,670|[TRACE] NormalizingIdentifierHelperImpl - Normalizing identifier quoting [zipcode]
2021-11-21T23:53:24,670|[DEBUG] PropertyBinder - Building property zipcode
2021-11-21T23:53:24,670|[TRACE] PropertyBinder - Cascading zipcode with null
2021-11-21T23:53:24,670|[DEBUG] AnnotationBinder - Binding entity from annotated class: bloodbank.entity.Person
2021-11-21T23:53:24,670|[DEBUG] QueryBinder - Binding named query: Person.findAll => SELECT p FROM Person p
2021-11-21T23:53:24,670|[TRACE] NormalizingIdentifierHelperImpl - Normalizing identifier quoting [DTYPE]
2021-11-21T23:53:24,670|[DEBUG] Ejb3Column - Binding column: Ejb3DiscriminatorColumn{logicalColumnName'DTYPE', discriminatorTypeName='string'}
2021-11-21T23:53:24,670|[DEBUG] EntityBinder - Import with entity name Person
2021-11-21T23:53:24,670|[TRACE] InFlightMetadataCollectorImpl - Import: Person -> bloodbank.entity.Person
2021-11-21T23:53:24,670|[TRACE] InFlightMetadataCollectorImpl - Import: bloodbank.entity.Person -> bloodbank.entity.Person
2021-11-21T23:53:24,670|[TRACE] NormalizingIdentifierHelperImpl - Normalizing identifier quoting [person]
2021-11-21T23:53:24,670|[TRACE] NormalizingIdentifierHelperImpl - Normalizing identifier quoting [person]
2021-11-21T23:53:24,670|[DEBUG] EntityBinder - Bind entity bloodbank.entity.Person on table person
2021-11-21T23:53:24,670|[TRACE] AnnotationBinder - Processing annotations of bloodbank.entity.Person.id
2021-11-21T23:53:24,670|[DEBUG] Ejb3Column - Column(s) overridden for property id
2021-11-21T23:53:24,670|[TRACE] NormalizingIdentifierHelperImpl - Normalizing identifier quoting [id]
2021-11-21T23:53:24,670|[TRACE] NormalizingIdentifierHelperImpl - Normalizing identifier quoting [id]
2021-11-21T23:53:24,670|[DEBUG] Ejb3Column - Binding column: Ejb3Column{table=org.hibernate.mapping.Table(person), mappingColumn=id, insertable=true, updatable=true, unique=false}
2021-11-21T23:53:24,670|[DEBUG] ClassLoaderAccessImpl - Not known whether passed class name [bloodbank.entity.Person] is safe
2021-11-21T23:53:24,670|[DEBUG] ClassLoaderAccessImpl - No temp ClassLoader provided; using live ClassLoader for loading potentially unsafe class : bloodbank.entity.Person
2021-11-21T23:53:24,670|[DEBUG] PropertyBinder - MetadataSourceProcessor property id with lazy=false
2021-11-21T23:53:24,670|[DEBUG] AbstractPropertyHolder - Attempting to locate auto-apply AttributeConverter for property [bloodbank.entity.Person:id]
2021-11-21T23:53:24,670|[DEBUG] SimpleValueBinder - building SimpleValue for id
2021-11-21T23:53:24,670|[TRACE] NormalizingIdentifierHelperImpl - Normalizing identifier quoting [id]
2021-11-21T23:53:24,670|[DEBUG] PropertyBinder - Building property id
2021-11-21T23:53:24,670|[TRACE] PropertyBinder - Cascading id with null
2021-11-21T23:53:24,670|[DEBUG] BinderHelper - #makeIdGenerator(org.hibernate.mapping.SimpleValue([org.hibernate.mapping.Column(id)]), id, identity, , ...)
2021-11-21T23:53:24,670|[TRACE] AnnotationBinder - Bind @Id on id
2021-11-21T23:53:24,670|[TRACE] AnnotationBinder - Processing annotations of bloodbank.entity.Person.epochCreated
2021-11-21T23:53:24,670|[TRACE] NormalizingIdentifierHelperImpl - Normalizing identifier quoting [created]
2021-11-21T23:53:24,670|[TRACE] NormalizingIdentifierHelperImpl - Normalizing identifier quoting [created]
2021-11-21T23:53:24,670|[DEBUG] Ejb3Column - Binding column: Ejb3Column{table=org.hibernate.mapping.Table(person), mappingColumn=created, insertable=true, updatable=true, unique=false}
2021-11-21T23:53:24,670|[DEBUG] PropertyBinder - MetadataSourceProcessor property epochCreated with lazy=false
2021-11-21T23:53:24,670|[DEBUG] AbstractPropertyHolder - Attempting to locate auto-apply AttributeConverter for property [bloodbank.entity.Person:epochCreated]
2021-11-21T23:53:24,670|[DEBUG] SimpleValueBinder - building SimpleValue for epochCreated
2021-11-21T23:53:24,670|[TRACE] NormalizingIdentifierHelperImpl - Normalizing identifier quoting [created]
2021-11-21T23:53:24,670|[DEBUG] PropertyBinder - Building property epochCreated
2021-11-21T23:53:24,670|[TRACE] PropertyBinder - Cascading epochCreated with null
2021-11-21T23:53:24,670|[TRACE] AnnotationBinder - Processing annotations of bloodbank.entity.Person.epochUpdated
2021-11-21T23:53:24,670|[TRACE] NormalizingIdentifierHelperImpl - Normalizing identifier quoting [updated]
2021-11-21T23:53:24,670|[TRACE] NormalizingIdentifierHelperImpl - Normalizing identifier quoting [updated]
2021-11-21T23:53:24,670|[DEBUG] Ejb3Column - Binding column: Ejb3Column{table=org.hibernate.mapping.Table(person), mappingColumn=updated, insertable=true, updatable=true, unique=false}
2021-11-21T23:53:24,670|[DEBUG] PropertyBinder - MetadataSourceProcessor property epochUpdated with lazy=false
2021-11-21T23:53:24,670|[DEBUG] AbstractPropertyHolder - Attempting to locate auto-apply AttributeConverter for property [bloodbank.entity.Person:epochUpdated]
2021-11-21T23:53:24,670|[DEBUG] SimpleValueBinder - building SimpleValue for epochUpdated
2021-11-21T23:53:24,670|[TRACE] NormalizingIdentifierHelperImpl - Normalizing identifier quoting [updated]
2021-11-21T23:53:24,670|[DEBUG] PropertyBinder - Building property epochUpdated
2021-11-21T23:53:24,670|[TRACE] PropertyBinder - Cascading epochUpdated with null
2021-11-21T23:53:24,670|[TRACE] AnnotationBinder - Processing annotations of bloodbank.entity.Person.version
2021-11-21T23:53:24,670|[TRACE] NormalizingIdentifierHelperImpl - Normalizing identifier quoting [version]
2021-11-21T23:53:24,670|[TRACE] NormalizingIdentifierHelperImpl - Normalizing identifier quoting [version]
2021-11-21T23:53:24,670|[DEBUG] Ejb3Column - Binding column: Ejb3Column{table=org.hibernate.mapping.Table(person), mappingColumn=version, insertable=true, updatable=true, unique=false}
2021-11-21T23:53:24,670|[TRACE] AnnotationBinder - version is a version property
2021-11-21T23:53:24,670|[DEBUG] PropertyBinder - MetadataSourceProcessor property version with lazy=false
2021-11-21T23:53:24,670|[DEBUG] AbstractPropertyHolder - Attempting to locate auto-apply AttributeConverter for property [bloodbank.entity.Person:version]
2021-11-21T23:53:24,670|[DEBUG] SimpleValueBinder - building SimpleValue for version
2021-11-21T23:53:24,670|[TRACE] NormalizingIdentifierHelperImpl - Normalizing identifier quoting [version]
2021-11-21T23:53:24,670|[TRACE] NormalizingIdentifierHelperImpl - Normalizing identifier quoting [version]
2021-11-21T23:53:24,670|[TRACE] NormalizingIdentifierHelperImpl - Normalizing identifier quoting [version]
2021-11-21T23:53:24,670|[DEBUG] PropertyBinder - Building property version
2021-11-21T23:53:24,670|[TRACE] PropertyBinder - Cascading version with null
2021-11-21T23:53:24,670|[TRACE] AnnotationBinder - Version name: version, unsavedValue: undefined
2021-11-21T23:53:24,670|[TRACE] AnnotationBinder - Processing annotations of bloodbank.entity.Person.contacts
2021-11-21T23:53:24,670|[TRACE] NormalizingIdentifierHelperImpl - Normalizing identifier quoting [contacts]
2021-11-21T23:53:24,670|[TRACE] NormalizingIdentifierHelperImpl - Normalizing identifier quoting [contacts]
2021-11-21T23:53:24,670|[DEBUG] Ejb3Column - Binding column: Ejb3Column{table=org.hibernate.mapping.Table(person), mappingColumn=contacts, insertable=false, updatable=false, unique=false}
2021-11-21T23:53:24,670|[DEBUG] Ejb3Column - Binding column: Ejb3JoinColumn{logicalColumnName='null', referencedColumn='null', mappedBy='owner'}
2021-11-21T23:53:24,670|[DEBUG] Ejb3Column - Binding column: Ejb3Column{table=org.hibernate.mapping.Table(person), mappingColumn=null, insertable=true, updatable=true, unique=false}
2021-11-21T23:53:24,671|[TRACE] NormalizingIdentifierHelperImpl - Normalizing identifier quoting [element]
2021-11-21T23:53:24,671|[TRACE] NormalizingIdentifierHelperImpl - Normalizing identifier quoting [element]
2021-11-21T23:53:24,671|[DEBUG] Ejb3Column - Binding column: Ejb3Column{table=org.hibernate.mapping.Table(person), mappingColumn=element, insertable=false, updatable=false, unique=false}
2021-11-21T23:53:24,671|[TRACE] NormalizingIdentifierHelperImpl - Normalizing identifier quoting [contacts_KEY]
2021-11-21T23:53:24,671|[DEBUG] Ejb3Column - Binding column: Ejb3Column{table=org.hibernate.mapping.Table(person), mappingColumn=contacts_KEY, insertable=true, updatable=true, unique=false}
2021-11-21T23:53:24,671|[TRACE] NormalizingIdentifierHelperImpl - Normalizing identifier quoting [contacts_KEY]
2021-11-21T23:53:24,671|[DEBUG] Ejb3Column - Binding column: Ejb3JoinColumn{logicalColumnName='contacts_KEY', referencedColumn='null', mappedBy='null'}
2021-11-21T23:53:24,671|[DEBUG] Ejb3Column - Binding column: Ejb3JoinColumn{logicalColumnName='null', referencedColumn='null', mappedBy='owner'}
2021-11-21T23:53:24,671|[DEBUG] Ejb3Column - Binding column: Ejb3JoinColumn{logicalColumnName='null', referencedColumn='null', mappedBy='owner'}
2021-11-21T23:53:24,671|[DEBUG] CollectionBinder - Collection role: bloodbank.entity.Person.contacts
2021-11-21T23:53:24,671|[DEBUG] PropertyBinder - Building property contacts
2021-11-21T23:53:24,671|[TRACE] PropertyBinder - Cascading contacts with persist,merge,refresh
2021-11-21T23:53:24,671|[TRACE] AnnotationBinder - Processing annotations of bloodbank.entity.Person.donations
2021-11-21T23:53:24,671|[TRACE] NormalizingIdentifierHelperImpl - Normalizing identifier quoting [donations]
2021-11-21T23:53:24,671|[TRACE] NormalizingIdentifierHelperImpl - Normalizing identifier quoting [donations]
2021-11-21T23:53:24,671|[DEBUG] Ejb3Column - Binding column: Ejb3Column{table=org.hibernate.mapping.Table(person), mappingColumn=donations, insertable=false, updatable=false, unique=false}
2021-11-21T23:53:24,671|[DEBUG] Ejb3Column - Binding column: Ejb3JoinColumn{logicalColumnName='null', referencedColumn='null', mappedBy='owner'}
2021-11-21T23:53:24,671|[DEBUG] Ejb3Column - Binding column: Ejb3Column{table=org.hibernate.mapping.Table(person), mappingColumn=null, insertable=true, updatable=true, unique=false}
2021-11-21T23:53:24,671|[TRACE] NormalizingIdentifierHelperImpl - Normalizing identifier quoting [element]
2021-11-21T23:53:24,671|[TRACE] NormalizingIdentifierHelperImpl - Normalizing identifier quoting [element]
2021-11-21T23:53:24,671|[DEBUG] Ejb3Column - Binding column: Ejb3Column{table=org.hibernate.mapping.Table(person), mappingColumn=element, insertable=false, updatable=false, unique=false}
2021-11-21T23:53:24,671|[TRACE] NormalizingIdentifierHelperImpl - Normalizing identifier quoting [donations_KEY]
2021-11-21T23:53:24,671|[DEBUG] Ejb3Column - Binding column: Ejb3Column{table=org.hibernate.mapping.Table(person), mappingColumn=donations_KEY, insertable=true, updatable=true, unique=false}
2021-11-21T23:53:24,671|[TRACE] NormalizingIdentifierHelperImpl - Normalizing identifier quoting [donations_KEY]
2021-11-21T23:53:24,671|[DEBUG] Ejb3Column - Binding column: Ejb3JoinColumn{logicalColumnName='donations_KEY', referencedColumn='null', mappedBy='null'}
2021-11-21T23:53:24,671|[DEBUG] Ejb3Column - Binding column: Ejb3JoinColumn{logicalColumnName='null', referencedColumn='null', mappedBy='owner'}
2021-11-21T23:53:24,671|[DEBUG] Ejb3Column - Binding column: Ejb3JoinColumn{logicalColumnName='null', referencedColumn='null', mappedBy='owner'}
2021-11-21T23:53:24,671|[DEBUG] CollectionBinder - Collection role: bloodbank.entity.Person.donations
2021-11-21T23:53:24,671|[DEBUG] PropertyBinder - Building property donations
2021-11-21T23:53:24,671|[TRACE] PropertyBinder - Cascading donations with persist,merge,refresh
2021-11-21T23:53:24,671|[TRACE] AnnotationBinder - Processing annotations of bloodbank.entity.Person.firstName
2021-11-21T23:53:24,671|[TRACE] NormalizingIdentifierHelperImpl - Normalizing identifier quoting [first_name]
2021-11-21T23:53:24,671|[TRACE] NormalizingIdentifierHelperImpl - Normalizing identifier quoting [first_name]
2021-11-21T23:53:24,671|[DEBUG] Ejb3Column - Binding column: Ejb3Column{table=org.hibernate.mapping.Table(person), mappingColumn=first_name, insertable=true, updatable=true, unique=false}
2021-11-21T23:53:24,671|[DEBUG] PropertyBinder - MetadataSourceProcessor property firstName with lazy=false
2021-11-21T23:53:24,671|[DEBUG] AbstractPropertyHolder - Attempting to locate auto-apply AttributeConverter for property [bloodbank.entity.Person:firstName]
2021-11-21T23:53:24,671|[DEBUG] SimpleValueBinder - building SimpleValue for firstName
2021-11-21T23:53:24,671|[TRACE] NormalizingIdentifierHelperImpl - Normalizing identifier quoting [first_name]
2021-11-21T23:53:24,671|[DEBUG] PropertyBinder - Building property firstName
2021-11-21T23:53:24,671|[TRACE] PropertyBinder - Cascading firstName with null
2021-11-21T23:53:24,671|[TRACE] AnnotationBinder - Processing annotations of bloodbank.entity.Person.lastName
2021-11-21T23:53:24,671|[TRACE] NormalizingIdentifierHelperImpl - Normalizing identifier quoting [last_name]
2021-11-21T23:53:24,671|[TRACE] NormalizingIdentifierHelperImpl - Normalizing identifier quoting [last_name]
2021-11-21T23:53:24,671|[DEBUG] Ejb3Column - Binding column: Ejb3Column{table=org.hibernate.mapping.Table(person), mappingColumn=last_name, insertable=true, updatable=true, unique=false}
2021-11-21T23:53:24,671|[DEBUG] PropertyBinder - MetadataSourceProcessor property lastName with lazy=false
2021-11-21T23:53:24,671|[DEBUG] AbstractPropertyHolder - Attempting to locate auto-apply AttributeConverter for property [bloodbank.entity.Person:lastName]
2021-11-21T23:53:24,671|[DEBUG] SimpleValueBinder - building SimpleValue for lastName
2021-11-21T23:53:24,671|[TRACE] NormalizingIdentifierHelperImpl - Normalizing identifier quoting [last_name]
2021-11-21T23:53:24,671|[DEBUG] PropertyBinder - Building property lastName
2021-11-21T23:53:24,671|[TRACE] PropertyBinder - Cascading lastName with null
2021-11-21T23:53:24,671|[DEBUG] AnnotationBinder - Binding entity from annotated class: bloodbank.entity.PublicBloodBank
2021-11-21T23:53:24,671|[DEBUG] EntityBinder - Import with entity name PublicBloodBank
2021-11-21T23:53:24,671|[TRACE] InFlightMetadataCollectorImpl - Import: PublicBloodBank -> bloodbank.entity.PublicBloodBank
2021-11-21T23:53:24,671|[TRACE] InFlightMetadataCollectorImpl - Import: bloodbank.entity.PublicBloodBank -> bloodbank.entity.PublicBloodBank
2021-11-21T23:53:24,671|[TRACE] NormalizingIdentifierHelperImpl - Normalizing identifier quoting [blood_bank]
2021-11-21T23:53:24,671|[DEBUG] AnnotationBinder - Binding entity from annotated class: bloodbank.entity.DonationRecord
2021-11-21T23:53:24,671|[DEBUG] QueryBinder - Binding named query: DonationRecord.findAll => SELECT d FROM DonationRecord d
2021-11-21T23:53:24,671|[TRACE] NormalizingIdentifierHelperImpl - Normalizing identifier quoting [DTYPE]
2021-11-21T23:53:24,671|[DEBUG] Ejb3Column - Binding column: Ejb3DiscriminatorColumn{logicalColumnName'DTYPE', discriminatorTypeName='string'}
2021-11-21T23:53:24,672|[DEBUG] EntityBinder - Import with entity name DonationRecord
2021-11-21T23:53:24,672|[TRACE] InFlightMetadataCollectorImpl - Import: DonationRecord -> bloodbank.entity.DonationRecord
2021-11-21T23:53:24,672|[TRACE] InFlightMetadataCollectorImpl - Import: bloodbank.entity.DonationRecord -> bloodbank.entity.DonationRecord
2021-11-21T23:53:24,672|[TRACE] NormalizingIdentifierHelperImpl - Normalizing identifier quoting [donation_record]
2021-11-21T23:53:24,672|[TRACE] NormalizingIdentifierHelperImpl - Normalizing identifier quoting [donation_record]
2021-11-21T23:53:24,672|[DEBUG] EntityBinder - Bind entity bloodbank.entity.DonationRecord on table donation_record
2021-11-21T23:53:24,672|[TRACE] AnnotationBinder - Processing annotations of bloodbank.entity.DonationRecord.id
2021-11-21T23:53:24,672|[DEBUG] Ejb3Column - Column(s) overridden for property id
2021-11-21T23:53:24,672|[TRACE] NormalizingIdentifierHelperImpl - Normalizing identifier quoting [record_id]
2021-11-21T23:53:24,672|[TRACE] NormalizingIdentifierHelperImpl - Normalizing identifier quoting [record_id]
2021-11-21T23:53:24,672|[DEBUG] Ejb3Column - Binding column: Ejb3Column{table=org.hibernate.mapping.Table(donation_record), mappingColumn=record_id, insertable=true, updatable=true, unique=false}
2021-11-21T23:53:24,672|[DEBUG] ClassLoaderAccessImpl - Not known whether passed class name [bloodbank.entity.DonationRecord] is safe
2021-11-21T23:53:24,672|[DEBUG] ClassLoaderAccessImpl - No temp ClassLoader provided; using live ClassLoader for loading potentially unsafe class : bloodbank.entity.DonationRecord
2021-11-21T23:53:24,672|[DEBUG] PropertyBinder - MetadataSourceProcessor property id with lazy=false
2021-11-21T23:53:24,672|[DEBUG] AbstractPropertyHolder - Attempting to locate auto-apply AttributeConverter for property [bloodbank.entity.DonationRecord:id]
2021-11-21T23:53:24,672|[DEBUG] SimpleValueBinder - building SimpleValue for id
2021-11-21T23:53:24,672|[TRACE] NormalizingIdentifierHelperImpl - Normalizing identifier quoting [record_id]
2021-11-21T23:53:24,672|[DEBUG] PropertyBinder - Building property id
2021-11-21T23:53:24,672|[TRACE] PropertyBinder - Cascading id with null
2021-11-21T23:53:24,672|[DEBUG] BinderHelper - #makeIdGenerator(org.hibernate.mapping.SimpleValue([org.hibernate.mapping.Column(record_id)]), id, identity, , ...)
2021-11-21T23:53:24,672|[TRACE] AnnotationBinder - Bind @Id on id
2021-11-21T23:53:24,672|[TRACE] AnnotationBinder - Processing annotations of bloodbank.entity.DonationRecord.epochCreated
2021-11-21T23:53:24,672|[TRACE] NormalizingIdentifierHelperImpl - Normalizing identifier quoting [created]
2021-11-21T23:53:24,672|[TRACE] NormalizingIdentifierHelperImpl - Normalizing identifier quoting [created]
2021-11-21T23:53:24,672|[DEBUG] Ejb3Column - Binding column: Ejb3Column{table=org.hibernate.mapping.Table(donation_record), mappingColumn=created, insertable=true, updatable=true, unique=false}
2021-11-21T23:53:24,672|[DEBUG] PropertyBinder - MetadataSourceProcessor property epochCreated with lazy=false
2021-11-21T23:53:24,672|[DEBUG] AbstractPropertyHolder - Attempting to locate auto-apply AttributeConverter for property [bloodbank.entity.DonationRecord:epochCreated]
2021-11-21T23:53:24,672|[DEBUG] SimpleValueBinder - building SimpleValue for epochCreated
2021-11-21T23:53:24,672|[TRACE] NormalizingIdentifierHelperImpl - Normalizing identifier quoting [created]
2021-11-21T23:53:24,672|[DEBUG] PropertyBinder - Building property epochCreated
2021-11-21T23:53:24,672|[TRACE] PropertyBinder - Cascading epochCreated with null
2021-11-21T23:53:24,672|[TRACE] AnnotationBinder - Processing annotations of bloodbank.entity.DonationRecord.epochUpdated
2021-11-21T23:53:24,672|[TRACE] NormalizingIdentifierHelperImpl - Normalizing identifier quoting [updated]
2021-11-21T23:53:24,672|[TRACE] NormalizingIdentifierHelperImpl - Normalizing identifier quoting [updated]
2021-11-21T23:53:24,672|[DEBUG] Ejb3Column - Binding column: Ejb3Column{table=org.hibernate.mapping.Table(donation_record), mappingColumn=updated, insertable=true, updatable=true, unique=false}
2021-11-21T23:53:24,672|[DEBUG] PropertyBinder - MetadataSourceProcessor property epochUpdated with lazy=false
2021-11-21T23:53:24,672|[DEBUG] AbstractPropertyHolder - Attempting to locate auto-apply AttributeConverter for property [bloodbank.entity.DonationRecord:epochUpdated]
2021-11-21T23:53:24,672|[DEBUG] SimpleValueBinder - building SimpleValue for epochUpdated
2021-11-21T23:53:24,672|[TRACE] NormalizingIdentifierHelperImpl - Normalizing identifier quoting [updated]
2021-11-21T23:53:24,672|[DEBUG] PropertyBinder - Building property epochUpdated
2021-11-21T23:53:24,672|[TRACE] PropertyBinder - Cascading epochUpdated with null
2021-11-21T23:53:24,672|[TRACE] AnnotationBinder - Processing annotations of bloodbank.entity.DonationRecord.version
2021-11-21T23:53:24,672|[TRACE] NormalizingIdentifierHelperImpl - Normalizing identifier quoting [version]
2021-11-21T23:53:24,672|[TRACE] NormalizingIdentifierHelperImpl - Normalizing identifier quoting [version]
2021-11-21T23:53:24,672|[DEBUG] Ejb3Column - Binding column: Ejb3Column{table=org.hibernate.mapping.Table(donation_record), mappingColumn=version, insertable=true, updatable=true, unique=false}
2021-11-21T23:53:24,672|[TRACE] AnnotationBinder - version is a version property
2021-11-21T23:53:24,672|[DEBUG] PropertyBinder - MetadataSourceProcessor property version with lazy=false
2021-11-21T23:53:24,672|[DEBUG] AbstractPropertyHolder - Attempting to locate auto-apply AttributeConverter for property [bloodbank.entity.DonationRecord:version]
2021-11-21T23:53:24,672|[DEBUG] SimpleValueBinder - building SimpleValue for version
2021-11-21T23:53:24,672|[TRACE] NormalizingIdentifierHelperImpl - Normalizing identifier quoting [version]
2021-11-21T23:53:24,672|[TRACE] NormalizingIdentifierHelperImpl - Normalizing identifier quoting [version]
2021-11-21T23:53:24,672|[TRACE] NormalizingIdentifierHelperImpl - Normalizing identifier quoting [version]
2021-11-21T23:53:24,672|[DEBUG] PropertyBinder - Building property version
2021-11-21T23:53:24,672|[TRACE] PropertyBinder - Cascading version with null
2021-11-21T23:53:24,672|[TRACE] AnnotationBinder - Version name: version, unsavedValue: undefined
2021-11-21T23:53:24,672|[TRACE] AnnotationBinder - Processing annotations of bloodbank.entity.DonationRecord.donation
2021-11-21T23:53:24,672|[TRACE] NormalizingIdentifierHelperImpl - Normalizing identifier quoting [donation_id]
2021-11-21T23:53:24,672|[DEBUG] Ejb3Column - Binding column: Ejb3JoinColumn{logicalColumnName='donation_id', referencedColumn='donation_id', mappedBy=''}
2021-11-21T23:53:24,672|[TRACE] NormalizingIdentifierHelperImpl - Normalizing identifier quoting [donation]
2021-11-21T23:53:24,672|[TRACE] NormalizingIdentifierHelperImpl - Normalizing identifier quoting [donation]
2021-11-21T23:53:24,672|[DEBUG] Ejb3Column - Binding column: Ejb3Column{table=org.hibernate.mapping.Table(donation_record), mappingColumn=donation, insertable=true, updatable=true, unique=false}
2021-11-21T23:53:24,672|[TRACE] AnnotationBinder - Fetching donation with JOIN
2021-11-21T23:53:24,672|[DEBUG] PropertyBinder - Building property donation
2021-11-21T23:53:24,672|[TRACE] PropertyBinder - Cascading donation with all
2021-11-21T23:53:24,672|[TRACE] AnnotationBinder - Processing annotations of bloodbank.entity.DonationRecord.owner
2021-11-21T23:53:24,672|[TRACE] NormalizingIdentifierHelperImpl - Normalizing identifier quoting [person_id]
2021-11-21T23:53:24,672|[DEBUG] Ejb3Column - Binding column: Ejb3JoinColumn{logicalColumnName='person_id', referencedColumn='id', mappedBy=''}
2021-11-21T23:53:24,672|[TRACE] NormalizingIdentifierHelperImpl - Normalizing identifier quoting [owner]
2021-11-21T23:53:24,672|[TRACE] NormalizingIdentifierHelperImpl - Normalizing identifier quoting [owner]
2021-11-21T23:53:24,672|[DEBUG] Ejb3Column - Binding column: Ejb3Column{table=org.hibernate.mapping.Table(donation_record), mappingColumn=owner, insertable=true, updatable=true, unique=false}
2021-11-21T23:53:24,672|[DEBUG] PropertyBinder - Building property owner
2021-11-21T23:53:24,672|[TRACE] PropertyBinder - Cascading owner with none
2021-11-21T23:53:24,672|[TRACE] AnnotationBinder - Processing annotations of bloodbank.entity.DonationRecord.tested
2021-11-21T23:53:24,672|[TRACE] NormalizingIdentifierHelperImpl - Normalizing identifier quoting [tested]
2021-11-21T23:53:24,672|[TRACE] NormalizingIdentifierHelperImpl - Normalizing identifier quoting [tested]
2021-11-21T23:53:24,672|[DEBUG] Ejb3Column - Binding column: Ejb3Column{table=org.hibernate.mapping.Table(donation_record), mappingColumn=tested, insertable=true, updatable=true, unique=false}
2021-11-21T23:53:24,672|[DEBUG] PropertyBinder - MetadataSourceProcessor property tested with lazy=false
2021-11-21T23:53:24,672|[DEBUG] AbstractPropertyHolder - Attempting to locate auto-apply AttributeConverter for property [bloodbank.entity.DonationRecord:tested]
2021-11-21T23:53:24,672|[DEBUG] SimpleValueBinder - building SimpleValue for tested
2021-11-21T23:53:24,673|[TRACE] NormalizingIdentifierHelperImpl - Normalizing identifier quoting [tested]
2021-11-21T23:53:24,673|[TRACE] NormalizingIdentifierHelperImpl - Normalizing identifier quoting [tested]
2021-11-21T23:53:24,673|[TRACE] NormalizingIdentifierHelperImpl - Normalizing identifier quoting [tested]
2021-11-21T23:53:24,673|[DEBUG] PropertyBinder - Building property tested
2021-11-21T23:53:24,673|[TRACE] PropertyBinder - Cascading tested with null
2021-11-21T23:53:24,673|[DEBUG] SimpleValueBinder - Starting fillSimpleValue for personId
2021-11-21T23:53:24,673|[DEBUG] SimpleValueBinder - Starting fillSimpleValue for phoneId
2021-11-21T23:53:24,673|[DEBUG] SimpleValueBinder - Starting fillSimpleValue for epochCreated
2021-11-21T23:53:24,673|[DEBUG] SimpleValueBinder - Starting fillSimpleValue for epochUpdated
2021-11-21T23:53:24,673|[DEBUG] SimpleValueBinder - Starting fillSimpleValue for version
2021-11-21T23:53:24,673|[DEBUG] SimpleValueBinder - Starting fillSimpleValue for contactType
2021-11-21T23:53:24,673|[DEBUG] SimpleValueBinder - Starting fillSimpleValue for email
2021-11-21T23:53:24,673|[DEBUG] SimpleValueBinder - Starting fillSimpleValue for id
2021-11-21T23:53:24,673|[DEBUG] SimpleValueBinder - Starting fillSimpleValue for epochCreated
2021-11-21T23:53:24,673|[DEBUG] SimpleValueBinder - Starting fillSimpleValue for epochUpdated
2021-11-21T23:53:24,673|[DEBUG] SimpleValueBinder - Starting fillSimpleValue for version
2021-11-21T23:53:24,673|[DEBUG] SimpleValueBinder - Starting fillSimpleValue for areaCode
2021-11-21T23:53:24,673|[DEBUG] SimpleValueBinder - Starting fillSimpleValue for countryCode
2021-11-21T23:53:24,673|[DEBUG] SimpleValueBinder - Starting fillSimpleValue for number
2021-11-21T23:53:24,673|[DEBUG] SimpleValueBinder - Starting fillSimpleValue for id
2021-11-21T23:53:24,673|[DEBUG] SimpleValueBinder - Starting fillSimpleValue for epochCreated
2021-11-21T23:53:24,673|[DEBUG] SimpleValueBinder - Starting fillSimpleValue for epochUpdated
2021-11-21T23:53:24,673|[DEBUG] SimpleValueBinder - Starting fillSimpleValue for version
2021-11-21T23:53:24,673|[DEBUG] SimpleValueBinder - Starting fillSimpleValue for bloodGroup
2021-11-21T23:53:24,673|[DEBUG] SimpleValueBinder - Starting fillSimpleValue for rhd
2021-11-21T23:53:24,673|[DEBUG] SimpleValueBinder - Starting fillSimpleValue for milliliters
2021-11-21T23:53:24,673|[DEBUG] SimpleValueBinder - Starting fillSimpleValue for id
2021-11-21T23:53:24,673|[DEBUG] SimpleValueBinder - Starting fillSimpleValue for epochCreated
2021-11-21T23:53:24,673|[DEBUG] SimpleValueBinder - Starting fillSimpleValue for epochUpdated
2021-11-21T23:53:24,674|[DEBUG] SimpleValueBinder - Starting fillSimpleValue for version
2021-11-21T23:53:24,674|[DEBUG] SimpleValueBinder - Starting fillSimpleValue for name
2021-11-21T23:53:24,674|[DEBUG] SimpleValueBinder - Starting fillSimpleValue for id
2021-11-21T23:53:24,674|[DEBUG] SimpleValueBinder - Starting fillSimpleValue for epochCreated
2021-11-21T23:53:24,674|[DEBUG] SimpleValueBinder - Starting fillSimpleValue for epochUpdated
2021-11-21T23:53:24,674|[DEBUG] SimpleValueBinder - Starting fillSimpleValue for version
2021-11-21T23:53:24,674|[DEBUG] SimpleValueBinder - Starting fillSimpleValue for city
2021-11-21T23:53:24,674|[DEBUG] SimpleValueBinder - Starting fillSimpleValue for country
2021-11-21T23:53:24,674|[DEBUG] SimpleValueBinder - Starting fillSimpleValue for province
2021-11-21T23:53:24,674|[DEBUG] SimpleValueBinder - Starting fillSimpleValue for street
2021-11-21T23:53:24,674|[DEBUG] SimpleValueBinder - Starting fillSimpleValue for streetNumber
2021-11-21T23:53:24,674|[DEBUG] SimpleValueBinder - Starting fillSimpleValue for zipcode
2021-11-21T23:53:24,674|[DEBUG] SimpleValueBinder - Starting fillSimpleValue for id
2021-11-21T23:53:24,674|[DEBUG] SimpleValueBinder - Starting fillSimpleValue for epochCreated
2021-11-21T23:53:24,674|[DEBUG] SimpleValueBinder - Starting fillSimpleValue for epochUpdated
2021-11-21T23:53:24,674|[DEBUG] SimpleValueBinder - Starting fillSimpleValue for version
2021-11-21T23:53:24,674|[DEBUG] SimpleValueBinder - Starting fillSimpleValue for firstName
2021-11-21T23:53:24,674|[DEBUG] SimpleValueBinder - Starting fillSimpleValue for lastName
2021-11-21T23:53:24,674|[DEBUG] SimpleValueBinder - Starting fillSimpleValue for id
2021-11-21T23:53:24,674|[DEBUG] SimpleValueBinder - Starting fillSimpleValue for epochCreated
2021-11-21T23:53:24,674|[DEBUG] SimpleValueBinder - Starting fillSimpleValue for epochUpdated
2021-11-21T23:53:24,674|[DEBUG] SimpleValueBinder - Starting fillSimpleValue for version
2021-11-21T23:53:24,674|[DEBUG] SimpleValueBinder - Starting fillSimpleValue for tested
2021-11-21T23:53:24,674|[TRACE] NormalizingIdentifierHelperImpl - Normalizing identifier quoting [address_id]
2021-11-21T23:53:24,674|[TRACE] NormalizingIdentifierHelperImpl - Normalizing identifier quoting [address_id]
2021-11-21T23:53:24,674|[TRACE] NormalizingIdentifierHelperImpl - Normalizing identifier quoting [address_id]
2021-11-21T23:53:24,674|[TRACE] NormalizingIdentifierHelperImpl - Normalizing identifier quoting [address_id]
2021-11-21T23:53:24,674|[TRACE] NormalizingIdentifierHelperImpl - Normalizing identifier quoting [address_id]
2021-11-21T23:53:24,674|[TRACE] NormalizingIdentifierHelperImpl - Normalizing identifier quoting [address_id]
2021-11-21T23:53:24,674|[TRACE] NormalizingIdentifierHelperImpl - Normalizing identifier quoting [address_id]
2021-11-21T23:53:24,674|[TRACE] NormalizingIdentifierHelperImpl - Normalizing identifier quoting [address_id]
2021-11-21T23:53:24,674|[TRACE] NormalizingIdentifierHelperImpl - Normalizing identifier quoting [address_id]
2021-11-21T23:53:24,674|[TRACE] NormalizingIdentifierHelperImpl - Normalizing identifier quoting [id]
2021-11-21T23:53:24,674|[TRACE] NormalizingIdentifierHelperImpl - Normalizing identifier quoting [id]
2021-11-21T23:53:24,674|[TRACE] NormalizingIdentifierHelperImpl - Normalizing identifier quoting [id]
2021-11-21T23:53:24,674|[TRACE] NormalizingIdentifierHelperImpl - Normalizing identifier quoting [id]
2021-11-21T23:53:24,674|[TRACE] NormalizingIdentifierHelperImpl - Normalizing identifier quoting [id]
2021-11-21T23:53:24,674|[TRACE] NormalizingIdentifierHelperImpl - Normalizing identifier quoting [person_id]
2021-11-21T23:53:24,674|[TRACE] NormalizingIdentifierHelperImpl - Normalizing identifier quoting [id]
2021-11-21T23:53:24,674|[TRACE] NormalizingIdentifierHelperImpl - Normalizing identifier quoting [person_id]
2021-11-21T23:53:24,674|[TRACE] NormalizingIdentifierHelperImpl - Normalizing identifier quoting [person_id]
2021-11-21T23:53:24,674|[TRACE] NormalizingIdentifierHelperImpl - Normalizing identifier quoting [phone_id]
2021-11-21T23:53:24,674|[TRACE] NormalizingIdentifierHelperImpl - Normalizing identifier quoting [phone_id]
2021-11-21T23:53:24,674|[TRACE] NormalizingIdentifierHelperImpl - Normalizing identifier quoting [phone_id]
2021-11-21T23:53:24,674|[TRACE] NormalizingIdentifierHelperImpl - Normalizing identifier quoting [phone_id]
2021-11-21T23:53:24,674|[TRACE] NormalizingIdentifierHelperImpl - Normalizing identifier quoting [phone_id]
2021-11-21T23:53:24,674|[TRACE] NormalizingIdentifierHelperImpl - Normalizing identifier quoting [phone_id]
2021-11-21T23:53:24,674|[TRACE] NormalizingIdentifierHelperImpl - Normalizing identifier quoting [phone_id]
2021-11-21T23:53:24,674|[TRACE] NormalizingIdentifierHelperImpl - Normalizing identifier quoting [phone_id]
2021-11-21T23:53:24,674|[TRACE] NormalizingIdentifierHelperImpl - Normalizing identifier quoting [phone_id]
2021-11-21T23:53:24,674|[TRACE] NormalizingIdentifierHelperImpl - Normalizing identifier quoting [bank_id]
2021-11-21T23:53:24,674|[TRACE] NormalizingIdentifierHelperImpl - Normalizing identifier quoting [bank_id]
2021-11-21T23:53:24,674|[TRACE] NormalizingIdentifierHelperImpl - Normalizing identifier quoting [bank_id]
2021-11-21T23:53:24,674|[TRACE] NormalizingIdentifierHelperImpl - Normalizing identifier quoting [bank_id]
2021-11-21T23:53:24,674|[TRACE] NormalizingIdentifierHelperImpl - Normalizing identifier quoting [bank_id]
2021-11-21T23:53:24,674|[TRACE] NormalizingIdentifierHelperImpl - Normalizing identifier quoting [bank_id]
2021-11-21T23:53:24,674|[TRACE] NormalizingIdentifierHelperImpl - Normalizing identifier quoting [bank_id]
2021-11-21T23:53:24,674|[TRACE] NormalizingIdentifierHelperImpl - Normalizing identifier quoting [bank_id]
2021-11-21T23:53:24,674|[TRACE] NormalizingIdentifierHelperImpl - Normalizing identifier quoting [bank_id]
2021-11-21T23:53:24,674|[TRACE] NormalizingIdentifierHelperImpl - Normalizing identifier quoting [donation_id]
2021-11-21T23:53:24,674|[TRACE] NormalizingIdentifierHelperImpl - Normalizing identifier quoting [donation_id]
2021-11-21T23:53:24,674|[TRACE] NormalizingIdentifierHelperImpl - Normalizing identifier quoting [donation_id]
2021-11-21T23:53:24,674|[TRACE] NormalizingIdentifierHelperImpl - Normalizing identifier quoting [donation_id]
2021-11-21T23:53:24,674|[TRACE] NormalizingIdentifierHelperImpl - Normalizing identifier quoting [donation_id]
2021-11-21T23:53:24,674|[TRACE] NormalizingIdentifierHelperImpl - Normalizing identifier quoting [donation_id]
2021-11-21T23:53:24,674|[TRACE] NormalizingIdentifierHelperImpl - Normalizing identifier quoting [donation_id]
2021-11-21T23:53:24,674|[TRACE] NormalizingIdentifierHelperImpl - Normalizing identifier quoting [donation_id]
2021-11-21T23:53:24,674|[TRACE] NormalizingIdentifierHelperImpl - Normalizing identifier quoting [donation_id]
2021-11-21T23:53:24,674|[TRACE] NormalizingIdentifierHelperImpl - Normalizing identifier quoting [id]
2021-11-21T23:53:24,674|[TRACE] NormalizingIdentifierHelperImpl - Normalizing identifier quoting [id]
2021-11-21T23:53:24,674|[TRACE] NormalizingIdentifierHelperImpl - Normalizing identifier quoting [id]
2021-11-21T23:53:24,674|[TRACE] NormalizingIdentifierHelperImpl - Normalizing identifier quoting [id]
2021-11-21T23:53:24,674|[TRACE] NormalizingIdentifierHelperImpl - Normalizing identifier quoting [id]
2021-11-21T23:53:24,674|[TRACE] NormalizingIdentifierHelperImpl - Normalizing identifier quoting [person_id]
2021-11-21T23:53:24,674|[TRACE] NormalizingIdentifierHelperImpl - Normalizing identifier quoting [id]
2021-11-21T23:53:24,674|[TRACE] NormalizingIdentifierHelperImpl - Normalizing identifier quoting [person_id]
2021-11-21T23:53:24,674|[TRACE] NormalizingIdentifierHelperImpl - Normalizing identifier quoting [person_id]
2021-11-21T23:53:24,674|[DEBUG] PrimaryKey - Forcing column [person_id] to be non-null as it is part of the primary key for table [contact]
2021-11-21T23:53:24,674|[DEBUG] PrimaryKey - Forcing column [phone_id] to be non-null as it is part of the primary key for table [contact]
2021-11-21T23:53:24,674|[DEBUG] PrimaryKey - Forcing column [phone_id] to be non-null as it is part of the primary key for table [phone]
2021-11-21T23:53:24,674|[DEBUG] PrimaryKey - Forcing column [donation_id] to be non-null as it is part of the primary key for table [blood_donation]
2021-11-21T23:53:24,674|[DEBUG] PrimaryKey - Forcing column [bank_id] to be non-null as it is part of the primary key for table [blood_bank]
2021-11-21T23:53:24,674|[DEBUG] PrimaryKey - Forcing column [address_id] to be non-null as it is part of the primary key for table [address]
2021-11-21T23:53:24,674|[DEBUG] PrimaryKey - Forcing column [id] to be non-null as it is part of the primary key for table [person]
2021-11-21T23:53:24,674|[DEBUG] PrimaryKey - Forcing column [record_id] to be non-null as it is part of the primary key for table [donation_record]
2021-11-21T23:53:24,674|[DEBUG] PropertyBinder - Building property record
2021-11-21T23:53:24,674|[TRACE] PropertyBinder - Cascading record with none
2021-11-21T23:53:24,674|[DEBUG] CollectionSecondPass - Second pass for collection: bloodbank.entity.Phone.contacts
2021-11-21T23:53:24,674|[DEBUG] CollectionBinder - Binding a OneToMany: bloodbank.entity.Phone.contacts through a foreign key
2021-11-21T23:53:24,674|[DEBUG] CollectionBinder - Mapping collection: bloodbank.entity.Phone.contacts -> contact
2021-11-21T23:53:24,674|[DEBUG] TableBinder - Retrieving property bloodbank.entity.Contact.phone
2021-11-21T23:53:24,674|[DEBUG] CollectionSecondPass - Mapped collection key: phone_id, one-to-many: bloodbank.entity.Contact
2021-11-21T23:53:24,674|[DEBUG] CollectionSecondPass - Second pass for collection: bloodbank.entity.BloodBank.donations
2021-11-21T23:53:24,675|[DEBUG] CollectionBinder - Binding a OneToMany: bloodbank.entity.BloodBank.donations through a foreign key
2021-11-21T23:53:24,675|[DEBUG] CollectionBinder - Mapping collection: bloodbank.entity.BloodBank.donations -> blood_donation
2021-11-21T23:53:24,675|[DEBUG] TableBinder - Retrieving property bloodbank.entity.BloodDonation.bank
2021-11-21T23:53:24,675|[DEBUG] CollectionSecondPass - Mapped collection key: bank_id, one-to-many: bloodbank.entity.BloodDonation
2021-11-21T23:53:24,675|[DEBUG] CollectionSecondPass - Second pass for collection: bloodbank.entity.Address.contacts
2021-11-21T23:53:24,675|[DEBUG] CollectionBinder - Binding a OneToMany: bloodbank.entity.Address.contacts through a foreign key
2021-11-21T23:53:24,675|[DEBUG] CollectionBinder - Mapping collection: bloodbank.entity.Address.contacts -> contact
2021-11-21T23:53:24,675|[DEBUG] TableBinder - Retrieving property bloodbank.entity.Contact.address
2021-11-21T23:53:24,675|[DEBUG] CollectionSecondPass - Mapped collection key: address_id, one-to-many: bloodbank.entity.Contact
2021-11-21T23:53:24,675|[DEBUG] CollectionSecondPass - Second pass for collection: bloodbank.entity.Person.contacts
2021-11-21T23:53:24,675|[DEBUG] CollectionBinder - Binding a OneToMany: bloodbank.entity.Person.contacts through a foreign key
2021-11-21T23:53:24,675|[DEBUG] CollectionBinder - Mapping collection: bloodbank.entity.Person.contacts -> contact
2021-11-21T23:53:24,675|[DEBUG] TableBinder - Retrieving property bloodbank.entity.Contact.owner
2021-11-21T23:53:24,675|[DEBUG] CollectionSecondPass - Mapped collection key: person_id, one-to-many: bloodbank.entity.Contact
2021-11-21T23:53:24,675|[DEBUG] CollectionSecondPass - Second pass for collection: bloodbank.entity.Person.donations
2021-11-21T23:53:24,675|[DEBUG] CollectionBinder - Binding a OneToMany: bloodbank.entity.Person.donations through a foreign key
2021-11-21T23:53:24,675|[DEBUG] CollectionBinder - Mapping collection: bloodbank.entity.Person.donations -> donation_record
2021-11-21T23:53:24,675|[DEBUG] TableBinder - Retrieving property bloodbank.entity.DonationRecord.owner
2021-11-21T23:53:24,675|[DEBUG] CollectionSecondPass - Mapped collection key: person_id, one-to-many: bloodbank.entity.DonationRecord
2021-11-21T23:53:24,675|[DEBUG] InFlightMetadataCollectorImpl - Resolving reference to class: bloodbank.entity.BloodBank
2021-11-21T23:53:24,675|[TRACE] NormalizingIdentifierHelperImpl - Normalizing identifier quoting [bank_id]
2021-11-21T23:53:24,675|[TRACE] NormalizingIdentifierHelperImpl - Normalizing identifier quoting [FK35l5lwcy7xl2a6tvg04g7o78o]
2021-11-21T23:53:24,675|[DEBUG] InFlightMetadataCollectorImpl - Resolving reference to class: bloodbank.entity.Address
2021-11-21T23:53:24,675|[TRACE] NormalizingIdentifierHelperImpl - Normalizing identifier quoting [address_id]
2021-11-21T23:53:24,675|[TRACE] NormalizingIdentifierHelperImpl - Normalizing identifier quoting [FKl0sju2uai8cgdtic18wy5hlfr]
2021-11-21T23:53:24,675|[DEBUG] InFlightMetadataCollectorImpl - Resolving reference to class: bloodbank.entity.Person
2021-11-21T23:53:24,675|[TRACE] NormalizingIdentifierHelperImpl - Normalizing identifier quoting [person_id]
2021-11-21T23:53:24,675|[TRACE] NormalizingIdentifierHelperImpl - Normalizing identifier quoting [FKjbcdaayhsa4dhcuc5q0kkw8et]
2021-11-21T23:53:24,675|[DEBUG] InFlightMetadataCollectorImpl - Resolving reference to class: bloodbank.entity.Phone
2021-11-21T23:53:24,675|[TRACE] NormalizingIdentifierHelperImpl - Normalizing identifier quoting [phone_id]
2021-11-21T23:53:24,675|[TRACE] NormalizingIdentifierHelperImpl - Normalizing identifier quoting [FKj0erqcin09fsecb869qdkgnli]
2021-11-21T23:53:24,675|[DEBUG] InFlightMetadataCollectorImpl - Resolving reference to class: bloodbank.entity.BloodDonation
2021-11-21T23:53:24,675|[TRACE] NormalizingIdentifierHelperImpl - Normalizing identifier quoting [donation_id]
2021-11-21T23:53:24,675|[TRACE] NormalizingIdentifierHelperImpl - Normalizing identifier quoting [FK5os0h3pehrbipqs82hpi2roqi]
2021-11-21T23:53:24,675|[DEBUG] InFlightMetadataCollectorImpl - Resolving reference to class: bloodbank.entity.Person
2021-11-21T23:53:24,675|[TRACE] NormalizingIdentifierHelperImpl - Normalizing identifier quoting [person_id]
2021-11-21T23:53:24,675|[TRACE] NormalizingIdentifierHelperImpl - Normalizing identifier quoting [FKg7oj3wip5i4to211cj8e1d4nx]
2021-11-21T23:53:24,676|[DEBUG] InFlightMetadataCollectorImpl - Resolving reference to class: bloodbank.entity.BloodBank
2021-11-21T23:53:24,676|[TRACE] NormalizingIdentifierHelperImpl - Normalizing identifier quoting [bank_id]
2021-11-21T23:53:24,676|[DEBUG] InFlightMetadataCollectorImpl - Resolving reference to class: bloodbank.entity.Address
2021-11-21T23:53:24,676|[TRACE] NormalizingIdentifierHelperImpl - Normalizing identifier quoting [address_id]
2021-11-21T23:53:24,676|[DEBUG] InFlightMetadataCollectorImpl - Resolving reference to class: bloodbank.entity.Person
2021-11-21T23:53:24,676|[TRACE] NormalizingIdentifierHelperImpl - Normalizing identifier quoting [person_id]
2021-11-21T23:53:24,676|[DEBUG] InFlightMetadataCollectorImpl - Resolving reference to class: bloodbank.entity.Phone
2021-11-21T23:53:24,676|[TRACE] NormalizingIdentifierHelperImpl - Normalizing identifier quoting [phone_id]
2021-11-21T23:53:24,676|[DEBUG] InFlightMetadataCollectorImpl - Resolving reference to class: bloodbank.entity.BloodDonation
2021-11-21T23:53:24,676|[TRACE] NormalizingIdentifierHelperImpl - Normalizing identifier quoting [donation_id]
2021-11-21T23:53:24,676|[DEBUG] InFlightMetadataCollectorImpl - Resolving reference to class: bloodbank.entity.Person
2021-11-21T23:53:24,676|[TRACE] NormalizingIdentifierHelperImpl - Normalizing identifier quoting [person_id]
2021-11-21T23:53:24,676|[TRACE] AbstractServiceRegistryImpl - Initializing service [role=org.hibernate.property.access.spi.PropertyAccessStrategyResolver]
2021-11-21T23:53:24,676|[TRACE] AbstractServiceRegistryImpl - Initializing service [role=org.hibernate.boot.spi.SessionFactoryBuilderService]
2021-11-21T23:53:24,676|[TRACE] BatchFetchStyle - Interpreting BatchFetchStyle from setting : null
2021-11-21T23:53:24,676|[TRACE] AbstractServiceRegistryImpl - Initializing service [role=org.hibernate.resource.transaction.spi.TransactionCoordinatorBuilder]
2021-11-21T23:53:24,677|[TRACE] AbstractServiceRegistryImpl - Initializing service [role=org.hibernate.bytecode.spi.BytecodeProvider]
2021-11-21T23:53:24,677|[DEBUG] SessionFactoryImpl - Building session factory
2021-11-21T23:53:24,677|[DEBUG] Settings - SessionFactory name : null
2021-11-21T23:53:24,677|[DEBUG] Settings - Automatic flush during beforeCompletion(): enabled
2021-11-21T23:53:24,677|[DEBUG] Settings - Automatic session close at end of transaction: disabled
2021-11-21T23:53:24,677|[DEBUG] Settings - Statistics: disabled
2021-11-21T23:53:24,677|[DEBUG] Settings - Deleted entity synthetic identifier rollback: disabled
2021-11-21T23:53:24,677|[DEBUG] Settings - Default entity-mode: pojo
2021-11-21T23:53:24,677|[DEBUG] Settings - Check Nullability in Core (should be disabled when Bean Validation is on): enabled
2021-11-21T23:53:24,677|[DEBUG] Settings - Allow initialization of lazy state outside session : disabled
2021-11-21T23:53:24,677|[DEBUG] Settings - Using BatchFetchStyle : LEGACY
2021-11-21T23:53:24,677|[DEBUG] Settings - Default batch fetch size: -1
2021-11-21T23:53:24,677|[DEBUG] Settings - Maximum outer join fetch depth: 2
2021-11-21T23:53:24,677|[DEBUG] Settings - Default null ordering: NONE
2021-11-21T23:53:24,677|[DEBUG] Settings - Order SQL updates by primary key: disabled
2021-11-21T23:53:24,677|[DEBUG] Settings - Order SQL inserts for batching: disabled
2021-11-21T23:53:24,677|[DEBUG] Settings - multi-tenancy strategy : NONE
2021-11-21T23:53:24,677|[DEBUG] Settings - JTA Track by Thread: enabled
2021-11-21T23:53:24,677|[DEBUG] Settings - Query language substitutions: {}
2021-11-21T23:53:24,677|[DEBUG] Settings - Named query checking : enabled
2021-11-21T23:53:24,677|[DEBUG] Settings - Second-level cache: disabled
2021-11-21T23:53:24,677|[DEBUG] Settings - Second-level query cache: disabled
2021-11-21T23:53:24,677|[DEBUG] Settings - Second-level query cache factory: null
2021-11-21T23:53:24,677|[DEBUG] Settings - Second-level cache region prefix: null
2021-11-21T23:53:24,677|[DEBUG] Settings - Optimize second-level cache for minimal puts: disabled
2021-11-21T23:53:24,677|[DEBUG] Settings - Structured second-level cache entries: disabled
2021-11-21T23:53:24,677|[DEBUG] Settings - Second-level cache direct-reference entries: disabled
2021-11-21T23:53:24,677|[DEBUG] Settings - Automatic eviction of collection cache: disabled
2021-11-21T23:53:24,677|[DEBUG] Settings - JDBC batch size: 15
2021-11-21T23:53:24,677|[DEBUG] Settings - JDBC batch updates for versioned data: enabled
2021-11-21T23:53:24,677|[DEBUG] Settings - Scrollable result sets: enabled
2021-11-21T23:53:24,677|[DEBUG] Settings - Wrap result sets: disabled
2021-11-21T23:53:24,677|[DEBUG] Settings - JDBC3 getGeneratedKeys(): enabled
2021-11-21T23:53:24,677|[DEBUG] Settings - JDBC result set fetch size: null
2021-11-21T23:53:24,677|[DEBUG] Settings - Connection release mode: AFTER_TRANSACTION
2021-11-21T23:53:24,677|[DEBUG] Settings - Generate SQL with comments: enabled
2021-11-21T23:53:24,677|[DEBUG] Settings - JPA compliance - query : disabled
2021-11-21T23:53:24,677|[DEBUG] Settings - JPA compliance - closed-handling : disabled
2021-11-21T23:53:24,677|[DEBUG] Settings - JPA compliance - lists : disabled
2021-11-21T23:53:24,677|[DEBUG] Settings - JPA compliance - transactions : disabled
2021-11-21T23:53:24,677|[TRACE] AbstractServiceRegistryImpl - Initializing service [role=org.hibernate.service.spi.SessionFactoryServiceRegistryFactory]
2021-11-21T23:53:24,678|[TRACE] AbstractServiceRegistryImpl - Initializing service [role=org.hibernate.event.service.spi.EventListenerRegistry]
2021-11-21T23:53:24,678|[TRACE] AbstractServiceRegistryImpl - Initializing service [role=org.hibernate.resource.beans.spi.ManagedBeanRegistry]
2021-11-21T23:53:24,678|[INFO ] beans - HHH10005002: No explicit CDI BeanManager reference was passed to Hibernate, but CDI is available on the Hibernate ClassLoader.
2021-11-21T23:53:24,679|[TRACE] FallbackBeanInstanceProducer - Creating ManagedBean(bloodbank.entity.PojoCompositeListener) using direct instantiation
2021-11-21T23:53:24,679|[DEBUG] CallbackBuilderLegacyImpl - Adding setUpdatedDate as PreUpdate callback for entity bloodbank.entity.Contact
2021-11-21T23:53:24,679|[DEBUG] CallbackBuilderLegacyImpl - Adding setCreatedOnDate as PrePersist callback for entity bloodbank.entity.Contact
2021-11-21T23:53:24,679|[TRACE] FallbackBeanInstanceProducer - Creating ManagedBean(bloodbank.entity.PojoListener) using direct instantiation
2021-11-21T23:53:24,679|[DEBUG] CallbackBuilderLegacyImpl - Adding setUpdatedDate as PreUpdate callback for entity bloodbank.entity.Phone
2021-11-21T23:53:24,679|[DEBUG] CallbackBuilderLegacyImpl - Adding setCreatedOnDate as PrePersist callback for entity bloodbank.entity.Phone
2021-11-21T23:53:24,679|[DEBUG] CallbackBuilderLegacyImpl - Adding setUpdatedDate as PreUpdate callback for entity bloodbank.entity.BloodDonation
2021-11-21T23:53:24,679|[DEBUG] CallbackBuilderLegacyImpl - Adding setCreatedOnDate as PrePersist callback for entity bloodbank.entity.BloodDonation
2021-11-21T23:53:24,679|[DEBUG] CallbackBuilderLegacyImpl - Adding setUpdatedDate as PreUpdate callback for entity bloodbank.entity.BloodBank
2021-11-21T23:53:24,679|[DEBUG] CallbackBuilderLegacyImpl - Adding setCreatedOnDate as PrePersist callback for entity bloodbank.entity.BloodBank
2021-11-21T23:53:24,679|[DEBUG] ClassLoaderAccessImpl - Not known whether passed class name [bloodbank.entity.PrivateBloodBank] is safe
2021-11-21T23:53:24,679|[DEBUG] ClassLoaderAccessImpl - No temp ClassLoader provided; using live ClassLoader for loading potentially unsafe class : bloodbank.entity.PrivateBloodBank
2021-11-21T23:53:24,679|[DEBUG] CallbackBuilderLegacyImpl - Adding setUpdatedDate as PreUpdate callback for entity bloodbank.entity.PrivateBloodBank
2021-11-21T23:53:24,680|[DEBUG] CallbackBuilderLegacyImpl - Adding setCreatedOnDate as PrePersist callback for entity bloodbank.entity.PrivateBloodBank
2021-11-21T23:53:24,680|[DEBUG] CallbackBuilderLegacyImpl - Adding setUpdatedDate as PreUpdate callback for entity bloodbank.entity.DonationRecord
2021-11-21T23:53:24,680|[DEBUG] CallbackBuilderLegacyImpl - Adding setCreatedOnDate as PrePersist callback for entity bloodbank.entity.DonationRecord
2021-11-21T23:53:24,680|[DEBUG] CallbackBuilderLegacyImpl - Adding setUpdatedDate as PreUpdate callback for entity bloodbank.entity.Address
2021-11-21T23:53:24,680|[DEBUG] CallbackBuilderLegacyImpl - Adding setCreatedOnDate as PrePersist callback for entity bloodbank.entity.Address
2021-11-21T23:53:24,680|[DEBUG] CallbackBuilderLegacyImpl - Adding setUpdatedDate as PreUpdate callback for entity bloodbank.entity.Person
2021-11-21T23:53:24,680|[DEBUG] CallbackBuilderLegacyImpl - Adding setCreatedOnDate as PrePersist callback for entity bloodbank.entity.Person
2021-11-21T23:53:24,680|[DEBUG] ClassLoaderAccessImpl - Not known whether passed class name [bloodbank.entity.PublicBloodBank] is safe
2021-11-21T23:53:24,680|[DEBUG] ClassLoaderAccessImpl - No temp ClassLoader provided; using live ClassLoader for loading potentially unsafe class : bloodbank.entity.PublicBloodBank
2021-11-21T23:53:24,680|[DEBUG] CallbackBuilderLegacyImpl - Adding setUpdatedDate as PreUpdate callback for entity bloodbank.entity.PublicBloodBank
2021-11-21T23:53:24,680|[DEBUG] CallbackBuilderLegacyImpl - Adding setCreatedOnDate as PrePersist callback for entity bloodbank.entity.PublicBloodBank
2021-11-21T23:53:24,680|[TRACE] AbstractServiceRegistryImpl - Initializing service [role=org.hibernate.cache.spi.CacheImplementor]
2021-11-21T23:53:24,680|[DEBUG] SessionFactoryImpl - Session factory constructed with filter configurations : {}
2021-11-21T23:53:24,680|[DEBUG] SessionFactoryImpl - Instantiating session factory with properties: {sun.desktop=windows, awt.toolkit=sun.awt.windows.WToolkit, hibernate.format_sql=true, java.specification.version=11, sun.cpu.isalist=amd64, sun.jnu.encoding=Cp1252, hibernate.dialect=org.hibernate.dialect.MySQL8Dialect, java.class.path=C:\Users\Herman\Desktop\School\Level 4\Jave Enterprise Application\Assignment_3\BloodBank-JPA-Mapping-JUnit-Skeleton\target\test-classes;C:\Users\Herman\.m2\repository\org\junit\jupiter\junit-jupiter\5.7.0\junit-jupiter-5.7.0.jar;C:\Users\Herman\.m2\repository\org\junit\jupiter\junit-jupiter-api\5.7.0\junit-jupiter-api-5.7.0.jar;C:\Users\Herman\.m2\repository\org\apiguardian\apiguardian-api\1.1.0\apiguardian-api-1.1.0.jar;C:\Users\Herman\.m2\repository\org\opentest4j\opentest4j\1.2.0\opentest4j-1.2.0.jar;C:\Users\Herman\.m2\repository\org\junit\platform\junit-platform-commons\1.7.0\junit-platform-commons-1.7.0.jar;C:\Users\Herman\.m2\repository\org\junit\jupiter\junit-jupiter-params\5.7.0\junit-jupiter-params-5.7.0.jar;C:\Users\Herman\.m2\repository\org\junit\jupiter\junit-jupiter-engine\5.7.0\junit-jupiter-engine-5.7.0.jar;C:\Users\Herman\.m2\repository\org\junit\platform\junit-platform-engine\1.7.0\junit-platform-engine-1.7.0.jar;C:\Users\Herman\.m2\repository\org\hamcrest\hamcrest\2.2\hamcrest-2.2.jar;C:\Users\Herman\.m2\repository\org\hamcrest\hamcrest-library\2.2\hamcrest-library-2.2.jar;C:\Users\Herman\.m2\repository\org\hamcrest\hamcrest-core\2.2\hamcrest-core-2.2.jar;C:\Users\Herman\.m2\repository\org\apache\logging\log4j\log4j-core\2.14.0\log4j-core-2.14.0.jar;C:\Users\Herman\.m2\repository\org\jboss\logging\jboss-logging\3.4.1.Final\jboss-logging-3.4.1.Final.jar;C:\Users\Herman\.m2\repository\org\javassist\javassist\3.27.0-GA\javassist-3.27.0-GA.jar;C:\Users\Herman\.m2\repository\net\bytebuddy\byte-buddy\1.10.17\byte-buddy-1.10.17.jar;C:\Users\Herman\.m2\repository\antlr\antlr\2.7.7\antlr-2.7.7.jar;C:\Users\Herman\.m2\repository\org\jboss\spec\javax\transaction\jboss-transaction-api_1.2_spec\1.1.1.Final\jboss-transaction-api_1.2_spec-1.1.1.Final.jar;C:\Users\Herman\.m2\repository\org\jboss\jandex\2.1.3.Final\jandex-2.1.3.Final.jar;C:\Users\Herman\.m2\repository\com\fasterxml\classmate\1.5.1\classmate-1.5.1.jar;C:\Users\Herman\.m2\repository\javax\activation\javax.activation-api\1.2.0\javax.activation-api-1.2.0.jar;C:\Users\Herman\.m2\repository\org\dom4j\dom4j\2.1.3\dom4j-2.1.3.jar;C:\Users\Herman\.m2\repository\org\hibernate\common\hibernate-commons-annotations\5.1.2.Final\hibernate-commons-annotations-5.1.2.Final.jar;C:\Users\Herman\.m2\repository\javax\xml\bind\jaxb-api\2.3.1\jaxb-api-2.3.1.jar;C:\Users\Herman\.m2\repository\org\glassfish\jaxb\jaxb-runtime\2.3.1\jaxb-runtime-2.3.1.jar;C:\Users\Herman\.m2\repository\org\glassfish\jaxb\txw2\2.3.1\txw2-2.3.1.jar;C:\Users\Herman\.m2\repository\com\sun\istack\istack-commons-runtime\3.0.7\istack-commons-runtime-3.0.7.jar;C:\Users\Herman\.m2\repository\org\jvnet\staxex\stax-ex\1.8\stax-ex-1.8.jar;C:\Users\Herman\.m2\repository\com\sun\xml\fastinfoset\FastInfoset\1.2.15\FastInfoset-1.2.15.jar;C:\Users\Herman\.m2\repository\mysql\mysql-connector-java\8.0.23\mysql-connector-java-8.0.23.jar;C:\Users\Herman\.m2\repository\com\google\protobuf\protobuf-java\3.11.4\protobuf-java-3.11.4.jar;, java.vm.vendor=AdoptOpenJDK, sun.arch.data.model=64, user.variant=, java.vendor.url=https://adoptopenjdk.net/, user.timezone=America/New_York, javax.persistence.jdbc.url=jdbc:mysql://localhost:3306/bloodbank?createDatabaseIfNotExist=true&zeroDateTimeBehavior=convertToNull, javax.persistence.jdbc.user=****, os.name=Windows 10, java.vm.specification.version=11, javax.persistence.schema-generation.create-script-source=META-INF/sql/bloodbank-create.sql, sun.java.launcher=SUN_STANDARD, user.country=CA, local.setting.IS_JTA_TXN_COORD=false, sun.boot.library.path=C:\Program Files\AdoptOpenJDK\jdk-11.0.11.9-hotspot\bin, sun.java.command=org.apache.maven.surefire.booter.ForkedBooter C:\Users\Herman\AppData\Local\Temp\surefire18371099998671694897 2021-11-21T23-53-14_928-jvmRun1 surefire350140961489495685tmp surefire_01548292716285537178tmp, hibernate.use_sql_comments=true, jdk.debug=release, surefire.test.class.path=C:\Users\Herman\Desktop\School\Level 4\Jave Enterprise Application\Assignment_3\BloodBank-JPA-Mapping-JUnit-Skeleton\target\test-classes;C:\Users\Herman\.m2\repository\org\junit\jupiter\junit-jupiter\5.7.0\junit-jupiter-5.7.0.jar;C:\Users\Herman\.m2\repository\org\junit\jupiter\junit-jupiter-api\5.7.0\junit-jupiter-api-5.7.0.jar;C:\Users\Herman\.m2\repository\org\apiguardian\apiguardian-api\1.1.0\apiguardian-api-1.1.0.jar;C:\Users\Herman\.m2\repository\org\opentest4j\opentest4j\1.2.0\opentest4j-1.2.0.jar;C:\Users\Herman\.m2\repository\org\junit\platform\junit-platform-commons\1.7.0\junit-platform-commons-1.7.0.jar;C:\Users\Herman\.m2\repository\org\junit\jupiter\junit-jupiter-params\5.7.0\junit-jupiter-params-5.7.0.jar;C:\Users\Herman\.m2\repository\org\junit\jupiter\junit-jupiter-engine\5.7.0\junit-jupiter-engine-5.7.0.jar;C:\Users\Herman\.m2\repository\org\junit\platform\junit-platform-engine\1.7.0\junit-platform-engine-1.7.0.jar;C:\Users\Herman\.m2\repository\org\hamcrest\hamcrest\2.2\hamcrest-2.2.jar;C:\Users\Herman\.m2\repository\org\hamcrest\hamcrest-library\2.2\hamcrest-library-2.2.jar;C:\Users\Herman\.m2\repository\org\hamcrest\hamcrest-core\2.2\hamcrest-core-2.2.jar;C:\Users\Herman\.m2\repository\org\apache\logging\log4j\log4j-core\2.14.0\log4j-core-2.14.0.jar;C:\Users\Herman\.m2\repository\org\jboss\logging\jboss-logging\3.4.1.Final\jboss-logging-3.4.1.Final.jar;C:\Users\Herman\.m2\repository\org\javassist\javassist\3.27.0-GA\javassist-3.27.0-GA.jar;C:\Users\Herman\.m2\repository\net\bytebuddy\byte-buddy\1.10.17\byte-buddy-1.10.17.jar;C:\Users\Herman\.m2\repository\antlr\antlr\2.7.7\antlr-2.7.7.jar;C:\Users\Herman\.m2\repository\org\jboss\spec\javax\transaction\jboss-transaction-api_1.2_spec\1.1.1.Final\jboss-transaction-api_1.2_spec-1.1.1.Final.jar;C:\Users\Herman\.m2\repository\org\jboss\jandex\2.1.3.Final\jandex-2.1.3.Final.jar;C:\Users\Herman\.m2\repository\com\fasterxml\classmate\1.5.1\classmate-1.5.1.jar;C:\Users\Herman\.m2\repository\javax\activation\javax.activation-api\1.2.0\javax.activation-api-1.2.0.jar;C:\Users\Herman\.m2\repository\org\dom4j\dom4j\2.1.3\dom4j-2.1.3.jar;C:\Users\Herman\.m2\repository\org\hibernate\common\hibernate-commons-annotations\5.1.2.Final\hibernate-commons-annotations-5.1.2.Final.jar;C:\Users\Herman\.m2\repository\javax\xml\bind\jaxb-api\2.3.1\jaxb-api-2.3.1.jar;C:\Users\Herman\.m2\repository\org\glassfish\jaxb\jaxb-runtime\2.3.1\jaxb-runtime-2.3.1.jar;C:\Users\Herman\.m2\repository\org\glassfish\jaxb\txw2\2.3.1\txw2-2.3.1.jar;C:\Users\Herman\.m2\repository\com\sun\istack\istack-commons-runtime\3.0.7\istack-commons-runtime-3.0.7.jar;C:\Users\Herman\.m2\repository\org\jvnet\staxex\stax-ex\1.8\stax-ex-1.8.jar;C:\Users\Herman\.m2\repository\com\sun\xml\fastinfoset\FastInfoset\1.2.15\FastInfoset-1.2.15.jar;C:\Users\Herman\.m2\repository\mysql\mysql-connector-java\8.0.23\mysql-connector-java-8.0.23.jar;C:\Users\Herman\.m2\repository\com\google\protobuf\protobuf-java\3.11.4\protobuf-java-3.11.4.jar;, sun.cpu.endian=little, user.home=C:\Users\Herman, user.language=en, java.specification.vendor=Oracle Corporation, jdk.module.path=C:\Users\Herman\Desktop\School\Level 4\Jave Enterprise Application\Assignment_3\BloodBank-JPA-Mapping-JUnit-Skeleton\target\classes;C:\Users\Herman\.m2\repository\org\apache\logging\log4j\log4j-api\2.14.0\log4j-api-2.14.0.jar;C:\Users\Herman\.m2\repository\org\hibernate\hibernate-core\5.4.27.Final\hibernate-core-5.4.27.Final.jar;C:\Users\Herman\.m2\repository\jakarta\platform\jakarta.jakartaee-api\8.0.0\jakarta.jakartaee-api-8.0.0.jar, java.version.date=2021-04-20, generateReports=false, java.home=C:\Program Files\AdoptOpenJDK\jdk-11.0.11.9-hotspot, file.separator=\, basedir=C:\Users\Herman\Desktop\School\Level 4\Jave Enterprise Application\Assignment_3\BloodBank-JPA-Mapping-JUnit-Skeleton, java.vm.compressedOopsMode=32-bit, line.separator=
, java.specification.name=Java Platform API Specification, java.vm.specification.vendor=Oracle Corporation, hibernate.transaction.coordinator_class=class org.hibernate.resource.transaction.backend.jdbc.internal.JdbcResourceLocalTransactionCoordinatorBuilderImpl, java.awt.graphicsenv=sun.awt.Win32GraphicsEnvironment, javax.persistence.jdbc.driver=com.mysql.cj.jdbc.Driver, surefire.real.class.path=C:\Users\Herman\.m2\repository\org\apache\maven\surefire\surefire-booter\3.0.0-M5\surefire-booter-3.0.0-M5.jar;C:\Users\Herman\.m2\repository\org\apache\maven\surefire\surefire-api\3.0.0-M5\surefire-api-3.0.0-M5.jar;C:\Users\Herman\.m2\repository\org\apache\maven\surefire\surefire-logger-api\3.0.0-M5\surefire-logger-api-3.0.0-M5.jar;C:\Users\Herman\.m2\repository\org\apache\maven\surefire\surefire-shared-utils\3.0.0-M4\surefire-shared-utils-3.0.0-M4.jar;C:\Users\Herman\.m2\repository\org\apache\maven\surefire\surefire-extensions-spi\3.0.0-M5\surefire-extensions-spi-3.0.0-M5.jar;C:\Users\Herman\Desktop\School\Level 4\Jave Enterprise Application\Assignment_3\BloodBank-JPA-Mapping-JUnit-Skeleton\target\test-classes;C:\Users\Herman\.m2\repository\org\junit\jupiter\junit-jupiter\5.7.0\junit-jupiter-5.7.0.jar;C:\Users\Herman\.m2\repository\org\junit\jupiter\junit-jupiter-api\5.7.0\junit-jupiter-api-5.7.0.jar;C:\Users\Herman\.m2\repository\org\apiguardian\apiguardian-api\1.1.0\apiguardian-api-1.1.0.jar;C:\Users\Herman\.m2\repository\org\opentest4j\opentest4j\1.2.0\opentest4j-1.2.0.jar;C:\Users\Herman\.m2\repository\org\junit\platform\junit-platform-commons\1.7.0\junit-platform-commons-1.7.0.jar;C:\Users\Herman\.m2\repository\org\junit\jupiter\junit-jupiter-params\5.7.0\junit-jupiter-params-5.7.0.jar;C:\Users\Herman\.m2\repository\org\junit\jupiter\junit-jupiter-engine\5.7.0\junit-jupiter-engine-5.7.0.jar;C:\Users\Herman\.m2\repository\org\junit\platform\junit-platform-engine\1.7.0\junit-platform-engine-1.7.0.jar;C:\Users\Herman\.m2\repository\org\hamcrest\hamcrest\2.2\hamcrest-2.2.jar;C:\Users\Herman\.m2\repository\org\hamcrest\hamcrest-library\2.2\hamcrest-library-2.2.jar;C:\Users\Herman\.m2\repository\org\hamcrest\hamcrest-core\2.2\hamcrest-core-2.2.jar;C:\Users\Herman\.m2\repository\org\apache\logging\log4j\log4j-core\2.14.0\log4j-core-2.14.0.jar;C:\Users\Herman\.m2\repository\org\jboss\logging\jboss-logging\3.4.1.Final\jboss-logging-3.4.1.Final.jar;C:\Users\Herman\.m2\repository\org\javassist\javassist\3.27.0-GA\javassist-3.27.0-GA.jar;C:\Users\Herman\.m2\repository\net\bytebuddy\byte-buddy\1.10.17\byte-buddy-1.10.17.jar;C:\Users\Herman\.m2\repository\antlr\antlr\2.7.7\antlr-2.7.7.jar;C:\Users\Herman\.m2\repository\org\jboss\spec\javax\transaction\jboss-transaction-api_1.2_spec\1.1.1.Final\jboss-transaction-api_1.2_spec-1.1.1.Final.jar;C:\Users\Herman\.m2\repository\org\jboss\jandex\2.1.3.Final\jandex-2.1.3.Final.jar;C:\Users\Herman\.m2\repository\com\fasterxml\classmate\1.5.1\classmate-1.5.1.jar;C:\Users\Herman\.m2\repository\javax\activation\javax.activation-api\1.2.0\javax.activation-api-1.2.0.jar;C:\Users\Herman\.m2\repository\org\dom4j\dom4j\2.1.3\dom4j-2.1.3.jar;C:\Users\Herman\.m2\repository\org\hibernate\common\hibernate-commons-annotations\5.1.2.Final\hibernate-commons-annotations-5.1.2.Final.jar;C:\Users\Herman\.m2\repository\javax\xml\bind\jaxb-api\2.3.1\jaxb-api-2.3.1.jar;C:\Users\Herman\.m2\repository\org\glassfish\jaxb\jaxb-runtime\2.3.1\jaxb-runtime-2.3.1.jar;C:\Users\Herman\.m2\repository\org\glassfish\jaxb\txw2\2.3.1\txw2-2.3.1.jar;C:\Users\Herman\.m2\repository\com\sun\istack\istack-commons-runtime\3.0.7\istack-commons-runtime-3.0.7.jar;C:\Users\Herman\.m2\repository\org\jvnet\staxex\stax-ex\1.8\stax-ex-1.8.jar;C:\Users\Herman\.m2\repository\com\sun\xml\fastinfoset\FastInfoset\1.2.15\FastInfoset-1.2.15.jar;C:\Users\Herman\.m2\repository\mysql\mysql-connector-java\8.0.23\mysql-connector-java-8.0.23.jar;C:\Users\Herman\.m2\repository\com\google\protobuf\protobuf-java\3.11.4\protobuf-java-3.11.4.jar;C:\Users\Herman\.m2\repository\org\apache\maven\surefire\surefire-junit-platform\3.0.0-M5\surefire-junit-platform-3.0.0-M5.jar;C:\Users\Herman\.m2\repository\org\apache\maven\surefire\common-java5\3.0.0-M5\common-java5-3.0.0-M5.jar;C:\Users\Herman\.m2\repository\org\junit\platform\junit-platform-launcher\1.7.0\junit-platform-launcher-1.7.0.jar, user.script=, sun.management.compiler=HotSpot 64-Bit Tiered Compilers, java.runtime.version=11.0.11+9, user.name=Herman, path.separator=;, hibernate.connection.username=****, os.version=10.0, hibernate.hbm2ddl.import_files_sql_extractor=org.hibernate.tool.hbm2ddl.MultipleLinesSqlCommandExtractor, java.runtime.name=OpenJDK Runtime Environment, hibernate.connection.url=jdbc:mysql://localhost:3306/bloodbank?createDatabaseIfNotExist=true&zeroDateTimeBehavior=convertToNull, file.encoding=Cp1252, hibernate.ejb.persistenceUnitName=bloodbank-PU, java.vm.name=OpenJDK 64-Bit Server VM, java.vendor.version=AdoptOpenJDK-11.0.11+9, javax.persistence.schema-generation.drop-script-source=META-INF/sql/bloodbank-drop.sql, localRepository=C:\Users\Herman\.m2\repository, hibernate.connection.driver_class=com.mysql.cj.jdbc.Driver, java.vendor.url.bug=https://github.com/AdoptOpenJDK/openjdk-support/issues, java.io.tmpdir=C:\Users\Herman\AppData\Local\Temp\, javax.persistence.schema-generation.drop-source=script, javax.persistence.schema-generation.create-source=script, java.version=11.0.11, user.dir=C:\Users\Herman\Desktop\School\Level 4\Jave Enterprise Application\Assignment_3\BloodBank-JPA-Mapping-JUnit-Skeleton, os.arch=amd64, java.vm.specification.name=Java Virtual Machine Specification, java.awt.printerjob=sun.awt.windows.WPrinterJob, javax.persistence.schema-generation.database.action=drop-and-create, hibernate.connection.password=****, sun.os.patch.level=, hibernate.boot.CfgXmlAccessService.key=org.hibernate.boot.registry.StandardServiceRegistryBuilder$1@76e2a621, java.library.path=C:\Program Files\AdoptOpenJDK\jdk-11.0.11.9-hotspot\bin;C:\WINDOWS\Sun\Java\bin;C:\WINDOWS\system32;C:\WINDOWS;C:/Program Files/AdoptOpenJDK/jdk-11.0.11.9-hotspot/bin/client;C:/Program Files/AdoptOpenJDK/jdk-11.0.11.9-hotspot/bin;C:\Program Files\AdoptOpenJDK\jdk-11.0.11.9-hotspot\bin;"C:\Program Files\AdoptOpenJDK\jdk-11.0.11.9-hotspot\\bin;";C:\Program Files\Oculus\Support\oculus-runtime;C:\Windows\system32;C:\Windows;C:\Windows\System32\Wbem;C:\Windows\System32\WindowsPowerShell\v1.0\;C:\Windows\System32\OpenSSH\;C:\Program Files (x86)\NVIDIA Corporation\PhysX\Common;C:\Program Files\NVIDIA Corporation\NVIDIA NvDLISR;C:\WINDOWS\system32;C:\WINDOWS;C:\WINDOWS\System32\Wbem;C:\WINDOWS\System32\WindowsPowerShell\v1.0\;C:\WINDOWS\System32\OpenSSH\;C:\Program Files\Git\cmd;D:\javafx-sdk-11.0.2\bin;C:\Program Files\nodejs\;C:\Users\Herman\AppData\Local\Programs\Python\Python38;C:\Users\Herman\AppData\Local\Programs\Python\Python38\Scripts;C:\Program Files\MySQL\MySQL Shell 8.0\bin\;C:\Users\Herman\AppData\Local\Microsoft\WindowsApps;C:\Users\Herman\AppData\Local\Programs\Microsoft VS Code\bin;;C:\Program Files\JetBrains\PyCharm Community Edition 2021.2.1\bin;;C:\Users\Herman\AppData\Roaming\npm;C:\Users\Herman\Desktop;;., java.vendor=AdoptOpenJDK, java.vm.info=mixed mode, java.vm.version=11.0.11+9, hibernate.bytecode.use_reflection_optimizer=false, sun.io.unicode.encoding=UnicodeLittle, javax.persistence.jdbc.password=****, java.class.version=55.0}
2021-11-21T23:53:24,680|[TRACE] AbstractServiceRegistryImpl - Initializing service [role=org.hibernate.engine.query.spi.NativeQueryInterpreter]
2021-11-21T23:53:24,681|[DEBUG] TypeSafeActivator - Unable to acquire Bean Validation ValidatorFactory, skipping activation
2021-11-21T23:53:24,681|[DEBUG] JaccIntegrator - Skipping JACC integration as it was not enabled
2021-11-21T23:53:24,681|[DEBUG] SessionFactoryImpl - Instantiated session factory
2021-11-21T23:53:24,681|[DEBUG] TypeConfiguration$Scope - Scoping TypeConfiguration [org.hibernate.type.spi.TypeConfiguration@7b2f8152] to SessionFactoryImpl [org.hibernate.internal.SessionFactoryImpl@42805abe]
2021-11-21T23:53:24,681|[TRACE] AbstractServiceRegistryImpl - Initializing service [role=org.hibernate.persister.spi.PersisterFactory]
2021-11-21T23:53:24,681|[TRACE] AbstractServiceRegistryImpl - Initializing service [role=org.hibernate.persister.spi.PersisterClassResolver]
2021-11-21T23:53:24,681|[DEBUG] ClassLoaderAccessImpl - Not known whether passed class name [bloodbank.entity.Contact] is safe
2021-11-21T23:53:24,681|[DEBUG] ClassLoaderAccessImpl - No temp ClassLoader provided; using live ClassLoader for loading potentially unsafe class : bloodbank.entity.Contact
2021-11-21T23:53:24,681|[TRACE] AbstractServiceRegistryImpl - Initializing service [role=org.hibernate.bytecode.spi.ProxyFactoryFactory]
2021-11-21T23:53:24,686|[TRACE] AbstractPropertyMapping - Skipping duplicate registration of path [address.id], existing type = [org.hibernate.type.IntegerType@108531c2], incoming type = [org.hibernate.type.IntegerType@108531c2]
2021-11-21T23:53:24,686|[TRACE] AbstractPropertyMapping - Skipping duplicate registration of path [owner.id], existing type = [org.hibernate.type.IntegerType@108531c2], incoming type = [org.hibernate.type.IntegerType@108531c2]
2021-11-21T23:53:24,686|[TRACE] AbstractPropertyMapping - Skipping duplicate registration of path [phone.id], existing type = [org.hibernate.type.IntegerType@108531c2], incoming type = [org.hibernate.type.IntegerType@108531c2]
2021-11-21T23:53:24,686|[TRACE] AbstractPropertyMapping - Skipping duplicate registration of path [epochCreated], existing type = [org.hibernate.type.LongType@2788d0fe], incoming type = [org.hibernate.type.LongType@2788d0fe]
2021-11-21T23:53:24,686|[TRACE] AbstractPropertyMapping - Skipping duplicate registration of path [epochUpdated], existing type = [org.hibernate.type.LongType@2788d0fe], incoming type = [org.hibernate.type.LongType@2788d0fe]
2021-11-21T23:53:24,686|[TRACE] AbstractPropertyMapping - Skipping duplicate registration of path [version], existing type = [org.hibernate.type.IntegerType@108531c2], incoming type = [org.hibernate.type.IntegerType@108531c2]
2021-11-21T23:53:24,686|[TRACE] AbstractPropertyMapping - Skipping duplicate registration of path [address], existing type = [org.hibernate.type.ManyToOneType(bloodbank.entity.Address)], incoming type = [org.hibernate.type.ManyToOneType(bloodbank.entity.Address)]
2021-11-21T23:53:24,686|[TRACE] AbstractPropertyMapping - Skipping duplicate registration of path [address.id], existing type = [org.hibernate.type.IntegerType@108531c2], incoming type = [org.hibernate.type.IntegerType@108531c2]
2021-11-21T23:53:24,686|[TRACE] AbstractPropertyMapping - Skipping duplicate registration of path [address.id], existing type = [org.hibernate.type.IntegerType@108531c2], incoming type = [org.hibernate.type.IntegerType@108531c2]
2021-11-21T23:53:24,686|[TRACE] AbstractPropertyMapping - Skipping duplicate registration of path [contactType], existing type = [org.hibernate.type.StringType@795fd838], incoming type = [org.hibernate.type.StringType@795fd838]
2021-11-21T23:53:24,686|[TRACE] AbstractPropertyMapping - Skipping duplicate registration of path [email], existing type = [org.hibernate.type.StringType@795fd838], incoming type = [org.hibernate.type.StringType@795fd838]
2021-11-21T23:53:24,686|[TRACE] AbstractPropertyMapping - Skipping duplicate registration of path [owner], existing type = [org.hibernate.type.ManyToOneType(bloodbank.entity.Person)], incoming type = [org.hibernate.type.ManyToOneType(bloodbank.entity.Person)]
2021-11-21T23:53:24,686|[TRACE] AbstractPropertyMapping - Skipping duplicate registration of path [owner.id], existing type = [org.hibernate.type.IntegerType@108531c2], incoming type = [org.hibernate.type.IntegerType@108531c2]
2021-11-21T23:53:24,686|[TRACE] AbstractPropertyMapping - Skipping duplicate registration of path [owner.id], existing type = [org.hibernate.type.IntegerType@108531c2], incoming type = [org.hibernate.type.IntegerType@108531c2]
2021-11-21T23:53:24,686|[TRACE] AbstractPropertyMapping - Skipping duplicate registration of path [phone], existing type = [org.hibernate.type.ManyToOneType(bloodbank.entity.Phone)], incoming type = [org.hibernate.type.ManyToOneType(bloodbank.entity.Phone)]
2021-11-21T23:53:24,686|[TRACE] AbstractPropertyMapping - Skipping duplicate registration of path [phone.id], existing type = [org.hibernate.type.IntegerType@108531c2], incoming type = [org.hibernate.type.IntegerType@108531c2]
2021-11-21T23:53:24,686|[TRACE] AbstractPropertyMapping - Skipping duplicate registration of path [phone.id], existing type = [org.hibernate.type.IntegerType@108531c2], incoming type = [org.hibernate.type.IntegerType@108531c2]
2021-11-21T23:53:24,686|[TRACE] AbstractPropertyMapping - Skipping duplicate registration of path [id], existing type = [org.hibernate.type.ComponentType@64e89bb2], incoming type = [org.hibernate.type.ComponentType@64e89bb2]
2021-11-21T23:53:24,686|[TRACE] AbstractPropertyMapping - Skipping duplicate registration of path [id.personId], existing type = [org.hibernate.type.IntegerType@108531c2], incoming type = [org.hibernate.type.IntegerType@108531c2]
2021-11-21T23:53:24,686|[TRACE] AbstractPropertyMapping - Skipping duplicate registration of path [id.phoneId], existing type = [org.hibernate.type.IntegerType@108531c2], incoming type = [org.hibernate.type.IntegerType@108531c2]
2021-11-21T23:53:24,686|[DEBUG] ClassLoaderAccessImpl - Not known whether passed class name [bloodbank.entity.Phone] is safe
2021-11-21T23:53:24,686|[DEBUG] ClassLoaderAccessImpl - No temp ClassLoader provided; using live ClassLoader for loading potentially unsafe class : bloodbank.entity.Phone
2021-11-21T23:53:24,690|[TRACE] AbstractPropertyMapping - Skipping duplicate registration of path [epochCreated], existing type = [org.hibernate.type.LongType@2788d0fe], incoming type = [org.hibernate.type.LongType@2788d0fe]
2021-11-21T23:53:24,690|[TRACE] AbstractPropertyMapping - Skipping duplicate registration of path [epochUpdated], existing type = [org.hibernate.type.LongType@2788d0fe], incoming type = [org.hibernate.type.LongType@2788d0fe]
2021-11-21T23:53:24,690|[TRACE] AbstractPropertyMapping - Skipping duplicate registration of path [version], existing type = [org.hibernate.type.IntegerType@108531c2], incoming type = [org.hibernate.type.IntegerType@108531c2]
2021-11-21T23:53:24,690|[TRACE] AbstractPropertyMapping - Skipping duplicate registration of path [areaCode], existing type = [org.hibernate.type.StringType@795fd838], incoming type = [org.hibernate.type.StringType@795fd838]
2021-11-21T23:53:24,690|[TRACE] AbstractPropertyMapping - Skipping duplicate registration of path [contacts], existing type = [org.hibernate.type.SetType(bloodbank.entity.Phone.contacts)], incoming type = [org.hibernate.type.SetType(bloodbank.entity.Phone.contacts)]
2021-11-21T23:53:24,690|[TRACE] AbstractPropertyMapping - Skipping duplicate registration of path [countryCode], existing type = [org.hibernate.type.StringType@795fd838], incoming type = [org.hibernate.type.StringType@795fd838]
2021-11-21T23:53:24,690|[TRACE] AbstractPropertyMapping - Skipping duplicate registration of path [number], existing type = [org.hibernate.type.StringType@795fd838], incoming type = [org.hibernate.type.StringType@795fd838]
2021-11-21T23:53:24,690|[TRACE] AbstractPropertyMapping - Skipping duplicate registration of path [id], existing type = [org.hibernate.type.IntegerType@108531c2], incoming type = [org.hibernate.type.IntegerType@108531c2]
2021-11-21T23:53:24,690|[DEBUG] ClassLoaderAccessImpl - Not known whether passed class name [bloodbank.entity.BloodDonation] is safe
2021-11-21T23:53:24,690|[DEBUG] ClassLoaderAccessImpl - No temp ClassLoader provided; using live ClassLoader for loading potentially unsafe class : bloodbank.entity.BloodDonation
2021-11-21T23:53:24,693|[TRACE] AbstractPropertyMapping - Skipping duplicate registration of path [bank.id], existing type = [org.hibernate.type.IntegerType@108531c2], incoming type = [org.hibernate.type.IntegerType@108531c2]
2021-11-21T23:53:24,693|[TRACE] AbstractPropertyMapping - Skipping duplicate registration of path [epochCreated], existing type = [org.hibernate.type.LongType@2788d0fe], incoming type = [org.hibernate.type.LongType@2788d0fe]
2021-11-21T23:53:24,693|[TRACE] AbstractPropertyMapping - Skipping duplicate registration of path [epochUpdated], existing type = [org.hibernate.type.LongType@2788d0fe], incoming type = [org.hibernate.type.LongType@2788d0fe]
2021-11-21T23:53:24,693|[TRACE] AbstractPropertyMapping - Skipping duplicate registration of path [version], existing type = [org.hibernate.type.IntegerType@108531c2], incoming type = [org.hibernate.type.IntegerType@108531c2]
2021-11-21T23:53:24,693|[TRACE] AbstractPropertyMapping - Skipping duplicate registration of path [bank], existing type = [org.hibernate.type.ManyToOneType(bloodbank.entity.BloodBank)], incoming type = [org.hibernate.type.ManyToOneType(bloodbank.entity.BloodBank)]
2021-11-21T23:53:24,693|[TRACE] AbstractPropertyMapping - Skipping duplicate registration of path [bank.id], existing type = [org.hibernate.type.IntegerType@108531c2], incoming type = [org.hibernate.type.IntegerType@108531c2]
2021-11-21T23:53:24,693|[TRACE] AbstractPropertyMapping - Skipping duplicate registration of path [bank.id], existing type = [org.hibernate.type.IntegerType@108531c2], incoming type = [org.hibernate.type.IntegerType@108531c2]
2021-11-21T23:53:24,693|[TRACE] AbstractPropertyMapping - Skipping duplicate registration of path [bloodType], existing type = [org.hibernate.type.ComponentType@3d01ea33], incoming type = [org.hibernate.type.ComponentType@3d01ea33]
2021-11-21T23:53:24,693|[TRACE] AbstractPropertyMapping - Skipping duplicate registration of path [bloodType.bloodGroup], existing type = [org.hibernate.type.StringType@795fd838], incoming type = [org.hibernate.type.StringType@795fd838]
2021-11-21T23:53:24,693|[TRACE] AbstractPropertyMapping - Skipping duplicate registration of path [bloodType.rhd], existing type = [org.hibernate.type.ByteType@17814b1c], incoming type = [org.hibernate.type.ByteType@17814b1c]
2021-11-21T23:53:24,693|[TRACE] AbstractPropertyMapping - Skipping duplicate registration of path [milliliters], existing type = [org.hibernate.type.IntegerType@108531c2], incoming type = [org.hibernate.type.IntegerType@108531c2]
2021-11-21T23:53:24,693|[TRACE] AbstractPropertyMapping - Skipping duplicate registration of path [record], existing type = [org.hibernate.type.OneToOneType(bloodbank.entity.DonationRecord)], incoming type = [org.hibernate.type.OneToOneType(bloodbank.entity.DonationRecord)]
2021-11-21T23:53:24,693|[TRACE] AbstractPropertyMapping - Skipping duplicate registration of path [id], existing type = [org.hibernate.type.IntegerType@108531c2], incoming type = [org.hibernate.type.IntegerType@108531c2]
2021-11-21T23:53:24,694|[DEBUG] ClassLoaderAccessImpl - Not known whether passed class name [bloodbank.entity.BloodBank] is safe
2021-11-21T23:53:24,694|[DEBUG] ClassLoaderAccessImpl - No temp ClassLoader provided; using live ClassLoader for loading potentially unsafe class : bloodbank.entity.BloodBank
2021-11-21T23:53:24,694|[DEBUG] ClassLoaderAccessImpl - Not known whether passed class name [bloodbank.entity.PrivateBloodBank] is safe
2021-11-21T23:53:24,694|[DEBUG] ClassLoaderAccessImpl - No temp ClassLoader provided; using live ClassLoader for loading potentially unsafe class : bloodbank.entity.PrivateBloodBank
2021-11-21T23:53:24,694|[DEBUG] ClassLoaderAccessImpl - Not known whether passed class name [bloodbank.entity.PublicBloodBank] is safe
2021-11-21T23:53:24,694|[DEBUG] ClassLoaderAccessImpl - No temp ClassLoader provided; using live ClassLoader for loading potentially unsafe class : bloodbank.entity.PublicBloodBank
2021-11-21T23:53:24,697|[TRACE] AbstractPropertyMapping - Skipping duplicate registration of path [epochCreated], existing type = [org.hibernate.type.LongType@2788d0fe], incoming type = [org.hibernate.type.LongType@2788d0fe]
2021-11-21T23:53:24,697|[TRACE] AbstractPropertyMapping - Skipping duplicate registration of path [epochUpdated], existing type = [org.hibernate.type.LongType@2788d0fe], incoming type = [org.hibernate.type.LongType@2788d0fe]
2021-11-21T23:53:24,697|[TRACE] AbstractPropertyMapping - Skipping duplicate registration of path [version], existing type = [org.hibernate.type.IntegerType@108531c2], incoming type = [org.hibernate.type.IntegerType@108531c2]
2021-11-21T23:53:24,697|[TRACE] AbstractPropertyMapping - Skipping duplicate registration of path [donations], existing type = [org.hibernate.type.SetType(bloodbank.entity.BloodBank.donations)], incoming type = [org.hibernate.type.SetType(bloodbank.entity.BloodBank.donations)]
2021-11-21T23:53:24,697|[TRACE] AbstractPropertyMapping - Skipping duplicate registration of path [name], existing type = [org.hibernate.type.StringType@795fd838], incoming type = [org.hibernate.type.StringType@795fd838]
2021-11-21T23:53:24,697|[TRACE] AbstractPropertyMapping - Skipping duplicate registration of path [id], existing type = [org.hibernate.type.IntegerType@108531c2], incoming type = [org.hibernate.type.IntegerType@108531c2]
2021-11-21T23:53:24,700|[TRACE] AbstractPropertyMapping - Skipping duplicate registration of path [epochCreated], existing type = [org.hibernate.type.LongType@2788d0fe], incoming type = [org.hibernate.type.LongType@2788d0fe]
2021-11-21T23:53:24,700|[TRACE] AbstractPropertyMapping - Skipping duplicate registration of path [epochUpdated], existing type = [org.hibernate.type.LongType@2788d0fe], incoming type = [org.hibernate.type.LongType@2788d0fe]
2021-11-21T23:53:24,700|[TRACE] AbstractPropertyMapping - Skipping duplicate registration of path [version], existing type = [org.hibernate.type.IntegerType@108531c2], incoming type = [org.hibernate.type.IntegerType@108531c2]
2021-11-21T23:53:24,700|[TRACE] AbstractPropertyMapping - Skipping duplicate registration of path [donations], existing type = [org.hibernate.type.SetType(bloodbank.entity.BloodBank.donations)], incoming type = [org.hibernate.type.SetType(bloodbank.entity.BloodBank.donations)]
2021-11-21T23:53:24,700|[TRACE] AbstractPropertyMapping - Skipping duplicate registration of path [name], existing type = [org.hibernate.type.StringType@795fd838], incoming type = [org.hibernate.type.StringType@795fd838]
2021-11-21T23:53:24,700|[TRACE] AbstractPropertyMapping - Skipping duplicate registration of path [id], existing type = [org.hibernate.type.IntegerType@108531c2], incoming type = [org.hibernate.type.IntegerType@108531c2]
2021-11-21T23:53:24,700|[DEBUG] ClassLoaderAccessImpl - Not known whether passed class name [bloodbank.entity.DonationRecord] is safe
2021-11-21T23:53:24,700|[DEBUG] ClassLoaderAccessImpl - No temp ClassLoader provided; using live ClassLoader for loading potentially unsafe class : bloodbank.entity.DonationRecord
2021-11-21T23:53:24,703|[TRACE] AbstractPropertyMapping - Skipping duplicate registration of path [donation.id], existing type = [org.hibernate.type.IntegerType@108531c2], incoming type = [org.hibernate.type.IntegerType@108531c2]
2021-11-21T23:53:24,703|[TRACE] AbstractPropertyMapping - Skipping duplicate registration of path [owner.id], existing type = [org.hibernate.type.IntegerType@108531c2], incoming type = [org.hibernate.type.IntegerType@108531c2]
2021-11-21T23:53:24,703|[TRACE] AbstractPropertyMapping - Skipping duplicate registration of path [epochCreated], existing type = [org.hibernate.type.LongType@2788d0fe], incoming type = [org.hibernate.type.LongType@2788d0fe]
2021-11-21T23:53:24,703|[TRACE] AbstractPropertyMapping - Skipping duplicate registration of path [epochUpdated], existing type = [org.hibernate.type.LongType@2788d0fe], incoming type = [org.hibernate.type.LongType@2788d0fe]
2021-11-21T23:53:24,703|[TRACE] AbstractPropertyMapping - Skipping duplicate registration of path [version], existing type = [org.hibernate.type.IntegerType@108531c2], incoming type = [org.hibernate.type.IntegerType@108531c2]
2021-11-21T23:53:24,703|[TRACE] AbstractPropertyMapping - Skipping duplicate registration of path [donation], existing type = [org.hibernate.type.ManyToOneType(bloodbank.entity.BloodDonation)], incoming type = [org.hibernate.type.ManyToOneType(bloodbank.entity.BloodDonation)]
2021-11-21T23:53:24,703|[TRACE] AbstractPropertyMapping - Skipping duplicate registration of path [donation.id], existing type = [org.hibernate.type.IntegerType@108531c2], incoming type = [org.hibernate.type.IntegerType@108531c2]
2021-11-21T23:53:24,703|[TRACE] AbstractPropertyMapping - Skipping duplicate registration of path [donation.id], existing type = [org.hibernate.type.IntegerType@108531c2], incoming type = [org.hibernate.type.IntegerType@108531c2]
2021-11-21T23:53:24,703|[TRACE] AbstractPropertyMapping - Skipping duplicate registration of path [owner], existing type = [org.hibernate.type.ManyToOneType(bloodbank.entity.Person)], incoming type = [org.hibernate.type.ManyToOneType(bloodbank.entity.Person)]
2021-11-21T23:53:24,703|[TRACE] AbstractPropertyMapping - Skipping duplicate registration of path [owner.id], existing type = [org.hibernate.type.IntegerType@108531c2], incoming type = [org.hibernate.type.IntegerType@108531c2]
2021-11-21T23:53:24,703|[TRACE] AbstractPropertyMapping - Skipping duplicate registration of path [owner.id], existing type = [org.hibernate.type.IntegerType@108531c2], incoming type = [org.hibernate.type.IntegerType@108531c2]
2021-11-21T23:53:24,703|[TRACE] AbstractPropertyMapping - Skipping duplicate registration of path [tested], existing type = [org.hibernate.type.ByteType@17814b1c], incoming type = [org.hibernate.type.ByteType@17814b1c]
2021-11-21T23:53:24,703|[TRACE] AbstractPropertyMapping - Skipping duplicate registration of path [id], existing type = [org.hibernate.type.IntegerType@108531c2], incoming type = [org.hibernate.type.IntegerType@108531c2]
2021-11-21T23:53:24,703|[DEBUG] ClassLoaderAccessImpl - Not known whether passed class name [bloodbank.entity.Address] is safe
2021-11-21T23:53:24,703|[DEBUG] ClassLoaderAccessImpl - No temp ClassLoader provided; using live ClassLoader for loading potentially unsafe class : bloodbank.entity.Address
2021-11-21T23:53:24,707|[TRACE] AbstractPropertyMapping - Skipping duplicate registration of path [epochCreated], existing type = [org.hibernate.type.LongType@2788d0fe], incoming type = [org.hibernate.type.LongType@2788d0fe]
2021-11-21T23:53:24,707|[TRACE] AbstractPropertyMapping - Skipping duplicate registration of path [epochUpdated], existing type = [org.hibernate.type.LongType@2788d0fe], incoming type = [org.hibernate.type.LongType@2788d0fe]
2021-11-21T23:53:24,707|[TRACE] AbstractPropertyMapping - Skipping duplicate registration of path [version], existing type = [org.hibernate.type.IntegerType@108531c2], incoming type = [org.hibernate.type.IntegerType@108531c2]
2021-11-21T23:53:24,707|[TRACE] AbstractPropertyMapping - Skipping duplicate registration of path [city], existing type = [org.hibernate.type.StringType@795fd838], incoming type = [org.hibernate.type.StringType@795fd838]
2021-11-21T23:53:24,707|[TRACE] AbstractPropertyMapping - Skipping duplicate registration of path [contacts], existing type = [org.hibernate.type.SetType(bloodbank.entity.Address.contacts)], incoming type = [org.hibernate.type.SetType(bloodbank.entity.Address.contacts)]
2021-11-21T23:53:24,707|[TRACE] AbstractPropertyMapping - Skipping duplicate registration of path [country], existing type = [org.hibernate.type.StringType@795fd838], incoming type = [org.hibernate.type.StringType@795fd838]
2021-11-21T23:53:24,707|[TRACE] AbstractPropertyMapping - Skipping duplicate registration of path [province], existing type = [org.hibernate.type.StringType@795fd838], incoming type = [org.hibernate.type.StringType@795fd838]
2021-11-21T23:53:24,707|[TRACE] AbstractPropertyMapping - Skipping duplicate registration of path [street], existing type = [org.hibernate.type.StringType@795fd838], incoming type = [org.hibernate.type.StringType@795fd838]
2021-11-21T23:53:24,707|[TRACE] AbstractPropertyMapping - Skipping duplicate registration of path [streetNumber], existing type = [org.hibernate.type.StringType@795fd838], incoming type = [org.hibernate.type.StringType@795fd838]
2021-11-21T23:53:24,707|[TRACE] AbstractPropertyMapping - Skipping duplicate registration of path [zipcode], existing type = [org.hibernate.type.StringType@795fd838], incoming type = [org.hibernate.type.StringType@795fd838]
2021-11-21T23:53:24,707|[TRACE] AbstractPropertyMapping - Skipping duplicate registration of path [id], existing type = [org.hibernate.type.IntegerType@108531c2], incoming type = [org.hibernate.type.IntegerType@108531c2]
2021-11-21T23:53:24,707|[DEBUG] ClassLoaderAccessImpl - Not known whether passed class name [bloodbank.entity.Person] is safe
2021-11-21T23:53:24,707|[DEBUG] ClassLoaderAccessImpl - No temp ClassLoader provided; using live ClassLoader for loading potentially unsafe class : bloodbank.entity.Person
2021-11-21T23:53:24,711|[TRACE] AbstractPropertyMapping - Skipping duplicate registration of path [epochCreated], existing type = [org.hibernate.type.LongType@2788d0fe], incoming type = [org.hibernate.type.LongType@2788d0fe]
2021-11-21T23:53:24,711|[TRACE] AbstractPropertyMapping - Skipping duplicate registration of path [epochUpdated], existing type = [org.hibernate.type.LongType@2788d0fe], incoming type = [org.hibernate.type.LongType@2788d0fe]
2021-11-21T23:53:24,711|[TRACE] AbstractPropertyMapping - Skipping duplicate registration of path [version], existing type = [org.hibernate.type.IntegerType@108531c2], incoming type = [org.hibernate.type.IntegerType@108531c2]
2021-11-21T23:53:24,711|[TRACE] AbstractPropertyMapping - Skipping duplicate registration of path [contacts], existing type = [org.hibernate.type.SetType(bloodbank.entity.Person.contacts)], incoming type = [org.hibernate.type.SetType(bloodbank.entity.Person.contacts)]
2021-11-21T23:53:24,711|[TRACE] AbstractPropertyMapping - Skipping duplicate registration of path [donations], existing type = [org.hibernate.type.SetType(bloodbank.entity.Person.donations)], incoming type = [org.hibernate.type.SetType(bloodbank.entity.Person.donations)]
2021-11-21T23:53:24,711|[TRACE] AbstractPropertyMapping - Skipping duplicate registration of path [firstName], existing type = [org.hibernate.type.StringType@795fd838], incoming type = [org.hibernate.type.StringType@795fd838]
2021-11-21T23:53:24,711|[TRACE] AbstractPropertyMapping - Skipping duplicate registration of path [lastName], existing type = [org.hibernate.type.StringType@795fd838], incoming type = [org.hibernate.type.StringType@795fd838]
2021-11-21T23:53:24,711|[TRACE] AbstractPropertyMapping - Skipping duplicate registration of path [id], existing type = [org.hibernate.type.IntegerType@108531c2], incoming type = [org.hibernate.type.IntegerType@108531c2]
2021-11-21T23:53:24,715|[TRACE] AbstractPropertyMapping - Skipping duplicate registration of path [epochCreated], existing type = [org.hibernate.type.LongType@2788d0fe], incoming type = [org.hibernate.type.LongType@2788d0fe]
2021-11-21T23:53:24,715|[TRACE] AbstractPropertyMapping - Skipping duplicate registration of path [epochUpdated], existing type = [org.hibernate.type.LongType@2788d0fe], incoming type = [org.hibernate.type.LongType@2788d0fe]
2021-11-21T23:53:24,715|[TRACE] AbstractPropertyMapping - Skipping duplicate registration of path [version], existing type = [org.hibernate.type.IntegerType@108531c2], incoming type = [org.hibernate.type.IntegerType@108531c2]
2021-11-21T23:53:24,715|[TRACE] AbstractPropertyMapping - Skipping duplicate registration of path [donations], existing type = [org.hibernate.type.SetType(bloodbank.entity.BloodBank.donations)], incoming type = [org.hibernate.type.SetType(bloodbank.entity.BloodBank.donations)]
2021-11-21T23:53:24,715|[TRACE] AbstractPropertyMapping - Skipping duplicate registration of path [name], existing type = [org.hibernate.type.StringType@795fd838], incoming type = [org.hibernate.type.StringType@795fd838]
2021-11-21T23:53:24,715|[TRACE] AbstractPropertyMapping - Skipping duplicate registration of path [id], existing type = [org.hibernate.type.IntegerType@108531c2], incoming type = [org.hibernate.type.IntegerType@108531c2]
2021-11-21T23:53:24,716|[DEBUG] AbstractCollectionPersister - Static SQL for collection: bloodbank.entity.Address.contacts
2021-11-21T23:53:24,716|[DEBUG] AbstractCollectionPersister -  Row insert: /* create one-to-many row bloodbank.entity.Address.contacts */ update contact set address_id=? where person_id=? and phone_id=?
2021-11-21T23:53:24,716|[DEBUG] AbstractCollectionPersister -  Row update: update contact set  where person_id=? and phone_id=?
2021-11-21T23:53:24,716|[DEBUG] AbstractCollectionPersister -  Row delete: /* delete one-to-many row bloodbank.entity.Address.contacts */ update contact set address_id=null where address_id=? and person_id=? and phone_id=?
2021-11-21T23:53:24,716|[DEBUG] AbstractCollectionPersister -  One-shot delete: /* delete one-to-many bloodbank.entity.Address.contacts */ update contact set address_id=null where address_id=?
2021-11-21T23:53:24,716|[DEBUG] AbstractCollectionPersister - Static SQL for collection: bloodbank.entity.Person.donations
2021-11-21T23:53:24,716|[DEBUG] AbstractCollectionPersister -  Row insert: /* create one-to-many row bloodbank.entity.Person.donations */ update donation_record set person_id=? where record_id=?
2021-11-21T23:53:24,716|[DEBUG] AbstractCollectionPersister -  Row update: update donation_record set  where record_id=?
2021-11-21T23:53:24,716|[DEBUG] AbstractCollectionPersister -  Row delete: /* delete one-to-many row bloodbank.entity.Person.donations */ update donation_record set person_id=null where person_id=? and record_id=?
2021-11-21T23:53:24,716|[DEBUG] AbstractCollectionPersister -  One-shot delete: /* delete one-to-many bloodbank.entity.Person.donations */ update donation_record set person_id=null where person_id=?
2021-11-21T23:53:24,716|[DEBUG] AbstractCollectionPersister - Static SQL for collection: bloodbank.entity.Person.contacts
2021-11-21T23:53:24,716|[DEBUG] AbstractCollectionPersister -  Row insert: /* create one-to-many row bloodbank.entity.Person.contacts */ update contact set person_id=? where person_id=? and phone_id=?
2021-11-21T23:53:24,716|[DEBUG] AbstractCollectionPersister -  Row update: update contact set  where person_id=? and phone_id=?
2021-11-21T23:53:24,716|[DEBUG] AbstractCollectionPersister -  Row delete: /* delete one-to-many row bloodbank.entity.Person.contacts */ update contact set person_id=null where person_id=? and phone_id=?
2021-11-21T23:53:24,716|[DEBUG] AbstractCollectionPersister -  One-shot delete: /* delete one-to-many bloodbank.entity.Person.contacts */ update contact set person_id=null where person_id=?
2021-11-21T23:53:24,716|[DEBUG] AbstractCollectionPersister - Static SQL for collection: bloodbank.entity.Phone.contacts
2021-11-21T23:53:24,716|[DEBUG] AbstractCollectionPersister -  Row insert: /* create one-to-many row bloodbank.entity.Phone.contacts */ update contact set phone_id=? where person_id=? and phone_id=?
2021-11-21T23:53:24,716|[DEBUG] AbstractCollectionPersister -  Row update: update contact set  where person_id=? and phone_id=?
2021-11-21T23:53:24,716|[DEBUG] AbstractCollectionPersister -  Row delete: /* delete one-to-many row bloodbank.entity.Phone.contacts */ update contact set phone_id=null where phone_id=? and person_id=?
2021-11-21T23:53:24,716|[DEBUG] AbstractCollectionPersister -  One-shot delete: /* delete one-to-many bloodbank.entity.Phone.contacts */ update contact set phone_id=null where phone_id=?
2021-11-21T23:53:24,716|[DEBUG] AbstractCollectionPersister - Static SQL for collection: bloodbank.entity.BloodBank.donations
2021-11-21T23:53:24,716|[DEBUG] AbstractCollectionPersister -  Row insert: /* create one-to-many row bloodbank.entity.BloodBank.donations */ update blood_donation set bank_id=? where donation_id=?
2021-11-21T23:53:24,716|[DEBUG] AbstractCollectionPersister -  Row update: update blood_donation set  where donation_id=?
2021-11-21T23:53:24,716|[DEBUG] AbstractCollectionPersister -  Row delete: /* delete one-to-many row bloodbank.entity.BloodBank.donations */ update blood_donation set bank_id=null where bank_id=? and donation_id=?
2021-11-21T23:53:24,716|[DEBUG] AbstractCollectionPersister -  One-shot delete: /* delete one-to-many bloodbank.entity.BloodBank.donations */ update blood_donation set bank_id=null where bank_id=?
2021-11-21T23:53:24,716|[TRACE] AbstractEntityPersister - Ignoring subclass attribute definition [bloodbank.entity.BloodBank.epochCreated] because it is defined in a superclass 
2021-11-21T23:53:24,716|[TRACE] AbstractEntityPersister - Ignoring subclass attribute definition [bloodbank.entity.BloodBank.epochUpdated] because it is defined in a superclass 
2021-11-21T23:53:24,716|[TRACE] AbstractEntityPersister - Ignoring subclass attribute definition [bloodbank.entity.BloodBank.version] because it is defined in a superclass 
2021-11-21T23:53:24,716|[TRACE] AbstractEntityPersister - Ignoring subclass attribute definition [bloodbank.entity.BloodBank.donations] because it is defined in a superclass 
2021-11-21T23:53:24,716|[TRACE] AbstractEntityPersister - Ignoring subclass attribute definition [bloodbank.entity.BloodBank.name] because it is defined in a superclass 
2021-11-21T23:53:24,716|[TRACE] AbstractEntityPersister - Ignoring subclass attribute definition [bloodbank.entity.BloodBank.epochCreated] because it is defined in a superclass 
2021-11-21T23:53:24,716|[TRACE] AbstractEntityPersister - Ignoring subclass attribute definition [bloodbank.entity.BloodBank.epochUpdated] because it is defined in a superclass 
2021-11-21T23:53:24,716|[TRACE] AbstractEntityPersister - Ignoring subclass attribute definition [bloodbank.entity.BloodBank.version] because it is defined in a superclass 
2021-11-21T23:53:24,716|[TRACE] AbstractEntityPersister - Ignoring subclass attribute definition [bloodbank.entity.BloodBank.donations] because it is defined in a superclass 
2021-11-21T23:53:24,716|[TRACE] AbstractEntityPersister - Ignoring subclass attribute definition [bloodbank.entity.BloodBank.name] because it is defined in a superclass 
2021-11-21T23:53:24,716|[DEBUG] AbstractEntityPersister - Static SQL for entity: bloodbank.entity.Contact
2021-11-21T23:53:24,716|[DEBUG] AbstractEntityPersister -  Version select: /* get version bloodbank.entity.Contact */ select version from contact where person_id =? and phone_id =?
2021-11-21T23:53:24,716|[DEBUG] AbstractEntityPersister -  Snapshot select: /* get current state bloodbank.entity.Contact */ select contact_.person_id, contact_.phone_id, contact_.created as created3_3_, contact_.updated as updated4_3_, contact_.version as version5_3_, contact_.address_id as address_8_3_, contact_.contact_type as contact_6_3_, contact_.email as email7_3_ from contact contact_ where contact_.person_id=? and contact_.phone_id=?
2021-11-21T23:53:24,716|[DEBUG] AbstractEntityPersister -  Insert 0: /* insert bloodbank.entity.Contact */ insert into contact (created, updated, version, address_id, contact_type, email, person_id, phone_id) values (?, ?, ?, ?, ?, ?, ?, ?)
2021-11-21T23:53:24,716|[DEBUG] AbstractEntityPersister -  Update 0: /* update bloodbank.entity.Contact */ update contact set created=?, updated=?, version=?, address_id=?, contact_type=?, email=? where person_id=? and phone_id=? and version=?
2021-11-21T23:53:24,716|[DEBUG] AbstractEntityPersister -  Delete 0: /* delete bloodbank.entity.Contact */ delete from contact where person_id=? and phone_id=? and version=?
2021-11-21T23:53:24,716|[TRACE] AbstractLoadPlanBuildingAssociationVisitationStrategy -  Starting root entity : bloodbank.entity.Contact
2021-11-21T23:53:24,716|[DEBUG] QuerySpacesImpl - Adding QuerySpace : uid = <gen:0> -> org.hibernate.loader.plan.build.internal.spaces.EntityQuerySpaceImpl@1cdad619]
2021-11-21T23:53:24,717|[DEBUG] QuerySpacesImpl - Adding QuerySpace : uid = <gen:0>-id -> org.hibernate.loader.plan.build.internal.spaces.CompositeQuerySpaceImpl@319058ce]
2021-11-21T23:53:24,717|[TRACE] AbstractLoadPlanBuildingAssociationVisitationStrategy - Pushing fetch source to stack : org.hibernate.loader.plan.build.internal.returns.EntityReturnImpl@3909308c
2021-11-21T23:53:24,717|[TRACE] AbstractLoadPlanBuildingAssociationVisitationStrategy - .. Registering AssociationKey : AssociationKey(table=contact, columns={person_id,phone_id}) -> org.hibernate.loader.plan.build.internal.returns.EntityReturnImpl@3909308c
2021-11-21T23:53:24,717|[TRACE] AbstractLoadPlanBuildingAssociationVisitationStrategy - >> Starting entity identifier : bloodbank.entity.Contact
2021-11-21T23:53:24,717|[TRACE] AbstractLoadPlanBuildingAssociationVisitationStrategy - Pushing fetch source to stack : org.hibernate.loader.plan.build.internal.returns.EncapsulatedEntityIdentifierDescription@71cc0e35
2021-11-21T23:53:24,717|[TRACE] AbstractLoadPlanBuildingAssociationVisitationStrategy - >>>> Starting composite : id
2021-11-21T23:53:24,717|[DEBUG] MetamodelGraphWalker - Visiting attribute path : personId
2021-11-21T23:53:24,717|[TRACE] AbstractLoadPlanBuildingAssociationVisitationStrategy - >>>> Starting attribute org.hibernate.persister.walking.internal.CompositionSingularSubAttributesHelper$1$1$3@3b6c740b
2021-11-21T23:53:24,717|[TRACE] AbstractLoadPlanBuildingAssociationVisitationStrategy - <<<< Finishing up attribute : org.hibernate.persister.walking.internal.CompositionSingularSubAttributesHelper$1$1$3@3b6c740b
2021-11-21T23:53:24,717|[DEBUG] MetamodelGraphWalker - Visiting attribute path : phoneId
2021-11-21T23:53:24,717|[TRACE] AbstractLoadPlanBuildingAssociationVisitationStrategy - >>>> Starting attribute org.hibernate.persister.walking.internal.CompositionSingularSubAttributesHelper$1$1$3@8091d80
2021-11-21T23:53:24,717|[TRACE] AbstractLoadPlanBuildingAssociationVisitationStrategy - <<<< Finishing up attribute : org.hibernate.persister.walking.internal.CompositionSingularSubAttributesHelper$1$1$3@8091d80
2021-11-21T23:53:24,717|[TRACE] AbstractLoadPlanBuildingAssociationVisitationStrategy - <<<< Finishing composite : id
2021-11-21T23:53:24,717|[TRACE] AbstractLoadPlanBuildingAssociationVisitationStrategy - Popped fetch owner from stack : org.hibernate.loader.plan.build.internal.returns.EncapsulatedEntityIdentifierDescription@71cc0e35
2021-11-21T23:53:24,717|[TRACE] AbstractLoadPlanBuildingAssociationVisitationStrategy - << Finished entity identifier : bloodbank.entity.Contact
2021-11-21T23:53:24,717|[DEBUG] MetamodelGraphWalker - Visiting attribute path : epochCreated
2021-11-21T23:53:24,717|[TRACE] AbstractLoadPlanBuildingAssociationVisitationStrategy - >> Starting attribute Attribute(name=epochCreated, type=long [non-identifier])
2021-11-21T23:53:24,717|[TRACE] AbstractLoadPlanBuildingAssociationVisitationStrategy - << Finishing up attribute : Attribute(name=epochCreated, type=long [non-identifier])
2021-11-21T23:53:24,717|[DEBUG] MetamodelGraphWalker - Visiting attribute path : epochUpdated
2021-11-21T23:53:24,717|[TRACE] AbstractLoadPlanBuildingAssociationVisitationStrategy - >> Starting attribute Attribute(name=epochUpdated, type=long [non-identifier])
2021-11-21T23:53:24,717|[TRACE] AbstractLoadPlanBuildingAssociationVisitationStrategy - << Finishing up attribute : Attribute(name=epochUpdated, type=long [non-identifier])
2021-11-21T23:53:24,717|[DEBUG] MetamodelGraphWalker - Visiting attribute path : version
2021-11-21T23:53:24,717|[TRACE] AbstractLoadPlanBuildingAssociationVisitationStrategy - >> Starting attribute Attribute(name=version, type=integer [non-identifier])
2021-11-21T23:53:24,717|[TRACE] AbstractLoadPlanBuildingAssociationVisitationStrategy - << Finishing up attribute : Attribute(name=version, type=integer [non-identifier])
2021-11-21T23:53:24,717|[DEBUG] MetamodelGraphWalker - Visiting attribute path : address
2021-11-21T23:53:24,717|[TRACE] AbstractLoadPlanBuildingAssociationVisitationStrategy - >> Starting attribute Attribute(name=address, type=bloodbank.entity.Address [non-identifier,association])
2021-11-21T23:53:24,717|[DEBUG] QuerySpacesImpl - Adding QuerySpace : uid = <gen:1> -> org.hibernate.loader.plan.build.internal.spaces.EntityQuerySpaceImpl@78f4d15d]
2021-11-21T23:53:24,717|[TRACE] AbstractLoadPlanBuildingAssociationVisitationStrategy - << Finishing up attribute : Attribute(name=address, type=bloodbank.entity.Address [non-identifier,association])
2021-11-21T23:53:24,717|[DEBUG] MetamodelGraphWalker - Visiting attribute path : contactType
2021-11-21T23:53:24,717|[TRACE] AbstractLoadPlanBuildingAssociationVisitationStrategy - >> Starting attribute Attribute(name=contactType, type=string [non-identifier])
2021-11-21T23:53:24,717|[TRACE] AbstractLoadPlanBuildingAssociationVisitationStrategy - << Finishing up attribute : Attribute(name=contactType, type=string [non-identifier])
2021-11-21T23:53:24,717|[DEBUG] MetamodelGraphWalker - Visiting attribute path : email
2021-11-21T23:53:24,717|[TRACE] AbstractLoadPlanBuildingAssociationVisitationStrategy - >> Starting attribute Attribute(name=email, type=string [non-identifier])
2021-11-21T23:53:24,717|[TRACE] AbstractLoadPlanBuildingAssociationVisitationStrategy - << Finishing up attribute : Attribute(name=email, type=string [non-identifier])
2021-11-21T23:53:24,717|[DEBUG] MetamodelGraphWalker - Visiting attribute path : owner
2021-11-21T23:53:24,717|[TRACE] AbstractLoadPlanBuildingAssociationVisitationStrategy - >> Starting attribute Attribute(name=owner, type=bloodbank.entity.Person [non-identifier,association])
2021-11-21T23:53:24,717|[DEBUG] QuerySpacesImpl - Adding QuerySpace : uid = <gen:2> -> org.hibernate.loader.plan.build.internal.spaces.EntityQuerySpaceImpl@6958d5d0]
2021-11-21T23:53:24,717|[TRACE] AbstractLoadPlanBuildingAssociationVisitationStrategy - << Finishing up attribute : Attribute(name=owner, type=bloodbank.entity.Person [non-identifier,association])
2021-11-21T23:53:24,717|[DEBUG] MetamodelGraphWalker - Visiting attribute path : phone
2021-11-21T23:53:24,717|[TRACE] AbstractLoadPlanBuildingAssociationVisitationStrategy - >> Starting attribute Attribute(name=phone, type=bloodbank.entity.Phone [non-identifier,association])
2021-11-21T23:53:24,717|[DEBUG] QuerySpacesImpl - Adding QuerySpace : uid = <gen:3> -> org.hibernate.loader.plan.build.internal.spaces.EntityQuerySpaceImpl@314c28dc]
2021-11-21T23:53:24,717|[TRACE] AbstractLoadPlanBuildingAssociationVisitationStrategy - << Finishing up attribute : Attribute(name=phone, type=bloodbank.entity.Phone [non-identifier,association])
2021-11-21T23:53:24,717|[TRACE] AbstractLoadPlanBuildingAssociationVisitationStrategy - Popped fetch owner from stack : org.hibernate.loader.plan.build.internal.returns.EntityReturnImpl@3909308c
2021-11-21T23:53:24,717|[TRACE] AbstractLoadPlanBuildingAssociationVisitationStrategy -  Finished root entity : bloodbank.entity.Contact
2021-11-21T23:53:24,717|[DEBUG] FetchStyleLoadPlanBuildingAssociationVisitationStrategy - Building LoadPlan...
2021-11-21T23:53:24,717|[DEBUG] LoadQueryJoinAndFetchProcessor - processing queryspace <gen:0>
2021-11-21T23:53:24,717|[DEBUG] LoadPlanTreePrinter - LoadPlan(entity=bloodbank.entity.Contact)
    - Returns
       - EntityReturnImpl(entity=bloodbank.entity.Contact, querySpaceUid=<gen:0>, path=bloodbank.entity.Contact)
          - EntityAttributeFetchImpl(entity=bloodbank.entity.Address, querySpaceUid=<gen:1>, path=bloodbank.entity.Contact.address)
          - EntityAttributeFetchImpl(entity=bloodbank.entity.Person, querySpaceUid=<gen:2>, path=bloodbank.entity.Contact.owner)
          - EntityAttributeFetchImpl(entity=bloodbank.entity.Phone, querySpaceUid=<gen:3>, path=bloodbank.entity.Contact.phone)
    - QuerySpaces
       - EntityQuerySpaceImpl(uid=<gen:0>, entity=bloodbank.entity.Contact)
          - SQL table alias mapping - contact0_
          - alias suffix - 0_
          - suffixed key columns - {person_i1_3_0_, phone_id2_3_0_}
          - JOIN (JoinDefinedByMetadata(id)) : <gen:0> -> <gen:0>-id
             - CompositeQuerySpaceImpl(uid=<gen:0>-id)
                - SQL table alias mapping - contact0_

2021-11-21T23:53:24,717|[DEBUG] EntityLoader - Static select for entity bloodbank.entity.Contact [NONE]: select contact0_.person_id as person_i1_3_0_, contact0_.phone_id as phone_id2_3_0_, contact0_.created as created3_3_0_, contact0_.updated as updated4_3_0_, contact0_.version as version5_3_0_, contact0_.address_id as address_8_3_0_, contact0_.contact_type as contact_6_3_0_, contact0_.email as email7_3_0_ from contact contact0_ where contact0_.person_id=? and contact0_.phone_id=?
2021-11-21T23:53:24,717|[DEBUG] AbstractEntityPersister - Static SQL for entity: bloodbank.entity.Phone
2021-11-21T23:53:24,717|[DEBUG] AbstractEntityPersister -  Version select: /* get version bloodbank.entity.Phone */ select version from phone where phone_id =?
2021-11-21T23:53:24,717|[DEBUG] AbstractEntityPersister -  Snapshot select: /* get current state bloodbank.entity.Phone */ select phone_.phone_id, phone_.created as created2_6_, phone_.updated as updated3_6_, phone_.version as version4_6_, phone_.area_code as area_cod5_6_, phone_.country_code as country_6_6_, phone_.number as number7_6_ from phone phone_ where phone_.phone_id=?
2021-11-21T23:53:24,717|[DEBUG] AbstractEntityPersister -  Insert 0: /* insert bloodbank.entity.Phone */ insert into phone (created, updated, version, area_code, country_code, number, phone_id) values (?, ?, ?, ?, ?, ?, ?)
2021-11-21T23:53:24,717|[DEBUG] AbstractEntityPersister -  Update 0: /* update bloodbank.entity.Phone */ update phone set created=?, updated=?, version=?, area_code=?, country_code=?, number=? where phone_id=? and version=?
2021-11-21T23:53:24,717|[DEBUG] AbstractEntityPersister -  Delete 0: /* delete bloodbank.entity.Phone */ delete from phone where phone_id=? and version=?
2021-11-21T23:53:24,717|[DEBUG] AbstractEntityPersister -  Identity insert: /* insert bloodbank.entity.Phone */ insert into phone (created, updated, version, area_code, country_code, number) values (?, ?, ?, ?, ?, ?)
2021-11-21T23:53:24,717|[TRACE] AbstractLoadPlanBuildingAssociationVisitationStrategy -  Starting root entity : bloodbank.entity.Phone
2021-11-21T23:53:24,717|[DEBUG] QuerySpacesImpl - Adding QuerySpace : uid = <gen:0> -> org.hibernate.loader.plan.build.internal.spaces.EntityQuerySpaceImpl@7169d668]
2021-11-21T23:53:24,717|[TRACE] AbstractLoadPlanBuildingAssociationVisitationStrategy - Pushing fetch source to stack : org.hibernate.loader.plan.build.internal.returns.EntityReturnImpl@2f498f21
2021-11-21T23:53:24,717|[TRACE] AbstractLoadPlanBuildingAssociationVisitationStrategy - .. Registering AssociationKey : AssociationKey(table=phone, columns={phone_id}) -> org.hibernate.loader.plan.build.internal.returns.EntityReturnImpl@2f498f21
2021-11-21T23:53:24,717|[TRACE] AbstractLoadPlanBuildingAssociationVisitationStrategy - >> Starting entity identifier : bloodbank.entity.Phone
2021-11-21T23:53:24,717|[DEBUG] MetamodelGraphWalker - Visiting attribute path : epochCreated
2021-11-21T23:53:24,717|[TRACE] AbstractLoadPlanBuildingAssociationVisitationStrategy - >> Starting attribute Attribute(name=epochCreated, type=long [non-identifier])
2021-11-21T23:53:24,717|[TRACE] AbstractLoadPlanBuildingAssociationVisitationStrategy - << Finishing up attribute : Attribute(name=epochCreated, type=long [non-identifier])
2021-11-21T23:53:24,717|[DEBUG] MetamodelGraphWalker - Visiting attribute path : epochUpdated
2021-11-21T23:53:24,717|[TRACE] AbstractLoadPlanBuildingAssociationVisitationStrategy - >> Starting attribute Attribute(name=epochUpdated, type=long [non-identifier])
2021-11-21T23:53:24,717|[TRACE] AbstractLoadPlanBuildingAssociationVisitationStrategy - << Finishing up attribute : Attribute(name=epochUpdated, type=long [non-identifier])
2021-11-21T23:53:24,717|[DEBUG] MetamodelGraphWalker - Visiting attribute path : version
2021-11-21T23:53:24,717|[TRACE] AbstractLoadPlanBuildingAssociationVisitationStrategy - >> Starting attribute Attribute(name=version, type=integer [non-identifier])
2021-11-21T23:53:24,717|[TRACE] AbstractLoadPlanBuildingAssociationVisitationStrategy - << Finishing up attribute : Attribute(name=version, type=integer [non-identifier])
2021-11-21T23:53:24,717|[DEBUG] MetamodelGraphWalker - Visiting attribute path : areaCode
2021-11-21T23:53:24,717|[TRACE] AbstractLoadPlanBuildingAssociationVisitationStrategy - >> Starting attribute Attribute(name=areaCode, type=string [non-identifier])
2021-11-21T23:53:24,717|[TRACE] AbstractLoadPlanBuildingAssociationVisitationStrategy - << Finishing up attribute : Attribute(name=areaCode, type=string [non-identifier])
2021-11-21T23:53:24,717|[DEBUG] MetamodelGraphWalker - Visiting attribute path : contacts
2021-11-21T23:53:24,717|[TRACE] AbstractLoadPlanBuildingAssociationVisitationStrategy - >> Starting attribute Attribute(name=contacts, type=java.util.Set(bloodbank.entity.Phone.contacts) [non-identifier,association])
2021-11-21T23:53:24,717|[DEBUG] QuerySpacesImpl - Adding QuerySpace : uid = <gen:1> -> org.hibernate.loader.plan.build.internal.spaces.CollectionQuerySpaceImpl@90394d]
2021-11-21T23:53:24,717|[DEBUG] QuerySpacesImpl - Adding QuerySpace : uid = <gen:2> -> org.hibernate.loader.plan.build.internal.spaces.EntityQuerySpaceImpl@50caeb4b]
2021-11-21T23:53:24,717|[DEBUG] QuerySpacesImpl - Adding QuerySpace : uid = <gen:2>-id -> org.hibernate.loader.plan.build.internal.spaces.CompositeQuerySpaceImpl@6fafbdac]
2021-11-21T23:53:24,717|[TRACE] AbstractLoadPlanBuildingAssociationVisitationStrategy - << Finishing up attribute : Attribute(name=contacts, type=java.util.Set(bloodbank.entity.Phone.contacts) [non-identifier,association])
2021-11-21T23:53:24,717|[DEBUG] MetamodelGraphWalker - Visiting attribute path : countryCode
2021-11-21T23:53:24,717|[TRACE] AbstractLoadPlanBuildingAssociationVisitationStrategy - >> Starting attribute Attribute(name=countryCode, type=string [non-identifier])
2021-11-21T23:53:24,717|[TRACE] AbstractLoadPlanBuildingAssociationVisitationStrategy - << Finishing up attribute : Attribute(name=countryCode, type=string [non-identifier])
2021-11-21T23:53:24,717|[DEBUG] MetamodelGraphWalker - Visiting attribute path : number
2021-11-21T23:53:24,717|[TRACE] AbstractLoadPlanBuildingAssociationVisitationStrategy - >> Starting attribute Attribute(name=number, type=string [non-identifier])
2021-11-21T23:53:24,717|[TRACE] AbstractLoadPlanBuildingAssociationVisitationStrategy - << Finishing up attribute : Attribute(name=number, type=string [non-identifier])
2021-11-21T23:53:24,717|[TRACE] AbstractLoadPlanBuildingAssociationVisitationStrategy - Popped fetch owner from stack : org.hibernate.loader.plan.build.internal.returns.EntityReturnImpl@2f498f21
2021-11-21T23:53:24,717|[TRACE] AbstractLoadPlanBuildingAssociationVisitationStrategy -  Finished root entity : bloodbank.entity.Phone
2021-11-21T23:53:24,717|[DEBUG] FetchStyleLoadPlanBuildingAssociationVisitationStrategy - Building LoadPlan...
2021-11-21T23:53:24,718|[DEBUG] LoadQueryJoinAndFetchProcessor - processing queryspace <gen:0>
2021-11-21T23:53:24,718|[DEBUG] LoadPlanTreePrinter - LoadPlan(entity=bloodbank.entity.Phone)
    - Returns
       - EntityReturnImpl(entity=bloodbank.entity.Phone, querySpaceUid=<gen:0>, path=bloodbank.entity.Phone)
          - CollectionAttributeFetchImpl(collection=bloodbank.entity.Phone.contacts, querySpaceUid=<gen:1>, path=bloodbank.entity.Phone.contacts)
             - (collection element) CollectionFetchableElementEntityGraph(entity=bloodbank.entity.Contact, querySpaceUid=<gen:2>, path=bloodbank.entity.Phone.contacts.<elements>)
    - QuerySpaces
       - EntityQuerySpaceImpl(uid=<gen:0>, entity=bloodbank.entity.Phone)
          - SQL table alias mapping - phone0_
          - alias suffix - 0_
          - suffixed key columns - {phone_id1_6_0_}

2021-11-21T23:53:24,718|[DEBUG] EntityLoader - Static select for entity bloodbank.entity.Phone [NONE]: select phone0_.phone_id as phone_id1_6_0_, phone0_.created as created2_6_0_, phone0_.updated as updated3_6_0_, phone0_.version as version4_6_0_, phone0_.area_code as area_cod5_6_0_, phone0_.country_code as country_6_6_0_, phone0_.number as number7_6_0_ from phone phone0_ where phone0_.phone_id=?
2021-11-21T23:53:24,718|[DEBUG] AbstractEntityPersister - Static SQL for entity: bloodbank.entity.BloodDonation
2021-11-21T23:53:24,718|[DEBUG] AbstractEntityPersister -  Version select: /* get version bloodbank.entity.BloodDonation */ select version from blood_donation where donation_id =?
2021-11-21T23:53:24,718|[DEBUG] AbstractEntityPersister -  Snapshot select: /* get current state bloodbank.entity.BloodDonation */ select blooddonat_.donation_id, blooddonat_.created as created2_2_, blooddonat_.updated as updated3_2_, blooddonat_.version as version4_2_, blooddonat_.bank_id as bank_id8_2_, blooddonat_.blood_group as blood_gr5_2_, blooddonat_.rhd as rhd6_2_, blooddonat_.milliliters as millilit7_2_ from blood_donation blooddonat_ where blooddonat_.donation_id=?
2021-11-21T23:53:24,718|[DEBUG] AbstractEntityPersister -  Insert 0: /* insert bloodbank.entity.BloodDonation */ insert into blood_donation (created, updated, version, bank_id, blood_group, rhd, milliliters, donation_id) values (?, ?, ?, ?, ?, ?, ?, ?)
2021-11-21T23:53:24,718|[DEBUG] AbstractEntityPersister -  Update 0: /* update bloodbank.entity.BloodDonation */ update blood_donation set created=?, updated=?, version=?, bank_id=?, blood_group=?, rhd=?, milliliters=? where donation_id=? and version=?
2021-11-21T23:53:24,718|[DEBUG] AbstractEntityPersister -  Delete 0: /* delete bloodbank.entity.BloodDonation */ delete from blood_donation where donation_id=? and version=?
2021-11-21T23:53:24,718|[DEBUG] AbstractEntityPersister -  Identity insert: /* insert bloodbank.entity.BloodDonation */ insert into blood_donation (created, updated, version, bank_id, blood_group, rhd, milliliters) values (?, ?, ?, ?, ?, ?, ?)
2021-11-21T23:53:24,718|[TRACE] AbstractLoadPlanBuildingAssociationVisitationStrategy -  Starting root entity : bloodbank.entity.BloodDonation
2021-11-21T23:53:24,718|[DEBUG] QuerySpacesImpl - Adding QuerySpace : uid = <gen:0> -> org.hibernate.loader.plan.build.internal.spaces.EntityQuerySpaceImpl@c7c07ff]
2021-11-21T23:53:24,718|[TRACE] AbstractLoadPlanBuildingAssociationVisitationStrategy - Pushing fetch source to stack : org.hibernate.loader.plan.build.internal.returns.EntityReturnImpl@d271d6c
2021-11-21T23:53:24,718|[TRACE] AbstractLoadPlanBuildingAssociationVisitationStrategy - .. Registering AssociationKey : AssociationKey(table=blood_donation, columns={donation_id}) -> org.hibernate.loader.plan.build.internal.returns.EntityReturnImpl@d271d6c
2021-11-21T23:53:24,718|[TRACE] AbstractLoadPlanBuildingAssociationVisitationStrategy - >> Starting entity identifier : bloodbank.entity.BloodDonation
2021-11-21T23:53:24,718|[DEBUG] MetamodelGraphWalker - Visiting attribute path : epochCreated
2021-11-21T23:53:24,718|[TRACE] AbstractLoadPlanBuildingAssociationVisitationStrategy - >> Starting attribute Attribute(name=epochCreated, type=long [non-identifier])
2021-11-21T23:53:24,718|[TRACE] AbstractLoadPlanBuildingAssociationVisitationStrategy - << Finishing up attribute : Attribute(name=epochCreated, type=long [non-identifier])
2021-11-21T23:53:24,718|[DEBUG] MetamodelGraphWalker - Visiting attribute path : epochUpdated
2021-11-21T23:53:24,718|[TRACE] AbstractLoadPlanBuildingAssociationVisitationStrategy - >> Starting attribute Attribute(name=epochUpdated, type=long [non-identifier])
2021-11-21T23:53:24,718|[TRACE] AbstractLoadPlanBuildingAssociationVisitationStrategy - << Finishing up attribute : Attribute(name=epochUpdated, type=long [non-identifier])
2021-11-21T23:53:24,718|[DEBUG] MetamodelGraphWalker - Visiting attribute path : version
2021-11-21T23:53:24,718|[TRACE] AbstractLoadPlanBuildingAssociationVisitationStrategy - >> Starting attribute Attribute(name=version, type=integer [non-identifier])
2021-11-21T23:53:24,718|[TRACE] AbstractLoadPlanBuildingAssociationVisitationStrategy - << Finishing up attribute : Attribute(name=version, type=integer [non-identifier])
2021-11-21T23:53:24,718|[DEBUG] MetamodelGraphWalker - Visiting attribute path : bank
2021-11-21T23:53:24,718|[TRACE] AbstractLoadPlanBuildingAssociationVisitationStrategy - >> Starting attribute Attribute(name=bank, type=bloodbank.entity.BloodBank [non-identifier,association])
2021-11-21T23:53:24,718|[DEBUG] QuerySpacesImpl - Adding QuerySpace : uid = <gen:1> -> org.hibernate.loader.plan.build.internal.spaces.EntityQuerySpaceImpl@a302f30]
2021-11-21T23:53:24,718|[TRACE] AbstractLoadPlanBuildingAssociationVisitationStrategy - Pushing fetch source to stack : org.hibernate.loader.plan.build.internal.returns.EntityAttributeFetchImpl@1860b107
2021-11-21T23:53:24,718|[TRACE] AbstractLoadPlanBuildingAssociationVisitationStrategy - .... Registering AssociationKey : AssociationKey(table=blood_donation, columns={bank_id}) -> org.hibernate.loader.plan.build.internal.returns.EntityAttributeFetchImpl@1860b107
2021-11-21T23:53:24,718|[TRACE] AbstractLoadPlanBuildingAssociationVisitationStrategy - >>>> Starting entity identifier : bloodbank.entity.BloodBank
2021-11-21T23:53:24,718|[DEBUG] MetamodelGraphWalker - Visiting attribute path : bank.epochCreated
2021-11-21T23:53:24,718|[TRACE] AbstractLoadPlanBuildingAssociationVisitationStrategy - >>>> Starting attribute Attribute(name=epochCreated, type=long [non-identifier])
2021-11-21T23:53:24,718|[TRACE] AbstractLoadPlanBuildingAssociationVisitationStrategy - <<<< Finishing up attribute : Attribute(name=epochCreated, type=long [non-identifier])
2021-11-21T23:53:24,718|[DEBUG] MetamodelGraphWalker - Visiting attribute path : bank.epochUpdated
2021-11-21T23:53:24,718|[TRACE] AbstractLoadPlanBuildingAssociationVisitationStrategy - >>>> Starting attribute Attribute(name=epochUpdated, type=long [non-identifier])
2021-11-21T23:53:24,718|[TRACE] AbstractLoadPlanBuildingAssociationVisitationStrategy - <<<< Finishing up attribute : Attribute(name=epochUpdated, type=long [non-identifier])
2021-11-21T23:53:24,718|[DEBUG] MetamodelGraphWalker - Visiting attribute path : bank.version
2021-11-21T23:53:24,718|[TRACE] AbstractLoadPlanBuildingAssociationVisitationStrategy - >>>> Starting attribute Attribute(name=version, type=integer [non-identifier])
2021-11-21T23:53:24,718|[TRACE] AbstractLoadPlanBuildingAssociationVisitationStrategy - <<<< Finishing up attribute : Attribute(name=version, type=integer [non-identifier])
2021-11-21T23:53:24,718|[DEBUG] MetamodelGraphWalker - Visiting attribute path : bank.donations
2021-11-21T23:53:24,718|[DEBUG] MetamodelGraphWalker - Property path deemed to be circular : bank.donations
2021-11-21T23:53:24,718|[DEBUG] MetamodelGraphWalker - Visiting attribute path : bank.name
2021-11-21T23:53:24,718|[TRACE] AbstractLoadPlanBuildingAssociationVisitationStrategy - >>>> Starting attribute Attribute(name=name, type=string [non-identifier])
2021-11-21T23:53:24,718|[TRACE] AbstractLoadPlanBuildingAssociationVisitationStrategy - <<<< Finishing up attribute : Attribute(name=name, type=string [non-identifier])
2021-11-21T23:53:24,718|[TRACE] AbstractLoadPlanBuildingAssociationVisitationStrategy - Popped fetch owner from stack : org.hibernate.loader.plan.build.internal.returns.EntityAttributeFetchImpl@1860b107
2021-11-21T23:53:24,718|[TRACE] AbstractLoadPlanBuildingAssociationVisitationStrategy - << Finishing up attribute : Attribute(name=bank, type=bloodbank.entity.BloodBank [non-identifier,association])
2021-11-21T23:53:24,718|[DEBUG] MetamodelGraphWalker - Visiting attribute path : bloodType
2021-11-21T23:53:24,718|[TRACE] AbstractLoadPlanBuildingAssociationVisitationStrategy - >> Starting attribute Attribute(name=bloodType, type=component[bloodGroup,rhd] [non-identifier,composition])
2021-11-21T23:53:24,718|[DEBUG] QuerySpacesImpl - Adding QuerySpace : uid = <gen:2> -> org.hibernate.loader.plan.build.internal.spaces.CompositeQuerySpaceImpl@744f0e0b]
2021-11-21T23:53:24,718|[TRACE] AbstractLoadPlanBuildingAssociationVisitationStrategy - Pushing fetch source to stack : org.hibernate.loader.plan.build.internal.returns.CompositeAttributeFetchImpl@4136b193
2021-11-21T23:53:24,718|[TRACE] AbstractLoadPlanBuildingAssociationVisitationStrategy - >>>> Starting composite : bloodType
2021-11-21T23:53:24,718|[DEBUG] MetamodelGraphWalker - Visiting attribute path : bloodType.bloodGroup
2021-11-21T23:53:24,718|[TRACE] AbstractLoadPlanBuildingAssociationVisitationStrategy - >>>> Starting attribute Attribute(name=bloodGroup, type=string [non-identifier])
2021-11-21T23:53:24,718|[TRACE] AbstractLoadPlanBuildingAssociationVisitationStrategy - <<<< Finishing up attribute : Attribute(name=bloodGroup, type=string [non-identifier])
2021-11-21T23:53:24,718|[DEBUG] MetamodelGraphWalker - Visiting attribute path : bloodType.rhd
2021-11-21T23:53:24,718|[TRACE] AbstractLoadPlanBuildingAssociationVisitationStrategy - >>>> Starting attribute Attribute(name=rhd, type=byte [non-identifier])
2021-11-21T23:53:24,718|[TRACE] AbstractLoadPlanBuildingAssociationVisitationStrategy - <<<< Finishing up attribute : Attribute(name=rhd, type=byte [non-identifier])
2021-11-21T23:53:24,718|[TRACE] AbstractLoadPlanBuildingAssociationVisitationStrategy - <<<< Finishing composite : bloodType
2021-11-21T23:53:24,718|[TRACE] AbstractLoadPlanBuildingAssociationVisitationStrategy - Popped fetch owner from stack : org.hibernate.loader.plan.build.internal.returns.CompositeAttributeFetchImpl@4136b193
2021-11-21T23:53:24,719|[TRACE] AbstractLoadPlanBuildingAssociationVisitationStrategy - << Finishing up attribute : Attribute(name=bloodType, type=component[bloodGroup,rhd] [non-identifier,composition])
2021-11-21T23:53:24,719|[DEBUG] MetamodelGraphWalker - Visiting attribute path : milliliters
2021-11-21T23:53:24,719|[TRACE] AbstractLoadPlanBuildingAssociationVisitationStrategy - >> Starting attribute Attribute(name=milliliters, type=integer [non-identifier])
2021-11-21T23:53:24,719|[TRACE] AbstractLoadPlanBuildingAssociationVisitationStrategy - << Finishing up attribute : Attribute(name=milliliters, type=integer [non-identifier])
2021-11-21T23:53:24,719|[DEBUG] MetamodelGraphWalker - Visiting attribute path : record
2021-11-21T23:53:24,719|[DEBUG] MetamodelGraphWalker - Property path deemed to be circular : record
2021-11-21T23:53:24,719|[TRACE] AbstractLoadPlanBuildingAssociationVisitationStrategy - Popped fetch owner from stack : org.hibernate.loader.plan.build.internal.returns.EntityReturnImpl@d271d6c
2021-11-21T23:53:24,719|[TRACE] AbstractLoadPlanBuildingAssociationVisitationStrategy -  Finished root entity : bloodbank.entity.BloodDonation
2021-11-21T23:53:24,719|[DEBUG] FetchStyleLoadPlanBuildingAssociationVisitationStrategy - Building LoadPlan...
2021-11-21T23:53:24,719|[DEBUG] LoadQueryJoinAndFetchProcessor - processing queryspace <gen:0>
2021-11-21T23:53:24,719|[DEBUG] LoadPlanTreePrinter - LoadPlan(entity=bloodbank.entity.BloodDonation)
    - Returns
       - EntityReturnImpl(entity=bloodbank.entity.BloodDonation, querySpaceUid=<gen:0>, path=bloodbank.entity.BloodDonation)
          - EntityAttributeFetchImpl(entity=bloodbank.entity.BloodBank, querySpaceUid=<gen:1>, path=bloodbank.entity.BloodDonation.bank)
          - CompositeAttributeFetchImpl(composite=bloodbank.entity.BloodType, querySpaceUid=<gen:2>, path=bloodbank.entity.BloodDonation.bloodType)
    - QuerySpaces
       - EntityQuerySpaceImpl(uid=<gen:0>, entity=bloodbank.entity.BloodDonation)
          - SQL table alias mapping - blooddonat0_
          - alias suffix - 0_
          - suffixed key columns - {donation1_2_0_}
          - JOIN (JoinDefinedByMetadata(bank)) : <gen:0> -> <gen:1>
             - EntityQuerySpaceImpl(uid=<gen:1>, entity=bloodbank.entity.BloodBank)
                - SQL table alias mapping - bloodbank1_
                - alias suffix - 1_
                - suffixed key columns - {bank_id2_1_1_}
          - JOIN (JoinDefinedByMetadata(bloodType)) : <gen:0> -> <gen:2>
             - CompositeQuerySpaceImpl(uid=<gen:2>)
                - SQL table alias mapping - blooddonat0_

2021-11-21T23:53:24,719|[DEBUG] EntityLoader - Static select for entity bloodbank.entity.BloodDonation [NONE]: select blooddonat0_.donation_id as donation1_2_0_, blooddonat0_.created as created2_2_0_, blooddonat0_.updated as updated3_2_0_, blooddonat0_.version as version4_2_0_, blooddonat0_.bank_id as bank_id8_2_0_, blooddonat0_.blood_group as blood_gr5_2_0_, blooddonat0_.rhd as rhd6_2_0_, blooddonat0_.milliliters as millilit7_2_0_, bloodbank1_.bank_id as bank_id2_1_1_, bloodbank1_.created as created3_1_1_, bloodbank1_.updated as updated4_1_1_, bloodbank1_.version as version5_1_1_, bloodbank1_.name as name6_1_1_, bloodbank1_.privately_owned as privatel1_1_1_ from blood_donation blooddonat0_ inner join blood_bank bloodbank1_ on blooddonat0_.bank_id=bloodbank1_.bank_id where blooddonat0_.donation_id=?
2021-11-21T23:53:24,719|[DEBUG] AbstractEntityPersister - Static SQL for entity: bloodbank.entity.BloodBank
2021-11-21T23:53:24,719|[DEBUG] AbstractEntityPersister -  Version select: /* get version bloodbank.entity.BloodBank */ select version from blood_bank where bank_id =?
2021-11-21T23:53:24,719|[DEBUG] AbstractEntityPersister -  Snapshot select: /* get current state bloodbank.entity.BloodBank */ select bloodbank_.bank_id, bloodbank_.created as created3_1_, bloodbank_.updated as updated4_1_, bloodbank_.version as version5_1_, bloodbank_.name as name6_1_ from blood_bank bloodbank_ where bloodbank_.bank_id=?
2021-11-21T23:53:24,719|[DEBUG] AbstractEntityPersister -  Insert 0: /* insert bloodbank.entity.BloodBank */ insert into blood_bank (created, updated, version, name, privately_owned, bank_id) values (?, ?, ?, ?, -1082010826, ?)
2021-11-21T23:53:24,719|[DEBUG] AbstractEntityPersister -  Update 0: /* update bloodbank.entity.BloodBank */ update blood_bank set created=?, updated=?, version=?, name=? where bank_id=? and version=?
2021-11-21T23:53:24,719|[DEBUG] AbstractEntityPersister -  Delete 0: /* delete bloodbank.entity.BloodBank */ delete from blood_bank where bank_id=? and version=?
2021-11-21T23:53:24,719|[DEBUG] AbstractEntityPersister -  Identity insert: /* insert bloodbank.entity.BloodBank */ insert into blood_bank (created, updated, version, name, privately_owned) values (?, ?, ?, ?, -1082010826)
2021-11-21T23:53:24,719|[TRACE] AbstractLoadPlanBuildingAssociationVisitationStrategy -  Starting root entity : bloodbank.entity.BloodBank
2021-11-21T23:53:24,719|[DEBUG] QuerySpacesImpl - Adding QuerySpace : uid = <gen:0> -> org.hibernate.loader.plan.build.internal.spaces.EntityQuerySpaceImpl@4af44f2a]
2021-11-21T23:53:24,719|[TRACE] AbstractLoadPlanBuildingAssociationVisitationStrategy - Pushing fetch source to stack : org.hibernate.loader.plan.build.internal.returns.EntityReturnImpl@570127fa
2021-11-21T23:53:24,719|[TRACE] AbstractLoadPlanBuildingAssociationVisitationStrategy - .. Registering AssociationKey : AssociationKey(table=blood_bank, columns={bank_id}) -> org.hibernate.loader.plan.build.internal.returns.EntityReturnImpl@570127fa
2021-11-21T23:53:24,719|[TRACE] AbstractLoadPlanBuildingAssociationVisitationStrategy - >> Starting entity identifier : bloodbank.entity.BloodBank
2021-11-21T23:53:24,719|[DEBUG] MetamodelGraphWalker - Visiting attribute path : epochCreated
2021-11-21T23:53:24,719|[TRACE] AbstractLoadPlanBuildingAssociationVisitationStrategy - >> Starting attribute Attribute(name=epochCreated, type=long [non-identifier])
2021-11-21T23:53:24,719|[TRACE] AbstractLoadPlanBuildingAssociationVisitationStrategy - << Finishing up attribute : Attribute(name=epochCreated, type=long [non-identifier])
2021-11-21T23:53:24,719|[DEBUG] MetamodelGraphWalker - Visiting attribute path : epochUpdated
2021-11-21T23:53:24,719|[TRACE] AbstractLoadPlanBuildingAssociationVisitationStrategy - >> Starting attribute Attribute(name=epochUpdated, type=long [non-identifier])
2021-11-21T23:53:24,719|[TRACE] AbstractLoadPlanBuildingAssociationVisitationStrategy - << Finishing up attribute : Attribute(name=epochUpdated, type=long [non-identifier])
2021-11-21T23:53:24,719|[DEBUG] MetamodelGraphWalker - Visiting attribute path : version
2021-11-21T23:53:24,719|[TRACE] AbstractLoadPlanBuildingAssociationVisitationStrategy - >> Starting attribute Attribute(name=version, type=integer [non-identifier])
2021-11-21T23:53:24,719|[TRACE] AbstractLoadPlanBuildingAssociationVisitationStrategy - << Finishing up attribute : Attribute(name=version, type=integer [non-identifier])
2021-11-21T23:53:24,719|[DEBUG] MetamodelGraphWalker - Visiting attribute path : donations
2021-11-21T23:53:24,719|[TRACE] AbstractLoadPlanBuildingAssociationVisitationStrategy - >> Starting attribute Attribute(name=donations, type=java.util.Set(bloodbank.entity.BloodBank.donations) [non-identifier,association])
2021-11-21T23:53:24,719|[DEBUG] QuerySpacesImpl - Adding QuerySpace : uid = <gen:1> -> org.hibernate.loader.plan.build.internal.spaces.CollectionQuerySpaceImpl@5b324447]
2021-11-21T23:53:24,719|[DEBUG] QuerySpacesImpl - Adding QuerySpace : uid = <gen:2> -> org.hibernate.loader.plan.build.internal.spaces.EntityQuerySpaceImpl@2ffcdc9b]
2021-11-21T23:53:24,719|[TRACE] AbstractLoadPlanBuildingAssociationVisitationStrategy - << Finishing up attribute : Attribute(name=donations, type=java.util.Set(bloodbank.entity.BloodBank.donations) [non-identifier,association])
2021-11-21T23:53:24,719|[DEBUG] MetamodelGraphWalker - Visiting attribute path : name
2021-11-21T23:53:24,719|[TRACE] AbstractLoadPlanBuildingAssociationVisitationStrategy - >> Starting attribute Attribute(name=name, type=string [non-identifier])
2021-11-21T23:53:24,719|[TRACE] AbstractLoadPlanBuildingAssociationVisitationStrategy - << Finishing up attribute : Attribute(name=name, type=string [non-identifier])
2021-11-21T23:53:24,719|[TRACE] AbstractLoadPlanBuildingAssociationVisitationStrategy - Popped fetch owner from stack : org.hibernate.loader.plan.build.internal.returns.EntityReturnImpl@570127fa
2021-11-21T23:53:24,719|[TRACE] AbstractLoadPlanBuildingAssociationVisitationStrategy -  Finished root entity : bloodbank.entity.BloodBank
2021-11-21T23:53:24,719|[DEBUG] FetchStyleLoadPlanBuildingAssociationVisitationStrategy - Building LoadPlan...
2021-11-21T23:53:24,719|[DEBUG] LoadQueryJoinAndFetchProcessor - processing queryspace <gen:0>
2021-11-21T23:53:24,719|[DEBUG] LoadPlanTreePrinter - LoadPlan(entity=bloodbank.entity.BloodBank)
    - Returns
       - EntityReturnImpl(entity=bloodbank.entity.BloodBank, querySpaceUid=<gen:0>, path=bloodbank.entity.BloodBank)
          - CollectionAttributeFetchImpl(collection=bloodbank.entity.BloodBank.donations, querySpaceUid=<gen:1>, path=bloodbank.entity.BloodBank.donations)
             - (collection element) CollectionFetchableElementEntityGraph(entity=bloodbank.entity.BloodDonation, querySpaceUid=<gen:2>, path=bloodbank.entity.BloodBank.donations.<elements>)
    - QuerySpaces
       - EntityQuerySpaceImpl(uid=<gen:0>, entity=bloodbank.entity.BloodBank)
          - SQL table alias mapping - bloodbank0_
          - alias suffix - 0_
          - suffixed key columns - {bank_id2_1_0_}

2021-11-21T23:53:24,719|[DEBUG] EntityLoader - Static select for entity bloodbank.entity.BloodBank [NONE]: select bloodbank0_.bank_id as bank_id2_1_0_, bloodbank0_.created as created3_1_0_, bloodbank0_.updated as updated4_1_0_, bloodbank0_.version as version5_1_0_, bloodbank0_.name as name6_1_0_, bloodbank0_.privately_owned as privatel1_1_0_ from blood_bank bloodbank0_ where bloodbank0_.bank_id=?
2021-11-21T23:53:24,720|[DEBUG] AbstractEntityPersister - Static SQL for entity: bloodbank.entity.PrivateBloodBank
2021-11-21T23:53:24,720|[DEBUG] AbstractEntityPersister -  Version select: /* get version bloodbank.entity.PrivateBloodBank */ select version from blood_bank where bank_id =?
2021-11-21T23:53:24,720|[DEBUG] AbstractEntityPersister -  Snapshot select: /* get current state bloodbank.entity.PrivateBloodBank */ select privateblo_.bank_id, privateblo_.created as created3_1_, privateblo_.updated as updated4_1_, privateblo_.version as version5_1_, privateblo_.name as name6_1_ from blood_bank privateblo_ where privateblo_.bank_id=?
2021-11-21T23:53:24,720|[DEBUG] AbstractEntityPersister -  Insert 0: /* insert bloodbank.entity.PrivateBloodBank */ insert into blood_bank (created, updated, version, name, privately_owned, bank_id) values (?, ?, ?, ?, 1, ?)
2021-11-21T23:53:24,720|[DEBUG] AbstractEntityPersister -  Update 0: /* update bloodbank.entity.PrivateBloodBank */ update blood_bank set created=?, updated=?, version=?, name=? where bank_id=? and version=?
2021-11-21T23:53:24,720|[DEBUG] AbstractEntityPersister -  Delete 0: /* delete bloodbank.entity.PrivateBloodBank */ delete from blood_bank where bank_id=? and version=?
2021-11-21T23:53:24,720|[DEBUG] AbstractEntityPersister -  Identity insert: /* insert bloodbank.entity.PrivateBloodBank */ insert into blood_bank (created, updated, version, name, privately_owned) values (?, ?, ?, ?, 1)
2021-11-21T23:53:24,720|[TRACE] AbstractLoadPlanBuildingAssociationVisitationStrategy -  Starting root entity : bloodbank.entity.PrivateBloodBank
2021-11-21T23:53:24,720|[DEBUG] QuerySpacesImpl - Adding QuerySpace : uid = <gen:0> -> org.hibernate.loader.plan.build.internal.spaces.EntityQuerySpaceImpl@47994b51]
2021-11-21T23:53:24,720|[TRACE] AbstractLoadPlanBuildingAssociationVisitationStrategy - Pushing fetch source to stack : org.hibernate.loader.plan.build.internal.returns.EntityReturnImpl@19f99aaf
2021-11-21T23:53:24,720|[TRACE] AbstractLoadPlanBuildingAssociationVisitationStrategy - .. Registering AssociationKey : AssociationKey(table=blood_bank, columns={bank_id}) -> org.hibernate.loader.plan.build.internal.returns.EntityReturnImpl@19f99aaf
2021-11-21T23:53:24,720|[TRACE] AbstractLoadPlanBuildingAssociationVisitationStrategy - >> Starting entity identifier : bloodbank.entity.PrivateBloodBank
2021-11-21T23:53:24,720|[DEBUG] MetamodelGraphWalker - Visiting attribute path : epochCreated
2021-11-21T23:53:24,720|[TRACE] AbstractLoadPlanBuildingAssociationVisitationStrategy - >> Starting attribute Attribute(name=epochCreated, type=long [non-identifier])
2021-11-21T23:53:24,720|[TRACE] AbstractLoadPlanBuildingAssociationVisitationStrategy - << Finishing up attribute : Attribute(name=epochCreated, type=long [non-identifier])
2021-11-21T23:53:24,720|[DEBUG] MetamodelGraphWalker - Visiting attribute path : epochUpdated
2021-11-21T23:53:24,720|[TRACE] AbstractLoadPlanBuildingAssociationVisitationStrategy - >> Starting attribute Attribute(name=epochUpdated, type=long [non-identifier])
2021-11-21T23:53:24,720|[TRACE] AbstractLoadPlanBuildingAssociationVisitationStrategy - << Finishing up attribute : Attribute(name=epochUpdated, type=long [non-identifier])
2021-11-21T23:53:24,720|[DEBUG] MetamodelGraphWalker - Visiting attribute path : version
2021-11-21T23:53:24,720|[TRACE] AbstractLoadPlanBuildingAssociationVisitationStrategy - >> Starting attribute Attribute(name=version, type=integer [non-identifier])
2021-11-21T23:53:24,720|[TRACE] AbstractLoadPlanBuildingAssociationVisitationStrategy - << Finishing up attribute : Attribute(name=version, type=integer [non-identifier])
2021-11-21T23:53:24,720|[DEBUG] MetamodelGraphWalker - Visiting attribute path : donations
2021-11-21T23:53:24,720|[TRACE] AbstractLoadPlanBuildingAssociationVisitationStrategy - >> Starting attribute Attribute(name=donations, type=java.util.Set(bloodbank.entity.BloodBank.donations) [non-identifier,association])
2021-11-21T23:53:24,720|[DEBUG] QuerySpacesImpl - Adding QuerySpace : uid = <gen:1> -> org.hibernate.loader.plan.build.internal.spaces.CollectionQuerySpaceImpl@5020e5ab]
2021-11-21T23:53:24,720|[DEBUG] QuerySpacesImpl - Adding QuerySpace : uid = <gen:2> -> org.hibernate.loader.plan.build.internal.spaces.EntityQuerySpaceImpl@19f1f330]
2021-11-21T23:53:24,720|[TRACE] AbstractLoadPlanBuildingAssociationVisitationStrategy - << Finishing up attribute : Attribute(name=donations, type=java.util.Set(bloodbank.entity.BloodBank.donations) [non-identifier,association])
2021-11-21T23:53:24,720|[DEBUG] MetamodelGraphWalker - Visiting attribute path : name
2021-11-21T23:53:24,720|[TRACE] AbstractLoadPlanBuildingAssociationVisitationStrategy - >> Starting attribute Attribute(name=name, type=string [non-identifier])
2021-11-21T23:53:24,720|[TRACE] AbstractLoadPlanBuildingAssociationVisitationStrategy - << Finishing up attribute : Attribute(name=name, type=string [non-identifier])
2021-11-21T23:53:24,720|[TRACE] AbstractLoadPlanBuildingAssociationVisitationStrategy - Popped fetch owner from stack : org.hibernate.loader.plan.build.internal.returns.EntityReturnImpl@19f99aaf
2021-11-21T23:53:24,720|[TRACE] AbstractLoadPlanBuildingAssociationVisitationStrategy -  Finished root entity : bloodbank.entity.PrivateBloodBank
2021-11-21T23:53:24,720|[DEBUG] FetchStyleLoadPlanBuildingAssociationVisitationStrategy - Building LoadPlan...
2021-11-21T23:53:24,720|[DEBUG] LoadQueryJoinAndFetchProcessor - processing queryspace <gen:0>
2021-11-21T23:53:24,720|[DEBUG] LoadPlanTreePrinter - LoadPlan(entity=bloodbank.entity.PrivateBloodBank)
    - Returns
       - EntityReturnImpl(entity=bloodbank.entity.PrivateBloodBank, querySpaceUid=<gen:0>, path=bloodbank.entity.PrivateBloodBank)
          - CollectionAttributeFetchImpl(collection=bloodbank.entity.BloodBank.donations, querySpaceUid=<gen:1>, path=bloodbank.entity.PrivateBloodBank.donations)
             - (collection element) CollectionFetchableElementEntityGraph(entity=bloodbank.entity.BloodDonation, querySpaceUid=<gen:2>, path=bloodbank.entity.PrivateBloodBank.donations.<elements>)
    - QuerySpaces
       - EntityQuerySpaceImpl(uid=<gen:0>, entity=bloodbank.entity.PrivateBloodBank)
          - SQL table alias mapping - privateblo0_
          - alias suffix - 0_
          - suffixed key columns - {bank_id2_1_0_}

2021-11-21T23:53:24,720|[DEBUG] EntityLoader - Static select for entity bloodbank.entity.PrivateBloodBank [NONE]: select privateblo0_.bank_id as bank_id2_1_0_, privateblo0_.created as created3_1_0_, privateblo0_.updated as updated4_1_0_, privateblo0_.version as version5_1_0_, privateblo0_.name as name6_1_0_ from blood_bank privateblo0_ where privateblo0_.bank_id=? and privateblo0_.privately_owned=1
2021-11-21T23:53:24,720|[DEBUG] AbstractEntityPersister - Static SQL for entity: bloodbank.entity.DonationRecord
2021-11-21T23:53:24,720|[DEBUG] AbstractEntityPersister -  Version select: /* get version bloodbank.entity.DonationRecord */ select version from donation_record where record_id =?
2021-11-21T23:53:24,720|[DEBUG] AbstractEntityPersister -  Snapshot select: /* get current state bloodbank.entity.DonationRecord */ select donationre_.record_id, donationre_.created as created2_4_, donationre_.updated as updated3_4_, donationre_.version as version4_4_, donationre_.donation_id as donation6_4_, donationre_.person_id as person_i7_4_, donationre_.tested as tested5_4_ from donation_record donationre_ where donationre_.record_id=?
2021-11-21T23:53:24,720|[DEBUG] AbstractEntityPersister -  Insert 0: /* insert bloodbank.entity.DonationRecord */ insert into donation_record (created, updated, version, donation_id, person_id, tested, record_id) values (?, ?, ?, ?, ?, ?, ?)
2021-11-21T23:53:24,720|[DEBUG] AbstractEntityPersister -  Update 0: /* update bloodbank.entity.DonationRecord */ update donation_record set created=?, updated=?, version=?, donation_id=?, person_id=?, tested=? where record_id=? and version=?
2021-11-21T23:53:24,720|[DEBUG] AbstractEntityPersister -  Delete 0: /* delete bloodbank.entity.DonationRecord */ delete from donation_record where record_id=? and version=?
2021-11-21T23:53:24,720|[DEBUG] AbstractEntityPersister -  Identity insert: /* insert bloodbank.entity.DonationRecord */ insert into donation_record (created, updated, version, donation_id, person_id, tested) values (?, ?, ?, ?, ?, ?)
2021-11-21T23:53:24,720|[TRACE] AbstractLoadPlanBuildingAssociationVisitationStrategy -  Starting root entity : bloodbank.entity.DonationRecord
2021-11-21T23:53:24,720|[DEBUG] QuerySpacesImpl - Adding QuerySpace : uid = <gen:0> -> org.hibernate.loader.plan.build.internal.spaces.EntityQuerySpaceImpl@143fe09c]
2021-11-21T23:53:24,720|[TRACE] AbstractLoadPlanBuildingAssociationVisitationStrategy - Pushing fetch source to stack : org.hibernate.loader.plan.build.internal.returns.EntityReturnImpl@41463c56
2021-11-21T23:53:24,720|[TRACE] AbstractLoadPlanBuildingAssociationVisitationStrategy - .. Registering AssociationKey : AssociationKey(table=donation_record, columns={record_id}) -> org.hibernate.loader.plan.build.internal.returns.EntityReturnImpl@41463c56
2021-11-21T23:53:24,720|[TRACE] AbstractLoadPlanBuildingAssociationVisitationStrategy - >> Starting entity identifier : bloodbank.entity.DonationRecord
2021-11-21T23:53:24,720|[DEBUG] MetamodelGraphWalker - Visiting attribute path : epochCreated
2021-11-21T23:53:24,720|[TRACE] AbstractLoadPlanBuildingAssociationVisitationStrategy - >> Starting attribute Attribute(name=epochCreated, type=long [non-identifier])
2021-11-21T23:53:24,720|[TRACE] AbstractLoadPlanBuildingAssociationVisitationStrategy - << Finishing up attribute : Attribute(name=epochCreated, type=long [non-identifier])
2021-11-21T23:53:24,720|[DEBUG] MetamodelGraphWalker - Visiting attribute path : epochUpdated
2021-11-21T23:53:24,720|[TRACE] AbstractLoadPlanBuildingAssociationVisitationStrategy - >> Starting attribute Attribute(name=epochUpdated, type=long [non-identifier])
2021-11-21T23:53:24,720|[TRACE] AbstractLoadPlanBuildingAssociationVisitationStrategy - << Finishing up attribute : Attribute(name=epochUpdated, type=long [non-identifier])
2021-11-21T23:53:24,720|[DEBUG] MetamodelGraphWalker - Visiting attribute path : version
2021-11-21T23:53:24,720|[TRACE] AbstractLoadPlanBuildingAssociationVisitationStrategy - >> Starting attribute Attribute(name=version, type=integer [non-identifier])
2021-11-21T23:53:24,720|[TRACE] AbstractLoadPlanBuildingAssociationVisitationStrategy - << Finishing up attribute : Attribute(name=version, type=integer [non-identifier])
2021-11-21T23:53:24,720|[DEBUG] MetamodelGraphWalker - Visiting attribute path : donation
2021-11-21T23:53:24,720|[TRACE] AbstractLoadPlanBuildingAssociationVisitationStrategy - >> Starting attribute Attribute(name=donation, type=bloodbank.entity.BloodDonation [non-identifier,association])
2021-11-21T23:53:24,720|[DEBUG] QuerySpacesImpl - Adding QuerySpace : uid = <gen:1> -> org.hibernate.loader.plan.build.internal.spaces.EntityQuerySpaceImpl@161c9468]
2021-11-21T23:53:24,720|[TRACE] AbstractLoadPlanBuildingAssociationVisitationStrategy - Pushing fetch source to stack : org.hibernate.loader.plan.build.internal.returns.EntityAttributeFetchImpl@629de8
2021-11-21T23:53:24,720|[TRACE] AbstractLoadPlanBuildingAssociationVisitationStrategy - .... Registering AssociationKey : AssociationKey(table=donation_record, columns={donation_id}) -> org.hibernate.loader.plan.build.internal.returns.EntityAttributeFetchImpl@629de8
2021-11-21T23:53:24,720|[TRACE] AbstractLoadPlanBuildingAssociationVisitationStrategy - >>>> Starting entity identifier : bloodbank.entity.BloodDonation
2021-11-21T23:53:24,720|[DEBUG] MetamodelGraphWalker - Visiting attribute path : donation.epochCreated
2021-11-21T23:53:24,720|[TRACE] AbstractLoadPlanBuildingAssociationVisitationStrategy - >>>> Starting attribute Attribute(name=epochCreated, type=long [non-identifier])
2021-11-21T23:53:24,720|[TRACE] AbstractLoadPlanBuildingAssociationVisitationStrategy - <<<< Finishing up attribute : Attribute(name=epochCreated, type=long [non-identifier])
2021-11-21T23:53:24,720|[DEBUG] MetamodelGraphWalker - Visiting attribute path : donation.epochUpdated
2021-11-21T23:53:24,721|[TRACE] AbstractLoadPlanBuildingAssociationVisitationStrategy - >>>> Starting attribute Attribute(name=epochUpdated, type=long [non-identifier])
2021-11-21T23:53:24,721|[TRACE] AbstractLoadPlanBuildingAssociationVisitationStrategy - <<<< Finishing up attribute : Attribute(name=epochUpdated, type=long [non-identifier])
2021-11-21T23:53:24,721|[DEBUG] MetamodelGraphWalker - Visiting attribute path : donation.version
2021-11-21T23:53:24,721|[TRACE] AbstractLoadPlanBuildingAssociationVisitationStrategy - >>>> Starting attribute Attribute(name=version, type=integer [non-identifier])
2021-11-21T23:53:24,721|[TRACE] AbstractLoadPlanBuildingAssociationVisitationStrategy - <<<< Finishing up attribute : Attribute(name=version, type=integer [non-identifier])
2021-11-21T23:53:24,721|[DEBUG] MetamodelGraphWalker - Visiting attribute path : donation.bank
2021-11-21T23:53:24,721|[TRACE] AbstractLoadPlanBuildingAssociationVisitationStrategy - >>>> Starting attribute Attribute(name=bank, type=bloodbank.entity.BloodBank [non-identifier,association])
2021-11-21T23:53:24,721|[DEBUG] QuerySpacesImpl - Adding QuerySpace : uid = <gen:2> -> org.hibernate.loader.plan.build.internal.spaces.EntityQuerySpaceImpl@6b32b678]
2021-11-21T23:53:24,721|[TRACE] AbstractLoadPlanBuildingAssociationVisitationStrategy - Pushing fetch source to stack : org.hibernate.loader.plan.build.internal.returns.EntityAttributeFetchImpl@1b6683c4
2021-11-21T23:53:24,721|[TRACE] AbstractLoadPlanBuildingAssociationVisitationStrategy - ...... Registering AssociationKey : AssociationKey(table=blood_donation, columns={bank_id}) -> org.hibernate.loader.plan.build.internal.returns.EntityAttributeFetchImpl@1b6683c4
2021-11-21T23:53:24,721|[TRACE] AbstractLoadPlanBuildingAssociationVisitationStrategy - >>>>>> Starting entity identifier : bloodbank.entity.BloodBank
2021-11-21T23:53:24,721|[DEBUG] MetamodelGraphWalker - Visiting attribute path : donation.bank.epochCreated
2021-11-21T23:53:24,721|[TRACE] AbstractLoadPlanBuildingAssociationVisitationStrategy - >>>>>> Starting attribute Attribute(name=epochCreated, type=long [non-identifier])
2021-11-21T23:53:24,721|[TRACE] AbstractLoadPlanBuildingAssociationVisitationStrategy - <<<<<< Finishing up attribute : Attribute(name=epochCreated, type=long [non-identifier])
2021-11-21T23:53:24,721|[DEBUG] MetamodelGraphWalker - Visiting attribute path : donation.bank.epochUpdated
2021-11-21T23:53:24,721|[TRACE] AbstractLoadPlanBuildingAssociationVisitationStrategy - >>>>>> Starting attribute Attribute(name=epochUpdated, type=long [non-identifier])
2021-11-21T23:53:24,721|[TRACE] AbstractLoadPlanBuildingAssociationVisitationStrategy - <<<<<< Finishing up attribute : Attribute(name=epochUpdated, type=long [non-identifier])
2021-11-21T23:53:24,721|[DEBUG] MetamodelGraphWalker - Visiting attribute path : donation.bank.version
2021-11-21T23:53:24,721|[TRACE] AbstractLoadPlanBuildingAssociationVisitationStrategy - >>>>>> Starting attribute Attribute(name=version, type=integer [non-identifier])
2021-11-21T23:53:24,721|[TRACE] AbstractLoadPlanBuildingAssociationVisitationStrategy - <<<<<< Finishing up attribute : Attribute(name=version, type=integer [non-identifier])
2021-11-21T23:53:24,721|[DEBUG] MetamodelGraphWalker - Visiting attribute path : donation.bank.donations
2021-11-21T23:53:24,721|[DEBUG] MetamodelGraphWalker - Property path deemed to be circular : donation.bank.donations
2021-11-21T23:53:24,721|[DEBUG] MetamodelGraphWalker - Visiting attribute path : donation.bank.name
2021-11-21T23:53:24,721|[TRACE] AbstractLoadPlanBuildingAssociationVisitationStrategy - >>>>>> Starting attribute Attribute(name=name, type=string [non-identifier])
2021-11-21T23:53:24,721|[TRACE] AbstractLoadPlanBuildingAssociationVisitationStrategy - <<<<<< Finishing up attribute : Attribute(name=name, type=string [non-identifier])
2021-11-21T23:53:24,721|[TRACE] AbstractLoadPlanBuildingAssociationVisitationStrategy - Popped fetch owner from stack : org.hibernate.loader.plan.build.internal.returns.EntityAttributeFetchImpl@1b6683c4
2021-11-21T23:53:24,721|[TRACE] AbstractLoadPlanBuildingAssociationVisitationStrategy - <<<< Finishing up attribute : Attribute(name=bank, type=bloodbank.entity.BloodBank [non-identifier,association])
2021-11-21T23:53:24,721|[DEBUG] MetamodelGraphWalker - Visiting attribute path : donation.bloodType
2021-11-21T23:53:24,721|[TRACE] AbstractLoadPlanBuildingAssociationVisitationStrategy - >>>> Starting attribute Attribute(name=bloodType, type=component[bloodGroup,rhd] [non-identifier,composition])
2021-11-21T23:53:24,721|[DEBUG] QuerySpacesImpl - Adding QuerySpace : uid = <gen:3> -> org.hibernate.loader.plan.build.internal.spaces.CompositeQuerySpaceImpl@69abeb14]
2021-11-21T23:53:24,721|[TRACE] AbstractLoadPlanBuildingAssociationVisitationStrategy - Pushing fetch source to stack : org.hibernate.loader.plan.build.internal.returns.CompositeAttributeFetchImpl@7db2b614
2021-11-21T23:53:24,721|[TRACE] AbstractLoadPlanBuildingAssociationVisitationStrategy - >>>>>> Starting composite : bloodType
2021-11-21T23:53:24,721|[DEBUG] MetamodelGraphWalker - Visiting attribute path : donation.bloodType.bloodGroup
2021-11-21T23:53:24,721|[TRACE] AbstractLoadPlanBuildingAssociationVisitationStrategy - >>>>>> Starting attribute Attribute(name=bloodGroup, type=string [non-identifier])
2021-11-21T23:53:24,721|[TRACE] AbstractLoadPlanBuildingAssociationVisitationStrategy - <<<<<< Finishing up attribute : Attribute(name=bloodGroup, type=string [non-identifier])
2021-11-21T23:53:24,721|[DEBUG] MetamodelGraphWalker - Visiting attribute path : donation.bloodType.rhd
2021-11-21T23:53:24,721|[TRACE] AbstractLoadPlanBuildingAssociationVisitationStrategy - >>>>>> Starting attribute Attribute(name=rhd, type=byte [non-identifier])
2021-11-21T23:53:24,721|[TRACE] AbstractLoadPlanBuildingAssociationVisitationStrategy - <<<<<< Finishing up attribute : Attribute(name=rhd, type=byte [non-identifier])
2021-11-21T23:53:24,721|[TRACE] AbstractLoadPlanBuildingAssociationVisitationStrategy - <<<<<< Finishing composite : bloodType
2021-11-21T23:53:24,721|[TRACE] AbstractLoadPlanBuildingAssociationVisitationStrategy - Popped fetch owner from stack : org.hibernate.loader.plan.build.internal.returns.CompositeAttributeFetchImpl@7db2b614
2021-11-21T23:53:24,721|[TRACE] AbstractLoadPlanBuildingAssociationVisitationStrategy - <<<< Finishing up attribute : Attribute(name=bloodType, type=component[bloodGroup,rhd] [non-identifier,composition])
2021-11-21T23:53:24,721|[DEBUG] MetamodelGraphWalker - Visiting attribute path : donation.milliliters
2021-11-21T23:53:24,721|[TRACE] AbstractLoadPlanBuildingAssociationVisitationStrategy - >>>> Starting attribute Attribute(name=milliliters, type=integer [non-identifier])
2021-11-21T23:53:24,721|[TRACE] AbstractLoadPlanBuildingAssociationVisitationStrategy - <<<< Finishing up attribute : Attribute(name=milliliters, type=integer [non-identifier])
2021-11-21T23:53:24,721|[DEBUG] MetamodelGraphWalker - Visiting attribute path : donation.record
2021-11-21T23:53:24,721|[TRACE] AbstractLoadPlanBuildingAssociationVisitationStrategy - >>>> Starting attribute Attribute(name=record, type=bloodbank.entity.DonationRecord [non-identifier,association])
2021-11-21T23:53:24,721|[DEBUG] QuerySpacesImpl - Adding QuerySpace : uid = <gen:4> -> org.hibernate.loader.plan.build.internal.spaces.EntityQuerySpaceImpl@34d5eac]
2021-11-21T23:53:24,721|[TRACE] AbstractLoadPlanBuildingAssociationVisitationStrategy - <<<< Finishing up attribute : Attribute(name=record, type=bloodbank.entity.DonationRecord [non-identifier,association])
2021-11-21T23:53:24,721|[TRACE] AbstractLoadPlanBuildingAssociationVisitationStrategy - Popped fetch owner from stack : org.hibernate.loader.plan.build.internal.returns.EntityAttributeFetchImpl@629de8
2021-11-21T23:53:24,721|[TRACE] AbstractLoadPlanBuildingAssociationVisitationStrategy - << Finishing up attribute : Attribute(name=donation, type=bloodbank.entity.BloodDonation [non-identifier,association])
2021-11-21T23:53:24,721|[DEBUG] MetamodelGraphWalker - Visiting attribute path : owner
2021-11-21T23:53:24,721|[TRACE] AbstractLoadPlanBuildingAssociationVisitationStrategy - >> Starting attribute Attribute(name=owner, type=bloodbank.entity.Person [non-identifier,association])
2021-11-21T23:53:24,721|[DEBUG] QuerySpacesImpl - Adding QuerySpace : uid = <gen:5> -> org.hibernate.loader.plan.build.internal.spaces.EntityQuerySpaceImpl@2c1a95a2]
2021-11-21T23:53:24,721|[TRACE] AbstractLoadPlanBuildingAssociationVisitationStrategy - << Finishing up attribute : Attribute(name=owner, type=bloodbank.entity.Person [non-identifier,association])
2021-11-21T23:53:24,721|[DEBUG] MetamodelGraphWalker - Visiting attribute path : tested
2021-11-21T23:53:24,721|[TRACE] AbstractLoadPlanBuildingAssociationVisitationStrategy - >> Starting attribute Attribute(name=tested, type=byte [non-identifier])
2021-11-21T23:53:24,721|[TRACE] AbstractLoadPlanBuildingAssociationVisitationStrategy - << Finishing up attribute : Attribute(name=tested, type=byte [non-identifier])
2021-11-21T23:53:24,721|[TRACE] AbstractLoadPlanBuildingAssociationVisitationStrategy - Popped fetch owner from stack : org.hibernate.loader.plan.build.internal.returns.EntityReturnImpl@41463c56
2021-11-21T23:53:24,721|[TRACE] AbstractLoadPlanBuildingAssociationVisitationStrategy -  Finished root entity : bloodbank.entity.DonationRecord
2021-11-21T23:53:24,721|[DEBUG] FetchStyleLoadPlanBuildingAssociationVisitationStrategy - Building LoadPlan...
2021-11-21T23:53:24,721|[DEBUG] LoadQueryJoinAndFetchProcessor - processing queryspace <gen:0>
2021-11-21T23:53:24,721|[DEBUG] LoadPlanTreePrinter - LoadPlan(entity=bloodbank.entity.DonationRecord)
    - Returns
       - EntityReturnImpl(entity=bloodbank.entity.DonationRecord, querySpaceUid=<gen:0>, path=bloodbank.entity.DonationRecord)
          - EntityAttributeFetchImpl(entity=bloodbank.entity.BloodDonation, querySpaceUid=<gen:1>, path=bloodbank.entity.DonationRecord.donation)
             - EntityAttributeFetchImpl(entity=bloodbank.entity.BloodBank, querySpaceUid=<gen:2>, path=bloodbank.entity.DonationRecord.donation.bank)
             - CompositeAttributeFetchImpl(composite=bloodbank.entity.BloodType, querySpaceUid=<gen:3>, path=bloodbank.entity.DonationRecord.donation.bloodType)
             - EntityAttributeFetchImpl(entity=bloodbank.entity.DonationRecord, querySpaceUid=<gen:4>, path=bloodbank.entity.DonationRecord.donation.record)
          - EntityAttributeFetchImpl(entity=bloodbank.entity.Person, querySpaceUid=<gen:5>, path=bloodbank.entity.DonationRecord.owner)
    - QuerySpaces
       - EntityQuerySpaceImpl(uid=<gen:0>, entity=bloodbank.entity.DonationRecord)
          - SQL table alias mapping - donationre0_
          - alias suffix - 0_
          - suffixed key columns - {record_i1_4_0_}
          - JOIN (JoinDefinedByMetadata(donation)) : <gen:0> -> <gen:1>
             - EntityQuerySpaceImpl(uid=<gen:1>, entity=bloodbank.entity.BloodDonation)
                - SQL table alias mapping - blooddonat1_
                - alias suffix - 1_
                - suffixed key columns - {donation1_2_1_}
                - JOIN (JoinDefinedByMetadata(bank)) : <gen:1> -> <gen:2>
                   - EntityQuerySpaceImpl(uid=<gen:2>, entity=bloodbank.entity.BloodBank)
                      - SQL table alias mapping - bloodbank2_
                      - alias suffix - 2_
                      - suffixed key columns - {bank_id2_1_2_}
                - JOIN (JoinDefinedByMetadata(bloodType)) : <gen:1> -> <gen:3>
                   - CompositeQuerySpaceImpl(uid=<gen:3>)
                      - SQL table alias mapping - blooddonat1_

2021-11-21T23:53:24,721|[DEBUG] EntityLoader - Static select for entity bloodbank.entity.DonationRecord [NONE]: select donationre0_.record_id as record_i1_4_0_, donationre0_.created as created2_4_0_, donationre0_.updated as updated3_4_0_, donationre0_.version as version4_4_0_, donationre0_.donation_id as donation6_4_0_, donationre0_.person_id as person_i7_4_0_, donationre0_.tested as tested5_4_0_, blooddonat1_.donation_id as donation1_2_1_, blooddonat1_.created as created2_2_1_, blooddonat1_.updated as updated3_2_1_, blooddonat1_.version as version4_2_1_, blooddonat1_.bank_id as bank_id8_2_1_, blooddonat1_.blood_group as blood_gr5_2_1_, blooddonat1_.rhd as rhd6_2_1_, blooddonat1_.milliliters as millilit7_2_1_, bloodbank2_.bank_id as bank_id2_1_2_, bloodbank2_.created as created3_1_2_, bloodbank2_.updated as updated4_1_2_, bloodbank2_.version as version5_1_2_, bloodbank2_.name as name6_1_2_, bloodbank2_.privately_owned as privatel1_1_2_ from donation_record donationre0_ left outer join blood_donation blooddonat1_ on donationre0_.donation_id=blooddonat1_.donation_id left outer join blood_bank bloodbank2_ on blooddonat1_.bank_id=bloodbank2_.bank_id where donationre0_.record_id=?
2021-11-21T23:53:24,722|[DEBUG] AbstractEntityPersister - Static SQL for entity: bloodbank.entity.Address
2021-11-21T23:53:24,722|[DEBUG] AbstractEntityPersister -  Version select: /* get version bloodbank.entity.Address */ select version from address where address_id =?
2021-11-21T23:53:24,722|[DEBUG] AbstractEntityPersister -  Snapshot select: /* get current state bloodbank.entity.Address */ select address_.address_id, address_.created as created2_0_, address_.updated as updated3_0_, address_.version as version4_0_, address_.city as city5_0_, address_.country as country6_0_, address_.province as province7_0_, address_.street as street8_0_, address_.street_number as street_n9_0_, address_.zipcode as zipcode10_0_ from address address_ where address_.address_id=?
2021-11-21T23:53:24,722|[DEBUG] AbstractEntityPersister -  Insert 0: /* insert bloodbank.entity.Address */ insert into address (created, updated, version, city, country, province, street, street_number, zipcode, address_id) values (?, ?, ?, ?, ?, ?, ?, ?, ?, ?)
2021-11-21T23:53:24,722|[DEBUG] AbstractEntityPersister -  Update 0: /* update bloodbank.entity.Address */ update address set created=?, updated=?, version=?, city=?, country=?, province=?, street=?, street_number=?, zipcode=? where address_id=? and version=?
2021-11-21T23:53:24,722|[DEBUG] AbstractEntityPersister -  Delete 0: /* delete bloodbank.entity.Address */ delete from address where address_id=? and version=?
2021-11-21T23:53:24,722|[DEBUG] AbstractEntityPersister -  Identity insert: /* insert bloodbank.entity.Address */ insert into address (created, updated, version, city, country, province, street, street_number, zipcode) values (?, ?, ?, ?, ?, ?, ?, ?, ?)
2021-11-21T23:53:24,722|[TRACE] AbstractLoadPlanBuildingAssociationVisitationStrategy -  Starting root entity : bloodbank.entity.Address
2021-11-21T23:53:24,722|[DEBUG] QuerySpacesImpl - Adding QuerySpace : uid = <gen:0> -> org.hibernate.loader.plan.build.internal.spaces.EntityQuerySpaceImpl@1adf387e]
2021-11-21T23:53:24,722|[TRACE] AbstractLoadPlanBuildingAssociationVisitationStrategy - Pushing fetch source to stack : org.hibernate.loader.plan.build.internal.returns.EntityReturnImpl@72b53f27
2021-11-21T23:53:24,722|[TRACE] AbstractLoadPlanBuildingAssociationVisitationStrategy - .. Registering AssociationKey : AssociationKey(table=address, columns={address_id}) -> org.hibernate.loader.plan.build.internal.returns.EntityReturnImpl@72b53f27
2021-11-21T23:53:24,722|[TRACE] AbstractLoadPlanBuildingAssociationVisitationStrategy - >> Starting entity identifier : bloodbank.entity.Address
2021-11-21T23:53:24,722|[DEBUG] MetamodelGraphWalker - Visiting attribute path : epochCreated
2021-11-21T23:53:24,722|[TRACE] AbstractLoadPlanBuildingAssociationVisitationStrategy - >> Starting attribute Attribute(name=epochCreated, type=long [non-identifier])
2021-11-21T23:53:24,722|[TRACE] AbstractLoadPlanBuildingAssociationVisitationStrategy - << Finishing up attribute : Attribute(name=epochCreated, type=long [non-identifier])
2021-11-21T23:53:24,722|[DEBUG] MetamodelGraphWalker - Visiting attribute path : epochUpdated
2021-11-21T23:53:24,722|[TRACE] AbstractLoadPlanBuildingAssociationVisitationStrategy - >> Starting attribute Attribute(name=epochUpdated, type=long [non-identifier])
2021-11-21T23:53:24,722|[TRACE] AbstractLoadPlanBuildingAssociationVisitationStrategy - << Finishing up attribute : Attribute(name=epochUpdated, type=long [non-identifier])
2021-11-21T23:53:24,722|[DEBUG] MetamodelGraphWalker - Visiting attribute path : version
2021-11-21T23:53:24,722|[TRACE] AbstractLoadPlanBuildingAssociationVisitationStrategy - >> Starting attribute Attribute(name=version, type=integer [non-identifier])
2021-11-21T23:53:24,722|[TRACE] AbstractLoadPlanBuildingAssociationVisitationStrategy - << Finishing up attribute : Attribute(name=version, type=integer [non-identifier])
2021-11-21T23:53:24,722|[DEBUG] MetamodelGraphWalker - Visiting attribute path : city
2021-11-21T23:53:24,722|[TRACE] AbstractLoadPlanBuildingAssociationVisitationStrategy - >> Starting attribute Attribute(name=city, type=string [non-identifier])
2021-11-21T23:53:24,722|[TRACE] AbstractLoadPlanBuildingAssociationVisitationStrategy - << Finishing up attribute : Attribute(name=city, type=string [non-identifier])
2021-11-21T23:53:24,722|[DEBUG] MetamodelGraphWalker - Visiting attribute path : contacts
2021-11-21T23:53:24,722|[TRACE] AbstractLoadPlanBuildingAssociationVisitationStrategy - >> Starting attribute Attribute(name=contacts, type=java.util.Set(bloodbank.entity.Address.contacts) [non-identifier,association])
2021-11-21T23:53:24,722|[DEBUG] QuerySpacesImpl - Adding QuerySpace : uid = <gen:1> -> org.hibernate.loader.plan.build.internal.spaces.CollectionQuerySpaceImpl@1be4a7e3]
2021-11-21T23:53:24,722|[DEBUG] QuerySpacesImpl - Adding QuerySpace : uid = <gen:2> -> org.hibernate.loader.plan.build.internal.spaces.EntityQuerySpaceImpl@632b96b8]
2021-11-21T23:53:24,722|[DEBUG] QuerySpacesImpl - Adding QuerySpace : uid = <gen:2>-id -> org.hibernate.loader.plan.build.internal.spaces.CompositeQuerySpaceImpl@544e6b]
2021-11-21T23:53:24,722|[TRACE] AbstractLoadPlanBuildingAssociationVisitationStrategy - << Finishing up attribute : Attribute(name=contacts, type=java.util.Set(bloodbank.entity.Address.contacts) [non-identifier,association])
2021-11-21T23:53:24,722|[DEBUG] MetamodelGraphWalker - Visiting attribute path : country
2021-11-21T23:53:24,722|[TRACE] AbstractLoadPlanBuildingAssociationVisitationStrategy - >> Starting attribute Attribute(name=country, type=string [non-identifier])
2021-11-21T23:53:24,722|[TRACE] AbstractLoadPlanBuildingAssociationVisitationStrategy - << Finishing up attribute : Attribute(name=country, type=string [non-identifier])
2021-11-21T23:53:24,722|[DEBUG] MetamodelGraphWalker - Visiting attribute path : province
2021-11-21T23:53:24,722|[TRACE] AbstractLoadPlanBuildingAssociationVisitationStrategy - >> Starting attribute Attribute(name=province, type=string [non-identifier])
2021-11-21T23:53:24,722|[TRACE] AbstractLoadPlanBuildingAssociationVisitationStrategy - << Finishing up attribute : Attribute(name=province, type=string [non-identifier])
2021-11-21T23:53:24,722|[DEBUG] MetamodelGraphWalker - Visiting attribute path : street
2021-11-21T23:53:24,722|[TRACE] AbstractLoadPlanBuildingAssociationVisitationStrategy - >> Starting attribute Attribute(name=street, type=string [non-identifier])
2021-11-21T23:53:24,722|[TRACE] AbstractLoadPlanBuildingAssociationVisitationStrategy - << Finishing up attribute : Attribute(name=street, type=string [non-identifier])
2021-11-21T23:53:24,722|[DEBUG] MetamodelGraphWalker - Visiting attribute path : streetNumber
2021-11-21T23:53:24,722|[TRACE] AbstractLoadPlanBuildingAssociationVisitationStrategy - >> Starting attribute Attribute(name=streetNumber, type=string [non-identifier])
2021-11-21T23:53:24,722|[TRACE] AbstractLoadPlanBuildingAssociationVisitationStrategy - << Finishing up attribute : Attribute(name=streetNumber, type=string [non-identifier])
2021-11-21T23:53:24,722|[DEBUG] MetamodelGraphWalker - Visiting attribute path : zipcode
2021-11-21T23:53:24,722|[TRACE] AbstractLoadPlanBuildingAssociationVisitationStrategy - >> Starting attribute Attribute(name=zipcode, type=string [non-identifier])
2021-11-21T23:53:24,722|[TRACE] AbstractLoadPlanBuildingAssociationVisitationStrategy - << Finishing up attribute : Attribute(name=zipcode, type=string [non-identifier])
2021-11-21T23:53:24,722|[TRACE] AbstractLoadPlanBuildingAssociationVisitationStrategy - Popped fetch owner from stack : org.hibernate.loader.plan.build.internal.returns.EntityReturnImpl@72b53f27
2021-11-21T23:53:24,722|[TRACE] AbstractLoadPlanBuildingAssociationVisitationStrategy -  Finished root entity : bloodbank.entity.Address
2021-11-21T23:53:24,722|[DEBUG] FetchStyleLoadPlanBuildingAssociationVisitationStrategy - Building LoadPlan...
2021-11-21T23:53:24,722|[DEBUG] LoadQueryJoinAndFetchProcessor - processing queryspace <gen:0>
2021-11-21T23:53:24,722|[DEBUG] LoadPlanTreePrinter - LoadPlan(entity=bloodbank.entity.Address)
    - Returns
       - EntityReturnImpl(entity=bloodbank.entity.Address, querySpaceUid=<gen:0>, path=bloodbank.entity.Address)
          - CollectionAttributeFetchImpl(collection=bloodbank.entity.Address.contacts, querySpaceUid=<gen:1>, path=bloodbank.entity.Address.contacts)
             - (collection element) CollectionFetchableElementEntityGraph(entity=bloodbank.entity.Contact, querySpaceUid=<gen:2>, path=bloodbank.entity.Address.contacts.<elements>)
    - QuerySpaces
       - EntityQuerySpaceImpl(uid=<gen:0>, entity=bloodbank.entity.Address)
          - SQL table alias mapping - address0_
          - alias suffix - 0_
          - suffixed key columns - {address_1_0_0_}

2021-11-21T23:53:24,722|[DEBUG] EntityLoader - Static select for entity bloodbank.entity.Address [NONE]: select address0_.address_id as address_1_0_0_, address0_.created as created2_0_0_, address0_.updated as updated3_0_0_, address0_.version as version4_0_0_, address0_.city as city5_0_0_, address0_.country as country6_0_0_, address0_.province as province7_0_0_, address0_.street as street8_0_0_, address0_.street_number as street_n9_0_0_, address0_.zipcode as zipcode10_0_0_ from address address0_ where address0_.address_id=?
2021-11-21T23:53:24,722|[DEBUG] AbstractEntityPersister - Static SQL for entity: bloodbank.entity.Person
2021-11-21T23:53:24,722|[DEBUG] AbstractEntityPersister -  Version select: /* get version bloodbank.entity.Person */ select version from person where id =?
2021-11-21T23:53:24,722|[DEBUG] AbstractEntityPersister -  Snapshot select: /* get current state bloodbank.entity.Person */ select person_.id, person_.created as created2_5_, person_.updated as updated3_5_, person_.version as version4_5_, person_.first_name as first_na5_5_, person_.last_name as last_nam6_5_ from person person_ where person_.id=?
2021-11-21T23:53:24,722|[DEBUG] AbstractEntityPersister -  Insert 0: /* insert bloodbank.entity.Person */ insert into person (created, updated, version, first_name, last_name, id) values (?, ?, ?, ?, ?, ?)
2021-11-21T23:53:24,722|[DEBUG] AbstractEntityPersister -  Update 0: /* update bloodbank.entity.Person */ update person set created=?, updated=?, version=?, first_name=?, last_name=? where id=? and version=?
2021-11-21T23:53:24,722|[DEBUG] AbstractEntityPersister -  Delete 0: /* delete bloodbank.entity.Person */ delete from person where id=? and version=?
2021-11-21T23:53:24,722|[DEBUG] AbstractEntityPersister -  Identity insert: /* insert bloodbank.entity.Person */ insert into person (created, updated, version, first_name, last_name) values (?, ?, ?, ?, ?)
2021-11-21T23:53:24,722|[TRACE] AbstractLoadPlanBuildingAssociationVisitationStrategy -  Starting root entity : bloodbank.entity.Person
2021-11-21T23:53:24,722|[DEBUG] QuerySpacesImpl - Adding QuerySpace : uid = <gen:0> -> org.hibernate.loader.plan.build.internal.spaces.EntityQuerySpaceImpl@5b430541]
2021-11-21T23:53:24,722|[TRACE] AbstractLoadPlanBuildingAssociationVisitationStrategy - Pushing fetch source to stack : org.hibernate.loader.plan.build.internal.returns.EntityReturnImpl@65a66a75
2021-11-21T23:53:24,722|[TRACE] AbstractLoadPlanBuildingAssociationVisitationStrategy - .. Registering AssociationKey : AssociationKey(table=person, columns={id}) -> org.hibernate.loader.plan.build.internal.returns.EntityReturnImpl@65a66a75
2021-11-21T23:53:24,722|[TRACE] AbstractLoadPlanBuildingAssociationVisitationStrategy - >> Starting entity identifier : bloodbank.entity.Person
2021-11-21T23:53:24,722|[DEBUG] MetamodelGraphWalker - Visiting attribute path : epochCreated
2021-11-21T23:53:24,722|[TRACE] AbstractLoadPlanBuildingAssociationVisitationStrategy - >> Starting attribute Attribute(name=epochCreated, type=long [non-identifier])
2021-11-21T23:53:24,722|[TRACE] AbstractLoadPlanBuildingAssociationVisitationStrategy - << Finishing up attribute : Attribute(name=epochCreated, type=long [non-identifier])
2021-11-21T23:53:24,722|[DEBUG] MetamodelGraphWalker - Visiting attribute path : epochUpdated
2021-11-21T23:53:24,722|[TRACE] AbstractLoadPlanBuildingAssociationVisitationStrategy - >> Starting attribute Attribute(name=epochUpdated, type=long [non-identifier])
2021-11-21T23:53:24,722|[TRACE] AbstractLoadPlanBuildingAssociationVisitationStrategy - << Finishing up attribute : Attribute(name=epochUpdated, type=long [non-identifier])
2021-11-21T23:53:24,722|[DEBUG] MetamodelGraphWalker - Visiting attribute path : version
2021-11-21T23:53:24,722|[TRACE] AbstractLoadPlanBuildingAssociationVisitationStrategy - >> Starting attribute Attribute(name=version, type=integer [non-identifier])
2021-11-21T23:53:24,722|[TRACE] AbstractLoadPlanBuildingAssociationVisitationStrategy - << Finishing up attribute : Attribute(name=version, type=integer [non-identifier])
2021-11-21T23:53:24,722|[DEBUG] MetamodelGraphWalker - Visiting attribute path : contacts
2021-11-21T23:53:24,722|[TRACE] AbstractLoadPlanBuildingAssociationVisitationStrategy - >> Starting attribute Attribute(name=contacts, type=java.util.Set(bloodbank.entity.Person.contacts) [non-identifier,association])
2021-11-21T23:53:24,722|[DEBUG] QuerySpacesImpl - Adding QuerySpace : uid = <gen:1> -> org.hibernate.loader.plan.build.internal.spaces.CollectionQuerySpaceImpl@5a07ae2f]
2021-11-21T23:53:24,722|[DEBUG] QuerySpacesImpl - Adding QuerySpace : uid = <gen:2> -> org.hibernate.loader.plan.build.internal.spaces.EntityQuerySpaceImpl@78829412]
2021-11-21T23:53:24,722|[DEBUG] QuerySpacesImpl - Adding QuerySpace : uid = <gen:2>-id -> org.hibernate.loader.plan.build.internal.spaces.CompositeQuerySpaceImpl@3ba8ef4e]
2021-11-21T23:53:24,722|[TRACE] AbstractLoadPlanBuildingAssociationVisitationStrategy - << Finishing up attribute : Attribute(name=contacts, type=java.util.Set(bloodbank.entity.Person.contacts) [non-identifier,association])
2021-11-21T23:53:24,722|[DEBUG] MetamodelGraphWalker - Visiting attribute path : donations
2021-11-21T23:53:24,722|[TRACE] AbstractLoadPlanBuildingAssociationVisitationStrategy - >> Starting attribute Attribute(name=donations, type=java.util.Set(bloodbank.entity.Person.donations) [non-identifier,association])
2021-11-21T23:53:24,722|[DEBUG] QuerySpacesImpl - Adding QuerySpace : uid = <gen:3> -> org.hibernate.loader.plan.build.internal.spaces.CollectionQuerySpaceImpl@6d0bcf8c]
2021-11-21T23:53:24,722|[DEBUG] QuerySpacesImpl - Adding QuerySpace : uid = <gen:4> -> org.hibernate.loader.plan.build.internal.spaces.EntityQuerySpaceImpl@a1a72d4]
2021-11-21T23:53:24,722|[TRACE] AbstractLoadPlanBuildingAssociationVisitationStrategy - << Finishing up attribute : Attribute(name=donations, type=java.util.Set(bloodbank.entity.Person.donations) [non-identifier,association])
2021-11-21T23:53:24,722|[DEBUG] MetamodelGraphWalker - Visiting attribute path : firstName
2021-11-21T23:53:24,722|[TRACE] AbstractLoadPlanBuildingAssociationVisitationStrategy - >> Starting attribute Attribute(name=firstName, type=string [non-identifier])
2021-11-21T23:53:24,722|[TRACE] AbstractLoadPlanBuildingAssociationVisitationStrategy - << Finishing up attribute : Attribute(name=firstName, type=string [non-identifier])
2021-11-21T23:53:24,722|[DEBUG] MetamodelGraphWalker - Visiting attribute path : lastName
2021-11-21T23:53:24,722|[TRACE] AbstractLoadPlanBuildingAssociationVisitationStrategy - >> Starting attribute Attribute(name=lastName, type=string [non-identifier])
2021-11-21T23:53:24,722|[TRACE] AbstractLoadPlanBuildingAssociationVisitationStrategy - << Finishing up attribute : Attribute(name=lastName, type=string [non-identifier])
2021-11-21T23:53:24,722|[TRACE] AbstractLoadPlanBuildingAssociationVisitationStrategy - Popped fetch owner from stack : org.hibernate.loader.plan.build.internal.returns.EntityReturnImpl@65a66a75
2021-11-21T23:53:24,722|[TRACE] AbstractLoadPlanBuildingAssociationVisitationStrategy -  Finished root entity : bloodbank.entity.Person
2021-11-21T23:53:24,722|[DEBUG] FetchStyleLoadPlanBuildingAssociationVisitationStrategy - Building LoadPlan...
2021-11-21T23:53:24,722|[DEBUG] LoadQueryJoinAndFetchProcessor - processing queryspace <gen:0>
2021-11-21T23:53:24,723|[DEBUG] LoadPlanTreePrinter - LoadPlan(entity=bloodbank.entity.Person)
    - Returns
       - EntityReturnImpl(entity=bloodbank.entity.Person, querySpaceUid=<gen:0>, path=bloodbank.entity.Person)
          - CollectionAttributeFetchImpl(collection=bloodbank.entity.Person.contacts, querySpaceUid=<gen:1>, path=bloodbank.entity.Person.contacts)
             - (collection element) CollectionFetchableElementEntityGraph(entity=bloodbank.entity.Contact, querySpaceUid=<gen:2>, path=bloodbank.entity.Person.contacts.<elements>)
          - CollectionAttributeFetchImpl(collection=bloodbank.entity.Person.donations, querySpaceUid=<gen:3>, path=bloodbank.entity.Person.donations)
             - (collection element) CollectionFetchableElementEntityGraph(entity=bloodbank.entity.DonationRecord, querySpaceUid=<gen:4>, path=bloodbank.entity.Person.donations.<elements>)
    - QuerySpaces
       - EntityQuerySpaceImpl(uid=<gen:0>, entity=bloodbank.entity.Person)
          - SQL table alias mapping - person0_
          - alias suffix - 0_
          - suffixed key columns - {id1_5_0_}

2021-11-21T23:53:24,723|[DEBUG] EntityLoader - Static select for entity bloodbank.entity.Person [NONE]: select person0_.id as id1_5_0_, person0_.created as created2_5_0_, person0_.updated as updated3_5_0_, person0_.version as version4_5_0_, person0_.first_name as first_na5_5_0_, person0_.last_name as last_nam6_5_0_ from person person0_ where person0_.id=?
2021-11-21T23:53:24,723|[DEBUG] AbstractEntityPersister - Static SQL for entity: bloodbank.entity.PublicBloodBank
2021-11-21T23:53:24,723|[DEBUG] AbstractEntityPersister -  Version select: /* get version bloodbank.entity.PublicBloodBank */ select version from blood_bank where bank_id =?
2021-11-21T23:53:24,723|[DEBUG] AbstractEntityPersister -  Snapshot select: /* get current state bloodbank.entity.PublicBloodBank */ select publicbloo_.bank_id, publicbloo_.created as created3_1_, publicbloo_.updated as updated4_1_, publicbloo_.version as version5_1_, publicbloo_.name as name6_1_ from blood_bank publicbloo_ where publicbloo_.bank_id=?
2021-11-21T23:53:24,723|[DEBUG] AbstractEntityPersister -  Insert 0: /* insert bloodbank.entity.PublicBloodBank */ insert into blood_bank (created, updated, version, name, privately_owned, bank_id) values (?, ?, ?, ?, 0, ?)
2021-11-21T23:53:24,723|[DEBUG] AbstractEntityPersister -  Update 0: /* update bloodbank.entity.PublicBloodBank */ update blood_bank set created=?, updated=?, version=?, name=? where bank_id=? and version=?
2021-11-21T23:53:24,723|[DEBUG] AbstractEntityPersister -  Delete 0: /* delete bloodbank.entity.PublicBloodBank */ delete from blood_bank where bank_id=? and version=?
2021-11-21T23:53:24,723|[DEBUG] AbstractEntityPersister -  Identity insert: /* insert bloodbank.entity.PublicBloodBank */ insert into blood_bank (created, updated, version, name, privately_owned) values (?, ?, ?, ?, 0)
2021-11-21T23:53:24,723|[TRACE] AbstractLoadPlanBuildingAssociationVisitationStrategy -  Starting root entity : bloodbank.entity.PublicBloodBank
2021-11-21T23:53:24,723|[DEBUG] QuerySpacesImpl - Adding QuerySpace : uid = <gen:0> -> org.hibernate.loader.plan.build.internal.spaces.EntityQuerySpaceImpl@66d44581]
2021-11-21T23:53:24,723|[TRACE] AbstractLoadPlanBuildingAssociationVisitationStrategy - Pushing fetch source to stack : org.hibernate.loader.plan.build.internal.returns.EntityReturnImpl@1afa048a
2021-11-21T23:53:24,723|[TRACE] AbstractLoadPlanBuildingAssociationVisitationStrategy - .. Registering AssociationKey : AssociationKey(table=blood_bank, columns={bank_id}) -> org.hibernate.loader.plan.build.internal.returns.EntityReturnImpl@1afa048a
2021-11-21T23:53:24,723|[TRACE] AbstractLoadPlanBuildingAssociationVisitationStrategy - >> Starting entity identifier : bloodbank.entity.PublicBloodBank
2021-11-21T23:53:24,723|[DEBUG] MetamodelGraphWalker - Visiting attribute path : epochCreated
2021-11-21T23:53:24,723|[TRACE] AbstractLoadPlanBuildingAssociationVisitationStrategy - >> Starting attribute Attribute(name=epochCreated, type=long [non-identifier])
2021-11-21T23:53:24,723|[TRACE] AbstractLoadPlanBuildingAssociationVisitationStrategy - << Finishing up attribute : Attribute(name=epochCreated, type=long [non-identifier])
2021-11-21T23:53:24,723|[DEBUG] MetamodelGraphWalker - Visiting attribute path : epochUpdated
2021-11-21T23:53:24,723|[TRACE] AbstractLoadPlanBuildingAssociationVisitationStrategy - >> Starting attribute Attribute(name=epochUpdated, type=long [non-identifier])
2021-11-21T23:53:24,723|[TRACE] AbstractLoadPlanBuildingAssociationVisitationStrategy - << Finishing up attribute : Attribute(name=epochUpdated, type=long [non-identifier])
2021-11-21T23:53:24,723|[DEBUG] MetamodelGraphWalker - Visiting attribute path : version
2021-11-21T23:53:24,723|[TRACE] AbstractLoadPlanBuildingAssociationVisitationStrategy - >> Starting attribute Attribute(name=version, type=integer [non-identifier])
2021-11-21T23:53:24,723|[TRACE] AbstractLoadPlanBuildingAssociationVisitationStrategy - << Finishing up attribute : Attribute(name=version, type=integer [non-identifier])
2021-11-21T23:53:24,723|[DEBUG] MetamodelGraphWalker - Visiting attribute path : donations
2021-11-21T23:53:24,723|[TRACE] AbstractLoadPlanBuildingAssociationVisitationStrategy - >> Starting attribute Attribute(name=donations, type=java.util.Set(bloodbank.entity.BloodBank.donations) [non-identifier,association])
2021-11-21T23:53:24,723|[DEBUG] QuerySpacesImpl - Adding QuerySpace : uid = <gen:1> -> org.hibernate.loader.plan.build.internal.spaces.CollectionQuerySpaceImpl@293ecff6]
2021-11-21T23:53:24,723|[DEBUG] QuerySpacesImpl - Adding QuerySpace : uid = <gen:2> -> org.hibernate.loader.plan.build.internal.spaces.EntityQuerySpaceImpl@70eb94d7]
2021-11-21T23:53:24,723|[TRACE] AbstractLoadPlanBuildingAssociationVisitationStrategy - << Finishing up attribute : Attribute(name=donations, type=java.util.Set(bloodbank.entity.BloodBank.donations) [non-identifier,association])
2021-11-21T23:53:24,723|[DEBUG] MetamodelGraphWalker - Visiting attribute path : name
2021-11-21T23:53:24,723|[TRACE] AbstractLoadPlanBuildingAssociationVisitationStrategy - >> Starting attribute Attribute(name=name, type=string [non-identifier])
2021-11-21T23:53:24,723|[TRACE] AbstractLoadPlanBuildingAssociationVisitationStrategy - << Finishing up attribute : Attribute(name=name, type=string [non-identifier])
2021-11-21T23:53:24,723|[TRACE] AbstractLoadPlanBuildingAssociationVisitationStrategy - Popped fetch owner from stack : org.hibernate.loader.plan.build.internal.returns.EntityReturnImpl@1afa048a
2021-11-21T23:53:24,723|[TRACE] AbstractLoadPlanBuildingAssociationVisitationStrategy -  Finished root entity : bloodbank.entity.PublicBloodBank
2021-11-21T23:53:24,723|[DEBUG] FetchStyleLoadPlanBuildingAssociationVisitationStrategy - Building LoadPlan...
2021-11-21T23:53:24,723|[DEBUG] LoadQueryJoinAndFetchProcessor - processing queryspace <gen:0>
2021-11-21T23:53:24,723|[DEBUG] LoadPlanTreePrinter - LoadPlan(entity=bloodbank.entity.PublicBloodBank)
    - Returns
       - EntityReturnImpl(entity=bloodbank.entity.PublicBloodBank, querySpaceUid=<gen:0>, path=bloodbank.entity.PublicBloodBank)
          - CollectionAttributeFetchImpl(collection=bloodbank.entity.BloodBank.donations, querySpaceUid=<gen:1>, path=bloodbank.entity.PublicBloodBank.donations)
             - (collection element) CollectionFetchableElementEntityGraph(entity=bloodbank.entity.BloodDonation, querySpaceUid=<gen:2>, path=bloodbank.entity.PublicBloodBank.donations.<elements>)
    - QuerySpaces
       - EntityQuerySpaceImpl(uid=<gen:0>, entity=bloodbank.entity.PublicBloodBank)
          - SQL table alias mapping - publicbloo0_
          - alias suffix - 0_
          - suffixed key columns - {bank_id2_1_0_}

2021-11-21T23:53:24,723|[DEBUG] EntityLoader - Static select for entity bloodbank.entity.PublicBloodBank [NONE]: select publicbloo0_.bank_id as bank_id2_1_0_, publicbloo0_.created as created3_1_0_, publicbloo0_.updated as updated4_1_0_, publicbloo0_.version as version5_1_0_, publicbloo0_.name as name6_1_0_ from blood_bank publicbloo0_ where publicbloo0_.bank_id=? and publicbloo0_.privately_owned=0
2021-11-21T23:53:24,723|[TRACE] AbstractLoadPlanBuildingAssociationVisitationStrategy -  Starting root collection : bloodbank.entity.Address.contacts
2021-11-21T23:53:24,723|[DEBUG] QuerySpacesImpl - Adding QuerySpace : uid = <gen:0> -> org.hibernate.loader.plan.build.internal.spaces.CollectionQuerySpaceImpl@34d72f06]
2021-11-21T23:53:24,723|[DEBUG] QuerySpacesImpl - Adding QuerySpace : uid = <gen:1> -> org.hibernate.loader.plan.build.internal.spaces.EntityQuerySpaceImpl@7e43b342]
2021-11-21T23:53:24,723|[DEBUG] QuerySpacesImpl - Adding QuerySpace : uid = <gen:1>-id -> org.hibernate.loader.plan.build.internal.spaces.CompositeQuerySpaceImpl@21dd9203]
2021-11-21T23:53:24,723|[TRACE] AbstractLoadPlanBuildingAssociationVisitationStrategy - Pushing collection reference to stack : org.hibernate.loader.plan.build.internal.returns.CollectionReturnImpl@dbcf7c3
2021-11-21T23:53:24,723|[TRACE] AbstractLoadPlanBuildingAssociationVisitationStrategy -  Registering AssociationKey : AssociationKey(table=contact, columns={address_id}) -> null
2021-11-21T23:53:24,723|[TRACE] AbstractLoadPlanBuildingAssociationVisitationStrategy -  Starting collection element graph : bloodbank.entity.Address.contacts
2021-11-21T23:53:24,723|[TRACE] AbstractLoadPlanBuildingAssociationVisitationStrategy - Pushing fetch source to stack : org.hibernate.loader.plan.build.internal.returns.CollectionFetchableElementEntityGraph@1e466d
2021-11-21T23:53:24,723|[TRACE] AbstractLoadPlanBuildingAssociationVisitationStrategy - >> Starting entity identifier : bloodbank.entity.Contact
2021-11-21T23:53:24,723|[TRACE] AbstractLoadPlanBuildingAssociationVisitationStrategy - Pushing fetch source to stack : org.hibernate.loader.plan.build.internal.returns.EncapsulatedEntityIdentifierDescription@63243c8f
2021-11-21T23:53:24,723|[TRACE] AbstractLoadPlanBuildingAssociationVisitationStrategy - >>>> Starting composite : id
2021-11-21T23:53:24,723|[DEBUG] MetamodelGraphWalker - Visiting attribute path : personId
2021-11-21T23:53:24,723|[TRACE] AbstractLoadPlanBuildingAssociationVisitationStrategy - >>>> Starting attribute org.hibernate.persister.walking.internal.CompositionSingularSubAttributesHelper$1$1$3@2ea4e762
2021-11-21T23:53:24,723|[TRACE] AbstractLoadPlanBuildingAssociationVisitationStrategy - <<<< Finishing up attribute : org.hibernate.persister.walking.internal.CompositionSingularSubAttributesHelper$1$1$3@2ea4e762
2021-11-21T23:53:24,723|[DEBUG] MetamodelGraphWalker - Visiting attribute path : phoneId
2021-11-21T23:53:24,723|[TRACE] AbstractLoadPlanBuildingAssociationVisitationStrategy - >>>> Starting attribute org.hibernate.persister.walking.internal.CompositionSingularSubAttributesHelper$1$1$3@444c0f9a
2021-11-21T23:53:24,723|[TRACE] AbstractLoadPlanBuildingAssociationVisitationStrategy - <<<< Finishing up attribute : org.hibernate.persister.walking.internal.CompositionSingularSubAttributesHelper$1$1$3@444c0f9a
2021-11-21T23:53:24,723|[TRACE] AbstractLoadPlanBuildingAssociationVisitationStrategy - <<<< Finishing composite : id
2021-11-21T23:53:24,723|[TRACE] AbstractLoadPlanBuildingAssociationVisitationStrategy - Popped fetch owner from stack : org.hibernate.loader.plan.build.internal.returns.EncapsulatedEntityIdentifierDescription@63243c8f
2021-11-21T23:53:24,723|[TRACE] AbstractLoadPlanBuildingAssociationVisitationStrategy - << Finished entity identifier : bloodbank.entity.Contact
2021-11-21T23:53:24,723|[DEBUG] MetamodelGraphWalker - Visiting attribute path : epochCreated
2021-11-21T23:53:24,723|[TRACE] AbstractLoadPlanBuildingAssociationVisitationStrategy - >> Starting attribute Attribute(name=epochCreated, type=long [non-identifier])
2021-11-21T23:53:24,723|[TRACE] AbstractLoadPlanBuildingAssociationVisitationStrategy - << Finishing up attribute : Attribute(name=epochCreated, type=long [non-identifier])
2021-11-21T23:53:24,723|[DEBUG] MetamodelGraphWalker - Visiting attribute path : epochUpdated
2021-11-21T23:53:24,723|[TRACE] AbstractLoadPlanBuildingAssociationVisitationStrategy - >> Starting attribute Attribute(name=epochUpdated, type=long [non-identifier])
2021-11-21T23:53:24,723|[TRACE] AbstractLoadPlanBuildingAssociationVisitationStrategy - << Finishing up attribute : Attribute(name=epochUpdated, type=long [non-identifier])
2021-11-21T23:53:24,723|[DEBUG] MetamodelGraphWalker - Visiting attribute path : version
2021-11-21T23:53:24,723|[TRACE] AbstractLoadPlanBuildingAssociationVisitationStrategy - >> Starting attribute Attribute(name=version, type=integer [non-identifier])
2021-11-21T23:53:24,723|[TRACE] AbstractLoadPlanBuildingAssociationVisitationStrategy - << Finishing up attribute : Attribute(name=version, type=integer [non-identifier])
2021-11-21T23:53:24,723|[DEBUG] MetamodelGraphWalker - Visiting attribute path : address
2021-11-21T23:53:24,723|[DEBUG] MetamodelGraphWalker - Property path deemed to be circular : address
2021-11-21T23:53:24,723|[DEBUG] MetamodelGraphWalker - Visiting attribute path : contactType
2021-11-21T23:53:24,723|[TRACE] AbstractLoadPlanBuildingAssociationVisitationStrategy - >> Starting attribute Attribute(name=contactType, type=string [non-identifier])
2021-11-21T23:53:24,723|[TRACE] AbstractLoadPlanBuildingAssociationVisitationStrategy - << Finishing up attribute : Attribute(name=contactType, type=string [non-identifier])
2021-11-21T23:53:24,723|[DEBUG] MetamodelGraphWalker - Visiting attribute path : email
2021-11-21T23:53:24,723|[TRACE] AbstractLoadPlanBuildingAssociationVisitationStrategy - >> Starting attribute Attribute(name=email, type=string [non-identifier])
2021-11-21T23:53:24,723|[TRACE] AbstractLoadPlanBuildingAssociationVisitationStrategy - << Finishing up attribute : Attribute(name=email, type=string [non-identifier])
2021-11-21T23:53:24,723|[DEBUG] MetamodelGraphWalker - Visiting attribute path : owner
2021-11-21T23:53:24,723|[TRACE] AbstractLoadPlanBuildingAssociationVisitationStrategy - >> Starting attribute Attribute(name=owner, type=bloodbank.entity.Person [non-identifier,association])
2021-11-21T23:53:24,723|[DEBUG] QuerySpacesImpl - Adding QuerySpace : uid = <gen:2> -> org.hibernate.loader.plan.build.internal.spaces.EntityQuerySpaceImpl@36931450]
2021-11-21T23:53:24,723|[TRACE] AbstractLoadPlanBuildingAssociationVisitationStrategy - << Finishing up attribute : Attribute(name=owner, type=bloodbank.entity.Person [non-identifier,association])
2021-11-21T23:53:24,723|[DEBUG] MetamodelGraphWalker - Visiting attribute path : phone
2021-11-21T23:53:24,723|[TRACE] AbstractLoadPlanBuildingAssociationVisitationStrategy - >> Starting attribute Attribute(name=phone, type=bloodbank.entity.Phone [non-identifier,association])
2021-11-21T23:53:24,723|[DEBUG] QuerySpacesImpl - Adding QuerySpace : uid = <gen:3> -> org.hibernate.loader.plan.build.internal.spaces.EntityQuerySpaceImpl@74919649]
2021-11-21T23:53:24,723|[TRACE] AbstractLoadPlanBuildingAssociationVisitationStrategy - << Finishing up attribute : Attribute(name=phone, type=bloodbank.entity.Phone [non-identifier,association])
2021-11-21T23:53:24,723|[TRACE] AbstractLoadPlanBuildingAssociationVisitationStrategy - Popped fetch owner from stack : org.hibernate.loader.plan.build.internal.returns.CollectionFetchableElementEntityGraph@1e466d
2021-11-21T23:53:24,723|[TRACE] AbstractLoadPlanBuildingAssociationVisitationStrategy -  Finished collection element graph : bloodbank.entity.Address.contacts
2021-11-21T23:53:24,723|[TRACE] AbstractLoadPlanBuildingAssociationVisitationStrategy - Popped collection reference from stack : org.hibernate.loader.plan.build.internal.returns.CollectionReturnImpl@dbcf7c3
2021-11-21T23:53:24,723|[TRACE] AbstractLoadPlanBuildingAssociationVisitationStrategy -  Finished root collection : bloodbank.entity.Address.contacts
2021-11-21T23:53:24,723|[DEBUG] FetchStyleLoadPlanBuildingAssociationVisitationStrategy - Building LoadPlan...
2021-11-21T23:53:24,723|[DEBUG] LoadQueryJoinAndFetchProcessor - processing queryspace <gen:0>
2021-11-21T23:53:24,724|[DEBUG] LoadPlanTreePrinter - LoadPlan(collection=bloodbank.entity.Address.contacts)
    - Returns
       - CollectionReturnImpl(collection=bloodbank.entity.Address.contacts, querySpaceUid=<gen:0>, path=[bloodbank.entity.Address.contacts])
          - (collection element) CollectionFetchableElementEntityGraph(entity=bloodbank.entity.Contact, querySpaceUid=<gen:1>, path=[bloodbank.entity.Address.contacts].<elements>)
             - EntityAttributeFetchImpl(entity=bloodbank.entity.Person, querySpaceUid=<gen:2>, path=[bloodbank.entity.Address.contacts].<elements>.owner)
             - EntityAttributeFetchImpl(entity=bloodbank.entity.Phone, querySpaceUid=<gen:3>, path=[bloodbank.entity.Address.contacts].<elements>.phone)
    - QuerySpaces
       - CollectionQuerySpaceImpl(uid=<gen:0>, collection=bloodbank.entity.Address.contacts)
          - SQL table alias mapping - contacts0_
          - alias suffix - 0_
          - suffixed key columns - {address_8_3_0_}
          - entity-element alias suffix - 1_
          - 1_entity-element suffixed key columns - person_i1_3_1_, phone_id2_3_1_
          - JOIN (JoinDefinedByMetadata(elements)) : <gen:0> -> <gen:1>
             - EntityQuerySpaceImpl(uid=<gen:1>, entity=bloodbank.entity.Contact)
                - SQL table alias mapping - contacts0_
                - alias suffix - 1_
                - suffixed key columns - {person_i1_3_1_, phone_id2_3_1_}
                - JOIN (JoinDefinedByMetadata(id)) : <gen:1> -> <gen:1>-id
                   - CompositeQuerySpaceImpl(uid=<gen:1>-id)
                      - SQL table alias mapping - contacts0_

2021-11-21T23:53:24,724|[DEBUG] CollectionLoader - Static select for collection bloodbank.entity.Address.contacts: select contacts0_.address_id as address_8_3_0_, contacts0_.person_id as person_i1_3_0_, contacts0_.phone_id as phone_id2_3_0_, contacts0_.person_id as person_i1_3_1_, contacts0_.phone_id as phone_id2_3_1_, contacts0_.created as created3_3_1_, contacts0_.updated as updated4_3_1_, contacts0_.version as version5_3_1_, contacts0_.address_id as address_8_3_1_, contacts0_.contact_type as contact_6_3_1_, contacts0_.email as email7_3_1_ from contact contacts0_ where contacts0_.address_id=?
2021-11-21T23:53:24,724|[TRACE] AbstractLoadPlanBuildingAssociationVisitationStrategy -  Starting root collection : bloodbank.entity.Person.donations
2021-11-21T23:53:24,724|[DEBUG] QuerySpacesImpl - Adding QuerySpace : uid = <gen:0> -> org.hibernate.loader.plan.build.internal.spaces.CollectionQuerySpaceImpl@7d07e04e]
2021-11-21T23:53:24,724|[DEBUG] QuerySpacesImpl - Adding QuerySpace : uid = <gen:1> -> org.hibernate.loader.plan.build.internal.spaces.EntityQuerySpaceImpl@599310ab]
2021-11-21T23:53:24,724|[TRACE] AbstractLoadPlanBuildingAssociationVisitationStrategy - Pushing collection reference to stack : org.hibernate.loader.plan.build.internal.returns.CollectionReturnImpl@770cbe5d
2021-11-21T23:53:24,724|[TRACE] AbstractLoadPlanBuildingAssociationVisitationStrategy -  Registering AssociationKey : AssociationKey(table=donation_record, columns={person_id}) -> null
2021-11-21T23:53:24,724|[TRACE] AbstractLoadPlanBuildingAssociationVisitationStrategy -  Starting collection element graph : bloodbank.entity.Person.donations
2021-11-21T23:53:24,724|[TRACE] AbstractLoadPlanBuildingAssociationVisitationStrategy - Pushing fetch source to stack : org.hibernate.loader.plan.build.internal.returns.CollectionFetchableElementEntityGraph@f575d2b
2021-11-21T23:53:24,724|[TRACE] AbstractLoadPlanBuildingAssociationVisitationStrategy - >> Starting entity identifier : bloodbank.entity.DonationRecord
2021-11-21T23:53:24,724|[DEBUG] MetamodelGraphWalker - Visiting attribute path : epochCreated
2021-11-21T23:53:24,724|[TRACE] AbstractLoadPlanBuildingAssociationVisitationStrategy - >> Starting attribute Attribute(name=epochCreated, type=long [non-identifier])
2021-11-21T23:53:24,724|[TRACE] AbstractLoadPlanBuildingAssociationVisitationStrategy - << Finishing up attribute : Attribute(name=epochCreated, type=long [non-identifier])
2021-11-21T23:53:24,724|[DEBUG] MetamodelGraphWalker - Visiting attribute path : epochUpdated
2021-11-21T23:53:24,724|[TRACE] AbstractLoadPlanBuildingAssociationVisitationStrategy - >> Starting attribute Attribute(name=epochUpdated, type=long [non-identifier])
2021-11-21T23:53:24,724|[TRACE] AbstractLoadPlanBuildingAssociationVisitationStrategy - << Finishing up attribute : Attribute(name=epochUpdated, type=long [non-identifier])
2021-11-21T23:53:24,724|[DEBUG] MetamodelGraphWalker - Visiting attribute path : version
2021-11-21T23:53:24,724|[TRACE] AbstractLoadPlanBuildingAssociationVisitationStrategy - >> Starting attribute Attribute(name=version, type=integer [non-identifier])
2021-11-21T23:53:24,724|[TRACE] AbstractLoadPlanBuildingAssociationVisitationStrategy - << Finishing up attribute : Attribute(name=version, type=integer [non-identifier])
2021-11-21T23:53:24,724|[DEBUG] MetamodelGraphWalker - Visiting attribute path : donation
2021-11-21T23:53:24,724|[TRACE] AbstractLoadPlanBuildingAssociationVisitationStrategy - >> Starting attribute Attribute(name=donation, type=bloodbank.entity.BloodDonation [non-identifier,association])
2021-11-21T23:53:24,724|[DEBUG] QuerySpacesImpl - Adding QuerySpace : uid = <gen:2> -> org.hibernate.loader.plan.build.internal.spaces.EntityQuerySpaceImpl@4d90d91f]
2021-11-21T23:53:24,724|[TRACE] AbstractLoadPlanBuildingAssociationVisitationStrategy - Pushing fetch source to stack : org.hibernate.loader.plan.build.internal.returns.EntityAttributeFetchImpl@c478e4e
2021-11-21T23:53:24,724|[TRACE] AbstractLoadPlanBuildingAssociationVisitationStrategy - .... Registering AssociationKey : AssociationKey(table=donation_record, columns={donation_id}) -> org.hibernate.loader.plan.build.internal.returns.EntityAttributeFetchImpl@c478e4e
2021-11-21T23:53:24,724|[TRACE] AbstractLoadPlanBuildingAssociationVisitationStrategy - >>>> Starting entity identifier : bloodbank.entity.BloodDonation
2021-11-21T23:53:24,724|[DEBUG] MetamodelGraphWalker - Visiting attribute path : donation.epochCreated
2021-11-21T23:53:24,724|[TRACE] AbstractLoadPlanBuildingAssociationVisitationStrategy - >>>> Starting attribute Attribute(name=epochCreated, type=long [non-identifier])
2021-11-21T23:53:24,724|[TRACE] AbstractLoadPlanBuildingAssociationVisitationStrategy - <<<< Finishing up attribute : Attribute(name=epochCreated, type=long [non-identifier])
2021-11-21T23:53:24,724|[DEBUG] MetamodelGraphWalker - Visiting attribute path : donation.epochUpdated
2021-11-21T23:53:24,724|[TRACE] AbstractLoadPlanBuildingAssociationVisitationStrategy - >>>> Starting attribute Attribute(name=epochUpdated, type=long [non-identifier])
2021-11-21T23:53:24,724|[TRACE] AbstractLoadPlanBuildingAssociationVisitationStrategy - <<<< Finishing up attribute : Attribute(name=epochUpdated, type=long [non-identifier])
2021-11-21T23:53:24,724|[DEBUG] MetamodelGraphWalker - Visiting attribute path : donation.version
2021-11-21T23:53:24,724|[TRACE] AbstractLoadPlanBuildingAssociationVisitationStrategy - >>>> Starting attribute Attribute(name=version, type=integer [non-identifier])
2021-11-21T23:53:24,724|[TRACE] AbstractLoadPlanBuildingAssociationVisitationStrategy - <<<< Finishing up attribute : Attribute(name=version, type=integer [non-identifier])
2021-11-21T23:53:24,724|[DEBUG] MetamodelGraphWalker - Visiting attribute path : donation.bank
2021-11-21T23:53:24,724|[TRACE] AbstractLoadPlanBuildingAssociationVisitationStrategy - >>>> Starting attribute Attribute(name=bank, type=bloodbank.entity.BloodBank [non-identifier,association])
2021-11-21T23:53:24,724|[DEBUG] QuerySpacesImpl - Adding QuerySpace : uid = <gen:3> -> org.hibernate.loader.plan.build.internal.spaces.EntityQuerySpaceImpl@1e2b37cd]
2021-11-21T23:53:24,724|[TRACE] AbstractLoadPlanBuildingAssociationVisitationStrategy - Pushing fetch source to stack : org.hibernate.loader.plan.build.internal.returns.EntityAttributeFetchImpl@2ba08f26
2021-11-21T23:53:24,724|[TRACE] AbstractLoadPlanBuildingAssociationVisitationStrategy - ...... Registering AssociationKey : AssociationKey(table=blood_donation, columns={bank_id}) -> org.hibernate.loader.plan.build.internal.returns.EntityAttributeFetchImpl@2ba08f26
2021-11-21T23:53:24,724|[TRACE] AbstractLoadPlanBuildingAssociationVisitationStrategy - >>>>>> Starting entity identifier : bloodbank.entity.BloodBank
2021-11-21T23:53:24,724|[DEBUG] MetamodelGraphWalker - Visiting attribute path : donation.bank.epochCreated
2021-11-21T23:53:24,724|[TRACE] AbstractLoadPlanBuildingAssociationVisitationStrategy - >>>>>> Starting attribute Attribute(name=epochCreated, type=long [non-identifier])
2021-11-21T23:53:24,724|[TRACE] AbstractLoadPlanBuildingAssociationVisitationStrategy - <<<<<< Finishing up attribute : Attribute(name=epochCreated, type=long [non-identifier])
2021-11-21T23:53:24,724|[DEBUG] MetamodelGraphWalker - Visiting attribute path : donation.bank.epochUpdated
2021-11-21T23:53:24,724|[TRACE] AbstractLoadPlanBuildingAssociationVisitationStrategy - >>>>>> Starting attribute Attribute(name=epochUpdated, type=long [non-identifier])
2021-11-21T23:53:24,724|[TRACE] AbstractLoadPlanBuildingAssociationVisitationStrategy - <<<<<< Finishing up attribute : Attribute(name=epochUpdated, type=long [non-identifier])
2021-11-21T23:53:24,724|[DEBUG] MetamodelGraphWalker - Visiting attribute path : donation.bank.version
2021-11-21T23:53:24,724|[TRACE] AbstractLoadPlanBuildingAssociationVisitationStrategy - >>>>>> Starting attribute Attribute(name=version, type=integer [non-identifier])
2021-11-21T23:53:24,724|[TRACE] AbstractLoadPlanBuildingAssociationVisitationStrategy - <<<<<< Finishing up attribute : Attribute(name=version, type=integer [non-identifier])
2021-11-21T23:53:24,724|[DEBUG] MetamodelGraphWalker - Visiting attribute path : donation.bank.donations
2021-11-21T23:53:24,724|[DEBUG] MetamodelGraphWalker - Property path deemed to be circular : donation.bank.donations
2021-11-21T23:53:24,724|[DEBUG] MetamodelGraphWalker - Visiting attribute path : donation.bank.name
2021-11-21T23:53:24,724|[TRACE] AbstractLoadPlanBuildingAssociationVisitationStrategy - >>>>>> Starting attribute Attribute(name=name, type=string [non-identifier])
2021-11-21T23:53:24,724|[TRACE] AbstractLoadPlanBuildingAssociationVisitationStrategy - <<<<<< Finishing up attribute : Attribute(name=name, type=string [non-identifier])
2021-11-21T23:53:24,724|[TRACE] AbstractLoadPlanBuildingAssociationVisitationStrategy - Popped fetch owner from stack : org.hibernate.loader.plan.build.internal.returns.EntityAttributeFetchImpl@2ba08f26
2021-11-21T23:53:24,724|[TRACE] AbstractLoadPlanBuildingAssociationVisitationStrategy - <<<< Finishing up attribute : Attribute(name=bank, type=bloodbank.entity.BloodBank [non-identifier,association])
2021-11-21T23:53:24,724|[DEBUG] MetamodelGraphWalker - Visiting attribute path : donation.bloodType
2021-11-21T23:53:24,724|[TRACE] AbstractLoadPlanBuildingAssociationVisitationStrategy - >>>> Starting attribute Attribute(name=bloodType, type=component[bloodGroup,rhd] [non-identifier,composition])
2021-11-21T23:53:24,724|[DEBUG] QuerySpacesImpl - Adding QuerySpace : uid = <gen:4> -> org.hibernate.loader.plan.build.internal.spaces.CompositeQuerySpaceImpl@6033f36c]
2021-11-21T23:53:24,724|[TRACE] AbstractLoadPlanBuildingAssociationVisitationStrategy - Pushing fetch source to stack : org.hibernate.loader.plan.build.internal.returns.CompositeAttributeFetchImpl@50b624da
2021-11-21T23:53:24,724|[TRACE] AbstractLoadPlanBuildingAssociationVisitationStrategy - >>>>>> Starting composite : bloodType
2021-11-21T23:53:24,724|[DEBUG] MetamodelGraphWalker - Visiting attribute path : donation.bloodType.bloodGroup
2021-11-21T23:53:24,724|[TRACE] AbstractLoadPlanBuildingAssociationVisitationStrategy - >>>>>> Starting attribute Attribute(name=bloodGroup, type=string [non-identifier])
2021-11-21T23:53:24,724|[TRACE] AbstractLoadPlanBuildingAssociationVisitationStrategy - <<<<<< Finishing up attribute : Attribute(name=bloodGroup, type=string [non-identifier])
2021-11-21T23:53:24,724|[DEBUG] MetamodelGraphWalker - Visiting attribute path : donation.bloodType.rhd
2021-11-21T23:53:24,724|[TRACE] AbstractLoadPlanBuildingAssociationVisitationStrategy - >>>>>> Starting attribute Attribute(name=rhd, type=byte [non-identifier])
2021-11-21T23:53:24,724|[TRACE] AbstractLoadPlanBuildingAssociationVisitationStrategy - <<<<<< Finishing up attribute : Attribute(name=rhd, type=byte [non-identifier])
2021-11-21T23:53:24,724|[TRACE] AbstractLoadPlanBuildingAssociationVisitationStrategy - <<<<<< Finishing composite : bloodType
2021-11-21T23:53:24,724|[TRACE] AbstractLoadPlanBuildingAssociationVisitationStrategy - Popped fetch owner from stack : org.hibernate.loader.plan.build.internal.returns.CompositeAttributeFetchImpl@50b624da
2021-11-21T23:53:24,724|[TRACE] AbstractLoadPlanBuildingAssociationVisitationStrategy - <<<< Finishing up attribute : Attribute(name=bloodType, type=component[bloodGroup,rhd] [non-identifier,composition])
2021-11-21T23:53:24,724|[DEBUG] MetamodelGraphWalker - Visiting attribute path : donation.milliliters
2021-11-21T23:53:24,724|[TRACE] AbstractLoadPlanBuildingAssociationVisitationStrategy - >>>> Starting attribute Attribute(name=milliliters, type=integer [non-identifier])
2021-11-21T23:53:24,724|[TRACE] AbstractLoadPlanBuildingAssociationVisitationStrategy - <<<< Finishing up attribute : Attribute(name=milliliters, type=integer [non-identifier])
2021-11-21T23:53:24,724|[DEBUG] MetamodelGraphWalker - Visiting attribute path : donation.record
2021-11-21T23:53:24,724|[TRACE] AbstractLoadPlanBuildingAssociationVisitationStrategy - >>>> Starting attribute Attribute(name=record, type=bloodbank.entity.DonationRecord [non-identifier,association])
2021-11-21T23:53:24,724|[DEBUG] QuerySpacesImpl - Adding QuerySpace : uid = <gen:5> -> org.hibernate.loader.plan.build.internal.spaces.EntityQuerySpaceImpl@1764e45e]
2021-11-21T23:53:24,724|[TRACE] AbstractLoadPlanBuildingAssociationVisitationStrategy - <<<< Finishing up attribute : Attribute(name=record, type=bloodbank.entity.DonationRecord [non-identifier,association])
2021-11-21T23:53:24,724|[TRACE] AbstractLoadPlanBuildingAssociationVisitationStrategy - Popped fetch owner from stack : org.hibernate.loader.plan.build.internal.returns.EntityAttributeFetchImpl@c478e4e
2021-11-21T23:53:24,724|[TRACE] AbstractLoadPlanBuildingAssociationVisitationStrategy - << Finishing up attribute : Attribute(name=donation, type=bloodbank.entity.BloodDonation [non-identifier,association])
2021-11-21T23:53:24,724|[DEBUG] MetamodelGraphWalker - Visiting attribute path : owner
2021-11-21T23:53:24,724|[DEBUG] MetamodelGraphWalker - Property path deemed to be circular : owner
2021-11-21T23:53:24,724|[DEBUG] MetamodelGraphWalker - Visiting attribute path : tested
2021-11-21T23:53:24,724|[TRACE] AbstractLoadPlanBuildingAssociationVisitationStrategy - >> Starting attribute Attribute(name=tested, type=byte [non-identifier])
2021-11-21T23:53:24,724|[TRACE] AbstractLoadPlanBuildingAssociationVisitationStrategy - << Finishing up attribute : Attribute(name=tested, type=byte [non-identifier])
2021-11-21T23:53:24,724|[TRACE] AbstractLoadPlanBuildingAssociationVisitationStrategy - Popped fetch owner from stack : org.hibernate.loader.plan.build.internal.returns.CollectionFetchableElementEntityGraph@f575d2b
2021-11-21T23:53:24,724|[TRACE] AbstractLoadPlanBuildingAssociationVisitationStrategy -  Finished collection element graph : bloodbank.entity.Person.donations
2021-11-21T23:53:24,724|[TRACE] AbstractLoadPlanBuildingAssociationVisitationStrategy - Popped collection reference from stack : org.hibernate.loader.plan.build.internal.returns.CollectionReturnImpl@770cbe5d
2021-11-21T23:53:24,724|[TRACE] AbstractLoadPlanBuildingAssociationVisitationStrategy -  Finished root collection : bloodbank.entity.Person.donations
2021-11-21T23:53:24,724|[DEBUG] FetchStyleLoadPlanBuildingAssociationVisitationStrategy - Building LoadPlan...
2021-11-21T23:53:24,725|[DEBUG] LoadQueryJoinAndFetchProcessor - processing queryspace <gen:0>
2021-11-21T23:53:24,725|[DEBUG] LoadPlanTreePrinter - LoadPlan(collection=bloodbank.entity.Person.donations)
    - Returns
       - CollectionReturnImpl(collection=bloodbank.entity.Person.donations, querySpaceUid=<gen:0>, path=[bloodbank.entity.Person.donations])
          - (collection element) CollectionFetchableElementEntityGraph(entity=bloodbank.entity.DonationRecord, querySpaceUid=<gen:1>, path=[bloodbank.entity.Person.donations].<elements>)
             - EntityAttributeFetchImpl(entity=bloodbank.entity.BloodDonation, querySpaceUid=<gen:2>, path=[bloodbank.entity.Person.donations].<elements>.donation)
                - EntityAttributeFetchImpl(entity=bloodbank.entity.BloodBank, querySpaceUid=<gen:3>, path=[bloodbank.entity.Person.donations].<elements>.donation.bank)
                - CompositeAttributeFetchImpl(composite=bloodbank.entity.BloodType, querySpaceUid=<gen:4>, path=[bloodbank.entity.Person.donations].<elements>.donation.bloodType)
                - EntityAttributeFetchImpl(entity=bloodbank.entity.DonationRecord, querySpaceUid=<gen:5>, path=[bloodbank.entity.Person.donations].<elements>.donation.record)
    - QuerySpaces
       - CollectionQuerySpaceImpl(uid=<gen:0>, collection=bloodbank.entity.Person.donations)
          - SQL table alias mapping - donations0_
          - alias suffix - 0_
          - suffixed key columns - {person_i7_4_0_}
          - entity-element alias suffix - 1_
          - 1_entity-element suffixed key columns - record_i1_4_1_
          - JOIN (JoinDefinedByMetadata(elements)) : <gen:0> -> <gen:1>
             - EntityQuerySpaceImpl(uid=<gen:1>, entity=bloodbank.entity.DonationRecord)
                - SQL table alias mapping - donations0_
                - alias suffix - 1_
                - suffixed key columns - {record_i1_4_1_}
                - JOIN (JoinDefinedByMetadata(donation)) : <gen:1> -> <gen:2>
                   - EntityQuerySpaceImpl(uid=<gen:2>, entity=bloodbank.entity.BloodDonation)
                      - SQL table alias mapping - blooddonat1_
                      - alias suffix - 2_
                      - suffixed key columns - {donation1_2_2_}
                      - JOIN (JoinDefinedByMetadata(bank)) : <gen:2> -> <gen:3>
                         - EntityQuerySpaceImpl(uid=<gen:3>, entity=bloodbank.entity.BloodBank)
                            - SQL table alias mapping - bloodbank2_
                            - alias suffix - 3_
                            - suffixed key columns - {bank_id2_1_3_}
                      - JOIN (JoinDefinedByMetadata(bloodType)) : <gen:2> -> <gen:4>
                         - CompositeQuerySpaceImpl(uid=<gen:4>)
                            - SQL table alias mapping - blooddonat1_

2021-11-21T23:53:24,725|[DEBUG] CollectionLoader - Static select for collection bloodbank.entity.Person.donations: select donations0_.person_id as person_i7_4_0_, donations0_.record_id as record_i1_4_0_, donations0_.record_id as record_i1_4_1_, donations0_.created as created2_4_1_, donations0_.updated as updated3_4_1_, donations0_.version as version4_4_1_, donations0_.donation_id as donation6_4_1_, donations0_.person_id as person_i7_4_1_, donations0_.tested as tested5_4_1_, blooddonat1_.donation_id as donation1_2_2_, blooddonat1_.created as created2_2_2_, blooddonat1_.updated as updated3_2_2_, blooddonat1_.version as version4_2_2_, blooddonat1_.bank_id as bank_id8_2_2_, blooddonat1_.blood_group as blood_gr5_2_2_, blooddonat1_.rhd as rhd6_2_2_, blooddonat1_.milliliters as millilit7_2_2_, bloodbank2_.bank_id as bank_id2_1_3_, bloodbank2_.created as created3_1_3_, bloodbank2_.updated as updated4_1_3_, bloodbank2_.version as version5_1_3_, bloodbank2_.name as name6_1_3_, bloodbank2_.privately_owned as privatel1_1_3_ from donation_record donations0_ left outer join blood_donation blooddonat1_ on donations0_.donation_id=blooddonat1_.donation_id left outer join blood_bank bloodbank2_ on blooddonat1_.bank_id=bloodbank2_.bank_id where donations0_.person_id=?
2021-11-21T23:53:24,725|[TRACE] AbstractLoadPlanBuildingAssociationVisitationStrategy -  Starting root collection : bloodbank.entity.Person.contacts
2021-11-21T23:53:24,725|[DEBUG] QuerySpacesImpl - Adding QuerySpace : uid = <gen:0> -> org.hibernate.loader.plan.build.internal.spaces.CollectionQuerySpaceImpl@3892802b]
2021-11-21T23:53:24,725|[DEBUG] QuerySpacesImpl - Adding QuerySpace : uid = <gen:1> -> org.hibernate.loader.plan.build.internal.spaces.EntityQuerySpaceImpl@4745bcc6]
2021-11-21T23:53:24,725|[DEBUG] QuerySpacesImpl - Adding QuerySpace : uid = <gen:1>-id -> org.hibernate.loader.plan.build.internal.spaces.CompositeQuerySpaceImpl@2634d000]
2021-11-21T23:53:24,725|[TRACE] AbstractLoadPlanBuildingAssociationVisitationStrategy - Pushing collection reference to stack : org.hibernate.loader.plan.build.internal.returns.CollectionReturnImpl@1642968c
2021-11-21T23:53:24,725|[TRACE] AbstractLoadPlanBuildingAssociationVisitationStrategy -  Registering AssociationKey : AssociationKey(table=contact, columns={person_id}) -> null
2021-11-21T23:53:24,725|[TRACE] AbstractLoadPlanBuildingAssociationVisitationStrategy -  Starting collection element graph : bloodbank.entity.Person.contacts
2021-11-21T23:53:24,725|[TRACE] AbstractLoadPlanBuildingAssociationVisitationStrategy - Pushing fetch source to stack : org.hibernate.loader.plan.build.internal.returns.CollectionFetchableElementEntityGraph@3a7dcfb7
2021-11-21T23:53:24,725|[TRACE] AbstractLoadPlanBuildingAssociationVisitationStrategy - >> Starting entity identifier : bloodbank.entity.Contact
2021-11-21T23:53:24,725|[TRACE] AbstractLoadPlanBuildingAssociationVisitationStrategy - Pushing fetch source to stack : org.hibernate.loader.plan.build.internal.returns.EncapsulatedEntityIdentifierDescription@50b4e7b2
2021-11-21T23:53:24,725|[TRACE] AbstractLoadPlanBuildingAssociationVisitationStrategy - >>>> Starting composite : id
2021-11-21T23:53:24,725|[DEBUG] MetamodelGraphWalker - Visiting attribute path : personId
2021-11-21T23:53:24,725|[TRACE] AbstractLoadPlanBuildingAssociationVisitationStrategy - >>>> Starting attribute org.hibernate.persister.walking.internal.CompositionSingularSubAttributesHelper$1$1$3@50008974
2021-11-21T23:53:24,725|[TRACE] AbstractLoadPlanBuildingAssociationVisitationStrategy - <<<< Finishing up attribute : org.hibernate.persister.walking.internal.CompositionSingularSubAttributesHelper$1$1$3@50008974
2021-11-21T23:53:24,725|[DEBUG] MetamodelGraphWalker - Visiting attribute path : phoneId
2021-11-21T23:53:24,725|[TRACE] AbstractLoadPlanBuildingAssociationVisitationStrategy - >>>> Starting attribute org.hibernate.persister.walking.internal.CompositionSingularSubAttributesHelper$1$1$3@5274830e
2021-11-21T23:53:24,725|[TRACE] AbstractLoadPlanBuildingAssociationVisitationStrategy - <<<< Finishing up attribute : org.hibernate.persister.walking.internal.CompositionSingularSubAttributesHelper$1$1$3@5274830e
2021-11-21T23:53:24,725|[TRACE] AbstractLoadPlanBuildingAssociationVisitationStrategy - <<<< Finishing composite : id
2021-11-21T23:53:24,725|[TRACE] AbstractLoadPlanBuildingAssociationVisitationStrategy - Popped fetch owner from stack : org.hibernate.loader.plan.build.internal.returns.EncapsulatedEntityIdentifierDescription@50b4e7b2
2021-11-21T23:53:24,725|[TRACE] AbstractLoadPlanBuildingAssociationVisitationStrategy - << Finished entity identifier : bloodbank.entity.Contact
2021-11-21T23:53:24,725|[DEBUG] MetamodelGraphWalker - Visiting attribute path : epochCreated
2021-11-21T23:53:24,725|[TRACE] AbstractLoadPlanBuildingAssociationVisitationStrategy - >> Starting attribute Attribute(name=epochCreated, type=long [non-identifier])
2021-11-21T23:53:24,725|[TRACE] AbstractLoadPlanBuildingAssociationVisitationStrategy - << Finishing up attribute : Attribute(name=epochCreated, type=long [non-identifier])
2021-11-21T23:53:24,725|[DEBUG] MetamodelGraphWalker - Visiting attribute path : epochUpdated
2021-11-21T23:53:24,725|[TRACE] AbstractLoadPlanBuildingAssociationVisitationStrategy - >> Starting attribute Attribute(name=epochUpdated, type=long [non-identifier])
2021-11-21T23:53:24,725|[TRACE] AbstractLoadPlanBuildingAssociationVisitationStrategy - << Finishing up attribute : Attribute(name=epochUpdated, type=long [non-identifier])
2021-11-21T23:53:24,725|[DEBUG] MetamodelGraphWalker - Visiting attribute path : version
2021-11-21T23:53:24,725|[TRACE] AbstractLoadPlanBuildingAssociationVisitationStrategy - >> Starting attribute Attribute(name=version, type=integer [non-identifier])
2021-11-21T23:53:24,725|[TRACE] AbstractLoadPlanBuildingAssociationVisitationStrategy - << Finishing up attribute : Attribute(name=version, type=integer [non-identifier])
2021-11-21T23:53:24,725|[DEBUG] MetamodelGraphWalker - Visiting attribute path : address
2021-11-21T23:53:24,725|[TRACE] AbstractLoadPlanBuildingAssociationVisitationStrategy - >> Starting attribute Attribute(name=address, type=bloodbank.entity.Address [non-identifier,association])
2021-11-21T23:53:24,725|[DEBUG] QuerySpacesImpl - Adding QuerySpace : uid = <gen:2> -> org.hibernate.loader.plan.build.internal.spaces.EntityQuerySpaceImpl@6a0ee80]
2021-11-21T23:53:24,725|[TRACE] AbstractLoadPlanBuildingAssociationVisitationStrategy - << Finishing up attribute : Attribute(name=address, type=bloodbank.entity.Address [non-identifier,association])
2021-11-21T23:53:24,725|[DEBUG] MetamodelGraphWalker - Visiting attribute path : contactType
2021-11-21T23:53:24,725|[TRACE] AbstractLoadPlanBuildingAssociationVisitationStrategy - >> Starting attribute Attribute(name=contactType, type=string [non-identifier])
2021-11-21T23:53:24,725|[TRACE] AbstractLoadPlanBuildingAssociationVisitationStrategy - << Finishing up attribute : Attribute(name=contactType, type=string [non-identifier])
2021-11-21T23:53:24,725|[DEBUG] MetamodelGraphWalker - Visiting attribute path : email
2021-11-21T23:53:24,725|[TRACE] AbstractLoadPlanBuildingAssociationVisitationStrategy - >> Starting attribute Attribute(name=email, type=string [non-identifier])
2021-11-21T23:53:24,725|[TRACE] AbstractLoadPlanBuildingAssociationVisitationStrategy - << Finishing up attribute : Attribute(name=email, type=string [non-identifier])
2021-11-21T23:53:24,725|[DEBUG] MetamodelGraphWalker - Visiting attribute path : owner
2021-11-21T23:53:24,725|[DEBUG] MetamodelGraphWalker - Property path deemed to be circular : owner
2021-11-21T23:53:24,725|[DEBUG] MetamodelGraphWalker - Visiting attribute path : phone
2021-11-21T23:53:24,725|[TRACE] AbstractLoadPlanBuildingAssociationVisitationStrategy - >> Starting attribute Attribute(name=phone, type=bloodbank.entity.Phone [non-identifier,association])
2021-11-21T23:53:24,726|[DEBUG] QuerySpacesImpl - Adding QuerySpace : uid = <gen:3> -> org.hibernate.loader.plan.build.internal.spaces.EntityQuerySpaceImpl@71de1091]
2021-11-21T23:53:24,726|[TRACE] AbstractLoadPlanBuildingAssociationVisitationStrategy - << Finishing up attribute : Attribute(name=phone, type=bloodbank.entity.Phone [non-identifier,association])
2021-11-21T23:53:24,726|[TRACE] AbstractLoadPlanBuildingAssociationVisitationStrategy - Popped fetch owner from stack : org.hibernate.loader.plan.build.internal.returns.CollectionFetchableElementEntityGraph@3a7dcfb7
2021-11-21T23:53:24,726|[TRACE] AbstractLoadPlanBuildingAssociationVisitationStrategy -  Finished collection element graph : bloodbank.entity.Person.contacts
2021-11-21T23:53:24,726|[TRACE] AbstractLoadPlanBuildingAssociationVisitationStrategy - Popped collection reference from stack : org.hibernate.loader.plan.build.internal.returns.CollectionReturnImpl@1642968c
2021-11-21T23:53:24,726|[TRACE] AbstractLoadPlanBuildingAssociationVisitationStrategy -  Finished root collection : bloodbank.entity.Person.contacts
2021-11-21T23:53:24,726|[DEBUG] FetchStyleLoadPlanBuildingAssociationVisitationStrategy - Building LoadPlan...
2021-11-21T23:53:24,726|[DEBUG] LoadQueryJoinAndFetchProcessor - processing queryspace <gen:0>
2021-11-21T23:53:24,726|[DEBUG] LoadPlanTreePrinter - LoadPlan(collection=bloodbank.entity.Person.contacts)
    - Returns
       - CollectionReturnImpl(collection=bloodbank.entity.Person.contacts, querySpaceUid=<gen:0>, path=[bloodbank.entity.Person.contacts])
          - (collection element) CollectionFetchableElementEntityGraph(entity=bloodbank.entity.Contact, querySpaceUid=<gen:1>, path=[bloodbank.entity.Person.contacts].<elements>)
             - EntityAttributeFetchImpl(entity=bloodbank.entity.Address, querySpaceUid=<gen:2>, path=[bloodbank.entity.Person.contacts].<elements>.address)
             - EntityAttributeFetchImpl(entity=bloodbank.entity.Phone, querySpaceUid=<gen:3>, path=[bloodbank.entity.Person.contacts].<elements>.phone)
    - QuerySpaces
       - CollectionQuerySpaceImpl(uid=<gen:0>, collection=bloodbank.entity.Person.contacts)
          - SQL table alias mapping - contacts0_
          - alias suffix - 0_
          - suffixed key columns - {person_i1_3_0_}
          - entity-element alias suffix - 1_
          - 1_entity-element suffixed key columns - person_i1_3_1_, phone_id2_3_1_
          - JOIN (JoinDefinedByMetadata(elements)) : <gen:0> -> <gen:1>
             - EntityQuerySpaceImpl(uid=<gen:1>, entity=bloodbank.entity.Contact)
                - SQL table alias mapping - contacts0_
                - alias suffix - 1_
                - suffixed key columns - {person_i1_3_1_, phone_id2_3_1_}
                - JOIN (JoinDefinedByMetadata(id)) : <gen:1> -> <gen:1>-id
                   - CompositeQuerySpaceImpl(uid=<gen:1>-id)
                      - SQL table alias mapping - contacts0_

2021-11-21T23:53:24,726|[DEBUG] CollectionLoader - Static select for collection bloodbank.entity.Person.contacts: select contacts0_.person_id as person_i1_3_0_, contacts0_.phone_id as phone_id2_3_0_, contacts0_.person_id as person_i1_3_1_, contacts0_.phone_id as phone_id2_3_1_, contacts0_.created as created3_3_1_, contacts0_.updated as updated4_3_1_, contacts0_.version as version5_3_1_, contacts0_.address_id as address_8_3_1_, contacts0_.contact_type as contact_6_3_1_, contacts0_.email as email7_3_1_ from contact contacts0_ where contacts0_.person_id=?
2021-11-21T23:53:24,726|[TRACE] AbstractLoadPlanBuildingAssociationVisitationStrategy -  Starting root collection : bloodbank.entity.Phone.contacts
2021-11-21T23:53:24,726|[DEBUG] QuerySpacesImpl - Adding QuerySpace : uid = <gen:0> -> org.hibernate.loader.plan.build.internal.spaces.CollectionQuerySpaceImpl@25c16cf7]
2021-11-21T23:53:24,726|[DEBUG] QuerySpacesImpl - Adding QuerySpace : uid = <gen:1> -> org.hibernate.loader.plan.build.internal.spaces.EntityQuerySpaceImpl@53dbe7b2]
2021-11-21T23:53:24,726|[DEBUG] QuerySpacesImpl - Adding QuerySpace : uid = <gen:1>-id -> org.hibernate.loader.plan.build.internal.spaces.CompositeQuerySpaceImpl@520ec7a7]
2021-11-21T23:53:24,726|[TRACE] AbstractLoadPlanBuildingAssociationVisitationStrategy - Pushing collection reference to stack : org.hibernate.loader.plan.build.internal.returns.CollectionReturnImpl@53551fef
2021-11-21T23:53:24,726|[TRACE] AbstractLoadPlanBuildingAssociationVisitationStrategy -  Registering AssociationKey : AssociationKey(table=contact, columns={phone_id}) -> null
2021-11-21T23:53:24,726|[TRACE] AbstractLoadPlanBuildingAssociationVisitationStrategy -  Starting collection element graph : bloodbank.entity.Phone.contacts
2021-11-21T23:53:24,726|[TRACE] AbstractLoadPlanBuildingAssociationVisitationStrategy - Pushing fetch source to stack : org.hibernate.loader.plan.build.internal.returns.CollectionFetchableElementEntityGraph@7d5d77a6
2021-11-21T23:53:24,726|[TRACE] AbstractLoadPlanBuildingAssociationVisitationStrategy - >> Starting entity identifier : bloodbank.entity.Contact
2021-11-21T23:53:24,726|[TRACE] AbstractLoadPlanBuildingAssociationVisitationStrategy - Pushing fetch source to stack : org.hibernate.loader.plan.build.internal.returns.EncapsulatedEntityIdentifierDescription@71b7e9c8
2021-11-21T23:53:24,726|[TRACE] AbstractLoadPlanBuildingAssociationVisitationStrategy - >>>> Starting composite : id
2021-11-21T23:53:24,726|[DEBUG] MetamodelGraphWalker - Visiting attribute path : personId
2021-11-21T23:53:24,726|[TRACE] AbstractLoadPlanBuildingAssociationVisitationStrategy - >>>> Starting attribute org.hibernate.persister.walking.internal.CompositionSingularSubAttributesHelper$1$1$3@55202ba6
2021-11-21T23:53:24,726|[TRACE] AbstractLoadPlanBuildingAssociationVisitationStrategy - <<<< Finishing up attribute : org.hibernate.persister.walking.internal.CompositionSingularSubAttributesHelper$1$1$3@55202ba6
2021-11-21T23:53:24,726|[DEBUG] MetamodelGraphWalker - Visiting attribute path : phoneId
2021-11-21T23:53:24,726|[TRACE] AbstractLoadPlanBuildingAssociationVisitationStrategy - >>>> Starting attribute org.hibernate.persister.walking.internal.CompositionSingularSubAttributesHelper$1$1$3@2ef1fc8a
2021-11-21T23:53:24,726|[TRACE] AbstractLoadPlanBuildingAssociationVisitationStrategy - <<<< Finishing up attribute : org.hibernate.persister.walking.internal.CompositionSingularSubAttributesHelper$1$1$3@2ef1fc8a
2021-11-21T23:53:24,726|[TRACE] AbstractLoadPlanBuildingAssociationVisitationStrategy - <<<< Finishing composite : id
2021-11-21T23:53:24,726|[TRACE] AbstractLoadPlanBuildingAssociationVisitationStrategy - Popped fetch owner from stack : org.hibernate.loader.plan.build.internal.returns.EncapsulatedEntityIdentifierDescription@71b7e9c8
2021-11-21T23:53:24,726|[TRACE] AbstractLoadPlanBuildingAssociationVisitationStrategy - << Finished entity identifier : bloodbank.entity.Contact
2021-11-21T23:53:24,726|[DEBUG] MetamodelGraphWalker - Visiting attribute path : epochCreated
2021-11-21T23:53:24,726|[TRACE] AbstractLoadPlanBuildingAssociationVisitationStrategy - >> Starting attribute Attribute(name=epochCreated, type=long [non-identifier])
2021-11-21T23:53:24,726|[TRACE] AbstractLoadPlanBuildingAssociationVisitationStrategy - << Finishing up attribute : Attribute(name=epochCreated, type=long [non-identifier])
2021-11-21T23:53:24,726|[DEBUG] MetamodelGraphWalker - Visiting attribute path : epochUpdated
2021-11-21T23:53:24,726|[TRACE] AbstractLoadPlanBuildingAssociationVisitationStrategy - >> Starting attribute Attribute(name=epochUpdated, type=long [non-identifier])
2021-11-21T23:53:24,726|[TRACE] AbstractLoadPlanBuildingAssociationVisitationStrategy - << Finishing up attribute : Attribute(name=epochUpdated, type=long [non-identifier])
2021-11-21T23:53:24,726|[DEBUG] MetamodelGraphWalker - Visiting attribute path : version
2021-11-21T23:53:24,726|[TRACE] AbstractLoadPlanBuildingAssociationVisitationStrategy - >> Starting attribute Attribute(name=version, type=integer [non-identifier])
2021-11-21T23:53:24,726|[TRACE] AbstractLoadPlanBuildingAssociationVisitationStrategy - << Finishing up attribute : Attribute(name=version, type=integer [non-identifier])
2021-11-21T23:53:24,726|[DEBUG] MetamodelGraphWalker - Visiting attribute path : address
2021-11-21T23:53:24,726|[TRACE] AbstractLoadPlanBuildingAssociationVisitationStrategy - >> Starting attribute Attribute(name=address, type=bloodbank.entity.Address [non-identifier,association])
2021-11-21T23:53:24,726|[DEBUG] QuerySpacesImpl - Adding QuerySpace : uid = <gen:2> -> org.hibernate.loader.plan.build.internal.spaces.EntityQuerySpaceImpl@38874eb5]
2021-11-21T23:53:24,726|[TRACE] AbstractLoadPlanBuildingAssociationVisitationStrategy - << Finishing up attribute : Attribute(name=address, type=bloodbank.entity.Address [non-identifier,association])
2021-11-21T23:53:24,726|[DEBUG] MetamodelGraphWalker - Visiting attribute path : contactType
2021-11-21T23:53:24,726|[TRACE] AbstractLoadPlanBuildingAssociationVisitationStrategy - >> Starting attribute Attribute(name=contactType, type=string [non-identifier])
2021-11-21T23:53:24,726|[TRACE] AbstractLoadPlanBuildingAssociationVisitationStrategy - << Finishing up attribute : Attribute(name=contactType, type=string [non-identifier])
2021-11-21T23:53:24,726|[DEBUG] MetamodelGraphWalker - Visiting attribute path : email
2021-11-21T23:53:24,726|[TRACE] AbstractLoadPlanBuildingAssociationVisitationStrategy - >> Starting attribute Attribute(name=email, type=string [non-identifier])
2021-11-21T23:53:24,726|[TRACE] AbstractLoadPlanBuildingAssociationVisitationStrategy - << Finishing up attribute : Attribute(name=email, type=string [non-identifier])
2021-11-21T23:53:24,726|[DEBUG] MetamodelGraphWalker - Visiting attribute path : owner
2021-11-21T23:53:24,726|[TRACE] AbstractLoadPlanBuildingAssociationVisitationStrategy - >> Starting attribute Attribute(name=owner, type=bloodbank.entity.Person [non-identifier,association])
2021-11-21T23:53:24,726|[DEBUG] QuerySpacesImpl - Adding QuerySpace : uid = <gen:3> -> org.hibernate.loader.plan.build.internal.spaces.EntityQuerySpaceImpl@76b019c4]
2021-11-21T23:53:24,726|[TRACE] AbstractLoadPlanBuildingAssociationVisitationStrategy - << Finishing up attribute : Attribute(name=owner, type=bloodbank.entity.Person [non-identifier,association])
2021-11-21T23:53:24,726|[DEBUG] MetamodelGraphWalker - Visiting attribute path : phone
2021-11-21T23:53:24,726|[DEBUG] MetamodelGraphWalker - Property path deemed to be circular : phone
2021-11-21T23:53:24,726|[TRACE] AbstractLoadPlanBuildingAssociationVisitationStrategy - Popped fetch owner from stack : org.hibernate.loader.plan.build.internal.returns.CollectionFetchableElementEntityGraph@7d5d77a6
2021-11-21T23:53:24,726|[TRACE] AbstractLoadPlanBuildingAssociationVisitationStrategy -  Finished collection element graph : bloodbank.entity.Phone.contacts
2021-11-21T23:53:24,726|[TRACE] AbstractLoadPlanBuildingAssociationVisitationStrategy - Popped collection reference from stack : org.hibernate.loader.plan.build.internal.returns.CollectionReturnImpl@53551fef
2021-11-21T23:53:24,726|[TRACE] AbstractLoadPlanBuildingAssociationVisitationStrategy -  Finished root collection : bloodbank.entity.Phone.contacts
2021-11-21T23:53:24,726|[DEBUG] FetchStyleLoadPlanBuildingAssociationVisitationStrategy - Building LoadPlan...
2021-11-21T23:53:24,726|[DEBUG] LoadQueryJoinAndFetchProcessor - processing queryspace <gen:0>
2021-11-21T23:53:24,727|[DEBUG] LoadPlanTreePrinter - LoadPlan(collection=bloodbank.entity.Phone.contacts)
    - Returns
       - CollectionReturnImpl(collection=bloodbank.entity.Phone.contacts, querySpaceUid=<gen:0>, path=[bloodbank.entity.Phone.contacts])
          - (collection element) CollectionFetchableElementEntityGraph(entity=bloodbank.entity.Contact, querySpaceUid=<gen:1>, path=[bloodbank.entity.Phone.contacts].<elements>)
             - EntityAttributeFetchImpl(entity=bloodbank.entity.Address, querySpaceUid=<gen:2>, path=[bloodbank.entity.Phone.contacts].<elements>.address)
             - EntityAttributeFetchImpl(entity=bloodbank.entity.Person, querySpaceUid=<gen:3>, path=[bloodbank.entity.Phone.contacts].<elements>.owner)
    - QuerySpaces
       - CollectionQuerySpaceImpl(uid=<gen:0>, collection=bloodbank.entity.Phone.contacts)
          - SQL table alias mapping - contacts0_
          - alias suffix - 0_
          - suffixed key columns - {phone_id2_3_0_}
          - entity-element alias suffix - 1_
          - 1_entity-element suffixed key columns - person_i1_3_1_, phone_id2_3_1_
          - JOIN (JoinDefinedByMetadata(elements)) : <gen:0> -> <gen:1>
             - EntityQuerySpaceImpl(uid=<gen:1>, entity=bloodbank.entity.Contact)
                - SQL table alias mapping - contacts0_
                - alias suffix - 1_
                - suffixed key columns - {person_i1_3_1_, phone_id2_3_1_}
                - JOIN (JoinDefinedByMetadata(id)) : <gen:1> -> <gen:1>-id
                   - CompositeQuerySpaceImpl(uid=<gen:1>-id)
                      - SQL table alias mapping - contacts0_

2021-11-21T23:53:24,727|[DEBUG] CollectionLoader - Static select for collection bloodbank.entity.Phone.contacts: select contacts0_.phone_id as phone_id2_3_0_, contacts0_.person_id as person_i1_3_0_, contacts0_.person_id as person_i1_3_1_, contacts0_.phone_id as phone_id2_3_1_, contacts0_.created as created3_3_1_, contacts0_.updated as updated4_3_1_, contacts0_.version as version5_3_1_, contacts0_.address_id as address_8_3_1_, contacts0_.contact_type as contact_6_3_1_, contacts0_.email as email7_3_1_ from contact contacts0_ where contacts0_.phone_id=?
2021-11-21T23:53:24,727|[TRACE] AbstractLoadPlanBuildingAssociationVisitationStrategy -  Starting root collection : bloodbank.entity.BloodBank.donations
2021-11-21T23:53:24,727|[DEBUG] QuerySpacesImpl - Adding QuerySpace : uid = <gen:0> -> org.hibernate.loader.plan.build.internal.spaces.CollectionQuerySpaceImpl@221961af]
2021-11-21T23:53:24,727|[DEBUG] QuerySpacesImpl - Adding QuerySpace : uid = <gen:1> -> org.hibernate.loader.plan.build.internal.spaces.EntityQuerySpaceImpl@32ddcca]
2021-11-21T23:53:24,727|[TRACE] AbstractLoadPlanBuildingAssociationVisitationStrategy - Pushing collection reference to stack : org.hibernate.loader.plan.build.internal.returns.CollectionReturnImpl@1ddc8fc
2021-11-21T23:53:24,727|[TRACE] AbstractLoadPlanBuildingAssociationVisitationStrategy -  Registering AssociationKey : AssociationKey(table=blood_donation, columns={bank_id}) -> null
2021-11-21T23:53:24,727|[TRACE] AbstractLoadPlanBuildingAssociationVisitationStrategy -  Starting collection element graph : bloodbank.entity.BloodBank.donations
2021-11-21T23:53:24,727|[TRACE] AbstractLoadPlanBuildingAssociationVisitationStrategy - Pushing fetch source to stack : org.hibernate.loader.plan.build.internal.returns.CollectionFetchableElementEntityGraph@77d58f3a
2021-11-21T23:53:24,727|[TRACE] AbstractLoadPlanBuildingAssociationVisitationStrategy - >> Starting entity identifier : bloodbank.entity.BloodDonation
2021-11-21T23:53:24,727|[DEBUG] MetamodelGraphWalker - Visiting attribute path : epochCreated
2021-11-21T23:53:24,727|[TRACE] AbstractLoadPlanBuildingAssociationVisitationStrategy - >> Starting attribute Attribute(name=epochCreated, type=long [non-identifier])
2021-11-21T23:53:24,727|[TRACE] AbstractLoadPlanBuildingAssociationVisitationStrategy - << Finishing up attribute : Attribute(name=epochCreated, type=long [non-identifier])
2021-11-21T23:53:24,727|[DEBUG] MetamodelGraphWalker - Visiting attribute path : epochUpdated
2021-11-21T23:53:24,727|[TRACE] AbstractLoadPlanBuildingAssociationVisitationStrategy - >> Starting attribute Attribute(name=epochUpdated, type=long [non-identifier])
2021-11-21T23:53:24,727|[TRACE] AbstractLoadPlanBuildingAssociationVisitationStrategy - << Finishing up attribute : Attribute(name=epochUpdated, type=long [non-identifier])
2021-11-21T23:53:24,727|[DEBUG] MetamodelGraphWalker - Visiting attribute path : version
2021-11-21T23:53:24,727|[TRACE] AbstractLoadPlanBuildingAssociationVisitationStrategy - >> Starting attribute Attribute(name=version, type=integer [non-identifier])
2021-11-21T23:53:24,727|[TRACE] AbstractLoadPlanBuildingAssociationVisitationStrategy - << Finishing up attribute : Attribute(name=version, type=integer [non-identifier])
2021-11-21T23:53:24,727|[DEBUG] MetamodelGraphWalker - Visiting attribute path : bank
2021-11-21T23:53:24,727|[DEBUG] MetamodelGraphWalker - Property path deemed to be circular : bank
2021-11-21T23:53:24,727|[DEBUG] MetamodelGraphWalker - Visiting attribute path : bloodType
2021-11-21T23:53:24,727|[TRACE] AbstractLoadPlanBuildingAssociationVisitationStrategy - >> Starting attribute Attribute(name=bloodType, type=component[bloodGroup,rhd] [non-identifier,composition])
2021-11-21T23:53:24,727|[DEBUG] QuerySpacesImpl - Adding QuerySpace : uid = <gen:2> -> org.hibernate.loader.plan.build.internal.spaces.CompositeQuerySpaceImpl@1e288c76]
2021-11-21T23:53:24,727|[TRACE] AbstractLoadPlanBuildingAssociationVisitationStrategy - Pushing fetch source to stack : org.hibernate.loader.plan.build.internal.returns.CompositeAttributeFetchImpl@738ed8f5
2021-11-21T23:53:24,727|[TRACE] AbstractLoadPlanBuildingAssociationVisitationStrategy - >>>> Starting composite : bloodType
2021-11-21T23:53:24,727|[DEBUG] MetamodelGraphWalker - Visiting attribute path : bloodType.bloodGroup
2021-11-21T23:53:24,727|[TRACE] AbstractLoadPlanBuildingAssociationVisitationStrategy - >>>> Starting attribute Attribute(name=bloodGroup, type=string [non-identifier])
2021-11-21T23:53:24,727|[TRACE] AbstractLoadPlanBuildingAssociationVisitationStrategy - <<<< Finishing up attribute : Attribute(name=bloodGroup, type=string [non-identifier])
2021-11-21T23:53:24,727|[DEBUG] MetamodelGraphWalker - Visiting attribute path : bloodType.rhd
2021-11-21T23:53:24,727|[TRACE] AbstractLoadPlanBuildingAssociationVisitationStrategy - >>>> Starting attribute Attribute(name=rhd, type=byte [non-identifier])
2021-11-21T23:53:24,727|[TRACE] AbstractLoadPlanBuildingAssociationVisitationStrategy - <<<< Finishing up attribute : Attribute(name=rhd, type=byte [non-identifier])
2021-11-21T23:53:24,727|[TRACE] AbstractLoadPlanBuildingAssociationVisitationStrategy - <<<< Finishing composite : bloodType
2021-11-21T23:53:24,727|[TRACE] AbstractLoadPlanBuildingAssociationVisitationStrategy - Popped fetch owner from stack : org.hibernate.loader.plan.build.internal.returns.CompositeAttributeFetchImpl@738ed8f5
2021-11-21T23:53:24,727|[TRACE] AbstractLoadPlanBuildingAssociationVisitationStrategy - << Finishing up attribute : Attribute(name=bloodType, type=component[bloodGroup,rhd] [non-identifier,composition])
2021-11-21T23:53:24,727|[DEBUG] MetamodelGraphWalker - Visiting attribute path : milliliters
2021-11-21T23:53:24,727|[TRACE] AbstractLoadPlanBuildingAssociationVisitationStrategy - >> Starting attribute Attribute(name=milliliters, type=integer [non-identifier])
2021-11-21T23:53:24,727|[TRACE] AbstractLoadPlanBuildingAssociationVisitationStrategy - << Finishing up attribute : Attribute(name=milliliters, type=integer [non-identifier])
2021-11-21T23:53:24,727|[DEBUG] MetamodelGraphWalker - Visiting attribute path : record
2021-11-21T23:53:24,727|[TRACE] AbstractLoadPlanBuildingAssociationVisitationStrategy - >> Starting attribute Attribute(name=record, type=bloodbank.entity.DonationRecord [non-identifier,association])
2021-11-21T23:53:24,727|[DEBUG] QuerySpacesImpl - Adding QuerySpace : uid = <gen:3> -> org.hibernate.loader.plan.build.internal.spaces.EntityQuerySpaceImpl@1cfb7450]
2021-11-21T23:53:24,727|[TRACE] AbstractLoadPlanBuildingAssociationVisitationStrategy - << Finishing up attribute : Attribute(name=record, type=bloodbank.entity.DonationRecord [non-identifier,association])
2021-11-21T23:53:24,727|[TRACE] AbstractLoadPlanBuildingAssociationVisitationStrategy - Popped fetch owner from stack : org.hibernate.loader.plan.build.internal.returns.CollectionFetchableElementEntityGraph@77d58f3a
2021-11-21T23:53:24,727|[TRACE] AbstractLoadPlanBuildingAssociationVisitationStrategy -  Finished collection element graph : bloodbank.entity.BloodBank.donations
2021-11-21T23:53:24,727|[TRACE] AbstractLoadPlanBuildingAssociationVisitationStrategy - Popped collection reference from stack : org.hibernate.loader.plan.build.internal.returns.CollectionReturnImpl@1ddc8fc
2021-11-21T23:53:24,727|[TRACE] AbstractLoadPlanBuildingAssociationVisitationStrategy -  Finished root collection : bloodbank.entity.BloodBank.donations
2021-11-21T23:53:24,727|[DEBUG] FetchStyleLoadPlanBuildingAssociationVisitationStrategy - Building LoadPlan...
2021-11-21T23:53:24,727|[DEBUG] LoadQueryJoinAndFetchProcessor - processing queryspace <gen:0>
2021-11-21T23:53:24,727|[DEBUG] LoadPlanTreePrinter - LoadPlan(collection=bloodbank.entity.BloodBank.donations)
    - Returns
       - CollectionReturnImpl(collection=bloodbank.entity.BloodBank.donations, querySpaceUid=<gen:0>, path=[bloodbank.entity.BloodBank.donations])
          - (collection element) CollectionFetchableElementEntityGraph(entity=bloodbank.entity.BloodDonation, querySpaceUid=<gen:1>, path=[bloodbank.entity.BloodBank.donations].<elements>)
             - CompositeAttributeFetchImpl(composite=bloodbank.entity.BloodType, querySpaceUid=<gen:2>, path=[bloodbank.entity.BloodBank.donations].<elements>.bloodType)
             - EntityAttributeFetchImpl(entity=bloodbank.entity.DonationRecord, querySpaceUid=<gen:3>, path=[bloodbank.entity.BloodBank.donations].<elements>.record)
    - QuerySpaces
       - CollectionQuerySpaceImpl(uid=<gen:0>, collection=bloodbank.entity.BloodBank.donations)
          - SQL table alias mapping - donations0_
          - alias suffix - 0_
          - suffixed key columns - {bank_id8_2_0_}
          - entity-element alias suffix - 1_
          - 1_entity-element suffixed key columns - donation1_2_1_
          - JOIN (JoinDefinedByMetadata(elements)) : <gen:0> -> <gen:1>
             - EntityQuerySpaceImpl(uid=<gen:1>, entity=bloodbank.entity.BloodDonation)
                - SQL table alias mapping - donations0_
                - alias suffix - 1_
                - suffixed key columns - {donation1_2_1_}
                - JOIN (JoinDefinedByMetadata(bloodType)) : <gen:1> -> <gen:2>
                   - CompositeQuerySpaceImpl(uid=<gen:2>)
                      - SQL table alias mapping - donations0_

2021-11-21T23:53:24,727|[DEBUG] CollectionLoader - Static select for collection bloodbank.entity.BloodBank.donations: select donations0_.bank_id as bank_id8_2_0_, donations0_.donation_id as donation1_2_0_, donations0_.donation_id as donation1_2_1_, donations0_.created as created2_2_1_, donations0_.updated as updated3_2_1_, donations0_.version as version4_2_1_, donations0_.bank_id as bank_id8_2_1_, donations0_.blood_group as blood_gr5_2_1_, donations0_.rhd as rhd6_2_1_, donations0_.milliliters as millilit7_2_1_ from blood_donation donations0_ where donations0_.bank_id=?
2021-11-21T23:53:24,727|[TRACE] MetadataContext - Wrapping up metadata context...
2021-11-21T23:53:24,727|[TRACE] MetadataContext - Starting mapped superclass [bloodbank.entity.PojoBaseCompositeKey]
2021-11-21T23:53:24,727|[TRACE] AttributeFactory - Building version attribute [ownerType.getTypeName().property.getName()]
2021-11-21T23:53:24,727|[TRACE] AttributeFactory - Starting attribute metadata determination [version]
2021-11-21T23:53:24,727|[TRACE] AttributeFactory -     Determined member [protected int bloodbank.entity.PojoBaseCompositeKey.version]
2021-11-21T23:53:24,727|[TRACE] AttributeFactory -     Determined type [name=integer, class=org.hibernate.type.IntegerType]
2021-11-21T23:53:24,727|[TRACE] AttributeFactory - Building attribute [bloodbank.entity.PojoBaseCompositeKey.epochCreated]
2021-11-21T23:53:24,727|[TRACE] AttributeFactory - Starting attribute metadata determination [epochCreated]
2021-11-21T23:53:24,728|[TRACE] AttributeFactory -     Determined member [protected long bloodbank.entity.PojoBaseCompositeKey.epochCreated]
2021-11-21T23:53:24,728|[TRACE] AttributeFactory -     Determined type [name=long, class=org.hibernate.type.LongType]
2021-11-21T23:53:24,728|[TRACE] AttributeFactory - Building attribute [bloodbank.entity.PojoBaseCompositeKey.epochUpdated]
2021-11-21T23:53:24,728|[TRACE] AttributeFactory - Starting attribute metadata determination [epochUpdated]
2021-11-21T23:53:24,728|[TRACE] AttributeFactory -     Determined member [protected long bloodbank.entity.PojoBaseCompositeKey.epochUpdated]
2021-11-21T23:53:24,728|[TRACE] AttributeFactory -     Determined type [name=long, class=org.hibernate.type.LongType]
2021-11-21T23:53:24,728|[TRACE] MetadataContext - Completed mapped superclass [bloodbank.entity.PojoBaseCompositeKey]
2021-11-21T23:53:24,728|[TRACE] MetadataContext - Starting entity [bloodbank.entity.Contact]
2021-11-21T23:53:24,728|[TRACE] AttributeFactory - Building identifier attribute [Contact.id]
2021-11-21T23:53:24,728|[TRACE] AttributeFactory - Starting attribute metadata determination [id]
2021-11-21T23:53:24,728|[TRACE] AttributeFactory -     Determined member [private bloodbank.entity.ContactPK bloodbank.entity.Contact.id]
2021-11-21T23:53:24,728|[TRACE] AttributeFactory -     Determined type [name=component[personId,phoneId], class=org.hibernate.type.ComponentType]
2021-11-21T23:53:24,728|[TRACE] AttributeFactory - Building attribute [unknown.personId]
2021-11-21T23:53:24,728|[TRACE] AttributeFactory - Starting attribute metadata determination [personId]
2021-11-21T23:53:24,728|[TRACE] AttributeFactory -     Determined member [private int bloodbank.entity.ContactPK.personId]
2021-11-21T23:53:24,728|[TRACE] AttributeFactory -     Determined type [name=integer, class=org.hibernate.type.IntegerType]
2021-11-21T23:53:24,728|[TRACE] AttributeFactory - Building attribute [unknown.phoneId]
2021-11-21T23:53:24,728|[TRACE] AttributeFactory - Starting attribute metadata determination [phoneId]
2021-11-21T23:53:24,728|[TRACE] AttributeFactory -     Determined member [private int bloodbank.entity.ContactPK.phoneId]
2021-11-21T23:53:24,728|[TRACE] AttributeFactory -     Determined type [name=integer, class=org.hibernate.type.IntegerType]
2021-11-21T23:53:24,728|[TRACE] AttributeFactory - Building attribute [Contact.address]
2021-11-21T23:53:24,728|[TRACE] AttributeFactory - Starting attribute metadata determination [address]
2021-11-21T23:53:24,728|[TRACE] AttributeFactory -     Determined member [private bloodbank.entity.Address bloodbank.entity.Contact.address]
2021-11-21T23:53:24,728|[TRACE] AttributeFactory -     Determined type [name=bloodbank.entity.Address, class=org.hibernate.type.ManyToOneType]
2021-11-21T23:53:24,728|[TRACE] AttributeFactory - Building attribute [Contact.contactType]
2021-11-21T23:53:24,728|[TRACE] AttributeFactory - Starting attribute metadata determination [contactType]
2021-11-21T23:53:24,728|[TRACE] AttributeFactory -     Determined member [private java.lang.String bloodbank.entity.Contact.contactType]
2021-11-21T23:53:24,728|[TRACE] AttributeFactory -     Determined type [name=string, class=org.hibernate.type.StringType]
2021-11-21T23:53:24,728|[TRACE] AttributeFactory - Building attribute [Contact.email]
2021-11-21T23:53:24,728|[TRACE] AttributeFactory - Starting attribute metadata determination [email]
2021-11-21T23:53:24,728|[TRACE] AttributeFactory -     Determined member [private java.lang.String bloodbank.entity.Contact.email]
2021-11-21T23:53:24,728|[TRACE] AttributeFactory -     Determined type [name=string, class=org.hibernate.type.StringType]
2021-11-21T23:53:24,728|[TRACE] AttributeFactory - Building attribute [Contact.owner]
2021-11-21T23:53:24,728|[TRACE] AttributeFactory - Starting attribute metadata determination [owner]
2021-11-21T23:53:24,728|[TRACE] AttributeFactory -     Determined member [private bloodbank.entity.Person bloodbank.entity.Contact.owner]
2021-11-21T23:53:24,728|[TRACE] AttributeFactory -     Determined type [name=bloodbank.entity.Person, class=org.hibernate.type.ManyToOneType]
2021-11-21T23:53:24,728|[TRACE] AttributeFactory - Building attribute [Contact.phone]
2021-11-21T23:53:24,728|[TRACE] AttributeFactory - Starting attribute metadata determination [phone]
2021-11-21T23:53:24,728|[TRACE] AttributeFactory -     Determined member [private bloodbank.entity.Phone bloodbank.entity.Contact.phone]
2021-11-21T23:53:24,728|[TRACE] AttributeFactory -     Determined type [name=bloodbank.entity.Phone, class=org.hibernate.type.ManyToOneType]
2021-11-21T23:53:24,728|[TRACE] MetadataContext - Completed entity [bloodbank.entity.Contact]
2021-11-21T23:53:24,728|[TRACE] MetadataContext - Starting mapped superclass [bloodbank.entity.PojoBase]
2021-11-21T23:53:24,728|[TRACE] AttributeFactory - Building identifier attribute [bloodbank.entity.PojoBase.id]
2021-11-21T23:53:24,730|[TRACE] AttributeFactory - Starting attribute metadata determination [id]
2021-11-21T23:53:24,730|[TRACE] AttributeFactory -     Determined member [protected int bloodbank.entity.PojoBase.id]
2021-11-21T23:53:24,730|[TRACE] AttributeFactory -     Determined type [name=integer, class=org.hibernate.type.IntegerType]
2021-11-21T23:53:24,730|[TRACE] AttributeFactory - Building version attribute [ownerType.getTypeName().property.getName()]
2021-11-21T23:53:24,730|[TRACE] AttributeFactory - Starting attribute metadata determination [version]
2021-11-21T23:53:24,730|[TRACE] AttributeFactory -     Determined member [protected int bloodbank.entity.PojoBase.version]
2021-11-21T23:53:24,730|[TRACE] AttributeFactory -     Determined type [name=integer, class=org.hibernate.type.IntegerType]
2021-11-21T23:53:24,730|[TRACE] AttributeFactory - Building attribute [bloodbank.entity.PojoBase.epochCreated]
2021-11-21T23:53:24,730|[TRACE] AttributeFactory - Starting attribute metadata determination [epochCreated]
2021-11-21T23:53:24,730|[TRACE] AttributeFactory -     Determined member [protected long bloodbank.entity.PojoBase.epochCreated]
2021-11-21T23:53:24,730|[TRACE] AttributeFactory -     Determined type [name=long, class=org.hibernate.type.LongType]
2021-11-21T23:53:24,730|[TRACE] AttributeFactory - Building attribute [bloodbank.entity.PojoBase.epochUpdated]
2021-11-21T23:53:24,730|[TRACE] AttributeFactory - Starting attribute metadata determination [epochUpdated]
2021-11-21T23:53:24,730|[TRACE] AttributeFactory -     Determined member [protected long bloodbank.entity.PojoBase.epochUpdated]
2021-11-21T23:53:24,730|[TRACE] AttributeFactory -     Determined type [name=long, class=org.hibernate.type.LongType]
2021-11-21T23:53:24,730|[TRACE] AttributeFactory - Building attribute [bloodbank.entity.PojoBase.version]
2021-11-21T23:53:24,730|[TRACE] AttributeFactory - Starting attribute metadata determination [version]
2021-11-21T23:53:24,730|[TRACE] AttributeFactory -     Determined member [protected int bloodbank.entity.PojoBase.version]
2021-11-21T23:53:24,730|[TRACE] AttributeFactory -     Determined type [name=integer, class=org.hibernate.type.IntegerType]
2021-11-21T23:53:24,730|[TRACE] MetadataContext - Completed mapped superclass [bloodbank.entity.PojoBase]
2021-11-21T23:53:24,730|[TRACE] MetadataContext - Starting entity [bloodbank.entity.Phone]
2021-11-21T23:53:24,730|[TRACE] AttributeFactory - Building attribute [Phone.areaCode]
2021-11-21T23:53:24,730|[TRACE] AttributeFactory - Starting attribute metadata determination [areaCode]
2021-11-21T23:53:24,730|[TRACE] AttributeFactory -     Determined member [private java.lang.String bloodbank.entity.Phone.areaCode]
2021-11-21T23:53:24,730|[TRACE] AttributeFactory -     Determined type [name=string, class=org.hibernate.type.StringType]
2021-11-21T23:53:24,730|[TRACE] AttributeFactory - Building attribute [Phone.contacts]
2021-11-21T23:53:24,730|[TRACE] AttributeFactory - Starting attribute metadata determination [contacts]
2021-11-21T23:53:24,730|[TRACE] AttributeFactory -     Determined member [private java.util.Set bloodbank.entity.Phone.contacts]
2021-11-21T23:53:24,730|[TRACE] AttributeFactory -     Determined type [name=java.util.Set(bloodbank.entity.Phone.contacts), class=org.hibernate.type.SetType]
2021-11-21T23:53:24,730|[TRACE] AttributeFactory - Building attribute [Phone.countryCode]
2021-11-21T23:53:24,730|[TRACE] AttributeFactory - Starting attribute metadata determination [countryCode]
2021-11-21T23:53:24,730|[TRACE] AttributeFactory -     Determined member [private java.lang.String bloodbank.entity.Phone.countryCode]
2021-11-21T23:53:24,730|[TRACE] AttributeFactory -     Determined type [name=string, class=org.hibernate.type.StringType]
2021-11-21T23:53:24,730|[TRACE] AttributeFactory - Building attribute [Phone.number]
2021-11-21T23:53:24,730|[TRACE] AttributeFactory - Starting attribute metadata determination [number]
2021-11-21T23:53:24,730|[TRACE] AttributeFactory -     Determined member [private java.lang.String bloodbank.entity.Phone.number]
2021-11-21T23:53:24,730|[TRACE] AttributeFactory -     Determined type [name=string, class=org.hibernate.type.StringType]
2021-11-21T23:53:24,730|[TRACE] MetadataContext - Completed entity [bloodbank.entity.Phone]
2021-11-21T23:53:24,730|[TRACE] MetadataContext - Starting entity [bloodbank.entity.BloodDonation]
2021-11-21T23:53:24,730|[TRACE] AttributeFactory - Building attribute [BloodDonation.bank]
2021-11-21T23:53:24,730|[TRACE] AttributeFactory - Starting attribute metadata determination [bank]
2021-11-21T23:53:24,730|[TRACE] AttributeFactory -     Determined member [private bloodbank.entity.BloodBank bloodbank.entity.BloodDonation.bank]
2021-11-21T23:53:24,730|[TRACE] AttributeFactory -     Determined type [name=bloodbank.entity.BloodBank, class=org.hibernate.type.ManyToOneType]
2021-11-21T23:53:24,730|[TRACE] AttributeFactory - Building attribute [BloodDonation.bloodType]
2021-11-21T23:53:24,730|[TRACE] AttributeFactory - Starting attribute metadata determination [bloodType]
2021-11-21T23:53:24,730|[TRACE] AttributeFactory -     Determined member [private bloodbank.entity.BloodType bloodbank.entity.BloodDonation.bloodType]
2021-11-21T23:53:24,730|[TRACE] AttributeFactory -     Determined type [name=component[bloodGroup,rhd], class=org.hibernate.type.ComponentType]
2021-11-21T23:53:24,730|[TRACE] AttributeFactory - Building attribute [unknown.bloodGroup]
2021-11-21T23:53:24,730|[TRACE] AttributeFactory - Starting attribute metadata determination [bloodGroup]
2021-11-21T23:53:24,730|[TRACE] AttributeFactory -     Determined member [private java.lang.String bloodbank.entity.BloodType.bloodGroup]
2021-11-21T23:53:24,730|[TRACE] AttributeFactory -     Determined type [name=string, class=org.hibernate.type.StringType]
2021-11-21T23:53:24,730|[TRACE] AttributeFactory - Building attribute [unknown.rhd]
2021-11-21T23:53:24,730|[TRACE] AttributeFactory - Starting attribute metadata determination [rhd]
2021-11-21T23:53:24,730|[TRACE] AttributeFactory -     Determined member [private byte bloodbank.entity.BloodType.rhd]
2021-11-21T23:53:24,730|[TRACE] AttributeFactory -     Determined type [name=byte, class=org.hibernate.type.ByteType]
2021-11-21T23:53:24,730|[TRACE] AttributeFactory - Building attribute [BloodDonation.milliliters]
2021-11-21T23:53:24,730|[TRACE] AttributeFactory - Starting attribute metadata determination [milliliters]
2021-11-21T23:53:24,730|[TRACE] AttributeFactory -     Determined member [private int bloodbank.entity.BloodDonation.milliliters]
2021-11-21T23:53:24,730|[TRACE] AttributeFactory -     Determined type [name=integer, class=org.hibernate.type.IntegerType]
2021-11-21T23:53:24,730|[TRACE] AttributeFactory - Building attribute [BloodDonation.record]
2021-11-21T23:53:24,730|[TRACE] AttributeFactory - Starting attribute metadata determination [record]
2021-11-21T23:53:24,730|[TRACE] AttributeFactory -     Determined member [private bloodbank.entity.DonationRecord bloodbank.entity.BloodDonation.record]
2021-11-21T23:53:24,730|[TRACE] AttributeFactory -     Determined type [name=bloodbank.entity.DonationRecord, class=org.hibernate.type.OneToOneType]
2021-11-21T23:53:24,730|[TRACE] MetadataContext - Completed entity [bloodbank.entity.BloodDonation]
2021-11-21T23:53:24,730|[TRACE] MetadataContext - Starting entity [bloodbank.entity.BloodBank]
2021-11-21T23:53:24,730|[TRACE] AttributeFactory - Building attribute [BloodBank.donations]
2021-11-21T23:53:24,730|[TRACE] AttributeFactory - Starting attribute metadata determination [donations]
2021-11-21T23:53:24,730|[TRACE] AttributeFactory -     Determined member [private java.util.Set bloodbank.entity.BloodBank.donations]
2021-11-21T23:53:24,730|[TRACE] AttributeFactory -     Determined type [name=java.util.Set(bloodbank.entity.BloodBank.donations), class=org.hibernate.type.SetType]
2021-11-21T23:53:24,730|[TRACE] AttributeFactory - Building attribute [BloodBank.name]
2021-11-21T23:53:24,730|[TRACE] AttributeFactory - Starting attribute metadata determination [name]
2021-11-21T23:53:24,730|[TRACE] AttributeFactory -     Determined member [private java.lang.String bloodbank.entity.BloodBank.name]
2021-11-21T23:53:24,730|[TRACE] AttributeFactory -     Determined type [name=string, class=org.hibernate.type.StringType]
2021-11-21T23:53:24,730|[TRACE] MetadataContext - Completed entity [bloodbank.entity.BloodBank]
2021-11-21T23:53:24,730|[TRACE] MetadataContext - Starting entity [bloodbank.entity.PrivateBloodBank]
2021-11-21T23:53:24,731|[TRACE] MetadataContext - Completed entity [bloodbank.entity.PrivateBloodBank]
2021-11-21T23:53:24,731|[TRACE] MetadataContext - Starting entity [bloodbank.entity.DonationRecord]
2021-11-21T23:53:24,731|[TRACE] AttributeFactory - Building attribute [DonationRecord.donation]
2021-11-21T23:53:24,731|[TRACE] AttributeFactory - Starting attribute metadata determination [donation]
2021-11-21T23:53:24,731|[TRACE] AttributeFactory -     Determined member [private bloodbank.entity.BloodDonation bloodbank.entity.DonationRecord.donation]
2021-11-21T23:53:24,731|[TRACE] AttributeFactory -     Determined type [name=bloodbank.entity.BloodDonation, class=org.hibernate.type.ManyToOneType]
2021-11-21T23:53:24,731|[TRACE] AttributeFactory - Building attribute [DonationRecord.owner]
2021-11-21T23:53:24,731|[TRACE] AttributeFactory - Starting attribute metadata determination [owner]
2021-11-21T23:53:24,731|[TRACE] AttributeFactory -     Determined member [private bloodbank.entity.Person bloodbank.entity.DonationRecord.owner]
2021-11-21T23:53:24,731|[TRACE] AttributeFactory -     Determined type [name=bloodbank.entity.Person, class=org.hibernate.type.ManyToOneType]
2021-11-21T23:53:24,731|[TRACE] AttributeFactory - Building attribute [DonationRecord.tested]
2021-11-21T23:53:24,731|[TRACE] AttributeFactory - Starting attribute metadata determination [tested]
2021-11-21T23:53:24,731|[TRACE] AttributeFactory -     Determined member [private byte bloodbank.entity.DonationRecord.tested]
2021-11-21T23:53:24,731|[TRACE] AttributeFactory -     Determined type [name=byte, class=org.hibernate.type.ByteType]
2021-11-21T23:53:24,731|[TRACE] MetadataContext - Completed entity [bloodbank.entity.DonationRecord]
2021-11-21T23:53:24,731|[TRACE] MetadataContext - Starting entity [bloodbank.entity.Address]
2021-11-21T23:53:24,731|[TRACE] AttributeFactory - Building attribute [Address.city]
2021-11-21T23:53:24,731|[TRACE] AttributeFactory - Starting attribute metadata determination [city]
2021-11-21T23:53:24,731|[TRACE] AttributeFactory -     Determined member [private java.lang.String bloodbank.entity.Address.city]
2021-11-21T23:53:24,731|[TRACE] AttributeFactory -     Determined type [name=string, class=org.hibernate.type.StringType]
2021-11-21T23:53:24,731|[TRACE] AttributeFactory - Building attribute [Address.contacts]
2021-11-21T23:53:24,731|[TRACE] AttributeFactory - Starting attribute metadata determination [contacts]
2021-11-21T23:53:24,731|[TRACE] AttributeFactory -     Determined member [private java.util.Set bloodbank.entity.Address.contacts]
2021-11-21T23:53:24,731|[TRACE] AttributeFactory -     Determined type [name=java.util.Set(bloodbank.entity.Address.contacts), class=org.hibernate.type.SetType]
2021-11-21T23:53:24,731|[TRACE] AttributeFactory - Building attribute [Address.country]
2021-11-21T23:53:24,731|[TRACE] AttributeFactory - Starting attribute metadata determination [country]
2021-11-21T23:53:24,731|[TRACE] AttributeFactory -     Determined member [private java.lang.String bloodbank.entity.Address.country]
2021-11-21T23:53:24,731|[TRACE] AttributeFactory -     Determined type [name=string, class=org.hibernate.type.StringType]
2021-11-21T23:53:24,731|[TRACE] AttributeFactory - Building attribute [Address.province]
2021-11-21T23:53:24,731|[TRACE] AttributeFactory - Starting attribute metadata determination [province]
2021-11-21T23:53:24,731|[TRACE] AttributeFactory -     Determined member [private java.lang.String bloodbank.entity.Address.province]
2021-11-21T23:53:24,731|[TRACE] AttributeFactory -     Determined type [name=string, class=org.hibernate.type.StringType]
2021-11-21T23:53:24,731|[TRACE] AttributeFactory - Building attribute [Address.street]
2021-11-21T23:53:24,731|[TRACE] AttributeFactory - Starting attribute metadata determination [street]
2021-11-21T23:53:24,731|[TRACE] AttributeFactory -     Determined member [private java.lang.String bloodbank.entity.Address.street]
2021-11-21T23:53:24,731|[TRACE] AttributeFactory -     Determined type [name=string, class=org.hibernate.type.StringType]
2021-11-21T23:53:24,731|[TRACE] AttributeFactory - Building attribute [Address.streetNumber]
2021-11-21T23:53:24,731|[TRACE] AttributeFactory - Starting attribute metadata determination [streetNumber]
2021-11-21T23:53:24,731|[TRACE] AttributeFactory -     Determined member [private java.lang.String bloodbank.entity.Address.streetNumber]
2021-11-21T23:53:24,731|[TRACE] AttributeFactory -     Determined type [name=string, class=org.hibernate.type.StringType]
2021-11-21T23:53:24,731|[TRACE] AttributeFactory - Building attribute [Address.zipcode]
2021-11-21T23:53:24,731|[TRACE] AttributeFactory - Starting attribute metadata determination [zipcode]
2021-11-21T23:53:24,731|[TRACE] AttributeFactory -     Determined member [private java.lang.String bloodbank.entity.Address.zipcode]
2021-11-21T23:53:24,731|[TRACE] AttributeFactory -     Determined type [name=string, class=org.hibernate.type.StringType]
2021-11-21T23:53:24,731|[TRACE] MetadataContext - Completed entity [bloodbank.entity.Address]
2021-11-21T23:53:24,731|[TRACE] MetadataContext - Starting entity [bloodbank.entity.Person]
2021-11-21T23:53:24,731|[TRACE] AttributeFactory - Building attribute [Person.contacts]
2021-11-21T23:53:24,731|[TRACE] AttributeFactory - Starting attribute metadata determination [contacts]
2021-11-21T23:53:24,731|[TRACE] AttributeFactory -     Determined member [private java.util.Set bloodbank.entity.Person.contacts]
2021-11-21T23:53:24,731|[TRACE] AttributeFactory -     Determined type [name=java.util.Set(bloodbank.entity.Person.contacts), class=org.hibernate.type.SetType]
2021-11-21T23:53:24,731|[TRACE] AttributeFactory - Building attribute [Person.donations]
2021-11-21T23:53:24,731|[TRACE] AttributeFactory - Starting attribute metadata determination [donations]
2021-11-21T23:53:24,731|[TRACE] AttributeFactory -     Determined member [private java.util.Set bloodbank.entity.Person.donations]
2021-11-21T23:53:24,731|[TRACE] AttributeFactory -     Determined type [name=java.util.Set(bloodbank.entity.Person.donations), class=org.hibernate.type.SetType]
2021-11-21T23:53:24,731|[TRACE] AttributeFactory - Building attribute [Person.firstName]
2021-11-21T23:53:24,731|[TRACE] AttributeFactory - Starting attribute metadata determination [firstName]
2021-11-21T23:53:24,731|[TRACE] AttributeFactory -     Determined member [private java.lang.String bloodbank.entity.Person.firstName]
2021-11-21T23:53:24,731|[TRACE] AttributeFactory -     Determined type [name=string, class=org.hibernate.type.StringType]
2021-11-21T23:53:24,731|[TRACE] AttributeFactory - Building attribute [Person.lastName]
2021-11-21T23:53:24,731|[TRACE] AttributeFactory - Starting attribute metadata determination [lastName]
2021-11-21T23:53:24,731|[TRACE] AttributeFactory -     Determined member [private java.lang.String bloodbank.entity.Person.lastName]
2021-11-21T23:53:24,731|[TRACE] AttributeFactory -     Determined type [name=string, class=org.hibernate.type.StringType]
2021-11-21T23:53:24,731|[TRACE] MetadataContext - Completed entity [bloodbank.entity.Person]
2021-11-21T23:53:24,731|[TRACE] MetadataContext - Starting entity [bloodbank.entity.PublicBloodBank]
2021-11-21T23:53:24,731|[TRACE] MetadataContext - Completed entity [bloodbank.entity.PublicBloodBank]
2021-11-21T23:53:24,731|[TRACE] AbstractServiceRegistryImpl - Initializing service [role=org.hibernate.tool.schema.spi.SchemaManagementTool]
2021-11-21T23:53:24,731|[DEBUG] Helper - Attempting to resolve script source setting : META-INF/sql/bloodbank-drop.sql
2021-11-21T23:53:24,731|[TRACE] Helper - Trying as URL...
2021-11-21T23:53:24,731|[TRACE] AbstractServiceRegistryImpl - Initializing service [role=org.hibernate.tool.hbm2ddl.ImportSqlCommandExtractor]
2021-11-21T23:53:24,731|[INFO ] SchemaCreatorImpl - HHH000476: Executing import script 'file:/C:/Users/Herman/Desktop/School/Level%204/Jave%20Enterprise%20Application/Assignment_3/BloodBank-JPA-Mapping-JUnit-Skeleton/target/classes/META-INF/sql/bloodbank-drop.sql'
2021-11-21T23:53:24,732|[TRACE] graph - -> script
2021-11-21T23:53:24,732|[TRACE] graph - ---> blankSpacesToSkip
2021-11-21T23:53:24,732|[TRACE] graph - <--- blankSpacesToSkip
2021-11-21T23:53:24,732|[TRACE] graph - ---> statement
2021-11-21T23:53:24,732|[TRACE] graph - -----> statementFirstPart
2021-11-21T23:53:24,732|[TRACE] graph - -------> nonSkippedChar
2021-11-21T23:53:24,732|[TRACE] script - #out(`D`) [token]
2021-11-21T23:53:24,732|[TRACE] graph - <------- nonSkippedChar
2021-11-21T23:53:24,732|[TRACE] graph - <----- statementFirstPart
2021-11-21T23:53:24,732|[TRACE] graph - -----> statementPart
2021-11-21T23:53:24,732|[TRACE] graph - -------> nonSkippedChar
2021-11-21T23:53:24,732|[TRACE] script - #out(`R`) [token]
2021-11-21T23:53:24,732|[TRACE] graph - <------- nonSkippedChar
2021-11-21T23:53:24,732|[TRACE] graph - <----- statementPart
2021-11-21T23:53:24,732|[TRACE] graph - -----> statementPart
2021-11-21T23:53:24,732|[TRACE] graph - -------> nonSkippedChar
2021-11-21T23:53:24,732|[TRACE] script - #out(`O`) [token]
2021-11-21T23:53:24,732|[TRACE] graph - <------- nonSkippedChar
2021-11-21T23:53:24,732|[TRACE] graph - <----- statementPart
2021-11-21T23:53:24,732|[TRACE] graph - -----> statementPart
2021-11-21T23:53:24,732|[TRACE] graph - -------> nonSkippedChar
2021-11-21T23:53:24,732|[TRACE] script - #out(`P`) [token]
2021-11-21T23:53:24,732|[TRACE] graph - <------- nonSkippedChar
2021-11-21T23:53:24,732|[TRACE] graph - <----- statementPart
2021-11-21T23:53:24,732|[TRACE] graph - -----> statementPart
2021-11-21T23:53:24,732|[TRACE] graph - -------> nonSkippedSpace
2021-11-21T23:53:24,732|[TRACE] script - #out(` `) [token]
2021-11-21T23:53:24,732|[TRACE] graph - <------- nonSkippedSpace
2021-11-21T23:53:24,732|[TRACE] graph - <----- statementPart
2021-11-21T23:53:24,732|[TRACE] graph - -----> statementPart
2021-11-21T23:53:24,732|[TRACE] graph - -------> nonSkippedChar
2021-11-21T23:53:24,732|[TRACE] script - #out(`S`) [token]
2021-11-21T23:53:24,732|[TRACE] graph - <------- nonSkippedChar
2021-11-21T23:53:24,732|[TRACE] graph - <----- statementPart
2021-11-21T23:53:24,732|[TRACE] graph - -----> statementPart
2021-11-21T23:53:24,732|[TRACE] graph - -------> nonSkippedChar
2021-11-21T23:53:24,732|[TRACE] script - #out(`C`) [token]
2021-11-21T23:53:24,732|[TRACE] graph - <------- nonSkippedChar
2021-11-21T23:53:24,732|[TRACE] graph - <----- statementPart
2021-11-21T23:53:24,732|[TRACE] graph - -----> statementPart
2021-11-21T23:53:24,732|[TRACE] graph - -------> nonSkippedChar
2021-11-21T23:53:24,732|[TRACE] script - #out(`H`) [token]
2021-11-21T23:53:24,732|[TRACE] graph - <------- nonSkippedChar
2021-11-21T23:53:24,732|[TRACE] graph - <----- statementPart
2021-11-21T23:53:24,732|[TRACE] graph - -----> statementPart
2021-11-21T23:53:24,732|[TRACE] graph - -------> nonSkippedChar
2021-11-21T23:53:24,732|[TRACE] script - #out(`E`) [token]
2021-11-21T23:53:24,732|[TRACE] graph - <------- nonSkippedChar
2021-11-21T23:53:24,732|[TRACE] graph - <----- statementPart
2021-11-21T23:53:24,732|[TRACE] graph - -----> statementPart
2021-11-21T23:53:24,732|[TRACE] graph - -------> nonSkippedChar
2021-11-21T23:53:24,732|[TRACE] script - #out(`M`) [token]
2021-11-21T23:53:24,732|[TRACE] graph - <------- nonSkippedChar
2021-11-21T23:53:24,732|[TRACE] graph - <----- statementPart
2021-11-21T23:53:24,732|[TRACE] graph - -----> statementPart
2021-11-21T23:53:24,732|[TRACE] graph - -------> nonSkippedChar
2021-11-21T23:53:24,732|[TRACE] script - #out(`A`) [token]
2021-11-21T23:53:24,732|[TRACE] graph - <------- nonSkippedChar
2021-11-21T23:53:24,732|[TRACE] graph - <----- statementPart
2021-11-21T23:53:24,732|[TRACE] graph - -----> statementPart
2021-11-21T23:53:24,732|[TRACE] graph - -------> nonSkippedSpace
2021-11-21T23:53:24,732|[TRACE] script - #out(` `) [token]
2021-11-21T23:53:24,732|[TRACE] graph - <------- nonSkippedSpace
2021-11-21T23:53:24,732|[TRACE] graph - <----- statementPart
2021-11-21T23:53:24,732|[TRACE] graph - -----> statementPart
2021-11-21T23:53:24,732|[TRACE] graph - -------> nonSkippedChar
2021-11-21T23:53:24,732|[TRACE] script - #out(`I`) [token]
2021-11-21T23:53:24,732|[TRACE] graph - <------- nonSkippedChar
2021-11-21T23:53:24,732|[TRACE] graph - <----- statementPart
2021-11-21T23:53:24,732|[TRACE] graph - -----> statementPart
2021-11-21T23:53:24,732|[TRACE] graph - -------> nonSkippedChar
2021-11-21T23:53:24,732|[TRACE] script - #out(`F`) [token]
2021-11-21T23:53:24,732|[TRACE] graph - <------- nonSkippedChar
2021-11-21T23:53:24,732|[TRACE] graph - <----- statementPart
2021-11-21T23:53:24,732|[TRACE] graph - -----> statementPart
2021-11-21T23:53:24,732|[TRACE] graph - -------> nonSkippedSpace
2021-11-21T23:53:24,732|[TRACE] script - #out(` `) [token]
2021-11-21T23:53:24,732|[TRACE] graph - <------- nonSkippedSpace
2021-11-21T23:53:24,732|[TRACE] graph - <----- statementPart
2021-11-21T23:53:24,732|[TRACE] graph - -----> statementPart
2021-11-21T23:53:24,732|[TRACE] graph - -------> nonSkippedChar
2021-11-21T23:53:24,732|[TRACE] script - #out(`E`) [token]
2021-11-21T23:53:24,732|[TRACE] graph - <------- nonSkippedChar
2021-11-21T23:53:24,732|[TRACE] graph - <----- statementPart
2021-11-21T23:53:24,732|[TRACE] graph - -----> statementPart
2021-11-21T23:53:24,732|[TRACE] graph - -------> nonSkippedChar
2021-11-21T23:53:24,732|[TRACE] script - #out(`X`) [token]
2021-11-21T23:53:24,732|[TRACE] graph - <------- nonSkippedChar
2021-11-21T23:53:24,732|[TRACE] graph - <----- statementPart
2021-11-21T23:53:24,732|[TRACE] graph - -----> statementPart
2021-11-21T23:53:24,732|[TRACE] graph - -------> nonSkippedChar
2021-11-21T23:53:24,732|[TRACE] script - #out(`I`) [token]
2021-11-21T23:53:24,732|[TRACE] graph - <------- nonSkippedChar
2021-11-21T23:53:24,732|[TRACE] graph - <----- statementPart
2021-11-21T23:53:24,732|[TRACE] graph - -----> statementPart
2021-11-21T23:53:24,732|[TRACE] graph - -------> nonSkippedChar
2021-11-21T23:53:24,732|[TRACE] script - #out(`S`) [token]
2021-11-21T23:53:24,732|[TRACE] graph - <------- nonSkippedChar
2021-11-21T23:53:24,732|[TRACE] graph - <----- statementPart
2021-11-21T23:53:24,732|[TRACE] graph - -----> statementPart
2021-11-21T23:53:24,733|[TRACE] graph - -------> nonSkippedChar
2021-11-21T23:53:24,733|[TRACE] script - #out(`T`) [token]
2021-11-21T23:53:24,733|[TRACE] graph - <------- nonSkippedChar
2021-11-21T23:53:24,733|[TRACE] graph - <----- statementPart
2021-11-21T23:53:24,733|[TRACE] graph - -----> statementPart
2021-11-21T23:53:24,733|[TRACE] graph - -------> nonSkippedChar
2021-11-21T23:53:24,733|[TRACE] script - #out(`S`) [token]
2021-11-21T23:53:24,733|[TRACE] graph - <------- nonSkippedChar
2021-11-21T23:53:24,733|[TRACE] graph - <----- statementPart
2021-11-21T23:53:24,733|[TRACE] graph - -----> statementPart
2021-11-21T23:53:24,733|[TRACE] graph - -------> nonSkippedSpace
2021-11-21T23:53:24,733|[TRACE] script - #out(` `) [token]
2021-11-21T23:53:24,733|[TRACE] graph - <------- nonSkippedSpace
2021-11-21T23:53:24,733|[TRACE] graph - <----- statementPart
2021-11-21T23:53:24,733|[TRACE] graph - -----> statementPart
2021-11-21T23:53:24,733|[TRACE] graph - -------> nonSkippedChar
2021-11-21T23:53:24,733|[TRACE] script - #out(`b`) [token]
2021-11-21T23:53:24,733|[TRACE] graph - <------- nonSkippedChar
2021-11-21T23:53:24,733|[TRACE] graph - <----- statementPart
2021-11-21T23:53:24,733|[TRACE] graph - -----> statementPart
2021-11-21T23:53:24,733|[TRACE] graph - -------> nonSkippedChar
2021-11-21T23:53:24,733|[TRACE] script - #out(`l`) [token]
2021-11-21T23:53:24,733|[TRACE] graph - <------- nonSkippedChar
2021-11-21T23:53:24,733|[TRACE] graph - <----- statementPart
2021-11-21T23:53:24,733|[TRACE] graph - -----> statementPart
2021-11-21T23:53:24,733|[TRACE] graph - -------> nonSkippedChar
2021-11-21T23:53:24,733|[TRACE] script - #out(`o`) [token]
2021-11-21T23:53:24,733|[TRACE] graph - <------- nonSkippedChar
2021-11-21T23:53:24,733|[TRACE] graph - <----- statementPart
2021-11-21T23:53:24,733|[TRACE] graph - -----> statementPart
2021-11-21T23:53:24,733|[TRACE] graph - -------> nonSkippedChar
2021-11-21T23:53:24,733|[TRACE] script - #out(`o`) [token]
2021-11-21T23:53:24,733|[TRACE] graph - <------- nonSkippedChar
2021-11-21T23:53:24,733|[TRACE] graph - <----- statementPart
2021-11-21T23:53:24,733|[TRACE] graph - -----> statementPart
2021-11-21T23:53:24,733|[TRACE] graph - -------> nonSkippedChar
2021-11-21T23:53:24,733|[TRACE] script - #out(`d`) [token]
2021-11-21T23:53:24,733|[TRACE] graph - <------- nonSkippedChar
2021-11-21T23:53:24,733|[TRACE] graph - <----- statementPart
2021-11-21T23:53:24,733|[TRACE] graph - -----> statementPart
2021-11-21T23:53:24,733|[TRACE] graph - -------> nonSkippedChar
2021-11-21T23:53:24,733|[TRACE] script - #out(`b`) [token]
2021-11-21T23:53:24,733|[TRACE] graph - <------- nonSkippedChar
2021-11-21T23:53:24,733|[TRACE] graph - <----- statementPart
2021-11-21T23:53:24,733|[TRACE] graph - -----> statementPart
2021-11-21T23:53:24,733|[TRACE] graph - -------> nonSkippedChar
2021-11-21T23:53:24,733|[TRACE] script - #out(`a`) [token]
2021-11-21T23:53:24,733|[TRACE] graph - <------- nonSkippedChar
2021-11-21T23:53:24,733|[TRACE] graph - <----- statementPart
2021-11-21T23:53:24,733|[TRACE] graph - -----> statementPart
2021-11-21T23:53:24,733|[TRACE] graph - -------> nonSkippedChar
2021-11-21T23:53:24,733|[TRACE] script - #out(`n`) [token]
2021-11-21T23:53:24,733|[TRACE] graph - <------- nonSkippedChar
2021-11-21T23:53:24,733|[TRACE] graph - <----- statementPart
2021-11-21T23:53:24,733|[TRACE] graph - -----> statementPart
2021-11-21T23:53:24,733|[TRACE] graph - -------> nonSkippedChar
2021-11-21T23:53:24,733|[TRACE] script - #out(`k`) [token]
2021-11-21T23:53:24,733|[TRACE] graph - <------- nonSkippedChar
2021-11-21T23:53:24,733|[TRACE] graph - <----- statementPart
2021-11-21T23:53:24,733|[DEBUG] graph - Import statement : DROP SCHEMA IF EXISTS bloodbank
2021-11-21T23:53:24,733|[TRACE] graph - <--- statement
2021-11-21T23:53:24,733|[TRACE] graph - ---> blankSpacesToSkip
2021-11-21T23:53:24,733|[TRACE] graph - -----> newLineToSkip
2021-11-21T23:53:24,733|[TRACE] graph - <----- newLineToSkip
2021-11-21T23:53:24,733|[TRACE] graph - <--- blankSpacesToSkip
2021-11-21T23:53:24,733|[TRACE] graph - <- script
2021-11-21T23:53:24,733|[DEBUG] SQL - 
    
    DROP SCHEMA IF EXISTS bloodbank
2021-11-21T23:53:24,733|[INFO ] access - HHH10001501: Connection obtained from JdbcConnectionAccess [org.hibernate.engine.jdbc.env.internal.JdbcEnvironmentInitiator$ConnectionProviderJdbcConnectionAccess@319d106c] for (non-JTA) DDL execution was not in auto-commit mode; the Connection 'local transaction' will be committed and the Connection will be set into auto-commit mode.
2021-11-21T23:53:24,792|[DEBUG] Helper - Attempting to resolve script source setting : META-INF/sql/bloodbank-create.sql
2021-11-21T23:53:24,792|[TRACE] Helper - Trying as URL...
2021-11-21T23:53:24,792|[INFO ] SchemaCreatorImpl - HHH000476: Executing import script 'file:/C:/Users/Herman/Desktop/School/Level%204/Jave%20Enterprise%20Application/Assignment_3/BloodBank-JPA-Mapping-JUnit-Skeleton/target/classes/META-INF/sql/bloodbank-create.sql'
2021-11-21T23:53:24,792|[TRACE] graph - -> script
2021-11-21T23:53:24,792|[TRACE] graph - ---> blankSpacesToSkip
2021-11-21T23:53:24,793|[TRACE] graph - -----> newLineToSkip
2021-11-21T23:53:24,793|[TRACE] graph - <----- newLineToSkip
2021-11-21T23:53:24,793|[TRACE] graph - -----> newLineToSkip
2021-11-21T23:53:24,793|[TRACE] graph - <----- newLineToSkip
2021-11-21T23:53:24,793|[TRACE] graph - <--- blankSpacesToSkip
2021-11-21T23:53:24,793|[TRACE] graph - ---> statement
2021-11-21T23:53:24,793|[TRACE] graph - -----> statementFirstPart
2021-11-21T23:53:24,793|[TRACE] graph - -------> nonSkippedChar
2021-11-21T23:53:24,793|[TRACE] script - #out(`S`) [token]
2021-11-21T23:53:24,793|[TRACE] graph - <------- nonSkippedChar
2021-11-21T23:53:24,793|[TRACE] graph - <----- statementFirstPart
2021-11-21T23:53:24,793|[TRACE] graph - -----> statementPart
2021-11-21T23:53:24,793|[TRACE] graph - -------> nonSkippedChar
2021-11-21T23:53:24,793|[TRACE] script - #out(`E`) [token]
2021-11-21T23:53:24,793|[TRACE] graph - <------- nonSkippedChar
2021-11-21T23:53:24,793|[TRACE] graph - <----- statementPart
2021-11-21T23:53:24,793|[TRACE] graph - -----> statementPart
2021-11-21T23:53:24,793|[TRACE] graph - -------> nonSkippedChar
2021-11-21T23:53:24,793|[TRACE] script - #out(`T`) [token]
2021-11-21T23:53:24,793|[TRACE] graph - <------- nonSkippedChar
2021-11-21T23:53:24,793|[TRACE] graph - <----- statementPart
2021-11-21T23:53:24,793|[TRACE] graph - -----> statementPart
2021-11-21T23:53:24,793|[TRACE] graph - -------> nonSkippedSpace
2021-11-21T23:53:24,793|[TRACE] script - #out(` `) [token]
2021-11-21T23:53:24,793|[TRACE] graph - <------- nonSkippedSpace
2021-11-21T23:53:24,793|[TRACE] graph - <----- statementPart
2021-11-21T23:53:24,793|[TRACE] graph - -----> statementPart
2021-11-21T23:53:24,793|[TRACE] graph - -------> nonSkippedChar
2021-11-21T23:53:24,793|[TRACE] script - #out(`@`) [token]
2021-11-21T23:53:24,793|[TRACE] graph - <------- nonSkippedChar
2021-11-21T23:53:24,793|[TRACE] graph - <----- statementPart
2021-11-21T23:53:24,793|[TRACE] graph - -----> statementPart
2021-11-21T23:53:24,793|[TRACE] graph - -------> nonSkippedChar
2021-11-21T23:53:24,793|[TRACE] script - #out(`O`) [token]
2021-11-21T23:53:24,793|[TRACE] graph - <------- nonSkippedChar
2021-11-21T23:53:24,793|[TRACE] graph - <----- statementPart
2021-11-21T23:53:24,793|[TRACE] graph - -----> statementPart
2021-11-21T23:53:24,793|[TRACE] graph - -------> nonSkippedChar
2021-11-21T23:53:24,793|[TRACE] script - #out(`L`) [token]
2021-11-21T23:53:24,793|[TRACE] graph - <------- nonSkippedChar
2021-11-21T23:53:24,793|[TRACE] graph - <----- statementPart
2021-11-21T23:53:24,793|[TRACE] graph - -----> statementPart
2021-11-21T23:53:24,793|[TRACE] graph - -------> nonSkippedChar
2021-11-21T23:53:24,793|[TRACE] script - #out(`D`) [token]
2021-11-21T23:53:24,793|[TRACE] graph - <------- nonSkippedChar
2021-11-21T23:53:24,793|[TRACE] graph - <----- statementPart
2021-11-21T23:53:24,793|[TRACE] graph - -----> statementPart
2021-11-21T23:53:24,793|[TRACE] graph - -------> nonSkippedChar
2021-11-21T23:53:24,793|[TRACE] script - #out(`_`) [token]
2021-11-21T23:53:24,793|[TRACE] graph - <------- nonSkippedChar
2021-11-21T23:53:24,793|[TRACE] graph - <----- statementPart
2021-11-21T23:53:24,793|[TRACE] graph - -----> statementPart
2021-11-21T23:53:24,793|[TRACE] graph - -------> nonSkippedChar
2021-11-21T23:53:24,793|[TRACE] script - #out(`U`) [token]
2021-11-21T23:53:24,793|[TRACE] graph - <------- nonSkippedChar
2021-11-21T23:53:24,793|[TRACE] graph - <----- statementPart
2021-11-21T23:53:24,793|[TRACE] graph - -----> statementPart
2021-11-21T23:53:24,793|[TRACE] graph - -------> nonSkippedChar
2021-11-21T23:53:24,793|[TRACE] script - #out(`N`) [token]
2021-11-21T23:53:24,793|[TRACE] graph - <------- nonSkippedChar
2021-11-21T23:53:24,793|[TRACE] graph - <----- statementPart
2021-11-21T23:53:24,793|[TRACE] graph - -----> statementPart
2021-11-21T23:53:24,793|[TRACE] graph - -------> nonSkippedChar
2021-11-21T23:53:24,793|[TRACE] script - #out(`I`) [token]
2021-11-21T23:53:24,793|[TRACE] graph - <------- nonSkippedChar
2021-11-21T23:53:24,793|[TRACE] graph - <----- statementPart
2021-11-21T23:53:24,793|[TRACE] graph - -----> statementPart
2021-11-21T23:53:24,793|[TRACE] graph - -------> nonSkippedChar
2021-11-21T23:53:24,793|[TRACE] script - #out(`Q`) [token]
2021-11-21T23:53:24,793|[TRACE] graph - <------- nonSkippedChar
2021-11-21T23:53:24,793|[TRACE] graph - <----- statementPart
2021-11-21T23:53:24,793|[TRACE] graph - -----> statementPart
2021-11-21T23:53:24,793|[TRACE] graph - -------> nonSkippedChar
2021-11-21T23:53:24,793|[TRACE] script - #out(`U`) [token]
2021-11-21T23:53:24,793|[TRACE] graph - <------- nonSkippedChar
2021-11-21T23:53:24,793|[TRACE] graph - <----- statementPart
2021-11-21T23:53:24,793|[TRACE] graph - -----> statementPart
2021-11-21T23:53:24,793|[TRACE] graph - -------> nonSkippedChar
2021-11-21T23:53:24,793|[TRACE] script - #out(`E`) [token]
2021-11-21T23:53:24,793|[TRACE] graph - <------- nonSkippedChar
2021-11-21T23:53:24,793|[TRACE] graph - <----- statementPart
2021-11-21T23:53:24,793|[TRACE] graph - -----> statementPart
2021-11-21T23:53:24,793|[TRACE] graph - -------> nonSkippedChar
2021-11-21T23:53:24,793|[TRACE] script - #out(`_`) [token]
2021-11-21T23:53:24,793|[TRACE] graph - <------- nonSkippedChar
2021-11-21T23:53:24,793|[TRACE] graph - <----- statementPart
2021-11-21T23:53:24,793|[TRACE] graph - -----> statementPart
2021-11-21T23:53:24,793|[TRACE] graph - -------> nonSkippedChar
2021-11-21T23:53:24,793|[TRACE] script - #out(`C`) [token]
2021-11-21T23:53:24,793|[TRACE] graph - <------- nonSkippedChar
2021-11-21T23:53:24,793|[TRACE] graph - <----- statementPart
2021-11-21T23:53:24,793|[TRACE] graph - -----> statementPart
2021-11-21T23:53:24,793|[TRACE] graph - -------> nonSkippedChar
2021-11-21T23:53:24,793|[TRACE] script - #out(`H`) [token]
2021-11-21T23:53:24,793|[TRACE] graph - <------- nonSkippedChar
2021-11-21T23:53:24,793|[TRACE] graph - <----- statementPart
2021-11-21T23:53:24,793|[TRACE] graph - -----> statementPart
2021-11-21T23:53:24,793|[TRACE] graph - -------> nonSkippedChar
2021-11-21T23:53:24,793|[TRACE] script - #out(`E`) [token]
2021-11-21T23:53:24,793|[TRACE] graph - <------- nonSkippedChar
2021-11-21T23:53:24,793|[TRACE] graph - <----- statementPart
2021-11-21T23:53:24,793|[TRACE] graph - -----> statementPart
2021-11-21T23:53:24,793|[TRACE] graph - -------> nonSkippedChar
2021-11-21T23:53:24,793|[TRACE] script - #out(`C`) [token]
2021-11-21T23:53:24,793|[TRACE] graph - <------- nonSkippedChar
2021-11-21T23:53:24,793|[TRACE] graph - <----- statementPart
2021-11-21T23:53:24,793|[TRACE] graph - -----> statementPart
2021-11-21T23:53:24,793|[TRACE] graph - -------> nonSkippedChar
2021-11-21T23:53:24,793|[TRACE] script - #out(`K`) [token]
2021-11-21T23:53:24,793|[TRACE] graph - <------- nonSkippedChar
2021-11-21T23:53:24,793|[TRACE] graph - <----- statementPart
2021-11-21T23:53:24,793|[TRACE] graph - -----> statementPart
2021-11-21T23:53:24,793|[TRACE] graph - -------> nonSkippedChar
2021-11-21T23:53:24,793|[TRACE] script - #out(`S`) [token]
2021-11-21T23:53:24,793|[TRACE] graph - <------- nonSkippedChar
2021-11-21T23:53:24,793|[TRACE] graph - <----- statementPart
2021-11-21T23:53:24,793|[TRACE] graph - -----> statementPart
2021-11-21T23:53:24,793|[TRACE] graph - -------> nonSkippedChar
2021-11-21T23:53:24,793|[TRACE] script - #out(`=`) [token]
2021-11-21T23:53:24,793|[TRACE] graph - <------- nonSkippedChar
2021-11-21T23:53:24,793|[TRACE] graph - <----- statementPart
2021-11-21T23:53:24,793|[TRACE] graph - -----> statementPart
2021-11-21T23:53:24,793|[TRACE] graph - -------> nonSkippedChar
2021-11-21T23:53:24,793|[TRACE] script - #out(`@`) [token]
2021-11-21T23:53:24,793|[TRACE] graph - <------- nonSkippedChar
2021-11-21T23:53:24,793|[TRACE] graph - <----- statementPart
2021-11-21T23:53:24,793|[TRACE] graph - -----> statementPart
2021-11-21T23:53:24,793|[TRACE] graph - -------> nonSkippedChar
2021-11-21T23:53:24,793|[TRACE] script - #out(`@`) [token]
2021-11-21T23:53:24,793|[TRACE] graph - <------- nonSkippedChar
2021-11-21T23:53:24,793|[TRACE] graph - <----- statementPart
2021-11-21T23:53:24,793|[TRACE] graph - -----> statementPart
2021-11-21T23:53:24,793|[TRACE] graph - -------> nonSkippedChar
2021-11-21T23:53:24,793|[TRACE] script - #out(`U`) [token]
2021-11-21T23:53:24,793|[TRACE] graph - <------- nonSkippedChar
2021-11-21T23:53:24,793|[TRACE] graph - <----- statementPart
2021-11-21T23:53:24,793|[TRACE] graph - -----> statementPart
2021-11-21T23:53:24,793|[TRACE] graph - -------> nonSkippedChar
2021-11-21T23:53:24,793|[TRACE] script - #out(`N`) [token]
2021-11-21T23:53:24,793|[TRACE] graph - <------- nonSkippedChar
2021-11-21T23:53:24,793|[TRACE] graph - <----- statementPart
2021-11-21T23:53:24,793|[TRACE] graph - -----> statementPart
2021-11-21T23:53:24,793|[TRACE] graph - -------> nonSkippedChar
2021-11-21T23:53:24,793|[TRACE] script - #out(`I`) [token]
2021-11-21T23:53:24,793|[TRACE] graph - <------- nonSkippedChar
2021-11-21T23:53:24,793|[TRACE] graph - <----- statementPart
2021-11-21T23:53:24,793|[TRACE] graph - -----> statementPart
2021-11-21T23:53:24,793|[TRACE] graph - -------> nonSkippedChar
2021-11-21T23:53:24,793|[TRACE] script - #out(`Q`) [token]
2021-11-21T23:53:24,793|[TRACE] graph - <------- nonSkippedChar
2021-11-21T23:53:24,793|[TRACE] graph - <----- statementPart
2021-11-21T23:53:24,793|[TRACE] graph - -----> statementPart
2021-11-21T23:53:24,793|[TRACE] graph - -------> nonSkippedChar
2021-11-21T23:53:24,793|[TRACE] script - #out(`U`) [token]
2021-11-21T23:53:24,793|[TRACE] graph - <------- nonSkippedChar
2021-11-21T23:53:24,793|[TRACE] graph - <----- statementPart
2021-11-21T23:53:24,793|[TRACE] graph - -----> statementPart
2021-11-21T23:53:24,793|[TRACE] graph - -------> nonSkippedChar
2021-11-21T23:53:24,793|[TRACE] script - #out(`E`) [token]
2021-11-21T23:53:24,793|[TRACE] graph - <------- nonSkippedChar
2021-11-21T23:53:24,793|[TRACE] graph - <----- statementPart
2021-11-21T23:53:24,793|[TRACE] graph - -----> statementPart
2021-11-21T23:53:24,793|[TRACE] graph - -------> nonSkippedChar
2021-11-21T23:53:24,793|[TRACE] script - #out(`_`) [token]
2021-11-21T23:53:24,793|[TRACE] graph - <------- nonSkippedChar
2021-11-21T23:53:24,793|[TRACE] graph - <----- statementPart
2021-11-21T23:53:24,793|[TRACE] graph - -----> statementPart
2021-11-21T23:53:24,793|[TRACE] graph - -------> nonSkippedChar
2021-11-21T23:53:24,793|[TRACE] script - #out(`C`) [token]
2021-11-21T23:53:24,793|[TRACE] graph - <------- nonSkippedChar
2021-11-21T23:53:24,793|[TRACE] graph - <----- statementPart
2021-11-21T23:53:24,793|[TRACE] graph - -----> statementPart
2021-11-21T23:53:24,793|[TRACE] graph - -------> nonSkippedChar
2021-11-21T23:53:24,793|[TRACE] script - #out(`H`) [token]
2021-11-21T23:53:24,793|[TRACE] graph - <------- nonSkippedChar
2021-11-21T23:53:24,793|[TRACE] graph - <----- statementPart
2021-11-21T23:53:24,793|[TRACE] graph - -----> statementPart
2021-11-21T23:53:24,793|[TRACE] graph - -------> nonSkippedChar
2021-11-21T23:53:24,793|[TRACE] script - #out(`E`) [token]
2021-11-21T23:53:24,793|[TRACE] graph - <------- nonSkippedChar
2021-11-21T23:53:24,793|[TRACE] graph - <----- statementPart
2021-11-21T23:53:24,793|[TRACE] graph - -----> statementPart
2021-11-21T23:53:24,793|[TRACE] graph - -------> nonSkippedChar
2021-11-21T23:53:24,793|[TRACE] script - #out(`C`) [token]
2021-11-21T23:53:24,793|[TRACE] graph - <------- nonSkippedChar
2021-11-21T23:53:24,793|[TRACE] graph - <----- statementPart
2021-11-21T23:53:24,793|[TRACE] graph - -----> statementPart
2021-11-21T23:53:24,793|[TRACE] graph - -------> nonSkippedChar
2021-11-21T23:53:24,793|[TRACE] script - #out(`K`) [token]
2021-11-21T23:53:24,793|[TRACE] graph - <------- nonSkippedChar
2021-11-21T23:53:24,793|[TRACE] graph - <----- statementPart
2021-11-21T23:53:24,793|[TRACE] graph - -----> statementPart
2021-11-21T23:53:24,793|[TRACE] graph - -------> nonSkippedChar
2021-11-21T23:53:24,793|[TRACE] script - #out(`S`) [token]
2021-11-21T23:53:24,793|[TRACE] graph - <------- nonSkippedChar
2021-11-21T23:53:24,793|[TRACE] graph - <----- statementPart
2021-11-21T23:53:24,793|[TRACE] graph - -----> statementPart
2021-11-21T23:53:24,793|[TRACE] graph - -------> nonSkippedChar
2021-11-21T23:53:24,793|[TRACE] script - #out(`,`) [token]
2021-11-21T23:53:24,793|[TRACE] graph - <------- nonSkippedChar
2021-11-21T23:53:24,793|[TRACE] graph - <----- statementPart
2021-11-21T23:53:24,793|[TRACE] graph - -----> statementPart
2021-11-21T23:53:24,793|[TRACE] graph - -------> nonSkippedSpace
2021-11-21T23:53:24,793|[TRACE] script - #out(` `) [token]
2021-11-21T23:53:24,793|[TRACE] graph - <------- nonSkippedSpace
2021-11-21T23:53:24,793|[TRACE] graph - <----- statementPart
2021-11-21T23:53:24,793|[TRACE] graph - -----> statementPart
2021-11-21T23:53:24,793|[TRACE] graph - -------> nonSkippedChar
2021-11-21T23:53:24,793|[TRACE] script - #out(`U`) [token]
2021-11-21T23:53:24,793|[TRACE] graph - <------- nonSkippedChar
2021-11-21T23:53:24,793|[TRACE] graph - <----- statementPart
2021-11-21T23:53:24,793|[TRACE] graph - -----> statementPart
2021-11-21T23:53:24,793|[TRACE] graph - -------> nonSkippedChar
2021-11-21T23:53:24,793|[TRACE] script - #out(`N`) [token]
2021-11-21T23:53:24,793|[TRACE] graph - <------- nonSkippedChar
2021-11-21T23:53:24,793|[TRACE] graph - <----- statementPart
2021-11-21T23:53:24,793|[TRACE] graph - -----> statementPart
2021-11-21T23:53:24,793|[TRACE] graph - -------> nonSkippedChar
2021-11-21T23:53:24,793|[TRACE] script - #out(`I`) [token]
2021-11-21T23:53:24,793|[TRACE] graph - <------- nonSkippedChar
2021-11-21T23:53:24,793|[TRACE] graph - <----- statementPart
2021-11-21T23:53:24,793|[TRACE] graph - -----> statementPart
2021-11-21T23:53:24,793|[TRACE] graph - -------> nonSkippedChar
2021-11-21T23:53:24,793|[TRACE] script - #out(`Q`) [token]
2021-11-21T23:53:24,793|[TRACE] graph - <------- nonSkippedChar
2021-11-21T23:53:24,793|[TRACE] graph - <----- statementPart
2021-11-21T23:53:24,793|[TRACE] graph - -----> statementPart
2021-11-21T23:53:24,793|[TRACE] graph - -------> nonSkippedChar
2021-11-21T23:53:24,794|[TRACE] script - #out(`U`) [token]
2021-11-21T23:53:24,794|[TRACE] graph - <------- nonSkippedChar
2021-11-21T23:53:24,794|[TRACE] graph - <----- statementPart
2021-11-21T23:53:24,794|[TRACE] graph - -----> statementPart
2021-11-21T23:53:24,794|[TRACE] graph - -------> nonSkippedChar
2021-11-21T23:53:24,794|[TRACE] script - #out(`E`) [token]
2021-11-21T23:53:24,794|[TRACE] graph - <------- nonSkippedChar
2021-11-21T23:53:24,794|[TRACE] graph - <----- statementPart
2021-11-21T23:53:24,794|[TRACE] graph - -----> statementPart
2021-11-21T23:53:24,794|[TRACE] graph - -------> nonSkippedChar
2021-11-21T23:53:24,794|[TRACE] script - #out(`_`) [token]
2021-11-21T23:53:24,794|[TRACE] graph - <------- nonSkippedChar
2021-11-21T23:53:24,794|[TRACE] graph - <----- statementPart
2021-11-21T23:53:24,794|[TRACE] graph - -----> statementPart
2021-11-21T23:53:24,794|[TRACE] graph - -------> nonSkippedChar
2021-11-21T23:53:24,794|[TRACE] script - #out(`C`) [token]
2021-11-21T23:53:24,794|[TRACE] graph - <------- nonSkippedChar
2021-11-21T23:53:24,794|[TRACE] graph - <----- statementPart
2021-11-21T23:53:24,794|[TRACE] graph - -----> statementPart
2021-11-21T23:53:24,794|[TRACE] graph - -------> nonSkippedChar
2021-11-21T23:53:24,794|[TRACE] script - #out(`H`) [token]
2021-11-21T23:53:24,794|[TRACE] graph - <------- nonSkippedChar
2021-11-21T23:53:24,794|[TRACE] graph - <----- statementPart
2021-11-21T23:53:24,794|[TRACE] graph - -----> statementPart
2021-11-21T23:53:24,794|[TRACE] graph - -------> nonSkippedChar
2021-11-21T23:53:24,794|[TRACE] script - #out(`E`) [token]
2021-11-21T23:53:24,794|[TRACE] graph - <------- nonSkippedChar
2021-11-21T23:53:24,794|[TRACE] graph - <----- statementPart
2021-11-21T23:53:24,794|[TRACE] graph - -----> statementPart
2021-11-21T23:53:24,794|[TRACE] graph - -------> nonSkippedChar
2021-11-21T23:53:24,794|[TRACE] script - #out(`C`) [token]
2021-11-21T23:53:24,794|[TRACE] graph - <------- nonSkippedChar
2021-11-21T23:53:24,794|[TRACE] graph - <----- statementPart
2021-11-21T23:53:24,794|[TRACE] graph - -----> statementPart
2021-11-21T23:53:24,794|[TRACE] graph - -------> nonSkippedChar
2021-11-21T23:53:24,794|[TRACE] script - #out(`K`) [token]
2021-11-21T23:53:24,794|[TRACE] graph - <------- nonSkippedChar
2021-11-21T23:53:24,794|[TRACE] graph - <----- statementPart
2021-11-21T23:53:24,794|[TRACE] graph - -----> statementPart
2021-11-21T23:53:24,794|[TRACE] graph - -------> nonSkippedChar
2021-11-21T23:53:24,794|[TRACE] script - #out(`S`) [token]
2021-11-21T23:53:24,794|[TRACE] graph - <------- nonSkippedChar
2021-11-21T23:53:24,794|[TRACE] graph - <----- statementPart
2021-11-21T23:53:24,794|[TRACE] graph - -----> statementPart
2021-11-21T23:53:24,794|[TRACE] graph - -------> nonSkippedChar
2021-11-21T23:53:24,794|[TRACE] script - #out(`=`) [token]
2021-11-21T23:53:24,794|[TRACE] graph - <------- nonSkippedChar
2021-11-21T23:53:24,794|[TRACE] graph - <----- statementPart
2021-11-21T23:53:24,794|[TRACE] graph - -----> statementPart
2021-11-21T23:53:24,794|[TRACE] graph - -------> nonSkippedChar
2021-11-21T23:53:24,794|[TRACE] script - #out(`0`) [token]
2021-11-21T23:53:24,794|[TRACE] graph - <------- nonSkippedChar
2021-11-21T23:53:24,794|[TRACE] graph - <----- statementPart
2021-11-21T23:53:24,794|[DEBUG] graph - Import statement : SET @OLD_UNIQUE_CHECKS=@@UNIQUE_CHECKS, UNIQUE_CHECKS=0
2021-11-21T23:53:24,794|[TRACE] graph - <--- statement
2021-11-21T23:53:24,794|[TRACE] graph - ---> blankSpacesToSkip
2021-11-21T23:53:24,794|[TRACE] graph - -----> newLineToSkip
2021-11-21T23:53:24,794|[TRACE] graph - <----- newLineToSkip
2021-11-21T23:53:24,794|[TRACE] graph - <--- blankSpacesToSkip
2021-11-21T23:53:24,794|[TRACE] graph - ---> statement
2021-11-21T23:53:24,794|[TRACE] graph - -----> statementFirstPart
2021-11-21T23:53:24,794|[TRACE] graph - -------> nonSkippedChar
2021-11-21T23:53:24,794|[TRACE] script - #out(`S`) [token]
2021-11-21T23:53:24,794|[TRACE] graph - <------- nonSkippedChar
2021-11-21T23:53:24,794|[TRACE] graph - <----- statementFirstPart
2021-11-21T23:53:24,794|[TRACE] graph - -----> statementPart
2021-11-21T23:53:24,794|[TRACE] graph - -------> nonSkippedChar
2021-11-21T23:53:24,794|[TRACE] script - #out(`E`) [token]
2021-11-21T23:53:24,794|[TRACE] graph - <------- nonSkippedChar
2021-11-21T23:53:24,794|[TRACE] graph - <----- statementPart
2021-11-21T23:53:24,794|[TRACE] graph - -----> statementPart
2021-11-21T23:53:24,794|[TRACE] graph - -------> nonSkippedChar
2021-11-21T23:53:24,794|[TRACE] script - #out(`T`) [token]
2021-11-21T23:53:24,794|[TRACE] graph - <------- nonSkippedChar
2021-11-21T23:53:24,794|[TRACE] graph - <----- statementPart
2021-11-21T23:53:24,794|[TRACE] graph - -----> statementPart
2021-11-21T23:53:24,794|[TRACE] graph - -------> nonSkippedSpace
2021-11-21T23:53:24,794|[TRACE] script - #out(` `) [token]
2021-11-21T23:53:24,794|[TRACE] graph - <------- nonSkippedSpace
2021-11-21T23:53:24,794|[TRACE] graph - <----- statementPart
2021-11-21T23:53:24,794|[TRACE] graph - -----> statementPart
2021-11-21T23:53:24,794|[TRACE] graph - -------> nonSkippedChar
2021-11-21T23:53:24,794|[TRACE] script - #out(`@`) [token]
2021-11-21T23:53:24,794|[TRACE] graph - <------- nonSkippedChar
2021-11-21T23:53:24,794|[TRACE] graph - <----- statementPart
2021-11-21T23:53:24,794|[TRACE] graph - -----> statementPart
2021-11-21T23:53:24,794|[TRACE] graph - -------> nonSkippedChar
2021-11-21T23:53:24,794|[TRACE] script - #out(`O`) [token]
2021-11-21T23:53:24,794|[TRACE] graph - <------- nonSkippedChar
2021-11-21T23:53:24,794|[TRACE] graph - <----- statementPart
2021-11-21T23:53:24,794|[TRACE] graph - -----> statementPart
2021-11-21T23:53:24,794|[TRACE] graph - -------> nonSkippedChar
2021-11-21T23:53:24,794|[TRACE] script - #out(`L`) [token]
2021-11-21T23:53:24,794|[TRACE] graph - <------- nonSkippedChar
2021-11-21T23:53:24,794|[TRACE] graph - <----- statementPart
2021-11-21T23:53:24,794|[TRACE] graph - -----> statementPart
2021-11-21T23:53:24,794|[TRACE] graph - -------> nonSkippedChar
2021-11-21T23:53:24,794|[TRACE] script - #out(`D`) [token]
2021-11-21T23:53:24,794|[TRACE] graph - <------- nonSkippedChar
2021-11-21T23:53:24,794|[TRACE] graph - <----- statementPart
2021-11-21T23:53:24,794|[TRACE] graph - -----> statementPart
2021-11-21T23:53:24,794|[TRACE] graph - -------> nonSkippedChar
2021-11-21T23:53:24,794|[TRACE] script - #out(`_`) [token]
2021-11-21T23:53:24,794|[TRACE] graph - <------- nonSkippedChar
2021-11-21T23:53:24,794|[TRACE] graph - <----- statementPart
2021-11-21T23:53:24,794|[TRACE] graph - -----> statementPart
2021-11-21T23:53:24,794|[TRACE] graph - -------> nonSkippedChar
2021-11-21T23:53:24,794|[TRACE] script - #out(`F`) [token]
2021-11-21T23:53:24,794|[TRACE] graph - <------- nonSkippedChar
2021-11-21T23:53:24,794|[TRACE] graph - <----- statementPart
2021-11-21T23:53:24,794|[TRACE] graph - -----> statementPart
2021-11-21T23:53:24,794|[TRACE] graph - -------> nonSkippedChar
2021-11-21T23:53:24,794|[TRACE] script - #out(`O`) [token]
2021-11-21T23:53:24,794|[TRACE] graph - <------- nonSkippedChar
2021-11-21T23:53:24,794|[TRACE] graph - <----- statementPart
2021-11-21T23:53:24,794|[TRACE] graph - -----> statementPart
2021-11-21T23:53:24,794|[TRACE] graph - -------> nonSkippedChar
2021-11-21T23:53:24,794|[TRACE] script - #out(`R`) [token]
2021-11-21T23:53:24,794|[TRACE] graph - <------- nonSkippedChar
2021-11-21T23:53:24,794|[TRACE] graph - <----- statementPart
2021-11-21T23:53:24,794|[TRACE] graph - -----> statementPart
2021-11-21T23:53:24,794|[TRACE] graph - -------> nonSkippedChar
2021-11-21T23:53:24,794|[TRACE] script - #out(`E`) [token]
2021-11-21T23:53:24,794|[TRACE] graph - <------- nonSkippedChar
2021-11-21T23:53:24,794|[TRACE] graph - <----- statementPart
2021-11-21T23:53:24,794|[TRACE] graph - -----> statementPart
2021-11-21T23:53:24,794|[TRACE] graph - -------> nonSkippedChar
2021-11-21T23:53:24,794|[TRACE] script - #out(`I`) [token]
2021-11-21T23:53:24,794|[TRACE] graph - <------- nonSkippedChar
2021-11-21T23:53:24,794|[TRACE] graph - <----- statementPart
2021-11-21T23:53:24,794|[TRACE] graph - -----> statementPart
2021-11-21T23:53:24,794|[TRACE] graph - -------> nonSkippedChar
2021-11-21T23:53:24,794|[TRACE] script - #out(`G`) [token]
2021-11-21T23:53:24,794|[TRACE] graph - <------- nonSkippedChar
2021-11-21T23:53:24,794|[TRACE] graph - <----- statementPart
2021-11-21T23:53:24,794|[TRACE] graph - -----> statementPart
2021-11-21T23:53:24,794|[TRACE] graph - -------> nonSkippedChar
2021-11-21T23:53:24,794|[TRACE] script - #out(`N`) [token]
2021-11-21T23:53:24,794|[TRACE] graph - <------- nonSkippedChar
2021-11-21T23:53:24,794|[TRACE] graph - <----- statementPart
2021-11-21T23:53:24,794|[TRACE] graph - -----> statementPart
2021-11-21T23:53:24,794|[TRACE] graph - -------> nonSkippedChar
2021-11-21T23:53:24,794|[TRACE] script - #out(`_`) [token]
2021-11-21T23:53:24,794|[TRACE] graph - <------- nonSkippedChar
2021-11-21T23:53:24,794|[TRACE] graph - <----- statementPart
2021-11-21T23:53:24,794|[TRACE] graph - -----> statementPart
2021-11-21T23:53:24,794|[TRACE] graph - -------> nonSkippedChar
2021-11-21T23:53:24,794|[TRACE] script - #out(`K`) [token]
2021-11-21T23:53:24,794|[TRACE] graph - <------- nonSkippedChar
2021-11-21T23:53:24,794|[TRACE] graph - <----- statementPart
2021-11-21T23:53:24,794|[TRACE] graph - -----> statementPart
2021-11-21T23:53:24,794|[TRACE] graph - -------> nonSkippedChar
2021-11-21T23:53:24,794|[TRACE] script - #out(`E`) [token]
2021-11-21T23:53:24,794|[TRACE] graph - <------- nonSkippedChar
2021-11-21T23:53:24,794|[TRACE] graph - <----- statementPart
2021-11-21T23:53:24,794|[TRACE] graph - -----> statementPart
2021-11-21T23:53:24,794|[TRACE] graph - -------> nonSkippedChar
2021-11-21T23:53:24,794|[TRACE] script - #out(`Y`) [token]
2021-11-21T23:53:24,794|[TRACE] graph - <------- nonSkippedChar
2021-11-21T23:53:24,794|[TRACE] graph - <----- statementPart
2021-11-21T23:53:24,794|[TRACE] graph - -----> statementPart
2021-11-21T23:53:24,794|[TRACE] graph - -------> nonSkippedChar
2021-11-21T23:53:24,794|[TRACE] script - #out(`_`) [token]
2021-11-21T23:53:24,794|[TRACE] graph - <------- nonSkippedChar
2021-11-21T23:53:24,794|[TRACE] graph - <----- statementPart
2021-11-21T23:53:24,794|[TRACE] graph - -----> statementPart
2021-11-21T23:53:24,794|[TRACE] graph - -------> nonSkippedChar
2021-11-21T23:53:24,794|[TRACE] script - #out(`C`) [token]
2021-11-21T23:53:24,794|[TRACE] graph - <------- nonSkippedChar
2021-11-21T23:53:24,794|[TRACE] graph - <----- statementPart
2021-11-21T23:53:24,794|[TRACE] graph - -----> statementPart
2021-11-21T23:53:24,794|[TRACE] graph - -------> nonSkippedChar
2021-11-21T23:53:24,794|[TRACE] script - #out(`H`) [token]
2021-11-21T23:53:24,794|[TRACE] graph - <------- nonSkippedChar
2021-11-21T23:53:24,794|[TRACE] graph - <----- statementPart
2021-11-21T23:53:24,794|[TRACE] graph - -----> statementPart
2021-11-21T23:53:24,794|[TRACE] graph - -------> nonSkippedChar
2021-11-21T23:53:24,794|[TRACE] script - #out(`E`) [token]
2021-11-21T23:53:24,794|[TRACE] graph - <------- nonSkippedChar
2021-11-21T23:53:24,794|[TRACE] graph - <----- statementPart
2021-11-21T23:53:24,794|[TRACE] graph - -----> statementPart
2021-11-21T23:53:24,794|[TRACE] graph - -------> nonSkippedChar
2021-11-21T23:53:24,794|[TRACE] script - #out(`C`) [token]
2021-11-21T23:53:24,794|[TRACE] graph - <------- nonSkippedChar
2021-11-21T23:53:24,794|[TRACE] graph - <----- statementPart
2021-11-21T23:53:24,794|[TRACE] graph - -----> statementPart
2021-11-21T23:53:24,794|[TRACE] graph - -------> nonSkippedChar
2021-11-21T23:53:24,794|[TRACE] script - #out(`K`) [token]
2021-11-21T23:53:24,794|[TRACE] graph - <------- nonSkippedChar
2021-11-21T23:53:24,794|[TRACE] graph - <----- statementPart
2021-11-21T23:53:24,794|[TRACE] graph - -----> statementPart
2021-11-21T23:53:24,794|[TRACE] graph - -------> nonSkippedChar
2021-11-21T23:53:24,794|[TRACE] script - #out(`S`) [token]
2021-11-21T23:53:24,794|[TRACE] graph - <------- nonSkippedChar
2021-11-21T23:53:24,794|[TRACE] graph - <----- statementPart
2021-11-21T23:53:24,794|[TRACE] graph - -----> statementPart
2021-11-21T23:53:24,794|[TRACE] graph - -------> nonSkippedChar
2021-11-21T23:53:24,794|[TRACE] script - #out(`=`) [token]
2021-11-21T23:53:24,794|[TRACE] graph - <------- nonSkippedChar
2021-11-21T23:53:24,794|[TRACE] graph - <----- statementPart
2021-11-21T23:53:24,795|[TRACE] graph - -----> statementPart
2021-11-21T23:53:24,795|[TRACE] graph - -------> nonSkippedChar
2021-11-21T23:53:24,795|[TRACE] script - #out(`@`) [token]
2021-11-21T23:53:24,795|[TRACE] graph - <------- nonSkippedChar
2021-11-21T23:53:24,795|[TRACE] graph - <----- statementPart
2021-11-21T23:53:24,795|[TRACE] graph - -----> statementPart
2021-11-21T23:53:24,795|[TRACE] graph - -------> nonSkippedChar
2021-11-21T23:53:24,795|[TRACE] script - #out(`@`) [token]
2021-11-21T23:53:24,795|[TRACE] graph - <------- nonSkippedChar
2021-11-21T23:53:24,795|[TRACE] graph - <----- statementPart
2021-11-21T23:53:24,795|[TRACE] graph - -----> statementPart
2021-11-21T23:53:24,795|[TRACE] graph - -------> nonSkippedChar
2021-11-21T23:53:24,795|[TRACE] script - #out(`F`) [token]
2021-11-21T23:53:24,795|[TRACE] graph - <------- nonSkippedChar
2021-11-21T23:53:24,795|[TRACE] graph - <----- statementPart
2021-11-21T23:53:24,795|[TRACE] graph - -----> statementPart
2021-11-21T23:53:24,795|[TRACE] graph - -------> nonSkippedChar
2021-11-21T23:53:24,795|[TRACE] script - #out(`O`) [token]
2021-11-21T23:53:24,795|[TRACE] graph - <------- nonSkippedChar
2021-11-21T23:53:24,795|[TRACE] graph - <----- statementPart
2021-11-21T23:53:24,795|[TRACE] graph - -----> statementPart
2021-11-21T23:53:24,795|[TRACE] graph - -------> nonSkippedChar
2021-11-21T23:53:24,795|[TRACE] script - #out(`R`) [token]
2021-11-21T23:53:24,795|[TRACE] graph - <------- nonSkippedChar
2021-11-21T23:53:24,795|[TRACE] graph - <----- statementPart
2021-11-21T23:53:24,795|[TRACE] graph - -----> statementPart
2021-11-21T23:53:24,795|[TRACE] graph - -------> nonSkippedChar
2021-11-21T23:53:24,795|[TRACE] script - #out(`E`) [token]
2021-11-21T23:53:24,795|[TRACE] graph - <------- nonSkippedChar
2021-11-21T23:53:24,795|[TRACE] graph - <----- statementPart
2021-11-21T23:53:24,795|[TRACE] graph - -----> statementPart
2021-11-21T23:53:24,795|[TRACE] graph - -------> nonSkippedChar
2021-11-21T23:53:24,795|[TRACE] script - #out(`I`) [token]
2021-11-21T23:53:24,795|[TRACE] graph - <------- nonSkippedChar
2021-11-21T23:53:24,795|[TRACE] graph - <----- statementPart
2021-11-21T23:53:24,795|[TRACE] graph - -----> statementPart
2021-11-21T23:53:24,795|[TRACE] graph - -------> nonSkippedChar
2021-11-21T23:53:24,795|[TRACE] script - #out(`G`) [token]
2021-11-21T23:53:24,795|[TRACE] graph - <------- nonSkippedChar
2021-11-21T23:53:24,795|[TRACE] graph - <----- statementPart
2021-11-21T23:53:24,795|[TRACE] graph - -----> statementPart
2021-11-21T23:53:24,795|[TRACE] graph - -------> nonSkippedChar
2021-11-21T23:53:24,795|[TRACE] script - #out(`N`) [token]
2021-11-21T23:53:24,795|[TRACE] graph - <------- nonSkippedChar
2021-11-21T23:53:24,795|[TRACE] graph - <----- statementPart
2021-11-21T23:53:24,795|[TRACE] graph - -----> statementPart
2021-11-21T23:53:24,795|[TRACE] graph - -------> nonSkippedChar
2021-11-21T23:53:24,795|[TRACE] script - #out(`_`) [token]
2021-11-21T23:53:24,795|[TRACE] graph - <------- nonSkippedChar
2021-11-21T23:53:24,795|[TRACE] graph - <----- statementPart
2021-11-21T23:53:24,795|[TRACE] graph - -----> statementPart
2021-11-21T23:53:24,795|[TRACE] graph - -------> nonSkippedChar
2021-11-21T23:53:24,795|[TRACE] script - #out(`K`) [token]
2021-11-21T23:53:24,795|[TRACE] graph - <------- nonSkippedChar
2021-11-21T23:53:24,795|[TRACE] graph - <----- statementPart
2021-11-21T23:53:24,795|[TRACE] graph - -----> statementPart
2021-11-21T23:53:24,795|[TRACE] graph - -------> nonSkippedChar
2021-11-21T23:53:24,795|[TRACE] script - #out(`E`) [token]
2021-11-21T23:53:24,795|[TRACE] graph - <------- nonSkippedChar
2021-11-21T23:53:24,795|[TRACE] graph - <----- statementPart
2021-11-21T23:53:24,795|[TRACE] graph - -----> statementPart
2021-11-21T23:53:24,795|[TRACE] graph - -------> nonSkippedChar
2021-11-21T23:53:24,795|[TRACE] script - #out(`Y`) [token]
2021-11-21T23:53:24,795|[TRACE] graph - <------- nonSkippedChar
2021-11-21T23:53:24,795|[TRACE] graph - <----- statementPart
2021-11-21T23:53:24,795|[TRACE] graph - -----> statementPart
2021-11-21T23:53:24,795|[TRACE] graph - -------> nonSkippedChar
2021-11-21T23:53:24,795|[TRACE] script - #out(`_`) [token]
2021-11-21T23:53:24,795|[TRACE] graph - <------- nonSkippedChar
2021-11-21T23:53:24,795|[TRACE] graph - <----- statementPart
2021-11-21T23:53:24,795|[TRACE] graph - -----> statementPart
2021-11-21T23:53:24,795|[TRACE] graph - -------> nonSkippedChar
2021-11-21T23:53:24,795|[TRACE] script - #out(`C`) [token]
2021-11-21T23:53:24,795|[TRACE] graph - <------- nonSkippedChar
2021-11-21T23:53:24,795|[TRACE] graph - <----- statementPart
2021-11-21T23:53:24,795|[TRACE] graph - -----> statementPart
2021-11-21T23:53:24,795|[TRACE] graph - -------> nonSkippedChar
2021-11-21T23:53:24,795|[TRACE] script - #out(`H`) [token]
2021-11-21T23:53:24,795|[TRACE] graph - <------- nonSkippedChar
2021-11-21T23:53:24,795|[TRACE] graph - <----- statementPart
2021-11-21T23:53:24,795|[TRACE] graph - -----> statementPart
2021-11-21T23:53:24,795|[TRACE] graph - -------> nonSkippedChar
2021-11-21T23:53:24,795|[TRACE] script - #out(`E`) [token]
2021-11-21T23:53:24,795|[TRACE] graph - <------- nonSkippedChar
2021-11-21T23:53:24,795|[TRACE] graph - <----- statementPart
2021-11-21T23:53:24,795|[TRACE] graph - -----> statementPart
2021-11-21T23:53:24,795|[TRACE] graph - -------> nonSkippedChar
2021-11-21T23:53:24,795|[TRACE] script - #out(`C`) [token]
2021-11-21T23:53:24,795|[TRACE] graph - <------- nonSkippedChar
2021-11-21T23:53:24,795|[TRACE] graph - <----- statementPart
2021-11-21T23:53:24,795|[TRACE] graph - -----> statementPart
2021-11-21T23:53:24,795|[TRACE] graph - -------> nonSkippedChar
2021-11-21T23:53:24,795|[TRACE] script - #out(`K`) [token]
2021-11-21T23:53:24,795|[TRACE] graph - <------- nonSkippedChar
2021-11-21T23:53:24,795|[TRACE] graph - <----- statementPart
2021-11-21T23:53:24,795|[TRACE] graph - -----> statementPart
2021-11-21T23:53:24,795|[TRACE] graph - -------> nonSkippedChar
2021-11-21T23:53:24,795|[TRACE] script - #out(`S`) [token]
2021-11-21T23:53:24,795|[TRACE] graph - <------- nonSkippedChar
2021-11-21T23:53:24,795|[TRACE] graph - <----- statementPart
2021-11-21T23:53:24,795|[TRACE] graph - -----> statementPart
2021-11-21T23:53:24,795|[TRACE] graph - -------> nonSkippedChar
2021-11-21T23:53:24,795|[TRACE] script - #out(`,`) [token]
2021-11-21T23:53:24,795|[TRACE] graph - <------- nonSkippedChar
2021-11-21T23:53:24,795|[TRACE] graph - <----- statementPart
2021-11-21T23:53:24,795|[TRACE] graph - -----> statementPart
2021-11-21T23:53:24,795|[TRACE] graph - -------> nonSkippedSpace
2021-11-21T23:53:24,795|[TRACE] script - #out(` `) [token]
2021-11-21T23:53:24,795|[TRACE] graph - <------- nonSkippedSpace
2021-11-21T23:53:24,795|[TRACE] graph - <----- statementPart
2021-11-21T23:53:24,795|[TRACE] graph - -----> statementPart
2021-11-21T23:53:24,795|[TRACE] graph - -------> nonSkippedChar
2021-11-21T23:53:24,795|[TRACE] script - #out(`F`) [token]
2021-11-21T23:53:24,795|[TRACE] graph - <------- nonSkippedChar
2021-11-21T23:53:24,795|[TRACE] graph - <----- statementPart
2021-11-21T23:53:24,795|[TRACE] graph - -----> statementPart
2021-11-21T23:53:24,795|[TRACE] graph - -------> nonSkippedChar
2021-11-21T23:53:24,795|[TRACE] script - #out(`O`) [token]
2021-11-21T23:53:24,795|[TRACE] graph - <------- nonSkippedChar
2021-11-21T23:53:24,795|[TRACE] graph - <----- statementPart
2021-11-21T23:53:24,795|[TRACE] graph - -----> statementPart
2021-11-21T23:53:24,795|[TRACE] graph - -------> nonSkippedChar
2021-11-21T23:53:24,795|[TRACE] script - #out(`R`) [token]
2021-11-21T23:53:24,795|[TRACE] graph - <------- nonSkippedChar
2021-11-21T23:53:24,795|[TRACE] graph - <----- statementPart
2021-11-21T23:53:24,795|[TRACE] graph - -----> statementPart
2021-11-21T23:53:24,795|[TRACE] graph - -------> nonSkippedChar
2021-11-21T23:53:24,795|[TRACE] script - #out(`E`) [token]
2021-11-21T23:53:24,795|[TRACE] graph - <------- nonSkippedChar
2021-11-21T23:53:24,795|[TRACE] graph - <----- statementPart
2021-11-21T23:53:24,795|[TRACE] graph - -----> statementPart
2021-11-21T23:53:24,795|[TRACE] graph - -------> nonSkippedChar
2021-11-21T23:53:24,795|[TRACE] script - #out(`I`) [token]
2021-11-21T23:53:24,795|[TRACE] graph - <------- nonSkippedChar
2021-11-21T23:53:24,795|[TRACE] graph - <----- statementPart
2021-11-21T23:53:24,795|[TRACE] graph - -----> statementPart
2021-11-21T23:53:24,795|[TRACE] graph - -------> nonSkippedChar
2021-11-21T23:53:24,795|[TRACE] script - #out(`G`) [token]
2021-11-21T23:53:24,795|[TRACE] graph - <------- nonSkippedChar
2021-11-21T23:53:24,795|[TRACE] graph - <----- statementPart
2021-11-21T23:53:24,795|[TRACE] graph - -----> statementPart
2021-11-21T23:53:24,795|[TRACE] graph - -------> nonSkippedChar
2021-11-21T23:53:24,795|[TRACE] script - #out(`N`) [token]
2021-11-21T23:53:24,795|[TRACE] graph - <------- nonSkippedChar
2021-11-21T23:53:24,795|[TRACE] graph - <----- statementPart
2021-11-21T23:53:24,795|[TRACE] graph - -----> statementPart
2021-11-21T23:53:24,795|[TRACE] graph - -------> nonSkippedChar
2021-11-21T23:53:24,795|[TRACE] script - #out(`_`) [token]
2021-11-21T23:53:24,795|[TRACE] graph - <------- nonSkippedChar
2021-11-21T23:53:24,795|[TRACE] graph - <----- statementPart
2021-11-21T23:53:24,795|[TRACE] graph - -----> statementPart
2021-11-21T23:53:24,795|[TRACE] graph - -------> nonSkippedChar
2021-11-21T23:53:24,795|[TRACE] script - #out(`K`) [token]
2021-11-21T23:53:24,795|[TRACE] graph - <------- nonSkippedChar
2021-11-21T23:53:24,795|[TRACE] graph - <----- statementPart
2021-11-21T23:53:24,795|[TRACE] graph - -----> statementPart
2021-11-21T23:53:24,795|[TRACE] graph - -------> nonSkippedChar
2021-11-21T23:53:24,795|[TRACE] script - #out(`E`) [token]
2021-11-21T23:53:24,795|[TRACE] graph - <------- nonSkippedChar
2021-11-21T23:53:24,795|[TRACE] graph - <----- statementPart
2021-11-21T23:53:24,795|[TRACE] graph - -----> statementPart
2021-11-21T23:53:24,795|[TRACE] graph - -------> nonSkippedChar
2021-11-21T23:53:24,795|[TRACE] script - #out(`Y`) [token]
2021-11-21T23:53:24,795|[TRACE] graph - <------- nonSkippedChar
2021-11-21T23:53:24,795|[TRACE] graph - <----- statementPart
2021-11-21T23:53:24,795|[TRACE] graph - -----> statementPart
2021-11-21T23:53:24,795|[TRACE] graph - -------> nonSkippedChar
2021-11-21T23:53:24,795|[TRACE] script - #out(`_`) [token]
2021-11-21T23:53:24,795|[TRACE] graph - <------- nonSkippedChar
2021-11-21T23:53:24,795|[TRACE] graph - <----- statementPart
2021-11-21T23:53:24,795|[TRACE] graph - -----> statementPart
2021-11-21T23:53:24,795|[TRACE] graph - -------> nonSkippedChar
2021-11-21T23:53:24,795|[TRACE] script - #out(`C`) [token]
2021-11-21T23:53:24,795|[TRACE] graph - <------- nonSkippedChar
2021-11-21T23:53:24,795|[TRACE] graph - <----- statementPart
2021-11-21T23:53:24,795|[TRACE] graph - -----> statementPart
2021-11-21T23:53:24,795|[TRACE] graph - -------> nonSkippedChar
2021-11-21T23:53:24,795|[TRACE] script - #out(`H`) [token]
2021-11-21T23:53:24,795|[TRACE] graph - <------- nonSkippedChar
2021-11-21T23:53:24,795|[TRACE] graph - <----- statementPart
2021-11-21T23:53:24,795|[TRACE] graph - -----> statementPart
2021-11-21T23:53:24,795|[TRACE] graph - -------> nonSkippedChar
2021-11-21T23:53:24,795|[TRACE] script - #out(`E`) [token]
2021-11-21T23:53:24,795|[TRACE] graph - <------- nonSkippedChar
2021-11-21T23:53:24,795|[TRACE] graph - <----- statementPart
2021-11-21T23:53:24,795|[TRACE] graph - -----> statementPart
2021-11-21T23:53:24,795|[TRACE] graph - -------> nonSkippedChar
2021-11-21T23:53:24,795|[TRACE] script - #out(`C`) [token]
2021-11-21T23:53:24,795|[TRACE] graph - <------- nonSkippedChar
2021-11-21T23:53:24,795|[TRACE] graph - <----- statementPart
2021-11-21T23:53:24,795|[TRACE] graph - -----> statementPart
2021-11-21T23:53:24,795|[TRACE] graph - -------> nonSkippedChar
2021-11-21T23:53:24,795|[TRACE] script - #out(`K`) [token]
2021-11-21T23:53:24,795|[TRACE] graph - <------- nonSkippedChar
2021-11-21T23:53:24,795|[TRACE] graph - <----- statementPart
2021-11-21T23:53:24,795|[TRACE] graph - -----> statementPart
2021-11-21T23:53:24,795|[TRACE] graph - -------> nonSkippedChar
2021-11-21T23:53:24,795|[TRACE] script - #out(`S`) [token]
2021-11-21T23:53:24,795|[TRACE] graph - <------- nonSkippedChar
2021-11-21T23:53:24,795|[TRACE] graph - <----- statementPart
2021-11-21T23:53:24,795|[TRACE] graph - -----> statementPart
2021-11-21T23:53:24,795|[TRACE] graph - -------> nonSkippedChar
2021-11-21T23:53:24,795|[TRACE] script - #out(`=`) [token]
2021-11-21T23:53:24,795|[TRACE] graph - <------- nonSkippedChar
2021-11-21T23:53:24,795|[TRACE] graph - <----- statementPart
2021-11-21T23:53:24,795|[TRACE] graph - -----> statementPart
2021-11-21T23:53:24,795|[TRACE] graph - -------> nonSkippedChar
2021-11-21T23:53:24,795|[TRACE] script - #out(`0`) [token]
2021-11-21T23:53:24,795|[TRACE] graph - <------- nonSkippedChar
2021-11-21T23:53:24,795|[TRACE] graph - <----- statementPart
2021-11-21T23:53:24,795|[DEBUG] graph - Import statement : SET @OLD_FOREIGN_KEY_CHECKS=@@FOREIGN_KEY_CHECKS, FOREIGN_KEY_CHECKS=0
2021-11-21T23:53:24,795|[TRACE] graph - <--- statement
2021-11-21T23:53:24,795|[TRACE] graph - ---> blankSpacesToSkip
2021-11-21T23:53:24,795|[TRACE] graph - -----> newLineToSkip
2021-11-21T23:53:24,795|[TRACE] graph - <----- newLineToSkip
2021-11-21T23:53:24,795|[TRACE] graph - <--- blankSpacesToSkip
2021-11-21T23:53:24,795|[TRACE] graph - ---> statement
2021-11-21T23:53:24,795|[TRACE] graph - -----> statementFirstPart
2021-11-21T23:53:24,795|[TRACE] graph - -------> nonSkippedChar
2021-11-21T23:53:24,795|[TRACE] script - #out(`S`) [token]
2021-11-21T23:53:24,795|[TRACE] graph - <------- nonSkippedChar
2021-11-21T23:53:24,795|[TRACE] graph - <----- statementFirstPart
2021-11-21T23:53:24,795|[TRACE] graph - -----> statementPart
2021-11-21T23:53:24,795|[TRACE] graph - -------> nonSkippedChar
2021-11-21T23:53:24,795|[TRACE] script - #out(`E`) [token]
2021-11-21T23:53:24,795|[TRACE] graph - <------- nonSkippedChar
2021-11-21T23:53:24,795|[TRACE] graph - <----- statementPart
2021-11-21T23:53:24,795|[TRACE] graph - -----> statementPart
2021-11-21T23:53:24,795|[TRACE] graph - -------> nonSkippedChar
2021-11-21T23:53:24,795|[TRACE] script - #out(`T`) [token]
2021-11-21T23:53:24,795|[TRACE] graph - <------- nonSkippedChar
2021-11-21T23:53:24,795|[TRACE] graph - <----- statementPart
2021-11-21T23:53:24,795|[TRACE] graph - -----> statementPart
2021-11-21T23:53:24,795|[TRACE] graph - -------> nonSkippedSpace
2021-11-21T23:53:24,795|[TRACE] script - #out(` `) [token]
2021-11-21T23:53:24,795|[TRACE] graph - <------- nonSkippedSpace
2021-11-21T23:53:24,795|[TRACE] graph - <----- statementPart
2021-11-21T23:53:24,795|[TRACE] graph - -----> statementPart
2021-11-21T23:53:24,795|[TRACE] graph - -------> nonSkippedChar
2021-11-21T23:53:24,795|[TRACE] script - #out(`@`) [token]
2021-11-21T23:53:24,795|[TRACE] graph - <------- nonSkippedChar
2021-11-21T23:53:24,795|[TRACE] graph - <----- statementPart
2021-11-21T23:53:24,795|[TRACE] graph - -----> statementPart
2021-11-21T23:53:24,796|[TRACE] graph - -------> nonSkippedChar
2021-11-21T23:53:24,796|[TRACE] script - #out(`O`) [token]
2021-11-21T23:53:24,796|[TRACE] graph - <------- nonSkippedChar
2021-11-21T23:53:24,796|[TRACE] graph - <----- statementPart
2021-11-21T23:53:24,796|[TRACE] graph - -----> statementPart
2021-11-21T23:53:24,796|[TRACE] graph - -------> nonSkippedChar
2021-11-21T23:53:24,796|[TRACE] script - #out(`L`) [token]
2021-11-21T23:53:24,796|[TRACE] graph - <------- nonSkippedChar
2021-11-21T23:53:24,796|[TRACE] graph - <----- statementPart
2021-11-21T23:53:24,796|[TRACE] graph - -----> statementPart
2021-11-21T23:53:24,796|[TRACE] graph - -------> nonSkippedChar
2021-11-21T23:53:24,796|[TRACE] script - #out(`D`) [token]
2021-11-21T23:53:24,796|[TRACE] graph - <------- nonSkippedChar
2021-11-21T23:53:24,796|[TRACE] graph - <----- statementPart
2021-11-21T23:53:24,796|[TRACE] graph - -----> statementPart
2021-11-21T23:53:24,796|[TRACE] graph - -------> nonSkippedChar
2021-11-21T23:53:24,796|[TRACE] script - #out(`_`) [token]
2021-11-21T23:53:24,796|[TRACE] graph - <------- nonSkippedChar
2021-11-21T23:53:24,796|[TRACE] graph - <----- statementPart
2021-11-21T23:53:24,796|[TRACE] graph - -----> statementPart
2021-11-21T23:53:24,796|[TRACE] graph - -------> nonSkippedChar
2021-11-21T23:53:24,796|[TRACE] script - #out(`S`) [token]
2021-11-21T23:53:24,796|[TRACE] graph - <------- nonSkippedChar
2021-11-21T23:53:24,796|[TRACE] graph - <----- statementPart
2021-11-21T23:53:24,796|[TRACE] graph - -----> statementPart
2021-11-21T23:53:24,796|[TRACE] graph - -------> nonSkippedChar
2021-11-21T23:53:24,796|[TRACE] script - #out(`Q`) [token]
2021-11-21T23:53:24,796|[TRACE] graph - <------- nonSkippedChar
2021-11-21T23:53:24,796|[TRACE] graph - <----- statementPart
2021-11-21T23:53:24,796|[TRACE] graph - -----> statementPart
2021-11-21T23:53:24,796|[TRACE] graph - -------> nonSkippedChar
2021-11-21T23:53:24,796|[TRACE] script - #out(`L`) [token]
2021-11-21T23:53:24,796|[TRACE] graph - <------- nonSkippedChar
2021-11-21T23:53:24,796|[TRACE] graph - <----- statementPart
2021-11-21T23:53:24,796|[TRACE] graph - -----> statementPart
2021-11-21T23:53:24,796|[TRACE] graph - -------> nonSkippedChar
2021-11-21T23:53:24,796|[TRACE] script - #out(`_`) [token]
2021-11-21T23:53:24,796|[TRACE] graph - <------- nonSkippedChar
2021-11-21T23:53:24,796|[TRACE] graph - <----- statementPart
2021-11-21T23:53:24,796|[TRACE] graph - -----> statementPart
2021-11-21T23:53:24,796|[TRACE] graph - -------> nonSkippedChar
2021-11-21T23:53:24,796|[TRACE] script - #out(`M`) [token]
2021-11-21T23:53:24,796|[TRACE] graph - <------- nonSkippedChar
2021-11-21T23:53:24,796|[TRACE] graph - <----- statementPart
2021-11-21T23:53:24,796|[TRACE] graph - -----> statementPart
2021-11-21T23:53:24,796|[TRACE] graph - -------> nonSkippedChar
2021-11-21T23:53:24,796|[TRACE] script - #out(`O`) [token]
2021-11-21T23:53:24,796|[TRACE] graph - <------- nonSkippedChar
2021-11-21T23:53:24,796|[TRACE] graph - <----- statementPart
2021-11-21T23:53:24,796|[TRACE] graph - -----> statementPart
2021-11-21T23:53:24,796|[TRACE] graph - -------> nonSkippedChar
2021-11-21T23:53:24,796|[TRACE] script - #out(`D`) [token]
2021-11-21T23:53:24,796|[TRACE] graph - <------- nonSkippedChar
2021-11-21T23:53:24,796|[TRACE] graph - <----- statementPart
2021-11-21T23:53:24,796|[TRACE] graph - -----> statementPart
2021-11-21T23:53:24,796|[TRACE] graph - -------> nonSkippedChar
2021-11-21T23:53:24,796|[TRACE] script - #out(`E`) [token]
2021-11-21T23:53:24,796|[TRACE] graph - <------- nonSkippedChar
2021-11-21T23:53:24,796|[TRACE] graph - <----- statementPart
2021-11-21T23:53:24,796|[TRACE] graph - -----> statementPart
2021-11-21T23:53:24,796|[TRACE] graph - -------> nonSkippedChar
2021-11-21T23:53:24,796|[TRACE] script - #out(`=`) [token]
2021-11-21T23:53:24,796|[TRACE] graph - <------- nonSkippedChar
2021-11-21T23:53:24,796|[TRACE] graph - <----- statementPart
2021-11-21T23:53:24,796|[TRACE] graph - -----> statementPart
2021-11-21T23:53:24,796|[TRACE] graph - -------> nonSkippedChar
2021-11-21T23:53:24,796|[TRACE] script - #out(`@`) [token]
2021-11-21T23:53:24,796|[TRACE] graph - <------- nonSkippedChar
2021-11-21T23:53:24,796|[TRACE] graph - <----- statementPart
2021-11-21T23:53:24,796|[TRACE] graph - -----> statementPart
2021-11-21T23:53:24,796|[TRACE] graph - -------> nonSkippedChar
2021-11-21T23:53:24,796|[TRACE] script - #out(`@`) [token]
2021-11-21T23:53:24,796|[TRACE] graph - <------- nonSkippedChar
2021-11-21T23:53:24,796|[TRACE] graph - <----- statementPart
2021-11-21T23:53:24,796|[TRACE] graph - -----> statementPart
2021-11-21T23:53:24,796|[TRACE] graph - -------> nonSkippedChar
2021-11-21T23:53:24,796|[TRACE] script - #out(`S`) [token]
2021-11-21T23:53:24,796|[TRACE] graph - <------- nonSkippedChar
2021-11-21T23:53:24,796|[TRACE] graph - <----- statementPart
2021-11-21T23:53:24,796|[TRACE] graph - -----> statementPart
2021-11-21T23:53:24,796|[TRACE] graph - -------> nonSkippedChar
2021-11-21T23:53:24,796|[TRACE] script - #out(`Q`) [token]
2021-11-21T23:53:24,796|[TRACE] graph - <------- nonSkippedChar
2021-11-21T23:53:24,796|[TRACE] graph - <----- statementPart
2021-11-21T23:53:24,796|[TRACE] graph - -----> statementPart
2021-11-21T23:53:24,796|[TRACE] graph - -------> nonSkippedChar
2021-11-21T23:53:24,796|[TRACE] script - #out(`L`) [token]
2021-11-21T23:53:24,796|[TRACE] graph - <------- nonSkippedChar
2021-11-21T23:53:24,796|[TRACE] graph - <----- statementPart
2021-11-21T23:53:24,796|[TRACE] graph - -----> statementPart
2021-11-21T23:53:24,796|[TRACE] graph - -------> nonSkippedChar
2021-11-21T23:53:24,796|[TRACE] script - #out(`_`) [token]
2021-11-21T23:53:24,796|[TRACE] graph - <------- nonSkippedChar
2021-11-21T23:53:24,796|[TRACE] graph - <----- statementPart
2021-11-21T23:53:24,796|[TRACE] graph - -----> statementPart
2021-11-21T23:53:24,796|[TRACE] graph - -------> nonSkippedChar
2021-11-21T23:53:24,796|[TRACE] script - #out(`M`) [token]
2021-11-21T23:53:24,796|[TRACE] graph - <------- nonSkippedChar
2021-11-21T23:53:24,796|[TRACE] graph - <----- statementPart
2021-11-21T23:53:24,796|[TRACE] graph - -----> statementPart
2021-11-21T23:53:24,796|[TRACE] graph - -------> nonSkippedChar
2021-11-21T23:53:24,796|[TRACE] script - #out(`O`) [token]
2021-11-21T23:53:24,796|[TRACE] graph - <------- nonSkippedChar
2021-11-21T23:53:24,796|[TRACE] graph - <----- statementPart
2021-11-21T23:53:24,796|[TRACE] graph - -----> statementPart
2021-11-21T23:53:24,796|[TRACE] graph - -------> nonSkippedChar
2021-11-21T23:53:24,796|[TRACE] script - #out(`D`) [token]
2021-11-21T23:53:24,796|[TRACE] graph - <------- nonSkippedChar
2021-11-21T23:53:24,796|[TRACE] graph - <----- statementPart
2021-11-21T23:53:24,796|[TRACE] graph - -----> statementPart
2021-11-21T23:53:24,796|[TRACE] graph - -------> nonSkippedChar
2021-11-21T23:53:24,796|[TRACE] script - #out(`E`) [token]
2021-11-21T23:53:24,796|[TRACE] graph - <------- nonSkippedChar
2021-11-21T23:53:24,796|[TRACE] graph - <----- statementPart
2021-11-21T23:53:24,796|[TRACE] graph - -----> statementPart
2021-11-21T23:53:24,796|[TRACE] graph - -------> nonSkippedChar
2021-11-21T23:53:24,796|[TRACE] script - #out(`,`) [token]
2021-11-21T23:53:24,796|[TRACE] graph - <------- nonSkippedChar
2021-11-21T23:53:24,796|[TRACE] graph - <----- statementPart
2021-11-21T23:53:24,796|[TRACE] graph - -----> statementPart
2021-11-21T23:53:24,796|[TRACE] graph - -------> nonSkippedSpace
2021-11-21T23:53:24,796|[TRACE] script - #out(` `) [token]
2021-11-21T23:53:24,796|[TRACE] graph - <------- nonSkippedSpace
2021-11-21T23:53:24,796|[TRACE] graph - <----- statementPart
2021-11-21T23:53:24,796|[TRACE] graph - -----> statementPart
2021-11-21T23:53:24,796|[TRACE] graph - -------> nonSkippedChar
2021-11-21T23:53:24,796|[TRACE] script - #out(`S`) [token]
2021-11-21T23:53:24,796|[TRACE] graph - <------- nonSkippedChar
2021-11-21T23:53:24,796|[TRACE] graph - <----- statementPart
2021-11-21T23:53:24,796|[TRACE] graph - -----> statementPart
2021-11-21T23:53:24,796|[TRACE] graph - -------> nonSkippedChar
2021-11-21T23:53:24,796|[TRACE] script - #out(`Q`) [token]
2021-11-21T23:53:24,796|[TRACE] graph - <------- nonSkippedChar
2021-11-21T23:53:24,796|[TRACE] graph - <----- statementPart
2021-11-21T23:53:24,796|[TRACE] graph - -----> statementPart
2021-11-21T23:53:24,796|[TRACE] graph - -------> nonSkippedChar
2021-11-21T23:53:24,796|[TRACE] script - #out(`L`) [token]
2021-11-21T23:53:24,796|[TRACE] graph - <------- nonSkippedChar
2021-11-21T23:53:24,796|[TRACE] graph - <----- statementPart
2021-11-21T23:53:24,796|[TRACE] graph - -----> statementPart
2021-11-21T23:53:24,796|[TRACE] graph - -------> nonSkippedChar
2021-11-21T23:53:24,796|[TRACE] script - #out(`_`) [token]
2021-11-21T23:53:24,796|[TRACE] graph - <------- nonSkippedChar
2021-11-21T23:53:24,796|[TRACE] graph - <----- statementPart
2021-11-21T23:53:24,796|[TRACE] graph - -----> statementPart
2021-11-21T23:53:24,796|[TRACE] graph - -------> nonSkippedChar
2021-11-21T23:53:24,796|[TRACE] script - #out(`M`) [token]
2021-11-21T23:53:24,796|[TRACE] graph - <------- nonSkippedChar
2021-11-21T23:53:24,796|[TRACE] graph - <----- statementPart
2021-11-21T23:53:24,796|[TRACE] graph - -----> statementPart
2021-11-21T23:53:24,796|[TRACE] graph - -------> nonSkippedChar
2021-11-21T23:53:24,796|[TRACE] script - #out(`O`) [token]
2021-11-21T23:53:24,796|[TRACE] graph - <------- nonSkippedChar
2021-11-21T23:53:24,796|[TRACE] graph - <----- statementPart
2021-11-21T23:53:24,796|[TRACE] graph - -----> statementPart
2021-11-21T23:53:24,796|[TRACE] graph - -------> nonSkippedChar
2021-11-21T23:53:24,796|[TRACE] script - #out(`D`) [token]
2021-11-21T23:53:24,796|[TRACE] graph - <------- nonSkippedChar
2021-11-21T23:53:24,796|[TRACE] graph - <----- statementPart
2021-11-21T23:53:24,796|[TRACE] graph - -----> statementPart
2021-11-21T23:53:24,796|[TRACE] graph - -------> nonSkippedChar
2021-11-21T23:53:24,796|[TRACE] script - #out(`E`) [token]
2021-11-21T23:53:24,796|[TRACE] graph - <------- nonSkippedChar
2021-11-21T23:53:24,796|[TRACE] graph - <----- statementPart
2021-11-21T23:53:24,796|[TRACE] graph - -----> statementPart
2021-11-21T23:53:24,796|[TRACE] graph - -------> nonSkippedChar
2021-11-21T23:53:24,796|[TRACE] script - #out(`=`) [token]
2021-11-21T23:53:24,796|[TRACE] graph - <------- nonSkippedChar
2021-11-21T23:53:24,796|[TRACE] graph - <----- statementPart
2021-11-21T23:53:24,796|[TRACE] graph - -----> statementPart
2021-11-21T23:53:24,796|[TRACE] graph - -------> quotedString
2021-11-21T23:53:24,796|[TRACE] script - #out(`'ONLY_FULL_GROUP_BY,STRICT_TRANS_TABLES,NO_ZERO_IN_DATE,NO_ZERO_DATE,ERROR_FOR_DIVISION_BY_ZERO,NO_ENGINE_SUBSTITUTION'`) [token]
2021-11-21T23:53:24,796|[TRACE] graph - <------- quotedString
2021-11-21T23:53:24,796|[TRACE] graph - <----- statementPart
2021-11-21T23:53:24,796|[DEBUG] graph - Import statement : SET @OLD_SQL_MODE=@@SQL_MODE, SQL_MODE='ONLY_FULL_GROUP_BY,STRICT_TRANS_TABLES,NO_ZERO_IN_DATE,NO_ZERO_DATE,ERROR_FOR_DIVISION_BY_ZERO,NO_ENGINE_SUBSTITUTION'
2021-11-21T23:53:24,796|[TRACE] graph - <--- statement
2021-11-21T23:53:24,796|[TRACE] graph - ---> blankSpacesToSkip
2021-11-21T23:53:24,796|[TRACE] graph - -----> newLineToSkip
2021-11-21T23:53:24,797|[TRACE] graph - <----- newLineToSkip
2021-11-21T23:53:24,797|[TRACE] graph - -----> newLineToSkip
2021-11-21T23:53:24,797|[TRACE] graph - <----- newLineToSkip
2021-11-21T23:53:24,797|[TRACE] graph - -----> newLineToSkip
2021-11-21T23:53:24,797|[TRACE] graph - <----- newLineToSkip
2021-11-21T23:53:24,797|[TRACE] graph - -----> newLineToSkip
2021-11-21T23:53:24,797|[TRACE] graph - <----- newLineToSkip
2021-11-21T23:53:24,797|[TRACE] graph - -----> newLineToSkip
2021-11-21T23:53:24,797|[TRACE] graph - <----- newLineToSkip
2021-11-21T23:53:24,797|[TRACE] graph - <--- blankSpacesToSkip
2021-11-21T23:53:24,797|[TRACE] graph - ---> statement
2021-11-21T23:53:24,797|[TRACE] graph - -----> statementFirstPart
2021-11-21T23:53:24,797|[TRACE] graph - -------> nonSkippedChar
2021-11-21T23:53:24,797|[TRACE] script - #out(`C`) [token]
2021-11-21T23:53:24,797|[TRACE] graph - <------- nonSkippedChar
2021-11-21T23:53:24,797|[TRACE] graph - <----- statementFirstPart
2021-11-21T23:53:24,797|[TRACE] graph - -----> statementPart
2021-11-21T23:53:24,797|[TRACE] graph - -------> nonSkippedChar
2021-11-21T23:53:24,797|[TRACE] script - #out(`R`) [token]
2021-11-21T23:53:24,797|[TRACE] graph - <------- nonSkippedChar
2021-11-21T23:53:24,797|[TRACE] graph - <----- statementPart
2021-11-21T23:53:24,797|[TRACE] graph - -----> statementPart
2021-11-21T23:53:24,797|[TRACE] graph - -------> nonSkippedChar
2021-11-21T23:53:24,797|[TRACE] script - #out(`E`) [token]
2021-11-21T23:53:24,797|[TRACE] graph - <------- nonSkippedChar
2021-11-21T23:53:24,797|[TRACE] graph - <----- statementPart
2021-11-21T23:53:24,797|[TRACE] graph - -----> statementPart
2021-11-21T23:53:24,797|[TRACE] graph - -------> nonSkippedChar
2021-11-21T23:53:24,797|[TRACE] script - #out(`A`) [token]
2021-11-21T23:53:24,797|[TRACE] graph - <------- nonSkippedChar
2021-11-21T23:53:24,797|[TRACE] graph - <----- statementPart
2021-11-21T23:53:24,797|[TRACE] graph - -----> statementPart
2021-11-21T23:53:24,797|[TRACE] graph - -------> nonSkippedChar
2021-11-21T23:53:24,797|[TRACE] script - #out(`T`) [token]
2021-11-21T23:53:24,797|[TRACE] graph - <------- nonSkippedChar
2021-11-21T23:53:24,797|[TRACE] graph - <----- statementPart
2021-11-21T23:53:24,797|[TRACE] graph - -----> statementPart
2021-11-21T23:53:24,797|[TRACE] graph - -------> nonSkippedChar
2021-11-21T23:53:24,797|[TRACE] script - #out(`E`) [token]
2021-11-21T23:53:24,797|[TRACE] graph - <------- nonSkippedChar
2021-11-21T23:53:24,797|[TRACE] graph - <----- statementPart
2021-11-21T23:53:24,797|[TRACE] graph - -----> statementPart
2021-11-21T23:53:24,797|[TRACE] graph - -------> nonSkippedSpace
2021-11-21T23:53:24,797|[TRACE] script - #out(` `) [token]
2021-11-21T23:53:24,797|[TRACE] graph - <------- nonSkippedSpace
2021-11-21T23:53:24,797|[TRACE] graph - <----- statementPart
2021-11-21T23:53:24,797|[TRACE] graph - -----> statementPart
2021-11-21T23:53:24,797|[TRACE] graph - -------> nonSkippedChar
2021-11-21T23:53:24,797|[TRACE] script - #out(`S`) [token]
2021-11-21T23:53:24,797|[TRACE] graph - <------- nonSkippedChar
2021-11-21T23:53:24,797|[TRACE] graph - <----- statementPart
2021-11-21T23:53:24,797|[TRACE] graph - -----> statementPart
2021-11-21T23:53:24,797|[TRACE] graph - -------> nonSkippedChar
2021-11-21T23:53:24,797|[TRACE] script - #out(`C`) [token]
2021-11-21T23:53:24,797|[TRACE] graph - <------- nonSkippedChar
2021-11-21T23:53:24,797|[TRACE] graph - <----- statementPart
2021-11-21T23:53:24,797|[TRACE] graph - -----> statementPart
2021-11-21T23:53:24,797|[TRACE] graph - -------> nonSkippedChar
2021-11-21T23:53:24,797|[TRACE] script - #out(`H`) [token]
2021-11-21T23:53:24,797|[TRACE] graph - <------- nonSkippedChar
2021-11-21T23:53:24,797|[TRACE] graph - <----- statementPart
2021-11-21T23:53:24,797|[TRACE] graph - -----> statementPart
2021-11-21T23:53:24,797|[TRACE] graph - -------> nonSkippedChar
2021-11-21T23:53:24,797|[TRACE] script - #out(`E`) [token]
2021-11-21T23:53:24,797|[TRACE] graph - <------- nonSkippedChar
2021-11-21T23:53:24,797|[TRACE] graph - <----- statementPart
2021-11-21T23:53:24,797|[TRACE] graph - -----> statementPart
2021-11-21T23:53:24,797|[TRACE] graph - -------> nonSkippedChar
2021-11-21T23:53:24,797|[TRACE] script - #out(`M`) [token]
2021-11-21T23:53:24,797|[TRACE] graph - <------- nonSkippedChar
2021-11-21T23:53:24,797|[TRACE] graph - <----- statementPart
2021-11-21T23:53:24,797|[TRACE] graph - -----> statementPart
2021-11-21T23:53:24,797|[TRACE] graph - -------> nonSkippedChar
2021-11-21T23:53:24,797|[TRACE] script - #out(`A`) [token]
2021-11-21T23:53:24,797|[TRACE] graph - <------- nonSkippedChar
2021-11-21T23:53:24,797|[TRACE] graph - <----- statementPart
2021-11-21T23:53:24,797|[TRACE] graph - -----> statementPart
2021-11-21T23:53:24,797|[TRACE] graph - -------> nonSkippedSpace
2021-11-21T23:53:24,797|[TRACE] script - #out(` `) [token]
2021-11-21T23:53:24,797|[TRACE] graph - <------- nonSkippedSpace
2021-11-21T23:53:24,797|[TRACE] graph - <----- statementPart
2021-11-21T23:53:24,797|[TRACE] graph - -----> statementPart
2021-11-21T23:53:24,797|[TRACE] graph - -------> nonSkippedChar
2021-11-21T23:53:24,797|[TRACE] script - #out(`I`) [token]
2021-11-21T23:53:24,797|[TRACE] graph - <------- nonSkippedChar
2021-11-21T23:53:24,797|[TRACE] graph - <----- statementPart
2021-11-21T23:53:24,797|[TRACE] graph - -----> statementPart
2021-11-21T23:53:24,797|[TRACE] graph - -------> nonSkippedChar
2021-11-21T23:53:24,797|[TRACE] script - #out(`F`) [token]
2021-11-21T23:53:24,797|[TRACE] graph - <------- nonSkippedChar
2021-11-21T23:53:24,797|[TRACE] graph - <----- statementPart
2021-11-21T23:53:24,797|[TRACE] graph - -----> statementPart
2021-11-21T23:53:24,797|[TRACE] graph - -------> nonSkippedSpace
2021-11-21T23:53:24,797|[TRACE] script - #out(` `) [token]
2021-11-21T23:53:24,797|[TRACE] graph - <------- nonSkippedSpace
2021-11-21T23:53:24,797|[TRACE] graph - <----- statementPart
2021-11-21T23:53:24,797|[TRACE] graph - -----> statementPart
2021-11-21T23:53:24,797|[TRACE] graph - -------> nonSkippedChar
2021-11-21T23:53:24,797|[TRACE] script - #out(`N`) [token]
2021-11-21T23:53:24,797|[TRACE] graph - <------- nonSkippedChar
2021-11-21T23:53:24,797|[TRACE] graph - <----- statementPart
2021-11-21T23:53:24,797|[TRACE] graph - -----> statementPart
2021-11-21T23:53:24,797|[TRACE] graph - -------> nonSkippedChar
2021-11-21T23:53:24,797|[TRACE] script - #out(`O`) [token]
2021-11-21T23:53:24,797|[TRACE] graph - <------- nonSkippedChar
2021-11-21T23:53:24,797|[TRACE] graph - <----- statementPart
2021-11-21T23:53:24,797|[TRACE] graph - -----> statementPart
2021-11-21T23:53:24,797|[TRACE] graph - -------> nonSkippedChar
2021-11-21T23:53:24,797|[TRACE] script - #out(`T`) [token]
2021-11-21T23:53:24,797|[TRACE] graph - <------- nonSkippedChar
2021-11-21T23:53:24,797|[TRACE] graph - <----- statementPart
2021-11-21T23:53:24,797|[TRACE] graph - -----> statementPart
2021-11-21T23:53:24,797|[TRACE] graph - -------> nonSkippedSpace
2021-11-21T23:53:24,797|[TRACE] script - #out(` `) [token]
2021-11-21T23:53:24,797|[TRACE] graph - <------- nonSkippedSpace
2021-11-21T23:53:24,797|[TRACE] graph - <----- statementPart
2021-11-21T23:53:24,797|[TRACE] graph - -----> statementPart
2021-11-21T23:53:24,797|[TRACE] graph - -------> nonSkippedChar
2021-11-21T23:53:24,797|[TRACE] script - #out(`E`) [token]
2021-11-21T23:53:24,797|[TRACE] graph - <------- nonSkippedChar
2021-11-21T23:53:24,797|[TRACE] graph - <----- statementPart
2021-11-21T23:53:24,797|[TRACE] graph - -----> statementPart
2021-11-21T23:53:24,797|[TRACE] graph - -------> nonSkippedChar
2021-11-21T23:53:24,797|[TRACE] script - #out(`X`) [token]
2021-11-21T23:53:24,797|[TRACE] graph - <------- nonSkippedChar
2021-11-21T23:53:24,797|[TRACE] graph - <----- statementPart
2021-11-21T23:53:24,797|[TRACE] graph - -----> statementPart
2021-11-21T23:53:24,797|[TRACE] graph - -------> nonSkippedChar
2021-11-21T23:53:24,797|[TRACE] script - #out(`I`) [token]
2021-11-21T23:53:24,797|[TRACE] graph - <------- nonSkippedChar
2021-11-21T23:53:24,797|[TRACE] graph - <----- statementPart
2021-11-21T23:53:24,797|[TRACE] graph - -----> statementPart
2021-11-21T23:53:24,797|[TRACE] graph - -------> nonSkippedChar
2021-11-21T23:53:24,797|[TRACE] script - #out(`S`) [token]
2021-11-21T23:53:24,797|[TRACE] graph - <------- nonSkippedChar
2021-11-21T23:53:24,797|[TRACE] graph - <----- statementPart
2021-11-21T23:53:24,797|[TRACE] graph - -----> statementPart
2021-11-21T23:53:24,797|[TRACE] graph - -------> nonSkippedChar
2021-11-21T23:53:24,797|[TRACE] script - #out(`T`) [token]
2021-11-21T23:53:24,797|[TRACE] graph - <------- nonSkippedChar
2021-11-21T23:53:24,797|[TRACE] graph - <----- statementPart
2021-11-21T23:53:24,797|[TRACE] graph - -----> statementPart
2021-11-21T23:53:24,797|[TRACE] graph - -------> nonSkippedChar
2021-11-21T23:53:24,797|[TRACE] script - #out(`S`) [token]
2021-11-21T23:53:24,797|[TRACE] graph - <------- nonSkippedChar
2021-11-21T23:53:24,832|[TRACE] graph - <----- statementPart
2021-11-21T23:53:24,832|[TRACE] graph - -----> statementPart
2021-11-21T23:53:24,832|[TRACE] graph - -------> nonSkippedSpace
2021-11-21T23:53:24,832|[TRACE] script - #out(` `) [token]
2021-11-21T23:53:24,832|[TRACE] graph - <------- nonSkippedSpace
2021-11-21T23:53:24,832|[TRACE] graph - <----- statementPart
2021-11-21T23:53:24,832|[TRACE] graph - -----> statementPart
2021-11-21T23:53:24,832|[TRACE] graph - -------> quotedString
2021-11-21T23:53:24,832|[TRACE] script - #out(``bloodbank``) [token]
2021-11-21T23:53:24,832|[TRACE] graph - <------- quotedString
2021-11-21T23:53:24,832|[TRACE] graph - <----- statementPart
2021-11-21T23:53:24,832|[TRACE] graph - -----> statementPart
2021-11-21T23:53:24,832|[TRACE] graph - -------> nonSkippedSpace
2021-11-21T23:53:24,832|[TRACE] script - #out(` `) [token]
2021-11-21T23:53:24,832|[TRACE] graph - <------- nonSkippedSpace
2021-11-21T23:53:24,832|[TRACE] graph - <----- statementPart
2021-11-21T23:53:24,832|[TRACE] graph - -----> statementPart
2021-11-21T23:53:24,832|[TRACE] graph - -------> nonSkippedChar
2021-11-21T23:53:24,832|[TRACE] script - #out(`D`) [token]
2021-11-21T23:53:24,832|[TRACE] graph - <------- nonSkippedChar
2021-11-21T23:53:24,832|[TRACE] graph - <----- statementPart
2021-11-21T23:53:24,832|[TRACE] graph - -----> statementPart
2021-11-21T23:53:24,832|[TRACE] graph - -------> nonSkippedChar
2021-11-21T23:53:24,832|[TRACE] script - #out(`E`) [token]
2021-11-21T23:53:24,832|[TRACE] graph - <------- nonSkippedChar
2021-11-21T23:53:24,832|[TRACE] graph - <----- statementPart
2021-11-21T23:53:24,832|[TRACE] graph - -----> statementPart
2021-11-21T23:53:24,832|[TRACE] graph - -------> nonSkippedChar
2021-11-21T23:53:24,832|[TRACE] script - #out(`F`) [token]
2021-11-21T23:53:24,832|[TRACE] graph - <------- nonSkippedChar
2021-11-21T23:53:24,832|[TRACE] graph - <----- statementPart
2021-11-21T23:53:24,832|[TRACE] graph - -----> statementPart
2021-11-21T23:53:24,832|[TRACE] graph - -------> nonSkippedChar
2021-11-21T23:53:24,832|[TRACE] script - #out(`A`) [token]
2021-11-21T23:53:24,832|[TRACE] graph - <------- nonSkippedChar
2021-11-21T23:53:24,832|[TRACE] graph - <----- statementPart
2021-11-21T23:53:24,832|[TRACE] graph - -----> statementPart
2021-11-21T23:53:24,832|[TRACE] graph - -------> nonSkippedChar
2021-11-21T23:53:24,832|[TRACE] script - #out(`U`) [token]
2021-11-21T23:53:24,833|[TRACE] graph - <------- nonSkippedChar
2021-11-21T23:53:24,833|[TRACE] graph - <----- statementPart
2021-11-21T23:53:24,833|[TRACE] graph - -----> statementPart
2021-11-21T23:53:24,833|[TRACE] graph - -------> nonSkippedChar
2021-11-21T23:53:24,833|[TRACE] script - #out(`L`) [token]
2021-11-21T23:53:24,833|[TRACE] graph - <------- nonSkippedChar
2021-11-21T23:53:24,833|[TRACE] graph - <----- statementPart
2021-11-21T23:53:24,833|[TRACE] graph - -----> statementPart
2021-11-21T23:53:24,833|[TRACE] graph - -------> nonSkippedChar
2021-11-21T23:53:24,833|[TRACE] script - #out(`T`) [token]
2021-11-21T23:53:24,833|[TRACE] graph - <------- nonSkippedChar
2021-11-21T23:53:24,833|[TRACE] graph - <----- statementPart
2021-11-21T23:53:24,833|[TRACE] graph - -----> statementPart
2021-11-21T23:53:24,833|[TRACE] graph - -------> nonSkippedSpace
2021-11-21T23:53:24,833|[TRACE] script - #out(` `) [token]
2021-11-21T23:53:24,833|[TRACE] graph - <------- nonSkippedSpace
2021-11-21T23:53:24,833|[TRACE] graph - <----- statementPart
2021-11-21T23:53:24,833|[TRACE] graph - -----> statementPart
2021-11-21T23:53:24,833|[TRACE] graph - -------> nonSkippedChar
2021-11-21T23:53:24,833|[TRACE] script - #out(`C`) [token]
2021-11-21T23:53:24,833|[TRACE] graph - <------- nonSkippedChar
2021-11-21T23:53:24,833|[TRACE] graph - <----- statementPart
2021-11-21T23:53:24,833|[TRACE] graph - -----> statementPart
2021-11-21T23:53:24,833|[TRACE] graph - -------> nonSkippedChar
2021-11-21T23:53:24,833|[TRACE] script - #out(`H`) [token]
2021-11-21T23:53:24,833|[TRACE] graph - <------- nonSkippedChar
2021-11-21T23:53:24,833|[TRACE] graph - <----- statementPart
2021-11-21T23:53:24,833|[TRACE] graph - -----> statementPart
2021-11-21T23:53:24,833|[TRACE] graph - -------> nonSkippedChar
2021-11-21T23:53:24,833|[TRACE] script - #out(`A`) [token]
2021-11-21T23:53:24,833|[TRACE] graph - <------- nonSkippedChar
2021-11-21T23:53:24,833|[TRACE] graph - <----- statementPart
2021-11-21T23:53:24,833|[TRACE] graph - -----> statementPart
2021-11-21T23:53:24,833|[TRACE] graph - -------> nonSkippedChar
2021-11-21T23:53:24,833|[TRACE] script - #out(`R`) [token]
2021-11-21T23:53:24,833|[TRACE] graph - <------- nonSkippedChar
2021-11-21T23:53:24,833|[TRACE] graph - <----- statementPart
2021-11-21T23:53:24,833|[TRACE] graph - -----> statementPart
2021-11-21T23:53:24,833|[TRACE] graph - -------> nonSkippedChar
2021-11-21T23:53:24,833|[TRACE] script - #out(`A`) [token]
2021-11-21T23:53:24,833|[TRACE] graph - <------- nonSkippedChar
2021-11-21T23:53:24,833|[TRACE] graph - <----- statementPart
2021-11-21T23:53:24,833|[TRACE] graph - -----> statementPart
2021-11-21T23:53:24,833|[TRACE] graph - -------> nonSkippedChar
2021-11-21T23:53:24,833|[TRACE] script - #out(`C`) [token]
2021-11-21T23:53:24,833|[TRACE] graph - <------- nonSkippedChar
2021-11-21T23:53:24,833|[TRACE] graph - <----- statementPart
2021-11-21T23:53:24,833|[TRACE] graph - -----> statementPart
2021-11-21T23:53:24,833|[TRACE] graph - -------> nonSkippedChar
2021-11-21T23:53:24,833|[TRACE] script - #out(`T`) [token]
2021-11-21T23:53:24,833|[TRACE] graph - <------- nonSkippedChar
2021-11-21T23:53:24,833|[TRACE] graph - <----- statementPart
2021-11-21T23:53:24,833|[TRACE] graph - -----> statementPart
2021-11-21T23:53:24,833|[TRACE] graph - -------> nonSkippedChar
2021-11-21T23:53:24,833|[TRACE] script - #out(`E`) [token]
2021-11-21T23:53:24,833|[TRACE] graph - <------- nonSkippedChar
2021-11-21T23:53:24,833|[TRACE] graph - <----- statementPart
2021-11-21T23:53:24,833|[TRACE] graph - -----> statementPart
2021-11-21T23:53:24,833|[TRACE] graph - -------> nonSkippedChar
2021-11-21T23:53:24,833|[TRACE] script - #out(`R`) [token]
2021-11-21T23:53:24,833|[TRACE] graph - <------- nonSkippedChar
2021-11-21T23:53:24,833|[TRACE] graph - <----- statementPart
2021-11-21T23:53:24,833|[TRACE] graph - -----> statementPart
2021-11-21T23:53:24,833|[TRACE] graph - -------> nonSkippedSpace
2021-11-21T23:53:24,833|[TRACE] script - #out(` `) [token]
2021-11-21T23:53:24,833|[TRACE] graph - <------- nonSkippedSpace
2021-11-21T23:53:24,833|[TRACE] graph - <----- statementPart
2021-11-21T23:53:24,833|[TRACE] graph - -----> statementPart
2021-11-21T23:53:24,833|[TRACE] graph - -------> nonSkippedChar
2021-11-21T23:53:24,833|[TRACE] script - #out(`S`) [token]
2021-11-21T23:53:24,833|[TRACE] graph - <------- nonSkippedChar
2021-11-21T23:53:24,833|[TRACE] graph - <----- statementPart
2021-11-21T23:53:24,833|[TRACE] graph - -----> statementPart
2021-11-21T23:53:24,833|[TRACE] graph - -------> nonSkippedChar
2021-11-21T23:53:24,833|[TRACE] script - #out(`E`) [token]
2021-11-21T23:53:24,833|[TRACE] graph - <------- nonSkippedChar
2021-11-21T23:53:24,833|[TRACE] graph - <----- statementPart
2021-11-21T23:53:24,833|[TRACE] graph - -----> statementPart
2021-11-21T23:53:24,833|[TRACE] graph - -------> nonSkippedChar
2021-11-21T23:53:24,833|[TRACE] script - #out(`T`) [token]
2021-11-21T23:53:24,833|[TRACE] graph - <------- nonSkippedChar
2021-11-21T23:53:24,833|[TRACE] graph - <----- statementPart
2021-11-21T23:53:24,833|[TRACE] graph - -----> statementPart
2021-11-21T23:53:24,833|[TRACE] graph - -------> nonSkippedSpace
2021-11-21T23:53:24,833|[TRACE] script - #out(` `) [token]
2021-11-21T23:53:24,833|[TRACE] graph - <------- nonSkippedSpace
2021-11-21T23:53:24,833|[TRACE] graph - <----- statementPart
2021-11-21T23:53:24,833|[TRACE] graph - -----> statementPart
2021-11-21T23:53:24,833|[TRACE] graph - -------> nonSkippedChar
2021-11-21T23:53:24,833|[TRACE] script - #out(`u`) [token]
2021-11-21T23:53:24,833|[TRACE] graph - <------- nonSkippedChar
2021-11-21T23:53:24,833|[TRACE] graph - <----- statementPart
2021-11-21T23:53:24,833|[TRACE] graph - -----> statementPart
2021-11-21T23:53:24,833|[TRACE] graph - -------> nonSkippedChar
2021-11-21T23:53:24,833|[TRACE] script - #out(`t`) [token]
2021-11-21T23:53:24,833|[TRACE] graph - <------- nonSkippedChar
2021-11-21T23:53:24,833|[TRACE] graph - <----- statementPart
2021-11-21T23:53:24,833|[TRACE] graph - -----> statementPart
2021-11-21T23:53:24,833|[TRACE] graph - -------> nonSkippedChar
2021-11-21T23:53:24,833|[TRACE] script - #out(`f`) [token]
2021-11-21T23:53:24,833|[TRACE] graph - <------- nonSkippedChar
2021-11-21T23:53:24,833|[TRACE] graph - <----- statementPart
2021-11-21T23:53:24,833|[TRACE] graph - -----> statementPart
2021-11-21T23:53:24,833|[TRACE] graph - -------> nonSkippedChar
2021-11-21T23:53:24,833|[TRACE] script - #out(`8`) [token]
2021-11-21T23:53:24,833|[TRACE] graph - <------- nonSkippedChar
2021-11-21T23:53:24,833|[TRACE] graph - <----- statementPart
2021-11-21T23:53:24,833|[TRACE] graph - -----> statementPart
2021-11-21T23:53:24,833|[TRACE] graph - -------> nonSkippedChar
2021-11-21T23:53:24,833|[TRACE] script - #out(`m`) [token]
2021-11-21T23:53:24,833|[TRACE] graph - <------- nonSkippedChar
2021-11-21T23:53:24,833|[TRACE] graph - <----- statementPart
2021-11-21T23:53:24,833|[TRACE] graph - -----> statementPart
2021-11-21T23:53:24,833|[TRACE] graph - -------> nonSkippedChar
2021-11-21T23:53:24,833|[TRACE] script - #out(`b`) [token]
2021-11-21T23:53:24,833|[TRACE] graph - <------- nonSkippedChar
2021-11-21T23:53:24,833|[TRACE] graph - <----- statementPart
2021-11-21T23:53:24,833|[TRACE] graph - -----> statementPart
2021-11-21T23:53:24,833|[TRACE] graph - -------> nonSkippedChar
2021-11-21T23:53:24,833|[TRACE] script - #out(`4`) [token]
2021-11-21T23:53:24,833|[TRACE] graph - <------- nonSkippedChar
2021-11-21T23:53:24,833|[TRACE] graph - <----- statementPart
2021-11-21T23:53:24,833|[TRACE] graph - -----> statementPart
2021-11-21T23:53:24,833|[TRACE] graph - -------> nonSkippedSpace
2021-11-21T23:53:24,833|[TRACE] script - #out(` `) [token]
2021-11-21T23:53:24,833|[TRACE] graph - <------- nonSkippedSpace
2021-11-21T23:53:24,833|[TRACE] graph - <----- statementPart
2021-11-21T23:53:24,833|[TRACE] graph - -----> statementPart
2021-11-21T23:53:24,833|[TRACE] graph - -------> nonSkippedChar
2021-11-21T23:53:24,833|[TRACE] script - #out(`C`) [token]
2021-11-21T23:53:24,833|[TRACE] graph - <------- nonSkippedChar
2021-11-21T23:53:24,833|[TRACE] graph - <----- statementPart
2021-11-21T23:53:24,833|[TRACE] graph - -----> statementPart
2021-11-21T23:53:24,833|[TRACE] graph - -------> nonSkippedChar
2021-11-21T23:53:24,833|[TRACE] script - #out(`O`) [token]
2021-11-21T23:53:24,833|[TRACE] graph - <------- nonSkippedChar
2021-11-21T23:53:24,833|[TRACE] graph - <----- statementPart
2021-11-21T23:53:24,833|[TRACE] graph - -----> statementPart
2021-11-21T23:53:24,833|[TRACE] graph - -------> nonSkippedChar
2021-11-21T23:53:24,833|[TRACE] script - #out(`L`) [token]
2021-11-21T23:53:24,833|[TRACE] graph - <------- nonSkippedChar
2021-11-21T23:53:24,833|[TRACE] graph - <----- statementPart
2021-11-21T23:53:24,833|[TRACE] graph - -----> statementPart
2021-11-21T23:53:24,833|[TRACE] graph - -------> nonSkippedChar
2021-11-21T23:53:24,833|[TRACE] script - #out(`L`) [token]
2021-11-21T23:53:24,833|[TRACE] graph - <------- nonSkippedChar
2021-11-21T23:53:24,833|[TRACE] graph - <----- statementPart
2021-11-21T23:53:24,833|[TRACE] graph - -----> statementPart
2021-11-21T23:53:24,833|[TRACE] graph - -------> nonSkippedChar
2021-11-21T23:53:24,833|[TRACE] script - #out(`A`) [token]
2021-11-21T23:53:24,833|[TRACE] graph - <------- nonSkippedChar
2021-11-21T23:53:24,833|[TRACE] graph - <----- statementPart
2021-11-21T23:53:24,833|[TRACE] graph - -----> statementPart
2021-11-21T23:53:24,833|[TRACE] graph - -------> nonSkippedChar
2021-11-21T23:53:24,833|[TRACE] script - #out(`T`) [token]
2021-11-21T23:53:24,833|[TRACE] graph - <------- nonSkippedChar
2021-11-21T23:53:24,833|[TRACE] graph - <----- statementPart
2021-11-21T23:53:24,833|[TRACE] graph - -----> statementPart
2021-11-21T23:53:24,833|[TRACE] graph - -------> nonSkippedChar
2021-11-21T23:53:24,833|[TRACE] script - #out(`E`) [token]
2021-11-21T23:53:24,833|[TRACE] graph - <------- nonSkippedChar
2021-11-21T23:53:24,833|[TRACE] graph - <----- statementPart
2021-11-21T23:53:24,833|[TRACE] graph - -----> statementPart
2021-11-21T23:53:24,833|[TRACE] graph - -------> nonSkippedSpace
2021-11-21T23:53:24,833|[TRACE] script - #out(` `) [token]
2021-11-21T23:53:24,833|[TRACE] graph - <------- nonSkippedSpace
2021-11-21T23:53:24,833|[TRACE] graph - <----- statementPart
2021-11-21T23:53:24,833|[TRACE] graph - -----> statementPart
2021-11-21T23:53:24,833|[TRACE] graph - -------> nonSkippedChar
2021-11-21T23:53:24,833|[TRACE] script - #out(`u`) [token]
2021-11-21T23:53:24,833|[TRACE] graph - <------- nonSkippedChar
2021-11-21T23:53:24,833|[TRACE] graph - <----- statementPart
2021-11-21T23:53:24,833|[TRACE] graph - -----> statementPart
2021-11-21T23:53:24,833|[TRACE] graph - -------> nonSkippedChar
2021-11-21T23:53:24,833|[TRACE] script - #out(`t`) [token]
2021-11-21T23:53:24,833|[TRACE] graph - <------- nonSkippedChar
2021-11-21T23:53:24,833|[TRACE] graph - <----- statementPart
2021-11-21T23:53:24,833|[TRACE] graph - -----> statementPart
2021-11-21T23:53:24,833|[TRACE] graph - -------> nonSkippedChar
2021-11-21T23:53:24,833|[TRACE] script - #out(`f`) [token]
2021-11-21T23:53:24,833|[TRACE] graph - <------- nonSkippedChar
2021-11-21T23:53:24,833|[TRACE] graph - <----- statementPart
2021-11-21T23:53:24,833|[TRACE] graph - -----> statementPart
2021-11-21T23:53:24,833|[TRACE] graph - -------> nonSkippedChar
2021-11-21T23:53:24,833|[TRACE] script - #out(`8`) [token]
2021-11-21T23:53:24,833|[TRACE] graph - <------- nonSkippedChar
2021-11-21T23:53:24,833|[TRACE] graph - <----- statementPart
2021-11-21T23:53:24,833|[TRACE] graph - -----> statementPart
2021-11-21T23:53:24,833|[TRACE] graph - -------> nonSkippedChar
2021-11-21T23:53:24,833|[TRACE] script - #out(`m`) [token]
2021-11-21T23:53:24,833|[TRACE] graph - <------- nonSkippedChar
2021-11-21T23:53:24,833|[TRACE] graph - <----- statementPart
2021-11-21T23:53:24,833|[TRACE] graph - -----> statementPart
2021-11-21T23:53:24,833|[TRACE] graph - -------> nonSkippedChar
2021-11-21T23:53:24,833|[TRACE] script - #out(`b`) [token]
2021-11-21T23:53:24,833|[TRACE] graph - <------- nonSkippedChar
2021-11-21T23:53:24,833|[TRACE] graph - <----- statementPart
2021-11-21T23:53:24,833|[TRACE] graph - -----> statementPart
2021-11-21T23:53:24,833|[TRACE] graph - -------> nonSkippedChar
2021-11-21T23:53:24,833|[TRACE] script - #out(`4`) [token]
2021-11-21T23:53:24,833|[TRACE] graph - <------- nonSkippedChar
2021-11-21T23:53:24,833|[TRACE] graph - <----- statementPart
2021-11-21T23:53:24,833|[TRACE] graph - -----> statementPart
2021-11-21T23:53:24,833|[TRACE] graph - -------> nonSkippedChar
2021-11-21T23:53:24,833|[TRACE] script - #out(`_`) [token]
2021-11-21T23:53:24,833|[TRACE] graph - <------- nonSkippedChar
2021-11-21T23:53:24,833|[TRACE] graph - <----- statementPart
2021-11-21T23:53:24,833|[TRACE] graph - -----> statementPart
2021-11-21T23:53:24,833|[TRACE] graph - -------> nonSkippedChar
2021-11-21T23:53:24,833|[TRACE] script - #out(`0`) [token]
2021-11-21T23:53:24,833|[TRACE] graph - <------- nonSkippedChar
2021-11-21T23:53:24,833|[TRACE] graph - <----- statementPart
2021-11-21T23:53:24,833|[TRACE] graph - -----> statementPart
2021-11-21T23:53:24,833|[TRACE] graph - -------> nonSkippedChar
2021-11-21T23:53:24,833|[TRACE] script - #out(`9`) [token]
2021-11-21T23:53:24,833|[TRACE] graph - <------- nonSkippedChar
2021-11-21T23:53:24,833|[TRACE] graph - <----- statementPart
2021-11-21T23:53:24,833|[TRACE] graph - -----> statementPart
2021-11-21T23:53:24,833|[TRACE] graph - -------> nonSkippedChar
2021-11-21T23:53:24,833|[TRACE] script - #out(`0`) [token]
2021-11-21T23:53:24,833|[TRACE] graph - <------- nonSkippedChar
2021-11-21T23:53:24,833|[TRACE] graph - <----- statementPart
2021-11-21T23:53:24,833|[TRACE] graph - -----> statementPart
2021-11-21T23:53:24,833|[TRACE] graph - -------> nonSkippedChar
2021-11-21T23:53:24,833|[TRACE] script - #out(`0`) [token]
2021-11-21T23:53:24,833|[TRACE] graph - <------- nonSkippedChar
2021-11-21T23:53:24,833|[TRACE] graph - <----- statementPart
2021-11-21T23:53:24,833|[TRACE] graph - -----> statementPart
2021-11-21T23:53:24,833|[TRACE] graph - -------> nonSkippedChar
2021-11-21T23:53:24,833|[TRACE] script - #out(`_`) [token]
2021-11-21T23:53:24,833|[TRACE] graph - <------- nonSkippedChar
2021-11-21T23:53:24,833|[TRACE] graph - <----- statementPart
2021-11-21T23:53:24,833|[TRACE] graph - -----> statementPart
2021-11-21T23:53:24,833|[TRACE] graph - -------> nonSkippedChar
2021-11-21T23:53:24,833|[TRACE] script - #out(`a`) [token]
2021-11-21T23:53:24,833|[TRACE] graph - <------- nonSkippedChar
2021-11-21T23:53:24,833|[TRACE] graph - <----- statementPart
2021-11-21T23:53:24,833|[TRACE] graph - -----> statementPart
2021-11-21T23:53:24,833|[TRACE] graph - -------> nonSkippedChar
2021-11-21T23:53:24,833|[TRACE] script - #out(`i`) [token]
2021-11-21T23:53:24,833|[TRACE] graph - <------- nonSkippedChar
2021-11-21T23:53:24,833|[TRACE] graph - <----- statementPart
2021-11-21T23:53:24,833|[TRACE] graph - -----> statementPart
2021-11-21T23:53:24,833|[TRACE] graph - -------> nonSkippedChar
2021-11-21T23:53:24,833|[TRACE] script - #out(`_`) [token]
2021-11-21T23:53:24,833|[TRACE] graph - <------- nonSkippedChar
2021-11-21T23:53:24,833|[TRACE] graph - <----- statementPart
2021-11-21T23:53:24,833|[TRACE] graph - -----> statementPart
2021-11-21T23:53:24,833|[TRACE] graph - -------> nonSkippedChar
2021-11-21T23:53:24,833|[TRACE] script - #out(`c`) [token]
2021-11-21T23:53:24,833|[TRACE] graph - <------- nonSkippedChar
2021-11-21T23:53:24,833|[TRACE] graph - <----- statementPart
2021-11-21T23:53:24,833|[TRACE] graph - -----> statementPart
2021-11-21T23:53:24,833|[TRACE] graph - -------> nonSkippedChar
2021-11-21T23:53:24,833|[TRACE] script - #out(`i`) [token]
2021-11-21T23:53:24,833|[TRACE] graph - <------- nonSkippedChar
2021-11-21T23:53:24,833|[TRACE] graph - <----- statementPart
2021-11-21T23:53:24,833|[TRACE] graph - -----> statementPart
2021-11-21T23:53:24,833|[TRACE] graph - -------> nonSkippedSpace
2021-11-21T23:53:24,833|[TRACE] script - #out(` `) [token]
2021-11-21T23:53:24,833|[TRACE] graph - <------- nonSkippedSpace
2021-11-21T23:53:24,833|[TRACE] graph - <----- statementPart
2021-11-21T23:53:24,833|[DEBUG] graph - Import statement : CREATE SCHEMA IF NOT EXISTS `bloodbank` DEFAULT CHARACTER SET utf8mb4 COLLATE utf8mb4_0900_ai_ci
2021-11-21T23:53:24,833|[TRACE] graph - <--- statement
2021-11-21T23:53:24,833|[TRACE] graph - ---> blankSpacesToSkip
2021-11-21T23:53:24,833|[TRACE] graph - -----> newLineToSkip
2021-11-21T23:53:24,833|[TRACE] graph - <----- newLineToSkip
2021-11-21T23:53:24,833|[TRACE] graph - <--- blankSpacesToSkip
2021-11-21T23:53:24,833|[TRACE] graph - ---> statement
2021-11-21T23:53:24,833|[TRACE] graph - -----> statementFirstPart
2021-11-21T23:53:24,833|[TRACE] graph - -------> nonSkippedChar
2021-11-21T23:53:24,833|[TRACE] script - #out(`U`) [token]
2021-11-21T23:53:24,833|[TRACE] graph - <------- nonSkippedChar
2021-11-21T23:53:24,833|[TRACE] graph - <----- statementFirstPart
2021-11-21T23:53:24,833|[TRACE] graph - -----> statementPart
2021-11-21T23:53:24,833|[TRACE] graph - -------> nonSkippedChar
2021-11-21T23:53:24,833|[TRACE] script - #out(`S`) [token]
2021-11-21T23:53:24,833|[TRACE] graph - <------- nonSkippedChar
2021-11-21T23:53:24,833|[TRACE] graph - <----- statementPart
2021-11-21T23:53:24,833|[TRACE] graph - -----> statementPart
2021-11-21T23:53:24,833|[TRACE] graph - -------> nonSkippedChar
2021-11-21T23:53:24,833|[TRACE] script - #out(`E`) [token]
2021-11-21T23:53:24,833|[TRACE] graph - <------- nonSkippedChar
2021-11-21T23:53:24,833|[TRACE] graph - <----- statementPart
2021-11-21T23:53:24,833|[TRACE] graph - -----> statementPart
2021-11-21T23:53:24,833|[TRACE] graph - -------> nonSkippedSpace
2021-11-21T23:53:24,833|[TRACE] script - #out(` `) [token]
2021-11-21T23:53:24,833|[TRACE] graph - <------- nonSkippedSpace
2021-11-21T23:53:24,833|[TRACE] graph - <----- statementPart
2021-11-21T23:53:24,833|[TRACE] graph - -----> statementPart
2021-11-21T23:53:24,833|[TRACE] graph - -------> quotedString
2021-11-21T23:53:24,833|[TRACE] script - #out(``bloodbank``) [token]
2021-11-21T23:53:24,833|[TRACE] graph - <------- quotedString
2021-11-21T23:53:24,833|[TRACE] graph - <----- statementPart
2021-11-21T23:53:24,833|[TRACE] graph - -----> statementPart
2021-11-21T23:53:24,833|[TRACE] graph - -------> nonSkippedSpace
2021-11-21T23:53:24,833|[TRACE] script - #out(` `) [token]
2021-11-21T23:53:24,833|[TRACE] graph - <------- nonSkippedSpace
2021-11-21T23:53:24,833|[TRACE] graph - <----- statementPart
2021-11-21T23:53:24,833|[DEBUG] graph - Import statement : USE `bloodbank`
2021-11-21T23:53:24,833|[TRACE] graph - <--- statement
2021-11-21T23:53:24,833|[TRACE] graph - ---> blankSpacesToSkip
2021-11-21T23:53:24,834|[TRACE] graph - -----> newLineToSkip
2021-11-21T23:53:24,834|[TRACE] graph - <----- newLineToSkip
2021-11-21T23:53:24,834|[TRACE] graph - -----> newLineToSkip
2021-11-21T23:53:24,834|[TRACE] graph - <----- newLineToSkip
2021-11-21T23:53:24,834|[TRACE] graph - -----> newLineToSkip
2021-11-21T23:53:24,834|[TRACE] graph - <----- newLineToSkip
2021-11-21T23:53:24,834|[TRACE] graph - -----> newLineToSkip
2021-11-21T23:53:24,834|[TRACE] graph - <----- newLineToSkip
2021-11-21T23:53:24,834|[TRACE] graph - -----> newLineToSkip
2021-11-21T23:53:24,834|[TRACE] graph - <----- newLineToSkip
2021-11-21T23:53:24,834|[TRACE] graph - <--- blankSpacesToSkip
2021-11-21T23:53:24,834|[TRACE] graph - ---> statement
2021-11-21T23:53:24,834|[TRACE] graph - -----> statementFirstPart
2021-11-21T23:53:24,834|[TRACE] graph - -------> nonSkippedChar
2021-11-21T23:53:24,834|[TRACE] script - #out(`C`) [token]
2021-11-21T23:53:24,834|[TRACE] graph - <------- nonSkippedChar
2021-11-21T23:53:24,834|[TRACE] graph - <----- statementFirstPart
2021-11-21T23:53:24,834|[TRACE] graph - -----> statementPart
2021-11-21T23:53:24,834|[TRACE] graph - -------> nonSkippedChar
2021-11-21T23:53:24,834|[TRACE] script - #out(`R`) [token]
2021-11-21T23:53:24,834|[TRACE] graph - <------- nonSkippedChar
2021-11-21T23:53:24,834|[TRACE] graph - <----- statementPart
2021-11-21T23:53:24,834|[TRACE] graph - -----> statementPart
2021-11-21T23:53:24,834|[TRACE] graph - -------> nonSkippedChar
2021-11-21T23:53:24,834|[TRACE] script - #out(`E`) [token]
2021-11-21T23:53:24,834|[TRACE] graph - <------- nonSkippedChar
2021-11-21T23:53:24,834|[TRACE] graph - <----- statementPart
2021-11-21T23:53:24,834|[TRACE] graph - -----> statementPart
2021-11-21T23:53:24,834|[TRACE] graph - -------> nonSkippedChar
2021-11-21T23:53:24,834|[TRACE] script - #out(`A`) [token]
2021-11-21T23:53:24,834|[TRACE] graph - <------- nonSkippedChar
2021-11-21T23:53:24,834|[TRACE] graph - <----- statementPart
2021-11-21T23:53:24,834|[TRACE] graph - -----> statementPart
2021-11-21T23:53:24,834|[TRACE] graph - -------> nonSkippedChar
2021-11-21T23:53:24,834|[TRACE] script - #out(`T`) [token]
2021-11-21T23:53:24,834|[TRACE] graph - <------- nonSkippedChar
2021-11-21T23:53:24,834|[TRACE] graph - <----- statementPart
2021-11-21T23:53:24,834|[TRACE] graph - -----> statementPart
2021-11-21T23:53:24,834|[TRACE] graph - -------> nonSkippedChar
2021-11-21T23:53:24,834|[TRACE] script - #out(`E`) [token]
2021-11-21T23:53:24,834|[TRACE] graph - <------- nonSkippedChar
2021-11-21T23:53:24,834|[TRACE] graph - <----- statementPart
2021-11-21T23:53:24,834|[TRACE] graph - -----> statementPart
2021-11-21T23:53:24,834|[TRACE] graph - -------> nonSkippedSpace
2021-11-21T23:53:24,834|[TRACE] script - #out(` `) [token]
2021-11-21T23:53:24,834|[TRACE] graph - <------- nonSkippedSpace
2021-11-21T23:53:24,834|[TRACE] graph - <----- statementPart
2021-11-21T23:53:24,834|[TRACE] graph - -----> statementPart
2021-11-21T23:53:24,834|[TRACE] graph - -------> nonSkippedChar
2021-11-21T23:53:24,834|[TRACE] script - #out(`T`) [token]
2021-11-21T23:53:24,834|[TRACE] graph - <------- nonSkippedChar
2021-11-21T23:53:24,834|[TRACE] graph - <----- statementPart
2021-11-21T23:53:24,834|[TRACE] graph - -----> statementPart
2021-11-21T23:53:24,834|[TRACE] graph - -------> nonSkippedChar
2021-11-21T23:53:24,834|[TRACE] script - #out(`A`) [token]
2021-11-21T23:53:24,834|[TRACE] graph - <------- nonSkippedChar
2021-11-21T23:53:24,834|[TRACE] graph - <----- statementPart
2021-11-21T23:53:24,834|[TRACE] graph - -----> statementPart
2021-11-21T23:53:24,834|[TRACE] graph - -------> nonSkippedChar
2021-11-21T23:53:24,834|[TRACE] script - #out(`B`) [token]
2021-11-21T23:53:24,834|[TRACE] graph - <------- nonSkippedChar
2021-11-21T23:53:24,834|[TRACE] graph - <----- statementPart
2021-11-21T23:53:24,834|[TRACE] graph - -----> statementPart
2021-11-21T23:53:24,834|[TRACE] graph - -------> nonSkippedChar
2021-11-21T23:53:24,834|[TRACE] script - #out(`L`) [token]
2021-11-21T23:53:24,834|[TRACE] graph - <------- nonSkippedChar
2021-11-21T23:53:24,834|[TRACE] graph - <----- statementPart
2021-11-21T23:53:24,834|[TRACE] graph - -----> statementPart
2021-11-21T23:53:24,834|[TRACE] graph - -------> nonSkippedChar
2021-11-21T23:53:24,834|[TRACE] script - #out(`E`) [token]
2021-11-21T23:53:24,834|[TRACE] graph - <------- nonSkippedChar
2021-11-21T23:53:24,834|[TRACE] graph - <----- statementPart
2021-11-21T23:53:24,834|[TRACE] graph - -----> statementPart
2021-11-21T23:53:24,834|[TRACE] graph - -------> nonSkippedSpace
2021-11-21T23:53:24,834|[TRACE] script - #out(` `) [token]
2021-11-21T23:53:24,834|[TRACE] graph - <------- nonSkippedSpace
2021-11-21T23:53:24,834|[TRACE] graph - <----- statementPart
2021-11-21T23:53:24,834|[TRACE] graph - -----> statementPart
2021-11-21T23:53:24,834|[TRACE] graph - -------> nonSkippedChar
2021-11-21T23:53:24,834|[TRACE] script - #out(`I`) [token]
2021-11-21T23:53:24,834|[TRACE] graph - <------- nonSkippedChar
2021-11-21T23:53:24,834|[TRACE] graph - <----- statementPart
2021-11-21T23:53:24,834|[TRACE] graph - -----> statementPart
2021-11-21T23:53:24,834|[TRACE] graph - -------> nonSkippedChar
2021-11-21T23:53:24,834|[TRACE] script - #out(`F`) [token]
2021-11-21T23:53:24,834|[TRACE] graph - <------- nonSkippedChar
2021-11-21T23:53:24,834|[TRACE] graph - <----- statementPart
2021-11-21T23:53:24,834|[TRACE] graph - -----> statementPart
2021-11-21T23:53:24,834|[TRACE] graph - -------> nonSkippedSpace
2021-11-21T23:53:24,834|[TRACE] script - #out(` `) [token]
2021-11-21T23:53:24,834|[TRACE] graph - <------- nonSkippedSpace
2021-11-21T23:53:24,834|[TRACE] graph - <----- statementPart
2021-11-21T23:53:24,834|[TRACE] graph - -----> statementPart
2021-11-21T23:53:24,834|[TRACE] graph - -------> nonSkippedChar
2021-11-21T23:53:24,834|[TRACE] script - #out(`N`) [token]
2021-11-21T23:53:24,834|[TRACE] graph - <------- nonSkippedChar
2021-11-21T23:53:24,834|[TRACE] graph - <----- statementPart
2021-11-21T23:53:24,834|[TRACE] graph - -----> statementPart
2021-11-21T23:53:24,834|[TRACE] graph - -------> nonSkippedChar
2021-11-21T23:53:24,834|[TRACE] script - #out(`O`) [token]
2021-11-21T23:53:24,834|[TRACE] graph - <------- nonSkippedChar
2021-11-21T23:53:24,834|[TRACE] graph - <----- statementPart
2021-11-21T23:53:24,834|[TRACE] graph - -----> statementPart
2021-11-21T23:53:24,834|[TRACE] graph - -------> nonSkippedChar
2021-11-21T23:53:24,834|[TRACE] script - #out(`T`) [token]
2021-11-21T23:53:24,834|[TRACE] graph - <------- nonSkippedChar
2021-11-21T23:53:24,834|[TRACE] graph - <----- statementPart
2021-11-21T23:53:24,834|[TRACE] graph - -----> statementPart
2021-11-21T23:53:24,834|[TRACE] graph - -------> nonSkippedSpace
2021-11-21T23:53:24,834|[TRACE] script - #out(` `) [token]
2021-11-21T23:53:24,834|[TRACE] graph - <------- nonSkippedSpace
2021-11-21T23:53:24,834|[TRACE] graph - <----- statementPart
2021-11-21T23:53:24,834|[TRACE] graph - -----> statementPart
2021-11-21T23:53:24,834|[TRACE] graph - -------> nonSkippedChar
2021-11-21T23:53:24,834|[TRACE] script - #out(`E`) [token]
2021-11-21T23:53:24,834|[TRACE] graph - <------- nonSkippedChar
2021-11-21T23:53:24,834|[TRACE] graph - <----- statementPart
2021-11-21T23:53:24,834|[TRACE] graph - -----> statementPart
2021-11-21T23:53:24,834|[TRACE] graph - -------> nonSkippedChar
2021-11-21T23:53:24,834|[TRACE] script - #out(`X`) [token]
2021-11-21T23:53:24,834|[TRACE] graph - <------- nonSkippedChar
2021-11-21T23:53:24,834|[TRACE] graph - <----- statementPart
2021-11-21T23:53:24,834|[TRACE] graph - -----> statementPart
2021-11-21T23:53:24,874|[TRACE] graph - -------> nonSkippedChar
2021-11-21T23:53:24,874|[TRACE] script - #out(`I`) [token]
2021-11-21T23:53:24,874|[TRACE] graph - <------- nonSkippedChar
2021-11-21T23:53:24,874|[TRACE] graph - <----- statementPart
2021-11-21T23:53:24,874|[TRACE] graph - -----> statementPart
2021-11-21T23:53:24,874|[TRACE] graph - -------> nonSkippedChar
2021-11-21T23:53:24,874|[TRACE] script - #out(`S`) [token]
2021-11-21T23:53:24,874|[TRACE] graph - <------- nonSkippedChar
2021-11-21T23:53:24,874|[TRACE] graph - <----- statementPart
2021-11-21T23:53:24,874|[TRACE] graph - -----> statementPart
2021-11-21T23:53:24,874|[TRACE] graph - -------> nonSkippedChar
2021-11-21T23:53:24,874|[TRACE] script - #out(`T`) [token]
2021-11-21T23:53:24,874|[TRACE] graph - <------- nonSkippedChar
2021-11-21T23:53:24,874|[TRACE] graph - <----- statementPart
2021-11-21T23:53:24,874|[TRACE] graph - -----> statementPart
2021-11-21T23:53:24,874|[TRACE] graph - -------> nonSkippedChar
2021-11-21T23:53:24,874|[TRACE] script - #out(`S`) [token]
2021-11-21T23:53:24,874|[TRACE] graph - <------- nonSkippedChar
2021-11-21T23:53:24,874|[TRACE] graph - <----- statementPart
2021-11-21T23:53:24,874|[TRACE] graph - -----> statementPart
2021-11-21T23:53:24,874|[TRACE] graph - -------> nonSkippedSpace
2021-11-21T23:53:24,874|[TRACE] script - #out(` `) [token]
2021-11-21T23:53:24,874|[TRACE] graph - <------- nonSkippedSpace
2021-11-21T23:53:24,874|[TRACE] graph - <----- statementPart
2021-11-21T23:53:24,874|[TRACE] graph - -----> statementPart
2021-11-21T23:53:24,874|[TRACE] graph - -------> quotedString
2021-11-21T23:53:24,874|[TRACE] script - #out(``bloodbank``) [token]
2021-11-21T23:53:24,874|[TRACE] graph - <------- quotedString
2021-11-21T23:53:24,874|[TRACE] graph - <----- statementPart
2021-11-21T23:53:24,874|[TRACE] graph - -----> statementPart
2021-11-21T23:53:24,874|[TRACE] graph - -------> nonSkippedChar
2021-11-21T23:53:24,874|[TRACE] script - #out(`.`) [token]
2021-11-21T23:53:24,874|[TRACE] graph - <------- nonSkippedChar
2021-11-21T23:53:24,874|[TRACE] graph - <----- statementPart
2021-11-21T23:53:24,874|[TRACE] graph - -----> statementPart
2021-11-21T23:53:24,874|[TRACE] graph - -------> quotedString
2021-11-21T23:53:24,874|[TRACE] script - #out(``person``) [token]
2021-11-21T23:53:24,874|[TRACE] graph - <------- quotedString
2021-11-21T23:53:24,874|[TRACE] graph - <----- statementPart
2021-11-21T23:53:24,874|[TRACE] graph - -----> statementPart
2021-11-21T23:53:24,874|[TRACE] graph - -------> nonSkippedSpace
2021-11-21T23:53:24,875|[TRACE] script - #out(` `) [token]
2021-11-21T23:53:24,875|[TRACE] graph - <------- nonSkippedSpace
2021-11-21T23:53:24,875|[TRACE] graph - <----- statementPart
2021-11-21T23:53:24,875|[TRACE] graph - -----> statementPart
2021-11-21T23:53:24,875|[TRACE] graph - -------> nonSkippedChar
2021-11-21T23:53:24,875|[TRACE] script - #out(`(`) [token]
2021-11-21T23:53:24,875|[TRACE] graph - <------- nonSkippedChar
2021-11-21T23:53:24,875|[TRACE] graph - <----- statementPart
2021-11-21T23:53:24,875|[TRACE] graph - -----> afterStatementPartNewline
2021-11-21T23:53:24,875|[TRACE] script - #out(` `) [text]
2021-11-21T23:53:24,875|[TRACE] graph - <----- afterStatementPartNewline
2021-11-21T23:53:24,875|[TRACE] graph - -----> statementPart
2021-11-21T23:53:24,875|[TRACE] graph - -------> nonSkippedSpace
2021-11-21T23:53:24,875|[TRACE] script - #out(` `) [token]
2021-11-21T23:53:24,875|[TRACE] graph - <------- nonSkippedSpace
2021-11-21T23:53:24,875|[TRACE] graph - <----- statementPart
2021-11-21T23:53:24,875|[TRACE] graph - -----> statementPart
2021-11-21T23:53:24,875|[TRACE] graph - -------> nonSkippedSpace
2021-11-21T23:53:24,875|[TRACE] script - #out(` `) [token]
2021-11-21T23:53:24,875|[TRACE] graph - <------- nonSkippedSpace
2021-11-21T23:53:24,875|[TRACE] graph - <----- statementPart
2021-11-21T23:53:24,875|[TRACE] graph - -----> statementPart
2021-11-21T23:53:24,875|[TRACE] graph - -------> quotedString
2021-11-21T23:53:24,875|[TRACE] script - #out(``id``) [token]
2021-11-21T23:53:24,875|[TRACE] graph - <------- quotedString
2021-11-21T23:53:24,875|[TRACE] graph - <----- statementPart
2021-11-21T23:53:24,875|[TRACE] graph - -----> statementPart
2021-11-21T23:53:24,875|[TRACE] graph - -------> nonSkippedSpace
2021-11-21T23:53:24,875|[TRACE] script - #out(` `) [token]
2021-11-21T23:53:24,875|[TRACE] graph - <------- nonSkippedSpace
2021-11-21T23:53:24,875|[TRACE] graph - <----- statementPart
2021-11-21T23:53:24,875|[TRACE] graph - -----> statementPart
2021-11-21T23:53:24,875|[TRACE] graph - -------> nonSkippedChar
2021-11-21T23:53:24,875|[TRACE] script - #out(`I`) [token]
2021-11-21T23:53:24,875|[TRACE] graph - <------- nonSkippedChar
2021-11-21T23:53:24,875|[TRACE] graph - <----- statementPart
2021-11-21T23:53:24,875|[TRACE] graph - -----> statementPart
2021-11-21T23:53:24,875|[TRACE] graph - -------> nonSkippedChar
2021-11-21T23:53:24,875|[TRACE] script - #out(`N`) [token]
2021-11-21T23:53:24,875|[TRACE] graph - <------- nonSkippedChar
2021-11-21T23:53:24,875|[TRACE] graph - <----- statementPart
2021-11-21T23:53:24,875|[TRACE] graph - -----> statementPart
2021-11-21T23:53:24,875|[TRACE] graph - -------> nonSkippedChar
2021-11-21T23:53:24,875|[TRACE] script - #out(`T`) [token]
2021-11-21T23:53:24,875|[TRACE] graph - <------- nonSkippedChar
2021-11-21T23:53:24,875|[TRACE] graph - <----- statementPart
2021-11-21T23:53:24,875|[TRACE] graph - -----> statementPart
2021-11-21T23:53:24,875|[TRACE] graph - -------> nonSkippedSpace
2021-11-21T23:53:24,875|[TRACE] script - #out(` `) [token]
2021-11-21T23:53:24,875|[TRACE] graph - <------- nonSkippedSpace
2021-11-21T23:53:24,875|[TRACE] graph - <----- statementPart
2021-11-21T23:53:24,875|[TRACE] graph - -----> statementPart
2021-11-21T23:53:24,875|[TRACE] graph - -------> nonSkippedChar
2021-11-21T23:53:24,875|[TRACE] script - #out(`N`) [token]
2021-11-21T23:53:24,875|[TRACE] graph - <------- nonSkippedChar
2021-11-21T23:53:24,875|[TRACE] graph - <----- statementPart
2021-11-21T23:53:24,875|[TRACE] graph - -----> statementPart
2021-11-21T23:53:24,875|[TRACE] graph - -------> nonSkippedChar
2021-11-21T23:53:24,875|[TRACE] script - #out(`O`) [token]
2021-11-21T23:53:24,875|[TRACE] graph - <------- nonSkippedChar
2021-11-21T23:53:24,875|[TRACE] graph - <----- statementPart
2021-11-21T23:53:24,875|[TRACE] graph - -----> statementPart
2021-11-21T23:53:24,875|[TRACE] graph - -------> nonSkippedChar
2021-11-21T23:53:24,875|[TRACE] script - #out(`T`) [token]
2021-11-21T23:53:24,875|[TRACE] graph - <------- nonSkippedChar
2021-11-21T23:53:24,875|[TRACE] graph - <----- statementPart
2021-11-21T23:53:24,875|[TRACE] graph - -----> statementPart
2021-11-21T23:53:24,875|[TRACE] graph - -------> nonSkippedSpace
2021-11-21T23:53:24,875|[TRACE] script - #out(` `) [token]
2021-11-21T23:53:24,875|[TRACE] graph - <------- nonSkippedSpace
2021-11-21T23:53:24,875|[TRACE] graph - <----- statementPart
2021-11-21T23:53:24,875|[TRACE] graph - -----> statementPart
2021-11-21T23:53:24,875|[TRACE] graph - -------> nonSkippedChar
2021-11-21T23:53:24,875|[TRACE] script - #out(`N`) [token]
2021-11-21T23:53:24,875|[TRACE] graph - <------- nonSkippedChar
2021-11-21T23:53:24,875|[TRACE] graph - <----- statementPart
2021-11-21T23:53:24,875|[TRACE] graph - -----> statementPart
2021-11-21T23:53:24,875|[TRACE] graph - -------> nonSkippedChar
2021-11-21T23:53:24,875|[TRACE] script - #out(`U`) [token]
2021-11-21T23:53:24,875|[TRACE] graph - <------- nonSkippedChar
2021-11-21T23:53:24,875|[TRACE] graph - <----- statementPart
2021-11-21T23:53:24,875|[TRACE] graph - -----> statementPart
2021-11-21T23:53:24,875|[TRACE] graph - -------> nonSkippedChar
2021-11-21T23:53:24,875|[TRACE] script - #out(`L`) [token]
2021-11-21T23:53:24,875|[TRACE] graph - <------- nonSkippedChar
2021-11-21T23:53:24,875|[TRACE] graph - <----- statementPart
2021-11-21T23:53:24,875|[TRACE] graph - -----> statementPart
2021-11-21T23:53:24,875|[TRACE] graph - -------> nonSkippedChar
2021-11-21T23:53:24,875|[TRACE] script - #out(`L`) [token]
2021-11-21T23:53:24,875|[TRACE] graph - <------- nonSkippedChar
2021-11-21T23:53:24,875|[TRACE] graph - <----- statementPart
2021-11-21T23:53:24,875|[TRACE] graph - -----> statementPart
2021-11-21T23:53:24,875|[TRACE] graph - -------> nonSkippedSpace
2021-11-21T23:53:24,875|[TRACE] script - #out(` `) [token]
2021-11-21T23:53:24,875|[TRACE] graph - <------- nonSkippedSpace
2021-11-21T23:53:24,875|[TRACE] graph - <----- statementPart
2021-11-21T23:53:24,875|[TRACE] graph - -----> statementPart
2021-11-21T23:53:24,875|[TRACE] graph - -------> nonSkippedChar
2021-11-21T23:53:24,875|[TRACE] script - #out(`A`) [token]
2021-11-21T23:53:24,875|[TRACE] graph - <------- nonSkippedChar
2021-11-21T23:53:24,875|[TRACE] graph - <----- statementPart
2021-11-21T23:53:24,875|[TRACE] graph - -----> statementPart
2021-11-21T23:53:24,875|[TRACE] graph - -------> nonSkippedChar
2021-11-21T23:53:24,875|[TRACE] script - #out(`U`) [token]
2021-11-21T23:53:24,875|[TRACE] graph - <------- nonSkippedChar
2021-11-21T23:53:24,875|[TRACE] graph - <----- statementPart
2021-11-21T23:53:24,875|[TRACE] graph - -----> statementPart
2021-11-21T23:53:24,875|[TRACE] graph - -------> nonSkippedChar
2021-11-21T23:53:24,875|[TRACE] script - #out(`T`) [token]
2021-11-21T23:53:24,875|[TRACE] graph - <------- nonSkippedChar
2021-11-21T23:53:24,875|[TRACE] graph - <----- statementPart
2021-11-21T23:53:24,875|[TRACE] graph - -----> statementPart
2021-11-21T23:53:24,875|[TRACE] graph - -------> nonSkippedChar
2021-11-21T23:53:24,875|[TRACE] script - #out(`O`) [token]
2021-11-21T23:53:24,875|[TRACE] graph - <------- nonSkippedChar
2021-11-21T23:53:24,875|[TRACE] graph - <----- statementPart
2021-11-21T23:53:24,875|[TRACE] graph - -----> statementPart
2021-11-21T23:53:24,875|[TRACE] graph - -------> nonSkippedChar
2021-11-21T23:53:24,875|[TRACE] script - #out(`_`) [token]
2021-11-21T23:53:24,875|[TRACE] graph - <------- nonSkippedChar
2021-11-21T23:53:24,875|[TRACE] graph - <----- statementPart
2021-11-21T23:53:24,875|[TRACE] graph - -----> statementPart
2021-11-21T23:53:24,875|[TRACE] graph - -------> nonSkippedChar
2021-11-21T23:53:24,875|[TRACE] script - #out(`I`) [token]
2021-11-21T23:53:24,875|[TRACE] graph - <------- nonSkippedChar
2021-11-21T23:53:24,875|[TRACE] graph - <----- statementPart
2021-11-21T23:53:24,875|[TRACE] graph - -----> statementPart
2021-11-21T23:53:24,875|[TRACE] graph - -------> nonSkippedChar
2021-11-21T23:53:24,875|[TRACE] script - #out(`N`) [token]
2021-11-21T23:53:24,875|[TRACE] graph - <------- nonSkippedChar
2021-11-21T23:53:24,875|[TRACE] graph - <----- statementPart
2021-11-21T23:53:24,875|[TRACE] graph - -----> statementPart
2021-11-21T23:53:24,875|[TRACE] graph - -------> nonSkippedChar
2021-11-21T23:53:24,875|[TRACE] script - #out(`C`) [token]
2021-11-21T23:53:24,875|[TRACE] graph - <------- nonSkippedChar
2021-11-21T23:53:24,875|[TRACE] graph - <----- statementPart
2021-11-21T23:53:24,875|[TRACE] graph - -----> statementPart
2021-11-21T23:53:24,875|[TRACE] graph - -------> nonSkippedChar
2021-11-21T23:53:24,875|[TRACE] script - #out(`R`) [token]
2021-11-21T23:53:24,875|[TRACE] graph - <------- nonSkippedChar
2021-11-21T23:53:24,875|[TRACE] graph - <----- statementPart
2021-11-21T23:53:24,875|[TRACE] graph - -----> statementPart
2021-11-21T23:53:24,875|[TRACE] graph - -------> nonSkippedChar
2021-11-21T23:53:24,875|[TRACE] script - #out(`E`) [token]
2021-11-21T23:53:24,875|[TRACE] graph - <------- nonSkippedChar
2021-11-21T23:53:24,875|[TRACE] graph - <----- statementPart
2021-11-21T23:53:24,875|[TRACE] graph - -----> statementPart
2021-11-21T23:53:24,875|[TRACE] graph - -------> nonSkippedChar
2021-11-21T23:53:24,875|[TRACE] script - #out(`M`) [token]
2021-11-21T23:53:24,875|[TRACE] graph - <------- nonSkippedChar
2021-11-21T23:53:24,875|[TRACE] graph - <----- statementPart
2021-11-21T23:53:24,875|[TRACE] graph - -----> statementPart
2021-11-21T23:53:24,875|[TRACE] graph - -------> nonSkippedChar
2021-11-21T23:53:24,875|[TRACE] script - #out(`E`) [token]
2021-11-21T23:53:24,875|[TRACE] graph - <------- nonSkippedChar
2021-11-21T23:53:24,875|[TRACE] graph - <----- statementPart
2021-11-21T23:53:24,875|[TRACE] graph - -----> statementPart
2021-11-21T23:53:24,875|[TRACE] graph - -------> nonSkippedChar
2021-11-21T23:53:24,875|[TRACE] script - #out(`N`) [token]
2021-11-21T23:53:24,875|[TRACE] graph - <------- nonSkippedChar
2021-11-21T23:53:24,875|[TRACE] graph - <----- statementPart
2021-11-21T23:53:24,875|[TRACE] graph - -----> statementPart
2021-11-21T23:53:24,875|[TRACE] graph - -------> nonSkippedChar
2021-11-21T23:53:24,875|[TRACE] script - #out(`T`) [token]
2021-11-21T23:53:24,875|[TRACE] graph - <------- nonSkippedChar
2021-11-21T23:53:24,875|[TRACE] graph - <----- statementPart
2021-11-21T23:53:24,875|[TRACE] graph - -----> statementPart
2021-11-21T23:53:24,875|[TRACE] graph - -------> nonSkippedChar
2021-11-21T23:53:24,875|[TRACE] script - #out(`,`) [token]
2021-11-21T23:53:24,875|[TRACE] graph - <------- nonSkippedChar
2021-11-21T23:53:24,875|[TRACE] graph - <----- statementPart
2021-11-21T23:53:24,875|[TRACE] graph - -----> afterStatementPartNewline
2021-11-21T23:53:24,875|[TRACE] script - #out(` `) [text]
2021-11-21T23:53:24,875|[TRACE] graph - <----- afterStatementPartNewline
2021-11-21T23:53:24,875|[TRACE] graph - -----> statementPart
2021-11-21T23:53:24,875|[TRACE] graph - -------> nonSkippedSpace
2021-11-21T23:53:24,875|[TRACE] script - #out(` `) [token]
2021-11-21T23:53:24,875|[TRACE] graph - <------- nonSkippedSpace
2021-11-21T23:53:24,875|[TRACE] graph - <----- statementPart
2021-11-21T23:53:24,875|[TRACE] graph - -----> statementPart
2021-11-21T23:53:24,875|[TRACE] graph - -------> nonSkippedSpace
2021-11-21T23:53:24,875|[TRACE] script - #out(` `) [token]
2021-11-21T23:53:24,875|[TRACE] graph - <------- nonSkippedSpace
2021-11-21T23:53:24,875|[TRACE] graph - <----- statementPart
2021-11-21T23:53:24,875|[TRACE] graph - -----> statementPart
2021-11-21T23:53:24,875|[TRACE] graph - -------> quotedString
2021-11-21T23:53:24,875|[TRACE] script - #out(``first_name``) [token]
2021-11-21T23:53:24,875|[TRACE] graph - <------- quotedString
2021-11-21T23:53:24,875|[TRACE] graph - <----- statementPart
2021-11-21T23:53:24,875|[TRACE] graph - -----> statementPart
2021-11-21T23:53:24,875|[TRACE] graph - -------> nonSkippedSpace
2021-11-21T23:53:24,875|[TRACE] script - #out(` `) [token]
2021-11-21T23:53:24,875|[TRACE] graph - <------- nonSkippedSpace
2021-11-21T23:53:24,875|[TRACE] graph - <----- statementPart
2021-11-21T23:53:24,875|[TRACE] graph - -----> statementPart
2021-11-21T23:53:24,875|[TRACE] graph - -------> nonSkippedChar
2021-11-21T23:53:24,875|[TRACE] script - #out(`V`) [token]
2021-11-21T23:53:24,875|[TRACE] graph - <------- nonSkippedChar
2021-11-21T23:53:24,875|[TRACE] graph - <----- statementPart
2021-11-21T23:53:24,875|[TRACE] graph - -----> statementPart
2021-11-21T23:53:24,875|[TRACE] graph - -------> nonSkippedChar
2021-11-21T23:53:24,875|[TRACE] script - #out(`A`) [token]
2021-11-21T23:53:24,875|[TRACE] graph - <------- nonSkippedChar
2021-11-21T23:53:24,875|[TRACE] graph - <----- statementPart
2021-11-21T23:53:24,875|[TRACE] graph - -----> statementPart
2021-11-21T23:53:24,875|[TRACE] graph - -------> nonSkippedChar
2021-11-21T23:53:24,875|[TRACE] script - #out(`R`) [token]
2021-11-21T23:53:24,875|[TRACE] graph - <------- nonSkippedChar
2021-11-21T23:53:24,875|[TRACE] graph - <----- statementPart
2021-11-21T23:53:24,875|[TRACE] graph - -----> statementPart
2021-11-21T23:53:24,875|[TRACE] graph - -------> nonSkippedChar
2021-11-21T23:53:24,875|[TRACE] script - #out(`C`) [token]
2021-11-21T23:53:24,875|[TRACE] graph - <------- nonSkippedChar
2021-11-21T23:53:24,875|[TRACE] graph - <----- statementPart
2021-11-21T23:53:24,875|[TRACE] graph - -----> statementPart
2021-11-21T23:53:24,875|[TRACE] graph - -------> nonSkippedChar
2021-11-21T23:53:24,875|[TRACE] script - #out(`H`) [token]
2021-11-21T23:53:24,875|[TRACE] graph - <------- nonSkippedChar
2021-11-21T23:53:24,875|[TRACE] graph - <----- statementPart
2021-11-21T23:53:24,875|[TRACE] graph - -----> statementPart
2021-11-21T23:53:24,875|[TRACE] graph - -------> nonSkippedChar
2021-11-21T23:53:24,875|[TRACE] script - #out(`A`) [token]
2021-11-21T23:53:24,875|[TRACE] graph - <------- nonSkippedChar
2021-11-21T23:53:24,875|[TRACE] graph - <----- statementPart
2021-11-21T23:53:24,875|[TRACE] graph - -----> statementPart
2021-11-21T23:53:24,875|[TRACE] graph - -------> nonSkippedChar
2021-11-21T23:53:24,875|[TRACE] script - #out(`R`) [token]
2021-11-21T23:53:24,875|[TRACE] graph - <------- nonSkippedChar
2021-11-21T23:53:24,875|[TRACE] graph - <----- statementPart
2021-11-21T23:53:24,875|[TRACE] graph - -----> statementPart
2021-11-21T23:53:24,875|[TRACE] graph - -------> nonSkippedChar
2021-11-21T23:53:24,876|[TRACE] script - #out(`(`) [token]
2021-11-21T23:53:24,876|[TRACE] graph - <------- nonSkippedChar
2021-11-21T23:53:24,876|[TRACE] graph - <----- statementPart
2021-11-21T23:53:24,876|[TRACE] graph - -----> statementPart
2021-11-21T23:53:24,876|[TRACE] graph - -------> nonSkippedChar
2021-11-21T23:53:24,876|[TRACE] script - #out(`5`) [token]
2021-11-21T23:53:24,876|[TRACE] graph - <------- nonSkippedChar
2021-11-21T23:53:24,876|[TRACE] graph - <----- statementPart
2021-11-21T23:53:24,876|[TRACE] graph - -----> statementPart
2021-11-21T23:53:24,876|[TRACE] graph - -------> nonSkippedChar
2021-11-21T23:53:24,876|[TRACE] script - #out(`0`) [token]
2021-11-21T23:53:24,876|[TRACE] graph - <------- nonSkippedChar
2021-11-21T23:53:24,876|[TRACE] graph - <----- statementPart
2021-11-21T23:53:24,876|[TRACE] graph - -----> statementPart
2021-11-21T23:53:24,876|[TRACE] graph - -------> nonSkippedChar
2021-11-21T23:53:24,876|[TRACE] script - #out(`)`) [token]
2021-11-21T23:53:24,876|[TRACE] graph - <------- nonSkippedChar
2021-11-21T23:53:24,876|[TRACE] graph - <----- statementPart
2021-11-21T23:53:24,876|[TRACE] graph - -----> statementPart
2021-11-21T23:53:24,876|[TRACE] graph - -------> nonSkippedSpace
2021-11-21T23:53:24,876|[TRACE] script - #out(` `) [token]
2021-11-21T23:53:24,876|[TRACE] graph - <------- nonSkippedSpace
2021-11-21T23:53:24,876|[TRACE] graph - <----- statementPart
2021-11-21T23:53:24,876|[TRACE] graph - -----> statementPart
2021-11-21T23:53:24,876|[TRACE] graph - -------> nonSkippedChar
2021-11-21T23:53:24,876|[TRACE] script - #out(`N`) [token]
2021-11-21T23:53:24,876|[TRACE] graph - <------- nonSkippedChar
2021-11-21T23:53:24,876|[TRACE] graph - <----- statementPart
2021-11-21T23:53:24,876|[TRACE] graph - -----> statementPart
2021-11-21T23:53:24,876|[TRACE] graph - -------> nonSkippedChar
2021-11-21T23:53:24,876|[TRACE] script - #out(`O`) [token]
2021-11-21T23:53:24,876|[TRACE] graph - <------- nonSkippedChar
2021-11-21T23:53:24,876|[TRACE] graph - <----- statementPart
2021-11-21T23:53:24,876|[TRACE] graph - -----> statementPart
2021-11-21T23:53:24,876|[TRACE] graph - -------> nonSkippedChar
2021-11-21T23:53:24,876|[TRACE] script - #out(`T`) [token]
2021-11-21T23:53:24,876|[TRACE] graph - <------- nonSkippedChar
2021-11-21T23:53:24,876|[TRACE] graph - <----- statementPart
2021-11-21T23:53:24,876|[TRACE] graph - -----> statementPart
2021-11-21T23:53:24,876|[TRACE] graph - -------> nonSkippedSpace
2021-11-21T23:53:24,876|[TRACE] script - #out(` `) [token]
2021-11-21T23:53:24,876|[TRACE] graph - <------- nonSkippedSpace
2021-11-21T23:53:24,876|[TRACE] graph - <----- statementPart
2021-11-21T23:53:24,876|[TRACE] graph - -----> statementPart
2021-11-21T23:53:24,876|[TRACE] graph - -------> nonSkippedChar
2021-11-21T23:53:24,876|[TRACE] script - #out(`N`) [token]
2021-11-21T23:53:24,876|[TRACE] graph - <------- nonSkippedChar
2021-11-21T23:53:24,876|[TRACE] graph - <----- statementPart
2021-11-21T23:53:24,876|[TRACE] graph - -----> statementPart
2021-11-21T23:53:24,876|[TRACE] graph - -------> nonSkippedChar
2021-11-21T23:53:24,876|[TRACE] script - #out(`U`) [token]
2021-11-21T23:53:24,876|[TRACE] graph - <------- nonSkippedChar
2021-11-21T23:53:24,876|[TRACE] graph - <----- statementPart
2021-11-21T23:53:24,876|[TRACE] graph - -----> statementPart
2021-11-21T23:53:24,876|[TRACE] graph - -------> nonSkippedChar
2021-11-21T23:53:24,876|[TRACE] script - #out(`L`) [token]
2021-11-21T23:53:24,876|[TRACE] graph - <------- nonSkippedChar
2021-11-21T23:53:24,876|[TRACE] graph - <----- statementPart
2021-11-21T23:53:24,876|[TRACE] graph - -----> statementPart
2021-11-21T23:53:24,876|[TRACE] graph - -------> nonSkippedChar
2021-11-21T23:53:24,876|[TRACE] script - #out(`L`) [token]
2021-11-21T23:53:24,876|[TRACE] graph - <------- nonSkippedChar
2021-11-21T23:53:24,876|[TRACE] graph - <----- statementPart
2021-11-21T23:53:24,876|[TRACE] graph - -----> statementPart
2021-11-21T23:53:24,876|[TRACE] graph - -------> nonSkippedChar
2021-11-21T23:53:24,876|[TRACE] script - #out(`,`) [token]
2021-11-21T23:53:24,876|[TRACE] graph - <------- nonSkippedChar
2021-11-21T23:53:24,876|[TRACE] graph - <----- statementPart
2021-11-21T23:53:24,876|[TRACE] graph - -----> afterStatementPartNewline
2021-11-21T23:53:24,876|[TRACE] script - #out(` `) [text]
2021-11-21T23:53:24,876|[TRACE] graph - <----- afterStatementPartNewline
2021-11-21T23:53:24,876|[TRACE] graph - -----> statementPart
2021-11-21T23:53:24,876|[TRACE] graph - -------> nonSkippedSpace
2021-11-21T23:53:24,876|[TRACE] script - #out(` `) [token]
2021-11-21T23:53:24,876|[TRACE] graph - <------- nonSkippedSpace
2021-11-21T23:53:24,876|[TRACE] graph - <----- statementPart
2021-11-21T23:53:24,876|[TRACE] graph - -----> statementPart
2021-11-21T23:53:24,876|[TRACE] graph - -------> nonSkippedSpace
2021-11-21T23:53:24,876|[TRACE] script - #out(` `) [token]
2021-11-21T23:53:24,876|[TRACE] graph - <------- nonSkippedSpace
2021-11-21T23:53:24,876|[TRACE] graph - <----- statementPart
2021-11-21T23:53:24,876|[TRACE] graph - -----> statementPart
2021-11-21T23:53:24,876|[TRACE] graph - -------> quotedString
2021-11-21T23:53:24,876|[TRACE] script - #out(``last_name``) [token]
2021-11-21T23:53:24,876|[TRACE] graph - <------- quotedString
2021-11-21T23:53:24,876|[TRACE] graph - <----- statementPart
2021-11-21T23:53:24,876|[TRACE] graph - -----> statementPart
2021-11-21T23:53:24,876|[TRACE] graph - -------> nonSkippedSpace
2021-11-21T23:53:24,876|[TRACE] script - #out(` `) [token]
2021-11-21T23:53:24,876|[TRACE] graph - <------- nonSkippedSpace
2021-11-21T23:53:24,876|[TRACE] graph - <----- statementPart
2021-11-21T23:53:24,876|[TRACE] graph - -----> statementPart
2021-11-21T23:53:24,876|[TRACE] graph - -------> nonSkippedChar
2021-11-21T23:53:24,876|[TRACE] script - #out(`V`) [token]
2021-11-21T23:53:24,876|[TRACE] graph - <------- nonSkippedChar
2021-11-21T23:53:24,876|[TRACE] graph - <----- statementPart
2021-11-21T23:53:24,876|[TRACE] graph - -----> statementPart
2021-11-21T23:53:24,876|[TRACE] graph - -------> nonSkippedChar
2021-11-21T23:53:24,876|[TRACE] script - #out(`A`) [token]
2021-11-21T23:53:24,876|[TRACE] graph - <------- nonSkippedChar
2021-11-21T23:53:24,876|[TRACE] graph - <----- statementPart
2021-11-21T23:53:24,876|[TRACE] graph - -----> statementPart
2021-11-21T23:53:24,876|[TRACE] graph - -------> nonSkippedChar
2021-11-21T23:53:24,876|[TRACE] script - #out(`R`) [token]
2021-11-21T23:53:24,876|[TRACE] graph - <------- nonSkippedChar
2021-11-21T23:53:24,876|[TRACE] graph - <----- statementPart
2021-11-21T23:53:24,876|[TRACE] graph - -----> statementPart
2021-11-21T23:53:24,876|[TRACE] graph - -------> nonSkippedChar
2021-11-21T23:53:24,876|[TRACE] script - #out(`C`) [token]
2021-11-21T23:53:24,876|[TRACE] graph - <------- nonSkippedChar
2021-11-21T23:53:24,876|[TRACE] graph - <----- statementPart
2021-11-21T23:53:24,876|[TRACE] graph - -----> statementPart
2021-11-21T23:53:24,876|[TRACE] graph - -------> nonSkippedChar
2021-11-21T23:53:24,876|[TRACE] script - #out(`H`) [token]
2021-11-21T23:53:24,876|[TRACE] graph - <------- nonSkippedChar
2021-11-21T23:53:24,876|[TRACE] graph - <----- statementPart
2021-11-21T23:53:24,876|[TRACE] graph - -----> statementPart
2021-11-21T23:53:24,876|[TRACE] graph - -------> nonSkippedChar
2021-11-21T23:53:24,876|[TRACE] script - #out(`A`) [token]
2021-11-21T23:53:24,876|[TRACE] graph - <------- nonSkippedChar
2021-11-21T23:53:24,876|[TRACE] graph - <----- statementPart
2021-11-21T23:53:24,876|[TRACE] graph - -----> statementPart
2021-11-21T23:53:24,876|[TRACE] graph - -------> nonSkippedChar
2021-11-21T23:53:24,876|[TRACE] script - #out(`R`) [token]
2021-11-21T23:53:24,876|[TRACE] graph - <------- nonSkippedChar
2021-11-21T23:53:24,876|[TRACE] graph - <----- statementPart
2021-11-21T23:53:24,876|[TRACE] graph - -----> statementPart
2021-11-21T23:53:24,876|[TRACE] graph - -------> nonSkippedChar
2021-11-21T23:53:24,876|[TRACE] script - #out(`(`) [token]
2021-11-21T23:53:24,876|[TRACE] graph - <------- nonSkippedChar
2021-11-21T23:53:24,876|[TRACE] graph - <----- statementPart
2021-11-21T23:53:24,876|[TRACE] graph - -----> statementPart
2021-11-21T23:53:24,876|[TRACE] graph - -------> nonSkippedChar
2021-11-21T23:53:24,876|[TRACE] script - #out(`5`) [token]
2021-11-21T23:53:24,876|[TRACE] graph - <------- nonSkippedChar
2021-11-21T23:53:24,876|[TRACE] graph - <----- statementPart
2021-11-21T23:53:24,876|[TRACE] graph - -----> statementPart
2021-11-21T23:53:24,876|[TRACE] graph - -------> nonSkippedChar
2021-11-21T23:53:24,876|[TRACE] script - #out(`0`) [token]
2021-11-21T23:53:24,876|[TRACE] graph - <------- nonSkippedChar
2021-11-21T23:53:24,876|[TRACE] graph - <----- statementPart
2021-11-21T23:53:24,876|[TRACE] graph - -----> statementPart
2021-11-21T23:53:24,876|[TRACE] graph - -------> nonSkippedChar
2021-11-21T23:53:24,876|[TRACE] script - #out(`)`) [token]
2021-11-21T23:53:24,876|[TRACE] graph - <------- nonSkippedChar
2021-11-21T23:53:24,876|[TRACE] graph - <----- statementPart
2021-11-21T23:53:24,876|[TRACE] graph - -----> statementPart
2021-11-21T23:53:24,876|[TRACE] graph - -------> nonSkippedSpace
2021-11-21T23:53:24,876|[TRACE] script - #out(` `) [token]
2021-11-21T23:53:24,876|[TRACE] graph - <------- nonSkippedSpace
2021-11-21T23:53:24,876|[TRACE] graph - <----- statementPart
2021-11-21T23:53:24,876|[TRACE] graph - -----> statementPart
2021-11-21T23:53:24,876|[TRACE] graph - -------> nonSkippedChar
2021-11-21T23:53:24,876|[TRACE] script - #out(`N`) [token]
2021-11-21T23:53:24,876|[TRACE] graph - <------- nonSkippedChar
2021-11-21T23:53:24,876|[TRACE] graph - <----- statementPart
2021-11-21T23:53:24,876|[TRACE] graph - -----> statementPart
2021-11-21T23:53:24,876|[TRACE] graph - -------> nonSkippedChar
2021-11-21T23:53:24,876|[TRACE] script - #out(`O`) [token]
2021-11-21T23:53:24,876|[TRACE] graph - <------- nonSkippedChar
2021-11-21T23:53:24,876|[TRACE] graph - <----- statementPart
2021-11-21T23:53:24,876|[TRACE] graph - -----> statementPart
2021-11-21T23:53:24,876|[TRACE] graph - -------> nonSkippedChar
2021-11-21T23:53:24,876|[TRACE] script - #out(`T`) [token]
2021-11-21T23:53:24,876|[TRACE] graph - <------- nonSkippedChar
2021-11-21T23:53:24,876|[TRACE] graph - <----- statementPart
2021-11-21T23:53:24,876|[TRACE] graph - -----> statementPart
2021-11-21T23:53:24,876|[TRACE] graph - -------> nonSkippedSpace
2021-11-21T23:53:24,876|[TRACE] script - #out(` `) [token]
2021-11-21T23:53:24,876|[TRACE] graph - <------- nonSkippedSpace
2021-11-21T23:53:24,876|[TRACE] graph - <----- statementPart
2021-11-21T23:53:24,876|[TRACE] graph - -----> statementPart
2021-11-21T23:53:24,876|[TRACE] graph - -------> nonSkippedChar
2021-11-21T23:53:24,876|[TRACE] script - #out(`N`) [token]
2021-11-21T23:53:24,876|[TRACE] graph - <------- nonSkippedChar
2021-11-21T23:53:24,876|[TRACE] graph - <----- statementPart
2021-11-21T23:53:24,876|[TRACE] graph - -----> statementPart
2021-11-21T23:53:24,876|[TRACE] graph - -------> nonSkippedChar
2021-11-21T23:53:24,876|[TRACE] script - #out(`U`) [token]
2021-11-21T23:53:24,876|[TRACE] graph - <------- nonSkippedChar
2021-11-21T23:53:24,876|[TRACE] graph - <----- statementPart
2021-11-21T23:53:24,876|[TRACE] graph - -----> statementPart
2021-11-21T23:53:24,876|[TRACE] graph - -------> nonSkippedChar
2021-11-21T23:53:24,877|[TRACE] script - #out(`L`) [token]
2021-11-21T23:53:24,877|[TRACE] graph - <------- nonSkippedChar
2021-11-21T23:53:24,877|[TRACE] graph - <----- statementPart
2021-11-21T23:53:24,877|[TRACE] graph - -----> statementPart
2021-11-21T23:53:24,877|[TRACE] graph - -------> nonSkippedChar
2021-11-21T23:53:24,877|[TRACE] script - #out(`L`) [token]
2021-11-21T23:53:24,877|[TRACE] graph - <------- nonSkippedChar
2021-11-21T23:53:24,877|[TRACE] graph - <----- statementPart
2021-11-21T23:53:24,877|[TRACE] graph - -----> statementPart
2021-11-21T23:53:24,918|[TRACE] graph - -------> nonSkippedChar
2021-11-21T23:53:24,918|[TRACE] script - #out(`,`) [token]
2021-11-21T23:53:24,918|[TRACE] graph - <------- nonSkippedChar
2021-11-21T23:53:24,918|[TRACE] graph - <----- statementPart
2021-11-21T23:53:24,918|[TRACE] graph - -----> afterStatementPartNewline
2021-11-21T23:53:24,918|[TRACE] script - #out(` `) [text]
2021-11-21T23:53:24,918|[TRACE] graph - <----- afterStatementPartNewline
2021-11-21T23:53:24,918|[TRACE] graph - -----> statementPart
2021-11-21T23:53:24,918|[TRACE] graph - -------> nonSkippedSpace
2021-11-21T23:53:24,918|[TRACE] script - #out(` `) [token]
2021-11-21T23:53:24,918|[TRACE] graph - <------- nonSkippedSpace
2021-11-21T23:53:24,918|[TRACE] graph - <----- statementPart
2021-11-21T23:53:24,918|[TRACE] graph - -----> statementPart
2021-11-21T23:53:24,918|[TRACE] graph - -------> nonSkippedSpace
2021-11-21T23:53:24,918|[TRACE] script - #out(` `) [token]
2021-11-21T23:53:24,918|[TRACE] graph - <------- nonSkippedSpace
2021-11-21T23:53:24,918|[TRACE] graph - <----- statementPart
2021-11-21T23:53:24,918|[TRACE] graph - -----> statementPart
2021-11-21T23:53:24,918|[TRACE] graph - -------> quotedString
2021-11-21T23:53:24,918|[TRACE] script - #out(``created``) [token]
2021-11-21T23:53:24,918|[TRACE] graph - <------- quotedString
2021-11-21T23:53:24,918|[TRACE] graph - <----- statementPart
2021-11-21T23:53:24,918|[TRACE] graph - -----> statementPart
2021-11-21T23:53:24,918|[TRACE] graph - -------> nonSkippedSpace
2021-11-21T23:53:24,918|[TRACE] script - #out(` `) [token]
2021-11-21T23:53:24,918|[TRACE] graph - <------- nonSkippedSpace
2021-11-21T23:53:24,918|[TRACE] graph - <----- statementPart
2021-11-21T23:53:24,918|[TRACE] graph - -----> statementPart
2021-11-21T23:53:24,918|[TRACE] graph - -------> nonSkippedChar
2021-11-21T23:53:24,918|[TRACE] script - #out(`B`) [token]
2021-11-21T23:53:24,918|[TRACE] graph - <------- nonSkippedChar
2021-11-21T23:53:24,918|[TRACE] graph - <----- statementPart
2021-11-21T23:53:24,918|[TRACE] graph - -----> statementPart
2021-11-21T23:53:24,918|[TRACE] graph - -------> nonSkippedChar
2021-11-21T23:53:24,918|[TRACE] script - #out(`I`) [token]
2021-11-21T23:53:24,918|[TRACE] graph - <------- nonSkippedChar
2021-11-21T23:53:24,918|[TRACE] graph - <----- statementPart
2021-11-21T23:53:24,918|[TRACE] graph - -----> statementPart
2021-11-21T23:53:24,918|[TRACE] graph - -------> nonSkippedChar
2021-11-21T23:53:24,918|[TRACE] script - #out(`G`) [token]
2021-11-21T23:53:24,918|[TRACE] graph - <------- nonSkippedChar
2021-11-21T23:53:24,918|[TRACE] graph - <----- statementPart
2021-11-21T23:53:24,918|[TRACE] graph - -----> statementPart
2021-11-21T23:53:24,918|[TRACE] graph - -------> nonSkippedChar
2021-11-21T23:53:24,918|[TRACE] script - #out(`I`) [token]
2021-11-21T23:53:24,918|[TRACE] graph - <------- nonSkippedChar
2021-11-21T23:53:24,918|[TRACE] graph - <----- statementPart
2021-11-21T23:53:24,918|[TRACE] graph - -----> statementPart
2021-11-21T23:53:24,918|[TRACE] graph - -------> nonSkippedChar
2021-11-21T23:53:24,918|[TRACE] script - #out(`N`) [token]
2021-11-21T23:53:24,918|[TRACE] graph - <------- nonSkippedChar
2021-11-21T23:53:24,918|[TRACE] graph - <----- statementPart
2021-11-21T23:53:24,918|[TRACE] graph - -----> statementPart
2021-11-21T23:53:24,918|[TRACE] graph - -------> nonSkippedChar
2021-11-21T23:53:24,918|[TRACE] script - #out(`T`) [token]
2021-11-21T23:53:24,918|[TRACE] graph - <------- nonSkippedChar
2021-11-21T23:53:24,918|[TRACE] graph - <----- statementPart
2021-11-21T23:53:24,918|[TRACE] graph - -----> statementPart
2021-11-21T23:53:24,918|[TRACE] graph - -------> nonSkippedSpace
2021-11-21T23:53:24,918|[TRACE] script - #out(` `) [token]
2021-11-21T23:53:24,918|[TRACE] graph - <------- nonSkippedSpace
2021-11-21T23:53:24,918|[TRACE] graph - <----- statementPart
2021-11-21T23:53:24,918|[TRACE] graph - -----> statementPart
2021-11-21T23:53:24,918|[TRACE] graph - -------> nonSkippedChar
2021-11-21T23:53:24,918|[TRACE] script - #out(`N`) [token]
2021-11-21T23:53:24,918|[TRACE] graph - <------- nonSkippedChar
2021-11-21T23:53:24,918|[TRACE] graph - <----- statementPart
2021-11-21T23:53:24,918|[TRACE] graph - -----> statementPart
2021-11-21T23:53:24,918|[TRACE] graph - -------> nonSkippedChar
2021-11-21T23:53:24,918|[TRACE] script - #out(`O`) [token]
2021-11-21T23:53:24,918|[TRACE] graph - <------- nonSkippedChar
2021-11-21T23:53:24,918|[TRACE] graph - <----- statementPart
2021-11-21T23:53:24,918|[TRACE] graph - -----> statementPart
2021-11-21T23:53:24,918|[TRACE] graph - -------> nonSkippedChar
2021-11-21T23:53:24,918|[TRACE] script - #out(`T`) [token]
2021-11-21T23:53:24,918|[TRACE] graph - <------- nonSkippedChar
2021-11-21T23:53:24,918|[TRACE] graph - <----- statementPart
2021-11-21T23:53:24,918|[TRACE] graph - -----> statementPart
2021-11-21T23:53:24,918|[TRACE] graph - -------> nonSkippedSpace
2021-11-21T23:53:24,918|[TRACE] script - #out(` `) [token]
2021-11-21T23:53:24,918|[TRACE] graph - <------- nonSkippedSpace
2021-11-21T23:53:24,918|[TRACE] graph - <----- statementPart
2021-11-21T23:53:24,918|[TRACE] graph - -----> statementPart
2021-11-21T23:53:24,918|[TRACE] graph - -------> nonSkippedChar
2021-11-21T23:53:24,918|[TRACE] script - #out(`N`) [token]
2021-11-21T23:53:24,918|[TRACE] graph - <------- nonSkippedChar
2021-11-21T23:53:24,918|[TRACE] graph - <----- statementPart
2021-11-21T23:53:24,918|[TRACE] graph - -----> statementPart
2021-11-21T23:53:24,918|[TRACE] graph - -------> nonSkippedChar
2021-11-21T23:53:24,918|[TRACE] script - #out(`U`) [token]
2021-11-21T23:53:24,918|[TRACE] graph - <------- nonSkippedChar
2021-11-21T23:53:24,918|[TRACE] graph - <----- statementPart
2021-11-21T23:53:24,918|[TRACE] graph - -----> statementPart
2021-11-21T23:53:24,918|[TRACE] graph - -------> nonSkippedChar
2021-11-21T23:53:24,918|[TRACE] script - #out(`L`) [token]
2021-11-21T23:53:24,918|[TRACE] graph - <------- nonSkippedChar
2021-11-21T23:53:24,918|[TRACE] graph - <----- statementPart
2021-11-21T23:53:24,918|[TRACE] graph - -----> statementPart
2021-11-21T23:53:24,918|[TRACE] graph - -------> nonSkippedChar
2021-11-21T23:53:24,918|[TRACE] script - #out(`L`) [token]
2021-11-21T23:53:24,918|[TRACE] graph - <------- nonSkippedChar
2021-11-21T23:53:24,918|[TRACE] graph - <----- statementPart
2021-11-21T23:53:24,918|[TRACE] graph - -----> statementPart
2021-11-21T23:53:24,918|[TRACE] graph - -------> nonSkippedSpace
2021-11-21T23:53:24,918|[TRACE] script - #out(` `) [token]
2021-11-21T23:53:24,918|[TRACE] graph - <------- nonSkippedSpace
2021-11-21T23:53:24,918|[TRACE] graph - <----- statementPart
2021-11-21T23:53:24,918|[TRACE] graph - -----> statementPart
2021-11-21T23:53:24,918|[TRACE] graph - -------> nonSkippedChar
2021-11-21T23:53:24,918|[TRACE] script - #out(`D`) [token]
2021-11-21T23:53:24,918|[TRACE] graph - <------- nonSkippedChar
2021-11-21T23:53:24,918|[TRACE] graph - <----- statementPart
2021-11-21T23:53:24,918|[TRACE] graph - -----> statementPart
2021-11-21T23:53:24,918|[TRACE] graph - -------> nonSkippedChar
2021-11-21T23:53:24,918|[TRACE] script - #out(`E`) [token]
2021-11-21T23:53:24,918|[TRACE] graph - <------- nonSkippedChar
2021-11-21T23:53:24,918|[TRACE] graph - <----- statementPart
2021-11-21T23:53:24,918|[TRACE] graph - -----> statementPart
2021-11-21T23:53:24,918|[TRACE] graph - -------> nonSkippedChar
2021-11-21T23:53:24,918|[TRACE] script - #out(`F`) [token]
2021-11-21T23:53:24,918|[TRACE] graph - <------- nonSkippedChar
2021-11-21T23:53:24,918|[TRACE] graph - <----- statementPart
2021-11-21T23:53:24,918|[TRACE] graph - -----> statementPart
2021-11-21T23:53:24,918|[TRACE] graph - -------> nonSkippedChar
2021-11-21T23:53:24,918|[TRACE] script - #out(`A`) [token]
2021-11-21T23:53:24,918|[TRACE] graph - <------- nonSkippedChar
2021-11-21T23:53:24,918|[TRACE] graph - <----- statementPart
2021-11-21T23:53:24,918|[TRACE] graph - -----> statementPart
2021-11-21T23:53:24,918|[TRACE] graph - -------> nonSkippedChar
2021-11-21T23:53:24,918|[TRACE] script - #out(`U`) [token]
2021-11-21T23:53:24,918|[TRACE] graph - <------- nonSkippedChar
2021-11-21T23:53:24,918|[TRACE] graph - <----- statementPart
2021-11-21T23:53:24,918|[TRACE] graph - -----> statementPart
2021-11-21T23:53:24,918|[TRACE] graph - -------> nonSkippedChar
2021-11-21T23:53:24,918|[TRACE] script - #out(`L`) [token]
2021-11-21T23:53:24,918|[TRACE] graph - <------- nonSkippedChar
2021-11-21T23:53:24,918|[TRACE] graph - <----- statementPart
2021-11-21T23:53:24,918|[TRACE] graph - -----> statementPart
2021-11-21T23:53:24,918|[TRACE] graph - -------> nonSkippedChar
2021-11-21T23:53:24,918|[TRACE] script - #out(`T`) [token]
2021-11-21T23:53:24,918|[TRACE] graph - <------- nonSkippedChar
2021-11-21T23:53:24,918|[TRACE] graph - <----- statementPart
2021-11-21T23:53:24,918|[TRACE] graph - -----> statementPart
2021-11-21T23:53:24,918|[TRACE] graph - -------> nonSkippedSpace
2021-11-21T23:53:24,918|[TRACE] script - #out(` `) [token]
2021-11-21T23:53:24,918|[TRACE] graph - <------- nonSkippedSpace
2021-11-21T23:53:24,918|[TRACE] graph - <----- statementPart
2021-11-21T23:53:24,918|[TRACE] graph - -----> statementPart
2021-11-21T23:53:24,918|[TRACE] graph - -------> nonSkippedChar
2021-11-21T23:53:24,918|[TRACE] script - #out(`(`) [token]
2021-11-21T23:53:24,918|[TRACE] graph - <------- nonSkippedChar
2021-11-21T23:53:24,918|[TRACE] graph - <----- statementPart
2021-11-21T23:53:24,918|[TRACE] graph - -----> statementPart
2021-11-21T23:53:24,918|[TRACE] graph - -------> nonSkippedChar
2021-11-21T23:53:24,918|[TRACE] script - #out(`u`) [token]
2021-11-21T23:53:24,918|[TRACE] graph - <------- nonSkippedChar
2021-11-21T23:53:24,918|[TRACE] graph - <----- statementPart
2021-11-21T23:53:24,918|[TRACE] graph - -----> statementPart
2021-11-21T23:53:24,918|[TRACE] graph - -------> nonSkippedChar
2021-11-21T23:53:24,918|[TRACE] script - #out(`n`) [token]
2021-11-21T23:53:24,918|[TRACE] graph - <------- nonSkippedChar
2021-11-21T23:53:24,918|[TRACE] graph - <----- statementPart
2021-11-21T23:53:24,918|[TRACE] graph - -----> statementPart
2021-11-21T23:53:24,918|[TRACE] graph - -------> nonSkippedChar
2021-11-21T23:53:24,918|[TRACE] script - #out(`i`) [token]
2021-11-21T23:53:24,918|[TRACE] graph - <------- nonSkippedChar
2021-11-21T23:53:24,918|[TRACE] graph - <----- statementPart
2021-11-21T23:53:24,918|[TRACE] graph - -----> statementPart
2021-11-21T23:53:24,918|[TRACE] graph - -------> nonSkippedChar
2021-11-21T23:53:24,918|[TRACE] script - #out(`x`) [token]
2021-11-21T23:53:24,918|[TRACE] graph - <------- nonSkippedChar
2021-11-21T23:53:24,918|[TRACE] graph - <----- statementPart
2021-11-21T23:53:24,918|[TRACE] graph - -----> statementPart
2021-11-21T23:53:24,918|[TRACE] graph - -------> nonSkippedChar
2021-11-21T23:53:24,918|[TRACE] script - #out(`_`) [token]
2021-11-21T23:53:24,918|[TRACE] graph - <------- nonSkippedChar
2021-11-21T23:53:24,918|[TRACE] graph - <----- statementPart
2021-11-21T23:53:24,918|[TRACE] graph - -----> statementPart
2021-11-21T23:53:24,918|[TRACE] graph - -------> nonSkippedChar
2021-11-21T23:53:24,918|[TRACE] script - #out(`t`) [token]
2021-11-21T23:53:24,918|[TRACE] graph - <------- nonSkippedChar
2021-11-21T23:53:24,918|[TRACE] graph - <----- statementPart
2021-11-21T23:53:24,918|[TRACE] graph - -----> statementPart
2021-11-21T23:53:24,918|[TRACE] graph - -------> nonSkippedChar
2021-11-21T23:53:24,918|[TRACE] script - #out(`i`) [token]
2021-11-21T23:53:24,918|[TRACE] graph - <------- nonSkippedChar
2021-11-21T23:53:24,918|[TRACE] graph - <----- statementPart
2021-11-21T23:53:24,918|[TRACE] graph - -----> statementPart
2021-11-21T23:53:24,918|[TRACE] graph - -------> nonSkippedChar
2021-11-21T23:53:24,918|[TRACE] script - #out(`m`) [token]
2021-11-21T23:53:24,918|[TRACE] graph - <------- nonSkippedChar
2021-11-21T23:53:24,918|[TRACE] graph - <----- statementPart
2021-11-21T23:53:24,918|[TRACE] graph - -----> statementPart
2021-11-21T23:53:24,918|[TRACE] graph - -------> nonSkippedChar
2021-11-21T23:53:24,918|[TRACE] script - #out(`e`) [token]
2021-11-21T23:53:24,918|[TRACE] graph - <------- nonSkippedChar
2021-11-21T23:53:24,918|[TRACE] graph - <----- statementPart
2021-11-21T23:53:24,918|[TRACE] graph - -----> statementPart
2021-11-21T23:53:24,918|[TRACE] graph - -------> nonSkippedChar
2021-11-21T23:53:24,918|[TRACE] script - #out(`s`) [token]
2021-11-21T23:53:24,918|[TRACE] graph - <------- nonSkippedChar
2021-11-21T23:53:24,918|[TRACE] graph - <----- statementPart
2021-11-21T23:53:24,918|[TRACE] graph - -----> statementPart
2021-11-21T23:53:24,918|[TRACE] graph - -------> nonSkippedChar
2021-11-21T23:53:24,918|[TRACE] script - #out(`t`) [token]
2021-11-21T23:53:24,918|[TRACE] graph - <------- nonSkippedChar
2021-11-21T23:53:24,918|[TRACE] graph - <----- statementPart
2021-11-21T23:53:24,918|[TRACE] graph - -----> statementPart
2021-11-21T23:53:24,918|[TRACE] graph - -------> nonSkippedChar
2021-11-21T23:53:24,918|[TRACE] script - #out(`a`) [token]
2021-11-21T23:53:24,918|[TRACE] graph - <------- nonSkippedChar
2021-11-21T23:53:24,918|[TRACE] graph - <----- statementPart
2021-11-21T23:53:24,918|[TRACE] graph - -----> statementPart
2021-11-21T23:53:24,918|[TRACE] graph - -------> nonSkippedChar
2021-11-21T23:53:24,918|[TRACE] script - #out(`m`) [token]
2021-11-21T23:53:24,918|[TRACE] graph - <------- nonSkippedChar
2021-11-21T23:53:24,918|[TRACE] graph - <----- statementPart
2021-11-21T23:53:24,918|[TRACE] graph - -----> statementPart
2021-11-21T23:53:24,918|[TRACE] graph - -------> nonSkippedChar
2021-11-21T23:53:24,918|[TRACE] script - #out(`p`) [token]
2021-11-21T23:53:24,918|[TRACE] graph - <------- nonSkippedChar
2021-11-21T23:53:24,918|[TRACE] graph - <----- statementPart
2021-11-21T23:53:24,918|[TRACE] graph - -----> statementPart
2021-11-21T23:53:24,918|[TRACE] graph - -------> nonSkippedChar
2021-11-21T23:53:24,919|[TRACE] script - #out(`(`) [token]
2021-11-21T23:53:24,919|[TRACE] graph - <------- nonSkippedChar
2021-11-21T23:53:24,919|[TRACE] graph - <----- statementPart
2021-11-21T23:53:24,919|[TRACE] graph - -----> statementPart
2021-11-21T23:53:24,919|[TRACE] graph - -------> nonSkippedChar
2021-11-21T23:53:24,919|[TRACE] script - #out(`n`) [token]
2021-11-21T23:53:24,919|[TRACE] graph - <------- nonSkippedChar
2021-11-21T23:53:24,919|[TRACE] graph - <----- statementPart
2021-11-21T23:53:24,919|[TRACE] graph - -----> statementPart
2021-11-21T23:53:24,919|[TRACE] graph - -------> nonSkippedChar
2021-11-21T23:53:24,919|[TRACE] script - #out(`o`) [token]
2021-11-21T23:53:24,919|[TRACE] graph - <------- nonSkippedChar
2021-11-21T23:53:24,919|[TRACE] graph - <----- statementPart
2021-11-21T23:53:24,919|[TRACE] graph - -----> statementPart
2021-11-21T23:53:24,919|[TRACE] graph - -------> nonSkippedChar
2021-11-21T23:53:24,919|[TRACE] script - #out(`w`) [token]
2021-11-21T23:53:24,919|[TRACE] graph - <------- nonSkippedChar
2021-11-21T23:53:24,919|[TRACE] graph - <----- statementPart
2021-11-21T23:53:24,919|[TRACE] graph - -----> statementPart
2021-11-21T23:53:24,919|[TRACE] graph - -------> nonSkippedChar
2021-11-21T23:53:24,919|[TRACE] script - #out(`(`) [token]
2021-11-21T23:53:24,919|[TRACE] graph - <------- nonSkippedChar
2021-11-21T23:53:24,919|[TRACE] graph - <----- statementPart
2021-11-21T23:53:24,919|[TRACE] graph - -----> statementPart
2021-11-21T23:53:24,919|[TRACE] graph - -------> nonSkippedChar
2021-11-21T23:53:24,919|[TRACE] script - #out(`)`) [token]
2021-11-21T23:53:24,919|[TRACE] graph - <------- nonSkippedChar
2021-11-21T23:53:24,919|[TRACE] graph - <----- statementPart
2021-11-21T23:53:24,919|[TRACE] graph - -----> statementPart
2021-11-21T23:53:24,919|[TRACE] graph - -------> nonSkippedChar
2021-11-21T23:53:24,919|[TRACE] script - #out(`)`) [token]
2021-11-21T23:53:24,919|[TRACE] graph - <------- nonSkippedChar
2021-11-21T23:53:24,919|[TRACE] graph - <----- statementPart
2021-11-21T23:53:24,919|[TRACE] graph - -----> statementPart
2021-11-21T23:53:24,919|[TRACE] graph - -------> nonSkippedSpace
2021-11-21T23:53:24,919|[TRACE] script - #out(` `) [token]
2021-11-21T23:53:24,919|[TRACE] graph - <------- nonSkippedSpace
2021-11-21T23:53:24,919|[TRACE] graph - <----- statementPart
2021-11-21T23:53:24,919|[TRACE] graph - -----> statementPart
2021-11-21T23:53:24,919|[TRACE] graph - -------> nonSkippedChar
2021-11-21T23:53:24,919|[TRACE] script - #out(`*`) [token]
2021-11-21T23:53:24,919|[TRACE] graph - <------- nonSkippedChar
2021-11-21T23:53:24,919|[TRACE] graph - <----- statementPart
2021-11-21T23:53:24,919|[TRACE] graph - -----> statementPart
2021-11-21T23:53:24,919|[TRACE] graph - -------> nonSkippedSpace
2021-11-21T23:53:24,919|[TRACE] script - #out(` `) [token]
2021-11-21T23:53:24,919|[TRACE] graph - <------- nonSkippedSpace
2021-11-21T23:53:24,919|[TRACE] graph - <----- statementPart
2021-11-21T23:53:24,919|[TRACE] graph - -----> statementPart
2021-11-21T23:53:24,919|[TRACE] graph - -------> nonSkippedChar
2021-11-21T23:53:24,919|[TRACE] script - #out(`1`) [token]
2021-11-21T23:53:24,919|[TRACE] graph - <------- nonSkippedChar
2021-11-21T23:53:24,919|[TRACE] graph - <----- statementPart
2021-11-21T23:53:24,919|[TRACE] graph - -----> statementPart
2021-11-21T23:53:24,919|[TRACE] graph - -------> nonSkippedChar
2021-11-21T23:53:24,919|[TRACE] script - #out(`0`) [token]
2021-11-21T23:53:24,919|[TRACE] graph - <------- nonSkippedChar
2021-11-21T23:53:24,919|[TRACE] graph - <----- statementPart
2021-11-21T23:53:24,919|[TRACE] graph - -----> statementPart
2021-11-21T23:53:24,919|[TRACE] graph - -------> nonSkippedChar
2021-11-21T23:53:24,919|[TRACE] script - #out(`0`) [token]
2021-11-21T23:53:24,919|[TRACE] graph - <------- nonSkippedChar
2021-11-21T23:53:24,919|[TRACE] graph - <----- statementPart
2021-11-21T23:53:24,919|[TRACE] graph - -----> statementPart
2021-11-21T23:53:24,919|[TRACE] graph - -------> nonSkippedChar
2021-11-21T23:53:24,919|[TRACE] script - #out(`0`) [token]
2021-11-21T23:53:24,919|[TRACE] graph - <------- nonSkippedChar
2021-11-21T23:53:24,919|[TRACE] graph - <----- statementPart
2021-11-21T23:53:24,919|[TRACE] graph - -----> statementPart
2021-11-21T23:53:24,919|[TRACE] graph - -------> nonSkippedChar
2021-11-21T23:53:24,919|[TRACE] script - #out(`)`) [token]
2021-11-21T23:53:24,919|[TRACE] graph - <------- nonSkippedChar
2021-11-21T23:53:24,919|[TRACE] graph - <----- statementPart
2021-11-21T23:53:24,919|[TRACE] graph - -----> statementPart
2021-11-21T23:53:24,919|[TRACE] graph - -------> nonSkippedChar
2021-11-21T23:53:24,919|[TRACE] script - #out(`,`) [token]
2021-11-21T23:53:24,919|[TRACE] graph - <------- nonSkippedChar
2021-11-21T23:53:24,919|[TRACE] graph - <----- statementPart
2021-11-21T23:53:24,919|[TRACE] graph - -----> afterStatementPartNewline
2021-11-21T23:53:24,919|[TRACE] script - #out(` `) [text]
2021-11-21T23:53:24,919|[TRACE] graph - <----- afterStatementPartNewline
2021-11-21T23:53:24,919|[TRACE] graph - -----> statementPart
2021-11-21T23:53:24,919|[TRACE] graph - -------> nonSkippedSpace
2021-11-21T23:53:24,919|[TRACE] script - #out(` `) [token]
2021-11-21T23:53:24,919|[TRACE] graph - <------- nonSkippedSpace
2021-11-21T23:53:24,919|[TRACE] graph - <----- statementPart
2021-11-21T23:53:24,919|[TRACE] graph - -----> statementPart
2021-11-21T23:53:24,919|[TRACE] graph - -------> nonSkippedSpace
2021-11-21T23:53:24,919|[TRACE] script - #out(` `) [token]
2021-11-21T23:53:24,919|[TRACE] graph - <------- nonSkippedSpace
2021-11-21T23:53:24,919|[TRACE] graph - <----- statementPart
2021-11-21T23:53:24,919|[TRACE] graph - -----> statementPart
2021-11-21T23:53:24,919|[TRACE] graph - -------> quotedString
2021-11-21T23:53:24,919|[TRACE] script - #out(``updated``) [token]
2021-11-21T23:53:24,919|[TRACE] graph - <------- quotedString
2021-11-21T23:53:24,919|[TRACE] graph - <----- statementPart
2021-11-21T23:53:24,919|[TRACE] graph - -----> statementPart
2021-11-21T23:53:24,919|[TRACE] graph - -------> nonSkippedSpace
2021-11-21T23:53:24,919|[TRACE] script - #out(` `) [token]
2021-11-21T23:53:24,919|[TRACE] graph - <------- nonSkippedSpace
2021-11-21T23:53:24,919|[TRACE] graph - <----- statementPart
2021-11-21T23:53:24,919|[TRACE] graph - -----> statementPart
2021-11-21T23:53:24,919|[TRACE] graph - -------> nonSkippedChar
2021-11-21T23:53:24,919|[TRACE] script - #out(`B`) [token]
2021-11-21T23:53:24,919|[TRACE] graph - <------- nonSkippedChar
2021-11-21T23:53:24,919|[TRACE] graph - <----- statementPart
2021-11-21T23:53:24,919|[TRACE] graph - -----> statementPart
2021-11-21T23:53:24,919|[TRACE] graph - -------> nonSkippedChar
2021-11-21T23:53:24,919|[TRACE] script - #out(`I`) [token]
2021-11-21T23:53:24,919|[TRACE] graph - <------- nonSkippedChar
2021-11-21T23:53:24,919|[TRACE] graph - <----- statementPart
2021-11-21T23:53:24,919|[TRACE] graph - -----> statementPart
2021-11-21T23:53:24,919|[TRACE] graph - -------> nonSkippedChar
2021-11-21T23:53:24,919|[TRACE] script - #out(`G`) [token]
2021-11-21T23:53:24,919|[TRACE] graph - <------- nonSkippedChar
2021-11-21T23:53:24,919|[TRACE] graph - <----- statementPart
2021-11-21T23:53:24,919|[TRACE] graph - -----> statementPart
2021-11-21T23:53:24,919|[TRACE] graph - -------> nonSkippedChar
2021-11-21T23:53:24,919|[TRACE] script - #out(`I`) [token]
2021-11-21T23:53:24,919|[TRACE] graph - <------- nonSkippedChar
2021-11-21T23:53:24,919|[TRACE] graph - <----- statementPart
2021-11-21T23:53:24,919|[TRACE] graph - -----> statementPart
2021-11-21T23:53:24,919|[TRACE] graph - -------> nonSkippedChar
2021-11-21T23:53:24,919|[TRACE] script - #out(`N`) [token]
2021-11-21T23:53:24,919|[TRACE] graph - <------- nonSkippedChar
2021-11-21T23:53:24,919|[TRACE] graph - <----- statementPart
2021-11-21T23:53:24,919|[TRACE] graph - -----> statementPart
2021-11-21T23:53:24,919|[TRACE] graph - -------> nonSkippedChar
2021-11-21T23:53:24,919|[TRACE] script - #out(`T`) [token]
2021-11-21T23:53:24,919|[TRACE] graph - <------- nonSkippedChar
2021-11-21T23:53:24,919|[TRACE] graph - <----- statementPart
2021-11-21T23:53:24,919|[TRACE] graph - -----> statementPart
2021-11-21T23:53:24,919|[TRACE] graph - -------> nonSkippedSpace
2021-11-21T23:53:24,919|[TRACE] script - #out(` `) [token]
2021-11-21T23:53:24,919|[TRACE] graph - <------- nonSkippedSpace
2021-11-21T23:53:24,919|[TRACE] graph - <----- statementPart
2021-11-21T23:53:24,919|[TRACE] graph - -----> statementPart
2021-11-21T23:53:24,919|[TRACE] graph - -------> nonSkippedChar
2021-11-21T23:53:24,919|[TRACE] script - #out(`N`) [token]
2021-11-21T23:53:24,919|[TRACE] graph - <------- nonSkippedChar
2021-11-21T23:53:24,919|[TRACE] graph - <----- statementPart
2021-11-21T23:53:24,919|[TRACE] graph - -----> statementPart
2021-11-21T23:53:24,919|[TRACE] graph - -------> nonSkippedChar
2021-11-21T23:53:24,919|[TRACE] script - #out(`O`) [token]
2021-11-21T23:53:24,919|[TRACE] graph - <------- nonSkippedChar
2021-11-21T23:53:24,919|[TRACE] graph - <----- statementPart
2021-11-21T23:53:24,919|[TRACE] graph - -----> statementPart
2021-11-21T23:53:24,919|[TRACE] graph - -------> nonSkippedChar
2021-11-21T23:53:24,919|[TRACE] script - #out(`T`) [token]
2021-11-21T23:53:24,919|[TRACE] graph - <------- nonSkippedChar
2021-11-21T23:53:24,919|[TRACE] graph - <----- statementPart
2021-11-21T23:53:24,919|[TRACE] graph - -----> statementPart
2021-11-21T23:53:24,919|[TRACE] graph - -------> nonSkippedSpace
2021-11-21T23:53:24,919|[TRACE] script - #out(` `) [token]
2021-11-21T23:53:24,919|[TRACE] graph - <------- nonSkippedSpace
2021-11-21T23:53:24,919|[TRACE] graph - <----- statementPart
2021-11-21T23:53:24,919|[TRACE] graph - -----> statementPart
2021-11-21T23:53:24,919|[TRACE] graph - -------> nonSkippedChar
2021-11-21T23:53:24,919|[TRACE] script - #out(`N`) [token]
2021-11-21T23:53:24,919|[TRACE] graph - <------- nonSkippedChar
2021-11-21T23:53:24,919|[TRACE] graph - <----- statementPart
2021-11-21T23:53:24,919|[TRACE] graph - -----> statementPart
2021-11-21T23:53:24,919|[TRACE] graph - -------> nonSkippedChar
2021-11-21T23:53:24,919|[TRACE] script - #out(`U`) [token]
2021-11-21T23:53:24,919|[TRACE] graph - <------- nonSkippedChar
2021-11-21T23:53:24,919|[TRACE] graph - <----- statementPart
2021-11-21T23:53:24,919|[TRACE] graph - -----> statementPart
2021-11-21T23:53:24,919|[TRACE] graph - -------> nonSkippedChar
2021-11-21T23:53:24,919|[TRACE] script - #out(`L`) [token]
2021-11-21T23:53:24,919|[TRACE] graph - <------- nonSkippedChar
2021-11-21T23:53:24,919|[TRACE] graph - <----- statementPart
2021-11-21T23:53:24,919|[TRACE] graph - -----> statementPart
2021-11-21T23:53:24,919|[TRACE] graph - -------> nonSkippedChar
2021-11-21T23:53:24,919|[TRACE] script - #out(`L`) [token]
2021-11-21T23:53:24,919|[TRACE] graph - <------- nonSkippedChar
2021-11-21T23:53:24,919|[TRACE] graph - <----- statementPart
2021-11-21T23:53:24,919|[TRACE] graph - -----> statementPart
2021-11-21T23:53:24,919|[TRACE] graph - -------> nonSkippedSpace
2021-11-21T23:53:24,919|[TRACE] script - #out(` `) [token]
2021-11-21T23:53:24,919|[TRACE] graph - <------- nonSkippedSpace
2021-11-21T23:53:24,919|[TRACE] graph - <----- statementPart
2021-11-21T23:53:24,919|[TRACE] graph - -----> statementPart
2021-11-21T23:53:24,919|[TRACE] graph - -------> nonSkippedChar
2021-11-21T23:53:24,919|[TRACE] script - #out(`D`) [token]
2021-11-21T23:53:24,919|[TRACE] graph - <------- nonSkippedChar
2021-11-21T23:53:24,919|[TRACE] graph - <----- statementPart
2021-11-21T23:53:24,919|[TRACE] graph - -----> statementPart
2021-11-21T23:53:24,919|[TRACE] graph - -------> nonSkippedChar
2021-11-21T23:53:24,919|[TRACE] script - #out(`E`) [token]
2021-11-21T23:53:24,919|[TRACE] graph - <------- nonSkippedChar
2021-11-21T23:53:24,919|[TRACE] graph - <----- statementPart
2021-11-21T23:53:24,919|[TRACE] graph - -----> statementPart
2021-11-21T23:53:24,919|[TRACE] graph - -------> nonSkippedChar
2021-11-21T23:53:24,919|[TRACE] script - #out(`F`) [token]
2021-11-21T23:53:24,919|[TRACE] graph - <------- nonSkippedChar
2021-11-21T23:53:24,919|[TRACE] graph - <----- statementPart
2021-11-21T23:53:24,919|[TRACE] graph - -----> statementPart
2021-11-21T23:53:24,919|[TRACE] graph - -------> nonSkippedChar
2021-11-21T23:53:24,919|[TRACE] script - #out(`A`) [token]
2021-11-21T23:53:24,919|[TRACE] graph - <------- nonSkippedChar
2021-11-21T23:53:24,919|[TRACE] graph - <----- statementPart
2021-11-21T23:53:24,919|[TRACE] graph - -----> statementPart
2021-11-21T23:53:24,919|[TRACE] graph - -------> nonSkippedChar
2021-11-21T23:53:24,919|[TRACE] script - #out(`U`) [token]
2021-11-21T23:53:24,919|[TRACE] graph - <------- nonSkippedChar
2021-11-21T23:53:24,919|[TRACE] graph - <----- statementPart
2021-11-21T23:53:24,919|[TRACE] graph - -----> statementPart
2021-11-21T23:53:24,919|[TRACE] graph - -------> nonSkippedChar
2021-11-21T23:53:24,919|[TRACE] script - #out(`L`) [token]
2021-11-21T23:53:24,919|[TRACE] graph - <------- nonSkippedChar
2021-11-21T23:53:24,919|[TRACE] graph - <----- statementPart
2021-11-21T23:53:24,919|[TRACE] graph - -----> statementPart
2021-11-21T23:53:24,919|[TRACE] graph - -------> nonSkippedChar
2021-11-21T23:53:24,919|[TRACE] script - #out(`T`) [token]
2021-11-21T23:53:24,919|[TRACE] graph - <------- nonSkippedChar
2021-11-21T23:53:24,919|[TRACE] graph - <----- statementPart
2021-11-21T23:53:24,919|[TRACE] graph - -----> statementPart
2021-11-21T23:53:24,919|[TRACE] graph - -------> nonSkippedSpace
2021-11-21T23:53:24,919|[TRACE] script - #out(` `) [token]
2021-11-21T23:53:24,919|[TRACE] graph - <------- nonSkippedSpace
2021-11-21T23:53:24,919|[TRACE] graph - <----- statementPart
2021-11-21T23:53:24,919|[TRACE] graph - -----> statementPart
2021-11-21T23:53:24,919|[TRACE] graph - -------> nonSkippedChar
2021-11-21T23:53:24,919|[TRACE] script - #out(`(`) [token]
2021-11-21T23:53:24,919|[TRACE] graph - <------- nonSkippedChar
2021-11-21T23:53:24,919|[TRACE] graph - <----- statementPart
2021-11-21T23:53:24,919|[TRACE] graph - -----> statementPart
2021-11-21T23:53:24,919|[TRACE] graph - -------> nonSkippedChar
2021-11-21T23:53:24,919|[TRACE] script - #out(`u`) [token]
2021-11-21T23:53:24,919|[TRACE] graph - <------- nonSkippedChar
2021-11-21T23:53:24,919|[TRACE] graph - <----- statementPart
2021-11-21T23:53:24,919|[TRACE] graph - -----> statementPart
2021-11-21T23:53:24,919|[TRACE] graph - -------> nonSkippedChar
2021-11-21T23:53:24,919|[TRACE] script - #out(`n`) [token]
2021-11-21T23:53:24,919|[TRACE] graph - <------- nonSkippedChar
2021-11-21T23:53:24,919|[TRACE] graph - <----- statementPart
2021-11-21T23:53:24,919|[TRACE] graph - -----> statementPart
2021-11-21T23:53:24,919|[TRACE] graph - -------> nonSkippedChar
2021-11-21T23:53:24,919|[TRACE] script - #out(`i`) [token]
2021-11-21T23:53:24,919|[TRACE] graph - <------- nonSkippedChar
2021-11-21T23:53:24,919|[TRACE] graph - <----- statementPart
2021-11-21T23:53:24,956|[TRACE] graph - -----> statementPart
2021-11-21T23:53:24,956|[TRACE] graph - -------> nonSkippedChar
2021-11-21T23:53:24,956|[TRACE] script - #out(`x`) [token]
2021-11-21T23:53:24,956|[TRACE] graph - <------- nonSkippedChar
2021-11-21T23:53:24,956|[TRACE] graph - <----- statementPart
2021-11-21T23:53:24,956|[TRACE] graph - -----> statementPart
2021-11-21T23:53:24,956|[TRACE] graph - -------> nonSkippedChar
2021-11-21T23:53:24,956|[TRACE] script - #out(`_`) [token]
2021-11-21T23:53:24,956|[TRACE] graph - <------- nonSkippedChar
2021-11-21T23:53:24,956|[TRACE] graph - <----- statementPart
2021-11-21T23:53:24,956|[TRACE] graph - -----> statementPart
2021-11-21T23:53:24,956|[TRACE] graph - -------> nonSkippedChar
2021-11-21T23:53:24,956|[TRACE] script - #out(`t`) [token]
2021-11-21T23:53:24,956|[TRACE] graph - <------- nonSkippedChar
2021-11-21T23:53:24,956|[TRACE] graph - <----- statementPart
2021-11-21T23:53:24,956|[TRACE] graph - -----> statementPart
2021-11-21T23:53:24,956|[TRACE] graph - -------> nonSkippedChar
2021-11-21T23:53:24,956|[TRACE] script - #out(`i`) [token]
2021-11-21T23:53:24,956|[TRACE] graph - <------- nonSkippedChar
2021-11-21T23:53:24,956|[TRACE] graph - <----- statementPart
2021-11-21T23:53:24,956|[TRACE] graph - -----> statementPart
2021-11-21T23:53:24,956|[TRACE] graph - -------> nonSkippedChar
2021-11-21T23:53:24,956|[TRACE] script - #out(`m`) [token]
2021-11-21T23:53:24,956|[TRACE] graph - <------- nonSkippedChar
2021-11-21T23:53:24,956|[TRACE] graph - <----- statementPart
2021-11-21T23:53:24,956|[TRACE] graph - -----> statementPart
2021-11-21T23:53:24,956|[TRACE] graph - -------> nonSkippedChar
2021-11-21T23:53:24,956|[TRACE] script - #out(`e`) [token]
2021-11-21T23:53:24,956|[TRACE] graph - <------- nonSkippedChar
2021-11-21T23:53:24,956|[TRACE] graph - <----- statementPart
2021-11-21T23:53:24,956|[TRACE] graph - -----> statementPart
2021-11-21T23:53:24,956|[TRACE] graph - -------> nonSkippedChar
2021-11-21T23:53:24,956|[TRACE] script - #out(`s`) [token]
2021-11-21T23:53:24,956|[TRACE] graph - <------- nonSkippedChar
2021-11-21T23:53:24,956|[TRACE] graph - <----- statementPart
2021-11-21T23:53:24,956|[TRACE] graph - -----> statementPart
2021-11-21T23:53:24,956|[TRACE] graph - -------> nonSkippedChar
2021-11-21T23:53:24,956|[TRACE] script - #out(`t`) [token]
2021-11-21T23:53:24,956|[TRACE] graph - <------- nonSkippedChar
2021-11-21T23:53:24,956|[TRACE] graph - <----- statementPart
2021-11-21T23:53:24,956|[TRACE] graph - -----> statementPart
2021-11-21T23:53:24,957|[TRACE] graph - -------> nonSkippedChar
2021-11-21T23:53:24,957|[TRACE] script - #out(`a`) [token]
2021-11-21T23:53:24,957|[TRACE] graph - <------- nonSkippedChar
2021-11-21T23:53:24,957|[TRACE] graph - <----- statementPart
2021-11-21T23:53:24,957|[TRACE] graph - -----> statementPart
2021-11-21T23:53:24,957|[TRACE] graph - -------> nonSkippedChar
2021-11-21T23:53:24,957|[TRACE] script - #out(`m`) [token]
2021-11-21T23:53:24,957|[TRACE] graph - <------- nonSkippedChar
2021-11-21T23:53:24,957|[TRACE] graph - <----- statementPart
2021-11-21T23:53:24,957|[TRACE] graph - -----> statementPart
2021-11-21T23:53:24,957|[TRACE] graph - -------> nonSkippedChar
2021-11-21T23:53:24,957|[TRACE] script - #out(`p`) [token]
2021-11-21T23:53:24,957|[TRACE] graph - <------- nonSkippedChar
2021-11-21T23:53:24,957|[TRACE] graph - <----- statementPart
2021-11-21T23:53:24,957|[TRACE] graph - -----> statementPart
2021-11-21T23:53:24,957|[TRACE] graph - -------> nonSkippedChar
2021-11-21T23:53:24,957|[TRACE] script - #out(`(`) [token]
2021-11-21T23:53:24,957|[TRACE] graph - <------- nonSkippedChar
2021-11-21T23:53:24,957|[TRACE] graph - <----- statementPart
2021-11-21T23:53:24,957|[TRACE] graph - -----> statementPart
2021-11-21T23:53:24,957|[TRACE] graph - -------> nonSkippedChar
2021-11-21T23:53:24,957|[TRACE] script - #out(`n`) [token]
2021-11-21T23:53:24,957|[TRACE] graph - <------- nonSkippedChar
2021-11-21T23:53:24,957|[TRACE] graph - <----- statementPart
2021-11-21T23:53:24,957|[TRACE] graph - -----> statementPart
2021-11-21T23:53:24,957|[TRACE] graph - -------> nonSkippedChar
2021-11-21T23:53:24,957|[TRACE] script - #out(`o`) [token]
2021-11-21T23:53:24,957|[TRACE] graph - <------- nonSkippedChar
2021-11-21T23:53:24,957|[TRACE] graph - <----- statementPart
2021-11-21T23:53:24,957|[TRACE] graph - -----> statementPart
2021-11-21T23:53:24,957|[TRACE] graph - -------> nonSkippedChar
2021-11-21T23:53:24,957|[TRACE] script - #out(`w`) [token]
2021-11-21T23:53:24,957|[TRACE] graph - <------- nonSkippedChar
2021-11-21T23:53:24,957|[TRACE] graph - <----- statementPart
2021-11-21T23:53:24,957|[TRACE] graph - -----> statementPart
2021-11-21T23:53:24,957|[TRACE] graph - -------> nonSkippedChar
2021-11-21T23:53:24,957|[TRACE] script - #out(`(`) [token]
2021-11-21T23:53:24,957|[TRACE] graph - <------- nonSkippedChar
2021-11-21T23:53:24,957|[TRACE] graph - <----- statementPart
2021-11-21T23:53:24,957|[TRACE] graph - -----> statementPart
2021-11-21T23:53:24,957|[TRACE] graph - -------> nonSkippedChar
2021-11-21T23:53:24,957|[TRACE] script - #out(`)`) [token]
2021-11-21T23:53:24,957|[TRACE] graph - <------- nonSkippedChar
2021-11-21T23:53:24,957|[TRACE] graph - <----- statementPart
2021-11-21T23:53:24,957|[TRACE] graph - -----> statementPart
2021-11-21T23:53:24,957|[TRACE] graph - -------> nonSkippedChar
2021-11-21T23:53:24,957|[TRACE] script - #out(`)`) [token]
2021-11-21T23:53:24,957|[TRACE] graph - <------- nonSkippedChar
2021-11-21T23:53:24,957|[TRACE] graph - <----- statementPart
2021-11-21T23:53:24,957|[TRACE] graph - -----> statementPart
2021-11-21T23:53:24,957|[TRACE] graph - -------> nonSkippedSpace
2021-11-21T23:53:24,957|[TRACE] script - #out(` `) [token]
2021-11-21T23:53:24,957|[TRACE] graph - <------- nonSkippedSpace
2021-11-21T23:53:24,957|[TRACE] graph - <----- statementPart
2021-11-21T23:53:24,957|[TRACE] graph - -----> statementPart
2021-11-21T23:53:24,957|[TRACE] graph - -------> nonSkippedChar
2021-11-21T23:53:24,957|[TRACE] script - #out(`*`) [token]
2021-11-21T23:53:24,957|[TRACE] graph - <------- nonSkippedChar
2021-11-21T23:53:24,957|[TRACE] graph - <----- statementPart
2021-11-21T23:53:24,957|[TRACE] graph - -----> statementPart
2021-11-21T23:53:24,957|[TRACE] graph - -------> nonSkippedSpace
2021-11-21T23:53:24,957|[TRACE] script - #out(` `) [token]
2021-11-21T23:53:24,957|[TRACE] graph - <------- nonSkippedSpace
2021-11-21T23:53:24,957|[TRACE] graph - <----- statementPart
2021-11-21T23:53:24,957|[TRACE] graph - -----> statementPart
2021-11-21T23:53:24,957|[TRACE] graph - -------> nonSkippedChar
2021-11-21T23:53:24,957|[TRACE] script - #out(`1`) [token]
2021-11-21T23:53:24,957|[TRACE] graph - <------- nonSkippedChar
2021-11-21T23:53:24,957|[TRACE] graph - <----- statementPart
2021-11-21T23:53:24,957|[TRACE] graph - -----> statementPart
2021-11-21T23:53:24,957|[TRACE] graph - -------> nonSkippedChar
2021-11-21T23:53:24,957|[TRACE] script - #out(`0`) [token]
2021-11-21T23:53:24,957|[TRACE] graph - <------- nonSkippedChar
2021-11-21T23:53:24,957|[TRACE] graph - <----- statementPart
2021-11-21T23:53:24,957|[TRACE] graph - -----> statementPart
2021-11-21T23:53:24,957|[TRACE] graph - -------> nonSkippedChar
2021-11-21T23:53:24,957|[TRACE] script - #out(`0`) [token]
2021-11-21T23:53:24,957|[TRACE] graph - <------- nonSkippedChar
2021-11-21T23:53:24,957|[TRACE] graph - <----- statementPart
2021-11-21T23:53:24,957|[TRACE] graph - -----> statementPart
2021-11-21T23:53:24,957|[TRACE] graph - -------> nonSkippedChar
2021-11-21T23:53:24,957|[TRACE] script - #out(`0`) [token]
2021-11-21T23:53:24,957|[TRACE] graph - <------- nonSkippedChar
2021-11-21T23:53:24,957|[TRACE] graph - <----- statementPart
2021-11-21T23:53:24,957|[TRACE] graph - -----> statementPart
2021-11-21T23:53:24,957|[TRACE] graph - -------> nonSkippedChar
2021-11-21T23:53:24,957|[TRACE] script - #out(`)`) [token]
2021-11-21T23:53:24,957|[TRACE] graph - <------- nonSkippedChar
2021-11-21T23:53:24,957|[TRACE] graph - <----- statementPart
2021-11-21T23:53:24,957|[TRACE] graph - -----> statementPart
2021-11-21T23:53:24,957|[TRACE] graph - -------> nonSkippedChar
2021-11-21T23:53:24,957|[TRACE] script - #out(`,`) [token]
2021-11-21T23:53:24,957|[TRACE] graph - <------- nonSkippedChar
2021-11-21T23:53:24,957|[TRACE] graph - <----- statementPart
2021-11-21T23:53:24,957|[TRACE] graph - -----> afterStatementPartNewline
2021-11-21T23:53:24,957|[TRACE] script - #out(` `) [text]
2021-11-21T23:53:24,957|[TRACE] graph - <----- afterStatementPartNewline
2021-11-21T23:53:24,957|[TRACE] graph - -----> statementPart
2021-11-21T23:53:24,957|[TRACE] graph - -------> nonSkippedSpace
2021-11-21T23:53:24,957|[TRACE] script - #out(` `) [token]
2021-11-21T23:53:24,957|[TRACE] graph - <------- nonSkippedSpace
2021-11-21T23:53:24,957|[TRACE] graph - <----- statementPart
2021-11-21T23:53:24,957|[TRACE] graph - -----> statementPart
2021-11-21T23:53:24,957|[TRACE] graph - -------> nonSkippedSpace
2021-11-21T23:53:24,957|[TRACE] script - #out(` `) [token]
2021-11-21T23:53:24,957|[TRACE] graph - <------- nonSkippedSpace
2021-11-21T23:53:24,957|[TRACE] graph - <----- statementPart
2021-11-21T23:53:24,957|[TRACE] graph - -----> statementPart
2021-11-21T23:53:24,957|[TRACE] graph - -------> quotedString
2021-11-21T23:53:24,957|[TRACE] script - #out(``version``) [token]
2021-11-21T23:53:24,957|[TRACE] graph - <------- quotedString
2021-11-21T23:53:24,957|[TRACE] graph - <----- statementPart
2021-11-21T23:53:24,957|[TRACE] graph - -----> statementPart
2021-11-21T23:53:24,957|[TRACE] graph - -------> nonSkippedSpace
2021-11-21T23:53:24,957|[TRACE] script - #out(` `) [token]
2021-11-21T23:53:24,957|[TRACE] graph - <------- nonSkippedSpace
2021-11-21T23:53:24,957|[TRACE] graph - <----- statementPart
2021-11-21T23:53:24,957|[TRACE] graph - -----> statementPart
2021-11-21T23:53:24,957|[TRACE] graph - -------> nonSkippedChar
2021-11-21T23:53:24,957|[TRACE] script - #out(`I`) [token]
2021-11-21T23:53:24,957|[TRACE] graph - <------- nonSkippedChar
2021-11-21T23:53:24,957|[TRACE] graph - <----- statementPart
2021-11-21T23:53:24,957|[TRACE] graph - -----> statementPart
2021-11-21T23:53:24,957|[TRACE] graph - -------> nonSkippedChar
2021-11-21T23:53:24,957|[TRACE] script - #out(`N`) [token]
2021-11-21T23:53:24,957|[TRACE] graph - <------- nonSkippedChar
2021-11-21T23:53:24,957|[TRACE] graph - <----- statementPart
2021-11-21T23:53:24,957|[TRACE] graph - -----> statementPart
2021-11-21T23:53:24,957|[TRACE] graph - -------> nonSkippedChar
2021-11-21T23:53:24,957|[TRACE] script - #out(`T`) [token]
2021-11-21T23:53:24,957|[TRACE] graph - <------- nonSkippedChar
2021-11-21T23:53:24,957|[TRACE] graph - <----- statementPart
2021-11-21T23:53:24,957|[TRACE] graph - -----> statementPart
2021-11-21T23:53:24,957|[TRACE] graph - -------> nonSkippedSpace
2021-11-21T23:53:24,957|[TRACE] script - #out(` `) [token]
2021-11-21T23:53:24,957|[TRACE] graph - <------- nonSkippedSpace
2021-11-21T23:53:24,957|[TRACE] graph - <----- statementPart
2021-11-21T23:53:24,957|[TRACE] graph - -----> statementPart
2021-11-21T23:53:24,957|[TRACE] graph - -------> nonSkippedChar
2021-11-21T23:53:24,957|[TRACE] script - #out(`N`) [token]
2021-11-21T23:53:24,957|[TRACE] graph - <------- nonSkippedChar
2021-11-21T23:53:24,957|[TRACE] graph - <----- statementPart
2021-11-21T23:53:24,957|[TRACE] graph - -----> statementPart
2021-11-21T23:53:24,957|[TRACE] graph - -------> nonSkippedChar
2021-11-21T23:53:24,957|[TRACE] script - #out(`O`) [token]
2021-11-21T23:53:24,957|[TRACE] graph - <------- nonSkippedChar
2021-11-21T23:53:24,957|[TRACE] graph - <----- statementPart
2021-11-21T23:53:24,957|[TRACE] graph - -----> statementPart
2021-11-21T23:53:24,957|[TRACE] graph - -------> nonSkippedChar
2021-11-21T23:53:24,957|[TRACE] script - #out(`T`) [token]
2021-11-21T23:53:24,957|[TRACE] graph - <------- nonSkippedChar
2021-11-21T23:53:24,957|[TRACE] graph - <----- statementPart
2021-11-21T23:53:24,957|[TRACE] graph - -----> statementPart
2021-11-21T23:53:24,957|[TRACE] graph - -------> nonSkippedSpace
2021-11-21T23:53:24,957|[TRACE] script - #out(` `) [token]
2021-11-21T23:53:24,957|[TRACE] graph - <------- nonSkippedSpace
2021-11-21T23:53:24,957|[TRACE] graph - <----- statementPart
2021-11-21T23:53:24,957|[TRACE] graph - -----> statementPart
2021-11-21T23:53:24,957|[TRACE] graph - -------> nonSkippedChar
2021-11-21T23:53:24,957|[TRACE] script - #out(`N`) [token]
2021-11-21T23:53:24,957|[TRACE] graph - <------- nonSkippedChar
2021-11-21T23:53:24,957|[TRACE] graph - <----- statementPart
2021-11-21T23:53:24,957|[TRACE] graph - -----> statementPart
2021-11-21T23:53:24,957|[TRACE] graph - -------> nonSkippedChar
2021-11-21T23:53:24,957|[TRACE] script - #out(`U`) [token]
2021-11-21T23:53:24,957|[TRACE] graph - <------- nonSkippedChar
2021-11-21T23:53:24,957|[TRACE] graph - <----- statementPart
2021-11-21T23:53:24,957|[TRACE] graph - -----> statementPart
2021-11-21T23:53:24,957|[TRACE] graph - -------> nonSkippedChar
2021-11-21T23:53:24,957|[TRACE] script - #out(`L`) [token]
2021-11-21T23:53:24,957|[TRACE] graph - <------- nonSkippedChar
2021-11-21T23:53:24,957|[TRACE] graph - <----- statementPart
2021-11-21T23:53:24,957|[TRACE] graph - -----> statementPart
2021-11-21T23:53:24,957|[TRACE] graph - -------> nonSkippedChar
2021-11-21T23:53:24,957|[TRACE] script - #out(`L`) [token]
2021-11-21T23:53:24,957|[TRACE] graph - <------- nonSkippedChar
2021-11-21T23:53:24,957|[TRACE] graph - <----- statementPart
2021-11-21T23:53:24,957|[TRACE] graph - -----> statementPart
2021-11-21T23:53:24,957|[TRACE] graph - -------> nonSkippedSpace
2021-11-21T23:53:24,957|[TRACE] script - #out(` `) [token]
2021-11-21T23:53:24,957|[TRACE] graph - <------- nonSkippedSpace
2021-11-21T23:53:24,957|[TRACE] graph - <----- statementPart
2021-11-21T23:53:24,957|[TRACE] graph - -----> statementPart
2021-11-21T23:53:24,957|[TRACE] graph - -------> nonSkippedChar
2021-11-21T23:53:24,957|[TRACE] script - #out(`D`) [token]
2021-11-21T23:53:24,957|[TRACE] graph - <------- nonSkippedChar
2021-11-21T23:53:24,957|[TRACE] graph - <----- statementPart
2021-11-21T23:53:24,957|[TRACE] graph - -----> statementPart
2021-11-21T23:53:24,957|[TRACE] graph - -------> nonSkippedChar
2021-11-21T23:53:24,957|[TRACE] script - #out(`E`) [token]
2021-11-21T23:53:24,957|[TRACE] graph - <------- nonSkippedChar
2021-11-21T23:53:24,957|[TRACE] graph - <----- statementPart
2021-11-21T23:53:24,957|[TRACE] graph - -----> statementPart
2021-11-21T23:53:24,957|[TRACE] graph - -------> nonSkippedChar
2021-11-21T23:53:24,957|[TRACE] script - #out(`F`) [token]
2021-11-21T23:53:24,957|[TRACE] graph - <------- nonSkippedChar
2021-11-21T23:53:24,957|[TRACE] graph - <----- statementPart
2021-11-21T23:53:24,957|[TRACE] graph - -----> statementPart
2021-11-21T23:53:24,957|[TRACE] graph - -------> nonSkippedChar
2021-11-21T23:53:24,957|[TRACE] script - #out(`A`) [token]
2021-11-21T23:53:24,957|[TRACE] graph - <------- nonSkippedChar
2021-11-21T23:53:24,957|[TRACE] graph - <----- statementPart
2021-11-21T23:53:24,957|[TRACE] graph - -----> statementPart
2021-11-21T23:53:24,957|[TRACE] graph - -------> nonSkippedChar
2021-11-21T23:53:24,957|[TRACE] script - #out(`U`) [token]
2021-11-21T23:53:24,957|[TRACE] graph - <------- nonSkippedChar
2021-11-21T23:53:24,957|[TRACE] graph - <----- statementPart
2021-11-21T23:53:24,957|[TRACE] graph - -----> statementPart
2021-11-21T23:53:24,957|[TRACE] graph - -------> nonSkippedChar
2021-11-21T23:53:24,957|[TRACE] script - #out(`L`) [token]
2021-11-21T23:53:24,957|[TRACE] graph - <------- nonSkippedChar
2021-11-21T23:53:24,957|[TRACE] graph - <----- statementPart
2021-11-21T23:53:24,957|[TRACE] graph - -----> statementPart
2021-11-21T23:53:24,957|[TRACE] graph - -------> nonSkippedChar
2021-11-21T23:53:24,957|[TRACE] script - #out(`T`) [token]
2021-11-21T23:53:24,957|[TRACE] graph - <------- nonSkippedChar
2021-11-21T23:53:24,957|[TRACE] graph - <----- statementPart
2021-11-21T23:53:24,957|[TRACE] graph - -----> statementPart
2021-11-21T23:53:24,957|[TRACE] graph - -------> nonSkippedSpace
2021-11-21T23:53:24,957|[TRACE] script - #out(` `) [token]
2021-11-21T23:53:24,957|[TRACE] graph - <------- nonSkippedSpace
2021-11-21T23:53:24,957|[TRACE] graph - <----- statementPart
2021-11-21T23:53:24,957|[TRACE] graph - -----> statementPart
2021-11-21T23:53:24,957|[TRACE] graph - -------> quotedString
2021-11-21T23:53:24,957|[TRACE] script - #out(`'1'`) [token]
2021-11-21T23:53:24,957|[TRACE] graph - <------- quotedString
2021-11-21T23:53:24,957|[TRACE] graph - <----- statementPart
2021-11-21T23:53:24,958|[TRACE] graph - -----> statementPart
2021-11-21T23:53:24,958|[TRACE] graph - -------> nonSkippedChar
2021-11-21T23:53:24,958|[TRACE] script - #out(`,`) [token]
2021-11-21T23:53:24,958|[TRACE] graph - <------- nonSkippedChar
2021-11-21T23:53:24,958|[TRACE] graph - <----- statementPart
2021-11-21T23:53:24,958|[TRACE] graph - -----> afterStatementPartNewline
2021-11-21T23:53:24,958|[TRACE] script - #out(` `) [text]
2021-11-21T23:53:24,958|[TRACE] graph - <----- afterStatementPartNewline
2021-11-21T23:53:24,958|[TRACE] graph - -----> statementPart
2021-11-21T23:53:24,958|[TRACE] graph - -------> nonSkippedSpace
2021-11-21T23:53:24,958|[TRACE] script - #out(` `) [token]
2021-11-21T23:53:24,958|[TRACE] graph - <------- nonSkippedSpace
2021-11-21T23:53:24,958|[TRACE] graph - <----- statementPart
2021-11-21T23:53:24,958|[TRACE] graph - -----> statementPart
2021-11-21T23:53:24,958|[TRACE] graph - -------> nonSkippedSpace
2021-11-21T23:53:24,958|[TRACE] script - #out(` `) [token]
2021-11-21T23:53:24,958|[TRACE] graph - <------- nonSkippedSpace
2021-11-21T23:53:24,958|[TRACE] graph - <----- statementPart
2021-11-21T23:53:24,958|[TRACE] graph - -----> statementPart
2021-11-21T23:53:24,958|[TRACE] graph - -------> nonSkippedChar
2021-11-21T23:53:24,958|[TRACE] script - #out(`P`) [token]
2021-11-21T23:53:24,958|[TRACE] graph - <------- nonSkippedChar
2021-11-21T23:53:24,958|[TRACE] graph - <----- statementPart
2021-11-21T23:53:24,958|[TRACE] graph - -----> statementPart
2021-11-21T23:53:24,958|[TRACE] graph - -------> nonSkippedChar
2021-11-21T23:53:24,958|[TRACE] script - #out(`R`) [token]
2021-11-21T23:53:24,958|[TRACE] graph - <------- nonSkippedChar
2021-11-21T23:53:24,958|[TRACE] graph - <----- statementPart
2021-11-21T23:53:24,958|[TRACE] graph - -----> statementPart
2021-11-21T23:53:24,958|[TRACE] graph - -------> nonSkippedChar
2021-11-21T23:53:24,958|[TRACE] script - #out(`I`) [token]
2021-11-21T23:53:24,958|[TRACE] graph - <------- nonSkippedChar
2021-11-21T23:53:24,958|[TRACE] graph - <----- statementPart
2021-11-21T23:53:24,958|[TRACE] graph - -----> statementPart
2021-11-21T23:53:24,958|[TRACE] graph - -------> nonSkippedChar
2021-11-21T23:53:24,958|[TRACE] script - #out(`M`) [token]
2021-11-21T23:53:24,958|[TRACE] graph - <------- nonSkippedChar
2021-11-21T23:53:24,958|[TRACE] graph - <----- statementPart
2021-11-21T23:53:24,958|[TRACE] graph - -----> statementPart
2021-11-21T23:53:24,958|[TRACE] graph - -------> nonSkippedChar
2021-11-21T23:53:24,958|[TRACE] script - #out(`A`) [token]
2021-11-21T23:53:24,958|[TRACE] graph - <------- nonSkippedChar
2021-11-21T23:53:24,958|[TRACE] graph - <----- statementPart
2021-11-21T23:53:24,958|[TRACE] graph - -----> statementPart
2021-11-21T23:53:24,958|[TRACE] graph - -------> nonSkippedChar
2021-11-21T23:53:24,958|[TRACE] script - #out(`R`) [token]
2021-11-21T23:53:24,958|[TRACE] graph - <------- nonSkippedChar
2021-11-21T23:53:24,958|[TRACE] graph - <----- statementPart
2021-11-21T23:53:24,958|[TRACE] graph - -----> statementPart
2021-11-21T23:53:24,958|[TRACE] graph - -------> nonSkippedChar
2021-11-21T23:53:24,958|[TRACE] script - #out(`Y`) [token]
2021-11-21T23:53:24,958|[TRACE] graph - <------- nonSkippedChar
2021-11-21T23:53:24,958|[TRACE] graph - <----- statementPart
2021-11-21T23:53:24,958|[TRACE] graph - -----> statementPart
2021-11-21T23:53:24,958|[TRACE] graph - -------> nonSkippedSpace
2021-11-21T23:53:24,958|[TRACE] script - #out(` `) [token]
2021-11-21T23:53:24,958|[TRACE] graph - <------- nonSkippedSpace
2021-11-21T23:53:24,958|[TRACE] graph - <----- statementPart
2021-11-21T23:53:24,958|[TRACE] graph - -----> statementPart
2021-11-21T23:53:24,958|[TRACE] graph - -------> nonSkippedChar
2021-11-21T23:53:24,958|[TRACE] script - #out(`K`) [token]
2021-11-21T23:53:24,958|[TRACE] graph - <------- nonSkippedChar
2021-11-21T23:53:24,958|[TRACE] graph - <----- statementPart
2021-11-21T23:53:24,958|[TRACE] graph - -----> statementPart
2021-11-21T23:53:24,958|[TRACE] graph - -------> nonSkippedChar
2021-11-21T23:53:24,958|[TRACE] script - #out(`E`) [token]
2021-11-21T23:53:24,958|[TRACE] graph - <------- nonSkippedChar
2021-11-21T23:53:24,958|[TRACE] graph - <----- statementPart
2021-11-21T23:53:24,958|[TRACE] graph - -----> statementPart
2021-11-21T23:53:24,958|[TRACE] graph - -------> nonSkippedChar
2021-11-21T23:53:24,958|[TRACE] script - #out(`Y`) [token]
2021-11-21T23:53:24,958|[TRACE] graph - <------- nonSkippedChar
2021-11-21T23:53:24,958|[TRACE] graph - <----- statementPart
2021-11-21T23:53:24,958|[TRACE] graph - -----> statementPart
2021-11-21T23:53:24,958|[TRACE] graph - -------> nonSkippedSpace
2021-11-21T23:53:24,958|[TRACE] script - #out(` `) [token]
2021-11-21T23:53:24,958|[TRACE] graph - <------- nonSkippedSpace
2021-11-21T23:53:24,958|[TRACE] graph - <----- statementPart
2021-11-21T23:53:24,958|[TRACE] graph - -----> statementPart
2021-11-21T23:53:24,958|[TRACE] graph - -------> nonSkippedChar
2021-11-21T23:53:24,958|[TRACE] script - #out(`(`) [token]
2021-11-21T23:53:24,958|[TRACE] graph - <------- nonSkippedChar
2021-11-21T23:53:24,958|[TRACE] graph - <----- statementPart
2021-11-21T23:53:24,958|[TRACE] graph - -----> statementPart
2021-11-21T23:53:24,958|[TRACE] graph - -------> quotedString
2021-11-21T23:53:24,958|[TRACE] script - #out(``id``) [token]
2021-11-21T23:53:24,958|[TRACE] graph - <------- quotedString
2021-11-21T23:53:24,958|[TRACE] graph - <----- statementPart
2021-11-21T23:53:24,958|[TRACE] graph - -----> statementPart
2021-11-21T23:53:24,958|[TRACE] graph - -------> nonSkippedChar
2021-11-21T23:53:24,958|[TRACE] script - #out(`)`) [token]
2021-11-21T23:53:24,958|[TRACE] graph - <------- nonSkippedChar
2021-11-21T23:53:24,958|[TRACE] graph - <----- statementPart
2021-11-21T23:53:24,958|[TRACE] graph - -----> statementPart
2021-11-21T23:53:24,958|[TRACE] graph - -------> nonSkippedChar
2021-11-21T23:53:24,958|[TRACE] script - #out(`)`) [token]
2021-11-21T23:53:24,958|[TRACE] graph - <------- nonSkippedChar
2021-11-21T23:53:24,958|[TRACE] graph - <----- statementPart
2021-11-21T23:53:24,958|[TRACE] graph - -----> afterStatementPartNewline
2021-11-21T23:53:24,958|[TRACE] script - #out(` `) [text]
2021-11-21T23:53:24,958|[TRACE] graph - <----- afterStatementPartNewline
2021-11-21T23:53:24,958|[TRACE] graph - -----> statementPart
2021-11-21T23:53:24,958|[TRACE] graph - -------> nonSkippedChar
2021-11-21T23:53:24,958|[TRACE] script - #out(`E`) [token]
2021-11-21T23:53:24,958|[TRACE] graph - <------- nonSkippedChar
2021-11-21T23:53:24,958|[TRACE] graph - <----- statementPart
2021-11-21T23:53:24,958|[TRACE] graph - -----> statementPart
2021-11-21T23:53:24,958|[TRACE] graph - -------> nonSkippedChar
2021-11-21T23:53:24,958|[TRACE] script - #out(`N`) [token]
2021-11-21T23:53:24,958|[TRACE] graph - <------- nonSkippedChar
2021-11-21T23:53:24,958|[TRACE] graph - <----- statementPart
2021-11-21T23:53:24,958|[TRACE] graph - -----> statementPart
2021-11-21T23:53:24,958|[TRACE] graph - -------> nonSkippedChar
2021-11-21T23:53:24,958|[TRACE] script - #out(`G`) [token]
2021-11-21T23:53:24,958|[TRACE] graph - <------- nonSkippedChar
2021-11-21T23:53:24,958|[TRACE] graph - <----- statementPart
2021-11-21T23:53:24,958|[TRACE] graph - -----> statementPart
2021-11-21T23:53:24,958|[TRACE] graph - -------> nonSkippedChar
2021-11-21T23:53:24,958|[TRACE] script - #out(`I`) [token]
2021-11-21T23:53:24,958|[TRACE] graph - <------- nonSkippedChar
2021-11-21T23:53:24,958|[TRACE] graph - <----- statementPart
2021-11-21T23:53:24,958|[TRACE] graph - -----> statementPart
2021-11-21T23:53:24,958|[TRACE] graph - -------> nonSkippedChar
2021-11-21T23:53:24,958|[TRACE] script - #out(`N`) [token]
2021-11-21T23:53:24,958|[TRACE] graph - <------- nonSkippedChar
2021-11-21T23:53:24,958|[TRACE] graph - <----- statementPart
2021-11-21T23:53:24,958|[TRACE] graph - -----> statementPart
2021-11-21T23:53:24,958|[TRACE] graph - -------> nonSkippedChar
2021-11-21T23:53:24,958|[TRACE] script - #out(`E`) [token]
2021-11-21T23:53:24,958|[TRACE] graph - <------- nonSkippedChar
2021-11-21T23:53:24,958|[TRACE] graph - <----- statementPart
2021-11-21T23:53:24,958|[TRACE] graph - -----> statementPart
2021-11-21T23:53:24,958|[TRACE] graph - -------> nonSkippedSpace
2021-11-21T23:53:24,958|[TRACE] script - #out(` `) [token]
2021-11-21T23:53:24,958|[TRACE] graph - <------- nonSkippedSpace
2021-11-21T23:53:24,958|[TRACE] graph - <----- statementPart
2021-11-21T23:53:24,958|[TRACE] graph - -----> statementPart
2021-11-21T23:53:24,958|[TRACE] graph - -------> nonSkippedChar
2021-11-21T23:53:24,958|[TRACE] script - #out(`=`) [token]
2021-11-21T23:53:24,958|[TRACE] graph - <------- nonSkippedChar
2021-11-21T23:53:24,958|[TRACE] graph - <----- statementPart
2021-11-21T23:53:24,958|[TRACE] graph - -----> statementPart
2021-11-21T23:53:24,958|[TRACE] graph - -------> nonSkippedSpace
2021-11-21T23:53:24,958|[TRACE] script - #out(` `) [token]
2021-11-21T23:53:24,958|[TRACE] graph - <------- nonSkippedSpace
2021-11-21T23:53:24,958|[TRACE] graph - <----- statementPart
2021-11-21T23:53:24,958|[TRACE] graph - -----> statementPart
2021-11-21T23:53:24,958|[TRACE] graph - -------> nonSkippedChar
2021-11-21T23:53:24,958|[TRACE] script - #out(`I`) [token]
2021-11-21T23:53:24,958|[TRACE] graph - <------- nonSkippedChar
2021-11-21T23:53:24,958|[TRACE] graph - <----- statementPart
2021-11-21T23:53:24,958|[TRACE] graph - -----> statementPart
2021-11-21T23:53:24,958|[TRACE] graph - -------> nonSkippedChar
2021-11-21T23:53:24,958|[TRACE] script - #out(`n`) [token]
2021-11-21T23:53:24,958|[TRACE] graph - <------- nonSkippedChar
2021-11-21T23:53:24,958|[TRACE] graph - <----- statementPart
2021-11-21T23:53:24,958|[TRACE] graph - -----> statementPart
2021-11-21T23:53:24,958|[TRACE] graph - -------> nonSkippedChar
2021-11-21T23:53:24,958|[TRACE] script - #out(`n`) [token]
2021-11-21T23:53:24,958|[TRACE] graph - <------- nonSkippedChar
2021-11-21T23:53:24,958|[TRACE] graph - <----- statementPart
2021-11-21T23:53:24,958|[TRACE] graph - -----> statementPart
2021-11-21T23:53:24,958|[TRACE] graph - -------> nonSkippedChar
2021-11-21T23:53:24,958|[TRACE] script - #out(`o`) [token]
2021-11-21T23:53:24,958|[TRACE] graph - <------- nonSkippedChar
2021-11-21T23:53:24,958|[TRACE] graph - <----- statementPart
2021-11-21T23:53:24,958|[TRACE] graph - -----> statementPart
2021-11-21T23:53:24,958|[TRACE] graph - -------> nonSkippedChar
2021-11-21T23:53:24,958|[TRACE] script - #out(`D`) [token]
2021-11-21T23:53:24,958|[TRACE] graph - <------- nonSkippedChar
2021-11-21T23:53:24,958|[TRACE] graph - <----- statementPart
2021-11-21T23:53:24,958|[TRACE] graph - -----> statementPart
2021-11-21T23:53:24,958|[TRACE] graph - -------> nonSkippedChar
2021-11-21T23:53:24,958|[TRACE] script - #out(`B`) [token]
2021-11-21T23:53:24,958|[TRACE] graph - <------- nonSkippedChar
2021-11-21T23:53:24,958|[TRACE] graph - <----- statementPart
2021-11-21T23:53:24,958|[TRACE] graph - -----> afterStatementPartNewline
2021-11-21T23:53:24,958|[TRACE] script - #out(` `) [text]
2021-11-21T23:53:24,958|[TRACE] graph - <----- afterStatementPartNewline
2021-11-21T23:53:24,958|[TRACE] graph - -----> statementPart
2021-11-21T23:53:24,958|[TRACE] graph - -------> nonSkippedChar
2021-11-21T23:53:24,958|[TRACE] script - #out(`D`) [token]
2021-11-21T23:53:24,958|[TRACE] graph - <------- nonSkippedChar
2021-11-21T23:53:24,958|[TRACE] graph - <----- statementPart
2021-11-21T23:53:24,958|[TRACE] graph - -----> statementPart
2021-11-21T23:53:24,958|[TRACE] graph - -------> nonSkippedChar
2021-11-21T23:53:24,958|[TRACE] script - #out(`E`) [token]
2021-11-21T23:53:24,958|[TRACE] graph - <------- nonSkippedChar
2021-11-21T23:53:24,958|[TRACE] graph - <----- statementPart
2021-11-21T23:53:24,958|[TRACE] graph - -----> statementPart
2021-11-21T23:53:24,958|[TRACE] graph - -------> nonSkippedChar
2021-11-21T23:53:24,958|[TRACE] script - #out(`F`) [token]
2021-11-21T23:53:24,958|[TRACE] graph - <------- nonSkippedChar
2021-11-21T23:53:24,958|[TRACE] graph - <----- statementPart
2021-11-21T23:53:24,958|[TRACE] graph - -----> statementPart
2021-11-21T23:53:24,958|[TRACE] graph - -------> nonSkippedChar
2021-11-21T23:53:25,000|[TRACE] script - #out(`A`) [token]
2021-11-21T23:53:25,000|[TRACE] graph - <------- nonSkippedChar
2021-11-21T23:53:25,000|[TRACE] graph - <----- statementPart
2021-11-21T23:53:25,000|[TRACE] graph - -----> statementPart
2021-11-21T23:53:25,000|[TRACE] graph - -------> nonSkippedChar
2021-11-21T23:53:25,000|[TRACE] script - #out(`U`) [token]
2021-11-21T23:53:25,000|[TRACE] graph - <------- nonSkippedChar
2021-11-21T23:53:25,000|[TRACE] graph - <----- statementPart
2021-11-21T23:53:25,000|[TRACE] graph - -----> statementPart
2021-11-21T23:53:25,000|[TRACE] graph - -------> nonSkippedChar
2021-11-21T23:53:25,000|[TRACE] script - #out(`L`) [token]
2021-11-21T23:53:25,000|[TRACE] graph - <------- nonSkippedChar
2021-11-21T23:53:25,000|[TRACE] graph - <----- statementPart
2021-11-21T23:53:25,000|[TRACE] graph - -----> statementPart
2021-11-21T23:53:25,000|[TRACE] graph - -------> nonSkippedChar
2021-11-21T23:53:25,000|[TRACE] script - #out(`T`) [token]
2021-11-21T23:53:25,000|[TRACE] graph - <------- nonSkippedChar
2021-11-21T23:53:25,000|[TRACE] graph - <----- statementPart
2021-11-21T23:53:25,000|[TRACE] graph - -----> statementPart
2021-11-21T23:53:25,000|[TRACE] graph - -------> nonSkippedSpace
2021-11-21T23:53:25,000|[TRACE] script - #out(` `) [token]
2021-11-21T23:53:25,000|[TRACE] graph - <------- nonSkippedSpace
2021-11-21T23:53:25,000|[TRACE] graph - <----- statementPart
2021-11-21T23:53:25,000|[TRACE] graph - -----> statementPart
2021-11-21T23:53:25,000|[TRACE] graph - -------> nonSkippedChar
2021-11-21T23:53:25,000|[TRACE] script - #out(`C`) [token]
2021-11-21T23:53:25,000|[TRACE] graph - <------- nonSkippedChar
2021-11-21T23:53:25,000|[TRACE] graph - <----- statementPart
2021-11-21T23:53:25,000|[TRACE] graph - -----> statementPart
2021-11-21T23:53:25,000|[TRACE] graph - -------> nonSkippedChar
2021-11-21T23:53:25,000|[TRACE] script - #out(`H`) [token]
2021-11-21T23:53:25,000|[TRACE] graph - <------- nonSkippedChar
2021-11-21T23:53:25,000|[TRACE] graph - <----- statementPart
2021-11-21T23:53:25,000|[TRACE] graph - -----> statementPart
2021-11-21T23:53:25,000|[TRACE] graph - -------> nonSkippedChar
2021-11-21T23:53:25,000|[TRACE] script - #out(`A`) [token]
2021-11-21T23:53:25,000|[TRACE] graph - <------- nonSkippedChar
2021-11-21T23:53:25,000|[TRACE] graph - <----- statementPart
2021-11-21T23:53:25,000|[TRACE] graph - -----> statementPart
2021-11-21T23:53:25,000|[TRACE] graph - -------> nonSkippedChar
2021-11-21T23:53:25,000|[TRACE] script - #out(`R`) [token]
2021-11-21T23:53:25,000|[TRACE] graph - <------- nonSkippedChar
2021-11-21T23:53:25,000|[TRACE] graph - <----- statementPart
2021-11-21T23:53:25,000|[TRACE] graph - -----> statementPart
2021-11-21T23:53:25,000|[TRACE] graph - -------> nonSkippedChar
2021-11-21T23:53:25,000|[TRACE] script - #out(`A`) [token]
2021-11-21T23:53:25,000|[TRACE] graph - <------- nonSkippedChar
2021-11-21T23:53:25,000|[TRACE] graph - <----- statementPart
2021-11-21T23:53:25,000|[TRACE] graph - -----> statementPart
2021-11-21T23:53:25,000|[TRACE] graph - -------> nonSkippedChar
2021-11-21T23:53:25,000|[TRACE] script - #out(`C`) [token]
2021-11-21T23:53:25,000|[TRACE] graph - <------- nonSkippedChar
2021-11-21T23:53:25,000|[TRACE] graph - <----- statementPart
2021-11-21T23:53:25,000|[TRACE] graph - -----> statementPart
2021-11-21T23:53:25,000|[TRACE] graph - -------> nonSkippedChar
2021-11-21T23:53:25,000|[TRACE] script - #out(`T`) [token]
2021-11-21T23:53:25,000|[TRACE] graph - <------- nonSkippedChar
2021-11-21T23:53:25,000|[TRACE] graph - <----- statementPart
2021-11-21T23:53:25,000|[TRACE] graph - -----> statementPart
2021-11-21T23:53:25,000|[TRACE] graph - -------> nonSkippedChar
2021-11-21T23:53:25,000|[TRACE] script - #out(`E`) [token]
2021-11-21T23:53:25,000|[TRACE] graph - <------- nonSkippedChar
2021-11-21T23:53:25,000|[TRACE] graph - <----- statementPart
2021-11-21T23:53:25,000|[TRACE] graph - -----> statementPart
2021-11-21T23:53:25,000|[TRACE] graph - -------> nonSkippedChar
2021-11-21T23:53:25,000|[TRACE] script - #out(`R`) [token]
2021-11-21T23:53:25,000|[TRACE] graph - <------- nonSkippedChar
2021-11-21T23:53:25,000|[TRACE] graph - <----- statementPart
2021-11-21T23:53:25,000|[TRACE] graph - -----> statementPart
2021-11-21T23:53:25,000|[TRACE] graph - -------> nonSkippedSpace
2021-11-21T23:53:25,000|[TRACE] script - #out(` `) [token]
2021-11-21T23:53:25,000|[TRACE] graph - <------- nonSkippedSpace
2021-11-21T23:53:25,000|[TRACE] graph - <----- statementPart
2021-11-21T23:53:25,000|[TRACE] graph - -----> statementPart
2021-11-21T23:53:25,000|[TRACE] graph - -------> nonSkippedChar
2021-11-21T23:53:25,000|[TRACE] script - #out(`S`) [token]
2021-11-21T23:53:25,000|[TRACE] graph - <------- nonSkippedChar
2021-11-21T23:53:25,000|[TRACE] graph - <----- statementPart
2021-11-21T23:53:25,000|[TRACE] graph - -----> statementPart
2021-11-21T23:53:25,000|[TRACE] graph - -------> nonSkippedChar
2021-11-21T23:53:25,000|[TRACE] script - #out(`E`) [token]
2021-11-21T23:53:25,000|[TRACE] graph - <------- nonSkippedChar
2021-11-21T23:53:25,000|[TRACE] graph - <----- statementPart
2021-11-21T23:53:25,000|[TRACE] graph - -----> statementPart
2021-11-21T23:53:25,000|[TRACE] graph - -------> nonSkippedChar
2021-11-21T23:53:25,000|[TRACE] script - #out(`T`) [token]
2021-11-21T23:53:25,000|[TRACE] graph - <------- nonSkippedChar
2021-11-21T23:53:25,000|[TRACE] graph - <----- statementPart
2021-11-21T23:53:25,000|[TRACE] graph - -----> statementPart
2021-11-21T23:53:25,000|[TRACE] graph - -------> nonSkippedSpace
2021-11-21T23:53:25,000|[TRACE] script - #out(` `) [token]
2021-11-21T23:53:25,000|[TRACE] graph - <------- nonSkippedSpace
2021-11-21T23:53:25,000|[TRACE] graph - <----- statementPart
2021-11-21T23:53:25,000|[TRACE] graph - -----> statementPart
2021-11-21T23:53:25,000|[TRACE] graph - -------> nonSkippedChar
2021-11-21T23:53:25,000|[TRACE] script - #out(`=`) [token]
2021-11-21T23:53:25,000|[TRACE] graph - <------- nonSkippedChar
2021-11-21T23:53:25,000|[TRACE] graph - <----- statementPart
2021-11-21T23:53:25,000|[TRACE] graph - -----> statementPart
2021-11-21T23:53:25,000|[TRACE] graph - -------> nonSkippedSpace
2021-11-21T23:53:25,000|[TRACE] script - #out(` `) [token]
2021-11-21T23:53:25,000|[TRACE] graph - <------- nonSkippedSpace
2021-11-21T23:53:25,000|[TRACE] graph - <----- statementPart
2021-11-21T23:53:25,000|[TRACE] graph - -----> statementPart
2021-11-21T23:53:25,000|[TRACE] graph - -------> nonSkippedChar
2021-11-21T23:53:25,000|[TRACE] script - #out(`u`) [token]
2021-11-21T23:53:25,000|[TRACE] graph - <------- nonSkippedChar
2021-11-21T23:53:25,000|[TRACE] graph - <----- statementPart
2021-11-21T23:53:25,000|[TRACE] graph - -----> statementPart
2021-11-21T23:53:25,000|[TRACE] graph - -------> nonSkippedChar
2021-11-21T23:53:25,000|[TRACE] script - #out(`t`) [token]
2021-11-21T23:53:25,000|[TRACE] graph - <------- nonSkippedChar
2021-11-21T23:53:25,000|[TRACE] graph - <----- statementPart
2021-11-21T23:53:25,000|[TRACE] graph - -----> statementPart
2021-11-21T23:53:25,000|[TRACE] graph - -------> nonSkippedChar
2021-11-21T23:53:25,000|[TRACE] script - #out(`f`) [token]
2021-11-21T23:53:25,000|[TRACE] graph - <------- nonSkippedChar
2021-11-21T23:53:25,000|[TRACE] graph - <----- statementPart
2021-11-21T23:53:25,000|[TRACE] graph - -----> statementPart
2021-11-21T23:53:25,000|[TRACE] graph - -------> nonSkippedChar
2021-11-21T23:53:25,000|[TRACE] script - #out(`8`) [token]
2021-11-21T23:53:25,000|[TRACE] graph - <------- nonSkippedChar
2021-11-21T23:53:25,000|[TRACE] graph - <----- statementPart
2021-11-21T23:53:25,000|[TRACE] graph - -----> statementPart
2021-11-21T23:53:25,000|[TRACE] graph - -------> nonSkippedChar
2021-11-21T23:53:25,000|[TRACE] script - #out(`m`) [token]
2021-11-21T23:53:25,000|[TRACE] graph - <------- nonSkippedChar
2021-11-21T23:53:25,000|[TRACE] graph - <----- statementPart
2021-11-21T23:53:25,000|[TRACE] graph - -----> statementPart
2021-11-21T23:53:25,000|[TRACE] graph - -------> nonSkippedChar
2021-11-21T23:53:25,000|[TRACE] script - #out(`b`) [token]
2021-11-21T23:53:25,000|[TRACE] graph - <------- nonSkippedChar
2021-11-21T23:53:25,000|[TRACE] graph - <----- statementPart
2021-11-21T23:53:25,000|[TRACE] graph - -----> statementPart
2021-11-21T23:53:25,000|[TRACE] graph - -------> nonSkippedChar
2021-11-21T23:53:25,000|[TRACE] script - #out(`4`) [token]
2021-11-21T23:53:25,000|[TRACE] graph - <------- nonSkippedChar
2021-11-21T23:53:25,000|[TRACE] graph - <----- statementPart
2021-11-21T23:53:25,000|[TRACE] graph - -----> afterStatementPartNewline
2021-11-21T23:53:25,000|[TRACE] script - #out(` `) [text]
2021-11-21T23:53:25,000|[TRACE] graph - <----- afterStatementPartNewline
2021-11-21T23:53:25,000|[TRACE] graph - -----> statementPart
2021-11-21T23:53:25,000|[TRACE] graph - -------> nonSkippedChar
2021-11-21T23:53:25,000|[TRACE] script - #out(`C`) [token]
2021-11-21T23:53:25,000|[TRACE] graph - <------- nonSkippedChar
2021-11-21T23:53:25,000|[TRACE] graph - <----- statementPart
2021-11-21T23:53:25,000|[TRACE] graph - -----> statementPart
2021-11-21T23:53:25,000|[TRACE] graph - -------> nonSkippedChar
2021-11-21T23:53:25,000|[TRACE] script - #out(`O`) [token]
2021-11-21T23:53:25,000|[TRACE] graph - <------- nonSkippedChar
2021-11-21T23:53:25,000|[TRACE] graph - <----- statementPart
2021-11-21T23:53:25,000|[TRACE] graph - -----> statementPart
2021-11-21T23:53:25,000|[TRACE] graph - -------> nonSkippedChar
2021-11-21T23:53:25,000|[TRACE] script - #out(`L`) [token]
2021-11-21T23:53:25,000|[TRACE] graph - <------- nonSkippedChar
2021-11-21T23:53:25,000|[TRACE] graph - <----- statementPart
2021-11-21T23:53:25,000|[TRACE] graph - -----> statementPart
2021-11-21T23:53:25,000|[TRACE] graph - -------> nonSkippedChar
2021-11-21T23:53:25,000|[TRACE] script - #out(`L`) [token]
2021-11-21T23:53:25,000|[TRACE] graph - <------- nonSkippedChar
2021-11-21T23:53:25,000|[TRACE] graph - <----- statementPart
2021-11-21T23:53:25,000|[TRACE] graph - -----> statementPart
2021-11-21T23:53:25,000|[TRACE] graph - -------> nonSkippedChar
2021-11-21T23:53:25,000|[TRACE] script - #out(`A`) [token]
2021-11-21T23:53:25,000|[TRACE] graph - <------- nonSkippedChar
2021-11-21T23:53:25,000|[TRACE] graph - <----- statementPart
2021-11-21T23:53:25,000|[TRACE] graph - -----> statementPart
2021-11-21T23:53:25,000|[TRACE] graph - -------> nonSkippedChar
2021-11-21T23:53:25,000|[TRACE] script - #out(`T`) [token]
2021-11-21T23:53:25,000|[TRACE] graph - <------- nonSkippedChar
2021-11-21T23:53:25,000|[TRACE] graph - <----- statementPart
2021-11-21T23:53:25,000|[TRACE] graph - -----> statementPart
2021-11-21T23:53:25,000|[TRACE] graph - -------> nonSkippedChar
2021-11-21T23:53:25,000|[TRACE] script - #out(`E`) [token]
2021-11-21T23:53:25,000|[TRACE] graph - <------- nonSkippedChar
2021-11-21T23:53:25,000|[TRACE] graph - <----- statementPart
2021-11-21T23:53:25,000|[TRACE] graph - -----> statementPart
2021-11-21T23:53:25,000|[TRACE] graph - -------> nonSkippedSpace
2021-11-21T23:53:25,000|[TRACE] script - #out(` `) [token]
2021-11-21T23:53:25,000|[TRACE] graph - <------- nonSkippedSpace
2021-11-21T23:53:25,000|[TRACE] graph - <----- statementPart
2021-11-21T23:53:25,000|[TRACE] graph - -----> statementPart
2021-11-21T23:53:25,000|[TRACE] graph - -------> nonSkippedChar
2021-11-21T23:53:25,000|[TRACE] script - #out(`=`) [token]
2021-11-21T23:53:25,000|[TRACE] graph - <------- nonSkippedChar
2021-11-21T23:53:25,000|[TRACE] graph - <----- statementPart
2021-11-21T23:53:25,000|[TRACE] graph - -----> statementPart
2021-11-21T23:53:25,000|[TRACE] graph - -------> nonSkippedSpace
2021-11-21T23:53:25,000|[TRACE] script - #out(` `) [token]
2021-11-21T23:53:25,000|[TRACE] graph - <------- nonSkippedSpace
2021-11-21T23:53:25,000|[TRACE] graph - <----- statementPart
2021-11-21T23:53:25,000|[TRACE] graph - -----> statementPart
2021-11-21T23:53:25,000|[TRACE] graph - -------> nonSkippedChar
2021-11-21T23:53:25,000|[TRACE] script - #out(`u`) [token]
2021-11-21T23:53:25,000|[TRACE] graph - <------- nonSkippedChar
2021-11-21T23:53:25,000|[TRACE] graph - <----- statementPart
2021-11-21T23:53:25,000|[TRACE] graph - -----> statementPart
2021-11-21T23:53:25,000|[TRACE] graph - -------> nonSkippedChar
2021-11-21T23:53:25,000|[TRACE] script - #out(`t`) [token]
2021-11-21T23:53:25,000|[TRACE] graph - <------- nonSkippedChar
2021-11-21T23:53:25,000|[TRACE] graph - <----- statementPart
2021-11-21T23:53:25,000|[TRACE] graph - -----> statementPart
2021-11-21T23:53:25,000|[TRACE] graph - -------> nonSkippedChar
2021-11-21T23:53:25,000|[TRACE] script - #out(`f`) [token]
2021-11-21T23:53:25,000|[TRACE] graph - <------- nonSkippedChar
2021-11-21T23:53:25,000|[TRACE] graph - <----- statementPart
2021-11-21T23:53:25,000|[TRACE] graph - -----> statementPart
2021-11-21T23:53:25,000|[TRACE] graph - -------> nonSkippedChar
2021-11-21T23:53:25,000|[TRACE] script - #out(`8`) [token]
2021-11-21T23:53:25,000|[TRACE] graph - <------- nonSkippedChar
2021-11-21T23:53:25,000|[TRACE] graph - <----- statementPart
2021-11-21T23:53:25,000|[TRACE] graph - -----> statementPart
2021-11-21T23:53:25,000|[TRACE] graph - -------> nonSkippedChar
2021-11-21T23:53:25,000|[TRACE] script - #out(`m`) [token]
2021-11-21T23:53:25,000|[TRACE] graph - <------- nonSkippedChar
2021-11-21T23:53:25,000|[TRACE] graph - <----- statementPart
2021-11-21T23:53:25,000|[TRACE] graph - -----> statementPart
2021-11-21T23:53:25,000|[TRACE] graph - -------> nonSkippedChar
2021-11-21T23:53:25,000|[TRACE] script - #out(`b`) [token]
2021-11-21T23:53:25,000|[TRACE] graph - <------- nonSkippedChar
2021-11-21T23:53:25,000|[TRACE] graph - <----- statementPart
2021-11-21T23:53:25,000|[TRACE] graph - -----> statementPart
2021-11-21T23:53:25,000|[TRACE] graph - -------> nonSkippedChar
2021-11-21T23:53:25,000|[TRACE] script - #out(`4`) [token]
2021-11-21T23:53:25,000|[TRACE] graph - <------- nonSkippedChar
2021-11-21T23:53:25,000|[TRACE] graph - <----- statementPart
2021-11-21T23:53:25,000|[TRACE] graph - -----> statementPart
2021-11-21T23:53:25,000|[TRACE] graph - -------> nonSkippedChar
2021-11-21T23:53:25,000|[TRACE] script - #out(`_`) [token]
2021-11-21T23:53:25,000|[TRACE] graph - <------- nonSkippedChar
2021-11-21T23:53:25,000|[TRACE] graph - <----- statementPart
2021-11-21T23:53:25,000|[TRACE] graph - -----> statementPart
2021-11-21T23:53:25,000|[TRACE] graph - -------> nonSkippedChar
2021-11-21T23:53:25,000|[TRACE] script - #out(`0`) [token]
2021-11-21T23:53:25,000|[TRACE] graph - <------- nonSkippedChar
2021-11-21T23:53:25,000|[TRACE] graph - <----- statementPart
2021-11-21T23:53:25,000|[TRACE] graph - -----> statementPart
2021-11-21T23:53:25,000|[TRACE] graph - -------> nonSkippedChar
2021-11-21T23:53:25,000|[TRACE] script - #out(`9`) [token]
2021-11-21T23:53:25,000|[TRACE] graph - <------- nonSkippedChar
2021-11-21T23:53:25,000|[TRACE] graph - <----- statementPart
2021-11-21T23:53:25,000|[TRACE] graph - -----> statementPart
2021-11-21T23:53:25,000|[TRACE] graph - -------> nonSkippedChar
2021-11-21T23:53:25,000|[TRACE] script - #out(`0`) [token]
2021-11-21T23:53:25,000|[TRACE] graph - <------- nonSkippedChar
2021-11-21T23:53:25,000|[TRACE] graph - <----- statementPart
2021-11-21T23:53:25,000|[TRACE] graph - -----> statementPart
2021-11-21T23:53:25,000|[TRACE] graph - -------> nonSkippedChar
2021-11-21T23:53:25,000|[TRACE] script - #out(`0`) [token]
2021-11-21T23:53:25,000|[TRACE] graph - <------- nonSkippedChar
2021-11-21T23:53:25,000|[TRACE] graph - <----- statementPart
2021-11-21T23:53:25,000|[TRACE] graph - -----> statementPart
2021-11-21T23:53:25,000|[TRACE] graph - -------> nonSkippedChar
2021-11-21T23:53:25,000|[TRACE] script - #out(`_`) [token]
2021-11-21T23:53:25,000|[TRACE] graph - <------- nonSkippedChar
2021-11-21T23:53:25,000|[TRACE] graph - <----- statementPart
2021-11-21T23:53:25,000|[TRACE] graph - -----> statementPart
2021-11-21T23:53:25,000|[TRACE] graph - -------> nonSkippedChar
2021-11-21T23:53:25,000|[TRACE] script - #out(`a`) [token]
2021-11-21T23:53:25,000|[TRACE] graph - <------- nonSkippedChar
2021-11-21T23:53:25,001|[TRACE] graph - <----- statementPart
2021-11-21T23:53:25,001|[TRACE] graph - -----> statementPart
2021-11-21T23:53:25,001|[TRACE] graph - -------> nonSkippedChar
2021-11-21T23:53:25,001|[TRACE] script - #out(`i`) [token]
2021-11-21T23:53:25,001|[TRACE] graph - <------- nonSkippedChar
2021-11-21T23:53:25,001|[TRACE] graph - <----- statementPart
2021-11-21T23:53:25,001|[TRACE] graph - -----> statementPart
2021-11-21T23:53:25,001|[TRACE] graph - -------> nonSkippedChar
2021-11-21T23:53:25,001|[TRACE] script - #out(`_`) [token]
2021-11-21T23:53:25,001|[TRACE] graph - <------- nonSkippedChar
2021-11-21T23:53:25,001|[TRACE] graph - <----- statementPart
2021-11-21T23:53:25,001|[TRACE] graph - -----> statementPart
2021-11-21T23:53:25,001|[TRACE] graph - -------> nonSkippedChar
2021-11-21T23:53:25,001|[TRACE] script - #out(`c`) [token]
2021-11-21T23:53:25,001|[TRACE] graph - <------- nonSkippedChar
2021-11-21T23:53:25,001|[TRACE] graph - <----- statementPart
2021-11-21T23:53:25,001|[TRACE] graph - -----> statementPart
2021-11-21T23:53:25,001|[TRACE] graph - -------> nonSkippedChar
2021-11-21T23:53:25,001|[TRACE] script - #out(`i`) [token]
2021-11-21T23:53:25,001|[TRACE] graph - <------- nonSkippedChar
2021-11-21T23:53:25,001|[TRACE] graph - <----- statementPart
2021-11-21T23:53:25,001|[DEBUG] graph - Import statement : CREATE TABLE IF NOT EXISTS `bloodbank`.`person` (   `id` INT NOT NULL AUTO_INCREMENT,   `first_name` VARCHAR(50) NOT NULL,   `last_name` VARCHAR(50) NOT NULL,   `created` BIGINT NOT NULL DEFAULT (unix_timestamp(now()) * 1000),   `updated` BIGINT NOT NULL DEFAULT (unix_timestamp(now()) * 1000),   `version` INT NOT NULL DEFAULT '1',   PRIMARY KEY (`id`)) ENGINE = InnoDB DEFAULT CHARACTER SET = utf8mb4 COLLATE = utf8mb4_0900_ai_ci
2021-11-21T23:53:25,001|[TRACE] graph - <--- statement
2021-11-21T23:53:25,001|[TRACE] graph - ---> blankSpacesToSkip
2021-11-21T23:53:25,001|[TRACE] graph - -----> newLineToSkip
2021-11-21T23:53:25,001|[TRACE] graph - <----- newLineToSkip
2021-11-21T23:53:25,001|[TRACE] graph - -----> newLineToSkip
2021-11-21T23:53:25,001|[TRACE] graph - <----- newLineToSkip
2021-11-21T23:53:25,001|[TRACE] graph - -----> newLineToSkip
2021-11-21T23:53:25,001|[TRACE] graph - <----- newLineToSkip
2021-11-21T23:53:25,001|[TRACE] graph - -----> newLineToSkip
2021-11-21T23:53:25,001|[TRACE] graph - <----- newLineToSkip
2021-11-21T23:53:25,001|[TRACE] graph - -----> newLineToSkip
2021-11-21T23:53:25,001|[TRACE] graph - <----- newLineToSkip
2021-11-21T23:53:25,001|[TRACE] graph - -----> newLineToSkip
2021-11-21T23:53:25,001|[TRACE] graph - <----- newLineToSkip
2021-11-21T23:53:25,001|[TRACE] graph - <--- blankSpacesToSkip
2021-11-21T23:53:25,001|[TRACE] graph - ---> statement
2021-11-21T23:53:25,001|[TRACE] graph - -----> statementFirstPart
2021-11-21T23:53:25,001|[TRACE] graph - -------> nonSkippedChar
2021-11-21T23:53:25,001|[TRACE] script - #out(`C`) [token]
2021-11-21T23:53:25,001|[TRACE] graph - <------- nonSkippedChar
2021-11-21T23:53:25,001|[TRACE] graph - <----- statementFirstPart
2021-11-21T23:53:25,001|[TRACE] graph - -----> statementPart
2021-11-21T23:53:25,001|[TRACE] graph - -------> nonSkippedChar
2021-11-21T23:53:25,001|[TRACE] script - #out(`R`) [token]
2021-11-21T23:53:25,001|[TRACE] graph - <------- nonSkippedChar
2021-11-21T23:53:25,001|[TRACE] graph - <----- statementPart
2021-11-21T23:53:25,001|[TRACE] graph - -----> statementPart
2021-11-21T23:53:25,001|[TRACE] graph - -------> nonSkippedChar
2021-11-21T23:53:25,001|[TRACE] script - #out(`E`) [token]
2021-11-21T23:53:25,001|[TRACE] graph - <------- nonSkippedChar
2021-11-21T23:53:25,001|[TRACE] graph - <----- statementPart
2021-11-21T23:53:25,001|[TRACE] graph - -----> statementPart
2021-11-21T23:53:25,001|[TRACE] graph - -------> nonSkippedChar
2021-11-21T23:53:25,001|[TRACE] script - #out(`A`) [token]
2021-11-21T23:53:25,001|[TRACE] graph - <------- nonSkippedChar
2021-11-21T23:53:25,001|[TRACE] graph - <----- statementPart
2021-11-21T23:53:25,001|[TRACE] graph - -----> statementPart
2021-11-21T23:53:25,001|[TRACE] graph - -------> nonSkippedChar
2021-11-21T23:53:25,001|[TRACE] script - #out(`T`) [token]
2021-11-21T23:53:25,001|[TRACE] graph - <------- nonSkippedChar
2021-11-21T23:53:25,001|[TRACE] graph - <----- statementPart
2021-11-21T23:53:25,001|[TRACE] graph - -----> statementPart
2021-11-21T23:53:25,001|[TRACE] graph - -------> nonSkippedChar
2021-11-21T23:53:25,001|[TRACE] script - #out(`E`) [token]
2021-11-21T23:53:25,001|[TRACE] graph - <------- nonSkippedChar
2021-11-21T23:53:25,001|[TRACE] graph - <----- statementPart
2021-11-21T23:53:25,001|[TRACE] graph - -----> statementPart
2021-11-21T23:53:25,001|[TRACE] graph - -------> nonSkippedSpace
2021-11-21T23:53:25,001|[TRACE] script - #out(` `) [token]
2021-11-21T23:53:25,001|[TRACE] graph - <------- nonSkippedSpace
2021-11-21T23:53:25,001|[TRACE] graph - <----- statementPart
2021-11-21T23:53:25,001|[TRACE] graph - -----> statementPart
2021-11-21T23:53:25,001|[TRACE] graph - -------> nonSkippedChar
2021-11-21T23:53:25,001|[TRACE] script - #out(`T`) [token]
2021-11-21T23:53:25,001|[TRACE] graph - <------- nonSkippedChar
2021-11-21T23:53:25,001|[TRACE] graph - <----- statementPart
2021-11-21T23:53:25,001|[TRACE] graph - -----> statementPart
2021-11-21T23:53:25,001|[TRACE] graph - -------> nonSkippedChar
2021-11-21T23:53:25,001|[TRACE] script - #out(`A`) [token]
2021-11-21T23:53:25,001|[TRACE] graph - <------- nonSkippedChar
2021-11-21T23:53:25,001|[TRACE] graph - <----- statementPart
2021-11-21T23:53:25,001|[TRACE] graph - -----> statementPart
2021-11-21T23:53:25,001|[TRACE] graph - -------> nonSkippedChar
2021-11-21T23:53:25,001|[TRACE] script - #out(`B`) [token]
2021-11-21T23:53:25,001|[TRACE] graph - <------- nonSkippedChar
2021-11-21T23:53:25,001|[TRACE] graph - <----- statementPart
2021-11-21T23:53:25,001|[TRACE] graph - -----> statementPart
2021-11-21T23:53:25,001|[TRACE] graph - -------> nonSkippedChar
2021-11-21T23:53:25,001|[TRACE] script - #out(`L`) [token]
2021-11-21T23:53:25,001|[TRACE] graph - <------- nonSkippedChar
2021-11-21T23:53:25,001|[TRACE] graph - <----- statementPart
2021-11-21T23:53:25,001|[TRACE] graph - -----> statementPart
2021-11-21T23:53:25,001|[TRACE] graph - -------> nonSkippedChar
2021-11-21T23:53:25,001|[TRACE] script - #out(`E`) [token]
2021-11-21T23:53:25,001|[TRACE] graph - <------- nonSkippedChar
2021-11-21T23:53:25,001|[TRACE] graph - <----- statementPart
2021-11-21T23:53:25,001|[TRACE] graph - -----> statementPart
2021-11-21T23:53:25,001|[TRACE] graph - -------> nonSkippedSpace
2021-11-21T23:53:25,001|[TRACE] script - #out(` `) [token]
2021-11-21T23:53:25,001|[TRACE] graph - <------- nonSkippedSpace
2021-11-21T23:53:25,001|[TRACE] graph - <----- statementPart
2021-11-21T23:53:25,001|[TRACE] graph - -----> statementPart
2021-11-21T23:53:25,001|[TRACE] graph - -------> nonSkippedChar
2021-11-21T23:53:25,001|[TRACE] script - #out(`I`) [token]
2021-11-21T23:53:25,001|[TRACE] graph - <------- nonSkippedChar
2021-11-21T23:53:25,001|[TRACE] graph - <----- statementPart
2021-11-21T23:53:25,001|[TRACE] graph - -----> statementPart
2021-11-21T23:53:25,001|[TRACE] graph - -------> nonSkippedChar
2021-11-21T23:53:25,001|[TRACE] script - #out(`F`) [token]
2021-11-21T23:53:25,001|[TRACE] graph - <------- nonSkippedChar
2021-11-21T23:53:25,001|[TRACE] graph - <----- statementPart
2021-11-21T23:53:25,001|[TRACE] graph - -----> statementPart
2021-11-21T23:53:25,001|[TRACE] graph - -------> nonSkippedSpace
2021-11-21T23:53:25,001|[TRACE] script - #out(` `) [token]
2021-11-21T23:53:25,001|[TRACE] graph - <------- nonSkippedSpace
2021-11-21T23:53:25,001|[TRACE] graph - <----- statementPart
2021-11-21T23:53:25,001|[TRACE] graph - -----> statementPart
2021-11-21T23:53:25,001|[TRACE] graph - -------> nonSkippedChar
2021-11-21T23:53:25,001|[TRACE] script - #out(`N`) [token]
2021-11-21T23:53:25,001|[TRACE] graph - <------- nonSkippedChar
2021-11-21T23:53:25,001|[TRACE] graph - <----- statementPart
2021-11-21T23:53:25,001|[TRACE] graph - -----> statementPart
2021-11-21T23:53:25,001|[TRACE] graph - -------> nonSkippedChar
2021-11-21T23:53:25,001|[TRACE] script - #out(`O`) [token]
2021-11-21T23:53:25,001|[TRACE] graph - <------- nonSkippedChar
2021-11-21T23:53:25,001|[TRACE] graph - <----- statementPart
2021-11-21T23:53:25,001|[TRACE] graph - -----> statementPart
2021-11-21T23:53:25,001|[TRACE] graph - -------> nonSkippedChar
2021-11-21T23:53:25,001|[TRACE] script - #out(`T`) [token]
2021-11-21T23:53:25,001|[TRACE] graph - <------- nonSkippedChar
2021-11-21T23:53:25,001|[TRACE] graph - <----- statementPart
2021-11-21T23:53:25,001|[TRACE] graph - -----> statementPart
2021-11-21T23:53:25,001|[TRACE] graph - -------> nonSkippedSpace
2021-11-21T23:53:25,001|[TRACE] script - #out(` `) [token]
2021-11-21T23:53:25,001|[TRACE] graph - <------- nonSkippedSpace
2021-11-21T23:53:25,001|[TRACE] graph - <----- statementPart
2021-11-21T23:53:25,001|[TRACE] graph - -----> statementPart
2021-11-21T23:53:25,001|[TRACE] graph - -------> nonSkippedChar
2021-11-21T23:53:25,001|[TRACE] script - #out(`E`) [token]
2021-11-21T23:53:25,001|[TRACE] graph - <------- nonSkippedChar
2021-11-21T23:53:25,001|[TRACE] graph - <----- statementPart
2021-11-21T23:53:25,001|[TRACE] graph - -----> statementPart
2021-11-21T23:53:25,001|[TRACE] graph - -------> nonSkippedChar
2021-11-21T23:53:25,001|[TRACE] script - #out(`X`) [token]
2021-11-21T23:53:25,001|[TRACE] graph - <------- nonSkippedChar
2021-11-21T23:53:25,001|[TRACE] graph - <----- statementPart
2021-11-21T23:53:25,001|[TRACE] graph - -----> statementPart
2021-11-21T23:53:25,001|[TRACE] graph - -------> nonSkippedChar
2021-11-21T23:53:25,001|[TRACE] script - #out(`I`) [token]
2021-11-21T23:53:25,001|[TRACE] graph - <------- nonSkippedChar
2021-11-21T23:53:25,001|[TRACE] graph - <----- statementPart
2021-11-21T23:53:25,001|[TRACE] graph - -----> statementPart
2021-11-21T23:53:25,001|[TRACE] graph - -------> nonSkippedChar
2021-11-21T23:53:25,001|[TRACE] script - #out(`S`) [token]
2021-11-21T23:53:25,001|[TRACE] graph - <------- nonSkippedChar
2021-11-21T23:53:25,001|[TRACE] graph - <----- statementPart
2021-11-21T23:53:25,001|[TRACE] graph - -----> statementPart
2021-11-21T23:53:25,001|[TRACE] graph - -------> nonSkippedChar
2021-11-21T23:53:25,001|[TRACE] script - #out(`T`) [token]
2021-11-21T23:53:25,001|[TRACE] graph - <------- nonSkippedChar
2021-11-21T23:53:25,001|[TRACE] graph - <----- statementPart
2021-11-21T23:53:25,001|[TRACE] graph - -----> statementPart
2021-11-21T23:53:25,001|[TRACE] graph - -------> nonSkippedChar
2021-11-21T23:53:25,001|[TRACE] script - #out(`S`) [token]
2021-11-21T23:53:25,001|[TRACE] graph - <------- nonSkippedChar
2021-11-21T23:53:25,001|[TRACE] graph - <----- statementPart
2021-11-21T23:53:25,001|[TRACE] graph - -----> statementPart
2021-11-21T23:53:25,001|[TRACE] graph - -------> nonSkippedSpace
2021-11-21T23:53:25,001|[TRACE] script - #out(` `) [token]
2021-11-21T23:53:25,001|[TRACE] graph - <------- nonSkippedSpace
2021-11-21T23:53:25,001|[TRACE] graph - <----- statementPart
2021-11-21T23:53:25,001|[TRACE] graph - -----> statementPart
2021-11-21T23:53:25,001|[TRACE] graph - -------> quotedString
2021-11-21T23:53:25,001|[TRACE] script - #out(``bloodbank``) [token]
2021-11-21T23:53:25,001|[TRACE] graph - <------- quotedString
2021-11-21T23:53:25,001|[TRACE] graph - <----- statementPart
2021-11-21T23:53:25,001|[TRACE] graph - -----> statementPart
2021-11-21T23:53:25,001|[TRACE] graph - -------> nonSkippedChar
2021-11-21T23:53:25,001|[TRACE] script - #out(`.`) [token]
2021-11-21T23:53:25,001|[TRACE] graph - <------- nonSkippedChar
2021-11-21T23:53:25,001|[TRACE] graph - <----- statementPart
2021-11-21T23:53:25,001|[TRACE] graph - -----> statementPart
2021-11-21T23:53:25,001|[TRACE] graph - -------> quotedString
2021-11-21T23:53:25,001|[TRACE] script - #out(``blood_bank``) [token]
2021-11-21T23:53:25,001|[TRACE] graph - <------- quotedString
2021-11-21T23:53:25,001|[TRACE] graph - <----- statementPart
2021-11-21T23:53:25,001|[TRACE] graph - -----> statementPart
2021-11-21T23:53:25,001|[TRACE] graph - -------> nonSkippedSpace
2021-11-21T23:53:25,001|[TRACE] script - #out(` `) [token]
2021-11-21T23:53:25,001|[TRACE] graph - <------- nonSkippedSpace
2021-11-21T23:53:25,001|[TRACE] graph - <----- statementPart
2021-11-21T23:53:25,001|[TRACE] graph - -----> statementPart
2021-11-21T23:53:25,001|[TRACE] graph - -------> nonSkippedChar
2021-11-21T23:53:25,001|[TRACE] script - #out(`(`) [token]
2021-11-21T23:53:25,001|[TRACE] graph - <------- nonSkippedChar
2021-11-21T23:53:25,001|[TRACE] graph - <----- statementPart
2021-11-21T23:53:25,001|[TRACE] graph - -----> afterStatementPartNewline
2021-11-21T23:53:25,001|[TRACE] script - #out(` `) [text]
2021-11-21T23:53:25,001|[TRACE] graph - <----- afterStatementPartNewline
2021-11-21T23:53:25,043|[TRACE] graph - -----> statementPart
2021-11-21T23:53:25,043|[TRACE] graph - -------> nonSkippedSpace
2021-11-21T23:53:25,043|[TRACE] script - #out(` `) [token]
2021-11-21T23:53:25,043|[TRACE] graph - <------- nonSkippedSpace
2021-11-21T23:53:25,043|[TRACE] graph - <----- statementPart
2021-11-21T23:53:25,043|[TRACE] graph - -----> statementPart
2021-11-21T23:53:25,043|[TRACE] graph - -------> nonSkippedSpace
2021-11-21T23:53:25,043|[TRACE] script - #out(` `) [token]
2021-11-21T23:53:25,043|[TRACE] graph - <------- nonSkippedSpace
2021-11-21T23:53:25,043|[TRACE] graph - <----- statementPart
2021-11-21T23:53:25,043|[TRACE] graph - -----> statementPart
2021-11-21T23:53:25,043|[TRACE] graph - -------> quotedString
2021-11-21T23:53:25,043|[TRACE] script - #out(``bank_id``) [token]
2021-11-21T23:53:25,043|[TRACE] graph - <------- quotedString
2021-11-21T23:53:25,043|[TRACE] graph - <----- statementPart
2021-11-21T23:53:25,043|[TRACE] graph - -----> statementPart
2021-11-21T23:53:25,043|[TRACE] graph - -------> nonSkippedSpace
2021-11-21T23:53:25,043|[TRACE] script - #out(` `) [token]
2021-11-21T23:53:25,043|[TRACE] graph - <------- nonSkippedSpace
2021-11-21T23:53:25,043|[TRACE] graph - <----- statementPart
2021-11-21T23:53:25,043|[TRACE] graph - -----> statementPart
2021-11-21T23:53:25,043|[TRACE] graph - -------> nonSkippedChar
2021-11-21T23:53:25,043|[TRACE] script - #out(`I`) [token]
2021-11-21T23:53:25,043|[TRACE] graph - <------- nonSkippedChar
2021-11-21T23:53:25,043|[TRACE] graph - <----- statementPart
2021-11-21T23:53:25,043|[TRACE] graph - -----> statementPart
2021-11-21T23:53:25,043|[TRACE] graph - -------> nonSkippedChar
2021-11-21T23:53:25,043|[TRACE] script - #out(`N`) [token]
2021-11-21T23:53:25,043|[TRACE] graph - <------- nonSkippedChar
2021-11-21T23:53:25,043|[TRACE] graph - <----- statementPart
2021-11-21T23:53:25,043|[TRACE] graph - -----> statementPart
2021-11-21T23:53:25,043|[TRACE] graph - -------> nonSkippedChar
2021-11-21T23:53:25,043|[TRACE] script - #out(`T`) [token]
2021-11-21T23:53:25,043|[TRACE] graph - <------- nonSkippedChar
2021-11-21T23:53:25,043|[TRACE] graph - <----- statementPart
2021-11-21T23:53:25,043|[TRACE] graph - -----> statementPart
2021-11-21T23:53:25,043|[TRACE] graph - -------> nonSkippedSpace
2021-11-21T23:53:25,043|[TRACE] script - #out(` `) [token]
2021-11-21T23:53:25,043|[TRACE] graph - <------- nonSkippedSpace
2021-11-21T23:53:25,043|[TRACE] graph - <----- statementPart
2021-11-21T23:53:25,043|[TRACE] graph - -----> statementPart
2021-11-21T23:53:25,043|[TRACE] graph - -------> nonSkippedChar
2021-11-21T23:53:25,043|[TRACE] script - #out(`N`) [token]
2021-11-21T23:53:25,043|[TRACE] graph - <------- nonSkippedChar
2021-11-21T23:53:25,043|[TRACE] graph - <----- statementPart
2021-11-21T23:53:25,043|[TRACE] graph - -----> statementPart
2021-11-21T23:53:25,043|[TRACE] graph - -------> nonSkippedChar
2021-11-21T23:53:25,043|[TRACE] script - #out(`O`) [token]
2021-11-21T23:53:25,043|[TRACE] graph - <------- nonSkippedChar
2021-11-21T23:53:25,043|[TRACE] graph - <----- statementPart
2021-11-21T23:53:25,043|[TRACE] graph - -----> statementPart
2021-11-21T23:53:25,043|[TRACE] graph - -------> nonSkippedChar
2021-11-21T23:53:25,043|[TRACE] script - #out(`T`) [token]
2021-11-21T23:53:25,043|[TRACE] graph - <------- nonSkippedChar
2021-11-21T23:53:25,043|[TRACE] graph - <----- statementPart
2021-11-21T23:53:25,043|[TRACE] graph - -----> statementPart
2021-11-21T23:53:25,043|[TRACE] graph - -------> nonSkippedSpace
2021-11-21T23:53:25,043|[TRACE] script - #out(` `) [token]
2021-11-21T23:53:25,043|[TRACE] graph - <------- nonSkippedSpace
2021-11-21T23:53:25,043|[TRACE] graph - <----- statementPart
2021-11-21T23:53:25,043|[TRACE] graph - -----> statementPart
2021-11-21T23:53:25,043|[TRACE] graph - -------> nonSkippedChar
2021-11-21T23:53:25,043|[TRACE] script - #out(`N`) [token]
2021-11-21T23:53:25,043|[TRACE] graph - <------- nonSkippedChar
2021-11-21T23:53:25,043|[TRACE] graph - <----- statementPart
2021-11-21T23:53:25,043|[TRACE] graph - -----> statementPart
2021-11-21T23:53:25,043|[TRACE] graph - -------> nonSkippedChar
2021-11-21T23:53:25,043|[TRACE] script - #out(`U`) [token]
2021-11-21T23:53:25,043|[TRACE] graph - <------- nonSkippedChar
2021-11-21T23:53:25,043|[TRACE] graph - <----- statementPart
2021-11-21T23:53:25,043|[TRACE] graph - -----> statementPart
2021-11-21T23:53:25,043|[TRACE] graph - -------> nonSkippedChar
2021-11-21T23:53:25,043|[TRACE] script - #out(`L`) [token]
2021-11-21T23:53:25,043|[TRACE] graph - <------- nonSkippedChar
2021-11-21T23:53:25,043|[TRACE] graph - <----- statementPart
2021-11-21T23:53:25,043|[TRACE] graph - -----> statementPart
2021-11-21T23:53:25,043|[TRACE] graph - -------> nonSkippedChar
2021-11-21T23:53:25,043|[TRACE] script - #out(`L`) [token]
2021-11-21T23:53:25,043|[TRACE] graph - <------- nonSkippedChar
2021-11-21T23:53:25,043|[TRACE] graph - <----- statementPart
2021-11-21T23:53:25,043|[TRACE] graph - -----> statementPart
2021-11-21T23:53:25,043|[TRACE] graph - -------> nonSkippedSpace
2021-11-21T23:53:25,043|[TRACE] script - #out(` `) [token]
2021-11-21T23:53:25,043|[TRACE] graph - <------- nonSkippedSpace
2021-11-21T23:53:25,043|[TRACE] graph - <----- statementPart
2021-11-21T23:53:25,043|[TRACE] graph - -----> statementPart
2021-11-21T23:53:25,043|[TRACE] graph - -------> nonSkippedChar
2021-11-21T23:53:25,043|[TRACE] script - #out(`A`) [token]
2021-11-21T23:53:25,043|[TRACE] graph - <------- nonSkippedChar
2021-11-21T23:53:25,043|[TRACE] graph - <----- statementPart
2021-11-21T23:53:25,043|[TRACE] graph - -----> statementPart
2021-11-21T23:53:25,043|[TRACE] graph - -------> nonSkippedChar
2021-11-21T23:53:25,043|[TRACE] script - #out(`U`) [token]
2021-11-21T23:53:25,043|[TRACE] graph - <------- nonSkippedChar
2021-11-21T23:53:25,043|[TRACE] graph - <----- statementPart
2021-11-21T23:53:25,043|[TRACE] graph - -----> statementPart
2021-11-21T23:53:25,043|[TRACE] graph - -------> nonSkippedChar
2021-11-21T23:53:25,043|[TRACE] script - #out(`T`) [token]
2021-11-21T23:53:25,043|[TRACE] graph - <------- nonSkippedChar
2021-11-21T23:53:25,043|[TRACE] graph - <----- statementPart
2021-11-21T23:53:25,043|[TRACE] graph - -----> statementPart
2021-11-21T23:53:25,043|[TRACE] graph - -------> nonSkippedChar
2021-11-21T23:53:25,043|[TRACE] script - #out(`O`) [token]
2021-11-21T23:53:25,043|[TRACE] graph - <------- nonSkippedChar
2021-11-21T23:53:25,043|[TRACE] graph - <----- statementPart
2021-11-21T23:53:25,043|[TRACE] graph - -----> statementPart
2021-11-21T23:53:25,043|[TRACE] graph - -------> nonSkippedChar
2021-11-21T23:53:25,043|[TRACE] script - #out(`_`) [token]
2021-11-21T23:53:25,043|[TRACE] graph - <------- nonSkippedChar
2021-11-21T23:53:25,043|[TRACE] graph - <----- statementPart
2021-11-21T23:53:25,043|[TRACE] graph - -----> statementPart
2021-11-21T23:53:25,043|[TRACE] graph - -------> nonSkippedChar
2021-11-21T23:53:25,043|[TRACE] script - #out(`I`) [token]
2021-11-21T23:53:25,043|[TRACE] graph - <------- nonSkippedChar
2021-11-21T23:53:25,043|[TRACE] graph - <----- statementPart
2021-11-21T23:53:25,043|[TRACE] graph - -----> statementPart
2021-11-21T23:53:25,043|[TRACE] graph - -------> nonSkippedChar
2021-11-21T23:53:25,043|[TRACE] script - #out(`N`) [token]
2021-11-21T23:53:25,043|[TRACE] graph - <------- nonSkippedChar
2021-11-21T23:53:25,043|[TRACE] graph - <----- statementPart
2021-11-21T23:53:25,043|[TRACE] graph - -----> statementPart
2021-11-21T23:53:25,043|[TRACE] graph - -------> nonSkippedChar
2021-11-21T23:53:25,043|[TRACE] script - #out(`C`) [token]
2021-11-21T23:53:25,043|[TRACE] graph - <------- nonSkippedChar
2021-11-21T23:53:25,043|[TRACE] graph - <----- statementPart
2021-11-21T23:53:25,043|[TRACE] graph - -----> statementPart
2021-11-21T23:53:25,043|[TRACE] graph - -------> nonSkippedChar
2021-11-21T23:53:25,043|[TRACE] script - #out(`R`) [token]
2021-11-21T23:53:25,043|[TRACE] graph - <------- nonSkippedChar
2021-11-21T23:53:25,043|[TRACE] graph - <----- statementPart
2021-11-21T23:53:25,043|[TRACE] graph - -----> statementPart
2021-11-21T23:53:25,043|[TRACE] graph - -------> nonSkippedChar
2021-11-21T23:53:25,043|[TRACE] script - #out(`E`) [token]
2021-11-21T23:53:25,043|[TRACE] graph - <------- nonSkippedChar
2021-11-21T23:53:25,043|[TRACE] graph - <----- statementPart
2021-11-21T23:53:25,043|[TRACE] graph - -----> statementPart
2021-11-21T23:53:25,043|[TRACE] graph - -------> nonSkippedChar
2021-11-21T23:53:25,043|[TRACE] script - #out(`M`) [token]
2021-11-21T23:53:25,043|[TRACE] graph - <------- nonSkippedChar
2021-11-21T23:53:25,043|[TRACE] graph - <----- statementPart
2021-11-21T23:53:25,043|[TRACE] graph - -----> statementPart
2021-11-21T23:53:25,043|[TRACE] graph - -------> nonSkippedChar
2021-11-21T23:53:25,043|[TRACE] script - #out(`E`) [token]
2021-11-21T23:53:25,043|[TRACE] graph - <------- nonSkippedChar
2021-11-21T23:53:25,043|[TRACE] graph - <----- statementPart
2021-11-21T23:53:25,043|[TRACE] graph - -----> statementPart
2021-11-21T23:53:25,043|[TRACE] graph - -------> nonSkippedChar
2021-11-21T23:53:25,043|[TRACE] script - #out(`N`) [token]
2021-11-21T23:53:25,043|[TRACE] graph - <------- nonSkippedChar
2021-11-21T23:53:25,043|[TRACE] graph - <----- statementPart
2021-11-21T23:53:25,043|[TRACE] graph - -----> statementPart
2021-11-21T23:53:25,043|[TRACE] graph - -------> nonSkippedChar
2021-11-21T23:53:25,043|[TRACE] script - #out(`T`) [token]
2021-11-21T23:53:25,043|[TRACE] graph - <------- nonSkippedChar
2021-11-21T23:53:25,043|[TRACE] graph - <----- statementPart
2021-11-21T23:53:25,043|[TRACE] graph - -----> statementPart
2021-11-21T23:53:25,043|[TRACE] graph - -------> nonSkippedChar
2021-11-21T23:53:25,043|[TRACE] script - #out(`,`) [token]
2021-11-21T23:53:25,043|[TRACE] graph - <------- nonSkippedChar
2021-11-21T23:53:25,043|[TRACE] graph - <----- statementPart
2021-11-21T23:53:25,043|[TRACE] graph - -----> afterStatementPartNewline
2021-11-21T23:53:25,043|[TRACE] script - #out(` `) [text]
2021-11-21T23:53:25,043|[TRACE] graph - <----- afterStatementPartNewline
2021-11-21T23:53:25,043|[TRACE] graph - -----> statementPart
2021-11-21T23:53:25,043|[TRACE] graph - -------> nonSkippedSpace
2021-11-21T23:53:25,043|[TRACE] script - #out(` `) [token]
2021-11-21T23:53:25,043|[TRACE] graph - <------- nonSkippedSpace
2021-11-21T23:53:25,043|[TRACE] graph - <----- statementPart
2021-11-21T23:53:25,043|[TRACE] graph - -----> statementPart
2021-11-21T23:53:25,043|[TRACE] graph - -------> nonSkippedSpace
2021-11-21T23:53:25,043|[TRACE] script - #out(` `) [token]
2021-11-21T23:53:25,043|[TRACE] graph - <------- nonSkippedSpace
2021-11-21T23:53:25,043|[TRACE] graph - <----- statementPart
2021-11-21T23:53:25,043|[TRACE] graph - -----> statementPart
2021-11-21T23:53:25,043|[TRACE] graph - -------> quotedString
2021-11-21T23:53:25,043|[TRACE] script - #out(``name``) [token]
2021-11-21T23:53:25,043|[TRACE] graph - <------- quotedString
2021-11-21T23:53:25,043|[TRACE] graph - <----- statementPart
2021-11-21T23:53:25,043|[TRACE] graph - -----> statementPart
2021-11-21T23:53:25,043|[TRACE] graph - -------> nonSkippedSpace
2021-11-21T23:53:25,043|[TRACE] script - #out(` `) [token]
2021-11-21T23:53:25,043|[TRACE] graph - <------- nonSkippedSpace
2021-11-21T23:53:25,043|[TRACE] graph - <----- statementPart
2021-11-21T23:53:25,043|[TRACE] graph - -----> statementPart
2021-11-21T23:53:25,043|[TRACE] graph - -------> nonSkippedChar
2021-11-21T23:53:25,043|[TRACE] script - #out(`V`) [token]
2021-11-21T23:53:25,043|[TRACE] graph - <------- nonSkippedChar
2021-11-21T23:53:25,043|[TRACE] graph - <----- statementPart
2021-11-21T23:53:25,043|[TRACE] graph - -----> statementPart
2021-11-21T23:53:25,043|[TRACE] graph - -------> nonSkippedChar
2021-11-21T23:53:25,043|[TRACE] script - #out(`A`) [token]
2021-11-21T23:53:25,043|[TRACE] graph - <------- nonSkippedChar
2021-11-21T23:53:25,043|[TRACE] graph - <----- statementPart
2021-11-21T23:53:25,043|[TRACE] graph - -----> statementPart
2021-11-21T23:53:25,043|[TRACE] graph - -------> nonSkippedChar
2021-11-21T23:53:25,044|[TRACE] script - #out(`R`) [token]
2021-11-21T23:53:25,044|[TRACE] graph - <------- nonSkippedChar
2021-11-21T23:53:25,044|[TRACE] graph - <----- statementPart
2021-11-21T23:53:25,044|[TRACE] graph - -----> statementPart
2021-11-21T23:53:25,044|[TRACE] graph - -------> nonSkippedChar
2021-11-21T23:53:25,044|[TRACE] script - #out(`C`) [token]
2021-11-21T23:53:25,044|[TRACE] graph - <------- nonSkippedChar
2021-11-21T23:53:25,044|[TRACE] graph - <----- statementPart
2021-11-21T23:53:25,044|[TRACE] graph - -----> statementPart
2021-11-21T23:53:25,044|[TRACE] graph - -------> nonSkippedChar
2021-11-21T23:53:25,044|[TRACE] script - #out(`H`) [token]
2021-11-21T23:53:25,044|[TRACE] graph - <------- nonSkippedChar
2021-11-21T23:53:25,044|[TRACE] graph - <----- statementPart
2021-11-21T23:53:25,044|[TRACE] graph - -----> statementPart
2021-11-21T23:53:25,044|[TRACE] graph - -------> nonSkippedChar
2021-11-21T23:53:25,044|[TRACE] script - #out(`A`) [token]
2021-11-21T23:53:25,044|[TRACE] graph - <------- nonSkippedChar
2021-11-21T23:53:25,044|[TRACE] graph - <----- statementPart
2021-11-21T23:53:25,044|[TRACE] graph - -----> statementPart
2021-11-21T23:53:25,044|[TRACE] graph - -------> nonSkippedChar
2021-11-21T23:53:25,044|[TRACE] script - #out(`R`) [token]
2021-11-21T23:53:25,044|[TRACE] graph - <------- nonSkippedChar
2021-11-21T23:53:25,044|[TRACE] graph - <----- statementPart
2021-11-21T23:53:25,044|[TRACE] graph - -----> statementPart
2021-11-21T23:53:25,044|[TRACE] graph - -------> nonSkippedChar
2021-11-21T23:53:25,044|[TRACE] script - #out(`(`) [token]
2021-11-21T23:53:25,044|[TRACE] graph - <------- nonSkippedChar
2021-11-21T23:53:25,044|[TRACE] graph - <----- statementPart
2021-11-21T23:53:25,044|[TRACE] graph - -----> statementPart
2021-11-21T23:53:25,044|[TRACE] graph - -------> nonSkippedChar
2021-11-21T23:53:25,044|[TRACE] script - #out(`1`) [token]
2021-11-21T23:53:25,044|[TRACE] graph - <------- nonSkippedChar
2021-11-21T23:53:25,044|[TRACE] graph - <----- statementPart
2021-11-21T23:53:25,044|[TRACE] graph - -----> statementPart
2021-11-21T23:53:25,044|[TRACE] graph - -------> nonSkippedChar
2021-11-21T23:53:25,044|[TRACE] script - #out(`0`) [token]
2021-11-21T23:53:25,044|[TRACE] graph - <------- nonSkippedChar
2021-11-21T23:53:25,044|[TRACE] graph - <----- statementPart
2021-11-21T23:53:25,044|[TRACE] graph - -----> statementPart
2021-11-21T23:53:25,044|[TRACE] graph - -------> nonSkippedChar
2021-11-21T23:53:25,044|[TRACE] script - #out(`0`) [token]
2021-11-21T23:53:25,044|[TRACE] graph - <------- nonSkippedChar
2021-11-21T23:53:25,044|[TRACE] graph - <----- statementPart
2021-11-21T23:53:25,044|[TRACE] graph - -----> statementPart
2021-11-21T23:53:25,044|[TRACE] graph - -------> nonSkippedChar
2021-11-21T23:53:25,044|[TRACE] script - #out(`)`) [token]
2021-11-21T23:53:25,044|[TRACE] graph - <------- nonSkippedChar
2021-11-21T23:53:25,044|[TRACE] graph - <----- statementPart
2021-11-21T23:53:25,044|[TRACE] graph - -----> statementPart
2021-11-21T23:53:25,044|[TRACE] graph - -------> nonSkippedSpace
2021-11-21T23:53:25,044|[TRACE] script - #out(` `) [token]
2021-11-21T23:53:25,044|[TRACE] graph - <------- nonSkippedSpace
2021-11-21T23:53:25,044|[TRACE] graph - <----- statementPart
2021-11-21T23:53:25,044|[TRACE] graph - -----> statementPart
2021-11-21T23:53:25,044|[TRACE] graph - -------> nonSkippedChar
2021-11-21T23:53:25,044|[TRACE] script - #out(`N`) [token]
2021-11-21T23:53:25,044|[TRACE] graph - <------- nonSkippedChar
2021-11-21T23:53:25,044|[TRACE] graph - <----- statementPart
2021-11-21T23:53:25,044|[TRACE] graph - -----> statementPart
2021-11-21T23:53:25,044|[TRACE] graph - -------> nonSkippedChar
2021-11-21T23:53:25,044|[TRACE] script - #out(`O`) [token]
2021-11-21T23:53:25,044|[TRACE] graph - <------- nonSkippedChar
2021-11-21T23:53:25,044|[TRACE] graph - <----- statementPart
2021-11-21T23:53:25,044|[TRACE] graph - -----> statementPart
2021-11-21T23:53:25,044|[TRACE] graph - -------> nonSkippedChar
2021-11-21T23:53:25,044|[TRACE] script - #out(`T`) [token]
2021-11-21T23:53:25,044|[TRACE] graph - <------- nonSkippedChar
2021-11-21T23:53:25,044|[TRACE] graph - <----- statementPart
2021-11-21T23:53:25,044|[TRACE] graph - -----> statementPart
2021-11-21T23:53:25,044|[TRACE] graph - -------> nonSkippedSpace
2021-11-21T23:53:25,044|[TRACE] script - #out(` `) [token]
2021-11-21T23:53:25,044|[TRACE] graph - <------- nonSkippedSpace
2021-11-21T23:53:25,044|[TRACE] graph - <----- statementPart
2021-11-21T23:53:25,044|[TRACE] graph - -----> statementPart
2021-11-21T23:53:25,044|[TRACE] graph - -------> nonSkippedChar
2021-11-21T23:53:25,044|[TRACE] script - #out(`N`) [token]
2021-11-21T23:53:25,044|[TRACE] graph - <------- nonSkippedChar
2021-11-21T23:53:25,044|[TRACE] graph - <----- statementPart
2021-11-21T23:53:25,044|[TRACE] graph - -----> statementPart
2021-11-21T23:53:25,044|[TRACE] graph - -------> nonSkippedChar
2021-11-21T23:53:25,044|[TRACE] script - #out(`U`) [token]
2021-11-21T23:53:25,044|[TRACE] graph - <------- nonSkippedChar
2021-11-21T23:53:25,044|[TRACE] graph - <----- statementPart
2021-11-21T23:53:25,044|[TRACE] graph - -----> statementPart
2021-11-21T23:53:25,044|[TRACE] graph - -------> nonSkippedChar
2021-11-21T23:53:25,044|[TRACE] script - #out(`L`) [token]
2021-11-21T23:53:25,044|[TRACE] graph - <------- nonSkippedChar
2021-11-21T23:53:25,044|[TRACE] graph - <----- statementPart
2021-11-21T23:53:25,044|[TRACE] graph - -----> statementPart
2021-11-21T23:53:25,044|[TRACE] graph - -------> nonSkippedChar
2021-11-21T23:53:25,044|[TRACE] script - #out(`L`) [token]
2021-11-21T23:53:25,044|[TRACE] graph - <------- nonSkippedChar
2021-11-21T23:53:25,044|[TRACE] graph - <----- statementPart
2021-11-21T23:53:25,044|[TRACE] graph - -----> statementPart
2021-11-21T23:53:25,044|[TRACE] graph - -------> nonSkippedChar
2021-11-21T23:53:25,044|[TRACE] script - #out(`,`) [token]
2021-11-21T23:53:25,044|[TRACE] graph - <------- nonSkippedChar
2021-11-21T23:53:25,044|[TRACE] graph - <----- statementPart
2021-11-21T23:53:25,044|[TRACE] graph - -----> afterStatementPartNewline
2021-11-21T23:53:25,044|[TRACE] script - #out(` `) [text]
2021-11-21T23:53:25,044|[TRACE] graph - <----- afterStatementPartNewline
2021-11-21T23:53:25,044|[TRACE] graph - -----> statementPart
2021-11-21T23:53:25,044|[TRACE] graph - -------> nonSkippedSpace
2021-11-21T23:53:25,044|[TRACE] script - #out(` `) [token]
2021-11-21T23:53:25,044|[TRACE] graph - <------- nonSkippedSpace
2021-11-21T23:53:25,044|[TRACE] graph - <----- statementPart
2021-11-21T23:53:25,044|[TRACE] graph - -----> statementPart
2021-11-21T23:53:25,044|[TRACE] graph - -------> nonSkippedSpace
2021-11-21T23:53:25,044|[TRACE] script - #out(` `) [token]
2021-11-21T23:53:25,044|[TRACE] graph - <------- nonSkippedSpace
2021-11-21T23:53:25,044|[TRACE] graph - <----- statementPart
2021-11-21T23:53:25,044|[TRACE] graph - -----> statementPart
2021-11-21T23:53:25,044|[TRACE] graph - -------> quotedString
2021-11-21T23:53:25,044|[TRACE] script - #out(``privately_owned``) [token]
2021-11-21T23:53:25,044|[TRACE] graph - <------- quotedString
2021-11-21T23:53:25,044|[TRACE] graph - <----- statementPart
2021-11-21T23:53:25,044|[TRACE] graph - -----> statementPart
2021-11-21T23:53:25,044|[TRACE] graph - -------> nonSkippedSpace
2021-11-21T23:53:25,044|[TRACE] script - #out(` `) [token]
2021-11-21T23:53:25,044|[TRACE] graph - <------- nonSkippedSpace
2021-11-21T23:53:25,044|[TRACE] graph - <----- statementPart
2021-11-21T23:53:25,044|[TRACE] graph - -----> statementPart
2021-11-21T23:53:25,044|[TRACE] graph - -------> nonSkippedChar
2021-11-21T23:53:25,044|[TRACE] script - #out(`B`) [token]
2021-11-21T23:53:25,044|[TRACE] graph - <------- nonSkippedChar
2021-11-21T23:53:25,044|[TRACE] graph - <----- statementPart
2021-11-21T23:53:25,044|[TRACE] graph - -----> statementPart
2021-11-21T23:53:25,044|[TRACE] graph - -------> nonSkippedChar
2021-11-21T23:53:25,044|[TRACE] script - #out(`I`) [token]
2021-11-21T23:53:25,044|[TRACE] graph - <------- nonSkippedChar
2021-11-21T23:53:25,044|[TRACE] graph - <----- statementPart
2021-11-21T23:53:25,044|[TRACE] graph - -----> statementPart
2021-11-21T23:53:25,044|[TRACE] graph - -------> nonSkippedChar
2021-11-21T23:53:25,044|[TRACE] script - #out(`T`) [token]
2021-11-21T23:53:25,044|[TRACE] graph - <------- nonSkippedChar
2021-11-21T23:53:25,044|[TRACE] graph - <----- statementPart
2021-11-21T23:53:25,044|[TRACE] graph - -----> statementPart
2021-11-21T23:53:25,044|[TRACE] graph - -------> nonSkippedChar
2021-11-21T23:53:25,044|[TRACE] script - #out(`(`) [token]
2021-11-21T23:53:25,044|[TRACE] graph - <------- nonSkippedChar
2021-11-21T23:53:25,044|[TRACE] graph - <----- statementPart
2021-11-21T23:53:25,044|[TRACE] graph - -----> statementPart
2021-11-21T23:53:25,044|[TRACE] graph - -------> nonSkippedChar
2021-11-21T23:53:25,044|[TRACE] script - #out(`1`) [token]
2021-11-21T23:53:25,044|[TRACE] graph - <------- nonSkippedChar
2021-11-21T23:53:25,044|[TRACE] graph - <----- statementPart
2021-11-21T23:53:25,044|[TRACE] graph - -----> statementPart
2021-11-21T23:53:25,044|[TRACE] graph - -------> nonSkippedChar
2021-11-21T23:53:25,044|[TRACE] script - #out(`)`) [token]
2021-11-21T23:53:25,044|[TRACE] graph - <------- nonSkippedChar
2021-11-21T23:53:25,044|[TRACE] graph - <----- statementPart
2021-11-21T23:53:25,044|[TRACE] graph - -----> statementPart
2021-11-21T23:53:25,044|[TRACE] graph - -------> nonSkippedSpace
2021-11-21T23:53:25,044|[TRACE] script - #out(` `) [token]
2021-11-21T23:53:25,044|[TRACE] graph - <------- nonSkippedSpace
2021-11-21T23:53:25,044|[TRACE] graph - <----- statementPart
2021-11-21T23:53:25,044|[TRACE] graph - -----> statementPart
2021-11-21T23:53:25,044|[TRACE] graph - -------> nonSkippedChar
2021-11-21T23:53:25,044|[TRACE] script - #out(`N`) [token]
2021-11-21T23:53:25,044|[TRACE] graph - <------- nonSkippedChar
2021-11-21T23:53:25,044|[TRACE] graph - <----- statementPart
2021-11-21T23:53:25,044|[TRACE] graph - -----> statementPart
2021-11-21T23:53:25,044|[TRACE] graph - -------> nonSkippedChar
2021-11-21T23:53:25,044|[TRACE] script - #out(`O`) [token]
2021-11-21T23:53:25,044|[TRACE] graph - <------- nonSkippedChar
2021-11-21T23:53:25,044|[TRACE] graph - <----- statementPart
2021-11-21T23:53:25,044|[TRACE] graph - -----> statementPart
2021-11-21T23:53:25,044|[TRACE] graph - -------> nonSkippedChar
2021-11-21T23:53:25,044|[TRACE] script - #out(`T`) [token]
2021-11-21T23:53:25,044|[TRACE] graph - <------- nonSkippedChar
2021-11-21T23:53:25,044|[TRACE] graph - <----- statementPart
2021-11-21T23:53:25,044|[TRACE] graph - -----> statementPart
2021-11-21T23:53:25,044|[TRACE] graph - -------> nonSkippedSpace
2021-11-21T23:53:25,044|[TRACE] script - #out(` `) [token]
2021-11-21T23:53:25,044|[TRACE] graph - <------- nonSkippedSpace
2021-11-21T23:53:25,044|[TRACE] graph - <----- statementPart
2021-11-21T23:53:25,044|[TRACE] graph - -----> statementPart
2021-11-21T23:53:25,044|[TRACE] graph - -------> nonSkippedChar
2021-11-21T23:53:25,044|[TRACE] script - #out(`N`) [token]
2021-11-21T23:53:25,044|[TRACE] graph - <------- nonSkippedChar
2021-11-21T23:53:25,044|[TRACE] graph - <----- statementPart
2021-11-21T23:53:25,044|[TRACE] graph - -----> statementPart
2021-11-21T23:53:25,044|[TRACE] graph - -------> nonSkippedChar
2021-11-21T23:53:25,044|[TRACE] script - #out(`U`) [token]
2021-11-21T23:53:25,044|[TRACE] graph - <------- nonSkippedChar
2021-11-21T23:53:25,044|[TRACE] graph - <----- statementPart
2021-11-21T23:53:25,044|[TRACE] graph - -----> statementPart
2021-11-21T23:53:25,044|[TRACE] graph - -------> nonSkippedChar
2021-11-21T23:53:25,044|[TRACE] script - #out(`L`) [token]
2021-11-21T23:53:25,044|[TRACE] graph - <------- nonSkippedChar
2021-11-21T23:53:25,044|[TRACE] graph - <----- statementPart
2021-11-21T23:53:25,044|[TRACE] graph - -----> statementPart
2021-11-21T23:53:25,044|[TRACE] graph - -------> nonSkippedChar
2021-11-21T23:53:25,044|[TRACE] script - #out(`L`) [token]
2021-11-21T23:53:25,044|[TRACE] graph - <------- nonSkippedChar
2021-11-21T23:53:25,044|[TRACE] graph - <----- statementPart
2021-11-21T23:53:25,044|[TRACE] graph - -----> statementPart
2021-11-21T23:53:25,044|[TRACE] graph - -------> nonSkippedChar
2021-11-21T23:53:25,044|[TRACE] script - #out(`,`) [token]
2021-11-21T23:53:25,044|[TRACE] graph - <------- nonSkippedChar
2021-11-21T23:53:25,044|[TRACE] graph - <----- statementPart
2021-11-21T23:53:25,044|[TRACE] graph - -----> afterStatementPartNewline
2021-11-21T23:53:25,044|[TRACE] script - #out(` `) [text]
2021-11-21T23:53:25,044|[TRACE] graph - <----- afterStatementPartNewline
2021-11-21T23:53:25,044|[TRACE] graph - -----> statementPart
2021-11-21T23:53:25,044|[TRACE] graph - -------> nonSkippedSpace
2021-11-21T23:53:25,044|[TRACE] script - #out(` `) [token]
2021-11-21T23:53:25,044|[TRACE] graph - <------- nonSkippedSpace
2021-11-21T23:53:25,044|[TRACE] graph - <----- statementPart
2021-11-21T23:53:25,044|[TRACE] graph - -----> statementPart
2021-11-21T23:53:25,044|[TRACE] graph - -------> nonSkippedSpace
2021-11-21T23:53:25,044|[TRACE] script - #out(` `) [token]
2021-11-21T23:53:25,044|[TRACE] graph - <------- nonSkippedSpace
2021-11-21T23:53:25,044|[TRACE] graph - <----- statementPart
2021-11-21T23:53:25,044|[TRACE] graph - -----> statementPart
2021-11-21T23:53:25,044|[TRACE] graph - -------> quotedString
2021-11-21T23:53:25,044|[TRACE] script - #out(``created``) [token]
2021-11-21T23:53:25,044|[TRACE] graph - <------- quotedString
2021-11-21T23:53:25,044|[TRACE] graph - <----- statementPart
2021-11-21T23:53:25,044|[TRACE] graph - -----> statementPart
2021-11-21T23:53:25,044|[TRACE] graph - -------> nonSkippedSpace
2021-11-21T23:53:25,044|[TRACE] script - #out(` `) [token]
2021-11-21T23:53:25,044|[TRACE] graph - <------- nonSkippedSpace
2021-11-21T23:53:25,044|[TRACE] graph - <----- statementPart
2021-11-21T23:53:25,044|[TRACE] graph - -----> statementPart
2021-11-21T23:53:25,044|[TRACE] graph - -------> nonSkippedChar
2021-11-21T23:53:25,044|[TRACE] script - #out(`B`) [token]
2021-11-21T23:53:25,044|[TRACE] graph - <------- nonSkippedChar
2021-11-21T23:53:25,044|[TRACE] graph - <----- statementPart
2021-11-21T23:53:25,044|[TRACE] graph - -----> statementPart
2021-11-21T23:53:25,044|[TRACE] graph - -------> nonSkippedChar
2021-11-21T23:53:25,044|[TRACE] script - #out(`I`) [token]
2021-11-21T23:53:25,044|[TRACE] graph - <------- nonSkippedChar
2021-11-21T23:53:25,044|[TRACE] graph - <----- statementPart
2021-11-21T23:53:25,044|[TRACE] graph - -----> statementPart
2021-11-21T23:53:25,044|[TRACE] graph - -------> nonSkippedChar
2021-11-21T23:53:25,044|[TRACE] script - #out(`G`) [token]
2021-11-21T23:53:25,044|[TRACE] graph - <------- nonSkippedChar
2021-11-21T23:53:25,044|[TRACE] graph - <----- statementPart
2021-11-21T23:53:25,044|[TRACE] graph - -----> statementPart
2021-11-21T23:53:25,044|[TRACE] graph - -------> nonSkippedChar
2021-11-21T23:53:25,044|[TRACE] script - #out(`I`) [token]
2021-11-21T23:53:25,044|[TRACE] graph - <------- nonSkippedChar
2021-11-21T23:53:25,044|[TRACE] graph - <----- statementPart
2021-11-21T23:53:25,044|[TRACE] graph - -----> statementPart
2021-11-21T23:53:25,044|[TRACE] graph - -------> nonSkippedChar
2021-11-21T23:53:25,044|[TRACE] script - #out(`N`) [token]
2021-11-21T23:53:25,044|[TRACE] graph - <------- nonSkippedChar
2021-11-21T23:53:25,044|[TRACE] graph - <----- statementPart
2021-11-21T23:53:25,044|[TRACE] graph - -----> statementPart
2021-11-21T23:53:25,044|[TRACE] graph - -------> nonSkippedChar
2021-11-21T23:53:25,044|[TRACE] script - #out(`T`) [token]
2021-11-21T23:53:25,044|[TRACE] graph - <------- nonSkippedChar
2021-11-21T23:53:25,044|[TRACE] graph - <----- statementPart
2021-11-21T23:53:25,044|[TRACE] graph - -----> statementPart
2021-11-21T23:53:25,044|[TRACE] graph - -------> nonSkippedSpace
2021-11-21T23:53:25,044|[TRACE] script - #out(` `) [token]
2021-11-21T23:53:25,044|[TRACE] graph - <------- nonSkippedSpace
2021-11-21T23:53:25,044|[TRACE] graph - <----- statementPart
2021-11-21T23:53:25,044|[TRACE] graph - -----> statementPart
2021-11-21T23:53:25,044|[TRACE] graph - -------> nonSkippedChar
2021-11-21T23:53:25,044|[TRACE] script - #out(`N`) [token]
2021-11-21T23:53:25,044|[TRACE] graph - <------- nonSkippedChar
2021-11-21T23:53:25,044|[TRACE] graph - <----- statementPart
2021-11-21T23:53:25,044|[TRACE] graph - -----> statementPart
2021-11-21T23:53:25,044|[TRACE] graph - -------> nonSkippedChar
2021-11-21T23:53:25,044|[TRACE] script - #out(`O`) [token]
2021-11-21T23:53:25,044|[TRACE] graph - <------- nonSkippedChar
2021-11-21T23:53:25,044|[TRACE] graph - <----- statementPart
2021-11-21T23:53:25,083|[TRACE] graph - -----> statementPart
2021-11-21T23:53:25,083|[TRACE] graph - -------> nonSkippedChar
2021-11-21T23:53:25,083|[TRACE] script - #out(`T`) [token]
2021-11-21T23:53:25,083|[TRACE] graph - <------- nonSkippedChar
2021-11-21T23:53:25,083|[TRACE] graph - <----- statementPart
2021-11-21T23:53:25,083|[TRACE] graph - -----> statementPart
2021-11-21T23:53:25,083|[TRACE] graph - -------> nonSkippedSpace
2021-11-21T23:53:25,083|[TRACE] script - #out(` `) [token]
2021-11-21T23:53:25,083|[TRACE] graph - <------- nonSkippedSpace
2021-11-21T23:53:25,083|[TRACE] graph - <----- statementPart
2021-11-21T23:53:25,083|[TRACE] graph - -----> statementPart
2021-11-21T23:53:25,083|[TRACE] graph - -------> nonSkippedChar
2021-11-21T23:53:25,083|[TRACE] script - #out(`N`) [token]
2021-11-21T23:53:25,083|[TRACE] graph - <------- nonSkippedChar
2021-11-21T23:53:25,083|[TRACE] graph - <----- statementPart
2021-11-21T23:53:25,083|[TRACE] graph - -----> statementPart
2021-11-21T23:53:25,083|[TRACE] graph - -------> nonSkippedChar
2021-11-21T23:53:25,083|[TRACE] script - #out(`U`) [token]
2021-11-21T23:53:25,083|[TRACE] graph - <------- nonSkippedChar
2021-11-21T23:53:25,083|[TRACE] graph - <----- statementPart
2021-11-21T23:53:25,083|[TRACE] graph - -----> statementPart
2021-11-21T23:53:25,083|[TRACE] graph - -------> nonSkippedChar
2021-11-21T23:53:25,083|[TRACE] script - #out(`L`) [token]
2021-11-21T23:53:25,083|[TRACE] graph - <------- nonSkippedChar
2021-11-21T23:53:25,083|[TRACE] graph - <----- statementPart
2021-11-21T23:53:25,083|[TRACE] graph - -----> statementPart
2021-11-21T23:53:25,083|[TRACE] graph - -------> nonSkippedChar
2021-11-21T23:53:25,083|[TRACE] script - #out(`L`) [token]
2021-11-21T23:53:25,083|[TRACE] graph - <------- nonSkippedChar
2021-11-21T23:53:25,083|[TRACE] graph - <----- statementPart
2021-11-21T23:53:25,083|[TRACE] graph - -----> statementPart
2021-11-21T23:53:25,083|[TRACE] graph - -------> nonSkippedSpace
2021-11-21T23:53:25,083|[TRACE] script - #out(` `) [token]
2021-11-21T23:53:25,083|[TRACE] graph - <------- nonSkippedSpace
2021-11-21T23:53:25,083|[TRACE] graph - <----- statementPart
2021-11-21T23:53:25,083|[TRACE] graph - -----> statementPart
2021-11-21T23:53:25,083|[TRACE] graph - -------> nonSkippedChar
2021-11-21T23:53:25,083|[TRACE] script - #out(`D`) [token]
2021-11-21T23:53:25,083|[TRACE] graph - <------- nonSkippedChar
2021-11-21T23:53:25,083|[TRACE] graph - <----- statementPart
2021-11-21T23:53:25,083|[TRACE] graph - -----> statementPart
2021-11-21T23:53:25,083|[TRACE] graph - -------> nonSkippedChar
2021-11-21T23:53:25,083|[TRACE] script - #out(`E`) [token]
2021-11-21T23:53:25,083|[TRACE] graph - <------- nonSkippedChar
2021-11-21T23:53:25,083|[TRACE] graph - <----- statementPart
2021-11-21T23:53:25,083|[TRACE] graph - -----> statementPart
2021-11-21T23:53:25,083|[TRACE] graph - -------> nonSkippedChar
2021-11-21T23:53:25,083|[TRACE] script - #out(`F`) [token]
2021-11-21T23:53:25,083|[TRACE] graph - <------- nonSkippedChar
2021-11-21T23:53:25,083|[TRACE] graph - <----- statementPart
2021-11-21T23:53:25,083|[TRACE] graph - -----> statementPart
2021-11-21T23:53:25,083|[TRACE] graph - -------> nonSkippedChar
2021-11-21T23:53:25,083|[TRACE] script - #out(`A`) [token]
2021-11-21T23:53:25,083|[TRACE] graph - <------- nonSkippedChar
2021-11-21T23:53:25,083|[TRACE] graph - <----- statementPart
2021-11-21T23:53:25,083|[TRACE] graph - -----> statementPart
2021-11-21T23:53:25,083|[TRACE] graph - -------> nonSkippedChar
2021-11-21T23:53:25,083|[TRACE] script - #out(`U`) [token]
2021-11-21T23:53:25,083|[TRACE] graph - <------- nonSkippedChar
2021-11-21T23:53:25,083|[TRACE] graph - <----- statementPart
2021-11-21T23:53:25,083|[TRACE] graph - -----> statementPart
2021-11-21T23:53:25,083|[TRACE] graph - -------> nonSkippedChar
2021-11-21T23:53:25,083|[TRACE] script - #out(`L`) [token]
2021-11-21T23:53:25,083|[TRACE] graph - <------- nonSkippedChar
2021-11-21T23:53:25,083|[TRACE] graph - <----- statementPart
2021-11-21T23:53:25,083|[TRACE] graph - -----> statementPart
2021-11-21T23:53:25,083|[TRACE] graph - -------> nonSkippedChar
2021-11-21T23:53:25,083|[TRACE] script - #out(`T`) [token]
2021-11-21T23:53:25,083|[TRACE] graph - <------- nonSkippedChar
2021-11-21T23:53:25,083|[TRACE] graph - <----- statementPart
2021-11-21T23:53:25,083|[TRACE] graph - -----> statementPart
2021-11-21T23:53:25,083|[TRACE] graph - -------> nonSkippedSpace
2021-11-21T23:53:25,083|[TRACE] script - #out(` `) [token]
2021-11-21T23:53:25,083|[TRACE] graph - <------- nonSkippedSpace
2021-11-21T23:53:25,083|[TRACE] graph - <----- statementPart
2021-11-21T23:53:25,083|[TRACE] graph - -----> statementPart
2021-11-21T23:53:25,083|[TRACE] graph - -------> nonSkippedChar
2021-11-21T23:53:25,083|[TRACE] script - #out(`(`) [token]
2021-11-21T23:53:25,083|[TRACE] graph - <------- nonSkippedChar
2021-11-21T23:53:25,083|[TRACE] graph - <----- statementPart
2021-11-21T23:53:25,083|[TRACE] graph - -----> statementPart
2021-11-21T23:53:25,083|[TRACE] graph - -------> nonSkippedChar
2021-11-21T23:53:25,083|[TRACE] script - #out(`u`) [token]
2021-11-21T23:53:25,083|[TRACE] graph - <------- nonSkippedChar
2021-11-21T23:53:25,083|[TRACE] graph - <----- statementPart
2021-11-21T23:53:25,083|[TRACE] graph - -----> statementPart
2021-11-21T23:53:25,083|[TRACE] graph - -------> nonSkippedChar
2021-11-21T23:53:25,083|[TRACE] script - #out(`n`) [token]
2021-11-21T23:53:25,083|[TRACE] graph - <------- nonSkippedChar
2021-11-21T23:53:25,083|[TRACE] graph - <----- statementPart
2021-11-21T23:53:25,083|[TRACE] graph - -----> statementPart
2021-11-21T23:53:25,083|[TRACE] graph - -------> nonSkippedChar
2021-11-21T23:53:25,083|[TRACE] script - #out(`i`) [token]
2021-11-21T23:53:25,083|[TRACE] graph - <------- nonSkippedChar
2021-11-21T23:53:25,083|[TRACE] graph - <----- statementPart
2021-11-21T23:53:25,083|[TRACE] graph - -----> statementPart
2021-11-21T23:53:25,083|[TRACE] graph - -------> nonSkippedChar
2021-11-21T23:53:25,083|[TRACE] script - #out(`x`) [token]
2021-11-21T23:53:25,083|[TRACE] graph - <------- nonSkippedChar
2021-11-21T23:53:25,083|[TRACE] graph - <----- statementPart
2021-11-21T23:53:25,083|[TRACE] graph - -----> statementPart
2021-11-21T23:53:25,083|[TRACE] graph - -------> nonSkippedChar
2021-11-21T23:53:25,083|[TRACE] script - #out(`_`) [token]
2021-11-21T23:53:25,083|[TRACE] graph - <------- nonSkippedChar
2021-11-21T23:53:25,083|[TRACE] graph - <----- statementPart
2021-11-21T23:53:25,083|[TRACE] graph - -----> statementPart
2021-11-21T23:53:25,083|[TRACE] graph - -------> nonSkippedChar
2021-11-21T23:53:25,083|[TRACE] script - #out(`t`) [token]
2021-11-21T23:53:25,083|[TRACE] graph - <------- nonSkippedChar
2021-11-21T23:53:25,083|[TRACE] graph - <----- statementPart
2021-11-21T23:53:25,083|[TRACE] graph - -----> statementPart
2021-11-21T23:53:25,083|[TRACE] graph - -------> nonSkippedChar
2021-11-21T23:53:25,083|[TRACE] script - #out(`i`) [token]
2021-11-21T23:53:25,083|[TRACE] graph - <------- nonSkippedChar
2021-11-21T23:53:25,083|[TRACE] graph - <----- statementPart
2021-11-21T23:53:25,083|[TRACE] graph - -----> statementPart
2021-11-21T23:53:25,083|[TRACE] graph - -------> nonSkippedChar
2021-11-21T23:53:25,083|[TRACE] script - #out(`m`) [token]
2021-11-21T23:53:25,083|[TRACE] graph - <------- nonSkippedChar
2021-11-21T23:53:25,083|[TRACE] graph - <----- statementPart
2021-11-21T23:53:25,083|[TRACE] graph - -----> statementPart
2021-11-21T23:53:25,083|[TRACE] graph - -------> nonSkippedChar
2021-11-21T23:53:25,083|[TRACE] script - #out(`e`) [token]
2021-11-21T23:53:25,083|[TRACE] graph - <------- nonSkippedChar
2021-11-21T23:53:25,083|[TRACE] graph - <----- statementPart
2021-11-21T23:53:25,083|[TRACE] graph - -----> statementPart
2021-11-21T23:53:25,083|[TRACE] graph - -------> nonSkippedChar
2021-11-21T23:53:25,083|[TRACE] script - #out(`s`) [token]
2021-11-21T23:53:25,083|[TRACE] graph - <------- nonSkippedChar
2021-11-21T23:53:25,083|[TRACE] graph - <----- statementPart
2021-11-21T23:53:25,084|[TRACE] graph - -----> statementPart
2021-11-21T23:53:25,084|[TRACE] graph - -------> nonSkippedChar
2021-11-21T23:53:25,084|[TRACE] script - #out(`t`) [token]
2021-11-21T23:53:25,084|[TRACE] graph - <------- nonSkippedChar
2021-11-21T23:53:25,084|[TRACE] graph - <----- statementPart
2021-11-21T23:53:25,084|[TRACE] graph - -----> statementPart
2021-11-21T23:53:25,084|[TRACE] graph - -------> nonSkippedChar
2021-11-21T23:53:25,084|[TRACE] script - #out(`a`) [token]
2021-11-21T23:53:25,084|[TRACE] graph - <------- nonSkippedChar
2021-11-21T23:53:25,084|[TRACE] graph - <----- statementPart
2021-11-21T23:53:25,084|[TRACE] graph - -----> statementPart
2021-11-21T23:53:25,084|[TRACE] graph - -------> nonSkippedChar
2021-11-21T23:53:25,084|[TRACE] script - #out(`m`) [token]
2021-11-21T23:53:25,084|[TRACE] graph - <------- nonSkippedChar
2021-11-21T23:53:25,084|[TRACE] graph - <----- statementPart
2021-11-21T23:53:25,084|[TRACE] graph - -----> statementPart
2021-11-21T23:53:25,084|[TRACE] graph - -------> nonSkippedChar
2021-11-21T23:53:25,084|[TRACE] script - #out(`p`) [token]
2021-11-21T23:53:25,084|[TRACE] graph - <------- nonSkippedChar
2021-11-21T23:53:25,084|[TRACE] graph - <----- statementPart
2021-11-21T23:53:25,084|[TRACE] graph - -----> statementPart
2021-11-21T23:53:25,084|[TRACE] graph - -------> nonSkippedChar
2021-11-21T23:53:25,084|[TRACE] script - #out(`(`) [token]
2021-11-21T23:53:25,084|[TRACE] graph - <------- nonSkippedChar
2021-11-21T23:53:25,084|[TRACE] graph - <----- statementPart
2021-11-21T23:53:25,084|[TRACE] graph - -----> statementPart
2021-11-21T23:53:25,084|[TRACE] graph - -------> nonSkippedChar
2021-11-21T23:53:25,084|[TRACE] script - #out(`n`) [token]
2021-11-21T23:53:25,084|[TRACE] graph - <------- nonSkippedChar
2021-11-21T23:53:25,084|[TRACE] graph - <----- statementPart
2021-11-21T23:53:25,084|[TRACE] graph - -----> statementPart
2021-11-21T23:53:25,084|[TRACE] graph - -------> nonSkippedChar
2021-11-21T23:53:25,084|[TRACE] script - #out(`o`) [token]
2021-11-21T23:53:25,084|[TRACE] graph - <------- nonSkippedChar
2021-11-21T23:53:25,084|[TRACE] graph - <----- statementPart
2021-11-21T23:53:25,084|[TRACE] graph - -----> statementPart
2021-11-21T23:53:25,084|[TRACE] graph - -------> nonSkippedChar
2021-11-21T23:53:25,084|[TRACE] script - #out(`w`) [token]
2021-11-21T23:53:25,084|[TRACE] graph - <------- nonSkippedChar
2021-11-21T23:53:25,084|[TRACE] graph - <----- statementPart
2021-11-21T23:53:25,084|[TRACE] graph - -----> statementPart
2021-11-21T23:53:25,084|[TRACE] graph - -------> nonSkippedChar
2021-11-21T23:53:25,084|[TRACE] script - #out(`(`) [token]
2021-11-21T23:53:25,084|[TRACE] graph - <------- nonSkippedChar
2021-11-21T23:53:25,084|[TRACE] graph - <----- statementPart
2021-11-21T23:53:25,084|[TRACE] graph - -----> statementPart
2021-11-21T23:53:25,084|[TRACE] graph - -------> nonSkippedChar
2021-11-21T23:53:25,084|[TRACE] script - #out(`)`) [token]
2021-11-21T23:53:25,084|[TRACE] graph - <------- nonSkippedChar
2021-11-21T23:53:25,084|[TRACE] graph - <----- statementPart
2021-11-21T23:53:25,084|[TRACE] graph - -----> statementPart
2021-11-21T23:53:25,084|[TRACE] graph - -------> nonSkippedChar
2021-11-21T23:53:25,084|[TRACE] script - #out(`)`) [token]
2021-11-21T23:53:25,084|[TRACE] graph - <------- nonSkippedChar
2021-11-21T23:53:25,084|[TRACE] graph - <----- statementPart
2021-11-21T23:53:25,084|[TRACE] graph - -----> statementPart
2021-11-21T23:53:25,084|[TRACE] graph - -------> nonSkippedSpace
2021-11-21T23:53:25,084|[TRACE] script - #out(` `) [token]
2021-11-21T23:53:25,084|[TRACE] graph - <------- nonSkippedSpace
2021-11-21T23:53:25,084|[TRACE] graph - <----- statementPart
2021-11-21T23:53:25,084|[TRACE] graph - -----> statementPart
2021-11-21T23:53:25,084|[TRACE] graph - -------> nonSkippedChar
2021-11-21T23:53:25,084|[TRACE] script - #out(`*`) [token]
2021-11-21T23:53:25,084|[TRACE] graph - <------- nonSkippedChar
2021-11-21T23:53:25,084|[TRACE] graph - <----- statementPart
2021-11-21T23:53:25,084|[TRACE] graph - -----> statementPart
2021-11-21T23:53:25,084|[TRACE] graph - -------> nonSkippedSpace
2021-11-21T23:53:25,084|[TRACE] script - #out(` `) [token]
2021-11-21T23:53:25,084|[TRACE] graph - <------- nonSkippedSpace
2021-11-21T23:53:25,084|[TRACE] graph - <----- statementPart
2021-11-21T23:53:25,084|[TRACE] graph - -----> statementPart
2021-11-21T23:53:25,084|[TRACE] graph - -------> nonSkippedChar
2021-11-21T23:53:25,084|[TRACE] script - #out(`1`) [token]
2021-11-21T23:53:25,084|[TRACE] graph - <------- nonSkippedChar
2021-11-21T23:53:25,084|[TRACE] graph - <----- statementPart
2021-11-21T23:53:25,084|[TRACE] graph - -----> statementPart
2021-11-21T23:53:25,084|[TRACE] graph - -------> nonSkippedChar
2021-11-21T23:53:25,084|[TRACE] script - #out(`0`) [token]
2021-11-21T23:53:25,084|[TRACE] graph - <------- nonSkippedChar
2021-11-21T23:53:25,084|[TRACE] graph - <----- statementPart
2021-11-21T23:53:25,084|[TRACE] graph - -----> statementPart
2021-11-21T23:53:25,084|[TRACE] graph - -------> nonSkippedChar
2021-11-21T23:53:25,084|[TRACE] script - #out(`0`) [token]
2021-11-21T23:53:25,084|[TRACE] graph - <------- nonSkippedChar
2021-11-21T23:53:25,084|[TRACE] graph - <----- statementPart
2021-11-21T23:53:25,084|[TRACE] graph - -----> statementPart
2021-11-21T23:53:25,084|[TRACE] graph - -------> nonSkippedChar
2021-11-21T23:53:25,084|[TRACE] script - #out(`0`) [token]
2021-11-21T23:53:25,084|[TRACE] graph - <------- nonSkippedChar
2021-11-21T23:53:25,084|[TRACE] graph - <----- statementPart
2021-11-21T23:53:25,084|[TRACE] graph - -----> statementPart
2021-11-21T23:53:25,084|[TRACE] graph - -------> nonSkippedChar
2021-11-21T23:53:25,084|[TRACE] script - #out(`)`) [token]
2021-11-21T23:53:25,084|[TRACE] graph - <------- nonSkippedChar
2021-11-21T23:53:25,084|[TRACE] graph - <----- statementPart
2021-11-21T23:53:25,084|[TRACE] graph - -----> statementPart
2021-11-21T23:53:25,084|[TRACE] graph - -------> nonSkippedChar
2021-11-21T23:53:25,084|[TRACE] script - #out(`,`) [token]
2021-11-21T23:53:25,084|[TRACE] graph - <------- nonSkippedChar
2021-11-21T23:53:25,084|[TRACE] graph - <----- statementPart
2021-11-21T23:53:25,084|[TRACE] graph - -----> afterStatementPartNewline
2021-11-21T23:53:25,084|[TRACE] script - #out(` `) [text]
2021-11-21T23:53:25,084|[TRACE] graph - <----- afterStatementPartNewline
2021-11-21T23:53:25,084|[TRACE] graph - -----> statementPart
2021-11-21T23:53:25,084|[TRACE] graph - -------> nonSkippedSpace
2021-11-21T23:53:25,084|[TRACE] script - #out(` `) [token]
2021-11-21T23:53:25,084|[TRACE] graph - <------- nonSkippedSpace
2021-11-21T23:53:25,084|[TRACE] graph - <----- statementPart
2021-11-21T23:53:25,084|[TRACE] graph - -----> statementPart
2021-11-21T23:53:25,084|[TRACE] graph - -------> nonSkippedSpace
2021-11-21T23:53:25,084|[TRACE] script - #out(` `) [token]
2021-11-21T23:53:25,084|[TRACE] graph - <------- nonSkippedSpace
2021-11-21T23:53:25,084|[TRACE] graph - <----- statementPart
2021-11-21T23:53:25,084|[TRACE] graph - -----> statementPart
2021-11-21T23:53:25,084|[TRACE] graph - -------> quotedString
2021-11-21T23:53:25,084|[TRACE] script - #out(``updated``) [token]
2021-11-21T23:53:25,084|[TRACE] graph - <------- quotedString
2021-11-21T23:53:25,084|[TRACE] graph - <----- statementPart
2021-11-21T23:53:25,084|[TRACE] graph - -----> statementPart
2021-11-21T23:53:25,084|[TRACE] graph - -------> nonSkippedSpace
2021-11-21T23:53:25,084|[TRACE] script - #out(` `) [token]
2021-11-21T23:53:25,084|[TRACE] graph - <------- nonSkippedSpace
2021-11-21T23:53:25,084|[TRACE] graph - <----- statementPart
2021-11-21T23:53:25,084|[TRACE] graph - -----> statementPart
2021-11-21T23:53:25,084|[TRACE] graph - -------> nonSkippedChar
2021-11-21T23:53:25,084|[TRACE] script - #out(`B`) [token]
2021-11-21T23:53:25,084|[TRACE] graph - <------- nonSkippedChar
2021-11-21T23:53:25,084|[TRACE] graph - <----- statementPart
2021-11-21T23:53:25,084|[TRACE] graph - -----> statementPart
2021-11-21T23:53:25,084|[TRACE] graph - -------> nonSkippedChar
2021-11-21T23:53:25,084|[TRACE] script - #out(`I`) [token]
2021-11-21T23:53:25,084|[TRACE] graph - <------- nonSkippedChar
2021-11-21T23:53:25,084|[TRACE] graph - <----- statementPart
2021-11-21T23:53:25,084|[TRACE] graph - -----> statementPart
2021-11-21T23:53:25,084|[TRACE] graph - -------> nonSkippedChar
2021-11-21T23:53:25,084|[TRACE] script - #out(`G`) [token]
2021-11-21T23:53:25,084|[TRACE] graph - <------- nonSkippedChar
2021-11-21T23:53:25,084|[TRACE] graph - <----- statementPart
2021-11-21T23:53:25,084|[TRACE] graph - -----> statementPart
2021-11-21T23:53:25,084|[TRACE] graph - -------> nonSkippedChar
2021-11-21T23:53:25,084|[TRACE] script - #out(`I`) [token]
2021-11-21T23:53:25,084|[TRACE] graph - <------- nonSkippedChar
2021-11-21T23:53:25,084|[TRACE] graph - <----- statementPart
2021-11-21T23:53:25,084|[TRACE] graph - -----> statementPart
2021-11-21T23:53:25,084|[TRACE] graph - -------> nonSkippedChar
2021-11-21T23:53:25,084|[TRACE] script - #out(`N`) [token]
2021-11-21T23:53:25,084|[TRACE] graph - <------- nonSkippedChar
2021-11-21T23:53:25,084|[TRACE] graph - <----- statementPart
2021-11-21T23:53:25,084|[TRACE] graph - -----> statementPart
2021-11-21T23:53:25,084|[TRACE] graph - -------> nonSkippedChar
2021-11-21T23:53:25,084|[TRACE] script - #out(`T`) [token]
2021-11-21T23:53:25,084|[TRACE] graph - <------- nonSkippedChar
2021-11-21T23:53:25,084|[TRACE] graph - <----- statementPart
2021-11-21T23:53:25,084|[TRACE] graph - -----> statementPart
2021-11-21T23:53:25,084|[TRACE] graph - -------> nonSkippedSpace
2021-11-21T23:53:25,084|[TRACE] script - #out(` `) [token]
2021-11-21T23:53:25,084|[TRACE] graph - <------- nonSkippedSpace
2021-11-21T23:53:25,084|[TRACE] graph - <----- statementPart
2021-11-21T23:53:25,084|[TRACE] graph - -----> statementPart
2021-11-21T23:53:25,084|[TRACE] graph - -------> nonSkippedChar
2021-11-21T23:53:25,084|[TRACE] script - #out(`N`) [token]
2021-11-21T23:53:25,084|[TRACE] graph - <------- nonSkippedChar
2021-11-21T23:53:25,084|[TRACE] graph - <----- statementPart
2021-11-21T23:53:25,084|[TRACE] graph - -----> statementPart
2021-11-21T23:53:25,084|[TRACE] graph - -------> nonSkippedChar
2021-11-21T23:53:25,084|[TRACE] script - #out(`O`) [token]
2021-11-21T23:53:25,084|[TRACE] graph - <------- nonSkippedChar
2021-11-21T23:53:25,084|[TRACE] graph - <----- statementPart
2021-11-21T23:53:25,084|[TRACE] graph - -----> statementPart
2021-11-21T23:53:25,084|[TRACE] graph - -------> nonSkippedChar
2021-11-21T23:53:25,084|[TRACE] script - #out(`T`) [token]
2021-11-21T23:53:25,084|[TRACE] graph - <------- nonSkippedChar
2021-11-21T23:53:25,084|[TRACE] graph - <----- statementPart
2021-11-21T23:53:25,084|[TRACE] graph - -----> statementPart
2021-11-21T23:53:25,084|[TRACE] graph - -------> nonSkippedSpace
2021-11-21T23:53:25,084|[TRACE] script - #out(` `) [token]
2021-11-21T23:53:25,084|[TRACE] graph - <------- nonSkippedSpace
2021-11-21T23:53:25,084|[TRACE] graph - <----- statementPart
2021-11-21T23:53:25,084|[TRACE] graph - -----> statementPart
2021-11-21T23:53:25,084|[TRACE] graph - -------> nonSkippedChar
2021-11-21T23:53:25,084|[TRACE] script - #out(`N`) [token]
2021-11-21T23:53:25,084|[TRACE] graph - <------- nonSkippedChar
2021-11-21T23:53:25,084|[TRACE] graph - <----- statementPart
2021-11-21T23:53:25,084|[TRACE] graph - -----> statementPart
2021-11-21T23:53:25,084|[TRACE] graph - -------> nonSkippedChar
2021-11-21T23:53:25,084|[TRACE] script - #out(`U`) [token]
2021-11-21T23:53:25,084|[TRACE] graph - <------- nonSkippedChar
2021-11-21T23:53:25,084|[TRACE] graph - <----- statementPart
2021-11-21T23:53:25,084|[TRACE] graph - -----> statementPart
2021-11-21T23:53:25,084|[TRACE] graph - -------> nonSkippedChar
2021-11-21T23:53:25,084|[TRACE] script - #out(`L`) [token]
2021-11-21T23:53:25,084|[TRACE] graph - <------- nonSkippedChar
2021-11-21T23:53:25,084|[TRACE] graph - <----- statementPart
2021-11-21T23:53:25,084|[TRACE] graph - -----> statementPart
2021-11-21T23:53:25,084|[TRACE] graph - -------> nonSkippedChar
2021-11-21T23:53:25,084|[TRACE] script - #out(`L`) [token]
2021-11-21T23:53:25,084|[TRACE] graph - <------- nonSkippedChar
2021-11-21T23:53:25,084|[TRACE] graph - <----- statementPart
2021-11-21T23:53:25,084|[TRACE] graph - -----> statementPart
2021-11-21T23:53:25,084|[TRACE] graph - -------> nonSkippedSpace
2021-11-21T23:53:25,084|[TRACE] script - #out(` `) [token]
2021-11-21T23:53:25,084|[TRACE] graph - <------- nonSkippedSpace
2021-11-21T23:53:25,084|[TRACE] graph - <----- statementPart
2021-11-21T23:53:25,084|[TRACE] graph - -----> statementPart
2021-11-21T23:53:25,084|[TRACE] graph - -------> nonSkippedChar
2021-11-21T23:53:25,084|[TRACE] script - #out(`D`) [token]
2021-11-21T23:53:25,084|[TRACE] graph - <------- nonSkippedChar
2021-11-21T23:53:25,084|[TRACE] graph - <----- statementPart
2021-11-21T23:53:25,084|[TRACE] graph - -----> statementPart
2021-11-21T23:53:25,084|[TRACE] graph - -------> nonSkippedChar
2021-11-21T23:53:25,084|[TRACE] script - #out(`E`) [token]
2021-11-21T23:53:25,084|[TRACE] graph - <------- nonSkippedChar
2021-11-21T23:53:25,084|[TRACE] graph - <----- statementPart
2021-11-21T23:53:25,084|[TRACE] graph - -----> statementPart
2021-11-21T23:53:25,084|[TRACE] graph - -------> nonSkippedChar
2021-11-21T23:53:25,084|[TRACE] script - #out(`F`) [token]
2021-11-21T23:53:25,084|[TRACE] graph - <------- nonSkippedChar
2021-11-21T23:53:25,084|[TRACE] graph - <----- statementPart
2021-11-21T23:53:25,084|[TRACE] graph - -----> statementPart
2021-11-21T23:53:25,084|[TRACE] graph - -------> nonSkippedChar
2021-11-21T23:53:25,084|[TRACE] script - #out(`A`) [token]
2021-11-21T23:53:25,084|[TRACE] graph - <------- nonSkippedChar
2021-11-21T23:53:25,084|[TRACE] graph - <----- statementPart
2021-11-21T23:53:25,084|[TRACE] graph - -----> statementPart
2021-11-21T23:53:25,084|[TRACE] graph - -------> nonSkippedChar
2021-11-21T23:53:25,084|[TRACE] script - #out(`U`) [token]
2021-11-21T23:53:25,084|[TRACE] graph - <------- nonSkippedChar
2021-11-21T23:53:25,084|[TRACE] graph - <----- statementPart
2021-11-21T23:53:25,084|[TRACE] graph - -----> statementPart
2021-11-21T23:53:25,084|[TRACE] graph - -------> nonSkippedChar
2021-11-21T23:53:25,084|[TRACE] script - #out(`L`) [token]
2021-11-21T23:53:25,084|[TRACE] graph - <------- nonSkippedChar
2021-11-21T23:53:25,084|[TRACE] graph - <----- statementPart
2021-11-21T23:53:25,084|[TRACE] graph - -----> statementPart
2021-11-21T23:53:25,084|[TRACE] graph - -------> nonSkippedChar
2021-11-21T23:53:25,084|[TRACE] script - #out(`T`) [token]
2021-11-21T23:53:25,084|[TRACE] graph - <------- nonSkippedChar
2021-11-21T23:53:25,084|[TRACE] graph - <----- statementPart
2021-11-21T23:53:25,084|[TRACE] graph - -----> statementPart
2021-11-21T23:53:25,084|[TRACE] graph - -------> nonSkippedSpace
2021-11-21T23:53:25,084|[TRACE] script - #out(` `) [token]
2021-11-21T23:53:25,084|[TRACE] graph - <------- nonSkippedSpace
2021-11-21T23:53:25,084|[TRACE] graph - <----- statementPart
2021-11-21T23:53:25,084|[TRACE] graph - -----> statementPart
2021-11-21T23:53:25,084|[TRACE] graph - -------> nonSkippedChar
2021-11-21T23:53:25,084|[TRACE] script - #out(`(`) [token]
2021-11-21T23:53:25,084|[TRACE] graph - <------- nonSkippedChar
2021-11-21T23:53:25,084|[TRACE] graph - <----- statementPart
2021-11-21T23:53:25,084|[TRACE] graph - -----> statementPart
2021-11-21T23:53:25,084|[TRACE] graph - -------> nonSkippedChar
2021-11-21T23:53:25,084|[TRACE] script - #out(`u`) [token]
2021-11-21T23:53:25,084|[TRACE] graph - <------- nonSkippedChar
2021-11-21T23:53:25,084|[TRACE] graph - <----- statementPart
2021-11-21T23:53:25,084|[TRACE] graph - -----> statementPart
2021-11-21T23:53:25,084|[TRACE] graph - -------> nonSkippedChar
2021-11-21T23:53:25,084|[TRACE] script - #out(`n`) [token]
2021-11-21T23:53:25,084|[TRACE] graph - <------- nonSkippedChar
2021-11-21T23:53:25,084|[TRACE] graph - <----- statementPart
2021-11-21T23:53:25,084|[TRACE] graph - -----> statementPart
2021-11-21T23:53:25,084|[TRACE] graph - -------> nonSkippedChar
2021-11-21T23:53:25,084|[TRACE] script - #out(`i`) [token]
2021-11-21T23:53:25,084|[TRACE] graph - <------- nonSkippedChar
2021-11-21T23:53:25,084|[TRACE] graph - <----- statementPart
2021-11-21T23:53:25,084|[TRACE] graph - -----> statementPart
2021-11-21T23:53:25,084|[TRACE] graph - -------> nonSkippedChar
2021-11-21T23:53:25,084|[TRACE] script - #out(`x`) [token]
2021-11-21T23:53:25,084|[TRACE] graph - <------- nonSkippedChar
2021-11-21T23:53:25,084|[TRACE] graph - <----- statementPart
2021-11-21T23:53:25,084|[TRACE] graph - -----> statementPart
2021-11-21T23:53:25,084|[TRACE] graph - -------> nonSkippedChar
2021-11-21T23:53:25,084|[TRACE] script - #out(`_`) [token]
2021-11-21T23:53:25,084|[TRACE] graph - <------- nonSkippedChar
2021-11-21T23:53:25,084|[TRACE] graph - <----- statementPart
2021-11-21T23:53:25,084|[TRACE] graph - -----> statementPart
2021-11-21T23:53:25,084|[TRACE] graph - -------> nonSkippedChar
2021-11-21T23:53:25,084|[TRACE] script - #out(`t`) [token]
2021-11-21T23:53:25,084|[TRACE] graph - <------- nonSkippedChar
2021-11-21T23:53:25,084|[TRACE] graph - <----- statementPart
2021-11-21T23:53:25,084|[TRACE] graph - -----> statementPart
2021-11-21T23:53:25,084|[TRACE] graph - -------> nonSkippedChar
2021-11-21T23:53:25,084|[TRACE] script - #out(`i`) [token]
2021-11-21T23:53:25,084|[TRACE] graph - <------- nonSkippedChar
2021-11-21T23:53:25,084|[TRACE] graph - <----- statementPart
2021-11-21T23:53:25,084|[TRACE] graph - -----> statementPart
2021-11-21T23:53:25,084|[TRACE] graph - -------> nonSkippedChar
2021-11-21T23:53:25,084|[TRACE] script - #out(`m`) [token]
2021-11-21T23:53:25,084|[TRACE] graph - <------- nonSkippedChar
2021-11-21T23:53:25,084|[TRACE] graph - <----- statementPart
2021-11-21T23:53:25,084|[TRACE] graph - -----> statementPart
2021-11-21T23:53:25,084|[TRACE] graph - -------> nonSkippedChar
2021-11-21T23:53:25,084|[TRACE] script - #out(`e`) [token]
2021-11-21T23:53:25,084|[TRACE] graph - <------- nonSkippedChar
2021-11-21T23:53:25,084|[TRACE] graph - <----- statementPart
2021-11-21T23:53:25,084|[TRACE] graph - -----> statementPart
2021-11-21T23:53:25,084|[TRACE] graph - -------> nonSkippedChar
2021-11-21T23:53:25,084|[TRACE] script - #out(`s`) [token]
2021-11-21T23:53:25,084|[TRACE] graph - <------- nonSkippedChar
2021-11-21T23:53:25,084|[TRACE] graph - <----- statementPart
2021-11-21T23:53:25,084|[TRACE] graph - -----> statementPart
2021-11-21T23:53:25,084|[TRACE] graph - -------> nonSkippedChar
2021-11-21T23:53:25,084|[TRACE] script - #out(`t`) [token]
2021-11-21T23:53:25,084|[TRACE] graph - <------- nonSkippedChar
2021-11-21T23:53:25,084|[TRACE] graph - <----- statementPart
2021-11-21T23:53:25,084|[TRACE] graph - -----> statementPart
2021-11-21T23:53:25,084|[TRACE] graph - -------> nonSkippedChar
2021-11-21T23:53:25,084|[TRACE] script - #out(`a`) [token]
2021-11-21T23:53:25,084|[TRACE] graph - <------- nonSkippedChar
2021-11-21T23:53:25,084|[TRACE] graph - <----- statementPart
2021-11-21T23:53:25,084|[TRACE] graph - -----> statementPart
2021-11-21T23:53:25,084|[TRACE] graph - -------> nonSkippedChar
2021-11-21T23:53:25,084|[TRACE] script - #out(`m`) [token]
2021-11-21T23:53:25,084|[TRACE] graph - <------- nonSkippedChar
2021-11-21T23:53:25,084|[TRACE] graph - <----- statementPart
2021-11-21T23:53:25,084|[TRACE] graph - -----> statementPart
2021-11-21T23:53:25,084|[TRACE] graph - -------> nonSkippedChar
2021-11-21T23:53:25,084|[TRACE] script - #out(`p`) [token]
2021-11-21T23:53:25,084|[TRACE] graph - <------- nonSkippedChar
2021-11-21T23:53:25,084|[TRACE] graph - <----- statementPart
2021-11-21T23:53:25,084|[TRACE] graph - -----> statementPart
2021-11-21T23:53:25,084|[TRACE] graph - -------> nonSkippedChar
2021-11-21T23:53:25,084|[TRACE] script - #out(`(`) [token]
2021-11-21T23:53:25,084|[TRACE] graph - <------- nonSkippedChar
2021-11-21T23:53:25,084|[TRACE] graph - <----- statementPart
2021-11-21T23:53:25,085|[TRACE] graph - -----> statementPart
2021-11-21T23:53:25,085|[TRACE] graph - -------> nonSkippedChar
2021-11-21T23:53:25,085|[TRACE] script - #out(`n`) [token]
2021-11-21T23:53:25,085|[TRACE] graph - <------- nonSkippedChar
2021-11-21T23:53:25,085|[TRACE] graph - <----- statementPart
2021-11-21T23:53:25,085|[TRACE] graph - -----> statementPart
2021-11-21T23:53:25,085|[TRACE] graph - -------> nonSkippedChar
2021-11-21T23:53:25,085|[TRACE] script - #out(`o`) [token]
2021-11-21T23:53:25,085|[TRACE] graph - <------- nonSkippedChar
2021-11-21T23:53:25,085|[TRACE] graph - <----- statementPart
2021-11-21T23:53:25,085|[TRACE] graph - -----> statementPart
2021-11-21T23:53:25,085|[TRACE] graph - -------> nonSkippedChar
2021-11-21T23:53:25,126|[TRACE] script - #out(`w`) [token]
2021-11-21T23:53:25,126|[TRACE] graph - <------- nonSkippedChar
2021-11-21T23:53:25,126|[TRACE] graph - <----- statementPart
2021-11-21T23:53:25,126|[TRACE] graph - -----> statementPart
2021-11-21T23:53:25,126|[TRACE] graph - -------> nonSkippedChar
2021-11-21T23:53:25,126|[TRACE] script - #out(`(`) [token]
2021-11-21T23:53:25,126|[TRACE] graph - <------- nonSkippedChar
2021-11-21T23:53:25,126|[TRACE] graph - <----- statementPart
2021-11-21T23:53:25,126|[TRACE] graph - -----> statementPart
2021-11-21T23:53:25,126|[TRACE] graph - -------> nonSkippedChar
2021-11-21T23:53:25,126|[TRACE] script - #out(`)`) [token]
2021-11-21T23:53:25,126|[TRACE] graph - <------- nonSkippedChar
2021-11-21T23:53:25,126|[TRACE] graph - <----- statementPart
2021-11-21T23:53:25,126|[TRACE] graph - -----> statementPart
2021-11-21T23:53:25,126|[TRACE] graph - -------> nonSkippedChar
2021-11-21T23:53:25,126|[TRACE] script - #out(`)`) [token]
2021-11-21T23:53:25,126|[TRACE] graph - <------- nonSkippedChar
2021-11-21T23:53:25,126|[TRACE] graph - <----- statementPart
2021-11-21T23:53:25,126|[TRACE] graph - -----> statementPart
2021-11-21T23:53:25,126|[TRACE] graph - -------> nonSkippedSpace
2021-11-21T23:53:25,126|[TRACE] script - #out(` `) [token]
2021-11-21T23:53:25,126|[TRACE] graph - <------- nonSkippedSpace
2021-11-21T23:53:25,126|[TRACE] graph - <----- statementPart
2021-11-21T23:53:25,126|[TRACE] graph - -----> statementPart
2021-11-21T23:53:25,126|[TRACE] graph - -------> nonSkippedChar
2021-11-21T23:53:25,126|[TRACE] script - #out(`*`) [token]
2021-11-21T23:53:25,126|[TRACE] graph - <------- nonSkippedChar
2021-11-21T23:53:25,126|[TRACE] graph - <----- statementPart
2021-11-21T23:53:25,126|[TRACE] graph - -----> statementPart
2021-11-21T23:53:25,126|[TRACE] graph - -------> nonSkippedSpace
2021-11-21T23:53:25,126|[TRACE] script - #out(` `) [token]
2021-11-21T23:53:25,126|[TRACE] graph - <------- nonSkippedSpace
2021-11-21T23:53:25,126|[TRACE] graph - <----- statementPart
2021-11-21T23:53:25,126|[TRACE] graph - -----> statementPart
2021-11-21T23:53:25,126|[TRACE] graph - -------> nonSkippedChar
2021-11-21T23:53:25,126|[TRACE] script - #out(`1`) [token]
2021-11-21T23:53:25,126|[TRACE] graph - <------- nonSkippedChar
2021-11-21T23:53:25,126|[TRACE] graph - <----- statementPart
2021-11-21T23:53:25,126|[TRACE] graph - -----> statementPart
2021-11-21T23:53:25,126|[TRACE] graph - -------> nonSkippedChar
2021-11-21T23:53:25,126|[TRACE] script - #out(`0`) [token]
2021-11-21T23:53:25,126|[TRACE] graph - <------- nonSkippedChar
2021-11-21T23:53:25,126|[TRACE] graph - <----- statementPart
2021-11-21T23:53:25,126|[TRACE] graph - -----> statementPart
2021-11-21T23:53:25,126|[TRACE] graph - -------> nonSkippedChar
2021-11-21T23:53:25,126|[TRACE] script - #out(`0`) [token]
2021-11-21T23:53:25,126|[TRACE] graph - <------- nonSkippedChar
2021-11-21T23:53:25,126|[TRACE] graph - <----- statementPart
2021-11-21T23:53:25,126|[TRACE] graph - -----> statementPart
2021-11-21T23:53:25,126|[TRACE] graph - -------> nonSkippedChar
2021-11-21T23:53:25,126|[TRACE] script - #out(`0`) [token]
2021-11-21T23:53:25,126|[TRACE] graph - <------- nonSkippedChar
2021-11-21T23:53:25,126|[TRACE] graph - <----- statementPart
2021-11-21T23:53:25,126|[TRACE] graph - -----> statementPart
2021-11-21T23:53:25,126|[TRACE] graph - -------> nonSkippedChar
2021-11-21T23:53:25,126|[TRACE] script - #out(`)`) [token]
2021-11-21T23:53:25,126|[TRACE] graph - <------- nonSkippedChar
2021-11-21T23:53:25,126|[TRACE] graph - <----- statementPart
2021-11-21T23:53:25,126|[TRACE] graph - -----> statementPart
2021-11-21T23:53:25,126|[TRACE] graph - -------> nonSkippedChar
2021-11-21T23:53:25,126|[TRACE] script - #out(`,`) [token]
2021-11-21T23:53:25,126|[TRACE] graph - <------- nonSkippedChar
2021-11-21T23:53:25,126|[TRACE] graph - <----- statementPart
2021-11-21T23:53:25,126|[TRACE] graph - -----> afterStatementPartNewline
2021-11-21T23:53:25,126|[TRACE] script - #out(` `) [text]
2021-11-21T23:53:25,126|[TRACE] graph - <----- afterStatementPartNewline
2021-11-21T23:53:25,126|[TRACE] graph - -----> statementPart
2021-11-21T23:53:25,126|[TRACE] graph - -------> nonSkippedSpace
2021-11-21T23:53:25,126|[TRACE] script - #out(` `) [token]
2021-11-21T23:53:25,126|[TRACE] graph - <------- nonSkippedSpace
2021-11-21T23:53:25,126|[TRACE] graph - <----- statementPart
2021-11-21T23:53:25,126|[TRACE] graph - -----> statementPart
2021-11-21T23:53:25,126|[TRACE] graph - -------> nonSkippedSpace
2021-11-21T23:53:25,126|[TRACE] script - #out(` `) [token]
2021-11-21T23:53:25,126|[TRACE] graph - <------- nonSkippedSpace
2021-11-21T23:53:25,126|[TRACE] graph - <----- statementPart
2021-11-21T23:53:25,126|[TRACE] graph - -----> statementPart
2021-11-21T23:53:25,126|[TRACE] graph - -------> quotedString
2021-11-21T23:53:25,126|[TRACE] script - #out(``version``) [token]
2021-11-21T23:53:25,126|[TRACE] graph - <------- quotedString
2021-11-21T23:53:25,126|[TRACE] graph - <----- statementPart
2021-11-21T23:53:25,126|[TRACE] graph - -----> statementPart
2021-11-21T23:53:25,126|[TRACE] graph - -------> nonSkippedSpace
2021-11-21T23:53:25,126|[TRACE] script - #out(` `) [token]
2021-11-21T23:53:25,126|[TRACE] graph - <------- nonSkippedSpace
2021-11-21T23:53:25,126|[TRACE] graph - <----- statementPart
2021-11-21T23:53:25,126|[TRACE] graph - -----> statementPart
2021-11-21T23:53:25,126|[TRACE] graph - -------> nonSkippedChar
2021-11-21T23:53:25,126|[TRACE] script - #out(`I`) [token]
2021-11-21T23:53:25,126|[TRACE] graph - <------- nonSkippedChar
2021-11-21T23:53:25,126|[TRACE] graph - <----- statementPart
2021-11-21T23:53:25,126|[TRACE] graph - -----> statementPart
2021-11-21T23:53:25,126|[TRACE] graph - -------> nonSkippedChar
2021-11-21T23:53:25,126|[TRACE] script - #out(`N`) [token]
2021-11-21T23:53:25,126|[TRACE] graph - <------- nonSkippedChar
2021-11-21T23:53:25,126|[TRACE] graph - <----- statementPart
2021-11-21T23:53:25,126|[TRACE] graph - -----> statementPart
2021-11-21T23:53:25,126|[TRACE] graph - -------> nonSkippedChar
2021-11-21T23:53:25,126|[TRACE] script - #out(`T`) [token]
2021-11-21T23:53:25,126|[TRACE] graph - <------- nonSkippedChar
2021-11-21T23:53:25,126|[TRACE] graph - <----- statementPart
2021-11-21T23:53:25,126|[TRACE] graph - -----> statementPart
2021-11-21T23:53:25,126|[TRACE] graph - -------> nonSkippedSpace
2021-11-21T23:53:25,126|[TRACE] script - #out(` `) [token]
2021-11-21T23:53:25,126|[TRACE] graph - <------- nonSkippedSpace
2021-11-21T23:53:25,126|[TRACE] graph - <----- statementPart
2021-11-21T23:53:25,126|[TRACE] graph - -----> statementPart
2021-11-21T23:53:25,126|[TRACE] graph - -------> nonSkippedChar
2021-11-21T23:53:25,126|[TRACE] script - #out(`N`) [token]
2021-11-21T23:53:25,126|[TRACE] graph - <------- nonSkippedChar
2021-11-21T23:53:25,126|[TRACE] graph - <----- statementPart
2021-11-21T23:53:25,126|[TRACE] graph - -----> statementPart
2021-11-21T23:53:25,126|[TRACE] graph - -------> nonSkippedChar
2021-11-21T23:53:25,126|[TRACE] script - #out(`O`) [token]
2021-11-21T23:53:25,126|[TRACE] graph - <------- nonSkippedChar
2021-11-21T23:53:25,126|[TRACE] graph - <----- statementPart
2021-11-21T23:53:25,126|[TRACE] graph - -----> statementPart
2021-11-21T23:53:25,126|[TRACE] graph - -------> nonSkippedChar
2021-11-21T23:53:25,126|[TRACE] script - #out(`T`) [token]
2021-11-21T23:53:25,126|[TRACE] graph - <------- nonSkippedChar
2021-11-21T23:53:25,126|[TRACE] graph - <----- statementPart
2021-11-21T23:53:25,126|[TRACE] graph - -----> statementPart
2021-11-21T23:53:25,126|[TRACE] graph - -------> nonSkippedSpace
2021-11-21T23:53:25,126|[TRACE] script - #out(` `) [token]
2021-11-21T23:53:25,126|[TRACE] graph - <------- nonSkippedSpace
2021-11-21T23:53:25,126|[TRACE] graph - <----- statementPart
2021-11-21T23:53:25,126|[TRACE] graph - -----> statementPart
2021-11-21T23:53:25,126|[TRACE] graph - -------> nonSkippedChar
2021-11-21T23:53:25,126|[TRACE] script - #out(`N`) [token]
2021-11-21T23:53:25,126|[TRACE] graph - <------- nonSkippedChar
2021-11-21T23:53:25,126|[TRACE] graph - <----- statementPart
2021-11-21T23:53:25,126|[TRACE] graph - -----> statementPart
2021-11-21T23:53:25,126|[TRACE] graph - -------> nonSkippedChar
2021-11-21T23:53:25,126|[TRACE] script - #out(`U`) [token]
2021-11-21T23:53:25,126|[TRACE] graph - <------- nonSkippedChar
2021-11-21T23:53:25,126|[TRACE] graph - <----- statementPart
2021-11-21T23:53:25,126|[TRACE] graph - -----> statementPart
2021-11-21T23:53:25,126|[TRACE] graph - -------> nonSkippedChar
2021-11-21T23:53:25,126|[TRACE] script - #out(`L`) [token]
2021-11-21T23:53:25,126|[TRACE] graph - <------- nonSkippedChar
2021-11-21T23:53:25,126|[TRACE] graph - <----- statementPart
2021-11-21T23:53:25,126|[TRACE] graph - -----> statementPart
2021-11-21T23:53:25,126|[TRACE] graph - -------> nonSkippedChar
2021-11-21T23:53:25,126|[TRACE] script - #out(`L`) [token]
2021-11-21T23:53:25,126|[TRACE] graph - <------- nonSkippedChar
2021-11-21T23:53:25,126|[TRACE] graph - <----- statementPart
2021-11-21T23:53:25,126|[TRACE] graph - -----> statementPart
2021-11-21T23:53:25,126|[TRACE] graph - -------> nonSkippedSpace
2021-11-21T23:53:25,126|[TRACE] script - #out(` `) [token]
2021-11-21T23:53:25,126|[TRACE] graph - <------- nonSkippedSpace
2021-11-21T23:53:25,126|[TRACE] graph - <----- statementPart
2021-11-21T23:53:25,126|[TRACE] graph - -----> statementPart
2021-11-21T23:53:25,126|[TRACE] graph - -------> nonSkippedChar
2021-11-21T23:53:25,126|[TRACE] script - #out(`D`) [token]
2021-11-21T23:53:25,126|[TRACE] graph - <------- nonSkippedChar
2021-11-21T23:53:25,126|[TRACE] graph - <----- statementPart
2021-11-21T23:53:25,126|[TRACE] graph - -----> statementPart
2021-11-21T23:53:25,126|[TRACE] graph - -------> nonSkippedChar
2021-11-21T23:53:25,126|[TRACE] script - #out(`E`) [token]
2021-11-21T23:53:25,126|[TRACE] graph - <------- nonSkippedChar
2021-11-21T23:53:25,126|[TRACE] graph - <----- statementPart
2021-11-21T23:53:25,126|[TRACE] graph - -----> statementPart
2021-11-21T23:53:25,126|[TRACE] graph - -------> nonSkippedChar
2021-11-21T23:53:25,126|[TRACE] script - #out(`F`) [token]
2021-11-21T23:53:25,126|[TRACE] graph - <------- nonSkippedChar
2021-11-21T23:53:25,126|[TRACE] graph - <----- statementPart
2021-11-21T23:53:25,126|[TRACE] graph - -----> statementPart
2021-11-21T23:53:25,126|[TRACE] graph - -------> nonSkippedChar
2021-11-21T23:53:25,127|[TRACE] script - #out(`A`) [token]
2021-11-21T23:53:25,127|[TRACE] graph - <------- nonSkippedChar
2021-11-21T23:53:25,127|[TRACE] graph - <----- statementPart
2021-11-21T23:53:25,127|[TRACE] graph - -----> statementPart
2021-11-21T23:53:25,127|[TRACE] graph - -------> nonSkippedChar
2021-11-21T23:53:25,127|[TRACE] script - #out(`U`) [token]
2021-11-21T23:53:25,127|[TRACE] graph - <------- nonSkippedChar
2021-11-21T23:53:25,127|[TRACE] graph - <----- statementPart
2021-11-21T23:53:25,127|[TRACE] graph - -----> statementPart
2021-11-21T23:53:25,127|[TRACE] graph - -------> nonSkippedChar
2021-11-21T23:53:25,127|[TRACE] script - #out(`L`) [token]
2021-11-21T23:53:25,127|[TRACE] graph - <------- nonSkippedChar
2021-11-21T23:53:25,127|[TRACE] graph - <----- statementPart
2021-11-21T23:53:25,127|[TRACE] graph - -----> statementPart
2021-11-21T23:53:25,127|[TRACE] graph - -------> nonSkippedChar
2021-11-21T23:53:25,127|[TRACE] script - #out(`T`) [token]
2021-11-21T23:53:25,127|[TRACE] graph - <------- nonSkippedChar
2021-11-21T23:53:25,127|[TRACE] graph - <----- statementPart
2021-11-21T23:53:25,127|[TRACE] graph - -----> statementPart
2021-11-21T23:53:25,127|[TRACE] graph - -------> nonSkippedSpace
2021-11-21T23:53:25,127|[TRACE] script - #out(` `) [token]
2021-11-21T23:53:25,127|[TRACE] graph - <------- nonSkippedSpace
2021-11-21T23:53:25,127|[TRACE] graph - <----- statementPart
2021-11-21T23:53:25,127|[TRACE] graph - -----> statementPart
2021-11-21T23:53:25,127|[TRACE] graph - -------> nonSkippedChar
2021-11-21T23:53:25,127|[TRACE] script - #out(`1`) [token]
2021-11-21T23:53:25,127|[TRACE] graph - <------- nonSkippedChar
2021-11-21T23:53:25,127|[TRACE] graph - <----- statementPart
2021-11-21T23:53:25,127|[TRACE] graph - -----> statementPart
2021-11-21T23:53:25,127|[TRACE] graph - -------> nonSkippedChar
2021-11-21T23:53:25,127|[TRACE] script - #out(`,`) [token]
2021-11-21T23:53:25,127|[TRACE] graph - <------- nonSkippedChar
2021-11-21T23:53:25,127|[TRACE] graph - <----- statementPart
2021-11-21T23:53:25,127|[TRACE] graph - -----> afterStatementPartNewline
2021-11-21T23:53:25,127|[TRACE] script - #out(` `) [text]
2021-11-21T23:53:25,127|[TRACE] graph - <----- afterStatementPartNewline
2021-11-21T23:53:25,127|[TRACE] graph - -----> statementPart
2021-11-21T23:53:25,127|[TRACE] graph - -------> nonSkippedSpace
2021-11-21T23:53:25,127|[TRACE] script - #out(` `) [token]
2021-11-21T23:53:25,127|[TRACE] graph - <------- nonSkippedSpace
2021-11-21T23:53:25,127|[TRACE] graph - <----- statementPart
2021-11-21T23:53:25,127|[TRACE] graph - -----> statementPart
2021-11-21T23:53:25,127|[TRACE] graph - -------> nonSkippedSpace
2021-11-21T23:53:25,127|[TRACE] script - #out(` `) [token]
2021-11-21T23:53:25,127|[TRACE] graph - <------- nonSkippedSpace
2021-11-21T23:53:25,127|[TRACE] graph - <----- statementPart
2021-11-21T23:53:25,127|[TRACE] graph - -----> statementPart
2021-11-21T23:53:25,127|[TRACE] graph - -------> nonSkippedChar
2021-11-21T23:53:25,127|[TRACE] script - #out(`P`) [token]
2021-11-21T23:53:25,127|[TRACE] graph - <------- nonSkippedChar
2021-11-21T23:53:25,127|[TRACE] graph - <----- statementPart
2021-11-21T23:53:25,127|[TRACE] graph - -----> statementPart
2021-11-21T23:53:25,127|[TRACE] graph - -------> nonSkippedChar
2021-11-21T23:53:25,127|[TRACE] script - #out(`R`) [token]
2021-11-21T23:53:25,127|[TRACE] graph - <------- nonSkippedChar
2021-11-21T23:53:25,127|[TRACE] graph - <----- statementPart
2021-11-21T23:53:25,127|[TRACE] graph - -----> statementPart
2021-11-21T23:53:25,127|[TRACE] graph - -------> nonSkippedChar
2021-11-21T23:53:25,127|[TRACE] script - #out(`I`) [token]
2021-11-21T23:53:25,127|[TRACE] graph - <------- nonSkippedChar
2021-11-21T23:53:25,127|[TRACE] graph - <----- statementPart
2021-11-21T23:53:25,127|[TRACE] graph - -----> statementPart
2021-11-21T23:53:25,127|[TRACE] graph - -------> nonSkippedChar
2021-11-21T23:53:25,127|[TRACE] script - #out(`M`) [token]
2021-11-21T23:53:25,127|[TRACE] graph - <------- nonSkippedChar
2021-11-21T23:53:25,127|[TRACE] graph - <----- statementPart
2021-11-21T23:53:25,127|[TRACE] graph - -----> statementPart
2021-11-21T23:53:25,127|[TRACE] graph - -------> nonSkippedChar
2021-11-21T23:53:25,127|[TRACE] script - #out(`A`) [token]
2021-11-21T23:53:25,127|[TRACE] graph - <------- nonSkippedChar
2021-11-21T23:53:25,127|[TRACE] graph - <----- statementPart
2021-11-21T23:53:25,127|[TRACE] graph - -----> statementPart
2021-11-21T23:53:25,127|[TRACE] graph - -------> nonSkippedChar
2021-11-21T23:53:25,127|[TRACE] script - #out(`R`) [token]
2021-11-21T23:53:25,127|[TRACE] graph - <------- nonSkippedChar
2021-11-21T23:53:25,127|[TRACE] graph - <----- statementPart
2021-11-21T23:53:25,127|[TRACE] graph - -----> statementPart
2021-11-21T23:53:25,127|[TRACE] graph - -------> nonSkippedChar
2021-11-21T23:53:25,127|[TRACE] script - #out(`Y`) [token]
2021-11-21T23:53:25,127|[TRACE] graph - <------- nonSkippedChar
2021-11-21T23:53:25,127|[TRACE] graph - <----- statementPart
2021-11-21T23:53:25,127|[TRACE] graph - -----> statementPart
2021-11-21T23:53:25,127|[TRACE] graph - -------> nonSkippedSpace
2021-11-21T23:53:25,127|[TRACE] script - #out(` `) [token]
2021-11-21T23:53:25,127|[TRACE] graph - <------- nonSkippedSpace
2021-11-21T23:53:25,127|[TRACE] graph - <----- statementPart
2021-11-21T23:53:25,127|[TRACE] graph - -----> statementPart
2021-11-21T23:53:25,127|[TRACE] graph - -------> nonSkippedChar
2021-11-21T23:53:25,127|[TRACE] script - #out(`K`) [token]
2021-11-21T23:53:25,127|[TRACE] graph - <------- nonSkippedChar
2021-11-21T23:53:25,127|[TRACE] graph - <----- statementPart
2021-11-21T23:53:25,127|[TRACE] graph - -----> statementPart
2021-11-21T23:53:25,127|[TRACE] graph - -------> nonSkippedChar
2021-11-21T23:53:25,127|[TRACE] script - #out(`E`) [token]
2021-11-21T23:53:25,127|[TRACE] graph - <------- nonSkippedChar
2021-11-21T23:53:25,127|[TRACE] graph - <----- statementPart
2021-11-21T23:53:25,127|[TRACE] graph - -----> statementPart
2021-11-21T23:53:25,127|[TRACE] graph - -------> nonSkippedChar
2021-11-21T23:53:25,127|[TRACE] script - #out(`Y`) [token]
2021-11-21T23:53:25,127|[TRACE] graph - <------- nonSkippedChar
2021-11-21T23:53:25,127|[TRACE] graph - <----- statementPart
2021-11-21T23:53:25,127|[TRACE] graph - -----> statementPart
2021-11-21T23:53:25,127|[TRACE] graph - -------> nonSkippedSpace
2021-11-21T23:53:25,127|[TRACE] script - #out(` `) [token]
2021-11-21T23:53:25,127|[TRACE] graph - <------- nonSkippedSpace
2021-11-21T23:53:25,127|[TRACE] graph - <----- statementPart
2021-11-21T23:53:25,127|[TRACE] graph - -----> statementPart
2021-11-21T23:53:25,127|[TRACE] graph - -------> nonSkippedChar
2021-11-21T23:53:25,127|[TRACE] script - #out(`(`) [token]
2021-11-21T23:53:25,127|[TRACE] graph - <------- nonSkippedChar
2021-11-21T23:53:25,127|[TRACE] graph - <----- statementPart
2021-11-21T23:53:25,127|[TRACE] graph - -----> statementPart
2021-11-21T23:53:25,127|[TRACE] graph - -------> quotedString
2021-11-21T23:53:25,127|[TRACE] script - #out(``bank_id``) [token]
2021-11-21T23:53:25,127|[TRACE] graph - <------- quotedString
2021-11-21T23:53:25,127|[TRACE] graph - <----- statementPart
2021-11-21T23:53:25,127|[TRACE] graph - -----> statementPart
2021-11-21T23:53:25,127|[TRACE] graph - -------> nonSkippedChar
2021-11-21T23:53:25,127|[TRACE] script - #out(`)`) [token]
2021-11-21T23:53:25,127|[TRACE] graph - <------- nonSkippedChar
2021-11-21T23:53:25,127|[TRACE] graph - <----- statementPart
2021-11-21T23:53:25,127|[TRACE] graph - -----> statementPart
2021-11-21T23:53:25,127|[TRACE] graph - -------> nonSkippedChar
2021-11-21T23:53:25,127|[TRACE] script - #out(`,`) [token]
2021-11-21T23:53:25,127|[TRACE] graph - <------- nonSkippedChar
2021-11-21T23:53:25,127|[TRACE] graph - <----- statementPart
2021-11-21T23:53:25,127|[TRACE] graph - -----> afterStatementPartNewline
2021-11-21T23:53:25,127|[TRACE] script - #out(` `) [text]
2021-11-21T23:53:25,127|[TRACE] graph - <----- afterStatementPartNewline
2021-11-21T23:53:25,127|[TRACE] graph - -----> statementPart
2021-11-21T23:53:25,127|[TRACE] graph - -------> nonSkippedSpace
2021-11-21T23:53:25,127|[TRACE] script - #out(` `) [token]
2021-11-21T23:53:25,127|[TRACE] graph - <------- nonSkippedSpace
2021-11-21T23:53:25,127|[TRACE] graph - <----- statementPart
2021-11-21T23:53:25,127|[TRACE] graph - -----> statementPart
2021-11-21T23:53:25,127|[TRACE] graph - -------> nonSkippedSpace
2021-11-21T23:53:25,127|[TRACE] script - #out(` `) [token]
2021-11-21T23:53:25,127|[TRACE] graph - <------- nonSkippedSpace
2021-11-21T23:53:25,127|[TRACE] graph - <----- statementPart
2021-11-21T23:53:25,127|[TRACE] graph - -----> statementPart
2021-11-21T23:53:25,127|[TRACE] graph - -------> nonSkippedChar
2021-11-21T23:53:25,127|[TRACE] script - #out(`U`) [token]
2021-11-21T23:53:25,127|[TRACE] graph - <------- nonSkippedChar
2021-11-21T23:53:25,127|[TRACE] graph - <----- statementPart
2021-11-21T23:53:25,127|[TRACE] graph - -----> statementPart
2021-11-21T23:53:25,127|[TRACE] graph - -------> nonSkippedChar
2021-11-21T23:53:25,127|[TRACE] script - #out(`N`) [token]
2021-11-21T23:53:25,127|[TRACE] graph - <------- nonSkippedChar
2021-11-21T23:53:25,127|[TRACE] graph - <----- statementPart
2021-11-21T23:53:25,127|[TRACE] graph - -----> statementPart
2021-11-21T23:53:25,127|[TRACE] graph - -------> nonSkippedChar
2021-11-21T23:53:25,127|[TRACE] script - #out(`I`) [token]
2021-11-21T23:53:25,127|[TRACE] graph - <------- nonSkippedChar
2021-11-21T23:53:25,127|[TRACE] graph - <----- statementPart
2021-11-21T23:53:25,127|[TRACE] graph - -----> statementPart
2021-11-21T23:53:25,127|[TRACE] graph - -------> nonSkippedChar
2021-11-21T23:53:25,127|[TRACE] script - #out(`Q`) [token]
2021-11-21T23:53:25,127|[TRACE] graph - <------- nonSkippedChar
2021-11-21T23:53:25,127|[TRACE] graph - <----- statementPart
2021-11-21T23:53:25,127|[TRACE] graph - -----> statementPart
2021-11-21T23:53:25,127|[TRACE] graph - -------> nonSkippedChar
2021-11-21T23:53:25,127|[TRACE] script - #out(`U`) [token]
2021-11-21T23:53:25,127|[TRACE] graph - <------- nonSkippedChar
2021-11-21T23:53:25,127|[TRACE] graph - <----- statementPart
2021-11-21T23:53:25,127|[TRACE] graph - -----> statementPart
2021-11-21T23:53:25,127|[TRACE] graph - -------> nonSkippedChar
2021-11-21T23:53:25,127|[TRACE] script - #out(`E`) [token]
2021-11-21T23:53:25,127|[TRACE] graph - <------- nonSkippedChar
2021-11-21T23:53:25,127|[TRACE] graph - <----- statementPart
2021-11-21T23:53:25,127|[TRACE] graph - -----> statementPart
2021-11-21T23:53:25,127|[TRACE] graph - -------> nonSkippedSpace
2021-11-21T23:53:25,127|[TRACE] script - #out(` `) [token]
2021-11-21T23:53:25,127|[TRACE] graph - <------- nonSkippedSpace
2021-11-21T23:53:25,127|[TRACE] graph - <----- statementPart
2021-11-21T23:53:25,127|[TRACE] graph - -----> statementPart
2021-11-21T23:53:25,127|[TRACE] graph - -------> nonSkippedChar
2021-11-21T23:53:25,127|[TRACE] script - #out(`I`) [token]
2021-11-21T23:53:25,127|[TRACE] graph - <------- nonSkippedChar
2021-11-21T23:53:25,127|[TRACE] graph - <----- statementPart
2021-11-21T23:53:25,127|[TRACE] graph - -----> statementPart
2021-11-21T23:53:25,127|[TRACE] graph - -------> nonSkippedChar
2021-11-21T23:53:25,127|[TRACE] script - #out(`N`) [token]
2021-11-21T23:53:25,127|[TRACE] graph - <------- nonSkippedChar
2021-11-21T23:53:25,127|[TRACE] graph - <----- statementPart
2021-11-21T23:53:25,127|[TRACE] graph - -----> statementPart
2021-11-21T23:53:25,127|[TRACE] graph - -------> nonSkippedChar
2021-11-21T23:53:25,127|[TRACE] script - #out(`D`) [token]
2021-11-21T23:53:25,127|[TRACE] graph - <------- nonSkippedChar
2021-11-21T23:53:25,127|[TRACE] graph - <----- statementPart
2021-11-21T23:53:25,127|[TRACE] graph - -----> statementPart
2021-11-21T23:53:25,127|[TRACE] graph - -------> nonSkippedChar
2021-11-21T23:53:25,127|[TRACE] script - #out(`E`) [token]
2021-11-21T23:53:25,127|[TRACE] graph - <------- nonSkippedChar
2021-11-21T23:53:25,127|[TRACE] graph - <----- statementPart
2021-11-21T23:53:25,127|[TRACE] graph - -----> statementPart
2021-11-21T23:53:25,127|[TRACE] graph - -------> nonSkippedChar
2021-11-21T23:53:25,127|[TRACE] script - #out(`X`) [token]
2021-11-21T23:53:25,127|[TRACE] graph - <------- nonSkippedChar
2021-11-21T23:53:25,127|[TRACE] graph - <----- statementPart
2021-11-21T23:53:25,127|[TRACE] graph - -----> statementPart
2021-11-21T23:53:25,127|[TRACE] graph - -------> nonSkippedSpace
2021-11-21T23:53:25,127|[TRACE] script - #out(` `) [token]
2021-11-21T23:53:25,127|[TRACE] graph - <------- nonSkippedSpace
2021-11-21T23:53:25,127|[TRACE] graph - <----- statementPart
2021-11-21T23:53:25,127|[TRACE] graph - -----> statementPart
2021-11-21T23:53:25,127|[TRACE] graph - -------> quotedString
2021-11-21T23:53:25,127|[TRACE] script - #out(``name_UNIQUE``) [token]
2021-11-21T23:53:25,127|[TRACE] graph - <------- quotedString
2021-11-21T23:53:25,127|[TRACE] graph - <----- statementPart
2021-11-21T23:53:25,127|[TRACE] graph - -----> statementPart
2021-11-21T23:53:25,127|[TRACE] graph - -------> nonSkippedSpace
2021-11-21T23:53:25,127|[TRACE] script - #out(` `) [token]
2021-11-21T23:53:25,127|[TRACE] graph - <------- nonSkippedSpace
2021-11-21T23:53:25,127|[TRACE] graph - <----- statementPart
2021-11-21T23:53:25,127|[TRACE] graph - -----> statementPart
2021-11-21T23:53:25,127|[TRACE] graph - -------> nonSkippedChar
2021-11-21T23:53:25,127|[TRACE] script - #out(`(`) [token]
2021-11-21T23:53:25,127|[TRACE] graph - <------- nonSkippedChar
2021-11-21T23:53:25,127|[TRACE] graph - <----- statementPart
2021-11-21T23:53:25,127|[TRACE] graph - -----> statementPart
2021-11-21T23:53:25,127|[TRACE] graph - -------> quotedString
2021-11-21T23:53:25,127|[TRACE] script - #out(``name``) [token]
2021-11-21T23:53:25,127|[TRACE] graph - <------- quotedString
2021-11-21T23:53:25,127|[TRACE] graph - <----- statementPart
2021-11-21T23:53:25,127|[TRACE] graph - -----> statementPart
2021-11-21T23:53:25,127|[TRACE] graph - -------> nonSkippedSpace
2021-11-21T23:53:25,127|[TRACE] script - #out(` `) [token]
2021-11-21T23:53:25,127|[TRACE] graph - <------- nonSkippedSpace
2021-11-21T23:53:25,127|[TRACE] graph - <----- statementPart
2021-11-21T23:53:25,127|[TRACE] graph - -----> statementPart
2021-11-21T23:53:25,127|[TRACE] graph - -------> nonSkippedChar
2021-11-21T23:53:25,127|[TRACE] script - #out(`A`) [token]
2021-11-21T23:53:25,127|[TRACE] graph - <------- nonSkippedChar
2021-11-21T23:53:25,127|[TRACE] graph - <----- statementPart
2021-11-21T23:53:25,127|[TRACE] graph - -----> statementPart
2021-11-21T23:53:25,127|[TRACE] graph - -------> nonSkippedChar
2021-11-21T23:53:25,127|[TRACE] script - #out(`S`) [token]
2021-11-21T23:53:25,127|[TRACE] graph - <------- nonSkippedChar
2021-11-21T23:53:25,127|[TRACE] graph - <----- statementPart
2021-11-21T23:53:25,127|[TRACE] graph - -----> statementPart
2021-11-21T23:53:25,127|[TRACE] graph - -------> nonSkippedChar
2021-11-21T23:53:25,127|[TRACE] script - #out(`C`) [token]
2021-11-21T23:53:25,127|[TRACE] graph - <------- nonSkippedChar
2021-11-21T23:53:25,127|[TRACE] graph - <----- statementPart
2021-11-21T23:53:25,127|[TRACE] graph - -----> statementPart
2021-11-21T23:53:25,127|[TRACE] graph - -------> nonSkippedChar
2021-11-21T23:53:25,127|[TRACE] script - #out(`)`) [token]
2021-11-21T23:53:25,127|[TRACE] graph - <------- nonSkippedChar
2021-11-21T23:53:25,127|[TRACE] graph - <----- statementPart
2021-11-21T23:53:25,127|[TRACE] graph - -----> statementPart
2021-11-21T23:53:25,127|[TRACE] graph - -------> nonSkippedSpace
2021-11-21T23:53:25,127|[TRACE] script - #out(` `) [token]
2021-11-21T23:53:25,127|[TRACE] graph - <------- nonSkippedSpace
2021-11-21T23:53:25,127|[TRACE] graph - <----- statementPart
2021-11-21T23:53:25,127|[TRACE] graph - -----> statementPart
2021-11-21T23:53:25,127|[TRACE] graph - -------> nonSkippedChar
2021-11-21T23:53:25,127|[TRACE] script - #out(`V`) [token]
2021-11-21T23:53:25,127|[TRACE] graph - <------- nonSkippedChar
2021-11-21T23:53:25,127|[TRACE] graph - <----- statementPart
2021-11-21T23:53:25,127|[TRACE] graph - -----> statementPart
2021-11-21T23:53:25,127|[TRACE] graph - -------> nonSkippedChar
2021-11-21T23:53:25,127|[TRACE] script - #out(`I`) [token]
2021-11-21T23:53:25,127|[TRACE] graph - <------- nonSkippedChar
2021-11-21T23:53:25,127|[TRACE] graph - <----- statementPart
2021-11-21T23:53:25,127|[TRACE] graph - -----> statementPart
2021-11-21T23:53:25,127|[TRACE] graph - -------> nonSkippedChar
2021-11-21T23:53:25,127|[TRACE] script - #out(`S`) [token]
2021-11-21T23:53:25,127|[TRACE] graph - <------- nonSkippedChar
2021-11-21T23:53:25,127|[TRACE] graph - <----- statementPart
2021-11-21T23:53:25,127|[TRACE] graph - -----> statementPart
2021-11-21T23:53:25,127|[TRACE] graph - -------> nonSkippedChar
2021-11-21T23:53:25,127|[TRACE] script - #out(`I`) [token]
2021-11-21T23:53:25,127|[TRACE] graph - <------- nonSkippedChar
2021-11-21T23:53:25,127|[TRACE] graph - <----- statementPart
2021-11-21T23:53:25,127|[TRACE] graph - -----> statementPart
2021-11-21T23:53:25,127|[TRACE] graph - -------> nonSkippedChar
2021-11-21T23:53:25,127|[TRACE] script - #out(`B`) [token]
2021-11-21T23:53:25,127|[TRACE] graph - <------- nonSkippedChar
2021-11-21T23:53:25,127|[TRACE] graph - <----- statementPart
2021-11-21T23:53:25,127|[TRACE] graph - -----> statementPart
2021-11-21T23:53:25,127|[TRACE] graph - -------> nonSkippedChar
2021-11-21T23:53:25,127|[TRACE] script - #out(`L`) [token]
2021-11-21T23:53:25,127|[TRACE] graph - <------- nonSkippedChar
2021-11-21T23:53:25,127|[TRACE] graph - <----- statementPart
2021-11-21T23:53:25,127|[TRACE] graph - -----> statementPart
2021-11-21T23:53:25,127|[TRACE] graph - -------> nonSkippedChar
2021-11-21T23:53:25,127|[TRACE] script - #out(`E`) [token]
2021-11-21T23:53:25,127|[TRACE] graph - <------- nonSkippedChar
2021-11-21T23:53:25,127|[TRACE] graph - <----- statementPart
2021-11-21T23:53:25,127|[TRACE] graph - -----> statementPart
2021-11-21T23:53:25,127|[TRACE] graph - -------> nonSkippedChar
2021-11-21T23:53:25,127|[TRACE] script - #out(`)`) [token]
2021-11-21T23:53:25,127|[TRACE] graph - <------- nonSkippedChar
2021-11-21T23:53:25,127|[TRACE] graph - <----- statementPart
2021-11-21T23:53:25,127|[TRACE] graph - -----> afterStatementPartNewline
2021-11-21T23:53:25,127|[TRACE] script - #out(` `) [text]
2021-11-21T23:53:25,170|[TRACE] graph - <----- afterStatementPartNewline
2021-11-21T23:53:25,170|[TRACE] graph - -----> statementPart
2021-11-21T23:53:25,170|[TRACE] graph - -------> nonSkippedChar
2021-11-21T23:53:25,170|[TRACE] script - #out(`E`) [token]
2021-11-21T23:53:25,170|[TRACE] graph - <------- nonSkippedChar
2021-11-21T23:53:25,170|[TRACE] graph - <----- statementPart
2021-11-21T23:53:25,170|[TRACE] graph - -----> statementPart
2021-11-21T23:53:25,170|[TRACE] graph - -------> nonSkippedChar
2021-11-21T23:53:25,170|[TRACE] script - #out(`N`) [token]
2021-11-21T23:53:25,170|[TRACE] graph - <------- nonSkippedChar
2021-11-21T23:53:25,170|[TRACE] graph - <----- statementPart
2021-11-21T23:53:25,170|[TRACE] graph - -----> statementPart
2021-11-21T23:53:25,170|[TRACE] graph - -------> nonSkippedChar
2021-11-21T23:53:25,170|[TRACE] script - #out(`G`) [token]
2021-11-21T23:53:25,170|[TRACE] graph - <------- nonSkippedChar
2021-11-21T23:53:25,170|[TRACE] graph - <----- statementPart
2021-11-21T23:53:25,170|[TRACE] graph - -----> statementPart
2021-11-21T23:53:25,170|[TRACE] graph - -------> nonSkippedChar
2021-11-21T23:53:25,170|[TRACE] script - #out(`I`) [token]
2021-11-21T23:53:25,170|[TRACE] graph - <------- nonSkippedChar
2021-11-21T23:53:25,170|[TRACE] graph - <----- statementPart
2021-11-21T23:53:25,170|[TRACE] graph - -----> statementPart
2021-11-21T23:53:25,170|[TRACE] graph - -------> nonSkippedChar
2021-11-21T23:53:25,170|[TRACE] script - #out(`N`) [token]
2021-11-21T23:53:25,170|[TRACE] graph - <------- nonSkippedChar
2021-11-21T23:53:25,170|[TRACE] graph - <----- statementPart
2021-11-21T23:53:25,170|[TRACE] graph - -----> statementPart
2021-11-21T23:53:25,170|[TRACE] graph - -------> nonSkippedChar
2021-11-21T23:53:25,170|[TRACE] script - #out(`E`) [token]
2021-11-21T23:53:25,170|[TRACE] graph - <------- nonSkippedChar
2021-11-21T23:53:25,170|[TRACE] graph - <----- statementPart
2021-11-21T23:53:25,170|[TRACE] graph - -----> statementPart
2021-11-21T23:53:25,170|[TRACE] graph - -------> nonSkippedSpace
2021-11-21T23:53:25,170|[TRACE] script - #out(` `) [token]
2021-11-21T23:53:25,170|[TRACE] graph - <------- nonSkippedSpace
2021-11-21T23:53:25,170|[TRACE] graph - <----- statementPart
2021-11-21T23:53:25,170|[TRACE] graph - -----> statementPart
2021-11-21T23:53:25,170|[TRACE] graph - -------> nonSkippedChar
2021-11-21T23:53:25,170|[TRACE] script - #out(`=`) [token]
2021-11-21T23:53:25,170|[TRACE] graph - <------- nonSkippedChar
2021-11-21T23:53:25,170|[TRACE] graph - <----- statementPart
2021-11-21T23:53:25,170|[TRACE] graph - -----> statementPart
2021-11-21T23:53:25,170|[TRACE] graph - -------> nonSkippedSpace
2021-11-21T23:53:25,170|[TRACE] script - #out(` `) [token]
2021-11-21T23:53:25,170|[TRACE] graph - <------- nonSkippedSpace
2021-11-21T23:53:25,170|[TRACE] graph - <----- statementPart
2021-11-21T23:53:25,170|[TRACE] graph - -----> statementPart
2021-11-21T23:53:25,170|[TRACE] graph - -------> nonSkippedChar
2021-11-21T23:53:25,170|[TRACE] script - #out(`I`) [token]
2021-11-21T23:53:25,170|[TRACE] graph - <------- nonSkippedChar
2021-11-21T23:53:25,170|[TRACE] graph - <----- statementPart
2021-11-21T23:53:25,170|[TRACE] graph - -----> statementPart
2021-11-21T23:53:25,170|[TRACE] graph - -------> nonSkippedChar
2021-11-21T23:53:25,170|[TRACE] script - #out(`n`) [token]
2021-11-21T23:53:25,170|[TRACE] graph - <------- nonSkippedChar
2021-11-21T23:53:25,170|[TRACE] graph - <----- statementPart
2021-11-21T23:53:25,170|[TRACE] graph - -----> statementPart
2021-11-21T23:53:25,170|[TRACE] graph - -------> nonSkippedChar
2021-11-21T23:53:25,170|[TRACE] script - #out(`n`) [token]
2021-11-21T23:53:25,170|[TRACE] graph - <------- nonSkippedChar
2021-11-21T23:53:25,170|[TRACE] graph - <----- statementPart
2021-11-21T23:53:25,170|[TRACE] graph - -----> statementPart
2021-11-21T23:53:25,170|[TRACE] graph - -------> nonSkippedChar
2021-11-21T23:53:25,170|[TRACE] script - #out(`o`) [token]
2021-11-21T23:53:25,170|[TRACE] graph - <------- nonSkippedChar
2021-11-21T23:53:25,170|[TRACE] graph - <----- statementPart
2021-11-21T23:53:25,170|[TRACE] graph - -----> statementPart
2021-11-21T23:53:25,170|[TRACE] graph - -------> nonSkippedChar
2021-11-21T23:53:25,170|[TRACE] script - #out(`D`) [token]
2021-11-21T23:53:25,170|[TRACE] graph - <------- nonSkippedChar
2021-11-21T23:53:25,170|[TRACE] graph - <----- statementPart
2021-11-21T23:53:25,170|[TRACE] graph - -----> statementPart
2021-11-21T23:53:25,170|[TRACE] graph - -------> nonSkippedChar
2021-11-21T23:53:25,170|[TRACE] script - #out(`B`) [token]
2021-11-21T23:53:25,170|[TRACE] graph - <------- nonSkippedChar
2021-11-21T23:53:25,170|[TRACE] graph - <----- statementPart
2021-11-21T23:53:25,170|[DEBUG] graph - Import statement : CREATE TABLE IF NOT EXISTS `bloodbank`.`blood_bank` (   `bank_id` INT NOT NULL AUTO_INCREMENT,   `name` VARCHAR(100) NOT NULL,   `privately_owned` BIT(1) NOT NULL,   `created` BIGINT NOT NULL DEFAULT (unix_timestamp(now()) * 1000),   `updated` BIGINT NOT NULL DEFAULT (unix_timestamp(now()) * 1000),   `version` INT NOT NULL DEFAULT 1,   PRIMARY KEY (`bank_id`),   UNIQUE INDEX `name_UNIQUE` (`name` ASC) VISIBLE) ENGINE = InnoDB
2021-11-21T23:53:25,170|[TRACE] graph - <--- statement
2021-11-21T23:53:25,170|[TRACE] graph - ---> blankSpacesToSkip
2021-11-21T23:53:25,170|[TRACE] graph - -----> newLineToSkip
2021-11-21T23:53:25,170|[TRACE] graph - <----- newLineToSkip
2021-11-21T23:53:25,170|[TRACE] graph - -----> newLineToSkip
2021-11-21T23:53:25,170|[TRACE] graph - <----- newLineToSkip
2021-11-21T23:53:25,170|[TRACE] graph - -----> newLineToSkip
2021-11-21T23:53:25,170|[TRACE] graph - <----- newLineToSkip
2021-11-21T23:53:25,170|[TRACE] graph - -----> newLineToSkip
2021-11-21T23:53:25,170|[TRACE] graph - <----- newLineToSkip
2021-11-21T23:53:25,170|[TRACE] graph - -----> newLineToSkip
2021-11-21T23:53:25,170|[TRACE] graph - <----- newLineToSkip
2021-11-21T23:53:25,170|[TRACE] graph - -----> newLineToSkip
2021-11-21T23:53:25,170|[TRACE] graph - <----- newLineToSkip
2021-11-21T23:53:25,170|[TRACE] graph - <--- blankSpacesToSkip
2021-11-21T23:53:25,170|[TRACE] graph - ---> statement
2021-11-21T23:53:25,170|[TRACE] graph - -----> statementFirstPart
2021-11-21T23:53:25,170|[TRACE] graph - -------> nonSkippedChar
2021-11-21T23:53:25,170|[TRACE] script - #out(`C`) [token]
2021-11-21T23:53:25,170|[TRACE] graph - <------- nonSkippedChar
2021-11-21T23:53:25,170|[TRACE] graph - <----- statementFirstPart
2021-11-21T23:53:25,170|[TRACE] graph - -----> statementPart
2021-11-21T23:53:25,170|[TRACE] graph - -------> nonSkippedChar
2021-11-21T23:53:25,170|[TRACE] script - #out(`R`) [token]
2021-11-21T23:53:25,170|[TRACE] graph - <------- nonSkippedChar
2021-11-21T23:53:25,170|[TRACE] graph - <----- statementPart
2021-11-21T23:53:25,170|[TRACE] graph - -----> statementPart
2021-11-21T23:53:25,170|[TRACE] graph - -------> nonSkippedChar
2021-11-21T23:53:25,170|[TRACE] script - #out(`E`) [token]
2021-11-21T23:53:25,170|[TRACE] graph - <------- nonSkippedChar
2021-11-21T23:53:25,170|[TRACE] graph - <----- statementPart
2021-11-21T23:53:25,170|[TRACE] graph - -----> statementPart
2021-11-21T23:53:25,170|[TRACE] graph - -------> nonSkippedChar
2021-11-21T23:53:25,170|[TRACE] script - #out(`A`) [token]
2021-11-21T23:53:25,170|[TRACE] graph - <------- nonSkippedChar
2021-11-21T23:53:25,170|[TRACE] graph - <----- statementPart
2021-11-21T23:53:25,170|[TRACE] graph - -----> statementPart
2021-11-21T23:53:25,170|[TRACE] graph - -------> nonSkippedChar
2021-11-21T23:53:25,170|[TRACE] script - #out(`T`) [token]
2021-11-21T23:53:25,170|[TRACE] graph - <------- nonSkippedChar
2021-11-21T23:53:25,170|[TRACE] graph - <----- statementPart
2021-11-21T23:53:25,170|[TRACE] graph - -----> statementPart
2021-11-21T23:53:25,170|[TRACE] graph - -------> nonSkippedChar
2021-11-21T23:53:25,170|[TRACE] script - #out(`E`) [token]
2021-11-21T23:53:25,170|[TRACE] graph - <------- nonSkippedChar
2021-11-21T23:53:25,170|[TRACE] graph - <----- statementPart
2021-11-21T23:53:25,170|[TRACE] graph - -----> statementPart
2021-11-21T23:53:25,170|[TRACE] graph - -------> nonSkippedSpace
2021-11-21T23:53:25,170|[TRACE] script - #out(` `) [token]
2021-11-21T23:53:25,170|[TRACE] graph - <------- nonSkippedSpace
2021-11-21T23:53:25,170|[TRACE] graph - <----- statementPart
2021-11-21T23:53:25,170|[TRACE] graph - -----> statementPart
2021-11-21T23:53:25,170|[TRACE] graph - -------> nonSkippedChar
2021-11-21T23:53:25,170|[TRACE] script - #out(`T`) [token]
2021-11-21T23:53:25,170|[TRACE] graph - <------- nonSkippedChar
2021-11-21T23:53:25,170|[TRACE] graph - <----- statementPart
2021-11-21T23:53:25,170|[TRACE] graph - -----> statementPart
2021-11-21T23:53:25,170|[TRACE] graph - -------> nonSkippedChar
2021-11-21T23:53:25,170|[TRACE] script - #out(`A`) [token]
2021-11-21T23:53:25,170|[TRACE] graph - <------- nonSkippedChar
2021-11-21T23:53:25,170|[TRACE] graph - <----- statementPart
2021-11-21T23:53:25,170|[TRACE] graph - -----> statementPart
2021-11-21T23:53:25,170|[TRACE] graph - -------> nonSkippedChar
2021-11-21T23:53:25,170|[TRACE] script - #out(`B`) [token]
2021-11-21T23:53:25,170|[TRACE] graph - <------- nonSkippedChar
2021-11-21T23:53:25,170|[TRACE] graph - <----- statementPart
2021-11-21T23:53:25,171|[TRACE] graph - -----> statementPart
2021-11-21T23:53:25,171|[TRACE] graph - -------> nonSkippedChar
2021-11-21T23:53:25,171|[TRACE] script - #out(`L`) [token]
2021-11-21T23:53:25,171|[TRACE] graph - <------- nonSkippedChar
2021-11-21T23:53:25,171|[TRACE] graph - <----- statementPart
2021-11-21T23:53:25,171|[TRACE] graph - -----> statementPart
2021-11-21T23:53:25,171|[TRACE] graph - -------> nonSkippedChar
2021-11-21T23:53:25,171|[TRACE] script - #out(`E`) [token]
2021-11-21T23:53:25,171|[TRACE] graph - <------- nonSkippedChar
2021-11-21T23:53:25,171|[TRACE] graph - <----- statementPart
2021-11-21T23:53:25,171|[TRACE] graph - -----> statementPart
2021-11-21T23:53:25,171|[TRACE] graph - -------> nonSkippedSpace
2021-11-21T23:53:25,171|[TRACE] script - #out(` `) [token]
2021-11-21T23:53:25,171|[TRACE] graph - <------- nonSkippedSpace
2021-11-21T23:53:25,171|[TRACE] graph - <----- statementPart
2021-11-21T23:53:25,171|[TRACE] graph - -----> statementPart
2021-11-21T23:53:25,171|[TRACE] graph - -------> nonSkippedChar
2021-11-21T23:53:25,171|[TRACE] script - #out(`I`) [token]
2021-11-21T23:53:25,171|[TRACE] graph - <------- nonSkippedChar
2021-11-21T23:53:25,171|[TRACE] graph - <----- statementPart
2021-11-21T23:53:25,171|[TRACE] graph - -----> statementPart
2021-11-21T23:53:25,171|[TRACE] graph - -------> nonSkippedChar
2021-11-21T23:53:25,171|[TRACE] script - #out(`F`) [token]
2021-11-21T23:53:25,171|[TRACE] graph - <------- nonSkippedChar
2021-11-21T23:53:25,171|[TRACE] graph - <----- statementPart
2021-11-21T23:53:25,171|[TRACE] graph - -----> statementPart
2021-11-21T23:53:25,171|[TRACE] graph - -------> nonSkippedSpace
2021-11-21T23:53:25,171|[TRACE] script - #out(` `) [token]
2021-11-21T23:53:25,171|[TRACE] graph - <------- nonSkippedSpace
2021-11-21T23:53:25,171|[TRACE] graph - <----- statementPart
2021-11-21T23:53:25,171|[TRACE] graph - -----> statementPart
2021-11-21T23:53:25,171|[TRACE] graph - -------> nonSkippedChar
2021-11-21T23:53:25,171|[TRACE] script - #out(`N`) [token]
2021-11-21T23:53:25,171|[TRACE] graph - <------- nonSkippedChar
2021-11-21T23:53:25,171|[TRACE] graph - <----- statementPart
2021-11-21T23:53:25,171|[TRACE] graph - -----> statementPart
2021-11-21T23:53:25,171|[TRACE] graph - -------> nonSkippedChar
2021-11-21T23:53:25,171|[TRACE] script - #out(`O`) [token]
2021-11-21T23:53:25,171|[TRACE] graph - <------- nonSkippedChar
2021-11-21T23:53:25,171|[TRACE] graph - <----- statementPart
2021-11-21T23:53:25,171|[TRACE] graph - -----> statementPart
2021-11-21T23:53:25,171|[TRACE] graph - -------> nonSkippedChar
2021-11-21T23:53:25,171|[TRACE] script - #out(`T`) [token]
2021-11-21T23:53:25,171|[TRACE] graph - <------- nonSkippedChar
2021-11-21T23:53:25,171|[TRACE] graph - <----- statementPart
2021-11-21T23:53:25,171|[TRACE] graph - -----> statementPart
2021-11-21T23:53:25,171|[TRACE] graph - -------> nonSkippedSpace
2021-11-21T23:53:25,171|[TRACE] script - #out(` `) [token]
2021-11-21T23:53:25,171|[TRACE] graph - <------- nonSkippedSpace
2021-11-21T23:53:25,171|[TRACE] graph - <----- statementPart
2021-11-21T23:53:25,171|[TRACE] graph - -----> statementPart
2021-11-21T23:53:25,171|[TRACE] graph - -------> nonSkippedChar
2021-11-21T23:53:25,171|[TRACE] script - #out(`E`) [token]
2021-11-21T23:53:25,171|[TRACE] graph - <------- nonSkippedChar
2021-11-21T23:53:25,171|[TRACE] graph - <----- statementPart
2021-11-21T23:53:25,171|[TRACE] graph - -----> statementPart
2021-11-21T23:53:25,171|[TRACE] graph - -------> nonSkippedChar
2021-11-21T23:53:25,171|[TRACE] script - #out(`X`) [token]
2021-11-21T23:53:25,171|[TRACE] graph - <------- nonSkippedChar
2021-11-21T23:53:25,171|[TRACE] graph - <----- statementPart
2021-11-21T23:53:25,171|[TRACE] graph - -----> statementPart
2021-11-21T23:53:25,171|[TRACE] graph - -------> nonSkippedChar
2021-11-21T23:53:25,171|[TRACE] script - #out(`I`) [token]
2021-11-21T23:53:25,171|[TRACE] graph - <------- nonSkippedChar
2021-11-21T23:53:25,171|[TRACE] graph - <----- statementPart
2021-11-21T23:53:25,171|[TRACE] graph - -----> statementPart
2021-11-21T23:53:25,171|[TRACE] graph - -------> nonSkippedChar
2021-11-21T23:53:25,171|[TRACE] script - #out(`S`) [token]
2021-11-21T23:53:25,171|[TRACE] graph - <------- nonSkippedChar
2021-11-21T23:53:25,171|[TRACE] graph - <----- statementPart
2021-11-21T23:53:25,171|[TRACE] graph - -----> statementPart
2021-11-21T23:53:25,171|[TRACE] graph - -------> nonSkippedChar
2021-11-21T23:53:25,171|[TRACE] script - #out(`T`) [token]
2021-11-21T23:53:25,171|[TRACE] graph - <------- nonSkippedChar
2021-11-21T23:53:25,171|[TRACE] graph - <----- statementPart
2021-11-21T23:53:25,171|[TRACE] graph - -----> statementPart
2021-11-21T23:53:25,171|[TRACE] graph - -------> nonSkippedChar
2021-11-21T23:53:25,171|[TRACE] script - #out(`S`) [token]
2021-11-21T23:53:25,171|[TRACE] graph - <------- nonSkippedChar
2021-11-21T23:53:25,171|[TRACE] graph - <----- statementPart
2021-11-21T23:53:25,171|[TRACE] graph - -----> statementPart
2021-11-21T23:53:25,171|[TRACE] graph - -------> nonSkippedSpace
2021-11-21T23:53:25,171|[TRACE] script - #out(` `) [token]
2021-11-21T23:53:25,171|[TRACE] graph - <------- nonSkippedSpace
2021-11-21T23:53:25,171|[TRACE] graph - <----- statementPart
2021-11-21T23:53:25,171|[TRACE] graph - -----> statementPart
2021-11-21T23:53:25,171|[TRACE] graph - -------> quotedString
2021-11-21T23:53:25,171|[TRACE] script - #out(``bloodbank``) [token]
2021-11-21T23:53:25,171|[TRACE] graph - <------- quotedString
2021-11-21T23:53:25,171|[TRACE] graph - <----- statementPart
2021-11-21T23:53:25,171|[TRACE] graph - -----> statementPart
2021-11-21T23:53:25,171|[TRACE] graph - -------> nonSkippedChar
2021-11-21T23:53:25,171|[TRACE] script - #out(`.`) [token]
2021-11-21T23:53:25,171|[TRACE] graph - <------- nonSkippedChar
2021-11-21T23:53:25,171|[TRACE] graph - <----- statementPart
2021-11-21T23:53:25,171|[TRACE] graph - -----> statementPart
2021-11-21T23:53:25,171|[TRACE] graph - -------> quotedString
2021-11-21T23:53:25,171|[TRACE] script - #out(``blood_donation``) [token]
2021-11-21T23:53:25,171|[TRACE] graph - <------- quotedString
2021-11-21T23:53:25,171|[TRACE] graph - <----- statementPart
2021-11-21T23:53:25,171|[TRACE] graph - -----> statementPart
2021-11-21T23:53:25,171|[TRACE] graph - -------> nonSkippedSpace
2021-11-21T23:53:25,171|[TRACE] script - #out(` `) [token]
2021-11-21T23:53:25,171|[TRACE] graph - <------- nonSkippedSpace
2021-11-21T23:53:25,171|[TRACE] graph - <----- statementPart
2021-11-21T23:53:25,171|[TRACE] graph - -----> statementPart
2021-11-21T23:53:25,171|[TRACE] graph - -------> nonSkippedChar
2021-11-21T23:53:25,171|[TRACE] script - #out(`(`) [token]
2021-11-21T23:53:25,171|[TRACE] graph - <------- nonSkippedChar
2021-11-21T23:53:25,171|[TRACE] graph - <----- statementPart
2021-11-21T23:53:25,171|[TRACE] graph - -----> afterStatementPartNewline
2021-11-21T23:53:25,171|[TRACE] script - #out(` `) [text]
2021-11-21T23:53:25,171|[TRACE] graph - <----- afterStatementPartNewline
2021-11-21T23:53:25,171|[TRACE] graph - -----> statementPart
2021-11-21T23:53:25,171|[TRACE] graph - -------> nonSkippedSpace
2021-11-21T23:53:25,171|[TRACE] script - #out(` `) [token]
2021-11-21T23:53:25,171|[TRACE] graph - <------- nonSkippedSpace
2021-11-21T23:53:25,171|[TRACE] graph - <----- statementPart
2021-11-21T23:53:25,171|[TRACE] graph - -----> statementPart
2021-11-21T23:53:25,171|[TRACE] graph - -------> nonSkippedSpace
2021-11-21T23:53:25,171|[TRACE] script - #out(` `) [token]
2021-11-21T23:53:25,171|[TRACE] graph - <------- nonSkippedSpace
2021-11-21T23:53:25,171|[TRACE] graph - <----- statementPart
2021-11-21T23:53:25,171|[TRACE] graph - -----> statementPart
2021-11-21T23:53:25,171|[TRACE] graph - -------> quotedString
2021-11-21T23:53:25,171|[TRACE] script - #out(``donation_id``) [token]
2021-11-21T23:53:25,171|[TRACE] graph - <------- quotedString
2021-11-21T23:53:25,171|[TRACE] graph - <----- statementPart
2021-11-21T23:53:25,171|[TRACE] graph - -----> statementPart
2021-11-21T23:53:25,171|[TRACE] graph - -------> nonSkippedSpace
2021-11-21T23:53:25,171|[TRACE] script - #out(` `) [token]
2021-11-21T23:53:25,171|[TRACE] graph - <------- nonSkippedSpace
2021-11-21T23:53:25,171|[TRACE] graph - <----- statementPart
2021-11-21T23:53:25,171|[TRACE] graph - -----> statementPart
2021-11-21T23:53:25,171|[TRACE] graph - -------> nonSkippedChar
2021-11-21T23:53:25,171|[TRACE] script - #out(`I`) [token]
2021-11-21T23:53:25,171|[TRACE] graph - <------- nonSkippedChar
2021-11-21T23:53:25,171|[TRACE] graph - <----- statementPart
2021-11-21T23:53:25,171|[TRACE] graph - -----> statementPart
2021-11-21T23:53:25,171|[TRACE] graph - -------> nonSkippedChar
2021-11-21T23:53:25,171|[TRACE] script - #out(`N`) [token]
2021-11-21T23:53:25,171|[TRACE] graph - <------- nonSkippedChar
2021-11-21T23:53:25,171|[TRACE] graph - <----- statementPart
2021-11-21T23:53:25,171|[TRACE] graph - -----> statementPart
2021-11-21T23:53:25,171|[TRACE] graph - -------> nonSkippedChar
2021-11-21T23:53:25,171|[TRACE] script - #out(`T`) [token]
2021-11-21T23:53:25,171|[TRACE] graph - <------- nonSkippedChar
2021-11-21T23:53:25,171|[TRACE] graph - <----- statementPart
2021-11-21T23:53:25,171|[TRACE] graph - -----> statementPart
2021-11-21T23:53:25,171|[TRACE] graph - -------> nonSkippedSpace
2021-11-21T23:53:25,171|[TRACE] script - #out(` `) [token]
2021-11-21T23:53:25,171|[TRACE] graph - <------- nonSkippedSpace
2021-11-21T23:53:25,171|[TRACE] graph - <----- statementPart
2021-11-21T23:53:25,171|[TRACE] graph - -----> statementPart
2021-11-21T23:53:25,171|[TRACE] graph - -------> nonSkippedChar
2021-11-21T23:53:25,171|[TRACE] script - #out(`N`) [token]
2021-11-21T23:53:25,171|[TRACE] graph - <------- nonSkippedChar
2021-11-21T23:53:25,171|[TRACE] graph - <----- statementPart
2021-11-21T23:53:25,171|[TRACE] graph - -----> statementPart
2021-11-21T23:53:25,171|[TRACE] graph - -------> nonSkippedChar
2021-11-21T23:53:25,171|[TRACE] script - #out(`O`) [token]
2021-11-21T23:53:25,171|[TRACE] graph - <------- nonSkippedChar
2021-11-21T23:53:25,171|[TRACE] graph - <----- statementPart
2021-11-21T23:53:25,171|[TRACE] graph - -----> statementPart
2021-11-21T23:53:25,171|[TRACE] graph - -------> nonSkippedChar
2021-11-21T23:53:25,171|[TRACE] script - #out(`T`) [token]
2021-11-21T23:53:25,171|[TRACE] graph - <------- nonSkippedChar
2021-11-21T23:53:25,171|[TRACE] graph - <----- statementPart
2021-11-21T23:53:25,171|[TRACE] graph - -----> statementPart
2021-11-21T23:53:25,171|[TRACE] graph - -------> nonSkippedSpace
2021-11-21T23:53:25,171|[TRACE] script - #out(` `) [token]
2021-11-21T23:53:25,171|[TRACE] graph - <------- nonSkippedSpace
2021-11-21T23:53:25,171|[TRACE] graph - <----- statementPart
2021-11-21T23:53:25,171|[TRACE] graph - -----> statementPart
2021-11-21T23:53:25,171|[TRACE] graph - -------> nonSkippedChar
2021-11-21T23:53:25,171|[TRACE] script - #out(`N`) [token]
2021-11-21T23:53:25,171|[TRACE] graph - <------- nonSkippedChar
2021-11-21T23:53:25,171|[TRACE] graph - <----- statementPart
2021-11-21T23:53:25,171|[TRACE] graph - -----> statementPart
2021-11-21T23:53:25,171|[TRACE] graph - -------> nonSkippedChar
2021-11-21T23:53:25,171|[TRACE] script - #out(`U`) [token]
2021-11-21T23:53:25,171|[TRACE] graph - <------- nonSkippedChar
2021-11-21T23:53:25,171|[TRACE] graph - <----- statementPart
2021-11-21T23:53:25,171|[TRACE] graph - -----> statementPart
2021-11-21T23:53:25,171|[TRACE] graph - -------> nonSkippedChar
2021-11-21T23:53:25,171|[TRACE] script - #out(`L`) [token]
2021-11-21T23:53:25,171|[TRACE] graph - <------- nonSkippedChar
2021-11-21T23:53:25,171|[TRACE] graph - <----- statementPart
2021-11-21T23:53:25,171|[TRACE] graph - -----> statementPart
2021-11-21T23:53:25,171|[TRACE] graph - -------> nonSkippedChar
2021-11-21T23:53:25,171|[TRACE] script - #out(`L`) [token]
2021-11-21T23:53:25,171|[TRACE] graph - <------- nonSkippedChar
2021-11-21T23:53:25,171|[TRACE] graph - <----- statementPart
2021-11-21T23:53:25,171|[TRACE] graph - -----> statementPart
2021-11-21T23:53:25,171|[TRACE] graph - -------> nonSkippedSpace
2021-11-21T23:53:25,171|[TRACE] script - #out(` `) [token]
2021-11-21T23:53:25,171|[TRACE] graph - <------- nonSkippedSpace
2021-11-21T23:53:25,171|[TRACE] graph - <----- statementPart
2021-11-21T23:53:25,171|[TRACE] graph - -----> statementPart
2021-11-21T23:53:25,171|[TRACE] graph - -------> nonSkippedChar
2021-11-21T23:53:25,171|[TRACE] script - #out(`A`) [token]
2021-11-21T23:53:25,171|[TRACE] graph - <------- nonSkippedChar
2021-11-21T23:53:25,171|[TRACE] graph - <----- statementPart
2021-11-21T23:53:25,171|[TRACE] graph - -----> statementPart
2021-11-21T23:53:25,171|[TRACE] graph - -------> nonSkippedChar
2021-11-21T23:53:25,171|[TRACE] script - #out(`U`) [token]
2021-11-21T23:53:25,171|[TRACE] graph - <------- nonSkippedChar
2021-11-21T23:53:25,171|[TRACE] graph - <----- statementPart
2021-11-21T23:53:25,171|[TRACE] graph - -----> statementPart
2021-11-21T23:53:25,171|[TRACE] graph - -------> nonSkippedChar
2021-11-21T23:53:25,171|[TRACE] script - #out(`T`) [token]
2021-11-21T23:53:25,171|[TRACE] graph - <------- nonSkippedChar
2021-11-21T23:53:25,171|[TRACE] graph - <----- statementPart
2021-11-21T23:53:25,171|[TRACE] graph - -----> statementPart
2021-11-21T23:53:25,171|[TRACE] graph - -------> nonSkippedChar
2021-11-21T23:53:25,171|[TRACE] script - #out(`O`) [token]
2021-11-21T23:53:25,171|[TRACE] graph - <------- nonSkippedChar
2021-11-21T23:53:25,171|[TRACE] graph - <----- statementPart
2021-11-21T23:53:25,171|[TRACE] graph - -----> statementPart
2021-11-21T23:53:25,171|[TRACE] graph - -------> nonSkippedChar
2021-11-21T23:53:25,171|[TRACE] script - #out(`_`) [token]
2021-11-21T23:53:25,171|[TRACE] graph - <------- nonSkippedChar
2021-11-21T23:53:25,171|[TRACE] graph - <----- statementPart
2021-11-21T23:53:25,171|[TRACE] graph - -----> statementPart
2021-11-21T23:53:25,171|[TRACE] graph - -------> nonSkippedChar
2021-11-21T23:53:25,172|[TRACE] script - #out(`I`) [token]
2021-11-21T23:53:25,172|[TRACE] graph - <------- nonSkippedChar
2021-11-21T23:53:25,172|[TRACE] graph - <----- statementPart
2021-11-21T23:53:25,172|[TRACE] graph - -----> statementPart
2021-11-21T23:53:25,172|[TRACE] graph - -------> nonSkippedChar
2021-11-21T23:53:25,172|[TRACE] script - #out(`N`) [token]
2021-11-21T23:53:25,172|[TRACE] graph - <------- nonSkippedChar
2021-11-21T23:53:25,172|[TRACE] graph - <----- statementPart
2021-11-21T23:53:25,172|[TRACE] graph - -----> statementPart
2021-11-21T23:53:25,172|[TRACE] graph - -------> nonSkippedChar
2021-11-21T23:53:25,172|[TRACE] script - #out(`C`) [token]
2021-11-21T23:53:25,172|[TRACE] graph - <------- nonSkippedChar
2021-11-21T23:53:25,172|[TRACE] graph - <----- statementPart
2021-11-21T23:53:25,172|[TRACE] graph - -----> statementPart
2021-11-21T23:53:25,172|[TRACE] graph - -------> nonSkippedChar
2021-11-21T23:53:25,172|[TRACE] script - #out(`R`) [token]
2021-11-21T23:53:25,172|[TRACE] graph - <------- nonSkippedChar
2021-11-21T23:53:25,172|[TRACE] graph - <----- statementPart
2021-11-21T23:53:25,172|[TRACE] graph - -----> statementPart
2021-11-21T23:53:25,172|[TRACE] graph - -------> nonSkippedChar
2021-11-21T23:53:25,172|[TRACE] script - #out(`E`) [token]
2021-11-21T23:53:25,172|[TRACE] graph - <------- nonSkippedChar
2021-11-21T23:53:25,172|[TRACE] graph - <----- statementPart
2021-11-21T23:53:25,172|[TRACE] graph - -----> statementPart
2021-11-21T23:53:25,172|[TRACE] graph - -------> nonSkippedChar
2021-11-21T23:53:25,172|[TRACE] script - #out(`M`) [token]
2021-11-21T23:53:25,172|[TRACE] graph - <------- nonSkippedChar
2021-11-21T23:53:25,172|[TRACE] graph - <----- statementPart
2021-11-21T23:53:25,172|[TRACE] graph - -----> statementPart
2021-11-21T23:53:25,172|[TRACE] graph - -------> nonSkippedChar
2021-11-21T23:53:25,172|[TRACE] script - #out(`E`) [token]
2021-11-21T23:53:25,172|[TRACE] graph - <------- nonSkippedChar
2021-11-21T23:53:25,172|[TRACE] graph - <----- statementPart
2021-11-21T23:53:25,172|[TRACE] graph - -----> statementPart
2021-11-21T23:53:25,172|[TRACE] graph - -------> nonSkippedChar
2021-11-21T23:53:25,172|[TRACE] script - #out(`N`) [token]
2021-11-21T23:53:25,172|[TRACE] graph - <------- nonSkippedChar
2021-11-21T23:53:25,172|[TRACE] graph - <----- statementPart
2021-11-21T23:53:25,172|[TRACE] graph - -----> statementPart
2021-11-21T23:53:25,172|[TRACE] graph - -------> nonSkippedChar
2021-11-21T23:53:25,172|[TRACE] script - #out(`T`) [token]
2021-11-21T23:53:25,172|[TRACE] graph - <------- nonSkippedChar
2021-11-21T23:53:25,172|[TRACE] graph - <----- statementPart
2021-11-21T23:53:25,172|[TRACE] graph - -----> statementPart
2021-11-21T23:53:25,172|[TRACE] graph - -------> nonSkippedChar
2021-11-21T23:53:25,172|[TRACE] script - #out(`,`) [token]
2021-11-21T23:53:25,172|[TRACE] graph - <------- nonSkippedChar
2021-11-21T23:53:25,172|[TRACE] graph - <----- statementPart
2021-11-21T23:53:25,172|[TRACE] graph - -----> afterStatementPartNewline
2021-11-21T23:53:25,172|[TRACE] script - #out(` `) [text]
2021-11-21T23:53:25,172|[TRACE] graph - <----- afterStatementPartNewline
2021-11-21T23:53:25,172|[TRACE] graph - -----> statementPart
2021-11-21T23:53:25,172|[TRACE] graph - -------> nonSkippedSpace
2021-11-21T23:53:25,172|[TRACE] script - #out(` `) [token]
2021-11-21T23:53:25,172|[TRACE] graph - <------- nonSkippedSpace
2021-11-21T23:53:25,172|[TRACE] graph - <----- statementPart
2021-11-21T23:53:25,172|[TRACE] graph - -----> statementPart
2021-11-21T23:53:25,172|[TRACE] graph - -------> nonSkippedSpace
2021-11-21T23:53:25,172|[TRACE] script - #out(` `) [token]
2021-11-21T23:53:25,172|[TRACE] graph - <------- nonSkippedSpace
2021-11-21T23:53:25,172|[TRACE] graph - <----- statementPart
2021-11-21T23:53:25,172|[TRACE] graph - -----> statementPart
2021-11-21T23:53:25,172|[TRACE] graph - -------> quotedString
2021-11-21T23:53:25,172|[TRACE] script - #out(``bank_id``) [token]
2021-11-21T23:53:25,172|[TRACE] graph - <------- quotedString
2021-11-21T23:53:25,172|[TRACE] graph - <----- statementPart
2021-11-21T23:53:25,172|[TRACE] graph - -----> statementPart
2021-11-21T23:53:25,172|[TRACE] graph - -------> nonSkippedSpace
2021-11-21T23:53:25,172|[TRACE] script - #out(` `) [token]
2021-11-21T23:53:25,172|[TRACE] graph - <------- nonSkippedSpace
2021-11-21T23:53:25,172|[TRACE] graph - <----- statementPart
2021-11-21T23:53:25,172|[TRACE] graph - -----> statementPart
2021-11-21T23:53:25,172|[TRACE] graph - -------> nonSkippedChar
2021-11-21T23:53:25,172|[TRACE] script - #out(`I`) [token]
2021-11-21T23:53:25,172|[TRACE] graph - <------- nonSkippedChar
2021-11-21T23:53:25,172|[TRACE] graph - <----- statementPart
2021-11-21T23:53:25,172|[TRACE] graph - -----> statementPart
2021-11-21T23:53:25,172|[TRACE] graph - -------> nonSkippedChar
2021-11-21T23:53:25,172|[TRACE] script - #out(`N`) [token]
2021-11-21T23:53:25,172|[TRACE] graph - <------- nonSkippedChar
2021-11-21T23:53:25,172|[TRACE] graph - <----- statementPart
2021-11-21T23:53:25,172|[TRACE] graph - -----> statementPart
2021-11-21T23:53:25,172|[TRACE] graph - -------> nonSkippedChar
2021-11-21T23:53:25,172|[TRACE] script - #out(`T`) [token]
2021-11-21T23:53:25,172|[TRACE] graph - <------- nonSkippedChar
2021-11-21T23:53:25,172|[TRACE] graph - <----- statementPart
2021-11-21T23:53:25,172|[TRACE] graph - -----> statementPart
2021-11-21T23:53:25,172|[TRACE] graph - -------> nonSkippedSpace
2021-11-21T23:53:25,172|[TRACE] script - #out(` `) [token]
2021-11-21T23:53:25,172|[TRACE] graph - <------- nonSkippedSpace
2021-11-21T23:53:25,172|[TRACE] graph - <----- statementPart
2021-11-21T23:53:25,172|[TRACE] graph - -----> statementPart
2021-11-21T23:53:25,210|[TRACE] graph - -------> nonSkippedChar
2021-11-21T23:53:25,211|[TRACE] script - #out(`N`) [token]
2021-11-21T23:53:25,211|[TRACE] graph - <------- nonSkippedChar
2021-11-21T23:53:25,211|[TRACE] graph - <----- statementPart
2021-11-21T23:53:25,211|[TRACE] graph - -----> statementPart
2021-11-21T23:53:25,211|[TRACE] graph - -------> nonSkippedChar
2021-11-21T23:53:25,211|[TRACE] script - #out(`O`) [token]
2021-11-21T23:53:25,211|[TRACE] graph - <------- nonSkippedChar
2021-11-21T23:53:25,211|[TRACE] graph - <----- statementPart
2021-11-21T23:53:25,211|[TRACE] graph - -----> statementPart
2021-11-21T23:53:25,211|[TRACE] graph - -------> nonSkippedChar
2021-11-21T23:53:25,211|[TRACE] script - #out(`T`) [token]
2021-11-21T23:53:25,211|[TRACE] graph - <------- nonSkippedChar
2021-11-21T23:53:25,211|[TRACE] graph - <----- statementPart
2021-11-21T23:53:25,211|[TRACE] graph - -----> statementPart
2021-11-21T23:53:25,211|[TRACE] graph - -------> nonSkippedSpace
2021-11-21T23:53:25,211|[TRACE] script - #out(` `) [token]
2021-11-21T23:53:25,211|[TRACE] graph - <------- nonSkippedSpace
2021-11-21T23:53:25,211|[TRACE] graph - <----- statementPart
2021-11-21T23:53:25,211|[TRACE] graph - -----> statementPart
2021-11-21T23:53:25,211|[TRACE] graph - -------> nonSkippedChar
2021-11-21T23:53:25,211|[TRACE] script - #out(`N`) [token]
2021-11-21T23:53:25,211|[TRACE] graph - <------- nonSkippedChar
2021-11-21T23:53:25,211|[TRACE] graph - <----- statementPart
2021-11-21T23:53:25,211|[TRACE] graph - -----> statementPart
2021-11-21T23:53:25,211|[TRACE] graph - -------> nonSkippedChar
2021-11-21T23:53:25,211|[TRACE] script - #out(`U`) [token]
2021-11-21T23:53:25,211|[TRACE] graph - <------- nonSkippedChar
2021-11-21T23:53:25,211|[TRACE] graph - <----- statementPart
2021-11-21T23:53:25,211|[TRACE] graph - -----> statementPart
2021-11-21T23:53:25,211|[TRACE] graph - -------> nonSkippedChar
2021-11-21T23:53:25,211|[TRACE] script - #out(`L`) [token]
2021-11-21T23:53:25,211|[TRACE] graph - <------- nonSkippedChar
2021-11-21T23:53:25,211|[TRACE] graph - <----- statementPart
2021-11-21T23:53:25,211|[TRACE] graph - -----> statementPart
2021-11-21T23:53:25,211|[TRACE] graph - -------> nonSkippedChar
2021-11-21T23:53:25,211|[TRACE] script - #out(`L`) [token]
2021-11-21T23:53:25,211|[TRACE] graph - <------- nonSkippedChar
2021-11-21T23:53:25,211|[TRACE] graph - <----- statementPart
2021-11-21T23:53:25,211|[TRACE] graph - -----> statementPart
2021-11-21T23:53:25,211|[TRACE] graph - -------> nonSkippedChar
2021-11-21T23:53:25,211|[TRACE] script - #out(`,`) [token]
2021-11-21T23:53:25,211|[TRACE] graph - <------- nonSkippedChar
2021-11-21T23:53:25,211|[TRACE] graph - <----- statementPart
2021-11-21T23:53:25,211|[TRACE] graph - -----> afterStatementPartNewline
2021-11-21T23:53:25,211|[TRACE] script - #out(` `) [text]
2021-11-21T23:53:25,211|[TRACE] graph - <----- afterStatementPartNewline
2021-11-21T23:53:25,211|[TRACE] graph - -----> statementPart
2021-11-21T23:53:25,211|[TRACE] graph - -------> nonSkippedSpace
2021-11-21T23:53:25,211|[TRACE] script - #out(` `) [token]
2021-11-21T23:53:25,211|[TRACE] graph - <------- nonSkippedSpace
2021-11-21T23:53:25,211|[TRACE] graph - <----- statementPart
2021-11-21T23:53:25,211|[TRACE] graph - -----> statementPart
2021-11-21T23:53:25,211|[TRACE] graph - -------> nonSkippedSpace
2021-11-21T23:53:25,211|[TRACE] script - #out(` `) [token]
2021-11-21T23:53:25,211|[TRACE] graph - <------- nonSkippedSpace
2021-11-21T23:53:25,211|[TRACE] graph - <----- statementPart
2021-11-21T23:53:25,211|[TRACE] graph - -----> statementPart
2021-11-21T23:53:25,211|[TRACE] graph - -------> quotedString
2021-11-21T23:53:25,211|[TRACE] script - #out(``milliliters``) [token]
2021-11-21T23:53:25,211|[TRACE] graph - <------- quotedString
2021-11-21T23:53:25,211|[TRACE] graph - <----- statementPart
2021-11-21T23:53:25,211|[TRACE] graph - -----> statementPart
2021-11-21T23:53:25,211|[TRACE] graph - -------> nonSkippedSpace
2021-11-21T23:53:25,211|[TRACE] script - #out(` `) [token]
2021-11-21T23:53:25,211|[TRACE] graph - <------- nonSkippedSpace
2021-11-21T23:53:25,211|[TRACE] graph - <----- statementPart
2021-11-21T23:53:25,211|[TRACE] graph - -----> statementPart
2021-11-21T23:53:25,211|[TRACE] graph - -------> nonSkippedChar
2021-11-21T23:53:25,211|[TRACE] script - #out(`I`) [token]
2021-11-21T23:53:25,211|[TRACE] graph - <------- nonSkippedChar
2021-11-21T23:53:25,211|[TRACE] graph - <----- statementPart
2021-11-21T23:53:25,211|[TRACE] graph - -----> statementPart
2021-11-21T23:53:25,211|[TRACE] graph - -------> nonSkippedChar
2021-11-21T23:53:25,211|[TRACE] script - #out(`N`) [token]
2021-11-21T23:53:25,211|[TRACE] graph - <------- nonSkippedChar
2021-11-21T23:53:25,211|[TRACE] graph - <----- statementPart
2021-11-21T23:53:25,211|[TRACE] graph - -----> statementPart
2021-11-21T23:53:25,211|[TRACE] graph - -------> nonSkippedChar
2021-11-21T23:53:25,211|[TRACE] script - #out(`T`) [token]
2021-11-21T23:53:25,211|[TRACE] graph - <------- nonSkippedChar
2021-11-21T23:53:25,211|[TRACE] graph - <----- statementPart
2021-11-21T23:53:25,211|[TRACE] graph - -----> statementPart
2021-11-21T23:53:25,211|[TRACE] graph - -------> nonSkippedSpace
2021-11-21T23:53:25,211|[TRACE] script - #out(` `) [token]
2021-11-21T23:53:25,211|[TRACE] graph - <------- nonSkippedSpace
2021-11-21T23:53:25,211|[TRACE] graph - <----- statementPart
2021-11-21T23:53:25,211|[TRACE] graph - -----> statementPart
2021-11-21T23:53:25,211|[TRACE] graph - -------> nonSkippedChar
2021-11-21T23:53:25,211|[TRACE] script - #out(`N`) [token]
2021-11-21T23:53:25,211|[TRACE] graph - <------- nonSkippedChar
2021-11-21T23:53:25,211|[TRACE] graph - <----- statementPart
2021-11-21T23:53:25,211|[TRACE] graph - -----> statementPart
2021-11-21T23:53:25,211|[TRACE] graph - -------> nonSkippedChar
2021-11-21T23:53:25,211|[TRACE] script - #out(`O`) [token]
2021-11-21T23:53:25,211|[TRACE] graph - <------- nonSkippedChar
2021-11-21T23:53:25,211|[TRACE] graph - <----- statementPart
2021-11-21T23:53:25,211|[TRACE] graph - -----> statementPart
2021-11-21T23:53:25,211|[TRACE] graph - -------> nonSkippedChar
2021-11-21T23:53:25,211|[TRACE] script - #out(`T`) [token]
2021-11-21T23:53:25,211|[TRACE] graph - <------- nonSkippedChar
2021-11-21T23:53:25,211|[TRACE] graph - <----- statementPart
2021-11-21T23:53:25,211|[TRACE] graph - -----> statementPart
2021-11-21T23:53:25,211|[TRACE] graph - -------> nonSkippedSpace
2021-11-21T23:53:25,211|[TRACE] script - #out(` `) [token]
2021-11-21T23:53:25,211|[TRACE] graph - <------- nonSkippedSpace
2021-11-21T23:53:25,211|[TRACE] graph - <----- statementPart
2021-11-21T23:53:25,211|[TRACE] graph - -----> statementPart
2021-11-21T23:53:25,211|[TRACE] graph - -------> nonSkippedChar
2021-11-21T23:53:25,211|[TRACE] script - #out(`N`) [token]
2021-11-21T23:53:25,211|[TRACE] graph - <------- nonSkippedChar
2021-11-21T23:53:25,211|[TRACE] graph - <----- statementPart
2021-11-21T23:53:25,211|[TRACE] graph - -----> statementPart
2021-11-21T23:53:25,211|[TRACE] graph - -------> nonSkippedChar
2021-11-21T23:53:25,211|[TRACE] script - #out(`U`) [token]
2021-11-21T23:53:25,211|[TRACE] graph - <------- nonSkippedChar
2021-11-21T23:53:25,211|[TRACE] graph - <----- statementPart
2021-11-21T23:53:25,211|[TRACE] graph - -----> statementPart
2021-11-21T23:53:25,211|[TRACE] graph - -------> nonSkippedChar
2021-11-21T23:53:25,211|[TRACE] script - #out(`L`) [token]
2021-11-21T23:53:25,211|[TRACE] graph - <------- nonSkippedChar
2021-11-21T23:53:25,211|[TRACE] graph - <----- statementPart
2021-11-21T23:53:25,211|[TRACE] graph - -----> statementPart
2021-11-21T23:53:25,211|[TRACE] graph - -------> nonSkippedChar
2021-11-21T23:53:25,211|[TRACE] script - #out(`L`) [token]
2021-11-21T23:53:25,211|[TRACE] graph - <------- nonSkippedChar
2021-11-21T23:53:25,211|[TRACE] graph - <----- statementPart
2021-11-21T23:53:25,211|[TRACE] graph - -----> statementPart
2021-11-21T23:53:25,211|[TRACE] graph - -------> nonSkippedChar
2021-11-21T23:53:25,211|[TRACE] script - #out(`,`) [token]
2021-11-21T23:53:25,211|[TRACE] graph - <------- nonSkippedChar
2021-11-21T23:53:25,211|[TRACE] graph - <----- statementPart
2021-11-21T23:53:25,211|[TRACE] graph - -----> afterStatementPartNewline
2021-11-21T23:53:25,211|[TRACE] script - #out(` `) [text]
2021-11-21T23:53:25,211|[TRACE] graph - <----- afterStatementPartNewline
2021-11-21T23:53:25,211|[TRACE] graph - -----> statementPart
2021-11-21T23:53:25,211|[TRACE] graph - -------> nonSkippedSpace
2021-11-21T23:53:25,211|[TRACE] script - #out(` `) [token]
2021-11-21T23:53:25,211|[TRACE] graph - <------- nonSkippedSpace
2021-11-21T23:53:25,211|[TRACE] graph - <----- statementPart
2021-11-21T23:53:25,211|[TRACE] graph - -----> statementPart
2021-11-21T23:53:25,211|[TRACE] graph - -------> nonSkippedSpace
2021-11-21T23:53:25,211|[TRACE] script - #out(` `) [token]
2021-11-21T23:53:25,211|[TRACE] graph - <------- nonSkippedSpace
2021-11-21T23:53:25,211|[TRACE] graph - <----- statementPart
2021-11-21T23:53:25,211|[TRACE] graph - -----> statementPart
2021-11-21T23:53:25,211|[TRACE] graph - -------> quotedString
2021-11-21T23:53:25,211|[TRACE] script - #out(``blood_group``) [token]
2021-11-21T23:53:25,211|[TRACE] graph - <------- quotedString
2021-11-21T23:53:25,211|[TRACE] graph - <----- statementPart
2021-11-21T23:53:25,211|[TRACE] graph - -----> statementPart
2021-11-21T23:53:25,211|[TRACE] graph - -------> nonSkippedSpace
2021-11-21T23:53:25,211|[TRACE] script - #out(` `) [token]
2021-11-21T23:53:25,211|[TRACE] graph - <------- nonSkippedSpace
2021-11-21T23:53:25,211|[TRACE] graph - <----- statementPart
2021-11-21T23:53:25,211|[TRACE] graph - -----> statementPart
2021-11-21T23:53:25,211|[TRACE] graph - -------> nonSkippedChar
2021-11-21T23:53:25,211|[TRACE] script - #out(`C`) [token]
2021-11-21T23:53:25,211|[TRACE] graph - <------- nonSkippedChar
2021-11-21T23:53:25,211|[TRACE] graph - <----- statementPart
2021-11-21T23:53:25,211|[TRACE] graph - -----> statementPart
2021-11-21T23:53:25,211|[TRACE] graph - -------> nonSkippedChar
2021-11-21T23:53:25,211|[TRACE] script - #out(`H`) [token]
2021-11-21T23:53:25,211|[TRACE] graph - <------- nonSkippedChar
2021-11-21T23:53:25,211|[TRACE] graph - <----- statementPart
2021-11-21T23:53:25,211|[TRACE] graph - -----> statementPart
2021-11-21T23:53:25,211|[TRACE] graph - -------> nonSkippedChar
2021-11-21T23:53:25,211|[TRACE] script - #out(`A`) [token]
2021-11-21T23:53:25,211|[TRACE] graph - <------- nonSkippedChar
2021-11-21T23:53:25,211|[TRACE] graph - <----- statementPart
2021-11-21T23:53:25,211|[TRACE] graph - -----> statementPart
2021-11-21T23:53:25,211|[TRACE] graph - -------> nonSkippedChar
2021-11-21T23:53:25,211|[TRACE] script - #out(`R`) [token]
2021-11-21T23:53:25,211|[TRACE] graph - <------- nonSkippedChar
2021-11-21T23:53:25,211|[TRACE] graph - <----- statementPart
2021-11-21T23:53:25,211|[TRACE] graph - -----> statementPart
2021-11-21T23:53:25,211|[TRACE] graph - -------> nonSkippedChar
2021-11-21T23:53:25,211|[TRACE] script - #out(`(`) [token]
2021-11-21T23:53:25,211|[TRACE] graph - <------- nonSkippedChar
2021-11-21T23:53:25,211|[TRACE] graph - <----- statementPart
2021-11-21T23:53:25,211|[TRACE] graph - -----> statementPart
2021-11-21T23:53:25,211|[TRACE] graph - -------> nonSkippedChar
2021-11-21T23:53:25,211|[TRACE] script - #out(`2`) [token]
2021-11-21T23:53:25,211|[TRACE] graph - <------- nonSkippedChar
2021-11-21T23:53:25,211|[TRACE] graph - <----- statementPart
2021-11-21T23:53:25,211|[TRACE] graph - -----> statementPart
2021-11-21T23:53:25,211|[TRACE] graph - -------> nonSkippedChar
2021-11-21T23:53:25,211|[TRACE] script - #out(`)`) [token]
2021-11-21T23:53:25,211|[TRACE] graph - <------- nonSkippedChar
2021-11-21T23:53:25,211|[TRACE] graph - <----- statementPart
2021-11-21T23:53:25,211|[TRACE] graph - -----> statementPart
2021-11-21T23:53:25,211|[TRACE] graph - -------> nonSkippedSpace
2021-11-21T23:53:25,211|[TRACE] script - #out(` `) [token]
2021-11-21T23:53:25,211|[TRACE] graph - <------- nonSkippedSpace
2021-11-21T23:53:25,211|[TRACE] graph - <----- statementPart
2021-11-21T23:53:25,211|[TRACE] graph - -----> statementPart
2021-11-21T23:53:25,211|[TRACE] graph - -------> nonSkippedChar
2021-11-21T23:53:25,211|[TRACE] script - #out(`N`) [token]
2021-11-21T23:53:25,211|[TRACE] graph - <------- nonSkippedChar
2021-11-21T23:53:25,211|[TRACE] graph - <----- statementPart
2021-11-21T23:53:25,211|[TRACE] graph - -----> statementPart
2021-11-21T23:53:25,211|[TRACE] graph - -------> nonSkippedChar
2021-11-21T23:53:25,211|[TRACE] script - #out(`O`) [token]
2021-11-21T23:53:25,211|[TRACE] graph - <------- nonSkippedChar
2021-11-21T23:53:25,211|[TRACE] graph - <----- statementPart
2021-11-21T23:53:25,211|[TRACE] graph - -----> statementPart
2021-11-21T23:53:25,211|[TRACE] graph - -------> nonSkippedChar
2021-11-21T23:53:25,211|[TRACE] script - #out(`T`) [token]
2021-11-21T23:53:25,211|[TRACE] graph - <------- nonSkippedChar
2021-11-21T23:53:25,211|[TRACE] graph - <----- statementPart
2021-11-21T23:53:25,211|[TRACE] graph - -----> statementPart
2021-11-21T23:53:25,211|[TRACE] graph - -------> nonSkippedSpace
2021-11-21T23:53:25,211|[TRACE] script - #out(` `) [token]
2021-11-21T23:53:25,211|[TRACE] graph - <------- nonSkippedSpace
2021-11-21T23:53:25,211|[TRACE] graph - <----- statementPart
2021-11-21T23:53:25,211|[TRACE] graph - -----> statementPart
2021-11-21T23:53:25,211|[TRACE] graph - -------> nonSkippedChar
2021-11-21T23:53:25,211|[TRACE] script - #out(`N`) [token]
2021-11-21T23:53:25,211|[TRACE] graph - <------- nonSkippedChar
2021-11-21T23:53:25,211|[TRACE] graph - <----- statementPart
2021-11-21T23:53:25,211|[TRACE] graph - -----> statementPart
2021-11-21T23:53:25,211|[TRACE] graph - -------> nonSkippedChar
2021-11-21T23:53:25,211|[TRACE] script - #out(`U`) [token]
2021-11-21T23:53:25,211|[TRACE] graph - <------- nonSkippedChar
2021-11-21T23:53:25,211|[TRACE] graph - <----- statementPart
2021-11-21T23:53:25,211|[TRACE] graph - -----> statementPart
2021-11-21T23:53:25,211|[TRACE] graph - -------> nonSkippedChar
2021-11-21T23:53:25,211|[TRACE] script - #out(`L`) [token]
2021-11-21T23:53:25,211|[TRACE] graph - <------- nonSkippedChar
2021-11-21T23:53:25,211|[TRACE] graph - <----- statementPart
2021-11-21T23:53:25,211|[TRACE] graph - -----> statementPart
2021-11-21T23:53:25,211|[TRACE] graph - -------> nonSkippedChar
2021-11-21T23:53:25,211|[TRACE] script - #out(`L`) [token]
2021-11-21T23:53:25,211|[TRACE] graph - <------- nonSkippedChar
2021-11-21T23:53:25,211|[TRACE] graph - <----- statementPart
2021-11-21T23:53:25,211|[TRACE] graph - -----> statementPart
2021-11-21T23:53:25,212|[TRACE] graph - -------> nonSkippedChar
2021-11-21T23:53:25,212|[TRACE] script - #out(`,`) [token]
2021-11-21T23:53:25,212|[TRACE] graph - <------- nonSkippedChar
2021-11-21T23:53:25,212|[TRACE] graph - <----- statementPart
2021-11-21T23:53:25,212|[TRACE] graph - -----> afterStatementPartNewline
2021-11-21T23:53:25,212|[TRACE] script - #out(` `) [text]
2021-11-21T23:53:25,212|[TRACE] graph - <----- afterStatementPartNewline
2021-11-21T23:53:25,212|[TRACE] graph - -----> statementPart
2021-11-21T23:53:25,212|[TRACE] graph - -------> nonSkippedSpace
2021-11-21T23:53:25,212|[TRACE] script - #out(` `) [token]
2021-11-21T23:53:25,212|[TRACE] graph - <------- nonSkippedSpace
2021-11-21T23:53:25,212|[TRACE] graph - <----- statementPart
2021-11-21T23:53:25,212|[TRACE] graph - -----> statementPart
2021-11-21T23:53:25,212|[TRACE] graph - -------> nonSkippedSpace
2021-11-21T23:53:25,212|[TRACE] script - #out(` `) [token]
2021-11-21T23:53:25,212|[TRACE] graph - <------- nonSkippedSpace
2021-11-21T23:53:25,212|[TRACE] graph - <----- statementPart
2021-11-21T23:53:25,212|[TRACE] graph - -----> statementPart
2021-11-21T23:53:25,212|[TRACE] graph - -------> quotedString
2021-11-21T23:53:25,212|[TRACE] script - #out(``rhd``) [token]
2021-11-21T23:53:25,212|[TRACE] graph - <------- quotedString
2021-11-21T23:53:25,212|[TRACE] graph - <----- statementPart
2021-11-21T23:53:25,212|[TRACE] graph - -----> statementPart
2021-11-21T23:53:25,212|[TRACE] graph - -------> nonSkippedSpace
2021-11-21T23:53:25,212|[TRACE] script - #out(` `) [token]
2021-11-21T23:53:25,212|[TRACE] graph - <------- nonSkippedSpace
2021-11-21T23:53:25,212|[TRACE] graph - <----- statementPart
2021-11-21T23:53:25,212|[TRACE] graph - -----> statementPart
2021-11-21T23:53:25,212|[TRACE] graph - -------> nonSkippedChar
2021-11-21T23:53:25,212|[TRACE] script - #out(`B`) [token]
2021-11-21T23:53:25,212|[TRACE] graph - <------- nonSkippedChar
2021-11-21T23:53:25,212|[TRACE] graph - <----- statementPart
2021-11-21T23:53:25,212|[TRACE] graph - -----> statementPart
2021-11-21T23:53:25,212|[TRACE] graph - -------> nonSkippedChar
2021-11-21T23:53:25,212|[TRACE] script - #out(`I`) [token]
2021-11-21T23:53:25,212|[TRACE] graph - <------- nonSkippedChar
2021-11-21T23:53:25,212|[TRACE] graph - <----- statementPart
2021-11-21T23:53:25,212|[TRACE] graph - -----> statementPart
2021-11-21T23:53:25,212|[TRACE] graph - -------> nonSkippedChar
2021-11-21T23:53:25,212|[TRACE] script - #out(`T`) [token]
2021-11-21T23:53:25,212|[TRACE] graph - <------- nonSkippedChar
2021-11-21T23:53:25,212|[TRACE] graph - <----- statementPart
2021-11-21T23:53:25,212|[TRACE] graph - -----> statementPart
2021-11-21T23:53:25,212|[TRACE] graph - -------> nonSkippedChar
2021-11-21T23:53:25,212|[TRACE] script - #out(`(`) [token]
2021-11-21T23:53:25,212|[TRACE] graph - <------- nonSkippedChar
2021-11-21T23:53:25,212|[TRACE] graph - <----- statementPart
2021-11-21T23:53:25,212|[TRACE] graph - -----> statementPart
2021-11-21T23:53:25,212|[TRACE] graph - -------> nonSkippedChar
2021-11-21T23:53:25,212|[TRACE] script - #out(`1`) [token]
2021-11-21T23:53:25,212|[TRACE] graph - <------- nonSkippedChar
2021-11-21T23:53:25,212|[TRACE] graph - <----- statementPart
2021-11-21T23:53:25,212|[TRACE] graph - -----> statementPart
2021-11-21T23:53:25,212|[TRACE] graph - -------> nonSkippedChar
2021-11-21T23:53:25,212|[TRACE] script - #out(`)`) [token]
2021-11-21T23:53:25,212|[TRACE] graph - <------- nonSkippedChar
2021-11-21T23:53:25,212|[TRACE] graph - <----- statementPart
2021-11-21T23:53:25,212|[TRACE] graph - -----> statementPart
2021-11-21T23:53:25,212|[TRACE] graph - -------> nonSkippedSpace
2021-11-21T23:53:25,212|[TRACE] script - #out(` `) [token]
2021-11-21T23:53:25,212|[TRACE] graph - <------- nonSkippedSpace
2021-11-21T23:53:25,212|[TRACE] graph - <----- statementPart
2021-11-21T23:53:25,212|[TRACE] graph - -----> statementPart
2021-11-21T23:53:25,212|[TRACE] graph - -------> nonSkippedChar
2021-11-21T23:53:25,212|[TRACE] script - #out(`N`) [token]
2021-11-21T23:53:25,212|[TRACE] graph - <------- nonSkippedChar
2021-11-21T23:53:25,212|[TRACE] graph - <----- statementPart
2021-11-21T23:53:25,212|[TRACE] graph - -----> statementPart
2021-11-21T23:53:25,212|[TRACE] graph - -------> nonSkippedChar
2021-11-21T23:53:25,212|[TRACE] script - #out(`O`) [token]
2021-11-21T23:53:25,212|[TRACE] graph - <------- nonSkippedChar
2021-11-21T23:53:25,212|[TRACE] graph - <----- statementPart
2021-11-21T23:53:25,212|[TRACE] graph - -----> statementPart
2021-11-21T23:53:25,212|[TRACE] graph - -------> nonSkippedChar
2021-11-21T23:53:25,212|[TRACE] script - #out(`T`) [token]
2021-11-21T23:53:25,212|[TRACE] graph - <------- nonSkippedChar
2021-11-21T23:53:25,212|[TRACE] graph - <----- statementPart
2021-11-21T23:53:25,212|[TRACE] graph - -----> statementPart
2021-11-21T23:53:25,212|[TRACE] graph - -------> nonSkippedSpace
2021-11-21T23:53:25,212|[TRACE] script - #out(` `) [token]
2021-11-21T23:53:25,212|[TRACE] graph - <------- nonSkippedSpace
2021-11-21T23:53:25,212|[TRACE] graph - <----- statementPart
2021-11-21T23:53:25,212|[TRACE] graph - -----> statementPart
2021-11-21T23:53:25,212|[TRACE] graph - -------> nonSkippedChar
2021-11-21T23:53:25,212|[TRACE] script - #out(`N`) [token]
2021-11-21T23:53:25,212|[TRACE] graph - <------- nonSkippedChar
2021-11-21T23:53:25,212|[TRACE] graph - <----- statementPart
2021-11-21T23:53:25,212|[TRACE] graph - -----> statementPart
2021-11-21T23:53:25,212|[TRACE] graph - -------> nonSkippedChar
2021-11-21T23:53:25,212|[TRACE] script - #out(`U`) [token]
2021-11-21T23:53:25,212|[TRACE] graph - <------- nonSkippedChar
2021-11-21T23:53:25,212|[TRACE] graph - <----- statementPart
2021-11-21T23:53:25,212|[TRACE] graph - -----> statementPart
2021-11-21T23:53:25,212|[TRACE] graph - -------> nonSkippedChar
2021-11-21T23:53:25,212|[TRACE] script - #out(`L`) [token]
2021-11-21T23:53:25,212|[TRACE] graph - <------- nonSkippedChar
2021-11-21T23:53:25,212|[TRACE] graph - <----- statementPart
2021-11-21T23:53:25,212|[TRACE] graph - -----> statementPart
2021-11-21T23:53:25,212|[TRACE] graph - -------> nonSkippedChar
2021-11-21T23:53:25,212|[TRACE] script - #out(`L`) [token]
2021-11-21T23:53:25,212|[TRACE] graph - <------- nonSkippedChar
2021-11-21T23:53:25,212|[TRACE] graph - <----- statementPart
2021-11-21T23:53:25,212|[TRACE] graph - -----> statementPart
2021-11-21T23:53:25,212|[TRACE] graph - -------> nonSkippedChar
2021-11-21T23:53:25,212|[TRACE] script - #out(`,`) [token]
2021-11-21T23:53:25,212|[TRACE] graph - <------- nonSkippedChar
2021-11-21T23:53:25,212|[TRACE] graph - <----- statementPart
2021-11-21T23:53:25,212|[TRACE] graph - -----> afterStatementPartNewline
2021-11-21T23:53:25,212|[TRACE] script - #out(` `) [text]
2021-11-21T23:53:25,212|[TRACE] graph - <----- afterStatementPartNewline
2021-11-21T23:53:25,212|[TRACE] graph - -----> statementPart
2021-11-21T23:53:25,212|[TRACE] graph - -------> nonSkippedSpace
2021-11-21T23:53:25,212|[TRACE] script - #out(` `) [token]
2021-11-21T23:53:25,212|[TRACE] graph - <------- nonSkippedSpace
2021-11-21T23:53:25,212|[TRACE] graph - <----- statementPart
2021-11-21T23:53:25,212|[TRACE] graph - -----> statementPart
2021-11-21T23:53:25,212|[TRACE] graph - -------> nonSkippedSpace
2021-11-21T23:53:25,212|[TRACE] script - #out(` `) [token]
2021-11-21T23:53:25,212|[TRACE] graph - <------- nonSkippedSpace
2021-11-21T23:53:25,212|[TRACE] graph - <----- statementPart
2021-11-21T23:53:25,212|[TRACE] graph - -----> statementPart
2021-11-21T23:53:25,212|[TRACE] graph - -------> quotedString
2021-11-21T23:53:25,212|[TRACE] script - #out(``created``) [token]
2021-11-21T23:53:25,212|[TRACE] graph - <------- quotedString
2021-11-21T23:53:25,212|[TRACE] graph - <----- statementPart
2021-11-21T23:53:25,212|[TRACE] graph - -----> statementPart
2021-11-21T23:53:25,212|[TRACE] graph - -------> nonSkippedSpace
2021-11-21T23:53:25,212|[TRACE] script - #out(` `) [token]
2021-11-21T23:53:25,212|[TRACE] graph - <------- nonSkippedSpace
2021-11-21T23:53:25,212|[TRACE] graph - <----- statementPart
2021-11-21T23:53:25,212|[TRACE] graph - -----> statementPart
2021-11-21T23:53:25,212|[TRACE] graph - -------> nonSkippedChar
2021-11-21T23:53:25,212|[TRACE] script - #out(`B`) [token]
2021-11-21T23:53:25,212|[TRACE] graph - <------- nonSkippedChar
2021-11-21T23:53:25,212|[TRACE] graph - <----- statementPart
2021-11-21T23:53:25,212|[TRACE] graph - -----> statementPart
2021-11-21T23:53:25,212|[TRACE] graph - -------> nonSkippedChar
2021-11-21T23:53:25,212|[TRACE] script - #out(`I`) [token]
2021-11-21T23:53:25,212|[TRACE] graph - <------- nonSkippedChar
2021-11-21T23:53:25,212|[TRACE] graph - <----- statementPart
2021-11-21T23:53:25,212|[TRACE] graph - -----> statementPart
2021-11-21T23:53:25,212|[TRACE] graph - -------> nonSkippedChar
2021-11-21T23:53:25,212|[TRACE] script - #out(`G`) [token]
2021-11-21T23:53:25,212|[TRACE] graph - <------- nonSkippedChar
2021-11-21T23:53:25,212|[TRACE] graph - <----- statementPart
2021-11-21T23:53:25,212|[TRACE] graph - -----> statementPart
2021-11-21T23:53:25,212|[TRACE] graph - -------> nonSkippedChar
2021-11-21T23:53:25,212|[TRACE] script - #out(`I`) [token]
2021-11-21T23:53:25,212|[TRACE] graph - <------- nonSkippedChar
2021-11-21T23:53:25,212|[TRACE] graph - <----- statementPart
2021-11-21T23:53:25,212|[TRACE] graph - -----> statementPart
2021-11-21T23:53:25,212|[TRACE] graph - -------> nonSkippedChar
2021-11-21T23:53:25,212|[TRACE] script - #out(`N`) [token]
2021-11-21T23:53:25,212|[TRACE] graph - <------- nonSkippedChar
2021-11-21T23:53:25,212|[TRACE] graph - <----- statementPart
2021-11-21T23:53:25,212|[TRACE] graph - -----> statementPart
2021-11-21T23:53:25,212|[TRACE] graph - -------> nonSkippedChar
2021-11-21T23:53:25,212|[TRACE] script - #out(`T`) [token]
2021-11-21T23:53:25,212|[TRACE] graph - <------- nonSkippedChar
2021-11-21T23:53:25,212|[TRACE] graph - <----- statementPart
2021-11-21T23:53:25,212|[TRACE] graph - -----> statementPart
2021-11-21T23:53:25,212|[TRACE] graph - -------> nonSkippedSpace
2021-11-21T23:53:25,212|[TRACE] script - #out(` `) [token]
2021-11-21T23:53:25,212|[TRACE] graph - <------- nonSkippedSpace
2021-11-21T23:53:25,212|[TRACE] graph - <----- statementPart
2021-11-21T23:53:25,212|[TRACE] graph - -----> statementPart
2021-11-21T23:53:25,212|[TRACE] graph - -------> nonSkippedChar
2021-11-21T23:53:25,212|[TRACE] script - #out(`N`) [token]
2021-11-21T23:53:25,212|[TRACE] graph - <------- nonSkippedChar
2021-11-21T23:53:25,212|[TRACE] graph - <----- statementPart
2021-11-21T23:53:25,212|[TRACE] graph - -----> statementPart
2021-11-21T23:53:25,212|[TRACE] graph - -------> nonSkippedChar
2021-11-21T23:53:25,212|[TRACE] script - #out(`O`) [token]
2021-11-21T23:53:25,212|[TRACE] graph - <------- nonSkippedChar
2021-11-21T23:53:25,212|[TRACE] graph - <----- statementPart
2021-11-21T23:53:25,212|[TRACE] graph - -----> statementPart
2021-11-21T23:53:25,212|[TRACE] graph - -------> nonSkippedChar
2021-11-21T23:53:25,212|[TRACE] script - #out(`T`) [token]
2021-11-21T23:53:25,212|[TRACE] graph - <------- nonSkippedChar
2021-11-21T23:53:25,212|[TRACE] graph - <----- statementPart
2021-11-21T23:53:25,212|[TRACE] graph - -----> statementPart
2021-11-21T23:53:25,212|[TRACE] graph - -------> nonSkippedSpace
2021-11-21T23:53:25,212|[TRACE] script - #out(` `) [token]
2021-11-21T23:53:25,212|[TRACE] graph - <------- nonSkippedSpace
2021-11-21T23:53:25,212|[TRACE] graph - <----- statementPart
2021-11-21T23:53:25,212|[TRACE] graph - -----> statementPart
2021-11-21T23:53:25,212|[TRACE] graph - -------> nonSkippedChar
2021-11-21T23:53:25,212|[TRACE] script - #out(`N`) [token]
2021-11-21T23:53:25,212|[TRACE] graph - <------- nonSkippedChar
2021-11-21T23:53:25,212|[TRACE] graph - <----- statementPart
2021-11-21T23:53:25,212|[TRACE] graph - -----> statementPart
2021-11-21T23:53:25,212|[TRACE] graph - -------> nonSkippedChar
2021-11-21T23:53:25,212|[TRACE] script - #out(`U`) [token]
2021-11-21T23:53:25,212|[TRACE] graph - <------- nonSkippedChar
2021-11-21T23:53:25,212|[TRACE] graph - <----- statementPart
2021-11-21T23:53:25,212|[TRACE] graph - -----> statementPart
2021-11-21T23:53:25,212|[TRACE] graph - -------> nonSkippedChar
2021-11-21T23:53:25,212|[TRACE] script - #out(`L`) [token]
2021-11-21T23:53:25,212|[TRACE] graph - <------- nonSkippedChar
2021-11-21T23:53:25,212|[TRACE] graph - <----- statementPart
2021-11-21T23:53:25,212|[TRACE] graph - -----> statementPart
2021-11-21T23:53:25,212|[TRACE] graph - -------> nonSkippedChar
2021-11-21T23:53:25,212|[TRACE] script - #out(`L`) [token]
2021-11-21T23:53:25,212|[TRACE] graph - <------- nonSkippedChar
2021-11-21T23:53:25,212|[TRACE] graph - <----- statementPart
2021-11-21T23:53:25,212|[TRACE] graph - -----> statementPart
2021-11-21T23:53:25,212|[TRACE] graph - -------> nonSkippedSpace
2021-11-21T23:53:25,212|[TRACE] script - #out(` `) [token]
2021-11-21T23:53:25,212|[TRACE] graph - <------- nonSkippedSpace
2021-11-21T23:53:25,212|[TRACE] graph - <----- statementPart
2021-11-21T23:53:25,212|[TRACE] graph - -----> statementPart
2021-11-21T23:53:25,212|[TRACE] graph - -------> nonSkippedChar
2021-11-21T23:53:25,212|[TRACE] script - #out(`D`) [token]
2021-11-21T23:53:25,212|[TRACE] graph - <------- nonSkippedChar
2021-11-21T23:53:25,212|[TRACE] graph - <----- statementPart
2021-11-21T23:53:25,212|[TRACE] graph - -----> statementPart
2021-11-21T23:53:25,212|[TRACE] graph - -------> nonSkippedChar
2021-11-21T23:53:25,212|[TRACE] script - #out(`E`) [token]
2021-11-21T23:53:25,212|[TRACE] graph - <------- nonSkippedChar
2021-11-21T23:53:25,212|[TRACE] graph - <----- statementPart
2021-11-21T23:53:25,212|[TRACE] graph - -----> statementPart
2021-11-21T23:53:25,212|[TRACE] graph - -------> nonSkippedChar
2021-11-21T23:53:25,212|[TRACE] script - #out(`F`) [token]
2021-11-21T23:53:25,212|[TRACE] graph - <------- nonSkippedChar
2021-11-21T23:53:25,212|[TRACE] graph - <----- statementPart
2021-11-21T23:53:25,212|[TRACE] graph - -----> statementPart
2021-11-21T23:53:25,212|[TRACE] graph - -------> nonSkippedChar
2021-11-21T23:53:25,212|[TRACE] script - #out(`A`) [token]
2021-11-21T23:53:25,252|[TRACE] graph - <------- nonSkippedChar
2021-11-21T23:53:25,252|[TRACE] graph - <----- statementPart
2021-11-21T23:53:25,252|[TRACE] graph - -----> statementPart
2021-11-21T23:53:25,252|[TRACE] graph - -------> nonSkippedChar
2021-11-21T23:53:25,252|[TRACE] script - #out(`U`) [token]
2021-11-21T23:53:25,252|[TRACE] graph - <------- nonSkippedChar
2021-11-21T23:53:25,252|[TRACE] graph - <----- statementPart
2021-11-21T23:53:25,252|[TRACE] graph - -----> statementPart
2021-11-21T23:53:25,252|[TRACE] graph - -------> nonSkippedChar
2021-11-21T23:53:25,252|[TRACE] script - #out(`L`) [token]
2021-11-21T23:53:25,252|[TRACE] graph - <------- nonSkippedChar
2021-11-21T23:53:25,252|[TRACE] graph - <----- statementPart
2021-11-21T23:53:25,252|[TRACE] graph - -----> statementPart
2021-11-21T23:53:25,252|[TRACE] graph - -------> nonSkippedChar
2021-11-21T23:53:25,252|[TRACE] script - #out(`T`) [token]
2021-11-21T23:53:25,252|[TRACE] graph - <------- nonSkippedChar
2021-11-21T23:53:25,252|[TRACE] graph - <----- statementPart
2021-11-21T23:53:25,252|[TRACE] graph - -----> statementPart
2021-11-21T23:53:25,252|[TRACE] graph - -------> nonSkippedSpace
2021-11-21T23:53:25,252|[TRACE] script - #out(` `) [token]
2021-11-21T23:53:25,252|[TRACE] graph - <------- nonSkippedSpace
2021-11-21T23:53:25,252|[TRACE] graph - <----- statementPart
2021-11-21T23:53:25,252|[TRACE] graph - -----> statementPart
2021-11-21T23:53:25,252|[TRACE] graph - -------> nonSkippedChar
2021-11-21T23:53:25,252|[TRACE] script - #out(`(`) [token]
2021-11-21T23:53:25,252|[TRACE] graph - <------- nonSkippedChar
2021-11-21T23:53:25,252|[TRACE] graph - <----- statementPart
2021-11-21T23:53:25,252|[TRACE] graph - -----> statementPart
2021-11-21T23:53:25,252|[TRACE] graph - -------> nonSkippedChar
2021-11-21T23:53:25,252|[TRACE] script - #out(`u`) [token]
2021-11-21T23:53:25,252|[TRACE] graph - <------- nonSkippedChar
2021-11-21T23:53:25,252|[TRACE] graph - <----- statementPart
2021-11-21T23:53:25,252|[TRACE] graph - -----> statementPart
2021-11-21T23:53:25,252|[TRACE] graph - -------> nonSkippedChar
2021-11-21T23:53:25,252|[TRACE] script - #out(`n`) [token]
2021-11-21T23:53:25,252|[TRACE] graph - <------- nonSkippedChar
2021-11-21T23:53:25,252|[TRACE] graph - <----- statementPart
2021-11-21T23:53:25,252|[TRACE] graph - -----> statementPart
2021-11-21T23:53:25,252|[TRACE] graph - -------> nonSkippedChar
2021-11-21T23:53:25,252|[TRACE] script - #out(`i`) [token]
2021-11-21T23:53:25,252|[TRACE] graph - <------- nonSkippedChar
2021-11-21T23:53:25,252|[TRACE] graph - <----- statementPart
2021-11-21T23:53:25,252|[TRACE] graph - -----> statementPart
2021-11-21T23:53:25,252|[TRACE] graph - -------> nonSkippedChar
2021-11-21T23:53:25,252|[TRACE] script - #out(`x`) [token]
2021-11-21T23:53:25,252|[TRACE] graph - <------- nonSkippedChar
2021-11-21T23:53:25,252|[TRACE] graph - <----- statementPart
2021-11-21T23:53:25,252|[TRACE] graph - -----> statementPart
2021-11-21T23:53:25,252|[TRACE] graph - -------> nonSkippedChar
2021-11-21T23:53:25,252|[TRACE] script - #out(`_`) [token]
2021-11-21T23:53:25,252|[TRACE] graph - <------- nonSkippedChar
2021-11-21T23:53:25,252|[TRACE] graph - <----- statementPart
2021-11-21T23:53:25,252|[TRACE] graph - -----> statementPart
2021-11-21T23:53:25,252|[TRACE] graph - -------> nonSkippedChar
2021-11-21T23:53:25,252|[TRACE] script - #out(`t`) [token]
2021-11-21T23:53:25,252|[TRACE] graph - <------- nonSkippedChar
2021-11-21T23:53:25,252|[TRACE] graph - <----- statementPart
2021-11-21T23:53:25,252|[TRACE] graph - -----> statementPart
2021-11-21T23:53:25,252|[TRACE] graph - -------> nonSkippedChar
2021-11-21T23:53:25,252|[TRACE] script - #out(`i`) [token]
2021-11-21T23:53:25,252|[TRACE] graph - <------- nonSkippedChar
2021-11-21T23:53:25,252|[TRACE] graph - <----- statementPart
2021-11-21T23:53:25,252|[TRACE] graph - -----> statementPart
2021-11-21T23:53:25,252|[TRACE] graph - -------> nonSkippedChar
2021-11-21T23:53:25,252|[TRACE] script - #out(`m`) [token]
2021-11-21T23:53:25,252|[TRACE] graph - <------- nonSkippedChar
2021-11-21T23:53:25,252|[TRACE] graph - <----- statementPart
2021-11-21T23:53:25,252|[TRACE] graph - -----> statementPart
2021-11-21T23:53:25,252|[TRACE] graph - -------> nonSkippedChar
2021-11-21T23:53:25,252|[TRACE] script - #out(`e`) [token]
2021-11-21T23:53:25,252|[TRACE] graph - <------- nonSkippedChar
2021-11-21T23:53:25,252|[TRACE] graph - <----- statementPart
2021-11-21T23:53:25,252|[TRACE] graph - -----> statementPart
2021-11-21T23:53:25,252|[TRACE] graph - -------> nonSkippedChar
2021-11-21T23:53:25,252|[TRACE] script - #out(`s`) [token]
2021-11-21T23:53:25,252|[TRACE] graph - <------- nonSkippedChar
2021-11-21T23:53:25,252|[TRACE] graph - <----- statementPart
2021-11-21T23:53:25,252|[TRACE] graph - -----> statementPart
2021-11-21T23:53:25,252|[TRACE] graph - -------> nonSkippedChar
2021-11-21T23:53:25,252|[TRACE] script - #out(`t`) [token]
2021-11-21T23:53:25,252|[TRACE] graph - <------- nonSkippedChar
2021-11-21T23:53:25,252|[TRACE] graph - <----- statementPart
2021-11-21T23:53:25,252|[TRACE] graph - -----> statementPart
2021-11-21T23:53:25,252|[TRACE] graph - -------> nonSkippedChar
2021-11-21T23:53:25,252|[TRACE] script - #out(`a`) [token]
2021-11-21T23:53:25,252|[TRACE] graph - <------- nonSkippedChar
2021-11-21T23:53:25,252|[TRACE] graph - <----- statementPart
2021-11-21T23:53:25,252|[TRACE] graph - -----> statementPart
2021-11-21T23:53:25,252|[TRACE] graph - -------> nonSkippedChar
2021-11-21T23:53:25,252|[TRACE] script - #out(`m`) [token]
2021-11-21T23:53:25,252|[TRACE] graph - <------- nonSkippedChar
2021-11-21T23:53:25,252|[TRACE] graph - <----- statementPart
2021-11-21T23:53:25,252|[TRACE] graph - -----> statementPart
2021-11-21T23:53:25,252|[TRACE] graph - -------> nonSkippedChar
2021-11-21T23:53:25,252|[TRACE] script - #out(`p`) [token]
2021-11-21T23:53:25,252|[TRACE] graph - <------- nonSkippedChar
2021-11-21T23:53:25,252|[TRACE] graph - <----- statementPart
2021-11-21T23:53:25,252|[TRACE] graph - -----> statementPart
2021-11-21T23:53:25,252|[TRACE] graph - -------> nonSkippedChar
2021-11-21T23:53:25,252|[TRACE] script - #out(`(`) [token]
2021-11-21T23:53:25,252|[TRACE] graph - <------- nonSkippedChar
2021-11-21T23:53:25,252|[TRACE] graph - <----- statementPart
2021-11-21T23:53:25,252|[TRACE] graph - -----> statementPart
2021-11-21T23:53:25,252|[TRACE] graph - -------> nonSkippedChar
2021-11-21T23:53:25,252|[TRACE] script - #out(`n`) [token]
2021-11-21T23:53:25,252|[TRACE] graph - <------- nonSkippedChar
2021-11-21T23:53:25,252|[TRACE] graph - <----- statementPart
2021-11-21T23:53:25,252|[TRACE] graph - -----> statementPart
2021-11-21T23:53:25,252|[TRACE] graph - -------> nonSkippedChar
2021-11-21T23:53:25,252|[TRACE] script - #out(`o`) [token]
2021-11-21T23:53:25,252|[TRACE] graph - <------- nonSkippedChar
2021-11-21T23:53:25,252|[TRACE] graph - <----- statementPart
2021-11-21T23:53:25,252|[TRACE] graph - -----> statementPart
2021-11-21T23:53:25,252|[TRACE] graph - -------> nonSkippedChar
2021-11-21T23:53:25,252|[TRACE] script - #out(`w`) [token]
2021-11-21T23:53:25,252|[TRACE] graph - <------- nonSkippedChar
2021-11-21T23:53:25,252|[TRACE] graph - <----- statementPart
2021-11-21T23:53:25,252|[TRACE] graph - -----> statementPart
2021-11-21T23:53:25,252|[TRACE] graph - -------> nonSkippedChar
2021-11-21T23:53:25,252|[TRACE] script - #out(`(`) [token]
2021-11-21T23:53:25,252|[TRACE] graph - <------- nonSkippedChar
2021-11-21T23:53:25,252|[TRACE] graph - <----- statementPart
2021-11-21T23:53:25,252|[TRACE] graph - -----> statementPart
2021-11-21T23:53:25,252|[TRACE] graph - -------> nonSkippedChar
2021-11-21T23:53:25,252|[TRACE] script - #out(`)`) [token]
2021-11-21T23:53:25,252|[TRACE] graph - <------- nonSkippedChar
2021-11-21T23:53:25,252|[TRACE] graph - <----- statementPart
2021-11-21T23:53:25,252|[TRACE] graph - -----> statementPart
2021-11-21T23:53:25,252|[TRACE] graph - -------> nonSkippedChar
2021-11-21T23:53:25,252|[TRACE] script - #out(`)`) [token]
2021-11-21T23:53:25,252|[TRACE] graph - <------- nonSkippedChar
2021-11-21T23:53:25,252|[TRACE] graph - <----- statementPart
2021-11-21T23:53:25,252|[TRACE] graph - -----> statementPart
2021-11-21T23:53:25,252|[TRACE] graph - -------> nonSkippedSpace
2021-11-21T23:53:25,252|[TRACE] script - #out(` `) [token]
2021-11-21T23:53:25,252|[TRACE] graph - <------- nonSkippedSpace
2021-11-21T23:53:25,252|[TRACE] graph - <----- statementPart
2021-11-21T23:53:25,252|[TRACE] graph - -----> statementPart
2021-11-21T23:53:25,252|[TRACE] graph - -------> nonSkippedChar
2021-11-21T23:53:25,252|[TRACE] script - #out(`*`) [token]
2021-11-21T23:53:25,252|[TRACE] graph - <------- nonSkippedChar
2021-11-21T23:53:25,252|[TRACE] graph - <----- statementPart
2021-11-21T23:53:25,252|[TRACE] graph - -----> statementPart
2021-11-21T23:53:25,252|[TRACE] graph - -------> nonSkippedSpace
2021-11-21T23:53:25,252|[TRACE] script - #out(` `) [token]
2021-11-21T23:53:25,252|[TRACE] graph - <------- nonSkippedSpace
2021-11-21T23:53:25,252|[TRACE] graph - <----- statementPart
2021-11-21T23:53:25,252|[TRACE] graph - -----> statementPart
2021-11-21T23:53:25,252|[TRACE] graph - -------> nonSkippedChar
2021-11-21T23:53:25,252|[TRACE] script - #out(`1`) [token]
2021-11-21T23:53:25,252|[TRACE] graph - <------- nonSkippedChar
2021-11-21T23:53:25,252|[TRACE] graph - <----- statementPart
2021-11-21T23:53:25,252|[TRACE] graph - -----> statementPart
2021-11-21T23:53:25,252|[TRACE] graph - -------> nonSkippedChar
2021-11-21T23:53:25,252|[TRACE] script - #out(`0`) [token]
2021-11-21T23:53:25,252|[TRACE] graph - <------- nonSkippedChar
2021-11-21T23:53:25,252|[TRACE] graph - <----- statementPart
2021-11-21T23:53:25,252|[TRACE] graph - -----> statementPart
2021-11-21T23:53:25,252|[TRACE] graph - -------> nonSkippedChar
2021-11-21T23:53:25,252|[TRACE] script - #out(`0`) [token]
2021-11-21T23:53:25,252|[TRACE] graph - <------- nonSkippedChar
2021-11-21T23:53:25,252|[TRACE] graph - <----- statementPart
2021-11-21T23:53:25,252|[TRACE] graph - -----> statementPart
2021-11-21T23:53:25,252|[TRACE] graph - -------> nonSkippedChar
2021-11-21T23:53:25,252|[TRACE] script - #out(`0`) [token]
2021-11-21T23:53:25,252|[TRACE] graph - <------- nonSkippedChar
2021-11-21T23:53:25,252|[TRACE] graph - <----- statementPart
2021-11-21T23:53:25,252|[TRACE] graph - -----> statementPart
2021-11-21T23:53:25,252|[TRACE] graph - -------> nonSkippedChar
2021-11-21T23:53:25,252|[TRACE] script - #out(`)`) [token]
2021-11-21T23:53:25,252|[TRACE] graph - <------- nonSkippedChar
2021-11-21T23:53:25,252|[TRACE] graph - <----- statementPart
2021-11-21T23:53:25,252|[TRACE] graph - -----> statementPart
2021-11-21T23:53:25,252|[TRACE] graph - -------> nonSkippedChar
2021-11-21T23:53:25,252|[TRACE] script - #out(`,`) [token]
2021-11-21T23:53:25,252|[TRACE] graph - <------- nonSkippedChar
2021-11-21T23:53:25,252|[TRACE] graph - <----- statementPart
2021-11-21T23:53:25,252|[TRACE] graph - -----> afterStatementPartNewline
2021-11-21T23:53:25,252|[TRACE] script - #out(` `) [text]
2021-11-21T23:53:25,252|[TRACE] graph - <----- afterStatementPartNewline
2021-11-21T23:53:25,252|[TRACE] graph - -----> statementPart
2021-11-21T23:53:25,252|[TRACE] graph - -------> nonSkippedSpace
2021-11-21T23:53:25,252|[TRACE] script - #out(` `) [token]
2021-11-21T23:53:25,252|[TRACE] graph - <------- nonSkippedSpace
2021-11-21T23:53:25,252|[TRACE] graph - <----- statementPart
2021-11-21T23:53:25,252|[TRACE] graph - -----> statementPart
2021-11-21T23:53:25,252|[TRACE] graph - -------> nonSkippedSpace
2021-11-21T23:53:25,252|[TRACE] script - #out(` `) [token]
2021-11-21T23:53:25,252|[TRACE] graph - <------- nonSkippedSpace
2021-11-21T23:53:25,252|[TRACE] graph - <----- statementPart
2021-11-21T23:53:25,252|[TRACE] graph - -----> statementPart
2021-11-21T23:53:25,252|[TRACE] graph - -------> quotedString
2021-11-21T23:53:25,252|[TRACE] script - #out(``updated``) [token]
2021-11-21T23:53:25,252|[TRACE] graph - <------- quotedString
2021-11-21T23:53:25,252|[TRACE] graph - <----- statementPart
2021-11-21T23:53:25,252|[TRACE] graph - -----> statementPart
2021-11-21T23:53:25,252|[TRACE] graph - -------> nonSkippedSpace
2021-11-21T23:53:25,252|[TRACE] script - #out(` `) [token]
2021-11-21T23:53:25,252|[TRACE] graph - <------- nonSkippedSpace
2021-11-21T23:53:25,252|[TRACE] graph - <----- statementPart
2021-11-21T23:53:25,252|[TRACE] graph - -----> statementPart
2021-11-21T23:53:25,252|[TRACE] graph - -------> nonSkippedChar
2021-11-21T23:53:25,252|[TRACE] script - #out(`B`) [token]
2021-11-21T23:53:25,252|[TRACE] graph - <------- nonSkippedChar
2021-11-21T23:53:25,252|[TRACE] graph - <----- statementPart
2021-11-21T23:53:25,252|[TRACE] graph - -----> statementPart
2021-11-21T23:53:25,252|[TRACE] graph - -------> nonSkippedChar
2021-11-21T23:53:25,252|[TRACE] script - #out(`I`) [token]
2021-11-21T23:53:25,252|[TRACE] graph - <------- nonSkippedChar
2021-11-21T23:53:25,252|[TRACE] graph - <----- statementPart
2021-11-21T23:53:25,252|[TRACE] graph - -----> statementPart
2021-11-21T23:53:25,252|[TRACE] graph - -------> nonSkippedChar
2021-11-21T23:53:25,252|[TRACE] script - #out(`G`) [token]
2021-11-21T23:53:25,252|[TRACE] graph - <------- nonSkippedChar
2021-11-21T23:53:25,252|[TRACE] graph - <----- statementPart
2021-11-21T23:53:25,252|[TRACE] graph - -----> statementPart
2021-11-21T23:53:25,252|[TRACE] graph - -------> nonSkippedChar
2021-11-21T23:53:25,252|[TRACE] script - #out(`I`) [token]
2021-11-21T23:53:25,252|[TRACE] graph - <------- nonSkippedChar
2021-11-21T23:53:25,252|[TRACE] graph - <----- statementPart
2021-11-21T23:53:25,252|[TRACE] graph - -----> statementPart
2021-11-21T23:53:25,252|[TRACE] graph - -------> nonSkippedChar
2021-11-21T23:53:25,252|[TRACE] script - #out(`N`) [token]
2021-11-21T23:53:25,252|[TRACE] graph - <------- nonSkippedChar
2021-11-21T23:53:25,252|[TRACE] graph - <----- statementPart
2021-11-21T23:53:25,252|[TRACE] graph - -----> statementPart
2021-11-21T23:53:25,252|[TRACE] graph - -------> nonSkippedChar
2021-11-21T23:53:25,252|[TRACE] script - #out(`T`) [token]
2021-11-21T23:53:25,252|[TRACE] graph - <------- nonSkippedChar
2021-11-21T23:53:25,252|[TRACE] graph - <----- statementPart
2021-11-21T23:53:25,252|[TRACE] graph - -----> statementPart
2021-11-21T23:53:25,252|[TRACE] graph - -------> nonSkippedSpace
2021-11-21T23:53:25,252|[TRACE] script - #out(` `) [token]
2021-11-21T23:53:25,252|[TRACE] graph - <------- nonSkippedSpace
2021-11-21T23:53:25,252|[TRACE] graph - <----- statementPart
2021-11-21T23:53:25,252|[TRACE] graph - -----> statementPart
2021-11-21T23:53:25,252|[TRACE] graph - -------> nonSkippedChar
2021-11-21T23:53:25,252|[TRACE] script - #out(`N`) [token]
2021-11-21T23:53:25,252|[TRACE] graph - <------- nonSkippedChar
2021-11-21T23:53:25,252|[TRACE] graph - <----- statementPart
2021-11-21T23:53:25,252|[TRACE] graph - -----> statementPart
2021-11-21T23:53:25,252|[TRACE] graph - -------> nonSkippedChar
2021-11-21T23:53:25,252|[TRACE] script - #out(`O`) [token]
2021-11-21T23:53:25,253|[TRACE] graph - <------- nonSkippedChar
2021-11-21T23:53:25,253|[TRACE] graph - <----- statementPart
2021-11-21T23:53:25,253|[TRACE] graph - -----> statementPart
2021-11-21T23:53:25,253|[TRACE] graph - -------> nonSkippedChar
2021-11-21T23:53:25,253|[TRACE] script - #out(`T`) [token]
2021-11-21T23:53:25,253|[TRACE] graph - <------- nonSkippedChar
2021-11-21T23:53:25,253|[TRACE] graph - <----- statementPart
2021-11-21T23:53:25,253|[TRACE] graph - -----> statementPart
2021-11-21T23:53:25,253|[TRACE] graph - -------> nonSkippedSpace
2021-11-21T23:53:25,253|[TRACE] script - #out(` `) [token]
2021-11-21T23:53:25,253|[TRACE] graph - <------- nonSkippedSpace
2021-11-21T23:53:25,253|[TRACE] graph - <----- statementPart
2021-11-21T23:53:25,253|[TRACE] graph - -----> statementPart
2021-11-21T23:53:25,253|[TRACE] graph - -------> nonSkippedChar
2021-11-21T23:53:25,253|[TRACE] script - #out(`N`) [token]
2021-11-21T23:53:25,253|[TRACE] graph - <------- nonSkippedChar
2021-11-21T23:53:25,253|[TRACE] graph - <----- statementPart
2021-11-21T23:53:25,253|[TRACE] graph - -----> statementPart
2021-11-21T23:53:25,253|[TRACE] graph - -------> nonSkippedChar
2021-11-21T23:53:25,253|[TRACE] script - #out(`U`) [token]
2021-11-21T23:53:25,253|[TRACE] graph - <------- nonSkippedChar
2021-11-21T23:53:25,253|[TRACE] graph - <----- statementPart
2021-11-21T23:53:25,253|[TRACE] graph - -----> statementPart
2021-11-21T23:53:25,253|[TRACE] graph - -------> nonSkippedChar
2021-11-21T23:53:25,253|[TRACE] script - #out(`L`) [token]
2021-11-21T23:53:25,253|[TRACE] graph - <------- nonSkippedChar
2021-11-21T23:53:25,253|[TRACE] graph - <----- statementPart
2021-11-21T23:53:25,253|[TRACE] graph - -----> statementPart
2021-11-21T23:53:25,253|[TRACE] graph - -------> nonSkippedChar
2021-11-21T23:53:25,253|[TRACE] script - #out(`L`) [token]
2021-11-21T23:53:25,253|[TRACE] graph - <------- nonSkippedChar
2021-11-21T23:53:25,253|[TRACE] graph - <----- statementPart
2021-11-21T23:53:25,253|[TRACE] graph - -----> statementPart
2021-11-21T23:53:25,253|[TRACE] graph - -------> nonSkippedSpace
2021-11-21T23:53:25,253|[TRACE] script - #out(` `) [token]
2021-11-21T23:53:25,253|[TRACE] graph - <------- nonSkippedSpace
2021-11-21T23:53:25,253|[TRACE] graph - <----- statementPart
2021-11-21T23:53:25,253|[TRACE] graph - -----> statementPart
2021-11-21T23:53:25,253|[TRACE] graph - -------> nonSkippedChar
2021-11-21T23:53:25,253|[TRACE] script - #out(`D`) [token]
2021-11-21T23:53:25,253|[TRACE] graph - <------- nonSkippedChar
2021-11-21T23:53:25,253|[TRACE] graph - <----- statementPart
2021-11-21T23:53:25,253|[TRACE] graph - -----> statementPart
2021-11-21T23:53:25,253|[TRACE] graph - -------> nonSkippedChar
2021-11-21T23:53:25,253|[TRACE] script - #out(`E`) [token]
2021-11-21T23:53:25,253|[TRACE] graph - <------- nonSkippedChar
2021-11-21T23:53:25,253|[TRACE] graph - <----- statementPart
2021-11-21T23:53:25,253|[TRACE] graph - -----> statementPart
2021-11-21T23:53:25,253|[TRACE] graph - -------> nonSkippedChar
2021-11-21T23:53:25,253|[TRACE] script - #out(`F`) [token]
2021-11-21T23:53:25,253|[TRACE] graph - <------- nonSkippedChar
2021-11-21T23:53:25,253|[TRACE] graph - <----- statementPart
2021-11-21T23:53:25,253|[TRACE] graph - -----> statementPart
2021-11-21T23:53:25,253|[TRACE] graph - -------> nonSkippedChar
2021-11-21T23:53:25,253|[TRACE] script - #out(`A`) [token]
2021-11-21T23:53:25,253|[TRACE] graph - <------- nonSkippedChar
2021-11-21T23:53:25,253|[TRACE] graph - <----- statementPart
2021-11-21T23:53:25,253|[TRACE] graph - -----> statementPart
2021-11-21T23:53:25,253|[TRACE] graph - -------> nonSkippedChar
2021-11-21T23:53:25,253|[TRACE] script - #out(`U`) [token]
2021-11-21T23:53:25,253|[TRACE] graph - <------- nonSkippedChar
2021-11-21T23:53:25,253|[TRACE] graph - <----- statementPart
2021-11-21T23:53:25,253|[TRACE] graph - -----> statementPart
2021-11-21T23:53:25,253|[TRACE] graph - -------> nonSkippedChar
2021-11-21T23:53:25,253|[TRACE] script - #out(`L`) [token]
2021-11-21T23:53:25,253|[TRACE] graph - <------- nonSkippedChar
2021-11-21T23:53:25,253|[TRACE] graph - <----- statementPart
2021-11-21T23:53:25,253|[TRACE] graph - -----> statementPart
2021-11-21T23:53:25,253|[TRACE] graph - -------> nonSkippedChar
2021-11-21T23:53:25,253|[TRACE] script - #out(`T`) [token]
2021-11-21T23:53:25,253|[TRACE] graph - <------- nonSkippedChar
2021-11-21T23:53:25,253|[TRACE] graph - <----- statementPart
2021-11-21T23:53:25,253|[TRACE] graph - -----> statementPart
2021-11-21T23:53:25,253|[TRACE] graph - -------> nonSkippedSpace
2021-11-21T23:53:25,253|[TRACE] script - #out(` `) [token]
2021-11-21T23:53:25,253|[TRACE] graph - <------- nonSkippedSpace
2021-11-21T23:53:25,253|[TRACE] graph - <----- statementPart
2021-11-21T23:53:25,253|[TRACE] graph - -----> statementPart
2021-11-21T23:53:25,253|[TRACE] graph - -------> nonSkippedChar
2021-11-21T23:53:25,253|[TRACE] script - #out(`(`) [token]
2021-11-21T23:53:25,253|[TRACE] graph - <------- nonSkippedChar
2021-11-21T23:53:25,253|[TRACE] graph - <----- statementPart
2021-11-21T23:53:25,253|[TRACE] graph - -----> statementPart
2021-11-21T23:53:25,253|[TRACE] graph - -------> nonSkippedChar
2021-11-21T23:53:25,253|[TRACE] script - #out(`u`) [token]
2021-11-21T23:53:25,253|[TRACE] graph - <------- nonSkippedChar
2021-11-21T23:53:25,253|[TRACE] graph - <----- statementPart
2021-11-21T23:53:25,253|[TRACE] graph - -----> statementPart
2021-11-21T23:53:25,253|[TRACE] graph - -------> nonSkippedChar
2021-11-21T23:53:25,253|[TRACE] script - #out(`n`) [token]
2021-11-21T23:53:25,253|[TRACE] graph - <------- nonSkippedChar
2021-11-21T23:53:25,253|[TRACE] graph - <----- statementPart
2021-11-21T23:53:25,253|[TRACE] graph - -----> statementPart
2021-11-21T23:53:25,253|[TRACE] graph - -------> nonSkippedChar
2021-11-21T23:53:25,253|[TRACE] script - #out(`i`) [token]
2021-11-21T23:53:25,253|[TRACE] graph - <------- nonSkippedChar
2021-11-21T23:53:25,253|[TRACE] graph - <----- statementPart
2021-11-21T23:53:25,253|[TRACE] graph - -----> statementPart
2021-11-21T23:53:25,253|[TRACE] graph - -------> nonSkippedChar
2021-11-21T23:53:25,253|[TRACE] script - #out(`x`) [token]
2021-11-21T23:53:25,253|[TRACE] graph - <------- nonSkippedChar
2021-11-21T23:53:25,253|[TRACE] graph - <----- statementPart
2021-11-21T23:53:25,253|[TRACE] graph - -----> statementPart
2021-11-21T23:53:25,253|[TRACE] graph - -------> nonSkippedChar
2021-11-21T23:53:25,253|[TRACE] script - #out(`_`) [token]
2021-11-21T23:53:25,253|[TRACE] graph - <------- nonSkippedChar
2021-11-21T23:53:25,253|[TRACE] graph - <----- statementPart
2021-11-21T23:53:25,253|[TRACE] graph - -----> statementPart
2021-11-21T23:53:25,253|[TRACE] graph - -------> nonSkippedChar
2021-11-21T23:53:25,253|[TRACE] script - #out(`t`) [token]
2021-11-21T23:53:25,253|[TRACE] graph - <------- nonSkippedChar
2021-11-21T23:53:25,253|[TRACE] graph - <----- statementPart
2021-11-21T23:53:25,253|[TRACE] graph - -----> statementPart
2021-11-21T23:53:25,253|[TRACE] graph - -------> nonSkippedChar
2021-11-21T23:53:25,253|[TRACE] script - #out(`i`) [token]
2021-11-21T23:53:25,253|[TRACE] graph - <------- nonSkippedChar
2021-11-21T23:53:25,253|[TRACE] graph - <----- statementPart
2021-11-21T23:53:25,253|[TRACE] graph - -----> statementPart
2021-11-21T23:53:25,253|[TRACE] graph - -------> nonSkippedChar
2021-11-21T23:53:25,253|[TRACE] script - #out(`m`) [token]
2021-11-21T23:53:25,253|[TRACE] graph - <------- nonSkippedChar
2021-11-21T23:53:25,253|[TRACE] graph - <----- statementPart
2021-11-21T23:53:25,253|[TRACE] graph - -----> statementPart
2021-11-21T23:53:25,253|[TRACE] graph - -------> nonSkippedChar
2021-11-21T23:53:25,253|[TRACE] script - #out(`e`) [token]
2021-11-21T23:53:25,253|[TRACE] graph - <------- nonSkippedChar
2021-11-21T23:53:25,253|[TRACE] graph - <----- statementPart
2021-11-21T23:53:25,253|[TRACE] graph - -----> statementPart
2021-11-21T23:53:25,253|[TRACE] graph - -------> nonSkippedChar
2021-11-21T23:53:25,253|[TRACE] script - #out(`s`) [token]
2021-11-21T23:53:25,253|[TRACE] graph - <------- nonSkippedChar
2021-11-21T23:53:25,253|[TRACE] graph - <----- statementPart
2021-11-21T23:53:25,253|[TRACE] graph - -----> statementPart
2021-11-21T23:53:25,253|[TRACE] graph - -------> nonSkippedChar
2021-11-21T23:53:25,253|[TRACE] script - #out(`t`) [token]
2021-11-21T23:53:25,253|[TRACE] graph - <------- nonSkippedChar
2021-11-21T23:53:25,253|[TRACE] graph - <----- statementPart
2021-11-21T23:53:25,253|[TRACE] graph - -----> statementPart
2021-11-21T23:53:25,253|[TRACE] graph - -------> nonSkippedChar
2021-11-21T23:53:25,253|[TRACE] script - #out(`a`) [token]
2021-11-21T23:53:25,253|[TRACE] graph - <------- nonSkippedChar
2021-11-21T23:53:25,253|[TRACE] graph - <----- statementPart
2021-11-21T23:53:25,253|[TRACE] graph - -----> statementPart
2021-11-21T23:53:25,253|[TRACE] graph - -------> nonSkippedChar
2021-11-21T23:53:25,253|[TRACE] script - #out(`m`) [token]
2021-11-21T23:53:25,253|[TRACE] graph - <------- nonSkippedChar
2021-11-21T23:53:25,253|[TRACE] graph - <----- statementPart
2021-11-21T23:53:25,253|[TRACE] graph - -----> statementPart
2021-11-21T23:53:25,253|[TRACE] graph - -------> nonSkippedChar
2021-11-21T23:53:25,253|[TRACE] script - #out(`p`) [token]
2021-11-21T23:53:25,253|[TRACE] graph - <------- nonSkippedChar
2021-11-21T23:53:25,253|[TRACE] graph - <----- statementPart
2021-11-21T23:53:25,253|[TRACE] graph - -----> statementPart
2021-11-21T23:53:25,253|[TRACE] graph - -------> nonSkippedChar
2021-11-21T23:53:25,253|[TRACE] script - #out(`(`) [token]
2021-11-21T23:53:25,253|[TRACE] graph - <------- nonSkippedChar
2021-11-21T23:53:25,253|[TRACE] graph - <----- statementPart
2021-11-21T23:53:25,253|[TRACE] graph - -----> statementPart
2021-11-21T23:53:25,253|[TRACE] graph - -------> nonSkippedChar
2021-11-21T23:53:25,253|[TRACE] script - #out(`n`) [token]
2021-11-21T23:53:25,253|[TRACE] graph - <------- nonSkippedChar
2021-11-21T23:53:25,253|[TRACE] graph - <----- statementPart
2021-11-21T23:53:25,253|[TRACE] graph - -----> statementPart
2021-11-21T23:53:25,253|[TRACE] graph - -------> nonSkippedChar
2021-11-21T23:53:25,253|[TRACE] script - #out(`o`) [token]
2021-11-21T23:53:25,253|[TRACE] graph - <------- nonSkippedChar
2021-11-21T23:53:25,253|[TRACE] graph - <----- statementPart
2021-11-21T23:53:25,253|[TRACE] graph - -----> statementPart
2021-11-21T23:53:25,253|[TRACE] graph - -------> nonSkippedChar
2021-11-21T23:53:25,253|[TRACE] script - #out(`w`) [token]
2021-11-21T23:53:25,253|[TRACE] graph - <------- nonSkippedChar
2021-11-21T23:53:25,253|[TRACE] graph - <----- statementPart
2021-11-21T23:53:25,253|[TRACE] graph - -----> statementPart
2021-11-21T23:53:25,253|[TRACE] graph - -------> nonSkippedChar
2021-11-21T23:53:25,253|[TRACE] script - #out(`(`) [token]
2021-11-21T23:53:25,253|[TRACE] graph - <------- nonSkippedChar
2021-11-21T23:53:25,253|[TRACE] graph - <----- statementPart
2021-11-21T23:53:25,253|[TRACE] graph - -----> statementPart
2021-11-21T23:53:25,253|[TRACE] graph - -------> nonSkippedChar
2021-11-21T23:53:25,253|[TRACE] script - #out(`)`) [token]
2021-11-21T23:53:25,253|[TRACE] graph - <------- nonSkippedChar
2021-11-21T23:53:25,253|[TRACE] graph - <----- statementPart
2021-11-21T23:53:25,253|[TRACE] graph - -----> statementPart
2021-11-21T23:53:25,253|[TRACE] graph - -------> nonSkippedChar
2021-11-21T23:53:25,253|[TRACE] script - #out(`)`) [token]
2021-11-21T23:53:25,253|[TRACE] graph - <------- nonSkippedChar
2021-11-21T23:53:25,253|[TRACE] graph - <----- statementPart
2021-11-21T23:53:25,253|[TRACE] graph - -----> statementPart
2021-11-21T23:53:25,253|[TRACE] graph - -------> nonSkippedSpace
2021-11-21T23:53:25,253|[TRACE] script - #out(` `) [token]
2021-11-21T23:53:25,253|[TRACE] graph - <------- nonSkippedSpace
2021-11-21T23:53:25,253|[TRACE] graph - <----- statementPart
2021-11-21T23:53:25,253|[TRACE] graph - -----> statementPart
2021-11-21T23:53:25,253|[TRACE] graph - -------> nonSkippedChar
2021-11-21T23:53:25,253|[TRACE] script - #out(`*`) [token]
2021-11-21T23:53:25,253|[TRACE] graph - <------- nonSkippedChar
2021-11-21T23:53:25,253|[TRACE] graph - <----- statementPart
2021-11-21T23:53:25,253|[TRACE] graph - -----> statementPart
2021-11-21T23:53:25,253|[TRACE] graph - -------> nonSkippedSpace
2021-11-21T23:53:25,253|[TRACE] script - #out(` `) [token]
2021-11-21T23:53:25,253|[TRACE] graph - <------- nonSkippedSpace
2021-11-21T23:53:25,253|[TRACE] graph - <----- statementPart
2021-11-21T23:53:25,253|[TRACE] graph - -----> statementPart
2021-11-21T23:53:25,253|[TRACE] graph - -------> nonSkippedChar
2021-11-21T23:53:25,253|[TRACE] script - #out(`1`) [token]
2021-11-21T23:53:25,253|[TRACE] graph - <------- nonSkippedChar
2021-11-21T23:53:25,253|[TRACE] graph - <----- statementPart
2021-11-21T23:53:25,253|[TRACE] graph - -----> statementPart
2021-11-21T23:53:25,253|[TRACE] graph - -------> nonSkippedChar
2021-11-21T23:53:25,253|[TRACE] script - #out(`0`) [token]
2021-11-21T23:53:25,253|[TRACE] graph - <------- nonSkippedChar
2021-11-21T23:53:25,253|[TRACE] graph - <----- statementPart
2021-11-21T23:53:25,253|[TRACE] graph - -----> statementPart
2021-11-21T23:53:25,253|[TRACE] graph - -------> nonSkippedChar
2021-11-21T23:53:25,253|[TRACE] script - #out(`0`) [token]
2021-11-21T23:53:25,253|[TRACE] graph - <------- nonSkippedChar
2021-11-21T23:53:25,253|[TRACE] graph - <----- statementPart
2021-11-21T23:53:25,253|[TRACE] graph - -----> statementPart
2021-11-21T23:53:25,253|[TRACE] graph - -------> nonSkippedChar
2021-11-21T23:53:25,253|[TRACE] script - #out(`0`) [token]
2021-11-21T23:53:25,253|[TRACE] graph - <------- nonSkippedChar
2021-11-21T23:53:25,253|[TRACE] graph - <----- statementPart
2021-11-21T23:53:25,295|[TRACE] graph - -----> statementPart
2021-11-21T23:53:25,295|[TRACE] graph - -------> nonSkippedChar
2021-11-21T23:53:25,295|[TRACE] script - #out(`)`) [token]
2021-11-21T23:53:25,295|[TRACE] graph - <------- nonSkippedChar
2021-11-21T23:53:25,295|[TRACE] graph - <----- statementPart
2021-11-21T23:53:25,295|[TRACE] graph - -----> statementPart
2021-11-21T23:53:25,295|[TRACE] graph - -------> nonSkippedChar
2021-11-21T23:53:25,295|[TRACE] script - #out(`,`) [token]
2021-11-21T23:53:25,295|[TRACE] graph - <------- nonSkippedChar
2021-11-21T23:53:25,295|[TRACE] graph - <----- statementPart
2021-11-21T23:53:25,295|[TRACE] graph - -----> afterStatementPartNewline
2021-11-21T23:53:25,295|[TRACE] script - #out(` `) [text]
2021-11-21T23:53:25,295|[TRACE] graph - <----- afterStatementPartNewline
2021-11-21T23:53:25,295|[TRACE] graph - -----> statementPart
2021-11-21T23:53:25,295|[TRACE] graph - -------> nonSkippedSpace
2021-11-21T23:53:25,295|[TRACE] script - #out(` `) [token]
2021-11-21T23:53:25,295|[TRACE] graph - <------- nonSkippedSpace
2021-11-21T23:53:25,295|[TRACE] graph - <----- statementPart
2021-11-21T23:53:25,295|[TRACE] graph - -----> statementPart
2021-11-21T23:53:25,295|[TRACE] graph - -------> nonSkippedSpace
2021-11-21T23:53:25,295|[TRACE] script - #out(` `) [token]
2021-11-21T23:53:25,295|[TRACE] graph - <------- nonSkippedSpace
2021-11-21T23:53:25,295|[TRACE] graph - <----- statementPart
2021-11-21T23:53:25,295|[TRACE] graph - -----> statementPart
2021-11-21T23:53:25,295|[TRACE] graph - -------> quotedString
2021-11-21T23:53:25,295|[TRACE] script - #out(``version``) [token]
2021-11-21T23:53:25,295|[TRACE] graph - <------- quotedString
2021-11-21T23:53:25,295|[TRACE] graph - <----- statementPart
2021-11-21T23:53:25,295|[TRACE] graph - -----> statementPart
2021-11-21T23:53:25,295|[TRACE] graph - -------> nonSkippedSpace
2021-11-21T23:53:25,295|[TRACE] script - #out(` `) [token]
2021-11-21T23:53:25,295|[TRACE] graph - <------- nonSkippedSpace
2021-11-21T23:53:25,295|[TRACE] graph - <----- statementPart
2021-11-21T23:53:25,295|[TRACE] graph - -----> statementPart
2021-11-21T23:53:25,295|[TRACE] graph - -------> nonSkippedChar
2021-11-21T23:53:25,295|[TRACE] script - #out(`I`) [token]
2021-11-21T23:53:25,295|[TRACE] graph - <------- nonSkippedChar
2021-11-21T23:53:25,295|[TRACE] graph - <----- statementPart
2021-11-21T23:53:25,295|[TRACE] graph - -----> statementPart
2021-11-21T23:53:25,295|[TRACE] graph - -------> nonSkippedChar
2021-11-21T23:53:25,295|[TRACE] script - #out(`N`) [token]
2021-11-21T23:53:25,295|[TRACE] graph - <------- nonSkippedChar
2021-11-21T23:53:25,295|[TRACE] graph - <----- statementPart
2021-11-21T23:53:25,295|[TRACE] graph - -----> statementPart
2021-11-21T23:53:25,295|[TRACE] graph - -------> nonSkippedChar
2021-11-21T23:53:25,295|[TRACE] script - #out(`T`) [token]
2021-11-21T23:53:25,295|[TRACE] graph - <------- nonSkippedChar
2021-11-21T23:53:25,295|[TRACE] graph - <----- statementPart
2021-11-21T23:53:25,295|[TRACE] graph - -----> statementPart
2021-11-21T23:53:25,295|[TRACE] graph - -------> nonSkippedSpace
2021-11-21T23:53:25,295|[TRACE] script - #out(` `) [token]
2021-11-21T23:53:25,295|[TRACE] graph - <------- nonSkippedSpace
2021-11-21T23:53:25,295|[TRACE] graph - <----- statementPart
2021-11-21T23:53:25,295|[TRACE] graph - -----> statementPart
2021-11-21T23:53:25,295|[TRACE] graph - -------> nonSkippedChar
2021-11-21T23:53:25,295|[TRACE] script - #out(`N`) [token]
2021-11-21T23:53:25,295|[TRACE] graph - <------- nonSkippedChar
2021-11-21T23:53:25,295|[TRACE] graph - <----- statementPart
2021-11-21T23:53:25,295|[TRACE] graph - -----> statementPart
2021-11-21T23:53:25,295|[TRACE] graph - -------> nonSkippedChar
2021-11-21T23:53:25,295|[TRACE] script - #out(`O`) [token]
2021-11-21T23:53:25,295|[TRACE] graph - <------- nonSkippedChar
2021-11-21T23:53:25,295|[TRACE] graph - <----- statementPart
2021-11-21T23:53:25,295|[TRACE] graph - -----> statementPart
2021-11-21T23:53:25,295|[TRACE] graph - -------> nonSkippedChar
2021-11-21T23:53:25,295|[TRACE] script - #out(`T`) [token]
2021-11-21T23:53:25,295|[TRACE] graph - <------- nonSkippedChar
2021-11-21T23:53:25,295|[TRACE] graph - <----- statementPart
2021-11-21T23:53:25,295|[TRACE] graph - -----> statementPart
2021-11-21T23:53:25,295|[TRACE] graph - -------> nonSkippedSpace
2021-11-21T23:53:25,295|[TRACE] script - #out(` `) [token]
2021-11-21T23:53:25,295|[TRACE] graph - <------- nonSkippedSpace
2021-11-21T23:53:25,295|[TRACE] graph - <----- statementPart
2021-11-21T23:53:25,295|[TRACE] graph - -----> statementPart
2021-11-21T23:53:25,295|[TRACE] graph - -------> nonSkippedChar
2021-11-21T23:53:25,295|[TRACE] script - #out(`N`) [token]
2021-11-21T23:53:25,295|[TRACE] graph - <------- nonSkippedChar
2021-11-21T23:53:25,295|[TRACE] graph - <----- statementPart
2021-11-21T23:53:25,295|[TRACE] graph - -----> statementPart
2021-11-21T23:53:25,295|[TRACE] graph - -------> nonSkippedChar
2021-11-21T23:53:25,295|[TRACE] script - #out(`U`) [token]
2021-11-21T23:53:25,295|[TRACE] graph - <------- nonSkippedChar
2021-11-21T23:53:25,295|[TRACE] graph - <----- statementPart
2021-11-21T23:53:25,295|[TRACE] graph - -----> statementPart
2021-11-21T23:53:25,295|[TRACE] graph - -------> nonSkippedChar
2021-11-21T23:53:25,295|[TRACE] script - #out(`L`) [token]
2021-11-21T23:53:25,295|[TRACE] graph - <------- nonSkippedChar
2021-11-21T23:53:25,295|[TRACE] graph - <----- statementPart
2021-11-21T23:53:25,295|[TRACE] graph - -----> statementPart
2021-11-21T23:53:25,295|[TRACE] graph - -------> nonSkippedChar
2021-11-21T23:53:25,295|[TRACE] script - #out(`L`) [token]
2021-11-21T23:53:25,295|[TRACE] graph - <------- nonSkippedChar
2021-11-21T23:53:25,295|[TRACE] graph - <----- statementPart
2021-11-21T23:53:25,295|[TRACE] graph - -----> statementPart
2021-11-21T23:53:25,295|[TRACE] graph - -------> nonSkippedSpace
2021-11-21T23:53:25,295|[TRACE] script - #out(` `) [token]
2021-11-21T23:53:25,295|[TRACE] graph - <------- nonSkippedSpace
2021-11-21T23:53:25,295|[TRACE] graph - <----- statementPart
2021-11-21T23:53:25,295|[TRACE] graph - -----> statementPart
2021-11-21T23:53:25,295|[TRACE] graph - -------> nonSkippedChar
2021-11-21T23:53:25,295|[TRACE] script - #out(`D`) [token]
2021-11-21T23:53:25,295|[TRACE] graph - <------- nonSkippedChar
2021-11-21T23:53:25,295|[TRACE] graph - <----- statementPart
2021-11-21T23:53:25,295|[TRACE] graph - -----> statementPart
2021-11-21T23:53:25,295|[TRACE] graph - -------> nonSkippedChar
2021-11-21T23:53:25,295|[TRACE] script - #out(`E`) [token]
2021-11-21T23:53:25,295|[TRACE] graph - <------- nonSkippedChar
2021-11-21T23:53:25,295|[TRACE] graph - <----- statementPart
2021-11-21T23:53:25,295|[TRACE] graph - -----> statementPart
2021-11-21T23:53:25,295|[TRACE] graph - -------> nonSkippedChar
2021-11-21T23:53:25,295|[TRACE] script - #out(`F`) [token]
2021-11-21T23:53:25,295|[TRACE] graph - <------- nonSkippedChar
2021-11-21T23:53:25,295|[TRACE] graph - <----- statementPart
2021-11-21T23:53:25,295|[TRACE] graph - -----> statementPart
2021-11-21T23:53:25,295|[TRACE] graph - -------> nonSkippedChar
2021-11-21T23:53:25,295|[TRACE] script - #out(`A`) [token]
2021-11-21T23:53:25,295|[TRACE] graph - <------- nonSkippedChar
2021-11-21T23:53:25,295|[TRACE] graph - <----- statementPart
2021-11-21T23:53:25,295|[TRACE] graph - -----> statementPart
2021-11-21T23:53:25,295|[TRACE] graph - -------> nonSkippedChar
2021-11-21T23:53:25,295|[TRACE] script - #out(`U`) [token]
2021-11-21T23:53:25,295|[TRACE] graph - <------- nonSkippedChar
2021-11-21T23:53:25,295|[TRACE] graph - <----- statementPart
2021-11-21T23:53:25,295|[TRACE] graph - -----> statementPart
2021-11-21T23:53:25,295|[TRACE] graph - -------> nonSkippedChar
2021-11-21T23:53:25,295|[TRACE] script - #out(`L`) [token]
2021-11-21T23:53:25,295|[TRACE] graph - <------- nonSkippedChar
2021-11-21T23:53:25,295|[TRACE] graph - <----- statementPart
2021-11-21T23:53:25,295|[TRACE] graph - -----> statementPart
2021-11-21T23:53:25,295|[TRACE] graph - -------> nonSkippedChar
2021-11-21T23:53:25,295|[TRACE] script - #out(`T`) [token]
2021-11-21T23:53:25,295|[TRACE] graph - <------- nonSkippedChar
2021-11-21T23:53:25,295|[TRACE] graph - <----- statementPart
2021-11-21T23:53:25,295|[TRACE] graph - -----> statementPart
2021-11-21T23:53:25,295|[TRACE] graph - -------> nonSkippedSpace
2021-11-21T23:53:25,295|[TRACE] script - #out(` `) [token]
2021-11-21T23:53:25,295|[TRACE] graph - <------- nonSkippedSpace
2021-11-21T23:53:25,295|[TRACE] graph - <----- statementPart
2021-11-21T23:53:25,295|[TRACE] graph - -----> statementPart
2021-11-21T23:53:25,295|[TRACE] graph - -------> nonSkippedChar
2021-11-21T23:53:25,295|[TRACE] script - #out(`1`) [token]
2021-11-21T23:53:25,295|[TRACE] graph - <------- nonSkippedChar
2021-11-21T23:53:25,295|[TRACE] graph - <----- statementPart
2021-11-21T23:53:25,295|[TRACE] graph - -----> statementPart
2021-11-21T23:53:25,295|[TRACE] graph - -------> nonSkippedChar
2021-11-21T23:53:25,295|[TRACE] script - #out(`,`) [token]
2021-11-21T23:53:25,295|[TRACE] graph - <------- nonSkippedChar
2021-11-21T23:53:25,295|[TRACE] graph - <----- statementPart
2021-11-21T23:53:25,295|[TRACE] graph - -----> afterStatementPartNewline
2021-11-21T23:53:25,295|[TRACE] script - #out(` `) [text]
2021-11-21T23:53:25,295|[TRACE] graph - <----- afterStatementPartNewline
2021-11-21T23:53:25,295|[TRACE] graph - -----> statementPart
2021-11-21T23:53:25,295|[TRACE] graph - -------> nonSkippedSpace
2021-11-21T23:53:25,295|[TRACE] script - #out(` `) [token]
2021-11-21T23:53:25,295|[TRACE] graph - <------- nonSkippedSpace
2021-11-21T23:53:25,295|[TRACE] graph - <----- statementPart
2021-11-21T23:53:25,295|[TRACE] graph - -----> statementPart
2021-11-21T23:53:25,295|[TRACE] graph - -------> nonSkippedSpace
2021-11-21T23:53:25,295|[TRACE] script - #out(` `) [token]
2021-11-21T23:53:25,295|[TRACE] graph - <------- nonSkippedSpace
2021-11-21T23:53:25,295|[TRACE] graph - <----- statementPart
2021-11-21T23:53:25,295|[TRACE] graph - -----> statementPart
2021-11-21T23:53:25,295|[TRACE] graph - -------> nonSkippedChar
2021-11-21T23:53:25,295|[TRACE] script - #out(`P`) [token]
2021-11-21T23:53:25,295|[TRACE] graph - <------- nonSkippedChar
2021-11-21T23:53:25,295|[TRACE] graph - <----- statementPart
2021-11-21T23:53:25,295|[TRACE] graph - -----> statementPart
2021-11-21T23:53:25,295|[TRACE] graph - -------> nonSkippedChar
2021-11-21T23:53:25,295|[TRACE] script - #out(`R`) [token]
2021-11-21T23:53:25,295|[TRACE] graph - <------- nonSkippedChar
2021-11-21T23:53:25,295|[TRACE] graph - <----- statementPart
2021-11-21T23:53:25,295|[TRACE] graph - -----> statementPart
2021-11-21T23:53:25,295|[TRACE] graph - -------> nonSkippedChar
2021-11-21T23:53:25,295|[TRACE] script - #out(`I`) [token]
2021-11-21T23:53:25,295|[TRACE] graph - <------- nonSkippedChar
2021-11-21T23:53:25,295|[TRACE] graph - <----- statementPart
2021-11-21T23:53:25,295|[TRACE] graph - -----> statementPart
2021-11-21T23:53:25,295|[TRACE] graph - -------> nonSkippedChar
2021-11-21T23:53:25,295|[TRACE] script - #out(`M`) [token]
2021-11-21T23:53:25,295|[TRACE] graph - <------- nonSkippedChar
2021-11-21T23:53:25,295|[TRACE] graph - <----- statementPart
2021-11-21T23:53:25,295|[TRACE] graph - -----> statementPart
2021-11-21T23:53:25,295|[TRACE] graph - -------> nonSkippedChar
2021-11-21T23:53:25,295|[TRACE] script - #out(`A`) [token]
2021-11-21T23:53:25,295|[TRACE] graph - <------- nonSkippedChar
2021-11-21T23:53:25,295|[TRACE] graph - <----- statementPart
2021-11-21T23:53:25,295|[TRACE] graph - -----> statementPart
2021-11-21T23:53:25,295|[TRACE] graph - -------> nonSkippedChar
2021-11-21T23:53:25,295|[TRACE] script - #out(`R`) [token]
2021-11-21T23:53:25,295|[TRACE] graph - <------- nonSkippedChar
2021-11-21T23:53:25,295|[TRACE] graph - <----- statementPart
2021-11-21T23:53:25,295|[TRACE] graph - -----> statementPart
2021-11-21T23:53:25,295|[TRACE] graph - -------> nonSkippedChar
2021-11-21T23:53:25,295|[TRACE] script - #out(`Y`) [token]
2021-11-21T23:53:25,295|[TRACE] graph - <------- nonSkippedChar
2021-11-21T23:53:25,295|[TRACE] graph - <----- statementPart
2021-11-21T23:53:25,295|[TRACE] graph - -----> statementPart
2021-11-21T23:53:25,295|[TRACE] graph - -------> nonSkippedSpace
2021-11-21T23:53:25,295|[TRACE] script - #out(` `) [token]
2021-11-21T23:53:25,295|[TRACE] graph - <------- nonSkippedSpace
2021-11-21T23:53:25,295|[TRACE] graph - <----- statementPart
2021-11-21T23:53:25,295|[TRACE] graph - -----> statementPart
2021-11-21T23:53:25,295|[TRACE] graph - -------> nonSkippedChar
2021-11-21T23:53:25,295|[TRACE] script - #out(`K`) [token]
2021-11-21T23:53:25,295|[TRACE] graph - <------- nonSkippedChar
2021-11-21T23:53:25,295|[TRACE] graph - <----- statementPart
2021-11-21T23:53:25,295|[TRACE] graph - -----> statementPart
2021-11-21T23:53:25,295|[TRACE] graph - -------> nonSkippedChar
2021-11-21T23:53:25,295|[TRACE] script - #out(`E`) [token]
2021-11-21T23:53:25,295|[TRACE] graph - <------- nonSkippedChar
2021-11-21T23:53:25,295|[TRACE] graph - <----- statementPart
2021-11-21T23:53:25,295|[TRACE] graph - -----> statementPart
2021-11-21T23:53:25,295|[TRACE] graph - -------> nonSkippedChar
2021-11-21T23:53:25,295|[TRACE] script - #out(`Y`) [token]
2021-11-21T23:53:25,295|[TRACE] graph - <------- nonSkippedChar
2021-11-21T23:53:25,295|[TRACE] graph - <----- statementPart
2021-11-21T23:53:25,295|[TRACE] graph - -----> statementPart
2021-11-21T23:53:25,295|[TRACE] graph - -------> nonSkippedSpace
2021-11-21T23:53:25,295|[TRACE] script - #out(` `) [token]
2021-11-21T23:53:25,295|[TRACE] graph - <------- nonSkippedSpace
2021-11-21T23:53:25,295|[TRACE] graph - <----- statementPart
2021-11-21T23:53:25,295|[TRACE] graph - -----> statementPart
2021-11-21T23:53:25,295|[TRACE] graph - -------> nonSkippedChar
2021-11-21T23:53:25,295|[TRACE] script - #out(`(`) [token]
2021-11-21T23:53:25,295|[TRACE] graph - <------- nonSkippedChar
2021-11-21T23:53:25,295|[TRACE] graph - <----- statementPart
2021-11-21T23:53:25,295|[TRACE] graph - -----> statementPart
2021-11-21T23:53:25,295|[TRACE] graph - -------> quotedString
2021-11-21T23:53:25,295|[TRACE] script - #out(``donation_id``) [token]
2021-11-21T23:53:25,295|[TRACE] graph - <------- quotedString
2021-11-21T23:53:25,295|[TRACE] graph - <----- statementPart
2021-11-21T23:53:25,295|[TRACE] graph - -----> statementPart
2021-11-21T23:53:25,295|[TRACE] graph - -------> nonSkippedChar
2021-11-21T23:53:25,295|[TRACE] script - #out(`)`) [token]
2021-11-21T23:53:25,295|[TRACE] graph - <------- nonSkippedChar
2021-11-21T23:53:25,295|[TRACE] graph - <----- statementPart
2021-11-21T23:53:25,295|[TRACE] graph - -----> statementPart
2021-11-21T23:53:25,295|[TRACE] graph - -------> nonSkippedChar
2021-11-21T23:53:25,295|[TRACE] script - #out(`,`) [token]
2021-11-21T23:53:25,295|[TRACE] graph - <------- nonSkippedChar
2021-11-21T23:53:25,295|[TRACE] graph - <----- statementPart
2021-11-21T23:53:25,295|[TRACE] graph - -----> afterStatementPartNewline
2021-11-21T23:53:25,295|[TRACE] script - #out(` `) [text]
2021-11-21T23:53:25,295|[TRACE] graph - <----- afterStatementPartNewline
2021-11-21T23:53:25,295|[TRACE] graph - -----> statementPart
2021-11-21T23:53:25,295|[TRACE] graph - -------> nonSkippedSpace
2021-11-21T23:53:25,295|[TRACE] script - #out(` `) [token]
2021-11-21T23:53:25,295|[TRACE] graph - <------- nonSkippedSpace
2021-11-21T23:53:25,295|[TRACE] graph - <----- statementPart
2021-11-21T23:53:25,295|[TRACE] graph - -----> statementPart
2021-11-21T23:53:25,295|[TRACE] graph - -------> nonSkippedSpace
2021-11-21T23:53:25,295|[TRACE] script - #out(` `) [token]
2021-11-21T23:53:25,295|[TRACE] graph - <------- nonSkippedSpace
2021-11-21T23:53:25,295|[TRACE] graph - <----- statementPart
2021-11-21T23:53:25,295|[TRACE] graph - -----> statementPart
2021-11-21T23:53:25,295|[TRACE] graph - -------> nonSkippedChar
2021-11-21T23:53:25,295|[TRACE] script - #out(`I`) [token]
2021-11-21T23:53:25,295|[TRACE] graph - <------- nonSkippedChar
2021-11-21T23:53:25,295|[TRACE] graph - <----- statementPart
2021-11-21T23:53:25,295|[TRACE] graph - -----> statementPart
2021-11-21T23:53:25,295|[TRACE] graph - -------> nonSkippedChar
2021-11-21T23:53:25,295|[TRACE] script - #out(`N`) [token]
2021-11-21T23:53:25,295|[TRACE] graph - <------- nonSkippedChar
2021-11-21T23:53:25,295|[TRACE] graph - <----- statementPart
2021-11-21T23:53:25,295|[TRACE] graph - -----> statementPart
2021-11-21T23:53:25,295|[TRACE] graph - -------> nonSkippedChar
2021-11-21T23:53:25,295|[TRACE] script - #out(`D`) [token]
2021-11-21T23:53:25,295|[TRACE] graph - <------- nonSkippedChar
2021-11-21T23:53:25,295|[TRACE] graph - <----- statementPart
2021-11-21T23:53:25,295|[TRACE] graph - -----> statementPart
2021-11-21T23:53:25,295|[TRACE] graph - -------> nonSkippedChar
2021-11-21T23:53:25,295|[TRACE] script - #out(`E`) [token]
2021-11-21T23:53:25,295|[TRACE] graph - <------- nonSkippedChar
2021-11-21T23:53:25,295|[TRACE] graph - <----- statementPart
2021-11-21T23:53:25,295|[TRACE] graph - -----> statementPart
2021-11-21T23:53:25,295|[TRACE] graph - -------> nonSkippedChar
2021-11-21T23:53:25,295|[TRACE] script - #out(`X`) [token]
2021-11-21T23:53:25,295|[TRACE] graph - <------- nonSkippedChar
2021-11-21T23:53:25,295|[TRACE] graph - <----- statementPart
2021-11-21T23:53:25,295|[TRACE] graph - -----> statementPart
2021-11-21T23:53:25,295|[TRACE] graph - -------> nonSkippedSpace
2021-11-21T23:53:25,295|[TRACE] script - #out(` `) [token]
2021-11-21T23:53:25,295|[TRACE] graph - <------- nonSkippedSpace
2021-11-21T23:53:25,295|[TRACE] graph - <----- statementPart
2021-11-21T23:53:25,295|[TRACE] graph - -----> statementPart
2021-11-21T23:53:25,295|[TRACE] graph - -------> quotedString
2021-11-21T23:53:25,295|[TRACE] script - #out(``fk_blood_donation_blood_bank1_idx``) [token]
2021-11-21T23:53:25,295|[TRACE] graph - <------- quotedString
2021-11-21T23:53:25,295|[TRACE] graph - <----- statementPart
2021-11-21T23:53:25,295|[TRACE] graph - -----> statementPart
2021-11-21T23:53:25,295|[TRACE] graph - -------> nonSkippedSpace
2021-11-21T23:53:25,295|[TRACE] script - #out(` `) [token]
2021-11-21T23:53:25,295|[TRACE] graph - <------- nonSkippedSpace
2021-11-21T23:53:25,295|[TRACE] graph - <----- statementPart
2021-11-21T23:53:25,295|[TRACE] graph - -----> statementPart
2021-11-21T23:53:25,295|[TRACE] graph - -------> nonSkippedChar
2021-11-21T23:53:25,295|[TRACE] script - #out(`(`) [token]
2021-11-21T23:53:25,295|[TRACE] graph - <------- nonSkippedChar
2021-11-21T23:53:25,295|[TRACE] graph - <----- statementPart
2021-11-21T23:53:25,295|[TRACE] graph - -----> statementPart
2021-11-21T23:53:25,295|[TRACE] graph - -------> quotedString
2021-11-21T23:53:25,295|[TRACE] script - #out(``bank_id``) [token]
2021-11-21T23:53:25,295|[TRACE] graph - <------- quotedString
2021-11-21T23:53:25,295|[TRACE] graph - <----- statementPart
2021-11-21T23:53:25,295|[TRACE] graph - -----> statementPart
2021-11-21T23:53:25,295|[TRACE] graph - -------> nonSkippedSpace
2021-11-21T23:53:25,295|[TRACE] script - #out(` `) [token]
2021-11-21T23:53:25,295|[TRACE] graph - <------- nonSkippedSpace
2021-11-21T23:53:25,295|[TRACE] graph - <----- statementPart
2021-11-21T23:53:25,295|[TRACE] graph - -----> statementPart
2021-11-21T23:53:25,296|[TRACE] graph - -------> nonSkippedChar
2021-11-21T23:53:25,296|[TRACE] script - #out(`A`) [token]
2021-11-21T23:53:25,296|[TRACE] graph - <------- nonSkippedChar
2021-11-21T23:53:25,296|[TRACE] graph - <----- statementPart
2021-11-21T23:53:25,296|[TRACE] graph - -----> statementPart
2021-11-21T23:53:25,296|[TRACE] graph - -------> nonSkippedChar
2021-11-21T23:53:25,296|[TRACE] script - #out(`S`) [token]
2021-11-21T23:53:25,296|[TRACE] graph - <------- nonSkippedChar
2021-11-21T23:53:25,296|[TRACE] graph - <----- statementPart
2021-11-21T23:53:25,296|[TRACE] graph - -----> statementPart
2021-11-21T23:53:25,296|[TRACE] graph - -------> nonSkippedChar
2021-11-21T23:53:25,296|[TRACE] script - #out(`C`) [token]
2021-11-21T23:53:25,296|[TRACE] graph - <------- nonSkippedChar
2021-11-21T23:53:25,296|[TRACE] graph - <----- statementPart
2021-11-21T23:53:25,296|[TRACE] graph - -----> statementPart
2021-11-21T23:53:25,296|[TRACE] graph - -------> nonSkippedChar
2021-11-21T23:53:25,296|[TRACE] script - #out(`)`) [token]
2021-11-21T23:53:25,296|[TRACE] graph - <------- nonSkippedChar
2021-11-21T23:53:25,296|[TRACE] graph - <----- statementPart
2021-11-21T23:53:25,296|[TRACE] graph - -----> statementPart
2021-11-21T23:53:25,296|[TRACE] graph - -------> nonSkippedSpace
2021-11-21T23:53:25,296|[TRACE] script - #out(` `) [token]
2021-11-21T23:53:25,296|[TRACE] graph - <------- nonSkippedSpace
2021-11-21T23:53:25,296|[TRACE] graph - <----- statementPart
2021-11-21T23:53:25,296|[TRACE] graph - -----> statementPart
2021-11-21T23:53:25,296|[TRACE] graph - -------> nonSkippedChar
2021-11-21T23:53:25,296|[TRACE] script - #out(`V`) [token]
2021-11-21T23:53:25,296|[TRACE] graph - <------- nonSkippedChar
2021-11-21T23:53:25,296|[TRACE] graph - <----- statementPart
2021-11-21T23:53:25,296|[TRACE] graph - -----> statementPart
2021-11-21T23:53:25,296|[TRACE] graph - -------> nonSkippedChar
2021-11-21T23:53:25,296|[TRACE] script - #out(`I`) [token]
2021-11-21T23:53:25,296|[TRACE] graph - <------- nonSkippedChar
2021-11-21T23:53:25,296|[TRACE] graph - <----- statementPart
2021-11-21T23:53:25,296|[TRACE] graph - -----> statementPart
2021-11-21T23:53:25,296|[TRACE] graph - -------> nonSkippedChar
2021-11-21T23:53:25,296|[TRACE] script - #out(`S`) [token]
2021-11-21T23:53:25,296|[TRACE] graph - <------- nonSkippedChar
2021-11-21T23:53:25,296|[TRACE] graph - <----- statementPart
2021-11-21T23:53:25,296|[TRACE] graph - -----> statementPart
2021-11-21T23:53:25,296|[TRACE] graph - -------> nonSkippedChar
2021-11-21T23:53:25,296|[TRACE] script - #out(`I`) [token]
2021-11-21T23:53:25,296|[TRACE] graph - <------- nonSkippedChar
2021-11-21T23:53:25,296|[TRACE] graph - <----- statementPart
2021-11-21T23:53:25,296|[TRACE] graph - -----> statementPart
2021-11-21T23:53:25,296|[TRACE] graph - -------> nonSkippedChar
2021-11-21T23:53:25,296|[TRACE] script - #out(`B`) [token]
2021-11-21T23:53:25,296|[TRACE] graph - <------- nonSkippedChar
2021-11-21T23:53:25,296|[TRACE] graph - <----- statementPart
2021-11-21T23:53:25,296|[TRACE] graph - -----> statementPart
2021-11-21T23:53:25,296|[TRACE] graph - -------> nonSkippedChar
2021-11-21T23:53:25,296|[TRACE] script - #out(`L`) [token]
2021-11-21T23:53:25,296|[TRACE] graph - <------- nonSkippedChar
2021-11-21T23:53:25,296|[TRACE] graph - <----- statementPart
2021-11-21T23:53:25,296|[TRACE] graph - -----> statementPart
2021-11-21T23:53:25,296|[TRACE] graph - -------> nonSkippedChar
2021-11-21T23:53:25,296|[TRACE] script - #out(`E`) [token]
2021-11-21T23:53:25,296|[TRACE] graph - <------- nonSkippedChar
2021-11-21T23:53:25,296|[TRACE] graph - <----- statementPart
2021-11-21T23:53:25,296|[TRACE] graph - -----> statementPart
2021-11-21T23:53:25,296|[TRACE] graph - -------> nonSkippedChar
2021-11-21T23:53:25,296|[TRACE] script - #out(`,`) [token]
2021-11-21T23:53:25,296|[TRACE] graph - <------- nonSkippedChar
2021-11-21T23:53:25,296|[TRACE] graph - <----- statementPart
2021-11-21T23:53:25,296|[TRACE] graph - -----> afterStatementPartNewline
2021-11-21T23:53:25,296|[TRACE] script - #out(` `) [text]
2021-11-21T23:53:25,296|[TRACE] graph - <----- afterStatementPartNewline
2021-11-21T23:53:25,296|[TRACE] graph - -----> statementPart
2021-11-21T23:53:25,296|[TRACE] graph - -------> nonSkippedSpace
2021-11-21T23:53:25,296|[TRACE] script - #out(` `) [token]
2021-11-21T23:53:25,296|[TRACE] graph - <------- nonSkippedSpace
2021-11-21T23:53:25,296|[TRACE] graph - <----- statementPart
2021-11-21T23:53:25,296|[TRACE] graph - -----> statementPart
2021-11-21T23:53:25,296|[TRACE] graph - -------> nonSkippedSpace
2021-11-21T23:53:25,296|[TRACE] script - #out(` `) [token]
2021-11-21T23:53:25,296|[TRACE] graph - <------- nonSkippedSpace
2021-11-21T23:53:25,296|[TRACE] graph - <----- statementPart
2021-11-21T23:53:25,296|[TRACE] graph - -----> statementPart
2021-11-21T23:53:25,296|[TRACE] graph - -------> nonSkippedChar
2021-11-21T23:53:25,296|[TRACE] script - #out(`C`) [token]
2021-11-21T23:53:25,296|[TRACE] graph - <------- nonSkippedChar
2021-11-21T23:53:25,296|[TRACE] graph - <----- statementPart
2021-11-21T23:53:25,296|[TRACE] graph - -----> statementPart
2021-11-21T23:53:25,296|[TRACE] graph - -------> nonSkippedChar
2021-11-21T23:53:25,296|[TRACE] script - #out(`O`) [token]
2021-11-21T23:53:25,296|[TRACE] graph - <------- nonSkippedChar
2021-11-21T23:53:25,296|[TRACE] graph - <----- statementPart
2021-11-21T23:53:25,296|[TRACE] graph - -----> statementPart
2021-11-21T23:53:25,296|[TRACE] graph - -------> nonSkippedChar
2021-11-21T23:53:25,296|[TRACE] script - #out(`N`) [token]
2021-11-21T23:53:25,296|[TRACE] graph - <------- nonSkippedChar
2021-11-21T23:53:25,296|[TRACE] graph - <----- statementPart
2021-11-21T23:53:25,296|[TRACE] graph - -----> statementPart
2021-11-21T23:53:25,296|[TRACE] graph - -------> nonSkippedChar
2021-11-21T23:53:25,296|[TRACE] script - #out(`S`) [token]
2021-11-21T23:53:25,296|[TRACE] graph - <------- nonSkippedChar
2021-11-21T23:53:25,296|[TRACE] graph - <----- statementPart
2021-11-21T23:53:25,296|[TRACE] graph - -----> statementPart
2021-11-21T23:53:25,296|[TRACE] graph - -------> nonSkippedChar
2021-11-21T23:53:25,296|[TRACE] script - #out(`T`) [token]
2021-11-21T23:53:25,296|[TRACE] graph - <------- nonSkippedChar
2021-11-21T23:53:25,296|[TRACE] graph - <----- statementPart
2021-11-21T23:53:25,296|[TRACE] graph - -----> statementPart
2021-11-21T23:53:25,296|[TRACE] graph - -------> nonSkippedChar
2021-11-21T23:53:25,296|[TRACE] script - #out(`R`) [token]
2021-11-21T23:53:25,296|[TRACE] graph - <------- nonSkippedChar
2021-11-21T23:53:25,296|[TRACE] graph - <----- statementPart
2021-11-21T23:53:25,296|[TRACE] graph - -----> statementPart
2021-11-21T23:53:25,296|[TRACE] graph - -------> nonSkippedChar
2021-11-21T23:53:25,296|[TRACE] script - #out(`A`) [token]
2021-11-21T23:53:25,296|[TRACE] graph - <------- nonSkippedChar
2021-11-21T23:53:25,296|[TRACE] graph - <----- statementPart
2021-11-21T23:53:25,296|[TRACE] graph - -----> statementPart
2021-11-21T23:53:25,296|[TRACE] graph - -------> nonSkippedChar
2021-11-21T23:53:25,296|[TRACE] script - #out(`I`) [token]
2021-11-21T23:53:25,296|[TRACE] graph - <------- nonSkippedChar
2021-11-21T23:53:25,296|[TRACE] graph - <----- statementPart
2021-11-21T23:53:25,296|[TRACE] graph - -----> statementPart
2021-11-21T23:53:25,296|[TRACE] graph - -------> nonSkippedChar
2021-11-21T23:53:25,296|[TRACE] script - #out(`N`) [token]
2021-11-21T23:53:25,296|[TRACE] graph - <------- nonSkippedChar
2021-11-21T23:53:25,296|[TRACE] graph - <----- statementPart
2021-11-21T23:53:25,296|[TRACE] graph - -----> statementPart
2021-11-21T23:53:25,296|[TRACE] graph - -------> nonSkippedChar
2021-11-21T23:53:25,296|[TRACE] script - #out(`T`) [token]
2021-11-21T23:53:25,296|[TRACE] graph - <------- nonSkippedChar
2021-11-21T23:53:25,296|[TRACE] graph - <----- statementPart
2021-11-21T23:53:25,296|[TRACE] graph - -----> statementPart
2021-11-21T23:53:25,296|[TRACE] graph - -------> nonSkippedSpace
2021-11-21T23:53:25,296|[TRACE] script - #out(` `) [token]
2021-11-21T23:53:25,296|[TRACE] graph - <------- nonSkippedSpace
2021-11-21T23:53:25,296|[TRACE] graph - <----- statementPart
2021-11-21T23:53:25,296|[TRACE] graph - -----> statementPart
2021-11-21T23:53:25,296|[TRACE] graph - -------> quotedString
2021-11-21T23:53:25,296|[TRACE] script - #out(``fk_blood_donation_blood_bank1``) [token]
2021-11-21T23:53:25,296|[TRACE] graph - <------- quotedString
2021-11-21T23:53:25,296|[TRACE] graph - <----- statementPart
2021-11-21T23:53:25,296|[TRACE] graph - -----> afterStatementPartNewline
2021-11-21T23:53:25,296|[TRACE] script - #out(` `) [text]
2021-11-21T23:53:25,296|[TRACE] graph - <----- afterStatementPartNewline
2021-11-21T23:53:25,296|[TRACE] graph - -----> statementPart
2021-11-21T23:53:25,296|[TRACE] graph - -------> nonSkippedSpace
2021-11-21T23:53:25,296|[TRACE] script - #out(` `) [token]
2021-11-21T23:53:25,296|[TRACE] graph - <------- nonSkippedSpace
2021-11-21T23:53:25,296|[TRACE] graph - <----- statementPart
2021-11-21T23:53:25,296|[TRACE] graph - -----> statementPart
2021-11-21T23:53:25,296|[TRACE] graph - -------> nonSkippedSpace
2021-11-21T23:53:25,296|[TRACE] script - #out(` `) [token]
2021-11-21T23:53:25,296|[TRACE] graph - <------- nonSkippedSpace
2021-11-21T23:53:25,296|[TRACE] graph - <----- statementPart
2021-11-21T23:53:25,296|[TRACE] graph - -----> statementPart
2021-11-21T23:53:25,296|[TRACE] graph - -------> nonSkippedSpace
2021-11-21T23:53:25,296|[TRACE] script - #out(` `) [token]
2021-11-21T23:53:25,343|[TRACE] graph - <------- nonSkippedSpace
2021-11-21T23:53:25,343|[TRACE] graph - <----- statementPart
2021-11-21T23:53:25,343|[TRACE] graph - -----> statementPart
2021-11-21T23:53:25,343|[TRACE] graph - -------> nonSkippedSpace
2021-11-21T23:53:25,343|[TRACE] script - #out(` `) [token]
2021-11-21T23:53:25,343|[TRACE] graph - <------- nonSkippedSpace
2021-11-21T23:53:25,343|[TRACE] graph - <----- statementPart
2021-11-21T23:53:25,343|[TRACE] graph - -----> statementPart
2021-11-21T23:53:25,343|[TRACE] graph - -------> nonSkippedChar
2021-11-21T23:53:25,343|[TRACE] script - #out(`F`) [token]
2021-11-21T23:53:25,343|[TRACE] graph - <------- nonSkippedChar
2021-11-21T23:53:25,343|[TRACE] graph - <----- statementPart
2021-11-21T23:53:25,343|[TRACE] graph - -----> statementPart
2021-11-21T23:53:25,343|[TRACE] graph - -------> nonSkippedChar
2021-11-21T23:53:25,343|[TRACE] script - #out(`O`) [token]
2021-11-21T23:53:25,343|[TRACE] graph - <------- nonSkippedChar
2021-11-21T23:53:25,343|[TRACE] graph - <----- statementPart
2021-11-21T23:53:25,343|[TRACE] graph - -----> statementPart
2021-11-21T23:53:25,343|[TRACE] graph - -------> nonSkippedChar
2021-11-21T23:53:25,343|[TRACE] script - #out(`R`) [token]
2021-11-21T23:53:25,343|[TRACE] graph - <------- nonSkippedChar
2021-11-21T23:53:25,343|[TRACE] graph - <----- statementPart
2021-11-21T23:53:25,343|[TRACE] graph - -----> statementPart
2021-11-21T23:53:25,343|[TRACE] graph - -------> nonSkippedChar
2021-11-21T23:53:25,343|[TRACE] script - #out(`E`) [token]
2021-11-21T23:53:25,343|[TRACE] graph - <------- nonSkippedChar
2021-11-21T23:53:25,343|[TRACE] graph - <----- statementPart
2021-11-21T23:53:25,343|[TRACE] graph - -----> statementPart
2021-11-21T23:53:25,343|[TRACE] graph - -------> nonSkippedChar
2021-11-21T23:53:25,343|[TRACE] script - #out(`I`) [token]
2021-11-21T23:53:25,343|[TRACE] graph - <------- nonSkippedChar
2021-11-21T23:53:25,343|[TRACE] graph - <----- statementPart
2021-11-21T23:53:25,343|[TRACE] graph - -----> statementPart
2021-11-21T23:53:25,343|[TRACE] graph - -------> nonSkippedChar
2021-11-21T23:53:25,343|[TRACE] script - #out(`G`) [token]
2021-11-21T23:53:25,343|[TRACE] graph - <------- nonSkippedChar
2021-11-21T23:53:25,343|[TRACE] graph - <----- statementPart
2021-11-21T23:53:25,343|[TRACE] graph - -----> statementPart
2021-11-21T23:53:25,343|[TRACE] graph - -------> nonSkippedChar
2021-11-21T23:53:25,343|[TRACE] script - #out(`N`) [token]
2021-11-21T23:53:25,343|[TRACE] graph - <------- nonSkippedChar
2021-11-21T23:53:25,343|[TRACE] graph - <----- statementPart
2021-11-21T23:53:25,343|[TRACE] graph - -----> statementPart
2021-11-21T23:53:25,343|[TRACE] graph - -------> nonSkippedSpace
2021-11-21T23:53:25,343|[TRACE] script - #out(` `) [token]
2021-11-21T23:53:25,343|[TRACE] graph - <------- nonSkippedSpace
2021-11-21T23:53:25,343|[TRACE] graph - <----- statementPart
2021-11-21T23:53:25,343|[TRACE] graph - -----> statementPart
2021-11-21T23:53:25,343|[TRACE] graph - -------> nonSkippedChar
2021-11-21T23:53:25,343|[TRACE] script - #out(`K`) [token]
2021-11-21T23:53:25,343|[TRACE] graph - <------- nonSkippedChar
2021-11-21T23:53:25,343|[TRACE] graph - <----- statementPart
2021-11-21T23:53:25,343|[TRACE] graph - -----> statementPart
2021-11-21T23:53:25,343|[TRACE] graph - -------> nonSkippedChar
2021-11-21T23:53:25,343|[TRACE] script - #out(`E`) [token]
2021-11-21T23:53:25,343|[TRACE] graph - <------- nonSkippedChar
2021-11-21T23:53:25,343|[TRACE] graph - <----- statementPart
2021-11-21T23:53:25,343|[TRACE] graph - -----> statementPart
2021-11-21T23:53:25,343|[TRACE] graph - -------> nonSkippedChar
2021-11-21T23:53:25,343|[TRACE] script - #out(`Y`) [token]
2021-11-21T23:53:25,343|[TRACE] graph - <------- nonSkippedChar
2021-11-21T23:53:25,343|[TRACE] graph - <----- statementPart
2021-11-21T23:53:25,343|[TRACE] graph - -----> statementPart
2021-11-21T23:53:25,343|[TRACE] graph - -------> nonSkippedSpace
2021-11-21T23:53:25,343|[TRACE] script - #out(` `) [token]
2021-11-21T23:53:25,343|[TRACE] graph - <------- nonSkippedSpace
2021-11-21T23:53:25,343|[TRACE] graph - <----- statementPart
2021-11-21T23:53:25,343|[TRACE] graph - -----> statementPart
2021-11-21T23:53:25,343|[TRACE] graph - -------> nonSkippedChar
2021-11-21T23:53:25,343|[TRACE] script - #out(`(`) [token]
2021-11-21T23:53:25,343|[TRACE] graph - <------- nonSkippedChar
2021-11-21T23:53:25,343|[TRACE] graph - <----- statementPart
2021-11-21T23:53:25,343|[TRACE] graph - -----> statementPart
2021-11-21T23:53:25,343|[TRACE] graph - -------> quotedString
2021-11-21T23:53:25,343|[TRACE] script - #out(``bank_id``) [token]
2021-11-21T23:53:25,343|[TRACE] graph - <------- quotedString
2021-11-21T23:53:25,343|[TRACE] graph - <----- statementPart
2021-11-21T23:53:25,343|[TRACE] graph - -----> statementPart
2021-11-21T23:53:25,343|[TRACE] graph - -------> nonSkippedChar
2021-11-21T23:53:25,343|[TRACE] script - #out(`)`) [token]
2021-11-21T23:53:25,343|[TRACE] graph - <------- nonSkippedChar
2021-11-21T23:53:25,343|[TRACE] graph - <----- statementPart
2021-11-21T23:53:25,343|[TRACE] graph - -----> afterStatementPartNewline
2021-11-21T23:53:25,343|[TRACE] script - #out(` `) [text]
2021-11-21T23:53:25,343|[TRACE] graph - <----- afterStatementPartNewline
2021-11-21T23:53:25,343|[TRACE] graph - -----> statementPart
2021-11-21T23:53:25,343|[TRACE] graph - -------> nonSkippedSpace
2021-11-21T23:53:25,343|[TRACE] script - #out(` `) [token]
2021-11-21T23:53:25,343|[TRACE] graph - <------- nonSkippedSpace
2021-11-21T23:53:25,343|[TRACE] graph - <----- statementPart
2021-11-21T23:53:25,343|[TRACE] graph - -----> statementPart
2021-11-21T23:53:25,343|[TRACE] graph - -------> nonSkippedSpace
2021-11-21T23:53:25,343|[TRACE] script - #out(` `) [token]
2021-11-21T23:53:25,343|[TRACE] graph - <------- nonSkippedSpace
2021-11-21T23:53:25,343|[TRACE] graph - <----- statementPart
2021-11-21T23:53:25,343|[TRACE] graph - -----> statementPart
2021-11-21T23:53:25,343|[TRACE] graph - -------> nonSkippedSpace
2021-11-21T23:53:25,343|[TRACE] script - #out(` `) [token]
2021-11-21T23:53:25,343|[TRACE] graph - <------- nonSkippedSpace
2021-11-21T23:53:25,343|[TRACE] graph - <----- statementPart
2021-11-21T23:53:25,343|[TRACE] graph - -----> statementPart
2021-11-21T23:53:25,343|[TRACE] graph - -------> nonSkippedSpace
2021-11-21T23:53:25,343|[TRACE] script - #out(` `) [token]
2021-11-21T23:53:25,343|[TRACE] graph - <------- nonSkippedSpace
2021-11-21T23:53:25,343|[TRACE] graph - <----- statementPart
2021-11-21T23:53:25,343|[TRACE] graph - -----> statementPart
2021-11-21T23:53:25,343|[TRACE] graph - -------> nonSkippedChar
2021-11-21T23:53:25,343|[TRACE] script - #out(`R`) [token]
2021-11-21T23:53:25,343|[TRACE] graph - <------- nonSkippedChar
2021-11-21T23:53:25,343|[TRACE] graph - <----- statementPart
2021-11-21T23:53:25,343|[TRACE] graph - -----> statementPart
2021-11-21T23:53:25,343|[TRACE] graph - -------> nonSkippedChar
2021-11-21T23:53:25,343|[TRACE] script - #out(`E`) [token]
2021-11-21T23:53:25,343|[TRACE] graph - <------- nonSkippedChar
2021-11-21T23:53:25,343|[TRACE] graph - <----- statementPart
2021-11-21T23:53:25,343|[TRACE] graph - -----> statementPart
2021-11-21T23:53:25,343|[TRACE] graph - -------> nonSkippedChar
2021-11-21T23:53:25,343|[TRACE] script - #out(`F`) [token]
2021-11-21T23:53:25,343|[TRACE] graph - <------- nonSkippedChar
2021-11-21T23:53:25,343|[TRACE] graph - <----- statementPart
2021-11-21T23:53:25,343|[TRACE] graph - -----> statementPart
2021-11-21T23:53:25,343|[TRACE] graph - -------> nonSkippedChar
2021-11-21T23:53:25,343|[TRACE] script - #out(`E`) [token]
2021-11-21T23:53:25,343|[TRACE] graph - <------- nonSkippedChar
2021-11-21T23:53:25,343|[TRACE] graph - <----- statementPart
2021-11-21T23:53:25,343|[TRACE] graph - -----> statementPart
2021-11-21T23:53:25,343|[TRACE] graph - -------> nonSkippedChar
2021-11-21T23:53:25,343|[TRACE] script - #out(`R`) [token]
2021-11-21T23:53:25,343|[TRACE] graph - <------- nonSkippedChar
2021-11-21T23:53:25,343|[TRACE] graph - <----- statementPart
2021-11-21T23:53:25,343|[TRACE] graph - -----> statementPart
2021-11-21T23:53:25,343|[TRACE] graph - -------> nonSkippedChar
2021-11-21T23:53:25,343|[TRACE] script - #out(`E`) [token]
2021-11-21T23:53:25,343|[TRACE] graph - <------- nonSkippedChar
2021-11-21T23:53:25,343|[TRACE] graph - <----- statementPart
2021-11-21T23:53:25,343|[TRACE] graph - -----> statementPart
2021-11-21T23:53:25,343|[TRACE] graph - -------> nonSkippedChar
2021-11-21T23:53:25,343|[TRACE] script - #out(`N`) [token]
2021-11-21T23:53:25,343|[TRACE] graph - <------- nonSkippedChar
2021-11-21T23:53:25,343|[TRACE] graph - <----- statementPart
2021-11-21T23:53:25,343|[TRACE] graph - -----> statementPart
2021-11-21T23:53:25,343|[TRACE] graph - -------> nonSkippedChar
2021-11-21T23:53:25,343|[TRACE] script - #out(`C`) [token]
2021-11-21T23:53:25,343|[TRACE] graph - <------- nonSkippedChar
2021-11-21T23:53:25,343|[TRACE] graph - <----- statementPart
2021-11-21T23:53:25,343|[TRACE] graph - -----> statementPart
2021-11-21T23:53:25,343|[TRACE] graph - -------> nonSkippedChar
2021-11-21T23:53:25,343|[TRACE] script - #out(`E`) [token]
2021-11-21T23:53:25,343|[TRACE] graph - <------- nonSkippedChar
2021-11-21T23:53:25,343|[TRACE] graph - <----- statementPart
2021-11-21T23:53:25,343|[TRACE] graph - -----> statementPart
2021-11-21T23:53:25,343|[TRACE] graph - -------> nonSkippedChar
2021-11-21T23:53:25,343|[TRACE] script - #out(`S`) [token]
2021-11-21T23:53:25,343|[TRACE] graph - <------- nonSkippedChar
2021-11-21T23:53:25,343|[TRACE] graph - <----- statementPart
2021-11-21T23:53:25,343|[TRACE] graph - -----> statementPart
2021-11-21T23:53:25,343|[TRACE] graph - -------> nonSkippedSpace
2021-11-21T23:53:25,343|[TRACE] script - #out(` `) [token]
2021-11-21T23:53:25,343|[TRACE] graph - <------- nonSkippedSpace
2021-11-21T23:53:25,343|[TRACE] graph - <----- statementPart
2021-11-21T23:53:25,343|[TRACE] graph - -----> statementPart
2021-11-21T23:53:25,343|[TRACE] graph - -------> quotedString
2021-11-21T23:53:25,343|[TRACE] script - #out(``bloodbank``) [token]
2021-11-21T23:53:25,343|[TRACE] graph - <------- quotedString
2021-11-21T23:53:25,343|[TRACE] graph - <----- statementPart
2021-11-21T23:53:25,343|[TRACE] graph - -----> statementPart
2021-11-21T23:53:25,343|[TRACE] graph - -------> nonSkippedChar
2021-11-21T23:53:25,343|[TRACE] script - #out(`.`) [token]
2021-11-21T23:53:25,343|[TRACE] graph - <------- nonSkippedChar
2021-11-21T23:53:25,343|[TRACE] graph - <----- statementPart
2021-11-21T23:53:25,343|[TRACE] graph - -----> statementPart
2021-11-21T23:53:25,343|[TRACE] graph - -------> quotedString
2021-11-21T23:53:25,343|[TRACE] script - #out(``blood_bank``) [token]
2021-11-21T23:53:25,343|[TRACE] graph - <------- quotedString
2021-11-21T23:53:25,343|[TRACE] graph - <----- statementPart
2021-11-21T23:53:25,343|[TRACE] graph - -----> statementPart
2021-11-21T23:53:25,343|[TRACE] graph - -------> nonSkippedSpace
2021-11-21T23:53:25,343|[TRACE] script - #out(` `) [token]
2021-11-21T23:53:25,343|[TRACE] graph - <------- nonSkippedSpace
2021-11-21T23:53:25,343|[TRACE] graph - <----- statementPart
2021-11-21T23:53:25,343|[TRACE] graph - -----> statementPart
2021-11-21T23:53:25,343|[TRACE] graph - -------> nonSkippedChar
2021-11-21T23:53:25,343|[TRACE] script - #out(`(`) [token]
2021-11-21T23:53:25,343|[TRACE] graph - <------- nonSkippedChar
2021-11-21T23:53:25,343|[TRACE] graph - <----- statementPart
2021-11-21T23:53:25,343|[TRACE] graph - -----> statementPart
2021-11-21T23:53:25,343|[TRACE] graph - -------> quotedString
2021-11-21T23:53:25,343|[TRACE] script - #out(``bank_id``) [token]
2021-11-21T23:53:25,343|[TRACE] graph - <------- quotedString
2021-11-21T23:53:25,343|[TRACE] graph - <----- statementPart
2021-11-21T23:53:25,343|[TRACE] graph - -----> statementPart
2021-11-21T23:53:25,343|[TRACE] graph - -------> nonSkippedChar
2021-11-21T23:53:25,343|[TRACE] script - #out(`)`) [token]
2021-11-21T23:53:25,343|[TRACE] graph - <------- nonSkippedChar
2021-11-21T23:53:25,343|[TRACE] graph - <----- statementPart
2021-11-21T23:53:25,343|[TRACE] graph - -----> afterStatementPartNewline
2021-11-21T23:53:25,343|[TRACE] script - #out(` `) [text]
2021-11-21T23:53:25,343|[TRACE] graph - <----- afterStatementPartNewline
2021-11-21T23:53:25,343|[TRACE] graph - -----> statementPart
2021-11-21T23:53:25,343|[TRACE] graph - -------> nonSkippedSpace
2021-11-21T23:53:25,343|[TRACE] script - #out(` `) [token]
2021-11-21T23:53:25,343|[TRACE] graph - <------- nonSkippedSpace
2021-11-21T23:53:25,343|[TRACE] graph - <----- statementPart
2021-11-21T23:53:25,343|[TRACE] graph - -----> statementPart
2021-11-21T23:53:25,343|[TRACE] graph - -------> nonSkippedSpace
2021-11-21T23:53:25,343|[TRACE] script - #out(` `) [token]
2021-11-21T23:53:25,343|[TRACE] graph - <------- nonSkippedSpace
2021-11-21T23:53:25,343|[TRACE] graph - <----- statementPart
2021-11-21T23:53:25,343|[TRACE] graph - -----> statementPart
2021-11-21T23:53:25,343|[TRACE] graph - -------> nonSkippedSpace
2021-11-21T23:53:25,343|[TRACE] script - #out(` `) [token]
2021-11-21T23:53:25,343|[TRACE] graph - <------- nonSkippedSpace
2021-11-21T23:53:25,343|[TRACE] graph - <----- statementPart
2021-11-21T23:53:25,343|[TRACE] graph - -----> statementPart
2021-11-21T23:53:25,343|[TRACE] graph - -------> nonSkippedSpace
2021-11-21T23:53:25,343|[TRACE] script - #out(` `) [token]
2021-11-21T23:53:25,343|[TRACE] graph - <------- nonSkippedSpace
2021-11-21T23:53:25,343|[TRACE] graph - <----- statementPart
2021-11-21T23:53:25,343|[TRACE] graph - -----> statementPart
2021-11-21T23:53:25,343|[TRACE] graph - -------> nonSkippedChar
2021-11-21T23:53:25,343|[TRACE] script - #out(`O`) [token]
2021-11-21T23:53:25,343|[TRACE] graph - <------- nonSkippedChar
2021-11-21T23:53:25,343|[TRACE] graph - <----- statementPart
2021-11-21T23:53:25,343|[TRACE] graph - -----> statementPart
2021-11-21T23:53:25,343|[TRACE] graph - -------> nonSkippedChar
2021-11-21T23:53:25,343|[TRACE] script - #out(`N`) [token]
2021-11-21T23:53:25,343|[TRACE] graph - <------- nonSkippedChar
2021-11-21T23:53:25,343|[TRACE] graph - <----- statementPart
2021-11-21T23:53:25,343|[TRACE] graph - -----> statementPart
2021-11-21T23:53:25,343|[TRACE] graph - -------> nonSkippedSpace
2021-11-21T23:53:25,343|[TRACE] script - #out(` `) [token]
2021-11-21T23:53:25,343|[TRACE] graph - <------- nonSkippedSpace
2021-11-21T23:53:25,343|[TRACE] graph - <----- statementPart
2021-11-21T23:53:25,343|[TRACE] graph - -----> statementPart
2021-11-21T23:53:25,343|[TRACE] graph - -------> nonSkippedChar
2021-11-21T23:53:25,343|[TRACE] script - #out(`D`) [token]
2021-11-21T23:53:25,343|[TRACE] graph - <------- nonSkippedChar
2021-11-21T23:53:25,343|[TRACE] graph - <----- statementPart
2021-11-21T23:53:25,343|[TRACE] graph - -----> statementPart
2021-11-21T23:53:25,343|[TRACE] graph - -------> nonSkippedChar
2021-11-21T23:53:25,343|[TRACE] script - #out(`E`) [token]
2021-11-21T23:53:25,344|[TRACE] graph - <------- nonSkippedChar
2021-11-21T23:53:25,344|[TRACE] graph - <----- statementPart
2021-11-21T23:53:25,344|[TRACE] graph - -----> statementPart
2021-11-21T23:53:25,344|[TRACE] graph - -------> nonSkippedChar
2021-11-21T23:53:25,344|[TRACE] script - #out(`L`) [token]
2021-11-21T23:53:25,344|[TRACE] graph - <------- nonSkippedChar
2021-11-21T23:53:25,344|[TRACE] graph - <----- statementPart
2021-11-21T23:53:25,344|[TRACE] graph - -----> statementPart
2021-11-21T23:53:25,344|[TRACE] graph - -------> nonSkippedChar
2021-11-21T23:53:25,344|[TRACE] script - #out(`E`) [token]
2021-11-21T23:53:25,344|[TRACE] graph - <------- nonSkippedChar
2021-11-21T23:53:25,344|[TRACE] graph - <----- statementPart
2021-11-21T23:53:25,344|[TRACE] graph - -----> statementPart
2021-11-21T23:53:25,344|[TRACE] graph - -------> nonSkippedChar
2021-11-21T23:53:25,344|[TRACE] script - #out(`T`) [token]
2021-11-21T23:53:25,344|[TRACE] graph - <------- nonSkippedChar
2021-11-21T23:53:25,344|[TRACE] graph - <----- statementPart
2021-11-21T23:53:25,344|[TRACE] graph - -----> statementPart
2021-11-21T23:53:25,344|[TRACE] graph - -------> nonSkippedChar
2021-11-21T23:53:25,344|[TRACE] script - #out(`E`) [token]
2021-11-21T23:53:25,344|[TRACE] graph - <------- nonSkippedChar
2021-11-21T23:53:25,344|[TRACE] graph - <----- statementPart
2021-11-21T23:53:25,344|[TRACE] graph - -----> statementPart
2021-11-21T23:53:25,344|[TRACE] graph - -------> nonSkippedSpace
2021-11-21T23:53:25,344|[TRACE] script - #out(` `) [token]
2021-11-21T23:53:25,344|[TRACE] graph - <------- nonSkippedSpace
2021-11-21T23:53:25,344|[TRACE] graph - <----- statementPart
2021-11-21T23:53:25,344|[TRACE] graph - -----> statementPart
2021-11-21T23:53:25,344|[TRACE] graph - -------> nonSkippedChar
2021-11-21T23:53:25,344|[TRACE] script - #out(`N`) [token]
2021-11-21T23:53:25,344|[TRACE] graph - <------- nonSkippedChar
2021-11-21T23:53:25,344|[TRACE] graph - <----- statementPart
2021-11-21T23:53:25,344|[TRACE] graph - -----> statementPart
2021-11-21T23:53:25,344|[TRACE] graph - -------> nonSkippedChar
2021-11-21T23:53:25,344|[TRACE] script - #out(`O`) [token]
2021-11-21T23:53:25,344|[TRACE] graph - <------- nonSkippedChar
2021-11-21T23:53:25,344|[TRACE] graph - <----- statementPart
2021-11-21T23:53:25,344|[TRACE] graph - -----> statementPart
2021-11-21T23:53:25,344|[TRACE] graph - -------> nonSkippedSpace
2021-11-21T23:53:25,344|[TRACE] script - #out(` `) [token]
2021-11-21T23:53:25,344|[TRACE] graph - <------- nonSkippedSpace
2021-11-21T23:53:25,344|[TRACE] graph - <----- statementPart
2021-11-21T23:53:25,344|[TRACE] graph - -----> statementPart
2021-11-21T23:53:25,344|[TRACE] graph - -------> nonSkippedChar
2021-11-21T23:53:25,344|[TRACE] script - #out(`A`) [token]
2021-11-21T23:53:25,344|[TRACE] graph - <------- nonSkippedChar
2021-11-21T23:53:25,344|[TRACE] graph - <----- statementPart
2021-11-21T23:53:25,344|[TRACE] graph - -----> statementPart
2021-11-21T23:53:25,344|[TRACE] graph - -------> nonSkippedChar
2021-11-21T23:53:25,344|[TRACE] script - #out(`C`) [token]
2021-11-21T23:53:25,344|[TRACE] graph - <------- nonSkippedChar
2021-11-21T23:53:25,344|[TRACE] graph - <----- statementPart
2021-11-21T23:53:25,344|[TRACE] graph - -----> statementPart
2021-11-21T23:53:25,344|[TRACE] graph - -------> nonSkippedChar
2021-11-21T23:53:25,344|[TRACE] script - #out(`T`) [token]
2021-11-21T23:53:25,344|[TRACE] graph - <------- nonSkippedChar
2021-11-21T23:53:25,344|[TRACE] graph - <----- statementPart
2021-11-21T23:53:25,344|[TRACE] graph - -----> statementPart
2021-11-21T23:53:25,344|[TRACE] graph - -------> nonSkippedChar
2021-11-21T23:53:25,344|[TRACE] script - #out(`I`) [token]
2021-11-21T23:53:25,344|[TRACE] graph - <------- nonSkippedChar
2021-11-21T23:53:25,344|[TRACE] graph - <----- statementPart
2021-11-21T23:53:25,344|[TRACE] graph - -----> statementPart
2021-11-21T23:53:25,344|[TRACE] graph - -------> nonSkippedChar
2021-11-21T23:53:25,344|[TRACE] script - #out(`O`) [token]
2021-11-21T23:53:25,344|[TRACE] graph - <------- nonSkippedChar
2021-11-21T23:53:25,344|[TRACE] graph - <----- statementPart
2021-11-21T23:53:25,344|[TRACE] graph - -----> statementPart
2021-11-21T23:53:25,344|[TRACE] graph - -------> nonSkippedChar
2021-11-21T23:53:25,344|[TRACE] script - #out(`N`) [token]
2021-11-21T23:53:25,344|[TRACE] graph - <------- nonSkippedChar
2021-11-21T23:53:25,344|[TRACE] graph - <----- statementPart
2021-11-21T23:53:25,344|[TRACE] graph - -----> afterStatementPartNewline
2021-11-21T23:53:25,344|[TRACE] script - #out(` `) [text]
2021-11-21T23:53:25,344|[TRACE] graph - <----- afterStatementPartNewline
2021-11-21T23:53:25,344|[TRACE] graph - -----> statementPart
2021-11-21T23:53:25,344|[TRACE] graph - -------> nonSkippedSpace
2021-11-21T23:53:25,344|[TRACE] script - #out(` `) [token]
2021-11-21T23:53:25,344|[TRACE] graph - <------- nonSkippedSpace
2021-11-21T23:53:25,344|[TRACE] graph - <----- statementPart
2021-11-21T23:53:25,344|[TRACE] graph - -----> statementPart
2021-11-21T23:53:25,344|[TRACE] graph - -------> nonSkippedSpace
2021-11-21T23:53:25,344|[TRACE] script - #out(` `) [token]
2021-11-21T23:53:25,344|[TRACE] graph - <------- nonSkippedSpace
2021-11-21T23:53:25,344|[TRACE] graph - <----- statementPart
2021-11-21T23:53:25,344|[TRACE] graph - -----> statementPart
2021-11-21T23:53:25,344|[TRACE] graph - -------> nonSkippedSpace
2021-11-21T23:53:25,344|[TRACE] script - #out(` `) [token]
2021-11-21T23:53:25,344|[TRACE] graph - <------- nonSkippedSpace
2021-11-21T23:53:25,344|[TRACE] graph - <----- statementPart
2021-11-21T23:53:25,344|[TRACE] graph - -----> statementPart
2021-11-21T23:53:25,344|[TRACE] graph - -------> nonSkippedSpace
2021-11-21T23:53:25,344|[TRACE] script - #out(` `) [token]
2021-11-21T23:53:25,344|[TRACE] graph - <------- nonSkippedSpace
2021-11-21T23:53:25,344|[TRACE] graph - <----- statementPart
2021-11-21T23:53:25,344|[TRACE] graph - -----> statementPart
2021-11-21T23:53:25,344|[TRACE] graph - -------> nonSkippedChar
2021-11-21T23:53:25,344|[TRACE] script - #out(`O`) [token]
2021-11-21T23:53:25,344|[TRACE] graph - <------- nonSkippedChar
2021-11-21T23:53:25,344|[TRACE] graph - <----- statementPart
2021-11-21T23:53:25,344|[TRACE] graph - -----> statementPart
2021-11-21T23:53:25,344|[TRACE] graph - -------> nonSkippedChar
2021-11-21T23:53:25,344|[TRACE] script - #out(`N`) [token]
2021-11-21T23:53:25,344|[TRACE] graph - <------- nonSkippedChar
2021-11-21T23:53:25,344|[TRACE] graph - <----- statementPart
2021-11-21T23:53:25,344|[TRACE] graph - -----> statementPart
2021-11-21T23:53:25,344|[TRACE] graph - -------> nonSkippedSpace
2021-11-21T23:53:25,344|[TRACE] script - #out(` `) [token]
2021-11-21T23:53:25,344|[TRACE] graph - <------- nonSkippedSpace
2021-11-21T23:53:25,344|[TRACE] graph - <----- statementPart
2021-11-21T23:53:25,344|[TRACE] graph - -----> statementPart
2021-11-21T23:53:25,344|[TRACE] graph - -------> nonSkippedChar
2021-11-21T23:53:25,344|[TRACE] script - #out(`U`) [token]
2021-11-21T23:53:25,344|[TRACE] graph - <------- nonSkippedChar
2021-11-21T23:53:25,344|[TRACE] graph - <----- statementPart
2021-11-21T23:53:25,344|[TRACE] graph - -----> statementPart
2021-11-21T23:53:25,344|[TRACE] graph - -------> nonSkippedChar
2021-11-21T23:53:25,344|[TRACE] script - #out(`P`) [token]
2021-11-21T23:53:25,344|[TRACE] graph - <------- nonSkippedChar
2021-11-21T23:53:25,344|[TRACE] graph - <----- statementPart
2021-11-21T23:53:25,344|[TRACE] graph - -----> statementPart
2021-11-21T23:53:25,344|[TRACE] graph - -------> nonSkippedChar
2021-11-21T23:53:25,344|[TRACE] script - #out(`D`) [token]
2021-11-21T23:53:25,344|[TRACE] graph - <------- nonSkippedChar
2021-11-21T23:53:25,344|[TRACE] graph - <----- statementPart
2021-11-21T23:53:25,344|[TRACE] graph - -----> statementPart
2021-11-21T23:53:25,344|[TRACE] graph - -------> nonSkippedChar
2021-11-21T23:53:25,344|[TRACE] script - #out(`A`) [token]
2021-11-21T23:53:25,344|[TRACE] graph - <------- nonSkippedChar
2021-11-21T23:53:25,344|[TRACE] graph - <----- statementPart
2021-11-21T23:53:25,344|[TRACE] graph - -----> statementPart
2021-11-21T23:53:25,344|[TRACE] graph - -------> nonSkippedChar
2021-11-21T23:53:25,344|[TRACE] script - #out(`T`) [token]
2021-11-21T23:53:25,344|[TRACE] graph - <------- nonSkippedChar
2021-11-21T23:53:25,344|[TRACE] graph - <----- statementPart
2021-11-21T23:53:25,344|[TRACE] graph - -----> statementPart
2021-11-21T23:53:25,344|[TRACE] graph - -------> nonSkippedChar
2021-11-21T23:53:25,344|[TRACE] script - #out(`E`) [token]
2021-11-21T23:53:25,344|[TRACE] graph - <------- nonSkippedChar
2021-11-21T23:53:25,344|[TRACE] graph - <----- statementPart
2021-11-21T23:53:25,344|[TRACE] graph - -----> statementPart
2021-11-21T23:53:25,344|[TRACE] graph - -------> nonSkippedSpace
2021-11-21T23:53:25,344|[TRACE] script - #out(` `) [token]
2021-11-21T23:53:25,344|[TRACE] graph - <------- nonSkippedSpace
2021-11-21T23:53:25,344|[TRACE] graph - <----- statementPart
2021-11-21T23:53:25,344|[TRACE] graph - -----> statementPart
2021-11-21T23:53:25,344|[TRACE] graph - -------> nonSkippedChar
2021-11-21T23:53:25,344|[TRACE] script - #out(`N`) [token]
2021-11-21T23:53:25,344|[TRACE] graph - <------- nonSkippedChar
2021-11-21T23:53:25,344|[TRACE] graph - <----- statementPart
2021-11-21T23:53:25,344|[TRACE] graph - -----> statementPart
2021-11-21T23:53:25,344|[TRACE] graph - -------> nonSkippedChar
2021-11-21T23:53:25,344|[TRACE] script - #out(`O`) [token]
2021-11-21T23:53:25,344|[TRACE] graph - <------- nonSkippedChar
2021-11-21T23:53:25,344|[TRACE] graph - <----- statementPart
2021-11-21T23:53:25,344|[TRACE] graph - -----> statementPart
2021-11-21T23:53:25,344|[TRACE] graph - -------> nonSkippedSpace
2021-11-21T23:53:25,344|[TRACE] script - #out(` `) [token]
2021-11-21T23:53:25,344|[TRACE] graph - <------- nonSkippedSpace
2021-11-21T23:53:25,344|[TRACE] graph - <----- statementPart
2021-11-21T23:53:25,344|[TRACE] graph - -----> statementPart
2021-11-21T23:53:25,344|[TRACE] graph - -------> nonSkippedChar
2021-11-21T23:53:25,344|[TRACE] script - #out(`A`) [token]
2021-11-21T23:53:25,344|[TRACE] graph - <------- nonSkippedChar
2021-11-21T23:53:25,344|[TRACE] graph - <----- statementPart
2021-11-21T23:53:25,344|[TRACE] graph - -----> statementPart
2021-11-21T23:53:25,344|[TRACE] graph - -------> nonSkippedChar
2021-11-21T23:53:25,344|[TRACE] script - #out(`C`) [token]
2021-11-21T23:53:25,344|[TRACE] graph - <------- nonSkippedChar
2021-11-21T23:53:25,344|[TRACE] graph - <----- statementPart
2021-11-21T23:53:25,344|[TRACE] graph - -----> statementPart
2021-11-21T23:53:25,344|[TRACE] graph - -------> nonSkippedChar
2021-11-21T23:53:25,344|[TRACE] script - #out(`T`) [token]
2021-11-21T23:53:25,344|[TRACE] graph - <------- nonSkippedChar
2021-11-21T23:53:25,344|[TRACE] graph - <----- statementPart
2021-11-21T23:53:25,344|[TRACE] graph - -----> statementPart
2021-11-21T23:53:25,344|[TRACE] graph - -------> nonSkippedChar
2021-11-21T23:53:25,344|[TRACE] script - #out(`I`) [token]
2021-11-21T23:53:25,344|[TRACE] graph - <------- nonSkippedChar
2021-11-21T23:53:25,344|[TRACE] graph - <----- statementPart
2021-11-21T23:53:25,344|[TRACE] graph - -----> statementPart
2021-11-21T23:53:25,344|[TRACE] graph - -------> nonSkippedChar
2021-11-21T23:53:25,344|[TRACE] script - #out(`O`) [token]
2021-11-21T23:53:25,344|[TRACE] graph - <------- nonSkippedChar
2021-11-21T23:53:25,344|[TRACE] graph - <----- statementPart
2021-11-21T23:53:25,344|[TRACE] graph - -----> statementPart
2021-11-21T23:53:25,344|[TRACE] graph - -------> nonSkippedChar
2021-11-21T23:53:25,344|[TRACE] script - #out(`N`) [token]
2021-11-21T23:53:25,344|[TRACE] graph - <------- nonSkippedChar
2021-11-21T23:53:25,344|[TRACE] graph - <----- statementPart
2021-11-21T23:53:25,344|[TRACE] graph - -----> statementPart
2021-11-21T23:53:25,344|[TRACE] graph - -------> nonSkippedChar
2021-11-21T23:53:25,344|[TRACE] script - #out(`)`) [token]
2021-11-21T23:53:25,344|[TRACE] graph - <------- nonSkippedChar
2021-11-21T23:53:25,344|[TRACE] graph - <----- statementPart
2021-11-21T23:53:25,344|[TRACE] graph - -----> afterStatementPartNewline
2021-11-21T23:53:25,344|[TRACE] script - #out(` `) [text]
2021-11-21T23:53:25,344|[TRACE] graph - <----- afterStatementPartNewline
2021-11-21T23:53:25,344|[TRACE] graph - -----> statementPart
2021-11-21T23:53:25,344|[TRACE] graph - -------> nonSkippedChar
2021-11-21T23:53:25,344|[TRACE] script - #out(`E`) [token]
2021-11-21T23:53:25,344|[TRACE] graph - <------- nonSkippedChar
2021-11-21T23:53:25,344|[TRACE] graph - <----- statementPart
2021-11-21T23:53:25,344|[TRACE] graph - -----> statementPart
2021-11-21T23:53:25,344|[TRACE] graph - -------> nonSkippedChar
2021-11-21T23:53:25,344|[TRACE] script - #out(`N`) [token]
2021-11-21T23:53:25,344|[TRACE] graph - <------- nonSkippedChar
2021-11-21T23:53:25,344|[TRACE] graph - <----- statementPart
2021-11-21T23:53:25,344|[TRACE] graph - -----> statementPart
2021-11-21T23:53:25,344|[TRACE] graph - -------> nonSkippedChar
2021-11-21T23:53:25,344|[TRACE] script - #out(`G`) [token]
2021-11-21T23:53:25,344|[TRACE] graph - <------- nonSkippedChar
2021-11-21T23:53:25,344|[TRACE] graph - <----- statementPart
2021-11-21T23:53:25,344|[TRACE] graph - -----> statementPart
2021-11-21T23:53:25,344|[TRACE] graph - -------> nonSkippedChar
2021-11-21T23:53:25,344|[TRACE] script - #out(`I`) [token]
2021-11-21T23:53:25,344|[TRACE] graph - <------- nonSkippedChar
2021-11-21T23:53:25,344|[TRACE] graph - <----- statementPart
2021-11-21T23:53:25,344|[TRACE] graph - -----> statementPart
2021-11-21T23:53:25,344|[TRACE] graph - -------> nonSkippedChar
2021-11-21T23:53:25,344|[TRACE] script - #out(`N`) [token]
2021-11-21T23:53:25,344|[TRACE] graph - <------- nonSkippedChar
2021-11-21T23:53:25,344|[TRACE] graph - <----- statementPart
2021-11-21T23:53:25,410|[TRACE] graph - -----> statementPart
2021-11-21T23:53:25,410|[TRACE] graph - -------> nonSkippedChar
2021-11-21T23:53:25,410|[TRACE] script - #out(`E`) [token]
2021-11-21T23:53:25,410|[TRACE] graph - <------- nonSkippedChar
2021-11-21T23:53:25,410|[TRACE] graph - <----- statementPart
2021-11-21T23:53:25,411|[TRACE] graph - -----> statementPart
2021-11-21T23:53:25,411|[TRACE] graph - -------> nonSkippedSpace
2021-11-21T23:53:25,411|[TRACE] script - #out(` `) [token]
2021-11-21T23:53:25,411|[TRACE] graph - <------- nonSkippedSpace
2021-11-21T23:53:25,411|[TRACE] graph - <----- statementPart
2021-11-21T23:53:25,411|[TRACE] graph - -----> statementPart
2021-11-21T23:53:25,411|[TRACE] graph - -------> nonSkippedChar
2021-11-21T23:53:25,411|[TRACE] script - #out(`=`) [token]
2021-11-21T23:53:25,411|[TRACE] graph - <------- nonSkippedChar
2021-11-21T23:53:25,411|[TRACE] graph - <----- statementPart
2021-11-21T23:53:25,411|[TRACE] graph - -----> statementPart
2021-11-21T23:53:25,411|[TRACE] graph - -------> nonSkippedSpace
2021-11-21T23:53:25,411|[TRACE] script - #out(` `) [token]
2021-11-21T23:53:25,411|[TRACE] graph - <------- nonSkippedSpace
2021-11-21T23:53:25,411|[TRACE] graph - <----- statementPart
2021-11-21T23:53:25,411|[TRACE] graph - -----> statementPart
2021-11-21T23:53:25,411|[TRACE] graph - -------> nonSkippedChar
2021-11-21T23:53:25,411|[TRACE] script - #out(`I`) [token]
2021-11-21T23:53:25,411|[TRACE] graph - <------- nonSkippedChar
2021-11-21T23:53:25,411|[TRACE] graph - <----- statementPart
2021-11-21T23:53:25,411|[TRACE] graph - -----> statementPart
2021-11-21T23:53:25,411|[TRACE] graph - -------> nonSkippedChar
2021-11-21T23:53:25,411|[TRACE] script - #out(`n`) [token]
2021-11-21T23:53:25,411|[TRACE] graph - <------- nonSkippedChar
2021-11-21T23:53:25,411|[TRACE] graph - <----- statementPart
2021-11-21T23:53:25,411|[TRACE] graph - -----> statementPart
2021-11-21T23:53:25,411|[TRACE] graph - -------> nonSkippedChar
2021-11-21T23:53:25,411|[TRACE] script - #out(`n`) [token]
2021-11-21T23:53:25,411|[TRACE] graph - <------- nonSkippedChar
2021-11-21T23:53:25,411|[TRACE] graph - <----- statementPart
2021-11-21T23:53:25,411|[TRACE] graph - -----> statementPart
2021-11-21T23:53:25,411|[TRACE] graph - -------> nonSkippedChar
2021-11-21T23:53:25,411|[TRACE] script - #out(`o`) [token]
2021-11-21T23:53:25,411|[TRACE] graph - <------- nonSkippedChar
2021-11-21T23:53:25,411|[TRACE] graph - <----- statementPart
2021-11-21T23:53:25,411|[TRACE] graph - -----> statementPart
2021-11-21T23:53:25,411|[TRACE] graph - -------> nonSkippedChar
2021-11-21T23:53:25,411|[TRACE] script - #out(`D`) [token]
2021-11-21T23:53:25,411|[TRACE] graph - <------- nonSkippedChar
2021-11-21T23:53:25,411|[TRACE] graph - <----- statementPart
2021-11-21T23:53:25,411|[TRACE] graph - -----> statementPart
2021-11-21T23:53:25,411|[TRACE] graph - -------> nonSkippedChar
2021-11-21T23:53:25,411|[TRACE] script - #out(`B`) [token]
2021-11-21T23:53:25,411|[TRACE] graph - <------- nonSkippedChar
2021-11-21T23:53:25,411|[TRACE] graph - <----- statementPart
2021-11-21T23:53:25,411|[DEBUG] graph - Import statement : CREATE TABLE IF NOT EXISTS `bloodbank`.`blood_donation` (   `donation_id` INT NOT NULL AUTO_INCREMENT,   `bank_id` INT NOT NULL,   `milliliters` INT NOT NULL,   `blood_group` CHAR(2) NOT NULL,   `rhd` BIT(1) NOT NULL,   `created` BIGINT NOT NULL DEFAULT (unix_timestamp(now()) * 1000),   `updated` BIGINT NOT NULL DEFAULT (unix_timestamp(now()) * 1000),   `version` INT NOT NULL DEFAULT 1,   PRIMARY KEY (`donation_id`),   INDEX `fk_blood_donation_blood_bank1_idx` (`bank_id` ASC) VISIBLE,   CONSTRAINT `fk_blood_donation_blood_bank1`     FOREIGN KEY (`bank_id`)     REFERENCES `bloodbank`.`blood_bank` (`bank_id`)     ON DELETE NO ACTION     ON UPDATE NO ACTION) ENGINE = InnoDB
2021-11-21T23:53:25,411|[TRACE] graph - <--- statement
2021-11-21T23:53:25,411|[TRACE] graph - ---> blankSpacesToSkip
2021-11-21T23:53:25,411|[TRACE] graph - -----> newLineToSkip
2021-11-21T23:53:25,411|[TRACE] graph - <----- newLineToSkip
2021-11-21T23:53:25,411|[TRACE] graph - -----> newLineToSkip
2021-11-21T23:53:25,411|[TRACE] graph - <----- newLineToSkip
2021-11-21T23:53:25,411|[TRACE] graph - -----> newLineToSkip
2021-11-21T23:53:25,411|[TRACE] graph - <----- newLineToSkip
2021-11-21T23:53:25,411|[TRACE] graph - -----> newLineToSkip
2021-11-21T23:53:25,411|[TRACE] graph - <----- newLineToSkip
2021-11-21T23:53:25,411|[TRACE] graph - -----> newLineToSkip
2021-11-21T23:53:25,411|[TRACE] graph - <----- newLineToSkip
2021-11-21T23:53:25,411|[TRACE] graph - -----> newLineToSkip
2021-11-21T23:53:25,411|[TRACE] graph - <----- newLineToSkip
2021-11-21T23:53:25,411|[TRACE] graph - <--- blankSpacesToSkip
2021-11-21T23:53:25,411|[TRACE] graph - ---> statement
2021-11-21T23:53:25,411|[TRACE] graph - -----> statementFirstPart
2021-11-21T23:53:25,411|[TRACE] graph - -------> nonSkippedChar
2021-11-21T23:53:25,411|[TRACE] script - #out(`C`) [token]
2021-11-21T23:53:25,411|[TRACE] graph - <------- nonSkippedChar
2021-11-21T23:53:25,411|[TRACE] graph - <----- statementFirstPart
2021-11-21T23:53:25,411|[TRACE] graph - -----> statementPart
2021-11-21T23:53:25,411|[TRACE] graph - -------> nonSkippedChar
2021-11-21T23:53:25,411|[TRACE] script - #out(`R`) [token]
2021-11-21T23:53:25,411|[TRACE] graph - <------- nonSkippedChar
2021-11-21T23:53:25,411|[TRACE] graph - <----- statementPart
2021-11-21T23:53:25,411|[TRACE] graph - -----> statementPart
2021-11-21T23:53:25,411|[TRACE] graph - -------> nonSkippedChar
2021-11-21T23:53:25,411|[TRACE] script - #out(`E`) [token]
2021-11-21T23:53:25,411|[TRACE] graph - <------- nonSkippedChar
2021-11-21T23:53:25,411|[TRACE] graph - <----- statementPart
2021-11-21T23:53:25,411|[TRACE] graph - -----> statementPart
2021-11-21T23:53:25,411|[TRACE] graph - -------> nonSkippedChar
2021-11-21T23:53:25,411|[TRACE] script - #out(`A`) [token]
2021-11-21T23:53:25,411|[TRACE] graph - <------- nonSkippedChar
2021-11-21T23:53:25,411|[TRACE] graph - <----- statementPart
2021-11-21T23:53:25,411|[TRACE] graph - -----> statementPart
2021-11-21T23:53:25,411|[TRACE] graph - -------> nonSkippedChar
2021-11-21T23:53:25,411|[TRACE] script - #out(`T`) [token]
2021-11-21T23:53:25,411|[TRACE] graph - <------- nonSkippedChar
2021-11-21T23:53:25,411|[TRACE] graph - <----- statementPart
2021-11-21T23:53:25,411|[TRACE] graph - -----> statementPart
2021-11-21T23:53:25,411|[TRACE] graph - -------> nonSkippedChar
2021-11-21T23:53:25,411|[TRACE] script - #out(`E`) [token]
2021-11-21T23:53:25,411|[TRACE] graph - <------- nonSkippedChar
2021-11-21T23:53:25,411|[TRACE] graph - <----- statementPart
2021-11-21T23:53:25,411|[TRACE] graph - -----> statementPart
2021-11-21T23:53:25,411|[TRACE] graph - -------> nonSkippedSpace
2021-11-21T23:53:25,411|[TRACE] script - #out(` `) [token]
2021-11-21T23:53:25,411|[TRACE] graph - <------- nonSkippedSpace
2021-11-21T23:53:25,411|[TRACE] graph - <----- statementPart
2021-11-21T23:53:25,411|[TRACE] graph - -----> statementPart
2021-11-21T23:53:25,411|[TRACE] graph - -------> nonSkippedChar
2021-11-21T23:53:25,411|[TRACE] script - #out(`T`) [token]
2021-11-21T23:53:25,411|[TRACE] graph - <------- nonSkippedChar
2021-11-21T23:53:25,411|[TRACE] graph - <----- statementPart
2021-11-21T23:53:25,411|[TRACE] graph - -----> statementPart
2021-11-21T23:53:25,411|[TRACE] graph - -------> nonSkippedChar
2021-11-21T23:53:25,411|[TRACE] script - #out(`A`) [token]
2021-11-21T23:53:25,411|[TRACE] graph - <------- nonSkippedChar
2021-11-21T23:53:25,411|[TRACE] graph - <----- statementPart
2021-11-21T23:53:25,411|[TRACE] graph - -----> statementPart
2021-11-21T23:53:25,411|[TRACE] graph - -------> nonSkippedChar
2021-11-21T23:53:25,411|[TRACE] script - #out(`B`) [token]
2021-11-21T23:53:25,411|[TRACE] graph - <------- nonSkippedChar
2021-11-21T23:53:25,411|[TRACE] graph - <----- statementPart
2021-11-21T23:53:25,411|[TRACE] graph - -----> statementPart
2021-11-21T23:53:25,411|[TRACE] graph - -------> nonSkippedChar
2021-11-21T23:53:25,411|[TRACE] script - #out(`L`) [token]
2021-11-21T23:53:25,411|[TRACE] graph - <------- nonSkippedChar
2021-11-21T23:53:25,411|[TRACE] graph - <----- statementPart
2021-11-21T23:53:25,411|[TRACE] graph - -----> statementPart
2021-11-21T23:53:25,411|[TRACE] graph - -------> nonSkippedChar
2021-11-21T23:53:25,411|[TRACE] script - #out(`E`) [token]
2021-11-21T23:53:25,411|[TRACE] graph - <------- nonSkippedChar
2021-11-21T23:53:25,411|[TRACE] graph - <----- statementPart
2021-11-21T23:53:25,411|[TRACE] graph - -----> statementPart
2021-11-21T23:53:25,411|[TRACE] graph - -------> nonSkippedSpace
2021-11-21T23:53:25,411|[TRACE] script - #out(` `) [token]
2021-11-21T23:53:25,411|[TRACE] graph - <------- nonSkippedSpace
2021-11-21T23:53:25,411|[TRACE] graph - <----- statementPart
2021-11-21T23:53:25,411|[TRACE] graph - -----> statementPart
2021-11-21T23:53:25,411|[TRACE] graph - -------> nonSkippedChar
2021-11-21T23:53:25,411|[TRACE] script - #out(`I`) [token]
2021-11-21T23:53:25,411|[TRACE] graph - <------- nonSkippedChar
2021-11-21T23:53:25,411|[TRACE] graph - <----- statementPart
2021-11-21T23:53:25,411|[TRACE] graph - -----> statementPart
2021-11-21T23:53:25,411|[TRACE] graph - -------> nonSkippedChar
2021-11-21T23:53:25,411|[TRACE] script - #out(`F`) [token]
2021-11-21T23:53:25,411|[TRACE] graph - <------- nonSkippedChar
2021-11-21T23:53:25,411|[TRACE] graph - <----- statementPart
2021-11-21T23:53:25,411|[TRACE] graph - -----> statementPart
2021-11-21T23:53:25,411|[TRACE] graph - -------> nonSkippedSpace
2021-11-21T23:53:25,411|[TRACE] script - #out(` `) [token]
2021-11-21T23:53:25,411|[TRACE] graph - <------- nonSkippedSpace
2021-11-21T23:53:25,411|[TRACE] graph - <----- statementPart
2021-11-21T23:53:25,411|[TRACE] graph - -----> statementPart
2021-11-21T23:53:25,411|[TRACE] graph - -------> nonSkippedChar
2021-11-21T23:53:25,411|[TRACE] script - #out(`N`) [token]
2021-11-21T23:53:25,411|[TRACE] graph - <------- nonSkippedChar
2021-11-21T23:53:25,411|[TRACE] graph - <----- statementPart
2021-11-21T23:53:25,411|[TRACE] graph - -----> statementPart
2021-11-21T23:53:25,411|[TRACE] graph - -------> nonSkippedChar
2021-11-21T23:53:25,411|[TRACE] script - #out(`O`) [token]
2021-11-21T23:53:25,411|[TRACE] graph - <------- nonSkippedChar
2021-11-21T23:53:25,411|[TRACE] graph - <----- statementPart
2021-11-21T23:53:25,411|[TRACE] graph - -----> statementPart
2021-11-21T23:53:25,411|[TRACE] graph - -------> nonSkippedChar
2021-11-21T23:53:25,411|[TRACE] script - #out(`T`) [token]
2021-11-21T23:53:25,411|[TRACE] graph - <------- nonSkippedChar
2021-11-21T23:53:25,411|[TRACE] graph - <----- statementPart
2021-11-21T23:53:25,411|[TRACE] graph - -----> statementPart
2021-11-21T23:53:25,411|[TRACE] graph - -------> nonSkippedSpace
2021-11-21T23:53:25,411|[TRACE] script - #out(` `) [token]
2021-11-21T23:53:25,411|[TRACE] graph - <------- nonSkippedSpace
2021-11-21T23:53:25,411|[TRACE] graph - <----- statementPart
2021-11-21T23:53:25,411|[TRACE] graph - -----> statementPart
2021-11-21T23:53:25,411|[TRACE] graph - -------> nonSkippedChar
2021-11-21T23:53:25,411|[TRACE] script - #out(`E`) [token]
2021-11-21T23:53:25,411|[TRACE] graph - <------- nonSkippedChar
2021-11-21T23:53:25,411|[TRACE] graph - <----- statementPart
2021-11-21T23:53:25,411|[TRACE] graph - -----> statementPart
2021-11-21T23:53:25,411|[TRACE] graph - -------> nonSkippedChar
2021-11-21T23:53:25,411|[TRACE] script - #out(`X`) [token]
2021-11-21T23:53:25,411|[TRACE] graph - <------- nonSkippedChar
2021-11-21T23:53:25,411|[TRACE] graph - <----- statementPart
2021-11-21T23:53:25,411|[TRACE] graph - -----> statementPart
2021-11-21T23:53:25,411|[TRACE] graph - -------> nonSkippedChar
2021-11-21T23:53:25,411|[TRACE] script - #out(`I`) [token]
2021-11-21T23:53:25,411|[TRACE] graph - <------- nonSkippedChar
2021-11-21T23:53:25,411|[TRACE] graph - <----- statementPart
2021-11-21T23:53:25,411|[TRACE] graph - -----> statementPart
2021-11-21T23:53:25,411|[TRACE] graph - -------> nonSkippedChar
2021-11-21T23:53:25,411|[TRACE] script - #out(`S`) [token]
2021-11-21T23:53:25,411|[TRACE] graph - <------- nonSkippedChar
2021-11-21T23:53:25,411|[TRACE] graph - <----- statementPart
2021-11-21T23:53:25,411|[TRACE] graph - -----> statementPart
2021-11-21T23:53:25,411|[TRACE] graph - -------> nonSkippedChar
2021-11-21T23:53:25,411|[TRACE] script - #out(`T`) [token]
2021-11-21T23:53:25,411|[TRACE] graph - <------- nonSkippedChar
2021-11-21T23:53:25,411|[TRACE] graph - <----- statementPart
2021-11-21T23:53:25,411|[TRACE] graph - -----> statementPart
2021-11-21T23:53:25,411|[TRACE] graph - -------> nonSkippedChar
2021-11-21T23:53:25,411|[TRACE] script - #out(`S`) [token]
2021-11-21T23:53:25,411|[TRACE] graph - <------- nonSkippedChar
2021-11-21T23:53:25,411|[TRACE] graph - <----- statementPart
2021-11-21T23:53:25,411|[TRACE] graph - -----> statementPart
2021-11-21T23:53:25,411|[TRACE] graph - -------> nonSkippedSpace
2021-11-21T23:53:25,411|[TRACE] script - #out(` `) [token]
2021-11-21T23:53:25,411|[TRACE] graph - <------- nonSkippedSpace
2021-11-21T23:53:25,411|[TRACE] graph - <----- statementPart
2021-11-21T23:53:25,411|[TRACE] graph - -----> statementPart
2021-11-21T23:53:25,411|[TRACE] graph - -------> quotedString
2021-11-21T23:53:25,411|[TRACE] script - #out(``bloodbank``) [token]
2021-11-21T23:53:25,411|[TRACE] graph - <------- quotedString
2021-11-21T23:53:25,411|[TRACE] graph - <----- statementPart
2021-11-21T23:53:25,411|[TRACE] graph - -----> statementPart
2021-11-21T23:53:25,411|[TRACE] graph - -------> nonSkippedChar
2021-11-21T23:53:25,411|[TRACE] script - #out(`.`) [token]
2021-11-21T23:53:25,411|[TRACE] graph - <------- nonSkippedChar
2021-11-21T23:53:25,411|[TRACE] graph - <----- statementPart
2021-11-21T23:53:25,411|[TRACE] graph - -----> statementPart
2021-11-21T23:53:25,411|[TRACE] graph - -------> quotedString
2021-11-21T23:53:25,411|[TRACE] script - #out(``donation_record``) [token]
2021-11-21T23:53:25,411|[TRACE] graph - <------- quotedString
2021-11-21T23:53:25,412|[TRACE] graph - <----- statementPart
2021-11-21T23:53:25,412|[TRACE] graph - -----> statementPart
2021-11-21T23:53:25,412|[TRACE] graph - -------> nonSkippedSpace
2021-11-21T23:53:25,412|[TRACE] script - #out(` `) [token]
2021-11-21T23:53:25,412|[TRACE] graph - <------- nonSkippedSpace
2021-11-21T23:53:25,412|[TRACE] graph - <----- statementPart
2021-11-21T23:53:25,412|[TRACE] graph - -----> statementPart
2021-11-21T23:53:25,412|[TRACE] graph - -------> nonSkippedChar
2021-11-21T23:53:25,412|[TRACE] script - #out(`(`) [token]
2021-11-21T23:53:25,412|[TRACE] graph - <------- nonSkippedChar
2021-11-21T23:53:25,412|[TRACE] graph - <----- statementPart
2021-11-21T23:53:25,412|[TRACE] graph - -----> afterStatementPartNewline
2021-11-21T23:53:25,412|[TRACE] script - #out(` `) [text]
2021-11-21T23:53:25,412|[TRACE] graph - <----- afterStatementPartNewline
2021-11-21T23:53:25,412|[TRACE] graph - -----> statementPart
2021-11-21T23:53:25,412|[TRACE] graph - -------> nonSkippedSpace
2021-11-21T23:53:25,412|[TRACE] script - #out(` `) [token]
2021-11-21T23:53:25,412|[TRACE] graph - <------- nonSkippedSpace
2021-11-21T23:53:25,412|[TRACE] graph - <----- statementPart
2021-11-21T23:53:25,412|[TRACE] graph - -----> statementPart
2021-11-21T23:53:25,412|[TRACE] graph - -------> nonSkippedSpace
2021-11-21T23:53:25,412|[TRACE] script - #out(` `) [token]
2021-11-21T23:53:25,412|[TRACE] graph - <------- nonSkippedSpace
2021-11-21T23:53:25,412|[TRACE] graph - <----- statementPart
2021-11-21T23:53:25,412|[TRACE] graph - -----> statementPart
2021-11-21T23:53:25,412|[TRACE] graph - -------> quotedString
2021-11-21T23:53:25,412|[TRACE] script - #out(``record_id``) [token]
2021-11-21T23:53:25,412|[TRACE] graph - <------- quotedString
2021-11-21T23:53:25,412|[TRACE] graph - <----- statementPart
2021-11-21T23:53:25,412|[TRACE] graph - -----> statementPart
2021-11-21T23:53:25,412|[TRACE] graph - -------> nonSkippedSpace
2021-11-21T23:53:25,412|[TRACE] script - #out(` `) [token]
2021-11-21T23:53:25,412|[TRACE] graph - <------- nonSkippedSpace
2021-11-21T23:53:25,412|[TRACE] graph - <----- statementPart
2021-11-21T23:53:25,412|[TRACE] graph - -----> statementPart
2021-11-21T23:53:25,412|[TRACE] graph - -------> nonSkippedChar
2021-11-21T23:53:25,412|[TRACE] script - #out(`I`) [token]
2021-11-21T23:53:25,412|[TRACE] graph - <------- nonSkippedChar
2021-11-21T23:53:25,412|[TRACE] graph - <----- statementPart
2021-11-21T23:53:25,412|[TRACE] graph - -----> statementPart
2021-11-21T23:53:25,412|[TRACE] graph - -------> nonSkippedChar
2021-11-21T23:53:25,412|[TRACE] script - #out(`N`) [token]
2021-11-21T23:53:25,412|[TRACE] graph - <------- nonSkippedChar
2021-11-21T23:53:25,412|[TRACE] graph - <----- statementPart
2021-11-21T23:53:25,412|[TRACE] graph - -----> statementPart
2021-11-21T23:53:25,412|[TRACE] graph - -------> nonSkippedChar
2021-11-21T23:53:25,412|[TRACE] script - #out(`T`) [token]
2021-11-21T23:53:25,412|[TRACE] graph - <------- nonSkippedChar
2021-11-21T23:53:25,412|[TRACE] graph - <----- statementPart
2021-11-21T23:53:25,412|[TRACE] graph - -----> statementPart
2021-11-21T23:53:25,412|[TRACE] graph - -------> nonSkippedSpace
2021-11-21T23:53:25,412|[TRACE] script - #out(` `) [token]
2021-11-21T23:53:25,412|[TRACE] graph - <------- nonSkippedSpace
2021-11-21T23:53:25,412|[TRACE] graph - <----- statementPart
2021-11-21T23:53:25,412|[TRACE] graph - -----> statementPart
2021-11-21T23:53:25,412|[TRACE] graph - -------> nonSkippedChar
2021-11-21T23:53:25,412|[TRACE] script - #out(`N`) [token]
2021-11-21T23:53:25,412|[TRACE] graph - <------- nonSkippedChar
2021-11-21T23:53:25,412|[TRACE] graph - <----- statementPart
2021-11-21T23:53:25,412|[TRACE] graph - -----> statementPart
2021-11-21T23:53:25,412|[TRACE] graph - -------> nonSkippedChar
2021-11-21T23:53:25,412|[TRACE] script - #out(`O`) [token]
2021-11-21T23:53:25,412|[TRACE] graph - <------- nonSkippedChar
2021-11-21T23:53:25,412|[TRACE] graph - <----- statementPart
2021-11-21T23:53:25,412|[TRACE] graph - -----> statementPart
2021-11-21T23:53:25,412|[TRACE] graph - -------> nonSkippedChar
2021-11-21T23:53:25,412|[TRACE] script - #out(`T`) [token]
2021-11-21T23:53:25,412|[TRACE] graph - <------- nonSkippedChar
2021-11-21T23:53:25,412|[TRACE] graph - <----- statementPart
2021-11-21T23:53:25,412|[TRACE] graph - -----> statementPart
2021-11-21T23:53:25,412|[TRACE] graph - -------> nonSkippedSpace
2021-11-21T23:53:25,412|[TRACE] script - #out(` `) [token]
2021-11-21T23:53:25,412|[TRACE] graph - <------- nonSkippedSpace
2021-11-21T23:53:25,412|[TRACE] graph - <----- statementPart
2021-11-21T23:53:25,412|[TRACE] graph - -----> statementPart
2021-11-21T23:53:25,412|[TRACE] graph - -------> nonSkippedChar
2021-11-21T23:53:25,412|[TRACE] script - #out(`N`) [token]
2021-11-21T23:53:25,412|[TRACE] graph - <------- nonSkippedChar
2021-11-21T23:53:25,412|[TRACE] graph - <----- statementPart
2021-11-21T23:53:25,412|[TRACE] graph - -----> statementPart
2021-11-21T23:53:25,412|[TRACE] graph - -------> nonSkippedChar
2021-11-21T23:53:25,412|[TRACE] script - #out(`U`) [token]
2021-11-21T23:53:25,412|[TRACE] graph - <------- nonSkippedChar
2021-11-21T23:53:25,412|[TRACE] graph - <----- statementPart
2021-11-21T23:53:25,412|[TRACE] graph - -----> statementPart
2021-11-21T23:53:25,412|[TRACE] graph - -------> nonSkippedChar
2021-11-21T23:53:25,412|[TRACE] script - #out(`L`) [token]
2021-11-21T23:53:25,412|[TRACE] graph - <------- nonSkippedChar
2021-11-21T23:53:25,412|[TRACE] graph - <----- statementPart
2021-11-21T23:53:25,412|[TRACE] graph - -----> statementPart
2021-11-21T23:53:25,412|[TRACE] graph - -------> nonSkippedChar
2021-11-21T23:53:25,412|[TRACE] script - #out(`L`) [token]
2021-11-21T23:53:25,412|[TRACE] graph - <------- nonSkippedChar
2021-11-21T23:53:25,412|[TRACE] graph - <----- statementPart
2021-11-21T23:53:25,412|[TRACE] graph - -----> statementPart
2021-11-21T23:53:25,412|[TRACE] graph - -------> nonSkippedSpace
2021-11-21T23:53:25,412|[TRACE] script - #out(` `) [token]
2021-11-21T23:53:25,412|[TRACE] graph - <------- nonSkippedSpace
2021-11-21T23:53:25,412|[TRACE] graph - <----- statementPart
2021-11-21T23:53:25,412|[TRACE] graph - -----> statementPart
2021-11-21T23:53:25,412|[TRACE] graph - -------> nonSkippedChar
2021-11-21T23:53:25,412|[TRACE] script - #out(`A`) [token]
2021-11-21T23:53:25,412|[TRACE] graph - <------- nonSkippedChar
2021-11-21T23:53:25,412|[TRACE] graph - <----- statementPart
2021-11-21T23:53:25,412|[TRACE] graph - -----> statementPart
2021-11-21T23:53:25,412|[TRACE] graph - -------> nonSkippedChar
2021-11-21T23:53:25,412|[TRACE] script - #out(`U`) [token]
2021-11-21T23:53:25,412|[TRACE] graph - <------- nonSkippedChar
2021-11-21T23:53:25,412|[TRACE] graph - <----- statementPart
2021-11-21T23:53:25,412|[TRACE] graph - -----> statementPart
2021-11-21T23:53:25,412|[TRACE] graph - -------> nonSkippedChar
2021-11-21T23:53:25,412|[TRACE] script - #out(`T`) [token]
2021-11-21T23:53:25,412|[TRACE] graph - <------- nonSkippedChar
2021-11-21T23:53:25,412|[TRACE] graph - <----- statementPart
2021-11-21T23:53:25,412|[TRACE] graph - -----> statementPart
2021-11-21T23:53:25,412|[TRACE] graph - -------> nonSkippedChar
2021-11-21T23:53:25,412|[TRACE] script - #out(`O`) [token]
2021-11-21T23:53:25,412|[TRACE] graph - <------- nonSkippedChar
2021-11-21T23:53:25,412|[TRACE] graph - <----- statementPart
2021-11-21T23:53:25,412|[TRACE] graph - -----> statementPart
2021-11-21T23:53:25,412|[TRACE] graph - -------> nonSkippedChar
2021-11-21T23:53:25,412|[TRACE] script - #out(`_`) [token]
2021-11-21T23:53:25,412|[TRACE] graph - <------- nonSkippedChar
2021-11-21T23:53:25,412|[TRACE] graph - <----- statementPart
2021-11-21T23:53:25,412|[TRACE] graph - -----> statementPart
2021-11-21T23:53:25,412|[TRACE] graph - -------> nonSkippedChar
2021-11-21T23:53:25,412|[TRACE] script - #out(`I`) [token]
2021-11-21T23:53:25,412|[TRACE] graph - <------- nonSkippedChar
2021-11-21T23:53:25,412|[TRACE] graph - <----- statementPart
2021-11-21T23:53:25,412|[TRACE] graph - -----> statementPart
2021-11-21T23:53:25,412|[TRACE] graph - -------> nonSkippedChar
2021-11-21T23:53:25,412|[TRACE] script - #out(`N`) [token]
2021-11-21T23:53:25,412|[TRACE] graph - <------- nonSkippedChar
2021-11-21T23:53:25,412|[TRACE] graph - <----- statementPart
2021-11-21T23:53:25,412|[TRACE] graph - -----> statementPart
2021-11-21T23:53:25,412|[TRACE] graph - -------> nonSkippedChar
2021-11-21T23:53:25,412|[TRACE] script - #out(`C`) [token]
2021-11-21T23:53:25,412|[TRACE] graph - <------- nonSkippedChar
2021-11-21T23:53:25,412|[TRACE] graph - <----- statementPart
2021-11-21T23:53:25,412|[TRACE] graph - -----> statementPart
2021-11-21T23:53:25,412|[TRACE] graph - -------> nonSkippedChar
2021-11-21T23:53:25,412|[TRACE] script - #out(`R`) [token]
2021-11-21T23:53:25,412|[TRACE] graph - <------- nonSkippedChar
2021-11-21T23:53:25,412|[TRACE] graph - <----- statementPart
2021-11-21T23:53:25,412|[TRACE] graph - -----> statementPart
2021-11-21T23:53:25,412|[TRACE] graph - -------> nonSkippedChar
2021-11-21T23:53:25,412|[TRACE] script - #out(`E`) [token]
2021-11-21T23:53:25,412|[TRACE] graph - <------- nonSkippedChar
2021-11-21T23:53:25,412|[TRACE] graph - <----- statementPart
2021-11-21T23:53:25,412|[TRACE] graph - -----> statementPart
2021-11-21T23:53:25,412|[TRACE] graph - -------> nonSkippedChar
2021-11-21T23:53:25,412|[TRACE] script - #out(`M`) [token]
2021-11-21T23:53:25,412|[TRACE] graph - <------- nonSkippedChar
2021-11-21T23:53:25,412|[TRACE] graph - <----- statementPart
2021-11-21T23:53:25,412|[TRACE] graph - -----> statementPart
2021-11-21T23:53:25,412|[TRACE] graph - -------> nonSkippedChar
2021-11-21T23:53:25,412|[TRACE] script - #out(`E`) [token]
2021-11-21T23:53:25,412|[TRACE] graph - <------- nonSkippedChar
2021-11-21T23:53:25,412|[TRACE] graph - <----- statementPart
2021-11-21T23:53:25,412|[TRACE] graph - -----> statementPart
2021-11-21T23:53:25,412|[TRACE] graph - -------> nonSkippedChar
2021-11-21T23:53:25,412|[TRACE] script - #out(`N`) [token]
2021-11-21T23:53:25,412|[TRACE] graph - <------- nonSkippedChar
2021-11-21T23:53:25,412|[TRACE] graph - <----- statementPart
2021-11-21T23:53:25,412|[TRACE] graph - -----> statementPart
2021-11-21T23:53:25,412|[TRACE] graph - -------> nonSkippedChar
2021-11-21T23:53:25,412|[TRACE] script - #out(`T`) [token]
2021-11-21T23:53:25,412|[TRACE] graph - <------- nonSkippedChar
2021-11-21T23:53:25,412|[TRACE] graph - <----- statementPart
2021-11-21T23:53:25,412|[TRACE] graph - -----> statementPart
2021-11-21T23:53:25,412|[TRACE] graph - -------> nonSkippedChar
2021-11-21T23:53:25,412|[TRACE] script - #out(`,`) [token]
2021-11-21T23:53:25,412|[TRACE] graph - <------- nonSkippedChar
2021-11-21T23:53:25,412|[TRACE] graph - <----- statementPart
2021-11-21T23:53:25,412|[TRACE] graph - -----> afterStatementPartNewline
2021-11-21T23:53:25,412|[TRACE] script - #out(` `) [text]
2021-11-21T23:53:25,412|[TRACE] graph - <----- afterStatementPartNewline
2021-11-21T23:53:25,412|[TRACE] graph - -----> statementPart
2021-11-21T23:53:25,412|[TRACE] graph - -------> nonSkippedSpace
2021-11-21T23:53:25,412|[TRACE] script - #out(` `) [token]
2021-11-21T23:53:25,412|[TRACE] graph - <------- nonSkippedSpace
2021-11-21T23:53:25,412|[TRACE] graph - <----- statementPart
2021-11-21T23:53:25,412|[TRACE] graph - -----> statementPart
2021-11-21T23:53:25,412|[TRACE] graph - -------> nonSkippedSpace
2021-11-21T23:53:25,412|[TRACE] script - #out(` `) [token]
2021-11-21T23:53:25,412|[TRACE] graph - <------- nonSkippedSpace
2021-11-21T23:53:25,412|[TRACE] graph - <----- statementPart
2021-11-21T23:53:25,412|[TRACE] graph - -----> statementPart
2021-11-21T23:53:25,412|[TRACE] graph - -------> quotedString
2021-11-21T23:53:25,412|[TRACE] script - #out(``person_id``) [token]
2021-11-21T23:53:25,412|[TRACE] graph - <------- quotedString
2021-11-21T23:53:25,412|[TRACE] graph - <----- statementPart
2021-11-21T23:53:25,412|[TRACE] graph - -----> statementPart
2021-11-21T23:53:25,412|[TRACE] graph - -------> nonSkippedSpace
2021-11-21T23:53:25,412|[TRACE] script - #out(` `) [token]
2021-11-21T23:53:25,412|[TRACE] graph - <------- nonSkippedSpace
2021-11-21T23:53:25,412|[TRACE] graph - <----- statementPart
2021-11-21T23:53:25,412|[TRACE] graph - -----> statementPart
2021-11-21T23:53:25,412|[TRACE] graph - -------> nonSkippedChar
2021-11-21T23:53:25,412|[TRACE] script - #out(`I`) [token]
2021-11-21T23:53:25,412|[TRACE] graph - <------- nonSkippedChar
2021-11-21T23:53:25,412|[TRACE] graph - <----- statementPart
2021-11-21T23:53:25,412|[TRACE] graph - -----> statementPart
2021-11-21T23:53:25,412|[TRACE] graph - -------> nonSkippedChar
2021-11-21T23:53:25,412|[TRACE] script - #out(`N`) [token]
2021-11-21T23:53:25,412|[TRACE] graph - <------- nonSkippedChar
2021-11-21T23:53:25,412|[TRACE] graph - <----- statementPart
2021-11-21T23:53:25,412|[TRACE] graph - -----> statementPart
2021-11-21T23:53:25,412|[TRACE] graph - -------> nonSkippedChar
2021-11-21T23:53:25,412|[TRACE] script - #out(`T`) [token]
2021-11-21T23:53:25,412|[TRACE] graph - <------- nonSkippedChar
2021-11-21T23:53:25,412|[TRACE] graph - <----- statementPart
2021-11-21T23:53:25,412|[TRACE] graph - -----> statementPart
2021-11-21T23:53:25,412|[TRACE] graph - -------> nonSkippedSpace
2021-11-21T23:53:25,412|[TRACE] script - #out(` `) [token]
2021-11-21T23:53:25,412|[TRACE] graph - <------- nonSkippedSpace
2021-11-21T23:53:25,412|[TRACE] graph - <----- statementPart
2021-11-21T23:53:25,412|[TRACE] graph - -----> statementPart
2021-11-21T23:53:25,412|[TRACE] graph - -------> nonSkippedChar
2021-11-21T23:53:25,412|[TRACE] script - #out(`N`) [token]
2021-11-21T23:53:25,412|[TRACE] graph - <------- nonSkippedChar
2021-11-21T23:53:25,412|[TRACE] graph - <----- statementPart
2021-11-21T23:53:25,412|[TRACE] graph - -----> statementPart
2021-11-21T23:53:25,412|[TRACE] graph - -------> nonSkippedChar
2021-11-21T23:53:25,412|[TRACE] script - #out(`O`) [token]
2021-11-21T23:53:25,412|[TRACE] graph - <------- nonSkippedChar
2021-11-21T23:53:25,412|[TRACE] graph - <----- statementPart
2021-11-21T23:53:25,412|[TRACE] graph - -----> statementPart
2021-11-21T23:53:25,412|[TRACE] graph - -------> nonSkippedChar
2021-11-21T23:53:25,412|[TRACE] script - #out(`T`) [token]
2021-11-21T23:53:25,412|[TRACE] graph - <------- nonSkippedChar
2021-11-21T23:53:25,412|[TRACE] graph - <----- statementPart
2021-11-21T23:53:25,412|[TRACE] graph - -----> statementPart
2021-11-21T23:53:25,412|[TRACE] graph - -------> nonSkippedSpace
2021-11-21T23:53:25,412|[TRACE] script - #out(` `) [token]
2021-11-21T23:53:25,412|[TRACE] graph - <------- nonSkippedSpace
2021-11-21T23:53:25,412|[TRACE] graph - <----- statementPart
2021-11-21T23:53:25,412|[TRACE] graph - -----> statementPart
2021-11-21T23:53:25,412|[TRACE] graph - -------> nonSkippedChar
2021-11-21T23:53:25,412|[TRACE] script - #out(`N`) [token]
2021-11-21T23:53:25,412|[TRACE] graph - <------- nonSkippedChar
2021-11-21T23:53:25,412|[TRACE] graph - <----- statementPart
2021-11-21T23:53:25,483|[TRACE] graph - -----> statementPart
2021-11-21T23:53:25,483|[TRACE] graph - -------> nonSkippedChar
2021-11-21T23:53:25,483|[TRACE] script - #out(`U`) [token]
2021-11-21T23:53:25,483|[TRACE] graph - <------- nonSkippedChar
2021-11-21T23:53:25,483|[TRACE] graph - <----- statementPart
2021-11-21T23:53:25,483|[TRACE] graph - -----> statementPart
2021-11-21T23:53:25,483|[TRACE] graph - -------> nonSkippedChar
2021-11-21T23:53:25,483|[TRACE] script - #out(`L`) [token]
2021-11-21T23:53:25,483|[TRACE] graph - <------- nonSkippedChar
2021-11-21T23:53:25,483|[TRACE] graph - <----- statementPart
2021-11-21T23:53:25,483|[TRACE] graph - -----> statementPart
2021-11-21T23:53:25,483|[TRACE] graph - -------> nonSkippedChar
2021-11-21T23:53:25,483|[TRACE] script - #out(`L`) [token]
2021-11-21T23:53:25,483|[TRACE] graph - <------- nonSkippedChar
2021-11-21T23:53:25,483|[TRACE] graph - <----- statementPart
2021-11-21T23:53:25,483|[TRACE] graph - -----> statementPart
2021-11-21T23:53:25,483|[TRACE] graph - -------> nonSkippedChar
2021-11-21T23:53:25,483|[TRACE] script - #out(`,`) [token]
2021-11-21T23:53:25,483|[TRACE] graph - <------- nonSkippedChar
2021-11-21T23:53:25,483|[TRACE] graph - <----- statementPart
2021-11-21T23:53:25,483|[TRACE] graph - -----> afterStatementPartNewline
2021-11-21T23:53:25,483|[TRACE] script - #out(` `) [text]
2021-11-21T23:53:25,483|[TRACE] graph - <----- afterStatementPartNewline
2021-11-21T23:53:25,483|[TRACE] graph - -----> statementPart
2021-11-21T23:53:25,483|[TRACE] graph - -------> nonSkippedSpace
2021-11-21T23:53:25,483|[TRACE] script - #out(` `) [token]
2021-11-21T23:53:25,483|[TRACE] graph - <------- nonSkippedSpace
2021-11-21T23:53:25,483|[TRACE] graph - <----- statementPart
2021-11-21T23:53:25,483|[TRACE] graph - -----> statementPart
2021-11-21T23:53:25,483|[TRACE] graph - -------> nonSkippedSpace
2021-11-21T23:53:25,483|[TRACE] script - #out(` `) [token]
2021-11-21T23:53:25,483|[TRACE] graph - <------- nonSkippedSpace
2021-11-21T23:53:25,483|[TRACE] graph - <----- statementPart
2021-11-21T23:53:25,483|[TRACE] graph - -----> statementPart
2021-11-21T23:53:25,483|[TRACE] graph - -------> quotedString
2021-11-21T23:53:25,483|[TRACE] script - #out(``donation_id``) [token]
2021-11-21T23:53:25,483|[TRACE] graph - <------- quotedString
2021-11-21T23:53:25,483|[TRACE] graph - <----- statementPart
2021-11-21T23:53:25,483|[TRACE] graph - -----> statementPart
2021-11-21T23:53:25,483|[TRACE] graph - -------> nonSkippedSpace
2021-11-21T23:53:25,483|[TRACE] script - #out(` `) [token]
2021-11-21T23:53:25,483|[TRACE] graph - <------- nonSkippedSpace
2021-11-21T23:53:25,483|[TRACE] graph - <----- statementPart
2021-11-21T23:53:25,483|[TRACE] graph - -----> statementPart
2021-11-21T23:53:25,483|[TRACE] graph - -------> nonSkippedChar
2021-11-21T23:53:25,483|[TRACE] script - #out(`I`) [token]
2021-11-21T23:53:25,483|[TRACE] graph - <------- nonSkippedChar
2021-11-21T23:53:25,483|[TRACE] graph - <----- statementPart
2021-11-21T23:53:25,483|[TRACE] graph - -----> statementPart
2021-11-21T23:53:25,483|[TRACE] graph - -------> nonSkippedChar
2021-11-21T23:53:25,483|[TRACE] script - #out(`N`) [token]
2021-11-21T23:53:25,483|[TRACE] graph - <------- nonSkippedChar
2021-11-21T23:53:25,483|[TRACE] graph - <----- statementPart
2021-11-21T23:53:25,483|[TRACE] graph - -----> statementPart
2021-11-21T23:53:25,483|[TRACE] graph - -------> nonSkippedChar
2021-11-21T23:53:25,483|[TRACE] script - #out(`T`) [token]
2021-11-21T23:53:25,483|[TRACE] graph - <------- nonSkippedChar
2021-11-21T23:53:25,483|[TRACE] graph - <----- statementPart
2021-11-21T23:53:25,483|[TRACE] graph - -----> statementPart
2021-11-21T23:53:25,483|[TRACE] graph - -------> nonSkippedSpace
2021-11-21T23:53:25,483|[TRACE] script - #out(` `) [token]
2021-11-21T23:53:25,483|[TRACE] graph - <------- nonSkippedSpace
2021-11-21T23:53:25,483|[TRACE] graph - <----- statementPart
2021-11-21T23:53:25,483|[TRACE] graph - -----> statementPart
2021-11-21T23:53:25,483|[TRACE] graph - -------> nonSkippedChar
2021-11-21T23:53:25,483|[TRACE] script - #out(`N`) [token]
2021-11-21T23:53:25,483|[TRACE] graph - <------- nonSkippedChar
2021-11-21T23:53:25,483|[TRACE] graph - <----- statementPart
2021-11-21T23:53:25,483|[TRACE] graph - -----> statementPart
2021-11-21T23:53:25,483|[TRACE] graph - -------> nonSkippedChar
2021-11-21T23:53:25,483|[TRACE] script - #out(`U`) [token]
2021-11-21T23:53:25,484|[TRACE] graph - <------- nonSkippedChar
2021-11-21T23:53:25,484|[TRACE] graph - <----- statementPart
2021-11-21T23:53:25,484|[TRACE] graph - -----> statementPart
2021-11-21T23:53:25,484|[TRACE] graph - -------> nonSkippedChar
2021-11-21T23:53:25,484|[TRACE] script - #out(`L`) [token]
2021-11-21T23:53:25,484|[TRACE] graph - <------- nonSkippedChar
2021-11-21T23:53:25,484|[TRACE] graph - <----- statementPart
2021-11-21T23:53:25,484|[TRACE] graph - -----> statementPart
2021-11-21T23:53:25,484|[TRACE] graph - -------> nonSkippedChar
2021-11-21T23:53:25,484|[TRACE] script - #out(`L`) [token]
2021-11-21T23:53:25,484|[TRACE] graph - <------- nonSkippedChar
2021-11-21T23:53:25,484|[TRACE] graph - <----- statementPart
2021-11-21T23:53:25,484|[TRACE] graph - -----> statementPart
2021-11-21T23:53:25,484|[TRACE] graph - -------> nonSkippedChar
2021-11-21T23:53:25,484|[TRACE] script - #out(`,`) [token]
2021-11-21T23:53:25,484|[TRACE] graph - <------- nonSkippedChar
2021-11-21T23:53:25,484|[TRACE] graph - <----- statementPart
2021-11-21T23:53:25,484|[TRACE] graph - -----> afterStatementPartNewline
2021-11-21T23:53:25,484|[TRACE] script - #out(` `) [text]
2021-11-21T23:53:25,484|[TRACE] graph - <----- afterStatementPartNewline
2021-11-21T23:53:25,484|[TRACE] graph - -----> statementPart
2021-11-21T23:53:25,484|[TRACE] graph - -------> nonSkippedSpace
2021-11-21T23:53:25,484|[TRACE] script - #out(` `) [token]
2021-11-21T23:53:25,484|[TRACE] graph - <------- nonSkippedSpace
2021-11-21T23:53:25,484|[TRACE] graph - <----- statementPart
2021-11-21T23:53:25,484|[TRACE] graph - -----> statementPart
2021-11-21T23:53:25,484|[TRACE] graph - -------> nonSkippedSpace
2021-11-21T23:53:25,484|[TRACE] script - #out(` `) [token]
2021-11-21T23:53:25,484|[TRACE] graph - <------- nonSkippedSpace
2021-11-21T23:53:25,484|[TRACE] graph - <----- statementPart
2021-11-21T23:53:25,484|[TRACE] graph - -----> statementPart
2021-11-21T23:53:25,484|[TRACE] graph - -------> quotedString
2021-11-21T23:53:25,484|[TRACE] script - #out(``tested``) [token]
2021-11-21T23:53:25,484|[TRACE] graph - <------- quotedString
2021-11-21T23:53:25,484|[TRACE] graph - <----- statementPart
2021-11-21T23:53:25,484|[TRACE] graph - -----> statementPart
2021-11-21T23:53:25,484|[TRACE] graph - -------> nonSkippedSpace
2021-11-21T23:53:25,484|[TRACE] script - #out(` `) [token]
2021-11-21T23:53:25,484|[TRACE] graph - <------- nonSkippedSpace
2021-11-21T23:53:25,484|[TRACE] graph - <----- statementPart
2021-11-21T23:53:25,484|[TRACE] graph - -----> statementPart
2021-11-21T23:53:25,484|[TRACE] graph - -------> nonSkippedChar
2021-11-21T23:53:25,484|[TRACE] script - #out(`B`) [token]
2021-11-21T23:53:25,484|[TRACE] graph - <------- nonSkippedChar
2021-11-21T23:53:25,484|[TRACE] graph - <----- statementPart
2021-11-21T23:53:25,484|[TRACE] graph - -----> statementPart
2021-11-21T23:53:25,484|[TRACE] graph - -------> nonSkippedChar
2021-11-21T23:53:25,484|[TRACE] script - #out(`I`) [token]
2021-11-21T23:53:25,484|[TRACE] graph - <------- nonSkippedChar
2021-11-21T23:53:25,484|[TRACE] graph - <----- statementPart
2021-11-21T23:53:25,484|[TRACE] graph - -----> statementPart
2021-11-21T23:53:25,484|[TRACE] graph - -------> nonSkippedChar
2021-11-21T23:53:25,484|[TRACE] script - #out(`T`) [token]
2021-11-21T23:53:25,484|[TRACE] graph - <------- nonSkippedChar
2021-11-21T23:53:25,484|[TRACE] graph - <----- statementPart
2021-11-21T23:53:25,484|[TRACE] graph - -----> statementPart
2021-11-21T23:53:25,484|[TRACE] graph - -------> nonSkippedChar
2021-11-21T23:53:25,484|[TRACE] script - #out(`(`) [token]
2021-11-21T23:53:25,484|[TRACE] graph - <------- nonSkippedChar
2021-11-21T23:53:25,484|[TRACE] graph - <----- statementPart
2021-11-21T23:53:25,484|[TRACE] graph - -----> statementPart
2021-11-21T23:53:25,484|[TRACE] graph - -------> nonSkippedChar
2021-11-21T23:53:25,484|[TRACE] script - #out(`1`) [token]
2021-11-21T23:53:25,484|[TRACE] graph - <------- nonSkippedChar
2021-11-21T23:53:25,484|[TRACE] graph - <----- statementPart
2021-11-21T23:53:25,484|[TRACE] graph - -----> statementPart
2021-11-21T23:53:25,484|[TRACE] graph - -------> nonSkippedChar
2021-11-21T23:53:25,484|[TRACE] script - #out(`)`) [token]
2021-11-21T23:53:25,484|[TRACE] graph - <------- nonSkippedChar
2021-11-21T23:53:25,484|[TRACE] graph - <----- statementPart
2021-11-21T23:53:25,484|[TRACE] graph - -----> statementPart
2021-11-21T23:53:25,484|[TRACE] graph - -------> nonSkippedSpace
2021-11-21T23:53:25,484|[TRACE] script - #out(` `) [token]
2021-11-21T23:53:25,484|[TRACE] graph - <------- nonSkippedSpace
2021-11-21T23:53:25,484|[TRACE] graph - <----- statementPart
2021-11-21T23:53:25,484|[TRACE] graph - -----> statementPart
2021-11-21T23:53:25,484|[TRACE] graph - -------> nonSkippedChar
2021-11-21T23:53:25,484|[TRACE] script - #out(`N`) [token]
2021-11-21T23:53:25,484|[TRACE] graph - <------- nonSkippedChar
2021-11-21T23:53:25,484|[TRACE] graph - <----- statementPart
2021-11-21T23:53:25,484|[TRACE] graph - -----> statementPart
2021-11-21T23:53:25,484|[TRACE] graph - -------> nonSkippedChar
2021-11-21T23:53:25,484|[TRACE] script - #out(`O`) [token]
2021-11-21T23:53:25,484|[TRACE] graph - <------- nonSkippedChar
2021-11-21T23:53:25,484|[TRACE] graph - <----- statementPart
2021-11-21T23:53:25,484|[TRACE] graph - -----> statementPart
2021-11-21T23:53:25,484|[TRACE] graph - -------> nonSkippedChar
2021-11-21T23:53:25,484|[TRACE] script - #out(`T`) [token]
2021-11-21T23:53:25,484|[TRACE] graph - <------- nonSkippedChar
2021-11-21T23:53:25,484|[TRACE] graph - <----- statementPart
2021-11-21T23:53:25,484|[TRACE] graph - -----> statementPart
2021-11-21T23:53:25,484|[TRACE] graph - -------> nonSkippedSpace
2021-11-21T23:53:25,484|[TRACE] script - #out(` `) [token]
2021-11-21T23:53:25,484|[TRACE] graph - <------- nonSkippedSpace
2021-11-21T23:53:25,484|[TRACE] graph - <----- statementPart
2021-11-21T23:53:25,484|[TRACE] graph - -----> statementPart
2021-11-21T23:53:25,484|[TRACE] graph - -------> nonSkippedChar
2021-11-21T23:53:25,484|[TRACE] script - #out(`N`) [token]
2021-11-21T23:53:25,484|[TRACE] graph - <------- nonSkippedChar
2021-11-21T23:53:25,484|[TRACE] graph - <----- statementPart
2021-11-21T23:53:25,484|[TRACE] graph - -----> statementPart
2021-11-21T23:53:25,484|[TRACE] graph - -------> nonSkippedChar
2021-11-21T23:53:25,484|[TRACE] script - #out(`U`) [token]
2021-11-21T23:53:25,484|[TRACE] graph - <------- nonSkippedChar
2021-11-21T23:53:25,484|[TRACE] graph - <----- statementPart
2021-11-21T23:53:25,484|[TRACE] graph - -----> statementPart
2021-11-21T23:53:25,484|[TRACE] graph - -------> nonSkippedChar
2021-11-21T23:53:25,484|[TRACE] script - #out(`L`) [token]
2021-11-21T23:53:25,484|[TRACE] graph - <------- nonSkippedChar
2021-11-21T23:53:25,484|[TRACE] graph - <----- statementPart
2021-11-21T23:53:25,484|[TRACE] graph - -----> statementPart
2021-11-21T23:53:25,484|[TRACE] graph - -------> nonSkippedChar
2021-11-21T23:53:25,484|[TRACE] script - #out(`L`) [token]
2021-11-21T23:53:25,484|[TRACE] graph - <------- nonSkippedChar
2021-11-21T23:53:25,484|[TRACE] graph - <----- statementPart
2021-11-21T23:53:25,484|[TRACE] graph - -----> statementPart
2021-11-21T23:53:25,484|[TRACE] graph - -------> nonSkippedChar
2021-11-21T23:53:25,484|[TRACE] script - #out(`,`) [token]
2021-11-21T23:53:25,484|[TRACE] graph - <------- nonSkippedChar
2021-11-21T23:53:25,484|[TRACE] graph - <----- statementPart
2021-11-21T23:53:25,484|[TRACE] graph - -----> afterStatementPartNewline
2021-11-21T23:53:25,484|[TRACE] script - #out(` `) [text]
2021-11-21T23:53:25,484|[TRACE] graph - <----- afterStatementPartNewline
2021-11-21T23:53:25,484|[TRACE] graph - -----> statementPart
2021-11-21T23:53:25,484|[TRACE] graph - -------> nonSkippedSpace
2021-11-21T23:53:25,484|[TRACE] script - #out(` `) [token]
2021-11-21T23:53:25,484|[TRACE] graph - <------- nonSkippedSpace
2021-11-21T23:53:25,484|[TRACE] graph - <----- statementPart
2021-11-21T23:53:25,484|[TRACE] graph - -----> statementPart
2021-11-21T23:53:25,484|[TRACE] graph - -------> nonSkippedSpace
2021-11-21T23:53:25,484|[TRACE] script - #out(` `) [token]
2021-11-21T23:53:25,484|[TRACE] graph - <------- nonSkippedSpace
2021-11-21T23:53:25,484|[TRACE] graph - <----- statementPart
2021-11-21T23:53:25,484|[TRACE] graph - -----> statementPart
2021-11-21T23:53:25,484|[TRACE] graph - -------> quotedString
2021-11-21T23:53:25,484|[TRACE] script - #out(``created``) [token]
2021-11-21T23:53:25,484|[TRACE] graph - <------- quotedString
2021-11-21T23:53:25,484|[TRACE] graph - <----- statementPart
2021-11-21T23:53:25,484|[TRACE] graph - -----> statementPart
2021-11-21T23:53:25,484|[TRACE] graph - -------> nonSkippedSpace
2021-11-21T23:53:25,484|[TRACE] script - #out(` `) [token]
2021-11-21T23:53:25,484|[TRACE] graph - <------- nonSkippedSpace
2021-11-21T23:53:25,484|[TRACE] graph - <----- statementPart
2021-11-21T23:53:25,484|[TRACE] graph - -----> statementPart
2021-11-21T23:53:25,484|[TRACE] graph - -------> nonSkippedChar
2021-11-21T23:53:25,484|[TRACE] script - #out(`B`) [token]
2021-11-21T23:53:25,484|[TRACE] graph - <------- nonSkippedChar
2021-11-21T23:53:25,484|[TRACE] graph - <----- statementPart
2021-11-21T23:53:25,484|[TRACE] graph - -----> statementPart
2021-11-21T23:53:25,484|[TRACE] graph - -------> nonSkippedChar
2021-11-21T23:53:25,484|[TRACE] script - #out(`I`) [token]
2021-11-21T23:53:25,484|[TRACE] graph - <------- nonSkippedChar
2021-11-21T23:53:25,484|[TRACE] graph - <----- statementPart
2021-11-21T23:53:25,484|[TRACE] graph - -----> statementPart
2021-11-21T23:53:25,484|[TRACE] graph - -------> nonSkippedChar
2021-11-21T23:53:25,484|[TRACE] script - #out(`G`) [token]
2021-11-21T23:53:25,484|[TRACE] graph - <------- nonSkippedChar
2021-11-21T23:53:25,484|[TRACE] graph - <----- statementPart
2021-11-21T23:53:25,484|[TRACE] graph - -----> statementPart
2021-11-21T23:53:25,484|[TRACE] graph - -------> nonSkippedChar
2021-11-21T23:53:25,484|[TRACE] script - #out(`I`) [token]
2021-11-21T23:53:25,484|[TRACE] graph - <------- nonSkippedChar
2021-11-21T23:53:25,484|[TRACE] graph - <----- statementPart
2021-11-21T23:53:25,484|[TRACE] graph - -----> statementPart
2021-11-21T23:53:25,484|[TRACE] graph - -------> nonSkippedChar
2021-11-21T23:53:25,484|[TRACE] script - #out(`N`) [token]
2021-11-21T23:53:25,484|[TRACE] graph - <------- nonSkippedChar
2021-11-21T23:53:25,484|[TRACE] graph - <----- statementPart
2021-11-21T23:53:25,484|[TRACE] graph - -----> statementPart
2021-11-21T23:53:25,484|[TRACE] graph - -------> nonSkippedChar
2021-11-21T23:53:25,484|[TRACE] script - #out(`T`) [token]
2021-11-21T23:53:25,484|[TRACE] graph - <------- nonSkippedChar
2021-11-21T23:53:25,484|[TRACE] graph - <----- statementPart
2021-11-21T23:53:25,484|[TRACE] graph - -----> statementPart
2021-11-21T23:53:25,484|[TRACE] graph - -------> nonSkippedSpace
2021-11-21T23:53:25,484|[TRACE] script - #out(` `) [token]
2021-11-21T23:53:25,484|[TRACE] graph - <------- nonSkippedSpace
2021-11-21T23:53:25,484|[TRACE] graph - <----- statementPart
2021-11-21T23:53:25,484|[TRACE] graph - -----> statementPart
2021-11-21T23:53:25,484|[TRACE] graph - -------> nonSkippedChar
2021-11-21T23:53:25,484|[TRACE] script - #out(`N`) [token]
2021-11-21T23:53:25,484|[TRACE] graph - <------- nonSkippedChar
2021-11-21T23:53:25,484|[TRACE] graph - <----- statementPart
2021-11-21T23:53:25,484|[TRACE] graph - -----> statementPart
2021-11-21T23:53:25,484|[TRACE] graph - -------> nonSkippedChar
2021-11-21T23:53:25,484|[TRACE] script - #out(`O`) [token]
2021-11-21T23:53:25,484|[TRACE] graph - <------- nonSkippedChar
2021-11-21T23:53:25,484|[TRACE] graph - <----- statementPart
2021-11-21T23:53:25,484|[TRACE] graph - -----> statementPart
2021-11-21T23:53:25,484|[TRACE] graph - -------> nonSkippedChar
2021-11-21T23:53:25,484|[TRACE] script - #out(`T`) [token]
2021-11-21T23:53:25,484|[TRACE] graph - <------- nonSkippedChar
2021-11-21T23:53:25,484|[TRACE] graph - <----- statementPart
2021-11-21T23:53:25,484|[TRACE] graph - -----> statementPart
2021-11-21T23:53:25,484|[TRACE] graph - -------> nonSkippedSpace
2021-11-21T23:53:25,484|[TRACE] script - #out(` `) [token]
2021-11-21T23:53:25,484|[TRACE] graph - <------- nonSkippedSpace
2021-11-21T23:53:25,484|[TRACE] graph - <----- statementPart
2021-11-21T23:53:25,484|[TRACE] graph - -----> statementPart
2021-11-21T23:53:25,484|[TRACE] graph - -------> nonSkippedChar
2021-11-21T23:53:25,484|[TRACE] script - #out(`N`) [token]
2021-11-21T23:53:25,484|[TRACE] graph - <------- nonSkippedChar
2021-11-21T23:53:25,484|[TRACE] graph - <----- statementPart
2021-11-21T23:53:25,484|[TRACE] graph - -----> statementPart
2021-11-21T23:53:25,484|[TRACE] graph - -------> nonSkippedChar
2021-11-21T23:53:25,484|[TRACE] script - #out(`U`) [token]
2021-11-21T23:53:25,484|[TRACE] graph - <------- nonSkippedChar
2021-11-21T23:53:25,484|[TRACE] graph - <----- statementPart
2021-11-21T23:53:25,484|[TRACE] graph - -----> statementPart
2021-11-21T23:53:25,484|[TRACE] graph - -------> nonSkippedChar
2021-11-21T23:53:25,484|[TRACE] script - #out(`L`) [token]
2021-11-21T23:53:25,484|[TRACE] graph - <------- nonSkippedChar
2021-11-21T23:53:25,484|[TRACE] graph - <----- statementPart
2021-11-21T23:53:25,484|[TRACE] graph - -----> statementPart
2021-11-21T23:53:25,484|[TRACE] graph - -------> nonSkippedChar
2021-11-21T23:53:25,484|[TRACE] script - #out(`L`) [token]
2021-11-21T23:53:25,484|[TRACE] graph - <------- nonSkippedChar
2021-11-21T23:53:25,484|[TRACE] graph - <----- statementPart
2021-11-21T23:53:25,484|[TRACE] graph - -----> statementPart
2021-11-21T23:53:25,484|[TRACE] graph - -------> nonSkippedSpace
2021-11-21T23:53:25,484|[TRACE] script - #out(` `) [token]
2021-11-21T23:53:25,484|[TRACE] graph - <------- nonSkippedSpace
2021-11-21T23:53:25,484|[TRACE] graph - <----- statementPart
2021-11-21T23:53:25,484|[TRACE] graph - -----> statementPart
2021-11-21T23:53:25,484|[TRACE] graph - -------> nonSkippedChar
2021-11-21T23:53:25,484|[TRACE] script - #out(`D`) [token]
2021-11-21T23:53:25,484|[TRACE] graph - <------- nonSkippedChar
2021-11-21T23:53:25,484|[TRACE] graph - <----- statementPart
2021-11-21T23:53:25,484|[TRACE] graph - -----> statementPart
2021-11-21T23:53:25,484|[TRACE] graph - -------> nonSkippedChar
2021-11-21T23:53:25,484|[TRACE] script - #out(`E`) [token]
2021-11-21T23:53:25,484|[TRACE] graph - <------- nonSkippedChar
2021-11-21T23:53:25,484|[TRACE] graph - <----- statementPart
2021-11-21T23:53:25,484|[TRACE] graph - -----> statementPart
2021-11-21T23:53:25,484|[TRACE] graph - -------> nonSkippedChar
2021-11-21T23:53:25,484|[TRACE] script - #out(`F`) [token]
2021-11-21T23:53:25,484|[TRACE] graph - <------- nonSkippedChar
2021-11-21T23:53:25,484|[TRACE] graph - <----- statementPart
2021-11-21T23:53:25,484|[TRACE] graph - -----> statementPart
2021-11-21T23:53:25,484|[TRACE] graph - -------> nonSkippedChar
2021-11-21T23:53:25,484|[TRACE] script - #out(`A`) [token]
2021-11-21T23:53:25,484|[TRACE] graph - <------- nonSkippedChar
2021-11-21T23:53:25,484|[TRACE] graph - <----- statementPart
2021-11-21T23:53:25,484|[TRACE] graph - -----> statementPart
2021-11-21T23:53:25,484|[TRACE] graph - -------> nonSkippedChar
2021-11-21T23:53:25,484|[TRACE] script - #out(`U`) [token]
2021-11-21T23:53:25,484|[TRACE] graph - <------- nonSkippedChar
2021-11-21T23:53:25,484|[TRACE] graph - <----- statementPart
2021-11-21T23:53:25,484|[TRACE] graph - -----> statementPart
2021-11-21T23:53:25,484|[TRACE] graph - -------> nonSkippedChar
2021-11-21T23:53:25,484|[TRACE] script - #out(`L`) [token]
2021-11-21T23:53:25,484|[TRACE] graph - <------- nonSkippedChar
2021-11-21T23:53:25,484|[TRACE] graph - <----- statementPart
2021-11-21T23:53:25,484|[TRACE] graph - -----> statementPart
2021-11-21T23:53:25,484|[TRACE] graph - -------> nonSkippedChar
2021-11-21T23:53:25,484|[TRACE] script - #out(`T`) [token]
2021-11-21T23:53:25,484|[TRACE] graph - <------- nonSkippedChar
2021-11-21T23:53:25,484|[TRACE] graph - <----- statementPart
2021-11-21T23:53:25,484|[TRACE] graph - -----> statementPart
2021-11-21T23:53:25,484|[TRACE] graph - -------> nonSkippedSpace
2021-11-21T23:53:25,484|[TRACE] script - #out(` `) [token]
2021-11-21T23:53:25,484|[TRACE] graph - <------- nonSkippedSpace
2021-11-21T23:53:25,484|[TRACE] graph - <----- statementPart
2021-11-21T23:53:25,484|[TRACE] graph - -----> statementPart
2021-11-21T23:53:25,484|[TRACE] graph - -------> nonSkippedChar
2021-11-21T23:53:25,484|[TRACE] script - #out(`(`) [token]
2021-11-21T23:53:25,484|[TRACE] graph - <------- nonSkippedChar
2021-11-21T23:53:25,484|[TRACE] graph - <----- statementPart
2021-11-21T23:53:25,484|[TRACE] graph - -----> statementPart
2021-11-21T23:53:25,484|[TRACE] graph - -------> nonSkippedChar
2021-11-21T23:53:25,484|[TRACE] script - #out(`u`) [token]
2021-11-21T23:53:25,484|[TRACE] graph - <------- nonSkippedChar
2021-11-21T23:53:25,484|[TRACE] graph - <----- statementPart
2021-11-21T23:53:25,484|[TRACE] graph - -----> statementPart
2021-11-21T23:53:25,484|[TRACE] graph - -------> nonSkippedChar
2021-11-21T23:53:25,484|[TRACE] script - #out(`n`) [token]
2021-11-21T23:53:25,484|[TRACE] graph - <------- nonSkippedChar
2021-11-21T23:53:25,484|[TRACE] graph - <----- statementPart
2021-11-21T23:53:25,484|[TRACE] graph - -----> statementPart
2021-11-21T23:53:25,484|[TRACE] graph - -------> nonSkippedChar
2021-11-21T23:53:25,484|[TRACE] script - #out(`i`) [token]
2021-11-21T23:53:25,484|[TRACE] graph - <------- nonSkippedChar
2021-11-21T23:53:25,484|[TRACE] graph - <----- statementPart
2021-11-21T23:53:25,484|[TRACE] graph - -----> statementPart
2021-11-21T23:53:25,484|[TRACE] graph - -------> nonSkippedChar
2021-11-21T23:53:25,484|[TRACE] script - #out(`x`) [token]
2021-11-21T23:53:25,484|[TRACE] graph - <------- nonSkippedChar
2021-11-21T23:53:25,484|[TRACE] graph - <----- statementPart
2021-11-21T23:53:25,484|[TRACE] graph - -----> statementPart
2021-11-21T23:53:25,484|[TRACE] graph - -------> nonSkippedChar
2021-11-21T23:53:25,484|[TRACE] script - #out(`_`) [token]
2021-11-21T23:53:25,484|[TRACE] graph - <------- nonSkippedChar
2021-11-21T23:53:25,484|[TRACE] graph - <----- statementPart
2021-11-21T23:53:25,484|[TRACE] graph - -----> statementPart
2021-11-21T23:53:25,484|[TRACE] graph - -------> nonSkippedChar
2021-11-21T23:53:25,484|[TRACE] script - #out(`t`) [token]
2021-11-21T23:53:25,484|[TRACE] graph - <------- nonSkippedChar
2021-11-21T23:53:25,484|[TRACE] graph - <----- statementPart
2021-11-21T23:53:25,484|[TRACE] graph - -----> statementPart
2021-11-21T23:53:25,484|[TRACE] graph - -------> nonSkippedChar
2021-11-21T23:53:25,484|[TRACE] script - #out(`i`) [token]
2021-11-21T23:53:25,484|[TRACE] graph - <------- nonSkippedChar
2021-11-21T23:53:25,484|[TRACE] graph - <----- statementPart
2021-11-21T23:53:25,484|[TRACE] graph - -----> statementPart
2021-11-21T23:53:25,484|[TRACE] graph - -------> nonSkippedChar
2021-11-21T23:53:25,484|[TRACE] script - #out(`m`) [token]
2021-11-21T23:53:25,484|[TRACE] graph - <------- nonSkippedChar
2021-11-21T23:53:25,484|[TRACE] graph - <----- statementPart
2021-11-21T23:53:25,485|[TRACE] graph - -----> statementPart
2021-11-21T23:53:25,485|[TRACE] graph - -------> nonSkippedChar
2021-11-21T23:53:25,485|[TRACE] script - #out(`e`) [token]
2021-11-21T23:53:25,485|[TRACE] graph - <------- nonSkippedChar
2021-11-21T23:53:25,485|[TRACE] graph - <----- statementPart
2021-11-21T23:53:25,485|[TRACE] graph - -----> statementPart
2021-11-21T23:53:25,485|[TRACE] graph - -------> nonSkippedChar
2021-11-21T23:53:25,485|[TRACE] script - #out(`s`) [token]
2021-11-21T23:53:25,485|[TRACE] graph - <------- nonSkippedChar
2021-11-21T23:53:25,485|[TRACE] graph - <----- statementPart
2021-11-21T23:53:25,485|[TRACE] graph - -----> statementPart
2021-11-21T23:53:25,485|[TRACE] graph - -------> nonSkippedChar
2021-11-21T23:53:25,485|[TRACE] script - #out(`t`) [token]
2021-11-21T23:53:25,485|[TRACE] graph - <------- nonSkippedChar
2021-11-21T23:53:25,485|[TRACE] graph - <----- statementPart
2021-11-21T23:53:25,485|[TRACE] graph - -----> statementPart
2021-11-21T23:53:25,485|[TRACE] graph - -------> nonSkippedChar
2021-11-21T23:53:25,485|[TRACE] script - #out(`a`) [token]
2021-11-21T23:53:25,485|[TRACE] graph - <------- nonSkippedChar
2021-11-21T23:53:25,485|[TRACE] graph - <----- statementPart
2021-11-21T23:53:25,485|[TRACE] graph - -----> statementPart
2021-11-21T23:53:25,485|[TRACE] graph - -------> nonSkippedChar
2021-11-21T23:53:25,485|[TRACE] script - #out(`m`) [token]
2021-11-21T23:53:25,485|[TRACE] graph - <------- nonSkippedChar
2021-11-21T23:53:25,485|[TRACE] graph - <----- statementPart
2021-11-21T23:53:25,485|[TRACE] graph - -----> statementPart
2021-11-21T23:53:25,485|[TRACE] graph - -------> nonSkippedChar
2021-11-21T23:53:25,485|[TRACE] script - #out(`p`) [token]
2021-11-21T23:53:25,485|[TRACE] graph - <------- nonSkippedChar
2021-11-21T23:53:25,485|[TRACE] graph - <----- statementPart
2021-11-21T23:53:25,485|[TRACE] graph - -----> statementPart
2021-11-21T23:53:25,485|[TRACE] graph - -------> nonSkippedChar
2021-11-21T23:53:25,485|[TRACE] script - #out(`(`) [token]
2021-11-21T23:53:25,485|[TRACE] graph - <------- nonSkippedChar
2021-11-21T23:53:25,485|[TRACE] graph - <----- statementPart
2021-11-21T23:53:25,485|[TRACE] graph - -----> statementPart
2021-11-21T23:53:25,485|[TRACE] graph - -------> nonSkippedChar
2021-11-21T23:53:25,485|[TRACE] script - #out(`n`) [token]
2021-11-21T23:53:25,485|[TRACE] graph - <------- nonSkippedChar
2021-11-21T23:53:25,485|[TRACE] graph - <----- statementPart
2021-11-21T23:53:25,485|[TRACE] graph - -----> statementPart
2021-11-21T23:53:25,485|[TRACE] graph - -------> nonSkippedChar
2021-11-21T23:53:25,485|[TRACE] script - #out(`o`) [token]
2021-11-21T23:53:25,485|[TRACE] graph - <------- nonSkippedChar
2021-11-21T23:53:25,485|[TRACE] graph - <----- statementPart
2021-11-21T23:53:25,485|[TRACE] graph - -----> statementPart
2021-11-21T23:53:25,485|[TRACE] graph - -------> nonSkippedChar
2021-11-21T23:53:25,485|[TRACE] script - #out(`w`) [token]
2021-11-21T23:53:25,485|[TRACE] graph - <------- nonSkippedChar
2021-11-21T23:53:25,485|[TRACE] graph - <----- statementPart
2021-11-21T23:53:25,485|[TRACE] graph - -----> statementPart
2021-11-21T23:53:25,485|[TRACE] graph - -------> nonSkippedChar
2021-11-21T23:53:25,485|[TRACE] script - #out(`(`) [token]
2021-11-21T23:53:25,485|[TRACE] graph - <------- nonSkippedChar
2021-11-21T23:53:25,485|[TRACE] graph - <----- statementPart
2021-11-21T23:53:25,485|[TRACE] graph - -----> statementPart
2021-11-21T23:53:25,485|[TRACE] graph - -------> nonSkippedChar
2021-11-21T23:53:25,485|[TRACE] script - #out(`)`) [token]
2021-11-21T23:53:25,485|[TRACE] graph - <------- nonSkippedChar
2021-11-21T23:53:25,485|[TRACE] graph - <----- statementPart
2021-11-21T23:53:25,485|[TRACE] graph - -----> statementPart
2021-11-21T23:53:25,485|[TRACE] graph - -------> nonSkippedChar
2021-11-21T23:53:25,485|[TRACE] script - #out(`)`) [token]
2021-11-21T23:53:25,485|[TRACE] graph - <------- nonSkippedChar
2021-11-21T23:53:25,485|[TRACE] graph - <----- statementPart
2021-11-21T23:53:25,485|[TRACE] graph - -----> statementPart
2021-11-21T23:53:25,485|[TRACE] graph - -------> nonSkippedSpace
2021-11-21T23:53:25,485|[TRACE] script - #out(` `) [token]
2021-11-21T23:53:25,485|[TRACE] graph - <------- nonSkippedSpace
2021-11-21T23:53:25,485|[TRACE] graph - <----- statementPart
2021-11-21T23:53:25,485|[TRACE] graph - -----> statementPart
2021-11-21T23:53:25,485|[TRACE] graph - -------> nonSkippedChar
2021-11-21T23:53:25,485|[TRACE] script - #out(`*`) [token]
2021-11-21T23:53:25,485|[TRACE] graph - <------- nonSkippedChar
2021-11-21T23:53:25,485|[TRACE] graph - <----- statementPart
2021-11-21T23:53:25,485|[TRACE] graph - -----> statementPart
2021-11-21T23:53:25,485|[TRACE] graph - -------> nonSkippedSpace
2021-11-21T23:53:25,485|[TRACE] script - #out(` `) [token]
2021-11-21T23:53:25,485|[TRACE] graph - <------- nonSkippedSpace
2021-11-21T23:53:25,485|[TRACE] graph - <----- statementPart
2021-11-21T23:53:25,485|[TRACE] graph - -----> statementPart
2021-11-21T23:53:25,485|[TRACE] graph - -------> nonSkippedChar
2021-11-21T23:53:25,485|[TRACE] script - #out(`1`) [token]
2021-11-21T23:53:25,485|[TRACE] graph - <------- nonSkippedChar
2021-11-21T23:53:25,485|[TRACE] graph - <----- statementPart
2021-11-21T23:53:25,593|[TRACE] graph - -----> statementPart
2021-11-21T23:53:25,593|[TRACE] graph - -------> nonSkippedChar
2021-11-21T23:53:25,593|[TRACE] script - #out(`0`) [token]
2021-11-21T23:53:25,593|[TRACE] graph - <------- nonSkippedChar
2021-11-21T23:53:25,593|[TRACE] graph - <----- statementPart
2021-11-21T23:53:25,593|[TRACE] graph - -----> statementPart
2021-11-21T23:53:25,593|[TRACE] graph - -------> nonSkippedChar
2021-11-21T23:53:25,593|[TRACE] script - #out(`0`) [token]
2021-11-21T23:53:25,593|[TRACE] graph - <------- nonSkippedChar
2021-11-21T23:53:25,593|[TRACE] graph - <----- statementPart
2021-11-21T23:53:25,593|[TRACE] graph - -----> statementPart
2021-11-21T23:53:25,593|[TRACE] graph - -------> nonSkippedChar
2021-11-21T23:53:25,593|[TRACE] script - #out(`0`) [token]
2021-11-21T23:53:25,593|[TRACE] graph - <------- nonSkippedChar
2021-11-21T23:53:25,593|[TRACE] graph - <----- statementPart
2021-11-21T23:53:25,593|[TRACE] graph - -----> statementPart
2021-11-21T23:53:25,593|[TRACE] graph - -------> nonSkippedChar
2021-11-21T23:53:25,593|[TRACE] script - #out(`)`) [token]
2021-11-21T23:53:25,593|[TRACE] graph - <------- nonSkippedChar
2021-11-21T23:53:25,593|[TRACE] graph - <----- statementPart
2021-11-21T23:53:25,593|[TRACE] graph - -----> statementPart
2021-11-21T23:53:25,593|[TRACE] graph - -------> nonSkippedChar
2021-11-21T23:53:25,593|[TRACE] script - #out(`,`) [token]
2021-11-21T23:53:25,593|[TRACE] graph - <------- nonSkippedChar
2021-11-21T23:53:25,593|[TRACE] graph - <----- statementPart
2021-11-21T23:53:25,593|[TRACE] graph - -----> afterStatementPartNewline
2021-11-21T23:53:25,593|[TRACE] script - #out(` `) [text]
2021-11-21T23:53:25,593|[TRACE] graph - <----- afterStatementPartNewline
2021-11-21T23:53:25,593|[TRACE] graph - -----> statementPart
2021-11-21T23:53:25,593|[TRACE] graph - -------> nonSkippedSpace
2021-11-21T23:53:25,593|[TRACE] script - #out(` `) [token]
2021-11-21T23:53:25,593|[TRACE] graph - <------- nonSkippedSpace
2021-11-21T23:53:25,593|[TRACE] graph - <----- statementPart
2021-11-21T23:53:25,593|[TRACE] graph - -----> statementPart
2021-11-21T23:53:25,593|[TRACE] graph - -------> nonSkippedSpace
2021-11-21T23:53:25,593|[TRACE] script - #out(` `) [token]
2021-11-21T23:53:25,593|[TRACE] graph - <------- nonSkippedSpace
2021-11-21T23:53:25,593|[TRACE] graph - <----- statementPart
2021-11-21T23:53:25,593|[TRACE] graph - -----> statementPart
2021-11-21T23:53:25,593|[TRACE] graph - -------> quotedString
2021-11-21T23:53:25,593|[TRACE] script - #out(``updated``) [token]
2021-11-21T23:53:25,593|[TRACE] graph - <------- quotedString
2021-11-21T23:53:25,593|[TRACE] graph - <----- statementPart
2021-11-21T23:53:25,593|[TRACE] graph - -----> statementPart
2021-11-21T23:53:25,593|[TRACE] graph - -------> nonSkippedSpace
2021-11-21T23:53:25,593|[TRACE] script - #out(` `) [token]
2021-11-21T23:53:25,593|[TRACE] graph - <------- nonSkippedSpace
2021-11-21T23:53:25,593|[TRACE] graph - <----- statementPart
2021-11-21T23:53:25,593|[TRACE] graph - -----> statementPart
2021-11-21T23:53:25,593|[TRACE] graph - -------> nonSkippedChar
2021-11-21T23:53:25,593|[TRACE] script - #out(`B`) [token]
2021-11-21T23:53:25,593|[TRACE] graph - <------- nonSkippedChar
2021-11-21T23:53:25,593|[TRACE] graph - <----- statementPart
2021-11-21T23:53:25,593|[TRACE] graph - -----> statementPart
2021-11-21T23:53:25,593|[TRACE] graph - -------> nonSkippedChar
2021-11-21T23:53:25,593|[TRACE] script - #out(`I`) [token]
2021-11-21T23:53:25,593|[TRACE] graph - <------- nonSkippedChar
2021-11-21T23:53:25,593|[TRACE] graph - <----- statementPart
2021-11-21T23:53:25,593|[TRACE] graph - -----> statementPart
2021-11-21T23:53:25,593|[TRACE] graph - -------> nonSkippedChar
2021-11-21T23:53:25,593|[TRACE] script - #out(`G`) [token]
2021-11-21T23:53:25,593|[TRACE] graph - <------- nonSkippedChar
2021-11-21T23:53:25,593|[TRACE] graph - <----- statementPart
2021-11-21T23:53:25,593|[TRACE] graph - -----> statementPart
2021-11-21T23:53:25,593|[TRACE] graph - -------> nonSkippedChar
2021-11-21T23:53:25,593|[TRACE] script - #out(`I`) [token]
2021-11-21T23:53:25,593|[TRACE] graph - <------- nonSkippedChar
2021-11-21T23:53:25,593|[TRACE] graph - <----- statementPart
2021-11-21T23:53:25,593|[TRACE] graph - -----> statementPart
2021-11-21T23:53:25,593|[TRACE] graph - -------> nonSkippedChar
2021-11-21T23:53:25,593|[TRACE] script - #out(`N`) [token]
2021-11-21T23:53:25,593|[TRACE] graph - <------- nonSkippedChar
2021-11-21T23:53:25,593|[TRACE] graph - <----- statementPart
2021-11-21T23:53:25,593|[TRACE] graph - -----> statementPart
2021-11-21T23:53:25,593|[TRACE] graph - -------> nonSkippedChar
2021-11-21T23:53:25,593|[TRACE] script - #out(`T`) [token]
2021-11-21T23:53:25,593|[TRACE] graph - <------- nonSkippedChar
2021-11-21T23:53:25,593|[TRACE] graph - <----- statementPart
2021-11-21T23:53:25,593|[TRACE] graph - -----> statementPart
2021-11-21T23:53:25,593|[TRACE] graph - -------> nonSkippedSpace
2021-11-21T23:53:25,593|[TRACE] script - #out(` `) [token]
2021-11-21T23:53:25,593|[TRACE] graph - <------- nonSkippedSpace
2021-11-21T23:53:25,593|[TRACE] graph - <----- statementPart
2021-11-21T23:53:25,593|[TRACE] graph - -----> statementPart
2021-11-21T23:53:25,593|[TRACE] graph - -------> nonSkippedChar
2021-11-21T23:53:25,593|[TRACE] script - #out(`N`) [token]
2021-11-21T23:53:25,593|[TRACE] graph - <------- nonSkippedChar
2021-11-21T23:53:25,593|[TRACE] graph - <----- statementPart
2021-11-21T23:53:25,593|[TRACE] graph - -----> statementPart
2021-11-21T23:53:25,593|[TRACE] graph - -------> nonSkippedChar
2021-11-21T23:53:25,593|[TRACE] script - #out(`O`) [token]
2021-11-21T23:53:25,593|[TRACE] graph - <------- nonSkippedChar
2021-11-21T23:53:25,593|[TRACE] graph - <----- statementPart
2021-11-21T23:53:25,593|[TRACE] graph - -----> statementPart
2021-11-21T23:53:25,593|[TRACE] graph - -------> nonSkippedChar
2021-11-21T23:53:25,593|[TRACE] script - #out(`T`) [token]
2021-11-21T23:53:25,593|[TRACE] graph - <------- nonSkippedChar
2021-11-21T23:53:25,593|[TRACE] graph - <----- statementPart
2021-11-21T23:53:25,593|[TRACE] graph - -----> statementPart
2021-11-21T23:53:25,593|[TRACE] graph - -------> nonSkippedSpace
2021-11-21T23:53:25,593|[TRACE] script - #out(` `) [token]
2021-11-21T23:53:25,593|[TRACE] graph - <------- nonSkippedSpace
2021-11-21T23:53:25,593|[TRACE] graph - <----- statementPart
2021-11-21T23:53:25,593|[TRACE] graph - -----> statementPart
2021-11-21T23:53:25,593|[TRACE] graph - -------> nonSkippedChar
2021-11-21T23:53:25,593|[TRACE] script - #out(`N`) [token]
2021-11-21T23:53:25,593|[TRACE] graph - <------- nonSkippedChar
2021-11-21T23:53:25,593|[TRACE] graph - <----- statementPart
2021-11-21T23:53:25,593|[TRACE] graph - -----> statementPart
2021-11-21T23:53:25,593|[TRACE] graph - -------> nonSkippedChar
2021-11-21T23:53:25,593|[TRACE] script - #out(`U`) [token]
2021-11-21T23:53:25,593|[TRACE] graph - <------- nonSkippedChar
2021-11-21T23:53:25,593|[TRACE] graph - <----- statementPart
2021-11-21T23:53:25,593|[TRACE] graph - -----> statementPart
2021-11-21T23:53:25,593|[TRACE] graph - -------> nonSkippedChar
2021-11-21T23:53:25,593|[TRACE] script - #out(`L`) [token]
2021-11-21T23:53:25,593|[TRACE] graph - <------- nonSkippedChar
2021-11-21T23:53:25,593|[TRACE] graph - <----- statementPart
2021-11-21T23:53:25,593|[TRACE] graph - -----> statementPart
2021-11-21T23:53:25,593|[TRACE] graph - -------> nonSkippedChar
2021-11-21T23:53:25,593|[TRACE] script - #out(`L`) [token]
2021-11-21T23:53:25,593|[TRACE] graph - <------- nonSkippedChar
2021-11-21T23:53:25,593|[TRACE] graph - <----- statementPart
2021-11-21T23:53:25,593|[TRACE] graph - -----> statementPart
2021-11-21T23:53:25,593|[TRACE] graph - -------> nonSkippedSpace
2021-11-21T23:53:25,593|[TRACE] script - #out(` `) [token]
2021-11-21T23:53:25,593|[TRACE] graph - <------- nonSkippedSpace
2021-11-21T23:53:25,593|[TRACE] graph - <----- statementPart
2021-11-21T23:53:25,593|[TRACE] graph - -----> statementPart
2021-11-21T23:53:25,593|[TRACE] graph - -------> nonSkippedChar
2021-11-21T23:53:25,593|[TRACE] script - #out(`D`) [token]
2021-11-21T23:53:25,593|[TRACE] graph - <------- nonSkippedChar
2021-11-21T23:53:25,593|[TRACE] graph - <----- statementPart
2021-11-21T23:53:25,593|[TRACE] graph - -----> statementPart
2021-11-21T23:53:25,593|[TRACE] graph - -------> nonSkippedChar
2021-11-21T23:53:25,593|[TRACE] script - #out(`E`) [token]
2021-11-21T23:53:25,593|[TRACE] graph - <------- nonSkippedChar
2021-11-21T23:53:25,593|[TRACE] graph - <----- statementPart
2021-11-21T23:53:25,593|[TRACE] graph - -----> statementPart
2021-11-21T23:53:25,593|[TRACE] graph - -------> nonSkippedChar
2021-11-21T23:53:25,593|[TRACE] script - #out(`F`) [token]
2021-11-21T23:53:25,593|[TRACE] graph - <------- nonSkippedChar
2021-11-21T23:53:25,593|[TRACE] graph - <----- statementPart
2021-11-21T23:53:25,593|[TRACE] graph - -----> statementPart
2021-11-21T23:53:25,593|[TRACE] graph - -------> nonSkippedChar
2021-11-21T23:53:25,593|[TRACE] script - #out(`A`) [token]
2021-11-21T23:53:25,593|[TRACE] graph - <------- nonSkippedChar
2021-11-21T23:53:25,593|[TRACE] graph - <----- statementPart
2021-11-21T23:53:25,594|[TRACE] graph - -----> statementPart
2021-11-21T23:53:25,594|[TRACE] graph - -------> nonSkippedChar
2021-11-21T23:53:25,594|[TRACE] script - #out(`U`) [token]
2021-11-21T23:53:25,594|[TRACE] graph - <------- nonSkippedChar
2021-11-21T23:53:25,594|[TRACE] graph - <----- statementPart
2021-11-21T23:53:25,594|[TRACE] graph - -----> statementPart
2021-11-21T23:53:25,594|[TRACE] graph - -------> nonSkippedChar
2021-11-21T23:53:25,594|[TRACE] script - #out(`L`) [token]
2021-11-21T23:53:25,594|[TRACE] graph - <------- nonSkippedChar
2021-11-21T23:53:25,594|[TRACE] graph - <----- statementPart
2021-11-21T23:53:25,594|[TRACE] graph - -----> statementPart
2021-11-21T23:53:25,594|[TRACE] graph - -------> nonSkippedChar
2021-11-21T23:53:25,594|[TRACE] script - #out(`T`) [token]
2021-11-21T23:53:25,594|[TRACE] graph - <------- nonSkippedChar
2021-11-21T23:53:25,594|[TRACE] graph - <----- statementPart
2021-11-21T23:53:25,594|[TRACE] graph - -----> statementPart
2021-11-21T23:53:25,594|[TRACE] graph - -------> nonSkippedSpace
2021-11-21T23:53:25,594|[TRACE] script - #out(` `) [token]
2021-11-21T23:53:25,594|[TRACE] graph - <------- nonSkippedSpace
2021-11-21T23:53:25,594|[TRACE] graph - <----- statementPart
2021-11-21T23:53:25,594|[TRACE] graph - -----> statementPart
2021-11-21T23:53:25,594|[TRACE] graph - -------> nonSkippedChar
2021-11-21T23:53:25,594|[TRACE] script - #out(`(`) [token]
2021-11-21T23:53:25,594|[TRACE] graph - <------- nonSkippedChar
2021-11-21T23:53:25,594|[TRACE] graph - <----- statementPart
2021-11-21T23:53:25,594|[TRACE] graph - -----> statementPart
2021-11-21T23:53:25,594|[TRACE] graph - -------> nonSkippedChar
2021-11-21T23:53:25,594|[TRACE] script - #out(`u`) [token]
2021-11-21T23:53:25,594|[TRACE] graph - <------- nonSkippedChar
2021-11-21T23:53:25,594|[TRACE] graph - <----- statementPart
2021-11-21T23:53:25,594|[TRACE] graph - -----> statementPart
2021-11-21T23:53:25,594|[TRACE] graph - -------> nonSkippedChar
2021-11-21T23:53:25,594|[TRACE] script - #out(`n`) [token]
2021-11-21T23:53:25,594|[TRACE] graph - <------- nonSkippedChar
2021-11-21T23:53:25,594|[TRACE] graph - <----- statementPart
2021-11-21T23:53:25,594|[TRACE] graph - -----> statementPart
2021-11-21T23:53:25,594|[TRACE] graph - -------> nonSkippedChar
2021-11-21T23:53:25,594|[TRACE] script - #out(`i`) [token]
2021-11-21T23:53:25,594|[TRACE] graph - <------- nonSkippedChar
2021-11-21T23:53:25,594|[TRACE] graph - <----- statementPart
2021-11-21T23:53:25,594|[TRACE] graph - -----> statementPart
2021-11-21T23:53:25,594|[TRACE] graph - -------> nonSkippedChar
2021-11-21T23:53:25,594|[TRACE] script - #out(`x`) [token]
2021-11-21T23:53:25,594|[TRACE] graph - <------- nonSkippedChar
2021-11-21T23:53:25,594|[TRACE] graph - <----- statementPart
2021-11-21T23:53:25,594|[TRACE] graph - -----> statementPart
2021-11-21T23:53:25,594|[TRACE] graph - -------> nonSkippedChar
2021-11-21T23:53:25,594|[TRACE] script - #out(`_`) [token]
2021-11-21T23:53:25,594|[TRACE] graph - <------- nonSkippedChar
2021-11-21T23:53:25,594|[TRACE] graph - <----- statementPart
2021-11-21T23:53:25,594|[TRACE] graph - -----> statementPart
2021-11-21T23:53:25,594|[TRACE] graph - -------> nonSkippedChar
2021-11-21T23:53:25,594|[TRACE] script - #out(`t`) [token]
2021-11-21T23:53:25,594|[TRACE] graph - <------- nonSkippedChar
2021-11-21T23:53:25,594|[TRACE] graph - <----- statementPart
2021-11-21T23:53:25,594|[TRACE] graph - -----> statementPart
2021-11-21T23:53:25,594|[TRACE] graph - -------> nonSkippedChar
2021-11-21T23:53:25,594|[TRACE] script - #out(`i`) [token]
2021-11-21T23:53:25,594|[TRACE] graph - <------- nonSkippedChar
2021-11-21T23:53:25,594|[TRACE] graph - <----- statementPart
2021-11-21T23:53:25,594|[TRACE] graph - -----> statementPart
2021-11-21T23:53:25,594|[TRACE] graph - -------> nonSkippedChar
2021-11-21T23:53:25,594|[TRACE] script - #out(`m`) [token]
2021-11-21T23:53:25,594|[TRACE] graph - <------- nonSkippedChar
2021-11-21T23:53:25,594|[TRACE] graph - <----- statementPart
2021-11-21T23:53:25,594|[TRACE] graph - -----> statementPart
2021-11-21T23:53:25,594|[TRACE] graph - -------> nonSkippedChar
2021-11-21T23:53:25,594|[TRACE] script - #out(`e`) [token]
2021-11-21T23:53:25,594|[TRACE] graph - <------- nonSkippedChar
2021-11-21T23:53:25,594|[TRACE] graph - <----- statementPart
2021-11-21T23:53:25,594|[TRACE] graph - -----> statementPart
2021-11-21T23:53:25,594|[TRACE] graph - -------> nonSkippedChar
2021-11-21T23:53:25,594|[TRACE] script - #out(`s`) [token]
2021-11-21T23:53:25,594|[TRACE] graph - <------- nonSkippedChar
2021-11-21T23:53:25,594|[TRACE] graph - <----- statementPart
2021-11-21T23:53:25,594|[TRACE] graph - -----> statementPart
2021-11-21T23:53:25,594|[TRACE] graph - -------> nonSkippedChar
2021-11-21T23:53:25,594|[TRACE] script - #out(`t`) [token]
2021-11-21T23:53:25,594|[TRACE] graph - <------- nonSkippedChar
2021-11-21T23:53:25,594|[TRACE] graph - <----- statementPart
2021-11-21T23:53:25,594|[TRACE] graph - -----> statementPart
2021-11-21T23:53:25,594|[TRACE] graph - -------> nonSkippedChar
2021-11-21T23:53:25,594|[TRACE] script - #out(`a`) [token]
2021-11-21T23:53:25,594|[TRACE] graph - <------- nonSkippedChar
2021-11-21T23:53:25,594|[TRACE] graph - <----- statementPart
2021-11-21T23:53:25,594|[TRACE] graph - -----> statementPart
2021-11-21T23:53:25,594|[TRACE] graph - -------> nonSkippedChar
2021-11-21T23:53:25,594|[TRACE] script - #out(`m`) [token]
2021-11-21T23:53:25,594|[TRACE] graph - <------- nonSkippedChar
2021-11-21T23:53:25,594|[TRACE] graph - <----- statementPart
2021-11-21T23:53:25,594|[TRACE] graph - -----> statementPart
2021-11-21T23:53:25,594|[TRACE] graph - -------> nonSkippedChar
2021-11-21T23:53:25,594|[TRACE] script - #out(`p`) [token]
2021-11-21T23:53:25,594|[TRACE] graph - <------- nonSkippedChar
2021-11-21T23:53:25,594|[TRACE] graph - <----- statementPart
2021-11-21T23:53:25,594|[TRACE] graph - -----> statementPart
2021-11-21T23:53:25,594|[TRACE] graph - -------> nonSkippedChar
2021-11-21T23:53:25,594|[TRACE] script - #out(`(`) [token]
2021-11-21T23:53:25,594|[TRACE] graph - <------- nonSkippedChar
2021-11-21T23:53:25,594|[TRACE] graph - <----- statementPart
2021-11-21T23:53:25,594|[TRACE] graph - -----> statementPart
2021-11-21T23:53:25,594|[TRACE] graph - -------> nonSkippedChar
2021-11-21T23:53:25,594|[TRACE] script - #out(`n`) [token]
2021-11-21T23:53:25,594|[TRACE] graph - <------- nonSkippedChar
2021-11-21T23:53:25,594|[TRACE] graph - <----- statementPart
2021-11-21T23:53:25,594|[TRACE] graph - -----> statementPart
2021-11-21T23:53:25,594|[TRACE] graph - -------> nonSkippedChar
2021-11-21T23:53:25,594|[TRACE] script - #out(`o`) [token]
2021-11-21T23:53:25,594|[TRACE] graph - <------- nonSkippedChar
2021-11-21T23:53:25,594|[TRACE] graph - <----- statementPart
2021-11-21T23:53:25,594|[TRACE] graph - -----> statementPart
2021-11-21T23:53:25,594|[TRACE] graph - -------> nonSkippedChar
2021-11-21T23:53:25,594|[TRACE] script - #out(`w`) [token]
2021-11-21T23:53:25,594|[TRACE] graph - <------- nonSkippedChar
2021-11-21T23:53:25,594|[TRACE] graph - <----- statementPart
2021-11-21T23:53:25,594|[TRACE] graph - -----> statementPart
2021-11-21T23:53:25,594|[TRACE] graph - -------> nonSkippedChar
2021-11-21T23:53:25,594|[TRACE] script - #out(`(`) [token]
2021-11-21T23:53:25,594|[TRACE] graph - <------- nonSkippedChar
2021-11-21T23:53:25,594|[TRACE] graph - <----- statementPart
2021-11-21T23:53:25,594|[TRACE] graph - -----> statementPart
2021-11-21T23:53:25,594|[TRACE] graph - -------> nonSkippedChar
2021-11-21T23:53:25,594|[TRACE] script - #out(`)`) [token]
2021-11-21T23:53:25,594|[TRACE] graph - <------- nonSkippedChar
2021-11-21T23:53:25,594|[TRACE] graph - <----- statementPart
2021-11-21T23:53:25,594|[TRACE] graph - -----> statementPart
2021-11-21T23:53:25,594|[TRACE] graph - -------> nonSkippedChar
2021-11-21T23:53:25,594|[TRACE] script - #out(`)`) [token]
2021-11-21T23:53:25,594|[TRACE] graph - <------- nonSkippedChar
2021-11-21T23:53:25,594|[TRACE] graph - <----- statementPart
2021-11-21T23:53:25,594|[TRACE] graph - -----> statementPart
2021-11-21T23:53:25,594|[TRACE] graph - -------> nonSkippedSpace
2021-11-21T23:53:25,594|[TRACE] script - #out(` `) [token]
2021-11-21T23:53:25,594|[TRACE] graph - <------- nonSkippedSpace
2021-11-21T23:53:25,594|[TRACE] graph - <----- statementPart
2021-11-21T23:53:25,594|[TRACE] graph - -----> statementPart
2021-11-21T23:53:25,594|[TRACE] graph - -------> nonSkippedChar
2021-11-21T23:53:25,594|[TRACE] script - #out(`*`) [token]
2021-11-21T23:53:25,594|[TRACE] graph - <------- nonSkippedChar
2021-11-21T23:53:25,594|[TRACE] graph - <----- statementPart
2021-11-21T23:53:25,594|[TRACE] graph - -----> statementPart
2021-11-21T23:53:25,594|[TRACE] graph - -------> nonSkippedSpace
2021-11-21T23:53:25,594|[TRACE] script - #out(` `) [token]
2021-11-21T23:53:25,594|[TRACE] graph - <------- nonSkippedSpace
2021-11-21T23:53:25,594|[TRACE] graph - <----- statementPart
2021-11-21T23:53:25,594|[TRACE] graph - -----> statementPart
2021-11-21T23:53:25,594|[TRACE] graph - -------> nonSkippedChar
2021-11-21T23:53:25,594|[TRACE] script - #out(`1`) [token]
2021-11-21T23:53:25,594|[TRACE] graph - <------- nonSkippedChar
2021-11-21T23:53:25,594|[TRACE] graph - <----- statementPart
2021-11-21T23:53:25,594|[TRACE] graph - -----> statementPart
2021-11-21T23:53:25,594|[TRACE] graph - -------> nonSkippedChar
2021-11-21T23:53:25,594|[TRACE] script - #out(`0`) [token]
2021-11-21T23:53:25,594|[TRACE] graph - <------- nonSkippedChar
2021-11-21T23:53:25,594|[TRACE] graph - <----- statementPart
2021-11-21T23:53:25,594|[TRACE] graph - -----> statementPart
2021-11-21T23:53:25,594|[TRACE] graph - -------> nonSkippedChar
2021-11-21T23:53:25,594|[TRACE] script - #out(`0`) [token]
2021-11-21T23:53:25,594|[TRACE] graph - <------- nonSkippedChar
2021-11-21T23:53:25,594|[TRACE] graph - <----- statementPart
2021-11-21T23:53:25,594|[TRACE] graph - -----> statementPart
2021-11-21T23:53:25,594|[TRACE] graph - -------> nonSkippedChar
2021-11-21T23:53:25,594|[TRACE] script - #out(`0`) [token]
2021-11-21T23:53:25,594|[TRACE] graph - <------- nonSkippedChar
2021-11-21T23:53:25,594|[TRACE] graph - <----- statementPart
2021-11-21T23:53:25,594|[TRACE] graph - -----> statementPart
2021-11-21T23:53:25,594|[TRACE] graph - -------> nonSkippedChar
2021-11-21T23:53:25,594|[TRACE] script - #out(`)`) [token]
2021-11-21T23:53:25,594|[TRACE] graph - <------- nonSkippedChar
2021-11-21T23:53:25,594|[TRACE] graph - <----- statementPart
2021-11-21T23:53:25,594|[TRACE] graph - -----> statementPart
2021-11-21T23:53:25,594|[TRACE] graph - -------> nonSkippedChar
2021-11-21T23:53:25,594|[TRACE] script - #out(`,`) [token]
2021-11-21T23:53:25,594|[TRACE] graph - <------- nonSkippedChar
2021-11-21T23:53:25,594|[TRACE] graph - <----- statementPart
2021-11-21T23:53:25,594|[TRACE] graph - -----> afterStatementPartNewline
2021-11-21T23:53:25,594|[TRACE] script - #out(` `) [text]
2021-11-21T23:53:25,594|[TRACE] graph - <----- afterStatementPartNewline
2021-11-21T23:53:25,594|[TRACE] graph - -----> statementPart
2021-11-21T23:53:25,594|[TRACE] graph - -------> nonSkippedSpace
2021-11-21T23:53:25,594|[TRACE] script - #out(` `) [token]
2021-11-21T23:53:25,594|[TRACE] graph - <------- nonSkippedSpace
2021-11-21T23:53:25,594|[TRACE] graph - <----- statementPart
2021-11-21T23:53:25,594|[TRACE] graph - -----> statementPart
2021-11-21T23:53:25,594|[TRACE] graph - -------> nonSkippedSpace
2021-11-21T23:53:25,594|[TRACE] script - #out(` `) [token]
2021-11-21T23:53:25,594|[TRACE] graph - <------- nonSkippedSpace
2021-11-21T23:53:25,594|[TRACE] graph - <----- statementPart
2021-11-21T23:53:25,594|[TRACE] graph - -----> statementPart
2021-11-21T23:53:25,594|[TRACE] graph - -------> quotedString
2021-11-21T23:53:25,594|[TRACE] script - #out(``version``) [token]
2021-11-21T23:53:25,594|[TRACE] graph - <------- quotedString
2021-11-21T23:53:25,594|[TRACE] graph - <----- statementPart
2021-11-21T23:53:25,594|[TRACE] graph - -----> statementPart
2021-11-21T23:53:25,594|[TRACE] graph - -------> nonSkippedSpace
2021-11-21T23:53:25,594|[TRACE] script - #out(` `) [token]
2021-11-21T23:53:25,594|[TRACE] graph - <------- nonSkippedSpace
2021-11-21T23:53:25,594|[TRACE] graph - <----- statementPart
2021-11-21T23:53:25,594|[TRACE] graph - -----> statementPart
2021-11-21T23:53:25,594|[TRACE] graph - -------> nonSkippedChar
2021-11-21T23:53:25,594|[TRACE] script - #out(`I`) [token]
2021-11-21T23:53:25,594|[TRACE] graph - <------- nonSkippedChar
2021-11-21T23:53:25,594|[TRACE] graph - <----- statementPart
2021-11-21T23:53:25,594|[TRACE] graph - -----> statementPart
2021-11-21T23:53:25,594|[TRACE] graph - -------> nonSkippedChar
2021-11-21T23:53:25,594|[TRACE] script - #out(`N`) [token]
2021-11-21T23:53:25,594|[TRACE] graph - <------- nonSkippedChar
2021-11-21T23:53:25,594|[TRACE] graph - <----- statementPart
2021-11-21T23:53:25,594|[TRACE] graph - -----> statementPart
2021-11-21T23:53:25,594|[TRACE] graph - -------> nonSkippedChar
2021-11-21T23:53:25,594|[TRACE] script - #out(`T`) [token]
2021-11-21T23:53:25,594|[TRACE] graph - <------- nonSkippedChar
2021-11-21T23:53:25,594|[TRACE] graph - <----- statementPart
2021-11-21T23:53:25,594|[TRACE] graph - -----> statementPart
2021-11-21T23:53:25,594|[TRACE] graph - -------> nonSkippedSpace
2021-11-21T23:53:25,594|[TRACE] script - #out(` `) [token]
2021-11-21T23:53:25,594|[TRACE] graph - <------- nonSkippedSpace
2021-11-21T23:53:25,594|[TRACE] graph - <----- statementPart
2021-11-21T23:53:25,594|[TRACE] graph - -----> statementPart
2021-11-21T23:53:25,594|[TRACE] graph - -------> nonSkippedChar
2021-11-21T23:53:25,594|[TRACE] script - #out(`N`) [token]
2021-11-21T23:53:25,594|[TRACE] graph - <------- nonSkippedChar
2021-11-21T23:53:25,594|[TRACE] graph - <----- statementPart
2021-11-21T23:53:25,594|[TRACE] graph - -----> statementPart
2021-11-21T23:53:25,594|[TRACE] graph - -------> nonSkippedChar
2021-11-21T23:53:25,594|[TRACE] script - #out(`O`) [token]
2021-11-21T23:53:25,594|[TRACE] graph - <------- nonSkippedChar
2021-11-21T23:53:25,594|[TRACE] graph - <----- statementPart
2021-11-21T23:53:25,594|[TRACE] graph - -----> statementPart
2021-11-21T23:53:25,594|[TRACE] graph - -------> nonSkippedChar
2021-11-21T23:53:25,594|[TRACE] script - #out(`T`) [token]
2021-11-21T23:53:25,594|[TRACE] graph - <------- nonSkippedChar
2021-11-21T23:53:25,594|[TRACE] graph - <----- statementPart
2021-11-21T23:53:25,594|[TRACE] graph - -----> statementPart
2021-11-21T23:53:25,594|[TRACE] graph - -------> nonSkippedSpace
2021-11-21T23:53:25,594|[TRACE] script - #out(` `) [token]
2021-11-21T23:53:25,594|[TRACE] graph - <------- nonSkippedSpace
2021-11-21T23:53:25,594|[TRACE] graph - <----- statementPart
2021-11-21T23:53:25,594|[TRACE] graph - -----> statementPart
2021-11-21T23:53:25,594|[TRACE] graph - -------> nonSkippedChar
2021-11-21T23:53:25,594|[TRACE] script - #out(`N`) [token]
2021-11-21T23:53:25,594|[TRACE] graph - <------- nonSkippedChar
2021-11-21T23:53:25,594|[TRACE] graph - <----- statementPart
2021-11-21T23:53:25,594|[TRACE] graph - -----> statementPart
2021-11-21T23:53:25,594|[TRACE] graph - -------> nonSkippedChar
2021-11-21T23:53:25,594|[TRACE] script - #out(`U`) [token]
2021-11-21T23:53:25,594|[TRACE] graph - <------- nonSkippedChar
2021-11-21T23:53:25,594|[TRACE] graph - <----- statementPart
2021-11-21T23:53:25,594|[TRACE] graph - -----> statementPart
2021-11-21T23:53:25,594|[TRACE] graph - -------> nonSkippedChar
2021-11-21T23:53:25,594|[TRACE] script - #out(`L`) [token]
2021-11-21T23:53:25,594|[TRACE] graph - <------- nonSkippedChar
2021-11-21T23:53:25,594|[TRACE] graph - <----- statementPart
2021-11-21T23:53:25,594|[TRACE] graph - -----> statementPart
2021-11-21T23:53:25,594|[TRACE] graph - -------> nonSkippedChar
2021-11-21T23:53:25,594|[TRACE] script - #out(`L`) [token]
2021-11-21T23:53:25,594|[TRACE] graph - <------- nonSkippedChar
2021-11-21T23:53:25,594|[TRACE] graph - <----- statementPart
2021-11-21T23:53:25,594|[TRACE] graph - -----> statementPart
2021-11-21T23:53:25,594|[TRACE] graph - -------> nonSkippedSpace
2021-11-21T23:53:25,594|[TRACE] script - #out(` `) [token]
2021-11-21T23:53:25,594|[TRACE] graph - <------- nonSkippedSpace
2021-11-21T23:53:25,594|[TRACE] graph - <----- statementPart
2021-11-21T23:53:25,594|[TRACE] graph - -----> statementPart
2021-11-21T23:53:25,594|[TRACE] graph - -------> nonSkippedChar
2021-11-21T23:53:25,594|[TRACE] script - #out(`D`) [token]
2021-11-21T23:53:25,594|[TRACE] graph - <------- nonSkippedChar
2021-11-21T23:53:25,594|[TRACE] graph - <----- statementPart
2021-11-21T23:53:25,594|[TRACE] graph - -----> statementPart
2021-11-21T23:53:25,594|[TRACE] graph - -------> nonSkippedChar
2021-11-21T23:53:25,594|[TRACE] script - #out(`E`) [token]
2021-11-21T23:53:25,594|[TRACE] graph - <------- nonSkippedChar
2021-11-21T23:53:25,594|[TRACE] graph - <----- statementPart
2021-11-21T23:53:25,594|[TRACE] graph - -----> statementPart
2021-11-21T23:53:25,594|[TRACE] graph - -------> nonSkippedChar
2021-11-21T23:53:25,594|[TRACE] script - #out(`F`) [token]
2021-11-21T23:53:25,594|[TRACE] graph - <------- nonSkippedChar
2021-11-21T23:53:25,594|[TRACE] graph - <----- statementPart
2021-11-21T23:53:25,595|[TRACE] graph - -----> statementPart
2021-11-21T23:53:25,595|[TRACE] graph - -------> nonSkippedChar
2021-11-21T23:53:25,595|[TRACE] script - #out(`A`) [token]
2021-11-21T23:53:25,595|[TRACE] graph - <------- nonSkippedChar
2021-11-21T23:53:25,595|[TRACE] graph - <----- statementPart
2021-11-21T23:53:25,595|[TRACE] graph - -----> statementPart
2021-11-21T23:53:25,595|[TRACE] graph - -------> nonSkippedChar
2021-11-21T23:53:25,595|[TRACE] script - #out(`U`) [token]
2021-11-21T23:53:25,595|[TRACE] graph - <------- nonSkippedChar
2021-11-21T23:53:25,595|[TRACE] graph - <----- statementPart
2021-11-21T23:53:25,595|[TRACE] graph - -----> statementPart
2021-11-21T23:53:25,595|[TRACE] graph - -------> nonSkippedChar
2021-11-21T23:53:25,595|[TRACE] script - #out(`L`) [token]
2021-11-21T23:53:25,595|[TRACE] graph - <------- nonSkippedChar
2021-11-21T23:53:25,595|[TRACE] graph - <----- statementPart
2021-11-21T23:53:25,595|[TRACE] graph - -----> statementPart
2021-11-21T23:53:25,595|[TRACE] graph - -------> nonSkippedChar
2021-11-21T23:53:25,595|[TRACE] script - #out(`T`) [token]
2021-11-21T23:53:25,595|[TRACE] graph - <------- nonSkippedChar
2021-11-21T23:53:25,595|[TRACE] graph - <----- statementPart
2021-11-21T23:53:25,595|[TRACE] graph - -----> statementPart
2021-11-21T23:53:25,595|[TRACE] graph - -------> nonSkippedSpace
2021-11-21T23:53:25,595|[TRACE] script - #out(` `) [token]
2021-11-21T23:53:25,595|[TRACE] graph - <------- nonSkippedSpace
2021-11-21T23:53:25,595|[TRACE] graph - <----- statementPart
2021-11-21T23:53:25,595|[TRACE] graph - -----> statementPart
2021-11-21T23:53:25,595|[TRACE] graph - -------> nonSkippedChar
2021-11-21T23:53:25,595|[TRACE] script - #out(`1`) [token]
2021-11-21T23:53:25,595|[TRACE] graph - <------- nonSkippedChar
2021-11-21T23:53:25,595|[TRACE] graph - <----- statementPart
2021-11-21T23:53:25,595|[TRACE] graph - -----> statementPart
2021-11-21T23:53:25,595|[TRACE] graph - -------> nonSkippedChar
2021-11-21T23:53:25,595|[TRACE] script - #out(`,`) [token]
2021-11-21T23:53:25,595|[TRACE] graph - <------- nonSkippedChar
2021-11-21T23:53:25,595|[TRACE] graph - <----- statementPart
2021-11-21T23:53:25,595|[TRACE] graph - -----> afterStatementPartNewline
2021-11-21T23:53:25,595|[TRACE] script - #out(` `) [text]
2021-11-21T23:53:25,595|[TRACE] graph - <----- afterStatementPartNewline
2021-11-21T23:53:25,693|[TRACE] graph - -----> statementPart
2021-11-21T23:53:25,693|[TRACE] graph - -------> nonSkippedSpace
2021-11-21T23:53:25,693|[TRACE] script - #out(` `) [token]
2021-11-21T23:53:25,693|[TRACE] graph - <------- nonSkippedSpace
2021-11-21T23:53:25,693|[TRACE] graph - <----- statementPart
2021-11-21T23:53:25,693|[TRACE] graph - -----> statementPart
2021-11-21T23:53:25,693|[TRACE] graph - -------> nonSkippedSpace
2021-11-21T23:53:25,693|[TRACE] script - #out(` `) [token]
2021-11-21T23:53:25,693|[TRACE] graph - <------- nonSkippedSpace
2021-11-21T23:53:25,693|[TRACE] graph - <----- statementPart
2021-11-21T23:53:25,693|[TRACE] graph - -----> statementPart
2021-11-21T23:53:25,693|[TRACE] graph - -------> nonSkippedChar
2021-11-21T23:53:25,693|[TRACE] script - #out(`I`) [token]
2021-11-21T23:53:25,693|[TRACE] graph - <------- nonSkippedChar
2021-11-21T23:53:25,693|[TRACE] graph - <----- statementPart
2021-11-21T23:53:25,693|[TRACE] graph - -----> statementPart
2021-11-21T23:53:25,693|[TRACE] graph - -------> nonSkippedChar
2021-11-21T23:53:25,693|[TRACE] script - #out(`N`) [token]
2021-11-21T23:53:25,693|[TRACE] graph - <------- nonSkippedChar
2021-11-21T23:53:25,693|[TRACE] graph - <----- statementPart
2021-11-21T23:53:25,693|[TRACE] graph - -----> statementPart
2021-11-21T23:53:25,693|[TRACE] graph - -------> nonSkippedChar
2021-11-21T23:53:25,693|[TRACE] script - #out(`D`) [token]
2021-11-21T23:53:25,693|[TRACE] graph - <------- nonSkippedChar
2021-11-21T23:53:25,693|[TRACE] graph - <----- statementPart
2021-11-21T23:53:25,693|[TRACE] graph - -----> statementPart
2021-11-21T23:53:25,693|[TRACE] graph - -------> nonSkippedChar
2021-11-21T23:53:25,693|[TRACE] script - #out(`E`) [token]
2021-11-21T23:53:25,693|[TRACE] graph - <------- nonSkippedChar
2021-11-21T23:53:25,693|[TRACE] graph - <----- statementPart
2021-11-21T23:53:25,693|[TRACE] graph - -----> statementPart
2021-11-21T23:53:25,693|[TRACE] graph - -------> nonSkippedChar
2021-11-21T23:53:25,693|[TRACE] script - #out(`X`) [token]
2021-11-21T23:53:25,693|[TRACE] graph - <------- nonSkippedChar
2021-11-21T23:53:25,693|[TRACE] graph - <----- statementPart
2021-11-21T23:53:25,693|[TRACE] graph - -----> statementPart
2021-11-21T23:53:25,694|[TRACE] graph - -------> nonSkippedSpace
2021-11-21T23:53:25,694|[TRACE] script - #out(` `) [token]
2021-11-21T23:53:25,694|[TRACE] graph - <------- nonSkippedSpace
2021-11-21T23:53:25,694|[TRACE] graph - <----- statementPart
2021-11-21T23:53:25,694|[TRACE] graph - -----> statementPart
2021-11-21T23:53:25,694|[TRACE] graph - -------> quotedString
2021-11-21T23:53:25,694|[TRACE] script - #out(``fk_donation_record_person1_idx``) [token]
2021-11-21T23:53:25,694|[TRACE] graph - <------- quotedString
2021-11-21T23:53:25,694|[TRACE] graph - <----- statementPart
2021-11-21T23:53:25,694|[TRACE] graph - -----> statementPart
2021-11-21T23:53:25,694|[TRACE] graph - -------> nonSkippedSpace
2021-11-21T23:53:25,694|[TRACE] script - #out(` `) [token]
2021-11-21T23:53:25,694|[TRACE] graph - <------- nonSkippedSpace
2021-11-21T23:53:25,694|[TRACE] graph - <----- statementPart
2021-11-21T23:53:25,694|[TRACE] graph - -----> statementPart
2021-11-21T23:53:25,694|[TRACE] graph - -------> nonSkippedChar
2021-11-21T23:53:25,694|[TRACE] script - #out(`(`) [token]
2021-11-21T23:53:25,694|[TRACE] graph - <------- nonSkippedChar
2021-11-21T23:53:25,694|[TRACE] graph - <----- statementPart
2021-11-21T23:53:25,694|[TRACE] graph - -----> statementPart
2021-11-21T23:53:25,694|[TRACE] graph - -------> quotedString
2021-11-21T23:53:25,694|[TRACE] script - #out(``person_id``) [token]
2021-11-21T23:53:25,694|[TRACE] graph - <------- quotedString
2021-11-21T23:53:25,694|[TRACE] graph - <----- statementPart
2021-11-21T23:53:25,694|[TRACE] graph - -----> statementPart
2021-11-21T23:53:25,694|[TRACE] graph - -------> nonSkippedSpace
2021-11-21T23:53:25,694|[TRACE] script - #out(` `) [token]
2021-11-21T23:53:25,694|[TRACE] graph - <------- nonSkippedSpace
2021-11-21T23:53:25,694|[TRACE] graph - <----- statementPart
2021-11-21T23:53:25,694|[TRACE] graph - -----> statementPart
2021-11-21T23:53:25,694|[TRACE] graph - -------> nonSkippedChar
2021-11-21T23:53:25,694|[TRACE] script - #out(`A`) [token]
2021-11-21T23:53:25,694|[TRACE] graph - <------- nonSkippedChar
2021-11-21T23:53:25,694|[TRACE] graph - <----- statementPart
2021-11-21T23:53:25,694|[TRACE] graph - -----> statementPart
2021-11-21T23:53:25,694|[TRACE] graph - -------> nonSkippedChar
2021-11-21T23:53:25,694|[TRACE] script - #out(`S`) [token]
2021-11-21T23:53:25,694|[TRACE] graph - <------- nonSkippedChar
2021-11-21T23:53:25,694|[TRACE] graph - <----- statementPart
2021-11-21T23:53:25,694|[TRACE] graph - -----> statementPart
2021-11-21T23:53:25,694|[TRACE] graph - -------> nonSkippedChar
2021-11-21T23:53:25,694|[TRACE] script - #out(`C`) [token]
2021-11-21T23:53:25,694|[TRACE] graph - <------- nonSkippedChar
2021-11-21T23:53:25,694|[TRACE] graph - <----- statementPart
2021-11-21T23:53:25,694|[TRACE] graph - -----> statementPart
2021-11-21T23:53:25,694|[TRACE] graph - -------> nonSkippedChar
2021-11-21T23:53:25,694|[TRACE] script - #out(`)`) [token]
2021-11-21T23:53:25,694|[TRACE] graph - <------- nonSkippedChar
2021-11-21T23:53:25,694|[TRACE] graph - <----- statementPart
2021-11-21T23:53:25,694|[TRACE] graph - -----> statementPart
2021-11-21T23:53:25,694|[TRACE] graph - -------> nonSkippedSpace
2021-11-21T23:53:25,694|[TRACE] script - #out(` `) [token]
2021-11-21T23:53:25,694|[TRACE] graph - <------- nonSkippedSpace
2021-11-21T23:53:25,694|[TRACE] graph - <----- statementPart
2021-11-21T23:53:25,694|[TRACE] graph - -----> statementPart
2021-11-21T23:53:25,694|[TRACE] graph - -------> nonSkippedChar
2021-11-21T23:53:25,694|[TRACE] script - #out(`V`) [token]
2021-11-21T23:53:25,694|[TRACE] graph - <------- nonSkippedChar
2021-11-21T23:53:25,694|[TRACE] graph - <----- statementPart
2021-11-21T23:53:25,694|[TRACE] graph - -----> statementPart
2021-11-21T23:53:25,694|[TRACE] graph - -------> nonSkippedChar
2021-11-21T23:53:25,694|[TRACE] script - #out(`I`) [token]
2021-11-21T23:53:25,694|[TRACE] graph - <------- nonSkippedChar
2021-11-21T23:53:25,694|[TRACE] graph - <----- statementPart
2021-11-21T23:53:25,694|[TRACE] graph - -----> statementPart
2021-11-21T23:53:25,694|[TRACE] graph - -------> nonSkippedChar
2021-11-21T23:53:25,694|[TRACE] script - #out(`S`) [token]
2021-11-21T23:53:25,694|[TRACE] graph - <------- nonSkippedChar
2021-11-21T23:53:25,694|[TRACE] graph - <----- statementPart
2021-11-21T23:53:25,694|[TRACE] graph - -----> statementPart
2021-11-21T23:53:25,694|[TRACE] graph - -------> nonSkippedChar
2021-11-21T23:53:25,694|[TRACE] script - #out(`I`) [token]
2021-11-21T23:53:25,694|[TRACE] graph - <------- nonSkippedChar
2021-11-21T23:53:25,694|[TRACE] graph - <----- statementPart
2021-11-21T23:53:25,694|[TRACE] graph - -----> statementPart
2021-11-21T23:53:25,694|[TRACE] graph - -------> nonSkippedChar
2021-11-21T23:53:25,694|[TRACE] script - #out(`B`) [token]
2021-11-21T23:53:25,694|[TRACE] graph - <------- nonSkippedChar
2021-11-21T23:53:25,694|[TRACE] graph - <----- statementPart
2021-11-21T23:53:25,694|[TRACE] graph - -----> statementPart
2021-11-21T23:53:25,694|[TRACE] graph - -------> nonSkippedChar
2021-11-21T23:53:25,694|[TRACE] script - #out(`L`) [token]
2021-11-21T23:53:25,694|[TRACE] graph - <------- nonSkippedChar
2021-11-21T23:53:25,694|[TRACE] graph - <----- statementPart
2021-11-21T23:53:25,694|[TRACE] graph - -----> statementPart
2021-11-21T23:53:25,694|[TRACE] graph - -------> nonSkippedChar
2021-11-21T23:53:25,694|[TRACE] script - #out(`E`) [token]
2021-11-21T23:53:25,694|[TRACE] graph - <------- nonSkippedChar
2021-11-21T23:53:25,694|[TRACE] graph - <----- statementPart
2021-11-21T23:53:25,694|[TRACE] graph - -----> statementPart
2021-11-21T23:53:25,694|[TRACE] graph - -------> nonSkippedChar
2021-11-21T23:53:25,694|[TRACE] script - #out(`,`) [token]
2021-11-21T23:53:25,694|[TRACE] graph - <------- nonSkippedChar
2021-11-21T23:53:25,694|[TRACE] graph - <----- statementPart
2021-11-21T23:53:25,694|[TRACE] graph - -----> afterStatementPartNewline
2021-11-21T23:53:25,694|[TRACE] script - #out(` `) [text]
2021-11-21T23:53:25,694|[TRACE] graph - <----- afterStatementPartNewline
2021-11-21T23:53:25,694|[TRACE] graph - -----> statementPart
2021-11-21T23:53:25,694|[TRACE] graph - -------> nonSkippedSpace
2021-11-21T23:53:25,694|[TRACE] script - #out(` `) [token]
2021-11-21T23:53:25,694|[TRACE] graph - <------- nonSkippedSpace
2021-11-21T23:53:25,694|[TRACE] graph - <----- statementPart
2021-11-21T23:53:25,694|[TRACE] graph - -----> statementPart
2021-11-21T23:53:25,694|[TRACE] graph - -------> nonSkippedSpace
2021-11-21T23:53:25,694|[TRACE] script - #out(` `) [token]
2021-11-21T23:53:25,694|[TRACE] graph - <------- nonSkippedSpace
2021-11-21T23:53:25,694|[TRACE] graph - <----- statementPart
2021-11-21T23:53:25,694|[TRACE] graph - -----> statementPart
2021-11-21T23:53:25,694|[TRACE] graph - -------> nonSkippedChar
2021-11-21T23:53:25,694|[TRACE] script - #out(`I`) [token]
2021-11-21T23:53:25,694|[TRACE] graph - <------- nonSkippedChar
2021-11-21T23:53:25,694|[TRACE] graph - <----- statementPart
2021-11-21T23:53:25,694|[TRACE] graph - -----> statementPart
2021-11-21T23:53:25,694|[TRACE] graph - -------> nonSkippedChar
2021-11-21T23:53:25,694|[TRACE] script - #out(`N`) [token]
2021-11-21T23:53:25,694|[TRACE] graph - <------- nonSkippedChar
2021-11-21T23:53:25,694|[TRACE] graph - <----- statementPart
2021-11-21T23:53:25,694|[TRACE] graph - -----> statementPart
2021-11-21T23:53:25,694|[TRACE] graph - -------> nonSkippedChar
2021-11-21T23:53:25,694|[TRACE] script - #out(`D`) [token]
2021-11-21T23:53:25,694|[TRACE] graph - <------- nonSkippedChar
2021-11-21T23:53:25,694|[TRACE] graph - <----- statementPart
2021-11-21T23:53:25,694|[TRACE] graph - -----> statementPart
2021-11-21T23:53:25,694|[TRACE] graph - -------> nonSkippedChar
2021-11-21T23:53:25,694|[TRACE] script - #out(`E`) [token]
2021-11-21T23:53:25,694|[TRACE] graph - <------- nonSkippedChar
2021-11-21T23:53:25,694|[TRACE] graph - <----- statementPart
2021-11-21T23:53:25,694|[TRACE] graph - -----> statementPart
2021-11-21T23:53:25,694|[TRACE] graph - -------> nonSkippedChar
2021-11-21T23:53:25,694|[TRACE] script - #out(`X`) [token]
2021-11-21T23:53:25,694|[TRACE] graph - <------- nonSkippedChar
2021-11-21T23:53:25,694|[TRACE] graph - <----- statementPart
2021-11-21T23:53:25,694|[TRACE] graph - -----> statementPart
2021-11-21T23:53:25,694|[TRACE] graph - -------> nonSkippedSpace
2021-11-21T23:53:25,694|[TRACE] script - #out(` `) [token]
2021-11-21T23:53:25,694|[TRACE] graph - <------- nonSkippedSpace
2021-11-21T23:53:25,694|[TRACE] graph - <----- statementPart
2021-11-21T23:53:25,694|[TRACE] graph - -----> statementPart
2021-11-21T23:53:25,694|[TRACE] graph - -------> quotedString
2021-11-21T23:53:25,694|[TRACE] script - #out(``fk_donation_record_blood_donation1_idx``) [token]
2021-11-21T23:53:25,694|[TRACE] graph - <------- quotedString
2021-11-21T23:53:25,694|[TRACE] graph - <----- statementPart
2021-11-21T23:53:25,694|[TRACE] graph - -----> statementPart
2021-11-21T23:53:25,694|[TRACE] graph - -------> nonSkippedSpace
2021-11-21T23:53:25,694|[TRACE] script - #out(` `) [token]
2021-11-21T23:53:25,694|[TRACE] graph - <------- nonSkippedSpace
2021-11-21T23:53:25,694|[TRACE] graph - <----- statementPart
2021-11-21T23:53:25,694|[TRACE] graph - -----> statementPart
2021-11-21T23:53:25,694|[TRACE] graph - -------> nonSkippedChar
2021-11-21T23:53:25,694|[TRACE] script - #out(`(`) [token]
2021-11-21T23:53:25,694|[TRACE] graph - <------- nonSkippedChar
2021-11-21T23:53:25,694|[TRACE] graph - <----- statementPart
2021-11-21T23:53:25,694|[TRACE] graph - -----> statementPart
2021-11-21T23:53:25,694|[TRACE] graph - -------> quotedString
2021-11-21T23:53:25,694|[TRACE] script - #out(``donation_id``) [token]
2021-11-21T23:53:25,694|[TRACE] graph - <------- quotedString
2021-11-21T23:53:25,694|[TRACE] graph - <----- statementPart
2021-11-21T23:53:25,694|[TRACE] graph - -----> statementPart
2021-11-21T23:53:25,694|[TRACE] graph - -------> nonSkippedSpace
2021-11-21T23:53:25,694|[TRACE] script - #out(` `) [token]
2021-11-21T23:53:25,694|[TRACE] graph - <------- nonSkippedSpace
2021-11-21T23:53:25,694|[TRACE] graph - <----- statementPart
2021-11-21T23:53:25,694|[TRACE] graph - -----> statementPart
2021-11-21T23:53:25,694|[TRACE] graph - -------> nonSkippedChar
2021-11-21T23:53:25,694|[TRACE] script - #out(`A`) [token]
2021-11-21T23:53:25,694|[TRACE] graph - <------- nonSkippedChar
2021-11-21T23:53:25,694|[TRACE] graph - <----- statementPart
2021-11-21T23:53:25,694|[TRACE] graph - -----> statementPart
2021-11-21T23:53:25,694|[TRACE] graph - -------> nonSkippedChar
2021-11-21T23:53:25,694|[TRACE] script - #out(`S`) [token]
2021-11-21T23:53:25,694|[TRACE] graph - <------- nonSkippedChar
2021-11-21T23:53:25,694|[TRACE] graph - <----- statementPart
2021-11-21T23:53:25,694|[TRACE] graph - -----> statementPart
2021-11-21T23:53:25,694|[TRACE] graph - -------> nonSkippedChar
2021-11-21T23:53:25,694|[TRACE] script - #out(`C`) [token]
2021-11-21T23:53:25,694|[TRACE] graph - <------- nonSkippedChar
2021-11-21T23:53:25,694|[TRACE] graph - <----- statementPart
2021-11-21T23:53:25,694|[TRACE] graph - -----> statementPart
2021-11-21T23:53:25,694|[TRACE] graph - -------> nonSkippedChar
2021-11-21T23:53:25,694|[TRACE] script - #out(`)`) [token]
2021-11-21T23:53:25,694|[TRACE] graph - <------- nonSkippedChar
2021-11-21T23:53:25,694|[TRACE] graph - <----- statementPart
2021-11-21T23:53:25,694|[TRACE] graph - -----> statementPart
2021-11-21T23:53:25,694|[TRACE] graph - -------> nonSkippedSpace
2021-11-21T23:53:25,694|[TRACE] script - #out(` `) [token]
2021-11-21T23:53:25,694|[TRACE] graph - <------- nonSkippedSpace
2021-11-21T23:53:25,694|[TRACE] graph - <----- statementPart
2021-11-21T23:53:25,694|[TRACE] graph - -----> statementPart
2021-11-21T23:53:25,694|[TRACE] graph - -------> nonSkippedChar
2021-11-21T23:53:25,694|[TRACE] script - #out(`V`) [token]
2021-11-21T23:53:25,694|[TRACE] graph - <------- nonSkippedChar
2021-11-21T23:53:25,694|[TRACE] graph - <----- statementPart
2021-11-21T23:53:25,694|[TRACE] graph - -----> statementPart
2021-11-21T23:53:25,694|[TRACE] graph - -------> nonSkippedChar
2021-11-21T23:53:25,694|[TRACE] script - #out(`I`) [token]
2021-11-21T23:53:25,694|[TRACE] graph - <------- nonSkippedChar
2021-11-21T23:53:25,694|[TRACE] graph - <----- statementPart
2021-11-21T23:53:25,694|[TRACE] graph - -----> statementPart
2021-11-21T23:53:25,694|[TRACE] graph - -------> nonSkippedChar
2021-11-21T23:53:25,694|[TRACE] script - #out(`S`) [token]
2021-11-21T23:53:25,694|[TRACE] graph - <------- nonSkippedChar
2021-11-21T23:53:25,694|[TRACE] graph - <----- statementPart
2021-11-21T23:53:25,694|[TRACE] graph - -----> statementPart
2021-11-21T23:53:25,694|[TRACE] graph - -------> nonSkippedChar
2021-11-21T23:53:25,694|[TRACE] script - #out(`I`) [token]
2021-11-21T23:53:25,694|[TRACE] graph - <------- nonSkippedChar
2021-11-21T23:53:25,694|[TRACE] graph - <----- statementPart
2021-11-21T23:53:25,694|[TRACE] graph - -----> statementPart
2021-11-21T23:53:25,694|[TRACE] graph - -------> nonSkippedChar
2021-11-21T23:53:25,694|[TRACE] script - #out(`B`) [token]
2021-11-21T23:53:25,694|[TRACE] graph - <------- nonSkippedChar
2021-11-21T23:53:25,694|[TRACE] graph - <----- statementPart
2021-11-21T23:53:25,694|[TRACE] graph - -----> statementPart
2021-11-21T23:53:25,694|[TRACE] graph - -------> nonSkippedChar
2021-11-21T23:53:25,694|[TRACE] script - #out(`L`) [token]
2021-11-21T23:53:25,694|[TRACE] graph - <------- nonSkippedChar
2021-11-21T23:53:25,694|[TRACE] graph - <----- statementPart
2021-11-21T23:53:25,694|[TRACE] graph - -----> statementPart
2021-11-21T23:53:25,694|[TRACE] graph - -------> nonSkippedChar
2021-11-21T23:53:25,694|[TRACE] script - #out(`E`) [token]
2021-11-21T23:53:25,694|[TRACE] graph - <------- nonSkippedChar
2021-11-21T23:53:25,694|[TRACE] graph - <----- statementPart
2021-11-21T23:53:25,694|[TRACE] graph - -----> statementPart
2021-11-21T23:53:25,694|[TRACE] graph - -------> nonSkippedChar
2021-11-21T23:53:25,694|[TRACE] script - #out(`,`) [token]
2021-11-21T23:53:25,694|[TRACE] graph - <------- nonSkippedChar
2021-11-21T23:53:25,694|[TRACE] graph - <----- statementPart
2021-11-21T23:53:25,694|[TRACE] graph - -----> afterStatementPartNewline
2021-11-21T23:53:25,694|[TRACE] script - #out(` `) [text]
2021-11-21T23:53:25,694|[TRACE] graph - <----- afterStatementPartNewline
2021-11-21T23:53:25,694|[TRACE] graph - -----> statementPart
2021-11-21T23:53:25,694|[TRACE] graph - -------> nonSkippedSpace
2021-11-21T23:53:25,694|[TRACE] script - #out(` `) [token]
2021-11-21T23:53:25,694|[TRACE] graph - <------- nonSkippedSpace
2021-11-21T23:53:25,694|[TRACE] graph - <----- statementPart
2021-11-21T23:53:25,694|[TRACE] graph - -----> statementPart
2021-11-21T23:53:25,694|[TRACE] graph - -------> nonSkippedSpace
2021-11-21T23:53:25,694|[TRACE] script - #out(` `) [token]
2021-11-21T23:53:25,694|[TRACE] graph - <------- nonSkippedSpace
2021-11-21T23:53:25,694|[TRACE] graph - <----- statementPart
2021-11-21T23:53:25,694|[TRACE] graph - -----> statementPart
2021-11-21T23:53:25,694|[TRACE] graph - -------> nonSkippedChar
2021-11-21T23:53:25,694|[TRACE] script - #out(`U`) [token]
2021-11-21T23:53:25,694|[TRACE] graph - <------- nonSkippedChar
2021-11-21T23:53:25,694|[TRACE] graph - <----- statementPart
2021-11-21T23:53:25,694|[TRACE] graph - -----> statementPart
2021-11-21T23:53:25,694|[TRACE] graph - -------> nonSkippedChar
2021-11-21T23:53:25,694|[TRACE] script - #out(`N`) [token]
2021-11-21T23:53:25,694|[TRACE] graph - <------- nonSkippedChar
2021-11-21T23:53:25,694|[TRACE] graph - <----- statementPart
2021-11-21T23:53:25,694|[TRACE] graph - -----> statementPart
2021-11-21T23:53:25,694|[TRACE] graph - -------> nonSkippedChar
2021-11-21T23:53:25,694|[TRACE] script - #out(`I`) [token]
2021-11-21T23:53:25,694|[TRACE] graph - <------- nonSkippedChar
2021-11-21T23:53:25,694|[TRACE] graph - <----- statementPart
2021-11-21T23:53:25,694|[TRACE] graph - -----> statementPart
2021-11-21T23:53:25,694|[TRACE] graph - -------> nonSkippedChar
2021-11-21T23:53:25,694|[TRACE] script - #out(`Q`) [token]
2021-11-21T23:53:25,694|[TRACE] graph - <------- nonSkippedChar
2021-11-21T23:53:25,694|[TRACE] graph - <----- statementPart
2021-11-21T23:53:25,694|[TRACE] graph - -----> statementPart
2021-11-21T23:53:25,694|[TRACE] graph - -------> nonSkippedChar
2021-11-21T23:53:25,694|[TRACE] script - #out(`U`) [token]
2021-11-21T23:53:25,694|[TRACE] graph - <------- nonSkippedChar
2021-11-21T23:53:25,694|[TRACE] graph - <----- statementPart
2021-11-21T23:53:25,694|[TRACE] graph - -----> statementPart
2021-11-21T23:53:25,694|[TRACE] graph - -------> nonSkippedChar
2021-11-21T23:53:25,694|[TRACE] script - #out(`E`) [token]
2021-11-21T23:53:25,694|[TRACE] graph - <------- nonSkippedChar
2021-11-21T23:53:25,694|[TRACE] graph - <----- statementPart
2021-11-21T23:53:25,694|[TRACE] graph - -----> statementPart
2021-11-21T23:53:25,694|[TRACE] graph - -------> nonSkippedSpace
2021-11-21T23:53:25,694|[TRACE] script - #out(` `) [token]
2021-11-21T23:53:25,694|[TRACE] graph - <------- nonSkippedSpace
2021-11-21T23:53:25,694|[TRACE] graph - <----- statementPart
2021-11-21T23:53:25,694|[TRACE] graph - -----> statementPart
2021-11-21T23:53:25,694|[TRACE] graph - -------> nonSkippedChar
2021-11-21T23:53:25,694|[TRACE] script - #out(`I`) [token]
2021-11-21T23:53:25,694|[TRACE] graph - <------- nonSkippedChar
2021-11-21T23:53:25,694|[TRACE] graph - <----- statementPart
2021-11-21T23:53:25,694|[TRACE] graph - -----> statementPart
2021-11-21T23:53:25,694|[TRACE] graph - -------> nonSkippedChar
2021-11-21T23:53:25,694|[TRACE] script - #out(`N`) [token]
2021-11-21T23:53:25,694|[TRACE] graph - <------- nonSkippedChar
2021-11-21T23:53:25,694|[TRACE] graph - <----- statementPart
2021-11-21T23:53:25,694|[TRACE] graph - -----> statementPart
2021-11-21T23:53:25,694|[TRACE] graph - -------> nonSkippedChar
2021-11-21T23:53:25,694|[TRACE] script - #out(`D`) [token]
2021-11-21T23:53:25,694|[TRACE] graph - <------- nonSkippedChar
2021-11-21T23:53:25,694|[TRACE] graph - <----- statementPart
2021-11-21T23:53:25,694|[TRACE] graph - -----> statementPart
2021-11-21T23:53:25,694|[TRACE] graph - -------> nonSkippedChar
2021-11-21T23:53:25,694|[TRACE] script - #out(`E`) [token]
2021-11-21T23:53:25,694|[TRACE] graph - <------- nonSkippedChar
2021-11-21T23:53:25,694|[TRACE] graph - <----- statementPart
2021-11-21T23:53:25,694|[TRACE] graph - -----> statementPart
2021-11-21T23:53:25,694|[TRACE] graph - -------> nonSkippedChar
2021-11-21T23:53:25,694|[TRACE] script - #out(`X`) [token]
2021-11-21T23:53:25,694|[TRACE] graph - <------- nonSkippedChar
2021-11-21T23:53:25,694|[TRACE] graph - <----- statementPart
2021-11-21T23:53:25,694|[TRACE] graph - -----> statementPart
2021-11-21T23:53:25,694|[TRACE] graph - -------> nonSkippedSpace
2021-11-21T23:53:25,694|[TRACE] script - #out(` `) [token]
2021-11-21T23:53:25,694|[TRACE] graph - <------- nonSkippedSpace
2021-11-21T23:53:25,694|[TRACE] graph - <----- statementPart
2021-11-21T23:53:25,694|[TRACE] graph - -----> statementPart
2021-11-21T23:53:25,694|[TRACE] graph - -------> quotedString
2021-11-21T23:53:25,694|[TRACE] script - #out(``record_id_UNIQUE``) [token]
2021-11-21T23:53:25,694|[TRACE] graph - <------- quotedString
2021-11-21T23:53:25,694|[TRACE] graph - <----- statementPart
2021-11-21T23:53:25,694|[TRACE] graph - -----> statementPart
2021-11-21T23:53:25,694|[TRACE] graph - -------> nonSkippedSpace
2021-11-21T23:53:25,694|[TRACE] script - #out(` `) [token]
2021-11-21T23:53:25,694|[TRACE] graph - <------- nonSkippedSpace
2021-11-21T23:53:25,694|[TRACE] graph - <----- statementPart
2021-11-21T23:53:25,694|[TRACE] graph - -----> statementPart
2021-11-21T23:53:25,694|[TRACE] graph - -------> nonSkippedChar
2021-11-21T23:53:25,694|[TRACE] script - #out(`(`) [token]
2021-11-21T23:53:25,694|[TRACE] graph - <------- nonSkippedChar
2021-11-21T23:53:25,694|[TRACE] graph - <----- statementPart
2021-11-21T23:53:25,694|[TRACE] graph - -----> statementPart
2021-11-21T23:53:25,694|[TRACE] graph - -------> quotedString
2021-11-21T23:53:25,694|[TRACE] script - #out(``record_id``) [token]
2021-11-21T23:53:25,694|[TRACE] graph - <------- quotedString
2021-11-21T23:53:25,694|[TRACE] graph - <----- statementPart
2021-11-21T23:53:25,694|[TRACE] graph - -----> statementPart
2021-11-21T23:53:25,694|[TRACE] graph - -------> nonSkippedSpace
2021-11-21T23:53:25,694|[TRACE] script - #out(` `) [token]
2021-11-21T23:53:25,694|[TRACE] graph - <------- nonSkippedSpace
2021-11-21T23:53:25,695|[TRACE] graph - <----- statementPart
2021-11-21T23:53:25,695|[TRACE] graph - -----> statementPart
2021-11-21T23:53:25,695|[TRACE] graph - -------> nonSkippedChar
2021-11-21T23:53:25,695|[TRACE] script - #out(`A`) [token]
2021-11-21T23:53:25,695|[TRACE] graph - <------- nonSkippedChar
2021-11-21T23:53:25,695|[TRACE] graph - <----- statementPart
2021-11-21T23:53:25,695|[TRACE] graph - -----> statementPart
2021-11-21T23:53:25,695|[TRACE] graph - -------> nonSkippedChar
2021-11-21T23:53:25,695|[TRACE] script - #out(`S`) [token]
2021-11-21T23:53:25,695|[TRACE] graph - <------- nonSkippedChar
2021-11-21T23:53:25,695|[TRACE] graph - <----- statementPart
2021-11-21T23:53:25,695|[TRACE] graph - -----> statementPart
2021-11-21T23:53:25,695|[TRACE] graph - -------> nonSkippedChar
2021-11-21T23:53:25,695|[TRACE] script - #out(`C`) [token]
2021-11-21T23:53:25,695|[TRACE] graph - <------- nonSkippedChar
2021-11-21T23:53:25,695|[TRACE] graph - <----- statementPart
2021-11-21T23:53:25,695|[TRACE] graph - -----> statementPart
2021-11-21T23:53:25,695|[TRACE] graph - -------> nonSkippedChar
2021-11-21T23:53:25,695|[TRACE] script - #out(`)`) [token]
2021-11-21T23:53:25,695|[TRACE] graph - <------- nonSkippedChar
2021-11-21T23:53:25,695|[TRACE] graph - <----- statementPart
2021-11-21T23:53:25,695|[TRACE] graph - -----> statementPart
2021-11-21T23:53:25,695|[TRACE] graph - -------> nonSkippedSpace
2021-11-21T23:53:25,695|[TRACE] script - #out(` `) [token]
2021-11-21T23:53:25,695|[TRACE] graph - <------- nonSkippedSpace
2021-11-21T23:53:25,695|[TRACE] graph - <----- statementPart
2021-11-21T23:53:25,695|[TRACE] graph - -----> statementPart
2021-11-21T23:53:25,695|[TRACE] graph - -------> nonSkippedChar
2021-11-21T23:53:25,695|[TRACE] script - #out(`V`) [token]
2021-11-21T23:53:25,695|[TRACE] graph - <------- nonSkippedChar
2021-11-21T23:53:25,695|[TRACE] graph - <----- statementPart
2021-11-21T23:53:25,695|[TRACE] graph - -----> statementPart
2021-11-21T23:53:25,695|[TRACE] graph - -------> nonSkippedChar
2021-11-21T23:53:25,695|[TRACE] script - #out(`I`) [token]
2021-11-21T23:53:25,695|[TRACE] graph - <------- nonSkippedChar
2021-11-21T23:53:25,695|[TRACE] graph - <----- statementPart
2021-11-21T23:53:25,695|[TRACE] graph - -----> statementPart
2021-11-21T23:53:25,695|[TRACE] graph - -------> nonSkippedChar
2021-11-21T23:53:25,695|[TRACE] script - #out(`S`) [token]
2021-11-21T23:53:25,695|[TRACE] graph - <------- nonSkippedChar
2021-11-21T23:53:25,695|[TRACE] graph - <----- statementPart
2021-11-21T23:53:25,695|[TRACE] graph - -----> statementPart
2021-11-21T23:53:25,695|[TRACE] graph - -------> nonSkippedChar
2021-11-21T23:53:25,695|[TRACE] script - #out(`I`) [token]
2021-11-21T23:53:25,695|[TRACE] graph - <------- nonSkippedChar
2021-11-21T23:53:25,695|[TRACE] graph - <----- statementPart
2021-11-21T23:53:25,695|[TRACE] graph - -----> statementPart
2021-11-21T23:53:25,695|[TRACE] graph - -------> nonSkippedChar
2021-11-21T23:53:25,695|[TRACE] script - #out(`B`) [token]
2021-11-21T23:53:25,695|[TRACE] graph - <------- nonSkippedChar
2021-11-21T23:53:25,695|[TRACE] graph - <----- statementPart
2021-11-21T23:53:25,695|[TRACE] graph - -----> statementPart
2021-11-21T23:53:25,695|[TRACE] graph - -------> nonSkippedChar
2021-11-21T23:53:25,695|[TRACE] script - #out(`L`) [token]
2021-11-21T23:53:25,695|[TRACE] graph - <------- nonSkippedChar
2021-11-21T23:53:25,695|[TRACE] graph - <----- statementPart
2021-11-21T23:53:25,695|[TRACE] graph - -----> statementPart
2021-11-21T23:53:25,695|[TRACE] graph - -------> nonSkippedChar
2021-11-21T23:53:25,695|[TRACE] script - #out(`E`) [token]
2021-11-21T23:53:25,695|[TRACE] graph - <------- nonSkippedChar
2021-11-21T23:53:25,695|[TRACE] graph - <----- statementPart
2021-11-21T23:53:25,695|[TRACE] graph - -----> statementPart
2021-11-21T23:53:25,695|[TRACE] graph - -------> nonSkippedChar
2021-11-21T23:53:25,695|[TRACE] script - #out(`,`) [token]
2021-11-21T23:53:25,695|[TRACE] graph - <------- nonSkippedChar
2021-11-21T23:53:25,695|[TRACE] graph - <----- statementPart
2021-11-21T23:53:25,695|[TRACE] graph - -----> afterStatementPartNewline
2021-11-21T23:53:25,695|[TRACE] script - #out(` `) [text]
2021-11-21T23:53:25,695|[TRACE] graph - <----- afterStatementPartNewline
2021-11-21T23:53:25,695|[TRACE] graph - -----> statementPart
2021-11-21T23:53:25,695|[TRACE] graph - -------> nonSkippedSpace
2021-11-21T23:53:25,695|[TRACE] script - #out(` `) [token]
2021-11-21T23:53:25,695|[TRACE] graph - <------- nonSkippedSpace
2021-11-21T23:53:25,695|[TRACE] graph - <----- statementPart
2021-11-21T23:53:25,695|[TRACE] graph - -----> statementPart
2021-11-21T23:53:25,695|[TRACE] graph - -------> nonSkippedSpace
2021-11-21T23:53:25,695|[TRACE] script - #out(` `) [token]
2021-11-21T23:53:25,695|[TRACE] graph - <------- nonSkippedSpace
2021-11-21T23:53:25,695|[TRACE] graph - <----- statementPart
2021-11-21T23:53:25,695|[TRACE] graph - -----> statementPart
2021-11-21T23:53:25,695|[TRACE] graph - -------> nonSkippedChar
2021-11-21T23:53:25,695|[TRACE] script - #out(`P`) [token]
2021-11-21T23:53:25,695|[TRACE] graph - <------- nonSkippedChar
2021-11-21T23:53:25,695|[TRACE] graph - <----- statementPart
2021-11-21T23:53:25,695|[TRACE] graph - -----> statementPart
2021-11-21T23:53:25,695|[TRACE] graph - -------> nonSkippedChar
2021-11-21T23:53:25,695|[TRACE] script - #out(`R`) [token]
2021-11-21T23:53:25,695|[TRACE] graph - <------- nonSkippedChar
2021-11-21T23:53:25,695|[TRACE] graph - <----- statementPart
2021-11-21T23:53:25,695|[TRACE] graph - -----> statementPart
2021-11-21T23:53:25,695|[TRACE] graph - -------> nonSkippedChar
2021-11-21T23:53:25,695|[TRACE] script - #out(`I`) [token]
2021-11-21T23:53:25,695|[TRACE] graph - <------- nonSkippedChar
2021-11-21T23:53:25,695|[TRACE] graph - <----- statementPart
2021-11-21T23:53:25,695|[TRACE] graph - -----> statementPart
2021-11-21T23:53:25,695|[TRACE] graph - -------> nonSkippedChar
2021-11-21T23:53:25,695|[TRACE] script - #out(`M`) [token]
2021-11-21T23:53:25,695|[TRACE] graph - <------- nonSkippedChar
2021-11-21T23:53:25,777|[TRACE] graph - <----- statementPart
2021-11-21T23:53:25,777|[TRACE] graph - -----> statementPart
2021-11-21T23:53:25,777|[TRACE] graph - -------> nonSkippedChar
2021-11-21T23:53:25,777|[TRACE] script - #out(`A`) [token]
2021-11-21T23:53:25,777|[TRACE] graph - <------- nonSkippedChar
2021-11-21T23:53:25,777|[TRACE] graph - <----- statementPart
2021-11-21T23:53:25,777|[TRACE] graph - -----> statementPart
2021-11-21T23:53:25,777|[TRACE] graph - -------> nonSkippedChar
2021-11-21T23:53:25,777|[TRACE] script - #out(`R`) [token]
2021-11-21T23:53:25,777|[TRACE] graph - <------- nonSkippedChar
2021-11-21T23:53:25,777|[TRACE] graph - <----- statementPart
2021-11-21T23:53:25,777|[TRACE] graph - -----> statementPart
2021-11-21T23:53:25,777|[TRACE] graph - -------> nonSkippedChar
2021-11-21T23:53:25,777|[TRACE] script - #out(`Y`) [token]
2021-11-21T23:53:25,777|[TRACE] graph - <------- nonSkippedChar
2021-11-21T23:53:25,777|[TRACE] graph - <----- statementPart
2021-11-21T23:53:25,777|[TRACE] graph - -----> statementPart
2021-11-21T23:53:25,777|[TRACE] graph - -------> nonSkippedSpace
2021-11-21T23:53:25,777|[TRACE] script - #out(` `) [token]
2021-11-21T23:53:25,777|[TRACE] graph - <------- nonSkippedSpace
2021-11-21T23:53:25,777|[TRACE] graph - <----- statementPart
2021-11-21T23:53:25,777|[TRACE] graph - -----> statementPart
2021-11-21T23:53:25,777|[TRACE] graph - -------> nonSkippedChar
2021-11-21T23:53:25,777|[TRACE] script - #out(`K`) [token]
2021-11-21T23:53:25,777|[TRACE] graph - <------- nonSkippedChar
2021-11-21T23:53:25,777|[TRACE] graph - <----- statementPart
2021-11-21T23:53:25,777|[TRACE] graph - -----> statementPart
2021-11-21T23:53:25,777|[TRACE] graph - -------> nonSkippedChar
2021-11-21T23:53:25,777|[TRACE] script - #out(`E`) [token]
2021-11-21T23:53:25,777|[TRACE] graph - <------- nonSkippedChar
2021-11-21T23:53:25,777|[TRACE] graph - <----- statementPart
2021-11-21T23:53:25,777|[TRACE] graph - -----> statementPart
2021-11-21T23:53:25,777|[TRACE] graph - -------> nonSkippedChar
2021-11-21T23:53:25,777|[TRACE] script - #out(`Y`) [token]
2021-11-21T23:53:25,777|[TRACE] graph - <------- nonSkippedChar
2021-11-21T23:53:25,777|[TRACE] graph - <----- statementPart
2021-11-21T23:53:25,777|[TRACE] graph - -----> statementPart
2021-11-21T23:53:25,777|[TRACE] graph - -------> nonSkippedSpace
2021-11-21T23:53:25,777|[TRACE] script - #out(` `) [token]
2021-11-21T23:53:25,777|[TRACE] graph - <------- nonSkippedSpace
2021-11-21T23:53:25,777|[TRACE] graph - <----- statementPart
2021-11-21T23:53:25,777|[TRACE] graph - -----> statementPart
2021-11-21T23:53:25,777|[TRACE] graph - -------> nonSkippedChar
2021-11-21T23:53:25,777|[TRACE] script - #out(`(`) [token]
2021-11-21T23:53:25,777|[TRACE] graph - <------- nonSkippedChar
2021-11-21T23:53:25,777|[TRACE] graph - <----- statementPart
2021-11-21T23:53:25,777|[TRACE] graph - -----> statementPart
2021-11-21T23:53:25,777|[TRACE] graph - -------> quotedString
2021-11-21T23:53:25,777|[TRACE] script - #out(``record_id``) [token]
2021-11-21T23:53:25,777|[TRACE] graph - <------- quotedString
2021-11-21T23:53:25,777|[TRACE] graph - <----- statementPart
2021-11-21T23:53:25,777|[TRACE] graph - -----> statementPart
2021-11-21T23:53:25,777|[TRACE] graph - -------> nonSkippedChar
2021-11-21T23:53:25,777|[TRACE] script - #out(`)`) [token]
2021-11-21T23:53:25,777|[TRACE] graph - <------- nonSkippedChar
2021-11-21T23:53:25,777|[TRACE] graph - <----- statementPart
2021-11-21T23:53:25,777|[TRACE] graph - -----> statementPart
2021-11-21T23:53:25,777|[TRACE] graph - -------> nonSkippedChar
2021-11-21T23:53:25,777|[TRACE] script - #out(`,`) [token]
2021-11-21T23:53:25,777|[TRACE] graph - <------- nonSkippedChar
2021-11-21T23:53:25,777|[TRACE] graph - <----- statementPart
2021-11-21T23:53:25,777|[TRACE] graph - -----> afterStatementPartNewline
2021-11-21T23:53:25,777|[TRACE] script - #out(` `) [text]
2021-11-21T23:53:25,777|[TRACE] graph - <----- afterStatementPartNewline
2021-11-21T23:53:25,777|[TRACE] graph - -----> statementPart
2021-11-21T23:53:25,777|[TRACE] graph - -------> nonSkippedSpace
2021-11-21T23:53:25,777|[TRACE] script - #out(` `) [token]
2021-11-21T23:53:25,777|[TRACE] graph - <------- nonSkippedSpace
2021-11-21T23:53:25,777|[TRACE] graph - <----- statementPart
2021-11-21T23:53:25,777|[TRACE] graph - -----> statementPart
2021-11-21T23:53:25,777|[TRACE] graph - -------> nonSkippedSpace
2021-11-21T23:53:25,777|[TRACE] script - #out(` `) [token]
2021-11-21T23:53:25,777|[TRACE] graph - <------- nonSkippedSpace
2021-11-21T23:53:25,777|[TRACE] graph - <----- statementPart
2021-11-21T23:53:25,777|[TRACE] graph - -----> statementPart
2021-11-21T23:53:25,777|[TRACE] graph - -------> nonSkippedChar
2021-11-21T23:53:25,777|[TRACE] script - #out(`C`) [token]
2021-11-21T23:53:25,777|[TRACE] graph - <------- nonSkippedChar
2021-11-21T23:53:25,777|[TRACE] graph - <----- statementPart
2021-11-21T23:53:25,777|[TRACE] graph - -----> statementPart
2021-11-21T23:53:25,777|[TRACE] graph - -------> nonSkippedChar
2021-11-21T23:53:25,777|[TRACE] script - #out(`O`) [token]
2021-11-21T23:53:25,777|[TRACE] graph - <------- nonSkippedChar
2021-11-21T23:53:25,777|[TRACE] graph - <----- statementPart
2021-11-21T23:53:25,777|[TRACE] graph - -----> statementPart
2021-11-21T23:53:25,777|[TRACE] graph - -------> nonSkippedChar
2021-11-21T23:53:25,777|[TRACE] script - #out(`N`) [token]
2021-11-21T23:53:25,777|[TRACE] graph - <------- nonSkippedChar
2021-11-21T23:53:25,777|[TRACE] graph - <----- statementPart
2021-11-21T23:53:25,777|[TRACE] graph - -----> statementPart
2021-11-21T23:53:25,777|[TRACE] graph - -------> nonSkippedChar
2021-11-21T23:53:25,777|[TRACE] script - #out(`S`) [token]
2021-11-21T23:53:25,777|[TRACE] graph - <------- nonSkippedChar
2021-11-21T23:53:25,777|[TRACE] graph - <----- statementPart
2021-11-21T23:53:25,777|[TRACE] graph - -----> statementPart
2021-11-21T23:53:25,777|[TRACE] graph - -------> nonSkippedChar
2021-11-21T23:53:25,777|[TRACE] script - #out(`T`) [token]
2021-11-21T23:53:25,777|[TRACE] graph - <------- nonSkippedChar
2021-11-21T23:53:25,777|[TRACE] graph - <----- statementPart
2021-11-21T23:53:25,777|[TRACE] graph - -----> statementPart
2021-11-21T23:53:25,777|[TRACE] graph - -------> nonSkippedChar
2021-11-21T23:53:25,777|[TRACE] script - #out(`R`) [token]
2021-11-21T23:53:25,777|[TRACE] graph - <------- nonSkippedChar
2021-11-21T23:53:25,777|[TRACE] graph - <----- statementPart
2021-11-21T23:53:25,777|[TRACE] graph - -----> statementPart
2021-11-21T23:53:25,777|[TRACE] graph - -------> nonSkippedChar
2021-11-21T23:53:25,777|[TRACE] script - #out(`A`) [token]
2021-11-21T23:53:25,777|[TRACE] graph - <------- nonSkippedChar
2021-11-21T23:53:25,777|[TRACE] graph - <----- statementPart
2021-11-21T23:53:25,777|[TRACE] graph - -----> statementPart
2021-11-21T23:53:25,777|[TRACE] graph - -------> nonSkippedChar
2021-11-21T23:53:25,777|[TRACE] script - #out(`I`) [token]
2021-11-21T23:53:25,777|[TRACE] graph - <------- nonSkippedChar
2021-11-21T23:53:25,777|[TRACE] graph - <----- statementPart
2021-11-21T23:53:25,777|[TRACE] graph - -----> statementPart
2021-11-21T23:53:25,777|[TRACE] graph - -------> nonSkippedChar
2021-11-21T23:53:25,777|[TRACE] script - #out(`N`) [token]
2021-11-21T23:53:25,777|[TRACE] graph - <------- nonSkippedChar
2021-11-21T23:53:25,777|[TRACE] graph - <----- statementPart
2021-11-21T23:53:25,777|[TRACE] graph - -----> statementPart
2021-11-21T23:53:25,777|[TRACE] graph - -------> nonSkippedChar
2021-11-21T23:53:25,777|[TRACE] script - #out(`T`) [token]
2021-11-21T23:53:25,777|[TRACE] graph - <------- nonSkippedChar
2021-11-21T23:53:25,777|[TRACE] graph - <----- statementPart
2021-11-21T23:53:25,777|[TRACE] graph - -----> statementPart
2021-11-21T23:53:25,777|[TRACE] graph - -------> nonSkippedSpace
2021-11-21T23:53:25,777|[TRACE] script - #out(` `) [token]
2021-11-21T23:53:25,777|[TRACE] graph - <------- nonSkippedSpace
2021-11-21T23:53:25,777|[TRACE] graph - <----- statementPart
2021-11-21T23:53:25,777|[TRACE] graph - -----> statementPart
2021-11-21T23:53:25,777|[TRACE] graph - -------> quotedString
2021-11-21T23:53:25,777|[TRACE] script - #out(``fk_donation_record_person1``) [token]
2021-11-21T23:53:25,777|[TRACE] graph - <------- quotedString
2021-11-21T23:53:25,777|[TRACE] graph - <----- statementPart
2021-11-21T23:53:25,777|[TRACE] graph - -----> afterStatementPartNewline
2021-11-21T23:53:25,777|[TRACE] script - #out(` `) [text]
2021-11-21T23:53:25,777|[TRACE] graph - <----- afterStatementPartNewline
2021-11-21T23:53:25,777|[TRACE] graph - -----> statementPart
2021-11-21T23:53:25,778|[TRACE] graph - -------> nonSkippedSpace
2021-11-21T23:53:25,778|[TRACE] script - #out(` `) [token]
2021-11-21T23:53:25,778|[TRACE] graph - <------- nonSkippedSpace
2021-11-21T23:53:25,778|[TRACE] graph - <----- statementPart
2021-11-21T23:53:25,778|[TRACE] graph - -----> statementPart
2021-11-21T23:53:25,778|[TRACE] graph - -------> nonSkippedSpace
2021-11-21T23:53:25,778|[TRACE] script - #out(` `) [token]
2021-11-21T23:53:25,778|[TRACE] graph - <------- nonSkippedSpace
2021-11-21T23:53:25,778|[TRACE] graph - <----- statementPart
2021-11-21T23:53:25,778|[TRACE] graph - -----> statementPart
2021-11-21T23:53:25,778|[TRACE] graph - -------> nonSkippedSpace
2021-11-21T23:53:25,778|[TRACE] script - #out(` `) [token]
2021-11-21T23:53:25,778|[TRACE] graph - <------- nonSkippedSpace
2021-11-21T23:53:25,778|[TRACE] graph - <----- statementPart
2021-11-21T23:53:25,778|[TRACE] graph - -----> statementPart
2021-11-21T23:53:25,778|[TRACE] graph - -------> nonSkippedSpace
2021-11-21T23:53:25,778|[TRACE] script - #out(` `) [token]
2021-11-21T23:53:25,778|[TRACE] graph - <------- nonSkippedSpace
2021-11-21T23:53:25,778|[TRACE] graph - <----- statementPart
2021-11-21T23:53:25,778|[TRACE] graph - -----> statementPart
2021-11-21T23:53:25,778|[TRACE] graph - -------> nonSkippedChar
2021-11-21T23:53:25,778|[TRACE] script - #out(`F`) [token]
2021-11-21T23:53:25,778|[TRACE] graph - <------- nonSkippedChar
2021-11-21T23:53:25,778|[TRACE] graph - <----- statementPart
2021-11-21T23:53:25,778|[TRACE] graph - -----> statementPart
2021-11-21T23:53:25,778|[TRACE] graph - -------> nonSkippedChar
2021-11-21T23:53:25,778|[TRACE] script - #out(`O`) [token]
2021-11-21T23:53:25,778|[TRACE] graph - <------- nonSkippedChar
2021-11-21T23:53:25,778|[TRACE] graph - <----- statementPart
2021-11-21T23:53:25,778|[TRACE] graph - -----> statementPart
2021-11-21T23:53:25,778|[TRACE] graph - -------> nonSkippedChar
2021-11-21T23:53:25,778|[TRACE] script - #out(`R`) [token]
2021-11-21T23:53:25,778|[TRACE] graph - <------- nonSkippedChar
2021-11-21T23:53:25,778|[TRACE] graph - <----- statementPart
2021-11-21T23:53:25,778|[TRACE] graph - -----> statementPart
2021-11-21T23:53:25,778|[TRACE] graph - -------> nonSkippedChar
2021-11-21T23:53:25,778|[TRACE] script - #out(`E`) [token]
2021-11-21T23:53:25,778|[TRACE] graph - <------- nonSkippedChar
2021-11-21T23:53:25,778|[TRACE] graph - <----- statementPart
2021-11-21T23:53:25,778|[TRACE] graph - -----> statementPart
2021-11-21T23:53:25,778|[TRACE] graph - -------> nonSkippedChar
2021-11-21T23:53:25,778|[TRACE] script - #out(`I`) [token]
2021-11-21T23:53:25,778|[TRACE] graph - <------- nonSkippedChar
2021-11-21T23:53:25,778|[TRACE] graph - <----- statementPart
2021-11-21T23:53:25,778|[TRACE] graph - -----> statementPart
2021-11-21T23:53:25,778|[TRACE] graph - -------> nonSkippedChar
2021-11-21T23:53:25,778|[TRACE] script - #out(`G`) [token]
2021-11-21T23:53:25,778|[TRACE] graph - <------- nonSkippedChar
2021-11-21T23:53:25,778|[TRACE] graph - <----- statementPart
2021-11-21T23:53:25,778|[TRACE] graph - -----> statementPart
2021-11-21T23:53:25,778|[TRACE] graph - -------> nonSkippedChar
2021-11-21T23:53:25,778|[TRACE] script - #out(`N`) [token]
2021-11-21T23:53:25,778|[TRACE] graph - <------- nonSkippedChar
2021-11-21T23:53:25,778|[TRACE] graph - <----- statementPart
2021-11-21T23:53:25,778|[TRACE] graph - -----> statementPart
2021-11-21T23:53:25,778|[TRACE] graph - -------> nonSkippedSpace
2021-11-21T23:53:25,778|[TRACE] script - #out(` `) [token]
2021-11-21T23:53:25,778|[TRACE] graph - <------- nonSkippedSpace
2021-11-21T23:53:25,778|[TRACE] graph - <----- statementPart
2021-11-21T23:53:25,778|[TRACE] graph - -----> statementPart
2021-11-21T23:53:25,778|[TRACE] graph - -------> nonSkippedChar
2021-11-21T23:53:25,778|[TRACE] script - #out(`K`) [token]
2021-11-21T23:53:25,778|[TRACE] graph - <------- nonSkippedChar
2021-11-21T23:53:25,778|[TRACE] graph - <----- statementPart
2021-11-21T23:53:25,778|[TRACE] graph - -----> statementPart
2021-11-21T23:53:25,778|[TRACE] graph - -------> nonSkippedChar
2021-11-21T23:53:25,778|[TRACE] script - #out(`E`) [token]
2021-11-21T23:53:25,778|[TRACE] graph - <------- nonSkippedChar
2021-11-21T23:53:25,778|[TRACE] graph - <----- statementPart
2021-11-21T23:53:25,778|[TRACE] graph - -----> statementPart
2021-11-21T23:53:25,778|[TRACE] graph - -------> nonSkippedChar
2021-11-21T23:53:25,778|[TRACE] script - #out(`Y`) [token]
2021-11-21T23:53:25,778|[TRACE] graph - <------- nonSkippedChar
2021-11-21T23:53:25,778|[TRACE] graph - <----- statementPart
2021-11-21T23:53:25,778|[TRACE] graph - -----> statementPart
2021-11-21T23:53:25,778|[TRACE] graph - -------> nonSkippedSpace
2021-11-21T23:53:25,778|[TRACE] script - #out(` `) [token]
2021-11-21T23:53:25,778|[TRACE] graph - <------- nonSkippedSpace
2021-11-21T23:53:25,778|[TRACE] graph - <----- statementPart
2021-11-21T23:53:25,778|[TRACE] graph - -----> statementPart
2021-11-21T23:53:25,778|[TRACE] graph - -------> nonSkippedChar
2021-11-21T23:53:25,778|[TRACE] script - #out(`(`) [token]
2021-11-21T23:53:25,778|[TRACE] graph - <------- nonSkippedChar
2021-11-21T23:53:25,778|[TRACE] graph - <----- statementPart
2021-11-21T23:53:25,778|[TRACE] graph - -----> statementPart
2021-11-21T23:53:25,778|[TRACE] graph - -------> quotedString
2021-11-21T23:53:25,778|[TRACE] script - #out(``person_id``) [token]
2021-11-21T23:53:25,778|[TRACE] graph - <------- quotedString
2021-11-21T23:53:25,778|[TRACE] graph - <----- statementPart
2021-11-21T23:53:25,778|[TRACE] graph - -----> statementPart
2021-11-21T23:53:25,778|[TRACE] graph - -------> nonSkippedChar
2021-11-21T23:53:25,778|[TRACE] script - #out(`)`) [token]
2021-11-21T23:53:25,778|[TRACE] graph - <------- nonSkippedChar
2021-11-21T23:53:25,778|[TRACE] graph - <----- statementPart
2021-11-21T23:53:25,778|[TRACE] graph - -----> afterStatementPartNewline
2021-11-21T23:53:25,778|[TRACE] script - #out(` `) [text]
2021-11-21T23:53:25,778|[TRACE] graph - <----- afterStatementPartNewline
2021-11-21T23:53:25,778|[TRACE] graph - -----> statementPart
2021-11-21T23:53:25,778|[TRACE] graph - -------> nonSkippedSpace
2021-11-21T23:53:25,778|[TRACE] script - #out(` `) [token]
2021-11-21T23:53:25,778|[TRACE] graph - <------- nonSkippedSpace
2021-11-21T23:53:25,778|[TRACE] graph - <----- statementPart
2021-11-21T23:53:25,778|[TRACE] graph - -----> statementPart
2021-11-21T23:53:25,778|[TRACE] graph - -------> nonSkippedSpace
2021-11-21T23:53:25,778|[TRACE] script - #out(` `) [token]
2021-11-21T23:53:25,778|[TRACE] graph - <------- nonSkippedSpace
2021-11-21T23:53:25,778|[TRACE] graph - <----- statementPart
2021-11-21T23:53:25,778|[TRACE] graph - -----> statementPart
2021-11-21T23:53:25,778|[TRACE] graph - -------> nonSkippedSpace
2021-11-21T23:53:25,778|[TRACE] script - #out(` `) [token]
2021-11-21T23:53:25,778|[TRACE] graph - <------- nonSkippedSpace
2021-11-21T23:53:25,778|[TRACE] graph - <----- statementPart
2021-11-21T23:53:25,778|[TRACE] graph - -----> statementPart
2021-11-21T23:53:25,778|[TRACE] graph - -------> nonSkippedSpace
2021-11-21T23:53:25,778|[TRACE] script - #out(` `) [token]
2021-11-21T23:53:25,778|[TRACE] graph - <------- nonSkippedSpace
2021-11-21T23:53:25,778|[TRACE] graph - <----- statementPart
2021-11-21T23:53:25,778|[TRACE] graph - -----> statementPart
2021-11-21T23:53:25,778|[TRACE] graph - -------> nonSkippedChar
2021-11-21T23:53:25,778|[TRACE] script - #out(`R`) [token]
2021-11-21T23:53:25,778|[TRACE] graph - <------- nonSkippedChar
2021-11-21T23:53:25,778|[TRACE] graph - <----- statementPart
2021-11-21T23:53:25,778|[TRACE] graph - -----> statementPart
2021-11-21T23:53:25,778|[TRACE] graph - -------> nonSkippedChar
2021-11-21T23:53:25,778|[TRACE] script - #out(`E`) [token]
2021-11-21T23:53:25,778|[TRACE] graph - <------- nonSkippedChar
2021-11-21T23:53:25,778|[TRACE] graph - <----- statementPart
2021-11-21T23:53:25,778|[TRACE] graph - -----> statementPart
2021-11-21T23:53:25,778|[TRACE] graph - -------> nonSkippedChar
2021-11-21T23:53:25,778|[TRACE] script - #out(`F`) [token]
2021-11-21T23:53:25,778|[TRACE] graph - <------- nonSkippedChar
2021-11-21T23:53:25,778|[TRACE] graph - <----- statementPart
2021-11-21T23:53:25,778|[TRACE] graph - -----> statementPart
2021-11-21T23:53:25,778|[TRACE] graph - -------> nonSkippedChar
2021-11-21T23:53:25,778|[TRACE] script - #out(`E`) [token]
2021-11-21T23:53:25,778|[TRACE] graph - <------- nonSkippedChar
2021-11-21T23:53:25,778|[TRACE] graph - <----- statementPart
2021-11-21T23:53:25,778|[TRACE] graph - -----> statementPart
2021-11-21T23:53:25,778|[TRACE] graph - -------> nonSkippedChar
2021-11-21T23:53:25,778|[TRACE] script - #out(`R`) [token]
2021-11-21T23:53:25,778|[TRACE] graph - <------- nonSkippedChar
2021-11-21T23:53:25,778|[TRACE] graph - <----- statementPart
2021-11-21T23:53:25,778|[TRACE] graph - -----> statementPart
2021-11-21T23:53:25,778|[TRACE] graph - -------> nonSkippedChar
2021-11-21T23:53:25,778|[TRACE] script - #out(`E`) [token]
2021-11-21T23:53:25,778|[TRACE] graph - <------- nonSkippedChar
2021-11-21T23:53:25,778|[TRACE] graph - <----- statementPart
2021-11-21T23:53:25,778|[TRACE] graph - -----> statementPart
2021-11-21T23:53:25,778|[TRACE] graph - -------> nonSkippedChar
2021-11-21T23:53:25,778|[TRACE] script - #out(`N`) [token]
2021-11-21T23:53:25,778|[TRACE] graph - <------- nonSkippedChar
2021-11-21T23:53:25,778|[TRACE] graph - <----- statementPart
2021-11-21T23:53:25,778|[TRACE] graph - -----> statementPart
2021-11-21T23:53:25,778|[TRACE] graph - -------> nonSkippedChar
2021-11-21T23:53:25,778|[TRACE] script - #out(`C`) [token]
2021-11-21T23:53:25,778|[TRACE] graph - <------- nonSkippedChar
2021-11-21T23:53:25,778|[TRACE] graph - <----- statementPart
2021-11-21T23:53:25,778|[TRACE] graph - -----> statementPart
2021-11-21T23:53:25,778|[TRACE] graph - -------> nonSkippedChar
2021-11-21T23:53:25,778|[TRACE] script - #out(`E`) [token]
2021-11-21T23:53:25,778|[TRACE] graph - <------- nonSkippedChar
2021-11-21T23:53:25,778|[TRACE] graph - <----- statementPart
2021-11-21T23:53:25,778|[TRACE] graph - -----> statementPart
2021-11-21T23:53:25,778|[TRACE] graph - -------> nonSkippedChar
2021-11-21T23:53:25,778|[TRACE] script - #out(`S`) [token]
2021-11-21T23:53:25,778|[TRACE] graph - <------- nonSkippedChar
2021-11-21T23:53:25,778|[TRACE] graph - <----- statementPart
2021-11-21T23:53:25,778|[TRACE] graph - -----> statementPart
2021-11-21T23:53:25,778|[TRACE] graph - -------> nonSkippedSpace
2021-11-21T23:53:25,778|[TRACE] script - #out(` `) [token]
2021-11-21T23:53:25,778|[TRACE] graph - <------- nonSkippedSpace
2021-11-21T23:53:25,778|[TRACE] graph - <----- statementPart
2021-11-21T23:53:25,778|[TRACE] graph - -----> statementPart
2021-11-21T23:53:25,778|[TRACE] graph - -------> quotedString
2021-11-21T23:53:25,778|[TRACE] script - #out(``bloodbank``) [token]
2021-11-21T23:53:25,778|[TRACE] graph - <------- quotedString
2021-11-21T23:53:25,778|[TRACE] graph - <----- statementPart
2021-11-21T23:53:25,778|[TRACE] graph - -----> statementPart
2021-11-21T23:53:25,778|[TRACE] graph - -------> nonSkippedChar
2021-11-21T23:53:25,778|[TRACE] script - #out(`.`) [token]
2021-11-21T23:53:25,778|[TRACE] graph - <------- nonSkippedChar
2021-11-21T23:53:25,778|[TRACE] graph - <----- statementPart
2021-11-21T23:53:25,778|[TRACE] graph - -----> statementPart
2021-11-21T23:53:25,778|[TRACE] graph - -------> quotedString
2021-11-21T23:53:25,778|[TRACE] script - #out(``person``) [token]
2021-11-21T23:53:25,778|[TRACE] graph - <------- quotedString
2021-11-21T23:53:25,778|[TRACE] graph - <----- statementPart
2021-11-21T23:53:25,778|[TRACE] graph - -----> statementPart
2021-11-21T23:53:25,778|[TRACE] graph - -------> nonSkippedSpace
2021-11-21T23:53:25,778|[TRACE] script - #out(` `) [token]
2021-11-21T23:53:25,778|[TRACE] graph - <------- nonSkippedSpace
2021-11-21T23:53:25,778|[TRACE] graph - <----- statementPart
2021-11-21T23:53:25,778|[TRACE] graph - -----> statementPart
2021-11-21T23:53:25,778|[TRACE] graph - -------> nonSkippedChar
2021-11-21T23:53:25,778|[TRACE] script - #out(`(`) [token]
2021-11-21T23:53:25,778|[TRACE] graph - <------- nonSkippedChar
2021-11-21T23:53:25,778|[TRACE] graph - <----- statementPart
2021-11-21T23:53:25,778|[TRACE] graph - -----> statementPart
2021-11-21T23:53:25,778|[TRACE] graph - -------> quotedString
2021-11-21T23:53:25,778|[TRACE] script - #out(``id``) [token]
2021-11-21T23:53:25,778|[TRACE] graph - <------- quotedString
2021-11-21T23:53:25,778|[TRACE] graph - <----- statementPart
2021-11-21T23:53:25,778|[TRACE] graph - -----> statementPart
2021-11-21T23:53:25,778|[TRACE] graph - -------> nonSkippedChar
2021-11-21T23:53:25,778|[TRACE] script - #out(`)`) [token]
2021-11-21T23:53:25,778|[TRACE] graph - <------- nonSkippedChar
2021-11-21T23:53:25,778|[TRACE] graph - <----- statementPart
2021-11-21T23:53:25,778|[TRACE] graph - -----> afterStatementPartNewline
2021-11-21T23:53:25,778|[TRACE] script - #out(` `) [text]
2021-11-21T23:53:25,778|[TRACE] graph - <----- afterStatementPartNewline
2021-11-21T23:53:25,778|[TRACE] graph - -----> statementPart
2021-11-21T23:53:25,778|[TRACE] graph - -------> nonSkippedSpace
2021-11-21T23:53:25,778|[TRACE] script - #out(` `) [token]
2021-11-21T23:53:25,778|[TRACE] graph - <------- nonSkippedSpace
2021-11-21T23:53:25,778|[TRACE] graph - <----- statementPart
2021-11-21T23:53:25,778|[TRACE] graph - -----> statementPart
2021-11-21T23:53:25,778|[TRACE] graph - -------> nonSkippedSpace
2021-11-21T23:53:25,778|[TRACE] script - #out(` `) [token]
2021-11-21T23:53:25,778|[TRACE] graph - <------- nonSkippedSpace
2021-11-21T23:53:25,778|[TRACE] graph - <----- statementPart
2021-11-21T23:53:25,778|[TRACE] graph - -----> statementPart
2021-11-21T23:53:25,778|[TRACE] graph - -------> nonSkippedSpace
2021-11-21T23:53:25,778|[TRACE] script - #out(` `) [token]
2021-11-21T23:53:25,778|[TRACE] graph - <------- nonSkippedSpace
2021-11-21T23:53:25,778|[TRACE] graph - <----- statementPart
2021-11-21T23:53:25,778|[TRACE] graph - -----> statementPart
2021-11-21T23:53:25,778|[TRACE] graph - -------> nonSkippedSpace
2021-11-21T23:53:25,778|[TRACE] script - #out(` `) [token]
2021-11-21T23:53:25,778|[TRACE] graph - <------- nonSkippedSpace
2021-11-21T23:53:25,778|[TRACE] graph - <----- statementPart
2021-11-21T23:53:25,778|[TRACE] graph - -----> statementPart
2021-11-21T23:53:25,778|[TRACE] graph - -------> nonSkippedChar
2021-11-21T23:53:25,778|[TRACE] script - #out(`O`) [token]
2021-11-21T23:53:25,778|[TRACE] graph - <------- nonSkippedChar
2021-11-21T23:53:25,778|[TRACE] graph - <----- statementPart
2021-11-21T23:53:25,778|[TRACE] graph - -----> statementPart
2021-11-21T23:53:25,778|[TRACE] graph - -------> nonSkippedChar
2021-11-21T23:53:25,778|[TRACE] script - #out(`N`) [token]
2021-11-21T23:53:25,778|[TRACE] graph - <------- nonSkippedChar
2021-11-21T23:53:25,778|[TRACE] graph - <----- statementPart
2021-11-21T23:53:25,778|[TRACE] graph - -----> statementPart
2021-11-21T23:53:25,778|[TRACE] graph - -------> nonSkippedSpace
2021-11-21T23:53:25,778|[TRACE] script - #out(` `) [token]
2021-11-21T23:53:25,778|[TRACE] graph - <------- nonSkippedSpace
2021-11-21T23:53:25,778|[TRACE] graph - <----- statementPart
2021-11-21T23:53:25,778|[TRACE] graph - -----> statementPart
2021-11-21T23:53:25,778|[TRACE] graph - -------> nonSkippedChar
2021-11-21T23:53:25,778|[TRACE] script - #out(`D`) [token]
2021-11-21T23:53:25,778|[TRACE] graph - <------- nonSkippedChar
2021-11-21T23:53:25,778|[TRACE] graph - <----- statementPart
2021-11-21T23:53:25,778|[TRACE] graph - -----> statementPart
2021-11-21T23:53:25,778|[TRACE] graph - -------> nonSkippedChar
2021-11-21T23:53:25,778|[TRACE] script - #out(`E`) [token]
2021-11-21T23:53:25,778|[TRACE] graph - <------- nonSkippedChar
2021-11-21T23:53:25,778|[TRACE] graph - <----- statementPart
2021-11-21T23:53:25,778|[TRACE] graph - -----> statementPart
2021-11-21T23:53:25,778|[TRACE] graph - -------> nonSkippedChar
2021-11-21T23:53:25,778|[TRACE] script - #out(`L`) [token]
2021-11-21T23:53:25,778|[TRACE] graph - <------- nonSkippedChar
2021-11-21T23:53:25,778|[TRACE] graph - <----- statementPart
2021-11-21T23:53:25,778|[TRACE] graph - -----> statementPart
2021-11-21T23:53:25,778|[TRACE] graph - -------> nonSkippedChar
2021-11-21T23:53:25,778|[TRACE] script - #out(`E`) [token]
2021-11-21T23:53:25,778|[TRACE] graph - <------- nonSkippedChar
2021-11-21T23:53:25,778|[TRACE] graph - <----- statementPart
2021-11-21T23:53:25,778|[TRACE] graph - -----> statementPart
2021-11-21T23:53:25,778|[TRACE] graph - -------> nonSkippedChar
2021-11-21T23:53:25,778|[TRACE] script - #out(`T`) [token]
2021-11-21T23:53:25,778|[TRACE] graph - <------- nonSkippedChar
2021-11-21T23:53:25,778|[TRACE] graph - <----- statementPart
2021-11-21T23:53:25,778|[TRACE] graph - -----> statementPart
2021-11-21T23:53:25,778|[TRACE] graph - -------> nonSkippedChar
2021-11-21T23:53:25,778|[TRACE] script - #out(`E`) [token]
2021-11-21T23:53:25,778|[TRACE] graph - <------- nonSkippedChar
2021-11-21T23:53:25,778|[TRACE] graph - <----- statementPart
2021-11-21T23:53:25,778|[TRACE] graph - -----> statementPart
2021-11-21T23:53:25,778|[TRACE] graph - -------> nonSkippedSpace
2021-11-21T23:53:25,778|[TRACE] script - #out(` `) [token]
2021-11-21T23:53:25,778|[TRACE] graph - <------- nonSkippedSpace
2021-11-21T23:53:25,778|[TRACE] graph - <----- statementPart
2021-11-21T23:53:25,778|[TRACE] graph - -----> statementPart
2021-11-21T23:53:25,778|[TRACE] graph - -------> nonSkippedChar
2021-11-21T23:53:25,778|[TRACE] script - #out(`N`) [token]
2021-11-21T23:53:25,778|[TRACE] graph - <------- nonSkippedChar
2021-11-21T23:53:25,778|[TRACE] graph - <----- statementPart
2021-11-21T23:53:25,778|[TRACE] graph - -----> statementPart
2021-11-21T23:53:25,778|[TRACE] graph - -------> nonSkippedChar
2021-11-21T23:53:25,778|[TRACE] script - #out(`O`) [token]
2021-11-21T23:53:25,779|[TRACE] graph - <------- nonSkippedChar
2021-11-21T23:53:25,779|[TRACE] graph - <----- statementPart
2021-11-21T23:53:25,779|[TRACE] graph - -----> statementPart
2021-11-21T23:53:25,779|[TRACE] graph - -------> nonSkippedSpace
2021-11-21T23:53:25,779|[TRACE] script - #out(` `) [token]
2021-11-21T23:53:25,779|[TRACE] graph - <------- nonSkippedSpace
2021-11-21T23:53:25,779|[TRACE] graph - <----- statementPart
2021-11-21T23:53:25,779|[TRACE] graph - -----> statementPart
2021-11-21T23:53:25,779|[TRACE] graph - -------> nonSkippedChar
2021-11-21T23:53:25,779|[TRACE] script - #out(`A`) [token]
2021-11-21T23:53:25,779|[TRACE] graph - <------- nonSkippedChar
2021-11-21T23:53:25,779|[TRACE] graph - <----- statementPart
2021-11-21T23:53:25,779|[TRACE] graph - -----> statementPart
2021-11-21T23:53:25,779|[TRACE] graph - -------> nonSkippedChar
2021-11-21T23:53:25,779|[TRACE] script - #out(`C`) [token]
2021-11-21T23:53:25,779|[TRACE] graph - <------- nonSkippedChar
2021-11-21T23:53:25,779|[TRACE] graph - <----- statementPart
2021-11-21T23:53:25,779|[TRACE] graph - -----> statementPart
2021-11-21T23:53:25,779|[TRACE] graph - -------> nonSkippedChar
2021-11-21T23:53:25,779|[TRACE] script - #out(`T`) [token]
2021-11-21T23:53:25,779|[TRACE] graph - <------- nonSkippedChar
2021-11-21T23:53:25,779|[TRACE] graph - <----- statementPart
2021-11-21T23:53:25,779|[TRACE] graph - -----> statementPart
2021-11-21T23:53:25,779|[TRACE] graph - -------> nonSkippedChar
2021-11-21T23:53:25,779|[TRACE] script - #out(`I`) [token]
2021-11-21T23:53:25,779|[TRACE] graph - <------- nonSkippedChar
2021-11-21T23:53:25,779|[TRACE] graph - <----- statementPart
2021-11-21T23:53:25,779|[TRACE] graph - -----> statementPart
2021-11-21T23:53:25,779|[TRACE] graph - -------> nonSkippedChar
2021-11-21T23:53:25,779|[TRACE] script - #out(`O`) [token]
2021-11-21T23:53:25,779|[TRACE] graph - <------- nonSkippedChar
2021-11-21T23:53:25,779|[TRACE] graph - <----- statementPart
2021-11-21T23:53:25,779|[TRACE] graph - -----> statementPart
2021-11-21T23:53:25,779|[TRACE] graph - -------> nonSkippedChar
2021-11-21T23:53:25,779|[TRACE] script - #out(`N`) [token]
2021-11-21T23:53:25,779|[TRACE] graph - <------- nonSkippedChar
2021-11-21T23:53:25,779|[TRACE] graph - <----- statementPart
2021-11-21T23:53:25,779|[TRACE] graph - -----> afterStatementPartNewline
2021-11-21T23:53:25,898|[TRACE] script - #out(` `) [text]
2021-11-21T23:53:25,898|[TRACE] graph - <----- afterStatementPartNewline
2021-11-21T23:53:25,898|[TRACE] graph - -----> statementPart
2021-11-21T23:53:25,898|[TRACE] graph - -------> nonSkippedSpace
2021-11-21T23:53:25,898|[TRACE] script - #out(` `) [token]
2021-11-21T23:53:25,898|[TRACE] graph - <------- nonSkippedSpace
2021-11-21T23:53:25,898|[TRACE] graph - <----- statementPart
2021-11-21T23:53:25,898|[TRACE] graph - -----> statementPart
2021-11-21T23:53:25,898|[TRACE] graph - -------> nonSkippedSpace
2021-11-21T23:53:25,898|[TRACE] script - #out(` `) [token]
2021-11-21T23:53:25,898|[TRACE] graph - <------- nonSkippedSpace
2021-11-21T23:53:25,898|[TRACE] graph - <----- statementPart
2021-11-21T23:53:25,898|[TRACE] graph - -----> statementPart
2021-11-21T23:53:25,898|[TRACE] graph - -------> nonSkippedSpace
2021-11-21T23:53:25,898|[TRACE] script - #out(` `) [token]
2021-11-21T23:53:25,898|[TRACE] graph - <------- nonSkippedSpace
2021-11-21T23:53:25,898|[TRACE] graph - <----- statementPart
2021-11-21T23:53:25,898|[TRACE] graph - -----> statementPart
2021-11-21T23:53:25,898|[TRACE] graph - -------> nonSkippedSpace
2021-11-21T23:53:25,898|[TRACE] script - #out(` `) [token]
2021-11-21T23:53:25,898|[TRACE] graph - <------- nonSkippedSpace
2021-11-21T23:53:25,898|[TRACE] graph - <----- statementPart
2021-11-21T23:53:25,898|[TRACE] graph - -----> statementPart
2021-11-21T23:53:25,898|[TRACE] graph - -------> nonSkippedChar
2021-11-21T23:53:25,898|[TRACE] script - #out(`O`) [token]
2021-11-21T23:53:25,898|[TRACE] graph - <------- nonSkippedChar
2021-11-21T23:53:25,898|[TRACE] graph - <----- statementPart
2021-11-21T23:53:25,898|[TRACE] graph - -----> statementPart
2021-11-21T23:53:25,898|[TRACE] graph - -------> nonSkippedChar
2021-11-21T23:53:25,898|[TRACE] script - #out(`N`) [token]
2021-11-21T23:53:25,898|[TRACE] graph - <------- nonSkippedChar
2021-11-21T23:53:25,898|[TRACE] graph - <----- statementPart
2021-11-21T23:53:25,898|[TRACE] graph - -----> statementPart
2021-11-21T23:53:25,898|[TRACE] graph - -------> nonSkippedSpace
2021-11-21T23:53:25,898|[TRACE] script - #out(` `) [token]
2021-11-21T23:53:25,898|[TRACE] graph - <------- nonSkippedSpace
2021-11-21T23:53:25,898|[TRACE] graph - <----- statementPart
2021-11-21T23:53:25,898|[TRACE] graph - -----> statementPart
2021-11-21T23:53:25,898|[TRACE] graph - -------> nonSkippedChar
2021-11-21T23:53:25,898|[TRACE] script - #out(`U`) [token]
2021-11-21T23:53:25,898|[TRACE] graph - <------- nonSkippedChar
2021-11-21T23:53:25,898|[TRACE] graph - <----- statementPart
2021-11-21T23:53:25,898|[TRACE] graph - -----> statementPart
2021-11-21T23:53:25,898|[TRACE] graph - -------> nonSkippedChar
2021-11-21T23:53:25,898|[TRACE] script - #out(`P`) [token]
2021-11-21T23:53:25,898|[TRACE] graph - <------- nonSkippedChar
2021-11-21T23:53:25,898|[TRACE] graph - <----- statementPart
2021-11-21T23:53:25,898|[TRACE] graph - -----> statementPart
2021-11-21T23:53:25,898|[TRACE] graph - -------> nonSkippedChar
2021-11-21T23:53:25,898|[TRACE] script - #out(`D`) [token]
2021-11-21T23:53:25,898|[TRACE] graph - <------- nonSkippedChar
2021-11-21T23:53:25,898|[TRACE] graph - <----- statementPart
2021-11-21T23:53:25,898|[TRACE] graph - -----> statementPart
2021-11-21T23:53:25,898|[TRACE] graph - -------> nonSkippedChar
2021-11-21T23:53:25,898|[TRACE] script - #out(`A`) [token]
2021-11-21T23:53:25,898|[TRACE] graph - <------- nonSkippedChar
2021-11-21T23:53:25,898|[TRACE] graph - <----- statementPart
2021-11-21T23:53:25,898|[TRACE] graph - -----> statementPart
2021-11-21T23:53:25,898|[TRACE] graph - -------> nonSkippedChar
2021-11-21T23:53:25,898|[TRACE] script - #out(`T`) [token]
2021-11-21T23:53:25,898|[TRACE] graph - <------- nonSkippedChar
2021-11-21T23:53:25,898|[TRACE] graph - <----- statementPart
2021-11-21T23:53:25,898|[TRACE] graph - -----> statementPart
2021-11-21T23:53:25,898|[TRACE] graph - -------> nonSkippedChar
2021-11-21T23:53:25,898|[TRACE] script - #out(`E`) [token]
2021-11-21T23:53:25,898|[TRACE] graph - <------- nonSkippedChar
2021-11-21T23:53:25,898|[TRACE] graph - <----- statementPart
2021-11-21T23:53:25,898|[TRACE] graph - -----> statementPart
2021-11-21T23:53:25,898|[TRACE] graph - -------> nonSkippedSpace
2021-11-21T23:53:25,898|[TRACE] script - #out(` `) [token]
2021-11-21T23:53:25,898|[TRACE] graph - <------- nonSkippedSpace
2021-11-21T23:53:25,898|[TRACE] graph - <----- statementPart
2021-11-21T23:53:25,898|[TRACE] graph - -----> statementPart
2021-11-21T23:53:25,898|[TRACE] graph - -------> nonSkippedChar
2021-11-21T23:53:25,898|[TRACE] script - #out(`N`) [token]
2021-11-21T23:53:25,898|[TRACE] graph - <------- nonSkippedChar
2021-11-21T23:53:25,898|[TRACE] graph - <----- statementPart
2021-11-21T23:53:25,898|[TRACE] graph - -----> statementPart
2021-11-21T23:53:25,898|[TRACE] graph - -------> nonSkippedChar
2021-11-21T23:53:25,898|[TRACE] script - #out(`O`) [token]
2021-11-21T23:53:25,898|[TRACE] graph - <------- nonSkippedChar
2021-11-21T23:53:25,898|[TRACE] graph - <----- statementPart
2021-11-21T23:53:25,898|[TRACE] graph - -----> statementPart
2021-11-21T23:53:25,898|[TRACE] graph - -------> nonSkippedSpace
2021-11-21T23:53:25,898|[TRACE] script - #out(` `) [token]
2021-11-21T23:53:25,898|[TRACE] graph - <------- nonSkippedSpace
2021-11-21T23:53:25,898|[TRACE] graph - <----- statementPart
2021-11-21T23:53:25,898|[TRACE] graph - -----> statementPart
2021-11-21T23:53:25,898|[TRACE] graph - -------> nonSkippedChar
2021-11-21T23:53:25,898|[TRACE] script - #out(`A`) [token]
2021-11-21T23:53:25,898|[TRACE] graph - <------- nonSkippedChar
2021-11-21T23:53:25,898|[TRACE] graph - <----- statementPart
2021-11-21T23:53:25,898|[TRACE] graph - -----> statementPart
2021-11-21T23:53:25,898|[TRACE] graph - -------> nonSkippedChar
2021-11-21T23:53:25,898|[TRACE] script - #out(`C`) [token]
2021-11-21T23:53:25,898|[TRACE] graph - <------- nonSkippedChar
2021-11-21T23:53:25,898|[TRACE] graph - <----- statementPart
2021-11-21T23:53:25,898|[TRACE] graph - -----> statementPart
2021-11-21T23:53:25,898|[TRACE] graph - -------> nonSkippedChar
2021-11-21T23:53:25,898|[TRACE] script - #out(`T`) [token]
2021-11-21T23:53:25,898|[TRACE] graph - <------- nonSkippedChar
2021-11-21T23:53:25,898|[TRACE] graph - <----- statementPart
2021-11-21T23:53:25,898|[TRACE] graph - -----> statementPart
2021-11-21T23:53:25,898|[TRACE] graph - -------> nonSkippedChar
2021-11-21T23:53:25,898|[TRACE] script - #out(`I`) [token]
2021-11-21T23:53:25,898|[TRACE] graph - <------- nonSkippedChar
2021-11-21T23:53:25,898|[TRACE] graph - <----- statementPart
2021-11-21T23:53:25,898|[TRACE] graph - -----> statementPart
2021-11-21T23:53:25,898|[TRACE] graph - -------> nonSkippedChar
2021-11-21T23:53:25,898|[TRACE] script - #out(`O`) [token]
2021-11-21T23:53:25,898|[TRACE] graph - <------- nonSkippedChar
2021-11-21T23:53:25,898|[TRACE] graph - <----- statementPart
2021-11-21T23:53:25,898|[TRACE] graph - -----> statementPart
2021-11-21T23:53:25,898|[TRACE] graph - -------> nonSkippedChar
2021-11-21T23:53:25,898|[TRACE] script - #out(`N`) [token]
2021-11-21T23:53:25,898|[TRACE] graph - <------- nonSkippedChar
2021-11-21T23:53:25,898|[TRACE] graph - <----- statementPart
2021-11-21T23:53:25,898|[TRACE] graph - -----> statementPart
2021-11-21T23:53:25,898|[TRACE] graph - -------> nonSkippedChar
2021-11-21T23:53:25,898|[TRACE] script - #out(`,`) [token]
2021-11-21T23:53:25,898|[TRACE] graph - <------- nonSkippedChar
2021-11-21T23:53:25,898|[TRACE] graph - <----- statementPart
2021-11-21T23:53:25,898|[TRACE] graph - -----> afterStatementPartNewline
2021-11-21T23:53:25,898|[TRACE] script - #out(` `) [text]
2021-11-21T23:53:25,898|[TRACE] graph - <----- afterStatementPartNewline
2021-11-21T23:53:25,898|[TRACE] graph - -----> statementPart
2021-11-21T23:53:25,898|[TRACE] graph - -------> nonSkippedSpace
2021-11-21T23:53:25,898|[TRACE] script - #out(` `) [token]
2021-11-21T23:53:25,898|[TRACE] graph - <------- nonSkippedSpace
2021-11-21T23:53:25,898|[TRACE] graph - <----- statementPart
2021-11-21T23:53:25,898|[TRACE] graph - -----> statementPart
2021-11-21T23:53:25,898|[TRACE] graph - -------> nonSkippedSpace
2021-11-21T23:53:25,898|[TRACE] script - #out(` `) [token]
2021-11-21T23:53:25,898|[TRACE] graph - <------- nonSkippedSpace
2021-11-21T23:53:25,898|[TRACE] graph - <----- statementPart
2021-11-21T23:53:25,898|[TRACE] graph - -----> statementPart
2021-11-21T23:53:25,898|[TRACE] graph - -------> nonSkippedChar
2021-11-21T23:53:25,898|[TRACE] script - #out(`C`) [token]
2021-11-21T23:53:25,898|[TRACE] graph - <------- nonSkippedChar
2021-11-21T23:53:25,898|[TRACE] graph - <----- statementPart
2021-11-21T23:53:25,898|[TRACE] graph - -----> statementPart
2021-11-21T23:53:25,898|[TRACE] graph - -------> nonSkippedChar
2021-11-21T23:53:25,898|[TRACE] script - #out(`O`) [token]
2021-11-21T23:53:25,898|[TRACE] graph - <------- nonSkippedChar
2021-11-21T23:53:25,898|[TRACE] graph - <----- statementPart
2021-11-21T23:53:25,898|[TRACE] graph - -----> statementPart
2021-11-21T23:53:25,898|[TRACE] graph - -------> nonSkippedChar
2021-11-21T23:53:25,898|[TRACE] script - #out(`N`) [token]
2021-11-21T23:53:25,898|[TRACE] graph - <------- nonSkippedChar
2021-11-21T23:53:25,898|[TRACE] graph - <----- statementPart
2021-11-21T23:53:25,898|[TRACE] graph - -----> statementPart
2021-11-21T23:53:25,898|[TRACE] graph - -------> nonSkippedChar
2021-11-21T23:53:25,898|[TRACE] script - #out(`S`) [token]
2021-11-21T23:53:25,898|[TRACE] graph - <------- nonSkippedChar
2021-11-21T23:53:25,898|[TRACE] graph - <----- statementPart
2021-11-21T23:53:25,898|[TRACE] graph - -----> statementPart
2021-11-21T23:53:25,898|[TRACE] graph - -------> nonSkippedChar
2021-11-21T23:53:25,898|[TRACE] script - #out(`T`) [token]
2021-11-21T23:53:25,898|[TRACE] graph - <------- nonSkippedChar
2021-11-21T23:53:25,898|[TRACE] graph - <----- statementPart
2021-11-21T23:53:25,898|[TRACE] graph - -----> statementPart
2021-11-21T23:53:25,898|[TRACE] graph - -------> nonSkippedChar
2021-11-21T23:53:25,898|[TRACE] script - #out(`R`) [token]
2021-11-21T23:53:25,898|[TRACE] graph - <------- nonSkippedChar
2021-11-21T23:53:25,898|[TRACE] graph - <----- statementPart
2021-11-21T23:53:25,898|[TRACE] graph - -----> statementPart
2021-11-21T23:53:25,898|[TRACE] graph - -------> nonSkippedChar
2021-11-21T23:53:25,898|[TRACE] script - #out(`A`) [token]
2021-11-21T23:53:25,898|[TRACE] graph - <------- nonSkippedChar
2021-11-21T23:53:25,898|[TRACE] graph - <----- statementPart
2021-11-21T23:53:25,898|[TRACE] graph - -----> statementPart
2021-11-21T23:53:25,898|[TRACE] graph - -------> nonSkippedChar
2021-11-21T23:53:25,898|[TRACE] script - #out(`I`) [token]
2021-11-21T23:53:25,898|[TRACE] graph - <------- nonSkippedChar
2021-11-21T23:53:25,898|[TRACE] graph - <----- statementPart
2021-11-21T23:53:25,898|[TRACE] graph - -----> statementPart
2021-11-21T23:53:25,898|[TRACE] graph - -------> nonSkippedChar
2021-11-21T23:53:25,898|[TRACE] script - #out(`N`) [token]
2021-11-21T23:53:25,898|[TRACE] graph - <------- nonSkippedChar
2021-11-21T23:53:25,898|[TRACE] graph - <----- statementPart
2021-11-21T23:53:25,898|[TRACE] graph - -----> statementPart
2021-11-21T23:53:25,898|[TRACE] graph - -------> nonSkippedChar
2021-11-21T23:53:25,898|[TRACE] script - #out(`T`) [token]
2021-11-21T23:53:25,898|[TRACE] graph - <------- nonSkippedChar
2021-11-21T23:53:25,898|[TRACE] graph - <----- statementPart
2021-11-21T23:53:25,898|[TRACE] graph - -----> statementPart
2021-11-21T23:53:25,898|[TRACE] graph - -------> nonSkippedSpace
2021-11-21T23:53:25,898|[TRACE] script - #out(` `) [token]
2021-11-21T23:53:25,898|[TRACE] graph - <------- nonSkippedSpace
2021-11-21T23:53:25,898|[TRACE] graph - <----- statementPart
2021-11-21T23:53:25,898|[TRACE] graph - -----> statementPart
2021-11-21T23:53:25,898|[TRACE] graph - -------> quotedString
2021-11-21T23:53:25,898|[TRACE] script - #out(``fk_donation_record_blood_donation1``) [token]
2021-11-21T23:53:25,898|[TRACE] graph - <------- quotedString
2021-11-21T23:53:25,898|[TRACE] graph - <----- statementPart
2021-11-21T23:53:25,898|[TRACE] graph - -----> afterStatementPartNewline
2021-11-21T23:53:25,898|[TRACE] script - #out(` `) [text]
2021-11-21T23:53:25,898|[TRACE] graph - <----- afterStatementPartNewline
2021-11-21T23:53:25,898|[TRACE] graph - -----> statementPart
2021-11-21T23:53:25,898|[TRACE] graph - -------> nonSkippedSpace
2021-11-21T23:53:25,898|[TRACE] script - #out(` `) [token]
2021-11-21T23:53:25,898|[TRACE] graph - <------- nonSkippedSpace
2021-11-21T23:53:25,898|[TRACE] graph - <----- statementPart
2021-11-21T23:53:25,898|[TRACE] graph - -----> statementPart
2021-11-21T23:53:25,898|[TRACE] graph - -------> nonSkippedSpace
2021-11-21T23:53:25,898|[TRACE] script - #out(` `) [token]
2021-11-21T23:53:25,898|[TRACE] graph - <------- nonSkippedSpace
2021-11-21T23:53:25,898|[TRACE] graph - <----- statementPart
2021-11-21T23:53:25,898|[TRACE] graph - -----> statementPart
2021-11-21T23:53:25,898|[TRACE] graph - -------> nonSkippedSpace
2021-11-21T23:53:25,898|[TRACE] script - #out(` `) [token]
2021-11-21T23:53:25,898|[TRACE] graph - <------- nonSkippedSpace
2021-11-21T23:53:25,898|[TRACE] graph - <----- statementPart
2021-11-21T23:53:25,899|[TRACE] graph - -----> statementPart
2021-11-21T23:53:25,899|[TRACE] graph - -------> nonSkippedSpace
2021-11-21T23:53:25,899|[TRACE] script - #out(` `) [token]
2021-11-21T23:53:25,899|[TRACE] graph - <------- nonSkippedSpace
2021-11-21T23:53:25,899|[TRACE] graph - <----- statementPart
2021-11-21T23:53:25,899|[TRACE] graph - -----> statementPart
2021-11-21T23:53:25,899|[TRACE] graph - -------> nonSkippedChar
2021-11-21T23:53:25,899|[TRACE] script - #out(`F`) [token]
2021-11-21T23:53:25,899|[TRACE] graph - <------- nonSkippedChar
2021-11-21T23:53:25,899|[TRACE] graph - <----- statementPart
2021-11-21T23:53:25,899|[TRACE] graph - -----> statementPart
2021-11-21T23:53:25,899|[TRACE] graph - -------> nonSkippedChar
2021-11-21T23:53:25,899|[TRACE] script - #out(`O`) [token]
2021-11-21T23:53:25,899|[TRACE] graph - <------- nonSkippedChar
2021-11-21T23:53:25,899|[TRACE] graph - <----- statementPart
2021-11-21T23:53:25,899|[TRACE] graph - -----> statementPart
2021-11-21T23:53:25,899|[TRACE] graph - -------> nonSkippedChar
2021-11-21T23:53:25,899|[TRACE] script - #out(`R`) [token]
2021-11-21T23:53:25,899|[TRACE] graph - <------- nonSkippedChar
2021-11-21T23:53:25,899|[TRACE] graph - <----- statementPart
2021-11-21T23:53:25,899|[TRACE] graph - -----> statementPart
2021-11-21T23:53:25,899|[TRACE] graph - -------> nonSkippedChar
2021-11-21T23:53:25,899|[TRACE] script - #out(`E`) [token]
2021-11-21T23:53:25,899|[TRACE] graph - <------- nonSkippedChar
2021-11-21T23:53:25,899|[TRACE] graph - <----- statementPart
2021-11-21T23:53:25,899|[TRACE] graph - -----> statementPart
2021-11-21T23:53:25,899|[TRACE] graph - -------> nonSkippedChar
2021-11-21T23:53:25,899|[TRACE] script - #out(`I`) [token]
2021-11-21T23:53:25,899|[TRACE] graph - <------- nonSkippedChar
2021-11-21T23:53:25,899|[TRACE] graph - <----- statementPart
2021-11-21T23:53:25,899|[TRACE] graph - -----> statementPart
2021-11-21T23:53:25,899|[TRACE] graph - -------> nonSkippedChar
2021-11-21T23:53:25,899|[TRACE] script - #out(`G`) [token]
2021-11-21T23:53:25,899|[TRACE] graph - <------- nonSkippedChar
2021-11-21T23:53:25,899|[TRACE] graph - <----- statementPart
2021-11-21T23:53:25,899|[TRACE] graph - -----> statementPart
2021-11-21T23:53:25,899|[TRACE] graph - -------> nonSkippedChar
2021-11-21T23:53:25,899|[TRACE] script - #out(`N`) [token]
2021-11-21T23:53:25,899|[TRACE] graph - <------- nonSkippedChar
2021-11-21T23:53:25,899|[TRACE] graph - <----- statementPart
2021-11-21T23:53:25,899|[TRACE] graph - -----> statementPart
2021-11-21T23:53:25,899|[TRACE] graph - -------> nonSkippedSpace
2021-11-21T23:53:25,899|[TRACE] script - #out(` `) [token]
2021-11-21T23:53:25,899|[TRACE] graph - <------- nonSkippedSpace
2021-11-21T23:53:25,899|[TRACE] graph - <----- statementPart
2021-11-21T23:53:25,899|[TRACE] graph - -----> statementPart
2021-11-21T23:53:25,899|[TRACE] graph - -------> nonSkippedChar
2021-11-21T23:53:25,899|[TRACE] script - #out(`K`) [token]
2021-11-21T23:53:25,899|[TRACE] graph - <------- nonSkippedChar
2021-11-21T23:53:25,899|[TRACE] graph - <----- statementPart
2021-11-21T23:53:25,899|[TRACE] graph - -----> statementPart
2021-11-21T23:53:25,899|[TRACE] graph - -------> nonSkippedChar
2021-11-21T23:53:25,899|[TRACE] script - #out(`E`) [token]
2021-11-21T23:53:25,899|[TRACE] graph - <------- nonSkippedChar
2021-11-21T23:53:25,899|[TRACE] graph - <----- statementPart
2021-11-21T23:53:25,899|[TRACE] graph - -----> statementPart
2021-11-21T23:53:25,899|[TRACE] graph - -------> nonSkippedChar
2021-11-21T23:53:25,899|[TRACE] script - #out(`Y`) [token]
2021-11-21T23:53:25,899|[TRACE] graph - <------- nonSkippedChar
2021-11-21T23:53:25,899|[TRACE] graph - <----- statementPart
2021-11-21T23:53:25,899|[TRACE] graph - -----> statementPart
2021-11-21T23:53:25,899|[TRACE] graph - -------> nonSkippedSpace
2021-11-21T23:53:25,899|[TRACE] script - #out(` `) [token]
2021-11-21T23:53:25,899|[TRACE] graph - <------- nonSkippedSpace
2021-11-21T23:53:25,899|[TRACE] graph - <----- statementPart
2021-11-21T23:53:25,899|[TRACE] graph - -----> statementPart
2021-11-21T23:53:25,899|[TRACE] graph - -------> nonSkippedChar
2021-11-21T23:53:25,899|[TRACE] script - #out(`(`) [token]
2021-11-21T23:53:25,899|[TRACE] graph - <------- nonSkippedChar
2021-11-21T23:53:25,899|[TRACE] graph - <----- statementPart
2021-11-21T23:53:25,899|[TRACE] graph - -----> statementPart
2021-11-21T23:53:25,899|[TRACE] graph - -------> quotedString
2021-11-21T23:53:25,899|[TRACE] script - #out(``donation_id``) [token]
2021-11-21T23:53:25,899|[TRACE] graph - <------- quotedString
2021-11-21T23:53:25,899|[TRACE] graph - <----- statementPart
2021-11-21T23:53:25,899|[TRACE] graph - -----> statementPart
2021-11-21T23:53:25,899|[TRACE] graph - -------> nonSkippedChar
2021-11-21T23:53:25,899|[TRACE] script - #out(`)`) [token]
2021-11-21T23:53:25,899|[TRACE] graph - <------- nonSkippedChar
2021-11-21T23:53:25,899|[TRACE] graph - <----- statementPart
2021-11-21T23:53:25,899|[TRACE] graph - -----> afterStatementPartNewline
2021-11-21T23:53:25,899|[TRACE] script - #out(` `) [text]
2021-11-21T23:53:25,899|[TRACE] graph - <----- afterStatementPartNewline
2021-11-21T23:53:25,899|[TRACE] graph - -----> statementPart
2021-11-21T23:53:25,899|[TRACE] graph - -------> nonSkippedSpace
2021-11-21T23:53:25,899|[TRACE] script - #out(` `) [token]
2021-11-21T23:53:25,899|[TRACE] graph - <------- nonSkippedSpace
2021-11-21T23:53:25,899|[TRACE] graph - <----- statementPart
2021-11-21T23:53:25,899|[TRACE] graph - -----> statementPart
2021-11-21T23:53:25,899|[TRACE] graph - -------> nonSkippedSpace
2021-11-21T23:53:25,899|[TRACE] script - #out(` `) [token]
2021-11-21T23:53:25,899|[TRACE] graph - <------- nonSkippedSpace
2021-11-21T23:53:25,899|[TRACE] graph - <----- statementPart
2021-11-21T23:53:25,899|[TRACE] graph - -----> statementPart
2021-11-21T23:53:25,899|[TRACE] graph - -------> nonSkippedSpace
2021-11-21T23:53:25,899|[TRACE] script - #out(` `) [token]
2021-11-21T23:53:25,899|[TRACE] graph - <------- nonSkippedSpace
2021-11-21T23:53:25,899|[TRACE] graph - <----- statementPart
2021-11-21T23:53:25,899|[TRACE] graph - -----> statementPart
2021-11-21T23:53:25,899|[TRACE] graph - -------> nonSkippedSpace
2021-11-21T23:53:25,899|[TRACE] script - #out(` `) [token]
2021-11-21T23:53:25,899|[TRACE] graph - <------- nonSkippedSpace
2021-11-21T23:53:25,899|[TRACE] graph - <----- statementPart
2021-11-21T23:53:25,899|[TRACE] graph - -----> statementPart
2021-11-21T23:53:25,899|[TRACE] graph - -------> nonSkippedChar
2021-11-21T23:53:25,899|[TRACE] script - #out(`R`) [token]
2021-11-21T23:53:25,899|[TRACE] graph - <------- nonSkippedChar
2021-11-21T23:53:25,899|[TRACE] graph - <----- statementPart
2021-11-21T23:53:25,899|[TRACE] graph - -----> statementPart
2021-11-21T23:53:25,899|[TRACE] graph - -------> nonSkippedChar
2021-11-21T23:53:25,899|[TRACE] script - #out(`E`) [token]
2021-11-21T23:53:25,899|[TRACE] graph - <------- nonSkippedChar
2021-11-21T23:53:25,899|[TRACE] graph - <----- statementPart
2021-11-21T23:53:25,899|[TRACE] graph - -----> statementPart
2021-11-21T23:53:25,899|[TRACE] graph - -------> nonSkippedChar
2021-11-21T23:53:25,899|[TRACE] script - #out(`F`) [token]
2021-11-21T23:53:25,899|[TRACE] graph - <------- nonSkippedChar
2021-11-21T23:53:25,899|[TRACE] graph - <----- statementPart
2021-11-21T23:53:25,899|[TRACE] graph - -----> statementPart
2021-11-21T23:53:25,899|[TRACE] graph - -------> nonSkippedChar
2021-11-21T23:53:25,899|[TRACE] script - #out(`E`) [token]
2021-11-21T23:53:25,899|[TRACE] graph - <------- nonSkippedChar
2021-11-21T23:53:25,899|[TRACE] graph - <----- statementPart
2021-11-21T23:53:25,899|[TRACE] graph - -----> statementPart
2021-11-21T23:53:25,899|[TRACE] graph - -------> nonSkippedChar
2021-11-21T23:53:25,899|[TRACE] script - #out(`R`) [token]
2021-11-21T23:53:25,899|[TRACE] graph - <------- nonSkippedChar
2021-11-21T23:53:25,899|[TRACE] graph - <----- statementPart
2021-11-21T23:53:25,899|[TRACE] graph - -----> statementPart
2021-11-21T23:53:25,899|[TRACE] graph - -------> nonSkippedChar
2021-11-21T23:53:25,899|[TRACE] script - #out(`E`) [token]
2021-11-21T23:53:25,899|[TRACE] graph - <------- nonSkippedChar
2021-11-21T23:53:25,899|[TRACE] graph - <----- statementPart
2021-11-21T23:53:25,899|[TRACE] graph - -----> statementPart
2021-11-21T23:53:25,899|[TRACE] graph - -------> nonSkippedChar
2021-11-21T23:53:25,899|[TRACE] script - #out(`N`) [token]
2021-11-21T23:53:25,899|[TRACE] graph - <------- nonSkippedChar
2021-11-21T23:53:25,899|[TRACE] graph - <----- statementPart
2021-11-21T23:53:25,899|[TRACE] graph - -----> statementPart
2021-11-21T23:53:25,899|[TRACE] graph - -------> nonSkippedChar
2021-11-21T23:53:25,899|[TRACE] script - #out(`C`) [token]
2021-11-21T23:53:25,899|[TRACE] graph - <------- nonSkippedChar
2021-11-21T23:53:25,899|[TRACE] graph - <----- statementPart
2021-11-21T23:53:25,899|[TRACE] graph - -----> statementPart
2021-11-21T23:53:25,899|[TRACE] graph - -------> nonSkippedChar
2021-11-21T23:53:25,899|[TRACE] script - #out(`E`) [token]
2021-11-21T23:53:25,899|[TRACE] graph - <------- nonSkippedChar
2021-11-21T23:53:25,899|[TRACE] graph - <----- statementPart
2021-11-21T23:53:25,899|[TRACE] graph - -----> statementPart
2021-11-21T23:53:25,899|[TRACE] graph - -------> nonSkippedChar
2021-11-21T23:53:25,899|[TRACE] script - #out(`S`) [token]
2021-11-21T23:53:25,899|[TRACE] graph - <------- nonSkippedChar
2021-11-21T23:53:25,899|[TRACE] graph - <----- statementPart
2021-11-21T23:53:25,899|[TRACE] graph - -----> statementPart
2021-11-21T23:53:25,899|[TRACE] graph - -------> nonSkippedSpace
2021-11-21T23:53:25,899|[TRACE] script - #out(` `) [token]
2021-11-21T23:53:25,899|[TRACE] graph - <------- nonSkippedSpace
2021-11-21T23:53:25,899|[TRACE] graph - <----- statementPart
2021-11-21T23:53:25,899|[TRACE] graph - -----> statementPart
2021-11-21T23:53:25,899|[TRACE] graph - -------> quotedString
2021-11-21T23:53:25,899|[TRACE] script - #out(``bloodbank``) [token]
2021-11-21T23:53:25,899|[TRACE] graph - <------- quotedString
2021-11-21T23:53:25,899|[TRACE] graph - <----- statementPart
2021-11-21T23:53:25,899|[TRACE] graph - -----> statementPart
2021-11-21T23:53:25,899|[TRACE] graph - -------> nonSkippedChar
2021-11-21T23:53:25,899|[TRACE] script - #out(`.`) [token]
2021-11-21T23:53:25,899|[TRACE] graph - <------- nonSkippedChar
2021-11-21T23:53:25,899|[TRACE] graph - <----- statementPart
2021-11-21T23:53:25,899|[TRACE] graph - -----> statementPart
2021-11-21T23:53:25,899|[TRACE] graph - -------> quotedString
2021-11-21T23:53:25,899|[TRACE] script - #out(``blood_donation``) [token]
2021-11-21T23:53:25,899|[TRACE] graph - <------- quotedString
2021-11-21T23:53:25,899|[TRACE] graph - <----- statementPart
2021-11-21T23:53:25,899|[TRACE] graph - -----> statementPart
2021-11-21T23:53:25,899|[TRACE] graph - -------> nonSkippedSpace
2021-11-21T23:53:25,899|[TRACE] script - #out(` `) [token]
2021-11-21T23:53:25,899|[TRACE] graph - <------- nonSkippedSpace
2021-11-21T23:53:25,899|[TRACE] graph - <----- statementPart
2021-11-21T23:53:25,899|[TRACE] graph - -----> statementPart
2021-11-21T23:53:25,899|[TRACE] graph - -------> nonSkippedChar
2021-11-21T23:53:25,899|[TRACE] script - #out(`(`) [token]
2021-11-21T23:53:25,899|[TRACE] graph - <------- nonSkippedChar
2021-11-21T23:53:25,899|[TRACE] graph - <----- statementPart
2021-11-21T23:53:25,899|[TRACE] graph - -----> statementPart
2021-11-21T23:53:25,899|[TRACE] graph - -------> quotedString
2021-11-21T23:53:25,899|[TRACE] script - #out(``donation_id``) [token]
2021-11-21T23:53:25,899|[TRACE] graph - <------- quotedString
2021-11-21T23:53:25,899|[TRACE] graph - <----- statementPart
2021-11-21T23:53:25,899|[TRACE] graph - -----> statementPart
2021-11-21T23:53:25,899|[TRACE] graph - -------> nonSkippedChar
2021-11-21T23:53:25,899|[TRACE] script - #out(`)`) [token]
2021-11-21T23:53:25,899|[TRACE] graph - <------- nonSkippedChar
2021-11-21T23:53:25,899|[TRACE] graph - <----- statementPart
2021-11-21T23:53:25,899|[TRACE] graph - -----> afterStatementPartNewline
2021-11-21T23:53:25,899|[TRACE] script - #out(` `) [text]
2021-11-21T23:53:25,899|[TRACE] graph - <----- afterStatementPartNewline
2021-11-21T23:53:25,899|[TRACE] graph - -----> statementPart
2021-11-21T23:53:25,899|[TRACE] graph - -------> nonSkippedSpace
2021-11-21T23:53:25,899|[TRACE] script - #out(` `) [token]
2021-11-21T23:53:25,899|[TRACE] graph - <------- nonSkippedSpace
2021-11-21T23:53:25,899|[TRACE] graph - <----- statementPart
2021-11-21T23:53:25,899|[TRACE] graph - -----> statementPart
2021-11-21T23:53:25,899|[TRACE] graph - -------> nonSkippedSpace
2021-11-21T23:53:25,899|[TRACE] script - #out(` `) [token]
2021-11-21T23:53:25,899|[TRACE] graph - <------- nonSkippedSpace
2021-11-21T23:53:25,899|[TRACE] graph - <----- statementPart
2021-11-21T23:53:25,899|[TRACE] graph - -----> statementPart
2021-11-21T23:53:25,899|[TRACE] graph - -------> nonSkippedSpace
2021-11-21T23:53:25,899|[TRACE] script - #out(` `) [token]
2021-11-21T23:53:25,899|[TRACE] graph - <------- nonSkippedSpace
2021-11-21T23:53:25,899|[TRACE] graph - <----- statementPart
2021-11-21T23:53:25,899|[TRACE] graph - -----> statementPart
2021-11-21T23:53:25,899|[TRACE] graph - -------> nonSkippedSpace
2021-11-21T23:53:25,899|[TRACE] script - #out(` `) [token]
2021-11-21T23:53:25,899|[TRACE] graph - <------- nonSkippedSpace
2021-11-21T23:53:25,899|[TRACE] graph - <----- statementPart
2021-11-21T23:53:25,899|[TRACE] graph - -----> statementPart
2021-11-21T23:53:25,899|[TRACE] graph - -------> nonSkippedChar
2021-11-21T23:53:25,899|[TRACE] script - #out(`O`) [token]
2021-11-21T23:53:25,899|[TRACE] graph - <------- nonSkippedChar
2021-11-21T23:53:25,899|[TRACE] graph - <----- statementPart
2021-11-21T23:53:25,899|[TRACE] graph - -----> statementPart
2021-11-21T23:53:25,899|[TRACE] graph - -------> nonSkippedChar
2021-11-21T23:53:25,899|[TRACE] script - #out(`N`) [token]
2021-11-21T23:53:25,899|[TRACE] graph - <------- nonSkippedChar
2021-11-21T23:53:25,899|[TRACE] graph - <----- statementPart
2021-11-21T23:53:25,899|[TRACE] graph - -----> statementPart
2021-11-21T23:53:25,899|[TRACE] graph - -------> nonSkippedSpace
2021-11-21T23:53:25,899|[TRACE] script - #out(` `) [token]
2021-11-21T23:53:25,899|[TRACE] graph - <------- nonSkippedSpace
2021-11-21T23:53:25,899|[TRACE] graph - <----- statementPart
2021-11-21T23:53:25,899|[TRACE] graph - -----> statementPart
2021-11-21T23:53:25,899|[TRACE] graph - -------> nonSkippedChar
2021-11-21T23:53:25,899|[TRACE] script - #out(`D`) [token]
2021-11-21T23:53:25,899|[TRACE] graph - <------- nonSkippedChar
2021-11-21T23:53:25,899|[TRACE] graph - <----- statementPart
2021-11-21T23:53:25,899|[TRACE] graph - -----> statementPart
2021-11-21T23:53:25,899|[TRACE] graph - -------> nonSkippedChar
2021-11-21T23:53:25,899|[TRACE] script - #out(`E`) [token]
2021-11-21T23:53:25,899|[TRACE] graph - <------- nonSkippedChar
2021-11-21T23:53:25,899|[TRACE] graph - <----- statementPart
2021-11-21T23:53:25,899|[TRACE] graph - -----> statementPart
2021-11-21T23:53:25,899|[TRACE] graph - -------> nonSkippedChar
2021-11-21T23:53:25,899|[TRACE] script - #out(`L`) [token]
2021-11-21T23:53:25,899|[TRACE] graph - <------- nonSkippedChar
2021-11-21T23:53:25,899|[TRACE] graph - <----- statementPart
2021-11-21T23:53:25,899|[TRACE] graph - -----> statementPart
2021-11-21T23:53:25,899|[TRACE] graph - -------> nonSkippedChar
2021-11-21T23:53:25,899|[TRACE] script - #out(`E`) [token]
2021-11-21T23:53:25,899|[TRACE] graph - <------- nonSkippedChar
2021-11-21T23:53:25,899|[TRACE] graph - <----- statementPart
2021-11-21T23:53:26,025|[TRACE] graph - -----> statementPart
2021-11-21T23:53:26,025|[TRACE] graph - -------> nonSkippedChar
2021-11-21T23:53:26,025|[TRACE] script - #out(`T`) [token]
2021-11-21T23:53:26,025|[TRACE] graph - <------- nonSkippedChar
2021-11-21T23:53:26,025|[TRACE] graph - <----- statementPart
2021-11-21T23:53:26,025|[TRACE] graph - -----> statementPart
2021-11-21T23:53:26,025|[TRACE] graph - -------> nonSkippedChar
2021-11-21T23:53:26,025|[TRACE] script - #out(`E`) [token]
2021-11-21T23:53:26,025|[TRACE] graph - <------- nonSkippedChar
2021-11-21T23:53:26,025|[TRACE] graph - <----- statementPart
2021-11-21T23:53:26,025|[TRACE] graph - -----> statementPart
2021-11-21T23:53:26,025|[TRACE] graph - -------> nonSkippedSpace
2021-11-21T23:53:26,025|[TRACE] script - #out(` `) [token]
2021-11-21T23:53:26,025|[TRACE] graph - <------- nonSkippedSpace
2021-11-21T23:53:26,025|[TRACE] graph - <----- statementPart
2021-11-21T23:53:26,025|[TRACE] graph - -----> statementPart
2021-11-21T23:53:26,025|[TRACE] graph - -------> nonSkippedChar
2021-11-21T23:53:26,025|[TRACE] script - #out(`N`) [token]
2021-11-21T23:53:26,025|[TRACE] graph - <------- nonSkippedChar
2021-11-21T23:53:26,025|[TRACE] graph - <----- statementPart
2021-11-21T23:53:26,025|[TRACE] graph - -----> statementPart
2021-11-21T23:53:26,025|[TRACE] graph - -------> nonSkippedChar
2021-11-21T23:53:26,025|[TRACE] script - #out(`O`) [token]
2021-11-21T23:53:26,025|[TRACE] graph - <------- nonSkippedChar
2021-11-21T23:53:26,025|[TRACE] graph - <----- statementPart
2021-11-21T23:53:26,025|[TRACE] graph - -----> statementPart
2021-11-21T23:53:26,025|[TRACE] graph - -------> nonSkippedSpace
2021-11-21T23:53:26,025|[TRACE] script - #out(` `) [token]
2021-11-21T23:53:26,025|[TRACE] graph - <------- nonSkippedSpace
2021-11-21T23:53:26,025|[TRACE] graph - <----- statementPart
2021-11-21T23:53:26,025|[TRACE] graph - -----> statementPart
2021-11-21T23:53:26,025|[TRACE] graph - -------> nonSkippedChar
2021-11-21T23:53:26,025|[TRACE] script - #out(`A`) [token]
2021-11-21T23:53:26,025|[TRACE] graph - <------- nonSkippedChar
2021-11-21T23:53:26,025|[TRACE] graph - <----- statementPart
2021-11-21T23:53:26,025|[TRACE] graph - -----> statementPart
2021-11-21T23:53:26,025|[TRACE] graph - -------> nonSkippedChar
2021-11-21T23:53:26,025|[TRACE] script - #out(`C`) [token]
2021-11-21T23:53:26,025|[TRACE] graph - <------- nonSkippedChar
2021-11-21T23:53:26,025|[TRACE] graph - <----- statementPart
2021-11-21T23:53:26,025|[TRACE] graph - -----> statementPart
2021-11-21T23:53:26,025|[TRACE] graph - -------> nonSkippedChar
2021-11-21T23:53:26,025|[TRACE] script - #out(`T`) [token]
2021-11-21T23:53:26,025|[TRACE] graph - <------- nonSkippedChar
2021-11-21T23:53:26,025|[TRACE] graph - <----- statementPart
2021-11-21T23:53:26,025|[TRACE] graph - -----> statementPart
2021-11-21T23:53:26,025|[TRACE] graph - -------> nonSkippedChar
2021-11-21T23:53:26,025|[TRACE] script - #out(`I`) [token]
2021-11-21T23:53:26,025|[TRACE] graph - <------- nonSkippedChar
2021-11-21T23:53:26,025|[TRACE] graph - <----- statementPart
2021-11-21T23:53:26,025|[TRACE] graph - -----> statementPart
2021-11-21T23:53:26,025|[TRACE] graph - -------> nonSkippedChar
2021-11-21T23:53:26,025|[TRACE] script - #out(`O`) [token]
2021-11-21T23:53:26,025|[TRACE] graph - <------- nonSkippedChar
2021-11-21T23:53:26,025|[TRACE] graph - <----- statementPart
2021-11-21T23:53:26,025|[TRACE] graph - -----> statementPart
2021-11-21T23:53:26,025|[TRACE] graph - -------> nonSkippedChar
2021-11-21T23:53:26,025|[TRACE] script - #out(`N`) [token]
2021-11-21T23:53:26,025|[TRACE] graph - <------- nonSkippedChar
2021-11-21T23:53:26,025|[TRACE] graph - <----- statementPart
2021-11-21T23:53:26,025|[TRACE] graph - -----> afterStatementPartNewline
2021-11-21T23:53:26,025|[TRACE] script - #out(` `) [text]
2021-11-21T23:53:26,025|[TRACE] graph - <----- afterStatementPartNewline
2021-11-21T23:53:26,025|[TRACE] graph - -----> statementPart
2021-11-21T23:53:26,025|[TRACE] graph - -------> nonSkippedSpace
2021-11-21T23:53:26,025|[TRACE] script - #out(` `) [token]
2021-11-21T23:53:26,025|[TRACE] graph - <------- nonSkippedSpace
2021-11-21T23:53:26,025|[TRACE] graph - <----- statementPart
2021-11-21T23:53:26,025|[TRACE] graph - -----> statementPart
2021-11-21T23:53:26,025|[TRACE] graph - -------> nonSkippedSpace
2021-11-21T23:53:26,025|[TRACE] script - #out(` `) [token]
2021-11-21T23:53:26,025|[TRACE] graph - <------- nonSkippedSpace
2021-11-21T23:53:26,025|[TRACE] graph - <----- statementPart
2021-11-21T23:53:26,025|[TRACE] graph - -----> statementPart
2021-11-21T23:53:26,025|[TRACE] graph - -------> nonSkippedSpace
2021-11-21T23:53:26,025|[TRACE] script - #out(` `) [token]
2021-11-21T23:53:26,025|[TRACE] graph - <------- nonSkippedSpace
2021-11-21T23:53:26,025|[TRACE] graph - <----- statementPart
2021-11-21T23:53:26,025|[TRACE] graph - -----> statementPart
2021-11-21T23:53:26,025|[TRACE] graph - -------> nonSkippedSpace
2021-11-21T23:53:26,025|[TRACE] script - #out(` `) [token]
2021-11-21T23:53:26,025|[TRACE] graph - <------- nonSkippedSpace
2021-11-21T23:53:26,025|[TRACE] graph - <----- statementPart
2021-11-21T23:53:26,025|[TRACE] graph - -----> statementPart
2021-11-21T23:53:26,025|[TRACE] graph - -------> nonSkippedChar
2021-11-21T23:53:26,025|[TRACE] script - #out(`O`) [token]
2021-11-21T23:53:26,025|[TRACE] graph - <------- nonSkippedChar
2021-11-21T23:53:26,025|[TRACE] graph - <----- statementPart
2021-11-21T23:53:26,025|[TRACE] graph - -----> statementPart
2021-11-21T23:53:26,025|[TRACE] graph - -------> nonSkippedChar
2021-11-21T23:53:26,025|[TRACE] script - #out(`N`) [token]
2021-11-21T23:53:26,025|[TRACE] graph - <------- nonSkippedChar
2021-11-21T23:53:26,025|[TRACE] graph - <----- statementPart
2021-11-21T23:53:26,025|[TRACE] graph - -----> statementPart
2021-11-21T23:53:26,025|[TRACE] graph - -------> nonSkippedSpace
2021-11-21T23:53:26,025|[TRACE] script - #out(` `) [token]
2021-11-21T23:53:26,025|[TRACE] graph - <------- nonSkippedSpace
2021-11-21T23:53:26,025|[TRACE] graph - <----- statementPart
2021-11-21T23:53:26,025|[TRACE] graph - -----> statementPart
2021-11-21T23:53:26,025|[TRACE] graph - -------> nonSkippedChar
2021-11-21T23:53:26,025|[TRACE] script - #out(`U`) [token]
2021-11-21T23:53:26,025|[TRACE] graph - <------- nonSkippedChar
2021-11-21T23:53:26,025|[TRACE] graph - <----- statementPart
2021-11-21T23:53:26,025|[TRACE] graph - -----> statementPart
2021-11-21T23:53:26,025|[TRACE] graph - -------> nonSkippedChar
2021-11-21T23:53:26,025|[TRACE] script - #out(`P`) [token]
2021-11-21T23:53:26,025|[TRACE] graph - <------- nonSkippedChar
2021-11-21T23:53:26,025|[TRACE] graph - <----- statementPart
2021-11-21T23:53:26,025|[TRACE] graph - -----> statementPart
2021-11-21T23:53:26,025|[TRACE] graph - -------> nonSkippedChar
2021-11-21T23:53:26,025|[TRACE] script - #out(`D`) [token]
2021-11-21T23:53:26,025|[TRACE] graph - <------- nonSkippedChar
2021-11-21T23:53:26,025|[TRACE] graph - <----- statementPart
2021-11-21T23:53:26,025|[TRACE] graph - -----> statementPart
2021-11-21T23:53:26,025|[TRACE] graph - -------> nonSkippedChar
2021-11-21T23:53:26,025|[TRACE] script - #out(`A`) [token]
2021-11-21T23:53:26,025|[TRACE] graph - <------- nonSkippedChar
2021-11-21T23:53:26,025|[TRACE] graph - <----- statementPart
2021-11-21T23:53:26,025|[TRACE] graph - -----> statementPart
2021-11-21T23:53:26,025|[TRACE] graph - -------> nonSkippedChar
2021-11-21T23:53:26,025|[TRACE] script - #out(`T`) [token]
2021-11-21T23:53:26,025|[TRACE] graph - <------- nonSkippedChar
2021-11-21T23:53:26,025|[TRACE] graph - <----- statementPart
2021-11-21T23:53:26,025|[TRACE] graph - -----> statementPart
2021-11-21T23:53:26,025|[TRACE] graph - -------> nonSkippedChar
2021-11-21T23:53:26,025|[TRACE] script - #out(`E`) [token]
2021-11-21T23:53:26,025|[TRACE] graph - <------- nonSkippedChar
2021-11-21T23:53:26,025|[TRACE] graph - <----- statementPart
2021-11-21T23:53:26,025|[TRACE] graph - -----> statementPart
2021-11-21T23:53:26,025|[TRACE] graph - -------> nonSkippedSpace
2021-11-21T23:53:26,025|[TRACE] script - #out(` `) [token]
2021-11-21T23:53:26,025|[TRACE] graph - <------- nonSkippedSpace
2021-11-21T23:53:26,025|[TRACE] graph - <----- statementPart
2021-11-21T23:53:26,025|[TRACE] graph - -----> statementPart
2021-11-21T23:53:26,025|[TRACE] graph - -------> nonSkippedChar
2021-11-21T23:53:26,025|[TRACE] script - #out(`N`) [token]
2021-11-21T23:53:26,025|[TRACE] graph - <------- nonSkippedChar
2021-11-21T23:53:26,025|[TRACE] graph - <----- statementPart
2021-11-21T23:53:26,025|[TRACE] graph - -----> statementPart
2021-11-21T23:53:26,025|[TRACE] graph - -------> nonSkippedChar
2021-11-21T23:53:26,025|[TRACE] script - #out(`O`) [token]
2021-11-21T23:53:26,025|[TRACE] graph - <------- nonSkippedChar
2021-11-21T23:53:26,025|[TRACE] graph - <----- statementPart
2021-11-21T23:53:26,025|[TRACE] graph - -----> statementPart
2021-11-21T23:53:26,025|[TRACE] graph - -------> nonSkippedSpace
2021-11-21T23:53:26,025|[TRACE] script - #out(` `) [token]
2021-11-21T23:53:26,025|[TRACE] graph - <------- nonSkippedSpace
2021-11-21T23:53:26,025|[TRACE] graph - <----- statementPart
2021-11-21T23:53:26,025|[TRACE] graph - -----> statementPart
2021-11-21T23:53:26,025|[TRACE] graph - -------> nonSkippedChar
2021-11-21T23:53:26,025|[TRACE] script - #out(`A`) [token]
2021-11-21T23:53:26,025|[TRACE] graph - <------- nonSkippedChar
2021-11-21T23:53:26,025|[TRACE] graph - <----- statementPart
2021-11-21T23:53:26,025|[TRACE] graph - -----> statementPart
2021-11-21T23:53:26,026|[TRACE] graph - -------> nonSkippedChar
2021-11-21T23:53:26,026|[TRACE] script - #out(`C`) [token]
2021-11-21T23:53:26,026|[TRACE] graph - <------- nonSkippedChar
2021-11-21T23:53:26,026|[TRACE] graph - <----- statementPart
2021-11-21T23:53:26,026|[TRACE] graph - -----> statementPart
2021-11-21T23:53:26,026|[TRACE] graph - -------> nonSkippedChar
2021-11-21T23:53:26,026|[TRACE] script - #out(`T`) [token]
2021-11-21T23:53:26,026|[TRACE] graph - <------- nonSkippedChar
2021-11-21T23:53:26,026|[TRACE] graph - <----- statementPart
2021-11-21T23:53:26,026|[TRACE] graph - -----> statementPart
2021-11-21T23:53:26,026|[TRACE] graph - -------> nonSkippedChar
2021-11-21T23:53:26,026|[TRACE] script - #out(`I`) [token]
2021-11-21T23:53:26,026|[TRACE] graph - <------- nonSkippedChar
2021-11-21T23:53:26,026|[TRACE] graph - <----- statementPart
2021-11-21T23:53:26,026|[TRACE] graph - -----> statementPart
2021-11-21T23:53:26,026|[TRACE] graph - -------> nonSkippedChar
2021-11-21T23:53:26,026|[TRACE] script - #out(`O`) [token]
2021-11-21T23:53:26,026|[TRACE] graph - <------- nonSkippedChar
2021-11-21T23:53:26,026|[TRACE] graph - <----- statementPart
2021-11-21T23:53:26,026|[TRACE] graph - -----> statementPart
2021-11-21T23:53:26,026|[TRACE] graph - -------> nonSkippedChar
2021-11-21T23:53:26,026|[TRACE] script - #out(`N`) [token]
2021-11-21T23:53:26,026|[TRACE] graph - <------- nonSkippedChar
2021-11-21T23:53:26,026|[TRACE] graph - <----- statementPart
2021-11-21T23:53:26,026|[TRACE] graph - -----> statementPart
2021-11-21T23:53:26,026|[TRACE] graph - -------> nonSkippedChar
2021-11-21T23:53:26,026|[TRACE] script - #out(`)`) [token]
2021-11-21T23:53:26,026|[TRACE] graph - <------- nonSkippedChar
2021-11-21T23:53:26,026|[TRACE] graph - <----- statementPart
2021-11-21T23:53:26,026|[TRACE] graph - -----> afterStatementPartNewline
2021-11-21T23:53:26,026|[TRACE] script - #out(` `) [text]
2021-11-21T23:53:26,026|[TRACE] graph - <----- afterStatementPartNewline
2021-11-21T23:53:26,026|[TRACE] graph - -----> statementPart
2021-11-21T23:53:26,026|[TRACE] graph - -------> nonSkippedChar
2021-11-21T23:53:26,026|[TRACE] script - #out(`E`) [token]
2021-11-21T23:53:26,026|[TRACE] graph - <------- nonSkippedChar
2021-11-21T23:53:26,026|[TRACE] graph - <----- statementPart
2021-11-21T23:53:26,026|[TRACE] graph - -----> statementPart
2021-11-21T23:53:26,026|[TRACE] graph - -------> nonSkippedChar
2021-11-21T23:53:26,026|[TRACE] script - #out(`N`) [token]
2021-11-21T23:53:26,026|[TRACE] graph - <------- nonSkippedChar
2021-11-21T23:53:26,026|[TRACE] graph - <----- statementPart
2021-11-21T23:53:26,026|[TRACE] graph - -----> statementPart
2021-11-21T23:53:26,026|[TRACE] graph - -------> nonSkippedChar
2021-11-21T23:53:26,026|[TRACE] script - #out(`G`) [token]
2021-11-21T23:53:26,026|[TRACE] graph - <------- nonSkippedChar
2021-11-21T23:53:26,026|[TRACE] graph - <----- statementPart
2021-11-21T23:53:26,026|[TRACE] graph - -----> statementPart
2021-11-21T23:53:26,026|[TRACE] graph - -------> nonSkippedChar
2021-11-21T23:53:26,026|[TRACE] script - #out(`I`) [token]
2021-11-21T23:53:26,026|[TRACE] graph - <------- nonSkippedChar
2021-11-21T23:53:26,026|[TRACE] graph - <----- statementPart
2021-11-21T23:53:26,026|[TRACE] graph - -----> statementPart
2021-11-21T23:53:26,026|[TRACE] graph - -------> nonSkippedChar
2021-11-21T23:53:26,026|[TRACE] script - #out(`N`) [token]
2021-11-21T23:53:26,026|[TRACE] graph - <------- nonSkippedChar
2021-11-21T23:53:26,026|[TRACE] graph - <----- statementPart
2021-11-21T23:53:26,026|[TRACE] graph - -----> statementPart
2021-11-21T23:53:26,026|[TRACE] graph - -------> nonSkippedChar
2021-11-21T23:53:26,026|[TRACE] script - #out(`E`) [token]
2021-11-21T23:53:26,026|[TRACE] graph - <------- nonSkippedChar
2021-11-21T23:53:26,026|[TRACE] graph - <----- statementPart
2021-11-21T23:53:26,026|[TRACE] graph - -----> statementPart
2021-11-21T23:53:26,026|[TRACE] graph - -------> nonSkippedSpace
2021-11-21T23:53:26,026|[TRACE] script - #out(` `) [token]
2021-11-21T23:53:26,026|[TRACE] graph - <------- nonSkippedSpace
2021-11-21T23:53:26,026|[TRACE] graph - <----- statementPart
2021-11-21T23:53:26,026|[TRACE] graph - -----> statementPart
2021-11-21T23:53:26,026|[TRACE] graph - -------> nonSkippedChar
2021-11-21T23:53:26,026|[TRACE] script - #out(`=`) [token]
2021-11-21T23:53:26,026|[TRACE] graph - <------- nonSkippedChar
2021-11-21T23:53:26,026|[TRACE] graph - <----- statementPart
2021-11-21T23:53:26,026|[TRACE] graph - -----> statementPart
2021-11-21T23:53:26,026|[TRACE] graph - -------> nonSkippedSpace
2021-11-21T23:53:26,026|[TRACE] script - #out(` `) [token]
2021-11-21T23:53:26,026|[TRACE] graph - <------- nonSkippedSpace
2021-11-21T23:53:26,026|[TRACE] graph - <----- statementPart
2021-11-21T23:53:26,026|[TRACE] graph - -----> statementPart
2021-11-21T23:53:26,026|[TRACE] graph - -------> nonSkippedChar
2021-11-21T23:53:26,026|[TRACE] script - #out(`I`) [token]
2021-11-21T23:53:26,026|[TRACE] graph - <------- nonSkippedChar
2021-11-21T23:53:26,026|[TRACE] graph - <----- statementPart
2021-11-21T23:53:26,026|[TRACE] graph - -----> statementPart
2021-11-21T23:53:26,026|[TRACE] graph - -------> nonSkippedChar
2021-11-21T23:53:26,026|[TRACE] script - #out(`n`) [token]
2021-11-21T23:53:26,026|[TRACE] graph - <------- nonSkippedChar
2021-11-21T23:53:26,026|[TRACE] graph - <----- statementPart
2021-11-21T23:53:26,026|[TRACE] graph - -----> statementPart
2021-11-21T23:53:26,026|[TRACE] graph - -------> nonSkippedChar
2021-11-21T23:53:26,026|[TRACE] script - #out(`n`) [token]
2021-11-21T23:53:26,026|[TRACE] graph - <------- nonSkippedChar
2021-11-21T23:53:26,026|[TRACE] graph - <----- statementPart
2021-11-21T23:53:26,026|[TRACE] graph - -----> statementPart
2021-11-21T23:53:26,026|[TRACE] graph - -------> nonSkippedChar
2021-11-21T23:53:26,026|[TRACE] script - #out(`o`) [token]
2021-11-21T23:53:26,026|[TRACE] graph - <------- nonSkippedChar
2021-11-21T23:53:26,026|[TRACE] graph - <----- statementPart
2021-11-21T23:53:26,026|[TRACE] graph - -----> statementPart
2021-11-21T23:53:26,026|[TRACE] graph - -------> nonSkippedChar
2021-11-21T23:53:26,026|[TRACE] script - #out(`D`) [token]
2021-11-21T23:53:26,026|[TRACE] graph - <------- nonSkippedChar
2021-11-21T23:53:26,026|[TRACE] graph - <----- statementPart
2021-11-21T23:53:26,026|[TRACE] graph - -----> statementPart
2021-11-21T23:53:26,026|[TRACE] graph - -------> nonSkippedChar
2021-11-21T23:53:26,026|[TRACE] script - #out(`B`) [token]
2021-11-21T23:53:26,026|[TRACE] graph - <------- nonSkippedChar
2021-11-21T23:53:26,026|[TRACE] graph - <----- statementPart
2021-11-21T23:53:26,026|[DEBUG] graph - Import statement : CREATE TABLE IF NOT EXISTS `bloodbank`.`donation_record` (   `record_id` INT NOT NULL AUTO_INCREMENT,   `person_id` INT NOT NULL,   `donation_id` INT NULL,   `tested` BIT(1) NOT NULL,   `created` BIGINT NOT NULL DEFAULT (unix_timestamp(now()) * 1000),   `updated` BIGINT NOT NULL DEFAULT (unix_timestamp(now()) * 1000),   `version` INT NOT NULL DEFAULT 1,   INDEX `fk_donation_record_person1_idx` (`person_id` ASC) VISIBLE,   INDEX `fk_donation_record_blood_donation1_idx` (`donation_id` ASC) VISIBLE,   UNIQUE INDEX `record_id_UNIQUE` (`record_id` ASC) VISIBLE,   PRIMARY KEY (`record_id`),   CONSTRAINT `fk_donation_record_person1`     FOREIGN KEY (`person_id`)     REFERENCES `bloodbank`.`person` (`id`)     ON DELETE NO ACTION     ON UPDATE NO ACTION,   CONSTRAINT `fk_donation_record_blood_donation1`     FOREIGN KEY (`donation_id`)     REFERENCES `bloodbank`.`blood_donation` (`donation_id`)     ON DELETE NO ACTION     ON UPDATE NO ACTION) ENGINE = InnoDB
2021-11-21T23:53:26,026|[TRACE] graph - <--- statement
2021-11-21T23:53:26,026|[TRACE] graph - ---> blankSpacesToSkip
2021-11-21T23:53:26,026|[TRACE] graph - -----> newLineToSkip
2021-11-21T23:53:26,026|[TRACE] graph - <----- newLineToSkip
2021-11-21T23:53:26,026|[TRACE] graph - -----> newLineToSkip
2021-11-21T23:53:26,026|[TRACE] graph - <----- newLineToSkip
2021-11-21T23:53:26,026|[TRACE] graph - -----> newLineToSkip
2021-11-21T23:53:26,026|[TRACE] graph - <----- newLineToSkip
2021-11-21T23:53:26,026|[TRACE] graph - -----> newLineToSkip
2021-11-21T23:53:26,026|[TRACE] graph - <----- newLineToSkip
2021-11-21T23:53:26,026|[TRACE] graph - -----> newLineToSkip
2021-11-21T23:53:26,026|[TRACE] graph - <----- newLineToSkip
2021-11-21T23:53:26,026|[TRACE] graph - -----> newLineToSkip
2021-11-21T23:53:26,026|[TRACE] graph - <----- newLineToSkip
2021-11-21T23:53:26,026|[TRACE] graph - <--- blankSpacesToSkip
2021-11-21T23:53:26,026|[TRACE] graph - ---> statement
2021-11-21T23:53:26,026|[TRACE] graph - -----> statementFirstPart
2021-11-21T23:53:26,026|[TRACE] graph - -------> nonSkippedChar
2021-11-21T23:53:26,026|[TRACE] script - #out(`C`) [token]
2021-11-21T23:53:26,026|[TRACE] graph - <------- nonSkippedChar
2021-11-21T23:53:26,026|[TRACE] graph - <----- statementFirstPart
2021-11-21T23:53:26,026|[TRACE] graph - -----> statementPart
2021-11-21T23:53:26,026|[TRACE] graph - -------> nonSkippedChar
2021-11-21T23:53:26,026|[TRACE] script - #out(`R`) [token]
2021-11-21T23:53:26,026|[TRACE] graph - <------- nonSkippedChar
2021-11-21T23:53:26,026|[TRACE] graph - <----- statementPart
2021-11-21T23:53:26,026|[TRACE] graph - -----> statementPart
2021-11-21T23:53:26,026|[TRACE] graph - -------> nonSkippedChar
2021-11-21T23:53:26,026|[TRACE] script - #out(`E`) [token]
2021-11-21T23:53:26,026|[TRACE] graph - <------- nonSkippedChar
2021-11-21T23:53:26,026|[TRACE] graph - <----- statementPart
2021-11-21T23:53:26,026|[TRACE] graph - -----> statementPart
2021-11-21T23:53:26,026|[TRACE] graph - -------> nonSkippedChar
2021-11-21T23:53:26,026|[TRACE] script - #out(`A`) [token]
2021-11-21T23:53:26,026|[TRACE] graph - <------- nonSkippedChar
2021-11-21T23:53:26,026|[TRACE] graph - <----- statementPart
2021-11-21T23:53:26,026|[TRACE] graph - -----> statementPart
2021-11-21T23:53:26,026|[TRACE] graph - -------> nonSkippedChar
2021-11-21T23:53:26,026|[TRACE] script - #out(`T`) [token]
2021-11-21T23:53:26,026|[TRACE] graph - <------- nonSkippedChar
2021-11-21T23:53:26,026|[TRACE] graph - <----- statementPart
2021-11-21T23:53:26,026|[TRACE] graph - -----> statementPart
2021-11-21T23:53:26,026|[TRACE] graph - -------> nonSkippedChar
2021-11-21T23:53:26,026|[TRACE] script - #out(`E`) [token]
2021-11-21T23:53:26,026|[TRACE] graph - <------- nonSkippedChar
2021-11-21T23:53:26,026|[TRACE] graph - <----- statementPart
2021-11-21T23:53:26,026|[TRACE] graph - -----> statementPart
2021-11-21T23:53:26,026|[TRACE] graph - -------> nonSkippedSpace
2021-11-21T23:53:26,026|[TRACE] script - #out(` `) [token]
2021-11-21T23:53:26,026|[TRACE] graph - <------- nonSkippedSpace
2021-11-21T23:53:26,026|[TRACE] graph - <----- statementPart
2021-11-21T23:53:26,026|[TRACE] graph - -----> statementPart
2021-11-21T23:53:26,026|[TRACE] graph - -------> nonSkippedChar
2021-11-21T23:53:26,026|[TRACE] script - #out(`T`) [token]
2021-11-21T23:53:26,026|[TRACE] graph - <------- nonSkippedChar
2021-11-21T23:53:26,026|[TRACE] graph - <----- statementPart
2021-11-21T23:53:26,026|[TRACE] graph - -----> statementPart
2021-11-21T23:53:26,026|[TRACE] graph - -------> nonSkippedChar
2021-11-21T23:53:26,026|[TRACE] script - #out(`A`) [token]
2021-11-21T23:53:26,026|[TRACE] graph - <------- nonSkippedChar
2021-11-21T23:53:26,026|[TRACE] graph - <----- statementPart
2021-11-21T23:53:26,026|[TRACE] graph - -----> statementPart
2021-11-21T23:53:26,026|[TRACE] graph - -------> nonSkippedChar
2021-11-21T23:53:26,026|[TRACE] script - #out(`B`) [token]
2021-11-21T23:53:26,026|[TRACE] graph - <------- nonSkippedChar
2021-11-21T23:53:26,026|[TRACE] graph - <----- statementPart
2021-11-21T23:53:26,026|[TRACE] graph - -----> statementPart
2021-11-21T23:53:26,026|[TRACE] graph - -------> nonSkippedChar
2021-11-21T23:53:26,026|[TRACE] script - #out(`L`) [token]
2021-11-21T23:53:26,026|[TRACE] graph - <------- nonSkippedChar
2021-11-21T23:53:26,026|[TRACE] graph - <----- statementPart
2021-11-21T23:53:26,026|[TRACE] graph - -----> statementPart
2021-11-21T23:53:26,026|[TRACE] graph - -------> nonSkippedChar
2021-11-21T23:53:26,026|[TRACE] script - #out(`E`) [token]
2021-11-21T23:53:26,026|[TRACE] graph - <------- nonSkippedChar
2021-11-21T23:53:26,026|[TRACE] graph - <----- statementPart
2021-11-21T23:53:26,026|[TRACE] graph - -----> statementPart
2021-11-21T23:53:26,026|[TRACE] graph - -------> nonSkippedSpace
2021-11-21T23:53:26,026|[TRACE] script - #out(` `) [token]
2021-11-21T23:53:26,026|[TRACE] graph - <------- nonSkippedSpace
2021-11-21T23:53:26,026|[TRACE] graph - <----- statementPart
2021-11-21T23:53:26,026|[TRACE] graph - -----> statementPart
2021-11-21T23:53:26,026|[TRACE] graph - -------> nonSkippedChar
2021-11-21T23:53:26,026|[TRACE] script - #out(`I`) [token]
2021-11-21T23:53:26,026|[TRACE] graph - <------- nonSkippedChar
2021-11-21T23:53:26,026|[TRACE] graph - <----- statementPart
2021-11-21T23:53:26,026|[TRACE] graph - -----> statementPart
2021-11-21T23:53:26,026|[TRACE] graph - -------> nonSkippedChar
2021-11-21T23:53:26,026|[TRACE] script - #out(`F`) [token]
2021-11-21T23:53:26,026|[TRACE] graph - <------- nonSkippedChar
2021-11-21T23:53:26,026|[TRACE] graph - <----- statementPart
2021-11-21T23:53:26,026|[TRACE] graph - -----> statementPart
2021-11-21T23:53:26,026|[TRACE] graph - -------> nonSkippedSpace
2021-11-21T23:53:26,026|[TRACE] script - #out(` `) [token]
2021-11-21T23:53:26,026|[TRACE] graph - <------- nonSkippedSpace
2021-11-21T23:53:26,026|[TRACE] graph - <----- statementPart
2021-11-21T23:53:26,026|[TRACE] graph - -----> statementPart
2021-11-21T23:53:26,026|[TRACE] graph - -------> nonSkippedChar
2021-11-21T23:53:26,026|[TRACE] script - #out(`N`) [token]
2021-11-21T23:53:26,026|[TRACE] graph - <------- nonSkippedChar
2021-11-21T23:53:26,026|[TRACE] graph - <----- statementPart
2021-11-21T23:53:26,026|[TRACE] graph - -----> statementPart
2021-11-21T23:53:26,026|[TRACE] graph - -------> nonSkippedChar
2021-11-21T23:53:26,026|[TRACE] script - #out(`O`) [token]
2021-11-21T23:53:26,026|[TRACE] graph - <------- nonSkippedChar
2021-11-21T23:53:26,026|[TRACE] graph - <----- statementPart
2021-11-21T23:53:26,026|[TRACE] graph - -----> statementPart
2021-11-21T23:53:26,026|[TRACE] graph - -------> nonSkippedChar
2021-11-21T23:53:26,026|[TRACE] script - #out(`T`) [token]
2021-11-21T23:53:26,026|[TRACE] graph - <------- nonSkippedChar
2021-11-21T23:53:26,026|[TRACE] graph - <----- statementPart
2021-11-21T23:53:26,026|[TRACE] graph - -----> statementPart
2021-11-21T23:53:26,026|[TRACE] graph - -------> nonSkippedSpace
2021-11-21T23:53:26,026|[TRACE] script - #out(` `) [token]
2021-11-21T23:53:26,026|[TRACE] graph - <------- nonSkippedSpace
2021-11-21T23:53:26,026|[TRACE] graph - <----- statementPart
2021-11-21T23:53:26,026|[TRACE] graph - -----> statementPart
2021-11-21T23:53:26,026|[TRACE] graph - -------> nonSkippedChar
2021-11-21T23:53:26,026|[TRACE] script - #out(`E`) [token]
2021-11-21T23:53:26,026|[TRACE] graph - <------- nonSkippedChar
2021-11-21T23:53:26,026|[TRACE] graph - <----- statementPart
2021-11-21T23:53:26,026|[TRACE] graph - -----> statementPart
2021-11-21T23:53:26,026|[TRACE] graph - -------> nonSkippedChar
2021-11-21T23:53:26,026|[TRACE] script - #out(`X`) [token]
2021-11-21T23:53:26,026|[TRACE] graph - <------- nonSkippedChar
2021-11-21T23:53:26,026|[TRACE] graph - <----- statementPart
2021-11-21T23:53:26,026|[TRACE] graph - -----> statementPart
2021-11-21T23:53:26,026|[TRACE] graph - -------> nonSkippedChar
2021-11-21T23:53:26,026|[TRACE] script - #out(`I`) [token]
2021-11-21T23:53:26,026|[TRACE] graph - <------- nonSkippedChar
2021-11-21T23:53:26,026|[TRACE] graph - <----- statementPart
2021-11-21T23:53:26,026|[TRACE] graph - -----> statementPart
2021-11-21T23:53:26,026|[TRACE] graph - -------> nonSkippedChar
2021-11-21T23:53:26,026|[TRACE] script - #out(`S`) [token]
2021-11-21T23:53:26,026|[TRACE] graph - <------- nonSkippedChar
2021-11-21T23:53:26,026|[TRACE] graph - <----- statementPart
2021-11-21T23:53:26,026|[TRACE] graph - -----> statementPart
2021-11-21T23:53:26,026|[TRACE] graph - -------> nonSkippedChar
2021-11-21T23:53:26,026|[TRACE] script - #out(`T`) [token]
2021-11-21T23:53:26,026|[TRACE] graph - <------- nonSkippedChar
2021-11-21T23:53:26,026|[TRACE] graph - <----- statementPart
2021-11-21T23:53:26,026|[TRACE] graph - -----> statementPart
2021-11-21T23:53:26,026|[TRACE] graph - -------> nonSkippedChar
2021-11-21T23:53:26,026|[TRACE] script - #out(`S`) [token]
2021-11-21T23:53:26,026|[TRACE] graph - <------- nonSkippedChar
2021-11-21T23:53:26,026|[TRACE] graph - <----- statementPart
2021-11-21T23:53:26,026|[TRACE] graph - -----> statementPart
2021-11-21T23:53:26,026|[TRACE] graph - -------> nonSkippedSpace
2021-11-21T23:53:26,026|[TRACE] script - #out(` `) [token]
2021-11-21T23:53:26,026|[TRACE] graph - <------- nonSkippedSpace
2021-11-21T23:53:26,026|[TRACE] graph - <----- statementPart
2021-11-21T23:53:26,026|[TRACE] graph - -----> statementPart
2021-11-21T23:53:26,026|[TRACE] graph - -------> quotedString
2021-11-21T23:53:26,026|[TRACE] script - #out(``bloodbank``) [token]
2021-11-21T23:53:26,026|[TRACE] graph - <------- quotedString
2021-11-21T23:53:26,026|[TRACE] graph - <----- statementPart
2021-11-21T23:53:26,026|[TRACE] graph - -----> statementPart
2021-11-21T23:53:26,026|[TRACE] graph - -------> nonSkippedChar
2021-11-21T23:53:26,026|[TRACE] script - #out(`.`) [token]
2021-11-21T23:53:26,026|[TRACE] graph - <------- nonSkippedChar
2021-11-21T23:53:26,026|[TRACE] graph - <----- statementPart
2021-11-21T23:53:26,026|[TRACE] graph - -----> statementPart
2021-11-21T23:53:26,026|[TRACE] graph - -------> quotedString
2021-11-21T23:53:26,026|[TRACE] script - #out(``address``) [token]
2021-11-21T23:53:26,026|[TRACE] graph - <------- quotedString
2021-11-21T23:53:26,026|[TRACE] graph - <----- statementPart
2021-11-21T23:53:26,026|[TRACE] graph - -----> statementPart
2021-11-21T23:53:26,026|[TRACE] graph - -------> nonSkippedSpace
2021-11-21T23:53:26,026|[TRACE] script - #out(` `) [token]
2021-11-21T23:53:26,026|[TRACE] graph - <------- nonSkippedSpace
2021-11-21T23:53:26,026|[TRACE] graph - <----- statementPart
2021-11-21T23:53:26,026|[TRACE] graph - -----> statementPart
2021-11-21T23:53:26,026|[TRACE] graph - -------> nonSkippedChar
2021-11-21T23:53:26,026|[TRACE] script - #out(`(`) [token]
2021-11-21T23:53:26,026|[TRACE] graph - <------- nonSkippedChar
2021-11-21T23:53:26,026|[TRACE] graph - <----- statementPart
2021-11-21T23:53:26,026|[TRACE] graph - -----> afterStatementPartNewline
2021-11-21T23:53:26,026|[TRACE] script - #out(` `) [text]
2021-11-21T23:53:26,026|[TRACE] graph - <----- afterStatementPartNewline
2021-11-21T23:53:26,026|[TRACE] graph - -----> statementPart
2021-11-21T23:53:26,026|[TRACE] graph - -------> nonSkippedSpace
2021-11-21T23:53:26,026|[TRACE] script - #out(` `) [token]
2021-11-21T23:53:26,026|[TRACE] graph - <------- nonSkippedSpace
2021-11-21T23:53:26,026|[TRACE] graph - <----- statementPart
2021-11-21T23:53:26,027|[TRACE] graph - -----> statementPart
2021-11-21T23:53:26,027|[TRACE] graph - -------> nonSkippedSpace
2021-11-21T23:53:26,027|[TRACE] script - #out(` `) [token]
2021-11-21T23:53:26,027|[TRACE] graph - <------- nonSkippedSpace
2021-11-21T23:53:26,027|[TRACE] graph - <----- statementPart
2021-11-21T23:53:26,027|[TRACE] graph - -----> statementPart
2021-11-21T23:53:26,027|[TRACE] graph - -------> quotedString
2021-11-21T23:53:26,027|[TRACE] script - #out(``address_id``) [token]
2021-11-21T23:53:26,027|[TRACE] graph - <------- quotedString
2021-11-21T23:53:26,129|[TRACE] graph - <----- statementPart
2021-11-21T23:53:26,129|[TRACE] graph - -----> statementPart
2021-11-21T23:53:26,129|[TRACE] graph - -------> nonSkippedSpace
2021-11-21T23:53:26,129|[TRACE] script - #out(` `) [token]
2021-11-21T23:53:26,129|[TRACE] graph - <------- nonSkippedSpace
2021-11-21T23:53:26,129|[TRACE] graph - <----- statementPart
2021-11-21T23:53:26,129|[TRACE] graph - -----> statementPart
2021-11-21T23:53:26,129|[TRACE] graph - -------> nonSkippedChar
2021-11-21T23:53:26,129|[TRACE] script - #out(`I`) [token]
2021-11-21T23:53:26,129|[TRACE] graph - <------- nonSkippedChar
2021-11-21T23:53:26,129|[TRACE] graph - <----- statementPart
2021-11-21T23:53:26,129|[TRACE] graph - -----> statementPart
2021-11-21T23:53:26,129|[TRACE] graph - -------> nonSkippedChar
2021-11-21T23:53:26,129|[TRACE] script - #out(`N`) [token]
2021-11-21T23:53:26,129|[TRACE] graph - <------- nonSkippedChar
2021-11-21T23:53:26,129|[TRACE] graph - <----- statementPart
2021-11-21T23:53:26,129|[TRACE] graph - -----> statementPart
2021-11-21T23:53:26,129|[TRACE] graph - -------> nonSkippedChar
2021-11-21T23:53:26,129|[TRACE] script - #out(`T`) [token]
2021-11-21T23:53:26,129|[TRACE] graph - <------- nonSkippedChar
2021-11-21T23:53:26,129|[TRACE] graph - <----- statementPart
2021-11-21T23:53:26,129|[TRACE] graph - -----> statementPart
2021-11-21T23:53:26,129|[TRACE] graph - -------> nonSkippedSpace
2021-11-21T23:53:26,129|[TRACE] script - #out(` `) [token]
2021-11-21T23:53:26,129|[TRACE] graph - <------- nonSkippedSpace
2021-11-21T23:53:26,129|[TRACE] graph - <----- statementPart
2021-11-21T23:53:26,129|[TRACE] graph - -----> statementPart
2021-11-21T23:53:26,129|[TRACE] graph - -------> nonSkippedChar
2021-11-21T23:53:26,129|[TRACE] script - #out(`N`) [token]
2021-11-21T23:53:26,129|[TRACE] graph - <------- nonSkippedChar
2021-11-21T23:53:26,129|[TRACE] graph - <----- statementPart
2021-11-21T23:53:26,129|[TRACE] graph - -----> statementPart
2021-11-21T23:53:26,129|[TRACE] graph - -------> nonSkippedChar
2021-11-21T23:53:26,129|[TRACE] script - #out(`O`) [token]
2021-11-21T23:53:26,129|[TRACE] graph - <------- nonSkippedChar
2021-11-21T23:53:26,129|[TRACE] graph - <----- statementPart
2021-11-21T23:53:26,129|[TRACE] graph - -----> statementPart
2021-11-21T23:53:26,129|[TRACE] graph - -------> nonSkippedChar
2021-11-21T23:53:26,129|[TRACE] script - #out(`T`) [token]
2021-11-21T23:53:26,129|[TRACE] graph - <------- nonSkippedChar
2021-11-21T23:53:26,129|[TRACE] graph - <----- statementPart
2021-11-21T23:53:26,129|[TRACE] graph - -----> statementPart
2021-11-21T23:53:26,129|[TRACE] graph - -------> nonSkippedSpace
2021-11-21T23:53:26,129|[TRACE] script - #out(` `) [token]
2021-11-21T23:53:26,129|[TRACE] graph - <------- nonSkippedSpace
2021-11-21T23:53:26,129|[TRACE] graph - <----- statementPart
2021-11-21T23:53:26,129|[TRACE] graph - -----> statementPart
2021-11-21T23:53:26,129|[TRACE] graph - -------> nonSkippedChar
2021-11-21T23:53:26,129|[TRACE] script - #out(`N`) [token]
2021-11-21T23:53:26,129|[TRACE] graph - <------- nonSkippedChar
2021-11-21T23:53:26,129|[TRACE] graph - <----- statementPart
2021-11-21T23:53:26,129|[TRACE] graph - -----> statementPart
2021-11-21T23:53:26,129|[TRACE] graph - -------> nonSkippedChar
2021-11-21T23:53:26,129|[TRACE] script - #out(`U`) [token]
2021-11-21T23:53:26,129|[TRACE] graph - <------- nonSkippedChar
2021-11-21T23:53:26,129|[TRACE] graph - <----- statementPart
2021-11-21T23:53:26,129|[TRACE] graph - -----> statementPart
2021-11-21T23:53:26,129|[TRACE] graph - -------> nonSkippedChar
2021-11-21T23:53:26,129|[TRACE] script - #out(`L`) [token]
2021-11-21T23:53:26,129|[TRACE] graph - <------- nonSkippedChar
2021-11-21T23:53:26,129|[TRACE] graph - <----- statementPart
2021-11-21T23:53:26,129|[TRACE] graph - -----> statementPart
2021-11-21T23:53:26,129|[TRACE] graph - -------> nonSkippedChar
2021-11-21T23:53:26,129|[TRACE] script - #out(`L`) [token]
2021-11-21T23:53:26,129|[TRACE] graph - <------- nonSkippedChar
2021-11-21T23:53:26,129|[TRACE] graph - <----- statementPart
2021-11-21T23:53:26,129|[TRACE] graph - -----> statementPart
2021-11-21T23:53:26,129|[TRACE] graph - -------> nonSkippedSpace
2021-11-21T23:53:26,129|[TRACE] script - #out(` `) [token]
2021-11-21T23:53:26,129|[TRACE] graph - <------- nonSkippedSpace
2021-11-21T23:53:26,129|[TRACE] graph - <----- statementPart
2021-11-21T23:53:26,129|[TRACE] graph - -----> statementPart
2021-11-21T23:53:26,129|[TRACE] graph - -------> nonSkippedChar
2021-11-21T23:53:26,129|[TRACE] script - #out(`A`) [token]
2021-11-21T23:53:26,129|[TRACE] graph - <------- nonSkippedChar
2021-11-21T23:53:26,129|[TRACE] graph - <----- statementPart
2021-11-21T23:53:26,129|[TRACE] graph - -----> statementPart
2021-11-21T23:53:26,129|[TRACE] graph - -------> nonSkippedChar
2021-11-21T23:53:26,129|[TRACE] script - #out(`U`) [token]
2021-11-21T23:53:26,129|[TRACE] graph - <------- nonSkippedChar
2021-11-21T23:53:26,129|[TRACE] graph - <----- statementPart
2021-11-21T23:53:26,129|[TRACE] graph - -----> statementPart
2021-11-21T23:53:26,129|[TRACE] graph - -------> nonSkippedChar
2021-11-21T23:53:26,129|[TRACE] script - #out(`T`) [token]
2021-11-21T23:53:26,129|[TRACE] graph - <------- nonSkippedChar
2021-11-21T23:53:26,129|[TRACE] graph - <----- statementPart
2021-11-21T23:53:26,129|[TRACE] graph - -----> statementPart
2021-11-21T23:53:26,129|[TRACE] graph - -------> nonSkippedChar
2021-11-21T23:53:26,129|[TRACE] script - #out(`O`) [token]
2021-11-21T23:53:26,129|[TRACE] graph - <------- nonSkippedChar
2021-11-21T23:53:26,129|[TRACE] graph - <----- statementPart
2021-11-21T23:53:26,129|[TRACE] graph - -----> statementPart
2021-11-21T23:53:26,129|[TRACE] graph - -------> nonSkippedChar
2021-11-21T23:53:26,129|[TRACE] script - #out(`_`) [token]
2021-11-21T23:53:26,129|[TRACE] graph - <------- nonSkippedChar
2021-11-21T23:53:26,129|[TRACE] graph - <----- statementPart
2021-11-21T23:53:26,129|[TRACE] graph - -----> statementPart
2021-11-21T23:53:26,129|[TRACE] graph - -------> nonSkippedChar
2021-11-21T23:53:26,129|[TRACE] script - #out(`I`) [token]
2021-11-21T23:53:26,129|[TRACE] graph - <------- nonSkippedChar
2021-11-21T23:53:26,129|[TRACE] graph - <----- statementPart
2021-11-21T23:53:26,129|[TRACE] graph - -----> statementPart
2021-11-21T23:53:26,129|[TRACE] graph - -------> nonSkippedChar
2021-11-21T23:53:26,129|[TRACE] script - #out(`N`) [token]
2021-11-21T23:53:26,129|[TRACE] graph - <------- nonSkippedChar
2021-11-21T23:53:26,129|[TRACE] graph - <----- statementPart
2021-11-21T23:53:26,129|[TRACE] graph - -----> statementPart
2021-11-21T23:53:26,129|[TRACE] graph - -------> nonSkippedChar
2021-11-21T23:53:26,129|[TRACE] script - #out(`C`) [token]
2021-11-21T23:53:26,129|[TRACE] graph - <------- nonSkippedChar
2021-11-21T23:53:26,129|[TRACE] graph - <----- statementPart
2021-11-21T23:53:26,129|[TRACE] graph - -----> statementPart
2021-11-21T23:53:26,129|[TRACE] graph - -------> nonSkippedChar
2021-11-21T23:53:26,129|[TRACE] script - #out(`R`) [token]
2021-11-21T23:53:26,129|[TRACE] graph - <------- nonSkippedChar
2021-11-21T23:53:26,129|[TRACE] graph - <----- statementPart
2021-11-21T23:53:26,129|[TRACE] graph - -----> statementPart
2021-11-21T23:53:26,129|[TRACE] graph - -------> nonSkippedChar
2021-11-21T23:53:26,129|[TRACE] script - #out(`E`) [token]
2021-11-21T23:53:26,130|[TRACE] graph - <------- nonSkippedChar
2021-11-21T23:53:26,130|[TRACE] graph - <----- statementPart
2021-11-21T23:53:26,130|[TRACE] graph - -----> statementPart
2021-11-21T23:53:26,130|[TRACE] graph - -------> nonSkippedChar
2021-11-21T23:53:26,130|[TRACE] script - #out(`M`) [token]
2021-11-21T23:53:26,130|[TRACE] graph - <------- nonSkippedChar
2021-11-21T23:53:26,130|[TRACE] graph - <----- statementPart
2021-11-21T23:53:26,130|[TRACE] graph - -----> statementPart
2021-11-21T23:53:26,130|[TRACE] graph - -------> nonSkippedChar
2021-11-21T23:53:26,130|[TRACE] script - #out(`E`) [token]
2021-11-21T23:53:26,130|[TRACE] graph - <------- nonSkippedChar
2021-11-21T23:53:26,130|[TRACE] graph - <----- statementPart
2021-11-21T23:53:26,130|[TRACE] graph - -----> statementPart
2021-11-21T23:53:26,130|[TRACE] graph - -------> nonSkippedChar
2021-11-21T23:53:26,130|[TRACE] script - #out(`N`) [token]
2021-11-21T23:53:26,130|[TRACE] graph - <------- nonSkippedChar
2021-11-21T23:53:26,130|[TRACE] graph - <----- statementPart
2021-11-21T23:53:26,130|[TRACE] graph - -----> statementPart
2021-11-21T23:53:26,130|[TRACE] graph - -------> nonSkippedChar
2021-11-21T23:53:26,130|[TRACE] script - #out(`T`) [token]
2021-11-21T23:53:26,130|[TRACE] graph - <------- nonSkippedChar
2021-11-21T23:53:26,130|[TRACE] graph - <----- statementPart
2021-11-21T23:53:26,130|[TRACE] graph - -----> statementPart
2021-11-21T23:53:26,130|[TRACE] graph - -------> nonSkippedChar
2021-11-21T23:53:26,130|[TRACE] script - #out(`,`) [token]
2021-11-21T23:53:26,130|[TRACE] graph - <------- nonSkippedChar
2021-11-21T23:53:26,130|[TRACE] graph - <----- statementPart
2021-11-21T23:53:26,130|[TRACE] graph - -----> afterStatementPartNewline
2021-11-21T23:53:26,130|[TRACE] script - #out(` `) [text]
2021-11-21T23:53:26,130|[TRACE] graph - <----- afterStatementPartNewline
2021-11-21T23:53:26,130|[TRACE] graph - -----> statementPart
2021-11-21T23:53:26,130|[TRACE] graph - -------> nonSkippedSpace
2021-11-21T23:53:26,130|[TRACE] script - #out(` `) [token]
2021-11-21T23:53:26,130|[TRACE] graph - <------- nonSkippedSpace
2021-11-21T23:53:26,130|[TRACE] graph - <----- statementPart
2021-11-21T23:53:26,130|[TRACE] graph - -----> statementPart
2021-11-21T23:53:26,130|[TRACE] graph - -------> nonSkippedSpace
2021-11-21T23:53:26,130|[TRACE] script - #out(` `) [token]
2021-11-21T23:53:26,130|[TRACE] graph - <------- nonSkippedSpace
2021-11-21T23:53:26,130|[TRACE] graph - <----- statementPart
2021-11-21T23:53:26,130|[TRACE] graph - -----> statementPart
2021-11-21T23:53:26,130|[TRACE] graph - -------> quotedString
2021-11-21T23:53:26,130|[TRACE] script - #out(``street_number``) [token]
2021-11-21T23:53:26,130|[TRACE] graph - <------- quotedString
2021-11-21T23:53:26,130|[TRACE] graph - <----- statementPart
2021-11-21T23:53:26,130|[TRACE] graph - -----> statementPart
2021-11-21T23:53:26,130|[TRACE] graph - -------> nonSkippedSpace
2021-11-21T23:53:26,130|[TRACE] script - #out(` `) [token]
2021-11-21T23:53:26,130|[TRACE] graph - <------- nonSkippedSpace
2021-11-21T23:53:26,130|[TRACE] graph - <----- statementPart
2021-11-21T23:53:26,130|[TRACE] graph - -----> statementPart
2021-11-21T23:53:26,130|[TRACE] graph - -------> nonSkippedChar
2021-11-21T23:53:26,130|[TRACE] script - #out(`V`) [token]
2021-11-21T23:53:26,130|[TRACE] graph - <------- nonSkippedChar
2021-11-21T23:53:26,130|[TRACE] graph - <----- statementPart
2021-11-21T23:53:26,130|[TRACE] graph - -----> statementPart
2021-11-21T23:53:26,130|[TRACE] graph - -------> nonSkippedChar
2021-11-21T23:53:26,130|[TRACE] script - #out(`A`) [token]
2021-11-21T23:53:26,130|[TRACE] graph - <------- nonSkippedChar
2021-11-21T23:53:26,130|[TRACE] graph - <----- statementPart
2021-11-21T23:53:26,130|[TRACE] graph - -----> statementPart
2021-11-21T23:53:26,130|[TRACE] graph - -------> nonSkippedChar
2021-11-21T23:53:26,130|[TRACE] script - #out(`R`) [token]
2021-11-21T23:53:26,130|[TRACE] graph - <------- nonSkippedChar
2021-11-21T23:53:26,130|[TRACE] graph - <----- statementPart
2021-11-21T23:53:26,130|[TRACE] graph - -----> statementPart
2021-11-21T23:53:26,130|[TRACE] graph - -------> nonSkippedChar
2021-11-21T23:53:26,130|[TRACE] script - #out(`C`) [token]
2021-11-21T23:53:26,130|[TRACE] graph - <------- nonSkippedChar
2021-11-21T23:53:26,130|[TRACE] graph - <----- statementPart
2021-11-21T23:53:26,130|[TRACE] graph - -----> statementPart
2021-11-21T23:53:26,130|[TRACE] graph - -------> nonSkippedChar
2021-11-21T23:53:26,130|[TRACE] script - #out(`H`) [token]
2021-11-21T23:53:26,130|[TRACE] graph - <------- nonSkippedChar
2021-11-21T23:53:26,130|[TRACE] graph - <----- statementPart
2021-11-21T23:53:26,130|[TRACE] graph - -----> statementPart
2021-11-21T23:53:26,130|[TRACE] graph - -------> nonSkippedChar
2021-11-21T23:53:26,130|[TRACE] script - #out(`A`) [token]
2021-11-21T23:53:26,130|[TRACE] graph - <------- nonSkippedChar
2021-11-21T23:53:26,130|[TRACE] graph - <----- statementPart
2021-11-21T23:53:26,130|[TRACE] graph - -----> statementPart
2021-11-21T23:53:26,130|[TRACE] graph - -------> nonSkippedChar
2021-11-21T23:53:26,130|[TRACE] script - #out(`R`) [token]
2021-11-21T23:53:26,130|[TRACE] graph - <------- nonSkippedChar
2021-11-21T23:53:26,130|[TRACE] graph - <----- statementPart
2021-11-21T23:53:26,130|[TRACE] graph - -----> statementPart
2021-11-21T23:53:26,130|[TRACE] graph - -------> nonSkippedChar
2021-11-21T23:53:26,130|[TRACE] script - #out(`(`) [token]
2021-11-21T23:53:26,130|[TRACE] graph - <------- nonSkippedChar
2021-11-21T23:53:26,130|[TRACE] graph - <----- statementPart
2021-11-21T23:53:26,130|[TRACE] graph - -----> statementPart
2021-11-21T23:53:26,130|[TRACE] graph - -------> nonSkippedChar
2021-11-21T23:53:26,130|[TRACE] script - #out(`1`) [token]
2021-11-21T23:53:26,130|[TRACE] graph - <------- nonSkippedChar
2021-11-21T23:53:26,130|[TRACE] graph - <----- statementPart
2021-11-21T23:53:26,130|[TRACE] graph - -----> statementPart
2021-11-21T23:53:26,130|[TRACE] graph - -------> nonSkippedChar
2021-11-21T23:53:26,130|[TRACE] script - #out(`0`) [token]
2021-11-21T23:53:26,130|[TRACE] graph - <------- nonSkippedChar
2021-11-21T23:53:26,130|[TRACE] graph - <----- statementPart
2021-11-21T23:53:26,130|[TRACE] graph - -----> statementPart
2021-11-21T23:53:26,130|[TRACE] graph - -------> nonSkippedChar
2021-11-21T23:53:26,130|[TRACE] script - #out(`)`) [token]
2021-11-21T23:53:26,130|[TRACE] graph - <------- nonSkippedChar
2021-11-21T23:53:26,130|[TRACE] graph - <----- statementPart
2021-11-21T23:53:26,130|[TRACE] graph - -----> statementPart
2021-11-21T23:53:26,130|[TRACE] graph - -------> nonSkippedSpace
2021-11-21T23:53:26,130|[TRACE] script - #out(` `) [token]
2021-11-21T23:53:26,130|[TRACE] graph - <------- nonSkippedSpace
2021-11-21T23:53:26,130|[TRACE] graph - <----- statementPart
2021-11-21T23:53:26,130|[TRACE] graph - -----> statementPart
2021-11-21T23:53:26,130|[TRACE] graph - -------> nonSkippedChar
2021-11-21T23:53:26,130|[TRACE] script - #out(`N`) [token]
2021-11-21T23:53:26,130|[TRACE] graph - <------- nonSkippedChar
2021-11-21T23:53:26,130|[TRACE] graph - <----- statementPart
2021-11-21T23:53:26,130|[TRACE] graph - -----> statementPart
2021-11-21T23:53:26,130|[TRACE] graph - -------> nonSkippedChar
2021-11-21T23:53:26,130|[TRACE] script - #out(`O`) [token]
2021-11-21T23:53:26,130|[TRACE] graph - <------- nonSkippedChar
2021-11-21T23:53:26,130|[TRACE] graph - <----- statementPart
2021-11-21T23:53:26,130|[TRACE] graph - -----> statementPart
2021-11-21T23:53:26,130|[TRACE] graph - -------> nonSkippedChar
2021-11-21T23:53:26,130|[TRACE] script - #out(`T`) [token]
2021-11-21T23:53:26,130|[TRACE] graph - <------- nonSkippedChar
2021-11-21T23:53:26,130|[TRACE] graph - <----- statementPart
2021-11-21T23:53:26,130|[TRACE] graph - -----> statementPart
2021-11-21T23:53:26,130|[TRACE] graph - -------> nonSkippedSpace
2021-11-21T23:53:26,130|[TRACE] script - #out(` `) [token]
2021-11-21T23:53:26,130|[TRACE] graph - <------- nonSkippedSpace
2021-11-21T23:53:26,130|[TRACE] graph - <----- statementPart
2021-11-21T23:53:26,130|[TRACE] graph - -----> statementPart
2021-11-21T23:53:26,130|[TRACE] graph - -------> nonSkippedChar
2021-11-21T23:53:26,130|[TRACE] script - #out(`N`) [token]
2021-11-21T23:53:26,130|[TRACE] graph - <------- nonSkippedChar
2021-11-21T23:53:26,130|[TRACE] graph - <----- statementPart
2021-11-21T23:53:26,130|[TRACE] graph - -----> statementPart
2021-11-21T23:53:26,130|[TRACE] graph - -------> nonSkippedChar
2021-11-21T23:53:26,130|[TRACE] script - #out(`U`) [token]
2021-11-21T23:53:26,130|[TRACE] graph - <------- nonSkippedChar
2021-11-21T23:53:26,130|[TRACE] graph - <----- statementPart
2021-11-21T23:53:26,130|[TRACE] graph - -----> statementPart
2021-11-21T23:53:26,130|[TRACE] graph - -------> nonSkippedChar
2021-11-21T23:53:26,130|[TRACE] script - #out(`L`) [token]
2021-11-21T23:53:26,130|[TRACE] graph - <------- nonSkippedChar
2021-11-21T23:53:26,130|[TRACE] graph - <----- statementPart
2021-11-21T23:53:26,130|[TRACE] graph - -----> statementPart
2021-11-21T23:53:26,130|[TRACE] graph - -------> nonSkippedChar
2021-11-21T23:53:26,130|[TRACE] script - #out(`L`) [token]
2021-11-21T23:53:26,130|[TRACE] graph - <------- nonSkippedChar
2021-11-21T23:53:26,130|[TRACE] graph - <----- statementPart
2021-11-21T23:53:26,130|[TRACE] graph - -----> statementPart
2021-11-21T23:53:26,130|[TRACE] graph - -------> nonSkippedChar
2021-11-21T23:53:26,130|[TRACE] script - #out(`,`) [token]
2021-11-21T23:53:26,130|[TRACE] graph - <------- nonSkippedChar
2021-11-21T23:53:26,130|[TRACE] graph - <----- statementPart
2021-11-21T23:53:26,130|[TRACE] graph - -----> afterStatementPartNewline
2021-11-21T23:53:26,130|[TRACE] script - #out(` `) [text]
2021-11-21T23:53:26,130|[TRACE] graph - <----- afterStatementPartNewline
2021-11-21T23:53:26,130|[TRACE] graph - -----> statementPart
2021-11-21T23:53:26,130|[TRACE] graph - -------> nonSkippedSpace
2021-11-21T23:53:26,130|[TRACE] script - #out(` `) [token]
2021-11-21T23:53:26,130|[TRACE] graph - <------- nonSkippedSpace
2021-11-21T23:53:26,130|[TRACE] graph - <----- statementPart
2021-11-21T23:53:26,130|[TRACE] graph - -----> statementPart
2021-11-21T23:53:26,130|[TRACE] graph - -------> nonSkippedSpace
2021-11-21T23:53:26,130|[TRACE] script - #out(` `) [token]
2021-11-21T23:53:26,130|[TRACE] graph - <------- nonSkippedSpace
2021-11-21T23:53:26,130|[TRACE] graph - <----- statementPart
2021-11-21T23:53:26,130|[TRACE] graph - -----> statementPart
2021-11-21T23:53:26,130|[TRACE] graph - -------> quotedString
2021-11-21T23:53:26,130|[TRACE] script - #out(``street``) [token]
2021-11-21T23:53:26,130|[TRACE] graph - <------- quotedString
2021-11-21T23:53:26,130|[TRACE] graph - <----- statementPart
2021-11-21T23:53:26,130|[TRACE] graph - -----> statementPart
2021-11-21T23:53:26,130|[TRACE] graph - -------> nonSkippedSpace
2021-11-21T23:53:26,130|[TRACE] script - #out(` `) [token]
2021-11-21T23:53:26,130|[TRACE] graph - <------- nonSkippedSpace
2021-11-21T23:53:26,130|[TRACE] graph - <----- statementPart
2021-11-21T23:53:26,130|[TRACE] graph - -----> statementPart
2021-11-21T23:53:26,130|[TRACE] graph - -------> nonSkippedChar
2021-11-21T23:53:26,130|[TRACE] script - #out(`V`) [token]
2021-11-21T23:53:26,130|[TRACE] graph - <------- nonSkippedChar
2021-11-21T23:53:26,130|[TRACE] graph - <----- statementPart
2021-11-21T23:53:26,130|[TRACE] graph - -----> statementPart
2021-11-21T23:53:26,130|[TRACE] graph - -------> nonSkippedChar
2021-11-21T23:53:26,130|[TRACE] script - #out(`A`) [token]
2021-11-21T23:53:26,130|[TRACE] graph - <------- nonSkippedChar
2021-11-21T23:53:26,130|[TRACE] graph - <----- statementPart
2021-11-21T23:53:26,130|[TRACE] graph - -----> statementPart
2021-11-21T23:53:26,130|[TRACE] graph - -------> nonSkippedChar
2021-11-21T23:53:26,130|[TRACE] script - #out(`R`) [token]
2021-11-21T23:53:26,130|[TRACE] graph - <------- nonSkippedChar
2021-11-21T23:53:26,130|[TRACE] graph - <----- statementPart
2021-11-21T23:53:26,130|[TRACE] graph - -----> statementPart
2021-11-21T23:53:26,130|[TRACE] graph - -------> nonSkippedChar
2021-11-21T23:53:26,130|[TRACE] script - #out(`C`) [token]
2021-11-21T23:53:26,130|[TRACE] graph - <------- nonSkippedChar
2021-11-21T23:53:26,130|[TRACE] graph - <----- statementPart
2021-11-21T23:53:26,130|[TRACE] graph - -----> statementPart
2021-11-21T23:53:26,130|[TRACE] graph - -------> nonSkippedChar
2021-11-21T23:53:26,130|[TRACE] script - #out(`H`) [token]
2021-11-21T23:53:26,130|[TRACE] graph - <------- nonSkippedChar
2021-11-21T23:53:26,130|[TRACE] graph - <----- statementPart
2021-11-21T23:53:26,130|[TRACE] graph - -----> statementPart
2021-11-21T23:53:26,130|[TRACE] graph - -------> nonSkippedChar
2021-11-21T23:53:26,130|[TRACE] script - #out(`A`) [token]
2021-11-21T23:53:26,130|[TRACE] graph - <------- nonSkippedChar
2021-11-21T23:53:26,130|[TRACE] graph - <----- statementPart
2021-11-21T23:53:26,130|[TRACE] graph - -----> statementPart
2021-11-21T23:53:26,130|[TRACE] graph - -------> nonSkippedChar
2021-11-21T23:53:26,130|[TRACE] script - #out(`R`) [token]
2021-11-21T23:53:26,130|[TRACE] graph - <------- nonSkippedChar
2021-11-21T23:53:26,130|[TRACE] graph - <----- statementPart
2021-11-21T23:53:26,130|[TRACE] graph - -----> statementPart
2021-11-21T23:53:26,130|[TRACE] graph - -------> nonSkippedChar
2021-11-21T23:53:26,130|[TRACE] script - #out(`(`) [token]
2021-11-21T23:53:26,130|[TRACE] graph - <------- nonSkippedChar
2021-11-21T23:53:26,130|[TRACE] graph - <----- statementPart
2021-11-21T23:53:26,130|[TRACE] graph - -----> statementPart
2021-11-21T23:53:26,130|[TRACE] graph - -------> nonSkippedChar
2021-11-21T23:53:26,130|[TRACE] script - #out(`1`) [token]
2021-11-21T23:53:26,130|[TRACE] graph - <------- nonSkippedChar
2021-11-21T23:53:26,130|[TRACE] graph - <----- statementPart
2021-11-21T23:53:26,130|[TRACE] graph - -----> statementPart
2021-11-21T23:53:26,130|[TRACE] graph - -------> nonSkippedChar
2021-11-21T23:53:26,130|[TRACE] script - #out(`0`) [token]
2021-11-21T23:53:26,130|[TRACE] graph - <------- nonSkippedChar
2021-11-21T23:53:26,130|[TRACE] graph - <----- statementPart
2021-11-21T23:53:26,130|[TRACE] graph - -----> statementPart
2021-11-21T23:53:26,130|[TRACE] graph - -------> nonSkippedChar
2021-11-21T23:53:26,130|[TRACE] script - #out(`0`) [token]
2021-11-21T23:53:26,130|[TRACE] graph - <------- nonSkippedChar
2021-11-21T23:53:26,130|[TRACE] graph - <----- statementPart
2021-11-21T23:53:26,130|[TRACE] graph - -----> statementPart
2021-11-21T23:53:26,130|[TRACE] graph - -------> nonSkippedChar
2021-11-21T23:53:26,130|[TRACE] script - #out(`)`) [token]
2021-11-21T23:53:26,130|[TRACE] graph - <------- nonSkippedChar
2021-11-21T23:53:26,130|[TRACE] graph - <----- statementPart
2021-11-21T23:53:26,130|[TRACE] graph - -----> statementPart
2021-11-21T23:53:26,130|[TRACE] graph - -------> nonSkippedSpace
2021-11-21T23:53:26,130|[TRACE] script - #out(` `) [token]
2021-11-21T23:53:26,130|[TRACE] graph - <------- nonSkippedSpace
2021-11-21T23:53:26,130|[TRACE] graph - <----- statementPart
2021-11-21T23:53:26,130|[TRACE] graph - -----> statementPart
2021-11-21T23:53:26,130|[TRACE] graph - -------> nonSkippedChar
2021-11-21T23:53:26,130|[TRACE] script - #out(`N`) [token]
2021-11-21T23:53:26,130|[TRACE] graph - <------- nonSkippedChar
2021-11-21T23:53:26,130|[TRACE] graph - <----- statementPart
2021-11-21T23:53:26,130|[TRACE] graph - -----> statementPart
2021-11-21T23:53:26,130|[TRACE] graph - -------> nonSkippedChar
2021-11-21T23:53:26,130|[TRACE] script - #out(`O`) [token]
2021-11-21T23:53:26,130|[TRACE] graph - <------- nonSkippedChar
2021-11-21T23:53:26,130|[TRACE] graph - <----- statementPart
2021-11-21T23:53:26,130|[TRACE] graph - -----> statementPart
2021-11-21T23:53:26,130|[TRACE] graph - -------> nonSkippedChar
2021-11-21T23:53:26,130|[TRACE] script - #out(`T`) [token]
2021-11-21T23:53:26,130|[TRACE] graph - <------- nonSkippedChar
2021-11-21T23:53:26,130|[TRACE] graph - <----- statementPart
2021-11-21T23:53:26,130|[TRACE] graph - -----> statementPart
2021-11-21T23:53:26,130|[TRACE] graph - -------> nonSkippedSpace
2021-11-21T23:53:26,130|[TRACE] script - #out(` `) [token]
2021-11-21T23:53:26,130|[TRACE] graph - <------- nonSkippedSpace
2021-11-21T23:53:26,130|[TRACE] graph - <----- statementPart
2021-11-21T23:53:26,130|[TRACE] graph - -----> statementPart
2021-11-21T23:53:26,130|[TRACE] graph - -------> nonSkippedChar
2021-11-21T23:53:26,130|[TRACE] script - #out(`N`) [token]
2021-11-21T23:53:26,130|[TRACE] graph - <------- nonSkippedChar
2021-11-21T23:53:26,130|[TRACE] graph - <----- statementPart
2021-11-21T23:53:26,130|[TRACE] graph - -----> statementPart
2021-11-21T23:53:26,130|[TRACE] graph - -------> nonSkippedChar
2021-11-21T23:53:26,130|[TRACE] script - #out(`U`) [token]
2021-11-21T23:53:26,130|[TRACE] graph - <------- nonSkippedChar
2021-11-21T23:53:26,130|[TRACE] graph - <----- statementPart
2021-11-21T23:53:26,130|[TRACE] graph - -----> statementPart
2021-11-21T23:53:26,130|[TRACE] graph - -------> nonSkippedChar
2021-11-21T23:53:26,130|[TRACE] script - #out(`L`) [token]
2021-11-21T23:53:26,130|[TRACE] graph - <------- nonSkippedChar
2021-11-21T23:53:26,130|[TRACE] graph - <----- statementPart
2021-11-21T23:53:26,130|[TRACE] graph - -----> statementPart
2021-11-21T23:53:26,130|[TRACE] graph - -------> nonSkippedChar
2021-11-21T23:53:26,130|[TRACE] script - #out(`L`) [token]
2021-11-21T23:53:26,130|[TRACE] graph - <------- nonSkippedChar
2021-11-21T23:53:26,130|[TRACE] graph - <----- statementPart
2021-11-21T23:53:26,130|[TRACE] graph - -----> statementPart
2021-11-21T23:53:26,130|[TRACE] graph - -------> nonSkippedChar
2021-11-21T23:53:26,130|[TRACE] script - #out(`,`) [token]
2021-11-21T23:53:26,130|[TRACE] graph - <------- nonSkippedChar
2021-11-21T23:53:26,130|[TRACE] graph - <----- statementPart
2021-11-21T23:53:26,130|[TRACE] graph - -----> afterStatementPartNewline
2021-11-21T23:53:26,130|[TRACE] script - #out(` `) [text]
2021-11-21T23:53:26,130|[TRACE] graph - <----- afterStatementPartNewline
2021-11-21T23:53:26,130|[TRACE] graph - -----> statementPart
2021-11-21T23:53:26,130|[TRACE] graph - -------> nonSkippedSpace
2021-11-21T23:53:26,130|[TRACE] script - #out(` `) [token]
2021-11-21T23:53:26,130|[TRACE] graph - <------- nonSkippedSpace
2021-11-21T23:53:26,130|[TRACE] graph - <----- statementPart
2021-11-21T23:53:26,130|[TRACE] graph - -----> statementPart
2021-11-21T23:53:26,130|[TRACE] graph - -------> nonSkippedSpace
2021-11-21T23:53:26,130|[TRACE] script - #out(` `) [token]
2021-11-21T23:53:26,130|[TRACE] graph - <------- nonSkippedSpace
2021-11-21T23:53:26,130|[TRACE] graph - <----- statementPart
2021-11-21T23:53:26,130|[TRACE] graph - -----> statementPart
2021-11-21T23:53:26,130|[TRACE] graph - -------> quotedString
2021-11-21T23:53:26,130|[TRACE] script - #out(``city``) [token]
2021-11-21T23:53:26,130|[TRACE] graph - <------- quotedString
2021-11-21T23:53:26,130|[TRACE] graph - <----- statementPart
2021-11-21T23:53:26,130|[TRACE] graph - -----> statementPart
2021-11-21T23:53:26,130|[TRACE] graph - -------> nonSkippedSpace
2021-11-21T23:53:26,130|[TRACE] script - #out(` `) [token]
2021-11-21T23:53:26,131|[TRACE] graph - <------- nonSkippedSpace
2021-11-21T23:53:26,131|[TRACE] graph - <----- statementPart
2021-11-21T23:53:26,131|[TRACE] graph - -----> statementPart
2021-11-21T23:53:26,131|[TRACE] graph - -------> nonSkippedChar
2021-11-21T23:53:26,131|[TRACE] script - #out(`V`) [token]
2021-11-21T23:53:26,131|[TRACE] graph - <------- nonSkippedChar
2021-11-21T23:53:26,131|[TRACE] graph - <----- statementPart
2021-11-21T23:53:26,131|[TRACE] graph - -----> statementPart
2021-11-21T23:53:26,131|[TRACE] graph - -------> nonSkippedChar
2021-11-21T23:53:26,131|[TRACE] script - #out(`A`) [token]
2021-11-21T23:53:26,131|[TRACE] graph - <------- nonSkippedChar
2021-11-21T23:53:26,131|[TRACE] graph - <----- statementPart
2021-11-21T23:53:26,131|[TRACE] graph - -----> statementPart
2021-11-21T23:53:26,131|[TRACE] graph - -------> nonSkippedChar
2021-11-21T23:53:26,131|[TRACE] script - #out(`R`) [token]
2021-11-21T23:53:26,131|[TRACE] graph - <------- nonSkippedChar
2021-11-21T23:53:26,131|[TRACE] graph - <----- statementPart
2021-11-21T23:53:26,131|[TRACE] graph - -----> statementPart
2021-11-21T23:53:26,131|[TRACE] graph - -------> nonSkippedChar
2021-11-21T23:53:26,131|[TRACE] script - #out(`C`) [token]
2021-11-21T23:53:26,131|[TRACE] graph - <------- nonSkippedChar
2021-11-21T23:53:26,131|[TRACE] graph - <----- statementPart
2021-11-21T23:53:26,131|[TRACE] graph - -----> statementPart
2021-11-21T23:53:26,131|[TRACE] graph - -------> nonSkippedChar
2021-11-21T23:53:26,131|[TRACE] script - #out(`H`) [token]
2021-11-21T23:53:26,131|[TRACE] graph - <------- nonSkippedChar
2021-11-21T23:53:26,131|[TRACE] graph - <----- statementPart
2021-11-21T23:53:26,131|[TRACE] graph - -----> statementPart
2021-11-21T23:53:26,131|[TRACE] graph - -------> nonSkippedChar
2021-11-21T23:53:26,131|[TRACE] script - #out(`A`) [token]
2021-11-21T23:53:26,131|[TRACE] graph - <------- nonSkippedChar
2021-11-21T23:53:26,131|[TRACE] graph - <----- statementPart
2021-11-21T23:53:26,131|[TRACE] graph - -----> statementPart
2021-11-21T23:53:26,131|[TRACE] graph - -------> nonSkippedChar
2021-11-21T23:53:26,131|[TRACE] script - #out(`R`) [token]
2021-11-21T23:53:26,131|[TRACE] graph - <------- nonSkippedChar
2021-11-21T23:53:26,174|[TRACE] graph - <----- statementPart
2021-11-21T23:53:26,174|[TRACE] graph - -----> statementPart
2021-11-21T23:53:26,174|[TRACE] graph - -------> nonSkippedChar
2021-11-21T23:53:26,174|[TRACE] script - #out(`(`) [token]
2021-11-21T23:53:26,174|[TRACE] graph - <------- nonSkippedChar
2021-11-21T23:53:26,174|[TRACE] graph - <----- statementPart
2021-11-21T23:53:26,174|[TRACE] graph - -----> statementPart
2021-11-21T23:53:26,174|[TRACE] graph - -------> nonSkippedChar
2021-11-21T23:53:26,174|[TRACE] script - #out(`1`) [token]
2021-11-21T23:53:26,174|[TRACE] graph - <------- nonSkippedChar
2021-11-21T23:53:26,174|[TRACE] graph - <----- statementPart
2021-11-21T23:53:26,174|[TRACE] graph - -----> statementPart
2021-11-21T23:53:26,174|[TRACE] graph - -------> nonSkippedChar
2021-11-21T23:53:26,174|[TRACE] script - #out(`0`) [token]
2021-11-21T23:53:26,174|[TRACE] graph - <------- nonSkippedChar
2021-11-21T23:53:26,174|[TRACE] graph - <----- statementPart
2021-11-21T23:53:26,174|[TRACE] graph - -----> statementPart
2021-11-21T23:53:26,174|[TRACE] graph - -------> nonSkippedChar
2021-11-21T23:53:26,174|[TRACE] script - #out(`0`) [token]
2021-11-21T23:53:26,174|[TRACE] graph - <------- nonSkippedChar
2021-11-21T23:53:26,174|[TRACE] graph - <----- statementPart
2021-11-21T23:53:26,174|[TRACE] graph - -----> statementPart
2021-11-21T23:53:26,174|[TRACE] graph - -------> nonSkippedChar
2021-11-21T23:53:26,174|[TRACE] script - #out(`)`) [token]
2021-11-21T23:53:26,174|[TRACE] graph - <------- nonSkippedChar
2021-11-21T23:53:26,174|[TRACE] graph - <----- statementPart
2021-11-21T23:53:26,174|[TRACE] graph - -----> statementPart
2021-11-21T23:53:26,174|[TRACE] graph - -------> nonSkippedSpace
2021-11-21T23:53:26,174|[TRACE] script - #out(` `) [token]
2021-11-21T23:53:26,174|[TRACE] graph - <------- nonSkippedSpace
2021-11-21T23:53:26,174|[TRACE] graph - <----- statementPart
2021-11-21T23:53:26,174|[TRACE] graph - -----> statementPart
2021-11-21T23:53:26,174|[TRACE] graph - -------> nonSkippedChar
2021-11-21T23:53:26,174|[TRACE] script - #out(`N`) [token]
2021-11-21T23:53:26,174|[TRACE] graph - <------- nonSkippedChar
2021-11-21T23:53:26,174|[TRACE] graph - <----- statementPart
2021-11-21T23:53:26,174|[TRACE] graph - -----> statementPart
2021-11-21T23:53:26,174|[TRACE] graph - -------> nonSkippedChar
2021-11-21T23:53:26,174|[TRACE] script - #out(`O`) [token]
2021-11-21T23:53:26,174|[TRACE] graph - <------- nonSkippedChar
2021-11-21T23:53:26,174|[TRACE] graph - <----- statementPart
2021-11-21T23:53:26,174|[TRACE] graph - -----> statementPart
2021-11-21T23:53:26,174|[TRACE] graph - -------> nonSkippedChar
2021-11-21T23:53:26,174|[TRACE] script - #out(`T`) [token]
2021-11-21T23:53:26,174|[TRACE] graph - <------- nonSkippedChar
2021-11-21T23:53:26,174|[TRACE] graph - <----- statementPart
2021-11-21T23:53:26,174|[TRACE] graph - -----> statementPart
2021-11-21T23:53:26,174|[TRACE] graph - -------> nonSkippedSpace
2021-11-21T23:53:26,174|[TRACE] script - #out(` `) [token]
2021-11-21T23:53:26,174|[TRACE] graph - <------- nonSkippedSpace
2021-11-21T23:53:26,174|[TRACE] graph - <----- statementPart
2021-11-21T23:53:26,174|[TRACE] graph - -----> statementPart
2021-11-21T23:53:26,174|[TRACE] graph - -------> nonSkippedChar
2021-11-21T23:53:26,174|[TRACE] script - #out(`N`) [token]
2021-11-21T23:53:26,174|[TRACE] graph - <------- nonSkippedChar
2021-11-21T23:53:26,174|[TRACE] graph - <----- statementPart
2021-11-21T23:53:26,174|[TRACE] graph - -----> statementPart
2021-11-21T23:53:26,174|[TRACE] graph - -------> nonSkippedChar
2021-11-21T23:53:26,174|[TRACE] script - #out(`U`) [token]
2021-11-21T23:53:26,174|[TRACE] graph - <------- nonSkippedChar
2021-11-21T23:53:26,174|[TRACE] graph - <----- statementPart
2021-11-21T23:53:26,174|[TRACE] graph - -----> statementPart
2021-11-21T23:53:26,174|[TRACE] graph - -------> nonSkippedChar
2021-11-21T23:53:26,174|[TRACE] script - #out(`L`) [token]
2021-11-21T23:53:26,174|[TRACE] graph - <------- nonSkippedChar
2021-11-21T23:53:26,174|[TRACE] graph - <----- statementPart
2021-11-21T23:53:26,174|[TRACE] graph - -----> statementPart
2021-11-21T23:53:26,174|[TRACE] graph - -------> nonSkippedChar
2021-11-21T23:53:26,174|[TRACE] script - #out(`L`) [token]
2021-11-21T23:53:26,174|[TRACE] graph - <------- nonSkippedChar
2021-11-21T23:53:26,174|[TRACE] graph - <----- statementPart
2021-11-21T23:53:26,174|[TRACE] graph - -----> statementPart
2021-11-21T23:53:26,174|[TRACE] graph - -------> nonSkippedChar
2021-11-21T23:53:26,174|[TRACE] script - #out(`,`) [token]
2021-11-21T23:53:26,174|[TRACE] graph - <------- nonSkippedChar
2021-11-21T23:53:26,174|[TRACE] graph - <----- statementPart
2021-11-21T23:53:26,174|[TRACE] graph - -----> afterStatementPartNewline
2021-11-21T23:53:26,174|[TRACE] script - #out(` `) [text]
2021-11-21T23:53:26,174|[TRACE] graph - <----- afterStatementPartNewline
2021-11-21T23:53:26,174|[TRACE] graph - -----> statementPart
2021-11-21T23:53:26,174|[TRACE] graph - -------> nonSkippedSpace
2021-11-21T23:53:26,174|[TRACE] script - #out(` `) [token]
2021-11-21T23:53:26,174|[TRACE] graph - <------- nonSkippedSpace
2021-11-21T23:53:26,174|[TRACE] graph - <----- statementPart
2021-11-21T23:53:26,174|[TRACE] graph - -----> statementPart
2021-11-21T23:53:26,174|[TRACE] graph - -------> nonSkippedSpace
2021-11-21T23:53:26,174|[TRACE] script - #out(` `) [token]
2021-11-21T23:53:26,174|[TRACE] graph - <------- nonSkippedSpace
2021-11-21T23:53:26,174|[TRACE] graph - <----- statementPart
2021-11-21T23:53:26,174|[TRACE] graph - -----> statementPart
2021-11-21T23:53:26,174|[TRACE] graph - -------> quotedString
2021-11-21T23:53:26,174|[TRACE] script - #out(``province``) [token]
2021-11-21T23:53:26,174|[TRACE] graph - <------- quotedString
2021-11-21T23:53:26,174|[TRACE] graph - <----- statementPart
2021-11-21T23:53:26,174|[TRACE] graph - -----> statementPart
2021-11-21T23:53:26,174|[TRACE] graph - -------> nonSkippedSpace
2021-11-21T23:53:26,174|[TRACE] script - #out(` `) [token]
2021-11-21T23:53:26,174|[TRACE] graph - <------- nonSkippedSpace
2021-11-21T23:53:26,174|[TRACE] graph - <----- statementPart
2021-11-21T23:53:26,174|[TRACE] graph - -----> statementPart
2021-11-21T23:53:26,174|[TRACE] graph - -------> nonSkippedChar
2021-11-21T23:53:26,174|[TRACE] script - #out(`V`) [token]
2021-11-21T23:53:26,174|[TRACE] graph - <------- nonSkippedChar
2021-11-21T23:53:26,174|[TRACE] graph - <----- statementPart
2021-11-21T23:53:26,174|[TRACE] graph - -----> statementPart
2021-11-21T23:53:26,174|[TRACE] graph - -------> nonSkippedChar
2021-11-21T23:53:26,174|[TRACE] script - #out(`A`) [token]
2021-11-21T23:53:26,174|[TRACE] graph - <------- nonSkippedChar
2021-11-21T23:53:26,174|[TRACE] graph - <----- statementPart
2021-11-21T23:53:26,174|[TRACE] graph - -----> statementPart
2021-11-21T23:53:26,174|[TRACE] graph - -------> nonSkippedChar
2021-11-21T23:53:26,174|[TRACE] script - #out(`R`) [token]
2021-11-21T23:53:26,174|[TRACE] graph - <------- nonSkippedChar
2021-11-21T23:53:26,174|[TRACE] graph - <----- statementPart
2021-11-21T23:53:26,174|[TRACE] graph - -----> statementPart
2021-11-21T23:53:26,174|[TRACE] graph - -------> nonSkippedChar
2021-11-21T23:53:26,174|[TRACE] script - #out(`C`) [token]
2021-11-21T23:53:26,174|[TRACE] graph - <------- nonSkippedChar
2021-11-21T23:53:26,174|[TRACE] graph - <----- statementPart
2021-11-21T23:53:26,174|[TRACE] graph - -----> statementPart
2021-11-21T23:53:26,174|[TRACE] graph - -------> nonSkippedChar
2021-11-21T23:53:26,174|[TRACE] script - #out(`H`) [token]
2021-11-21T23:53:26,174|[TRACE] graph - <------- nonSkippedChar
2021-11-21T23:53:26,174|[TRACE] graph - <----- statementPart
2021-11-21T23:53:26,174|[TRACE] graph - -----> statementPart
2021-11-21T23:53:26,174|[TRACE] graph - -------> nonSkippedChar
2021-11-21T23:53:26,174|[TRACE] script - #out(`A`) [token]
2021-11-21T23:53:26,174|[TRACE] graph - <------- nonSkippedChar
2021-11-21T23:53:26,174|[TRACE] graph - <----- statementPart
2021-11-21T23:53:26,174|[TRACE] graph - -----> statementPart
2021-11-21T23:53:26,174|[TRACE] graph - -------> nonSkippedChar
2021-11-21T23:53:26,174|[TRACE] script - #out(`R`) [token]
2021-11-21T23:53:26,174|[TRACE] graph - <------- nonSkippedChar
2021-11-21T23:53:26,174|[TRACE] graph - <----- statementPart
2021-11-21T23:53:26,174|[TRACE] graph - -----> statementPart
2021-11-21T23:53:26,174|[TRACE] graph - -------> nonSkippedChar
2021-11-21T23:53:26,174|[TRACE] script - #out(`(`) [token]
2021-11-21T23:53:26,174|[TRACE] graph - <------- nonSkippedChar
2021-11-21T23:53:26,174|[TRACE] graph - <----- statementPart
2021-11-21T23:53:26,174|[TRACE] graph - -----> statementPart
2021-11-21T23:53:26,174|[TRACE] graph - -------> nonSkippedChar
2021-11-21T23:53:26,174|[TRACE] script - #out(`1`) [token]
2021-11-21T23:53:26,174|[TRACE] graph - <------- nonSkippedChar
2021-11-21T23:53:26,174|[TRACE] graph - <----- statementPart
2021-11-21T23:53:26,174|[TRACE] graph - -----> statementPart
2021-11-21T23:53:26,174|[TRACE] graph - -------> nonSkippedChar
2021-11-21T23:53:26,174|[TRACE] script - #out(`0`) [token]
2021-11-21T23:53:26,174|[TRACE] graph - <------- nonSkippedChar
2021-11-21T23:53:26,174|[TRACE] graph - <----- statementPart
2021-11-21T23:53:26,174|[TRACE] graph - -----> statementPart
2021-11-21T23:53:26,174|[TRACE] graph - -------> nonSkippedChar
2021-11-21T23:53:26,174|[TRACE] script - #out(`0`) [token]
2021-11-21T23:53:26,174|[TRACE] graph - <------- nonSkippedChar
2021-11-21T23:53:26,174|[TRACE] graph - <----- statementPart
2021-11-21T23:53:26,174|[TRACE] graph - -----> statementPart
2021-11-21T23:53:26,174|[TRACE] graph - -------> nonSkippedChar
2021-11-21T23:53:26,174|[TRACE] script - #out(`)`) [token]
2021-11-21T23:53:26,174|[TRACE] graph - <------- nonSkippedChar
2021-11-21T23:53:26,174|[TRACE] graph - <----- statementPart
2021-11-21T23:53:26,174|[TRACE] graph - -----> statementPart
2021-11-21T23:53:26,174|[TRACE] graph - -------> nonSkippedSpace
2021-11-21T23:53:26,174|[TRACE] script - #out(` `) [token]
2021-11-21T23:53:26,174|[TRACE] graph - <------- nonSkippedSpace
2021-11-21T23:53:26,174|[TRACE] graph - <----- statementPart
2021-11-21T23:53:26,174|[TRACE] graph - -----> statementPart
2021-11-21T23:53:26,174|[TRACE] graph - -------> nonSkippedChar
2021-11-21T23:53:26,175|[TRACE] script - #out(`N`) [token]
2021-11-21T23:53:26,175|[TRACE] graph - <------- nonSkippedChar
2021-11-21T23:53:26,175|[TRACE] graph - <----- statementPart
2021-11-21T23:53:26,175|[TRACE] graph - -----> statementPart
2021-11-21T23:53:26,175|[TRACE] graph - -------> nonSkippedChar
2021-11-21T23:53:26,175|[TRACE] script - #out(`O`) [token]
2021-11-21T23:53:26,175|[TRACE] graph - <------- nonSkippedChar
2021-11-21T23:53:26,175|[TRACE] graph - <----- statementPart
2021-11-21T23:53:26,175|[TRACE] graph - -----> statementPart
2021-11-21T23:53:26,175|[TRACE] graph - -------> nonSkippedChar
2021-11-21T23:53:26,175|[TRACE] script - #out(`T`) [token]
2021-11-21T23:53:26,175|[TRACE] graph - <------- nonSkippedChar
2021-11-21T23:53:26,175|[TRACE] graph - <----- statementPart
2021-11-21T23:53:26,175|[TRACE] graph - -----> statementPart
2021-11-21T23:53:26,175|[TRACE] graph - -------> nonSkippedSpace
2021-11-21T23:53:26,175|[TRACE] script - #out(` `) [token]
2021-11-21T23:53:26,175|[TRACE] graph - <------- nonSkippedSpace
2021-11-21T23:53:26,175|[TRACE] graph - <----- statementPart
2021-11-21T23:53:26,175|[TRACE] graph - -----> statementPart
2021-11-21T23:53:26,175|[TRACE] graph - -------> nonSkippedChar
2021-11-21T23:53:26,175|[TRACE] script - #out(`N`) [token]
2021-11-21T23:53:26,175|[TRACE] graph - <------- nonSkippedChar
2021-11-21T23:53:26,175|[TRACE] graph - <----- statementPart
2021-11-21T23:53:26,175|[TRACE] graph - -----> statementPart
2021-11-21T23:53:26,175|[TRACE] graph - -------> nonSkippedChar
2021-11-21T23:53:26,175|[TRACE] script - #out(`U`) [token]
2021-11-21T23:53:26,175|[TRACE] graph - <------- nonSkippedChar
2021-11-21T23:53:26,175|[TRACE] graph - <----- statementPart
2021-11-21T23:53:26,175|[TRACE] graph - -----> statementPart
2021-11-21T23:53:26,175|[TRACE] graph - -------> nonSkippedChar
2021-11-21T23:53:26,175|[TRACE] script - #out(`L`) [token]
2021-11-21T23:53:26,175|[TRACE] graph - <------- nonSkippedChar
2021-11-21T23:53:26,175|[TRACE] graph - <----- statementPart
2021-11-21T23:53:26,175|[TRACE] graph - -----> statementPart
2021-11-21T23:53:26,175|[TRACE] graph - -------> nonSkippedChar
2021-11-21T23:53:26,175|[TRACE] script - #out(`L`) [token]
2021-11-21T23:53:26,175|[TRACE] graph - <------- nonSkippedChar
2021-11-21T23:53:26,175|[TRACE] graph - <----- statementPart
2021-11-21T23:53:26,175|[TRACE] graph - -----> statementPart
2021-11-21T23:53:26,175|[TRACE] graph - -------> nonSkippedChar
2021-11-21T23:53:26,175|[TRACE] script - #out(`,`) [token]
2021-11-21T23:53:26,175|[TRACE] graph - <------- nonSkippedChar
2021-11-21T23:53:26,175|[TRACE] graph - <----- statementPart
2021-11-21T23:53:26,175|[TRACE] graph - -----> afterStatementPartNewline
2021-11-21T23:53:26,175|[TRACE] script - #out(` `) [text]
2021-11-21T23:53:26,175|[TRACE] graph - <----- afterStatementPartNewline
2021-11-21T23:53:26,175|[TRACE] graph - -----> statementPart
2021-11-21T23:53:26,175|[TRACE] graph - -------> nonSkippedSpace
2021-11-21T23:53:26,175|[TRACE] script - #out(` `) [token]
2021-11-21T23:53:26,175|[TRACE] graph - <------- nonSkippedSpace
2021-11-21T23:53:26,175|[TRACE] graph - <----- statementPart
2021-11-21T23:53:26,175|[TRACE] graph - -----> statementPart
2021-11-21T23:53:26,175|[TRACE] graph - -------> nonSkippedSpace
2021-11-21T23:53:26,175|[TRACE] script - #out(` `) [token]
2021-11-21T23:53:26,175|[TRACE] graph - <------- nonSkippedSpace
2021-11-21T23:53:26,175|[TRACE] graph - <----- statementPart
2021-11-21T23:53:26,175|[TRACE] graph - -----> statementPart
2021-11-21T23:53:26,175|[TRACE] graph - -------> quotedString
2021-11-21T23:53:26,175|[TRACE] script - #out(``country``) [token]
2021-11-21T23:53:26,175|[TRACE] graph - <------- quotedString
2021-11-21T23:53:26,175|[TRACE] graph - <----- statementPart
2021-11-21T23:53:26,175|[TRACE] graph - -----> statementPart
2021-11-21T23:53:26,175|[TRACE] graph - -------> nonSkippedSpace
2021-11-21T23:53:26,175|[TRACE] script - #out(` `) [token]
2021-11-21T23:53:26,175|[TRACE] graph - <------- nonSkippedSpace
2021-11-21T23:53:26,175|[TRACE] graph - <----- statementPart
2021-11-21T23:53:26,175|[TRACE] graph - -----> statementPart
2021-11-21T23:53:26,175|[TRACE] graph - -------> nonSkippedChar
2021-11-21T23:53:26,175|[TRACE] script - #out(`V`) [token]
2021-11-21T23:53:26,175|[TRACE] graph - <------- nonSkippedChar
2021-11-21T23:53:26,175|[TRACE] graph - <----- statementPart
2021-11-21T23:53:26,175|[TRACE] graph - -----> statementPart
2021-11-21T23:53:26,175|[TRACE] graph - -------> nonSkippedChar
2021-11-21T23:53:26,175|[TRACE] script - #out(`A`) [token]
2021-11-21T23:53:26,175|[TRACE] graph - <------- nonSkippedChar
2021-11-21T23:53:26,175|[TRACE] graph - <----- statementPart
2021-11-21T23:53:26,175|[TRACE] graph - -----> statementPart
2021-11-21T23:53:26,175|[TRACE] graph - -------> nonSkippedChar
2021-11-21T23:53:26,175|[TRACE] script - #out(`R`) [token]
2021-11-21T23:53:26,175|[TRACE] graph - <------- nonSkippedChar
2021-11-21T23:53:26,175|[TRACE] graph - <----- statementPart
2021-11-21T23:53:26,175|[TRACE] graph - -----> statementPart
2021-11-21T23:53:26,175|[TRACE] graph - -------> nonSkippedChar
2021-11-21T23:53:26,175|[TRACE] script - #out(`C`) [token]
2021-11-21T23:53:26,175|[TRACE] graph - <------- nonSkippedChar
2021-11-21T23:53:26,175|[TRACE] graph - <----- statementPart
2021-11-21T23:53:26,175|[TRACE] graph - -----> statementPart
2021-11-21T23:53:26,175|[TRACE] graph - -------> nonSkippedChar
2021-11-21T23:53:26,175|[TRACE] script - #out(`H`) [token]
2021-11-21T23:53:26,175|[TRACE] graph - <------- nonSkippedChar
2021-11-21T23:53:26,175|[TRACE] graph - <----- statementPart
2021-11-21T23:53:26,175|[TRACE] graph - -----> statementPart
2021-11-21T23:53:26,175|[TRACE] graph - -------> nonSkippedChar
2021-11-21T23:53:26,175|[TRACE] script - #out(`A`) [token]
2021-11-21T23:53:26,175|[TRACE] graph - <------- nonSkippedChar
2021-11-21T23:53:26,175|[TRACE] graph - <----- statementPart
2021-11-21T23:53:26,175|[TRACE] graph - -----> statementPart
2021-11-21T23:53:26,175|[TRACE] graph - -------> nonSkippedChar
2021-11-21T23:53:26,175|[TRACE] script - #out(`R`) [token]
2021-11-21T23:53:26,175|[TRACE] graph - <------- nonSkippedChar
2021-11-21T23:53:26,175|[TRACE] graph - <----- statementPart
2021-11-21T23:53:26,175|[TRACE] graph - -----> statementPart
2021-11-21T23:53:26,175|[TRACE] graph - -------> nonSkippedChar
2021-11-21T23:53:26,175|[TRACE] script - #out(`(`) [token]
2021-11-21T23:53:26,175|[TRACE] graph - <------- nonSkippedChar
2021-11-21T23:53:26,175|[TRACE] graph - <----- statementPart
2021-11-21T23:53:26,175|[TRACE] graph - -----> statementPart
2021-11-21T23:53:26,175|[TRACE] graph - -------> nonSkippedChar
2021-11-21T23:53:26,175|[TRACE] script - #out(`1`) [token]
2021-11-21T23:53:26,175|[TRACE] graph - <------- nonSkippedChar
2021-11-21T23:53:26,175|[TRACE] graph - <----- statementPart
2021-11-21T23:53:26,175|[TRACE] graph - -----> statementPart
2021-11-21T23:53:26,175|[TRACE] graph - -------> nonSkippedChar
2021-11-21T23:53:26,175|[TRACE] script - #out(`0`) [token]
2021-11-21T23:53:26,175|[TRACE] graph - <------- nonSkippedChar
2021-11-21T23:53:26,175|[TRACE] graph - <----- statementPart
2021-11-21T23:53:26,175|[TRACE] graph - -----> statementPart
2021-11-21T23:53:26,175|[TRACE] graph - -------> nonSkippedChar
2021-11-21T23:53:26,175|[TRACE] script - #out(`0`) [token]
2021-11-21T23:53:26,175|[TRACE] graph - <------- nonSkippedChar
2021-11-21T23:53:26,175|[TRACE] graph - <----- statementPart
2021-11-21T23:53:26,175|[TRACE] graph - -----> statementPart
2021-11-21T23:53:26,175|[TRACE] graph - -------> nonSkippedChar
2021-11-21T23:53:26,175|[TRACE] script - #out(`)`) [token]
2021-11-21T23:53:26,175|[TRACE] graph - <------- nonSkippedChar
2021-11-21T23:53:26,175|[TRACE] graph - <----- statementPart
2021-11-21T23:53:26,175|[TRACE] graph - -----> statementPart
2021-11-21T23:53:26,175|[TRACE] graph - -------> nonSkippedSpace
2021-11-21T23:53:26,175|[TRACE] script - #out(` `) [token]
2021-11-21T23:53:26,175|[TRACE] graph - <------- nonSkippedSpace
2021-11-21T23:53:26,175|[TRACE] graph - <----- statementPart
2021-11-21T23:53:26,175|[TRACE] graph - -----> statementPart
2021-11-21T23:53:26,175|[TRACE] graph - -------> nonSkippedChar
2021-11-21T23:53:26,175|[TRACE] script - #out(`N`) [token]
2021-11-21T23:53:26,175|[TRACE] graph - <------- nonSkippedChar
2021-11-21T23:53:26,175|[TRACE] graph - <----- statementPart
2021-11-21T23:53:26,175|[TRACE] graph - -----> statementPart
2021-11-21T23:53:26,175|[TRACE] graph - -------> nonSkippedChar
2021-11-21T23:53:26,175|[TRACE] script - #out(`O`) [token]
2021-11-21T23:53:26,175|[TRACE] graph - <------- nonSkippedChar
2021-11-21T23:53:26,175|[TRACE] graph - <----- statementPart
2021-11-21T23:53:26,175|[TRACE] graph - -----> statementPart
2021-11-21T23:53:26,175|[TRACE] graph - -------> nonSkippedChar
2021-11-21T23:53:26,175|[TRACE] script - #out(`T`) [token]
2021-11-21T23:53:26,175|[TRACE] graph - <------- nonSkippedChar
2021-11-21T23:53:26,175|[TRACE] graph - <----- statementPart
2021-11-21T23:53:26,175|[TRACE] graph - -----> statementPart
2021-11-21T23:53:26,175|[TRACE] graph - -------> nonSkippedSpace
2021-11-21T23:53:26,175|[TRACE] script - #out(` `) [token]
2021-11-21T23:53:26,175|[TRACE] graph - <------- nonSkippedSpace
2021-11-21T23:53:26,175|[TRACE] graph - <----- statementPart
2021-11-21T23:53:26,175|[TRACE] graph - -----> statementPart
2021-11-21T23:53:26,175|[TRACE] graph - -------> nonSkippedChar
2021-11-21T23:53:26,175|[TRACE] script - #out(`N`) [token]
2021-11-21T23:53:26,175|[TRACE] graph - <------- nonSkippedChar
2021-11-21T23:53:26,175|[TRACE] graph - <----- statementPart
2021-11-21T23:53:26,175|[TRACE] graph - -----> statementPart
2021-11-21T23:53:26,175|[TRACE] graph - -------> nonSkippedChar
2021-11-21T23:53:26,175|[TRACE] script - #out(`U`) [token]
2021-11-21T23:53:26,175|[TRACE] graph - <------- nonSkippedChar
2021-11-21T23:53:26,175|[TRACE] graph - <----- statementPart
2021-11-21T23:53:26,175|[TRACE] graph - -----> statementPart
2021-11-21T23:53:26,175|[TRACE] graph - -------> nonSkippedChar
2021-11-21T23:53:26,175|[TRACE] script - #out(`L`) [token]
2021-11-21T23:53:26,175|[TRACE] graph - <------- nonSkippedChar
2021-11-21T23:53:26,175|[TRACE] graph - <----- statementPart
2021-11-21T23:53:26,175|[TRACE] graph - -----> statementPart
2021-11-21T23:53:26,175|[TRACE] graph - -------> nonSkippedChar
2021-11-21T23:53:26,175|[TRACE] script - #out(`L`) [token]
2021-11-21T23:53:26,175|[TRACE] graph - <------- nonSkippedChar
2021-11-21T23:53:26,175|[TRACE] graph - <----- statementPart
2021-11-21T23:53:26,175|[TRACE] graph - -----> statementPart
2021-11-21T23:53:26,175|[TRACE] graph - -------> nonSkippedChar
2021-11-21T23:53:26,175|[TRACE] script - #out(`,`) [token]
2021-11-21T23:53:26,175|[TRACE] graph - <------- nonSkippedChar
2021-11-21T23:53:26,175|[TRACE] graph - <----- statementPart
2021-11-21T23:53:26,175|[TRACE] graph - -----> afterStatementPartNewline
2021-11-21T23:53:26,175|[TRACE] script - #out(` `) [text]
2021-11-21T23:53:26,175|[TRACE] graph - <----- afterStatementPartNewline
2021-11-21T23:53:26,175|[TRACE] graph - -----> statementPart
2021-11-21T23:53:26,175|[TRACE] graph - -------> nonSkippedSpace
2021-11-21T23:53:26,175|[TRACE] script - #out(` `) [token]
2021-11-21T23:53:26,175|[TRACE] graph - <------- nonSkippedSpace
2021-11-21T23:53:26,175|[TRACE] graph - <----- statementPart
2021-11-21T23:53:26,175|[TRACE] graph - -----> statementPart
2021-11-21T23:53:26,175|[TRACE] graph - -------> nonSkippedSpace
2021-11-21T23:53:26,175|[TRACE] script - #out(` `) [token]
2021-11-21T23:53:26,175|[TRACE] graph - <------- nonSkippedSpace
2021-11-21T23:53:26,175|[TRACE] graph - <----- statementPart
2021-11-21T23:53:26,175|[TRACE] graph - -----> statementPart
2021-11-21T23:53:26,175|[TRACE] graph - -------> quotedString
2021-11-21T23:53:26,175|[TRACE] script - #out(``zipcode``) [token]
2021-11-21T23:53:26,175|[TRACE] graph - <------- quotedString
2021-11-21T23:53:26,175|[TRACE] graph - <----- statementPart
2021-11-21T23:53:26,175|[TRACE] graph - -----> statementPart
2021-11-21T23:53:26,175|[TRACE] graph - -------> nonSkippedSpace
2021-11-21T23:53:26,175|[TRACE] script - #out(` `) [token]
2021-11-21T23:53:26,175|[TRACE] graph - <------- nonSkippedSpace
2021-11-21T23:53:26,175|[TRACE] graph - <----- statementPart
2021-11-21T23:53:26,175|[TRACE] graph - -----> statementPart
2021-11-21T23:53:26,175|[TRACE] graph - -------> nonSkippedChar
2021-11-21T23:53:26,175|[TRACE] script - #out(`V`) [token]
2021-11-21T23:53:26,175|[TRACE] graph - <------- nonSkippedChar
2021-11-21T23:53:26,175|[TRACE] graph - <----- statementPart
2021-11-21T23:53:26,175|[TRACE] graph - -----> statementPart
2021-11-21T23:53:26,175|[TRACE] graph - -------> nonSkippedChar
2021-11-21T23:53:26,175|[TRACE] script - #out(`A`) [token]
2021-11-21T23:53:26,175|[TRACE] graph - <------- nonSkippedChar
2021-11-21T23:53:26,175|[TRACE] graph - <----- statementPart
2021-11-21T23:53:26,175|[TRACE] graph - -----> statementPart
2021-11-21T23:53:26,175|[TRACE] graph - -------> nonSkippedChar
2021-11-21T23:53:26,175|[TRACE] script - #out(`R`) [token]
2021-11-21T23:53:26,175|[TRACE] graph - <------- nonSkippedChar
2021-11-21T23:53:26,175|[TRACE] graph - <----- statementPart
2021-11-21T23:53:26,175|[TRACE] graph - -----> statementPart
2021-11-21T23:53:26,175|[TRACE] graph - -------> nonSkippedChar
2021-11-21T23:53:26,175|[TRACE] script - #out(`C`) [token]
2021-11-21T23:53:26,175|[TRACE] graph - <------- nonSkippedChar
2021-11-21T23:53:26,175|[TRACE] graph - <----- statementPart
2021-11-21T23:53:26,175|[TRACE] graph - -----> statementPart
2021-11-21T23:53:26,175|[TRACE] graph - -------> nonSkippedChar
2021-11-21T23:53:26,175|[TRACE] script - #out(`H`) [token]
2021-11-21T23:53:26,175|[TRACE] graph - <------- nonSkippedChar
2021-11-21T23:53:26,175|[TRACE] graph - <----- statementPart
2021-11-21T23:53:26,175|[TRACE] graph - -----> statementPart
2021-11-21T23:53:26,175|[TRACE] graph - -------> nonSkippedChar
2021-11-21T23:53:26,175|[TRACE] script - #out(`A`) [token]
2021-11-21T23:53:26,175|[TRACE] graph - <------- nonSkippedChar
2021-11-21T23:53:26,175|[TRACE] graph - <----- statementPart
2021-11-21T23:53:26,175|[TRACE] graph - -----> statementPart
2021-11-21T23:53:26,175|[TRACE] graph - -------> nonSkippedChar
2021-11-21T23:53:26,175|[TRACE] script - #out(`R`) [token]
2021-11-21T23:53:26,175|[TRACE] graph - <------- nonSkippedChar
2021-11-21T23:53:26,175|[TRACE] graph - <----- statementPart
2021-11-21T23:53:26,175|[TRACE] graph - -----> statementPart
2021-11-21T23:53:26,175|[TRACE] graph - -------> nonSkippedChar
2021-11-21T23:53:26,175|[TRACE] script - #out(`(`) [token]
2021-11-21T23:53:26,175|[TRACE] graph - <------- nonSkippedChar
2021-11-21T23:53:26,175|[TRACE] graph - <----- statementPart
2021-11-21T23:53:26,175|[TRACE] graph - -----> statementPart
2021-11-21T23:53:26,175|[TRACE] graph - -------> nonSkippedChar
2021-11-21T23:53:26,175|[TRACE] script - #out(`1`) [token]
2021-11-21T23:53:26,175|[TRACE] graph - <------- nonSkippedChar
2021-11-21T23:53:26,175|[TRACE] graph - <----- statementPart
2021-11-21T23:53:26,175|[TRACE] graph - -----> statementPart
2021-11-21T23:53:26,175|[TRACE] graph - -------> nonSkippedChar
2021-11-21T23:53:26,175|[TRACE] script - #out(`0`) [token]
2021-11-21T23:53:26,175|[TRACE] graph - <------- nonSkippedChar
2021-11-21T23:53:26,175|[TRACE] graph - <----- statementPart
2021-11-21T23:53:26,175|[TRACE] graph - -----> statementPart
2021-11-21T23:53:26,175|[TRACE] graph - -------> nonSkippedChar
2021-11-21T23:53:26,175|[TRACE] script - #out(`0`) [token]
2021-11-21T23:53:26,175|[TRACE] graph - <------- nonSkippedChar
2021-11-21T23:53:26,175|[TRACE] graph - <----- statementPart
2021-11-21T23:53:26,175|[TRACE] graph - -----> statementPart
2021-11-21T23:53:26,175|[TRACE] graph - -------> nonSkippedChar
2021-11-21T23:53:26,175|[TRACE] script - #out(`)`) [token]
2021-11-21T23:53:26,175|[TRACE] graph - <------- nonSkippedChar
2021-11-21T23:53:26,175|[TRACE] graph - <----- statementPart
2021-11-21T23:53:26,175|[TRACE] graph - -----> statementPart
2021-11-21T23:53:26,175|[TRACE] graph - -------> nonSkippedSpace
2021-11-21T23:53:26,175|[TRACE] script - #out(` `) [token]
2021-11-21T23:53:26,175|[TRACE] graph - <------- nonSkippedSpace
2021-11-21T23:53:26,175|[TRACE] graph - <----- statementPart
2021-11-21T23:53:26,175|[TRACE] graph - -----> statementPart
2021-11-21T23:53:26,175|[TRACE] graph - -------> nonSkippedChar
2021-11-21T23:53:26,175|[TRACE] script - #out(`N`) [token]
2021-11-21T23:53:26,175|[TRACE] graph - <------- nonSkippedChar
2021-11-21T23:53:26,175|[TRACE] graph - <----- statementPart
2021-11-21T23:53:26,175|[TRACE] graph - -----> statementPart
2021-11-21T23:53:26,175|[TRACE] graph - -------> nonSkippedChar
2021-11-21T23:53:26,175|[TRACE] script - #out(`O`) [token]
2021-11-21T23:53:26,175|[TRACE] graph - <------- nonSkippedChar
2021-11-21T23:53:26,175|[TRACE] graph - <----- statementPart
2021-11-21T23:53:26,175|[TRACE] graph - -----> statementPart
2021-11-21T23:53:26,175|[TRACE] graph - -------> nonSkippedChar
2021-11-21T23:53:26,175|[TRACE] script - #out(`T`) [token]
2021-11-21T23:53:26,175|[TRACE] graph - <------- nonSkippedChar
2021-11-21T23:53:26,175|[TRACE] graph - <----- statementPart
2021-11-21T23:53:26,175|[TRACE] graph - -----> statementPart
2021-11-21T23:53:26,175|[TRACE] graph - -------> nonSkippedSpace
2021-11-21T23:53:26,175|[TRACE] script - #out(` `) [token]
2021-11-21T23:53:26,175|[TRACE] graph - <------- nonSkippedSpace
2021-11-21T23:53:26,175|[TRACE] graph - <----- statementPart
2021-11-21T23:53:26,175|[TRACE] graph - -----> statementPart
2021-11-21T23:53:26,175|[TRACE] graph - -------> nonSkippedChar
2021-11-21T23:53:26,175|[TRACE] script - #out(`N`) [token]
2021-11-21T23:53:26,175|[TRACE] graph - <------- nonSkippedChar
2021-11-21T23:53:26,175|[TRACE] graph - <----- statementPart
2021-11-21T23:53:26,175|[TRACE] graph - -----> statementPart
2021-11-21T23:53:26,175|[TRACE] graph - -------> nonSkippedChar
2021-11-21T23:53:26,175|[TRACE] script - #out(`U`) [token]
2021-11-21T23:53:26,176|[TRACE] graph - <------- nonSkippedChar
2021-11-21T23:53:26,176|[TRACE] graph - <----- statementPart
2021-11-21T23:53:26,176|[TRACE] graph - -----> statementPart
2021-11-21T23:53:26,176|[TRACE] graph - -------> nonSkippedChar
2021-11-21T23:53:26,176|[TRACE] script - #out(`L`) [token]
2021-11-21T23:53:26,176|[TRACE] graph - <------- nonSkippedChar
2021-11-21T23:53:26,211|[TRACE] graph - <----- statementPart
2021-11-21T23:53:26,211|[TRACE] graph - -----> statementPart
2021-11-21T23:53:26,211|[TRACE] graph - -------> nonSkippedChar
2021-11-21T23:53:26,211|[TRACE] script - #out(`L`) [token]
2021-11-21T23:53:26,211|[TRACE] graph - <------- nonSkippedChar
2021-11-21T23:53:26,211|[TRACE] graph - <----- statementPart
2021-11-21T23:53:26,211|[TRACE] graph - -----> statementPart
2021-11-21T23:53:26,211|[TRACE] graph - -------> nonSkippedChar
2021-11-21T23:53:26,211|[TRACE] script - #out(`,`) [token]
2021-11-21T23:53:26,211|[TRACE] graph - <------- nonSkippedChar
2021-11-21T23:53:26,211|[TRACE] graph - <----- statementPart
2021-11-21T23:53:26,211|[TRACE] graph - -----> afterStatementPartNewline
2021-11-21T23:53:26,211|[TRACE] script - #out(` `) [text]
2021-11-21T23:53:26,211|[TRACE] graph - <----- afterStatementPartNewline
2021-11-21T23:53:26,211|[TRACE] graph - -----> statementPart
2021-11-21T23:53:26,211|[TRACE] graph - -------> nonSkippedSpace
2021-11-21T23:53:26,211|[TRACE] script - #out(` `) [token]
2021-11-21T23:53:26,211|[TRACE] graph - <------- nonSkippedSpace
2021-11-21T23:53:26,211|[TRACE] graph - <----- statementPart
2021-11-21T23:53:26,211|[TRACE] graph - -----> statementPart
2021-11-21T23:53:26,211|[TRACE] graph - -------> nonSkippedSpace
2021-11-21T23:53:26,211|[TRACE] script - #out(` `) [token]
2021-11-21T23:53:26,211|[TRACE] graph - <------- nonSkippedSpace
2021-11-21T23:53:26,211|[TRACE] graph - <----- statementPart
2021-11-21T23:53:26,211|[TRACE] graph - -----> statementPart
2021-11-21T23:53:26,211|[TRACE] graph - -------> quotedString
2021-11-21T23:53:26,211|[TRACE] script - #out(``created``) [token]
2021-11-21T23:53:26,212|[TRACE] graph - <------- quotedString
2021-11-21T23:53:26,212|[TRACE] graph - <----- statementPart
2021-11-21T23:53:26,212|[TRACE] graph - -----> statementPart
2021-11-21T23:53:26,212|[TRACE] graph - -------> nonSkippedSpace
2021-11-21T23:53:26,212|[TRACE] script - #out(` `) [token]
2021-11-21T23:53:26,212|[TRACE] graph - <------- nonSkippedSpace
2021-11-21T23:53:26,212|[TRACE] graph - <----- statementPart
2021-11-21T23:53:26,212|[TRACE] graph - -----> statementPart
2021-11-21T23:53:26,212|[TRACE] graph - -------> nonSkippedChar
2021-11-21T23:53:26,212|[TRACE] script - #out(`B`) [token]
2021-11-21T23:53:26,212|[TRACE] graph - <------- nonSkippedChar
2021-11-21T23:53:26,212|[TRACE] graph - <----- statementPart
2021-11-21T23:53:26,212|[TRACE] graph - -----> statementPart
2021-11-21T23:53:26,212|[TRACE] graph - -------> nonSkippedChar
2021-11-21T23:53:26,212|[TRACE] script - #out(`I`) [token]
2021-11-21T23:53:26,212|[TRACE] graph - <------- nonSkippedChar
2021-11-21T23:53:26,212|[TRACE] graph - <----- statementPart
2021-11-21T23:53:26,212|[TRACE] graph - -----> statementPart
2021-11-21T23:53:26,212|[TRACE] graph - -------> nonSkippedChar
2021-11-21T23:53:26,212|[TRACE] script - #out(`G`) [token]
2021-11-21T23:53:26,212|[TRACE] graph - <------- nonSkippedChar
2021-11-21T23:53:26,212|[TRACE] graph - <----- statementPart
2021-11-21T23:53:26,212|[TRACE] graph - -----> statementPart
2021-11-21T23:53:26,212|[TRACE] graph - -------> nonSkippedChar
2021-11-21T23:53:26,212|[TRACE] script - #out(`I`) [token]
2021-11-21T23:53:26,212|[TRACE] graph - <------- nonSkippedChar
2021-11-21T23:53:26,212|[TRACE] graph - <----- statementPart
2021-11-21T23:53:26,212|[TRACE] graph - -----> statementPart
2021-11-21T23:53:26,212|[TRACE] graph - -------> nonSkippedChar
2021-11-21T23:53:26,212|[TRACE] script - #out(`N`) [token]
2021-11-21T23:53:26,212|[TRACE] graph - <------- nonSkippedChar
2021-11-21T23:53:26,212|[TRACE] graph - <----- statementPart
2021-11-21T23:53:26,212|[TRACE] graph - -----> statementPart
2021-11-21T23:53:26,212|[TRACE] graph - -------> nonSkippedChar
2021-11-21T23:53:26,212|[TRACE] script - #out(`T`) [token]
2021-11-21T23:53:26,212|[TRACE] graph - <------- nonSkippedChar
2021-11-21T23:53:26,212|[TRACE] graph - <----- statementPart
2021-11-21T23:53:26,212|[TRACE] graph - -----> statementPart
2021-11-21T23:53:26,212|[TRACE] graph - -------> nonSkippedSpace
2021-11-21T23:53:26,212|[TRACE] script - #out(` `) [token]
2021-11-21T23:53:26,212|[TRACE] graph - <------- nonSkippedSpace
2021-11-21T23:53:26,212|[TRACE] graph - <----- statementPart
2021-11-21T23:53:26,212|[TRACE] graph - -----> statementPart
2021-11-21T23:53:26,212|[TRACE] graph - -------> nonSkippedChar
2021-11-21T23:53:26,212|[TRACE] script - #out(`N`) [token]
2021-11-21T23:53:26,212|[TRACE] graph - <------- nonSkippedChar
2021-11-21T23:53:26,212|[TRACE] graph - <----- statementPart
2021-11-21T23:53:26,212|[TRACE] graph - -----> statementPart
2021-11-21T23:53:26,212|[TRACE] graph - -------> nonSkippedChar
2021-11-21T23:53:26,212|[TRACE] script - #out(`O`) [token]
2021-11-21T23:53:26,212|[TRACE] graph - <------- nonSkippedChar
2021-11-21T23:53:26,212|[TRACE] graph - <----- statementPart
2021-11-21T23:53:26,212|[TRACE] graph - -----> statementPart
2021-11-21T23:53:26,212|[TRACE] graph - -------> nonSkippedChar
2021-11-21T23:53:26,212|[TRACE] script - #out(`T`) [token]
2021-11-21T23:53:26,212|[TRACE] graph - <------- nonSkippedChar
2021-11-21T23:53:26,212|[TRACE] graph - <----- statementPart
2021-11-21T23:53:26,212|[TRACE] graph - -----> statementPart
2021-11-21T23:53:26,212|[TRACE] graph - -------> nonSkippedSpace
2021-11-21T23:53:26,212|[TRACE] script - #out(` `) [token]
2021-11-21T23:53:26,212|[TRACE] graph - <------- nonSkippedSpace
2021-11-21T23:53:26,212|[TRACE] graph - <----- statementPart
2021-11-21T23:53:26,212|[TRACE] graph - -----> statementPart
2021-11-21T23:53:26,212|[TRACE] graph - -------> nonSkippedChar
2021-11-21T23:53:26,212|[TRACE] script - #out(`N`) [token]
2021-11-21T23:53:26,212|[TRACE] graph - <------- nonSkippedChar
2021-11-21T23:53:26,212|[TRACE] graph - <----- statementPart
2021-11-21T23:53:26,212|[TRACE] graph - -----> statementPart
2021-11-21T23:53:26,212|[TRACE] graph - -------> nonSkippedChar
2021-11-21T23:53:26,212|[TRACE] script - #out(`U`) [token]
2021-11-21T23:53:26,212|[TRACE] graph - <------- nonSkippedChar
2021-11-21T23:53:26,212|[TRACE] graph - <----- statementPart
2021-11-21T23:53:26,212|[TRACE] graph - -----> statementPart
2021-11-21T23:53:26,212|[TRACE] graph - -------> nonSkippedChar
2021-11-21T23:53:26,212|[TRACE] script - #out(`L`) [token]
2021-11-21T23:53:26,212|[TRACE] graph - <------- nonSkippedChar
2021-11-21T23:53:26,212|[TRACE] graph - <----- statementPart
2021-11-21T23:53:26,212|[TRACE] graph - -----> statementPart
2021-11-21T23:53:26,212|[TRACE] graph - -------> nonSkippedChar
2021-11-21T23:53:26,212|[TRACE] script - #out(`L`) [token]
2021-11-21T23:53:26,212|[TRACE] graph - <------- nonSkippedChar
2021-11-21T23:53:26,212|[TRACE] graph - <----- statementPart
2021-11-21T23:53:26,212|[TRACE] graph - -----> statementPart
2021-11-21T23:53:26,212|[TRACE] graph - -------> nonSkippedSpace
2021-11-21T23:53:26,212|[TRACE] script - #out(` `) [token]
2021-11-21T23:53:26,212|[TRACE] graph - <------- nonSkippedSpace
2021-11-21T23:53:26,212|[TRACE] graph - <----- statementPart
2021-11-21T23:53:26,212|[TRACE] graph - -----> statementPart
2021-11-21T23:53:26,212|[TRACE] graph - -------> nonSkippedChar
2021-11-21T23:53:26,212|[TRACE] script - #out(`D`) [token]
2021-11-21T23:53:26,212|[TRACE] graph - <------- nonSkippedChar
2021-11-21T23:53:26,212|[TRACE] graph - <----- statementPart
2021-11-21T23:53:26,212|[TRACE] graph - -----> statementPart
2021-11-21T23:53:26,212|[TRACE] graph - -------> nonSkippedChar
2021-11-21T23:53:26,212|[TRACE] script - #out(`E`) [token]
2021-11-21T23:53:26,212|[TRACE] graph - <------- nonSkippedChar
2021-11-21T23:53:26,212|[TRACE] graph - <----- statementPart
2021-11-21T23:53:26,212|[TRACE] graph - -----> statementPart
2021-11-21T23:53:26,212|[TRACE] graph - -------> nonSkippedChar
2021-11-21T23:53:26,212|[TRACE] script - #out(`F`) [token]
2021-11-21T23:53:26,212|[TRACE] graph - <------- nonSkippedChar
2021-11-21T23:53:26,212|[TRACE] graph - <----- statementPart
2021-11-21T23:53:26,212|[TRACE] graph - -----> statementPart
2021-11-21T23:53:26,212|[TRACE] graph - -------> nonSkippedChar
2021-11-21T23:53:26,212|[TRACE] script - #out(`A`) [token]
2021-11-21T23:53:26,212|[TRACE] graph - <------- nonSkippedChar
2021-11-21T23:53:26,212|[TRACE] graph - <----- statementPart
2021-11-21T23:53:26,212|[TRACE] graph - -----> statementPart
2021-11-21T23:53:26,212|[TRACE] graph - -------> nonSkippedChar
2021-11-21T23:53:26,212|[TRACE] script - #out(`U`) [token]
2021-11-21T23:53:26,212|[TRACE] graph - <------- nonSkippedChar
2021-11-21T23:53:26,212|[TRACE] graph - <----- statementPart
2021-11-21T23:53:26,212|[TRACE] graph - -----> statementPart
2021-11-21T23:53:26,212|[TRACE] graph - -------> nonSkippedChar
2021-11-21T23:53:26,212|[TRACE] script - #out(`L`) [token]
2021-11-21T23:53:26,212|[TRACE] graph - <------- nonSkippedChar
2021-11-21T23:53:26,212|[TRACE] graph - <----- statementPart
2021-11-21T23:53:26,212|[TRACE] graph - -----> statementPart
2021-11-21T23:53:26,212|[TRACE] graph - -------> nonSkippedChar
2021-11-21T23:53:26,212|[TRACE] script - #out(`T`) [token]
2021-11-21T23:53:26,212|[TRACE] graph - <------- nonSkippedChar
2021-11-21T23:53:26,212|[TRACE] graph - <----- statementPart
2021-11-21T23:53:26,212|[TRACE] graph - -----> statementPart
2021-11-21T23:53:26,212|[TRACE] graph - -------> nonSkippedSpace
2021-11-21T23:53:26,212|[TRACE] script - #out(` `) [token]
2021-11-21T23:53:26,212|[TRACE] graph - <------- nonSkippedSpace
2021-11-21T23:53:26,212|[TRACE] graph - <----- statementPart
2021-11-21T23:53:26,212|[TRACE] graph - -----> statementPart
2021-11-21T23:53:26,212|[TRACE] graph - -------> nonSkippedChar
2021-11-21T23:53:26,212|[TRACE] script - #out(`(`) [token]
2021-11-21T23:53:26,212|[TRACE] graph - <------- nonSkippedChar
2021-11-21T23:53:26,212|[TRACE] graph - <----- statementPart
2021-11-21T23:53:26,212|[TRACE] graph - -----> statementPart
2021-11-21T23:53:26,212|[TRACE] graph - -------> nonSkippedChar
2021-11-21T23:53:26,212|[TRACE] script - #out(`u`) [token]
2021-11-21T23:53:26,212|[TRACE] graph - <------- nonSkippedChar
2021-11-21T23:53:26,212|[TRACE] graph - <----- statementPart
2021-11-21T23:53:26,212|[TRACE] graph - -----> statementPart
2021-11-21T23:53:26,212|[TRACE] graph - -------> nonSkippedChar
2021-11-21T23:53:26,212|[TRACE] script - #out(`n`) [token]
2021-11-21T23:53:26,212|[TRACE] graph - <------- nonSkippedChar
2021-11-21T23:53:26,212|[TRACE] graph - <----- statementPart
2021-11-21T23:53:26,212|[TRACE] graph - -----> statementPart
2021-11-21T23:53:26,212|[TRACE] graph - -------> nonSkippedChar
2021-11-21T23:53:26,212|[TRACE] script - #out(`i`) [token]
2021-11-21T23:53:26,212|[TRACE] graph - <------- nonSkippedChar
2021-11-21T23:53:26,212|[TRACE] graph - <----- statementPart
2021-11-21T23:53:26,212|[TRACE] graph - -----> statementPart
2021-11-21T23:53:26,212|[TRACE] graph - -------> nonSkippedChar
2021-11-21T23:53:26,212|[TRACE] script - #out(`x`) [token]
2021-11-21T23:53:26,212|[TRACE] graph - <------- nonSkippedChar
2021-11-21T23:53:26,212|[TRACE] graph - <----- statementPart
2021-11-21T23:53:26,212|[TRACE] graph - -----> statementPart
2021-11-21T23:53:26,212|[TRACE] graph - -------> nonSkippedChar
2021-11-21T23:53:26,212|[TRACE] script - #out(`_`) [token]
2021-11-21T23:53:26,212|[TRACE] graph - <------- nonSkippedChar
2021-11-21T23:53:26,212|[TRACE] graph - <----- statementPart
2021-11-21T23:53:26,212|[TRACE] graph - -----> statementPart
2021-11-21T23:53:26,212|[TRACE] graph - -------> nonSkippedChar
2021-11-21T23:53:26,212|[TRACE] script - #out(`t`) [token]
2021-11-21T23:53:26,212|[TRACE] graph - <------- nonSkippedChar
2021-11-21T23:53:26,212|[TRACE] graph - <----- statementPart
2021-11-21T23:53:26,212|[TRACE] graph - -----> statementPart
2021-11-21T23:53:26,212|[TRACE] graph - -------> nonSkippedChar
2021-11-21T23:53:26,212|[TRACE] script - #out(`i`) [token]
2021-11-21T23:53:26,212|[TRACE] graph - <------- nonSkippedChar
2021-11-21T23:53:26,212|[TRACE] graph - <----- statementPart
2021-11-21T23:53:26,212|[TRACE] graph - -----> statementPart
2021-11-21T23:53:26,212|[TRACE] graph - -------> nonSkippedChar
2021-11-21T23:53:26,212|[TRACE] script - #out(`m`) [token]
2021-11-21T23:53:26,212|[TRACE] graph - <------- nonSkippedChar
2021-11-21T23:53:26,212|[TRACE] graph - <----- statementPart
2021-11-21T23:53:26,212|[TRACE] graph - -----> statementPart
2021-11-21T23:53:26,212|[TRACE] graph - -------> nonSkippedChar
2021-11-21T23:53:26,212|[TRACE] script - #out(`e`) [token]
2021-11-21T23:53:26,212|[TRACE] graph - <------- nonSkippedChar
2021-11-21T23:53:26,212|[TRACE] graph - <----- statementPart
2021-11-21T23:53:26,212|[TRACE] graph - -----> statementPart
2021-11-21T23:53:26,212|[TRACE] graph - -------> nonSkippedChar
2021-11-21T23:53:26,212|[TRACE] script - #out(`s`) [token]
2021-11-21T23:53:26,212|[TRACE] graph - <------- nonSkippedChar
2021-11-21T23:53:26,212|[TRACE] graph - <----- statementPart
2021-11-21T23:53:26,212|[TRACE] graph - -----> statementPart
2021-11-21T23:53:26,212|[TRACE] graph - -------> nonSkippedChar
2021-11-21T23:53:26,212|[TRACE] script - #out(`t`) [token]
2021-11-21T23:53:26,212|[TRACE] graph - <------- nonSkippedChar
2021-11-21T23:53:26,212|[TRACE] graph - <----- statementPart
2021-11-21T23:53:26,212|[TRACE] graph - -----> statementPart
2021-11-21T23:53:26,212|[TRACE] graph - -------> nonSkippedChar
2021-11-21T23:53:26,212|[TRACE] script - #out(`a`) [token]
2021-11-21T23:53:26,212|[TRACE] graph - <------- nonSkippedChar
2021-11-21T23:53:26,212|[TRACE] graph - <----- statementPart
2021-11-21T23:53:26,212|[TRACE] graph - -----> statementPart
2021-11-21T23:53:26,212|[TRACE] graph - -------> nonSkippedChar
2021-11-21T23:53:26,212|[TRACE] script - #out(`m`) [token]
2021-11-21T23:53:26,212|[TRACE] graph - <------- nonSkippedChar
2021-11-21T23:53:26,212|[TRACE] graph - <----- statementPart
2021-11-21T23:53:26,212|[TRACE] graph - -----> statementPart
2021-11-21T23:53:26,212|[TRACE] graph - -------> nonSkippedChar
2021-11-21T23:53:26,212|[TRACE] script - #out(`p`) [token]
2021-11-21T23:53:26,212|[TRACE] graph - <------- nonSkippedChar
2021-11-21T23:53:26,212|[TRACE] graph - <----- statementPart
2021-11-21T23:53:26,212|[TRACE] graph - -----> statementPart
2021-11-21T23:53:26,212|[TRACE] graph - -------> nonSkippedChar
2021-11-21T23:53:26,212|[TRACE] script - #out(`(`) [token]
2021-11-21T23:53:26,212|[TRACE] graph - <------- nonSkippedChar
2021-11-21T23:53:26,212|[TRACE] graph - <----- statementPart
2021-11-21T23:53:26,212|[TRACE] graph - -----> statementPart
2021-11-21T23:53:26,212|[TRACE] graph - -------> nonSkippedChar
2021-11-21T23:53:26,212|[TRACE] script - #out(`n`) [token]
2021-11-21T23:53:26,212|[TRACE] graph - <------- nonSkippedChar
2021-11-21T23:53:26,212|[TRACE] graph - <----- statementPart
2021-11-21T23:53:26,212|[TRACE] graph - -----> statementPart
2021-11-21T23:53:26,212|[TRACE] graph - -------> nonSkippedChar
2021-11-21T23:53:26,212|[TRACE] script - #out(`o`) [token]
2021-11-21T23:53:26,212|[TRACE] graph - <------- nonSkippedChar
2021-11-21T23:53:26,212|[TRACE] graph - <----- statementPart
2021-11-21T23:53:26,212|[TRACE] graph - -----> statementPart
2021-11-21T23:53:26,212|[TRACE] graph - -------> nonSkippedChar
2021-11-21T23:53:26,212|[TRACE] script - #out(`w`) [token]
2021-11-21T23:53:26,212|[TRACE] graph - <------- nonSkippedChar
2021-11-21T23:53:26,212|[TRACE] graph - <----- statementPart
2021-11-21T23:53:26,212|[TRACE] graph - -----> statementPart
2021-11-21T23:53:26,212|[TRACE] graph - -------> nonSkippedChar
2021-11-21T23:53:26,212|[TRACE] script - #out(`(`) [token]
2021-11-21T23:53:26,212|[TRACE] graph - <------- nonSkippedChar
2021-11-21T23:53:26,212|[TRACE] graph - <----- statementPart
2021-11-21T23:53:26,212|[TRACE] graph - -----> statementPart
2021-11-21T23:53:26,212|[TRACE] graph - -------> nonSkippedChar
2021-11-21T23:53:26,212|[TRACE] script - #out(`)`) [token]
2021-11-21T23:53:26,212|[TRACE] graph - <------- nonSkippedChar
2021-11-21T23:53:26,212|[TRACE] graph - <----- statementPart
2021-11-21T23:53:26,212|[TRACE] graph - -----> statementPart
2021-11-21T23:53:26,212|[TRACE] graph - -------> nonSkippedChar
2021-11-21T23:53:26,212|[TRACE] script - #out(`)`) [token]
2021-11-21T23:53:26,212|[TRACE] graph - <------- nonSkippedChar
2021-11-21T23:53:26,212|[TRACE] graph - <----- statementPart
2021-11-21T23:53:26,212|[TRACE] graph - -----> statementPart
2021-11-21T23:53:26,212|[TRACE] graph - -------> nonSkippedSpace
2021-11-21T23:53:26,212|[TRACE] script - #out(` `) [token]
2021-11-21T23:53:26,212|[TRACE] graph - <------- nonSkippedSpace
2021-11-21T23:53:26,212|[TRACE] graph - <----- statementPart
2021-11-21T23:53:26,212|[TRACE] graph - -----> statementPart
2021-11-21T23:53:26,212|[TRACE] graph - -------> nonSkippedChar
2021-11-21T23:53:26,212|[TRACE] script - #out(`*`) [token]
2021-11-21T23:53:26,212|[TRACE] graph - <------- nonSkippedChar
2021-11-21T23:53:26,212|[TRACE] graph - <----- statementPart
2021-11-21T23:53:26,212|[TRACE] graph - -----> statementPart
2021-11-21T23:53:26,212|[TRACE] graph - -------> nonSkippedSpace
2021-11-21T23:53:26,212|[TRACE] script - #out(` `) [token]
2021-11-21T23:53:26,212|[TRACE] graph - <------- nonSkippedSpace
2021-11-21T23:53:26,212|[TRACE] graph - <----- statementPart
2021-11-21T23:53:26,212|[TRACE] graph - -----> statementPart
2021-11-21T23:53:26,212|[TRACE] graph - -------> nonSkippedChar
2021-11-21T23:53:26,212|[TRACE] script - #out(`1`) [token]
2021-11-21T23:53:26,212|[TRACE] graph - <------- nonSkippedChar
2021-11-21T23:53:26,212|[TRACE] graph - <----- statementPart
2021-11-21T23:53:26,212|[TRACE] graph - -----> statementPart
2021-11-21T23:53:26,212|[TRACE] graph - -------> nonSkippedChar
2021-11-21T23:53:26,212|[TRACE] script - #out(`0`) [token]
2021-11-21T23:53:26,212|[TRACE] graph - <------- nonSkippedChar
2021-11-21T23:53:26,212|[TRACE] graph - <----- statementPart
2021-11-21T23:53:26,212|[TRACE] graph - -----> statementPart
2021-11-21T23:53:26,212|[TRACE] graph - -------> nonSkippedChar
2021-11-21T23:53:26,212|[TRACE] script - #out(`0`) [token]
2021-11-21T23:53:26,212|[TRACE] graph - <------- nonSkippedChar
2021-11-21T23:53:26,212|[TRACE] graph - <----- statementPart
2021-11-21T23:53:26,212|[TRACE] graph - -----> statementPart
2021-11-21T23:53:26,212|[TRACE] graph - -------> nonSkippedChar
2021-11-21T23:53:26,212|[TRACE] script - #out(`0`) [token]
2021-11-21T23:53:26,212|[TRACE] graph - <------- nonSkippedChar
2021-11-21T23:53:26,212|[TRACE] graph - <----- statementPart
2021-11-21T23:53:26,212|[TRACE] graph - -----> statementPart
2021-11-21T23:53:26,212|[TRACE] graph - -------> nonSkippedChar
2021-11-21T23:53:26,212|[TRACE] script - #out(`)`) [token]
2021-11-21T23:53:26,212|[TRACE] graph - <------- nonSkippedChar
2021-11-21T23:53:26,212|[TRACE] graph - <----- statementPart
2021-11-21T23:53:26,212|[TRACE] graph - -----> statementPart
2021-11-21T23:53:26,212|[TRACE] graph - -------> nonSkippedChar
2021-11-21T23:53:26,212|[TRACE] script - #out(`,`) [token]
2021-11-21T23:53:26,212|[TRACE] graph - <------- nonSkippedChar
2021-11-21T23:53:26,212|[TRACE] graph - <----- statementPart
2021-11-21T23:53:26,212|[TRACE] graph - -----> afterStatementPartNewline
2021-11-21T23:53:26,212|[TRACE] script - #out(` `) [text]
2021-11-21T23:53:26,212|[TRACE] graph - <----- afterStatementPartNewline
2021-11-21T23:53:26,212|[TRACE] graph - -----> statementPart
2021-11-21T23:53:26,212|[TRACE] graph - -------> nonSkippedSpace
2021-11-21T23:53:26,212|[TRACE] script - #out(` `) [token]
2021-11-21T23:53:26,212|[TRACE] graph - <------- nonSkippedSpace
2021-11-21T23:53:26,212|[TRACE] graph - <----- statementPart
2021-11-21T23:53:26,212|[TRACE] graph - -----> statementPart
2021-11-21T23:53:26,212|[TRACE] graph - -------> nonSkippedSpace
2021-11-21T23:53:26,212|[TRACE] script - #out(` `) [token]
2021-11-21T23:53:26,212|[TRACE] graph - <------- nonSkippedSpace
2021-11-21T23:53:26,212|[TRACE] graph - <----- statementPart
2021-11-21T23:53:26,212|[TRACE] graph - -----> statementPart
2021-11-21T23:53:26,212|[TRACE] graph - -------> quotedString
2021-11-21T23:53:26,212|[TRACE] script - #out(``updated``) [token]
2021-11-21T23:53:26,212|[TRACE] graph - <------- quotedString
2021-11-21T23:53:26,212|[TRACE] graph - <----- statementPart
2021-11-21T23:53:26,212|[TRACE] graph - -----> statementPart
2021-11-21T23:53:26,212|[TRACE] graph - -------> nonSkippedSpace
2021-11-21T23:53:26,212|[TRACE] script - #out(` `) [token]
2021-11-21T23:53:26,212|[TRACE] graph - <------- nonSkippedSpace
2021-11-21T23:53:26,212|[TRACE] graph - <----- statementPart
2021-11-21T23:53:26,212|[TRACE] graph - -----> statementPart
2021-11-21T23:53:26,212|[TRACE] graph - -------> nonSkippedChar
2021-11-21T23:53:26,212|[TRACE] script - #out(`B`) [token]
2021-11-21T23:53:26,212|[TRACE] graph - <------- nonSkippedChar
2021-11-21T23:53:26,212|[TRACE] graph - <----- statementPart
2021-11-21T23:53:26,212|[TRACE] graph - -----> statementPart
2021-11-21T23:53:26,212|[TRACE] graph - -------> nonSkippedChar
2021-11-21T23:53:26,212|[TRACE] script - #out(`I`) [token]
2021-11-21T23:53:26,212|[TRACE] graph - <------- nonSkippedChar
2021-11-21T23:53:26,212|[TRACE] graph - <----- statementPart
2021-11-21T23:53:26,212|[TRACE] graph - -----> statementPart
2021-11-21T23:53:26,212|[TRACE] graph - -------> nonSkippedChar
2021-11-21T23:53:26,212|[TRACE] script - #out(`G`) [token]
2021-11-21T23:53:26,212|[TRACE] graph - <------- nonSkippedChar
2021-11-21T23:53:26,212|[TRACE] graph - <----- statementPart
2021-11-21T23:53:26,212|[TRACE] graph - -----> statementPart
2021-11-21T23:53:26,212|[TRACE] graph - -------> nonSkippedChar
2021-11-21T23:53:26,212|[TRACE] script - #out(`I`) [token]
2021-11-21T23:53:26,212|[TRACE] graph - <------- nonSkippedChar
2021-11-21T23:53:26,212|[TRACE] graph - <----- statementPart
2021-11-21T23:53:26,212|[TRACE] graph - -----> statementPart
2021-11-21T23:53:26,212|[TRACE] graph - -------> nonSkippedChar
2021-11-21T23:53:26,212|[TRACE] script - #out(`N`) [token]
2021-11-21T23:53:26,212|[TRACE] graph - <------- nonSkippedChar
2021-11-21T23:53:26,212|[TRACE] graph - <----- statementPart
2021-11-21T23:53:26,212|[TRACE] graph - -----> statementPart
2021-11-21T23:53:26,212|[TRACE] graph - -------> nonSkippedChar
2021-11-21T23:53:26,212|[TRACE] script - #out(`T`) [token]
2021-11-21T23:53:26,212|[TRACE] graph - <------- nonSkippedChar
2021-11-21T23:53:26,212|[TRACE] graph - <----- statementPart
2021-11-21T23:53:26,212|[TRACE] graph - -----> statementPart
2021-11-21T23:53:26,213|[TRACE] graph - -------> nonSkippedSpace
2021-11-21T23:53:26,213|[TRACE] script - #out(` `) [token]
2021-11-21T23:53:26,213|[TRACE] graph - <------- nonSkippedSpace
2021-11-21T23:53:26,213|[TRACE] graph - <----- statementPart
2021-11-21T23:53:26,213|[TRACE] graph - -----> statementPart
2021-11-21T23:53:26,213|[TRACE] graph - -------> nonSkippedChar
2021-11-21T23:53:26,213|[TRACE] script - #out(`N`) [token]
2021-11-21T23:53:26,213|[TRACE] graph - <------- nonSkippedChar
2021-11-21T23:53:26,213|[TRACE] graph - <----- statementPart
2021-11-21T23:53:26,213|[TRACE] graph - -----> statementPart
2021-11-21T23:53:26,213|[TRACE] graph - -------> nonSkippedChar
2021-11-21T23:53:26,213|[TRACE] script - #out(`O`) [token]
2021-11-21T23:53:26,213|[TRACE] graph - <------- nonSkippedChar
2021-11-21T23:53:26,213|[TRACE] graph - <----- statementPart
2021-11-21T23:53:26,213|[TRACE] graph - -----> statementPart
2021-11-21T23:53:26,213|[TRACE] graph - -------> nonSkippedChar
2021-11-21T23:53:26,213|[TRACE] script - #out(`T`) [token]
2021-11-21T23:53:26,213|[TRACE] graph - <------- nonSkippedChar
2021-11-21T23:53:26,213|[TRACE] graph - <----- statementPart
2021-11-21T23:53:26,213|[TRACE] graph - -----> statementPart
2021-11-21T23:53:26,213|[TRACE] graph - -------> nonSkippedSpace
2021-11-21T23:53:26,213|[TRACE] script - #out(` `) [token]
2021-11-21T23:53:26,213|[TRACE] graph - <------- nonSkippedSpace
2021-11-21T23:53:26,213|[TRACE] graph - <----- statementPart
2021-11-21T23:53:26,213|[TRACE] graph - -----> statementPart
2021-11-21T23:53:26,213|[TRACE] graph - -------> nonSkippedChar
2021-11-21T23:53:26,213|[TRACE] script - #out(`N`) [token]
2021-11-21T23:53:26,213|[TRACE] graph - <------- nonSkippedChar
2021-11-21T23:53:26,213|[TRACE] graph - <----- statementPart
2021-11-21T23:53:26,213|[TRACE] graph - -----> statementPart
2021-11-21T23:53:26,213|[TRACE] graph - -------> nonSkippedChar
2021-11-21T23:53:26,213|[TRACE] script - #out(`U`) [token]
2021-11-21T23:53:26,213|[TRACE] graph - <------- nonSkippedChar
2021-11-21T23:53:26,213|[TRACE] graph - <----- statementPart
2021-11-21T23:53:26,213|[TRACE] graph - -----> statementPart
2021-11-21T23:53:26,213|[TRACE] graph - -------> nonSkippedChar
2021-11-21T23:53:26,213|[TRACE] script - #out(`L`) [token]
2021-11-21T23:53:26,213|[TRACE] graph - <------- nonSkippedChar
2021-11-21T23:53:26,213|[TRACE] graph - <----- statementPart
2021-11-21T23:53:26,213|[TRACE] graph - -----> statementPart
2021-11-21T23:53:26,213|[TRACE] graph - -------> nonSkippedChar
2021-11-21T23:53:26,213|[TRACE] script - #out(`L`) [token]
2021-11-21T23:53:26,213|[TRACE] graph - <------- nonSkippedChar
2021-11-21T23:53:26,213|[TRACE] graph - <----- statementPart
2021-11-21T23:53:26,213|[TRACE] graph - -----> statementPart
2021-11-21T23:53:26,213|[TRACE] graph - -------> nonSkippedSpace
2021-11-21T23:53:26,213|[TRACE] script - #out(` `) [token]
2021-11-21T23:53:26,213|[TRACE] graph - <------- nonSkippedSpace
2021-11-21T23:53:26,213|[TRACE] graph - <----- statementPart
2021-11-21T23:53:26,213|[TRACE] graph - -----> statementPart
2021-11-21T23:53:26,213|[TRACE] graph - -------> nonSkippedChar
2021-11-21T23:53:26,213|[TRACE] script - #out(`D`) [token]
2021-11-21T23:53:26,213|[TRACE] graph - <------- nonSkippedChar
2021-11-21T23:53:26,213|[TRACE] graph - <----- statementPart
2021-11-21T23:53:26,213|[TRACE] graph - -----> statementPart
2021-11-21T23:53:26,213|[TRACE] graph - -------> nonSkippedChar
2021-11-21T23:53:26,213|[TRACE] script - #out(`E`) [token]
2021-11-21T23:53:26,213|[TRACE] graph - <------- nonSkippedChar
2021-11-21T23:53:26,213|[TRACE] graph - <----- statementPart
2021-11-21T23:53:26,213|[TRACE] graph - -----> statementPart
2021-11-21T23:53:26,213|[TRACE] graph - -------> nonSkippedChar
2021-11-21T23:53:26,213|[TRACE] script - #out(`F`) [token]
2021-11-21T23:53:26,213|[TRACE] graph - <------- nonSkippedChar
2021-11-21T23:53:26,213|[TRACE] graph - <----- statementPart
2021-11-21T23:53:26,213|[TRACE] graph - -----> statementPart
2021-11-21T23:53:26,213|[TRACE] graph - -------> nonSkippedChar
2021-11-21T23:53:26,213|[TRACE] script - #out(`A`) [token]
2021-11-21T23:53:26,213|[TRACE] graph - <------- nonSkippedChar
2021-11-21T23:53:26,213|[TRACE] graph - <----- statementPart
2021-11-21T23:53:26,213|[TRACE] graph - -----> statementPart
2021-11-21T23:53:26,213|[TRACE] graph - -------> nonSkippedChar
2021-11-21T23:53:26,213|[TRACE] script - #out(`U`) [token]
2021-11-21T23:53:26,213|[TRACE] graph - <------- nonSkippedChar
2021-11-21T23:53:26,213|[TRACE] graph - <----- statementPart
2021-11-21T23:53:26,213|[TRACE] graph - -----> statementPart
2021-11-21T23:53:26,213|[TRACE] graph - -------> nonSkippedChar
2021-11-21T23:53:26,213|[TRACE] script - #out(`L`) [token]
2021-11-21T23:53:26,213|[TRACE] graph - <------- nonSkippedChar
2021-11-21T23:53:26,213|[TRACE] graph - <----- statementPart
2021-11-21T23:53:26,213|[TRACE] graph - -----> statementPart
2021-11-21T23:53:26,213|[TRACE] graph - -------> nonSkippedChar
2021-11-21T23:53:26,213|[TRACE] script - #out(`T`) [token]
2021-11-21T23:53:26,213|[TRACE] graph - <------- nonSkippedChar
2021-11-21T23:53:26,213|[TRACE] graph - <----- statementPart
2021-11-21T23:53:26,213|[TRACE] graph - -----> statementPart
2021-11-21T23:53:26,213|[TRACE] graph - -------> nonSkippedSpace
2021-11-21T23:53:26,213|[TRACE] script - #out(` `) [token]
2021-11-21T23:53:26,213|[TRACE] graph - <------- nonSkippedSpace
2021-11-21T23:53:26,213|[TRACE] graph - <----- statementPart
2021-11-21T23:53:26,213|[TRACE] graph - -----> statementPart
2021-11-21T23:53:26,213|[TRACE] graph - -------> nonSkippedChar
2021-11-21T23:53:26,213|[TRACE] script - #out(`(`) [token]
2021-11-21T23:53:26,213|[TRACE] graph - <------- nonSkippedChar
2021-11-21T23:53:26,213|[TRACE] graph - <----- statementPart
2021-11-21T23:53:26,213|[TRACE] graph - -----> statementPart
2021-11-21T23:53:26,213|[TRACE] graph - -------> nonSkippedChar
2021-11-21T23:53:26,213|[TRACE] script - #out(`u`) [token]
2021-11-21T23:53:26,213|[TRACE] graph - <------- nonSkippedChar
2021-11-21T23:53:26,213|[TRACE] graph - <----- statementPart
2021-11-21T23:53:26,213|[TRACE] graph - -----> statementPart
2021-11-21T23:53:26,213|[TRACE] graph - -------> nonSkippedChar
2021-11-21T23:53:26,213|[TRACE] script - #out(`n`) [token]
2021-11-21T23:53:26,253|[TRACE] graph - <------- nonSkippedChar
2021-11-21T23:53:26,253|[TRACE] graph - <----- statementPart
2021-11-21T23:53:26,253|[TRACE] graph - -----> statementPart
2021-11-21T23:53:26,253|[TRACE] graph - -------> nonSkippedChar
2021-11-21T23:53:26,253|[TRACE] script - #out(`i`) [token]
2021-11-21T23:53:26,253|[TRACE] graph - <------- nonSkippedChar
2021-11-21T23:53:26,253|[TRACE] graph - <----- statementPart
2021-11-21T23:53:26,253|[TRACE] graph - -----> statementPart
2021-11-21T23:53:26,253|[TRACE] graph - -------> nonSkippedChar
2021-11-21T23:53:26,253|[TRACE] script - #out(`x`) [token]
2021-11-21T23:53:26,253|[TRACE] graph - <------- nonSkippedChar
2021-11-21T23:53:26,253|[TRACE] graph - <----- statementPart
2021-11-21T23:53:26,253|[TRACE] graph - -----> statementPart
2021-11-21T23:53:26,253|[TRACE] graph - -------> nonSkippedChar
2021-11-21T23:53:26,253|[TRACE] script - #out(`_`) [token]
2021-11-21T23:53:26,253|[TRACE] graph - <------- nonSkippedChar
2021-11-21T23:53:26,253|[TRACE] graph - <----- statementPart
2021-11-21T23:53:26,253|[TRACE] graph - -----> statementPart
2021-11-21T23:53:26,253|[TRACE] graph - -------> nonSkippedChar
2021-11-21T23:53:26,253|[TRACE] script - #out(`t`) [token]
2021-11-21T23:53:26,253|[TRACE] graph - <------- nonSkippedChar
2021-11-21T23:53:26,253|[TRACE] graph - <----- statementPart
2021-11-21T23:53:26,253|[TRACE] graph - -----> statementPart
2021-11-21T23:53:26,253|[TRACE] graph - -------> nonSkippedChar
2021-11-21T23:53:26,253|[TRACE] script - #out(`i`) [token]
2021-11-21T23:53:26,253|[TRACE] graph - <------- nonSkippedChar
2021-11-21T23:53:26,253|[TRACE] graph - <----- statementPart
2021-11-21T23:53:26,253|[TRACE] graph - -----> statementPart
2021-11-21T23:53:26,253|[TRACE] graph - -------> nonSkippedChar
2021-11-21T23:53:26,253|[TRACE] script - #out(`m`) [token]
2021-11-21T23:53:26,253|[TRACE] graph - <------- nonSkippedChar
2021-11-21T23:53:26,253|[TRACE] graph - <----- statementPart
2021-11-21T23:53:26,253|[TRACE] graph - -----> statementPart
2021-11-21T23:53:26,253|[TRACE] graph - -------> nonSkippedChar
2021-11-21T23:53:26,253|[TRACE] script - #out(`e`) [token]
2021-11-21T23:53:26,253|[TRACE] graph - <------- nonSkippedChar
2021-11-21T23:53:26,253|[TRACE] graph - <----- statementPart
2021-11-21T23:53:26,253|[TRACE] graph - -----> statementPart
2021-11-21T23:53:26,253|[TRACE] graph - -------> nonSkippedChar
2021-11-21T23:53:26,253|[TRACE] script - #out(`s`) [token]
2021-11-21T23:53:26,253|[TRACE] graph - <------- nonSkippedChar
2021-11-21T23:53:26,253|[TRACE] graph - <----- statementPart
2021-11-21T23:53:26,253|[TRACE] graph - -----> statementPart
2021-11-21T23:53:26,253|[TRACE] graph - -------> nonSkippedChar
2021-11-21T23:53:26,253|[TRACE] script - #out(`t`) [token]
2021-11-21T23:53:26,253|[TRACE] graph - <------- nonSkippedChar
2021-11-21T23:53:26,253|[TRACE] graph - <----- statementPart
2021-11-21T23:53:26,253|[TRACE] graph - -----> statementPart
2021-11-21T23:53:26,253|[TRACE] graph - -------> nonSkippedChar
2021-11-21T23:53:26,253|[TRACE] script - #out(`a`) [token]
2021-11-21T23:53:26,253|[TRACE] graph - <------- nonSkippedChar
2021-11-21T23:53:26,253|[TRACE] graph - <----- statementPart
2021-11-21T23:53:26,253|[TRACE] graph - -----> statementPart
2021-11-21T23:53:26,253|[TRACE] graph - -------> nonSkippedChar
2021-11-21T23:53:26,253|[TRACE] script - #out(`m`) [token]
2021-11-21T23:53:26,253|[TRACE] graph - <------- nonSkippedChar
2021-11-21T23:53:26,253|[TRACE] graph - <----- statementPart
2021-11-21T23:53:26,253|[TRACE] graph - -----> statementPart
2021-11-21T23:53:26,253|[TRACE] graph - -------> nonSkippedChar
2021-11-21T23:53:26,253|[TRACE] script - #out(`p`) [token]
2021-11-21T23:53:26,253|[TRACE] graph - <------- nonSkippedChar
2021-11-21T23:53:26,253|[TRACE] graph - <----- statementPart
2021-11-21T23:53:26,253|[TRACE] graph - -----> statementPart
2021-11-21T23:53:26,253|[TRACE] graph - -------> nonSkippedChar
2021-11-21T23:53:26,253|[TRACE] script - #out(`(`) [token]
2021-11-21T23:53:26,253|[TRACE] graph - <------- nonSkippedChar
2021-11-21T23:53:26,253|[TRACE] graph - <----- statementPart
2021-11-21T23:53:26,253|[TRACE] graph - -----> statementPart
2021-11-21T23:53:26,253|[TRACE] graph - -------> nonSkippedChar
2021-11-21T23:53:26,253|[TRACE] script - #out(`n`) [token]
2021-11-21T23:53:26,253|[TRACE] graph - <------- nonSkippedChar
2021-11-21T23:53:26,253|[TRACE] graph - <----- statementPart
2021-11-21T23:53:26,253|[TRACE] graph - -----> statementPart
2021-11-21T23:53:26,253|[TRACE] graph - -------> nonSkippedChar
2021-11-21T23:53:26,253|[TRACE] script - #out(`o`) [token]
2021-11-21T23:53:26,253|[TRACE] graph - <------- nonSkippedChar
2021-11-21T23:53:26,253|[TRACE] graph - <----- statementPart
2021-11-21T23:53:26,253|[TRACE] graph - -----> statementPart
2021-11-21T23:53:26,253|[TRACE] graph - -------> nonSkippedChar
2021-11-21T23:53:26,253|[TRACE] script - #out(`w`) [token]
2021-11-21T23:53:26,253|[TRACE] graph - <------- nonSkippedChar
2021-11-21T23:53:26,253|[TRACE] graph - <----- statementPart
2021-11-21T23:53:26,253|[TRACE] graph - -----> statementPart
2021-11-21T23:53:26,253|[TRACE] graph - -------> nonSkippedChar
2021-11-21T23:53:26,253|[TRACE] script - #out(`(`) [token]
2021-11-21T23:53:26,253|[TRACE] graph - <------- nonSkippedChar
2021-11-21T23:53:26,253|[TRACE] graph - <----- statementPart
2021-11-21T23:53:26,253|[TRACE] graph - -----> statementPart
2021-11-21T23:53:26,253|[TRACE] graph - -------> nonSkippedChar
2021-11-21T23:53:26,253|[TRACE] script - #out(`)`) [token]
2021-11-21T23:53:26,253|[TRACE] graph - <------- nonSkippedChar
2021-11-21T23:53:26,253|[TRACE] graph - <----- statementPart
2021-11-21T23:53:26,253|[TRACE] graph - -----> statementPart
2021-11-21T23:53:26,253|[TRACE] graph - -------> nonSkippedChar
2021-11-21T23:53:26,253|[TRACE] script - #out(`)`) [token]
2021-11-21T23:53:26,253|[TRACE] graph - <------- nonSkippedChar
2021-11-21T23:53:26,253|[TRACE] graph - <----- statementPart
2021-11-21T23:53:26,253|[TRACE] graph - -----> statementPart
2021-11-21T23:53:26,253|[TRACE] graph - -------> nonSkippedSpace
2021-11-21T23:53:26,253|[TRACE] script - #out(` `) [token]
2021-11-21T23:53:26,253|[TRACE] graph - <------- nonSkippedSpace
2021-11-21T23:53:26,253|[TRACE] graph - <----- statementPart
2021-11-21T23:53:26,253|[TRACE] graph - -----> statementPart
2021-11-21T23:53:26,253|[TRACE] graph - -------> nonSkippedChar
2021-11-21T23:53:26,253|[TRACE] script - #out(`*`) [token]
2021-11-21T23:53:26,253|[TRACE] graph - <------- nonSkippedChar
2021-11-21T23:53:26,253|[TRACE] graph - <----- statementPart
2021-11-21T23:53:26,253|[TRACE] graph - -----> statementPart
2021-11-21T23:53:26,253|[TRACE] graph - -------> nonSkippedSpace
2021-11-21T23:53:26,253|[TRACE] script - #out(` `) [token]
2021-11-21T23:53:26,253|[TRACE] graph - <------- nonSkippedSpace
2021-11-21T23:53:26,253|[TRACE] graph - <----- statementPart
2021-11-21T23:53:26,253|[TRACE] graph - -----> statementPart
2021-11-21T23:53:26,253|[TRACE] graph - -------> nonSkippedChar
2021-11-21T23:53:26,253|[TRACE] script - #out(`1`) [token]
2021-11-21T23:53:26,253|[TRACE] graph - <------- nonSkippedChar
2021-11-21T23:53:26,253|[TRACE] graph - <----- statementPart
2021-11-21T23:53:26,253|[TRACE] graph - -----> statementPart
2021-11-21T23:53:26,253|[TRACE] graph - -------> nonSkippedChar
2021-11-21T23:53:26,253|[TRACE] script - #out(`0`) [token]
2021-11-21T23:53:26,253|[TRACE] graph - <------- nonSkippedChar
2021-11-21T23:53:26,253|[TRACE] graph - <----- statementPart
2021-11-21T23:53:26,253|[TRACE] graph - -----> statementPart
2021-11-21T23:53:26,253|[TRACE] graph - -------> nonSkippedChar
2021-11-21T23:53:26,253|[TRACE] script - #out(`0`) [token]
2021-11-21T23:53:26,253|[TRACE] graph - <------- nonSkippedChar
2021-11-21T23:53:26,253|[TRACE] graph - <----- statementPart
2021-11-21T23:53:26,253|[TRACE] graph - -----> statementPart
2021-11-21T23:53:26,253|[TRACE] graph - -------> nonSkippedChar
2021-11-21T23:53:26,253|[TRACE] script - #out(`0`) [token]
2021-11-21T23:53:26,253|[TRACE] graph - <------- nonSkippedChar
2021-11-21T23:53:26,253|[TRACE] graph - <----- statementPart
2021-11-21T23:53:26,253|[TRACE] graph - -----> statementPart
2021-11-21T23:53:26,253|[TRACE] graph - -------> nonSkippedChar
2021-11-21T23:53:26,253|[TRACE] script - #out(`)`) [token]
2021-11-21T23:53:26,253|[TRACE] graph - <------- nonSkippedChar
2021-11-21T23:53:26,253|[TRACE] graph - <----- statementPart
2021-11-21T23:53:26,253|[TRACE] graph - -----> statementPart
2021-11-21T23:53:26,253|[TRACE] graph - -------> nonSkippedChar
2021-11-21T23:53:26,253|[TRACE] script - #out(`,`) [token]
2021-11-21T23:53:26,253|[TRACE] graph - <------- nonSkippedChar
2021-11-21T23:53:26,253|[TRACE] graph - <----- statementPart
2021-11-21T23:53:26,253|[TRACE] graph - -----> afterStatementPartNewline
2021-11-21T23:53:26,253|[TRACE] script - #out(` `) [text]
2021-11-21T23:53:26,253|[TRACE] graph - <----- afterStatementPartNewline
2021-11-21T23:53:26,253|[TRACE] graph - -----> statementPart
2021-11-21T23:53:26,253|[TRACE] graph - -------> nonSkippedSpace
2021-11-21T23:53:26,253|[TRACE] script - #out(` `) [token]
2021-11-21T23:53:26,253|[TRACE] graph - <------- nonSkippedSpace
2021-11-21T23:53:26,253|[TRACE] graph - <----- statementPart
2021-11-21T23:53:26,253|[TRACE] graph - -----> statementPart
2021-11-21T23:53:26,253|[TRACE] graph - -------> nonSkippedSpace
2021-11-21T23:53:26,253|[TRACE] script - #out(` `) [token]
2021-11-21T23:53:26,253|[TRACE] graph - <------- nonSkippedSpace
2021-11-21T23:53:26,253|[TRACE] graph - <----- statementPart
2021-11-21T23:53:26,253|[TRACE] graph - -----> statementPart
2021-11-21T23:53:26,253|[TRACE] graph - -------> quotedString
2021-11-21T23:53:26,253|[TRACE] script - #out(``version``) [token]
2021-11-21T23:53:26,253|[TRACE] graph - <------- quotedString
2021-11-21T23:53:26,253|[TRACE] graph - <----- statementPart
2021-11-21T23:53:26,253|[TRACE] graph - -----> statementPart
2021-11-21T23:53:26,253|[TRACE] graph - -------> nonSkippedSpace
2021-11-21T23:53:26,253|[TRACE] script - #out(` `) [token]
2021-11-21T23:53:26,253|[TRACE] graph - <------- nonSkippedSpace
2021-11-21T23:53:26,253|[TRACE] graph - <----- statementPart
2021-11-21T23:53:26,253|[TRACE] graph - -----> statementPart
2021-11-21T23:53:26,253|[TRACE] graph - -------> nonSkippedChar
2021-11-21T23:53:26,253|[TRACE] script - #out(`I`) [token]
2021-11-21T23:53:26,253|[TRACE] graph - <------- nonSkippedChar
2021-11-21T23:53:26,253|[TRACE] graph - <----- statementPart
2021-11-21T23:53:26,253|[TRACE] graph - -----> statementPart
2021-11-21T23:53:26,253|[TRACE] graph - -------> nonSkippedChar
2021-11-21T23:53:26,253|[TRACE] script - #out(`N`) [token]
2021-11-21T23:53:26,253|[TRACE] graph - <------- nonSkippedChar
2021-11-21T23:53:26,253|[TRACE] graph - <----- statementPart
2021-11-21T23:53:26,253|[TRACE] graph - -----> statementPart
2021-11-21T23:53:26,253|[TRACE] graph - -------> nonSkippedChar
2021-11-21T23:53:26,253|[TRACE] script - #out(`T`) [token]
2021-11-21T23:53:26,253|[TRACE] graph - <------- nonSkippedChar
2021-11-21T23:53:26,253|[TRACE] graph - <----- statementPart
2021-11-21T23:53:26,253|[TRACE] graph - -----> statementPart
2021-11-21T23:53:26,253|[TRACE] graph - -------> nonSkippedSpace
2021-11-21T23:53:26,253|[TRACE] script - #out(` `) [token]
2021-11-21T23:53:26,253|[TRACE] graph - <------- nonSkippedSpace
2021-11-21T23:53:26,253|[TRACE] graph - <----- statementPart
2021-11-21T23:53:26,253|[TRACE] graph - -----> statementPart
2021-11-21T23:53:26,253|[TRACE] graph - -------> nonSkippedChar
2021-11-21T23:53:26,253|[TRACE] script - #out(`N`) [token]
2021-11-21T23:53:26,253|[TRACE] graph - <------- nonSkippedChar
2021-11-21T23:53:26,253|[TRACE] graph - <----- statementPart
2021-11-21T23:53:26,253|[TRACE] graph - -----> statementPart
2021-11-21T23:53:26,253|[TRACE] graph - -------> nonSkippedChar
2021-11-21T23:53:26,253|[TRACE] script - #out(`O`) [token]
2021-11-21T23:53:26,253|[TRACE] graph - <------- nonSkippedChar
2021-11-21T23:53:26,253|[TRACE] graph - <----- statementPart
2021-11-21T23:53:26,253|[TRACE] graph - -----> statementPart
2021-11-21T23:53:26,253|[TRACE] graph - -------> nonSkippedChar
2021-11-21T23:53:26,253|[TRACE] script - #out(`T`) [token]
2021-11-21T23:53:26,253|[TRACE] graph - <------- nonSkippedChar
2021-11-21T23:53:26,253|[TRACE] graph - <----- statementPart
2021-11-21T23:53:26,253|[TRACE] graph - -----> statementPart
2021-11-21T23:53:26,253|[TRACE] graph - -------> nonSkippedSpace
2021-11-21T23:53:26,253|[TRACE] script - #out(` `) [token]
2021-11-21T23:53:26,253|[TRACE] graph - <------- nonSkippedSpace
2021-11-21T23:53:26,253|[TRACE] graph - <----- statementPart
2021-11-21T23:53:26,253|[TRACE] graph - -----> statementPart
2021-11-21T23:53:26,253|[TRACE] graph - -------> nonSkippedChar
2021-11-21T23:53:26,253|[TRACE] script - #out(`N`) [token]
2021-11-21T23:53:26,253|[TRACE] graph - <------- nonSkippedChar
2021-11-21T23:53:26,253|[TRACE] graph - <----- statementPart
2021-11-21T23:53:26,253|[TRACE] graph - -----> statementPart
2021-11-21T23:53:26,253|[TRACE] graph - -------> nonSkippedChar
2021-11-21T23:53:26,253|[TRACE] script - #out(`U`) [token]
2021-11-21T23:53:26,253|[TRACE] graph - <------- nonSkippedChar
2021-11-21T23:53:26,253|[TRACE] graph - <----- statementPart
2021-11-21T23:53:26,253|[TRACE] graph - -----> statementPart
2021-11-21T23:53:26,253|[TRACE] graph - -------> nonSkippedChar
2021-11-21T23:53:26,253|[TRACE] script - #out(`L`) [token]
2021-11-21T23:53:26,253|[TRACE] graph - <------- nonSkippedChar
2021-11-21T23:53:26,253|[TRACE] graph - <----- statementPart
2021-11-21T23:53:26,253|[TRACE] graph - -----> statementPart
2021-11-21T23:53:26,253|[TRACE] graph - -------> nonSkippedChar
2021-11-21T23:53:26,253|[TRACE] script - #out(`L`) [token]
2021-11-21T23:53:26,253|[TRACE] graph - <------- nonSkippedChar
2021-11-21T23:53:26,253|[TRACE] graph - <----- statementPart
2021-11-21T23:53:26,253|[TRACE] graph - -----> statementPart
2021-11-21T23:53:26,253|[TRACE] graph - -------> nonSkippedSpace
2021-11-21T23:53:26,253|[TRACE] script - #out(` `) [token]
2021-11-21T23:53:26,253|[TRACE] graph - <------- nonSkippedSpace
2021-11-21T23:53:26,253|[TRACE] graph - <----- statementPart
2021-11-21T23:53:26,253|[TRACE] graph - -----> statementPart
2021-11-21T23:53:26,253|[TRACE] graph - -------> nonSkippedChar
2021-11-21T23:53:26,253|[TRACE] script - #out(`D`) [token]
2021-11-21T23:53:26,253|[TRACE] graph - <------- nonSkippedChar
2021-11-21T23:53:26,253|[TRACE] graph - <----- statementPart
2021-11-21T23:53:26,253|[TRACE] graph - -----> statementPart
2021-11-21T23:53:26,253|[TRACE] graph - -------> nonSkippedChar
2021-11-21T23:53:26,253|[TRACE] script - #out(`E`) [token]
2021-11-21T23:53:26,253|[TRACE] graph - <------- nonSkippedChar
2021-11-21T23:53:26,253|[TRACE] graph - <----- statementPart
2021-11-21T23:53:26,253|[TRACE] graph - -----> statementPart
2021-11-21T23:53:26,253|[TRACE] graph - -------> nonSkippedChar
2021-11-21T23:53:26,253|[TRACE] script - #out(`F`) [token]
2021-11-21T23:53:26,253|[TRACE] graph - <------- nonSkippedChar
2021-11-21T23:53:26,253|[TRACE] graph - <----- statementPart
2021-11-21T23:53:26,253|[TRACE] graph - -----> statementPart
2021-11-21T23:53:26,253|[TRACE] graph - -------> nonSkippedChar
2021-11-21T23:53:26,253|[TRACE] script - #out(`A`) [token]
2021-11-21T23:53:26,253|[TRACE] graph - <------- nonSkippedChar
2021-11-21T23:53:26,253|[TRACE] graph - <----- statementPart
2021-11-21T23:53:26,253|[TRACE] graph - -----> statementPart
2021-11-21T23:53:26,253|[TRACE] graph - -------> nonSkippedChar
2021-11-21T23:53:26,253|[TRACE] script - #out(`U`) [token]
2021-11-21T23:53:26,253|[TRACE] graph - <------- nonSkippedChar
2021-11-21T23:53:26,253|[TRACE] graph - <----- statementPart
2021-11-21T23:53:26,253|[TRACE] graph - -----> statementPart
2021-11-21T23:53:26,253|[TRACE] graph - -------> nonSkippedChar
2021-11-21T23:53:26,253|[TRACE] script - #out(`L`) [token]
2021-11-21T23:53:26,253|[TRACE] graph - <------- nonSkippedChar
2021-11-21T23:53:26,253|[TRACE] graph - <----- statementPart
2021-11-21T23:53:26,253|[TRACE] graph - -----> statementPart
2021-11-21T23:53:26,253|[TRACE] graph - -------> nonSkippedChar
2021-11-21T23:53:26,254|[TRACE] script - #out(`T`) [token]
2021-11-21T23:53:26,254|[TRACE] graph - <------- nonSkippedChar
2021-11-21T23:53:26,254|[TRACE] graph - <----- statementPart
2021-11-21T23:53:26,254|[TRACE] graph - -----> statementPart
2021-11-21T23:53:26,254|[TRACE] graph - -------> nonSkippedSpace
2021-11-21T23:53:26,254|[TRACE] script - #out(` `) [token]
2021-11-21T23:53:26,254|[TRACE] graph - <------- nonSkippedSpace
2021-11-21T23:53:26,254|[TRACE] graph - <----- statementPart
2021-11-21T23:53:26,254|[TRACE] graph - -----> statementPart
2021-11-21T23:53:26,254|[TRACE] graph - -------> nonSkippedChar
2021-11-21T23:53:26,254|[TRACE] script - #out(`1`) [token]
2021-11-21T23:53:26,254|[TRACE] graph - <------- nonSkippedChar
2021-11-21T23:53:26,254|[TRACE] graph - <----- statementPart
2021-11-21T23:53:26,254|[TRACE] graph - -----> statementPart
2021-11-21T23:53:26,254|[TRACE] graph - -------> nonSkippedChar
2021-11-21T23:53:26,254|[TRACE] script - #out(`,`) [token]
2021-11-21T23:53:26,254|[TRACE] graph - <------- nonSkippedChar
2021-11-21T23:53:26,254|[TRACE] graph - <----- statementPart
2021-11-21T23:53:26,254|[TRACE] graph - -----> afterStatementPartNewline
2021-11-21T23:53:26,254|[TRACE] script - #out(` `) [text]
2021-11-21T23:53:26,254|[TRACE] graph - <----- afterStatementPartNewline
2021-11-21T23:53:26,254|[TRACE] graph - -----> statementPart
2021-11-21T23:53:26,254|[TRACE] graph - -------> nonSkippedSpace
2021-11-21T23:53:26,254|[TRACE] script - #out(` `) [token]
2021-11-21T23:53:26,254|[TRACE] graph - <------- nonSkippedSpace
2021-11-21T23:53:26,254|[TRACE] graph - <----- statementPart
2021-11-21T23:53:26,254|[TRACE] graph - -----> statementPart
2021-11-21T23:53:26,254|[TRACE] graph - -------> nonSkippedSpace
2021-11-21T23:53:26,254|[TRACE] script - #out(` `) [token]
2021-11-21T23:53:26,254|[TRACE] graph - <------- nonSkippedSpace
2021-11-21T23:53:26,254|[TRACE] graph - <----- statementPart
2021-11-21T23:53:26,254|[TRACE] graph - -----> statementPart
2021-11-21T23:53:26,254|[TRACE] graph - -------> nonSkippedChar
2021-11-21T23:53:26,254|[TRACE] script - #out(`P`) [token]
2021-11-21T23:53:26,254|[TRACE] graph - <------- nonSkippedChar
2021-11-21T23:53:26,254|[TRACE] graph - <----- statementPart
2021-11-21T23:53:26,254|[TRACE] graph - -----> statementPart
2021-11-21T23:53:26,254|[TRACE] graph - -------> nonSkippedChar
2021-11-21T23:53:26,254|[TRACE] script - #out(`R`) [token]
2021-11-21T23:53:26,254|[TRACE] graph - <------- nonSkippedChar
2021-11-21T23:53:26,254|[TRACE] graph - <----- statementPart
2021-11-21T23:53:26,254|[TRACE] graph - -----> statementPart
2021-11-21T23:53:26,254|[TRACE] graph - -------> nonSkippedChar
2021-11-21T23:53:26,254|[TRACE] script - #out(`I`) [token]
2021-11-21T23:53:26,254|[TRACE] graph - <------- nonSkippedChar
2021-11-21T23:53:26,254|[TRACE] graph - <----- statementPart
2021-11-21T23:53:26,254|[TRACE] graph - -----> statementPart
2021-11-21T23:53:26,254|[TRACE] graph - -------> nonSkippedChar
2021-11-21T23:53:26,254|[TRACE] script - #out(`M`) [token]
2021-11-21T23:53:26,254|[TRACE] graph - <------- nonSkippedChar
2021-11-21T23:53:26,254|[TRACE] graph - <----- statementPart
2021-11-21T23:53:26,254|[TRACE] graph - -----> statementPart
2021-11-21T23:53:26,254|[TRACE] graph - -------> nonSkippedChar
2021-11-21T23:53:26,254|[TRACE] script - #out(`A`) [token]
2021-11-21T23:53:26,254|[TRACE] graph - <------- nonSkippedChar
2021-11-21T23:53:26,254|[TRACE] graph - <----- statementPart
2021-11-21T23:53:26,254|[TRACE] graph - -----> statementPart
2021-11-21T23:53:26,254|[TRACE] graph - -------> nonSkippedChar
2021-11-21T23:53:26,254|[TRACE] script - #out(`R`) [token]
2021-11-21T23:53:26,254|[TRACE] graph - <------- nonSkippedChar
2021-11-21T23:53:26,254|[TRACE] graph - <----- statementPart
2021-11-21T23:53:26,254|[TRACE] graph - -----> statementPart
2021-11-21T23:53:26,254|[TRACE] graph - -------> nonSkippedChar
2021-11-21T23:53:26,254|[TRACE] script - #out(`Y`) [token]
2021-11-21T23:53:26,254|[TRACE] graph - <------- nonSkippedChar
2021-11-21T23:53:26,254|[TRACE] graph - <----- statementPart
2021-11-21T23:53:26,254|[TRACE] graph - -----> statementPart
2021-11-21T23:53:26,254|[TRACE] graph - -------> nonSkippedSpace
2021-11-21T23:53:26,254|[TRACE] script - #out(` `) [token]
2021-11-21T23:53:26,254|[TRACE] graph - <------- nonSkippedSpace
2021-11-21T23:53:26,254|[TRACE] graph - <----- statementPart
2021-11-21T23:53:26,254|[TRACE] graph - -----> statementPart
2021-11-21T23:53:26,254|[TRACE] graph - -------> nonSkippedChar
2021-11-21T23:53:26,254|[TRACE] script - #out(`K`) [token]
2021-11-21T23:53:26,254|[TRACE] graph - <------- nonSkippedChar
2021-11-21T23:53:26,254|[TRACE] graph - <----- statementPart
2021-11-21T23:53:26,254|[TRACE] graph - -----> statementPart
2021-11-21T23:53:26,254|[TRACE] graph - -------> nonSkippedChar
2021-11-21T23:53:26,254|[TRACE] script - #out(`E`) [token]
2021-11-21T23:53:26,254|[TRACE] graph - <------- nonSkippedChar
2021-11-21T23:53:26,254|[TRACE] graph - <----- statementPart
2021-11-21T23:53:26,254|[TRACE] graph - -----> statementPart
2021-11-21T23:53:26,254|[TRACE] graph - -------> nonSkippedChar
2021-11-21T23:53:26,254|[TRACE] script - #out(`Y`) [token]
2021-11-21T23:53:26,254|[TRACE] graph - <------- nonSkippedChar
2021-11-21T23:53:26,254|[TRACE] graph - <----- statementPart
2021-11-21T23:53:26,254|[TRACE] graph - -----> statementPart
2021-11-21T23:53:26,254|[TRACE] graph - -------> nonSkippedSpace
2021-11-21T23:53:26,254|[TRACE] script - #out(` `) [token]
2021-11-21T23:53:26,254|[TRACE] graph - <------- nonSkippedSpace
2021-11-21T23:53:26,254|[TRACE] graph - <----- statementPart
2021-11-21T23:53:26,254|[TRACE] graph - -----> statementPart
2021-11-21T23:53:26,254|[TRACE] graph - -------> nonSkippedChar
2021-11-21T23:53:26,254|[TRACE] script - #out(`(`) [token]
2021-11-21T23:53:26,254|[TRACE] graph - <------- nonSkippedChar
2021-11-21T23:53:26,254|[TRACE] graph - <----- statementPart
2021-11-21T23:53:26,254|[TRACE] graph - -----> statementPart
2021-11-21T23:53:26,254|[TRACE] graph - -------> quotedString
2021-11-21T23:53:26,254|[TRACE] script - #out(``address_id``) [token]
2021-11-21T23:53:26,254|[TRACE] graph - <------- quotedString
2021-11-21T23:53:26,254|[TRACE] graph - <----- statementPart
2021-11-21T23:53:26,254|[TRACE] graph - -----> statementPart
2021-11-21T23:53:26,254|[TRACE] graph - -------> nonSkippedChar
2021-11-21T23:53:26,254|[TRACE] script - #out(`)`) [token]
2021-11-21T23:53:26,254|[TRACE] graph - <------- nonSkippedChar
2021-11-21T23:53:26,254|[TRACE] graph - <----- statementPart
2021-11-21T23:53:26,254|[TRACE] graph - -----> statementPart
2021-11-21T23:53:26,254|[TRACE] graph - -------> nonSkippedChar
2021-11-21T23:53:26,254|[TRACE] script - #out(`)`) [token]
2021-11-21T23:53:26,254|[TRACE] graph - <------- nonSkippedChar
2021-11-21T23:53:26,254|[TRACE] graph - <----- statementPart
2021-11-21T23:53:26,254|[TRACE] graph - -----> afterStatementPartNewline
2021-11-21T23:53:26,254|[TRACE] script - #out(` `) [text]
2021-11-21T23:53:26,254|[TRACE] graph - <----- afterStatementPartNewline
2021-11-21T23:53:26,254|[TRACE] graph - -----> statementPart
2021-11-21T23:53:26,254|[TRACE] graph - -------> nonSkippedChar
2021-11-21T23:53:26,254|[TRACE] script - #out(`E`) [token]
2021-11-21T23:53:26,254|[TRACE] graph - <------- nonSkippedChar
2021-11-21T23:53:26,254|[TRACE] graph - <----- statementPart
2021-11-21T23:53:26,254|[TRACE] graph - -----> statementPart
2021-11-21T23:53:26,254|[TRACE] graph - -------> nonSkippedChar
2021-11-21T23:53:26,254|[TRACE] script - #out(`N`) [token]
2021-11-21T23:53:26,254|[TRACE] graph - <------- nonSkippedChar
2021-11-21T23:53:26,254|[TRACE] graph - <----- statementPart
2021-11-21T23:53:26,254|[TRACE] graph - -----> statementPart
2021-11-21T23:53:26,254|[TRACE] graph - -------> nonSkippedChar
2021-11-21T23:53:26,254|[TRACE] script - #out(`G`) [token]
2021-11-21T23:53:26,254|[TRACE] graph - <------- nonSkippedChar
2021-11-21T23:53:26,254|[TRACE] graph - <----- statementPart
2021-11-21T23:53:26,254|[TRACE] graph - -----> statementPart
2021-11-21T23:53:26,254|[TRACE] graph - -------> nonSkippedChar
2021-11-21T23:53:26,254|[TRACE] script - #out(`I`) [token]
2021-11-21T23:53:26,254|[TRACE] graph - <------- nonSkippedChar
2021-11-21T23:53:26,254|[TRACE] graph - <----- statementPart
2021-11-21T23:53:26,254|[TRACE] graph - -----> statementPart
2021-11-21T23:53:26,254|[TRACE] graph - -------> nonSkippedChar
2021-11-21T23:53:26,254|[TRACE] script - #out(`N`) [token]
2021-11-21T23:53:26,254|[TRACE] graph - <------- nonSkippedChar
2021-11-21T23:53:26,254|[TRACE] graph - <----- statementPart
2021-11-21T23:53:26,254|[TRACE] graph - -----> statementPart
2021-11-21T23:53:26,254|[TRACE] graph - -------> nonSkippedChar
2021-11-21T23:53:26,254|[TRACE] script - #out(`E`) [token]
2021-11-21T23:53:26,254|[TRACE] graph - <------- nonSkippedChar
2021-11-21T23:53:26,254|[TRACE] graph - <----- statementPart
2021-11-21T23:53:26,254|[TRACE] graph - -----> statementPart
2021-11-21T23:53:26,254|[TRACE] graph - -------> nonSkippedSpace
2021-11-21T23:53:26,254|[TRACE] script - #out(` `) [token]
2021-11-21T23:53:26,254|[TRACE] graph - <------- nonSkippedSpace
2021-11-21T23:53:26,254|[TRACE] graph - <----- statementPart
2021-11-21T23:53:26,254|[TRACE] graph - -----> statementPart
2021-11-21T23:53:26,254|[TRACE] graph - -------> nonSkippedChar
2021-11-21T23:53:26,254|[TRACE] script - #out(`=`) [token]
2021-11-21T23:53:26,254|[TRACE] graph - <------- nonSkippedChar
2021-11-21T23:53:26,254|[TRACE] graph - <----- statementPart
2021-11-21T23:53:26,254|[TRACE] graph - -----> statementPart
2021-11-21T23:53:26,254|[TRACE] graph - -------> nonSkippedSpace
2021-11-21T23:53:26,254|[TRACE] script - #out(` `) [token]
2021-11-21T23:53:26,254|[TRACE] graph - <------- nonSkippedSpace
2021-11-21T23:53:26,254|[TRACE] graph - <----- statementPart
2021-11-21T23:53:26,254|[TRACE] graph - -----> statementPart
2021-11-21T23:53:26,254|[TRACE] graph - -------> nonSkippedChar
2021-11-21T23:53:26,254|[TRACE] script - #out(`I`) [token]
2021-11-21T23:53:26,254|[TRACE] graph - <------- nonSkippedChar
2021-11-21T23:53:26,254|[TRACE] graph - <----- statementPart
2021-11-21T23:53:26,254|[TRACE] graph - -----> statementPart
2021-11-21T23:53:26,254|[TRACE] graph - -------> nonSkippedChar
2021-11-21T23:53:26,254|[TRACE] script - #out(`n`) [token]
2021-11-21T23:53:26,254|[TRACE] graph - <------- nonSkippedChar
2021-11-21T23:53:26,254|[TRACE] graph - <----- statementPart
2021-11-21T23:53:26,254|[TRACE] graph - -----> statementPart
2021-11-21T23:53:26,254|[TRACE] graph - -------> nonSkippedChar
2021-11-21T23:53:26,254|[TRACE] script - #out(`n`) [token]
2021-11-21T23:53:26,254|[TRACE] graph - <------- nonSkippedChar
2021-11-21T23:53:26,254|[TRACE] graph - <----- statementPart
2021-11-21T23:53:26,254|[TRACE] graph - -----> statementPart
2021-11-21T23:53:26,254|[TRACE] graph - -------> nonSkippedChar
2021-11-21T23:53:26,254|[TRACE] script - #out(`o`) [token]
2021-11-21T23:53:26,254|[TRACE] graph - <------- nonSkippedChar
2021-11-21T23:53:26,254|[TRACE] graph - <----- statementPart
2021-11-21T23:53:26,254|[TRACE] graph - -----> statementPart
2021-11-21T23:53:26,254|[TRACE] graph - -------> nonSkippedChar
2021-11-21T23:53:26,254|[TRACE] script - #out(`D`) [token]
2021-11-21T23:53:26,254|[TRACE] graph - <------- nonSkippedChar
2021-11-21T23:53:26,254|[TRACE] graph - <----- statementPart
2021-11-21T23:53:26,254|[TRACE] graph - -----> statementPart
2021-11-21T23:53:26,254|[TRACE] graph - -------> nonSkippedChar
2021-11-21T23:53:26,254|[TRACE] script - #out(`B`) [token]
2021-11-21T23:53:26,254|[TRACE] graph - <------- nonSkippedChar
2021-11-21T23:53:26,254|[TRACE] graph - <----- statementPart
2021-11-21T23:53:26,254|[DEBUG] graph - Import statement : CREATE TABLE IF NOT EXISTS `bloodbank`.`address` (   `address_id` INT NOT NULL AUTO_INCREMENT,   `street_number` VARCHAR(10) NOT NULL,   `street` VARCHAR(100) NOT NULL,   `city` VARCHAR(100) NOT NULL,   `province` VARCHAR(100) NOT NULL,   `country` VARCHAR(100) NOT NULL,   `zipcode` VARCHAR(100) NOT NULL,   `created` BIGINT NOT NULL DEFAULT (unix_timestamp(now()) * 1000),   `updated` BIGINT NOT NULL DEFAULT (unix_timestamp(now()) * 1000),   `version` INT NOT NULL DEFAULT 1,   PRIMARY KEY (`address_id`)) ENGINE = InnoDB
2021-11-21T23:53:26,254|[TRACE] graph - <--- statement
2021-11-21T23:53:26,254|[TRACE] graph - ---> blankSpacesToSkip
2021-11-21T23:53:26,254|[TRACE] graph - -----> newLineToSkip
2021-11-21T23:53:26,254|[TRACE] graph - <----- newLineToSkip
2021-11-21T23:53:26,254|[TRACE] graph - -----> newLineToSkip
2021-11-21T23:53:26,254|[TRACE] graph - <----- newLineToSkip
2021-11-21T23:53:26,254|[TRACE] graph - -----> newLineToSkip
2021-11-21T23:53:26,292|[TRACE] graph - <----- newLineToSkip
2021-11-21T23:53:26,292|[TRACE] graph - -----> newLineToSkip
2021-11-21T23:53:26,292|[TRACE] graph - <----- newLineToSkip
2021-11-21T23:53:26,292|[TRACE] graph - -----> newLineToSkip
2021-11-21T23:53:26,292|[TRACE] graph - <----- newLineToSkip
2021-11-21T23:53:26,292|[TRACE] graph - -----> newLineToSkip
2021-11-21T23:53:26,292|[TRACE] graph - <----- newLineToSkip
2021-11-21T23:53:26,292|[TRACE] graph - <--- blankSpacesToSkip
2021-11-21T23:53:26,292|[TRACE] graph - ---> statement
2021-11-21T23:53:26,292|[TRACE] graph - -----> statementFirstPart
2021-11-21T23:53:26,292|[TRACE] graph - -------> nonSkippedChar
2021-11-21T23:53:26,292|[TRACE] script - #out(`C`) [token]
2021-11-21T23:53:26,292|[TRACE] graph - <------- nonSkippedChar
2021-11-21T23:53:26,292|[TRACE] graph - <----- statementFirstPart
2021-11-21T23:53:26,292|[TRACE] graph - -----> statementPart
2021-11-21T23:53:26,292|[TRACE] graph - -------> nonSkippedChar
2021-11-21T23:53:26,292|[TRACE] script - #out(`R`) [token]
2021-11-21T23:53:26,292|[TRACE] graph - <------- nonSkippedChar
2021-11-21T23:53:26,292|[TRACE] graph - <----- statementPart
2021-11-21T23:53:26,292|[TRACE] graph - -----> statementPart
2021-11-21T23:53:26,292|[TRACE] graph - -------> nonSkippedChar
2021-11-21T23:53:26,292|[TRACE] script - #out(`E`) [token]
2021-11-21T23:53:26,292|[TRACE] graph - <------- nonSkippedChar
2021-11-21T23:53:26,292|[TRACE] graph - <----- statementPart
2021-11-21T23:53:26,292|[TRACE] graph - -----> statementPart
2021-11-21T23:53:26,292|[TRACE] graph - -------> nonSkippedChar
2021-11-21T23:53:26,292|[TRACE] script - #out(`A`) [token]
2021-11-21T23:53:26,292|[TRACE] graph - <------- nonSkippedChar
2021-11-21T23:53:26,292|[TRACE] graph - <----- statementPart
2021-11-21T23:53:26,292|[TRACE] graph - -----> statementPart
2021-11-21T23:53:26,292|[TRACE] graph - -------> nonSkippedChar
2021-11-21T23:53:26,292|[TRACE] script - #out(`T`) [token]
2021-11-21T23:53:26,292|[TRACE] graph - <------- nonSkippedChar
2021-11-21T23:53:26,292|[TRACE] graph - <----- statementPart
2021-11-21T23:53:26,293|[TRACE] graph - -----> statementPart
2021-11-21T23:53:26,293|[TRACE] graph - -------> nonSkippedChar
2021-11-21T23:53:26,293|[TRACE] script - #out(`E`) [token]
2021-11-21T23:53:26,293|[TRACE] graph - <------- nonSkippedChar
2021-11-21T23:53:26,293|[TRACE] graph - <----- statementPart
2021-11-21T23:53:26,293|[TRACE] graph - -----> statementPart
2021-11-21T23:53:26,293|[TRACE] graph - -------> nonSkippedSpace
2021-11-21T23:53:26,293|[TRACE] script - #out(` `) [token]
2021-11-21T23:53:26,293|[TRACE] graph - <------- nonSkippedSpace
2021-11-21T23:53:26,293|[TRACE] graph - <----- statementPart
2021-11-21T23:53:26,293|[TRACE] graph - -----> statementPart
2021-11-21T23:53:26,293|[TRACE] graph - -------> nonSkippedChar
2021-11-21T23:53:26,293|[TRACE] script - #out(`T`) [token]
2021-11-21T23:53:26,293|[TRACE] graph - <------- nonSkippedChar
2021-11-21T23:53:26,293|[TRACE] graph - <----- statementPart
2021-11-21T23:53:26,293|[TRACE] graph - -----> statementPart
2021-11-21T23:53:26,293|[TRACE] graph - -------> nonSkippedChar
2021-11-21T23:53:26,293|[TRACE] script - #out(`A`) [token]
2021-11-21T23:53:26,293|[TRACE] graph - <------- nonSkippedChar
2021-11-21T23:53:26,293|[TRACE] graph - <----- statementPart
2021-11-21T23:53:26,293|[TRACE] graph - -----> statementPart
2021-11-21T23:53:26,293|[TRACE] graph - -------> nonSkippedChar
2021-11-21T23:53:26,293|[TRACE] script - #out(`B`) [token]
2021-11-21T23:53:26,293|[TRACE] graph - <------- nonSkippedChar
2021-11-21T23:53:26,293|[TRACE] graph - <----- statementPart
2021-11-21T23:53:26,293|[TRACE] graph - -----> statementPart
2021-11-21T23:53:26,293|[TRACE] graph - -------> nonSkippedChar
2021-11-21T23:53:26,293|[TRACE] script - #out(`L`) [token]
2021-11-21T23:53:26,293|[TRACE] graph - <------- nonSkippedChar
2021-11-21T23:53:26,293|[TRACE] graph - <----- statementPart
2021-11-21T23:53:26,293|[TRACE] graph - -----> statementPart
2021-11-21T23:53:26,293|[TRACE] graph - -------> nonSkippedChar
2021-11-21T23:53:26,293|[TRACE] script - #out(`E`) [token]
2021-11-21T23:53:26,293|[TRACE] graph - <------- nonSkippedChar
2021-11-21T23:53:26,293|[TRACE] graph - <----- statementPart
2021-11-21T23:53:26,293|[TRACE] graph - -----> statementPart
2021-11-21T23:53:26,293|[TRACE] graph - -------> nonSkippedSpace
2021-11-21T23:53:26,293|[TRACE] script - #out(` `) [token]
2021-11-21T23:53:26,293|[TRACE] graph - <------- nonSkippedSpace
2021-11-21T23:53:26,293|[TRACE] graph - <----- statementPart
2021-11-21T23:53:26,293|[TRACE] graph - -----> statementPart
2021-11-21T23:53:26,293|[TRACE] graph - -------> nonSkippedChar
2021-11-21T23:53:26,293|[TRACE] script - #out(`I`) [token]
2021-11-21T23:53:26,293|[TRACE] graph - <------- nonSkippedChar
2021-11-21T23:53:26,293|[TRACE] graph - <----- statementPart
2021-11-21T23:53:26,293|[TRACE] graph - -----> statementPart
2021-11-21T23:53:26,293|[TRACE] graph - -------> nonSkippedChar
2021-11-21T23:53:26,293|[TRACE] script - #out(`F`) [token]
2021-11-21T23:53:26,293|[TRACE] graph - <------- nonSkippedChar
2021-11-21T23:53:26,293|[TRACE] graph - <----- statementPart
2021-11-21T23:53:26,293|[TRACE] graph - -----> statementPart
2021-11-21T23:53:26,293|[TRACE] graph - -------> nonSkippedSpace
2021-11-21T23:53:26,293|[TRACE] script - #out(` `) [token]
2021-11-21T23:53:26,293|[TRACE] graph - <------- nonSkippedSpace
2021-11-21T23:53:26,293|[TRACE] graph - <----- statementPart
2021-11-21T23:53:26,293|[TRACE] graph - -----> statementPart
2021-11-21T23:53:26,293|[TRACE] graph - -------> nonSkippedChar
2021-11-21T23:53:26,293|[TRACE] script - #out(`N`) [token]
2021-11-21T23:53:26,293|[TRACE] graph - <------- nonSkippedChar
2021-11-21T23:53:26,293|[TRACE] graph - <----- statementPart
2021-11-21T23:53:26,293|[TRACE] graph - -----> statementPart
2021-11-21T23:53:26,293|[TRACE] graph - -------> nonSkippedChar
2021-11-21T23:53:26,293|[TRACE] script - #out(`O`) [token]
2021-11-21T23:53:26,293|[TRACE] graph - <------- nonSkippedChar
2021-11-21T23:53:26,293|[TRACE] graph - <----- statementPart
2021-11-21T23:53:26,293|[TRACE] graph - -----> statementPart
2021-11-21T23:53:26,293|[TRACE] graph - -------> nonSkippedChar
2021-11-21T23:53:26,293|[TRACE] script - #out(`T`) [token]
2021-11-21T23:53:26,293|[TRACE] graph - <------- nonSkippedChar
2021-11-21T23:53:26,293|[TRACE] graph - <----- statementPart
2021-11-21T23:53:26,293|[TRACE] graph - -----> statementPart
2021-11-21T23:53:26,293|[TRACE] graph - -------> nonSkippedSpace
2021-11-21T23:53:26,293|[TRACE] script - #out(` `) [token]
2021-11-21T23:53:26,293|[TRACE] graph - <------- nonSkippedSpace
2021-11-21T23:53:26,293|[TRACE] graph - <----- statementPart
2021-11-21T23:53:26,293|[TRACE] graph - -----> statementPart
2021-11-21T23:53:26,293|[TRACE] graph - -------> nonSkippedChar
2021-11-21T23:53:26,293|[TRACE] script - #out(`E`) [token]
2021-11-21T23:53:26,293|[TRACE] graph - <------- nonSkippedChar
2021-11-21T23:53:26,293|[TRACE] graph - <----- statementPart
2021-11-21T23:53:26,293|[TRACE] graph - -----> statementPart
2021-11-21T23:53:26,293|[TRACE] graph - -------> nonSkippedChar
2021-11-21T23:53:26,293|[TRACE] script - #out(`X`) [token]
2021-11-21T23:53:26,293|[TRACE] graph - <------- nonSkippedChar
2021-11-21T23:53:26,293|[TRACE] graph - <----- statementPart
2021-11-21T23:53:26,293|[TRACE] graph - -----> statementPart
2021-11-21T23:53:26,293|[TRACE] graph - -------> nonSkippedChar
2021-11-21T23:53:26,293|[TRACE] script - #out(`I`) [token]
2021-11-21T23:53:26,293|[TRACE] graph - <------- nonSkippedChar
2021-11-21T23:53:26,293|[TRACE] graph - <----- statementPart
2021-11-21T23:53:26,293|[TRACE] graph - -----> statementPart
2021-11-21T23:53:26,293|[TRACE] graph - -------> nonSkippedChar
2021-11-21T23:53:26,293|[TRACE] script - #out(`S`) [token]
2021-11-21T23:53:26,293|[TRACE] graph - <------- nonSkippedChar
2021-11-21T23:53:26,293|[TRACE] graph - <----- statementPart
2021-11-21T23:53:26,293|[TRACE] graph - -----> statementPart
2021-11-21T23:53:26,293|[TRACE] graph - -------> nonSkippedChar
2021-11-21T23:53:26,293|[TRACE] script - #out(`T`) [token]
2021-11-21T23:53:26,293|[TRACE] graph - <------- nonSkippedChar
2021-11-21T23:53:26,293|[TRACE] graph - <----- statementPart
2021-11-21T23:53:26,293|[TRACE] graph - -----> statementPart
2021-11-21T23:53:26,293|[TRACE] graph - -------> nonSkippedChar
2021-11-21T23:53:26,293|[TRACE] script - #out(`S`) [token]
2021-11-21T23:53:26,293|[TRACE] graph - <------- nonSkippedChar
2021-11-21T23:53:26,293|[TRACE] graph - <----- statementPart
2021-11-21T23:53:26,293|[TRACE] graph - -----> statementPart
2021-11-21T23:53:26,293|[TRACE] graph - -------> nonSkippedSpace
2021-11-21T23:53:26,293|[TRACE] script - #out(` `) [token]
2021-11-21T23:53:26,293|[TRACE] graph - <------- nonSkippedSpace
2021-11-21T23:53:26,293|[TRACE] graph - <----- statementPart
2021-11-21T23:53:26,293|[TRACE] graph - -----> statementPart
2021-11-21T23:53:26,293|[TRACE] graph - -------> quotedString
2021-11-21T23:53:26,293|[TRACE] script - #out(``bloodbank``) [token]
2021-11-21T23:53:26,293|[TRACE] graph - <------- quotedString
2021-11-21T23:53:26,293|[TRACE] graph - <----- statementPart
2021-11-21T23:53:26,293|[TRACE] graph - -----> statementPart
2021-11-21T23:53:26,293|[TRACE] graph - -------> nonSkippedChar
2021-11-21T23:53:26,293|[TRACE] script - #out(`.`) [token]
2021-11-21T23:53:26,293|[TRACE] graph - <------- nonSkippedChar
2021-11-21T23:53:26,293|[TRACE] graph - <----- statementPart
2021-11-21T23:53:26,293|[TRACE] graph - -----> statementPart
2021-11-21T23:53:26,293|[TRACE] graph - -------> quotedString
2021-11-21T23:53:26,293|[TRACE] script - #out(``phone``) [token]
2021-11-21T23:53:26,293|[TRACE] graph - <------- quotedString
2021-11-21T23:53:26,293|[TRACE] graph - <----- statementPart
2021-11-21T23:53:26,293|[TRACE] graph - -----> statementPart
2021-11-21T23:53:26,293|[TRACE] graph - -------> nonSkippedSpace
2021-11-21T23:53:26,293|[TRACE] script - #out(` `) [token]
2021-11-21T23:53:26,293|[TRACE] graph - <------- nonSkippedSpace
2021-11-21T23:53:26,293|[TRACE] graph - <----- statementPart
2021-11-21T23:53:26,293|[TRACE] graph - -----> statementPart
2021-11-21T23:53:26,293|[TRACE] graph - -------> nonSkippedChar
2021-11-21T23:53:26,293|[TRACE] script - #out(`(`) [token]
2021-11-21T23:53:26,293|[TRACE] graph - <------- nonSkippedChar
2021-11-21T23:53:26,293|[TRACE] graph - <----- statementPart
2021-11-21T23:53:26,293|[TRACE] graph - -----> afterStatementPartNewline
2021-11-21T23:53:26,293|[TRACE] script - #out(` `) [text]
2021-11-21T23:53:26,293|[TRACE] graph - <----- afterStatementPartNewline
2021-11-21T23:53:26,293|[TRACE] graph - -----> statementPart
2021-11-21T23:53:26,293|[TRACE] graph - -------> nonSkippedSpace
2021-11-21T23:53:26,293|[TRACE] script - #out(` `) [token]
2021-11-21T23:53:26,293|[TRACE] graph - <------- nonSkippedSpace
2021-11-21T23:53:26,293|[TRACE] graph - <----- statementPart
2021-11-21T23:53:26,293|[TRACE] graph - -----> statementPart
2021-11-21T23:53:26,293|[TRACE] graph - -------> nonSkippedSpace
2021-11-21T23:53:26,293|[TRACE] script - #out(` `) [token]
2021-11-21T23:53:26,293|[TRACE] graph - <------- nonSkippedSpace
2021-11-21T23:53:26,293|[TRACE] graph - <----- statementPart
2021-11-21T23:53:26,293|[TRACE] graph - -----> statementPart
2021-11-21T23:53:26,293|[TRACE] graph - -------> quotedString
2021-11-21T23:53:26,293|[TRACE] script - #out(``phone_id``) [token]
2021-11-21T23:53:26,293|[TRACE] graph - <------- quotedString
2021-11-21T23:53:26,293|[TRACE] graph - <----- statementPart
2021-11-21T23:53:26,293|[TRACE] graph - -----> statementPart
2021-11-21T23:53:26,293|[TRACE] graph - -------> nonSkippedSpace
2021-11-21T23:53:26,293|[TRACE] script - #out(` `) [token]
2021-11-21T23:53:26,293|[TRACE] graph - <------- nonSkippedSpace
2021-11-21T23:53:26,293|[TRACE] graph - <----- statementPart
2021-11-21T23:53:26,293|[TRACE] graph - -----> statementPart
2021-11-21T23:53:26,293|[TRACE] graph - -------> nonSkippedChar
2021-11-21T23:53:26,293|[TRACE] script - #out(`I`) [token]
2021-11-21T23:53:26,293|[TRACE] graph - <------- nonSkippedChar
2021-11-21T23:53:26,293|[TRACE] graph - <----- statementPart
2021-11-21T23:53:26,293|[TRACE] graph - -----> statementPart
2021-11-21T23:53:26,293|[TRACE] graph - -------> nonSkippedChar
2021-11-21T23:53:26,293|[TRACE] script - #out(`N`) [token]
2021-11-21T23:53:26,293|[TRACE] graph - <------- nonSkippedChar
2021-11-21T23:53:26,293|[TRACE] graph - <----- statementPart
2021-11-21T23:53:26,293|[TRACE] graph - -----> statementPart
2021-11-21T23:53:26,293|[TRACE] graph - -------> nonSkippedChar
2021-11-21T23:53:26,293|[TRACE] script - #out(`T`) [token]
2021-11-21T23:53:26,293|[TRACE] graph - <------- nonSkippedChar
2021-11-21T23:53:26,293|[TRACE] graph - <----- statementPart
2021-11-21T23:53:26,293|[TRACE] graph - -----> statementPart
2021-11-21T23:53:26,293|[TRACE] graph - -------> nonSkippedSpace
2021-11-21T23:53:26,293|[TRACE] script - #out(` `) [token]
2021-11-21T23:53:26,293|[TRACE] graph - <------- nonSkippedSpace
2021-11-21T23:53:26,293|[TRACE] graph - <----- statementPart
2021-11-21T23:53:26,293|[TRACE] graph - -----> statementPart
2021-11-21T23:53:26,293|[TRACE] graph - -------> nonSkippedChar
2021-11-21T23:53:26,293|[TRACE] script - #out(`N`) [token]
2021-11-21T23:53:26,293|[TRACE] graph - <------- nonSkippedChar
2021-11-21T23:53:26,293|[TRACE] graph - <----- statementPart
2021-11-21T23:53:26,293|[TRACE] graph - -----> statementPart
2021-11-21T23:53:26,293|[TRACE] graph - -------> nonSkippedChar
2021-11-21T23:53:26,293|[TRACE] script - #out(`O`) [token]
2021-11-21T23:53:26,293|[TRACE] graph - <------- nonSkippedChar
2021-11-21T23:53:26,293|[TRACE] graph - <----- statementPart
2021-11-21T23:53:26,293|[TRACE] graph - -----> statementPart
2021-11-21T23:53:26,293|[TRACE] graph - -------> nonSkippedChar
2021-11-21T23:53:26,293|[TRACE] script - #out(`T`) [token]
2021-11-21T23:53:26,293|[TRACE] graph - <------- nonSkippedChar
2021-11-21T23:53:26,293|[TRACE] graph - <----- statementPart
2021-11-21T23:53:26,293|[TRACE] graph - -----> statementPart
2021-11-21T23:53:26,293|[TRACE] graph - -------> nonSkippedSpace
2021-11-21T23:53:26,293|[TRACE] script - #out(` `) [token]
2021-11-21T23:53:26,293|[TRACE] graph - <------- nonSkippedSpace
2021-11-21T23:53:26,293|[TRACE] graph - <----- statementPart
2021-11-21T23:53:26,293|[TRACE] graph - -----> statementPart
2021-11-21T23:53:26,293|[TRACE] graph - -------> nonSkippedChar
2021-11-21T23:53:26,293|[TRACE] script - #out(`N`) [token]
2021-11-21T23:53:26,293|[TRACE] graph - <------- nonSkippedChar
2021-11-21T23:53:26,293|[TRACE] graph - <----- statementPart
2021-11-21T23:53:26,293|[TRACE] graph - -----> statementPart
2021-11-21T23:53:26,293|[TRACE] graph - -------> nonSkippedChar
2021-11-21T23:53:26,293|[TRACE] script - #out(`U`) [token]
2021-11-21T23:53:26,293|[TRACE] graph - <------- nonSkippedChar
2021-11-21T23:53:26,293|[TRACE] graph - <----- statementPart
2021-11-21T23:53:26,293|[TRACE] graph - -----> statementPart
2021-11-21T23:53:26,293|[TRACE] graph - -------> nonSkippedChar
2021-11-21T23:53:26,293|[TRACE] script - #out(`L`) [token]
2021-11-21T23:53:26,293|[TRACE] graph - <------- nonSkippedChar
2021-11-21T23:53:26,293|[TRACE] graph - <----- statementPart
2021-11-21T23:53:26,293|[TRACE] graph - -----> statementPart
2021-11-21T23:53:26,293|[TRACE] graph - -------> nonSkippedChar
2021-11-21T23:53:26,293|[TRACE] script - #out(`L`) [token]
2021-11-21T23:53:26,293|[TRACE] graph - <------- nonSkippedChar
2021-11-21T23:53:26,293|[TRACE] graph - <----- statementPart
2021-11-21T23:53:26,293|[TRACE] graph - -----> statementPart
2021-11-21T23:53:26,293|[TRACE] graph - -------> nonSkippedSpace
2021-11-21T23:53:26,293|[TRACE] script - #out(` `) [token]
2021-11-21T23:53:26,293|[TRACE] graph - <------- nonSkippedSpace
2021-11-21T23:53:26,293|[TRACE] graph - <----- statementPart
2021-11-21T23:53:26,293|[TRACE] graph - -----> statementPart
2021-11-21T23:53:26,293|[TRACE] graph - -------> nonSkippedChar
2021-11-21T23:53:26,293|[TRACE] script - #out(`A`) [token]
2021-11-21T23:53:26,293|[TRACE] graph - <------- nonSkippedChar
2021-11-21T23:53:26,293|[TRACE] graph - <----- statementPart
2021-11-21T23:53:26,293|[TRACE] graph - -----> statementPart
2021-11-21T23:53:26,293|[TRACE] graph - -------> nonSkippedChar
2021-11-21T23:53:26,293|[TRACE] script - #out(`U`) [token]
2021-11-21T23:53:26,293|[TRACE] graph - <------- nonSkippedChar
2021-11-21T23:53:26,293|[TRACE] graph - <----- statementPart
2021-11-21T23:53:26,293|[TRACE] graph - -----> statementPart
2021-11-21T23:53:26,293|[TRACE] graph - -------> nonSkippedChar
2021-11-21T23:53:26,293|[TRACE] script - #out(`T`) [token]
2021-11-21T23:53:26,293|[TRACE] graph - <------- nonSkippedChar
2021-11-21T23:53:26,293|[TRACE] graph - <----- statementPart
2021-11-21T23:53:26,293|[TRACE] graph - -----> statementPart
2021-11-21T23:53:26,293|[TRACE] graph - -------> nonSkippedChar
2021-11-21T23:53:26,293|[TRACE] script - #out(`O`) [token]
2021-11-21T23:53:26,293|[TRACE] graph - <------- nonSkippedChar
2021-11-21T23:53:26,293|[TRACE] graph - <----- statementPart
2021-11-21T23:53:26,293|[TRACE] graph - -----> statementPart
2021-11-21T23:53:26,293|[TRACE] graph - -------> nonSkippedChar
2021-11-21T23:53:26,293|[TRACE] script - #out(`_`) [token]
2021-11-21T23:53:26,293|[TRACE] graph - <------- nonSkippedChar
2021-11-21T23:53:26,293|[TRACE] graph - <----- statementPart
2021-11-21T23:53:26,293|[TRACE] graph - -----> statementPart
2021-11-21T23:53:26,293|[TRACE] graph - -------> nonSkippedChar
2021-11-21T23:53:26,293|[TRACE] script - #out(`I`) [token]
2021-11-21T23:53:26,293|[TRACE] graph - <------- nonSkippedChar
2021-11-21T23:53:26,293|[TRACE] graph - <----- statementPart
2021-11-21T23:53:26,293|[TRACE] graph - -----> statementPart
2021-11-21T23:53:26,293|[TRACE] graph - -------> nonSkippedChar
2021-11-21T23:53:26,293|[TRACE] script - #out(`N`) [token]
2021-11-21T23:53:26,293|[TRACE] graph - <------- nonSkippedChar
2021-11-21T23:53:26,293|[TRACE] graph - <----- statementPart
2021-11-21T23:53:26,293|[TRACE] graph - -----> statementPart
2021-11-21T23:53:26,293|[TRACE] graph - -------> nonSkippedChar
2021-11-21T23:53:26,293|[TRACE] script - #out(`C`) [token]
2021-11-21T23:53:26,293|[TRACE] graph - <------- nonSkippedChar
2021-11-21T23:53:26,293|[TRACE] graph - <----- statementPart
2021-11-21T23:53:26,293|[TRACE] graph - -----> statementPart
2021-11-21T23:53:26,293|[TRACE] graph - -------> nonSkippedChar
2021-11-21T23:53:26,293|[TRACE] script - #out(`R`) [token]
2021-11-21T23:53:26,293|[TRACE] graph - <------- nonSkippedChar
2021-11-21T23:53:26,293|[TRACE] graph - <----- statementPart
2021-11-21T23:53:26,293|[TRACE] graph - -----> statementPart
2021-11-21T23:53:26,293|[TRACE] graph - -------> nonSkippedChar
2021-11-21T23:53:26,293|[TRACE] script - #out(`E`) [token]
2021-11-21T23:53:26,293|[TRACE] graph - <------- nonSkippedChar
2021-11-21T23:53:26,293|[TRACE] graph - <----- statementPart
2021-11-21T23:53:26,293|[TRACE] graph - -----> statementPart
2021-11-21T23:53:26,293|[TRACE] graph - -------> nonSkippedChar
2021-11-21T23:53:26,293|[TRACE] script - #out(`M`) [token]
2021-11-21T23:53:26,293|[TRACE] graph - <------- nonSkippedChar
2021-11-21T23:53:26,293|[TRACE] graph - <----- statementPart
2021-11-21T23:53:26,293|[TRACE] graph - -----> statementPart
2021-11-21T23:53:26,293|[TRACE] graph - -------> nonSkippedChar
2021-11-21T23:53:26,293|[TRACE] script - #out(`E`) [token]
2021-11-21T23:53:26,293|[TRACE] graph - <------- nonSkippedChar
2021-11-21T23:53:26,293|[TRACE] graph - <----- statementPart
2021-11-21T23:53:26,293|[TRACE] graph - -----> statementPart
2021-11-21T23:53:26,293|[TRACE] graph - -------> nonSkippedChar
2021-11-21T23:53:26,293|[TRACE] script - #out(`N`) [token]
2021-11-21T23:53:26,293|[TRACE] graph - <------- nonSkippedChar
2021-11-21T23:53:26,293|[TRACE] graph - <----- statementPart
2021-11-21T23:53:26,293|[TRACE] graph - -----> statementPart
2021-11-21T23:53:26,293|[TRACE] graph - -------> nonSkippedChar
2021-11-21T23:53:26,293|[TRACE] script - #out(`T`) [token]
2021-11-21T23:53:26,293|[TRACE] graph - <------- nonSkippedChar
2021-11-21T23:53:26,293|[TRACE] graph - <----- statementPart
2021-11-21T23:53:26,293|[TRACE] graph - -----> statementPart
2021-11-21T23:53:26,293|[TRACE] graph - -------> nonSkippedChar
2021-11-21T23:53:26,293|[TRACE] script - #out(`,`) [token]
2021-11-21T23:53:26,293|[TRACE] graph - <------- nonSkippedChar
2021-11-21T23:53:26,293|[TRACE] graph - <----- statementPart
2021-11-21T23:53:26,293|[TRACE] graph - -----> afterStatementPartNewline
2021-11-21T23:53:26,293|[TRACE] script - #out(` `) [text]
2021-11-21T23:53:26,293|[TRACE] graph - <----- afterStatementPartNewline
2021-11-21T23:53:26,293|[TRACE] graph - -----> statementPart
2021-11-21T23:53:26,293|[TRACE] graph - -------> nonSkippedSpace
2021-11-21T23:53:26,293|[TRACE] script - #out(` `) [token]
2021-11-21T23:53:26,293|[TRACE] graph - <------- nonSkippedSpace
2021-11-21T23:53:26,293|[TRACE] graph - <----- statementPart
2021-11-21T23:53:26,293|[TRACE] graph - -----> statementPart
2021-11-21T23:53:26,293|[TRACE] graph - -------> nonSkippedSpace
2021-11-21T23:53:26,293|[TRACE] script - #out(` `) [token]
2021-11-21T23:53:26,293|[TRACE] graph - <------- nonSkippedSpace
2021-11-21T23:53:26,293|[TRACE] graph - <----- statementPart
2021-11-21T23:53:26,293|[TRACE] graph - -----> statementPart
2021-11-21T23:53:26,293|[TRACE] graph - -------> quotedString
2021-11-21T23:53:26,293|[TRACE] script - #out(``country_code``) [token]
2021-11-21T23:53:26,293|[TRACE] graph - <------- quotedString
2021-11-21T23:53:26,293|[TRACE] graph - <----- statementPart
2021-11-21T23:53:26,293|[TRACE] graph - -----> statementPart
2021-11-21T23:53:26,293|[TRACE] graph - -------> nonSkippedSpace
2021-11-21T23:53:26,293|[TRACE] script - #out(` `) [token]
2021-11-21T23:53:26,293|[TRACE] graph - <------- nonSkippedSpace
2021-11-21T23:53:26,293|[TRACE] graph - <----- statementPart
2021-11-21T23:53:26,293|[TRACE] graph - -----> statementPart
2021-11-21T23:53:26,293|[TRACE] graph - -------> nonSkippedChar
2021-11-21T23:53:26,293|[TRACE] script - #out(`V`) [token]
2021-11-21T23:53:26,293|[TRACE] graph - <------- nonSkippedChar
2021-11-21T23:53:26,293|[TRACE] graph - <----- statementPart
2021-11-21T23:53:26,293|[TRACE] graph - -----> statementPart
2021-11-21T23:53:26,293|[TRACE] graph - -------> nonSkippedChar
2021-11-21T23:53:26,293|[TRACE] script - #out(`A`) [token]
2021-11-21T23:53:26,293|[TRACE] graph - <------- nonSkippedChar
2021-11-21T23:53:26,293|[TRACE] graph - <----- statementPart
2021-11-21T23:53:26,293|[TRACE] graph - -----> statementPart
2021-11-21T23:53:26,294|[TRACE] graph - -------> nonSkippedChar
2021-11-21T23:53:26,294|[TRACE] script - #out(`R`) [token]
2021-11-21T23:53:26,294|[TRACE] graph - <------- nonSkippedChar
2021-11-21T23:53:26,294|[TRACE] graph - <----- statementPart
2021-11-21T23:53:26,294|[TRACE] graph - -----> statementPart
2021-11-21T23:53:26,294|[TRACE] graph - -------> nonSkippedChar
2021-11-21T23:53:26,294|[TRACE] script - #out(`C`) [token]
2021-11-21T23:53:26,294|[TRACE] graph - <------- nonSkippedChar
2021-11-21T23:53:26,294|[TRACE] graph - <----- statementPart
2021-11-21T23:53:26,294|[TRACE] graph - -----> statementPart
2021-11-21T23:53:26,294|[TRACE] graph - -------> nonSkippedChar
2021-11-21T23:53:26,294|[TRACE] script - #out(`H`) [token]
2021-11-21T23:53:26,294|[TRACE] graph - <------- nonSkippedChar
2021-11-21T23:53:26,294|[TRACE] graph - <----- statementPart
2021-11-21T23:53:26,294|[TRACE] graph - -----> statementPart
2021-11-21T23:53:26,294|[TRACE] graph - -------> nonSkippedChar
2021-11-21T23:53:26,294|[TRACE] script - #out(`A`) [token]
2021-11-21T23:53:26,294|[TRACE] graph - <------- nonSkippedChar
2021-11-21T23:53:26,294|[TRACE] graph - <----- statementPart
2021-11-21T23:53:26,294|[TRACE] graph - -----> statementPart
2021-11-21T23:53:26,294|[TRACE] graph - -------> nonSkippedChar
2021-11-21T23:53:26,294|[TRACE] script - #out(`R`) [token]
2021-11-21T23:53:26,294|[TRACE] graph - <------- nonSkippedChar
2021-11-21T23:53:26,294|[TRACE] graph - <----- statementPart
2021-11-21T23:53:26,294|[TRACE] graph - -----> statementPart
2021-11-21T23:53:26,294|[TRACE] graph - -------> nonSkippedChar
2021-11-21T23:53:26,294|[TRACE] script - #out(`(`) [token]
2021-11-21T23:53:26,294|[TRACE] graph - <------- nonSkippedChar
2021-11-21T23:53:26,294|[TRACE] graph - <----- statementPart
2021-11-21T23:53:26,294|[TRACE] graph - -----> statementPart
2021-11-21T23:53:26,294|[TRACE] graph - -------> nonSkippedChar
2021-11-21T23:53:26,294|[TRACE] script - #out(`1`) [token]
2021-11-21T23:53:26,294|[TRACE] graph - <------- nonSkippedChar
2021-11-21T23:53:26,294|[TRACE] graph - <----- statementPart
2021-11-21T23:53:26,294|[TRACE] graph - -----> statementPart
2021-11-21T23:53:26,294|[TRACE] graph - -------> nonSkippedChar
2021-11-21T23:53:26,294|[TRACE] script - #out(`0`) [token]
2021-11-21T23:53:26,294|[TRACE] graph - <------- nonSkippedChar
2021-11-21T23:53:26,294|[TRACE] graph - <----- statementPart
2021-11-21T23:53:26,294|[TRACE] graph - -----> statementPart
2021-11-21T23:53:26,294|[TRACE] graph - -------> nonSkippedChar
2021-11-21T23:53:26,294|[TRACE] script - #out(`)`) [token]
2021-11-21T23:53:26,294|[TRACE] graph - <------- nonSkippedChar
2021-11-21T23:53:26,294|[TRACE] graph - <----- statementPart
2021-11-21T23:53:26,294|[TRACE] graph - -----> statementPart
2021-11-21T23:53:26,294|[TRACE] graph - -------> nonSkippedSpace
2021-11-21T23:53:26,294|[TRACE] script - #out(` `) [token]
2021-11-21T23:53:26,294|[TRACE] graph - <------- nonSkippedSpace
2021-11-21T23:53:26,294|[TRACE] graph - <----- statementPart
2021-11-21T23:53:26,294|[TRACE] graph - -----> statementPart
2021-11-21T23:53:26,294|[TRACE] graph - -------> nonSkippedChar
2021-11-21T23:53:26,294|[TRACE] script - #out(`N`) [token]
2021-11-21T23:53:26,294|[TRACE] graph - <------- nonSkippedChar
2021-11-21T23:53:26,294|[TRACE] graph - <----- statementPart
2021-11-21T23:53:26,294|[TRACE] graph - -----> statementPart
2021-11-21T23:53:26,294|[TRACE] graph - -------> nonSkippedChar
2021-11-21T23:53:26,294|[TRACE] script - #out(`O`) [token]
2021-11-21T23:53:26,294|[TRACE] graph - <------- nonSkippedChar
2021-11-21T23:53:26,294|[TRACE] graph - <----- statementPart
2021-11-21T23:53:26,294|[TRACE] graph - -----> statementPart
2021-11-21T23:53:26,294|[TRACE] graph - -------> nonSkippedChar
2021-11-21T23:53:26,294|[TRACE] script - #out(`T`) [token]
2021-11-21T23:53:26,294|[TRACE] graph - <------- nonSkippedChar
2021-11-21T23:53:26,294|[TRACE] graph - <----- statementPart
2021-11-21T23:53:26,294|[TRACE] graph - -----> statementPart
2021-11-21T23:53:26,294|[TRACE] graph - -------> nonSkippedSpace
2021-11-21T23:53:26,294|[TRACE] script - #out(` `) [token]
2021-11-21T23:53:26,294|[TRACE] graph - <------- nonSkippedSpace
2021-11-21T23:53:26,294|[TRACE] graph - <----- statementPart
2021-11-21T23:53:26,294|[TRACE] graph - -----> statementPart
2021-11-21T23:53:26,294|[TRACE] graph - -------> nonSkippedChar
2021-11-21T23:53:26,294|[TRACE] script - #out(`N`) [token]
2021-11-21T23:53:26,294|[TRACE] graph - <------- nonSkippedChar
2021-11-21T23:53:26,294|[TRACE] graph - <----- statementPart
2021-11-21T23:53:26,294|[TRACE] graph - -----> statementPart
2021-11-21T23:53:26,294|[TRACE] graph - -------> nonSkippedChar
2021-11-21T23:53:26,294|[TRACE] script - #out(`U`) [token]
2021-11-21T23:53:26,294|[TRACE] graph - <------- nonSkippedChar
2021-11-21T23:53:26,294|[TRACE] graph - <----- statementPart
2021-11-21T23:53:26,294|[TRACE] graph - -----> statementPart
2021-11-21T23:53:26,294|[TRACE] graph - -------> nonSkippedChar
2021-11-21T23:53:26,294|[TRACE] script - #out(`L`) [token]
2021-11-21T23:53:26,294|[TRACE] graph - <------- nonSkippedChar
2021-11-21T23:53:26,294|[TRACE] graph - <----- statementPart
2021-11-21T23:53:26,294|[TRACE] graph - -----> statementPart
2021-11-21T23:53:26,294|[TRACE] graph - -------> nonSkippedChar
2021-11-21T23:53:26,294|[TRACE] script - #out(`L`) [token]
2021-11-21T23:53:26,294|[TRACE] graph - <------- nonSkippedChar
2021-11-21T23:53:26,294|[TRACE] graph - <----- statementPart
2021-11-21T23:53:26,294|[TRACE] graph - -----> statementPart
2021-11-21T23:53:26,294|[TRACE] graph - -------> nonSkippedSpace
2021-11-21T23:53:26,294|[TRACE] script - #out(` `) [token]
2021-11-21T23:53:26,294|[TRACE] graph - <------- nonSkippedSpace
2021-11-21T23:53:26,294|[TRACE] graph - <----- statementPart
2021-11-21T23:53:26,294|[TRACE] graph - -----> statementPart
2021-11-21T23:53:26,294|[TRACE] graph - -------> nonSkippedChar
2021-11-21T23:53:26,294|[TRACE] script - #out(`D`) [token]
2021-11-21T23:53:26,294|[TRACE] graph - <------- nonSkippedChar
2021-11-21T23:53:26,329|[TRACE] graph - <----- statementPart
2021-11-21T23:53:26,329|[TRACE] graph - -----> statementPart
2021-11-21T23:53:26,329|[TRACE] graph - -------> nonSkippedChar
2021-11-21T23:53:26,329|[TRACE] script - #out(`E`) [token]
2021-11-21T23:53:26,329|[TRACE] graph - <------- nonSkippedChar
2021-11-21T23:53:26,329|[TRACE] graph - <----- statementPart
2021-11-21T23:53:26,329|[TRACE] graph - -----> statementPart
2021-11-21T23:53:26,329|[TRACE] graph - -------> nonSkippedChar
2021-11-21T23:53:26,329|[TRACE] script - #out(`F`) [token]
2021-11-21T23:53:26,329|[TRACE] graph - <------- nonSkippedChar
2021-11-21T23:53:26,329|[TRACE] graph - <----- statementPart
2021-11-21T23:53:26,329|[TRACE] graph - -----> statementPart
2021-11-21T23:53:26,329|[TRACE] graph - -------> nonSkippedChar
2021-11-21T23:53:26,329|[TRACE] script - #out(`A`) [token]
2021-11-21T23:53:26,329|[TRACE] graph - <------- nonSkippedChar
2021-11-21T23:53:26,329|[TRACE] graph - <----- statementPart
2021-11-21T23:53:26,329|[TRACE] graph - -----> statementPart
2021-11-21T23:53:26,329|[TRACE] graph - -------> nonSkippedChar
2021-11-21T23:53:26,329|[TRACE] script - #out(`U`) [token]
2021-11-21T23:53:26,329|[TRACE] graph - <------- nonSkippedChar
2021-11-21T23:53:26,329|[TRACE] graph - <----- statementPart
2021-11-21T23:53:26,329|[TRACE] graph - -----> statementPart
2021-11-21T23:53:26,329|[TRACE] graph - -------> nonSkippedChar
2021-11-21T23:53:26,329|[TRACE] script - #out(`L`) [token]
2021-11-21T23:53:26,329|[TRACE] graph - <------- nonSkippedChar
2021-11-21T23:53:26,329|[TRACE] graph - <----- statementPart
2021-11-21T23:53:26,329|[TRACE] graph - -----> statementPart
2021-11-21T23:53:26,329|[TRACE] graph - -------> nonSkippedChar
2021-11-21T23:53:26,329|[TRACE] script - #out(`T`) [token]
2021-11-21T23:53:26,329|[TRACE] graph - <------- nonSkippedChar
2021-11-21T23:53:26,329|[TRACE] graph - <----- statementPart
2021-11-21T23:53:26,329|[TRACE] graph - -----> statementPart
2021-11-21T23:53:26,329|[TRACE] graph - -------> nonSkippedSpace
2021-11-21T23:53:26,329|[TRACE] script - #out(` `) [token]
2021-11-21T23:53:26,329|[TRACE] graph - <------- nonSkippedSpace
2021-11-21T23:53:26,329|[TRACE] graph - <----- statementPart
2021-11-21T23:53:26,329|[TRACE] graph - -----> statementPart
2021-11-21T23:53:26,329|[TRACE] graph - -------> quotedString
2021-11-21T23:53:26,329|[TRACE] script - #out(`'1'`) [token]
2021-11-21T23:53:26,329|[TRACE] graph - <------- quotedString
2021-11-21T23:53:26,329|[TRACE] graph - <----- statementPart
2021-11-21T23:53:26,329|[TRACE] graph - -----> statementPart
2021-11-21T23:53:26,329|[TRACE] graph - -------> nonSkippedChar
2021-11-21T23:53:26,330|[TRACE] script - #out(`,`) [token]
2021-11-21T23:53:26,330|[TRACE] graph - <------- nonSkippedChar
2021-11-21T23:53:26,330|[TRACE] graph - <----- statementPart
2021-11-21T23:53:26,330|[TRACE] graph - -----> afterStatementPartNewline
2021-11-21T23:53:26,330|[TRACE] script - #out(` `) [text]
2021-11-21T23:53:26,330|[TRACE] graph - <----- afterStatementPartNewline
2021-11-21T23:53:26,330|[TRACE] graph - -----> statementPart
2021-11-21T23:53:26,330|[TRACE] graph - -------> nonSkippedSpace
2021-11-21T23:53:26,330|[TRACE] script - #out(` `) [token]
2021-11-21T23:53:26,330|[TRACE] graph - <------- nonSkippedSpace
2021-11-21T23:53:26,330|[TRACE] graph - <----- statementPart
2021-11-21T23:53:26,330|[TRACE] graph - -----> statementPart
2021-11-21T23:53:26,330|[TRACE] graph - -------> nonSkippedSpace
2021-11-21T23:53:26,330|[TRACE] script - #out(` `) [token]
2021-11-21T23:53:26,330|[TRACE] graph - <------- nonSkippedSpace
2021-11-21T23:53:26,330|[TRACE] graph - <----- statementPart
2021-11-21T23:53:26,330|[TRACE] graph - -----> statementPart
2021-11-21T23:53:26,330|[TRACE] graph - -------> quotedString
2021-11-21T23:53:26,330|[TRACE] script - #out(``area_code``) [token]
2021-11-21T23:53:26,330|[TRACE] graph - <------- quotedString
2021-11-21T23:53:26,330|[TRACE] graph - <----- statementPart
2021-11-21T23:53:26,330|[TRACE] graph - -----> statementPart
2021-11-21T23:53:26,330|[TRACE] graph - -------> nonSkippedSpace
2021-11-21T23:53:26,330|[TRACE] script - #out(` `) [token]
2021-11-21T23:53:26,330|[TRACE] graph - <------- nonSkippedSpace
2021-11-21T23:53:26,330|[TRACE] graph - <----- statementPart
2021-11-21T23:53:26,330|[TRACE] graph - -----> statementPart
2021-11-21T23:53:26,330|[TRACE] graph - -------> nonSkippedChar
2021-11-21T23:53:26,330|[TRACE] script - #out(`V`) [token]
2021-11-21T23:53:26,330|[TRACE] graph - <------- nonSkippedChar
2021-11-21T23:53:26,330|[TRACE] graph - <----- statementPart
2021-11-21T23:53:26,330|[TRACE] graph - -----> statementPart
2021-11-21T23:53:26,330|[TRACE] graph - -------> nonSkippedChar
2021-11-21T23:53:26,330|[TRACE] script - #out(`A`) [token]
2021-11-21T23:53:26,330|[TRACE] graph - <------- nonSkippedChar
2021-11-21T23:53:26,330|[TRACE] graph - <----- statementPart
2021-11-21T23:53:26,330|[TRACE] graph - -----> statementPart
2021-11-21T23:53:26,330|[TRACE] graph - -------> nonSkippedChar
2021-11-21T23:53:26,330|[TRACE] script - #out(`R`) [token]
2021-11-21T23:53:26,330|[TRACE] graph - <------- nonSkippedChar
2021-11-21T23:53:26,330|[TRACE] graph - <----- statementPart
2021-11-21T23:53:26,330|[TRACE] graph - -----> statementPart
2021-11-21T23:53:26,330|[TRACE] graph - -------> nonSkippedChar
2021-11-21T23:53:26,330|[TRACE] script - #out(`C`) [token]
2021-11-21T23:53:26,330|[TRACE] graph - <------- nonSkippedChar
2021-11-21T23:53:26,330|[TRACE] graph - <----- statementPart
2021-11-21T23:53:26,330|[TRACE] graph - -----> statementPart
2021-11-21T23:53:26,330|[TRACE] graph - -------> nonSkippedChar
2021-11-21T23:53:26,330|[TRACE] script - #out(`H`) [token]
2021-11-21T23:53:26,330|[TRACE] graph - <------- nonSkippedChar
2021-11-21T23:53:26,330|[TRACE] graph - <----- statementPart
2021-11-21T23:53:26,330|[TRACE] graph - -----> statementPart
2021-11-21T23:53:26,330|[TRACE] graph - -------> nonSkippedChar
2021-11-21T23:53:26,330|[TRACE] script - #out(`A`) [token]
2021-11-21T23:53:26,330|[TRACE] graph - <------- nonSkippedChar
2021-11-21T23:53:26,330|[TRACE] graph - <----- statementPart
2021-11-21T23:53:26,330|[TRACE] graph - -----> statementPart
2021-11-21T23:53:26,330|[TRACE] graph - -------> nonSkippedChar
2021-11-21T23:53:26,330|[TRACE] script - #out(`R`) [token]
2021-11-21T23:53:26,330|[TRACE] graph - <------- nonSkippedChar
2021-11-21T23:53:26,330|[TRACE] graph - <----- statementPart
2021-11-21T23:53:26,330|[TRACE] graph - -----> statementPart
2021-11-21T23:53:26,330|[TRACE] graph - -------> nonSkippedChar
2021-11-21T23:53:26,330|[TRACE] script - #out(`(`) [token]
2021-11-21T23:53:26,330|[TRACE] graph - <------- nonSkippedChar
2021-11-21T23:53:26,330|[TRACE] graph - <----- statementPart
2021-11-21T23:53:26,330|[TRACE] graph - -----> statementPart
2021-11-21T23:53:26,330|[TRACE] graph - -------> nonSkippedChar
2021-11-21T23:53:26,330|[TRACE] script - #out(`1`) [token]
2021-11-21T23:53:26,330|[TRACE] graph - <------- nonSkippedChar
2021-11-21T23:53:26,330|[TRACE] graph - <----- statementPart
2021-11-21T23:53:26,330|[TRACE] graph - -----> statementPart
2021-11-21T23:53:26,330|[TRACE] graph - -------> nonSkippedChar
2021-11-21T23:53:26,330|[TRACE] script - #out(`0`) [token]
2021-11-21T23:53:26,330|[TRACE] graph - <------- nonSkippedChar
2021-11-21T23:53:26,330|[TRACE] graph - <----- statementPart
2021-11-21T23:53:26,330|[TRACE] graph - -----> statementPart
2021-11-21T23:53:26,330|[TRACE] graph - -------> nonSkippedChar
2021-11-21T23:53:26,330|[TRACE] script - #out(`)`) [token]
2021-11-21T23:53:26,330|[TRACE] graph - <------- nonSkippedChar
2021-11-21T23:53:26,330|[TRACE] graph - <----- statementPart
2021-11-21T23:53:26,330|[TRACE] graph - -----> statementPart
2021-11-21T23:53:26,330|[TRACE] graph - -------> nonSkippedSpace
2021-11-21T23:53:26,330|[TRACE] script - #out(` `) [token]
2021-11-21T23:53:26,330|[TRACE] graph - <------- nonSkippedSpace
2021-11-21T23:53:26,330|[TRACE] graph - <----- statementPart
2021-11-21T23:53:26,330|[TRACE] graph - -----> statementPart
2021-11-21T23:53:26,330|[TRACE] graph - -------> nonSkippedChar
2021-11-21T23:53:26,330|[TRACE] script - #out(`N`) [token]
2021-11-21T23:53:26,330|[TRACE] graph - <------- nonSkippedChar
2021-11-21T23:53:26,330|[TRACE] graph - <----- statementPart
2021-11-21T23:53:26,330|[TRACE] graph - -----> statementPart
2021-11-21T23:53:26,330|[TRACE] graph - -------> nonSkippedChar
2021-11-21T23:53:26,330|[TRACE] script - #out(`O`) [token]
2021-11-21T23:53:26,330|[TRACE] graph - <------- nonSkippedChar
2021-11-21T23:53:26,330|[TRACE] graph - <----- statementPart
2021-11-21T23:53:26,330|[TRACE] graph - -----> statementPart
2021-11-21T23:53:26,330|[TRACE] graph - -------> nonSkippedChar
2021-11-21T23:53:26,330|[TRACE] script - #out(`T`) [token]
2021-11-21T23:53:26,330|[TRACE] graph - <------- nonSkippedChar
2021-11-21T23:53:26,330|[TRACE] graph - <----- statementPart
2021-11-21T23:53:26,330|[TRACE] graph - -----> statementPart
2021-11-21T23:53:26,330|[TRACE] graph - -------> nonSkippedSpace
2021-11-21T23:53:26,330|[TRACE] script - #out(` `) [token]
2021-11-21T23:53:26,330|[TRACE] graph - <------- nonSkippedSpace
2021-11-21T23:53:26,330|[TRACE] graph - <----- statementPart
2021-11-21T23:53:26,330|[TRACE] graph - -----> statementPart
2021-11-21T23:53:26,330|[TRACE] graph - -------> nonSkippedChar
2021-11-21T23:53:26,330|[TRACE] script - #out(`N`) [token]
2021-11-21T23:53:26,330|[TRACE] graph - <------- nonSkippedChar
2021-11-21T23:53:26,330|[TRACE] graph - <----- statementPart
2021-11-21T23:53:26,330|[TRACE] graph - -----> statementPart
2021-11-21T23:53:26,330|[TRACE] graph - -------> nonSkippedChar
2021-11-21T23:53:26,330|[TRACE] script - #out(`U`) [token]
2021-11-21T23:53:26,330|[TRACE] graph - <------- nonSkippedChar
2021-11-21T23:53:26,330|[TRACE] graph - <----- statementPart
2021-11-21T23:53:26,330|[TRACE] graph - -----> statementPart
2021-11-21T23:53:26,330|[TRACE] graph - -------> nonSkippedChar
2021-11-21T23:53:26,330|[TRACE] script - #out(`L`) [token]
2021-11-21T23:53:26,330|[TRACE] graph - <------- nonSkippedChar
2021-11-21T23:53:26,330|[TRACE] graph - <----- statementPart
2021-11-21T23:53:26,330|[TRACE] graph - -----> statementPart
2021-11-21T23:53:26,330|[TRACE] graph - -------> nonSkippedChar
2021-11-21T23:53:26,330|[TRACE] script - #out(`L`) [token]
2021-11-21T23:53:26,330|[TRACE] graph - <------- nonSkippedChar
2021-11-21T23:53:26,330|[TRACE] graph - <----- statementPart
2021-11-21T23:53:26,330|[TRACE] graph - -----> statementPart
2021-11-21T23:53:26,330|[TRACE] graph - -------> nonSkippedChar
2021-11-21T23:53:26,330|[TRACE] script - #out(`,`) [token]
2021-11-21T23:53:26,330|[TRACE] graph - <------- nonSkippedChar
2021-11-21T23:53:26,330|[TRACE] graph - <----- statementPart
2021-11-21T23:53:26,330|[TRACE] graph - -----> afterStatementPartNewline
2021-11-21T23:53:26,330|[TRACE] script - #out(` `) [text]
2021-11-21T23:53:26,330|[TRACE] graph - <----- afterStatementPartNewline
2021-11-21T23:53:26,330|[TRACE] graph - -----> statementPart
2021-11-21T23:53:26,330|[TRACE] graph - -------> nonSkippedSpace
2021-11-21T23:53:26,330|[TRACE] script - #out(` `) [token]
2021-11-21T23:53:26,330|[TRACE] graph - <------- nonSkippedSpace
2021-11-21T23:53:26,330|[TRACE] graph - <----- statementPart
2021-11-21T23:53:26,330|[TRACE] graph - -----> statementPart
2021-11-21T23:53:26,330|[TRACE] graph - -------> nonSkippedSpace
2021-11-21T23:53:26,330|[TRACE] script - #out(` `) [token]
2021-11-21T23:53:26,330|[TRACE] graph - <------- nonSkippedSpace
2021-11-21T23:53:26,330|[TRACE] graph - <----- statementPart
2021-11-21T23:53:26,330|[TRACE] graph - -----> statementPart
2021-11-21T23:53:26,330|[TRACE] graph - -------> quotedString
2021-11-21T23:53:26,330|[TRACE] script - #out(``number``) [token]
2021-11-21T23:53:26,330|[TRACE] graph - <------- quotedString
2021-11-21T23:53:26,330|[TRACE] graph - <----- statementPart
2021-11-21T23:53:26,330|[TRACE] graph - -----> statementPart
2021-11-21T23:53:26,330|[TRACE] graph - -------> nonSkippedSpace
2021-11-21T23:53:26,330|[TRACE] script - #out(` `) [token]
2021-11-21T23:53:26,330|[TRACE] graph - <------- nonSkippedSpace
2021-11-21T23:53:26,330|[TRACE] graph - <----- statementPart
2021-11-21T23:53:26,330|[TRACE] graph - -----> statementPart
2021-11-21T23:53:26,330|[TRACE] graph - -------> nonSkippedChar
2021-11-21T23:53:26,330|[TRACE] script - #out(`V`) [token]
2021-11-21T23:53:26,330|[TRACE] graph - <------- nonSkippedChar
2021-11-21T23:53:26,330|[TRACE] graph - <----- statementPart
2021-11-21T23:53:26,330|[TRACE] graph - -----> statementPart
2021-11-21T23:53:26,330|[TRACE] graph - -------> nonSkippedChar
2021-11-21T23:53:26,330|[TRACE] script - #out(`A`) [token]
2021-11-21T23:53:26,330|[TRACE] graph - <------- nonSkippedChar
2021-11-21T23:53:26,330|[TRACE] graph - <----- statementPart
2021-11-21T23:53:26,330|[TRACE] graph - -----> statementPart
2021-11-21T23:53:26,330|[TRACE] graph - -------> nonSkippedChar
2021-11-21T23:53:26,330|[TRACE] script - #out(`R`) [token]
2021-11-21T23:53:26,330|[TRACE] graph - <------- nonSkippedChar
2021-11-21T23:53:26,330|[TRACE] graph - <----- statementPart
2021-11-21T23:53:26,330|[TRACE] graph - -----> statementPart
2021-11-21T23:53:26,330|[TRACE] graph - -------> nonSkippedChar
2021-11-21T23:53:26,330|[TRACE] script - #out(`C`) [token]
2021-11-21T23:53:26,330|[TRACE] graph - <------- nonSkippedChar
2021-11-21T23:53:26,330|[TRACE] graph - <----- statementPart
2021-11-21T23:53:26,330|[TRACE] graph - -----> statementPart
2021-11-21T23:53:26,330|[TRACE] graph - -------> nonSkippedChar
2021-11-21T23:53:26,330|[TRACE] script - #out(`H`) [token]
2021-11-21T23:53:26,330|[TRACE] graph - <------- nonSkippedChar
2021-11-21T23:53:26,330|[TRACE] graph - <----- statementPart
2021-11-21T23:53:26,330|[TRACE] graph - -----> statementPart
2021-11-21T23:53:26,330|[TRACE] graph - -------> nonSkippedChar
2021-11-21T23:53:26,330|[TRACE] script - #out(`A`) [token]
2021-11-21T23:53:26,330|[TRACE] graph - <------- nonSkippedChar
2021-11-21T23:53:26,330|[TRACE] graph - <----- statementPart
2021-11-21T23:53:26,330|[TRACE] graph - -----> statementPart
2021-11-21T23:53:26,330|[TRACE] graph - -------> nonSkippedChar
2021-11-21T23:53:26,330|[TRACE] script - #out(`R`) [token]
2021-11-21T23:53:26,330|[TRACE] graph - <------- nonSkippedChar
2021-11-21T23:53:26,330|[TRACE] graph - <----- statementPart
2021-11-21T23:53:26,330|[TRACE] graph - -----> statementPart
2021-11-21T23:53:26,330|[TRACE] graph - -------> nonSkippedChar
2021-11-21T23:53:26,330|[TRACE] script - #out(`(`) [token]
2021-11-21T23:53:26,330|[TRACE] graph - <------- nonSkippedChar
2021-11-21T23:53:26,330|[TRACE] graph - <----- statementPart
2021-11-21T23:53:26,330|[TRACE] graph - -----> statementPart
2021-11-21T23:53:26,330|[TRACE] graph - -------> nonSkippedChar
2021-11-21T23:53:26,330|[TRACE] script - #out(`1`) [token]
2021-11-21T23:53:26,330|[TRACE] graph - <------- nonSkippedChar
2021-11-21T23:53:26,330|[TRACE] graph - <----- statementPart
2021-11-21T23:53:26,330|[TRACE] graph - -----> statementPart
2021-11-21T23:53:26,330|[TRACE] graph - -------> nonSkippedChar
2021-11-21T23:53:26,330|[TRACE] script - #out(`0`) [token]
2021-11-21T23:53:26,330|[TRACE] graph - <------- nonSkippedChar
2021-11-21T23:53:26,330|[TRACE] graph - <----- statementPart
2021-11-21T23:53:26,330|[TRACE] graph - -----> statementPart
2021-11-21T23:53:26,330|[TRACE] graph - -------> nonSkippedChar
2021-11-21T23:53:26,330|[TRACE] script - #out(`)`) [token]
2021-11-21T23:53:26,330|[TRACE] graph - <------- nonSkippedChar
2021-11-21T23:53:26,330|[TRACE] graph - <----- statementPart
2021-11-21T23:53:26,330|[TRACE] graph - -----> statementPart
2021-11-21T23:53:26,330|[TRACE] graph - -------> nonSkippedSpace
2021-11-21T23:53:26,330|[TRACE] script - #out(` `) [token]
2021-11-21T23:53:26,330|[TRACE] graph - <------- nonSkippedSpace
2021-11-21T23:53:26,330|[TRACE] graph - <----- statementPart
2021-11-21T23:53:26,330|[TRACE] graph - -----> statementPart
2021-11-21T23:53:26,330|[TRACE] graph - -------> nonSkippedChar
2021-11-21T23:53:26,330|[TRACE] script - #out(`N`) [token]
2021-11-21T23:53:26,330|[TRACE] graph - <------- nonSkippedChar
2021-11-21T23:53:26,330|[TRACE] graph - <----- statementPart
2021-11-21T23:53:26,330|[TRACE] graph - -----> statementPart
2021-11-21T23:53:26,330|[TRACE] graph - -------> nonSkippedChar
2021-11-21T23:53:26,330|[TRACE] script - #out(`O`) [token]
2021-11-21T23:53:26,330|[TRACE] graph - <------- nonSkippedChar
2021-11-21T23:53:26,330|[TRACE] graph - <----- statementPart
2021-11-21T23:53:26,330|[TRACE] graph - -----> statementPart
2021-11-21T23:53:26,330|[TRACE] graph - -------> nonSkippedChar
2021-11-21T23:53:26,330|[TRACE] script - #out(`T`) [token]
2021-11-21T23:53:26,330|[TRACE] graph - <------- nonSkippedChar
2021-11-21T23:53:26,330|[TRACE] graph - <----- statementPart
2021-11-21T23:53:26,330|[TRACE] graph - -----> statementPart
2021-11-21T23:53:26,330|[TRACE] graph - -------> nonSkippedSpace
2021-11-21T23:53:26,330|[TRACE] script - #out(` `) [token]
2021-11-21T23:53:26,330|[TRACE] graph - <------- nonSkippedSpace
2021-11-21T23:53:26,330|[TRACE] graph - <----- statementPart
2021-11-21T23:53:26,330|[TRACE] graph - -----> statementPart
2021-11-21T23:53:26,330|[TRACE] graph - -------> nonSkippedChar
2021-11-21T23:53:26,330|[TRACE] script - #out(`N`) [token]
2021-11-21T23:53:26,330|[TRACE] graph - <------- nonSkippedChar
2021-11-21T23:53:26,330|[TRACE] graph - <----- statementPart
2021-11-21T23:53:26,330|[TRACE] graph - -----> statementPart
2021-11-21T23:53:26,330|[TRACE] graph - -------> nonSkippedChar
2021-11-21T23:53:26,330|[TRACE] script - #out(`U`) [token]
2021-11-21T23:53:26,330|[TRACE] graph - <------- nonSkippedChar
2021-11-21T23:53:26,330|[TRACE] graph - <----- statementPart
2021-11-21T23:53:26,330|[TRACE] graph - -----> statementPart
2021-11-21T23:53:26,330|[TRACE] graph - -------> nonSkippedChar
2021-11-21T23:53:26,330|[TRACE] script - #out(`L`) [token]
2021-11-21T23:53:26,330|[TRACE] graph - <------- nonSkippedChar
2021-11-21T23:53:26,330|[TRACE] graph - <----- statementPart
2021-11-21T23:53:26,330|[TRACE] graph - -----> statementPart
2021-11-21T23:53:26,330|[TRACE] graph - -------> nonSkippedChar
2021-11-21T23:53:26,330|[TRACE] script - #out(`L`) [token]
2021-11-21T23:53:26,330|[TRACE] graph - <------- nonSkippedChar
2021-11-21T23:53:26,330|[TRACE] graph - <----- statementPart
2021-11-21T23:53:26,330|[TRACE] graph - -----> statementPart
2021-11-21T23:53:26,330|[TRACE] graph - -------> nonSkippedChar
2021-11-21T23:53:26,330|[TRACE] script - #out(`,`) [token]
2021-11-21T23:53:26,330|[TRACE] graph - <------- nonSkippedChar
2021-11-21T23:53:26,330|[TRACE] graph - <----- statementPart
2021-11-21T23:53:26,330|[TRACE] graph - -----> afterStatementPartNewline
2021-11-21T23:53:26,330|[TRACE] script - #out(` `) [text]
2021-11-21T23:53:26,330|[TRACE] graph - <----- afterStatementPartNewline
2021-11-21T23:53:26,330|[TRACE] graph - -----> statementPart
2021-11-21T23:53:26,330|[TRACE] graph - -------> nonSkippedSpace
2021-11-21T23:53:26,330|[TRACE] script - #out(` `) [token]
2021-11-21T23:53:26,330|[TRACE] graph - <------- nonSkippedSpace
2021-11-21T23:53:26,330|[TRACE] graph - <----- statementPart
2021-11-21T23:53:26,330|[TRACE] graph - -----> statementPart
2021-11-21T23:53:26,330|[TRACE] graph - -------> nonSkippedSpace
2021-11-21T23:53:26,330|[TRACE] script - #out(` `) [token]
2021-11-21T23:53:26,330|[TRACE] graph - <------- nonSkippedSpace
2021-11-21T23:53:26,330|[TRACE] graph - <----- statementPart
2021-11-21T23:53:26,330|[TRACE] graph - -----> statementPart
2021-11-21T23:53:26,330|[TRACE] graph - -------> quotedString
2021-11-21T23:53:26,330|[TRACE] script - #out(``created``) [token]
2021-11-21T23:53:26,330|[TRACE] graph - <------- quotedString
2021-11-21T23:53:26,330|[TRACE] graph - <----- statementPart
2021-11-21T23:53:26,330|[TRACE] graph - -----> statementPart
2021-11-21T23:53:26,330|[TRACE] graph - -------> nonSkippedSpace
2021-11-21T23:53:26,330|[TRACE] script - #out(` `) [token]
2021-11-21T23:53:26,330|[TRACE] graph - <------- nonSkippedSpace
2021-11-21T23:53:26,330|[TRACE] graph - <----- statementPart
2021-11-21T23:53:26,330|[TRACE] graph - -----> statementPart
2021-11-21T23:53:26,330|[TRACE] graph - -------> nonSkippedChar
2021-11-21T23:53:26,330|[TRACE] script - #out(`B`) [token]
2021-11-21T23:53:26,330|[TRACE] graph - <------- nonSkippedChar
2021-11-21T23:53:26,330|[TRACE] graph - <----- statementPart
2021-11-21T23:53:26,330|[TRACE] graph - -----> statementPart
2021-11-21T23:53:26,330|[TRACE] graph - -------> nonSkippedChar
2021-11-21T23:53:26,330|[TRACE] script - #out(`I`) [token]
2021-11-21T23:53:26,330|[TRACE] graph - <------- nonSkippedChar
2021-11-21T23:53:26,330|[TRACE] graph - <----- statementPart
2021-11-21T23:53:26,330|[TRACE] graph - -----> statementPart
2021-11-21T23:53:26,330|[TRACE] graph - -------> nonSkippedChar
2021-11-21T23:53:26,330|[TRACE] script - #out(`G`) [token]
2021-11-21T23:53:26,330|[TRACE] graph - <------- nonSkippedChar
2021-11-21T23:53:26,330|[TRACE] graph - <----- statementPart
2021-11-21T23:53:26,330|[TRACE] graph - -----> statementPart
2021-11-21T23:53:26,330|[TRACE] graph - -------> nonSkippedChar
2021-11-21T23:53:26,330|[TRACE] script - #out(`I`) [token]
2021-11-21T23:53:26,330|[TRACE] graph - <------- nonSkippedChar
2021-11-21T23:53:26,330|[TRACE] graph - <----- statementPart
2021-11-21T23:53:26,330|[TRACE] graph - -----> statementPart
2021-11-21T23:53:26,330|[TRACE] graph - -------> nonSkippedChar
2021-11-21T23:53:26,330|[TRACE] script - #out(`N`) [token]
2021-11-21T23:53:26,330|[TRACE] graph - <------- nonSkippedChar
2021-11-21T23:53:26,330|[TRACE] graph - <----- statementPart
2021-11-21T23:53:26,330|[TRACE] graph - -----> statementPart
2021-11-21T23:53:26,330|[TRACE] graph - -------> nonSkippedChar
2021-11-21T23:53:26,330|[TRACE] script - #out(`T`) [token]
2021-11-21T23:53:26,330|[TRACE] graph - <------- nonSkippedChar
2021-11-21T23:53:26,330|[TRACE] graph - <----- statementPart
2021-11-21T23:53:26,330|[TRACE] graph - -----> statementPart
2021-11-21T23:53:26,330|[TRACE] graph - -------> nonSkippedSpace
2021-11-21T23:53:26,330|[TRACE] script - #out(` `) [token]
2021-11-21T23:53:26,330|[TRACE] graph - <------- nonSkippedSpace
2021-11-21T23:53:26,330|[TRACE] graph - <----- statementPart
2021-11-21T23:53:26,330|[TRACE] graph - -----> statementPart
2021-11-21T23:53:26,330|[TRACE] graph - -------> nonSkippedChar
2021-11-21T23:53:26,330|[TRACE] script - #out(`N`) [token]
2021-11-21T23:53:26,330|[TRACE] graph - <------- nonSkippedChar
2021-11-21T23:53:26,330|[TRACE] graph - <----- statementPart
2021-11-21T23:53:26,330|[TRACE] graph - -----> statementPart
2021-11-21T23:53:26,330|[TRACE] graph - -------> nonSkippedChar
2021-11-21T23:53:26,330|[TRACE] script - #out(`O`) [token]
2021-11-21T23:53:26,330|[TRACE] graph - <------- nonSkippedChar
2021-11-21T23:53:26,330|[TRACE] graph - <----- statementPart
2021-11-21T23:53:26,330|[TRACE] graph - -----> statementPart
2021-11-21T23:53:26,330|[TRACE] graph - -------> nonSkippedChar
2021-11-21T23:53:26,330|[TRACE] script - #out(`T`) [token]
2021-11-21T23:53:26,330|[TRACE] graph - <------- nonSkippedChar
2021-11-21T23:53:26,331|[TRACE] graph - <----- statementPart
2021-11-21T23:53:26,331|[TRACE] graph - -----> statementPart
2021-11-21T23:53:26,331|[TRACE] graph - -------> nonSkippedSpace
2021-11-21T23:53:26,331|[TRACE] script - #out(` `) [token]
2021-11-21T23:53:26,331|[TRACE] graph - <------- nonSkippedSpace
2021-11-21T23:53:26,331|[TRACE] graph - <----- statementPart
2021-11-21T23:53:26,331|[TRACE] graph - -----> statementPart
2021-11-21T23:53:26,331|[TRACE] graph - -------> nonSkippedChar
2021-11-21T23:53:26,331|[TRACE] script - #out(`N`) [token]
2021-11-21T23:53:26,331|[TRACE] graph - <------- nonSkippedChar
2021-11-21T23:53:26,331|[TRACE] graph - <----- statementPart
2021-11-21T23:53:26,331|[TRACE] graph - -----> statementPart
2021-11-21T23:53:26,331|[TRACE] graph - -------> nonSkippedChar
2021-11-21T23:53:26,331|[TRACE] script - #out(`U`) [token]
2021-11-21T23:53:26,331|[TRACE] graph - <------- nonSkippedChar
2021-11-21T23:53:26,331|[TRACE] graph - <----- statementPart
2021-11-21T23:53:26,331|[TRACE] graph - -----> statementPart
2021-11-21T23:53:26,331|[TRACE] graph - -------> nonSkippedChar
2021-11-21T23:53:26,331|[TRACE] script - #out(`L`) [token]
2021-11-21T23:53:26,331|[TRACE] graph - <------- nonSkippedChar
2021-11-21T23:53:26,331|[TRACE] graph - <----- statementPart
2021-11-21T23:53:26,331|[TRACE] graph - -----> statementPart
2021-11-21T23:53:26,331|[TRACE] graph - -------> nonSkippedChar
2021-11-21T23:53:26,331|[TRACE] script - #out(`L`) [token]
2021-11-21T23:53:26,331|[TRACE] graph - <------- nonSkippedChar
2021-11-21T23:53:26,331|[TRACE] graph - <----- statementPart
2021-11-21T23:53:26,331|[TRACE] graph - -----> statementPart
2021-11-21T23:53:26,331|[TRACE] graph - -------> nonSkippedSpace
2021-11-21T23:53:26,331|[TRACE] script - #out(` `) [token]
2021-11-21T23:53:26,331|[TRACE] graph - <------- nonSkippedSpace
2021-11-21T23:53:26,331|[TRACE] graph - <----- statementPart
2021-11-21T23:53:26,331|[TRACE] graph - -----> statementPart
2021-11-21T23:53:26,331|[TRACE] graph - -------> nonSkippedChar
2021-11-21T23:53:26,331|[TRACE] script - #out(`D`) [token]
2021-11-21T23:53:26,331|[TRACE] graph - <------- nonSkippedChar
2021-11-21T23:53:26,331|[TRACE] graph - <----- statementPart
2021-11-21T23:53:26,331|[TRACE] graph - -----> statementPart
2021-11-21T23:53:26,331|[TRACE] graph - -------> nonSkippedChar
2021-11-21T23:53:26,331|[TRACE] script - #out(`E`) [token]
2021-11-21T23:53:26,331|[TRACE] graph - <------- nonSkippedChar
2021-11-21T23:53:26,331|[TRACE] graph - <----- statementPart
2021-11-21T23:53:26,331|[TRACE] graph - -----> statementPart
2021-11-21T23:53:26,331|[TRACE] graph - -------> nonSkippedChar
2021-11-21T23:53:26,331|[TRACE] script - #out(`F`) [token]
2021-11-21T23:53:26,331|[TRACE] graph - <------- nonSkippedChar
2021-11-21T23:53:26,331|[TRACE] graph - <----- statementPart
2021-11-21T23:53:26,331|[TRACE] graph - -----> statementPart
2021-11-21T23:53:26,331|[TRACE] graph - -------> nonSkippedChar
2021-11-21T23:53:26,331|[TRACE] script - #out(`A`) [token]
2021-11-21T23:53:26,331|[TRACE] graph - <------- nonSkippedChar
2021-11-21T23:53:26,331|[TRACE] graph - <----- statementPart
2021-11-21T23:53:26,331|[TRACE] graph - -----> statementPart
2021-11-21T23:53:26,331|[TRACE] graph - -------> nonSkippedChar
2021-11-21T23:53:26,331|[TRACE] script - #out(`U`) [token]
2021-11-21T23:53:26,331|[TRACE] graph - <------- nonSkippedChar
2021-11-21T23:53:26,331|[TRACE] graph - <----- statementPart
2021-11-21T23:53:26,331|[TRACE] graph - -----> statementPart
2021-11-21T23:53:26,331|[TRACE] graph - -------> nonSkippedChar
2021-11-21T23:53:26,331|[TRACE] script - #out(`L`) [token]
2021-11-21T23:53:26,331|[TRACE] graph - <------- nonSkippedChar
2021-11-21T23:53:26,331|[TRACE] graph - <----- statementPart
2021-11-21T23:53:26,331|[TRACE] graph - -----> statementPart
2021-11-21T23:53:26,331|[TRACE] graph - -------> nonSkippedChar
2021-11-21T23:53:26,331|[TRACE] script - #out(`T`) [token]
2021-11-21T23:53:26,331|[TRACE] graph - <------- nonSkippedChar
2021-11-21T23:53:26,331|[TRACE] graph - <----- statementPart
2021-11-21T23:53:26,331|[TRACE] graph - -----> statementPart
2021-11-21T23:53:26,331|[TRACE] graph - -------> nonSkippedSpace
2021-11-21T23:53:26,331|[TRACE] script - #out(` `) [token]
2021-11-21T23:53:26,331|[TRACE] graph - <------- nonSkippedSpace
2021-11-21T23:53:26,331|[TRACE] graph - <----- statementPart
2021-11-21T23:53:26,331|[TRACE] graph - -----> statementPart
2021-11-21T23:53:26,331|[TRACE] graph - -------> nonSkippedChar
2021-11-21T23:53:26,331|[TRACE] script - #out(`(`) [token]
2021-11-21T23:53:26,331|[TRACE] graph - <------- nonSkippedChar
2021-11-21T23:53:26,331|[TRACE] graph - <----- statementPart
2021-11-21T23:53:26,331|[TRACE] graph - -----> statementPart
2021-11-21T23:53:26,331|[TRACE] graph - -------> nonSkippedChar
2021-11-21T23:53:26,331|[TRACE] script - #out(`u`) [token]
2021-11-21T23:53:26,331|[TRACE] graph - <------- nonSkippedChar
2021-11-21T23:53:26,331|[TRACE] graph - <----- statementPart
2021-11-21T23:53:26,331|[TRACE] graph - -----> statementPart
2021-11-21T23:53:26,331|[TRACE] graph - -------> nonSkippedChar
2021-11-21T23:53:26,331|[TRACE] script - #out(`n`) [token]
2021-11-21T23:53:26,331|[TRACE] graph - <------- nonSkippedChar
2021-11-21T23:53:26,331|[TRACE] graph - <----- statementPart
2021-11-21T23:53:26,331|[TRACE] graph - -----> statementPart
2021-11-21T23:53:26,331|[TRACE] graph - -------> nonSkippedChar
2021-11-21T23:53:26,331|[TRACE] script - #out(`i`) [token]
2021-11-21T23:53:26,331|[TRACE] graph - <------- nonSkippedChar
2021-11-21T23:53:26,370|[TRACE] graph - <----- statementPart
2021-11-21T23:53:26,370|[TRACE] graph - -----> statementPart
2021-11-21T23:53:26,370|[TRACE] graph - -------> nonSkippedChar
2021-11-21T23:53:26,370|[TRACE] script - #out(`x`) [token]
2021-11-21T23:53:26,370|[TRACE] graph - <------- nonSkippedChar
2021-11-21T23:53:26,370|[TRACE] graph - <----- statementPart
2021-11-21T23:53:26,370|[TRACE] graph - -----> statementPart
2021-11-21T23:53:26,370|[TRACE] graph - -------> nonSkippedChar
2021-11-21T23:53:26,370|[TRACE] script - #out(`_`) [token]
2021-11-21T23:53:26,370|[TRACE] graph - <------- nonSkippedChar
2021-11-21T23:53:26,370|[TRACE] graph - <----- statementPart
2021-11-21T23:53:26,370|[TRACE] graph - -----> statementPart
2021-11-21T23:53:26,370|[TRACE] graph - -------> nonSkippedChar
2021-11-21T23:53:26,370|[TRACE] script - #out(`t`) [token]
2021-11-21T23:53:26,370|[TRACE] graph - <------- nonSkippedChar
2021-11-21T23:53:26,370|[TRACE] graph - <----- statementPart
2021-11-21T23:53:26,370|[TRACE] graph - -----> statementPart
2021-11-21T23:53:26,370|[TRACE] graph - -------> nonSkippedChar
2021-11-21T23:53:26,370|[TRACE] script - #out(`i`) [token]
2021-11-21T23:53:26,370|[TRACE] graph - <------- nonSkippedChar
2021-11-21T23:53:26,370|[TRACE] graph - <----- statementPart
2021-11-21T23:53:26,370|[TRACE] graph - -----> statementPart
2021-11-21T23:53:26,370|[TRACE] graph - -------> nonSkippedChar
2021-11-21T23:53:26,370|[TRACE] script - #out(`m`) [token]
2021-11-21T23:53:26,370|[TRACE] graph - <------- nonSkippedChar
2021-11-21T23:53:26,370|[TRACE] graph - <----- statementPart
2021-11-21T23:53:26,370|[TRACE] graph - -----> statementPart
2021-11-21T23:53:26,370|[TRACE] graph - -------> nonSkippedChar
2021-11-21T23:53:26,370|[TRACE] script - #out(`e`) [token]
2021-11-21T23:53:26,370|[TRACE] graph - <------- nonSkippedChar
2021-11-21T23:53:26,370|[TRACE] graph - <----- statementPart
2021-11-21T23:53:26,370|[TRACE] graph - -----> statementPart
2021-11-21T23:53:26,370|[TRACE] graph - -------> nonSkippedChar
2021-11-21T23:53:26,370|[TRACE] script - #out(`s`) [token]
2021-11-21T23:53:26,370|[TRACE] graph - <------- nonSkippedChar
2021-11-21T23:53:26,370|[TRACE] graph - <----- statementPart
2021-11-21T23:53:26,370|[TRACE] graph - -----> statementPart
2021-11-21T23:53:26,370|[TRACE] graph - -------> nonSkippedChar
2021-11-21T23:53:26,370|[TRACE] script - #out(`t`) [token]
2021-11-21T23:53:26,370|[TRACE] graph - <------- nonSkippedChar
2021-11-21T23:53:26,370|[TRACE] graph - <----- statementPart
2021-11-21T23:53:26,370|[TRACE] graph - -----> statementPart
2021-11-21T23:53:26,370|[TRACE] graph - -------> nonSkippedChar
2021-11-21T23:53:26,370|[TRACE] script - #out(`a`) [token]
2021-11-21T23:53:26,370|[TRACE] graph - <------- nonSkippedChar
2021-11-21T23:53:26,370|[TRACE] graph - <----- statementPart
2021-11-21T23:53:26,370|[TRACE] graph - -----> statementPart
2021-11-21T23:53:26,370|[TRACE] graph - -------> nonSkippedChar
2021-11-21T23:53:26,370|[TRACE] script - #out(`m`) [token]
2021-11-21T23:53:26,370|[TRACE] graph - <------- nonSkippedChar
2021-11-21T23:53:26,370|[TRACE] graph - <----- statementPart
2021-11-21T23:53:26,370|[TRACE] graph - -----> statementPart
2021-11-21T23:53:26,370|[TRACE] graph - -------> nonSkippedChar
2021-11-21T23:53:26,370|[TRACE] script - #out(`p`) [token]
2021-11-21T23:53:26,370|[TRACE] graph - <------- nonSkippedChar
2021-11-21T23:53:26,370|[TRACE] graph - <----- statementPart
2021-11-21T23:53:26,370|[TRACE] graph - -----> statementPart
2021-11-21T23:53:26,370|[TRACE] graph - -------> nonSkippedChar
2021-11-21T23:53:26,370|[TRACE] script - #out(`(`) [token]
2021-11-21T23:53:26,370|[TRACE] graph - <------- nonSkippedChar
2021-11-21T23:53:26,370|[TRACE] graph - <----- statementPart
2021-11-21T23:53:26,370|[TRACE] graph - -----> statementPart
2021-11-21T23:53:26,370|[TRACE] graph - -------> nonSkippedChar
2021-11-21T23:53:26,370|[TRACE] script - #out(`n`) [token]
2021-11-21T23:53:26,370|[TRACE] graph - <------- nonSkippedChar
2021-11-21T23:53:26,371|[TRACE] graph - <----- statementPart
2021-11-21T23:53:26,371|[TRACE] graph - -----> statementPart
2021-11-21T23:53:26,371|[TRACE] graph - -------> nonSkippedChar
2021-11-21T23:53:26,371|[TRACE] script - #out(`o`) [token]
2021-11-21T23:53:26,371|[TRACE] graph - <------- nonSkippedChar
2021-11-21T23:53:26,371|[TRACE] graph - <----- statementPart
2021-11-21T23:53:26,371|[TRACE] graph - -----> statementPart
2021-11-21T23:53:26,371|[TRACE] graph - -------> nonSkippedChar
2021-11-21T23:53:26,371|[TRACE] script - #out(`w`) [token]
2021-11-21T23:53:26,371|[TRACE] graph - <------- nonSkippedChar
2021-11-21T23:53:26,371|[TRACE] graph - <----- statementPart
2021-11-21T23:53:26,371|[TRACE] graph - -----> statementPart
2021-11-21T23:53:26,371|[TRACE] graph - -------> nonSkippedChar
2021-11-21T23:53:26,371|[TRACE] script - #out(`(`) [token]
2021-11-21T23:53:26,371|[TRACE] graph - <------- nonSkippedChar
2021-11-21T23:53:26,371|[TRACE] graph - <----- statementPart
2021-11-21T23:53:26,371|[TRACE] graph - -----> statementPart
2021-11-21T23:53:26,371|[TRACE] graph - -------> nonSkippedChar
2021-11-21T23:53:26,371|[TRACE] script - #out(`)`) [token]
2021-11-21T23:53:26,371|[TRACE] graph - <------- nonSkippedChar
2021-11-21T23:53:26,371|[TRACE] graph - <----- statementPart
2021-11-21T23:53:26,371|[TRACE] graph - -----> statementPart
2021-11-21T23:53:26,371|[TRACE] graph - -------> nonSkippedChar
2021-11-21T23:53:26,371|[TRACE] script - #out(`)`) [token]
2021-11-21T23:53:26,371|[TRACE] graph - <------- nonSkippedChar
2021-11-21T23:53:26,371|[TRACE] graph - <----- statementPart
2021-11-21T23:53:26,371|[TRACE] graph - -----> statementPart
2021-11-21T23:53:26,371|[TRACE] graph - -------> nonSkippedSpace
2021-11-21T23:53:26,371|[TRACE] script - #out(` `) [token]
2021-11-21T23:53:26,371|[TRACE] graph - <------- nonSkippedSpace
2021-11-21T23:53:26,371|[TRACE] graph - <----- statementPart
2021-11-21T23:53:26,371|[TRACE] graph - -----> statementPart
2021-11-21T23:53:26,371|[TRACE] graph - -------> nonSkippedChar
2021-11-21T23:53:26,371|[TRACE] script - #out(`*`) [token]
2021-11-21T23:53:26,371|[TRACE] graph - <------- nonSkippedChar
2021-11-21T23:53:26,371|[TRACE] graph - <----- statementPart
2021-11-21T23:53:26,371|[TRACE] graph - -----> statementPart
2021-11-21T23:53:26,371|[TRACE] graph - -------> nonSkippedSpace
2021-11-21T23:53:26,371|[TRACE] script - #out(` `) [token]
2021-11-21T23:53:26,371|[TRACE] graph - <------- nonSkippedSpace
2021-11-21T23:53:26,371|[TRACE] graph - <----- statementPart
2021-11-21T23:53:26,371|[TRACE] graph - -----> statementPart
2021-11-21T23:53:26,371|[TRACE] graph - -------> nonSkippedChar
2021-11-21T23:53:26,371|[TRACE] script - #out(`1`) [token]
2021-11-21T23:53:26,371|[TRACE] graph - <------- nonSkippedChar
2021-11-21T23:53:26,371|[TRACE] graph - <----- statementPart
2021-11-21T23:53:26,371|[TRACE] graph - -----> statementPart
2021-11-21T23:53:26,371|[TRACE] graph - -------> nonSkippedChar
2021-11-21T23:53:26,371|[TRACE] script - #out(`0`) [token]
2021-11-21T23:53:26,371|[TRACE] graph - <------- nonSkippedChar
2021-11-21T23:53:26,371|[TRACE] graph - <----- statementPart
2021-11-21T23:53:26,371|[TRACE] graph - -----> statementPart
2021-11-21T23:53:26,371|[TRACE] graph - -------> nonSkippedChar
2021-11-21T23:53:26,371|[TRACE] script - #out(`0`) [token]
2021-11-21T23:53:26,371|[TRACE] graph - <------- nonSkippedChar
2021-11-21T23:53:26,371|[TRACE] graph - <----- statementPart
2021-11-21T23:53:26,371|[TRACE] graph - -----> statementPart
2021-11-21T23:53:26,371|[TRACE] graph - -------> nonSkippedChar
2021-11-21T23:53:26,371|[TRACE] script - #out(`0`) [token]
2021-11-21T23:53:26,371|[TRACE] graph - <------- nonSkippedChar
2021-11-21T23:53:26,371|[TRACE] graph - <----- statementPart
2021-11-21T23:53:26,371|[TRACE] graph - -----> statementPart
2021-11-21T23:53:26,371|[TRACE] graph - -------> nonSkippedChar
2021-11-21T23:53:26,371|[TRACE] script - #out(`)`) [token]
2021-11-21T23:53:26,371|[TRACE] graph - <------- nonSkippedChar
2021-11-21T23:53:26,371|[TRACE] graph - <----- statementPart
2021-11-21T23:53:26,371|[TRACE] graph - -----> statementPart
2021-11-21T23:53:26,371|[TRACE] graph - -------> nonSkippedChar
2021-11-21T23:53:26,371|[TRACE] script - #out(`,`) [token]
2021-11-21T23:53:26,371|[TRACE] graph - <------- nonSkippedChar
2021-11-21T23:53:26,371|[TRACE] graph - <----- statementPart
2021-11-21T23:53:26,371|[TRACE] graph - -----> afterStatementPartNewline
2021-11-21T23:53:26,371|[TRACE] script - #out(` `) [text]
2021-11-21T23:53:26,371|[TRACE] graph - <----- afterStatementPartNewline
2021-11-21T23:53:26,371|[TRACE] graph - -----> statementPart
2021-11-21T23:53:26,371|[TRACE] graph - -------> nonSkippedSpace
2021-11-21T23:53:26,371|[TRACE] script - #out(` `) [token]
2021-11-21T23:53:26,371|[TRACE] graph - <------- nonSkippedSpace
2021-11-21T23:53:26,371|[TRACE] graph - <----- statementPart
2021-11-21T23:53:26,371|[TRACE] graph - -----> statementPart
2021-11-21T23:53:26,371|[TRACE] graph - -------> nonSkippedSpace
2021-11-21T23:53:26,371|[TRACE] script - #out(` `) [token]
2021-11-21T23:53:26,371|[TRACE] graph - <------- nonSkippedSpace
2021-11-21T23:53:26,371|[TRACE] graph - <----- statementPart
2021-11-21T23:53:26,371|[TRACE] graph - -----> statementPart
2021-11-21T23:53:26,371|[TRACE] graph - -------> quotedString
2021-11-21T23:53:26,371|[TRACE] script - #out(``updated``) [token]
2021-11-21T23:53:26,371|[TRACE] graph - <------- quotedString
2021-11-21T23:53:26,371|[TRACE] graph - <----- statementPart
2021-11-21T23:53:26,371|[TRACE] graph - -----> statementPart
2021-11-21T23:53:26,371|[TRACE] graph - -------> nonSkippedSpace
2021-11-21T23:53:26,371|[TRACE] script - #out(` `) [token]
2021-11-21T23:53:26,371|[TRACE] graph - <------- nonSkippedSpace
2021-11-21T23:53:26,371|[TRACE] graph - <----- statementPart
2021-11-21T23:53:26,371|[TRACE] graph - -----> statementPart
2021-11-21T23:53:26,371|[TRACE] graph - -------> nonSkippedChar
2021-11-21T23:53:26,371|[TRACE] script - #out(`B`) [token]
2021-11-21T23:53:26,371|[TRACE] graph - <------- nonSkippedChar
2021-11-21T23:53:26,371|[TRACE] graph - <----- statementPart
2021-11-21T23:53:26,371|[TRACE] graph - -----> statementPart
2021-11-21T23:53:26,371|[TRACE] graph - -------> nonSkippedChar
2021-11-21T23:53:26,371|[TRACE] script - #out(`I`) [token]
2021-11-21T23:53:26,371|[TRACE] graph - <------- nonSkippedChar
2021-11-21T23:53:26,371|[TRACE] graph - <----- statementPart
2021-11-21T23:53:26,371|[TRACE] graph - -----> statementPart
2021-11-21T23:53:26,371|[TRACE] graph - -------> nonSkippedChar
2021-11-21T23:53:26,371|[TRACE] script - #out(`G`) [token]
2021-11-21T23:53:26,371|[TRACE] graph - <------- nonSkippedChar
2021-11-21T23:53:26,371|[TRACE] graph - <----- statementPart
2021-11-21T23:53:26,371|[TRACE] graph - -----> statementPart
2021-11-21T23:53:26,371|[TRACE] graph - -------> nonSkippedChar
2021-11-21T23:53:26,371|[TRACE] script - #out(`I`) [token]
2021-11-21T23:53:26,371|[TRACE] graph - <------- nonSkippedChar
2021-11-21T23:53:26,371|[TRACE] graph - <----- statementPart
2021-11-21T23:53:26,371|[TRACE] graph - -----> statementPart
2021-11-21T23:53:26,371|[TRACE] graph - -------> nonSkippedChar
2021-11-21T23:53:26,371|[TRACE] script - #out(`N`) [token]
2021-11-21T23:53:26,371|[TRACE] graph - <------- nonSkippedChar
2021-11-21T23:53:26,371|[TRACE] graph - <----- statementPart
2021-11-21T23:53:26,371|[TRACE] graph - -----> statementPart
2021-11-21T23:53:26,371|[TRACE] graph - -------> nonSkippedChar
2021-11-21T23:53:26,371|[TRACE] script - #out(`T`) [token]
2021-11-21T23:53:26,371|[TRACE] graph - <------- nonSkippedChar
2021-11-21T23:53:26,371|[TRACE] graph - <----- statementPart
2021-11-21T23:53:26,371|[TRACE] graph - -----> statementPart
2021-11-21T23:53:26,371|[TRACE] graph - -------> nonSkippedSpace
2021-11-21T23:53:26,371|[TRACE] script - #out(` `) [token]
2021-11-21T23:53:26,371|[TRACE] graph - <------- nonSkippedSpace
2021-11-21T23:53:26,371|[TRACE] graph - <----- statementPart
2021-11-21T23:53:26,371|[TRACE] graph - -----> statementPart
2021-11-21T23:53:26,371|[TRACE] graph - -------> nonSkippedChar
2021-11-21T23:53:26,371|[TRACE] script - #out(`N`) [token]
2021-11-21T23:53:26,371|[TRACE] graph - <------- nonSkippedChar
2021-11-21T23:53:26,371|[TRACE] graph - <----- statementPart
2021-11-21T23:53:26,371|[TRACE] graph - -----> statementPart
2021-11-21T23:53:26,371|[TRACE] graph - -------> nonSkippedChar
2021-11-21T23:53:26,371|[TRACE] script - #out(`O`) [token]
2021-11-21T23:53:26,371|[TRACE] graph - <------- nonSkippedChar
2021-11-21T23:53:26,371|[TRACE] graph - <----- statementPart
2021-11-21T23:53:26,371|[TRACE] graph - -----> statementPart
2021-11-21T23:53:26,371|[TRACE] graph - -------> nonSkippedChar
2021-11-21T23:53:26,371|[TRACE] script - #out(`T`) [token]
2021-11-21T23:53:26,371|[TRACE] graph - <------- nonSkippedChar
2021-11-21T23:53:26,371|[TRACE] graph - <----- statementPart
2021-11-21T23:53:26,371|[TRACE] graph - -----> statementPart
2021-11-21T23:53:26,371|[TRACE] graph - -------> nonSkippedSpace
2021-11-21T23:53:26,371|[TRACE] script - #out(` `) [token]
2021-11-21T23:53:26,371|[TRACE] graph - <------- nonSkippedSpace
2021-11-21T23:53:26,371|[TRACE] graph - <----- statementPart
2021-11-21T23:53:26,371|[TRACE] graph - -----> statementPart
2021-11-21T23:53:26,371|[TRACE] graph - -------> nonSkippedChar
2021-11-21T23:53:26,371|[TRACE] script - #out(`N`) [token]
2021-11-21T23:53:26,371|[TRACE] graph - <------- nonSkippedChar
2021-11-21T23:53:26,371|[TRACE] graph - <----- statementPart
2021-11-21T23:53:26,371|[TRACE] graph - -----> statementPart
2021-11-21T23:53:26,371|[TRACE] graph - -------> nonSkippedChar
2021-11-21T23:53:26,371|[TRACE] script - #out(`U`) [token]
2021-11-21T23:53:26,371|[TRACE] graph - <------- nonSkippedChar
2021-11-21T23:53:26,371|[TRACE] graph - <----- statementPart
2021-11-21T23:53:26,371|[TRACE] graph - -----> statementPart
2021-11-21T23:53:26,371|[TRACE] graph - -------> nonSkippedChar
2021-11-21T23:53:26,371|[TRACE] script - #out(`L`) [token]
2021-11-21T23:53:26,371|[TRACE] graph - <------- nonSkippedChar
2021-11-21T23:53:26,371|[TRACE] graph - <----- statementPart
2021-11-21T23:53:26,371|[TRACE] graph - -----> statementPart
2021-11-21T23:53:26,371|[TRACE] graph - -------> nonSkippedChar
2021-11-21T23:53:26,371|[TRACE] script - #out(`L`) [token]
2021-11-21T23:53:26,371|[TRACE] graph - <------- nonSkippedChar
2021-11-21T23:53:26,371|[TRACE] graph - <----- statementPart
2021-11-21T23:53:26,371|[TRACE] graph - -----> statementPart
2021-11-21T23:53:26,371|[TRACE] graph - -------> nonSkippedSpace
2021-11-21T23:53:26,371|[TRACE] script - #out(` `) [token]
2021-11-21T23:53:26,371|[TRACE] graph - <------- nonSkippedSpace
2021-11-21T23:53:26,371|[TRACE] graph - <----- statementPart
2021-11-21T23:53:26,371|[TRACE] graph - -----> statementPart
2021-11-21T23:53:26,371|[TRACE] graph - -------> nonSkippedChar
2021-11-21T23:53:26,371|[TRACE] script - #out(`D`) [token]
2021-11-21T23:53:26,371|[TRACE] graph - <------- nonSkippedChar
2021-11-21T23:53:26,371|[TRACE] graph - <----- statementPart
2021-11-21T23:53:26,371|[TRACE] graph - -----> statementPart
2021-11-21T23:53:26,371|[TRACE] graph - -------> nonSkippedChar
2021-11-21T23:53:26,371|[TRACE] script - #out(`E`) [token]
2021-11-21T23:53:26,371|[TRACE] graph - <------- nonSkippedChar
2021-11-21T23:53:26,371|[TRACE] graph - <----- statementPart
2021-11-21T23:53:26,371|[TRACE] graph - -----> statementPart
2021-11-21T23:53:26,371|[TRACE] graph - -------> nonSkippedChar
2021-11-21T23:53:26,371|[TRACE] script - #out(`F`) [token]
2021-11-21T23:53:26,371|[TRACE] graph - <------- nonSkippedChar
2021-11-21T23:53:26,371|[TRACE] graph - <----- statementPart
2021-11-21T23:53:26,371|[TRACE] graph - -----> statementPart
2021-11-21T23:53:26,371|[TRACE] graph - -------> nonSkippedChar
2021-11-21T23:53:26,371|[TRACE] script - #out(`A`) [token]
2021-11-21T23:53:26,371|[TRACE] graph - <------- nonSkippedChar
2021-11-21T23:53:26,371|[TRACE] graph - <----- statementPart
2021-11-21T23:53:26,371|[TRACE] graph - -----> statementPart
2021-11-21T23:53:26,371|[TRACE] graph - -------> nonSkippedChar
2021-11-21T23:53:26,371|[TRACE] script - #out(`U`) [token]
2021-11-21T23:53:26,371|[TRACE] graph - <------- nonSkippedChar
2021-11-21T23:53:26,371|[TRACE] graph - <----- statementPart
2021-11-21T23:53:26,371|[TRACE] graph - -----> statementPart
2021-11-21T23:53:26,371|[TRACE] graph - -------> nonSkippedChar
2021-11-21T23:53:26,371|[TRACE] script - #out(`L`) [token]
2021-11-21T23:53:26,371|[TRACE] graph - <------- nonSkippedChar
2021-11-21T23:53:26,371|[TRACE] graph - <----- statementPart
2021-11-21T23:53:26,371|[TRACE] graph - -----> statementPart
2021-11-21T23:53:26,371|[TRACE] graph - -------> nonSkippedChar
2021-11-21T23:53:26,371|[TRACE] script - #out(`T`) [token]
2021-11-21T23:53:26,371|[TRACE] graph - <------- nonSkippedChar
2021-11-21T23:53:26,371|[TRACE] graph - <----- statementPart
2021-11-21T23:53:26,371|[TRACE] graph - -----> statementPart
2021-11-21T23:53:26,371|[TRACE] graph - -------> nonSkippedSpace
2021-11-21T23:53:26,371|[TRACE] script - #out(` `) [token]
2021-11-21T23:53:26,371|[TRACE] graph - <------- nonSkippedSpace
2021-11-21T23:53:26,371|[TRACE] graph - <----- statementPart
2021-11-21T23:53:26,371|[TRACE] graph - -----> statementPart
2021-11-21T23:53:26,371|[TRACE] graph - -------> nonSkippedChar
2021-11-21T23:53:26,371|[TRACE] script - #out(`(`) [token]
2021-11-21T23:53:26,371|[TRACE] graph - <------- nonSkippedChar
2021-11-21T23:53:26,371|[TRACE] graph - <----- statementPart
2021-11-21T23:53:26,371|[TRACE] graph - -----> statementPart
2021-11-21T23:53:26,371|[TRACE] graph - -------> nonSkippedChar
2021-11-21T23:53:26,371|[TRACE] script - #out(`u`) [token]
2021-11-21T23:53:26,371|[TRACE] graph - <------- nonSkippedChar
2021-11-21T23:53:26,371|[TRACE] graph - <----- statementPart
2021-11-21T23:53:26,371|[TRACE] graph - -----> statementPart
2021-11-21T23:53:26,371|[TRACE] graph - -------> nonSkippedChar
2021-11-21T23:53:26,371|[TRACE] script - #out(`n`) [token]
2021-11-21T23:53:26,371|[TRACE] graph - <------- nonSkippedChar
2021-11-21T23:53:26,371|[TRACE] graph - <----- statementPart
2021-11-21T23:53:26,371|[TRACE] graph - -----> statementPart
2021-11-21T23:53:26,371|[TRACE] graph - -------> nonSkippedChar
2021-11-21T23:53:26,371|[TRACE] script - #out(`i`) [token]
2021-11-21T23:53:26,371|[TRACE] graph - <------- nonSkippedChar
2021-11-21T23:53:26,371|[TRACE] graph - <----- statementPart
2021-11-21T23:53:26,371|[TRACE] graph - -----> statementPart
2021-11-21T23:53:26,371|[TRACE] graph - -------> nonSkippedChar
2021-11-21T23:53:26,371|[TRACE] script - #out(`x`) [token]
2021-11-21T23:53:26,371|[TRACE] graph - <------- nonSkippedChar
2021-11-21T23:53:26,371|[TRACE] graph - <----- statementPart
2021-11-21T23:53:26,371|[TRACE] graph - -----> statementPart
2021-11-21T23:53:26,371|[TRACE] graph - -------> nonSkippedChar
2021-11-21T23:53:26,371|[TRACE] script - #out(`_`) [token]
2021-11-21T23:53:26,371|[TRACE] graph - <------- nonSkippedChar
2021-11-21T23:53:26,371|[TRACE] graph - <----- statementPart
2021-11-21T23:53:26,371|[TRACE] graph - -----> statementPart
2021-11-21T23:53:26,371|[TRACE] graph - -------> nonSkippedChar
2021-11-21T23:53:26,371|[TRACE] script - #out(`t`) [token]
2021-11-21T23:53:26,371|[TRACE] graph - <------- nonSkippedChar
2021-11-21T23:53:26,371|[TRACE] graph - <----- statementPart
2021-11-21T23:53:26,371|[TRACE] graph - -----> statementPart
2021-11-21T23:53:26,371|[TRACE] graph - -------> nonSkippedChar
2021-11-21T23:53:26,371|[TRACE] script - #out(`i`) [token]
2021-11-21T23:53:26,371|[TRACE] graph - <------- nonSkippedChar
2021-11-21T23:53:26,371|[TRACE] graph - <----- statementPart
2021-11-21T23:53:26,371|[TRACE] graph - -----> statementPart
2021-11-21T23:53:26,371|[TRACE] graph - -------> nonSkippedChar
2021-11-21T23:53:26,371|[TRACE] script - #out(`m`) [token]
2021-11-21T23:53:26,371|[TRACE] graph - <------- nonSkippedChar
2021-11-21T23:53:26,371|[TRACE] graph - <----- statementPart
2021-11-21T23:53:26,371|[TRACE] graph - -----> statementPart
2021-11-21T23:53:26,371|[TRACE] graph - -------> nonSkippedChar
2021-11-21T23:53:26,371|[TRACE] script - #out(`e`) [token]
2021-11-21T23:53:26,371|[TRACE] graph - <------- nonSkippedChar
2021-11-21T23:53:26,371|[TRACE] graph - <----- statementPart
2021-11-21T23:53:26,371|[TRACE] graph - -----> statementPart
2021-11-21T23:53:26,371|[TRACE] graph - -------> nonSkippedChar
2021-11-21T23:53:26,371|[TRACE] script - #out(`s`) [token]
2021-11-21T23:53:26,371|[TRACE] graph - <------- nonSkippedChar
2021-11-21T23:53:26,371|[TRACE] graph - <----- statementPart
2021-11-21T23:53:26,371|[TRACE] graph - -----> statementPart
2021-11-21T23:53:26,371|[TRACE] graph - -------> nonSkippedChar
2021-11-21T23:53:26,371|[TRACE] script - #out(`t`) [token]
2021-11-21T23:53:26,371|[TRACE] graph - <------- nonSkippedChar
2021-11-21T23:53:26,371|[TRACE] graph - <----- statementPart
2021-11-21T23:53:26,371|[TRACE] graph - -----> statementPart
2021-11-21T23:53:26,371|[TRACE] graph - -------> nonSkippedChar
2021-11-21T23:53:26,371|[TRACE] script - #out(`a`) [token]
2021-11-21T23:53:26,371|[TRACE] graph - <------- nonSkippedChar
2021-11-21T23:53:26,371|[TRACE] graph - <----- statementPart
2021-11-21T23:53:26,371|[TRACE] graph - -----> statementPart
2021-11-21T23:53:26,371|[TRACE] graph - -------> nonSkippedChar
2021-11-21T23:53:26,371|[TRACE] script - #out(`m`) [token]
2021-11-21T23:53:26,371|[TRACE] graph - <------- nonSkippedChar
2021-11-21T23:53:26,371|[TRACE] graph - <----- statementPart
2021-11-21T23:53:26,371|[TRACE] graph - -----> statementPart
2021-11-21T23:53:26,371|[TRACE] graph - -------> nonSkippedChar
2021-11-21T23:53:26,371|[TRACE] script - #out(`p`) [token]
2021-11-21T23:53:26,371|[TRACE] graph - <------- nonSkippedChar
2021-11-21T23:53:26,371|[TRACE] graph - <----- statementPart
2021-11-21T23:53:26,371|[TRACE] graph - -----> statementPart
2021-11-21T23:53:26,371|[TRACE] graph - -------> nonSkippedChar
2021-11-21T23:53:26,371|[TRACE] script - #out(`(`) [token]
2021-11-21T23:53:26,371|[TRACE] graph - <------- nonSkippedChar
2021-11-21T23:53:26,371|[TRACE] graph - <----- statementPart
2021-11-21T23:53:26,371|[TRACE] graph - -----> statementPart
2021-11-21T23:53:26,371|[TRACE] graph - -------> nonSkippedChar
2021-11-21T23:53:26,371|[TRACE] script - #out(`n`) [token]
2021-11-21T23:53:26,371|[TRACE] graph - <------- nonSkippedChar
2021-11-21T23:53:26,371|[TRACE] graph - <----- statementPart
2021-11-21T23:53:26,371|[TRACE] graph - -----> statementPart
2021-11-21T23:53:26,371|[TRACE] graph - -------> nonSkippedChar
2021-11-21T23:53:26,371|[TRACE] script - #out(`o`) [token]
2021-11-21T23:53:26,371|[TRACE] graph - <------- nonSkippedChar
2021-11-21T23:53:26,371|[TRACE] graph - <----- statementPart
2021-11-21T23:53:26,371|[TRACE] graph - -----> statementPart
2021-11-21T23:53:26,371|[TRACE] graph - -------> nonSkippedChar
2021-11-21T23:53:26,371|[TRACE] script - #out(`w`) [token]
2021-11-21T23:53:26,371|[TRACE] graph - <------- nonSkippedChar
2021-11-21T23:53:26,371|[TRACE] graph - <----- statementPart
2021-11-21T23:53:26,371|[TRACE] graph - -----> statementPart
2021-11-21T23:53:26,371|[TRACE] graph - -------> nonSkippedChar
2021-11-21T23:53:26,371|[TRACE] script - #out(`(`) [token]
2021-11-21T23:53:26,371|[TRACE] graph - <------- nonSkippedChar
2021-11-21T23:53:26,371|[TRACE] graph - <----- statementPart
2021-11-21T23:53:26,371|[TRACE] graph - -----> statementPart
2021-11-21T23:53:26,371|[TRACE] graph - -------> nonSkippedChar
2021-11-21T23:53:26,371|[TRACE] script - #out(`)`) [token]
2021-11-21T23:53:26,371|[TRACE] graph - <------- nonSkippedChar
2021-11-21T23:53:26,371|[TRACE] graph - <----- statementPart
2021-11-21T23:53:26,371|[TRACE] graph - -----> statementPart
2021-11-21T23:53:26,371|[TRACE] graph - -------> nonSkippedChar
2021-11-21T23:53:26,371|[TRACE] script - #out(`)`) [token]
2021-11-21T23:53:26,371|[TRACE] graph - <------- nonSkippedChar
2021-11-21T23:53:26,371|[TRACE] graph - <----- statementPart
2021-11-21T23:53:26,371|[TRACE] graph - -----> statementPart
2021-11-21T23:53:26,372|[TRACE] graph - -------> nonSkippedSpace
2021-11-21T23:53:26,372|[TRACE] script - #out(` `) [token]
2021-11-21T23:53:26,372|[TRACE] graph - <------- nonSkippedSpace
2021-11-21T23:53:26,372|[TRACE] graph - <----- statementPart
2021-11-21T23:53:26,372|[TRACE] graph - -----> statementPart
2021-11-21T23:53:26,372|[TRACE] graph - -------> nonSkippedChar
2021-11-21T23:53:26,372|[TRACE] script - #out(`*`) [token]
2021-11-21T23:53:26,372|[TRACE] graph - <------- nonSkippedChar
2021-11-21T23:53:26,372|[TRACE] graph - <----- statementPart
2021-11-21T23:53:26,372|[TRACE] graph - -----> statementPart
2021-11-21T23:53:26,372|[TRACE] graph - -------> nonSkippedSpace
2021-11-21T23:53:26,372|[TRACE] script - #out(` `) [token]
2021-11-21T23:53:26,372|[TRACE] graph - <------- nonSkippedSpace
2021-11-21T23:53:26,372|[TRACE] graph - <----- statementPart
2021-11-21T23:53:26,372|[TRACE] graph - -----> statementPart
2021-11-21T23:53:26,372|[TRACE] graph - -------> nonSkippedChar
2021-11-21T23:53:26,372|[TRACE] script - #out(`1`) [token]
2021-11-21T23:53:26,372|[TRACE] graph - <------- nonSkippedChar
2021-11-21T23:53:26,372|[TRACE] graph - <----- statementPart
2021-11-21T23:53:26,372|[TRACE] graph - -----> statementPart
2021-11-21T23:53:26,372|[TRACE] graph - -------> nonSkippedChar
2021-11-21T23:53:26,372|[TRACE] script - #out(`0`) [token]
2021-11-21T23:53:26,372|[TRACE] graph - <------- nonSkippedChar
2021-11-21T23:53:26,372|[TRACE] graph - <----- statementPart
2021-11-21T23:53:26,372|[TRACE] graph - -----> statementPart
2021-11-21T23:53:26,372|[TRACE] graph - -------> nonSkippedChar
2021-11-21T23:53:26,372|[TRACE] script - #out(`0`) [token]
2021-11-21T23:53:26,372|[TRACE] graph - <------- nonSkippedChar
2021-11-21T23:53:26,372|[TRACE] graph - <----- statementPart
2021-11-21T23:53:26,372|[TRACE] graph - -----> statementPart
2021-11-21T23:53:26,372|[TRACE] graph - -------> nonSkippedChar
2021-11-21T23:53:26,372|[TRACE] script - #out(`0`) [token]
2021-11-21T23:53:26,372|[TRACE] graph - <------- nonSkippedChar
2021-11-21T23:53:26,372|[TRACE] graph - <----- statementPart
2021-11-21T23:53:26,372|[TRACE] graph - -----> statementPart
2021-11-21T23:53:26,372|[TRACE] graph - -------> nonSkippedChar
2021-11-21T23:53:26,372|[TRACE] script - #out(`)`) [token]
2021-11-21T23:53:26,372|[TRACE] graph - <------- nonSkippedChar
2021-11-21T23:53:26,372|[TRACE] graph - <----- statementPart
2021-11-21T23:53:26,372|[TRACE] graph - -----> statementPart
2021-11-21T23:53:26,372|[TRACE] graph - -------> nonSkippedChar
2021-11-21T23:53:26,372|[TRACE] script - #out(`,`) [token]
2021-11-21T23:53:26,372|[TRACE] graph - <------- nonSkippedChar
2021-11-21T23:53:26,372|[TRACE] graph - <----- statementPart
2021-11-21T23:53:26,372|[TRACE] graph - -----> afterStatementPartNewline
2021-11-21T23:53:26,372|[TRACE] script - #out(` `) [text]
2021-11-21T23:53:26,372|[TRACE] graph - <----- afterStatementPartNewline
2021-11-21T23:53:26,372|[TRACE] graph - -----> statementPart
2021-11-21T23:53:26,372|[TRACE] graph - -------> nonSkippedSpace
2021-11-21T23:53:26,372|[TRACE] script - #out(` `) [token]
2021-11-21T23:53:26,372|[TRACE] graph - <------- nonSkippedSpace
2021-11-21T23:53:26,372|[TRACE] graph - <----- statementPart
2021-11-21T23:53:26,372|[TRACE] graph - -----> statementPart
2021-11-21T23:53:26,372|[TRACE] graph - -------> nonSkippedSpace
2021-11-21T23:53:26,372|[TRACE] script - #out(` `) [token]
2021-11-21T23:53:26,372|[TRACE] graph - <------- nonSkippedSpace
2021-11-21T23:53:26,372|[TRACE] graph - <----- statementPart
2021-11-21T23:53:26,372|[TRACE] graph - -----> statementPart
2021-11-21T23:53:26,372|[TRACE] graph - -------> quotedString
2021-11-21T23:53:26,372|[TRACE] script - #out(``version``) [token]
2021-11-21T23:53:26,372|[TRACE] graph - <------- quotedString
2021-11-21T23:53:26,372|[TRACE] graph - <----- statementPart
2021-11-21T23:53:26,372|[TRACE] graph - -----> statementPart
2021-11-21T23:53:26,372|[TRACE] graph - -------> nonSkippedSpace
2021-11-21T23:53:26,372|[TRACE] script - #out(` `) [token]
2021-11-21T23:53:26,372|[TRACE] graph - <------- nonSkippedSpace
2021-11-21T23:53:26,372|[TRACE] graph - <----- statementPart
2021-11-21T23:53:26,372|[TRACE] graph - -----> statementPart
2021-11-21T23:53:26,372|[TRACE] graph - -------> nonSkippedChar
2021-11-21T23:53:26,372|[TRACE] script - #out(`I`) [token]
2021-11-21T23:53:26,372|[TRACE] graph - <------- nonSkippedChar
2021-11-21T23:53:26,372|[TRACE] graph - <----- statementPart
2021-11-21T23:53:26,372|[TRACE] graph - -----> statementPart
2021-11-21T23:53:26,372|[TRACE] graph - -------> nonSkippedChar
2021-11-21T23:53:26,372|[TRACE] script - #out(`N`) [token]
2021-11-21T23:53:26,407|[TRACE] graph - <------- nonSkippedChar
2021-11-21T23:53:26,407|[TRACE] graph - <----- statementPart
2021-11-21T23:53:26,407|[TRACE] graph - -----> statementPart
2021-11-21T23:53:26,407|[TRACE] graph - -------> nonSkippedChar
2021-11-21T23:53:26,407|[TRACE] script - #out(`T`) [token]
2021-11-21T23:53:26,407|[TRACE] graph - <------- nonSkippedChar
2021-11-21T23:53:26,407|[TRACE] graph - <----- statementPart
2021-11-21T23:53:26,407|[TRACE] graph - -----> statementPart
2021-11-21T23:53:26,407|[TRACE] graph - -------> nonSkippedSpace
2021-11-21T23:53:26,407|[TRACE] script - #out(` `) [token]
2021-11-21T23:53:26,407|[TRACE] graph - <------- nonSkippedSpace
2021-11-21T23:53:26,407|[TRACE] graph - <----- statementPart
2021-11-21T23:53:26,407|[TRACE] graph - -----> statementPart
2021-11-21T23:53:26,407|[TRACE] graph - -------> nonSkippedChar
2021-11-21T23:53:26,407|[TRACE] script - #out(`N`) [token]
2021-11-21T23:53:26,407|[TRACE] graph - <------- nonSkippedChar
2021-11-21T23:53:26,407|[TRACE] graph - <----- statementPart
2021-11-21T23:53:26,407|[TRACE] graph - -----> statementPart
2021-11-21T23:53:26,407|[TRACE] graph - -------> nonSkippedChar
2021-11-21T23:53:26,407|[TRACE] script - #out(`O`) [token]
2021-11-21T23:53:26,407|[TRACE] graph - <------- nonSkippedChar
2021-11-21T23:53:26,407|[TRACE] graph - <----- statementPart
2021-11-21T23:53:26,407|[TRACE] graph - -----> statementPart
2021-11-21T23:53:26,407|[TRACE] graph - -------> nonSkippedChar
2021-11-21T23:53:26,407|[TRACE] script - #out(`T`) [token]
2021-11-21T23:53:26,407|[TRACE] graph - <------- nonSkippedChar
2021-11-21T23:53:26,407|[TRACE] graph - <----- statementPart
2021-11-21T23:53:26,407|[TRACE] graph - -----> statementPart
2021-11-21T23:53:26,407|[TRACE] graph - -------> nonSkippedSpace
2021-11-21T23:53:26,407|[TRACE] script - #out(` `) [token]
2021-11-21T23:53:26,407|[TRACE] graph - <------- nonSkippedSpace
2021-11-21T23:53:26,407|[TRACE] graph - <----- statementPart
2021-11-21T23:53:26,407|[TRACE] graph - -----> statementPart
2021-11-21T23:53:26,407|[TRACE] graph - -------> nonSkippedChar
2021-11-21T23:53:26,407|[TRACE] script - #out(`N`) [token]
2021-11-21T23:53:26,407|[TRACE] graph - <------- nonSkippedChar
2021-11-21T23:53:26,407|[TRACE] graph - <----- statementPart
2021-11-21T23:53:26,407|[TRACE] graph - -----> statementPart
2021-11-21T23:53:26,407|[TRACE] graph - -------> nonSkippedChar
2021-11-21T23:53:26,407|[TRACE] script - #out(`U`) [token]
2021-11-21T23:53:26,407|[TRACE] graph - <------- nonSkippedChar
2021-11-21T23:53:26,407|[TRACE] graph - <----- statementPart
2021-11-21T23:53:26,407|[TRACE] graph - -----> statementPart
2021-11-21T23:53:26,407|[TRACE] graph - -------> nonSkippedChar
2021-11-21T23:53:26,407|[TRACE] script - #out(`L`) [token]
2021-11-21T23:53:26,407|[TRACE] graph - <------- nonSkippedChar
2021-11-21T23:53:26,407|[TRACE] graph - <----- statementPart
2021-11-21T23:53:26,407|[TRACE] graph - -----> statementPart
2021-11-21T23:53:26,407|[TRACE] graph - -------> nonSkippedChar
2021-11-21T23:53:26,407|[TRACE] script - #out(`L`) [token]
2021-11-21T23:53:26,407|[TRACE] graph - <------- nonSkippedChar
2021-11-21T23:53:26,407|[TRACE] graph - <----- statementPart
2021-11-21T23:53:26,407|[TRACE] graph - -----> statementPart
2021-11-21T23:53:26,407|[TRACE] graph - -------> nonSkippedSpace
2021-11-21T23:53:26,407|[TRACE] script - #out(` `) [token]
2021-11-21T23:53:26,407|[TRACE] graph - <------- nonSkippedSpace
2021-11-21T23:53:26,407|[TRACE] graph - <----- statementPart
2021-11-21T23:53:26,407|[TRACE] graph - -----> statementPart
2021-11-21T23:53:26,407|[TRACE] graph - -------> nonSkippedChar
2021-11-21T23:53:26,407|[TRACE] script - #out(`D`) [token]
2021-11-21T23:53:26,407|[TRACE] graph - <------- nonSkippedChar
2021-11-21T23:53:26,407|[TRACE] graph - <----- statementPart
2021-11-21T23:53:26,407|[TRACE] graph - -----> statementPart
2021-11-21T23:53:26,407|[TRACE] graph - -------> nonSkippedChar
2021-11-21T23:53:26,407|[TRACE] script - #out(`E`) [token]
2021-11-21T23:53:26,407|[TRACE] graph - <------- nonSkippedChar
2021-11-21T23:53:26,407|[TRACE] graph - <----- statementPart
2021-11-21T23:53:26,407|[TRACE] graph - -----> statementPart
2021-11-21T23:53:26,407|[TRACE] graph - -------> nonSkippedChar
2021-11-21T23:53:26,407|[TRACE] script - #out(`F`) [token]
2021-11-21T23:53:26,407|[TRACE] graph - <------- nonSkippedChar
2021-11-21T23:53:26,407|[TRACE] graph - <----- statementPart
2021-11-21T23:53:26,407|[TRACE] graph - -----> statementPart
2021-11-21T23:53:26,407|[TRACE] graph - -------> nonSkippedChar
2021-11-21T23:53:26,407|[TRACE] script - #out(`A`) [token]
2021-11-21T23:53:26,407|[TRACE] graph - <------- nonSkippedChar
2021-11-21T23:53:26,407|[TRACE] graph - <----- statementPart
2021-11-21T23:53:26,407|[TRACE] graph - -----> statementPart
2021-11-21T23:53:26,407|[TRACE] graph - -------> nonSkippedChar
2021-11-21T23:53:26,407|[TRACE] script - #out(`U`) [token]
2021-11-21T23:53:26,407|[TRACE] graph - <------- nonSkippedChar
2021-11-21T23:53:26,407|[TRACE] graph - <----- statementPart
2021-11-21T23:53:26,407|[TRACE] graph - -----> statementPart
2021-11-21T23:53:26,407|[TRACE] graph - -------> nonSkippedChar
2021-11-21T23:53:26,407|[TRACE] script - #out(`L`) [token]
2021-11-21T23:53:26,407|[TRACE] graph - <------- nonSkippedChar
2021-11-21T23:53:26,407|[TRACE] graph - <----- statementPart
2021-11-21T23:53:26,407|[TRACE] graph - -----> statementPart
2021-11-21T23:53:26,407|[TRACE] graph - -------> nonSkippedChar
2021-11-21T23:53:26,407|[TRACE] script - #out(`T`) [token]
2021-11-21T23:53:26,407|[TRACE] graph - <------- nonSkippedChar
2021-11-21T23:53:26,407|[TRACE] graph - <----- statementPart
2021-11-21T23:53:26,407|[TRACE] graph - -----> statementPart
2021-11-21T23:53:26,407|[TRACE] graph - -------> nonSkippedSpace
2021-11-21T23:53:26,407|[TRACE] script - #out(` `) [token]
2021-11-21T23:53:26,407|[TRACE] graph - <------- nonSkippedSpace
2021-11-21T23:53:26,407|[TRACE] graph - <----- statementPart
2021-11-21T23:53:26,407|[TRACE] graph - -----> statementPart
2021-11-21T23:53:26,407|[TRACE] graph - -------> nonSkippedChar
2021-11-21T23:53:26,407|[TRACE] script - #out(`1`) [token]
2021-11-21T23:53:26,407|[TRACE] graph - <------- nonSkippedChar
2021-11-21T23:53:26,407|[TRACE] graph - <----- statementPart
2021-11-21T23:53:26,407|[TRACE] graph - -----> statementPart
2021-11-21T23:53:26,407|[TRACE] graph - -------> nonSkippedChar
2021-11-21T23:53:26,407|[TRACE] script - #out(`,`) [token]
2021-11-21T23:53:26,407|[TRACE] graph - <------- nonSkippedChar
2021-11-21T23:53:26,407|[TRACE] graph - <----- statementPart
2021-11-21T23:53:26,407|[TRACE] graph - -----> afterStatementPartNewline
2021-11-21T23:53:26,407|[TRACE] script - #out(` `) [text]
2021-11-21T23:53:26,407|[TRACE] graph - <----- afterStatementPartNewline
2021-11-21T23:53:26,407|[TRACE] graph - -----> statementPart
2021-11-21T23:53:26,407|[TRACE] graph - -------> nonSkippedSpace
2021-11-21T23:53:26,407|[TRACE] script - #out(` `) [token]
2021-11-21T23:53:26,407|[TRACE] graph - <------- nonSkippedSpace
2021-11-21T23:53:26,407|[TRACE] graph - <----- statementPart
2021-11-21T23:53:26,407|[TRACE] graph - -----> statementPart
2021-11-21T23:53:26,407|[TRACE] graph - -------> nonSkippedSpace
2021-11-21T23:53:26,407|[TRACE] script - #out(` `) [token]
2021-11-21T23:53:26,407|[TRACE] graph - <------- nonSkippedSpace
2021-11-21T23:53:26,407|[TRACE] graph - <----- statementPart
2021-11-21T23:53:26,407|[TRACE] graph - -----> statementPart
2021-11-21T23:53:26,407|[TRACE] graph - -------> nonSkippedChar
2021-11-21T23:53:26,407|[TRACE] script - #out(`P`) [token]
2021-11-21T23:53:26,407|[TRACE] graph - <------- nonSkippedChar
2021-11-21T23:53:26,407|[TRACE] graph - <----- statementPart
2021-11-21T23:53:26,407|[TRACE] graph - -----> statementPart
2021-11-21T23:53:26,407|[TRACE] graph - -------> nonSkippedChar
2021-11-21T23:53:26,407|[TRACE] script - #out(`R`) [token]
2021-11-21T23:53:26,407|[TRACE] graph - <------- nonSkippedChar
2021-11-21T23:53:26,407|[TRACE] graph - <----- statementPart
2021-11-21T23:53:26,407|[TRACE] graph - -----> statementPart
2021-11-21T23:53:26,407|[TRACE] graph - -------> nonSkippedChar
2021-11-21T23:53:26,407|[TRACE] script - #out(`I`) [token]
2021-11-21T23:53:26,407|[TRACE] graph - <------- nonSkippedChar
2021-11-21T23:53:26,407|[TRACE] graph - <----- statementPart
2021-11-21T23:53:26,407|[TRACE] graph - -----> statementPart
2021-11-21T23:53:26,407|[TRACE] graph - -------> nonSkippedChar
2021-11-21T23:53:26,407|[TRACE] script - #out(`M`) [token]
2021-11-21T23:53:26,407|[TRACE] graph - <------- nonSkippedChar
2021-11-21T23:53:26,407|[TRACE] graph - <----- statementPart
2021-11-21T23:53:26,407|[TRACE] graph - -----> statementPart
2021-11-21T23:53:26,407|[TRACE] graph - -------> nonSkippedChar
2021-11-21T23:53:26,407|[TRACE] script - #out(`A`) [token]
2021-11-21T23:53:26,407|[TRACE] graph - <------- nonSkippedChar
2021-11-21T23:53:26,407|[TRACE] graph - <----- statementPart
2021-11-21T23:53:26,407|[TRACE] graph - -----> statementPart
2021-11-21T23:53:26,407|[TRACE] graph - -------> nonSkippedChar
2021-11-21T23:53:26,407|[TRACE] script - #out(`R`) [token]
2021-11-21T23:53:26,407|[TRACE] graph - <------- nonSkippedChar
2021-11-21T23:53:26,407|[TRACE] graph - <----- statementPart
2021-11-21T23:53:26,407|[TRACE] graph - -----> statementPart
2021-11-21T23:53:26,408|[TRACE] graph - -------> nonSkippedChar
2021-11-21T23:53:26,408|[TRACE] script - #out(`Y`) [token]
2021-11-21T23:53:26,408|[TRACE] graph - <------- nonSkippedChar
2021-11-21T23:53:26,408|[TRACE] graph - <----- statementPart
2021-11-21T23:53:26,408|[TRACE] graph - -----> statementPart
2021-11-21T23:53:26,408|[TRACE] graph - -------> nonSkippedSpace
2021-11-21T23:53:26,408|[TRACE] script - #out(` `) [token]
2021-11-21T23:53:26,408|[TRACE] graph - <------- nonSkippedSpace
2021-11-21T23:53:26,408|[TRACE] graph - <----- statementPart
2021-11-21T23:53:26,408|[TRACE] graph - -----> statementPart
2021-11-21T23:53:26,408|[TRACE] graph - -------> nonSkippedChar
2021-11-21T23:53:26,408|[TRACE] script - #out(`K`) [token]
2021-11-21T23:53:26,408|[TRACE] graph - <------- nonSkippedChar
2021-11-21T23:53:26,408|[TRACE] graph - <----- statementPart
2021-11-21T23:53:26,408|[TRACE] graph - -----> statementPart
2021-11-21T23:53:26,408|[TRACE] graph - -------> nonSkippedChar
2021-11-21T23:53:26,408|[TRACE] script - #out(`E`) [token]
2021-11-21T23:53:26,408|[TRACE] graph - <------- nonSkippedChar
2021-11-21T23:53:26,408|[TRACE] graph - <----- statementPart
2021-11-21T23:53:26,408|[TRACE] graph - -----> statementPart
2021-11-21T23:53:26,408|[TRACE] graph - -------> nonSkippedChar
2021-11-21T23:53:26,408|[TRACE] script - #out(`Y`) [token]
2021-11-21T23:53:26,408|[TRACE] graph - <------- nonSkippedChar
2021-11-21T23:53:26,408|[TRACE] graph - <----- statementPart
2021-11-21T23:53:26,408|[TRACE] graph - -----> statementPart
2021-11-21T23:53:26,408|[TRACE] graph - -------> nonSkippedSpace
2021-11-21T23:53:26,408|[TRACE] script - #out(` `) [token]
2021-11-21T23:53:26,408|[TRACE] graph - <------- nonSkippedSpace
2021-11-21T23:53:26,408|[TRACE] graph - <----- statementPart
2021-11-21T23:53:26,408|[TRACE] graph - -----> statementPart
2021-11-21T23:53:26,408|[TRACE] graph - -------> nonSkippedChar
2021-11-21T23:53:26,408|[TRACE] script - #out(`(`) [token]
2021-11-21T23:53:26,408|[TRACE] graph - <------- nonSkippedChar
2021-11-21T23:53:26,408|[TRACE] graph - <----- statementPart
2021-11-21T23:53:26,408|[TRACE] graph - -----> statementPart
2021-11-21T23:53:26,408|[TRACE] graph - -------> quotedString
2021-11-21T23:53:26,408|[TRACE] script - #out(``phone_id``) [token]
2021-11-21T23:53:26,408|[TRACE] graph - <------- quotedString
2021-11-21T23:53:26,408|[TRACE] graph - <----- statementPart
2021-11-21T23:53:26,408|[TRACE] graph - -----> statementPart
2021-11-21T23:53:26,408|[TRACE] graph - -------> nonSkippedChar
2021-11-21T23:53:26,408|[TRACE] script - #out(`)`) [token]
2021-11-21T23:53:26,408|[TRACE] graph - <------- nonSkippedChar
2021-11-21T23:53:26,408|[TRACE] graph - <----- statementPart
2021-11-21T23:53:26,408|[TRACE] graph - -----> statementPart
2021-11-21T23:53:26,408|[TRACE] graph - -------> nonSkippedChar
2021-11-21T23:53:26,408|[TRACE] script - #out(`)`) [token]
2021-11-21T23:53:26,408|[TRACE] graph - <------- nonSkippedChar
2021-11-21T23:53:26,408|[TRACE] graph - <----- statementPart
2021-11-21T23:53:26,408|[TRACE] graph - -----> afterStatementPartNewline
2021-11-21T23:53:26,408|[TRACE] script - #out(` `) [text]
2021-11-21T23:53:26,408|[TRACE] graph - <----- afterStatementPartNewline
2021-11-21T23:53:26,408|[TRACE] graph - -----> statementPart
2021-11-21T23:53:26,408|[TRACE] graph - -------> nonSkippedChar
2021-11-21T23:53:26,408|[TRACE] script - #out(`E`) [token]
2021-11-21T23:53:26,408|[TRACE] graph - <------- nonSkippedChar
2021-11-21T23:53:26,408|[TRACE] graph - <----- statementPart
2021-11-21T23:53:26,408|[TRACE] graph - -----> statementPart
2021-11-21T23:53:26,408|[TRACE] graph - -------> nonSkippedChar
2021-11-21T23:53:26,408|[TRACE] script - #out(`N`) [token]
2021-11-21T23:53:26,408|[TRACE] graph - <------- nonSkippedChar
2021-11-21T23:53:26,408|[TRACE] graph - <----- statementPart
2021-11-21T23:53:26,408|[TRACE] graph - -----> statementPart
2021-11-21T23:53:26,408|[TRACE] graph - -------> nonSkippedChar
2021-11-21T23:53:26,408|[TRACE] script - #out(`G`) [token]
2021-11-21T23:53:26,408|[TRACE] graph - <------- nonSkippedChar
2021-11-21T23:53:26,408|[TRACE] graph - <----- statementPart
2021-11-21T23:53:26,408|[TRACE] graph - -----> statementPart
2021-11-21T23:53:26,408|[TRACE] graph - -------> nonSkippedChar
2021-11-21T23:53:26,408|[TRACE] script - #out(`I`) [token]
2021-11-21T23:53:26,408|[TRACE] graph - <------- nonSkippedChar
2021-11-21T23:53:26,408|[TRACE] graph - <----- statementPart
2021-11-21T23:53:26,408|[TRACE] graph - -----> statementPart
2021-11-21T23:53:26,408|[TRACE] graph - -------> nonSkippedChar
2021-11-21T23:53:26,408|[TRACE] script - #out(`N`) [token]
2021-11-21T23:53:26,408|[TRACE] graph - <------- nonSkippedChar
2021-11-21T23:53:26,408|[TRACE] graph - <----- statementPart
2021-11-21T23:53:26,408|[TRACE] graph - -----> statementPart
2021-11-21T23:53:26,408|[TRACE] graph - -------> nonSkippedChar
2021-11-21T23:53:26,408|[TRACE] script - #out(`E`) [token]
2021-11-21T23:53:26,408|[TRACE] graph - <------- nonSkippedChar
2021-11-21T23:53:26,408|[TRACE] graph - <----- statementPart
2021-11-21T23:53:26,408|[TRACE] graph - -----> statementPart
2021-11-21T23:53:26,408|[TRACE] graph - -------> nonSkippedSpace
2021-11-21T23:53:26,408|[TRACE] script - #out(` `) [token]
2021-11-21T23:53:26,408|[TRACE] graph - <------- nonSkippedSpace
2021-11-21T23:53:26,408|[TRACE] graph - <----- statementPart
2021-11-21T23:53:26,408|[TRACE] graph - -----> statementPart
2021-11-21T23:53:26,408|[TRACE] graph - -------> nonSkippedChar
2021-11-21T23:53:26,408|[TRACE] script - #out(`=`) [token]
2021-11-21T23:53:26,408|[TRACE] graph - <------- nonSkippedChar
2021-11-21T23:53:26,408|[TRACE] graph - <----- statementPart
2021-11-21T23:53:26,408|[TRACE] graph - -----> statementPart
2021-11-21T23:53:26,408|[TRACE] graph - -------> nonSkippedSpace
2021-11-21T23:53:26,408|[TRACE] script - #out(` `) [token]
2021-11-21T23:53:26,408|[TRACE] graph - <------- nonSkippedSpace
2021-11-21T23:53:26,408|[TRACE] graph - <----- statementPart
2021-11-21T23:53:26,408|[TRACE] graph - -----> statementPart
2021-11-21T23:53:26,408|[TRACE] graph - -------> nonSkippedChar
2021-11-21T23:53:26,408|[TRACE] script - #out(`I`) [token]
2021-11-21T23:53:26,408|[TRACE] graph - <------- nonSkippedChar
2021-11-21T23:53:26,408|[TRACE] graph - <----- statementPart
2021-11-21T23:53:26,408|[TRACE] graph - -----> statementPart
2021-11-21T23:53:26,408|[TRACE] graph - -------> nonSkippedChar
2021-11-21T23:53:26,408|[TRACE] script - #out(`n`) [token]
2021-11-21T23:53:26,408|[TRACE] graph - <------- nonSkippedChar
2021-11-21T23:53:26,408|[TRACE] graph - <----- statementPart
2021-11-21T23:53:26,408|[TRACE] graph - -----> statementPart
2021-11-21T23:53:26,408|[TRACE] graph - -------> nonSkippedChar
2021-11-21T23:53:26,408|[TRACE] script - #out(`n`) [token]
2021-11-21T23:53:26,408|[TRACE] graph - <------- nonSkippedChar
2021-11-21T23:53:26,408|[TRACE] graph - <----- statementPart
2021-11-21T23:53:26,408|[TRACE] graph - -----> statementPart
2021-11-21T23:53:26,408|[TRACE] graph - -------> nonSkippedChar
2021-11-21T23:53:26,408|[TRACE] script - #out(`o`) [token]
2021-11-21T23:53:26,408|[TRACE] graph - <------- nonSkippedChar
2021-11-21T23:53:26,408|[TRACE] graph - <----- statementPart
2021-11-21T23:53:26,408|[TRACE] graph - -----> statementPart
2021-11-21T23:53:26,408|[TRACE] graph - -------> nonSkippedChar
2021-11-21T23:53:26,408|[TRACE] script - #out(`D`) [token]
2021-11-21T23:53:26,408|[TRACE] graph - <------- nonSkippedChar
2021-11-21T23:53:26,408|[TRACE] graph - <----- statementPart
2021-11-21T23:53:26,408|[TRACE] graph - -----> statementPart
2021-11-21T23:53:26,408|[TRACE] graph - -------> nonSkippedChar
2021-11-21T23:53:26,408|[TRACE] script - #out(`B`) [token]
2021-11-21T23:53:26,408|[TRACE] graph - <------- nonSkippedChar
2021-11-21T23:53:26,408|[TRACE] graph - <----- statementPart
2021-11-21T23:53:26,408|[DEBUG] graph - Import statement : CREATE TABLE IF NOT EXISTS `bloodbank`.`phone` (   `phone_id` INT NOT NULL AUTO_INCREMENT,   `country_code` VARCHAR(10) NOT NULL DEFAULT '1',   `area_code` VARCHAR(10) NOT NULL,   `number` VARCHAR(10) NOT NULL,   `created` BIGINT NOT NULL DEFAULT (unix_timestamp(now()) * 1000),   `updated` BIGINT NOT NULL DEFAULT (unix_timestamp(now()) * 1000),   `version` INT NOT NULL DEFAULT 1,   PRIMARY KEY (`phone_id`)) ENGINE = InnoDB
2021-11-21T23:53:26,408|[TRACE] graph - <--- statement
2021-11-21T23:53:26,408|[TRACE] graph - ---> blankSpacesToSkip
2021-11-21T23:53:26,408|[TRACE] graph - -----> newLineToSkip
2021-11-21T23:53:26,408|[TRACE] graph - <----- newLineToSkip
2021-11-21T23:53:26,408|[TRACE] graph - -----> newLineToSkip
2021-11-21T23:53:26,408|[TRACE] graph - <----- newLineToSkip
2021-11-21T23:53:26,408|[TRACE] graph - -----> newLineToSkip
2021-11-21T23:53:26,408|[TRACE] graph - <----- newLineToSkip
2021-11-21T23:53:26,408|[TRACE] graph - -----> newLineToSkip
2021-11-21T23:53:26,408|[TRACE] graph - <----- newLineToSkip
2021-11-21T23:53:26,408|[TRACE] graph - -----> newLineToSkip
2021-11-21T23:53:26,408|[TRACE] graph - <----- newLineToSkip
2021-11-21T23:53:26,408|[TRACE] graph - -----> newLineToSkip
2021-11-21T23:53:26,408|[TRACE] graph - <----- newLineToSkip
2021-11-21T23:53:26,408|[TRACE] graph - <--- blankSpacesToSkip
2021-11-21T23:53:26,408|[TRACE] graph - ---> statement
2021-11-21T23:53:26,408|[TRACE] graph - -----> statementFirstPart
2021-11-21T23:53:26,408|[TRACE] graph - -------> nonSkippedChar
2021-11-21T23:53:26,408|[TRACE] script - #out(`C`) [token]
2021-11-21T23:53:26,408|[TRACE] graph - <------- nonSkippedChar
2021-11-21T23:53:26,408|[TRACE] graph - <----- statementFirstPart
2021-11-21T23:53:26,408|[TRACE] graph - -----> statementPart
2021-11-21T23:53:26,408|[TRACE] graph - -------> nonSkippedChar
2021-11-21T23:53:26,408|[TRACE] script - #out(`R`) [token]
2021-11-21T23:53:26,408|[TRACE] graph - <------- nonSkippedChar
2021-11-21T23:53:26,408|[TRACE] graph - <----- statementPart
2021-11-21T23:53:26,408|[TRACE] graph - -----> statementPart
2021-11-21T23:53:26,408|[TRACE] graph - -------> nonSkippedChar
2021-11-21T23:53:26,408|[TRACE] script - #out(`E`) [token]
2021-11-21T23:53:26,408|[TRACE] graph - <------- nonSkippedChar
2021-11-21T23:53:26,408|[TRACE] graph - <----- statementPart
2021-11-21T23:53:26,408|[TRACE] graph - -----> statementPart
2021-11-21T23:53:26,408|[TRACE] graph - -------> nonSkippedChar
2021-11-21T23:53:26,408|[TRACE] script - #out(`A`) [token]
2021-11-21T23:53:26,408|[TRACE] graph - <------- nonSkippedChar
2021-11-21T23:53:26,408|[TRACE] graph - <----- statementPart
2021-11-21T23:53:26,408|[TRACE] graph - -----> statementPart
2021-11-21T23:53:26,408|[TRACE] graph - -------> nonSkippedChar
2021-11-21T23:53:26,408|[TRACE] script - #out(`T`) [token]
2021-11-21T23:53:26,408|[TRACE] graph - <------- nonSkippedChar
2021-11-21T23:53:26,408|[TRACE] graph - <----- statementPart
2021-11-21T23:53:26,408|[TRACE] graph - -----> statementPart
2021-11-21T23:53:26,408|[TRACE] graph - -------> nonSkippedChar
2021-11-21T23:53:26,408|[TRACE] script - #out(`E`) [token]
2021-11-21T23:53:26,408|[TRACE] graph - <------- nonSkippedChar
2021-11-21T23:53:26,408|[TRACE] graph - <----- statementPart
2021-11-21T23:53:26,408|[TRACE] graph - -----> statementPart
2021-11-21T23:53:26,408|[TRACE] graph - -------> nonSkippedSpace
2021-11-21T23:53:26,408|[TRACE] script - #out(` `) [token]
2021-11-21T23:53:26,408|[TRACE] graph - <------- nonSkippedSpace
2021-11-21T23:53:26,408|[TRACE] graph - <----- statementPart
2021-11-21T23:53:26,408|[TRACE] graph - -----> statementPart
2021-11-21T23:53:26,408|[TRACE] graph - -------> nonSkippedChar
2021-11-21T23:53:26,408|[TRACE] script - #out(`T`) [token]
2021-11-21T23:53:26,408|[TRACE] graph - <------- nonSkippedChar
2021-11-21T23:53:26,408|[TRACE] graph - <----- statementPart
2021-11-21T23:53:26,408|[TRACE] graph - -----> statementPart
2021-11-21T23:53:26,408|[TRACE] graph - -------> nonSkippedChar
2021-11-21T23:53:26,408|[TRACE] script - #out(`A`) [token]
2021-11-21T23:53:26,408|[TRACE] graph - <------- nonSkippedChar
2021-11-21T23:53:26,408|[TRACE] graph - <----- statementPart
2021-11-21T23:53:26,408|[TRACE] graph - -----> statementPart
2021-11-21T23:53:26,408|[TRACE] graph - -------> nonSkippedChar
2021-11-21T23:53:26,408|[TRACE] script - #out(`B`) [token]
2021-11-21T23:53:26,408|[TRACE] graph - <------- nonSkippedChar
2021-11-21T23:53:26,408|[TRACE] graph - <----- statementPart
2021-11-21T23:53:26,408|[TRACE] graph - -----> statementPart
2021-11-21T23:53:26,408|[TRACE] graph - -------> nonSkippedChar
2021-11-21T23:53:26,408|[TRACE] script - #out(`L`) [token]
2021-11-21T23:53:26,408|[TRACE] graph - <------- nonSkippedChar
2021-11-21T23:53:26,408|[TRACE] graph - <----- statementPart
2021-11-21T23:53:26,408|[TRACE] graph - -----> statementPart
2021-11-21T23:53:26,408|[TRACE] graph - -------> nonSkippedChar
2021-11-21T23:53:26,408|[TRACE] script - #out(`E`) [token]
2021-11-21T23:53:26,408|[TRACE] graph - <------- nonSkippedChar
2021-11-21T23:53:26,408|[TRACE] graph - <----- statementPart
2021-11-21T23:53:26,408|[TRACE] graph - -----> statementPart
2021-11-21T23:53:26,408|[TRACE] graph - -------> nonSkippedSpace
2021-11-21T23:53:26,408|[TRACE] script - #out(` `) [token]
2021-11-21T23:53:26,408|[TRACE] graph - <------- nonSkippedSpace
2021-11-21T23:53:26,408|[TRACE] graph - <----- statementPart
2021-11-21T23:53:26,408|[TRACE] graph - -----> statementPart
2021-11-21T23:53:26,408|[TRACE] graph - -------> nonSkippedChar
2021-11-21T23:53:26,408|[TRACE] script - #out(`I`) [token]
2021-11-21T23:53:26,408|[TRACE] graph - <------- nonSkippedChar
2021-11-21T23:53:26,408|[TRACE] graph - <----- statementPart
2021-11-21T23:53:26,408|[TRACE] graph - -----> statementPart
2021-11-21T23:53:26,408|[TRACE] graph - -------> nonSkippedChar
2021-11-21T23:53:26,408|[TRACE] script - #out(`F`) [token]
2021-11-21T23:53:26,408|[TRACE] graph - <------- nonSkippedChar
2021-11-21T23:53:26,408|[TRACE] graph - <----- statementPart
2021-11-21T23:53:26,408|[TRACE] graph - -----> statementPart
2021-11-21T23:53:26,408|[TRACE] graph - -------> nonSkippedSpace
2021-11-21T23:53:26,408|[TRACE] script - #out(` `) [token]
2021-11-21T23:53:26,408|[TRACE] graph - <------- nonSkippedSpace
2021-11-21T23:53:26,408|[TRACE] graph - <----- statementPart
2021-11-21T23:53:26,408|[TRACE] graph - -----> statementPart
2021-11-21T23:53:26,408|[TRACE] graph - -------> nonSkippedChar
2021-11-21T23:53:26,408|[TRACE] script - #out(`N`) [token]
2021-11-21T23:53:26,408|[TRACE] graph - <------- nonSkippedChar
2021-11-21T23:53:26,408|[TRACE] graph - <----- statementPart
2021-11-21T23:53:26,408|[TRACE] graph - -----> statementPart
2021-11-21T23:53:26,408|[TRACE] graph - -------> nonSkippedChar
2021-11-21T23:53:26,408|[TRACE] script - #out(`O`) [token]
2021-11-21T23:53:26,408|[TRACE] graph - <------- nonSkippedChar
2021-11-21T23:53:26,408|[TRACE] graph - <----- statementPart
2021-11-21T23:53:26,408|[TRACE] graph - -----> statementPart
2021-11-21T23:53:26,408|[TRACE] graph - -------> nonSkippedChar
2021-11-21T23:53:26,408|[TRACE] script - #out(`T`) [token]
2021-11-21T23:53:26,408|[TRACE] graph - <------- nonSkippedChar
2021-11-21T23:53:26,408|[TRACE] graph - <----- statementPart
2021-11-21T23:53:26,408|[TRACE] graph - -----> statementPart
2021-11-21T23:53:26,408|[TRACE] graph - -------> nonSkippedSpace
2021-11-21T23:53:26,408|[TRACE] script - #out(` `) [token]
2021-11-21T23:53:26,408|[TRACE] graph - <------- nonSkippedSpace
2021-11-21T23:53:26,408|[TRACE] graph - <----- statementPart
2021-11-21T23:53:26,408|[TRACE] graph - -----> statementPart
2021-11-21T23:53:26,408|[TRACE] graph - -------> nonSkippedChar
2021-11-21T23:53:26,408|[TRACE] script - #out(`E`) [token]
2021-11-21T23:53:26,408|[TRACE] graph - <------- nonSkippedChar
2021-11-21T23:53:26,408|[TRACE] graph - <----- statementPart
2021-11-21T23:53:26,408|[TRACE] graph - -----> statementPart
2021-11-21T23:53:26,408|[TRACE] graph - -------> nonSkippedChar
2021-11-21T23:53:26,408|[TRACE] script - #out(`X`) [token]
2021-11-21T23:53:26,408|[TRACE] graph - <------- nonSkippedChar
2021-11-21T23:53:26,408|[TRACE] graph - <----- statementPart
2021-11-21T23:53:26,408|[TRACE] graph - -----> statementPart
2021-11-21T23:53:26,408|[TRACE] graph - -------> nonSkippedChar
2021-11-21T23:53:26,408|[TRACE] script - #out(`I`) [token]
2021-11-21T23:53:26,408|[TRACE] graph - <------- nonSkippedChar
2021-11-21T23:53:26,408|[TRACE] graph - <----- statementPart
2021-11-21T23:53:26,408|[TRACE] graph - -----> statementPart
2021-11-21T23:53:26,408|[TRACE] graph - -------> nonSkippedChar
2021-11-21T23:53:26,408|[TRACE] script - #out(`S`) [token]
2021-11-21T23:53:26,408|[TRACE] graph - <------- nonSkippedChar
2021-11-21T23:53:26,408|[TRACE] graph - <----- statementPart
2021-11-21T23:53:26,408|[TRACE] graph - -----> statementPart
2021-11-21T23:53:26,408|[TRACE] graph - -------> nonSkippedChar
2021-11-21T23:53:26,408|[TRACE] script - #out(`T`) [token]
2021-11-21T23:53:26,408|[TRACE] graph - <------- nonSkippedChar
2021-11-21T23:53:26,408|[TRACE] graph - <----- statementPart
2021-11-21T23:53:26,408|[TRACE] graph - -----> statementPart
2021-11-21T23:53:26,408|[TRACE] graph - -------> nonSkippedChar
2021-11-21T23:53:26,408|[TRACE] script - #out(`S`) [token]
2021-11-21T23:53:26,408|[TRACE] graph - <------- nonSkippedChar
2021-11-21T23:53:26,408|[TRACE] graph - <----- statementPart
2021-11-21T23:53:26,408|[TRACE] graph - -----> statementPart
2021-11-21T23:53:26,408|[TRACE] graph - -------> nonSkippedSpace
2021-11-21T23:53:26,408|[TRACE] script - #out(` `) [token]
2021-11-21T23:53:26,408|[TRACE] graph - <------- nonSkippedSpace
2021-11-21T23:53:26,408|[TRACE] graph - <----- statementPart
2021-11-21T23:53:26,408|[TRACE] graph - -----> statementPart
2021-11-21T23:53:26,408|[TRACE] graph - -------> quotedString
2021-11-21T23:53:26,408|[TRACE] script - #out(``bloodbank``) [token]
2021-11-21T23:53:26,408|[TRACE] graph - <------- quotedString
2021-11-21T23:53:26,408|[TRACE] graph - <----- statementPart
2021-11-21T23:53:26,408|[TRACE] graph - -----> statementPart
2021-11-21T23:53:26,408|[TRACE] graph - -------> nonSkippedChar
2021-11-21T23:53:26,408|[TRACE] script - #out(`.`) [token]
2021-11-21T23:53:26,408|[TRACE] graph - <------- nonSkippedChar
2021-11-21T23:53:26,408|[TRACE] graph - <----- statementPart
2021-11-21T23:53:26,408|[TRACE] graph - -----> statementPart
2021-11-21T23:53:26,408|[TRACE] graph - -------> quotedString
2021-11-21T23:53:26,408|[TRACE] script - #out(``contact``) [token]
2021-11-21T23:53:26,408|[TRACE] graph - <------- quotedString
2021-11-21T23:53:26,408|[TRACE] graph - <----- statementPart
2021-11-21T23:53:26,408|[TRACE] graph - -----> statementPart
2021-11-21T23:53:26,408|[TRACE] graph - -------> nonSkippedSpace
2021-11-21T23:53:26,408|[TRACE] script - #out(` `) [token]
2021-11-21T23:53:26,408|[TRACE] graph - <------- nonSkippedSpace
2021-11-21T23:53:26,408|[TRACE] graph - <----- statementPart
2021-11-21T23:53:26,408|[TRACE] graph - -----> statementPart
2021-11-21T23:53:26,408|[TRACE] graph - -------> nonSkippedChar
2021-11-21T23:53:26,408|[TRACE] script - #out(`(`) [token]
2021-11-21T23:53:26,408|[TRACE] graph - <------- nonSkippedChar
2021-11-21T23:53:26,408|[TRACE] graph - <----- statementPart
2021-11-21T23:53:26,408|[TRACE] graph - -----> afterStatementPartNewline
2021-11-21T23:53:26,408|[TRACE] script - #out(` `) [text]
2021-11-21T23:53:26,408|[TRACE] graph - <----- afterStatementPartNewline
2021-11-21T23:53:26,408|[TRACE] graph - -----> statementPart
2021-11-21T23:53:26,408|[TRACE] graph - -------> nonSkippedSpace
2021-11-21T23:53:26,450|[TRACE] script - #out(` `) [token]
2021-11-21T23:53:26,450|[TRACE] graph - <------- nonSkippedSpace
2021-11-21T23:53:26,450|[TRACE] graph - <----- statementPart
2021-11-21T23:53:26,450|[TRACE] graph - -----> statementPart
2021-11-21T23:53:26,450|[TRACE] graph - -------> nonSkippedSpace
2021-11-21T23:53:26,450|[TRACE] script - #out(` `) [token]
2021-11-21T23:53:26,450|[TRACE] graph - <------- nonSkippedSpace
2021-11-21T23:53:26,450|[TRACE] graph - <----- statementPart
2021-11-21T23:53:26,450|[TRACE] graph - -----> statementPart
2021-11-21T23:53:26,450|[TRACE] graph - -------> quotedString
2021-11-21T23:53:26,450|[TRACE] script - #out(``person_id``) [token]
2021-11-21T23:53:26,450|[TRACE] graph - <------- quotedString
2021-11-21T23:53:26,450|[TRACE] graph - <----- statementPart
2021-11-21T23:53:26,450|[TRACE] graph - -----> statementPart
2021-11-21T23:53:26,450|[TRACE] graph - -------> nonSkippedSpace
2021-11-21T23:53:26,450|[TRACE] script - #out(` `) [token]
2021-11-21T23:53:26,450|[TRACE] graph - <------- nonSkippedSpace
2021-11-21T23:53:26,450|[TRACE] graph - <----- statementPart
2021-11-21T23:53:26,450|[TRACE] graph - -----> statementPart
2021-11-21T23:53:26,450|[TRACE] graph - -------> nonSkippedChar
2021-11-21T23:53:26,450|[TRACE] script - #out(`I`) [token]
2021-11-21T23:53:26,450|[TRACE] graph - <------- nonSkippedChar
2021-11-21T23:53:26,450|[TRACE] graph - <----- statementPart
2021-11-21T23:53:26,450|[TRACE] graph - -----> statementPart
2021-11-21T23:53:26,450|[TRACE] graph - -------> nonSkippedChar
2021-11-21T23:53:26,450|[TRACE] script - #out(`N`) [token]
2021-11-21T23:53:26,450|[TRACE] graph - <------- nonSkippedChar
2021-11-21T23:53:26,450|[TRACE] graph - <----- statementPart
2021-11-21T23:53:26,450|[TRACE] graph - -----> statementPart
2021-11-21T23:53:26,450|[TRACE] graph - -------> nonSkippedChar
2021-11-21T23:53:26,450|[TRACE] script - #out(`T`) [token]
2021-11-21T23:53:26,450|[TRACE] graph - <------- nonSkippedChar
2021-11-21T23:53:26,450|[TRACE] graph - <----- statementPart
2021-11-21T23:53:26,450|[TRACE] graph - -----> statementPart
2021-11-21T23:53:26,450|[TRACE] graph - -------> nonSkippedSpace
2021-11-21T23:53:26,450|[TRACE] script - #out(` `) [token]
2021-11-21T23:53:26,450|[TRACE] graph - <------- nonSkippedSpace
2021-11-21T23:53:26,450|[TRACE] graph - <----- statementPart
2021-11-21T23:53:26,450|[TRACE] graph - -----> statementPart
2021-11-21T23:53:26,450|[TRACE] graph - -------> nonSkippedChar
2021-11-21T23:53:26,450|[TRACE] script - #out(`N`) [token]
2021-11-21T23:53:26,450|[TRACE] graph - <------- nonSkippedChar
2021-11-21T23:53:26,450|[TRACE] graph - <----- statementPart
2021-11-21T23:53:26,450|[TRACE] graph - -----> statementPart
2021-11-21T23:53:26,450|[TRACE] graph - -------> nonSkippedChar
2021-11-21T23:53:26,450|[TRACE] script - #out(`O`) [token]
2021-11-21T23:53:26,450|[TRACE] graph - <------- nonSkippedChar
2021-11-21T23:53:26,450|[TRACE] graph - <----- statementPart
2021-11-21T23:53:26,450|[TRACE] graph - -----> statementPart
2021-11-21T23:53:26,450|[TRACE] graph - -------> nonSkippedChar
2021-11-21T23:53:26,450|[TRACE] script - #out(`T`) [token]
2021-11-21T23:53:26,450|[TRACE] graph - <------- nonSkippedChar
2021-11-21T23:53:26,450|[TRACE] graph - <----- statementPart
2021-11-21T23:53:26,450|[TRACE] graph - -----> statementPart
2021-11-21T23:53:26,450|[TRACE] graph - -------> nonSkippedSpace
2021-11-21T23:53:26,450|[TRACE] script - #out(` `) [token]
2021-11-21T23:53:26,450|[TRACE] graph - <------- nonSkippedSpace
2021-11-21T23:53:26,450|[TRACE] graph - <----- statementPart
2021-11-21T23:53:26,450|[TRACE] graph - -----> statementPart
2021-11-21T23:53:26,450|[TRACE] graph - -------> nonSkippedChar
2021-11-21T23:53:26,450|[TRACE] script - #out(`N`) [token]
2021-11-21T23:53:26,450|[TRACE] graph - <------- nonSkippedChar
2021-11-21T23:53:26,450|[TRACE] graph - <----- statementPart
2021-11-21T23:53:26,450|[TRACE] graph - -----> statementPart
2021-11-21T23:53:26,450|[TRACE] graph - -------> nonSkippedChar
2021-11-21T23:53:26,450|[TRACE] script - #out(`U`) [token]
2021-11-21T23:53:26,450|[TRACE] graph - <------- nonSkippedChar
2021-11-21T23:53:26,450|[TRACE] graph - <----- statementPart
2021-11-21T23:53:26,450|[TRACE] graph - -----> statementPart
2021-11-21T23:53:26,451|[TRACE] graph - -------> nonSkippedChar
2021-11-21T23:53:26,451|[TRACE] script - #out(`L`) [token]
2021-11-21T23:53:26,451|[TRACE] graph - <------- nonSkippedChar
2021-11-21T23:53:26,451|[TRACE] graph - <----- statementPart
2021-11-21T23:53:26,451|[TRACE] graph - -----> statementPart
2021-11-21T23:53:26,451|[TRACE] graph - -------> nonSkippedChar
2021-11-21T23:53:26,451|[TRACE] script - #out(`L`) [token]
2021-11-21T23:53:26,451|[TRACE] graph - <------- nonSkippedChar
2021-11-21T23:53:26,451|[TRACE] graph - <----- statementPart
2021-11-21T23:53:26,451|[TRACE] graph - -----> statementPart
2021-11-21T23:53:26,451|[TRACE] graph - -------> nonSkippedChar
2021-11-21T23:53:26,451|[TRACE] script - #out(`,`) [token]
2021-11-21T23:53:26,451|[TRACE] graph - <------- nonSkippedChar
2021-11-21T23:53:26,451|[TRACE] graph - <----- statementPart
2021-11-21T23:53:26,451|[TRACE] graph - -----> afterStatementPartNewline
2021-11-21T23:53:26,451|[TRACE] script - #out(` `) [text]
2021-11-21T23:53:26,451|[TRACE] graph - <----- afterStatementPartNewline
2021-11-21T23:53:26,451|[TRACE] graph - -----> statementPart
2021-11-21T23:53:26,451|[TRACE] graph - -------> nonSkippedSpace
2021-11-21T23:53:26,451|[TRACE] script - #out(` `) [token]
2021-11-21T23:53:26,451|[TRACE] graph - <------- nonSkippedSpace
2021-11-21T23:53:26,451|[TRACE] graph - <----- statementPart
2021-11-21T23:53:26,451|[TRACE] graph - -----> statementPart
2021-11-21T23:53:26,451|[TRACE] graph - -------> nonSkippedSpace
2021-11-21T23:53:26,451|[TRACE] script - #out(` `) [token]
2021-11-21T23:53:26,451|[TRACE] graph - <------- nonSkippedSpace
2021-11-21T23:53:26,451|[TRACE] graph - <----- statementPart
2021-11-21T23:53:26,451|[TRACE] graph - -----> statementPart
2021-11-21T23:53:26,451|[TRACE] graph - -------> quotedString
2021-11-21T23:53:26,451|[TRACE] script - #out(``phone_id``) [token]
2021-11-21T23:53:26,451|[TRACE] graph - <------- quotedString
2021-11-21T23:53:26,451|[TRACE] graph - <----- statementPart
2021-11-21T23:53:26,451|[TRACE] graph - -----> statementPart
2021-11-21T23:53:26,451|[TRACE] graph - -------> nonSkippedSpace
2021-11-21T23:53:26,451|[TRACE] script - #out(` `) [token]
2021-11-21T23:53:26,451|[TRACE] graph - <------- nonSkippedSpace
2021-11-21T23:53:26,451|[TRACE] graph - <----- statementPart
2021-11-21T23:53:26,451|[TRACE] graph - -----> statementPart
2021-11-21T23:53:26,451|[TRACE] graph - -------> nonSkippedChar
2021-11-21T23:53:26,451|[TRACE] script - #out(`I`) [token]
2021-11-21T23:53:26,451|[TRACE] graph - <------- nonSkippedChar
2021-11-21T23:53:26,451|[TRACE] graph - <----- statementPart
2021-11-21T23:53:26,451|[TRACE] graph - -----> statementPart
2021-11-21T23:53:26,451|[TRACE] graph - -------> nonSkippedChar
2021-11-21T23:53:26,451|[TRACE] script - #out(`N`) [token]
2021-11-21T23:53:26,451|[TRACE] graph - <------- nonSkippedChar
2021-11-21T23:53:26,451|[TRACE] graph - <----- statementPart
2021-11-21T23:53:26,451|[TRACE] graph - -----> statementPart
2021-11-21T23:53:26,451|[TRACE] graph - -------> nonSkippedChar
2021-11-21T23:53:26,451|[TRACE] script - #out(`T`) [token]
2021-11-21T23:53:26,451|[TRACE] graph - <------- nonSkippedChar
2021-11-21T23:53:26,451|[TRACE] graph - <----- statementPart
2021-11-21T23:53:26,451|[TRACE] graph - -----> statementPart
2021-11-21T23:53:26,451|[TRACE] graph - -------> nonSkippedSpace
2021-11-21T23:53:26,451|[TRACE] script - #out(` `) [token]
2021-11-21T23:53:26,451|[TRACE] graph - <------- nonSkippedSpace
2021-11-21T23:53:26,451|[TRACE] graph - <----- statementPart
2021-11-21T23:53:26,451|[TRACE] graph - -----> statementPart
2021-11-21T23:53:26,451|[TRACE] graph - -------> nonSkippedChar
2021-11-21T23:53:26,451|[TRACE] script - #out(`N`) [token]
2021-11-21T23:53:26,451|[TRACE] graph - <------- nonSkippedChar
2021-11-21T23:53:26,451|[TRACE] graph - <----- statementPart
2021-11-21T23:53:26,451|[TRACE] graph - -----> statementPart
2021-11-21T23:53:26,451|[TRACE] graph - -------> nonSkippedChar
2021-11-21T23:53:26,451|[TRACE] script - #out(`O`) [token]
2021-11-21T23:53:26,451|[TRACE] graph - <------- nonSkippedChar
2021-11-21T23:53:26,451|[TRACE] graph - <----- statementPart
2021-11-21T23:53:26,451|[TRACE] graph - -----> statementPart
2021-11-21T23:53:26,451|[TRACE] graph - -------> nonSkippedChar
2021-11-21T23:53:26,451|[TRACE] script - #out(`T`) [token]
2021-11-21T23:53:26,451|[TRACE] graph - <------- nonSkippedChar
2021-11-21T23:53:26,451|[TRACE] graph - <----- statementPart
2021-11-21T23:53:26,451|[TRACE] graph - -----> statementPart
2021-11-21T23:53:26,451|[TRACE] graph - -------> nonSkippedSpace
2021-11-21T23:53:26,451|[TRACE] script - #out(` `) [token]
2021-11-21T23:53:26,451|[TRACE] graph - <------- nonSkippedSpace
2021-11-21T23:53:26,451|[TRACE] graph - <----- statementPart
2021-11-21T23:53:26,451|[TRACE] graph - -----> statementPart
2021-11-21T23:53:26,451|[TRACE] graph - -------> nonSkippedChar
2021-11-21T23:53:26,451|[TRACE] script - #out(`N`) [token]
2021-11-21T23:53:26,451|[TRACE] graph - <------- nonSkippedChar
2021-11-21T23:53:26,451|[TRACE] graph - <----- statementPart
2021-11-21T23:53:26,451|[TRACE] graph - -----> statementPart
2021-11-21T23:53:26,451|[TRACE] graph - -------> nonSkippedChar
2021-11-21T23:53:26,451|[TRACE] script - #out(`U`) [token]
2021-11-21T23:53:26,451|[TRACE] graph - <------- nonSkippedChar
2021-11-21T23:53:26,451|[TRACE] graph - <----- statementPart
2021-11-21T23:53:26,451|[TRACE] graph - -----> statementPart
2021-11-21T23:53:26,451|[TRACE] graph - -------> nonSkippedChar
2021-11-21T23:53:26,451|[TRACE] script - #out(`L`) [token]
2021-11-21T23:53:26,451|[TRACE] graph - <------- nonSkippedChar
2021-11-21T23:53:26,451|[TRACE] graph - <----- statementPart
2021-11-21T23:53:26,451|[TRACE] graph - -----> statementPart
2021-11-21T23:53:26,451|[TRACE] graph - -------> nonSkippedChar
2021-11-21T23:53:26,451|[TRACE] script - #out(`L`) [token]
2021-11-21T23:53:26,451|[TRACE] graph - <------- nonSkippedChar
2021-11-21T23:53:26,451|[TRACE] graph - <----- statementPart
2021-11-21T23:53:26,451|[TRACE] graph - -----> statementPart
2021-11-21T23:53:26,451|[TRACE] graph - -------> nonSkippedChar
2021-11-21T23:53:26,451|[TRACE] script - #out(`,`) [token]
2021-11-21T23:53:26,451|[TRACE] graph - <------- nonSkippedChar
2021-11-21T23:53:26,451|[TRACE] graph - <----- statementPart
2021-11-21T23:53:26,451|[TRACE] graph - -----> afterStatementPartNewline
2021-11-21T23:53:26,451|[TRACE] script - #out(` `) [text]
2021-11-21T23:53:26,451|[TRACE] graph - <----- afterStatementPartNewline
2021-11-21T23:53:26,451|[TRACE] graph - -----> statementPart
2021-11-21T23:53:26,451|[TRACE] graph - -------> nonSkippedSpace
2021-11-21T23:53:26,451|[TRACE] script - #out(` `) [token]
2021-11-21T23:53:26,451|[TRACE] graph - <------- nonSkippedSpace
2021-11-21T23:53:26,451|[TRACE] graph - <----- statementPart
2021-11-21T23:53:26,451|[TRACE] graph - -----> statementPart
2021-11-21T23:53:26,451|[TRACE] graph - -------> nonSkippedSpace
2021-11-21T23:53:26,451|[TRACE] script - #out(` `) [token]
2021-11-21T23:53:26,451|[TRACE] graph - <------- nonSkippedSpace
2021-11-21T23:53:26,451|[TRACE] graph - <----- statementPart
2021-11-21T23:53:26,451|[TRACE] graph - -----> statementPart
2021-11-21T23:53:26,451|[TRACE] graph - -------> quotedString
2021-11-21T23:53:26,451|[TRACE] script - #out(``contact_type``) [token]
2021-11-21T23:53:26,451|[TRACE] graph - <------- quotedString
2021-11-21T23:53:26,451|[TRACE] graph - <----- statementPart
2021-11-21T23:53:26,451|[TRACE] graph - -----> statementPart
2021-11-21T23:53:26,451|[TRACE] graph - -------> nonSkippedSpace
2021-11-21T23:53:26,451|[TRACE] script - #out(` `) [token]
2021-11-21T23:53:26,451|[TRACE] graph - <------- nonSkippedSpace
2021-11-21T23:53:26,451|[TRACE] graph - <----- statementPart
2021-11-21T23:53:26,451|[TRACE] graph - -----> statementPart
2021-11-21T23:53:26,451|[TRACE] graph - -------> nonSkippedChar
2021-11-21T23:53:26,451|[TRACE] script - #out(`V`) [token]
2021-11-21T23:53:26,451|[TRACE] graph - <------- nonSkippedChar
2021-11-21T23:53:26,451|[TRACE] graph - <----- statementPart
2021-11-21T23:53:26,451|[TRACE] graph - -----> statementPart
2021-11-21T23:53:26,451|[TRACE] graph - -------> nonSkippedChar
2021-11-21T23:53:26,451|[TRACE] script - #out(`A`) [token]
2021-11-21T23:53:26,451|[TRACE] graph - <------- nonSkippedChar
2021-11-21T23:53:26,451|[TRACE] graph - <----- statementPart
2021-11-21T23:53:26,451|[TRACE] graph - -----> statementPart
2021-11-21T23:53:26,451|[TRACE] graph - -------> nonSkippedChar
2021-11-21T23:53:26,451|[TRACE] script - #out(`R`) [token]
2021-11-21T23:53:26,451|[TRACE] graph - <------- nonSkippedChar
2021-11-21T23:53:26,451|[TRACE] graph - <----- statementPart
2021-11-21T23:53:26,451|[TRACE] graph - -----> statementPart
2021-11-21T23:53:26,451|[TRACE] graph - -------> nonSkippedChar
2021-11-21T23:53:26,451|[TRACE] script - #out(`C`) [token]
2021-11-21T23:53:26,451|[TRACE] graph - <------- nonSkippedChar
2021-11-21T23:53:26,451|[TRACE] graph - <----- statementPart
2021-11-21T23:53:26,451|[TRACE] graph - -----> statementPart
2021-11-21T23:53:26,451|[TRACE] graph - -------> nonSkippedChar
2021-11-21T23:53:26,451|[TRACE] script - #out(`H`) [token]
2021-11-21T23:53:26,451|[TRACE] graph - <------- nonSkippedChar
2021-11-21T23:53:26,451|[TRACE] graph - <----- statementPart
2021-11-21T23:53:26,451|[TRACE] graph - -----> statementPart
2021-11-21T23:53:26,451|[TRACE] graph - -------> nonSkippedChar
2021-11-21T23:53:26,451|[TRACE] script - #out(`A`) [token]
2021-11-21T23:53:26,451|[TRACE] graph - <------- nonSkippedChar
2021-11-21T23:53:26,451|[TRACE] graph - <----- statementPart
2021-11-21T23:53:26,451|[TRACE] graph - -----> statementPart
2021-11-21T23:53:26,451|[TRACE] graph - -------> nonSkippedChar
2021-11-21T23:53:26,451|[TRACE] script - #out(`R`) [token]
2021-11-21T23:53:26,451|[TRACE] graph - <------- nonSkippedChar
2021-11-21T23:53:26,451|[TRACE] graph - <----- statementPart
2021-11-21T23:53:26,451|[TRACE] graph - -----> statementPart
2021-11-21T23:53:26,451|[TRACE] graph - -------> nonSkippedChar
2021-11-21T23:53:26,451|[TRACE] script - #out(`(`) [token]
2021-11-21T23:53:26,451|[TRACE] graph - <------- nonSkippedChar
2021-11-21T23:53:26,451|[TRACE] graph - <----- statementPart
2021-11-21T23:53:26,451|[TRACE] graph - -----> statementPart
2021-11-21T23:53:26,451|[TRACE] graph - -------> nonSkippedChar
2021-11-21T23:53:26,451|[TRACE] script - #out(`1`) [token]
2021-11-21T23:53:26,451|[TRACE] graph - <------- nonSkippedChar
2021-11-21T23:53:26,451|[TRACE] graph - <----- statementPart
2021-11-21T23:53:26,451|[TRACE] graph - -----> statementPart
2021-11-21T23:53:26,451|[TRACE] graph - -------> nonSkippedChar
2021-11-21T23:53:26,451|[TRACE] script - #out(`0`) [token]
2021-11-21T23:53:26,451|[TRACE] graph - <------- nonSkippedChar
2021-11-21T23:53:26,451|[TRACE] graph - <----- statementPart
2021-11-21T23:53:26,451|[TRACE] graph - -----> statementPart
2021-11-21T23:53:26,451|[TRACE] graph - -------> nonSkippedChar
2021-11-21T23:53:26,451|[TRACE] script - #out(`)`) [token]
2021-11-21T23:53:26,451|[TRACE] graph - <------- nonSkippedChar
2021-11-21T23:53:26,451|[TRACE] graph - <----- statementPart
2021-11-21T23:53:26,451|[TRACE] graph - -----> statementPart
2021-11-21T23:53:26,451|[TRACE] graph - -------> nonSkippedSpace
2021-11-21T23:53:26,451|[TRACE] script - #out(` `) [token]
2021-11-21T23:53:26,451|[TRACE] graph - <------- nonSkippedSpace
2021-11-21T23:53:26,451|[TRACE] graph - <----- statementPart
2021-11-21T23:53:26,451|[TRACE] graph - -----> statementPart
2021-11-21T23:53:26,451|[TRACE] graph - -------> nonSkippedChar
2021-11-21T23:53:26,451|[TRACE] script - #out(`N`) [token]
2021-11-21T23:53:26,451|[TRACE] graph - <------- nonSkippedChar
2021-11-21T23:53:26,451|[TRACE] graph - <----- statementPart
2021-11-21T23:53:26,451|[TRACE] graph - -----> statementPart
2021-11-21T23:53:26,451|[TRACE] graph - -------> nonSkippedChar
2021-11-21T23:53:26,451|[TRACE] script - #out(`O`) [token]
2021-11-21T23:53:26,451|[TRACE] graph - <------- nonSkippedChar
2021-11-21T23:53:26,451|[TRACE] graph - <----- statementPart
2021-11-21T23:53:26,451|[TRACE] graph - -----> statementPart
2021-11-21T23:53:26,451|[TRACE] graph - -------> nonSkippedChar
2021-11-21T23:53:26,451|[TRACE] script - #out(`T`) [token]
2021-11-21T23:53:26,451|[TRACE] graph - <------- nonSkippedChar
2021-11-21T23:53:26,451|[TRACE] graph - <----- statementPart
2021-11-21T23:53:26,451|[TRACE] graph - -----> statementPart
2021-11-21T23:53:26,451|[TRACE] graph - -------> nonSkippedSpace
2021-11-21T23:53:26,451|[TRACE] script - #out(` `) [token]
2021-11-21T23:53:26,451|[TRACE] graph - <------- nonSkippedSpace
2021-11-21T23:53:26,451|[TRACE] graph - <----- statementPart
2021-11-21T23:53:26,451|[TRACE] graph - -----> statementPart
2021-11-21T23:53:26,451|[TRACE] graph - -------> nonSkippedChar
2021-11-21T23:53:26,451|[TRACE] script - #out(`N`) [token]
2021-11-21T23:53:26,451|[TRACE] graph - <------- nonSkippedChar
2021-11-21T23:53:26,451|[TRACE] graph - <----- statementPart
2021-11-21T23:53:26,451|[TRACE] graph - -----> statementPart
2021-11-21T23:53:26,451|[TRACE] graph - -------> nonSkippedChar
2021-11-21T23:53:26,451|[TRACE] script - #out(`U`) [token]
2021-11-21T23:53:26,451|[TRACE] graph - <------- nonSkippedChar
2021-11-21T23:53:26,451|[TRACE] graph - <----- statementPart
2021-11-21T23:53:26,451|[TRACE] graph - -----> statementPart
2021-11-21T23:53:26,451|[TRACE] graph - -------> nonSkippedChar
2021-11-21T23:53:26,451|[TRACE] script - #out(`L`) [token]
2021-11-21T23:53:26,451|[TRACE] graph - <------- nonSkippedChar
2021-11-21T23:53:26,451|[TRACE] graph - <----- statementPart
2021-11-21T23:53:26,451|[TRACE] graph - -----> statementPart
2021-11-21T23:53:26,451|[TRACE] graph - -------> nonSkippedChar
2021-11-21T23:53:26,451|[TRACE] script - #out(`L`) [token]
2021-11-21T23:53:26,451|[TRACE] graph - <------- nonSkippedChar
2021-11-21T23:53:26,451|[TRACE] graph - <----- statementPart
2021-11-21T23:53:26,451|[TRACE] graph - -----> statementPart
2021-11-21T23:53:26,451|[TRACE] graph - -------> nonSkippedChar
2021-11-21T23:53:26,451|[TRACE] script - #out(`,`) [token]
2021-11-21T23:53:26,451|[TRACE] graph - <------- nonSkippedChar
2021-11-21T23:53:26,451|[TRACE] graph - <----- statementPart
2021-11-21T23:53:26,451|[TRACE] graph - -----> afterStatementPartNewline
2021-11-21T23:53:26,451|[TRACE] script - #out(` `) [text]
2021-11-21T23:53:26,451|[TRACE] graph - <----- afterStatementPartNewline
2021-11-21T23:53:26,451|[TRACE] graph - -----> statementPart
2021-11-21T23:53:26,451|[TRACE] graph - -------> nonSkippedSpace
2021-11-21T23:53:26,451|[TRACE] script - #out(` `) [token]
2021-11-21T23:53:26,451|[TRACE] graph - <------- nonSkippedSpace
2021-11-21T23:53:26,451|[TRACE] graph - <----- statementPart
2021-11-21T23:53:26,451|[TRACE] graph - -----> statementPart
2021-11-21T23:53:26,451|[TRACE] graph - -------> nonSkippedSpace
2021-11-21T23:53:26,451|[TRACE] script - #out(` `) [token]
2021-11-21T23:53:26,451|[TRACE] graph - <------- nonSkippedSpace
2021-11-21T23:53:26,451|[TRACE] graph - <----- statementPart
2021-11-21T23:53:26,451|[TRACE] graph - -----> statementPart
2021-11-21T23:53:26,451|[TRACE] graph - -------> quotedString
2021-11-21T23:53:26,451|[TRACE] script - #out(``email``) [token]
2021-11-21T23:53:26,451|[TRACE] graph - <------- quotedString
2021-11-21T23:53:26,451|[TRACE] graph - <----- statementPart
2021-11-21T23:53:26,451|[TRACE] graph - -----> statementPart
2021-11-21T23:53:26,451|[TRACE] graph - -------> nonSkippedSpace
2021-11-21T23:53:26,451|[TRACE] script - #out(` `) [token]
2021-11-21T23:53:26,451|[TRACE] graph - <------- nonSkippedSpace
2021-11-21T23:53:26,451|[TRACE] graph - <----- statementPart
2021-11-21T23:53:26,451|[TRACE] graph - -----> statementPart
2021-11-21T23:53:26,451|[TRACE] graph - -------> nonSkippedChar
2021-11-21T23:53:26,451|[TRACE] script - #out(`V`) [token]
2021-11-21T23:53:26,451|[TRACE] graph - <------- nonSkippedChar
2021-11-21T23:53:26,451|[TRACE] graph - <----- statementPart
2021-11-21T23:53:26,451|[TRACE] graph - -----> statementPart
2021-11-21T23:53:26,451|[TRACE] graph - -------> nonSkippedChar
2021-11-21T23:53:26,451|[TRACE] script - #out(`A`) [token]
2021-11-21T23:53:26,451|[TRACE] graph - <------- nonSkippedChar
2021-11-21T23:53:26,451|[TRACE] graph - <----- statementPart
2021-11-21T23:53:26,451|[TRACE] graph - -----> statementPart
2021-11-21T23:53:26,451|[TRACE] graph - -------> nonSkippedChar
2021-11-21T23:53:26,451|[TRACE] script - #out(`R`) [token]
2021-11-21T23:53:26,451|[TRACE] graph - <------- nonSkippedChar
2021-11-21T23:53:26,451|[TRACE] graph - <----- statementPart
2021-11-21T23:53:26,451|[TRACE] graph - -----> statementPart
2021-11-21T23:53:26,451|[TRACE] graph - -------> nonSkippedChar
2021-11-21T23:53:26,451|[TRACE] script - #out(`C`) [token]
2021-11-21T23:53:26,451|[TRACE] graph - <------- nonSkippedChar
2021-11-21T23:53:26,451|[TRACE] graph - <----- statementPart
2021-11-21T23:53:26,451|[TRACE] graph - -----> statementPart
2021-11-21T23:53:26,451|[TRACE] graph - -------> nonSkippedChar
2021-11-21T23:53:26,451|[TRACE] script - #out(`H`) [token]
2021-11-21T23:53:26,451|[TRACE] graph - <------- nonSkippedChar
2021-11-21T23:53:26,451|[TRACE] graph - <----- statementPart
2021-11-21T23:53:26,451|[TRACE] graph - -----> statementPart
2021-11-21T23:53:26,451|[TRACE] graph - -------> nonSkippedChar
2021-11-21T23:53:26,451|[TRACE] script - #out(`A`) [token]
2021-11-21T23:53:26,451|[TRACE] graph - <------- nonSkippedChar
2021-11-21T23:53:26,451|[TRACE] graph - <----- statementPart
2021-11-21T23:53:26,451|[TRACE] graph - -----> statementPart
2021-11-21T23:53:26,451|[TRACE] graph - -------> nonSkippedChar
2021-11-21T23:53:26,451|[TRACE] script - #out(`R`) [token]
2021-11-21T23:53:26,451|[TRACE] graph - <------- nonSkippedChar
2021-11-21T23:53:26,451|[TRACE] graph - <----- statementPart
2021-11-21T23:53:26,451|[TRACE] graph - -----> statementPart
2021-11-21T23:53:26,451|[TRACE] graph - -------> nonSkippedChar
2021-11-21T23:53:26,451|[TRACE] script - #out(`(`) [token]
2021-11-21T23:53:26,451|[TRACE] graph - <------- nonSkippedChar
2021-11-21T23:53:26,451|[TRACE] graph - <----- statementPart
2021-11-21T23:53:26,451|[TRACE] graph - -----> statementPart
2021-11-21T23:53:26,451|[TRACE] graph - -------> nonSkippedChar
2021-11-21T23:53:26,451|[TRACE] script - #out(`1`) [token]
2021-11-21T23:53:26,451|[TRACE] graph - <------- nonSkippedChar
2021-11-21T23:53:26,451|[TRACE] graph - <----- statementPart
2021-11-21T23:53:26,451|[TRACE] graph - -----> statementPart
2021-11-21T23:53:26,451|[TRACE] graph - -------> nonSkippedChar
2021-11-21T23:53:26,451|[TRACE] script - #out(`0`) [token]
2021-11-21T23:53:26,451|[TRACE] graph - <------- nonSkippedChar
2021-11-21T23:53:26,451|[TRACE] graph - <----- statementPart
2021-11-21T23:53:26,451|[TRACE] graph - -----> statementPart
2021-11-21T23:53:26,451|[TRACE] graph - -------> nonSkippedChar
2021-11-21T23:53:26,451|[TRACE] script - #out(`0`) [token]
2021-11-21T23:53:26,451|[TRACE] graph - <------- nonSkippedChar
2021-11-21T23:53:26,451|[TRACE] graph - <----- statementPart
2021-11-21T23:53:26,451|[TRACE] graph - -----> statementPart
2021-11-21T23:53:26,451|[TRACE] graph - -------> nonSkippedChar
2021-11-21T23:53:26,451|[TRACE] script - #out(`)`) [token]
2021-11-21T23:53:26,451|[TRACE] graph - <------- nonSkippedChar
2021-11-21T23:53:26,451|[TRACE] graph - <----- statementPart
2021-11-21T23:53:26,451|[TRACE] graph - -----> statementPart
2021-11-21T23:53:26,451|[TRACE] graph - -------> nonSkippedSpace
2021-11-21T23:53:26,451|[TRACE] script - #out(` `) [token]
2021-11-21T23:53:26,451|[TRACE] graph - <------- nonSkippedSpace
2021-11-21T23:53:26,451|[TRACE] graph - <----- statementPart
2021-11-21T23:53:26,451|[TRACE] graph - -----> statementPart
2021-11-21T23:53:26,451|[TRACE] graph - -------> nonSkippedChar
2021-11-21T23:53:26,451|[TRACE] script - #out(`N`) [token]
2021-11-21T23:53:26,452|[TRACE] graph - <------- nonSkippedChar
2021-11-21T23:53:26,452|[TRACE] graph - <----- statementPart
2021-11-21T23:53:26,452|[TRACE] graph - -----> statementPart
2021-11-21T23:53:26,452|[TRACE] graph - -------> nonSkippedChar
2021-11-21T23:53:26,452|[TRACE] script - #out(`U`) [token]
2021-11-21T23:53:26,452|[TRACE] graph - <------- nonSkippedChar
2021-11-21T23:53:26,452|[TRACE] graph - <----- statementPart
2021-11-21T23:53:26,452|[TRACE] graph - -----> statementPart
2021-11-21T23:53:26,452|[TRACE] graph - -------> nonSkippedChar
2021-11-21T23:53:26,452|[TRACE] script - #out(`L`) [token]
2021-11-21T23:53:26,452|[TRACE] graph - <------- nonSkippedChar
2021-11-21T23:53:26,452|[TRACE] graph - <----- statementPart
2021-11-21T23:53:26,452|[TRACE] graph - -----> statementPart
2021-11-21T23:53:26,452|[TRACE] graph - -------> nonSkippedChar
2021-11-21T23:53:26,452|[TRACE] script - #out(`L`) [token]
2021-11-21T23:53:26,452|[TRACE] graph - <------- nonSkippedChar
2021-11-21T23:53:26,452|[TRACE] graph - <----- statementPart
2021-11-21T23:53:26,452|[TRACE] graph - -----> statementPart
2021-11-21T23:53:26,452|[TRACE] graph - -------> nonSkippedChar
2021-11-21T23:53:26,452|[TRACE] script - #out(`,`) [token]
2021-11-21T23:53:26,452|[TRACE] graph - <------- nonSkippedChar
2021-11-21T23:53:26,452|[TRACE] graph - <----- statementPart
2021-11-21T23:53:26,452|[TRACE] graph - -----> afterStatementPartNewline
2021-11-21T23:53:26,452|[TRACE] script - #out(` `) [text]
2021-11-21T23:53:26,452|[TRACE] graph - <----- afterStatementPartNewline
2021-11-21T23:53:26,452|[TRACE] graph - -----> statementPart
2021-11-21T23:53:26,452|[TRACE] graph - -------> nonSkippedSpace
2021-11-21T23:53:26,452|[TRACE] script - #out(` `) [token]
2021-11-21T23:53:26,452|[TRACE] graph - <------- nonSkippedSpace
2021-11-21T23:53:26,452|[TRACE] graph - <----- statementPart
2021-11-21T23:53:26,452|[TRACE] graph - -----> statementPart
2021-11-21T23:53:26,452|[TRACE] graph - -------> nonSkippedSpace
2021-11-21T23:53:26,452|[TRACE] script - #out(` `) [token]
2021-11-21T23:53:26,452|[TRACE] graph - <------- nonSkippedSpace
2021-11-21T23:53:26,452|[TRACE] graph - <----- statementPart
2021-11-21T23:53:26,452|[TRACE] graph - -----> statementPart
2021-11-21T23:53:26,452|[TRACE] graph - -------> quotedString
2021-11-21T23:53:26,452|[TRACE] script - #out(``address_id``) [token]
2021-11-21T23:53:26,452|[TRACE] graph - <------- quotedString
2021-11-21T23:53:26,452|[TRACE] graph - <----- statementPart
2021-11-21T23:53:26,452|[TRACE] graph - -----> statementPart
2021-11-21T23:53:26,452|[TRACE] graph - -------> nonSkippedSpace
2021-11-21T23:53:26,452|[TRACE] script - #out(` `) [token]
2021-11-21T23:53:26,452|[TRACE] graph - <------- nonSkippedSpace
2021-11-21T23:53:26,452|[TRACE] graph - <----- statementPart
2021-11-21T23:53:26,452|[TRACE] graph - -----> statementPart
2021-11-21T23:53:26,452|[TRACE] graph - -------> nonSkippedChar
2021-11-21T23:53:26,452|[TRACE] script - #out(`I`) [token]
2021-11-21T23:53:26,452|[TRACE] graph - <------- nonSkippedChar
2021-11-21T23:53:26,452|[TRACE] graph - <----- statementPart
2021-11-21T23:53:26,452|[TRACE] graph - -----> statementPart
2021-11-21T23:53:26,452|[TRACE] graph - -------> nonSkippedChar
2021-11-21T23:53:26,452|[TRACE] script - #out(`N`) [token]
2021-11-21T23:53:26,452|[TRACE] graph - <------- nonSkippedChar
2021-11-21T23:53:26,452|[TRACE] graph - <----- statementPart
2021-11-21T23:53:26,452|[TRACE] graph - -----> statementPart
2021-11-21T23:53:26,452|[TRACE] graph - -------> nonSkippedChar
2021-11-21T23:53:26,452|[TRACE] script - #out(`T`) [token]
2021-11-21T23:53:26,452|[TRACE] graph - <------- nonSkippedChar
2021-11-21T23:53:26,452|[TRACE] graph - <----- statementPart
2021-11-21T23:53:26,452|[TRACE] graph - -----> statementPart
2021-11-21T23:53:26,452|[TRACE] graph - -------> nonSkippedSpace
2021-11-21T23:53:26,452|[TRACE] script - #out(` `) [token]
2021-11-21T23:53:26,452|[TRACE] graph - <------- nonSkippedSpace
2021-11-21T23:53:26,452|[TRACE] graph - <----- statementPart
2021-11-21T23:53:26,452|[TRACE] graph - -----> statementPart
2021-11-21T23:53:26,452|[TRACE] graph - -------> nonSkippedChar
2021-11-21T23:53:26,452|[TRACE] script - #out(`N`) [token]
2021-11-21T23:53:26,452|[TRACE] graph - <------- nonSkippedChar
2021-11-21T23:53:26,452|[TRACE] graph - <----- statementPart
2021-11-21T23:53:26,452|[TRACE] graph - -----> statementPart
2021-11-21T23:53:26,452|[TRACE] graph - -------> nonSkippedChar
2021-11-21T23:53:26,452|[TRACE] script - #out(`U`) [token]
2021-11-21T23:53:26,452|[TRACE] graph - <------- nonSkippedChar
2021-11-21T23:53:26,489|[TRACE] graph - <----- statementPart
2021-11-21T23:53:26,489|[TRACE] graph - -----> statementPart
2021-11-21T23:53:26,489|[TRACE] graph - -------> nonSkippedChar
2021-11-21T23:53:26,489|[TRACE] script - #out(`L`) [token]
2021-11-21T23:53:26,489|[TRACE] graph - <------- nonSkippedChar
2021-11-21T23:53:26,489|[TRACE] graph - <----- statementPart
2021-11-21T23:53:26,489|[TRACE] graph - -----> statementPart
2021-11-21T23:53:26,489|[TRACE] graph - -------> nonSkippedChar
2021-11-21T23:53:26,489|[TRACE] script - #out(`L`) [token]
2021-11-21T23:53:26,489|[TRACE] graph - <------- nonSkippedChar
2021-11-21T23:53:26,489|[TRACE] graph - <----- statementPart
2021-11-21T23:53:26,489|[TRACE] graph - -----> statementPart
2021-11-21T23:53:26,489|[TRACE] graph - -------> nonSkippedChar
2021-11-21T23:53:26,489|[TRACE] script - #out(`,`) [token]
2021-11-21T23:53:26,489|[TRACE] graph - <------- nonSkippedChar
2021-11-21T23:53:26,489|[TRACE] graph - <----- statementPart
2021-11-21T23:53:26,489|[TRACE] graph - -----> afterStatementPartNewline
2021-11-21T23:53:26,489|[TRACE] script - #out(` `) [text]
2021-11-21T23:53:26,489|[TRACE] graph - <----- afterStatementPartNewline
2021-11-21T23:53:26,489|[TRACE] graph - -----> statementPart
2021-11-21T23:53:26,489|[TRACE] graph - -------> nonSkippedSpace
2021-11-21T23:53:26,490|[TRACE] script - #out(` `) [token]
2021-11-21T23:53:26,490|[TRACE] graph - <------- nonSkippedSpace
2021-11-21T23:53:26,490|[TRACE] graph - <----- statementPart
2021-11-21T23:53:26,490|[TRACE] graph - -----> statementPart
2021-11-21T23:53:26,490|[TRACE] graph - -------> nonSkippedSpace
2021-11-21T23:53:26,490|[TRACE] script - #out(` `) [token]
2021-11-21T23:53:26,490|[TRACE] graph - <------- nonSkippedSpace
2021-11-21T23:53:26,490|[TRACE] graph - <----- statementPart
2021-11-21T23:53:26,490|[TRACE] graph - -----> statementPart
2021-11-21T23:53:26,490|[TRACE] graph - -------> quotedString
2021-11-21T23:53:26,490|[TRACE] script - #out(``created``) [token]
2021-11-21T23:53:26,490|[TRACE] graph - <------- quotedString
2021-11-21T23:53:26,490|[TRACE] graph - <----- statementPart
2021-11-21T23:53:26,490|[TRACE] graph - -----> statementPart
2021-11-21T23:53:26,490|[TRACE] graph - -------> nonSkippedSpace
2021-11-21T23:53:26,490|[TRACE] script - #out(` `) [token]
2021-11-21T23:53:26,490|[TRACE] graph - <------- nonSkippedSpace
2021-11-21T23:53:26,490|[TRACE] graph - <----- statementPart
2021-11-21T23:53:26,490|[TRACE] graph - -----> statementPart
2021-11-21T23:53:26,490|[TRACE] graph - -------> nonSkippedChar
2021-11-21T23:53:26,490|[TRACE] script - #out(`B`) [token]
2021-11-21T23:53:26,490|[TRACE] graph - <------- nonSkippedChar
2021-11-21T23:53:26,490|[TRACE] graph - <----- statementPart
2021-11-21T23:53:26,490|[TRACE] graph - -----> statementPart
2021-11-21T23:53:26,490|[TRACE] graph - -------> nonSkippedChar
2021-11-21T23:53:26,490|[TRACE] script - #out(`I`) [token]
2021-11-21T23:53:26,490|[TRACE] graph - <------- nonSkippedChar
2021-11-21T23:53:26,490|[TRACE] graph - <----- statementPart
2021-11-21T23:53:26,490|[TRACE] graph - -----> statementPart
2021-11-21T23:53:26,490|[TRACE] graph - -------> nonSkippedChar
2021-11-21T23:53:26,490|[TRACE] script - #out(`G`) [token]
2021-11-21T23:53:26,490|[TRACE] graph - <------- nonSkippedChar
2021-11-21T23:53:26,490|[TRACE] graph - <----- statementPart
2021-11-21T23:53:26,490|[TRACE] graph - -----> statementPart
2021-11-21T23:53:26,490|[TRACE] graph - -------> nonSkippedChar
2021-11-21T23:53:26,490|[TRACE] script - #out(`I`) [token]
2021-11-21T23:53:26,490|[TRACE] graph - <------- nonSkippedChar
2021-11-21T23:53:26,490|[TRACE] graph - <----- statementPart
2021-11-21T23:53:26,490|[TRACE] graph - -----> statementPart
2021-11-21T23:53:26,490|[TRACE] graph - -------> nonSkippedChar
2021-11-21T23:53:26,490|[TRACE] script - #out(`N`) [token]
2021-11-21T23:53:26,490|[TRACE] graph - <------- nonSkippedChar
2021-11-21T23:53:26,490|[TRACE] graph - <----- statementPart
2021-11-21T23:53:26,490|[TRACE] graph - -----> statementPart
2021-11-21T23:53:26,490|[TRACE] graph - -------> nonSkippedChar
2021-11-21T23:53:26,490|[TRACE] script - #out(`T`) [token]
2021-11-21T23:53:26,490|[TRACE] graph - <------- nonSkippedChar
2021-11-21T23:53:26,490|[TRACE] graph - <----- statementPart
2021-11-21T23:53:26,490|[TRACE] graph - -----> statementPart
2021-11-21T23:53:26,490|[TRACE] graph - -------> nonSkippedSpace
2021-11-21T23:53:26,490|[TRACE] script - #out(` `) [token]
2021-11-21T23:53:26,490|[TRACE] graph - <------- nonSkippedSpace
2021-11-21T23:53:26,490|[TRACE] graph - <----- statementPart
2021-11-21T23:53:26,490|[TRACE] graph - -----> statementPart
2021-11-21T23:53:26,490|[TRACE] graph - -------> nonSkippedChar
2021-11-21T23:53:26,490|[TRACE] script - #out(`N`) [token]
2021-11-21T23:53:26,490|[TRACE] graph - <------- nonSkippedChar
2021-11-21T23:53:26,490|[TRACE] graph - <----- statementPart
2021-11-21T23:53:26,490|[TRACE] graph - -----> statementPart
2021-11-21T23:53:26,490|[TRACE] graph - -------> nonSkippedChar
2021-11-21T23:53:26,490|[TRACE] script - #out(`O`) [token]
2021-11-21T23:53:26,490|[TRACE] graph - <------- nonSkippedChar
2021-11-21T23:53:26,490|[TRACE] graph - <----- statementPart
2021-11-21T23:53:26,490|[TRACE] graph - -----> statementPart
2021-11-21T23:53:26,490|[TRACE] graph - -------> nonSkippedChar
2021-11-21T23:53:26,490|[TRACE] script - #out(`T`) [token]
2021-11-21T23:53:26,490|[TRACE] graph - <------- nonSkippedChar
2021-11-21T23:53:26,490|[TRACE] graph - <----- statementPart
2021-11-21T23:53:26,490|[TRACE] graph - -----> statementPart
2021-11-21T23:53:26,490|[TRACE] graph - -------> nonSkippedSpace
2021-11-21T23:53:26,490|[TRACE] script - #out(` `) [token]
2021-11-21T23:53:26,490|[TRACE] graph - <------- nonSkippedSpace
2021-11-21T23:53:26,490|[TRACE] graph - <----- statementPart
2021-11-21T23:53:26,490|[TRACE] graph - -----> statementPart
2021-11-21T23:53:26,490|[TRACE] graph - -------> nonSkippedChar
2021-11-21T23:53:26,490|[TRACE] script - #out(`N`) [token]
2021-11-21T23:53:26,490|[TRACE] graph - <------- nonSkippedChar
2021-11-21T23:53:26,490|[TRACE] graph - <----- statementPart
2021-11-21T23:53:26,490|[TRACE] graph - -----> statementPart
2021-11-21T23:53:26,490|[TRACE] graph - -------> nonSkippedChar
2021-11-21T23:53:26,490|[TRACE] script - #out(`U`) [token]
2021-11-21T23:53:26,490|[TRACE] graph - <------- nonSkippedChar
2021-11-21T23:53:26,490|[TRACE] graph - <----- statementPart
2021-11-21T23:53:26,490|[TRACE] graph - -----> statementPart
2021-11-21T23:53:26,490|[TRACE] graph - -------> nonSkippedChar
2021-11-21T23:53:26,490|[TRACE] script - #out(`L`) [token]
2021-11-21T23:53:26,490|[TRACE] graph - <------- nonSkippedChar
2021-11-21T23:53:26,490|[TRACE] graph - <----- statementPart
2021-11-21T23:53:26,490|[TRACE] graph - -----> statementPart
2021-11-21T23:53:26,490|[TRACE] graph - -------> nonSkippedChar
2021-11-21T23:53:26,490|[TRACE] script - #out(`L`) [token]
2021-11-21T23:53:26,490|[TRACE] graph - <------- nonSkippedChar
2021-11-21T23:53:26,490|[TRACE] graph - <----- statementPart
2021-11-21T23:53:26,490|[TRACE] graph - -----> statementPart
2021-11-21T23:53:26,490|[TRACE] graph - -------> nonSkippedSpace
2021-11-21T23:53:26,490|[TRACE] script - #out(` `) [token]
2021-11-21T23:53:26,490|[TRACE] graph - <------- nonSkippedSpace
2021-11-21T23:53:26,490|[TRACE] graph - <----- statementPart
2021-11-21T23:53:26,490|[TRACE] graph - -----> statementPart
2021-11-21T23:53:26,490|[TRACE] graph - -------> nonSkippedChar
2021-11-21T23:53:26,490|[TRACE] script - #out(`D`) [token]
2021-11-21T23:53:26,490|[TRACE] graph - <------- nonSkippedChar
2021-11-21T23:53:26,490|[TRACE] graph - <----- statementPart
2021-11-21T23:53:26,490|[TRACE] graph - -----> statementPart
2021-11-21T23:53:26,490|[TRACE] graph - -------> nonSkippedChar
2021-11-21T23:53:26,490|[TRACE] script - #out(`E`) [token]
2021-11-21T23:53:26,490|[TRACE] graph - <------- nonSkippedChar
2021-11-21T23:53:26,490|[TRACE] graph - <----- statementPart
2021-11-21T23:53:26,490|[TRACE] graph - -----> statementPart
2021-11-21T23:53:26,490|[TRACE] graph - -------> nonSkippedChar
2021-11-21T23:53:26,490|[TRACE] script - #out(`F`) [token]
2021-11-21T23:53:26,490|[TRACE] graph - <------- nonSkippedChar
2021-11-21T23:53:26,490|[TRACE] graph - <----- statementPart
2021-11-21T23:53:26,490|[TRACE] graph - -----> statementPart
2021-11-21T23:53:26,490|[TRACE] graph - -------> nonSkippedChar
2021-11-21T23:53:26,490|[TRACE] script - #out(`A`) [token]
2021-11-21T23:53:26,490|[TRACE] graph - <------- nonSkippedChar
2021-11-21T23:53:26,490|[TRACE] graph - <----- statementPart
2021-11-21T23:53:26,490|[TRACE] graph - -----> statementPart
2021-11-21T23:53:26,490|[TRACE] graph - -------> nonSkippedChar
2021-11-21T23:53:26,490|[TRACE] script - #out(`U`) [token]
2021-11-21T23:53:26,490|[TRACE] graph - <------- nonSkippedChar
2021-11-21T23:53:26,490|[TRACE] graph - <----- statementPart
2021-11-21T23:53:26,490|[TRACE] graph - -----> statementPart
2021-11-21T23:53:26,490|[TRACE] graph - -------> nonSkippedChar
2021-11-21T23:53:26,490|[TRACE] script - #out(`L`) [token]
2021-11-21T23:53:26,490|[TRACE] graph - <------- nonSkippedChar
2021-11-21T23:53:26,490|[TRACE] graph - <----- statementPart
2021-11-21T23:53:26,490|[TRACE] graph - -----> statementPart
2021-11-21T23:53:26,490|[TRACE] graph - -------> nonSkippedChar
2021-11-21T23:53:26,490|[TRACE] script - #out(`T`) [token]
2021-11-21T23:53:26,490|[TRACE] graph - <------- nonSkippedChar
2021-11-21T23:53:26,490|[TRACE] graph - <----- statementPart
2021-11-21T23:53:26,490|[TRACE] graph - -----> statementPart
2021-11-21T23:53:26,490|[TRACE] graph - -------> nonSkippedSpace
2021-11-21T23:53:26,490|[TRACE] script - #out(` `) [token]
2021-11-21T23:53:26,490|[TRACE] graph - <------- nonSkippedSpace
2021-11-21T23:53:26,490|[TRACE] graph - <----- statementPart
2021-11-21T23:53:26,490|[TRACE] graph - -----> statementPart
2021-11-21T23:53:26,490|[TRACE] graph - -------> nonSkippedChar
2021-11-21T23:53:26,490|[TRACE] script - #out(`(`) [token]
2021-11-21T23:53:26,490|[TRACE] graph - <------- nonSkippedChar
2021-11-21T23:53:26,490|[TRACE] graph - <----- statementPart
2021-11-21T23:53:26,490|[TRACE] graph - -----> statementPart
2021-11-21T23:53:26,490|[TRACE] graph - -------> nonSkippedChar
2021-11-21T23:53:26,490|[TRACE] script - #out(`u`) [token]
2021-11-21T23:53:26,490|[TRACE] graph - <------- nonSkippedChar
2021-11-21T23:53:26,490|[TRACE] graph - <----- statementPart
2021-11-21T23:53:26,490|[TRACE] graph - -----> statementPart
2021-11-21T23:53:26,490|[TRACE] graph - -------> nonSkippedChar
2021-11-21T23:53:26,490|[TRACE] script - #out(`n`) [token]
2021-11-21T23:53:26,490|[TRACE] graph - <------- nonSkippedChar
2021-11-21T23:53:26,490|[TRACE] graph - <----- statementPart
2021-11-21T23:53:26,490|[TRACE] graph - -----> statementPart
2021-11-21T23:53:26,490|[TRACE] graph - -------> nonSkippedChar
2021-11-21T23:53:26,490|[TRACE] script - #out(`i`) [token]
2021-11-21T23:53:26,490|[TRACE] graph - <------- nonSkippedChar
2021-11-21T23:53:26,490|[TRACE] graph - <----- statementPart
2021-11-21T23:53:26,490|[TRACE] graph - -----> statementPart
2021-11-21T23:53:26,490|[TRACE] graph - -------> nonSkippedChar
2021-11-21T23:53:26,490|[TRACE] script - #out(`x`) [token]
2021-11-21T23:53:26,490|[TRACE] graph - <------- nonSkippedChar
2021-11-21T23:53:26,490|[TRACE] graph - <----- statementPart
2021-11-21T23:53:26,490|[TRACE] graph - -----> statementPart
2021-11-21T23:53:26,490|[TRACE] graph - -------> nonSkippedChar
2021-11-21T23:53:26,490|[TRACE] script - #out(`_`) [token]
2021-11-21T23:53:26,490|[TRACE] graph - <------- nonSkippedChar
2021-11-21T23:53:26,490|[TRACE] graph - <----- statementPart
2021-11-21T23:53:26,490|[TRACE] graph - -----> statementPart
2021-11-21T23:53:26,490|[TRACE] graph - -------> nonSkippedChar
2021-11-21T23:53:26,490|[TRACE] script - #out(`t`) [token]
2021-11-21T23:53:26,490|[TRACE] graph - <------- nonSkippedChar
2021-11-21T23:53:26,490|[TRACE] graph - <----- statementPart
2021-11-21T23:53:26,490|[TRACE] graph - -----> statementPart
2021-11-21T23:53:26,490|[TRACE] graph - -------> nonSkippedChar
2021-11-21T23:53:26,490|[TRACE] script - #out(`i`) [token]
2021-11-21T23:53:26,490|[TRACE] graph - <------- nonSkippedChar
2021-11-21T23:53:26,490|[TRACE] graph - <----- statementPart
2021-11-21T23:53:26,490|[TRACE] graph - -----> statementPart
2021-11-21T23:53:26,490|[TRACE] graph - -------> nonSkippedChar
2021-11-21T23:53:26,490|[TRACE] script - #out(`m`) [token]
2021-11-21T23:53:26,490|[TRACE] graph - <------- nonSkippedChar
2021-11-21T23:53:26,490|[TRACE] graph - <----- statementPart
2021-11-21T23:53:26,490|[TRACE] graph - -----> statementPart
2021-11-21T23:53:26,490|[TRACE] graph - -------> nonSkippedChar
2021-11-21T23:53:26,490|[TRACE] script - #out(`e`) [token]
2021-11-21T23:53:26,490|[TRACE] graph - <------- nonSkippedChar
2021-11-21T23:53:26,490|[TRACE] graph - <----- statementPart
2021-11-21T23:53:26,490|[TRACE] graph - -----> statementPart
2021-11-21T23:53:26,490|[TRACE] graph - -------> nonSkippedChar
2021-11-21T23:53:26,490|[TRACE] script - #out(`s`) [token]
2021-11-21T23:53:26,490|[TRACE] graph - <------- nonSkippedChar
2021-11-21T23:53:26,490|[TRACE] graph - <----- statementPart
2021-11-21T23:53:26,490|[TRACE] graph - -----> statementPart
2021-11-21T23:53:26,490|[TRACE] graph - -------> nonSkippedChar
2021-11-21T23:53:26,490|[TRACE] script - #out(`t`) [token]
2021-11-21T23:53:26,490|[TRACE] graph - <------- nonSkippedChar
2021-11-21T23:53:26,490|[TRACE] graph - <----- statementPart
2021-11-21T23:53:26,490|[TRACE] graph - -----> statementPart
2021-11-21T23:53:26,490|[TRACE] graph - -------> nonSkippedChar
2021-11-21T23:53:26,490|[TRACE] script - #out(`a`) [token]
2021-11-21T23:53:26,490|[TRACE] graph - <------- nonSkippedChar
2021-11-21T23:53:26,490|[TRACE] graph - <----- statementPart
2021-11-21T23:53:26,490|[TRACE] graph - -----> statementPart
2021-11-21T23:53:26,490|[TRACE] graph - -------> nonSkippedChar
2021-11-21T23:53:26,490|[TRACE] script - #out(`m`) [token]
2021-11-21T23:53:26,490|[TRACE] graph - <------- nonSkippedChar
2021-11-21T23:53:26,490|[TRACE] graph - <----- statementPart
2021-11-21T23:53:26,490|[TRACE] graph - -----> statementPart
2021-11-21T23:53:26,490|[TRACE] graph - -------> nonSkippedChar
2021-11-21T23:53:26,490|[TRACE] script - #out(`p`) [token]
2021-11-21T23:53:26,490|[TRACE] graph - <------- nonSkippedChar
2021-11-21T23:53:26,490|[TRACE] graph - <----- statementPart
2021-11-21T23:53:26,490|[TRACE] graph - -----> statementPart
2021-11-21T23:53:26,490|[TRACE] graph - -------> nonSkippedChar
2021-11-21T23:53:26,490|[TRACE] script - #out(`(`) [token]
2021-11-21T23:53:26,490|[TRACE] graph - <------- nonSkippedChar
2021-11-21T23:53:26,490|[TRACE] graph - <----- statementPart
2021-11-21T23:53:26,490|[TRACE] graph - -----> statementPart
2021-11-21T23:53:26,490|[TRACE] graph - -------> nonSkippedChar
2021-11-21T23:53:26,490|[TRACE] script - #out(`n`) [token]
2021-11-21T23:53:26,490|[TRACE] graph - <------- nonSkippedChar
2021-11-21T23:53:26,490|[TRACE] graph - <----- statementPart
2021-11-21T23:53:26,490|[TRACE] graph - -----> statementPart
2021-11-21T23:53:26,490|[TRACE] graph - -------> nonSkippedChar
2021-11-21T23:53:26,490|[TRACE] script - #out(`o`) [token]
2021-11-21T23:53:26,490|[TRACE] graph - <------- nonSkippedChar
2021-11-21T23:53:26,490|[TRACE] graph - <----- statementPart
2021-11-21T23:53:26,490|[TRACE] graph - -----> statementPart
2021-11-21T23:53:26,490|[TRACE] graph - -------> nonSkippedChar
2021-11-21T23:53:26,490|[TRACE] script - #out(`w`) [token]
2021-11-21T23:53:26,490|[TRACE] graph - <------- nonSkippedChar
2021-11-21T23:53:26,490|[TRACE] graph - <----- statementPart
2021-11-21T23:53:26,490|[TRACE] graph - -----> statementPart
2021-11-21T23:53:26,490|[TRACE] graph - -------> nonSkippedChar
2021-11-21T23:53:26,490|[TRACE] script - #out(`(`) [token]
2021-11-21T23:53:26,490|[TRACE] graph - <------- nonSkippedChar
2021-11-21T23:53:26,490|[TRACE] graph - <----- statementPart
2021-11-21T23:53:26,490|[TRACE] graph - -----> statementPart
2021-11-21T23:53:26,490|[TRACE] graph - -------> nonSkippedChar
2021-11-21T23:53:26,490|[TRACE] script - #out(`)`) [token]
2021-11-21T23:53:26,490|[TRACE] graph - <------- nonSkippedChar
2021-11-21T23:53:26,490|[TRACE] graph - <----- statementPart
2021-11-21T23:53:26,490|[TRACE] graph - -----> statementPart
2021-11-21T23:53:26,490|[TRACE] graph - -------> nonSkippedChar
2021-11-21T23:53:26,490|[TRACE] script - #out(`)`) [token]
2021-11-21T23:53:26,490|[TRACE] graph - <------- nonSkippedChar
2021-11-21T23:53:26,490|[TRACE] graph - <----- statementPart
2021-11-21T23:53:26,490|[TRACE] graph - -----> statementPart
2021-11-21T23:53:26,490|[TRACE] graph - -------> nonSkippedSpace
2021-11-21T23:53:26,490|[TRACE] script - #out(` `) [token]
2021-11-21T23:53:26,490|[TRACE] graph - <------- nonSkippedSpace
2021-11-21T23:53:26,491|[TRACE] graph - <----- statementPart
2021-11-21T23:53:26,491|[TRACE] graph - -----> statementPart
2021-11-21T23:53:26,491|[TRACE] graph - -------> nonSkippedChar
2021-11-21T23:53:26,491|[TRACE] script - #out(`*`) [token]
2021-11-21T23:53:26,491|[TRACE] graph - <------- nonSkippedChar
2021-11-21T23:53:26,491|[TRACE] graph - <----- statementPart
2021-11-21T23:53:26,491|[TRACE] graph - -----> statementPart
2021-11-21T23:53:26,491|[TRACE] graph - -------> nonSkippedSpace
2021-11-21T23:53:26,491|[TRACE] script - #out(` `) [token]
2021-11-21T23:53:26,491|[TRACE] graph - <------- nonSkippedSpace
2021-11-21T23:53:26,491|[TRACE] graph - <----- statementPart
2021-11-21T23:53:26,491|[TRACE] graph - -----> statementPart
2021-11-21T23:53:26,491|[TRACE] graph - -------> nonSkippedChar
2021-11-21T23:53:26,491|[TRACE] script - #out(`1`) [token]
2021-11-21T23:53:26,491|[TRACE] graph - <------- nonSkippedChar
2021-11-21T23:53:26,491|[TRACE] graph - <----- statementPart
2021-11-21T23:53:26,491|[TRACE] graph - -----> statementPart
2021-11-21T23:53:26,491|[TRACE] graph - -------> nonSkippedChar
2021-11-21T23:53:26,491|[TRACE] script - #out(`0`) [token]
2021-11-21T23:53:26,491|[TRACE] graph - <------- nonSkippedChar
2021-11-21T23:53:26,491|[TRACE] graph - <----- statementPart
2021-11-21T23:53:26,491|[TRACE] graph - -----> statementPart
2021-11-21T23:53:26,491|[TRACE] graph - -------> nonSkippedChar
2021-11-21T23:53:26,491|[TRACE] script - #out(`0`) [token]
2021-11-21T23:53:26,491|[TRACE] graph - <------- nonSkippedChar
2021-11-21T23:53:26,491|[TRACE] graph - <----- statementPart
2021-11-21T23:53:26,491|[TRACE] graph - -----> statementPart
2021-11-21T23:53:26,491|[TRACE] graph - -------> nonSkippedChar
2021-11-21T23:53:26,491|[TRACE] script - #out(`0`) [token]
2021-11-21T23:53:26,491|[TRACE] graph - <------- nonSkippedChar
2021-11-21T23:53:26,491|[TRACE] graph - <----- statementPart
2021-11-21T23:53:26,491|[TRACE] graph - -----> statementPart
2021-11-21T23:53:26,491|[TRACE] graph - -------> nonSkippedChar
2021-11-21T23:53:26,491|[TRACE] script - #out(`)`) [token]
2021-11-21T23:53:26,491|[TRACE] graph - <------- nonSkippedChar
2021-11-21T23:53:26,491|[TRACE] graph - <----- statementPart
2021-11-21T23:53:26,491|[TRACE] graph - -----> statementPart
2021-11-21T23:53:26,491|[TRACE] graph - -------> nonSkippedChar
2021-11-21T23:53:26,491|[TRACE] script - #out(`,`) [token]
2021-11-21T23:53:26,491|[TRACE] graph - <------- nonSkippedChar
2021-11-21T23:53:26,491|[TRACE] graph - <----- statementPart
2021-11-21T23:53:26,491|[TRACE] graph - -----> afterStatementPartNewline
2021-11-21T23:53:26,491|[TRACE] script - #out(` `) [text]
2021-11-21T23:53:26,491|[TRACE] graph - <----- afterStatementPartNewline
2021-11-21T23:53:26,491|[TRACE] graph - -----> statementPart
2021-11-21T23:53:26,491|[TRACE] graph - -------> nonSkippedSpace
2021-11-21T23:53:26,491|[TRACE] script - #out(` `) [token]
2021-11-21T23:53:26,491|[TRACE] graph - <------- nonSkippedSpace
2021-11-21T23:53:26,491|[TRACE] graph - <----- statementPart
2021-11-21T23:53:26,491|[TRACE] graph - -----> statementPart
2021-11-21T23:53:26,491|[TRACE] graph - -------> nonSkippedSpace
2021-11-21T23:53:26,491|[TRACE] script - #out(` `) [token]
2021-11-21T23:53:26,491|[TRACE] graph - <------- nonSkippedSpace
2021-11-21T23:53:26,491|[TRACE] graph - <----- statementPart
2021-11-21T23:53:26,491|[TRACE] graph - -----> statementPart
2021-11-21T23:53:26,491|[TRACE] graph - -------> quotedString
2021-11-21T23:53:26,491|[TRACE] script - #out(``updated``) [token]
2021-11-21T23:53:26,491|[TRACE] graph - <------- quotedString
2021-11-21T23:53:26,491|[TRACE] graph - <----- statementPart
2021-11-21T23:53:26,491|[TRACE] graph - -----> statementPart
2021-11-21T23:53:26,491|[TRACE] graph - -------> nonSkippedSpace
2021-11-21T23:53:26,491|[TRACE] script - #out(` `) [token]
2021-11-21T23:53:26,491|[TRACE] graph - <------- nonSkippedSpace
2021-11-21T23:53:26,491|[TRACE] graph - <----- statementPart
2021-11-21T23:53:26,491|[TRACE] graph - -----> statementPart
2021-11-21T23:53:26,491|[TRACE] graph - -------> nonSkippedChar
2021-11-21T23:53:26,491|[TRACE] script - #out(`B`) [token]
2021-11-21T23:53:26,491|[TRACE] graph - <------- nonSkippedChar
2021-11-21T23:53:26,491|[TRACE] graph - <----- statementPart
2021-11-21T23:53:26,491|[TRACE] graph - -----> statementPart
2021-11-21T23:53:26,491|[TRACE] graph - -------> nonSkippedChar
2021-11-21T23:53:26,491|[TRACE] script - #out(`I`) [token]
2021-11-21T23:53:26,491|[TRACE] graph - <------- nonSkippedChar
2021-11-21T23:53:26,491|[TRACE] graph - <----- statementPart
2021-11-21T23:53:26,491|[TRACE] graph - -----> statementPart
2021-11-21T23:53:26,491|[TRACE] graph - -------> nonSkippedChar
2021-11-21T23:53:26,491|[TRACE] script - #out(`G`) [token]
2021-11-21T23:53:26,491|[TRACE] graph - <------- nonSkippedChar
2021-11-21T23:53:26,491|[TRACE] graph - <----- statementPart
2021-11-21T23:53:26,491|[TRACE] graph - -----> statementPart
2021-11-21T23:53:26,491|[TRACE] graph - -------> nonSkippedChar
2021-11-21T23:53:26,491|[TRACE] script - #out(`I`) [token]
2021-11-21T23:53:26,491|[TRACE] graph - <------- nonSkippedChar
2021-11-21T23:53:26,491|[TRACE] graph - <----- statementPart
2021-11-21T23:53:26,491|[TRACE] graph - -----> statementPart
2021-11-21T23:53:26,491|[TRACE] graph - -------> nonSkippedChar
2021-11-21T23:53:26,491|[TRACE] script - #out(`N`) [token]
2021-11-21T23:53:26,491|[TRACE] graph - <------- nonSkippedChar
2021-11-21T23:53:26,491|[TRACE] graph - <----- statementPart
2021-11-21T23:53:26,491|[TRACE] graph - -----> statementPart
2021-11-21T23:53:26,491|[TRACE] graph - -------> nonSkippedChar
2021-11-21T23:53:26,491|[TRACE] script - #out(`T`) [token]
2021-11-21T23:53:26,491|[TRACE] graph - <------- nonSkippedChar
2021-11-21T23:53:26,491|[TRACE] graph - <----- statementPart
2021-11-21T23:53:26,491|[TRACE] graph - -----> statementPart
2021-11-21T23:53:26,491|[TRACE] graph - -------> nonSkippedSpace
2021-11-21T23:53:26,491|[TRACE] script - #out(` `) [token]
2021-11-21T23:53:26,491|[TRACE] graph - <------- nonSkippedSpace
2021-11-21T23:53:26,491|[TRACE] graph - <----- statementPart
2021-11-21T23:53:26,491|[TRACE] graph - -----> statementPart
2021-11-21T23:53:26,491|[TRACE] graph - -------> nonSkippedChar
2021-11-21T23:53:26,491|[TRACE] script - #out(`N`) [token]
2021-11-21T23:53:26,491|[TRACE] graph - <------- nonSkippedChar
2021-11-21T23:53:26,491|[TRACE] graph - <----- statementPart
2021-11-21T23:53:26,491|[TRACE] graph - -----> statementPart
2021-11-21T23:53:26,491|[TRACE] graph - -------> nonSkippedChar
2021-11-21T23:53:26,491|[TRACE] script - #out(`O`) [token]
2021-11-21T23:53:26,491|[TRACE] graph - <------- nonSkippedChar
2021-11-21T23:53:26,491|[TRACE] graph - <----- statementPart
2021-11-21T23:53:26,491|[TRACE] graph - -----> statementPart
2021-11-21T23:53:26,491|[TRACE] graph - -------> nonSkippedChar
2021-11-21T23:53:26,491|[TRACE] script - #out(`T`) [token]
2021-11-21T23:53:26,491|[TRACE] graph - <------- nonSkippedChar
2021-11-21T23:53:26,491|[TRACE] graph - <----- statementPart
2021-11-21T23:53:26,491|[TRACE] graph - -----> statementPart
2021-11-21T23:53:26,491|[TRACE] graph - -------> nonSkippedSpace
2021-11-21T23:53:26,491|[TRACE] script - #out(` `) [token]
2021-11-21T23:53:26,491|[TRACE] graph - <------- nonSkippedSpace
2021-11-21T23:53:26,491|[TRACE] graph - <----- statementPart
2021-11-21T23:53:26,491|[TRACE] graph - -----> statementPart
2021-11-21T23:53:26,491|[TRACE] graph - -------> nonSkippedChar
2021-11-21T23:53:26,491|[TRACE] script - #out(`N`) [token]
2021-11-21T23:53:26,491|[TRACE] graph - <------- nonSkippedChar
2021-11-21T23:53:26,491|[TRACE] graph - <----- statementPart
2021-11-21T23:53:26,491|[TRACE] graph - -----> statementPart
2021-11-21T23:53:26,491|[TRACE] graph - -------> nonSkippedChar
2021-11-21T23:53:26,491|[TRACE] script - #out(`U`) [token]
2021-11-21T23:53:26,491|[TRACE] graph - <------- nonSkippedChar
2021-11-21T23:53:26,491|[TRACE] graph - <----- statementPart
2021-11-21T23:53:26,491|[TRACE] graph - -----> statementPart
2021-11-21T23:53:26,491|[TRACE] graph - -------> nonSkippedChar
2021-11-21T23:53:26,491|[TRACE] script - #out(`L`) [token]
2021-11-21T23:53:26,491|[TRACE] graph - <------- nonSkippedChar
2021-11-21T23:53:26,491|[TRACE] graph - <----- statementPart
2021-11-21T23:53:26,491|[TRACE] graph - -----> statementPart
2021-11-21T23:53:26,491|[TRACE] graph - -------> nonSkippedChar
2021-11-21T23:53:26,491|[TRACE] script - #out(`L`) [token]
2021-11-21T23:53:26,491|[TRACE] graph - <------- nonSkippedChar
2021-11-21T23:53:26,491|[TRACE] graph - <----- statementPart
2021-11-21T23:53:26,491|[TRACE] graph - -----> statementPart
2021-11-21T23:53:26,491|[TRACE] graph - -------> nonSkippedSpace
2021-11-21T23:53:26,491|[TRACE] script - #out(` `) [token]
2021-11-21T23:53:26,491|[TRACE] graph - <------- nonSkippedSpace
2021-11-21T23:53:26,491|[TRACE] graph - <----- statementPart
2021-11-21T23:53:26,491|[TRACE] graph - -----> statementPart
2021-11-21T23:53:26,491|[TRACE] graph - -------> nonSkippedChar
2021-11-21T23:53:26,491|[TRACE] script - #out(`D`) [token]
2021-11-21T23:53:26,491|[TRACE] graph - <------- nonSkippedChar
2021-11-21T23:53:26,491|[TRACE] graph - <----- statementPart
2021-11-21T23:53:26,491|[TRACE] graph - -----> statementPart
2021-11-21T23:53:26,491|[TRACE] graph - -------> nonSkippedChar
2021-11-21T23:53:26,491|[TRACE] script - #out(`E`) [token]
2021-11-21T23:53:26,491|[TRACE] graph - <------- nonSkippedChar
2021-11-21T23:53:26,491|[TRACE] graph - <----- statementPart
2021-11-21T23:53:26,491|[TRACE] graph - -----> statementPart
2021-11-21T23:53:26,491|[TRACE] graph - -------> nonSkippedChar
2021-11-21T23:53:26,491|[TRACE] script - #out(`F`) [token]
2021-11-21T23:53:26,491|[TRACE] graph - <------- nonSkippedChar
2021-11-21T23:53:26,491|[TRACE] graph - <----- statementPart
2021-11-21T23:53:26,491|[TRACE] graph - -----> statementPart
2021-11-21T23:53:26,491|[TRACE] graph - -------> nonSkippedChar
2021-11-21T23:53:26,491|[TRACE] script - #out(`A`) [token]
2021-11-21T23:53:26,491|[TRACE] graph - <------- nonSkippedChar
2021-11-21T23:53:26,491|[TRACE] graph - <----- statementPart
2021-11-21T23:53:26,491|[TRACE] graph - -----> statementPart
2021-11-21T23:53:26,491|[TRACE] graph - -------> nonSkippedChar
2021-11-21T23:53:26,491|[TRACE] script - #out(`U`) [token]
2021-11-21T23:53:26,491|[TRACE] graph - <------- nonSkippedChar
2021-11-21T23:53:26,491|[TRACE] graph - <----- statementPart
2021-11-21T23:53:26,491|[TRACE] graph - -----> statementPart
2021-11-21T23:53:26,491|[TRACE] graph - -------> nonSkippedChar
2021-11-21T23:53:26,491|[TRACE] script - #out(`L`) [token]
2021-11-21T23:53:26,491|[TRACE] graph - <------- nonSkippedChar
2021-11-21T23:53:26,491|[TRACE] graph - <----- statementPart
2021-11-21T23:53:26,491|[TRACE] graph - -----> statementPart
2021-11-21T23:53:26,491|[TRACE] graph - -------> nonSkippedChar
2021-11-21T23:53:26,491|[TRACE] script - #out(`T`) [token]
2021-11-21T23:53:26,491|[TRACE] graph - <------- nonSkippedChar
2021-11-21T23:53:26,491|[TRACE] graph - <----- statementPart
2021-11-21T23:53:26,491|[TRACE] graph - -----> statementPart
2021-11-21T23:53:26,491|[TRACE] graph - -------> nonSkippedSpace
2021-11-21T23:53:26,491|[TRACE] script - #out(` `) [token]
2021-11-21T23:53:26,491|[TRACE] graph - <------- nonSkippedSpace
2021-11-21T23:53:26,491|[TRACE] graph - <----- statementPart
2021-11-21T23:53:26,491|[TRACE] graph - -----> statementPart
2021-11-21T23:53:26,491|[TRACE] graph - -------> nonSkippedChar
2021-11-21T23:53:26,491|[TRACE] script - #out(`(`) [token]
2021-11-21T23:53:26,491|[TRACE] graph - <------- nonSkippedChar
2021-11-21T23:53:26,491|[TRACE] graph - <----- statementPart
2021-11-21T23:53:26,491|[TRACE] graph - -----> statementPart
2021-11-21T23:53:26,491|[TRACE] graph - -------> nonSkippedChar
2021-11-21T23:53:26,491|[TRACE] script - #out(`u`) [token]
2021-11-21T23:53:26,528|[TRACE] graph - <------- nonSkippedChar
2021-11-21T23:53:26,528|[TRACE] graph - <----- statementPart
2021-11-21T23:53:26,528|[TRACE] graph - -----> statementPart
2021-11-21T23:53:26,528|[TRACE] graph - -------> nonSkippedChar
2021-11-21T23:53:26,528|[TRACE] script - #out(`n`) [token]
2021-11-21T23:53:26,528|[TRACE] graph - <------- nonSkippedChar
2021-11-21T23:53:26,528|[TRACE] graph - <----- statementPart
2021-11-21T23:53:26,528|[TRACE] graph - -----> statementPart
2021-11-21T23:53:26,528|[TRACE] graph - -------> nonSkippedChar
2021-11-21T23:53:26,528|[TRACE] script - #out(`i`) [token]
2021-11-21T23:53:26,528|[TRACE] graph - <------- nonSkippedChar
2021-11-21T23:53:26,528|[TRACE] graph - <----- statementPart
2021-11-21T23:53:26,528|[TRACE] graph - -----> statementPart
2021-11-21T23:53:26,528|[TRACE] graph - -------> nonSkippedChar
2021-11-21T23:53:26,528|[TRACE] script - #out(`x`) [token]
2021-11-21T23:53:26,528|[TRACE] graph - <------- nonSkippedChar
2021-11-21T23:53:26,528|[TRACE] graph - <----- statementPart
2021-11-21T23:53:26,528|[TRACE] graph - -----> statementPart
2021-11-21T23:53:26,528|[TRACE] graph - -------> nonSkippedChar
2021-11-21T23:53:26,528|[TRACE] script - #out(`_`) [token]
2021-11-21T23:53:26,528|[TRACE] graph - <------- nonSkippedChar
2021-11-21T23:53:26,528|[TRACE] graph - <----- statementPart
2021-11-21T23:53:26,528|[TRACE] graph - -----> statementPart
2021-11-21T23:53:26,528|[TRACE] graph - -------> nonSkippedChar
2021-11-21T23:53:26,528|[TRACE] script - #out(`t`) [token]
2021-11-21T23:53:26,528|[TRACE] graph - <------- nonSkippedChar
2021-11-21T23:53:26,528|[TRACE] graph - <----- statementPart
2021-11-21T23:53:26,528|[TRACE] graph - -----> statementPart
2021-11-21T23:53:26,528|[TRACE] graph - -------> nonSkippedChar
2021-11-21T23:53:26,528|[TRACE] script - #out(`i`) [token]
2021-11-21T23:53:26,528|[TRACE] graph - <------- nonSkippedChar
2021-11-21T23:53:26,528|[TRACE] graph - <----- statementPart
2021-11-21T23:53:26,528|[TRACE] graph - -----> statementPart
2021-11-21T23:53:26,528|[TRACE] graph - -------> nonSkippedChar
2021-11-21T23:53:26,528|[TRACE] script - #out(`m`) [token]
2021-11-21T23:53:26,528|[TRACE] graph - <------- nonSkippedChar
2021-11-21T23:53:26,528|[TRACE] graph - <----- statementPart
2021-11-21T23:53:26,528|[TRACE] graph - -----> statementPart
2021-11-21T23:53:26,528|[TRACE] graph - -------> nonSkippedChar
2021-11-21T23:53:26,528|[TRACE] script - #out(`e`) [token]
2021-11-21T23:53:26,528|[TRACE] graph - <------- nonSkippedChar
2021-11-21T23:53:26,528|[TRACE] graph - <----- statementPart
2021-11-21T23:53:26,528|[TRACE] graph - -----> statementPart
2021-11-21T23:53:26,528|[TRACE] graph - -------> nonSkippedChar
2021-11-21T23:53:26,528|[TRACE] script - #out(`s`) [token]
2021-11-21T23:53:26,528|[TRACE] graph - <------- nonSkippedChar
2021-11-21T23:53:26,528|[TRACE] graph - <----- statementPart
2021-11-21T23:53:26,528|[TRACE] graph - -----> statementPart
2021-11-21T23:53:26,528|[TRACE] graph - -------> nonSkippedChar
2021-11-21T23:53:26,528|[TRACE] script - #out(`t`) [token]
2021-11-21T23:53:26,528|[TRACE] graph - <------- nonSkippedChar
2021-11-21T23:53:26,528|[TRACE] graph - <----- statementPart
2021-11-21T23:53:26,528|[TRACE] graph - -----> statementPart
2021-11-21T23:53:26,528|[TRACE] graph - -------> nonSkippedChar
2021-11-21T23:53:26,528|[TRACE] script - #out(`a`) [token]
2021-11-21T23:53:26,528|[TRACE] graph - <------- nonSkippedChar
2021-11-21T23:53:26,528|[TRACE] graph - <----- statementPart
2021-11-21T23:53:26,528|[TRACE] graph - -----> statementPart
2021-11-21T23:53:26,528|[TRACE] graph - -------> nonSkippedChar
2021-11-21T23:53:26,528|[TRACE] script - #out(`m`) [token]
2021-11-21T23:53:26,528|[TRACE] graph - <------- nonSkippedChar
2021-11-21T23:53:26,528|[TRACE] graph - <----- statementPart
2021-11-21T23:53:26,528|[TRACE] graph - -----> statementPart
2021-11-21T23:53:26,528|[TRACE] graph - -------> nonSkippedChar
2021-11-21T23:53:26,528|[TRACE] script - #out(`p`) [token]
2021-11-21T23:53:26,528|[TRACE] graph - <------- nonSkippedChar
2021-11-21T23:53:26,528|[TRACE] graph - <----- statementPart
2021-11-21T23:53:26,528|[TRACE] graph - -----> statementPart
2021-11-21T23:53:26,528|[TRACE] graph - -------> nonSkippedChar
2021-11-21T23:53:26,528|[TRACE] script - #out(`(`) [token]
2021-11-21T23:53:26,528|[TRACE] graph - <------- nonSkippedChar
2021-11-21T23:53:26,528|[TRACE] graph - <----- statementPart
2021-11-21T23:53:26,528|[TRACE] graph - -----> statementPart
2021-11-21T23:53:26,528|[TRACE] graph - -------> nonSkippedChar
2021-11-21T23:53:26,528|[TRACE] script - #out(`n`) [token]
2021-11-21T23:53:26,528|[TRACE] graph - <------- nonSkippedChar
2021-11-21T23:53:26,528|[TRACE] graph - <----- statementPart
2021-11-21T23:53:26,528|[TRACE] graph - -----> statementPart
2021-11-21T23:53:26,528|[TRACE] graph - -------> nonSkippedChar
2021-11-21T23:53:26,528|[TRACE] script - #out(`o`) [token]
2021-11-21T23:53:26,528|[TRACE] graph - <------- nonSkippedChar
2021-11-21T23:53:26,528|[TRACE] graph - <----- statementPart
2021-11-21T23:53:26,528|[TRACE] graph - -----> statementPart
2021-11-21T23:53:26,529|[TRACE] graph - -------> nonSkippedChar
2021-11-21T23:53:26,529|[TRACE] script - #out(`w`) [token]
2021-11-21T23:53:26,529|[TRACE] graph - <------- nonSkippedChar
2021-11-21T23:53:26,529|[TRACE] graph - <----- statementPart
2021-11-21T23:53:26,529|[TRACE] graph - -----> statementPart
2021-11-21T23:53:26,529|[TRACE] graph - -------> nonSkippedChar
2021-11-21T23:53:26,529|[TRACE] script - #out(`(`) [token]
2021-11-21T23:53:26,529|[TRACE] graph - <------- nonSkippedChar
2021-11-21T23:53:26,529|[TRACE] graph - <----- statementPart
2021-11-21T23:53:26,529|[TRACE] graph - -----> statementPart
2021-11-21T23:53:26,529|[TRACE] graph - -------> nonSkippedChar
2021-11-21T23:53:26,529|[TRACE] script - #out(`)`) [token]
2021-11-21T23:53:26,529|[TRACE] graph - <------- nonSkippedChar
2021-11-21T23:53:26,529|[TRACE] graph - <----- statementPart
2021-11-21T23:53:26,529|[TRACE] graph - -----> statementPart
2021-11-21T23:53:26,529|[TRACE] graph - -------> nonSkippedChar
2021-11-21T23:53:26,529|[TRACE] script - #out(`)`) [token]
2021-11-21T23:53:26,529|[TRACE] graph - <------- nonSkippedChar
2021-11-21T23:53:26,529|[TRACE] graph - <----- statementPart
2021-11-21T23:53:26,529|[TRACE] graph - -----> statementPart
2021-11-21T23:53:26,529|[TRACE] graph - -------> nonSkippedSpace
2021-11-21T23:53:26,529|[TRACE] script - #out(` `) [token]
2021-11-21T23:53:26,529|[TRACE] graph - <------- nonSkippedSpace
2021-11-21T23:53:26,529|[TRACE] graph - <----- statementPart
2021-11-21T23:53:26,529|[TRACE] graph - -----> statementPart
2021-11-21T23:53:26,529|[TRACE] graph - -------> nonSkippedChar
2021-11-21T23:53:26,529|[TRACE] script - #out(`*`) [token]
2021-11-21T23:53:26,529|[TRACE] graph - <------- nonSkippedChar
2021-11-21T23:53:26,529|[TRACE] graph - <----- statementPart
2021-11-21T23:53:26,529|[TRACE] graph - -----> statementPart
2021-11-21T23:53:26,529|[TRACE] graph - -------> nonSkippedSpace
2021-11-21T23:53:26,529|[TRACE] script - #out(` `) [token]
2021-11-21T23:53:26,529|[TRACE] graph - <------- nonSkippedSpace
2021-11-21T23:53:26,529|[TRACE] graph - <----- statementPart
2021-11-21T23:53:26,529|[TRACE] graph - -----> statementPart
2021-11-21T23:53:26,529|[TRACE] graph - -------> nonSkippedChar
2021-11-21T23:53:26,529|[TRACE] script - #out(`1`) [token]
2021-11-21T23:53:26,529|[TRACE] graph - <------- nonSkippedChar
2021-11-21T23:53:26,529|[TRACE] graph - <----- statementPart
2021-11-21T23:53:26,529|[TRACE] graph - -----> statementPart
2021-11-21T23:53:26,529|[TRACE] graph - -------> nonSkippedChar
2021-11-21T23:53:26,529|[TRACE] script - #out(`0`) [token]
2021-11-21T23:53:26,529|[TRACE] graph - <------- nonSkippedChar
2021-11-21T23:53:26,529|[TRACE] graph - <----- statementPart
2021-11-21T23:53:26,529|[TRACE] graph - -----> statementPart
2021-11-21T23:53:26,529|[TRACE] graph - -------> nonSkippedChar
2021-11-21T23:53:26,529|[TRACE] script - #out(`0`) [token]
2021-11-21T23:53:26,529|[TRACE] graph - <------- nonSkippedChar
2021-11-21T23:53:26,529|[TRACE] graph - <----- statementPart
2021-11-21T23:53:26,529|[TRACE] graph - -----> statementPart
2021-11-21T23:53:26,529|[TRACE] graph - -------> nonSkippedChar
2021-11-21T23:53:26,529|[TRACE] script - #out(`0`) [token]
2021-11-21T23:53:26,529|[TRACE] graph - <------- nonSkippedChar
2021-11-21T23:53:26,529|[TRACE] graph - <----- statementPart
2021-11-21T23:53:26,529|[TRACE] graph - -----> statementPart
2021-11-21T23:53:26,529|[TRACE] graph - -------> nonSkippedChar
2021-11-21T23:53:26,529|[TRACE] script - #out(`)`) [token]
2021-11-21T23:53:26,529|[TRACE] graph - <------- nonSkippedChar
2021-11-21T23:53:26,529|[TRACE] graph - <----- statementPart
2021-11-21T23:53:26,529|[TRACE] graph - -----> statementPart
2021-11-21T23:53:26,529|[TRACE] graph - -------> nonSkippedChar
2021-11-21T23:53:26,529|[TRACE] script - #out(`,`) [token]
2021-11-21T23:53:26,529|[TRACE] graph - <------- nonSkippedChar
2021-11-21T23:53:26,529|[TRACE] graph - <----- statementPart
2021-11-21T23:53:26,529|[TRACE] graph - -----> afterStatementPartNewline
2021-11-21T23:53:26,529|[TRACE] script - #out(` `) [text]
2021-11-21T23:53:26,529|[TRACE] graph - <----- afterStatementPartNewline
2021-11-21T23:53:26,529|[TRACE] graph - -----> statementPart
2021-11-21T23:53:26,529|[TRACE] graph - -------> nonSkippedSpace
2021-11-21T23:53:26,529|[TRACE] script - #out(` `) [token]
2021-11-21T23:53:26,529|[TRACE] graph - <------- nonSkippedSpace
2021-11-21T23:53:26,529|[TRACE] graph - <----- statementPart
2021-11-21T23:53:26,529|[TRACE] graph - -----> statementPart
2021-11-21T23:53:26,529|[TRACE] graph - -------> nonSkippedSpace
2021-11-21T23:53:26,529|[TRACE] script - #out(` `) [token]
2021-11-21T23:53:26,529|[TRACE] graph - <------- nonSkippedSpace
2021-11-21T23:53:26,529|[TRACE] graph - <----- statementPart
2021-11-21T23:53:26,529|[TRACE] graph - -----> statementPart
2021-11-21T23:53:26,529|[TRACE] graph - -------> quotedString
2021-11-21T23:53:26,529|[TRACE] script - #out(``version``) [token]
2021-11-21T23:53:26,529|[TRACE] graph - <------- quotedString
2021-11-21T23:53:26,529|[TRACE] graph - <----- statementPart
2021-11-21T23:53:26,529|[TRACE] graph - -----> statementPart
2021-11-21T23:53:26,529|[TRACE] graph - -------> nonSkippedSpace
2021-11-21T23:53:26,529|[TRACE] script - #out(` `) [token]
2021-11-21T23:53:26,529|[TRACE] graph - <------- nonSkippedSpace
2021-11-21T23:53:26,529|[TRACE] graph - <----- statementPart
2021-11-21T23:53:26,529|[TRACE] graph - -----> statementPart
2021-11-21T23:53:26,529|[TRACE] graph - -------> nonSkippedChar
2021-11-21T23:53:26,529|[TRACE] script - #out(`I`) [token]
2021-11-21T23:53:26,529|[TRACE] graph - <------- nonSkippedChar
2021-11-21T23:53:26,529|[TRACE] graph - <----- statementPart
2021-11-21T23:53:26,529|[TRACE] graph - -----> statementPart
2021-11-21T23:53:26,529|[TRACE] graph - -------> nonSkippedChar
2021-11-21T23:53:26,529|[TRACE] script - #out(`N`) [token]
2021-11-21T23:53:26,529|[TRACE] graph - <------- nonSkippedChar
2021-11-21T23:53:26,529|[TRACE] graph - <----- statementPart
2021-11-21T23:53:26,529|[TRACE] graph - -----> statementPart
2021-11-21T23:53:26,529|[TRACE] graph - -------> nonSkippedChar
2021-11-21T23:53:26,529|[TRACE] script - #out(`T`) [token]
2021-11-21T23:53:26,529|[TRACE] graph - <------- nonSkippedChar
2021-11-21T23:53:26,529|[TRACE] graph - <----- statementPart
2021-11-21T23:53:26,529|[TRACE] graph - -----> statementPart
2021-11-21T23:53:26,529|[TRACE] graph - -------> nonSkippedSpace
2021-11-21T23:53:26,529|[TRACE] script - #out(` `) [token]
2021-11-21T23:53:26,529|[TRACE] graph - <------- nonSkippedSpace
2021-11-21T23:53:26,529|[TRACE] graph - <----- statementPart
2021-11-21T23:53:26,529|[TRACE] graph - -----> statementPart
2021-11-21T23:53:26,529|[TRACE] graph - -------> nonSkippedChar
2021-11-21T23:53:26,529|[TRACE] script - #out(`N`) [token]
2021-11-21T23:53:26,529|[TRACE] graph - <------- nonSkippedChar
2021-11-21T23:53:26,529|[TRACE] graph - <----- statementPart
2021-11-21T23:53:26,529|[TRACE] graph - -----> statementPart
2021-11-21T23:53:26,529|[TRACE] graph - -------> nonSkippedChar
2021-11-21T23:53:26,529|[TRACE] script - #out(`O`) [token]
2021-11-21T23:53:26,529|[TRACE] graph - <------- nonSkippedChar
2021-11-21T23:53:26,529|[TRACE] graph - <----- statementPart
2021-11-21T23:53:26,529|[TRACE] graph - -----> statementPart
2021-11-21T23:53:26,529|[TRACE] graph - -------> nonSkippedChar
2021-11-21T23:53:26,529|[TRACE] script - #out(`T`) [token]
2021-11-21T23:53:26,529|[TRACE] graph - <------- nonSkippedChar
2021-11-21T23:53:26,529|[TRACE] graph - <----- statementPart
2021-11-21T23:53:26,529|[TRACE] graph - -----> statementPart
2021-11-21T23:53:26,529|[TRACE] graph - -------> nonSkippedSpace
2021-11-21T23:53:26,529|[TRACE] script - #out(` `) [token]
2021-11-21T23:53:26,529|[TRACE] graph - <------- nonSkippedSpace
2021-11-21T23:53:26,529|[TRACE] graph - <----- statementPart
2021-11-21T23:53:26,529|[TRACE] graph - -----> statementPart
2021-11-21T23:53:26,529|[TRACE] graph - -------> nonSkippedChar
2021-11-21T23:53:26,529|[TRACE] script - #out(`N`) [token]
2021-11-21T23:53:26,529|[TRACE] graph - <------- nonSkippedChar
2021-11-21T23:53:26,529|[TRACE] graph - <----- statementPart
2021-11-21T23:53:26,529|[TRACE] graph - -----> statementPart
2021-11-21T23:53:26,529|[TRACE] graph - -------> nonSkippedChar
2021-11-21T23:53:26,529|[TRACE] script - #out(`U`) [token]
2021-11-21T23:53:26,529|[TRACE] graph - <------- nonSkippedChar
2021-11-21T23:53:26,529|[TRACE] graph - <----- statementPart
2021-11-21T23:53:26,529|[TRACE] graph - -----> statementPart
2021-11-21T23:53:26,529|[TRACE] graph - -------> nonSkippedChar
2021-11-21T23:53:26,529|[TRACE] script - #out(`L`) [token]
2021-11-21T23:53:26,529|[TRACE] graph - <------- nonSkippedChar
2021-11-21T23:53:26,529|[TRACE] graph - <----- statementPart
2021-11-21T23:53:26,529|[TRACE] graph - -----> statementPart
2021-11-21T23:53:26,529|[TRACE] graph - -------> nonSkippedChar
2021-11-21T23:53:26,529|[TRACE] script - #out(`L`) [token]
2021-11-21T23:53:26,529|[TRACE] graph - <------- nonSkippedChar
2021-11-21T23:53:26,529|[TRACE] graph - <----- statementPart
2021-11-21T23:53:26,529|[TRACE] graph - -----> statementPart
2021-11-21T23:53:26,529|[TRACE] graph - -------> nonSkippedSpace
2021-11-21T23:53:26,529|[TRACE] script - #out(` `) [token]
2021-11-21T23:53:26,529|[TRACE] graph - <------- nonSkippedSpace
2021-11-21T23:53:26,529|[TRACE] graph - <----- statementPart
2021-11-21T23:53:26,529|[TRACE] graph - -----> statementPart
2021-11-21T23:53:26,529|[TRACE] graph - -------> nonSkippedChar
2021-11-21T23:53:26,529|[TRACE] script - #out(`D`) [token]
2021-11-21T23:53:26,529|[TRACE] graph - <------- nonSkippedChar
2021-11-21T23:53:26,529|[TRACE] graph - <----- statementPart
2021-11-21T23:53:26,529|[TRACE] graph - -----> statementPart
2021-11-21T23:53:26,529|[TRACE] graph - -------> nonSkippedChar
2021-11-21T23:53:26,529|[TRACE] script - #out(`E`) [token]
2021-11-21T23:53:26,529|[TRACE] graph - <------- nonSkippedChar
2021-11-21T23:53:26,529|[TRACE] graph - <----- statementPart
2021-11-21T23:53:26,529|[TRACE] graph - -----> statementPart
2021-11-21T23:53:26,529|[TRACE] graph - -------> nonSkippedChar
2021-11-21T23:53:26,529|[TRACE] script - #out(`F`) [token]
2021-11-21T23:53:26,529|[TRACE] graph - <------- nonSkippedChar
2021-11-21T23:53:26,529|[TRACE] graph - <----- statementPart
2021-11-21T23:53:26,529|[TRACE] graph - -----> statementPart
2021-11-21T23:53:26,529|[TRACE] graph - -------> nonSkippedChar
2021-11-21T23:53:26,529|[TRACE] script - #out(`A`) [token]
2021-11-21T23:53:26,529|[TRACE] graph - <------- nonSkippedChar
2021-11-21T23:53:26,529|[TRACE] graph - <----- statementPart
2021-11-21T23:53:26,529|[TRACE] graph - -----> statementPart
2021-11-21T23:53:26,529|[TRACE] graph - -------> nonSkippedChar
2021-11-21T23:53:26,529|[TRACE] script - #out(`U`) [token]
2021-11-21T23:53:26,529|[TRACE] graph - <------- nonSkippedChar
2021-11-21T23:53:26,529|[TRACE] graph - <----- statementPart
2021-11-21T23:53:26,529|[TRACE] graph - -----> statementPart
2021-11-21T23:53:26,529|[TRACE] graph - -------> nonSkippedChar
2021-11-21T23:53:26,529|[TRACE] script - #out(`L`) [token]
2021-11-21T23:53:26,529|[TRACE] graph - <------- nonSkippedChar
2021-11-21T23:53:26,529|[TRACE] graph - <----- statementPart
2021-11-21T23:53:26,529|[TRACE] graph - -----> statementPart
2021-11-21T23:53:26,529|[TRACE] graph - -------> nonSkippedChar
2021-11-21T23:53:26,529|[TRACE] script - #out(`T`) [token]
2021-11-21T23:53:26,529|[TRACE] graph - <------- nonSkippedChar
2021-11-21T23:53:26,529|[TRACE] graph - <----- statementPart
2021-11-21T23:53:26,529|[TRACE] graph - -----> statementPart
2021-11-21T23:53:26,529|[TRACE] graph - -------> nonSkippedSpace
2021-11-21T23:53:26,529|[TRACE] script - #out(` `) [token]
2021-11-21T23:53:26,529|[TRACE] graph - <------- nonSkippedSpace
2021-11-21T23:53:26,529|[TRACE] graph - <----- statementPart
2021-11-21T23:53:26,529|[TRACE] graph - -----> statementPart
2021-11-21T23:53:26,529|[TRACE] graph - -------> nonSkippedChar
2021-11-21T23:53:26,529|[TRACE] script - #out(`1`) [token]
2021-11-21T23:53:26,529|[TRACE] graph - <------- nonSkippedChar
2021-11-21T23:53:26,529|[TRACE] graph - <----- statementPart
2021-11-21T23:53:26,529|[TRACE] graph - -----> statementPart
2021-11-21T23:53:26,529|[TRACE] graph - -------> nonSkippedChar
2021-11-21T23:53:26,529|[TRACE] script - #out(`,`) [token]
2021-11-21T23:53:26,529|[TRACE] graph - <------- nonSkippedChar
2021-11-21T23:53:26,529|[TRACE] graph - <----- statementPart
2021-11-21T23:53:26,529|[TRACE] graph - -----> afterStatementPartNewline
2021-11-21T23:53:26,529|[TRACE] script - #out(` `) [text]
2021-11-21T23:53:26,529|[TRACE] graph - <----- afterStatementPartNewline
2021-11-21T23:53:26,529|[TRACE] graph - -----> statementPart
2021-11-21T23:53:26,529|[TRACE] graph - -------> nonSkippedSpace
2021-11-21T23:53:26,529|[TRACE] script - #out(` `) [token]
2021-11-21T23:53:26,529|[TRACE] graph - <------- nonSkippedSpace
2021-11-21T23:53:26,529|[TRACE] graph - <----- statementPart
2021-11-21T23:53:26,529|[TRACE] graph - -----> statementPart
2021-11-21T23:53:26,529|[TRACE] graph - -------> nonSkippedSpace
2021-11-21T23:53:26,529|[TRACE] script - #out(` `) [token]
2021-11-21T23:53:26,529|[TRACE] graph - <------- nonSkippedSpace
2021-11-21T23:53:26,529|[TRACE] graph - <----- statementPart
2021-11-21T23:53:26,529|[TRACE] graph - -----> statementPart
2021-11-21T23:53:26,529|[TRACE] graph - -------> nonSkippedChar
2021-11-21T23:53:26,529|[TRACE] script - #out(`P`) [token]
2021-11-21T23:53:26,529|[TRACE] graph - <------- nonSkippedChar
2021-11-21T23:53:26,529|[TRACE] graph - <----- statementPart
2021-11-21T23:53:26,529|[TRACE] graph - -----> statementPart
2021-11-21T23:53:26,529|[TRACE] graph - -------> nonSkippedChar
2021-11-21T23:53:26,529|[TRACE] script - #out(`R`) [token]
2021-11-21T23:53:26,529|[TRACE] graph - <------- nonSkippedChar
2021-11-21T23:53:26,529|[TRACE] graph - <----- statementPart
2021-11-21T23:53:26,529|[TRACE] graph - -----> statementPart
2021-11-21T23:53:26,529|[TRACE] graph - -------> nonSkippedChar
2021-11-21T23:53:26,529|[TRACE] script - #out(`I`) [token]
2021-11-21T23:53:26,529|[TRACE] graph - <------- nonSkippedChar
2021-11-21T23:53:26,529|[TRACE] graph - <----- statementPart
2021-11-21T23:53:26,529|[TRACE] graph - -----> statementPart
2021-11-21T23:53:26,529|[TRACE] graph - -------> nonSkippedChar
2021-11-21T23:53:26,529|[TRACE] script - #out(`M`) [token]
2021-11-21T23:53:26,529|[TRACE] graph - <------- nonSkippedChar
2021-11-21T23:53:26,529|[TRACE] graph - <----- statementPart
2021-11-21T23:53:26,529|[TRACE] graph - -----> statementPart
2021-11-21T23:53:26,529|[TRACE] graph - -------> nonSkippedChar
2021-11-21T23:53:26,529|[TRACE] script - #out(`A`) [token]
2021-11-21T23:53:26,529|[TRACE] graph - <------- nonSkippedChar
2021-11-21T23:53:26,529|[TRACE] graph - <----- statementPart
2021-11-21T23:53:26,529|[TRACE] graph - -----> statementPart
2021-11-21T23:53:26,529|[TRACE] graph - -------> nonSkippedChar
2021-11-21T23:53:26,529|[TRACE] script - #out(`R`) [token]
2021-11-21T23:53:26,529|[TRACE] graph - <------- nonSkippedChar
2021-11-21T23:53:26,529|[TRACE] graph - <----- statementPart
2021-11-21T23:53:26,529|[TRACE] graph - -----> statementPart
2021-11-21T23:53:26,529|[TRACE] graph - -------> nonSkippedChar
2021-11-21T23:53:26,529|[TRACE] script - #out(`Y`) [token]
2021-11-21T23:53:26,529|[TRACE] graph - <------- nonSkippedChar
2021-11-21T23:53:26,529|[TRACE] graph - <----- statementPart
2021-11-21T23:53:26,529|[TRACE] graph - -----> statementPart
2021-11-21T23:53:26,529|[TRACE] graph - -------> nonSkippedSpace
2021-11-21T23:53:26,529|[TRACE] script - #out(` `) [token]
2021-11-21T23:53:26,529|[TRACE] graph - <------- nonSkippedSpace
2021-11-21T23:53:26,529|[TRACE] graph - <----- statementPart
2021-11-21T23:53:26,529|[TRACE] graph - -----> statementPart
2021-11-21T23:53:26,529|[TRACE] graph - -------> nonSkippedChar
2021-11-21T23:53:26,529|[TRACE] script - #out(`K`) [token]
2021-11-21T23:53:26,529|[TRACE] graph - <------- nonSkippedChar
2021-11-21T23:53:26,529|[TRACE] graph - <----- statementPart
2021-11-21T23:53:26,529|[TRACE] graph - -----> statementPart
2021-11-21T23:53:26,529|[TRACE] graph - -------> nonSkippedChar
2021-11-21T23:53:26,529|[TRACE] script - #out(`E`) [token]
2021-11-21T23:53:26,529|[TRACE] graph - <------- nonSkippedChar
2021-11-21T23:53:26,529|[TRACE] graph - <----- statementPart
2021-11-21T23:53:26,529|[TRACE] graph - -----> statementPart
2021-11-21T23:53:26,529|[TRACE] graph - -------> nonSkippedChar
2021-11-21T23:53:26,529|[TRACE] script - #out(`Y`) [token]
2021-11-21T23:53:26,529|[TRACE] graph - <------- nonSkippedChar
2021-11-21T23:53:26,529|[TRACE] graph - <----- statementPart
2021-11-21T23:53:26,529|[TRACE] graph - -----> statementPart
2021-11-21T23:53:26,529|[TRACE] graph - -------> nonSkippedSpace
2021-11-21T23:53:26,529|[TRACE] script - #out(` `) [token]
2021-11-21T23:53:26,529|[TRACE] graph - <------- nonSkippedSpace
2021-11-21T23:53:26,529|[TRACE] graph - <----- statementPart
2021-11-21T23:53:26,530|[TRACE] graph - -----> statementPart
2021-11-21T23:53:26,530|[TRACE] graph - -------> nonSkippedChar
2021-11-21T23:53:26,530|[TRACE] script - #out(`(`) [token]
2021-11-21T23:53:26,530|[TRACE] graph - <------- nonSkippedChar
2021-11-21T23:53:26,530|[TRACE] graph - <----- statementPart
2021-11-21T23:53:26,530|[TRACE] graph - -----> statementPart
2021-11-21T23:53:26,530|[TRACE] graph - -------> quotedString
2021-11-21T23:53:26,530|[TRACE] script - #out(``person_id``) [token]
2021-11-21T23:53:26,530|[TRACE] graph - <------- quotedString
2021-11-21T23:53:26,530|[TRACE] graph - <----- statementPart
2021-11-21T23:53:26,530|[TRACE] graph - -----> statementPart
2021-11-21T23:53:26,530|[TRACE] graph - -------> nonSkippedChar
2021-11-21T23:53:26,530|[TRACE] script - #out(`,`) [token]
2021-11-21T23:53:26,530|[TRACE] graph - <------- nonSkippedChar
2021-11-21T23:53:26,530|[TRACE] graph - <----- statementPart
2021-11-21T23:53:26,530|[TRACE] graph - -----> statementPart
2021-11-21T23:53:26,530|[TRACE] graph - -------> nonSkippedSpace
2021-11-21T23:53:26,530|[TRACE] script - #out(` `) [token]
2021-11-21T23:53:26,530|[TRACE] graph - <------- nonSkippedSpace
2021-11-21T23:53:26,530|[TRACE] graph - <----- statementPart
2021-11-21T23:53:26,530|[TRACE] graph - -----> statementPart
2021-11-21T23:53:26,530|[TRACE] graph - -------> quotedString
2021-11-21T23:53:26,530|[TRACE] script - #out(``phone_id``) [token]
2021-11-21T23:53:26,530|[TRACE] graph - <------- quotedString
2021-11-21T23:53:26,530|[TRACE] graph - <----- statementPart
2021-11-21T23:53:26,530|[TRACE] graph - -----> statementPart
2021-11-21T23:53:26,530|[TRACE] graph - -------> nonSkippedChar
2021-11-21T23:53:26,530|[TRACE] script - #out(`)`) [token]
2021-11-21T23:53:26,530|[TRACE] graph - <------- nonSkippedChar
2021-11-21T23:53:26,530|[TRACE] graph - <----- statementPart
2021-11-21T23:53:26,530|[TRACE] graph - -----> statementPart
2021-11-21T23:53:26,530|[TRACE] graph - -------> nonSkippedChar
2021-11-21T23:53:26,530|[TRACE] script - #out(`,`) [token]
2021-11-21T23:53:26,530|[TRACE] graph - <------- nonSkippedChar
2021-11-21T23:53:26,530|[TRACE] graph - <----- statementPart
2021-11-21T23:53:26,530|[TRACE] graph - -----> afterStatementPartNewline
2021-11-21T23:53:26,530|[TRACE] script - #out(` `) [text]
2021-11-21T23:53:26,530|[TRACE] graph - <----- afterStatementPartNewline
2021-11-21T23:53:26,530|[TRACE] graph - -----> statementPart
2021-11-21T23:53:26,530|[TRACE] graph - -------> nonSkippedSpace
2021-11-21T23:53:26,530|[TRACE] script - #out(` `) [token]
2021-11-21T23:53:26,530|[TRACE] graph - <------- nonSkippedSpace
2021-11-21T23:53:26,530|[TRACE] graph - <----- statementPart
2021-11-21T23:53:26,530|[TRACE] graph - -----> statementPart
2021-11-21T23:53:26,530|[TRACE] graph - -------> nonSkippedSpace
2021-11-21T23:53:26,530|[TRACE] script - #out(` `) [token]
2021-11-21T23:53:26,530|[TRACE] graph - <------- nonSkippedSpace
2021-11-21T23:53:26,530|[TRACE] graph - <----- statementPart
2021-11-21T23:53:26,530|[TRACE] graph - -----> statementPart
2021-11-21T23:53:26,530|[TRACE] graph - -------> nonSkippedChar
2021-11-21T23:53:26,530|[TRACE] script - #out(`I`) [token]
2021-11-21T23:53:26,530|[TRACE] graph - <------- nonSkippedChar
2021-11-21T23:53:26,530|[TRACE] graph - <----- statementPart
2021-11-21T23:53:26,530|[TRACE] graph - -----> statementPart
2021-11-21T23:53:26,530|[TRACE] graph - -------> nonSkippedChar
2021-11-21T23:53:26,530|[TRACE] script - #out(`N`) [token]
2021-11-21T23:53:26,530|[TRACE] graph - <------- nonSkippedChar
2021-11-21T23:53:26,530|[TRACE] graph - <----- statementPart
2021-11-21T23:53:26,530|[TRACE] graph - -----> statementPart
2021-11-21T23:53:26,530|[TRACE] graph - -------> nonSkippedChar
2021-11-21T23:53:26,530|[TRACE] script - #out(`D`) [token]
2021-11-21T23:53:26,530|[TRACE] graph - <------- nonSkippedChar
2021-11-21T23:53:26,530|[TRACE] graph - <----- statementPart
2021-11-21T23:53:26,530|[TRACE] graph - -----> statementPart
2021-11-21T23:53:26,530|[TRACE] graph - -------> nonSkippedChar
2021-11-21T23:53:26,530|[TRACE] script - #out(`E`) [token]
2021-11-21T23:53:26,530|[TRACE] graph - <------- nonSkippedChar
2021-11-21T23:53:26,530|[TRACE] graph - <----- statementPart
2021-11-21T23:53:26,530|[TRACE] graph - -----> statementPart
2021-11-21T23:53:26,530|[TRACE] graph - -------> nonSkippedChar
2021-11-21T23:53:26,530|[TRACE] script - #out(`X`) [token]
2021-11-21T23:53:26,530|[TRACE] graph - <------- nonSkippedChar
2021-11-21T23:53:26,530|[TRACE] graph - <----- statementPart
2021-11-21T23:53:26,530|[TRACE] graph - -----> statementPart
2021-11-21T23:53:26,530|[TRACE] graph - -------> nonSkippedSpace
2021-11-21T23:53:26,530|[TRACE] script - #out(` `) [token]
2021-11-21T23:53:26,530|[TRACE] graph - <------- nonSkippedSpace
2021-11-21T23:53:26,530|[TRACE] graph - <----- statementPart
2021-11-21T23:53:26,530|[TRACE] graph - -----> statementPart
2021-11-21T23:53:26,530|[TRACE] graph - -------> quotedString
2021-11-21T23:53:26,530|[TRACE] script - #out(``fk_contact_phone1_idx``) [token]
2021-11-21T23:53:26,530|[TRACE] graph - <------- quotedString
2021-11-21T23:53:26,530|[TRACE] graph - <----- statementPart
2021-11-21T23:53:26,530|[TRACE] graph - -----> statementPart
2021-11-21T23:53:26,530|[TRACE] graph - -------> nonSkippedSpace
2021-11-21T23:53:26,530|[TRACE] script - #out(` `) [token]
2021-11-21T23:53:26,530|[TRACE] graph - <------- nonSkippedSpace
2021-11-21T23:53:26,530|[TRACE] graph - <----- statementPart
2021-11-21T23:53:26,530|[TRACE] graph - -----> statementPart
2021-11-21T23:53:26,530|[TRACE] graph - -------> nonSkippedChar
2021-11-21T23:53:26,530|[TRACE] script - #out(`(`) [token]
2021-11-21T23:53:26,530|[TRACE] graph - <------- nonSkippedChar
2021-11-21T23:53:26,530|[TRACE] graph - <----- statementPart
2021-11-21T23:53:26,530|[TRACE] graph - -----> statementPart
2021-11-21T23:53:26,530|[TRACE] graph - -------> quotedString
2021-11-21T23:53:26,530|[TRACE] script - #out(``phone_id``) [token]
2021-11-21T23:53:26,530|[TRACE] graph - <------- quotedString
2021-11-21T23:53:26,530|[TRACE] graph - <----- statementPart
2021-11-21T23:53:26,530|[TRACE] graph - -----> statementPart
2021-11-21T23:53:26,530|[TRACE] graph - -------> nonSkippedSpace
2021-11-21T23:53:26,530|[TRACE] script - #out(` `) [token]
2021-11-21T23:53:26,530|[TRACE] graph - <------- nonSkippedSpace
2021-11-21T23:53:26,530|[TRACE] graph - <----- statementPart
2021-11-21T23:53:26,530|[TRACE] graph - -----> statementPart
2021-11-21T23:53:26,530|[TRACE] graph - -------> nonSkippedChar
2021-11-21T23:53:26,530|[TRACE] script - #out(`A`) [token]
2021-11-21T23:53:26,570|[TRACE] graph - <------- nonSkippedChar
2021-11-21T23:53:26,570|[TRACE] graph - <----- statementPart
2021-11-21T23:53:26,570|[TRACE] graph - -----> statementPart
2021-11-21T23:53:26,570|[TRACE] graph - -------> nonSkippedChar
2021-11-21T23:53:26,570|[TRACE] script - #out(`S`) [token]
2021-11-21T23:53:26,570|[TRACE] graph - <------- nonSkippedChar
2021-11-21T23:53:26,570|[TRACE] graph - <----- statementPart
2021-11-21T23:53:26,570|[TRACE] graph - -----> statementPart
2021-11-21T23:53:26,570|[TRACE] graph - -------> nonSkippedChar
2021-11-21T23:53:26,570|[TRACE] script - #out(`C`) [token]
2021-11-21T23:53:26,570|[TRACE] graph - <------- nonSkippedChar
2021-11-21T23:53:26,570|[TRACE] graph - <----- statementPart
2021-11-21T23:53:26,570|[TRACE] graph - -----> statementPart
2021-11-21T23:53:26,570|[TRACE] graph - -------> nonSkippedChar
2021-11-21T23:53:26,570|[TRACE] script - #out(`)`) [token]
2021-11-21T23:53:26,570|[TRACE] graph - <------- nonSkippedChar
2021-11-21T23:53:26,570|[TRACE] graph - <----- statementPart
2021-11-21T23:53:26,570|[TRACE] graph - -----> statementPart
2021-11-21T23:53:26,570|[TRACE] graph - -------> nonSkippedSpace
2021-11-21T23:53:26,570|[TRACE] script - #out(` `) [token]
2021-11-21T23:53:26,570|[TRACE] graph - <------- nonSkippedSpace
2021-11-21T23:53:26,570|[TRACE] graph - <----- statementPart
2021-11-21T23:53:26,570|[TRACE] graph - -----> statementPart
2021-11-21T23:53:26,570|[TRACE] graph - -------> nonSkippedChar
2021-11-21T23:53:26,570|[TRACE] script - #out(`V`) [token]
2021-11-21T23:53:26,570|[TRACE] graph - <------- nonSkippedChar
2021-11-21T23:53:26,570|[TRACE] graph - <----- statementPart
2021-11-21T23:53:26,570|[TRACE] graph - -----> statementPart
2021-11-21T23:53:26,570|[TRACE] graph - -------> nonSkippedChar
2021-11-21T23:53:26,570|[TRACE] script - #out(`I`) [token]
2021-11-21T23:53:26,570|[TRACE] graph - <------- nonSkippedChar
2021-11-21T23:53:26,570|[TRACE] graph - <----- statementPart
2021-11-21T23:53:26,570|[TRACE] graph - -----> statementPart
2021-11-21T23:53:26,570|[TRACE] graph - -------> nonSkippedChar
2021-11-21T23:53:26,570|[TRACE] script - #out(`S`) [token]
2021-11-21T23:53:26,570|[TRACE] graph - <------- nonSkippedChar
2021-11-21T23:53:26,570|[TRACE] graph - <----- statementPart
2021-11-21T23:53:26,570|[TRACE] graph - -----> statementPart
2021-11-21T23:53:26,570|[TRACE] graph - -------> nonSkippedChar
2021-11-21T23:53:26,570|[TRACE] script - #out(`I`) [token]
2021-11-21T23:53:26,570|[TRACE] graph - <------- nonSkippedChar
2021-11-21T23:53:26,570|[TRACE] graph - <----- statementPart
2021-11-21T23:53:26,570|[TRACE] graph - -----> statementPart
2021-11-21T23:53:26,570|[TRACE] graph - -------> nonSkippedChar
2021-11-21T23:53:26,570|[TRACE] script - #out(`B`) [token]
2021-11-21T23:53:26,570|[TRACE] graph - <------- nonSkippedChar
2021-11-21T23:53:26,570|[TRACE] graph - <----- statementPart
2021-11-21T23:53:26,570|[TRACE] graph - -----> statementPart
2021-11-21T23:53:26,570|[TRACE] graph - -------> nonSkippedChar
2021-11-21T23:53:26,570|[TRACE] script - #out(`L`) [token]
2021-11-21T23:53:26,570|[TRACE] graph - <------- nonSkippedChar
2021-11-21T23:53:26,570|[TRACE] graph - <----- statementPart
2021-11-21T23:53:26,570|[TRACE] graph - -----> statementPart
2021-11-21T23:53:26,570|[TRACE] graph - -------> nonSkippedChar
2021-11-21T23:53:26,570|[TRACE] script - #out(`E`) [token]
2021-11-21T23:53:26,570|[TRACE] graph - <------- nonSkippedChar
2021-11-21T23:53:26,570|[TRACE] graph - <----- statementPart
2021-11-21T23:53:26,570|[TRACE] graph - -----> statementPart
2021-11-21T23:53:26,570|[TRACE] graph - -------> nonSkippedChar
2021-11-21T23:53:26,570|[TRACE] script - #out(`,`) [token]
2021-11-21T23:53:26,570|[TRACE] graph - <------- nonSkippedChar
2021-11-21T23:53:26,570|[TRACE] graph - <----- statementPart
2021-11-21T23:53:26,570|[TRACE] graph - -----> afterStatementPartNewline
2021-11-21T23:53:26,570|[TRACE] script - #out(` `) [text]
2021-11-21T23:53:26,570|[TRACE] graph - <----- afterStatementPartNewline
2021-11-21T23:53:26,570|[TRACE] graph - -----> statementPart
2021-11-21T23:53:26,570|[TRACE] graph - -------> nonSkippedSpace
2021-11-21T23:53:26,570|[TRACE] script - #out(` `) [token]
2021-11-21T23:53:26,570|[TRACE] graph - <------- nonSkippedSpace
2021-11-21T23:53:26,570|[TRACE] graph - <----- statementPart
2021-11-21T23:53:26,570|[TRACE] graph - -----> statementPart
2021-11-21T23:53:26,570|[TRACE] graph - -------> nonSkippedSpace
2021-11-21T23:53:26,570|[TRACE] script - #out(` `) [token]
2021-11-21T23:53:26,570|[TRACE] graph - <------- nonSkippedSpace
2021-11-21T23:53:26,570|[TRACE] graph - <----- statementPart
2021-11-21T23:53:26,570|[TRACE] graph - -----> statementPart
2021-11-21T23:53:26,570|[TRACE] graph - -------> nonSkippedChar
2021-11-21T23:53:26,570|[TRACE] script - #out(`I`) [token]
2021-11-21T23:53:26,570|[TRACE] graph - <------- nonSkippedChar
2021-11-21T23:53:26,570|[TRACE] graph - <----- statementPart
2021-11-21T23:53:26,570|[TRACE] graph - -----> statementPart
2021-11-21T23:53:26,570|[TRACE] graph - -------> nonSkippedChar
2021-11-21T23:53:26,570|[TRACE] script - #out(`N`) [token]
2021-11-21T23:53:26,570|[TRACE] graph - <------- nonSkippedChar
2021-11-21T23:53:26,570|[TRACE] graph - <----- statementPart
2021-11-21T23:53:26,570|[TRACE] graph - -----> statementPart
2021-11-21T23:53:26,570|[TRACE] graph - -------> nonSkippedChar
2021-11-21T23:53:26,570|[TRACE] script - #out(`D`) [token]
2021-11-21T23:53:26,570|[TRACE] graph - <------- nonSkippedChar
2021-11-21T23:53:26,570|[TRACE] graph - <----- statementPart
2021-11-21T23:53:26,570|[TRACE] graph - -----> statementPart
2021-11-21T23:53:26,570|[TRACE] graph - -------> nonSkippedChar
2021-11-21T23:53:26,570|[TRACE] script - #out(`E`) [token]
2021-11-21T23:53:26,570|[TRACE] graph - <------- nonSkippedChar
2021-11-21T23:53:26,570|[TRACE] graph - <----- statementPart
2021-11-21T23:53:26,570|[TRACE] graph - -----> statementPart
2021-11-21T23:53:26,570|[TRACE] graph - -------> nonSkippedChar
2021-11-21T23:53:26,570|[TRACE] script - #out(`X`) [token]
2021-11-21T23:53:26,570|[TRACE] graph - <------- nonSkippedChar
2021-11-21T23:53:26,570|[TRACE] graph - <----- statementPart
2021-11-21T23:53:26,570|[TRACE] graph - -----> statementPart
2021-11-21T23:53:26,570|[TRACE] graph - -------> nonSkippedSpace
2021-11-21T23:53:26,570|[TRACE] script - #out(` `) [token]
2021-11-21T23:53:26,570|[TRACE] graph - <------- nonSkippedSpace
2021-11-21T23:53:26,570|[TRACE] graph - <----- statementPart
2021-11-21T23:53:26,570|[TRACE] graph - -----> statementPart
2021-11-21T23:53:26,570|[TRACE] graph - -------> quotedString
2021-11-21T23:53:26,570|[TRACE] script - #out(``fk_contact_person1_idx``) [token]
2021-11-21T23:53:26,570|[TRACE] graph - <------- quotedString
2021-11-21T23:53:26,570|[TRACE] graph - <----- statementPart
2021-11-21T23:53:26,570|[TRACE] graph - -----> statementPart
2021-11-21T23:53:26,570|[TRACE] graph - -------> nonSkippedSpace
2021-11-21T23:53:26,570|[TRACE] script - #out(` `) [token]
2021-11-21T23:53:26,570|[TRACE] graph - <------- nonSkippedSpace
2021-11-21T23:53:26,570|[TRACE] graph - <----- statementPart
2021-11-21T23:53:26,570|[TRACE] graph - -----> statementPart
2021-11-21T23:53:26,570|[TRACE] graph - -------> nonSkippedChar
2021-11-21T23:53:26,570|[TRACE] script - #out(`(`) [token]
2021-11-21T23:53:26,570|[TRACE] graph - <------- nonSkippedChar
2021-11-21T23:53:26,570|[TRACE] graph - <----- statementPart
2021-11-21T23:53:26,570|[TRACE] graph - -----> statementPart
2021-11-21T23:53:26,570|[TRACE] graph - -------> quotedString
2021-11-21T23:53:26,570|[TRACE] script - #out(``person_id``) [token]
2021-11-21T23:53:26,570|[TRACE] graph - <------- quotedString
2021-11-21T23:53:26,570|[TRACE] graph - <----- statementPart
2021-11-21T23:53:26,571|[TRACE] graph - -----> statementPart
2021-11-21T23:53:26,571|[TRACE] graph - -------> nonSkippedSpace
2021-11-21T23:53:26,571|[TRACE] script - #out(` `) [token]
2021-11-21T23:53:26,571|[TRACE] graph - <------- nonSkippedSpace
2021-11-21T23:53:26,571|[TRACE] graph - <----- statementPart
2021-11-21T23:53:26,571|[TRACE] graph - -----> statementPart
2021-11-21T23:53:26,571|[TRACE] graph - -------> nonSkippedChar
2021-11-21T23:53:26,571|[TRACE] script - #out(`A`) [token]
2021-11-21T23:53:26,571|[TRACE] graph - <------- nonSkippedChar
2021-11-21T23:53:26,571|[TRACE] graph - <----- statementPart
2021-11-21T23:53:26,571|[TRACE] graph - -----> statementPart
2021-11-21T23:53:26,571|[TRACE] graph - -------> nonSkippedChar
2021-11-21T23:53:26,571|[TRACE] script - #out(`S`) [token]
2021-11-21T23:53:26,571|[TRACE] graph - <------- nonSkippedChar
2021-11-21T23:53:26,571|[TRACE] graph - <----- statementPart
2021-11-21T23:53:26,571|[TRACE] graph - -----> statementPart
2021-11-21T23:53:26,571|[TRACE] graph - -------> nonSkippedChar
2021-11-21T23:53:26,571|[TRACE] script - #out(`C`) [token]
2021-11-21T23:53:26,571|[TRACE] graph - <------- nonSkippedChar
2021-11-21T23:53:26,571|[TRACE] graph - <----- statementPart
2021-11-21T23:53:26,571|[TRACE] graph - -----> statementPart
2021-11-21T23:53:26,571|[TRACE] graph - -------> nonSkippedChar
2021-11-21T23:53:26,571|[TRACE] script - #out(`)`) [token]
2021-11-21T23:53:26,571|[TRACE] graph - <------- nonSkippedChar
2021-11-21T23:53:26,571|[TRACE] graph - <----- statementPart
2021-11-21T23:53:26,571|[TRACE] graph - -----> statementPart
2021-11-21T23:53:26,571|[TRACE] graph - -------> nonSkippedSpace
2021-11-21T23:53:26,571|[TRACE] script - #out(` `) [token]
2021-11-21T23:53:26,571|[TRACE] graph - <------- nonSkippedSpace
2021-11-21T23:53:26,571|[TRACE] graph - <----- statementPart
2021-11-21T23:53:26,571|[TRACE] graph - -----> statementPart
2021-11-21T23:53:26,571|[TRACE] graph - -------> nonSkippedChar
2021-11-21T23:53:26,571|[TRACE] script - #out(`V`) [token]
2021-11-21T23:53:26,571|[TRACE] graph - <------- nonSkippedChar
2021-11-21T23:53:26,571|[TRACE] graph - <----- statementPart
2021-11-21T23:53:26,571|[TRACE] graph - -----> statementPart
2021-11-21T23:53:26,571|[TRACE] graph - -------> nonSkippedChar
2021-11-21T23:53:26,571|[TRACE] script - #out(`I`) [token]
2021-11-21T23:53:26,571|[TRACE] graph - <------- nonSkippedChar
2021-11-21T23:53:26,571|[TRACE] graph - <----- statementPart
2021-11-21T23:53:26,571|[TRACE] graph - -----> statementPart
2021-11-21T23:53:26,571|[TRACE] graph - -------> nonSkippedChar
2021-11-21T23:53:26,571|[TRACE] script - #out(`S`) [token]
2021-11-21T23:53:26,571|[TRACE] graph - <------- nonSkippedChar
2021-11-21T23:53:26,571|[TRACE] graph - <----- statementPart
2021-11-21T23:53:26,571|[TRACE] graph - -----> statementPart
2021-11-21T23:53:26,571|[TRACE] graph - -------> nonSkippedChar
2021-11-21T23:53:26,571|[TRACE] script - #out(`I`) [token]
2021-11-21T23:53:26,571|[TRACE] graph - <------- nonSkippedChar
2021-11-21T23:53:26,571|[TRACE] graph - <----- statementPart
2021-11-21T23:53:26,571|[TRACE] graph - -----> statementPart
2021-11-21T23:53:26,571|[TRACE] graph - -------> nonSkippedChar
2021-11-21T23:53:26,571|[TRACE] script - #out(`B`) [token]
2021-11-21T23:53:26,571|[TRACE] graph - <------- nonSkippedChar
2021-11-21T23:53:26,571|[TRACE] graph - <----- statementPart
2021-11-21T23:53:26,571|[TRACE] graph - -----> statementPart
2021-11-21T23:53:26,571|[TRACE] graph - -------> nonSkippedChar
2021-11-21T23:53:26,571|[TRACE] script - #out(`L`) [token]
2021-11-21T23:53:26,571|[TRACE] graph - <------- nonSkippedChar
2021-11-21T23:53:26,571|[TRACE] graph - <----- statementPart
2021-11-21T23:53:26,571|[TRACE] graph - -----> statementPart
2021-11-21T23:53:26,571|[TRACE] graph - -------> nonSkippedChar
2021-11-21T23:53:26,571|[TRACE] script - #out(`E`) [token]
2021-11-21T23:53:26,571|[TRACE] graph - <------- nonSkippedChar
2021-11-21T23:53:26,571|[TRACE] graph - <----- statementPart
2021-11-21T23:53:26,571|[TRACE] graph - -----> statementPart
2021-11-21T23:53:26,571|[TRACE] graph - -------> nonSkippedChar
2021-11-21T23:53:26,571|[TRACE] script - #out(`,`) [token]
2021-11-21T23:53:26,571|[TRACE] graph - <------- nonSkippedChar
2021-11-21T23:53:26,571|[TRACE] graph - <----- statementPart
2021-11-21T23:53:26,571|[TRACE] graph - -----> afterStatementPartNewline
2021-11-21T23:53:26,571|[TRACE] script - #out(` `) [text]
2021-11-21T23:53:26,571|[TRACE] graph - <----- afterStatementPartNewline
2021-11-21T23:53:26,571|[TRACE] graph - -----> statementPart
2021-11-21T23:53:26,571|[TRACE] graph - -------> nonSkippedSpace
2021-11-21T23:53:26,571|[TRACE] script - #out(` `) [token]
2021-11-21T23:53:26,571|[TRACE] graph - <------- nonSkippedSpace
2021-11-21T23:53:26,571|[TRACE] graph - <----- statementPart
2021-11-21T23:53:26,571|[TRACE] graph - -----> statementPart
2021-11-21T23:53:26,571|[TRACE] graph - -------> nonSkippedSpace
2021-11-21T23:53:26,571|[TRACE] script - #out(` `) [token]
2021-11-21T23:53:26,571|[TRACE] graph - <------- nonSkippedSpace
2021-11-21T23:53:26,571|[TRACE] graph - <----- statementPart
2021-11-21T23:53:26,571|[TRACE] graph - -----> statementPart
2021-11-21T23:53:26,571|[TRACE] graph - -------> nonSkippedChar
2021-11-21T23:53:26,571|[TRACE] script - #out(`C`) [token]
2021-11-21T23:53:26,571|[TRACE] graph - <------- nonSkippedChar
2021-11-21T23:53:26,571|[TRACE] graph - <----- statementPart
2021-11-21T23:53:26,571|[TRACE] graph - -----> statementPart
2021-11-21T23:53:26,571|[TRACE] graph - -------> nonSkippedChar
2021-11-21T23:53:26,571|[TRACE] script - #out(`O`) [token]
2021-11-21T23:53:26,571|[TRACE] graph - <------- nonSkippedChar
2021-11-21T23:53:26,571|[TRACE] graph - <----- statementPart
2021-11-21T23:53:26,571|[TRACE] graph - -----> statementPart
2021-11-21T23:53:26,571|[TRACE] graph - -------> nonSkippedChar
2021-11-21T23:53:26,571|[TRACE] script - #out(`N`) [token]
2021-11-21T23:53:26,571|[TRACE] graph - <------- nonSkippedChar
2021-11-21T23:53:26,571|[TRACE] graph - <----- statementPart
2021-11-21T23:53:26,571|[TRACE] graph - -----> statementPart
2021-11-21T23:53:26,571|[TRACE] graph - -------> nonSkippedChar
2021-11-21T23:53:26,571|[TRACE] script - #out(`S`) [token]
2021-11-21T23:53:26,571|[TRACE] graph - <------- nonSkippedChar
2021-11-21T23:53:26,571|[TRACE] graph - <----- statementPart
2021-11-21T23:53:26,571|[TRACE] graph - -----> statementPart
2021-11-21T23:53:26,571|[TRACE] graph - -------> nonSkippedChar
2021-11-21T23:53:26,571|[TRACE] script - #out(`T`) [token]
2021-11-21T23:53:26,571|[TRACE] graph - <------- nonSkippedChar
2021-11-21T23:53:26,571|[TRACE] graph - <----- statementPart
2021-11-21T23:53:26,571|[TRACE] graph - -----> statementPart
2021-11-21T23:53:26,571|[TRACE] graph - -------> nonSkippedChar
2021-11-21T23:53:26,571|[TRACE] script - #out(`R`) [token]
2021-11-21T23:53:26,571|[TRACE] graph - <------- nonSkippedChar
2021-11-21T23:53:26,571|[TRACE] graph - <----- statementPart
2021-11-21T23:53:26,571|[TRACE] graph - -----> statementPart
2021-11-21T23:53:26,571|[TRACE] graph - -------> nonSkippedChar
2021-11-21T23:53:26,571|[TRACE] script - #out(`A`) [token]
2021-11-21T23:53:26,571|[TRACE] graph - <------- nonSkippedChar
2021-11-21T23:53:26,571|[TRACE] graph - <----- statementPart
2021-11-21T23:53:26,571|[TRACE] graph - -----> statementPart
2021-11-21T23:53:26,571|[TRACE] graph - -------> nonSkippedChar
2021-11-21T23:53:26,571|[TRACE] script - #out(`I`) [token]
2021-11-21T23:53:26,571|[TRACE] graph - <------- nonSkippedChar
2021-11-21T23:53:26,571|[TRACE] graph - <----- statementPart
2021-11-21T23:53:26,571|[TRACE] graph - -----> statementPart
2021-11-21T23:53:26,571|[TRACE] graph - -------> nonSkippedChar
2021-11-21T23:53:26,571|[TRACE] script - #out(`N`) [token]
2021-11-21T23:53:26,571|[TRACE] graph - <------- nonSkippedChar
2021-11-21T23:53:26,571|[TRACE] graph - <----- statementPart
2021-11-21T23:53:26,571|[TRACE] graph - -----> statementPart
2021-11-21T23:53:26,571|[TRACE] graph - -------> nonSkippedChar
2021-11-21T23:53:26,571|[TRACE] script - #out(`T`) [token]
2021-11-21T23:53:26,571|[TRACE] graph - <------- nonSkippedChar
2021-11-21T23:53:26,571|[TRACE] graph - <----- statementPart
2021-11-21T23:53:26,571|[TRACE] graph - -----> statementPart
2021-11-21T23:53:26,571|[TRACE] graph - -------> nonSkippedSpace
2021-11-21T23:53:26,571|[TRACE] script - #out(` `) [token]
2021-11-21T23:53:26,571|[TRACE] graph - <------- nonSkippedSpace
2021-11-21T23:53:26,571|[TRACE] graph - <----- statementPart
2021-11-21T23:53:26,571|[TRACE] graph - -----> statementPart
2021-11-21T23:53:26,571|[TRACE] graph - -------> quotedString
2021-11-21T23:53:26,571|[TRACE] script - #out(``fk_contact_address1``) [token]
2021-11-21T23:53:26,571|[TRACE] graph - <------- quotedString
2021-11-21T23:53:26,571|[TRACE] graph - <----- statementPart
2021-11-21T23:53:26,571|[TRACE] graph - -----> afterStatementPartNewline
2021-11-21T23:53:26,571|[TRACE] script - #out(` `) [text]
2021-11-21T23:53:26,571|[TRACE] graph - <----- afterStatementPartNewline
2021-11-21T23:53:26,571|[TRACE] graph - -----> statementPart
2021-11-21T23:53:26,571|[TRACE] graph - -------> nonSkippedSpace
2021-11-21T23:53:26,571|[TRACE] script - #out(` `) [token]
2021-11-21T23:53:26,571|[TRACE] graph - <------- nonSkippedSpace
2021-11-21T23:53:26,571|[TRACE] graph - <----- statementPart
2021-11-21T23:53:26,571|[TRACE] graph - -----> statementPart
2021-11-21T23:53:26,571|[TRACE] graph - -------> nonSkippedSpace
2021-11-21T23:53:26,571|[TRACE] script - #out(` `) [token]
2021-11-21T23:53:26,571|[TRACE] graph - <------- nonSkippedSpace
2021-11-21T23:53:26,571|[TRACE] graph - <----- statementPart
2021-11-21T23:53:26,571|[TRACE] graph - -----> statementPart
2021-11-21T23:53:26,571|[TRACE] graph - -------> nonSkippedSpace
2021-11-21T23:53:26,571|[TRACE] script - #out(` `) [token]
2021-11-21T23:53:26,571|[TRACE] graph - <------- nonSkippedSpace
2021-11-21T23:53:26,571|[TRACE] graph - <----- statementPart
2021-11-21T23:53:26,571|[TRACE] graph - -----> statementPart
2021-11-21T23:53:26,571|[TRACE] graph - -------> nonSkippedSpace
2021-11-21T23:53:26,571|[TRACE] script - #out(` `) [token]
2021-11-21T23:53:26,571|[TRACE] graph - <------- nonSkippedSpace
2021-11-21T23:53:26,571|[TRACE] graph - <----- statementPart
2021-11-21T23:53:26,571|[TRACE] graph - -----> statementPart
2021-11-21T23:53:26,571|[TRACE] graph - -------> nonSkippedChar
2021-11-21T23:53:26,571|[TRACE] script - #out(`F`) [token]
2021-11-21T23:53:26,571|[TRACE] graph - <------- nonSkippedChar
2021-11-21T23:53:26,571|[TRACE] graph - <----- statementPart
2021-11-21T23:53:26,571|[TRACE] graph - -----> statementPart
2021-11-21T23:53:26,571|[TRACE] graph - -------> nonSkippedChar
2021-11-21T23:53:26,571|[TRACE] script - #out(`O`) [token]
2021-11-21T23:53:26,571|[TRACE] graph - <------- nonSkippedChar
2021-11-21T23:53:26,571|[TRACE] graph - <----- statementPart
2021-11-21T23:53:26,571|[TRACE] graph - -----> statementPart
2021-11-21T23:53:26,571|[TRACE] graph - -------> nonSkippedChar
2021-11-21T23:53:26,571|[TRACE] script - #out(`R`) [token]
2021-11-21T23:53:26,571|[TRACE] graph - <------- nonSkippedChar
2021-11-21T23:53:26,571|[TRACE] graph - <----- statementPart
2021-11-21T23:53:26,571|[TRACE] graph - -----> statementPart
2021-11-21T23:53:26,571|[TRACE] graph - -------> nonSkippedChar
2021-11-21T23:53:26,571|[TRACE] script - #out(`E`) [token]
2021-11-21T23:53:26,571|[TRACE] graph - <------- nonSkippedChar
2021-11-21T23:53:26,571|[TRACE] graph - <----- statementPart
2021-11-21T23:53:26,571|[TRACE] graph - -----> statementPart
2021-11-21T23:53:26,571|[TRACE] graph - -------> nonSkippedChar
2021-11-21T23:53:26,571|[TRACE] script - #out(`I`) [token]
2021-11-21T23:53:26,571|[TRACE] graph - <------- nonSkippedChar
2021-11-21T23:53:26,571|[TRACE] graph - <----- statementPart
2021-11-21T23:53:26,571|[TRACE] graph - -----> statementPart
2021-11-21T23:53:26,571|[TRACE] graph - -------> nonSkippedChar
2021-11-21T23:53:26,571|[TRACE] script - #out(`G`) [token]
2021-11-21T23:53:26,571|[TRACE] graph - <------- nonSkippedChar
2021-11-21T23:53:26,571|[TRACE] graph - <----- statementPart
2021-11-21T23:53:26,571|[TRACE] graph - -----> statementPart
2021-11-21T23:53:26,571|[TRACE] graph - -------> nonSkippedChar
2021-11-21T23:53:26,571|[TRACE] script - #out(`N`) [token]
2021-11-21T23:53:26,571|[TRACE] graph - <------- nonSkippedChar
2021-11-21T23:53:26,571|[TRACE] graph - <----- statementPart
2021-11-21T23:53:26,571|[TRACE] graph - -----> statementPart
2021-11-21T23:53:26,571|[TRACE] graph - -------> nonSkippedSpace
2021-11-21T23:53:26,571|[TRACE] script - #out(` `) [token]
2021-11-21T23:53:26,571|[TRACE] graph - <------- nonSkippedSpace
2021-11-21T23:53:26,571|[TRACE] graph - <----- statementPart
2021-11-21T23:53:26,571|[TRACE] graph - -----> statementPart
2021-11-21T23:53:26,571|[TRACE] graph - -------> nonSkippedChar
2021-11-21T23:53:26,571|[TRACE] script - #out(`K`) [token]
2021-11-21T23:53:26,571|[TRACE] graph - <------- nonSkippedChar
2021-11-21T23:53:26,571|[TRACE] graph - <----- statementPart
2021-11-21T23:53:26,571|[TRACE] graph - -----> statementPart
2021-11-21T23:53:26,571|[TRACE] graph - -------> nonSkippedChar
2021-11-21T23:53:26,571|[TRACE] script - #out(`E`) [token]
2021-11-21T23:53:26,571|[TRACE] graph - <------- nonSkippedChar
2021-11-21T23:53:26,571|[TRACE] graph - <----- statementPart
2021-11-21T23:53:26,571|[TRACE] graph - -----> statementPart
2021-11-21T23:53:26,571|[TRACE] graph - -------> nonSkippedChar
2021-11-21T23:53:26,571|[TRACE] script - #out(`Y`) [token]
2021-11-21T23:53:26,571|[TRACE] graph - <------- nonSkippedChar
2021-11-21T23:53:26,571|[TRACE] graph - <----- statementPart
2021-11-21T23:53:26,571|[TRACE] graph - -----> statementPart
2021-11-21T23:53:26,571|[TRACE] graph - -------> nonSkippedSpace
2021-11-21T23:53:26,571|[TRACE] script - #out(` `) [token]
2021-11-21T23:53:26,571|[TRACE] graph - <------- nonSkippedSpace
2021-11-21T23:53:26,571|[TRACE] graph - <----- statementPart
2021-11-21T23:53:26,571|[TRACE] graph - -----> statementPart
2021-11-21T23:53:26,571|[TRACE] graph - -------> nonSkippedChar
2021-11-21T23:53:26,571|[TRACE] script - #out(`(`) [token]
2021-11-21T23:53:26,571|[TRACE] graph - <------- nonSkippedChar
2021-11-21T23:53:26,571|[TRACE] graph - <----- statementPart
2021-11-21T23:53:26,571|[TRACE] graph - -----> statementPart
2021-11-21T23:53:26,571|[TRACE] graph - -------> quotedString
2021-11-21T23:53:26,571|[TRACE] script - #out(``address_id``) [token]
2021-11-21T23:53:26,571|[TRACE] graph - <------- quotedString
2021-11-21T23:53:26,571|[TRACE] graph - <----- statementPart
2021-11-21T23:53:26,571|[TRACE] graph - -----> statementPart
2021-11-21T23:53:26,571|[TRACE] graph - -------> nonSkippedChar
2021-11-21T23:53:26,571|[TRACE] script - #out(`)`) [token]
2021-11-21T23:53:26,571|[TRACE] graph - <------- nonSkippedChar
2021-11-21T23:53:26,571|[TRACE] graph - <----- statementPart
2021-11-21T23:53:26,571|[TRACE] graph - -----> afterStatementPartNewline
2021-11-21T23:53:26,571|[TRACE] script - #out(` `) [text]
2021-11-21T23:53:26,571|[TRACE] graph - <----- afterStatementPartNewline
2021-11-21T23:53:26,571|[TRACE] graph - -----> statementPart
2021-11-21T23:53:26,571|[TRACE] graph - -------> nonSkippedSpace
2021-11-21T23:53:26,571|[TRACE] script - #out(` `) [token]
2021-11-21T23:53:26,571|[TRACE] graph - <------- nonSkippedSpace
2021-11-21T23:53:26,571|[TRACE] graph - <----- statementPart
2021-11-21T23:53:26,571|[TRACE] graph - -----> statementPart
2021-11-21T23:53:26,571|[TRACE] graph - -------> nonSkippedSpace
2021-11-21T23:53:26,571|[TRACE] script - #out(` `) [token]
2021-11-21T23:53:26,571|[TRACE] graph - <------- nonSkippedSpace
2021-11-21T23:53:26,571|[TRACE] graph - <----- statementPart
2021-11-21T23:53:26,571|[TRACE] graph - -----> statementPart
2021-11-21T23:53:26,571|[TRACE] graph - -------> nonSkippedSpace
2021-11-21T23:53:26,571|[TRACE] script - #out(` `) [token]
2021-11-21T23:53:26,571|[TRACE] graph - <------- nonSkippedSpace
2021-11-21T23:53:26,571|[TRACE] graph - <----- statementPart
2021-11-21T23:53:26,571|[TRACE] graph - -----> statementPart
2021-11-21T23:53:26,571|[TRACE] graph - -------> nonSkippedSpace
2021-11-21T23:53:26,571|[TRACE] script - #out(` `) [token]
2021-11-21T23:53:26,571|[TRACE] graph - <------- nonSkippedSpace
2021-11-21T23:53:26,571|[TRACE] graph - <----- statementPart
2021-11-21T23:53:26,571|[TRACE] graph - -----> statementPart
2021-11-21T23:53:26,571|[TRACE] graph - -------> nonSkippedChar
2021-11-21T23:53:26,571|[TRACE] script - #out(`R`) [token]
2021-11-21T23:53:26,571|[TRACE] graph - <------- nonSkippedChar
2021-11-21T23:53:26,571|[TRACE] graph - <----- statementPart
2021-11-21T23:53:26,571|[TRACE] graph - -----> statementPart
2021-11-21T23:53:26,571|[TRACE] graph - -------> nonSkippedChar
2021-11-21T23:53:26,571|[TRACE] script - #out(`E`) [token]
2021-11-21T23:53:26,571|[TRACE] graph - <------- nonSkippedChar
2021-11-21T23:53:26,571|[TRACE] graph - <----- statementPart
2021-11-21T23:53:26,571|[TRACE] graph - -----> statementPart
2021-11-21T23:53:26,571|[TRACE] graph - -------> nonSkippedChar
2021-11-21T23:53:26,571|[TRACE] script - #out(`F`) [token]
2021-11-21T23:53:26,571|[TRACE] graph - <------- nonSkippedChar
2021-11-21T23:53:26,571|[TRACE] graph - <----- statementPart
2021-11-21T23:53:26,571|[TRACE] graph - -----> statementPart
2021-11-21T23:53:26,571|[TRACE] graph - -------> nonSkippedChar
2021-11-21T23:53:26,571|[TRACE] script - #out(`E`) [token]
2021-11-21T23:53:26,571|[TRACE] graph - <------- nonSkippedChar
2021-11-21T23:53:26,571|[TRACE] graph - <----- statementPart
2021-11-21T23:53:26,571|[TRACE] graph - -----> statementPart
2021-11-21T23:53:26,571|[TRACE] graph - -------> nonSkippedChar
2021-11-21T23:53:26,571|[TRACE] script - #out(`R`) [token]
2021-11-21T23:53:26,571|[TRACE] graph - <------- nonSkippedChar
2021-11-21T23:53:26,571|[TRACE] graph - <----- statementPart
2021-11-21T23:53:26,571|[TRACE] graph - -----> statementPart
2021-11-21T23:53:26,571|[TRACE] graph - -------> nonSkippedChar
2021-11-21T23:53:26,571|[TRACE] script - #out(`E`) [token]
2021-11-21T23:53:26,571|[TRACE] graph - <------- nonSkippedChar
2021-11-21T23:53:26,571|[TRACE] graph - <----- statementPart
2021-11-21T23:53:26,571|[TRACE] graph - -----> statementPart
2021-11-21T23:53:26,571|[TRACE] graph - -------> nonSkippedChar
2021-11-21T23:53:26,571|[TRACE] script - #out(`N`) [token]
2021-11-21T23:53:26,571|[TRACE] graph - <------- nonSkippedChar
2021-11-21T23:53:26,571|[TRACE] graph - <----- statementPart
2021-11-21T23:53:26,571|[TRACE] graph - -----> statementPart
2021-11-21T23:53:26,571|[TRACE] graph - -------> nonSkippedChar
2021-11-21T23:53:26,571|[TRACE] script - #out(`C`) [token]
2021-11-21T23:53:26,571|[TRACE] graph - <------- nonSkippedChar
2021-11-21T23:53:26,571|[TRACE] graph - <----- statementPart
2021-11-21T23:53:26,571|[TRACE] graph - -----> statementPart
2021-11-21T23:53:26,571|[TRACE] graph - -------> nonSkippedChar
2021-11-21T23:53:26,571|[TRACE] script - #out(`E`) [token]
2021-11-21T23:53:26,571|[TRACE] graph - <------- nonSkippedChar
2021-11-21T23:53:26,571|[TRACE] graph - <----- statementPart
2021-11-21T23:53:26,571|[TRACE] graph - -----> statementPart
2021-11-21T23:53:26,571|[TRACE] graph - -------> nonSkippedChar
2021-11-21T23:53:26,571|[TRACE] script - #out(`S`) [token]
2021-11-21T23:53:26,571|[TRACE] graph - <------- nonSkippedChar
2021-11-21T23:53:26,571|[TRACE] graph - <----- statementPart
2021-11-21T23:53:26,571|[TRACE] graph - -----> statementPart
2021-11-21T23:53:26,571|[TRACE] graph - -------> nonSkippedSpace
2021-11-21T23:53:26,571|[TRACE] script - #out(` `) [token]
2021-11-21T23:53:26,571|[TRACE] graph - <------- nonSkippedSpace
2021-11-21T23:53:26,571|[TRACE] graph - <----- statementPart
2021-11-21T23:53:26,571|[TRACE] graph - -----> statementPart
2021-11-21T23:53:26,571|[TRACE] graph - -------> quotedString
2021-11-21T23:53:26,571|[TRACE] script - #out(``bloodbank``) [token]
2021-11-21T23:53:26,571|[TRACE] graph - <------- quotedString
2021-11-21T23:53:26,571|[TRACE] graph - <----- statementPart
2021-11-21T23:53:26,571|[TRACE] graph - -----> statementPart
2021-11-21T23:53:26,571|[TRACE] graph - -------> nonSkippedChar
2021-11-21T23:53:26,571|[TRACE] script - #out(`.`) [token]
2021-11-21T23:53:26,571|[TRACE] graph - <------- nonSkippedChar
2021-11-21T23:53:26,571|[TRACE] graph - <----- statementPart
2021-11-21T23:53:26,571|[TRACE] graph - -----> statementPart
2021-11-21T23:53:26,571|[TRACE] graph - -------> quotedString
2021-11-21T23:53:26,571|[TRACE] script - #out(``address``) [token]
2021-11-21T23:53:26,571|[TRACE] graph - <------- quotedString
2021-11-21T23:53:26,571|[TRACE] graph - <----- statementPart
2021-11-21T23:53:26,571|[TRACE] graph - -----> statementPart
2021-11-21T23:53:26,572|[TRACE] graph - -------> nonSkippedSpace
2021-11-21T23:53:26,572|[TRACE] script - #out(` `) [token]
2021-11-21T23:53:26,572|[TRACE] graph - <------- nonSkippedSpace
2021-11-21T23:53:26,572|[TRACE] graph - <----- statementPart
2021-11-21T23:53:26,612|[TRACE] graph - -----> statementPart
2021-11-21T23:53:26,612|[TRACE] graph - -------> nonSkippedChar
2021-11-21T23:53:26,612|[TRACE] script - #out(`(`) [token]
2021-11-21T23:53:26,612|[TRACE] graph - <------- nonSkippedChar
2021-11-21T23:53:26,612|[TRACE] graph - <----- statementPart
2021-11-21T23:53:26,612|[TRACE] graph - -----> statementPart
2021-11-21T23:53:26,612|[TRACE] graph - -------> quotedString
2021-11-21T23:53:26,612|[TRACE] script - #out(``address_id``) [token]
2021-11-21T23:53:26,612|[TRACE] graph - <------- quotedString
2021-11-21T23:53:26,612|[TRACE] graph - <----- statementPart
2021-11-21T23:53:26,612|[TRACE] graph - -----> statementPart
2021-11-21T23:53:26,612|[TRACE] graph - -------> nonSkippedChar
2021-11-21T23:53:26,612|[TRACE] script - #out(`)`) [token]
2021-11-21T23:53:26,612|[TRACE] graph - <------- nonSkippedChar
2021-11-21T23:53:26,612|[TRACE] graph - <----- statementPart
2021-11-21T23:53:26,612|[TRACE] graph - -----> afterStatementPartNewline
2021-11-21T23:53:26,612|[TRACE] script - #out(` `) [text]
2021-11-21T23:53:26,612|[TRACE] graph - <----- afterStatementPartNewline
2021-11-21T23:53:26,612|[TRACE] graph - -----> statementPart
2021-11-21T23:53:26,612|[TRACE] graph - -------> nonSkippedSpace
2021-11-21T23:53:26,612|[TRACE] script - #out(` `) [token]
2021-11-21T23:53:26,612|[TRACE] graph - <------- nonSkippedSpace
2021-11-21T23:53:26,612|[TRACE] graph - <----- statementPart
2021-11-21T23:53:26,612|[TRACE] graph - -----> statementPart
2021-11-21T23:53:26,612|[TRACE] graph - -------> nonSkippedSpace
2021-11-21T23:53:26,612|[TRACE] script - #out(` `) [token]
2021-11-21T23:53:26,612|[TRACE] graph - <------- nonSkippedSpace
2021-11-21T23:53:26,612|[TRACE] graph - <----- statementPart
2021-11-21T23:53:26,612|[TRACE] graph - -----> statementPart
2021-11-21T23:53:26,612|[TRACE] graph - -------> nonSkippedSpace
2021-11-21T23:53:26,612|[TRACE] script - #out(` `) [token]
2021-11-21T23:53:26,612|[TRACE] graph - <------- nonSkippedSpace
2021-11-21T23:53:26,612|[TRACE] graph - <----- statementPart
2021-11-21T23:53:26,612|[TRACE] graph - -----> statementPart
2021-11-21T23:53:26,612|[TRACE] graph - -------> nonSkippedSpace
2021-11-21T23:53:26,612|[TRACE] script - #out(` `) [token]
2021-11-21T23:53:26,612|[TRACE] graph - <------- nonSkippedSpace
2021-11-21T23:53:26,612|[TRACE] graph - <----- statementPart
2021-11-21T23:53:26,612|[TRACE] graph - -----> statementPart
2021-11-21T23:53:26,612|[TRACE] graph - -------> nonSkippedChar
2021-11-21T23:53:26,612|[TRACE] script - #out(`O`) [token]
2021-11-21T23:53:26,612|[TRACE] graph - <------- nonSkippedChar
2021-11-21T23:53:26,612|[TRACE] graph - <----- statementPart
2021-11-21T23:53:26,612|[TRACE] graph - -----> statementPart
2021-11-21T23:53:26,612|[TRACE] graph - -------> nonSkippedChar
2021-11-21T23:53:26,612|[TRACE] script - #out(`N`) [token]
2021-11-21T23:53:26,612|[TRACE] graph - <------- nonSkippedChar
2021-11-21T23:53:26,612|[TRACE] graph - <----- statementPart
2021-11-21T23:53:26,612|[TRACE] graph - -----> statementPart
2021-11-21T23:53:26,612|[TRACE] graph - -------> nonSkippedSpace
2021-11-21T23:53:26,612|[TRACE] script - #out(` `) [token]
2021-11-21T23:53:26,612|[TRACE] graph - <------- nonSkippedSpace
2021-11-21T23:53:26,612|[TRACE] graph - <----- statementPart
2021-11-21T23:53:26,612|[TRACE] graph - -----> statementPart
2021-11-21T23:53:26,612|[TRACE] graph - -------> nonSkippedChar
2021-11-21T23:53:26,612|[TRACE] script - #out(`D`) [token]
2021-11-21T23:53:26,612|[TRACE] graph - <------- nonSkippedChar
2021-11-21T23:53:26,612|[TRACE] graph - <----- statementPart
2021-11-21T23:53:26,612|[TRACE] graph - -----> statementPart
2021-11-21T23:53:26,612|[TRACE] graph - -------> nonSkippedChar
2021-11-21T23:53:26,612|[TRACE] script - #out(`E`) [token]
2021-11-21T23:53:26,612|[TRACE] graph - <------- nonSkippedChar
2021-11-21T23:53:26,612|[TRACE] graph - <----- statementPart
2021-11-21T23:53:26,612|[TRACE] graph - -----> statementPart
2021-11-21T23:53:26,612|[TRACE] graph - -------> nonSkippedChar
2021-11-21T23:53:26,612|[TRACE] script - #out(`L`) [token]
2021-11-21T23:53:26,612|[TRACE] graph - <------- nonSkippedChar
2021-11-21T23:53:26,612|[TRACE] graph - <----- statementPart
2021-11-21T23:53:26,612|[TRACE] graph - -----> statementPart
2021-11-21T23:53:26,612|[TRACE] graph - -------> nonSkippedChar
2021-11-21T23:53:26,612|[TRACE] script - #out(`E`) [token]
2021-11-21T23:53:26,612|[TRACE] graph - <------- nonSkippedChar
2021-11-21T23:53:26,612|[TRACE] graph - <----- statementPart
2021-11-21T23:53:26,612|[TRACE] graph - -----> statementPart
2021-11-21T23:53:26,612|[TRACE] graph - -------> nonSkippedChar
2021-11-21T23:53:26,612|[TRACE] script - #out(`T`) [token]
2021-11-21T23:53:26,612|[TRACE] graph - <------- nonSkippedChar
2021-11-21T23:53:26,612|[TRACE] graph - <----- statementPart
2021-11-21T23:53:26,612|[TRACE] graph - -----> statementPart
2021-11-21T23:53:26,612|[TRACE] graph - -------> nonSkippedChar
2021-11-21T23:53:26,612|[TRACE] script - #out(`E`) [token]
2021-11-21T23:53:26,612|[TRACE] graph - <------- nonSkippedChar
2021-11-21T23:53:26,612|[TRACE] graph - <----- statementPart
2021-11-21T23:53:26,612|[TRACE] graph - -----> statementPart
2021-11-21T23:53:26,612|[TRACE] graph - -------> nonSkippedSpace
2021-11-21T23:53:26,612|[TRACE] script - #out(` `) [token]
2021-11-21T23:53:26,612|[TRACE] graph - <------- nonSkippedSpace
2021-11-21T23:53:26,612|[TRACE] graph - <----- statementPart
2021-11-21T23:53:26,612|[TRACE] graph - -----> statementPart
2021-11-21T23:53:26,612|[TRACE] graph - -------> nonSkippedChar
2021-11-21T23:53:26,612|[TRACE] script - #out(`N`) [token]
2021-11-21T23:53:26,612|[TRACE] graph - <------- nonSkippedChar
2021-11-21T23:53:26,612|[TRACE] graph - <----- statementPart
2021-11-21T23:53:26,612|[TRACE] graph - -----> statementPart
2021-11-21T23:53:26,612|[TRACE] graph - -------> nonSkippedChar
2021-11-21T23:53:26,612|[TRACE] script - #out(`O`) [token]
2021-11-21T23:53:26,612|[TRACE] graph - <------- nonSkippedChar
2021-11-21T23:53:26,612|[TRACE] graph - <----- statementPart
2021-11-21T23:53:26,612|[TRACE] graph - -----> statementPart
2021-11-21T23:53:26,612|[TRACE] graph - -------> nonSkippedSpace
2021-11-21T23:53:26,612|[TRACE] script - #out(` `) [token]
2021-11-21T23:53:26,612|[TRACE] graph - <------- nonSkippedSpace
2021-11-21T23:53:26,612|[TRACE] graph - <----- statementPart
2021-11-21T23:53:26,612|[TRACE] graph - -----> statementPart
2021-11-21T23:53:26,612|[TRACE] graph - -------> nonSkippedChar
2021-11-21T23:53:26,612|[TRACE] script - #out(`A`) [token]
2021-11-21T23:53:26,612|[TRACE] graph - <------- nonSkippedChar
2021-11-21T23:53:26,612|[TRACE] graph - <----- statementPart
2021-11-21T23:53:26,612|[TRACE] graph - -----> statementPart
2021-11-21T23:53:26,612|[TRACE] graph - -------> nonSkippedChar
2021-11-21T23:53:26,612|[TRACE] script - #out(`C`) [token]
2021-11-21T23:53:26,612|[TRACE] graph - <------- nonSkippedChar
2021-11-21T23:53:26,612|[TRACE] graph - <----- statementPart
2021-11-21T23:53:26,612|[TRACE] graph - -----> statementPart
2021-11-21T23:53:26,612|[TRACE] graph - -------> nonSkippedChar
2021-11-21T23:53:26,612|[TRACE] script - #out(`T`) [token]
2021-11-21T23:53:26,612|[TRACE] graph - <------- nonSkippedChar
2021-11-21T23:53:26,612|[TRACE] graph - <----- statementPart
2021-11-21T23:53:26,612|[TRACE] graph - -----> statementPart
2021-11-21T23:53:26,612|[TRACE] graph - -------> nonSkippedChar
2021-11-21T23:53:26,612|[TRACE] script - #out(`I`) [token]
2021-11-21T23:53:26,612|[TRACE] graph - <------- nonSkippedChar
2021-11-21T23:53:26,612|[TRACE] graph - <----- statementPart
2021-11-21T23:53:26,612|[TRACE] graph - -----> statementPart
2021-11-21T23:53:26,612|[TRACE] graph - -------> nonSkippedChar
2021-11-21T23:53:26,612|[TRACE] script - #out(`O`) [token]
2021-11-21T23:53:26,612|[TRACE] graph - <------- nonSkippedChar
2021-11-21T23:53:26,612|[TRACE] graph - <----- statementPart
2021-11-21T23:53:26,612|[TRACE] graph - -----> statementPart
2021-11-21T23:53:26,612|[TRACE] graph - -------> nonSkippedChar
2021-11-21T23:53:26,612|[TRACE] script - #out(`N`) [token]
2021-11-21T23:53:26,612|[TRACE] graph - <------- nonSkippedChar
2021-11-21T23:53:26,612|[TRACE] graph - <----- statementPart
2021-11-21T23:53:26,612|[TRACE] graph - -----> afterStatementPartNewline
2021-11-21T23:53:26,612|[TRACE] script - #out(` `) [text]
2021-11-21T23:53:26,612|[TRACE] graph - <----- afterStatementPartNewline
2021-11-21T23:53:26,612|[TRACE] graph - -----> statementPart
2021-11-21T23:53:26,612|[TRACE] graph - -------> nonSkippedSpace
2021-11-21T23:53:26,612|[TRACE] script - #out(` `) [token]
2021-11-21T23:53:26,612|[TRACE] graph - <------- nonSkippedSpace
2021-11-21T23:53:26,612|[TRACE] graph - <----- statementPart
2021-11-21T23:53:26,612|[TRACE] graph - -----> statementPart
2021-11-21T23:53:26,612|[TRACE] graph - -------> nonSkippedSpace
2021-11-21T23:53:26,612|[TRACE] script - #out(` `) [token]
2021-11-21T23:53:26,612|[TRACE] graph - <------- nonSkippedSpace
2021-11-21T23:53:26,612|[TRACE] graph - <----- statementPart
2021-11-21T23:53:26,612|[TRACE] graph - -----> statementPart
2021-11-21T23:53:26,612|[TRACE] graph - -------> nonSkippedSpace
2021-11-21T23:53:26,612|[TRACE] script - #out(` `) [token]
2021-11-21T23:53:26,612|[TRACE] graph - <------- nonSkippedSpace
2021-11-21T23:53:26,612|[TRACE] graph - <----- statementPart
2021-11-21T23:53:26,612|[TRACE] graph - -----> statementPart
2021-11-21T23:53:26,612|[TRACE] graph - -------> nonSkippedSpace
2021-11-21T23:53:26,612|[TRACE] script - #out(` `) [token]
2021-11-21T23:53:26,612|[TRACE] graph - <------- nonSkippedSpace
2021-11-21T23:53:26,612|[TRACE] graph - <----- statementPart
2021-11-21T23:53:26,612|[TRACE] graph - -----> statementPart
2021-11-21T23:53:26,612|[TRACE] graph - -------> nonSkippedChar
2021-11-21T23:53:26,612|[TRACE] script - #out(`O`) [token]
2021-11-21T23:53:26,612|[TRACE] graph - <------- nonSkippedChar
2021-11-21T23:53:26,612|[TRACE] graph - <----- statementPart
2021-11-21T23:53:26,612|[TRACE] graph - -----> statementPart
2021-11-21T23:53:26,612|[TRACE] graph - -------> nonSkippedChar
2021-11-21T23:53:26,612|[TRACE] script - #out(`N`) [token]
2021-11-21T23:53:26,612|[TRACE] graph - <------- nonSkippedChar
2021-11-21T23:53:26,612|[TRACE] graph - <----- statementPart
2021-11-21T23:53:26,612|[TRACE] graph - -----> statementPart
2021-11-21T23:53:26,612|[TRACE] graph - -------> nonSkippedSpace
2021-11-21T23:53:26,612|[TRACE] script - #out(` `) [token]
2021-11-21T23:53:26,612|[TRACE] graph - <------- nonSkippedSpace
2021-11-21T23:53:26,612|[TRACE] graph - <----- statementPart
2021-11-21T23:53:26,612|[TRACE] graph - -----> statementPart
2021-11-21T23:53:26,612|[TRACE] graph - -------> nonSkippedChar
2021-11-21T23:53:26,612|[TRACE] script - #out(`U`) [token]
2021-11-21T23:53:26,612|[TRACE] graph - <------- nonSkippedChar
2021-11-21T23:53:26,612|[TRACE] graph - <----- statementPart
2021-11-21T23:53:26,612|[TRACE] graph - -----> statementPart
2021-11-21T23:53:26,612|[TRACE] graph - -------> nonSkippedChar
2021-11-21T23:53:26,612|[TRACE] script - #out(`P`) [token]
2021-11-21T23:53:26,613|[TRACE] graph - <------- nonSkippedChar
2021-11-21T23:53:26,613|[TRACE] graph - <----- statementPart
2021-11-21T23:53:26,613|[TRACE] graph - -----> statementPart
2021-11-21T23:53:26,613|[TRACE] graph - -------> nonSkippedChar
2021-11-21T23:53:26,613|[TRACE] script - #out(`D`) [token]
2021-11-21T23:53:26,613|[TRACE] graph - <------- nonSkippedChar
2021-11-21T23:53:26,613|[TRACE] graph - <----- statementPart
2021-11-21T23:53:26,613|[TRACE] graph - -----> statementPart
2021-11-21T23:53:26,613|[TRACE] graph - -------> nonSkippedChar
2021-11-21T23:53:26,613|[TRACE] script - #out(`A`) [token]
2021-11-21T23:53:26,613|[TRACE] graph - <------- nonSkippedChar
2021-11-21T23:53:26,613|[TRACE] graph - <----- statementPart
2021-11-21T23:53:26,613|[TRACE] graph - -----> statementPart
2021-11-21T23:53:26,613|[TRACE] graph - -------> nonSkippedChar
2021-11-21T23:53:26,613|[TRACE] script - #out(`T`) [token]
2021-11-21T23:53:26,613|[TRACE] graph - <------- nonSkippedChar
2021-11-21T23:53:26,613|[TRACE] graph - <----- statementPart
2021-11-21T23:53:26,613|[TRACE] graph - -----> statementPart
2021-11-21T23:53:26,613|[TRACE] graph - -------> nonSkippedChar
2021-11-21T23:53:26,613|[TRACE] script - #out(`E`) [token]
2021-11-21T23:53:26,613|[TRACE] graph - <------- nonSkippedChar
2021-11-21T23:53:26,613|[TRACE] graph - <----- statementPart
2021-11-21T23:53:26,613|[TRACE] graph - -----> statementPart
2021-11-21T23:53:26,613|[TRACE] graph - -------> nonSkippedSpace
2021-11-21T23:53:26,613|[TRACE] script - #out(` `) [token]
2021-11-21T23:53:26,613|[TRACE] graph - <------- nonSkippedSpace
2021-11-21T23:53:26,613|[TRACE] graph - <----- statementPart
2021-11-21T23:53:26,613|[TRACE] graph - -----> statementPart
2021-11-21T23:53:26,613|[TRACE] graph - -------> nonSkippedChar
2021-11-21T23:53:26,613|[TRACE] script - #out(`N`) [token]
2021-11-21T23:53:26,613|[TRACE] graph - <------- nonSkippedChar
2021-11-21T23:53:26,613|[TRACE] graph - <----- statementPart
2021-11-21T23:53:26,613|[TRACE] graph - -----> statementPart
2021-11-21T23:53:26,613|[TRACE] graph - -------> nonSkippedChar
2021-11-21T23:53:26,613|[TRACE] script - #out(`O`) [token]
2021-11-21T23:53:26,613|[TRACE] graph - <------- nonSkippedChar
2021-11-21T23:53:26,613|[TRACE] graph - <----- statementPart
2021-11-21T23:53:26,613|[TRACE] graph - -----> statementPart
2021-11-21T23:53:26,613|[TRACE] graph - -------> nonSkippedSpace
2021-11-21T23:53:26,613|[TRACE] script - #out(` `) [token]
2021-11-21T23:53:26,613|[TRACE] graph - <------- nonSkippedSpace
2021-11-21T23:53:26,613|[TRACE] graph - <----- statementPart
2021-11-21T23:53:26,613|[TRACE] graph - -----> statementPart
2021-11-21T23:53:26,613|[TRACE] graph - -------> nonSkippedChar
2021-11-21T23:53:26,613|[TRACE] script - #out(`A`) [token]
2021-11-21T23:53:26,613|[TRACE] graph - <------- nonSkippedChar
2021-11-21T23:53:26,613|[TRACE] graph - <----- statementPart
2021-11-21T23:53:26,613|[TRACE] graph - -----> statementPart
2021-11-21T23:53:26,613|[TRACE] graph - -------> nonSkippedChar
2021-11-21T23:53:26,613|[TRACE] script - #out(`C`) [token]
2021-11-21T23:53:26,613|[TRACE] graph - <------- nonSkippedChar
2021-11-21T23:53:26,613|[TRACE] graph - <----- statementPart
2021-11-21T23:53:26,613|[TRACE] graph - -----> statementPart
2021-11-21T23:53:26,613|[TRACE] graph - -------> nonSkippedChar
2021-11-21T23:53:26,613|[TRACE] script - #out(`T`) [token]
2021-11-21T23:53:26,613|[TRACE] graph - <------- nonSkippedChar
2021-11-21T23:53:26,613|[TRACE] graph - <----- statementPart
2021-11-21T23:53:26,613|[TRACE] graph - -----> statementPart
2021-11-21T23:53:26,613|[TRACE] graph - -------> nonSkippedChar
2021-11-21T23:53:26,613|[TRACE] script - #out(`I`) [token]
2021-11-21T23:53:26,613|[TRACE] graph - <------- nonSkippedChar
2021-11-21T23:53:26,613|[TRACE] graph - <----- statementPart
2021-11-21T23:53:26,613|[TRACE] graph - -----> statementPart
2021-11-21T23:53:26,613|[TRACE] graph - -------> nonSkippedChar
2021-11-21T23:53:26,613|[TRACE] script - #out(`O`) [token]
2021-11-21T23:53:26,613|[TRACE] graph - <------- nonSkippedChar
2021-11-21T23:53:26,613|[TRACE] graph - <----- statementPart
2021-11-21T23:53:26,613|[TRACE] graph - -----> statementPart
2021-11-21T23:53:26,613|[TRACE] graph - -------> nonSkippedChar
2021-11-21T23:53:26,613|[TRACE] script - #out(`N`) [token]
2021-11-21T23:53:26,613|[TRACE] graph - <------- nonSkippedChar
2021-11-21T23:53:26,613|[TRACE] graph - <----- statementPart
2021-11-21T23:53:26,613|[TRACE] graph - -----> statementPart
2021-11-21T23:53:26,613|[TRACE] graph - -------> nonSkippedChar
2021-11-21T23:53:26,613|[TRACE] script - #out(`,`) [token]
2021-11-21T23:53:26,613|[TRACE] graph - <------- nonSkippedChar
2021-11-21T23:53:26,613|[TRACE] graph - <----- statementPart
2021-11-21T23:53:26,613|[TRACE] graph - -----> afterStatementPartNewline
2021-11-21T23:53:26,613|[TRACE] script - #out(` `) [text]
2021-11-21T23:53:26,613|[TRACE] graph - <----- afterStatementPartNewline
2021-11-21T23:53:26,613|[TRACE] graph - -----> statementPart
2021-11-21T23:53:26,613|[TRACE] graph - -------> nonSkippedSpace
2021-11-21T23:53:26,613|[TRACE] script - #out(` `) [token]
2021-11-21T23:53:26,613|[TRACE] graph - <------- nonSkippedSpace
2021-11-21T23:53:26,613|[TRACE] graph - <----- statementPart
2021-11-21T23:53:26,613|[TRACE] graph - -----> statementPart
2021-11-21T23:53:26,613|[TRACE] graph - -------> nonSkippedSpace
2021-11-21T23:53:26,613|[TRACE] script - #out(` `) [token]
2021-11-21T23:53:26,613|[TRACE] graph - <------- nonSkippedSpace
2021-11-21T23:53:26,613|[TRACE] graph - <----- statementPart
2021-11-21T23:53:26,613|[TRACE] graph - -----> statementPart
2021-11-21T23:53:26,613|[TRACE] graph - -------> nonSkippedChar
2021-11-21T23:53:26,613|[TRACE] script - #out(`C`) [token]
2021-11-21T23:53:26,613|[TRACE] graph - <------- nonSkippedChar
2021-11-21T23:53:26,613|[TRACE] graph - <----- statementPart
2021-11-21T23:53:26,613|[TRACE] graph - -----> statementPart
2021-11-21T23:53:26,613|[TRACE] graph - -------> nonSkippedChar
2021-11-21T23:53:26,613|[TRACE] script - #out(`O`) [token]
2021-11-21T23:53:26,613|[TRACE] graph - <------- nonSkippedChar
2021-11-21T23:53:26,613|[TRACE] graph - <----- statementPart
2021-11-21T23:53:26,613|[TRACE] graph - -----> statementPart
2021-11-21T23:53:26,613|[TRACE] graph - -------> nonSkippedChar
2021-11-21T23:53:26,613|[TRACE] script - #out(`N`) [token]
2021-11-21T23:53:26,613|[TRACE] graph - <------- nonSkippedChar
2021-11-21T23:53:26,613|[TRACE] graph - <----- statementPart
2021-11-21T23:53:26,613|[TRACE] graph - -----> statementPart
2021-11-21T23:53:26,613|[TRACE] graph - -------> nonSkippedChar
2021-11-21T23:53:26,613|[TRACE] script - #out(`S`) [token]
2021-11-21T23:53:26,613|[TRACE] graph - <------- nonSkippedChar
2021-11-21T23:53:26,613|[TRACE] graph - <----- statementPart
2021-11-21T23:53:26,613|[TRACE] graph - -----> statementPart
2021-11-21T23:53:26,613|[TRACE] graph - -------> nonSkippedChar
2021-11-21T23:53:26,613|[TRACE] script - #out(`T`) [token]
2021-11-21T23:53:26,613|[TRACE] graph - <------- nonSkippedChar
2021-11-21T23:53:26,613|[TRACE] graph - <----- statementPart
2021-11-21T23:53:26,613|[TRACE] graph - -----> statementPart
2021-11-21T23:53:26,613|[TRACE] graph - -------> nonSkippedChar
2021-11-21T23:53:26,613|[TRACE] script - #out(`R`) [token]
2021-11-21T23:53:26,613|[TRACE] graph - <------- nonSkippedChar
2021-11-21T23:53:26,613|[TRACE] graph - <----- statementPart
2021-11-21T23:53:26,613|[TRACE] graph - -----> statementPart
2021-11-21T23:53:26,613|[TRACE] graph - -------> nonSkippedChar
2021-11-21T23:53:26,613|[TRACE] script - #out(`A`) [token]
2021-11-21T23:53:26,613|[TRACE] graph - <------- nonSkippedChar
2021-11-21T23:53:26,613|[TRACE] graph - <----- statementPart
2021-11-21T23:53:26,613|[TRACE] graph - -----> statementPart
2021-11-21T23:53:26,613|[TRACE] graph - -------> nonSkippedChar
2021-11-21T23:53:26,613|[TRACE] script - #out(`I`) [token]
2021-11-21T23:53:26,613|[TRACE] graph - <------- nonSkippedChar
2021-11-21T23:53:26,613|[TRACE] graph - <----- statementPart
2021-11-21T23:53:26,613|[TRACE] graph - -----> statementPart
2021-11-21T23:53:26,613|[TRACE] graph - -------> nonSkippedChar
2021-11-21T23:53:26,613|[TRACE] script - #out(`N`) [token]
2021-11-21T23:53:26,613|[TRACE] graph - <------- nonSkippedChar
2021-11-21T23:53:26,613|[TRACE] graph - <----- statementPart
2021-11-21T23:53:26,613|[TRACE] graph - -----> statementPart
2021-11-21T23:53:26,613|[TRACE] graph - -------> nonSkippedChar
2021-11-21T23:53:26,613|[TRACE] script - #out(`T`) [token]
2021-11-21T23:53:26,613|[TRACE] graph - <------- nonSkippedChar
2021-11-21T23:53:26,613|[TRACE] graph - <----- statementPart
2021-11-21T23:53:26,613|[TRACE] graph - -----> statementPart
2021-11-21T23:53:26,613|[TRACE] graph - -------> nonSkippedSpace
2021-11-21T23:53:26,613|[TRACE] script - #out(` `) [token]
2021-11-21T23:53:26,613|[TRACE] graph - <------- nonSkippedSpace
2021-11-21T23:53:26,613|[TRACE] graph - <----- statementPart
2021-11-21T23:53:26,613|[TRACE] graph - -----> statementPart
2021-11-21T23:53:26,613|[TRACE] graph - -------> quotedString
2021-11-21T23:53:26,613|[TRACE] script - #out(``fk_contact_phone1``) [token]
2021-11-21T23:53:26,613|[TRACE] graph - <------- quotedString
2021-11-21T23:53:26,613|[TRACE] graph - <----- statementPart
2021-11-21T23:53:26,613|[TRACE] graph - -----> afterStatementPartNewline
2021-11-21T23:53:26,613|[TRACE] script - #out(` `) [text]
2021-11-21T23:53:26,613|[TRACE] graph - <----- afterStatementPartNewline
2021-11-21T23:53:26,613|[TRACE] graph - -----> statementPart
2021-11-21T23:53:26,613|[TRACE] graph - -------> nonSkippedSpace
2021-11-21T23:53:26,613|[TRACE] script - #out(` `) [token]
2021-11-21T23:53:26,613|[TRACE] graph - <------- nonSkippedSpace
2021-11-21T23:53:26,613|[TRACE] graph - <----- statementPart
2021-11-21T23:53:26,613|[TRACE] graph - -----> statementPart
2021-11-21T23:53:26,613|[TRACE] graph - -------> nonSkippedSpace
2021-11-21T23:53:26,613|[TRACE] script - #out(` `) [token]
2021-11-21T23:53:26,613|[TRACE] graph - <------- nonSkippedSpace
2021-11-21T23:53:26,613|[TRACE] graph - <----- statementPart
2021-11-21T23:53:26,613|[TRACE] graph - -----> statementPart
2021-11-21T23:53:26,613|[TRACE] graph - -------> nonSkippedSpace
2021-11-21T23:53:26,613|[TRACE] script - #out(` `) [token]
2021-11-21T23:53:26,613|[TRACE] graph - <------- nonSkippedSpace
2021-11-21T23:53:26,613|[TRACE] graph - <----- statementPart
2021-11-21T23:53:26,613|[TRACE] graph - -----> statementPart
2021-11-21T23:53:26,613|[TRACE] graph - -------> nonSkippedSpace
2021-11-21T23:53:26,613|[TRACE] script - #out(` `) [token]
2021-11-21T23:53:26,613|[TRACE] graph - <------- nonSkippedSpace
2021-11-21T23:53:26,613|[TRACE] graph - <----- statementPart
2021-11-21T23:53:26,613|[TRACE] graph - -----> statementPart
2021-11-21T23:53:26,613|[TRACE] graph - -------> nonSkippedChar
2021-11-21T23:53:26,613|[TRACE] script - #out(`F`) [token]
2021-11-21T23:53:26,613|[TRACE] graph - <------- nonSkippedChar
2021-11-21T23:53:26,613|[TRACE] graph - <----- statementPart
2021-11-21T23:53:26,613|[TRACE] graph - -----> statementPart
2021-11-21T23:53:26,613|[TRACE] graph - -------> nonSkippedChar
2021-11-21T23:53:26,613|[TRACE] script - #out(`O`) [token]
2021-11-21T23:53:26,613|[TRACE] graph - <------- nonSkippedChar
2021-11-21T23:53:26,613|[TRACE] graph - <----- statementPart
2021-11-21T23:53:26,613|[TRACE] graph - -----> statementPart
2021-11-21T23:53:26,613|[TRACE] graph - -------> nonSkippedChar
2021-11-21T23:53:26,613|[TRACE] script - #out(`R`) [token]
2021-11-21T23:53:26,613|[TRACE] graph - <------- nonSkippedChar
2021-11-21T23:53:26,613|[TRACE] graph - <----- statementPart
2021-11-21T23:53:26,613|[TRACE] graph - -----> statementPart
2021-11-21T23:53:26,613|[TRACE] graph - -------> nonSkippedChar
2021-11-21T23:53:26,613|[TRACE] script - #out(`E`) [token]
2021-11-21T23:53:26,613|[TRACE] graph - <------- nonSkippedChar
2021-11-21T23:53:26,613|[TRACE] graph - <----- statementPart
2021-11-21T23:53:26,613|[TRACE] graph - -----> statementPart
2021-11-21T23:53:26,613|[TRACE] graph - -------> nonSkippedChar
2021-11-21T23:53:26,613|[TRACE] script - #out(`I`) [token]
2021-11-21T23:53:26,613|[TRACE] graph - <------- nonSkippedChar
2021-11-21T23:53:26,613|[TRACE] graph - <----- statementPart
2021-11-21T23:53:26,613|[TRACE] graph - -----> statementPart
2021-11-21T23:53:26,613|[TRACE] graph - -------> nonSkippedChar
2021-11-21T23:53:26,613|[TRACE] script - #out(`G`) [token]
2021-11-21T23:53:26,613|[TRACE] graph - <------- nonSkippedChar
2021-11-21T23:53:26,613|[TRACE] graph - <----- statementPart
2021-11-21T23:53:26,613|[TRACE] graph - -----> statementPart
2021-11-21T23:53:26,613|[TRACE] graph - -------> nonSkippedChar
2021-11-21T23:53:26,613|[TRACE] script - #out(`N`) [token]
2021-11-21T23:53:26,613|[TRACE] graph - <------- nonSkippedChar
2021-11-21T23:53:26,613|[TRACE] graph - <----- statementPart
2021-11-21T23:53:26,613|[TRACE] graph - -----> statementPart
2021-11-21T23:53:26,613|[TRACE] graph - -------> nonSkippedSpace
2021-11-21T23:53:26,613|[TRACE] script - #out(` `) [token]
2021-11-21T23:53:26,613|[TRACE] graph - <------- nonSkippedSpace
2021-11-21T23:53:26,613|[TRACE] graph - <----- statementPart
2021-11-21T23:53:26,613|[TRACE] graph - -----> statementPart
2021-11-21T23:53:26,613|[TRACE] graph - -------> nonSkippedChar
2021-11-21T23:53:26,613|[TRACE] script - #out(`K`) [token]
2021-11-21T23:53:26,613|[TRACE] graph - <------- nonSkippedChar
2021-11-21T23:53:26,613|[TRACE] graph - <----- statementPart
2021-11-21T23:53:26,613|[TRACE] graph - -----> statementPart
2021-11-21T23:53:26,613|[TRACE] graph - -------> nonSkippedChar
2021-11-21T23:53:26,613|[TRACE] script - #out(`E`) [token]
2021-11-21T23:53:26,613|[TRACE] graph - <------- nonSkippedChar
2021-11-21T23:53:26,613|[TRACE] graph - <----- statementPart
2021-11-21T23:53:26,613|[TRACE] graph - -----> statementPart
2021-11-21T23:53:26,613|[TRACE] graph - -------> nonSkippedChar
2021-11-21T23:53:26,613|[TRACE] script - #out(`Y`) [token]
2021-11-21T23:53:26,613|[TRACE] graph - <------- nonSkippedChar
2021-11-21T23:53:26,613|[TRACE] graph - <----- statementPart
2021-11-21T23:53:26,613|[TRACE] graph - -----> statementPart
2021-11-21T23:53:26,613|[TRACE] graph - -------> nonSkippedSpace
2021-11-21T23:53:26,613|[TRACE] script - #out(` `) [token]
2021-11-21T23:53:26,613|[TRACE] graph - <------- nonSkippedSpace
2021-11-21T23:53:26,613|[TRACE] graph - <----- statementPart
2021-11-21T23:53:26,613|[TRACE] graph - -----> statementPart
2021-11-21T23:53:26,613|[TRACE] graph - -------> nonSkippedChar
2021-11-21T23:53:26,613|[TRACE] script - #out(`(`) [token]
2021-11-21T23:53:26,613|[TRACE] graph - <------- nonSkippedChar
2021-11-21T23:53:26,613|[TRACE] graph - <----- statementPart
2021-11-21T23:53:26,613|[TRACE] graph - -----> statementPart
2021-11-21T23:53:26,613|[TRACE] graph - -------> quotedString
2021-11-21T23:53:26,613|[TRACE] script - #out(``phone_id``) [token]
2021-11-21T23:53:26,613|[TRACE] graph - <------- quotedString
2021-11-21T23:53:26,613|[TRACE] graph - <----- statementPart
2021-11-21T23:53:26,613|[TRACE] graph - -----> statementPart
2021-11-21T23:53:26,613|[TRACE] graph - -------> nonSkippedChar
2021-11-21T23:53:26,613|[TRACE] script - #out(`)`) [token]
2021-11-21T23:53:26,613|[TRACE] graph - <------- nonSkippedChar
2021-11-21T23:53:26,613|[TRACE] graph - <----- statementPart
2021-11-21T23:53:26,613|[TRACE] graph - -----> afterStatementPartNewline
2021-11-21T23:53:26,613|[TRACE] script - #out(` `) [text]
2021-11-21T23:53:26,613|[TRACE] graph - <----- afterStatementPartNewline
2021-11-21T23:53:26,613|[TRACE] graph - -----> statementPart
2021-11-21T23:53:26,613|[TRACE] graph - -------> nonSkippedSpace
2021-11-21T23:53:26,613|[TRACE] script - #out(` `) [token]
2021-11-21T23:53:26,613|[TRACE] graph - <------- nonSkippedSpace
2021-11-21T23:53:26,613|[TRACE] graph - <----- statementPart
2021-11-21T23:53:26,613|[TRACE] graph - -----> statementPart
2021-11-21T23:53:26,613|[TRACE] graph - -------> nonSkippedSpace
2021-11-21T23:53:26,613|[TRACE] script - #out(` `) [token]
2021-11-21T23:53:26,613|[TRACE] graph - <------- nonSkippedSpace
2021-11-21T23:53:26,613|[TRACE] graph - <----- statementPart
2021-11-21T23:53:26,613|[TRACE] graph - -----> statementPart
2021-11-21T23:53:26,613|[TRACE] graph - -------> nonSkippedSpace
2021-11-21T23:53:26,613|[TRACE] script - #out(` `) [token]
2021-11-21T23:53:26,613|[TRACE] graph - <------- nonSkippedSpace
2021-11-21T23:53:26,613|[TRACE] graph - <----- statementPart
2021-11-21T23:53:26,613|[TRACE] graph - -----> statementPart
2021-11-21T23:53:26,613|[TRACE] graph - -------> nonSkippedSpace
2021-11-21T23:53:26,613|[TRACE] script - #out(` `) [token]
2021-11-21T23:53:26,613|[TRACE] graph - <------- nonSkippedSpace
2021-11-21T23:53:26,613|[TRACE] graph - <----- statementPart
2021-11-21T23:53:26,613|[TRACE] graph - -----> statementPart
2021-11-21T23:53:26,613|[TRACE] graph - -------> nonSkippedChar
2021-11-21T23:53:26,613|[TRACE] script - #out(`R`) [token]
2021-11-21T23:53:26,613|[TRACE] graph - <------- nonSkippedChar
2021-11-21T23:53:26,613|[TRACE] graph - <----- statementPart
2021-11-21T23:53:26,613|[TRACE] graph - -----> statementPart
2021-11-21T23:53:26,613|[TRACE] graph - -------> nonSkippedChar
2021-11-21T23:53:26,613|[TRACE] script - #out(`E`) [token]
2021-11-21T23:53:26,613|[TRACE] graph - <------- nonSkippedChar
2021-11-21T23:53:26,613|[TRACE] graph - <----- statementPart
2021-11-21T23:53:26,613|[TRACE] graph - -----> statementPart
2021-11-21T23:53:26,613|[TRACE] graph - -------> nonSkippedChar
2021-11-21T23:53:26,613|[TRACE] script - #out(`F`) [token]
2021-11-21T23:53:26,613|[TRACE] graph - <------- nonSkippedChar
2021-11-21T23:53:26,657|[TRACE] graph - <----- statementPart
2021-11-21T23:53:26,657|[TRACE] graph - -----> statementPart
2021-11-21T23:53:26,657|[TRACE] graph - -------> nonSkippedChar
2021-11-21T23:53:26,657|[TRACE] script - #out(`E`) [token]
2021-11-21T23:53:26,657|[TRACE] graph - <------- nonSkippedChar
2021-11-21T23:53:26,657|[TRACE] graph - <----- statementPart
2021-11-21T23:53:26,657|[TRACE] graph - -----> statementPart
2021-11-21T23:53:26,657|[TRACE] graph - -------> nonSkippedChar
2021-11-21T23:53:26,657|[TRACE] script - #out(`R`) [token]
2021-11-21T23:53:26,657|[TRACE] graph - <------- nonSkippedChar
2021-11-21T23:53:26,657|[TRACE] graph - <----- statementPart
2021-11-21T23:53:26,657|[TRACE] graph - -----> statementPart
2021-11-21T23:53:26,657|[TRACE] graph - -------> nonSkippedChar
2021-11-21T23:53:26,657|[TRACE] script - #out(`E`) [token]
2021-11-21T23:53:26,657|[TRACE] graph - <------- nonSkippedChar
2021-11-21T23:53:26,657|[TRACE] graph - <----- statementPart
2021-11-21T23:53:26,657|[TRACE] graph - -----> statementPart
2021-11-21T23:53:26,657|[TRACE] graph - -------> nonSkippedChar
2021-11-21T23:53:26,657|[TRACE] script - #out(`N`) [token]
2021-11-21T23:53:26,657|[TRACE] graph - <------- nonSkippedChar
2021-11-21T23:53:26,657|[TRACE] graph - <----- statementPart
2021-11-21T23:53:26,657|[TRACE] graph - -----> statementPart
2021-11-21T23:53:26,657|[TRACE] graph - -------> nonSkippedChar
2021-11-21T23:53:26,657|[TRACE] script - #out(`C`) [token]
2021-11-21T23:53:26,657|[TRACE] graph - <------- nonSkippedChar
2021-11-21T23:53:26,657|[TRACE] graph - <----- statementPart
2021-11-21T23:53:26,657|[TRACE] graph - -----> statementPart
2021-11-21T23:53:26,657|[TRACE] graph - -------> nonSkippedChar
2021-11-21T23:53:26,657|[TRACE] script - #out(`E`) [token]
2021-11-21T23:53:26,657|[TRACE] graph - <------- nonSkippedChar
2021-11-21T23:53:26,657|[TRACE] graph - <----- statementPart
2021-11-21T23:53:26,657|[TRACE] graph - -----> statementPart
2021-11-21T23:53:26,657|[TRACE] graph - -------> nonSkippedChar
2021-11-21T23:53:26,657|[TRACE] script - #out(`S`) [token]
2021-11-21T23:53:26,657|[TRACE] graph - <------- nonSkippedChar
2021-11-21T23:53:26,657|[TRACE] graph - <----- statementPart
2021-11-21T23:53:26,657|[TRACE] graph - -----> statementPart
2021-11-21T23:53:26,657|[TRACE] graph - -------> nonSkippedSpace
2021-11-21T23:53:26,657|[TRACE] script - #out(` `) [token]
2021-11-21T23:53:26,657|[TRACE] graph - <------- nonSkippedSpace
2021-11-21T23:53:26,657|[TRACE] graph - <----- statementPart
2021-11-21T23:53:26,657|[TRACE] graph - -----> statementPart
2021-11-21T23:53:26,657|[TRACE] graph - -------> quotedString
2021-11-21T23:53:26,657|[TRACE] script - #out(``bloodbank``) [token]
2021-11-21T23:53:26,657|[TRACE] graph - <------- quotedString
2021-11-21T23:53:26,657|[TRACE] graph - <----- statementPart
2021-11-21T23:53:26,657|[TRACE] graph - -----> statementPart
2021-11-21T23:53:26,657|[TRACE] graph - -------> nonSkippedChar
2021-11-21T23:53:26,657|[TRACE] script - #out(`.`) [token]
2021-11-21T23:53:26,657|[TRACE] graph - <------- nonSkippedChar
2021-11-21T23:53:26,657|[TRACE] graph - <----- statementPart
2021-11-21T23:53:26,657|[TRACE] graph - -----> statementPart
2021-11-21T23:53:26,657|[TRACE] graph - -------> quotedString
2021-11-21T23:53:26,657|[TRACE] script - #out(``phone``) [token]
2021-11-21T23:53:26,657|[TRACE] graph - <------- quotedString
2021-11-21T23:53:26,657|[TRACE] graph - <----- statementPart
2021-11-21T23:53:26,657|[TRACE] graph - -----> statementPart
2021-11-21T23:53:26,657|[TRACE] graph - -------> nonSkippedSpace
2021-11-21T23:53:26,657|[TRACE] script - #out(` `) [token]
2021-11-21T23:53:26,657|[TRACE] graph - <------- nonSkippedSpace
2021-11-21T23:53:26,657|[TRACE] graph - <----- statementPart
2021-11-21T23:53:26,657|[TRACE] graph - -----> statementPart
2021-11-21T23:53:26,657|[TRACE] graph - -------> nonSkippedChar
2021-11-21T23:53:26,657|[TRACE] script - #out(`(`) [token]
2021-11-21T23:53:26,657|[TRACE] graph - <------- nonSkippedChar
2021-11-21T23:53:26,657|[TRACE] graph - <----- statementPart
2021-11-21T23:53:26,657|[TRACE] graph - -----> statementPart
2021-11-21T23:53:26,657|[TRACE] graph - -------> quotedString
2021-11-21T23:53:26,657|[TRACE] script - #out(``phone_id``) [token]
2021-11-21T23:53:26,657|[TRACE] graph - <------- quotedString
2021-11-21T23:53:26,657|[TRACE] graph - <----- statementPart
2021-11-21T23:53:26,657|[TRACE] graph - -----> statementPart
2021-11-21T23:53:26,657|[TRACE] graph - -------> nonSkippedChar
2021-11-21T23:53:26,657|[TRACE] script - #out(`)`) [token]
2021-11-21T23:53:26,657|[TRACE] graph - <------- nonSkippedChar
2021-11-21T23:53:26,657|[TRACE] graph - <----- statementPart
2021-11-21T23:53:26,657|[TRACE] graph - -----> afterStatementPartNewline
2021-11-21T23:53:26,657|[TRACE] script - #out(` `) [text]
2021-11-21T23:53:26,657|[TRACE] graph - <----- afterStatementPartNewline
2021-11-21T23:53:26,657|[TRACE] graph - -----> statementPart
2021-11-21T23:53:26,657|[TRACE] graph - -------> nonSkippedSpace
2021-11-21T23:53:26,657|[TRACE] script - #out(` `) [token]
2021-11-21T23:53:26,657|[TRACE] graph - <------- nonSkippedSpace
2021-11-21T23:53:26,657|[TRACE] graph - <----- statementPart
2021-11-21T23:53:26,657|[TRACE] graph - -----> statementPart
2021-11-21T23:53:26,657|[TRACE] graph - -------> nonSkippedSpace
2021-11-21T23:53:26,657|[TRACE] script - #out(` `) [token]
2021-11-21T23:53:26,657|[TRACE] graph - <------- nonSkippedSpace
2021-11-21T23:53:26,657|[TRACE] graph - <----- statementPart
2021-11-21T23:53:26,657|[TRACE] graph - -----> statementPart
2021-11-21T23:53:26,657|[TRACE] graph - -------> nonSkippedSpace
2021-11-21T23:53:26,657|[TRACE] script - #out(` `) [token]
2021-11-21T23:53:26,657|[TRACE] graph - <------- nonSkippedSpace
2021-11-21T23:53:26,657|[TRACE] graph - <----- statementPart
2021-11-21T23:53:26,657|[TRACE] graph - -----> statementPart
2021-11-21T23:53:26,657|[TRACE] graph - -------> nonSkippedSpace
2021-11-21T23:53:26,657|[TRACE] script - #out(` `) [token]
2021-11-21T23:53:26,657|[TRACE] graph - <------- nonSkippedSpace
2021-11-21T23:53:26,657|[TRACE] graph - <----- statementPart
2021-11-21T23:53:26,657|[TRACE] graph - -----> statementPart
2021-11-21T23:53:26,657|[TRACE] graph - -------> nonSkippedChar
2021-11-21T23:53:26,657|[TRACE] script - #out(`O`) [token]
2021-11-21T23:53:26,657|[TRACE] graph - <------- nonSkippedChar
2021-11-21T23:53:26,657|[TRACE] graph - <----- statementPart
2021-11-21T23:53:26,657|[TRACE] graph - -----> statementPart
2021-11-21T23:53:26,657|[TRACE] graph - -------> nonSkippedChar
2021-11-21T23:53:26,657|[TRACE] script - #out(`N`) [token]
2021-11-21T23:53:26,657|[TRACE] graph - <------- nonSkippedChar
2021-11-21T23:53:26,657|[TRACE] graph - <----- statementPart
2021-11-21T23:53:26,657|[TRACE] graph - -----> statementPart
2021-11-21T23:53:26,657|[TRACE] graph - -------> nonSkippedSpace
2021-11-21T23:53:26,657|[TRACE] script - #out(` `) [token]
2021-11-21T23:53:26,657|[TRACE] graph - <------- nonSkippedSpace
2021-11-21T23:53:26,657|[TRACE] graph - <----- statementPart
2021-11-21T23:53:26,657|[TRACE] graph - -----> statementPart
2021-11-21T23:53:26,657|[TRACE] graph - -------> nonSkippedChar
2021-11-21T23:53:26,657|[TRACE] script - #out(`D`) [token]
2021-11-21T23:53:26,657|[TRACE] graph - <------- nonSkippedChar
2021-11-21T23:53:26,657|[TRACE] graph - <----- statementPart
2021-11-21T23:53:26,657|[TRACE] graph - -----> statementPart
2021-11-21T23:53:26,657|[TRACE] graph - -------> nonSkippedChar
2021-11-21T23:53:26,657|[TRACE] script - #out(`E`) [token]
2021-11-21T23:53:26,657|[TRACE] graph - <------- nonSkippedChar
2021-11-21T23:53:26,657|[TRACE] graph - <----- statementPart
2021-11-21T23:53:26,657|[TRACE] graph - -----> statementPart
2021-11-21T23:53:26,657|[TRACE] graph - -------> nonSkippedChar
2021-11-21T23:53:26,657|[TRACE] script - #out(`L`) [token]
2021-11-21T23:53:26,657|[TRACE] graph - <------- nonSkippedChar
2021-11-21T23:53:26,657|[TRACE] graph - <----- statementPart
2021-11-21T23:53:26,657|[TRACE] graph - -----> statementPart
2021-11-21T23:53:26,657|[TRACE] graph - -------> nonSkippedChar
2021-11-21T23:53:26,657|[TRACE] script - #out(`E`) [token]
2021-11-21T23:53:26,657|[TRACE] graph - <------- nonSkippedChar
2021-11-21T23:53:26,657|[TRACE] graph - <----- statementPart
2021-11-21T23:53:26,657|[TRACE] graph - -----> statementPart
2021-11-21T23:53:26,657|[TRACE] graph - -------> nonSkippedChar
2021-11-21T23:53:26,657|[TRACE] script - #out(`T`) [token]
2021-11-21T23:53:26,657|[TRACE] graph - <------- nonSkippedChar
2021-11-21T23:53:26,657|[TRACE] graph - <----- statementPart
2021-11-21T23:53:26,657|[TRACE] graph - -----> statementPart
2021-11-21T23:53:26,657|[TRACE] graph - -------> nonSkippedChar
2021-11-21T23:53:26,657|[TRACE] script - #out(`E`) [token]
2021-11-21T23:53:26,657|[TRACE] graph - <------- nonSkippedChar
2021-11-21T23:53:26,657|[TRACE] graph - <----- statementPart
2021-11-21T23:53:26,657|[TRACE] graph - -----> statementPart
2021-11-21T23:53:26,657|[TRACE] graph - -------> nonSkippedSpace
2021-11-21T23:53:26,657|[TRACE] script - #out(` `) [token]
2021-11-21T23:53:26,657|[TRACE] graph - <------- nonSkippedSpace
2021-11-21T23:53:26,657|[TRACE] graph - <----- statementPart
2021-11-21T23:53:26,657|[TRACE] graph - -----> statementPart
2021-11-21T23:53:26,657|[TRACE] graph - -------> nonSkippedChar
2021-11-21T23:53:26,657|[TRACE] script - #out(`N`) [token]
2021-11-21T23:53:26,657|[TRACE] graph - <------- nonSkippedChar
2021-11-21T23:53:26,657|[TRACE] graph - <----- statementPart
2021-11-21T23:53:26,657|[TRACE] graph - -----> statementPart
2021-11-21T23:53:26,657|[TRACE] graph - -------> nonSkippedChar
2021-11-21T23:53:26,657|[TRACE] script - #out(`O`) [token]
2021-11-21T23:53:26,657|[TRACE] graph - <------- nonSkippedChar
2021-11-21T23:53:26,657|[TRACE] graph - <----- statementPart
2021-11-21T23:53:26,657|[TRACE] graph - -----> statementPart
2021-11-21T23:53:26,657|[TRACE] graph - -------> nonSkippedSpace
2021-11-21T23:53:26,657|[TRACE] script - #out(` `) [token]
2021-11-21T23:53:26,657|[TRACE] graph - <------- nonSkippedSpace
2021-11-21T23:53:26,657|[TRACE] graph - <----- statementPart
2021-11-21T23:53:26,657|[TRACE] graph - -----> statementPart
2021-11-21T23:53:26,657|[TRACE] graph - -------> nonSkippedChar
2021-11-21T23:53:26,657|[TRACE] script - #out(`A`) [token]
2021-11-21T23:53:26,657|[TRACE] graph - <------- nonSkippedChar
2021-11-21T23:53:26,657|[TRACE] graph - <----- statementPart
2021-11-21T23:53:26,657|[TRACE] graph - -----> statementPart
2021-11-21T23:53:26,657|[TRACE] graph - -------> nonSkippedChar
2021-11-21T23:53:26,657|[TRACE] script - #out(`C`) [token]
2021-11-21T23:53:26,657|[TRACE] graph - <------- nonSkippedChar
2021-11-21T23:53:26,657|[TRACE] graph - <----- statementPart
2021-11-21T23:53:26,657|[TRACE] graph - -----> statementPart
2021-11-21T23:53:26,657|[TRACE] graph - -------> nonSkippedChar
2021-11-21T23:53:26,657|[TRACE] script - #out(`T`) [token]
2021-11-21T23:53:26,657|[TRACE] graph - <------- nonSkippedChar
2021-11-21T23:53:26,657|[TRACE] graph - <----- statementPart
2021-11-21T23:53:26,657|[TRACE] graph - -----> statementPart
2021-11-21T23:53:26,657|[TRACE] graph - -------> nonSkippedChar
2021-11-21T23:53:26,658|[TRACE] script - #out(`I`) [token]
2021-11-21T23:53:26,658|[TRACE] graph - <------- nonSkippedChar
2021-11-21T23:53:26,658|[TRACE] graph - <----- statementPart
2021-11-21T23:53:26,658|[TRACE] graph - -----> statementPart
2021-11-21T23:53:26,658|[TRACE] graph - -------> nonSkippedChar
2021-11-21T23:53:26,658|[TRACE] script - #out(`O`) [token]
2021-11-21T23:53:26,658|[TRACE] graph - <------- nonSkippedChar
2021-11-21T23:53:26,658|[TRACE] graph - <----- statementPart
2021-11-21T23:53:26,658|[TRACE] graph - -----> statementPart
2021-11-21T23:53:26,658|[TRACE] graph - -------> nonSkippedChar
2021-11-21T23:53:26,658|[TRACE] script - #out(`N`) [token]
2021-11-21T23:53:26,658|[TRACE] graph - <------- nonSkippedChar
2021-11-21T23:53:26,658|[TRACE] graph - <----- statementPart
2021-11-21T23:53:26,658|[TRACE] graph - -----> afterStatementPartNewline
2021-11-21T23:53:26,658|[TRACE] script - #out(` `) [text]
2021-11-21T23:53:26,658|[TRACE] graph - <----- afterStatementPartNewline
2021-11-21T23:53:26,658|[TRACE] graph - -----> statementPart
2021-11-21T23:53:26,658|[TRACE] graph - -------> nonSkippedSpace
2021-11-21T23:53:26,658|[TRACE] script - #out(` `) [token]
2021-11-21T23:53:26,658|[TRACE] graph - <------- nonSkippedSpace
2021-11-21T23:53:26,658|[TRACE] graph - <----- statementPart
2021-11-21T23:53:26,658|[TRACE] graph - -----> statementPart
2021-11-21T23:53:26,658|[TRACE] graph - -------> nonSkippedSpace
2021-11-21T23:53:26,658|[TRACE] script - #out(` `) [token]
2021-11-21T23:53:26,658|[TRACE] graph - <------- nonSkippedSpace
2021-11-21T23:53:26,658|[TRACE] graph - <----- statementPart
2021-11-21T23:53:26,658|[TRACE] graph - -----> statementPart
2021-11-21T23:53:26,658|[TRACE] graph - -------> nonSkippedSpace
2021-11-21T23:53:26,658|[TRACE] script - #out(` `) [token]
2021-11-21T23:53:26,658|[TRACE] graph - <------- nonSkippedSpace
2021-11-21T23:53:26,658|[TRACE] graph - <----- statementPart
2021-11-21T23:53:26,658|[TRACE] graph - -----> statementPart
2021-11-21T23:53:26,658|[TRACE] graph - -------> nonSkippedSpace
2021-11-21T23:53:26,658|[TRACE] script - #out(` `) [token]
2021-11-21T23:53:26,658|[TRACE] graph - <------- nonSkippedSpace
2021-11-21T23:53:26,658|[TRACE] graph - <----- statementPart
2021-11-21T23:53:26,658|[TRACE] graph - -----> statementPart
2021-11-21T23:53:26,658|[TRACE] graph - -------> nonSkippedChar
2021-11-21T23:53:26,658|[TRACE] script - #out(`O`) [token]
2021-11-21T23:53:26,658|[TRACE] graph - <------- nonSkippedChar
2021-11-21T23:53:26,658|[TRACE] graph - <----- statementPart
2021-11-21T23:53:26,658|[TRACE] graph - -----> statementPart
2021-11-21T23:53:26,658|[TRACE] graph - -------> nonSkippedChar
2021-11-21T23:53:26,658|[TRACE] script - #out(`N`) [token]
2021-11-21T23:53:26,658|[TRACE] graph - <------- nonSkippedChar
2021-11-21T23:53:26,658|[TRACE] graph - <----- statementPart
2021-11-21T23:53:26,658|[TRACE] graph - -----> statementPart
2021-11-21T23:53:26,658|[TRACE] graph - -------> nonSkippedSpace
2021-11-21T23:53:26,658|[TRACE] script - #out(` `) [token]
2021-11-21T23:53:26,658|[TRACE] graph - <------- nonSkippedSpace
2021-11-21T23:53:26,658|[TRACE] graph - <----- statementPart
2021-11-21T23:53:26,658|[TRACE] graph - -----> statementPart
2021-11-21T23:53:26,658|[TRACE] graph - -------> nonSkippedChar
2021-11-21T23:53:26,658|[TRACE] script - #out(`U`) [token]
2021-11-21T23:53:26,658|[TRACE] graph - <------- nonSkippedChar
2021-11-21T23:53:26,658|[TRACE] graph - <----- statementPart
2021-11-21T23:53:26,658|[TRACE] graph - -----> statementPart
2021-11-21T23:53:26,658|[TRACE] graph - -------> nonSkippedChar
2021-11-21T23:53:26,658|[TRACE] script - #out(`P`) [token]
2021-11-21T23:53:26,658|[TRACE] graph - <------- nonSkippedChar
2021-11-21T23:53:26,658|[TRACE] graph - <----- statementPart
2021-11-21T23:53:26,658|[TRACE] graph - -----> statementPart
2021-11-21T23:53:26,658|[TRACE] graph - -------> nonSkippedChar
2021-11-21T23:53:26,658|[TRACE] script - #out(`D`) [token]
2021-11-21T23:53:26,658|[TRACE] graph - <------- nonSkippedChar
2021-11-21T23:53:26,658|[TRACE] graph - <----- statementPart
2021-11-21T23:53:26,658|[TRACE] graph - -----> statementPart
2021-11-21T23:53:26,658|[TRACE] graph - -------> nonSkippedChar
2021-11-21T23:53:26,658|[TRACE] script - #out(`A`) [token]
2021-11-21T23:53:26,658|[TRACE] graph - <------- nonSkippedChar
2021-11-21T23:53:26,658|[TRACE] graph - <----- statementPart
2021-11-21T23:53:26,658|[TRACE] graph - -----> statementPart
2021-11-21T23:53:26,658|[TRACE] graph - -------> nonSkippedChar
2021-11-21T23:53:26,658|[TRACE] script - #out(`T`) [token]
2021-11-21T23:53:26,658|[TRACE] graph - <------- nonSkippedChar
2021-11-21T23:53:26,658|[TRACE] graph - <----- statementPart
2021-11-21T23:53:26,658|[TRACE] graph - -----> statementPart
2021-11-21T23:53:26,658|[TRACE] graph - -------> nonSkippedChar
2021-11-21T23:53:26,658|[TRACE] script - #out(`E`) [token]
2021-11-21T23:53:26,658|[TRACE] graph - <------- nonSkippedChar
2021-11-21T23:53:26,658|[TRACE] graph - <----- statementPart
2021-11-21T23:53:26,658|[TRACE] graph - -----> statementPart
2021-11-21T23:53:26,658|[TRACE] graph - -------> nonSkippedSpace
2021-11-21T23:53:26,658|[TRACE] script - #out(` `) [token]
2021-11-21T23:53:26,658|[TRACE] graph - <------- nonSkippedSpace
2021-11-21T23:53:26,658|[TRACE] graph - <----- statementPart
2021-11-21T23:53:26,658|[TRACE] graph - -----> statementPart
2021-11-21T23:53:26,658|[TRACE] graph - -------> nonSkippedChar
2021-11-21T23:53:26,658|[TRACE] script - #out(`N`) [token]
2021-11-21T23:53:26,658|[TRACE] graph - <------- nonSkippedChar
2021-11-21T23:53:26,658|[TRACE] graph - <----- statementPart
2021-11-21T23:53:26,658|[TRACE] graph - -----> statementPart
2021-11-21T23:53:26,658|[TRACE] graph - -------> nonSkippedChar
2021-11-21T23:53:26,658|[TRACE] script - #out(`O`) [token]
2021-11-21T23:53:26,658|[TRACE] graph - <------- nonSkippedChar
2021-11-21T23:53:26,658|[TRACE] graph - <----- statementPart
2021-11-21T23:53:26,658|[TRACE] graph - -----> statementPart
2021-11-21T23:53:26,658|[TRACE] graph - -------> nonSkippedSpace
2021-11-21T23:53:26,658|[TRACE] script - #out(` `) [token]
2021-11-21T23:53:26,658|[TRACE] graph - <------- nonSkippedSpace
2021-11-21T23:53:26,658|[TRACE] graph - <----- statementPart
2021-11-21T23:53:26,658|[TRACE] graph - -----> statementPart
2021-11-21T23:53:26,658|[TRACE] graph - -------> nonSkippedChar
2021-11-21T23:53:26,658|[TRACE] script - #out(`A`) [token]
2021-11-21T23:53:26,658|[TRACE] graph - <------- nonSkippedChar
2021-11-21T23:53:26,658|[TRACE] graph - <----- statementPart
2021-11-21T23:53:26,658|[TRACE] graph - -----> statementPart
2021-11-21T23:53:26,658|[TRACE] graph - -------> nonSkippedChar
2021-11-21T23:53:26,658|[TRACE] script - #out(`C`) [token]
2021-11-21T23:53:26,658|[TRACE] graph - <------- nonSkippedChar
2021-11-21T23:53:26,658|[TRACE] graph - <----- statementPart
2021-11-21T23:53:26,658|[TRACE] graph - -----> statementPart
2021-11-21T23:53:26,658|[TRACE] graph - -------> nonSkippedChar
2021-11-21T23:53:26,658|[TRACE] script - #out(`T`) [token]
2021-11-21T23:53:26,658|[TRACE] graph - <------- nonSkippedChar
2021-11-21T23:53:26,658|[TRACE] graph - <----- statementPart
2021-11-21T23:53:26,658|[TRACE] graph - -----> statementPart
2021-11-21T23:53:26,658|[TRACE] graph - -------> nonSkippedChar
2021-11-21T23:53:26,658|[TRACE] script - #out(`I`) [token]
2021-11-21T23:53:26,658|[TRACE] graph - <------- nonSkippedChar
2021-11-21T23:53:26,658|[TRACE] graph - <----- statementPart
2021-11-21T23:53:26,658|[TRACE] graph - -----> statementPart
2021-11-21T23:53:26,658|[TRACE] graph - -------> nonSkippedChar
2021-11-21T23:53:26,658|[TRACE] script - #out(`O`) [token]
2021-11-21T23:53:26,658|[TRACE] graph - <------- nonSkippedChar
2021-11-21T23:53:26,658|[TRACE] graph - <----- statementPart
2021-11-21T23:53:26,658|[TRACE] graph - -----> statementPart
2021-11-21T23:53:26,658|[TRACE] graph - -------> nonSkippedChar
2021-11-21T23:53:26,658|[TRACE] script - #out(`N`) [token]
2021-11-21T23:53:26,658|[TRACE] graph - <------- nonSkippedChar
2021-11-21T23:53:26,658|[TRACE] graph - <----- statementPart
2021-11-21T23:53:26,658|[TRACE] graph - -----> statementPart
2021-11-21T23:53:26,658|[TRACE] graph - -------> nonSkippedChar
2021-11-21T23:53:26,658|[TRACE] script - #out(`,`) [token]
2021-11-21T23:53:26,658|[TRACE] graph - <------- nonSkippedChar
2021-11-21T23:53:26,658|[TRACE] graph - <----- statementPart
2021-11-21T23:53:26,658|[TRACE] graph - -----> afterStatementPartNewline
2021-11-21T23:53:26,658|[TRACE] script - #out(` `) [text]
2021-11-21T23:53:26,658|[TRACE] graph - <----- afterStatementPartNewline
2021-11-21T23:53:26,658|[TRACE] graph - -----> statementPart
2021-11-21T23:53:26,658|[TRACE] graph - -------> nonSkippedSpace
2021-11-21T23:53:26,658|[TRACE] script - #out(` `) [token]
2021-11-21T23:53:26,658|[TRACE] graph - <------- nonSkippedSpace
2021-11-21T23:53:26,658|[TRACE] graph - <----- statementPart
2021-11-21T23:53:26,658|[TRACE] graph - -----> statementPart
2021-11-21T23:53:26,658|[TRACE] graph - -------> nonSkippedSpace
2021-11-21T23:53:26,658|[TRACE] script - #out(` `) [token]
2021-11-21T23:53:26,658|[TRACE] graph - <------- nonSkippedSpace
2021-11-21T23:53:26,658|[TRACE] graph - <----- statementPart
2021-11-21T23:53:26,658|[TRACE] graph - -----> statementPart
2021-11-21T23:53:26,658|[TRACE] graph - -------> nonSkippedChar
2021-11-21T23:53:26,658|[TRACE] script - #out(`C`) [token]
2021-11-21T23:53:26,658|[TRACE] graph - <------- nonSkippedChar
2021-11-21T23:53:26,658|[TRACE] graph - <----- statementPart
2021-11-21T23:53:26,658|[TRACE] graph - -----> statementPart
2021-11-21T23:53:26,658|[TRACE] graph - -------> nonSkippedChar
2021-11-21T23:53:26,658|[TRACE] script - #out(`O`) [token]
2021-11-21T23:53:26,658|[TRACE] graph - <------- nonSkippedChar
2021-11-21T23:53:26,658|[TRACE] graph - <----- statementPart
2021-11-21T23:53:26,658|[TRACE] graph - -----> statementPart
2021-11-21T23:53:26,658|[TRACE] graph - -------> nonSkippedChar
2021-11-21T23:53:26,658|[TRACE] script - #out(`N`) [token]
2021-11-21T23:53:26,658|[TRACE] graph - <------- nonSkippedChar
2021-11-21T23:53:26,658|[TRACE] graph - <----- statementPart
2021-11-21T23:53:26,658|[TRACE] graph - -----> statementPart
2021-11-21T23:53:26,658|[TRACE] graph - -------> nonSkippedChar
2021-11-21T23:53:26,658|[TRACE] script - #out(`S`) [token]
2021-11-21T23:53:26,658|[TRACE] graph - <------- nonSkippedChar
2021-11-21T23:53:26,658|[TRACE] graph - <----- statementPart
2021-11-21T23:53:26,658|[TRACE] graph - -----> statementPart
2021-11-21T23:53:26,658|[TRACE] graph - -------> nonSkippedChar
2021-11-21T23:53:26,658|[TRACE] script - #out(`T`) [token]
2021-11-21T23:53:26,658|[TRACE] graph - <------- nonSkippedChar
2021-11-21T23:53:26,658|[TRACE] graph - <----- statementPart
2021-11-21T23:53:26,658|[TRACE] graph - -----> statementPart
2021-11-21T23:53:26,658|[TRACE] graph - -------> nonSkippedChar
2021-11-21T23:53:26,658|[TRACE] script - #out(`R`) [token]
2021-11-21T23:53:26,658|[TRACE] graph - <------- nonSkippedChar
2021-11-21T23:53:26,658|[TRACE] graph - <----- statementPart
2021-11-21T23:53:26,658|[TRACE] graph - -----> statementPart
2021-11-21T23:53:26,658|[TRACE] graph - -------> nonSkippedChar
2021-11-21T23:53:26,658|[TRACE] script - #out(`A`) [token]
2021-11-21T23:53:26,658|[TRACE] graph - <------- nonSkippedChar
2021-11-21T23:53:26,658|[TRACE] graph - <----- statementPart
2021-11-21T23:53:26,658|[TRACE] graph - -----> statementPart
2021-11-21T23:53:26,658|[TRACE] graph - -------> nonSkippedChar
2021-11-21T23:53:26,658|[TRACE] script - #out(`I`) [token]
2021-11-21T23:53:26,658|[TRACE] graph - <------- nonSkippedChar
2021-11-21T23:53:26,658|[TRACE] graph - <----- statementPart
2021-11-21T23:53:26,658|[TRACE] graph - -----> statementPart
2021-11-21T23:53:26,658|[TRACE] graph - -------> nonSkippedChar
2021-11-21T23:53:26,658|[TRACE] script - #out(`N`) [token]
2021-11-21T23:53:26,658|[TRACE] graph - <------- nonSkippedChar
2021-11-21T23:53:26,658|[TRACE] graph - <----- statementPart
2021-11-21T23:53:26,658|[TRACE] graph - -----> statementPart
2021-11-21T23:53:26,658|[TRACE] graph - -------> nonSkippedChar
2021-11-21T23:53:26,658|[TRACE] script - #out(`T`) [token]
2021-11-21T23:53:26,658|[TRACE] graph - <------- nonSkippedChar
2021-11-21T23:53:26,658|[TRACE] graph - <----- statementPart
2021-11-21T23:53:26,658|[TRACE] graph - -----> statementPart
2021-11-21T23:53:26,658|[TRACE] graph - -------> nonSkippedSpace
2021-11-21T23:53:26,658|[TRACE] script - #out(` `) [token]
2021-11-21T23:53:26,659|[TRACE] graph - <------- nonSkippedSpace
2021-11-21T23:53:26,659|[TRACE] graph - <----- statementPart
2021-11-21T23:53:26,659|[TRACE] graph - -----> statementPart
2021-11-21T23:53:26,659|[TRACE] graph - -------> quotedString
2021-11-21T23:53:26,659|[TRACE] script - #out(``fk_contact_person1``) [token]
2021-11-21T23:53:26,659|[TRACE] graph - <------- quotedString
2021-11-21T23:53:26,659|[TRACE] graph - <----- statementPart
2021-11-21T23:53:26,659|[TRACE] graph - -----> afterStatementPartNewline
2021-11-21T23:53:26,659|[TRACE] script - #out(` `) [text]
2021-11-21T23:53:26,659|[TRACE] graph - <----- afterStatementPartNewline
2021-11-21T23:53:26,659|[TRACE] graph - -----> statementPart
2021-11-21T23:53:26,659|[TRACE] graph - -------> nonSkippedSpace
2021-11-21T23:53:26,659|[TRACE] script - #out(` `) [token]
2021-11-21T23:53:26,659|[TRACE] graph - <------- nonSkippedSpace
2021-11-21T23:53:26,659|[TRACE] graph - <----- statementPart
2021-11-21T23:53:26,659|[TRACE] graph - -----> statementPart
2021-11-21T23:53:26,659|[TRACE] graph - -------> nonSkippedSpace
2021-11-21T23:53:26,659|[TRACE] script - #out(` `) [token]
2021-11-21T23:53:26,659|[TRACE] graph - <------- nonSkippedSpace
2021-11-21T23:53:26,659|[TRACE] graph - <----- statementPart
2021-11-21T23:53:26,659|[TRACE] graph - -----> statementPart
2021-11-21T23:53:26,659|[TRACE] graph - -------> nonSkippedSpace
2021-11-21T23:53:26,659|[TRACE] script - #out(` `) [token]
2021-11-21T23:53:26,659|[TRACE] graph - <------- nonSkippedSpace
2021-11-21T23:53:26,659|[TRACE] graph - <----- statementPart
2021-11-21T23:53:26,659|[TRACE] graph - -----> statementPart
2021-11-21T23:53:26,659|[TRACE] graph - -------> nonSkippedSpace
2021-11-21T23:53:26,659|[TRACE] script - #out(` `) [token]
2021-11-21T23:53:26,659|[TRACE] graph - <------- nonSkippedSpace
2021-11-21T23:53:26,659|[TRACE] graph - <----- statementPart
2021-11-21T23:53:26,659|[TRACE] graph - -----> statementPart
2021-11-21T23:53:26,659|[TRACE] graph - -------> nonSkippedChar
2021-11-21T23:53:26,659|[TRACE] script - #out(`F`) [token]
2021-11-21T23:53:26,659|[TRACE] graph - <------- nonSkippedChar
2021-11-21T23:53:26,659|[TRACE] graph - <----- statementPart
2021-11-21T23:53:26,659|[TRACE] graph - -----> statementPart
2021-11-21T23:53:26,659|[TRACE] graph - -------> nonSkippedChar
2021-11-21T23:53:26,659|[TRACE] script - #out(`O`) [token]
2021-11-21T23:53:26,659|[TRACE] graph - <------- nonSkippedChar
2021-11-21T23:53:26,659|[TRACE] graph - <----- statementPart
2021-11-21T23:53:26,659|[TRACE] graph - -----> statementPart
2021-11-21T23:53:26,659|[TRACE] graph - -------> nonSkippedChar
2021-11-21T23:53:26,659|[TRACE] script - #out(`R`) [token]
2021-11-21T23:53:26,659|[TRACE] graph - <------- nonSkippedChar
2021-11-21T23:53:26,659|[TRACE] graph - <----- statementPart
2021-11-21T23:53:26,659|[TRACE] graph - -----> statementPart
2021-11-21T23:53:26,659|[TRACE] graph - -------> nonSkippedChar
2021-11-21T23:53:26,659|[TRACE] script - #out(`E`) [token]
2021-11-21T23:53:26,659|[TRACE] graph - <------- nonSkippedChar
2021-11-21T23:53:26,659|[TRACE] graph - <----- statementPart
2021-11-21T23:53:26,659|[TRACE] graph - -----> statementPart
2021-11-21T23:53:26,659|[TRACE] graph - -------> nonSkippedChar
2021-11-21T23:53:26,659|[TRACE] script - #out(`I`) [token]
2021-11-21T23:53:26,659|[TRACE] graph - <------- nonSkippedChar
2021-11-21T23:53:26,659|[TRACE] graph - <----- statementPart
2021-11-21T23:53:26,659|[TRACE] graph - -----> statementPart
2021-11-21T23:53:26,659|[TRACE] graph - -------> nonSkippedChar
2021-11-21T23:53:26,659|[TRACE] script - #out(`G`) [token]
2021-11-21T23:53:26,659|[TRACE] graph - <------- nonSkippedChar
2021-11-21T23:53:26,659|[TRACE] graph - <----- statementPart
2021-11-21T23:53:26,659|[TRACE] graph - -----> statementPart
2021-11-21T23:53:26,659|[TRACE] graph - -------> nonSkippedChar
2021-11-21T23:53:26,659|[TRACE] script - #out(`N`) [token]
2021-11-21T23:53:26,659|[TRACE] graph - <------- nonSkippedChar
2021-11-21T23:53:26,659|[TRACE] graph - <----- statementPart
2021-11-21T23:53:26,659|[TRACE] graph - -----> statementPart
2021-11-21T23:53:26,659|[TRACE] graph - -------> nonSkippedSpace
2021-11-21T23:53:26,659|[TRACE] script - #out(` `) [token]
2021-11-21T23:53:26,659|[TRACE] graph - <------- nonSkippedSpace
2021-11-21T23:53:26,659|[TRACE] graph - <----- statementPart
2021-11-21T23:53:26,659|[TRACE] graph - -----> statementPart
2021-11-21T23:53:26,659|[TRACE] graph - -------> nonSkippedChar
2021-11-21T23:53:26,659|[TRACE] script - #out(`K`) [token]
2021-11-21T23:53:26,659|[TRACE] graph - <------- nonSkippedChar
2021-11-21T23:53:26,659|[TRACE] graph - <----- statementPart
2021-11-21T23:53:26,659|[TRACE] graph - -----> statementPart
2021-11-21T23:53:26,659|[TRACE] graph - -------> nonSkippedChar
2021-11-21T23:53:26,659|[TRACE] script - #out(`E`) [token]
2021-11-21T23:53:26,659|[TRACE] graph - <------- nonSkippedChar
2021-11-21T23:53:26,659|[TRACE] graph - <----- statementPart
2021-11-21T23:53:26,659|[TRACE] graph - -----> statementPart
2021-11-21T23:53:26,699|[TRACE] graph - -------> nonSkippedChar
2021-11-21T23:53:26,699|[TRACE] script - #out(`Y`) [token]
2021-11-21T23:53:26,699|[TRACE] graph - <------- nonSkippedChar
2021-11-21T23:53:26,700|[TRACE] graph - <----- statementPart
2021-11-21T23:53:26,700|[TRACE] graph - -----> statementPart
2021-11-21T23:53:26,700|[TRACE] graph - -------> nonSkippedSpace
2021-11-21T23:53:26,700|[TRACE] script - #out(` `) [token]
2021-11-21T23:53:26,700|[TRACE] graph - <------- nonSkippedSpace
2021-11-21T23:53:26,700|[TRACE] graph - <----- statementPart
2021-11-21T23:53:26,700|[TRACE] graph - -----> statementPart
2021-11-21T23:53:26,700|[TRACE] graph - -------> nonSkippedChar
2021-11-21T23:53:26,700|[TRACE] script - #out(`(`) [token]
2021-11-21T23:53:26,700|[TRACE] graph - <------- nonSkippedChar
2021-11-21T23:53:26,700|[TRACE] graph - <----- statementPart
2021-11-21T23:53:26,700|[TRACE] graph - -----> statementPart
2021-11-21T23:53:26,700|[TRACE] graph - -------> quotedString
2021-11-21T23:53:26,700|[TRACE] script - #out(``person_id``) [token]
2021-11-21T23:53:26,700|[TRACE] graph - <------- quotedString
2021-11-21T23:53:26,700|[TRACE] graph - <----- statementPart
2021-11-21T23:53:26,700|[TRACE] graph - -----> statementPart
2021-11-21T23:53:26,700|[TRACE] graph - -------> nonSkippedChar
2021-11-21T23:53:26,700|[TRACE] script - #out(`)`) [token]
2021-11-21T23:53:26,700|[TRACE] graph - <------- nonSkippedChar
2021-11-21T23:53:26,700|[TRACE] graph - <----- statementPart
2021-11-21T23:53:26,700|[TRACE] graph - -----> afterStatementPartNewline
2021-11-21T23:53:26,700|[TRACE] script - #out(` `) [text]
2021-11-21T23:53:26,700|[TRACE] graph - <----- afterStatementPartNewline
2021-11-21T23:53:26,700|[TRACE] graph - -----> statementPart
2021-11-21T23:53:26,700|[TRACE] graph - -------> nonSkippedSpace
2021-11-21T23:53:26,700|[TRACE] script - #out(` `) [token]
2021-11-21T23:53:26,700|[TRACE] graph - <------- nonSkippedSpace
2021-11-21T23:53:26,700|[TRACE] graph - <----- statementPart
2021-11-21T23:53:26,700|[TRACE] graph - -----> statementPart
2021-11-21T23:53:26,700|[TRACE] graph - -------> nonSkippedSpace
2021-11-21T23:53:26,700|[TRACE] script - #out(` `) [token]
2021-11-21T23:53:26,700|[TRACE] graph - <------- nonSkippedSpace
2021-11-21T23:53:26,700|[TRACE] graph - <----- statementPart
2021-11-21T23:53:26,700|[TRACE] graph - -----> statementPart
2021-11-21T23:53:26,700|[TRACE] graph - -------> nonSkippedSpace
2021-11-21T23:53:26,700|[TRACE] script - #out(` `) [token]
2021-11-21T23:53:26,700|[TRACE] graph - <------- nonSkippedSpace
2021-11-21T23:53:26,700|[TRACE] graph - <----- statementPart
2021-11-21T23:53:26,700|[TRACE] graph - -----> statementPart
2021-11-21T23:53:26,700|[TRACE] graph - -------> nonSkippedSpace
2021-11-21T23:53:26,700|[TRACE] script - #out(` `) [token]
2021-11-21T23:53:26,700|[TRACE] graph - <------- nonSkippedSpace
2021-11-21T23:53:26,700|[TRACE] graph - <----- statementPart
2021-11-21T23:53:26,700|[TRACE] graph - -----> statementPart
2021-11-21T23:53:26,700|[TRACE] graph - -------> nonSkippedChar
2021-11-21T23:53:26,700|[TRACE] script - #out(`R`) [token]
2021-11-21T23:53:26,700|[TRACE] graph - <------- nonSkippedChar
2021-11-21T23:53:26,700|[TRACE] graph - <----- statementPart
2021-11-21T23:53:26,700|[TRACE] graph - -----> statementPart
2021-11-21T23:53:26,700|[TRACE] graph - -------> nonSkippedChar
2021-11-21T23:53:26,700|[TRACE] script - #out(`E`) [token]
2021-11-21T23:53:26,700|[TRACE] graph - <------- nonSkippedChar
2021-11-21T23:53:26,700|[TRACE] graph - <----- statementPart
2021-11-21T23:53:26,700|[TRACE] graph - -----> statementPart
2021-11-21T23:53:26,700|[TRACE] graph - -------> nonSkippedChar
2021-11-21T23:53:26,700|[TRACE] script - #out(`F`) [token]
2021-11-21T23:53:26,700|[TRACE] graph - <------- nonSkippedChar
2021-11-21T23:53:26,700|[TRACE] graph - <----- statementPart
2021-11-21T23:53:26,700|[TRACE] graph - -----> statementPart
2021-11-21T23:53:26,700|[TRACE] graph - -------> nonSkippedChar
2021-11-21T23:53:26,700|[TRACE] script - #out(`E`) [token]
2021-11-21T23:53:26,700|[TRACE] graph - <------- nonSkippedChar
2021-11-21T23:53:26,700|[TRACE] graph - <----- statementPart
2021-11-21T23:53:26,700|[TRACE] graph - -----> statementPart
2021-11-21T23:53:26,700|[TRACE] graph - -------> nonSkippedChar
2021-11-21T23:53:26,700|[TRACE] script - #out(`R`) [token]
2021-11-21T23:53:26,700|[TRACE] graph - <------- nonSkippedChar
2021-11-21T23:53:26,700|[TRACE] graph - <----- statementPart
2021-11-21T23:53:26,700|[TRACE] graph - -----> statementPart
2021-11-21T23:53:26,700|[TRACE] graph - -------> nonSkippedChar
2021-11-21T23:53:26,700|[TRACE] script - #out(`E`) [token]
2021-11-21T23:53:26,700|[TRACE] graph - <------- nonSkippedChar
2021-11-21T23:53:26,700|[TRACE] graph - <----- statementPart
2021-11-21T23:53:26,700|[TRACE] graph - -----> statementPart
2021-11-21T23:53:26,700|[TRACE] graph - -------> nonSkippedChar
2021-11-21T23:53:26,700|[TRACE] script - #out(`N`) [token]
2021-11-21T23:53:26,700|[TRACE] graph - <------- nonSkippedChar
2021-11-21T23:53:26,700|[TRACE] graph - <----- statementPart
2021-11-21T23:53:26,700|[TRACE] graph - -----> statementPart
2021-11-21T23:53:26,700|[TRACE] graph - -------> nonSkippedChar
2021-11-21T23:53:26,700|[TRACE] script - #out(`C`) [token]
2021-11-21T23:53:26,700|[TRACE] graph - <------- nonSkippedChar
2021-11-21T23:53:26,700|[TRACE] graph - <----- statementPart
2021-11-21T23:53:26,700|[TRACE] graph - -----> statementPart
2021-11-21T23:53:26,700|[TRACE] graph - -------> nonSkippedChar
2021-11-21T23:53:26,700|[TRACE] script - #out(`E`) [token]
2021-11-21T23:53:26,700|[TRACE] graph - <------- nonSkippedChar
2021-11-21T23:53:26,700|[TRACE] graph - <----- statementPart
2021-11-21T23:53:26,700|[TRACE] graph - -----> statementPart
2021-11-21T23:53:26,700|[TRACE] graph - -------> nonSkippedChar
2021-11-21T23:53:26,700|[TRACE] script - #out(`S`) [token]
2021-11-21T23:53:26,700|[TRACE] graph - <------- nonSkippedChar
2021-11-21T23:53:26,700|[TRACE] graph - <----- statementPart
2021-11-21T23:53:26,700|[TRACE] graph - -----> statementPart
2021-11-21T23:53:26,700|[TRACE] graph - -------> nonSkippedSpace
2021-11-21T23:53:26,700|[TRACE] script - #out(` `) [token]
2021-11-21T23:53:26,700|[TRACE] graph - <------- nonSkippedSpace
2021-11-21T23:53:26,700|[TRACE] graph - <----- statementPart
2021-11-21T23:53:26,700|[TRACE] graph - -----> statementPart
2021-11-21T23:53:26,700|[TRACE] graph - -------> quotedString
2021-11-21T23:53:26,700|[TRACE] script - #out(``bloodbank``) [token]
2021-11-21T23:53:26,700|[TRACE] graph - <------- quotedString
2021-11-21T23:53:26,700|[TRACE] graph - <----- statementPart
2021-11-21T23:53:26,700|[TRACE] graph - -----> statementPart
2021-11-21T23:53:26,700|[TRACE] graph - -------> nonSkippedChar
2021-11-21T23:53:26,700|[TRACE] script - #out(`.`) [token]
2021-11-21T23:53:26,700|[TRACE] graph - <------- nonSkippedChar
2021-11-21T23:53:26,700|[TRACE] graph - <----- statementPart
2021-11-21T23:53:26,700|[TRACE] graph - -----> statementPart
2021-11-21T23:53:26,700|[TRACE] graph - -------> quotedString
2021-11-21T23:53:26,700|[TRACE] script - #out(``person``) [token]
2021-11-21T23:53:26,700|[TRACE] graph - <------- quotedString
2021-11-21T23:53:26,700|[TRACE] graph - <----- statementPart
2021-11-21T23:53:26,700|[TRACE] graph - -----> statementPart
2021-11-21T23:53:26,700|[TRACE] graph - -------> nonSkippedSpace
2021-11-21T23:53:26,700|[TRACE] script - #out(` `) [token]
2021-11-21T23:53:26,700|[TRACE] graph - <------- nonSkippedSpace
2021-11-21T23:53:26,700|[TRACE] graph - <----- statementPart
2021-11-21T23:53:26,700|[TRACE] graph - -----> statementPart
2021-11-21T23:53:26,700|[TRACE] graph - -------> nonSkippedChar
2021-11-21T23:53:26,700|[TRACE] script - #out(`(`) [token]
2021-11-21T23:53:26,700|[TRACE] graph - <------- nonSkippedChar
2021-11-21T23:53:26,700|[TRACE] graph - <----- statementPart
2021-11-21T23:53:26,700|[TRACE] graph - -----> statementPart
2021-11-21T23:53:26,700|[TRACE] graph - -------> quotedString
2021-11-21T23:53:26,700|[TRACE] script - #out(``id``) [token]
2021-11-21T23:53:26,700|[TRACE] graph - <------- quotedString
2021-11-21T23:53:26,700|[TRACE] graph - <----- statementPart
2021-11-21T23:53:26,700|[TRACE] graph - -----> statementPart
2021-11-21T23:53:26,700|[TRACE] graph - -------> nonSkippedChar
2021-11-21T23:53:26,700|[TRACE] script - #out(`)`) [token]
2021-11-21T23:53:26,700|[TRACE] graph - <------- nonSkippedChar
2021-11-21T23:53:26,700|[TRACE] graph - <----- statementPart
2021-11-21T23:53:26,700|[TRACE] graph - -----> afterStatementPartNewline
2021-11-21T23:53:26,700|[TRACE] script - #out(` `) [text]
2021-11-21T23:53:26,700|[TRACE] graph - <----- afterStatementPartNewline
2021-11-21T23:53:26,700|[TRACE] graph - -----> statementPart
2021-11-21T23:53:26,700|[TRACE] graph - -------> nonSkippedSpace
2021-11-21T23:53:26,700|[TRACE] script - #out(` `) [token]
2021-11-21T23:53:26,700|[TRACE] graph - <------- nonSkippedSpace
2021-11-21T23:53:26,700|[TRACE] graph - <----- statementPart
2021-11-21T23:53:26,700|[TRACE] graph - -----> statementPart
2021-11-21T23:53:26,700|[TRACE] graph - -------> nonSkippedSpace
2021-11-21T23:53:26,700|[TRACE] script - #out(` `) [token]
2021-11-21T23:53:26,700|[TRACE] graph - <------- nonSkippedSpace
2021-11-21T23:53:26,700|[TRACE] graph - <----- statementPart
2021-11-21T23:53:26,700|[TRACE] graph - -----> statementPart
2021-11-21T23:53:26,700|[TRACE] graph - -------> nonSkippedSpace
2021-11-21T23:53:26,700|[TRACE] script - #out(` `) [token]
2021-11-21T23:53:26,700|[TRACE] graph - <------- nonSkippedSpace
2021-11-21T23:53:26,700|[TRACE] graph - <----- statementPart
2021-11-21T23:53:26,700|[TRACE] graph - -----> statementPart
2021-11-21T23:53:26,700|[TRACE] graph - -------> nonSkippedSpace
2021-11-21T23:53:26,700|[TRACE] script - #out(` `) [token]
2021-11-21T23:53:26,700|[TRACE] graph - <------- nonSkippedSpace
2021-11-21T23:53:26,700|[TRACE] graph - <----- statementPart
2021-11-21T23:53:26,700|[TRACE] graph - -----> statementPart
2021-11-21T23:53:26,700|[TRACE] graph - -------> nonSkippedChar
2021-11-21T23:53:26,700|[TRACE] script - #out(`O`) [token]
2021-11-21T23:53:26,700|[TRACE] graph - <------- nonSkippedChar
2021-11-21T23:53:26,700|[TRACE] graph - <----- statementPart
2021-11-21T23:53:26,700|[TRACE] graph - -----> statementPart
2021-11-21T23:53:26,700|[TRACE] graph - -------> nonSkippedChar
2021-11-21T23:53:26,700|[TRACE] script - #out(`N`) [token]
2021-11-21T23:53:26,700|[TRACE] graph - <------- nonSkippedChar
2021-11-21T23:53:26,700|[TRACE] graph - <----- statementPart
2021-11-21T23:53:26,700|[TRACE] graph - -----> statementPart
2021-11-21T23:53:26,700|[TRACE] graph - -------> nonSkippedSpace
2021-11-21T23:53:26,700|[TRACE] script - #out(` `) [token]
2021-11-21T23:53:26,700|[TRACE] graph - <------- nonSkippedSpace
2021-11-21T23:53:26,700|[TRACE] graph - <----- statementPart
2021-11-21T23:53:26,700|[TRACE] graph - -----> statementPart
2021-11-21T23:53:26,700|[TRACE] graph - -------> nonSkippedChar
2021-11-21T23:53:26,700|[TRACE] script - #out(`D`) [token]
2021-11-21T23:53:26,700|[TRACE] graph - <------- nonSkippedChar
2021-11-21T23:53:26,700|[TRACE] graph - <----- statementPart
2021-11-21T23:53:26,700|[TRACE] graph - -----> statementPart
2021-11-21T23:53:26,700|[TRACE] graph - -------> nonSkippedChar
2021-11-21T23:53:26,700|[TRACE] script - #out(`E`) [token]
2021-11-21T23:53:26,700|[TRACE] graph - <------- nonSkippedChar
2021-11-21T23:53:26,700|[TRACE] graph - <----- statementPart
2021-11-21T23:53:26,700|[TRACE] graph - -----> statementPart
2021-11-21T23:53:26,700|[TRACE] graph - -------> nonSkippedChar
2021-11-21T23:53:26,700|[TRACE] script - #out(`L`) [token]
2021-11-21T23:53:26,700|[TRACE] graph - <------- nonSkippedChar
2021-11-21T23:53:26,700|[TRACE] graph - <----- statementPart
2021-11-21T23:53:26,700|[TRACE] graph - -----> statementPart
2021-11-21T23:53:26,700|[TRACE] graph - -------> nonSkippedChar
2021-11-21T23:53:26,700|[TRACE] script - #out(`E`) [token]
2021-11-21T23:53:26,700|[TRACE] graph - <------- nonSkippedChar
2021-11-21T23:53:26,700|[TRACE] graph - <----- statementPart
2021-11-21T23:53:26,700|[TRACE] graph - -----> statementPart
2021-11-21T23:53:26,700|[TRACE] graph - -------> nonSkippedChar
2021-11-21T23:53:26,700|[TRACE] script - #out(`T`) [token]
2021-11-21T23:53:26,700|[TRACE] graph - <------- nonSkippedChar
2021-11-21T23:53:26,700|[TRACE] graph - <----- statementPart
2021-11-21T23:53:26,700|[TRACE] graph - -----> statementPart
2021-11-21T23:53:26,700|[TRACE] graph - -------> nonSkippedChar
2021-11-21T23:53:26,700|[TRACE] script - #out(`E`) [token]
2021-11-21T23:53:26,700|[TRACE] graph - <------- nonSkippedChar
2021-11-21T23:53:26,700|[TRACE] graph - <----- statementPart
2021-11-21T23:53:26,700|[TRACE] graph - -----> statementPart
2021-11-21T23:53:26,700|[TRACE] graph - -------> nonSkippedSpace
2021-11-21T23:53:26,700|[TRACE] script - #out(` `) [token]
2021-11-21T23:53:26,700|[TRACE] graph - <------- nonSkippedSpace
2021-11-21T23:53:26,700|[TRACE] graph - <----- statementPart
2021-11-21T23:53:26,700|[TRACE] graph - -----> statementPart
2021-11-21T23:53:26,700|[TRACE] graph - -------> nonSkippedChar
2021-11-21T23:53:26,700|[TRACE] script - #out(`N`) [token]
2021-11-21T23:53:26,700|[TRACE] graph - <------- nonSkippedChar
2021-11-21T23:53:26,700|[TRACE] graph - <----- statementPart
2021-11-21T23:53:26,700|[TRACE] graph - -----> statementPart
2021-11-21T23:53:26,700|[TRACE] graph - -------> nonSkippedChar
2021-11-21T23:53:26,700|[TRACE] script - #out(`O`) [token]
2021-11-21T23:53:26,700|[TRACE] graph - <------- nonSkippedChar
2021-11-21T23:53:26,700|[TRACE] graph - <----- statementPart
2021-11-21T23:53:26,700|[TRACE] graph - -----> statementPart
2021-11-21T23:53:26,700|[TRACE] graph - -------> nonSkippedSpace
2021-11-21T23:53:26,700|[TRACE] script - #out(` `) [token]
2021-11-21T23:53:26,700|[TRACE] graph - <------- nonSkippedSpace
2021-11-21T23:53:26,700|[TRACE] graph - <----- statementPart
2021-11-21T23:53:26,700|[TRACE] graph - -----> statementPart
2021-11-21T23:53:26,700|[TRACE] graph - -------> nonSkippedChar
2021-11-21T23:53:26,700|[TRACE] script - #out(`A`) [token]
2021-11-21T23:53:26,700|[TRACE] graph - <------- nonSkippedChar
2021-11-21T23:53:26,701|[TRACE] graph - <----- statementPart
2021-11-21T23:53:26,701|[TRACE] graph - -----> statementPart
2021-11-21T23:53:26,701|[TRACE] graph - -------> nonSkippedChar
2021-11-21T23:53:26,701|[TRACE] script - #out(`C`) [token]
2021-11-21T23:53:26,701|[TRACE] graph - <------- nonSkippedChar
2021-11-21T23:53:26,701|[TRACE] graph - <----- statementPart
2021-11-21T23:53:26,701|[TRACE] graph - -----> statementPart
2021-11-21T23:53:26,701|[TRACE] graph - -------> nonSkippedChar
2021-11-21T23:53:26,701|[TRACE] script - #out(`T`) [token]
2021-11-21T23:53:26,701|[TRACE] graph - <------- nonSkippedChar
2021-11-21T23:53:26,701|[TRACE] graph - <----- statementPart
2021-11-21T23:53:26,701|[TRACE] graph - -----> statementPart
2021-11-21T23:53:26,701|[TRACE] graph - -------> nonSkippedChar
2021-11-21T23:53:26,701|[TRACE] script - #out(`I`) [token]
2021-11-21T23:53:26,701|[TRACE] graph - <------- nonSkippedChar
2021-11-21T23:53:26,701|[TRACE] graph - <----- statementPart
2021-11-21T23:53:26,701|[TRACE] graph - -----> statementPart
2021-11-21T23:53:26,701|[TRACE] graph - -------> nonSkippedChar
2021-11-21T23:53:26,701|[TRACE] script - #out(`O`) [token]
2021-11-21T23:53:26,701|[TRACE] graph - <------- nonSkippedChar
2021-11-21T23:53:26,701|[TRACE] graph - <----- statementPart
2021-11-21T23:53:26,701|[TRACE] graph - -----> statementPart
2021-11-21T23:53:26,701|[TRACE] graph - -------> nonSkippedChar
2021-11-21T23:53:26,701|[TRACE] script - #out(`N`) [token]
2021-11-21T23:53:26,701|[TRACE] graph - <------- nonSkippedChar
2021-11-21T23:53:26,701|[TRACE] graph - <----- statementPart
2021-11-21T23:53:26,701|[TRACE] graph - -----> afterStatementPartNewline
2021-11-21T23:53:26,701|[TRACE] script - #out(` `) [text]
2021-11-21T23:53:26,701|[TRACE] graph - <----- afterStatementPartNewline
2021-11-21T23:53:26,701|[TRACE] graph - -----> statementPart
2021-11-21T23:53:26,701|[TRACE] graph - -------> nonSkippedSpace
2021-11-21T23:53:26,701|[TRACE] script - #out(` `) [token]
2021-11-21T23:53:26,701|[TRACE] graph - <------- nonSkippedSpace
2021-11-21T23:53:26,701|[TRACE] graph - <----- statementPart
2021-11-21T23:53:26,701|[TRACE] graph - -----> statementPart
2021-11-21T23:53:26,701|[TRACE] graph - -------> nonSkippedSpace
2021-11-21T23:53:26,701|[TRACE] script - #out(` `) [token]
2021-11-21T23:53:26,701|[TRACE] graph - <------- nonSkippedSpace
2021-11-21T23:53:26,701|[TRACE] graph - <----- statementPart
2021-11-21T23:53:26,701|[TRACE] graph - -----> statementPart
2021-11-21T23:53:26,701|[TRACE] graph - -------> nonSkippedSpace
2021-11-21T23:53:26,701|[TRACE] script - #out(` `) [token]
2021-11-21T23:53:26,701|[TRACE] graph - <------- nonSkippedSpace
2021-11-21T23:53:26,701|[TRACE] graph - <----- statementPart
2021-11-21T23:53:26,701|[TRACE] graph - -----> statementPart
2021-11-21T23:53:26,701|[TRACE] graph - -------> nonSkippedSpace
2021-11-21T23:53:26,701|[TRACE] script - #out(` `) [token]
2021-11-21T23:53:26,701|[TRACE] graph - <------- nonSkippedSpace
2021-11-21T23:53:26,701|[TRACE] graph - <----- statementPart
2021-11-21T23:53:26,701|[TRACE] graph - -----> statementPart
2021-11-21T23:53:26,701|[TRACE] graph - -------> nonSkippedChar
2021-11-21T23:53:26,701|[TRACE] script - #out(`O`) [token]
2021-11-21T23:53:26,701|[TRACE] graph - <------- nonSkippedChar
2021-11-21T23:53:26,701|[TRACE] graph - <----- statementPart
2021-11-21T23:53:26,701|[TRACE] graph - -----> statementPart
2021-11-21T23:53:26,701|[TRACE] graph - -------> nonSkippedChar
2021-11-21T23:53:26,701|[TRACE] script - #out(`N`) [token]
2021-11-21T23:53:26,701|[TRACE] graph - <------- nonSkippedChar
2021-11-21T23:53:26,701|[TRACE] graph - <----- statementPart
2021-11-21T23:53:26,701|[TRACE] graph - -----> statementPart
2021-11-21T23:53:26,701|[TRACE] graph - -------> nonSkippedSpace
2021-11-21T23:53:26,701|[TRACE] script - #out(` `) [token]
2021-11-21T23:53:26,701|[TRACE] graph - <------- nonSkippedSpace
2021-11-21T23:53:26,701|[TRACE] graph - <----- statementPart
2021-11-21T23:53:26,701|[TRACE] graph - -----> statementPart
2021-11-21T23:53:26,701|[TRACE] graph - -------> nonSkippedChar
2021-11-21T23:53:26,701|[TRACE] script - #out(`U`) [token]
2021-11-21T23:53:26,701|[TRACE] graph - <------- nonSkippedChar
2021-11-21T23:53:26,701|[TRACE] graph - <----- statementPart
2021-11-21T23:53:26,701|[TRACE] graph - -----> statementPart
2021-11-21T23:53:26,701|[TRACE] graph - -------> nonSkippedChar
2021-11-21T23:53:26,701|[TRACE] script - #out(`P`) [token]
2021-11-21T23:53:26,701|[TRACE] graph - <------- nonSkippedChar
2021-11-21T23:53:26,701|[TRACE] graph - <----- statementPart
2021-11-21T23:53:26,701|[TRACE] graph - -----> statementPart
2021-11-21T23:53:26,701|[TRACE] graph - -------> nonSkippedChar
2021-11-21T23:53:26,701|[TRACE] script - #out(`D`) [token]
2021-11-21T23:53:26,701|[TRACE] graph - <------- nonSkippedChar
2021-11-21T23:53:26,701|[TRACE] graph - <----- statementPart
2021-11-21T23:53:26,701|[TRACE] graph - -----> statementPart
2021-11-21T23:53:26,701|[TRACE] graph - -------> nonSkippedChar
2021-11-21T23:53:26,701|[TRACE] script - #out(`A`) [token]
2021-11-21T23:53:26,701|[TRACE] graph - <------- nonSkippedChar
2021-11-21T23:53:26,701|[TRACE] graph - <----- statementPart
2021-11-21T23:53:26,701|[TRACE] graph - -----> statementPart
2021-11-21T23:53:26,701|[TRACE] graph - -------> nonSkippedChar
2021-11-21T23:53:26,701|[TRACE] script - #out(`T`) [token]
2021-11-21T23:53:26,701|[TRACE] graph - <------- nonSkippedChar
2021-11-21T23:53:26,701|[TRACE] graph - <----- statementPart
2021-11-21T23:53:26,701|[TRACE] graph - -----> statementPart
2021-11-21T23:53:26,701|[TRACE] graph - -------> nonSkippedChar
2021-11-21T23:53:26,701|[TRACE] script - #out(`E`) [token]
2021-11-21T23:53:26,701|[TRACE] graph - <------- nonSkippedChar
2021-11-21T23:53:26,701|[TRACE] graph - <----- statementPart
2021-11-21T23:53:26,701|[TRACE] graph - -----> statementPart
2021-11-21T23:53:26,701|[TRACE] graph - -------> nonSkippedSpace
2021-11-21T23:53:26,701|[TRACE] script - #out(` `) [token]
2021-11-21T23:53:26,701|[TRACE] graph - <------- nonSkippedSpace
2021-11-21T23:53:26,701|[TRACE] graph - <----- statementPart
2021-11-21T23:53:26,701|[TRACE] graph - -----> statementPart
2021-11-21T23:53:26,701|[TRACE] graph - -------> nonSkippedChar
2021-11-21T23:53:26,701|[TRACE] script - #out(`N`) [token]
2021-11-21T23:53:26,701|[TRACE] graph - <------- nonSkippedChar
2021-11-21T23:53:26,701|[TRACE] graph - <----- statementPart
2021-11-21T23:53:26,701|[TRACE] graph - -----> statementPart
2021-11-21T23:53:26,701|[TRACE] graph - -------> nonSkippedChar
2021-11-21T23:53:26,701|[TRACE] script - #out(`O`) [token]
2021-11-21T23:53:26,701|[TRACE] graph - <------- nonSkippedChar
2021-11-21T23:53:26,701|[TRACE] graph - <----- statementPart
2021-11-21T23:53:26,701|[TRACE] graph - -----> statementPart
2021-11-21T23:53:26,701|[TRACE] graph - -------> nonSkippedSpace
2021-11-21T23:53:26,701|[TRACE] script - #out(` `) [token]
2021-11-21T23:53:26,701|[TRACE] graph - <------- nonSkippedSpace
2021-11-21T23:53:26,701|[TRACE] graph - <----- statementPart
2021-11-21T23:53:26,701|[TRACE] graph - -----> statementPart
2021-11-21T23:53:26,701|[TRACE] graph - -------> nonSkippedChar
2021-11-21T23:53:26,701|[TRACE] script - #out(`A`) [token]
2021-11-21T23:53:26,701|[TRACE] graph - <------- nonSkippedChar
2021-11-21T23:53:26,701|[TRACE] graph - <----- statementPart
2021-11-21T23:53:26,701|[TRACE] graph - -----> statementPart
2021-11-21T23:53:26,701|[TRACE] graph - -------> nonSkippedChar
2021-11-21T23:53:26,701|[TRACE] script - #out(`C`) [token]
2021-11-21T23:53:26,701|[TRACE] graph - <------- nonSkippedChar
2021-11-21T23:53:26,701|[TRACE] graph - <----- statementPart
2021-11-21T23:53:26,701|[TRACE] graph - -----> statementPart
2021-11-21T23:53:26,701|[TRACE] graph - -------> nonSkippedChar
2021-11-21T23:53:26,701|[TRACE] script - #out(`T`) [token]
2021-11-21T23:53:26,701|[TRACE] graph - <------- nonSkippedChar
2021-11-21T23:53:26,701|[TRACE] graph - <----- statementPart
2021-11-21T23:53:26,701|[TRACE] graph - -----> statementPart
2021-11-21T23:53:26,701|[TRACE] graph - -------> nonSkippedChar
2021-11-21T23:53:26,701|[TRACE] script - #out(`I`) [token]
2021-11-21T23:53:26,701|[TRACE] graph - <------- nonSkippedChar
2021-11-21T23:53:26,701|[TRACE] graph - <----- statementPart
2021-11-21T23:53:26,701|[TRACE] graph - -----> statementPart
2021-11-21T23:53:26,701|[TRACE] graph - -------> nonSkippedChar
2021-11-21T23:53:26,701|[TRACE] script - #out(`O`) [token]
2021-11-21T23:53:26,701|[TRACE] graph - <------- nonSkippedChar
2021-11-21T23:53:26,701|[TRACE] graph - <----- statementPart
2021-11-21T23:53:26,701|[TRACE] graph - -----> statementPart
2021-11-21T23:53:26,701|[TRACE] graph - -------> nonSkippedChar
2021-11-21T23:53:26,701|[TRACE] script - #out(`N`) [token]
2021-11-21T23:53:26,701|[TRACE] graph - <------- nonSkippedChar
2021-11-21T23:53:26,701|[TRACE] graph - <----- statementPart
2021-11-21T23:53:26,701|[TRACE] graph - -----> statementPart
2021-11-21T23:53:26,701|[TRACE] graph - -------> nonSkippedChar
2021-11-21T23:53:26,701|[TRACE] script - #out(`)`) [token]
2021-11-21T23:53:26,701|[TRACE] graph - <------- nonSkippedChar
2021-11-21T23:53:26,701|[TRACE] graph - <----- statementPart
2021-11-21T23:53:26,701|[TRACE] graph - -----> afterStatementPartNewline
2021-11-21T23:53:26,701|[TRACE] script - #out(` `) [text]
2021-11-21T23:53:26,701|[TRACE] graph - <----- afterStatementPartNewline
2021-11-21T23:53:26,701|[TRACE] graph - -----> statementPart
2021-11-21T23:53:26,701|[TRACE] graph - -------> nonSkippedChar
2021-11-21T23:53:26,701|[TRACE] script - #out(`E`) [token]
2021-11-21T23:53:26,701|[TRACE] graph - <------- nonSkippedChar
2021-11-21T23:53:26,701|[TRACE] graph - <----- statementPart
2021-11-21T23:53:26,701|[TRACE] graph - -----> statementPart
2021-11-21T23:53:26,701|[TRACE] graph - -------> nonSkippedChar
2021-11-21T23:53:26,701|[TRACE] script - #out(`N`) [token]
2021-11-21T23:53:26,701|[TRACE] graph - <------- nonSkippedChar
2021-11-21T23:53:26,701|[TRACE] graph - <----- statementPart
2021-11-21T23:53:26,701|[TRACE] graph - -----> statementPart
2021-11-21T23:53:26,701|[TRACE] graph - -------> nonSkippedChar
2021-11-21T23:53:26,701|[TRACE] script - #out(`G`) [token]
2021-11-21T23:53:26,701|[TRACE] graph - <------- nonSkippedChar
2021-11-21T23:53:26,701|[TRACE] graph - <----- statementPart
2021-11-21T23:53:26,701|[TRACE] graph - -----> statementPart
2021-11-21T23:53:26,701|[TRACE] graph - -------> nonSkippedChar
2021-11-21T23:53:26,701|[TRACE] script - #out(`I`) [token]
2021-11-21T23:53:26,701|[TRACE] graph - <------- nonSkippedChar
2021-11-21T23:53:26,701|[TRACE] graph - <----- statementPart
2021-11-21T23:53:26,701|[TRACE] graph - -----> statementPart
2021-11-21T23:53:26,701|[TRACE] graph - -------> nonSkippedChar
2021-11-21T23:53:26,701|[TRACE] script - #out(`N`) [token]
2021-11-21T23:53:26,701|[TRACE] graph - <------- nonSkippedChar
2021-11-21T23:53:26,701|[TRACE] graph - <----- statementPart
2021-11-21T23:53:26,701|[TRACE] graph - -----> statementPart
2021-11-21T23:53:26,701|[TRACE] graph - -------> nonSkippedChar
2021-11-21T23:53:26,701|[TRACE] script - #out(`E`) [token]
2021-11-21T23:53:26,701|[TRACE] graph - <------- nonSkippedChar
2021-11-21T23:53:26,701|[TRACE] graph - <----- statementPart
2021-11-21T23:53:26,701|[TRACE] graph - -----> statementPart
2021-11-21T23:53:26,701|[TRACE] graph - -------> nonSkippedSpace
2021-11-21T23:53:26,701|[TRACE] script - #out(` `) [token]
2021-11-21T23:53:26,701|[TRACE] graph - <------- nonSkippedSpace
2021-11-21T23:53:26,701|[TRACE] graph - <----- statementPart
2021-11-21T23:53:26,701|[TRACE] graph - -----> statementPart
2021-11-21T23:53:26,701|[TRACE] graph - -------> nonSkippedChar
2021-11-21T23:53:26,701|[TRACE] script - #out(`=`) [token]
2021-11-21T23:53:26,701|[TRACE] graph - <------- nonSkippedChar
2021-11-21T23:53:26,701|[TRACE] graph - <----- statementPart
2021-11-21T23:53:26,701|[TRACE] graph - -----> statementPart
2021-11-21T23:53:26,701|[TRACE] graph - -------> nonSkippedSpace
2021-11-21T23:53:26,701|[TRACE] script - #out(` `) [token]
2021-11-21T23:53:26,701|[TRACE] graph - <------- nonSkippedSpace
2021-11-21T23:53:26,701|[TRACE] graph - <----- statementPart
2021-11-21T23:53:26,701|[TRACE] graph - -----> statementPart
2021-11-21T23:53:26,701|[TRACE] graph - -------> nonSkippedChar
2021-11-21T23:53:26,701|[TRACE] script - #out(`I`) [token]
2021-11-21T23:53:26,701|[TRACE] graph - <------- nonSkippedChar
2021-11-21T23:53:26,701|[TRACE] graph - <----- statementPart
2021-11-21T23:53:26,701|[TRACE] graph - -----> statementPart
2021-11-21T23:53:26,701|[TRACE] graph - -------> nonSkippedChar
2021-11-21T23:53:26,701|[TRACE] script - #out(`n`) [token]
2021-11-21T23:53:26,701|[TRACE] graph - <------- nonSkippedChar
2021-11-21T23:53:26,701|[TRACE] graph - <----- statementPart
2021-11-21T23:53:26,701|[TRACE] graph - -----> statementPart
2021-11-21T23:53:26,701|[TRACE] graph - -------> nonSkippedChar
2021-11-21T23:53:26,701|[TRACE] script - #out(`n`) [token]
2021-11-21T23:53:26,701|[TRACE] graph - <------- nonSkippedChar
2021-11-21T23:53:26,701|[TRACE] graph - <----- statementPart
2021-11-21T23:53:26,701|[TRACE] graph - -----> statementPart
2021-11-21T23:53:26,701|[TRACE] graph - -------> nonSkippedChar
2021-11-21T23:53:26,701|[TRACE] script - #out(`o`) [token]
2021-11-21T23:53:26,701|[TRACE] graph - <------- nonSkippedChar
2021-11-21T23:53:26,701|[TRACE] graph - <----- statementPart
2021-11-21T23:53:26,701|[TRACE] graph - -----> statementPart
2021-11-21T23:53:26,701|[TRACE] graph - -------> nonSkippedChar
2021-11-21T23:53:26,701|[TRACE] script - #out(`D`) [token]
2021-11-21T23:53:26,701|[TRACE] graph - <------- nonSkippedChar
2021-11-21T23:53:26,701|[TRACE] graph - <----- statementPart
2021-11-21T23:53:26,701|[TRACE] graph - -----> statementPart
2021-11-21T23:53:26,701|[TRACE] graph - -------> nonSkippedChar
2021-11-21T23:53:26,701|[TRACE] script - #out(`B`) [token]
2021-11-21T23:53:26,701|[TRACE] graph - <------- nonSkippedChar
2021-11-21T23:53:26,701|[TRACE] graph - <----- statementPart
2021-11-21T23:53:26,701|[DEBUG] graph - Import statement : CREATE TABLE IF NOT EXISTS `bloodbank`.`contact` (   `person_id` INT NOT NULL,   `phone_id` INT NOT NULL,   `contact_type` VARCHAR(10) NOT NULL,   `email` VARCHAR(100) NULL,   `address_id` INT NULL,   `created` BIGINT NOT NULL DEFAULT (unix_timestamp(now()) * 1000),   `updated` BIGINT NOT NULL DEFAULT (unix_timestamp(now()) * 1000),   `version` INT NOT NULL DEFAULT 1,   PRIMARY KEY (`person_id`, `phone_id`),   INDEX `fk_contact_phone1_idx` (`phone_id` ASC) VISIBLE,   INDEX `fk_contact_person1_idx` (`person_id` ASC) VISIBLE,   CONSTRAINT `fk_contact_address1`     FOREIGN KEY (`address_id`)     REFERENCES `bloodbank`.`address` (`address_id`)     ON DELETE NO ACTION     ON UPDATE NO ACTION,   CONSTRAINT `fk_contact_phone1`     FOREIGN KEY (`phone_id`)     REFERENCES `bloodbank`.`phone` (`phone_id`)     ON DELETE NO ACTION     ON UPDATE NO ACTION,   CONSTRAINT `fk_contact_person1`     FOREIGN KEY (`person_id`)     REFERENCES `bloodbank`.`person` (`id`)     ON DELETE NO ACTION     ON UPDATE NO ACTION) ENGINE = InnoDB
2021-11-21T23:53:26,742|[TRACE] graph - <--- statement
2021-11-21T23:53:26,742|[TRACE] graph - ---> blankSpacesToSkip
2021-11-21T23:53:26,742|[TRACE] graph - -----> newLineToSkip
2021-11-21T23:53:26,742|[TRACE] graph - <----- newLineToSkip
2021-11-21T23:53:26,742|[TRACE] graph - -----> newLineToSkip
2021-11-21T23:53:26,742|[TRACE] graph - <----- newLineToSkip
2021-11-21T23:53:26,742|[TRACE] graph - -----> newLineToSkip
2021-11-21T23:53:26,742|[TRACE] graph - <----- newLineToSkip
2021-11-21T23:53:26,742|[TRACE] graph - <--- blankSpacesToSkip
2021-11-21T23:53:26,742|[TRACE] graph - ---> statement
2021-11-21T23:53:26,742|[TRACE] graph - -----> statementFirstPart
2021-11-21T23:53:26,742|[TRACE] graph - -------> nonSkippedChar
2021-11-21T23:53:26,742|[TRACE] script - #out(`S`) [token]
2021-11-21T23:53:26,742|[TRACE] graph - <------- nonSkippedChar
2021-11-21T23:53:26,742|[TRACE] graph - <----- statementFirstPart
2021-11-21T23:53:26,742|[TRACE] graph - -----> statementPart
2021-11-21T23:53:26,742|[TRACE] graph - -------> nonSkippedChar
2021-11-21T23:53:26,742|[TRACE] script - #out(`E`) [token]
2021-11-21T23:53:26,742|[TRACE] graph - <------- nonSkippedChar
2021-11-21T23:53:26,742|[TRACE] graph - <----- statementPart
2021-11-21T23:53:26,742|[TRACE] graph - -----> statementPart
2021-11-21T23:53:26,742|[TRACE] graph - -------> nonSkippedChar
2021-11-21T23:53:26,742|[TRACE] script - #out(`T`) [token]
2021-11-21T23:53:26,742|[TRACE] graph - <------- nonSkippedChar
2021-11-21T23:53:26,742|[TRACE] graph - <----- statementPart
2021-11-21T23:53:26,742|[TRACE] graph - -----> statementPart
2021-11-21T23:53:26,742|[TRACE] graph - -------> nonSkippedSpace
2021-11-21T23:53:26,742|[TRACE] script - #out(` `) [token]
2021-11-21T23:53:26,742|[TRACE] graph - <------- nonSkippedSpace
2021-11-21T23:53:26,742|[TRACE] graph - <----- statementPart
2021-11-21T23:53:26,742|[TRACE] graph - -----> statementPart
2021-11-21T23:53:26,742|[TRACE] graph - -------> nonSkippedChar
2021-11-21T23:53:26,742|[TRACE] script - #out(`S`) [token]
2021-11-21T23:53:26,742|[TRACE] graph - <------- nonSkippedChar
2021-11-21T23:53:26,742|[TRACE] graph - <----- statementPart
2021-11-21T23:53:26,742|[TRACE] graph - -----> statementPart
2021-11-21T23:53:26,742|[TRACE] graph - -------> nonSkippedChar
2021-11-21T23:53:26,742|[TRACE] script - #out(`Q`) [token]
2021-11-21T23:53:26,742|[TRACE] graph - <------- nonSkippedChar
2021-11-21T23:53:26,742|[TRACE] graph - <----- statementPart
2021-11-21T23:53:26,742|[TRACE] graph - -----> statementPart
2021-11-21T23:53:26,742|[TRACE] graph - -------> nonSkippedChar
2021-11-21T23:53:26,742|[TRACE] script - #out(`L`) [token]
2021-11-21T23:53:26,742|[TRACE] graph - <------- nonSkippedChar
2021-11-21T23:53:26,742|[TRACE] graph - <----- statementPart
2021-11-21T23:53:26,742|[TRACE] graph - -----> statementPart
2021-11-21T23:53:26,742|[TRACE] graph - -------> nonSkippedChar
2021-11-21T23:53:26,742|[TRACE] script - #out(`_`) [token]
2021-11-21T23:53:26,742|[TRACE] graph - <------- nonSkippedChar
2021-11-21T23:53:26,742|[TRACE] graph - <----- statementPart
2021-11-21T23:53:26,742|[TRACE] graph - -----> statementPart
2021-11-21T23:53:26,742|[TRACE] graph - -------> nonSkippedChar
2021-11-21T23:53:26,742|[TRACE] script - #out(`M`) [token]
2021-11-21T23:53:26,742|[TRACE] graph - <------- nonSkippedChar
2021-11-21T23:53:26,742|[TRACE] graph - <----- statementPart
2021-11-21T23:53:26,742|[TRACE] graph - -----> statementPart
2021-11-21T23:53:26,742|[TRACE] graph - -------> nonSkippedChar
2021-11-21T23:53:26,742|[TRACE] script - #out(`O`) [token]
2021-11-21T23:53:26,742|[TRACE] graph - <------- nonSkippedChar
2021-11-21T23:53:26,742|[TRACE] graph - <----- statementPart
2021-11-21T23:53:26,742|[TRACE] graph - -----> statementPart
2021-11-21T23:53:26,742|[TRACE] graph - -------> nonSkippedChar
2021-11-21T23:53:26,742|[TRACE] script - #out(`D`) [token]
2021-11-21T23:53:26,742|[TRACE] graph - <------- nonSkippedChar
2021-11-21T23:53:26,742|[TRACE] graph - <----- statementPart
2021-11-21T23:53:26,742|[TRACE] graph - -----> statementPart
2021-11-21T23:53:26,742|[TRACE] graph - -------> nonSkippedChar
2021-11-21T23:53:26,742|[TRACE] script - #out(`E`) [token]
2021-11-21T23:53:26,742|[TRACE] graph - <------- nonSkippedChar
2021-11-21T23:53:26,742|[TRACE] graph - <----- statementPart
2021-11-21T23:53:26,742|[TRACE] graph - -----> statementPart
2021-11-21T23:53:26,742|[TRACE] graph - -------> nonSkippedChar
2021-11-21T23:53:26,742|[TRACE] script - #out(`=`) [token]
2021-11-21T23:53:26,742|[TRACE] graph - <------- nonSkippedChar
2021-11-21T23:53:26,742|[TRACE] graph - <----- statementPart
2021-11-21T23:53:26,742|[TRACE] graph - -----> statementPart
2021-11-21T23:53:26,742|[TRACE] graph - -------> nonSkippedChar
2021-11-21T23:53:26,742|[TRACE] script - #out(`@`) [token]
2021-11-21T23:53:26,742|[TRACE] graph - <------- nonSkippedChar
2021-11-21T23:53:26,742|[TRACE] graph - <----- statementPart
2021-11-21T23:53:26,742|[TRACE] graph - -----> statementPart
2021-11-21T23:53:26,742|[TRACE] graph - -------> nonSkippedChar
2021-11-21T23:53:26,742|[TRACE] script - #out(`O`) [token]
2021-11-21T23:53:26,742|[TRACE] graph - <------- nonSkippedChar
2021-11-21T23:53:26,742|[TRACE] graph - <----- statementPart
2021-11-21T23:53:26,742|[TRACE] graph - -----> statementPart
2021-11-21T23:53:26,742|[TRACE] graph - -------> nonSkippedChar
2021-11-21T23:53:26,742|[TRACE] script - #out(`L`) [token]
2021-11-21T23:53:26,742|[TRACE] graph - <------- nonSkippedChar
2021-11-21T23:53:26,742|[TRACE] graph - <----- statementPart
2021-11-21T23:53:26,742|[TRACE] graph - -----> statementPart
2021-11-21T23:53:26,742|[TRACE] graph - -------> nonSkippedChar
2021-11-21T23:53:26,742|[TRACE] script - #out(`D`) [token]
2021-11-21T23:53:26,742|[TRACE] graph - <------- nonSkippedChar
2021-11-21T23:53:26,742|[TRACE] graph - <----- statementPart
2021-11-21T23:53:26,742|[TRACE] graph - -----> statementPart
2021-11-21T23:53:26,742|[TRACE] graph - -------> nonSkippedChar
2021-11-21T23:53:26,742|[TRACE] script - #out(`_`) [token]
2021-11-21T23:53:26,742|[TRACE] graph - <------- nonSkippedChar
2021-11-21T23:53:26,742|[TRACE] graph - <----- statementPart
2021-11-21T23:53:26,742|[TRACE] graph - -----> statementPart
2021-11-21T23:53:26,742|[TRACE] graph - -------> nonSkippedChar
2021-11-21T23:53:26,742|[TRACE] script - #out(`S`) [token]
2021-11-21T23:53:26,742|[TRACE] graph - <------- nonSkippedChar
2021-11-21T23:53:26,742|[TRACE] graph - <----- statementPart
2021-11-21T23:53:26,742|[TRACE] graph - -----> statementPart
2021-11-21T23:53:26,742|[TRACE] graph - -------> nonSkippedChar
2021-11-21T23:53:26,742|[TRACE] script - #out(`Q`) [token]
2021-11-21T23:53:26,742|[TRACE] graph - <------- nonSkippedChar
2021-11-21T23:53:26,742|[TRACE] graph - <----- statementPart
2021-11-21T23:53:26,742|[TRACE] graph - -----> statementPart
2021-11-21T23:53:26,742|[TRACE] graph - -------> nonSkippedChar
2021-11-21T23:53:26,742|[TRACE] script - #out(`L`) [token]
2021-11-21T23:53:26,742|[TRACE] graph - <------- nonSkippedChar
2021-11-21T23:53:26,742|[TRACE] graph - <----- statementPart
2021-11-21T23:53:26,742|[TRACE] graph - -----> statementPart
2021-11-21T23:53:26,742|[TRACE] graph - -------> nonSkippedChar
2021-11-21T23:53:26,742|[TRACE] script - #out(`_`) [token]
2021-11-21T23:53:26,742|[TRACE] graph - <------- nonSkippedChar
2021-11-21T23:53:26,742|[TRACE] graph - <----- statementPart
2021-11-21T23:53:26,742|[TRACE] graph - -----> statementPart
2021-11-21T23:53:26,742|[TRACE] graph - -------> nonSkippedChar
2021-11-21T23:53:26,742|[TRACE] script - #out(`M`) [token]
2021-11-21T23:53:26,742|[TRACE] graph - <------- nonSkippedChar
2021-11-21T23:53:26,742|[TRACE] graph - <----- statementPart
2021-11-21T23:53:26,742|[TRACE] graph - -----> statementPart
2021-11-21T23:53:26,742|[TRACE] graph - -------> nonSkippedChar
2021-11-21T23:53:26,742|[TRACE] script - #out(`O`) [token]
2021-11-21T23:53:26,742|[TRACE] graph - <------- nonSkippedChar
2021-11-21T23:53:26,742|[TRACE] graph - <----- statementPart
2021-11-21T23:53:26,742|[TRACE] graph - -----> statementPart
2021-11-21T23:53:26,742|[TRACE] graph - -------> nonSkippedChar
2021-11-21T23:53:26,742|[TRACE] script - #out(`D`) [token]
2021-11-21T23:53:26,742|[TRACE] graph - <------- nonSkippedChar
2021-11-21T23:53:26,742|[TRACE] graph - <----- statementPart
2021-11-21T23:53:26,742|[TRACE] graph - -----> statementPart
2021-11-21T23:53:26,742|[TRACE] graph - -------> nonSkippedChar
2021-11-21T23:53:26,742|[TRACE] script - #out(`E`) [token]
2021-11-21T23:53:26,743|[TRACE] graph - <------- nonSkippedChar
2021-11-21T23:53:26,743|[TRACE] graph - <----- statementPart
2021-11-21T23:53:26,743|[DEBUG] graph - Import statement : SET SQL_MODE=@OLD_SQL_MODE
2021-11-21T23:53:26,743|[TRACE] graph - <--- statement
2021-11-21T23:53:26,743|[TRACE] graph - ---> blankSpacesToSkip
2021-11-21T23:53:26,743|[TRACE] graph - -----> newLineToSkip
2021-11-21T23:53:26,743|[TRACE] graph - <----- newLineToSkip
2021-11-21T23:53:26,743|[TRACE] graph - <--- blankSpacesToSkip
2021-11-21T23:53:26,743|[TRACE] graph - ---> statement
2021-11-21T23:53:26,743|[TRACE] graph - -----> statementFirstPart
2021-11-21T23:53:26,743|[TRACE] graph - -------> nonSkippedChar
2021-11-21T23:53:26,743|[TRACE] script - #out(`S`) [token]
2021-11-21T23:53:26,743|[TRACE] graph - <------- nonSkippedChar
2021-11-21T23:53:26,743|[TRACE] graph - <----- statementFirstPart
2021-11-21T23:53:26,743|[TRACE] graph - -----> statementPart
2021-11-21T23:53:26,743|[TRACE] graph - -------> nonSkippedChar
2021-11-21T23:53:26,743|[TRACE] script - #out(`E`) [token]
2021-11-21T23:53:26,743|[TRACE] graph - <------- nonSkippedChar
2021-11-21T23:53:26,743|[TRACE] graph - <----- statementPart
2021-11-21T23:53:26,743|[TRACE] graph - -----> statementPart
2021-11-21T23:53:26,743|[TRACE] graph - -------> nonSkippedChar
2021-11-21T23:53:26,743|[TRACE] script - #out(`T`) [token]
2021-11-21T23:53:26,743|[TRACE] graph - <------- nonSkippedChar
2021-11-21T23:53:26,743|[TRACE] graph - <----- statementPart
2021-11-21T23:53:26,743|[TRACE] graph - -----> statementPart
2021-11-21T23:53:26,743|[TRACE] graph - -------> nonSkippedSpace
2021-11-21T23:53:26,743|[TRACE] script - #out(` `) [token]
2021-11-21T23:53:26,743|[TRACE] graph - <------- nonSkippedSpace
2021-11-21T23:53:26,743|[TRACE] graph - <----- statementPart
2021-11-21T23:53:26,743|[TRACE] graph - -----> statementPart
2021-11-21T23:53:26,743|[TRACE] graph - -------> nonSkippedChar
2021-11-21T23:53:26,743|[TRACE] script - #out(`F`) [token]
2021-11-21T23:53:26,743|[TRACE] graph - <------- nonSkippedChar
2021-11-21T23:53:26,743|[TRACE] graph - <----- statementPart
2021-11-21T23:53:26,743|[TRACE] graph - -----> statementPart
2021-11-21T23:53:26,743|[TRACE] graph - -------> nonSkippedChar
2021-11-21T23:53:26,743|[TRACE] script - #out(`O`) [token]
2021-11-21T23:53:26,743|[TRACE] graph - <------- nonSkippedChar
2021-11-21T23:53:26,743|[TRACE] graph - <----- statementPart
2021-11-21T23:53:26,743|[TRACE] graph - -----> statementPart
2021-11-21T23:53:26,743|[TRACE] graph - -------> nonSkippedChar
2021-11-21T23:53:26,743|[TRACE] script - #out(`R`) [token]
2021-11-21T23:53:26,743|[TRACE] graph - <------- nonSkippedChar
2021-11-21T23:53:26,743|[TRACE] graph - <----- statementPart
2021-11-21T23:53:26,743|[TRACE] graph - -----> statementPart
2021-11-21T23:53:26,743|[TRACE] graph - -------> nonSkippedChar
2021-11-21T23:53:26,743|[TRACE] script - #out(`E`) [token]
2021-11-21T23:53:26,743|[TRACE] graph - <------- nonSkippedChar
2021-11-21T23:53:26,743|[TRACE] graph - <----- statementPart
2021-11-21T23:53:26,743|[TRACE] graph - -----> statementPart
2021-11-21T23:53:26,743|[TRACE] graph - -------> nonSkippedChar
2021-11-21T23:53:26,743|[TRACE] script - #out(`I`) [token]
2021-11-21T23:53:26,743|[TRACE] graph - <------- nonSkippedChar
2021-11-21T23:53:26,743|[TRACE] graph - <----- statementPart
2021-11-21T23:53:26,743|[TRACE] graph - -----> statementPart
2021-11-21T23:53:26,743|[TRACE] graph - -------> nonSkippedChar
2021-11-21T23:53:26,743|[TRACE] script - #out(`G`) [token]
2021-11-21T23:53:26,743|[TRACE] graph - <------- nonSkippedChar
2021-11-21T23:53:26,743|[TRACE] graph - <----- statementPart
2021-11-21T23:53:26,743|[TRACE] graph - -----> statementPart
2021-11-21T23:53:26,743|[TRACE] graph - -------> nonSkippedChar
2021-11-21T23:53:26,743|[TRACE] script - #out(`N`) [token]
2021-11-21T23:53:26,743|[TRACE] graph - <------- nonSkippedChar
2021-11-21T23:53:26,743|[TRACE] graph - <----- statementPart
2021-11-21T23:53:26,743|[TRACE] graph - -----> statementPart
2021-11-21T23:53:26,743|[TRACE] graph - -------> nonSkippedChar
2021-11-21T23:53:26,743|[TRACE] script - #out(`_`) [token]
2021-11-21T23:53:26,743|[TRACE] graph - <------- nonSkippedChar
2021-11-21T23:53:26,743|[TRACE] graph - <----- statementPart
2021-11-21T23:53:26,743|[TRACE] graph - -----> statementPart
2021-11-21T23:53:26,743|[TRACE] graph - -------> nonSkippedChar
2021-11-21T23:53:26,743|[TRACE] script - #out(`K`) [token]
2021-11-21T23:53:26,743|[TRACE] graph - <------- nonSkippedChar
2021-11-21T23:53:26,743|[TRACE] graph - <----- statementPart
2021-11-21T23:53:26,743|[TRACE] graph - -----> statementPart
2021-11-21T23:53:26,743|[TRACE] graph - -------> nonSkippedChar
2021-11-21T23:53:26,743|[TRACE] script - #out(`E`) [token]
2021-11-21T23:53:26,743|[TRACE] graph - <------- nonSkippedChar
2021-11-21T23:53:26,743|[TRACE] graph - <----- statementPart
2021-11-21T23:53:26,743|[TRACE] graph - -----> statementPart
2021-11-21T23:53:26,743|[TRACE] graph - -------> nonSkippedChar
2021-11-21T23:53:26,743|[TRACE] script - #out(`Y`) [token]
2021-11-21T23:53:26,743|[TRACE] graph - <------- nonSkippedChar
2021-11-21T23:53:26,743|[TRACE] graph - <----- statementPart
2021-11-21T23:53:26,743|[TRACE] graph - -----> statementPart
2021-11-21T23:53:26,743|[TRACE] graph - -------> nonSkippedChar
2021-11-21T23:53:26,743|[TRACE] script - #out(`_`) [token]
2021-11-21T23:53:26,743|[TRACE] graph - <------- nonSkippedChar
2021-11-21T23:53:26,743|[TRACE] graph - <----- statementPart
2021-11-21T23:53:26,743|[TRACE] graph - -----> statementPart
2021-11-21T23:53:26,743|[TRACE] graph - -------> nonSkippedChar
2021-11-21T23:53:26,743|[TRACE] script - #out(`C`) [token]
2021-11-21T23:53:26,743|[TRACE] graph - <------- nonSkippedChar
2021-11-21T23:53:26,743|[TRACE] graph - <----- statementPart
2021-11-21T23:53:26,743|[TRACE] graph - -----> statementPart
2021-11-21T23:53:26,743|[TRACE] graph - -------> nonSkippedChar
2021-11-21T23:53:26,743|[TRACE] script - #out(`H`) [token]
2021-11-21T23:53:26,743|[TRACE] graph - <------- nonSkippedChar
2021-11-21T23:53:26,743|[TRACE] graph - <----- statementPart
2021-11-21T23:53:26,743|[TRACE] graph - -----> statementPart
2021-11-21T23:53:26,743|[TRACE] graph - -------> nonSkippedChar
2021-11-21T23:53:26,743|[TRACE] script - #out(`E`) [token]
2021-11-21T23:53:26,743|[TRACE] graph - <------- nonSkippedChar
2021-11-21T23:53:26,743|[TRACE] graph - <----- statementPart
2021-11-21T23:53:26,743|[TRACE] graph - -----> statementPart
2021-11-21T23:53:26,743|[TRACE] graph - -------> nonSkippedChar
2021-11-21T23:53:26,743|[TRACE] script - #out(`C`) [token]
2021-11-21T23:53:26,743|[TRACE] graph - <------- nonSkippedChar
2021-11-21T23:53:26,743|[TRACE] graph - <----- statementPart
2021-11-21T23:53:26,743|[TRACE] graph - -----> statementPart
2021-11-21T23:53:26,743|[TRACE] graph - -------> nonSkippedChar
2021-11-21T23:53:26,743|[TRACE] script - #out(`K`) [token]
2021-11-21T23:53:26,743|[TRACE] graph - <------- nonSkippedChar
2021-11-21T23:53:26,743|[TRACE] graph - <----- statementPart
2021-11-21T23:53:26,743|[TRACE] graph - -----> statementPart
2021-11-21T23:53:26,743|[TRACE] graph - -------> nonSkippedChar
2021-11-21T23:53:26,743|[TRACE] script - #out(`S`) [token]
2021-11-21T23:53:26,743|[TRACE] graph - <------- nonSkippedChar
2021-11-21T23:53:26,743|[TRACE] graph - <----- statementPart
2021-11-21T23:53:26,743|[TRACE] graph - -----> statementPart
2021-11-21T23:53:26,743|[TRACE] graph - -------> nonSkippedChar
2021-11-21T23:53:26,743|[TRACE] script - #out(`=`) [token]
2021-11-21T23:53:26,743|[TRACE] graph - <------- nonSkippedChar
2021-11-21T23:53:26,743|[TRACE] graph - <----- statementPart
2021-11-21T23:53:26,743|[TRACE] graph - -----> statementPart
2021-11-21T23:53:26,743|[TRACE] graph - -------> nonSkippedChar
2021-11-21T23:53:26,743|[TRACE] script - #out(`@`) [token]
2021-11-21T23:53:26,743|[TRACE] graph - <------- nonSkippedChar
2021-11-21T23:53:26,743|[TRACE] graph - <----- statementPart
2021-11-21T23:53:26,743|[TRACE] graph - -----> statementPart
2021-11-21T23:53:26,743|[TRACE] graph - -------> nonSkippedChar
2021-11-21T23:53:26,743|[TRACE] script - #out(`O`) [token]
2021-11-21T23:53:26,743|[TRACE] graph - <------- nonSkippedChar
2021-11-21T23:53:26,743|[TRACE] graph - <----- statementPart
2021-11-21T23:53:26,743|[TRACE] graph - -----> statementPart
2021-11-21T23:53:26,743|[TRACE] graph - -------> nonSkippedChar
2021-11-21T23:53:26,743|[TRACE] script - #out(`L`) [token]
2021-11-21T23:53:26,743|[TRACE] graph - <------- nonSkippedChar
2021-11-21T23:53:26,743|[TRACE] graph - <----- statementPart
2021-11-21T23:53:26,743|[TRACE] graph - -----> statementPart
2021-11-21T23:53:26,743|[TRACE] graph - -------> nonSkippedChar
2021-11-21T23:53:26,743|[TRACE] script - #out(`D`) [token]
2021-11-21T23:53:26,743|[TRACE] graph - <------- nonSkippedChar
2021-11-21T23:53:26,743|[TRACE] graph - <----- statementPart
2021-11-21T23:53:26,743|[TRACE] graph - -----> statementPart
2021-11-21T23:53:26,743|[TRACE] graph - -------> nonSkippedChar
2021-11-21T23:53:26,743|[TRACE] script - #out(`_`) [token]
2021-11-21T23:53:26,743|[TRACE] graph - <------- nonSkippedChar
2021-11-21T23:53:26,743|[TRACE] graph - <----- statementPart
2021-11-21T23:53:26,743|[TRACE] graph - -----> statementPart
2021-11-21T23:53:26,743|[TRACE] graph - -------> nonSkippedChar
2021-11-21T23:53:26,743|[TRACE] script - #out(`F`) [token]
2021-11-21T23:53:26,743|[TRACE] graph - <------- nonSkippedChar
2021-11-21T23:53:26,743|[TRACE] graph - <----- statementPart
2021-11-21T23:53:26,743|[TRACE] graph - -----> statementPart
2021-11-21T23:53:26,743|[TRACE] graph - -------> nonSkippedChar
2021-11-21T23:53:26,743|[TRACE] script - #out(`O`) [token]
2021-11-21T23:53:26,743|[TRACE] graph - <------- nonSkippedChar
2021-11-21T23:53:26,743|[TRACE] graph - <----- statementPart
2021-11-21T23:53:26,743|[TRACE] graph - -----> statementPart
2021-11-21T23:53:26,743|[TRACE] graph - -------> nonSkippedChar
2021-11-21T23:53:26,743|[TRACE] script - #out(`R`) [token]
2021-11-21T23:53:26,743|[TRACE] graph - <------- nonSkippedChar
2021-11-21T23:53:26,743|[TRACE] graph - <----- statementPart
2021-11-21T23:53:26,743|[TRACE] graph - -----> statementPart
2021-11-21T23:53:26,743|[TRACE] graph - -------> nonSkippedChar
2021-11-21T23:53:26,743|[TRACE] script - #out(`E`) [token]
2021-11-21T23:53:26,743|[TRACE] graph - <------- nonSkippedChar
2021-11-21T23:53:26,743|[TRACE] graph - <----- statementPart
2021-11-21T23:53:26,743|[TRACE] graph - -----> statementPart
2021-11-21T23:53:26,743|[TRACE] graph - -------> nonSkippedChar
2021-11-21T23:53:26,743|[TRACE] script - #out(`I`) [token]
2021-11-21T23:53:26,743|[TRACE] graph - <------- nonSkippedChar
2021-11-21T23:53:26,743|[TRACE] graph - <----- statementPart
2021-11-21T23:53:26,743|[TRACE] graph - -----> statementPart
2021-11-21T23:53:26,743|[TRACE] graph - -------> nonSkippedChar
2021-11-21T23:53:26,743|[TRACE] script - #out(`G`) [token]
2021-11-21T23:53:26,743|[TRACE] graph - <------- nonSkippedChar
2021-11-21T23:53:26,743|[TRACE] graph - <----- statementPart
2021-11-21T23:53:26,743|[TRACE] graph - -----> statementPart
2021-11-21T23:53:26,743|[TRACE] graph - -------> nonSkippedChar
2021-11-21T23:53:26,743|[TRACE] script - #out(`N`) [token]
2021-11-21T23:53:26,743|[TRACE] graph - <------- nonSkippedChar
2021-11-21T23:53:26,743|[TRACE] graph - <----- statementPart
2021-11-21T23:53:26,743|[TRACE] graph - -----> statementPart
2021-11-21T23:53:26,743|[TRACE] graph - -------> nonSkippedChar
2021-11-21T23:53:26,743|[TRACE] script - #out(`_`) [token]
2021-11-21T23:53:26,743|[TRACE] graph - <------- nonSkippedChar
2021-11-21T23:53:26,743|[TRACE] graph - <----- statementPart
2021-11-21T23:53:26,743|[TRACE] graph - -----> statementPart
2021-11-21T23:53:26,743|[TRACE] graph - -------> nonSkippedChar
2021-11-21T23:53:26,743|[TRACE] script - #out(`K`) [token]
2021-11-21T23:53:26,743|[TRACE] graph - <------- nonSkippedChar
2021-11-21T23:53:26,743|[TRACE] graph - <----- statementPart
2021-11-21T23:53:26,743|[TRACE] graph - -----> statementPart
2021-11-21T23:53:26,743|[TRACE] graph - -------> nonSkippedChar
2021-11-21T23:53:26,743|[TRACE] script - #out(`E`) [token]
2021-11-21T23:53:26,743|[TRACE] graph - <------- nonSkippedChar
2021-11-21T23:53:26,743|[TRACE] graph - <----- statementPart
2021-11-21T23:53:26,743|[TRACE] graph - -----> statementPart
2021-11-21T23:53:26,743|[TRACE] graph - -------> nonSkippedChar
2021-11-21T23:53:26,743|[TRACE] script - #out(`Y`) [token]
2021-11-21T23:53:26,743|[TRACE] graph - <------- nonSkippedChar
2021-11-21T23:53:26,743|[TRACE] graph - <----- statementPart
2021-11-21T23:53:26,743|[TRACE] graph - -----> statementPart
2021-11-21T23:53:26,743|[TRACE] graph - -------> nonSkippedChar
2021-11-21T23:53:26,743|[TRACE] script - #out(`_`) [token]
2021-11-21T23:53:26,743|[TRACE] graph - <------- nonSkippedChar
2021-11-21T23:53:26,743|[TRACE] graph - <----- statementPart
2021-11-21T23:53:26,743|[TRACE] graph - -----> statementPart
2021-11-21T23:53:26,743|[TRACE] graph - -------> nonSkippedChar
2021-11-21T23:53:26,743|[TRACE] script - #out(`C`) [token]
2021-11-21T23:53:26,743|[TRACE] graph - <------- nonSkippedChar
2021-11-21T23:53:26,743|[TRACE] graph - <----- statementPart
2021-11-21T23:53:26,743|[TRACE] graph - -----> statementPart
2021-11-21T23:53:26,743|[TRACE] graph - -------> nonSkippedChar
2021-11-21T23:53:26,743|[TRACE] script - #out(`H`) [token]
2021-11-21T23:53:26,743|[TRACE] graph - <------- nonSkippedChar
2021-11-21T23:53:26,743|[TRACE] graph - <----- statementPart
2021-11-21T23:53:26,743|[TRACE] graph - -----> statementPart
2021-11-21T23:53:26,743|[TRACE] graph - -------> nonSkippedChar
2021-11-21T23:53:26,743|[TRACE] script - #out(`E`) [token]
2021-11-21T23:53:26,743|[TRACE] graph - <------- nonSkippedChar
2021-11-21T23:53:26,743|[TRACE] graph - <----- statementPart
2021-11-21T23:53:26,743|[TRACE] graph - -----> statementPart
2021-11-21T23:53:26,743|[TRACE] graph - -------> nonSkippedChar
2021-11-21T23:53:26,743|[TRACE] script - #out(`C`) [token]
2021-11-21T23:53:26,743|[TRACE] graph - <------- nonSkippedChar
2021-11-21T23:53:26,743|[TRACE] graph - <----- statementPart
2021-11-21T23:53:26,743|[TRACE] graph - -----> statementPart
2021-11-21T23:53:26,743|[TRACE] graph - -------> nonSkippedChar
2021-11-21T23:53:26,743|[TRACE] script - #out(`K`) [token]
2021-11-21T23:53:26,743|[TRACE] graph - <------- nonSkippedChar
2021-11-21T23:53:26,743|[TRACE] graph - <----- statementPart
2021-11-21T23:53:26,743|[TRACE] graph - -----> statementPart
2021-11-21T23:53:26,743|[TRACE] graph - -------> nonSkippedChar
2021-11-21T23:53:26,743|[TRACE] script - #out(`S`) [token]
2021-11-21T23:53:26,743|[TRACE] graph - <------- nonSkippedChar
2021-11-21T23:53:26,743|[TRACE] graph - <----- statementPart
2021-11-21T23:53:26,743|[DEBUG] graph - Import statement : SET FOREIGN_KEY_CHECKS=@OLD_FOREIGN_KEY_CHECKS
2021-11-21T23:53:26,743|[TRACE] graph - <--- statement
2021-11-21T23:53:26,743|[TRACE] graph - ---> blankSpacesToSkip
2021-11-21T23:53:26,743|[TRACE] graph - -----> newLineToSkip
2021-11-21T23:53:26,743|[TRACE] graph - <----- newLineToSkip
2021-11-21T23:53:26,743|[TRACE] graph - <--- blankSpacesToSkip
2021-11-21T23:53:26,743|[TRACE] graph - ---> statement
2021-11-21T23:53:26,743|[TRACE] graph - -----> statementFirstPart
2021-11-21T23:53:26,743|[TRACE] graph - -------> nonSkippedChar
2021-11-21T23:53:26,743|[TRACE] script - #out(`S`) [token]
2021-11-21T23:53:26,743|[TRACE] graph - <------- nonSkippedChar
2021-11-21T23:53:26,743|[TRACE] graph - <----- statementFirstPart
2021-11-21T23:53:26,743|[TRACE] graph - -----> statementPart
2021-11-21T23:53:26,743|[TRACE] graph - -------> nonSkippedChar
2021-11-21T23:53:26,743|[TRACE] script - #out(`E`) [token]
2021-11-21T23:53:26,743|[TRACE] graph - <------- nonSkippedChar
2021-11-21T23:53:26,743|[TRACE] graph - <----- statementPart
2021-11-21T23:53:26,743|[TRACE] graph - -----> statementPart
2021-11-21T23:53:26,743|[TRACE] graph - -------> nonSkippedChar
2021-11-21T23:53:26,743|[TRACE] script - #out(`T`) [token]
2021-11-21T23:53:26,743|[TRACE] graph - <------- nonSkippedChar
2021-11-21T23:53:26,743|[TRACE] graph - <----- statementPart
2021-11-21T23:53:26,743|[TRACE] graph - -----> statementPart
2021-11-21T23:53:26,743|[TRACE] graph - -------> nonSkippedSpace
2021-11-21T23:53:26,743|[TRACE] script - #out(` `) [token]
2021-11-21T23:53:26,743|[TRACE] graph - <------- nonSkippedSpace
2021-11-21T23:53:26,743|[TRACE] graph - <----- statementPart
2021-11-21T23:53:26,743|[TRACE] graph - -----> statementPart
2021-11-21T23:53:26,743|[TRACE] graph - -------> nonSkippedChar
2021-11-21T23:53:26,743|[TRACE] script - #out(`U`) [token]
2021-11-21T23:53:26,743|[TRACE] graph - <------- nonSkippedChar
2021-11-21T23:53:26,743|[TRACE] graph - <----- statementPart
2021-11-21T23:53:26,743|[TRACE] graph - -----> statementPart
2021-11-21T23:53:26,743|[TRACE] graph - -------> nonSkippedChar
2021-11-21T23:53:26,743|[TRACE] script - #out(`N`) [token]
2021-11-21T23:53:26,743|[TRACE] graph - <------- nonSkippedChar
2021-11-21T23:53:26,743|[TRACE] graph - <----- statementPart
2021-11-21T23:53:26,743|[TRACE] graph - -----> statementPart
2021-11-21T23:53:26,743|[TRACE] graph - -------> nonSkippedChar
2021-11-21T23:53:26,743|[TRACE] script - #out(`I`) [token]
2021-11-21T23:53:26,743|[TRACE] graph - <------- nonSkippedChar
2021-11-21T23:53:26,743|[TRACE] graph - <----- statementPart
2021-11-21T23:53:26,743|[TRACE] graph - -----> statementPart
2021-11-21T23:53:26,743|[TRACE] graph - -------> nonSkippedChar
2021-11-21T23:53:26,743|[TRACE] script - #out(`Q`) [token]
2021-11-21T23:53:26,743|[TRACE] graph - <------- nonSkippedChar
2021-11-21T23:53:26,743|[TRACE] graph - <----- statementPart
2021-11-21T23:53:26,743|[TRACE] graph - -----> statementPart
2021-11-21T23:53:26,743|[TRACE] graph - -------> nonSkippedChar
2021-11-21T23:53:26,743|[TRACE] script - #out(`U`) [token]
2021-11-21T23:53:26,743|[TRACE] graph - <------- nonSkippedChar
2021-11-21T23:53:26,743|[TRACE] graph - <----- statementPart
2021-11-21T23:53:26,743|[TRACE] graph - -----> statementPart
2021-11-21T23:53:26,743|[TRACE] graph - -------> nonSkippedChar
2021-11-21T23:53:26,743|[TRACE] script - #out(`E`) [token]
2021-11-21T23:53:26,743|[TRACE] graph - <------- nonSkippedChar
2021-11-21T23:53:26,743|[TRACE] graph - <----- statementPart
2021-11-21T23:53:26,743|[TRACE] graph - -----> statementPart
2021-11-21T23:53:26,743|[TRACE] graph - -------> nonSkippedChar
2021-11-21T23:53:26,743|[TRACE] script - #out(`_`) [token]
2021-11-21T23:53:26,743|[TRACE] graph - <------- nonSkippedChar
2021-11-21T23:53:26,743|[TRACE] graph - <----- statementPart
2021-11-21T23:53:26,743|[TRACE] graph - -----> statementPart
2021-11-21T23:53:26,743|[TRACE] graph - -------> nonSkippedChar
2021-11-21T23:53:26,743|[TRACE] script - #out(`C`) [token]
2021-11-21T23:53:26,743|[TRACE] graph - <------- nonSkippedChar
2021-11-21T23:53:26,743|[TRACE] graph - <----- statementPart
2021-11-21T23:53:26,743|[TRACE] graph - -----> statementPart
2021-11-21T23:53:26,743|[TRACE] graph - -------> nonSkippedChar
2021-11-21T23:53:26,743|[TRACE] script - #out(`H`) [token]
2021-11-21T23:53:26,743|[TRACE] graph - <------- nonSkippedChar
2021-11-21T23:53:26,743|[TRACE] graph - <----- statementPart
2021-11-21T23:53:26,743|[TRACE] graph - -----> statementPart
2021-11-21T23:53:26,743|[TRACE] graph - -------> nonSkippedChar
2021-11-21T23:53:26,743|[TRACE] script - #out(`E`) [token]
2021-11-21T23:53:26,743|[TRACE] graph - <------- nonSkippedChar
2021-11-21T23:53:26,743|[TRACE] graph - <----- statementPart
2021-11-21T23:53:26,743|[TRACE] graph - -----> statementPart
2021-11-21T23:53:26,785|[TRACE] graph - -------> nonSkippedChar
2021-11-21T23:53:26,785|[TRACE] script - #out(`C`) [token]
2021-11-21T23:53:26,785|[TRACE] graph - <------- nonSkippedChar
2021-11-21T23:53:26,785|[TRACE] graph - <----- statementPart
2021-11-21T23:53:26,785|[TRACE] graph - -----> statementPart
2021-11-21T23:53:26,785|[TRACE] graph - -------> nonSkippedChar
2021-11-21T23:53:26,785|[TRACE] script - #out(`K`) [token]
2021-11-21T23:53:26,785|[TRACE] graph - <------- nonSkippedChar
2021-11-21T23:53:26,785|[TRACE] graph - <----- statementPart
2021-11-21T23:53:26,785|[TRACE] graph - -----> statementPart
2021-11-21T23:53:26,785|[TRACE] graph - -------> nonSkippedChar
2021-11-21T23:53:26,785|[TRACE] script - #out(`S`) [token]
2021-11-21T23:53:26,785|[TRACE] graph - <------- nonSkippedChar
2021-11-21T23:53:26,785|[TRACE] graph - <----- statementPart
2021-11-21T23:53:26,785|[TRACE] graph - -----> statementPart
2021-11-21T23:53:26,785|[TRACE] graph - -------> nonSkippedChar
2021-11-21T23:53:26,785|[TRACE] script - #out(`=`) [token]
2021-11-21T23:53:26,785|[TRACE] graph - <------- nonSkippedChar
2021-11-21T23:53:26,785|[TRACE] graph - <----- statementPart
2021-11-21T23:53:26,785|[TRACE] graph - -----> statementPart
2021-11-21T23:53:26,785|[TRACE] graph - -------> nonSkippedChar
2021-11-21T23:53:26,785|[TRACE] script - #out(`@`) [token]
2021-11-21T23:53:26,785|[TRACE] graph - <------- nonSkippedChar
2021-11-21T23:53:26,785|[TRACE] graph - <----- statementPart
2021-11-21T23:53:26,785|[TRACE] graph - -----> statementPart
2021-11-21T23:53:26,785|[TRACE] graph - -------> nonSkippedChar
2021-11-21T23:53:26,785|[TRACE] script - #out(`O`) [token]
2021-11-21T23:53:26,785|[TRACE] graph - <------- nonSkippedChar
2021-11-21T23:53:26,785|[TRACE] graph - <----- statementPart
2021-11-21T23:53:26,785|[TRACE] graph - -----> statementPart
2021-11-21T23:53:26,785|[TRACE] graph - -------> nonSkippedChar
2021-11-21T23:53:26,785|[TRACE] script - #out(`L`) [token]
2021-11-21T23:53:26,785|[TRACE] graph - <------- nonSkippedChar
2021-11-21T23:53:26,785|[TRACE] graph - <----- statementPart
2021-11-21T23:53:26,785|[TRACE] graph - -----> statementPart
2021-11-21T23:53:26,785|[TRACE] graph - -------> nonSkippedChar
2021-11-21T23:53:26,785|[TRACE] script - #out(`D`) [token]
2021-11-21T23:53:26,785|[TRACE] graph - <------- nonSkippedChar
2021-11-21T23:53:26,785|[TRACE] graph - <----- statementPart
2021-11-21T23:53:26,785|[TRACE] graph - -----> statementPart
2021-11-21T23:53:26,785|[TRACE] graph - -------> nonSkippedChar
2021-11-21T23:53:26,785|[TRACE] script - #out(`_`) [token]
2021-11-21T23:53:26,785|[TRACE] graph - <------- nonSkippedChar
2021-11-21T23:53:26,785|[TRACE] graph - <----- statementPart
2021-11-21T23:53:26,785|[TRACE] graph - -----> statementPart
2021-11-21T23:53:26,785|[TRACE] graph - -------> nonSkippedChar
2021-11-21T23:53:26,785|[TRACE] script - #out(`U`) [token]
2021-11-21T23:53:26,785|[TRACE] graph - <------- nonSkippedChar
2021-11-21T23:53:26,785|[TRACE] graph - <----- statementPart
2021-11-21T23:53:26,785|[TRACE] graph - -----> statementPart
2021-11-21T23:53:26,785|[TRACE] graph - -------> nonSkippedChar
2021-11-21T23:53:26,785|[TRACE] script - #out(`N`) [token]
2021-11-21T23:53:26,785|[TRACE] graph - <------- nonSkippedChar
2021-11-21T23:53:26,785|[TRACE] graph - <----- statementPart
2021-11-21T23:53:26,785|[TRACE] graph - -----> statementPart
2021-11-21T23:53:26,785|[TRACE] graph - -------> nonSkippedChar
2021-11-21T23:53:26,785|[TRACE] script - #out(`I`) [token]
2021-11-21T23:53:26,785|[TRACE] graph - <------- nonSkippedChar
2021-11-21T23:53:26,785|[TRACE] graph - <----- statementPart
2021-11-21T23:53:26,785|[TRACE] graph - -----> statementPart
2021-11-21T23:53:26,785|[TRACE] graph - -------> nonSkippedChar
2021-11-21T23:53:26,785|[TRACE] script - #out(`Q`) [token]
2021-11-21T23:53:26,785|[TRACE] graph - <------- nonSkippedChar
2021-11-21T23:53:26,785|[TRACE] graph - <----- statementPart
2021-11-21T23:53:26,785|[TRACE] graph - -----> statementPart
2021-11-21T23:53:26,785|[TRACE] graph - -------> nonSkippedChar
2021-11-21T23:53:26,785|[TRACE] script - #out(`U`) [token]
2021-11-21T23:53:26,785|[TRACE] graph - <------- nonSkippedChar
2021-11-21T23:53:26,785|[TRACE] graph - <----- statementPart
2021-11-21T23:53:26,785|[TRACE] graph - -----> statementPart
2021-11-21T23:53:26,785|[TRACE] graph - -------> nonSkippedChar
2021-11-21T23:53:26,785|[TRACE] script - #out(`E`) [token]
2021-11-21T23:53:26,785|[TRACE] graph - <------- nonSkippedChar
2021-11-21T23:53:26,785|[TRACE] graph - <----- statementPart
2021-11-21T23:53:26,785|[TRACE] graph - -----> statementPart
2021-11-21T23:53:26,785|[TRACE] graph - -------> nonSkippedChar
2021-11-21T23:53:26,785|[TRACE] script - #out(`_`) [token]
2021-11-21T23:53:26,785|[TRACE] graph - <------- nonSkippedChar
2021-11-21T23:53:26,785|[TRACE] graph - <----- statementPart
2021-11-21T23:53:26,785|[TRACE] graph - -----> statementPart
2021-11-21T23:53:26,785|[TRACE] graph - -------> nonSkippedChar
2021-11-21T23:53:26,785|[TRACE] script - #out(`C`) [token]
2021-11-21T23:53:26,785|[TRACE] graph - <------- nonSkippedChar
2021-11-21T23:53:26,785|[TRACE] graph - <----- statementPart
2021-11-21T23:53:26,785|[TRACE] graph - -----> statementPart
2021-11-21T23:53:26,785|[TRACE] graph - -------> nonSkippedChar
2021-11-21T23:53:26,785|[TRACE] script - #out(`H`) [token]
2021-11-21T23:53:26,785|[TRACE] graph - <------- nonSkippedChar
2021-11-21T23:53:26,785|[TRACE] graph - <----- statementPart
2021-11-21T23:53:26,785|[TRACE] graph - -----> statementPart
2021-11-21T23:53:26,785|[TRACE] graph - -------> nonSkippedChar
2021-11-21T23:53:26,785|[TRACE] script - #out(`E`) [token]
2021-11-21T23:53:26,785|[TRACE] graph - <------- nonSkippedChar
2021-11-21T23:53:26,785|[TRACE] graph - <----- statementPart
2021-11-21T23:53:26,785|[TRACE] graph - -----> statementPart
2021-11-21T23:53:26,785|[TRACE] graph - -------> nonSkippedChar
2021-11-21T23:53:26,785|[TRACE] script - #out(`C`) [token]
2021-11-21T23:53:26,785|[TRACE] graph - <------- nonSkippedChar
2021-11-21T23:53:26,785|[TRACE] graph - <----- statementPart
2021-11-21T23:53:26,785|[TRACE] graph - -----> statementPart
2021-11-21T23:53:26,785|[TRACE] graph - -------> nonSkippedChar
2021-11-21T23:53:26,785|[TRACE] script - #out(`K`) [token]
2021-11-21T23:53:26,785|[TRACE] graph - <------- nonSkippedChar
2021-11-21T23:53:26,785|[TRACE] graph - <----- statementPart
2021-11-21T23:53:26,785|[TRACE] graph - -----> statementPart
2021-11-21T23:53:26,785|[TRACE] graph - -------> nonSkippedChar
2021-11-21T23:53:26,785|[TRACE] script - #out(`S`) [token]
2021-11-21T23:53:26,785|[TRACE] graph - <------- nonSkippedChar
2021-11-21T23:53:26,785|[TRACE] graph - <----- statementPart
2021-11-21T23:53:26,785|[DEBUG] graph - Import statement : SET UNIQUE_CHECKS=@OLD_UNIQUE_CHECKS
2021-11-21T23:53:26,785|[TRACE] graph - <--- statement
2021-11-21T23:53:26,785|[TRACE] graph - ---> blankSpacesToSkip
2021-11-21T23:53:26,785|[TRACE] graph - -----> newLineToSkip
2021-11-21T23:53:26,785|[TRACE] graph - <----- newLineToSkip
2021-11-21T23:53:26,785|[TRACE] graph - <--- blankSpacesToSkip
2021-11-21T23:53:26,785|[TRACE] graph - <- script
2021-11-21T23:53:26,785|[DEBUG] SQL - 
    
    SET @OLD_UNIQUE_CHECKS=@@UNIQUE_CHECKS, UNIQUE_CHECKS=0
2021-11-21T23:53:26,786|[INFO ] access - HHH10001501: Connection obtained from JdbcConnectionAccess [org.hibernate.engine.jdbc.env.internal.JdbcEnvironmentInitiator$ConnectionProviderJdbcConnectionAccess@7fdff56b] for (non-JTA) DDL execution was not in auto-commit mode; the Connection 'local transaction' will be committed and the Connection will be set into auto-commit mode.
2021-11-21T23:53:26,786|[DEBUG] SQL - 
    
    SET @OLD_FOREIGN_KEY_CHECKS=@@FOREIGN_KEY_CHECKS, FOREIGN_KEY_CHECKS=0
2021-11-21T23:53:26,787|[DEBUG] SQL - 
    
    SET @OLD_SQL_MODE=@@SQL_MODE, SQL_MODE='ONLY_FULL_GROUP_BY,STRICT_TRANS_TABLES,NO_ZERO_IN_DATE,NO_ZERO_DATE,ERROR_FOR_DIVISION_BY_ZERO,NO_ENGINE_SUBSTITUTION'
2021-11-21T23:53:26,787|[DEBUG] SQL - CREATE SCHEMA IF NOT EXISTS `bloodbank` DEFAULT CHARACTER SET utf8mb4 COLLATE utf8mb4_0900_ai_ci
2021-11-21T23:53:26,795|[DEBUG] SQL - 
    
    USE `bloodbank`
2021-11-21T23:53:26,795|[DEBUG] SQL - 
    
    CREATE TABLE IF NOT EXISTS `bloodbank`.`person` (
          `id` INT NOT NULL AUTO_INCREMENT,
          `first_name` VARCHAR(50) NOT NULL,
          `last_name` VARCHAR(50) NOT NULL,
          `created` BIGINT NOT NULL DEFAULT (unix_timestamp(now()) * 1000),
          `updated` BIGINT NOT NULL DEFAULT (unix_timestamp(now()) * 1000),
          `version` INT NOT NULL DEFAULT '1',
          PRIMARY KEY (`id`)
    ) ENGINE = InnoDB DEFAULT CHARACTER SET = utf8mb4 COLLATE = utf8mb4_0900_ai_ci
2021-11-21T23:53:26,812|[DEBUG] SQL - 
    
    CREATE TABLE IF NOT EXISTS `bloodbank`.`blood_bank` (
          `bank_id` INT NOT NULL AUTO_INCREMENT,
          `name` VARCHAR(100) NOT NULL,
          `privately_owned` BIT(1) NOT NULL,
          `created` BIGINT NOT NULL DEFAULT (unix_timestamp(now()) * 1000),
          `updated` BIGINT NOT NULL DEFAULT (unix_timestamp(now()) * 1000),
          `version` INT NOT NULL DEFAULT 1,
          PRIMARY KEY (`bank_id`),
          UNIQUE INDEX `name_UNIQUE` (`name` ASC) VISIBLE
    ) ENGINE = InnoDB
2021-11-21T23:53:26,836|[DEBUG] SQL - 
    
    CREATE TABLE IF NOT EXISTS `bloodbank`.`blood_donation` (
          `donation_id` INT NOT NULL AUTO_INCREMENT,
          `bank_id` INT NOT NULL,
          `milliliters` INT NOT NULL,
          `blood_group` CHAR(2) NOT NULL,
          `rhd` BIT(1) NOT NULL,
          `created` BIGINT NOT NULL DEFAULT (unix_timestamp(now()) * 1000),
          `updated` BIGINT NOT NULL DEFAULT (unix_timestamp(now()) * 1000),
          `version` INT NOT NULL DEFAULT 1,
          PRIMARY KEY (`donation_id`),
          INDEX `fk_blood_donation_blood_bank1_idx` (`bank_id` ASC) VISIBLE,
          CONSTRAINT `fk_blood_donation_blood_bank1`     FOREIGN KEY (`bank_id`)     REFERENCES `bloodbank`.`blood_bank` (`bank_id`)     ON DELETE NO ACTION     ON UPDATE NO ACTION
    ) ENGINE = InnoDB
2021-11-21T23:53:26,868|[DEBUG] SQL - 
    
    CREATE TABLE IF NOT EXISTS `bloodbank`.`donation_record` (
          `record_id` INT NOT NULL AUTO_INCREMENT,
          `person_id` INT NOT NULL,
          `donation_id` INT NULL,
          `tested` BIT(1) NOT NULL,
          `created` BIGINT NOT NULL DEFAULT (unix_timestamp(now()) * 1000),
          `updated` BIGINT NOT NULL DEFAULT (unix_timestamp(now()) * 1000),
          `version` INT NOT NULL DEFAULT 1,
          INDEX `fk_donation_record_person1_idx` (`person_id` ASC) VISIBLE,
          INDEX `fk_donation_record_blood_donation1_idx` (`donation_id` ASC) VISIBLE,
          UNIQUE INDEX `record_id_UNIQUE` (`record_id` ASC) VISIBLE,
          PRIMARY KEY (`record_id`),
          CONSTRAINT `fk_donation_record_person1`     FOREIGN KEY (`person_id`)     REFERENCES `bloodbank`.`person` (`id`)     ON DELETE NO ACTION     ON UPDATE NO ACTION,
          CONSTRAINT `fk_donation_record_blood_donation1`     FOREIGN KEY (`donation_id`)     REFERENCES `bloodbank`.`blood_donation` (`donation_id`)     ON DELETE NO ACTION     ON UPDATE NO ACTION
    ) ENGINE = InnoDB
2021-11-21T23:53:26,910|[DEBUG] SQL - 
    
    CREATE TABLE IF NOT EXISTS `bloodbank`.`address` (
          `address_id` INT NOT NULL AUTO_INCREMENT,
          `street_number` VARCHAR(10) NOT NULL,
          `street` VARCHAR(100) NOT NULL,
          `city` VARCHAR(100) NOT NULL,
          `province` VARCHAR(100) NOT NULL,
          `country` VARCHAR(100) NOT NULL,
          `zipcode` VARCHAR(100) NOT NULL,
          `created` BIGINT NOT NULL DEFAULT (unix_timestamp(now()) * 1000),
          `updated` BIGINT NOT NULL DEFAULT (unix_timestamp(now()) * 1000),
          `version` INT NOT NULL DEFAULT 1,
          PRIMARY KEY (`address_id`)
    ) ENGINE = InnoDB
2021-11-21T23:53:26,936|[DEBUG] SQL - 
    
    CREATE TABLE IF NOT EXISTS `bloodbank`.`phone` (
          `phone_id` INT NOT NULL AUTO_INCREMENT,
          `country_code` VARCHAR(10) NOT NULL DEFAULT '1',
          `area_code` VARCHAR(10) NOT NULL,
          `number` VARCHAR(10) NOT NULL,
          `created` BIGINT NOT NULL DEFAULT (unix_timestamp(now()) * 1000),
          `updated` BIGINT NOT NULL DEFAULT (unix_timestamp(now()) * 1000),
          `version` INT NOT NULL DEFAULT 1,
          PRIMARY KEY (`phone_id`)
    ) ENGINE = InnoDB
2021-11-21T23:53:26,959|[DEBUG] SQL - 
    
    CREATE TABLE IF NOT EXISTS `bloodbank`.`contact` (
          `person_id` INT NOT NULL,
          `phone_id` INT NOT NULL,
          `contact_type` VARCHAR(10) NOT NULL,
          `email` VARCHAR(100) NULL,
          `address_id` INT NULL,
          `created` BIGINT NOT NULL DEFAULT (unix_timestamp(now()) * 1000),
          `updated` BIGINT NOT NULL DEFAULT (unix_timestamp(now()) * 1000),
          `version` INT NOT NULL DEFAULT 1,
          PRIMARY KEY (`person_id`, `phone_id`),
          INDEX `fk_contact_phone1_idx` (`phone_id` ASC) VISIBLE,
          INDEX `fk_contact_person1_idx` (`person_id` ASC) VISIBLE,
          CONSTRAINT `fk_contact_address1`     FOREIGN KEY (`address_id`)     REFERENCES `bloodbank`.`address` (`address_id`)     ON DELETE NO ACTION     ON UPDATE NO ACTION,
          CONSTRAINT `fk_contact_phone1`     FOREIGN KEY (`phone_id`)     REFERENCES `bloodbank`.`phone` (`phone_id`)     ON DELETE NO ACTION     ON UPDATE NO ACTION,
          CONSTRAINT `fk_contact_person1`     FOREIGN KEY (`person_id`)     REFERENCES `bloodbank`.`person` (`id`)     ON DELETE NO ACTION     ON UPDATE NO ACTION
    ) ENGINE = InnoDB
2021-11-21T23:53:27,028|[DEBUG] SQL - 
    
    SET SQL_MODE=@OLD_SQL_MODE
2021-11-21T23:53:27,029|[DEBUG] SQL - 
    
    SET FOREIGN_KEY_CHECKS=@OLD_FOREIGN_KEY_CHECKS
2021-11-21T23:53:27,029|[DEBUG] SQL - 
    
    SET UNIQUE_CHECKS=@OLD_UNIQUE_CHECKS
2021-11-21T23:53:27,030|[TRACE] AbstractServiceRegistryImpl - Initializing service [role=org.hibernate.engine.transaction.jta.platform.spi.JtaPlatform]
2021-11-21T23:53:27,030|[DEBUG] JtaPlatformInitiator - No JtaPlatform was specified, checking resolver
2021-11-21T23:53:27,030|[TRACE] AbstractServiceRegistryImpl - Initializing service [role=org.hibernate.engine.transaction.jta.platform.spi.JtaPlatformResolver]
2021-11-21T23:53:27,030|[DEBUG] JtaPlatformResolverInitiator - No JtaPlatformResolver was specified, using default [org.hibernate.engine.transaction.jta.platform.internal.StandardJtaPlatformResolver]
2021-11-21T23:53:27,032|[DEBUG] StandardJtaPlatformResolver - Could not resolve JtaPlatform, using default [org.hibernate.engine.transaction.jta.platform.internal.NoJtaPlatform]
2021-11-21T23:53:27,032|[INFO ] JtaPlatformInitiator - HHH000490: Using JtaPlatform implementation: [org.hibernate.engine.transaction.jta.platform.internal.NoJtaPlatform]
2021-11-21T23:53:27,032|[DEBUG] NamedQueryRepository - Checking 7 named HQL queries
2021-11-21T23:53:27,032|[DEBUG] NamedQueryRepository - Checking named query: Contact.findAll
2021-11-21T23:53:27,032|[TRACE] AbstractServiceRegistryImpl - Initializing service [role=org.hibernate.stat.spi.StatisticsImplementor]
2021-11-21T23:53:27,032|[DEBUG] StatisticsInitiator - Statistics initialized [enabled=false]
2021-11-21T23:53:27,033|[TRACE] AbstractServiceRegistryImpl - Initializing service [role=org.hibernate.jmx.spi.JmxService]
2021-11-21T23:53:27,033|[TRACE] QueryPlanCache - Unable to locate HQL query plan in cache; generating (SELECT c FROM Contact c)
2021-11-21T23:53:27,033|[TRACE] AbstractServiceRegistryImpl - Initializing service [role=org.hibernate.hql.spi.QueryTranslatorFactory]
2021-11-21T23:53:27,033|[DEBUG] QueryTranslatorFactoryInitiator - QueryTranslatorFactory: org.hibernate.hql.internal.ast.ASTQueryTranslatorFactory@33e50ff2
2021-11-21T23:53:27,033|[DEBUG] QueryTranslatorImpl - parse() - HQL: SELECT c FROM bloodbank.entity.Contact c
2021-11-21T23:53:27,033|[TRACE] HqlParser - -> statement
2021-11-21T23:53:27,033|[TRACE] HqlParser - ---> selectStatement
2021-11-21T23:53:27,033|[TRACE] HqlParser - -----> queryRule
2021-11-21T23:53:27,033|[TRACE] HqlParser - -------> selectFrom
2021-11-21T23:53:27,033|[TRACE] HqlParser - ---------> selectClause
2021-11-21T23:53:27,033|[TRACE] HqlParser - -----------> selectedPropertiesList
2021-11-21T23:53:27,033|[TRACE] HqlParser - -------------> aliasedExpression
2021-11-21T23:53:27,033|[TRACE] HqlParser - ---------------> expression
2021-11-21T23:53:27,033|[TRACE] HqlParser - -----------------> logicalOrExpression
2021-11-21T23:53:27,033|[TRACE] HqlParser - -------------------> logicalAndExpression
2021-11-21T23:53:27,033|[TRACE] HqlParser - ---------------------> negatedExpression
2021-11-21T23:53:27,033|[TRACE] HqlParser - -----------------------> equalityExpression
2021-11-21T23:53:27,033|[TRACE] HqlParser - -------------------------> relationalExpression
2021-11-21T23:53:27,033|[TRACE] HqlParser - ---------------------------> concatenation
2021-11-21T23:53:27,033|[TRACE] HqlParser - -----------------------------> additiveExpression
2021-11-21T23:53:27,033|[TRACE] HqlParser - -------------------------------> multiplyExpression
2021-11-21T23:53:27,033|[TRACE] HqlParser - ---------------------------------> unaryExpression
2021-11-21T23:53:27,033|[TRACE] HqlParser - -----------------------------------> atom
2021-11-21T23:53:27,033|[TRACE] HqlParser - -------------------------------------> primaryExpression
2021-11-21T23:53:27,033|[TRACE] HqlParser - ---------------------------------------> identPrimary
2021-11-21T23:53:27,033|[TRACE] HqlParser - -----------------------------------------> identPrimaryBase
2021-11-21T23:53:27,033|[TRACE] HqlParser - -------------------------------------------> identifier
2021-11-21T23:53:27,033|[TRACE] HqlParser - <------------------------------------------- identifier
2021-11-21T23:53:27,033|[TRACE] HqlParser - <----------------------------------------- identPrimaryBase
2021-11-21T23:53:27,033|[TRACE] HqlParser - <--------------------------------------- identPrimary
2021-11-21T23:53:27,033|[TRACE] HqlParser - <------------------------------------- primaryExpression
2021-11-21T23:53:27,033|[TRACE] HqlParser - <----------------------------------- atom
2021-11-21T23:53:27,033|[TRACE] HqlParser - <--------------------------------- unaryExpression
2021-11-21T23:53:27,033|[TRACE] HqlParser - <------------------------------- multiplyExpression
2021-11-21T23:53:27,033|[TRACE] HqlParser - <----------------------------- additiveExpression
2021-11-21T23:53:27,033|[TRACE] HqlParser - <--------------------------- concatenation
2021-11-21T23:53:27,033|[TRACE] HqlParser - <------------------------- relationalExpression
2021-11-21T23:53:27,033|[TRACE] HqlParser - <----------------------- equalityExpression
2021-11-21T23:53:27,033|[TRACE] HqlParser - <--------------------- negatedExpression
2021-11-21T23:53:27,033|[TRACE] HqlParser - <------------------- logicalAndExpression
2021-11-21T23:53:27,033|[TRACE] HqlParser - <----------------- logicalOrExpression
2021-11-21T23:53:27,033|[TRACE] HqlParser - <--------------- expression
2021-11-21T23:53:27,033|[TRACE] HqlParser - <------------- aliasedExpression
2021-11-21T23:53:27,033|[TRACE] HqlParser - <----------- selectedPropertiesList
2021-11-21T23:53:27,033|[TRACE] HqlParser - <--------- selectClause
2021-11-21T23:53:27,033|[TRACE] HqlParser - ---------> fromClause
2021-11-21T23:53:27,033|[TRACE] HqlParser - -----------> fromRange
2021-11-21T23:53:27,033|[TRACE] HqlParser - -------------> fromClassOrOuterQueryPath
2021-11-21T23:53:27,033|[TRACE] HqlParser - ---------------> path
2021-11-21T23:53:27,033|[TRACE] HqlParser - -----------------> identifier
2021-11-21T23:53:27,033|[TRACE] HqlParser - <----------------- identifier
2021-11-21T23:53:27,033|[TRACE] HqlParser - -----------------> identifier
2021-11-21T23:53:27,033|[TRACE] HqlParser - <----------------- identifier
2021-11-21T23:53:27,033|[TRACE] HqlParser - -----------------> identifier
2021-11-21T23:53:27,033|[TRACE] HqlParser - <----------------- identifier
2021-11-21T23:53:27,033|[TRACE] HqlParser - <--------------- path
2021-11-21T23:53:27,033|[TRACE] HqlParser - ---------------> asAlias
2021-11-21T23:53:27,033|[TRACE] HqlParser - -----------------> alias
2021-11-21T23:53:27,033|[TRACE] HqlParser - -------------------> identifier
2021-11-21T23:53:27,033|[TRACE] HqlParser - <------------------- identifier
2021-11-21T23:53:27,033|[TRACE] HqlParser - <----------------- alias
2021-11-21T23:53:27,033|[TRACE] HqlParser - <--------------- asAlias
2021-11-21T23:53:27,033|[TRACE] HqlParser - <------------- fromClassOrOuterQueryPath
2021-11-21T23:53:27,033|[TRACE] HqlParser - <----------- fromRange
2021-11-21T23:53:27,033|[TRACE] HqlParser - <--------- fromClause
2021-11-21T23:53:27,033|[TRACE] HqlParser - <------- selectFrom
2021-11-21T23:53:27,033|[TRACE] HqlParser - <----- queryRule
2021-11-21T23:53:27,033|[TRACE] HqlParser - <--- selectStatement
2021-11-21T23:53:27,033|[TRACE] HqlParser - <- statement
2021-11-21T23:53:27,033|[DEBUG] ErrorTracker - throwQueryException() : no errors
2021-11-21T23:53:27,033|[DEBUG] QueryTranslatorImpl - --- HQL AST ---
 \-[QUERY] Node: 'query'
    \-[SELECT_FROM] Node: 'SELECT_FROM'
       +-[FROM] Node: 'FROM'
       |  \-[RANGE] Node: 'RANGE'
       |     +-[DOT] Node: '.'
       |     |  +-[DOT] Node: '.'
       |     |  |  +-[IDENT] Node: 'bloodbank'
       |     |  |  \-[IDENT] Node: 'entity'
       |     |  \-[IDENT] Node: 'Contact'
       |     \-[ALIAS] Node: 'c'
       \-[SELECT] Node: 'SELECT'
          \-[IDENT] Node: 'c'

2021-11-21T23:53:27,033|[DEBUG] HqlSqlBaseWalker - select << begin [level=1, statement=select]
2021-11-21T23:53:27,033|[DEBUG] FromElement - FromClause{level=1} : bloodbank.entity.Contact (c) -> contact0_
2021-11-21T23:53:27,033|[DEBUG] FromReferenceNode - Resolved : c -> contact0_.person_id, contact0_.phone_id
2021-11-21T23:53:27,033|[DEBUG] HqlSqlBaseWalker - select : finishing up [level=1, statement=select]
2021-11-21T23:53:27,033|[DEBUG] HqlSqlWalker - processQuery() :  ( SELECT ( {select clause} contact0_.person_id, contact0_.phone_id ) ( FromClause{level=1} contact contact0_ ) )
2021-11-21T23:53:27,034|[DEBUG] JoinProcessor - Tables referenced from query nodes:
 \-QueryNode
    +-SelectClause
    | referencedTables(entity Contact): [contact]
    |  +-IdentNode
    |  | persister: SingleTableEntityPersister(bloodbank.entity.Contact)
    |  | originalText: c
    |  \-SqlFragment
    \-FromClause
       \-FromElement

2021-11-21T23:53:27,034|[DEBUG] JoinProcessor - Using FROM fragment [contact contact0_]
2021-11-21T23:53:27,034|[DEBUG] HqlSqlBaseWalker - select >> end [level=1, statement=select]
2021-11-21T23:53:27,034|[DEBUG] QueryTranslatorImpl - --- SQL AST ---
 \-[SELECT] QueryNode: 'SELECT'  querySpaces (contact)
    +-[SELECT_CLAUSE] SelectClause: '{select clause}'
    |  +-[ALIAS_REF] IdentNode: 'contact0_.person_id as person_i1_3_, contact0_.phone_id as phone_id2_3_' {alias=c, className=bloodbank.entity.Contact, tableAlias=contact0_}
    |  \-[SQL_TOKEN] SqlFragment: 'contact0_.created as created3_3_, contact0_.updated as updated4_3_, contact0_.version as version5_3_, contact0_.address_id as address_8_3_, contact0_.contact_type as contact_6_3_, contact0_.email as email7_3_'
    \-[FROM] FromClause: 'FROM' FromClause{level=1, fromElementCounter=1, fromElements=1, fromElementByClassAlias=[c], fromElementByTableAlias=[contact0_], fromElementsByPath=[], collectionJoinFromElementsByPath=[], impliedElements=[]}
       \-[FROM_FRAGMENT] FromElement: 'contact contact0_' FromElement{explicit,not a collection join,not a fetch join,fetch non-lazy properties,classAlias=c,role=null,tableName=contact,tableAlias=contact0_,origin=null,columns={,className=bloodbank.entity.Contact}}

2021-11-21T23:53:27,034|[DEBUG] ErrorTracker - throwQueryException() : no errors
2021-11-21T23:53:27,034|[DEBUG] QueryTranslatorImpl - HQL: SELECT c FROM bloodbank.entity.Contact c
2021-11-21T23:53:27,034|[DEBUG] QueryTranslatorImpl - SQL: select contact0_.person_id as person_i1_3_, contact0_.phone_id as phone_id2_3_, contact0_.created as created3_3_, contact0_.updated as updated4_3_, contact0_.version as version5_3_, contact0_.address_id as address_8_3_, contact0_.contact_type as contact_6_3_, contact0_.email as email7_3_ from contact contact0_
2021-11-21T23:53:27,034|[DEBUG] ErrorTracker - throwQueryException() : no errors
2021-11-21T23:53:27,034|[DEBUG] NamedQueryRepository - Checking named query: Phone.findAll
2021-11-21T23:53:27,034|[TRACE] QueryPlanCache - Unable to locate HQL query plan in cache; generating (SELECT p FROM Phone p)
2021-11-21T23:53:27,034|[DEBUG] QueryTranslatorImpl - parse() - HQL: SELECT p FROM bloodbank.entity.Phone p
2021-11-21T23:53:27,034|[TRACE] HqlParser - -> statement
2021-11-21T23:53:27,034|[TRACE] HqlParser - ---> selectStatement
2021-11-21T23:53:27,034|[TRACE] HqlParser - -----> queryRule
2021-11-21T23:53:27,034|[TRACE] HqlParser - -------> selectFrom
2021-11-21T23:53:27,034|[TRACE] HqlParser - ---------> selectClause
2021-11-21T23:53:27,034|[TRACE] HqlParser - -----------> selectedPropertiesList
2021-11-21T23:53:27,034|[TRACE] HqlParser - -------------> aliasedExpression
2021-11-21T23:53:27,034|[TRACE] HqlParser - ---------------> expression
2021-11-21T23:53:27,034|[TRACE] HqlParser - -----------------> logicalOrExpression
2021-11-21T23:53:27,034|[TRACE] HqlParser - -------------------> logicalAndExpression
2021-11-21T23:53:27,034|[TRACE] HqlParser - ---------------------> negatedExpression
2021-11-21T23:53:27,034|[TRACE] HqlParser - -----------------------> equalityExpression
2021-11-21T23:53:27,034|[TRACE] HqlParser - -------------------------> relationalExpression
2021-11-21T23:53:27,034|[TRACE] HqlParser - ---------------------------> concatenation
2021-11-21T23:53:27,034|[TRACE] HqlParser - -----------------------------> additiveExpression
2021-11-21T23:53:27,034|[TRACE] HqlParser - -------------------------------> multiplyExpression
2021-11-21T23:53:27,034|[TRACE] HqlParser - ---------------------------------> unaryExpression
2021-11-21T23:53:27,034|[TRACE] HqlParser - -----------------------------------> atom
2021-11-21T23:53:27,034|[TRACE] HqlParser - -------------------------------------> primaryExpression
2021-11-21T23:53:27,034|[TRACE] HqlParser - ---------------------------------------> identPrimary
2021-11-21T23:53:27,034|[TRACE] HqlParser - -----------------------------------------> identPrimaryBase
2021-11-21T23:53:27,034|[TRACE] HqlParser - -------------------------------------------> identifier
2021-11-21T23:53:27,034|[TRACE] HqlParser - <------------------------------------------- identifier
2021-11-21T23:53:27,034|[TRACE] HqlParser - <----------------------------------------- identPrimaryBase
2021-11-21T23:53:27,034|[TRACE] HqlParser - <--------------------------------------- identPrimary
2021-11-21T23:53:27,034|[TRACE] HqlParser - <------------------------------------- primaryExpression
2021-11-21T23:53:27,034|[TRACE] HqlParser - <----------------------------------- atom
2021-11-21T23:53:27,034|[TRACE] HqlParser - <--------------------------------- unaryExpression
2021-11-21T23:53:27,034|[TRACE] HqlParser - <------------------------------- multiplyExpression
2021-11-21T23:53:27,034|[TRACE] HqlParser - <----------------------------- additiveExpression
2021-11-21T23:53:27,034|[TRACE] HqlParser - <--------------------------- concatenation
2021-11-21T23:53:27,034|[TRACE] HqlParser - <------------------------- relationalExpression
2021-11-21T23:53:27,034|[TRACE] HqlParser - <----------------------- equalityExpression
2021-11-21T23:53:27,034|[TRACE] HqlParser - <--------------------- negatedExpression
2021-11-21T23:53:27,034|[TRACE] HqlParser - <------------------- logicalAndExpression
2021-11-21T23:53:27,034|[TRACE] HqlParser - <----------------- logicalOrExpression
2021-11-21T23:53:27,034|[TRACE] HqlParser - <--------------- expression
2021-11-21T23:53:27,034|[TRACE] HqlParser - <------------- aliasedExpression
2021-11-21T23:53:27,034|[TRACE] HqlParser - <----------- selectedPropertiesList
2021-11-21T23:53:27,034|[TRACE] HqlParser - <--------- selectClause
2021-11-21T23:53:27,034|[TRACE] HqlParser - ---------> fromClause
2021-11-21T23:53:27,034|[TRACE] HqlParser - -----------> fromRange
2021-11-21T23:53:27,034|[TRACE] HqlParser - -------------> fromClassOrOuterQueryPath
2021-11-21T23:53:27,034|[TRACE] HqlParser - ---------------> path
2021-11-21T23:53:27,034|[TRACE] HqlParser - -----------------> identifier
2021-11-21T23:53:27,034|[TRACE] HqlParser - <----------------- identifier
2021-11-21T23:53:27,034|[TRACE] HqlParser - -----------------> identifier
2021-11-21T23:53:27,034|[TRACE] HqlParser - <----------------- identifier
2021-11-21T23:53:27,034|[TRACE] HqlParser - -----------------> identifier
2021-11-21T23:53:27,034|[TRACE] HqlParser - <----------------- identifier
2021-11-21T23:53:27,034|[TRACE] HqlParser - <--------------- path
2021-11-21T23:53:27,034|[TRACE] HqlParser - ---------------> asAlias
2021-11-21T23:53:27,034|[TRACE] HqlParser - -----------------> alias
2021-11-21T23:53:27,034|[TRACE] HqlParser - -------------------> identifier
2021-11-21T23:53:27,034|[TRACE] HqlParser - <------------------- identifier
2021-11-21T23:53:27,034|[TRACE] HqlParser - <----------------- alias
2021-11-21T23:53:27,034|[TRACE] HqlParser - <--------------- asAlias
2021-11-21T23:53:27,034|[TRACE] HqlParser - <------------- fromClassOrOuterQueryPath
2021-11-21T23:53:27,034|[TRACE] HqlParser - <----------- fromRange
2021-11-21T23:53:27,034|[TRACE] HqlParser - <--------- fromClause
2021-11-21T23:53:27,034|[TRACE] HqlParser - <------- selectFrom
2021-11-21T23:53:27,034|[TRACE] HqlParser - <----- queryRule
2021-11-21T23:53:27,034|[TRACE] HqlParser - <--- selectStatement
2021-11-21T23:53:27,034|[TRACE] HqlParser - <- statement
2021-11-21T23:53:27,034|[DEBUG] ErrorTracker - throwQueryException() : no errors
2021-11-21T23:53:27,034|[DEBUG] QueryTranslatorImpl - --- HQL AST ---
 \-[QUERY] Node: 'query'
    \-[SELECT_FROM] Node: 'SELECT_FROM'
       +-[FROM] Node: 'FROM'
       |  \-[RANGE] Node: 'RANGE'
       |     +-[DOT] Node: '.'
       |     |  +-[DOT] Node: '.'
       |     |  |  +-[IDENT] Node: 'bloodbank'
       |     |  |  \-[IDENT] Node: 'entity'
       |     |  \-[IDENT] Node: 'Phone'
       |     \-[ALIAS] Node: 'p'
       \-[SELECT] Node: 'SELECT'
          \-[IDENT] Node: 'p'

2021-11-21T23:53:27,034|[DEBUG] HqlSqlBaseWalker - select << begin [level=1, statement=select]
2021-11-21T23:53:27,034|[DEBUG] FromElement - FromClause{level=1} : bloodbank.entity.Phone (p) -> phone0_
2021-11-21T23:53:27,034|[DEBUG] FromReferenceNode - Resolved : p -> phone0_.phone_id
2021-11-21T23:53:27,035|[DEBUG] HqlSqlBaseWalker - select : finishing up [level=1, statement=select]
2021-11-21T23:53:27,035|[DEBUG] HqlSqlWalker - processQuery() :  ( SELECT ( {select clause} phone0_.phone_id ) ( FromClause{level=1} phone phone0_ ) )
2021-11-21T23:53:27,035|[DEBUG] JoinProcessor - Tables referenced from query nodes:
 \-QueryNode
    +-SelectClause
    | referencedTables(entity Phone): [phone]
    |  +-IdentNode
    |  | persister: SingleTableEntityPersister(bloodbank.entity.Phone)
    |  | originalText: p
    |  \-SqlFragment
    \-FromClause
       \-FromElement

2021-11-21T23:53:27,035|[DEBUG] JoinProcessor - Using FROM fragment [phone phone0_]
2021-11-21T23:53:27,035|[DEBUG] HqlSqlBaseWalker - select >> end [level=1, statement=select]
2021-11-21T23:53:27,035|[DEBUG] QueryTranslatorImpl - --- SQL AST ---
 \-[SELECT] QueryNode: 'SELECT'  querySpaces (phone)
    +-[SELECT_CLAUSE] SelectClause: '{select clause}'
    |  +-[ALIAS_REF] IdentNode: 'phone0_.phone_id as phone_id1_6_' {alias=p, className=bloodbank.entity.Phone, tableAlias=phone0_}
    |  \-[SQL_TOKEN] SqlFragment: 'phone0_.created as created2_6_, phone0_.updated as updated3_6_, phone0_.version as version4_6_, phone0_.area_code as area_cod5_6_, phone0_.country_code as country_6_6_, phone0_.number as number7_6_'
    \-[FROM] FromClause: 'FROM' FromClause{level=1, fromElementCounter=1, fromElements=1, fromElementByClassAlias=[p], fromElementByTableAlias=[phone0_], fromElementsByPath=[], collectionJoinFromElementsByPath=[], impliedElements=[]}
       \-[FROM_FRAGMENT] FromElement: 'phone phone0_' FromElement{explicit,not a collection join,not a fetch join,fetch non-lazy properties,classAlias=p,role=null,tableName=phone,tableAlias=phone0_,origin=null,columns={,className=bloodbank.entity.Phone}}

2021-11-21T23:53:27,035|[DEBUG] ErrorTracker - throwQueryException() : no errors
2021-11-21T23:53:27,035|[DEBUG] QueryTranslatorImpl - HQL: SELECT p FROM bloodbank.entity.Phone p
2021-11-21T23:53:27,035|[DEBUG] QueryTranslatorImpl - SQL: select phone0_.phone_id as phone_id1_6_, phone0_.created as created2_6_, phone0_.updated as updated3_6_, phone0_.version as version4_6_, phone0_.area_code as area_cod5_6_, phone0_.country_code as country_6_6_, phone0_.number as number7_6_ from phone phone0_
2021-11-21T23:53:27,035|[DEBUG] ErrorTracker - throwQueryException() : no errors
2021-11-21T23:53:27,035|[DEBUG] NamedQueryRepository - Checking named query: BloodBank.findAll
2021-11-21T23:53:27,035|[TRACE] QueryPlanCache - Unable to locate HQL query plan in cache; generating (SELECT b FROM BloodBank b)
2021-11-21T23:53:27,035|[DEBUG] QueryTranslatorImpl - parse() - HQL: SELECT b FROM bloodbank.entity.BloodBank b
2021-11-21T23:53:27,035|[TRACE] HqlParser - -> statement
2021-11-21T23:53:27,035|[TRACE] HqlParser - ---> selectStatement
2021-11-21T23:53:27,035|[TRACE] HqlParser - -----> queryRule
2021-11-21T23:53:27,035|[TRACE] HqlParser - -------> selectFrom
2021-11-21T23:53:27,035|[TRACE] HqlParser - ---------> selectClause
2021-11-21T23:53:27,035|[TRACE] HqlParser - -----------> selectedPropertiesList
2021-11-21T23:53:27,035|[TRACE] HqlParser - -------------> aliasedExpression
2021-11-21T23:53:27,035|[TRACE] HqlParser - ---------------> expression
2021-11-21T23:53:27,035|[TRACE] HqlParser - -----------------> logicalOrExpression
2021-11-21T23:53:27,035|[TRACE] HqlParser - -------------------> logicalAndExpression
2021-11-21T23:53:27,035|[TRACE] HqlParser - ---------------------> negatedExpression
2021-11-21T23:53:27,035|[TRACE] HqlParser - -----------------------> equalityExpression
2021-11-21T23:53:27,035|[TRACE] HqlParser - -------------------------> relationalExpression
2021-11-21T23:53:27,035|[TRACE] HqlParser - ---------------------------> concatenation
2021-11-21T23:53:27,035|[TRACE] HqlParser - -----------------------------> additiveExpression
2021-11-21T23:53:27,035|[TRACE] HqlParser - -------------------------------> multiplyExpression
2021-11-21T23:53:27,035|[TRACE] HqlParser - ---------------------------------> unaryExpression
2021-11-21T23:53:27,035|[TRACE] HqlParser - -----------------------------------> atom
2021-11-21T23:53:27,035|[TRACE] HqlParser - -------------------------------------> primaryExpression
2021-11-21T23:53:27,035|[TRACE] HqlParser - ---------------------------------------> identPrimary
2021-11-21T23:53:27,035|[TRACE] HqlParser - -----------------------------------------> identPrimaryBase
2021-11-21T23:53:27,035|[TRACE] HqlParser - -------------------------------------------> identifier
2021-11-21T23:53:27,035|[TRACE] HqlParser - <------------------------------------------- identifier
2021-11-21T23:53:27,035|[TRACE] HqlParser - <----------------------------------------- identPrimaryBase
2021-11-21T23:53:27,035|[TRACE] HqlParser - <--------------------------------------- identPrimary
2021-11-21T23:53:27,035|[TRACE] HqlParser - <------------------------------------- primaryExpression
2021-11-21T23:53:27,035|[TRACE] HqlParser - <----------------------------------- atom
2021-11-21T23:53:27,035|[TRACE] HqlParser - <--------------------------------- unaryExpression
2021-11-21T23:53:27,035|[TRACE] HqlParser - <------------------------------- multiplyExpression
2021-11-21T23:53:27,035|[TRACE] HqlParser - <----------------------------- additiveExpression
2021-11-21T23:53:27,035|[TRACE] HqlParser - <--------------------------- concatenation
2021-11-21T23:53:27,035|[TRACE] HqlParser - <------------------------- relationalExpression
2021-11-21T23:53:27,035|[TRACE] HqlParser - <----------------------- equalityExpression
2021-11-21T23:53:27,035|[TRACE] HqlParser - <--------------------- negatedExpression
2021-11-21T23:53:27,035|[TRACE] HqlParser - <------------------- logicalAndExpression
2021-11-21T23:53:27,035|[TRACE] HqlParser - <----------------- logicalOrExpression
2021-11-21T23:53:27,035|[TRACE] HqlParser - <--------------- expression
2021-11-21T23:53:27,035|[TRACE] HqlParser - <------------- aliasedExpression
2021-11-21T23:53:27,035|[TRACE] HqlParser - <----------- selectedPropertiesList
2021-11-21T23:53:27,035|[TRACE] HqlParser - <--------- selectClause
2021-11-21T23:53:27,035|[TRACE] HqlParser - ---------> fromClause
2021-11-21T23:53:27,035|[TRACE] HqlParser - -----------> fromRange
2021-11-21T23:53:27,035|[TRACE] HqlParser - -------------> fromClassOrOuterQueryPath
2021-11-21T23:53:27,035|[TRACE] HqlParser - ---------------> path
2021-11-21T23:53:27,035|[TRACE] HqlParser - -----------------> identifier
2021-11-21T23:53:27,035|[TRACE] HqlParser - <----------------- identifier
2021-11-21T23:53:27,035|[TRACE] HqlParser - -----------------> identifier
2021-11-21T23:53:27,035|[TRACE] HqlParser - <----------------- identifier
2021-11-21T23:53:27,035|[TRACE] HqlParser - -----------------> identifier
2021-11-21T23:53:27,035|[TRACE] HqlParser - <----------------- identifier
2021-11-21T23:53:27,035|[TRACE] HqlParser - <--------------- path
2021-11-21T23:53:27,035|[TRACE] HqlParser - ---------------> asAlias
2021-11-21T23:53:27,035|[TRACE] HqlParser - -----------------> alias
2021-11-21T23:53:27,035|[TRACE] HqlParser - -------------------> identifier
2021-11-21T23:53:27,035|[TRACE] HqlParser - <------------------- identifier
2021-11-21T23:53:27,035|[TRACE] HqlParser - <----------------- alias
2021-11-21T23:53:27,035|[TRACE] HqlParser - <--------------- asAlias
2021-11-21T23:53:27,035|[TRACE] HqlParser - <------------- fromClassOrOuterQueryPath
2021-11-21T23:53:27,035|[TRACE] HqlParser - <----------- fromRange
2021-11-21T23:53:27,035|[TRACE] HqlParser - <--------- fromClause
2021-11-21T23:53:27,035|[TRACE] HqlParser - <------- selectFrom
2021-11-21T23:53:27,035|[TRACE] HqlParser - <----- queryRule
2021-11-21T23:53:27,035|[TRACE] HqlParser - <--- selectStatement
2021-11-21T23:53:27,035|[TRACE] HqlParser - <- statement
2021-11-21T23:53:27,035|[DEBUG] ErrorTracker - throwQueryException() : no errors
2021-11-21T23:53:27,035|[DEBUG] QueryTranslatorImpl - --- HQL AST ---
 \-[QUERY] Node: 'query'
    \-[SELECT_FROM] Node: 'SELECT_FROM'
       +-[FROM] Node: 'FROM'
       |  \-[RANGE] Node: 'RANGE'
       |     +-[DOT] Node: '.'
       |     |  +-[DOT] Node: '.'
       |     |  |  +-[IDENT] Node: 'bloodbank'
       |     |  |  \-[IDENT] Node: 'entity'
       |     |  \-[IDENT] Node: 'BloodBank'
       |     \-[ALIAS] Node: 'b'
       \-[SELECT] Node: 'SELECT'
          \-[IDENT] Node: 'b'

2021-11-21T23:53:27,035|[DEBUG] HqlSqlBaseWalker - select << begin [level=1, statement=select]
2021-11-21T23:53:27,035|[DEBUG] FromElement - FromClause{level=1} : bloodbank.entity.BloodBank (b) -> bloodbank0_
2021-11-21T23:53:27,035|[DEBUG] FromReferenceNode - Resolved : b -> bloodbank0_.bank_id
2021-11-21T23:53:27,035|[DEBUG] HqlSqlBaseWalker - select : finishing up [level=1, statement=select]
2021-11-21T23:53:27,035|[DEBUG] HqlSqlWalker - processQuery() :  ( SELECT ( {select clause} bloodbank0_.bank_id ) ( FromClause{level=1} blood_bank bloodbank0_ ) )
2021-11-21T23:53:27,036|[DEBUG] JoinProcessor - Tables referenced from query nodes:
 \-QueryNode
    +-SelectClause
    | referencedTables(entity BloodBank): [blood_bank]
    |  +-IdentNode
    |  | persister: SingleTableEntityPersister(bloodbank.entity.BloodBank)
    |  | originalText: b
    |  \-SqlFragment
    \-FromClause
       \-FromElement

2021-11-21T23:53:27,036|[DEBUG] JoinProcessor - Using FROM fragment [blood_bank bloodbank0_]
2021-11-21T23:53:27,036|[DEBUG] HqlSqlBaseWalker - select >> end [level=1, statement=select]
2021-11-21T23:53:27,036|[DEBUG] QueryTranslatorImpl - --- SQL AST ---
 \-[SELECT] QueryNode: 'SELECT'  querySpaces (blood_bank)
    +-[SELECT_CLAUSE] SelectClause: '{select clause}'
    |  +-[ALIAS_REF] IdentNode: 'bloodbank0_.bank_id as bank_id2_1_' {alias=b, className=bloodbank.entity.BloodBank, tableAlias=bloodbank0_}
    |  \-[SQL_TOKEN] SqlFragment: 'bloodbank0_.created as created3_1_, bloodbank0_.updated as updated4_1_, bloodbank0_.version as version5_1_, bloodbank0_.name as name6_1_, bloodbank0_.privately_owned as privatel1_1_'
    \-[FROM] FromClause: 'FROM' FromClause{level=1, fromElementCounter=1, fromElements=1, fromElementByClassAlias=[b], fromElementByTableAlias=[bloodbank0_], fromElementsByPath=[], collectionJoinFromElementsByPath=[], impliedElements=[]}
       \-[FROM_FRAGMENT] FromElement: 'blood_bank bloodbank0_' FromElement{explicit,not a collection join,not a fetch join,fetch non-lazy properties,classAlias=b,role=null,tableName=blood_bank,tableAlias=bloodbank0_,origin=null,columns={,className=bloodbank.entity.BloodBank}}

2021-11-21T23:53:27,036|[DEBUG] ErrorTracker - throwQueryException() : no errors
2021-11-21T23:53:27,036|[DEBUG] QueryTranslatorImpl - HQL: SELECT b FROM bloodbank.entity.BloodBank b
2021-11-21T23:53:27,036|[DEBUG] QueryTranslatorImpl - SQL: select bloodbank0_.bank_id as bank_id2_1_, bloodbank0_.created as created3_1_, bloodbank0_.updated as updated4_1_, bloodbank0_.version as version5_1_, bloodbank0_.name as name6_1_, bloodbank0_.privately_owned as privatel1_1_ from blood_bank bloodbank0_
2021-11-21T23:53:27,036|[DEBUG] ErrorTracker - throwQueryException() : no errors
2021-11-21T23:53:27,036|[DEBUG] NamedQueryRepository - Checking named query: Address.findAll
2021-11-21T23:53:27,036|[TRACE] QueryPlanCache - Unable to locate HQL query plan in cache; generating (SELECT a FROM Address a)
2021-11-21T23:53:27,036|[DEBUG] QueryTranslatorImpl - parse() - HQL: SELECT a FROM bloodbank.entity.Address a
2021-11-21T23:53:27,036|[TRACE] HqlParser - -> statement
2021-11-21T23:53:27,036|[TRACE] HqlParser - ---> selectStatement
2021-11-21T23:53:27,036|[TRACE] HqlParser - -----> queryRule
2021-11-21T23:53:27,036|[TRACE] HqlParser - -------> selectFrom
2021-11-21T23:53:27,036|[TRACE] HqlParser - ---------> selectClause
2021-11-21T23:53:27,036|[TRACE] HqlParser - -----------> selectedPropertiesList
2021-11-21T23:53:27,036|[TRACE] HqlParser - -------------> aliasedExpression
2021-11-21T23:53:27,036|[TRACE] HqlParser - ---------------> expression
2021-11-21T23:53:27,036|[TRACE] HqlParser - -----------------> logicalOrExpression
2021-11-21T23:53:27,036|[TRACE] HqlParser - -------------------> logicalAndExpression
2021-11-21T23:53:27,036|[TRACE] HqlParser - ---------------------> negatedExpression
2021-11-21T23:53:27,036|[TRACE] HqlParser - -----------------------> equalityExpression
2021-11-21T23:53:27,036|[TRACE] HqlParser - -------------------------> relationalExpression
2021-11-21T23:53:27,036|[TRACE] HqlParser - ---------------------------> concatenation
2021-11-21T23:53:27,036|[TRACE] HqlParser - -----------------------------> additiveExpression
2021-11-21T23:53:27,036|[TRACE] HqlParser - -------------------------------> multiplyExpression
2021-11-21T23:53:27,036|[TRACE] HqlParser - ---------------------------------> unaryExpression
2021-11-21T23:53:27,036|[TRACE] HqlParser - -----------------------------------> atom
2021-11-21T23:53:27,036|[TRACE] HqlParser - -------------------------------------> primaryExpression
2021-11-21T23:53:27,036|[TRACE] HqlParser - ---------------------------------------> identPrimary
2021-11-21T23:53:27,036|[TRACE] HqlParser - -----------------------------------------> identPrimaryBase
2021-11-21T23:53:27,036|[TRACE] HqlParser - -------------------------------------------> identifier
2021-11-21T23:53:27,036|[TRACE] HqlParser - <------------------------------------------- identifier
2021-11-21T23:53:27,036|[TRACE] HqlParser - <----------------------------------------- identPrimaryBase
2021-11-21T23:53:27,036|[TRACE] HqlParser - <--------------------------------------- identPrimary
2021-11-21T23:53:27,036|[TRACE] HqlParser - <------------------------------------- primaryExpression
2021-11-21T23:53:27,036|[TRACE] HqlParser - <----------------------------------- atom
2021-11-21T23:53:27,036|[TRACE] HqlParser - <--------------------------------- unaryExpression
2021-11-21T23:53:27,036|[TRACE] HqlParser - <------------------------------- multiplyExpression
2021-11-21T23:53:27,036|[TRACE] HqlParser - <----------------------------- additiveExpression
2021-11-21T23:53:27,036|[TRACE] HqlParser - <--------------------------- concatenation
2021-11-21T23:53:27,036|[TRACE] HqlParser - <------------------------- relationalExpression
2021-11-21T23:53:27,036|[TRACE] HqlParser - <----------------------- equalityExpression
2021-11-21T23:53:27,036|[TRACE] HqlParser - <--------------------- negatedExpression
2021-11-21T23:53:27,036|[TRACE] HqlParser - <------------------- logicalAndExpression
2021-11-21T23:53:27,036|[TRACE] HqlParser - <----------------- logicalOrExpression
2021-11-21T23:53:27,036|[TRACE] HqlParser - <--------------- expression
2021-11-21T23:53:27,036|[TRACE] HqlParser - <------------- aliasedExpression
2021-11-21T23:53:27,036|[TRACE] HqlParser - <----------- selectedPropertiesList
2021-11-21T23:53:27,036|[TRACE] HqlParser - <--------- selectClause
2021-11-21T23:53:27,036|[TRACE] HqlParser - ---------> fromClause
2021-11-21T23:53:27,036|[TRACE] HqlParser - -----------> fromRange
2021-11-21T23:53:27,036|[TRACE] HqlParser - -------------> fromClassOrOuterQueryPath
2021-11-21T23:53:27,036|[TRACE] HqlParser - ---------------> path
2021-11-21T23:53:27,036|[TRACE] HqlParser - -----------------> identifier
2021-11-21T23:53:27,036|[TRACE] HqlParser - <----------------- identifier
2021-11-21T23:53:27,036|[TRACE] HqlParser - -----------------> identifier
2021-11-21T23:53:27,036|[TRACE] HqlParser - <----------------- identifier
2021-11-21T23:53:27,036|[TRACE] HqlParser - -----------------> identifier
2021-11-21T23:53:27,036|[TRACE] HqlParser - <----------------- identifier
2021-11-21T23:53:27,036|[TRACE] HqlParser - <--------------- path
2021-11-21T23:53:27,036|[TRACE] HqlParser - ---------------> asAlias
2021-11-21T23:53:27,036|[TRACE] HqlParser - -----------------> alias
2021-11-21T23:53:27,036|[TRACE] HqlParser - -------------------> identifier
2021-11-21T23:53:27,036|[TRACE] HqlParser - <------------------- identifier
2021-11-21T23:53:27,036|[TRACE] HqlParser - <----------------- alias
2021-11-21T23:53:27,036|[TRACE] HqlParser - <--------------- asAlias
2021-11-21T23:53:27,036|[TRACE] HqlParser - <------------- fromClassOrOuterQueryPath
2021-11-21T23:53:27,036|[TRACE] HqlParser - <----------- fromRange
2021-11-21T23:53:27,036|[TRACE] HqlParser - <--------- fromClause
2021-11-21T23:53:27,036|[TRACE] HqlParser - <------- selectFrom
2021-11-21T23:53:27,036|[TRACE] HqlParser - <----- queryRule
2021-11-21T23:53:27,036|[TRACE] HqlParser - <--- selectStatement
2021-11-21T23:53:27,036|[TRACE] HqlParser - <- statement
2021-11-21T23:53:27,036|[DEBUG] ErrorTracker - throwQueryException() : no errors
2021-11-21T23:53:27,036|[DEBUG] QueryTranslatorImpl - --- HQL AST ---
 \-[QUERY] Node: 'query'
    \-[SELECT_FROM] Node: 'SELECT_FROM'
       +-[FROM] Node: 'FROM'
       |  \-[RANGE] Node: 'RANGE'
       |     +-[DOT] Node: '.'
       |     |  +-[DOT] Node: '.'
       |     |  |  +-[IDENT] Node: 'bloodbank'
       |     |  |  \-[IDENT] Node: 'entity'
       |     |  \-[IDENT] Node: 'Address'
       |     \-[ALIAS] Node: 'a'
       \-[SELECT] Node: 'SELECT'
          \-[IDENT] Node: 'a'

2021-11-21T23:53:27,036|[DEBUG] HqlSqlBaseWalker - select << begin [level=1, statement=select]
2021-11-21T23:53:27,036|[DEBUG] FromElement - FromClause{level=1} : bloodbank.entity.Address (a) -> address0_
2021-11-21T23:53:27,036|[DEBUG] FromReferenceNode - Resolved : a -> address0_.address_id
2021-11-21T23:53:27,037|[DEBUG] HqlSqlBaseWalker - select : finishing up [level=1, statement=select]
2021-11-21T23:53:27,037|[DEBUG] HqlSqlWalker - processQuery() :  ( SELECT ( {select clause} address0_.address_id ) ( FromClause{level=1} address address0_ ) )
2021-11-21T23:53:27,037|[DEBUG] JoinProcessor - Tables referenced from query nodes:
 \-QueryNode
    +-SelectClause
    | referencedTables(entity Address): [address]
    |  +-IdentNode
    |  | persister: SingleTableEntityPersister(bloodbank.entity.Address)
    |  | originalText: a
    |  \-SqlFragment
    \-FromClause
       \-FromElement

2021-11-21T23:53:27,037|[DEBUG] JoinProcessor - Using FROM fragment [address address0_]
2021-11-21T23:53:27,037|[DEBUG] HqlSqlBaseWalker - select >> end [level=1, statement=select]
2021-11-21T23:53:27,037|[DEBUG] QueryTranslatorImpl - --- SQL AST ---
 \-[SELECT] QueryNode: 'SELECT'  querySpaces (address)
    +-[SELECT_CLAUSE] SelectClause: '{select clause}'
    |  +-[ALIAS_REF] IdentNode: 'address0_.address_id as address_1_0_' {alias=a, className=bloodbank.entity.Address, tableAlias=address0_}
    |  \-[SQL_TOKEN] SqlFragment: 'address0_.created as created2_0_, address0_.updated as updated3_0_, address0_.version as version4_0_, address0_.city as city5_0_, address0_.country as country6_0_, address0_.province as province7_0_, address0_.street as street8_0_, address0_.street_number as street_n9_0_, address0_.zipcode as zipcode10_0_'
    \-[FROM] FromClause: 'FROM' FromClause{level=1, fromElementCounter=1, fromElements=1, fromElementByClassAlias=[a], fromElementByTableAlias=[address0_], fromElementsByPath=[], collectionJoinFromElementsByPath=[], impliedElements=[]}
       \-[FROM_FRAGMENT] FromElement: 'address address0_' FromElement{explicit,not a collection join,not a fetch join,fetch non-lazy properties,classAlias=a,role=null,tableName=address,tableAlias=address0_,origin=null,columns={,className=bloodbank.entity.Address}}

2021-11-21T23:53:27,037|[DEBUG] ErrorTracker - throwQueryException() : no errors
2021-11-21T23:53:27,037|[DEBUG] QueryTranslatorImpl - HQL: SELECT a FROM bloodbank.entity.Address a
2021-11-21T23:53:27,037|[DEBUG] QueryTranslatorImpl - SQL: select address0_.address_id as address_1_0_, address0_.created as created2_0_, address0_.updated as updated3_0_, address0_.version as version4_0_, address0_.city as city5_0_, address0_.country as country6_0_, address0_.province as province7_0_, address0_.street as street8_0_, address0_.street_number as street_n9_0_, address0_.zipcode as zipcode10_0_ from address address0_
2021-11-21T23:53:27,037|[DEBUG] ErrorTracker - throwQueryException() : no errors
2021-11-21T23:53:27,037|[DEBUG] NamedQueryRepository - Checking named query: BloodDonation.findAll
2021-11-21T23:53:27,037|[TRACE] QueryPlanCache - Unable to locate HQL query plan in cache; generating (SELECT b FROM BloodDonation b)
2021-11-21T23:53:27,037|[DEBUG] QueryTranslatorImpl - parse() - HQL: SELECT b FROM bloodbank.entity.BloodDonation b
2021-11-21T23:53:27,037|[TRACE] HqlParser - -> statement
2021-11-21T23:53:27,037|[TRACE] HqlParser - ---> selectStatement
2021-11-21T23:53:27,037|[TRACE] HqlParser - -----> queryRule
2021-11-21T23:53:27,037|[TRACE] HqlParser - -------> selectFrom
2021-11-21T23:53:27,037|[TRACE] HqlParser - ---------> selectClause
2021-11-21T23:53:27,037|[TRACE] HqlParser - -----------> selectedPropertiesList
2021-11-21T23:53:27,037|[TRACE] HqlParser - -------------> aliasedExpression
2021-11-21T23:53:27,037|[TRACE] HqlParser - ---------------> expression
2021-11-21T23:53:27,037|[TRACE] HqlParser - -----------------> logicalOrExpression
2021-11-21T23:53:27,037|[TRACE] HqlParser - -------------------> logicalAndExpression
2021-11-21T23:53:27,037|[TRACE] HqlParser - ---------------------> negatedExpression
2021-11-21T23:53:27,037|[TRACE] HqlParser - -----------------------> equalityExpression
2021-11-21T23:53:27,037|[TRACE] HqlParser - -------------------------> relationalExpression
2021-11-21T23:53:27,037|[TRACE] HqlParser - ---------------------------> concatenation
2021-11-21T23:53:27,037|[TRACE] HqlParser - -----------------------------> additiveExpression
2021-11-21T23:53:27,037|[TRACE] HqlParser - -------------------------------> multiplyExpression
2021-11-21T23:53:27,037|[TRACE] HqlParser - ---------------------------------> unaryExpression
2021-11-21T23:53:27,037|[TRACE] HqlParser - -----------------------------------> atom
2021-11-21T23:53:27,037|[TRACE] HqlParser - -------------------------------------> primaryExpression
2021-11-21T23:53:27,037|[TRACE] HqlParser - ---------------------------------------> identPrimary
2021-11-21T23:53:27,037|[TRACE] HqlParser - -----------------------------------------> identPrimaryBase
2021-11-21T23:53:27,037|[TRACE] HqlParser - -------------------------------------------> identifier
2021-11-21T23:53:27,037|[TRACE] HqlParser - <------------------------------------------- identifier
2021-11-21T23:53:27,037|[TRACE] HqlParser - <----------------------------------------- identPrimaryBase
2021-11-21T23:53:27,037|[TRACE] HqlParser - <--------------------------------------- identPrimary
2021-11-21T23:53:27,037|[TRACE] HqlParser - <------------------------------------- primaryExpression
2021-11-21T23:53:27,037|[TRACE] HqlParser - <----------------------------------- atom
2021-11-21T23:53:27,037|[TRACE] HqlParser - <--------------------------------- unaryExpression
2021-11-21T23:53:27,037|[TRACE] HqlParser - <------------------------------- multiplyExpression
2021-11-21T23:53:27,037|[TRACE] HqlParser - <----------------------------- additiveExpression
2021-11-21T23:53:27,037|[TRACE] HqlParser - <--------------------------- concatenation
2021-11-21T23:53:27,037|[TRACE] HqlParser - <------------------------- relationalExpression
2021-11-21T23:53:27,037|[TRACE] HqlParser - <----------------------- equalityExpression
2021-11-21T23:53:27,037|[TRACE] HqlParser - <--------------------- negatedExpression
2021-11-21T23:53:27,037|[TRACE] HqlParser - <------------------- logicalAndExpression
2021-11-21T23:53:27,037|[TRACE] HqlParser - <----------------- logicalOrExpression
2021-11-21T23:53:27,037|[TRACE] HqlParser - <--------------- expression
2021-11-21T23:53:27,037|[TRACE] HqlParser - <------------- aliasedExpression
2021-11-21T23:53:27,037|[TRACE] HqlParser - <----------- selectedPropertiesList
2021-11-21T23:53:27,037|[TRACE] HqlParser - <--------- selectClause
2021-11-21T23:53:27,037|[TRACE] HqlParser - ---------> fromClause
2021-11-21T23:53:27,037|[TRACE] HqlParser - -----------> fromRange
2021-11-21T23:53:27,037|[TRACE] HqlParser - -------------> fromClassOrOuterQueryPath
2021-11-21T23:53:27,037|[TRACE] HqlParser - ---------------> path
2021-11-21T23:53:27,037|[TRACE] HqlParser - -----------------> identifier
2021-11-21T23:53:27,037|[TRACE] HqlParser - <----------------- identifier
2021-11-21T23:53:27,037|[TRACE] HqlParser - -----------------> identifier
2021-11-21T23:53:27,037|[TRACE] HqlParser - <----------------- identifier
2021-11-21T23:53:27,037|[TRACE] HqlParser - -----------------> identifier
2021-11-21T23:53:27,037|[TRACE] HqlParser - <----------------- identifier
2021-11-21T23:53:27,037|[TRACE] HqlParser - <--------------- path
2021-11-21T23:53:27,037|[TRACE] HqlParser - ---------------> asAlias
2021-11-21T23:53:27,037|[TRACE] HqlParser - -----------------> alias
2021-11-21T23:53:27,037|[TRACE] HqlParser - -------------------> identifier
2021-11-21T23:53:27,037|[TRACE] HqlParser - <------------------- identifier
2021-11-21T23:53:27,037|[TRACE] HqlParser - <----------------- alias
2021-11-21T23:53:27,037|[TRACE] HqlParser - <--------------- asAlias
2021-11-21T23:53:27,037|[TRACE] HqlParser - <------------- fromClassOrOuterQueryPath
2021-11-21T23:53:27,037|[TRACE] HqlParser - <----------- fromRange
2021-11-21T23:53:27,037|[TRACE] HqlParser - <--------- fromClause
2021-11-21T23:53:27,037|[TRACE] HqlParser - <------- selectFrom
2021-11-21T23:53:27,037|[TRACE] HqlParser - <----- queryRule
2021-11-21T23:53:27,037|[TRACE] HqlParser - <--- selectStatement
2021-11-21T23:53:27,037|[TRACE] HqlParser - <- statement
2021-11-21T23:53:27,037|[DEBUG] ErrorTracker - throwQueryException() : no errors
2021-11-21T23:53:27,042|[DEBUG] QueryTranslatorImpl - --- HQL AST ---
 \-[QUERY] Node: 'query'
    \-[SELECT_FROM] Node: 'SELECT_FROM'
       +-[FROM] Node: 'FROM'
       |  \-[RANGE] Node: 'RANGE'
       |     +-[DOT] Node: '.'
       |     |  +-[DOT] Node: '.'
       |     |  |  +-[IDENT] Node: 'bloodbank'
       |     |  |  \-[IDENT] Node: 'entity'
       |     |  \-[IDENT] Node: 'BloodDonation'
       |     \-[ALIAS] Node: 'b'
       \-[SELECT] Node: 'SELECT'
          \-[IDENT] Node: 'b'

2021-11-21T23:53:27,042|[DEBUG] HqlSqlBaseWalker - select << begin [level=1, statement=select]
2021-11-21T23:53:27,043|[DEBUG] FromElement - FromClause{level=1} : bloodbank.entity.BloodDonation (b) -> blooddonat0_
2021-11-21T23:53:27,043|[DEBUG] FromReferenceNode - Resolved : b -> blooddonat0_.donation_id
2021-11-21T23:53:27,043|[DEBUG] HqlSqlBaseWalker - select : finishing up [level=1, statement=select]
2021-11-21T23:53:27,043|[DEBUG] HqlSqlWalker - processQuery() :  ( SELECT ( {select clause} blooddonat0_.donation_id ) ( FromClause{level=1} blood_donation blooddonat0_ ) )
2021-11-21T23:53:27,043|[DEBUG] JoinProcessor - Tables referenced from query nodes:
 \-QueryNode
    +-SelectClause
    | referencedTables(entity BloodDonation): [blood_donation]
    |  +-IdentNode
    |  | persister: SingleTableEntityPersister(bloodbank.entity.BloodDonation)
    |  | originalText: b
    |  \-SqlFragment
    \-FromClause
       \-FromElement

2021-11-21T23:53:27,043|[DEBUG] JoinProcessor - Using FROM fragment [blood_donation blooddonat0_]
2021-11-21T23:53:27,043|[DEBUG] HqlSqlBaseWalker - select >> end [level=1, statement=select]
2021-11-21T23:53:27,043|[DEBUG] QueryTranslatorImpl - --- SQL AST ---
 \-[SELECT] QueryNode: 'SELECT'  querySpaces (blood_donation)
    +-[SELECT_CLAUSE] SelectClause: '{select clause}'
    |  +-[ALIAS_REF] IdentNode: 'blooddonat0_.donation_id as donation1_2_' {alias=b, className=bloodbank.entity.BloodDonation, tableAlias=blooddonat0_}
    |  \-[SQL_TOKEN] SqlFragment: 'blooddonat0_.created as created2_2_, blooddonat0_.updated as updated3_2_, blooddonat0_.version as version4_2_, blooddonat0_.bank_id as bank_id8_2_, blooddonat0_.blood_group as blood_gr5_2_, blooddonat0_.rhd as rhd6_2_, blooddonat0_.milliliters as millilit7_2_'
    \-[FROM] FromClause: 'FROM' FromClause{level=1, fromElementCounter=1, fromElements=1, fromElementByClassAlias=[b], fromElementByTableAlias=[blooddonat0_], fromElementsByPath=[], collectionJoinFromElementsByPath=[], impliedElements=[]}
       \-[FROM_FRAGMENT] FromElement: 'blood_donation blooddonat0_' FromElement{explicit,not a collection join,not a fetch join,fetch non-lazy properties,classAlias=b,role=null,tableName=blood_donation,tableAlias=blooddonat0_,origin=null,columns={,className=bloodbank.entity.BloodDonation}}

2021-11-21T23:53:27,043|[DEBUG] ErrorTracker - throwQueryException() : no errors
2021-11-21T23:53:27,043|[DEBUG] QueryTranslatorImpl - HQL: SELECT b FROM bloodbank.entity.BloodDonation b
2021-11-21T23:53:27,043|[DEBUG] QueryTranslatorImpl - SQL: select blooddonat0_.donation_id as donation1_2_, blooddonat0_.created as created2_2_, blooddonat0_.updated as updated3_2_, blooddonat0_.version as version4_2_, blooddonat0_.bank_id as bank_id8_2_, blooddonat0_.blood_group as blood_gr5_2_, blooddonat0_.rhd as rhd6_2_, blooddonat0_.milliliters as millilit7_2_ from blood_donation blooddonat0_
2021-11-21T23:53:27,043|[DEBUG] ErrorTracker - throwQueryException() : no errors
2021-11-21T23:53:27,043|[DEBUG] NamedQueryRepository - Checking named query: Person.findAll
2021-11-21T23:53:27,043|[TRACE] QueryPlanCache - Unable to locate HQL query plan in cache; generating (SELECT p FROM Person p)
2021-11-21T23:53:27,044|[DEBUG] QueryTranslatorImpl - parse() - HQL: SELECT p FROM bloodbank.entity.Person p
2021-11-21T23:53:27,044|[TRACE] HqlParser - -> statement
2021-11-21T23:53:27,044|[TRACE] HqlParser - ---> selectStatement
2021-11-21T23:53:27,044|[TRACE] HqlParser - -----> queryRule
2021-11-21T23:53:27,044|[TRACE] HqlParser - -------> selectFrom
2021-11-21T23:53:27,044|[TRACE] HqlParser - ---------> selectClause
2021-11-21T23:53:27,044|[TRACE] HqlParser - -----------> selectedPropertiesList
2021-11-21T23:53:27,044|[TRACE] HqlParser - -------------> aliasedExpression
2021-11-21T23:53:27,044|[TRACE] HqlParser - ---------------> expression
2021-11-21T23:53:27,044|[TRACE] HqlParser - -----------------> logicalOrExpression
2021-11-21T23:53:27,044|[TRACE] HqlParser - -------------------> logicalAndExpression
2021-11-21T23:53:27,044|[TRACE] HqlParser - ---------------------> negatedExpression
2021-11-21T23:53:27,044|[TRACE] HqlParser - -----------------------> equalityExpression
2021-11-21T23:53:27,044|[TRACE] HqlParser - -------------------------> relationalExpression
2021-11-21T23:53:27,044|[TRACE] HqlParser - ---------------------------> concatenation
2021-11-21T23:53:27,044|[TRACE] HqlParser - -----------------------------> additiveExpression
2021-11-21T23:53:27,044|[TRACE] HqlParser - -------------------------------> multiplyExpression
2021-11-21T23:53:27,044|[TRACE] HqlParser - ---------------------------------> unaryExpression
2021-11-21T23:53:27,044|[TRACE] HqlParser - -----------------------------------> atom
2021-11-21T23:53:27,044|[TRACE] HqlParser - -------------------------------------> primaryExpression
2021-11-21T23:53:27,044|[TRACE] HqlParser - ---------------------------------------> identPrimary
2021-11-21T23:53:27,044|[TRACE] HqlParser - -----------------------------------------> identPrimaryBase
2021-11-21T23:53:27,044|[TRACE] HqlParser - -------------------------------------------> identifier
2021-11-21T23:53:27,044|[TRACE] HqlParser - <------------------------------------------- identifier
2021-11-21T23:53:27,044|[TRACE] HqlParser - <----------------------------------------- identPrimaryBase
2021-11-21T23:53:27,044|[TRACE] HqlParser - <--------------------------------------- identPrimary
2021-11-21T23:53:27,044|[TRACE] HqlParser - <------------------------------------- primaryExpression
2021-11-21T23:53:27,044|[TRACE] HqlParser - <----------------------------------- atom
2021-11-21T23:53:27,044|[TRACE] HqlParser - <--------------------------------- unaryExpression
2021-11-21T23:53:27,044|[TRACE] HqlParser - <------------------------------- multiplyExpression
2021-11-21T23:53:27,044|[TRACE] HqlParser - <----------------------------- additiveExpression
2021-11-21T23:53:27,044|[TRACE] HqlParser - <--------------------------- concatenation
2021-11-21T23:53:27,044|[TRACE] HqlParser - <------------------------- relationalExpression
2021-11-21T23:53:27,044|[TRACE] HqlParser - <----------------------- equalityExpression
2021-11-21T23:53:27,044|[TRACE] HqlParser - <--------------------- negatedExpression
2021-11-21T23:53:27,044|[TRACE] HqlParser - <------------------- logicalAndExpression
2021-11-21T23:53:27,044|[TRACE] HqlParser - <----------------- logicalOrExpression
2021-11-21T23:53:27,044|[TRACE] HqlParser - <--------------- expression
2021-11-21T23:53:27,044|[TRACE] HqlParser - <------------- aliasedExpression
2021-11-21T23:53:27,044|[TRACE] HqlParser - <----------- selectedPropertiesList
2021-11-21T23:53:27,044|[TRACE] HqlParser - <--------- selectClause
2021-11-21T23:53:27,044|[TRACE] HqlParser - ---------> fromClause
2021-11-21T23:53:27,044|[TRACE] HqlParser - -----------> fromRange
2021-11-21T23:53:27,044|[TRACE] HqlParser - -------------> fromClassOrOuterQueryPath
2021-11-21T23:53:27,044|[TRACE] HqlParser - ---------------> path
2021-11-21T23:53:27,044|[TRACE] HqlParser - -----------------> identifier
2021-11-21T23:53:27,044|[TRACE] HqlParser - <----------------- identifier
2021-11-21T23:53:27,044|[TRACE] HqlParser - -----------------> identifier
2021-11-21T23:53:27,044|[TRACE] HqlParser - <----------------- identifier
2021-11-21T23:53:27,044|[TRACE] HqlParser - -----------------> identifier
2021-11-21T23:53:27,044|[TRACE] HqlParser - <----------------- identifier
2021-11-21T23:53:27,044|[TRACE] HqlParser - <--------------- path
2021-11-21T23:53:27,044|[TRACE] HqlParser - ---------------> asAlias
2021-11-21T23:53:27,044|[TRACE] HqlParser - -----------------> alias
2021-11-21T23:53:27,044|[TRACE] HqlParser - -------------------> identifier
2021-11-21T23:53:27,044|[TRACE] HqlParser - <------------------- identifier
2021-11-21T23:53:27,044|[TRACE] HqlParser - <----------------- alias
2021-11-21T23:53:27,044|[TRACE] HqlParser - <--------------- asAlias
2021-11-21T23:53:27,044|[TRACE] HqlParser - <------------- fromClassOrOuterQueryPath
2021-11-21T23:53:27,044|[TRACE] HqlParser - <----------- fromRange
2021-11-21T23:53:27,044|[TRACE] HqlParser - <--------- fromClause
2021-11-21T23:53:27,044|[TRACE] HqlParser - <------- selectFrom
2021-11-21T23:53:27,044|[TRACE] HqlParser - <----- queryRule
2021-11-21T23:53:27,044|[TRACE] HqlParser - <--- selectStatement
2021-11-21T23:53:27,044|[TRACE] HqlParser - <- statement
2021-11-21T23:53:27,044|[DEBUG] ErrorTracker - throwQueryException() : no errors
2021-11-21T23:53:27,044|[DEBUG] QueryTranslatorImpl - --- HQL AST ---
 \-[QUERY] Node: 'query'
    \-[SELECT_FROM] Node: 'SELECT_FROM'
       +-[FROM] Node: 'FROM'
       |  \-[RANGE] Node: 'RANGE'
       |     +-[DOT] Node: '.'
       |     |  +-[DOT] Node: '.'
       |     |  |  +-[IDENT] Node: 'bloodbank'
       |     |  |  \-[IDENT] Node: 'entity'
       |     |  \-[IDENT] Node: 'Person'
       |     \-[ALIAS] Node: 'p'
       \-[SELECT] Node: 'SELECT'
          \-[IDENT] Node: 'p'

2021-11-21T23:53:27,044|[DEBUG] HqlSqlBaseWalker - select << begin [level=1, statement=select]
2021-11-21T23:53:27,044|[DEBUG] FromElement - FromClause{level=1} : bloodbank.entity.Person (p) -> person0_
2021-11-21T23:53:27,044|[DEBUG] FromReferenceNode - Resolved : p -> person0_.id
2021-11-21T23:53:27,044|[DEBUG] HqlSqlBaseWalker - select : finishing up [level=1, statement=select]
2021-11-21T23:53:27,044|[DEBUG] HqlSqlWalker - processQuery() :  ( SELECT ( {select clause} person0_.id ) ( FromClause{level=1} person person0_ ) )
2021-11-21T23:53:27,044|[DEBUG] JoinProcessor - Tables referenced from query nodes:
 \-QueryNode
    +-SelectClause
    | referencedTables(entity Person): [person]
    |  +-IdentNode
    |  | persister: SingleTableEntityPersister(bloodbank.entity.Person)
    |  | originalText: p
    |  \-SqlFragment
    \-FromClause
       \-FromElement

2021-11-21T23:53:27,044|[DEBUG] JoinProcessor - Using FROM fragment [person person0_]
2021-11-21T23:53:27,044|[DEBUG] HqlSqlBaseWalker - select >> end [level=1, statement=select]
2021-11-21T23:53:27,044|[DEBUG] QueryTranslatorImpl - --- SQL AST ---
 \-[SELECT] QueryNode: 'SELECT'  querySpaces (person)
    +-[SELECT_CLAUSE] SelectClause: '{select clause}'
    |  +-[ALIAS_REF] IdentNode: 'person0_.id as id1_5_' {alias=p, className=bloodbank.entity.Person, tableAlias=person0_}
    |  \-[SQL_TOKEN] SqlFragment: 'person0_.created as created2_5_, person0_.updated as updated3_5_, person0_.version as version4_5_, person0_.first_name as first_na5_5_, person0_.last_name as last_nam6_5_'
    \-[FROM] FromClause: 'FROM' FromClause{level=1, fromElementCounter=1, fromElements=1, fromElementByClassAlias=[p], fromElementByTableAlias=[person0_], fromElementsByPath=[], collectionJoinFromElementsByPath=[], impliedElements=[]}
       \-[FROM_FRAGMENT] FromElement: 'person person0_' FromElement{explicit,not a collection join,not a fetch join,fetch non-lazy properties,classAlias=p,role=null,tableName=person,tableAlias=person0_,origin=null,columns={,className=bloodbank.entity.Person}}

2021-11-21T23:53:27,044|[DEBUG] ErrorTracker - throwQueryException() : no errors
2021-11-21T23:53:27,044|[DEBUG] QueryTranslatorImpl - HQL: SELECT p FROM bloodbank.entity.Person p
2021-11-21T23:53:27,045|[DEBUG] QueryTranslatorImpl - SQL: select person0_.id as id1_5_, person0_.created as created2_5_, person0_.updated as updated3_5_, person0_.version as version4_5_, person0_.first_name as first_na5_5_, person0_.last_name as last_nam6_5_ from person person0_
2021-11-21T23:53:27,045|[DEBUG] ErrorTracker - throwQueryException() : no errors
2021-11-21T23:53:27,045|[DEBUG] NamedQueryRepository - Checking named query: DonationRecord.findAll
2021-11-21T23:53:27,045|[TRACE] QueryPlanCache - Unable to locate HQL query plan in cache; generating (SELECT d FROM DonationRecord d)
2021-11-21T23:53:27,045|[DEBUG] QueryTranslatorImpl - parse() - HQL: SELECT d FROM bloodbank.entity.DonationRecord d
2021-11-21T23:53:27,045|[TRACE] HqlParser - -> statement
2021-11-21T23:53:27,045|[TRACE] HqlParser - ---> selectStatement
2021-11-21T23:53:27,045|[TRACE] HqlParser - -----> queryRule
2021-11-21T23:53:27,045|[TRACE] HqlParser - -------> selectFrom
2021-11-21T23:53:27,045|[TRACE] HqlParser - ---------> selectClause
2021-11-21T23:53:27,045|[TRACE] HqlParser - -----------> selectedPropertiesList
2021-11-21T23:53:27,045|[TRACE] HqlParser - -------------> aliasedExpression
2021-11-21T23:53:27,045|[TRACE] HqlParser - ---------------> expression
2021-11-21T23:53:27,045|[TRACE] HqlParser - -----------------> logicalOrExpression
2021-11-21T23:53:27,045|[TRACE] HqlParser - -------------------> logicalAndExpression
2021-11-21T23:53:27,045|[TRACE] HqlParser - ---------------------> negatedExpression
2021-11-21T23:53:27,045|[TRACE] HqlParser - -----------------------> equalityExpression
2021-11-21T23:53:27,045|[TRACE] HqlParser - -------------------------> relationalExpression
2021-11-21T23:53:27,045|[TRACE] HqlParser - ---------------------------> concatenation
2021-11-21T23:53:27,045|[TRACE] HqlParser - -----------------------------> additiveExpression
2021-11-21T23:53:27,045|[TRACE] HqlParser - -------------------------------> multiplyExpression
2021-11-21T23:53:27,045|[TRACE] HqlParser - ---------------------------------> unaryExpression
2021-11-21T23:53:27,045|[TRACE] HqlParser - -----------------------------------> atom
2021-11-21T23:53:27,045|[TRACE] HqlParser - -------------------------------------> primaryExpression
2021-11-21T23:53:27,045|[TRACE] HqlParser - ---------------------------------------> identPrimary
2021-11-21T23:53:27,045|[TRACE] HqlParser - -----------------------------------------> identPrimaryBase
2021-11-21T23:53:27,045|[TRACE] HqlParser - -------------------------------------------> identifier
2021-11-21T23:53:27,045|[TRACE] HqlParser - <------------------------------------------- identifier
2021-11-21T23:53:27,045|[TRACE] HqlParser - <----------------------------------------- identPrimaryBase
2021-11-21T23:53:27,045|[TRACE] HqlParser - <--------------------------------------- identPrimary
2021-11-21T23:53:27,045|[TRACE] HqlParser - <------------------------------------- primaryExpression
2021-11-21T23:53:27,045|[TRACE] HqlParser - <----------------------------------- atom
2021-11-21T23:53:27,045|[TRACE] HqlParser - <--------------------------------- unaryExpression
2021-11-21T23:53:27,045|[TRACE] HqlParser - <------------------------------- multiplyExpression
2021-11-21T23:53:27,045|[TRACE] HqlParser - <----------------------------- additiveExpression
2021-11-21T23:53:27,045|[TRACE] HqlParser - <--------------------------- concatenation
2021-11-21T23:53:27,045|[TRACE] HqlParser - <------------------------- relationalExpression
2021-11-21T23:53:27,045|[TRACE] HqlParser - <----------------------- equalityExpression
2021-11-21T23:53:27,045|[TRACE] HqlParser - <--------------------- negatedExpression
2021-11-21T23:53:27,045|[TRACE] HqlParser - <------------------- logicalAndExpression
2021-11-21T23:53:27,045|[TRACE] HqlParser - <----------------- logicalOrExpression
2021-11-21T23:53:27,045|[TRACE] HqlParser - <--------------- expression
2021-11-21T23:53:27,045|[TRACE] HqlParser - <------------- aliasedExpression
2021-11-21T23:53:27,045|[TRACE] HqlParser - <----------- selectedPropertiesList
2021-11-21T23:53:27,045|[TRACE] HqlParser - <--------- selectClause
2021-11-21T23:53:27,045|[TRACE] HqlParser - ---------> fromClause
2021-11-21T23:53:27,045|[TRACE] HqlParser - -----------> fromRange
2021-11-21T23:53:27,045|[TRACE] HqlParser - -------------> fromClassOrOuterQueryPath
2021-11-21T23:53:27,045|[TRACE] HqlParser - ---------------> path
2021-11-21T23:53:27,045|[TRACE] HqlParser - -----------------> identifier
2021-11-21T23:53:27,045|[TRACE] HqlParser - <----------------- identifier
2021-11-21T23:53:27,045|[TRACE] HqlParser - -----------------> identifier
2021-11-21T23:53:27,045|[TRACE] HqlParser - <----------------- identifier
2021-11-21T23:53:27,045|[TRACE] HqlParser - -----------------> identifier
2021-11-21T23:53:27,045|[TRACE] HqlParser - <----------------- identifier
2021-11-21T23:53:27,045|[TRACE] HqlParser - <--------------- path
2021-11-21T23:53:27,045|[TRACE] HqlParser - ---------------> asAlias
2021-11-21T23:53:27,045|[TRACE] HqlParser - -----------------> alias
2021-11-21T23:53:27,045|[TRACE] HqlParser - -------------------> identifier
2021-11-21T23:53:27,045|[TRACE] HqlParser - <------------------- identifier
2021-11-21T23:53:27,045|[TRACE] HqlParser - <----------------- alias
2021-11-21T23:53:27,045|[TRACE] HqlParser - <--------------- asAlias
2021-11-21T23:53:27,045|[TRACE] HqlParser - <------------- fromClassOrOuterQueryPath
2021-11-21T23:53:27,045|[TRACE] HqlParser - <----------- fromRange
2021-11-21T23:53:27,045|[TRACE] HqlParser - <--------- fromClause
2021-11-21T23:53:27,045|[TRACE] HqlParser - <------- selectFrom
2021-11-21T23:53:27,045|[TRACE] HqlParser - <----- queryRule
2021-11-21T23:53:27,045|[TRACE] HqlParser - <--- selectStatement
2021-11-21T23:53:27,045|[TRACE] HqlParser - <- statement
2021-11-21T23:53:27,045|[DEBUG] ErrorTracker - throwQueryException() : no errors
2021-11-21T23:53:27,045|[DEBUG] QueryTranslatorImpl - --- HQL AST ---
 \-[QUERY] Node: 'query'
    \-[SELECT_FROM] Node: 'SELECT_FROM'
       +-[FROM] Node: 'FROM'
       |  \-[RANGE] Node: 'RANGE'
       |     +-[DOT] Node: '.'
       |     |  +-[DOT] Node: '.'
       |     |  |  +-[IDENT] Node: 'bloodbank'
       |     |  |  \-[IDENT] Node: 'entity'
       |     |  \-[IDENT] Node: 'DonationRecord'
       |     \-[ALIAS] Node: 'd'
       \-[SELECT] Node: 'SELECT'
          \-[IDENT] Node: 'd'

2021-11-21T23:53:27,045|[DEBUG] HqlSqlBaseWalker - select << begin [level=1, statement=select]
2021-11-21T23:53:27,045|[DEBUG] FromElement - FromClause{level=1} : bloodbank.entity.DonationRecord (d) -> donationre0_
2021-11-21T23:53:27,045|[DEBUG] FromReferenceNode - Resolved : d -> donationre0_.record_id
2021-11-21T23:53:27,045|[DEBUG] HqlSqlBaseWalker - select : finishing up [level=1, statement=select]
2021-11-21T23:53:27,045|[DEBUG] HqlSqlWalker - processQuery() :  ( SELECT ( {select clause} donationre0_.record_id ) ( FromClause{level=1} donation_record donationre0_ ) )
2021-11-21T23:53:27,045|[DEBUG] JoinProcessor - Tables referenced from query nodes:
 \-QueryNode
    +-SelectClause
    | referencedTables(entity DonationRecord): [donation_record]
    |  +-IdentNode
    |  | persister: SingleTableEntityPersister(bloodbank.entity.DonationRecord)
    |  | originalText: d
    |  \-SqlFragment
    \-FromClause
       \-FromElement

2021-11-21T23:53:27,045|[DEBUG] JoinProcessor - Using FROM fragment [donation_record donationre0_]
2021-11-21T23:53:27,045|[DEBUG] HqlSqlBaseWalker - select >> end [level=1, statement=select]
2021-11-21T23:53:27,045|[DEBUG] QueryTranslatorImpl - --- SQL AST ---
 \-[SELECT] QueryNode: 'SELECT'  querySpaces (donation_record)
    +-[SELECT_CLAUSE] SelectClause: '{select clause}'
    |  +-[ALIAS_REF] IdentNode: 'donationre0_.record_id as record_i1_4_' {alias=d, className=bloodbank.entity.DonationRecord, tableAlias=donationre0_}
    |  \-[SQL_TOKEN] SqlFragment: 'donationre0_.created as created2_4_, donationre0_.updated as updated3_4_, donationre0_.version as version4_4_, donationre0_.donation_id as donation6_4_, donationre0_.person_id as person_i7_4_, donationre0_.tested as tested5_4_'
    \-[FROM] FromClause: 'FROM' FromClause{level=1, fromElementCounter=1, fromElements=1, fromElementByClassAlias=[d], fromElementByTableAlias=[donationre0_], fromElementsByPath=[], collectionJoinFromElementsByPath=[], impliedElements=[]}
       \-[FROM_FRAGMENT] FromElement: 'donation_record donationre0_' FromElement{explicit,not a collection join,not a fetch join,fetch non-lazy properties,classAlias=d,role=null,tableName=donation_record,tableAlias=donationre0_,origin=null,columns={,className=bloodbank.entity.DonationRecord}}

2021-11-21T23:53:27,045|[DEBUG] ErrorTracker - throwQueryException() : no errors
2021-11-21T23:53:27,045|[DEBUG] QueryTranslatorImpl - HQL: SELECT d FROM bloodbank.entity.DonationRecord d
2021-11-21T23:53:27,045|[DEBUG] QueryTranslatorImpl - SQL: select donationre0_.record_id as record_i1_4_, donationre0_.created as created2_4_, donationre0_.updated as updated3_4_, donationre0_.version as version4_4_, donationre0_.donation_id as donation6_4_, donationre0_.person_id as person_i7_4_, donationre0_.tested as tested5_4_ from donation_record donationre0_
2021-11-21T23:53:27,045|[DEBUG] ErrorTracker - throwQueryException() : no errors
2021-11-21T23:53:27,046|[DEBUG] NamedQueryRepository - Checking 0 named SQL queries
2021-11-21T23:53:27,046|[TRACE] TypeConfiguration$Scope - Handling #sessionFactoryCreated from [org.hibernate.internal.SessionFactoryImpl@42805abe] for TypeConfiguration
2021-11-21T23:53:27,046|[TRACE] AbstractServiceRegistryImpl - Initializing service [role=org.hibernate.engine.jndi.spi.JndiService]
2021-11-21T23:53:27,046|[DEBUG] SessionFactoryRegistry - Registering SessionFactory: d3fd4fe2-27ff-4408-9727-a5f7b8d761d1 (<unnamed>)
2021-11-21T23:53:27,046|[DEBUG] SessionFactoryRegistry - Not binding SessionFactory to JNDI, no JNDI name configured
2021-11-21T23:53:27,046|[TRACE] SessionFactoryImpl$SessionBuilderImpl - Opening Hibernate Session.  tenant=null
2021-11-21T23:53:27,046|[TRACE] SessionImpl - Opened Session [ff23f792-c528-4441-8b7b-df02871e58d7] at timestamp: 1637556807046
2021-11-21T23:53:27,046|[DEBUG] TransactionImpl - On TransactionImpl creation, JpaCompliance#isJpaTransactionComplianceEnabled == false
2021-11-21T23:53:27,046|[DEBUG] TransactionImpl - begin
2021-11-21T23:53:27,047|[TRACE] AbstractLogicalConnectionImplementor - Preparing to begin transaction via JDBC Connection.setAutoCommit(false)
2021-11-21T23:53:27,047|[TRACE] AbstractLogicalConnectionImplementor - Transaction begun via JDBC Connection.setAutoCommit(false)
2021-11-21T23:53:27,047|[TRACE] JdbcResourceLocalTransactionCoordinatorImpl - ResourceLocalTransactionCoordinatorImpl#afterBeginCallback
2021-11-21T23:53:27,047|[TRACE] QueryPlanCache - Unable to locate HQL query plan in cache; generating (delete BloodBank as generatedAlias0)
2021-11-21T23:53:27,047|[DEBUG] QueryTranslatorImpl - parse() - HQL: delete bloodbank.entity.BloodBank as generatedAlias0
2021-11-21T23:53:27,047|[TRACE] HqlParser - -> statement
2021-11-21T23:53:27,047|[TRACE] HqlParser - ---> deleteStatement
2021-11-21T23:53:27,047|[TRACE] HqlParser - -----> optionalFromTokenFromClause
2021-11-21T23:53:27,047|[TRACE] HqlParser - -------> path
2021-11-21T23:53:27,047|[TRACE] HqlParser - ---------> identifier
2021-11-21T23:53:27,047|[TRACE] HqlParser - <--------- identifier
2021-11-21T23:53:27,047|[TRACE] HqlParser - ---------> identifier
2021-11-21T23:53:27,047|[TRACE] HqlParser - <--------- identifier
2021-11-21T23:53:27,047|[TRACE] HqlParser - ---------> identifier
2021-11-21T23:53:27,047|[TRACE] HqlParser - <--------- identifier
2021-11-21T23:53:27,047|[TRACE] HqlParser - <------- path
2021-11-21T23:53:27,047|[TRACE] HqlParser - -------> asAlias
2021-11-21T23:53:27,047|[TRACE] HqlParser - ---------> alias
2021-11-21T23:53:27,047|[TRACE] HqlParser - -----------> identifier
2021-11-21T23:53:27,047|[TRACE] HqlParser - <----------- identifier
2021-11-21T23:53:27,047|[TRACE] HqlParser - <--------- alias
2021-11-21T23:53:27,047|[TRACE] HqlParser - <------- asAlias
2021-11-21T23:53:27,047|[TRACE] HqlParser - <----- optionalFromTokenFromClause
2021-11-21T23:53:27,047|[TRACE] HqlParser - <--- deleteStatement
2021-11-21T23:53:27,047|[TRACE] HqlParser - <- statement
2021-11-21T23:53:27,047|[DEBUG] ErrorTracker - throwQueryException() : no errors
2021-11-21T23:53:27,047|[DEBUG] QueryTranslatorImpl - --- HQL AST ---
 \-[DELETE] Node: 'delete'
    \-[FROM] Node: 'FROM'
       \-[RANGE] Node: 'RANGE'
          +-[DOT] Node: '.'
          |  +-[DOT] Node: '.'
          |  |  +-[IDENT] Node: 'bloodbank'
          |  |  \-[IDENT] Node: 'entity'
          |  \-[IDENT] Node: 'BloodBank'
          \-[ALIAS] Node: 'generatedAlias0'

2021-11-21T23:53:27,047|[DEBUG] HqlSqlBaseWalker - delete << begin [level=1, statement=delete]
2021-11-21T23:53:27,047|[DEBUG] FromElement - FromClause{level=1} : bloodbank.entity.BloodBank (generatedAlias0) -> bloodbank0_
2021-11-21T23:53:27,047|[DEBUG] HqlSqlBaseWalker - delete : finishing up [level=1, statement=delete]
2021-11-21T23:53:27,047|[DEBUG] HqlSqlBaseWalker - delete >> end [level=1, statement=delete]
2021-11-21T23:53:27,048|[DEBUG] QueryTranslatorImpl - --- SQL AST ---
 \-[DELETE] DeleteStatement: 'delete'  querySpaces (blood_bank)
    \-[FROM] FromClause: 'FROM' FromClause{level=1, fromElementCounter=1, fromElements=1, fromElementByClassAlias=[generatedAlias0], fromElementByTableAlias=[bloodbank0_], fromElementsByPath=[], collectionJoinFromElementsByPath=[], impliedElements=[]}
       \-[FROM_FRAGMENT] FromElement: 'blood_bank' FromElement{explicit,not a collection join,not a fetch join,fetch non-lazy properties,classAlias=generatedAlias0,role=null,tableName=blood_bank,tableAlias=bloodbank0_,origin=null,columns={,className=bloodbank.entity.BloodBank}}

2021-11-21T23:53:27,048|[DEBUG] ErrorTracker - throwQueryException() : no errors
2021-11-21T23:53:27,048|[DEBUG] ErrorTracker - throwQueryException() : no errors
2021-11-21T23:53:27,048|[TRACE] QueryPlanCache - Located HQL query plan in cache (delete BloodBank as generatedAlias0)
2021-11-21T23:53:27,048|[TRACE] HQLQueryPlan - Execute update: delete BloodBank as generatedAlias0
2021-11-21T23:53:27,048|[TRACE] QueryParameters - Named parameters: {}
2021-11-21T23:53:27,048|[DEBUG] SQL - 
    /* delete BloodBank as generatedAlias0 */ delete 
        from
            blood_bank
2021-11-21T23:53:27,048|[TRACE] ResourceRegistryStandardImpl - Registering statement [com.mysql.cj.jdbc.ClientPreparedStatement: /* delete BloodBank as generatedAlias0 */ delete from blood_bank]
2021-11-21T23:53:27,049|[TRACE] ResourceRegistryStandardImpl - Releasing statement [com.mysql.cj.jdbc.ClientPreparedStatement: /* delete BloodBank as generatedAlias0 */ delete from blood_bank]
2021-11-21T23:53:27,049|[TRACE] ResourceRegistryStandardImpl - Closing prepared statement [com.mysql.cj.jdbc.ClientPreparedStatement: /* delete BloodBank as generatedAlias0 */ delete from blood_bank]
2021-11-21T23:53:27,050|[TRACE] JdbcCoordinatorImpl - Starting after statement execution processing [AFTER_TRANSACTION]
2021-11-21T23:53:27,050|[TRACE] QueryPlanCache - Unable to locate HQL query plan in cache; generating (delete BloodDonation as generatedAlias0)
2021-11-21T23:53:27,050|[DEBUG] QueryTranslatorImpl - parse() - HQL: delete bloodbank.entity.BloodDonation as generatedAlias0
2021-11-21T23:53:27,050|[TRACE] HqlParser - -> statement
2021-11-21T23:53:27,050|[TRACE] HqlParser - ---> deleteStatement
2021-11-21T23:53:27,050|[TRACE] HqlParser - -----> optionalFromTokenFromClause
2021-11-21T23:53:27,050|[TRACE] HqlParser - -------> path
2021-11-21T23:53:27,050|[TRACE] HqlParser - ---------> identifier
2021-11-21T23:53:27,050|[TRACE] HqlParser - <--------- identifier
2021-11-21T23:53:27,050|[TRACE] HqlParser - ---------> identifier
2021-11-21T23:53:27,050|[TRACE] HqlParser - <--------- identifier
2021-11-21T23:53:27,050|[TRACE] HqlParser - ---------> identifier
2021-11-21T23:53:27,050|[TRACE] HqlParser - <--------- identifier
2021-11-21T23:53:27,050|[TRACE] HqlParser - <------- path
2021-11-21T23:53:27,050|[TRACE] HqlParser - -------> asAlias
2021-11-21T23:53:27,050|[TRACE] HqlParser - ---------> alias
2021-11-21T23:53:27,050|[TRACE] HqlParser - -----------> identifier
2021-11-21T23:53:27,050|[TRACE] HqlParser - <----------- identifier
2021-11-21T23:53:27,050|[TRACE] HqlParser - <--------- alias
2021-11-21T23:53:27,050|[TRACE] HqlParser - <------- asAlias
2021-11-21T23:53:27,050|[TRACE] HqlParser - <----- optionalFromTokenFromClause
2021-11-21T23:53:27,050|[TRACE] HqlParser - <--- deleteStatement
2021-11-21T23:53:27,050|[TRACE] HqlParser - <- statement
2021-11-21T23:53:27,050|[DEBUG] ErrorTracker - throwQueryException() : no errors
2021-11-21T23:53:27,050|[DEBUG] QueryTranslatorImpl - --- HQL AST ---
 \-[DELETE] Node: 'delete'
    \-[FROM] Node: 'FROM'
       \-[RANGE] Node: 'RANGE'
          +-[DOT] Node: '.'
          |  +-[DOT] Node: '.'
          |  |  +-[IDENT] Node: 'bloodbank'
          |  |  \-[IDENT] Node: 'entity'
          |  \-[IDENT] Node: 'BloodDonation'
          \-[ALIAS] Node: 'generatedAlias0'

2021-11-21T23:53:27,050|[DEBUG] HqlSqlBaseWalker - delete << begin [level=1, statement=delete]
2021-11-21T23:53:27,050|[DEBUG] FromElement - FromClause{level=1} : bloodbank.entity.BloodDonation (generatedAlias0) -> blooddonat0_
2021-11-21T23:53:27,050|[DEBUG] HqlSqlBaseWalker - delete : finishing up [level=1, statement=delete]
2021-11-21T23:53:27,050|[DEBUG] HqlSqlBaseWalker - delete >> end [level=1, statement=delete]
2021-11-21T23:53:27,050|[DEBUG] QueryTranslatorImpl - --- SQL AST ---
 \-[DELETE] DeleteStatement: 'delete'  querySpaces (blood_donation)
    \-[FROM] FromClause: 'FROM' FromClause{level=1, fromElementCounter=1, fromElements=1, fromElementByClassAlias=[generatedAlias0], fromElementByTableAlias=[blooddonat0_], fromElementsByPath=[], collectionJoinFromElementsByPath=[], impliedElements=[]}
       \-[FROM_FRAGMENT] FromElement: 'blood_donation' FromElement{explicit,not a collection join,not a fetch join,fetch non-lazy properties,classAlias=generatedAlias0,role=null,tableName=blood_donation,tableAlias=blooddonat0_,origin=null,columns={,className=bloodbank.entity.BloodDonation}}

2021-11-21T23:53:27,050|[DEBUG] ErrorTracker - throwQueryException() : no errors
2021-11-21T23:53:27,050|[DEBUG] ErrorTracker - throwQueryException() : no errors
2021-11-21T23:53:27,050|[TRACE] QueryPlanCache - Located HQL query plan in cache (delete BloodDonation as generatedAlias0)
2021-11-21T23:53:27,050|[TRACE] HQLQueryPlan - Execute update: delete BloodDonation as generatedAlias0
2021-11-21T23:53:27,050|[TRACE] QueryParameters - Named parameters: {}
2021-11-21T23:53:27,050|[DEBUG] SQL - 
    /* delete BloodDonation as generatedAlias0 */ delete 
        from
            blood_donation
2021-11-21T23:53:27,050|[TRACE] ResourceRegistryStandardImpl - Registering statement [com.mysql.cj.jdbc.ClientPreparedStatement: /* delete BloodDonation as generatedAlias0 */ delete from blood_donation]
2021-11-21T23:53:27,051|[TRACE] ResourceRegistryStandardImpl - Releasing statement [com.mysql.cj.jdbc.ClientPreparedStatement: /* delete BloodDonation as generatedAlias0 */ delete from blood_donation]
2021-11-21T23:53:27,051|[TRACE] ResourceRegistryStandardImpl - Closing prepared statement [com.mysql.cj.jdbc.ClientPreparedStatement: /* delete BloodDonation as generatedAlias0 */ delete from blood_donation]
2021-11-21T23:53:27,051|[TRACE] JdbcCoordinatorImpl - Starting after statement execution processing [AFTER_TRANSACTION]
2021-11-21T23:53:27,051|[TRACE] QueryPlanCache - Unable to locate HQL query plan in cache; generating (delete Person as generatedAlias0)
2021-11-21T23:53:27,052|[DEBUG] QueryTranslatorImpl - parse() - HQL: delete bloodbank.entity.Person as generatedAlias0
2021-11-21T23:53:27,052|[TRACE] HqlParser - -> statement
2021-11-21T23:53:27,052|[TRACE] HqlParser - ---> deleteStatement
2021-11-21T23:53:27,052|[TRACE] HqlParser - -----> optionalFromTokenFromClause
2021-11-21T23:53:27,052|[TRACE] HqlParser - -------> path
2021-11-21T23:53:27,052|[TRACE] HqlParser - ---------> identifier
2021-11-21T23:53:27,052|[TRACE] HqlParser - <--------- identifier
2021-11-21T23:53:27,052|[TRACE] HqlParser - ---------> identifier
2021-11-21T23:53:27,052|[TRACE] HqlParser - <--------- identifier
2021-11-21T23:53:27,052|[TRACE] HqlParser - ---------> identifier
2021-11-21T23:53:27,052|[TRACE] HqlParser - <--------- identifier
2021-11-21T23:53:27,052|[TRACE] HqlParser - <------- path
2021-11-21T23:53:27,052|[TRACE] HqlParser - -------> asAlias
2021-11-21T23:53:27,052|[TRACE] HqlParser - ---------> alias
2021-11-21T23:53:27,052|[TRACE] HqlParser - -----------> identifier
2021-11-21T23:53:27,052|[TRACE] HqlParser - <----------- identifier
2021-11-21T23:53:27,052|[TRACE] HqlParser - <--------- alias
2021-11-21T23:53:27,052|[TRACE] HqlParser - <------- asAlias
2021-11-21T23:53:27,052|[TRACE] HqlParser - <----- optionalFromTokenFromClause
2021-11-21T23:53:27,052|[TRACE] HqlParser - <--- deleteStatement
2021-11-21T23:53:27,052|[TRACE] HqlParser - <- statement
2021-11-21T23:53:27,052|[DEBUG] ErrorTracker - throwQueryException() : no errors
2021-11-21T23:53:27,052|[DEBUG] QueryTranslatorImpl - --- HQL AST ---
 \-[DELETE] Node: 'delete'
    \-[FROM] Node: 'FROM'
       \-[RANGE] Node: 'RANGE'
          +-[DOT] Node: '.'
          |  +-[DOT] Node: '.'
          |  |  +-[IDENT] Node: 'bloodbank'
          |  |  \-[IDENT] Node: 'entity'
          |  \-[IDENT] Node: 'Person'
          \-[ALIAS] Node: 'generatedAlias0'

2021-11-21T23:53:27,052|[DEBUG] HqlSqlBaseWalker - delete << begin [level=1, statement=delete]
2021-11-21T23:53:27,052|[DEBUG] FromElement - FromClause{level=1} : bloodbank.entity.Person (generatedAlias0) -> person0_
2021-11-21T23:53:27,052|[DEBUG] HqlSqlBaseWalker - delete : finishing up [level=1, statement=delete]
2021-11-21T23:53:27,052|[DEBUG] HqlSqlBaseWalker - delete >> end [level=1, statement=delete]
2021-11-21T23:53:27,052|[DEBUG] QueryTranslatorImpl - --- SQL AST ---
 \-[DELETE] DeleteStatement: 'delete'  querySpaces (person)
    \-[FROM] FromClause: 'FROM' FromClause{level=1, fromElementCounter=1, fromElements=1, fromElementByClassAlias=[generatedAlias0], fromElementByTableAlias=[person0_], fromElementsByPath=[], collectionJoinFromElementsByPath=[], impliedElements=[]}
       \-[FROM_FRAGMENT] FromElement: 'person' FromElement{explicit,not a collection join,not a fetch join,fetch non-lazy properties,classAlias=generatedAlias0,role=null,tableName=person,tableAlias=person0_,origin=null,columns={,className=bloodbank.entity.Person}}

2021-11-21T23:53:27,052|[DEBUG] ErrorTracker - throwQueryException() : no errors
2021-11-21T23:53:27,052|[DEBUG] ErrorTracker - throwQueryException() : no errors
2021-11-21T23:53:27,052|[TRACE] QueryPlanCache - Located HQL query plan in cache (delete Person as generatedAlias0)
2021-11-21T23:53:27,052|[TRACE] HQLQueryPlan - Execute update: delete Person as generatedAlias0
2021-11-21T23:53:27,052|[TRACE] QueryParameters - Named parameters: {}
2021-11-21T23:53:27,052|[DEBUG] SQL - 
    /* delete Person as generatedAlias0 */ delete 
        from
            person
2021-11-21T23:53:27,052|[TRACE] ResourceRegistryStandardImpl - Registering statement [com.mysql.cj.jdbc.ClientPreparedStatement: /* delete Person as generatedAlias0 */ delete from person]
2021-11-21T23:53:27,053|[TRACE] ResourceRegistryStandardImpl - Releasing statement [com.mysql.cj.jdbc.ClientPreparedStatement: /* delete Person as generatedAlias0 */ delete from person]
2021-11-21T23:53:27,053|[TRACE] ResourceRegistryStandardImpl - Closing prepared statement [com.mysql.cj.jdbc.ClientPreparedStatement: /* delete Person as generatedAlias0 */ delete from person]
2021-11-21T23:53:27,053|[TRACE] JdbcCoordinatorImpl - Starting after statement execution processing [AFTER_TRANSACTION]
2021-11-21T23:53:27,053|[TRACE] QueryPlanCache - Unable to locate HQL query plan in cache; generating (delete DonationRecord as generatedAlias0)
2021-11-21T23:53:27,053|[DEBUG] QueryTranslatorImpl - parse() - HQL: delete bloodbank.entity.DonationRecord as generatedAlias0
2021-11-21T23:53:27,053|[TRACE] HqlParser - -> statement
2021-11-21T23:53:27,053|[TRACE] HqlParser - ---> deleteStatement
2021-11-21T23:53:27,053|[TRACE] HqlParser - -----> optionalFromTokenFromClause
2021-11-21T23:53:27,053|[TRACE] HqlParser - -------> path
2021-11-21T23:53:27,053|[TRACE] HqlParser - ---------> identifier
2021-11-21T23:53:27,053|[TRACE] HqlParser - <--------- identifier
2021-11-21T23:53:27,053|[TRACE] HqlParser - ---------> identifier
2021-11-21T23:53:27,053|[TRACE] HqlParser - <--------- identifier
2021-11-21T23:53:27,053|[TRACE] HqlParser - ---------> identifier
2021-11-21T23:53:27,054|[TRACE] HqlParser - <--------- identifier
2021-11-21T23:53:27,054|[TRACE] HqlParser - <------- path
2021-11-21T23:53:27,054|[TRACE] HqlParser - -------> asAlias
2021-11-21T23:53:27,054|[TRACE] HqlParser - ---------> alias
2021-11-21T23:53:27,054|[TRACE] HqlParser - -----------> identifier
2021-11-21T23:53:27,054|[TRACE] HqlParser - <----------- identifier
2021-11-21T23:53:27,054|[TRACE] HqlParser - <--------- alias
2021-11-21T23:53:27,054|[TRACE] HqlParser - <------- asAlias
2021-11-21T23:53:27,054|[TRACE] HqlParser - <----- optionalFromTokenFromClause
2021-11-21T23:53:27,054|[TRACE] HqlParser - <--- deleteStatement
2021-11-21T23:53:27,054|[TRACE] HqlParser - <- statement
2021-11-21T23:53:27,054|[DEBUG] ErrorTracker - throwQueryException() : no errors
2021-11-21T23:53:27,054|[DEBUG] QueryTranslatorImpl - --- HQL AST ---
 \-[DELETE] Node: 'delete'
    \-[FROM] Node: 'FROM'
       \-[RANGE] Node: 'RANGE'
          +-[DOT] Node: '.'
          |  +-[DOT] Node: '.'
          |  |  +-[IDENT] Node: 'bloodbank'
          |  |  \-[IDENT] Node: 'entity'
          |  \-[IDENT] Node: 'DonationRecord'
          \-[ALIAS] Node: 'generatedAlias0'

2021-11-21T23:53:27,054|[DEBUG] HqlSqlBaseWalker - delete << begin [level=1, statement=delete]
2021-11-21T23:53:27,054|[DEBUG] FromElement - FromClause{level=1} : bloodbank.entity.DonationRecord (generatedAlias0) -> donationre0_
2021-11-21T23:53:27,054|[DEBUG] HqlSqlBaseWalker - delete : finishing up [level=1, statement=delete]
2021-11-21T23:53:27,054|[DEBUG] HqlSqlBaseWalker - delete >> end [level=1, statement=delete]
2021-11-21T23:53:27,054|[DEBUG] QueryTranslatorImpl - --- SQL AST ---
 \-[DELETE] DeleteStatement: 'delete'  querySpaces (donation_record)
    \-[FROM] FromClause: 'FROM' FromClause{level=1, fromElementCounter=1, fromElements=1, fromElementByClassAlias=[generatedAlias0], fromElementByTableAlias=[donationre0_], fromElementsByPath=[], collectionJoinFromElementsByPath=[], impliedElements=[]}
       \-[FROM_FRAGMENT] FromElement: 'donation_record' FromElement{explicit,not a collection join,not a fetch join,fetch non-lazy properties,classAlias=generatedAlias0,role=null,tableName=donation_record,tableAlias=donationre0_,origin=null,columns={,className=bloodbank.entity.DonationRecord}}

2021-11-21T23:53:27,054|[DEBUG] ErrorTracker - throwQueryException() : no errors
2021-11-21T23:53:27,054|[DEBUG] ErrorTracker - throwQueryException() : no errors
2021-11-21T23:53:27,054|[TRACE] QueryPlanCache - Located HQL query plan in cache (delete DonationRecord as generatedAlias0)
2021-11-21T23:53:27,054|[TRACE] HQLQueryPlan - Execute update: delete DonationRecord as generatedAlias0
2021-11-21T23:53:27,054|[TRACE] QueryParameters - Named parameters: {}
2021-11-21T23:53:27,054|[DEBUG] SQL - 
    /* delete DonationRecord as generatedAlias0 */ delete 
        from
            donation_record
2021-11-21T23:53:27,054|[TRACE] ResourceRegistryStandardImpl - Registering statement [com.mysql.cj.jdbc.ClientPreparedStatement: /* delete DonationRecord as generatedAlias0 */ delete from donation_record]
2021-11-21T23:53:27,055|[TRACE] ResourceRegistryStandardImpl - Releasing statement [com.mysql.cj.jdbc.ClientPreparedStatement: /* delete DonationRecord as generatedAlias0 */ delete from donation_record]
2021-11-21T23:53:27,055|[TRACE] ResourceRegistryStandardImpl - Closing prepared statement [com.mysql.cj.jdbc.ClientPreparedStatement: /* delete DonationRecord as generatedAlias0 */ delete from donation_record]
2021-11-21T23:53:27,055|[TRACE] JdbcCoordinatorImpl - Starting after statement execution processing [AFTER_TRANSACTION]
2021-11-21T23:53:27,055|[TRACE] QueryPlanCache - Unable to locate HQL query plan in cache; generating (delete Address as generatedAlias0)
2021-11-21T23:53:27,055|[DEBUG] QueryTranslatorImpl - parse() - HQL: delete bloodbank.entity.Address as generatedAlias0
2021-11-21T23:53:27,055|[TRACE] HqlParser - -> statement
2021-11-21T23:53:27,055|[TRACE] HqlParser - ---> deleteStatement
2021-11-21T23:53:27,055|[TRACE] HqlParser - -----> optionalFromTokenFromClause
2021-11-21T23:53:27,055|[TRACE] HqlParser - -------> path
2021-11-21T23:53:27,055|[TRACE] HqlParser - ---------> identifier
2021-11-21T23:53:27,055|[TRACE] HqlParser - <--------- identifier
2021-11-21T23:53:27,055|[TRACE] HqlParser - ---------> identifier
2021-11-21T23:53:27,055|[TRACE] HqlParser - <--------- identifier
2021-11-21T23:53:27,055|[TRACE] HqlParser - ---------> identifier
2021-11-21T23:53:27,055|[TRACE] HqlParser - <--------- identifier
2021-11-21T23:53:27,055|[TRACE] HqlParser - <------- path
2021-11-21T23:53:27,055|[TRACE] HqlParser - -------> asAlias
2021-11-21T23:53:27,055|[TRACE] HqlParser - ---------> alias
2021-11-21T23:53:27,055|[TRACE] HqlParser - -----------> identifier
2021-11-21T23:53:27,055|[TRACE] HqlParser - <----------- identifier
2021-11-21T23:53:27,055|[TRACE] HqlParser - <--------- alias
2021-11-21T23:53:27,055|[TRACE] HqlParser - <------- asAlias
2021-11-21T23:53:27,055|[TRACE] HqlParser - <----- optionalFromTokenFromClause
2021-11-21T23:53:27,055|[TRACE] HqlParser - <--- deleteStatement
2021-11-21T23:53:27,055|[TRACE] HqlParser - <- statement
2021-11-21T23:53:27,055|[DEBUG] ErrorTracker - throwQueryException() : no errors
2021-11-21T23:53:27,055|[DEBUG] QueryTranslatorImpl - --- HQL AST ---
 \-[DELETE] Node: 'delete'
    \-[FROM] Node: 'FROM'
       \-[RANGE] Node: 'RANGE'
          +-[DOT] Node: '.'
          |  +-[DOT] Node: '.'
          |  |  +-[IDENT] Node: 'bloodbank'
          |  |  \-[IDENT] Node: 'entity'
          |  \-[IDENT] Node: 'Address'
          \-[ALIAS] Node: 'generatedAlias0'

2021-11-21T23:53:27,055|[DEBUG] HqlSqlBaseWalker - delete << begin [level=1, statement=delete]
2021-11-21T23:53:27,056|[DEBUG] FromElement - FromClause{level=1} : bloodbank.entity.Address (generatedAlias0) -> address0_
2021-11-21T23:53:27,056|[DEBUG] HqlSqlBaseWalker - delete : finishing up [level=1, statement=delete]
2021-11-21T23:53:27,056|[DEBUG] HqlSqlBaseWalker - delete >> end [level=1, statement=delete]
2021-11-21T23:53:27,056|[DEBUG] QueryTranslatorImpl - --- SQL AST ---
 \-[DELETE] DeleteStatement: 'delete'  querySpaces (address)
    \-[FROM] FromClause: 'FROM' FromClause{level=1, fromElementCounter=1, fromElements=1, fromElementByClassAlias=[generatedAlias0], fromElementByTableAlias=[address0_], fromElementsByPath=[], collectionJoinFromElementsByPath=[], impliedElements=[]}
       \-[FROM_FRAGMENT] FromElement: 'address' FromElement{explicit,not a collection join,not a fetch join,fetch non-lazy properties,classAlias=generatedAlias0,role=null,tableName=address,tableAlias=address0_,origin=null,columns={,className=bloodbank.entity.Address}}

2021-11-21T23:53:27,056|[DEBUG] ErrorTracker - throwQueryException() : no errors
2021-11-21T23:53:27,056|[DEBUG] ErrorTracker - throwQueryException() : no errors
2021-11-21T23:53:27,056|[TRACE] QueryPlanCache - Located HQL query plan in cache (delete Address as generatedAlias0)
2021-11-21T23:53:27,056|[TRACE] HQLQueryPlan - Execute update: delete Address as generatedAlias0
2021-11-21T23:53:27,056|[TRACE] QueryParameters - Named parameters: {}
2021-11-21T23:53:27,056|[DEBUG] SQL - 
    /* delete Address as generatedAlias0 */ delete 
        from
            address
2021-11-21T23:53:27,056|[TRACE] ResourceRegistryStandardImpl - Registering statement [com.mysql.cj.jdbc.ClientPreparedStatement: /* delete Address as generatedAlias0 */ delete from address]
2021-11-21T23:53:27,057|[TRACE] ResourceRegistryStandardImpl - Releasing statement [com.mysql.cj.jdbc.ClientPreparedStatement: /* delete Address as generatedAlias0 */ delete from address]
2021-11-21T23:53:27,057|[TRACE] ResourceRegistryStandardImpl - Closing prepared statement [com.mysql.cj.jdbc.ClientPreparedStatement: /* delete Address as generatedAlias0 */ delete from address]
2021-11-21T23:53:27,058|[TRACE] JdbcCoordinatorImpl - Starting after statement execution processing [AFTER_TRANSACTION]
2021-11-21T23:53:27,058|[TRACE] QueryPlanCache - Unable to locate HQL query plan in cache; generating (delete Contact as generatedAlias0)
2021-11-21T23:53:27,058|[DEBUG] QueryTranslatorImpl - parse() - HQL: delete bloodbank.entity.Contact as generatedAlias0
2021-11-21T23:53:27,058|[TRACE] HqlParser - -> statement
2021-11-21T23:53:27,058|[TRACE] HqlParser - ---> deleteStatement
2021-11-21T23:53:27,058|[TRACE] HqlParser - -----> optionalFromTokenFromClause
2021-11-21T23:53:27,058|[TRACE] HqlParser - -------> path
2021-11-21T23:53:27,058|[TRACE] HqlParser - ---------> identifier
2021-11-21T23:53:27,058|[TRACE] HqlParser - <--------- identifier
2021-11-21T23:53:27,058|[TRACE] HqlParser - ---------> identifier
2021-11-21T23:53:27,058|[TRACE] HqlParser - <--------- identifier
2021-11-21T23:53:27,058|[TRACE] HqlParser - ---------> identifier
2021-11-21T23:53:27,058|[TRACE] HqlParser - <--------- identifier
2021-11-21T23:53:27,058|[TRACE] HqlParser - <------- path
2021-11-21T23:53:27,058|[TRACE] HqlParser - -------> asAlias
2021-11-21T23:53:27,058|[TRACE] HqlParser - ---------> alias
2021-11-21T23:53:27,058|[TRACE] HqlParser - -----------> identifier
2021-11-21T23:53:27,058|[TRACE] HqlParser - <----------- identifier
2021-11-21T23:53:27,058|[TRACE] HqlParser - <--------- alias
2021-11-21T23:53:27,058|[TRACE] HqlParser - <------- asAlias
2021-11-21T23:53:27,058|[TRACE] HqlParser - <----- optionalFromTokenFromClause
2021-11-21T23:53:27,058|[TRACE] HqlParser - <--- deleteStatement
2021-11-21T23:53:27,058|[TRACE] HqlParser - <- statement
2021-11-21T23:53:27,058|[DEBUG] ErrorTracker - throwQueryException() : no errors
2021-11-21T23:53:27,058|[DEBUG] QueryTranslatorImpl - --- HQL AST ---
 \-[DELETE] Node: 'delete'
    \-[FROM] Node: 'FROM'
       \-[RANGE] Node: 'RANGE'
          +-[DOT] Node: '.'
          |  +-[DOT] Node: '.'
          |  |  +-[IDENT] Node: 'bloodbank'
          |  |  \-[IDENT] Node: 'entity'
          |  \-[IDENT] Node: 'Contact'
          \-[ALIAS] Node: 'generatedAlias0'

2021-11-21T23:53:27,058|[DEBUG] HqlSqlBaseWalker - delete << begin [level=1, statement=delete]
2021-11-21T23:53:27,058|[DEBUG] FromElement - FromClause{level=1} : bloodbank.entity.Contact (generatedAlias0) -> contact0_
2021-11-21T23:53:27,058|[DEBUG] HqlSqlBaseWalker - delete : finishing up [level=1, statement=delete]
2021-11-21T23:53:27,058|[DEBUG] HqlSqlBaseWalker - delete >> end [level=1, statement=delete]
2021-11-21T23:53:27,058|[DEBUG] QueryTranslatorImpl - --- SQL AST ---
 \-[DELETE] DeleteStatement: 'delete'  querySpaces (contact)
    \-[FROM] FromClause: 'FROM' FromClause{level=1, fromElementCounter=1, fromElements=1, fromElementByClassAlias=[generatedAlias0], fromElementByTableAlias=[contact0_], fromElementsByPath=[], collectionJoinFromElementsByPath=[], impliedElements=[]}
       \-[FROM_FRAGMENT] FromElement: 'contact' FromElement{explicit,not a collection join,not a fetch join,fetch non-lazy properties,classAlias=generatedAlias0,role=null,tableName=contact,tableAlias=contact0_,origin=null,columns={,className=bloodbank.entity.Contact}}

2021-11-21T23:53:27,058|[DEBUG] ErrorTracker - throwQueryException() : no errors
2021-11-21T23:53:27,058|[DEBUG] ErrorTracker - throwQueryException() : no errors
2021-11-21T23:53:27,058|[TRACE] QueryPlanCache - Located HQL query plan in cache (delete Contact as generatedAlias0)
2021-11-21T23:53:27,058|[TRACE] HQLQueryPlan - Execute update: delete Contact as generatedAlias0
2021-11-21T23:53:27,058|[TRACE] QueryParameters - Named parameters: {}
2021-11-21T23:53:27,058|[DEBUG] SQL - 
    /* delete Contact as generatedAlias0 */ delete 
        from
            contact
2021-11-21T23:53:27,058|[TRACE] ResourceRegistryStandardImpl - Registering statement [com.mysql.cj.jdbc.ClientPreparedStatement: /* delete Contact as generatedAlias0 */ delete from contact]
2021-11-21T23:53:27,059|[TRACE] ResourceRegistryStandardImpl - Releasing statement [com.mysql.cj.jdbc.ClientPreparedStatement: /* delete Contact as generatedAlias0 */ delete from contact]
2021-11-21T23:53:27,059|[TRACE] ResourceRegistryStandardImpl - Closing prepared statement [com.mysql.cj.jdbc.ClientPreparedStatement: /* delete Contact as generatedAlias0 */ delete from contact]
2021-11-21T23:53:27,059|[TRACE] JdbcCoordinatorImpl - Starting after statement execution processing [AFTER_TRANSACTION]
2021-11-21T23:53:27,059|[DEBUG] TransactionImpl - committing
2021-11-21T23:53:27,059|[TRACE] JdbcResourceLocalTransactionCoordinatorImpl - ResourceLocalTransactionCoordinatorImpl#beforeCompletionCallback
2021-11-21T23:53:27,060|[TRACE] SessionImpl - SessionImpl#beforeTransactionCompletion()
2021-11-21T23:53:27,060|[TRACE] SessionImpl - Automatically flushing session
2021-11-21T23:53:27,060|[TRACE] AbstractLogicalConnectionImplementor - LogicalConnection#beforeTransactionCompletion
2021-11-21T23:53:27,060|[TRACE] SynchronizationRegistryStandardImpl - SynchronizationRegistryStandardImpl.notifySynchronizationsBeforeTransactionCompletion
2021-11-21T23:53:27,060|[TRACE] AbstractLogicalConnectionImplementor - Preparing to commit transaction via JDBC Connection.commit()
2021-11-21T23:53:27,060|[TRACE] AbstractLogicalConnectionImplementor - Transaction committed via JDBC Connection.commit()
2021-11-21T23:53:27,060|[TRACE] AbstractLogicalConnectionImplementor - LogicalConnection#afterTransaction
2021-11-21T23:53:27,060|[TRACE] ResourceRegistryStandardImpl - Releasing JDBC resources
2021-11-21T23:53:27,060|[DEBUG] LogicalConnectionManagedImpl - Initiating JDBC connection release from afterTransaction
2021-11-21T23:53:27,060|[TRACE] ResourceRegistryStandardImpl - Releasing JDBC resources
2021-11-21T23:53:27,060|[TRACE] JdbcResourceLocalTransactionCoordinatorImpl - ResourceLocalTransactionCoordinatorImpl#afterCompletionCallback(true)
2021-11-21T23:53:27,060|[TRACE] SynchronizationRegistryStandardImpl - SynchronizationRegistryStandardImpl.notifySynchronizationsAfterTransactionCompletion(3)
2021-11-21T23:53:27,060|[TRACE] AbstractLogicalConnectionImplementor - LogicalConnection#afterTransaction
2021-11-21T23:53:27,060|[TRACE] ResourceRegistryStandardImpl - Releasing JDBC resources
2021-11-21T23:53:27,060|[DEBUG] LogicalConnectionManagedImpl - Initiating JDBC connection release from afterTransaction
2021-11-21T23:53:27,060|[TRACE] SessionImpl - SessionImpl#afterTransactionCompletion(successful=true, delayed=false)
2021-11-21T23:53:27,061|[TRACE] SessionFactoryImpl$SessionBuilderImpl - Opening Hibernate Session.  tenant=null
2021-11-21T23:53:27,061|[TRACE] SessionImpl - Opened Session [98c4f0fb-6178-47c5-9b16-3c7e94345faf] at timestamp: 1637556807061
2021-11-21T23:53:27,061|[DEBUG] TransactionImpl - On TransactionImpl creation, JpaCompliance#isJpaTransactionComplianceEnabled == false
2021-11-21T23:53:27,061|[DEBUG] CriteriaQueryImpl - Rendered criteria query -> select count(generatedAlias0) from Person as generatedAlias0
2021-11-21T23:53:27,061|[TRACE] QueryPlanCache - Unable to locate HQL query plan in cache; generating (select count(generatedAlias0) from Person as generatedAlias0)
2021-11-21T23:53:27,061|[DEBUG] QueryTranslatorImpl - parse() - HQL: select count(generatedAlias0) from bloodbank.entity.Person as generatedAlias0
2021-11-21T23:53:27,061|[TRACE] HqlParser - -> statement
2021-11-21T23:53:27,061|[TRACE] HqlParser - ---> selectStatement
2021-11-21T23:53:27,061|[TRACE] HqlParser - -----> queryRule
2021-11-21T23:53:27,061|[TRACE] HqlParser - -------> selectFrom
2021-11-21T23:53:27,061|[TRACE] HqlParser - ---------> selectClause
2021-11-21T23:53:27,061|[TRACE] HqlParser - -----------> selectedPropertiesList
2021-11-21T23:53:27,061|[TRACE] HqlParser - -------------> aliasedExpression
2021-11-21T23:53:27,061|[TRACE] HqlParser - ---------------> expression
2021-11-21T23:53:27,061|[TRACE] HqlParser - -----------------> logicalOrExpression
2021-11-21T23:53:27,061|[TRACE] HqlParser - -------------------> logicalAndExpression
2021-11-21T23:53:27,061|[TRACE] HqlParser - ---------------------> negatedExpression
2021-11-21T23:53:27,061|[TRACE] HqlParser - -----------------------> equalityExpression
2021-11-21T23:53:27,061|[TRACE] HqlParser - -------------------------> relationalExpression
2021-11-21T23:53:27,061|[TRACE] HqlParser - ---------------------------> concatenation
2021-11-21T23:53:27,061|[TRACE] HqlParser - -----------------------------> additiveExpression
2021-11-21T23:53:27,061|[TRACE] HqlParser - -------------------------------> multiplyExpression
2021-11-21T23:53:27,061|[TRACE] HqlParser - ---------------------------------> unaryExpression
2021-11-21T23:53:27,061|[TRACE] HqlParser - -----------------------------------> atom
2021-11-21T23:53:27,061|[TRACE] HqlParser - -------------------------------------> primaryExpression
2021-11-21T23:53:27,061|[TRACE] HqlParser - ---------------------------------------> identPrimary
2021-11-21T23:53:27,061|[TRACE] HqlParser - -----------------------------------------> aggregate
2021-11-21T23:53:27,061|[TRACE] HqlParser - -------------------------------------------> path
2021-11-21T23:53:27,061|[TRACE] HqlParser - ---------------------------------------------> identifier
2021-11-21T23:53:27,061|[TRACE] HqlParser - <--------------------------------------------- identifier
2021-11-21T23:53:27,062|[TRACE] HqlParser - <------------------------------------------- path
2021-11-21T23:53:27,062|[TRACE] HqlParser - <----------------------------------------- aggregate
2021-11-21T23:53:27,062|[TRACE] HqlParser - <--------------------------------------- identPrimary
2021-11-21T23:53:27,062|[TRACE] HqlParser - <------------------------------------- primaryExpression
2021-11-21T23:53:27,062|[TRACE] HqlParser - <----------------------------------- atom
2021-11-21T23:53:27,062|[TRACE] HqlParser - <--------------------------------- unaryExpression
2021-11-21T23:53:27,062|[TRACE] HqlParser - <------------------------------- multiplyExpression
2021-11-21T23:53:27,062|[TRACE] HqlParser - <----------------------------- additiveExpression
2021-11-21T23:53:27,062|[TRACE] HqlParser - <--------------------------- concatenation
2021-11-21T23:53:27,062|[TRACE] HqlParser - <------------------------- relationalExpression
2021-11-21T23:53:27,062|[TRACE] HqlParser - <----------------------- equalityExpression
2021-11-21T23:53:27,062|[TRACE] HqlParser - <--------------------- negatedExpression
2021-11-21T23:53:27,062|[TRACE] HqlParser - <------------------- logicalAndExpression
2021-11-21T23:53:27,062|[TRACE] HqlParser - <----------------- logicalOrExpression
2021-11-21T23:53:27,062|[TRACE] HqlParser - <--------------- expression
2021-11-21T23:53:27,062|[TRACE] HqlParser - <------------- aliasedExpression
2021-11-21T23:53:27,062|[TRACE] HqlParser - <----------- selectedPropertiesList
2021-11-21T23:53:27,062|[TRACE] HqlParser - <--------- selectClause
2021-11-21T23:53:27,062|[TRACE] HqlParser - ---------> fromClause
2021-11-21T23:53:27,062|[TRACE] HqlParser - -----------> fromRange
2021-11-21T23:53:27,062|[TRACE] HqlParser - -------------> fromClassOrOuterQueryPath
2021-11-21T23:53:27,062|[TRACE] HqlParser - ---------------> path
2021-11-21T23:53:27,062|[TRACE] HqlParser - -----------------> identifier
2021-11-21T23:53:27,062|[TRACE] HqlParser - <----------------- identifier
2021-11-21T23:53:27,062|[TRACE] HqlParser - -----------------> identifier
2021-11-21T23:53:27,062|[TRACE] HqlParser - <----------------- identifier
2021-11-21T23:53:27,062|[TRACE] HqlParser - -----------------> identifier
2021-11-21T23:53:27,062|[TRACE] HqlParser - <----------------- identifier
2021-11-21T23:53:27,062|[TRACE] HqlParser - <--------------- path
2021-11-21T23:53:27,062|[TRACE] HqlParser - ---------------> asAlias
2021-11-21T23:53:27,062|[TRACE] HqlParser - -----------------> alias
2021-11-21T23:53:27,062|[TRACE] HqlParser - -------------------> identifier
2021-11-21T23:53:27,062|[TRACE] HqlParser - <------------------- identifier
2021-11-21T23:53:27,062|[TRACE] HqlParser - <----------------- alias
2021-11-21T23:53:27,062|[TRACE] HqlParser - <--------------- asAlias
2021-11-21T23:53:27,062|[TRACE] HqlParser - <------------- fromClassOrOuterQueryPath
2021-11-21T23:53:27,062|[TRACE] HqlParser - <----------- fromRange
2021-11-21T23:53:27,062|[TRACE] HqlParser - <--------- fromClause
2021-11-21T23:53:27,062|[TRACE] HqlParser - <------- selectFrom
2021-11-21T23:53:27,062|[TRACE] HqlParser - <----- queryRule
2021-11-21T23:53:27,062|[TRACE] HqlParser - <--- selectStatement
2021-11-21T23:53:27,062|[TRACE] HqlParser - <- statement
2021-11-21T23:53:27,062|[DEBUG] ErrorTracker - throwQueryException() : no errors
2021-11-21T23:53:27,062|[DEBUG] QueryTranslatorImpl - --- HQL AST ---
 \-[QUERY] Node: 'query'
    \-[SELECT_FROM] Node: 'SELECT_FROM'
       +-[FROM] Node: 'from'
       |  \-[RANGE] Node: 'RANGE'
       |     +-[DOT] Node: '.'
       |     |  +-[DOT] Node: '.'
       |     |  |  +-[IDENT] Node: 'bloodbank'
       |     |  |  \-[IDENT] Node: 'entity'
       |     |  \-[IDENT] Node: 'Person'
       |     \-[ALIAS] Node: 'generatedAlias0'
       \-[SELECT] Node: 'select'
          \-[COUNT] Node: 'count'
             \-[IDENT] Node: 'generatedAlias0'

2021-11-21T23:53:27,062|[DEBUG] HqlSqlBaseWalker - select << begin [level=1, statement=select]
2021-11-21T23:53:27,062|[DEBUG] FromElement - FromClause{level=1} : bloodbank.entity.Person (generatedAlias0) -> person0_
2021-11-21T23:53:27,062|[DEBUG] FromReferenceNode - Resolved : generatedAlias0 -> person0_.id
2021-11-21T23:53:27,062|[DEBUG] HqlSqlBaseWalker - select : finishing up [level=1, statement=select]
2021-11-21T23:53:27,062|[DEBUG] HqlSqlWalker - processQuery() :  ( SELECT ( {select clause} ( count person0_.id ) ) ( FromClause{level=1} person person0_ ) )
2021-11-21T23:53:27,062|[DEBUG] JoinProcessor - Tables referenced from query nodes:
 \-QueryNode
    +-SelectClause
    |  +-CountNode
    |  |  \-IdentNode
    |  |    persister: SingleTableEntityPersister(bloodbank.entity.Person)
    |  |    originalText: generatedAlias0
    |  \-SqlNode
    \-FromClause
       \-FromElement

2021-11-21T23:53:27,062|[DEBUG] JoinProcessor - Using FROM fragment [person person0_]
2021-11-21T23:53:27,062|[DEBUG] HqlSqlBaseWalker - select >> end [level=1, statement=select]
2021-11-21T23:53:27,062|[DEBUG] QueryTranslatorImpl - --- SQL AST ---
 \-[SELECT] QueryNode: 'SELECT'  querySpaces (person)
    +-[SELECT_CLAUSE] SelectClause: '{select clause}'
    |  +-[COUNT] CountNode: 'count'
    |  |  \-[ALIAS_REF] IdentNode: 'person0_.id' {alias=generatedAlias0, className=bloodbank.entity.Person, tableAlias=person0_}
    |  \-[SELECT_COLUMNS] SqlNode: ' as col_0_0_'
    \-[FROM] FromClause: 'from' FromClause{level=1, fromElementCounter=1, fromElements=1, fromElementByClassAlias=[generatedAlias0], fromElementByTableAlias=[person0_], fromElementsByPath=[], collectionJoinFromElementsByPath=[], impliedElements=[]}
       \-[FROM_FRAGMENT] FromElement: 'person person0_' FromElement{explicit,not a collection join,not a fetch join,fetch non-lazy properties,classAlias=generatedAlias0,role=null,tableName=person,tableAlias=person0_,origin=null,columns={,className=bloodbank.entity.Person}}

2021-11-21T23:53:27,062|[DEBUG] ErrorTracker - throwQueryException() : no errors
2021-11-21T23:53:27,062|[DEBUG] QueryTranslatorImpl - HQL: select count(generatedAlias0) from bloodbank.entity.Person as generatedAlias0
2021-11-21T23:53:27,062|[DEBUG] QueryTranslatorImpl - SQL: select count(person0_.id) as col_0_0_ from person person0_
2021-11-21T23:53:27,062|[DEBUG] ErrorTracker - throwQueryException() : no errors
2021-11-21T23:53:27,062|[TRACE] QueryPlanCache - Located HQL query plan in cache (select count(generatedAlias0) from Person as generatedAlias0)
2021-11-21T23:53:27,062|[TRACE] QueryPlanCache - Located HQL query plan in cache (select count(generatedAlias0) from Person as generatedAlias0)
2021-11-21T23:53:27,062|[TRACE] HQLQueryPlan - Find: select count(generatedAlias0) from Person as generatedAlias0
2021-11-21T23:53:27,063|[TRACE] QueryParameters - Named parameters: {}
2021-11-21T23:53:27,063|[DEBUG] SQL - 
    /* select
        count(generatedAlias0) 
    from
        Person as generatedAlias0 */ select
            count(person0_.id) as col_0_0_ 
        from
            person person0_
2021-11-21T23:53:27,063|[TRACE] ResourceRegistryStandardImpl - Registering statement [com.mysql.cj.jdbc.ClientPreparedStatement: /* select count(generatedAlias0) from Person as generatedAlias0 */ select count(person0_.id) as col_0_0_ from person person0_]
2021-11-21T23:53:27,063|[TRACE] JdbcCoordinatorImpl - Registering last query statement [com.mysql.cj.jdbc.ClientPreparedStatement: /* select count(generatedAlias0) from Person as generatedAlias0 */ select count(person0_.id) as col_0_0_ from person person0_]
2021-11-21T23:53:27,063|[TRACE] Loader - Bound [1] parameters total
2021-11-21T23:53:27,063|[TRACE] ResourceRegistryStandardImpl - Registering result set [com.mysql.cj.jdbc.result.ResultSetImpl@1774c4e2]
2021-11-21T23:53:27,064|[TRACE] Loader - Processing result set
2021-11-21T23:53:27,064|[DEBUG] Loader - Result set row: 0
2021-11-21T23:53:27,064|[DEBUG] Loader - Result row: 
2021-11-21T23:53:27,064|[TRACE] BasicExtractor - extracted value ([col_0_0_] : [BIGINT]) - [0]
2021-11-21T23:53:27,064|[TRACE] Loader - Done processing result set (1 rows)
2021-11-21T23:53:27,064|[TRACE] ResourceRegistryStandardImpl - Releasing statement [com.mysql.cj.jdbc.ClientPreparedStatement: /* select count(generatedAlias0) from Person as generatedAlias0 */ select count(person0_.id) as col_0_0_ from person person0_]
2021-11-21T23:53:27,064|[TRACE] ResourceRegistryStandardImpl - Closing result set [com.mysql.cj.jdbc.result.ResultSetImpl@1774c4e2]
2021-11-21T23:53:27,064|[TRACE] ResourceRegistryStandardImpl - Closing prepared statement [com.mysql.cj.jdbc.ClientPreparedStatement: /* select count(generatedAlias0) from Person as generatedAlias0 */ select count(person0_.id) as col_0_0_ from person person0_]
2021-11-21T23:53:27,064|[TRACE] JdbcCoordinatorImpl - Starting after statement execution processing [AFTER_TRANSACTION]
2021-11-21T23:53:27,064|[TRACE] StatefulPersistenceContext - Initializing non-lazy collections
2021-11-21T23:53:27,064|[TRACE] AbstractLogicalConnectionImplementor - LogicalConnection#afterTransaction
2021-11-21T23:53:27,064|[TRACE] ResourceRegistryStandardImpl - Releasing JDBC resources
2021-11-21T23:53:27,064|[DEBUG] LogicalConnectionManagedImpl - Initiating JDBC connection release from afterTransaction
2021-11-21T23:53:27,064|[TRACE] ResourceRegistryStandardImpl - Releasing JDBC resources
2021-11-21T23:53:27,064|[TRACE] SessionImpl - Closing session [98c4f0fb-6178-47c5-9b16-3c7e94345faf]
2021-11-21T23:53:27,064|[TRACE] JdbcCoordinatorImpl - Closing JDBC container [org.hibernate.engine.jdbc.internal.JdbcCoordinatorImpl@f0381f0]
2021-11-21T23:53:27,064|[TRACE] ResourceRegistryStandardImpl - Releasing JDBC resources
2021-11-21T23:53:27,064|[TRACE] LogicalConnectionManagedImpl - Closing logical connection
2021-11-21T23:53:27,064|[TRACE] LogicalConnectionManagedImpl - Logical connection closed
]]></system-out>
  </testcase>
  <testcase name="testCreate" classname="bloodbank.entity.TestCRUDPersonOriginal" time="0.009">
    <system-out><![CDATA[2021-11-21T23:53:27,065|[TRACE] SessionFactoryImpl$SessionBuilderImpl - Opening Hibernate Session.  tenant=null
2021-11-21T23:53:27,065|[TRACE] SessionImpl - Opened Session [c9d235d3-2744-4f49-97f4-3a7f2cf8fd10] at timestamp: 1637556807065
2021-11-21T23:53:27,065|[DEBUG] TransactionImpl - On TransactionImpl creation, JpaCompliance#isJpaTransactionComplianceEnabled == false
2021-11-21T23:53:27,065|[DEBUG] TransactionImpl - begin
2021-11-21T23:53:27,066|[TRACE] AbstractLogicalConnectionImplementor - Preparing to begin transaction via JDBC Connection.setAutoCommit(false)
2021-11-21T23:53:27,066|[TRACE] AbstractLogicalConnectionImplementor - Transaction begun via JDBC Connection.setAutoCommit(false)
2021-11-21T23:53:27,066|[TRACE] JdbcResourceLocalTransactionCoordinatorImpl - ResourceLocalTransactionCoordinatorImpl#afterBeginCallback
2021-11-21T23:53:27,066|[TRACE] VersionValue - Version unsaved-value strategy UNDEFINED
2021-11-21T23:53:27,066|[TRACE] IdentifierValue - ID unsaved-value: 0
2021-11-21T23:53:27,066|[TRACE] EntityState - Transient instance of: bloodbank.entity.Person
2021-11-21T23:53:27,066|[TRACE] DefaultPersistEventListener - Saving transient instance
2021-11-21T23:53:27,066|[TRACE] AbstractSaveEventListener - Saving [bloodbank.entity.Person#<null>]
2021-11-21T23:53:27,066|[TRACE] Cascade - Processing cascade ACTION_PERSIST for: bloodbank.entity.Person
2021-11-21T23:53:27,066|[TRACE] Cascade - Done processing cascade ACTION_PERSIST for: bloodbank.entity.Person
2021-11-21T23:53:27,066|[TRACE] Versioning - Using initial version: 0
2021-11-21T23:53:27,066|[TRACE] WrapVisitor - Wrapped collection in role: bloodbank.entity.Person.contacts
2021-11-21T23:53:27,066|[TRACE] WrapVisitor - Wrapped collection in role: bloodbank.entity.Person.donations
2021-11-21T23:53:27,066|[TRACE] ActionQueue - Adding an EntityIdentityInsertAction for [bloodbank.entity.Person] object
2021-11-21T23:53:27,066|[TRACE] ActionQueue - Executing inserts before finding non-nullable transient entities for early insert: [EntityIdentityInsertAction[bloodbank.entity.Person#<null>]]
2021-11-21T23:53:27,066|[TRACE] ActionQueue - Adding insert with no non-nullable, transient entities: [EntityIdentityInsertAction[bloodbank.entity.Person#<null>]]
2021-11-21T23:53:27,066|[TRACE] ActionQueue - Executing insertions before resolved early-insert
2021-11-21T23:53:27,066|[DEBUG] ActionQueue - Executing identity-insert immediately
2021-11-21T23:53:27,066|[TRACE] AbstractEntityPersister - Inserting entity: bloodbank.entity.Person (native id)
2021-11-21T23:53:27,066|[TRACE] AbstractEntityPersister - Version: 0
2021-11-21T23:53:27,067|[DEBUG] SQL - 
    /* insert bloodbank.entity.Person
        */ insert 
        into
            person
            (created, updated, version, first_name, last_name) 
        values
            (?, ?, ?, ?, ?)
2021-11-21T23:53:27,067|[TRACE] ResourceRegistryStandardImpl - Registering statement [com.mysql.cj.jdbc.ClientPreparedStatement: /* insert bloodbank.entity.Person */ insert into person (created, updated, version, first_name, last_name) values (** NOT SPECIFIED **, ** NOT SPECIFIED **, ** NOT SPECIFIED **, ** NOT SPECIFIED **, ** NOT SPECIFIED **)]
2021-11-21T23:53:27,067|[TRACE] AbstractEntityPersister - Dehydrating entity: [bloodbank.entity.Person#<null>]
2021-11-21T23:53:27,067|[TRACE] BasicBinder - binding parameter [1] as [BIGINT] - [1637556807066]
2021-11-21T23:53:27,067|[TRACE] BasicBinder - binding parameter [2] as [BIGINT] - [1637556807066]
2021-11-21T23:53:27,067|[TRACE] BasicBinder - binding parameter [3] as [INTEGER] - [0]
2021-11-21T23:53:27,067|[TRACE] BasicBinder - binding parameter [4] as [VARCHAR] - [Herman]
2021-11-21T23:53:27,067|[TRACE] BasicBinder - binding parameter [5] as [VARCHAR] - [Redona]
2021-11-21T23:53:27,068|[DEBUG] IdentifierGeneratorHelper - Natively generated identity: 1
2021-11-21T23:53:27,068|[TRACE] ResourceRegistryStandardImpl - Releasing result set [com.mysql.cj.jdbc.result.ResultSetImpl@1c681761]
2021-11-21T23:53:27,068|[TRACE] ResourceRegistryStandardImpl - Closing result set [com.mysql.cj.jdbc.result.ResultSetImpl@1c681761]
2021-11-21T23:53:27,068|[TRACE] ResourceRegistryStandardImpl - Releasing statement [com.mysql.cj.jdbc.ClientPreparedStatement: /* insert bloodbank.entity.Person */ insert into person (created, updated, version, first_name, last_name) values (1637556807066, 1637556807066, 0, 'Herman', 'Redona')]
2021-11-21T23:53:27,068|[DEBUG] ResourceRegistryStandardImpl - HHH000387: ResultSet's statement was not registered
2021-11-21T23:53:27,068|[TRACE] ResourceRegistryStandardImpl - Closing prepared statement [com.mysql.cj.jdbc.ClientPreparedStatement: /* insert bloodbank.entity.Person */ insert into person (created, updated, version, first_name, last_name) values (1637556807066, 1637556807066, 0, 'Herman', 'Redona')]
2021-11-21T23:53:27,068|[TRACE] JdbcCoordinatorImpl - Starting after statement execution processing [AFTER_TRANSACTION]
2021-11-21T23:53:27,068|[TRACE] Cascade - Processing cascade ACTION_PERSIST for: bloodbank.entity.Person
2021-11-21T23:53:27,068|[TRACE] Cascade - Cascade ACTION_PERSIST for collection: bloodbank.entity.Person.contacts
2021-11-21T23:53:27,068|[TRACE] Cascade - Done cascade ACTION_PERSIST for collection: bloodbank.entity.Person.contacts
2021-11-21T23:53:27,068|[TRACE] Cascade - Cascade ACTION_PERSIST for collection: bloodbank.entity.Person.donations
2021-11-21T23:53:27,068|[TRACE] Cascade - Done cascade ACTION_PERSIST for collection: bloodbank.entity.Person.donations
2021-11-21T23:53:27,068|[TRACE] Cascade - Done processing cascade ACTION_PERSIST for: bloodbank.entity.Person
2021-11-21T23:53:27,068|[DEBUG] TransactionImpl - committing
2021-11-21T23:53:27,068|[TRACE] JdbcResourceLocalTransactionCoordinatorImpl - ResourceLocalTransactionCoordinatorImpl#beforeCompletionCallback
2021-11-21T23:53:27,068|[TRACE] SessionImpl - SessionImpl#beforeTransactionCompletion()
2021-11-21T23:53:27,068|[TRACE] SessionImpl - Automatically flushing session
2021-11-21T23:53:27,068|[TRACE] AbstractFlushingEventListener - Flushing session
2021-11-21T23:53:27,068|[DEBUG] AbstractFlushingEventListener - Processing flush-time cascades
2021-11-21T23:53:27,068|[TRACE] Cascade - Processing cascade ACTION_PERSIST_ON_FLUSH for: bloodbank.entity.Person
2021-11-21T23:53:27,068|[TRACE] Cascade - Cascade ACTION_PERSIST_ON_FLUSH for collection: bloodbank.entity.Person.contacts
2021-11-21T23:53:27,068|[TRACE] Cascade - Done cascade ACTION_PERSIST_ON_FLUSH for collection: bloodbank.entity.Person.contacts
2021-11-21T23:53:27,068|[TRACE] Cascade - Cascade ACTION_PERSIST_ON_FLUSH for collection: bloodbank.entity.Person.donations
2021-11-21T23:53:27,068|[TRACE] Cascade - Done cascade ACTION_PERSIST_ON_FLUSH for collection: bloodbank.entity.Person.donations
2021-11-21T23:53:27,068|[TRACE] Cascade - Done processing cascade ACTION_PERSIST_ON_FLUSH for: bloodbank.entity.Person
2021-11-21T23:53:27,068|[DEBUG] AbstractFlushingEventListener - Dirty checking collections
2021-11-21T23:53:27,068|[TRACE] AbstractFlushingEventListener - Flushing entities and processing referenced collections
2021-11-21T23:53:27,068|[DEBUG] Collections - Collection found: [bloodbank.entity.Person.contacts#1], was: [<unreferenced>] (initialized)
2021-11-21T23:53:27,068|[DEBUG] Collections - Collection found: [bloodbank.entity.Person.donations#1], was: [<unreferenced>] (initialized)
2021-11-21T23:53:27,068|[TRACE] AbstractFlushingEventListener - Processing unreferenced collections
2021-11-21T23:53:27,068|[TRACE] AbstractFlushingEventListener - Scheduling collection removes/(re)creates/updates
2021-11-21T23:53:27,068|[DEBUG] AbstractFlushingEventListener - Flushed: 0 insertions, 0 updates, 0 deletions to 1 objects
2021-11-21T23:53:27,068|[DEBUG] AbstractFlushingEventListener - Flushed: 2 (re)creations, 0 updates, 0 removals to 2 collections
2021-11-21T23:53:27,068|[DEBUG] EntityPrinter - Listing entities:
2021-11-21T23:53:27,068|[DEBUG] EntityPrinter - bloodbank.entity.Person{firstName=Herman, lastName=Redona, donations=[], id=1, epochCreated=1637556807066, version=0, contacts=[], epochUpdated=1637556807066}
2021-11-21T23:53:27,068|[TRACE] AbstractFlushingEventListener - Executing flush
2021-11-21T23:53:27,068|[TRACE] JdbcCoordinatorImpl - Starting after statement execution processing [AFTER_TRANSACTION]
2021-11-21T23:53:27,068|[TRACE] AbstractFlushingEventListener - Post flush
2021-11-21T23:53:27,068|[TRACE] AbstractLogicalConnectionImplementor - LogicalConnection#beforeTransactionCompletion
2021-11-21T23:53:27,068|[TRACE] SynchronizationRegistryStandardImpl - SynchronizationRegistryStandardImpl.notifySynchronizationsBeforeTransactionCompletion
2021-11-21T23:53:27,068|[TRACE] AbstractLogicalConnectionImplementor - Preparing to commit transaction via JDBC Connection.commit()
2021-11-21T23:53:27,070|[TRACE] AbstractLogicalConnectionImplementor - Transaction committed via JDBC Connection.commit()
2021-11-21T23:53:27,070|[TRACE] AbstractLogicalConnectionImplementor - LogicalConnection#afterTransaction
2021-11-21T23:53:27,070|[TRACE] ResourceRegistryStandardImpl - Releasing JDBC resources
2021-11-21T23:53:27,070|[DEBUG] LogicalConnectionManagedImpl - Initiating JDBC connection release from afterTransaction
2021-11-21T23:53:27,070|[TRACE] ResourceRegistryStandardImpl - Releasing JDBC resources
2021-11-21T23:53:27,070|[TRACE] JdbcResourceLocalTransactionCoordinatorImpl - ResourceLocalTransactionCoordinatorImpl#afterCompletionCallback(true)
2021-11-21T23:53:27,070|[TRACE] SynchronizationRegistryStandardImpl - SynchronizationRegistryStandardImpl.notifySynchronizationsAfterTransactionCompletion(3)
2021-11-21T23:53:27,070|[TRACE] AbstractLogicalConnectionImplementor - LogicalConnection#afterTransaction
2021-11-21T23:53:27,070|[TRACE] ResourceRegistryStandardImpl - Releasing JDBC resources
2021-11-21T23:53:27,070|[DEBUG] LogicalConnectionManagedImpl - Initiating JDBC connection release from afterTransaction
2021-11-21T23:53:27,070|[TRACE] SessionImpl - SessionImpl#afterTransactionCompletion(successful=true, delayed=false)
2021-11-21T23:53:27,071|[DEBUG] CriteriaQueryImpl - Rendered criteria query -> select count(generatedAlias0) from Person as generatedAlias0 where generatedAlias0.firstName=:firstName
2021-11-21T23:53:27,071|[TRACE] QueryPlanCache - Unable to locate HQL query plan in cache; generating (select count(generatedAlias0) from Person as generatedAlias0 where generatedAlias0.firstName=:firstName)
2021-11-21T23:53:27,071|[DEBUG] QueryTranslatorImpl - parse() - HQL: select count(generatedAlias0) from bloodbank.entity.Person as generatedAlias0 where generatedAlias0.firstName=:firstName
2021-11-21T23:53:27,071|[TRACE] HqlParser - -> statement
2021-11-21T23:53:27,071|[TRACE] HqlParser - ---> selectStatement
2021-11-21T23:53:27,071|[TRACE] HqlParser - -----> queryRule
2021-11-21T23:53:27,071|[TRACE] HqlParser - -------> selectFrom
2021-11-21T23:53:27,071|[TRACE] HqlParser - ---------> selectClause
2021-11-21T23:53:27,071|[TRACE] HqlParser - -----------> selectedPropertiesList
2021-11-21T23:53:27,071|[TRACE] HqlParser - -------------> aliasedExpression
2021-11-21T23:53:27,071|[TRACE] HqlParser - ---------------> expression
2021-11-21T23:53:27,071|[TRACE] HqlParser - -----------------> logicalOrExpression
2021-11-21T23:53:27,071|[TRACE] HqlParser - -------------------> logicalAndExpression
2021-11-21T23:53:27,071|[TRACE] HqlParser - ---------------------> negatedExpression
2021-11-21T23:53:27,071|[TRACE] HqlParser - -----------------------> equalityExpression
2021-11-21T23:53:27,071|[TRACE] HqlParser - -------------------------> relationalExpression
2021-11-21T23:53:27,071|[TRACE] HqlParser - ---------------------------> concatenation
2021-11-21T23:53:27,071|[TRACE] HqlParser - -----------------------------> additiveExpression
2021-11-21T23:53:27,071|[TRACE] HqlParser - -------------------------------> multiplyExpression
2021-11-21T23:53:27,071|[TRACE] HqlParser - ---------------------------------> unaryExpression
2021-11-21T23:53:27,071|[TRACE] HqlParser - -----------------------------------> atom
2021-11-21T23:53:27,071|[TRACE] HqlParser - -------------------------------------> primaryExpression
2021-11-21T23:53:27,071|[TRACE] HqlParser - ---------------------------------------> identPrimary
2021-11-21T23:53:27,071|[TRACE] HqlParser - -----------------------------------------> aggregate
2021-11-21T23:53:27,071|[TRACE] HqlParser - -------------------------------------------> path
2021-11-21T23:53:27,071|[TRACE] HqlParser - ---------------------------------------------> identifier
2021-11-21T23:53:27,071|[TRACE] HqlParser - <--------------------------------------------- identifier
2021-11-21T23:53:27,071|[TRACE] HqlParser - <------------------------------------------- path
2021-11-21T23:53:27,071|[TRACE] HqlParser - <----------------------------------------- aggregate
2021-11-21T23:53:27,071|[TRACE] HqlParser - <--------------------------------------- identPrimary
2021-11-21T23:53:27,071|[TRACE] HqlParser - <------------------------------------- primaryExpression
2021-11-21T23:53:27,071|[TRACE] HqlParser - <----------------------------------- atom
2021-11-21T23:53:27,071|[TRACE] HqlParser - <--------------------------------- unaryExpression
2021-11-21T23:53:27,071|[TRACE] HqlParser - <------------------------------- multiplyExpression
2021-11-21T23:53:27,071|[TRACE] HqlParser - <----------------------------- additiveExpression
2021-11-21T23:53:27,071|[TRACE] HqlParser - <--------------------------- concatenation
2021-11-21T23:53:27,071|[TRACE] HqlParser - <------------------------- relationalExpression
2021-11-21T23:53:27,071|[TRACE] HqlParser - <----------------------- equalityExpression
2021-11-21T23:53:27,071|[TRACE] HqlParser - <--------------------- negatedExpression
2021-11-21T23:53:27,071|[TRACE] HqlParser - <------------------- logicalAndExpression
2021-11-21T23:53:27,071|[TRACE] HqlParser - <----------------- logicalOrExpression
2021-11-21T23:53:27,071|[TRACE] HqlParser - <--------------- expression
2021-11-21T23:53:27,071|[TRACE] HqlParser - <------------- aliasedExpression
2021-11-21T23:53:27,071|[TRACE] HqlParser - <----------- selectedPropertiesList
2021-11-21T23:53:27,071|[TRACE] HqlParser - <--------- selectClause
2021-11-21T23:53:27,071|[TRACE] HqlParser - ---------> fromClause
2021-11-21T23:53:27,071|[TRACE] HqlParser - -----------> fromRange
2021-11-21T23:53:27,071|[TRACE] HqlParser - -------------> fromClassOrOuterQueryPath
2021-11-21T23:53:27,071|[TRACE] HqlParser - ---------------> path
2021-11-21T23:53:27,071|[TRACE] HqlParser - -----------------> identifier
2021-11-21T23:53:27,071|[TRACE] HqlParser - <----------------- identifier
2021-11-21T23:53:27,071|[TRACE] HqlParser - -----------------> identifier
2021-11-21T23:53:27,071|[TRACE] HqlParser - <----------------- identifier
2021-11-21T23:53:27,071|[TRACE] HqlParser - -----------------> identifier
2021-11-21T23:53:27,071|[TRACE] HqlParser - <----------------- identifier
2021-11-21T23:53:27,071|[TRACE] HqlParser - <--------------- path
2021-11-21T23:53:27,071|[TRACE] HqlParser - ---------------> asAlias
2021-11-21T23:53:27,071|[TRACE] HqlParser - -----------------> alias
2021-11-21T23:53:27,071|[TRACE] HqlParser - -------------------> identifier
2021-11-21T23:53:27,071|[TRACE] HqlParser - <------------------- identifier
2021-11-21T23:53:27,071|[TRACE] HqlParser - <----------------- alias
2021-11-21T23:53:27,071|[TRACE] HqlParser - <--------------- asAlias
2021-11-21T23:53:27,071|[TRACE] HqlParser - <------------- fromClassOrOuterQueryPath
2021-11-21T23:53:27,071|[TRACE] HqlParser - <----------- fromRange
2021-11-21T23:53:27,071|[TRACE] HqlParser - <--------- fromClause
2021-11-21T23:53:27,071|[TRACE] HqlParser - <------- selectFrom
2021-11-21T23:53:27,071|[TRACE] HqlParser - -------> whereClause
2021-11-21T23:53:27,071|[TRACE] HqlParser - ---------> logicalExpression
2021-11-21T23:53:27,071|[TRACE] HqlParser - -----------> expression
2021-11-21T23:53:27,071|[TRACE] HqlParser - -------------> logicalOrExpression
2021-11-21T23:53:27,071|[TRACE] HqlParser - ---------------> logicalAndExpression
2021-11-21T23:53:27,071|[TRACE] HqlParser - -----------------> negatedExpression
2021-11-21T23:53:27,071|[TRACE] HqlParser - -------------------> equalityExpression
2021-11-21T23:53:27,071|[TRACE] HqlParser - ---------------------> relationalExpression
2021-11-21T23:53:27,071|[TRACE] HqlParser - -----------------------> concatenation
2021-11-21T23:53:27,071|[TRACE] HqlParser - -------------------------> additiveExpression
2021-11-21T23:53:27,071|[TRACE] HqlParser - ---------------------------> multiplyExpression
2021-11-21T23:53:27,071|[TRACE] HqlParser - -----------------------------> unaryExpression
2021-11-21T23:53:27,071|[TRACE] HqlParser - -------------------------------> atom
2021-11-21T23:53:27,071|[TRACE] HqlParser - ---------------------------------> primaryExpression
2021-11-21T23:53:27,071|[TRACE] HqlParser - -----------------------------------> identPrimary
2021-11-21T23:53:27,071|[TRACE] HqlParser - -------------------------------------> identPrimaryBase
2021-11-21T23:53:27,071|[TRACE] HqlParser - ---------------------------------------> identifier
2021-11-21T23:53:27,071|[TRACE] HqlParser - <--------------------------------------- identifier
2021-11-21T23:53:27,071|[TRACE] HqlParser - <------------------------------------- identPrimaryBase
2021-11-21T23:53:27,071|[TRACE] HqlParser - -------------------------------------> identifier
2021-11-21T23:53:27,071|[TRACE] HqlParser - <------------------------------------- identifier
2021-11-21T23:53:27,071|[TRACE] HqlParser - <----------------------------------- identPrimary
2021-11-21T23:53:27,071|[TRACE] HqlParser - <--------------------------------- primaryExpression
2021-11-21T23:53:27,071|[TRACE] HqlParser - <------------------------------- atom
2021-11-21T23:53:27,071|[TRACE] HqlParser - <----------------------------- unaryExpression
2021-11-21T23:53:27,071|[TRACE] HqlParser - <--------------------------- multiplyExpression
2021-11-21T23:53:27,071|[TRACE] HqlParser - <------------------------- additiveExpression
2021-11-21T23:53:27,071|[TRACE] HqlParser - <----------------------- concatenation
2021-11-21T23:53:27,071|[TRACE] HqlParser - <--------------------- relationalExpression
2021-11-21T23:53:27,071|[TRACE] HqlParser - ---------------------> relationalExpression
2021-11-21T23:53:27,071|[TRACE] HqlParser - -----------------------> concatenation
2021-11-21T23:53:27,071|[TRACE] HqlParser - -------------------------> additiveExpression
2021-11-21T23:53:27,071|[TRACE] HqlParser - ---------------------------> multiplyExpression
2021-11-21T23:53:27,071|[TRACE] HqlParser - -----------------------------> unaryExpression
2021-11-21T23:53:27,071|[TRACE] HqlParser - -------------------------------> atom
2021-11-21T23:53:27,071|[TRACE] HqlParser - ---------------------------------> primaryExpression
2021-11-21T23:53:27,071|[TRACE] HqlParser - -----------------------------------> parameter
2021-11-21T23:53:27,071|[TRACE] HqlParser - <----------------------------------- parameter
2021-11-21T23:53:27,071|[TRACE] HqlParser - <--------------------------------- primaryExpression
2021-11-21T23:53:27,071|[TRACE] HqlParser - <------------------------------- atom
2021-11-21T23:53:27,071|[TRACE] HqlParser - <----------------------------- unaryExpression
2021-11-21T23:53:27,071|[TRACE] HqlParser - <--------------------------- multiplyExpression
2021-11-21T23:53:27,071|[TRACE] HqlParser - <------------------------- additiveExpression
2021-11-21T23:53:27,071|[TRACE] HqlParser - <----------------------- concatenation
2021-11-21T23:53:27,071|[TRACE] HqlParser - <--------------------- relationalExpression
2021-11-21T23:53:27,071|[TRACE] HqlParser - <------------------- equalityExpression
2021-11-21T23:53:27,071|[TRACE] HqlParser - <----------------- negatedExpression
2021-11-21T23:53:27,071|[TRACE] HqlParser - <--------------- logicalAndExpression
2021-11-21T23:53:27,071|[TRACE] HqlParser - <------------- logicalOrExpression
2021-11-21T23:53:27,071|[TRACE] HqlParser - <----------- expression
2021-11-21T23:53:27,071|[TRACE] HqlParser - <--------- logicalExpression
2021-11-21T23:53:27,071|[TRACE] HqlParser - <------- whereClause
2021-11-21T23:53:27,071|[TRACE] HqlParser - <----- queryRule
2021-11-21T23:53:27,071|[TRACE] HqlParser - <--- selectStatement
2021-11-21T23:53:27,071|[TRACE] HqlParser - <- statement
2021-11-21T23:53:27,071|[DEBUG] ErrorTracker - throwQueryException() : no errors
2021-11-21T23:53:27,071|[DEBUG] QueryTranslatorImpl - --- HQL AST ---
 \-[QUERY] Node: 'query'
    +-[SELECT_FROM] Node: 'SELECT_FROM'
    |  +-[FROM] Node: 'from'
    |  |  \-[RANGE] Node: 'RANGE'
    |  |     +-[DOT] Node: '.'
    |  |     |  +-[DOT] Node: '.'
    |  |     |  |  +-[IDENT] Node: 'bloodbank'
    |  |     |  |  \-[IDENT] Node: 'entity'
    |  |     |  \-[IDENT] Node: 'Person'
    |  |     \-[ALIAS] Node: 'generatedAlias0'
    |  \-[SELECT] Node: 'select'
    |     \-[COUNT] Node: 'count'
    |        \-[IDENT] Node: 'generatedAlias0'
    \-[WHERE] Node: 'where'
       \-[EQ] Node: '='
          +-[DOT] Node: '.'
          |  +-[IDENT] Node: 'generatedAlias0'
          |  \-[IDENT] Node: 'firstName'
          \-[COLON] Node: ':'
             \-[IDENT] Node: 'firstName'

2021-11-21T23:53:27,071|[DEBUG] HqlSqlBaseWalker - select << begin [level=1, statement=select]
2021-11-21T23:53:27,071|[DEBUG] FromElement - FromClause{level=1} : bloodbank.entity.Person (generatedAlias0) -> person0_
2021-11-21T23:53:27,071|[DEBUG] FromReferenceNode - Resolved : generatedAlias0 -> person0_.id
2021-11-21T23:53:27,071|[DEBUG] FromReferenceNode - Resolved : generatedAlias0 -> person0_.id
2021-11-21T23:53:27,071|[TRACE] FromElement - Handling property dereference [bloodbank.entity.Person (generatedAlias0) -> firstName (class)]
2021-11-21T23:53:27,072|[DEBUG] DotNode - getDataType() : firstName -> org.hibernate.type.StringType@795fd838
2021-11-21T23:53:27,072|[DEBUG] FromReferenceNode - Resolved : generatedAlias0.firstName -> person0_.first_name
2021-11-21T23:53:27,072|[DEBUG] HqlSqlBaseWalker - select : finishing up [level=1, statement=select]
2021-11-21T23:53:27,072|[DEBUG] HqlSqlWalker - processQuery() :  ( SELECT ( {select clause} ( count person0_.id ) ) ( FromClause{level=1} person person0_ ) ( where ( = ( person0_.first_name person0_.id firstName ) ? ) ) )
2021-11-21T23:53:27,072|[DEBUG] JoinProcessor - Tables referenced from query nodes:
 \-QueryNode
    +-SelectClause
    |  +-CountNode
    |  |  \-IdentNode
    |  |    persister: SingleTableEntityPersister(bloodbank.entity.Person)
    |  |    originalText: generatedAlias0
    |  \-SqlNode
    +-FromClause
    |  \-FromElement
    \-SqlNode
       \-BinaryLogicOperatorNode
          +-DotNode
          | persister: SingleTableEntityPersister(bloodbank.entity.Person)
          | path: generatedAlias0.firstName
          |  +-IdentNode
          |  | persister: SingleTableEntityPersister(bloodbank.entity.Person)
          |  | originalText: generatedAlias0
          |  \-IdentNode
          |    persister: null
          |    originalText: firstName
          \-ParameterNode

2021-11-21T23:53:27,072|[DEBUG] JoinProcessor - Using FROM fragment [person person0_]
2021-11-21T23:53:27,072|[DEBUG] HqlSqlBaseWalker - select >> end [level=1, statement=select]
2021-11-21T23:53:27,072|[DEBUG] QueryTranslatorImpl - --- SQL AST ---
 \-[SELECT] QueryNode: 'SELECT'  querySpaces (person)
    +-[SELECT_CLAUSE] SelectClause: '{select clause}'
    |  +-[COUNT] CountNode: 'count'
    |  |  \-[ALIAS_REF] IdentNode: 'person0_.id' {alias=generatedAlias0, className=bloodbank.entity.Person, tableAlias=person0_}
    |  \-[SELECT_COLUMNS] SqlNode: ' as col_0_0_'
    +-[FROM] FromClause: 'from' FromClause{level=1, fromElementCounter=1, fromElements=1, fromElementByClassAlias=[generatedAlias0], fromElementByTableAlias=[person0_], fromElementsByPath=[], collectionJoinFromElementsByPath=[], impliedElements=[]}
    |  \-[FROM_FRAGMENT] FromElement: 'person person0_' FromElement{explicit,not a collection join,not a fetch join,fetch non-lazy properties,classAlias=generatedAlias0,role=null,tableName=person,tableAlias=person0_,origin=null,columns={,className=bloodbank.entity.Person}}
    \-[WHERE] SqlNode: 'where'
       \-[EQ] BinaryLogicOperatorNode: '='
          +-[DOT] DotNode: 'person0_.first_name' {propertyName=firstName,dereferenceType=PRIMITIVE,getPropertyPath=firstName,path=generatedAlias0.firstName,tableAlias=person0_,className=bloodbank.entity.Person,classAlias=generatedAlias0}
          |  +-[ALIAS_REF] IdentNode: 'person0_.id' {alias=generatedAlias0, className=bloodbank.entity.Person, tableAlias=person0_}
          |  \-[IDENT] IdentNode: 'firstName' {originalText=firstName}
          \-[NAMED_PARAM] ParameterNode: '?' {name=firstName, expectedType=org.hibernate.type.StringType@795fd838}

2021-11-21T23:53:27,072|[DEBUG] ErrorTracker - throwQueryException() : no errors
2021-11-21T23:53:27,072|[DEBUG] QueryTranslatorImpl - HQL: select count(generatedAlias0) from bloodbank.entity.Person as generatedAlias0 where generatedAlias0.firstName=:firstName
2021-11-21T23:53:27,072|[DEBUG] QueryTranslatorImpl - SQL: select count(person0_.id) as col_0_0_ from person person0_ where person0_.first_name=?
2021-11-21T23:53:27,072|[DEBUG] ErrorTracker - throwQueryException() : no errors
2021-11-21T23:53:27,072|[TRACE] QueryPlanCache - Located HQL query plan in cache (select count(generatedAlias0) from Person as generatedAlias0 where generatedAlias0.firstName=:firstName)
2021-11-21T23:53:27,072|[TRACE] QueryPlanCache - Located HQL query plan in cache (select count(generatedAlias0) from Person as generatedAlias0 where generatedAlias0.firstName=:firstName)
2021-11-21T23:53:27,072|[TRACE] HQLQueryPlan - Find: select count(generatedAlias0) from Person as generatedAlias0 where generatedAlias0.firstName=:firstName
2021-11-21T23:53:27,072|[TRACE] QueryParameters - Named parameters: {firstName=Herman}
2021-11-21T23:53:27,072|[DEBUG] SQL - 
    /* select
        count(generatedAlias0) 
    from
        Person as generatedAlias0 
    where
        generatedAlias0.firstName=:firstName */ select
            count(person0_.id) as col_0_0_ 
        from
            person person0_ 
        where
            person0_.first_name=?
2021-11-21T23:53:27,073|[TRACE] ResourceRegistryStandardImpl - Registering statement [com.mysql.cj.jdbc.ClientPreparedStatement: /* select count(generatedAlias0) from Person as generatedAlias0 where generatedAlias0.firstName=:firstName */ select count(person0_.id) as col_0_0_ from person person0_ where person0_.first_name=** NOT SPECIFIED **]
2021-11-21T23:53:27,073|[TRACE] JdbcCoordinatorImpl - Registering last query statement [com.mysql.cj.jdbc.ClientPreparedStatement: /* select count(generatedAlias0) from Person as generatedAlias0 where generatedAlias0.firstName=:firstName */ select count(person0_.id) as col_0_0_ from person person0_ where person0_.first_name=** NOT SPECIFIED **]
2021-11-21T23:53:27,073|[TRACE] BasicBinder - binding parameter [1] as [VARCHAR] - [Herman]
2021-11-21T23:53:27,073|[TRACE] Loader - Bound [2] parameters total
2021-11-21T23:53:27,073|[TRACE] ResourceRegistryStandardImpl - Registering result set [com.mysql.cj.jdbc.result.ResultSetImpl@7512a9a6]
2021-11-21T23:53:27,073|[TRACE] Loader - Processing result set
2021-11-21T23:53:27,073|[DEBUG] Loader - Result set row: 0
2021-11-21T23:53:27,073|[DEBUG] Loader - Result row: 
2021-11-21T23:53:27,073|[TRACE] BasicExtractor - extracted value ([col_0_0_] : [BIGINT]) - [1]
2021-11-21T23:53:27,073|[TRACE] Loader - Done processing result set (1 rows)
2021-11-21T23:53:27,073|[TRACE] ResourceRegistryStandardImpl - Releasing statement [com.mysql.cj.jdbc.ClientPreparedStatement: /* select count(generatedAlias0) from Person as generatedAlias0 where generatedAlias0.firstName=:firstName */ select count(person0_.id) as col_0_0_ from person person0_ where person0_.first_name='Herman']
2021-11-21T23:53:27,073|[TRACE] ResourceRegistryStandardImpl - Closing result set [com.mysql.cj.jdbc.result.ResultSetImpl@7512a9a6]
2021-11-21T23:53:27,073|[TRACE] ResourceRegistryStandardImpl - Closing prepared statement [com.mysql.cj.jdbc.ClientPreparedStatement: /* select count(generatedAlias0) from Person as generatedAlias0 where generatedAlias0.firstName=:firstName */ select count(person0_.id) as col_0_0_ from person person0_ where person0_.first_name='Herman']
2021-11-21T23:53:27,074|[TRACE] JdbcCoordinatorImpl - Starting after statement execution processing [AFTER_TRANSACTION]
2021-11-21T23:53:27,074|[TRACE] StatefulPersistenceContext - Initializing non-lazy collections
2021-11-21T23:53:27,074|[TRACE] AbstractLogicalConnectionImplementor - LogicalConnection#afterTransaction
2021-11-21T23:53:27,074|[TRACE] ResourceRegistryStandardImpl - Releasing JDBC resources
2021-11-21T23:53:27,074|[DEBUG] LogicalConnectionManagedImpl - Initiating JDBC connection release from afterTransaction
2021-11-21T23:53:27,074|[TRACE] ResourceRegistryStandardImpl - Releasing JDBC resources
2021-11-21T23:53:27,074|[TRACE] SessionImpl - Closing session [c9d235d3-2744-4f49-97f4-3a7f2cf8fd10]
2021-11-21T23:53:27,074|[TRACE] JdbcCoordinatorImpl - Closing JDBC container [org.hibernate.engine.jdbc.internal.JdbcCoordinatorImpl@32fd5bc]
2021-11-21T23:53:27,074|[TRACE] ResourceRegistryStandardImpl - Releasing JDBC resources
2021-11-21T23:53:27,074|[TRACE] LogicalConnectionManagedImpl - Closing logical connection
2021-11-21T23:53:27,074|[TRACE] LogicalConnectionManagedImpl - Logical connection closed
]]></system-out>
  </testcase>
  <testcase name="testCreateValid" classname="bloodbank.entity.TestCRUDPersonOriginal" time="0.003">
    <system-out><![CDATA[2021-11-21T23:53:27,075|[TRACE] SessionFactoryImpl$SessionBuilderImpl - Opening Hibernate Session.  tenant=null
2021-11-21T23:53:27,075|[TRACE] SessionImpl - Opened Session [996066fe-3521-4d42-8792-6f5ab7ea4e25] at timestamp: 1637556807075
2021-11-21T23:53:27,075|[DEBUG] TransactionImpl - On TransactionImpl creation, JpaCompliance#isJpaTransactionComplianceEnabled == false
2021-11-21T23:53:27,075|[DEBUG] TransactionImpl - begin
2021-11-21T23:53:27,075|[TRACE] AbstractLogicalConnectionImplementor - Preparing to begin transaction via JDBC Connection.setAutoCommit(false)
2021-11-21T23:53:27,075|[TRACE] AbstractLogicalConnectionImplementor - Transaction begun via JDBC Connection.setAutoCommit(false)
2021-11-21T23:53:27,075|[TRACE] JdbcResourceLocalTransactionCoordinatorImpl - ResourceLocalTransactionCoordinatorImpl#afterBeginCallback
2021-11-21T23:53:27,076|[TRACE] VersionValue - Version unsaved-value strategy UNDEFINED
2021-11-21T23:53:27,076|[TRACE] IdentifierValue - ID unsaved-value: 0
2021-11-21T23:53:27,076|[TRACE] EntityState - Transient instance of: bloodbank.entity.Person
2021-11-21T23:53:27,076|[TRACE] DefaultPersistEventListener - Saving transient instance
2021-11-21T23:53:27,076|[TRACE] AbstractSaveEventListener - Saving [bloodbank.entity.Person#<null>]
2021-11-21T23:53:27,076|[TRACE] Cascade - Processing cascade ACTION_PERSIST for: bloodbank.entity.Person
2021-11-21T23:53:27,076|[TRACE] Cascade - Done processing cascade ACTION_PERSIST for: bloodbank.entity.Person
2021-11-21T23:53:27,076|[TRACE] Versioning - Using initial version: 0
2021-11-21T23:53:27,076|[TRACE] WrapVisitor - Wrapped collection in role: bloodbank.entity.Person.contacts
2021-11-21T23:53:27,076|[TRACE] WrapVisitor - Wrapped collection in role: bloodbank.entity.Person.donations
2021-11-21T23:53:27,076|[TRACE] ActionQueue - Adding an EntityIdentityInsertAction for [bloodbank.entity.Person] object
2021-11-21T23:53:27,076|[TRACE] ActionQueue - Executing inserts before finding non-nullable transient entities for early insert: [EntityIdentityInsertAction[bloodbank.entity.Person#<null>]]
2021-11-21T23:53:27,076|[TRACE] ActionQueue - Adding insert with no non-nullable, transient entities: [EntityIdentityInsertAction[bloodbank.entity.Person#<null>]]
2021-11-21T23:53:27,076|[TRACE] ActionQueue - Executing insertions before resolved early-insert
2021-11-21T23:53:27,076|[DEBUG] ActionQueue - Executing identity-insert immediately
2021-11-21T23:53:27,076|[DEBUG] JdbcResourceLocalTransactionCoordinatorImpl - JDBC transaction marked for rollback-only (exception provided for stack trace)
java.lang.Exception: exception just for purpose of providing stack trace
	at org.hibernate.resource.transaction.backend.jdbc.internal.JdbcResourceLocalTransactionCoordinatorImpl$TransactionDriverControlImpl.markRollbackOnly(JdbcResourceLocalTransactionCoordinatorImpl.java:324) ~[hibernate-core-5.4.27.Final.jar:?]
	at org.hibernate.engine.transaction.internal.TransactionImpl.markRollbackOnly(TransactionImpl.java:203) ~[hibernate-core-5.4.27.Final.jar:?]
	at org.hibernate.internal.AbstractSharedSessionContract.markForRollbackOnly(AbstractSharedSessionContract.java:396) ~[hibernate-core-5.4.27.Final.jar:?]
	at org.hibernate.internal.ExceptionConverterImpl.handlePersistenceException(ExceptionConverterImpl.java:297) ~[hibernate-core-5.4.27.Final.jar:?]
	at org.hibernate.internal.ExceptionConverterImpl.convert(ExceptionConverterImpl.java:155) ~[hibernate-core-5.4.27.Final.jar:?]
	at org.hibernate.internal.ExceptionConverterImpl.convert(ExceptionConverterImpl.java:181) ~[hibernate-core-5.4.27.Final.jar:?]
	at org.hibernate.internal.ExceptionConverterImpl.convert(ExceptionConverterImpl.java:188) ~[hibernate-core-5.4.27.Final.jar:?]
	at org.hibernate.internal.SessionImpl.firePersist(SessionImpl.java:726) ~[hibernate-core-5.4.27.Final.jar:?]
	at org.hibernate.internal.SessionImpl.persist(SessionImpl.java:706) ~[hibernate-core-5.4.27.Final.jar:?]
	at bloodbank.entity.TestCRUDPersonOriginal.lambda$testCreateValid$0(TestCRUDPersonOriginal.java:104) ~[test-classes/:?]
	at org.junit.jupiter.api.AssertThrows.assertThrows(AssertThrows.java:55) ~[junit-jupiter-api-5.7.0.jar:5.7.0]
	at org.junit.jupiter.api.AssertThrows.assertThrows(AssertThrows.java:37) ~[junit-jupiter-api-5.7.0.jar:5.7.0]
	at org.junit.jupiter.api.Assertions.assertThrows(Assertions.java:3007) ~[junit-jupiter-api-5.7.0.jar:5.7.0]
	at bloodbank.entity.TestCRUDPersonOriginal.testCreateValid(TestCRUDPersonOriginal.java:104) ~[test-classes/:?]
	at jdk.internal.reflect.NativeMethodAccessorImpl.invoke0(Native Method) ~[?:?]
	at jdk.internal.reflect.NativeMethodAccessorImpl.invoke(NativeMethodAccessorImpl.java:62) ~[?:?]
	at jdk.internal.reflect.DelegatingMethodAccessorImpl.invoke(DelegatingMethodAccessorImpl.java:43) ~[?:?]
	at java.lang.reflect.Method.invoke(Method.java:566) ~[?:?]
	at org.junit.platform.commons.util.ReflectionUtils.invokeMethod(ReflectionUtils.java:688) ~[junit-platform-commons-1.7.0.jar:1.7.0]
	at org.junit.jupiter.engine.execution.MethodInvocation.proceed(MethodInvocation.java:60) ~[junit-jupiter-engine-5.7.0.jar:5.7.0]
	at org.junit.jupiter.engine.execution.InvocationInterceptorChain$ValidatingInvocation.proceed(InvocationInterceptorChain.java:131) ~[junit-jupiter-engine-5.7.0.jar:5.7.0]
	at org.junit.jupiter.engine.extension.TimeoutExtension.intercept(TimeoutExtension.java:149) ~[junit-jupiter-engine-5.7.0.jar:5.7.0]
	at org.junit.jupiter.engine.extension.TimeoutExtension.interceptTestableMethod(TimeoutExtension.java:140) ~[junit-jupiter-engine-5.7.0.jar:5.7.0]
	at org.junit.jupiter.engine.extension.TimeoutExtension.interceptTestMethod(TimeoutExtension.java:84) ~[junit-jupiter-engine-5.7.0.jar:5.7.0]
	at org.junit.jupiter.engine.execution.ExecutableInvoker$ReflectiveInterceptorCall.lambda$ofVoidMethod$0(ExecutableInvoker.java:115) ~[junit-jupiter-engine-5.7.0.jar:5.7.0]
	at org.junit.jupiter.engine.execution.ExecutableInvoker.lambda$invoke$0(ExecutableInvoker.java:105) ~[junit-jupiter-engine-5.7.0.jar:5.7.0]
	at org.junit.jupiter.engine.execution.InvocationInterceptorChain$InterceptedInvocation.proceed(InvocationInterceptorChain.java:106) ~[junit-jupiter-engine-5.7.0.jar:5.7.0]
	at org.junit.jupiter.engine.execution.InvocationInterceptorChain.proceed(InvocationInterceptorChain.java:64) ~[junit-jupiter-engine-5.7.0.jar:5.7.0]
	at org.junit.jupiter.engine.execution.InvocationInterceptorChain.chainAndInvoke(InvocationInterceptorChain.java:45) ~[junit-jupiter-engine-5.7.0.jar:5.7.0]
	at org.junit.jupiter.engine.execution.InvocationInterceptorChain.invoke(InvocationInterceptorChain.java:37) ~[junit-jupiter-engine-5.7.0.jar:5.7.0]
	at org.junit.jupiter.engine.execution.ExecutableInvoker.invoke(ExecutableInvoker.java:104) ~[junit-jupiter-engine-5.7.0.jar:5.7.0]
	at org.junit.jupiter.engine.execution.ExecutableInvoker.invoke(ExecutableInvoker.java:98) ~[junit-jupiter-engine-5.7.0.jar:5.7.0]
	at org.junit.jupiter.engine.descriptor.TestMethodTestDescriptor.lambda$invokeTestMethod$6(TestMethodTestDescriptor.java:210) ~[junit-jupiter-engine-5.7.0.jar:5.7.0]
	at org.junit.platform.engine.support.hierarchical.ThrowableCollector.execute(ThrowableCollector.java:73) ~[junit-platform-engine-1.7.0.jar:1.7.0]
	at org.junit.jupiter.engine.descriptor.TestMethodTestDescriptor.invokeTestMethod(TestMethodTestDescriptor.java:206) ~[junit-jupiter-engine-5.7.0.jar:5.7.0]
	at org.junit.jupiter.engine.descriptor.TestMethodTestDescriptor.execute(TestMethodTestDescriptor.java:131) ~[junit-jupiter-engine-5.7.0.jar:5.7.0]
	at org.junit.jupiter.engine.descriptor.TestMethodTestDescriptor.execute(TestMethodTestDescriptor.java:65) ~[junit-jupiter-engine-5.7.0.jar:5.7.0]
	at org.junit.platform.engine.support.hierarchical.NodeTestTask.lambda$executeRecursively$5(NodeTestTask.java:139) ~[junit-platform-engine-1.7.0.jar:1.7.0]
	at org.junit.platform.engine.support.hierarchical.ThrowableCollector.execute(ThrowableCollector.java:73) ~[junit-platform-engine-1.7.0.jar:1.7.0]
	at org.junit.platform.engine.support.hierarchical.NodeTestTask.lambda$executeRecursively$7(NodeTestTask.java:129) ~[junit-platform-engine-1.7.0.jar:1.7.0]
	at org.junit.platform.engine.support.hierarchical.Node.around(Node.java:137) ~[junit-platform-engine-1.7.0.jar:1.7.0]
	at org.junit.platform.engine.support.hierarchical.NodeTestTask.lambda$executeRecursively$8(NodeTestTask.java:127) ~[junit-platform-engine-1.7.0.jar:1.7.0]
	at org.junit.platform.engine.support.hierarchical.ThrowableCollector.execute(ThrowableCollector.java:73) ~[junit-platform-engine-1.7.0.jar:1.7.0]
	at org.junit.platform.engine.support.hierarchical.NodeTestTask.executeRecursively(NodeTestTask.java:126) ~[junit-platform-engine-1.7.0.jar:1.7.0]
	at org.junit.platform.engine.support.hierarchical.NodeTestTask.execute(NodeTestTask.java:84) ~[junit-platform-engine-1.7.0.jar:1.7.0]
	at java.util.ArrayList.forEach(ArrayList.java:1541) ~[?:?]
	at org.junit.platform.engine.support.hierarchical.SameThreadHierarchicalTestExecutorService.invokeAll(SameThreadHierarchicalTestExecutorService.java:38) ~[junit-platform-engine-1.7.0.jar:1.7.0]
	at org.junit.platform.engine.support.hierarchical.NodeTestTask.lambda$executeRecursively$5(NodeTestTask.java:143) ~[junit-platform-engine-1.7.0.jar:1.7.0]
	at org.junit.platform.engine.support.hierarchical.ThrowableCollector.execute(ThrowableCollector.java:73) ~[junit-platform-engine-1.7.0.jar:1.7.0]
	at org.junit.platform.engine.support.hierarchical.NodeTestTask.lambda$executeRecursively$7(NodeTestTask.java:129) ~[junit-platform-engine-1.7.0.jar:1.7.0]
	at org.junit.platform.engine.support.hierarchical.Node.around(Node.java:137) ~[junit-platform-engine-1.7.0.jar:1.7.0]
	at org.junit.platform.engine.support.hierarchical.NodeTestTask.lambda$executeRecursively$8(NodeTestTask.java:127) ~[junit-platform-engine-1.7.0.jar:1.7.0]
	at org.junit.platform.engine.support.hierarchical.ThrowableCollector.execute(ThrowableCollector.java:73) ~[junit-platform-engine-1.7.0.jar:1.7.0]
	at org.junit.platform.engine.support.hierarchical.NodeTestTask.executeRecursively(NodeTestTask.java:126) ~[junit-platform-engine-1.7.0.jar:1.7.0]
	at org.junit.platform.engine.support.hierarchical.NodeTestTask.execute(NodeTestTask.java:84) ~[junit-platform-engine-1.7.0.jar:1.7.0]
	at java.util.ArrayList.forEach(ArrayList.java:1541) ~[?:?]
	at org.junit.platform.engine.support.hierarchical.SameThreadHierarchicalTestExecutorService.invokeAll(SameThreadHierarchicalTestExecutorService.java:38) ~[junit-platform-engine-1.7.0.jar:1.7.0]
	at org.junit.platform.engine.support.hierarchical.NodeTestTask.lambda$executeRecursively$5(NodeTestTask.java:143) ~[junit-platform-engine-1.7.0.jar:1.7.0]
	at org.junit.platform.engine.support.hierarchical.ThrowableCollector.execute(ThrowableCollector.java:73) ~[junit-platform-engine-1.7.0.jar:1.7.0]
	at org.junit.platform.engine.support.hierarchical.NodeTestTask.lambda$executeRecursively$7(NodeTestTask.java:129) ~[junit-platform-engine-1.7.0.jar:1.7.0]
	at org.junit.platform.engine.support.hierarchical.Node.around(Node.java:137) ~[junit-platform-engine-1.7.0.jar:1.7.0]
	at org.junit.platform.engine.support.hierarchical.NodeTestTask.lambda$executeRecursively$8(NodeTestTask.java:127) ~[junit-platform-engine-1.7.0.jar:1.7.0]
	at org.junit.platform.engine.support.hierarchical.ThrowableCollector.execute(ThrowableCollector.java:73) ~[junit-platform-engine-1.7.0.jar:1.7.0]
	at org.junit.platform.engine.support.hierarchical.NodeTestTask.executeRecursively(NodeTestTask.java:126) ~[junit-platform-engine-1.7.0.jar:1.7.0]
	at org.junit.platform.engine.support.hierarchical.NodeTestTask.execute(NodeTestTask.java:84) ~[junit-platform-engine-1.7.0.jar:1.7.0]
	at org.junit.platform.engine.support.hierarchical.SameThreadHierarchicalTestExecutorService.submit(SameThreadHierarchicalTestExecutorService.java:32) ~[junit-platform-engine-1.7.0.jar:1.7.0]
	at org.junit.platform.engine.support.hierarchical.HierarchicalTestExecutor.execute(HierarchicalTestExecutor.java:57) ~[junit-platform-engine-1.7.0.jar:1.7.0]
	at org.junit.platform.engine.support.hierarchical.HierarchicalTestEngine.execute(HierarchicalTestEngine.java:51) ~[junit-platform-engine-1.7.0.jar:1.7.0]
	at org.junit.platform.launcher.core.EngineExecutionOrchestrator.execute(EngineExecutionOrchestrator.java:108) ~[junit-platform-launcher-1.7.0.jar:1.7.0]
	at org.junit.platform.launcher.core.EngineExecutionOrchestrator.execute(EngineExecutionOrchestrator.java:88) ~[junit-platform-launcher-1.7.0.jar:1.7.0]
	at org.junit.platform.launcher.core.EngineExecutionOrchestrator.lambda$execute$0(EngineExecutionOrchestrator.java:54) ~[junit-platform-launcher-1.7.0.jar:1.7.0]
	at org.junit.platform.launcher.core.EngineExecutionOrchestrator.withInterceptedStreams(EngineExecutionOrchestrator.java:67) [junit-platform-launcher-1.7.0.jar:1.7.0]
	at org.junit.platform.launcher.core.EngineExecutionOrchestrator.execute(EngineExecutionOrchestrator.java:52) [junit-platform-launcher-1.7.0.jar:1.7.0]
	at org.junit.platform.launcher.core.DefaultLauncher.execute(DefaultLauncher.java:96) [junit-platform-launcher-1.7.0.jar:1.7.0]
	at org.junit.platform.launcher.core.DefaultLauncher.execute(DefaultLauncher.java:75) [junit-platform-launcher-1.7.0.jar:1.7.0]
	at org.apache.maven.surefire.junitplatform.JUnitPlatformProvider.execute(JUnitPlatformProvider.java:188) [surefire-junit-platform-3.0.0-M5.jar:3.0.0-M5]
	at org.apache.maven.surefire.junitplatform.JUnitPlatformProvider.invokeAllTests(JUnitPlatformProvider.java:154) [surefire-junit-platform-3.0.0-M5.jar:3.0.0-M5]
	at org.apache.maven.surefire.junitplatform.JUnitPlatformProvider.invoke(JUnitPlatformProvider.java:128) [surefire-junit-platform-3.0.0-M5.jar:3.0.0-M5]
	at org.apache.maven.surefire.booter.ForkedBooter.runSuitesInProcess(ForkedBooter.java:428) [surefire-booter-3.0.0-M5.jar:3.0.0-M5]
	at org.apache.maven.surefire.booter.ForkedBooter.execute(ForkedBooter.java:162) [surefire-booter-3.0.0-M5.jar:3.0.0-M5]
	at org.apache.maven.surefire.booter.ForkedBooter.run(ForkedBooter.java:562) [surefire-booter-3.0.0-M5.jar:3.0.0-M5]
	at org.apache.maven.surefire.booter.ForkedBooter.main(ForkedBooter.java:548) [surefire-booter-3.0.0-M5.jar:3.0.0-M5]
2021-11-21T23:53:27,077|[DEBUG] TransactionImpl - committing
2021-11-21T23:53:27,077|[DEBUG] JdbcResourceLocalTransactionCoordinatorImpl - On commit, transaction was marked for roll-back only, rolling back
2021-11-21T23:53:27,077|[TRACE] AbstractLogicalConnectionImplementor - Preparing to rollback transaction via JDBC Connection.rollback()
2021-11-21T23:53:27,077|[TRACE] AbstractLogicalConnectionImplementor - Transaction rolled-back via JDBC Connection.rollback()
2021-11-21T23:53:27,077|[TRACE] AbstractLogicalConnectionImplementor - LogicalConnection#afterTransaction
2021-11-21T23:53:27,077|[TRACE] ResourceRegistryStandardImpl - Releasing JDBC resources
2021-11-21T23:53:27,077|[DEBUG] LogicalConnectionManagedImpl - Initiating JDBC connection release from afterTransaction
2021-11-21T23:53:27,077|[TRACE] ResourceRegistryStandardImpl - Releasing JDBC resources
2021-11-21T23:53:27,077|[TRACE] JdbcResourceLocalTransactionCoordinatorImpl - ResourceLocalTransactionCoordinatorImpl#afterCompletionCallback(false)
2021-11-21T23:53:27,077|[TRACE] SynchronizationRegistryStandardImpl - SynchronizationRegistryStandardImpl.notifySynchronizationsAfterTransactionCompletion(5)
2021-11-21T23:53:27,077|[TRACE] AbstractLogicalConnectionImplementor - LogicalConnection#afterTransaction
2021-11-21T23:53:27,077|[TRACE] ResourceRegistryStandardImpl - Releasing JDBC resources
2021-11-21T23:53:27,077|[DEBUG] LogicalConnectionManagedImpl - Initiating JDBC connection release from afterTransaction
2021-11-21T23:53:27,077|[TRACE] SessionImpl - SessionImpl#afterTransactionCompletion(successful=false, delayed=false)
2021-11-21T23:53:27,077|[TRACE] SessionImpl - Closing session [996066fe-3521-4d42-8792-6f5ab7ea4e25]
2021-11-21T23:53:27,078|[TRACE] JdbcCoordinatorImpl - Closing JDBC container [org.hibernate.engine.jdbc.internal.JdbcCoordinatorImpl@1fe7fa16]
2021-11-21T23:53:27,078|[TRACE] ResourceRegistryStandardImpl - Releasing JDBC resources
2021-11-21T23:53:27,078|[TRACE] LogicalConnectionManagedImpl - Closing logical connection
2021-11-21T23:53:27,078|[TRACE] LogicalConnectionManagedImpl - Logical connection closed
]]></system-out>
  </testcase>
  <testcase name="testRead" classname="bloodbank.entity.TestCRUDPersonOriginal" time="0.004">
    <system-out><![CDATA[2021-11-21T23:53:27,078|[TRACE] SessionFactoryImpl$SessionBuilderImpl - Opening Hibernate Session.  tenant=null
2021-11-21T23:53:27,078|[TRACE] SessionImpl - Opened Session [52771852-de73-4b09-8c03-3c71d2559537] at timestamp: 1637556807078
2021-11-21T23:53:27,078|[DEBUG] TransactionImpl - On TransactionImpl creation, JpaCompliance#isJpaTransactionComplianceEnabled == false
2021-11-21T23:53:27,078|[DEBUG] CriteriaQueryImpl - Rendered criteria query -> select generatedAlias0 from Person as generatedAlias0
2021-11-21T23:53:27,078|[TRACE] QueryPlanCache - Unable to locate HQL query plan in cache; generating (select generatedAlias0 from Person as generatedAlias0)
2021-11-21T23:53:27,079|[DEBUG] QueryTranslatorImpl - parse() - HQL: select generatedAlias0 from bloodbank.entity.Person as generatedAlias0
2021-11-21T23:53:27,079|[TRACE] HqlParser - -> statement
2021-11-21T23:53:27,079|[TRACE] HqlParser - ---> selectStatement
2021-11-21T23:53:27,079|[TRACE] HqlParser - -----> queryRule
2021-11-21T23:53:27,079|[TRACE] HqlParser - -------> selectFrom
2021-11-21T23:53:27,079|[TRACE] HqlParser - ---------> selectClause
2021-11-21T23:53:27,079|[TRACE] HqlParser - -----------> selectedPropertiesList
2021-11-21T23:53:27,079|[TRACE] HqlParser - -------------> aliasedExpression
2021-11-21T23:53:27,079|[TRACE] HqlParser - ---------------> expression
2021-11-21T23:53:27,079|[TRACE] HqlParser - -----------------> logicalOrExpression
2021-11-21T23:53:27,079|[TRACE] HqlParser - -------------------> logicalAndExpression
2021-11-21T23:53:27,079|[TRACE] HqlParser - ---------------------> negatedExpression
2021-11-21T23:53:27,079|[TRACE] HqlParser - -----------------------> equalityExpression
2021-11-21T23:53:27,079|[TRACE] HqlParser - -------------------------> relationalExpression
2021-11-21T23:53:27,079|[TRACE] HqlParser - ---------------------------> concatenation
2021-11-21T23:53:27,079|[TRACE] HqlParser - -----------------------------> additiveExpression
2021-11-21T23:53:27,079|[TRACE] HqlParser - -------------------------------> multiplyExpression
2021-11-21T23:53:27,079|[TRACE] HqlParser - ---------------------------------> unaryExpression
2021-11-21T23:53:27,079|[TRACE] HqlParser - -----------------------------------> atom
2021-11-21T23:53:27,079|[TRACE] HqlParser - -------------------------------------> primaryExpression
2021-11-21T23:53:27,079|[TRACE] HqlParser - ---------------------------------------> identPrimary
2021-11-21T23:53:27,079|[TRACE] HqlParser - -----------------------------------------> identPrimaryBase
2021-11-21T23:53:27,079|[TRACE] HqlParser - -------------------------------------------> identifier
2021-11-21T23:53:27,079|[TRACE] HqlParser - <------------------------------------------- identifier
2021-11-21T23:53:27,079|[TRACE] HqlParser - <----------------------------------------- identPrimaryBase
2021-11-21T23:53:27,079|[TRACE] HqlParser - <--------------------------------------- identPrimary
2021-11-21T23:53:27,079|[TRACE] HqlParser - <------------------------------------- primaryExpression
2021-11-21T23:53:27,079|[TRACE] HqlParser - <----------------------------------- atom
2021-11-21T23:53:27,079|[TRACE] HqlParser - <--------------------------------- unaryExpression
2021-11-21T23:53:27,079|[TRACE] HqlParser - <------------------------------- multiplyExpression
2021-11-21T23:53:27,079|[TRACE] HqlParser - <----------------------------- additiveExpression
2021-11-21T23:53:27,079|[TRACE] HqlParser - <--------------------------- concatenation
2021-11-21T23:53:27,079|[TRACE] HqlParser - <------------------------- relationalExpression
2021-11-21T23:53:27,079|[TRACE] HqlParser - <----------------------- equalityExpression
2021-11-21T23:53:27,079|[TRACE] HqlParser - <--------------------- negatedExpression
2021-11-21T23:53:27,079|[TRACE] HqlParser - <------------------- logicalAndExpression
2021-11-21T23:53:27,079|[TRACE] HqlParser - <----------------- logicalOrExpression
2021-11-21T23:53:27,079|[TRACE] HqlParser - <--------------- expression
2021-11-21T23:53:27,079|[TRACE] HqlParser - <------------- aliasedExpression
2021-11-21T23:53:27,079|[TRACE] HqlParser - <----------- selectedPropertiesList
2021-11-21T23:53:27,079|[TRACE] HqlParser - <--------- selectClause
2021-11-21T23:53:27,079|[TRACE] HqlParser - ---------> fromClause
2021-11-21T23:53:27,079|[TRACE] HqlParser - -----------> fromRange
2021-11-21T23:53:27,079|[TRACE] HqlParser - -------------> fromClassOrOuterQueryPath
2021-11-21T23:53:27,079|[TRACE] HqlParser - ---------------> path
2021-11-21T23:53:27,079|[TRACE] HqlParser - -----------------> identifier
2021-11-21T23:53:27,079|[TRACE] HqlParser - <----------------- identifier
2021-11-21T23:53:27,079|[TRACE] HqlParser - -----------------> identifier
2021-11-21T23:53:27,079|[TRACE] HqlParser - <----------------- identifier
2021-11-21T23:53:27,079|[TRACE] HqlParser - -----------------> identifier
2021-11-21T23:53:27,079|[TRACE] HqlParser - <----------------- identifier
2021-11-21T23:53:27,079|[TRACE] HqlParser - <--------------- path
2021-11-21T23:53:27,079|[TRACE] HqlParser - ---------------> asAlias
2021-11-21T23:53:27,079|[TRACE] HqlParser - -----------------> alias
2021-11-21T23:53:27,079|[TRACE] HqlParser - -------------------> identifier
2021-11-21T23:53:27,079|[TRACE] HqlParser - <------------------- identifier
2021-11-21T23:53:27,079|[TRACE] HqlParser - <----------------- alias
2021-11-21T23:53:27,079|[TRACE] HqlParser - <--------------- asAlias
2021-11-21T23:53:27,079|[TRACE] HqlParser - <------------- fromClassOrOuterQueryPath
2021-11-21T23:53:27,079|[TRACE] HqlParser - <----------- fromRange
2021-11-21T23:53:27,079|[TRACE] HqlParser - <--------- fromClause
2021-11-21T23:53:27,079|[TRACE] HqlParser - <------- selectFrom
2021-11-21T23:53:27,079|[TRACE] HqlParser - <----- queryRule
2021-11-21T23:53:27,079|[TRACE] HqlParser - <--- selectStatement
2021-11-21T23:53:27,079|[TRACE] HqlParser - <- statement
2021-11-21T23:53:27,079|[DEBUG] ErrorTracker - throwQueryException() : no errors
2021-11-21T23:53:27,079|[DEBUG] QueryTranslatorImpl - --- HQL AST ---
 \-[QUERY] Node: 'query'
    \-[SELECT_FROM] Node: 'SELECT_FROM'
       +-[FROM] Node: 'from'
       |  \-[RANGE] Node: 'RANGE'
       |     +-[DOT] Node: '.'
       |     |  +-[DOT] Node: '.'
       |     |  |  +-[IDENT] Node: 'bloodbank'
       |     |  |  \-[IDENT] Node: 'entity'
       |     |  \-[IDENT] Node: 'Person'
       |     \-[ALIAS] Node: 'generatedAlias0'
       \-[SELECT] Node: 'select'
          \-[IDENT] Node: 'generatedAlias0'

2021-11-21T23:53:27,079|[DEBUG] HqlSqlBaseWalker - select << begin [level=1, statement=select]
2021-11-21T23:53:27,079|[DEBUG] FromElement - FromClause{level=1} : bloodbank.entity.Person (generatedAlias0) -> person0_
2021-11-21T23:53:27,079|[DEBUG] FromReferenceNode - Resolved : generatedAlias0 -> person0_.id
2021-11-21T23:53:27,079|[DEBUG] HqlSqlBaseWalker - select : finishing up [level=1, statement=select]
2021-11-21T23:53:27,079|[DEBUG] HqlSqlWalker - processQuery() :  ( SELECT ( {select clause} person0_.id ) ( FromClause{level=1} person person0_ ) )
2021-11-21T23:53:27,079|[DEBUG] JoinProcessor - Tables referenced from query nodes:
 \-QueryNode
    +-SelectClause
    | referencedTables(entity Person): [person]
    |  +-IdentNode
    |  | persister: SingleTableEntityPersister(bloodbank.entity.Person)
    |  | originalText: generatedAlias0
    |  \-SqlFragment
    \-FromClause
       \-FromElement

2021-11-21T23:53:27,079|[DEBUG] JoinProcessor - Using FROM fragment [person person0_]
2021-11-21T23:53:27,079|[DEBUG] HqlSqlBaseWalker - select >> end [level=1, statement=select]
2021-11-21T23:53:27,080|[DEBUG] QueryTranslatorImpl - --- SQL AST ---
 \-[SELECT] QueryNode: 'SELECT'  querySpaces (person)
    +-[SELECT_CLAUSE] SelectClause: '{select clause}'
    |  +-[ALIAS_REF] IdentNode: 'person0_.id as id1_5_' {alias=generatedAlias0, className=bloodbank.entity.Person, tableAlias=person0_}
    |  \-[SQL_TOKEN] SqlFragment: 'person0_.created as created2_5_, person0_.updated as updated3_5_, person0_.version as version4_5_, person0_.first_name as first_na5_5_, person0_.last_name as last_nam6_5_'
    \-[FROM] FromClause: 'from' FromClause{level=1, fromElementCounter=1, fromElements=1, fromElementByClassAlias=[generatedAlias0], fromElementByTableAlias=[person0_], fromElementsByPath=[], collectionJoinFromElementsByPath=[], impliedElements=[]}
       \-[FROM_FRAGMENT] FromElement: 'person person0_' FromElement{explicit,not a collection join,not a fetch join,fetch non-lazy properties,classAlias=generatedAlias0,role=null,tableName=person,tableAlias=person0_,origin=null,columns={,className=bloodbank.entity.Person}}

2021-11-21T23:53:27,080|[DEBUG] ErrorTracker - throwQueryException() : no errors
2021-11-21T23:53:27,080|[DEBUG] QueryTranslatorImpl - HQL: select generatedAlias0 from bloodbank.entity.Person as generatedAlias0
2021-11-21T23:53:27,080|[DEBUG] QueryTranslatorImpl - SQL: select person0_.id as id1_5_, person0_.created as created2_5_, person0_.updated as updated3_5_, person0_.version as version4_5_, person0_.first_name as first_na5_5_, person0_.last_name as last_nam6_5_ from person person0_
2021-11-21T23:53:27,080|[DEBUG] ErrorTracker - throwQueryException() : no errors
2021-11-21T23:53:27,080|[TRACE] QueryPlanCache - Located HQL query plan in cache (select generatedAlias0 from Person as generatedAlias0)
2021-11-21T23:53:27,080|[TRACE] QueryPlanCache - Located HQL query plan in cache (select generatedAlias0 from Person as generatedAlias0)
2021-11-21T23:53:27,080|[TRACE] HQLQueryPlan - Find: select generatedAlias0 from Person as generatedAlias0
2021-11-21T23:53:27,080|[TRACE] QueryParameters - Named parameters: {}
2021-11-21T23:53:27,080|[DEBUG] SQL - 
    /* select
        generatedAlias0 
    from
        Person as generatedAlias0 */ select
            person0_.id as id1_5_,
            person0_.created as created2_5_,
            person0_.updated as updated3_5_,
            person0_.version as version4_5_,
            person0_.first_name as first_na5_5_,
            person0_.last_name as last_nam6_5_ 
        from
            person person0_
2021-11-21T23:53:27,080|[TRACE] ResourceRegistryStandardImpl - Registering statement [com.mysql.cj.jdbc.ClientPreparedStatement: /* select generatedAlias0 from Person as generatedAlias0 */ select person0_.id as id1_5_, person0_.created as created2_5_, person0_.updated as updated3_5_, person0_.version as version4_5_, person0_.first_name as first_na5_5_, person0_.last_name as last_nam6_5_ from person person0_]
2021-11-21T23:53:27,080|[TRACE] JdbcCoordinatorImpl - Registering last query statement [com.mysql.cj.jdbc.ClientPreparedStatement: /* select generatedAlias0 from Person as generatedAlias0 */ select person0_.id as id1_5_, person0_.created as created2_5_, person0_.updated as updated3_5_, person0_.version as version4_5_, person0_.first_name as first_na5_5_, person0_.last_name as last_nam6_5_ from person person0_]
2021-11-21T23:53:27,080|[TRACE] Loader - Bound [1] parameters total
2021-11-21T23:53:27,081|[TRACE] ResourceRegistryStandardImpl - Registering result set [com.mysql.cj.jdbc.result.ResultSetImpl@1eab0700]
2021-11-21T23:53:27,081|[TRACE] Loader - Processing result set
2021-11-21T23:53:27,081|[DEBUG] Loader - Result set row: 0
2021-11-21T23:53:27,081|[TRACE] BasicExtractor - extracted value ([id1_5_] : [INTEGER]) - [1]
2021-11-21T23:53:27,081|[DEBUG] Loader - Result row: EntityKey[bloodbank.entity.Person#1]
2021-11-21T23:53:27,081|[TRACE] Loader - Initializing object from ResultSet: [bloodbank.entity.Person#1]
2021-11-21T23:53:27,081|[TRACE] AbstractEntityPersister - Hydrating entity: [bloodbank.entity.Person#1]
2021-11-21T23:53:27,081|[TRACE] BasicExtractor - extracted value ([created2_5_] : [BIGINT]) - [1637556807066]
2021-11-21T23:53:27,081|[TRACE] BasicExtractor - extracted value ([updated3_5_] : [BIGINT]) - [1637556807066]
2021-11-21T23:53:27,081|[TRACE] BasicExtractor - extracted value ([version4_5_] : [INTEGER]) - [0]
2021-11-21T23:53:27,081|[TRACE] BasicExtractor - extracted value ([first_na5_5_] : [VARCHAR]) - [Herman]
2021-11-21T23:53:27,081|[TRACE] BasicExtractor - extracted value ([last_nam6_5_] : [VARCHAR]) - [Redona]
2021-11-21T23:53:27,081|[TRACE] TwoPhaseLoad - Version: 0
2021-11-21T23:53:27,081|[TRACE] Loader - Done processing result set (1 rows)
2021-11-21T23:53:27,081|[TRACE] Loader - Total objects hydrated: 1
2021-11-21T23:53:27,081|[DEBUG] TwoPhaseLoad - Resolving attributes for [bloodbank.entity.Person#1]
2021-11-21T23:53:27,081|[DEBUG] TwoPhaseLoad - Processing attribute `epochCreated` : value = 1637556807066
2021-11-21T23:53:27,081|[DEBUG] TwoPhaseLoad - Attribute (`epochCreated`)  - enhanced for lazy-loading? - false
2021-11-21T23:53:27,081|[DEBUG] TwoPhaseLoad - Processing attribute `epochUpdated` : value = 1637556807066
2021-11-21T23:53:27,081|[DEBUG] TwoPhaseLoad - Attribute (`epochUpdated`)  - enhanced for lazy-loading? - false
2021-11-21T23:53:27,081|[DEBUG] TwoPhaseLoad - Processing attribute `version` : value = 0
2021-11-21T23:53:27,081|[DEBUG] TwoPhaseLoad - Attribute (`version`)  - enhanced for lazy-loading? - false
2021-11-21T23:53:27,082|[DEBUG] TwoPhaseLoad - Processing attribute `contacts` : value = NOT NULL COLLECTION
2021-11-21T23:53:27,082|[DEBUG] TwoPhaseLoad - Attribute (`contacts`)  - enhanced for lazy-loading? - false
2021-11-21T23:53:27,082|[TRACE] CollectionType - Created collection wrapper: [bloodbank.entity.Person.contacts#1]
2021-11-21T23:53:27,082|[DEBUG] TwoPhaseLoad - Processing attribute `donations` : value = NOT NULL COLLECTION
2021-11-21T23:53:27,082|[DEBUG] TwoPhaseLoad - Attribute (`donations`)  - enhanced for lazy-loading? - false
2021-11-21T23:53:27,082|[TRACE] CollectionType - Created collection wrapper: [bloodbank.entity.Person.donations#1]
2021-11-21T23:53:27,082|[DEBUG] TwoPhaseLoad - Processing attribute `firstName` : value = Herman
2021-11-21T23:53:27,082|[DEBUG] TwoPhaseLoad - Attribute (`firstName`)  - enhanced for lazy-loading? - false
2021-11-21T23:53:27,082|[DEBUG] TwoPhaseLoad - Processing attribute `lastName` : value = Redona
2021-11-21T23:53:27,082|[DEBUG] TwoPhaseLoad - Attribute (`lastName`)  - enhanced for lazy-loading? - false
2021-11-21T23:53:27,082|[DEBUG] TwoPhaseLoad - Done materializing entity [bloodbank.entity.Person#1]
2021-11-21T23:53:27,082|[TRACE] ResourceRegistryStandardImpl - Releasing statement [com.mysql.cj.jdbc.ClientPreparedStatement: /* select generatedAlias0 from Person as generatedAlias0 */ select person0_.id as id1_5_, person0_.created as created2_5_, person0_.updated as updated3_5_, person0_.version as version4_5_, person0_.first_name as first_na5_5_, person0_.last_name as last_nam6_5_ from person person0_]
2021-11-21T23:53:27,082|[TRACE] ResourceRegistryStandardImpl - Closing result set [com.mysql.cj.jdbc.result.ResultSetImpl@1eab0700]
2021-11-21T23:53:27,082|[TRACE] ResourceRegistryStandardImpl - Closing prepared statement [com.mysql.cj.jdbc.ClientPreparedStatement: /* select generatedAlias0 from Person as generatedAlias0 */ select person0_.id as id1_5_, person0_.created as created2_5_, person0_.updated as updated3_5_, person0_.version as version4_5_, person0_.first_name as first_na5_5_, person0_.last_name as last_nam6_5_ from person person0_]
2021-11-21T23:53:27,082|[TRACE] JdbcCoordinatorImpl - Starting after statement execution processing [AFTER_TRANSACTION]
2021-11-21T23:53:27,082|[TRACE] StatefulPersistenceContext - Initializing non-lazy collections
2021-11-21T23:53:27,082|[TRACE] AbstractLogicalConnectionImplementor - LogicalConnection#afterTransaction
2021-11-21T23:53:27,082|[TRACE] ResourceRegistryStandardImpl - Releasing JDBC resources
2021-11-21T23:53:27,082|[DEBUG] LogicalConnectionManagedImpl - Initiating JDBC connection release from afterTransaction
2021-11-21T23:53:27,082|[TRACE] ResourceRegistryStandardImpl - Releasing JDBC resources
2021-11-21T23:53:27,082|[TRACE] SessionImpl - Closing session [52771852-de73-4b09-8c03-3c71d2559537]
2021-11-21T23:53:27,082|[TRACE] JdbcCoordinatorImpl - Closing JDBC container [org.hibernate.engine.jdbc.internal.JdbcCoordinatorImpl@47c356e]
2021-11-21T23:53:27,082|[TRACE] ResourceRegistryStandardImpl - Releasing JDBC resources
2021-11-21T23:53:27,082|[TRACE] LogicalConnectionManagedImpl - Closing logical connection
2021-11-21T23:53:27,082|[TRACE] LogicalConnectionManagedImpl - Logical connection closed
]]></system-out>
  </testcase>
  <testcase name="testUpdate" classname="bloodbank.entity.TestCRUDPersonOriginal" time="0.011">
    <system-out><![CDATA[2021-11-21T23:53:27,083|[TRACE] SessionFactoryImpl$SessionBuilderImpl - Opening Hibernate Session.  tenant=null
2021-11-21T23:53:27,083|[TRACE] SessionImpl - Opened Session [d095ea5e-2048-4b66-bb22-835cef4e6fb0] at timestamp: 1637556807083
2021-11-21T23:53:27,083|[DEBUG] TransactionImpl - On TransactionImpl creation, JpaCompliance#isJpaTransactionComplianceEnabled == false
2021-11-21T23:53:27,083|[DEBUG] CriteriaQueryImpl - Rendered criteria query -> select generatedAlias0 from Person as generatedAlias0 where generatedAlias0.firstName=:firstName
2021-11-21T23:53:27,083|[TRACE] QueryPlanCache - Unable to locate HQL query plan in cache; generating (select generatedAlias0 from Person as generatedAlias0 where generatedAlias0.firstName=:firstName)
2021-11-21T23:53:27,084|[DEBUG] QueryTranslatorImpl - parse() - HQL: select generatedAlias0 from bloodbank.entity.Person as generatedAlias0 where generatedAlias0.firstName=:firstName
2021-11-21T23:53:27,084|[TRACE] HqlParser - -> statement
2021-11-21T23:53:27,084|[TRACE] HqlParser - ---> selectStatement
2021-11-21T23:53:27,084|[TRACE] HqlParser - -----> queryRule
2021-11-21T23:53:27,084|[TRACE] HqlParser - -------> selectFrom
2021-11-21T23:53:27,084|[TRACE] HqlParser - ---------> selectClause
2021-11-21T23:53:27,084|[TRACE] HqlParser - -----------> selectedPropertiesList
2021-11-21T23:53:27,084|[TRACE] HqlParser - -------------> aliasedExpression
2021-11-21T23:53:27,084|[TRACE] HqlParser - ---------------> expression
2021-11-21T23:53:27,084|[TRACE] HqlParser - -----------------> logicalOrExpression
2021-11-21T23:53:27,084|[TRACE] HqlParser - -------------------> logicalAndExpression
2021-11-21T23:53:27,084|[TRACE] HqlParser - ---------------------> negatedExpression
2021-11-21T23:53:27,084|[TRACE] HqlParser - -----------------------> equalityExpression
2021-11-21T23:53:27,084|[TRACE] HqlParser - -------------------------> relationalExpression
2021-11-21T23:53:27,084|[TRACE] HqlParser - ---------------------------> concatenation
2021-11-21T23:53:27,084|[TRACE] HqlParser - -----------------------------> additiveExpression
2021-11-21T23:53:27,084|[TRACE] HqlParser - -------------------------------> multiplyExpression
2021-11-21T23:53:27,084|[TRACE] HqlParser - ---------------------------------> unaryExpression
2021-11-21T23:53:27,084|[TRACE] HqlParser - -----------------------------------> atom
2021-11-21T23:53:27,084|[TRACE] HqlParser - -------------------------------------> primaryExpression
2021-11-21T23:53:27,084|[TRACE] HqlParser - ---------------------------------------> identPrimary
2021-11-21T23:53:27,084|[TRACE] HqlParser - -----------------------------------------> identPrimaryBase
2021-11-21T23:53:27,084|[TRACE] HqlParser - -------------------------------------------> identifier
2021-11-21T23:53:27,084|[TRACE] HqlParser - <------------------------------------------- identifier
2021-11-21T23:53:27,084|[TRACE] HqlParser - <----------------------------------------- identPrimaryBase
2021-11-21T23:53:27,084|[TRACE] HqlParser - <--------------------------------------- identPrimary
2021-11-21T23:53:27,084|[TRACE] HqlParser - <------------------------------------- primaryExpression
2021-11-21T23:53:27,084|[TRACE] HqlParser - <----------------------------------- atom
2021-11-21T23:53:27,084|[TRACE] HqlParser - <--------------------------------- unaryExpression
2021-11-21T23:53:27,084|[TRACE] HqlParser - <------------------------------- multiplyExpression
2021-11-21T23:53:27,084|[TRACE] HqlParser - <----------------------------- additiveExpression
2021-11-21T23:53:27,084|[TRACE] HqlParser - <--------------------------- concatenation
2021-11-21T23:53:27,084|[TRACE] HqlParser - <------------------------- relationalExpression
2021-11-21T23:53:27,084|[TRACE] HqlParser - <----------------------- equalityExpression
2021-11-21T23:53:27,084|[TRACE] HqlParser - <--------------------- negatedExpression
2021-11-21T23:53:27,084|[TRACE] HqlParser - <------------------- logicalAndExpression
2021-11-21T23:53:27,084|[TRACE] HqlParser - <----------------- logicalOrExpression
2021-11-21T23:53:27,084|[TRACE] HqlParser - <--------------- expression
2021-11-21T23:53:27,084|[TRACE] HqlParser - <------------- aliasedExpression
2021-11-21T23:53:27,084|[TRACE] HqlParser - <----------- selectedPropertiesList
2021-11-21T23:53:27,084|[TRACE] HqlParser - <--------- selectClause
2021-11-21T23:53:27,084|[TRACE] HqlParser - ---------> fromClause
2021-11-21T23:53:27,084|[TRACE] HqlParser - -----------> fromRange
2021-11-21T23:53:27,084|[TRACE] HqlParser - -------------> fromClassOrOuterQueryPath
2021-11-21T23:53:27,084|[TRACE] HqlParser - ---------------> path
2021-11-21T23:53:27,084|[TRACE] HqlParser - -----------------> identifier
2021-11-21T23:53:27,084|[TRACE] HqlParser - <----------------- identifier
2021-11-21T23:53:27,084|[TRACE] HqlParser - -----------------> identifier
2021-11-21T23:53:27,084|[TRACE] HqlParser - <----------------- identifier
2021-11-21T23:53:27,084|[TRACE] HqlParser - -----------------> identifier
2021-11-21T23:53:27,084|[TRACE] HqlParser - <----------------- identifier
2021-11-21T23:53:27,084|[TRACE] HqlParser - <--------------- path
2021-11-21T23:53:27,084|[TRACE] HqlParser - ---------------> asAlias
2021-11-21T23:53:27,084|[TRACE] HqlParser - -----------------> alias
2021-11-21T23:53:27,084|[TRACE] HqlParser - -------------------> identifier
2021-11-21T23:53:27,084|[TRACE] HqlParser - <------------------- identifier
2021-11-21T23:53:27,084|[TRACE] HqlParser - <----------------- alias
2021-11-21T23:53:27,084|[TRACE] HqlParser - <--------------- asAlias
2021-11-21T23:53:27,084|[TRACE] HqlParser - <------------- fromClassOrOuterQueryPath
2021-11-21T23:53:27,084|[TRACE] HqlParser - <----------- fromRange
2021-11-21T23:53:27,084|[TRACE] HqlParser - <--------- fromClause
2021-11-21T23:53:27,084|[TRACE] HqlParser - <------- selectFrom
2021-11-21T23:53:27,084|[TRACE] HqlParser - -------> whereClause
2021-11-21T23:53:27,084|[TRACE] HqlParser - ---------> logicalExpression
2021-11-21T23:53:27,084|[TRACE] HqlParser - -----------> expression
2021-11-21T23:53:27,084|[TRACE] HqlParser - -------------> logicalOrExpression
2021-11-21T23:53:27,084|[TRACE] HqlParser - ---------------> logicalAndExpression
2021-11-21T23:53:27,084|[TRACE] HqlParser - -----------------> negatedExpression
2021-11-21T23:53:27,084|[TRACE] HqlParser - -------------------> equalityExpression
2021-11-21T23:53:27,084|[TRACE] HqlParser - ---------------------> relationalExpression
2021-11-21T23:53:27,084|[TRACE] HqlParser - -----------------------> concatenation
2021-11-21T23:53:27,084|[TRACE] HqlParser - -------------------------> additiveExpression
2021-11-21T23:53:27,084|[TRACE] HqlParser - ---------------------------> multiplyExpression
2021-11-21T23:53:27,084|[TRACE] HqlParser - -----------------------------> unaryExpression
2021-11-21T23:53:27,084|[TRACE] HqlParser - -------------------------------> atom
2021-11-21T23:53:27,084|[TRACE] HqlParser - ---------------------------------> primaryExpression
2021-11-21T23:53:27,084|[TRACE] HqlParser - -----------------------------------> identPrimary
2021-11-21T23:53:27,084|[TRACE] HqlParser - -------------------------------------> identPrimaryBase
2021-11-21T23:53:27,084|[TRACE] HqlParser - ---------------------------------------> identifier
2021-11-21T23:53:27,084|[TRACE] HqlParser - <--------------------------------------- identifier
2021-11-21T23:53:27,084|[TRACE] HqlParser - <------------------------------------- identPrimaryBase
2021-11-21T23:53:27,084|[TRACE] HqlParser - -------------------------------------> identifier
2021-11-21T23:53:27,084|[TRACE] HqlParser - <------------------------------------- identifier
2021-11-21T23:53:27,084|[TRACE] HqlParser - <----------------------------------- identPrimary
2021-11-21T23:53:27,084|[TRACE] HqlParser - <--------------------------------- primaryExpression
2021-11-21T23:53:27,084|[TRACE] HqlParser - <------------------------------- atom
2021-11-21T23:53:27,084|[TRACE] HqlParser - <----------------------------- unaryExpression
2021-11-21T23:53:27,084|[TRACE] HqlParser - <--------------------------- multiplyExpression
2021-11-21T23:53:27,084|[TRACE] HqlParser - <------------------------- additiveExpression
2021-11-21T23:53:27,084|[TRACE] HqlParser - <----------------------- concatenation
2021-11-21T23:53:27,084|[TRACE] HqlParser - <--------------------- relationalExpression
2021-11-21T23:53:27,084|[TRACE] HqlParser - ---------------------> relationalExpression
2021-11-21T23:53:27,084|[TRACE] HqlParser - -----------------------> concatenation
2021-11-21T23:53:27,084|[TRACE] HqlParser - -------------------------> additiveExpression
2021-11-21T23:53:27,084|[TRACE] HqlParser - ---------------------------> multiplyExpression
2021-11-21T23:53:27,084|[TRACE] HqlParser - -----------------------------> unaryExpression
2021-11-21T23:53:27,084|[TRACE] HqlParser - -------------------------------> atom
2021-11-21T23:53:27,084|[TRACE] HqlParser - ---------------------------------> primaryExpression
2021-11-21T23:53:27,084|[TRACE] HqlParser - -----------------------------------> parameter
2021-11-21T23:53:27,084|[TRACE] HqlParser - <----------------------------------- parameter
2021-11-21T23:53:27,084|[TRACE] HqlParser - <--------------------------------- primaryExpression
2021-11-21T23:53:27,084|[TRACE] HqlParser - <------------------------------- atom
2021-11-21T23:53:27,084|[TRACE] HqlParser - <----------------------------- unaryExpression
2021-11-21T23:53:27,084|[TRACE] HqlParser - <--------------------------- multiplyExpression
2021-11-21T23:53:27,084|[TRACE] HqlParser - <------------------------- additiveExpression
2021-11-21T23:53:27,084|[TRACE] HqlParser - <----------------------- concatenation
2021-11-21T23:53:27,084|[TRACE] HqlParser - <--------------------- relationalExpression
2021-11-21T23:53:27,084|[TRACE] HqlParser - <------------------- equalityExpression
2021-11-21T23:53:27,084|[TRACE] HqlParser - <----------------- negatedExpression
2021-11-21T23:53:27,084|[TRACE] HqlParser - <--------------- logicalAndExpression
2021-11-21T23:53:27,084|[TRACE] HqlParser - <------------- logicalOrExpression
2021-11-21T23:53:27,084|[TRACE] HqlParser - <----------- expression
2021-11-21T23:53:27,084|[TRACE] HqlParser - <--------- logicalExpression
2021-11-21T23:53:27,084|[TRACE] HqlParser - <------- whereClause
2021-11-21T23:53:27,084|[TRACE] HqlParser - <----- queryRule
2021-11-21T23:53:27,084|[TRACE] HqlParser - <--- selectStatement
2021-11-21T23:53:27,084|[TRACE] HqlParser - <- statement
2021-11-21T23:53:27,084|[DEBUG] ErrorTracker - throwQueryException() : no errors
2021-11-21T23:53:27,084|[DEBUG] QueryTranslatorImpl - --- HQL AST ---
 \-[QUERY] Node: 'query'
    +-[SELECT_FROM] Node: 'SELECT_FROM'
    |  +-[FROM] Node: 'from'
    |  |  \-[RANGE] Node: 'RANGE'
    |  |     +-[DOT] Node: '.'
    |  |     |  +-[DOT] Node: '.'
    |  |     |  |  +-[IDENT] Node: 'bloodbank'
    |  |     |  |  \-[IDENT] Node: 'entity'
    |  |     |  \-[IDENT] Node: 'Person'
    |  |     \-[ALIAS] Node: 'generatedAlias0'
    |  \-[SELECT] Node: 'select'
    |     \-[IDENT] Node: 'generatedAlias0'
    \-[WHERE] Node: 'where'
       \-[EQ] Node: '='
          +-[DOT] Node: '.'
          |  +-[IDENT] Node: 'generatedAlias0'
          |  \-[IDENT] Node: 'firstName'
          \-[COLON] Node: ':'
             \-[IDENT] Node: 'firstName'

2021-11-21T23:53:27,084|[DEBUG] HqlSqlBaseWalker - select << begin [level=1, statement=select]
2021-11-21T23:53:27,084|[DEBUG] FromElement - FromClause{level=1} : bloodbank.entity.Person (generatedAlias0) -> person0_
2021-11-21T23:53:27,085|[DEBUG] FromReferenceNode - Resolved : generatedAlias0 -> person0_.id
2021-11-21T23:53:27,085|[DEBUG] FromReferenceNode - Resolved : generatedAlias0 -> person0_.id
2021-11-21T23:53:27,085|[TRACE] FromElement - Handling property dereference [bloodbank.entity.Person (generatedAlias0) -> firstName (class)]
2021-11-21T23:53:27,085|[DEBUG] DotNode - getDataType() : firstName -> org.hibernate.type.StringType@795fd838
2021-11-21T23:53:27,085|[DEBUG] FromReferenceNode - Resolved : generatedAlias0.firstName -> person0_.first_name
2021-11-21T23:53:27,085|[DEBUG] HqlSqlBaseWalker - select : finishing up [level=1, statement=select]
2021-11-21T23:53:27,085|[DEBUG] HqlSqlWalker - processQuery() :  ( SELECT ( {select clause} person0_.id ) ( FromClause{level=1} person person0_ ) ( where ( = ( person0_.first_name person0_.id firstName ) ? ) ) )
2021-11-21T23:53:27,085|[DEBUG] JoinProcessor - Tables referenced from query nodes:
 \-QueryNode
    +-SelectClause
    | referencedTables(entity Person): [person]
    |  +-IdentNode
    |  | persister: SingleTableEntityPersister(bloodbank.entity.Person)
    |  | originalText: generatedAlias0
    |  \-SqlFragment
    +-FromClause
    |  \-FromElement
    \-SqlNode
       \-BinaryLogicOperatorNode
          +-DotNode
          | persister: SingleTableEntityPersister(bloodbank.entity.Person)
          | path: generatedAlias0.firstName
          |  +-IdentNode
          |  | persister: SingleTableEntityPersister(bloodbank.entity.Person)
          |  | originalText: generatedAlias0
          |  \-IdentNode
          |    persister: null
          |    originalText: firstName
          \-ParameterNode

2021-11-21T23:53:27,085|[DEBUG] JoinProcessor - Using FROM fragment [person person0_]
2021-11-21T23:53:27,085|[DEBUG] HqlSqlBaseWalker - select >> end [level=1, statement=select]
2021-11-21T23:53:27,085|[DEBUG] QueryTranslatorImpl - --- SQL AST ---
 \-[SELECT] QueryNode: 'SELECT'  querySpaces (person)
    +-[SELECT_CLAUSE] SelectClause: '{select clause}'
    |  +-[ALIAS_REF] IdentNode: 'person0_.id as id1_5_' {alias=generatedAlias0, className=bloodbank.entity.Person, tableAlias=person0_}
    |  \-[SQL_TOKEN] SqlFragment: 'person0_.created as created2_5_, person0_.updated as updated3_5_, person0_.version as version4_5_, person0_.first_name as first_na5_5_, person0_.last_name as last_nam6_5_'
    +-[FROM] FromClause: 'from' FromClause{level=1, fromElementCounter=1, fromElements=1, fromElementByClassAlias=[generatedAlias0], fromElementByTableAlias=[person0_], fromElementsByPath=[], collectionJoinFromElementsByPath=[], impliedElements=[]}
    |  \-[FROM_FRAGMENT] FromElement: 'person person0_' FromElement{explicit,not a collection join,not a fetch join,fetch non-lazy properties,classAlias=generatedAlias0,role=null,tableName=person,tableAlias=person0_,origin=null,columns={,className=bloodbank.entity.Person}}
    \-[WHERE] SqlNode: 'where'
       \-[EQ] BinaryLogicOperatorNode: '='
          +-[DOT] DotNode: 'person0_.first_name' {propertyName=firstName,dereferenceType=PRIMITIVE,getPropertyPath=firstName,path=generatedAlias0.firstName,tableAlias=person0_,className=bloodbank.entity.Person,classAlias=generatedAlias0}
          |  +-[ALIAS_REF] IdentNode: 'person0_.id' {alias=generatedAlias0, className=bloodbank.entity.Person, tableAlias=person0_}
          |  \-[IDENT] IdentNode: 'firstName' {originalText=firstName}
          \-[NAMED_PARAM] ParameterNode: '?' {name=firstName, expectedType=org.hibernate.type.StringType@795fd838}

2021-11-21T23:53:27,085|[DEBUG] ErrorTracker - throwQueryException() : no errors
2021-11-21T23:53:27,085|[DEBUG] QueryTranslatorImpl - HQL: select generatedAlias0 from bloodbank.entity.Person as generatedAlias0 where generatedAlias0.firstName=:firstName
2021-11-21T23:53:27,085|[DEBUG] QueryTranslatorImpl - SQL: select person0_.id as id1_5_, person0_.created as created2_5_, person0_.updated as updated3_5_, person0_.version as version4_5_, person0_.first_name as first_na5_5_, person0_.last_name as last_nam6_5_ from person person0_ where person0_.first_name=?
2021-11-21T23:53:27,085|[DEBUG] ErrorTracker - throwQueryException() : no errors
2021-11-21T23:53:27,085|[TRACE] QueryPlanCache - Located HQL query plan in cache (select generatedAlias0 from Person as generatedAlias0 where generatedAlias0.firstName=:firstName)
2021-11-21T23:53:27,085|[TRACE] QueryPlanCache - Located HQL query plan in cache (select generatedAlias0 from Person as generatedAlias0 where generatedAlias0.firstName=:firstName)
2021-11-21T23:53:27,085|[TRACE] HQLQueryPlan - Find: select generatedAlias0 from Person as generatedAlias0 where generatedAlias0.firstName=:firstName
2021-11-21T23:53:27,085|[TRACE] QueryParameters - Named parameters: {firstName=Herman}
2021-11-21T23:53:27,086|[DEBUG] SQL - 
    /* select
        generatedAlias0 
    from
        Person as generatedAlias0 
    where
        generatedAlias0.firstName=:firstName */ select
            person0_.id as id1_5_,
            person0_.created as created2_5_,
            person0_.updated as updated3_5_,
            person0_.version as version4_5_,
            person0_.first_name as first_na5_5_,
            person0_.last_name as last_nam6_5_ 
        from
            person person0_ 
        where
            person0_.first_name=?
2021-11-21T23:53:27,086|[TRACE] ResourceRegistryStandardImpl - Registering statement [com.mysql.cj.jdbc.ClientPreparedStatement: /* select generatedAlias0 from Person as generatedAlias0 where generatedAlias0.firstName=:firstName */ select person0_.id as id1_5_, person0_.created as created2_5_, person0_.updated as updated3_5_, person0_.version as version4_5_, person0_.first_name as first_na5_5_, person0_.last_name as last_nam6_5_ from person person0_ where person0_.first_name=** NOT SPECIFIED **]
2021-11-21T23:53:27,086|[TRACE] JdbcCoordinatorImpl - Registering last query statement [com.mysql.cj.jdbc.ClientPreparedStatement: /* select generatedAlias0 from Person as generatedAlias0 where generatedAlias0.firstName=:firstName */ select person0_.id as id1_5_, person0_.created as created2_5_, person0_.updated as updated3_5_, person0_.version as version4_5_, person0_.first_name as first_na5_5_, person0_.last_name as last_nam6_5_ from person person0_ where person0_.first_name=** NOT SPECIFIED **]
2021-11-21T23:53:27,086|[TRACE] BasicBinder - binding parameter [1] as [VARCHAR] - [Herman]
2021-11-21T23:53:27,086|[TRACE] Loader - Bound [2] parameters total
2021-11-21T23:53:27,087|[TRACE] ResourceRegistryStandardImpl - Registering result set [com.mysql.cj.jdbc.result.ResultSetImpl@478fe415]
2021-11-21T23:53:27,087|[TRACE] Loader - Processing result set
2021-11-21T23:53:27,087|[DEBUG] Loader - Result set row: 0
2021-11-21T23:53:27,087|[TRACE] BasicExtractor - extracted value ([id1_5_] : [INTEGER]) - [1]
2021-11-21T23:53:27,087|[DEBUG] Loader - Result row: EntityKey[bloodbank.entity.Person#1]
2021-11-21T23:53:27,087|[TRACE] Loader - Initializing object from ResultSet: [bloodbank.entity.Person#1]
2021-11-21T23:53:27,087|[TRACE] AbstractEntityPersister - Hydrating entity: [bloodbank.entity.Person#1]
2021-11-21T23:53:27,087|[TRACE] BasicExtractor - extracted value ([created2_5_] : [BIGINT]) - [1637556807066]
2021-11-21T23:53:27,087|[TRACE] BasicExtractor - extracted value ([updated3_5_] : [BIGINT]) - [1637556807066]
2021-11-21T23:53:27,087|[TRACE] BasicExtractor - extracted value ([version4_5_] : [INTEGER]) - [0]
2021-11-21T23:53:27,087|[TRACE] BasicExtractor - extracted value ([first_na5_5_] : [VARCHAR]) - [Herman]
2021-11-21T23:53:27,087|[TRACE] BasicExtractor - extracted value ([last_nam6_5_] : [VARCHAR]) - [Redona]
2021-11-21T23:53:27,087|[TRACE] TwoPhaseLoad - Version: 0
2021-11-21T23:53:27,087|[TRACE] Loader - Done processing result set (1 rows)
2021-11-21T23:53:27,087|[TRACE] Loader - Total objects hydrated: 1
2021-11-21T23:53:27,087|[DEBUG] TwoPhaseLoad - Resolving attributes for [bloodbank.entity.Person#1]
2021-11-21T23:53:27,087|[DEBUG] TwoPhaseLoad - Processing attribute `epochCreated` : value = 1637556807066
2021-11-21T23:53:27,087|[DEBUG] TwoPhaseLoad - Attribute (`epochCreated`)  - enhanced for lazy-loading? - false
2021-11-21T23:53:27,087|[DEBUG] TwoPhaseLoad - Processing attribute `epochUpdated` : value = 1637556807066
2021-11-21T23:53:27,087|[DEBUG] TwoPhaseLoad - Attribute (`epochUpdated`)  - enhanced for lazy-loading? - false
2021-11-21T23:53:27,087|[DEBUG] TwoPhaseLoad - Processing attribute `version` : value = 0
2021-11-21T23:53:27,087|[DEBUG] TwoPhaseLoad - Attribute (`version`)  - enhanced for lazy-loading? - false
2021-11-21T23:53:27,087|[DEBUG] TwoPhaseLoad - Processing attribute `contacts` : value = NOT NULL COLLECTION
2021-11-21T23:53:27,087|[DEBUG] TwoPhaseLoad - Attribute (`contacts`)  - enhanced for lazy-loading? - false
2021-11-21T23:53:27,087|[TRACE] CollectionType - Created collection wrapper: [bloodbank.entity.Person.contacts#1]
2021-11-21T23:53:27,087|[DEBUG] TwoPhaseLoad - Processing attribute `donations` : value = NOT NULL COLLECTION
2021-11-21T23:53:27,087|[DEBUG] TwoPhaseLoad - Attribute (`donations`)  - enhanced for lazy-loading? - false
2021-11-21T23:53:27,087|[TRACE] CollectionType - Created collection wrapper: [bloodbank.entity.Person.donations#1]
2021-11-21T23:53:27,087|[DEBUG] TwoPhaseLoad - Processing attribute `firstName` : value = Herman
2021-11-21T23:53:27,087|[DEBUG] TwoPhaseLoad - Attribute (`firstName`)  - enhanced for lazy-loading? - false
2021-11-21T23:53:27,087|[DEBUG] TwoPhaseLoad - Processing attribute `lastName` : value = Redona
2021-11-21T23:53:27,088|[DEBUG] TwoPhaseLoad - Attribute (`lastName`)  - enhanced for lazy-loading? - false
2021-11-21T23:53:27,088|[DEBUG] TwoPhaseLoad - Done materializing entity [bloodbank.entity.Person#1]
2021-11-21T23:53:27,088|[TRACE] ResourceRegistryStandardImpl - Releasing statement [com.mysql.cj.jdbc.ClientPreparedStatement: /* select generatedAlias0 from Person as generatedAlias0 where generatedAlias0.firstName=:firstName */ select person0_.id as id1_5_, person0_.created as created2_5_, person0_.updated as updated3_5_, person0_.version as version4_5_, person0_.first_name as first_na5_5_, person0_.last_name as last_nam6_5_ from person person0_ where person0_.first_name='Herman']
2021-11-21T23:53:27,088|[TRACE] ResourceRegistryStandardImpl - Closing result set [com.mysql.cj.jdbc.result.ResultSetImpl@478fe415]
2021-11-21T23:53:27,088|[TRACE] ResourceRegistryStandardImpl - Closing prepared statement [com.mysql.cj.jdbc.ClientPreparedStatement: /* select generatedAlias0 from Person as generatedAlias0 where generatedAlias0.firstName=:firstName */ select person0_.id as id1_5_, person0_.created as created2_5_, person0_.updated as updated3_5_, person0_.version as version4_5_, person0_.first_name as first_na5_5_, person0_.last_name as last_nam6_5_ from person person0_ where person0_.first_name='Herman']
2021-11-21T23:53:27,088|[TRACE] JdbcCoordinatorImpl - Starting after statement execution processing [AFTER_TRANSACTION]
2021-11-21T23:53:27,088|[TRACE] StatefulPersistenceContext - Initializing non-lazy collections
2021-11-21T23:53:27,088|[TRACE] AbstractLogicalConnectionImplementor - LogicalConnection#afterTransaction
2021-11-21T23:53:27,088|[TRACE] ResourceRegistryStandardImpl - Releasing JDBC resources
2021-11-21T23:53:27,088|[DEBUG] LogicalConnectionManagedImpl - Initiating JDBC connection release from afterTransaction
2021-11-21T23:53:27,088|[TRACE] ResourceRegistryStandardImpl - Releasing JDBC resources
2021-11-21T23:53:27,088|[DEBUG] TransactionImpl - begin
2021-11-21T23:53:27,088|[TRACE] AbstractLogicalConnectionImplementor - Preparing to begin transaction via JDBC Connection.setAutoCommit(false)
2021-11-21T23:53:27,088|[TRACE] AbstractLogicalConnectionImplementor - Transaction begun via JDBC Connection.setAutoCommit(false)
2021-11-21T23:53:27,088|[TRACE] JdbcResourceLocalTransactionCoordinatorImpl - ResourceLocalTransactionCoordinatorImpl#afterBeginCallback
2021-11-21T23:53:27,088|[TRACE] AbstractServiceRegistryImpl - Initializing service [role=org.hibernate.event.spi.EntityCopyObserverFactory]
2021-11-21T23:53:27,088|[DEBUG] EntityCopyObserverFactoryInitiator - Configured EntityCopyObserver strategy: disallow
2021-11-21T23:53:27,088|[TRACE] EntityState - Persistent instance of: bloodbank.entity.Person
2021-11-21T23:53:27,088|[TRACE] DefaultMergeEventListener - Ignoring persistent instance
2021-11-21T23:53:27,088|[TRACE] Cascade - Processing cascade ACTION_MERGE for: bloodbank.entity.Person
2021-11-21T23:53:27,088|[TRACE] Cascade - Cascade ACTION_MERGE for collection: bloodbank.entity.Person.contacts
2021-11-21T23:53:27,088|[TRACE] Cascade - Done cascade ACTION_MERGE for collection: bloodbank.entity.Person.contacts
2021-11-21T23:53:27,088|[TRACE] Cascade - Cascade ACTION_MERGE for collection: bloodbank.entity.Person.donations
2021-11-21T23:53:27,088|[TRACE] Cascade - Done cascade ACTION_MERGE for collection: bloodbank.entity.Person.donations
2021-11-21T23:53:27,088|[TRACE] Cascade - Done processing cascade ACTION_MERGE for: bloodbank.entity.Person
2021-11-21T23:53:27,088|[DEBUG] TransactionImpl - committing
2021-11-21T23:53:27,088|[TRACE] JdbcResourceLocalTransactionCoordinatorImpl - ResourceLocalTransactionCoordinatorImpl#beforeCompletionCallback
2021-11-21T23:53:27,088|[TRACE] SessionImpl - SessionImpl#beforeTransactionCompletion()
2021-11-21T23:53:27,088|[TRACE] SessionImpl - Automatically flushing session
2021-11-21T23:53:27,088|[TRACE] AbstractFlushingEventListener - Flushing session
2021-11-21T23:53:27,088|[DEBUG] AbstractFlushingEventListener - Processing flush-time cascades
2021-11-21T23:53:27,088|[TRACE] Cascade - Processing cascade ACTION_PERSIST_ON_FLUSH for: bloodbank.entity.Person
2021-11-21T23:53:27,088|[TRACE] Cascade - Cascade ACTION_PERSIST_ON_FLUSH for collection: bloodbank.entity.Person.contacts
2021-11-21T23:53:27,088|[TRACE] Cascade - Done cascade ACTION_PERSIST_ON_FLUSH for collection: bloodbank.entity.Person.contacts
2021-11-21T23:53:27,088|[TRACE] Cascade - Cascade ACTION_PERSIST_ON_FLUSH for collection: bloodbank.entity.Person.donations
2021-11-21T23:53:27,088|[TRACE] Cascade - Done cascade ACTION_PERSIST_ON_FLUSH for collection: bloodbank.entity.Person.donations
2021-11-21T23:53:27,088|[TRACE] Cascade - Done processing cascade ACTION_PERSIST_ON_FLUSH for: bloodbank.entity.Person
2021-11-21T23:53:27,088|[DEBUG] AbstractFlushingEventListener - Dirty checking collections
2021-11-21T23:53:27,088|[TRACE] AbstractFlushingEventListener - Flushing entities and processing referenced collections
2021-11-21T23:53:27,088|[TRACE] AbstractEntityPersister - bloodbank.entity.Person.lastName is dirty
2021-11-21T23:53:27,088|[TRACE] DefaultFlushEntityEventListener - Found dirty properties [[bloodbank.entity.Person#1]] : [lastName]
2021-11-21T23:53:27,088|[TRACE] DefaultFlushEntityEventListener - Updating entity: [bloodbank.entity.Person#1]
2021-11-21T23:53:27,089|[TRACE] AbstractEntityPersister - bloodbank.entity.Person.epochCreated is dirty
2021-11-21T23:53:27,089|[TRACE] AbstractEntityPersister - bloodbank.entity.Person.lastName is dirty
2021-11-21T23:53:27,089|[TRACE] DefaultFlushEntityEventListener - Found dirty properties [[bloodbank.entity.Person#1]] : [epochCreated, lastName]
2021-11-21T23:53:27,089|[TRACE] Versioning - Incrementing: 0 to 1
2021-11-21T23:53:27,089|[DEBUG] Collections - Collection found: [bloodbank.entity.Person.contacts#1], was: [bloodbank.entity.Person.contacts#1] (uninitialized)
2021-11-21T23:53:27,089|[DEBUG] Collections - Collection found: [bloodbank.entity.Person.donations#1], was: [bloodbank.entity.Person.donations#1] (uninitialized)
2021-11-21T23:53:27,089|[TRACE] AbstractFlushingEventListener - Processing unreferenced collections
2021-11-21T23:53:27,089|[TRACE] AbstractFlushingEventListener - Scheduling collection removes/(re)creates/updates
2021-11-21T23:53:27,089|[DEBUG] AbstractFlushingEventListener - Flushed: 0 insertions, 1 updates, 0 deletions to 1 objects
2021-11-21T23:53:27,089|[DEBUG] AbstractFlushingEventListener - Flushed: 0 (re)creations, 0 updates, 0 removals to 2 collections
2021-11-21T23:53:27,089|[DEBUG] EntityPrinter - Listing entities:
2021-11-21T23:53:27,089|[DEBUG] EntityPrinter - bloodbank.entity.Person{firstName=Herman, lastName=Rivera, donations=<uninitialized>, id=1, epochCreated=1637556807088, version=1, contacts=<uninitialized>, epochUpdated=1637556807066}
2021-11-21T23:53:27,089|[TRACE] AbstractFlushingEventListener - Executing flush
2021-11-21T23:53:27,089|[TRACE] AbstractEntityPersister - Updating entity: [bloodbank.entity.Person#1]
2021-11-21T23:53:27,089|[TRACE] AbstractEntityPersister - Existing version: 0 -> New version:1
2021-11-21T23:53:27,089|[DEBUG] SQL - 
    /* update
        bloodbank.entity.Person */ update
            person 
        set
            created=?,
            updated=?,
            version=?,
            first_name=?,
            last_name=? 
        where
            id=? 
            and version=?
2021-11-21T23:53:27,089|[TRACE] ResourceRegistryStandardImpl - Registering statement [com.mysql.cj.jdbc.ClientPreparedStatement: /* update bloodbank.entity.Person */ update person set created=** NOT SPECIFIED **, updated=** NOT SPECIFIED **, version=** NOT SPECIFIED **, first_name=** NOT SPECIFIED **, last_name=** NOT SPECIFIED ** where id=** NOT SPECIFIED ** and version=** NOT SPECIFIED **]
2021-11-21T23:53:27,089|[TRACE] AbstractEntityPersister - Dehydrating entity: [bloodbank.entity.Person#1]
2021-11-21T23:53:27,089|[TRACE] BasicBinder - binding parameter [1] as [BIGINT] - [1637556807088]
2021-11-21T23:53:27,089|[TRACE] BasicBinder - binding parameter [2] as [BIGINT] - [1637556807066]
2021-11-21T23:53:27,089|[TRACE] BasicBinder - binding parameter [3] as [INTEGER] - [1]
2021-11-21T23:53:27,089|[TRACE] BasicBinder - binding parameter [4] as [VARCHAR] - [Herman]
2021-11-21T23:53:27,089|[TRACE] BasicBinder - binding parameter [5] as [VARCHAR] - [Rivera]
2021-11-21T23:53:27,089|[TRACE] BasicBinder - binding parameter [6] as [INTEGER] - [1]
2021-11-21T23:53:27,089|[TRACE] BasicBinder - binding parameter [7] as [INTEGER] - [0]
2021-11-21T23:53:27,090|[TRACE] ResourceRegistryStandardImpl - Releasing statement [com.mysql.cj.jdbc.ClientPreparedStatement: /* update bloodbank.entity.Person */ update person set created=1637556807088, updated=1637556807066, version=1, first_name='Herman', last_name='Rivera' where id=1 and version=0]
2021-11-21T23:53:27,090|[TRACE] ResourceRegistryStandardImpl - Closing prepared statement [com.mysql.cj.jdbc.ClientPreparedStatement: /* update bloodbank.entity.Person */ update person set created=1637556807088, updated=1637556807066, version=1, first_name='Herman', last_name='Rivera' where id=1 and version=0]
2021-11-21T23:53:27,090|[TRACE] JdbcCoordinatorImpl - Starting after statement execution processing [AFTER_TRANSACTION]
2021-11-21T23:53:27,090|[TRACE] JdbcCoordinatorImpl - Starting after statement execution processing [AFTER_TRANSACTION]
2021-11-21T23:53:27,090|[TRACE] AbstractFlushingEventListener - Post flush
2021-11-21T23:53:27,090|[TRACE] AbstractLogicalConnectionImplementor - LogicalConnection#beforeTransactionCompletion
2021-11-21T23:53:27,090|[TRACE] SynchronizationRegistryStandardImpl - SynchronizationRegistryStandardImpl.notifySynchronizationsBeforeTransactionCompletion
2021-11-21T23:53:27,090|[TRACE] AbstractLogicalConnectionImplementor - Preparing to commit transaction via JDBC Connection.commit()
2021-11-21T23:53:27,092|[TRACE] AbstractLogicalConnectionImplementor - Transaction committed via JDBC Connection.commit()
2021-11-21T23:53:27,092|[TRACE] AbstractLogicalConnectionImplementor - LogicalConnection#afterTransaction
2021-11-21T23:53:27,092|[TRACE] ResourceRegistryStandardImpl - Releasing JDBC resources
2021-11-21T23:53:27,092|[DEBUG] LogicalConnectionManagedImpl - Initiating JDBC connection release from afterTransaction
2021-11-21T23:53:27,092|[TRACE] ResourceRegistryStandardImpl - Releasing JDBC resources
2021-11-21T23:53:27,092|[TRACE] JdbcResourceLocalTransactionCoordinatorImpl - ResourceLocalTransactionCoordinatorImpl#afterCompletionCallback(true)
2021-11-21T23:53:27,092|[TRACE] SynchronizationRegistryStandardImpl - SynchronizationRegistryStandardImpl.notifySynchronizationsAfterTransactionCompletion(3)
2021-11-21T23:53:27,092|[TRACE] AbstractLogicalConnectionImplementor - LogicalConnection#afterTransaction
2021-11-21T23:53:27,092|[TRACE] ResourceRegistryStandardImpl - Releasing JDBC resources
2021-11-21T23:53:27,092|[DEBUG] LogicalConnectionManagedImpl - Initiating JDBC connection release from afterTransaction
2021-11-21T23:53:27,092|[TRACE] SessionImpl - SessionImpl#afterTransactionCompletion(successful=true, delayed=false)
2021-11-21T23:53:27,092|[TRACE] QueryPlanCache - Located HQL query plan in cache (select generatedAlias0 from Person as generatedAlias0 where generatedAlias0.firstName=:firstName)
2021-11-21T23:53:27,092|[TRACE] HQLQueryPlan - Find: select generatedAlias0 from Person as generatedAlias0 where generatedAlias0.firstName=:firstName
2021-11-21T23:53:27,092|[TRACE] QueryParameters - Named parameters: {firstName=Herman}
2021-11-21T23:53:27,092|[DEBUG] SQL - 
    /* select
        generatedAlias0 
    from
        Person as generatedAlias0 
    where
        generatedAlias0.firstName=:firstName */ select
            person0_.id as id1_5_,
            person0_.created as created2_5_,
            person0_.updated as updated3_5_,
            person0_.version as version4_5_,
            person0_.first_name as first_na5_5_,
            person0_.last_name as last_nam6_5_ 
        from
            person person0_ 
        where
            person0_.first_name=?
2021-11-21T23:53:27,092|[TRACE] ResourceRegistryStandardImpl - Registering statement [com.mysql.cj.jdbc.ClientPreparedStatement: /* select generatedAlias0 from Person as generatedAlias0 where generatedAlias0.firstName=:firstName */ select person0_.id as id1_5_, person0_.created as created2_5_, person0_.updated as updated3_5_, person0_.version as version4_5_, person0_.first_name as first_na5_5_, person0_.last_name as last_nam6_5_ from person person0_ where person0_.first_name=** NOT SPECIFIED **]
2021-11-21T23:53:27,092|[TRACE] JdbcCoordinatorImpl - Registering last query statement [com.mysql.cj.jdbc.ClientPreparedStatement: /* select generatedAlias0 from Person as generatedAlias0 where generatedAlias0.firstName=:firstName */ select person0_.id as id1_5_, person0_.created as created2_5_, person0_.updated as updated3_5_, person0_.version as version4_5_, person0_.first_name as first_na5_5_, person0_.last_name as last_nam6_5_ from person person0_ where person0_.first_name=** NOT SPECIFIED **]
2021-11-21T23:53:27,092|[TRACE] BasicBinder - binding parameter [1] as [VARCHAR] - [Herman]
2021-11-21T23:53:27,092|[TRACE] Loader - Bound [2] parameters total
2021-11-21T23:53:27,093|[TRACE] ResourceRegistryStandardImpl - Registering result set [com.mysql.cj.jdbc.result.ResultSetImpl@32a074ed]
2021-11-21T23:53:27,093|[TRACE] Loader - Processing result set
2021-11-21T23:53:27,093|[DEBUG] Loader - Result set row: 0
2021-11-21T23:53:27,093|[TRACE] BasicExtractor - extracted value ([id1_5_] : [INTEGER]) - [1]
2021-11-21T23:53:27,093|[DEBUG] Loader - Result row: EntityKey[bloodbank.entity.Person#1]
2021-11-21T23:53:27,093|[TRACE] Loader - Done processing result set (1 rows)
2021-11-21T23:53:27,093|[TRACE] Loader - Total objects hydrated: 0
2021-11-21T23:53:27,093|[TRACE] ResourceRegistryStandardImpl - Releasing statement [com.mysql.cj.jdbc.ClientPreparedStatement: /* select generatedAlias0 from Person as generatedAlias0 where generatedAlias0.firstName=:firstName */ select person0_.id as id1_5_, person0_.created as created2_5_, person0_.updated as updated3_5_, person0_.version as version4_5_, person0_.first_name as first_na5_5_, person0_.last_name as last_nam6_5_ from person person0_ where person0_.first_name='Herman']
2021-11-21T23:53:27,093|[TRACE] ResourceRegistryStandardImpl - Closing result set [com.mysql.cj.jdbc.result.ResultSetImpl@32a074ed]
2021-11-21T23:53:27,093|[TRACE] ResourceRegistryStandardImpl - Closing prepared statement [com.mysql.cj.jdbc.ClientPreparedStatement: /* select generatedAlias0 from Person as generatedAlias0 where generatedAlias0.firstName=:firstName */ select person0_.id as id1_5_, person0_.created as created2_5_, person0_.updated as updated3_5_, person0_.version as version4_5_, person0_.first_name as first_na5_5_, person0_.last_name as last_nam6_5_ from person person0_ where person0_.first_name='Herman']
2021-11-21T23:53:27,093|[TRACE] JdbcCoordinatorImpl - Starting after statement execution processing [AFTER_TRANSACTION]
2021-11-21T23:53:27,093|[TRACE] StatefulPersistenceContext - Initializing non-lazy collections
2021-11-21T23:53:27,093|[TRACE] AbstractLogicalConnectionImplementor - LogicalConnection#afterTransaction
2021-11-21T23:53:27,093|[TRACE] ResourceRegistryStandardImpl - Releasing JDBC resources
2021-11-21T23:53:27,093|[DEBUG] LogicalConnectionManagedImpl - Initiating JDBC connection release from afterTransaction
2021-11-21T23:53:27,093|[TRACE] ResourceRegistryStandardImpl - Releasing JDBC resources
2021-11-21T23:53:27,093|[TRACE] SessionImpl - Closing session [d095ea5e-2048-4b66-bb22-835cef4e6fb0]
2021-11-21T23:53:27,093|[TRACE] JdbcCoordinatorImpl - Closing JDBC container [org.hibernate.engine.jdbc.internal.JdbcCoordinatorImpl@673605ef]
2021-11-21T23:53:27,093|[TRACE] ResourceRegistryStandardImpl - Releasing JDBC resources
2021-11-21T23:53:27,093|[TRACE] LogicalConnectionManagedImpl - Closing logical connection
2021-11-21T23:53:27,093|[TRACE] LogicalConnectionManagedImpl - Logical connection closed
]]></system-out>
  </testcase>
  <testcase name="testDelete" classname="bloodbank.entity.TestCRUDPersonOriginal" time="0.009">
    <system-out><![CDATA[2021-11-21T23:53:27,094|[TRACE] SessionFactoryImpl$SessionBuilderImpl - Opening Hibernate Session.  tenant=null
2021-11-21T23:53:27,094|[TRACE] SessionImpl - Opened Session [9cea1df7-1292-4d50-9996-c016de063543] at timestamp: 1637556807094
2021-11-21T23:53:27,094|[DEBUG] TransactionImpl - On TransactionImpl creation, JpaCompliance#isJpaTransactionComplianceEnabled == false
2021-11-21T23:53:27,094|[DEBUG] CriteriaQueryImpl - Rendered criteria query -> select generatedAlias0 from Person as generatedAlias0 where generatedAlias0.firstName=:firstName
2021-11-21T23:53:27,095|[TRACE] QueryPlanCache - Located HQL query plan in cache (select generatedAlias0 from Person as generatedAlias0 where generatedAlias0.firstName=:firstName)
2021-11-21T23:53:27,095|[TRACE] QueryPlanCache - Located HQL query plan in cache (select generatedAlias0 from Person as generatedAlias0 where generatedAlias0.firstName=:firstName)
2021-11-21T23:53:27,095|[TRACE] QueryPlanCache - Located HQL query plan in cache (select generatedAlias0 from Person as generatedAlias0 where generatedAlias0.firstName=:firstName)
2021-11-21T23:53:27,095|[TRACE] HQLQueryPlan - Find: select generatedAlias0 from Person as generatedAlias0 where generatedAlias0.firstName=:firstName
2021-11-21T23:53:27,095|[TRACE] QueryParameters - Named parameters: {firstName=Herman}
2021-11-21T23:53:27,095|[DEBUG] SQL - 
    /* select
        generatedAlias0 
    from
        Person as generatedAlias0 
    where
        generatedAlias0.firstName=:firstName */ select
            person0_.id as id1_5_,
            person0_.created as created2_5_,
            person0_.updated as updated3_5_,
            person0_.version as version4_5_,
            person0_.first_name as first_na5_5_,
            person0_.last_name as last_nam6_5_ 
        from
            person person0_ 
        where
            person0_.first_name=?
2021-11-21T23:53:27,095|[TRACE] ResourceRegistryStandardImpl - Registering statement [com.mysql.cj.jdbc.ClientPreparedStatement: /* select generatedAlias0 from Person as generatedAlias0 where generatedAlias0.firstName=:firstName */ select person0_.id as id1_5_, person0_.created as created2_5_, person0_.updated as updated3_5_, person0_.version as version4_5_, person0_.first_name as first_na5_5_, person0_.last_name as last_nam6_5_ from person person0_ where person0_.first_name=** NOT SPECIFIED **]
2021-11-21T23:53:27,095|[TRACE] JdbcCoordinatorImpl - Registering last query statement [com.mysql.cj.jdbc.ClientPreparedStatement: /* select generatedAlias0 from Person as generatedAlias0 where generatedAlias0.firstName=:firstName */ select person0_.id as id1_5_, person0_.created as created2_5_, person0_.updated as updated3_5_, person0_.version as version4_5_, person0_.first_name as first_na5_5_, person0_.last_name as last_nam6_5_ from person person0_ where person0_.first_name=** NOT SPECIFIED **]
2021-11-21T23:53:27,095|[TRACE] BasicBinder - binding parameter [1] as [VARCHAR] - [Herman]
2021-11-21T23:53:27,095|[TRACE] Loader - Bound [2] parameters total
2021-11-21T23:53:27,095|[TRACE] ResourceRegistryStandardImpl - Registering result set [com.mysql.cj.jdbc.result.ResultSetImpl@a6204e4]
2021-11-21T23:53:27,095|[TRACE] Loader - Processing result set
2021-11-21T23:53:27,096|[DEBUG] Loader - Result set row: 0
2021-11-21T23:53:27,096|[TRACE] BasicExtractor - extracted value ([id1_5_] : [INTEGER]) - [1]
2021-11-21T23:53:27,096|[DEBUG] Loader - Result row: EntityKey[bloodbank.entity.Person#1]
2021-11-21T23:53:27,096|[TRACE] Loader - Initializing object from ResultSet: [bloodbank.entity.Person#1]
2021-11-21T23:53:27,096|[TRACE] AbstractEntityPersister - Hydrating entity: [bloodbank.entity.Person#1]
2021-11-21T23:53:27,096|[TRACE] BasicExtractor - extracted value ([created2_5_] : [BIGINT]) - [1637556807088]
2021-11-21T23:53:27,096|[TRACE] BasicExtractor - extracted value ([updated3_5_] : [BIGINT]) - [1637556807066]
2021-11-21T23:53:27,096|[TRACE] BasicExtractor - extracted value ([version4_5_] : [INTEGER]) - [1]
2021-11-21T23:53:27,096|[TRACE] BasicExtractor - extracted value ([first_na5_5_] : [VARCHAR]) - [Herman]
2021-11-21T23:53:27,096|[TRACE] BasicExtractor - extracted value ([last_nam6_5_] : [VARCHAR]) - [Rivera]
2021-11-21T23:53:27,096|[TRACE] TwoPhaseLoad - Version: 1
2021-11-21T23:53:27,096|[TRACE] Loader - Done processing result set (1 rows)
2021-11-21T23:53:27,096|[TRACE] Loader - Total objects hydrated: 1
2021-11-21T23:53:27,096|[DEBUG] TwoPhaseLoad - Resolving attributes for [bloodbank.entity.Person#1]
2021-11-21T23:53:27,096|[DEBUG] TwoPhaseLoad - Processing attribute `epochCreated` : value = 1637556807088
2021-11-21T23:53:27,096|[DEBUG] TwoPhaseLoad - Attribute (`epochCreated`)  - enhanced for lazy-loading? - false
2021-11-21T23:53:27,096|[DEBUG] TwoPhaseLoad - Processing attribute `epochUpdated` : value = 1637556807066
2021-11-21T23:53:27,096|[DEBUG] TwoPhaseLoad - Attribute (`epochUpdated`)  - enhanced for lazy-loading? - false
2021-11-21T23:53:27,096|[DEBUG] TwoPhaseLoad - Processing attribute `version` : value = 1
2021-11-21T23:53:27,096|[DEBUG] TwoPhaseLoad - Attribute (`version`)  - enhanced for lazy-loading? - false
2021-11-21T23:53:27,096|[DEBUG] TwoPhaseLoad - Processing attribute `contacts` : value = NOT NULL COLLECTION
2021-11-21T23:53:27,096|[DEBUG] TwoPhaseLoad - Attribute (`contacts`)  - enhanced for lazy-loading? - false
2021-11-21T23:53:27,096|[TRACE] CollectionType - Created collection wrapper: [bloodbank.entity.Person.contacts#1]
2021-11-21T23:53:27,096|[DEBUG] TwoPhaseLoad - Processing attribute `donations` : value = NOT NULL COLLECTION
2021-11-21T23:53:27,096|[DEBUG] TwoPhaseLoad - Attribute (`donations`)  - enhanced for lazy-loading? - false
2021-11-21T23:53:27,096|[TRACE] CollectionType - Created collection wrapper: [bloodbank.entity.Person.donations#1]
2021-11-21T23:53:27,096|[DEBUG] TwoPhaseLoad - Processing attribute `firstName` : value = Herman
2021-11-21T23:53:27,096|[DEBUG] TwoPhaseLoad - Attribute (`firstName`)  - enhanced for lazy-loading? - false
2021-11-21T23:53:27,096|[DEBUG] TwoPhaseLoad - Processing attribute `lastName` : value = Rivera
2021-11-21T23:53:27,096|[DEBUG] TwoPhaseLoad - Attribute (`lastName`)  - enhanced for lazy-loading? - false
2021-11-21T23:53:27,096|[DEBUG] TwoPhaseLoad - Done materializing entity [bloodbank.entity.Person#1]
2021-11-21T23:53:27,096|[TRACE] ResourceRegistryStandardImpl - Releasing statement [com.mysql.cj.jdbc.ClientPreparedStatement: /* select generatedAlias0 from Person as generatedAlias0 where generatedAlias0.firstName=:firstName */ select person0_.id as id1_5_, person0_.created as created2_5_, person0_.updated as updated3_5_, person0_.version as version4_5_, person0_.first_name as first_na5_5_, person0_.last_name as last_nam6_5_ from person person0_ where person0_.first_name='Herman']
2021-11-21T23:53:27,096|[TRACE] ResourceRegistryStandardImpl - Closing result set [com.mysql.cj.jdbc.result.ResultSetImpl@a6204e4]
2021-11-21T23:53:27,096|[TRACE] ResourceRegistryStandardImpl - Closing prepared statement [com.mysql.cj.jdbc.ClientPreparedStatement: /* select generatedAlias0 from Person as generatedAlias0 where generatedAlias0.firstName=:firstName */ select person0_.id as id1_5_, person0_.created as created2_5_, person0_.updated as updated3_5_, person0_.version as version4_5_, person0_.first_name as first_na5_5_, person0_.last_name as last_nam6_5_ from person person0_ where person0_.first_name='Herman']
2021-11-21T23:53:27,096|[TRACE] JdbcCoordinatorImpl - Starting after statement execution processing [AFTER_TRANSACTION]
2021-11-21T23:53:27,096|[TRACE] StatefulPersistenceContext - Initializing non-lazy collections
2021-11-21T23:53:27,096|[TRACE] AbstractLogicalConnectionImplementor - LogicalConnection#afterTransaction
2021-11-21T23:53:27,096|[TRACE] ResourceRegistryStandardImpl - Releasing JDBC resources
2021-11-21T23:53:27,096|[DEBUG] LogicalConnectionManagedImpl - Initiating JDBC connection release from afterTransaction
2021-11-21T23:53:27,096|[TRACE] ResourceRegistryStandardImpl - Releasing JDBC resources
2021-11-21T23:53:27,096|[DEBUG] TransactionImpl - begin
2021-11-21T23:53:27,097|[TRACE] AbstractLogicalConnectionImplementor - Preparing to begin transaction via JDBC Connection.setAutoCommit(false)
2021-11-21T23:53:27,097|[TRACE] AbstractLogicalConnectionImplementor - Transaction begun via JDBC Connection.setAutoCommit(false)
2021-11-21T23:53:27,097|[TRACE] JdbcResourceLocalTransactionCoordinatorImpl - ResourceLocalTransactionCoordinatorImpl#afterBeginCallback
2021-11-21T23:53:27,097|[TRACE] DefaultDeleteEventListener - Deleting a persistent instance
2021-11-21T23:53:27,097|[TRACE] DefaultDeleteEventListener - Deleting [bloodbank.entity.Person#1]
2021-11-21T23:53:27,097|[TRACE] Cascade - Processing cascade ACTION_DELETE for: bloodbank.entity.Person
2021-11-21T23:53:27,097|[TRACE] Cascade - Done processing cascade ACTION_DELETE for: bloodbank.entity.Person
2021-11-21T23:53:27,097|[TRACE] Cascade - Processing cascade ACTION_DELETE for: bloodbank.entity.Person
2021-11-21T23:53:27,097|[TRACE] Cascade - Done processing cascade ACTION_DELETE for: bloodbank.entity.Person
2021-11-21T23:53:27,097|[DEBUG] TransactionImpl - committing
2021-11-21T23:53:27,097|[TRACE] JdbcResourceLocalTransactionCoordinatorImpl - ResourceLocalTransactionCoordinatorImpl#beforeCompletionCallback
2021-11-21T23:53:27,097|[TRACE] SessionImpl - SessionImpl#beforeTransactionCompletion()
2021-11-21T23:53:27,097|[TRACE] SessionImpl - Automatically flushing session
2021-11-21T23:53:27,097|[TRACE] AbstractFlushingEventListener - Flushing session
2021-11-21T23:53:27,097|[DEBUG] AbstractFlushingEventListener - Processing flush-time cascades
2021-11-21T23:53:27,097|[DEBUG] AbstractFlushingEventListener - Dirty checking collections
2021-11-21T23:53:27,097|[TRACE] AbstractFlushingEventListener - Flushing entities and processing referenced collections
2021-11-21T23:53:27,097|[TRACE] AbstractFlushingEventListener - Processing unreferenced collections
2021-11-21T23:53:27,097|[DEBUG] Collections - Collection dereferenced: [bloodbank.entity.Person.contacts#1]
2021-11-21T23:53:27,097|[DEBUG] Collections - Collection dereferenced: [bloodbank.entity.Person.donations#1]
2021-11-21T23:53:27,097|[TRACE] AbstractFlushingEventListener - Scheduling collection removes/(re)creates/updates
2021-11-21T23:53:27,097|[DEBUG] AbstractFlushingEventListener - Flushed: 0 insertions, 0 updates, 1 deletions to 1 objects
2021-11-21T23:53:27,097|[DEBUG] AbstractFlushingEventListener - Flushed: 0 (re)creations, 0 updates, 2 removals to 2 collections
2021-11-21T23:53:27,097|[DEBUG] EntityPrinter - Listing entities:
2021-11-21T23:53:27,097|[DEBUG] EntityPrinter - bloodbank.entity.Person{firstName=Herman, lastName=Rivera, donations=<uninitialized>, id=1, epochCreated=1637556807088, version=1, contacts=<uninitialized>, epochUpdated=1637556807066}
2021-11-21T23:53:27,097|[TRACE] AbstractFlushingEventListener - Executing flush
2021-11-21T23:53:27,097|[TRACE] AbstractEntityPersister - Deleting entity: [bloodbank.entity.Person#1]
2021-11-21T23:53:27,097|[TRACE] AbstractEntityPersister - Version: 1
2021-11-21T23:53:27,097|[TRACE] AbstractServiceRegistryImpl - Initializing service [role=org.hibernate.engine.jdbc.batch.spi.BatchBuilder]
2021-11-21T23:53:27,097|[TRACE] JdbcCoordinatorImpl - Starting after statement execution processing [AFTER_TRANSACTION]
2021-11-21T23:53:27,098|[DEBUG] SQL - 
    /* delete bloodbank.entity.Person */ delete 
        from
            person 
        where
            id=? 
            and version=?
2021-11-21T23:53:27,098|[TRACE] ResourceRegistryStandardImpl - Registering statement [com.mysql.cj.jdbc.ClientPreparedStatement: /* delete bloodbank.entity.Person */ delete from person where id=** NOT SPECIFIED ** and version=** NOT SPECIFIED **]
2021-11-21T23:53:27,098|[TRACE] BasicBinder - binding parameter [1] as [INTEGER] - [1]
2021-11-21T23:53:27,098|[TRACE] BasicBinder - binding parameter [2] as [INTEGER] - [1]
2021-11-21T23:53:27,098|[TRACE] ResourceRegistryStandardImpl - Releasing statement [com.mysql.cj.jdbc.ClientPreparedStatement: /* delete bloodbank.entity.Person */ delete from person where id=1 and version=1]
2021-11-21T23:53:27,098|[TRACE] ResourceRegistryStandardImpl - Closing prepared statement [com.mysql.cj.jdbc.ClientPreparedStatement: /* delete bloodbank.entity.Person */ delete from person where id=1 and version=1]
2021-11-21T23:53:27,098|[TRACE] JdbcCoordinatorImpl - Starting after statement execution processing [AFTER_TRANSACTION]
2021-11-21T23:53:27,098|[TRACE] JdbcCoordinatorImpl - Starting after statement execution processing [AFTER_TRANSACTION]
2021-11-21T23:53:27,098|[TRACE] JdbcCoordinatorImpl - Starting after statement execution processing [AFTER_TRANSACTION]
2021-11-21T23:53:27,098|[TRACE] AbstractFlushingEventListener - Post flush
2021-11-21T23:53:27,098|[TRACE] AbstractLogicalConnectionImplementor - LogicalConnection#beforeTransactionCompletion
2021-11-21T23:53:27,098|[TRACE] SynchronizationRegistryStandardImpl - SynchronizationRegistryStandardImpl.notifySynchronizationsBeforeTransactionCompletion
2021-11-21T23:53:27,098|[TRACE] AbstractLogicalConnectionImplementor - Preparing to commit transaction via JDBC Connection.commit()
2021-11-21T23:53:27,101|[TRACE] AbstractLogicalConnectionImplementor - Transaction committed via JDBC Connection.commit()
2021-11-21T23:53:27,101|[TRACE] AbstractLogicalConnectionImplementor - LogicalConnection#afterTransaction
2021-11-21T23:53:27,101|[TRACE] ResourceRegistryStandardImpl - Releasing JDBC resources
2021-11-21T23:53:27,101|[TRACE] JdbcCoordinatorImpl - Starting after statement execution processing [AFTER_TRANSACTION]
2021-11-21T23:53:27,101|[DEBUG] LogicalConnectionManagedImpl - Initiating JDBC connection release from afterTransaction
2021-11-21T23:53:27,101|[TRACE] ResourceRegistryStandardImpl - Releasing JDBC resources
2021-11-21T23:53:27,101|[TRACE] JdbcCoordinatorImpl - Starting after statement execution processing [AFTER_TRANSACTION]
2021-11-21T23:53:27,101|[TRACE] JdbcResourceLocalTransactionCoordinatorImpl - ResourceLocalTransactionCoordinatorImpl#afterCompletionCallback(true)
2021-11-21T23:53:27,101|[TRACE] SynchronizationRegistryStandardImpl - SynchronizationRegistryStandardImpl.notifySynchronizationsAfterTransactionCompletion(3)
2021-11-21T23:53:27,101|[TRACE] AbstractLogicalConnectionImplementor - LogicalConnection#afterTransaction
2021-11-21T23:53:27,101|[TRACE] ResourceRegistryStandardImpl - Releasing JDBC resources
2021-11-21T23:53:27,101|[TRACE] JdbcCoordinatorImpl - Starting after statement execution processing [AFTER_TRANSACTION]
2021-11-21T23:53:27,101|[DEBUG] LogicalConnectionManagedImpl - Initiating JDBC connection release from afterTransaction
2021-11-21T23:53:27,101|[TRACE] SessionImpl - SessionImpl#afterTransactionCompletion(successful=true, delayed=false)
2021-11-21T23:53:27,101|[DEBUG] CriteriaQueryImpl - Rendered criteria query -> select count(generatedAlias0) from Person as generatedAlias0
2021-11-21T23:53:27,101|[TRACE] QueryPlanCache - Located HQL query plan in cache (select count(generatedAlias0) from Person as generatedAlias0)
2021-11-21T23:53:27,101|[TRACE] QueryPlanCache - Located HQL query plan in cache (select count(generatedAlias0) from Person as generatedAlias0)
2021-11-21T23:53:27,101|[TRACE] QueryPlanCache - Located HQL query plan in cache (select count(generatedAlias0) from Person as generatedAlias0)
2021-11-21T23:53:27,101|[TRACE] HQLQueryPlan - Find: select count(generatedAlias0) from Person as generatedAlias0
2021-11-21T23:53:27,101|[TRACE] QueryParameters - Named parameters: {}
2021-11-21T23:53:27,102|[DEBUG] SQL - 
    /* select
        count(generatedAlias0) 
    from
        Person as generatedAlias0 */ select
            count(person0_.id) as col_0_0_ 
        from
            person person0_
2021-11-21T23:53:27,102|[TRACE] ResourceRegistryStandardImpl - Registering statement [com.mysql.cj.jdbc.ClientPreparedStatement: /* select count(generatedAlias0) from Person as generatedAlias0 */ select count(person0_.id) as col_0_0_ from person person0_]
2021-11-21T23:53:27,102|[TRACE] JdbcCoordinatorImpl - Registering last query statement [com.mysql.cj.jdbc.ClientPreparedStatement: /* select count(generatedAlias0) from Person as generatedAlias0 */ select count(person0_.id) as col_0_0_ from person person0_]
2021-11-21T23:53:27,102|[TRACE] Loader - Bound [1] parameters total
2021-11-21T23:53:27,102|[TRACE] ResourceRegistryStandardImpl - Registering result set [com.mysql.cj.jdbc.result.ResultSetImpl@7535307c]
2021-11-21T23:53:27,102|[TRACE] Loader - Processing result set
2021-11-21T23:53:27,102|[DEBUG] Loader - Result set row: 0
2021-11-21T23:53:27,102|[DEBUG] Loader - Result row: 
2021-11-21T23:53:27,102|[TRACE] BasicExtractor - extracted value ([col_0_0_] : [BIGINT]) - [0]
2021-11-21T23:53:27,102|[TRACE] Loader - Done processing result set (1 rows)
2021-11-21T23:53:27,102|[TRACE] ResourceRegistryStandardImpl - Releasing statement [com.mysql.cj.jdbc.ClientPreparedStatement: /* select count(generatedAlias0) from Person as generatedAlias0 */ select count(person0_.id) as col_0_0_ from person person0_]
2021-11-21T23:53:27,102|[TRACE] ResourceRegistryStandardImpl - Closing result set [com.mysql.cj.jdbc.result.ResultSetImpl@7535307c]
2021-11-21T23:53:27,102|[TRACE] ResourceRegistryStandardImpl - Closing prepared statement [com.mysql.cj.jdbc.ClientPreparedStatement: /* select count(generatedAlias0) from Person as generatedAlias0 */ select count(person0_.id) as col_0_0_ from person person0_]
2021-11-21T23:53:27,102|[TRACE] JdbcCoordinatorImpl - Starting after statement execution processing [AFTER_TRANSACTION]
2021-11-21T23:53:27,102|[TRACE] StatefulPersistenceContext - Initializing non-lazy collections
2021-11-21T23:53:27,102|[TRACE] AbstractLogicalConnectionImplementor - LogicalConnection#afterTransaction
2021-11-21T23:53:27,102|[TRACE] ResourceRegistryStandardImpl - Releasing JDBC resources
2021-11-21T23:53:27,102|[TRACE] JdbcCoordinatorImpl - Starting after statement execution processing [AFTER_TRANSACTION]
2021-11-21T23:53:27,102|[DEBUG] LogicalConnectionManagedImpl - Initiating JDBC connection release from afterTransaction
2021-11-21T23:53:27,102|[TRACE] ResourceRegistryStandardImpl - Releasing JDBC resources
2021-11-21T23:53:27,103|[TRACE] JdbcCoordinatorImpl - Starting after statement execution processing [AFTER_TRANSACTION]
2021-11-21T23:53:27,103|[TRACE] SessionImpl - Closing session [9cea1df7-1292-4d50-9996-c016de063543]
2021-11-21T23:53:27,103|[TRACE] JdbcCoordinatorImpl - Closing JDBC container [org.hibernate.engine.jdbc.internal.JdbcCoordinatorImpl@556a6320]
2021-11-21T23:53:27,103|[DEBUG] JdbcCoordinatorImpl - HHH000420: Closing un-released batch
2021-11-21T23:53:27,103|[TRACE] JdbcCoordinatorImpl - Starting after statement execution processing [AFTER_TRANSACTION]
2021-11-21T23:53:27,103|[TRACE] ResourceRegistryStandardImpl - Releasing JDBC resources
2021-11-21T23:53:27,103|[TRACE] JdbcCoordinatorImpl - Starting after statement execution processing [AFTER_TRANSACTION]
2021-11-21T23:53:27,103|[TRACE] LogicalConnectionManagedImpl - Closing logical connection
2021-11-21T23:53:27,103|[TRACE] LogicalConnectionManagedImpl - Logical connection closed
]]></system-out>
  </testcase>
</testsuite>